<?xml version="1.0" encoding="UTF-8"?>
<testsuite name="com.hivemq.helmcharts.services.HelmWebsocketsIT" tests="2" skipped="0" failures="0" errors="0" timestamp="2025-01-28T21:21:12" hostname="fv-az1674-746" time="210.101">
  <properties/>
  <testcase name="platformChart_whenMtlsWebsocketEnabledWithDifferentPrivateKey_thenSendsReceivesMessage(Path)" classname="com.hivemq.helmcharts.services.HelmWebsocketsIT" time="105.487">
    <system-out><![CDATA[2025-01-28 21:21:12,039 INFO c.h.h.t.HelmChartContainer - Creating namespace 'helmwebsocketsit-operator'...
2025-01-28 21:21:12,047 INFO c.h.h.t.HelmChartContainer - Namespace 'helmwebsocketsit-operator' created
2025-01-28 21:21:12,047 INFO c.h.h.t.HelmChartContainer - Creating namespace 'helmwebsocketsit'...
2025-01-28 21:21:12,066 INFO c.h.h.t.HelmChartContainer - Namespace 'helmwebsocketsit' created
2025-01-28 21:21:12,140 DEBUG c.h.h.t.HelmChartContainer - Executing helm command: /bin/helm --kubeconfig /etc/rancher/k3s/k3s.yaml install test-hivemq-platform-operator /charts/hivemq-platform-operator --wait --timeout 5m0s --set image.repository=docker.io/hivemq --set image.name=hivemq-platform-operator-test --set image.initImageName=hivemq-platform-operator-init-test --set image.tag=snapshot --set image.pullPolicy=Never --set logLevel=DEBUG --set resources.cpu=512m --namespace helmwebsocketsit-operator
2025-01-28 21:21:12,453 INFO c.h.h.t.HelmChartContainer - [K3S] [alloc.go:330] "allocated clusterIPs" service="helmwebsocketsit-operator/hivemq-platform-operator-test-hivemq-platform-operator" clusterIPs={"IPv4":"10.43.212.178"}
2025-01-28 21:21:12,469 INFO c.h.h.t.HelmChartContainer - [EVENT] Normal [ScalingReplicaSet] Scaled up replica set hivemq-test-hivemq-platform-operator-6966f96d65 from 0 to 1 [helmwebsocketsit-operator:hivemq-test-hivemq-platform-operator]
2025-01-28 21:21:12,474 INFO c.h.h.t.HelmChartContainer - [POD] hivemq-test-hivemq-platform-operator-6966f96d65-6nppn [74c7eec7-8877-4667-897c-343c339696c6] in helmwebsocketsit-operator was ADDED
2025-01-28 21:21:12,480 INFO c.h.h.t.HelmChartContainer - [EVENT] Normal [SuccessfulCreate] Created pod: hivemq-test-hivemq-platform-operator-6966f96d65-6nppn [helmwebsocketsit-operator:hivemq-test-hivemq-platform-operator-6966f96d65]
2025-01-28 21:21:12,482 INFO c.h.h.t.HelmChartContainer - [POD] hivemq-test-hivemq-platform-operator-6966f96d65-6nppn [74c7eec7-8877-4667-897c-343c339696c6] in helmwebsocketsit-operator was MODIFIED
2025-01-28 21:21:12,483 INFO c.h.h.t.HelmChartContainer - [K3S] [memory_manager.go:355] "RemoveStaleState removing state" podUID="42600588-b056-4169-857f-ef661b1ec2d4" containerName="hivemq-platform-operator"
2025-01-28 21:21:12,483 INFO c.h.h.t.HelmChartContainer - [K3S] [memory_manager.go:355] "RemoveStaleState removing state" podUID="d2eaae60-e146-4680-b3fb-35b10fa52365" containerName="hivemq"
2025-01-28 21:21:12,484 INFO c.h.h.t.HelmChartContainer - [K3S] [replica_set.go:679] "Finished syncing" kind="ReplicaSet" key="helmwebsocketsit-operator/hivemq-test-hivemq-platform-operator-6966f96d65" duration="18.915578ms"
2025-01-28 21:21:12,489 INFO c.h.h.t.HelmChartContainer - [EVENT] Normal [Scheduled] Successfully assigned helmwebsocketsit-operator/hivemq-test-hivemq-platform-operator-6966f96d65-6nppn to 9568d0334c51 [helmwebsocketsit-operator:hivemq-test-hivemq-platform-operator-6966f96d65-6nppn]
2025-01-28 21:21:12,491 INFO c.h.h.t.HelmChartContainer - [K3S] [replica_set.go:679] "Finished syncing" kind="ReplicaSet" key="helmwebsocketsit-operator/hivemq-test-hivemq-platform-operator-6966f96d65" duration="6.760954ms"
2025-01-28 21:21:12,491 INFO c.h.h.t.HelmChartContainer - [K3S] [replica_set.go:679] "Finished syncing" kind="ReplicaSet" key="helmwebsocketsit-operator/hivemq-test-hivemq-platform-operator-6966f96d65" duration="39.063µs"
2025-01-28 21:21:12,496 INFO c.h.h.t.HelmChartContainer - [POD] hivemq-test-hivemq-platform-operator-6966f96d65-6nppn [74c7eec7-8877-4667-897c-343c339696c6] in helmwebsocketsit-operator was MODIFIED
2025-01-28 21:21:12,496 INFO c.h.h.t.HelmChartContainer - [K3S] [replica_set.go:679] "Finished syncing" kind="ReplicaSet" key="helmwebsocketsit-operator/hivemq-test-hivemq-platform-operator-6966f96d65" duration="33.192µs"
2025-01-28 21:21:12,662 INFO c.h.h.t.HelmChartContainer - [K3S] [reconciler_common.go:251] "operationExecutor.VerifyControllerAttachedVolume started for volume \"kube-api-access-696hz\" (UniqueName: \"kubernetes.io/projected/74c7eec7-8877-4667-897c-343c339696c6-kube-api-access-696hz\") pod \"hivemq-test-hivemq-platform-operator-6966f96d65-6nppn\" (UID: \"74c7eec7-8877-4667-897c-343c339696c6\") " pod="helmwebsocketsit-operator/hivemq-test-hivemq-platform-operator-6966f96d65-6nppn"
2025-01-28 21:21:12,877 INFO c.h.h.t.HelmChartContainer - [EVENT] Normal [Pulled] Container image "docker.io/hivemq/hivemq-platform-operator-test:snapshot" already present on machine [helmwebsocketsit-operator:hivemq-test-hivemq-platform-operator-6966f96d65-6nppn]
2025-01-28 21:21:12,877 INFO c.h.h.t.HelmChartContainer - Received Pulled event for container hivemq-platform-operator in pod hivemq-test-hivemq-platform-operator-6966f96d65-6nppn [74c7eec7-8877-4667-897c-343c339696c6]
2025-01-28 21:21:14,148 INFO c.h.h.t.HelmChartContainer - [EVENT] Normal [Created] Created container: hivemq-platform-operator [helmwebsocketsit-operator:hivemq-test-hivemq-platform-operator-6966f96d65-6nppn]
2025-01-28 21:21:14,148 INFO c.h.h.t.HelmChartContainer - Received Created event for container hivemq-platform-operator in pod hivemq-test-hivemq-platform-operator-6966f96d65-6nppn [74c7eec7-8877-4667-897c-343c339696c6]
2025-01-28 21:21:14,902 INFO c.h.h.t.HelmChartContainer - [POD] hivemq-test-hivemq-platform-operator-6966f96d65-6nppn [74c7eec7-8877-4667-897c-343c339696c6] in helmwebsocketsit-operator was MODIFIED
2025-01-28 21:21:14,903 INFO c.h.h.t.HelmChartContainer - [K3S] [replica_set.go:679] "Finished syncing" kind="ReplicaSet" key="helmwebsocketsit-operator/hivemq-test-hivemq-platform-operator-6966f96d65" duration="47.419µs"
2025-01-28 21:21:14,916 INFO c.h.h.t.HelmChartContainer - Started log watcher for hivemq-platform-operator in pod hivemq-test-hivemq-platform-operator-6966f96d65-6nppn [74c7eec7-8877-4667-897c-343c339696c6]
2025-01-28 21:21:14,916 INFO c.h.h.t.HelmChartContainer - [EVENT] Normal [Started] Started container hivemq-platform-operator [helmwebsocketsit-operator:hivemq-test-hivemq-platform-operator-6966f96d65-6nppn]
2025-01-28 21:21:14,916 INFO c.h.h.t.HelmChartContainer - [hivemq-test-hivemq-platform] [hivemq-platform-operator] [74c7eec7] -------------------------------------------------------------------------
2025-01-28 21:21:14,916 INFO c.h.h.t.HelmChartContainer - [hivemq-test-hivemq-platform] [hivemq-platform-operator] [74c7eec7] 
2025-01-28 21:21:14,916 INFO c.h.h.t.HelmChartContainer - [hivemq-test-hivemq-platform] [hivemq-platform-operator] [74c7eec7]                   _    _  _              __  __   ____
2025-01-28 21:21:14,916 INFO c.h.h.t.HelmChartContainer - [hivemq-test-hivemq-platform] [hivemq-platform-operator] [74c7eec7]                  | |  | |(_)            |  \/  | / __ \
2025-01-28 21:21:14,916 INFO c.h.h.t.HelmChartContainer - Received Started event for container hivemq-platform-operator in pod hivemq-test-hivemq-platform-operator-6966f96d65-6nppn [74c7eec7-8877-4667-897c-343c339696c6]
2025-01-28 21:21:14,917 INFO c.h.h.t.HelmChartContainer - [hivemq-test-hivemq-platform] [hivemq-platform-operator] [74c7eec7]                  | |__| | _ __   __ ___ | \  / || |  | |
2025-01-28 21:21:14,917 INFO c.h.h.t.HelmChartContainer - [hivemq-test-hivemq-platform] [hivemq-platform-operator] [74c7eec7]                  |  __  || |\ \ / // _ \| |\/| || |  | |
2025-01-28 21:21:14,917 INFO c.h.h.t.HelmChartContainer - [hivemq-test-hivemq-platform] [hivemq-platform-operator] [74c7eec7]                  | |  | || | \ V /|  __/| |  | || |__| |
2025-01-28 21:21:14,917 INFO c.h.h.t.HelmChartContainer - [hivemq-test-hivemq-platform] [hivemq-platform-operator] [74c7eec7]                  |_|  |_||_|  \_/  \___||_|  |_| \___\_\
2025-01-28 21:21:14,917 INFO c.h.h.t.HelmChartContainer - [hivemq-test-hivemq-platform] [hivemq-platform-operator] [74c7eec7] 
2025-01-28 21:21:14,917 INFO c.h.h.t.HelmChartContainer - [hivemq-test-hivemq-platform] [hivemq-platform-operator] [74c7eec7] -------------------------------------------------------------------------
2025-01-28 21:21:14,917 INFO c.h.h.t.HelmChartContainer - [hivemq-test-hivemq-platform] [hivemq-platform-operator] [74c7eec7] 
2025-01-28 21:21:14,917 INFO c.h.h.t.HelmChartContainer - [hivemq-test-hivemq-platform] [hivemq-platform-operator] [74c7eec7]   HiveMQ Platform Operator Start Script v1.0
2025-01-28 21:21:14,917 INFO c.h.h.t.HelmChartContainer - [hivemq-test-hivemq-platform] [hivemq-platform-operator] [74c7eec7] 
2025-01-28 21:21:14,917 INFO c.h.h.t.HelmChartContainer - [hivemq-test-hivemq-platform] [hivemq-platform-operator] [74c7eec7] -------------------------------------------------------------------------
2025-01-28 21:21:14,917 INFO c.h.h.t.HelmChartContainer - [hivemq-test-hivemq-platform] [hivemq-platform-operator] [74c7eec7] 
2025-01-28 21:21:14,917 INFO c.h.h.t.HelmChartContainer - [hivemq-test-hivemq-platform] [hivemq-platform-operator] [74c7eec7]   JAVA_OPTS: -XX:+UnlockExperimentalVMOptions -XX:InitialRAMPercentage=75 -XX:MaxRAMPercentage=75 -Duser.language=en -Duser.region=US
2025-01-28 21:21:14,917 INFO c.h.h.t.HelmChartContainer - [hivemq-test-hivemq-platform] [hivemq-platform-operator] [74c7eec7] 
2025-01-28 21:21:14,917 INFO c.h.h.t.HelmChartContainer - [hivemq-test-hivemq-platform] [hivemq-platform-operator] [74c7eec7]   JAVA_VERSION: 21
2025-01-28 21:21:14,917 INFO c.h.h.t.HelmChartContainer - [hivemq-test-hivemq-platform] [hivemq-platform-operator] [74c7eec7] 
2025-01-28 21:21:14,917 INFO c.h.h.t.HelmChartContainer - [hivemq-test-hivemq-platform] [hivemq-platform-operator] [74c7eec7] -------------------------------------------------------------------------
2025-01-28 21:21:14,917 INFO c.h.h.t.HelmChartContainer - [hivemq-test-hivemq-platform] [hivemq-platform-operator] [74c7eec7] 
2025-01-28 21:21:17,684 INFO c.h.h.t.HelmChartContainer - [hivemq-test-hivemq-platform] [hivemq-platform-operator] [74c7eec7] 21:21:17.682 [main] DEBUG org.jboss.logging - Logging Provider: org.jboss.logging.Slf4jLoggerProvider
2025-01-28 21:21:17,789 INFO c.h.h.t.HelmChartContainer - [hivemq-test-hivemq-platform] [hivemq-platform-operator] [74c7eec7] 21:21:17.788 [main] DEBUG io.smallrye.config - SRCFG01006: Loaded ConfigSource SysPropConfigSource with ordinal 400
2025-01-28 21:21:17,790 INFO c.h.h.t.HelmChartContainer - [hivemq-test-hivemq-platform] [hivemq-platform-operator] [74c7eec7] 21:21:17.788 [main] DEBUG io.smallrye.config - SRCFG01006: Loaded ConfigSource EnvConfigSource with ordinal 300
2025-01-28 21:21:17,791 INFO c.h.h.t.HelmChartContainer - [hivemq-test-hivemq-platform] [hivemq-platform-operator] [74c7eec7] 21:21:17.788 [main] DEBUG io.smallrye.config - SRCFG01006: Loaded ConfigSource PropertiesConfigSource[source=jar:file:///opt/hivemq-platform-operator/bin/hivemq-platform-operator.jar!/hivemq-platform-operator.properties] with ordinal 100
2025-01-28 21:21:17,791 INFO c.h.h.t.HelmChartContainer - [hivemq-test-hivemq-platform] [hivemq-platform-operator] [74c7eec7] 21:21:17.788 [main] DEBUG io.smallrye.config - SRCFG01006: Loaded ConfigSource DefaultValuesConfigSource with ordinal -2147483648
2025-01-28 21:21:17,896 INFO c.h.h.t.HelmChartContainer - [hivemq-test-hivemq-platform] [hivemq-platform-operator] [74c7eec7] 21:21:17.896 [main] DEBUG i.m.c.u.i.l.InternalLoggerFactory - Using SLF4J as the default logging framework
2025-01-28 21:21:18,082 INFO c.h.h.t.HelmChartContainer - [hivemq-test-hivemq-platform] [hivemq-platform-operator] [74c7eec7] 21:21:18.029 [main] INFO  c.h.p.o.HiveMQPlatformOperatorApplication - HiveMQ Platform Operator 1.7.0-SNAPSHOT (commit: bebf408 on branch: HEAD) built on Sun Jan 26 20:47:47 UTC 2025
2025-01-28 21:21:18,082 INFO c.h.h.t.HelmChartContainer - [hivemq-test-hivemq-platform] [hivemq-platform-operator] [74c7eec7] 21:21:18.081 [main] INFO  c.h.p.o.HiveMQPlatformOperatorApplication - HiveMQ Platform Operator is running in namespace: helmwebsocketsit-operator
2025-01-28 21:21:18,082 INFO c.h.h.t.HelmChartContainer - [hivemq-test-hivemq-platform] [hivemq-platform-operator] [74c7eec7] 21:21:18.081 [main] INFO  c.h.p.o.HiveMQPlatformOperatorApplication - Watching all namespaces
2025-01-28 21:21:18,082 INFO c.h.h.t.HelmChartContainer - [hivemq-test-hivemq-platform] [hivemq-platform-operator] [74c7eec7] 21:21:18.081 [main] INFO  c.h.p.o.HiveMQPlatformOperatorApplication - Log level: DEBUG
2025-01-28 21:21:18,083 INFO c.h.h.t.HelmChartContainer - [hivemq-test-hivemq-platform] [hivemq-platform-operator] [74c7eec7] 21:21:18.081 [main] INFO  c.h.p.o.HiveMQPlatformOperatorApplication - Release name: test-hivemq-platform-operator
2025-01-28 21:21:18,084 INFO c.h.h.t.HelmChartContainer - [hivemq-test-hivemq-platform] [hivemq-platform-operator] [74c7eec7] 21:21:18.081 [main] INFO  c.h.p.o.HiveMQPlatformOperatorApplication - HiveMQ Platform Operator Init image: docker.io/hivemq/hivemq-platform-operator-init-test:snapshot
2025-01-28 21:21:18,084 INFO c.h.h.t.HelmChartContainer - [hivemq-test-hivemq-platform] [hivemq-platform-operator] [74c7eec7] 21:21:18.081 [main] INFO  c.h.p.o.HiveMQPlatformOperatorApplication - HiveMQ Platform Operator Init App update URL: http://hivemq-platform-operator-test-hivemq-platform-operator.helmwebsocketsit-operator.svc:8080/initAppUpdate/hivemq-platform-operator-init-app-1.7.0-SNAPSHOT.jar
2025-01-28 21:21:18,084 INFO c.h.h.t.HelmChartContainer - [hivemq-test-hivemq-platform] [hivemq-platform-operator] [74c7eec7] 21:21:18.081 [main] INFO  c.h.p.o.HiveMQPlatformOperatorApplication - Additional imagePullSecret for all Platform deployments: none
2025-01-28 21:21:18,084 INFO c.h.h.t.HelmChartContainer - [hivemq-test-hivemq-platform] [hivemq-platform-operator] [74c7eec7] 21:21:18.081 [main] INFO  c.h.p.o.HiveMQPlatformOperatorApplication - Apply HiveMQ Platform CRD: true
2025-01-28 21:21:18,084 INFO c.h.h.t.HelmChartContainer - [hivemq-test-hivemq-platform] [hivemq-platform-operator] [74c7eec7] 21:21:18.081 [main] INFO  c.h.p.o.HiveMQPlatformOperatorApplication - Create Platform ServiceAccount: true
2025-01-28 21:21:18,084 INFO c.h.h.t.HelmChartContainer - [hivemq-test-hivemq-platform] [hivemq-platform-operator] [74c7eec7] 21:21:18.081 [main] INFO  c.h.p.o.HiveMQPlatformOperatorApplication - Create Platform ServiceAccount permissions: true
2025-01-28 21:21:18,084 INFO c.h.h.t.HelmChartContainer - [hivemq-test-hivemq-platform] [hivemq-platform-operator] [74c7eec7] 21:21:18.081 [main] INFO  c.h.p.o.HiveMQPlatformOperatorApplication - Validate Platform ServiceAccount: true
2025-01-28 21:21:18,084 INFO c.h.h.t.HelmChartContainer - [hivemq-test-hivemq-platform] [hivemq-platform-operator] [74c7eec7] 21:21:18.081 [main] INFO  c.h.p.o.HiveMQPlatformOperatorApplication - Validate Platform ServiceAccount permissions: true
2025-01-28 21:21:18,201 INFO c.h.h.t.HelmChartContainer - [hivemq-test-hivemq-platform] [hivemq-platform-operator] [74c7eec7] 21:21:18.200 [main] INFO  c.h.platform.operator.util.CRDUtil - Verifying deployed HiveMQ Platform CRD...
2025-01-28 21:21:20,931 INFO c.h.h.t.HelmChartContainer - [hivemq-test-hivemq-platform] [hivemq-platform-operator] [74c7eec7] 21:21:20.929 [main] DEBUG c.h.platform.operator.util.CRDUtil - HiveMQ Platform CRD version v1 is up to date
2025-01-28 21:21:20,931 INFO c.h.h.t.HelmChartContainer - [hivemq-test-hivemq-platform] [hivemq-platform-operator] [74c7eec7] 21:21:20.930 [main] INFO  c.h.platform.operator.util.CRDUtil - HiveMQ Platform CRD is up to date (version: V1_6_0)
2025-01-28 21:21:20,931 INFO c.h.h.t.HelmChartContainer - [hivemq-test-hivemq-platform] [hivemq-platform-operator] [74c7eec7] 21:21:20.930 [main] INFO  c.h.platform.operator.util.CRDUtil - Waiting 10000 ms for HiveMQ Platform CRD 'hivemq-platforms.hivemq.com' to become ready...
2025-01-28 21:21:21,191 INFO c.h.h.t.HelmChartContainer - [hivemq-test-hivemq-platform] [hivemq-platform-operator] [74c7eec7] 21:21:21.189 [vert.x-eventloop-thread-1] DEBUG c.h.platform.operator.util.CRDUtil - Checking CRD condition 'NamesAccepted' (status: 'True')
2025-01-28 21:21:21,192 INFO c.h.h.t.HelmChartContainer - [hivemq-test-hivemq-platform] [hivemq-platform-operator] [74c7eec7] 21:21:21.189 [vert.x-eventloop-thread-1] DEBUG c.h.platform.operator.util.CRDUtil - Checking CRD condition 'Established' (status: 'True')
2025-01-28 21:21:21,192 INFO c.h.h.t.HelmChartContainer - [hivemq-test-hivemq-platform] [hivemq-platform-operator] [74c7eec7] 21:21:21.190 [main] INFO  c.h.platform.operator.util.CRDUtil - HiveMQ Platform CRD 'hivemq-platforms.hivemq.com' is ready
2025-01-28 21:21:21,386 INFO c.h.h.t.HelmChartContainer - [hivemq-test-hivemq-platform] [hivemq-platform-operator] [74c7eec7] 21:21:21.385 [main] INFO  c.h.p.o.HiveMQPlatformReconciler - HiveMQ Platform Operator is starting...
2025-01-28 21:21:21,481 INFO c.h.h.t.HelmChartContainer - [hivemq-test-hivemq-platform] [hivemq-platform-operator] [74c7eec7] 21:21:21.479 [main] WARN  Default ConfigurationService implementation - Configuration for reconciler 'hivemq-controller' was not found. Known reconcilers: None.
2025-01-28 21:21:21,490 INFO c.h.h.t.HelmChartContainer - [hivemq-test-hivemq-platform] [hivemq-platform-operator] [74c7eec7] 21:21:21.489 [main] INFO  Default ConfigurationService implementation - Created configuration for reconciler com.hivemq.platform.operator.HiveMQPlatformReconciler with name hivemq-controller
2025-01-28 21:21:21,630 INFO c.h.h.t.HelmChartContainer - [hivemq-test-hivemq-platform] [hivemq-platform-operator] [74c7eec7] 21:21:21.629 [main] DEBUG c.h.p.o.HiveMQPlatformReconciler - HiveMQ Platform Operator is preparing EventSources
2025-01-28 21:21:21,690 INFO c.h.h.t.HelmChartContainer - [hivemq-test-hivemq-platform] [hivemq-platform-operator] [74c7eec7] 21:21:21.689 [main] INFO  i.javaoperatorsdk.operator.Operator - Registered reconciler: 'hivemq-controller' for resource: 'class com.hivemq.platform.operator.v1.HiveMQPlatform' for namespace(s): [all namespaces]
2025-01-28 21:21:22,284 INFO c.h.h.t.HelmChartContainer - [hivemq-test-hivemq-platform] [hivemq-platform-operator] [74c7eec7] 21:21:22.283 [main] INFO  c.h.p.operator.webserver.JettyServer - Starting Jetty server on port 8080
2025-01-28 21:21:22,330 INFO c.h.h.t.HelmChartContainer - [hivemq-test-hivemq-platform] [hivemq-platform-operator] [74c7eec7] 21:21:22.329 [main] INFO  i.javaoperatorsdk.operator.Operator - Operator SDK 4.9.7 (commit: 2133d28) built on Wed Nov 20 12:56:20 UTC 2024 starting...
2025-01-28 21:21:22,330 INFO c.h.h.t.HelmChartContainer - [hivemq-test-hivemq-platform] [hivemq-platform-operator] [74c7eec7] 21:21:22.329 [main] INFO  i.javaoperatorsdk.operator.Operator - Client version: 6.13.4
2025-01-28 21:21:22,331 INFO c.h.h.t.HelmChartContainer - [hivemq-test-hivemq-platform] [hivemq-platform-operator] [74c7eec7] 21:21:22.331 [Controller Starter for: hivemq-controller] INFO  i.j.operator.processing.Controller - Starting 'hivemq-controller' controller for reconciler: com.hivemq.platform.operator.HiveMQPlatformReconciler, resource: com.hivemq.platform.operator.v1.HiveMQPlatform
2025-01-28 21:21:24,688 INFO c.h.h.t.HelmChartContainer - [hivemq-test-hivemq-platform] [hivemq-platform-operator] [74c7eec7] 21:21:24.688 [Controller Starter for: hivemq-controller] INFO  i.j.operator.processing.Controller - 'hivemq-controller' controller started
2025-01-28 21:21:24,689 INFO c.h.h.t.HelmChartContainer - [hivemq-test-hivemq-platform] [hivemq-platform-operator] [74c7eec7] 21:21:24.688 [main] INFO  c.h.p.o.HiveMQPlatformOperatorApplication - HiveMQ Platform Operator 1.7.0-SNAPSHOT started in 6658 ms
2025-01-28 21:21:25,903 INFO c.h.h.t.HelmChartContainer - [POD] hivemq-test-hivemq-platform-operator-6966f96d65-6nppn [74c7eec7-8877-4667-897c-343c339696c6] in helmwebsocketsit-operator was MODIFIED
2025-01-28 21:21:25,911 INFO c.h.h.t.HelmChartContainer - [K3S] [replica_set.go:679] "Finished syncing" kind="ReplicaSet" key="helmwebsocketsit-operator/hivemq-test-hivemq-platform-operator-6966f96d65" duration="8.947022ms"
2025-01-28 21:21:25,912 INFO c.h.h.t.HelmChartContainer - [K3S] [replica_set.go:679] "Finished syncing" kind="ReplicaSet" key="helmwebsocketsit-operator/hivemq-test-hivemq-platform-operator-6966f96d65" duration="40.095µs"
2025-01-28 21:21:26,951 DEBUG c.h.helmcharts.util.CertificatesUtil - .+.......+...........+.+......+...+++++++++++++++++++++++++++++++++++++++++++++++++++++++++++++++++*......+..+++++++++++++++++++++++++++++++++++++++++++++++++++++++++++++++++*...+..................+.+......+..+.+......+.....................+.....+.........+...+......+.......+...+...........+....+...............+......+.........+...........+...............+.+++++++++++++++++++++++++++++++++++++++++++++++++++++++++++++++++
2025-01-28 21:21:27,028 DEBUG c.h.helmcharts.util.CertificatesUtil - ........+.....+......+++++++++++++++++++++++++++++++++++++++++++++++++++++++++++++++++*.+.........+++++++++++++++++++++++++++++++++++++++++++++++++++++++++++++++++*...+........+.......+..+......+.+.....+.........+.+...+........+.......+..+.+...+..+...+.........+..........+..+.........+.+.........+......+......+..+............+.........+.+...+...+.....+...+.......+........+.........+...+....+.....+.........+.+...+......+.....+.+++++++++++++++++++++++++++++++++++++++++++++++++++++++++++++++++
2025-01-28 21:21:27,031 DEBUG c.h.helmcharts.util.CertificatesUtil - -----
2025-01-28 21:21:27,057 DEBUG c.h.helmcharts.util.CertificatesUtil - Certificate request self-signature ok
2025-01-28 21:21:27,057 DEBUG c.h.helmcharts.util.CertificatesUtil - subject=C = CA, CN = secure-service-platform.default.svc
2025-01-28 21:21:27,061 DEBUG c.h.helmcharts.util.CertificatesUtil - >> Generating keystore and truststore files
2025-01-28 21:21:27,296 DEBUG c.h.helmcharts.util.CertificatesUtil - Importing keystore key.pkcs12 to keystore.jks...
2025-01-28 21:21:27,484 DEBUG c.h.helmcharts.util.CertificatesUtil - Entry for alias 1 successfully imported.
2025-01-28 21:21:27,492 DEBUG c.h.helmcharts.util.CertificatesUtil - Import command completed:  1 entries successfully imported, 0 entries failed or cancelled
2025-01-28 21:21:27,493 DEBUG c.h.helmcharts.util.CertificatesUtil - 
2025-01-28 21:21:27,493 DEBUG c.h.helmcharts.util.CertificatesUtil - Warning:
2025-01-28 21:21:27,493 DEBUG c.h.helmcharts.util.CertificatesUtil - The JKS keystore uses a proprietary format. It is recommended to migrate to PKCS12 which is an industry standard format using "keytool -importkeystore -srckeystore keystore.jks -destkeystore keystore.jks -deststoretype pkcs12".
2025-01-28 21:21:27,794 DEBUG c.h.helmcharts.util.CertificatesUtil - Certificate stored in file <secure-service-platform.pem>
2025-01-28 21:21:28,027 DEBUG c.h.helmcharts.util.CertificatesUtil - Certificate was added to keystore
2025-01-28 21:21:28,494 DEBUG c.h.helmcharts.util.CertificatesUtil - Certificate was added to keystore
2025-01-28 21:21:28,889 DEBUG c.h.helmcharts.util.CertificatesUtil - >> Create client certificates
2025-01-28 21:21:28,949 DEBUG c.h.helmcharts.util.CertificatesUtil - ...........+.+++++++++++++++++++++++++++++++++++++++++++++++++++++++++++++++++*...+....+...........+......+.+..+.+......+........+...+...+.......+++++++++++++++++++++++++++++++++++++++++++++++++++++++++++++++++*.........+...+...........+.......+........+....+.................+.+.....+...+......+....+..+.......+..+...+.......+...+......+......+.....+...+.......+++++++++++++++++++++++++++++++++++++++++++++++++++++++++++++++++
2025-01-28 21:21:29,004 DEBUG c.h.helmcharts.util.CertificatesUtil - ...+.....+....+.....+.+.....+.........+....+...............+..+....+.........+..+...+...+...+.......+..+.+......+...+..+.+........+.+.....+......+++++++++++++++++++++++++++++++++++++++++++++++++++++++++++++++++*.............+..+......+.......+.....+.........+..........+.....+....+..+...+....+...+............+++++++++++++++++++++++++++++++++++++++++++++++++++++++++++++++++*...+.....+............+...+.............+..+............+......+....+......+.....+......+.+.......................+......+.+...+...........+.+...+..+.............+++++++++++++++++++++++++++++++++++++++++++++++++++++++++++++++++
2025-01-28 21:21:29,007 DEBUG c.h.helmcharts.util.CertificatesUtil - -----
2025-01-28 21:21:29,034 DEBUG c.h.helmcharts.util.CertificatesUtil - >> Import the certificates
2025-01-28 21:21:29,333 DEBUG c.h.helmcharts.util.CertificatesUtil - Certificate was added to keystore
2025-01-28 21:21:29,524 DEBUG c.h.h.t.HelmChartContainer - Executing helm command: /bin/helm --kubeconfig /etc/rancher/k3s/k3s.yaml install test-hivemq-platform /charts/hivemq-platform --wait --timeout 5m0s --set image.repository=docker.io/hivemq --set image.tag=4.36.0 --set image.pullPolicy=Never --set nodes.resources.cpu=512m -f /files/tls-ws-with-private-key-values.yaml --namespace helmwebsocketsit
2025-01-28 21:21:29,845 INFO c.h.h.t.HelmChartContainer - [hivemq-test-hivemq-platform] [hivemq-platform-operator] [74c7eec7] 21:21:29.836 [-373097727-pool-1-thread-3] WARN  i.m.p.PrometheusMeterRegistry - The meter (MeterId{name='operator.sdk.events.received', tags=[tag(action=ADDED),tag(event=ResourceEvent),tag(group=hivemq.com),tag(kind=HiveMQPlatform),tag(name=test-hivemq-platform),tag(namespace=helmwebsocketsit),tag(scope=namespace),tag(version=v1)]}) registration has failed: Prometheus requires that all meters with the same name have the same set of tag keys. There is already an existing meter named 'operator.sdk.events.received' containing tag keys [event, group, kind, name, namespace, scope, version]. The meter you are attempting to register has keys [action, event, group, kind, name, namespace, scope, version]. Note that subsequent logs will be logged at debug level.
2025-01-28 21:21:30,334 INFO c.h.h.t.HelmChartContainer - [hivemq-test-hivemq-platform] [hivemq-platform-operator] [74c7eec7] 21:21:30.332 [pool-6-thread-3] DEBUG c.h.p.o.dependants.PodInfoConfigMap - [helmwebs] Desired PodInfo ConfigMap (1 extensions) (1 enabled)
2025-01-28 21:21:30,334 INFO c.h.h.t.HelmChartContainer - [hivemq-test-hivemq-platform] [hivemq-platform-operator] [74c7eec7] 21:21:30.332 [pool-6-thread-3] DEBUG c.h.p.o.dependants.PodInfoConfigMap - [helmwebs] Desired PodInfo ConfigMap (metrics port: 9399) (metrics path: /)
2025-01-28 21:21:30,334 INFO c.h.h.t.HelmChartContainer - [hivemq-test-hivemq-platform] [hivemq-platform-operator] [74c7eec7] 21:21:30.332 [pool-6-thread-3] DEBUG c.h.p.o.dependants.PodInfoConfigMap - [helmwebs] Desired PodInfo ConfigMap (extension state hash: -1817474005)
2025-01-28 21:21:30,336 INFO c.h.h.t.HelmChartContainer - [hivemq-test-hivemq-platform] [hivemq-platform-operator] [74c7eec7] 21:21:30.335 [pool-6-thread-3] DEBUG c.h.p.o.dependants.PodInfoConfigMap - [helmwebs] Create PodInfo ConfigMap
2025-01-28 21:21:30,434 INFO c.h.h.t.HelmChartContainer - [hivemq-test-hivemq-platform] [hivemq-platform-operator] [74c7eec7] 21:21:30.433 [pool-6-thread-5] DEBUG c.h.p.o.dependants.PodRoleResource - [helmwebs] Create Role: Role(apiVersion=rbac.authorization.k8s.io/v1, kind=Role, metadata=ObjectMeta(annotations={meta.helm.sh/release-name=test-hivemq-platform, meta.helm.sh/release-namespace=helmwebsocketsit}, creationTimestamp=null, deletionGracePeriodSeconds=null, deletionTimestamp=null, finalizers=[], generateName=null, generation=null, labels={helm.sh/chart=hivemq-platform-0.2.32, app.kubernetes.io/managed-by=Helm, app.kubernetes.io/name=hivemq-platform, hivemq-platform=test-hivemq-platform, app.kubernetes.io/instance=test-hivemq-platform, app.kubernetes.io/version=4.36.0}, managedFields=[], name=hivemq-platform-role-test-hivemq-platform, namespace=helmwebsocketsit, ownerReferences=[OwnerReference(apiVersion=hivemq.com/v1, blockOwnerDeletion=null, controller=null, kind=HiveMQPlatform, name=test-hivemq-platform, uid=24de2f3f-bf10-4e60-9294-f5be0c97ebcb, additionalProperties={})], resourceVersion=null, selfLink=null, uid=null, additionalProperties={}), rules=[PolicyRule(apiGroups=[], nonResourceURLs=[], resourceNames=[], resources=[pods], verbs=[get, patch, update], additionalProperties={})], additionalProperties={})
2025-01-28 21:21:30,538 INFO c.h.h.t.HelmChartContainer - [hivemq-test-hivemq-platform] [hivemq-platform-operator] [74c7eec7] 21:21:30.537 [pool-6-thread-7] DEBUG c.h.p.o.d.PodServiceAccountResource - [helmwebs] Desired PodServiceAccountResource (serviceAccountName: hivemq-platform-pod-test-hivemq-platform)
2025-01-28 21:21:30,541 INFO c.h.h.t.HelmChartContainer - [hivemq-test-hivemq-platform] [hivemq-platform-operator] [74c7eec7] 21:21:30.538 [pool-6-thread-7] DEBUG c.h.p.o.d.PodServiceAccountResource - [helmwebs] Create ServiceAccount 'hivemq-platform-pod-test-hivemq-platform'
2025-01-28 21:21:30,644 INFO c.h.h.t.HelmChartContainer - [hivemq-test-hivemq-platform] [hivemq-platform-operator] [74c7eec7] 21:21:30.642 [pool-6-thread-10] DEBUG c.h.p.o.d.PodRoleBindingResource - [helmwebs] Create RoleBinding: RoleBinding(apiVersion=rbac.authorization.k8s.io/v1, kind=RoleBinding, metadata=ObjectMeta(annotations={meta.helm.sh/release-name=test-hivemq-platform, meta.helm.sh/release-namespace=helmwebsocketsit}, creationTimestamp=null, deletionGracePeriodSeconds=null, deletionTimestamp=null, finalizers=[], generateName=null, generation=null, labels={helm.sh/chart=hivemq-platform-0.2.32, app.kubernetes.io/managed-by=Helm, app.kubernetes.io/name=hivemq-platform, hivemq-platform=test-hivemq-platform, app.kubernetes.io/instance=test-hivemq-platform, app.kubernetes.io/version=4.36.0}, managedFields=[], name=hivemq-platform-role-binding-test-hivemq-platform, namespace=helmwebsocketsit, ownerReferences=[OwnerReference(apiVersion=hivemq.com/v1, blockOwnerDeletion=null, controller=null, kind=HiveMQPlatform, name=test-hivemq-platform, uid=24de2f3f-bf10-4e60-9294-f5be0c97ebcb, additionalProperties={})], resourceVersion=null, selfLink=null, uid=null, additionalProperties={}), roleRef=RoleRef(apiGroup=rbac.authorization.k8s.io, kind=Role, name=hivemq-platform-role-test-hivemq-platform, additionalProperties={}), subjects=[Subject(apiGroup=null, kind=ServiceAccount, name=hivemq-platform-pod-test-hivemq-platform, namespace=helmwebsocketsit, additionalProperties={})], additionalProperties={})
2025-01-28 21:21:30,748 INFO c.h.h.t.HelmChartContainer - [hivemq-test-hivemq-platform] [hivemq-platform-operator] [74c7eec7] 21:21:30.746 [ReconcilerExecutor-hivemq-controller-55] INFO  c.h.p.o.HiveMQPlatformReconciler - [helmwebs] Reconciling HiveMQ Platform 'test-hivemq-platform' in namespace 'helmwebsocketsit'
2025-01-28 21:21:30,748 INFO c.h.h.t.HelmChartContainer - [hivemq-test-hivemq-platform] [hivemq-platform-operator] [74c7eec7] 21:21:30.747 [ReconcilerExecutor-hivemq-controller-55] DEBUG c.h.p.o.HiveMQPlatformReconciler - [helmwebs] Custom Resource Status CREATED - HiveMQ Platform was created (READY)
2025-01-28 21:21:30,749 INFO c.h.h.t.HelmChartContainer - [hivemq-test-hivemq-platform] [hivemq-platform-operator] [74c7eec7] 21:21:30.747 [ReconcilerExecutor-hivemq-controller-55] DEBUG c.h.p.o.HiveMQPlatformReconciler - [helmwebs] Custom Resource Spec (replicas: 1) (extensions: 1)
2025-01-28 21:21:30,831 INFO c.h.h.t.HelmChartContainer - [hivemq-test-hivemq-platform] [hivemq-platform-operator] [74c7eec7] 21:21:30.830 [ReconcilerExecutor-hivemq-controller-55] INFO  c.h.p.o.h.HiveMQPlatformReconcilerBaseHandler - [helmwebs] HiveMQ Platform is starting
2025-01-28 21:21:30,929 INFO c.h.h.t.HelmChartContainer - [hivemq-test-hivemq-platform] [hivemq-platform-operator] [74c7eec7] 21:21:30.855 [ReconcilerExecutor-hivemq-controller-55] DEBUG c.h.p.operator.event.EventSender - [helmwebs] Creating K8s event hivemq-platform-starting: [Start] HiveMQ Platform is starting
2025-01-28 21:21:30,938 INFO c.h.h.t.HelmChartContainer - [EVENT] Normal [Start] HiveMQ Platform is starting [helmwebsocketsit:test-hivemq-platform]
2025-01-28 21:21:30,944 INFO c.h.h.t.HelmChartContainer - [hivemq-test-hivemq-platform] [hivemq-platform-operator] [74c7eec7] 21:21:30.942 [ReconcilerExecutor-hivemq-controller-55] INFO  c.h.p.o.h.AbstractHiveMQReconcilerStateHandler - [helmwebs] Update HiveMQ Platform Status (CREATED [READY] -> STARTING [READY]): HiveMQ Platform is starting
2025-01-28 21:21:31,039 DEBUG com.hivemq.helmcharts.util.K8sUtil - Comparing actual state 'STARTING' and waiting for 'RUNNING'
2025-01-28 21:21:35,719 INFO c.h.h.t.HelmChartContainer - [K3S] [INFO] COMPACT compactRev=0 targetCompactRev=2 currentRev=1199
2025-01-28 21:21:35,720 INFO c.h.h.t.HelmChartContainer - [K3S] [INFO] COMPACT deleted 0 rows from 2 revisions in 434.033µs - compacted to 2/1199
2025-01-28 21:21:35,720 INFO c.h.h.t.HelmChartContainer - [K3S] [INFO] COMPACT compacted from 0 to 2 in 1 transactions over 1ms
2025-01-28 21:21:38,434 INFO c.h.h.t.HelmChartContainer - [K3S] [info.go:53] Couldn't collect info from any of the files in "/etc/machine-id,/var/lib/dbus/machine-id"
2025-01-28 21:21:41,051 INFO c.h.h.t.HelmChartContainer - [hivemq-test-hivemq-platform] [hivemq-platform-operator] [74c7eec7] 21:21:41.050 [pool-6-thread-12] DEBUG c.h.p.o.d.PlatformServiceResource - [helmwebs] Desired Platform services (4 services)
2025-01-28 21:21:41,053 INFO c.h.h.t.HelmChartContainer - [hivemq-test-hivemq-platform] [hivemq-platform-operator] [74c7eec7] 21:21:41.052 [pool-6-thread-13] DEBUG c.h.p.o.dependants.PodInfoConfigMap - [helmwebs] Desired PodInfo ConfigMap (1 extensions) (1 enabled)
2025-01-28 21:21:41,054 INFO c.h.h.t.HelmChartContainer - [hivemq-test-hivemq-platform] [hivemq-platform-operator] [74c7eec7] 21:21:41.052 [pool-6-thread-13] DEBUG c.h.p.o.dependants.PodInfoConfigMap - [helmwebs] Desired PodInfo ConfigMap (metrics port: 9399) (metrics path: /)
2025-01-28 21:21:41,054 INFO c.h.h.t.HelmChartContainer - [hivemq-test-hivemq-platform] [hivemq-platform-operator] [74c7eec7] 21:21:41.052 [pool-6-thread-13] DEBUG c.h.p.o.dependants.PodInfoConfigMap - [helmwebs] Desired PodInfo ConfigMap (extension state hash: -1817474005)
2025-01-28 21:21:41,057 INFO c.h.h.t.HelmChartContainer - [hivemq-test-hivemq-platform] [hivemq-platform-operator] [74c7eec7] 21:21:41.056 [pool-6-thread-17] DEBUG c.h.p.o.d.PodServiceAccountResource - [helmwebs] Desired PodServiceAccountResource (serviceAccountName: hivemq-platform-pod-test-hivemq-platform)
2025-01-28 21:21:41,060 INFO c.h.h.t.HelmChartContainer - [hivemq-test-hivemq-platform] [hivemq-platform-operator] [74c7eec7] 21:21:41.060 [pool-6-thread-13] DEBUG c.h.p.o.dependants.PodInfoConfigMap - [helmwebs] Update PodInfo ConfigMap
2025-01-28 21:21:41,138 INFO c.h.h.t.HelmChartContainer - [K3S] [alloc.go:330] "allocated clusterIPs" service="helmwebsocketsit/hivemq-test-hivemq-platform-metrics-9399" clusterIPs={"IPv4":"10.43.6.137"}
2025-01-28 21:21:41,158 INFO c.h.h.t.HelmChartContainer - [K3S] [alloc.go:330] "allocated clusterIPs" service="helmwebsocketsit/hivemq-test-hivemq-platform-ws-8004" clusterIPs={"IPv4":"10.43.157.61"}
2025-01-28 21:21:41,236 INFO c.h.h.t.HelmChartContainer - [K3S] [alloc.go:330] "allocated clusterIPs" service="helmwebsocketsit/hivemq-test-hivemq-platform-ws-8003" clusterIPs={"IPv4":"10.43.120.138"}
2025-01-28 21:21:41,250 INFO c.h.h.t.HelmChartContainer - [K3S] [alloc.go:330] "allocated clusterIPs" service="helmwebsocketsit/hivemq-test-hivemq-platform-ws-8002" clusterIPs={"IPv4":"10.43.246.189"}
2025-01-28 21:21:41,332 INFO c.h.h.t.HelmChartContainer - [hivemq-test-hivemq-platform] [hivemq-platform-operator] [74c7eec7] 21:21:41.330 [pool-6-thread-20] DEBUG c.h.p.o.d.StatefulSetResource - [helmwebs] Desired StatefulSet (1 replicas) for status STARTING (READY)
2025-01-28 21:21:41,344 INFO c.h.h.t.HelmChartContainer - [hivemq-test-hivemq-platform] [hivemq-platform-operator] [74c7eec7] 21:21:41.343 [pool-6-thread-20] DEBUG c.h.p.o.d.StatefulSetResource - [helmwebs] Create StatefulSet
2025-01-28 21:21:41,448 INFO c.h.h.t.HelmChartContainer - [hivemq-test-hivemq-platform] [hivemq-platform-operator] [74c7eec7] 21:21:41.445 [ReconcilerExecutor-hivemq-controller-66] INFO  c.h.p.o.HiveMQPlatformReconciler - [helmwebs] Reconciling HiveMQ Platform 'test-hivemq-platform' in namespace 'helmwebsocketsit'
2025-01-28 21:21:41,448 INFO c.h.h.t.HelmChartContainer - [hivemq-test-hivemq-platform] [hivemq-platform-operator] [74c7eec7] 21:21:41.446 [ReconcilerExecutor-hivemq-controller-66] DEBUG c.h.p.o.HiveMQPlatformReconciler - [helmwebs] Custom Resource Status STARTING - HiveMQ Platform is starting (READY)
2025-01-28 21:21:41,448 INFO c.h.h.t.HelmChartContainer - [hivemq-test-hivemq-platform] [hivemq-platform-operator] [74c7eec7] 21:21:41.446 [ReconcilerExecutor-hivemq-controller-66] DEBUG c.h.p.o.HiveMQPlatformReconciler - [helmwebs] Custom Resource Spec (replicas: 1) (extensions: 1)
2025-01-28 21:21:41,450 INFO c.h.h.t.HelmChartContainer - [hivemq-test-hivemq-platform] [hivemq-platform-operator] [74c7eec7] 21:21:41.449 [ReconcilerExecutor-hivemq-controller-66] DEBUG c.h.p.o.HiveMQPlatformReconciler - [helmwebs] StatefulSet Status (revision: null, replicas: 0, available: 0, ready: 0, current: 0, updated: 0)
2025-01-28 21:21:41,451 INFO c.h.h.t.HelmChartContainer - [hivemq-test-hivemq-platform] [hivemq-platform-operator] [74c7eec7] 21:21:41.449 [ReconcilerExecutor-hivemq-controller-66] DEBUG c.h.p.o.HiveMQPlatformReconciler - [helmwebs] StatefulSet Spec (replicas: 1, init containers: 1, containers: 1, volumes: 6)
2025-01-28 21:21:41,459 INFO c.h.h.t.HelmChartContainer - [POD] test-hivemq-platform-0 [b3bc62b5-6c2a-4628-be77-d0796112a449] in helmwebsocketsit was ADDED
2025-01-28 21:21:41,459 INFO c.h.h.t.HelmChartContainer - [EVENT] Normal [SuccessfulCreate] create Pod test-hivemq-platform-0 in StatefulSet test-hivemq-platform successful [helmwebsocketsit:test-hivemq-platform]
2025-01-28 21:21:41,467 INFO c.h.h.t.HelmChartContainer - [EVENT] Normal [Scheduled] Successfully assigned helmwebsocketsit/test-hivemq-platform-0 to 9568d0334c51 [helmwebsocketsit:test-hivemq-platform-0]
2025-01-28 21:21:41,468 INFO c.h.h.t.HelmChartContainer - [POD] test-hivemq-platform-0 [b3bc62b5-6c2a-4628-be77-d0796112a449] in helmwebsocketsit was MODIFIED
2025-01-28 21:21:41,479 INFO c.h.h.t.HelmChartContainer - [POD] test-hivemq-platform-0 [b3bc62b5-6c2a-4628-be77-d0796112a449] in helmwebsocketsit was MODIFIED
2025-01-28 21:21:41,532 INFO c.h.h.t.HelmChartContainer - [hivemq-test-hivemq-platform] [hivemq-platform-operator] [74c7eec7] 21:21:41.530 [ReconcilerExecutor-hivemq-controller-66] INFO  c.h.p.o.h.HiveMQPlatformReconcilerBaseHandler - [helmwebs] HiveMQ Platform is starting, 0 of 1 replicas are ready
2025-01-28 21:21:41,533 INFO c.h.h.t.HelmChartContainer - [K3S] [reconciler_common.go:251] "operationExecutor.VerifyControllerAttachedVolume started for volume \"broker-configuration\" (UniqueName: \"kubernetes.io/configmap/b3bc62b5-6c2a-4628-be77-d0796112a449-broker-configuration\") pod \"test-hivemq-platform-0\" (UID: \"b3bc62b5-6c2a-4628-be77-d0796112a449\") " pod="helmwebsocketsit/test-hivemq-platform-0"
2025-01-28 21:21:41,533 INFO c.h.h.t.HelmChartContainer - [K3S] [reconciler_common.go:251] "operationExecutor.VerifyControllerAttachedVolume started for volume \"pod-info\" (UniqueName: \"kubernetes.io/configmap/b3bc62b5-6c2a-4628-be77-d0796112a449-pod-info\") pod \"test-hivemq-platform-0\" (UID: \"b3bc62b5-6c2a-4628-be77-d0796112a449\") " pod="helmwebsocketsit/test-hivemq-platform-0"
2025-01-28 21:21:41,533 INFO c.h.h.t.HelmChartContainer - [K3S] [reconciler_common.go:251] "operationExecutor.VerifyControllerAttachedVolume started for volume \"operator-init\" (UniqueName: \"kubernetes.io/empty-dir/b3bc62b5-6c2a-4628-be77-d0796112a449-operator-init\") pod \"test-hivemq-platform-0\" (UID: \"b3bc62b5-6c2a-4628-be77-d0796112a449\") " pod="helmwebsocketsit/test-hivemq-platform-0"
2025-01-28 21:21:41,533 INFO c.h.h.t.HelmChartContainer - [K3S] [reconciler_common.go:251] "operationExecutor.VerifyControllerAttachedVolume started for volume \"ws-keystore-8003\" (UniqueName: \"kubernetes.io/secret/b3bc62b5-6c2a-4628-be77-d0796112a449-ws-keystore-8003\") pod \"test-hivemq-platform-0\" (UID: \"b3bc62b5-6c2a-4628-be77-d0796112a449\") " pod="helmwebsocketsit/test-hivemq-platform-0"
2025-01-28 21:21:41,533 INFO c.h.h.t.HelmChartContainer - [K3S] [reconciler_common.go:251] "operationExecutor.VerifyControllerAttachedVolume started for volume \"ws-keystore-8004\" (UniqueName: \"kubernetes.io/secret/b3bc62b5-6c2a-4628-be77-d0796112a449-ws-keystore-8004\") pod \"test-hivemq-platform-0\" (UID: \"b3bc62b5-6c2a-4628-be77-d0796112a449\") " pod="helmwebsocketsit/test-hivemq-platform-0"
2025-01-28 21:21:41,534 INFO c.h.h.t.HelmChartContainer - [K3S] [reconciler_common.go:251] "operationExecutor.VerifyControllerAttachedVolume started for volume \"ws-truststore-8004\" (UniqueName: \"kubernetes.io/secret/b3bc62b5-6c2a-4628-be77-d0796112a449-ws-truststore-8004\") pod \"test-hivemq-platform-0\" (UID: \"b3bc62b5-6c2a-4628-be77-d0796112a449\") " pod="helmwebsocketsit/test-hivemq-platform-0"
2025-01-28 21:21:41,534 INFO c.h.h.t.HelmChartContainer - [K3S] [reconciler_common.go:251] "operationExecutor.VerifyControllerAttachedVolume started for volume \"kube-api-access-z7l57\" (UniqueName: \"kubernetes.io/projected/b3bc62b5-6c2a-4628-be77-d0796112a449-kube-api-access-z7l57\") pod \"test-hivemq-platform-0\" (UID: \"b3bc62b5-6c2a-4628-be77-d0796112a449\") " pod="helmwebsocketsit/test-hivemq-platform-0"
2025-01-28 21:21:41,634 INFO c.h.h.t.HelmChartContainer - [hivemq-test-hivemq-platform] [hivemq-platform-operator] [74c7eec7] 21:21:41.630 [pool-6-thread-22] DEBUG c.h.p.o.d.PlatformServiceResource - [helmwebs] Desired Platform services (4 services)
2025-01-28 21:21:41,634 INFO c.h.h.t.HelmChartContainer - [hivemq-test-hivemq-platform] [hivemq-platform-operator] [74c7eec7] 21:21:41.630 [pool-6-thread-23] DEBUG c.h.p.o.dependants.PodInfoConfigMap - [helmwebs] Desired PodInfo ConfigMap (1 extensions) (1 enabled)
2025-01-28 21:21:41,634 INFO c.h.h.t.HelmChartContainer - [hivemq-test-hivemq-platform] [hivemq-platform-operator] [74c7eec7] 21:21:41.631 [pool-6-thread-23] DEBUG c.h.p.o.dependants.PodInfoConfigMap - [helmwebs] Desired PodInfo ConfigMap (metrics port: 9399) (metrics path: /)
2025-01-28 21:21:41,634 INFO c.h.h.t.HelmChartContainer - [hivemq-test-hivemq-platform] [hivemq-platform-operator] [74c7eec7] 21:21:41.631 [pool-6-thread-23] DEBUG c.h.p.o.dependants.PodInfoConfigMap - [helmwebs] Desired PodInfo ConfigMap (extension state hash: -1817474005)
2025-01-28 21:21:41,638 INFO c.h.h.t.HelmChartContainer - [hivemq-test-hivemq-platform] [hivemq-platform-operator] [74c7eec7] 21:21:41.635 [pool-6-thread-27] DEBUG c.h.p.o.d.PodServiceAccountResource - [helmwebs] Desired PodServiceAccountResource (serviceAccountName: hivemq-platform-pod-test-hivemq-platform)
2025-01-28 21:21:41,738 INFO c.h.h.t.HelmChartContainer - [hivemq-test-hivemq-platform] [hivemq-platform-operator] [74c7eec7] 21:21:41.737 [pool-6-thread-30] DEBUG c.h.p.o.d.StatefulSetResource - [helmwebs] Desired StatefulSet (1 replicas) for status STARTING (READY)
2025-01-28 21:21:41,746 INFO c.h.h.t.HelmChartContainer - [hivemq-test-hivemq-platform] [hivemq-platform-operator] [74c7eec7] 21:21:41.744 [ReconcilerExecutor-hivemq-controller-77] INFO  c.h.p.o.HiveMQPlatformReconciler - [helmwebs] Reconciling HiveMQ Platform 'test-hivemq-platform' in namespace 'helmwebsocketsit'
2025-01-28 21:21:41,746 INFO c.h.h.t.HelmChartContainer - [hivemq-test-hivemq-platform] [hivemq-platform-operator] [74c7eec7] 21:21:41.744 [ReconcilerExecutor-hivemq-controller-77] DEBUG c.h.p.o.HiveMQPlatformReconciler - [helmwebs] Custom Resource Status STARTING - HiveMQ Platform is starting (READY)
2025-01-28 21:21:41,746 INFO c.h.h.t.HelmChartContainer - [hivemq-test-hivemq-platform] [hivemq-platform-operator] [74c7eec7] 21:21:41.744 [ReconcilerExecutor-hivemq-controller-77] DEBUG c.h.p.o.HiveMQPlatformReconciler - [helmwebs] Custom Resource Spec (replicas: 1) (extensions: 1)
2025-01-28 21:21:41,833 INFO c.h.h.t.HelmChartContainer - [hivemq-test-hivemq-platform] [hivemq-platform-operator] [74c7eec7] 21:21:41.831 [ReconcilerExecutor-hivemq-controller-77] DEBUG c.h.p.o.HiveMQPlatformReconciler - [helmwebs] StatefulSet Status (revision: test-hivemq-platform-68f5b6bb46, replicas: 1, available: 0, ready: 0, current: 1, updated: 1)
2025-01-28 21:21:41,833 INFO c.h.h.t.HelmChartContainer - [hivemq-test-hivemq-platform] [hivemq-platform-operator] [74c7eec7] 21:21:41.832 [ReconcilerExecutor-hivemq-controller-77] DEBUG c.h.p.o.HiveMQPlatformReconciler - [helmwebs] StatefulSet Spec (replicas: 1, init containers: 1, containers: 1, volumes: 6)
2025-01-28 21:21:41,847 INFO c.h.h.t.HelmChartContainer - [hivemq-test-hivemq-platform] [hivemq-platform-operator] [74c7eec7] 21:21:41.846 [ReconcilerExecutor-hivemq-controller-77] DEBUG c.h.p.o.h.HiveMQPlatformReconcilerErrorHandler - [helmwebs] Pod 'test-hivemq-platform-0' phase Pending
2025-01-28 21:21:41,860 INFO c.h.h.t.HelmChartContainer - [EVENT] Normal [Pulled] Container image "docker.io/hivemq/hivemq-platform-operator-init-test:snapshot" already present on machine [helmwebsocketsit:test-hivemq-platform-0]
2025-01-28 21:21:41,930 INFO c.h.h.t.HelmChartContainer - [hivemq-test-hivemq-platform] [hivemq-platform-operator] [74c7eec7] 21:21:41.928 [ReconcilerExecutor-hivemq-controller-77] DEBUG c.h.p.o.h.HiveMQPlatformReconcilerErrorHandler - [helmwebs] Pod 'test-hivemq-platform-0' condition 'PodReadyToStartContainers': False
2025-01-28 21:21:41,930 INFO c.h.h.t.HelmChartContainer - [hivemq-test-hivemq-platform] [hivemq-platform-operator] [74c7eec7] 21:21:41.929 [ReconcilerExecutor-hivemq-controller-77] DEBUG c.h.p.o.h.HiveMQPlatformReconcilerErrorHandler - [helmwebs] Pod 'test-hivemq-platform-0' condition 'Initialized': False
2025-01-28 21:21:41,931 INFO c.h.h.t.HelmChartContainer - [hivemq-test-hivemq-platform] [hivemq-platform-operator] [74c7eec7] 21:21:41.929 [ReconcilerExecutor-hivemq-controller-77] DEBUG c.h.p.o.h.HiveMQPlatformReconcilerErrorHandler - [helmwebs] Pod 'test-hivemq-platform-0' condition 'Ready': False
2025-01-28 21:21:41,931 INFO c.h.h.t.HelmChartContainer - [hivemq-test-hivemq-platform] [hivemq-platform-operator] [74c7eec7] 21:21:41.929 [ReconcilerExecutor-hivemq-controller-77] DEBUG c.h.p.o.h.HiveMQPlatformReconcilerErrorHandler - [helmwebs] Pod 'test-hivemq-platform-0' condition 'ContainersReady': False
2025-01-28 21:21:41,931 INFO c.h.h.t.HelmChartContainer - [hivemq-test-hivemq-platform] [hivemq-platform-operator] [74c7eec7] 21:21:41.929 [ReconcilerExecutor-hivemq-controller-77] DEBUG c.h.p.o.h.HiveMQPlatformReconcilerErrorHandler - [helmwebs] Pod 'test-hivemq-platform-0' condition 'PodScheduled': True
2025-01-28 21:21:41,931 INFO c.h.h.t.HelmChartContainer - [hivemq-test-hivemq-platform] [hivemq-platform-operator] [74c7eec7] 21:21:41.929 [ReconcilerExecutor-hivemq-controller-77] DEBUG c.h.p.o.h.HiveMQPlatformReconcilerErrorHandler - [helmwebs] Pod 'test-hivemq-platform-0' containerStatus 'hivemq' (started: false) (ready: false) (waiting: [PodInitializing] null)
2025-01-28 21:21:41,935 INFO c.h.h.t.HelmChartContainer - [hivemq-test-hivemq-platform] [hivemq-platform-operator] [74c7eec7] 21:21:41.932 [ReconcilerExecutor-hivemq-controller-77] INFO  c.h.p.o.h.HiveMQPlatformReconcilerBaseHandler - [helmwebs] HiveMQ Platform is starting, 0 of 1 replicas are ready
2025-01-28 21:21:41,941 INFO c.h.h.t.HelmChartContainer - [hivemq-test-hivemq-platform] [hivemq-platform-operator] [74c7eec7] 21:21:41.939 [pool-6-thread-32] DEBUG c.h.p.o.d.PlatformServiceResource - [helmwebs] Desired Platform services (4 services)
2025-01-28 21:21:41,942 INFO c.h.h.t.HelmChartContainer - [hivemq-test-hivemq-platform] [hivemq-platform-operator] [74c7eec7] 21:21:41.940 [pool-6-thread-33] DEBUG c.h.p.o.dependants.PodInfoConfigMap - [helmwebs] Desired PodInfo ConfigMap (1 extensions) (1 enabled)
2025-01-28 21:21:41,943 INFO c.h.h.t.HelmChartContainer - [hivemq-test-hivemq-platform] [hivemq-platform-operator] [74c7eec7] 21:21:41.940 [pool-6-thread-33] DEBUG c.h.p.o.dependants.PodInfoConfigMap - [helmwebs] Desired PodInfo ConfigMap (metrics port: 9399) (metrics path: /)
2025-01-28 21:21:41,944 INFO c.h.h.t.HelmChartContainer - [hivemq-test-hivemq-platform] [hivemq-platform-operator] [74c7eec7] 21:21:41.940 [pool-6-thread-33] DEBUG c.h.p.o.dependants.PodInfoConfigMap - [helmwebs] Desired PodInfo ConfigMap (extension state hash: -1817474005)
2025-01-28 21:21:41,950 INFO c.h.h.t.HelmChartContainer - [hivemq-test-hivemq-platform] [hivemq-platform-operator] [74c7eec7] 21:21:41.946 [pool-6-thread-37] DEBUG c.h.p.o.d.PodServiceAccountResource - [helmwebs] Desired PodServiceAccountResource (serviceAccountName: hivemq-platform-pod-test-hivemq-platform)
2025-01-28 21:21:41,981 INFO c.h.h.t.HelmChartContainer - [EVENT] Normal [Created] Created container: hivemq-platform-operator-init [helmwebsocketsit:test-hivemq-platform-0]
2025-01-28 21:21:42,016 INFO c.h.h.t.HelmChartContainer - [EVENT] Normal [Started] Started container hivemq-platform-operator-init [helmwebsocketsit:test-hivemq-platform-0]
2025-01-28 21:21:42,039 INFO c.h.h.t.HelmChartContainer - [hivemq-test-hivemq-platform] [hivemq-platform-operator] [74c7eec7] 21:21:42.036 [pool-6-thread-40] DEBUG c.h.p.o.d.StatefulSetResource - [helmwebs] Desired StatefulSet (1 replicas) for status STARTING (READY)
2025-01-28 21:21:42,045 INFO c.h.h.t.HelmChartContainer - [hivemq-test-hivemq-platform] [hivemq-platform-operator] [74c7eec7] 21:21:42.042 [ReconcilerExecutor-hivemq-controller-88] INFO  c.h.p.o.HiveMQPlatformReconciler - [helmwebs] Reconciling HiveMQ Platform 'test-hivemq-platform' in namespace 'helmwebsocketsit'
2025-01-28 21:21:42,045 INFO c.h.h.t.HelmChartContainer - [hivemq-test-hivemq-platform] [hivemq-platform-operator] [74c7eec7] 21:21:42.042 [ReconcilerExecutor-hivemq-controller-88] DEBUG c.h.p.o.HiveMQPlatformReconciler - [helmwebs] Custom Resource Status STARTING - HiveMQ Platform is starting (READY)
2025-01-28 21:21:42,045 INFO c.h.h.t.HelmChartContainer - [hivemq-test-hivemq-platform] [hivemq-platform-operator] [74c7eec7] 21:21:42.042 [ReconcilerExecutor-hivemq-controller-88] DEBUG c.h.p.o.HiveMQPlatformReconciler - [helmwebs] Custom Resource Spec (replicas: 1) (extensions: 1)
2025-01-28 21:21:42,047 INFO c.h.h.t.HelmChartContainer - [hivemq-test-hivemq-platform] [hivemq-platform-operator] [74c7eec7] 21:21:42.046 [ReconcilerExecutor-hivemq-controller-88] DEBUG c.h.p.o.HiveMQPlatformReconciler - [helmwebs] StatefulSet Status (revision: test-hivemq-platform-68f5b6bb46, replicas: 1, available: 0, ready: 0, current: 1, updated: 1)
2025-01-28 21:21:42,048 INFO c.h.h.t.HelmChartContainer - [hivemq-test-hivemq-platform] [hivemq-platform-operator] [74c7eec7] 21:21:42.046 [ReconcilerExecutor-hivemq-controller-88] DEBUG c.h.p.o.HiveMQPlatformReconciler - [helmwebs] StatefulSet Spec (replicas: 1, init containers: 1, containers: 1, volumes: 6)
2025-01-28 21:21:42,137 INFO c.h.h.t.HelmChartContainer - [hivemq-test-hivemq-platform] [hivemq-platform-operator] [74c7eec7] 21:21:42.130 [ReconcilerExecutor-hivemq-controller-88] DEBUG c.h.p.o.h.HiveMQPlatformReconcilerErrorHandler - [helmwebs] Pod 'test-hivemq-platform-0' phase Pending
2025-01-28 21:21:42,137 INFO c.h.h.t.HelmChartContainer - [hivemq-test-hivemq-platform] [hivemq-platform-operator] [74c7eec7] 21:21:42.131 [ReconcilerExecutor-hivemq-controller-88] DEBUG c.h.p.o.h.HiveMQPlatformReconcilerErrorHandler - [helmwebs] Pod 'test-hivemq-platform-0' condition 'PodReadyToStartContainers': False
2025-01-28 21:21:42,137 INFO c.h.h.t.HelmChartContainer - [hivemq-test-hivemq-platform] [hivemq-platform-operator] [74c7eec7] 21:21:42.131 [ReconcilerExecutor-hivemq-controller-88] DEBUG c.h.p.o.h.HiveMQPlatformReconcilerErrorHandler - [helmwebs] Pod 'test-hivemq-platform-0' condition 'Initialized': False
2025-01-28 21:21:42,137 INFO c.h.h.t.HelmChartContainer - [hivemq-test-hivemq-platform] [hivemq-platform-operator] [74c7eec7] 21:21:42.131 [ReconcilerExecutor-hivemq-controller-88] DEBUG c.h.p.o.h.HiveMQPlatformReconcilerErrorHandler - [helmwebs] Pod 'test-hivemq-platform-0' condition 'Ready': False
2025-01-28 21:21:42,137 INFO c.h.h.t.HelmChartContainer - [hivemq-test-hivemq-platform] [hivemq-platform-operator] [74c7eec7] 21:21:42.131 [ReconcilerExecutor-hivemq-controller-88] DEBUG c.h.p.o.h.HiveMQPlatformReconcilerErrorHandler - [helmwebs] Pod 'test-hivemq-platform-0' condition 'ContainersReady': False
2025-01-28 21:21:42,137 INFO c.h.h.t.HelmChartContainer - [hivemq-test-hivemq-platform] [hivemq-platform-operator] [74c7eec7] 21:21:42.131 [ReconcilerExecutor-hivemq-controller-88] DEBUG c.h.p.o.h.HiveMQPlatformReconcilerErrorHandler - [helmwebs] Pod 'test-hivemq-platform-0' condition 'PodScheduled': True
2025-01-28 21:21:42,137 INFO c.h.h.t.HelmChartContainer - [hivemq-test-hivemq-platform] [hivemq-platform-operator] [74c7eec7] 21:21:42.131 [ReconcilerExecutor-hivemq-controller-88] DEBUG c.h.p.o.h.HiveMQPlatformReconcilerErrorHandler - [helmwebs] Pod 'test-hivemq-platform-0' containerStatus 'hivemq' (started: false) (ready: false) (waiting: [PodInitializing] null)
2025-01-28 21:21:42,137 INFO c.h.h.t.HelmChartContainer - [hivemq-test-hivemq-platform] [hivemq-platform-operator] [74c7eec7] 21:21:42.133 [ReconcilerExecutor-hivemq-controller-88] INFO  c.h.p.o.h.HiveMQPlatformReconcilerBaseHandler - [helmwebs] HiveMQ Platform is starting, 0 of 1 replicas are ready
2025-01-28 21:21:42,940 INFO c.h.h.t.HelmChartContainer - [POD] test-hivemq-platform-0 [b3bc62b5-6c2a-4628-be77-d0796112a449] in helmwebsocketsit was MODIFIED
2025-01-28 21:21:42,960 INFO c.h.h.t.HelmChartContainer - [hivemq-test-hivemq-platform] [hivemq-platform-operator] [74c7eec7] 21:21:42.954 [pool-6-thread-42] DEBUG c.h.p.o.d.PlatformServiceResource - [helmwebs] Desired Platform services (4 services)
2025-01-28 21:21:42,963 INFO c.h.h.t.HelmChartContainer - [hivemq-test-hivemq-platform] [hivemq-platform-operator] [74c7eec7] 21:21:42.957 [pool-6-thread-43] DEBUG c.h.p.o.dependants.PodInfoConfigMap - [helmwebs] Desired PodInfo ConfigMap (1 extensions) (1 enabled)
2025-01-28 21:21:42,963 INFO c.h.h.t.HelmChartContainer - [hivemq-test-hivemq-platform] [hivemq-platform-operator] [74c7eec7] 21:21:42.959 [pool-6-thread-43] DEBUG c.h.p.o.dependants.PodInfoConfigMap - [helmwebs] Desired PodInfo ConfigMap (metrics port: 9399) (metrics path: /)
2025-01-28 21:21:42,963 INFO c.h.h.t.HelmChartContainer - [hivemq-test-hivemq-platform] [hivemq-platform-operator] [74c7eec7] 21:21:42.959 [pool-6-thread-43] DEBUG c.h.p.o.dependants.PodInfoConfigMap - [helmwebs] Desired PodInfo ConfigMap (extension state hash: -1817474005)
2025-01-28 21:21:42,965 INFO c.h.h.t.HelmChartContainer - [hivemq-test-hivemq-platform] [hivemq-platform-operator] [74c7eec7] 21:21:42.964 [pool-6-thread-47] DEBUG c.h.p.o.d.PodServiceAccountResource - [helmwebs] Desired PodServiceAccountResource (serviceAccountName: hivemq-platform-pod-test-hivemq-platform)
2025-01-28 21:21:43,033 INFO c.h.h.t.HelmChartContainer - [hivemq-test-hivemq-platform] [hivemq-platform-operator] [74c7eec7] 21:21:43.031 [pool-6-thread-50] DEBUG c.h.p.o.d.StatefulSetResource - [helmwebs] Desired StatefulSet (1 replicas) for status STARTING (READY)
2025-01-28 21:21:43,038 INFO c.h.h.t.HelmChartContainer - [hivemq-test-hivemq-platform] [hivemq-platform-operator] [74c7eec7] 21:21:43.037 [ReconcilerExecutor-hivemq-controller-99] INFO  c.h.p.o.HiveMQPlatformReconciler - [helmwebs] Reconciling HiveMQ Platform 'test-hivemq-platform' in namespace 'helmwebsocketsit'
2025-01-28 21:21:43,038 INFO c.h.h.t.HelmChartContainer - [hivemq-test-hivemq-platform] [hivemq-platform-operator] [74c7eec7] 21:21:43.037 [ReconcilerExecutor-hivemq-controller-99] DEBUG c.h.p.o.HiveMQPlatformReconciler - [helmwebs] Custom Resource Status STARTING - HiveMQ Platform is starting (READY)
2025-01-28 21:21:43,038 INFO c.h.h.t.HelmChartContainer - [hivemq-test-hivemq-platform] [hivemq-platform-operator] [74c7eec7] 21:21:43.037 [ReconcilerExecutor-hivemq-controller-99] DEBUG c.h.p.o.HiveMQPlatformReconciler - [helmwebs] Custom Resource Spec (replicas: 1) (extensions: 1)
2025-01-28 21:21:43,040 INFO c.h.h.t.HelmChartContainer - [hivemq-test-hivemq-platform] [hivemq-platform-operator] [74c7eec7] 21:21:43.040 [ReconcilerExecutor-hivemq-controller-99] DEBUG c.h.p.o.HiveMQPlatformReconciler - [helmwebs] StatefulSet Status (revision: test-hivemq-platform-68f5b6bb46, replicas: 1, available: 0, ready: 0, current: 1, updated: 1)
2025-01-28 21:21:43,041 INFO c.h.h.t.HelmChartContainer - [hivemq-test-hivemq-platform] [hivemq-platform-operator] [74c7eec7] 21:21:43.040 [ReconcilerExecutor-hivemq-controller-99] DEBUG c.h.p.o.HiveMQPlatformReconciler - [helmwebs] StatefulSet Spec (replicas: 1, init containers: 1, containers: 1, volumes: 6)
2025-01-28 21:21:43,044 INFO c.h.h.t.HelmChartContainer - [hivemq-test-hivemq-platform] [hivemq-platform-operator] [74c7eec7] 21:21:43.043 [ReconcilerExecutor-hivemq-controller-99] DEBUG c.h.p.o.h.HiveMQPlatformReconcilerErrorHandler - [helmwebs] Pod 'test-hivemq-platform-0' phase Pending
2025-01-28 21:21:43,045 INFO c.h.h.t.HelmChartContainer - [hivemq-test-hivemq-platform] [hivemq-platform-operator] [74c7eec7] 21:21:43.044 [ReconcilerExecutor-hivemq-controller-99] DEBUG c.h.p.o.h.HiveMQPlatformReconcilerErrorHandler - [helmwebs] Pod 'test-hivemq-platform-0' condition 'PodReadyToStartContainers': True
2025-01-28 21:21:43,045 INFO c.h.h.t.HelmChartContainer - [hivemq-test-hivemq-platform] [hivemq-platform-operator] [74c7eec7] 21:21:43.044 [ReconcilerExecutor-hivemq-controller-99] DEBUG c.h.p.o.h.HiveMQPlatformReconcilerErrorHandler - [helmwebs] Pod 'test-hivemq-platform-0' condition 'Initialized': False
2025-01-28 21:21:43,045 INFO c.h.h.t.HelmChartContainer - [hivemq-test-hivemq-platform] [hivemq-platform-operator] [74c7eec7] 21:21:43.044 [ReconcilerExecutor-hivemq-controller-99] DEBUG c.h.p.o.h.HiveMQPlatformReconcilerErrorHandler - [helmwebs] Pod 'test-hivemq-platform-0' condition 'Ready': False
2025-01-28 21:21:43,045 INFO c.h.h.t.HelmChartContainer - [hivemq-test-hivemq-platform] [hivemq-platform-operator] [74c7eec7] 21:21:43.044 [ReconcilerExecutor-hivemq-controller-99] DEBUG c.h.p.o.h.HiveMQPlatformReconcilerErrorHandler - [helmwebs] Pod 'test-hivemq-platform-0' condition 'ContainersReady': False
2025-01-28 21:21:43,045 INFO c.h.h.t.HelmChartContainer - [hivemq-test-hivemq-platform] [hivemq-platform-operator] [74c7eec7] 21:21:43.044 [ReconcilerExecutor-hivemq-controller-99] DEBUG c.h.p.o.h.HiveMQPlatformReconcilerErrorHandler - [helmwebs] Pod 'test-hivemq-platform-0' condition 'PodScheduled': True
2025-01-28 21:21:43,045 INFO c.h.h.t.HelmChartContainer - [hivemq-test-hivemq-platform] [hivemq-platform-operator] [74c7eec7] 21:21:43.044 [ReconcilerExecutor-hivemq-controller-99] DEBUG c.h.p.o.h.HiveMQPlatformReconcilerErrorHandler - [helmwebs] Pod 'test-hivemq-platform-0' containerStatus 'hivemq' (started: false) (ready: false) (waiting: [PodInitializing] null)
2025-01-28 21:21:43,129 INFO c.h.h.t.HelmChartContainer - [hivemq-test-hivemq-platform] [hivemq-platform-operator] [74c7eec7] 21:21:43.128 [ReconcilerExecutor-hivemq-controller-99] INFO  c.h.p.o.h.HiveMQPlatformReconcilerBaseHandler - [helmwebs] HiveMQ Platform is starting, 0 of 1 replicas are ready
2025-01-28 21:21:43,934 INFO c.h.h.t.HelmChartContainer - [EVENT] Normal [Pulled] Container image "docker.io/hivemq/hivemq4:4.36.0" already present on machine [helmwebsocketsit:test-hivemq-platform-0]
2025-01-28 21:21:43,935 INFO c.h.h.t.HelmChartContainer - Received Pulled event for container hivemq in pod test-hivemq-platform-0 [b3bc62b5-6c2a-4628-be77-d0796112a449]
2025-01-28 21:21:43,948 INFO c.h.h.t.HelmChartContainer - [POD] test-hivemq-platform-0 [b3bc62b5-6c2a-4628-be77-d0796112a449] in helmwebsocketsit was MODIFIED
2025-01-28 21:21:43,956 INFO c.h.h.t.HelmChartContainer - [hivemq-test-hivemq-platform] [hivemq-platform-operator] [74c7eec7] 21:21:43.955 [pool-6-thread-8] DEBUG c.h.p.o.d.PlatformServiceResource - [helmwebs] Desired Platform services (4 services)
2025-01-28 21:21:43,962 INFO c.h.h.t.HelmChartContainer - [hivemq-test-hivemq-platform] [hivemq-platform-operator] [74c7eec7] 21:21:43.959 [pool-6-thread-5] DEBUG c.h.p.o.dependants.PodInfoConfigMap - [helmwebs] Desired PodInfo ConfigMap (1 extensions) (1 enabled)
2025-01-28 21:21:43,962 INFO c.h.h.t.HelmChartContainer - [hivemq-test-hivemq-platform] [hivemq-platform-operator] [74c7eec7] 21:21:43.959 [pool-6-thread-5] DEBUG c.h.p.o.dependants.PodInfoConfigMap - [helmwebs] Desired PodInfo ConfigMap (metrics port: 9399) (metrics path: /)
2025-01-28 21:21:43,964 INFO c.h.h.t.HelmChartContainer - [hivemq-test-hivemq-platform] [hivemq-platform-operator] [74c7eec7] 21:21:43.959 [pool-6-thread-5] DEBUG c.h.p.o.dependants.PodInfoConfigMap - [helmwebs] Desired PodInfo ConfigMap (extension state hash: -1817474005)
2025-01-28 21:21:43,964 INFO c.h.h.t.HelmChartContainer - [hivemq-test-hivemq-platform] [hivemq-platform-operator] [74c7eec7] 21:21:43.957 [pool-6-thread-1] DEBUG c.h.p.o.d.PodServiceAccountResource - [helmwebs] Desired PodServiceAccountResource (serviceAccountName: hivemq-platform-pod-test-hivemq-platform)
2025-01-28 21:21:44,035 INFO c.h.h.t.HelmChartContainer - [hivemq-test-hivemq-platform] [hivemq-platform-operator] [74c7eec7] 21:21:44.031 [pool-6-thread-8] DEBUG c.h.p.o.d.StatefulSetResource - [helmwebs] Desired StatefulSet (1 replicas) for status STARTING (READY)
2025-01-28 21:21:44,038 INFO c.h.h.t.HelmChartContainer - [hivemq-test-hivemq-platform] [hivemq-platform-operator] [74c7eec7] 21:21:44.037 [ReconcilerExecutor-hivemq-controller-110] INFO  c.h.p.o.HiveMQPlatformReconciler - [helmwebs] Reconciling HiveMQ Platform 'test-hivemq-platform' in namespace 'helmwebsocketsit'
2025-01-28 21:21:44,039 INFO c.h.h.t.HelmChartContainer - [hivemq-test-hivemq-platform] [hivemq-platform-operator] [74c7eec7] 21:21:44.037 [ReconcilerExecutor-hivemq-controller-110] DEBUG c.h.p.o.HiveMQPlatformReconciler - [helmwebs] Custom Resource Status STARTING - HiveMQ Platform is starting (READY)
2025-01-28 21:21:44,039 INFO c.h.h.t.HelmChartContainer - [hivemq-test-hivemq-platform] [hivemq-platform-operator] [74c7eec7] 21:21:44.037 [ReconcilerExecutor-hivemq-controller-110] DEBUG c.h.p.o.HiveMQPlatformReconciler - [helmwebs] Custom Resource Spec (replicas: 1) (extensions: 1)
2025-01-28 21:21:44,043 INFO c.h.h.t.HelmChartContainer - [hivemq-test-hivemq-platform] [hivemq-platform-operator] [74c7eec7] 21:21:44.041 [ReconcilerExecutor-hivemq-controller-110] DEBUG c.h.p.o.HiveMQPlatformReconciler - [helmwebs] StatefulSet Status (revision: test-hivemq-platform-68f5b6bb46, replicas: 1, available: 0, ready: 0, current: 1, updated: 1)
2025-01-28 21:21:44,044 INFO c.h.h.t.HelmChartContainer - [hivemq-test-hivemq-platform] [hivemq-platform-operator] [74c7eec7] 21:21:44.042 [ReconcilerExecutor-hivemq-controller-110] DEBUG c.h.p.o.HiveMQPlatformReconciler - [helmwebs] StatefulSet Spec (replicas: 1, init containers: 1, containers: 1, volumes: 6)
2025-01-28 21:21:44,048 INFO c.h.h.t.HelmChartContainer - [hivemq-test-hivemq-platform] [hivemq-platform-operator] [74c7eec7] 21:21:44.045 [ReconcilerExecutor-hivemq-controller-110] DEBUG c.h.p.o.h.HiveMQPlatformReconcilerErrorHandler - [helmwebs] Pod 'test-hivemq-platform-0' phase Pending
2025-01-28 21:21:44,049 INFO c.h.h.t.HelmChartContainer - [hivemq-test-hivemq-platform] [hivemq-platform-operator] [74c7eec7] 21:21:44.046 [ReconcilerExecutor-hivemq-controller-110] DEBUG c.h.p.o.h.HiveMQPlatformReconcilerErrorHandler - [helmwebs] Pod 'test-hivemq-platform-0' condition 'PodReadyToStartContainers': True
2025-01-28 21:21:44,049 INFO c.h.h.t.HelmChartContainer - [hivemq-test-hivemq-platform] [hivemq-platform-operator] [74c7eec7] 21:21:44.046 [ReconcilerExecutor-hivemq-controller-110] DEBUG c.h.p.o.h.HiveMQPlatformReconcilerErrorHandler - [helmwebs] Pod 'test-hivemq-platform-0' condition 'Initialized': True
2025-01-28 21:21:44,049 INFO c.h.h.t.HelmChartContainer - [hivemq-test-hivemq-platform] [hivemq-platform-operator] [74c7eec7] 21:21:44.046 [ReconcilerExecutor-hivemq-controller-110] DEBUG c.h.p.o.h.HiveMQPlatformReconcilerErrorHandler - [helmwebs] Pod 'test-hivemq-platform-0' condition 'Ready': False
2025-01-28 21:21:44,049 INFO c.h.h.t.HelmChartContainer - [hivemq-test-hivemq-platform] [hivemq-platform-operator] [74c7eec7] 21:21:44.046 [ReconcilerExecutor-hivemq-controller-110] DEBUG c.h.p.o.h.HiveMQPlatformReconcilerErrorHandler - [helmwebs] Pod 'test-hivemq-platform-0' condition 'ContainersReady': False
2025-01-28 21:21:44,049 INFO c.h.h.t.HelmChartContainer - [hivemq-test-hivemq-platform] [hivemq-platform-operator] [74c7eec7] 21:21:44.046 [ReconcilerExecutor-hivemq-controller-110] DEBUG c.h.p.o.h.HiveMQPlatformReconcilerErrorHandler - [helmwebs] Pod 'test-hivemq-platform-0' condition 'PodScheduled': True
2025-01-28 21:21:44,049 INFO c.h.h.t.HelmChartContainer - [hivemq-test-hivemq-platform] [hivemq-platform-operator] [74c7eec7] 21:21:44.046 [ReconcilerExecutor-hivemq-controller-110] DEBUG c.h.p.o.h.HiveMQPlatformReconcilerErrorHandler - [helmwebs] Pod 'test-hivemq-platform-0' containerStatus 'hivemq' (started: false) (ready: false) (waiting: [PodInitializing] null)
2025-01-28 21:21:44,049 INFO c.h.h.t.HelmChartContainer - [hivemq-test-hivemq-platform] [hivemq-platform-operator] [74c7eec7] 21:21:44.047 [ReconcilerExecutor-hivemq-controller-110] INFO  c.h.p.o.h.HiveMQPlatformReconcilerBaseHandler - [helmwebs] HiveMQ Platform is starting, 0 of 1 replicas are ready
2025-01-28 21:21:45,013 INFO c.h.h.t.HelmChartContainer - [EVENT] Normal [Created] Created container: hivemq [helmwebsocketsit:test-hivemq-platform-0]
2025-01-28 21:21:45,013 INFO c.h.h.t.HelmChartContainer - Received Created event for container hivemq in pod test-hivemq-platform-0 [b3bc62b5-6c2a-4628-be77-d0796112a449]
2025-01-28 21:21:45,947 INFO c.h.h.t.HelmChartContainer - [POD] test-hivemq-platform-0 [b3bc62b5-6c2a-4628-be77-d0796112a449] in helmwebsocketsit was MODIFIED
2025-01-28 21:21:45,957 INFO c.h.h.t.HelmChartContainer - [EVENT] Normal [Started] Started container hivemq [helmwebsocketsit:test-hivemq-platform-0]
2025-01-28 21:21:45,957 INFO c.h.h.t.HelmChartContainer - Received Started event for container hivemq in pod test-hivemq-platform-0 [b3bc62b5-6c2a-4628-be77-d0796112a449]
2025-01-28 21:21:45,957 INFO c.h.h.t.HelmChartContainer - Started log watcher for hivemq in pod test-hivemq-platform-0 [b3bc62b5-6c2a-4628-be77-d0796112a449]
2025-01-28 21:21:45,957 INFO c.h.h.t.HelmChartContainer - [test-hivemq-platform] [hivemq] [b3bc62b5] Adding pre-installed HiveMQ Platform Operator extensions
2025-01-28 21:21:45,961 INFO c.h.h.t.HelmChartContainer - [test-hivemq-platform] [hivemq] [b3bc62b5] Running as user 10000
2025-01-28 21:21:45,962 INFO c.h.h.t.HelmChartContainer - [test-hivemq-platform] [hivemq] [b3bc62b5] Starting HiveMQ Platform Operator Init
2025-01-28 21:21:45,964 INFO c.h.h.t.HelmChartContainer - [hivemq-test-hivemq-platform] [hivemq-platform-operator] [74c7eec7] 21:21:45.960 [pool-6-thread-11] DEBUG c.h.p.o.dependants.PodInfoConfigMap - [helmwebs] Desired PodInfo ConfigMap (1 extensions) (1 enabled)
2025-01-28 21:21:45,965 INFO c.h.h.t.HelmChartContainer - [hivemq-test-hivemq-platform] [hivemq-platform-operator] [74c7eec7] 21:21:45.960 [pool-6-thread-11] DEBUG c.h.p.o.dependants.PodInfoConfigMap - [helmwebs] Desired PodInfo ConfigMap (metrics port: 9399) (metrics path: /)
2025-01-28 21:21:45,965 INFO c.h.h.t.HelmChartContainer - [hivemq-test-hivemq-platform] [hivemq-platform-operator] [74c7eec7] 21:21:45.960 [pool-6-thread-11] DEBUG c.h.p.o.dependants.PodInfoConfigMap - [helmwebs] Desired PodInfo ConfigMap (extension state hash: -1817474005)
2025-01-28 21:21:45,965 INFO c.h.h.t.HelmChartContainer - [hivemq-test-hivemq-platform] [hivemq-platform-operator] [74c7eec7] 21:21:45.960 [pool-6-thread-15] DEBUG c.h.p.o.d.PodServiceAccountResource - [helmwebs] Desired PodServiceAccountResource (serviceAccountName: hivemq-platform-pod-test-hivemq-platform)
2025-01-28 21:21:45,967 INFO c.h.h.t.HelmChartContainer - [hivemq-test-hivemq-platform] [hivemq-platform-operator] [74c7eec7] 21:21:45.961 [pool-6-thread-14] DEBUG c.h.p.o.d.PlatformServiceResource - [helmwebs] Desired Platform services (4 services)
2025-01-28 21:21:45,981 INFO c.h.h.t.HelmChartContainer - [hivemq-test-hivemq-platform] [hivemq-platform-operator] [74c7eec7] 21:21:45.980 [pool-6-thread-14] DEBUG c.h.p.o.d.StatefulSetResource - [helmwebs] Desired StatefulSet (1 replicas) for status STARTING (READY)
2025-01-28 21:21:46,036 INFO c.h.h.t.HelmChartContainer - [hivemq-test-hivemq-platform] [hivemq-platform-operator] [74c7eec7] 21:21:46.034 [ReconcilerExecutor-hivemq-controller-111] INFO  c.h.p.o.HiveMQPlatformReconciler - [helmwebs] Reconciling HiveMQ Platform 'test-hivemq-platform' in namespace 'helmwebsocketsit'
2025-01-28 21:21:46,036 INFO c.h.h.t.HelmChartContainer - [hivemq-test-hivemq-platform] [hivemq-platform-operator] [74c7eec7] 21:21:46.034 [ReconcilerExecutor-hivemq-controller-111] DEBUG c.h.p.o.HiveMQPlatformReconciler - [helmwebs] Custom Resource Status STARTING - HiveMQ Platform is starting (READY)
2025-01-28 21:21:46,036 INFO c.h.h.t.HelmChartContainer - [hivemq-test-hivemq-platform] [hivemq-platform-operator] [74c7eec7] 21:21:46.034 [ReconcilerExecutor-hivemq-controller-111] DEBUG c.h.p.o.HiveMQPlatformReconciler - [helmwebs] Custom Resource Spec (replicas: 1) (extensions: 1)
2025-01-28 21:21:46,038 INFO c.h.h.t.HelmChartContainer - [hivemq-test-hivemq-platform] [hivemq-platform-operator] [74c7eec7] 21:21:46.037 [ReconcilerExecutor-hivemq-controller-111] DEBUG c.h.p.o.HiveMQPlatformReconciler - [helmwebs] StatefulSet Status (revision: test-hivemq-platform-68f5b6bb46, replicas: 1, available: 0, ready: 0, current: 1, updated: 1)
2025-01-28 21:21:46,038 INFO c.h.h.t.HelmChartContainer - [hivemq-test-hivemq-platform] [hivemq-platform-operator] [74c7eec7] 21:21:46.037 [ReconcilerExecutor-hivemq-controller-111] DEBUG c.h.p.o.HiveMQPlatformReconciler - [helmwebs] StatefulSet Spec (replicas: 1, init containers: 1, containers: 1, volumes: 6)
2025-01-28 21:21:46,040 INFO c.h.h.t.HelmChartContainer - [hivemq-test-hivemq-platform] [hivemq-platform-operator] [74c7eec7] 21:21:46.039 [ReconcilerExecutor-hivemq-controller-111] DEBUG c.h.p.o.h.HiveMQPlatformReconcilerErrorHandler - [helmwebs] Pod 'test-hivemq-platform-0' phase Running
2025-01-28 21:21:46,041 INFO c.h.h.t.HelmChartContainer - [hivemq-test-hivemq-platform] [hivemq-platform-operator] [74c7eec7] 21:21:46.040 [ReconcilerExecutor-hivemq-controller-111] INFO  c.h.p.o.h.HiveMQPlatformReconcilerBaseHandler - [helmwebs] HiveMQ Platform is starting, 0 of 1 replicas are ready
2025-01-28 21:21:46,279 INFO c.h.h.t.HelmChartContainer - [test-hivemq-platform] [hivemq] [b3bc62b5] INFO  - [HiveMQ Platform Operator Init 1.7.0-SNAPSHOT] HiveMQ Platform Operator Init 1.7.0-SNAPSHOT (commit: bebf408 on branch: HEAD) built on Sun Jan 26 20:47:47 UTC 2025
2025-01-28 21:21:47,397 INFO c.h.h.t.HelmChartContainer - [test-hivemq-platform] [hivemq] [b3bc62b5] INFO  - [HiveMQ Platform Operator Init App 1.7.0-SNAPSHOT] Using bind address 10.42.0.12 from environment variable
2025-01-28 21:21:48,298 INFO c.h.h.t.HelmChartContainer - [test-hivemq-platform] [hivemq] [b3bc62b5] INFO  - [HiveMQ Platform Operator Init App 1.7.0-SNAPSHOT] HiveMQ Platform Operator Init App 1.7.0-SNAPSHOT (commit: bebf408 on branch: HEAD) built on Sun Jan 26 20:47:47 UTC 2025
2025-01-28 21:21:48,298 INFO c.h.h.t.HelmChartContainer - [test-hivemq-platform] [hivemq] [b3bc62b5] INFO  - [HiveMQ Platform Operator Init App 1.7.0-SNAPSHOT] PodInfo ConfigMap directory: /etc/podinfo
2025-01-28 21:21:48,298 INFO c.h.h.t.HelmChartContainer - [test-hivemq-platform] [hivemq] [b3bc62b5] INFO  - [HiveMQ Platform Operator Init App 1.7.0-SNAPSHOT] HiveMQ home directory: /opt/hivemq
2025-01-28 21:21:48,298 INFO c.h.h.t.HelmChartContainer - [test-hivemq-platform] [hivemq] [b3bc62b5] INFO  - [HiveMQ Platform Operator Init App 1.7.0-SNAPSHOT] HiveMQ Logback folder: /opt/hivemq/conf
2025-01-28 21:21:48,298 INFO c.h.h.t.HelmChartContainer - [test-hivemq-platform] [hivemq] [b3bc62b5] INFO  - [HiveMQ Platform Operator Init App 1.7.0-SNAPSHOT] HiveMQ Config folder: /opt/hivemq/conf-k8s
2025-01-28 21:21:48,299 INFO c.h.h.t.HelmChartContainer - [test-hivemq-platform] [hivemq] [b3bc62b5] INFO  - [HiveMQ Platform Operator Init App 1.7.0-SNAPSHOT] Starting HiveMQ Platform Operator Init App
2025-01-28 21:21:48,300 INFO c.h.h.t.HelmChartContainer - [test-hivemq-platform] [hivemq] [b3bc62b5] INFO  - [HiveMQ Platform Operator Init App 1.7.0-SNAPSHOT] Starting Pod reconciler
2025-01-28 21:21:49,489 INFO c.h.h.t.HelmChartContainer - [test-hivemq-platform] [hivemq] [b3bc62b5] INFO  - [HiveMQ Platform Operator Init App 1.7.0-SNAPSHOT] Pod reconciler is scheduled (interval: 5000 ms)
2025-01-28 21:21:49,490 INFO c.h.h.t.HelmChartContainer - [test-hivemq-platform] [hivemq] [b3bc62b5] INFO  - [HiveMQ Platform Operator Init App 1.7.0-SNAPSHOT] Starting the REST API on 10.42.0.12:7979
2025-01-28 21:21:49,499 INFO c.h.h.t.HelmChartContainer - [test-hivemq-platform] [hivemq] [b3bc62b5] INFO  - [HiveMQ Platform Operator Init App 1.7.0-SNAPSHOT] Waiting up to 600s for at most 1 HiveMQ nodes in cluster service hivemq-test-hivemq-platform-cluster.helmwebsocketsit.svc
2025-01-28 21:21:49,872 INFO c.h.h.t.HelmChartContainer - [test-hivemq-platform] [hivemq] [b3bc62b5] INFO  - [HiveMQ Platform Operator Init App 1.7.0-SNAPSHOT] Resolved 1 IP addresses: [10.42.0.12]
2025-01-28 21:21:49,872 INFO c.h.h.t.HelmChartContainer - [test-hivemq-platform] [hivemq] [b3bc62b5] INFO  - [HiveMQ Platform Operator Init App 1.7.0-SNAPSHOT] HiveMQ node count of 1 is within threshold of 1
2025-01-28 21:21:49,872 INFO c.h.h.t.HelmChartContainer - [test-hivemq-platform] [hivemq] [b3bc62b5] INFO  - [HiveMQ Platform Operator Init App 1.7.0-SNAPSHOT] Proceeding with container start
2025-01-28 21:21:49,900 INFO c.h.h.t.HelmChartContainer - [test-hivemq-platform] [hivemq] [b3bc62b5] INFO  - [HiveMQ Platform Operator Init App 1.7.0-SNAPSHOT] Initializing HiveMQ Platform extensions with initial configuration: {hivemq-allow-all-extension={start-priority=-1, skip-https-hostname-verification=false, restart=true, config-version=0, header-version=0, c-uri=, priority=-1, uri=preinstalled, skip-https-certificate-validation=false, enabled=true}, hivemq-prometheus-extension={restart=true, enabled=true, request-header-path=no-request-headers, uri=preinstalled, skip-https-certificate-validation=false, skip-https-hostname-verification=false, c-uri=, start-priority=-1, priority=-1}}
2025-01-28 21:21:50,466 INFO c.h.h.t.HelmChartContainer - [test-hivemq-platform] [hivemq] [b3bc62b5] INFO  - [HiveMQ Platform Operator Init App 1.7.0-SNAPSHOT] Extension hivemq-allow-all-extension was already enabled
2025-01-28 21:21:50,478 INFO c.h.h.t.HelmChartContainer - [test-hivemq-platform] [hivemq] [b3bc62b5] INFO  - [HiveMQ Platform Operator Init App 1.7.0-SNAPSHOT] Successfully enabled extension hivemq-prometheus-extension
2025-01-28 21:21:50,479 INFO c.h.h.t.HelmChartContainer - [test-hivemq-platform] [hivemq] [b3bc62b5] INFO  - [HiveMQ Platform Operator Init App 1.7.0-SNAPSHOT] Starting HiveMQ Platform version 4.36.0 (4.36.0)
2025-01-28 21:21:50,480 INFO c.h.h.t.HelmChartContainer - [test-hivemq-platform] [hivemq] [b3bc62b5] INFO  - [HiveMQ Platform Operator Init App 1.7.0-SNAPSHOT] Configuring the HiveMQ Platform
2025-01-28 21:21:50,569 INFO c.h.h.t.HelmChartContainer - [test-hivemq-platform] [hivemq] [b3bc62b5] INFO  - [HiveMQ Platform Operator Init App 1.7.0-SNAPSHOT] Changed logback.xml file scan period to 20 seconds
2025-01-28 21:21:50,600 INFO c.h.h.t.HelmChartContainer - [test-hivemq-platform] [hivemq] [b3bc62b5] INFO  - [HiveMQ Platform Operator Init App 1.7.0-SNAPSHOT] Starting the HiveMQ Platform
2025-01-28 21:21:50,667 INFO c.h.h.t.HelmChartContainer - [test-hivemq-platform] [hivemq] [b3bc62b5] -------------------------------------------------------------------------
2025-01-28 21:21:50,667 INFO c.h.h.t.HelmChartContainer - [test-hivemq-platform] [hivemq] [b3bc62b5] 
2025-01-28 21:21:50,667 INFO c.h.h.t.HelmChartContainer - [test-hivemq-platform] [hivemq] [b3bc62b5]                   _    _  _              __  __   ____
2025-01-28 21:21:50,667 INFO c.h.h.t.HelmChartContainer - [test-hivemq-platform] [hivemq] [b3bc62b5]                  | |  | |(_)            |  \/  | / __ \
2025-01-28 21:21:50,667 INFO c.h.h.t.HelmChartContainer - [test-hivemq-platform] [hivemq] [b3bc62b5]                  | |__| | _ __   __ ___ | \  / || |  | |
2025-01-28 21:21:50,667 INFO c.h.h.t.HelmChartContainer - [test-hivemq-platform] [hivemq] [b3bc62b5]                  |  __  || |\ \ / // _ \| |\/| || |  | |
2025-01-28 21:21:50,667 INFO c.h.h.t.HelmChartContainer - [test-hivemq-platform] [hivemq] [b3bc62b5]                  | |  | || | \ V /|  __/| |  | || |__| |
2025-01-28 21:21:50,667 INFO c.h.h.t.HelmChartContainer - [test-hivemq-platform] [hivemq] [b3bc62b5]                  |_|  |_||_|  \_/  \___||_|  |_| \___\_\
2025-01-28 21:21:50,667 INFO c.h.h.t.HelmChartContainer - [test-hivemq-platform] [hivemq] [b3bc62b5] 
2025-01-28 21:21:50,667 INFO c.h.h.t.HelmChartContainer - [test-hivemq-platform] [hivemq] [b3bc62b5] -------------------------------------------------------------------------
2025-01-28 21:21:50,667 INFO c.h.h.t.HelmChartContainer - [test-hivemq-platform] [hivemq] [b3bc62b5] 
2025-01-28 21:21:50,667 INFO c.h.h.t.HelmChartContainer - [test-hivemq-platform] [hivemq] [b3bc62b5]   HiveMQ Start Script for Linux/Unix v1.14
2025-01-28 21:21:50,667 INFO c.h.h.t.HelmChartContainer - [test-hivemq-platform] [hivemq] [b3bc62b5] 
2025-01-28 21:21:50,695 INFO c.h.h.t.HelmChartContainer - [test-hivemq-platform] [hivemq] [b3bc62b5] -------------------------------------------------------------------------
2025-01-28 21:21:50,696 INFO c.h.h.t.HelmChartContainer - [test-hivemq-platform] [hivemq] [b3bc62b5] 
2025-01-28 21:21:50,696 INFO c.h.h.t.HelmChartContainer - [test-hivemq-platform] [hivemq] [b3bc62b5]   HIVEMQ_HOME: /opt/hivemq
2025-01-28 21:21:50,696 INFO c.h.h.t.HelmChartContainer - [test-hivemq-platform] [hivemq] [b3bc62b5] 
2025-01-28 21:21:50,696 INFO c.h.h.t.HelmChartContainer - [test-hivemq-platform] [hivemq] [b3bc62b5]   JAVA_OPTS: -XX:+UnlockExperimentalVMOptions -XX:InitialRAMPercentage=50 -XX:MaxRAMPercentage=50 -Djava.net.preferIPv4Stack=true --add-opens java.base/java.lang=ALL-UNNAMED --add-opens java.base/java.nio=ALL-UNNAMED --add-opens java.base/sun.nio.ch=ALL-UNNAMED --add-opens jdk.management/com.sun.management.internal=ALL-UNNAMED --add-exports java.base/jdk.internal.misc=ALL-UNNAMED -Djava.security.egd=file:/dev/./urandom -Dcom.sun.management.jmxremote -Dcom.sun.management.jmxremote.port=9010 -Dcom.sun.management.jmxremote.local.only=false -Dcom.sun.management.jmxremote.authenticate=false -Dcom.sun.management.jmxremote.ssl=false -Duser.language=en -Duser.region=US -XX:+CrashOnOutOfMemoryError -XX:+HeapDumpOnOutOfMemoryError
2025-01-28 21:21:50,696 INFO c.h.h.t.HelmChartContainer - [test-hivemq-platform] [hivemq] [b3bc62b5] 
2025-01-28 21:21:50,696 INFO c.h.h.t.HelmChartContainer - [test-hivemq-platform] [hivemq] [b3bc62b5]   JAVA_VERSION: 21
2025-01-28 21:21:50,696 INFO c.h.h.t.HelmChartContainer - [test-hivemq-platform] [hivemq] [b3bc62b5] 
2025-01-28 21:21:50,696 INFO c.h.h.t.HelmChartContainer - [test-hivemq-platform] [hivemq] [b3bc62b5] -------------------------------------------------------------------------
2025-01-28 21:21:50,696 INFO c.h.h.t.HelmChartContainer - [test-hivemq-platform] [hivemq] [b3bc62b5] 
2025-01-28 21:21:51,974 INFO c.h.h.t.HelmChartContainer - [test-hivemq-platform] [hivemq] [b3bc62b5] INFO  - [HiveMQ Platform Operator Init App 1.7.0-SNAPSHOT] Returning default Health API response 503 for readiness
2025-01-28 21:21:52,374 INFO c.h.h.t.HelmChartContainer - [EVENT] Warning [Unhealthy] Readiness probe failed: HTTP probe failed with statuscode: 503 [helmwebsocketsit:test-hivemq-platform-0]
2025-01-28 21:21:52,374 INFO c.h.h.t.HelmChartContainer - Received Unhealthy event for container hivemq in pod test-hivemq-platform-0 [b3bc62b5-6c2a-4628-be77-d0796112a449]
2025-01-28 21:21:53,501 INFO c.h.h.t.HelmChartContainer - [test-hivemq-platform] [hivemq] [b3bc62b5] INFO  - Starting HiveMQ Enterprise Server
2025-01-28 21:21:53,569 INFO c.h.h.t.HelmChartContainer - [test-hivemq-platform] [hivemq] [b3bc62b5] INFO  - HiveMQ version: 4.36.0
2025-01-28 21:21:53,570 INFO c.h.h.t.HelmChartContainer - [test-hivemq-platform] [hivemq] [b3bc62b5] INFO  - HiveMQ home directory: /opt/hivemq
2025-01-28 21:21:53,570 INFO c.h.h.t.HelmChartContainer - [test-hivemq-platform] [hivemq] [b3bc62b5] INFO  - Log Configuration was overridden by /opt/hivemq/conf/logback.xml
2025-01-28 21:21:55,165 INFO c.h.h.t.HelmChartContainer - [test-hivemq-platform] [hivemq] [b3bc62b5] INFO  - Successfully loaded configuration from '/opt/hivemq/conf-k8s/config.xml'.
2025-01-28 21:21:55,900 INFO c.h.h.t.HelmChartContainer - [test-hivemq-platform] [hivemq] [b3bc62b5] INFO  - This node's ID is wquff
2025-01-28 21:21:55,900 INFO c.h.h.t.HelmChartContainer - [test-hivemq-platform] [hivemq] [b3bc62b5] INFO  - Clustering is enabled
2025-01-28 21:21:56,045 INFO c.h.h.t.HelmChartContainer - [hivemq-test-hivemq-platform] [hivemq-platform-operator] [74c7eec7] 21:21:56.043 [pool-6-thread-27] DEBUG c.h.p.o.d.PlatformServiceResource - [helmwebs] Desired Platform services (4 services)
2025-01-28 21:21:56,046 INFO c.h.h.t.HelmChartContainer - [hivemq-test-hivemq-platform] [hivemq-platform-operator] [74c7eec7] 21:21:56.045 [pool-6-thread-26] DEBUG c.h.p.o.d.PodServiceAccountResource - [helmwebs] Desired PodServiceAccountResource (serviceAccountName: hivemq-platform-pod-test-hivemq-platform)
2025-01-28 21:21:56,048 INFO c.h.h.t.HelmChartContainer - [hivemq-test-hivemq-platform] [hivemq-platform-operator] [74c7eec7] 21:21:56.046 [pool-6-thread-25] DEBUG c.h.p.o.dependants.PodInfoConfigMap - [helmwebs] Desired PodInfo ConfigMap (1 extensions) (1 enabled)
2025-01-28 21:21:56,048 INFO c.h.h.t.HelmChartContainer - [hivemq-test-hivemq-platform] [hivemq-platform-operator] [74c7eec7] 21:21:56.046 [pool-6-thread-25] DEBUG c.h.p.o.dependants.PodInfoConfigMap - [helmwebs] Desired PodInfo ConfigMap (metrics port: 9399) (metrics path: /)
2025-01-28 21:21:56,048 INFO c.h.h.t.HelmChartContainer - [hivemq-test-hivemq-platform] [hivemq-platform-operator] [74c7eec7] 21:21:56.046 [pool-6-thread-25] DEBUG c.h.p.o.dependants.PodInfoConfigMap - [helmwebs] Desired PodInfo ConfigMap (extension state hash: -1817474005)
2025-01-28 21:21:56,051 INFO c.h.h.t.HelmChartContainer - [hivemq-test-hivemq-platform] [hivemq-platform-operator] [74c7eec7] 21:21:56.051 [pool-6-thread-30] DEBUG c.h.p.o.d.StatefulSetResource - [helmwebs] Desired StatefulSet (1 replicas) for status STARTING (READY)
2025-01-28 21:21:56,056 INFO c.h.h.t.HelmChartContainer - [hivemq-test-hivemq-platform] [hivemq-platform-operator] [74c7eec7] 21:21:56.054 [ReconcilerExecutor-hivemq-controller-112] INFO  c.h.p.o.HiveMQPlatformReconciler - [helmwebs] Reconciling HiveMQ Platform 'test-hivemq-platform' in namespace 'helmwebsocketsit'
2025-01-28 21:21:56,056 INFO c.h.h.t.HelmChartContainer - [hivemq-test-hivemq-platform] [hivemq-platform-operator] [74c7eec7] 21:21:56.055 [ReconcilerExecutor-hivemq-controller-112] DEBUG c.h.p.o.HiveMQPlatformReconciler - [helmwebs] Custom Resource Status STARTING - HiveMQ Platform is starting (READY)
2025-01-28 21:21:56,057 INFO c.h.h.t.HelmChartContainer - [hivemq-test-hivemq-platform] [hivemq-platform-operator] [74c7eec7] 21:21:56.055 [ReconcilerExecutor-hivemq-controller-112] DEBUG c.h.p.o.HiveMQPlatformReconciler - [helmwebs] Custom Resource Spec (replicas: 1) (extensions: 1)
2025-01-28 21:21:56,057 INFO c.h.h.t.HelmChartContainer - [hivemq-test-hivemq-platform] [hivemq-platform-operator] [74c7eec7] 21:21:56.056 [ReconcilerExecutor-hivemq-controller-112] DEBUG c.h.p.o.HiveMQPlatformReconciler - [helmwebs] StatefulSet Status (revision: test-hivemq-platform-68f5b6bb46, replicas: 1, available: 0, ready: 0, current: 1, updated: 1)
2025-01-28 21:21:56,057 INFO c.h.h.t.HelmChartContainer - [hivemq-test-hivemq-platform] [hivemq-platform-operator] [74c7eec7] 21:21:56.056 [ReconcilerExecutor-hivemq-controller-112] DEBUG c.h.p.o.HiveMQPlatformReconciler - [helmwebs] StatefulSet Spec (replicas: 1, init containers: 1, containers: 1, volumes: 6)
2025-01-28 21:21:56,058 INFO c.h.h.t.HelmChartContainer - [hivemq-test-hivemq-platform] [hivemq-platform-operator] [74c7eec7] 21:21:56.057 [ReconcilerExecutor-hivemq-controller-112] DEBUG c.h.p.o.h.HiveMQPlatformReconcilerErrorHandler - [helmwebs] Pod 'test-hivemq-platform-0' phase Running
2025-01-28 21:21:56,059 INFO c.h.h.t.HelmChartContainer - [hivemq-test-hivemq-platform] [hivemq-platform-operator] [74c7eec7] 21:21:56.058 [ReconcilerExecutor-hivemq-controller-112] INFO  c.h.p.o.h.HiveMQPlatformReconcilerBaseHandler - [helmwebs] HiveMQ Platform is starting, 0 of 1 replicas are ready
2025-01-28 21:21:57,399 INFO c.h.h.t.HelmChartContainer - [test-hivemq-platform] [hivemq] [b3bc62b5] WARN  - [HiveMQ Platform Operator Init App 1.7.0-SNAPSHOT] Cannot connect to Health API for readiness: null
2025-01-28 21:21:57,404 INFO c.h.h.t.HelmChartContainer - [EVENT] Warning [Unhealthy] Readiness probe failed: HTTP probe failed with statuscode: 503 [helmwebsocketsit:test-hivemq-platform-0]
2025-01-28 21:21:57,404 INFO c.h.h.t.HelmChartContainer - Received Unhealthy event for container hivemq in pod test-hivemq-platform-0 [b3bc62b5-6c2a-4628-be77-d0796112a449]
2025-01-28 21:21:58,867 INFO c.h.h.t.HelmChartContainer - [test-hivemq-platform] [hivemq] [b3bc62b5] Jan 28, 2025 9:21:58 PM io.vertx.core.impl.BlockedThreadChecker
2025-01-28 21:21:58,868 INFO c.h.h.t.HelmChartContainer - [test-hivemq-platform] [hivemq] [b3bc62b5] WARNING: Thread Thread[vert.x-eventloop-thread-1,5,main] has been blocked for 2023 ms, time limit is 2000 ms
2025-01-28 21:21:59,800 INFO c.h.h.t.HelmChartContainer - [test-hivemq-platform] [hivemq] [b3bc62b5] Jan 28, 2025 9:21:59 PM io.vertx.core.impl.BlockedThreadChecker
2025-01-28 21:21:59,800 INFO c.h.h.t.HelmChartContainer - [test-hivemq-platform] [hivemq] [b3bc62b5] WARNING: Thread Thread[vert.x-eventloop-thread-1,5,main] has been blocked for 3025 ms, time limit is 2000 ms
2025-01-28 21:21:59,966 INFO c.h.h.t.HelmChartContainer - [test-hivemq-platform] [hivemq] [b3bc62b5] INFO  - [HiveMQ Platform Operator Init App 1.7.0-SNAPSHOT] Updating Pod HiveMQ Platform Operator Init App version annotation (version: 1.7.0-SNAPSHOT)
2025-01-28 21:22:00,883 INFO c.h.h.t.HelmChartContainer - [POD] test-hivemq-platform-0 [b3bc62b5-6c2a-4628-be77-d0796112a449] in helmwebsocketsit was MODIFIED
2025-01-28 21:22:00,889 INFO c.h.h.t.HelmChartContainer - [hivemq-test-hivemq-platform] [hivemq-platform-operator] [74c7eec7] 21:22:00.887 [pool-6-thread-36] DEBUG c.h.p.o.d.PlatformServiceResource - [helmwebs] Desired Platform services (4 services)
2025-01-28 21:22:00,890 INFO c.h.h.t.HelmChartContainer - [hivemq-test-hivemq-platform] [hivemq-platform-operator] [74c7eec7] 21:22:00.888 [pool-6-thread-31] DEBUG c.h.p.o.dependants.PodInfoConfigMap - [helmwebs] Desired PodInfo ConfigMap (1 extensions) (1 enabled)
2025-01-28 21:22:00,890 INFO c.h.h.t.HelmChartContainer - [hivemq-test-hivemq-platform] [hivemq-platform-operator] [74c7eec7] 21:22:00.888 [pool-6-thread-31] DEBUG c.h.p.o.dependants.PodInfoConfigMap - [helmwebs] Desired PodInfo ConfigMap (metrics port: 9399) (metrics path: /)
2025-01-28 21:22:00,890 INFO c.h.h.t.HelmChartContainer - [hivemq-test-hivemq-platform] [hivemq-platform-operator] [74c7eec7] 21:22:00.888 [pool-6-thread-31] DEBUG c.h.p.o.dependants.PodInfoConfigMap - [helmwebs] Desired PodInfo ConfigMap (extension state hash: -1817474005)
2025-01-28 21:22:00,890 INFO c.h.h.t.HelmChartContainer - [hivemq-test-hivemq-platform] [hivemq-platform-operator] [74c7eec7] 21:22:00.888 [pool-6-thread-34] DEBUG c.h.p.o.d.PodServiceAccountResource - [helmwebs] Desired PodServiceAccountResource (serviceAccountName: hivemq-platform-pod-test-hivemq-platform)
2025-01-28 21:22:00,894 INFO c.h.h.t.HelmChartContainer - [hivemq-test-hivemq-platform] [hivemq-platform-operator] [74c7eec7] 21:22:00.894 [pool-6-thread-36] DEBUG c.h.p.o.d.StatefulSetResource - [helmwebs] Desired StatefulSet (1 replicas) for status STARTING (READY)
2025-01-28 21:22:00,900 INFO c.h.h.t.HelmChartContainer - [hivemq-test-hivemq-platform] [hivemq-platform-operator] [74c7eec7] 21:22:00.899 [ReconcilerExecutor-hivemq-controller-113] INFO  c.h.p.o.HiveMQPlatformReconciler - [helmwebs] Reconciling HiveMQ Platform 'test-hivemq-platform' in namespace 'helmwebsocketsit'
2025-01-28 21:22:00,900 INFO c.h.h.t.HelmChartContainer - [hivemq-test-hivemq-platform] [hivemq-platform-operator] [74c7eec7] 21:22:00.899 [ReconcilerExecutor-hivemq-controller-113] DEBUG c.h.p.o.HiveMQPlatformReconciler - [helmwebs] Custom Resource Status STARTING - HiveMQ Platform is starting (READY)
2025-01-28 21:22:00,900 INFO c.h.h.t.HelmChartContainer - [hivemq-test-hivemq-platform] [hivemq-platform-operator] [74c7eec7] 21:22:00.899 [ReconcilerExecutor-hivemq-controller-113] DEBUG c.h.p.o.HiveMQPlatformReconciler - [helmwebs] Custom Resource Spec (replicas: 1) (extensions: 1)
2025-01-28 21:22:00,902 INFO c.h.h.t.HelmChartContainer - [hivemq-test-hivemq-platform] [hivemq-platform-operator] [74c7eec7] 21:22:00.901 [ReconcilerExecutor-hivemq-controller-113] DEBUG c.h.p.o.HiveMQPlatformReconciler - [helmwebs] StatefulSet Status (revision: test-hivemq-platform-68f5b6bb46, replicas: 1, available: 0, ready: 0, current: 1, updated: 1)
2025-01-28 21:22:00,902 INFO c.h.h.t.HelmChartContainer - [hivemq-test-hivemq-platform] [hivemq-platform-operator] [74c7eec7] 21:22:00.901 [ReconcilerExecutor-hivemq-controller-113] DEBUG c.h.p.o.HiveMQPlatformReconciler - [helmwebs] StatefulSet Spec (replicas: 1, init containers: 1, containers: 1, volumes: 6)
2025-01-28 21:22:00,903 INFO c.h.h.t.HelmChartContainer - [hivemq-test-hivemq-platform] [hivemq-platform-operator] [74c7eec7] 21:22:00.902 [ReconcilerExecutor-hivemq-controller-113] DEBUG c.h.p.o.h.HiveMQPlatformReconcilerErrorHandler - [helmwebs] Pod 'test-hivemq-platform-0' phase Running
2025-01-28 21:22:00,904 INFO c.h.h.t.HelmChartContainer - [hivemq-test-hivemq-platform] [hivemq-platform-operator] [74c7eec7] 21:22:00.903 [ReconcilerExecutor-hivemq-controller-113] INFO  c.h.p.o.h.HiveMQPlatformReconcilerBaseHandler - [helmwebs] HiveMQ Platform is starting, 0 of 1 replicas are ready
2025-01-28 21:22:00,974 INFO c.h.h.t.HelmChartContainer - [test-hivemq-platform] [hivemq] [b3bc62b5] WARN  - [HiveMQ Platform Operator Init App 1.7.0-SNAPSHOT] Cannot connect to Health API for readiness: null
2025-01-28 21:22:00,978 INFO c.h.h.t.HelmChartContainer - [EVENT] Warning [Unhealthy] Readiness probe failed: HTTP probe failed with statuscode: 503 [helmwebsocketsit:test-hivemq-platform-0]
2025-01-28 21:22:00,978 INFO c.h.h.t.HelmChartContainer - Received Unhealthy event for container hivemq in pod test-hivemq-platform-0 [b3bc62b5-6c2a-4628-be77-d0796112a449]
2025-01-28 21:22:01,066 INFO c.h.h.t.HelmChartContainer - [test-hivemq-platform] [hivemq] [b3bc62b5] INFO  - [HiveMQ Platform Operator Init App 1.7.0-SNAPSHOT] Successfully updated Pod HiveMQ Platform Operator Init App version annotation (version: 1.7.0-SNAPSHOT)
2025-01-28 21:22:05,902 INFO c.h.h.t.HelmChartContainer - [test-hivemq-platform] [hivemq] [b3bc62b5] WARN  - [HiveMQ Platform Operator Init App 1.7.0-SNAPSHOT] Cannot connect to Health API for readiness: null
2025-01-28 21:22:05,907 INFO c.h.h.t.HelmChartContainer - [EVENT] Warning [Unhealthy] Readiness probe failed: HTTP probe failed with statuscode: 503 [helmwebsocketsit:test-hivemq-platform-0]
2025-01-28 21:22:05,907 INFO c.h.h.t.HelmChartContainer - Received Unhealthy event for container hivemq in pod test-hivemq-platform-0 [b3bc62b5-6c2a-4628-be77-d0796112a449]
2025-01-28 21:22:10,905 INFO c.h.h.t.HelmChartContainer - [test-hivemq-platform] [hivemq] [b3bc62b5] WARN  - [HiveMQ Platform Operator Init App 1.7.0-SNAPSHOT] Cannot connect to Health API for readiness: null
2025-01-28 21:22:10,908 INFO c.h.h.t.HelmChartContainer - [EVENT] Warning [Unhealthy] Readiness probe failed: HTTP probe failed with statuscode: 503 [helmwebsocketsit:test-hivemq-platform-0]
2025-01-28 21:22:10,908 INFO c.h.h.t.HelmChartContainer - Received Unhealthy event for container hivemq in pod test-hivemq-platform-0 [b3bc62b5-6c2a-4628-be77-d0796112a449]
2025-01-28 21:22:10,913 INFO c.h.h.t.HelmChartContainer - [hivemq-test-hivemq-platform] [hivemq-platform-operator] [74c7eec7] 21:22:10.910 [pool-6-thread-43] DEBUG c.h.p.o.d.PlatformServiceResource - [helmwebs] Desired Platform services (4 services)
2025-01-28 21:22:10,913 INFO c.h.h.t.HelmChartContainer - [hivemq-test-hivemq-platform] [hivemq-platform-operator] [74c7eec7] 21:22:10.910 [pool-6-thread-44] DEBUG c.h.p.o.d.PodServiceAccountResource - [helmwebs] Desired PodServiceAccountResource (serviceAccountName: hivemq-platform-pod-test-hivemq-platform)
2025-01-28 21:22:10,913 INFO c.h.h.t.HelmChartContainer - [hivemq-test-hivemq-platform] [hivemq-platform-operator] [74c7eec7] 21:22:10.912 [pool-6-thread-46] DEBUG c.h.p.o.dependants.PodInfoConfigMap - [helmwebs] Desired PodInfo ConfigMap (1 extensions) (1 enabled)
2025-01-28 21:22:10,915 INFO c.h.h.t.HelmChartContainer - [hivemq-test-hivemq-platform] [hivemq-platform-operator] [74c7eec7] 21:22:10.912 [pool-6-thread-46] DEBUG c.h.p.o.dependants.PodInfoConfigMap - [helmwebs] Desired PodInfo ConfigMap (metrics port: 9399) (metrics path: /)
2025-01-28 21:22:10,915 INFO c.h.h.t.HelmChartContainer - [hivemq-test-hivemq-platform] [hivemq-platform-operator] [74c7eec7] 21:22:10.912 [pool-6-thread-46] DEBUG c.h.p.o.dependants.PodInfoConfigMap - [helmwebs] Desired PodInfo ConfigMap (extension state hash: -1817474005)
2025-01-28 21:22:10,922 INFO c.h.h.t.HelmChartContainer - [hivemq-test-hivemq-platform] [hivemq-platform-operator] [74c7eec7] 21:22:10.921 [pool-6-thread-43] DEBUG c.h.p.o.d.StatefulSetResource - [helmwebs] Desired StatefulSet (1 replicas) for status STARTING (READY)
2025-01-28 21:22:10,982 INFO c.h.h.t.HelmChartContainer - [hivemq-test-hivemq-platform] [hivemq-platform-operator] [74c7eec7] 21:22:10.981 [ReconcilerExecutor-hivemq-controller-114] INFO  c.h.p.o.HiveMQPlatformReconciler - [helmwebs] Reconciling HiveMQ Platform 'test-hivemq-platform' in namespace 'helmwebsocketsit'
2025-01-28 21:22:10,983 INFO c.h.h.t.HelmChartContainer - [hivemq-test-hivemq-platform] [hivemq-platform-operator] [74c7eec7] 21:22:10.982 [ReconcilerExecutor-hivemq-controller-114] DEBUG c.h.p.o.HiveMQPlatformReconciler - [helmwebs] Custom Resource Status STARTING - HiveMQ Platform is starting (READY)
2025-01-28 21:22:10,984 INFO c.h.h.t.HelmChartContainer - [hivemq-test-hivemq-platform] [hivemq-platform-operator] [74c7eec7] 21:22:10.982 [ReconcilerExecutor-hivemq-controller-114] DEBUG c.h.p.o.HiveMQPlatformReconciler - [helmwebs] Custom Resource Spec (replicas: 1) (extensions: 1)
2025-01-28 21:22:10,985 INFO c.h.h.t.HelmChartContainer - [hivemq-test-hivemq-platform] [hivemq-platform-operator] [74c7eec7] 21:22:10.984 [ReconcilerExecutor-hivemq-controller-114] DEBUG c.h.p.o.HiveMQPlatformReconciler - [helmwebs] StatefulSet Status (revision: test-hivemq-platform-68f5b6bb46, replicas: 1, available: 0, ready: 0, current: 1, updated: 1)
2025-01-28 21:22:10,986 INFO c.h.h.t.HelmChartContainer - [hivemq-test-hivemq-platform] [hivemq-platform-operator] [74c7eec7] 21:22:10.984 [ReconcilerExecutor-hivemq-controller-114] DEBUG c.h.p.o.HiveMQPlatformReconciler - [helmwebs] StatefulSet Spec (replicas: 1, init containers: 1, containers: 1, volumes: 6)
2025-01-28 21:22:10,990 INFO c.h.h.t.HelmChartContainer - [hivemq-test-hivemq-platform] [hivemq-platform-operator] [74c7eec7] 21:22:10.989 [ReconcilerExecutor-hivemq-controller-114] DEBUG c.h.p.o.h.HiveMQPlatformReconcilerErrorHandler - [helmwebs] Pod 'test-hivemq-platform-0' phase Running
2025-01-28 21:22:10,991 INFO c.h.h.t.HelmChartContainer - [hivemq-test-hivemq-platform] [hivemq-platform-operator] [74c7eec7] 21:22:10.989 [ReconcilerExecutor-hivemq-controller-114] INFO  c.h.p.o.h.HiveMQPlatformReconcilerBaseHandler - [helmwebs] HiveMQ Platform is starting, 0 of 1 replicas are ready
2025-01-28 21:22:11,768 INFO c.h.h.t.HelmChartContainer - [test-hivemq-platform] [hivemq] [b3bc62b5] WARN  - [HiveMQ Platform Operator Init App 1.7.0-SNAPSHOT] Cannot connect to Health API for liveness: null
2025-01-28 21:22:11,768 INFO c.h.h.t.HelmChartContainer - [test-hivemq-platform] [hivemq] [b3bc62b5] INFO  - [HiveMQ Platform Operator Init App 1.7.0-SNAPSHOT] Returning default Health API response 200 for liveness
2025-01-28 21:22:12,999 INFO c.h.h.t.HelmChartContainer - [test-hivemq-platform] [hivemq] [b3bc62b5] INFO  - No valid license file found. Using trial license, restricted to 25 connections.
2025-01-28 21:22:15,900 INFO c.h.h.t.HelmChartContainer - [test-hivemq-platform] [hivemq] [b3bc62b5] WARN  - [HiveMQ Platform Operator Init App 1.7.0-SNAPSHOT] Cannot connect to Health API for readiness: null
2025-01-28 21:22:15,904 INFO c.h.h.t.HelmChartContainer - [EVENT] Warning [Unhealthy] Readiness probe failed: HTTP probe failed with statuscode: 503 [helmwebsocketsit:test-hivemq-platform-0]
2025-01-28 21:22:15,904 INFO c.h.h.t.HelmChartContainer - Received Unhealthy event for container hivemq in pod test-hivemq-platform-0 [b3bc62b5-6c2a-4628-be77-d0796112a449]
2025-01-28 21:22:16,676 INFO c.h.h.t.HelmChartContainer - [test-hivemq-platform] [hivemq] [b3bc62b5] INFO  - No valid license file for Data Hub found. Using free license, restricted to 1 policy.
2025-01-28 21:22:17,807 INFO c.h.h.t.HelmChartContainer - [test-hivemq-platform] [hivemq] [b3bc62b5] INFO  - Audit Logger started.
2025-01-28 21:22:18,088 INFO c.h.h.t.HelmChartContainer - [test-hivemq-platform] [hivemq] [b3bc62b5] INFO  - This node uses '1' CPU cores.
2025-01-28 21:22:18,100 INFO c.h.h.t.HelmChartContainer - [test-hivemq-platform] [hivemq] [b3bc62b5] INFO  - Starting HiveMQ Health API on address 0.0.0.0 and port 8889
2025-01-28 21:22:18,905 INFO c.h.h.t.HelmChartContainer - [test-hivemq-platform] [hivemq] [b3bc62b5] INFO  - Started HiveMQ Health API in 805ms
2025-01-28 21:22:19,601 INFO c.h.h.t.HelmChartContainer - [test-hivemq-platform] [hivemq] [b3bc62b5] INFO  - Starting HiveMQ extension system.
2025-01-28 21:22:19,805 INFO c.h.h.t.HelmChartContainer - [test-hivemq-platform] [hivemq] [b3bc62b5] INFO  - Starting extension with id "hivemq-dns-cluster-discovery" at /opt/hivemq/extensions/hivemq-dns-cluster-discovery
2025-01-28 21:22:20,301 INFO c.h.h.t.HelmChartContainer - [test-hivemq-platform] [hivemq] [b3bc62b5] INFO  - Extension "DNS Cluster Discovery Extension" version 4.3.2 started successfully.
2025-01-28 21:22:20,302 INFO c.h.h.t.HelmChartContainer - [test-hivemq-platform] [hivemq] [b3bc62b5] INFO  - Starting extension with id "hivemq-prometheus-extension" at /opt/hivemq/extensions/hivemq-prometheus-extension
2025-01-28 21:22:20,368 INFO c.h.h.t.HelmChartContainer - [test-hivemq-platform] [hivemq] [b3bc62b5] INFO  - Using TCP cluster transport on address 10.42.0.12 and port 7000
2025-01-28 21:22:20,400 INFO c.h.h.t.HelmChartContainer - [test-hivemq-platform] [hivemq] [b3bc62b5] INFO  - Using extension cluster discovery
2025-01-28 21:22:21,000 INFO c.h.h.t.HelmChartContainer - [hivemq-test-hivemq-platform] [hivemq-platform-operator] [74c7eec7] 21:22:20.996 [pool-6-thread-1] DEBUG c.h.p.o.d.PodServiceAccountResource - [helmwebs] Desired PodServiceAccountResource (serviceAccountName: hivemq-platform-pod-test-hivemq-platform)
2025-01-28 21:22:21,005 INFO c.h.h.t.HelmChartContainer - [hivemq-test-hivemq-platform] [hivemq-platform-operator] [74c7eec7] 21:22:20.996 [pool-6-thread-5] DEBUG c.h.p.o.dependants.PodInfoConfigMap - [helmwebs] Desired PodInfo ConfigMap (1 extensions) (1 enabled)
2025-01-28 21:22:21,005 INFO c.h.h.t.HelmChartContainer - [hivemq-test-hivemq-platform] [hivemq-platform-operator] [74c7eec7] 21:22:21.004 [pool-6-thread-5] DEBUG c.h.p.o.dependants.PodInfoConfigMap - [helmwebs] Desired PodInfo ConfigMap (metrics port: 9399) (metrics path: /)
2025-01-28 21:22:21,006 INFO c.h.h.t.HelmChartContainer - [hivemq-test-hivemq-platform] [hivemq-platform-operator] [74c7eec7] 21:22:21.004 [pool-6-thread-5] DEBUG c.h.p.o.dependants.PodInfoConfigMap - [helmwebs] Desired PodInfo ConfigMap (extension state hash: -1817474005)
2025-01-28 21:22:21,006 INFO c.h.h.t.HelmChartContainer - [hivemq-test-hivemq-platform] [hivemq-platform-operator] [74c7eec7] 21:22:20.997 [pool-6-thread-2] DEBUG c.h.p.o.d.PlatformServiceResource - [helmwebs] Desired Platform services (4 services)
2025-01-28 21:22:21,014 INFO c.h.h.t.HelmChartContainer - [hivemq-test-hivemq-platform] [hivemq-platform-operator] [74c7eec7] 21:22:21.012 [pool-6-thread-2] DEBUG c.h.p.o.d.StatefulSetResource - [helmwebs] Desired StatefulSet (1 replicas) for status STARTING (READY)
2025-01-28 21:22:21,083 INFO c.h.h.t.HelmChartContainer - [hivemq-test-hivemq-platform] [hivemq-platform-operator] [74c7eec7] 21:22:21.083 [ReconcilerExecutor-hivemq-controller-115] INFO  c.h.p.o.HiveMQPlatformReconciler - [helmwebs] Reconciling HiveMQ Platform 'test-hivemq-platform' in namespace 'helmwebsocketsit'
2025-01-28 21:22:21,084 INFO c.h.h.t.HelmChartContainer - [hivemq-test-hivemq-platform] [hivemq-platform-operator] [74c7eec7] 21:22:21.083 [ReconcilerExecutor-hivemq-controller-115] DEBUG c.h.p.o.HiveMQPlatformReconciler - [helmwebs] Custom Resource Status STARTING - HiveMQ Platform is starting (READY)
2025-01-28 21:22:21,084 INFO c.h.h.t.HelmChartContainer - [hivemq-test-hivemq-platform] [hivemq-platform-operator] [74c7eec7] 21:22:21.083 [ReconcilerExecutor-hivemq-controller-115] DEBUG c.h.p.o.HiveMQPlatformReconciler - [helmwebs] Custom Resource Spec (replicas: 1) (extensions: 1)
2025-01-28 21:22:21,086 INFO c.h.h.t.HelmChartContainer - [hivemq-test-hivemq-platform] [hivemq-platform-operator] [74c7eec7] 21:22:21.085 [ReconcilerExecutor-hivemq-controller-115] DEBUG c.h.p.o.HiveMQPlatformReconciler - [helmwebs] StatefulSet Status (revision: test-hivemq-platform-68f5b6bb46, replicas: 1, available: 0, ready: 0, current: 1, updated: 1)
2025-01-28 21:22:21,086 INFO c.h.h.t.HelmChartContainer - [hivemq-test-hivemq-platform] [hivemq-platform-operator] [74c7eec7] 21:22:21.085 [ReconcilerExecutor-hivemq-controller-115] DEBUG c.h.p.o.HiveMQPlatformReconciler - [helmwebs] StatefulSet Spec (replicas: 1, init containers: 1, containers: 1, volumes: 6)
2025-01-28 21:22:21,088 INFO c.h.h.t.HelmChartContainer - [hivemq-test-hivemq-platform] [hivemq-platform-operator] [74c7eec7] 21:22:21.087 [ReconcilerExecutor-hivemq-controller-115] DEBUG c.h.p.o.h.HiveMQPlatformReconcilerErrorHandler - [helmwebs] Pod 'test-hivemq-platform-0' phase Running
2025-01-28 21:22:21,090 INFO c.h.h.t.HelmChartContainer - [hivemq-test-hivemq-platform] [hivemq-platform-operator] [74c7eec7] 21:22:21.088 [ReconcilerExecutor-hivemq-controller-115] INFO  c.h.p.o.h.HiveMQPlatformReconcilerBaseHandler - [helmwebs] HiveMQ Platform is starting, 0 of 1 replicas are ready
2025-01-28 21:22:21,473 INFO c.h.h.t.HelmChartContainer - [test-hivemq-platform] [hivemq] [b3bc62b5] INFO  - Started Jetty Server exposing Prometheus Servlet on URI http://0.0.0.0:9399/
2025-01-28 21:22:21,473 INFO c.h.h.t.HelmChartContainer - [test-hivemq-platform] [hivemq] [b3bc62b5] INFO  - Extension "Prometheus Monitoring Extension" version 4.0.12 started successfully.
2025-01-28 21:22:21,473 INFO c.h.h.t.HelmChartContainer - [test-hivemq-platform] [hivemq] [b3bc62b5] INFO  - Starting extension with id "hivemq-allow-all-extension" at /opt/hivemq/extensions/hivemq-allow-all-extension
2025-01-28 21:22:21,473 INFO c.h.h.t.HelmChartContainer - [test-hivemq-platform] [hivemq] [b3bc62b5] WARN  - 
2025-01-28 21:22:21,473 INFO c.h.h.t.HelmChartContainer - [test-hivemq-platform] [hivemq] [b3bc62b5] ################################################################################################################
2025-01-28 21:22:21,473 INFO c.h.h.t.HelmChartContainer - [test-hivemq-platform] [hivemq] [b3bc62b5] # This HiveMQ deployment is not secure! You are lacking Authentication and Authorization.                      #
2025-01-28 21:22:21,473 INFO c.h.h.t.HelmChartContainer - [test-hivemq-platform] [hivemq] [b3bc62b5] # Right now any MQTT client can connect to the broker with a full set of permissions.                          #
2025-01-28 21:22:21,473 INFO c.h.h.t.HelmChartContainer - [test-hivemq-platform] [hivemq] [b3bc62b5] # For production usage, add an appropriate security extension and remove the hivemq-allow-all extension.       #
2025-01-28 21:22:21,473 INFO c.h.h.t.HelmChartContainer - [test-hivemq-platform] [hivemq] [b3bc62b5] # You can download security extensions from the HiveMQ Marketplace (https://www.hivemq.com/extensions/).       #
2025-01-28 21:22:21,473 INFO c.h.h.t.HelmChartContainer - [test-hivemq-platform] [hivemq] [b3bc62b5] ################################################################################################################
2025-01-28 21:22:21,473 INFO c.h.h.t.HelmChartContainer - [test-hivemq-platform] [hivemq] [b3bc62b5] INFO  - Extension "Allow All Extension" version 1.1.1 started successfully.
2025-01-28 21:22:21,868 INFO c.h.h.t.HelmChartContainer - [test-hivemq-platform] [hivemq] [b3bc62b5] INFO  - [HiveMQ Platform Operator Init App 1.7.0-SNAPSHOT] Returning Health API response 503 for readiness
2025-01-28 21:22:21,872 INFO c.h.h.t.HelmChartContainer - [EVENT] Warning [Unhealthy] Readiness probe failed: HTTP probe failed with statuscode: 503 [helmwebsocketsit:test-hivemq-platform-0]
2025-01-28 21:22:21,872 INFO c.h.h.t.HelmChartContainer - Received Unhealthy event for container hivemq in pod test-hivemq-platform-0 [b3bc62b5-6c2a-4628-be77-d0796112a449]
2025-01-28 21:22:23,670 INFO c.h.h.t.HelmChartContainer - [test-hivemq-platform] [hivemq] [b3bc62b5] INFO  - wquff: no members discovered after 2603 ms: creating cluster as first member
2025-01-28 21:22:23,677 INFO c.h.h.t.HelmChartContainer - [test-hivemq-platform] [hivemq] [b3bc62b5] INFO  - Cluster nodes found by discovery: [wquff|0] (1) [wquff].
2025-01-28 21:22:23,699 INFO c.h.h.t.HelmChartContainer - [test-hivemq-platform] [hivemq] [b3bc62b5] WARN  - No user for HiveMQ Control Center configured. Starting with default user
2025-01-28 21:22:23,699 INFO c.h.h.t.HelmChartContainer - [test-hivemq-platform] [hivemq] [b3bc62b5] INFO  - Starting HiveMQ Control Center on address 127.0.0.1 and port 8080
2025-01-28 21:22:23,766 INFO c.h.h.t.HelmChartContainer - [test-hivemq-platform] [hivemq] [b3bc62b5] INFO  - Mounting HiveMQ Control Center V2 Preview
2025-01-28 21:22:24,376 INFO c.h.h.t.HelmChartContainer - [test-hivemq-platform] [hivemq] [b3bc62b5] INFO  - Started HiveMQ Control Center in 677ms
2025-01-28 21:22:24,390 INFO c.h.h.t.HelmChartContainer - [test-hivemq-platform] [hivemq] [b3bc62b5] INFO  - Starting Websocket listener on address 0.0.0.0 and port 8002
2025-01-28 21:22:25,274 INFO c.h.h.t.HelmChartContainer - [test-hivemq-platform] [hivemq] [b3bc62b5] INFO  - Enabled protocols for Websocket Listener with TLS at address 0.0.0.0 and port 8003: [TLSv1.3, TLSv1.2]
2025-01-28 21:22:25,275 INFO c.h.h.t.HelmChartContainer - [test-hivemq-platform] [hivemq] [b3bc62b5] INFO  - Enabled cipher suites for Websocket Listener with TLS at address 0.0.0.0 and port 8003: [TLS_ECDHE_ECDSA_WITH_AES_256_GCM_SHA384, TLS_ECDHE_ECDSA_WITH_AES_128_GCM_SHA256, TLS_ECDHE_RSA_WITH_AES_128_GCM_SHA256, TLS_ECDHE_RSA_WITH_AES_256_GCM_SHA384, TLS_ECDHE_RSA_WITH_AES_128_CBC_SHA, TLS_ECDHE_RSA_WITH_AES_256_CBC_SHA, TLS_RSA_WITH_AES_128_GCM_SHA256, TLS_RSA_WITH_AES_128_CBC_SHA, TLS_RSA_WITH_AES_256_CBC_SHA, TLS_AES_128_GCM_SHA256, TLS_AES_256_GCM_SHA384]
2025-01-28 21:22:25,275 INFO c.h.h.t.HelmChartContainer - [test-hivemq-platform] [hivemq] [b3bc62b5] INFO  - Starting Websocket TLS listener on address 0.0.0.0 and port 8003
2025-01-28 21:22:25,383 INFO c.h.h.t.HelmChartContainer - [test-hivemq-platform] [hivemq] [b3bc62b5] INFO  - Enabled protocols for Websocket Listener with TLS at address 0.0.0.0 and port 8004: [TLSv1.3, TLSv1.2]
2025-01-28 21:22:25,383 INFO c.h.h.t.HelmChartContainer - [test-hivemq-platform] [hivemq] [b3bc62b5] INFO  - Enabled cipher suites for Websocket Listener with TLS at address 0.0.0.0 and port 8004: [TLS_ECDHE_ECDSA_WITH_AES_256_GCM_SHA384, TLS_ECDHE_ECDSA_WITH_AES_128_GCM_SHA256, TLS_ECDHE_RSA_WITH_AES_128_GCM_SHA256, TLS_ECDHE_RSA_WITH_AES_256_GCM_SHA384, TLS_ECDHE_RSA_WITH_AES_128_CBC_SHA, TLS_ECDHE_RSA_WITH_AES_256_CBC_SHA, TLS_RSA_WITH_AES_128_GCM_SHA256, TLS_RSA_WITH_AES_128_CBC_SHA, TLS_RSA_WITH_AES_256_CBC_SHA, TLS_AES_128_GCM_SHA256, TLS_AES_256_GCM_SHA384]
2025-01-28 21:22:25,383 INFO c.h.h.t.HelmChartContainer - [test-hivemq-platform] [hivemq] [b3bc62b5] INFO  - Starting Websocket TLS listener on address 0.0.0.0 and port 8004
2025-01-28 21:22:25,466 INFO c.h.h.t.HelmChartContainer - [test-hivemq-platform] [hivemq] [b3bc62b5] INFO  - Started Websocket Listener on address 0.0.0.0 and on port 8002.
2025-01-28 21:22:25,466 INFO c.h.h.t.HelmChartContainer - [test-hivemq-platform] [hivemq] [b3bc62b5] INFO  - Started Websocket Listener with TLS on address 0.0.0.0 and on port 8003.
2025-01-28 21:22:25,466 INFO c.h.h.t.HelmChartContainer - [test-hivemq-platform] [hivemq] [b3bc62b5] INFO  - Started Websocket Listener with TLS on address 0.0.0.0 and on port 8004.
2025-01-28 21:22:25,466 INFO c.h.h.t.HelmChartContainer - [test-hivemq-platform] [hivemq] [b3bc62b5] INFO  - Started HiveMQ in 32289ms
2025-01-28 21:22:25,750 INFO c.h.h.t.HelmChartContainer - [K3S] [range_allocator.go:247] "Successfully synced" key="9568d0334c51"
2025-01-28 21:22:25,890 INFO c.h.h.t.HelmChartContainer - [test-hivemq-platform] [hivemq] [b3bc62b5] INFO  - [HiveMQ Platform Operator Init App 1.7.0-SNAPSHOT] Returning Health API response 200 for readiness
2025-01-28 21:22:25,903 INFO c.h.h.t.HelmChartContainer - [POD] test-hivemq-platform-0 [b3bc62b5-6c2a-4628-be77-d0796112a449] in helmwebsocketsit was MODIFIED
2025-01-28 21:22:25,924 INFO c.h.h.t.HelmChartContainer - [hivemq-test-hivemq-platform] [hivemq-platform-operator] [74c7eec7] 21:22:25.914 [pool-6-thread-15] DEBUG c.h.p.o.d.PlatformServiceResource - [helmwebs] Desired Platform services (4 services)
2025-01-28 21:22:25,924 INFO c.h.h.t.HelmChartContainer - [hivemq-test-hivemq-platform] [hivemq-platform-operator] [74c7eec7] 21:22:25.916 [pool-6-thread-16] DEBUG c.h.p.o.d.PodServiceAccountResource - [helmwebs] Desired PodServiceAccountResource (serviceAccountName: hivemq-platform-pod-test-hivemq-platform)
2025-01-28 21:22:25,925 INFO c.h.h.t.HelmChartContainer - [hivemq-test-hivemq-platform] [hivemq-platform-operator] [74c7eec7] 21:22:25.921 [pool-6-thread-11] DEBUG c.h.p.o.dependants.PodInfoConfigMap - [helmwebs] Desired PodInfo ConfigMap (1 extensions) (1 enabled)
2025-01-28 21:22:25,925 INFO c.h.h.t.HelmChartContainer - [hivemq-test-hivemq-platform] [hivemq-platform-operator] [74c7eec7] 21:22:25.921 [pool-6-thread-11] DEBUG c.h.p.o.dependants.PodInfoConfigMap - [helmwebs] Desired PodInfo ConfigMap (metrics port: 9399) (metrics path: /)
2025-01-28 21:22:25,925 INFO c.h.h.t.HelmChartContainer - [hivemq-test-hivemq-platform] [hivemq-platform-operator] [74c7eec7] 21:22:25.921 [pool-6-thread-11] DEBUG c.h.p.o.dependants.PodInfoConfigMap - [helmwebs] Desired PodInfo ConfigMap (extension state hash: -1817474005)
2025-01-28 21:22:25,929 INFO c.h.h.t.HelmChartContainer - [hivemq-test-hivemq-platform] [hivemq-platform-operator] [74c7eec7] 21:22:25.924 [pool-6-thread-15] DEBUG c.h.p.o.d.StatefulSetResource - [helmwebs] Desired StatefulSet (1 replicas) for status STARTING (READY)
2025-01-28 21:22:25,983 INFO c.h.h.t.HelmChartContainer - [hivemq-test-hivemq-platform] [hivemq-platform-operator] [74c7eec7] 21:22:25.980 [ReconcilerExecutor-hivemq-controller-116] INFO  c.h.p.o.HiveMQPlatformReconciler - [helmwebs] Reconciling HiveMQ Platform 'test-hivemq-platform' in namespace 'helmwebsocketsit'
2025-01-28 21:22:25,983 INFO c.h.h.t.HelmChartContainer - [hivemq-test-hivemq-platform] [hivemq-platform-operator] [74c7eec7] 21:22:25.980 [ReconcilerExecutor-hivemq-controller-116] DEBUG c.h.p.o.HiveMQPlatformReconciler - [helmwebs] Custom Resource Status STARTING - HiveMQ Platform is starting (READY)
2025-01-28 21:22:25,983 INFO c.h.h.t.HelmChartContainer - [hivemq-test-hivemq-platform] [hivemq-platform-operator] [74c7eec7] 21:22:25.980 [ReconcilerExecutor-hivemq-controller-116] DEBUG c.h.p.o.HiveMQPlatformReconciler - [helmwebs] Custom Resource Spec (replicas: 1) (extensions: 1)
2025-01-28 21:22:25,984 INFO c.h.h.t.HelmChartContainer - [hivemq-test-hivemq-platform] [hivemq-platform-operator] [74c7eec7] 21:22:25.982 [ReconcilerExecutor-hivemq-controller-116] DEBUG c.h.p.o.HiveMQPlatformReconciler - [helmwebs] StatefulSet Status (revision: test-hivemq-platform-68f5b6bb46, replicas: 1, available: 1, ready: 1, current: 1, updated: 1)
2025-01-28 21:22:25,985 INFO c.h.h.t.HelmChartContainer - [hivemq-test-hivemq-platform] [hivemq-platform-operator] [74c7eec7] 21:22:25.982 [ReconcilerExecutor-hivemq-controller-116] DEBUG c.h.p.o.HiveMQPlatformReconciler - [helmwebs] StatefulSet Spec (replicas: 1, init containers: 1, containers: 1, volumes: 6)
2025-01-28 21:22:25,985 INFO c.h.h.t.HelmChartContainer - [hivemq-test-hivemq-platform] [hivemq-platform-operator] [74c7eec7] 21:22:25.985 [ReconcilerExecutor-hivemq-controller-116] DEBUG c.h.p.o.h.HiveMQPlatformReconcilerErrorHandler - [helmwebs] Pod 'test-hivemq-platform-0' phase Running
2025-01-28 21:22:25,986 INFO c.h.h.t.HelmChartContainer - [hivemq-test-hivemq-platform] [hivemq-platform-operator] [74c7eec7] 21:22:25.985 [ReconcilerExecutor-hivemq-controller-116] INFO  c.h.p.o.h.HiveMQPlatformReconcilerBaseHandler - [helmwebs] HiveMQ Platform started successfully
2025-01-28 21:22:26,080 INFO c.h.h.t.HelmChartContainer - [hivemq-test-hivemq-platform] [hivemq-platform-operator] [74c7eec7] 21:22:26.079 [ReconcilerExecutor-hivemq-controller-116] DEBUG c.h.p.operator.event.EventSender - [helmwebs] Creating K8s event hivemq-platform-ready: [Ready] HiveMQ Platform is ready
2025-01-28 21:22:26,084 INFO c.h.h.t.HelmChartContainer - [EVENT] Normal [Ready] HiveMQ Platform is ready [helmwebsocketsit:test-hivemq-platform]
2025-01-28 21:22:26,085 INFO c.h.h.t.HelmChartContainer - [hivemq-test-hivemq-platform] [hivemq-platform-operator] [74c7eec7] 21:22:26.085 [ReconcilerExecutor-hivemq-controller-116] INFO  c.h.p.o.h.AbstractHiveMQReconcilerStateHandler - [helmwebs] Update HiveMQ Platform Status (STARTING [READY] -> RUNNING [READY]): HiveMQ Platform is ready
2025-01-28 21:22:26,094 DEBUG com.hivemq.helmcharts.util.K8sUtil - Comparing actual state 'RUNNING' and waiting for 'RUNNING'
2025-01-28 21:22:26,101 INFO c.h.h.t.HelmChartContainer - [hivemq-test-hivemq-platform] [hivemq-platform-operator] [74c7eec7] 21:22:26.096 [pool-6-thread-23] DEBUG c.h.p.o.d.PlatformServiceResource - [helmwebs] Desired Platform services (4 services)
2025-01-28 21:22:26,101 INFO c.h.h.t.HelmChartContainer - [hivemq-test-hivemq-platform] [hivemq-platform-operator] [74c7eec7] 21:22:26.097 [pool-6-thread-29] DEBUG c.h.p.o.dependants.PodInfoConfigMap - [helmwebs] Desired PodInfo ConfigMap (1 extensions) (1 enabled)
2025-01-28 21:22:26,101 INFO c.h.h.t.HelmChartContainer - [hivemq-test-hivemq-platform] [hivemq-platform-operator] [74c7eec7] 21:22:26.097 [pool-6-thread-29] DEBUG c.h.p.o.dependants.PodInfoConfigMap - [helmwebs] Desired PodInfo ConfigMap (metrics port: 9399) (metrics path: /)
2025-01-28 21:22:26,101 INFO c.h.h.t.HelmChartContainer - [hivemq-test-hivemq-platform] [hivemq-platform-operator] [74c7eec7] 21:22:26.097 [pool-6-thread-29] DEBUG c.h.p.o.dependants.PodInfoConfigMap - [helmwebs] Desired PodInfo ConfigMap (extension state hash: -1817474005)
2025-01-28 21:22:26,101 INFO c.h.h.t.HelmChartContainer - [hivemq-test-hivemq-platform] [hivemq-platform-operator] [74c7eec7] 21:22:26.098 [pool-6-thread-29] DEBUG c.h.p.o.dependants.PodInfoConfigMap - [helmwebs] Update PodInfo ConfigMap
2025-01-28 21:22:26,101 INFO c.h.h.t.HelmChartContainer - [hivemq-test-hivemq-platform] [hivemq-platform-operator] [74c7eec7] 21:22:26.098 [pool-6-thread-21] DEBUG c.h.p.o.d.PodServiceAccountResource - [helmwebs] Desired PodServiceAccountResource (serviceAccountName: hivemq-platform-pod-test-hivemq-platform)
2025-01-28 21:22:26,184 INFO c.h.h.t.HelmChartContainer - [hivemq-test-hivemq-platform] [hivemq-platform-operator] [74c7eec7] 21:22:26.183 [pool-6-thread-30] DEBUG c.h.p.o.d.StatefulSetResource - [helmwebs] Desired StatefulSet (1 replicas) for status RUNNING (READY)
2025-01-28 21:22:26,193 INFO c.h.h.t.HelmChartContainer - [hivemq-test-hivemq-platform] [hivemq-platform-operator] [74c7eec7] 21:22:26.189 [ReconcilerExecutor-hivemq-controller-117] INFO  c.h.p.o.HiveMQPlatformReconciler - [helmwebs] Reconciling HiveMQ Platform 'test-hivemq-platform' in namespace 'helmwebsocketsit'
2025-01-28 21:22:26,193 INFO c.h.h.t.HelmChartContainer - [hivemq-test-hivemq-platform] [hivemq-platform-operator] [74c7eec7] 21:22:26.189 [ReconcilerExecutor-hivemq-controller-117] DEBUG c.h.p.o.HiveMQPlatformReconciler - [helmwebs] Custom Resource Status RUNNING - HiveMQ Platform is ready (READY)
2025-01-28 21:22:26,193 INFO c.h.h.t.HelmChartContainer - [hivemq-test-hivemq-platform] [hivemq-platform-operator] [74c7eec7] 21:22:26.189 [ReconcilerExecutor-hivemq-controller-117] DEBUG c.h.p.o.HiveMQPlatformReconciler - [helmwebs] Custom Resource Spec (replicas: 1) (extensions: 1)
2025-01-28 21:22:26,193 INFO c.h.h.t.HelmChartContainer - [hivemq-test-hivemq-platform] [hivemq-platform-operator] [74c7eec7] 21:22:26.192 [ReconcilerExecutor-hivemq-controller-117] DEBUG c.h.p.o.HiveMQPlatformReconciler - [helmwebs] StatefulSet Status (revision: test-hivemq-platform-68f5b6bb46, replicas: 1, available: 1, ready: 1, current: 1, updated: 1)
2025-01-28 21:22:26,193 INFO c.h.h.t.HelmChartContainer - [hivemq-test-hivemq-platform] [hivemq-platform-operator] [74c7eec7] 21:22:26.192 [ReconcilerExecutor-hivemq-controller-117] DEBUG c.h.p.o.HiveMQPlatformReconciler - [helmwebs] StatefulSet Spec (replicas: 1, init containers: 1, containers: 1, volumes: 6)
2025-01-28 21:22:26,195 INFO c.h.h.t.HelmChartContainer - [hivemq-test-hivemq-platform] [hivemq-platform-operator] [74c7eec7] 21:22:26.194 [ReconcilerExecutor-hivemq-controller-117] DEBUG c.h.p.o.h.HiveMQPlatformReconcilerErrorHandler - [helmwebs] Pod 'test-hivemq-platform-0' phase Running
2025-01-28 21:22:29,416 INFO c.h.h.t.HelmChartContainer - Uninstalling release 'test-hivemq-platform' in namespace 'helmwebsocketsit'...
2025-01-28 21:22:29,416 DEBUG c.h.h.t.HelmChartContainer - Executing helm command: /bin/helm --kubeconfig /etc/rancher/k3s/k3s.yaml uninstall test-hivemq-platform  --wait --timeout 5m0s --cascade foreground --namespace helmwebsocketsit
2025-01-28 21:22:29,610 INFO c.h.h.t.HelmChartContainer - [hivemq-test-hivemq-platform] [hivemq-platform-operator] [74c7eec7] 21:22:29.609 [pool-6-thread-38] DEBUG c.h.p.o.d.PlatformServiceResource - [helmwebs] Desired Platform services (4 services)
2025-01-28 21:22:29,616 INFO c.h.h.t.HelmChartContainer - [hivemq-test-hivemq-platform] [hivemq-platform-operator] [74c7eec7] 21:22:29.611 [pool-6-thread-33] DEBUG c.h.p.o.d.PodServiceAccountResource - [helmwebs] Desired PodServiceAccountResource (serviceAccountName: hivemq-platform-pod-test-hivemq-platform)
2025-01-28 21:22:29,619 INFO c.h.h.t.HelmChartContainer - [hivemq-test-hivemq-platform] [hivemq-platform-operator] [74c7eec7] 21:22:29.614 [pool-6-thread-37] DEBUG c.h.p.o.dependants.PodInfoConfigMap - [helmwebs] Desired PodInfo ConfigMap (1 extensions) (1 enabled)
2025-01-28 21:22:29,619 INFO c.h.h.t.HelmChartContainer - [hivemq-test-hivemq-platform] [hivemq-platform-operator] [74c7eec7] 21:22:29.614 [pool-6-thread-37] DEBUG c.h.p.o.dependants.PodInfoConfigMap - [helmwebs] Desired PodInfo ConfigMap (metrics port: 9399) (metrics path: /)
2025-01-28 21:22:29,619 INFO c.h.h.t.HelmChartContainer - [hivemq-test-hivemq-platform] [hivemq-platform-operator] [74c7eec7] 21:22:29.614 [pool-6-thread-37] DEBUG c.h.p.o.dependants.PodInfoConfigMap - [helmwebs] Desired PodInfo ConfigMap (extension state hash: -1817474005)
2025-01-28 21:22:29,622 INFO c.h.h.t.HelmChartContainer - [hivemq-test-hivemq-platform] [hivemq-platform-operator] [74c7eec7] 21:22:29.617 [pool-6-thread-33] DEBUG c.h.p.o.d.StatefulSetResource - [helmwebs] Desired StatefulSet (1 replicas) for status RUNNING (READY)
2025-01-28 21:22:29,690 INFO c.h.h.t.HelmChartContainer - [hivemq-test-hivemq-platform] [hivemq-platform-operator] [74c7eec7] 21:22:29.689 [ReconcilerExecutor-hivemq-controller-118] INFO  c.h.p.o.HiveMQPlatformReconciler - [helmwebs] Reconciling HiveMQ Platform 'test-hivemq-platform' in namespace 'helmwebsocketsit'
2025-01-28 21:22:29,693 INFO c.h.h.t.HelmChartContainer - [hivemq-test-hivemq-platform] [hivemq-platform-operator] [74c7eec7] 21:22:29.689 [ReconcilerExecutor-hivemq-controller-118] DEBUG c.h.p.o.HiveMQPlatformReconciler - [helmwebs] Custom Resource Status RUNNING - HiveMQ Platform is ready (READY)
2025-01-28 21:22:29,693 INFO c.h.h.t.HelmChartContainer - [hivemq-test-hivemq-platform] [hivemq-platform-operator] [74c7eec7] 21:22:29.689 [ReconcilerExecutor-hivemq-controller-118] DEBUG c.h.p.o.HiveMQPlatformReconciler - [helmwebs] Custom Resource Spec (replicas: 1) (extensions: 1)
2025-01-28 21:22:29,693 INFO c.h.h.t.HelmChartContainer - [hivemq-test-hivemq-platform] [hivemq-platform-operator] [74c7eec7] 21:22:29.689 [ReconcilerExecutor-hivemq-controller-118] WARN  c.h.p.o.h.HiveMQPlatformReconcilerErrorHandler - [helmwebs] Could not find ConfigMap 'hivemq-configuration-test-hivemq-platform' for HiveMQ Platform configuration
2025-01-28 21:22:29,798 INFO c.h.h.t.HelmChartContainer - [hivemq-test-hivemq-platform] [hivemq-platform-operator] [74c7eec7] 21:22:29.797 [ReconcilerExecutor-hivemq-controller-118] DEBUG c.h.p.operator.event.EventSender - [helmwebs] Creating K8s event hivemq-platform-invalid-configuration: [Start] Could not find ConfigMap 'hivemq-configuration-test-hivemq-platform' for HiveMQ Platform configuration
2025-01-28 21:22:29,802 INFO c.h.h.t.HelmChartContainer - [EVENT] Warning [Start] Could not find ConfigMap 'hivemq-configuration-test-hivemq-platform' for HiveMQ Platform configuration [helmwebsocketsit:test-hivemq-platform]
2025-01-28 21:22:29,805 INFO c.h.h.t.HelmChartContainer - [hivemq-test-hivemq-platform] [hivemq-platform-operator] [74c7eec7] 21:22:29.802 [ReconcilerExecutor-hivemq-controller-118] INFO  c.h.p.o.h.AbstractHiveMQReconcilerStateHandler - [helmwebs] Update HiveMQ Platform Status (RUNNING [READY] -> ERROR [INVALID_CONFIG_MAP]): Could not find ConfigMap 'hivemq-configuration-test-hivemq-platform' for HiveMQ Platform configuration
2025-01-28 21:22:29,884 INFO c.h.h.t.HelmChartContainer - [hivemq-test-hivemq-platform] [hivemq-platform-operator] [74c7eec7] 21:22:29.811 [ReconcilerExecutor-hivemq-controller-118] ERROR i.j.o.p.event.EventProcessor - Error during event processing ExecutionScope{ resource id: ResourceID{name='test-hivemq-platform', namespace='helmwebsocketsit'}, version: 1285}
2025-01-28 21:22:29,884 INFO c.h.h.t.HelmChartContainer - [hivemq-test-hivemq-platform] [hivemq-platform-operator] [74c7eec7] io.fabric8.kubernetes.client.KubernetesClientException: Failure executing: PUT at: https://10.43.0.1:443/apis/hivemq.com/v1/namespaces/helmwebsocketsit/hivemq-platforms/test-hivemq-platform/status. Message: Operation cannot be fulfilled on hivemq-platforms.hivemq.com "test-hivemq-platform": the object has been modified; please apply your changes to the latest version and try again. Received status: Status(apiVersion=v1, code=409, details=StatusDetails(causes=[], group=hivemq.com, kind=hivemq-platforms, name=test-hivemq-platform, retryAfterSeconds=null, uid=null, additionalProperties={}), kind=Status, message=Operation cannot be fulfilled on hivemq-platforms.hivemq.com "test-hivemq-platform": the object has been modified; please apply your changes to the latest version and try again, metadata=ListMeta(_continue=null, remainingItemCount=null, resourceVersion=null, selfLink=null, additionalProperties={}), reason=Conflict, status=Failure, additionalProperties={}).
2025-01-28 21:22:29,884 INFO c.h.h.t.HelmChartContainer - [hivemq-test-hivemq-platform] [hivemq-platform-operator] [74c7eec7] 	at io.fabric8.kubernetes.client.KubernetesClientException.copyAsCause(KubernetesClientException.java:238)
2025-01-28 21:22:29,884 INFO c.h.h.t.HelmChartContainer - [hivemq-test-hivemq-platform] [hivemq-platform-operator] [74c7eec7] 	at io.fabric8.kubernetes.client.dsl.internal.OperationSupport.waitForResult(OperationSupport.java:507)
2025-01-28 21:22:29,884 INFO c.h.h.t.HelmChartContainer - [hivemq-test-hivemq-platform] [hivemq-platform-operator] [74c7eec7] 	at io.fabric8.kubernetes.client.dsl.internal.OperationSupport.handleResponse(OperationSupport.java:524)
2025-01-28 21:22:29,884 INFO c.h.h.t.HelmChartContainer - [hivemq-test-hivemq-platform] [hivemq-platform-operator] [74c7eec7] 	at io.fabric8.kubernetes.client.dsl.internal.OperationSupport.handleUpdate(OperationSupport.java:358)
2025-01-28 21:22:29,884 INFO c.h.h.t.HelmChartContainer - [hivemq-test-hivemq-platform] [hivemq-platform-operator] [74c7eec7] 	at io.fabric8.kubernetes.client.dsl.internal.BaseOperation.handleUpdate(BaseOperation.java:759)
2025-01-28 21:22:29,884 INFO c.h.h.t.HelmChartContainer - [hivemq-test-hivemq-platform] [hivemq-platform-operator] [74c7eec7] 	at io.fabric8.kubernetes.client.dsl.internal.HasMetadataOperation.update(HasMetadataOperation.java:138)
2025-01-28 21:22:29,884 INFO c.h.h.t.HelmChartContainer - [hivemq-test-hivemq-platform] [hivemq-platform-operator] [74c7eec7] 	at io.fabric8.kubernetes.client.dsl.internal.HasMetadataOperation.update(HasMetadataOperation.java:121)
2025-01-28 21:22:29,884 INFO c.h.h.t.HelmChartContainer - [hivemq-test-hivemq-platform] [hivemq-platform-operator] [74c7eec7] 	at io.fabric8.kubernetes.client.dsl.internal.HasMetadataOperation.updateStatus(HasMetadataOperation.java:126)
2025-01-28 21:22:29,884 INFO c.h.h.t.HelmChartContainer - [hivemq-test-hivemq-platform] [hivemq-platform-operator] [74c7eec7] 	at io.fabric8.kubernetes.client.dsl.internal.HasMetadataOperation.updateStatus(HasMetadataOperation.java:44)
2025-01-28 21:22:29,884 INFO c.h.h.t.HelmChartContainer - [hivemq-test-hivemq-platform] [hivemq-platform-operator] [74c7eec7] 	at io.javaoperatorsdk.operator.processing.event.ReconciliationDispatcher$CustomResourceFacade.updateStatus(ReconciliationDispatcher.java:408)
2025-01-28 21:22:29,884 INFO c.h.h.t.HelmChartContainer - [hivemq-test-hivemq-platform] [hivemq-platform-operator] [74c7eec7] 	at io.javaoperatorsdk.operator.processing.event.ReconciliationDispatcher.updateStatusGenerationAware(ReconciliationDispatcher.java:228)
2025-01-28 21:22:29,884 INFO c.h.h.t.HelmChartContainer - [hivemq-test-hivemq-platform] [hivemq-platform-operator] [74c7eec7] 	at io.javaoperatorsdk.operator.processing.event.ReconciliationDispatcher.reconcileExecution(ReconciliationDispatcher.java:150)
2025-01-28 21:22:29,884 INFO c.h.h.t.HelmChartContainer - [hivemq-test-hivemq-platform] [hivemq-platform-operator] [74c7eec7] 	at io.javaoperatorsdk.operator.processing.event.ReconciliationDispatcher.handleReconcile(ReconciliationDispatcher.java:117)
2025-01-28 21:22:29,884 INFO c.h.h.t.HelmChartContainer - [hivemq-test-hivemq-platform] [hivemq-platform-operator] [74c7eec7] 	at io.javaoperatorsdk.operator.processing.event.ReconciliationDispatcher.handleDispatch(ReconciliationDispatcher.java:91)
2025-01-28 21:22:29,884 INFO c.h.h.t.HelmChartContainer - [hivemq-test-hivemq-platform] [hivemq-platform-operator] [74c7eec7] 	at io.javaoperatorsdk.operator.processing.event.ReconciliationDispatcher.handleExecution(ReconciliationDispatcher.java:64)
2025-01-28 21:22:29,884 INFO c.h.h.t.HelmChartContainer - [hivemq-test-hivemq-platform] [hivemq-platform-operator] [74c7eec7] 	at io.javaoperatorsdk.operator.processing.event.EventProcessor$ReconcilerExecutor.run(EventProcessor.java:452)
2025-01-28 21:22:29,884 INFO c.h.h.t.HelmChartContainer - [hivemq-test-hivemq-platform] [hivemq-platform-operator] [74c7eec7] 	at java.base/java.util.concurrent.ThreadPoolExecutor.runWorker(Unknown Source)
2025-01-28 21:22:29,884 INFO c.h.h.t.HelmChartContainer - [hivemq-test-hivemq-platform] [hivemq-platform-operator] [74c7eec7] 	at java.base/java.util.concurrent.ThreadPoolExecutor$Worker.run(Unknown Source)
2025-01-28 21:22:29,884 INFO c.h.h.t.HelmChartContainer - [hivemq-test-hivemq-platform] [hivemq-platform-operator] [74c7eec7] 	at java.base/java.lang.Thread.run(Unknown Source)
2025-01-28 21:22:29,884 INFO c.h.h.t.HelmChartContainer - [hivemq-test-hivemq-platform] [hivemq-platform-operator] [74c7eec7] Caused by: io.fabric8.kubernetes.client.KubernetesClientException: Failure executing: PUT at: https://10.43.0.1:443/apis/hivemq.com/v1/namespaces/helmwebsocketsit/hivemq-platforms/test-hivemq-platform/status. Message: Operation cannot be fulfilled on hivemq-platforms.hivemq.com "test-hivemq-platform": the object has been modified; please apply your changes to the latest version and try again. Received status: Status(apiVersion=v1, code=409, details=StatusDetails(causes=[], group=hivemq.com, kind=hivemq-platforms, name=test-hivemq-platform, retryAfterSeconds=null, uid=null, additionalProperties={}), kind=Status, message=Operation cannot be fulfilled on hivemq-platforms.hivemq.com "test-hivemq-platform": the object has been modified; please apply your changes to the latest version and try again, metadata=ListMeta(_continue=null, remainingItemCount=null, resourceVersion=null, selfLink=null, additionalProperties={}), reason=Conflict, status=Failure, additionalProperties={}).
2025-01-28 21:22:29,884 INFO c.h.h.t.HelmChartContainer - [hivemq-test-hivemq-platform] [hivemq-platform-operator] [74c7eec7] 	at io.fabric8.kubernetes.client.dsl.internal.OperationSupport.requestFailure(OperationSupport.java:660)
2025-01-28 21:22:29,884 INFO c.h.h.t.HelmChartContainer - [hivemq-test-hivemq-platform] [hivemq-platform-operator] [74c7eec7] 	at io.fabric8.kubernetes.client.dsl.internal.OperationSupport.requestFailure(OperationSupport.java:640)
2025-01-28 21:22:29,884 INFO c.h.h.t.HelmChartContainer - [hivemq-test-hivemq-platform] [hivemq-platform-operator] [74c7eec7] 	at io.fabric8.kubernetes.client.dsl.internal.OperationSupport.assertResponseCode(OperationSupport.java:589)
2025-01-28 21:22:29,884 INFO c.h.h.t.HelmChartContainer - [hivemq-test-hivemq-platform] [hivemq-platform-operator] [74c7eec7] 	at io.fabric8.kubernetes.client.dsl.internal.OperationSupport.lambda$handleResponse$0(OperationSupport.java:549)
2025-01-28 21:22:29,886 INFO c.h.h.t.HelmChartContainer - [hivemq-test-hivemq-platform] [hivemq-platform-operator] [74c7eec7] 	at java.base/java.util.concurrent.CompletableFuture$UniApply.tryFire(Unknown Source)
2025-01-28 21:22:29,886 INFO c.h.h.t.HelmChartContainer - [hivemq-test-hivemq-platform] [hivemq-platform-operator] [74c7eec7] 	at java.base/java.util.concurrent.CompletableFuture.postComplete(Unknown Source)
2025-01-28 21:22:29,886 INFO c.h.h.t.HelmChartContainer - [hivemq-test-hivemq-platform] [hivemq-platform-operator] [74c7eec7] 	at java.base/java.util.concurrent.CompletableFuture.complete(Unknown Source)
2025-01-28 21:22:29,886 INFO c.h.h.t.HelmChartContainer - [hivemq-test-hivemq-platform] [hivemq-platform-operator] [74c7eec7] 	at io.fabric8.kubernetes.client.http.StandardHttpClient.lambda$completeOrCancel$10(StandardHttpClient.java:141)
2025-01-28 21:22:29,886 INFO c.h.h.t.HelmChartContainer - [hivemq-test-hivemq-platform] [hivemq-platform-operator] [74c7eec7] 	at java.base/java.util.concurrent.CompletableFuture.uniWhenComplete(Unknown Source)
2025-01-28 21:22:29,886 INFO c.h.h.t.HelmChartContainer - [hivemq-test-hivemq-platform] [hivemq-platform-operator] [74c7eec7] 	at java.base/java.util.concurrent.CompletableFuture$UniWhenComplete.tryFire(Unknown Source)
2025-01-28 21:22:29,886 INFO c.h.h.t.HelmChartContainer - [hivemq-test-hivemq-platform] [hivemq-platform-operator] [74c7eec7] 	at java.base/java.util.concurrent.CompletableFuture.postComplete(Unknown Source)
2025-01-28 21:22:29,886 INFO c.h.h.t.HelmChartContainer - [hivemq-test-hivemq-platform] [hivemq-platform-operator] [74c7eec7] 	at java.base/java.util.concurrent.CompletableFuture.complete(Unknown Source)
2025-01-28 21:22:29,886 INFO c.h.h.t.HelmChartContainer - [hivemq-test-hivemq-platform] [hivemq-platform-operator] [74c7eec7] 	at io.fabric8.kubernetes.client.http.ByteArrayBodyHandler.onBodyDone(ByteArrayBodyHandler.java:51)
2025-01-28 21:22:29,886 INFO c.h.h.t.HelmChartContainer - [hivemq-test-hivemq-platform] [hivemq-platform-operator] [74c7eec7] 	at java.base/java.util.concurrent.CompletableFuture.uniWhenComplete(Unknown Source)
2025-01-28 21:22:29,886 INFO c.h.h.t.HelmChartContainer - [hivemq-test-hivemq-platform] [hivemq-platform-operator] [74c7eec7] 	at java.base/java.util.concurrent.CompletableFuture$UniWhenComplete.tryFire(Unknown Source)
2025-01-28 21:22:29,886 INFO c.h.h.t.HelmChartContainer - [hivemq-test-hivemq-platform] [hivemq-platform-operator] [74c7eec7] 	at java.base/java.util.concurrent.CompletableFuture.postComplete(Unknown Source)
2025-01-28 21:22:29,886 INFO c.h.h.t.HelmChartContainer - [hivemq-test-hivemq-platform] [hivemq-platform-operator] [74c7eec7] 	at java.base/java.util.concurrent.CompletableFuture.complete(Unknown Source)
2025-01-28 21:22:29,886 INFO c.h.h.t.HelmChartContainer - [hivemq-test-hivemq-platform] [hivemq-platform-operator] [74c7eec7] 	at io.fabric8.kubernetes.client.vertx.VertxHttpRequest.lambda$null$1(VertxHttpRequest.java:121)
2025-01-28 21:22:29,886 INFO c.h.h.t.HelmChartContainer - [hivemq-test-hivemq-platform] [hivemq-platform-operator] [74c7eec7] 	at io.vertx.core.impl.ContextInternal.dispatch(ContextInternal.java:279)
2025-01-28 21:22:29,886 INFO c.h.h.t.HelmChartContainer - [hivemq-test-hivemq-platform] [hivemq-platform-operator] [74c7eec7] 	at io.vertx.core.impl.ContextInternal.dispatch(ContextInternal.java:261)
2025-01-28 21:22:29,886 INFO c.h.h.t.HelmChartContainer - [hivemq-test-hivemq-platform] [hivemq-platform-operator] [74c7eec7] 	at io.vertx.core.http.impl.HttpEventHandler.handleEnd(HttpEventHandler.java:76)
2025-01-28 21:22:29,886 INFO c.h.h.t.HelmChartContainer - [hivemq-test-hivemq-platform] [hivemq-platform-operator] [74c7eec7] 	at io.vertx.core.http.impl.HttpClientResponseImpl.handleEnd(HttpClientResponseImpl.java:250)
2025-01-28 21:22:29,886 INFO c.h.h.t.HelmChartContainer - [hivemq-test-hivemq-platform] [hivemq-platform-operator] [74c7eec7] 	at io.vertx.core.http.impl.Http1xClientConnection$StreamImpl.lambda$new$0(Http1xClientConnection.java:421)
2025-01-28 21:22:29,886 INFO c.h.h.t.HelmChartContainer - [hivemq-test-hivemq-platform] [hivemq-platform-operator] [74c7eec7] 	at io.vertx.core.streams.impl.InboundBuffer.handleEvent(InboundBuffer.java:279)
2025-01-28 21:22:29,886 INFO c.h.h.t.HelmChartContainer - [hivemq-test-hivemq-platform] [hivemq-platform-operator] [74c7eec7] 	at io.vertx.core.streams.impl.InboundBuffer.write(InboundBuffer.java:157)
2025-01-28 21:22:29,886 INFO c.h.h.t.HelmChartContainer - [hivemq-test-hivemq-platform] [hivemq-platform-operator] [74c7eec7] 	at io.vertx.core.http.impl.Http1xClientConnection$StreamImpl.handleEnd(Http1xClientConnection.java:709)
2025-01-28 21:22:29,886 INFO c.h.h.t.HelmChartContainer - [hivemq-test-hivemq-platform] [hivemq-platform-operator] [74c7eec7] 	at io.vertx.core.impl.ContextImpl.lambda$execute$4(ContextImpl.java:315)
2025-01-28 21:22:29,886 INFO c.h.h.t.HelmChartContainer - [hivemq-test-hivemq-platform] [hivemq-platform-operator] [74c7eec7] 	at io.netty.util.concurrent.AbstractEventExecutor.runTask(AbstractEventExecutor.java:173)
2025-01-28 21:22:29,886 INFO c.h.h.t.HelmChartContainer - [hivemq-test-hivemq-platform] [hivemq-platform-operator] [74c7eec7] 	at io.netty.util.concurrent.AbstractEventExecutor.safeExecute(AbstractEventExecutor.java:166)
2025-01-28 21:22:29,886 INFO c.h.h.t.HelmChartContainer - [hivemq-test-hivemq-platform] [hivemq-platform-operator] [74c7eec7] 	at io.netty.util.concurrent.SingleThreadEventExecutor.runAllTasks(SingleThreadEventExecutor.java:472)
2025-01-28 21:22:29,886 INFO c.h.h.t.HelmChartContainer - [hivemq-test-hivemq-platform] [hivemq-platform-operator] [74c7eec7] 	at io.netty.channel.nio.NioEventLoop.run(NioEventLoop.java:569)
2025-01-28 21:22:29,886 INFO c.h.h.t.HelmChartContainer - [hivemq-test-hivemq-platform] [hivemq-platform-operator] [74c7eec7] 	at io.netty.util.concurrent.SingleThreadEventExecutor$4.run(SingleThreadEventExecutor.java:997)
2025-01-28 21:22:29,886 INFO c.h.h.t.HelmChartContainer - [hivemq-test-hivemq-platform] [hivemq-platform-operator] [74c7eec7] 	at io.netty.util.internal.ThreadExecutorMap$2.run(ThreadExecutorMap.java:74)
2025-01-28 21:22:29,886 INFO c.h.h.t.HelmChartContainer - [hivemq-test-hivemq-platform] [hivemq-platform-operator] [74c7eec7] 	at io.netty.util.concurrent.FastThreadLocalRunnable.run(FastThreadLocalRunnable.java:30)
2025-01-28 21:22:29,886 INFO c.h.h.t.HelmChartContainer - [hivemq-test-hivemq-platform] [hivemq-platform-operator] [74c7eec7] 	... 1 common frames omitted
2025-01-28 21:22:29,890 INFO c.h.h.t.HelmChartContainer - [hivemq-test-hivemq-platform] [hivemq-platform-operator] [74c7eec7] 21:22:29.889 [ReconcilerExecutor-hivemq-controller-122] INFO  c.h.p.o.HiveMQPlatformReconciler - [helmwebs] Cleanup test-hivemq-platform - helmwebsocketsit HiveMQ Platform is shut down
2025-01-28 21:22:30,494 INFO c.h.h.t.HelmChartContainer - [POD] test-hivemq-platform-0 [b3bc62b5-6c2a-4628-be77-d0796112a449] in helmwebsocketsit was MODIFIED
2025-01-28 21:22:30,504 INFO c.h.h.t.HelmChartContainer - [EVENT] Normal [Killing] Stopping container hivemq [helmwebsocketsit:test-hivemq-platform-0]
2025-01-28 21:22:30,506 INFO c.h.h.t.HelmChartContainer - Received Killing event for container hivemq in pod test-hivemq-platform-0 [b3bc62b5-6c2a-4628-be77-d0796112a449]
2025-01-28 21:22:30,507 INFO c.h.h.t.HelmChartContainer - Container [test-hivemq-platform-0] [hivemq] [b3bc62b5-6c2a-4628-be77-d0796112a449] was terminated
2025-01-28 21:22:30,507 INFO c.h.h.t.HelmChartContainer - Stopped log watcher for hivemq in pod test-hivemq-platform-0 [b3bc62b5-6c2a-4628-be77-d0796112a449]
2025-01-28 21:22:30,513 INFO c.h.h.t.HelmChartContainer - [test-hivemq-platform] [hivemq] [b3bc62b5] INFO  - [HiveMQ Platform Operator Init App 1.7.0-SNAPSHOT] Shutting down
2025-01-28 21:22:30,527 INFO c.h.h.t.HelmChartContainer - [test-hivemq-platform] [hivemq] [b3bc62b5] INFO  - [HiveMQ Platform Operator Init App 1.7.0-SNAPSHOT] Stopping the HiveMQ Platform
2025-01-28 21:22:30,621 INFO c.h.h.t.HelmChartContainer - [test-hivemq-platform] [hivemq] [b3bc62b5] INFO  - Shutting down HiveMQ. Please wait, this could take a while...
2025-01-28 21:22:30,703 INFO c.h.h.t.HelmChartContainer - [test-hivemq-platform] [hivemq] [b3bc62b5] INFO  - Shutting down listeners and clients
2025-01-28 21:22:30,703 INFO c.h.h.t.HelmChartContainer - [test-hivemq-platform] [hivemq] [b3bc62b5] INFO  - Shutdown of listeners is done
2025-01-28 21:22:30,704 INFO c.h.h.t.HelmChartContainer - [test-hivemq-platform] [hivemq] [b3bc62b5] INFO  - No clients are connected, proceeding with shutdown
2025-01-28 21:22:30,883 INFO c.h.h.t.HelmChartContainer - [test-hivemq-platform] [hivemq] [b3bc62b5] INFO  - [HiveMQ Platform Operator Init App 1.7.0-SNAPSHOT] Returning shutdown Health API response 503 for readiness
2025-01-28 21:22:30,887 INFO c.h.h.t.HelmChartContainer - [EVENT] Warning [Unhealthy] Readiness probe failed: HTTP probe failed with statuscode: 503 [helmwebsocketsit:test-hivemq-platform-0]
2025-01-28 21:22:30,887 INFO c.h.h.t.HelmChartContainer - Received Unhealthy event for container hivemq in pod test-hivemq-platform-0 [b3bc62b5-6c2a-4628-be77-d0796112a449]
2025-01-28 21:22:31,513 INFO c.h.h.t.HelmChartContainer - [K3S] [authentication.go:74] "Unable to authenticate the request" err="[invalid bearer token, serviceaccounts \"hivemq-platform-pod-test-hivemq-platform\" not found]"
2025-01-28 21:22:31,534 INFO c.h.h.t.HelmChartContainer - [K3S] [authentication.go:74] "Unable to authenticate the request" err="[invalid bearer token, serviceaccounts \"hivemq-platform-pod-test-hivemq-platform\" not found]"
2025-01-28 21:22:31,605 INFO c.h.h.t.HelmChartContainer - [test-hivemq-platform] [hivemq] [b3bc62b5] WARN  - [HiveMQ Platform Operator Init App 1.7.0-SNAPSHOT] Could not update Pod annotations: Failure executing: GET at: https://10.43.0.1:443/api/v1/namespaces/helmwebsocketsit/pods/test-hivemq-platform-0. Message: Unauthorized. Received status: Status(apiVersion=v1, code=401, details=null, kind=Status, message=Unauthorized, metadata=ListMeta(_continue=null, remainingItemCount=null, resourceVersion=null, selfLink=null, additionalProperties={}), reason=Unauthorized, status=Failure, additionalProperties={}).
2025-01-28 21:22:31,665 INFO c.h.h.t.HelmChartContainer - Deleting namespace 'helmwebsocketsit'...
2025-01-28 21:22:33,704 INFO c.h.h.t.HelmChartContainer - [test-hivemq-platform] [hivemq] [b3bc62b5] INFO  - Shutting down extension system
2025-01-28 21:22:33,711 INFO c.h.h.t.HelmChartContainer - [test-hivemq-platform] [hivemq] [b3bc62b5] INFO  - Stopping extension with id hivemq-dns-cluster-discovery
2025-01-28 21:22:33,711 INFO c.h.h.t.HelmChartContainer - [test-hivemq-platform] [hivemq] [b3bc62b5] INFO  - Extension "DNS Cluster Discovery Extension" version 4.3.2 stopped successfully.
2025-01-28 21:22:33,711 INFO c.h.h.t.HelmChartContainer - [test-hivemq-platform] [hivemq] [b3bc62b5] INFO  - Stopping extension with id hivemq-prometheus-extension
2025-01-28 21:22:33,714 INFO c.h.h.t.HelmChartContainer - [test-hivemq-platform] [hivemq] [b3bc62b5] INFO  - Extension "Prometheus Monitoring Extension" version 4.0.12 stopped successfully.
2025-01-28 21:22:33,716 INFO c.h.h.t.HelmChartContainer - [test-hivemq-platform] [hivemq] [b3bc62b5] INFO  - Stopping extension with id hivemq-allow-all-extension
2025-01-28 21:22:33,716 INFO c.h.h.t.HelmChartContainer - [test-hivemq-platform] [hivemq] [b3bc62b5] INFO  - Extension "Allow All Extension" version 1.1.1 stopped successfully.
2025-01-28 21:22:35,887 INFO c.h.h.t.HelmChartContainer - [EVENT] Warning [Unhealthy] Readiness probe failed: HTTP probe failed with statuscode: 503 [helmwebsocketsit:test-hivemq-platform-0]
2025-01-28 21:22:35,887 INFO c.h.h.t.HelmChartContainer - Received Unhealthy event for container hivemq in pod test-hivemq-platform-0 [b3bc62b5-6c2a-4628-be77-d0796112a449]
2025-01-28 21:22:36,000 INFO c.h.h.t.HelmChartContainer - [test-hivemq-platform] [hivemq] [b3bc62b5] INFO  - Shutdown completed.
2025-01-28 21:22:36,349 INFO c.h.h.t.HelmChartContainer - [test-hivemq-platform] [hivemq] [b3bc62b5] INFO  - [HiveMQ Platform Operator Init App 1.7.0-SNAPSHOT] The HiveMQ Platform exited with code 143
2025-01-28 21:22:36,350 INFO c.h.h.t.HelmChartContainer - [test-hivemq-platform] [hivemq] [b3bc62b5] INFO  - [HiveMQ Platform Operator Init App 1.7.0-SNAPSHOT] Stopping the REST API
2025-01-28 21:22:36,355 INFO c.h.h.t.HelmChartContainer - [test-hivemq-platform] [hivemq] [b3bc62b5] INFO  - [HiveMQ Platform Operator Init App 1.7.0-SNAPSHOT] Shutdown complete
2025-01-28 21:22:36,822 INFO c.h.h.t.HelmChartContainer - [K3S] [stateful_set.go:466] "StatefulSet has been deleted" key="helmwebsocketsit/test-hivemq-platform"
2025-01-28 21:22:36,834 INFO c.h.h.t.HelmChartContainer - [POD] test-hivemq-platform-0 [b3bc62b5-6c2a-4628-be77-d0796112a449] in helmwebsocketsit was MODIFIED
2025-01-28 21:22:36,845 INFO c.h.h.t.HelmChartContainer - [K3S] [reconciler_common.go:162] "operationExecutor.UnmountVolume started for volume \"broker-configuration\" (UniqueName: \"kubernetes.io/configmap/b3bc62b5-6c2a-4628-be77-d0796112a449-broker-configuration\") pod \"b3bc62b5-6c2a-4628-be77-d0796112a449\" (UID: \"b3bc62b5-6c2a-4628-be77-d0796112a449\") "
2025-01-28 21:22:36,845 INFO c.h.h.t.HelmChartContainer - [K3S] [reconciler_common.go:162] "operationExecutor.UnmountVolume started for volume \"operator-init\" (UniqueName: \"kubernetes.io/empty-dir/b3bc62b5-6c2a-4628-be77-d0796112a449-operator-init\") pod \"b3bc62b5-6c2a-4628-be77-d0796112a449\" (UID: \"b3bc62b5-6c2a-4628-be77-d0796112a449\") "
2025-01-28 21:22:36,846 INFO c.h.h.t.HelmChartContainer - [K3S] [reconciler_common.go:162] "operationExecutor.UnmountVolume started for volume \"pod-info\" (UniqueName: \"kubernetes.io/configmap/b3bc62b5-6c2a-4628-be77-d0796112a449-pod-info\") pod \"b3bc62b5-6c2a-4628-be77-d0796112a449\" (UID: \"b3bc62b5-6c2a-4628-be77-d0796112a449\") "
2025-01-28 21:22:36,846 INFO c.h.h.t.HelmChartContainer - [K3S] [reconciler_common.go:162] "operationExecutor.UnmountVolume started for volume \"ws-keystore-8003\" (UniqueName: \"kubernetes.io/secret/b3bc62b5-6c2a-4628-be77-d0796112a449-ws-keystore-8003\") pod \"b3bc62b5-6c2a-4628-be77-d0796112a449\" (UID: \"b3bc62b5-6c2a-4628-be77-d0796112a449\") "
2025-01-28 21:22:36,847 INFO c.h.h.t.HelmChartContainer - [K3S] [reconciler_common.go:162] "operationExecutor.UnmountVolume started for volume \"ws-keystore-8004\" (UniqueName: \"kubernetes.io/secret/b3bc62b5-6c2a-4628-be77-d0796112a449-ws-keystore-8004\") pod \"b3bc62b5-6c2a-4628-be77-d0796112a449\" (UID: \"b3bc62b5-6c2a-4628-be77-d0796112a449\") "
2025-01-28 21:22:36,847 INFO c.h.h.t.HelmChartContainer - [K3S] [reconciler_common.go:162] "operationExecutor.UnmountVolume started for volume \"kube-api-access-z7l57\" (UniqueName: \"kubernetes.io/projected/b3bc62b5-6c2a-4628-be77-d0796112a449-kube-api-access-z7l57\") pod \"b3bc62b5-6c2a-4628-be77-d0796112a449\" (UID: \"b3bc62b5-6c2a-4628-be77-d0796112a449\") "
2025-01-28 21:22:36,847 INFO c.h.h.t.HelmChartContainer - [K3S] [reconciler_common.go:162] "operationExecutor.UnmountVolume started for volume \"ws-truststore-8004\" (UniqueName: \"kubernetes.io/secret/b3bc62b5-6c2a-4628-be77-d0796112a449-ws-truststore-8004\") pod \"b3bc62b5-6c2a-4628-be77-d0796112a449\" (UID: \"b3bc62b5-6c2a-4628-be77-d0796112a449\") "
2025-01-28 21:22:36,945 INFO c.h.h.t.HelmChartContainer - [K3S] [reconciler_common.go:299] "Volume detached for volume \"ws-keystore-8003\" (UniqueName: \"kubernetes.io/secret/b3bc62b5-6c2a-4628-be77-d0796112a449-ws-keystore-8003\") on node \"9568d0334c51\" DevicePath \"\""
2025-01-28 21:22:36,945 INFO c.h.h.t.HelmChartContainer - [K3S] [reconciler_common.go:299] "Volume detached for volume \"ws-keystore-8004\" (UniqueName: \"kubernetes.io/secret/b3bc62b5-6c2a-4628-be77-d0796112a449-ws-keystore-8004\") on node \"9568d0334c51\" DevicePath \"\""
2025-01-28 21:22:36,945 INFO c.h.h.t.HelmChartContainer - [K3S] [reconciler_common.go:299] "Volume detached for volume \"ws-truststore-8004\" (UniqueName: \"kubernetes.io/secret/b3bc62b5-6c2a-4628-be77-d0796112a449-ws-truststore-8004\") on node \"9568d0334c51\" DevicePath \"\""
2025-01-28 21:22:36,945 INFO c.h.h.t.HelmChartContainer - [K3S] [reconciler_common.go:299] "Volume detached for volume \"kube-api-access-z7l57\" (UniqueName: \"kubernetes.io/projected/b3bc62b5-6c2a-4628-be77-d0796112a449-kube-api-access-z7l57\") on node \"9568d0334c51\" DevicePath \"\""
2025-01-28 21:22:36,945 INFO c.h.h.t.HelmChartContainer - [K3S] [reconciler_common.go:299] "Volume detached for volume \"broker-configuration\" (UniqueName: \"kubernetes.io/configmap/b3bc62b5-6c2a-4628-be77-d0796112a449-broker-configuration\") on node \"9568d0334c51\" DevicePath \"\""
2025-01-28 21:22:36,945 INFO c.h.h.t.HelmChartContainer - [K3S] [reconciler_common.go:299] "Volume detached for volume \"operator-init\" (UniqueName: \"kubernetes.io/empty-dir/b3bc62b5-6c2a-4628-be77-d0796112a449-operator-init\") on node \"9568d0334c51\" DevicePath \"\""
2025-01-28 21:22:36,945 INFO c.h.h.t.HelmChartContainer - [K3S] [reconciler_common.go:299] "Volume detached for volume \"pod-info\" (UniqueName: \"kubernetes.io/configmap/b3bc62b5-6c2a-4628-be77-d0796112a449-pod-info\") on node \"9568d0334c51\" DevicePath \"\""
2025-01-28 21:22:37,004 INFO c.h.h.t.HelmChartContainer - [K3S] [scope.go:117] "RemoveContainer" containerID="ffc25ff7ecbd3b86649929a32f152231428fa4bea4db803b36fec1ef2487cb9c"
2025-01-28 21:22:37,041 INFO c.h.h.t.HelmChartContainer - [POD] test-hivemq-platform-0 [b3bc62b5-6c2a-4628-be77-d0796112a449] in helmwebsocketsit was MODIFIED
2025-01-28 21:22:37,047 INFO c.h.h.t.HelmChartContainer - [POD] test-hivemq-platform-0 [b3bc62b5-6c2a-4628-be77-d0796112a449] in helmwebsocketsit was DELETED
2025-01-28 21:22:37,127 INFO c.h.h.t.HelmChartContainer - [K3S] [scope.go:117] "RemoveContainer" containerID="7da8b3704e308d6a7ee3fe6cfb43114cb94a1116c439acc6e89fb304af49e2f0"
2025-01-28 21:22:37,131 INFO c.h.h.t.HelmChartContainer - [K3S] [scope.go:117] "RemoveContainer" containerID="ffc25ff7ecbd3b86649929a32f152231428fa4bea4db803b36fec1ef2487cb9c"
2025-01-28 21:22:37,132 INFO c.h.h.t.HelmChartContainer - [K3S] [scope.go:117] "RemoveContainer" containerID="7da8b3704e308d6a7ee3fe6cfb43114cb94a1116c439acc6e89fb304af49e2f0"
2025-01-28 21:22:38,422 INFO c.h.h.t.HelmChartContainer - [K3S] [kubelet_volumes.go:163] "Cleaned up orphaned pod volumes dir" podUID="b3bc62b5-6c2a-4628-be77-d0796112a449" path="/var/lib/kubelet/pods/b3bc62b5-6c2a-4628-be77-d0796112a449/volumes"
2025-01-28 21:22:41,989 INFO c.h.h.t.HelmChartContainer - Namespace 'helmwebsocketsit' deleted
2025-01-28 21:22:41,989 INFO c.h.h.t.HelmChartContainer - Release 'test-hivemq-platform' in namespace 'helmwebsocketsit' is uninstalled
2025-01-28 21:22:41,989 INFO c.h.h.t.HelmChartContainer - Uninstalling release 'test-hivemq-platform-operator' in namespace 'helmwebsocketsit-operator'...
2025-01-28 21:22:41,989 DEBUG c.h.h.t.HelmChartContainer - Executing helm command: /bin/helm --kubeconfig /etc/rancher/k3s/k3s.yaml uninstall test-hivemq-platform-operator  --wait --timeout 5m0s --cascade foreground --namespace helmwebsocketsit-operator
2025-01-28 21:22:42,150 INFO c.h.h.t.HelmChartContainer - [K3S] [replica_set.go:679] "Finished syncing" kind="ReplicaSet" key="helmwebsocketsit-operator/hivemq-test-hivemq-platform-operator-6966f96d65" duration="7.679418ms"
2025-01-28 21:22:42,150 INFO c.h.h.t.HelmChartContainer - [K3S] [replica_set.go:679] "Finished syncing" kind="ReplicaSet" key="helmwebsocketsit-operator/hivemq-test-hivemq-platform-operator-6966f96d65" duration="32.611µs"
2025-01-28 21:22:42,172 INFO c.h.h.t.HelmChartContainer - [POD] hivemq-test-hivemq-platform-operator-6966f96d65-6nppn [74c7eec7-8877-4667-897c-343c339696c6] in helmwebsocketsit-operator was MODIFIED
2025-01-28 21:22:42,185 INFO c.h.h.t.HelmChartContainer - [K3S] [replica_set.go:679] "Finished syncing" kind="ReplicaSet" key="helmwebsocketsit-operator/hivemq-test-hivemq-platform-operator-6966f96d65" duration="12.23949ms"
2025-01-28 21:22:42,186 INFO c.h.h.t.HelmChartContainer - [EVENT] Normal [Killing] Stopping container hivemq-platform-operator [helmwebsocketsit-operator:hivemq-test-hivemq-platform-operator-6966f96d65-6nppn]
2025-01-28 21:22:42,186 INFO c.h.h.t.HelmChartContainer - Received Killing event for container hivemq-platform-operator in pod hivemq-test-hivemq-platform-operator-6966f96d65-6nppn [74c7eec7-8877-4667-897c-343c339696c6]
2025-01-28 21:22:42,186 INFO c.h.h.t.HelmChartContainer - Container [hivemq-test-hivemq-platform-operator-6966f96d65-6nppn] [hivemq-platform-operator] [74c7eec7-8877-4667-897c-343c339696c6] was terminated
2025-01-28 21:22:42,186 INFO c.h.h.t.HelmChartContainer - Stopped log watcher for hivemq-platform-operator in pod hivemq-test-hivemq-platform-operator-6966f96d65-6nppn [74c7eec7-8877-4667-897c-343c339696c6]
2025-01-28 21:22:42,188 INFO c.h.h.t.HelmChartContainer - [hivemq-test-hivemq-platform] [hivemq-platform-operator] [74c7eec7] 21:22:42.185 [application-shutdown-thread] INFO  c.h.p.o.HiveMQPlatformOperatorApplication - HiveMQ Platform Operator is stopping...
2025-01-28 21:22:42,188 INFO c.h.h.t.HelmChartContainer - [hivemq-test-hivemq-platform] [hivemq-platform-operator] [74c7eec7] 21:22:42.185 [application-shutdown-thread] INFO  i.javaoperatorsdk.operator.Operator - Operator SDK 4.9.7 is shutting down...
2025-01-28 21:22:42,192 INFO c.h.h.t.HelmChartContainer - [K3S] [replica_set.go:679] "Finished syncing" kind="ReplicaSet" key="helmwebsocketsit-operator/hivemq-test-hivemq-platform-operator-6966f96d65" duration="1.955654ms"
2025-01-28 21:22:42,721 INFO c.h.h.t.HelmChartContainer - [K3S] [replica_set.go:679] "Finished syncing" kind="ReplicaSet" key="helmwebsocketsit-operator/hivemq-test-hivemq-platform-operator-6966f96d65" duration="39.714µs"
2025-01-28 21:22:42,722 INFO c.h.h.t.HelmChartContainer - [POD] hivemq-test-hivemq-platform-operator-6966f96d65-6nppn [74c7eec7-8877-4667-897c-343c339696c6] in helmwebsocketsit-operator was MODIFIED
2025-01-28 21:22:42,777 INFO c.h.h.t.HelmChartContainer - [K3S] [reconciler_common.go:162] "operationExecutor.UnmountVolume started for volume \"kube-api-access-696hz\" (UniqueName: \"kubernetes.io/projected/74c7eec7-8877-4667-897c-343c339696c6-kube-api-access-696hz\") pod \"74c7eec7-8877-4667-897c-343c339696c6\" (UID: \"74c7eec7-8877-4667-897c-343c339696c6\") "
2025-01-28 21:22:42,877 INFO c.h.h.t.HelmChartContainer - [K3S] [reconciler_common.go:299] "Volume detached for volume \"kube-api-access-696hz\" (UniqueName: \"kubernetes.io/projected/74c7eec7-8877-4667-897c-343c339696c6-kube-api-access-696hz\") on node \"9568d0334c51\" DevicePath \"\""
2025-01-28 21:22:43,013 INFO c.h.h.t.HelmChartContainer - [K3S] [scope.go:117] "RemoveContainer" containerID="70693ae3d69952214b01685bc2b0ddf8526661f79b2ef2ed508f5f9702087cb5"
2025-01-28 21:22:43,017 INFO c.h.h.t.HelmChartContainer - [K3S] [scope.go:117] "RemoveContainer" containerID="70693ae3d69952214b01685bc2b0ddf8526661f79b2ef2ed508f5f9702087cb5"
2025-01-28 21:22:43,025 INFO c.h.h.t.HelmChartContainer - [K3S] [replica_set.go:679] "Finished syncing" kind="ReplicaSet" key="helmwebsocketsit-operator/hivemq-test-hivemq-platform-operator-6966f96d65" duration="40.386µs"
2025-01-28 21:22:43,025 INFO c.h.h.t.HelmChartContainer - [POD] hivemq-test-hivemq-platform-operator-6966f96d65-6nppn [74c7eec7-8877-4667-897c-343c339696c6] in helmwebsocketsit-operator was MODIFIED
2025-01-28 21:22:43,026 INFO c.h.h.t.HelmChartContainer - [K3S] [replica_set.go:679] "Finished syncing" kind="ReplicaSet" key="helmwebsocketsit-operator/hivemq-test-hivemq-platform-operator-6966f96d65" duration="21.029µs"
2025-01-28 21:22:43,027 INFO c.h.h.t.HelmChartContainer - [POD] hivemq-test-hivemq-platform-operator-6966f96d65-6nppn [74c7eec7-8877-4667-897c-343c339696c6] in helmwebsocketsit-operator was DELETED
2025-01-28 21:22:43,036 INFO c.h.h.t.HelmChartContainer - [K3S] [replica_set.go:679] "Finished syncing" kind="ReplicaSet" key="helmwebsocketsit-operator/hivemq-test-hivemq-platform-operator-6966f96d65" duration="5.911µs"
2025-01-28 21:22:44,190 INFO c.h.h.t.HelmChartContainer - Deleting namespace 'helmwebsocketsit-operator'...
2025-01-28 21:22:44,421 INFO c.h.h.t.HelmChartContainer - [K3S] [kubelet_volumes.go:163] "Cleaned up orphaned pod volumes dir" podUID="74c7eec7-8877-4667-897c-343c339696c6" path="/var/lib/kubelet/pods/74c7eec7-8877-4667-897c-343c339696c6/volumes"
2025-01-28 21:22:46,954 INFO c.h.h.t.HelmChartContainer - [K3S] [namespace_controller.go:187] "Namespace has been deleted" namespace="helmwebsocketsit"
2025-01-28 21:22:49,404 INFO c.h.h.t.HelmChartContainer - Namespace 'helmwebsocketsit-operator' deleted
2025-01-28 21:22:49,404 INFO c.h.h.t.HelmChartContainer - Release 'test-hivemq-platform-operator' in namespace 'helmwebsocketsit-operator' is uninstalled
2025-01-28 21:22:50,043 INFO c.h.helmcharts.AbstractHelmChartIT - Removed unused containers:

2025-01-28 21:22:54,309 INFO c.h.h.t.HelmChartContainer - [K3S] [namespace_controller.go:187] "Namespace has been deleted" namespace="helmwebsocketsit-operator"
2025-01-28 21:22:57,520 INFO c.h.helmcharts.AbstractHelmChartIT - Removed unused snapshots:
Removing snapshot sha256:03af251906410714c5aef9fa705b63f6bbc39c4a5e787de7361eeb18886c2ed2
Removing snapshot sha256:0c46b3b43cce082ce5ec34ffc6c294e0417d17b9d1e6f366d114b6aadc4f96dc
Removing snapshot sha256:0ce761beee59082d6ed5bcebd3a805b8ddd9b3426b617e4809e7fb7c6587ffec
Removing snapshot sha256:0df91287303208332c8ff6ba40ae4710105201739addbfbddfb955f1ad593664
Removing snapshot sha256:1021ef88c7974bfff89c5a0ec4fd3160daac6c48a075f74cff721f85dd104e68
Removing snapshot sha256:10aba4953ddc18145dd38e3704709bc464aa20af60b56fe52caaff4b68411e62
Removing snapshot sha256:19cf104600d5d2926d790a196779522c39c555ce1ad7512197c2a538662d204e
Removing snapshot sha256:2573e0d8158209ed54ab25c87bcdcb00bd3d2539246960a3d592a1c599d70465
Removing snapshot sha256:362a8a37f8bbc31925a8146adcf7cf51f9882f5c1dcbef67c5baa03a297543c0
Removing snapshot sha256:3fa4ad33f0ddc8fd45b39b6b4640f82a3a83619606cd975bfe89d8710ad2d4cd
Removing snapshot sha256:43a7c979bbaba6838bc3102d6b10a1459f3ab050b87ccdfef84ef90cf43d3058
Removing snapshot sha256:4ab04491cdf0d3267f08206fe30bd48f49f94b9cab2f016d6739220f722a64af
Removing snapshot sha256:4b6068250e89c96f263060261819c7d912855bfbd64b3eb4c4a8483299b8c295
Removing snapshot sha256:580e69a0a8034ede1921139bbd2bfb72a69ebf276d008281896c32dd8bf74775
Removing snapshot sha256:5d30ba46b27fe37484567ccc5242cadc78217b8da605f3f195ef25cbf7487904
Removing snapshot sha256:63ca1fbb43ae5034640e5e6cb3e083e05c290072c5366fcaa9d62435a4cced85
Removing snapshot sha256:67f702c6baae873bceb19487c8b1f27bd2b86077e4f2f0e480e6d60ab508b8f5
Removing snapshot sha256:6864348dd42806d552efdec384f1274be15e2d0c10ce44c1f04347af004c10a9
Removing snapshot sha256:6c7dee8f2c39b84b7dc2711c01d33de93514d9055499173e9290176fbe484b6c
Removing snapshot sha256:82753493a6d61ded36556292f02f31841a14c20d2f279f19eaad65afb661d5cd
Removing snapshot sha256:8a10d3db42c505ee0fcfa98417bdd7e39b304f6bcc0a06bb1b220797ff2cc63c
Removing snapshot sha256:a21e5b12dbac529ad45d976eb9ce45c881f3bedcc500fb30aba1e52aa1813418
Removing snapshot sha256:aa65d828813d0f8827a821b2f882f19bc73ca870e2284e462ab05046990ddb07
Removing snapshot sha256:b921e6c28969094157f9b8e7244677780319637afd14450b7cb6b2fdea558a0c
Removing snapshot sha256:bc27ecb5769a00e309cf99ebc763c4a4b958b618d1decc96ffac5bc05f02f5b7
Removing snapshot sha256:be3ccb6627a5332e309d45ef461d09b4879dd870c7394d89323d0ebc6ca6aa8a
Removing snapshot sha256:c261f7cbbc64211ee175ee47273acdb7b1a36a4450b397a064a8f2c026490095
Removing snapshot sha256:c34d9393647eea0c9e3557ab988efaf59f61d10a2a5613b439ef0958cca5ec10
Removing snapshot sha256:ccf3c4a0fa967a41c1c83497a2ce6fa5787965859df0adb32c4ca2cf7490bc2b
Removing snapshot sha256:cf92d33f869417309692088c341cd0f223c178ea78a125f757317b22aa8f90e9
Removing snapshot sha256:d0037344cf2fb078884f1849f6a1f8cf9a33a3b6139b6a85833e5ee528e1f9a8
Removing snapshot sha256:d3b36d5b79273b1e98e7700470eaeff05a882e777124d84cebcc1505b85ecb36
Removing snapshot sha256:d65a44a37914602d12c611e5e22a50f11451d847e63015cc1c2aef92dee777a4
Removing snapshot sha256:e2dc0bae2455930f23ae570e019b7f32edc75c0f2d71cab084db837ff9051796
Removing snapshot sha256:eccbd24a99c60cd9e86ee5305dbfc4a4dc89f5ab4fb1f06c8d64797cecedef34
Removing snapshot sha256:f144bb4c7c7f0d2aa7eeffd36d934ec40db1ee167be727e326aad9fdc616f475

]]></system-out>
  </testcase>
  <testcase name="platformChart_whenMtlsWebsocketEnabled_thenSendsReceivesMessage(Path)" classname="com.hivemq.helmcharts.services.HelmWebsocketsIT" time="104.614">
    <system-out><![CDATA[2025-01-28 21:22:57,526 INFO c.h.h.t.HelmChartContainer - Creating namespace 'helmwebsocketsit-operator'...
2025-01-28 21:22:57,530 INFO c.h.h.t.HelmChartContainer - Namespace 'helmwebsocketsit-operator' created
2025-01-28 21:22:57,530 INFO c.h.h.t.HelmChartContainer - Creating namespace 'helmwebsocketsit'...
2025-01-28 21:22:57,536 INFO c.h.h.t.HelmChartContainer - Namespace 'helmwebsocketsit' created
2025-01-28 21:22:57,601 DEBUG c.h.h.t.HelmChartContainer - Executing helm command: /bin/helm --kubeconfig /etc/rancher/k3s/k3s.yaml install test-hivemq-platform-operator /charts/hivemq-platform-operator --wait --timeout 5m0s --set image.repository=docker.io/hivemq --set image.name=hivemq-platform-operator-test --set image.initImageName=hivemq-platform-operator-init-test --set image.tag=snapshot --set image.pullPolicy=Never --set logLevel=DEBUG --set resources.cpu=512m --namespace helmwebsocketsit-operator
2025-01-28 21:22:57,909 INFO c.h.h.t.HelmChartContainer - [K3S] [alloc.go:330] "allocated clusterIPs" service="helmwebsocketsit-operator/hivemq-platform-operator-test-hivemq-platform-operator" clusterIPs={"IPv4":"10.43.173.101"}
2025-01-28 21:22:57,926 INFO c.h.h.t.HelmChartContainer - [EVENT] Normal [ScalingReplicaSet] Scaled up replica set hivemq-test-hivemq-platform-operator-6966f96d65 from 0 to 1 [helmwebsocketsit-operator:hivemq-test-hivemq-platform-operator]
2025-01-28 21:22:57,935 INFO c.h.h.t.HelmChartContainer - [POD] hivemq-test-hivemq-platform-operator-6966f96d65-j6d8j [e75fcfb9-71f8-43bc-8887-ede1d2ed636d] in helmwebsocketsit-operator was ADDED
2025-01-28 21:22:57,940 INFO c.h.h.t.HelmChartContainer - [K3S] [replica_set.go:679] "Finished syncing" kind="ReplicaSet" key="helmwebsocketsit-operator/hivemq-test-hivemq-platform-operator-6966f96d65" duration="18.092576ms"
2025-01-28 21:22:57,945 INFO c.h.h.t.HelmChartContainer - [EVENT] Normal [SuccessfulCreate] Created pod: hivemq-test-hivemq-platform-operator-6966f96d65-j6d8j [helmwebsocketsit-operator:hivemq-test-hivemq-platform-operator-6966f96d65]
2025-01-28 21:22:57,945 INFO c.h.h.t.HelmChartContainer - [POD] hivemq-test-hivemq-platform-operator-6966f96d65-j6d8j [e75fcfb9-71f8-43bc-8887-ede1d2ed636d] in helmwebsocketsit-operator was MODIFIED
2025-01-28 21:22:57,945 INFO c.h.h.t.HelmChartContainer - [K3S] [memory_manager.go:355] "RemoveStaleState removing state" podUID="74c7eec7-8877-4667-897c-343c339696c6" containerName="hivemq-platform-operator"
2025-01-28 21:22:57,946 INFO c.h.h.t.HelmChartContainer - [K3S] [memory_manager.go:355] "RemoveStaleState removing state" podUID="b3bc62b5-6c2a-4628-be77-d0796112a449" containerName="hivemq"
2025-01-28 21:22:57,954 INFO c.h.h.t.HelmChartContainer - [EVENT] Normal [Scheduled] Successfully assigned helmwebsocketsit-operator/hivemq-test-hivemq-platform-operator-6966f96d65-j6d8j to 9568d0334c51 [helmwebsocketsit-operator:hivemq-test-hivemq-platform-operator-6966f96d65-j6d8j]
2025-01-28 21:22:57,964 INFO c.h.h.t.HelmChartContainer - [POD] hivemq-test-hivemq-platform-operator-6966f96d65-j6d8j [e75fcfb9-71f8-43bc-8887-ede1d2ed636d] in helmwebsocketsit-operator was MODIFIED
2025-01-28 21:22:57,968 INFO c.h.h.t.HelmChartContainer - [K3S] [replica_set.go:679] "Finished syncing" kind="ReplicaSet" key="helmwebsocketsit-operator/hivemq-test-hivemq-platform-operator-6966f96d65" duration="28.049188ms"
2025-01-28 21:22:57,968 INFO c.h.h.t.HelmChartContainer - [K3S] [replica_set.go:679] "Finished syncing" kind="ReplicaSet" key="helmwebsocketsit-operator/hivemq-test-hivemq-platform-operator-6966f96d65" duration="57.826µs"
2025-01-28 21:22:57,969 INFO c.h.h.t.HelmChartContainer - [K3S] [replica_set.go:679] "Finished syncing" kind="ReplicaSet" key="helmwebsocketsit-operator/hivemq-test-hivemq-platform-operator-6966f96d65" duration="31.409µs"
2025-01-28 21:22:58,058 INFO c.h.h.t.HelmChartContainer - [K3S] [reconciler_common.go:251] "operationExecutor.VerifyControllerAttachedVolume started for volume \"kube-api-access-vhvqg\" (UniqueName: \"kubernetes.io/projected/e75fcfb9-71f8-43bc-8887-ede1d2ed636d-kube-api-access-vhvqg\") pod \"hivemq-test-hivemq-platform-operator-6966f96d65-j6d8j\" (UID: \"e75fcfb9-71f8-43bc-8887-ede1d2ed636d\") " pod="helmwebsocketsit-operator/hivemq-test-hivemq-platform-operator-6966f96d65-j6d8j"
2025-01-28 21:22:58,332 INFO c.h.h.t.HelmChartContainer - [EVENT] Normal [Pulled] Container image "docker.io/hivemq/hivemq-platform-operator-test:snapshot" already present on machine [helmwebsocketsit-operator:hivemq-test-hivemq-platform-operator-6966f96d65-j6d8j]
2025-01-28 21:22:58,333 INFO c.h.h.t.HelmChartContainer - Received Pulled event for container hivemq-platform-operator in pod hivemq-test-hivemq-platform-operator-6966f96d65-j6d8j [e75fcfb9-71f8-43bc-8887-ede1d2ed636d]
2025-01-28 21:22:59,585 INFO c.h.h.t.HelmChartContainer - [EVENT] Normal [Created] Created container: hivemq-platform-operator [helmwebsocketsit-operator:hivemq-test-hivemq-platform-operator-6966f96d65-j6d8j]
2025-01-28 21:22:59,585 INFO c.h.h.t.HelmChartContainer - Received Created event for container hivemq-platform-operator in pod hivemq-test-hivemq-platform-operator-6966f96d65-j6d8j [e75fcfb9-71f8-43bc-8887-ede1d2ed636d]
2025-01-28 21:23:00,051 INFO c.h.h.t.HelmChartContainer - [K3S] [replica_set.go:679] "Finished syncing" kind="ReplicaSet" key="helmwebsocketsit-operator/hivemq-test-hivemq-platform-operator-6966f96d65" duration="45.665µs"
2025-01-28 21:23:00,053 INFO c.h.h.t.HelmChartContainer - [POD] hivemq-test-hivemq-platform-operator-6966f96d65-j6d8j [e75fcfb9-71f8-43bc-8887-ede1d2ed636d] in helmwebsocketsit-operator was MODIFIED
2025-01-28 21:23:00,061 INFO c.h.h.t.HelmChartContainer - Started log watcher for hivemq-platform-operator in pod hivemq-test-hivemq-platform-operator-6966f96d65-j6d8j [e75fcfb9-71f8-43bc-8887-ede1d2ed636d]
2025-01-28 21:23:00,061 INFO c.h.h.t.HelmChartContainer - [EVENT] Normal [Started] Started container hivemq-platform-operator [helmwebsocketsit-operator:hivemq-test-hivemq-platform-operator-6966f96d65-j6d8j]
2025-01-28 21:23:00,061 INFO c.h.h.t.HelmChartContainer - Received Started event for container hivemq-platform-operator in pod hivemq-test-hivemq-platform-operator-6966f96d65-j6d8j [e75fcfb9-71f8-43bc-8887-ede1d2ed636d]
2025-01-28 21:23:00,062 INFO c.h.h.t.HelmChartContainer - [hivemq-test-hivemq-platform] [hivemq-platform-operator] [e75fcfb9] -------------------------------------------------------------------------
2025-01-28 21:23:00,062 INFO c.h.h.t.HelmChartContainer - [hivemq-test-hivemq-platform] [hivemq-platform-operator] [e75fcfb9] 
2025-01-28 21:23:00,062 INFO c.h.h.t.HelmChartContainer - [hivemq-test-hivemq-platform] [hivemq-platform-operator] [e75fcfb9]                   _    _  _              __  __   ____
2025-01-28 21:23:00,062 INFO c.h.h.t.HelmChartContainer - [hivemq-test-hivemq-platform] [hivemq-platform-operator] [e75fcfb9]                  | |  | |(_)            |  \/  | / __ \
2025-01-28 21:23:00,062 INFO c.h.h.t.HelmChartContainer - [hivemq-test-hivemq-platform] [hivemq-platform-operator] [e75fcfb9]                  | |__| | _ __   __ ___ | \  / || |  | |
2025-01-28 21:23:00,062 INFO c.h.h.t.HelmChartContainer - [hivemq-test-hivemq-platform] [hivemq-platform-operator] [e75fcfb9]                  |  __  || |\ \ / // _ \| |\/| || |  | |
2025-01-28 21:23:00,062 INFO c.h.h.t.HelmChartContainer - [hivemq-test-hivemq-platform] [hivemq-platform-operator] [e75fcfb9]                  | |  | || | \ V /|  __/| |  | || |__| |
2025-01-28 21:23:00,062 INFO c.h.h.t.HelmChartContainer - [hivemq-test-hivemq-platform] [hivemq-platform-operator] [e75fcfb9]                  |_|  |_||_|  \_/  \___||_|  |_| \___\_\
2025-01-28 21:23:00,062 INFO c.h.h.t.HelmChartContainer - [hivemq-test-hivemq-platform] [hivemq-platform-operator] [e75fcfb9] 
2025-01-28 21:23:00,062 INFO c.h.h.t.HelmChartContainer - [hivemq-test-hivemq-platform] [hivemq-platform-operator] [e75fcfb9] -------------------------------------------------------------------------
2025-01-28 21:23:00,062 INFO c.h.h.t.HelmChartContainer - [hivemq-test-hivemq-platform] [hivemq-platform-operator] [e75fcfb9] 
2025-01-28 21:23:00,062 INFO c.h.h.t.HelmChartContainer - [hivemq-test-hivemq-platform] [hivemq-platform-operator] [e75fcfb9]   HiveMQ Platform Operator Start Script v1.0
2025-01-28 21:23:00,062 INFO c.h.h.t.HelmChartContainer - [hivemq-test-hivemq-platform] [hivemq-platform-operator] [e75fcfb9] 
2025-01-28 21:23:00,062 INFO c.h.h.t.HelmChartContainer - [hivemq-test-hivemq-platform] [hivemq-platform-operator] [e75fcfb9] -------------------------------------------------------------------------
2025-01-28 21:23:00,062 INFO c.h.h.t.HelmChartContainer - [hivemq-test-hivemq-platform] [hivemq-platform-operator] [e75fcfb9] 
2025-01-28 21:23:00,062 INFO c.h.h.t.HelmChartContainer - [hivemq-test-hivemq-platform] [hivemq-platform-operator] [e75fcfb9]   JAVA_OPTS: -XX:+UnlockExperimentalVMOptions -XX:InitialRAMPercentage=75 -XX:MaxRAMPercentage=75 -Duser.language=en -Duser.region=US
2025-01-28 21:23:00,062 INFO c.h.h.t.HelmChartContainer - [hivemq-test-hivemq-platform] [hivemq-platform-operator] [e75fcfb9] 
2025-01-28 21:23:00,062 INFO c.h.h.t.HelmChartContainer - [hivemq-test-hivemq-platform] [hivemq-platform-operator] [e75fcfb9]   JAVA_VERSION: 21
2025-01-28 21:23:00,062 INFO c.h.h.t.HelmChartContainer - [hivemq-test-hivemq-platform] [hivemq-platform-operator] [e75fcfb9] 
2025-01-28 21:23:00,063 INFO c.h.h.t.HelmChartContainer - [hivemq-test-hivemq-platform] [hivemq-platform-operator] [e75fcfb9] -------------------------------------------------------------------------
2025-01-28 21:23:00,063 INFO c.h.h.t.HelmChartContainer - [hivemq-test-hivemq-platform] [hivemq-platform-operator] [e75fcfb9] 
2025-01-28 21:23:02,890 INFO c.h.h.t.HelmChartContainer - [hivemq-test-hivemq-platform] [hivemq-platform-operator] [e75fcfb9] 21:23:02.887 [main] DEBUG org.jboss.logging - Logging Provider: org.jboss.logging.Slf4jLoggerProvider
2025-01-28 21:23:02,999 INFO c.h.h.t.HelmChartContainer - [hivemq-test-hivemq-platform] [hivemq-platform-operator] [e75fcfb9] 21:23:02.997 [main] DEBUG io.smallrye.config - SRCFG01006: Loaded ConfigSource SysPropConfigSource with ordinal 400
2025-01-28 21:23:02,999 INFO c.h.h.t.HelmChartContainer - [hivemq-test-hivemq-platform] [hivemq-platform-operator] [e75fcfb9] 21:23:02.998 [main] DEBUG io.smallrye.config - SRCFG01006: Loaded ConfigSource EnvConfigSource with ordinal 300
2025-01-28 21:23:03,000 INFO c.h.h.t.HelmChartContainer - [hivemq-test-hivemq-platform] [hivemq-platform-operator] [e75fcfb9] 21:23:02.998 [main] DEBUG io.smallrye.config - SRCFG01006: Loaded ConfigSource PropertiesConfigSource[source=jar:file:///opt/hivemq-platform-operator/bin/hivemq-platform-operator.jar!/hivemq-platform-operator.properties] with ordinal 100
2025-01-28 21:23:03,000 INFO c.h.h.t.HelmChartContainer - [hivemq-test-hivemq-platform] [hivemq-platform-operator] [e75fcfb9] 21:23:02.998 [main] DEBUG io.smallrye.config - SRCFG01006: Loaded ConfigSource DefaultValuesConfigSource with ordinal -2147483648
2025-01-28 21:23:03,103 INFO c.h.h.t.HelmChartContainer - [hivemq-test-hivemq-platform] [hivemq-platform-operator] [e75fcfb9] 21:23:03.102 [main] DEBUG i.m.c.u.i.l.InternalLoggerFactory - Using SLF4J as the default logging framework
2025-01-28 21:23:03,286 INFO c.h.h.t.HelmChartContainer - [hivemq-test-hivemq-platform] [hivemq-platform-operator] [e75fcfb9] 21:23:03.276 [main] INFO  c.h.p.o.HiveMQPlatformOperatorApplication - HiveMQ Platform Operator 1.7.0-SNAPSHOT (commit: bebf408 on branch: HEAD) built on Sun Jan 26 20:47:47 UTC 2025
2025-01-28 21:23:03,286 INFO c.h.h.t.HelmChartContainer - [hivemq-test-hivemq-platform] [hivemq-platform-operator] [e75fcfb9] 21:23:03.285 [main] INFO  c.h.p.o.HiveMQPlatformOperatorApplication - HiveMQ Platform Operator is running in namespace: helmwebsocketsit-operator
2025-01-28 21:23:03,287 INFO c.h.h.t.HelmChartContainer - [hivemq-test-hivemq-platform] [hivemq-platform-operator] [e75fcfb9] 21:23:03.285 [main] INFO  c.h.p.o.HiveMQPlatformOperatorApplication - Watching all namespaces
2025-01-28 21:23:03,287 INFO c.h.h.t.HelmChartContainer - [hivemq-test-hivemq-platform] [hivemq-platform-operator] [e75fcfb9] 21:23:03.285 [main] INFO  c.h.p.o.HiveMQPlatformOperatorApplication - Log level: DEBUG
2025-01-28 21:23:03,287 INFO c.h.h.t.HelmChartContainer - [hivemq-test-hivemq-platform] [hivemq-platform-operator] [e75fcfb9] 21:23:03.285 [main] INFO  c.h.p.o.HiveMQPlatformOperatorApplication - Release name: test-hivemq-platform-operator
2025-01-28 21:23:03,288 INFO c.h.h.t.HelmChartContainer - [hivemq-test-hivemq-platform] [hivemq-platform-operator] [e75fcfb9] 21:23:03.285 [main] INFO  c.h.p.o.HiveMQPlatformOperatorApplication - HiveMQ Platform Operator Init image: docker.io/hivemq/hivemq-platform-operator-init-test:snapshot
2025-01-28 21:23:03,288 INFO c.h.h.t.HelmChartContainer - [hivemq-test-hivemq-platform] [hivemq-platform-operator] [e75fcfb9] 21:23:03.285 [main] INFO  c.h.p.o.HiveMQPlatformOperatorApplication - HiveMQ Platform Operator Init App update URL: http://hivemq-platform-operator-test-hivemq-platform-operator.helmwebsocketsit-operator.svc:8080/initAppUpdate/hivemq-platform-operator-init-app-1.7.0-SNAPSHOT.jar
2025-01-28 21:23:03,288 INFO c.h.h.t.HelmChartContainer - [hivemq-test-hivemq-platform] [hivemq-platform-operator] [e75fcfb9] 21:23:03.285 [main] INFO  c.h.p.o.HiveMQPlatformOperatorApplication - Additional imagePullSecret for all Platform deployments: none
2025-01-28 21:23:03,288 INFO c.h.h.t.HelmChartContainer - [hivemq-test-hivemq-platform] [hivemq-platform-operator] [e75fcfb9] 21:23:03.285 [main] INFO  c.h.p.o.HiveMQPlatformOperatorApplication - Apply HiveMQ Platform CRD: true
2025-01-28 21:23:03,288 INFO c.h.h.t.HelmChartContainer - [hivemq-test-hivemq-platform] [hivemq-platform-operator] [e75fcfb9] 21:23:03.285 [main] INFO  c.h.p.o.HiveMQPlatformOperatorApplication - Create Platform ServiceAccount: true
2025-01-28 21:23:03,288 INFO c.h.h.t.HelmChartContainer - [hivemq-test-hivemq-platform] [hivemq-platform-operator] [e75fcfb9] 21:23:03.285 [main] INFO  c.h.p.o.HiveMQPlatformOperatorApplication - Create Platform ServiceAccount permissions: true
2025-01-28 21:23:03,288 INFO c.h.h.t.HelmChartContainer - [hivemq-test-hivemq-platform] [hivemq-platform-operator] [e75fcfb9] 21:23:03.285 [main] INFO  c.h.p.o.HiveMQPlatformOperatorApplication - Validate Platform ServiceAccount: true
2025-01-28 21:23:03,288 INFO c.h.h.t.HelmChartContainer - [hivemq-test-hivemq-platform] [hivemq-platform-operator] [e75fcfb9] 21:23:03.285 [main] INFO  c.h.p.o.HiveMQPlatformOperatorApplication - Validate Platform ServiceAccount permissions: true
2025-01-28 21:23:03,475 INFO c.h.h.t.HelmChartContainer - [hivemq-test-hivemq-platform] [hivemq-platform-operator] [e75fcfb9] 21:23:03.474 [main] INFO  c.h.platform.operator.util.CRDUtil - Verifying deployed HiveMQ Platform CRD...
2025-01-28 21:23:05,777 INFO c.h.h.t.HelmChartContainer - [hivemq-test-hivemq-platform] [hivemq-platform-operator] [e75fcfb9] 21:23:05.776 [main] DEBUG c.h.platform.operator.util.CRDUtil - HiveMQ Platform CRD version v1 is up to date
2025-01-28 21:23:05,777 INFO c.h.h.t.HelmChartContainer - [hivemq-test-hivemq-platform] [hivemq-platform-operator] [e75fcfb9] 21:23:05.776 [main] INFO  c.h.platform.operator.util.CRDUtil - HiveMQ Platform CRD is up to date (version: V1_6_0)
2025-01-28 21:23:05,777 INFO c.h.h.t.HelmChartContainer - [hivemq-test-hivemq-platform] [hivemq-platform-operator] [e75fcfb9] 21:23:05.776 [main] INFO  c.h.platform.operator.util.CRDUtil - Waiting 10000 ms for HiveMQ Platform CRD 'hivemq-platforms.hivemq.com' to become ready...
2025-01-28 21:23:06,086 INFO c.h.h.t.HelmChartContainer - [hivemq-test-hivemq-platform] [hivemq-platform-operator] [e75fcfb9] 21:23:06.085 [vert.x-eventloop-thread-1] DEBUG c.h.platform.operator.util.CRDUtil - Checking CRD condition 'NamesAccepted' (status: 'True')
2025-01-28 21:23:06,088 INFO c.h.h.t.HelmChartContainer - [hivemq-test-hivemq-platform] [hivemq-platform-operator] [e75fcfb9] 21:23:06.085 [vert.x-eventloop-thread-1] DEBUG c.h.platform.operator.util.CRDUtil - Checking CRD condition 'Established' (status: 'True')
2025-01-28 21:23:06,088 INFO c.h.h.t.HelmChartContainer - [hivemq-test-hivemq-platform] [hivemq-platform-operator] [e75fcfb9] 21:23:06.086 [main] INFO  c.h.platform.operator.util.CRDUtil - HiveMQ Platform CRD 'hivemq-platforms.hivemq.com' is ready
2025-01-28 21:23:06,286 INFO c.h.h.t.HelmChartContainer - [hivemq-test-hivemq-platform] [hivemq-platform-operator] [e75fcfb9] 21:23:06.285 [main] INFO  c.h.p.o.HiveMQPlatformReconciler - HiveMQ Platform Operator is starting...
2025-01-28 21:23:06,385 INFO c.h.h.t.HelmChartContainer - [hivemq-test-hivemq-platform] [hivemq-platform-operator] [e75fcfb9] 21:23:06.384 [main] WARN  Default ConfigurationService implementation - Configuration for reconciler 'hivemq-controller' was not found. Known reconcilers: None.
2025-01-28 21:23:06,392 INFO c.h.h.t.HelmChartContainer - [hivemq-test-hivemq-platform] [hivemq-platform-operator] [e75fcfb9] 21:23:06.392 [main] INFO  Default ConfigurationService implementation - Created configuration for reconciler com.hivemq.platform.operator.HiveMQPlatformReconciler with name hivemq-controller
2025-01-28 21:23:06,496 INFO c.h.h.t.HelmChartContainer - [hivemq-test-hivemq-platform] [hivemq-platform-operator] [e75fcfb9] 21:23:06.495 [main] DEBUG c.h.p.o.HiveMQPlatformReconciler - HiveMQ Platform Operator is preparing EventSources
2025-01-28 21:23:06,586 INFO c.h.h.t.HelmChartContainer - [hivemq-test-hivemq-platform] [hivemq-platform-operator] [e75fcfb9] 21:23:06.585 [main] INFO  i.javaoperatorsdk.operator.Operator - Registered reconciler: 'hivemq-controller' for resource: 'class com.hivemq.platform.operator.v1.HiveMQPlatform' for namespace(s): [all namespaces]
2025-01-28 21:23:07,196 INFO c.h.h.t.HelmChartContainer - [hivemq-test-hivemq-platform] [hivemq-platform-operator] [e75fcfb9] 21:23:07.195 [main] INFO  c.h.p.operator.webserver.JettyServer - Starting Jetty server on port 8080
2025-01-28 21:23:07,295 INFO c.h.h.t.HelmChartContainer - [hivemq-test-hivemq-platform] [hivemq-platform-operator] [e75fcfb9] 21:23:07.294 [main] INFO  i.javaoperatorsdk.operator.Operator - Operator SDK 4.9.7 (commit: 2133d28) built on Wed Nov 20 12:56:20 UTC 2024 starting...
2025-01-28 21:23:07,295 INFO c.h.h.t.HelmChartContainer - [hivemq-test-hivemq-platform] [hivemq-platform-operator] [e75fcfb9] 21:23:07.295 [main] INFO  i.javaoperatorsdk.operator.Operator - Client version: 6.13.4
2025-01-28 21:23:07,374 INFO c.h.h.t.HelmChartContainer - [hivemq-test-hivemq-platform] [hivemq-platform-operator] [e75fcfb9] 21:23:07.373 [Controller Starter for: hivemq-controller] INFO  i.j.operator.processing.Controller - Starting 'hivemq-controller' controller for reconciler: com.hivemq.platform.operator.HiveMQPlatformReconciler, resource: com.hivemq.platform.operator.v1.HiveMQPlatform
2025-01-28 21:23:09,675 INFO c.h.h.t.HelmChartContainer - [hivemq-test-hivemq-platform] [hivemq-platform-operator] [e75fcfb9] 21:23:09.673 [Controller Starter for: hivemq-controller] INFO  i.j.operator.processing.Controller - 'hivemq-controller' controller started
2025-01-28 21:23:09,675 INFO c.h.h.t.HelmChartContainer - [hivemq-test-hivemq-platform] [hivemq-platform-operator] [e75fcfb9] 21:23:09.674 [main] INFO  c.h.p.o.HiveMQPlatformOperatorApplication - HiveMQ Platform Operator 1.7.0-SNAPSHOT started in 6398 ms
2025-01-28 21:23:11,059 INFO c.h.h.t.HelmChartContainer - [POD] hivemq-test-hivemq-platform-operator-6966f96d65-j6d8j [e75fcfb9-71f8-43bc-8887-ede1d2ed636d] in helmwebsocketsit-operator was MODIFIED
2025-01-28 21:23:11,066 INFO c.h.h.t.HelmChartContainer - [K3S] [replica_set.go:679] "Finished syncing" kind="ReplicaSet" key="helmwebsocketsit-operator/hivemq-test-hivemq-platform-operator-6966f96d65" duration="9.183735ms"
2025-01-28 21:23:11,067 INFO c.h.h.t.HelmChartContainer - [K3S] [replica_set.go:679] "Finished syncing" kind="ReplicaSet" key="helmwebsocketsit-operator/hivemq-test-hivemq-platform-operator-6966f96d65" duration="33.442µs"
2025-01-28 21:23:12,386 DEBUG c.h.helmcharts.util.CertificatesUtil - .......+..............+....+..+.........+...+..........+..+.........+......+....+.........+........+...+............+...+.+.....+++++++++++++++++++++++++++++++++++++++++++++++++++++++++++++++++*....+..+....+......+........+++++++++++++++++++++++++++++++++++++++++++++++++++++++++++++++++*.+....+......+..+....+.....+......+...+.+..............+......+.+..+.+.....+......+.+..+............+..........+.....+.+..............+....+..+....+..............+.+......+........+.......+..+.......+.....+.+..+.+...........+.............+..+.+...+.....................+........+...+....+......+..+...+.......+...+..+............+.........+....+..+...+.......+...+..+.+........+....+.....+...+.............+...............+..+....+...+...+...+.....+......+.........+.+...........+....+.....................+..+...+.............+.........+......+..+...+.+......+.........+...........+....+......+........+......................+.....+.......+...............+...+........+.+......+..+.+...........+.+............+........+....+...+..+....+..+...+......+.............+......+............+...+...........+...............+.+..+.+.........+...+..............+......+...+.......+..+.+.........+...........+....+.....+.+......+.....+.........+......+...+.......+......+.........+.....+.+.....+...+..........+......+..............+.......+..+...............................+..+....+........+...+.........+....+...........+.+..+.+..+....+.....+.............+...+...+....................+..........+..+...+....+........+..........+............+......+......+.....+......+............+...+++++++++++++++++++++++++++++++++++++++++++++++++++++++++++++++++
2025-01-28 21:23:12,467 DEBUG c.h.helmcharts.util.CertificatesUtil - .......+..+.+.........+.....+.+......+.....+....+..+.......+...+.........+.....+.............+++++++++++++++++++++++++++++++++++++++++++++++++++++++++++++++++*.+++++++++++++++++++++++++++++++++++++++++++++++++++++++++++++++++*......+......+...............+.+...............+...+...............+..+....+...........+.......+.....+.+.....+......+......+...+....+..+.........+....+........+...................+...+........+....+...+........+.......+...+...+.....+.+..............+.+.....+.+.....+....+++++++++++++++++++++++++++++++++++++++++++++++++++++++++++++++++
2025-01-28 21:23:12,470 DEBUG c.h.helmcharts.util.CertificatesUtil - -----
2025-01-28 21:23:12,495 DEBUG c.h.helmcharts.util.CertificatesUtil - Certificate request self-signature ok
2025-01-28 21:23:12,495 DEBUG c.h.helmcharts.util.CertificatesUtil - subject=C = CA, CN = secure-service-platform.default.svc
2025-01-28 21:23:12,499 DEBUG c.h.helmcharts.util.CertificatesUtil - >> Generating keystore and truststore files
2025-01-28 21:23:12,632 DEBUG c.h.helmcharts.util.CertificatesUtil - Importing keystore key.pkcs12 to keystore.jks...
2025-01-28 21:23:12,812 DEBUG c.h.helmcharts.util.CertificatesUtil - Entry for alias 1 successfully imported.
2025-01-28 21:23:12,819 DEBUG c.h.helmcharts.util.CertificatesUtil - Import command completed:  1 entries successfully imported, 0 entries failed or cancelled
2025-01-28 21:23:12,822 DEBUG c.h.helmcharts.util.CertificatesUtil - 
2025-01-28 21:23:12,822 DEBUG c.h.helmcharts.util.CertificatesUtil - Warning:
2025-01-28 21:23:12,822 DEBUG c.h.helmcharts.util.CertificatesUtil - The JKS keystore uses a proprietary format. It is recommended to migrate to PKCS12 which is an industry standard format using "keytool -importkeystore -srckeystore keystore.jks -destkeystore keystore.jks -deststoretype pkcs12".
2025-01-28 21:23:13,126 DEBUG c.h.helmcharts.util.CertificatesUtil - Certificate stored in file <secure-service-platform.pem>
2025-01-28 21:23:13,351 DEBUG c.h.helmcharts.util.CertificatesUtil - Certificate was added to keystore
2025-01-28 21:23:13,833 DEBUG c.h.helmcharts.util.CertificatesUtil - Certificate was added to keystore
2025-01-28 21:23:14,050 DEBUG c.h.helmcharts.util.CertificatesUtil - >> Create client certificates
2025-01-28 21:23:14,154 DEBUG c.h.helmcharts.util.CertificatesUtil - ......+.+........+..................+...+.+...+...+....................+.........+....+++++++++++++++++++++++++++++++++++++++++++++++++++++++++++++++++*.+.....+++++++++++++++++++++++++++++++++++++++++++++++++++++++++++++++++*.+....+............+............+..+..................+.+..+...............+.........+.+............+........+.........+...+......+....+...+.........+........+.+......+........+...+...+......+................+...+..+.........+...+..........+.....+.......+...+...+.........+........................+.....+.......+.........+...+........+............+...+....+...+..+....+..+...+.+.........+..+++++++++++++++++++++++++++++++++++++++++++++++++++++++++++++++++
2025-01-28 21:23:14,254 DEBUG c.h.helmcharts.util.CertificatesUtil - .+........+.+.........+.........+...+.....+....+...+...+..............+...+++++++++++++++++++++++++++++++++++++++++++++++++++++++++++++++++*...+..+....+..+...+............+....+..................+...+++++++++++++++++++++++++++++++++++++++++++++++++++++++++++++++++*......+.....+.......+.....+......+....+........+...+...+.+...+.....+......+.+.....+.+..+.+.....+.......+..+.........................+..+.............+..+....+..+....+........+.+..+.........+................+..+.+.....+......+...+...+.......+..+....+...........+...+...+.........+....+....................+.+......+...+..............+.+.........+............+.........+.....+++++++++++++++++++++++++++++++++++++++++++++++++++++++++++++++++
2025-01-28 21:23:14,257 DEBUG c.h.helmcharts.util.CertificatesUtil - -----
2025-01-28 21:23:14,283 DEBUG c.h.helmcharts.util.CertificatesUtil - >> Import the certificates
2025-01-28 21:23:14,597 DEBUG c.h.helmcharts.util.CertificatesUtil - Certificate was added to keystore
2025-01-28 21:23:14,814 DEBUG c.h.h.t.HelmChartContainer - Executing helm command: /bin/helm --kubeconfig /etc/rancher/k3s/k3s.yaml install test-hivemq-platform /charts/hivemq-platform --wait --timeout 5m0s --set image.repository=docker.io/hivemq --set image.tag=4.36.0 --set image.pullPolicy=Never --set nodes.resources.cpu=512m -f /files/tls-ws-values.yaml --namespace helmwebsocketsit
2025-01-28 21:23:15,060 INFO c.h.h.t.HelmChartContainer - [hivemq-test-hivemq-platform] [hivemq-platform-operator] [e75fcfb9] 21:23:15.059 [-373097727-pool-1-thread-2] WARN  i.m.p.PrometheusMeterRegistry - The meter (MeterId{name='operator.sdk.events.received', tags=[tag(action=ADDED),tag(event=ResourceEvent),tag(group=hivemq.com),tag(kind=HiveMQPlatform),tag(name=test-hivemq-platform),tag(namespace=helmwebsocketsit),tag(scope=namespace),tag(version=v1)]}) registration has failed: Prometheus requires that all meters with the same name have the same set of tag keys. There is already an existing meter named 'operator.sdk.events.received' containing tag keys [event, group, kind, name, namespace, scope, version]. The meter you are attempting to register has keys [action, event, group, kind, name, namespace, scope, version]. Note that subsequent logs will be logged at debug level.
2025-01-28 21:23:15,500 INFO c.h.h.t.HelmChartContainer - [hivemq-test-hivemq-platform] [hivemq-platform-operator] [e75fcfb9] 21:23:15.499 [pool-6-thread-3] DEBUG c.h.p.o.dependants.PodInfoConfigMap - [helmwebs] Desired PodInfo ConfigMap (1 extensions) (1 enabled)
2025-01-28 21:23:15,501 INFO c.h.h.t.HelmChartContainer - [hivemq-test-hivemq-platform] [hivemq-platform-operator] [e75fcfb9] 21:23:15.500 [pool-6-thread-3] DEBUG c.h.p.o.dependants.PodInfoConfigMap - [helmwebs] Desired PodInfo ConfigMap (metrics port: 9399) (metrics path: /)
2025-01-28 21:23:15,501 INFO c.h.h.t.HelmChartContainer - [hivemq-test-hivemq-platform] [hivemq-platform-operator] [e75fcfb9] 21:23:15.500 [pool-6-thread-3] DEBUG c.h.p.o.dependants.PodInfoConfigMap - [helmwebs] Desired PodInfo ConfigMap (extension state hash: -1817474005)
2025-01-28 21:23:15,583 INFO c.h.h.t.HelmChartContainer - [hivemq-test-hivemq-platform] [hivemq-platform-operator] [e75fcfb9] 21:23:15.581 [pool-6-thread-3] DEBUG c.h.p.o.dependants.PodInfoConfigMap - [helmwebs] Create PodInfo ConfigMap
2025-01-28 21:23:15,686 INFO c.h.h.t.HelmChartContainer - [hivemq-test-hivemq-platform] [hivemq-platform-operator] [e75fcfb9] 21:23:15.683 [pool-6-thread-5] DEBUG c.h.p.o.dependants.PodRoleResource - [helmwebs] Create Role: Role(apiVersion=rbac.authorization.k8s.io/v1, kind=Role, metadata=ObjectMeta(annotations={meta.helm.sh/release-name=test-hivemq-platform, meta.helm.sh/release-namespace=helmwebsocketsit}, creationTimestamp=null, deletionGracePeriodSeconds=null, deletionTimestamp=null, finalizers=[], generateName=null, generation=null, labels={helm.sh/chart=hivemq-platform-0.2.32, app.kubernetes.io/managed-by=Helm, app.kubernetes.io/name=hivemq-platform, hivemq-platform=test-hivemq-platform, app.kubernetes.io/instance=test-hivemq-platform, app.kubernetes.io/version=4.36.0}, managedFields=[], name=hivemq-platform-role-test-hivemq-platform, namespace=helmwebsocketsit, ownerReferences=[OwnerReference(apiVersion=hivemq.com/v1, blockOwnerDeletion=null, controller=null, kind=HiveMQPlatform, name=test-hivemq-platform, uid=35d493d4-1b3e-4212-bb6f-577cacb9ede9, additionalProperties={})], resourceVersion=null, selfLink=null, uid=null, additionalProperties={}), rules=[PolicyRule(apiGroups=[], nonResourceURLs=[], resourceNames=[], resources=[pods], verbs=[get, patch, update], additionalProperties={})], additionalProperties={})
2025-01-28 21:23:15,789 INFO c.h.h.t.HelmChartContainer - [hivemq-test-hivemq-platform] [hivemq-platform-operator] [e75fcfb9] 21:23:15.786 [pool-6-thread-7] DEBUG c.h.p.o.d.PodServiceAccountResource - [helmwebs] Desired PodServiceAccountResource (serviceAccountName: hivemq-platform-pod-test-hivemq-platform)
2025-01-28 21:23:15,789 INFO c.h.h.t.HelmChartContainer - [hivemq-test-hivemq-platform] [hivemq-platform-operator] [e75fcfb9] 21:23:15.787 [pool-6-thread-7] DEBUG c.h.p.o.d.PodServiceAccountResource - [helmwebs] Create ServiceAccount 'hivemq-platform-pod-test-hivemq-platform'
2025-01-28 21:23:15,891 INFO c.h.h.t.HelmChartContainer - [hivemq-test-hivemq-platform] [hivemq-platform-operator] [e75fcfb9] 21:23:15.890 [pool-6-thread-10] DEBUG c.h.p.o.d.PodRoleBindingResource - [helmwebs] Create RoleBinding: RoleBinding(apiVersion=rbac.authorization.k8s.io/v1, kind=RoleBinding, metadata=ObjectMeta(annotations={meta.helm.sh/release-name=test-hivemq-platform, meta.helm.sh/release-namespace=helmwebsocketsit}, creationTimestamp=null, deletionGracePeriodSeconds=null, deletionTimestamp=null, finalizers=[], generateName=null, generation=null, labels={helm.sh/chart=hivemq-platform-0.2.32, app.kubernetes.io/managed-by=Helm, app.kubernetes.io/name=hivemq-platform, hivemq-platform=test-hivemq-platform, app.kubernetes.io/instance=test-hivemq-platform, app.kubernetes.io/version=4.36.0}, managedFields=[], name=hivemq-platform-role-binding-test-hivemq-platform, namespace=helmwebsocketsit, ownerReferences=[OwnerReference(apiVersion=hivemq.com/v1, blockOwnerDeletion=null, controller=null, kind=HiveMQPlatform, name=test-hivemq-platform, uid=35d493d4-1b3e-4212-bb6f-577cacb9ede9, additionalProperties={})], resourceVersion=null, selfLink=null, uid=null, additionalProperties={}), roleRef=RoleRef(apiGroup=rbac.authorization.k8s.io, kind=Role, name=hivemq-platform-role-test-hivemq-platform, additionalProperties={}), subjects=[Subject(apiGroup=null, kind=ServiceAccount, name=hivemq-platform-pod-test-hivemq-platform, namespace=helmwebsocketsit, additionalProperties={})], additionalProperties={})
2025-01-28 21:23:15,983 INFO c.h.h.t.HelmChartContainer - [hivemq-test-hivemq-platform] [hivemq-platform-operator] [e75fcfb9] 21:23:15.982 [ReconcilerExecutor-hivemq-controller-53] INFO  c.h.p.o.HiveMQPlatformReconciler - [helmwebs] Reconciling HiveMQ Platform 'test-hivemq-platform' in namespace 'helmwebsocketsit'
2025-01-28 21:23:15,983 INFO c.h.h.t.HelmChartContainer - [hivemq-test-hivemq-platform] [hivemq-platform-operator] [e75fcfb9] 21:23:15.982 [ReconcilerExecutor-hivemq-controller-53] DEBUG c.h.p.o.HiveMQPlatformReconciler - [helmwebs] Custom Resource Status CREATED - HiveMQ Platform was created (READY)
2025-01-28 21:23:15,984 INFO c.h.h.t.HelmChartContainer - [hivemq-test-hivemq-platform] [hivemq-platform-operator] [e75fcfb9] 21:23:15.982 [ReconcilerExecutor-hivemq-controller-53] DEBUG c.h.p.o.HiveMQPlatformReconciler - [helmwebs] Custom Resource Spec (replicas: 1) (extensions: 1)
2025-01-28 21:23:15,988 INFO c.h.h.t.HelmChartContainer - [hivemq-test-hivemq-platform] [hivemq-platform-operator] [e75fcfb9] 21:23:15.988 [ReconcilerExecutor-hivemq-controller-53] INFO  c.h.p.o.h.HiveMQPlatformReconcilerBaseHandler - [helmwebs] HiveMQ Platform is starting
2025-01-28 21:23:16,091 INFO c.h.h.t.HelmChartContainer - [hivemq-test-hivemq-platform] [hivemq-platform-operator] [e75fcfb9] 21:23:16.090 [ReconcilerExecutor-hivemq-controller-53] DEBUG c.h.p.operator.event.EventSender - [helmwebs] Creating K8s event hivemq-platform-starting: [Start] HiveMQ Platform is starting
2025-01-28 21:23:16,099 INFO c.h.h.t.HelmChartContainer - [EVENT] Normal [Start] HiveMQ Platform is starting [helmwebsocketsit:test-hivemq-platform]
2025-01-28 21:23:16,181 INFO c.h.h.t.HelmChartContainer - [hivemq-test-hivemq-platform] [hivemq-platform-operator] [e75fcfb9] 21:23:16.103 [ReconcilerExecutor-hivemq-controller-53] INFO  c.h.p.o.h.AbstractHiveMQReconcilerStateHandler - [helmwebs] Update HiveMQ Platform Status (CREATED [READY] -> STARTING [READY]): HiveMQ Platform is starting
2025-01-28 21:23:16,195 DEBUG com.hivemq.helmcharts.util.K8sUtil - Comparing actual state 'STARTING' and waiting for 'RUNNING'
2025-01-28 21:23:26,205 INFO c.h.h.t.HelmChartContainer - [hivemq-test-hivemq-platform] [hivemq-platform-operator] [e75fcfb9] 21:23:26.203 [pool-6-thread-12] DEBUG c.h.p.o.d.PlatformServiceResource - [helmwebs] Desired Platform services (4 services)
2025-01-28 21:23:26,209 INFO c.h.h.t.HelmChartContainer - [hivemq-test-hivemq-platform] [hivemq-platform-operator] [e75fcfb9] 21:23:26.206 [pool-6-thread-13] DEBUG c.h.p.o.dependants.PodInfoConfigMap - [helmwebs] Desired PodInfo ConfigMap (1 extensions) (1 enabled)
2025-01-28 21:23:26,209 INFO c.h.h.t.HelmChartContainer - [hivemq-test-hivemq-platform] [hivemq-platform-operator] [e75fcfb9] 21:23:26.206 [pool-6-thread-13] DEBUG c.h.p.o.dependants.PodInfoConfigMap - [helmwebs] Desired PodInfo ConfigMap (metrics port: 9399) (metrics path: /)
2025-01-28 21:23:26,209 INFO c.h.h.t.HelmChartContainer - [hivemq-test-hivemq-platform] [hivemq-platform-operator] [e75fcfb9] 21:23:26.207 [pool-6-thread-13] DEBUG c.h.p.o.dependants.PodInfoConfigMap - [helmwebs] Desired PodInfo ConfigMap (extension state hash: -1817474005)
2025-01-28 21:23:26,210 INFO c.h.h.t.HelmChartContainer - [hivemq-test-hivemq-platform] [hivemq-platform-operator] [e75fcfb9] 21:23:26.208 [pool-6-thread-17] DEBUG c.h.p.o.d.PodServiceAccountResource - [helmwebs] Desired PodServiceAccountResource (serviceAccountName: hivemq-platform-pod-test-hivemq-platform)
2025-01-28 21:23:26,282 INFO c.h.h.t.HelmChartContainer - [hivemq-test-hivemq-platform] [hivemq-platform-operator] [e75fcfb9] 21:23:26.280 [pool-6-thread-13] DEBUG c.h.p.o.dependants.PodInfoConfigMap - [helmwebs] Update PodInfo ConfigMap
2025-01-28 21:23:26,296 INFO c.h.h.t.HelmChartContainer - [K3S] [alloc.go:330] "allocated clusterIPs" service="helmwebsocketsit/hivemq-test-hivemq-platform-metrics-9399" clusterIPs={"IPv4":"10.43.37.83"}
2025-01-28 21:23:26,310 INFO c.h.h.t.HelmChartContainer - [K3S] [alloc.go:330] "allocated clusterIPs" service="helmwebsocketsit/hivemq-test-hivemq-platform-ws-8004" clusterIPs={"IPv4":"10.43.190.120"}
2025-01-28 21:23:26,390 INFO c.h.h.t.HelmChartContainer - [K3S] [alloc.go:330] "allocated clusterIPs" service="helmwebsocketsit/hivemq-test-hivemq-platform-ws-8003" clusterIPs={"IPv4":"10.43.5.61"}
2025-01-28 21:23:26,402 INFO c.h.h.t.HelmChartContainer - [K3S] [alloc.go:330] "allocated clusterIPs" service="helmwebsocketsit/hivemq-test-hivemq-platform-ws-8002" clusterIPs={"IPv4":"10.43.147.193"}
2025-01-28 21:23:26,484 INFO c.h.h.t.HelmChartContainer - [hivemq-test-hivemq-platform] [hivemq-platform-operator] [e75fcfb9] 21:23:26.483 [pool-6-thread-20] DEBUG c.h.p.o.d.StatefulSetResource - [helmwebs] Desired StatefulSet (1 replicas) for status STARTING (READY)
2025-01-28 21:23:26,497 INFO c.h.h.t.HelmChartContainer - [hivemq-test-hivemq-platform] [hivemq-platform-operator] [e75fcfb9] 21:23:26.495 [pool-6-thread-20] DEBUG c.h.p.o.d.StatefulSetResource - [helmwebs] Create StatefulSet
2025-01-28 21:23:26,595 INFO c.h.h.t.HelmChartContainer - [hivemq-test-hivemq-platform] [hivemq-platform-operator] [e75fcfb9] 21:23:26.594 [ReconcilerExecutor-hivemq-controller-64] INFO  c.h.p.o.HiveMQPlatformReconciler - [helmwebs] Reconciling HiveMQ Platform 'test-hivemq-platform' in namespace 'helmwebsocketsit'
2025-01-28 21:23:26,596 INFO c.h.h.t.HelmChartContainer - [hivemq-test-hivemq-platform] [hivemq-platform-operator] [e75fcfb9] 21:23:26.594 [ReconcilerExecutor-hivemq-controller-64] DEBUG c.h.p.o.HiveMQPlatformReconciler - [helmwebs] Custom Resource Status STARTING - HiveMQ Platform is starting (READY)
2025-01-28 21:23:26,596 INFO c.h.h.t.HelmChartContainer - [hivemq-test-hivemq-platform] [hivemq-platform-operator] [e75fcfb9] 21:23:26.594 [ReconcilerExecutor-hivemq-controller-64] DEBUG c.h.p.o.HiveMQPlatformReconciler - [helmwebs] Custom Resource Spec (replicas: 1) (extensions: 1)
2025-01-28 21:23:26,604 INFO c.h.h.t.HelmChartContainer - [POD] test-hivemq-platform-0 [77f24b9b-c273-4fb5-acca-1b955fc2da5d] in helmwebsocketsit was ADDED
2025-01-28 21:23:26,604 INFO c.h.h.t.HelmChartContainer - [EVENT] Normal [SuccessfulCreate] create Pod test-hivemq-platform-0 in StatefulSet test-hivemq-platform successful [helmwebsocketsit:test-hivemq-platform]
2025-01-28 21:23:26,606 INFO c.h.h.t.HelmChartContainer - [POD] test-hivemq-platform-0 [77f24b9b-c273-4fb5-acca-1b955fc2da5d] in helmwebsocketsit was MODIFIED
2025-01-28 21:23:26,608 INFO c.h.h.t.HelmChartContainer - [EVENT] Normal [Scheduled] Successfully assigned helmwebsocketsit/test-hivemq-platform-0 to 9568d0334c51 [helmwebsocketsit:test-hivemq-platform-0]
2025-01-28 21:23:26,623 INFO c.h.h.t.HelmChartContainer - [POD] test-hivemq-platform-0 [77f24b9b-c273-4fb5-acca-1b955fc2da5d] in helmwebsocketsit was MODIFIED
2025-01-28 21:23:26,687 INFO c.h.h.t.HelmChartContainer - [hivemq-test-hivemq-platform] [hivemq-platform-operator] [e75fcfb9] 21:23:26.683 [ReconcilerExecutor-hivemq-controller-64] DEBUG c.h.p.o.HiveMQPlatformReconciler - [helmwebs] StatefulSet Status (revision: null, replicas: 0, available: 0, ready: 0, current: 0, updated: 0)
2025-01-28 21:23:26,687 INFO c.h.h.t.HelmChartContainer - [hivemq-test-hivemq-platform] [hivemq-platform-operator] [e75fcfb9] 21:23:26.683 [ReconcilerExecutor-hivemq-controller-64] DEBUG c.h.p.o.HiveMQPlatformReconciler - [helmwebs] StatefulSet Spec (replicas: 1, init containers: 1, containers: 1, volumes: 7)
2025-01-28 21:23:26,687 INFO c.h.h.t.HelmChartContainer - [hivemq-test-hivemq-platform] [hivemq-platform-operator] [e75fcfb9] 21:23:26.686 [ReconcilerExecutor-hivemq-controller-64] INFO  c.h.p.o.h.HiveMQPlatformReconcilerBaseHandler - [helmwebs] HiveMQ Platform is starting, 0 of 1 replicas are ready
2025-01-28 21:23:26,724 INFO c.h.h.t.HelmChartContainer - [K3S] [reconciler_common.go:251] "operationExecutor.VerifyControllerAttachedVolume started for volume \"broker-configuration\" (UniqueName: \"kubernetes.io/configmap/77f24b9b-c273-4fb5-acca-1b955fc2da5d-broker-configuration\") pod \"test-hivemq-platform-0\" (UID: \"77f24b9b-c273-4fb5-acca-1b955fc2da5d\") " pod="helmwebsocketsit/test-hivemq-platform-0"
2025-01-28 21:23:26,724 INFO c.h.h.t.HelmChartContainer - [K3S] [reconciler_common.go:251] "operationExecutor.VerifyControllerAttachedVolume started for volume \"ws-keystore-8003\" (UniqueName: \"kubernetes.io/secret/77f24b9b-c273-4fb5-acca-1b955fc2da5d-ws-keystore-8003\") pod \"test-hivemq-platform-0\" (UID: \"77f24b9b-c273-4fb5-acca-1b955fc2da5d\") " pod="helmwebsocketsit/test-hivemq-platform-0"
2025-01-28 21:23:26,724 INFO c.h.h.t.HelmChartContainer - [K3S] [reconciler_common.go:251] "operationExecutor.VerifyControllerAttachedVolume started for volume \"ws-truststore-8003\" (UniqueName: \"kubernetes.io/secret/77f24b9b-c273-4fb5-acca-1b955fc2da5d-ws-truststore-8003\") pod \"test-hivemq-platform-0\" (UID: \"77f24b9b-c273-4fb5-acca-1b955fc2da5d\") " pod="helmwebsocketsit/test-hivemq-platform-0"
2025-01-28 21:23:26,724 INFO c.h.h.t.HelmChartContainer - [K3S] [reconciler_common.go:251] "operationExecutor.VerifyControllerAttachedVolume started for volume \"ws-truststore-8004\" (UniqueName: \"kubernetes.io/secret/77f24b9b-c273-4fb5-acca-1b955fc2da5d-ws-truststore-8004\") pod \"test-hivemq-platform-0\" (UID: \"77f24b9b-c273-4fb5-acca-1b955fc2da5d\") " pod="helmwebsocketsit/test-hivemq-platform-0"
2025-01-28 21:23:26,724 INFO c.h.h.t.HelmChartContainer - [K3S] [reconciler_common.go:251] "operationExecutor.VerifyControllerAttachedVolume started for volume \"operator-init\" (UniqueName: \"kubernetes.io/empty-dir/77f24b9b-c273-4fb5-acca-1b955fc2da5d-operator-init\") pod \"test-hivemq-platform-0\" (UID: \"77f24b9b-c273-4fb5-acca-1b955fc2da5d\") " pod="helmwebsocketsit/test-hivemq-platform-0"
2025-01-28 21:23:26,724 INFO c.h.h.t.HelmChartContainer - [K3S] [reconciler_common.go:251] "operationExecutor.VerifyControllerAttachedVolume started for volume \"ws-keystore-8004\" (UniqueName: \"kubernetes.io/secret/77f24b9b-c273-4fb5-acca-1b955fc2da5d-ws-keystore-8004\") pod \"test-hivemq-platform-0\" (UID: \"77f24b9b-c273-4fb5-acca-1b955fc2da5d\") " pod="helmwebsocketsit/test-hivemq-platform-0"
2025-01-28 21:23:26,725 INFO c.h.h.t.HelmChartContainer - [K3S] [reconciler_common.go:251] "operationExecutor.VerifyControllerAttachedVolume started for volume \"pod-info\" (UniqueName: \"kubernetes.io/configmap/77f24b9b-c273-4fb5-acca-1b955fc2da5d-pod-info\") pod \"test-hivemq-platform-0\" (UID: \"77f24b9b-c273-4fb5-acca-1b955fc2da5d\") " pod="helmwebsocketsit/test-hivemq-platform-0"
2025-01-28 21:23:26,725 INFO c.h.h.t.HelmChartContainer - [K3S] [reconciler_common.go:251] "operationExecutor.VerifyControllerAttachedVolume started for volume \"kube-api-access-dc6cm\" (UniqueName: \"kubernetes.io/projected/77f24b9b-c273-4fb5-acca-1b955fc2da5d-kube-api-access-dc6cm\") pod \"test-hivemq-platform-0\" (UID: \"77f24b9b-c273-4fb5-acca-1b955fc2da5d\") " pod="helmwebsocketsit/test-hivemq-platform-0"
2025-01-28 21:23:26,784 INFO c.h.h.t.HelmChartContainer - [hivemq-test-hivemq-platform] [hivemq-platform-operator] [e75fcfb9] 21:23:26.783 [pool-6-thread-22] DEBUG c.h.p.o.d.PlatformServiceResource - [helmwebs] Desired Platform services (4 services)
2025-01-28 21:23:26,788 INFO c.h.h.t.HelmChartContainer - [hivemq-test-hivemq-platform] [hivemq-platform-operator] [e75fcfb9] 21:23:26.786 [pool-6-thread-23] DEBUG c.h.p.o.dependants.PodInfoConfigMap - [helmwebs] Desired PodInfo ConfigMap (1 extensions) (1 enabled)
2025-01-28 21:23:26,790 INFO c.h.h.t.HelmChartContainer - [hivemq-test-hivemq-platform] [hivemq-platform-operator] [e75fcfb9] 21:23:26.787 [pool-6-thread-23] DEBUG c.h.p.o.dependants.PodInfoConfigMap - [helmwebs] Desired PodInfo ConfigMap (metrics port: 9399) (metrics path: /)
2025-01-28 21:23:26,790 INFO c.h.h.t.HelmChartContainer - [hivemq-test-hivemq-platform] [hivemq-platform-operator] [e75fcfb9] 21:23:26.788 [pool-6-thread-23] DEBUG c.h.p.o.dependants.PodInfoConfigMap - [helmwebs] Desired PodInfo ConfigMap (extension state hash: -1817474005)
2025-01-28 21:23:26,791 INFO c.h.h.t.HelmChartContainer - [hivemq-test-hivemq-platform] [hivemq-platform-operator] [e75fcfb9] 21:23:26.789 [pool-6-thread-27] DEBUG c.h.p.o.d.PodServiceAccountResource - [helmwebs] Desired PodServiceAccountResource (serviceAccountName: hivemq-platform-pod-test-hivemq-platform)
2025-01-28 21:23:26,885 INFO c.h.h.t.HelmChartContainer - [hivemq-test-hivemq-platform] [hivemq-platform-operator] [e75fcfb9] 21:23:26.884 [pool-6-thread-30] DEBUG c.h.p.o.d.StatefulSetResource - [helmwebs] Desired StatefulSet (1 replicas) for status STARTING (READY)
2025-01-28 21:23:26,895 INFO c.h.h.t.HelmChartContainer - [hivemq-test-hivemq-platform] [hivemq-platform-operator] [e75fcfb9] 21:23:26.894 [ReconcilerExecutor-hivemq-controller-75] INFO  c.h.p.o.HiveMQPlatformReconciler - [helmwebs] Reconciling HiveMQ Platform 'test-hivemq-platform' in namespace 'helmwebsocketsit'
2025-01-28 21:23:26,895 INFO c.h.h.t.HelmChartContainer - [hivemq-test-hivemq-platform] [hivemq-platform-operator] [e75fcfb9] 21:23:26.894 [ReconcilerExecutor-hivemq-controller-75] DEBUG c.h.p.o.HiveMQPlatformReconciler - [helmwebs] Custom Resource Status STARTING - HiveMQ Platform is starting (READY)
2025-01-28 21:23:26,896 INFO c.h.h.t.HelmChartContainer - [hivemq-test-hivemq-platform] [hivemq-platform-operator] [e75fcfb9] 21:23:26.894 [ReconcilerExecutor-hivemq-controller-75] DEBUG c.h.p.o.HiveMQPlatformReconciler - [helmwebs] Custom Resource Spec (replicas: 1) (extensions: 1)
2025-01-28 21:23:26,899 INFO c.h.h.t.HelmChartContainer - [hivemq-test-hivemq-platform] [hivemq-platform-operator] [e75fcfb9] 21:23:26.898 [ReconcilerExecutor-hivemq-controller-75] DEBUG c.h.p.o.HiveMQPlatformReconciler - [helmwebs] StatefulSet Status (revision: test-hivemq-platform-74494f964b, replicas: 1, available: 0, ready: 0, current: 1, updated: 1)
2025-01-28 21:23:26,899 INFO c.h.h.t.HelmChartContainer - [hivemq-test-hivemq-platform] [hivemq-platform-operator] [e75fcfb9] 21:23:26.898 [ReconcilerExecutor-hivemq-controller-75] DEBUG c.h.p.o.HiveMQPlatformReconciler - [helmwebs] StatefulSet Spec (replicas: 1, init containers: 1, containers: 1, volumes: 7)
2025-01-28 21:23:26,998 INFO c.h.h.t.HelmChartContainer - [hivemq-test-hivemq-platform] [hivemq-platform-operator] [e75fcfb9] 21:23:26.995 [ReconcilerExecutor-hivemq-controller-75] DEBUG c.h.p.o.h.HiveMQPlatformReconcilerErrorHandler - [helmwebs] Pod 'test-hivemq-platform-0' phase Pending
2025-01-28 21:23:26,998 INFO c.h.h.t.HelmChartContainer - [hivemq-test-hivemq-platform] [hivemq-platform-operator] [e75fcfb9] 21:23:26.996 [ReconcilerExecutor-hivemq-controller-75] DEBUG c.h.p.o.h.HiveMQPlatformReconcilerErrorHandler - [helmwebs] Pod 'test-hivemq-platform-0' condition 'PodReadyToStartContainers': False
2025-01-28 21:23:26,998 INFO c.h.h.t.HelmChartContainer - [hivemq-test-hivemq-platform] [hivemq-platform-operator] [e75fcfb9] 21:23:26.996 [ReconcilerExecutor-hivemq-controller-75] DEBUG c.h.p.o.h.HiveMQPlatformReconcilerErrorHandler - [helmwebs] Pod 'test-hivemq-platform-0' condition 'Initialized': False
2025-01-28 21:23:26,998 INFO c.h.h.t.HelmChartContainer - [hivemq-test-hivemq-platform] [hivemq-platform-operator] [e75fcfb9] 21:23:26.996 [ReconcilerExecutor-hivemq-controller-75] DEBUG c.h.p.o.h.HiveMQPlatformReconcilerErrorHandler - [helmwebs] Pod 'test-hivemq-platform-0' condition 'Ready': False
2025-01-28 21:23:26,998 INFO c.h.h.t.HelmChartContainer - [hivemq-test-hivemq-platform] [hivemq-platform-operator] [e75fcfb9] 21:23:26.996 [ReconcilerExecutor-hivemq-controller-75] DEBUG c.h.p.o.h.HiveMQPlatformReconcilerErrorHandler - [helmwebs] Pod 'test-hivemq-platform-0' condition 'ContainersReady': False
2025-01-28 21:23:26,998 INFO c.h.h.t.HelmChartContainer - [hivemq-test-hivemq-platform] [hivemq-platform-operator] [e75fcfb9] 21:23:26.996 [ReconcilerExecutor-hivemq-controller-75] DEBUG c.h.p.o.h.HiveMQPlatformReconcilerErrorHandler - [helmwebs] Pod 'test-hivemq-platform-0' condition 'PodScheduled': True
2025-01-28 21:23:26,999 INFO c.h.h.t.HelmChartContainer - [hivemq-test-hivemq-platform] [hivemq-platform-operator] [e75fcfb9] 21:23:26.997 [ReconcilerExecutor-hivemq-controller-75] DEBUG c.h.p.o.h.HiveMQPlatformReconcilerErrorHandler - [helmwebs] Pod 'test-hivemq-platform-0' containerStatus 'hivemq' (started: false) (ready: false) (waiting: [PodInitializing] null)
2025-01-28 21:23:27,000 INFO c.h.h.t.HelmChartContainer - [EVENT] Normal [Pulled] Container image "docker.io/hivemq/hivemq-platform-operator-init-test:snapshot" already present on machine [helmwebsocketsit:test-hivemq-platform-0]
2025-01-28 21:23:27,000 INFO c.h.h.t.HelmChartContainer - [hivemq-test-hivemq-platform] [hivemq-platform-operator] [e75fcfb9] 21:23:26.999 [ReconcilerExecutor-hivemq-controller-75] INFO  c.h.p.o.h.HiveMQPlatformReconcilerBaseHandler - [helmwebs] HiveMQ Platform is starting, 0 of 1 replicas are ready
2025-01-28 21:23:27,084 INFO c.h.h.t.HelmChartContainer - [hivemq-test-hivemq-platform] [hivemq-platform-operator] [e75fcfb9] 21:23:27.082 [pool-6-thread-32] DEBUG c.h.p.o.d.PlatformServiceResource - [helmwebs] Desired Platform services (4 services)
2025-01-28 21:23:27,091 INFO c.h.h.t.HelmChartContainer - [hivemq-test-hivemq-platform] [hivemq-platform-operator] [e75fcfb9] 21:23:27.085 [pool-6-thread-33] DEBUG c.h.p.o.dependants.PodInfoConfigMap - [helmwebs] Desired PodInfo ConfigMap (1 extensions) (1 enabled)
2025-01-28 21:23:27,091 INFO c.h.h.t.HelmChartContainer - [hivemq-test-hivemq-platform] [hivemq-platform-operator] [e75fcfb9] 21:23:27.085 [pool-6-thread-33] DEBUG c.h.p.o.dependants.PodInfoConfigMap - [helmwebs] Desired PodInfo ConfigMap (metrics port: 9399) (metrics path: /)
2025-01-28 21:23:27,091 INFO c.h.h.t.HelmChartContainer - [hivemq-test-hivemq-platform] [hivemq-platform-operator] [e75fcfb9] 21:23:27.085 [pool-6-thread-33] DEBUG c.h.p.o.dependants.PodInfoConfigMap - [helmwebs] Desired PodInfo ConfigMap (extension state hash: -1817474005)
2025-01-28 21:23:27,093 INFO c.h.h.t.HelmChartContainer - [hivemq-test-hivemq-platform] [hivemq-platform-operator] [e75fcfb9] 21:23:27.089 [pool-6-thread-37] DEBUG c.h.p.o.d.PodServiceAccountResource - [helmwebs] Desired PodServiceAccountResource (serviceAccountName: hivemq-platform-pod-test-hivemq-platform)
2025-01-28 21:23:27,099 INFO c.h.h.t.HelmChartContainer - [hivemq-test-hivemq-platform] [hivemq-platform-operator] [e75fcfb9] 21:23:27.095 [pool-6-thread-39] DEBUG c.h.p.o.d.StatefulSetResource - [helmwebs] Desired StatefulSet (1 replicas) for status STARTING (READY)
2025-01-28 21:23:27,105 INFO c.h.h.t.HelmChartContainer - [hivemq-test-hivemq-platform] [hivemq-platform-operator] [e75fcfb9] 21:23:27.103 [ReconcilerExecutor-hivemq-controller-86] INFO  c.h.p.o.HiveMQPlatformReconciler - [helmwebs] Reconciling HiveMQ Platform 'test-hivemq-platform' in namespace 'helmwebsocketsit'
2025-01-28 21:23:27,105 INFO c.h.h.t.HelmChartContainer - [hivemq-test-hivemq-platform] [hivemq-platform-operator] [e75fcfb9] 21:23:27.104 [ReconcilerExecutor-hivemq-controller-86] DEBUG c.h.p.o.HiveMQPlatformReconciler - [helmwebs] Custom Resource Status STARTING - HiveMQ Platform is starting (READY)
2025-01-28 21:23:27,105 INFO c.h.h.t.HelmChartContainer - [hivemq-test-hivemq-platform] [hivemq-platform-operator] [e75fcfb9] 21:23:27.104 [ReconcilerExecutor-hivemq-controller-86] DEBUG c.h.p.o.HiveMQPlatformReconciler - [helmwebs] Custom Resource Spec (replicas: 1) (extensions: 1)
2025-01-28 21:23:27,144 INFO c.h.h.t.HelmChartContainer - [EVENT] Normal [Created] Created container: hivemq-platform-operator-init [helmwebsocketsit:test-hivemq-platform-0]
2025-01-28 21:23:27,177 INFO c.h.h.t.HelmChartContainer - [EVENT] Normal [Started] Started container hivemq-platform-operator-init [helmwebsocketsit:test-hivemq-platform-0]
2025-01-28 21:23:27,184 INFO c.h.h.t.HelmChartContainer - [hivemq-test-hivemq-platform] [hivemq-platform-operator] [e75fcfb9] 21:23:27.183 [ReconcilerExecutor-hivemq-controller-86] DEBUG c.h.p.o.HiveMQPlatformReconciler - [helmwebs] StatefulSet Status (revision: test-hivemq-platform-74494f964b, replicas: 1, available: 0, ready: 0, current: 1, updated: 1)
2025-01-28 21:23:27,186 INFO c.h.h.t.HelmChartContainer - [hivemq-test-hivemq-platform] [hivemq-platform-operator] [e75fcfb9] 21:23:27.183 [ReconcilerExecutor-hivemq-controller-86] DEBUG c.h.p.o.HiveMQPlatformReconciler - [helmwebs] StatefulSet Spec (replicas: 1, init containers: 1, containers: 1, volumes: 7)
2025-01-28 21:23:27,187 INFO c.h.h.t.HelmChartContainer - [hivemq-test-hivemq-platform] [hivemq-platform-operator] [e75fcfb9] 21:23:27.186 [ReconcilerExecutor-hivemq-controller-86] DEBUG c.h.p.o.h.HiveMQPlatformReconcilerErrorHandler - [helmwebs] Pod 'test-hivemq-platform-0' phase Pending
2025-01-28 21:23:27,191 INFO c.h.h.t.HelmChartContainer - [hivemq-test-hivemq-platform] [hivemq-platform-operator] [e75fcfb9] 21:23:27.187 [ReconcilerExecutor-hivemq-controller-86] DEBUG c.h.p.o.h.HiveMQPlatformReconcilerErrorHandler - [helmwebs] Pod 'test-hivemq-platform-0' condition 'PodReadyToStartContainers': False
2025-01-28 21:23:27,191 INFO c.h.h.t.HelmChartContainer - [hivemq-test-hivemq-platform] [hivemq-platform-operator] [e75fcfb9] 21:23:27.189 [ReconcilerExecutor-hivemq-controller-86] DEBUG c.h.p.o.h.HiveMQPlatformReconcilerErrorHandler - [helmwebs] Pod 'test-hivemq-platform-0' condition 'Initialized': False
2025-01-28 21:23:27,191 INFO c.h.h.t.HelmChartContainer - [hivemq-test-hivemq-platform] [hivemq-platform-operator] [e75fcfb9] 21:23:27.189 [ReconcilerExecutor-hivemq-controller-86] DEBUG c.h.p.o.h.HiveMQPlatformReconcilerErrorHandler - [helmwebs] Pod 'test-hivemq-platform-0' condition 'Ready': False
2025-01-28 21:23:27,191 INFO c.h.h.t.HelmChartContainer - [hivemq-test-hivemq-platform] [hivemq-platform-operator] [e75fcfb9] 21:23:27.189 [ReconcilerExecutor-hivemq-controller-86] DEBUG c.h.p.o.h.HiveMQPlatformReconcilerErrorHandler - [helmwebs] Pod 'test-hivemq-platform-0' condition 'ContainersReady': False
2025-01-28 21:23:27,193 INFO c.h.h.t.HelmChartContainer - [hivemq-test-hivemq-platform] [hivemq-platform-operator] [e75fcfb9] 21:23:27.189 [ReconcilerExecutor-hivemq-controller-86] DEBUG c.h.p.o.h.HiveMQPlatformReconcilerErrorHandler - [helmwebs] Pod 'test-hivemq-platform-0' condition 'PodScheduled': True
2025-01-28 21:23:27,193 INFO c.h.h.t.HelmChartContainer - [hivemq-test-hivemq-platform] [hivemq-platform-operator] [e75fcfb9] 21:23:27.189 [ReconcilerExecutor-hivemq-controller-86] DEBUG c.h.p.o.h.HiveMQPlatformReconcilerErrorHandler - [helmwebs] Pod 'test-hivemq-platform-0' containerStatus 'hivemq' (started: false) (ready: false) (waiting: [PodInitializing] null)
2025-01-28 21:23:27,193 INFO c.h.h.t.HelmChartContainer - [hivemq-test-hivemq-platform] [hivemq-platform-operator] [e75fcfb9] 21:23:27.191 [ReconcilerExecutor-hivemq-controller-86] INFO  c.h.p.o.h.HiveMQPlatformReconcilerBaseHandler - [helmwebs] HiveMQ Platform is starting, 0 of 1 replicas are ready
2025-01-28 21:23:28,085 INFO c.h.h.t.HelmChartContainer - [EVENT] Normal [Pulled] Container image "docker.io/hivemq/hivemq4:4.36.0" already present on machine [helmwebsocketsit:test-hivemq-platform-0]
2025-01-28 21:23:28,085 INFO c.h.h.t.HelmChartContainer - Received Pulled event for container hivemq in pod test-hivemq-platform-0 [77f24b9b-c273-4fb5-acca-1b955fc2da5d]
2025-01-28 21:23:28,098 INFO c.h.h.t.HelmChartContainer - [POD] test-hivemq-platform-0 [77f24b9b-c273-4fb5-acca-1b955fc2da5d] in helmwebsocketsit was MODIFIED
2025-01-28 21:23:28,126 INFO c.h.h.t.HelmChartContainer - [hivemq-test-hivemq-platform] [hivemq-platform-operator] [e75fcfb9] 21:23:28.119 [pool-6-thread-42] DEBUG c.h.p.o.d.PlatformServiceResource - [helmwebs] Desired Platform services (4 services)
2025-01-28 21:23:28,130 INFO c.h.h.t.HelmChartContainer - [hivemq-test-hivemq-platform] [hivemq-platform-operator] [e75fcfb9] 21:23:28.124 [pool-6-thread-43] DEBUG c.h.p.o.dependants.PodInfoConfigMap - [helmwebs] Desired PodInfo ConfigMap (1 extensions) (1 enabled)
2025-01-28 21:23:28,130 INFO c.h.h.t.HelmChartContainer - [hivemq-test-hivemq-platform] [hivemq-platform-operator] [e75fcfb9] 21:23:28.124 [pool-6-thread-43] DEBUG c.h.p.o.dependants.PodInfoConfigMap - [helmwebs] Desired PodInfo ConfigMap (metrics port: 9399) (metrics path: /)
2025-01-28 21:23:28,133 INFO c.h.h.t.HelmChartContainer - [hivemq-test-hivemq-platform] [hivemq-platform-operator] [e75fcfb9] 21:23:28.129 [pool-6-thread-47] DEBUG c.h.p.o.d.PodServiceAccountResource - [helmwebs] Desired PodServiceAccountResource (serviceAccountName: hivemq-platform-pod-test-hivemq-platform)
2025-01-28 21:23:28,135 INFO c.h.h.t.HelmChartContainer - [hivemq-test-hivemq-platform] [hivemq-platform-operator] [e75fcfb9] 21:23:28.127 [pool-6-thread-43] DEBUG c.h.p.o.dependants.PodInfoConfigMap - [helmwebs] Desired PodInfo ConfigMap (extension state hash: -1817474005)
2025-01-28 21:23:28,187 INFO c.h.h.t.HelmChartContainer - [hivemq-test-hivemq-platform] [hivemq-platform-operator] [e75fcfb9] 21:23:28.185 [pool-6-thread-50] DEBUG c.h.p.o.d.StatefulSetResource - [helmwebs] Desired StatefulSet (1 replicas) for status STARTING (READY)
2025-01-28 21:23:28,193 INFO c.h.h.t.HelmChartContainer - [hivemq-test-hivemq-platform] [hivemq-platform-operator] [e75fcfb9] 21:23:28.192 [ReconcilerExecutor-hivemq-controller-97] INFO  c.h.p.o.HiveMQPlatformReconciler - [helmwebs] Reconciling HiveMQ Platform 'test-hivemq-platform' in namespace 'helmwebsocketsit'
2025-01-28 21:23:28,194 INFO c.h.h.t.HelmChartContainer - [hivemq-test-hivemq-platform] [hivemq-platform-operator] [e75fcfb9] 21:23:28.192 [ReconcilerExecutor-hivemq-controller-97] DEBUG c.h.p.o.HiveMQPlatformReconciler - [helmwebs] Custom Resource Status STARTING - HiveMQ Platform is starting (READY)
2025-01-28 21:23:28,195 INFO c.h.h.t.HelmChartContainer - [hivemq-test-hivemq-platform] [hivemq-platform-operator] [e75fcfb9] 21:23:28.192 [ReconcilerExecutor-hivemq-controller-97] DEBUG c.h.p.o.HiveMQPlatformReconciler - [helmwebs] Custom Resource Spec (replicas: 1) (extensions: 1)
2025-01-28 21:23:28,196 INFO c.h.h.t.HelmChartContainer - [hivemq-test-hivemq-platform] [hivemq-platform-operator] [e75fcfb9] 21:23:28.195 [ReconcilerExecutor-hivemq-controller-97] DEBUG c.h.p.o.HiveMQPlatformReconciler - [helmwebs] StatefulSet Status (revision: test-hivemq-platform-74494f964b, replicas: 1, available: 0, ready: 0, current: 1, updated: 1)
2025-01-28 21:23:28,196 INFO c.h.h.t.HelmChartContainer - [hivemq-test-hivemq-platform] [hivemq-platform-operator] [e75fcfb9] 21:23:28.195 [ReconcilerExecutor-hivemq-controller-97] DEBUG c.h.p.o.HiveMQPlatformReconciler - [helmwebs] StatefulSet Spec (replicas: 1, init containers: 1, containers: 1, volumes: 7)
2025-01-28 21:23:28,199 INFO c.h.h.t.HelmChartContainer - [hivemq-test-hivemq-platform] [hivemq-platform-operator] [e75fcfb9] 21:23:28.198 [ReconcilerExecutor-hivemq-controller-97] DEBUG c.h.p.o.h.HiveMQPlatformReconcilerErrorHandler - [helmwebs] Pod 'test-hivemq-platform-0' phase Pending
2025-01-28 21:23:28,200 INFO c.h.h.t.HelmChartContainer - [hivemq-test-hivemq-platform] [hivemq-platform-operator] [e75fcfb9] 21:23:28.198 [ReconcilerExecutor-hivemq-controller-97] DEBUG c.h.p.o.h.HiveMQPlatformReconcilerErrorHandler - [helmwebs] Pod 'test-hivemq-platform-0' condition 'PodReadyToStartContainers': True
2025-01-28 21:23:28,200 INFO c.h.h.t.HelmChartContainer - [hivemq-test-hivemq-platform] [hivemq-platform-operator] [e75fcfb9] 21:23:28.198 [ReconcilerExecutor-hivemq-controller-97] DEBUG c.h.p.o.h.HiveMQPlatformReconcilerErrorHandler - [helmwebs] Pod 'test-hivemq-platform-0' condition 'Initialized': True
2025-01-28 21:23:28,200 INFO c.h.h.t.HelmChartContainer - [hivemq-test-hivemq-platform] [hivemq-platform-operator] [e75fcfb9] 21:23:28.198 [ReconcilerExecutor-hivemq-controller-97] DEBUG c.h.p.o.h.HiveMQPlatformReconcilerErrorHandler - [helmwebs] Pod 'test-hivemq-platform-0' condition 'Ready': False
2025-01-28 21:23:28,200 INFO c.h.h.t.HelmChartContainer - [hivemq-test-hivemq-platform] [hivemq-platform-operator] [e75fcfb9] 21:23:28.198 [ReconcilerExecutor-hivemq-controller-97] DEBUG c.h.p.o.h.HiveMQPlatformReconcilerErrorHandler - [helmwebs] Pod 'test-hivemq-platform-0' condition 'ContainersReady': False
2025-01-28 21:23:28,200 INFO c.h.h.t.HelmChartContainer - [hivemq-test-hivemq-platform] [hivemq-platform-operator] [e75fcfb9] 21:23:28.198 [ReconcilerExecutor-hivemq-controller-97] DEBUG c.h.p.o.h.HiveMQPlatformReconcilerErrorHandler - [helmwebs] Pod 'test-hivemq-platform-0' condition 'PodScheduled': True
2025-01-28 21:23:28,200 INFO c.h.h.t.HelmChartContainer - [hivemq-test-hivemq-platform] [hivemq-platform-operator] [e75fcfb9] 21:23:28.199 [ReconcilerExecutor-hivemq-controller-97] DEBUG c.h.p.o.h.HiveMQPlatformReconcilerErrorHandler - [helmwebs] Pod 'test-hivemq-platform-0' containerStatus 'hivemq' (started: false) (ready: false) (waiting: [PodInitializing] null)
2025-01-28 21:23:28,201 INFO c.h.h.t.HelmChartContainer - [hivemq-test-hivemq-platform] [hivemq-platform-operator] [e75fcfb9] 21:23:28.199 [ReconcilerExecutor-hivemq-controller-97] INFO  c.h.p.o.h.HiveMQPlatformReconcilerBaseHandler - [helmwebs] HiveMQ Platform is starting, 0 of 1 replicas are ready
2025-01-28 21:23:29,180 INFO c.h.h.t.HelmChartContainer - [EVENT] Normal [Created] Created container: hivemq [helmwebsocketsit:test-hivemq-platform-0]
2025-01-28 21:23:29,180 INFO c.h.h.t.HelmChartContainer - Received Created event for container hivemq in pod test-hivemq-platform-0 [77f24b9b-c273-4fb5-acca-1b955fc2da5d]
2025-01-28 21:23:30,096 INFO c.h.h.t.HelmChartContainer - [POD] test-hivemq-platform-0 [77f24b9b-c273-4fb5-acca-1b955fc2da5d] in helmwebsocketsit was MODIFIED
2025-01-28 21:23:30,104 INFO c.h.h.t.HelmChartContainer - Started log watcher for hivemq in pod test-hivemq-platform-0 [77f24b9b-c273-4fb5-acca-1b955fc2da5d]
2025-01-28 21:23:30,104 INFO c.h.h.t.HelmChartContainer - [EVENT] Normal [Started] Started container hivemq [helmwebsocketsit:test-hivemq-platform-0]
2025-01-28 21:23:30,104 INFO c.h.h.t.HelmChartContainer - Received Started event for container hivemq in pod test-hivemq-platform-0 [77f24b9b-c273-4fb5-acca-1b955fc2da5d]
2025-01-28 21:23:30,105 INFO c.h.h.t.HelmChartContainer - [test-hivemq-platform] [hivemq] [77f24b9b] Adding pre-installed HiveMQ Platform Operator extensions
2025-01-28 21:23:30,105 INFO c.h.h.t.HelmChartContainer - [test-hivemq-platform] [hivemq] [77f24b9b] Running as user 10000
2025-01-28 21:23:30,105 INFO c.h.h.t.HelmChartContainer - [test-hivemq-platform] [hivemq] [77f24b9b] Starting HiveMQ Platform Operator Init
2025-01-28 21:23:30,109 INFO c.h.h.t.HelmChartContainer - [hivemq-test-hivemq-platform] [hivemq-platform-operator] [e75fcfb9] 21:23:30.108 [pool-6-thread-6] DEBUG c.h.p.o.d.PlatformServiceResource - [helmwebs] Desired Platform services (4 services)
2025-01-28 21:23:30,111 INFO c.h.h.t.HelmChartContainer - [hivemq-test-hivemq-platform] [hivemq-platform-operator] [e75fcfb9] 21:23:30.111 [pool-6-thread-4] DEBUG c.h.p.o.d.PodServiceAccountResource - [helmwebs] Desired PodServiceAccountResource (serviceAccountName: hivemq-platform-pod-test-hivemq-platform)
2025-01-28 21:23:30,116 INFO c.h.h.t.HelmChartContainer - [hivemq-test-hivemq-platform] [hivemq-platform-operator] [e75fcfb9] 21:23:30.114 [pool-6-thread-5] DEBUG c.h.p.o.dependants.PodInfoConfigMap - [helmwebs] Desired PodInfo ConfigMap (1 extensions) (1 enabled)
2025-01-28 21:23:30,118 INFO c.h.h.t.HelmChartContainer - [hivemq-test-hivemq-platform] [hivemq-platform-operator] [e75fcfb9] 21:23:30.114 [pool-6-thread-5] DEBUG c.h.p.o.dependants.PodInfoConfigMap - [helmwebs] Desired PodInfo ConfigMap (metrics port: 9399) (metrics path: /)
2025-01-28 21:23:30,118 INFO c.h.h.t.HelmChartContainer - [hivemq-test-hivemq-platform] [hivemq-platform-operator] [e75fcfb9] 21:23:30.114 [pool-6-thread-5] DEBUG c.h.p.o.dependants.PodInfoConfigMap - [helmwebs] Desired PodInfo ConfigMap (extension state hash: -1817474005)
2025-01-28 21:23:30,122 INFO c.h.h.t.HelmChartContainer - [hivemq-test-hivemq-platform] [hivemq-platform-operator] [e75fcfb9] 21:23:30.121 [pool-6-thread-1] DEBUG c.h.p.o.d.StatefulSetResource - [helmwebs] Desired StatefulSet (1 replicas) for status STARTING (READY)
2025-01-28 21:23:30,185 INFO c.h.h.t.HelmChartContainer - [hivemq-test-hivemq-platform] [hivemq-platform-operator] [e75fcfb9] 21:23:30.183 [ReconcilerExecutor-hivemq-controller-108] INFO  c.h.p.o.HiveMQPlatformReconciler - [helmwebs] Reconciling HiveMQ Platform 'test-hivemq-platform' in namespace 'helmwebsocketsit'
2025-01-28 21:23:30,185 INFO c.h.h.t.HelmChartContainer - [hivemq-test-hivemq-platform] [hivemq-platform-operator] [e75fcfb9] 21:23:30.183 [ReconcilerExecutor-hivemq-controller-108] DEBUG c.h.p.o.HiveMQPlatformReconciler - [helmwebs] Custom Resource Status STARTING - HiveMQ Platform is starting (READY)
2025-01-28 21:23:30,185 INFO c.h.h.t.HelmChartContainer - [hivemq-test-hivemq-platform] [hivemq-platform-operator] [e75fcfb9] 21:23:30.183 [ReconcilerExecutor-hivemq-controller-108] DEBUG c.h.p.o.HiveMQPlatformReconciler - [helmwebs] Custom Resource Spec (replicas: 1) (extensions: 1)
2025-01-28 21:23:30,189 INFO c.h.h.t.HelmChartContainer - [hivemq-test-hivemq-platform] [hivemq-platform-operator] [e75fcfb9] 21:23:30.186 [ReconcilerExecutor-hivemq-controller-108] DEBUG c.h.p.o.HiveMQPlatformReconciler - [helmwebs] StatefulSet Status (revision: test-hivemq-platform-74494f964b, replicas: 1, available: 0, ready: 0, current: 1, updated: 1)
2025-01-28 21:23:30,189 INFO c.h.h.t.HelmChartContainer - [hivemq-test-hivemq-platform] [hivemq-platform-operator] [e75fcfb9] 21:23:30.186 [ReconcilerExecutor-hivemq-controller-108] DEBUG c.h.p.o.HiveMQPlatformReconciler - [helmwebs] StatefulSet Spec (replicas: 1, init containers: 1, containers: 1, volumes: 7)
2025-01-28 21:23:30,189 INFO c.h.h.t.HelmChartContainer - [hivemq-test-hivemq-platform] [hivemq-platform-operator] [e75fcfb9] 21:23:30.188 [ReconcilerExecutor-hivemq-controller-108] DEBUG c.h.p.o.h.HiveMQPlatformReconcilerErrorHandler - [helmwebs] Pod 'test-hivemq-platform-0' phase Running
2025-01-28 21:23:30,189 INFO c.h.h.t.HelmChartContainer - [hivemq-test-hivemq-platform] [hivemq-platform-operator] [e75fcfb9] 21:23:30.188 [ReconcilerExecutor-hivemq-controller-108] INFO  c.h.p.o.h.HiveMQPlatformReconcilerBaseHandler - [helmwebs] HiveMQ Platform is starting, 0 of 1 replicas are ready
2025-01-28 21:23:30,419 INFO c.h.h.t.HelmChartContainer - [test-hivemq-platform] [hivemq] [77f24b9b] INFO  - [HiveMQ Platform Operator Init 1.7.0-SNAPSHOT] HiveMQ Platform Operator Init 1.7.0-SNAPSHOT (commit: bebf408 on branch: HEAD) built on Sun Jan 26 20:47:47 UTC 2025
2025-01-28 21:23:31,529 INFO c.h.h.t.HelmChartContainer - [test-hivemq-platform] [hivemq] [77f24b9b] INFO  - [HiveMQ Platform Operator Init App 1.7.0-SNAPSHOT] Using bind address 10.42.0.14 from environment variable
2025-01-28 21:23:32,425 INFO c.h.h.t.HelmChartContainer - [test-hivemq-platform] [hivemq] [77f24b9b] INFO  - [HiveMQ Platform Operator Init App 1.7.0-SNAPSHOT] HiveMQ Platform Operator Init App 1.7.0-SNAPSHOT (commit: bebf408 on branch: HEAD) built on Sun Jan 26 20:47:47 UTC 2025
2025-01-28 21:23:32,425 INFO c.h.h.t.HelmChartContainer - [test-hivemq-platform] [hivemq] [77f24b9b] INFO  - [HiveMQ Platform Operator Init App 1.7.0-SNAPSHOT] PodInfo ConfigMap directory: /etc/podinfo
2025-01-28 21:23:32,425 INFO c.h.h.t.HelmChartContainer - [test-hivemq-platform] [hivemq] [77f24b9b] INFO  - [HiveMQ Platform Operator Init App 1.7.0-SNAPSHOT] HiveMQ home directory: /opt/hivemq
2025-01-28 21:23:32,425 INFO c.h.h.t.HelmChartContainer - [test-hivemq-platform] [hivemq] [77f24b9b] INFO  - [HiveMQ Platform Operator Init App 1.7.0-SNAPSHOT] HiveMQ Logback folder: /opt/hivemq/conf
2025-01-28 21:23:32,425 INFO c.h.h.t.HelmChartContainer - [test-hivemq-platform] [hivemq] [77f24b9b] INFO  - [HiveMQ Platform Operator Init App 1.7.0-SNAPSHOT] HiveMQ Config folder: /opt/hivemq/conf-k8s
2025-01-28 21:23:32,426 INFO c.h.h.t.HelmChartContainer - [test-hivemq-platform] [hivemq] [77f24b9b] INFO  - [HiveMQ Platform Operator Init App 1.7.0-SNAPSHOT] Starting HiveMQ Platform Operator Init App
2025-01-28 21:23:32,426 INFO c.h.h.t.HelmChartContainer - [test-hivemq-platform] [hivemq] [77f24b9b] INFO  - [HiveMQ Platform Operator Init App 1.7.0-SNAPSHOT] Starting Pod reconciler
2025-01-28 21:23:33,661 INFO c.h.h.t.HelmChartContainer - [test-hivemq-platform] [hivemq] [77f24b9b] INFO  - [HiveMQ Platform Operator Init App 1.7.0-SNAPSHOT] Pod reconciler is scheduled (interval: 5000 ms)
2025-01-28 21:23:33,662 INFO c.h.h.t.HelmChartContainer - [test-hivemq-platform] [hivemq] [77f24b9b] INFO  - [HiveMQ Platform Operator Init App 1.7.0-SNAPSHOT] Starting the REST API on 10.42.0.14:7979
2025-01-28 21:23:33,664 INFO c.h.h.t.HelmChartContainer - [test-hivemq-platform] [hivemq] [77f24b9b] INFO  - [HiveMQ Platform Operator Init App 1.7.0-SNAPSHOT] Waiting up to 600s for at most 1 HiveMQ nodes in cluster service hivemq-test-hivemq-platform-cluster.helmwebsocketsit.svc
2025-01-28 21:23:34,024 INFO c.h.h.t.HelmChartContainer - [test-hivemq-platform] [hivemq] [77f24b9b] INFO  - [HiveMQ Platform Operator Init App 1.7.0-SNAPSHOT] Resolved 1 IP addresses: [10.42.0.14]
2025-01-28 21:23:34,024 INFO c.h.h.t.HelmChartContainer - [test-hivemq-platform] [hivemq] [77f24b9b] INFO  - [HiveMQ Platform Operator Init App 1.7.0-SNAPSHOT] HiveMQ node count of 1 is within threshold of 1
2025-01-28 21:23:34,024 INFO c.h.h.t.HelmChartContainer - [test-hivemq-platform] [hivemq] [77f24b9b] INFO  - [HiveMQ Platform Operator Init App 1.7.0-SNAPSHOT] Proceeding with container start
2025-01-28 21:23:34,119 INFO c.h.h.t.HelmChartContainer - [test-hivemq-platform] [hivemq] [77f24b9b] INFO  - [HiveMQ Platform Operator Init App 1.7.0-SNAPSHOT] Initializing HiveMQ Platform extensions with initial configuration: {hivemq-allow-all-extension={start-priority=-1, skip-https-hostname-verification=false, restart=true, config-version=0, header-version=0, c-uri=, priority=-1, uri=preinstalled, skip-https-certificate-validation=false, enabled=true}, hivemq-prometheus-extension={restart=true, enabled=true, request-header-path=no-request-headers, uri=preinstalled, skip-https-certificate-validation=false, skip-https-hostname-verification=false, c-uri=, start-priority=-1, priority=-1}}
2025-01-28 21:23:34,520 INFO c.h.h.t.HelmChartContainer - [test-hivemq-platform] [hivemq] [77f24b9b] INFO  - [HiveMQ Platform Operator Init App 1.7.0-SNAPSHOT] Extension hivemq-allow-all-extension was already enabled
2025-01-28 21:23:34,613 INFO c.h.h.t.HelmChartContainer - [test-hivemq-platform] [hivemq] [77f24b9b] INFO  - [HiveMQ Platform Operator Init App 1.7.0-SNAPSHOT] Successfully enabled extension hivemq-prometheus-extension
2025-01-28 21:23:34,615 INFO c.h.h.t.HelmChartContainer - [test-hivemq-platform] [hivemq] [77f24b9b] INFO  - [HiveMQ Platform Operator Init App 1.7.0-SNAPSHOT] Starting HiveMQ Platform version 4.36.0 (4.36.0)
2025-01-28 21:23:34,615 INFO c.h.h.t.HelmChartContainer - [test-hivemq-platform] [hivemq] [77f24b9b] INFO  - [HiveMQ Platform Operator Init App 1.7.0-SNAPSHOT] Configuring the HiveMQ Platform
2025-01-28 21:23:34,658 INFO c.h.h.t.HelmChartContainer - [test-hivemq-platform] [hivemq] [77f24b9b] INFO  - [HiveMQ Platform Operator Init App 1.7.0-SNAPSHOT] Changed logback.xml file scan period to 20 seconds
2025-01-28 21:23:34,722 INFO c.h.h.t.HelmChartContainer - [test-hivemq-platform] [hivemq] [77f24b9b] INFO  - [HiveMQ Platform Operator Init App 1.7.0-SNAPSHOT] Starting the HiveMQ Platform
2025-01-28 21:23:34,758 INFO c.h.h.t.HelmChartContainer - [test-hivemq-platform] [hivemq] [77f24b9b] -------------------------------------------------------------------------
2025-01-28 21:23:34,758 INFO c.h.h.t.HelmChartContainer - [test-hivemq-platform] [hivemq] [77f24b9b] 
2025-01-28 21:23:34,758 INFO c.h.h.t.HelmChartContainer - [test-hivemq-platform] [hivemq] [77f24b9b]                   _    _  _              __  __   ____
2025-01-28 21:23:34,758 INFO c.h.h.t.HelmChartContainer - [test-hivemq-platform] [hivemq] [77f24b9b]                  | |  | |(_)            |  \/  | / __ \
2025-01-28 21:23:34,758 INFO c.h.h.t.HelmChartContainer - [test-hivemq-platform] [hivemq] [77f24b9b]                  | |__| | _ __   __ ___ | \  / || |  | |
2025-01-28 21:23:34,758 INFO c.h.h.t.HelmChartContainer - [test-hivemq-platform] [hivemq] [77f24b9b]                  |  __  || |\ \ / // _ \| |\/| || |  | |
2025-01-28 21:23:34,758 INFO c.h.h.t.HelmChartContainer - [test-hivemq-platform] [hivemq] [77f24b9b]                  | |  | || | \ V /|  __/| |  | || |__| |
2025-01-28 21:23:34,758 INFO c.h.h.t.HelmChartContainer - [test-hivemq-platform] [hivemq] [77f24b9b]                  |_|  |_||_|  \_/  \___||_|  |_| \___\_\
2025-01-28 21:23:34,758 INFO c.h.h.t.HelmChartContainer - [test-hivemq-platform] [hivemq] [77f24b9b] 
2025-01-28 21:23:34,758 INFO c.h.h.t.HelmChartContainer - [test-hivemq-platform] [hivemq] [77f24b9b] -------------------------------------------------------------------------
2025-01-28 21:23:34,758 INFO c.h.h.t.HelmChartContainer - [test-hivemq-platform] [hivemq] [77f24b9b] 
2025-01-28 21:23:34,759 INFO c.h.h.t.HelmChartContainer - [test-hivemq-platform] [hivemq] [77f24b9b]   HiveMQ Start Script for Linux/Unix v1.14
2025-01-28 21:23:34,759 INFO c.h.h.t.HelmChartContainer - [test-hivemq-platform] [hivemq] [77f24b9b] 
2025-01-28 21:23:34,829 INFO c.h.h.t.HelmChartContainer - [test-hivemq-platform] [hivemq] [77f24b9b] -------------------------------------------------------------------------
2025-01-28 21:23:34,829 INFO c.h.h.t.HelmChartContainer - [test-hivemq-platform] [hivemq] [77f24b9b] 
2025-01-28 21:23:34,829 INFO c.h.h.t.HelmChartContainer - [test-hivemq-platform] [hivemq] [77f24b9b]   HIVEMQ_HOME: /opt/hivemq
2025-01-28 21:23:34,829 INFO c.h.h.t.HelmChartContainer - [test-hivemq-platform] [hivemq] [77f24b9b] 
2025-01-28 21:23:34,829 INFO c.h.h.t.HelmChartContainer - [test-hivemq-platform] [hivemq] [77f24b9b]   JAVA_OPTS: -XX:+UnlockExperimentalVMOptions -XX:InitialRAMPercentage=50 -XX:MaxRAMPercentage=50 -Djava.net.preferIPv4Stack=true --add-opens java.base/java.lang=ALL-UNNAMED --add-opens java.base/java.nio=ALL-UNNAMED --add-opens java.base/sun.nio.ch=ALL-UNNAMED --add-opens jdk.management/com.sun.management.internal=ALL-UNNAMED --add-exports java.base/jdk.internal.misc=ALL-UNNAMED -Djava.security.egd=file:/dev/./urandom -Dcom.sun.management.jmxremote -Dcom.sun.management.jmxremote.port=9010 -Dcom.sun.management.jmxremote.local.only=false -Dcom.sun.management.jmxremote.authenticate=false -Dcom.sun.management.jmxremote.ssl=false -Duser.language=en -Duser.region=US -XX:+CrashOnOutOfMemoryError -XX:+HeapDumpOnOutOfMemoryError
2025-01-28 21:23:34,829 INFO c.h.h.t.HelmChartContainer - [test-hivemq-platform] [hivemq] [77f24b9b] 
2025-01-28 21:23:34,829 INFO c.h.h.t.HelmChartContainer - [test-hivemq-platform] [hivemq] [77f24b9b]   JAVA_VERSION: 21
2025-01-28 21:23:34,829 INFO c.h.h.t.HelmChartContainer - [test-hivemq-platform] [hivemq] [77f24b9b] 
2025-01-28 21:23:34,829 INFO c.h.h.t.HelmChartContainer - [test-hivemq-platform] [hivemq] [77f24b9b] -------------------------------------------------------------------------
2025-01-28 21:23:34,829 INFO c.h.h.t.HelmChartContainer - [test-hivemq-platform] [hivemq] [77f24b9b] 
2025-01-28 21:23:36,122 INFO c.h.h.t.HelmChartContainer - [test-hivemq-platform] [hivemq] [77f24b9b] INFO  - [HiveMQ Platform Operator Init App 1.7.0-SNAPSHOT] Returning default Health API response 503 for readiness
2025-01-28 21:23:36,521 INFO c.h.h.t.HelmChartContainer - [EVENT] Warning [Unhealthy] Readiness probe failed: HTTP probe failed with statuscode: 503 [helmwebsocketsit:test-hivemq-platform-0]
2025-01-28 21:23:36,521 INFO c.h.h.t.HelmChartContainer - Received Unhealthy event for container hivemq in pod test-hivemq-platform-0 [77f24b9b-c273-4fb5-acca-1b955fc2da5d]
2025-01-28 21:23:37,419 INFO c.h.h.t.HelmChartContainer - [test-hivemq-platform] [hivemq] [77f24b9b] INFO  - Starting HiveMQ Enterprise Server
2025-01-28 21:23:37,425 INFO c.h.h.t.HelmChartContainer - [test-hivemq-platform] [hivemq] [77f24b9b] INFO  - HiveMQ version: 4.36.0
2025-01-28 21:23:37,425 INFO c.h.h.t.HelmChartContainer - [test-hivemq-platform] [hivemq] [77f24b9b] INFO  - HiveMQ home directory: /opt/hivemq
2025-01-28 21:23:37,425 INFO c.h.h.t.HelmChartContainer - [test-hivemq-platform] [hivemq] [77f24b9b] INFO  - Log Configuration was overridden by /opt/hivemq/conf/logback.xml
2025-01-28 21:23:38,716 INFO c.h.h.t.HelmChartContainer - [test-hivemq-platform] [hivemq] [77f24b9b] INFO  - Successfully loaded configuration from '/opt/hivemq/conf-k8s/config.xml'.
2025-01-28 21:23:39,359 INFO c.h.h.t.HelmChartContainer - [test-hivemq-platform] [hivemq] [77f24b9b] INFO  - This node's ID is OnPKy
2025-01-28 21:23:39,359 INFO c.h.h.t.HelmChartContainer - [test-hivemq-platform] [hivemq] [77f24b9b] INFO  - Clustering is enabled
2025-01-28 21:23:40,194 INFO c.h.h.t.HelmChartContainer - [hivemq-test-hivemq-platform] [hivemq-platform-operator] [e75fcfb9] 21:23:40.191 [pool-6-thread-16] DEBUG c.h.p.o.d.PlatformServiceResource - [helmwebs] Desired Platform services (4 services)
2025-01-28 21:23:40,194 INFO c.h.h.t.HelmChartContainer - [hivemq-test-hivemq-platform] [hivemq-platform-operator] [e75fcfb9] 21:23:40.192 [pool-6-thread-14] DEBUG c.h.p.o.dependants.PodInfoConfigMap - [helmwebs] Desired PodInfo ConfigMap (1 extensions) (1 enabled)
2025-01-28 21:23:40,194 INFO c.h.h.t.HelmChartContainer - [hivemq-test-hivemq-platform] [hivemq-platform-operator] [e75fcfb9] 21:23:40.192 [pool-6-thread-14] DEBUG c.h.p.o.dependants.PodInfoConfigMap - [helmwebs] Desired PodInfo ConfigMap (metrics port: 9399) (metrics path: /)
2025-01-28 21:23:40,194 INFO c.h.h.t.HelmChartContainer - [hivemq-test-hivemq-platform] [hivemq-platform-operator] [e75fcfb9] 21:23:40.192 [pool-6-thread-14] DEBUG c.h.p.o.dependants.PodInfoConfigMap - [helmwebs] Desired PodInfo ConfigMap (extension state hash: -1817474005)
2025-01-28 21:23:40,195 INFO c.h.h.t.HelmChartContainer - [hivemq-test-hivemq-platform] [hivemq-platform-operator] [e75fcfb9] 21:23:40.193 [pool-6-thread-17] DEBUG c.h.p.o.d.PodServiceAccountResource - [helmwebs] Desired PodServiceAccountResource (serviceAccountName: hivemq-platform-pod-test-hivemq-platform)
2025-01-28 21:23:40,202 INFO c.h.h.t.HelmChartContainer - [hivemq-test-hivemq-platform] [hivemq-platform-operator] [e75fcfb9] 21:23:40.202 [pool-6-thread-16] DEBUG c.h.p.o.d.StatefulSetResource - [helmwebs] Desired StatefulSet (1 replicas) for status STARTING (READY)
2025-01-28 21:23:40,208 INFO c.h.h.t.HelmChartContainer - [hivemq-test-hivemq-platform] [hivemq-platform-operator] [e75fcfb9] 21:23:40.207 [ReconcilerExecutor-hivemq-controller-109] INFO  c.h.p.o.HiveMQPlatformReconciler - [helmwebs] Reconciling HiveMQ Platform 'test-hivemq-platform' in namespace 'helmwebsocketsit'
2025-01-28 21:23:40,208 INFO c.h.h.t.HelmChartContainer - [hivemq-test-hivemq-platform] [hivemq-platform-operator] [e75fcfb9] 21:23:40.207 [ReconcilerExecutor-hivemq-controller-109] DEBUG c.h.p.o.HiveMQPlatformReconciler - [helmwebs] Custom Resource Status STARTING - HiveMQ Platform is starting (READY)
2025-01-28 21:23:40,208 INFO c.h.h.t.HelmChartContainer - [hivemq-test-hivemq-platform] [hivemq-platform-operator] [e75fcfb9] 21:23:40.207 [ReconcilerExecutor-hivemq-controller-109] DEBUG c.h.p.o.HiveMQPlatformReconciler - [helmwebs] Custom Resource Spec (replicas: 1) (extensions: 1)
2025-01-28 21:23:40,283 INFO c.h.h.t.HelmChartContainer - [hivemq-test-hivemq-platform] [hivemq-platform-operator] [e75fcfb9] 21:23:40.281 [ReconcilerExecutor-hivemq-controller-109] DEBUG c.h.p.o.HiveMQPlatformReconciler - [helmwebs] StatefulSet Status (revision: test-hivemq-platform-74494f964b, replicas: 1, available: 0, ready: 0, current: 1, updated: 1)
2025-01-28 21:23:40,284 INFO c.h.h.t.HelmChartContainer - [hivemq-test-hivemq-platform] [hivemq-platform-operator] [e75fcfb9] 21:23:40.281 [ReconcilerExecutor-hivemq-controller-109] DEBUG c.h.p.o.HiveMQPlatformReconciler - [helmwebs] StatefulSet Spec (replicas: 1, init containers: 1, containers: 1, volumes: 7)
2025-01-28 21:23:40,285 INFO c.h.h.t.HelmChartContainer - [hivemq-test-hivemq-platform] [hivemq-platform-operator] [e75fcfb9] 21:23:40.283 [ReconcilerExecutor-hivemq-controller-109] DEBUG c.h.p.o.h.HiveMQPlatformReconcilerErrorHandler - [helmwebs] Pod 'test-hivemq-platform-0' phase Running
2025-01-28 21:23:40,285 INFO c.h.h.t.HelmChartContainer - [hivemq-test-hivemq-platform] [hivemq-platform-operator] [e75fcfb9] 21:23:40.284 [ReconcilerExecutor-hivemq-controller-109] INFO  c.h.p.o.h.HiveMQPlatformReconcilerBaseHandler - [helmwebs] HiveMQ Platform is starting, 0 of 1 replicas are ready
2025-01-28 21:23:41,614 INFO c.h.h.t.HelmChartContainer - [test-hivemq-platform] [hivemq] [77f24b9b] WARN  - [HiveMQ Platform Operator Init App 1.7.0-SNAPSHOT] Cannot connect to Health API for readiness: null
2025-01-28 21:23:41,620 INFO c.h.h.t.HelmChartContainer - [EVENT] Warning [Unhealthy] Readiness probe failed: HTTP probe failed with statuscode: 503 [helmwebsocketsit:test-hivemq-platform-0]
2025-01-28 21:23:41,620 INFO c.h.h.t.HelmChartContainer - Received Unhealthy event for container hivemq in pod test-hivemq-platform-0 [77f24b9b-c273-4fb5-acca-1b955fc2da5d]
2025-01-28 21:23:43,921 INFO c.h.h.t.HelmChartContainer - [test-hivemq-platform] [hivemq] [77f24b9b] Jan 28, 2025 9:23:43 PM io.vertx.core.impl.BlockedThreadChecker
2025-01-28 21:23:43,921 INFO c.h.h.t.HelmChartContainer - [test-hivemq-platform] [hivemq] [77f24b9b] WARNING: Thread Thread[vert.x-eventloop-thread-1,5,main] has been blocked for 2496 ms, time limit is 2000 ms
2025-01-28 21:23:44,623 INFO c.h.h.t.HelmChartContainer - [test-hivemq-platform] [hivemq] [77f24b9b] INFO  - [HiveMQ Platform Operator Init App 1.7.0-SNAPSHOT] Updating Pod HiveMQ Platform Operator Init App version annotation (version: 1.7.0-SNAPSHOT)
2025-01-28 21:23:45,330 INFO c.h.h.t.HelmChartContainer - [POD] test-hivemq-platform-0 [77f24b9b-c273-4fb5-acca-1b955fc2da5d] in helmwebsocketsit was MODIFIED
2025-01-28 21:23:45,338 INFO c.h.h.t.HelmChartContainer - [hivemq-test-hivemq-platform] [hivemq-platform-operator] [e75fcfb9] 21:23:45.336 [pool-6-thread-23] DEBUG c.h.p.o.d.PlatformServiceResource - [helmwebs] Desired Platform services (4 services)
2025-01-28 21:23:45,338 INFO c.h.h.t.HelmChartContainer - [hivemq-test-hivemq-platform] [hivemq-platform-operator] [e75fcfb9] 21:23:45.338 [pool-6-thread-27] DEBUG c.h.p.o.dependants.PodInfoConfigMap - [helmwebs] Desired PodInfo ConfigMap (1 extensions) (1 enabled)
2025-01-28 21:23:45,339 INFO c.h.h.t.HelmChartContainer - [hivemq-test-hivemq-platform] [hivemq-platform-operator] [e75fcfb9] 21:23:45.338 [pool-6-thread-27] DEBUG c.h.p.o.dependants.PodInfoConfigMap - [helmwebs] Desired PodInfo ConfigMap (metrics port: 9399) (metrics path: /)
2025-01-28 21:23:45,339 INFO c.h.h.t.HelmChartContainer - [hivemq-test-hivemq-platform] [hivemq-platform-operator] [e75fcfb9] 21:23:45.338 [pool-6-thread-27] DEBUG c.h.p.o.dependants.PodInfoConfigMap - [helmwebs] Desired PodInfo ConfigMap (extension state hash: -1817474005)
2025-01-28 21:23:45,343 INFO c.h.h.t.HelmChartContainer - [hivemq-test-hivemq-platform] [hivemq-platform-operator] [e75fcfb9] 21:23:45.339 [pool-6-thread-25] DEBUG c.h.p.o.d.PodServiceAccountResource - [helmwebs] Desired PodServiceAccountResource (serviceAccountName: hivemq-platform-pod-test-hivemq-platform)
2025-01-28 21:23:45,348 INFO c.h.h.t.HelmChartContainer - [hivemq-test-hivemq-platform] [hivemq-platform-operator] [e75fcfb9] 21:23:45.346 [pool-6-thread-23] DEBUG c.h.p.o.d.StatefulSetResource - [helmwebs] Desired StatefulSet (1 replicas) for status STARTING (READY)
2025-01-28 21:23:45,386 INFO c.h.h.t.HelmChartContainer - [hivemq-test-hivemq-platform] [hivemq-platform-operator] [e75fcfb9] 21:23:45.384 [ReconcilerExecutor-hivemq-controller-110] INFO  c.h.p.o.HiveMQPlatformReconciler - [helmwebs] Reconciling HiveMQ Platform 'test-hivemq-platform' in namespace 'helmwebsocketsit'
2025-01-28 21:23:45,386 INFO c.h.h.t.HelmChartContainer - [hivemq-test-hivemq-platform] [hivemq-platform-operator] [e75fcfb9] 21:23:45.384 [ReconcilerExecutor-hivemq-controller-110] DEBUG c.h.p.o.HiveMQPlatformReconciler - [helmwebs] Custom Resource Status STARTING - HiveMQ Platform is starting (READY)
2025-01-28 21:23:45,386 INFO c.h.h.t.HelmChartContainer - [hivemq-test-hivemq-platform] [hivemq-platform-operator] [e75fcfb9] 21:23:45.384 [ReconcilerExecutor-hivemq-controller-110] DEBUG c.h.p.o.HiveMQPlatformReconciler - [helmwebs] Custom Resource Spec (replicas: 1) (extensions: 1)
2025-01-28 21:23:45,387 INFO c.h.h.t.HelmChartContainer - [hivemq-test-hivemq-platform] [hivemq-platform-operator] [e75fcfb9] 21:23:45.386 [ReconcilerExecutor-hivemq-controller-110] DEBUG c.h.p.o.HiveMQPlatformReconciler - [helmwebs] StatefulSet Status (revision: test-hivemq-platform-74494f964b, replicas: 1, available: 0, ready: 0, current: 1, updated: 1)
2025-01-28 21:23:45,387 INFO c.h.h.t.HelmChartContainer - [hivemq-test-hivemq-platform] [hivemq-platform-operator] [e75fcfb9] 21:23:45.386 [ReconcilerExecutor-hivemq-controller-110] DEBUG c.h.p.o.HiveMQPlatformReconciler - [helmwebs] StatefulSet Spec (replicas: 1, init containers: 1, containers: 1, volumes: 7)
2025-01-28 21:23:45,388 INFO c.h.h.t.HelmChartContainer - [hivemq-test-hivemq-platform] [hivemq-platform-operator] [e75fcfb9] 21:23:45.387 [ReconcilerExecutor-hivemq-controller-110] DEBUG c.h.p.o.h.HiveMQPlatformReconcilerErrorHandler - [helmwebs] Pod 'test-hivemq-platform-0' phase Running
2025-01-28 21:23:45,389 INFO c.h.h.t.HelmChartContainer - [hivemq-test-hivemq-platform] [hivemq-platform-operator] [e75fcfb9] 21:23:45.388 [ReconcilerExecutor-hivemq-controller-110] INFO  c.h.p.o.h.HiveMQPlatformReconcilerBaseHandler - [helmwebs] HiveMQ Platform is starting, 0 of 1 replicas are ready
2025-01-28 21:23:45,415 INFO c.h.h.t.HelmChartContainer - [test-hivemq-platform] [hivemq] [77f24b9b] WARN  - [HiveMQ Platform Operator Init App 1.7.0-SNAPSHOT] Cannot connect to Health API for readiness: null
2025-01-28 21:23:45,423 INFO c.h.h.t.HelmChartContainer - [test-hivemq-platform] [hivemq] [77f24b9b] INFO  - [HiveMQ Platform Operator Init App 1.7.0-SNAPSHOT] Successfully updated Pod HiveMQ Platform Operator Init App version annotation (version: 1.7.0-SNAPSHOT)
2025-01-28 21:23:45,424 INFO c.h.h.t.HelmChartContainer - [EVENT] Warning [Unhealthy] Readiness probe failed: HTTP probe failed with statuscode: 503 [helmwebsocketsit:test-hivemq-platform-0]
2025-01-28 21:23:45,424 INFO c.h.h.t.HelmChartContainer - Received Unhealthy event for container hivemq in pod test-hivemq-platform-0 [77f24b9b-c273-4fb5-acca-1b955fc2da5d]
2025-01-28 21:23:50,360 INFO c.h.h.t.HelmChartContainer - [test-hivemq-platform] [hivemq] [77f24b9b] WARN  - [HiveMQ Platform Operator Init App 1.7.0-SNAPSHOT] Cannot connect to Health API for readiness: null
2025-01-28 21:23:50,366 INFO c.h.h.t.HelmChartContainer - [EVENT] Warning [Unhealthy] Readiness probe failed: HTTP probe failed with statuscode: 503 [helmwebsocketsit:test-hivemq-platform-0]
2025-01-28 21:23:50,367 INFO c.h.h.t.HelmChartContainer - Received Unhealthy event for container hivemq in pod test-hivemq-platform-0 [77f24b9b-c273-4fb5-acca-1b955fc2da5d]
2025-01-28 21:23:55,362 INFO c.h.h.t.HelmChartContainer - [test-hivemq-platform] [hivemq] [77f24b9b] WARN  - [HiveMQ Platform Operator Init App 1.7.0-SNAPSHOT] Cannot connect to Health API for readiness: null
2025-01-28 21:23:55,369 INFO c.h.h.t.HelmChartContainer - [EVENT] Warning [Unhealthy] Readiness probe failed: HTTP probe failed with statuscode: 503 [helmwebsocketsit:test-hivemq-platform-0]
2025-01-28 21:23:55,369 INFO c.h.h.t.HelmChartContainer - Received Unhealthy event for container hivemq in pod test-hivemq-platform-0 [77f24b9b-c273-4fb5-acca-1b955fc2da5d]
2025-01-28 21:23:55,395 INFO c.h.h.t.HelmChartContainer - [hivemq-test-hivemq-platform] [hivemq-platform-operator] [e75fcfb9] 21:23:55.393 [pool-6-thread-36] DEBUG c.h.p.o.d.PlatformServiceResource - [helmwebs] Desired Platform services (4 services)
2025-01-28 21:23:55,396 INFO c.h.h.t.HelmChartContainer - [hivemq-test-hivemq-platform] [hivemq-platform-operator] [e75fcfb9] 21:23:55.394 [pool-6-thread-37] DEBUG c.h.p.o.dependants.PodInfoConfigMap - [helmwebs] Desired PodInfo ConfigMap (1 extensions) (1 enabled)
2025-01-28 21:23:55,396 INFO c.h.h.t.HelmChartContainer - [hivemq-test-hivemq-platform] [hivemq-platform-operator] [e75fcfb9] 21:23:55.394 [pool-6-thread-37] DEBUG c.h.p.o.dependants.PodInfoConfigMap - [helmwebs] Desired PodInfo ConfigMap (metrics port: 9399) (metrics path: /)
2025-01-28 21:23:55,396 INFO c.h.h.t.HelmChartContainer - [hivemq-test-hivemq-platform] [hivemq-platform-operator] [e75fcfb9] 21:23:55.394 [pool-6-thread-37] DEBUG c.h.p.o.dependants.PodInfoConfigMap - [helmwebs] Desired PodInfo ConfigMap (extension state hash: -1817474005)
2025-01-28 21:23:55,397 INFO c.h.h.t.HelmChartContainer - [hivemq-test-hivemq-platform] [hivemq-platform-operator] [e75fcfb9] 21:23:55.396 [pool-6-thread-37] DEBUG c.h.p.o.d.PodServiceAccountResource - [helmwebs] Desired PodServiceAccountResource (serviceAccountName: hivemq-platform-pod-test-hivemq-platform)
2025-01-28 21:23:55,402 INFO c.h.h.t.HelmChartContainer - [hivemq-test-hivemq-platform] [hivemq-platform-operator] [e75fcfb9] 21:23:55.401 [pool-6-thread-36] DEBUG c.h.p.o.d.StatefulSetResource - [helmwebs] Desired StatefulSet (1 replicas) for status STARTING (READY)
2025-01-28 21:23:55,483 INFO c.h.h.t.HelmChartContainer - [hivemq-test-hivemq-platform] [hivemq-platform-operator] [e75fcfb9] 21:23:55.482 [ReconcilerExecutor-hivemq-controller-111] INFO  c.h.p.o.HiveMQPlatformReconciler - [helmwebs] Reconciling HiveMQ Platform 'test-hivemq-platform' in namespace 'helmwebsocketsit'
2025-01-28 21:23:55,484 INFO c.h.h.t.HelmChartContainer - [hivemq-test-hivemq-platform] [hivemq-platform-operator] [e75fcfb9] 21:23:55.483 [ReconcilerExecutor-hivemq-controller-111] DEBUG c.h.p.o.HiveMQPlatformReconciler - [helmwebs] Custom Resource Status STARTING - HiveMQ Platform is starting (READY)
2025-01-28 21:23:55,484 INFO c.h.h.t.HelmChartContainer - [hivemq-test-hivemq-platform] [hivemq-platform-operator] [e75fcfb9] 21:23:55.483 [ReconcilerExecutor-hivemq-controller-111] DEBUG c.h.p.o.HiveMQPlatformReconciler - [helmwebs] Custom Resource Spec (replicas: 1) (extensions: 1)
2025-01-28 21:23:55,487 INFO c.h.h.t.HelmChartContainer - [hivemq-test-hivemq-platform] [hivemq-platform-operator] [e75fcfb9] 21:23:55.486 [ReconcilerExecutor-hivemq-controller-111] DEBUG c.h.p.o.HiveMQPlatformReconciler - [helmwebs] StatefulSet Status (revision: test-hivemq-platform-74494f964b, replicas: 1, available: 0, ready: 0, current: 1, updated: 1)
2025-01-28 21:23:55,488 INFO c.h.h.t.HelmChartContainer - [hivemq-test-hivemq-platform] [hivemq-platform-operator] [e75fcfb9] 21:23:55.486 [ReconcilerExecutor-hivemq-controller-111] DEBUG c.h.p.o.HiveMQPlatformReconciler - [helmwebs] StatefulSet Spec (replicas: 1, init containers: 1, containers: 1, volumes: 7)
2025-01-28 21:23:55,488 INFO c.h.h.t.HelmChartContainer - [hivemq-test-hivemq-platform] [hivemq-platform-operator] [e75fcfb9] 21:23:55.488 [ReconcilerExecutor-hivemq-controller-111] DEBUG c.h.p.o.h.HiveMQPlatformReconcilerErrorHandler - [helmwebs] Pod 'test-hivemq-platform-0' phase Running
2025-01-28 21:23:55,489 INFO c.h.h.t.HelmChartContainer - [hivemq-test-hivemq-platform] [hivemq-platform-operator] [e75fcfb9] 21:23:55.488 [ReconcilerExecutor-hivemq-controller-111] INFO  c.h.p.o.h.HiveMQPlatformReconcilerBaseHandler - [helmwebs] HiveMQ Platform is starting, 0 of 1 replicas are ready
2025-01-28 21:23:56,161 INFO c.h.h.t.HelmChartContainer - [test-hivemq-platform] [hivemq] [77f24b9b] INFO  - No valid license file found. Using trial license, restricted to 25 connections.
2025-01-28 21:23:56,960 INFO c.h.h.t.HelmChartContainer - [test-hivemq-platform] [hivemq] [77f24b9b] WARN  - [HiveMQ Platform Operator Init App 1.7.0-SNAPSHOT] Cannot connect to Health API for liveness: null
2025-01-28 21:23:56,960 INFO c.h.h.t.HelmChartContainer - [test-hivemq-platform] [hivemq] [77f24b9b] INFO  - [HiveMQ Platform Operator Init App 1.7.0-SNAPSHOT] Returning default Health API response 200 for liveness
2025-01-28 21:23:59,472 INFO c.h.h.t.HelmChartContainer - [test-hivemq-platform] [hivemq] [77f24b9b] INFO  - No valid license file for Data Hub found. Using free license, restricted to 1 policy.
2025-01-28 21:24:00,362 INFO c.h.h.t.HelmChartContainer - [test-hivemq-platform] [hivemq] [77f24b9b] WARN  - [HiveMQ Platform Operator Init App 1.7.0-SNAPSHOT] Cannot connect to Health API for readiness: null
2025-01-28 21:24:00,367 INFO c.h.h.t.HelmChartContainer - [EVENT] Warning [Unhealthy] Readiness probe failed: HTTP probe failed with statuscode: 503 [helmwebsocketsit:test-hivemq-platform-0]
2025-01-28 21:24:00,367 INFO c.h.h.t.HelmChartContainer - Received Unhealthy event for container hivemq in pod test-hivemq-platform-0 [77f24b9b-c273-4fb5-acca-1b955fc2da5d]
2025-01-28 21:24:00,662 INFO c.h.h.t.HelmChartContainer - [test-hivemq-platform] [hivemq] [77f24b9b] INFO  - Audit Logger started.
2025-01-28 21:24:00,962 INFO c.h.h.t.HelmChartContainer - [test-hivemq-platform] [hivemq] [77f24b9b] INFO  - This node uses '1' CPU cores.
2025-01-28 21:24:00,969 INFO c.h.h.t.HelmChartContainer - [test-hivemq-platform] [hivemq] [77f24b9b] INFO  - Starting HiveMQ Health API on address 0.0.0.0 and port 8889
2025-01-28 21:24:01,768 INFO c.h.h.t.HelmChartContainer - [test-hivemq-platform] [hivemq] [77f24b9b] INFO  - Started HiveMQ Health API in 799ms
2025-01-28 21:24:02,382 INFO c.h.h.t.HelmChartContainer - [test-hivemq-platform] [hivemq] [77f24b9b] INFO  - Starting HiveMQ extension system.
2025-01-28 21:24:02,611 INFO c.h.h.t.HelmChartContainer - [test-hivemq-platform] [hivemq] [77f24b9b] INFO  - Starting extension with id "hivemq-dns-cluster-discovery" at /opt/hivemq/extensions/hivemq-dns-cluster-discovery
2025-01-28 21:24:03,068 INFO c.h.h.t.HelmChartContainer - [test-hivemq-platform] [hivemq] [77f24b9b] INFO  - Extension "DNS Cluster Discovery Extension" version 4.3.2 started successfully.
2025-01-28 21:24:03,068 INFO c.h.h.t.HelmChartContainer - [test-hivemq-platform] [hivemq] [77f24b9b] INFO  - Starting extension with id "hivemq-prometheus-extension" at /opt/hivemq/extensions/hivemq-prometheus-extension
2025-01-28 21:24:03,164 INFO c.h.h.t.HelmChartContainer - [test-hivemq-platform] [hivemq] [77f24b9b] INFO  - Using TCP cluster transport on address 10.42.0.14 and port 7000
2025-01-28 21:24:03,165 INFO c.h.h.t.HelmChartContainer - [test-hivemq-platform] [hivemq] [77f24b9b] INFO  - Using extension cluster discovery
2025-01-28 21:24:04,070 INFO c.h.h.t.HelmChartContainer - [test-hivemq-platform] [hivemq] [77f24b9b] INFO  - Started Jetty Server exposing Prometheus Servlet on URI http://0.0.0.0:9399/
2025-01-28 21:24:04,071 INFO c.h.h.t.HelmChartContainer - [test-hivemq-platform] [hivemq] [77f24b9b] INFO  - Extension "Prometheus Monitoring Extension" version 4.0.12 started successfully.
2025-01-28 21:24:04,072 INFO c.h.h.t.HelmChartContainer - [test-hivemq-platform] [hivemq] [77f24b9b] INFO  - Starting extension with id "hivemq-allow-all-extension" at /opt/hivemq/extensions/hivemq-allow-all-extension
2025-01-28 21:24:04,072 INFO c.h.h.t.HelmChartContainer - [test-hivemq-platform] [hivemq] [77f24b9b] WARN  - 
2025-01-28 21:24:04,072 INFO c.h.h.t.HelmChartContainer - [test-hivemq-platform] [hivemq] [77f24b9b] ################################################################################################################
2025-01-28 21:24:04,072 INFO c.h.h.t.HelmChartContainer - [test-hivemq-platform] [hivemq] [77f24b9b] # This HiveMQ deployment is not secure! You are lacking Authentication and Authorization.                      #
2025-01-28 21:24:04,072 INFO c.h.h.t.HelmChartContainer - [test-hivemq-platform] [hivemq] [77f24b9b] # Right now any MQTT client can connect to the broker with a full set of permissions.                          #
2025-01-28 21:24:04,072 INFO c.h.h.t.HelmChartContainer - [test-hivemq-platform] [hivemq] [77f24b9b] # For production usage, add an appropriate security extension and remove the hivemq-allow-all extension.       #
2025-01-28 21:24:04,072 INFO c.h.h.t.HelmChartContainer - [test-hivemq-platform] [hivemq] [77f24b9b] # You can download security extensions from the HiveMQ Marketplace (https://www.hivemq.com/extensions/).       #
2025-01-28 21:24:04,072 INFO c.h.h.t.HelmChartContainer - [test-hivemq-platform] [hivemq] [77f24b9b] ################################################################################################################
2025-01-28 21:24:04,073 INFO c.h.h.t.HelmChartContainer - [test-hivemq-platform] [hivemq] [77f24b9b] INFO  - Extension "Allow All Extension" version 1.1.1 started successfully.
2025-01-28 21:24:05,496 INFO c.h.h.t.HelmChartContainer - [hivemq-test-hivemq-platform] [hivemq-platform-operator] [e75fcfb9] 21:24:05.493 [pool-6-thread-43] DEBUG c.h.p.o.d.PlatformServiceResource - [helmwebs] Desired Platform services (4 services)
2025-01-28 21:24:05,496 INFO c.h.h.t.HelmChartContainer - [hivemq-test-hivemq-platform] [hivemq-platform-operator] [e75fcfb9] 21:24:05.493 [pool-6-thread-47] DEBUG c.h.p.o.dependants.PodInfoConfigMap - [helmwebs] Desired PodInfo ConfigMap (1 extensions) (1 enabled)
2025-01-28 21:24:05,496 INFO c.h.h.t.HelmChartContainer - [hivemq-test-hivemq-platform] [hivemq-platform-operator] [e75fcfb9] 21:24:05.493 [pool-6-thread-47] DEBUG c.h.p.o.dependants.PodInfoConfigMap - [helmwebs] Desired PodInfo ConfigMap (metrics port: 9399) (metrics path: /)
2025-01-28 21:24:05,496 INFO c.h.h.t.HelmChartContainer - [hivemq-test-hivemq-platform] [hivemq-platform-operator] [e75fcfb9] 21:24:05.493 [pool-6-thread-47] DEBUG c.h.p.o.dependants.PodInfoConfigMap - [helmwebs] Desired PodInfo ConfigMap (extension state hash: -1817474005)
2025-01-28 21:24:05,496 INFO c.h.h.t.HelmChartContainer - [hivemq-test-hivemq-platform] [hivemq-platform-operator] [e75fcfb9] 21:24:05.494 [pool-6-thread-47] DEBUG c.h.p.o.d.PodServiceAccountResource - [helmwebs] Desired PodServiceAccountResource (serviceAccountName: hivemq-platform-pod-test-hivemq-platform)
2025-01-28 21:24:05,501 INFO c.h.h.t.HelmChartContainer - [hivemq-test-hivemq-platform] [hivemq-platform-operator] [e75fcfb9] 21:24:05.500 [pool-6-thread-43] DEBUG c.h.p.o.d.StatefulSetResource - [helmwebs] Desired StatefulSet (1 replicas) for status STARTING (READY)
2025-01-28 21:24:05,505 INFO c.h.h.t.HelmChartContainer - [hivemq-test-hivemq-platform] [hivemq-platform-operator] [e75fcfb9] 21:24:05.505 [ReconcilerExecutor-hivemq-controller-112] INFO  c.h.p.o.HiveMQPlatformReconciler - [helmwebs] Reconciling HiveMQ Platform 'test-hivemq-platform' in namespace 'helmwebsocketsit'
2025-01-28 21:24:05,505 INFO c.h.h.t.HelmChartContainer - [hivemq-test-hivemq-platform] [hivemq-platform-operator] [e75fcfb9] 21:24:05.505 [ReconcilerExecutor-hivemq-controller-112] DEBUG c.h.p.o.HiveMQPlatformReconciler - [helmwebs] Custom Resource Status STARTING - HiveMQ Platform is starting (READY)
2025-01-28 21:24:05,506 INFO c.h.h.t.HelmChartContainer - [hivemq-test-hivemq-platform] [hivemq-platform-operator] [e75fcfb9] 21:24:05.505 [ReconcilerExecutor-hivemq-controller-112] DEBUG c.h.p.o.HiveMQPlatformReconciler - [helmwebs] Custom Resource Spec (replicas: 1) (extensions: 1)
2025-01-28 21:24:05,585 INFO c.h.h.t.HelmChartContainer - [hivemq-test-hivemq-platform] [hivemq-platform-operator] [e75fcfb9] 21:24:05.583 [ReconcilerExecutor-hivemq-controller-112] DEBUG c.h.p.o.HiveMQPlatformReconciler - [helmwebs] StatefulSet Status (revision: test-hivemq-platform-74494f964b, replicas: 1, available: 0, ready: 0, current: 1, updated: 1)
2025-01-28 21:24:05,585 INFO c.h.h.t.HelmChartContainer - [hivemq-test-hivemq-platform] [hivemq-platform-operator] [e75fcfb9] 21:24:05.583 [ReconcilerExecutor-hivemq-controller-112] DEBUG c.h.p.o.HiveMQPlatformReconciler - [helmwebs] StatefulSet Spec (replicas: 1, init containers: 1, containers: 1, volumes: 7)
2025-01-28 21:24:05,586 INFO c.h.h.t.HelmChartContainer - [hivemq-test-hivemq-platform] [hivemq-platform-operator] [e75fcfb9] 21:24:05.585 [ReconcilerExecutor-hivemq-controller-112] DEBUG c.h.p.o.h.HiveMQPlatformReconcilerErrorHandler - [helmwebs] Pod 'test-hivemq-platform-0' phase Running
2025-01-28 21:24:05,587 INFO c.h.h.t.HelmChartContainer - [hivemq-test-hivemq-platform] [hivemq-platform-operator] [e75fcfb9] 21:24:05.586 [ReconcilerExecutor-hivemq-controller-112] INFO  c.h.p.o.h.HiveMQPlatformReconcilerBaseHandler - [helmwebs] HiveMQ Platform is starting, 0 of 1 replicas are ready
2025-01-28 21:24:05,825 INFO c.h.h.t.HelmChartContainer - [test-hivemq-platform] [hivemq] [77f24b9b] INFO  - [HiveMQ Platform Operator Init App 1.7.0-SNAPSHOT] Returning Health API response 503 for readiness
2025-01-28 21:24:05,829 INFO c.h.h.t.HelmChartContainer - [EVENT] Warning [Unhealthy] Readiness probe failed: HTTP probe failed with statuscode: 503 [helmwebsocketsit:test-hivemq-platform-0]
2025-01-28 21:24:05,829 INFO c.h.h.t.HelmChartContainer - Received Unhealthy event for container hivemq in pod test-hivemq-platform-0 [77f24b9b-c273-4fb5-acca-1b955fc2da5d]
2025-01-28 21:24:06,159 INFO c.h.h.t.HelmChartContainer - [test-hivemq-platform] [hivemq] [77f24b9b] INFO  - OnPKy: no members discovered after 2248 ms: creating cluster as first member
2025-01-28 21:24:06,217 INFO c.h.h.t.HelmChartContainer - [test-hivemq-platform] [hivemq] [77f24b9b] INFO  - Cluster nodes found by discovery: [OnPKy|0] (1) [OnPKy].
2025-01-28 21:24:06,320 INFO c.h.h.t.HelmChartContainer - [test-hivemq-platform] [hivemq] [77f24b9b] WARN  - No user for HiveMQ Control Center configured. Starting with default user
2025-01-28 21:24:06,321 INFO c.h.h.t.HelmChartContainer - [test-hivemq-platform] [hivemq] [77f24b9b] INFO  - Starting HiveMQ Control Center on address 127.0.0.1 and port 8080
2025-01-28 21:24:06,321 INFO c.h.h.t.HelmChartContainer - [test-hivemq-platform] [hivemq] [77f24b9b] INFO  - Mounting HiveMQ Control Center V2 Preview
2025-01-28 21:24:06,921 INFO c.h.h.t.HelmChartContainer - [test-hivemq-platform] [hivemq] [77f24b9b] INFO  - Started HiveMQ Control Center in 603ms
2025-01-28 21:24:07,014 INFO c.h.h.t.HelmChartContainer - [test-hivemq-platform] [hivemq] [77f24b9b] INFO  - Starting Websocket listener on address 0.0.0.0 and port 8002
2025-01-28 21:24:07,832 INFO c.h.h.t.HelmChartContainer - [test-hivemq-platform] [hivemq] [77f24b9b] INFO  - Enabled protocols for Websocket Listener with TLS at address 0.0.0.0 and port 8003: [TLSv1.3, TLSv1.2]
2025-01-28 21:24:07,832 INFO c.h.h.t.HelmChartContainer - [test-hivemq-platform] [hivemq] [77f24b9b] INFO  - Enabled cipher suites for Websocket Listener with TLS at address 0.0.0.0 and port 8003: [TLS_ECDHE_ECDSA_WITH_AES_256_GCM_SHA384, TLS_ECDHE_ECDSA_WITH_AES_128_GCM_SHA256, TLS_ECDHE_RSA_WITH_AES_128_GCM_SHA256, TLS_ECDHE_RSA_WITH_AES_256_GCM_SHA384, TLS_ECDHE_RSA_WITH_AES_128_CBC_SHA, TLS_ECDHE_RSA_WITH_AES_256_CBC_SHA, TLS_RSA_WITH_AES_128_GCM_SHA256, TLS_RSA_WITH_AES_128_CBC_SHA, TLS_RSA_WITH_AES_256_CBC_SHA, TLS_AES_128_GCM_SHA256, TLS_AES_256_GCM_SHA384]
2025-01-28 21:24:07,832 INFO c.h.h.t.HelmChartContainer - [test-hivemq-platform] [hivemq] [77f24b9b] INFO  - Starting Websocket TLS listener on address 0.0.0.0 and port 8003
2025-01-28 21:24:08,012 INFO c.h.h.t.HelmChartContainer - [test-hivemq-platform] [hivemq] [77f24b9b] INFO  - Enabled protocols for Websocket Listener with TLS at address 0.0.0.0 and port 8004: [TLSv1.3, TLSv1.2]
2025-01-28 21:24:08,012 INFO c.h.h.t.HelmChartContainer - [test-hivemq-platform] [hivemq] [77f24b9b] INFO  - Enabled cipher suites for Websocket Listener with TLS at address 0.0.0.0 and port 8004: [TLS_ECDHE_ECDSA_WITH_AES_256_GCM_SHA384, TLS_ECDHE_ECDSA_WITH_AES_128_GCM_SHA256, TLS_ECDHE_RSA_WITH_AES_128_GCM_SHA256, TLS_ECDHE_RSA_WITH_AES_256_GCM_SHA384, TLS_ECDHE_RSA_WITH_AES_128_CBC_SHA, TLS_ECDHE_RSA_WITH_AES_256_CBC_SHA, TLS_RSA_WITH_AES_128_GCM_SHA256, TLS_RSA_WITH_AES_128_CBC_SHA, TLS_RSA_WITH_AES_256_CBC_SHA, TLS_AES_128_GCM_SHA256, TLS_AES_256_GCM_SHA384]
2025-01-28 21:24:08,013 INFO c.h.h.t.HelmChartContainer - [test-hivemq-platform] [hivemq] [77f24b9b] INFO  - Starting Websocket TLS listener on address 0.0.0.0 and port 8004
2025-01-28 21:24:08,014 INFO c.h.h.t.HelmChartContainer - [test-hivemq-platform] [hivemq] [77f24b9b] INFO  - Started Websocket Listener on address 0.0.0.0 and on port 8002.
2025-01-28 21:24:08,014 INFO c.h.h.t.HelmChartContainer - [test-hivemq-platform] [hivemq] [77f24b9b] INFO  - Started Websocket Listener with TLS on address 0.0.0.0 and on port 8003.
2025-01-28 21:24:08,014 INFO c.h.h.t.HelmChartContainer - [test-hivemq-platform] [hivemq] [77f24b9b] INFO  - Started Websocket Listener with TLS on address 0.0.0.0 and on port 8004.
2025-01-28 21:24:08,014 INFO c.h.h.t.HelmChartContainer - [test-hivemq-platform] [hivemq] [77f24b9b] INFO  - Started HiveMQ in 30950ms
2025-01-28 21:24:10,331 INFO c.h.h.t.HelmChartContainer - [test-hivemq-platform] [hivemq] [77f24b9b] INFO  - [HiveMQ Platform Operator Init App 1.7.0-SNAPSHOT] Returning Health API response 200 for readiness
2025-01-28 21:24:10,344 INFO c.h.h.t.HelmChartContainer - [POD] test-hivemq-platform-0 [77f24b9b-c273-4fb5-acca-1b955fc2da5d] in helmwebsocketsit was MODIFIED
2025-01-28 21:24:10,355 INFO c.h.h.t.HelmChartContainer - [hivemq-test-hivemq-platform] [hivemq-platform-operator] [e75fcfb9] 21:24:10.352 [pool-6-thread-4] DEBUG c.h.p.o.d.PlatformServiceResource - [helmwebs] Desired Platform services (4 services)
2025-01-28 21:24:10,368 INFO c.h.h.t.HelmChartContainer - [hivemq-test-hivemq-platform] [hivemq-platform-operator] [e75fcfb9] 21:24:10.357 [pool-6-thread-4] DEBUG c.h.p.o.dependants.PodInfoConfigMap - [helmwebs] Desired PodInfo ConfigMap (1 extensions) (1 enabled)
2025-01-28 21:24:10,368 INFO c.h.h.t.HelmChartContainer - [hivemq-test-hivemq-platform] [hivemq-platform-operator] [e75fcfb9] 21:24:10.357 [pool-6-thread-4] DEBUG c.h.p.o.dependants.PodInfoConfigMap - [helmwebs] Desired PodInfo ConfigMap (metrics port: 9399) (metrics path: /)
2025-01-28 21:24:10,368 INFO c.h.h.t.HelmChartContainer - [hivemq-test-hivemq-platform] [hivemq-platform-operator] [e75fcfb9] 21:24:10.357 [pool-6-thread-4] DEBUG c.h.p.o.dependants.PodInfoConfigMap - [helmwebs] Desired PodInfo ConfigMap (extension state hash: -1817474005)
2025-01-28 21:24:10,368 INFO c.h.h.t.HelmChartContainer - [hivemq-test-hivemq-platform] [hivemq-platform-operator] [e75fcfb9] 21:24:10.360 [pool-6-thread-4] DEBUG c.h.p.o.d.PodServiceAccountResource - [helmwebs] Desired PodServiceAccountResource (serviceAccountName: hivemq-platform-pod-test-hivemq-platform)
2025-01-28 21:24:10,370 INFO c.h.h.t.HelmChartContainer - [hivemq-test-hivemq-platform] [hivemq-platform-operator] [e75fcfb9] 21:24:10.363 [pool-6-thread-4] DEBUG c.h.p.o.d.StatefulSetResource - [helmwebs] Desired StatefulSet (1 replicas) for status STARTING (READY)
2025-01-28 21:24:10,370 INFO c.h.h.t.HelmChartContainer - [hivemq-test-hivemq-platform] [hivemq-platform-operator] [e75fcfb9] 21:24:10.368 [ReconcilerExecutor-hivemq-controller-113] INFO  c.h.p.o.HiveMQPlatformReconciler - [helmwebs] Reconciling HiveMQ Platform 'test-hivemq-platform' in namespace 'helmwebsocketsit'
2025-01-28 21:24:10,370 INFO c.h.h.t.HelmChartContainer - [hivemq-test-hivemq-platform] [hivemq-platform-operator] [e75fcfb9] 21:24:10.368 [ReconcilerExecutor-hivemq-controller-113] DEBUG c.h.p.o.HiveMQPlatformReconciler - [helmwebs] Custom Resource Status STARTING - HiveMQ Platform is starting (READY)
2025-01-28 21:24:10,370 INFO c.h.h.t.HelmChartContainer - [hivemq-test-hivemq-platform] [hivemq-platform-operator] [e75fcfb9] 21:24:10.368 [ReconcilerExecutor-hivemq-controller-113] DEBUG c.h.p.o.HiveMQPlatformReconciler - [helmwebs] Custom Resource Spec (replicas: 1) (extensions: 1)
2025-01-28 21:24:10,382 INFO c.h.h.t.HelmChartContainer - [hivemq-test-hivemq-platform] [hivemq-platform-operator] [e75fcfb9] 21:24:10.381 [ReconcilerExecutor-hivemq-controller-113] DEBUG c.h.p.o.HiveMQPlatformReconciler - [helmwebs] StatefulSet Status (revision: test-hivemq-platform-74494f964b, replicas: 1, available: 1, ready: 1, current: 1, updated: 1)
2025-01-28 21:24:10,382 INFO c.h.h.t.HelmChartContainer - [hivemq-test-hivemq-platform] [hivemq-platform-operator] [e75fcfb9] 21:24:10.381 [ReconcilerExecutor-hivemq-controller-113] DEBUG c.h.p.o.HiveMQPlatformReconciler - [helmwebs] StatefulSet Spec (replicas: 1, init containers: 1, containers: 1, volumes: 7)
2025-01-28 21:24:10,384 INFO c.h.h.t.HelmChartContainer - [hivemq-test-hivemq-platform] [hivemq-platform-operator] [e75fcfb9] 21:24:10.383 [ReconcilerExecutor-hivemq-controller-113] DEBUG c.h.p.o.h.HiveMQPlatformReconcilerErrorHandler - [helmwebs] Pod 'test-hivemq-platform-0' phase Running
2025-01-28 21:24:10,386 INFO c.h.h.t.HelmChartContainer - [hivemq-test-hivemq-platform] [hivemq-platform-operator] [e75fcfb9] 21:24:10.384 [ReconcilerExecutor-hivemq-controller-113] INFO  c.h.p.o.h.HiveMQPlatformReconcilerBaseHandler - [helmwebs] HiveMQ Platform started successfully
2025-01-28 21:24:10,484 INFO c.h.h.t.HelmChartContainer - [hivemq-test-hivemq-platform] [hivemq-platform-operator] [e75fcfb9] 21:24:10.483 [ReconcilerExecutor-hivemq-controller-113] DEBUG c.h.p.operator.event.EventSender - [helmwebs] Creating K8s event hivemq-platform-ready: [Ready] HiveMQ Platform is ready
2025-01-28 21:24:10,488 INFO c.h.h.t.HelmChartContainer - [EVENT] Normal [Ready] HiveMQ Platform is ready [helmwebsocketsit:test-hivemq-platform]
2025-01-28 21:24:10,489 INFO c.h.h.t.HelmChartContainer - [hivemq-test-hivemq-platform] [hivemq-platform-operator] [e75fcfb9] 21:24:10.488 [ReconcilerExecutor-hivemq-controller-113] INFO  c.h.p.o.h.AbstractHiveMQReconcilerStateHandler - [helmwebs] Update HiveMQ Platform Status (STARTING [READY] -> RUNNING [READY]): HiveMQ Platform is ready
2025-01-28 21:24:10,496 DEBUG com.hivemq.helmcharts.util.K8sUtil - Comparing actual state 'RUNNING' and waiting for 'RUNNING'
2025-01-28 21:24:10,506 INFO c.h.h.t.HelmChartContainer - [hivemq-test-hivemq-platform] [hivemq-platform-operator] [e75fcfb9] 21:24:10.503 [pool-6-thread-18] DEBUG c.h.p.o.d.PlatformServiceResource - [helmwebs] Desired Platform services (4 services)
2025-01-28 21:24:10,506 INFO c.h.h.t.HelmChartContainer - [hivemq-test-hivemq-platform] [hivemq-platform-operator] [e75fcfb9] 21:24:10.503 [pool-6-thread-19] DEBUG c.h.p.o.dependants.PodInfoConfigMap - [helmwebs] Desired PodInfo ConfigMap (1 extensions) (1 enabled)
2025-01-28 21:24:10,506 INFO c.h.h.t.HelmChartContainer - [hivemq-test-hivemq-platform] [hivemq-platform-operator] [e75fcfb9] 21:24:10.503 [pool-6-thread-19] DEBUG c.h.p.o.dependants.PodInfoConfigMap - [helmwebs] Desired PodInfo ConfigMap (metrics port: 9399) (metrics path: /)
2025-01-28 21:24:10,506 INFO c.h.h.t.HelmChartContainer - [hivemq-test-hivemq-platform] [hivemq-platform-operator] [e75fcfb9] 21:24:10.503 [pool-6-thread-19] DEBUG c.h.p.o.dependants.PodInfoConfigMap - [helmwebs] Desired PodInfo ConfigMap (extension state hash: -1817474005)
2025-01-28 21:24:10,506 INFO c.h.h.t.HelmChartContainer - [hivemq-test-hivemq-platform] [hivemq-platform-operator] [e75fcfb9] 21:24:10.505 [pool-6-thread-11] DEBUG c.h.p.o.d.PodServiceAccountResource - [helmwebs] Desired PodServiceAccountResource (serviceAccountName: hivemq-platform-pod-test-hivemq-platform)
2025-01-28 21:24:10,588 INFO c.h.h.t.HelmChartContainer - [hivemq-test-hivemq-platform] [hivemq-platform-operator] [e75fcfb9] 21:24:10.580 [pool-6-thread-19] DEBUG c.h.p.o.dependants.PodInfoConfigMap - [helmwebs] Update PodInfo ConfigMap
2025-01-28 21:24:10,592 INFO c.h.h.t.HelmChartContainer - [hivemq-test-hivemq-platform] [hivemq-platform-operator] [e75fcfb9] 21:24:10.591 [pool-6-thread-19] DEBUG c.h.p.o.d.StatefulSetResource - [helmwebs] Desired StatefulSet (1 replicas) for status RUNNING (READY)
2025-01-28 21:24:10,603 INFO c.h.h.t.HelmChartContainer - [hivemq-test-hivemq-platform] [hivemq-platform-operator] [e75fcfb9] 21:24:10.602 [ReconcilerExecutor-hivemq-controller-114] INFO  c.h.p.o.HiveMQPlatformReconciler - [helmwebs] Reconciling HiveMQ Platform 'test-hivemq-platform' in namespace 'helmwebsocketsit'
2025-01-28 21:24:10,681 INFO c.h.h.t.HelmChartContainer - [hivemq-test-hivemq-platform] [hivemq-platform-operator] [e75fcfb9] 21:24:10.604 [ReconcilerExecutor-hivemq-controller-114] DEBUG c.h.p.o.HiveMQPlatformReconciler - [helmwebs] Custom Resource Status RUNNING - HiveMQ Platform is ready (READY)
2025-01-28 21:24:10,682 INFO c.h.h.t.HelmChartContainer - [hivemq-test-hivemq-platform] [hivemq-platform-operator] [e75fcfb9] 21:24:10.680 [ReconcilerExecutor-hivemq-controller-114] DEBUG c.h.p.o.HiveMQPlatformReconciler - [helmwebs] Custom Resource Spec (replicas: 1) (extensions: 1)
2025-01-28 21:24:10,683 INFO c.h.h.t.HelmChartContainer - [hivemq-test-hivemq-platform] [hivemq-platform-operator] [e75fcfb9] 21:24:10.682 [ReconcilerExecutor-hivemq-controller-114] DEBUG c.h.p.o.HiveMQPlatformReconciler - [helmwebs] StatefulSet Status (revision: test-hivemq-platform-74494f964b, replicas: 1, available: 1, ready: 1, current: 1, updated: 1)
2025-01-28 21:24:10,684 INFO c.h.h.t.HelmChartContainer - [hivemq-test-hivemq-platform] [hivemq-platform-operator] [e75fcfb9] 21:24:10.682 [ReconcilerExecutor-hivemq-controller-114] DEBUG c.h.p.o.HiveMQPlatformReconciler - [helmwebs] StatefulSet Spec (replicas: 1, init containers: 1, containers: 1, volumes: 7)
2025-01-28 21:24:10,685 INFO c.h.h.t.HelmChartContainer - [hivemq-test-hivemq-platform] [hivemq-platform-operator] [e75fcfb9] 21:24:10.684 [ReconcilerExecutor-hivemq-controller-114] DEBUG c.h.p.o.h.HiveMQPlatformReconcilerErrorHandler - [helmwebs] Pod 'test-hivemq-platform-0' phase Running
2025-01-28 21:24:13,560 INFO c.h.h.t.HelmChartContainer - Uninstalling release 'test-hivemq-platform' in namespace 'helmwebsocketsit'...
2025-01-28 21:24:13,561 DEBUG c.h.h.t.HelmChartContainer - Executing helm command: /bin/helm --kubeconfig /etc/rancher/k3s/k3s.yaml uninstall test-hivemq-platform  --wait --timeout 5m0s --cascade foreground --namespace helmwebsocketsit
2025-01-28 21:24:13,761 INFO c.h.h.t.HelmChartContainer - [hivemq-test-hivemq-platform] [hivemq-platform-operator] [e75fcfb9] 21:24:13.754 [pool-6-thread-29] DEBUG c.h.p.o.d.PlatformServiceResource - [helmwebs] Desired Platform services (4 services)
2025-01-28 21:24:13,763 INFO c.h.h.t.HelmChartContainer - [hivemq-test-hivemq-platform] [hivemq-platform-operator] [e75fcfb9] 21:24:13.759 [pool-6-thread-21] DEBUG c.h.p.o.dependants.PodInfoConfigMap - [helmwebs] Desired PodInfo ConfigMap (1 extensions) (1 enabled)
2025-01-28 21:24:13,763 INFO c.h.h.t.HelmChartContainer - [hivemq-test-hivemq-platform] [hivemq-platform-operator] [e75fcfb9] 21:24:13.759 [pool-6-thread-21] DEBUG c.h.p.o.dependants.PodInfoConfigMap - [helmwebs] Desired PodInfo ConfigMap (metrics port: 9399) (metrics path: /)
2025-01-28 21:24:13,763 INFO c.h.h.t.HelmChartContainer - [hivemq-test-hivemq-platform] [hivemq-platform-operator] [e75fcfb9] 21:24:13.759 [pool-6-thread-21] DEBUG c.h.p.o.dependants.PodInfoConfigMap - [helmwebs] Desired PodInfo ConfigMap (extension state hash: -1817474005)
2025-01-28 21:24:13,763 INFO c.h.h.t.HelmChartContainer - [hivemq-test-hivemq-platform] [hivemq-platform-operator] [e75fcfb9] 21:24:13.762 [pool-6-thread-21] DEBUG c.h.p.o.d.PodServiceAccountResource - [helmwebs] Desired PodServiceAccountResource (serviceAccountName: hivemq-platform-pod-test-hivemq-platform)
2025-01-28 21:24:13,792 INFO c.h.h.t.HelmChartContainer - [hivemq-test-hivemq-platform] [hivemq-platform-operator] [e75fcfb9] 21:24:13.787 [pool-6-thread-29] DEBUG c.h.p.o.d.StatefulSetResource - [helmwebs] Desired StatefulSet (1 replicas) for status RUNNING (READY)
2025-01-28 21:24:13,803 INFO c.h.h.t.HelmChartContainer - [hivemq-test-hivemq-platform] [hivemq-platform-operator] [e75fcfb9] 21:24:13.800 [ReconcilerExecutor-hivemq-controller-115] INFO  c.h.p.o.HiveMQPlatformReconciler - [helmwebs] Reconciling HiveMQ Platform 'test-hivemq-platform' in namespace 'helmwebsocketsit'
2025-01-28 21:24:13,803 INFO c.h.h.t.HelmChartContainer - [hivemq-test-hivemq-platform] [hivemq-platform-operator] [e75fcfb9] 21:24:13.800 [ReconcilerExecutor-hivemq-controller-115] DEBUG c.h.p.o.HiveMQPlatformReconciler - [helmwebs] Custom Resource Status RUNNING - HiveMQ Platform is ready (READY)
2025-01-28 21:24:13,803 INFO c.h.h.t.HelmChartContainer - [hivemq-test-hivemq-platform] [hivemq-platform-operator] [e75fcfb9] 21:24:13.800 [ReconcilerExecutor-hivemq-controller-115] DEBUG c.h.p.o.HiveMQPlatformReconciler - [helmwebs] Custom Resource Spec (replicas: 1) (extensions: 1)
2025-01-28 21:24:13,803 INFO c.h.h.t.HelmChartContainer - [hivemq-test-hivemq-platform] [hivemq-platform-operator] [e75fcfb9] 21:24:13.800 [ReconcilerExecutor-hivemq-controller-115] WARN  c.h.p.o.h.HiveMQPlatformReconcilerErrorHandler - [helmwebs] Could not find ConfigMap 'hivemq-configuration-test-hivemq-platform' for HiveMQ Platform configuration
2025-01-28 21:24:13,989 INFO c.h.h.t.HelmChartContainer - [hivemq-test-hivemq-platform] [hivemq-platform-operator] [e75fcfb9] 21:24:13.987 [ReconcilerExecutor-hivemq-controller-115] DEBUG c.h.p.operator.event.EventSender - [helmwebs] Creating K8s event hivemq-platform-invalid-configuration: [Start] Could not find ConfigMap 'hivemq-configuration-test-hivemq-platform' for HiveMQ Platform configuration
2025-01-28 21:24:13,992 INFO c.h.h.t.HelmChartContainer - [EVENT] Warning [Start] Could not find ConfigMap 'hivemq-configuration-test-hivemq-platform' for HiveMQ Platform configuration [helmwebsocketsit:test-hivemq-platform]
2025-01-28 21:24:13,993 INFO c.h.h.t.HelmChartContainer - [hivemq-test-hivemq-platform] [hivemq-platform-operator] [e75fcfb9] 21:24:13.992 [ReconcilerExecutor-hivemq-controller-115] INFO  c.h.p.o.h.AbstractHiveMQReconcilerStateHandler - [helmwebs] Update HiveMQ Platform Status (RUNNING [READY] -> ERROR [INVALID_CONFIG_MAP]): Could not find ConfigMap 'hivemq-configuration-test-hivemq-platform' for HiveMQ Platform configuration
2025-01-28 21:24:14,082 INFO c.h.h.t.HelmChartContainer - [hivemq-test-hivemq-platform] [hivemq-platform-operator] [e75fcfb9] 21:24:14.000 [ReconcilerExecutor-hivemq-controller-115] ERROR i.j.o.p.event.EventProcessor - Error during event processing ExecutionScope{ resource id: ResourceID{name='test-hivemq-platform', namespace='helmwebsocketsit'}, version: 1569}
2025-01-28 21:24:14,082 INFO c.h.h.t.HelmChartContainer - [hivemq-test-hivemq-platform] [hivemq-platform-operator] [e75fcfb9] io.fabric8.kubernetes.client.KubernetesClientException: Failure executing: PUT at: https://10.43.0.1:443/apis/hivemq.com/v1/namespaces/helmwebsocketsit/hivemq-platforms/test-hivemq-platform/status. Message: Operation cannot be fulfilled on hivemq-platforms.hivemq.com "test-hivemq-platform": the object has been modified; please apply your changes to the latest version and try again. Received status: Status(apiVersion=v1, code=409, details=StatusDetails(causes=[], group=hivemq.com, kind=hivemq-platforms, name=test-hivemq-platform, retryAfterSeconds=null, uid=null, additionalProperties={}), kind=Status, message=Operation cannot be fulfilled on hivemq-platforms.hivemq.com "test-hivemq-platform": the object has been modified; please apply your changes to the latest version and try again, metadata=ListMeta(_continue=null, remainingItemCount=null, resourceVersion=null, selfLink=null, additionalProperties={}), reason=Conflict, status=Failure, additionalProperties={}).
2025-01-28 21:24:14,082 INFO c.h.h.t.HelmChartContainer - [hivemq-test-hivemq-platform] [hivemq-platform-operator] [e75fcfb9] 	at io.fabric8.kubernetes.client.KubernetesClientException.copyAsCause(KubernetesClientException.java:238)
2025-01-28 21:24:14,082 INFO c.h.h.t.HelmChartContainer - [hivemq-test-hivemq-platform] [hivemq-platform-operator] [e75fcfb9] 	at io.fabric8.kubernetes.client.dsl.internal.OperationSupport.waitForResult(OperationSupport.java:507)
2025-01-28 21:24:14,082 INFO c.h.h.t.HelmChartContainer - [hivemq-test-hivemq-platform] [hivemq-platform-operator] [e75fcfb9] 	at io.fabric8.kubernetes.client.dsl.internal.OperationSupport.handleResponse(OperationSupport.java:524)
2025-01-28 21:24:14,082 INFO c.h.h.t.HelmChartContainer - [hivemq-test-hivemq-platform] [hivemq-platform-operator] [e75fcfb9] 	at io.fabric8.kubernetes.client.dsl.internal.OperationSupport.handleUpdate(OperationSupport.java:358)
2025-01-28 21:24:14,082 INFO c.h.h.t.HelmChartContainer - [hivemq-test-hivemq-platform] [hivemq-platform-operator] [e75fcfb9] 	at io.fabric8.kubernetes.client.dsl.internal.BaseOperation.handleUpdate(BaseOperation.java:759)
2025-01-28 21:24:14,082 INFO c.h.h.t.HelmChartContainer - [hivemq-test-hivemq-platform] [hivemq-platform-operator] [e75fcfb9] 	at io.fabric8.kubernetes.client.dsl.internal.HasMetadataOperation.update(HasMetadataOperation.java:138)
2025-01-28 21:24:14,082 INFO c.h.h.t.HelmChartContainer - [hivemq-test-hivemq-platform] [hivemq-platform-operator] [e75fcfb9] 	at io.fabric8.kubernetes.client.dsl.internal.HasMetadataOperation.update(HasMetadataOperation.java:121)
2025-01-28 21:24:14,082 INFO c.h.h.t.HelmChartContainer - [hivemq-test-hivemq-platform] [hivemq-platform-operator] [e75fcfb9] 	at io.fabric8.kubernetes.client.dsl.internal.HasMetadataOperation.updateStatus(HasMetadataOperation.java:126)
2025-01-28 21:24:14,082 INFO c.h.h.t.HelmChartContainer - [hivemq-test-hivemq-platform] [hivemq-platform-operator] [e75fcfb9] 	at io.fabric8.kubernetes.client.dsl.internal.HasMetadataOperation.updateStatus(HasMetadataOperation.java:44)
2025-01-28 21:24:14,082 INFO c.h.h.t.HelmChartContainer - [hivemq-test-hivemq-platform] [hivemq-platform-operator] [e75fcfb9] 	at io.javaoperatorsdk.operator.processing.event.ReconciliationDispatcher$CustomResourceFacade.updateStatus(ReconciliationDispatcher.java:408)
2025-01-28 21:24:14,082 INFO c.h.h.t.HelmChartContainer - [hivemq-test-hivemq-platform] [hivemq-platform-operator] [e75fcfb9] 	at io.javaoperatorsdk.operator.processing.event.ReconciliationDispatcher.updateStatusGenerationAware(ReconciliationDispatcher.java:228)
2025-01-28 21:24:14,082 INFO c.h.h.t.HelmChartContainer - [hivemq-test-hivemq-platform] [hivemq-platform-operator] [e75fcfb9] 	at io.javaoperatorsdk.operator.processing.event.ReconciliationDispatcher.reconcileExecution(ReconciliationDispatcher.java:150)
2025-01-28 21:24:14,082 INFO c.h.h.t.HelmChartContainer - [hivemq-test-hivemq-platform] [hivemq-platform-operator] [e75fcfb9] 	at io.javaoperatorsdk.operator.processing.event.ReconciliationDispatcher.handleReconcile(ReconciliationDispatcher.java:117)
2025-01-28 21:24:14,082 INFO c.h.h.t.HelmChartContainer - [hivemq-test-hivemq-platform] [hivemq-platform-operator] [e75fcfb9] 	at io.javaoperatorsdk.operator.processing.event.ReconciliationDispatcher.handleDispatch(ReconciliationDispatcher.java:91)
2025-01-28 21:24:14,082 INFO c.h.h.t.HelmChartContainer - [hivemq-test-hivemq-platform] [hivemq-platform-operator] [e75fcfb9] 	at io.javaoperatorsdk.operator.processing.event.ReconciliationDispatcher.handleExecution(ReconciliationDispatcher.java:64)
2025-01-28 21:24:14,082 INFO c.h.h.t.HelmChartContainer - [hivemq-test-hivemq-platform] [hivemq-platform-operator] [e75fcfb9] 	at io.javaoperatorsdk.operator.processing.event.EventProcessor$ReconcilerExecutor.run(EventProcessor.java:452)
2025-01-28 21:24:14,082 INFO c.h.h.t.HelmChartContainer - [hivemq-test-hivemq-platform] [hivemq-platform-operator] [e75fcfb9] 	at java.base/java.util.concurrent.ThreadPoolExecutor.runWorker(Unknown Source)
2025-01-28 21:24:14,083 INFO c.h.h.t.HelmChartContainer - [hivemq-test-hivemq-platform] [hivemq-platform-operator] [e75fcfb9] 	at java.base/java.util.concurrent.ThreadPoolExecutor$Worker.run(Unknown Source)
2025-01-28 21:24:14,083 INFO c.h.h.t.HelmChartContainer - [hivemq-test-hivemq-platform] [hivemq-platform-operator] [e75fcfb9] 	at java.base/java.lang.Thread.run(Unknown Source)
2025-01-28 21:24:14,083 INFO c.h.h.t.HelmChartContainer - [hivemq-test-hivemq-platform] [hivemq-platform-operator] [e75fcfb9] Caused by: io.fabric8.kubernetes.client.KubernetesClientException: Failure executing: PUT at: https://10.43.0.1:443/apis/hivemq.com/v1/namespaces/helmwebsocketsit/hivemq-platforms/test-hivemq-platform/status. Message: Operation cannot be fulfilled on hivemq-platforms.hivemq.com "test-hivemq-platform": the object has been modified; please apply your changes to the latest version and try again. Received status: Status(apiVersion=v1, code=409, details=StatusDetails(causes=[], group=hivemq.com, kind=hivemq-platforms, name=test-hivemq-platform, retryAfterSeconds=null, uid=null, additionalProperties={}), kind=Status, message=Operation cannot be fulfilled on hivemq-platforms.hivemq.com "test-hivemq-platform": the object has been modified; please apply your changes to the latest version and try again, metadata=ListMeta(_continue=null, remainingItemCount=null, resourceVersion=null, selfLink=null, additionalProperties={}), reason=Conflict, status=Failure, additionalProperties={}).
2025-01-28 21:24:14,083 INFO c.h.h.t.HelmChartContainer - [hivemq-test-hivemq-platform] [hivemq-platform-operator] [e75fcfb9] 	at io.fabric8.kubernetes.client.dsl.internal.OperationSupport.requestFailure(OperationSupport.java:660)
2025-01-28 21:24:14,083 INFO c.h.h.t.HelmChartContainer - [hivemq-test-hivemq-platform] [hivemq-platform-operator] [e75fcfb9] 	at io.fabric8.kubernetes.client.dsl.internal.OperationSupport.requestFailure(OperationSupport.java:640)
2025-01-28 21:24:14,083 INFO c.h.h.t.HelmChartContainer - [hivemq-test-hivemq-platform] [hivemq-platform-operator] [e75fcfb9] 	at io.fabric8.kubernetes.client.dsl.internal.OperationSupport.assertResponseCode(OperationSupport.java:589)
2025-01-28 21:24:14,083 INFO c.h.h.t.HelmChartContainer - [hivemq-test-hivemq-platform] [hivemq-platform-operator] [e75fcfb9] 	at io.fabric8.kubernetes.client.dsl.internal.OperationSupport.lambda$handleResponse$0(OperationSupport.java:549)
2025-01-28 21:24:14,083 INFO c.h.h.t.HelmChartContainer - [hivemq-test-hivemq-platform] [hivemq-platform-operator] [e75fcfb9] 	at java.base/java.util.concurrent.CompletableFuture$UniApply.tryFire(Unknown Source)
2025-01-28 21:24:14,083 INFO c.h.h.t.HelmChartContainer - [hivemq-test-hivemq-platform] [hivemq-platform-operator] [e75fcfb9] 	at java.base/java.util.concurrent.CompletableFuture.postComplete(Unknown Source)
2025-01-28 21:24:14,083 INFO c.h.h.t.HelmChartContainer - [hivemq-test-hivemq-platform] [hivemq-platform-operator] [e75fcfb9] 	at java.base/java.util.concurrent.CompletableFuture.complete(Unknown Source)
2025-01-28 21:24:14,083 INFO c.h.h.t.HelmChartContainer - [hivemq-test-hivemq-platform] [hivemq-platform-operator] [e75fcfb9] 	at io.fabric8.kubernetes.client.http.StandardHttpClient.lambda$completeOrCancel$10(StandardHttpClient.java:141)
2025-01-28 21:24:14,083 INFO c.h.h.t.HelmChartContainer - [hivemq-test-hivemq-platform] [hivemq-platform-operator] [e75fcfb9] 	at java.base/java.util.concurrent.CompletableFuture.uniWhenComplete(Unknown Source)
2025-01-28 21:24:14,083 INFO c.h.h.t.HelmChartContainer - [hivemq-test-hivemq-platform] [hivemq-platform-operator] [e75fcfb9] 	at java.base/java.util.concurrent.CompletableFuture$UniWhenComplete.tryFire(Unknown Source)
2025-01-28 21:24:14,083 INFO c.h.h.t.HelmChartContainer - [hivemq-test-hivemq-platform] [hivemq-platform-operator] [e75fcfb9] 	at java.base/java.util.concurrent.CompletableFuture.postComplete(Unknown Source)
2025-01-28 21:24:14,083 INFO c.h.h.t.HelmChartContainer - [hivemq-test-hivemq-platform] [hivemq-platform-operator] [e75fcfb9] 	at java.base/java.util.concurrent.CompletableFuture.complete(Unknown Source)
2025-01-28 21:24:14,083 INFO c.h.h.t.HelmChartContainer - [hivemq-test-hivemq-platform] [hivemq-platform-operator] [e75fcfb9] 	at io.fabric8.kubernetes.client.http.ByteArrayBodyHandler.onBodyDone(ByteArrayBodyHandler.java:51)
2025-01-28 21:24:14,083 INFO c.h.h.t.HelmChartContainer - [hivemq-test-hivemq-platform] [hivemq-platform-operator] [e75fcfb9] 	at java.base/java.util.concurrent.CompletableFuture.uniWhenComplete(Unknown Source)
2025-01-28 21:24:14,083 INFO c.h.h.t.HelmChartContainer - [hivemq-test-hivemq-platform] [hivemq-platform-operator] [e75fcfb9] 	at java.base/java.util.concurrent.CompletableFuture$UniWhenComplete.tryFire(Unknown Source)
2025-01-28 21:24:14,083 INFO c.h.h.t.HelmChartContainer - [hivemq-test-hivemq-platform] [hivemq-platform-operator] [e75fcfb9] 	at java.base/java.util.concurrent.CompletableFuture.postComplete(Unknown Source)
2025-01-28 21:24:14,083 INFO c.h.h.t.HelmChartContainer - [hivemq-test-hivemq-platform] [hivemq-platform-operator] [e75fcfb9] 	at java.base/java.util.concurrent.CompletableFuture.complete(Unknown Source)
2025-01-28 21:24:14,083 INFO c.h.h.t.HelmChartContainer - [hivemq-test-hivemq-platform] [hivemq-platform-operator] [e75fcfb9] 	at io.fabric8.kubernetes.client.vertx.VertxHttpRequest.lambda$null$1(VertxHttpRequest.java:121)
2025-01-28 21:24:14,083 INFO c.h.h.t.HelmChartContainer - [hivemq-test-hivemq-platform] [hivemq-platform-operator] [e75fcfb9] 	at io.vertx.core.impl.ContextInternal.dispatch(ContextInternal.java:279)
2025-01-28 21:24:14,083 INFO c.h.h.t.HelmChartContainer - [hivemq-test-hivemq-platform] [hivemq-platform-operator] [e75fcfb9] 	at io.vertx.core.impl.ContextInternal.dispatch(ContextInternal.java:261)
2025-01-28 21:24:14,083 INFO c.h.h.t.HelmChartContainer - [hivemq-test-hivemq-platform] [hivemq-platform-operator] [e75fcfb9] 	at io.vertx.core.http.impl.HttpEventHandler.handleEnd(HttpEventHandler.java:76)
2025-01-28 21:24:14,083 INFO c.h.h.t.HelmChartContainer - [hivemq-test-hivemq-platform] [hivemq-platform-operator] [e75fcfb9] 	at io.vertx.core.http.impl.HttpClientResponseImpl.handleEnd(HttpClientResponseImpl.java:250)
2025-01-28 21:24:14,083 INFO c.h.h.t.HelmChartContainer - [hivemq-test-hivemq-platform] [hivemq-platform-operator] [e75fcfb9] 	at io.vertx.core.http.impl.Http1xClientConnection$StreamImpl.lambda$new$0(Http1xClientConnection.java:421)
2025-01-28 21:24:14,083 INFO c.h.h.t.HelmChartContainer - [hivemq-test-hivemq-platform] [hivemq-platform-operator] [e75fcfb9] 	at io.vertx.core.streams.impl.InboundBuffer.handleEvent(InboundBuffer.java:279)
2025-01-28 21:24:14,083 INFO c.h.h.t.HelmChartContainer - [hivemq-test-hivemq-platform] [hivemq-platform-operator] [e75fcfb9] 	at io.vertx.core.streams.impl.InboundBuffer.write(InboundBuffer.java:157)
2025-01-28 21:24:14,083 INFO c.h.h.t.HelmChartContainer - [hivemq-test-hivemq-platform] [hivemq-platform-operator] [e75fcfb9] 	at io.vertx.core.http.impl.Http1xClientConnection$StreamImpl.handleEnd(Http1xClientConnection.java:709)
2025-01-28 21:24:14,083 INFO c.h.h.t.HelmChartContainer - [hivemq-test-hivemq-platform] [hivemq-platform-operator] [e75fcfb9] 	at io.vertx.core.impl.ContextImpl.lambda$execute$4(ContextImpl.java:315)
2025-01-28 21:24:14,083 INFO c.h.h.t.HelmChartContainer - [hivemq-test-hivemq-platform] [hivemq-platform-operator] [e75fcfb9] 	at io.netty.util.concurrent.AbstractEventExecutor.runTask(AbstractEventExecutor.java:173)
2025-01-28 21:24:14,084 INFO c.h.h.t.HelmChartContainer - [hivemq-test-hivemq-platform] [hivemq-platform-operator] [e75fcfb9] 	at io.netty.util.concurrent.AbstractEventExecutor.safeExecute(AbstractEventExecutor.java:166)
2025-01-28 21:24:14,084 INFO c.h.h.t.HelmChartContainer - [hivemq-test-hivemq-platform] [hivemq-platform-operator] [e75fcfb9] 	at io.netty.util.concurrent.SingleThreadEventExecutor.runAllTasks(SingleThreadEventExecutor.java:472)
2025-01-28 21:24:14,084 INFO c.h.h.t.HelmChartContainer - [hivemq-test-hivemq-platform] [hivemq-platform-operator] [e75fcfb9] 	at io.netty.channel.nio.NioEventLoop.run(NioEventLoop.java:569)
2025-01-28 21:24:14,084 INFO c.h.h.t.HelmChartContainer - [hivemq-test-hivemq-platform] [hivemq-platform-operator] [e75fcfb9] 	at io.netty.util.concurrent.SingleThreadEventExecutor$4.run(SingleThreadEventExecutor.java:997)
2025-01-28 21:24:14,084 INFO c.h.h.t.HelmChartContainer - [hivemq-test-hivemq-platform] [hivemq-platform-operator] [e75fcfb9] 	at io.netty.util.internal.ThreadExecutorMap$2.run(ThreadExecutorMap.java:74)
2025-01-28 21:24:14,085 INFO c.h.h.t.HelmChartContainer - [hivemq-test-hivemq-platform] [hivemq-platform-operator] [e75fcfb9] 	at io.netty.util.concurrent.FastThreadLocalRunnable.run(FastThreadLocalRunnable.java:30)
2025-01-28 21:24:14,085 INFO c.h.h.t.HelmChartContainer - [hivemq-test-hivemq-platform] [hivemq-platform-operator] [e75fcfb9] 	... 1 common frames omitted
2025-01-28 21:24:14,087 INFO c.h.h.t.HelmChartContainer - [hivemq-test-hivemq-platform] [hivemq-platform-operator] [e75fcfb9] 21:24:14.087 [ReconcilerExecutor-hivemq-controller-119] INFO  c.h.p.o.HiveMQPlatformReconciler - [helmwebs] Cleanup test-hivemq-platform - helmwebsocketsit HiveMQ Platform is shut down
2025-01-28 21:24:14,671 INFO c.h.h.t.HelmChartContainer - [EVENT] Normal [Killing] Stopping container hivemq [helmwebsocketsit:test-hivemq-platform-0]
2025-01-28 21:24:14,671 INFO c.h.h.t.HelmChartContainer - Received Killing event for container hivemq in pod test-hivemq-platform-0 [77f24b9b-c273-4fb5-acca-1b955fc2da5d]
2025-01-28 21:24:14,671 INFO c.h.h.t.HelmChartContainer - Container [test-hivemq-platform-0] [hivemq] [77f24b9b-c273-4fb5-acca-1b955fc2da5d] was terminated
2025-01-28 21:24:14,671 INFO c.h.h.t.HelmChartContainer - Stopped log watcher for hivemq in pod test-hivemq-platform-0 [77f24b9b-c273-4fb5-acca-1b955fc2da5d]
2025-01-28 21:24:14,673 INFO c.h.h.t.HelmChartContainer - [POD] test-hivemq-platform-0 [77f24b9b-c273-4fb5-acca-1b955fc2da5d] in helmwebsocketsit was MODIFIED
2025-01-28 21:24:14,684 INFO c.h.h.t.HelmChartContainer - [test-hivemq-platform] [hivemq] [77f24b9b] INFO  - [HiveMQ Platform Operator Init App 1.7.0-SNAPSHOT] Shutting down
2025-01-28 21:24:14,684 INFO c.h.h.t.HelmChartContainer - [test-hivemq-platform] [hivemq] [77f24b9b] INFO  - [HiveMQ Platform Operator Init App 1.7.0-SNAPSHOT] Stopping the HiveMQ Platform
2025-01-28 21:24:14,771 INFO c.h.h.t.HelmChartContainer - [test-hivemq-platform] [hivemq] [77f24b9b] INFO  - Shutting down HiveMQ. Please wait, this could take a while...
2025-01-28 21:24:14,775 INFO c.h.h.t.HelmChartContainer - [test-hivemq-platform] [hivemq] [77f24b9b] INFO  - Shutting down listeners and clients
2025-01-28 21:24:14,776 INFO c.h.h.t.HelmChartContainer - [test-hivemq-platform] [hivemq] [77f24b9b] INFO  - Shutdown of listeners is done
2025-01-28 21:24:14,776 INFO c.h.h.t.HelmChartContainer - [test-hivemq-platform] [hivemq] [77f24b9b] INFO  - No clients are connected, proceeding with shutdown
2025-01-28 21:24:15,326 INFO c.h.h.t.HelmChartContainer - [test-hivemq-platform] [hivemq] [77f24b9b] INFO  - [HiveMQ Platform Operator Init App 1.7.0-SNAPSHOT] Returning shutdown Health API response 503 for readiness
2025-01-28 21:24:15,332 INFO c.h.h.t.HelmChartContainer - [EVENT] Warning [Unhealthy] Readiness probe failed: HTTP probe failed with statuscode: 503 [helmwebsocketsit:test-hivemq-platform-0]
2025-01-28 21:24:15,332 INFO c.h.h.t.HelmChartContainer - Received Unhealthy event for container hivemq in pod test-hivemq-platform-0 [77f24b9b-c273-4fb5-acca-1b955fc2da5d]
2025-01-28 21:24:15,762 INFO c.h.h.t.HelmChartContainer - [K3S] [authentication.go:74] "Unable to authenticate the request" err="[invalid bearer token, serviceaccounts \"hivemq-platform-pod-test-hivemq-platform\" not found]"
2025-01-28 21:24:15,785 INFO c.h.h.t.HelmChartContainer - [K3S] [authentication.go:74] "Unable to authenticate the request" err="[invalid bearer token, serviceaccounts \"hivemq-platform-pod-test-hivemq-platform\" not found]"
2025-01-28 21:24:15,828 INFO c.h.h.t.HelmChartContainer - Deleting namespace 'helmwebsocketsit'...
2025-01-28 21:24:15,877 INFO c.h.h.t.HelmChartContainer - [test-hivemq-platform] [hivemq] [77f24b9b] WARN  - [HiveMQ Platform Operator Init App 1.7.0-SNAPSHOT] Could not update Pod annotations: Failure executing: GET at: https://10.43.0.1:443/api/v1/namespaces/helmwebsocketsit/pods/test-hivemq-platform-0. Message: Unauthorized. Received status: Status(apiVersion=v1, code=401, details=null, kind=Status, message=Unauthorized, metadata=ListMeta(_continue=null, remainingItemCount=null, resourceVersion=null, selfLink=null, additionalProperties={}), reason=Unauthorized, status=Failure, additionalProperties={}).
2025-01-28 21:24:18,465 INFO c.h.h.t.HelmChartContainer - [test-hivemq-platform] [hivemq] [77f24b9b] INFO  - Shutting down extension system
2025-01-28 21:24:18,467 INFO c.h.h.t.HelmChartContainer - [test-hivemq-platform] [hivemq] [77f24b9b] INFO  - Stopping extension with id hivemq-dns-cluster-discovery
2025-01-28 21:24:18,468 INFO c.h.h.t.HelmChartContainer - [test-hivemq-platform] [hivemq] [77f24b9b] INFO  - Extension "DNS Cluster Discovery Extension" version 4.3.2 stopped successfully.
2025-01-28 21:24:18,468 INFO c.h.h.t.HelmChartContainer - [test-hivemq-platform] [hivemq] [77f24b9b] INFO  - Stopping extension with id hivemq-prometheus-extension
2025-01-28 21:24:18,472 INFO c.h.h.t.HelmChartContainer - [test-hivemq-platform] [hivemq] [77f24b9b] INFO  - Extension "Prometheus Monitoring Extension" version 4.0.12 stopped successfully.
2025-01-28 21:24:18,472 INFO c.h.h.t.HelmChartContainer - [test-hivemq-platform] [hivemq] [77f24b9b] INFO  - Stopping extension with id hivemq-allow-all-extension
2025-01-28 21:24:18,472 INFO c.h.h.t.HelmChartContainer - [test-hivemq-platform] [hivemq] [77f24b9b] INFO  - Extension "Allow All Extension" version 1.1.1 stopped successfully.
2025-01-28 21:24:20,331 INFO c.h.h.t.HelmChartContainer - [EVENT] Warning [Unhealthy] Readiness probe failed: HTTP probe failed with statuscode: 503 [helmwebsocketsit:test-hivemq-platform-0]
2025-01-28 21:24:20,331 INFO c.h.h.t.HelmChartContainer - Received Unhealthy event for container hivemq in pod test-hivemq-platform-0 [77f24b9b-c273-4fb5-acca-1b955fc2da5d]
2025-01-28 21:24:20,720 INFO c.h.h.t.HelmChartContainer - [test-hivemq-platform] [hivemq] [77f24b9b] INFO  - Shutdown completed.
2025-01-28 21:24:20,881 INFO c.h.h.t.HelmChartContainer - [K3S] [authentication.go:74] "Unable to authenticate the request" err="[invalid bearer token, serviceaccounts \"hivemq-platform-pod-test-hivemq-platform\" not found]"
2025-01-28 21:24:20,897 INFO c.h.h.t.HelmChartContainer - [K3S] [authentication.go:74] "Unable to authenticate the request" err="[invalid bearer token, serviceaccounts \"hivemq-platform-pod-test-hivemq-platform\" not found]"
2025-01-28 21:24:20,898 INFO c.h.h.t.HelmChartContainer - [test-hivemq-platform] [hivemq] [77f24b9b] WARN  - [HiveMQ Platform Operator Init App 1.7.0-SNAPSHOT] Could not update Pod annotations: Failure executing: GET at: https://10.43.0.1:443/api/v1/namespaces/helmwebsocketsit/pods/test-hivemq-platform-0. Message: Unauthorized. Received status: Status(apiVersion=v1, code=401, details=null, kind=Status, message=Unauthorized, metadata=ListMeta(_continue=null, remainingItemCount=null, resourceVersion=null, selfLink=null, additionalProperties={}), reason=Unauthorized, status=Failure, additionalProperties={}).
2025-01-28 21:24:20,937 INFO c.h.h.t.HelmChartContainer - [K3S] [stateful_set.go:466] "StatefulSet has been deleted" key="helmwebsocketsit/test-hivemq-platform"
2025-01-28 21:24:21,073 INFO c.h.h.t.HelmChartContainer - [test-hivemq-platform] [hivemq] [77f24b9b] INFO  - [HiveMQ Platform Operator Init App 1.7.0-SNAPSHOT] The HiveMQ Platform exited with code 143
2025-01-28 21:24:21,073 INFO c.h.h.t.HelmChartContainer - [test-hivemq-platform] [hivemq] [77f24b9b] INFO  - [HiveMQ Platform Operator Init App 1.7.0-SNAPSHOT] Stopping the REST API
2025-01-28 21:24:21,078 INFO c.h.h.t.HelmChartContainer - [test-hivemq-platform] [hivemq] [77f24b9b] INFO  - [HiveMQ Platform Operator Init App 1.7.0-SNAPSHOT] Shutdown complete
2025-01-28 21:24:21,530 INFO c.h.h.t.HelmChartContainer - [POD] test-hivemq-platform-0 [77f24b9b-c273-4fb5-acca-1b955fc2da5d] in helmwebsocketsit was MODIFIED
2025-01-28 21:24:21,653 INFO c.h.h.t.HelmChartContainer - [K3S] [reconciler_common.go:162] "operationExecutor.UnmountVolume started for volume \"broker-configuration\" (UniqueName: \"kubernetes.io/configmap/77f24b9b-c273-4fb5-acca-1b955fc2da5d-broker-configuration\") pod \"77f24b9b-c273-4fb5-acca-1b955fc2da5d\" (UID: \"77f24b9b-c273-4fb5-acca-1b955fc2da5d\") "
2025-01-28 21:24:21,655 INFO c.h.h.t.HelmChartContainer - [K3S] [reconciler_common.go:162] "operationExecutor.UnmountVolume started for volume \"operator-init\" (UniqueName: \"kubernetes.io/empty-dir/77f24b9b-c273-4fb5-acca-1b955fc2da5d-operator-init\") pod \"77f24b9b-c273-4fb5-acca-1b955fc2da5d\" (UID: \"77f24b9b-c273-4fb5-acca-1b955fc2da5d\") "
2025-01-28 21:24:21,655 INFO c.h.h.t.HelmChartContainer - [K3S] [reconciler_common.go:162] "operationExecutor.UnmountVolume started for volume \"kube-api-access-dc6cm\" (UniqueName: \"kubernetes.io/projected/77f24b9b-c273-4fb5-acca-1b955fc2da5d-kube-api-access-dc6cm\") pod \"77f24b9b-c273-4fb5-acca-1b955fc2da5d\" (UID: \"77f24b9b-c273-4fb5-acca-1b955fc2da5d\") "
2025-01-28 21:24:21,655 INFO c.h.h.t.HelmChartContainer - [K3S] [reconciler_common.go:162] "operationExecutor.UnmountVolume started for volume \"ws-truststore-8003\" (UniqueName: \"kubernetes.io/secret/77f24b9b-c273-4fb5-acca-1b955fc2da5d-ws-truststore-8003\") pod \"77f24b9b-c273-4fb5-acca-1b955fc2da5d\" (UID: \"77f24b9b-c273-4fb5-acca-1b955fc2da5d\") "
2025-01-28 21:24:21,655 INFO c.h.h.t.HelmChartContainer - [K3S] [reconciler_common.go:162] "operationExecutor.UnmountVolume started for volume \"ws-truststore-8004\" (UniqueName: \"kubernetes.io/secret/77f24b9b-c273-4fb5-acca-1b955fc2da5d-ws-truststore-8004\") pod \"77f24b9b-c273-4fb5-acca-1b955fc2da5d\" (UID: \"77f24b9b-c273-4fb5-acca-1b955fc2da5d\") "
2025-01-28 21:24:21,655 INFO c.h.h.t.HelmChartContainer - [K3S] [reconciler_common.go:162] "operationExecutor.UnmountVolume started for volume \"pod-info\" (UniqueName: \"kubernetes.io/configmap/77f24b9b-c273-4fb5-acca-1b955fc2da5d-pod-info\") pod \"77f24b9b-c273-4fb5-acca-1b955fc2da5d\" (UID: \"77f24b9b-c273-4fb5-acca-1b955fc2da5d\") "
2025-01-28 21:24:21,655 INFO c.h.h.t.HelmChartContainer - [K3S] [reconciler_common.go:162] "operationExecutor.UnmountVolume started for volume \"ws-keystore-8003\" (UniqueName: \"kubernetes.io/secret/77f24b9b-c273-4fb5-acca-1b955fc2da5d-ws-keystore-8003\") pod \"77f24b9b-c273-4fb5-acca-1b955fc2da5d\" (UID: \"77f24b9b-c273-4fb5-acca-1b955fc2da5d\") "
2025-01-28 21:24:21,655 INFO c.h.h.t.HelmChartContainer - [K3S] [reconciler_common.go:162] "operationExecutor.UnmountVolume started for volume \"ws-keystore-8004\" (UniqueName: \"kubernetes.io/secret/77f24b9b-c273-4fb5-acca-1b955fc2da5d-ws-keystore-8004\") pod \"77f24b9b-c273-4fb5-acca-1b955fc2da5d\" (UID: \"77f24b9b-c273-4fb5-acca-1b955fc2da5d\") "
2025-01-28 21:24:21,754 INFO c.h.h.t.HelmChartContainer - [K3S] [reconciler_common.go:299] "Volume detached for volume \"broker-configuration\" (UniqueName: \"kubernetes.io/configmap/77f24b9b-c273-4fb5-acca-1b955fc2da5d-broker-configuration\") on node \"9568d0334c51\" DevicePath \"\""
2025-01-28 21:24:21,755 INFO c.h.h.t.HelmChartContainer - [K3S] [reconciler_common.go:299] "Volume detached for volume \"operator-init\" (UniqueName: \"kubernetes.io/empty-dir/77f24b9b-c273-4fb5-acca-1b955fc2da5d-operator-init\") on node \"9568d0334c51\" DevicePath \"\""
2025-01-28 21:24:21,755 INFO c.h.h.t.HelmChartContainer - [K3S] [reconciler_common.go:299] "Volume detached for volume \"ws-truststore-8003\" (UniqueName: \"kubernetes.io/secret/77f24b9b-c273-4fb5-acca-1b955fc2da5d-ws-truststore-8003\") on node \"9568d0334c51\" DevicePath \"\""
2025-01-28 21:24:21,755 INFO c.h.h.t.HelmChartContainer - [K3S] [reconciler_common.go:299] "Volume detached for volume \"ws-truststore-8004\" (UniqueName: \"kubernetes.io/secret/77f24b9b-c273-4fb5-acca-1b955fc2da5d-ws-truststore-8004\") on node \"9568d0334c51\" DevicePath \"\""
2025-01-28 21:24:21,755 INFO c.h.h.t.HelmChartContainer - [K3S] [reconciler_common.go:299] "Volume detached for volume \"pod-info\" (UniqueName: \"kubernetes.io/configmap/77f24b9b-c273-4fb5-acca-1b955fc2da5d-pod-info\") on node \"9568d0334c51\" DevicePath \"\""
2025-01-28 21:24:21,755 INFO c.h.h.t.HelmChartContainer - [K3S] [reconciler_common.go:299] "Volume detached for volume \"kube-api-access-dc6cm\" (UniqueName: \"kubernetes.io/projected/77f24b9b-c273-4fb5-acca-1b955fc2da5d-kube-api-access-dc6cm\") on node \"9568d0334c51\" DevicePath \"\""
2025-01-28 21:24:21,755 INFO c.h.h.t.HelmChartContainer - [K3S] [reconciler_common.go:299] "Volume detached for volume \"ws-keystore-8003\" (UniqueName: \"kubernetes.io/secret/77f24b9b-c273-4fb5-acca-1b955fc2da5d-ws-keystore-8003\") on node \"9568d0334c51\" DevicePath \"\""
2025-01-28 21:24:21,755 INFO c.h.h.t.HelmChartContainer - [K3S] [reconciler_common.go:299] "Volume detached for volume \"ws-keystore-8004\" (UniqueName: \"kubernetes.io/secret/77f24b9b-c273-4fb5-acca-1b955fc2da5d-ws-keystore-8004\") on node \"9568d0334c51\" DevicePath \"\""
2025-01-28 21:24:22,169 INFO c.h.h.t.HelmChartContainer - [K3S] [scope.go:117] "RemoveContainer" containerID="ef6ceeb0240cc815a1e0318a131c0b2c95249a0db93816efae8593ff82362d66"
2025-01-28 21:24:22,187 INFO c.h.h.t.HelmChartContainer - [POD] test-hivemq-platform-0 [77f24b9b-c273-4fb5-acca-1b955fc2da5d] in helmwebsocketsit was MODIFIED
2025-01-28 21:24:22,188 INFO c.h.h.t.HelmChartContainer - [POD] test-hivemq-platform-0 [77f24b9b-c273-4fb5-acca-1b955fc2da5d] in helmwebsocketsit was DELETED
2025-01-28 21:24:22,269 INFO c.h.h.t.HelmChartContainer - [K3S] [scope.go:117] "RemoveContainer" containerID="da8b1167ff07eb2ef4dae7d31bce18c62e132bb77d6034ac244a30a9309ff1b8"
2025-01-28 21:24:22,272 INFO c.h.h.t.HelmChartContainer - [K3S] [scope.go:117] "RemoveContainer" containerID="ef6ceeb0240cc815a1e0318a131c0b2c95249a0db93816efae8593ff82362d66"
2025-01-28 21:24:22,273 INFO c.h.h.t.HelmChartContainer - [K3S] [scope.go:117] "RemoveContainer" containerID="da8b1167ff07eb2ef4dae7d31bce18c62e132bb77d6034ac244a30a9309ff1b8"
2025-01-28 21:24:22,422 INFO c.h.h.t.HelmChartContainer - [K3S] [kubelet_volumes.go:163] "Cleaned up orphaned pod volumes dir" podUID="77f24b9b-c273-4fb5-acca-1b955fc2da5d" path="/var/lib/kubelet/pods/77f24b9b-c273-4fb5-acca-1b955fc2da5d/volumes"
2025-01-28 21:24:26,161 INFO c.h.h.t.HelmChartContainer - Namespace 'helmwebsocketsit' deleted
2025-01-28 21:24:26,161 INFO c.h.h.t.HelmChartContainer - Release 'test-hivemq-platform' in namespace 'helmwebsocketsit' is uninstalled
2025-01-28 21:24:26,161 INFO c.h.h.t.HelmChartContainer - Uninstalling release 'test-hivemq-platform-operator' in namespace 'helmwebsocketsit-operator'...
2025-01-28 21:24:26,161 DEBUG c.h.h.t.HelmChartContainer - Executing helm command: /bin/helm --kubeconfig /etc/rancher/k3s/k3s.yaml uninstall test-hivemq-platform-operator  --wait --timeout 5m0s --cascade foreground --namespace helmwebsocketsit-operator
2025-01-28 21:24:26,332 INFO c.h.h.t.HelmChartContainer - [K3S] [replica_set.go:679] "Finished syncing" kind="ReplicaSet" key="helmwebsocketsit-operator/hivemq-test-hivemq-platform-operator-6966f96d65" duration="13.847838ms"
2025-01-28 21:24:26,333 INFO c.h.h.t.HelmChartContainer - [K3S] [replica_set.go:679] "Finished syncing" kind="ReplicaSet" key="helmwebsocketsit-operator/hivemq-test-hivemq-platform-operator-6966f96d65" duration="29.305µs"
2025-01-28 21:24:26,343 INFO c.h.h.t.HelmChartContainer - [POD] hivemq-test-hivemq-platform-operator-6966f96d65-j6d8j [e75fcfb9-71f8-43bc-8887-ede1d2ed636d] in helmwebsocketsit-operator was MODIFIED
2025-01-28 21:24:26,347 INFO c.h.h.t.HelmChartContainer - [EVENT] Normal [Killing] Stopping container hivemq-platform-operator [helmwebsocketsit-operator:hivemq-test-hivemq-platform-operator-6966f96d65-j6d8j]
2025-01-28 21:24:26,347 INFO c.h.h.t.HelmChartContainer - Received Killing event for container hivemq-platform-operator in pod hivemq-test-hivemq-platform-operator-6966f96d65-j6d8j [e75fcfb9-71f8-43bc-8887-ede1d2ed636d]
2025-01-28 21:24:26,347 INFO c.h.h.t.HelmChartContainer - Container [hivemq-test-hivemq-platform-operator-6966f96d65-j6d8j] [hivemq-platform-operator] [e75fcfb9-71f8-43bc-8887-ede1d2ed636d] was terminated
2025-01-28 21:24:26,347 INFO c.h.h.t.HelmChartContainer - Stopped log watcher for hivemq-platform-operator in pod hivemq-test-hivemq-platform-operator-6966f96d65-j6d8j [e75fcfb9-71f8-43bc-8887-ede1d2ed636d]
2025-01-28 21:24:26,361 INFO c.h.h.t.HelmChartContainer - [K3S] [replica_set.go:679] "Finished syncing" kind="ReplicaSet" key="helmwebsocketsit-operator/hivemq-test-hivemq-platform-operator-6966f96d65" duration="20.113735ms"
2025-01-28 21:24:26,361 INFO c.h.h.t.HelmChartContainer - [K3S] [replica_set.go:679] "Finished syncing" kind="ReplicaSet" key="helmwebsocketsit-operator/hivemq-test-hivemq-platform-operator-6966f96d65" duration="37.742µs"
2025-01-28 21:24:26,383 INFO c.h.h.t.HelmChartContainer - [hivemq-test-hivemq-platform] [hivemq-platform-operator] [e75fcfb9] 21:24:26.381 [application-shutdown-thread] INFO  c.h.p.o.HiveMQPlatformOperatorApplication - HiveMQ Platform Operator is stopping...
2025-01-28 21:24:26,383 INFO c.h.h.t.HelmChartContainer - [hivemq-test-hivemq-platform] [hivemq-platform-operator] [e75fcfb9] 21:24:26.382 [application-shutdown-thread] INFO  i.javaoperatorsdk.operator.Operator - Operator SDK 4.9.7 is shutting down...
2025-01-28 21:24:26,936 INFO c.h.h.t.HelmChartContainer - [K3S] [replica_set.go:679] "Finished syncing" kind="ReplicaSet" key="helmwebsocketsit-operator/hivemq-test-hivemq-platform-operator-6966f96d65" duration="43.131µs"
2025-01-28 21:24:26,936 INFO c.h.h.t.HelmChartContainer - [POD] hivemq-test-hivemq-platform-operator-6966f96d65-j6d8j [e75fcfb9-71f8-43bc-8887-ede1d2ed636d] in helmwebsocketsit-operator was MODIFIED
2025-01-28 21:24:26,984 INFO c.h.h.t.HelmChartContainer - [K3S] [reconciler_common.go:162] "operationExecutor.UnmountVolume started for volume \"kube-api-access-vhvqg\" (UniqueName: \"kubernetes.io/projected/e75fcfb9-71f8-43bc-8887-ede1d2ed636d-kube-api-access-vhvqg\") pod \"e75fcfb9-71f8-43bc-8887-ede1d2ed636d\" (UID: \"e75fcfb9-71f8-43bc-8887-ede1d2ed636d\") "
2025-01-28 21:24:27,085 INFO c.h.h.t.HelmChartContainer - [K3S] [reconciler_common.go:299] "Volume detached for volume \"kube-api-access-vhvqg\" (UniqueName: \"kubernetes.io/projected/e75fcfb9-71f8-43bc-8887-ede1d2ed636d-kube-api-access-vhvqg\") on node \"9568d0334c51\" DevicePath \"\""
2025-01-28 21:24:27,176 INFO c.h.h.t.HelmChartContainer - [K3S] [scope.go:117] "RemoveContainer" containerID="fc0ef0724405728056bb6ec7059183a0c7119652f8841b3c7772ba01cb272121"
2025-01-28 21:24:27,180 INFO c.h.h.t.HelmChartContainer - [K3S] [scope.go:117] "RemoveContainer" containerID="fc0ef0724405728056bb6ec7059183a0c7119652f8841b3c7772ba01cb272121"
2025-01-28 21:24:27,188 INFO c.h.h.t.HelmChartContainer - [K3S] [replica_set.go:679] "Finished syncing" kind="ReplicaSet" key="helmwebsocketsit-operator/hivemq-test-hivemq-platform-operator-6966f96d65" duration="46.287µs"
2025-01-28 21:24:27,188 INFO c.h.h.t.HelmChartContainer - [POD] hivemq-test-hivemq-platform-operator-6966f96d65-j6d8j [e75fcfb9-71f8-43bc-8887-ede1d2ed636d] in helmwebsocketsit-operator was MODIFIED
2025-01-28 21:24:27,190 INFO c.h.h.t.HelmChartContainer - [K3S] [replica_set.go:679] "Finished syncing" kind="ReplicaSet" key="helmwebsocketsit-operator/hivemq-test-hivemq-platform-operator-6966f96d65" duration="32.932µs"
2025-01-28 21:24:27,190 INFO c.h.h.t.HelmChartContainer - [POD] hivemq-test-hivemq-platform-operator-6966f96d65-j6d8j [e75fcfb9-71f8-43bc-8887-ede1d2ed636d] in helmwebsocketsit-operator was DELETED
2025-01-28 21:24:27,201 INFO c.h.h.t.HelmChartContainer - [K3S] [replica_set.go:679] "Finished syncing" kind="ReplicaSet" key="helmwebsocketsit-operator/hivemq-test-hivemq-platform-operator-6966f96d65" duration="6.703µs"
2025-01-28 21:24:28,368 INFO c.h.h.t.HelmChartContainer - Deleting namespace 'helmwebsocketsit-operator'...
2025-01-28 21:24:28,422 INFO c.h.h.t.HelmChartContainer - [K3S] [kubelet_volumes.go:163] "Cleaned up orphaned pod volumes dir" podUID="e75fcfb9-71f8-43bc-8887-ede1d2ed636d" path="/var/lib/kubelet/pods/e75fcfb9-71f8-43bc-8887-ede1d2ed636d/volumes"
2025-01-28 21:24:31,100 INFO c.h.h.t.HelmChartContainer - [K3S] [namespace_controller.go:187] "Namespace has been deleted" namespace="helmwebsocketsit"
2025-01-28 21:24:33,582 INFO c.h.h.t.HelmChartContainer - Namespace 'helmwebsocketsit-operator' deleted
2025-01-28 21:24:33,582 INFO c.h.h.t.HelmChartContainer - Release 'test-hivemq-platform-operator' in namespace 'helmwebsocketsit-operator' is uninstalled
2025-01-28 21:24:34,303 INFO c.h.helmcharts.AbstractHelmChartIT - Removed unused containers:

2025-01-28 21:24:38,489 INFO c.h.h.t.HelmChartContainer - [K3S] [namespace_controller.go:187] "Namespace has been deleted" namespace="helmwebsocketsit-operator"
2025-01-28 21:24:42,137 INFO c.h.helmcharts.AbstractHelmChartIT - Removed unused snapshots:
Removing snapshot sha256:03af251906410714c5aef9fa705b63f6bbc39c4a5e787de7361eeb18886c2ed2
Removing snapshot sha256:0c46b3b43cce082ce5ec34ffc6c294e0417d17b9d1e6f366d114b6aadc4f96dc
Removing snapshot sha256:0ce761beee59082d6ed5bcebd3a805b8ddd9b3426b617e4809e7fb7c6587ffec
Removing snapshot sha256:0df91287303208332c8ff6ba40ae4710105201739addbfbddfb955f1ad593664
Removing snapshot sha256:1021ef88c7974bfff89c5a0ec4fd3160daac6c48a075f74cff721f85dd104e68
Removing snapshot sha256:10aba4953ddc18145dd38e3704709bc464aa20af60b56fe52caaff4b68411e62
Removing snapshot sha256:19cf104600d5d2926d790a196779522c39c555ce1ad7512197c2a538662d204e
Removing snapshot sha256:2573e0d8158209ed54ab25c87bcdcb00bd3d2539246960a3d592a1c599d70465
Removing snapshot sha256:362a8a37f8bbc31925a8146adcf7cf51f9882f5c1dcbef67c5baa03a297543c0
Removing snapshot sha256:3fa4ad33f0ddc8fd45b39b6b4640f82a3a83619606cd975bfe89d8710ad2d4cd
Removing snapshot sha256:43a7c979bbaba6838bc3102d6b10a1459f3ab050b87ccdfef84ef90cf43d3058
Removing snapshot sha256:4ab04491cdf0d3267f08206fe30bd48f49f94b9cab2f016d6739220f722a64af
Removing snapshot sha256:4b6068250e89c96f263060261819c7d912855bfbd64b3eb4c4a8483299b8c295
Removing snapshot sha256:580e69a0a8034ede1921139bbd2bfb72a69ebf276d008281896c32dd8bf74775
Removing snapshot sha256:5d30ba46b27fe37484567ccc5242cadc78217b8da605f3f195ef25cbf7487904
Removing snapshot sha256:63ca1fbb43ae5034640e5e6cb3e083e05c290072c5366fcaa9d62435a4cced85
Removing snapshot sha256:67f702c6baae873bceb19487c8b1f27bd2b86077e4f2f0e480e6d60ab508b8f5
Removing snapshot sha256:6864348dd42806d552efdec384f1274be15e2d0c10ce44c1f04347af004c10a9
Removing snapshot sha256:6c7dee8f2c39b84b7dc2711c01d33de93514d9055499173e9290176fbe484b6c
Removing snapshot sha256:82753493a6d61ded36556292f02f31841a14c20d2f279f19eaad65afb661d5cd
Removing snapshot sha256:8a10d3db42c505ee0fcfa98417bdd7e39b304f6bcc0a06bb1b220797ff2cc63c
Removing snapshot sha256:a21e5b12dbac529ad45d976eb9ce45c881f3bedcc500fb30aba1e52aa1813418
Removing snapshot sha256:aa65d828813d0f8827a821b2f882f19bc73ca870e2284e462ab05046990ddb07
Removing snapshot sha256:b921e6c28969094157f9b8e7244677780319637afd14450b7cb6b2fdea558a0c
Removing snapshot sha256:bc27ecb5769a00e309cf99ebc763c4a4b958b618d1decc96ffac5bc05f02f5b7
Removing snapshot sha256:be3ccb6627a5332e309d45ef461d09b4879dd870c7394d89323d0ebc6ca6aa8a
Removing snapshot sha256:c261f7cbbc64211ee175ee47273acdb7b1a36a4450b397a064a8f2c026490095
Removing snapshot sha256:c34d9393647eea0c9e3557ab988efaf59f61d10a2a5613b439ef0958cca5ec10
Removing snapshot sha256:ccf3c4a0fa967a41c1c83497a2ce6fa5787965859df0adb32c4ca2cf7490bc2b
Removing snapshot sha256:cf92d33f869417309692088c341cd0f223c178ea78a125f757317b22aa8f90e9
Removing snapshot sha256:d0037344cf2fb078884f1849f6a1f8cf9a33a3b6139b6a85833e5ee528e1f9a8
Removing snapshot sha256:d3b36d5b79273b1e98e7700470eaeff05a882e777124d84cebcc1505b85ecb36
Removing snapshot sha256:d65a44a37914602d12c611e5e22a50f11451d847e63015cc1c2aef92dee777a4
Removing snapshot sha256:e2dc0bae2455930f23ae570e019b7f32edc75c0f2d71cab084db837ff9051796
Removing snapshot sha256:eccbd24a99c60cd9e86ee5305dbfc4a4dc89f5ab4fb1f06c8d64797cecedef34
Removing snapshot sha256:f144bb4c7c7f0d2aa7eeffd36d934ec40db1ee167be727e326aad9fdc616f475

]]></system-out>
  </testcase>
  <system-out><![CDATA[2025-01-28 21:21:12,037 INFO c.h.h.t.HelmChartContainerExtension - Using cached HelmChartContainer instance
]]></system-out>
  <system-err><![CDATA[]]></system-err>
</testsuite>
