<?xml version="1.0" encoding="UTF-8"?>
<testsuite name="com.hivemq.helmcharts.UserPermissionsIT" tests="1" skipped="0" failures="0" errors="0" timestamp="2025-03-02T15:44:46" hostname="fv-az1909-455" time="125.104">
  <properties/>
  <testcase name="withLocalImages_mqttMessagePublishedReceived()" classname="com.hivemq.helmcharts.UserPermissionsIT" time="125.104"/>
</testsuite>
