<?xml version="1.0" encoding="UTF-8"?>
<testsuite name="com.hivemq.helmcharts.securitycontext.HelmPodSecurityContextUpgradeExtensionIT" tests="2" skipped="0" failures="0" errors="0" timestamp="2025-01-30T18:28:28" hostname="fv-az1110-744" time="364.797">
  <properties/>
  <testcase name="Operator values: (UID=0, GID=0, valuesFile='/files/operator-pod-security-context-root-user-values.yaml') and Platform values: (UID=0, GID=0, valuesFile='/files/platform-pod-security-context-root-user-with-tracing-extension-values.yaml')" classname="com.hivemq.helmcharts.securitycontext.HelmPodSecurityContextUpgradeExtensionIT" time="181.017">
    <system-out><![CDATA[2025-01-30 18:28:28,837 INFO c.h.h.t.HelmChartContainer - Creating namespace 'helmpodsecuritycontextupgradeextensionit-operator'...
2025-01-30 18:28:29,069 INFO c.h.h.t.HelmChartContainer - [POD] coredns-ff8999cc5-zbkt4 [d6850605-49d5-4434-8ab2-85c8f2972143] in kube-system was ADDED
2025-01-30 18:28:29,071 INFO c.h.h.t.HelmChartContainer - [POD] local-path-provisioner-698b58967b-ffzzd [fd588daf-2eaf-427b-8848-8e51199785ad] in kube-system was ADDED
2025-01-30 18:28:29,072 INFO c.h.h.t.HelmChartContainer - Namespace 'helmpodsecuritycontextupgradeextensionit-operator' created
2025-01-30 18:28:29,073 INFO c.h.h.t.HelmChartContainer - Creating namespace 'helmpodsecuritycontextupgradeextensionit'...
2025-01-30 18:28:29,077 INFO c.h.h.t.HelmChartContainer - [POD] metrics-server-8584b5786c-w9zht [a153edfd-20b2-4721-985b-cf1b1c678108] in kube-system was ADDED
2025-01-30 18:28:29,084 INFO c.h.h.t.HelmChartContainer - Namespace 'helmpodsecuritycontextupgradeextensionit' created
2025-01-30 18:28:29,169 DEBUG c.h.h.t.HelmChartContainer - Executing helm command: /bin/helm --kubeconfig /etc/rancher/k3s/k3s.yaml install test-hivemq-platform-operator /charts/hivemq-platform-operator --wait --timeout 5m0s --set image.repository=docker.io/hivemq --set image.name=hivemq-platform-operator-test --set image.initImageName=hivemq-platform-operator-init-test --set image.tag=snapshot --set image.pullPolicy=Never --set logLevel=DEBUG --set resources.cpu=512m -f /files/operator-pod-security-context-root-user-values.yaml --namespace helmpodsecuritycontextupgradeextensionit-operator
2025-01-30 18:28:31,566 INFO c.h.h.t.HelmChartContainer - [K3S] [alloc.go:330] "allocated clusterIPs" service="helmpodsecuritycontextupgradeextensionit-operator/hivemq-platform-operator-test-hivemq-platform-operator" clusterIPs={"IPv4":"10.43.28.207"}
2025-01-30 18:28:31,588 INFO c.h.h.t.HelmChartContainer - [EVENT] Normal [ScalingReplicaSet] Scaled up replica set hivemq-test-hivemq-platform-operator-5dbf989d8c from 0 to 1 [helmpodsecuritycontextupgradeextensionit-operator:hivemq-test-hivemq-platform-operator]
2025-01-30 18:28:31,601 INFO c.h.h.t.HelmChartContainer - [POD] hivemq-test-hivemq-platform-operator-5dbf989d8c-ggz8w [ac624283-3ab9-4bc7-bf75-5183205bb1e7] in helmpodsecuritycontextupgradeextensionit-operator was ADDED
2025-01-30 18:28:31,607 INFO c.h.h.t.HelmChartContainer - [K3S] [replica_set.go:679] "Finished syncing" kind="ReplicaSet" key="helmpodsecuritycontextupgradeextensionit-operator/hivemq-test-hivemq-platform-operator-5dbf989d8c" duration="22.746581ms"
2025-01-30 18:28:31,615 INFO c.h.h.t.HelmChartContainer - [POD] hivemq-test-hivemq-platform-operator-5dbf989d8c-ggz8w [ac624283-3ab9-4bc7-bf75-5183205bb1e7] in helmpodsecuritycontextupgradeextensionit-operator was MODIFIED
2025-01-30 18:28:31,615 INFO c.h.h.t.HelmChartContainer - [EVENT] Normal [SuccessfulCreate] Created pod: hivemq-test-hivemq-platform-operator-5dbf989d8c-ggz8w [helmpodsecuritycontextupgradeextensionit-operator:hivemq-test-hivemq-platform-operator-5dbf989d8c]
2025-01-30 18:28:31,616 INFO c.h.h.t.HelmChartContainer - [EVENT] Normal [Scheduled] Successfully assigned helmpodsecuritycontextupgradeextensionit-operator/hivemq-test-hivemq-platform-operator-5dbf989d8c-ggz8w to 765eedb3b269 [helmpodsecuritycontextupgradeextensionit-operator:hivemq-test-hivemq-platform-operator-5dbf989d8c-ggz8w]
2025-01-30 18:28:31,625 INFO c.h.h.t.HelmChartContainer - [K3S] [replica_set.go:679] "Finished syncing" kind="ReplicaSet" key="helmpodsecuritycontextupgradeextensionit-operator/hivemq-test-hivemq-platform-operator-5dbf989d8c" duration="18.905924ms"
2025-01-30 18:28:31,625 INFO c.h.h.t.HelmChartContainer - [K3S] [replica_set.go:679] "Finished syncing" kind="ReplicaSet" key="helmpodsecuritycontextupgradeextensionit-operator/hivemq-test-hivemq-platform-operator-5dbf989d8c" duration="33.292µs"
2025-01-30 18:28:31,626 INFO c.h.h.t.HelmChartContainer - [K3S] [replica_set.go:679] "Finished syncing" kind="ReplicaSet" key="helmpodsecuritycontextupgradeextensionit-operator/hivemq-test-hivemq-platform-operator-5dbf989d8c" duration="31.819µs"
2025-01-30 18:28:31,629 INFO c.h.h.t.HelmChartContainer - [K3S] [replica_set.go:679] "Finished syncing" kind="ReplicaSet" key="helmpodsecuritycontextupgradeextensionit-operator/hivemq-test-hivemq-platform-operator-5dbf989d8c" duration="29.266µs"
2025-01-30 18:28:31,634 INFO c.h.h.t.HelmChartContainer - [POD] hivemq-test-hivemq-platform-operator-5dbf989d8c-ggz8w [ac624283-3ab9-4bc7-bf75-5183205bb1e7] in helmpodsecuritycontextupgradeextensionit-operator was MODIFIED
2025-01-30 18:28:31,724 INFO c.h.h.t.HelmChartContainer - [K3S] [reconciler_common.go:251] "operationExecutor.VerifyControllerAttachedVolume started for volume \"kube-api-access-k5wxg\" (UniqueName: \"kubernetes.io/projected/ac624283-3ab9-4bc7-bf75-5183205bb1e7-kube-api-access-k5wxg\") pod \"hivemq-test-hivemq-platform-operator-5dbf989d8c-ggz8w\" (UID: \"ac624283-3ab9-4bc7-bf75-5183205bb1e7\") " pod="helmpodsecuritycontextupgradeextensionit-operator/hivemq-test-hivemq-platform-operator-5dbf989d8c-ggz8w"
2025-01-30 18:28:32,001 INFO c.h.h.t.HelmChartContainer - [EVENT] Normal [Pulled] Container image "docker.io/hivemq/hivemq-platform-operator-test:snapshot" already present on machine [helmpodsecuritycontextupgradeextensionit-operator:hivemq-test-hivemq-platform-operator-5dbf989d8c-ggz8w]
2025-01-30 18:28:32,002 INFO c.h.h.t.HelmChartContainer - Received Pulled event for container hivemq-platform-operator in pod hivemq-test-hivemq-platform-operator-5dbf989d8c-ggz8w [ac624283-3ab9-4bc7-bf75-5183205bb1e7]
2025-01-30 18:28:32,009 INFO c.h.h.t.HelmChartContainer - [EVENT] Normal [Created] Created container: hivemq-platform-operator [helmpodsecuritycontextupgradeextensionit-operator:hivemq-test-hivemq-platform-operator-5dbf989d8c-ggz8w]
2025-01-30 18:28:32,009 INFO c.h.h.t.HelmChartContainer - Received Created event for container hivemq-platform-operator in pod hivemq-test-hivemq-platform-operator-5dbf989d8c-ggz8w [ac624283-3ab9-4bc7-bf75-5183205bb1e7]
2025-01-30 18:28:32,377 INFO c.h.h.t.HelmChartContainer - [K3S] [replica_set.go:679] "Finished syncing" kind="ReplicaSet" key="helmpodsecuritycontextupgradeextensionit-operator/hivemq-test-hivemq-platform-operator-5dbf989d8c" duration="69.731µs"
2025-01-30 18:28:32,378 INFO c.h.h.t.HelmChartContainer - [POD] hivemq-test-hivemq-platform-operator-5dbf989d8c-ggz8w [ac624283-3ab9-4bc7-bf75-5183205bb1e7] in helmpodsecuritycontextupgradeextensionit-operator was MODIFIED
2025-01-30 18:28:32,398 INFO c.h.h.t.HelmChartContainer - Started log watcher for hivemq-platform-operator in pod hivemq-test-hivemq-platform-operator-5dbf989d8c-ggz8w [ac624283-3ab9-4bc7-bf75-5183205bb1e7]
2025-01-30 18:28:32,398 INFO c.h.h.t.HelmChartContainer - [EVENT] Normal [Started] Started container hivemq-platform-operator [helmpodsecuritycontextupgradeextensionit-operator:hivemq-test-hivemq-platform-operator-5dbf989d8c-ggz8w]
2025-01-30 18:28:32,398 INFO c.h.h.t.HelmChartContainer - Received Started event for container hivemq-platform-operator in pod hivemq-test-hivemq-platform-operator-5dbf989d8c-ggz8w [ac624283-3ab9-4bc7-bf75-5183205bb1e7]
2025-01-30 18:28:32,399 INFO c.h.h.t.HelmChartContainer - [hivemq-test-hivemq-platform] [hivemq-platform-operator] [ac624283] -------------------------------------------------------------------------
2025-01-30 18:28:32,399 INFO c.h.h.t.HelmChartContainer - [hivemq-test-hivemq-platform] [hivemq-platform-operator] [ac624283] 
2025-01-30 18:28:32,399 INFO c.h.h.t.HelmChartContainer - [hivemq-test-hivemq-platform] [hivemq-platform-operator] [ac624283]                   _    _  _              __  __   ____
2025-01-30 18:28:32,399 INFO c.h.h.t.HelmChartContainer - [hivemq-test-hivemq-platform] [hivemq-platform-operator] [ac624283]                  | |  | |(_)            |  \/  | / __ \
2025-01-30 18:28:32,399 INFO c.h.h.t.HelmChartContainer - [hivemq-test-hivemq-platform] [hivemq-platform-operator] [ac624283]                  | |__| | _ __   __ ___ | \  / || |  | |
2025-01-30 18:28:32,399 INFO c.h.h.t.HelmChartContainer - [hivemq-test-hivemq-platform] [hivemq-platform-operator] [ac624283]                  |  __  || |\ \ / // _ \| |\/| || |  | |
2025-01-30 18:28:32,399 INFO c.h.h.t.HelmChartContainer - [hivemq-test-hivemq-platform] [hivemq-platform-operator] [ac624283]                  | |  | || | \ V /|  __/| |  | || |__| |
2025-01-30 18:28:32,399 INFO c.h.h.t.HelmChartContainer - [hivemq-test-hivemq-platform] [hivemq-platform-operator] [ac624283]                  |_|  |_||_|  \_/  \___||_|  |_| \___\_\
2025-01-30 18:28:32,399 INFO c.h.h.t.HelmChartContainer - [hivemq-test-hivemq-platform] [hivemq-platform-operator] [ac624283] 
2025-01-30 18:28:32,399 INFO c.h.h.t.HelmChartContainer - [hivemq-test-hivemq-platform] [hivemq-platform-operator] [ac624283] -------------------------------------------------------------------------
2025-01-30 18:28:32,399 INFO c.h.h.t.HelmChartContainer - [hivemq-test-hivemq-platform] [hivemq-platform-operator] [ac624283] 
2025-01-30 18:28:32,399 INFO c.h.h.t.HelmChartContainer - [hivemq-test-hivemq-platform] [hivemq-platform-operator] [ac624283]   HiveMQ Platform Operator Start Script v1.0
2025-01-30 18:28:32,399 INFO c.h.h.t.HelmChartContainer - [hivemq-test-hivemq-platform] [hivemq-platform-operator] [ac624283] 
2025-01-30 18:28:32,399 INFO c.h.h.t.HelmChartContainer - [hivemq-test-hivemq-platform] [hivemq-platform-operator] [ac624283] -------------------------------------------------------------------------
2025-01-30 18:28:32,399 INFO c.h.h.t.HelmChartContainer - [hivemq-test-hivemq-platform] [hivemq-platform-operator] [ac624283] 
2025-01-30 18:28:32,399 INFO c.h.h.t.HelmChartContainer - [hivemq-test-hivemq-platform] [hivemq-platform-operator] [ac624283]   JAVA_OPTS: -XX:+UnlockExperimentalVMOptions -XX:InitialRAMPercentage=75 -XX:MaxRAMPercentage=75 -Duser.language=en -Duser.region=US
2025-01-30 18:28:32,399 INFO c.h.h.t.HelmChartContainer - [hivemq-test-hivemq-platform] [hivemq-platform-operator] [ac624283] 
2025-01-30 18:28:32,399 INFO c.h.h.t.HelmChartContainer - [hivemq-test-hivemq-platform] [hivemq-platform-operator] [ac624283]   JAVA_VERSION: 21
2025-01-30 18:28:32,399 INFO c.h.h.t.HelmChartContainer - [hivemq-test-hivemq-platform] [hivemq-platform-operator] [ac624283] 
2025-01-30 18:28:32,399 INFO c.h.h.t.HelmChartContainer - [hivemq-test-hivemq-platform] [hivemq-platform-operator] [ac624283] -------------------------------------------------------------------------
2025-01-30 18:28:32,399 INFO c.h.h.t.HelmChartContainer - [hivemq-test-hivemq-platform] [hivemq-platform-operator] [ac624283] 
2025-01-30 18:28:36,807 INFO c.h.h.t.HelmChartContainer - [hivemq-test-hivemq-platform] [hivemq-platform-operator] [ac624283] 18:28:36.804 [main] DEBUG org.jboss.logging - Logging Provider: org.jboss.logging.Slf4jLoggerProvider
2025-01-30 18:28:36,912 INFO c.h.h.t.HelmChartContainer - [hivemq-test-hivemq-platform] [hivemq-platform-operator] [ac624283] 18:28:36.911 [main] DEBUG io.smallrye.config - SRCFG01006: Loaded ConfigSource SysPropConfigSource with ordinal 400
2025-01-30 18:28:36,912 INFO c.h.h.t.HelmChartContainer - [hivemq-test-hivemq-platform] [hivemq-platform-operator] [ac624283] 18:28:36.911 [main] DEBUG io.smallrye.config - SRCFG01006: Loaded ConfigSource EnvConfigSource with ordinal 300
2025-01-30 18:28:36,914 INFO c.h.h.t.HelmChartContainer - [hivemq-test-hivemq-platform] [hivemq-platform-operator] [ac624283] 18:28:36.911 [main] DEBUG io.smallrye.config - SRCFG01006: Loaded ConfigSource PropertiesConfigSource[source=jar:file:///opt/hivemq-platform-operator/bin/hivemq-platform-operator.jar!/hivemq-platform-operator.properties] with ordinal 100
2025-01-30 18:28:36,914 INFO c.h.h.t.HelmChartContainer - [hivemq-test-hivemq-platform] [hivemq-platform-operator] [ac624283] 18:28:36.911 [main] DEBUG io.smallrye.config - SRCFG01006: Loaded ConfigSource DefaultValuesConfigSource with ordinal -2147483648
2025-01-30 18:28:37,089 INFO c.h.h.t.HelmChartContainer - [hivemq-test-hivemq-platform] [hivemq-platform-operator] [ac624283] 18:28:37.088 [main] DEBUG i.m.c.u.i.l.InternalLoggerFactory - Using SLF4J as the default logging framework
2025-01-30 18:28:37,200 INFO c.h.h.t.HelmChartContainer - [hivemq-test-hivemq-platform] [hivemq-platform-operator] [ac624283] 18:28:37.191 [main] INFO  c.h.p.o.HiveMQPlatformOperatorApplication - HiveMQ Platform Operator 1.7.0-SNAPSHOT (commit: 47e3375 on branch: HEAD) built on Thu Jan 30 03:55:50 UTC 2025
2025-01-30 18:28:37,202 INFO c.h.h.t.HelmChartContainer - [hivemq-test-hivemq-platform] [hivemq-platform-operator] [ac624283] 18:28:37.200 [main] INFO  c.h.p.o.HiveMQPlatformOperatorApplication - HiveMQ Platform Operator is running in namespace: helmpodsecuritycontextupgradeextensionit-operator
2025-01-30 18:28:37,202 INFO c.h.h.t.HelmChartContainer - [hivemq-test-hivemq-platform] [hivemq-platform-operator] [ac624283] 18:28:37.200 [main] INFO  c.h.p.o.HiveMQPlatformOperatorApplication - Watching all namespaces
2025-01-30 18:28:37,202 INFO c.h.h.t.HelmChartContainer - [hivemq-test-hivemq-platform] [hivemq-platform-operator] [ac624283] 18:28:37.200 [main] INFO  c.h.p.o.HiveMQPlatformOperatorApplication - Log level: DEBUG
2025-01-30 18:28:37,202 INFO c.h.h.t.HelmChartContainer - [hivemq-test-hivemq-platform] [hivemq-platform-operator] [ac624283] 18:28:37.200 [main] INFO  c.h.p.o.HiveMQPlatformOperatorApplication - Release name: test-hivemq-platform-operator
2025-01-30 18:28:37,202 INFO c.h.h.t.HelmChartContainer - [hivemq-test-hivemq-platform] [hivemq-platform-operator] [ac624283] 18:28:37.200 [main] INFO  c.h.p.o.HiveMQPlatformOperatorApplication - HiveMQ Platform Operator Init image: docker.io/hivemq/hivemq-platform-operator-init-test:snapshot
2025-01-30 18:28:37,202 INFO c.h.h.t.HelmChartContainer - [hivemq-test-hivemq-platform] [hivemq-platform-operator] [ac624283] 18:28:37.200 [main] INFO  c.h.p.o.HiveMQPlatformOperatorApplication - HiveMQ Platform Operator Init App update URL: http://hivemq-platform-operator-test-hivemq-platform-operator.helmpodsecuritycontextupgradeextensionit-operator.svc:8080/initAppUpdate/hivemq-platform-operator-init-app-1.7.0-SNAPSHOT.jar
2025-01-30 18:28:37,202 INFO c.h.h.t.HelmChartContainer - [hivemq-test-hivemq-platform] [hivemq-platform-operator] [ac624283] 18:28:37.200 [main] INFO  c.h.p.o.HiveMQPlatformOperatorApplication - Additional imagePullSecret for all Platform deployments: none
2025-01-30 18:28:37,203 INFO c.h.h.t.HelmChartContainer - [hivemq-test-hivemq-platform] [hivemq-platform-operator] [ac624283] 18:28:37.200 [main] INFO  c.h.p.o.HiveMQPlatformOperatorApplication - Apply HiveMQ Platform CRD: true
2025-01-30 18:28:37,203 INFO c.h.h.t.HelmChartContainer - [hivemq-test-hivemq-platform] [hivemq-platform-operator] [ac624283] 18:28:37.200 [main] INFO  c.h.p.o.HiveMQPlatformOperatorApplication - Create Platform ServiceAccount: true
2025-01-30 18:28:37,204 INFO c.h.h.t.HelmChartContainer - [hivemq-test-hivemq-platform] [hivemq-platform-operator] [ac624283] 18:28:37.200 [main] INFO  c.h.p.o.HiveMQPlatformOperatorApplication - Create Platform ServiceAccount permissions: true
2025-01-30 18:28:37,204 INFO c.h.h.t.HelmChartContainer - [hivemq-test-hivemq-platform] [hivemq-platform-operator] [ac624283] 18:28:37.201 [main] INFO  c.h.p.o.HiveMQPlatformOperatorApplication - Validate Platform ServiceAccount: true
2025-01-30 18:28:37,204 INFO c.h.h.t.HelmChartContainer - [hivemq-test-hivemq-platform] [hivemq-platform-operator] [ac624283] 18:28:37.201 [main] INFO  c.h.p.o.HiveMQPlatformOperatorApplication - Validate Platform ServiceAccount permissions: true
2025-01-30 18:28:37,390 INFO c.h.h.t.HelmChartContainer - [hivemq-test-hivemq-platform] [hivemq-platform-operator] [ac624283] 18:28:37.389 [main] INFO  c.h.platform.operator.util.CRDUtil - Verifying deployed HiveMQ Platform CRD...
2025-01-30 18:28:38,365 INFO c.h.h.t.HelmChartContainer - [POD] metrics-server-8584b5786c-w9zht [a153edfd-20b2-4721-985b-cf1b1c678108] in kube-system was MODIFIED
2025-01-30 18:28:38,371 INFO c.h.h.t.HelmChartContainer - [K3S] [replica_set.go:679] "Finished syncing" kind="ReplicaSet" key="kube-system/metrics-server-8584b5786c" duration="6.478134ms"
2025-01-30 18:28:38,371 INFO c.h.h.t.HelmChartContainer - [K3S] [replica_set.go:679] "Finished syncing" kind="ReplicaSet" key="kube-system/metrics-server-8584b5786c" duration="30.498µs"
2025-01-30 18:28:40,002 INFO c.h.h.t.HelmChartContainer - [hivemq-test-hivemq-platform] [hivemq-platform-operator] [ac624283] 18:28:40.001 [main] DEBUG c.h.platform.operator.util.CRDUtil - HiveMQ Platform CRD version v1 is up to date
2025-01-30 18:28:40,003 INFO c.h.h.t.HelmChartContainer - [hivemq-test-hivemq-platform] [hivemq-platform-operator] [ac624283] 18:28:40.001 [main] INFO  c.h.platform.operator.util.CRDUtil - HiveMQ Platform CRD is up to date (version: V1_6_0)
2025-01-30 18:28:40,003 INFO c.h.h.t.HelmChartContainer - [hivemq-test-hivemq-platform] [hivemq-platform-operator] [ac624283] 18:28:40.001 [main] INFO  c.h.platform.operator.util.CRDUtil - Waiting 10000 ms for HiveMQ Platform CRD 'hivemq-platforms.hivemq.com' to become ready...
2025-01-30 18:28:40,295 INFO c.h.h.t.HelmChartContainer - [hivemq-test-hivemq-platform] [hivemq-platform-operator] [ac624283] 18:28:40.293 [vert.x-eventloop-thread-1] DEBUG c.h.platform.operator.util.CRDUtil - Checking CRD condition 'NamesAccepted' (status: 'True')
2025-01-30 18:28:40,296 INFO c.h.h.t.HelmChartContainer - [hivemq-test-hivemq-platform] [hivemq-platform-operator] [ac624283] 18:28:40.293 [vert.x-eventloop-thread-1] DEBUG c.h.platform.operator.util.CRDUtil - Checking CRD condition 'Established' (status: 'True')
2025-01-30 18:28:40,296 INFO c.h.h.t.HelmChartContainer - [hivemq-test-hivemq-platform] [hivemq-platform-operator] [ac624283] 18:28:40.294 [main] INFO  c.h.platform.operator.util.CRDUtil - HiveMQ Platform CRD 'hivemq-platforms.hivemq.com' is ready
2025-01-30 18:28:40,413 INFO c.h.h.t.HelmChartContainer - [hivemq-test-hivemq-platform] [hivemq-platform-operator] [ac624283] 18:28:40.412 [main] INFO  c.h.p.o.HiveMQPlatformReconciler - HiveMQ Platform Operator is starting...
2025-01-30 18:28:40,513 INFO c.h.h.t.HelmChartContainer - [hivemq-test-hivemq-platform] [hivemq-platform-operator] [ac624283] 18:28:40.510 [main] WARN  Default ConfigurationService implementation - Configuration for reconciler 'hivemq-controller' was not found. Known reconcilers: None.
2025-01-30 18:28:40,591 INFO c.h.h.t.HelmChartContainer - [hivemq-test-hivemq-platform] [hivemq-platform-operator] [ac624283] 18:28:40.590 [main] INFO  Default ConfigurationService implementation - Created configuration for reconciler com.hivemq.platform.operator.HiveMQPlatformReconciler with name hivemq-controller
2025-01-30 18:28:40,695 INFO c.h.h.t.HelmChartContainer - [hivemq-test-hivemq-platform] [hivemq-platform-operator] [ac624283] 18:28:40.694 [main] DEBUG c.h.p.o.HiveMQPlatformReconciler - HiveMQ Platform Operator is preparing EventSources
2025-01-30 18:28:40,708 INFO c.h.h.t.HelmChartContainer - [hivemq-test-hivemq-platform] [hivemq-platform-operator] [ac624283] 18:28:40.707 [main] INFO  i.javaoperatorsdk.operator.Operator - Registered reconciler: 'hivemq-controller' for resource: 'class com.hivemq.platform.operator.v1.HiveMQPlatform' for namespace(s): [all namespaces]
2025-01-30 18:28:41,158 INFO c.h.h.t.HelmChartContainer - [K3S] [range_allocator.go:247] "Successfully synced" key="765eedb3b269"
2025-01-30 18:28:41,292 INFO c.h.h.t.HelmChartContainer - [hivemq-test-hivemq-platform] [hivemq-platform-operator] [ac624283] 18:28:41.291 [main] INFO  c.h.p.operator.webserver.JettyServer - Starting Jetty server on port 8080
2025-01-30 18:28:41,311 INFO c.h.h.t.HelmChartContainer - [hivemq-test-hivemq-platform] [hivemq-platform-operator] [ac624283] 18:28:41.310 [main] INFO  i.javaoperatorsdk.operator.Operator - Operator SDK 4.9.7 (commit: 2133d28) built on Wed Nov 20 12:56:20 UTC 2024 starting...
2025-01-30 18:28:41,312 INFO c.h.h.t.HelmChartContainer - [hivemq-test-hivemq-platform] [hivemq-platform-operator] [ac624283] 18:28:41.310 [main] INFO  i.javaoperatorsdk.operator.Operator - Client version: 6.13.5
2025-01-30 18:28:41,313 INFO c.h.h.t.HelmChartContainer - [hivemq-test-hivemq-platform] [hivemq-platform-operator] [ac624283] 18:28:41.312 [Controller Starter for: hivemq-controller] INFO  i.j.operator.processing.Controller - Starting 'hivemq-controller' controller for reconciler: com.hivemq.platform.operator.HiveMQPlatformReconciler, resource: com.hivemq.platform.operator.v1.HiveMQPlatform
2025-01-30 18:28:43,902 INFO c.h.h.t.HelmChartContainer - [hivemq-test-hivemq-platform] [hivemq-platform-operator] [ac624283] 18:28:43.900 [Controller Starter for: hivemq-controller] INFO  i.j.operator.processing.Controller - 'hivemq-controller' controller started
2025-01-30 18:28:43,904 INFO c.h.h.t.HelmChartContainer - [hivemq-test-hivemq-platform] [hivemq-platform-operator] [ac624283] 18:28:43.900 [main] INFO  c.h.p.o.HiveMQPlatformOperatorApplication - HiveMQ Platform Operator 1.7.0-SNAPSHOT started in 6709 ms
2025-01-30 18:28:43,907 INFO c.h.h.t.HelmChartContainer - [EVENT] Warning [Unhealthy] Readiness probe failed: HTTP probe failed with statuscode: 503 [helmpodsecuritycontextupgradeextensionit-operator:hivemq-test-hivemq-platform-operator-5dbf989d8c-ggz8w]
2025-01-30 18:28:43,907 INFO c.h.h.t.HelmChartContainer - Received Unhealthy event for container hivemq-platform-operator in pod hivemq-test-hivemq-platform-operator-5dbf989d8c-ggz8w [ac624283-3ab9-4bc7-bf75-5183205bb1e7]
2025-01-30 18:28:53,383 INFO c.h.h.t.HelmChartContainer - [POD] hivemq-test-hivemq-platform-operator-5dbf989d8c-ggz8w [ac624283-3ab9-4bc7-bf75-5183205bb1e7] in helmpodsecuritycontextupgradeextensionit-operator was MODIFIED
2025-01-30 18:28:53,389 INFO c.h.h.t.HelmChartContainer - [K3S] [replica_set.go:679] "Finished syncing" kind="ReplicaSet" key="helmpodsecuritycontextupgradeextensionit-operator/hivemq-test-hivemq-platform-operator-5dbf989d8c" duration="9.897078ms"
2025-01-30 18:28:53,389 INFO c.h.h.t.HelmChartContainer - [K3S] [replica_set.go:679] "Finished syncing" kind="ReplicaSet" key="helmpodsecuritycontextupgradeextensionit-operator/hivemq-test-hivemq-platform-operator-5dbf989d8c" duration="42.77µs"
2025-01-30 18:28:53,645 INFO com.hivemq.helmcharts.util.K8sUtil - Pod 'hivemq-test-hivemq-platform-operator-5dbf989d8c-ggz8w' is ready
2025-01-30 18:28:53,797 DEBUG com.hivemq.helmcharts.util.PodUtil - Received status for command '[sh, -c, stat -c "%u:%g" /proc/1]' on pod 'hivemq-test-hivemq-platform-operator-5dbf989d8c-ggz8w' (exit code: 0)
2025-01-30 18:28:53,816 INFO c.h.h.testcontainer.LogWaiterUtil - TEST Waiting for log pattern on 'test-hivemq-platform-0': .*Extension "HiveMQ Enterprise Distributed Tracing Extension" version .* started successfully.
2025-01-30 18:28:53,885 DEBUG c.h.h.t.HelmChartContainer - Executing helm command: /bin/helm --kubeconfig /etc/rancher/k3s/k3s.yaml install test-hivemq-platform /charts/hivemq-platform --wait --timeout 5m0s --set image.repository=docker.io/hivemq --set image.tag=4.36.0 --set image.pullPolicy=Never --set nodes.resources.cpu=512m -f /files/platform-pod-security-context-root-user-with-tracing-extension-values.yaml --namespace helmpodsecuritycontextupgradeextensionit
2025-01-30 18:28:54,294 INFO c.h.h.t.HelmChartContainer - [hivemq-test-hivemq-platform] [hivemq-platform-operator] [ac624283] 18:28:54.292 [-2082509879-pool-1-thread-2] WARN  i.m.p.PrometheusMeterRegistry - The meter (MeterId{name='operator.sdk.events.received', tags=[tag(action=ADDED),tag(event=ResourceEvent),tag(group=hivemq.com),tag(kind=HiveMQPlatform),tag(name=test-hivemq-platform),tag(namespace=helmpodsecuritycontextupgradeextensionit),tag(scope=namespace),tag(version=v1)]}) registration has failed: Prometheus requires that all meters with the same name have the same set of tag keys. There is already an existing meter named 'operator.sdk.events.received' containing tag keys [event, group, kind, name, namespace, scope, version]. The meter you are attempting to register has keys [action, event, group, kind, name, namespace, scope, version]. Note that subsequent logs will be logged at debug level.
2025-01-30 18:28:54,705 INFO c.h.h.t.HelmChartContainer - [hivemq-test-hivemq-platform] [hivemq-platform-operator] [ac624283] 18:28:54.704 [pool-6-thread-3] DEBUG c.h.p.o.dependants.PodInfoConfigMap - [helmpods] Desired PodInfo ConfigMap (1 extensions) (1 enabled)
2025-01-30 18:28:54,705 INFO c.h.h.t.HelmChartContainer - [hivemq-test-hivemq-platform] [hivemq-platform-operator] [ac624283] 18:28:54.704 [pool-6-thread-3] DEBUG c.h.p.o.dependants.PodInfoConfigMap - [helmpods] Desired PodInfo ConfigMap (metrics port: 9399) (metrics path: /)
2025-01-30 18:28:54,790 INFO c.h.h.t.HelmChartContainer - [hivemq-test-hivemq-platform] [hivemq-platform-operator] [ac624283] 18:28:54.786 [pool-6-thread-3] DEBUG c.h.p.o.dependants.PodInfoConfigMap - [helmpods] Desired PodInfo ConfigMap (extension state hash: -1657242373)
2025-01-30 18:28:54,790 INFO c.h.h.t.HelmChartContainer - [hivemq-test-hivemq-platform] [hivemq-platform-operator] [ac624283] 18:28:54.788 [pool-6-thread-3] DEBUG c.h.p.o.dependants.PodInfoConfigMap - [helmpods] Create PodInfo ConfigMap
2025-01-30 18:28:54,795 INFO c.h.h.t.HelmChartContainer - [hivemq-test-hivemq-platform] [hivemq-platform-operator] [ac624283] 18:28:54.793 [pool-6-thread-5] DEBUG c.h.p.o.dependants.PodRoleResource - [helmpods] Create Role: Role(apiVersion=rbac.authorization.k8s.io/v1, kind=Role, metadata=ObjectMeta(annotations={meta.helm.sh/release-name=test-hivemq-platform, meta.helm.sh/release-namespace=helmpodsecuritycontextupgradeextensionit}, creationTimestamp=null, deletionGracePeriodSeconds=null, deletionTimestamp=null, finalizers=[], generateName=null, generation=null, labels={helm.sh/chart=hivemq-platform-0.2.32, app.kubernetes.io/managed-by=Helm, app.kubernetes.io/name=hivemq-platform, hivemq-platform=test-hivemq-platform, app.kubernetes.io/instance=test-hivemq-platform, app.kubernetes.io/version=4.36.0}, managedFields=[], name=hivemq-platform-role-test-hivemq-platform, namespace=helmpodsecuritycontextupgradeextensionit, ownerReferences=[OwnerReference(apiVersion=hivemq.com/v1, blockOwnerDeletion=null, controller=null, kind=HiveMQPlatform, name=test-hivemq-platform, uid=a0df0051-62dc-446b-9459-cf2c569cc125, additionalProperties={})], resourceVersion=null, selfLink=null, uid=null, additionalProperties={}), rules=[PolicyRule(apiGroups=[], nonResourceURLs=[], resourceNames=[], resources=[pods], verbs=[get, patch, update], additionalProperties={})], additionalProperties={})
2025-01-30 18:28:54,902 INFO c.h.h.t.HelmChartContainer - [hivemq-test-hivemq-platform] [hivemq-platform-operator] [ac624283] 18:28:54.900 [pool-6-thread-7] DEBUG c.h.p.o.d.PodServiceAccountResource - [helmpods] Desired PodServiceAccountResource (serviceAccountName: hivemq-platform-pod-test-hivemq-platform)
2025-01-30 18:28:54,902 INFO c.h.h.t.HelmChartContainer - [hivemq-test-hivemq-platform] [hivemq-platform-operator] [ac624283] 18:28:54.901 [pool-6-thread-7] DEBUG c.h.p.o.d.PodServiceAccountResource - [helmpods] Create ServiceAccount 'hivemq-platform-pod-test-hivemq-platform'
2025-01-30 18:28:55,094 INFO c.h.h.t.HelmChartContainer - [hivemq-test-hivemq-platform] [hivemq-platform-operator] [ac624283] 18:28:55.093 [pool-6-thread-10] DEBUG c.h.p.o.d.PodRoleBindingResource - [helmpods] Create RoleBinding: RoleBinding(apiVersion=rbac.authorization.k8s.io/v1, kind=RoleBinding, metadata=ObjectMeta(annotations={meta.helm.sh/release-name=test-hivemq-platform, meta.helm.sh/release-namespace=helmpodsecuritycontextupgradeextensionit}, creationTimestamp=null, deletionGracePeriodSeconds=null, deletionTimestamp=null, finalizers=[], generateName=null, generation=null, labels={helm.sh/chart=hivemq-platform-0.2.32, app.kubernetes.io/managed-by=Helm, app.kubernetes.io/name=hivemq-platform, hivemq-platform=test-hivemq-platform, app.kubernetes.io/instance=test-hivemq-platform, app.kubernetes.io/version=4.36.0}, managedFields=[], name=hivemq-platform-role-binding-test-hivemq-platform, namespace=helmpodsecuritycontextupgradeextensionit, ownerReferences=[OwnerReference(apiVersion=hivemq.com/v1, blockOwnerDeletion=null, controller=null, kind=HiveMQPlatform, name=test-hivemq-platform, uid=a0df0051-62dc-446b-9459-cf2c569cc125, additionalProperties={})], resourceVersion=null, selfLink=null, uid=null, additionalProperties={}), roleRef=RoleRef(apiGroup=rbac.authorization.k8s.io, kind=Role, name=hivemq-platform-role-test-hivemq-platform, additionalProperties={}), subjects=[Subject(apiGroup=null, kind=ServiceAccount, name=hivemq-platform-pod-test-hivemq-platform, namespace=helmpodsecuritycontextupgradeextensionit, additionalProperties={})], additionalProperties={})
2025-01-30 18:28:55,189 INFO c.h.h.t.HelmChartContainer - [hivemq-test-hivemq-platform] [hivemq-platform-operator] [ac624283] 18:28:55.183 [ReconcilerExecutor-hivemq-controller-53] INFO  c.h.p.o.HiveMQPlatformReconciler - [helmpods] Reconciling HiveMQ Platform 'test-hivemq-platform' in namespace 'helmpodsecuritycontextupgradeextensionit'
2025-01-30 18:28:55,189 INFO c.h.h.t.HelmChartContainer - [hivemq-test-hivemq-platform] [hivemq-platform-operator] [ac624283] 18:28:55.187 [ReconcilerExecutor-hivemq-controller-53] DEBUG c.h.p.o.HiveMQPlatformReconciler - [helmpods] Custom Resource Status CREATED - HiveMQ Platform was created (READY)
2025-01-30 18:28:55,189 INFO c.h.h.t.HelmChartContainer - [hivemq-test-hivemq-platform] [hivemq-platform-operator] [ac624283] 18:28:55.187 [ReconcilerExecutor-hivemq-controller-53] DEBUG c.h.p.o.HiveMQPlatformReconciler - [helmpods] Custom Resource Spec (replicas: 1) (extensions: 1)
2025-01-30 18:28:55,194 INFO c.h.h.t.HelmChartContainer - [hivemq-test-hivemq-platform] [hivemq-platform-operator] [ac624283] 18:28:55.192 [ReconcilerExecutor-hivemq-controller-53] INFO  c.h.p.o.h.HiveMQPlatformReconcilerBaseHandler - [helmpods] HiveMQ Platform is starting
2025-01-30 18:28:55,297 INFO c.h.h.t.HelmChartContainer - [hivemq-test-hivemq-platform] [hivemq-platform-operator] [ac624283] 18:28:55.296 [ReconcilerExecutor-hivemq-controller-53] DEBUG c.h.p.operator.event.EventSender - [helmpods] Creating K8s event hivemq-platform-starting: [Start] HiveMQ Platform is starting
2025-01-30 18:28:55,305 INFO c.h.h.t.HelmChartContainer - [EVENT] Normal [Start] HiveMQ Platform is starting [helmpodsecuritycontextupgradeextensionit:test-hivemq-platform]
2025-01-30 18:28:55,390 INFO c.h.h.t.HelmChartContainer - [hivemq-test-hivemq-platform] [hivemq-platform-operator] [ac624283] 18:28:55.388 [ReconcilerExecutor-hivemq-controller-53] INFO  c.h.p.o.h.AbstractHiveMQReconcilerStateHandler - [helmpods] Update HiveMQ Platform Status (CREATED [READY] -> STARTING [READY]): HiveMQ Platform is starting
2025-01-30 18:28:55,406 DEBUG com.hivemq.helmcharts.util.K8sUtil - Comparing actual state 'STARTING' and waiting for 'RUNNING'
2025-01-30 18:29:05,499 INFO c.h.h.t.HelmChartContainer - [hivemq-test-hivemq-platform] [hivemq-platform-operator] [ac624283] 18:29:05.494 [pool-6-thread-12] DEBUG c.h.p.o.d.PlatformServiceResource - [helmpods] Desired Platform services (3 services)
2025-01-30 18:29:05,499 INFO c.h.h.t.HelmChartContainer - [hivemq-test-hivemq-platform] [hivemq-platform-operator] [ac624283] 18:29:05.497 [pool-6-thread-13] DEBUG c.h.p.o.dependants.PodInfoConfigMap - [helmpods] Desired PodInfo ConfigMap (1 extensions) (1 enabled)
2025-01-30 18:29:05,499 INFO c.h.h.t.HelmChartContainer - [hivemq-test-hivemq-platform] [hivemq-platform-operator] [ac624283] 18:29:05.497 [pool-6-thread-13] DEBUG c.h.p.o.dependants.PodInfoConfigMap - [helmpods] Desired PodInfo ConfigMap (metrics port: 9399) (metrics path: /)
2025-01-30 18:29:05,499 INFO c.h.h.t.HelmChartContainer - [hivemq-test-hivemq-platform] [hivemq-platform-operator] [ac624283] 18:29:05.497 [pool-6-thread-13] DEBUG c.h.p.o.dependants.PodInfoConfigMap - [helmpods] Desired PodInfo ConfigMap (extension state hash: -1657242373)
2025-01-30 18:29:05,501 INFO c.h.h.t.HelmChartContainer - [hivemq-test-hivemq-platform] [hivemq-platform-operator] [ac624283] 18:29:05.500 [pool-6-thread-17] DEBUG c.h.p.o.d.PodServiceAccountResource - [helmpods] Desired PodServiceAccountResource (serviceAccountName: hivemq-platform-pod-test-hivemq-platform)
2025-01-30 18:29:05,505 INFO c.h.h.t.HelmChartContainer - [hivemq-test-hivemq-platform] [hivemq-platform-operator] [ac624283] 18:29:05.504 [pool-6-thread-13] DEBUG c.h.p.o.dependants.PodInfoConfigMap - [helmpods] Update PodInfo ConfigMap
2025-01-30 18:29:05,603 INFO c.h.h.t.HelmChartContainer - [K3S] [alloc.go:330] "allocated clusterIPs" service="helmpodsecuritycontextupgradeextensionit/hivemq-test-hivemq-platform-mqtt-1883" clusterIPs={"IPv4":"10.43.53.110"}
2025-01-30 18:29:05,693 INFO c.h.h.t.HelmChartContainer - [K3S] [alloc.go:330] "allocated clusterIPs" service="helmpodsecuritycontextupgradeextensionit/hivemq-test-hivemq-platform-cc-8080" clusterIPs={"IPv4":"10.43.238.122"}
2025-01-30 18:29:05,709 INFO c.h.h.t.HelmChartContainer - [K3S] [alloc.go:330] "allocated clusterIPs" service="helmpodsecuritycontextupgradeextensionit/hivemq-test-hivemq-platform-metrics-9399" clusterIPs={"IPv4":"10.43.12.14"}
2025-01-30 18:29:05,790 INFO c.h.h.t.HelmChartContainer - [hivemq-test-hivemq-platform] [hivemq-platform-operator] [ac624283] 18:29:05.789 [pool-6-thread-20] DEBUG c.h.p.o.d.StatefulSetResource - [helmpods] Desired StatefulSet (1 replicas) for status STARTING (READY)
2025-01-30 18:29:05,802 INFO c.h.h.t.HelmChartContainer - [hivemq-test-hivemq-platform] [hivemq-platform-operator] [ac624283] 18:29:05.800 [pool-6-thread-20] DEBUG c.h.p.o.d.StatefulSetResource - [helmpods] Create StatefulSet
2025-01-30 18:29:05,907 INFO c.h.h.t.HelmChartContainer - [hivemq-test-hivemq-platform] [hivemq-platform-operator] [ac624283] 18:29:05.905 [ReconcilerExecutor-hivemq-controller-64] INFO  c.h.p.o.HiveMQPlatformReconciler - [helmpods] Reconciling HiveMQ Platform 'test-hivemq-platform' in namespace 'helmpodsecuritycontextupgradeextensionit'
2025-01-30 18:29:05,907 INFO c.h.h.t.HelmChartContainer - [hivemq-test-hivemq-platform] [hivemq-platform-operator] [ac624283] 18:29:05.905 [ReconcilerExecutor-hivemq-controller-64] DEBUG c.h.p.o.HiveMQPlatformReconciler - [helmpods] Custom Resource Status STARTING - HiveMQ Platform is starting (READY)
2025-01-30 18:29:05,907 INFO c.h.h.t.HelmChartContainer - [hivemq-test-hivemq-platform] [hivemq-platform-operator] [ac624283] 18:29:05.905 [ReconcilerExecutor-hivemq-controller-64] DEBUG c.h.p.o.HiveMQPlatformReconciler - [helmpods] Custom Resource Spec (replicas: 1) (extensions: 1)
2025-01-30 18:29:05,919 INFO c.h.h.t.HelmChartContainer - [POD] test-hivemq-platform-0 [691f2556-6425-4791-bab0-1b4e2693a766] in helmpodsecuritycontextupgradeextensionit was ADDED
2025-01-30 18:29:05,921 INFO c.h.h.t.HelmChartContainer - [EVENT] Normal [SuccessfulCreate] create Pod test-hivemq-platform-0 in StatefulSet test-hivemq-platform successful [helmpodsecuritycontextupgradeextensionit:test-hivemq-platform]
2025-01-30 18:29:05,922 INFO c.h.h.t.HelmChartContainer - [POD] test-hivemq-platform-0 [691f2556-6425-4791-bab0-1b4e2693a766] in helmpodsecuritycontextupgradeextensionit was MODIFIED
2025-01-30 18:29:05,924 INFO c.h.h.t.HelmChartContainer - [EVENT] Normal [Scheduled] Successfully assigned helmpodsecuritycontextupgradeextensionit/test-hivemq-platform-0 to 765eedb3b269 [helmpodsecuritycontextupgradeextensionit:test-hivemq-platform-0]
2025-01-30 18:29:05,934 INFO c.h.h.t.HelmChartContainer - [POD] test-hivemq-platform-0 [691f2556-6425-4791-bab0-1b4e2693a766] in helmpodsecuritycontextupgradeextensionit was MODIFIED
2025-01-30 18:29:05,993 INFO c.h.h.t.HelmChartContainer - [hivemq-test-hivemq-platform] [hivemq-platform-operator] [ac624283] 18:29:05.988 [ReconcilerExecutor-hivemq-controller-64] DEBUG c.h.p.o.HiveMQPlatformReconciler - [helmpods] StatefulSet Status (revision: null, replicas: 0, available: 0, ready: 0, current: 0, updated: 0)
2025-01-30 18:29:05,995 INFO c.h.h.t.HelmChartContainer - [hivemq-test-hivemq-platform] [hivemq-platform-operator] [ac624283] 18:29:05.989 [ReconcilerExecutor-hivemq-controller-64] DEBUG c.h.p.o.HiveMQPlatformReconciler - [helmpods] StatefulSet Spec (replicas: 1, init containers: 1, containers: 1, volumes: 4)
2025-01-30 18:29:06,023 INFO c.h.h.t.HelmChartContainer - [K3S] [reconciler_common.go:251] "operationExecutor.VerifyControllerAttachedVolume started for volume \"extension-configuration-hivemq-distributed-tracing-extension\" (UniqueName: \"kubernetes.io/configmap/691f2556-6425-4791-bab0-1b4e2693a766-extension-configuration-hivemq-distributed-tracing-extension\") pod \"test-hivemq-platform-0\" (UID: \"691f2556-6425-4791-bab0-1b4e2693a766\") " pod="helmpodsecuritycontextupgradeextensionit/test-hivemq-platform-0"
2025-01-30 18:29:06,023 INFO c.h.h.t.HelmChartContainer - [K3S] [reconciler_common.go:251] "operationExecutor.VerifyControllerAttachedVolume started for volume \"operator-init\" (UniqueName: \"kubernetes.io/empty-dir/691f2556-6425-4791-bab0-1b4e2693a766-operator-init\") pod \"test-hivemq-platform-0\" (UID: \"691f2556-6425-4791-bab0-1b4e2693a766\") " pod="helmpodsecuritycontextupgradeextensionit/test-hivemq-platform-0"
2025-01-30 18:29:06,023 INFO c.h.h.t.HelmChartContainer - [K3S] [reconciler_common.go:251] "operationExecutor.VerifyControllerAttachedVolume started for volume \"broker-configuration\" (UniqueName: \"kubernetes.io/configmap/691f2556-6425-4791-bab0-1b4e2693a766-broker-configuration\") pod \"test-hivemq-platform-0\" (UID: \"691f2556-6425-4791-bab0-1b4e2693a766\") " pod="helmpodsecuritycontextupgradeextensionit/test-hivemq-platform-0"
2025-01-30 18:29:06,023 INFO c.h.h.t.HelmChartContainer - [K3S] [reconciler_common.go:251] "operationExecutor.VerifyControllerAttachedVolume started for volume \"kube-api-access-hfxmp\" (UniqueName: \"kubernetes.io/projected/691f2556-6425-4791-bab0-1b4e2693a766-kube-api-access-hfxmp\") pod \"test-hivemq-platform-0\" (UID: \"691f2556-6425-4791-bab0-1b4e2693a766\") " pod="helmpodsecuritycontextupgradeextensionit/test-hivemq-platform-0"
2025-01-30 18:29:06,024 INFO c.h.h.t.HelmChartContainer - [K3S] [reconciler_common.go:251] "operationExecutor.VerifyControllerAttachedVolume started for volume \"pod-info\" (UniqueName: \"kubernetes.io/configmap/691f2556-6425-4791-bab0-1b4e2693a766-pod-info\") pod \"test-hivemq-platform-0\" (UID: \"691f2556-6425-4791-bab0-1b4e2693a766\") " pod="helmpodsecuritycontextupgradeextensionit/test-hivemq-platform-0"
2025-01-30 18:29:06,083 INFO c.h.h.t.HelmChartContainer - [hivemq-test-hivemq-platform] [hivemq-platform-operator] [ac624283] 18:29:06.081 [ReconcilerExecutor-hivemq-controller-64] DEBUG c.h.p.o.h.HiveMQPlatformReconcilerErrorHandler - [helmpods] Pod 'test-hivemq-platform-0' phase Pending
2025-01-30 18:29:06,083 INFO c.h.h.t.HelmChartContainer - [hivemq-test-hivemq-platform] [hivemq-platform-operator] [ac624283] 18:29:06.082 [ReconcilerExecutor-hivemq-controller-64] DEBUG c.h.p.o.h.HiveMQPlatformReconcilerErrorHandler - [helmpods] Pod 'test-hivemq-platform-0' condition 'PodScheduled': True
2025-01-30 18:29:06,089 INFO c.h.h.t.HelmChartContainer - [hivemq-test-hivemq-platform] [hivemq-platform-operator] [ac624283] 18:29:06.088 [ReconcilerExecutor-hivemq-controller-64] INFO  c.h.p.o.h.HiveMQPlatformReconcilerBaseHandler - [helmpods] HiveMQ Platform is starting, 0 of 1 replicas are ready
2025-01-30 18:29:06,097 INFO c.h.h.t.HelmChartContainer - [hivemq-test-hivemq-platform] [hivemq-platform-operator] [ac624283] 18:29:06.094 [pool-6-thread-22] DEBUG c.h.p.o.d.PlatformServiceResource - [helmpods] Desired Platform services (3 services)
2025-01-30 18:29:06,100 INFO c.h.h.t.HelmChartContainer - [hivemq-test-hivemq-platform] [hivemq-platform-operator] [ac624283] 18:29:06.097 [pool-6-thread-23] DEBUG c.h.p.o.dependants.PodInfoConfigMap - [helmpods] Desired PodInfo ConfigMap (1 extensions) (1 enabled)
2025-01-30 18:29:06,102 INFO c.h.h.t.HelmChartContainer - [hivemq-test-hivemq-platform] [hivemq-platform-operator] [ac624283] 18:29:06.098 [pool-6-thread-23] DEBUG c.h.p.o.dependants.PodInfoConfigMap - [helmpods] Desired PodInfo ConfigMap (metrics port: 9399) (metrics path: /)
2025-01-30 18:29:06,102 INFO c.h.h.t.HelmChartContainer - [hivemq-test-hivemq-platform] [hivemq-platform-operator] [ac624283] 18:29:06.101 [pool-6-thread-23] DEBUG c.h.p.o.dependants.PodInfoConfigMap - [helmpods] Desired PodInfo ConfigMap (extension state hash: -1657242373)
2025-01-30 18:29:06,189 INFO c.h.h.t.HelmChartContainer - [hivemq-test-hivemq-platform] [hivemq-platform-operator] [ac624283] 18:29:06.187 [pool-6-thread-27] DEBUG c.h.p.o.d.PodServiceAccountResource - [helmpods] Desired PodServiceAccountResource (serviceAccountName: hivemq-platform-pod-test-hivemq-platform)
2025-01-30 18:29:06,193 INFO c.h.h.t.HelmChartContainer - [hivemq-test-hivemq-platform] [hivemq-platform-operator] [ac624283] 18:29:06.192 [pool-6-thread-30] DEBUG c.h.p.o.d.StatefulSetResource - [helmpods] Desired StatefulSet (1 replicas) for status STARTING (READY)
2025-01-30 18:29:06,201 INFO c.h.h.t.HelmChartContainer - [hivemq-test-hivemq-platform] [hivemq-platform-operator] [ac624283] 18:29:06.199 [ReconcilerExecutor-hivemq-controller-75] INFO  c.h.p.o.HiveMQPlatformReconciler - [helmpods] Reconciling HiveMQ Platform 'test-hivemq-platform' in namespace 'helmpodsecuritycontextupgradeextensionit'
2025-01-30 18:29:06,201 INFO c.h.h.t.HelmChartContainer - [hivemq-test-hivemq-platform] [hivemq-platform-operator] [ac624283] 18:29:06.199 [ReconcilerExecutor-hivemq-controller-75] DEBUG c.h.p.o.HiveMQPlatformReconciler - [helmpods] Custom Resource Status STARTING - HiveMQ Platform is starting (READY)
2025-01-30 18:29:06,202 INFO c.h.h.t.HelmChartContainer - [hivemq-test-hivemq-platform] [hivemq-platform-operator] [ac624283] 18:29:06.199 [ReconcilerExecutor-hivemq-controller-75] DEBUG c.h.p.o.HiveMQPlatformReconciler - [helmpods] Custom Resource Spec (replicas: 1) (extensions: 1)
2025-01-30 18:29:06,290 INFO c.h.h.t.HelmChartContainer - [hivemq-test-hivemq-platform] [hivemq-platform-operator] [ac624283] 18:29:06.288 [ReconcilerExecutor-hivemq-controller-75] DEBUG c.h.p.o.HiveMQPlatformReconciler - [helmpods] StatefulSet Status (revision: test-hivemq-platform-6778d7488d, replicas: 1, available: 0, ready: 0, current: 1, updated: 1)
2025-01-30 18:29:06,291 INFO c.h.h.t.HelmChartContainer - [hivemq-test-hivemq-platform] [hivemq-platform-operator] [ac624283] 18:29:06.288 [ReconcilerExecutor-hivemq-controller-75] DEBUG c.h.p.o.HiveMQPlatformReconciler - [helmpods] StatefulSet Spec (replicas: 1, init containers: 1, containers: 1, volumes: 4)
2025-01-30 18:29:06,300 INFO c.h.h.t.HelmChartContainer - [hivemq-test-hivemq-platform] [hivemq-platform-operator] [ac624283] 18:29:06.299 [ReconcilerExecutor-hivemq-controller-75] DEBUG c.h.p.o.h.HiveMQPlatformReconcilerErrorHandler - [helmpods] Pod 'test-hivemq-platform-0' phase Pending
2025-01-30 18:29:06,301 INFO c.h.h.t.HelmChartContainer - [hivemq-test-hivemq-platform] [hivemq-platform-operator] [ac624283] 18:29:06.300 [ReconcilerExecutor-hivemq-controller-75] DEBUG c.h.p.o.h.HiveMQPlatformReconcilerErrorHandler - [helmpods] Pod 'test-hivemq-platform-0' condition 'PodReadyToStartContainers': False
2025-01-30 18:29:06,304 INFO c.h.h.t.HelmChartContainer - [hivemq-test-hivemq-platform] [hivemq-platform-operator] [ac624283] 18:29:06.302 [ReconcilerExecutor-hivemq-controller-75] DEBUG c.h.p.o.h.HiveMQPlatformReconcilerErrorHandler - [helmpods] Pod 'test-hivemq-platform-0' condition 'Initialized': False
2025-01-30 18:29:06,305 INFO c.h.h.t.HelmChartContainer - [hivemq-test-hivemq-platform] [hivemq-platform-operator] [ac624283] 18:29:06.303 [ReconcilerExecutor-hivemq-controller-75] DEBUG c.h.p.o.h.HiveMQPlatformReconcilerErrorHandler - [helmpods] Pod 'test-hivemq-platform-0' condition 'Ready': False
2025-01-30 18:29:06,307 INFO c.h.h.t.HelmChartContainer - [hivemq-test-hivemq-platform] [hivemq-platform-operator] [ac624283] 18:29:06.303 [ReconcilerExecutor-hivemq-controller-75] DEBUG c.h.p.o.h.HiveMQPlatformReconcilerErrorHandler - [helmpods] Pod 'test-hivemq-platform-0' condition 'ContainersReady': False
2025-01-30 18:29:06,308 INFO c.h.h.t.HelmChartContainer - [hivemq-test-hivemq-platform] [hivemq-platform-operator] [ac624283] 18:29:06.303 [ReconcilerExecutor-hivemq-controller-75] DEBUG c.h.p.o.h.HiveMQPlatformReconcilerErrorHandler - [helmpods] Pod 'test-hivemq-platform-0' condition 'PodScheduled': True
2025-01-30 18:29:06,308 INFO c.h.h.t.HelmChartContainer - [hivemq-test-hivemq-platform] [hivemq-platform-operator] [ac624283] 18:29:06.303 [ReconcilerExecutor-hivemq-controller-75] DEBUG c.h.p.o.h.HiveMQPlatformReconcilerErrorHandler - [helmpods] Pod 'test-hivemq-platform-0' containerStatus 'hivemq' (started: false) (ready: false) (waiting: [PodInitializing] null)
2025-01-30 18:29:06,308 INFO c.h.h.t.HelmChartContainer - [hivemq-test-hivemq-platform] [hivemq-platform-operator] [ac624283] 18:29:06.305 [ReconcilerExecutor-hivemq-controller-75] INFO  c.h.p.o.h.HiveMQPlatformReconcilerBaseHandler - [helmpods] HiveMQ Platform is starting, 0 of 1 replicas are ready
2025-01-30 18:29:06,330 INFO c.h.h.t.HelmChartContainer - [EVENT] Normal [Pulled] Container image "docker.io/hivemq/hivemq-platform-operator-init-test:snapshot" already present on machine [helmpodsecuritycontextupgradeextensionit:test-hivemq-platform-0]
2025-01-30 18:29:06,339 INFO c.h.h.t.HelmChartContainer - [EVENT] Normal [Created] Created container: hivemq-platform-operator-init [helmpodsecuritycontextupgradeextensionit:test-hivemq-platform-0]
2025-01-30 18:29:06,375 INFO c.h.h.t.HelmChartContainer - [EVENT] Normal [Started] Started container hivemq-platform-operator-init [helmpodsecuritycontextupgradeextensionit:test-hivemq-platform-0]
2025-01-30 18:29:06,428 INFO c.h.h.t.HelmChartContainer - [POD] test-hivemq-platform-0 [691f2556-6425-4791-bab0-1b4e2693a766] in helmpodsecuritycontextupgradeextensionit was MODIFIED
2025-01-30 18:29:06,443 INFO c.h.h.t.HelmChartContainer - [hivemq-test-hivemq-platform] [hivemq-platform-operator] [ac624283] 18:29:06.435 [pool-6-thread-33] DEBUG c.h.p.o.dependants.PodInfoConfigMap - [helmpods] Desired PodInfo ConfigMap (1 extensions) (1 enabled)
2025-01-30 18:29:06,445 INFO c.h.h.t.HelmChartContainer - [hivemq-test-hivemq-platform] [hivemq-platform-operator] [ac624283] 18:29:06.435 [pool-6-thread-33] DEBUG c.h.p.o.dependants.PodInfoConfigMap - [helmpods] Desired PodInfo ConfigMap (metrics port: 9399) (metrics path: /)
2025-01-30 18:29:06,445 INFO c.h.h.t.HelmChartContainer - [hivemq-test-hivemq-platform] [hivemq-platform-operator] [ac624283] 18:29:06.435 [pool-6-thread-33] DEBUG c.h.p.o.dependants.PodInfoConfigMap - [helmpods] Desired PodInfo ConfigMap (extension state hash: -1657242373)
2025-01-30 18:29:06,445 INFO c.h.h.t.HelmChartContainer - [hivemq-test-hivemq-platform] [hivemq-platform-operator] [ac624283] 18:29:06.436 [pool-6-thread-32] DEBUG c.h.p.o.d.PlatformServiceResource - [helmpods] Desired Platform services (3 services)
2025-01-30 18:29:06,448 INFO c.h.h.t.HelmChartContainer - [hivemq-test-hivemq-platform] [hivemq-platform-operator] [ac624283] 18:29:06.441 [pool-6-thread-37] DEBUG c.h.p.o.d.PodServiceAccountResource - [helmpods] Desired PodServiceAccountResource (serviceAccountName: hivemq-platform-pod-test-hivemq-platform)
2025-01-30 18:29:06,488 INFO c.h.h.t.HelmChartContainer - [hivemq-test-hivemq-platform] [hivemq-platform-operator] [ac624283] 18:29:06.487 [pool-6-thread-40] DEBUG c.h.p.o.d.StatefulSetResource - [helmpods] Desired StatefulSet (1 replicas) for status STARTING (READY)
2025-01-30 18:29:06,497 INFO c.h.h.t.HelmChartContainer - [hivemq-test-hivemq-platform] [hivemq-platform-operator] [ac624283] 18:29:06.495 [ReconcilerExecutor-hivemq-controller-86] INFO  c.h.p.o.HiveMQPlatformReconciler - [helmpods] Reconciling HiveMQ Platform 'test-hivemq-platform' in namespace 'helmpodsecuritycontextupgradeextensionit'
2025-01-30 18:29:06,497 INFO c.h.h.t.HelmChartContainer - [hivemq-test-hivemq-platform] [hivemq-platform-operator] [ac624283] 18:29:06.495 [ReconcilerExecutor-hivemq-controller-86] DEBUG c.h.p.o.HiveMQPlatformReconciler - [helmpods] Custom Resource Status STARTING - HiveMQ Platform is starting (READY)
2025-01-30 18:29:06,497 INFO c.h.h.t.HelmChartContainer - [hivemq-test-hivemq-platform] [hivemq-platform-operator] [ac624283] 18:29:06.495 [ReconcilerExecutor-hivemq-controller-86] DEBUG c.h.p.o.HiveMQPlatformReconciler - [helmpods] Custom Resource Spec (replicas: 1) (extensions: 1)
2025-01-30 18:29:06,500 INFO c.h.h.t.HelmChartContainer - [hivemq-test-hivemq-platform] [hivemq-platform-operator] [ac624283] 18:29:06.499 [ReconcilerExecutor-hivemq-controller-86] DEBUG c.h.p.o.HiveMQPlatformReconciler - [helmpods] StatefulSet Status (revision: test-hivemq-platform-6778d7488d, replicas: 1, available: 0, ready: 0, current: 1, updated: 1)
2025-01-30 18:29:06,500 INFO c.h.h.t.HelmChartContainer - [hivemq-test-hivemq-platform] [hivemq-platform-operator] [ac624283] 18:29:06.499 [ReconcilerExecutor-hivemq-controller-86] DEBUG c.h.p.o.HiveMQPlatformReconciler - [helmpods] StatefulSet Spec (replicas: 1, init containers: 1, containers: 1, volumes: 4)
2025-01-30 18:29:06,507 INFO c.h.h.t.HelmChartContainer - [hivemq-test-hivemq-platform] [hivemq-platform-operator] [ac624283] 18:29:06.503 [ReconcilerExecutor-hivemq-controller-86] DEBUG c.h.p.o.h.HiveMQPlatformReconcilerErrorHandler - [helmpods] Pod 'test-hivemq-platform-0' phase Pending
2025-01-30 18:29:06,507 INFO c.h.h.t.HelmChartContainer - [hivemq-test-hivemq-platform] [hivemq-platform-operator] [ac624283] 18:29:06.503 [ReconcilerExecutor-hivemq-controller-86] DEBUG c.h.p.o.h.HiveMQPlatformReconcilerErrorHandler - [helmpods] Pod 'test-hivemq-platform-0' condition 'PodReadyToStartContainers': True
2025-01-30 18:29:06,507 INFO c.h.h.t.HelmChartContainer - [hivemq-test-hivemq-platform] [hivemq-platform-operator] [ac624283] 18:29:06.503 [ReconcilerExecutor-hivemq-controller-86] DEBUG c.h.p.o.h.HiveMQPlatformReconcilerErrorHandler - [helmpods] Pod 'test-hivemq-platform-0' condition 'Initialized': False
2025-01-30 18:29:06,507 INFO c.h.h.t.HelmChartContainer - [hivemq-test-hivemq-platform] [hivemq-platform-operator] [ac624283] 18:29:06.503 [ReconcilerExecutor-hivemq-controller-86] DEBUG c.h.p.o.h.HiveMQPlatformReconcilerErrorHandler - [helmpods] Pod 'test-hivemq-platform-0' condition 'Ready': False
2025-01-30 18:29:06,507 INFO c.h.h.t.HelmChartContainer - [hivemq-test-hivemq-platform] [hivemq-platform-operator] [ac624283] 18:29:06.503 [ReconcilerExecutor-hivemq-controller-86] DEBUG c.h.p.o.h.HiveMQPlatformReconcilerErrorHandler - [helmpods] Pod 'test-hivemq-platform-0' condition 'ContainersReady': False
2025-01-30 18:29:06,507 INFO c.h.h.t.HelmChartContainer - [hivemq-test-hivemq-platform] [hivemq-platform-operator] [ac624283] 18:29:06.503 [ReconcilerExecutor-hivemq-controller-86] DEBUG c.h.p.o.h.HiveMQPlatformReconcilerErrorHandler - [helmpods] Pod 'test-hivemq-platform-0' condition 'PodScheduled': True
2025-01-30 18:29:06,507 INFO c.h.h.t.HelmChartContainer - [hivemq-test-hivemq-platform] [hivemq-platform-operator] [ac624283] 18:29:06.503 [ReconcilerExecutor-hivemq-controller-86] DEBUG c.h.p.o.h.HiveMQPlatformReconcilerErrorHandler - [helmpods] Pod 'test-hivemq-platform-0' containerStatus 'hivemq' (started: false) (ready: false) (waiting: [PodInitializing] null)
2025-01-30 18:29:06,507 INFO c.h.h.t.HelmChartContainer - [hivemq-test-hivemq-platform] [hivemq-platform-operator] [ac624283] 18:29:06.505 [ReconcilerExecutor-hivemq-controller-86] INFO  c.h.p.o.h.HiveMQPlatformReconcilerBaseHandler - [helmpods] HiveMQ Platform is starting, 0 of 1 replicas are ready
2025-01-30 18:29:07,421 INFO c.h.h.t.HelmChartContainer - [EVENT] Normal [Pulled] Container image "docker.io/hivemq/hivemq4:4.36.0" already present on machine [helmpodsecuritycontextupgradeextensionit:test-hivemq-platform-0]
2025-01-30 18:29:07,421 INFO c.h.h.t.HelmChartContainer - Received Pulled event for container hivemq in pod test-hivemq-platform-0 [691f2556-6425-4791-bab0-1b4e2693a766]
2025-01-30 18:29:07,432 INFO c.h.h.t.HelmChartContainer - [POD] test-hivemq-platform-0 [691f2556-6425-4791-bab0-1b4e2693a766] in helmpodsecuritycontextupgradeextensionit was MODIFIED
2025-01-30 18:29:07,436 INFO c.h.h.t.HelmChartContainer - [EVENT] Normal [Created] Created container: hivemq [helmpodsecuritycontextupgradeextensionit:test-hivemq-platform-0]
2025-01-30 18:29:07,436 INFO c.h.h.t.HelmChartContainer - Received Created event for container hivemq in pod test-hivemq-platform-0 [691f2556-6425-4791-bab0-1b4e2693a766]
2025-01-30 18:29:07,445 INFO c.h.h.t.HelmChartContainer - [hivemq-test-hivemq-platform] [hivemq-platform-operator] [ac624283] 18:29:07.443 [pool-6-thread-42] DEBUG c.h.p.o.d.PlatformServiceResource - [helmpods] Desired Platform services (3 services)
2025-01-30 18:29:07,458 INFO c.h.h.t.HelmChartContainer - [hivemq-test-hivemq-platform] [hivemq-platform-operator] [ac624283] 18:29:07.450 [pool-6-thread-47] DEBUG c.h.p.o.d.PodServiceAccountResource - [helmpods] Desired PodServiceAccountResource (serviceAccountName: hivemq-platform-pod-test-hivemq-platform)
2025-01-30 18:29:07,458 INFO c.h.h.t.HelmChartContainer - [hivemq-test-hivemq-platform] [hivemq-platform-operator] [ac624283] 18:29:07.452 [pool-6-thread-43] DEBUG c.h.p.o.dependants.PodInfoConfigMap - [helmpods] Desired PodInfo ConfigMap (1 extensions) (1 enabled)
2025-01-30 18:29:07,458 INFO c.h.h.t.HelmChartContainer - [hivemq-test-hivemq-platform] [hivemq-platform-operator] [ac624283] 18:29:07.454 [pool-6-thread-43] DEBUG c.h.p.o.dependants.PodInfoConfigMap - [helmpods] Desired PodInfo ConfigMap (metrics port: 9399) (metrics path: /)
2025-01-30 18:29:07,458 INFO c.h.h.t.HelmChartContainer - [hivemq-test-hivemq-platform] [hivemq-platform-operator] [ac624283] 18:29:07.454 [pool-6-thread-43] DEBUG c.h.p.o.dependants.PodInfoConfigMap - [helmpods] Desired PodInfo ConfigMap (extension state hash: -1657242373)
2025-01-30 18:29:07,488 INFO c.h.h.t.HelmChartContainer - [hivemq-test-hivemq-platform] [hivemq-platform-operator] [ac624283] 18:29:07.487 [pool-6-thread-50] DEBUG c.h.p.o.d.StatefulSetResource - [helmpods] Desired StatefulSet (1 replicas) for status STARTING (READY)
2025-01-30 18:29:07,498 INFO c.h.h.t.HelmChartContainer - [hivemq-test-hivemq-platform] [hivemq-platform-operator] [ac624283] 18:29:07.494 [ReconcilerExecutor-hivemq-controller-97] INFO  c.h.p.o.HiveMQPlatformReconciler - [helmpods] Reconciling HiveMQ Platform 'test-hivemq-platform' in namespace 'helmpodsecuritycontextupgradeextensionit'
2025-01-30 18:29:07,498 INFO c.h.h.t.HelmChartContainer - [hivemq-test-hivemq-platform] [hivemq-platform-operator] [ac624283] 18:29:07.495 [ReconcilerExecutor-hivemq-controller-97] DEBUG c.h.p.o.HiveMQPlatformReconciler - [helmpods] Custom Resource Status STARTING - HiveMQ Platform is starting (READY)
2025-01-30 18:29:07,498 INFO c.h.h.t.HelmChartContainer - [hivemq-test-hivemq-platform] [hivemq-platform-operator] [ac624283] 18:29:07.495 [ReconcilerExecutor-hivemq-controller-97] DEBUG c.h.p.o.HiveMQPlatformReconciler - [helmpods] Custom Resource Spec (replicas: 1) (extensions: 1)
2025-01-30 18:29:07,511 INFO c.h.h.t.HelmChartContainer - [hivemq-test-hivemq-platform] [hivemq-platform-operator] [ac624283] 18:29:07.507 [ReconcilerExecutor-hivemq-controller-97] DEBUG c.h.p.o.HiveMQPlatformReconciler - [helmpods] StatefulSet Status (revision: test-hivemq-platform-6778d7488d, replicas: 1, available: 0, ready: 0, current: 1, updated: 1)
2025-01-30 18:29:07,513 INFO c.h.h.t.HelmChartContainer - [hivemq-test-hivemq-platform] [hivemq-platform-operator] [ac624283] 18:29:07.509 [ReconcilerExecutor-hivemq-controller-97] DEBUG c.h.p.o.HiveMQPlatformReconciler - [helmpods] StatefulSet Spec (replicas: 1, init containers: 1, containers: 1, volumes: 4)
2025-01-30 18:29:07,588 INFO c.h.h.t.HelmChartContainer - [hivemq-test-hivemq-platform] [hivemq-platform-operator] [ac624283] 18:29:07.587 [ReconcilerExecutor-hivemq-controller-97] DEBUG c.h.p.o.h.HiveMQPlatformReconcilerErrorHandler - [helmpods] Pod 'test-hivemq-platform-0' phase Pending
2025-01-30 18:29:07,589 INFO c.h.h.t.HelmChartContainer - [hivemq-test-hivemq-platform] [hivemq-platform-operator] [ac624283] 18:29:07.587 [ReconcilerExecutor-hivemq-controller-97] DEBUG c.h.p.o.h.HiveMQPlatformReconcilerErrorHandler - [helmpods] Pod 'test-hivemq-platform-0' condition 'PodReadyToStartContainers': True
2025-01-30 18:29:07,590 INFO c.h.h.t.HelmChartContainer - [hivemq-test-hivemq-platform] [hivemq-platform-operator] [ac624283] 18:29:07.588 [ReconcilerExecutor-hivemq-controller-97] DEBUG c.h.p.o.h.HiveMQPlatformReconcilerErrorHandler - [helmpods] Pod 'test-hivemq-platform-0' condition 'Initialized': True
2025-01-30 18:29:07,590 INFO c.h.h.t.HelmChartContainer - [hivemq-test-hivemq-platform] [hivemq-platform-operator] [ac624283] 18:29:07.588 [ReconcilerExecutor-hivemq-controller-97] DEBUG c.h.p.o.h.HiveMQPlatformReconcilerErrorHandler - [helmpods] Pod 'test-hivemq-platform-0' condition 'Ready': False
2025-01-30 18:29:07,590 INFO c.h.h.t.HelmChartContainer - [hivemq-test-hivemq-platform] [hivemq-platform-operator] [ac624283] 18:29:07.588 [ReconcilerExecutor-hivemq-controller-97] DEBUG c.h.p.o.h.HiveMQPlatformReconcilerErrorHandler - [helmpods] Pod 'test-hivemq-platform-0' condition 'ContainersReady': False
2025-01-30 18:29:07,590 INFO c.h.h.t.HelmChartContainer - [hivemq-test-hivemq-platform] [hivemq-platform-operator] [ac624283] 18:29:07.588 [ReconcilerExecutor-hivemq-controller-97] DEBUG c.h.p.o.h.HiveMQPlatformReconcilerErrorHandler - [helmpods] Pod 'test-hivemq-platform-0' condition 'PodScheduled': True
2025-01-30 18:29:07,590 INFO c.h.h.t.HelmChartContainer - [hivemq-test-hivemq-platform] [hivemq-platform-operator] [ac624283] 18:29:07.588 [ReconcilerExecutor-hivemq-controller-97] DEBUG c.h.p.o.h.HiveMQPlatformReconcilerErrorHandler - [helmpods] Pod 'test-hivemq-platform-0' containerStatus 'hivemq' (started: false) (ready: false) (waiting: [PodInitializing] null)
2025-01-30 18:29:07,591 INFO c.h.h.t.HelmChartContainer - [hivemq-test-hivemq-platform] [hivemq-platform-operator] [ac624283] 18:29:07.590 [ReconcilerExecutor-hivemq-controller-97] INFO  c.h.p.o.h.HiveMQPlatformReconcilerBaseHandler - [helmpods] HiveMQ Platform is starting, 0 of 1 replicas are ready
2025-01-30 18:29:08,443 INFO c.h.h.t.HelmChartContainer - [POD] test-hivemq-platform-0 [691f2556-6425-4791-bab0-1b4e2693a766] in helmpodsecuritycontextupgradeextensionit was MODIFIED
2025-01-30 18:29:08,451 INFO c.h.h.t.HelmChartContainer - Started log watcher for hivemq in pod test-hivemq-platform-0 [691f2556-6425-4791-bab0-1b4e2693a766]
2025-01-30 18:29:08,451 INFO c.h.h.t.HelmChartContainer - [test-hivemq-platform] [hivemq] [691f2556] Adding pre-installed HiveMQ Platform Operator extensions
2025-01-30 18:29:08,451 INFO c.h.h.t.HelmChartContainer - [EVENT] Normal [Started] Started container hivemq [helmpodsecuritycontextupgradeextensionit:test-hivemq-platform-0]
2025-01-30 18:29:08,451 INFO c.h.h.t.HelmChartContainer - Received Started event for container hivemq in pod test-hivemq-platform-0 [691f2556-6425-4791-bab0-1b4e2693a766]
2025-01-30 18:29:08,451 INFO c.h.h.t.HelmChartContainer - [test-hivemq-platform] [hivemq] [691f2556] Running as user 0
2025-01-30 18:29:08,452 INFO c.h.h.t.HelmChartContainer - [test-hivemq-platform] [hivemq] [691f2556] Starting HiveMQ Platform Operator Init
2025-01-30 18:29:08,453 INFO c.h.h.t.HelmChartContainer - [hivemq-test-hivemq-platform] [hivemq-platform-operator] [ac624283] 18:29:08.451 [pool-6-thread-3] DEBUG c.h.p.o.d.PlatformServiceResource - [helmpods] Desired Platform services (3 services)
2025-01-30 18:29:08,458 INFO c.h.h.t.HelmChartContainer - [hivemq-test-hivemq-platform] [hivemq-platform-operator] [ac624283] 18:29:08.457 [pool-6-thread-8] DEBUG c.h.p.o.dependants.PodInfoConfigMap - [helmpods] Desired PodInfo ConfigMap (1 extensions) (1 enabled)
2025-01-30 18:29:08,462 INFO c.h.h.t.HelmChartContainer - [hivemq-test-hivemq-platform] [hivemq-platform-operator] [ac624283] 18:29:08.460 [pool-6-thread-2] DEBUG c.h.p.o.d.PodServiceAccountResource - [helmpods] Desired PodServiceAccountResource (serviceAccountName: hivemq-platform-pod-test-hivemq-platform)
2025-01-30 18:29:08,465 INFO c.h.h.t.HelmChartContainer - [hivemq-test-hivemq-platform] [hivemq-platform-operator] [ac624283] 18:29:08.459 [pool-6-thread-8] DEBUG c.h.p.o.dependants.PodInfoConfigMap - [helmpods] Desired PodInfo ConfigMap (metrics port: 9399) (metrics path: /)
2025-01-30 18:29:08,466 INFO c.h.h.t.HelmChartContainer - [hivemq-test-hivemq-platform] [hivemq-platform-operator] [ac624283] 18:29:08.463 [pool-6-thread-8] DEBUG c.h.p.o.dependants.PodInfoConfigMap - [helmpods] Desired PodInfo ConfigMap (extension state hash: -1657242373)
2025-01-30 18:29:08,470 INFO c.h.h.t.HelmChartContainer - [hivemq-test-hivemq-platform] [hivemq-platform-operator] [ac624283] 18:29:08.468 [pool-6-thread-8] DEBUG c.h.p.o.d.StatefulSetResource - [helmpods] Desired StatefulSet (1 replicas) for status STARTING (READY)
2025-01-30 18:29:08,494 INFO c.h.h.t.HelmChartContainer - [hivemq-test-hivemq-platform] [hivemq-platform-operator] [ac624283] 18:29:08.492 [ReconcilerExecutor-hivemq-controller-108] INFO  c.h.p.o.HiveMQPlatformReconciler - [helmpods] Reconciling HiveMQ Platform 'test-hivemq-platform' in namespace 'helmpodsecuritycontextupgradeextensionit'
2025-01-30 18:29:08,496 INFO c.h.h.t.HelmChartContainer - [hivemq-test-hivemq-platform] [hivemq-platform-operator] [ac624283] 18:29:08.492 [ReconcilerExecutor-hivemq-controller-108] DEBUG c.h.p.o.HiveMQPlatformReconciler - [helmpods] Custom Resource Status STARTING - HiveMQ Platform is starting (READY)
2025-01-30 18:29:08,496 INFO c.h.h.t.HelmChartContainer - [hivemq-test-hivemq-platform] [hivemq-platform-operator] [ac624283] 18:29:08.492 [ReconcilerExecutor-hivemq-controller-108] DEBUG c.h.p.o.HiveMQPlatformReconciler - [helmpods] Custom Resource Spec (replicas: 1) (extensions: 1)
2025-01-30 18:29:08,498 INFO c.h.h.t.HelmChartContainer - [hivemq-test-hivemq-platform] [hivemq-platform-operator] [ac624283] 18:29:08.495 [ReconcilerExecutor-hivemq-controller-108] DEBUG c.h.p.o.HiveMQPlatformReconciler - [helmpods] StatefulSet Status (revision: test-hivemq-platform-6778d7488d, replicas: 1, available: 0, ready: 0, current: 1, updated: 1)
2025-01-30 18:29:08,498 INFO c.h.h.t.HelmChartContainer - [hivemq-test-hivemq-platform] [hivemq-platform-operator] [ac624283] 18:29:08.495 [ReconcilerExecutor-hivemq-controller-108] DEBUG c.h.p.o.HiveMQPlatformReconciler - [helmpods] StatefulSet Spec (replicas: 1, init containers: 1, containers: 1, volumes: 4)
2025-01-30 18:29:08,502 INFO c.h.h.t.HelmChartContainer - [hivemq-test-hivemq-platform] [hivemq-platform-operator] [ac624283] 18:29:08.499 [ReconcilerExecutor-hivemq-controller-108] DEBUG c.h.p.o.h.HiveMQPlatformReconcilerErrorHandler - [helmpods] Pod 'test-hivemq-platform-0' phase Running
2025-01-30 18:29:08,502 INFO c.h.h.t.HelmChartContainer - [hivemq-test-hivemq-platform] [hivemq-platform-operator] [ac624283] 18:29:08.500 [ReconcilerExecutor-hivemq-controller-108] INFO  c.h.p.o.h.HiveMQPlatformReconcilerBaseHandler - [helmpods] HiveMQ Platform is starting, 0 of 1 replicas are ready
2025-01-30 18:29:08,829 INFO c.h.h.t.HelmChartContainer - [test-hivemq-platform] [hivemq] [691f2556] INFO  - [HiveMQ Platform Operator Init 1.7.0-SNAPSHOT] HiveMQ Platform Operator Init 1.7.0-SNAPSHOT (commit: 47e3375 on branch: HEAD) built on Thu Jan 30 03:55:50 UTC 2025
2025-01-30 18:29:09,966 INFO c.h.h.t.HelmChartContainer - [test-hivemq-platform] [hivemq] [691f2556] INFO  - [HiveMQ Platform Operator Init App 1.7.0-SNAPSHOT] Using bind address 10.42.0.6 from environment variable
2025-01-30 18:29:10,946 INFO c.h.h.t.HelmChartContainer - [test-hivemq-platform] [hivemq] [691f2556] INFO  - [HiveMQ Platform Operator Init App 1.7.0-SNAPSHOT] HiveMQ Platform Operator Init App 1.7.0-SNAPSHOT (commit: 47e3375 on branch: HEAD) built on Thu Jan 30 03:55:50 UTC 2025
2025-01-30 18:29:10,946 INFO c.h.h.t.HelmChartContainer - [test-hivemq-platform] [hivemq] [691f2556] INFO  - [HiveMQ Platform Operator Init App 1.7.0-SNAPSHOT] PodInfo ConfigMap directory: /etc/podinfo
2025-01-30 18:29:10,946 INFO c.h.h.t.HelmChartContainer - [test-hivemq-platform] [hivemq] [691f2556] INFO  - [HiveMQ Platform Operator Init App 1.7.0-SNAPSHOT] HiveMQ home directory: /opt/hivemq
2025-01-30 18:29:10,946 INFO c.h.h.t.HelmChartContainer - [test-hivemq-platform] [hivemq] [691f2556] INFO  - [HiveMQ Platform Operator Init App 1.7.0-SNAPSHOT] HiveMQ Logback folder: /opt/hivemq/conf
2025-01-30 18:29:10,946 INFO c.h.h.t.HelmChartContainer - [test-hivemq-platform] [hivemq] [691f2556] INFO  - [HiveMQ Platform Operator Init App 1.7.0-SNAPSHOT] HiveMQ Config folder: /opt/hivemq/conf-k8s
2025-01-30 18:29:10,946 INFO c.h.h.t.HelmChartContainer - [test-hivemq-platform] [hivemq] [691f2556] INFO  - [HiveMQ Platform Operator Init App 1.7.0-SNAPSHOT] Starting HiveMQ Platform Operator Init App
2025-01-30 18:29:10,947 INFO c.h.h.t.HelmChartContainer - [test-hivemq-platform] [hivemq] [691f2556] INFO  - [HiveMQ Platform Operator Init App 1.7.0-SNAPSHOT] Starting Pod reconciler
2025-01-30 18:29:12,239 INFO c.h.h.t.HelmChartContainer - [test-hivemq-platform] [hivemq] [691f2556] INFO  - [HiveMQ Platform Operator Init App 1.7.0-SNAPSHOT] Pod reconciler is scheduled (interval: 5000 ms)
2025-01-30 18:29:12,240 INFO c.h.h.t.HelmChartContainer - [test-hivemq-platform] [hivemq] [691f2556] INFO  - [HiveMQ Platform Operator Init App 1.7.0-SNAPSHOT] Starting the REST API on 10.42.0.6:7979
2025-01-30 18:29:12,243 INFO c.h.h.t.HelmChartContainer - [test-hivemq-platform] [hivemq] [691f2556] INFO  - [HiveMQ Platform Operator Init App 1.7.0-SNAPSHOT] Waiting up to 600s for at most 1 HiveMQ nodes in cluster service hivemq-test-hivemq-platform-cluster.helmpodsecuritycontextupgradeextensionit.svc
2025-01-30 18:29:12,642 INFO c.h.h.t.HelmChartContainer - [test-hivemq-platform] [hivemq] [691f2556] INFO  - [HiveMQ Platform Operator Init App 1.7.0-SNAPSHOT] Resolved 1 IP addresses: [10.42.0.6]
2025-01-30 18:29:12,642 INFO c.h.h.t.HelmChartContainer - [test-hivemq-platform] [hivemq] [691f2556] INFO  - [HiveMQ Platform Operator Init App 1.7.0-SNAPSHOT] HiveMQ node count of 1 is within threshold of 1
2025-01-30 18:29:12,642 INFO c.h.h.t.HelmChartContainer - [test-hivemq-platform] [hivemq] [691f2556] INFO  - [HiveMQ Platform Operator Init App 1.7.0-SNAPSHOT] Proceeding with container start
2025-01-30 18:29:12,738 INFO c.h.h.t.HelmChartContainer - [test-hivemq-platform] [hivemq] [691f2556] INFO  - [HiveMQ Platform Operator Init App 1.7.0-SNAPSHOT] Initializing HiveMQ Platform extensions with initial configuration: {hivemq-distributed-tracing-extension={start-priority=-1, skip-https-hostname-verification=false, restart=false, config-version=517, header-version=0, c-uri=, priority=-1, uri=preinstalled, skip-https-certificate-validation=false, enabled=true}, hivemq-prometheus-extension={skip-https-hostname-verification=false, c-uri=, start-priority=-1, priority=-1, restart=true, enabled=true, request-header-path=no-request-headers, uri=preinstalled, skip-https-certificate-validation=false}}
2025-01-30 18:29:13,229 INFO c.h.h.t.HelmChartContainer - [test-hivemq-platform] [hivemq] [691f2556] INFO  - [HiveMQ Platform Operator Init App 1.7.0-SNAPSHOT] Successfully enabled extension hivemq-distributed-tracing-extension
2025-01-30 18:29:13,238 INFO c.h.h.t.HelmChartContainer - [test-hivemq-platform] [hivemq] [691f2556] INFO  - [HiveMQ Platform Operator Init App 1.7.0-SNAPSHOT] Successfully enabled extension hivemq-prometheus-extension
2025-01-30 18:29:13,240 INFO c.h.h.t.HelmChartContainer - [test-hivemq-platform] [hivemq] [691f2556] INFO  - [HiveMQ Platform Operator Init App 1.7.0-SNAPSHOT] Starting HiveMQ Platform version 4.36.0 (4.36.0)
2025-01-30 18:29:13,240 INFO c.h.h.t.HelmChartContainer - [test-hivemq-platform] [hivemq] [691f2556] INFO  - [HiveMQ Platform Operator Init App 1.7.0-SNAPSHOT] Configuring the HiveMQ Platform
2025-01-30 18:29:13,333 INFO c.h.h.t.HelmChartContainer - [test-hivemq-platform] [hivemq] [691f2556] INFO  - [HiveMQ Platform Operator Init App 1.7.0-SNAPSHOT] Changed logback.xml file scan period to 20 seconds
2025-01-30 18:29:13,415 INFO c.h.h.t.HelmChartContainer - [test-hivemq-platform] [hivemq] [691f2556] INFO  - [HiveMQ Platform Operator Init App 1.7.0-SNAPSHOT] Starting the HiveMQ Platform
2025-01-30 18:29:13,428 INFO c.h.h.t.HelmChartContainer - [test-hivemq-platform] [hivemq] [691f2556] -------------------------------------------------------------------------
2025-01-30 18:29:13,429 INFO c.h.h.t.HelmChartContainer - [test-hivemq-platform] [hivemq] [691f2556] 
2025-01-30 18:29:13,429 INFO c.h.h.t.HelmChartContainer - [test-hivemq-platform] [hivemq] [691f2556]                   _    _  _              __  __   ____
2025-01-30 18:29:13,429 INFO c.h.h.t.HelmChartContainer - [test-hivemq-platform] [hivemq] [691f2556]                  | |  | |(_)            |  \/  | / __ \
2025-01-30 18:29:13,429 INFO c.h.h.t.HelmChartContainer - [test-hivemq-platform] [hivemq] [691f2556]                  | |__| | _ __   __ ___ | \  / || |  | |
2025-01-30 18:29:13,429 INFO c.h.h.t.HelmChartContainer - [test-hivemq-platform] [hivemq] [691f2556]                  |  __  || |\ \ / // _ \| |\/| || |  | |
2025-01-30 18:29:13,429 INFO c.h.h.t.HelmChartContainer - [test-hivemq-platform] [hivemq] [691f2556]                  | |  | || | \ V /|  __/| |  | || |__| |
2025-01-30 18:29:13,429 INFO c.h.h.t.HelmChartContainer - [test-hivemq-platform] [hivemq] [691f2556]                  |_|  |_||_|  \_/  \___||_|  |_| \___\_\
2025-01-30 18:29:13,429 INFO c.h.h.t.HelmChartContainer - [test-hivemq-platform] [hivemq] [691f2556] 
2025-01-30 18:29:13,429 INFO c.h.h.t.HelmChartContainer - [test-hivemq-platform] [hivemq] [691f2556] -------------------------------------------------------------------------
2025-01-30 18:29:13,429 INFO c.h.h.t.HelmChartContainer - [test-hivemq-platform] [hivemq] [691f2556] 
2025-01-30 18:29:13,429 INFO c.h.h.t.HelmChartContainer - [test-hivemq-platform] [hivemq] [691f2556]   HiveMQ Start Script for Linux/Unix v1.14
2025-01-30 18:29:13,429 INFO c.h.h.t.HelmChartContainer - [test-hivemq-platform] [hivemq] [691f2556] 
2025-01-30 18:29:13,460 INFO c.h.h.t.HelmChartContainer - [test-hivemq-platform] [hivemq] [691f2556] -------------------------------------------------------------------------
2025-01-30 18:29:13,460 INFO c.h.h.t.HelmChartContainer - [test-hivemq-platform] [hivemq] [691f2556] 
2025-01-30 18:29:13,460 INFO c.h.h.t.HelmChartContainer - [test-hivemq-platform] [hivemq] [691f2556]   HIVEMQ_HOME: /opt/hivemq
2025-01-30 18:29:13,460 INFO c.h.h.t.HelmChartContainer - [test-hivemq-platform] [hivemq] [691f2556] 
2025-01-30 18:29:13,460 INFO c.h.h.t.HelmChartContainer - [test-hivemq-platform] [hivemq] [691f2556]   JAVA_OPTS: -XX:+UnlockExperimentalVMOptions -XX:InitialRAMPercentage=50 -XX:MaxRAMPercentage=50 -Djava.net.preferIPv4Stack=true --add-opens java.base/java.lang=ALL-UNNAMED --add-opens java.base/java.nio=ALL-UNNAMED --add-opens java.base/sun.nio.ch=ALL-UNNAMED --add-opens jdk.management/com.sun.management.internal=ALL-UNNAMED --add-exports java.base/jdk.internal.misc=ALL-UNNAMED -Djava.security.egd=file:/dev/./urandom -Dcom.sun.management.jmxremote -Dcom.sun.management.jmxremote.port=9010 -Dcom.sun.management.jmxremote.local.only=false -Dcom.sun.management.jmxremote.authenticate=false -Dcom.sun.management.jmxremote.ssl=false -Duser.language=en -Duser.region=US -XX:+CrashOnOutOfMemoryError -XX:+HeapDumpOnOutOfMemoryError
2025-01-30 18:29:13,460 INFO c.h.h.t.HelmChartContainer - [test-hivemq-platform] [hivemq] [691f2556] 
2025-01-30 18:29:13,461 INFO c.h.h.t.HelmChartContainer - [test-hivemq-platform] [hivemq] [691f2556]   JAVA_VERSION: 21
2025-01-30 18:29:13,461 INFO c.h.h.t.HelmChartContainer - [test-hivemq-platform] [hivemq] [691f2556] 
2025-01-30 18:29:13,461 INFO c.h.h.t.HelmChartContainer - [test-hivemq-platform] [hivemq] [691f2556] -------------------------------------------------------------------------
2025-01-30 18:29:13,461 INFO c.h.h.t.HelmChartContainer - [test-hivemq-platform] [hivemq] [691f2556] 
2025-01-30 18:29:14,530 INFO c.h.h.t.HelmChartContainer - [test-hivemq-platform] [hivemq] [691f2556] INFO  - [HiveMQ Platform Operator Init App 1.7.0-SNAPSHOT] Returning default Health API response 503 for readiness
2025-01-30 18:29:14,839 INFO c.h.h.t.HelmChartContainer - [EVENT] Warning [Unhealthy] Readiness probe failed: HTTP probe failed with statuscode: 503 [helmpodsecuritycontextupgradeextensionit:test-hivemq-platform-0]
2025-01-30 18:29:14,839 INFO c.h.h.t.HelmChartContainer - Received Unhealthy event for container hivemq in pod test-hivemq-platform-0 [691f2556-6425-4791-bab0-1b4e2693a766]
2025-01-30 18:29:16,145 INFO c.h.h.t.HelmChartContainer - [test-hivemq-platform] [hivemq] [691f2556] INFO  - Starting HiveMQ Enterprise Server
2025-01-30 18:29:16,231 INFO c.h.h.t.HelmChartContainer - [test-hivemq-platform] [hivemq] [691f2556] INFO  - HiveMQ version: 4.36.0
2025-01-30 18:29:16,232 INFO c.h.h.t.HelmChartContainer - [test-hivemq-platform] [hivemq] [691f2556] INFO  - HiveMQ home directory: /opt/hivemq
2025-01-30 18:29:16,232 INFO c.h.h.t.HelmChartContainer - [test-hivemq-platform] [hivemq] [691f2556] INFO  - Log Configuration was overridden by /opt/hivemq/conf/logback.xml
2025-01-30 18:29:17,629 INFO c.h.h.t.HelmChartContainer - [test-hivemq-platform] [hivemq] [691f2556] INFO  - Successfully loaded configuration from '/opt/hivemq/conf-k8s/config.xml'.
2025-01-30 18:29:18,429 INFO c.h.h.t.HelmChartContainer - [test-hivemq-platform] [hivemq] [691f2556] INFO  - This node's ID is rYQEe
2025-01-30 18:29:18,431 INFO c.h.h.t.HelmChartContainer - [test-hivemq-platform] [hivemq] [691f2556] INFO  - Clustering is enabled
2025-01-30 18:29:18,506 INFO c.h.h.t.HelmChartContainer - [hivemq-test-hivemq-platform] [hivemq-platform-operator] [ac624283] 18:29:18.504 [pool-6-thread-17] DEBUG c.h.p.o.d.PlatformServiceResource - [helmpods] Desired Platform services (3 services)
2025-01-30 18:29:18,508 INFO c.h.h.t.HelmChartContainer - [hivemq-test-hivemq-platform] [hivemq-platform-operator] [ac624283] 18:29:18.506 [pool-6-thread-11] DEBUG c.h.p.o.d.PodServiceAccountResource - [helmpods] Desired PodServiceAccountResource (serviceAccountName: hivemq-platform-pod-test-hivemq-platform)
2025-01-30 18:29:18,509 INFO c.h.h.t.HelmChartContainer - [hivemq-test-hivemq-platform] [hivemq-platform-operator] [ac624283] 18:29:18.506 [pool-6-thread-15] DEBUG c.h.p.o.dependants.PodInfoConfigMap - [helmpods] Desired PodInfo ConfigMap (1 extensions) (1 enabled)
2025-01-30 18:29:18,509 INFO c.h.h.t.HelmChartContainer - [hivemq-test-hivemq-platform] [hivemq-platform-operator] [ac624283] 18:29:18.507 [pool-6-thread-15] DEBUG c.h.p.o.dependants.PodInfoConfigMap - [helmpods] Desired PodInfo ConfigMap (metrics port: 9399) (metrics path: /)
2025-01-30 18:29:18,509 INFO c.h.h.t.HelmChartContainer - [hivemq-test-hivemq-platform] [hivemq-platform-operator] [ac624283] 18:29:18.507 [pool-6-thread-15] DEBUG c.h.p.o.dependants.PodInfoConfigMap - [helmpods] Desired PodInfo ConfigMap (extension state hash: -1657242373)
2025-01-30 18:29:18,514 INFO c.h.h.t.HelmChartContainer - [hivemq-test-hivemq-platform] [hivemq-platform-operator] [ac624283] 18:29:18.512 [pool-6-thread-20] DEBUG c.h.p.o.d.StatefulSetResource - [helmpods] Desired StatefulSet (1 replicas) for status STARTING (READY)
2025-01-30 18:29:18,518 INFO c.h.h.t.HelmChartContainer - [hivemq-test-hivemq-platform] [hivemq-platform-operator] [ac624283] 18:29:18.517 [ReconcilerExecutor-hivemq-controller-109] INFO  c.h.p.o.HiveMQPlatformReconciler - [helmpods] Reconciling HiveMQ Platform 'test-hivemq-platform' in namespace 'helmpodsecuritycontextupgradeextensionit'
2025-01-30 18:29:18,519 INFO c.h.h.t.HelmChartContainer - [hivemq-test-hivemq-platform] [hivemq-platform-operator] [ac624283] 18:29:18.517 [ReconcilerExecutor-hivemq-controller-109] DEBUG c.h.p.o.HiveMQPlatformReconciler - [helmpods] Custom Resource Status STARTING - HiveMQ Platform is starting (READY)
2025-01-30 18:29:18,519 INFO c.h.h.t.HelmChartContainer - [hivemq-test-hivemq-platform] [hivemq-platform-operator] [ac624283] 18:29:18.517 [ReconcilerExecutor-hivemq-controller-109] DEBUG c.h.p.o.HiveMQPlatformReconciler - [helmpods] Custom Resource Spec (replicas: 1) (extensions: 1)
2025-01-30 18:29:18,522 INFO c.h.h.t.HelmChartContainer - [hivemq-test-hivemq-platform] [hivemq-platform-operator] [ac624283] 18:29:18.521 [ReconcilerExecutor-hivemq-controller-109] DEBUG c.h.p.o.HiveMQPlatformReconciler - [helmpods] StatefulSet Status (revision: test-hivemq-platform-6778d7488d, replicas: 1, available: 0, ready: 0, current: 1, updated: 1)
2025-01-30 18:29:18,523 INFO c.h.h.t.HelmChartContainer - [hivemq-test-hivemq-platform] [hivemq-platform-operator] [ac624283] 18:29:18.521 [ReconcilerExecutor-hivemq-controller-109] DEBUG c.h.p.o.HiveMQPlatformReconciler - [helmpods] StatefulSet Spec (replicas: 1, init containers: 1, containers: 1, volumes: 4)
2025-01-30 18:29:18,588 INFO c.h.h.t.HelmChartContainer - [hivemq-test-hivemq-platform] [hivemq-platform-operator] [ac624283] 18:29:18.587 [ReconcilerExecutor-hivemq-controller-109] DEBUG c.h.p.o.h.HiveMQPlatformReconcilerErrorHandler - [helmpods] Pod 'test-hivemq-platform-0' phase Running
2025-01-30 18:29:18,591 INFO c.h.h.t.HelmChartContainer - [hivemq-test-hivemq-platform] [hivemq-platform-operator] [ac624283] 18:29:18.589 [ReconcilerExecutor-hivemq-controller-109] INFO  c.h.p.o.h.HiveMQPlatformReconcilerBaseHandler - [helmpods] HiveMQ Platform is starting, 0 of 1 replicas are ready
2025-01-30 18:29:19,832 INFO c.h.h.t.HelmChartContainer - [test-hivemq-platform] [hivemq] [691f2556] WARN  - [HiveMQ Platform Operator Init App 1.7.0-SNAPSHOT] Cannot connect to Health API for readiness: null
2025-01-30 18:29:19,838 INFO c.h.h.t.HelmChartContainer - [EVENT] Warning [Unhealthy] Readiness probe failed: HTTP probe failed with statuscode: 503 [helmpodsecuritycontextupgradeextensionit:test-hivemq-platform-0]
2025-01-30 18:29:19,838 INFO c.h.h.t.HelmChartContainer - Received Unhealthy event for container hivemq in pod test-hivemq-platform-0 [691f2556-6425-4791-bab0-1b4e2693a766]
2025-01-30 18:29:22,536 INFO c.h.h.t.HelmChartContainer - [test-hivemq-platform] [hivemq] [691f2556] Jan 30, 2025 6:29:22 PM io.vertx.core.impl.BlockedThreadChecker
2025-01-30 18:29:22,536 INFO c.h.h.t.HelmChartContainer - [test-hivemq-platform] [hivemq] [691f2556] WARNING: Thread Thread[vert.x-eventloop-thread-1,5,main] has been blocked for 2292 ms, time limit is 2000 ms
2025-01-30 18:29:23,015 INFO c.h.h.t.HelmChartContainer - [test-hivemq-platform] [hivemq] [691f2556] INFO  - [HiveMQ Platform Operator Init App 1.7.0-SNAPSHOT] Updating Pod HiveMQ Platform Operator Init App version annotation (version: 1.7.0-SNAPSHOT)
2025-01-30 18:29:23,920 INFO c.h.h.t.HelmChartContainer - [POD] test-hivemq-platform-0 [691f2556-6425-4791-bab0-1b4e2693a766] in helmpodsecuritycontextupgradeextensionit was MODIFIED
2025-01-30 18:29:23,926 INFO c.h.h.t.HelmChartContainer - [hivemq-test-hivemq-platform] [hivemq-platform-operator] [ac624283] 18:29:23.923 [pool-6-thread-25] DEBUG c.h.p.o.d.PlatformServiceResource - [helmpods] Desired Platform services (3 services)
2025-01-30 18:29:23,928 INFO c.h.h.t.HelmChartContainer - [hivemq-test-hivemq-platform] [hivemq-platform-operator] [ac624283] 18:29:23.924 [pool-6-thread-23] DEBUG c.h.p.o.dependants.PodInfoConfigMap - [helmpods] Desired PodInfo ConfigMap (1 extensions) (1 enabled)
2025-01-30 18:29:23,928 INFO c.h.h.t.HelmChartContainer - [hivemq-test-hivemq-platform] [hivemq-platform-operator] [ac624283] 18:29:23.925 [pool-6-thread-23] DEBUG c.h.p.o.dependants.PodInfoConfigMap - [helmpods] Desired PodInfo ConfigMap (metrics port: 9399) (metrics path: /)
2025-01-30 18:29:23,928 INFO c.h.h.t.HelmChartContainer - [hivemq-test-hivemq-platform] [hivemq-platform-operator] [ac624283] 18:29:23.925 [pool-6-thread-23] DEBUG c.h.p.o.dependants.PodInfoConfigMap - [helmpods] Desired PodInfo ConfigMap (extension state hash: -1657242373)
2025-01-30 18:29:23,928 INFO c.h.h.t.HelmChartContainer - [hivemq-test-hivemq-platform] [hivemq-platform-operator] [ac624283] 18:29:23.926 [pool-6-thread-27] DEBUG c.h.p.o.d.PodServiceAccountResource - [helmpods] Desired PodServiceAccountResource (serviceAccountName: hivemq-platform-pod-test-hivemq-platform)
2025-01-30 18:29:23,935 INFO c.h.h.t.HelmChartContainer - [hivemq-test-hivemq-platform] [hivemq-platform-operator] [ac624283] 18:29:23.933 [pool-6-thread-27] DEBUG c.h.p.o.d.StatefulSetResource - [helmpods] Desired StatefulSet (1 replicas) for status STARTING (READY)
2025-01-30 18:29:23,941 INFO c.h.h.t.HelmChartContainer - [test-hivemq-platform] [hivemq] [691f2556] INFO  - [HiveMQ Platform Operator Init App 1.7.0-SNAPSHOT] Successfully updated Pod HiveMQ Platform Operator Init App version annotation (version: 1.7.0-SNAPSHOT)
2025-01-30 18:29:23,942 INFO c.h.h.t.HelmChartContainer - [test-hivemq-platform] [hivemq] [691f2556] WARN  - [HiveMQ Platform Operator Init App 1.7.0-SNAPSHOT] Cannot connect to Health API for readiness: null
2025-01-30 18:29:23,951 INFO c.h.h.t.HelmChartContainer - [EVENT] Warning [Unhealthy] Readiness probe failed: HTTP probe failed with statuscode: 503 [helmpodsecuritycontextupgradeextensionit:test-hivemq-platform-0]
2025-01-30 18:29:23,951 INFO c.h.h.t.HelmChartContainer - Received Unhealthy event for container hivemq in pod test-hivemq-platform-0 [691f2556-6425-4791-bab0-1b4e2693a766]
2025-01-30 18:29:24,015 INFO c.h.h.t.HelmChartContainer - [hivemq-test-hivemq-platform] [hivemq-platform-operator] [ac624283] 18:29:23.990 [ReconcilerExecutor-hivemq-controller-110] INFO  c.h.p.o.HiveMQPlatformReconciler - [helmpods] Reconciling HiveMQ Platform 'test-hivemq-platform' in namespace 'helmpodsecuritycontextupgradeextensionit'
2025-01-30 18:29:24,015 INFO c.h.h.t.HelmChartContainer - [hivemq-test-hivemq-platform] [hivemq-platform-operator] [ac624283] 18:29:23.990 [ReconcilerExecutor-hivemq-controller-110] DEBUG c.h.p.o.HiveMQPlatformReconciler - [helmpods] Custom Resource Status STARTING - HiveMQ Platform is starting (READY)
2025-01-30 18:29:24,016 INFO c.h.h.t.HelmChartContainer - [hivemq-test-hivemq-platform] [hivemq-platform-operator] [ac624283] 18:29:23.990 [ReconcilerExecutor-hivemq-controller-110] DEBUG c.h.p.o.HiveMQPlatformReconciler - [helmpods] Custom Resource Spec (replicas: 1) (extensions: 1)
2025-01-30 18:29:24,016 INFO c.h.h.t.HelmChartContainer - [hivemq-test-hivemq-platform] [hivemq-platform-operator] [ac624283] 18:29:23.992 [ReconcilerExecutor-hivemq-controller-110] DEBUG c.h.p.o.HiveMQPlatformReconciler - [helmpods] StatefulSet Status (revision: test-hivemq-platform-6778d7488d, replicas: 1, available: 0, ready: 0, current: 1, updated: 1)
2025-01-30 18:29:24,016 INFO c.h.h.t.HelmChartContainer - [hivemq-test-hivemq-platform] [hivemq-platform-operator] [ac624283] 18:29:23.993 [ReconcilerExecutor-hivemq-controller-110] DEBUG c.h.p.o.HiveMQPlatformReconciler - [helmpods] StatefulSet Spec (replicas: 1, init containers: 1, containers: 1, volumes: 4)
2025-01-30 18:29:24,016 INFO c.h.h.t.HelmChartContainer - [hivemq-test-hivemq-platform] [hivemq-platform-operator] [ac624283] 18:29:23.994 [ReconcilerExecutor-hivemq-controller-110] DEBUG c.h.p.o.h.HiveMQPlatformReconcilerErrorHandler - [helmpods] Pod 'test-hivemq-platform-0' phase Running
2025-01-30 18:29:24,016 INFO c.h.h.t.HelmChartContainer - [hivemq-test-hivemq-platform] [hivemq-platform-operator] [ac624283] 18:29:23.995 [ReconcilerExecutor-hivemq-controller-110] INFO  c.h.p.o.h.HiveMQPlatformReconcilerBaseHandler - [helmpods] HiveMQ Platform is starting, 0 of 1 replicas are ready
2025-01-30 18:29:28,928 INFO c.h.h.t.HelmChartContainer - [test-hivemq-platform] [hivemq] [691f2556] WARN  - [HiveMQ Platform Operator Init App 1.7.0-SNAPSHOT] Cannot connect to Health API for readiness: null
2025-01-30 18:29:28,933 INFO c.h.h.t.HelmChartContainer - [EVENT] Warning [Unhealthy] Readiness probe failed: HTTP probe failed with statuscode: 503 [helmpodsecuritycontextupgradeextensionit:test-hivemq-platform-0]
2025-01-30 18:29:28,933 INFO c.h.h.t.HelmChartContainer - Received Unhealthy event for container hivemq in pod test-hivemq-platform-0 [691f2556-6425-4791-bab0-1b4e2693a766]
2025-01-30 18:29:33,931 INFO c.h.h.t.HelmChartContainer - [test-hivemq-platform] [hivemq] [691f2556] WARN  - [HiveMQ Platform Operator Init App 1.7.0-SNAPSHOT] Cannot connect to Health API for readiness: null
2025-01-30 18:29:33,936 INFO c.h.h.t.HelmChartContainer - [EVENT] Warning [Unhealthy] Readiness probe failed: HTTP probe failed with statuscode: 503 [helmpodsecuritycontextupgradeextensionit:test-hivemq-platform-0]
2025-01-30 18:29:33,936 INFO c.h.h.t.HelmChartContainer - Received Unhealthy event for container hivemq in pod test-hivemq-platform-0 [691f2556-6425-4791-bab0-1b4e2693a766]
2025-01-30 18:29:34,006 INFO c.h.h.t.HelmChartContainer - [hivemq-test-hivemq-platform] [hivemq-platform-operator] [ac624283] 18:29:34.000 [pool-6-thread-37] DEBUG c.h.p.o.d.PlatformServiceResource - [helmpods] Desired Platform services (3 services)
2025-01-30 18:29:34,006 INFO c.h.h.t.HelmChartContainer - [hivemq-test-hivemq-platform] [hivemq-platform-operator] [ac624283] 18:29:34.001 [pool-6-thread-31] DEBUG c.h.p.o.dependants.PodInfoConfigMap - [helmpods] Desired PodInfo ConfigMap (1 extensions) (1 enabled)
2025-01-30 18:29:34,006 INFO c.h.h.t.HelmChartContainer - [hivemq-test-hivemq-platform] [hivemq-platform-operator] [ac624283] 18:29:34.001 [pool-6-thread-31] DEBUG c.h.p.o.dependants.PodInfoConfigMap - [helmpods] Desired PodInfo ConfigMap (metrics port: 9399) (metrics path: /)
2025-01-30 18:29:34,006 INFO c.h.h.t.HelmChartContainer - [hivemq-test-hivemq-platform] [hivemq-platform-operator] [ac624283] 18:29:34.001 [pool-6-thread-31] DEBUG c.h.p.o.dependants.PodInfoConfigMap - [helmpods] Desired PodInfo ConfigMap (extension state hash: -1657242373)
2025-01-30 18:29:34,006 INFO c.h.h.t.HelmChartContainer - [hivemq-test-hivemq-platform] [hivemq-platform-operator] [ac624283] 18:29:34.003 [pool-6-thread-35] DEBUG c.h.p.o.d.PodServiceAccountResource - [helmpods] Desired PodServiceAccountResource (serviceAccountName: hivemq-platform-pod-test-hivemq-platform)
2025-01-30 18:29:34,010 INFO c.h.h.t.HelmChartContainer - [hivemq-test-hivemq-platform] [hivemq-platform-operator] [ac624283] 18:29:34.009 [pool-6-thread-37] DEBUG c.h.p.o.d.StatefulSetResource - [helmpods] Desired StatefulSet (1 replicas) for status STARTING (READY)
2025-01-30 18:29:34,092 INFO c.h.h.t.HelmChartContainer - [hivemq-test-hivemq-platform] [hivemq-platform-operator] [ac624283] 18:29:34.087 [ReconcilerExecutor-hivemq-controller-111] INFO  c.h.p.o.HiveMQPlatformReconciler - [helmpods] Reconciling HiveMQ Platform 'test-hivemq-platform' in namespace 'helmpodsecuritycontextupgradeextensionit'
2025-01-30 18:29:34,092 INFO c.h.h.t.HelmChartContainer - [hivemq-test-hivemq-platform] [hivemq-platform-operator] [ac624283] 18:29:34.087 [ReconcilerExecutor-hivemq-controller-111] DEBUG c.h.p.o.HiveMQPlatformReconciler - [helmpods] Custom Resource Status STARTING - HiveMQ Platform is starting (READY)
2025-01-30 18:29:34,092 INFO c.h.h.t.HelmChartContainer - [hivemq-test-hivemq-platform] [hivemq-platform-operator] [ac624283] 18:29:34.087 [ReconcilerExecutor-hivemq-controller-111] DEBUG c.h.p.o.HiveMQPlatformReconciler - [helmpods] Custom Resource Spec (replicas: 1) (extensions: 1)
2025-01-30 18:29:34,092 INFO c.h.h.t.HelmChartContainer - [hivemq-test-hivemq-platform] [hivemq-platform-operator] [ac624283] 18:29:34.090 [ReconcilerExecutor-hivemq-controller-111] DEBUG c.h.p.o.HiveMQPlatformReconciler - [helmpods] StatefulSet Status (revision: test-hivemq-platform-6778d7488d, replicas: 1, available: 0, ready: 0, current: 1, updated: 1)
2025-01-30 18:29:34,092 INFO c.h.h.t.HelmChartContainer - [hivemq-test-hivemq-platform] [hivemq-platform-operator] [ac624283] 18:29:34.090 [ReconcilerExecutor-hivemq-controller-111] DEBUG c.h.p.o.HiveMQPlatformReconciler - [helmpods] StatefulSet Spec (replicas: 1, init containers: 1, containers: 1, volumes: 4)
2025-01-30 18:29:34,094 INFO c.h.h.t.HelmChartContainer - [hivemq-test-hivemq-platform] [hivemq-platform-operator] [ac624283] 18:29:34.092 [ReconcilerExecutor-hivemq-controller-111] DEBUG c.h.p.o.h.HiveMQPlatformReconcilerErrorHandler - [helmpods] Pod 'test-hivemq-platform-0' phase Running
2025-01-30 18:29:34,095 INFO c.h.h.t.HelmChartContainer - [hivemq-test-hivemq-platform] [hivemq-platform-operator] [ac624283] 18:29:34.093 [ReconcilerExecutor-hivemq-controller-111] INFO  c.h.p.o.h.HiveMQPlatformReconcilerBaseHandler - [helmpods] HiveMQ Platform is starting, 0 of 1 replicas are ready
2025-01-30 18:29:36,232 INFO c.h.h.t.HelmChartContainer - [test-hivemq-platform] [hivemq] [691f2556] WARN  - [HiveMQ Platform Operator Init App 1.7.0-SNAPSHOT] Cannot connect to Health API for liveness: null
2025-01-30 18:29:36,233 INFO c.h.h.t.HelmChartContainer - [test-hivemq-platform] [hivemq] [691f2556] INFO  - [HiveMQ Platform Operator Init App 1.7.0-SNAPSHOT] Returning default Health API response 200 for liveness
2025-01-30 18:29:36,445 INFO c.h.h.t.HelmChartContainer - [test-hivemq-platform] [hivemq] [691f2556] INFO  - No valid license file found. Using trial license, restricted to 25 connections.
2025-01-30 18:29:38,930 INFO c.h.h.t.HelmChartContainer - [test-hivemq-platform] [hivemq] [691f2556] WARN  - [HiveMQ Platform Operator Init App 1.7.0-SNAPSHOT] Cannot connect to Health API for readiness: null
2025-01-30 18:29:38,936 INFO c.h.h.t.HelmChartContainer - [EVENT] Warning [Unhealthy] Readiness probe failed: HTTP probe failed with statuscode: 503 [helmpodsecuritycontextupgradeextensionit:test-hivemq-platform-0]
2025-01-30 18:29:38,936 INFO c.h.h.t.HelmChartContainer - Received Unhealthy event for container hivemq in pod test-hivemq-platform-0 [691f2556-6425-4791-bab0-1b4e2693a766]
2025-01-30 18:29:40,137 INFO c.h.h.t.HelmChartContainer - [test-hivemq-platform] [hivemq] [691f2556] INFO  - No valid license file for Data Hub found. Using free license, restricted to 1 policy.
2025-01-30 18:29:41,251 INFO c.h.h.t.HelmChartContainer - [test-hivemq-platform] [hivemq] [691f2556] INFO  - Audit Logger started.
2025-01-30 18:29:41,526 INFO c.h.h.t.HelmChartContainer - [test-hivemq-platform] [hivemq] [691f2556] INFO  - This node uses '1' CPU cores.
2025-01-30 18:29:41,531 INFO c.h.h.t.HelmChartContainer - [test-hivemq-platform] [hivemq] [691f2556] INFO  - Starting HiveMQ Health API on address 0.0.0.0 and port 8889
2025-01-30 18:29:42,346 INFO c.h.h.t.HelmChartContainer - [test-hivemq-platform] [hivemq] [691f2556] INFO  - Started HiveMQ Health API in 815ms
2025-01-30 18:29:42,931 INFO c.h.h.t.HelmChartContainer - [test-hivemq-platform] [hivemq] [691f2556] INFO  - Starting HiveMQ extension system.
2025-01-30 18:29:44,100 INFO c.h.h.t.HelmChartContainer - [hivemq-test-hivemq-platform] [hivemq-platform-operator] [ac624283] 18:29:44.097 [pool-6-thread-45] DEBUG c.h.p.o.d.PlatformServiceResource - [helmpods] Desired Platform services (3 services)
2025-01-30 18:29:44,101 INFO c.h.h.t.HelmChartContainer - [hivemq-test-hivemq-platform] [hivemq-platform-operator] [ac624283] 18:29:44.099 [pool-6-thread-47] DEBUG c.h.p.o.d.PodServiceAccountResource - [helmpods] Desired PodServiceAccountResource (serviceAccountName: hivemq-platform-pod-test-hivemq-platform)
2025-01-30 18:29:44,103 INFO c.h.h.t.HelmChartContainer - [hivemq-test-hivemq-platform] [hivemq-platform-operator] [ac624283] 18:29:44.098 [pool-6-thread-46] DEBUG c.h.p.o.dependants.PodInfoConfigMap - [helmpods] Desired PodInfo ConfigMap (1 extensions) (1 enabled)
2025-01-30 18:29:44,104 INFO c.h.h.t.HelmChartContainer - [hivemq-test-hivemq-platform] [hivemq-platform-operator] [ac624283] 18:29:44.101 [pool-6-thread-46] DEBUG c.h.p.o.dependants.PodInfoConfigMap - [helmpods] Desired PodInfo ConfigMap (metrics port: 9399) (metrics path: /)
2025-01-30 18:29:44,104 INFO c.h.h.t.HelmChartContainer - [hivemq-test-hivemq-platform] [hivemq-platform-operator] [ac624283] 18:29:44.102 [pool-6-thread-46] DEBUG c.h.p.o.dependants.PodInfoConfigMap - [helmpods] Desired PodInfo ConfigMap (extension state hash: -1657242373)
2025-01-30 18:29:44,106 INFO c.h.h.t.HelmChartContainer - [hivemq-test-hivemq-platform] [hivemq-platform-operator] [ac624283] 18:29:44.105 [pool-6-thread-45] DEBUG c.h.p.o.d.StatefulSetResource - [helmpods] Desired StatefulSet (1 replicas) for status STARTING (READY)
2025-01-30 18:29:44,189 INFO c.h.h.t.HelmChartContainer - [hivemq-test-hivemq-platform] [hivemq-platform-operator] [ac624283] 18:29:44.187 [ReconcilerExecutor-hivemq-controller-112] INFO  c.h.p.o.HiveMQPlatformReconciler - [helmpods] Reconciling HiveMQ Platform 'test-hivemq-platform' in namespace 'helmpodsecuritycontextupgradeextensionit'
2025-01-30 18:29:44,190 INFO c.h.h.t.HelmChartContainer - [hivemq-test-hivemq-platform] [hivemq-platform-operator] [ac624283] 18:29:44.187 [ReconcilerExecutor-hivemq-controller-112] DEBUG c.h.p.o.HiveMQPlatformReconciler - [helmpods] Custom Resource Status STARTING - HiveMQ Platform is starting (READY)
2025-01-30 18:29:44,190 INFO c.h.h.t.HelmChartContainer - [hivemq-test-hivemq-platform] [hivemq-platform-operator] [ac624283] 18:29:44.187 [ReconcilerExecutor-hivemq-controller-112] DEBUG c.h.p.o.HiveMQPlatformReconciler - [helmpods] Custom Resource Spec (replicas: 1) (extensions: 1)
2025-01-30 18:29:44,194 INFO c.h.h.t.HelmChartContainer - [hivemq-test-hivemq-platform] [hivemq-platform-operator] [ac624283] 18:29:44.192 [ReconcilerExecutor-hivemq-controller-112] DEBUG c.h.p.o.HiveMQPlatformReconciler - [helmpods] StatefulSet Status (revision: test-hivemq-platform-6778d7488d, replicas: 1, available: 0, ready: 0, current: 1, updated: 1)
2025-01-30 18:29:44,194 INFO c.h.h.t.HelmChartContainer - [hivemq-test-hivemq-platform] [hivemq-platform-operator] [ac624283] 18:29:44.192 [ReconcilerExecutor-hivemq-controller-112] DEBUG c.h.p.o.HiveMQPlatformReconciler - [helmpods] StatefulSet Spec (replicas: 1, init containers: 1, containers: 1, volumes: 4)
2025-01-30 18:29:44,195 INFO c.h.h.t.HelmChartContainer - [hivemq-test-hivemq-platform] [hivemq-platform-operator] [ac624283] 18:29:44.194 [ReconcilerExecutor-hivemq-controller-112] DEBUG c.h.p.o.h.HiveMQPlatformReconcilerErrorHandler - [helmpods] Pod 'test-hivemq-platform-0' phase Running
2025-01-30 18:29:44,195 INFO c.h.h.t.HelmChartContainer - [hivemq-test-hivemq-platform] [hivemq-platform-operator] [ac624283] 18:29:44.194 [ReconcilerExecutor-hivemq-controller-112] INFO  c.h.p.o.h.HiveMQPlatformReconcilerBaseHandler - [helmpods] HiveMQ Platform is starting, 0 of 1 replicas are ready
2025-01-30 18:29:44,837 INFO c.h.h.t.HelmChartContainer - [test-hivemq-platform] [hivemq] [691f2556] INFO  - [HiveMQ Platform Operator Init App 1.7.0-SNAPSHOT] Returning Health API response 503 for readiness
2025-01-30 18:29:44,839 INFO c.h.h.t.HelmChartContainer - [EVENT] Warning [Unhealthy] Readiness probe failed: HTTP probe failed with statuscode: 503 [helmpodsecuritycontextupgradeextensionit:test-hivemq-platform-0]
2025-01-30 18:29:44,840 INFO c.h.h.t.HelmChartContainer - Received Unhealthy event for container hivemq in pod test-hivemq-platform-0 [691f2556-6425-4791-bab0-1b4e2693a766]
2025-01-30 18:29:45,140 INFO c.h.h.t.HelmChartContainer - [test-hivemq-platform] [hivemq] [691f2556] INFO  - No license found for enterprise extension with name "HiveMQ Enterprise Distributed Tracing Extension". Entering extension trial mode. "HiveMQ Enterprise Distributed Tracing Extension" will be disabled in 5 hours.
2025-01-30 18:29:45,440 INFO c.h.h.t.HelmChartContainer - [test-hivemq-platform] [hivemq] [691f2556] INFO  - Starting extension with id "hivemq-dns-cluster-discovery" at /opt/hivemq/extensions/hivemq-dns-cluster-discovery
2025-01-30 18:29:45,938 INFO c.h.h.t.HelmChartContainer - [test-hivemq-platform] [hivemq] [691f2556] INFO  - Extension "DNS Cluster Discovery Extension" version 4.3.2 started successfully.
2025-01-30 18:29:45,938 INFO c.h.h.t.HelmChartContainer - [test-hivemq-platform] [hivemq] [691f2556] INFO  - Starting extension with id "hivemq-distributed-tracing-extension" at /opt/hivemq/extensions/hivemq-distributed-tracing-extension
2025-01-30 18:29:45,941 INFO c.h.h.t.HelmChartContainer - [test-hivemq-platform] [hivemq] [691f2556] INFO  - Using TCP cluster transport on address 10.42.0.6 and port 7000
2025-01-30 18:29:46,033 INFO c.h.h.t.HelmChartContainer - [test-hivemq-platform] [hivemq] [691f2556] INFO  - Using extension cluster discovery
2025-01-30 18:29:48,049 INFO c.h.h.t.HelmChartContainer - [test-hivemq-platform] [hivemq] [691f2556] INFO  - HiveMQ Enterprise Distributed Tracing Extension: Successfully loaded configuration from '/opt/hivemq/extensions/hivemq-distributed-tracing-extension/conf/config.xml'.
2025-01-30 18:29:48,128 INFO c.h.h.t.HelmChartContainer - [test-hivemq-platform] [hivemq] [691f2556] INFO  - HiveMQ Enterprise Distributed Tracing Extension: Configured OTLP gRPC exporter 'my-otlp-grpc-exporter'.
2025-01-30 18:29:48,144 INFO c.h.h.t.HelmChartContainer - [test-hivemq-platform] [hivemq] [691f2556] INFO  - HiveMQ Enterprise Distributed Tracing Extension: Configured W3C trace propagation.
2025-01-30 18:29:48,146 INFO c.h.h.t.HelmChartContainer - [test-hivemq-platform] [hivemq] [691f2556] INFO  - Extension "HiveMQ Enterprise Distributed Tracing Extension" version 4.36.0 started successfully.
2025-01-30 18:29:48,146 INFO c.h.h.testcontainer.LogWaiterUtil - TEST Found log pattern on 'test-hivemq-platform-0': .*Extension "HiveMQ Enterprise Distributed Tracing Extension" version .* started successfully.
2025-01-30 18:29:48,147 INFO c.h.h.t.HelmChartContainer - [test-hivemq-platform] [hivemq] [691f2556] INFO  - Starting extension with id "hivemq-prometheus-extension" at /opt/hivemq/extensions/hivemq-prometheus-extension
2025-01-30 18:29:48,535 INFO c.h.h.t.HelmChartContainer - [test-hivemq-platform] [hivemq] [691f2556] INFO  - Started Jetty Server exposing Prometheus Servlet on URI http://0.0.0.0:9399/
2025-01-30 18:29:48,536 INFO c.h.h.t.HelmChartContainer - [test-hivemq-platform] [hivemq] [691f2556] INFO  - Extension "Prometheus Monitoring Extension" version 4.0.12 started successfully.
2025-01-30 18:29:48,536 INFO c.h.h.t.HelmChartContainer - [test-hivemq-platform] [hivemq] [691f2556] INFO  - Starting extension with id "hivemq-allow-all-extension" at /opt/hivemq/extensions/hivemq-allow-all-extension
2025-01-30 18:29:48,536 INFO c.h.h.t.HelmChartContainer - [test-hivemq-platform] [hivemq] [691f2556] WARN  - 
2025-01-30 18:29:48,536 INFO c.h.h.t.HelmChartContainer - [test-hivemq-platform] [hivemq] [691f2556] ################################################################################################################
2025-01-30 18:29:48,536 INFO c.h.h.t.HelmChartContainer - [test-hivemq-platform] [hivemq] [691f2556] # This HiveMQ deployment is not secure! You are lacking Authentication and Authorization.                      #
2025-01-30 18:29:48,536 INFO c.h.h.t.HelmChartContainer - [test-hivemq-platform] [hivemq] [691f2556] # Right now any MQTT client can connect to the broker with a full set of permissions.                          #
2025-01-30 18:29:48,536 INFO c.h.h.t.HelmChartContainer - [test-hivemq-platform] [hivemq] [691f2556] # For production usage, add an appropriate security extension and remove the hivemq-allow-all extension.       #
2025-01-30 18:29:48,536 INFO c.h.h.t.HelmChartContainer - [test-hivemq-platform] [hivemq] [691f2556] # You can download security extensions from the HiveMQ Marketplace (https://www.hivemq.com/extensions/).       #
2025-01-30 18:29:48,536 INFO c.h.h.t.HelmChartContainer - [test-hivemq-platform] [hivemq] [691f2556] ################################################################################################################
2025-01-30 18:29:48,536 INFO c.h.h.t.HelmChartContainer - [test-hivemq-platform] [hivemq] [691f2556] INFO  - Extension "Allow All Extension" version 1.1.1 started successfully.
2025-01-30 18:29:48,927 INFO c.h.h.t.HelmChartContainer - [test-hivemq-platform] [hivemq] [691f2556] INFO  - rYQEe: no members discovered after 2295 ms: creating cluster as first member
2025-01-30 18:29:48,928 INFO c.h.h.t.HelmChartContainer - [EVENT] Warning [Unhealthy] Readiness probe failed: HTTP probe failed with statuscode: 503 [helmpodsecuritycontextupgradeextensionit:test-hivemq-platform-0]
2025-01-30 18:29:48,928 INFO c.h.h.t.HelmChartContainer - Received Unhealthy event for container hivemq in pod test-hivemq-platform-0 [691f2556-6425-4791-bab0-1b4e2693a766]
2025-01-30 18:29:48,933 INFO c.h.h.t.HelmChartContainer - [test-hivemq-platform] [hivemq] [691f2556] INFO  - Cluster nodes found by discovery: [rYQEe|0] (1) [rYQEe].
2025-01-30 18:29:49,036 INFO c.h.h.t.HelmChartContainer - [test-hivemq-platform] [hivemq] [691f2556] INFO  - Updated rules for sampling and tracing propagation.
2025-01-30 18:29:49,036 INFO c.h.h.t.HelmChartContainer - [test-hivemq-platform] [hivemq] [691f2556] INFO  - HiveMQ: Successfully loaded configuration from '/opt/hivemq/conf-k8s/tracing.xml'.
2025-01-30 18:29:49,036 INFO c.h.h.t.HelmChartContainer - [test-hivemq-platform] [hivemq] [691f2556] WARN  - No user for HiveMQ Control Center configured. Starting with default user
2025-01-30 18:29:49,037 INFO c.h.h.t.HelmChartContainer - [test-hivemq-platform] [hivemq] [691f2556] INFO  - Starting HiveMQ Control Center on address 0.0.0.0 and port 8080
2025-01-30 18:29:49,115 INFO c.h.h.t.HelmChartContainer - [test-hivemq-platform] [hivemq] [691f2556] INFO  - Mounting HiveMQ Control Center V2 Preview
2025-01-30 18:29:49,832 INFO c.h.h.t.HelmChartContainer - [test-hivemq-platform] [hivemq] [691f2556] INFO  - Started HiveMQ Control Center in 795ms
2025-01-30 18:29:49,918 INFO c.h.h.t.HelmChartContainer - [test-hivemq-platform] [hivemq] [691f2556] INFO  - Starting TCP listener on address 0.0.0.0 and port 1883
2025-01-30 18:29:49,939 INFO c.h.h.t.HelmChartContainer - [test-hivemq-platform] [hivemq] [691f2556] INFO  - Started TCP Listener on address 0.0.0.0 and on port 1883.
2025-01-30 18:29:49,940 INFO c.h.h.t.HelmChartContainer - [test-hivemq-platform] [hivemq] [691f2556] INFO  - Started HiveMQ in 34096ms
2025-01-30 18:29:53,922 INFO c.h.h.t.HelmChartContainer - [test-hivemq-platform] [hivemq] [691f2556] INFO  - [HiveMQ Platform Operator Init App 1.7.0-SNAPSHOT] Returning Health API response 200 for readiness
2025-01-30 18:29:53,935 INFO c.h.h.t.HelmChartContainer - [POD] test-hivemq-platform-0 [691f2556-6425-4791-bab0-1b4e2693a766] in helmpodsecuritycontextupgradeextensionit was MODIFIED
2025-01-30 18:29:53,947 INFO c.h.h.t.HelmChartContainer - [hivemq-test-hivemq-platform] [hivemq-platform-operator] [ac624283] 18:29:53.946 [pool-6-thread-7] DEBUG c.h.p.o.d.PlatformServiceResource - [helmpods] Desired Platform services (3 services)
2025-01-30 18:29:53,957 INFO c.h.h.t.HelmChartContainer - [hivemq-test-hivemq-platform] [hivemq-platform-operator] [ac624283] 18:29:53.949 [pool-6-thread-1] DEBUG c.h.p.o.dependants.PodInfoConfigMap - [helmpods] Desired PodInfo ConfigMap (1 extensions) (1 enabled)
2025-01-30 18:29:53,957 INFO c.h.h.t.HelmChartContainer - [hivemq-test-hivemq-platform] [hivemq-platform-operator] [ac624283] 18:29:53.949 [pool-6-thread-1] DEBUG c.h.p.o.dependants.PodInfoConfigMap - [helmpods] Desired PodInfo ConfigMap (metrics port: 9399) (metrics path: /)
2025-01-30 18:29:53,957 INFO c.h.h.t.HelmChartContainer - [hivemq-test-hivemq-platform] [hivemq-platform-operator] [ac624283] 18:29:53.950 [pool-6-thread-1] DEBUG c.h.p.o.dependants.PodInfoConfigMap - [helmpods] Desired PodInfo ConfigMap (extension state hash: -1657242373)
2025-01-30 18:29:53,965 INFO c.h.h.t.HelmChartContainer - [hivemq-test-hivemq-platform] [hivemq-platform-operator] [ac624283] 18:29:53.958 [pool-6-thread-1] DEBUG c.h.p.o.d.PodServiceAccountResource - [helmpods] Desired PodServiceAccountResource (serviceAccountName: hivemq-platform-pod-test-hivemq-platform)
2025-01-30 18:29:53,975 INFO c.h.h.t.HelmChartContainer - [hivemq-test-hivemq-platform] [hivemq-platform-operator] [ac624283] 18:29:53.973 [pool-6-thread-9] DEBUG c.h.p.o.d.StatefulSetResource - [helmpods] Desired StatefulSet (1 replicas) for status STARTING (READY)
2025-01-30 18:29:53,993 INFO c.h.h.t.HelmChartContainer - [hivemq-test-hivemq-platform] [hivemq-platform-operator] [ac624283] 18:29:53.990 [ReconcilerExecutor-hivemq-controller-113] INFO  c.h.p.o.HiveMQPlatformReconciler - [helmpods] Reconciling HiveMQ Platform 'test-hivemq-platform' in namespace 'helmpodsecuritycontextupgradeextensionit'
2025-01-30 18:29:53,994 INFO c.h.h.t.HelmChartContainer - [hivemq-test-hivemq-platform] [hivemq-platform-operator] [ac624283] 18:29:53.990 [ReconcilerExecutor-hivemq-controller-113] DEBUG c.h.p.o.HiveMQPlatformReconciler - [helmpods] Custom Resource Status STARTING - HiveMQ Platform is starting (READY)
2025-01-30 18:29:53,994 INFO c.h.h.t.HelmChartContainer - [hivemq-test-hivemq-platform] [hivemq-platform-operator] [ac624283] 18:29:53.990 [ReconcilerExecutor-hivemq-controller-113] DEBUG c.h.p.o.HiveMQPlatformReconciler - [helmpods] Custom Resource Spec (replicas: 1) (extensions: 1)
2025-01-30 18:29:53,996 INFO c.h.h.t.HelmChartContainer - [hivemq-test-hivemq-platform] [hivemq-platform-operator] [ac624283] 18:29:53.994 [ReconcilerExecutor-hivemq-controller-113] DEBUG c.h.p.o.HiveMQPlatformReconciler - [helmpods] StatefulSet Status (revision: test-hivemq-platform-6778d7488d, replicas: 1, available: 1, ready: 1, current: 1, updated: 1)
2025-01-30 18:29:53,996 INFO c.h.h.t.HelmChartContainer - [hivemq-test-hivemq-platform] [hivemq-platform-operator] [ac624283] 18:29:53.994 [ReconcilerExecutor-hivemq-controller-113] DEBUG c.h.p.o.HiveMQPlatformReconciler - [helmpods] StatefulSet Spec (replicas: 1, init containers: 1, containers: 1, volumes: 4)
2025-01-30 18:29:53,997 INFO c.h.h.t.HelmChartContainer - [hivemq-test-hivemq-platform] [hivemq-platform-operator] [ac624283] 18:29:53.996 [ReconcilerExecutor-hivemq-controller-113] DEBUG c.h.p.o.h.HiveMQPlatformReconcilerErrorHandler - [helmpods] Pod 'test-hivemq-platform-0' phase Running
2025-01-30 18:29:53,999 INFO c.h.h.t.HelmChartContainer - [hivemq-test-hivemq-platform] [hivemq-platform-operator] [ac624283] 18:29:53.998 [ReconcilerExecutor-hivemq-controller-113] INFO  c.h.p.o.h.HiveMQPlatformReconcilerBaseHandler - [helmpods] HiveMQ Platform started successfully
2025-01-30 18:29:54,100 INFO c.h.h.t.HelmChartContainer - [hivemq-test-hivemq-platform] [hivemq-platform-operator] [ac624283] 18:29:54.098 [ReconcilerExecutor-hivemq-controller-113] DEBUG c.h.p.operator.event.EventSender - [helmpods] Creating K8s event hivemq-platform-ready: [Ready] HiveMQ Platform is ready
2025-01-30 18:29:54,103 INFO c.h.h.t.HelmChartContainer - [EVENT] Normal [Ready] HiveMQ Platform is ready [helmpodsecuritycontextupgradeextensionit:test-hivemq-platform]
2025-01-30 18:29:54,106 INFO c.h.h.t.HelmChartContainer - [hivemq-test-hivemq-platform] [hivemq-platform-operator] [ac624283] 18:29:54.103 [ReconcilerExecutor-hivemq-controller-113] INFO  c.h.p.o.h.AbstractHiveMQReconcilerStateHandler - [helmpods] Update HiveMQ Platform Status (STARTING [READY] -> RUNNING [READY]): HiveMQ Platform is ready
2025-01-30 18:29:54,115 DEBUG com.hivemq.helmcharts.util.K8sUtil - Comparing actual state 'RUNNING' and waiting for 'RUNNING'
2025-01-30 18:29:54,195 INFO c.h.h.t.HelmChartContainer - [hivemq-test-hivemq-platform] [hivemq-platform-operator] [ac624283] 18:29:54.191 [pool-6-thread-19] DEBUG c.h.p.o.d.PlatformServiceResource - [helmpods] Desired Platform services (3 services)
2025-01-30 18:29:54,195 INFO c.h.h.t.HelmChartContainer - [hivemq-test-hivemq-platform] [hivemq-platform-operator] [ac624283] 18:29:54.192 [pool-6-thread-14] DEBUG c.h.p.o.dependants.PodInfoConfigMap - [helmpods] Desired PodInfo ConfigMap (1 extensions) (1 enabled)
2025-01-30 18:29:54,196 INFO c.h.h.t.HelmChartContainer - [hivemq-test-hivemq-platform] [hivemq-platform-operator] [ac624283] 18:29:54.193 [pool-6-thread-14] DEBUG c.h.p.o.dependants.PodInfoConfigMap - [helmpods] Desired PodInfo ConfigMap (metrics port: 9399) (metrics path: /)
2025-01-30 18:29:54,196 INFO c.h.h.t.HelmChartContainer - [hivemq-test-hivemq-platform] [hivemq-platform-operator] [ac624283] 18:29:54.193 [pool-6-thread-14] DEBUG c.h.p.o.dependants.PodInfoConfigMap - [helmpods] Desired PodInfo ConfigMap (extension state hash: -1657242373)
2025-01-30 18:29:54,197 INFO c.h.h.t.HelmChartContainer - [hivemq-test-hivemq-platform] [hivemq-platform-operator] [ac624283] 18:29:54.194 [pool-6-thread-14] DEBUG c.h.p.o.dependants.PodInfoConfigMap - [helmpods] Update PodInfo ConfigMap
2025-01-30 18:29:54,199 INFO c.h.h.t.HelmChartContainer - [hivemq-test-hivemq-platform] [hivemq-platform-operator] [ac624283] 18:29:54.194 [pool-6-thread-11] DEBUG c.h.p.o.d.PodServiceAccountResource - [helmpods] Desired PodServiceAccountResource (serviceAccountName: hivemq-platform-pod-test-hivemq-platform)
2025-01-30 18:29:54,227 DEBUG com.hivemq.helmcharts.util.PodUtil - Received status for command '[sh, -c, stat -c "%u:%g" /proc/1]' on pod 'test-hivemq-platform-0' (exit code: 0)
2025-01-30 18:29:54,289 INFO c.h.h.t.HelmChartContainer - [hivemq-test-hivemq-platform] [hivemq-platform-operator] [ac624283] 18:29:54.287 [pool-6-thread-14] DEBUG c.h.p.o.d.StatefulSetResource - [helmpods] Desired StatefulSet (1 replicas) for status RUNNING (READY)
2025-01-30 18:29:54,294 INFO c.h.h.t.HelmChartContainer - [hivemq-test-hivemq-platform] [hivemq-platform-operator] [ac624283] 18:29:54.293 [ReconcilerExecutor-hivemq-controller-114] INFO  c.h.p.o.HiveMQPlatformReconciler - [helmpods] Reconciling HiveMQ Platform 'test-hivemq-platform' in namespace 'helmpodsecuritycontextupgradeextensionit'
2025-01-30 18:29:54,294 INFO c.h.h.t.HelmChartContainer - [hivemq-test-hivemq-platform] [hivemq-platform-operator] [ac624283] 18:29:54.293 [ReconcilerExecutor-hivemq-controller-114] DEBUG c.h.p.o.HiveMQPlatformReconciler - [helmpods] Custom Resource Status RUNNING - HiveMQ Platform is ready (READY)
2025-01-30 18:29:54,294 INFO c.h.h.t.HelmChartContainer - [hivemq-test-hivemq-platform] [hivemq-platform-operator] [ac624283] 18:29:54.293 [ReconcilerExecutor-hivemq-controller-114] DEBUG c.h.p.o.HiveMQPlatformReconciler - [helmpods] Custom Resource Spec (replicas: 1) (extensions: 1)
2025-01-30 18:29:54,296 INFO c.h.h.t.HelmChartContainer - [hivemq-test-hivemq-platform] [hivemq-platform-operator] [ac624283] 18:29:54.296 [ReconcilerExecutor-hivemq-controller-114] DEBUG c.h.p.o.HiveMQPlatformReconciler - [helmpods] StatefulSet Status (revision: test-hivemq-platform-6778d7488d, replicas: 1, available: 1, ready: 1, current: 1, updated: 1)
2025-01-30 18:29:54,297 INFO c.h.h.t.HelmChartContainer - [hivemq-test-hivemq-platform] [hivemq-platform-operator] [ac624283] 18:29:54.296 [ReconcilerExecutor-hivemq-controller-114] DEBUG c.h.p.o.HiveMQPlatformReconciler - [helmpods] StatefulSet Spec (replicas: 1, init containers: 1, containers: 1, volumes: 4)
2025-01-30 18:29:54,298 INFO c.h.h.t.HelmChartContainer - [hivemq-test-hivemq-platform] [hivemq-platform-operator] [ac624283] 18:29:54.297 [ReconcilerExecutor-hivemq-controller-114] DEBUG c.h.p.o.h.HiveMQPlatformReconcilerErrorHandler - [helmpods] Pod 'test-hivemq-platform-0' phase Running
2025-01-30 18:29:56,239 INFO c.h.h.testcontainer.LogWaiterUtil - TEST Waiting for log pattern on 'test-hivemq-platform-0': .*HiveMQ Enterprise Distributed Tracing Extension: Successfully updated configuration from '/opt/hivemq/extensions/hivemq-distributed-tracing-extension/conf/config.xml'.
2025-01-30 18:29:56,247 INFO c.h.h.t.HelmChartContainer - [hivemq-test-hivemq-platform] [hivemq-platform-operator] [ac624283] 18:29:56.243 [pool-6-thread-24] DEBUG c.h.p.o.d.PlatformServiceResource - [helmpods] Desired Platform services (3 services)
2025-01-30 18:29:56,247 INFO c.h.h.t.HelmChartContainer - [hivemq-test-hivemq-platform] [hivemq-platform-operator] [ac624283] 18:29:56.245 [pool-6-thread-29] DEBUG c.h.p.o.d.PodServiceAccountResource - [helmpods] Desired PodServiceAccountResource (serviceAccountName: hivemq-platform-pod-test-hivemq-platform)
2025-01-30 18:29:56,248 DEBUG com.hivemq.helmcharts.util.K8sUtil - Comparing actual state 'RUNNING' and waiting for 'RESTART_EXTENSIONS'
2025-01-30 18:29:56,250 INFO c.h.h.t.HelmChartContainer - [hivemq-test-hivemq-platform] [hivemq-platform-operator] [ac624283] 18:29:56.246 [pool-6-thread-21] DEBUG c.h.p.o.dependants.PodInfoConfigMap - [helmpods] Desired PodInfo ConfigMap (1 extensions) (1 enabled)
2025-01-30 18:29:56,250 INFO c.h.h.t.HelmChartContainer - [hivemq-test-hivemq-platform] [hivemq-platform-operator] [ac624283] 18:29:56.247 [pool-6-thread-21] DEBUG c.h.p.o.dependants.PodInfoConfigMap - [helmpods] Desired PodInfo ConfigMap (metrics port: 9399) (metrics path: /)
2025-01-30 18:29:56,251 INFO c.h.h.t.HelmChartContainer - [hivemq-test-hivemq-platform] [hivemq-platform-operator] [ac624283] 18:29:56.247 [pool-6-thread-21] DEBUG c.h.p.o.dependants.PodInfoConfigMap - [helmpods] Desired PodInfo ConfigMap (extension state hash: -1793002758)
2025-01-30 18:29:56,251 INFO c.h.h.t.HelmChartContainer - [hivemq-test-hivemq-platform] [hivemq-platform-operator] [ac624283] 18:29:56.249 [pool-6-thread-21] DEBUG c.h.p.o.dependants.PodInfoConfigMap - [helmpods] Update PodInfo ConfigMap
2025-01-30 18:29:56,252 INFO c.h.h.t.HelmChartContainer - [hivemq-test-hivemq-platform] [hivemq-platform-operator] [ac624283] 18:29:56.250 [pool-6-thread-21] DEBUG c.h.p.o.dependants.PodInfoConfigMap - [helmpods] Detected change in configuration of extension 'hivemq-distributed-tracing-extension' ({skip-https-hostname-verification=false, restart=false, config-version=517, header-version=0, c-uri=, uri=preinstalled, skip-https-certificate-validation=false, enabled=true} -> {skip-https-hostname-verification=false, restart=false, config-version=612, header-version=0, c-uri=, uri=preinstalled, skip-https-certificate-validation=false, enabled=true})
2025-01-30 18:29:56,253 INFO c.h.h.t.HelmChartContainer - [hivemq-test-hivemq-platform] [hivemq-platform-operator] [ac624283] 18:29:56.252 [pool-6-thread-21] INFO  c.h.p.o.dependants.PodInfoConfigMap - [helmpods] Extension configuration was updated, restarting extensions: [hivemq-distributed-tracing-extension]
2025-01-30 18:29:56,265 INFO c.h.h.t.HelmChartContainer - [hivemq-test-hivemq-platform] [hivemq-platform-operator] [ac624283] 18:29:56.264 [pool-6-thread-21] DEBUG c.h.p.o.d.StatefulSetResource - [helmpods] Desired StatefulSet (1 replicas) for status RUNNING (READY)
2025-01-30 18:29:56,288 INFO c.h.h.t.HelmChartContainer - [hivemq-test-hivemq-platform] [hivemq-platform-operator] [ac624283] 18:29:56.287 [ReconcilerExecutor-hivemq-controller-115] INFO  c.h.p.o.HiveMQPlatformReconciler - [helmpods] Reconciling HiveMQ Platform 'test-hivemq-platform' in namespace 'helmpodsecuritycontextupgradeextensionit'
2025-01-30 18:29:56,289 INFO c.h.h.t.HelmChartContainer - [hivemq-test-hivemq-platform] [hivemq-platform-operator] [ac624283] 18:29:56.288 [ReconcilerExecutor-hivemq-controller-115] DEBUG c.h.p.o.HiveMQPlatformReconciler - [helmpods] Custom Resource Status RUNNING - HiveMQ Platform is ready (READY) (reconciliation requests: RESTART_EXTENSIONS, REQUESTS_UPDATED)
2025-01-30 18:29:56,289 INFO c.h.h.t.HelmChartContainer - [hivemq-test-hivemq-platform] [hivemq-platform-operator] [ac624283] 18:29:56.288 [ReconcilerExecutor-hivemq-controller-115] DEBUG c.h.p.o.HiveMQPlatformReconciler - [helmpods] Custom Resource Spec (replicas: 1) (extensions: 1)
2025-01-30 18:29:56,291 INFO c.h.h.t.HelmChartContainer - [hivemq-test-hivemq-platform] [hivemq-platform-operator] [ac624283] 18:29:56.290 [ReconcilerExecutor-hivemq-controller-115] DEBUG c.h.p.o.HiveMQPlatformReconciler - [helmpods] StatefulSet Status (revision: test-hivemq-platform-6778d7488d, replicas: 1, available: 1, ready: 1, current: 1, updated: 1)
2025-01-30 18:29:56,291 INFO c.h.h.t.HelmChartContainer - [hivemq-test-hivemq-platform] [hivemq-platform-operator] [ac624283] 18:29:56.290 [ReconcilerExecutor-hivemq-controller-115] DEBUG c.h.p.o.HiveMQPlatformReconciler - [helmpods] StatefulSet Spec (replicas: 1, init containers: 1, containers: 1, volumes: 4)
2025-01-30 18:29:56,293 INFO c.h.h.t.HelmChartContainer - [hivemq-test-hivemq-platform] [hivemq-platform-operator] [ac624283] 18:29:56.292 [ReconcilerExecutor-hivemq-controller-115] DEBUG c.h.p.o.h.HiveMQPlatformReconcilerErrorHandler - [helmpods] Pod 'test-hivemq-platform-0' phase Running
2025-01-30 18:29:56,388 INFO c.h.h.t.HelmChartContainer - [hivemq-test-hivemq-platform] [hivemq-platform-operator] [ac624283] 18:29:56.387 [ReconcilerExecutor-hivemq-controller-115] DEBUG c.h.p.operator.event.EventSender - [helmpods] Creating K8s event restart-extension-started: [RestartExtension] HiveMQ Platform is restarting extensions (hivemq-distributed-tracing-extension)
2025-01-30 18:29:56,392 INFO c.h.h.t.HelmChartContainer - [EVENT] Normal [RestartExtension] HiveMQ Platform is restarting extensions (hivemq-distributed-tracing-extension) [helmpodsecuritycontextupgradeextensionit:test-hivemq-platform]
2025-01-30 18:29:56,395 INFO c.h.h.t.HelmChartContainer - [hivemq-test-hivemq-platform] [hivemq-platform-operator] [ac624283] 18:29:56.392 [ReconcilerExecutor-hivemq-controller-115] INFO  c.h.p.o.h.AbstractHiveMQReconcilerStateHandler - [helmpods] Update HiveMQ Platform Status (RUNNING [READY] -> RESTART_EXTENSIONS [RESTART_EXTENSIONS]): HiveMQ Platform is restarting extensions (hivemq-distributed-tracing-extension)
2025-01-30 18:29:56,402 DEBUG com.hivemq.helmcharts.util.K8sUtil - Comparing actual state 'RESTART_EXTENSIONS' and waiting for 'RESTART_EXTENSIONS'
2025-01-30 18:29:56,407 DEBUG com.hivemq.helmcharts.util.K8sUtil - Comparing actual state 'RESTART_EXTENSIONS' and waiting for 'RUNNING'
2025-01-30 18:30:06,236 INFO c.h.h.t.HelmChartContainer - [test-hivemq-platform] [hivemq] [691f2556] INFO  - [HiveMQ Platform Operator Init App 1.7.0-SNAPSHOT] Returning Health API response 200 for liveness
2025-01-30 18:30:06,408 INFO c.h.h.t.HelmChartContainer - [hivemq-test-hivemq-platform] [hivemq-platform-operator] [ac624283] 18:30:06.407 [pool-6-thread-34] DEBUG c.h.p.o.d.PodServiceAccountResource - [helmpods] Desired PodServiceAccountResource (serviceAccountName: hivemq-platform-pod-test-hivemq-platform)
2025-01-30 18:30:06,410 INFO c.h.h.t.HelmChartContainer - [hivemq-test-hivemq-platform] [hivemq-platform-operator] [ac624283] 18:30:06.407 [pool-6-thread-33] DEBUG c.h.p.o.dependants.PodInfoConfigMap - [helmpods] Desired PodInfo ConfigMap (1 extensions) (1 enabled)
2025-01-30 18:30:06,410 INFO c.h.h.t.HelmChartContainer - [hivemq-test-hivemq-platform] [hivemq-platform-operator] [ac624283] 18:30:06.408 [pool-6-thread-39] DEBUG c.h.p.o.d.PlatformServiceResource - [helmpods] Desired Platform services (3 services)
2025-01-30 18:30:06,411 INFO c.h.h.t.HelmChartContainer - [hivemq-test-hivemq-platform] [hivemq-platform-operator] [ac624283] 18:30:06.409 [pool-6-thread-33] DEBUG c.h.p.o.dependants.PodInfoConfigMap - [helmpods] Desired PodInfo ConfigMap (metrics port: 9399) (metrics path: /)
2025-01-30 18:30:06,413 INFO c.h.h.t.HelmChartContainer - [hivemq-test-hivemq-platform] [hivemq-platform-operator] [ac624283] 18:30:06.410 [pool-6-thread-33] DEBUG c.h.p.o.dependants.PodInfoConfigMap - [helmpods] Desired PodInfo ConfigMap (extension state hash: -1793002758)
2025-01-30 18:30:06,413 INFO c.h.h.t.HelmChartContainer - [hivemq-test-hivemq-platform] [hivemq-platform-operator] [ac624283] 18:30:06.411 [pool-6-thread-33] DEBUG c.h.p.o.dependants.PodInfoConfigMap - [helmpods] Update PodInfo ConfigMap
2025-01-30 18:30:06,425 INFO c.h.h.t.HelmChartContainer - [hivemq-test-hivemq-platform] [hivemq-platform-operator] [ac624283] 18:30:06.425 [pool-6-thread-33] DEBUG c.h.p.o.d.StatefulSetResource - [helmpods] Desired StatefulSet (1 replicas) for status RESTART_EXTENSIONS (RESTART_EXTENSIONS)
2025-01-30 18:30:06,429 INFO c.h.h.t.HelmChartContainer - [hivemq-test-hivemq-platform] [hivemq-platform-operator] [ac624283] 18:30:06.428 [ReconcilerExecutor-hivemq-controller-116] INFO  c.h.p.o.HiveMQPlatformReconciler - [helmpods] Reconciling HiveMQ Platform 'test-hivemq-platform' in namespace 'helmpodsecuritycontextupgradeextensionit'
2025-01-30 18:30:06,430 INFO c.h.h.t.HelmChartContainer - [hivemq-test-hivemq-platform] [hivemq-platform-operator] [ac624283] 18:30:06.428 [ReconcilerExecutor-hivemq-controller-116] DEBUG c.h.p.o.HiveMQPlatformReconciler - [helmpods] Custom Resource Status RESTART_EXTENSIONS - HiveMQ Platform is restarting extensions (hivemq-distributed-tracing-extension) (RESTART_EXTENSIONS)
2025-01-30 18:30:06,431 INFO c.h.h.t.HelmChartContainer - [hivemq-test-hivemq-platform] [hivemq-platform-operator] [ac624283] 18:30:06.428 [ReconcilerExecutor-hivemq-controller-116] DEBUG c.h.p.o.HiveMQPlatformReconciler - [helmpods] Custom Resource Spec (replicas: 1) (extensions: 1)
2025-01-30 18:30:06,432 INFO c.h.h.t.HelmChartContainer - [hivemq-test-hivemq-platform] [hivemq-platform-operator] [ac624283] 18:30:06.430 [ReconcilerExecutor-hivemq-controller-116] DEBUG c.h.p.o.HiveMQPlatformReconciler - [helmpods] StatefulSet Status (revision: test-hivemq-platform-6778d7488d, replicas: 1, available: 1, ready: 1, current: 1, updated: 1)
2025-01-30 18:30:06,433 INFO c.h.h.t.HelmChartContainer - [hivemq-test-hivemq-platform] [hivemq-platform-operator] [ac624283] 18:30:06.430 [ReconcilerExecutor-hivemq-controller-116] DEBUG c.h.p.o.HiveMQPlatformReconciler - [helmpods] StatefulSet Spec (replicas: 1, init containers: 1, containers: 1, volumes: 4)
2025-01-30 18:30:06,493 INFO c.h.h.t.HelmChartContainer - [hivemq-test-hivemq-platform] [hivemq-platform-operator] [ac624283] 18:30:06.492 [ReconcilerExecutor-hivemq-controller-116] DEBUG c.h.p.o.h.HiveMQPlatformReconcilerErrorHandler - [helmpods] Pod 'test-hivemq-platform-0' phase Running
2025-01-30 18:30:06,502 INFO c.h.h.t.HelmChartContainer - [hivemq-test-hivemq-platform] [hivemq-platform-operator] [ac624283] 18:30:06.501 [ReconcilerExecutor-hivemq-controller-116] DEBUG c.h.p.o.h.HiveMQPlatformReconcilerRestartExtensionsHandler - [helmpods] Update extensions on Pod 'test-hivemq-platform-0'
2025-01-30 18:30:06,637 INFO c.h.h.t.HelmChartContainer - [test-hivemq-platform] [hivemq] [691f2556] INFO  - [HiveMQ Platform Operator Init App 1.7.0-SNAPSHOT] Updating HiveMQ Platform extensions: [hivemq-distributed-tracing-extension]
2025-01-30 18:30:06,690 INFO c.h.h.t.HelmChartContainer - [hivemq-test-hivemq-platform] [hivemq-platform-operator] [ac624283] 18:30:06.688 [vert.x-eventloop-thread-1] DEBUG c.h.platform.operator.util.PodUtil - Received status for command '[curl, -s, http://10.42.0.6:7979/updateExtension?hash=-1793002758&extensions=hivemq-distributed-tracing-extension]' on Pod 'test-hivemq-platform-0' (exit code: 0)
2025-01-30 18:30:07,639 INFO c.h.h.t.HelmChartContainer - [test-hivemq-platform] [hivemq] [691f2556] INFO  - [HiveMQ Platform Operator Init App 1.7.0-SNAPSHOT] Waiting for extension ConfigMap sync (expected hash: -1793002758) (current hash: -1657242373)
2025-01-30 18:30:07,695 INFO c.h.h.t.HelmChartContainer - [hivemq-test-hivemq-platform] [hivemq-platform-operator] [ac624283] 18:30:07.691 [pool-6-thread-49] DEBUG c.h.p.o.d.PlatformServiceResource - [helmpods] Desired Platform services (3 services)
2025-01-30 18:30:07,695 INFO c.h.h.t.HelmChartContainer - [hivemq-test-hivemq-platform] [hivemq-platform-operator] [ac624283] 18:30:07.692 [pool-6-thread-48] DEBUG c.h.p.o.dependants.PodInfoConfigMap - [helmpods] Desired PodInfo ConfigMap (1 extensions) (1 enabled)
2025-01-30 18:30:07,695 INFO c.h.h.t.HelmChartContainer - [hivemq-test-hivemq-platform] [hivemq-platform-operator] [ac624283] 18:30:07.694 [pool-6-thread-48] DEBUG c.h.p.o.dependants.PodInfoConfigMap - [helmpods] Desired PodInfo ConfigMap (metrics port: 9399) (metrics path: /)
2025-01-30 18:30:07,697 INFO c.h.h.t.HelmChartContainer - [hivemq-test-hivemq-platform] [hivemq-platform-operator] [ac624283] 18:30:07.696 [pool-6-thread-46] DEBUG c.h.p.o.d.PodServiceAccountResource - [helmpods] Desired PodServiceAccountResource (serviceAccountName: hivemq-platform-pod-test-hivemq-platform)
2025-01-30 18:30:07,699 INFO c.h.h.t.HelmChartContainer - [hivemq-test-hivemq-platform] [hivemq-platform-operator] [ac624283] 18:30:07.695 [pool-6-thread-48] DEBUG c.h.p.o.dependants.PodInfoConfigMap - [helmpods] Desired PodInfo ConfigMap (extension state hash: -1793002758)
2025-01-30 18:30:07,700 INFO c.h.h.t.HelmChartContainer - [hivemq-test-hivemq-platform] [hivemq-platform-operator] [ac624283] 18:30:07.699 [pool-6-thread-48] DEBUG c.h.p.o.d.StatefulSetResource - [helmpods] Desired StatefulSet (1 replicas) for status RESTART_EXTENSIONS (RESTART_EXTENSIONS)
2025-01-30 18:30:07,705 INFO c.h.h.t.HelmChartContainer - [hivemq-test-hivemq-platform] [hivemq-platform-operator] [ac624283] 18:30:07.703 [ReconcilerExecutor-hivemq-controller-117] INFO  c.h.p.o.HiveMQPlatformReconciler - [helmpods] Reconciling HiveMQ Platform 'test-hivemq-platform' in namespace 'helmpodsecuritycontextupgradeextensionit'
2025-01-30 18:30:07,705 INFO c.h.h.t.HelmChartContainer - [hivemq-test-hivemq-platform] [hivemq-platform-operator] [ac624283] 18:30:07.704 [ReconcilerExecutor-hivemq-controller-117] DEBUG c.h.p.o.HiveMQPlatformReconciler - [helmpods] Custom Resource Status RESTART_EXTENSIONS - HiveMQ Platform is restarting extensions (hivemq-distributed-tracing-extension) (RESTART_EXTENSIONS)
2025-01-30 18:30:07,705 INFO c.h.h.t.HelmChartContainer - [hivemq-test-hivemq-platform] [hivemq-platform-operator] [ac624283] 18:30:07.704 [ReconcilerExecutor-hivemq-controller-117] DEBUG c.h.p.o.HiveMQPlatformReconciler - [helmpods] Custom Resource Spec (replicas: 1) (extensions: 1)
2025-01-30 18:30:07,707 INFO c.h.h.t.HelmChartContainer - [hivemq-test-hivemq-platform] [hivemq-platform-operator] [ac624283] 18:30:07.706 [ReconcilerExecutor-hivemq-controller-117] DEBUG c.h.p.o.HiveMQPlatformReconciler - [helmpods] StatefulSet Status (revision: test-hivemq-platform-6778d7488d, replicas: 1, available: 1, ready: 1, current: 1, updated: 1)
2025-01-30 18:30:07,709 INFO c.h.h.t.HelmChartContainer - [hivemq-test-hivemq-platform] [hivemq-platform-operator] [ac624283] 18:30:07.706 [ReconcilerExecutor-hivemq-controller-117] DEBUG c.h.p.o.HiveMQPlatformReconciler - [helmpods] StatefulSet Spec (replicas: 1, init containers: 1, containers: 1, volumes: 4)
2025-01-30 18:30:07,709 INFO c.h.h.t.HelmChartContainer - [hivemq-test-hivemq-platform] [hivemq-platform-operator] [ac624283] 18:30:07.707 [ReconcilerExecutor-hivemq-controller-117] DEBUG c.h.p.o.h.HiveMQPlatformReconcilerErrorHandler - [helmpods] Pod 'test-hivemq-platform-0' phase Running
2025-01-30 18:30:07,810 INFO c.h.h.t.HelmChartContainer - [hivemq-test-hivemq-platform] [hivemq-platform-operator] [ac624283] 18:30:07.809 [ReconcilerExecutor-hivemq-controller-117] DEBUG c.h.p.operator.event.EventSender - [helmpods] Creating K8s event restart-extension-in-progress: [RestartExtension] HiveMQ Platform is waiting for extension restart (hivemq-distributed-tracing-extension)
2025-01-30 18:30:07,892 INFO c.h.h.t.HelmChartContainer - [EVENT] Normal [RestartExtension] HiveMQ Platform is waiting for extension restart (hivemq-distributed-tracing-extension) [helmpodsecuritycontextupgradeextensionit:test-hivemq-platform]
2025-01-30 18:30:07,893 INFO c.h.h.t.HelmChartContainer - [hivemq-test-hivemq-platform] [hivemq-platform-operator] [ac624283] 18:30:07.892 [ReconcilerExecutor-hivemq-controller-117] INFO  c.h.p.o.h.AbstractHiveMQReconcilerStateHandler - [helmpods] Update HiveMQ Platform Status (RESTART_EXTENSIONS [RESTART_EXTENSIONS] -> RESTART_EXTENSIONS [WAIT_FOR_EXTENSION_RESTART]): HiveMQ Platform is waiting for extension restart (hivemq-distributed-tracing-extension)
2025-01-30 18:30:07,901 DEBUG com.hivemq.helmcharts.util.K8sUtil - Comparing actual state 'RESTART_EXTENSIONS' and waiting for 'RUNNING'
2025-01-30 18:30:08,639 INFO c.h.h.t.HelmChartContainer - [test-hivemq-platform] [hivemq] [691f2556] INFO  - [HiveMQ Platform Operator Init App 1.7.0-SNAPSHOT] Waiting for extension ConfigMap sync (expected hash: -1793002758) (current hash: -1657242373)
2025-01-30 18:30:09,640 INFO c.h.h.t.HelmChartContainer - [test-hivemq-platform] [hivemq] [691f2556] INFO  - [HiveMQ Platform Operator Init App 1.7.0-SNAPSHOT] Waiting for extension ConfigMap sync (expected hash: -1793002758) (current hash: -1657242373)
2025-01-30 18:30:10,640 INFO c.h.h.t.HelmChartContainer - [test-hivemq-platform] [hivemq] [691f2556] INFO  - [HiveMQ Platform Operator Init App 1.7.0-SNAPSHOT] Waiting for extension ConfigMap sync (expected hash: -1793002758) (current hash: -1657242373)
2025-01-30 18:30:11,641 INFO c.h.h.t.HelmChartContainer - [test-hivemq-platform] [hivemq] [691f2556] INFO  - [HiveMQ Platform Operator Init App 1.7.0-SNAPSHOT] Waiting for extension ConfigMap sync (expected hash: -1793002758) (current hash: -1657242373)
2025-01-30 18:30:12,641 INFO c.h.h.t.HelmChartContainer - [test-hivemq-platform] [hivemq] [691f2556] INFO  - [HiveMQ Platform Operator Init App 1.7.0-SNAPSHOT] Waiting for extension ConfigMap sync (expected hash: -1793002758) (current hash: -1657242373)
2025-01-30 18:30:13,642 INFO c.h.h.t.HelmChartContainer - [test-hivemq-platform] [hivemq] [691f2556] INFO  - [HiveMQ Platform Operator Init App 1.7.0-SNAPSHOT] Waiting for extension ConfigMap sync (expected hash: -1793002758) (current hash: -1657242373)
2025-01-30 18:30:14,643 INFO c.h.h.t.HelmChartContainer - [test-hivemq-platform] [hivemq] [691f2556] INFO  - [HiveMQ Platform Operator Init App 1.7.0-SNAPSHOT] Waiting for extension ConfigMap sync (expected hash: -1793002758) (current hash: -1657242373)
2025-01-30 18:30:15,643 INFO c.h.h.t.HelmChartContainer - [test-hivemq-platform] [hivemq] [691f2556] INFO  - [HiveMQ Platform Operator Init App 1.7.0-SNAPSHOT] Waiting for extension ConfigMap sync (expected hash: -1793002758) (current hash: -1657242373)
2025-01-30 18:30:16,644 INFO c.h.h.t.HelmChartContainer - [test-hivemq-platform] [hivemq] [691f2556] INFO  - [HiveMQ Platform Operator Init App 1.7.0-SNAPSHOT] Waiting for extension ConfigMap sync (expected hash: -1793002758) (current hash: -1657242373)
2025-01-30 18:30:17,645 INFO c.h.h.t.HelmChartContainer - [test-hivemq-platform] [hivemq] [691f2556] INFO  - [HiveMQ Platform Operator Init App 1.7.0-SNAPSHOT] Waiting for extension ConfigMap sync (expected hash: -1793002758) (current hash: -1657242373)
2025-01-30 18:30:17,907 INFO c.h.h.t.HelmChartContainer - [hivemq-test-hivemq-platform] [hivemq-platform-operator] [ac624283] 18:30:17.905 [pool-6-thread-3] DEBUG c.h.p.o.dependants.PodInfoConfigMap - [helmpods] Desired PodInfo ConfigMap (1 extensions) (1 enabled)
2025-01-30 18:30:17,907 INFO c.h.h.t.HelmChartContainer - [hivemq-test-hivemq-platform] [hivemq-platform-operator] [ac624283] 18:30:17.905 [pool-6-thread-3] DEBUG c.h.p.o.dependants.PodInfoConfigMap - [helmpods] Desired PodInfo ConfigMap (metrics port: 9399) (metrics path: /)
2025-01-30 18:30:17,907 INFO c.h.h.t.HelmChartContainer - [hivemq-test-hivemq-platform] [hivemq-platform-operator] [ac624283] 18:30:17.905 [pool-6-thread-3] DEBUG c.h.p.o.dependants.PodInfoConfigMap - [helmpods] Desired PodInfo ConfigMap (extension state hash: -1793002758)
2025-01-30 18:30:17,908 INFO c.h.h.t.HelmChartContainer - [hivemq-test-hivemq-platform] [hivemq-platform-operator] [ac624283] 18:30:17.906 [pool-6-thread-5] DEBUG c.h.p.o.d.PodServiceAccountResource - [helmpods] Desired PodServiceAccountResource (serviceAccountName: hivemq-platform-pod-test-hivemq-platform)
2025-01-30 18:30:17,910 INFO c.h.h.t.HelmChartContainer - [hivemq-test-hivemq-platform] [hivemq-platform-operator] [ac624283] 18:30:17.907 [pool-6-thread-1] DEBUG c.h.p.o.d.PlatformServiceResource - [helmpods] Desired Platform services (3 services)
2025-01-30 18:30:17,913 INFO c.h.h.t.HelmChartContainer - [hivemq-test-hivemq-platform] [hivemq-platform-operator] [ac624283] 18:30:17.913 [pool-6-thread-1] DEBUG c.h.p.o.d.StatefulSetResource - [helmpods] Desired StatefulSet (1 replicas) for status RESTART_EXTENSIONS (WAIT_FOR_EXTENSION_RESTART)
2025-01-30 18:30:17,918 INFO c.h.h.t.HelmChartContainer - [hivemq-test-hivemq-platform] [hivemq-platform-operator] [ac624283] 18:30:17.916 [ReconcilerExecutor-hivemq-controller-118] INFO  c.h.p.o.HiveMQPlatformReconciler - [helmpods] Reconciling HiveMQ Platform 'test-hivemq-platform' in namespace 'helmpodsecuritycontextupgradeextensionit'
2025-01-30 18:30:17,918 INFO c.h.h.t.HelmChartContainer - [hivemq-test-hivemq-platform] [hivemq-platform-operator] [ac624283] 18:30:17.916 [ReconcilerExecutor-hivemq-controller-118] DEBUG c.h.p.o.HiveMQPlatformReconciler - [helmpods] Custom Resource Status RESTART_EXTENSIONS - HiveMQ Platform is waiting for extension restart (hivemq-distributed-tracing-extension) (WAIT_FOR_EXTENSION_RESTART)
2025-01-30 18:30:17,918 INFO c.h.h.t.HelmChartContainer - [hivemq-test-hivemq-platform] [hivemq-platform-operator] [ac624283] 18:30:17.916 [ReconcilerExecutor-hivemq-controller-118] DEBUG c.h.p.o.HiveMQPlatformReconciler - [helmpods] Custom Resource Spec (replicas: 1) (extensions: 1)
2025-01-30 18:30:17,921 INFO c.h.h.t.HelmChartContainer - [hivemq-test-hivemq-platform] [hivemq-platform-operator] [ac624283] 18:30:17.920 [ReconcilerExecutor-hivemq-controller-118] DEBUG c.h.p.o.HiveMQPlatformReconciler - [helmpods] StatefulSet Status (revision: test-hivemq-platform-6778d7488d, replicas: 1, available: 1, ready: 1, current: 1, updated: 1)
2025-01-30 18:30:17,921 INFO c.h.h.t.HelmChartContainer - [hivemq-test-hivemq-platform] [hivemq-platform-operator] [ac624283] 18:30:17.920 [ReconcilerExecutor-hivemq-controller-118] DEBUG c.h.p.o.HiveMQPlatformReconciler - [helmpods] StatefulSet Spec (replicas: 1, init containers: 1, containers: 1, volumes: 4)
2025-01-30 18:30:17,922 INFO c.h.h.t.HelmChartContainer - [hivemq-test-hivemq-platform] [hivemq-platform-operator] [ac624283] 18:30:17.921 [ReconcilerExecutor-hivemq-controller-118] DEBUG c.h.p.o.h.HiveMQPlatformReconcilerErrorHandler - [helmpods] Pod 'test-hivemq-platform-0' phase Running
2025-01-30 18:30:17,994 INFO c.h.h.t.HelmChartContainer - [hivemq-test-hivemq-platform] [hivemq-platform-operator] [ac624283] 18:30:17.993 [ReconcilerExecutor-hivemq-controller-118] DEBUG c.h.p.o.h.HiveMQPlatformReconcilerRestartExtensionsHandler - [helmpods] Checking update extension status on Pod 'test-hivemq-platform-0'
2025-01-30 18:30:18,040 INFO c.h.h.t.HelmChartContainer - [test-hivemq-platform] [hivemq] [691f2556] INFO  - [HiveMQ Platform Operator Init App 1.7.0-SNAPSHOT] Extension update is pending (0 errors)
2025-01-30 18:30:18,088 INFO c.h.h.t.HelmChartContainer - [hivemq-test-hivemq-platform] [hivemq-platform-operator] [ac624283] 18:30:18.087 [vert.x-eventloop-thread-1] DEBUG c.h.platform.operator.util.PodUtil - Received status for command '[curl, -s, http://10.42.0.6:7979/updateExtensionStatus]' on Pod 'test-hivemq-platform-0' (exit code: 0)
2025-01-30 18:30:18,645 INFO c.h.h.t.HelmChartContainer - [test-hivemq-platform] [hivemq] [691f2556] INFO  - [HiveMQ Platform Operator Init App 1.7.0-SNAPSHOT] Waiting for extension ConfigMap sync (expected hash: -1793002758) (current hash: -1657242373)
2025-01-30 18:30:19,094 INFO c.h.h.t.HelmChartContainer - [hivemq-test-hivemq-platform] [hivemq-platform-operator] [ac624283] 18:30:19.091 [pool-6-thread-16] DEBUG c.h.p.o.d.PlatformServiceResource - [helmpods] Desired Platform services (3 services)
2025-01-30 18:30:19,094 INFO c.h.h.t.HelmChartContainer - [hivemq-test-hivemq-platform] [hivemq-platform-operator] [ac624283] 18:30:19.091 [pool-6-thread-17] DEBUG c.h.p.o.d.PodServiceAccountResource - [helmpods] Desired PodServiceAccountResource (serviceAccountName: hivemq-platform-pod-test-hivemq-platform)
2025-01-30 18:30:19,094 INFO c.h.h.t.HelmChartContainer - [hivemq-test-hivemq-platform] [hivemq-platform-operator] [ac624283] 18:30:19.091 [pool-6-thread-12] DEBUG c.h.p.o.dependants.PodInfoConfigMap - [helmpods] Desired PodInfo ConfigMap (1 extensions) (1 enabled)
2025-01-30 18:30:19,094 INFO c.h.h.t.HelmChartContainer - [hivemq-test-hivemq-platform] [hivemq-platform-operator] [ac624283] 18:30:19.091 [pool-6-thread-12] DEBUG c.h.p.o.dependants.PodInfoConfigMap - [helmpods] Desired PodInfo ConfigMap (metrics port: 9399) (metrics path: /)
2025-01-30 18:30:19,094 INFO c.h.h.t.HelmChartContainer - [hivemq-test-hivemq-platform] [hivemq-platform-operator] [ac624283] 18:30:19.091 [pool-6-thread-12] DEBUG c.h.p.o.dependants.PodInfoConfigMap - [helmpods] Desired PodInfo ConfigMap (extension state hash: -1793002758)
2025-01-30 18:30:19,097 INFO c.h.h.t.HelmChartContainer - [hivemq-test-hivemq-platform] [hivemq-platform-operator] [ac624283] 18:30:19.096 [pool-6-thread-16] DEBUG c.h.p.o.d.StatefulSetResource - [helmpods] Desired StatefulSet (1 replicas) for status RESTART_EXTENSIONS (WAIT_FOR_EXTENSION_RESTART)
2025-01-30 18:30:19,101 INFO c.h.h.t.HelmChartContainer - [hivemq-test-hivemq-platform] [hivemq-platform-operator] [ac624283] 18:30:19.100 [ReconcilerExecutor-hivemq-controller-119] INFO  c.h.p.o.HiveMQPlatformReconciler - [helmpods] Reconciling HiveMQ Platform 'test-hivemq-platform' in namespace 'helmpodsecuritycontextupgradeextensionit'
2025-01-30 18:30:19,101 INFO c.h.h.t.HelmChartContainer - [hivemq-test-hivemq-platform] [hivemq-platform-operator] [ac624283] 18:30:19.100 [ReconcilerExecutor-hivemq-controller-119] DEBUG c.h.p.o.HiveMQPlatformReconciler - [helmpods] Custom Resource Status RESTART_EXTENSIONS - HiveMQ Platform is waiting for extension restart (hivemq-distributed-tracing-extension) (WAIT_FOR_EXTENSION_RESTART)
2025-01-30 18:30:19,101 INFO c.h.h.t.HelmChartContainer - [hivemq-test-hivemq-platform] [hivemq-platform-operator] [ac624283] 18:30:19.100 [ReconcilerExecutor-hivemq-controller-119] DEBUG c.h.p.o.HiveMQPlatformReconciler - [helmpods] Custom Resource Spec (replicas: 1) (extensions: 1)
2025-01-30 18:30:19,103 INFO c.h.h.t.HelmChartContainer - [hivemq-test-hivemq-platform] [hivemq-platform-operator] [ac624283] 18:30:19.102 [ReconcilerExecutor-hivemq-controller-119] DEBUG c.h.p.o.HiveMQPlatformReconciler - [helmpods] StatefulSet Status (revision: test-hivemq-platform-6778d7488d, replicas: 1, available: 1, ready: 1, current: 1, updated: 1)
2025-01-30 18:30:19,103 INFO c.h.h.t.HelmChartContainer - [hivemq-test-hivemq-platform] [hivemq-platform-operator] [ac624283] 18:30:19.102 [ReconcilerExecutor-hivemq-controller-119] DEBUG c.h.p.o.HiveMQPlatformReconciler - [helmpods] StatefulSet Spec (replicas: 1, init containers: 1, containers: 1, volumes: 4)
2025-01-30 18:30:19,104 INFO c.h.h.t.HelmChartContainer - [hivemq-test-hivemq-platform] [hivemq-platform-operator] [ac624283] 18:30:19.103 [ReconcilerExecutor-hivemq-controller-119] DEBUG c.h.p.o.h.HiveMQPlatformReconcilerErrorHandler - [helmpods] Pod 'test-hivemq-platform-0' phase Running
2025-01-30 18:30:19,106 INFO c.h.h.t.HelmChartContainer - [hivemq-test-hivemq-platform] [hivemq-platform-operator] [ac624283] 18:30:19.105 [ReconcilerExecutor-hivemq-controller-119] INFO  c.h.p.o.h.HiveMQPlatformReconcilerRestartExtensionsHandler - [helmpods] Extension update on Pod 'test-hivemq-platform-0' is still pending
2025-01-30 18:30:19,645 INFO c.h.h.t.HelmChartContainer - [test-hivemq-platform] [hivemq] [691f2556] INFO  - [HiveMQ Platform Operator Init App 1.7.0-SNAPSHOT] Waiting for extension ConfigMap sync (expected hash: -1793002758) (current hash: -1657242373)
2025-01-30 18:30:20,646 INFO c.h.h.t.HelmChartContainer - [test-hivemq-platform] [hivemq] [691f2556] INFO  - [HiveMQ Platform Operator Init App 1.7.0-SNAPSHOT] Waiting for extension ConfigMap sync (expected hash: -1793002758) (current hash: -1657242373)
2025-01-30 18:30:21,646 INFO c.h.h.t.HelmChartContainer - [test-hivemq-platform] [hivemq] [691f2556] INFO  - [HiveMQ Platform Operator Init App 1.7.0-SNAPSHOT] Waiting for extension ConfigMap sync (expected hash: -1793002758) (current hash: -1657242373)
2025-01-30 18:30:22,647 INFO c.h.h.t.HelmChartContainer - [test-hivemq-platform] [hivemq] [691f2556] INFO  - [HiveMQ Platform Operator Init App 1.7.0-SNAPSHOT] Waiting for extension ConfigMap sync (expected hash: -1793002758) (current hash: -1657242373)
2025-01-30 18:30:23,647 INFO c.h.h.t.HelmChartContainer - [test-hivemq-platform] [hivemq] [691f2556] INFO  - [HiveMQ Platform Operator Init App 1.7.0-SNAPSHOT] Waiting for extension ConfigMap sync (expected hash: -1793002758) (current hash: -1657242373)
2025-01-30 18:30:24,648 INFO c.h.h.t.HelmChartContainer - [test-hivemq-platform] [hivemq] [691f2556] INFO  - [HiveMQ Platform Operator Init App 1.7.0-SNAPSHOT] Waiting for extension ConfigMap sync (expected hash: -1793002758) (current hash: -1657242373)
2025-01-30 18:30:25,648 INFO c.h.h.t.HelmChartContainer - [test-hivemq-platform] [hivemq] [691f2556] INFO  - [HiveMQ Platform Operator Init App 1.7.0-SNAPSHOT] Waiting for extension ConfigMap sync (expected hash: -1793002758) (current hash: -1657242373)
2025-01-30 18:30:26,649 INFO c.h.h.t.HelmChartContainer - [test-hivemq-platform] [hivemq] [691f2556] INFO  - [HiveMQ Platform Operator Init App 1.7.0-SNAPSHOT] Waiting for extension ConfigMap sync (expected hash: -1793002758) (current hash: -1657242373)
2025-01-30 18:30:27,649 INFO c.h.h.t.HelmChartContainer - [test-hivemq-platform] [hivemq] [691f2556] INFO  - [HiveMQ Platform Operator Init App 1.7.0-SNAPSHOT] Waiting for extension ConfigMap sync (expected hash: -1793002758) (current hash: -1657242373)
2025-01-30 18:30:28,650 INFO c.h.h.t.HelmChartContainer - [test-hivemq-platform] [hivemq] [691f2556] INFO  - [HiveMQ Platform Operator Init App 1.7.0-SNAPSHOT] Waiting for extension ConfigMap sync (expected hash: -1793002758) (current hash: -1657242373)
2025-01-30 18:30:29,111 INFO c.h.h.t.HelmChartContainer - [hivemq-test-hivemq-platform] [hivemq-platform-operator] [ac624283] 18:30:29.108 [pool-6-thread-28] DEBUG c.h.p.o.d.PlatformServiceResource - [helmpods] Desired Platform services (3 services)
2025-01-30 18:30:29,111 INFO c.h.h.t.HelmChartContainer - [hivemq-test-hivemq-platform] [hivemq-platform-operator] [ac624283] 18:30:29.109 [pool-6-thread-29] DEBUG c.h.p.o.d.PodServiceAccountResource - [helmpods] Desired PodServiceAccountResource (serviceAccountName: hivemq-platform-pod-test-hivemq-platform)
2025-01-30 18:30:29,111 INFO c.h.h.t.HelmChartContainer - [hivemq-test-hivemq-platform] [hivemq-platform-operator] [ac624283] 18:30:29.109 [pool-6-thread-25] DEBUG c.h.p.o.dependants.PodInfoConfigMap - [helmpods] Desired PodInfo ConfigMap (1 extensions) (1 enabled)
2025-01-30 18:30:29,111 INFO c.h.h.t.HelmChartContainer - [hivemq-test-hivemq-platform] [hivemq-platform-operator] [ac624283] 18:30:29.109 [pool-6-thread-25] DEBUG c.h.p.o.dependants.PodInfoConfigMap - [helmpods] Desired PodInfo ConfigMap (metrics port: 9399) (metrics path: /)
2025-01-30 18:30:29,111 INFO c.h.h.t.HelmChartContainer - [hivemq-test-hivemq-platform] [hivemq-platform-operator] [ac624283] 18:30:29.109 [pool-6-thread-25] DEBUG c.h.p.o.dependants.PodInfoConfigMap - [helmpods] Desired PodInfo ConfigMap (extension state hash: -1793002758)
2025-01-30 18:30:29,114 INFO c.h.h.t.HelmChartContainer - [hivemq-test-hivemq-platform] [hivemq-platform-operator] [ac624283] 18:30:29.113 [pool-6-thread-28] DEBUG c.h.p.o.d.StatefulSetResource - [helmpods] Desired StatefulSet (1 replicas) for status RESTART_EXTENSIONS (WAIT_FOR_EXTENSION_RESTART)
2025-01-30 18:30:29,118 INFO c.h.h.t.HelmChartContainer - [hivemq-test-hivemq-platform] [hivemq-platform-operator] [ac624283] 18:30:29.117 [ReconcilerExecutor-hivemq-controller-120] INFO  c.h.p.o.HiveMQPlatformReconciler - [helmpods] Reconciling HiveMQ Platform 'test-hivemq-platform' in namespace 'helmpodsecuritycontextupgradeextensionit'
2025-01-30 18:30:29,118 INFO c.h.h.t.HelmChartContainer - [hivemq-test-hivemq-platform] [hivemq-platform-operator] [ac624283] 18:30:29.117 [ReconcilerExecutor-hivemq-controller-120] DEBUG c.h.p.o.HiveMQPlatformReconciler - [helmpods] Custom Resource Status RESTART_EXTENSIONS - HiveMQ Platform is waiting for extension restart (hivemq-distributed-tracing-extension) (WAIT_FOR_EXTENSION_RESTART)
2025-01-30 18:30:29,118 INFO c.h.h.t.HelmChartContainer - [hivemq-test-hivemq-platform] [hivemq-platform-operator] [ac624283] 18:30:29.117 [ReconcilerExecutor-hivemq-controller-120] DEBUG c.h.p.o.HiveMQPlatformReconciler - [helmpods] Custom Resource Spec (replicas: 1) (extensions: 1)
2025-01-30 18:30:29,119 INFO c.h.h.t.HelmChartContainer - [hivemq-test-hivemq-platform] [hivemq-platform-operator] [ac624283] 18:30:29.119 [ReconcilerExecutor-hivemq-controller-120] DEBUG c.h.p.o.HiveMQPlatformReconciler - [helmpods] StatefulSet Status (revision: test-hivemq-platform-6778d7488d, replicas: 1, available: 1, ready: 1, current: 1, updated: 1)
2025-01-30 18:30:29,120 INFO c.h.h.t.HelmChartContainer - [hivemq-test-hivemq-platform] [hivemq-platform-operator] [ac624283] 18:30:29.119 [ReconcilerExecutor-hivemq-controller-120] DEBUG c.h.p.o.HiveMQPlatformReconciler - [helmpods] StatefulSet Spec (replicas: 1, init containers: 1, containers: 1, volumes: 4)
2025-01-30 18:30:29,121 INFO c.h.h.t.HelmChartContainer - [hivemq-test-hivemq-platform] [hivemq-platform-operator] [ac624283] 18:30:29.120 [ReconcilerExecutor-hivemq-controller-120] DEBUG c.h.p.o.h.HiveMQPlatformReconcilerErrorHandler - [helmpods] Pod 'test-hivemq-platform-0' phase Running
2025-01-30 18:30:29,128 INFO c.h.h.t.HelmChartContainer - [hivemq-test-hivemq-platform] [hivemq-platform-operator] [ac624283] 18:30:29.126 [ReconcilerExecutor-hivemq-controller-120] DEBUG c.h.p.o.h.HiveMQPlatformReconcilerRestartExtensionsHandler - [helmpods] Checking update extension status on Pod 'test-hivemq-platform-0'
2025-01-30 18:30:29,253 INFO c.h.h.t.HelmChartContainer - [test-hivemq-platform] [hivemq] [691f2556] INFO  - [HiveMQ Platform Operator Init App 1.7.0-SNAPSHOT] Extension update is pending (0 errors)
2025-01-30 18:30:29,257 INFO c.h.h.t.HelmChartContainer - [hivemq-test-hivemq-platform] [hivemq-platform-operator] [ac624283] 18:30:29.256 [vert.x-eventloop-thread-0] DEBUG c.h.platform.operator.util.PodUtil - Received status for command '[curl, -s, http://10.42.0.6:7979/updateExtensionStatus]' on Pod 'test-hivemq-platform-0' (exit code: 0)
2025-01-30 18:30:29,650 INFO c.h.h.t.HelmChartContainer - [test-hivemq-platform] [hivemq] [691f2556] INFO  - [HiveMQ Platform Operator Init App 1.7.0-SNAPSHOT] Waiting for extension ConfigMap sync (expected hash: -1793002758) (current hash: -1657242373)
2025-01-30 18:30:30,213 INFO c.h.h.t.HelmChartContainer - [hivemq-test-hivemq-platform] [hivemq-platform-operator] [ac624283] 18:30:30.210 [pool-6-thread-38] DEBUG c.h.p.o.d.PlatformServiceResource - [helmpods] Desired Platform services (3 services)
2025-01-30 18:30:30,213 INFO c.h.h.t.HelmChartContainer - [hivemq-test-hivemq-platform] [hivemq-platform-operator] [ac624283] 18:30:30.210 [pool-6-thread-36] DEBUG c.h.p.o.dependants.PodInfoConfigMap - [helmpods] Desired PodInfo ConfigMap (1 extensions) (1 enabled)
2025-01-30 18:30:30,213 INFO c.h.h.t.HelmChartContainer - [hivemq-test-hivemq-platform] [hivemq-platform-operator] [ac624283] 18:30:30.210 [pool-6-thread-36] DEBUG c.h.p.o.dependants.PodInfoConfigMap - [helmpods] Desired PodInfo ConfigMap (metrics port: 9399) (metrics path: /)
2025-01-30 18:30:30,213 INFO c.h.h.t.HelmChartContainer - [hivemq-test-hivemq-platform] [hivemq-platform-operator] [ac624283] 18:30:30.210 [pool-6-thread-31] DEBUG c.h.p.o.d.PodServiceAccountResource - [helmpods] Desired PodServiceAccountResource (serviceAccountName: hivemq-platform-pod-test-hivemq-platform)
2025-01-30 18:30:30,213 INFO c.h.h.t.HelmChartContainer - [hivemq-test-hivemq-platform] [hivemq-platform-operator] [ac624283] 18:30:30.210 [pool-6-thread-36] DEBUG c.h.p.o.dependants.PodInfoConfigMap - [helmpods] Desired PodInfo ConfigMap (extension state hash: -1793002758)
2025-01-30 18:30:30,215 INFO c.h.h.t.HelmChartContainer - [hivemq-test-hivemq-platform] [hivemq-platform-operator] [ac624283] 18:30:30.215 [pool-6-thread-38] DEBUG c.h.p.o.d.StatefulSetResource - [helmpods] Desired StatefulSet (1 replicas) for status RESTART_EXTENSIONS (WAIT_FOR_EXTENSION_RESTART)
2025-01-30 18:30:30,219 INFO c.h.h.t.HelmChartContainer - [hivemq-test-hivemq-platform] [hivemq-platform-operator] [ac624283] 18:30:30.218 [ReconcilerExecutor-hivemq-controller-121] INFO  c.h.p.o.HiveMQPlatformReconciler - [helmpods] Reconciling HiveMQ Platform 'test-hivemq-platform' in namespace 'helmpodsecuritycontextupgradeextensionit'
2025-01-30 18:30:30,219 INFO c.h.h.t.HelmChartContainer - [hivemq-test-hivemq-platform] [hivemq-platform-operator] [ac624283] 18:30:30.218 [ReconcilerExecutor-hivemq-controller-121] DEBUG c.h.p.o.HiveMQPlatformReconciler - [helmpods] Custom Resource Status RESTART_EXTENSIONS - HiveMQ Platform is waiting for extension restart (hivemq-distributed-tracing-extension) (WAIT_FOR_EXTENSION_RESTART)
2025-01-30 18:30:30,219 INFO c.h.h.t.HelmChartContainer - [hivemq-test-hivemq-platform] [hivemq-platform-operator] [ac624283] 18:30:30.218 [ReconcilerExecutor-hivemq-controller-121] DEBUG c.h.p.o.HiveMQPlatformReconciler - [helmpods] Custom Resource Spec (replicas: 1) (extensions: 1)
2025-01-30 18:30:30,220 INFO c.h.h.t.HelmChartContainer - [hivemq-test-hivemq-platform] [hivemq-platform-operator] [ac624283] 18:30:30.219 [ReconcilerExecutor-hivemq-controller-121] DEBUG c.h.p.o.HiveMQPlatformReconciler - [helmpods] StatefulSet Status (revision: test-hivemq-platform-6778d7488d, replicas: 1, available: 1, ready: 1, current: 1, updated: 1)
2025-01-30 18:30:30,220 INFO c.h.h.t.HelmChartContainer - [hivemq-test-hivemq-platform] [hivemq-platform-operator] [ac624283] 18:30:30.219 [ReconcilerExecutor-hivemq-controller-121] DEBUG c.h.p.o.HiveMQPlatformReconciler - [helmpods] StatefulSet Spec (replicas: 1, init containers: 1, containers: 1, volumes: 4)
2025-01-30 18:30:30,221 INFO c.h.h.t.HelmChartContainer - [hivemq-test-hivemq-platform] [hivemq-platform-operator] [ac624283] 18:30:30.220 [ReconcilerExecutor-hivemq-controller-121] DEBUG c.h.p.o.h.HiveMQPlatformReconcilerErrorHandler - [helmpods] Pod 'test-hivemq-platform-0' phase Running
2025-01-30 18:30:30,222 INFO c.h.h.t.HelmChartContainer - [hivemq-test-hivemq-platform] [hivemq-platform-operator] [ac624283] 18:30:30.221 [ReconcilerExecutor-hivemq-controller-121] INFO  c.h.p.o.h.HiveMQPlatformReconcilerRestartExtensionsHandler - [helmpods] Extension update on Pod 'test-hivemq-platform-0' is still pending
2025-01-30 18:30:30,651 INFO c.h.h.t.HelmChartContainer - [test-hivemq-platform] [hivemq] [691f2556] INFO  - [HiveMQ Platform Operator Init App 1.7.0-SNAPSHOT] Waiting for extension ConfigMap sync (expected hash: -1793002758) (current hash: -1657242373)
2025-01-30 18:30:31,651 INFO c.h.h.t.HelmChartContainer - [test-hivemq-platform] [hivemq] [691f2556] INFO  - [HiveMQ Platform Operator Init App 1.7.0-SNAPSHOT] Waiting for extension ConfigMap sync (expected hash: -1793002758) (current hash: -1657242373)
2025-01-30 18:30:32,652 INFO c.h.h.t.HelmChartContainer - [test-hivemq-platform] [hivemq] [691f2556] INFO  - [HiveMQ Platform Operator Init App 1.7.0-SNAPSHOT] Waiting for extension ConfigMap sync (expected hash: -1793002758) (current hash: -1657242373)
2025-01-30 18:30:33,652 INFO c.h.h.t.HelmChartContainer - [test-hivemq-platform] [hivemq] [691f2556] INFO  - [HiveMQ Platform Operator Init App 1.7.0-SNAPSHOT] Waiting for extension ConfigMap sync (expected hash: -1793002758) (current hash: -1657242373)
2025-01-30 18:30:34,653 INFO c.h.h.t.HelmChartContainer - [test-hivemq-platform] [hivemq] [691f2556] INFO  - [HiveMQ Platform Operator Init App 1.7.0-SNAPSHOT] Waiting for extension ConfigMap sync (expected hash: -1793002758) (current hash: -1657242373)
2025-01-30 18:30:35,653 INFO c.h.h.t.HelmChartContainer - [test-hivemq-platform] [hivemq] [691f2556] INFO  - [HiveMQ Platform Operator Init App 1.7.0-SNAPSHOT] Waiting for extension ConfigMap sync (expected hash: -1793002758) (current hash: -1657242373)
2025-01-30 18:30:36,654 INFO c.h.h.t.HelmChartContainer - [test-hivemq-platform] [hivemq] [691f2556] INFO  - [HiveMQ Platform Operator Init App 1.7.0-SNAPSHOT] Waiting for extension ConfigMap sync (expected hash: -1793002758) (current hash: -1657242373)
2025-01-30 18:30:37,654 INFO c.h.h.t.HelmChartContainer - [test-hivemq-platform] [hivemq] [691f2556] INFO  - [HiveMQ Platform Operator Init App 1.7.0-SNAPSHOT] Waiting for extension ConfigMap sync (expected hash: -1793002758) (current hash: -1657242373)
2025-01-30 18:30:38,655 INFO c.h.h.t.HelmChartContainer - [test-hivemq-platform] [hivemq] [691f2556] INFO  - [HiveMQ Platform Operator Init App 1.7.0-SNAPSHOT] Waiting for extension ConfigMap sync (expected hash: -1793002758) (current hash: -1657242373)
2025-01-30 18:30:39,655 INFO c.h.h.t.HelmChartContainer - [test-hivemq-platform] [hivemq] [691f2556] INFO  - [HiveMQ Platform Operator Init App 1.7.0-SNAPSHOT] Waiting for extension ConfigMap sync (expected hash: -1793002758) (current hash: -1657242373)
2025-01-30 18:30:40,227 INFO c.h.h.t.HelmChartContainer - [hivemq-test-hivemq-platform] [hivemq-platform-operator] [ac624283] 18:30:40.224 [pool-6-thread-41] DEBUG c.h.p.o.d.PlatformServiceResource - [helmpods] Desired Platform services (3 services)
2025-01-30 18:30:40,227 INFO c.h.h.t.HelmChartContainer - [hivemq-test-hivemq-platform] [hivemq-platform-operator] [ac624283] 18:30:40.224 [pool-6-thread-49] DEBUG c.h.p.o.d.PodServiceAccountResource - [helmpods] Desired PodServiceAccountResource (serviceAccountName: hivemq-platform-pod-test-hivemq-platform)
2025-01-30 18:30:40,227 INFO c.h.h.t.HelmChartContainer - [hivemq-test-hivemq-platform] [hivemq-platform-operator] [ac624283] 18:30:40.225 [pool-6-thread-46] DEBUG c.h.p.o.dependants.PodInfoConfigMap - [helmpods] Desired PodInfo ConfigMap (1 extensions) (1 enabled)
2025-01-30 18:30:40,227 INFO c.h.h.t.HelmChartContainer - [hivemq-test-hivemq-platform] [hivemq-platform-operator] [ac624283] 18:30:40.225 [pool-6-thread-46] DEBUG c.h.p.o.dependants.PodInfoConfigMap - [helmpods] Desired PodInfo ConfigMap (metrics port: 9399) (metrics path: /)
2025-01-30 18:30:40,227 INFO c.h.h.t.HelmChartContainer - [hivemq-test-hivemq-platform] [hivemq-platform-operator] [ac624283] 18:30:40.225 [pool-6-thread-46] DEBUG c.h.p.o.dependants.PodInfoConfigMap - [helmpods] Desired PodInfo ConfigMap (extension state hash: -1793002758)
2025-01-30 18:30:40,233 INFO c.h.h.t.HelmChartContainer - [hivemq-test-hivemq-platform] [hivemq-platform-operator] [ac624283] 18:30:40.229 [pool-6-thread-41] DEBUG c.h.p.o.d.StatefulSetResource - [helmpods] Desired StatefulSet (1 replicas) for status RESTART_EXTENSIONS (WAIT_FOR_EXTENSION_RESTART)
2025-01-30 18:30:40,236 INFO c.h.h.t.HelmChartContainer - [hivemq-test-hivemq-platform] [hivemq-platform-operator] [ac624283] 18:30:40.233 [ReconcilerExecutor-hivemq-controller-122] INFO  c.h.p.o.HiveMQPlatformReconciler - [helmpods] Reconciling HiveMQ Platform 'test-hivemq-platform' in namespace 'helmpodsecuritycontextupgradeextensionit'
2025-01-30 18:30:40,236 INFO c.h.h.t.HelmChartContainer - [hivemq-test-hivemq-platform] [hivemq-platform-operator] [ac624283] 18:30:40.233 [ReconcilerExecutor-hivemq-controller-122] DEBUG c.h.p.o.HiveMQPlatformReconciler - [helmpods] Custom Resource Status RESTART_EXTENSIONS - HiveMQ Platform is waiting for extension restart (hivemq-distributed-tracing-extension) (WAIT_FOR_EXTENSION_RESTART)
2025-01-30 18:30:40,236 INFO c.h.h.t.HelmChartContainer - [hivemq-test-hivemq-platform] [hivemq-platform-operator] [ac624283] 18:30:40.233 [ReconcilerExecutor-hivemq-controller-122] DEBUG c.h.p.o.HiveMQPlatformReconciler - [helmpods] Custom Resource Spec (replicas: 1) (extensions: 1)
2025-01-30 18:30:40,237 INFO c.h.h.t.HelmChartContainer - [hivemq-test-hivemq-platform] [hivemq-platform-operator] [ac624283] 18:30:40.235 [ReconcilerExecutor-hivemq-controller-122] DEBUG c.h.p.o.HiveMQPlatformReconciler - [helmpods] StatefulSet Status (revision: test-hivemq-platform-6778d7488d, replicas: 1, available: 1, ready: 1, current: 1, updated: 1)
2025-01-30 18:30:40,237 INFO c.h.h.t.HelmChartContainer - [hivemq-test-hivemq-platform] [hivemq-platform-operator] [ac624283] 18:30:40.235 [ReconcilerExecutor-hivemq-controller-122] DEBUG c.h.p.o.HiveMQPlatformReconciler - [helmpods] StatefulSet Spec (replicas: 1, init containers: 1, containers: 1, volumes: 4)
2025-01-30 18:30:40,238 INFO c.h.h.t.HelmChartContainer - [hivemq-test-hivemq-platform] [hivemq-platform-operator] [ac624283] 18:30:40.236 [ReconcilerExecutor-hivemq-controller-122] DEBUG c.h.p.o.h.HiveMQPlatformReconcilerErrorHandler - [helmpods] Pod 'test-hivemq-platform-0' phase Running
2025-01-30 18:30:40,243 INFO c.h.h.t.HelmChartContainer - [hivemq-test-hivemq-platform] [hivemq-platform-operator] [ac624283] 18:30:40.243 [ReconcilerExecutor-hivemq-controller-122] DEBUG c.h.p.o.h.HiveMQPlatformReconcilerRestartExtensionsHandler - [helmpods] Checking update extension status on Pod 'test-hivemq-platform-0'
2025-01-30 18:30:40,348 INFO c.h.h.t.HelmChartContainer - [test-hivemq-platform] [hivemq] [691f2556] INFO  - [HiveMQ Platform Operator Init App 1.7.0-SNAPSHOT] Extension update is pending (0 errors)
2025-01-30 18:30:40,389 INFO c.h.h.t.HelmChartContainer - [hivemq-test-hivemq-platform] [hivemq-platform-operator] [ac624283] 18:30:40.388 [vert.x-eventloop-thread-1] DEBUG c.h.platform.operator.util.PodUtil - Received status for command '[curl, -s, http://10.42.0.6:7979/updateExtensionStatus]' on Pod 'test-hivemq-platform-0' (exit code: 0)
2025-01-30 18:30:40,656 INFO c.h.h.t.HelmChartContainer - [test-hivemq-platform] [hivemq] [691f2556] INFO  - [HiveMQ Platform Operator Init App 1.7.0-SNAPSHOT] Waiting for extension ConfigMap sync (expected hash: -1793002758) (current hash: -1657242373)
2025-01-30 18:30:41,315 INFO c.h.h.t.HelmChartContainer - [hivemq-test-hivemq-platform] [hivemq-platform-operator] [ac624283] 18:30:41.312 [pool-6-thread-6] DEBUG c.h.p.o.d.PlatformServiceResource - [helmpods] Desired Platform services (3 services)
2025-01-30 18:30:41,315 INFO c.h.h.t.HelmChartContainer - [hivemq-test-hivemq-platform] [hivemq-platform-operator] [ac624283] 18:30:41.312 [pool-6-thread-4] DEBUG c.h.p.o.dependants.PodInfoConfigMap - [helmpods] Desired PodInfo ConfigMap (1 extensions) (1 enabled)
2025-01-30 18:30:41,315 INFO c.h.h.t.HelmChartContainer - [hivemq-test-hivemq-platform] [hivemq-platform-operator] [ac624283] 18:30:41.312 [pool-6-thread-4] DEBUG c.h.p.o.dependants.PodInfoConfigMap - [helmpods] Desired PodInfo ConfigMap (metrics port: 9399) (metrics path: /)
2025-01-30 18:30:41,315 INFO c.h.h.t.HelmChartContainer - [hivemq-test-hivemq-platform] [hivemq-platform-operator] [ac624283] 18:30:41.312 [pool-6-thread-4] DEBUG c.h.p.o.dependants.PodInfoConfigMap - [helmpods] Desired PodInfo ConfigMap (extension state hash: -1793002758)
2025-01-30 18:30:41,315 INFO c.h.h.t.HelmChartContainer - [hivemq-test-hivemq-platform] [hivemq-platform-operator] [ac624283] 18:30:41.313 [pool-6-thread-2] DEBUG c.h.p.o.d.PodServiceAccountResource - [helmpods] Desired PodServiceAccountResource (serviceAccountName: hivemq-platform-pod-test-hivemq-platform)
2025-01-30 18:30:41,317 INFO c.h.h.t.HelmChartContainer - [hivemq-test-hivemq-platform] [hivemq-platform-operator] [ac624283] 18:30:41.316 [pool-6-thread-6] DEBUG c.h.p.o.d.StatefulSetResource - [helmpods] Desired StatefulSet (1 replicas) for status RESTART_EXTENSIONS (WAIT_FOR_EXTENSION_RESTART)
2025-01-30 18:30:41,322 INFO c.h.h.t.HelmChartContainer - [hivemq-test-hivemq-platform] [hivemq-platform-operator] [ac624283] 18:30:41.320 [ReconcilerExecutor-hivemq-controller-123] INFO  c.h.p.o.HiveMQPlatformReconciler - [helmpods] Reconciling HiveMQ Platform 'test-hivemq-platform' in namespace 'helmpodsecuritycontextupgradeextensionit'
2025-01-30 18:30:41,322 INFO c.h.h.t.HelmChartContainer - [hivemq-test-hivemq-platform] [hivemq-platform-operator] [ac624283] 18:30:41.320 [ReconcilerExecutor-hivemq-controller-123] DEBUG c.h.p.o.HiveMQPlatformReconciler - [helmpods] Custom Resource Status RESTART_EXTENSIONS - HiveMQ Platform is waiting for extension restart (hivemq-distributed-tracing-extension) (WAIT_FOR_EXTENSION_RESTART)
2025-01-30 18:30:41,322 INFO c.h.h.t.HelmChartContainer - [hivemq-test-hivemq-platform] [hivemq-platform-operator] [ac624283] 18:30:41.320 [ReconcilerExecutor-hivemq-controller-123] DEBUG c.h.p.o.HiveMQPlatformReconciler - [helmpods] Custom Resource Spec (replicas: 1) (extensions: 1)
2025-01-30 18:30:41,323 INFO c.h.h.t.HelmChartContainer - [hivemq-test-hivemq-platform] [hivemq-platform-operator] [ac624283] 18:30:41.322 [ReconcilerExecutor-hivemq-controller-123] DEBUG c.h.p.o.HiveMQPlatformReconciler - [helmpods] StatefulSet Status (revision: test-hivemq-platform-6778d7488d, replicas: 1, available: 1, ready: 1, current: 1, updated: 1)
2025-01-30 18:30:41,323 INFO c.h.h.t.HelmChartContainer - [hivemq-test-hivemq-platform] [hivemq-platform-operator] [ac624283] 18:30:41.322 [ReconcilerExecutor-hivemq-controller-123] DEBUG c.h.p.o.HiveMQPlatformReconciler - [helmpods] StatefulSet Spec (replicas: 1, init containers: 1, containers: 1, volumes: 4)
2025-01-30 18:30:41,324 INFO c.h.h.t.HelmChartContainer - [hivemq-test-hivemq-platform] [hivemq-platform-operator] [ac624283] 18:30:41.324 [ReconcilerExecutor-hivemq-controller-123] DEBUG c.h.p.o.h.HiveMQPlatformReconcilerErrorHandler - [helmpods] Pod 'test-hivemq-platform-0' phase Running
2025-01-30 18:30:41,325 INFO c.h.h.t.HelmChartContainer - [hivemq-test-hivemq-platform] [hivemq-platform-operator] [ac624283] 18:30:41.324 [ReconcilerExecutor-hivemq-controller-123] INFO  c.h.p.o.h.HiveMQPlatformReconcilerRestartExtensionsHandler - [helmpods] Extension update on Pod 'test-hivemq-platform-0' is still pending
2025-01-30 18:30:41,656 INFO c.h.h.t.HelmChartContainer - [test-hivemq-platform] [hivemq] [691f2556] INFO  - [HiveMQ Platform Operator Init App 1.7.0-SNAPSHOT] Waiting for extension ConfigMap sync (expected hash: -1793002758) (current hash: -1657242373)
2025-01-30 18:30:42,656 INFO c.h.h.t.HelmChartContainer - [test-hivemq-platform] [hivemq] [691f2556] INFO  - [HiveMQ Platform Operator Init App 1.7.0-SNAPSHOT] Waiting for extension ConfigMap sync (expected hash: -1793002758) (current hash: -1657242373)
2025-01-30 18:30:43,657 INFO c.h.h.t.HelmChartContainer - [test-hivemq-platform] [hivemq] [691f2556] INFO  - [HiveMQ Platform Operator Init App 1.7.0-SNAPSHOT] Waiting for extension ConfigMap sync (expected hash: -1793002758) (current hash: -1657242373)
2025-01-30 18:30:44,657 INFO c.h.h.t.HelmChartContainer - [test-hivemq-platform] [hivemq] [691f2556] INFO  - [HiveMQ Platform Operator Init App 1.7.0-SNAPSHOT] Waiting for extension ConfigMap sync (expected hash: -1793002758) (current hash: -1657242373)
2025-01-30 18:30:45,658 INFO c.h.h.t.HelmChartContainer - [test-hivemq-platform] [hivemq] [691f2556] INFO  - [HiveMQ Platform Operator Init App 1.7.0-SNAPSHOT] Waiting for extension ConfigMap sync (expected hash: -1793002758) (current hash: -1657242373)
2025-01-30 18:30:46,658 INFO c.h.h.t.HelmChartContainer - [test-hivemq-platform] [hivemq] [691f2556] INFO  - [HiveMQ Platform Operator Init App 1.7.0-SNAPSHOT] Waiting for extension ConfigMap sync (expected hash: -1793002758) (current hash: -1657242373)
2025-01-30 18:30:47,659 INFO c.h.h.t.HelmChartContainer - [test-hivemq-platform] [hivemq] [691f2556] INFO  - [HiveMQ Platform Operator Init App 1.7.0-SNAPSHOT] Waiting for extension ConfigMap sync (expected hash: -1793002758) (current hash: -1657242373)
2025-01-30 18:30:48,659 INFO c.h.h.t.HelmChartContainer - [test-hivemq-platform] [hivemq] [691f2556] INFO  - [HiveMQ Platform Operator Init App 1.7.0-SNAPSHOT] Waiting for extension ConfigMap sync (expected hash: -1793002758) (current hash: -1657242373)
2025-01-30 18:30:49,660 INFO c.h.h.t.HelmChartContainer - [test-hivemq-platform] [hivemq] [691f2556] INFO  - [HiveMQ Platform Operator Init App 1.7.0-SNAPSHOT] Waiting for extension ConfigMap sync (expected hash: -1793002758) (current hash: -1657242373)
2025-01-30 18:30:50,660 INFO c.h.h.t.HelmChartContainer - [test-hivemq-platform] [hivemq] [691f2556] INFO  - [HiveMQ Platform Operator Init App 1.7.0-SNAPSHOT] Waiting for extension ConfigMap sync (expected hash: -1793002758) (current hash: -1657242373)
2025-01-30 18:30:51,329 INFO c.h.h.t.HelmChartContainer - [hivemq-test-hivemq-platform] [hivemq-platform-operator] [ac624283] 18:30:51.327 [pool-6-thread-17] DEBUG c.h.p.o.d.PlatformServiceResource - [helmpods] Desired Platform services (3 services)
2025-01-30 18:30:51,329 INFO c.h.h.t.HelmChartContainer - [hivemq-test-hivemq-platform] [hivemq-platform-operator] [ac624283] 18:30:51.328 [pool-6-thread-12] DEBUG c.h.p.o.dependants.PodInfoConfigMap - [helmpods] Desired PodInfo ConfigMap (1 extensions) (1 enabled)
2025-01-30 18:30:51,330 INFO c.h.h.t.HelmChartContainer - [hivemq-test-hivemq-platform] [hivemq-platform-operator] [ac624283] 18:30:51.328 [pool-6-thread-12] DEBUG c.h.p.o.dependants.PodInfoConfigMap - [helmpods] Desired PodInfo ConfigMap (metrics port: 9399) (metrics path: /)
2025-01-30 18:30:51,330 INFO c.h.h.t.HelmChartContainer - [hivemq-test-hivemq-platform] [hivemq-platform-operator] [ac624283] 18:30:51.328 [pool-6-thread-12] DEBUG c.h.p.o.dependants.PodInfoConfigMap - [helmpods] Desired PodInfo ConfigMap (extension state hash: -1793002758)
2025-01-30 18:30:51,330 INFO c.h.h.t.HelmChartContainer - [hivemq-test-hivemq-platform] [hivemq-platform-operator] [ac624283] 18:30:51.328 [pool-6-thread-13] DEBUG c.h.p.o.d.PodServiceAccountResource - [helmpods] Desired PodServiceAccountResource (serviceAccountName: hivemq-platform-pod-test-hivemq-platform)
2025-01-30 18:30:51,333 INFO c.h.h.t.HelmChartContainer - [hivemq-test-hivemq-platform] [hivemq-platform-operator] [ac624283] 18:30:51.332 [pool-6-thread-17] DEBUG c.h.p.o.d.StatefulSetResource - [helmpods] Desired StatefulSet (1 replicas) for status RESTART_EXTENSIONS (WAIT_FOR_EXTENSION_RESTART)
2025-01-30 18:30:51,337 INFO c.h.h.t.HelmChartContainer - [hivemq-test-hivemq-platform] [hivemq-platform-operator] [ac624283] 18:30:51.335 [ReconcilerExecutor-hivemq-controller-124] INFO  c.h.p.o.HiveMQPlatformReconciler - [helmpods] Reconciling HiveMQ Platform 'test-hivemq-platform' in namespace 'helmpodsecuritycontextupgradeextensionit'
2025-01-30 18:30:51,337 INFO c.h.h.t.HelmChartContainer - [hivemq-test-hivemq-platform] [hivemq-platform-operator] [ac624283] 18:30:51.336 [ReconcilerExecutor-hivemq-controller-124] DEBUG c.h.p.o.HiveMQPlatformReconciler - [helmpods] Custom Resource Status RESTART_EXTENSIONS - HiveMQ Platform is waiting for extension restart (hivemq-distributed-tracing-extension) (WAIT_FOR_EXTENSION_RESTART)
2025-01-30 18:30:51,338 INFO c.h.h.t.HelmChartContainer - [hivemq-test-hivemq-platform] [hivemq-platform-operator] [ac624283] 18:30:51.336 [ReconcilerExecutor-hivemq-controller-124] DEBUG c.h.p.o.HiveMQPlatformReconciler - [helmpods] Custom Resource Spec (replicas: 1) (extensions: 1)
2025-01-30 18:30:51,338 INFO c.h.h.t.HelmChartContainer - [hivemq-test-hivemq-platform] [hivemq-platform-operator] [ac624283] 18:30:51.337 [ReconcilerExecutor-hivemq-controller-124] DEBUG c.h.p.o.HiveMQPlatformReconciler - [helmpods] StatefulSet Status (revision: test-hivemq-platform-6778d7488d, replicas: 1, available: 1, ready: 1, current: 1, updated: 1)
2025-01-30 18:30:51,338 INFO c.h.h.t.HelmChartContainer - [hivemq-test-hivemq-platform] [hivemq-platform-operator] [ac624283] 18:30:51.337 [ReconcilerExecutor-hivemq-controller-124] DEBUG c.h.p.o.HiveMQPlatformReconciler - [helmpods] StatefulSet Spec (replicas: 1, init containers: 1, containers: 1, volumes: 4)
2025-01-30 18:30:51,339 INFO c.h.h.t.HelmChartContainer - [hivemq-test-hivemq-platform] [hivemq-platform-operator] [ac624283] 18:30:51.338 [ReconcilerExecutor-hivemq-controller-124] DEBUG c.h.p.o.h.HiveMQPlatformReconcilerErrorHandler - [helmpods] Pod 'test-hivemq-platform-0' phase Running
2025-01-30 18:30:51,349 INFO c.h.h.t.HelmChartContainer - [hivemq-test-hivemq-platform] [hivemq-platform-operator] [ac624283] 18:30:51.346 [ReconcilerExecutor-hivemq-controller-124] DEBUG c.h.p.o.h.HiveMQPlatformReconcilerRestartExtensionsHandler - [helmpods] Checking update extension status on Pod 'test-hivemq-platform-0'
2025-01-30 18:30:51,429 INFO c.h.h.t.HelmChartContainer - [test-hivemq-platform] [hivemq] [691f2556] INFO  - [HiveMQ Platform Operator Init App 1.7.0-SNAPSHOT] Extension update is pending (0 errors)
2025-01-30 18:30:51,489 INFO c.h.h.t.HelmChartContainer - [hivemq-test-hivemq-platform] [hivemq-platform-operator] [ac624283] 18:30:51.488 [vert.x-eventloop-thread-0] DEBUG c.h.platform.operator.util.PodUtil - Received status for command '[curl, -s, http://10.42.0.6:7979/updateExtensionStatus]' on Pod 'test-hivemq-platform-0' (exit code: 0)
2025-01-30 18:30:51,661 INFO c.h.h.t.HelmChartContainer - [test-hivemq-platform] [hivemq] [691f2556] INFO  - [HiveMQ Platform Operator Init App 1.7.0-SNAPSHOT] Waiting for extension ConfigMap sync (expected hash: -1793002758) (current hash: -1657242373)
2025-01-30 18:30:52,437 INFO c.h.h.t.HelmChartContainer - [hivemq-test-hivemq-platform] [hivemq-platform-operator] [ac624283] 18:30:52.434 [pool-6-thread-25] DEBUG c.h.p.o.d.PlatformServiceResource - [helmpods] Desired Platform services (3 services)
2025-01-30 18:30:52,437 INFO c.h.h.t.HelmChartContainer - [hivemq-test-hivemq-platform] [hivemq-platform-operator] [ac624283] 18:30:52.435 [pool-6-thread-29] DEBUG c.h.p.o.dependants.PodInfoConfigMap - [helmpods] Desired PodInfo ConfigMap (1 extensions) (1 enabled)
2025-01-30 18:30:52,437 INFO c.h.h.t.HelmChartContainer - [hivemq-test-hivemq-platform] [hivemq-platform-operator] [ac624283] 18:30:52.435 [pool-6-thread-29] DEBUG c.h.p.o.dependants.PodInfoConfigMap - [helmpods] Desired PodInfo ConfigMap (metrics port: 9399) (metrics path: /)
2025-01-30 18:30:52,437 INFO c.h.h.t.HelmChartContainer - [hivemq-test-hivemq-platform] [hivemq-platform-operator] [ac624283] 18:30:52.435 [pool-6-thread-29] DEBUG c.h.p.o.dependants.PodInfoConfigMap - [helmpods] Desired PodInfo ConfigMap (extension state hash: -1793002758)
2025-01-30 18:30:52,437 INFO c.h.h.t.HelmChartContainer - [hivemq-test-hivemq-platform] [hivemq-platform-operator] [ac624283] 18:30:52.435 [pool-6-thread-22] DEBUG c.h.p.o.d.PodServiceAccountResource - [helmpods] Desired PodServiceAccountResource (serviceAccountName: hivemq-platform-pod-test-hivemq-platform)
2025-01-30 18:30:52,492 INFO c.h.h.t.HelmChartContainer - [hivemq-test-hivemq-platform] [hivemq-platform-operator] [ac624283] 18:30:52.490 [pool-6-thread-25] DEBUG c.h.p.o.d.StatefulSetResource - [helmpods] Desired StatefulSet (1 replicas) for status RESTART_EXTENSIONS (WAIT_FOR_EXTENSION_RESTART)
2025-01-30 18:30:52,495 INFO c.h.h.t.HelmChartContainer - [hivemq-test-hivemq-platform] [hivemq-platform-operator] [ac624283] 18:30:52.494 [ReconcilerExecutor-hivemq-controller-125] INFO  c.h.p.o.HiveMQPlatformReconciler - [helmpods] Reconciling HiveMQ Platform 'test-hivemq-platform' in namespace 'helmpodsecuritycontextupgradeextensionit'
2025-01-30 18:30:52,496 INFO c.h.h.t.HelmChartContainer - [hivemq-test-hivemq-platform] [hivemq-platform-operator] [ac624283] 18:30:52.494 [ReconcilerExecutor-hivemq-controller-125] DEBUG c.h.p.o.HiveMQPlatformReconciler - [helmpods] Custom Resource Status RESTART_EXTENSIONS - HiveMQ Platform is waiting for extension restart (hivemq-distributed-tracing-extension) (WAIT_FOR_EXTENSION_RESTART)
2025-01-30 18:30:52,496 INFO c.h.h.t.HelmChartContainer - [hivemq-test-hivemq-platform] [hivemq-platform-operator] [ac624283] 18:30:52.494 [ReconcilerExecutor-hivemq-controller-125] DEBUG c.h.p.o.HiveMQPlatformReconciler - [helmpods] Custom Resource Spec (replicas: 1) (extensions: 1)
2025-01-30 18:30:52,497 INFO c.h.h.t.HelmChartContainer - [hivemq-test-hivemq-platform] [hivemq-platform-operator] [ac624283] 18:30:52.496 [ReconcilerExecutor-hivemq-controller-125] DEBUG c.h.p.o.HiveMQPlatformReconciler - [helmpods] StatefulSet Status (revision: test-hivemq-platform-6778d7488d, replicas: 1, available: 1, ready: 1, current: 1, updated: 1)
2025-01-30 18:30:52,497 INFO c.h.h.t.HelmChartContainer - [hivemq-test-hivemq-platform] [hivemq-platform-operator] [ac624283] 18:30:52.496 [ReconcilerExecutor-hivemq-controller-125] DEBUG c.h.p.o.HiveMQPlatformReconciler - [helmpods] StatefulSet Spec (replicas: 1, init containers: 1, containers: 1, volumes: 4)
2025-01-30 18:30:52,499 INFO c.h.h.t.HelmChartContainer - [hivemq-test-hivemq-platform] [hivemq-platform-operator] [ac624283] 18:30:52.498 [ReconcilerExecutor-hivemq-controller-125] DEBUG c.h.p.o.h.HiveMQPlatformReconcilerErrorHandler - [helmpods] Pod 'test-hivemq-platform-0' phase Running
2025-01-30 18:30:52,499 INFO c.h.h.t.HelmChartContainer - [hivemq-test-hivemq-platform] [hivemq-platform-operator] [ac624283] 18:30:52.498 [ReconcilerExecutor-hivemq-controller-125] INFO  c.h.p.o.h.HiveMQPlatformReconcilerRestartExtensionsHandler - [helmpods] Extension update on Pod 'test-hivemq-platform-0' is still pending
2025-01-30 18:30:52,661 INFO c.h.h.t.HelmChartContainer - [test-hivemq-platform] [hivemq] [691f2556] INFO  - [HiveMQ Platform Operator Init App 1.7.0-SNAPSHOT] Waiting for extension ConfigMap sync (expected hash: -1793002758) (current hash: -1657242373)
2025-01-30 18:30:53,662 INFO c.h.h.t.HelmChartContainer - [test-hivemq-platform] [hivemq] [691f2556] INFO  - [HiveMQ Platform Operator Init App 1.7.0-SNAPSHOT] Waiting for extension ConfigMap sync (expected hash: -1793002758) (current hash: -1657242373)
2025-01-30 18:30:54,662 INFO c.h.h.t.HelmChartContainer - [test-hivemq-platform] [hivemq] [691f2556] INFO  - [HiveMQ Platform Operator Init App 1.7.0-SNAPSHOT] Waiting for extension ConfigMap sync (expected hash: -1793002758) (current hash: -1657242373)
2025-01-30 18:30:55,663 INFO c.h.h.t.HelmChartContainer - [test-hivemq-platform] [hivemq] [691f2556] INFO  - [HiveMQ Platform Operator Init App 1.7.0-SNAPSHOT] Waiting for extension ConfigMap sync (expected hash: -1793002758) (current hash: -1657242373)
2025-01-30 18:30:56,663 INFO c.h.h.t.HelmChartContainer - [test-hivemq-platform] [hivemq] [691f2556] INFO  - [HiveMQ Platform Operator Init App 1.7.0-SNAPSHOT] Waiting for extension ConfigMap sync (expected hash: -1793002758) (current hash: -1657242373)
2025-01-30 18:30:57,714 INFO c.h.h.t.HelmChartContainer - [test-hivemq-platform] [hivemq] [691f2556] INFO  - [HiveMQ Platform Operator Init App 1.7.0-SNAPSHOT] Waiting for extension ConfigMap sync (expected hash: -1793002758) (current hash: -1657242373)
2025-01-30 18:30:58,715 INFO c.h.h.t.HelmChartContainer - [test-hivemq-platform] [hivemq] [691f2556] INFO  - [HiveMQ Platform Operator Init App 1.7.0-SNAPSHOT] Waiting for extension ConfigMap sync (expected hash: -1793002758) (current hash: -1657242373)
2025-01-30 18:30:59,715 INFO c.h.h.t.HelmChartContainer - [test-hivemq-platform] [hivemq] [691f2556] INFO  - [HiveMQ Platform Operator Init App 1.7.0-SNAPSHOT] Waiting for extension ConfigMap sync (expected hash: -1793002758) (current hash: -1657242373)
2025-01-30 18:31:00,716 INFO c.h.h.t.HelmChartContainer - [test-hivemq-platform] [hivemq] [691f2556] INFO  - [HiveMQ Platform Operator Init App 1.7.0-SNAPSHOT] Waiting for extension ConfigMap sync (expected hash: -1793002758) (current hash: -1657242373)
2025-01-30 18:31:01,716 INFO c.h.h.t.HelmChartContainer - [test-hivemq-platform] [hivemq] [691f2556] INFO  - [HiveMQ Platform Operator Init App 1.7.0-SNAPSHOT] Waiting for extension ConfigMap sync (expected hash: -1793002758) (current hash: -1793002758)
2025-01-30 18:31:01,717 INFO c.h.h.t.HelmChartContainer - [test-hivemq-platform] [hivemq] [691f2556] INFO  - [HiveMQ Platform Operator Init App 1.7.0-SNAPSHOT] Updating HiveMQ Platform extension: hivemq-distributed-tracing-extension
2025-01-30 18:31:01,717 INFO c.h.h.t.HelmChartContainer - [test-hivemq-platform] [hivemq] [691f2556] INFO  - [HiveMQ Platform Operator Init App 1.7.0-SNAPSHOT] Updating preinstalled extension hivemq-distributed-tracing-extension
2025-01-30 18:31:02,020 INFO c.h.h.t.HelmChartContainer - [test-hivemq-platform] [hivemq] [691f2556] INFO  - [HiveMQ Platform Operator Init App 1.7.0-SNAPSHOT] Successfully updated extension hivemq-distributed-tracing-extension
2025-01-30 18:31:02,503 INFO c.h.h.t.HelmChartContainer - [hivemq-test-hivemq-platform] [hivemq-platform-operator] [ac624283] 18:31:02.501 [pool-6-thread-40] DEBUG c.h.p.o.d.PlatformServiceResource - [helmpods] Desired Platform services (3 services)
2025-01-30 18:31:02,507 INFO c.h.h.t.HelmChartContainer - [hivemq-test-hivemq-platform] [hivemq-platform-operator] [ac624283] 18:31:02.502 [pool-6-thread-35] DEBUG c.h.p.o.dependants.PodInfoConfigMap - [helmpods] Desired PodInfo ConfigMap (1 extensions) (1 enabled)
2025-01-30 18:31:02,507 INFO c.h.h.t.HelmChartContainer - [hivemq-test-hivemq-platform] [hivemq-platform-operator] [ac624283] 18:31:02.502 [pool-6-thread-35] DEBUG c.h.p.o.dependants.PodInfoConfigMap - [helmpods] Desired PodInfo ConfigMap (metrics port: 9399) (metrics path: /)
2025-01-30 18:31:02,507 INFO c.h.h.t.HelmChartContainer - [hivemq-test-hivemq-platform] [hivemq-platform-operator] [ac624283] 18:31:02.502 [pool-6-thread-35] DEBUG c.h.p.o.dependants.PodInfoConfigMap - [helmpods] Desired PodInfo ConfigMap (extension state hash: -1793002758)
2025-01-30 18:31:02,507 INFO c.h.h.t.HelmChartContainer - [hivemq-test-hivemq-platform] [hivemq-platform-operator] [ac624283] 18:31:02.503 [pool-6-thread-34] DEBUG c.h.p.o.d.PodServiceAccountResource - [helmpods] Desired PodServiceAccountResource (serviceAccountName: hivemq-platform-pod-test-hivemq-platform)
2025-01-30 18:31:02,511 INFO c.h.h.t.HelmChartContainer - [hivemq-test-hivemq-platform] [hivemq-platform-operator] [ac624283] 18:31:02.506 [pool-6-thread-40] DEBUG c.h.p.o.d.StatefulSetResource - [helmpods] Desired StatefulSet (1 replicas) for status RESTART_EXTENSIONS (WAIT_FOR_EXTENSION_RESTART)
2025-01-30 18:31:02,512 INFO c.h.h.t.HelmChartContainer - [hivemq-test-hivemq-platform] [hivemq-platform-operator] [ac624283] 18:31:02.509 [ReconcilerExecutor-hivemq-controller-126] INFO  c.h.p.o.HiveMQPlatformReconciler - [helmpods] Reconciling HiveMQ Platform 'test-hivemq-platform' in namespace 'helmpodsecuritycontextupgradeextensionit'
2025-01-30 18:31:02,513 INFO c.h.h.t.HelmChartContainer - [hivemq-test-hivemq-platform] [hivemq-platform-operator] [ac624283] 18:31:02.509 [ReconcilerExecutor-hivemq-controller-126] DEBUG c.h.p.o.HiveMQPlatformReconciler - [helmpods] Custom Resource Status RESTART_EXTENSIONS - HiveMQ Platform is waiting for extension restart (hivemq-distributed-tracing-extension) (WAIT_FOR_EXTENSION_RESTART)
2025-01-30 18:31:02,513 INFO c.h.h.t.HelmChartContainer - [hivemq-test-hivemq-platform] [hivemq-platform-operator] [ac624283] 18:31:02.509 [ReconcilerExecutor-hivemq-controller-126] DEBUG c.h.p.o.HiveMQPlatformReconciler - [helmpods] Custom Resource Spec (replicas: 1) (extensions: 1)
2025-01-30 18:31:02,513 INFO c.h.h.t.HelmChartContainer - [hivemq-test-hivemq-platform] [hivemq-platform-operator] [ac624283] 18:31:02.511 [ReconcilerExecutor-hivemq-controller-126] DEBUG c.h.p.o.HiveMQPlatformReconciler - [helmpods] StatefulSet Status (revision: test-hivemq-platform-6778d7488d, replicas: 1, available: 1, ready: 1, current: 1, updated: 1)
2025-01-30 18:31:02,513 INFO c.h.h.t.HelmChartContainer - [hivemq-test-hivemq-platform] [hivemq-platform-operator] [ac624283] 18:31:02.511 [ReconcilerExecutor-hivemq-controller-126] DEBUG c.h.p.o.HiveMQPlatformReconciler - [helmpods] StatefulSet Spec (replicas: 1, init containers: 1, containers: 1, volumes: 4)
2025-01-30 18:31:02,513 INFO c.h.h.t.HelmChartContainer - [hivemq-test-hivemq-platform] [hivemq-platform-operator] [ac624283] 18:31:02.512 [ReconcilerExecutor-hivemq-controller-126] DEBUG c.h.p.o.h.HiveMQPlatformReconcilerErrorHandler - [helmpods] Pod 'test-hivemq-platform-0' phase Running
2025-01-30 18:31:02,520 INFO c.h.h.t.HelmChartContainer - [hivemq-test-hivemq-platform] [hivemq-platform-operator] [ac624283] 18:31:02.519 [ReconcilerExecutor-hivemq-controller-126] DEBUG c.h.p.o.h.HiveMQPlatformReconcilerRestartExtensionsHandler - [helmpods] Checking update extension status on Pod 'test-hivemq-platform-0'
2025-01-30 18:31:02,632 INFO c.h.h.t.HelmChartContainer - [test-hivemq-platform] [hivemq] [691f2556] INFO  - [HiveMQ Platform Operator Init App 1.7.0-SNAPSHOT] Extension update is done (0 errors)
2025-01-30 18:31:02,635 INFO c.h.h.t.HelmChartContainer - [hivemq-test-hivemq-platform] [hivemq-platform-operator] [ac624283] 18:31:02.634 [vert.x-eventloop-thread-1] DEBUG c.h.platform.operator.util.PodUtil - Received status for command '[curl, -s, http://10.42.0.6:7979/updateExtensionStatus]' on Pod 'test-hivemq-platform-0' (exit code: 0)
2025-01-30 18:31:03,057 INFO c.h.h.t.HelmChartContainer - [test-hivemq-platform] [hivemq] [691f2556] INFO  - HiveMQ Enterprise Distributed Tracing Extension: Configured OTLP HTTP/protobuf exporter 'my-otlp-grpc-exporter'.
2025-01-30 18:31:03,061 INFO c.h.h.t.HelmChartContainer - [test-hivemq-platform] [hivemq] [691f2556] INFO  - HiveMQ Enterprise Distributed Tracing Extension: Configured W3C trace propagation.
2025-01-30 18:31:03,063 INFO c.h.h.t.HelmChartContainer - [test-hivemq-platform] [hivemq] [691f2556] INFO  - HiveMQ Enterprise Distributed Tracing Extension: Successfully updated configuration from '/opt/hivemq/extensions/hivemq-distributed-tracing-extension/conf/config.xml'.
2025-01-30 18:31:03,063 INFO c.h.h.testcontainer.LogWaiterUtil - TEST Found log pattern on 'test-hivemq-platform-0': .*HiveMQ Enterprise Distributed Tracing Extension: Successfully updated configuration from '/opt/hivemq/extensions/hivemq-distributed-tracing-extension/conf/config.xml'.
2025-01-30 18:31:03,612 INFO c.h.h.t.HelmChartContainer - [hivemq-test-hivemq-platform] [hivemq-platform-operator] [ac624283] 18:31:03.610 [pool-6-thread-42] DEBUG c.h.p.o.d.PlatformServiceResource - [helmpods] Desired Platform services (3 services)
2025-01-30 18:31:03,614 INFO c.h.h.t.HelmChartContainer - [hivemq-test-hivemq-platform] [hivemq-platform-operator] [ac624283] 18:31:03.611 [pool-6-thread-44] DEBUG c.h.p.o.dependants.PodInfoConfigMap - [helmpods] Desired PodInfo ConfigMap (1 extensions) (1 enabled)
2025-01-30 18:31:03,614 INFO c.h.h.t.HelmChartContainer - [hivemq-test-hivemq-platform] [hivemq-platform-operator] [ac624283] 18:31:03.612 [pool-6-thread-44] DEBUG c.h.p.o.dependants.PodInfoConfigMap - [helmpods] Desired PodInfo ConfigMap (metrics port: 9399) (metrics path: /)
2025-01-30 18:31:03,614 INFO c.h.h.t.HelmChartContainer - [hivemq-test-hivemq-platform] [hivemq-platform-operator] [ac624283] 18:31:03.612 [pool-6-thread-44] DEBUG c.h.p.o.dependants.PodInfoConfigMap - [helmpods] Desired PodInfo ConfigMap (extension state hash: -1793002758)
2025-01-30 18:31:03,614 INFO c.h.h.t.HelmChartContainer - [hivemq-test-hivemq-platform] [hivemq-platform-operator] [ac624283] 18:31:03.613 [pool-6-thread-50] DEBUG c.h.p.o.d.PodServiceAccountResource - [helmpods] Desired PodServiceAccountResource (serviceAccountName: hivemq-platform-pod-test-hivemq-platform)
2025-01-30 18:31:03,616 INFO c.h.h.t.HelmChartContainer - [hivemq-test-hivemq-platform] [hivemq-platform-operator] [ac624283] 18:31:03.614 [pool-6-thread-45] DEBUG c.h.p.o.d.StatefulSetResource - [helmpods] Desired StatefulSet (1 replicas) for status RESTART_EXTENSIONS (WAIT_FOR_EXTENSION_RESTART)
2025-01-30 18:31:03,618 INFO c.h.h.t.HelmChartContainer - [hivemq-test-hivemq-platform] [hivemq-platform-operator] [ac624283] 18:31:03.617 [ReconcilerExecutor-hivemq-controller-127] INFO  c.h.p.o.HiveMQPlatformReconciler - [helmpods] Reconciling HiveMQ Platform 'test-hivemq-platform' in namespace 'helmpodsecuritycontextupgradeextensionit'
2025-01-30 18:31:03,619 INFO c.h.h.t.HelmChartContainer - [hivemq-test-hivemq-platform] [hivemq-platform-operator] [ac624283] 18:31:03.617 [ReconcilerExecutor-hivemq-controller-127] DEBUG c.h.p.o.HiveMQPlatformReconciler - [helmpods] Custom Resource Status RESTART_EXTENSIONS - HiveMQ Platform is waiting for extension restart (hivemq-distributed-tracing-extension) (WAIT_FOR_EXTENSION_RESTART)
2025-01-30 18:31:03,619 INFO c.h.h.t.HelmChartContainer - [hivemq-test-hivemq-platform] [hivemq-platform-operator] [ac624283] 18:31:03.617 [ReconcilerExecutor-hivemq-controller-127] DEBUG c.h.p.o.HiveMQPlatformReconciler - [helmpods] Custom Resource Spec (replicas: 1) (extensions: 1)
2025-01-30 18:31:03,620 INFO c.h.h.t.HelmChartContainer - [hivemq-test-hivemq-platform] [hivemq-platform-operator] [ac624283] 18:31:03.619 [ReconcilerExecutor-hivemq-controller-127] DEBUG c.h.p.o.HiveMQPlatformReconciler - [helmpods] StatefulSet Status (revision: test-hivemq-platform-6778d7488d, replicas: 1, available: 1, ready: 1, current: 1, updated: 1)
2025-01-30 18:31:03,620 INFO c.h.h.t.HelmChartContainer - [hivemq-test-hivemq-platform] [hivemq-platform-operator] [ac624283] 18:31:03.619 [ReconcilerExecutor-hivemq-controller-127] DEBUG c.h.p.o.HiveMQPlatformReconciler - [helmpods] StatefulSet Spec (replicas: 1, init containers: 1, containers: 1, volumes: 4)
2025-01-30 18:31:03,622 INFO c.h.h.t.HelmChartContainer - [hivemq-test-hivemq-platform] [hivemq-platform-operator] [ac624283] 18:31:03.620 [ReconcilerExecutor-hivemq-controller-127] DEBUG c.h.p.o.h.HiveMQPlatformReconcilerErrorHandler - [helmpods] Pod 'test-hivemq-platform-0' phase Running
2025-01-30 18:31:03,622 INFO c.h.h.t.HelmChartContainer - [hivemq-test-hivemq-platform] [hivemq-platform-operator] [ac624283] 18:31:03.621 [ReconcilerExecutor-hivemq-controller-127] INFO  c.h.p.o.h.HiveMQPlatformReconcilerRestartExtensionsHandler - [helmpods] Successfully updated extensions on all Pods
2025-01-30 18:31:03,632 INFO c.h.h.t.HelmChartContainer - [EVENT] Normal [Ready] HiveMQ Platform is ready [helmpodsecuritycontextupgradeextensionit:test-hivemq-platform]
2025-01-30 18:31:03,689 INFO c.h.h.t.HelmChartContainer - [hivemq-test-hivemq-platform] [hivemq-platform-operator] [ac624283] 18:31:03.687 [ReconcilerExecutor-hivemq-controller-127] DEBUG c.h.p.operator.event.EventSender - [helmpods] Updating K8s event hivemq-platform-ready: [Ready] HiveMQ Platform is ready
2025-01-30 18:31:03,689 INFO c.h.h.t.HelmChartContainer - [hivemq-test-hivemq-platform] [hivemq-platform-operator] [ac624283] 18:31:03.687 [ReconcilerExecutor-hivemq-controller-127] INFO  c.h.p.o.h.AbstractHiveMQReconcilerStateHandler - [helmpods] Update HiveMQ Platform Status (RESTART_EXTENSIONS [WAIT_FOR_EXTENSION_RESTART] -> RUNNING [READY]): HiveMQ Platform is ready
2025-01-30 18:31:03,700 DEBUG com.hivemq.helmcharts.util.K8sUtil - Comparing actual state 'RUNNING' and waiting for 'RUNNING'
2025-01-30 18:31:05,704 INFO c.h.h.t.HelmChartContainer - Uninstalling release 'test-hivemq-platform' in namespace 'helmpodsecuritycontextupgradeextensionit'...
2025-01-30 18:31:05,704 DEBUG c.h.h.t.HelmChartContainer - Executing helm command: /bin/helm --kubeconfig /etc/rancher/k3s/k3s.yaml uninstall test-hivemq-platform  --wait --timeout 5m0s --cascade foreground --namespace helmpodsecuritycontextupgradeextensionit
2025-01-30 18:31:05,887 INFO c.h.h.t.HelmChartContainer - [hivemq-test-hivemq-platform] [hivemq-platform-operator] [ac624283] 18:31:05.880 [pool-6-thread-2] DEBUG c.h.p.o.d.PlatformServiceResource - [helmpods] Desired Platform services (3 services)
2025-01-30 18:31:05,890 INFO c.h.h.t.HelmChartContainer - [hivemq-test-hivemq-platform] [hivemq-platform-operator] [ac624283] 18:31:05.888 [pool-6-thread-4] DEBUG c.h.p.o.dependants.PodInfoConfigMap - [helmpods] Desired PodInfo ConfigMap (1 extensions) (1 enabled)
2025-01-30 18:31:05,890 INFO c.h.h.t.HelmChartContainer - [hivemq-test-hivemq-platform] [hivemq-platform-operator] [ac624283] 18:31:05.888 [pool-6-thread-4] DEBUG c.h.p.o.dependants.PodInfoConfigMap - [helmpods] Desired PodInfo ConfigMap (metrics port: 9399) (metrics path: /)
2025-01-30 18:31:05,891 INFO c.h.h.t.HelmChartContainer - [hivemq-test-hivemq-platform] [hivemq-platform-operator] [ac624283] 18:31:05.889 [pool-6-thread-4] DEBUG c.h.p.o.dependants.PodInfoConfigMap - [helmpods] Desired PodInfo ConfigMap (extension state hash: -1793002758)
2025-01-30 18:31:05,896 INFO c.h.h.t.HelmChartContainer - [hivemq-test-hivemq-platform] [hivemq-platform-operator] [ac624283] 18:31:05.892 [pool-6-thread-3] DEBUG c.h.p.o.d.PodServiceAccountResource - [helmpods] Desired PodServiceAccountResource (serviceAccountName: hivemq-platform-pod-test-hivemq-platform)
2025-01-30 18:31:05,896 INFO c.h.h.t.HelmChartContainer - [hivemq-test-hivemq-platform] [hivemq-platform-operator] [ac624283] 18:31:05.892 [pool-6-thread-4] DEBUG c.h.p.o.dependants.PodInfoConfigMap - [helmpods] Update PodInfo ConfigMap
2025-01-30 18:31:05,918 INFO c.h.h.t.HelmChartContainer - [hivemq-test-hivemq-platform] [hivemq-platform-operator] [ac624283] 18:31:05.917 [pool-6-thread-4] DEBUG c.h.p.o.d.StatefulSetResource - [helmpods] Desired StatefulSet (1 replicas) for status RUNNING (READY)
2025-01-30 18:31:05,935 INFO c.h.h.t.HelmChartContainer - [hivemq-test-hivemq-platform] [hivemq-platform-operator] [ac624283] 18:31:05.923 [pool-6-thread-4] DEBUG c.h.p.o.d.StatefulSetResource - [helmpods] Update StatefulSet (replicas: 1 -> 1)
2025-01-30 18:31:05,937 INFO c.h.h.t.HelmChartContainer - [hivemq-test-hivemq-platform] [hivemq-platform-operator] [ac624283] 18:31:05.927 [pool-6-thread-4] DEBUG c.h.p.o.d.StatefulSetResource - [helmpods] Detected change in StatefulSet specification (path: /template/metadata/annotations/kubernetes-resource-versions) (actual value: {broker-configuration-v2=-2089688360}) (target value: {broker-configuration-v2=0})
2025-01-30 18:31:05,937 INFO c.h.h.t.HelmChartContainer - [hivemq-test-hivemq-platform] [hivemq-platform-operator] [ac624283] 18:31:05.927 [pool-6-thread-4] INFO  c.h.p.o.d.StatefulSetResource - [helmpods] StatefulSet spec was updated, triggering rolling restart
2025-01-30 18:31:05,994 INFO c.h.h.t.HelmChartContainer - [hivemq-test-hivemq-platform] [hivemq-platform-operator] [ac624283] 18:31:05.992 [ReconcilerExecutor-hivemq-controller-128] INFO  c.h.p.o.HiveMQPlatformReconciler - [helmpods] Reconciling HiveMQ Platform 'test-hivemq-platform' in namespace 'helmpodsecuritycontextupgradeextensionit'
2025-01-30 18:31:05,995 INFO c.h.h.t.HelmChartContainer - [hivemq-test-hivemq-platform] [hivemq-platform-operator] [ac624283] 18:31:05.992 [ReconcilerExecutor-hivemq-controller-128] DEBUG c.h.p.o.HiveMQPlatformReconciler - [helmpods] Custom Resource Status RUNNING - HiveMQ Platform is ready (READY) (reconciliation requests: ROLLING_RESTART, REQUESTS_UPDATED)
2025-01-30 18:31:05,996 INFO c.h.h.t.HelmChartContainer - [hivemq-test-hivemq-platform] [hivemq-platform-operator] [ac624283] 18:31:05.992 [ReconcilerExecutor-hivemq-controller-128] DEBUG c.h.p.o.HiveMQPlatformReconciler - [helmpods] Custom Resource Spec (replicas: 1) (extensions: 1)
2025-01-30 18:31:05,997 INFO c.h.h.t.HelmChartContainer - [hivemq-test-hivemq-platform] [hivemq-platform-operator] [ac624283] 18:31:05.993 [ReconcilerExecutor-hivemq-controller-128] WARN  c.h.p.o.h.HiveMQPlatformReconcilerErrorHandler - [helmpods] Could not find ConfigMap 'hivemq-configuration-test-hivemq-platform' for HiveMQ Platform configuration
2025-01-30 18:31:06,095 INFO c.h.h.t.HelmChartContainer - [hivemq-test-hivemq-platform] [hivemq-platform-operator] [ac624283] 18:31:06.094 [ReconcilerExecutor-hivemq-controller-128] DEBUG c.h.p.operator.event.EventSender - [helmpods] Creating K8s event hivemq-platform-invalid-configuration: [Start] Could not find ConfigMap 'hivemq-configuration-test-hivemq-platform' for HiveMQ Platform configuration
2025-01-30 18:31:06,098 INFO c.h.h.t.HelmChartContainer - [EVENT] Warning [Start] Could not find ConfigMap 'hivemq-configuration-test-hivemq-platform' for HiveMQ Platform configuration [helmpodsecuritycontextupgradeextensionit:test-hivemq-platform]
2025-01-30 18:31:06,099 INFO c.h.h.t.HelmChartContainer - [hivemq-test-hivemq-platform] [hivemq-platform-operator] [ac624283] 18:31:06.098 [ReconcilerExecutor-hivemq-controller-128] INFO  c.h.p.o.h.AbstractHiveMQReconcilerStateHandler - [helmpods] Update HiveMQ Platform Status (RUNNING [READY] -> ERROR [INVALID_CONFIG_MAP]): Could not find ConfigMap 'hivemq-configuration-test-hivemq-platform' for HiveMQ Platform configuration (reconciliation requests: ROLLING_RESTART)
2025-01-30 18:31:06,112 INFO c.h.h.t.HelmChartContainer - [hivemq-test-hivemq-platform] [hivemq-platform-operator] [ac624283] 18:31:06.105 [ReconcilerExecutor-hivemq-controller-128] ERROR i.j.o.p.event.EventProcessor - Error during event processing ExecutionScope{ resource id: ResourceID{name='test-hivemq-platform', namespace='helmpodsecuritycontextupgradeextensionit'}, version: 641}
2025-01-30 18:31:06,112 INFO c.h.h.t.HelmChartContainer - [hivemq-test-hivemq-platform] [hivemq-platform-operator] [ac624283] io.fabric8.kubernetes.client.KubernetesClientException: Failure executing: PUT at: https://10.43.0.1:443/apis/hivemq.com/v1/namespaces/helmpodsecuritycontextupgradeextensionit/hivemq-platforms/test-hivemq-platform/status. Message: Operation cannot be fulfilled on hivemq-platforms.hivemq.com "test-hivemq-platform": the object has been modified; please apply your changes to the latest version and try again. Received status: Status(apiVersion=v1, code=409, details=StatusDetails(causes=[], group=hivemq.com, kind=hivemq-platforms, name=test-hivemq-platform, retryAfterSeconds=null, uid=null, additionalProperties={}), kind=Status, message=Operation cannot be fulfilled on hivemq-platforms.hivemq.com "test-hivemq-platform": the object has been modified; please apply your changes to the latest version and try again, metadata=ListMeta(_continue=null, remainingItemCount=null, resourceVersion=null, selfLink=null, additionalProperties={}), reason=Conflict, status=Failure, additionalProperties={}).
2025-01-30 18:31:06,112 INFO c.h.h.t.HelmChartContainer - [hivemq-test-hivemq-platform] [hivemq-platform-operator] [ac624283] 	at io.fabric8.kubernetes.client.KubernetesClientException.copyAsCause(KubernetesClientException.java:238)
2025-01-30 18:31:06,112 INFO c.h.h.t.HelmChartContainer - [hivemq-test-hivemq-platform] [hivemq-platform-operator] [ac624283] 	at io.fabric8.kubernetes.client.dsl.internal.OperationSupport.waitForResult(OperationSupport.java:507)
2025-01-30 18:31:06,112 INFO c.h.h.t.HelmChartContainer - [hivemq-test-hivemq-platform] [hivemq-platform-operator] [ac624283] 	at io.fabric8.kubernetes.client.dsl.internal.OperationSupport.handleResponse(OperationSupport.java:524)
2025-01-30 18:31:06,113 INFO c.h.h.t.HelmChartContainer - [hivemq-test-hivemq-platform] [hivemq-platform-operator] [ac624283] 	at io.fabric8.kubernetes.client.dsl.internal.OperationSupport.handleUpdate(OperationSupport.java:358)
2025-01-30 18:31:06,113 INFO c.h.h.t.HelmChartContainer - [hivemq-test-hivemq-platform] [hivemq-platform-operator] [ac624283] 	at io.fabric8.kubernetes.client.dsl.internal.BaseOperation.handleUpdate(BaseOperation.java:759)
2025-01-30 18:31:06,113 INFO c.h.h.t.HelmChartContainer - [hivemq-test-hivemq-platform] [hivemq-platform-operator] [ac624283] 	at io.fabric8.kubernetes.client.dsl.internal.HasMetadataOperation.update(HasMetadataOperation.java:138)
2025-01-30 18:31:06,113 INFO c.h.h.t.HelmChartContainer - [hivemq-test-hivemq-platform] [hivemq-platform-operator] [ac624283] 	at io.fabric8.kubernetes.client.dsl.internal.HasMetadataOperation.update(HasMetadataOperation.java:121)
2025-01-30 18:31:06,113 INFO c.h.h.t.HelmChartContainer - [hivemq-test-hivemq-platform] [hivemq-platform-operator] [ac624283] 	at io.fabric8.kubernetes.client.dsl.internal.HasMetadataOperation.updateStatus(HasMetadataOperation.java:126)
2025-01-30 18:31:06,113 INFO c.h.h.t.HelmChartContainer - [hivemq-test-hivemq-platform] [hivemq-platform-operator] [ac624283] 	at io.fabric8.kubernetes.client.dsl.internal.HasMetadataOperation.updateStatus(HasMetadataOperation.java:44)
2025-01-30 18:31:06,113 INFO c.h.h.t.HelmChartContainer - [hivemq-test-hivemq-platform] [hivemq-platform-operator] [ac624283] 	at io.javaoperatorsdk.operator.processing.event.ReconciliationDispatcher$CustomResourceFacade.updateStatus(ReconciliationDispatcher.java:408)
2025-01-30 18:31:06,113 INFO c.h.h.t.HelmChartContainer - [hivemq-test-hivemq-platform] [hivemq-platform-operator] [ac624283] 	at io.javaoperatorsdk.operator.processing.event.ReconciliationDispatcher.updateStatusGenerationAware(ReconciliationDispatcher.java:228)
2025-01-30 18:31:06,113 INFO c.h.h.t.HelmChartContainer - [hivemq-test-hivemq-platform] [hivemq-platform-operator] [ac624283] 	at io.javaoperatorsdk.operator.processing.event.ReconciliationDispatcher.reconcileExecution(ReconciliationDispatcher.java:150)
2025-01-30 18:31:06,113 INFO c.h.h.t.HelmChartContainer - [hivemq-test-hivemq-platform] [hivemq-platform-operator] [ac624283] 	at io.javaoperatorsdk.operator.processing.event.ReconciliationDispatcher.handleReconcile(ReconciliationDispatcher.java:117)
2025-01-30 18:31:06,113 INFO c.h.h.t.HelmChartContainer - [hivemq-test-hivemq-platform] [hivemq-platform-operator] [ac624283] 	at io.javaoperatorsdk.operator.processing.event.ReconciliationDispatcher.handleDispatch(ReconciliationDispatcher.java:91)
2025-01-30 18:31:06,113 INFO c.h.h.t.HelmChartContainer - [hivemq-test-hivemq-platform] [hivemq-platform-operator] [ac624283] 	at io.javaoperatorsdk.operator.processing.event.ReconciliationDispatcher.handleExecution(ReconciliationDispatcher.java:64)
2025-01-30 18:31:06,113 INFO c.h.h.t.HelmChartContainer - [hivemq-test-hivemq-platform] [hivemq-platform-operator] [ac624283] 	at io.javaoperatorsdk.operator.processing.event.EventProcessor$ReconcilerExecutor.run(EventProcessor.java:452)
2025-01-30 18:31:06,113 INFO c.h.h.t.HelmChartContainer - [hivemq-test-hivemq-platform] [hivemq-platform-operator] [ac624283] 	at java.base/java.util.concurrent.ThreadPoolExecutor.runWorker(Unknown Source)
2025-01-30 18:31:06,113 INFO c.h.h.t.HelmChartContainer - [hivemq-test-hivemq-platform] [hivemq-platform-operator] [ac624283] 	at java.base/java.util.concurrent.ThreadPoolExecutor$Worker.run(Unknown Source)
2025-01-30 18:31:06,113 INFO c.h.h.t.HelmChartContainer - [hivemq-test-hivemq-platform] [hivemq-platform-operator] [ac624283] 	at java.base/java.lang.Thread.run(Unknown Source)
2025-01-30 18:31:06,113 INFO c.h.h.t.HelmChartContainer - [hivemq-test-hivemq-platform] [hivemq-platform-operator] [ac624283] Caused by: io.fabric8.kubernetes.client.KubernetesClientException: Failure executing: PUT at: https://10.43.0.1:443/apis/hivemq.com/v1/namespaces/helmpodsecuritycontextupgradeextensionit/hivemq-platforms/test-hivemq-platform/status. Message: Operation cannot be fulfilled on hivemq-platforms.hivemq.com "test-hivemq-platform": the object has been modified; please apply your changes to the latest version and try again. Received status: Status(apiVersion=v1, code=409, details=StatusDetails(causes=[], group=hivemq.com, kind=hivemq-platforms, name=test-hivemq-platform, retryAfterSeconds=null, uid=null, additionalProperties={}), kind=Status, message=Operation cannot be fulfilled on hivemq-platforms.hivemq.com "test-hivemq-platform": the object has been modified; please apply your changes to the latest version and try again, metadata=ListMeta(_continue=null, remainingItemCount=null, resourceVersion=null, selfLink=null, additionalProperties={}), reason=Conflict, status=Failure, additionalProperties={}).
2025-01-30 18:31:06,113 INFO c.h.h.t.HelmChartContainer - [hivemq-test-hivemq-platform] [hivemq-platform-operator] [ac624283] 	at io.fabric8.kubernetes.client.dsl.internal.OperationSupport.requestFailure(OperationSupport.java:660)
2025-01-30 18:31:06,113 INFO c.h.h.t.HelmChartContainer - [hivemq-test-hivemq-platform] [hivemq-platform-operator] [ac624283] 	at io.fabric8.kubernetes.client.dsl.internal.OperationSupport.requestFailure(OperationSupport.java:640)
2025-01-30 18:31:06,113 INFO c.h.h.t.HelmChartContainer - [hivemq-test-hivemq-platform] [hivemq-platform-operator] [ac624283] 	at io.fabric8.kubernetes.client.dsl.internal.OperationSupport.assertResponseCode(OperationSupport.java:589)
2025-01-30 18:31:06,113 INFO c.h.h.t.HelmChartContainer - [hivemq-test-hivemq-platform] [hivemq-platform-operator] [ac624283] 	at io.fabric8.kubernetes.client.dsl.internal.OperationSupport.lambda$handleResponse$0(OperationSupport.java:549)
2025-01-30 18:31:06,113 INFO c.h.h.t.HelmChartContainer - [hivemq-test-hivemq-platform] [hivemq-platform-operator] [ac624283] 	at java.base/java.util.concurrent.CompletableFuture$UniApply.tryFire(Unknown Source)
2025-01-30 18:31:06,113 INFO c.h.h.t.HelmChartContainer - [hivemq-test-hivemq-platform] [hivemq-platform-operator] [ac624283] 	at java.base/java.util.concurrent.CompletableFuture.postComplete(Unknown Source)
2025-01-30 18:31:06,113 INFO c.h.h.t.HelmChartContainer - [hivemq-test-hivemq-platform] [hivemq-platform-operator] [ac624283] 	at java.base/java.util.concurrent.CompletableFuture.complete(Unknown Source)
2025-01-30 18:31:06,113 INFO c.h.h.t.HelmChartContainer - [hivemq-test-hivemq-platform] [hivemq-platform-operator] [ac624283] 	at io.fabric8.kubernetes.client.http.StandardHttpClient.lambda$completeOrCancel$10(StandardHttpClient.java:141)
2025-01-30 18:31:06,113 INFO c.h.h.t.HelmChartContainer - [hivemq-test-hivemq-platform] [hivemq-platform-operator] [ac624283] 	at java.base/java.util.concurrent.CompletableFuture.uniWhenComplete(Unknown Source)
2025-01-30 18:31:06,113 INFO c.h.h.t.HelmChartContainer - [hivemq-test-hivemq-platform] [hivemq-platform-operator] [ac624283] 	at java.base/java.util.concurrent.CompletableFuture$UniWhenComplete.tryFire(Unknown Source)
2025-01-30 18:31:06,113 INFO c.h.h.t.HelmChartContainer - [hivemq-test-hivemq-platform] [hivemq-platform-operator] [ac624283] 	at java.base/java.util.concurrent.CompletableFuture.postComplete(Unknown Source)
2025-01-30 18:31:06,113 INFO c.h.h.t.HelmChartContainer - [hivemq-test-hivemq-platform] [hivemq-platform-operator] [ac624283] 	at java.base/java.util.concurrent.CompletableFuture.complete(Unknown Source)
2025-01-30 18:31:06,113 INFO c.h.h.t.HelmChartContainer - [hivemq-test-hivemq-platform] [hivemq-platform-operator] [ac624283] 	at io.fabric8.kubernetes.client.http.ByteArrayBodyHandler.onBodyDone(ByteArrayBodyHandler.java:51)
2025-01-30 18:31:06,113 INFO c.h.h.t.HelmChartContainer - [hivemq-test-hivemq-platform] [hivemq-platform-operator] [ac624283] 	at java.base/java.util.concurrent.CompletableFuture.uniWhenComplete(Unknown Source)
2025-01-30 18:31:06,113 INFO c.h.h.t.HelmChartContainer - [hivemq-test-hivemq-platform] [hivemq-platform-operator] [ac624283] 	at java.base/java.util.concurrent.CompletableFuture$UniWhenComplete.tryFire(Unknown Source)
2025-01-30 18:31:06,113 INFO c.h.h.t.HelmChartContainer - [hivemq-test-hivemq-platform] [hivemq-platform-operator] [ac624283] 	at java.base/java.util.concurrent.CompletableFuture.postComplete(Unknown Source)
2025-01-30 18:31:06,113 INFO c.h.h.t.HelmChartContainer - [hivemq-test-hivemq-platform] [hivemq-platform-operator] [ac624283] 	at java.base/java.util.concurrent.CompletableFuture.complete(Unknown Source)
2025-01-30 18:31:06,113 INFO c.h.h.t.HelmChartContainer - [hivemq-test-hivemq-platform] [hivemq-platform-operator] [ac624283] 	at io.fabric8.kubernetes.client.vertx.VertxHttpRequest.lambda$null$1(VertxHttpRequest.java:121)
2025-01-30 18:31:06,113 INFO c.h.h.t.HelmChartContainer - [hivemq-test-hivemq-platform] [hivemq-platform-operator] [ac624283] 	at io.vertx.core.impl.ContextInternal.dispatch(ContextInternal.java:279)
2025-01-30 18:31:06,113 INFO c.h.h.t.HelmChartContainer - [hivemq-test-hivemq-platform] [hivemq-platform-operator] [ac624283] 	at io.vertx.core.impl.ContextInternal.dispatch(ContextInternal.java:261)
2025-01-30 18:31:06,113 INFO c.h.h.t.HelmChartContainer - [hivemq-test-hivemq-platform] [hivemq-platform-operator] [ac624283] 	at io.vertx.core.http.impl.HttpEventHandler.handleEnd(HttpEventHandler.java:76)
2025-01-30 18:31:06,113 INFO c.h.h.t.HelmChartContainer - [hivemq-test-hivemq-platform] [hivemq-platform-operator] [ac624283] 	at io.vertx.core.http.impl.HttpClientResponseImpl.handleEnd(HttpClientResponseImpl.java:250)
2025-01-30 18:31:06,113 INFO c.h.h.t.HelmChartContainer - [hivemq-test-hivemq-platform] [hivemq-platform-operator] [ac624283] 	at io.vertx.core.http.impl.Http1xClientConnection$StreamImpl.lambda$new$0(Http1xClientConnection.java:421)
2025-01-30 18:31:06,113 INFO c.h.h.t.HelmChartContainer - [hivemq-test-hivemq-platform] [hivemq-platform-operator] [ac624283] 	at io.vertx.core.streams.impl.InboundBuffer.handleEvent(InboundBuffer.java:279)
2025-01-30 18:31:06,113 INFO c.h.h.t.HelmChartContainer - [hivemq-test-hivemq-platform] [hivemq-platform-operator] [ac624283] 	at io.vertx.core.streams.impl.InboundBuffer.write(InboundBuffer.java:157)
2025-01-30 18:31:06,113 INFO c.h.h.t.HelmChartContainer - [hivemq-test-hivemq-platform] [hivemq-platform-operator] [ac624283] 	at io.vertx.core.http.impl.Http1xClientConnection$StreamImpl.handleEnd(Http1xClientConnection.java:709)
2025-01-30 18:31:06,113 INFO c.h.h.t.HelmChartContainer - [hivemq-test-hivemq-platform] [hivemq-platform-operator] [ac624283] 	at io.vertx.core.impl.ContextImpl.lambda$execute$4(ContextImpl.java:315)
2025-01-30 18:31:06,113 INFO c.h.h.t.HelmChartContainer - [hivemq-test-hivemq-platform] [hivemq-platform-operator] [ac624283] 	at io.netty.util.concurrent.AbstractEventExecutor.runTask(AbstractEventExecutor.java:173)
2025-01-30 18:31:06,113 INFO c.h.h.t.HelmChartContainer - [hivemq-test-hivemq-platform] [hivemq-platform-operator] [ac624283] 	at io.netty.util.concurrent.AbstractEventExecutor.safeExecute(AbstractEventExecutor.java:166)
2025-01-30 18:31:06,113 INFO c.h.h.t.HelmChartContainer - [hivemq-test-hivemq-platform] [hivemq-platform-operator] [ac624283] 	at io.netty.util.concurrent.SingleThreadEventExecutor.runAllTasks(SingleThreadEventExecutor.java:472)
2025-01-30 18:31:06,113 INFO c.h.h.t.HelmChartContainer - [hivemq-test-hivemq-platform] [hivemq-platform-operator] [ac624283] 	at io.netty.channel.nio.NioEventLoop.run(NioEventLoop.java:569)
2025-01-30 18:31:06,113 INFO c.h.h.t.HelmChartContainer - [hivemq-test-hivemq-platform] [hivemq-platform-operator] [ac624283] 	at io.netty.util.concurrent.SingleThreadEventExecutor$4.run(SingleThreadEventExecutor.java:997)
2025-01-30 18:31:06,113 INFO c.h.h.t.HelmChartContainer - [hivemq-test-hivemq-platform] [hivemq-platform-operator] [ac624283] 	at io.netty.util.internal.ThreadExecutorMap$2.run(ThreadExecutorMap.java:74)
2025-01-30 18:31:06,113 INFO c.h.h.t.HelmChartContainer - [hivemq-test-hivemq-platform] [hivemq-platform-operator] [ac624283] 	at io.netty.util.concurrent.FastThreadLocalRunnable.run(FastThreadLocalRunnable.java:30)
2025-01-30 18:31:06,113 INFO c.h.h.t.HelmChartContainer - [hivemq-test-hivemq-platform] [hivemq-platform-operator] [ac624283] 	... 1 common frames omitted
2025-01-30 18:31:06,183 INFO c.h.h.t.HelmChartContainer - [hivemq-test-hivemq-platform] [hivemq-platform-operator] [ac624283] 18:31:06.182 [ReconcilerExecutor-hivemq-controller-134] INFO  c.h.p.o.HiveMQPlatformReconciler - [helmpods] Cleanup test-hivemq-platform - helmpodsecuritycontextupgradeextensionit HiveMQ Platform is shut down
2025-01-30 18:31:06,565 INFO c.h.h.t.HelmChartContainer - [K3S] [stateful_set.go:466] "StatefulSet has been deleted" key="helmpodsecuritycontextupgradeextensionit/test-hivemq-platform"
2025-01-30 18:31:06,970 INFO c.h.h.t.HelmChartContainer - [POD] test-hivemq-platform-0 [691f2556-6425-4791-bab0-1b4e2693a766] in helmpodsecuritycontextupgradeextensionit was MODIFIED
2025-01-30 18:31:06,975 INFO c.h.h.t.HelmChartContainer - [EVENT] Normal [Killing] Stopping container hivemq [helmpodsecuritycontextupgradeextensionit:test-hivemq-platform-0]
2025-01-30 18:31:06,975 INFO c.h.h.t.HelmChartContainer - Received Killing event for container hivemq in pod test-hivemq-platform-0 [691f2556-6425-4791-bab0-1b4e2693a766]
2025-01-30 18:31:06,975 INFO c.h.h.t.HelmChartContainer - Container [test-hivemq-platform-0] [hivemq] [691f2556-6425-4791-bab0-1b4e2693a766] was terminated
2025-01-30 18:31:06,976 INFO c.h.h.t.HelmChartContainer - Stopped log watcher for hivemq in pod test-hivemq-platform-0 [691f2556-6425-4791-bab0-1b4e2693a766]
2025-01-30 18:31:06,977 INFO c.h.h.t.HelmChartContainer - [test-hivemq-platform] [hivemq] [691f2556] INFO  - [HiveMQ Platform Operator Init App 1.7.0-SNAPSHOT] Shutting down
2025-01-30 18:31:06,977 INFO c.h.h.t.HelmChartContainer - [test-hivemq-platform] [hivemq] [691f2556] INFO  - [HiveMQ Platform Operator Init App 1.7.0-SNAPSHOT] Stopping the HiveMQ Platform
2025-01-30 18:31:07,048 INFO c.h.h.t.HelmChartContainer - [test-hivemq-platform] [hivemq] [691f2556] INFO  - Shutting down HiveMQ. Please wait, this could take a while...
2025-01-30 18:31:07,129 INFO c.h.h.t.HelmChartContainer - [test-hivemq-platform] [hivemq] [691f2556] INFO  - Shutting down listeners and clients
2025-01-30 18:31:07,130 INFO c.h.h.t.HelmChartContainer - [test-hivemq-platform] [hivemq] [691f2556] INFO  - Shutdown of listeners is done
2025-01-30 18:31:07,131 INFO c.h.h.t.HelmChartContainer - [test-hivemq-platform] [hivemq] [691f2556] INFO  - No clients are connected, proceeding with shutdown
2025-01-30 18:31:07,938 INFO c.h.h.t.HelmChartContainer - Deleting namespace 'helmpodsecuritycontextupgradeextensionit'...
2025-01-30 18:31:08,918 INFO c.h.h.t.HelmChartContainer - [test-hivemq-platform] [hivemq] [691f2556] INFO  - [HiveMQ Platform Operator Init App 1.7.0-SNAPSHOT] Returning shutdown Health API response 503 for readiness
2025-01-30 18:31:08,922 INFO c.h.h.t.HelmChartContainer - [EVENT] Warning [Unhealthy] Readiness probe failed: HTTP probe failed with statuscode: 503 [helmpodsecuritycontextupgradeextensionit:test-hivemq-platform-0]
2025-01-30 18:31:08,923 INFO c.h.h.t.HelmChartContainer - Received Unhealthy event for container hivemq in pod test-hivemq-platform-0 [691f2556-6425-4791-bab0-1b4e2693a766]
2025-01-30 18:31:09,546 INFO c.h.h.t.HelmChartContainer - [test-hivemq-platform] [hivemq] [691f2556] WARN  - [HiveMQ Platform Operator Init App 1.7.0-SNAPSHOT] Could not update Pod annotations: Failure executing: GET at: https://10.43.0.1:443/api/v1/namespaces/helmpodsecuritycontextupgradeextensionit/pods/test-hivemq-platform-0. Message: pods "test-hivemq-platform-0" is forbidden: User "system:serviceaccount:helmpodsecuritycontextupgradeextensionit:hivemq-platform-pod-test-hivemq-platform" cannot get resource "pods" in API group "" in the namespace "helmpodsecuritycontextupgradeextensionit". Received status: Status(apiVersion=v1, code=403, details=StatusDetails(causes=[], group=null, kind=pods, name=test-hivemq-platform-0, retryAfterSeconds=null, uid=null, additionalProperties={}), kind=Status, message=pods "test-hivemq-platform-0" is forbidden: User "system:serviceaccount:helmpodsecuritycontextupgradeextensionit:hivemq-platform-pod-test-hivemq-platform" cannot get resource "pods" in API group "" in the namespace "helmpodsecuritycontextupgradeextensionit", metadata=ListMeta(_continue=null, remainingItemCount=null, resourceVersion=null, selfLink=null, additionalProperties={}), reason=Forbidden, status=Failure, additionalProperties={}).
2025-01-30 18:31:10,032 INFO c.h.h.t.HelmChartContainer - [test-hivemq-platform] [hivemq] [691f2556] INFO  - Shutting down extension system
2025-01-30 18:31:10,036 INFO c.h.h.t.HelmChartContainer - [test-hivemq-platform] [hivemq] [691f2556] INFO  - Stopping extension with id hivemq-dns-cluster-discovery
2025-01-30 18:31:10,037 INFO c.h.h.t.HelmChartContainer - [test-hivemq-platform] [hivemq] [691f2556] INFO  - Extension "DNS Cluster Discovery Extension" version 4.3.2 stopped successfully.
2025-01-30 18:31:10,037 INFO c.h.h.t.HelmChartContainer - [test-hivemq-platform] [hivemq] [691f2556] INFO  - Stopping extension with id hivemq-distributed-tracing-extension
2025-01-30 18:31:10,038 INFO c.h.h.t.HelmChartContainer - [test-hivemq-platform] [hivemq] [691f2556] INFO  - Extension "HiveMQ Enterprise Distributed Tracing Extension" version 4.36.0 stopped successfully.
2025-01-30 18:31:10,038 INFO c.h.h.t.HelmChartContainer - [test-hivemq-platform] [hivemq] [691f2556] INFO  - Stopping extension with id hivemq-prometheus-extension
2025-01-30 18:31:10,042 INFO c.h.h.t.HelmChartContainer - [test-hivemq-platform] [hivemq] [691f2556] INFO  - Extension "Prometheus Monitoring Extension" version 4.0.12 stopped successfully.
2025-01-30 18:31:10,043 INFO c.h.h.t.HelmChartContainer - [test-hivemq-platform] [hivemq] [691f2556] INFO  - Stopping extension with id hivemq-allow-all-extension
2025-01-30 18:31:10,043 INFO c.h.h.t.HelmChartContainer - [test-hivemq-platform] [hivemq] [691f2556] INFO  - Extension "Allow All Extension" version 1.1.1 stopped successfully.
2025-01-30 18:31:12,326 INFO c.h.h.t.HelmChartContainer - [test-hivemq-platform] [hivemq] [691f2556] INFO  - Shutdown completed.
2025-01-30 18:31:12,685 INFO c.h.h.t.HelmChartContainer - [test-hivemq-platform] [hivemq] [691f2556] INFO  - [HiveMQ Platform Operator Init App 1.7.0-SNAPSHOT] The HiveMQ Platform exited with code 143
2025-01-30 18:31:12,685 INFO c.h.h.t.HelmChartContainer - [test-hivemq-platform] [hivemq] [691f2556] INFO  - [HiveMQ Platform Operator Init App 1.7.0-SNAPSHOT] Stopping the REST API
2025-01-30 18:31:12,729 INFO c.h.h.t.HelmChartContainer - [test-hivemq-platform] [hivemq] [691f2556] INFO  - [HiveMQ Platform Operator Init App 1.7.0-SNAPSHOT] Shutdown complete
2025-01-30 18:31:13,176 INFO c.h.h.t.HelmChartContainer - [POD] test-hivemq-platform-0 [691f2556-6425-4791-bab0-1b4e2693a766] in helmpodsecuritycontextupgradeextensionit was MODIFIED
2025-01-30 18:31:13,218 INFO c.h.h.t.HelmChartContainer - [K3S] [namespace_controller.go:164] "Unhandled Error" err="deletion of namespace helmpodsecuritycontextupgradeextensionit failed: unexpected items still remain in namespace: helmpodsecuritycontextupgradeextensionit for gvr: /v1, Resource=pods"
2025-01-30 18:31:13,271 INFO c.h.h.t.HelmChartContainer - [K3S] [reconciler_common.go:162] "operationExecutor.UnmountVolume started for volume \"kube-api-access-hfxmp\" (UniqueName: \"kubernetes.io/projected/691f2556-6425-4791-bab0-1b4e2693a766-kube-api-access-hfxmp\") pod \"691f2556-6425-4791-bab0-1b4e2693a766\" (UID: \"691f2556-6425-4791-bab0-1b4e2693a766\") "
2025-01-30 18:31:13,271 INFO c.h.h.t.HelmChartContainer - [K3S] [reconciler_common.go:162] "operationExecutor.UnmountVolume started for volume \"operator-init\" (UniqueName: \"kubernetes.io/empty-dir/691f2556-6425-4791-bab0-1b4e2693a766-operator-init\") pod \"691f2556-6425-4791-bab0-1b4e2693a766\" (UID: \"691f2556-6425-4791-bab0-1b4e2693a766\") "
2025-01-30 18:31:13,271 INFO c.h.h.t.HelmChartContainer - [K3S] [reconciler_common.go:162] "operationExecutor.UnmountVolume started for volume \"extension-configuration-hivemq-distributed-tracing-extension\" (UniqueName: \"kubernetes.io/configmap/691f2556-6425-4791-bab0-1b4e2693a766-extension-configuration-hivemq-distributed-tracing-extension\") pod \"691f2556-6425-4791-bab0-1b4e2693a766\" (UID: \"691f2556-6425-4791-bab0-1b4e2693a766\") "
2025-01-30 18:31:13,271 INFO c.h.h.t.HelmChartContainer - [K3S] [reconciler_common.go:162] "operationExecutor.UnmountVolume started for volume \"pod-info\" (UniqueName: \"kubernetes.io/configmap/691f2556-6425-4791-bab0-1b4e2693a766-pod-info\") pod \"691f2556-6425-4791-bab0-1b4e2693a766\" (UID: \"691f2556-6425-4791-bab0-1b4e2693a766\") "
2025-01-30 18:31:13,272 INFO c.h.h.t.HelmChartContainer - [K3S] [reconciler_common.go:162] "operationExecutor.UnmountVolume started for volume \"broker-configuration\" (UniqueName: \"kubernetes.io/configmap/691f2556-6425-4791-bab0-1b4e2693a766-broker-configuration\") pod \"691f2556-6425-4791-bab0-1b4e2693a766\" (UID: \"691f2556-6425-4791-bab0-1b4e2693a766\") "
2025-01-30 18:31:13,371 INFO c.h.h.t.HelmChartContainer - [K3S] [reconciler_common.go:299] "Volume detached for volume \"kube-api-access-hfxmp\" (UniqueName: \"kubernetes.io/projected/691f2556-6425-4791-bab0-1b4e2693a766-kube-api-access-hfxmp\") on node \"765eedb3b269\" DevicePath \"\""
2025-01-30 18:31:13,371 INFO c.h.h.t.HelmChartContainer - [K3S] [reconciler_common.go:299] "Volume detached for volume \"operator-init\" (UniqueName: \"kubernetes.io/empty-dir/691f2556-6425-4791-bab0-1b4e2693a766-operator-init\") on node \"765eedb3b269\" DevicePath \"\""
2025-01-30 18:31:13,371 INFO c.h.h.t.HelmChartContainer - [K3S] [reconciler_common.go:299] "Volume detached for volume \"extension-configuration-hivemq-distributed-tracing-extension\" (UniqueName: \"kubernetes.io/configmap/691f2556-6425-4791-bab0-1b4e2693a766-extension-configuration-hivemq-distributed-tracing-extension\") on node \"765eedb3b269\" DevicePath \"\""
2025-01-30 18:31:13,371 INFO c.h.h.t.HelmChartContainer - [K3S] [reconciler_common.go:299] "Volume detached for volume \"pod-info\" (UniqueName: \"kubernetes.io/configmap/691f2556-6425-4791-bab0-1b4e2693a766-pod-info\") on node \"765eedb3b269\" DevicePath \"\""
2025-01-30 18:31:13,371 INFO c.h.h.t.HelmChartContainer - [K3S] [reconciler_common.go:299] "Volume detached for volume \"broker-configuration\" (UniqueName: \"kubernetes.io/configmap/691f2556-6425-4791-bab0-1b4e2693a766-broker-configuration\") on node \"765eedb3b269\" DevicePath \"\""
2025-01-30 18:31:13,382 INFO c.h.h.t.HelmChartContainer - [K3S] [namespace_controller.go:164] "Unhandled Error" err="deletion of namespace helmpodsecuritycontextupgradeextensionit failed: unexpected items still remain in namespace: helmpodsecuritycontextupgradeextensionit for gvr: /v1, Resource=pods"
2025-01-30 18:31:13,478 INFO c.h.h.t.HelmChartContainer - [K3S] [namespace_controller.go:164] "Unhandled Error" err="deletion of namespace helmpodsecuritycontextupgradeextensionit failed: unexpected items still remain in namespace: helmpodsecuritycontextupgradeextensionit for gvr: /v1, Resource=pods"
2025-01-30 18:31:13,583 INFO c.h.h.t.HelmChartContainer - [K3S] [namespace_controller.go:164] "Unhandled Error" err="deletion of namespace helmpodsecuritycontextupgradeextensionit failed: unexpected items still remain in namespace: helmpodsecuritycontextupgradeextensionit for gvr: /v1, Resource=pods"
2025-01-30 18:31:13,599 INFO c.h.h.t.HelmChartContainer - [K3S] [scope.go:117] "RemoveContainer" containerID="c8e2df2ddb206fff575dc058386bded1e8dc7e79f5b62b5bd1fbc1cfcc6b9304"
2025-01-30 18:31:13,616 INFO c.h.h.t.HelmChartContainer - [POD] test-hivemq-platform-0 [691f2556-6425-4791-bab0-1b4e2693a766] in helmpodsecuritycontextupgradeextensionit was MODIFIED
2025-01-30 18:31:13,617 INFO c.h.h.t.HelmChartContainer - [POD] test-hivemq-platform-0 [691f2556-6425-4791-bab0-1b4e2693a766] in helmpodsecuritycontextupgradeextensionit was DELETED
2025-01-30 18:31:13,724 INFO c.h.h.t.HelmChartContainer - [K3S] [scope.go:117] "RemoveContainer" containerID="219b258c3c2c0aec9be0e5fbe293d1c2b2974d4a27c5351feb85d6aa20679b8a"
2025-01-30 18:31:13,727 INFO c.h.h.t.HelmChartContainer - [K3S] [scope.go:117] "RemoveContainer" containerID="c8e2df2ddb206fff575dc058386bded1e8dc7e79f5b62b5bd1fbc1cfcc6b9304"
2025-01-30 18:31:13,728 INFO c.h.h.t.HelmChartContainer - [K3S] [scope.go:117] "RemoveContainer" containerID="219b258c3c2c0aec9be0e5fbe293d1c2b2974d4a27c5351feb85d6aa20679b8a"
2025-01-30 18:31:13,774 INFO c.h.h.t.HelmChartContainer - Namespace 'helmpodsecuritycontextupgradeextensionit' deleted
2025-01-30 18:31:13,774 INFO c.h.h.t.HelmChartContainer - Release 'test-hivemq-platform' in namespace 'helmpodsecuritycontextupgradeextensionit' is uninstalled
2025-01-30 18:31:13,774 INFO c.h.h.t.HelmChartContainer - Uninstalling release 'test-hivemq-platform-operator' in namespace 'helmpodsecuritycontextupgradeextensionit-operator'...
2025-01-30 18:31:13,774 DEBUG c.h.h.t.HelmChartContainer - Executing helm command: /bin/helm --kubeconfig /etc/rancher/k3s/k3s.yaml uninstall test-hivemq-platform-operator  --wait --timeout 5m0s --cascade foreground --namespace helmpodsecuritycontextupgradeextensionit-operator
2025-01-30 18:31:13,929 INFO c.h.h.t.HelmChartContainer - [K3S] [replica_set.go:679] "Finished syncing" kind="ReplicaSet" key="helmpodsecuritycontextupgradeextensionit-operator/hivemq-test-hivemq-platform-operator-5dbf989d8c" duration="7.474961ms"
2025-01-30 18:31:13,929 INFO c.h.h.t.HelmChartContainer - [K3S] [replica_set.go:679] "Finished syncing" kind="ReplicaSet" key="helmpodsecuritycontextupgradeextensionit-operator/hivemq-test-hivemq-platform-operator-5dbf989d8c" duration="32.942µs"
2025-01-30 18:31:13,947 INFO c.h.h.t.HelmChartContainer - [POD] hivemq-test-hivemq-platform-operator-5dbf989d8c-ggz8w [ac624283-3ab9-4bc7-bf75-5183205bb1e7] in helmpodsecuritycontextupgradeextensionit-operator was MODIFIED
2025-01-30 18:31:13,948 INFO c.h.h.t.HelmChartContainer - [EVENT] Normal [Killing] Stopping container hivemq-platform-operator [helmpodsecuritycontextupgradeextensionit-operator:hivemq-test-hivemq-platform-operator-5dbf989d8c-ggz8w]
2025-01-30 18:31:13,948 INFO c.h.h.t.HelmChartContainer - Received Killing event for container hivemq-platform-operator in pod hivemq-test-hivemq-platform-operator-5dbf989d8c-ggz8w [ac624283-3ab9-4bc7-bf75-5183205bb1e7]
2025-01-30 18:31:13,948 INFO c.h.h.t.HelmChartContainer - Container [hivemq-test-hivemq-platform-operator-5dbf989d8c-ggz8w] [hivemq-platform-operator] [ac624283-3ab9-4bc7-bf75-5183205bb1e7] was terminated
2025-01-30 18:31:13,948 INFO c.h.h.t.HelmChartContainer - Stopped log watcher for hivemq-platform-operator in pod hivemq-test-hivemq-platform-operator-5dbf989d8c-ggz8w [ac624283-3ab9-4bc7-bf75-5183205bb1e7]
2025-01-30 18:31:13,955 INFO c.h.h.t.HelmChartContainer - [K3S] [replica_set.go:679] "Finished syncing" kind="ReplicaSet" key="helmpodsecuritycontextupgradeextensionit-operator/hivemq-test-hivemq-platform-operator-5dbf989d8c" duration="11.11738ms"
2025-01-30 18:31:13,955 INFO c.h.h.t.HelmChartContainer - [K3S] [replica_set.go:679] "Finished syncing" kind="ReplicaSet" key="helmpodsecuritycontextupgradeextensionit-operator/hivemq-test-hivemq-platform-operator-5dbf989d8c" duration="33.353µs"
2025-01-30 18:31:13,969 INFO c.h.h.t.HelmChartContainer - [hivemq-test-hivemq-platform] [hivemq-platform-operator] [ac624283] 18:31:13.964 [application-shutdown-thread] INFO  c.h.p.o.HiveMQPlatformOperatorApplication - HiveMQ Platform Operator is stopping...
2025-01-30 18:31:13,972 INFO c.h.h.t.HelmChartContainer - [hivemq-test-hivemq-platform] [hivemq-platform-operator] [ac624283] 18:31:13.965 [application-shutdown-thread] INFO  i.javaoperatorsdk.operator.Operator - Operator SDK 4.9.7 is shutting down...
2025-01-30 18:31:14,323 INFO c.h.h.t.HelmChartContainer - [K3S] [kubelet_volumes.go:163] "Cleaned up orphaned pod volumes dir" podUID="691f2556-6425-4791-bab0-1b4e2693a766" path="/var/lib/kubelet/pods/691f2556-6425-4791-bab0-1b4e2693a766/volumes"
2025-01-30 18:31:14,473 INFO c.h.h.t.HelmChartContainer - [K3S] [replica_set.go:679] "Finished syncing" kind="ReplicaSet" key="helmpodsecuritycontextupgradeextensionit-operator/hivemq-test-hivemq-platform-operator-5dbf989d8c" duration="60.554µs"
2025-01-30 18:31:14,475 INFO c.h.h.t.HelmChartContainer - [POD] hivemq-test-hivemq-platform-operator-5dbf989d8c-ggz8w [ac624283-3ab9-4bc7-bf75-5183205bb1e7] in helmpodsecuritycontextupgradeextensionit-operator was MODIFIED
2025-01-30 18:31:14,575 INFO c.h.h.t.HelmChartContainer - [K3S] [reconciler_common.go:162] "operationExecutor.UnmountVolume started for volume \"kube-api-access-k5wxg\" (UniqueName: \"kubernetes.io/projected/ac624283-3ab9-4bc7-bf75-5183205bb1e7-kube-api-access-k5wxg\") pod \"ac624283-3ab9-4bc7-bf75-5183205bb1e7\" (UID: \"ac624283-3ab9-4bc7-bf75-5183205bb1e7\") "
2025-01-30 18:31:14,602 INFO c.h.h.t.HelmChartContainer - [K3S] [scope.go:117] "RemoveContainer" containerID="9c148bd4996519a5fdcd2bd7b2e9e2b0d9172cf08512e5aa746259ab0f747636"
2025-01-30 18:31:14,605 INFO c.h.h.t.HelmChartContainer - [K3S] [scope.go:117] "RemoveContainer" containerID="9c148bd4996519a5fdcd2bd7b2e9e2b0d9172cf08512e5aa746259ab0f747636"
2025-01-30 18:31:14,613 INFO c.h.h.t.HelmChartContainer - [K3S] [replica_set.go:679] "Finished syncing" kind="ReplicaSet" key="helmpodsecuritycontextupgradeextensionit-operator/hivemq-test-hivemq-platform-operator-5dbf989d8c" duration="42.69µs"
2025-01-30 18:31:14,614 INFO c.h.h.t.HelmChartContainer - [POD] hivemq-test-hivemq-platform-operator-5dbf989d8c-ggz8w [ac624283-3ab9-4bc7-bf75-5183205bb1e7] in helmpodsecuritycontextupgradeextensionit-operator was MODIFIED
2025-01-30 18:31:14,616 INFO c.h.h.t.HelmChartContainer - [K3S] [replica_set.go:679] "Finished syncing" kind="ReplicaSet" key="helmpodsecuritycontextupgradeextensionit-operator/hivemq-test-hivemq-platform-operator-5dbf989d8c" duration="26.78µs"
2025-01-30 18:31:14,616 INFO c.h.h.t.HelmChartContainer - [POD] hivemq-test-hivemq-platform-operator-5dbf989d8c-ggz8w [ac624283-3ab9-4bc7-bf75-5183205bb1e7] in helmpodsecuritycontextupgradeextensionit-operator was DELETED
2025-01-30 18:31:14,628 INFO c.h.h.t.HelmChartContainer - [K3S] [replica_set.go:679] "Finished syncing" kind="ReplicaSet" key="helmpodsecuritycontextupgradeextensionit-operator/hivemq-test-hivemq-platform-operator-5dbf989d8c" duration="6.583µs"
2025-01-30 18:31:14,676 INFO c.h.h.t.HelmChartContainer - [K3S] [reconciler_common.go:299] "Volume detached for volume \"kube-api-access-k5wxg\" (UniqueName: \"kubernetes.io/projected/ac624283-3ab9-4bc7-bf75-5183205bb1e7-kube-api-access-k5wxg\") on node \"765eedb3b269\" DevicePath \"\""
2025-01-30 18:31:15,977 INFO c.h.h.t.HelmChartContainer - Deleting namespace 'helmpodsecuritycontextupgradeextensionit-operator'...
2025-01-30 18:31:16,322 INFO c.h.h.t.HelmChartContainer - [K3S] [kubelet_volumes.go:163] "Cleaned up orphaned pod volumes dir" podUID="ac624283-3ab9-4bc7-bf75-5183205bb1e7" path="/var/lib/kubelet/pods/ac624283-3ab9-4bc7-bf75-5183205bb1e7/volumes"
2025-01-30 18:31:18,737 INFO c.h.h.t.HelmChartContainer - [K3S] [namespace_controller.go:187] "Namespace has been deleted" namespace="helmpodsecuritycontextupgradeextensionit"
2025-01-30 18:31:21,196 INFO c.h.h.t.HelmChartContainer - Namespace 'helmpodsecuritycontextupgradeextensionit-operator' deleted
2025-01-30 18:31:21,196 INFO c.h.h.t.HelmChartContainer - Release 'test-hivemq-platform-operator' in namespace 'helmpodsecuritycontextupgradeextensionit-operator' is uninstalled
2025-01-30 18:31:21,936 INFO c.h.helmcharts.AbstractHelmChartIT - Removed unused containers:

2025-01-30 18:31:26,095 INFO c.h.h.t.HelmChartContainer - [K3S] [namespace_controller.go:187] "Namespace has been deleted" namespace="helmpodsecuritycontextupgradeextensionit-operator"
2025-01-30 18:31:29,842 INFO c.h.helmcharts.AbstractHelmChartIT - Removed unused snapshots:
Removing snapshot sha256:03af251906410714c5aef9fa705b63f6bbc39c4a5e787de7361eeb18886c2ed2
Removing snapshot sha256:0c46b3b43cce082ce5ec34ffc6c294e0417d17b9d1e6f366d114b6aadc4f96dc
Removing snapshot sha256:0ce761beee59082d6ed5bcebd3a805b8ddd9b3426b617e4809e7fb7c6587ffec
Removing snapshot sha256:0df91287303208332c8ff6ba40ae4710105201739addbfbddfb955f1ad593664
Removing snapshot sha256:1021ef88c7974bfff89c5a0ec4fd3160daac6c48a075f74cff721f85dd104e68
Removing snapshot sha256:10aba4953ddc18145dd38e3704709bc464aa20af60b56fe52caaff4b68411e62
Removing snapshot sha256:2573e0d8158209ed54ab25c87bcdcb00bd3d2539246960a3d592a1c599d70465
Removing snapshot sha256:362a8a37f8bbc31925a8146adcf7cf51f9882f5c1dcbef67c5baa03a297543c0
Removing snapshot sha256:3fa4ad33f0ddc8fd45b39b6b4640f82a3a83619606cd975bfe89d8710ad2d4cd
Removing snapshot sha256:43a7c979bbaba6838bc3102d6b10a1459f3ab050b87ccdfef84ef90cf43d3058
Removing snapshot sha256:4ab04491cdf0d3267f08206fe30bd48f49f94b9cab2f016d6739220f722a64af
Removing snapshot sha256:4b6068250e89c96f263060261819c7d912855bfbd64b3eb4c4a8483299b8c295
Removing snapshot sha256:580e69a0a8034ede1921139bbd2bfb72a69ebf276d008281896c32dd8bf74775
Removing snapshot sha256:5d30ba46b27fe37484567ccc5242cadc78217b8da605f3f195ef25cbf7487904
Removing snapshot sha256:63ca1fbb43ae5034640e5e6cb3e083e05c290072c5366fcaa9d62435a4cced85
Removing snapshot sha256:67f702c6baae873bceb19487c8b1f27bd2b86077e4f2f0e480e6d60ab508b8f5
Removing snapshot sha256:6864348dd42806d552efdec384f1274be15e2d0c10ce44c1f04347af004c10a9
Removing snapshot sha256:6c7dee8f2c39b84b7dc2711c01d33de93514d9055499173e9290176fbe484b6c
Removing snapshot sha256:82753493a6d61ded36556292f02f31841a14c20d2f279f19eaad65afb661d5cd
Removing snapshot sha256:8a10d3db42c505ee0fcfa98417bdd7e39b304f6bcc0a06bb1b220797ff2cc63c
Removing snapshot sha256:a0904247e36a7726c03c71ee48f3e64462021c88dafeb13f37fdaf613b27f11c
Removing snapshot sha256:a21e5b12dbac529ad45d976eb9ce45c881f3bedcc500fb30aba1e52aa1813418
Removing snapshot sha256:b921e6c28969094157f9b8e7244677780319637afd14450b7cb6b2fdea558a0c
Removing snapshot sha256:bc27ecb5769a00e309cf99ebc763c4a4b958b618d1decc96ffac5bc05f02f5b7
Removing snapshot sha256:be3ccb6627a5332e309d45ef461d09b4879dd870c7394d89323d0ebc6ca6aa8a
Removing snapshot sha256:c261f7cbbc64211ee175ee47273acdb7b1a36a4450b397a064a8f2c026490095
Removing snapshot sha256:c34d9393647eea0c9e3557ab988efaf59f61d10a2a5613b439ef0958cca5ec10
Removing snapshot sha256:cbf594dc1c65dd5847cd90fa9c6b444cfcf578a93f789d47ba3ef7f7aafa816a
Removing snapshot sha256:ccf3c4a0fa967a41c1c83497a2ce6fa5787965859df0adb32c4ca2cf7490bc2b
Removing snapshot sha256:cf92d33f869417309692088c341cd0f223c178ea78a125f757317b22aa8f90e9
Removing snapshot sha256:d0037344cf2fb078884f1849f6a1f8cf9a33a3b6139b6a85833e5ee528e1f9a8
Removing snapshot sha256:d3b36d5b79273b1e98e7700470eaeff05a882e777124d84cebcc1505b85ecb36
Removing snapshot sha256:d65a44a37914602d12c611e5e22a50f11451d847e63015cc1c2aef92dee777a4
Removing snapshot sha256:d9289052bea348f4a7e5692e2b2909366aa73342d9e40f954179c00acfad0e28
Removing snapshot sha256:e2dc0bae2455930f23ae570e019b7f32edc75c0f2d71cab084db837ff9051796
Removing snapshot sha256:eccbd24a99c60cd9e86ee5305dbfc4a4dc89f5ab4fb1f06c8d64797cecedef34
Removing snapshot sha256:f144bb4c7c7f0d2aa7eeffd36d934ec40db1ee167be727e326aad9fdc616f475

]]></system-out>
  </testcase>
  <testcase name="Operator values: (UID=185, GID=0, valuesFile='/files/operator-pod-security-context-non-root-user-values.yaml') and Platform values: (UID=10000, GID=0, valuesFile='/files/platform-pod-security-context-non-root-user-with-tracing-extension-values.yaml')" classname="com.hivemq.helmcharts.securitycontext.HelmPodSecurityContextUpgradeExtensionIT" time="183.779">
    <system-out><![CDATA[2025-01-30 18:31:29,849 INFO c.h.h.t.HelmChartContainer - Creating namespace 'helmpodsecuritycontextupgradeextensionit-operator'...
2025-01-30 18:31:29,855 INFO c.h.h.t.HelmChartContainer - Namespace 'helmpodsecuritycontextupgradeextensionit-operator' created
2025-01-30 18:31:29,855 INFO c.h.h.t.HelmChartContainer - Creating namespace 'helmpodsecuritycontextupgradeextensionit'...
2025-01-30 18:31:29,863 INFO c.h.h.t.HelmChartContainer - Namespace 'helmpodsecuritycontextupgradeextensionit' created
2025-01-30 18:31:29,931 DEBUG c.h.h.t.HelmChartContainer - Executing helm command: /bin/helm --kubeconfig /etc/rancher/k3s/k3s.yaml install test-hivemq-platform-operator /charts/hivemq-platform-operator --wait --timeout 5m0s --set image.repository=docker.io/hivemq --set image.name=hivemq-platform-operator-test --set image.initImageName=hivemq-platform-operator-init-test --set image.tag=snapshot --set image.pullPolicy=Never --set logLevel=DEBUG --set resources.cpu=512m -f /files/operator-pod-security-context-non-root-user-values.yaml --namespace helmpodsecuritycontextupgradeextensionit-operator
2025-01-30 18:31:30,264 INFO c.h.h.t.HelmChartContainer - [K3S] [alloc.go:330] "allocated clusterIPs" service="helmpodsecuritycontextupgradeextensionit-operator/hivemq-platform-operator-test-hivemq-platform-operator" clusterIPs={"IPv4":"10.43.28.173"}
2025-01-30 18:31:30,284 INFO c.h.h.t.HelmChartContainer - [EVENT] Normal [ScalingReplicaSet] Scaled up replica set hivemq-test-hivemq-platform-operator-7ccc997bc4 from 0 to 1 [helmpodsecuritycontextupgradeextensionit-operator:hivemq-test-hivemq-platform-operator]
2025-01-30 18:31:30,295 INFO c.h.h.t.HelmChartContainer - [POD] hivemq-test-hivemq-platform-operator-7ccc997bc4-7vck6 [e510a205-7cc4-4332-aa62-e741e86e6a24] in helmpodsecuritycontextupgradeextensionit-operator was ADDED
2025-01-30 18:31:30,298 INFO c.h.h.t.HelmChartContainer - [K3S] [memory_manager.go:355] "RemoveStaleState removing state" podUID="ac624283-3ab9-4bc7-bf75-5183205bb1e7" containerName="hivemq-platform-operator"
2025-01-30 18:31:30,298 INFO c.h.h.t.HelmChartContainer - [K3S] [memory_manager.go:355] "RemoveStaleState removing state" podUID="691f2556-6425-4791-bab0-1b4e2693a766" containerName="hivemq"
2025-01-30 18:31:30,299 INFO c.h.h.t.HelmChartContainer - [POD] hivemq-test-hivemq-platform-operator-7ccc997bc4-7vck6 [e510a205-7cc4-4332-aa62-e741e86e6a24] in helmpodsecuritycontextupgradeextensionit-operator was MODIFIED
2025-01-30 18:31:30,301 INFO c.h.h.t.HelmChartContainer - [EVENT] Normal [SuccessfulCreate] Created pod: hivemq-test-hivemq-platform-operator-7ccc997bc4-7vck6 [helmpodsecuritycontextupgradeextensionit-operator:hivemq-test-hivemq-platform-operator-7ccc997bc4]
2025-01-30 18:31:30,306 INFO c.h.h.t.HelmChartContainer - [EVENT] Normal [Scheduled] Successfully assigned helmpodsecuritycontextupgradeextensionit-operator/hivemq-test-hivemq-platform-operator-7ccc997bc4-7vck6 to 765eedb3b269 [helmpodsecuritycontextupgradeextensionit-operator:hivemq-test-hivemq-platform-operator-7ccc997bc4-7vck6]
2025-01-30 18:31:30,307 INFO c.h.h.t.HelmChartContainer - [K3S] [replica_set.go:679] "Finished syncing" kind="ReplicaSet" key="helmpodsecuritycontextupgradeextensionit-operator/hivemq-test-hivemq-platform-operator-7ccc997bc4" duration="24.908291ms"
2025-01-30 18:31:30,318 INFO c.h.h.t.HelmChartContainer - [POD] hivemq-test-hivemq-platform-operator-7ccc997bc4-7vck6 [e510a205-7cc4-4332-aa62-e741e86e6a24] in helmpodsecuritycontextupgradeextensionit-operator was MODIFIED
2025-01-30 18:31:30,325 INFO c.h.h.t.HelmChartContainer - [K3S] [replica_set.go:679] "Finished syncing" kind="ReplicaSet" key="helmpodsecuritycontextupgradeextensionit-operator/hivemq-test-hivemq-platform-operator-7ccc997bc4" duration="17.532385ms"
2025-01-30 18:31:30,325 INFO c.h.h.t.HelmChartContainer - [K3S] [replica_set.go:679] "Finished syncing" kind="ReplicaSet" key="helmpodsecuritycontextupgradeextensionit-operator/hivemq-test-hivemq-platform-operator-7ccc997bc4" duration="38.382µs"
2025-01-30 18:31:30,325 INFO c.h.h.t.HelmChartContainer - [K3S] [replica_set.go:679] "Finished syncing" kind="ReplicaSet" key="helmpodsecuritycontextupgradeextensionit-operator/hivemq-test-hivemq-platform-operator-7ccc997bc4" duration="82.405µs"
2025-01-30 18:31:30,471 INFO c.h.h.t.HelmChartContainer - [K3S] [reconciler_common.go:251] "operationExecutor.VerifyControllerAttachedVolume started for volume \"kube-api-access-c9kgr\" (UniqueName: \"kubernetes.io/projected/e510a205-7cc4-4332-aa62-e741e86e6a24-kube-api-access-c9kgr\") pod \"hivemq-test-hivemq-platform-operator-7ccc997bc4-7vck6\" (UID: \"e510a205-7cc4-4332-aa62-e741e86e6a24\") " pod="helmpodsecuritycontextupgradeextensionit-operator/hivemq-test-hivemq-platform-operator-7ccc997bc4-7vck6"
2025-01-30 18:31:30,685 INFO c.h.h.t.HelmChartContainer - [EVENT] Normal [Pulled] Container image "docker.io/hivemq/hivemq-platform-operator-test:snapshot" already present on machine [helmpodsecuritycontextupgradeextensionit-operator:hivemq-test-hivemq-platform-operator-7ccc997bc4-7vck6]
2025-01-30 18:31:30,685 INFO c.h.h.t.HelmChartContainer - Received Pulled event for container hivemq-platform-operator in pod hivemq-test-hivemq-platform-operator-7ccc997bc4-7vck6 [e510a205-7cc4-4332-aa62-e741e86e6a24]
2025-01-30 18:31:31,937 INFO c.h.h.t.HelmChartContainer - [EVENT] Normal [Created] Created container: hivemq-platform-operator [helmpodsecuritycontextupgradeextensionit-operator:hivemq-test-hivemq-platform-operator-7ccc997bc4-7vck6]
2025-01-30 18:31:31,937 INFO c.h.h.t.HelmChartContainer - Received Created event for container hivemq-platform-operator in pod hivemq-test-hivemq-platform-operator-7ccc997bc4-7vck6 [e510a205-7cc4-4332-aa62-e741e86e6a24]
2025-01-30 18:31:32,646 INFO c.h.h.t.HelmChartContainer - [K3S] [replica_set.go:679] "Finished syncing" kind="ReplicaSet" key="helmpodsecuritycontextupgradeextensionit-operator/hivemq-test-hivemq-platform-operator-7ccc997bc4" duration="40.576µs"
2025-01-30 18:31:32,649 INFO c.h.h.t.HelmChartContainer - [POD] hivemq-test-hivemq-platform-operator-7ccc997bc4-7vck6 [e510a205-7cc4-4332-aa62-e741e86e6a24] in helmpodsecuritycontextupgradeextensionit-operator was MODIFIED
2025-01-30 18:31:32,660 INFO c.h.h.t.HelmChartContainer - Started log watcher for hivemq-platform-operator in pod hivemq-test-hivemq-platform-operator-7ccc997bc4-7vck6 [e510a205-7cc4-4332-aa62-e741e86e6a24]
2025-01-30 18:31:32,660 INFO c.h.h.t.HelmChartContainer - [hivemq-test-hivemq-platform] [hivemq-platform-operator] [e510a205] -------------------------------------------------------------------------
2025-01-30 18:31:32,660 INFO c.h.h.t.HelmChartContainer - [hivemq-test-hivemq-platform] [hivemq-platform-operator] [e510a205] 
2025-01-30 18:31:32,660 INFO c.h.h.t.HelmChartContainer - [EVENT] Normal [Started] Started container hivemq-platform-operator [helmpodsecuritycontextupgradeextensionit-operator:hivemq-test-hivemq-platform-operator-7ccc997bc4-7vck6]
2025-01-30 18:31:32,660 INFO c.h.h.t.HelmChartContainer - Received Started event for container hivemq-platform-operator in pod hivemq-test-hivemq-platform-operator-7ccc997bc4-7vck6 [e510a205-7cc4-4332-aa62-e741e86e6a24]
2025-01-30 18:31:32,660 INFO c.h.h.t.HelmChartContainer - [hivemq-test-hivemq-platform] [hivemq-platform-operator] [e510a205]                   _    _  _              __  __   ____
2025-01-30 18:31:32,661 INFO c.h.h.t.HelmChartContainer - [hivemq-test-hivemq-platform] [hivemq-platform-operator] [e510a205]                  | |  | |(_)            |  \/  | / __ \
2025-01-30 18:31:32,661 INFO c.h.h.t.HelmChartContainer - [hivemq-test-hivemq-platform] [hivemq-platform-operator] [e510a205]                  | |__| | _ __   __ ___ | \  / || |  | |
2025-01-30 18:31:32,661 INFO c.h.h.t.HelmChartContainer - [hivemq-test-hivemq-platform] [hivemq-platform-operator] [e510a205]                  |  __  || |\ \ / // _ \| |\/| || |  | |
2025-01-30 18:31:32,661 INFO c.h.h.t.HelmChartContainer - [hivemq-test-hivemq-platform] [hivemq-platform-operator] [e510a205]                  | |  | || | \ V /|  __/| |  | || |__| |
2025-01-30 18:31:32,661 INFO c.h.h.t.HelmChartContainer - [hivemq-test-hivemq-platform] [hivemq-platform-operator] [e510a205]                  |_|  |_||_|  \_/  \___||_|  |_| \___\_\
2025-01-30 18:31:32,661 INFO c.h.h.t.HelmChartContainer - [hivemq-test-hivemq-platform] [hivemq-platform-operator] [e510a205] 
2025-01-30 18:31:32,661 INFO c.h.h.t.HelmChartContainer - [hivemq-test-hivemq-platform] [hivemq-platform-operator] [e510a205] -------------------------------------------------------------------------
2025-01-30 18:31:32,661 INFO c.h.h.t.HelmChartContainer - [hivemq-test-hivemq-platform] [hivemq-platform-operator] [e510a205] 
2025-01-30 18:31:32,661 INFO c.h.h.t.HelmChartContainer - [hivemq-test-hivemq-platform] [hivemq-platform-operator] [e510a205]   HiveMQ Platform Operator Start Script v1.0
2025-01-30 18:31:32,661 INFO c.h.h.t.HelmChartContainer - [hivemq-test-hivemq-platform] [hivemq-platform-operator] [e510a205] 
2025-01-30 18:31:32,661 INFO c.h.h.t.HelmChartContainer - [hivemq-test-hivemq-platform] [hivemq-platform-operator] [e510a205] -------------------------------------------------------------------------
2025-01-30 18:31:32,661 INFO c.h.h.t.HelmChartContainer - [hivemq-test-hivemq-platform] [hivemq-platform-operator] [e510a205] 
2025-01-30 18:31:32,661 INFO c.h.h.t.HelmChartContainer - [hivemq-test-hivemq-platform] [hivemq-platform-operator] [e510a205]   JAVA_OPTS: -XX:+UnlockExperimentalVMOptions -XX:InitialRAMPercentage=75 -XX:MaxRAMPercentage=75 -Duser.language=en -Duser.region=US
2025-01-30 18:31:32,661 INFO c.h.h.t.HelmChartContainer - [hivemq-test-hivemq-platform] [hivemq-platform-operator] [e510a205] 
2025-01-30 18:31:32,661 INFO c.h.h.t.HelmChartContainer - [hivemq-test-hivemq-platform] [hivemq-platform-operator] [e510a205]   JAVA_VERSION: 21
2025-01-30 18:31:32,661 INFO c.h.h.t.HelmChartContainer - [hivemq-test-hivemq-platform] [hivemq-platform-operator] [e510a205] 
2025-01-30 18:31:32,661 INFO c.h.h.t.HelmChartContainer - [hivemq-test-hivemq-platform] [hivemq-platform-operator] [e510a205] -------------------------------------------------------------------------
2025-01-30 18:31:32,661 INFO c.h.h.t.HelmChartContainer - [hivemq-test-hivemq-platform] [hivemq-platform-operator] [e510a205] 
2025-01-30 18:31:35,234 INFO c.h.h.t.HelmChartContainer - [hivemq-test-hivemq-platform] [hivemq-platform-operator] [e510a205] 18:31:35.231 [main] DEBUG org.jboss.logging - Logging Provider: org.jboss.logging.Slf4jLoggerProvider
2025-01-30 18:31:35,337 INFO c.h.h.t.HelmChartContainer - [hivemq-test-hivemq-platform] [hivemq-platform-operator] [e510a205] 18:31:35.336 [main] DEBUG io.smallrye.config - SRCFG01006: Loaded ConfigSource SysPropConfigSource with ordinal 400
2025-01-30 18:31:35,337 INFO c.h.h.t.HelmChartContainer - [hivemq-test-hivemq-platform] [hivemq-platform-operator] [e510a205] 18:31:35.336 [main] DEBUG io.smallrye.config - SRCFG01006: Loaded ConfigSource EnvConfigSource with ordinal 300
2025-01-30 18:31:35,337 INFO c.h.h.t.HelmChartContainer - [hivemq-test-hivemq-platform] [hivemq-platform-operator] [e510a205] 18:31:35.336 [main] DEBUG io.smallrye.config - SRCFG01006: Loaded ConfigSource PropertiesConfigSource[source=jar:file:///opt/hivemq-platform-operator/bin/hivemq-platform-operator.jar!/hivemq-platform-operator.properties] with ordinal 100
2025-01-30 18:31:35,337 INFO c.h.h.t.HelmChartContainer - [hivemq-test-hivemq-platform] [hivemq-platform-operator] [e510a205] 18:31:35.336 [main] DEBUG io.smallrye.config - SRCFG01006: Loaded ConfigSource DefaultValuesConfigSource with ordinal -2147483648
2025-01-30 18:31:35,440 INFO c.h.h.t.HelmChartContainer - [hivemq-test-hivemq-platform] [hivemq-platform-operator] [e510a205] 18:31:35.439 [main] DEBUG i.m.c.u.i.l.InternalLoggerFactory - Using SLF4J as the default logging framework
2025-01-30 18:31:35,598 INFO c.h.h.t.HelmChartContainer - [hivemq-test-hivemq-platform] [hivemq-platform-operator] [e510a205] 18:31:35.590 [main] INFO  c.h.p.o.HiveMQPlatformOperatorApplication - HiveMQ Platform Operator 1.7.0-SNAPSHOT (commit: 47e3375 on branch: HEAD) built on Thu Jan 30 03:55:50 UTC 2025
2025-01-30 18:31:35,630 INFO c.h.h.t.HelmChartContainer - [hivemq-test-hivemq-platform] [hivemq-platform-operator] [e510a205] 18:31:35.629 [main] INFO  c.h.p.o.HiveMQPlatformOperatorApplication - HiveMQ Platform Operator is running in namespace: helmpodsecuritycontextupgradeextensionit-operator
2025-01-30 18:31:35,632 INFO c.h.h.t.HelmChartContainer - [hivemq-test-hivemq-platform] [hivemq-platform-operator] [e510a205] 18:31:35.629 [main] INFO  c.h.p.o.HiveMQPlatformOperatorApplication - Watching all namespaces
2025-01-30 18:31:35,632 INFO c.h.h.t.HelmChartContainer - [hivemq-test-hivemq-platform] [hivemq-platform-operator] [e510a205] 18:31:35.629 [main] INFO  c.h.p.o.HiveMQPlatformOperatorApplication - Log level: DEBUG
2025-01-30 18:31:35,632 INFO c.h.h.t.HelmChartContainer - [hivemq-test-hivemq-platform] [hivemq-platform-operator] [e510a205] 18:31:35.629 [main] INFO  c.h.p.o.HiveMQPlatformOperatorApplication - Release name: test-hivemq-platform-operator
2025-01-30 18:31:35,632 INFO c.h.h.t.HelmChartContainer - [hivemq-test-hivemq-platform] [hivemq-platform-operator] [e510a205] 18:31:35.629 [main] INFO  c.h.p.o.HiveMQPlatformOperatorApplication - HiveMQ Platform Operator Init image: docker.io/hivemq/hivemq-platform-operator-init-test:snapshot
2025-01-30 18:31:35,632 INFO c.h.h.t.HelmChartContainer - [hivemq-test-hivemq-platform] [hivemq-platform-operator] [e510a205] 18:31:35.629 [main] INFO  c.h.p.o.HiveMQPlatformOperatorApplication - HiveMQ Platform Operator Init App update URL: http://hivemq-platform-operator-test-hivemq-platform-operator.helmpodsecuritycontextupgradeextensionit-operator.svc:8080/initAppUpdate/hivemq-platform-operator-init-app-1.7.0-SNAPSHOT.jar
2025-01-30 18:31:35,632 INFO c.h.h.t.HelmChartContainer - [hivemq-test-hivemq-platform] [hivemq-platform-operator] [e510a205] 18:31:35.629 [main] INFO  c.h.p.o.HiveMQPlatformOperatorApplication - Additional imagePullSecret for all Platform deployments: none
2025-01-30 18:31:35,632 INFO c.h.h.t.HelmChartContainer - [hivemq-test-hivemq-platform] [hivemq-platform-operator] [e510a205] 18:31:35.630 [main] INFO  c.h.p.o.HiveMQPlatformOperatorApplication - Apply HiveMQ Platform CRD: true
2025-01-30 18:31:35,632 INFO c.h.h.t.HelmChartContainer - [hivemq-test-hivemq-platform] [hivemq-platform-operator] [e510a205] 18:31:35.630 [main] INFO  c.h.p.o.HiveMQPlatformOperatorApplication - Create Platform ServiceAccount: true
2025-01-30 18:31:35,632 INFO c.h.h.t.HelmChartContainer - [hivemq-test-hivemq-platform] [hivemq-platform-operator] [e510a205] 18:31:35.630 [main] INFO  c.h.p.o.HiveMQPlatformOperatorApplication - Create Platform ServiceAccount permissions: true
2025-01-30 18:31:35,632 INFO c.h.h.t.HelmChartContainer - [hivemq-test-hivemq-platform] [hivemq-platform-operator] [e510a205] 18:31:35.630 [main] INFO  c.h.p.o.HiveMQPlatformOperatorApplication - Validate Platform ServiceAccount: true
2025-01-30 18:31:35,633 INFO c.h.h.t.HelmChartContainer - [hivemq-test-hivemq-platform] [hivemq-platform-operator] [e510a205] 18:31:35.630 [main] INFO  c.h.p.o.HiveMQPlatformOperatorApplication - Validate Platform ServiceAccount permissions: true
2025-01-30 18:31:35,647 INFO c.h.h.t.HelmChartContainer - [hivemq-test-hivemq-platform] [hivemq-platform-operator] [e510a205] 18:31:35.646 [main] INFO  c.h.platform.operator.util.CRDUtil - Verifying deployed HiveMQ Platform CRD...
2025-01-30 18:31:38,234 INFO c.h.h.t.HelmChartContainer - [hivemq-test-hivemq-platform] [hivemq-platform-operator] [e510a205] 18:31:38.232 [main] DEBUG c.h.platform.operator.util.CRDUtil - HiveMQ Platform CRD version v1 is up to date
2025-01-30 18:31:38,234 INFO c.h.h.t.HelmChartContainer - [hivemq-test-hivemq-platform] [hivemq-platform-operator] [e510a205] 18:31:38.232 [main] INFO  c.h.platform.operator.util.CRDUtil - HiveMQ Platform CRD is up to date (version: V1_6_0)
2025-01-30 18:31:38,234 INFO c.h.h.t.HelmChartContainer - [hivemq-test-hivemq-platform] [hivemq-platform-operator] [e510a205] 18:31:38.232 [main] INFO  c.h.platform.operator.util.CRDUtil - Waiting 10000 ms for HiveMQ Platform CRD 'hivemq-platforms.hivemq.com' to become ready...
2025-01-30 18:31:38,537 INFO c.h.h.t.HelmChartContainer - [hivemq-test-hivemq-platform] [hivemq-platform-operator] [e510a205] 18:31:38.535 [vert.x-eventloop-thread-1] DEBUG c.h.platform.operator.util.CRDUtil - Checking CRD condition 'NamesAccepted' (status: 'True')
2025-01-30 18:31:38,537 INFO c.h.h.t.HelmChartContainer - [hivemq-test-hivemq-platform] [hivemq-platform-operator] [e510a205] 18:31:38.536 [vert.x-eventloop-thread-1] DEBUG c.h.platform.operator.util.CRDUtil - Checking CRD condition 'Established' (status: 'True')
2025-01-30 18:31:38,538 INFO c.h.h.t.HelmChartContainer - [hivemq-test-hivemq-platform] [hivemq-platform-operator] [e510a205] 18:31:38.536 [main] INFO  c.h.platform.operator.util.CRDUtil - HiveMQ Platform CRD 'hivemq-platforms.hivemq.com' is ready
2025-01-30 18:31:38,736 INFO c.h.h.t.HelmChartContainer - [hivemq-test-hivemq-platform] [hivemq-platform-operator] [e510a205] 18:31:38.735 [main] INFO  c.h.p.o.HiveMQPlatformReconciler - HiveMQ Platform Operator is starting...
2025-01-30 18:31:38,830 INFO c.h.h.t.HelmChartContainer - [hivemq-test-hivemq-platform] [hivemq-platform-operator] [e510a205] 18:31:38.829 [main] WARN  Default ConfigurationService implementation - Configuration for reconciler 'hivemq-controller' was not found. Known reconcilers: None.
2025-01-30 18:31:38,838 INFO c.h.h.t.HelmChartContainer - [hivemq-test-hivemq-platform] [hivemq-platform-operator] [e510a205] 18:31:38.837 [main] INFO  Default ConfigurationService implementation - Created configuration for reconciler com.hivemq.platform.operator.HiveMQPlatformReconciler with name hivemq-controller
2025-01-30 18:31:38,937 INFO c.h.h.t.HelmChartContainer - [hivemq-test-hivemq-platform] [hivemq-platform-operator] [e510a205] 18:31:38.936 [main] DEBUG c.h.p.o.HiveMQPlatformReconciler - HiveMQ Platform Operator is preparing EventSources
2025-01-30 18:31:38,997 INFO c.h.h.t.HelmChartContainer - [hivemq-test-hivemq-platform] [hivemq-platform-operator] [e510a205] 18:31:38.996 [main] INFO  i.javaoperatorsdk.operator.Operator - Registered reconciler: 'hivemq-controller' for resource: 'class com.hivemq.platform.operator.v1.HiveMQPlatform' for namespace(s): [all namespaces]
2025-01-30 18:31:39,541 INFO c.h.h.t.HelmChartContainer - [hivemq-test-hivemq-platform] [hivemq-platform-operator] [e510a205] 18:31:39.540 [main] INFO  c.h.p.operator.webserver.JettyServer - Starting Jetty server on port 8080
2025-01-30 18:31:39,642 INFO c.h.h.t.HelmChartContainer - [hivemq-test-hivemq-platform] [hivemq-platform-operator] [e510a205] 18:31:39.641 [main] INFO  i.javaoperatorsdk.operator.Operator - Operator SDK 4.9.7 (commit: 2133d28) built on Wed Nov 20 12:56:20 UTC 2024 starting...
2025-01-30 18:31:39,643 INFO c.h.h.t.HelmChartContainer - [hivemq-test-hivemq-platform] [hivemq-platform-operator] [e510a205] 18:31:39.641 [main] INFO  i.javaoperatorsdk.operator.Operator - Client version: 6.13.5
2025-01-30 18:31:39,644 INFO c.h.h.t.HelmChartContainer - [hivemq-test-hivemq-platform] [hivemq-platform-operator] [e510a205] 18:31:39.643 [Controller Starter for: hivemq-controller] INFO  i.j.operator.processing.Controller - Starting 'hivemq-controller' controller for reconciler: com.hivemq.platform.operator.HiveMQPlatformReconciler, resource: com.hivemq.platform.operator.v1.HiveMQPlatform
2025-01-30 18:31:42,193 INFO c.h.h.t.HelmChartContainer - [hivemq-test-hivemq-platform] [hivemq-platform-operator] [e510a205] 18:31:42.191 [Controller Starter for: hivemq-controller] INFO  i.j.operator.processing.Controller - 'hivemq-controller' controller started
2025-01-30 18:31:42,193 INFO c.h.h.t.HelmChartContainer - [hivemq-test-hivemq-platform] [hivemq-platform-operator] [e510a205] 18:31:42.192 [main] INFO  c.h.p.o.HiveMQPlatformOperatorApplication - HiveMQ Platform Operator 1.7.0-SNAPSHOT started in 6601 ms
2025-01-30 18:31:43,659 INFO c.h.h.t.HelmChartContainer - [POD] hivemq-test-hivemq-platform-operator-7ccc997bc4-7vck6 [e510a205-7cc4-4332-aa62-e741e86e6a24] in helmpodsecuritycontextupgradeextensionit-operator was MODIFIED
2025-01-30 18:31:43,664 INFO c.h.h.t.HelmChartContainer - [K3S] [replica_set.go:679] "Finished syncing" kind="ReplicaSet" key="helmpodsecuritycontextupgradeextensionit-operator/hivemq-test-hivemq-platform-operator-7ccc997bc4" duration="9.027949ms"
2025-01-30 18:31:43,664 INFO c.h.h.t.HelmChartContainer - [K3S] [replica_set.go:679] "Finished syncing" kind="ReplicaSet" key="helmpodsecuritycontextupgradeextensionit-operator/hivemq-test-hivemq-platform-operator-7ccc997bc4" duration="36.889µs"
2025-01-30 18:31:44,343 INFO com.hivemq.helmcharts.util.K8sUtil - Pod 'hivemq-test-hivemq-platform-operator-7ccc997bc4-7vck6' is ready
2025-01-30 18:31:44,443 DEBUG com.hivemq.helmcharts.util.PodUtil - Received status for command '[sh, -c, stat -c "%u:%g" /proc/1]' on pod 'hivemq-test-hivemq-platform-operator-7ccc997bc4-7vck6' (exit code: 0)
2025-01-30 18:31:44,452 INFO c.h.h.testcontainer.LogWaiterUtil - TEST Waiting for log pattern on 'test-hivemq-platform-0': .*Extension "HiveMQ Enterprise Distributed Tracing Extension" version .* started successfully.
2025-01-30 18:31:44,508 DEBUG c.h.h.t.HelmChartContainer - Executing helm command: /bin/helm --kubeconfig /etc/rancher/k3s/k3s.yaml install test-hivemq-platform /charts/hivemq-platform --wait --timeout 5m0s --set image.repository=docker.io/hivemq --set image.tag=4.36.0 --set image.pullPolicy=Never --set nodes.resources.cpu=512m -f /files/platform-pod-security-context-non-root-user-with-tracing-extension-values.yaml --namespace helmpodsecuritycontextupgradeextensionit
2025-01-30 18:31:44,740 INFO c.h.h.t.HelmChartContainer - [hivemq-test-hivemq-platform] [hivemq-platform-operator] [e510a205] 18:31:44.739 [-2082509879-pool-1-thread-1] WARN  i.m.p.PrometheusMeterRegistry - The meter (MeterId{name='operator.sdk.events.received', tags=[tag(action=ADDED),tag(event=ResourceEvent),tag(group=hivemq.com),tag(kind=HiveMQPlatform),tag(name=test-hivemq-platform),tag(namespace=helmpodsecuritycontextupgradeextensionit),tag(scope=namespace),tag(version=v1)]}) registration has failed: Prometheus requires that all meters with the same name have the same set of tag keys. There is already an existing meter named 'operator.sdk.events.received' containing tag keys [event, group, kind, name, namespace, scope, version]. The meter you are attempting to register has keys [action, event, group, kind, name, namespace, scope, version]. Note that subsequent logs will be logged at debug level.
2025-01-30 18:31:45,198 INFO c.h.h.t.HelmChartContainer - [hivemq-test-hivemq-platform] [hivemq-platform-operator] [e510a205] 18:31:45.197 [pool-6-thread-3] DEBUG c.h.p.o.dependants.PodInfoConfigMap - [helmpods] Desired PodInfo ConfigMap (1 extensions) (1 enabled)
2025-01-30 18:31:45,199 INFO c.h.h.t.HelmChartContainer - [hivemq-test-hivemq-platform] [hivemq-platform-operator] [e510a205] 18:31:45.198 [pool-6-thread-3] DEBUG c.h.p.o.dependants.PodInfoConfigMap - [helmpods] Desired PodInfo ConfigMap (metrics port: 9399) (metrics path: /)
2025-01-30 18:31:45,199 INFO c.h.h.t.HelmChartContainer - [hivemq-test-hivemq-platform] [hivemq-platform-operator] [e510a205] 18:31:45.198 [pool-6-thread-3] DEBUG c.h.p.o.dependants.PodInfoConfigMap - [helmpods] Desired PodInfo ConfigMap (extension state hash: -1423846966)
2025-01-30 18:31:45,200 INFO c.h.h.t.HelmChartContainer - [hivemq-test-hivemq-platform] [hivemq-platform-operator] [e510a205] 18:31:45.199 [pool-6-thread-3] DEBUG c.h.p.o.dependants.PodInfoConfigMap - [helmpods] Create PodInfo ConfigMap
2025-01-30 18:31:45,296 INFO c.h.h.t.HelmChartContainer - [hivemq-test-hivemq-platform] [hivemq-platform-operator] [e510a205] 18:31:45.293 [pool-6-thread-5] DEBUG c.h.p.o.dependants.PodRoleResource - [helmpods] Create Role: Role(apiVersion=rbac.authorization.k8s.io/v1, kind=Role, metadata=ObjectMeta(annotations={meta.helm.sh/release-name=test-hivemq-platform, meta.helm.sh/release-namespace=helmpodsecuritycontextupgradeextensionit}, creationTimestamp=null, deletionGracePeriodSeconds=null, deletionTimestamp=null, finalizers=[], generateName=null, generation=null, labels={helm.sh/chart=hivemq-platform-0.2.32, app.kubernetes.io/managed-by=Helm, app.kubernetes.io/name=hivemq-platform, hivemq-platform=test-hivemq-platform, app.kubernetes.io/instance=test-hivemq-platform, app.kubernetes.io/version=4.36.0}, managedFields=[], name=hivemq-platform-role-test-hivemq-platform, namespace=helmpodsecuritycontextupgradeextensionit, ownerReferences=[OwnerReference(apiVersion=hivemq.com/v1, blockOwnerDeletion=null, controller=null, kind=HiveMQPlatform, name=test-hivemq-platform, uid=d816b79c-d92f-4b9f-96b2-1505b0c52d96, additionalProperties={})], resourceVersion=null, selfLink=null, uid=null, additionalProperties={}), rules=[PolicyRule(apiGroups=[], nonResourceURLs=[], resourceNames=[], resources=[pods], verbs=[get, patch, update], additionalProperties={})], additionalProperties={})
2025-01-30 18:31:45,395 INFO c.h.h.t.HelmChartContainer - [hivemq-test-hivemq-platform] [hivemq-platform-operator] [e510a205] 18:31:45.393 [pool-6-thread-7] DEBUG c.h.p.o.d.PodServiceAccountResource - [helmpods] Desired PodServiceAccountResource (serviceAccountName: hivemq-platform-pod-test-hivemq-platform)
2025-01-30 18:31:45,395 INFO c.h.h.t.HelmChartContainer - [hivemq-test-hivemq-platform] [hivemq-platform-operator] [e510a205] 18:31:45.394 [pool-6-thread-7] DEBUG c.h.p.o.d.PodServiceAccountResource - [helmpods] Create ServiceAccount 'hivemq-platform-pod-test-hivemq-platform'
2025-01-30 18:31:45,503 INFO c.h.h.t.HelmChartContainer - [hivemq-test-hivemq-platform] [hivemq-platform-operator] [e510a205] 18:31:45.502 [pool-6-thread-10] DEBUG c.h.p.o.d.PodRoleBindingResource - [helmpods] Create RoleBinding: RoleBinding(apiVersion=rbac.authorization.k8s.io/v1, kind=RoleBinding, metadata=ObjectMeta(annotations={meta.helm.sh/release-name=test-hivemq-platform, meta.helm.sh/release-namespace=helmpodsecuritycontextupgradeextensionit}, creationTimestamp=null, deletionGracePeriodSeconds=null, deletionTimestamp=null, finalizers=[], generateName=null, generation=null, labels={helm.sh/chart=hivemq-platform-0.2.32, app.kubernetes.io/managed-by=Helm, app.kubernetes.io/name=hivemq-platform, hivemq-platform=test-hivemq-platform, app.kubernetes.io/instance=test-hivemq-platform, app.kubernetes.io/version=4.36.0}, managedFields=[], name=hivemq-platform-role-binding-test-hivemq-platform, namespace=helmpodsecuritycontextupgradeextensionit, ownerReferences=[OwnerReference(apiVersion=hivemq.com/v1, blockOwnerDeletion=null, controller=null, kind=HiveMQPlatform, name=test-hivemq-platform, uid=d816b79c-d92f-4b9f-96b2-1505b0c52d96, additionalProperties={})], resourceVersion=null, selfLink=null, uid=null, additionalProperties={}), roleRef=RoleRef(apiGroup=rbac.authorization.k8s.io, kind=Role, name=hivemq-platform-role-test-hivemq-platform, additionalProperties={}), subjects=[Subject(apiGroup=null, kind=ServiceAccount, name=hivemq-platform-pod-test-hivemq-platform, namespace=helmpodsecuritycontextupgradeextensionit, additionalProperties={})], additionalProperties={})
2025-01-30 18:31:45,593 INFO c.h.h.t.HelmChartContainer - [hivemq-test-hivemq-platform] [hivemq-platform-operator] [e510a205] 18:31:45.592 [ReconcilerExecutor-hivemq-controller-54] INFO  c.h.p.o.HiveMQPlatformReconciler - [helmpods] Reconciling HiveMQ Platform 'test-hivemq-platform' in namespace 'helmpodsecuritycontextupgradeextensionit'
2025-01-30 18:31:45,594 INFO c.h.h.t.HelmChartContainer - [hivemq-test-hivemq-platform] [hivemq-platform-operator] [e510a205] 18:31:45.592 [ReconcilerExecutor-hivemq-controller-54] DEBUG c.h.p.o.HiveMQPlatformReconciler - [helmpods] Custom Resource Status CREATED - HiveMQ Platform was created (READY)
2025-01-30 18:31:45,594 INFO c.h.h.t.HelmChartContainer - [hivemq-test-hivemq-platform] [hivemq-platform-operator] [e510a205] 18:31:45.592 [ReconcilerExecutor-hivemq-controller-54] DEBUG c.h.p.o.HiveMQPlatformReconciler - [helmpods] Custom Resource Spec (replicas: 1) (extensions: 1)
2025-01-30 18:31:45,597 INFO c.h.h.t.HelmChartContainer - [hivemq-test-hivemq-platform] [hivemq-platform-operator] [e510a205] 18:31:45.596 [ReconcilerExecutor-hivemq-controller-54] INFO  c.h.p.o.h.HiveMQPlatformReconcilerBaseHandler - [helmpods] HiveMQ Platform is starting
2025-01-30 18:31:45,702 INFO c.h.h.t.HelmChartContainer - [hivemq-test-hivemq-platform] [hivemq-platform-operator] [e510a205] 18:31:45.701 [ReconcilerExecutor-hivemq-controller-54] DEBUG c.h.p.operator.event.EventSender - [helmpods] Creating K8s event hivemq-platform-starting: [Start] HiveMQ Platform is starting
2025-01-30 18:31:45,735 INFO c.h.h.t.HelmChartContainer - [EVENT] Normal [Start] HiveMQ Platform is starting [helmpodsecuritycontextupgradeextensionit:test-hivemq-platform]
2025-01-30 18:31:45,738 INFO c.h.h.t.HelmChartContainer - [hivemq-test-hivemq-platform] [hivemq-platform-operator] [e510a205] 18:31:45.737 [ReconcilerExecutor-hivemq-controller-54] INFO  c.h.p.o.h.AbstractHiveMQReconcilerStateHandler - [helmpods] Update HiveMQ Platform Status (CREATED [READY] -> STARTING [READY]): HiveMQ Platform is starting
2025-01-30 18:31:45,802 DEBUG com.hivemq.helmcharts.util.K8sUtil - Comparing actual state 'STARTING' and waiting for 'RUNNING'
2025-01-30 18:31:55,839 INFO c.h.h.t.HelmChartContainer - [hivemq-test-hivemq-platform] [hivemq-platform-operator] [e510a205] 18:31:55.838 [pool-6-thread-12] DEBUG c.h.p.o.d.PlatformServiceResource - [helmpods] Desired Platform services (3 services)
2025-01-30 18:31:55,843 INFO c.h.h.t.HelmChartContainer - [hivemq-test-hivemq-platform] [hivemq-platform-operator] [e510a205] 18:31:55.841 [pool-6-thread-13] DEBUG c.h.p.o.dependants.PodInfoConfigMap - [helmpods] Desired PodInfo ConfigMap (1 extensions) (1 enabled)
2025-01-30 18:31:55,845 INFO c.h.h.t.HelmChartContainer - [hivemq-test-hivemq-platform] [hivemq-platform-operator] [e510a205] 18:31:55.842 [pool-6-thread-13] DEBUG c.h.p.o.dependants.PodInfoConfigMap - [helmpods] Desired PodInfo ConfigMap (metrics port: 9399) (metrics path: /)
2025-01-30 18:31:55,845 INFO c.h.h.t.HelmChartContainer - [hivemq-test-hivemq-platform] [hivemq-platform-operator] [e510a205] 18:31:55.842 [pool-6-thread-13] DEBUG c.h.p.o.dependants.PodInfoConfigMap - [helmpods] Desired PodInfo ConfigMap (extension state hash: -1423846966)
2025-01-30 18:31:55,845 INFO c.h.h.t.HelmChartContainer - [hivemq-test-hivemq-platform] [hivemq-platform-operator] [e510a205] 18:31:55.843 [pool-6-thread-17] DEBUG c.h.p.o.d.PodServiceAccountResource - [helmpods] Desired PodServiceAccountResource (serviceAccountName: hivemq-platform-pod-test-hivemq-platform)
2025-01-30 18:31:55,937 INFO c.h.h.t.HelmChartContainer - [hivemq-test-hivemq-platform] [hivemq-platform-operator] [e510a205] 18:31:55.932 [pool-6-thread-13] DEBUG c.h.p.o.dependants.PodInfoConfigMap - [helmpods] Update PodInfo ConfigMap
2025-01-30 18:31:55,939 INFO c.h.h.t.HelmChartContainer - [K3S] [alloc.go:330] "allocated clusterIPs" service="helmpodsecuritycontextupgradeextensionit/hivemq-test-hivemq-platform-mqtt-1883" clusterIPs={"IPv4":"10.43.63.166"}
2025-01-30 18:31:55,957 INFO c.h.h.t.HelmChartContainer - [K3S] [alloc.go:330] "allocated clusterIPs" service="helmpodsecuritycontextupgradeextensionit/hivemq-test-hivemq-platform-cc-8080" clusterIPs={"IPv4":"10.43.126.25"}
2025-01-30 18:31:56,041 INFO c.h.h.t.HelmChartContainer - [K3S] [alloc.go:330] "allocated clusterIPs" service="helmpodsecuritycontextupgradeextensionit/hivemq-test-hivemq-platform-metrics-9399" clusterIPs={"IPv4":"10.43.7.236"}
2025-01-30 18:31:56,050 INFO c.h.h.t.HelmChartContainer - [hivemq-test-hivemq-platform] [hivemq-platform-operator] [e510a205] 18:31:56.048 [pool-6-thread-20] DEBUG c.h.p.o.d.StatefulSetResource - [helmpods] Desired StatefulSet (1 replicas) for status STARTING (READY)
2025-01-30 18:31:56,141 INFO c.h.h.t.HelmChartContainer - [hivemq-test-hivemq-platform] [hivemq-platform-operator] [e510a205] 18:31:56.140 [pool-6-thread-20] DEBUG c.h.p.o.d.StatefulSetResource - [helmpods] Create StatefulSet
2025-01-30 18:31:56,242 INFO c.h.h.t.HelmChartContainer - [hivemq-test-hivemq-platform] [hivemq-platform-operator] [e510a205] 18:31:56.241 [ReconcilerExecutor-hivemq-controller-65] INFO  c.h.p.o.HiveMQPlatformReconciler - [helmpods] Reconciling HiveMQ Platform 'test-hivemq-platform' in namespace 'helmpodsecuritycontextupgradeextensionit'
2025-01-30 18:31:56,243 INFO c.h.h.t.HelmChartContainer - [hivemq-test-hivemq-platform] [hivemq-platform-operator] [e510a205] 18:31:56.241 [ReconcilerExecutor-hivemq-controller-65] DEBUG c.h.p.o.HiveMQPlatformReconciler - [helmpods] Custom Resource Status STARTING - HiveMQ Platform is starting (READY)
2025-01-30 18:31:56,246 INFO c.h.h.t.HelmChartContainer - [hivemq-test-hivemq-platform] [hivemq-platform-operator] [e510a205] 18:31:56.242 [ReconcilerExecutor-hivemq-controller-65] DEBUG c.h.p.o.HiveMQPlatformReconciler - [helmpods] Custom Resource Spec (replicas: 1) (extensions: 1)
2025-01-30 18:31:56,250 INFO c.h.h.t.HelmChartContainer - [hivemq-test-hivemq-platform] [hivemq-platform-operator] [e510a205] 18:31:56.249 [ReconcilerExecutor-hivemq-controller-65] DEBUG c.h.p.o.HiveMQPlatformReconciler - [helmpods] StatefulSet Status (revision: null, replicas: 0, available: 0, ready: 0, current: 0, updated: 0)
2025-01-30 18:31:56,250 INFO c.h.h.t.HelmChartContainer - [hivemq-test-hivemq-platform] [hivemq-platform-operator] [e510a205] 18:31:56.250 [ReconcilerExecutor-hivemq-controller-65] DEBUG c.h.p.o.HiveMQPlatformReconciler - [helmpods] StatefulSet Spec (replicas: 1, init containers: 1, containers: 1, volumes: 4)
2025-01-30 18:31:56,254 INFO c.h.h.t.HelmChartContainer - [hivemq-test-hivemq-platform] [hivemq-platform-operator] [e510a205] 18:31:56.253 [ReconcilerExecutor-hivemq-controller-65] INFO  c.h.p.o.h.HiveMQPlatformReconcilerBaseHandler - [helmpods] HiveMQ Platform is starting, 0 of 1 replicas are ready
2025-01-30 18:31:56,261 INFO c.h.h.t.HelmChartContainer - [POD] test-hivemq-platform-0 [d1acfa83-4c16-4cdd-bacc-6041361a91d3] in helmpodsecuritycontextupgradeextensionit was ADDED
2025-01-30 18:31:56,266 INFO c.h.h.t.HelmChartContainer - [POD] test-hivemq-platform-0 [d1acfa83-4c16-4cdd-bacc-6041361a91d3] in helmpodsecuritycontextupgradeextensionit was MODIFIED
2025-01-30 18:31:56,267 INFO c.h.h.t.HelmChartContainer - [EVENT] Normal [SuccessfulCreate] create Pod test-hivemq-platform-0 in StatefulSet test-hivemq-platform successful [helmpodsecuritycontextupgradeextensionit:test-hivemq-platform]
2025-01-30 18:31:56,268 INFO c.h.h.t.HelmChartContainer - [EVENT] Normal [Scheduled] Successfully assigned helmpodsecuritycontextupgradeextensionit/test-hivemq-platform-0 to 765eedb3b269 [helmpodsecuritycontextupgradeextensionit:test-hivemq-platform-0]
2025-01-30 18:31:56,276 INFO c.h.h.t.HelmChartContainer - [POD] test-hivemq-platform-0 [d1acfa83-4c16-4cdd-bacc-6041361a91d3] in helmpodsecuritycontextupgradeextensionit was MODIFIED
2025-01-30 18:31:56,339 INFO c.h.h.t.HelmChartContainer - [hivemq-test-hivemq-platform] [hivemq-platform-operator] [e510a205] 18:31:56.338 [pool-6-thread-22] DEBUG c.h.p.o.d.PlatformServiceResource - [helmpods] Desired Platform services (3 services)
2025-01-30 18:31:56,422 INFO c.h.h.t.HelmChartContainer - [K3S] [reconciler_common.go:251] "operationExecutor.VerifyControllerAttachedVolume started for volume \"broker-configuration\" (UniqueName: \"kubernetes.io/configmap/d1acfa83-4c16-4cdd-bacc-6041361a91d3-broker-configuration\") pod \"test-hivemq-platform-0\" (UID: \"d1acfa83-4c16-4cdd-bacc-6041361a91d3\") " pod="helmpodsecuritycontextupgradeextensionit/test-hivemq-platform-0"
2025-01-30 18:31:56,422 INFO c.h.h.t.HelmChartContainer - [K3S] [reconciler_common.go:251] "operationExecutor.VerifyControllerAttachedVolume started for volume \"extension-configuration-hivemq-distributed-tracing-extension\" (UniqueName: \"kubernetes.io/configmap/d1acfa83-4c16-4cdd-bacc-6041361a91d3-extension-configuration-hivemq-distributed-tracing-extension\") pod \"test-hivemq-platform-0\" (UID: \"d1acfa83-4c16-4cdd-bacc-6041361a91d3\") " pod="helmpodsecuritycontextupgradeextensionit/test-hivemq-platform-0"
2025-01-30 18:31:56,422 INFO c.h.h.t.HelmChartContainer - [K3S] [reconciler_common.go:251] "operationExecutor.VerifyControllerAttachedVolume started for volume \"kube-api-access-9sk8z\" (UniqueName: \"kubernetes.io/projected/d1acfa83-4c16-4cdd-bacc-6041361a91d3-kube-api-access-9sk8z\") pod \"test-hivemq-platform-0\" (UID: \"d1acfa83-4c16-4cdd-bacc-6041361a91d3\") " pod="helmpodsecuritycontextupgradeextensionit/test-hivemq-platform-0"
2025-01-30 18:31:56,422 INFO c.h.h.t.HelmChartContainer - [K3S] [reconciler_common.go:251] "operationExecutor.VerifyControllerAttachedVolume started for volume \"pod-info\" (UniqueName: \"kubernetes.io/configmap/d1acfa83-4c16-4cdd-bacc-6041361a91d3-pod-info\") pod \"test-hivemq-platform-0\" (UID: \"d1acfa83-4c16-4cdd-bacc-6041361a91d3\") " pod="helmpodsecuritycontextupgradeextensionit/test-hivemq-platform-0"
2025-01-30 18:31:56,422 INFO c.h.h.t.HelmChartContainer - [K3S] [reconciler_common.go:251] "operationExecutor.VerifyControllerAttachedVolume started for volume \"operator-init\" (UniqueName: \"kubernetes.io/empty-dir/d1acfa83-4c16-4cdd-bacc-6041361a91d3-operator-init\") pod \"test-hivemq-platform-0\" (UID: \"d1acfa83-4c16-4cdd-bacc-6041361a91d3\") " pod="helmpodsecuritycontextupgradeextensionit/test-hivemq-platform-0"
2025-01-30 18:31:56,434 INFO c.h.h.t.HelmChartContainer - [hivemq-test-hivemq-platform] [hivemq-platform-operator] [e510a205] 18:31:56.432 [pool-6-thread-27] DEBUG c.h.p.o.d.PodServiceAccountResource - [helmpods] Desired PodServiceAccountResource (serviceAccountName: hivemq-platform-pod-test-hivemq-platform)
2025-01-30 18:31:56,439 INFO c.h.h.t.HelmChartContainer - [hivemq-test-hivemq-platform] [hivemq-platform-operator] [e510a205] 18:31:56.437 [pool-6-thread-23] DEBUG c.h.p.o.dependants.PodInfoConfigMap - [helmpods] Desired PodInfo ConfigMap (1 extensions) (1 enabled)
2025-01-30 18:31:56,439 INFO c.h.h.t.HelmChartContainer - [hivemq-test-hivemq-platform] [hivemq-platform-operator] [e510a205] 18:31:56.437 [pool-6-thread-23] DEBUG c.h.p.o.dependants.PodInfoConfigMap - [helmpods] Desired PodInfo ConfigMap (metrics port: 9399) (metrics path: /)
2025-01-30 18:31:56,439 INFO c.h.h.t.HelmChartContainer - [hivemq-test-hivemq-platform] [hivemq-platform-operator] [e510a205] 18:31:56.437 [pool-6-thread-23] DEBUG c.h.p.o.dependants.PodInfoConfigMap - [helmpods] Desired PodInfo ConfigMap (extension state hash: -1423846966)
2025-01-30 18:31:56,443 INFO c.h.h.t.HelmChartContainer - [hivemq-test-hivemq-platform] [hivemq-platform-operator] [e510a205] 18:31:56.442 [pool-6-thread-30] DEBUG c.h.p.o.d.StatefulSetResource - [helmpods] Desired StatefulSet (1 replicas) for status STARTING (READY)
2025-01-30 18:31:56,534 INFO c.h.h.t.HelmChartContainer - [hivemq-test-hivemq-platform] [hivemq-platform-operator] [e510a205] 18:31:56.531 [ReconcilerExecutor-hivemq-controller-76] INFO  c.h.p.o.HiveMQPlatformReconciler - [helmpods] Reconciling HiveMQ Platform 'test-hivemq-platform' in namespace 'helmpodsecuritycontextupgradeextensionit'
2025-01-30 18:31:56,534 INFO c.h.h.t.HelmChartContainer - [hivemq-test-hivemq-platform] [hivemq-platform-operator] [e510a205] 18:31:56.531 [ReconcilerExecutor-hivemq-controller-76] DEBUG c.h.p.o.HiveMQPlatformReconciler - [helmpods] Custom Resource Status STARTING - HiveMQ Platform is starting (READY)
2025-01-30 18:31:56,534 INFO c.h.h.t.HelmChartContainer - [hivemq-test-hivemq-platform] [hivemq-platform-operator] [e510a205] 18:31:56.531 [ReconcilerExecutor-hivemq-controller-76] DEBUG c.h.p.o.HiveMQPlatformReconciler - [helmpods] Custom Resource Spec (replicas: 1) (extensions: 1)
2025-01-30 18:31:56,537 INFO c.h.h.t.HelmChartContainer - [hivemq-test-hivemq-platform] [hivemq-platform-operator] [e510a205] 18:31:56.536 [ReconcilerExecutor-hivemq-controller-76] DEBUG c.h.p.o.HiveMQPlatformReconciler - [helmpods] StatefulSet Status (revision: test-hivemq-platform-f6cdc458c, replicas: 1, available: 0, ready: 0, current: 1, updated: 1)
2025-01-30 18:31:56,537 INFO c.h.h.t.HelmChartContainer - [hivemq-test-hivemq-platform] [hivemq-platform-operator] [e510a205] 18:31:56.536 [ReconcilerExecutor-hivemq-controller-76] DEBUG c.h.p.o.HiveMQPlatformReconciler - [helmpods] StatefulSet Spec (replicas: 1, init containers: 1, containers: 1, volumes: 4)
2025-01-30 18:31:56,548 INFO c.h.h.t.HelmChartContainer - [hivemq-test-hivemq-platform] [hivemq-platform-operator] [e510a205] 18:31:56.547 [ReconcilerExecutor-hivemq-controller-76] DEBUG c.h.p.o.h.HiveMQPlatformReconcilerErrorHandler - [helmpods] Pod 'test-hivemq-platform-0' phase Pending
2025-01-30 18:31:56,549 INFO c.h.h.t.HelmChartContainer - [hivemq-test-hivemq-platform] [hivemq-platform-operator] [e510a205] 18:31:56.548 [ReconcilerExecutor-hivemq-controller-76] DEBUG c.h.p.o.h.HiveMQPlatformReconcilerErrorHandler - [helmpods] Pod 'test-hivemq-platform-0' condition 'PodReadyToStartContainers': False
2025-01-30 18:31:56,631 INFO c.h.h.t.HelmChartContainer - [hivemq-test-hivemq-platform] [hivemq-platform-operator] [e510a205] 18:31:56.629 [ReconcilerExecutor-hivemq-controller-76] DEBUG c.h.p.o.h.HiveMQPlatformReconcilerErrorHandler - [helmpods] Pod 'test-hivemq-platform-0' condition 'Initialized': False
2025-01-30 18:31:56,634 INFO c.h.h.t.HelmChartContainer - [hivemq-test-hivemq-platform] [hivemq-platform-operator] [e510a205] 18:31:56.629 [ReconcilerExecutor-hivemq-controller-76] DEBUG c.h.p.o.h.HiveMQPlatformReconcilerErrorHandler - [helmpods] Pod 'test-hivemq-platform-0' condition 'Ready': False
2025-01-30 18:31:56,636 INFO c.h.h.t.HelmChartContainer - [hivemq-test-hivemq-platform] [hivemq-platform-operator] [e510a205] 18:31:56.629 [ReconcilerExecutor-hivemq-controller-76] DEBUG c.h.p.o.h.HiveMQPlatformReconcilerErrorHandler - [helmpods] Pod 'test-hivemq-platform-0' condition 'ContainersReady': False
2025-01-30 18:31:56,636 INFO c.h.h.t.HelmChartContainer - [hivemq-test-hivemq-platform] [hivemq-platform-operator] [e510a205] 18:31:56.629 [ReconcilerExecutor-hivemq-controller-76] DEBUG c.h.p.o.h.HiveMQPlatformReconcilerErrorHandler - [helmpods] Pod 'test-hivemq-platform-0' condition 'PodScheduled': True
2025-01-30 18:31:56,636 INFO c.h.h.t.HelmChartContainer - [hivemq-test-hivemq-platform] [hivemq-platform-operator] [e510a205] 18:31:56.629 [ReconcilerExecutor-hivemq-controller-76] DEBUG c.h.p.o.h.HiveMQPlatformReconcilerErrorHandler - [helmpods] Pod 'test-hivemq-platform-0' containerStatus 'hivemq' (started: false) (ready: false) (waiting: [PodInitializing] null)
2025-01-30 18:31:56,636 INFO c.h.h.t.HelmChartContainer - [hivemq-test-hivemq-platform] [hivemq-platform-operator] [e510a205] 18:31:56.632 [ReconcilerExecutor-hivemq-controller-76] INFO  c.h.p.o.h.HiveMQPlatformReconcilerBaseHandler - [helmpods] HiveMQ Platform is starting, 0 of 1 replicas are ready
2025-01-30 18:31:56,642 INFO c.h.h.t.HelmChartContainer - [hivemq-test-hivemq-platform] [hivemq-platform-operator] [e510a205] 18:31:56.638 [pool-6-thread-32] DEBUG c.h.p.o.d.PlatformServiceResource - [helmpods] Desired Platform services (3 services)
2025-01-30 18:31:56,646 INFO c.h.h.t.HelmChartContainer - [hivemq-test-hivemq-platform] [hivemq-platform-operator] [e510a205] 18:31:56.645 [pool-6-thread-37] DEBUG c.h.p.o.d.PodServiceAccountResource - [helmpods] Desired PodServiceAccountResource (serviceAccountName: hivemq-platform-pod-test-hivemq-platform)
2025-01-30 18:31:56,647 INFO c.h.h.t.HelmChartContainer - [hivemq-test-hivemq-platform] [hivemq-platform-operator] [e510a205] 18:31:56.643 [pool-6-thread-33] DEBUG c.h.p.o.dependants.PodInfoConfigMap - [helmpods] Desired PodInfo ConfigMap (1 extensions) (1 enabled)
2025-01-30 18:31:56,648 INFO c.h.h.t.HelmChartContainer - [hivemq-test-hivemq-platform] [hivemq-platform-operator] [e510a205] 18:31:56.646 [pool-6-thread-33] DEBUG c.h.p.o.dependants.PodInfoConfigMap - [helmpods] Desired PodInfo ConfigMap (metrics port: 9399) (metrics path: /)
2025-01-30 18:31:56,648 INFO c.h.h.t.HelmChartContainer - [hivemq-test-hivemq-platform] [hivemq-platform-operator] [e510a205] 18:31:56.646 [pool-6-thread-33] DEBUG c.h.p.o.dependants.PodInfoConfigMap - [helmpods] Desired PodInfo ConfigMap (extension state hash: -1423846966)
2025-01-30 18:31:56,662 INFO c.h.h.t.HelmChartContainer - [EVENT] Normal [Pulled] Container image "docker.io/hivemq/hivemq-platform-operator-init-test:snapshot" already present on machine [helmpodsecuritycontextupgradeextensionit:test-hivemq-platform-0]
2025-01-30 18:31:56,735 INFO c.h.h.t.HelmChartContainer - [hivemq-test-hivemq-platform] [hivemq-platform-operator] [e510a205] 18:31:56.732 [pool-6-thread-40] DEBUG c.h.p.o.d.StatefulSetResource - [helmpods] Desired StatefulSet (1 replicas) for status STARTING (READY)
2025-01-30 18:31:56,741 INFO c.h.h.t.HelmChartContainer - [hivemq-test-hivemq-platform] [hivemq-platform-operator] [e510a205] 18:31:56.738 [ReconcilerExecutor-hivemq-controller-87] INFO  c.h.p.o.HiveMQPlatformReconciler - [helmpods] Reconciling HiveMQ Platform 'test-hivemq-platform' in namespace 'helmpodsecuritycontextupgradeextensionit'
2025-01-30 18:31:56,741 INFO c.h.h.t.HelmChartContainer - [hivemq-test-hivemq-platform] [hivemq-platform-operator] [e510a205] 18:31:56.738 [ReconcilerExecutor-hivemq-controller-87] DEBUG c.h.p.o.HiveMQPlatformReconciler - [helmpods] Custom Resource Status STARTING - HiveMQ Platform is starting (READY)
2025-01-30 18:31:56,741 INFO c.h.h.t.HelmChartContainer - [hivemq-test-hivemq-platform] [hivemq-platform-operator] [e510a205] 18:31:56.739 [ReconcilerExecutor-hivemq-controller-87] DEBUG c.h.p.o.HiveMQPlatformReconciler - [helmpods] Custom Resource Spec (replicas: 1) (extensions: 1)
2025-01-30 18:31:56,744 INFO c.h.h.t.HelmChartContainer - [hivemq-test-hivemq-platform] [hivemq-platform-operator] [e510a205] 18:31:56.743 [ReconcilerExecutor-hivemq-controller-87] DEBUG c.h.p.o.HiveMQPlatformReconciler - [helmpods] StatefulSet Status (revision: test-hivemq-platform-f6cdc458c, replicas: 1, available: 0, ready: 0, current: 1, updated: 1)
2025-01-30 18:31:56,745 INFO c.h.h.t.HelmChartContainer - [hivemq-test-hivemq-platform] [hivemq-platform-operator] [e510a205] 18:31:56.743 [ReconcilerExecutor-hivemq-controller-87] DEBUG c.h.p.o.HiveMQPlatformReconciler - [helmpods] StatefulSet Spec (replicas: 1, init containers: 1, containers: 1, volumes: 4)
2025-01-30 18:31:56,748 INFO c.h.h.t.HelmChartContainer - [hivemq-test-hivemq-platform] [hivemq-platform-operator] [e510a205] 18:31:56.747 [ReconcilerExecutor-hivemq-controller-87] DEBUG c.h.p.o.h.HiveMQPlatformReconcilerErrorHandler - [helmpods] Pod 'test-hivemq-platform-0' phase Pending
2025-01-30 18:31:56,749 INFO c.h.h.t.HelmChartContainer - [hivemq-test-hivemq-platform] [hivemq-platform-operator] [e510a205] 18:31:56.747 [ReconcilerExecutor-hivemq-controller-87] DEBUG c.h.p.o.h.HiveMQPlatformReconcilerErrorHandler - [helmpods] Pod 'test-hivemq-platform-0' condition 'PodReadyToStartContainers': False
2025-01-30 18:31:56,749 INFO c.h.h.t.HelmChartContainer - [hivemq-test-hivemq-platform] [hivemq-platform-operator] [e510a205] 18:31:56.747 [ReconcilerExecutor-hivemq-controller-87] DEBUG c.h.p.o.h.HiveMQPlatformReconcilerErrorHandler - [helmpods] Pod 'test-hivemq-platform-0' condition 'Initialized': False
2025-01-30 18:31:56,749 INFO c.h.h.t.HelmChartContainer - [hivemq-test-hivemq-platform] [hivemq-platform-operator] [e510a205] 18:31:56.747 [ReconcilerExecutor-hivemq-controller-87] DEBUG c.h.p.o.h.HiveMQPlatformReconcilerErrorHandler - [helmpods] Pod 'test-hivemq-platform-0' condition 'Ready': False
2025-01-30 18:31:56,749 INFO c.h.h.t.HelmChartContainer - [hivemq-test-hivemq-platform] [hivemq-platform-operator] [e510a205] 18:31:56.748 [ReconcilerExecutor-hivemq-controller-87] DEBUG c.h.p.o.h.HiveMQPlatformReconcilerErrorHandler - [helmpods] Pod 'test-hivemq-platform-0' condition 'ContainersReady': False
2025-01-30 18:31:56,749 INFO c.h.h.t.HelmChartContainer - [hivemq-test-hivemq-platform] [hivemq-platform-operator] [e510a205] 18:31:56.748 [ReconcilerExecutor-hivemq-controller-87] DEBUG c.h.p.o.h.HiveMQPlatformReconcilerErrorHandler - [helmpods] Pod 'test-hivemq-platform-0' condition 'PodScheduled': True
2025-01-30 18:31:56,749 INFO c.h.h.t.HelmChartContainer - [hivemq-test-hivemq-platform] [hivemq-platform-operator] [e510a205] 18:31:56.748 [ReconcilerExecutor-hivemq-controller-87] DEBUG c.h.p.o.h.HiveMQPlatformReconcilerErrorHandler - [helmpods] Pod 'test-hivemq-platform-0' containerStatus 'hivemq' (started: false) (ready: false) (waiting: [PodInitializing] null)
2025-01-30 18:31:56,751 INFO c.h.h.t.HelmChartContainer - [hivemq-test-hivemq-platform] [hivemq-platform-operator] [e510a205] 18:31:56.750 [ReconcilerExecutor-hivemq-controller-87] INFO  c.h.p.o.h.HiveMQPlatformReconcilerBaseHandler - [helmpods] HiveMQ Platform is starting, 0 of 1 replicas are ready
2025-01-30 18:31:56,793 INFO c.h.h.t.HelmChartContainer - [EVENT] Normal [Created] Created container: hivemq-platform-operator-init [helmpodsecuritycontextupgradeextensionit:test-hivemq-platform-0]
2025-01-30 18:31:56,855 INFO c.h.h.t.HelmChartContainer - [EVENT] Normal [Started] Started container hivemq-platform-operator-init [helmpodsecuritycontextupgradeextensionit:test-hivemq-platform-0]
2025-01-30 18:31:57,681 INFO c.h.h.t.HelmChartContainer - [POD] test-hivemq-platform-0 [d1acfa83-4c16-4cdd-bacc-6041361a91d3] in helmpodsecuritycontextupgradeextensionit was MODIFIED
2025-01-30 18:31:57,707 INFO c.h.h.t.HelmChartContainer - [hivemq-test-hivemq-platform] [hivemq-platform-operator] [e510a205] 18:31:57.701 [pool-6-thread-42] DEBUG c.h.p.o.d.PlatformServiceResource - [helmpods] Desired Platform services (3 services)
2025-01-30 18:31:57,707 INFO c.h.h.t.HelmChartContainer - [hivemq-test-hivemq-platform] [hivemq-platform-operator] [e510a205] 18:31:57.706 [pool-6-thread-47] DEBUG c.h.p.o.d.PodServiceAccountResource - [helmpods] Desired PodServiceAccountResource (serviceAccountName: hivemq-platform-pod-test-hivemq-platform)
2025-01-30 18:31:57,711 INFO c.h.h.t.HelmChartContainer - [hivemq-test-hivemq-platform] [hivemq-platform-operator] [e510a205] 18:31:57.703 [pool-6-thread-43] DEBUG c.h.p.o.dependants.PodInfoConfigMap - [helmpods] Desired PodInfo ConfigMap (1 extensions) (1 enabled)
2025-01-30 18:31:57,712 INFO c.h.h.t.HelmChartContainer - [hivemq-test-hivemq-platform] [hivemq-platform-operator] [e510a205] 18:31:57.708 [pool-6-thread-43] DEBUG c.h.p.o.dependants.PodInfoConfigMap - [helmpods] Desired PodInfo ConfigMap (metrics port: 9399) (metrics path: /)
2025-01-30 18:31:57,713 INFO c.h.h.t.HelmChartContainer - [hivemq-test-hivemq-platform] [hivemq-platform-operator] [e510a205] 18:31:57.708 [pool-6-thread-43] DEBUG c.h.p.o.dependants.PodInfoConfigMap - [helmpods] Desired PodInfo ConfigMap (extension state hash: -1423846966)
2025-01-30 18:31:57,792 INFO c.h.h.t.HelmChartContainer - [hivemq-test-hivemq-platform] [hivemq-platform-operator] [e510a205] 18:31:57.790 [pool-6-thread-50] DEBUG c.h.p.o.d.StatefulSetResource - [helmpods] Desired StatefulSet (1 replicas) for status STARTING (READY)
2025-01-30 18:31:57,797 INFO c.h.h.t.HelmChartContainer - [hivemq-test-hivemq-platform] [hivemq-platform-operator] [e510a205] 18:31:57.796 [ReconcilerExecutor-hivemq-controller-98] INFO  c.h.p.o.HiveMQPlatformReconciler - [helmpods] Reconciling HiveMQ Platform 'test-hivemq-platform' in namespace 'helmpodsecuritycontextupgradeextensionit'
2025-01-30 18:31:57,797 INFO c.h.h.t.HelmChartContainer - [hivemq-test-hivemq-platform] [hivemq-platform-operator] [e510a205] 18:31:57.796 [ReconcilerExecutor-hivemq-controller-98] DEBUG c.h.p.o.HiveMQPlatformReconciler - [helmpods] Custom Resource Status STARTING - HiveMQ Platform is starting (READY)
2025-01-30 18:31:57,797 INFO c.h.h.t.HelmChartContainer - [hivemq-test-hivemq-platform] [hivemq-platform-operator] [e510a205] 18:31:57.796 [ReconcilerExecutor-hivemq-controller-98] DEBUG c.h.p.o.HiveMQPlatformReconciler - [helmpods] Custom Resource Spec (replicas: 1) (extensions: 1)
2025-01-30 18:31:57,800 INFO c.h.h.t.HelmChartContainer - [hivemq-test-hivemq-platform] [hivemq-platform-operator] [e510a205] 18:31:57.799 [ReconcilerExecutor-hivemq-controller-98] DEBUG c.h.p.o.HiveMQPlatformReconciler - [helmpods] StatefulSet Status (revision: test-hivemq-platform-f6cdc458c, replicas: 1, available: 0, ready: 0, current: 1, updated: 1)
2025-01-30 18:31:57,800 INFO c.h.h.t.HelmChartContainer - [hivemq-test-hivemq-platform] [hivemq-platform-operator] [e510a205] 18:31:57.799 [ReconcilerExecutor-hivemq-controller-98] DEBUG c.h.p.o.HiveMQPlatformReconciler - [helmpods] StatefulSet Spec (replicas: 1, init containers: 1, containers: 1, volumes: 4)
2025-01-30 18:31:57,804 INFO c.h.h.t.HelmChartContainer - [hivemq-test-hivemq-platform] [hivemq-platform-operator] [e510a205] 18:31:57.803 [ReconcilerExecutor-hivemq-controller-98] DEBUG c.h.p.o.h.HiveMQPlatformReconcilerErrorHandler - [helmpods] Pod 'test-hivemq-platform-0' phase Pending
2025-01-30 18:31:57,804 INFO c.h.h.t.HelmChartContainer - [hivemq-test-hivemq-platform] [hivemq-platform-operator] [e510a205] 18:31:57.803 [ReconcilerExecutor-hivemq-controller-98] DEBUG c.h.p.o.h.HiveMQPlatformReconcilerErrorHandler - [helmpods] Pod 'test-hivemq-platform-0' condition 'PodReadyToStartContainers': True
2025-01-30 18:31:57,804 INFO c.h.h.t.HelmChartContainer - [hivemq-test-hivemq-platform] [hivemq-platform-operator] [e510a205] 18:31:57.803 [ReconcilerExecutor-hivemq-controller-98] DEBUG c.h.p.o.h.HiveMQPlatformReconcilerErrorHandler - [helmpods] Pod 'test-hivemq-platform-0' condition 'Initialized': False
2025-01-30 18:31:57,804 INFO c.h.h.t.HelmChartContainer - [hivemq-test-hivemq-platform] [hivemq-platform-operator] [e510a205] 18:31:57.803 [ReconcilerExecutor-hivemq-controller-98] DEBUG c.h.p.o.h.HiveMQPlatformReconcilerErrorHandler - [helmpods] Pod 'test-hivemq-platform-0' condition 'Ready': False
2025-01-30 18:31:57,804 INFO c.h.h.t.HelmChartContainer - [hivemq-test-hivemq-platform] [hivemq-platform-operator] [e510a205] 18:31:57.803 [ReconcilerExecutor-hivemq-controller-98] DEBUG c.h.p.o.h.HiveMQPlatformReconcilerErrorHandler - [helmpods] Pod 'test-hivemq-platform-0' condition 'ContainersReady': False
2025-01-30 18:31:57,804 INFO c.h.h.t.HelmChartContainer - [hivemq-test-hivemq-platform] [hivemq-platform-operator] [e510a205] 18:31:57.803 [ReconcilerExecutor-hivemq-controller-98] DEBUG c.h.p.o.h.HiveMQPlatformReconcilerErrorHandler - [helmpods] Pod 'test-hivemq-platform-0' condition 'PodScheduled': True
2025-01-30 18:31:57,804 INFO c.h.h.t.HelmChartContainer - [hivemq-test-hivemq-platform] [hivemq-platform-operator] [e510a205] 18:31:57.803 [ReconcilerExecutor-hivemq-controller-98] DEBUG c.h.p.o.h.HiveMQPlatformReconcilerErrorHandler - [helmpods] Pod 'test-hivemq-platform-0' containerStatus 'hivemq' (started: false) (ready: false) (waiting: [PodInitializing] null)
2025-01-30 18:31:57,832 INFO c.h.h.t.HelmChartContainer - [hivemq-test-hivemq-platform] [hivemq-platform-operator] [e510a205] 18:31:57.829 [ReconcilerExecutor-hivemq-controller-98] INFO  c.h.p.o.h.HiveMQPlatformReconcilerBaseHandler - [helmpods] HiveMQ Platform is starting, 0 of 1 replicas are ready
2025-01-30 18:31:58,676 INFO c.h.h.t.HelmChartContainer - [EVENT] Normal [Pulled] Container image "docker.io/hivemq/hivemq4:4.36.0" already present on machine [helmpodsecuritycontextupgradeextensionit:test-hivemq-platform-0]
2025-01-30 18:31:58,677 INFO c.h.h.t.HelmChartContainer - Received Pulled event for container hivemq in pod test-hivemq-platform-0 [d1acfa83-4c16-4cdd-bacc-6041361a91d3]
2025-01-30 18:31:58,684 INFO c.h.h.t.HelmChartContainer - [POD] test-hivemq-platform-0 [d1acfa83-4c16-4cdd-bacc-6041361a91d3] in helmpodsecuritycontextupgradeextensionit was MODIFIED
2025-01-30 18:31:58,694 INFO c.h.h.t.HelmChartContainer - [hivemq-test-hivemq-platform] [hivemq-platform-operator] [e510a205] 18:31:58.690 [pool-6-thread-5] DEBUG c.h.p.o.d.PlatformServiceResource - [helmpods] Desired Platform services (3 services)
2025-01-30 18:31:58,695 INFO c.h.h.t.HelmChartContainer - [hivemq-test-hivemq-platform] [hivemq-platform-operator] [e510a205] 18:31:58.691 [pool-6-thread-8] DEBUG c.h.p.o.dependants.PodInfoConfigMap - [helmpods] Desired PodInfo ConfigMap (1 extensions) (1 enabled)
2025-01-30 18:31:58,695 INFO c.h.h.t.HelmChartContainer - [hivemq-test-hivemq-platform] [hivemq-platform-operator] [e510a205] 18:31:58.693 [pool-6-thread-8] DEBUG c.h.p.o.dependants.PodInfoConfigMap - [helmpods] Desired PodInfo ConfigMap (metrics port: 9399) (metrics path: /)
2025-01-30 18:31:58,695 INFO c.h.h.t.HelmChartContainer - [hivemq-test-hivemq-platform] [hivemq-platform-operator] [e510a205] 18:31:58.693 [pool-6-thread-8] DEBUG c.h.p.o.dependants.PodInfoConfigMap - [helmpods] Desired PodInfo ConfigMap (extension state hash: -1423846966)
2025-01-30 18:31:58,697 INFO c.h.h.t.HelmChartContainer - [hivemq-test-hivemq-platform] [hivemq-platform-operator] [e510a205] 18:31:58.696 [pool-6-thread-4] DEBUG c.h.p.o.d.PodServiceAccountResource - [helmpods] Desired PodServiceAccountResource (serviceAccountName: hivemq-platform-pod-test-hivemq-platform)
2025-01-30 18:31:58,702 INFO c.h.h.t.HelmChartContainer - [hivemq-test-hivemq-platform] [hivemq-platform-operator] [e510a205] 18:31:58.701 [pool-6-thread-5] DEBUG c.h.p.o.d.StatefulSetResource - [helmpods] Desired StatefulSet (1 replicas) for status STARTING (READY)
2025-01-30 18:31:58,736 INFO c.h.h.t.HelmChartContainer - [hivemq-test-hivemq-platform] [hivemq-platform-operator] [e510a205] 18:31:58.733 [ReconcilerExecutor-hivemq-controller-109] INFO  c.h.p.o.HiveMQPlatformReconciler - [helmpods] Reconciling HiveMQ Platform 'test-hivemq-platform' in namespace 'helmpodsecuritycontextupgradeextensionit'
2025-01-30 18:31:58,736 INFO c.h.h.t.HelmChartContainer - [hivemq-test-hivemq-platform] [hivemq-platform-operator] [e510a205] 18:31:58.733 [ReconcilerExecutor-hivemq-controller-109] DEBUG c.h.p.o.HiveMQPlatformReconciler - [helmpods] Custom Resource Status STARTING - HiveMQ Platform is starting (READY)
2025-01-30 18:31:58,736 INFO c.h.h.t.HelmChartContainer - [hivemq-test-hivemq-platform] [hivemq-platform-operator] [e510a205] 18:31:58.734 [ReconcilerExecutor-hivemq-controller-109] DEBUG c.h.p.o.HiveMQPlatformReconciler - [helmpods] Custom Resource Spec (replicas: 1) (extensions: 1)
2025-01-30 18:31:58,793 INFO c.h.h.t.HelmChartContainer - [hivemq-test-hivemq-platform] [hivemq-platform-operator] [e510a205] 18:31:58.791 [ReconcilerExecutor-hivemq-controller-109] DEBUG c.h.p.o.HiveMQPlatformReconciler - [helmpods] StatefulSet Status (revision: test-hivemq-platform-f6cdc458c, replicas: 1, available: 0, ready: 0, current: 1, updated: 1)
2025-01-30 18:31:58,794 INFO c.h.h.t.HelmChartContainer - [hivemq-test-hivemq-platform] [hivemq-platform-operator] [e510a205] 18:31:58.791 [ReconcilerExecutor-hivemq-controller-109] DEBUG c.h.p.o.HiveMQPlatformReconciler - [helmpods] StatefulSet Spec (replicas: 1, init containers: 1, containers: 1, volumes: 4)
2025-01-30 18:31:58,797 INFO c.h.h.t.HelmChartContainer - [hivemq-test-hivemq-platform] [hivemq-platform-operator] [e510a205] 18:31:58.794 [ReconcilerExecutor-hivemq-controller-109] DEBUG c.h.p.o.h.HiveMQPlatformReconcilerErrorHandler - [helmpods] Pod 'test-hivemq-platform-0' phase Pending
2025-01-30 18:31:58,797 INFO c.h.h.t.HelmChartContainer - [hivemq-test-hivemq-platform] [hivemq-platform-operator] [e510a205] 18:31:58.795 [ReconcilerExecutor-hivemq-controller-109] DEBUG c.h.p.o.h.HiveMQPlatformReconcilerErrorHandler - [helmpods] Pod 'test-hivemq-platform-0' condition 'PodReadyToStartContainers': True
2025-01-30 18:31:58,797 INFO c.h.h.t.HelmChartContainer - [hivemq-test-hivemq-platform] [hivemq-platform-operator] [e510a205] 18:31:58.795 [ReconcilerExecutor-hivemq-controller-109] DEBUG c.h.p.o.h.HiveMQPlatformReconcilerErrorHandler - [helmpods] Pod 'test-hivemq-platform-0' condition 'Initialized': True
2025-01-30 18:31:58,797 INFO c.h.h.t.HelmChartContainer - [hivemq-test-hivemq-platform] [hivemq-platform-operator] [e510a205] 18:31:58.795 [ReconcilerExecutor-hivemq-controller-109] DEBUG c.h.p.o.h.HiveMQPlatformReconcilerErrorHandler - [helmpods] Pod 'test-hivemq-platform-0' condition 'Ready': False
2025-01-30 18:31:58,797 INFO c.h.h.t.HelmChartContainer - [hivemq-test-hivemq-platform] [hivemq-platform-operator] [e510a205] 18:31:58.795 [ReconcilerExecutor-hivemq-controller-109] DEBUG c.h.p.o.h.HiveMQPlatformReconcilerErrorHandler - [helmpods] Pod 'test-hivemq-platform-0' condition 'ContainersReady': False
2025-01-30 18:31:58,797 INFO c.h.h.t.HelmChartContainer - [hivemq-test-hivemq-platform] [hivemq-platform-operator] [e510a205] 18:31:58.795 [ReconcilerExecutor-hivemq-controller-109] DEBUG c.h.p.o.h.HiveMQPlatformReconcilerErrorHandler - [helmpods] Pod 'test-hivemq-platform-0' condition 'PodScheduled': True
2025-01-30 18:31:58,797 INFO c.h.h.t.HelmChartContainer - [hivemq-test-hivemq-platform] [hivemq-platform-operator] [e510a205] 18:31:58.795 [ReconcilerExecutor-hivemq-controller-109] DEBUG c.h.p.o.h.HiveMQPlatformReconcilerErrorHandler - [helmpods] Pod 'test-hivemq-platform-0' containerStatus 'hivemq' (started: false) (ready: false) (waiting: [PodInitializing] null)
2025-01-30 18:31:58,797 INFO c.h.h.t.HelmChartContainer - [hivemq-test-hivemq-platform] [hivemq-platform-operator] [e510a205] 18:31:58.796 [ReconcilerExecutor-hivemq-controller-109] INFO  c.h.p.o.h.HiveMQPlatformReconcilerBaseHandler - [helmpods] HiveMQ Platform is starting, 0 of 1 replicas are ready
2025-01-30 18:32:00,028 INFO c.h.h.t.HelmChartContainer - [EVENT] Normal [Created] Created container: hivemq [helmpodsecuritycontextupgradeextensionit:test-hivemq-platform-0]
2025-01-30 18:32:00,028 INFO c.h.h.t.HelmChartContainer - Received Created event for container hivemq in pod test-hivemq-platform-0 [d1acfa83-4c16-4cdd-bacc-6041361a91d3]
2025-01-30 18:32:00,698 INFO c.h.h.t.HelmChartContainer - [POD] test-hivemq-platform-0 [d1acfa83-4c16-4cdd-bacc-6041361a91d3] in helmpodsecuritycontextupgradeextensionit was MODIFIED
2025-01-30 18:32:00,702 INFO c.h.h.t.HelmChartContainer - [hivemq-test-hivemq-platform] [hivemq-platform-operator] [e510a205] 18:32:00.700 [pool-6-thread-15] DEBUG c.h.p.o.d.PlatformServiceResource - [helmpods] Desired Platform services (3 services)
2025-01-30 18:32:00,702 INFO c.h.h.t.HelmChartContainer - [EVENT] Normal [Started] Started container hivemq [helmpodsecuritycontextupgradeextensionit:test-hivemq-platform-0]
2025-01-30 18:32:00,703 INFO c.h.h.t.HelmChartContainer - Received Started event for container hivemq in pod test-hivemq-platform-0 [d1acfa83-4c16-4cdd-bacc-6041361a91d3]
2025-01-30 18:32:00,704 INFO c.h.h.t.HelmChartContainer - Started log watcher for hivemq in pod test-hivemq-platform-0 [d1acfa83-4c16-4cdd-bacc-6041361a91d3]
2025-01-30 18:32:00,704 INFO c.h.h.t.HelmChartContainer - [test-hivemq-platform] [hivemq] [d1acfa83] Adding pre-installed HiveMQ Platform Operator extensions
2025-01-30 18:32:00,705 INFO c.h.h.t.HelmChartContainer - [test-hivemq-platform] [hivemq] [d1acfa83] Running as user 10000
2025-01-30 18:32:00,706 INFO c.h.h.t.HelmChartContainer - [hivemq-test-hivemq-platform] [hivemq-platform-operator] [e510a205] 18:32:00.702 [pool-6-thread-16] DEBUG c.h.p.o.dependants.PodInfoConfigMap - [helmpods] Desired PodInfo ConfigMap (1 extensions) (1 enabled)
2025-01-30 18:32:00,706 INFO c.h.h.t.HelmChartContainer - [test-hivemq-platform] [hivemq] [d1acfa83] Starting HiveMQ Platform Operator Init
2025-01-30 18:32:00,706 INFO c.h.h.t.HelmChartContainer - [hivemq-test-hivemq-platform] [hivemq-platform-operator] [e510a205] 18:32:00.705 [pool-6-thread-16] DEBUG c.h.p.o.dependants.PodInfoConfigMap - [helmpods] Desired PodInfo ConfigMap (metrics port: 9399) (metrics path: /)
2025-01-30 18:32:00,707 INFO c.h.h.t.HelmChartContainer - [hivemq-test-hivemq-platform] [hivemq-platform-operator] [e510a205] 18:32:00.705 [pool-6-thread-16] DEBUG c.h.p.o.dependants.PodInfoConfigMap - [helmpods] Desired PodInfo ConfigMap (extension state hash: -1423846966)
2025-01-30 18:32:00,708 INFO c.h.h.t.HelmChartContainer - [hivemq-test-hivemq-platform] [hivemq-platform-operator] [e510a205] 18:32:00.707 [pool-6-thread-11] DEBUG c.h.p.o.d.PodServiceAccountResource - [helmpods] Desired PodServiceAccountResource (serviceAccountName: hivemq-platform-pod-test-hivemq-platform)
2025-01-30 18:32:00,716 INFO c.h.h.t.HelmChartContainer - [hivemq-test-hivemq-platform] [hivemq-platform-operator] [e510a205] 18:32:00.714 [pool-6-thread-15] DEBUG c.h.p.o.d.StatefulSetResource - [helmpods] Desired StatefulSet (1 replicas) for status STARTING (READY)
2025-01-30 18:32:00,796 INFO c.h.h.t.HelmChartContainer - [hivemq-test-hivemq-platform] [hivemq-platform-operator] [e510a205] 18:32:00.794 [ReconcilerExecutor-hivemq-controller-110] INFO  c.h.p.o.HiveMQPlatformReconciler - [helmpods] Reconciling HiveMQ Platform 'test-hivemq-platform' in namespace 'helmpodsecuritycontextupgradeextensionit'
2025-01-30 18:32:00,796 INFO c.h.h.t.HelmChartContainer - [hivemq-test-hivemq-platform] [hivemq-platform-operator] [e510a205] 18:32:00.794 [ReconcilerExecutor-hivemq-controller-110] DEBUG c.h.p.o.HiveMQPlatformReconciler - [helmpods] Custom Resource Status STARTING - HiveMQ Platform is starting (READY)
2025-01-30 18:32:00,796 INFO c.h.h.t.HelmChartContainer - [hivemq-test-hivemq-platform] [hivemq-platform-operator] [e510a205] 18:32:00.794 [ReconcilerExecutor-hivemq-controller-110] DEBUG c.h.p.o.HiveMQPlatformReconciler - [helmpods] Custom Resource Spec (replicas: 1) (extensions: 1)
2025-01-30 18:32:00,799 INFO c.h.h.t.HelmChartContainer - [hivemq-test-hivemq-platform] [hivemq-platform-operator] [e510a205] 18:32:00.798 [ReconcilerExecutor-hivemq-controller-110] DEBUG c.h.p.o.HiveMQPlatformReconciler - [helmpods] StatefulSet Status (revision: test-hivemq-platform-f6cdc458c, replicas: 1, available: 0, ready: 0, current: 1, updated: 1)
2025-01-30 18:32:00,799 INFO c.h.h.t.HelmChartContainer - [hivemq-test-hivemq-platform] [hivemq-platform-operator] [e510a205] 18:32:00.798 [ReconcilerExecutor-hivemq-controller-110] DEBUG c.h.p.o.HiveMQPlatformReconciler - [helmpods] StatefulSet Spec (replicas: 1, init containers: 1, containers: 1, volumes: 4)
2025-01-30 18:32:00,801 INFO c.h.h.t.HelmChartContainer - [hivemq-test-hivemq-platform] [hivemq-platform-operator] [e510a205] 18:32:00.800 [ReconcilerExecutor-hivemq-controller-110] DEBUG c.h.p.o.h.HiveMQPlatformReconcilerErrorHandler - [helmpods] Pod 'test-hivemq-platform-0' phase Running
2025-01-30 18:32:00,802 INFO c.h.h.t.HelmChartContainer - [hivemq-test-hivemq-platform] [hivemq-platform-operator] [e510a205] 18:32:00.802 [ReconcilerExecutor-hivemq-controller-110] INFO  c.h.p.o.h.HiveMQPlatformReconcilerBaseHandler - [helmpods] HiveMQ Platform is starting, 0 of 1 replicas are ready
2025-01-30 18:32:01,281 INFO c.h.h.t.HelmChartContainer - [test-hivemq-platform] [hivemq] [d1acfa83] INFO  - [HiveMQ Platform Operator Init 1.7.0-SNAPSHOT] HiveMQ Platform Operator Init 1.7.0-SNAPSHOT (commit: 47e3375 on branch: HEAD) built on Thu Jan 30 03:55:50 UTC 2025
2025-01-30 18:32:02,481 INFO c.h.h.t.HelmChartContainer - [test-hivemq-platform] [hivemq] [d1acfa83] INFO  - [HiveMQ Platform Operator Init App 1.7.0-SNAPSHOT] Using bind address 10.42.0.8 from environment variable
2025-01-30 18:32:03,382 INFO c.h.h.t.HelmChartContainer - [test-hivemq-platform] [hivemq] [d1acfa83] INFO  - [HiveMQ Platform Operator Init App 1.7.0-SNAPSHOT] HiveMQ Platform Operator Init App 1.7.0-SNAPSHOT (commit: 47e3375 on branch: HEAD) built on Thu Jan 30 03:55:50 UTC 2025
2025-01-30 18:32:03,383 INFO c.h.h.t.HelmChartContainer - [test-hivemq-platform] [hivemq] [d1acfa83] INFO  - [HiveMQ Platform Operator Init App 1.7.0-SNAPSHOT] PodInfo ConfigMap directory: /etc/podinfo
2025-01-30 18:32:03,383 INFO c.h.h.t.HelmChartContainer - [test-hivemq-platform] [hivemq] [d1acfa83] INFO  - [HiveMQ Platform Operator Init App 1.7.0-SNAPSHOT] HiveMQ home directory: /opt/hivemq
2025-01-30 18:32:03,383 INFO c.h.h.t.HelmChartContainer - [test-hivemq-platform] [hivemq] [d1acfa83] INFO  - [HiveMQ Platform Operator Init App 1.7.0-SNAPSHOT] HiveMQ Logback folder: /opt/hivemq/conf
2025-01-30 18:32:03,383 INFO c.h.h.t.HelmChartContainer - [test-hivemq-platform] [hivemq] [d1acfa83] INFO  - [HiveMQ Platform Operator Init App 1.7.0-SNAPSHOT] HiveMQ Config folder: /opt/hivemq/conf-k8s
2025-01-30 18:32:03,384 INFO c.h.h.t.HelmChartContainer - [test-hivemq-platform] [hivemq] [d1acfa83] INFO  - [HiveMQ Platform Operator Init App 1.7.0-SNAPSHOT] Starting HiveMQ Platform Operator Init App
2025-01-30 18:32:03,384 INFO c.h.h.t.HelmChartContainer - [test-hivemq-platform] [hivemq] [d1acfa83] INFO  - [HiveMQ Platform Operator Init App 1.7.0-SNAPSHOT] Starting Pod reconciler
2025-01-30 18:32:04,584 INFO c.h.h.t.HelmChartContainer - [test-hivemq-platform] [hivemq] [d1acfa83] INFO  - [HiveMQ Platform Operator Init App 1.7.0-SNAPSHOT] Pod reconciler is scheduled (interval: 5000 ms)
2025-01-30 18:32:04,585 INFO c.h.h.t.HelmChartContainer - [test-hivemq-platform] [hivemq] [d1acfa83] INFO  - [HiveMQ Platform Operator Init App 1.7.0-SNAPSHOT] Starting the REST API on 10.42.0.8:7979
2025-01-30 18:32:04,586 INFO c.h.h.t.HelmChartContainer - [test-hivemq-platform] [hivemq] [d1acfa83] INFO  - [HiveMQ Platform Operator Init App 1.7.0-SNAPSHOT] Waiting up to 600s for at most 1 HiveMQ nodes in cluster service hivemq-test-hivemq-platform-cluster.helmpodsecuritycontextupgradeextensionit.svc
2025-01-30 18:32:04,981 INFO c.h.h.t.HelmChartContainer - [test-hivemq-platform] [hivemq] [d1acfa83] INFO  - [HiveMQ Platform Operator Init App 1.7.0-SNAPSHOT] Resolved 1 IP addresses: [10.42.0.8]
2025-01-30 18:32:04,982 INFO c.h.h.t.HelmChartContainer - [test-hivemq-platform] [hivemq] [d1acfa83] INFO  - [HiveMQ Platform Operator Init App 1.7.0-SNAPSHOT] HiveMQ node count of 1 is within threshold of 1
2025-01-30 18:32:04,982 INFO c.h.h.t.HelmChartContainer - [test-hivemq-platform] [hivemq] [d1acfa83] INFO  - [HiveMQ Platform Operator Init App 1.7.0-SNAPSHOT] Proceeding with container start
2025-01-30 18:32:05,079 INFO c.h.h.t.HelmChartContainer - [test-hivemq-platform] [hivemq] [d1acfa83] INFO  - [HiveMQ Platform Operator Init App 1.7.0-SNAPSHOT] Initializing HiveMQ Platform extensions with initial configuration: {hivemq-distributed-tracing-extension={start-priority=-1, skip-https-hostname-verification=false, restart=false, config-version=806, header-version=0, c-uri=, priority=-1, uri=preinstalled, skip-https-certificate-validation=false, enabled=true}, hivemq-prometheus-extension={request-header-path=no-request-headers, uri=preinstalled, skip-https-certificate-validation=false, skip-https-hostname-verification=false, c-uri=, start-priority=-1, priority=-1, restart=true, enabled=true}}
2025-01-30 18:32:05,482 INFO c.h.h.t.HelmChartContainer - [test-hivemq-platform] [hivemq] [d1acfa83] INFO  - [HiveMQ Platform Operator Init App 1.7.0-SNAPSHOT] Successfully enabled extension hivemq-distributed-tracing-extension
2025-01-30 18:32:05,570 INFO c.h.h.t.HelmChartContainer - [test-hivemq-platform] [hivemq] [d1acfa83] INFO  - [HiveMQ Platform Operator Init App 1.7.0-SNAPSHOT] Successfully enabled extension hivemq-prometheus-extension
2025-01-30 18:32:05,571 INFO c.h.h.t.HelmChartContainer - [test-hivemq-platform] [hivemq] [d1acfa83] INFO  - [HiveMQ Platform Operator Init App 1.7.0-SNAPSHOT] Starting HiveMQ Platform version 4.36.0 (4.36.0)
2025-01-30 18:32:05,572 INFO c.h.h.t.HelmChartContainer - [test-hivemq-platform] [hivemq] [d1acfa83] INFO  - [HiveMQ Platform Operator Init App 1.7.0-SNAPSHOT] Configuring the HiveMQ Platform
2025-01-30 18:32:05,580 INFO c.h.h.t.HelmChartContainer - [test-hivemq-platform] [hivemq] [d1acfa83] INFO  - [HiveMQ Platform Operator Init App 1.7.0-SNAPSHOT] Changed logback.xml file scan period to 20 seconds
2025-01-30 18:32:05,596 INFO c.h.h.t.HelmChartContainer - [K3S] [range_allocator.go:247] "Successfully synced" key="765eedb3b269"
2025-01-30 18:32:05,675 INFO c.h.h.t.HelmChartContainer - [test-hivemq-platform] [hivemq] [d1acfa83] INFO  - [HiveMQ Platform Operator Init App 1.7.0-SNAPSHOT] Starting the HiveMQ Platform
2025-01-30 18:32:05,678 INFO c.h.h.t.HelmChartContainer - [test-hivemq-platform] [hivemq] [d1acfa83] -------------------------------------------------------------------------
2025-01-30 18:32:05,678 INFO c.h.h.t.HelmChartContainer - [test-hivemq-platform] [hivemq] [d1acfa83] 
2025-01-30 18:32:05,678 INFO c.h.h.t.HelmChartContainer - [test-hivemq-platform] [hivemq] [d1acfa83]                   _    _  _              __  __   ____
2025-01-30 18:32:05,678 INFO c.h.h.t.HelmChartContainer - [test-hivemq-platform] [hivemq] [d1acfa83]                  | |  | |(_)            |  \/  | / __ \
2025-01-30 18:32:05,678 INFO c.h.h.t.HelmChartContainer - [test-hivemq-platform] [hivemq] [d1acfa83]                  | |__| | _ __   __ ___ | \  / || |  | |
2025-01-30 18:32:05,678 INFO c.h.h.t.HelmChartContainer - [test-hivemq-platform] [hivemq] [d1acfa83]                  |  __  || |\ \ / // _ \| |\/| || |  | |
2025-01-30 18:32:05,678 INFO c.h.h.t.HelmChartContainer - [test-hivemq-platform] [hivemq] [d1acfa83]                  | |  | || | \ V /|  __/| |  | || |__| |
2025-01-30 18:32:05,678 INFO c.h.h.t.HelmChartContainer - [test-hivemq-platform] [hivemq] [d1acfa83]                  |_|  |_||_|  \_/  \___||_|  |_| \___\_\
2025-01-30 18:32:05,678 INFO c.h.h.t.HelmChartContainer - [test-hivemq-platform] [hivemq] [d1acfa83] 
2025-01-30 18:32:05,678 INFO c.h.h.t.HelmChartContainer - [test-hivemq-platform] [hivemq] [d1acfa83] -------------------------------------------------------------------------
2025-01-30 18:32:05,678 INFO c.h.h.t.HelmChartContainer - [test-hivemq-platform] [hivemq] [d1acfa83] 
2025-01-30 18:32:05,680 INFO c.h.h.t.HelmChartContainer - [test-hivemq-platform] [hivemq] [d1acfa83]   HiveMQ Start Script for Linux/Unix v1.14
2025-01-30 18:32:05,680 INFO c.h.h.t.HelmChartContainer - [test-hivemq-platform] [hivemq] [d1acfa83] 
2025-01-30 18:32:05,780 INFO c.h.h.t.HelmChartContainer - [test-hivemq-platform] [hivemq] [d1acfa83] -------------------------------------------------------------------------
2025-01-30 18:32:05,780 INFO c.h.h.t.HelmChartContainer - [test-hivemq-platform] [hivemq] [d1acfa83] 
2025-01-30 18:32:05,780 INFO c.h.h.t.HelmChartContainer - [test-hivemq-platform] [hivemq] [d1acfa83]   HIVEMQ_HOME: /opt/hivemq
2025-01-30 18:32:05,780 INFO c.h.h.t.HelmChartContainer - [test-hivemq-platform] [hivemq] [d1acfa83] 
2025-01-30 18:32:05,780 INFO c.h.h.t.HelmChartContainer - [test-hivemq-platform] [hivemq] [d1acfa83]   JAVA_OPTS: -XX:+UnlockExperimentalVMOptions -XX:InitialRAMPercentage=50 -XX:MaxRAMPercentage=50 -Djava.net.preferIPv4Stack=true --add-opens java.base/java.lang=ALL-UNNAMED --add-opens java.base/java.nio=ALL-UNNAMED --add-opens java.base/sun.nio.ch=ALL-UNNAMED --add-opens jdk.management/com.sun.management.internal=ALL-UNNAMED --add-exports java.base/jdk.internal.misc=ALL-UNNAMED -Djava.security.egd=file:/dev/./urandom -Dcom.sun.management.jmxremote -Dcom.sun.management.jmxremote.port=9010 -Dcom.sun.management.jmxremote.local.only=false -Dcom.sun.management.jmxremote.authenticate=false -Dcom.sun.management.jmxremote.ssl=false -Duser.language=en -Duser.region=US -XX:+CrashOnOutOfMemoryError -XX:+HeapDumpOnOutOfMemoryError
2025-01-30 18:32:05,780 INFO c.h.h.t.HelmChartContainer - [test-hivemq-platform] [hivemq] [d1acfa83] 
2025-01-30 18:32:05,781 INFO c.h.h.t.HelmChartContainer - [test-hivemq-platform] [hivemq] [d1acfa83]   JAVA_VERSION: 21
2025-01-30 18:32:05,781 INFO c.h.h.t.HelmChartContainer - [test-hivemq-platform] [hivemq] [d1acfa83] 
2025-01-30 18:32:05,781 INFO c.h.h.t.HelmChartContainer - [test-hivemq-platform] [hivemq] [d1acfa83] -------------------------------------------------------------------------
2025-01-30 18:32:05,781 INFO c.h.h.t.HelmChartContainer - [test-hivemq-platform] [hivemq] [d1acfa83] 
2025-01-30 18:32:07,779 INFO c.h.h.t.HelmChartContainer - [test-hivemq-platform] [hivemq] [d1acfa83] INFO  - [HiveMQ Platform Operator Init App 1.7.0-SNAPSHOT] Returning default Health API response 503 for readiness
2025-01-30 18:32:08,276 INFO c.h.h.t.HelmChartContainer - [EVENT] Warning [Unhealthy] Readiness probe failed: HTTP probe failed with statuscode: 503 [helmpodsecuritycontextupgradeextensionit:test-hivemq-platform-0]
2025-01-30 18:32:08,276 INFO c.h.h.t.HelmChartContainer - Received Unhealthy event for container hivemq in pod test-hivemq-platform-0 [d1acfa83-4c16-4cdd-bacc-6041361a91d3]
2025-01-30 18:32:08,571 INFO c.h.h.t.HelmChartContainer - [test-hivemq-platform] [hivemq] [d1acfa83] INFO  - Starting HiveMQ Enterprise Server
2025-01-30 18:32:08,578 INFO c.h.h.t.HelmChartContainer - [test-hivemq-platform] [hivemq] [d1acfa83] INFO  - HiveMQ version: 4.36.0
2025-01-30 18:32:08,578 INFO c.h.h.t.HelmChartContainer - [test-hivemq-platform] [hivemq] [d1acfa83] INFO  - HiveMQ home directory: /opt/hivemq
2025-01-30 18:32:08,579 INFO c.h.h.t.HelmChartContainer - [test-hivemq-platform] [hivemq] [d1acfa83] INFO  - Log Configuration was overridden by /opt/hivemq/conf/logback.xml
2025-01-30 18:32:09,869 INFO c.h.h.t.HelmChartContainer - [test-hivemq-platform] [hivemq] [d1acfa83] INFO  - Successfully loaded configuration from '/opt/hivemq/conf-k8s/config.xml'.
2025-01-30 18:32:10,676 INFO c.h.h.t.HelmChartContainer - [test-hivemq-platform] [hivemq] [d1acfa83] INFO  - This node's ID is QewrI
2025-01-30 18:32:10,676 INFO c.h.h.t.HelmChartContainer - [test-hivemq-platform] [hivemq] [d1acfa83] INFO  - Clustering is enabled
2025-01-30 18:32:10,809 INFO c.h.h.t.HelmChartContainer - [hivemq-test-hivemq-platform] [hivemq-platform-operator] [e510a205] 18:32:10.806 [pool-6-thread-27] DEBUG c.h.p.o.d.PlatformServiceResource - [helmpods] Desired Platform services (3 services)
2025-01-30 18:32:10,814 INFO c.h.h.t.HelmChartContainer - [hivemq-test-hivemq-platform] [hivemq-platform-operator] [e510a205] 18:32:10.809 [pool-6-thread-25] DEBUG c.h.p.o.d.PodServiceAccountResource - [helmpods] Desired PodServiceAccountResource (serviceAccountName: hivemq-platform-pod-test-hivemq-platform)
2025-01-30 18:32:10,815 INFO c.h.h.t.HelmChartContainer - [hivemq-test-hivemq-platform] [hivemq-platform-operator] [e510a205] 18:32:10.810 [pool-6-thread-26] DEBUG c.h.p.o.dependants.PodInfoConfigMap - [helmpods] Desired PodInfo ConfigMap (1 extensions) (1 enabled)
2025-01-30 18:32:10,816 INFO c.h.h.t.HelmChartContainer - [hivemq-test-hivemq-platform] [hivemq-platform-operator] [e510a205] 18:32:10.811 [pool-6-thread-26] DEBUG c.h.p.o.dependants.PodInfoConfigMap - [helmpods] Desired PodInfo ConfigMap (metrics port: 9399) (metrics path: /)
2025-01-30 18:32:10,816 INFO c.h.h.t.HelmChartContainer - [hivemq-test-hivemq-platform] [hivemq-platform-operator] [e510a205] 18:32:10.811 [pool-6-thread-26] DEBUG c.h.p.o.dependants.PodInfoConfigMap - [helmpods] Desired PodInfo ConfigMap (extension state hash: -1423846966)
2025-01-30 18:32:10,818 INFO c.h.h.t.HelmChartContainer - [hivemq-test-hivemq-platform] [hivemq-platform-operator] [e510a205] 18:32:10.817 [pool-6-thread-27] DEBUG c.h.p.o.d.StatefulSetResource - [helmpods] Desired StatefulSet (1 replicas) for status STARTING (READY)
2025-01-30 18:32:10,894 INFO c.h.h.t.HelmChartContainer - [hivemq-test-hivemq-platform] [hivemq-platform-operator] [e510a205] 18:32:10.892 [ReconcilerExecutor-hivemq-controller-111] INFO  c.h.p.o.HiveMQPlatformReconciler - [helmpods] Reconciling HiveMQ Platform 'test-hivemq-platform' in namespace 'helmpodsecuritycontextupgradeextensionit'
2025-01-30 18:32:10,894 INFO c.h.h.t.HelmChartContainer - [hivemq-test-hivemq-platform] [hivemq-platform-operator] [e510a205] 18:32:10.892 [ReconcilerExecutor-hivemq-controller-111] DEBUG c.h.p.o.HiveMQPlatformReconciler - [helmpods] Custom Resource Status STARTING - HiveMQ Platform is starting (READY)
2025-01-30 18:32:10,894 INFO c.h.h.t.HelmChartContainer - [hivemq-test-hivemq-platform] [hivemq-platform-operator] [e510a205] 18:32:10.892 [ReconcilerExecutor-hivemq-controller-111] DEBUG c.h.p.o.HiveMQPlatformReconciler - [helmpods] Custom Resource Spec (replicas: 1) (extensions: 1)
2025-01-30 18:32:10,899 INFO c.h.h.t.HelmChartContainer - [hivemq-test-hivemq-platform] [hivemq-platform-operator] [e510a205] 18:32:10.898 [ReconcilerExecutor-hivemq-controller-111] DEBUG c.h.p.o.HiveMQPlatformReconciler - [helmpods] StatefulSet Status (revision: test-hivemq-platform-f6cdc458c, replicas: 1, available: 0, ready: 0, current: 1, updated: 1)
2025-01-30 18:32:10,899 INFO c.h.h.t.HelmChartContainer - [hivemq-test-hivemq-platform] [hivemq-platform-operator] [e510a205] 18:32:10.898 [ReconcilerExecutor-hivemq-controller-111] DEBUG c.h.p.o.HiveMQPlatformReconciler - [helmpods] StatefulSet Spec (replicas: 1, init containers: 1, containers: 1, volumes: 4)
2025-01-30 18:32:10,901 INFO c.h.h.t.HelmChartContainer - [hivemq-test-hivemq-platform] [hivemq-platform-operator] [e510a205] 18:32:10.900 [ReconcilerExecutor-hivemq-controller-111] DEBUG c.h.p.o.h.HiveMQPlatformReconcilerErrorHandler - [helmpods] Pod 'test-hivemq-platform-0' phase Running
2025-01-30 18:32:10,902 INFO c.h.h.t.HelmChartContainer - [hivemq-test-hivemq-platform] [hivemq-platform-operator] [e510a205] 18:32:10.901 [ReconcilerExecutor-hivemq-controller-111] INFO  c.h.p.o.h.HiveMQPlatformReconcilerBaseHandler - [helmpods] HiveMQ Platform is starting, 0 of 1 replicas are ready
2025-01-30 18:32:13,077 INFO c.h.h.t.HelmChartContainer - [test-hivemq-platform] [hivemq] [d1acfa83] WARN  - [HiveMQ Platform Operator Init App 1.7.0-SNAPSHOT] Cannot connect to Health API for readiness: null
2025-01-30 18:32:13,083 INFO c.h.h.t.HelmChartContainer - [EVENT] Warning [Unhealthy] Readiness probe failed: HTTP probe failed with statuscode: 503 [helmpodsecuritycontextupgradeextensionit:test-hivemq-platform-0]
2025-01-30 18:32:13,084 INFO c.h.h.t.HelmChartContainer - Received Unhealthy event for container hivemq in pod test-hivemq-platform-0 [d1acfa83-4c16-4cdd-bacc-6041361a91d3]
2025-01-30 18:32:14,971 INFO c.h.h.t.HelmChartContainer - [test-hivemq-platform] [hivemq] [d1acfa83] Jan 30, 2025 6:32:14 PM io.vertx.core.impl.BlockedThreadChecker
2025-01-30 18:32:14,971 INFO c.h.h.t.HelmChartContainer - [test-hivemq-platform] [hivemq] [d1acfa83] WARNING: Thread Thread[vert.x-eventloop-thread-1,5,main] has been blocked for 2285 ms, time limit is 2000 ms
2025-01-30 18:32:15,868 INFO c.h.h.t.HelmChartContainer - [test-hivemq-platform] [hivemq] [d1acfa83] Jan 30, 2025 6:32:15 PM io.vertx.core.impl.BlockedThreadChecker
2025-01-30 18:32:15,869 INFO c.h.h.t.HelmChartContainer - [test-hivemq-platform] [hivemq] [d1acfa83] WARNING: Thread Thread[vert.x-eventloop-thread-1,5,main] has been blocked for 3284 ms, time limit is 2000 ms
2025-01-30 18:32:16,170 INFO c.h.h.t.HelmChartContainer - [test-hivemq-platform] [hivemq] [d1acfa83] INFO  - [HiveMQ Platform Operator Init App 1.7.0-SNAPSHOT] Updating Pod HiveMQ Platform Operator Init App version annotation (version: 1.7.0-SNAPSHOT)
2025-01-30 18:32:16,982 INFO c.h.h.t.HelmChartContainer - [POD] test-hivemq-platform-0 [d1acfa83-4c16-4cdd-bacc-6041361a91d3] in helmpodsecuritycontextupgradeextensionit was MODIFIED
2025-01-30 18:32:16,986 INFO c.h.h.t.HelmChartContainer - [test-hivemq-platform] [hivemq] [d1acfa83] WARN  - [HiveMQ Platform Operator Init App 1.7.0-SNAPSHOT] Cannot connect to Health API for readiness: null
2025-01-30 18:32:16,992 INFO c.h.h.t.HelmChartContainer - [EVENT] Warning [Unhealthy] Readiness probe failed: HTTP probe failed with statuscode: 503 [helmpodsecuritycontextupgradeextensionit:test-hivemq-platform-0]
2025-01-30 18:32:16,992 INFO c.h.h.t.HelmChartContainer - Received Unhealthy event for container hivemq in pod test-hivemq-platform-0 [d1acfa83-4c16-4cdd-bacc-6041361a91d3]
2025-01-30 18:32:16,993 INFO c.h.h.t.HelmChartContainer - [hivemq-test-hivemq-platform] [hivemq-platform-operator] [e510a205] 18:32:16.989 [pool-6-thread-37] DEBUG c.h.p.o.d.PlatformServiceResource - [helmpods] Desired Platform services (3 services)
2025-01-30 18:32:16,993 INFO c.h.h.t.HelmChartContainer - [hivemq-test-hivemq-platform] [hivemq-platform-operator] [e510a205] 18:32:16.991 [pool-6-thread-35] DEBUG c.h.p.o.d.PodServiceAccountResource - [helmpods] Desired PodServiceAccountResource (serviceAccountName: hivemq-platform-pod-test-hivemq-platform)
2025-01-30 18:32:16,995 INFO c.h.h.t.HelmChartContainer - [hivemq-test-hivemq-platform] [hivemq-platform-operator] [e510a205] 18:32:16.994 [pool-6-thread-32] DEBUG c.h.p.o.dependants.PodInfoConfigMap - [helmpods] Desired PodInfo ConfigMap (1 extensions) (1 enabled)
2025-01-30 18:32:16,996 INFO c.h.h.t.HelmChartContainer - [hivemq-test-hivemq-platform] [hivemq-platform-operator] [e510a205] 18:32:16.994 [pool-6-thread-32] DEBUG c.h.p.o.dependants.PodInfoConfigMap - [helmpods] Desired PodInfo ConfigMap (metrics port: 9399) (metrics path: /)
2025-01-30 18:32:16,996 INFO c.h.h.t.HelmChartContainer - [hivemq-test-hivemq-platform] [hivemq-platform-operator] [e510a205] 18:32:16.995 [pool-6-thread-32] DEBUG c.h.p.o.dependants.PodInfoConfigMap - [helmpods] Desired PodInfo ConfigMap (extension state hash: -1423846966)
2025-01-30 18:32:17,000 INFO c.h.h.t.HelmChartContainer - [hivemq-test-hivemq-platform] [hivemq-platform-operator] [e510a205] 18:32:16.999 [pool-6-thread-35] DEBUG c.h.p.o.d.StatefulSetResource - [helmpods] Desired StatefulSet (1 replicas) for status STARTING (READY)
2025-01-30 18:32:17,003 INFO c.h.h.t.HelmChartContainer - [hivemq-test-hivemq-platform] [hivemq-platform-operator] [e510a205] 18:32:17.002 [ReconcilerExecutor-hivemq-controller-112] INFO  c.h.p.o.HiveMQPlatformReconciler - [helmpods] Reconciling HiveMQ Platform 'test-hivemq-platform' in namespace 'helmpodsecuritycontextupgradeextensionit'
2025-01-30 18:32:17,003 INFO c.h.h.t.HelmChartContainer - [hivemq-test-hivemq-platform] [hivemq-platform-operator] [e510a205] 18:32:17.003 [ReconcilerExecutor-hivemq-controller-112] DEBUG c.h.p.o.HiveMQPlatformReconciler - [helmpods] Custom Resource Status STARTING - HiveMQ Platform is starting (READY)
2025-01-30 18:32:17,003 INFO c.h.h.t.HelmChartContainer - [hivemq-test-hivemq-platform] [hivemq-platform-operator] [e510a205] 18:32:17.003 [ReconcilerExecutor-hivemq-controller-112] DEBUG c.h.p.o.HiveMQPlatformReconciler - [helmpods] Custom Resource Spec (replicas: 1) (extensions: 1)
2025-01-30 18:32:17,031 INFO c.h.h.t.HelmChartContainer - [hivemq-test-hivemq-platform] [hivemq-platform-operator] [e510a205] 18:32:17.030 [ReconcilerExecutor-hivemq-controller-112] DEBUG c.h.p.o.HiveMQPlatformReconciler - [helmpods] StatefulSet Status (revision: test-hivemq-platform-f6cdc458c, replicas: 1, available: 0, ready: 0, current: 1, updated: 1)
2025-01-30 18:32:17,031 INFO c.h.h.t.HelmChartContainer - [hivemq-test-hivemq-platform] [hivemq-platform-operator] [e510a205] 18:32:17.030 [ReconcilerExecutor-hivemq-controller-112] DEBUG c.h.p.o.HiveMQPlatformReconciler - [helmpods] StatefulSet Spec (replicas: 1, init containers: 1, containers: 1, volumes: 4)
2025-01-30 18:32:17,032 INFO c.h.h.t.HelmChartContainer - [hivemq-test-hivemq-platform] [hivemq-platform-operator] [e510a205] 18:32:17.032 [ReconcilerExecutor-hivemq-controller-112] DEBUG c.h.p.o.h.HiveMQPlatformReconcilerErrorHandler - [helmpods] Pod 'test-hivemq-platform-0' phase Running
2025-01-30 18:32:17,035 INFO c.h.h.t.HelmChartContainer - [hivemq-test-hivemq-platform] [hivemq-platform-operator] [e510a205] 18:32:17.033 [ReconcilerExecutor-hivemq-controller-112] INFO  c.h.p.o.h.HiveMQPlatformReconcilerBaseHandler - [helmpods] HiveMQ Platform is starting, 0 of 1 replicas are ready
2025-01-30 18:32:17,071 INFO c.h.h.t.HelmChartContainer - [test-hivemq-platform] [hivemq] [d1acfa83] INFO  - [HiveMQ Platform Operator Init App 1.7.0-SNAPSHOT] Successfully updated Pod HiveMQ Platform Operator Init App version annotation (version: 1.7.0-SNAPSHOT)
2025-01-30 18:32:22,075 INFO c.h.h.t.HelmChartContainer - [test-hivemq-platform] [hivemq] [d1acfa83] WARN  - [HiveMQ Platform Operator Init App 1.7.0-SNAPSHOT] Cannot connect to Health API for readiness: null
2025-01-30 18:32:22,082 INFO c.h.h.t.HelmChartContainer - [EVENT] Warning [Unhealthy] Readiness probe failed: HTTP probe failed with statuscode: 503 [helmpodsecuritycontextupgradeextensionit:test-hivemq-platform-0]
2025-01-30 18:32:22,082 INFO c.h.h.t.HelmChartContainer - Received Unhealthy event for container hivemq in pod test-hivemq-platform-0 [d1acfa83-4c16-4cdd-bacc-6041361a91d3]
2025-01-30 18:32:26,574 INFO c.h.h.t.HelmChartContainer - [test-hivemq-platform] [hivemq] [d1acfa83] WARN  - [HiveMQ Platform Operator Init App 1.7.0-SNAPSHOT] Cannot connect to Health API for liveness: null
2025-01-30 18:32:26,574 INFO c.h.h.t.HelmChartContainer - [test-hivemq-platform] [hivemq] [d1acfa83] INFO  - [HiveMQ Platform Operator Init App 1.7.0-SNAPSHOT] Returning default Health API response 200 for liveness
2025-01-30 18:32:26,985 INFO c.h.h.t.HelmChartContainer - [test-hivemq-platform] [hivemq] [d1acfa83] WARN  - [HiveMQ Platform Operator Init App 1.7.0-SNAPSHOT] Cannot connect to Health API for readiness: null
2025-01-30 18:32:26,988 INFO c.h.h.t.HelmChartContainer - [EVENT] Warning [Unhealthy] Readiness probe failed: HTTP probe failed with statuscode: 503 [helmpodsecuritycontextupgradeextensionit:test-hivemq-platform-0]
2025-01-30 18:32:26,989 INFO c.h.h.t.HelmChartContainer - Received Unhealthy event for container hivemq in pod test-hivemq-platform-0 [d1acfa83-4c16-4cdd-bacc-6041361a91d3]
2025-01-30 18:32:27,040 INFO c.h.h.t.HelmChartContainer - [hivemq-test-hivemq-platform] [hivemq-platform-operator] [e510a205] 18:32:27.036 [pool-6-thread-45] DEBUG c.h.p.o.d.PlatformServiceResource - [helmpods] Desired Platform services (3 services)
2025-01-30 18:32:27,040 INFO c.h.h.t.HelmChartContainer - [hivemq-test-hivemq-platform] [hivemq-platform-operator] [e510a205] 18:32:27.038 [pool-6-thread-41] DEBUG c.h.p.o.dependants.PodInfoConfigMap - [helmpods] Desired PodInfo ConfigMap (1 extensions) (1 enabled)
2025-01-30 18:32:27,040 INFO c.h.h.t.HelmChartContainer - [hivemq-test-hivemq-platform] [hivemq-platform-operator] [e510a205] 18:32:27.038 [pool-6-thread-41] DEBUG c.h.p.o.dependants.PodInfoConfigMap - [helmpods] Desired PodInfo ConfigMap (metrics port: 9399) (metrics path: /)
2025-01-30 18:32:27,040 INFO c.h.h.t.HelmChartContainer - [hivemq-test-hivemq-platform] [hivemq-platform-operator] [e510a205] 18:32:27.038 [pool-6-thread-41] DEBUG c.h.p.o.dependants.PodInfoConfigMap - [helmpods] Desired PodInfo ConfigMap (extension state hash: -1423846966)
2025-01-30 18:32:27,044 INFO c.h.h.t.HelmChartContainer - [hivemq-test-hivemq-platform] [hivemq-platform-operator] [e510a205] 18:32:27.040 [pool-6-thread-48] DEBUG c.h.p.o.d.PodServiceAccountResource - [helmpods] Desired PodServiceAccountResource (serviceAccountName: hivemq-platform-pod-test-hivemq-platform)
2025-01-30 18:32:27,045 INFO c.h.h.t.HelmChartContainer - [hivemq-test-hivemq-platform] [hivemq-platform-operator] [e510a205] 18:32:27.044 [pool-6-thread-45] DEBUG c.h.p.o.d.StatefulSetResource - [helmpods] Desired StatefulSet (1 replicas) for status STARTING (READY)
2025-01-30 18:32:27,051 INFO c.h.h.t.HelmChartContainer - [hivemq-test-hivemq-platform] [hivemq-platform-operator] [e510a205] 18:32:27.049 [ReconcilerExecutor-hivemq-controller-113] INFO  c.h.p.o.HiveMQPlatformReconciler - [helmpods] Reconciling HiveMQ Platform 'test-hivemq-platform' in namespace 'helmpodsecuritycontextupgradeextensionit'
2025-01-30 18:32:27,051 INFO c.h.h.t.HelmChartContainer - [hivemq-test-hivemq-platform] [hivemq-platform-operator] [e510a205] 18:32:27.049 [ReconcilerExecutor-hivemq-controller-113] DEBUG c.h.p.o.HiveMQPlatformReconciler - [helmpods] Custom Resource Status STARTING - HiveMQ Platform is starting (READY)
2025-01-30 18:32:27,051 INFO c.h.h.t.HelmChartContainer - [hivemq-test-hivemq-platform] [hivemq-platform-operator] [e510a205] 18:32:27.049 [ReconcilerExecutor-hivemq-controller-113] DEBUG c.h.p.o.HiveMQPlatformReconciler - [helmpods] Custom Resource Spec (replicas: 1) (extensions: 1)
2025-01-30 18:32:27,134 INFO c.h.h.t.HelmChartContainer - [hivemq-test-hivemq-platform] [hivemq-platform-operator] [e510a205] 18:32:27.130 [ReconcilerExecutor-hivemq-controller-113] DEBUG c.h.p.o.HiveMQPlatformReconciler - [helmpods] StatefulSet Status (revision: test-hivemq-platform-f6cdc458c, replicas: 1, available: 0, ready: 0, current: 1, updated: 1)
2025-01-30 18:32:27,134 INFO c.h.h.t.HelmChartContainer - [hivemq-test-hivemq-platform] [hivemq-platform-operator] [e510a205] 18:32:27.130 [ReconcilerExecutor-hivemq-controller-113] DEBUG c.h.p.o.HiveMQPlatformReconciler - [helmpods] StatefulSet Spec (replicas: 1, init containers: 1, containers: 1, volumes: 4)
2025-01-30 18:32:27,135 INFO c.h.h.t.HelmChartContainer - [hivemq-test-hivemq-platform] [hivemq-platform-operator] [e510a205] 18:32:27.132 [ReconcilerExecutor-hivemq-controller-113] DEBUG c.h.p.o.h.HiveMQPlatformReconcilerErrorHandler - [helmpods] Pod 'test-hivemq-platform-0' phase Running
2025-01-30 18:32:27,135 INFO c.h.h.t.HelmChartContainer - [hivemq-test-hivemq-platform] [hivemq-platform-operator] [e510a205] 18:32:27.133 [ReconcilerExecutor-hivemq-controller-113] INFO  c.h.p.o.h.HiveMQPlatformReconcilerBaseHandler - [helmpods] HiveMQ Platform is starting, 0 of 1 replicas are ready
2025-01-30 18:32:27,791 INFO c.h.h.t.HelmChartContainer - [test-hivemq-platform] [hivemq] [d1acfa83] INFO  - No valid license file found. Using trial license, restricted to 25 connections.
2025-01-30 18:32:31,874 INFO c.h.h.t.HelmChartContainer - [test-hivemq-platform] [hivemq] [d1acfa83] INFO  - No valid license file for Data Hub found. Using free license, restricted to 1 policy.
2025-01-30 18:32:32,070 INFO c.h.h.t.HelmChartContainer - [test-hivemq-platform] [hivemq] [d1acfa83] WARN  - [HiveMQ Platform Operator Init App 1.7.0-SNAPSHOT] Cannot connect to Health API for readiness: null
2025-01-30 18:32:32,079 INFO c.h.h.t.HelmChartContainer - [EVENT] Warning [Unhealthy] Readiness probe failed: HTTP probe failed with statuscode: 503 [helmpodsecuritycontextupgradeextensionit:test-hivemq-platform-0]
2025-01-30 18:32:32,080 INFO c.h.h.t.HelmChartContainer - Received Unhealthy event for container hivemq in pod test-hivemq-platform-0 [d1acfa83-4c16-4cdd-bacc-6041361a91d3]
2025-01-30 18:32:33,070 INFO c.h.h.t.HelmChartContainer - [test-hivemq-platform] [hivemq] [d1acfa83] INFO  - Audit Logger started.
2025-01-30 18:32:33,290 INFO c.h.h.t.HelmChartContainer - [test-hivemq-platform] [hivemq] [d1acfa83] INFO  - This node uses '1' CPU cores.
2025-01-30 18:32:33,296 INFO c.h.h.t.HelmChartContainer - [test-hivemq-platform] [hivemq] [d1acfa83] INFO  - Starting HiveMQ Health API on address 0.0.0.0 and port 8889
2025-01-30 18:32:34,178 INFO c.h.h.t.HelmChartContainer - [test-hivemq-platform] [hivemq] [d1acfa83] INFO  - Started HiveMQ Health API in 882ms
2025-01-30 18:32:34,774 INFO c.h.h.t.HelmChartContainer - [test-hivemq-platform] [hivemq] [d1acfa83] INFO  - Starting HiveMQ extension system.
2025-01-30 18:32:36,480 INFO c.h.h.t.HelmChartContainer - [test-hivemq-platform] [hivemq] [d1acfa83] INFO  - No license found for enterprise extension with name "HiveMQ Enterprise Distributed Tracing Extension". Entering extension trial mode. "HiveMQ Enterprise Distributed Tracing Extension" will be disabled in 5 hours.
2025-01-30 18:32:36,679 INFO c.h.h.t.HelmChartContainer - [test-hivemq-platform] [hivemq] [d1acfa83] INFO  - Starting extension with id "hivemq-dns-cluster-discovery" at /opt/hivemq/extensions/hivemq-dns-cluster-discovery
2025-01-30 18:32:37,143 INFO c.h.h.t.HelmChartContainer - [hivemq-test-hivemq-platform] [hivemq-platform-operator] [e510a205] 18:32:37.139 [pool-6-thread-2] DEBUG c.h.p.o.d.PlatformServiceResource - [helmpods] Desired Platform services (3 services)
2025-01-30 18:32:37,143 INFO c.h.h.t.HelmChartContainer - [hivemq-test-hivemq-platform] [hivemq-platform-operator] [e510a205] 18:32:37.140 [pool-6-thread-6] DEBUG c.h.p.o.dependants.PodInfoConfigMap - [helmpods] Desired PodInfo ConfigMap (1 extensions) (1 enabled)
2025-01-30 18:32:37,143 INFO c.h.h.t.HelmChartContainer - [hivemq-test-hivemq-platform] [hivemq-platform-operator] [e510a205] 18:32:37.140 [pool-6-thread-6] DEBUG c.h.p.o.dependants.PodInfoConfigMap - [helmpods] Desired PodInfo ConfigMap (metrics port: 9399) (metrics path: /)
2025-01-30 18:32:37,144 INFO c.h.h.t.HelmChartContainer - [hivemq-test-hivemq-platform] [hivemq-platform-operator] [e510a205] 18:32:37.140 [pool-6-thread-6] DEBUG c.h.p.o.dependants.PodInfoConfigMap - [helmpods] Desired PodInfo ConfigMap (extension state hash: -1423846966)
2025-01-30 18:32:37,144 INFO c.h.h.t.HelmChartContainer - [hivemq-test-hivemq-platform] [hivemq-platform-operator] [e510a205] 18:32:37.140 [pool-6-thread-8] DEBUG c.h.p.o.d.PodServiceAccountResource - [helmpods] Desired PodServiceAccountResource (serviceAccountName: hivemq-platform-pod-test-hivemq-platform)
2025-01-30 18:32:37,147 INFO c.h.h.t.HelmChartContainer - [hivemq-test-hivemq-platform] [hivemq-platform-operator] [e510a205] 18:32:37.146 [pool-6-thread-6] DEBUG c.h.p.o.d.StatefulSetResource - [helmpods] Desired StatefulSet (1 replicas) for status STARTING (READY)
2025-01-30 18:32:37,152 INFO c.h.h.t.HelmChartContainer - [hivemq-test-hivemq-platform] [hivemq-platform-operator] [e510a205] 18:32:37.150 [ReconcilerExecutor-hivemq-controller-114] INFO  c.h.p.o.HiveMQPlatformReconciler - [helmpods] Reconciling HiveMQ Platform 'test-hivemq-platform' in namespace 'helmpodsecuritycontextupgradeextensionit'
2025-01-30 18:32:37,152 INFO c.h.h.t.HelmChartContainer - [hivemq-test-hivemq-platform] [hivemq-platform-operator] [e510a205] 18:32:37.150 [ReconcilerExecutor-hivemq-controller-114] DEBUG c.h.p.o.HiveMQPlatformReconciler - [helmpods] Custom Resource Status STARTING - HiveMQ Platform is starting (READY)
2025-01-30 18:32:37,152 INFO c.h.h.t.HelmChartContainer - [hivemq-test-hivemq-platform] [hivemq-platform-operator] [e510a205] 18:32:37.150 [ReconcilerExecutor-hivemq-controller-114] DEBUG c.h.p.o.HiveMQPlatformReconciler - [helmpods] Custom Resource Spec (replicas: 1) (extensions: 1)
2025-01-30 18:32:37,153 INFO c.h.h.t.HelmChartContainer - [hivemq-test-hivemq-platform] [hivemq-platform-operator] [e510a205] 18:32:37.152 [ReconcilerExecutor-hivemq-controller-114] DEBUG c.h.p.o.HiveMQPlatformReconciler - [helmpods] StatefulSet Status (revision: test-hivemq-platform-f6cdc458c, replicas: 1, available: 0, ready: 0, current: 1, updated: 1)
2025-01-30 18:32:37,153 INFO c.h.h.t.HelmChartContainer - [hivemq-test-hivemq-platform] [hivemq-platform-operator] [e510a205] 18:32:37.152 [ReconcilerExecutor-hivemq-controller-114] DEBUG c.h.p.o.HiveMQPlatformReconciler - [helmpods] StatefulSet Spec (replicas: 1, init containers: 1, containers: 1, volumes: 4)
2025-01-30 18:32:37,154 INFO c.h.h.t.HelmChartContainer - [hivemq-test-hivemq-platform] [hivemq-platform-operator] [e510a205] 18:32:37.153 [ReconcilerExecutor-hivemq-controller-114] DEBUG c.h.p.o.h.HiveMQPlatformReconcilerErrorHandler - [helmpods] Pod 'test-hivemq-platform-0' phase Running
2025-01-30 18:32:37,154 INFO c.h.h.t.HelmChartContainer - [hivemq-test-hivemq-platform] [hivemq-platform-operator] [e510a205] 18:32:37.154 [ReconcilerExecutor-hivemq-controller-114] INFO  c.h.p.o.h.HiveMQPlatformReconcilerBaseHandler - [helmpods] HiveMQ Platform is starting, 0 of 1 replicas are ready
2025-01-30 18:32:37,178 INFO c.h.h.t.HelmChartContainer - [test-hivemq-platform] [hivemq] [d1acfa83] INFO  - Using TCP cluster transport on address 10.42.0.8 and port 7000
2025-01-30 18:32:37,180 INFO c.h.h.t.HelmChartContainer - [test-hivemq-platform] [hivemq] [d1acfa83] INFO  - Using extension cluster discovery
2025-01-30 18:32:37,474 INFO c.h.h.t.HelmChartContainer - [test-hivemq-platform] [hivemq] [d1acfa83] INFO  - Extension "DNS Cluster Discovery Extension" version 4.3.2 started successfully.
2025-01-30 18:32:37,474 INFO c.h.h.t.HelmChartContainer - [test-hivemq-platform] [hivemq] [d1acfa83] INFO  - Starting extension with id "hivemq-distributed-tracing-extension" at /opt/hivemq/extensions/hivemq-distributed-tracing-extension
2025-01-30 18:32:38,024 INFO c.h.h.t.HelmChartContainer - [EVENT] Warning [Unhealthy] Readiness probe failed: Get "http://10.42.0.8:7979/readiness": context deadline exceeded (Client.Timeout exceeded while awaiting headers) [helmpodsecuritycontextupgradeextensionit:test-hivemq-platform-0]
2025-01-30 18:32:38,024 INFO c.h.h.t.HelmChartContainer - Received Unhealthy event for container hivemq in pod test-hivemq-platform-0 [d1acfa83-4c16-4cdd-bacc-6041361a91d3]
2025-01-30 18:32:38,369 INFO c.h.h.t.HelmChartContainer - [test-hivemq-platform] [hivemq] [d1acfa83] INFO  - [HiveMQ Platform Operator Init App 1.7.0-SNAPSHOT] Returning Health API response 503 for readiness
2025-01-30 18:32:40,083 INFO c.h.h.t.HelmChartContainer - [test-hivemq-platform] [hivemq] [d1acfa83] INFO  - HiveMQ Enterprise Distributed Tracing Extension: Successfully loaded configuration from '/opt/hivemq/extensions/hivemq-distributed-tracing-extension/conf/config.xml'.
2025-01-30 18:32:40,087 INFO c.h.h.t.HelmChartContainer - [test-hivemq-platform] [hivemq] [d1acfa83] INFO  - HiveMQ Enterprise Distributed Tracing Extension: Configured OTLP gRPC exporter 'my-otlp-grpc-exporter'.
2025-01-30 18:32:40,182 INFO c.h.h.t.HelmChartContainer - [test-hivemq-platform] [hivemq] [d1acfa83] INFO  - HiveMQ Enterprise Distributed Tracing Extension: Configured W3C trace propagation.
2025-01-30 18:32:40,184 INFO c.h.h.t.HelmChartContainer - [test-hivemq-platform] [hivemq] [d1acfa83] INFO  - Extension "HiveMQ Enterprise Distributed Tracing Extension" version 4.36.0 started successfully.
2025-01-30 18:32:40,184 INFO c.h.h.testcontainer.LogWaiterUtil - TEST Found log pattern on 'test-hivemq-platform-0': .*Extension "HiveMQ Enterprise Distributed Tracing Extension" version .* started successfully.
2025-01-30 18:32:40,185 INFO c.h.h.t.HelmChartContainer - [test-hivemq-platform] [hivemq] [d1acfa83] INFO  - Starting extension with id "hivemq-prometheus-extension" at /opt/hivemq/extensions/hivemq-prometheus-extension
2025-01-30 18:32:40,671 INFO c.h.h.t.HelmChartContainer - [test-hivemq-platform] [hivemq] [d1acfa83] INFO  - Started Jetty Server exposing Prometheus Servlet on URI http://0.0.0.0:9399/
2025-01-30 18:32:40,671 INFO c.h.h.t.HelmChartContainer - [test-hivemq-platform] [hivemq] [d1acfa83] INFO  - Extension "Prometheus Monitoring Extension" version 4.0.12 started successfully.
2025-01-30 18:32:40,671 INFO c.h.h.t.HelmChartContainer - [test-hivemq-platform] [hivemq] [d1acfa83] INFO  - Starting extension with id "hivemq-allow-all-extension" at /opt/hivemq/extensions/hivemq-allow-all-extension
2025-01-30 18:32:40,671 INFO c.h.h.t.HelmChartContainer - [test-hivemq-platform] [hivemq] [d1acfa83] WARN  - 
2025-01-30 18:32:40,671 INFO c.h.h.t.HelmChartContainer - [test-hivemq-platform] [hivemq] [d1acfa83] ################################################################################################################
2025-01-30 18:32:40,671 INFO c.h.h.t.HelmChartContainer - [test-hivemq-platform] [hivemq] [d1acfa83] # This HiveMQ deployment is not secure! You are lacking Authentication and Authorization.                      #
2025-01-30 18:32:40,672 INFO c.h.h.t.HelmChartContainer - [test-hivemq-platform] [hivemq] [d1acfa83] # Right now any MQTT client can connect to the broker with a full set of permissions.                          #
2025-01-30 18:32:40,672 INFO c.h.h.t.HelmChartContainer - [test-hivemq-platform] [hivemq] [d1acfa83] # For production usage, add an appropriate security extension and remove the hivemq-allow-all extension.       #
2025-01-30 18:32:40,672 INFO c.h.h.t.HelmChartContainer - [test-hivemq-platform] [hivemq] [d1acfa83] # You can download security extensions from the HiveMQ Marketplace (https://www.hivemq.com/extensions/).       #
2025-01-30 18:32:40,672 INFO c.h.h.t.HelmChartContainer - [test-hivemq-platform] [hivemq] [d1acfa83] ################################################################################################################
2025-01-30 18:32:40,672 INFO c.h.h.t.HelmChartContainer - [test-hivemq-platform] [hivemq] [d1acfa83] INFO  - Extension "Allow All Extension" version 1.1.1 started successfully.
2025-01-30 18:32:41,070 INFO c.h.h.t.HelmChartContainer - [test-hivemq-platform] [hivemq] [d1acfa83] INFO  - QewrI: no members discovered after 3201 ms: creating cluster as first member
2025-01-30 18:32:41,077 INFO c.h.h.t.HelmChartContainer - [test-hivemq-platform] [hivemq] [d1acfa83] INFO  - Cluster nodes found by discovery: [QewrI|0] (1) [QewrI].
2025-01-30 18:32:41,182 INFO c.h.h.t.HelmChartContainer - [test-hivemq-platform] [hivemq] [d1acfa83] INFO  - Updated rules for sampling and tracing propagation.
2025-01-30 18:32:41,184 INFO c.h.h.t.HelmChartContainer - [test-hivemq-platform] [hivemq] [d1acfa83] INFO  - HiveMQ: Successfully loaded configuration from '/opt/hivemq/conf-k8s/tracing.xml'.
2025-01-30 18:32:41,184 INFO c.h.h.t.HelmChartContainer - [test-hivemq-platform] [hivemq] [d1acfa83] WARN  - No user for HiveMQ Control Center configured. Starting with default user
2025-01-30 18:32:41,184 INFO c.h.h.t.HelmChartContainer - [test-hivemq-platform] [hivemq] [d1acfa83] INFO  - Starting HiveMQ Control Center on address 0.0.0.0 and port 8080
2025-01-30 18:32:41,268 INFO c.h.h.t.HelmChartContainer - [test-hivemq-platform] [hivemq] [d1acfa83] INFO  - Mounting HiveMQ Control Center V2 Preview
2025-01-30 18:32:41,882 INFO c.h.h.t.HelmChartContainer - [test-hivemq-platform] [hivemq] [d1acfa83] INFO  - Started HiveMQ Control Center in 699ms
2025-01-30 18:32:41,967 INFO c.h.h.t.HelmChartContainer - [test-hivemq-platform] [hivemq] [d1acfa83] INFO  - Starting TCP listener on address 0.0.0.0 and port 1883
2025-01-30 18:32:41,983 INFO c.h.h.t.HelmChartContainer - [test-hivemq-platform] [hivemq] [d1acfa83] INFO  - Started TCP Listener on address 0.0.0.0 and on port 1883.
2025-01-30 18:32:41,983 INFO c.h.h.t.HelmChartContainer - [test-hivemq-platform] [hivemq] [d1acfa83] INFO  - Started HiveMQ in 34011ms
2025-01-30 18:32:41,987 INFO c.h.h.t.HelmChartContainer - [test-hivemq-platform] [hivemq] [d1acfa83] INFO  - [HiveMQ Platform Operator Init App 1.7.0-SNAPSHOT] Returning Health API response 200 for readiness
2025-01-30 18:32:41,998 INFO c.h.h.t.HelmChartContainer - [POD] test-hivemq-platform-0 [d1acfa83-4c16-4cdd-bacc-6041361a91d3] in helmpodsecuritycontextupgradeextensionit was MODIFIED
2025-01-30 18:32:42,009 INFO c.h.h.t.HelmChartContainer - [hivemq-test-hivemq-platform] [hivemq-platform-operator] [e510a205] 18:32:42.005 [pool-6-thread-18] DEBUG c.h.p.o.d.PlatformServiceResource - [helmpods] Desired Platform services (3 services)
2025-01-30 18:32:42,010 INFO c.h.h.t.HelmChartContainer - [hivemq-test-hivemq-platform] [hivemq-platform-operator] [e510a205] 18:32:42.007 [pool-6-thread-16] DEBUG c.h.p.o.dependants.PodInfoConfigMap - [helmpods] Desired PodInfo ConfigMap (1 extensions) (1 enabled)
2025-01-30 18:32:42,010 INFO c.h.h.t.HelmChartContainer - [hivemq-test-hivemq-platform] [hivemq-platform-operator] [e510a205] 18:32:42.007 [pool-6-thread-16] DEBUG c.h.p.o.dependants.PodInfoConfigMap - [helmpods] Desired PodInfo ConfigMap (metrics port: 9399) (metrics path: /)
2025-01-30 18:32:42,010 INFO c.h.h.t.HelmChartContainer - [hivemq-test-hivemq-platform] [hivemq-platform-operator] [e510a205] 18:32:42.007 [pool-6-thread-16] DEBUG c.h.p.o.dependants.PodInfoConfigMap - [helmpods] Desired PodInfo ConfigMap (extension state hash: -1423846966)
2025-01-30 18:32:42,012 INFO c.h.h.t.HelmChartContainer - [hivemq-test-hivemq-platform] [hivemq-platform-operator] [e510a205] 18:32:42.009 [pool-6-thread-17] DEBUG c.h.p.o.d.PodServiceAccountResource - [helmpods] Desired PodServiceAccountResource (serviceAccountName: hivemq-platform-pod-test-hivemq-platform)
2025-01-30 18:32:42,026 INFO c.h.h.t.HelmChartContainer - [hivemq-test-hivemq-platform] [hivemq-platform-operator] [e510a205] 18:32:42.025 [pool-6-thread-18] DEBUG c.h.p.o.d.StatefulSetResource - [helmpods] Desired StatefulSet (1 replicas) for status STARTING (READY)
2025-01-30 18:32:42,095 INFO c.h.h.t.HelmChartContainer - [hivemq-test-hivemq-platform] [hivemq-platform-operator] [e510a205] 18:32:42.093 [ReconcilerExecutor-hivemq-controller-115] INFO  c.h.p.o.HiveMQPlatformReconciler - [helmpods] Reconciling HiveMQ Platform 'test-hivemq-platform' in namespace 'helmpodsecuritycontextupgradeextensionit'
2025-01-30 18:32:42,095 INFO c.h.h.t.HelmChartContainer - [hivemq-test-hivemq-platform] [hivemq-platform-operator] [e510a205] 18:32:42.093 [ReconcilerExecutor-hivemq-controller-115] DEBUG c.h.p.o.HiveMQPlatformReconciler - [helmpods] Custom Resource Status STARTING - HiveMQ Platform is starting (READY)
2025-01-30 18:32:42,096 INFO c.h.h.t.HelmChartContainer - [hivemq-test-hivemq-platform] [hivemq-platform-operator] [e510a205] 18:32:42.093 [ReconcilerExecutor-hivemq-controller-115] DEBUG c.h.p.o.HiveMQPlatformReconciler - [helmpods] Custom Resource Spec (replicas: 1) (extensions: 1)
2025-01-30 18:32:42,097 INFO c.h.h.t.HelmChartContainer - [hivemq-test-hivemq-platform] [hivemq-platform-operator] [e510a205] 18:32:42.095 [ReconcilerExecutor-hivemq-controller-115] DEBUG c.h.p.o.HiveMQPlatformReconciler - [helmpods] StatefulSet Status (revision: test-hivemq-platform-f6cdc458c, replicas: 1, available: 1, ready: 1, current: 1, updated: 1)
2025-01-30 18:32:42,097 INFO c.h.h.t.HelmChartContainer - [hivemq-test-hivemq-platform] [hivemq-platform-operator] [e510a205] 18:32:42.095 [ReconcilerExecutor-hivemq-controller-115] DEBUG c.h.p.o.HiveMQPlatformReconciler - [helmpods] StatefulSet Spec (replicas: 1, init containers: 1, containers: 1, volumes: 4)
2025-01-30 18:32:42,097 INFO c.h.h.t.HelmChartContainer - [hivemq-test-hivemq-platform] [hivemq-platform-operator] [e510a205] 18:32:42.096 [ReconcilerExecutor-hivemq-controller-115] DEBUG c.h.p.o.h.HiveMQPlatformReconcilerErrorHandler - [helmpods] Pod 'test-hivemq-platform-0' phase Running
2025-01-30 18:32:42,099 INFO c.h.h.t.HelmChartContainer - [hivemq-test-hivemq-platform] [hivemq-platform-operator] [e510a205] 18:32:42.097 [ReconcilerExecutor-hivemq-controller-115] INFO  c.h.p.o.h.HiveMQPlatformReconcilerBaseHandler - [helmpods] HiveMQ Platform started successfully
2025-01-30 18:32:42,200 INFO c.h.h.t.HelmChartContainer - [hivemq-test-hivemq-platform] [hivemq-platform-operator] [e510a205] 18:32:42.198 [ReconcilerExecutor-hivemq-controller-115] DEBUG c.h.p.operator.event.EventSender - [helmpods] Creating K8s event hivemq-platform-ready: [Ready] HiveMQ Platform is ready
2025-01-30 18:32:42,204 INFO c.h.h.t.HelmChartContainer - [EVENT] Normal [Ready] HiveMQ Platform is ready [helmpodsecuritycontextupgradeextensionit:test-hivemq-platform]
2025-01-30 18:32:42,206 INFO c.h.h.t.HelmChartContainer - [hivemq-test-hivemq-platform] [hivemq-platform-operator] [e510a205] 18:32:42.204 [ReconcilerExecutor-hivemq-controller-115] INFO  c.h.p.o.h.AbstractHiveMQReconcilerStateHandler - [helmpods] Update HiveMQ Platform Status (STARTING [READY] -> RUNNING [READY]): HiveMQ Platform is ready
2025-01-30 18:32:42,213 DEBUG com.hivemq.helmcharts.util.K8sUtil - Comparing actual state 'RUNNING' and waiting for 'RUNNING'
2025-01-30 18:32:42,299 INFO c.h.h.t.HelmChartContainer - [hivemq-test-hivemq-platform] [hivemq-platform-operator] [e510a205] 18:32:42.294 [pool-6-thread-21] DEBUG c.h.p.o.d.PlatformServiceResource - [helmpods] Desired Platform services (3 services)
2025-01-30 18:32:42,302 INFO c.h.h.t.HelmChartContainer - [hivemq-test-hivemq-platform] [hivemq-platform-operator] [e510a205] 18:32:42.299 [pool-6-thread-22] DEBUG c.h.p.o.dependants.PodInfoConfigMap - [helmpods] Desired PodInfo ConfigMap (1 extensions) (1 enabled)
2025-01-30 18:32:42,303 INFO c.h.h.t.HelmChartContainer - [hivemq-test-hivemq-platform] [hivemq-platform-operator] [e510a205] 18:32:42.299 [pool-6-thread-22] DEBUG c.h.p.o.dependants.PodInfoConfigMap - [helmpods] Desired PodInfo ConfigMap (metrics port: 9399) (metrics path: /)
2025-01-30 18:32:42,303 INFO c.h.h.t.HelmChartContainer - [hivemq-test-hivemq-platform] [hivemq-platform-operator] [e510a205] 18:32:42.299 [pool-6-thread-22] DEBUG c.h.p.o.dependants.PodInfoConfigMap - [helmpods] Desired PodInfo ConfigMap (extension state hash: -1423846966)
2025-01-30 18:32:42,303 INFO c.h.h.t.HelmChartContainer - [hivemq-test-hivemq-platform] [hivemq-platform-operator] [e510a205] 18:32:42.300 [pool-6-thread-22] DEBUG c.h.p.o.dependants.PodInfoConfigMap - [helmpods] Update PodInfo ConfigMap
2025-01-30 18:32:42,303 INFO c.h.h.t.HelmChartContainer - [hivemq-test-hivemq-platform] [hivemq-platform-operator] [e510a205] 18:32:42.301 [pool-6-thread-23] DEBUG c.h.p.o.d.PodServiceAccountResource - [helmpods] Desired PodServiceAccountResource (serviceAccountName: hivemq-platform-pod-test-hivemq-platform)
2025-01-30 18:32:42,325 DEBUG com.hivemq.helmcharts.util.PodUtil - Received status for command '[sh, -c, stat -c "%u:%g" /proc/1]' on pod 'test-hivemq-platform-0' (exit code: 0)
2025-01-30 18:32:42,394 INFO c.h.h.t.HelmChartContainer - [hivemq-test-hivemq-platform] [hivemq-platform-operator] [e510a205] 18:32:42.393 [pool-6-thread-22] DEBUG c.h.p.o.d.StatefulSetResource - [helmpods] Desired StatefulSet (1 replicas) for status RUNNING (READY)
2025-01-30 18:32:42,398 INFO c.h.h.t.HelmChartContainer - [hivemq-test-hivemq-platform] [hivemq-platform-operator] [e510a205] 18:32:42.397 [ReconcilerExecutor-hivemq-controller-116] INFO  c.h.p.o.HiveMQPlatformReconciler - [helmpods] Reconciling HiveMQ Platform 'test-hivemq-platform' in namespace 'helmpodsecuritycontextupgradeextensionit'
2025-01-30 18:32:42,399 INFO c.h.h.t.HelmChartContainer - [hivemq-test-hivemq-platform] [hivemq-platform-operator] [e510a205] 18:32:42.397 [ReconcilerExecutor-hivemq-controller-116] DEBUG c.h.p.o.HiveMQPlatformReconciler - [helmpods] Custom Resource Status RUNNING - HiveMQ Platform is ready (READY)
2025-01-30 18:32:42,399 INFO c.h.h.t.HelmChartContainer - [hivemq-test-hivemq-platform] [hivemq-platform-operator] [e510a205] 18:32:42.397 [ReconcilerExecutor-hivemq-controller-116] DEBUG c.h.p.o.HiveMQPlatformReconciler - [helmpods] Custom Resource Spec (replicas: 1) (extensions: 1)
2025-01-30 18:32:42,400 INFO c.h.h.t.HelmChartContainer - [hivemq-test-hivemq-platform] [hivemq-platform-operator] [e510a205] 18:32:42.399 [ReconcilerExecutor-hivemq-controller-116] DEBUG c.h.p.o.HiveMQPlatformReconciler - [helmpods] StatefulSet Status (revision: test-hivemq-platform-f6cdc458c, replicas: 1, available: 1, ready: 1, current: 1, updated: 1)
2025-01-30 18:32:42,401 INFO c.h.h.t.HelmChartContainer - [hivemq-test-hivemq-platform] [hivemq-platform-operator] [e510a205] 18:32:42.399 [ReconcilerExecutor-hivemq-controller-116] DEBUG c.h.p.o.HiveMQPlatformReconciler - [helmpods] StatefulSet Spec (replicas: 1, init containers: 1, containers: 1, volumes: 4)
2025-01-30 18:32:42,402 INFO c.h.h.t.HelmChartContainer - [hivemq-test-hivemq-platform] [hivemq-platform-operator] [e510a205] 18:32:42.401 [ReconcilerExecutor-hivemq-controller-116] DEBUG c.h.p.o.h.HiveMQPlatformReconcilerErrorHandler - [helmpods] Pod 'test-hivemq-platform-0' phase Running
2025-01-30 18:32:44,334 INFO c.h.h.testcontainer.LogWaiterUtil - TEST Waiting for log pattern on 'test-hivemq-platform-0': .*HiveMQ Enterprise Distributed Tracing Extension: Successfully updated configuration from '/opt/hivemq/extensions/hivemq-distributed-tracing-extension/conf/config.xml'.
2025-01-30 18:32:44,338 DEBUG com.hivemq.helmcharts.util.K8sUtil - Comparing actual state 'RUNNING' and waiting for 'RESTART_EXTENSIONS'
2025-01-30 18:32:44,343 INFO c.h.h.t.HelmChartContainer - [hivemq-test-hivemq-platform] [hivemq-platform-operator] [e510a205] 18:32:44.339 [pool-6-thread-36] DEBUG c.h.p.o.dependants.PodInfoConfigMap - [helmpods] Desired PodInfo ConfigMap (1 extensions) (1 enabled)
2025-01-30 18:32:44,344 INFO c.h.h.t.HelmChartContainer - [hivemq-test-hivemq-platform] [hivemq-platform-operator] [e510a205] 18:32:44.339 [pool-6-thread-36] DEBUG c.h.p.o.dependants.PodInfoConfigMap - [helmpods] Desired PodInfo ConfigMap (metrics port: 9399) (metrics path: /)
2025-01-30 18:32:44,344 INFO c.h.h.t.HelmChartContainer - [hivemq-test-hivemq-platform] [hivemq-platform-operator] [e510a205] 18:32:44.339 [pool-6-thread-36] DEBUG c.h.p.o.dependants.PodInfoConfigMap - [helmpods] Desired PodInfo ConfigMap (extension state hash: 1172060551)
2025-01-30 18:32:44,344 INFO c.h.h.t.HelmChartContainer - [hivemq-test-hivemq-platform] [hivemq-platform-operator] [e510a205] 18:32:44.340 [pool-6-thread-31] DEBUG c.h.p.o.d.PodServiceAccountResource - [helmpods] Desired PodServiceAccountResource (serviceAccountName: hivemq-platform-pod-test-hivemq-platform)
2025-01-30 18:32:44,344 INFO c.h.h.t.HelmChartContainer - [hivemq-test-hivemq-platform] [hivemq-platform-operator] [e510a205] 18:32:44.341 [pool-6-thread-39] DEBUG c.h.p.o.d.PlatformServiceResource - [helmpods] Desired Platform services (3 services)
2025-01-30 18:32:44,344 INFO c.h.h.t.HelmChartContainer - [hivemq-test-hivemq-platform] [hivemq-platform-operator] [e510a205] 18:32:44.343 [pool-6-thread-36] DEBUG c.h.p.o.dependants.PodInfoConfigMap - [helmpods] Update PodInfo ConfigMap
2025-01-30 18:32:44,345 INFO c.h.h.t.HelmChartContainer - [hivemq-test-hivemq-platform] [hivemq-platform-operator] [e510a205] 18:32:44.344 [pool-6-thread-36] DEBUG c.h.p.o.dependants.PodInfoConfigMap - [helmpods] Detected change in configuration of extension 'hivemq-distributed-tracing-extension' ({skip-https-hostname-verification=false, restart=false, config-version=806, header-version=0, c-uri=, uri=preinstalled, skip-https-certificate-validation=false, enabled=true} -> {skip-https-hostname-verification=false, restart=false, config-version=897, header-version=0, c-uri=, uri=preinstalled, skip-https-certificate-validation=false, enabled=true})
2025-01-30 18:32:44,345 INFO c.h.h.t.HelmChartContainer - [hivemq-test-hivemq-platform] [hivemq-platform-operator] [e510a205] 18:32:44.344 [pool-6-thread-36] INFO  c.h.p.o.dependants.PodInfoConfigMap - [helmpods] Extension configuration was updated, restarting extensions: [hivemq-distributed-tracing-extension]
2025-01-30 18:32:44,355 INFO c.h.h.t.HelmChartContainer - [hivemq-test-hivemq-platform] [hivemq-platform-operator] [e510a205] 18:32:44.354 [pool-6-thread-36] DEBUG c.h.p.o.d.StatefulSetResource - [helmpods] Desired StatefulSet (1 replicas) for status RUNNING (READY)
2025-01-30 18:32:44,359 INFO c.h.h.t.HelmChartContainer - [hivemq-test-hivemq-platform] [hivemq-platform-operator] [e510a205] 18:32:44.358 [ReconcilerExecutor-hivemq-controller-117] INFO  c.h.p.o.HiveMQPlatformReconciler - [helmpods] Reconciling HiveMQ Platform 'test-hivemq-platform' in namespace 'helmpodsecuritycontextupgradeextensionit'
2025-01-30 18:32:44,359 INFO c.h.h.t.HelmChartContainer - [hivemq-test-hivemq-platform] [hivemq-platform-operator] [e510a205] 18:32:44.358 [ReconcilerExecutor-hivemq-controller-117] DEBUG c.h.p.o.HiveMQPlatformReconciler - [helmpods] Custom Resource Status RUNNING - HiveMQ Platform is ready (READY) (reconciliation requests: RESTART_EXTENSIONS, REQUESTS_UPDATED)
2025-01-30 18:32:44,359 INFO c.h.h.t.HelmChartContainer - [hivemq-test-hivemq-platform] [hivemq-platform-operator] [e510a205] 18:32:44.358 [ReconcilerExecutor-hivemq-controller-117] DEBUG c.h.p.o.HiveMQPlatformReconciler - [helmpods] Custom Resource Spec (replicas: 1) (extensions: 1)
2025-01-30 18:32:44,360 INFO c.h.h.t.HelmChartContainer - [hivemq-test-hivemq-platform] [hivemq-platform-operator] [e510a205] 18:32:44.360 [ReconcilerExecutor-hivemq-controller-117] DEBUG c.h.p.o.HiveMQPlatformReconciler - [helmpods] StatefulSet Status (revision: test-hivemq-platform-f6cdc458c, replicas: 1, available: 1, ready: 1, current: 1, updated: 1)
2025-01-30 18:32:44,361 INFO c.h.h.t.HelmChartContainer - [hivemq-test-hivemq-platform] [hivemq-platform-operator] [e510a205] 18:32:44.360 [ReconcilerExecutor-hivemq-controller-117] DEBUG c.h.p.o.HiveMQPlatformReconciler - [helmpods] StatefulSet Spec (replicas: 1, init containers: 1, containers: 1, volumes: 4)
2025-01-30 18:32:44,433 INFO c.h.h.t.HelmChartContainer - [hivemq-test-hivemq-platform] [hivemq-platform-operator] [e510a205] 18:32:44.430 [ReconcilerExecutor-hivemq-controller-117] DEBUG c.h.p.o.h.HiveMQPlatformReconcilerErrorHandler - [helmpods] Pod 'test-hivemq-platform-0' phase Running
2025-01-30 18:32:44,450 INFO c.h.h.t.HelmChartContainer - [hivemq-test-hivemq-platform] [hivemq-platform-operator] [e510a205] 18:32:44.449 [ReconcilerExecutor-hivemq-controller-117] DEBUG c.h.p.operator.event.EventSender - [helmpods] Creating K8s event restart-extension-started: [RestartExtension] HiveMQ Platform is restarting extensions (hivemq-distributed-tracing-extension)
2025-01-30 18:32:44,453 INFO c.h.h.t.HelmChartContainer - [EVENT] Normal [RestartExtension] HiveMQ Platform is restarting extensions (hivemq-distributed-tracing-extension) [helmpodsecuritycontextupgradeextensionit:test-hivemq-platform]
2025-01-30 18:32:44,455 INFO c.h.h.t.HelmChartContainer - [hivemq-test-hivemq-platform] [hivemq-platform-operator] [e510a205] 18:32:44.454 [ReconcilerExecutor-hivemq-controller-117] INFO  c.h.p.o.h.AbstractHiveMQReconcilerStateHandler - [helmpods] Update HiveMQ Platform Status (RUNNING [READY] -> RESTART_EXTENSIONS [RESTART_EXTENSIONS]): HiveMQ Platform is restarting extensions (hivemq-distributed-tracing-extension)
2025-01-30 18:32:44,537 DEBUG com.hivemq.helmcharts.util.K8sUtil - Comparing actual state 'RESTART_EXTENSIONS' and waiting for 'RESTART_EXTENSIONS'
2025-01-30 18:32:44,542 DEBUG com.hivemq.helmcharts.util.K8sUtil - Comparing actual state 'RESTART_EXTENSIONS' and waiting for 'RUNNING'
2025-01-30 18:32:54,550 INFO c.h.h.t.HelmChartContainer - [hivemq-test-hivemq-platform] [hivemq-platform-operator] [e510a205] 18:32:54.547 [pool-6-thread-43] DEBUG c.h.p.o.d.PlatformServiceResource - [helmpods] Desired Platform services (3 services)
2025-01-30 18:32:54,550 INFO c.h.h.t.HelmChartContainer - [hivemq-test-hivemq-platform] [hivemq-platform-operator] [e510a205] 18:32:54.548 [pool-6-thread-42] DEBUG c.h.p.o.d.PodServiceAccountResource - [helmpods] Desired PodServiceAccountResource (serviceAccountName: hivemq-platform-pod-test-hivemq-platform)
2025-01-30 18:32:54,550 INFO c.h.h.t.HelmChartContainer - [hivemq-test-hivemq-platform] [hivemq-platform-operator] [e510a205] 18:32:54.549 [pool-6-thread-48] DEBUG c.h.p.o.dependants.PodInfoConfigMap - [helmpods] Desired PodInfo ConfigMap (1 extensions) (1 enabled)
2025-01-30 18:32:54,552 INFO c.h.h.t.HelmChartContainer - [hivemq-test-hivemq-platform] [hivemq-platform-operator] [e510a205] 18:32:54.551 [pool-6-thread-48] DEBUG c.h.p.o.dependants.PodInfoConfigMap - [helmpods] Desired PodInfo ConfigMap (metrics port: 9399) (metrics path: /)
2025-01-30 18:32:54,552 INFO c.h.h.t.HelmChartContainer - [hivemq-test-hivemq-platform] [hivemq-platform-operator] [e510a205] 18:32:54.551 [pool-6-thread-48] DEBUG c.h.p.o.dependants.PodInfoConfigMap - [helmpods] Desired PodInfo ConfigMap (extension state hash: 1172060551)
2025-01-30 18:32:54,553 INFO c.h.h.t.HelmChartContainer - [hivemq-test-hivemq-platform] [hivemq-platform-operator] [e510a205] 18:32:54.552 [pool-6-thread-48] DEBUG c.h.p.o.dependants.PodInfoConfigMap - [helmpods] Update PodInfo ConfigMap
2025-01-30 18:32:54,633 INFO c.h.h.t.HelmChartContainer - [hivemq-test-hivemq-platform] [hivemq-platform-operator] [e510a205] 18:32:54.630 [pool-6-thread-48] DEBUG c.h.p.o.d.StatefulSetResource - [helmpods] Desired StatefulSet (1 replicas) for status RESTART_EXTENSIONS (RESTART_EXTENSIONS)
2025-01-30 18:32:54,637 INFO c.h.h.t.HelmChartContainer - [hivemq-test-hivemq-platform] [hivemq-platform-operator] [e510a205] 18:32:54.636 [ReconcilerExecutor-hivemq-controller-118] INFO  c.h.p.o.HiveMQPlatformReconciler - [helmpods] Reconciling HiveMQ Platform 'test-hivemq-platform' in namespace 'helmpodsecuritycontextupgradeextensionit'
2025-01-30 18:32:54,637 INFO c.h.h.t.HelmChartContainer - [hivemq-test-hivemq-platform] [hivemq-platform-operator] [e510a205] 18:32:54.636 [ReconcilerExecutor-hivemq-controller-118] DEBUG c.h.p.o.HiveMQPlatformReconciler - [helmpods] Custom Resource Status RESTART_EXTENSIONS - HiveMQ Platform is restarting extensions (hivemq-distributed-tracing-extension) (RESTART_EXTENSIONS)
2025-01-30 18:32:54,638 INFO c.h.h.t.HelmChartContainer - [hivemq-test-hivemq-platform] [hivemq-platform-operator] [e510a205] 18:32:54.636 [ReconcilerExecutor-hivemq-controller-118] DEBUG c.h.p.o.HiveMQPlatformReconciler - [helmpods] Custom Resource Spec (replicas: 1) (extensions: 1)
2025-01-30 18:32:54,639 INFO c.h.h.t.HelmChartContainer - [hivemq-test-hivemq-platform] [hivemq-platform-operator] [e510a205] 18:32:54.638 [ReconcilerExecutor-hivemq-controller-118] DEBUG c.h.p.o.HiveMQPlatformReconciler - [helmpods] StatefulSet Status (revision: test-hivemq-platform-f6cdc458c, replicas: 1, available: 1, ready: 1, current: 1, updated: 1)
2025-01-30 18:32:54,639 INFO c.h.h.t.HelmChartContainer - [hivemq-test-hivemq-platform] [hivemq-platform-operator] [e510a205] 18:32:54.638 [ReconcilerExecutor-hivemq-controller-118] DEBUG c.h.p.o.HiveMQPlatformReconciler - [helmpods] StatefulSet Spec (replicas: 1, init containers: 1, containers: 1, volumes: 4)
2025-01-30 18:32:54,640 INFO c.h.h.t.HelmChartContainer - [hivemq-test-hivemq-platform] [hivemq-platform-operator] [e510a205] 18:32:54.639 [ReconcilerExecutor-hivemq-controller-118] DEBUG c.h.p.o.h.HiveMQPlatformReconcilerErrorHandler - [helmpods] Pod 'test-hivemq-platform-0' phase Running
2025-01-30 18:32:54,649 INFO c.h.h.t.HelmChartContainer - [hivemq-test-hivemq-platform] [hivemq-platform-operator] [e510a205] 18:32:54.649 [ReconcilerExecutor-hivemq-controller-118] DEBUG c.h.p.o.h.HiveMQPlatformReconcilerRestartExtensionsHandler - [helmpods] Update extensions on Pod 'test-hivemq-platform-0'
2025-01-30 18:32:54,873 INFO c.h.h.t.HelmChartContainer - [test-hivemq-platform] [hivemq] [d1acfa83] INFO  - [HiveMQ Platform Operator Init App 1.7.0-SNAPSHOT] Updating HiveMQ Platform extensions: [hivemq-distributed-tracing-extension]
2025-01-30 18:32:54,890 INFO c.h.h.t.HelmChartContainer - [hivemq-test-hivemq-platform] [hivemq-platform-operator] [e510a205] 18:32:54.889 [vert.x-eventloop-thread-1] DEBUG c.h.platform.operator.util.PodUtil - Received status for command '[curl, -s, http://10.42.0.8:7979/updateExtension?hash=1172060551&extensions=hivemq-distributed-tracing-extension]' on Pod 'test-hivemq-platform-0' (exit code: 0)
2025-01-30 18:32:55,854 INFO c.h.h.t.HelmChartContainer - [hivemq-test-hivemq-platform] [hivemq-platform-operator] [e510a205] 18:32:55.851 [pool-6-thread-8] DEBUG c.h.p.o.d.PlatformServiceResource - [helmpods] Desired Platform services (3 services)
2025-01-30 18:32:55,854 INFO c.h.h.t.HelmChartContainer - [hivemq-test-hivemq-platform] [hivemq-platform-operator] [e510a205] 18:32:55.852 [pool-6-thread-7] DEBUG c.h.p.o.dependants.PodInfoConfigMap - [helmpods] Desired PodInfo ConfigMap (1 extensions) (1 enabled)
2025-01-30 18:32:55,854 INFO c.h.h.t.HelmChartContainer - [hivemq-test-hivemq-platform] [hivemq-platform-operator] [e510a205] 18:32:55.853 [pool-6-thread-7] DEBUG c.h.p.o.dependants.PodInfoConfigMap - [helmpods] Desired PodInfo ConfigMap (metrics port: 9399) (metrics path: /)
2025-01-30 18:32:55,855 INFO c.h.h.t.HelmChartContainer - [hivemq-test-hivemq-platform] [hivemq-platform-operator] [e510a205] 18:32:55.853 [pool-6-thread-9] DEBUG c.h.p.o.d.PodServiceAccountResource - [helmpods] Desired PodServiceAccountResource (serviceAccountName: hivemq-platform-pod-test-hivemq-platform)
2025-01-30 18:32:55,857 INFO c.h.h.t.HelmChartContainer - [hivemq-test-hivemq-platform] [hivemq-platform-operator] [e510a205] 18:32:55.854 [pool-6-thread-7] DEBUG c.h.p.o.dependants.PodInfoConfigMap - [helmpods] Desired PodInfo ConfigMap (extension state hash: 1172060551)
2025-01-30 18:32:55,859 INFO c.h.h.t.HelmChartContainer - [hivemq-test-hivemq-platform] [hivemq-platform-operator] [e510a205] 18:32:55.858 [pool-6-thread-8] DEBUG c.h.p.o.d.StatefulSetResource - [helmpods] Desired StatefulSet (1 replicas) for status RESTART_EXTENSIONS (RESTART_EXTENSIONS)
2025-01-30 18:32:55,863 INFO c.h.h.t.HelmChartContainer - [hivemq-test-hivemq-platform] [hivemq-platform-operator] [e510a205] 18:32:55.862 [ReconcilerExecutor-hivemq-controller-119] INFO  c.h.p.o.HiveMQPlatformReconciler - [helmpods] Reconciling HiveMQ Platform 'test-hivemq-platform' in namespace 'helmpodsecuritycontextupgradeextensionit'
2025-01-30 18:32:55,864 INFO c.h.h.t.HelmChartContainer - [hivemq-test-hivemq-platform] [hivemq-platform-operator] [e510a205] 18:32:55.862 [ReconcilerExecutor-hivemq-controller-119] DEBUG c.h.p.o.HiveMQPlatformReconciler - [helmpods] Custom Resource Status RESTART_EXTENSIONS - HiveMQ Platform is restarting extensions (hivemq-distributed-tracing-extension) (RESTART_EXTENSIONS)
2025-01-30 18:32:55,864 INFO c.h.h.t.HelmChartContainer - [hivemq-test-hivemq-platform] [hivemq-platform-operator] [e510a205] 18:32:55.862 [ReconcilerExecutor-hivemq-controller-119] DEBUG c.h.p.o.HiveMQPlatformReconciler - [helmpods] Custom Resource Spec (replicas: 1) (extensions: 1)
2025-01-30 18:32:55,865 INFO c.h.h.t.HelmChartContainer - [hivemq-test-hivemq-platform] [hivemq-platform-operator] [e510a205] 18:32:55.864 [ReconcilerExecutor-hivemq-controller-119] DEBUG c.h.p.o.HiveMQPlatformReconciler - [helmpods] StatefulSet Status (revision: test-hivemq-platform-f6cdc458c, replicas: 1, available: 1, ready: 1, current: 1, updated: 1)
2025-01-30 18:32:55,866 INFO c.h.h.t.HelmChartContainer - [hivemq-test-hivemq-platform] [hivemq-platform-operator] [e510a205] 18:32:55.864 [ReconcilerExecutor-hivemq-controller-119] DEBUG c.h.p.o.HiveMQPlatformReconciler - [helmpods] StatefulSet Spec (replicas: 1, init containers: 1, containers: 1, volumes: 4)
2025-01-30 18:32:55,867 INFO c.h.h.t.HelmChartContainer - [hivemq-test-hivemq-platform] [hivemq-platform-operator] [e510a205] 18:32:55.866 [ReconcilerExecutor-hivemq-controller-119] DEBUG c.h.p.o.h.HiveMQPlatformReconcilerErrorHandler - [helmpods] Pod 'test-hivemq-platform-0' phase Running
2025-01-30 18:32:55,875 INFO c.h.h.t.HelmChartContainer - [test-hivemq-platform] [hivemq] [d1acfa83] INFO  - [HiveMQ Platform Operator Init App 1.7.0-SNAPSHOT] Waiting for extension ConfigMap sync (expected hash: 1172060551) (current hash: -1423846966)
2025-01-30 18:32:56,035 INFO c.h.h.t.HelmChartContainer - [hivemq-test-hivemq-platform] [hivemq-platform-operator] [e510a205] 18:32:56.034 [ReconcilerExecutor-hivemq-controller-119] DEBUG c.h.p.operator.event.EventSender - [helmpods] Creating K8s event restart-extension-in-progress: [RestartExtension] HiveMQ Platform is waiting for extension restart (hivemq-distributed-tracing-extension)
2025-01-30 18:32:56,039 INFO c.h.h.t.HelmChartContainer - [EVENT] Normal [RestartExtension] HiveMQ Platform is waiting for extension restart (hivemq-distributed-tracing-extension) [helmpodsecuritycontextupgradeextensionit:test-hivemq-platform]
2025-01-30 18:32:56,040 INFO c.h.h.t.HelmChartContainer - [hivemq-test-hivemq-platform] [hivemq-platform-operator] [e510a205] 18:32:56.038 [ReconcilerExecutor-hivemq-controller-119] INFO  c.h.p.o.h.AbstractHiveMQReconcilerStateHandler - [helmpods] Update HiveMQ Platform Status (RESTART_EXTENSIONS [RESTART_EXTENSIONS] -> RESTART_EXTENSIONS [WAIT_FOR_EXTENSION_RESTART]): HiveMQ Platform is waiting for extension restart (hivemq-distributed-tracing-extension)
2025-01-30 18:32:56,050 DEBUG com.hivemq.helmcharts.util.K8sUtil - Comparing actual state 'RESTART_EXTENSIONS' and waiting for 'RUNNING'
2025-01-30 18:32:56,576 INFO c.h.h.t.HelmChartContainer - [test-hivemq-platform] [hivemq] [d1acfa83] INFO  - [HiveMQ Platform Operator Init App 1.7.0-SNAPSHOT] Returning Health API response 200 for liveness
2025-01-30 18:32:56,875 INFO c.h.h.t.HelmChartContainer - [test-hivemq-platform] [hivemq] [d1acfa83] INFO  - [HiveMQ Platform Operator Init App 1.7.0-SNAPSHOT] Waiting for extension ConfigMap sync (expected hash: 1172060551) (current hash: -1423846966)
2025-01-30 18:32:57,876 INFO c.h.h.t.HelmChartContainer - [test-hivemq-platform] [hivemq] [d1acfa83] INFO  - [HiveMQ Platform Operator Init App 1.7.0-SNAPSHOT] Waiting for extension ConfigMap sync (expected hash: 1172060551) (current hash: -1423846966)
2025-01-30 18:32:58,876 INFO c.h.h.t.HelmChartContainer - [test-hivemq-platform] [hivemq] [d1acfa83] INFO  - [HiveMQ Platform Operator Init App 1.7.0-SNAPSHOT] Waiting for extension ConfigMap sync (expected hash: 1172060551) (current hash: -1423846966)
2025-01-30 18:32:59,877 INFO c.h.h.t.HelmChartContainer - [test-hivemq-platform] [hivemq] [d1acfa83] INFO  - [HiveMQ Platform Operator Init App 1.7.0-SNAPSHOT] Waiting for extension ConfigMap sync (expected hash: 1172060551) (current hash: -1423846966)
2025-01-30 18:33:00,877 INFO c.h.h.t.HelmChartContainer - [test-hivemq-platform] [hivemq] [d1acfa83] INFO  - [HiveMQ Platform Operator Init App 1.7.0-SNAPSHOT] Waiting for extension ConfigMap sync (expected hash: 1172060551) (current hash: -1423846966)
2025-01-30 18:33:01,878 INFO c.h.h.t.HelmChartContainer - [test-hivemq-platform] [hivemq] [d1acfa83] INFO  - [HiveMQ Platform Operator Init App 1.7.0-SNAPSHOT] Waiting for extension ConfigMap sync (expected hash: 1172060551) (current hash: -1423846966)
2025-01-30 18:33:02,878 INFO c.h.h.t.HelmChartContainer - [test-hivemq-platform] [hivemq] [d1acfa83] INFO  - [HiveMQ Platform Operator Init App 1.7.0-SNAPSHOT] Waiting for extension ConfigMap sync (expected hash: 1172060551) (current hash: -1423846966)
2025-01-30 18:33:03,879 INFO c.h.h.t.HelmChartContainer - [test-hivemq-platform] [hivemq] [d1acfa83] INFO  - [HiveMQ Platform Operator Init App 1.7.0-SNAPSHOT] Waiting for extension ConfigMap sync (expected hash: 1172060551) (current hash: -1423846966)
2025-01-30 18:33:04,879 INFO c.h.h.t.HelmChartContainer - [test-hivemq-platform] [hivemq] [d1acfa83] INFO  - [HiveMQ Platform Operator Init App 1.7.0-SNAPSHOT] Waiting for extension ConfigMap sync (expected hash: 1172060551) (current hash: -1423846966)
2025-01-30 18:33:05,880 INFO c.h.h.t.HelmChartContainer - [test-hivemq-platform] [hivemq] [d1acfa83] INFO  - [HiveMQ Platform Operator Init App 1.7.0-SNAPSHOT] Waiting for extension ConfigMap sync (expected hash: 1172060551) (current hash: -1423846966)
2025-01-30 18:33:06,136 INFO c.h.h.t.HelmChartContainer - [hivemq-test-hivemq-platform] [hivemq-platform-operator] [e510a205] 18:33:06.133 [pool-6-thread-16] DEBUG c.h.p.o.d.PlatformServiceResource - [helmpods] Desired Platform services (3 services)
2025-01-30 18:33:06,137 INFO c.h.h.t.HelmChartContainer - [hivemq-test-hivemq-platform] [hivemq-platform-operator] [e510a205] 18:33:06.134 [pool-6-thread-17] DEBUG c.h.p.o.dependants.PodInfoConfigMap - [helmpods] Desired PodInfo ConfigMap (1 extensions) (1 enabled)
2025-01-30 18:33:06,137 INFO c.h.h.t.HelmChartContainer - [hivemq-test-hivemq-platform] [hivemq-platform-operator] [e510a205] 18:33:06.134 [pool-6-thread-17] DEBUG c.h.p.o.dependants.PodInfoConfigMap - [helmpods] Desired PodInfo ConfigMap (metrics port: 9399) (metrics path: /)
2025-01-30 18:33:06,137 INFO c.h.h.t.HelmChartContainer - [hivemq-test-hivemq-platform] [hivemq-platform-operator] [e510a205] 18:33:06.134 [pool-6-thread-17] DEBUG c.h.p.o.dependants.PodInfoConfigMap - [helmpods] Desired PodInfo ConfigMap (extension state hash: 1172060551)
2025-01-30 18:33:06,138 INFO c.h.h.t.HelmChartContainer - [hivemq-test-hivemq-platform] [hivemq-platform-operator] [e510a205] 18:33:06.136 [pool-6-thread-14] DEBUG c.h.p.o.d.PodServiceAccountResource - [helmpods] Desired PodServiceAccountResource (serviceAccountName: hivemq-platform-pod-test-hivemq-platform)
2025-01-30 18:33:06,142 INFO c.h.h.t.HelmChartContainer - [hivemq-test-hivemq-platform] [hivemq-platform-operator] [e510a205] 18:33:06.142 [pool-6-thread-16] DEBUG c.h.p.o.d.StatefulSetResource - [helmpods] Desired StatefulSet (1 replicas) for status RESTART_EXTENSIONS (WAIT_FOR_EXTENSION_RESTART)
2025-01-30 18:33:06,146 INFO c.h.h.t.HelmChartContainer - [hivemq-test-hivemq-platform] [hivemq-platform-operator] [e510a205] 18:33:06.145 [ReconcilerExecutor-hivemq-controller-120] INFO  c.h.p.o.HiveMQPlatformReconciler - [helmpods] Reconciling HiveMQ Platform 'test-hivemq-platform' in namespace 'helmpodsecuritycontextupgradeextensionit'
2025-01-30 18:33:06,146 INFO c.h.h.t.HelmChartContainer - [hivemq-test-hivemq-platform] [hivemq-platform-operator] [e510a205] 18:33:06.145 [ReconcilerExecutor-hivemq-controller-120] DEBUG c.h.p.o.HiveMQPlatformReconciler - [helmpods] Custom Resource Status RESTART_EXTENSIONS - HiveMQ Platform is waiting for extension restart (hivemq-distributed-tracing-extension) (WAIT_FOR_EXTENSION_RESTART)
2025-01-30 18:33:06,146 INFO c.h.h.t.HelmChartContainer - [hivemq-test-hivemq-platform] [hivemq-platform-operator] [e510a205] 18:33:06.145 [ReconcilerExecutor-hivemq-controller-120] DEBUG c.h.p.o.HiveMQPlatformReconciler - [helmpods] Custom Resource Spec (replicas: 1) (extensions: 1)
2025-01-30 18:33:06,148 INFO c.h.h.t.HelmChartContainer - [hivemq-test-hivemq-platform] [hivemq-platform-operator] [e510a205] 18:33:06.148 [ReconcilerExecutor-hivemq-controller-120] DEBUG c.h.p.o.HiveMQPlatformReconciler - [helmpods] StatefulSet Status (revision: test-hivemq-platform-f6cdc458c, replicas: 1, available: 1, ready: 1, current: 1, updated: 1)
2025-01-30 18:33:06,149 INFO c.h.h.t.HelmChartContainer - [hivemq-test-hivemq-platform] [hivemq-platform-operator] [e510a205] 18:33:06.148 [ReconcilerExecutor-hivemq-controller-120] DEBUG c.h.p.o.HiveMQPlatformReconciler - [helmpods] StatefulSet Spec (replicas: 1, init containers: 1, containers: 1, volumes: 4)
2025-01-30 18:33:06,150 INFO c.h.h.t.HelmChartContainer - [hivemq-test-hivemq-platform] [hivemq-platform-operator] [e510a205] 18:33:06.149 [ReconcilerExecutor-hivemq-controller-120] DEBUG c.h.p.o.h.HiveMQPlatformReconcilerErrorHandler - [helmpods] Pod 'test-hivemq-platform-0' phase Running
2025-01-30 18:33:06,231 INFO c.h.h.t.HelmChartContainer - [hivemq-test-hivemq-platform] [hivemq-platform-operator] [e510a205] 18:33:06.229 [ReconcilerExecutor-hivemq-controller-120] DEBUG c.h.p.o.h.HiveMQPlatformReconcilerRestartExtensionsHandler - [helmpods] Checking update extension status on Pod 'test-hivemq-platform-0'
2025-01-30 18:33:06,282 INFO c.h.h.t.HelmChartContainer - [test-hivemq-platform] [hivemq] [d1acfa83] INFO  - [HiveMQ Platform Operator Init App 1.7.0-SNAPSHOT] Extension update is pending (0 errors)
2025-01-30 18:33:06,330 INFO c.h.h.t.HelmChartContainer - [hivemq-test-hivemq-platform] [hivemq-platform-operator] [e510a205] 18:33:06.329 [vert.x-eventloop-thread-1] DEBUG c.h.platform.operator.util.PodUtil - Received status for command '[curl, -s, http://10.42.0.8:7979/updateExtensionStatus]' on Pod 'test-hivemq-platform-0' (exit code: 0)
2025-01-30 18:33:06,880 INFO c.h.h.t.HelmChartContainer - [test-hivemq-platform] [hivemq] [d1acfa83] INFO  - [HiveMQ Platform Operator Init App 1.7.0-SNAPSHOT] Waiting for extension ConfigMap sync (expected hash: 1172060551) (current hash: -1423846966)
2025-01-30 18:33:07,261 INFO c.h.h.t.HelmChartContainer - [hivemq-test-hivemq-platform] [hivemq-platform-operator] [e510a205] 18:33:07.259 [pool-6-thread-24] DEBUG c.h.p.o.dependants.PodInfoConfigMap - [helmpods] Desired PodInfo ConfigMap (1 extensions) (1 enabled)
2025-01-30 18:33:07,262 INFO c.h.h.t.HelmChartContainer - [hivemq-test-hivemq-platform] [hivemq-platform-operator] [e510a205] 18:33:07.260 [pool-6-thread-24] DEBUG c.h.p.o.dependants.PodInfoConfigMap - [helmpods] Desired PodInfo ConfigMap (metrics port: 9399) (metrics path: /)
2025-01-30 18:33:07,262 INFO c.h.h.t.HelmChartContainer - [hivemq-test-hivemq-platform] [hivemq-platform-operator] [e510a205] 18:33:07.260 [pool-6-thread-24] DEBUG c.h.p.o.dependants.PodInfoConfigMap - [helmpods] Desired PodInfo ConfigMap (extension state hash: 1172060551)
2025-01-30 18:33:07,262 INFO c.h.h.t.HelmChartContainer - [hivemq-test-hivemq-platform] [hivemq-platform-operator] [e510a205] 18:33:07.260 [pool-6-thread-23] DEBUG c.h.p.o.d.PlatformServiceResource - [helmpods] Desired Platform services (3 services)
2025-01-30 18:33:07,263 INFO c.h.h.t.HelmChartContainer - [hivemq-test-hivemq-platform] [hivemq-platform-operator] [e510a205] 18:33:07.260 [pool-6-thread-28] DEBUG c.h.p.o.d.PodServiceAccountResource - [helmpods] Desired PodServiceAccountResource (serviceAccountName: hivemq-platform-pod-test-hivemq-platform)
2025-01-30 18:33:07,265 INFO c.h.h.t.HelmChartContainer - [hivemq-test-hivemq-platform] [hivemq-platform-operator] [e510a205] 18:33:07.265 [pool-6-thread-22] DEBUG c.h.p.o.d.StatefulSetResource - [helmpods] Desired StatefulSet (1 replicas) for status RESTART_EXTENSIONS (WAIT_FOR_EXTENSION_RESTART)
2025-01-30 18:33:07,269 INFO c.h.h.t.HelmChartContainer - [hivemq-test-hivemq-platform] [hivemq-platform-operator] [e510a205] 18:33:07.268 [ReconcilerExecutor-hivemq-controller-121] INFO  c.h.p.o.HiveMQPlatformReconciler - [helmpods] Reconciling HiveMQ Platform 'test-hivemq-platform' in namespace 'helmpodsecuritycontextupgradeextensionit'
2025-01-30 18:33:07,269 INFO c.h.h.t.HelmChartContainer - [hivemq-test-hivemq-platform] [hivemq-platform-operator] [e510a205] 18:33:07.268 [ReconcilerExecutor-hivemq-controller-121] DEBUG c.h.p.o.HiveMQPlatformReconciler - [helmpods] Custom Resource Status RESTART_EXTENSIONS - HiveMQ Platform is waiting for extension restart (hivemq-distributed-tracing-extension) (WAIT_FOR_EXTENSION_RESTART)
2025-01-30 18:33:07,269 INFO c.h.h.t.HelmChartContainer - [hivemq-test-hivemq-platform] [hivemq-platform-operator] [e510a205] 18:33:07.268 [ReconcilerExecutor-hivemq-controller-121] DEBUG c.h.p.o.HiveMQPlatformReconciler - [helmpods] Custom Resource Spec (replicas: 1) (extensions: 1)
2025-01-30 18:33:07,271 INFO c.h.h.t.HelmChartContainer - [hivemq-test-hivemq-platform] [hivemq-platform-operator] [e510a205] 18:33:07.270 [ReconcilerExecutor-hivemq-controller-121] DEBUG c.h.p.o.HiveMQPlatformReconciler - [helmpods] StatefulSet Status (revision: test-hivemq-platform-f6cdc458c, replicas: 1, available: 1, ready: 1, current: 1, updated: 1)
2025-01-30 18:33:07,271 INFO c.h.h.t.HelmChartContainer - [hivemq-test-hivemq-platform] [hivemq-platform-operator] [e510a205] 18:33:07.270 [ReconcilerExecutor-hivemq-controller-121] DEBUG c.h.p.o.HiveMQPlatformReconciler - [helmpods] StatefulSet Spec (replicas: 1, init containers: 1, containers: 1, volumes: 4)
2025-01-30 18:33:07,272 INFO c.h.h.t.HelmChartContainer - [hivemq-test-hivemq-platform] [hivemq-platform-operator] [e510a205] 18:33:07.271 [ReconcilerExecutor-hivemq-controller-121] DEBUG c.h.p.o.h.HiveMQPlatformReconcilerErrorHandler - [helmpods] Pod 'test-hivemq-platform-0' phase Running
2025-01-30 18:33:07,273 INFO c.h.h.t.HelmChartContainer - [hivemq-test-hivemq-platform] [hivemq-platform-operator] [e510a205] 18:33:07.272 [ReconcilerExecutor-hivemq-controller-121] INFO  c.h.p.o.h.HiveMQPlatformReconcilerRestartExtensionsHandler - [helmpods] Extension update on Pod 'test-hivemq-platform-0' is still pending
2025-01-30 18:33:07,881 INFO c.h.h.t.HelmChartContainer - [test-hivemq-platform] [hivemq] [d1acfa83] INFO  - [HiveMQ Platform Operator Init App 1.7.0-SNAPSHOT] Waiting for extension ConfigMap sync (expected hash: 1172060551) (current hash: -1423846966)
2025-01-30 18:33:08,881 INFO c.h.h.t.HelmChartContainer - [test-hivemq-platform] [hivemq] [d1acfa83] INFO  - [HiveMQ Platform Operator Init App 1.7.0-SNAPSHOT] Waiting for extension ConfigMap sync (expected hash: 1172060551) (current hash: -1423846966)
2025-01-30 18:33:09,882 INFO c.h.h.t.HelmChartContainer - [test-hivemq-platform] [hivemq] [d1acfa83] INFO  - [HiveMQ Platform Operator Init App 1.7.0-SNAPSHOT] Waiting for extension ConfigMap sync (expected hash: 1172060551) (current hash: -1423846966)
2025-01-30 18:33:10,304 INFO c.h.h.t.HelmChartContainer - [K3S] [info.go:53] Couldn't collect info from any of the files in "/etc/machine-id,/var/lib/dbus/machine-id"
2025-01-30 18:33:10,883 INFO c.h.h.t.HelmChartContainer - [test-hivemq-platform] [hivemq] [d1acfa83] INFO  - [HiveMQ Platform Operator Init App 1.7.0-SNAPSHOT] Waiting for extension ConfigMap sync (expected hash: 1172060551) (current hash: -1423846966)
2025-01-30 18:33:11,883 INFO c.h.h.t.HelmChartContainer - [test-hivemq-platform] [hivemq] [d1acfa83] INFO  - [HiveMQ Platform Operator Init App 1.7.0-SNAPSHOT] Waiting for extension ConfigMap sync (expected hash: 1172060551) (current hash: -1423846966)
2025-01-30 18:33:12,884 INFO c.h.h.t.HelmChartContainer - [test-hivemq-platform] [hivemq] [d1acfa83] INFO  - [HiveMQ Platform Operator Init App 1.7.0-SNAPSHOT] Waiting for extension ConfigMap sync (expected hash: 1172060551) (current hash: -1423846966)
2025-01-30 18:33:13,884 INFO c.h.h.t.HelmChartContainer - [test-hivemq-platform] [hivemq] [d1acfa83] INFO  - [HiveMQ Platform Operator Init App 1.7.0-SNAPSHOT] Waiting for extension ConfigMap sync (expected hash: 1172060551) (current hash: -1423846966)
2025-01-30 18:33:14,885 INFO c.h.h.t.HelmChartContainer - [test-hivemq-platform] [hivemq] [d1acfa83] INFO  - [HiveMQ Platform Operator Init App 1.7.0-SNAPSHOT] Waiting for extension ConfigMap sync (expected hash: 1172060551) (current hash: -1423846966)
2025-01-30 18:33:15,885 INFO c.h.h.t.HelmChartContainer - [test-hivemq-platform] [hivemq] [d1acfa83] INFO  - [HiveMQ Platform Operator Init App 1.7.0-SNAPSHOT] Waiting for extension ConfigMap sync (expected hash: 1172060551) (current hash: -1423846966)
2025-01-30 18:33:16,886 INFO c.h.h.t.HelmChartContainer - [test-hivemq-platform] [hivemq] [d1acfa83] INFO  - [HiveMQ Platform Operator Init App 1.7.0-SNAPSHOT] Waiting for extension ConfigMap sync (expected hash: 1172060551) (current hash: -1423846966)
2025-01-30 18:33:17,276 INFO c.h.h.t.HelmChartContainer - [hivemq-test-hivemq-platform] [hivemq-platform-operator] [e510a205] 18:33:17.275 [pool-6-thread-32] DEBUG c.h.p.o.d.PlatformServiceResource - [helmpods] Desired Platform services (3 services)
2025-01-30 18:33:17,277 INFO c.h.h.t.HelmChartContainer - [hivemq-test-hivemq-platform] [hivemq-platform-operator] [e510a205] 18:33:17.275 [pool-6-thread-40] DEBUG c.h.p.o.d.PodServiceAccountResource - [helmpods] Desired PodServiceAccountResource (serviceAccountName: hivemq-platform-pod-test-hivemq-platform)
2025-01-30 18:33:17,278 INFO c.h.h.t.HelmChartContainer - [hivemq-test-hivemq-platform] [hivemq-platform-operator] [e510a205] 18:33:17.276 [pool-6-thread-37] DEBUG c.h.p.o.dependants.PodInfoConfigMap - [helmpods] Desired PodInfo ConfigMap (1 extensions) (1 enabled)
2025-01-30 18:33:17,278 INFO c.h.h.t.HelmChartContainer - [hivemq-test-hivemq-platform] [hivemq-platform-operator] [e510a205] 18:33:17.277 [pool-6-thread-37] DEBUG c.h.p.o.dependants.PodInfoConfigMap - [helmpods] Desired PodInfo ConfigMap (metrics port: 9399) (metrics path: /)
2025-01-30 18:33:17,278 INFO c.h.h.t.HelmChartContainer - [hivemq-test-hivemq-platform] [hivemq-platform-operator] [e510a205] 18:33:17.277 [pool-6-thread-37] DEBUG c.h.p.o.dependants.PodInfoConfigMap - [helmpods] Desired PodInfo ConfigMap (extension state hash: 1172060551)
2025-01-30 18:33:17,281 INFO c.h.h.t.HelmChartContainer - [hivemq-test-hivemq-platform] [hivemq-platform-operator] [e510a205] 18:33:17.280 [pool-6-thread-32] DEBUG c.h.p.o.d.StatefulSetResource - [helmpods] Desired StatefulSet (1 replicas) for status RESTART_EXTENSIONS (WAIT_FOR_EXTENSION_RESTART)
2025-01-30 18:33:17,284 INFO c.h.h.t.HelmChartContainer - [hivemq-test-hivemq-platform] [hivemq-platform-operator] [e510a205] 18:33:17.283 [ReconcilerExecutor-hivemq-controller-122] INFO  c.h.p.o.HiveMQPlatformReconciler - [helmpods] Reconciling HiveMQ Platform 'test-hivemq-platform' in namespace 'helmpodsecuritycontextupgradeextensionit'
2025-01-30 18:33:17,284 INFO c.h.h.t.HelmChartContainer - [hivemq-test-hivemq-platform] [hivemq-platform-operator] [e510a205] 18:33:17.283 [ReconcilerExecutor-hivemq-controller-122] DEBUG c.h.p.o.HiveMQPlatformReconciler - [helmpods] Custom Resource Status RESTART_EXTENSIONS - HiveMQ Platform is waiting for extension restart (hivemq-distributed-tracing-extension) (WAIT_FOR_EXTENSION_RESTART)
2025-01-30 18:33:17,284 INFO c.h.h.t.HelmChartContainer - [hivemq-test-hivemq-platform] [hivemq-platform-operator] [e510a205] 18:33:17.283 [ReconcilerExecutor-hivemq-controller-122] DEBUG c.h.p.o.HiveMQPlatformReconciler - [helmpods] Custom Resource Spec (replicas: 1) (extensions: 1)
2025-01-30 18:33:17,286 INFO c.h.h.t.HelmChartContainer - [hivemq-test-hivemq-platform] [hivemq-platform-operator] [e510a205] 18:33:17.285 [ReconcilerExecutor-hivemq-controller-122] DEBUG c.h.p.o.HiveMQPlatformReconciler - [helmpods] StatefulSet Status (revision: test-hivemq-platform-f6cdc458c, replicas: 1, available: 1, ready: 1, current: 1, updated: 1)
2025-01-30 18:33:17,286 INFO c.h.h.t.HelmChartContainer - [hivemq-test-hivemq-platform] [hivemq-platform-operator] [e510a205] 18:33:17.285 [ReconcilerExecutor-hivemq-controller-122] DEBUG c.h.p.o.HiveMQPlatformReconciler - [helmpods] StatefulSet Spec (replicas: 1, init containers: 1, containers: 1, volumes: 4)
2025-01-30 18:33:17,287 INFO c.h.h.t.HelmChartContainer - [hivemq-test-hivemq-platform] [hivemq-platform-operator] [e510a205] 18:33:17.286 [ReconcilerExecutor-hivemq-controller-122] DEBUG c.h.p.o.h.HiveMQPlatformReconcilerErrorHandler - [helmpods] Pod 'test-hivemq-platform-0' phase Running
2025-01-30 18:33:17,293 INFO c.h.h.t.HelmChartContainer - [hivemq-test-hivemq-platform] [hivemq-platform-operator] [e510a205] 18:33:17.292 [ReconcilerExecutor-hivemq-controller-122] DEBUG c.h.p.o.h.HiveMQPlatformReconcilerRestartExtensionsHandler - [helmpods] Checking update extension status on Pod 'test-hivemq-platform-0'
2025-01-30 18:33:17,368 INFO c.h.h.t.HelmChartContainer - [test-hivemq-platform] [hivemq] [d1acfa83] INFO  - [HiveMQ Platform Operator Init App 1.7.0-SNAPSHOT] Extension update is pending (0 errors)
2025-01-30 18:33:17,372 INFO c.h.h.t.HelmChartContainer - [hivemq-test-hivemq-platform] [hivemq-platform-operator] [e510a205] 18:33:17.371 [vert.x-eventloop-thread-0] DEBUG c.h.platform.operator.util.PodUtil - Received status for command '[curl, -s, http://10.42.0.8:7979/updateExtensionStatus]' on Pod 'test-hivemq-platform-0' (exit code: 0)
2025-01-30 18:33:17,886 INFO c.h.h.t.HelmChartContainer - [test-hivemq-platform] [hivemq] [d1acfa83] INFO  - [HiveMQ Platform Operator Init App 1.7.0-SNAPSHOT] Waiting for extension ConfigMap sync (expected hash: 1172060551) (current hash: -1423846966)
2025-01-30 18:33:18,351 INFO c.h.h.t.HelmChartContainer - [hivemq-test-hivemq-platform] [hivemq-platform-operator] [e510a205] 18:33:18.349 [pool-6-thread-49] DEBUG c.h.p.o.d.PlatformServiceResource - [helmpods] Desired Platform services (3 services)
2025-01-30 18:33:18,351 INFO c.h.h.t.HelmChartContainer - [hivemq-test-hivemq-platform] [hivemq-platform-operator] [e510a205] 18:33:18.350 [pool-6-thread-50] DEBUG c.h.p.o.dependants.PodInfoConfigMap - [helmpods] Desired PodInfo ConfigMap (1 extensions) (1 enabled)
2025-01-30 18:33:18,351 INFO c.h.h.t.HelmChartContainer - [hivemq-test-hivemq-platform] [hivemq-platform-operator] [e510a205] 18:33:18.350 [pool-6-thread-50] DEBUG c.h.p.o.dependants.PodInfoConfigMap - [helmpods] Desired PodInfo ConfigMap (metrics port: 9399) (metrics path: /)
2025-01-30 18:33:18,351 INFO c.h.h.t.HelmChartContainer - [hivemq-test-hivemq-platform] [hivemq-platform-operator] [e510a205] 18:33:18.350 [pool-6-thread-50] DEBUG c.h.p.o.dependants.PodInfoConfigMap - [helmpods] Desired PodInfo ConfigMap (extension state hash: 1172060551)
2025-01-30 18:33:18,355 INFO c.h.h.t.HelmChartContainer - [hivemq-test-hivemq-platform] [hivemq-platform-operator] [e510a205] 18:33:18.350 [pool-6-thread-42] DEBUG c.h.p.o.d.PodServiceAccountResource - [helmpods] Desired PodServiceAccountResource (serviceAccountName: hivemq-platform-pod-test-hivemq-platform)
2025-01-30 18:33:18,356 INFO c.h.h.t.HelmChartContainer - [hivemq-test-hivemq-platform] [hivemq-platform-operator] [e510a205] 18:33:18.354 [pool-6-thread-44] DEBUG c.h.p.o.d.StatefulSetResource - [helmpods] Desired StatefulSet (1 replicas) for status RESTART_EXTENSIONS (WAIT_FOR_EXTENSION_RESTART)
2025-01-30 18:33:18,359 INFO c.h.h.t.HelmChartContainer - [hivemq-test-hivemq-platform] [hivemq-platform-operator] [e510a205] 18:33:18.358 [ReconcilerExecutor-hivemq-controller-123] INFO  c.h.p.o.HiveMQPlatformReconciler - [helmpods] Reconciling HiveMQ Platform 'test-hivemq-platform' in namespace 'helmpodsecuritycontextupgradeextensionit'
2025-01-30 18:33:18,360 INFO c.h.h.t.HelmChartContainer - [hivemq-test-hivemq-platform] [hivemq-platform-operator] [e510a205] 18:33:18.358 [ReconcilerExecutor-hivemq-controller-123] DEBUG c.h.p.o.HiveMQPlatformReconciler - [helmpods] Custom Resource Status RESTART_EXTENSIONS - HiveMQ Platform is waiting for extension restart (hivemq-distributed-tracing-extension) (WAIT_FOR_EXTENSION_RESTART)
2025-01-30 18:33:18,360 INFO c.h.h.t.HelmChartContainer - [hivemq-test-hivemq-platform] [hivemq-platform-operator] [e510a205] 18:33:18.359 [ReconcilerExecutor-hivemq-controller-123] DEBUG c.h.p.o.HiveMQPlatformReconciler - [helmpods] Custom Resource Spec (replicas: 1) (extensions: 1)
2025-01-30 18:33:18,361 INFO c.h.h.t.HelmChartContainer - [hivemq-test-hivemq-platform] [hivemq-platform-operator] [e510a205] 18:33:18.360 [ReconcilerExecutor-hivemq-controller-123] DEBUG c.h.p.o.HiveMQPlatformReconciler - [helmpods] StatefulSet Status (revision: test-hivemq-platform-f6cdc458c, replicas: 1, available: 1, ready: 1, current: 1, updated: 1)
2025-01-30 18:33:18,361 INFO c.h.h.t.HelmChartContainer - [hivemq-test-hivemq-platform] [hivemq-platform-operator] [e510a205] 18:33:18.360 [ReconcilerExecutor-hivemq-controller-123] DEBUG c.h.p.o.HiveMQPlatformReconciler - [helmpods] StatefulSet Spec (replicas: 1, init containers: 1, containers: 1, volumes: 4)
2025-01-30 18:33:18,363 INFO c.h.h.t.HelmChartContainer - [hivemq-test-hivemq-platform] [hivemq-platform-operator] [e510a205] 18:33:18.361 [ReconcilerExecutor-hivemq-controller-123] DEBUG c.h.p.o.h.HiveMQPlatformReconcilerErrorHandler - [helmpods] Pod 'test-hivemq-platform-0' phase Running
2025-01-30 18:33:18,363 INFO c.h.h.t.HelmChartContainer - [hivemq-test-hivemq-platform] [hivemq-platform-operator] [e510a205] 18:33:18.362 [ReconcilerExecutor-hivemq-controller-123] INFO  c.h.p.o.h.HiveMQPlatformReconcilerRestartExtensionsHandler - [helmpods] Extension update on Pod 'test-hivemq-platform-0' is still pending
2025-01-30 18:33:18,887 INFO c.h.h.t.HelmChartContainer - [test-hivemq-platform] [hivemq] [d1acfa83] INFO  - [HiveMQ Platform Operator Init App 1.7.0-SNAPSHOT] Waiting for extension ConfigMap sync (expected hash: 1172060551) (current hash: -1423846966)
2025-01-30 18:33:19,887 INFO c.h.h.t.HelmChartContainer - [test-hivemq-platform] [hivemq] [d1acfa83] INFO  - [HiveMQ Platform Operator Init App 1.7.0-SNAPSHOT] Waiting for extension ConfigMap sync (expected hash: 1172060551) (current hash: -1423846966)
2025-01-30 18:33:20,887 INFO c.h.h.t.HelmChartContainer - [test-hivemq-platform] [hivemq] [d1acfa83] INFO  - [HiveMQ Platform Operator Init App 1.7.0-SNAPSHOT] Waiting for extension ConfigMap sync (expected hash: 1172060551) (current hash: -1423846966)
2025-01-30 18:33:21,888 INFO c.h.h.t.HelmChartContainer - [test-hivemq-platform] [hivemq] [d1acfa83] INFO  - [HiveMQ Platform Operator Init App 1.7.0-SNAPSHOT] Waiting for extension ConfigMap sync (expected hash: 1172060551) (current hash: -1423846966)
2025-01-30 18:33:22,888 INFO c.h.h.t.HelmChartContainer - [test-hivemq-platform] [hivemq] [d1acfa83] INFO  - [HiveMQ Platform Operator Init App 1.7.0-SNAPSHOT] Waiting for extension ConfigMap sync (expected hash: 1172060551) (current hash: -1423846966)
2025-01-30 18:33:23,889 INFO c.h.h.t.HelmChartContainer - [test-hivemq-platform] [hivemq] [d1acfa83] INFO  - [HiveMQ Platform Operator Init App 1.7.0-SNAPSHOT] Waiting for extension ConfigMap sync (expected hash: 1172060551) (current hash: -1423846966)
2025-01-30 18:33:24,889 INFO c.h.h.t.HelmChartContainer - [test-hivemq-platform] [hivemq] [d1acfa83] INFO  - [HiveMQ Platform Operator Init App 1.7.0-SNAPSHOT] Waiting for extension ConfigMap sync (expected hash: 1172060551) (current hash: -1423846966)
2025-01-30 18:33:25,890 INFO c.h.h.t.HelmChartContainer - [test-hivemq-platform] [hivemq] [d1acfa83] INFO  - [HiveMQ Platform Operator Init App 1.7.0-SNAPSHOT] Waiting for extension ConfigMap sync (expected hash: 1172060551) (current hash: -1423846966)
2025-01-30 18:33:26,890 INFO c.h.h.t.HelmChartContainer - [test-hivemq-platform] [hivemq] [d1acfa83] INFO  - [HiveMQ Platform Operator Init App 1.7.0-SNAPSHOT] Waiting for extension ConfigMap sync (expected hash: 1172060551) (current hash: -1423846966)
2025-01-30 18:33:27,891 INFO c.h.h.t.HelmChartContainer - [test-hivemq-platform] [hivemq] [d1acfa83] INFO  - [HiveMQ Platform Operator Init App 1.7.0-SNAPSHOT] Waiting for extension ConfigMap sync (expected hash: 1172060551) (current hash: -1423846966)
2025-01-30 18:33:28,368 INFO c.h.h.t.HelmChartContainer - [hivemq-test-hivemq-platform] [hivemq-platform-operator] [e510a205] 18:33:28.365 [pool-6-thread-2] DEBUG c.h.p.o.d.PlatformServiceResource - [helmpods] Desired Platform services (3 services)
2025-01-30 18:33:28,369 INFO c.h.h.t.HelmChartContainer - [hivemq-test-hivemq-platform] [hivemq-platform-operator] [e510a205] 18:33:28.366 [pool-6-thread-10] DEBUG c.h.p.o.dependants.PodInfoConfigMap - [helmpods] Desired PodInfo ConfigMap (1 extensions) (1 enabled)
2025-01-30 18:33:28,369 INFO c.h.h.t.HelmChartContainer - [hivemq-test-hivemq-platform] [hivemq-platform-operator] [e510a205] 18:33:28.366 [pool-6-thread-10] DEBUG c.h.p.o.dependants.PodInfoConfigMap - [helmpods] Desired PodInfo ConfigMap (metrics port: 9399) (metrics path: /)
2025-01-30 18:33:28,369 INFO c.h.h.t.HelmChartContainer - [hivemq-test-hivemq-platform] [hivemq-platform-operator] [e510a205] 18:33:28.366 [pool-6-thread-10] DEBUG c.h.p.o.dependants.PodInfoConfigMap - [helmpods] Desired PodInfo ConfigMap (extension state hash: 1172060551)
2025-01-30 18:33:28,369 INFO c.h.h.t.HelmChartContainer - [hivemq-test-hivemq-platform] [hivemq-platform-operator] [e510a205] 18:33:28.366 [pool-6-thread-3] DEBUG c.h.p.o.d.PodServiceAccountResource - [helmpods] Desired PodServiceAccountResource (serviceAccountName: hivemq-platform-pod-test-hivemq-platform)
2025-01-30 18:33:28,371 INFO c.h.h.t.HelmChartContainer - [hivemq-test-hivemq-platform] [hivemq-platform-operator] [e510a205] 18:33:28.370 [pool-6-thread-2] DEBUG c.h.p.o.d.StatefulSetResource - [helmpods] Desired StatefulSet (1 replicas) for status RESTART_EXTENSIONS (WAIT_FOR_EXTENSION_RESTART)
2025-01-30 18:33:28,375 INFO c.h.h.t.HelmChartContainer - [hivemq-test-hivemq-platform] [hivemq-platform-operator] [e510a205] 18:33:28.373 [ReconcilerExecutor-hivemq-controller-124] INFO  c.h.p.o.HiveMQPlatformReconciler - [helmpods] Reconciling HiveMQ Platform 'test-hivemq-platform' in namespace 'helmpodsecuritycontextupgradeextensionit'
2025-01-30 18:33:28,375 INFO c.h.h.t.HelmChartContainer - [hivemq-test-hivemq-platform] [hivemq-platform-operator] [e510a205] 18:33:28.373 [ReconcilerExecutor-hivemq-controller-124] DEBUG c.h.p.o.HiveMQPlatformReconciler - [helmpods] Custom Resource Status RESTART_EXTENSIONS - HiveMQ Platform is waiting for extension restart (hivemq-distributed-tracing-extension) (WAIT_FOR_EXTENSION_RESTART)
2025-01-30 18:33:28,375 INFO c.h.h.t.HelmChartContainer - [hivemq-test-hivemq-platform] [hivemq-platform-operator] [e510a205] 18:33:28.373 [ReconcilerExecutor-hivemq-controller-124] DEBUG c.h.p.o.HiveMQPlatformReconciler - [helmpods] Custom Resource Spec (replicas: 1) (extensions: 1)
2025-01-30 18:33:28,377 INFO c.h.h.t.HelmChartContainer - [hivemq-test-hivemq-platform] [hivemq-platform-operator] [e510a205] 18:33:28.375 [ReconcilerExecutor-hivemq-controller-124] DEBUG c.h.p.o.HiveMQPlatformReconciler - [helmpods] StatefulSet Status (revision: test-hivemq-platform-f6cdc458c, replicas: 1, available: 1, ready: 1, current: 1, updated: 1)
2025-01-30 18:33:28,377 INFO c.h.h.t.HelmChartContainer - [hivemq-test-hivemq-platform] [hivemq-platform-operator] [e510a205] 18:33:28.375 [ReconcilerExecutor-hivemq-controller-124] DEBUG c.h.p.o.HiveMQPlatformReconciler - [helmpods] StatefulSet Spec (replicas: 1, init containers: 1, containers: 1, volumes: 4)
2025-01-30 18:33:28,378 INFO c.h.h.t.HelmChartContainer - [hivemq-test-hivemq-platform] [hivemq-platform-operator] [e510a205] 18:33:28.377 [ReconcilerExecutor-hivemq-controller-124] DEBUG c.h.p.o.h.HiveMQPlatformReconcilerErrorHandler - [helmpods] Pod 'test-hivemq-platform-0' phase Running
2025-01-30 18:33:28,430 INFO c.h.h.t.HelmChartContainer - [hivemq-test-hivemq-platform] [hivemq-platform-operator] [e510a205] 18:33:28.429 [ReconcilerExecutor-hivemq-controller-124] DEBUG c.h.p.o.h.HiveMQPlatformReconcilerRestartExtensionsHandler - [helmpods] Checking update extension status on Pod 'test-hivemq-platform-0'
2025-01-30 18:33:28,477 INFO c.h.h.t.HelmChartContainer - [test-hivemq-platform] [hivemq] [d1acfa83] INFO  - [HiveMQ Platform Operator Init App 1.7.0-SNAPSHOT] Extension update is pending (0 errors)
2025-01-30 18:33:28,530 INFO c.h.h.t.HelmChartContainer - [hivemq-test-hivemq-platform] [hivemq-platform-operator] [e510a205] 18:33:28.529 [vert.x-eventloop-thread-1] DEBUG c.h.platform.operator.util.PodUtil - Received status for command '[curl, -s, http://10.42.0.8:7979/updateExtensionStatus]' on Pod 'test-hivemq-platform-0' (exit code: 0)
2025-01-30 18:33:28,891 INFO c.h.h.t.HelmChartContainer - [test-hivemq-platform] [hivemq] [d1acfa83] INFO  - [HiveMQ Platform Operator Init App 1.7.0-SNAPSHOT] Waiting for extension ConfigMap sync (expected hash: 1172060551) (current hash: -1423846966)
2025-01-30 18:33:29,460 INFO c.h.h.t.HelmChartContainer - [hivemq-test-hivemq-platform] [hivemq-platform-operator] [e510a205] 18:33:29.457 [pool-6-thread-14] DEBUG c.h.p.o.d.PlatformServiceResource - [helmpods] Desired Platform services (3 services)
2025-01-30 18:33:29,460 INFO c.h.h.t.HelmChartContainer - [hivemq-test-hivemq-platform] [hivemq-platform-operator] [e510a205] 18:33:29.458 [pool-6-thread-11] DEBUG c.h.p.o.dependants.PodInfoConfigMap - [helmpods] Desired PodInfo ConfigMap (1 extensions) (1 enabled)
2025-01-30 18:33:29,460 INFO c.h.h.t.HelmChartContainer - [hivemq-test-hivemq-platform] [hivemq-platform-operator] [e510a205] 18:33:29.458 [pool-6-thread-11] DEBUG c.h.p.o.dependants.PodInfoConfigMap - [helmpods] Desired PodInfo ConfigMap (metrics port: 9399) (metrics path: /)
2025-01-30 18:33:29,460 INFO c.h.h.t.HelmChartContainer - [hivemq-test-hivemq-platform] [hivemq-platform-operator] [e510a205] 18:33:29.458 [pool-6-thread-11] DEBUG c.h.p.o.dependants.PodInfoConfigMap - [helmpods] Desired PodInfo ConfigMap (extension state hash: 1172060551)
2025-01-30 18:33:29,460 INFO c.h.h.t.HelmChartContainer - [hivemq-test-hivemq-platform] [hivemq-platform-operator] [e510a205] 18:33:29.459 [pool-6-thread-17] DEBUG c.h.p.o.d.PodServiceAccountResource - [helmpods] Desired PodServiceAccountResource (serviceAccountName: hivemq-platform-pod-test-hivemq-platform)
2025-01-30 18:33:29,463 INFO c.h.h.t.HelmChartContainer - [hivemq-test-hivemq-platform] [hivemq-platform-operator] [e510a205] 18:33:29.462 [pool-6-thread-14] DEBUG c.h.p.o.d.StatefulSetResource - [helmpods] Desired StatefulSet (1 replicas) for status RESTART_EXTENSIONS (WAIT_FOR_EXTENSION_RESTART)
2025-01-30 18:33:29,466 INFO c.h.h.t.HelmChartContainer - [hivemq-test-hivemq-platform] [hivemq-platform-operator] [e510a205] 18:33:29.465 [ReconcilerExecutor-hivemq-controller-125] INFO  c.h.p.o.HiveMQPlatformReconciler - [helmpods] Reconciling HiveMQ Platform 'test-hivemq-platform' in namespace 'helmpodsecuritycontextupgradeextensionit'
2025-01-30 18:33:29,467 INFO c.h.h.t.HelmChartContainer - [hivemq-test-hivemq-platform] [hivemq-platform-operator] [e510a205] 18:33:29.465 [ReconcilerExecutor-hivemq-controller-125] DEBUG c.h.p.o.HiveMQPlatformReconciler - [helmpods] Custom Resource Status RESTART_EXTENSIONS - HiveMQ Platform is waiting for extension restart (hivemq-distributed-tracing-extension) (WAIT_FOR_EXTENSION_RESTART)
2025-01-30 18:33:29,467 INFO c.h.h.t.HelmChartContainer - [hivemq-test-hivemq-platform] [hivemq-platform-operator] [e510a205] 18:33:29.465 [ReconcilerExecutor-hivemq-controller-125] DEBUG c.h.p.o.HiveMQPlatformReconciler - [helmpods] Custom Resource Spec (replicas: 1) (extensions: 1)
2025-01-30 18:33:29,467 INFO c.h.h.t.HelmChartContainer - [hivemq-test-hivemq-platform] [hivemq-platform-operator] [e510a205] 18:33:29.466 [ReconcilerExecutor-hivemq-controller-125] DEBUG c.h.p.o.HiveMQPlatformReconciler - [helmpods] StatefulSet Status (revision: test-hivemq-platform-f6cdc458c, replicas: 1, available: 1, ready: 1, current: 1, updated: 1)
2025-01-30 18:33:29,468 INFO c.h.h.t.HelmChartContainer - [hivemq-test-hivemq-platform] [hivemq-platform-operator] [e510a205] 18:33:29.467 [ReconcilerExecutor-hivemq-controller-125] DEBUG c.h.p.o.HiveMQPlatformReconciler - [helmpods] StatefulSet Spec (replicas: 1, init containers: 1, containers: 1, volumes: 4)
2025-01-30 18:33:29,469 INFO c.h.h.t.HelmChartContainer - [hivemq-test-hivemq-platform] [hivemq-platform-operator] [e510a205] 18:33:29.468 [ReconcilerExecutor-hivemq-controller-125] DEBUG c.h.p.o.h.HiveMQPlatformReconcilerErrorHandler - [helmpods] Pod 'test-hivemq-platform-0' phase Running
2025-01-30 18:33:29,469 INFO c.h.h.t.HelmChartContainer - [hivemq-test-hivemq-platform] [hivemq-platform-operator] [e510a205] 18:33:29.468 [ReconcilerExecutor-hivemq-controller-125] INFO  c.h.p.o.h.HiveMQPlatformReconcilerRestartExtensionsHandler - [helmpods] Extension update on Pod 'test-hivemq-platform-0' is still pending
2025-01-30 18:33:29,892 INFO c.h.h.t.HelmChartContainer - [test-hivemq-platform] [hivemq] [d1acfa83] INFO  - [HiveMQ Platform Operator Init App 1.7.0-SNAPSHOT] Waiting for extension ConfigMap sync (expected hash: 1172060551) (current hash: -1423846966)
2025-01-30 18:33:30,892 INFO c.h.h.t.HelmChartContainer - [test-hivemq-platform] [hivemq] [d1acfa83] INFO  - [HiveMQ Platform Operator Init App 1.7.0-SNAPSHOT] Waiting for extension ConfigMap sync (expected hash: 1172060551) (current hash: -1423846966)
2025-01-30 18:33:31,892 INFO c.h.h.t.HelmChartContainer - [test-hivemq-platform] [hivemq] [d1acfa83] INFO  - [HiveMQ Platform Operator Init App 1.7.0-SNAPSHOT] Waiting for extension ConfigMap sync (expected hash: 1172060551) (current hash: -1423846966)
2025-01-30 18:33:32,893 INFO c.h.h.t.HelmChartContainer - [test-hivemq-platform] [hivemq] [d1acfa83] INFO  - [HiveMQ Platform Operator Init App 1.7.0-SNAPSHOT] Waiting for extension ConfigMap sync (expected hash: 1172060551) (current hash: -1423846966)
2025-01-30 18:33:33,893 INFO c.h.h.t.HelmChartContainer - [test-hivemq-platform] [hivemq] [d1acfa83] INFO  - [HiveMQ Platform Operator Init App 1.7.0-SNAPSHOT] Waiting for extension ConfigMap sync (expected hash: 1172060551) (current hash: -1423846966)
2025-01-30 18:33:34,894 INFO c.h.h.t.HelmChartContainer - [test-hivemq-platform] [hivemq] [d1acfa83] INFO  - [HiveMQ Platform Operator Init App 1.7.0-SNAPSHOT] Waiting for extension ConfigMap sync (expected hash: 1172060551) (current hash: -1423846966)
2025-01-30 18:33:35,894 INFO c.h.h.t.HelmChartContainer - [test-hivemq-platform] [hivemq] [d1acfa83] INFO  - [HiveMQ Platform Operator Init App 1.7.0-SNAPSHOT] Waiting for extension ConfigMap sync (expected hash: 1172060551) (current hash: -1423846966)
2025-01-30 18:33:36,895 INFO c.h.h.t.HelmChartContainer - [test-hivemq-platform] [hivemq] [d1acfa83] INFO  - [HiveMQ Platform Operator Init App 1.7.0-SNAPSHOT] Waiting for extension ConfigMap sync (expected hash: 1172060551) (current hash: -1423846966)
2025-01-30 18:33:37,895 INFO c.h.h.t.HelmChartContainer - [test-hivemq-platform] [hivemq] [d1acfa83] INFO  - [HiveMQ Platform Operator Init App 1.7.0-SNAPSHOT] Waiting for extension ConfigMap sync (expected hash: 1172060551) (current hash: -1423846966)
2025-01-30 18:33:38,896 INFO c.h.h.t.HelmChartContainer - [test-hivemq-platform] [hivemq] [d1acfa83] INFO  - [HiveMQ Platform Operator Init App 1.7.0-SNAPSHOT] Waiting for extension ConfigMap sync (expected hash: 1172060551) (current hash: -1423846966)
2025-01-30 18:33:39,474 INFO c.h.h.t.HelmChartContainer - [hivemq-test-hivemq-platform] [hivemq-platform-operator] [e510a205] 18:33:39.472 [pool-6-thread-30] DEBUG c.h.p.o.d.PlatformServiceResource - [helmpods] Desired Platform services (3 services)
2025-01-30 18:33:39,474 INFO c.h.h.t.HelmChartContainer - [hivemq-test-hivemq-platform] [hivemq-platform-operator] [e510a205] 18:33:39.472 [pool-6-thread-29] DEBUG c.h.p.o.dependants.PodInfoConfigMap - [helmpods] Desired PodInfo ConfigMap (1 extensions) (1 enabled)
2025-01-30 18:33:39,474 INFO c.h.h.t.HelmChartContainer - [hivemq-test-hivemq-platform] [hivemq-platform-operator] [e510a205] 18:33:39.473 [pool-6-thread-29] DEBUG c.h.p.o.dependants.PodInfoConfigMap - [helmpods] Desired PodInfo ConfigMap (metrics port: 9399) (metrics path: /)
2025-01-30 18:33:39,474 INFO c.h.h.t.HelmChartContainer - [hivemq-test-hivemq-platform] [hivemq-platform-operator] [e510a205] 18:33:39.473 [pool-6-thread-29] DEBUG c.h.p.o.dependants.PodInfoConfigMap - [helmpods] Desired PodInfo ConfigMap (extension state hash: 1172060551)
2025-01-30 18:33:39,476 INFO c.h.h.t.HelmChartContainer - [hivemq-test-hivemq-platform] [hivemq-platform-operator] [e510a205] 18:33:39.474 [pool-6-thread-21] DEBUG c.h.p.o.d.PodServiceAccountResource - [helmpods] Desired PodServiceAccountResource (serviceAccountName: hivemq-platform-pod-test-hivemq-platform)
2025-01-30 18:33:39,478 INFO c.h.h.t.HelmChartContainer - [hivemq-test-hivemq-platform] [hivemq-platform-operator] [e510a205] 18:33:39.477 [pool-6-thread-30] DEBUG c.h.p.o.d.StatefulSetResource - [helmpods] Desired StatefulSet (1 replicas) for status RESTART_EXTENSIONS (WAIT_FOR_EXTENSION_RESTART)
2025-01-30 18:33:39,534 INFO c.h.h.t.HelmChartContainer - [hivemq-test-hivemq-platform] [hivemq-platform-operator] [e510a205] 18:33:39.531 [ReconcilerExecutor-hivemq-controller-126] INFO  c.h.p.o.HiveMQPlatformReconciler - [helmpods] Reconciling HiveMQ Platform 'test-hivemq-platform' in namespace 'helmpodsecuritycontextupgradeextensionit'
2025-01-30 18:33:39,534 INFO c.h.h.t.HelmChartContainer - [hivemq-test-hivemq-platform] [hivemq-platform-operator] [e510a205] 18:33:39.532 [ReconcilerExecutor-hivemq-controller-126] DEBUG c.h.p.o.HiveMQPlatformReconciler - [helmpods] Custom Resource Status RESTART_EXTENSIONS - HiveMQ Platform is waiting for extension restart (hivemq-distributed-tracing-extension) (WAIT_FOR_EXTENSION_RESTART)
2025-01-30 18:33:39,534 INFO c.h.h.t.HelmChartContainer - [hivemq-test-hivemq-platform] [hivemq-platform-operator] [e510a205] 18:33:39.532 [ReconcilerExecutor-hivemq-controller-126] DEBUG c.h.p.o.HiveMQPlatformReconciler - [helmpods] Custom Resource Spec (replicas: 1) (extensions: 1)
2025-01-30 18:33:39,537 INFO c.h.h.t.HelmChartContainer - [hivemq-test-hivemq-platform] [hivemq-platform-operator] [e510a205] 18:33:39.534 [ReconcilerExecutor-hivemq-controller-126] DEBUG c.h.p.o.HiveMQPlatformReconciler - [helmpods] StatefulSet Status (revision: test-hivemq-platform-f6cdc458c, replicas: 1, available: 1, ready: 1, current: 1, updated: 1)
2025-01-30 18:33:39,537 INFO c.h.h.t.HelmChartContainer - [hivemq-test-hivemq-platform] [hivemq-platform-operator] [e510a205] 18:33:39.534 [ReconcilerExecutor-hivemq-controller-126] DEBUG c.h.p.o.HiveMQPlatformReconciler - [helmpods] StatefulSet Spec (replicas: 1, init containers: 1, containers: 1, volumes: 4)
2025-01-30 18:33:39,537 INFO c.h.h.t.HelmChartContainer - [hivemq-test-hivemq-platform] [hivemq-platform-operator] [e510a205] 18:33:39.536 [ReconcilerExecutor-hivemq-controller-126] DEBUG c.h.p.o.h.HiveMQPlatformReconcilerErrorHandler - [helmpods] Pod 'test-hivemq-platform-0' phase Running
2025-01-30 18:33:39,544 INFO c.h.h.t.HelmChartContainer - [hivemq-test-hivemq-platform] [hivemq-platform-operator] [e510a205] 18:33:39.543 [ReconcilerExecutor-hivemq-controller-126] DEBUG c.h.p.o.h.HiveMQPlatformReconcilerRestartExtensionsHandler - [helmpods] Checking update extension status on Pod 'test-hivemq-platform-0'
2025-01-30 18:33:39,681 INFO c.h.h.t.HelmChartContainer - [test-hivemq-platform] [hivemq] [d1acfa83] INFO  - [HiveMQ Platform Operator Init App 1.7.0-SNAPSHOT] Extension update is pending (0 errors)
2025-01-30 18:33:39,693 INFO c.h.h.t.HelmChartContainer - [hivemq-test-hivemq-platform] [hivemq-platform-operator] [e510a205] 18:33:39.691 [vert.x-eventloop-thread-0] DEBUG c.h.platform.operator.util.PodUtil - Received status for command '[curl, -s, http://10.42.0.8:7979/updateExtensionStatus]' on Pod 'test-hivemq-platform-0' (exit code: 0)
2025-01-30 18:33:39,896 INFO c.h.h.t.HelmChartContainer - [test-hivemq-platform] [hivemq] [d1acfa83] INFO  - [HiveMQ Platform Operator Init App 1.7.0-SNAPSHOT] Waiting for extension ConfigMap sync (expected hash: 1172060551) (current hash: -1423846966)
2025-01-30 18:33:40,658 INFO c.h.h.t.HelmChartContainer - [hivemq-test-hivemq-platform] [hivemq-platform-operator] [e510a205] 18:33:40.654 [pool-6-thread-34] DEBUG c.h.p.o.d.PlatformServiceResource - [helmpods] Desired Platform services (3 services)
2025-01-30 18:33:40,658 INFO c.h.h.t.HelmChartContainer - [hivemq-test-hivemq-platform] [hivemq-platform-operator] [e510a205] 18:33:40.655 [pool-6-thread-39] DEBUG c.h.p.o.dependants.PodInfoConfigMap - [helmpods] Desired PodInfo ConfigMap (1 extensions) (1 enabled)
2025-01-30 18:33:40,658 INFO c.h.h.t.HelmChartContainer - [hivemq-test-hivemq-platform] [hivemq-platform-operator] [e510a205] 18:33:40.655 [pool-6-thread-39] DEBUG c.h.p.o.dependants.PodInfoConfigMap - [helmpods] Desired PodInfo ConfigMap (metrics port: 9399) (metrics path: /)
2025-01-30 18:33:40,658 INFO c.h.h.t.HelmChartContainer - [hivemq-test-hivemq-platform] [hivemq-platform-operator] [e510a205] 18:33:40.655 [pool-6-thread-39] DEBUG c.h.p.o.dependants.PodInfoConfigMap - [helmpods] Desired PodInfo ConfigMap (extension state hash: 1172060551)
2025-01-30 18:33:40,658 INFO c.h.h.t.HelmChartContainer - [hivemq-test-hivemq-platform] [hivemq-platform-operator] [e510a205] 18:33:40.655 [pool-6-thread-33] DEBUG c.h.p.o.d.PodServiceAccountResource - [helmpods] Desired PodServiceAccountResource (serviceAccountName: hivemq-platform-pod-test-hivemq-platform)
2025-01-30 18:33:40,659 INFO c.h.h.t.HelmChartContainer - [hivemq-test-hivemq-platform] [hivemq-platform-operator] [e510a205] 18:33:40.658 [pool-6-thread-34] DEBUG c.h.p.o.d.StatefulSetResource - [helmpods] Desired StatefulSet (1 replicas) for status RESTART_EXTENSIONS (WAIT_FOR_EXTENSION_RESTART)
2025-01-30 18:33:40,663 INFO c.h.h.t.HelmChartContainer - [hivemq-test-hivemq-platform] [hivemq-platform-operator] [e510a205] 18:33:40.662 [ReconcilerExecutor-hivemq-controller-127] INFO  c.h.p.o.HiveMQPlatformReconciler - [helmpods] Reconciling HiveMQ Platform 'test-hivemq-platform' in namespace 'helmpodsecuritycontextupgradeextensionit'
2025-01-30 18:33:40,664 INFO c.h.h.t.HelmChartContainer - [hivemq-test-hivemq-platform] [hivemq-platform-operator] [e510a205] 18:33:40.662 [ReconcilerExecutor-hivemq-controller-127] DEBUG c.h.p.o.HiveMQPlatformReconciler - [helmpods] Custom Resource Status RESTART_EXTENSIONS - HiveMQ Platform is waiting for extension restart (hivemq-distributed-tracing-extension) (WAIT_FOR_EXTENSION_RESTART)
2025-01-30 18:33:40,664 INFO c.h.h.t.HelmChartContainer - [hivemq-test-hivemq-platform] [hivemq-platform-operator] [e510a205] 18:33:40.662 [ReconcilerExecutor-hivemq-controller-127] DEBUG c.h.p.o.HiveMQPlatformReconciler - [helmpods] Custom Resource Spec (replicas: 1) (extensions: 1)
2025-01-30 18:33:40,664 INFO c.h.h.t.HelmChartContainer - [hivemq-test-hivemq-platform] [hivemq-platform-operator] [e510a205] 18:33:40.663 [ReconcilerExecutor-hivemq-controller-127] DEBUG c.h.p.o.HiveMQPlatformReconciler - [helmpods] StatefulSet Status (revision: test-hivemq-platform-f6cdc458c, replicas: 1, available: 1, ready: 1, current: 1, updated: 1)
2025-01-30 18:33:40,664 INFO c.h.h.t.HelmChartContainer - [hivemq-test-hivemq-platform] [hivemq-platform-operator] [e510a205] 18:33:40.664 [ReconcilerExecutor-hivemq-controller-127] DEBUG c.h.p.o.HiveMQPlatformReconciler - [helmpods] StatefulSet Spec (replicas: 1, init containers: 1, containers: 1, volumes: 4)
2025-01-30 18:33:40,666 INFO c.h.h.t.HelmChartContainer - [hivemq-test-hivemq-platform] [hivemq-platform-operator] [e510a205] 18:33:40.665 [ReconcilerExecutor-hivemq-controller-127] DEBUG c.h.p.o.h.HiveMQPlatformReconcilerErrorHandler - [helmpods] Pod 'test-hivemq-platform-0' phase Running
2025-01-30 18:33:40,667 INFO c.h.h.t.HelmChartContainer - [hivemq-test-hivemq-platform] [hivemq-platform-operator] [e510a205] 18:33:40.666 [ReconcilerExecutor-hivemq-controller-127] INFO  c.h.p.o.h.HiveMQPlatformReconcilerRestartExtensionsHandler - [helmpods] Extension update on Pod 'test-hivemq-platform-0' is still pending
2025-01-30 18:33:40,897 INFO c.h.h.t.HelmChartContainer - [test-hivemq-platform] [hivemq] [d1acfa83] INFO  - [HiveMQ Platform Operator Init App 1.7.0-SNAPSHOT] Waiting for extension ConfigMap sync (expected hash: 1172060551) (current hash: -1423846966)
2025-01-30 18:33:41,897 INFO c.h.h.t.HelmChartContainer - [test-hivemq-platform] [hivemq] [d1acfa83] INFO  - [HiveMQ Platform Operator Init App 1.7.0-SNAPSHOT] Waiting for extension ConfigMap sync (expected hash: 1172060551) (current hash: -1423846966)
2025-01-30 18:33:42,898 INFO c.h.h.t.HelmChartContainer - [test-hivemq-platform] [hivemq] [d1acfa83] INFO  - [HiveMQ Platform Operator Init App 1.7.0-SNAPSHOT] Waiting for extension ConfigMap sync (expected hash: 1172060551) (current hash: -1423846966)
2025-01-30 18:33:43,898 INFO c.h.h.t.HelmChartContainer - [test-hivemq-platform] [hivemq] [d1acfa83] INFO  - [HiveMQ Platform Operator Init App 1.7.0-SNAPSHOT] Waiting for extension ConfigMap sync (expected hash: 1172060551) (current hash: -1423846966)
2025-01-30 18:33:44,898 INFO c.h.h.t.HelmChartContainer - [test-hivemq-platform] [hivemq] [d1acfa83] INFO  - [HiveMQ Platform Operator Init App 1.7.0-SNAPSHOT] Waiting for extension ConfigMap sync (expected hash: 1172060551) (current hash: -1423846966)
2025-01-30 18:33:45,899 INFO c.h.h.t.HelmChartContainer - [test-hivemq-platform] [hivemq] [d1acfa83] INFO  - [HiveMQ Platform Operator Init App 1.7.0-SNAPSHOT] Waiting for extension ConfigMap sync (expected hash: 1172060551) (current hash: -1423846966)
2025-01-30 18:33:46,899 INFO c.h.h.t.HelmChartContainer - [test-hivemq-platform] [hivemq] [d1acfa83] INFO  - [HiveMQ Platform Operator Init App 1.7.0-SNAPSHOT] Waiting for extension ConfigMap sync (expected hash: 1172060551) (current hash: -1423846966)
2025-01-30 18:33:47,900 INFO c.h.h.t.HelmChartContainer - [test-hivemq-platform] [hivemq] [d1acfa83] INFO  - [HiveMQ Platform Operator Init App 1.7.0-SNAPSHOT] Waiting for extension ConfigMap sync (expected hash: 1172060551) (current hash: -1423846966)
2025-01-30 18:33:48,900 INFO c.h.h.t.HelmChartContainer - [test-hivemq-platform] [hivemq] [d1acfa83] INFO  - [HiveMQ Platform Operator Init App 1.7.0-SNAPSHOT] Waiting for extension ConfigMap sync (expected hash: 1172060551) (current hash: -1423846966)
2025-01-30 18:33:49,967 INFO c.h.h.t.HelmChartContainer - [test-hivemq-platform] [hivemq] [d1acfa83] INFO  - [HiveMQ Platform Operator Init App 1.7.0-SNAPSHOT] Waiting for extension ConfigMap sync (expected hash: 1172060551) (current hash: -1423846966)
2025-01-30 18:33:50,672 INFO c.h.h.t.HelmChartContainer - [hivemq-test-hivemq-platform] [hivemq-platform-operator] [e510a205] 18:33:50.668 [pool-6-thread-42] DEBUG c.h.p.o.d.PlatformServiceResource - [helmpods] Desired Platform services (3 services)
2025-01-30 18:33:50,672 INFO c.h.h.t.HelmChartContainer - [hivemq-test-hivemq-platform] [hivemq-platform-operator] [e510a205] 18:33:50.669 [pool-6-thread-46] DEBUG c.h.p.o.dependants.PodInfoConfigMap - [helmpods] Desired PodInfo ConfigMap (1 extensions) (1 enabled)
2025-01-30 18:33:50,672 INFO c.h.h.t.HelmChartContainer - [hivemq-test-hivemq-platform] [hivemq-platform-operator] [e510a205] 18:33:50.669 [pool-6-thread-46] DEBUG c.h.p.o.dependants.PodInfoConfigMap - [helmpods] Desired PodInfo ConfigMap (metrics port: 9399) (metrics path: /)
2025-01-30 18:33:50,673 INFO c.h.h.t.HelmChartContainer - [hivemq-test-hivemq-platform] [hivemq-platform-operator] [e510a205] 18:33:50.669 [pool-6-thread-41] DEBUG c.h.p.o.d.PodServiceAccountResource - [helmpods] Desired PodServiceAccountResource (serviceAccountName: hivemq-platform-pod-test-hivemq-platform)
2025-01-30 18:33:50,673 INFO c.h.h.t.HelmChartContainer - [hivemq-test-hivemq-platform] [hivemq-platform-operator] [e510a205] 18:33:50.671 [pool-6-thread-46] DEBUG c.h.p.o.dependants.PodInfoConfigMap - [helmpods] Desired PodInfo ConfigMap (extension state hash: 1172060551)
2025-01-30 18:33:50,673 INFO c.h.h.t.HelmChartContainer - [hivemq-test-hivemq-platform] [hivemq-platform-operator] [e510a205] 18:33:50.673 [pool-6-thread-46] DEBUG c.h.p.o.d.StatefulSetResource - [helmpods] Desired StatefulSet (1 replicas) for status RESTART_EXTENSIONS (WAIT_FOR_EXTENSION_RESTART)
2025-01-30 18:33:50,676 INFO c.h.h.t.HelmChartContainer - [hivemq-test-hivemq-platform] [hivemq-platform-operator] [e510a205] 18:33:50.676 [ReconcilerExecutor-hivemq-controller-128] INFO  c.h.p.o.HiveMQPlatformReconciler - [helmpods] Reconciling HiveMQ Platform 'test-hivemq-platform' in namespace 'helmpodsecuritycontextupgradeextensionit'
2025-01-30 18:33:50,677 INFO c.h.h.t.HelmChartContainer - [hivemq-test-hivemq-platform] [hivemq-platform-operator] [e510a205] 18:33:50.676 [ReconcilerExecutor-hivemq-controller-128] DEBUG c.h.p.o.HiveMQPlatformReconciler - [helmpods] Custom Resource Status RESTART_EXTENSIONS - HiveMQ Platform is waiting for extension restart (hivemq-distributed-tracing-extension) (WAIT_FOR_EXTENSION_RESTART)
2025-01-30 18:33:50,677 INFO c.h.h.t.HelmChartContainer - [hivemq-test-hivemq-platform] [hivemq-platform-operator] [e510a205] 18:33:50.676 [ReconcilerExecutor-hivemq-controller-128] DEBUG c.h.p.o.HiveMQPlatformReconciler - [helmpods] Custom Resource Spec (replicas: 1) (extensions: 1)
2025-01-30 18:33:50,678 INFO c.h.h.t.HelmChartContainer - [hivemq-test-hivemq-platform] [hivemq-platform-operator] [e510a205] 18:33:50.678 [ReconcilerExecutor-hivemq-controller-128] DEBUG c.h.p.o.HiveMQPlatformReconciler - [helmpods] StatefulSet Status (revision: test-hivemq-platform-f6cdc458c, replicas: 1, available: 1, ready: 1, current: 1, updated: 1)
2025-01-30 18:33:50,678 INFO c.h.h.t.HelmChartContainer - [hivemq-test-hivemq-platform] [hivemq-platform-operator] [e510a205] 18:33:50.678 [ReconcilerExecutor-hivemq-controller-128] DEBUG c.h.p.o.HiveMQPlatformReconciler - [helmpods] StatefulSet Spec (replicas: 1, init containers: 1, containers: 1, volumes: 4)
2025-01-30 18:33:50,680 INFO c.h.h.t.HelmChartContainer - [hivemq-test-hivemq-platform] [hivemq-platform-operator] [e510a205] 18:33:50.679 [ReconcilerExecutor-hivemq-controller-128] DEBUG c.h.p.o.h.HiveMQPlatformReconcilerErrorHandler - [helmpods] Pod 'test-hivemq-platform-0' phase Running
2025-01-30 18:33:50,691 INFO c.h.h.t.HelmChartContainer - [hivemq-test-hivemq-platform] [hivemq-platform-operator] [e510a205] 18:33:50.691 [ReconcilerExecutor-hivemq-controller-128] DEBUG c.h.p.o.h.HiveMQPlatformReconcilerRestartExtensionsHandler - [helmpods] Checking update extension status on Pod 'test-hivemq-platform-0'
2025-01-30 18:33:50,784 INFO c.h.h.t.HelmChartContainer - [test-hivemq-platform] [hivemq] [d1acfa83] INFO  - [HiveMQ Platform Operator Init App 1.7.0-SNAPSHOT] Extension update is pending (0 errors)
2025-01-30 18:33:50,791 INFO c.h.h.t.HelmChartContainer - [hivemq-test-hivemq-platform] [hivemq-platform-operator] [e510a205] 18:33:50.790 [vert.x-eventloop-thread-1] DEBUG c.h.platform.operator.util.PodUtil - Received status for command '[curl, -s, http://10.42.0.8:7979/updateExtensionStatus]' on Pod 'test-hivemq-platform-0' (exit code: 0)
2025-01-30 18:33:50,968 INFO c.h.h.t.HelmChartContainer - [test-hivemq-platform] [hivemq] [d1acfa83] INFO  - [HiveMQ Platform Operator Init App 1.7.0-SNAPSHOT] Waiting for extension ConfigMap sync (expected hash: 1172060551) (current hash: -1423846966)
2025-01-30 18:33:51,761 INFO c.h.h.t.HelmChartContainer - [hivemq-test-hivemq-platform] [hivemq-platform-operator] [e510a205] 18:33:51.758 [pool-6-thread-4] DEBUG c.h.p.o.d.PlatformServiceResource - [helmpods] Desired Platform services (3 services)
2025-01-30 18:33:51,761 INFO c.h.h.t.HelmChartContainer - [hivemq-test-hivemq-platform] [hivemq-platform-operator] [e510a205] 18:33:51.759 [pool-6-thread-5] DEBUG c.h.p.o.dependants.PodInfoConfigMap - [helmpods] Desired PodInfo ConfigMap (1 extensions) (1 enabled)
2025-01-30 18:33:51,761 INFO c.h.h.t.HelmChartContainer - [hivemq-test-hivemq-platform] [hivemq-platform-operator] [e510a205] 18:33:51.759 [pool-6-thread-5] DEBUG c.h.p.o.dependants.PodInfoConfigMap - [helmpods] Desired PodInfo ConfigMap (metrics port: 9399) (metrics path: /)
2025-01-30 18:33:51,761 INFO c.h.h.t.HelmChartContainer - [hivemq-test-hivemq-platform] [hivemq-platform-operator] [e510a205] 18:33:51.759 [pool-6-thread-5] DEBUG c.h.p.o.dependants.PodInfoConfigMap - [helmpods] Desired PodInfo ConfigMap (extension state hash: 1172060551)
2025-01-30 18:33:51,761 INFO c.h.h.t.HelmChartContainer - [hivemq-test-hivemq-platform] [hivemq-platform-operator] [e510a205] 18:33:51.760 [pool-6-thread-5] DEBUG c.h.p.o.d.PodServiceAccountResource - [helmpods] Desired PodServiceAccountResource (serviceAccountName: hivemq-platform-pod-test-hivemq-platform)
2025-01-30 18:33:51,766 INFO c.h.h.t.HelmChartContainer - [hivemq-test-hivemq-platform] [hivemq-platform-operator] [e510a205] 18:33:51.764 [pool-6-thread-4] DEBUG c.h.p.o.d.StatefulSetResource - [helmpods] Desired StatefulSet (1 replicas) for status RESTART_EXTENSIONS (WAIT_FOR_EXTENSION_RESTART)
2025-01-30 18:33:51,769 INFO c.h.h.t.HelmChartContainer - [hivemq-test-hivemq-platform] [hivemq-platform-operator] [e510a205] 18:33:51.768 [ReconcilerExecutor-hivemq-controller-129] INFO  c.h.p.o.HiveMQPlatformReconciler - [helmpods] Reconciling HiveMQ Platform 'test-hivemq-platform' in namespace 'helmpodsecuritycontextupgradeextensionit'
2025-01-30 18:33:51,769 INFO c.h.h.t.HelmChartContainer - [hivemq-test-hivemq-platform] [hivemq-platform-operator] [e510a205] 18:33:51.768 [ReconcilerExecutor-hivemq-controller-129] DEBUG c.h.p.o.HiveMQPlatformReconciler - [helmpods] Custom Resource Status RESTART_EXTENSIONS - HiveMQ Platform is waiting for extension restart (hivemq-distributed-tracing-extension) (WAIT_FOR_EXTENSION_RESTART)
2025-01-30 18:33:51,770 INFO c.h.h.t.HelmChartContainer - [hivemq-test-hivemq-platform] [hivemq-platform-operator] [e510a205] 18:33:51.768 [ReconcilerExecutor-hivemq-controller-129] DEBUG c.h.p.o.HiveMQPlatformReconciler - [helmpods] Custom Resource Spec (replicas: 1) (extensions: 1)
2025-01-30 18:33:51,770 INFO c.h.h.t.HelmChartContainer - [hivemq-test-hivemq-platform] [hivemq-platform-operator] [e510a205] 18:33:51.770 [ReconcilerExecutor-hivemq-controller-129] DEBUG c.h.p.o.HiveMQPlatformReconciler - [helmpods] StatefulSet Status (revision: test-hivemq-platform-f6cdc458c, replicas: 1, available: 1, ready: 1, current: 1, updated: 1)
2025-01-30 18:33:51,770 INFO c.h.h.t.HelmChartContainer - [hivemq-test-hivemq-platform] [hivemq-platform-operator] [e510a205] 18:33:51.770 [ReconcilerExecutor-hivemq-controller-129] DEBUG c.h.p.o.HiveMQPlatformReconciler - [helmpods] StatefulSet Spec (replicas: 1, init containers: 1, containers: 1, volumes: 4)
2025-01-30 18:33:51,772 INFO c.h.h.t.HelmChartContainer - [hivemq-test-hivemq-platform] [hivemq-platform-operator] [e510a205] 18:33:51.771 [ReconcilerExecutor-hivemq-controller-129] DEBUG c.h.p.o.h.HiveMQPlatformReconcilerErrorHandler - [helmpods] Pod 'test-hivemq-platform-0' phase Running
2025-01-30 18:33:51,773 INFO c.h.h.t.HelmChartContainer - [hivemq-test-hivemq-platform] [hivemq-platform-operator] [e510a205] 18:33:51.772 [ReconcilerExecutor-hivemq-controller-129] INFO  c.h.p.o.h.HiveMQPlatformReconcilerRestartExtensionsHandler - [helmpods] Extension update on Pod 'test-hivemq-platform-0' is still pending
2025-01-30 18:33:51,968 INFO c.h.h.t.HelmChartContainer - [test-hivemq-platform] [hivemq] [d1acfa83] INFO  - [HiveMQ Platform Operator Init App 1.7.0-SNAPSHOT] Waiting for extension ConfigMap sync (expected hash: 1172060551) (current hash: -1423846966)
2025-01-30 18:33:52,969 INFO c.h.h.t.HelmChartContainer - [test-hivemq-platform] [hivemq] [d1acfa83] INFO  - [HiveMQ Platform Operator Init App 1.7.0-SNAPSHOT] Waiting for extension ConfigMap sync (expected hash: 1172060551) (current hash: 1172060551)
2025-01-30 18:33:52,969 INFO c.h.h.t.HelmChartContainer - [test-hivemq-platform] [hivemq] [d1acfa83] INFO  - [HiveMQ Platform Operator Init App 1.7.0-SNAPSHOT] Updating HiveMQ Platform extension: hivemq-distributed-tracing-extension
2025-01-30 18:33:52,970 INFO c.h.h.t.HelmChartContainer - [test-hivemq-platform] [hivemq] [d1acfa83] INFO  - [HiveMQ Platform Operator Init App 1.7.0-SNAPSHOT] Updating preinstalled extension hivemq-distributed-tracing-extension
2025-01-30 18:33:53,274 INFO c.h.h.t.HelmChartContainer - [test-hivemq-platform] [hivemq] [d1acfa83] INFO  - [HiveMQ Platform Operator Init App 1.7.0-SNAPSHOT] Successfully updated extension hivemq-distributed-tracing-extension
2025-01-30 18:33:55,090 INFO c.h.h.t.HelmChartContainer - [test-hivemq-platform] [hivemq] [d1acfa83] INFO  - HiveMQ Enterprise Distributed Tracing Extension: Configured OTLP HTTP/protobuf exporter 'my-otlp-grpc-exporter'.
2025-01-30 18:33:55,096 INFO c.h.h.t.HelmChartContainer - [test-hivemq-platform] [hivemq] [d1acfa83] INFO  - HiveMQ Enterprise Distributed Tracing Extension: Configured W3C trace propagation.
2025-01-30 18:33:55,097 INFO c.h.h.t.HelmChartContainer - [test-hivemq-platform] [hivemq] [d1acfa83] INFO  - HiveMQ Enterprise Distributed Tracing Extension: Successfully updated configuration from '/opt/hivemq/extensions/hivemq-distributed-tracing-extension/conf/config.xml'.
2025-01-30 18:33:55,097 INFO c.h.h.testcontainer.LogWaiterUtil - TEST Found log pattern on 'test-hivemq-platform-0': .*HiveMQ Enterprise Distributed Tracing Extension: Successfully updated configuration from '/opt/hivemq/extensions/hivemq-distributed-tracing-extension/conf/config.xml'.
2025-01-30 18:34:01,776 INFO c.h.h.t.HelmChartContainer - [hivemq-test-hivemq-platform] [hivemq-platform-operator] [e510a205] 18:34:01.774 [pool-6-thread-11] DEBUG c.h.p.o.d.PlatformServiceResource - [helmpods] Desired Platform services (3 services)
2025-01-30 18:34:01,776 INFO c.h.h.t.HelmChartContainer - [hivemq-test-hivemq-platform] [hivemq-platform-operator] [e510a205] 18:34:01.775 [pool-6-thread-20] DEBUG c.h.p.o.d.PodServiceAccountResource - [helmpods] Desired PodServiceAccountResource (serviceAccountName: hivemq-platform-pod-test-hivemq-platform)
2025-01-30 18:34:01,777 INFO c.h.h.t.HelmChartContainer - [hivemq-test-hivemq-platform] [hivemq-platform-operator] [e510a205] 18:34:01.776 [pool-6-thread-12] DEBUG c.h.p.o.dependants.PodInfoConfigMap - [helmpods] Desired PodInfo ConfigMap (1 extensions) (1 enabled)
2025-01-30 18:34:01,778 INFO c.h.h.t.HelmChartContainer - [hivemq-test-hivemq-platform] [hivemq-platform-operator] [e510a205] 18:34:01.776 [pool-6-thread-12] DEBUG c.h.p.o.dependants.PodInfoConfigMap - [helmpods] Desired PodInfo ConfigMap (metrics port: 9399) (metrics path: /)
2025-01-30 18:34:01,778 INFO c.h.h.t.HelmChartContainer - [hivemq-test-hivemq-platform] [hivemq-platform-operator] [e510a205] 18:34:01.776 [pool-6-thread-12] DEBUG c.h.p.o.dependants.PodInfoConfigMap - [helmpods] Desired PodInfo ConfigMap (extension state hash: 1172060551)
2025-01-30 18:34:01,781 INFO c.h.h.t.HelmChartContainer - [hivemq-test-hivemq-platform] [hivemq-platform-operator] [e510a205] 18:34:01.779 [pool-6-thread-11] DEBUG c.h.p.o.d.StatefulSetResource - [helmpods] Desired StatefulSet (1 replicas) for status RESTART_EXTENSIONS (WAIT_FOR_EXTENSION_RESTART)
2025-01-30 18:34:01,782 INFO c.h.h.t.HelmChartContainer - [hivemq-test-hivemq-platform] [hivemq-platform-operator] [e510a205] 18:34:01.782 [ReconcilerExecutor-hivemq-controller-130] INFO  c.h.p.o.HiveMQPlatformReconciler - [helmpods] Reconciling HiveMQ Platform 'test-hivemq-platform' in namespace 'helmpodsecuritycontextupgradeextensionit'
2025-01-30 18:34:01,783 INFO c.h.h.t.HelmChartContainer - [hivemq-test-hivemq-platform] [hivemq-platform-operator] [e510a205] 18:34:01.782 [ReconcilerExecutor-hivemq-controller-130] DEBUG c.h.p.o.HiveMQPlatformReconciler - [helmpods] Custom Resource Status RESTART_EXTENSIONS - HiveMQ Platform is waiting for extension restart (hivemq-distributed-tracing-extension) (WAIT_FOR_EXTENSION_RESTART)
2025-01-30 18:34:01,783 INFO c.h.h.t.HelmChartContainer - [hivemq-test-hivemq-platform] [hivemq-platform-operator] [e510a205] 18:34:01.782 [ReconcilerExecutor-hivemq-controller-130] DEBUG c.h.p.o.HiveMQPlatformReconciler - [helmpods] Custom Resource Spec (replicas: 1) (extensions: 1)
2025-01-30 18:34:01,784 INFO c.h.h.t.HelmChartContainer - [hivemq-test-hivemq-platform] [hivemq-platform-operator] [e510a205] 18:34:01.784 [ReconcilerExecutor-hivemq-controller-130] DEBUG c.h.p.o.HiveMQPlatformReconciler - [helmpods] StatefulSet Status (revision: test-hivemq-platform-f6cdc458c, replicas: 1, available: 1, ready: 1, current: 1, updated: 1)
2025-01-30 18:34:01,784 INFO c.h.h.t.HelmChartContainer - [hivemq-test-hivemq-platform] [hivemq-platform-operator] [e510a205] 18:34:01.784 [ReconcilerExecutor-hivemq-controller-130] DEBUG c.h.p.o.HiveMQPlatformReconciler - [helmpods] StatefulSet Spec (replicas: 1, init containers: 1, containers: 1, volumes: 4)
2025-01-30 18:34:01,786 INFO c.h.h.t.HelmChartContainer - [hivemq-test-hivemq-platform] [hivemq-platform-operator] [e510a205] 18:34:01.785 [ReconcilerExecutor-hivemq-controller-130] DEBUG c.h.p.o.h.HiveMQPlatformReconcilerErrorHandler - [helmpods] Pod 'test-hivemq-platform-0' phase Running
2025-01-30 18:34:01,792 INFO c.h.h.t.HelmChartContainer - [hivemq-test-hivemq-platform] [hivemq-platform-operator] [e510a205] 18:34:01.791 [ReconcilerExecutor-hivemq-controller-130] DEBUG c.h.p.o.h.HiveMQPlatformReconcilerRestartExtensionsHandler - [helmpods] Checking update extension status on Pod 'test-hivemq-platform-0'
2025-01-30 18:34:01,878 INFO c.h.h.t.HelmChartContainer - [test-hivemq-platform] [hivemq] [d1acfa83] INFO  - [HiveMQ Platform Operator Init App 1.7.0-SNAPSHOT] Extension update is done (0 errors)
2025-01-30 18:34:01,891 INFO c.h.h.t.HelmChartContainer - [hivemq-test-hivemq-platform] [hivemq-platform-operator] [e510a205] 18:34:01.890 [vert.x-eventloop-thread-0] DEBUG c.h.platform.operator.util.PodUtil - Received status for command '[curl, -s, http://10.42.0.8:7979/updateExtensionStatus]' on Pod 'test-hivemq-platform-0' (exit code: 0)
2025-01-30 18:34:02,856 INFO c.h.h.t.HelmChartContainer - [hivemq-test-hivemq-platform] [hivemq-platform-operator] [e510a205] 18:34:02.853 [pool-6-thread-29] DEBUG c.h.p.o.d.PlatformServiceResource - [helmpods] Desired Platform services (3 services)
2025-01-30 18:34:02,856 INFO c.h.h.t.HelmChartContainer - [hivemq-test-hivemq-platform] [hivemq-platform-operator] [e510a205] 18:34:02.854 [pool-6-thread-27] DEBUG c.h.p.o.dependants.PodInfoConfigMap - [helmpods] Desired PodInfo ConfigMap (1 extensions) (1 enabled)
2025-01-30 18:34:02,856 INFO c.h.h.t.HelmChartContainer - [hivemq-test-hivemq-platform] [hivemq-platform-operator] [e510a205] 18:34:02.854 [pool-6-thread-27] DEBUG c.h.p.o.dependants.PodInfoConfigMap - [helmpods] Desired PodInfo ConfigMap (metrics port: 9399) (metrics path: /)
2025-01-30 18:34:02,856 INFO c.h.h.t.HelmChartContainer - [hivemq-test-hivemq-platform] [hivemq-platform-operator] [e510a205] 18:34:02.854 [pool-6-thread-27] DEBUG c.h.p.o.dependants.PodInfoConfigMap - [helmpods] Desired PodInfo ConfigMap (extension state hash: 1172060551)
2025-01-30 18:34:02,856 INFO c.h.h.t.HelmChartContainer - [hivemq-test-hivemq-platform] [hivemq-platform-operator] [e510a205] 18:34:02.855 [pool-6-thread-27] DEBUG c.h.p.o.d.PodServiceAccountResource - [helmpods] Desired PodServiceAccountResource (serviceAccountName: hivemq-platform-pod-test-hivemq-platform)
2025-01-30 18:34:02,859 INFO c.h.h.t.HelmChartContainer - [hivemq-test-hivemq-platform] [hivemq-platform-operator] [e510a205] 18:34:02.858 [pool-6-thread-29] DEBUG c.h.p.o.d.StatefulSetResource - [helmpods] Desired StatefulSet (1 replicas) for status RESTART_EXTENSIONS (WAIT_FOR_EXTENSION_RESTART)
2025-01-30 18:34:02,862 INFO c.h.h.t.HelmChartContainer - [hivemq-test-hivemq-platform] [hivemq-platform-operator] [e510a205] 18:34:02.861 [ReconcilerExecutor-hivemq-controller-131] INFO  c.h.p.o.HiveMQPlatformReconciler - [helmpods] Reconciling HiveMQ Platform 'test-hivemq-platform' in namespace 'helmpodsecuritycontextupgradeextensionit'
2025-01-30 18:34:02,862 INFO c.h.h.t.HelmChartContainer - [hivemq-test-hivemq-platform] [hivemq-platform-operator] [e510a205] 18:34:02.861 [ReconcilerExecutor-hivemq-controller-131] DEBUG c.h.p.o.HiveMQPlatformReconciler - [helmpods] Custom Resource Status RESTART_EXTENSIONS - HiveMQ Platform is waiting for extension restart (hivemq-distributed-tracing-extension) (WAIT_FOR_EXTENSION_RESTART)
2025-01-30 18:34:02,862 INFO c.h.h.t.HelmChartContainer - [hivemq-test-hivemq-platform] [hivemq-platform-operator] [e510a205] 18:34:02.861 [ReconcilerExecutor-hivemq-controller-131] DEBUG c.h.p.o.HiveMQPlatformReconciler - [helmpods] Custom Resource Spec (replicas: 1) (extensions: 1)
2025-01-30 18:34:02,863 INFO c.h.h.t.HelmChartContainer - [hivemq-test-hivemq-platform] [hivemq-platform-operator] [e510a205] 18:34:02.863 [ReconcilerExecutor-hivemq-controller-131] DEBUG c.h.p.o.HiveMQPlatformReconciler - [helmpods] StatefulSet Status (revision: test-hivemq-platform-f6cdc458c, replicas: 1, available: 1, ready: 1, current: 1, updated: 1)
2025-01-30 18:34:02,863 INFO c.h.h.t.HelmChartContainer - [hivemq-test-hivemq-platform] [hivemq-platform-operator] [e510a205] 18:34:02.863 [ReconcilerExecutor-hivemq-controller-131] DEBUG c.h.p.o.HiveMQPlatformReconciler - [helmpods] StatefulSet Spec (replicas: 1, init containers: 1, containers: 1, volumes: 4)
2025-01-30 18:34:02,866 INFO c.h.h.t.HelmChartContainer - [hivemq-test-hivemq-platform] [hivemq-platform-operator] [e510a205] 18:34:02.865 [ReconcilerExecutor-hivemq-controller-131] DEBUG c.h.p.o.h.HiveMQPlatformReconcilerErrorHandler - [helmpods] Pod 'test-hivemq-platform-0' phase Running
2025-01-30 18:34:02,867 INFO c.h.h.t.HelmChartContainer - [hivemq-test-hivemq-platform] [hivemq-platform-operator] [e510a205] 18:34:02.866 [ReconcilerExecutor-hivemq-controller-131] INFO  c.h.p.o.h.HiveMQPlatformReconcilerRestartExtensionsHandler - [helmpods] Successfully updated extensions on all Pods
2025-01-30 18:34:02,877 INFO c.h.h.t.HelmChartContainer - [EVENT] Normal [Ready] HiveMQ Platform is ready [helmpodsecuritycontextupgradeextensionit:test-hivemq-platform]
2025-01-30 18:34:02,879 INFO c.h.h.t.HelmChartContainer - [hivemq-test-hivemq-platform] [hivemq-platform-operator] [e510a205] 18:34:02.876 [ReconcilerExecutor-hivemq-controller-131] DEBUG c.h.p.operator.event.EventSender - [helmpods] Updating K8s event hivemq-platform-ready: [Ready] HiveMQ Platform is ready
2025-01-30 18:34:02,879 INFO c.h.h.t.HelmChartContainer - [hivemq-test-hivemq-platform] [hivemq-platform-operator] [e510a205] 18:34:02.876 [ReconcilerExecutor-hivemq-controller-131] INFO  c.h.p.o.h.AbstractHiveMQReconcilerStateHandler - [helmpods] Update HiveMQ Platform Status (RESTART_EXTENSIONS [WAIT_FOR_EXTENSION_RESTART] -> RUNNING [READY]): HiveMQ Platform is ready
2025-01-30 18:34:02,886 DEBUG com.hivemq.helmcharts.util.K8sUtil - Comparing actual state 'RUNNING' and waiting for 'RUNNING'
2025-01-30 18:34:04,888 INFO c.h.h.t.HelmChartContainer - Uninstalling release 'test-hivemq-platform' in namespace 'helmpodsecuritycontextupgradeextensionit'...
2025-01-30 18:34:04,888 DEBUG c.h.h.t.HelmChartContainer - Executing helm command: /bin/helm --kubeconfig /etc/rancher/k3s/k3s.yaml uninstall test-hivemq-platform  --wait --timeout 5m0s --cascade foreground --namespace helmpodsecuritycontextupgradeextensionit
2025-01-30 18:34:05,078 INFO c.h.h.t.HelmChartContainer - [hivemq-test-hivemq-platform] [hivemq-platform-operator] [e510a205] 18:34:05.074 [pool-6-thread-39] DEBUG c.h.p.o.d.PlatformServiceResource - [helmpods] Desired Platform services (3 services)
2025-01-30 18:34:05,079 INFO c.h.h.t.HelmChartContainer - [hivemq-test-hivemq-platform] [hivemq-platform-operator] [e510a205] 18:34:05.076 [pool-6-thread-40] DEBUG c.h.p.o.d.PodServiceAccountResource - [helmpods] Desired PodServiceAccountResource (serviceAccountName: hivemq-platform-pod-test-hivemq-platform)
2025-01-30 18:34:05,081 INFO c.h.h.t.HelmChartContainer - [hivemq-test-hivemq-platform] [hivemq-platform-operator] [e510a205] 18:34:05.078 [pool-6-thread-33] DEBUG c.h.p.o.dependants.PodInfoConfigMap - [helmpods] Desired PodInfo ConfigMap (1 extensions) (1 enabled)
2025-01-30 18:34:05,087 INFO c.h.h.t.HelmChartContainer - [hivemq-test-hivemq-platform] [hivemq-platform-operator] [e510a205] 18:34:05.078 [pool-6-thread-33] DEBUG c.h.p.o.dependants.PodInfoConfigMap - [helmpods] Desired PodInfo ConfigMap (metrics port: 9399) (metrics path: /)
2025-01-30 18:34:05,087 INFO c.h.h.t.HelmChartContainer - [hivemq-test-hivemq-platform] [hivemq-platform-operator] [e510a205] 18:34:05.078 [pool-6-thread-33] DEBUG c.h.p.o.dependants.PodInfoConfigMap - [helmpods] Desired PodInfo ConfigMap (extension state hash: 1172060551)
2025-01-30 18:34:05,087 INFO c.h.h.t.HelmChartContainer - [hivemq-test-hivemq-platform] [hivemq-platform-operator] [e510a205] 18:34:05.079 [pool-6-thread-33] DEBUG c.h.p.o.dependants.PodInfoConfigMap - [helmpods] Update PodInfo ConfigMap
2025-01-30 18:34:05,144 INFO c.h.h.t.HelmChartContainer - [hivemq-test-hivemq-platform] [hivemq-platform-operator] [e510a205] 18:34:05.143 [pool-6-thread-33] DEBUG c.h.p.o.d.StatefulSetResource - [helmpods] Desired StatefulSet (1 replicas) for status RUNNING (READY)
2025-01-30 18:34:05,191 INFO c.h.h.t.HelmChartContainer - [hivemq-test-hivemq-platform] [hivemq-platform-operator] [e510a205] 18:34:05.190 [pool-6-thread-33] DEBUG c.h.p.o.d.StatefulSetResource - [helmpods] Update StatefulSet (replicas: 1 -> 1)
2025-01-30 18:34:05,232 INFO c.h.h.t.HelmChartContainer - [hivemq-test-hivemq-platform] [hivemq-platform-operator] [e510a205] 18:34:05.229 [pool-6-thread-33] DEBUG c.h.p.o.d.StatefulSetResource - [helmpods] Detected change in StatefulSet specification (path: /template/metadata/annotations/kubernetes-resource-versions) (actual value: {broker-configuration-v2=-2089688360}) (target value: {broker-configuration-v2=0})
2025-01-30 18:34:05,232 INFO c.h.h.t.HelmChartContainer - [hivemq-test-hivemq-platform] [hivemq-platform-operator] [e510a205] 18:34:05.229 [pool-6-thread-33] INFO  c.h.p.o.d.StatefulSetResource - [helmpods] StatefulSet spec was updated, triggering rolling restart
2025-01-30 18:34:05,250 INFO c.h.h.t.HelmChartContainer - [hivemq-test-hivemq-platform] [hivemq-platform-operator] [e510a205] 18:34:05.248 [ReconcilerExecutor-hivemq-controller-133] INFO  c.h.p.o.HiveMQPlatformReconciler - [helmpods] Reconciling HiveMQ Platform 'test-hivemq-platform' in namespace 'helmpodsecuritycontextupgradeextensionit'
2025-01-30 18:34:05,250 INFO c.h.h.t.HelmChartContainer - [hivemq-test-hivemq-platform] [hivemq-platform-operator] [e510a205] 18:34:05.248 [ReconcilerExecutor-hivemq-controller-133] DEBUG c.h.p.o.HiveMQPlatformReconciler - [helmpods] Custom Resource Status RUNNING - HiveMQ Platform is ready (READY) (reconciliation requests: ROLLING_RESTART, REQUESTS_UPDATED)
2025-01-30 18:34:05,250 INFO c.h.h.t.HelmChartContainer - [hivemq-test-hivemq-platform] [hivemq-platform-operator] [e510a205] 18:34:05.248 [ReconcilerExecutor-hivemq-controller-133] DEBUG c.h.p.o.HiveMQPlatformReconciler - [helmpods] Custom Resource Spec (replicas: 1) (extensions: 1)
2025-01-30 18:34:05,250 INFO c.h.h.t.HelmChartContainer - [hivemq-test-hivemq-platform] [hivemq-platform-operator] [e510a205] 18:34:05.248 [ReconcilerExecutor-hivemq-controller-133] WARN  c.h.p.o.h.HiveMQPlatformReconcilerErrorHandler - [helmpods] Could not find ConfigMap 'hivemq-configuration-test-hivemq-platform' for HiveMQ Platform configuration
2025-01-30 18:34:05,342 INFO c.h.h.t.HelmChartContainer - [hivemq-test-hivemq-platform] [hivemq-platform-operator] [e510a205] 18:34:05.341 [ReconcilerExecutor-hivemq-controller-133] DEBUG c.h.p.operator.event.EventSender - [helmpods] Creating K8s event hivemq-platform-invalid-configuration: [Start] Could not find ConfigMap 'hivemq-configuration-test-hivemq-platform' for HiveMQ Platform configuration
2025-01-30 18:34:05,346 INFO c.h.h.t.HelmChartContainer - [EVENT] Warning [Start] Could not find ConfigMap 'hivemq-configuration-test-hivemq-platform' for HiveMQ Platform configuration [helmpodsecuritycontextupgradeextensionit:test-hivemq-platform]
2025-01-30 18:34:05,347 INFO c.h.h.t.HelmChartContainer - [hivemq-test-hivemq-platform] [hivemq-platform-operator] [e510a205] 18:34:05.346 [ReconcilerExecutor-hivemq-controller-133] INFO  c.h.p.o.h.AbstractHiveMQReconcilerStateHandler - [helmpods] Update HiveMQ Platform Status (RUNNING [READY] -> ERROR [INVALID_CONFIG_MAP]): Could not find ConfigMap 'hivemq-configuration-test-hivemq-platform' for HiveMQ Platform configuration (reconciliation requests: ROLLING_RESTART)
2025-01-30 18:34:05,432 INFO c.h.h.t.HelmChartContainer - [hivemq-test-hivemq-platform] [hivemq-platform-operator] [e510a205] 18:34:05.429 [ReconcilerExecutor-hivemq-controller-133] ERROR i.j.o.p.event.EventProcessor - Error during event processing ExecutionScope{ resource id: ResourceID{name='test-hivemq-platform', namespace='helmpodsecuritycontextupgradeextensionit'}, version: 929}
2025-01-30 18:34:05,433 INFO c.h.h.t.HelmChartContainer - [hivemq-test-hivemq-platform] [hivemq-platform-operator] [e510a205] io.fabric8.kubernetes.client.KubernetesClientException: Failure executing: PUT at: https://10.43.0.1:443/apis/hivemq.com/v1/namespaces/helmpodsecuritycontextupgradeextensionit/hivemq-platforms/test-hivemq-platform/status. Message: Operation cannot be fulfilled on hivemq-platforms.hivemq.com "test-hivemq-platform": the object has been modified; please apply your changes to the latest version and try again. Received status: Status(apiVersion=v1, code=409, details=StatusDetails(causes=[], group=hivemq.com, kind=hivemq-platforms, name=test-hivemq-platform, retryAfterSeconds=null, uid=null, additionalProperties={}), kind=Status, message=Operation cannot be fulfilled on hivemq-platforms.hivemq.com "test-hivemq-platform": the object has been modified; please apply your changes to the latest version and try again, metadata=ListMeta(_continue=null, remainingItemCount=null, resourceVersion=null, selfLink=null, additionalProperties={}), reason=Conflict, status=Failure, additionalProperties={}).
2025-01-30 18:34:05,433 INFO c.h.h.t.HelmChartContainer - [hivemq-test-hivemq-platform] [hivemq-platform-operator] [e510a205] 	at io.fabric8.kubernetes.client.KubernetesClientException.copyAsCause(KubernetesClientException.java:238)
2025-01-30 18:34:05,433 INFO c.h.h.t.HelmChartContainer - [hivemq-test-hivemq-platform] [hivemq-platform-operator] [e510a205] 	at io.fabric8.kubernetes.client.dsl.internal.OperationSupport.waitForResult(OperationSupport.java:507)
2025-01-30 18:34:05,433 INFO c.h.h.t.HelmChartContainer - [hivemq-test-hivemq-platform] [hivemq-platform-operator] [e510a205] 	at io.fabric8.kubernetes.client.dsl.internal.OperationSupport.handleResponse(OperationSupport.java:524)
2025-01-30 18:34:05,433 INFO c.h.h.t.HelmChartContainer - [hivemq-test-hivemq-platform] [hivemq-platform-operator] [e510a205] 	at io.fabric8.kubernetes.client.dsl.internal.OperationSupport.handleUpdate(OperationSupport.java:358)
2025-01-30 18:34:05,433 INFO c.h.h.t.HelmChartContainer - [hivemq-test-hivemq-platform] [hivemq-platform-operator] [e510a205] 	at io.fabric8.kubernetes.client.dsl.internal.BaseOperation.handleUpdate(BaseOperation.java:759)
2025-01-30 18:34:05,433 INFO c.h.h.t.HelmChartContainer - [hivemq-test-hivemq-platform] [hivemq-platform-operator] [e510a205] 	at io.fabric8.kubernetes.client.dsl.internal.HasMetadataOperation.update(HasMetadataOperation.java:138)
2025-01-30 18:34:05,433 INFO c.h.h.t.HelmChartContainer - [hivemq-test-hivemq-platform] [hivemq-platform-operator] [e510a205] 	at io.fabric8.kubernetes.client.dsl.internal.HasMetadataOperation.update(HasMetadataOperation.java:121)
2025-01-30 18:34:05,433 INFO c.h.h.t.HelmChartContainer - [hivemq-test-hivemq-platform] [hivemq-platform-operator] [e510a205] 	at io.fabric8.kubernetes.client.dsl.internal.HasMetadataOperation.updateStatus(HasMetadataOperation.java:126)
2025-01-30 18:34:05,433 INFO c.h.h.t.HelmChartContainer - [hivemq-test-hivemq-platform] [hivemq-platform-operator] [e510a205] 	at io.fabric8.kubernetes.client.dsl.internal.HasMetadataOperation.updateStatus(HasMetadataOperation.java:44)
2025-01-30 18:34:05,434 INFO c.h.h.t.HelmChartContainer - [hivemq-test-hivemq-platform] [hivemq-platform-operator] [e510a205] 	at io.javaoperatorsdk.operator.processing.event.ReconciliationDispatcher$CustomResourceFacade.updateStatus(ReconciliationDispatcher.java:408)
2025-01-30 18:34:05,434 INFO c.h.h.t.HelmChartContainer - [hivemq-test-hivemq-platform] [hivemq-platform-operator] [e510a205] 	at io.javaoperatorsdk.operator.processing.event.ReconciliationDispatcher.updateStatusGenerationAware(ReconciliationDispatcher.java:228)
2025-01-30 18:34:05,434 INFO c.h.h.t.HelmChartContainer - [hivemq-test-hivemq-platform] [hivemq-platform-operator] [e510a205] 	at io.javaoperatorsdk.operator.processing.event.ReconciliationDispatcher.reconcileExecution(ReconciliationDispatcher.java:150)
2025-01-30 18:34:05,434 INFO c.h.h.t.HelmChartContainer - [hivemq-test-hivemq-platform] [hivemq-platform-operator] [e510a205] 	at io.javaoperatorsdk.operator.processing.event.ReconciliationDispatcher.handleReconcile(ReconciliationDispatcher.java:117)
2025-01-30 18:34:05,434 INFO c.h.h.t.HelmChartContainer - [hivemq-test-hivemq-platform] [hivemq-platform-operator] [e510a205] 	at io.javaoperatorsdk.operator.processing.event.ReconciliationDispatcher.handleDispatch(ReconciliationDispatcher.java:91)
2025-01-30 18:34:05,434 INFO c.h.h.t.HelmChartContainer - [hivemq-test-hivemq-platform] [hivemq-platform-operator] [e510a205] 	at io.javaoperatorsdk.operator.processing.event.ReconciliationDispatcher.handleExecution(ReconciliationDispatcher.java:64)
2025-01-30 18:34:05,434 INFO c.h.h.t.HelmChartContainer - [hivemq-test-hivemq-platform] [hivemq-platform-operator] [e510a205] 	at io.javaoperatorsdk.operator.processing.event.EventProcessor$ReconcilerExecutor.run(EventProcessor.java:452)
2025-01-30 18:34:05,434 INFO c.h.h.t.HelmChartContainer - [hivemq-test-hivemq-platform] [hivemq-platform-operator] [e510a205] 	at java.base/java.util.concurrent.ThreadPoolExecutor.runWorker(Unknown Source)
2025-01-30 18:34:05,434 INFO c.h.h.t.HelmChartContainer - [hivemq-test-hivemq-platform] [hivemq-platform-operator] [e510a205] 	at java.base/java.util.concurrent.ThreadPoolExecutor$Worker.run(Unknown Source)
2025-01-30 18:34:05,434 INFO c.h.h.t.HelmChartContainer - [hivemq-test-hivemq-platform] [hivemq-platform-operator] [e510a205] 	at java.base/java.lang.Thread.run(Unknown Source)
2025-01-30 18:34:05,434 INFO c.h.h.t.HelmChartContainer - [hivemq-test-hivemq-platform] [hivemq-platform-operator] [e510a205] Caused by: io.fabric8.kubernetes.client.KubernetesClientException: Failure executing: PUT at: https://10.43.0.1:443/apis/hivemq.com/v1/namespaces/helmpodsecuritycontextupgradeextensionit/hivemq-platforms/test-hivemq-platform/status. Message: Operation cannot be fulfilled on hivemq-platforms.hivemq.com "test-hivemq-platform": the object has been modified; please apply your changes to the latest version and try again. Received status: Status(apiVersion=v1, code=409, details=StatusDetails(causes=[], group=hivemq.com, kind=hivemq-platforms, name=test-hivemq-platform, retryAfterSeconds=null, uid=null, additionalProperties={}), kind=Status, message=Operation cannot be fulfilled on hivemq-platforms.hivemq.com "test-hivemq-platform": the object has been modified; please apply your changes to the latest version and try again, metadata=ListMeta(_continue=null, remainingItemCount=null, resourceVersion=null, selfLink=null, additionalProperties={}), reason=Conflict, status=Failure, additionalProperties={}).
2025-01-30 18:34:05,434 INFO c.h.h.t.HelmChartContainer - [hivemq-test-hivemq-platform] [hivemq-platform-operator] [e510a205] 	at io.fabric8.kubernetes.client.dsl.internal.OperationSupport.requestFailure(OperationSupport.java:660)
2025-01-30 18:34:05,434 INFO c.h.h.t.HelmChartContainer - [hivemq-test-hivemq-platform] [hivemq-platform-operator] [e510a205] 	at io.fabric8.kubernetes.client.dsl.internal.OperationSupport.requestFailure(OperationSupport.java:640)
2025-01-30 18:34:05,434 INFO c.h.h.t.HelmChartContainer - [hivemq-test-hivemq-platform] [hivemq-platform-operator] [e510a205] 	at io.fabric8.kubernetes.client.dsl.internal.OperationSupport.assertResponseCode(OperationSupport.java:589)
2025-01-30 18:34:05,434 INFO c.h.h.t.HelmChartContainer - [hivemq-test-hivemq-platform] [hivemq-platform-operator] [e510a205] 	at io.fabric8.kubernetes.client.dsl.internal.OperationSupport.lambda$handleResponse$0(OperationSupport.java:549)
2025-01-30 18:34:05,435 INFO c.h.h.t.HelmChartContainer - [hivemq-test-hivemq-platform] [hivemq-platform-operator] [e510a205] 	at java.base/java.util.concurrent.CompletableFuture$UniApply.tryFire(Unknown Source)
2025-01-30 18:34:05,435 INFO c.h.h.t.HelmChartContainer - [hivemq-test-hivemq-platform] [hivemq-platform-operator] [e510a205] 	at java.base/java.util.concurrent.CompletableFuture.postComplete(Unknown Source)
2025-01-30 18:34:05,435 INFO c.h.h.t.HelmChartContainer - [hivemq-test-hivemq-platform] [hivemq-platform-operator] [e510a205] 	at java.base/java.util.concurrent.CompletableFuture.complete(Unknown Source)
2025-01-30 18:34:05,435 INFO c.h.h.t.HelmChartContainer - [hivemq-test-hivemq-platform] [hivemq-platform-operator] [e510a205] 	at io.fabric8.kubernetes.client.http.StandardHttpClient.lambda$completeOrCancel$10(StandardHttpClient.java:141)
2025-01-30 18:34:05,435 INFO c.h.h.t.HelmChartContainer - [hivemq-test-hivemq-platform] [hivemq-platform-operator] [e510a205] 	at java.base/java.util.concurrent.CompletableFuture.uniWhenComplete(Unknown Source)
2025-01-30 18:34:05,435 INFO c.h.h.t.HelmChartContainer - [hivemq-test-hivemq-platform] [hivemq-platform-operator] [e510a205] 	at java.base/java.util.concurrent.CompletableFuture$UniWhenComplete.tryFire(Unknown Source)
2025-01-30 18:34:05,435 INFO c.h.h.t.HelmChartContainer - [hivemq-test-hivemq-platform] [hivemq-platform-operator] [e510a205] 	at java.base/java.util.concurrent.CompletableFuture.postComplete(Unknown Source)
2025-01-30 18:34:05,435 INFO c.h.h.t.HelmChartContainer - [hivemq-test-hivemq-platform] [hivemq-platform-operator] [e510a205] 	at java.base/java.util.concurrent.CompletableFuture.complete(Unknown Source)
2025-01-30 18:34:05,435 INFO c.h.h.t.HelmChartContainer - [hivemq-test-hivemq-platform] [hivemq-platform-operator] [e510a205] 	at io.fabric8.kubernetes.client.http.ByteArrayBodyHandler.onBodyDone(ByteArrayBodyHandler.java:51)
2025-01-30 18:34:05,435 INFO c.h.h.t.HelmChartContainer - [hivemq-test-hivemq-platform] [hivemq-platform-operator] [e510a205] 	at java.base/java.util.concurrent.CompletableFuture.uniWhenComplete(Unknown Source)
2025-01-30 18:34:05,435 INFO c.h.h.t.HelmChartContainer - [hivemq-test-hivemq-platform] [hivemq-platform-operator] [e510a205] 	at java.base/java.util.concurrent.CompletableFuture$UniWhenComplete.tryFire(Unknown Source)
2025-01-30 18:34:05,435 INFO c.h.h.t.HelmChartContainer - [hivemq-test-hivemq-platform] [hivemq-platform-operator] [e510a205] 	at java.base/java.util.concurrent.CompletableFuture.postComplete(Unknown Source)
2025-01-30 18:34:05,435 INFO c.h.h.t.HelmChartContainer - [hivemq-test-hivemq-platform] [hivemq-platform-operator] [e510a205] 	at java.base/java.util.concurrent.CompletableFuture.complete(Unknown Source)
2025-01-30 18:34:05,435 INFO c.h.h.t.HelmChartContainer - [hivemq-test-hivemq-platform] [hivemq-platform-operator] [e510a205] 	at io.fabric8.kubernetes.client.vertx.VertxHttpRequest.lambda$null$1(VertxHttpRequest.java:121)
2025-01-30 18:34:05,435 INFO c.h.h.t.HelmChartContainer - [hivemq-test-hivemq-platform] [hivemq-platform-operator] [e510a205] 	at io.vertx.core.impl.ContextInternal.dispatch(ContextInternal.java:279)
2025-01-30 18:34:05,435 INFO c.h.h.t.HelmChartContainer - [hivemq-test-hivemq-platform] [hivemq-platform-operator] [e510a205] 	at io.vertx.core.impl.ContextInternal.dispatch(ContextInternal.java:261)
2025-01-30 18:34:05,435 INFO c.h.h.t.HelmChartContainer - [hivemq-test-hivemq-platform] [hivemq-platform-operator] [e510a205] 	at io.vertx.core.http.impl.HttpEventHandler.handleEnd(HttpEventHandler.java:76)
2025-01-30 18:34:05,435 INFO c.h.h.t.HelmChartContainer - [hivemq-test-hivemq-platform] [hivemq-platform-operator] [e510a205] 	at io.vertx.core.http.impl.HttpClientResponseImpl.handleEnd(HttpClientResponseImpl.java:250)
2025-01-30 18:34:05,435 INFO c.h.h.t.HelmChartContainer - [hivemq-test-hivemq-platform] [hivemq-platform-operator] [e510a205] 	at io.vertx.core.http.impl.Http1xClientConnection$StreamImpl.lambda$new$0(Http1xClientConnection.java:421)
2025-01-30 18:34:05,435 INFO c.h.h.t.HelmChartContainer - [hivemq-test-hivemq-platform] [hivemq-platform-operator] [e510a205] 	at io.vertx.core.streams.impl.InboundBuffer.handleEvent(InboundBuffer.java:279)
2025-01-30 18:34:05,435 INFO c.h.h.t.HelmChartContainer - [hivemq-test-hivemq-platform] [hivemq-platform-operator] [e510a205] 	at io.vertx.core.streams.impl.InboundBuffer.write(InboundBuffer.java:157)
2025-01-30 18:34:05,435 INFO c.h.h.t.HelmChartContainer - [hivemq-test-hivemq-platform] [hivemq-platform-operator] [e510a205] 	at io.vertx.core.http.impl.Http1xClientConnection$StreamImpl.handleEnd(Http1xClientConnection.java:709)
2025-01-30 18:34:05,435 INFO c.h.h.t.HelmChartContainer - [hivemq-test-hivemq-platform] [hivemq-platform-operator] [e510a205] 	at io.vertx.core.impl.ContextImpl.execute(ContextImpl.java:313)
2025-01-30 18:34:05,435 INFO c.h.h.t.HelmChartContainer - [hivemq-test-hivemq-platform] [hivemq-platform-operator] [e510a205] 	at io.vertx.core.impl.ContextImpl.execute(ContextImpl.java:293)
2025-01-30 18:34:05,435 INFO c.h.h.t.HelmChartContainer - [hivemq-test-hivemq-platform] [hivemq-platform-operator] [e510a205] 	at io.vertx.core.http.impl.Http1xClientConnection.handleResponseEnd(Http1xClientConnection.java:940)
2025-01-30 18:34:05,435 INFO c.h.h.t.HelmChartContainer - [hivemq-test-hivemq-platform] [hivemq-platform-operator] [e510a205] 	at io.vertx.core.http.impl.Http1xClientConnection.handleHttpMessage(Http1xClientConnection.java:810)
2025-01-30 18:34:05,435 INFO c.h.h.t.HelmChartContainer - [hivemq-test-hivemq-platform] [hivemq-platform-operator] [e510a205] 	at io.vertx.core.http.impl.Http1xClientConnection.handleMessage(Http1xClientConnection.java:774)
2025-01-30 18:34:05,435 INFO c.h.h.t.HelmChartContainer - [hivemq-test-hivemq-platform] [hivemq-platform-operator] [e510a205] 	at io.vertx.core.net.impl.ConnectionBase.read(ConnectionBase.java:159)
2025-01-30 18:34:05,435 INFO c.h.h.t.HelmChartContainer - [hivemq-test-hivemq-platform] [hivemq-platform-operator] [e510a205] 	at io.vertx.core.net.impl.VertxHandler.channelRead(VertxHandler.java:153)
2025-01-30 18:34:05,435 INFO c.h.h.t.HelmChartContainer - [hivemq-test-hivemq-platform] [hivemq-platform-operator] [e510a205] 	at io.netty.channel.AbstractChannelHandlerContext.invokeChannelRead(AbstractChannelHandlerContext.java:442)
2025-01-30 18:34:05,435 INFO c.h.h.t.HelmChartContainer - [hivemq-test-hivemq-platform] [hivemq-platform-operator] [e510a205] 	at io.netty.channel.AbstractChannelHandlerContext.invokeChannelRead(AbstractChannelHandlerContext.java:420)
2025-01-30 18:34:05,435 INFO c.h.h.t.HelmChartContainer - [hivemq-test-hivemq-platform] [hivemq-platform-operator] [e510a205] 	at io.netty.channel.AbstractChannelHandlerContext.fireChannelRead(AbstractChannelHandlerContext.java:412)
2025-01-30 18:34:05,435 INFO c.h.h.t.HelmChartContainer - [hivemq-test-hivemq-platform] [hivemq-platform-operator] [e510a205] 	at io.netty.channel.CombinedChannelDuplexHandler$DelegatingChannelHandlerContext.fireChannelRead(CombinedChannelDuplexHandler.java:436)
2025-01-30 18:34:05,435 INFO c.h.h.t.HelmChartContainer - [hivemq-test-hivemq-platform] [hivemq-platform-operator] [e510a205] 	at io.netty.handler.codec.ByteToMessageDecoder.fireChannelRead(ByteToMessageDecoder.java:346)
2025-01-30 18:34:05,435 INFO c.h.h.t.HelmChartContainer - [hivemq-test-hivemq-platform] [hivemq-platform-operator] [e510a205] 	at io.netty.handler.codec.ByteToMessageDecoder.channelRead(ByteToMessageDecoder.java:318)
2025-01-30 18:34:05,435 INFO c.h.h.t.HelmChartContainer - [hivemq-test-hivemq-platform] [hivemq-platform-operator] [e510a205] 	at io.netty.channel.CombinedChannelDuplexHandler.channelRead(CombinedChannelDuplexHandler.java:251)
2025-01-30 18:34:05,435 INFO c.h.h.t.HelmChartContainer - [hivemq-test-hivemq-platform] [hivemq-platform-operator] [e510a205] 	at io.netty.channel.AbstractChannelHandlerContext.invokeChannelRead(AbstractChannelHandlerContext.java:442)
2025-01-30 18:34:05,435 INFO c.h.h.t.HelmChartContainer - [hivemq-test-hivemq-platform] [hivemq-platform-operator] [e510a205] 	at io.netty.channel.AbstractChannelHandlerContext.invokeChannelRead(AbstractChannelHandlerContext.java:420)
2025-01-30 18:34:05,435 INFO c.h.h.t.HelmChartContainer - [hivemq-test-hivemq-platform] [hivemq-platform-operator] [e510a205] 	at io.netty.channel.AbstractChannelHandlerContext.fireChannelRead(AbstractChannelHandlerContext.java:412)
2025-01-30 18:34:05,435 INFO c.h.h.t.HelmChartContainer - [hivemq-test-hivemq-platform] [hivemq-platform-operator] [e510a205] 	at io.netty.handler.ssl.SslHandler.unwrap(SslHandler.java:1475)
2025-01-30 18:34:05,435 INFO c.h.h.t.HelmChartContainer - [hivemq-test-hivemq-platform] [hivemq-platform-operator] [e510a205] 	at io.netty.handler.ssl.SslHandler.decodeJdkCompatible(SslHandler.java:1338)
2025-01-30 18:34:05,435 INFO c.h.h.t.HelmChartContainer - [hivemq-test-hivemq-platform] [hivemq-platform-operator] [e510a205] 	at io.netty.handler.ssl.SslHandler.decode(SslHandler.java:1387)
2025-01-30 18:34:05,435 INFO c.h.h.t.HelmChartContainer - [hivemq-test-hivemq-platform] [hivemq-platform-operator] [e510a205] 	at io.netty.handler.codec.ByteToMessageDecoder.decodeRemovalReentryProtection(ByteToMessageDecoder.java:530)
2025-01-30 18:34:05,435 INFO c.h.h.t.HelmChartContainer - [hivemq-test-hivemq-platform] [hivemq-platform-operator] [e510a205] 	at io.netty.handler.codec.ByteToMessageDecoder.callDecode(ByteToMessageDecoder.java:469)
2025-01-30 18:34:05,435 INFO c.h.h.t.HelmChartContainer - [hivemq-test-hivemq-platform] [hivemq-platform-operator] [e510a205] 	at io.netty.handler.codec.ByteToMessageDecoder.channelRead(ByteToMessageDecoder.java:290)
2025-01-30 18:34:05,435 INFO c.h.h.t.HelmChartContainer - [hivemq-test-hivemq-platform] [hivemq-platform-operator] [e510a205] 	at io.netty.channel.AbstractChannelHandlerContext.invokeChannelRead(AbstractChannelHandlerContext.java:444)
2025-01-30 18:34:05,435 INFO c.h.h.t.HelmChartContainer - [hivemq-test-hivemq-platform] [hivemq-platform-operator] [e510a205] 	at io.netty.channel.AbstractChannelHandlerContext.invokeChannelRead(AbstractChannelHandlerContext.java:420)
2025-01-30 18:34:05,435 INFO c.h.h.t.HelmChartContainer - [hivemq-test-hivemq-platform] [hivemq-platform-operator] [e510a205] 	at io.netty.channel.AbstractChannelHandlerContext.fireChannelRead(AbstractChannelHandlerContext.java:412)
2025-01-30 18:34:05,435 INFO c.h.h.t.HelmChartContainer - [hivemq-test-hivemq-platform] [hivemq-platform-operator] [e510a205] 	at io.netty.channel.DefaultChannelPipeline$HeadContext.channelRead(DefaultChannelPipeline.java:1407)
2025-01-30 18:34:05,435 INFO c.h.h.t.HelmChartContainer - [hivemq-test-hivemq-platform] [hivemq-platform-operator] [e510a205] 	at io.netty.channel.AbstractChannelHandlerContext.invokeChannelRead(AbstractChannelHandlerContext.java:440)
2025-01-30 18:34:05,435 INFO c.h.h.t.HelmChartContainer - [hivemq-test-hivemq-platform] [hivemq-platform-operator] [e510a205] 	at io.netty.channel.AbstractChannelHandlerContext.invokeChannelRead(AbstractChannelHandlerContext.java:420)
2025-01-30 18:34:05,435 INFO c.h.h.t.HelmChartContainer - [hivemq-test-hivemq-platform] [hivemq-platform-operator] [e510a205] 	at io.netty.channel.DefaultChannelPipeline.fireChannelRead(DefaultChannelPipeline.java:918)
2025-01-30 18:34:05,435 INFO c.h.h.t.HelmChartContainer - [hivemq-test-hivemq-platform] [hivemq-platform-operator] [e510a205] 	at io.netty.channel.nio.AbstractNioByteChannel$NioByteUnsafe.read(AbstractNioByteChannel.java:166)
2025-01-30 18:34:05,435 INFO c.h.h.t.HelmChartContainer - [hivemq-test-hivemq-platform] [hivemq-platform-operator] [e510a205] 	at io.netty.channel.nio.NioEventLoop.processSelectedKey(NioEventLoop.java:788)
2025-01-30 18:34:05,435 INFO c.h.h.t.HelmChartContainer - [hivemq-test-hivemq-platform] [hivemq-platform-operator] [e510a205] 	at io.netty.channel.nio.NioEventLoop.processSelectedKeysOptimized(NioEventLoop.java:724)
2025-01-30 18:34:05,435 INFO c.h.h.t.HelmChartContainer - [hivemq-test-hivemq-platform] [hivemq-platform-operator] [e510a205] 	at io.netty.channel.nio.NioEventLoop.processSelectedKeys(NioEventLoop.java:650)
2025-01-30 18:34:05,435 INFO c.h.h.t.HelmChartContainer - [hivemq-test-hivemq-platform] [hivemq-platform-operator] [e510a205] 	at io.netty.channel.nio.NioEventLoop.run(NioEventLoop.java:562)
2025-01-30 18:34:05,435 INFO c.h.h.t.HelmChartContainer - [hivemq-test-hivemq-platform] [hivemq-platform-operator] [e510a205] 	at io.netty.util.concurrent.SingleThreadEventExecutor$4.run(SingleThreadEventExecutor.java:997)
2025-01-30 18:34:05,435 INFO c.h.h.t.HelmChartContainer - [hivemq-test-hivemq-platform] [hivemq-platform-operator] [e510a205] 	at io.netty.util.internal.ThreadExecutorMap$2.run(ThreadExecutorMap.java:74)
2025-01-30 18:34:05,435 INFO c.h.h.t.HelmChartContainer - [hivemq-test-hivemq-platform] [hivemq-platform-operator] [e510a205] 	at io.netty.util.concurrent.FastThreadLocalRunnable.run(FastThreadLocalRunnable.java:30)
2025-01-30 18:34:05,435 INFO c.h.h.t.HelmChartContainer - [hivemq-test-hivemq-platform] [hivemq-platform-operator] [e510a205] 	... 1 common frames omitted
2025-01-30 18:34:05,440 INFO c.h.h.t.HelmChartContainer - [hivemq-test-hivemq-platform] [hivemq-platform-operator] [e510a205] 18:34:05.438 [ReconcilerExecutor-hivemq-controller-141] INFO  c.h.p.o.HiveMQPlatformReconciler - [helmpods] Cleanup test-hivemq-platform - helmpodsecuritycontextupgradeextensionit HiveMQ Platform is shut down
2025-01-30 18:34:05,940 INFO c.h.h.t.HelmChartContainer - [EVENT] Normal [Killing] Stopping container hivemq [helmpodsecuritycontextupgradeextensionit:test-hivemq-platform-0]
2025-01-30 18:34:05,940 INFO c.h.h.t.HelmChartContainer - Received Killing event for container hivemq in pod test-hivemq-platform-0 [d1acfa83-4c16-4cdd-bacc-6041361a91d3]
2025-01-30 18:34:05,940 INFO c.h.h.t.HelmChartContainer - Container [test-hivemq-platform-0] [hivemq] [d1acfa83-4c16-4cdd-bacc-6041361a91d3] was terminated
2025-01-30 18:34:05,940 INFO c.h.h.t.HelmChartContainer - Stopped log watcher for hivemq in pod test-hivemq-platform-0 [d1acfa83-4c16-4cdd-bacc-6041361a91d3]
2025-01-30 18:34:05,940 INFO c.h.h.t.HelmChartContainer - [POD] test-hivemq-platform-0 [d1acfa83-4c16-4cdd-bacc-6041361a91d3] in helmpodsecuritycontextupgradeextensionit was MODIFIED
2025-01-30 18:34:05,949 INFO c.h.h.t.HelmChartContainer - [test-hivemq-platform] [hivemq] [d1acfa83] INFO  - [HiveMQ Platform Operator Init App 1.7.0-SNAPSHOT] Shutting down
2025-01-30 18:34:05,950 INFO c.h.h.t.HelmChartContainer - [test-hivemq-platform] [hivemq] [d1acfa83] INFO  - [HiveMQ Platform Operator Init App 1.7.0-SNAPSHOT] Stopping the HiveMQ Platform
2025-01-30 18:34:06,076 INFO c.h.h.t.HelmChartContainer - [test-hivemq-platform] [hivemq] [d1acfa83] INFO  - Shutting down HiveMQ. Please wait, this could take a while...
2025-01-30 18:34:06,081 INFO c.h.h.t.HelmChartContainer - [test-hivemq-platform] [hivemq] [d1acfa83] INFO  - Shutting down listeners and clients
2025-01-30 18:34:06,083 INFO c.h.h.t.HelmChartContainer - [test-hivemq-platform] [hivemq] [d1acfa83] INFO  - Shutdown of listeners is done
2025-01-30 18:34:06,084 INFO c.h.h.t.HelmChartContainer - [test-hivemq-platform] [hivemq] [d1acfa83] INFO  - No clients are connected, proceeding with shutdown
2025-01-30 18:34:06,981 INFO c.h.h.t.HelmChartContainer - [test-hivemq-platform] [hivemq] [d1acfa83] INFO  - [HiveMQ Platform Operator Init App 1.7.0-SNAPSHOT] Returning shutdown Health API response 503 for readiness
2025-01-30 18:34:06,985 INFO c.h.h.t.HelmChartContainer - [EVENT] Warning [Unhealthy] Readiness probe failed: HTTP probe failed with statuscode: 503 [helmpodsecuritycontextupgradeextensionit:test-hivemq-platform-0]
2025-01-30 18:34:06,985 INFO c.h.h.t.HelmChartContainer - Received Unhealthy event for container hivemq in pod test-hivemq-platform-0 [d1acfa83-4c16-4cdd-bacc-6041361a91d3]
2025-01-30 18:34:07,127 INFO c.h.h.t.HelmChartContainer - Deleting namespace 'helmpodsecuritycontextupgradeextensionit'...
2025-01-30 18:34:07,491 INFO c.h.h.t.HelmChartContainer - [K3S] [authentication.go:74] "Unable to authenticate the request" err="[invalid bearer token, serviceaccounts \"hivemq-platform-pod-test-hivemq-platform\" not found]"
2025-01-30 18:34:07,509 INFO c.h.h.t.HelmChartContainer - [K3S] [authentication.go:74] "Unable to authenticate the request" err="[invalid bearer token, serviceaccounts \"hivemq-platform-pod-test-hivemq-platform\" not found]"
2025-01-30 18:34:07,520 INFO c.h.h.t.HelmChartContainer - [test-hivemq-platform] [hivemq] [d1acfa83] WARN  - [HiveMQ Platform Operator Init App 1.7.0-SNAPSHOT] Could not update Pod annotations: Failure executing: GET at: https://10.43.0.1:443/api/v1/namespaces/helmpodsecuritycontextupgradeextensionit/pods/test-hivemq-platform-0. Message: Unauthorized. Received status: Status(apiVersion=v1, code=401, details=null, kind=Status, message=Unauthorized, metadata=ListMeta(_continue=null, remainingItemCount=null, resourceVersion=null, selfLink=null, additionalProperties={}), reason=Unauthorized, status=Failure, additionalProperties={}).
2025-01-30 18:34:09,882 INFO c.h.h.t.HelmChartContainer - [test-hivemq-platform] [hivemq] [d1acfa83] INFO  - Shutting down extension system
2025-01-30 18:34:09,889 INFO c.h.h.t.HelmChartContainer - [test-hivemq-platform] [hivemq] [d1acfa83] INFO  - Stopping extension with id hivemq-dns-cluster-discovery
2025-01-30 18:34:09,890 INFO c.h.h.t.HelmChartContainer - [test-hivemq-platform] [hivemq] [d1acfa83] INFO  - Extension "DNS Cluster Discovery Extension" version 4.3.2 stopped successfully.
2025-01-30 18:34:09,890 INFO c.h.h.t.HelmChartContainer - [test-hivemq-platform] [hivemq] [d1acfa83] INFO  - Stopping extension with id hivemq-distributed-tracing-extension
2025-01-30 18:34:09,891 INFO c.h.h.t.HelmChartContainer - [test-hivemq-platform] [hivemq] [d1acfa83] INFO  - Extension "HiveMQ Enterprise Distributed Tracing Extension" version 4.36.0 stopped successfully.
2025-01-30 18:34:09,892 INFO c.h.h.t.HelmChartContainer - [test-hivemq-platform] [hivemq] [d1acfa83] INFO  - Stopping extension with id hivemq-prometheus-extension
2025-01-30 18:34:09,968 INFO c.h.h.t.HelmChartContainer - [test-hivemq-platform] [hivemq] [d1acfa83] INFO  - Extension "Prometheus Monitoring Extension" version 4.0.12 stopped successfully.
2025-01-30 18:34:09,969 INFO c.h.h.t.HelmChartContainer - [test-hivemq-platform] [hivemq] [d1acfa83] INFO  - Stopping extension with id hivemq-allow-all-extension
2025-01-30 18:34:09,969 INFO c.h.h.t.HelmChartContainer - [test-hivemq-platform] [hivemq] [d1acfa83] INFO  - Extension "Allow All Extension" version 1.1.1 stopped successfully.
2025-01-30 18:34:11,984 INFO c.h.h.t.HelmChartContainer - [EVENT] Warning [Unhealthy] Readiness probe failed: HTTP probe failed with statuscode: 503 [helmpodsecuritycontextupgradeextensionit:test-hivemq-platform-0]
2025-01-30 18:34:11,984 INFO c.h.h.t.HelmChartContainer - Received Unhealthy event for container hivemq in pod test-hivemq-platform-0 [d1acfa83-4c16-4cdd-bacc-6041361a91d3]
2025-01-30 18:34:12,268 INFO c.h.h.t.HelmChartContainer - [K3S] [stateful_set.go:466] "StatefulSet has been deleted" key="helmpodsecuritycontextupgradeextensionit/test-hivemq-platform"
2025-01-30 18:34:12,279 INFO c.h.h.t.HelmChartContainer - [test-hivemq-platform] [hivemq] [d1acfa83] INFO  - Shutdown completed.
2025-01-30 18:34:12,524 INFO c.h.h.t.HelmChartContainer - [K3S] [authentication.go:74] "Unable to authenticate the request" err="[invalid bearer token, serviceaccounts \"hivemq-platform-pod-test-hivemq-platform\" not found]"
2025-01-30 18:34:12,538 INFO c.h.h.t.HelmChartContainer - [K3S] [authentication.go:74] "Unable to authenticate the request" err="[invalid bearer token, serviceaccounts \"hivemq-platform-pod-test-hivemq-platform\" not found]"
2025-01-30 18:34:12,540 INFO c.h.h.t.HelmChartContainer - [test-hivemq-platform] [hivemq] [d1acfa83] WARN  - [HiveMQ Platform Operator Init App 1.7.0-SNAPSHOT] Could not update Pod annotations: Failure executing: GET at: https://10.43.0.1:443/api/v1/namespaces/helmpodsecuritycontextupgradeextensionit/pods/test-hivemq-platform-0. Message: Unauthorized. Received status: Status(apiVersion=v1, code=401, details=null, kind=Status, message=Unauthorized, metadata=ListMeta(_continue=null, remainingItemCount=null, resourceVersion=null, selfLink=null, additionalProperties={}), reason=Unauthorized, status=Failure, additionalProperties={}).
2025-01-30 18:34:12,639 INFO c.h.h.t.HelmChartContainer - [test-hivemq-platform] [hivemq] [d1acfa83] INFO  - [HiveMQ Platform Operator Init App 1.7.0-SNAPSHOT] The HiveMQ Platform exited with code 143
2025-01-30 18:34:12,639 INFO c.h.h.t.HelmChartContainer - [test-hivemq-platform] [hivemq] [d1acfa83] INFO  - [HiveMQ Platform Operator Init App 1.7.0-SNAPSHOT] Stopping the REST API
2025-01-30 18:34:12,668 INFO c.h.h.t.HelmChartContainer - [test-hivemq-platform] [hivemq] [d1acfa83] INFO  - [HiveMQ Platform Operator Init App 1.7.0-SNAPSHOT] Shutdown complete
2025-01-30 18:34:13,116 INFO c.h.h.t.HelmChartContainer - [K3S] [reconciler_common.go:162] "operationExecutor.UnmountVolume started for volume \"broker-configuration\" (UniqueName: \"kubernetes.io/configmap/d1acfa83-4c16-4cdd-bacc-6041361a91d3-broker-configuration\") pod \"d1acfa83-4c16-4cdd-bacc-6041361a91d3\" (UID: \"d1acfa83-4c16-4cdd-bacc-6041361a91d3\") "
2025-01-30 18:34:13,116 INFO c.h.h.t.HelmChartContainer - [K3S] [reconciler_common.go:162] "operationExecutor.UnmountVolume started for volume \"extension-configuration-hivemq-distributed-tracing-extension\" (UniqueName: \"kubernetes.io/configmap/d1acfa83-4c16-4cdd-bacc-6041361a91d3-extension-configuration-hivemq-distributed-tracing-extension\") pod \"d1acfa83-4c16-4cdd-bacc-6041361a91d3\" (UID: \"d1acfa83-4c16-4cdd-bacc-6041361a91d3\") "
2025-01-30 18:34:13,117 INFO c.h.h.t.HelmChartContainer - [POD] test-hivemq-platform-0 [d1acfa83-4c16-4cdd-bacc-6041361a91d3] in helmpodsecuritycontextupgradeextensionit was MODIFIED
2025-01-30 18:34:13,118 INFO c.h.h.t.HelmChartContainer - [K3S] [reconciler_common.go:162] "operationExecutor.UnmountVolume started for volume \"kube-api-access-9sk8z\" (UniqueName: \"kubernetes.io/projected/d1acfa83-4c16-4cdd-bacc-6041361a91d3-kube-api-access-9sk8z\") pod \"d1acfa83-4c16-4cdd-bacc-6041361a91d3\" (UID: \"d1acfa83-4c16-4cdd-bacc-6041361a91d3\") "
2025-01-30 18:34:13,119 INFO c.h.h.t.HelmChartContainer - [K3S] [reconciler_common.go:162] "operationExecutor.UnmountVolume started for volume \"pod-info\" (UniqueName: \"kubernetes.io/configmap/d1acfa83-4c16-4cdd-bacc-6041361a91d3-pod-info\") pod \"d1acfa83-4c16-4cdd-bacc-6041361a91d3\" (UID: \"d1acfa83-4c16-4cdd-bacc-6041361a91d3\") "
2025-01-30 18:34:13,119 INFO c.h.h.t.HelmChartContainer - [K3S] [reconciler_common.go:162] "operationExecutor.UnmountVolume started for volume \"operator-init\" (UniqueName: \"kubernetes.io/empty-dir/d1acfa83-4c16-4cdd-bacc-6041361a91d3-operator-init\") pod \"d1acfa83-4c16-4cdd-bacc-6041361a91d3\" (UID: \"d1acfa83-4c16-4cdd-bacc-6041361a91d3\") "
2025-01-30 18:34:13,215 INFO c.h.h.t.HelmChartContainer - [K3S] [reconciler_common.go:299] "Volume detached for volume \"broker-configuration\" (UniqueName: \"kubernetes.io/configmap/d1acfa83-4c16-4cdd-bacc-6041361a91d3-broker-configuration\") on node \"765eedb3b269\" DevicePath \"\""
2025-01-30 18:34:13,215 INFO c.h.h.t.HelmChartContainer - [K3S] [reconciler_common.go:299] "Volume detached for volume \"extension-configuration-hivemq-distributed-tracing-extension\" (UniqueName: \"kubernetes.io/configmap/d1acfa83-4c16-4cdd-bacc-6041361a91d3-extension-configuration-hivemq-distributed-tracing-extension\") on node \"765eedb3b269\" DevicePath \"\""
2025-01-30 18:34:13,215 INFO c.h.h.t.HelmChartContainer - [K3S] [reconciler_common.go:299] "Volume detached for volume \"kube-api-access-9sk8z\" (UniqueName: \"kubernetes.io/projected/d1acfa83-4c16-4cdd-bacc-6041361a91d3-kube-api-access-9sk8z\") on node \"765eedb3b269\" DevicePath \"\""
2025-01-30 18:34:13,215 INFO c.h.h.t.HelmChartContainer - [K3S] [reconciler_common.go:299] "Volume detached for volume \"pod-info\" (UniqueName: \"kubernetes.io/configmap/d1acfa83-4c16-4cdd-bacc-6041361a91d3-pod-info\") on node \"765eedb3b269\" DevicePath \"\""
2025-01-30 18:34:13,215 INFO c.h.h.t.HelmChartContainer - [K3S] [reconciler_common.go:299] "Volume detached for volume \"operator-init\" (UniqueName: \"kubernetes.io/empty-dir/d1acfa83-4c16-4cdd-bacc-6041361a91d3-operator-init\") on node \"765eedb3b269\" DevicePath \"\""
2025-01-30 18:34:13,864 INFO c.h.h.t.HelmChartContainer - [K3S] [scope.go:117] "RemoveContainer" containerID="69177af38d942eec58903eca719bd33423d2477451c0b35a60a4f8b73d82413e"
2025-01-30 18:34:13,881 INFO c.h.h.t.HelmChartContainer - [POD] test-hivemq-platform-0 [d1acfa83-4c16-4cdd-bacc-6041361a91d3] in helmpodsecuritycontextupgradeextensionit was MODIFIED
2025-01-30 18:34:13,882 INFO c.h.h.t.HelmChartContainer - [POD] test-hivemq-platform-0 [d1acfa83-4c16-4cdd-bacc-6041361a91d3] in helmpodsecuritycontextupgradeextensionit was DELETED
2025-01-30 18:34:13,964 INFO c.h.h.t.HelmChartContainer - [K3S] [scope.go:117] "RemoveContainer" containerID="4c890deb7e716c7636ab9fc68dd71b24dc06d676bd00e329cc2c58a17df5ef20"
2025-01-30 18:34:13,968 INFO c.h.h.t.HelmChartContainer - [K3S] [scope.go:117] "RemoveContainer" containerID="69177af38d942eec58903eca719bd33423d2477451c0b35a60a4f8b73d82413e"
2025-01-30 18:34:13,968 INFO c.h.h.t.HelmChartContainer - [K3S] [scope.go:117] "RemoveContainer" containerID="4c890deb7e716c7636ab9fc68dd71b24dc06d676bd00e329cc2c58a17df5ef20"
2025-01-30 18:34:14,322 INFO c.h.h.t.HelmChartContainer - [K3S] [kubelet_volumes.go:163] "Cleaned up orphaned pod volumes dir" podUID="d1acfa83-4c16-4cdd-bacc-6041361a91d3" path="/var/lib/kubelet/pods/d1acfa83-4c16-4cdd-bacc-6041361a91d3/volumes"
2025-01-30 18:34:17,459 INFO c.h.h.t.HelmChartContainer - Namespace 'helmpodsecuritycontextupgradeextensionit' deleted
2025-01-30 18:34:17,460 INFO c.h.h.t.HelmChartContainer - Release 'test-hivemq-platform' in namespace 'helmpodsecuritycontextupgradeextensionit' is uninstalled
2025-01-30 18:34:17,460 INFO c.h.h.t.HelmChartContainer - Uninstalling release 'test-hivemq-platform-operator' in namespace 'helmpodsecuritycontextupgradeextensionit-operator'...
2025-01-30 18:34:17,460 DEBUG c.h.h.t.HelmChartContainer - Executing helm command: /bin/helm --kubeconfig /etc/rancher/k3s/k3s.yaml uninstall test-hivemq-platform-operator  --wait --timeout 5m0s --cascade foreground --namespace helmpodsecuritycontextupgradeextensionit-operator
2025-01-30 18:34:17,641 INFO c.h.h.t.HelmChartContainer - [K3S] [replica_set.go:679] "Finished syncing" kind="ReplicaSet" key="helmpodsecuritycontextupgradeextensionit-operator/hivemq-test-hivemq-platform-operator-7ccc997bc4" duration="12.457105ms"
2025-01-30 18:34:17,642 INFO c.h.h.t.HelmChartContainer - [K3S] [replica_set.go:679] "Finished syncing" kind="ReplicaSet" key="helmpodsecuritycontextupgradeextensionit-operator/hivemq-test-hivemq-platform-operator-7ccc997bc4" duration="43.572µs"
2025-01-30 18:34:17,656 INFO c.h.h.t.HelmChartContainer - [POD] hivemq-test-hivemq-platform-operator-7ccc997bc4-7vck6 [e510a205-7cc4-4332-aa62-e741e86e6a24] in helmpodsecuritycontextupgradeextensionit-operator was MODIFIED
2025-01-30 18:34:17,669 INFO c.h.h.t.HelmChartContainer - [EVENT] Normal [Killing] Stopping container hivemq-platform-operator [helmpodsecuritycontextupgradeextensionit-operator:hivemq-test-hivemq-platform-operator-7ccc997bc4-7vck6]
2025-01-30 18:34:17,669 INFO c.h.h.t.HelmChartContainer - Received Killing event for container hivemq-platform-operator in pod hivemq-test-hivemq-platform-operator-7ccc997bc4-7vck6 [e510a205-7cc4-4332-aa62-e741e86e6a24]
2025-01-30 18:34:17,669 INFO c.h.h.t.HelmChartContainer - Container [hivemq-test-hivemq-platform-operator-7ccc997bc4-7vck6] [hivemq-platform-operator] [e510a205-7cc4-4332-aa62-e741e86e6a24] was terminated
2025-01-30 18:34:17,669 INFO c.h.h.t.HelmChartContainer - Stopped log watcher for hivemq-platform-operator in pod hivemq-test-hivemq-platform-operator-7ccc997bc4-7vck6 [e510a205-7cc4-4332-aa62-e741e86e6a24]
2025-01-30 18:34:17,669 INFO c.h.h.t.HelmChartContainer - [K3S] [replica_set.go:679] "Finished syncing" kind="ReplicaSet" key="helmpodsecuritycontextupgradeextensionit-operator/hivemq-test-hivemq-platform-operator-7ccc997bc4" duration="16.825078ms"
2025-01-30 18:34:17,669 INFO c.h.h.t.HelmChartContainer - [K3S] [replica_set.go:679] "Finished syncing" kind="ReplicaSet" key="helmpodsecuritycontextupgradeextensionit-operator/hivemq-test-hivemq-platform-operator-7ccc997bc4" duration="35.677µs"
2025-01-30 18:34:17,670 INFO c.h.h.t.HelmChartContainer - [hivemq-test-hivemq-platform] [hivemq-platform-operator] [e510a205] 18:34:17.666 [application-shutdown-thread] INFO  c.h.p.o.HiveMQPlatformOperatorApplication - HiveMQ Platform Operator is stopping...
2025-01-30 18:34:17,670 INFO c.h.h.t.HelmChartContainer - [hivemq-test-hivemq-platform] [hivemq-platform-operator] [e510a205] 18:34:17.666 [application-shutdown-thread] INFO  i.javaoperatorsdk.operator.Operator - Operator SDK 4.9.7 is shutting down...
2025-01-30 18:34:18,172 INFO c.h.h.t.HelmChartContainer - [K3S] [replica_set.go:679] "Finished syncing" kind="ReplicaSet" key="helmpodsecuritycontextupgradeextensionit-operator/hivemq-test-hivemq-platform-operator-7ccc997bc4" duration="62.437µs"
2025-01-30 18:34:18,173 INFO c.h.h.t.HelmChartContainer - [POD] hivemq-test-hivemq-platform-operator-7ccc997bc4-7vck6 [e510a205-7cc4-4332-aa62-e741e86e6a24] in helmpodsecuritycontextupgradeextensionit-operator was MODIFIED
2025-01-30 18:34:18,250 INFO c.h.h.t.HelmChartContainer - [K3S] [reconciler_common.go:162] "operationExecutor.UnmountVolume started for volume \"kube-api-access-c9kgr\" (UniqueName: \"kubernetes.io/projected/e510a205-7cc4-4332-aa62-e741e86e6a24-kube-api-access-c9kgr\") pod \"e510a205-7cc4-4332-aa62-e741e86e6a24\" (UID: \"e510a205-7cc4-4332-aa62-e741e86e6a24\") "
2025-01-30 18:34:18,351 INFO c.h.h.t.HelmChartContainer - [K3S] [reconciler_common.go:299] "Volume detached for volume \"kube-api-access-c9kgr\" (UniqueName: \"kubernetes.io/projected/e510a205-7cc4-4332-aa62-e741e86e6a24-kube-api-access-c9kgr\") on node \"765eedb3b269\" DevicePath \"\""
2025-01-30 18:34:18,872 INFO c.h.h.t.HelmChartContainer - [K3S] [scope.go:117] "RemoveContainer" containerID="46feee158127fc1dec06a97a36506cd59fe1f11cd8ae1836e92923b603fd0d3e"
2025-01-30 18:34:18,876 INFO c.h.h.t.HelmChartContainer - [K3S] [scope.go:117] "RemoveContainer" containerID="46feee158127fc1dec06a97a36506cd59fe1f11cd8ae1836e92923b603fd0d3e"
2025-01-30 18:34:18,882 INFO c.h.h.t.HelmChartContainer - [K3S] [replica_set.go:679] "Finished syncing" kind="ReplicaSet" key="helmpodsecuritycontextupgradeextensionit-operator/hivemq-test-hivemq-platform-operator-7ccc997bc4" duration="45.566µs"
2025-01-30 18:34:18,883 INFO c.h.h.t.HelmChartContainer - [POD] hivemq-test-hivemq-platform-operator-7ccc997bc4-7vck6 [e510a205-7cc4-4332-aa62-e741e86e6a24] in helmpodsecuritycontextupgradeextensionit-operator was MODIFIED
2025-01-30 18:34:18,886 INFO c.h.h.t.HelmChartContainer - [POD] hivemq-test-hivemq-platform-operator-7ccc997bc4-7vck6 [e510a205-7cc4-4332-aa62-e741e86e6a24] in helmpodsecuritycontextupgradeextensionit-operator was DELETED
2025-01-30 18:34:18,887 INFO c.h.h.t.HelmChartContainer - [K3S] [replica_set.go:679] "Finished syncing" kind="ReplicaSet" key="helmpodsecuritycontextupgradeextensionit-operator/hivemq-test-hivemq-platform-operator-7ccc997bc4" duration="34.765µs"
2025-01-30 18:34:18,896 INFO c.h.h.t.HelmChartContainer - [K3S] [replica_set.go:679] "Finished syncing" kind="ReplicaSet" key="helmpodsecuritycontextupgradeextensionit-operator/hivemq-test-hivemq-platform-operator-7ccc997bc4" duration="7.144µs"
2025-01-30 18:34:19,682 INFO c.h.h.t.HelmChartContainer - Deleting namespace 'helmpodsecuritycontextupgradeextensionit-operator'...
2025-01-30 18:34:20,322 INFO c.h.h.t.HelmChartContainer - [K3S] [kubelet_volumes.go:163] "Cleaned up orphaned pod volumes dir" podUID="e510a205-7cc4-4332-aa62-e741e86e6a24" path="/var/lib/kubelet/pods/e510a205-7cc4-4332-aa62-e741e86e6a24/volumes"
2025-01-30 18:34:22,400 INFO c.h.h.t.HelmChartContainer - [K3S] [namespace_controller.go:187] "Namespace has been deleted" namespace="helmpodsecuritycontextupgradeextensionit"
2025-01-30 18:34:24,900 INFO c.h.h.t.HelmChartContainer - Namespace 'helmpodsecuritycontextupgradeextensionit-operator' deleted
2025-01-30 18:34:24,900 INFO c.h.h.t.HelmChartContainer - Release 'test-hivemq-platform-operator' in namespace 'helmpodsecuritycontextupgradeextensionit-operator' is uninstalled
2025-01-30 18:34:25,669 INFO c.h.helmcharts.AbstractHelmChartIT - Removed unused containers:

2025-01-30 18:34:29,805 INFO c.h.h.t.HelmChartContainer - [K3S] [namespace_controller.go:187] "Namespace has been deleted" namespace="helmpodsecuritycontextupgradeextensionit-operator"
2025-01-30 18:34:33,625 INFO c.h.helmcharts.AbstractHelmChartIT - Removed unused snapshots:
Removing snapshot sha256:03af251906410714c5aef9fa705b63f6bbc39c4a5e787de7361eeb18886c2ed2
Removing snapshot sha256:0c46b3b43cce082ce5ec34ffc6c294e0417d17b9d1e6f366d114b6aadc4f96dc
Removing snapshot sha256:0ce761beee59082d6ed5bcebd3a805b8ddd9b3426b617e4809e7fb7c6587ffec
Removing snapshot sha256:0df91287303208332c8ff6ba40ae4710105201739addbfbddfb955f1ad593664
Removing snapshot sha256:1021ef88c7974bfff89c5a0ec4fd3160daac6c48a075f74cff721f85dd104e68
Removing snapshot sha256:10aba4953ddc18145dd38e3704709bc464aa20af60b56fe52caaff4b68411e62
Removing snapshot sha256:2573e0d8158209ed54ab25c87bcdcb00bd3d2539246960a3d592a1c599d70465
Removing snapshot sha256:362a8a37f8bbc31925a8146adcf7cf51f9882f5c1dcbef67c5baa03a297543c0
Removing snapshot sha256:3fa4ad33f0ddc8fd45b39b6b4640f82a3a83619606cd975bfe89d8710ad2d4cd
Removing snapshot sha256:43a7c979bbaba6838bc3102d6b10a1459f3ab050b87ccdfef84ef90cf43d3058
Removing snapshot sha256:4ab04491cdf0d3267f08206fe30bd48f49f94b9cab2f016d6739220f722a64af
Removing snapshot sha256:4b6068250e89c96f263060261819c7d912855bfbd64b3eb4c4a8483299b8c295
Removing snapshot sha256:580e69a0a8034ede1921139bbd2bfb72a69ebf276d008281896c32dd8bf74775
Removing snapshot sha256:5d30ba46b27fe37484567ccc5242cadc78217b8da605f3f195ef25cbf7487904
Removing snapshot sha256:63ca1fbb43ae5034640e5e6cb3e083e05c290072c5366fcaa9d62435a4cced85
Removing snapshot sha256:67f702c6baae873bceb19487c8b1f27bd2b86077e4f2f0e480e6d60ab508b8f5
Removing snapshot sha256:6864348dd42806d552efdec384f1274be15e2d0c10ce44c1f04347af004c10a9
Removing snapshot sha256:6c7dee8f2c39b84b7dc2711c01d33de93514d9055499173e9290176fbe484b6c
Removing snapshot sha256:82753493a6d61ded36556292f02f31841a14c20d2f279f19eaad65afb661d5cd
Removing snapshot sha256:8a10d3db42c505ee0fcfa98417bdd7e39b304f6bcc0a06bb1b220797ff2cc63c
Removing snapshot sha256:a0904247e36a7726c03c71ee48f3e64462021c88dafeb13f37fdaf613b27f11c
Removing snapshot sha256:a21e5b12dbac529ad45d976eb9ce45c881f3bedcc500fb30aba1e52aa1813418
Removing snapshot sha256:b921e6c28969094157f9b8e7244677780319637afd14450b7cb6b2fdea558a0c
Removing snapshot sha256:bc27ecb5769a00e309cf99ebc763c4a4b958b618d1decc96ffac5bc05f02f5b7
Removing snapshot sha256:be3ccb6627a5332e309d45ef461d09b4879dd870c7394d89323d0ebc6ca6aa8a
Removing snapshot sha256:c261f7cbbc64211ee175ee47273acdb7b1a36a4450b397a064a8f2c026490095
Removing snapshot sha256:c34d9393647eea0c9e3557ab988efaf59f61d10a2a5613b439ef0958cca5ec10
Removing snapshot sha256:cbf594dc1c65dd5847cd90fa9c6b444cfcf578a93f789d47ba3ef7f7aafa816a
Removing snapshot sha256:ccf3c4a0fa967a41c1c83497a2ce6fa5787965859df0adb32c4ca2cf7490bc2b
Removing snapshot sha256:cf92d33f869417309692088c341cd0f223c178ea78a125f757317b22aa8f90e9
Removing snapshot sha256:d0037344cf2fb078884f1849f6a1f8cf9a33a3b6139b6a85833e5ee528e1f9a8
Removing snapshot sha256:d3b36d5b79273b1e98e7700470eaeff05a882e777124d84cebcc1505b85ecb36
Removing snapshot sha256:d65a44a37914602d12c611e5e22a50f11451d847e63015cc1c2aef92dee777a4
Removing snapshot sha256:d9289052bea348f4a7e5692e2b2909366aa73342d9e40f954179c00acfad0e28
Removing snapshot sha256:e2dc0bae2455930f23ae570e019b7f32edc75c0f2d71cab084db837ff9051796
Removing snapshot sha256:eccbd24a99c60cd9e86ee5305dbfc4a4dc89f5ab4fb1f06c8d64797cecedef34
Removing snapshot sha256:f144bb4c7c7f0d2aa7eeffd36d934ec40db1ee167be727e326aad9fdc616f475

]]></system-out>
  </testcase>
  <system-out><![CDATA[2025-01-30 18:27:40,119 INFO c.h.h.t.HelmChartContainerExtension - Using cached HelmChartContainer instance
2025-01-30 18:27:40,124 INFO c.h.h.t.HelmChartContainerExtension - Creating cached HelmChartContainer instance
2025-01-30 18:27:40,141 INFO o.testcontainers.DockerClientFactory - Testcontainers version: 1.20.4
2025-01-30 18:27:40,566 INFO o.t.d.DockerClientProviderStrategy - Found Docker environment with local Unix socket (unix:///var/run/docker.sock)
2025-01-30 18:27:40,573 INFO o.testcontainers.DockerClientFactory - Docker host IP address is localhost
2025-01-30 18:27:40,590 INFO o.testcontainers.DockerClientFactory - Connected to docker: 
  Server Version: 26.1.3
  API Version: 1.45
  Operating System: Ubuntu 24.04.1 LTS
  Total Memory: 15990 MB
2025-01-30 18:27:40,596 INFO o.testcontainers.images.PullPolicy - Image pull policy will be performed by: DefaultPullPolicy()
2025-01-30 18:27:40,598 INFO o.t.utility.ImageNameSubstitutor - Image name substitution will be performed by: DefaultImageNameSubstitutor (composite of 'ConfigurationFileImageNameSubstitutor' and 'PrefixingImageNameSubstitutor')
2025-01-30 18:27:40,622 INFO tc.testcontainers/ryuk:0.11.0 - Pulling docker image: testcontainers/ryuk:0.11.0. Please be patient; this may take some time but only needs to be done once.
2025-01-30 18:27:41,681 INFO tc.testcontainers/ryuk:0.11.0 - Starting to pull image
2025-01-30 18:27:41,701 INFO tc.testcontainers/ryuk:0.11.0 - Pulling image layers:  0 pending,  0 downloaded,  0 extracted, (0 bytes/0 bytes)
2025-01-30 18:27:42,227 INFO tc.testcontainers/ryuk:0.11.0 - Pulling image layers:  2 pending,  1 downloaded,  0 extracted, (45 KB/? MB)
2025-01-30 18:27:42,285 INFO tc.testcontainers/ryuk:0.11.0 - Pulling image layers:  1 pending,  2 downloaded,  0 extracted, (116 KB/? MB)
2025-01-30 18:27:42,320 INFO tc.testcontainers/ryuk:0.11.0 - Pulling image layers:  0 pending,  3 downloaded,  0 extracted, (116 KB/10 MB)
2025-01-30 18:27:42,419 INFO tc.testcontainers/ryuk:0.11.0 - Pulling image layers:  0 pending,  3 downloaded,  1 extracted, (3 MB/10 MB)
2025-01-30 18:27:42,561 INFO tc.testcontainers/ryuk:0.11.0 - Pulling image layers:  0 pending,  3 downloaded,  2 extracted, (4 MB/10 MB)
2025-01-30 18:27:42,605 INFO tc.testcontainers/ryuk:0.11.0 - Pulling image layers:  0 pending,  3 downloaded,  3 extracted, (10 MB/10 MB)
2025-01-30 18:27:42,611 INFO tc.testcontainers/ryuk:0.11.0 - Image testcontainers/ryuk:0.11.0 pull took PT1.989018223S
2025-01-30 18:27:42,630 INFO tc.testcontainers/ryuk:0.11.0 - Creating container for image: testcontainers/ryuk:0.11.0
2025-01-30 18:27:42,688 INFO tc.testcontainers/ryuk:0.11.0 - Container testcontainers/ryuk:0.11.0 is starting: a59b8a1eb780cb8b5b1aad8503beb7886e5bb035d8971f9981def7b904d6a16e
2025-01-30 18:27:42,953 INFO tc.testcontainers/ryuk:0.11.0 - Container testcontainers/ryuk:0.11.0 started in PT0.323458505S
2025-01-30 18:27:42,957 INFO o.t.utility.RyukResourceReaper - Ryuk started - will monitor and terminate Testcontainers containers on JVM exit
2025-01-30 18:27:42,957 INFO o.testcontainers.DockerClientFactory - Checking the system...
2025-01-30 18:27:42,958 INFO o.testcontainers.DockerClientFactory - ✔︎ Docker server version should be at least 1.6.0
2025-01-30 18:27:43,034 INFO o.t.i.builder.ImageFromDockerfile - Pre-emptively checking local images for 'ubuntu:noble-20241118.1@sha256:80dd3c3b9c6cecb9f1667e9290b3bc61b78c2678c02cbdae5f0fea92cc6734ab', referenced via a Dockerfile. If not available, it will be pulled.
2025-01-30 18:27:43,037 INFO t.u.1@sha256:80dd3c... - Pulling docker image: ubuntu:noble-20241118.1@sha256:80dd3c3b9c6cecb9f1667e9290b3bc61b78c2678c02cbdae5f0fea92cc6734ab. Please be patient; this may take some time but only needs to be done once.
2025-01-30 18:27:43,812 INFO t.u.1@sha256:80dd3c... - Starting to pull image
2025-01-30 18:27:43,813 INFO t.u.1@sha256:80dd3c... - Pulling image layers:  0 pending,  0 downloaded,  0 extracted, (0 bytes/0 bytes)
2025-01-30 18:27:44,594 INFO t.u.1@sha256:80dd3c... - Pulling image layers:  0 pending,  1 downloaded,  0 extracted, (27 MB/28 MB)
2025-01-30 18:27:45,517 INFO t.u.1@sha256:80dd3c... - Pulling image layers:  0 pending,  1 downloaded,  1 extracted, (28 MB/28 MB)
2025-01-30 18:27:45,523 INFO t.u.1@sha256:80dd3c... - Pull complete. 1 layers, pulled in 1s (downloaded 28 MB at 28 MB/s)
2025-01-30 18:27:45,523 INFO t.u.1@sha256:80dd3c... - Image ubuntu:noble-20241118.1@sha256:80dd3c3b9c6cecb9f1667e9290b3bc61b78c2678c02cbdae5f0fea92cc6734ab pull took PT2.485269968S
2025-01-30 18:27:45,525 INFO o.t.i.builder.ImageFromDockerfile - Pre-emptively checking local images for 'rancher/k3s:v1.32.1-k3s1', referenced via a Dockerfile. If not available, it will be pulled.
2025-01-30 18:27:45,526 INFO tc.rancher/k3s:v1.32.1-k3s1 - Pulling docker image: rancher/k3s:v1.32.1-k3s1. Please be patient; this may take some time but only needs to be done once.
2025-01-30 18:27:46,591 INFO tc.rancher/k3s:v1.32.1-k3s1 - Starting to pull image
2025-01-30 18:27:46,592 INFO tc.rancher/k3s:v1.32.1-k3s1 - Pulling image layers:  0 pending,  0 downloaded,  0 extracted, (0 bytes/0 bytes)
2025-01-30 18:27:47,921 INFO tc.rancher/k3s:v1.32.1-k3s1 - Pulling image layers:  0 pending,  1 downloaded,  0 extracted, (68 MB/71 MB)
2025-01-30 18:27:48,965 INFO tc.rancher/k3s:v1.32.1-k3s1 - Pulling image layers:  0 pending,  1 downloaded,  1 extracted, (71 MB/71 MB)
2025-01-30 18:27:48,971 INFO tc.rancher/k3s:v1.32.1-k3s1 - Pull complete. 1 layers, pulled in 2s (downloaded 71 MB at 35 MB/s)
2025-01-30 18:27:48,971 INFO tc.rancher/k3s:v1.32.1-k3s1 - Image rancher/k3s:v1.32.1-k3s1 pull took PT3.444984624S
2025-01-30 18:27:48,977 INFO o.t.i.builder.ImageFromDockerfile - Transferred 0 bytes to Docker daemon
2025-01-30 18:28:05,018 INFO c.h.h.t.HelmChartContainer - Starting HelmChartContainer...
2025-01-30 18:28:05,021 INFO t.localhost/testcontainers/bhahau33mktezcqw:latest - Creating container for image: localhost/testcontainers/bhahau33mktezcqw:latest
2025-01-30 18:28:05,088 INFO tc.alpine:3.17 - Pulling docker image: alpine:3.17. Please be patient; this may take some time but only needs to be done once.
2025-01-30 18:28:06,131 INFO tc.alpine:3.17 - Starting to pull image
2025-01-30 18:28:06,132 INFO tc.alpine:3.17 - Pulling image layers:  0 pending,  0 downloaded,  0 extracted, (0 bytes/0 bytes)
2025-01-30 18:28:06,685 INFO tc.alpine:3.17 - Pulling image layers:  0 pending,  1 downloaded,  0 extracted, (33 KB/3 MB)
2025-01-30 18:28:06,779 INFO tc.alpine:3.17 - Pulling image layers:  0 pending,  1 downloaded,  1 extracted, (3 MB/3 MB)
2025-01-30 18:28:06,785 INFO tc.alpine:3.17 - Image alpine:3.17 pull took PT1.696326433S
2025-01-30 18:28:07,325 INFO t.localhost/testcontainers/bhahau33mktezcqw:latest - Container localhost/testcontainers/bhahau33mktezcqw:latest is starting: 765eedb3b269ee99a475759e8c49015522b2291fbbb5a551d59092be1a70f71a
2025-01-30 18:28:07,674 INFO c.h.h.t.HelmChartContainer - [K3S] [INFO] Starting k3s v1.32.1+k3s1 (6a322f12)
2025-01-30 18:28:07,677 INFO c.h.h.t.HelmChartContainer - [K3S] [INFO] Configuring sqlite3 database connection pooling: maxIdleConns=2, maxOpenConns=0, connMaxLifetime=0s
2025-01-30 18:28:07,677 INFO c.h.h.t.HelmChartContainer - [K3S] [INFO] Configuring database table schema and indexes, this may take a moment...
2025-01-30 18:28:07,680 INFO c.h.h.t.HelmChartContainer - [K3S] [INFO] Database tables and indexes are up to date
2025-01-30 18:28:07,683 INFO c.h.h.t.HelmChartContainer - [K3S] [INFO] Kine available at unix://kine.sock
2025-01-30 18:28:07,841 INFO c.h.h.t.HelmChartContainer - [K3S] [INFO] Saving cluster bootstrap data to datastore
2025-01-30 18:28:07,843 INFO c.h.h.t.HelmChartContainer - [K3S] [WARNING] dynamiclistener [::]:6443: no cached certificate available for preload - deferring certificate load until storage initialization or first client request
2025-01-30 18:28:07,844 INFO c.h.h.t.HelmChartContainer - [K3S] [INFO] Active TLS secret / (ver=) (count 10): map[listener.cattle.io/cn-10.43.0.1:10.43.0.1 listener.cattle.io/cn-127.0.0.1:127.0.0.1 listener.cattle.io/cn-172.18.0.2:172.18.0.2 listener.cattle.io/cn-765eedb3b269:765eedb3b269 listener.cattle.io/cn-__1-f16284:::1 listener.cattle.io/cn-kubernetes:kubernetes listener.cattle.io/cn-kubernetes.default:kubernetes.default listener.cattle.io/cn-kubernetes.default.svc:kubernetes.default.svc listener.cattle.io/cn-kubernetes.default.svc.cluster.local:kubernetes.default.svc.cluster.local listener.cattle.io/cn-localhost:localhost listener.cattle.io/fingerprint:SHA1=B3F023AA4CF5864B154B37AF713D8C4ACB6C639A]
2025-01-30 18:28:08,003 INFO c.h.h.t.HelmChartContainer - [K3S] [INFO] Running kube-apiserver --advertise-port=6443 --allow-privileged=true --anonymous-auth=false --api-audiences=https://kubernetes.default.svc.cluster.local,k3s --authorization-mode=Node,RBAC --bind-address=127.0.0.1 --cert-dir=/var/lib/rancher/k3s/server/tls/temporary-certs --client-ca-file=/var/lib/rancher/k3s/server/tls/client-ca.crt --egress-selector-config-file=/var/lib/rancher/k3s/server/etc/egress-selector-config.yaml --enable-admission-plugins=NodeRestriction --enable-aggregator-routing=true --enable-bootstrap-token-auth=true --etcd-compaction-interval=0s --etcd-servers=unix://kine.sock --kubelet-certificate-authority=/var/lib/rancher/k3s/server/tls/server-ca.crt --kubelet-client-certificate=/var/lib/rancher/k3s/server/tls/client-kube-apiserver.crt --kubelet-client-key=/var/lib/rancher/k3s/server/tls/client-kube-apiserver.key --kubelet-preferred-address-types=InternalIP,ExternalIP,Hostname --profiling=false --proxy-client-cert-file=/var/lib/rancher/k3s/server/tls/client-auth-proxy.crt --proxy-client-key-file=/var/lib/rancher/k3s/server/tls/client-auth-proxy.key --requestheader-allowed-names=system:auth-proxy --requestheader-client-ca-file=/var/lib/rancher/k3s/server/tls/request-header-ca.crt --requestheader-extra-headers-prefix=X-Remote-Extra- --requestheader-group-headers=X-Remote-Group --requestheader-username-headers=X-Remote-User --secure-port=6444 --service-account-issuer=https://kubernetes.default.svc.cluster.local --service-account-key-file=/var/lib/rancher/k3s/server/tls/service.key --service-account-signing-key-file=/var/lib/rancher/k3s/server/tls/service.current.key --service-cluster-ip-range=10.43.0.0/16 --service-node-port-range=30000-32767 --storage-backend=etcd3 --tls-cert-file=/var/lib/rancher/k3s/server/tls/serving-kube-apiserver.crt --tls-cipher-suites=TLS_ECDHE_ECDSA_WITH_AES_256_GCM_SHA384,TLS_ECDHE_RSA_WITH_AES_256_GCM_SHA384,TLS_ECDHE_ECDSA_WITH_AES_128_GCM_SHA256,TLS_ECDHE_RSA_WITH_AES_128_GCM_SHA256,TLS_ECDHE_ECDSA_WITH_CHACHA20_POLY1305,TLS_ECDHE_RSA_WITH_CHACHA20_POLY1305 --tls-private-key-file=/var/lib/rancher/k3s/server/tls/serving-kube-apiserver.key
2025-01-30 18:28:08,004 INFO c.h.h.t.HelmChartContainer - [K3S] [INFO] Running kube-scheduler --authentication-kubeconfig=/var/lib/rancher/k3s/server/cred/scheduler.kubeconfig --authorization-kubeconfig=/var/lib/rancher/k3s/server/cred/scheduler.kubeconfig --bind-address=127.0.0.1 --kubeconfig=/var/lib/rancher/k3s/server/cred/scheduler.kubeconfig --leader-elect=false --profiling=false --secure-port=10259
2025-01-30 18:28:08,004 INFO c.h.h.t.HelmChartContainer - [K3S] [INFO] Waiting for API server to become available
2025-01-30 18:28:08,006 INFO c.h.h.t.HelmChartContainer - [K3S] [registry.go:256] calling componentGlobalsRegistry.AddFlags more than once, the registry will be set by the latest flags
2025-01-30 18:28:08,007 INFO c.h.h.t.HelmChartContainer - [K3S] [INFO] Running kube-controller-manager --allocate-node-cidrs=true --authentication-kubeconfig=/var/lib/rancher/k3s/server/cred/controller.kubeconfig --authorization-kubeconfig=/var/lib/rancher/k3s/server/cred/controller.kubeconfig --bind-address=127.0.0.1 --cluster-cidr=10.42.0.0/16 --cluster-signing-kube-apiserver-client-cert-file=/var/lib/rancher/k3s/server/tls/client-ca.nochain.crt --cluster-signing-kube-apiserver-client-key-file=/var/lib/rancher/k3s/server/tls/client-ca.key --cluster-signing-kubelet-client-cert-file=/var/lib/rancher/k3s/server/tls/client-ca.nochain.crt --cluster-signing-kubelet-client-key-file=/var/lib/rancher/k3s/server/tls/client-ca.key --cluster-signing-kubelet-serving-cert-file=/var/lib/rancher/k3s/server/tls/server-ca.nochain.crt --cluster-signing-kubelet-serving-key-file=/var/lib/rancher/k3s/server/tls/server-ca.key --cluster-signing-legacy-unknown-cert-file=/var/lib/rancher/k3s/server/tls/server-ca.nochain.crt --cluster-signing-legacy-unknown-key-file=/var/lib/rancher/k3s/server/tls/server-ca.key --configure-cloud-routes=false --controllers=*,tokencleaner,-service,-route,-cloud-node-lifecycle --kubeconfig=/var/lib/rancher/k3s/server/cred/controller.kubeconfig --leader-elect=false --profiling=false --root-ca-file=/var/lib/rancher/k3s/server/tls/server-ca.crt --secure-port=10257 --service-account-private-key-file=/var/lib/rancher/k3s/server/tls/service.current.key --service-cluster-ip-range=10.43.0.0/16 --use-service-account-credentials=true
2025-01-30 18:28:08,008 INFO c.h.h.t.HelmChartContainer - [K3S] [options.go:299] unable to set WatchListClient feature gate, err: cannot override default for feature "WatchListClient": gates already added to a flag set
2025-01-30 18:28:08,008 INFO c.h.h.t.HelmChartContainer - [K3S] [registry.go:256] calling componentGlobalsRegistry.AddFlags more than once, the registry will be set by the latest flags
2025-01-30 18:28:08,008 INFO c.h.h.t.HelmChartContainer - [K3S] [INFO] Running cloud-controller-manager --allocate-node-cidrs=true --authentication-kubeconfig=/var/lib/rancher/k3s/server/cred/cloud-controller.kubeconfig --authorization-kubeconfig=/var/lib/rancher/k3s/server/cred/cloud-controller.kubeconfig --bind-address=127.0.0.1 --cloud-config=/var/lib/rancher/k3s/server/etc/cloud-config.yaml --cloud-provider=k3s --cluster-cidr=10.42.0.0/16 --configure-cloud-routes=false --controllers=*,-route --kubeconfig=/var/lib/rancher/k3s/server/cred/cloud-controller.kubeconfig --leader-elect=false --leader-elect-resource-name=k3s-cloud-controller-manager --node-status-update-frequency=1m0s --profiling=false
2025-01-30 18:28:08,008 INFO c.h.h.t.HelmChartContainer - [K3S] [registry.go:256] calling componentGlobalsRegistry.AddFlags more than once, the registry will be set by the latest flags
2025-01-30 18:28:08,009 INFO c.h.h.t.HelmChartContainer - [K3S] [INFO] Server node token is available at /var/lib/rancher/k3s/server/token
2025-01-30 18:28:08,009 INFO c.h.h.t.HelmChartContainer - [K3S] [INFO] To join server node to cluster: k3s server -s https://172.18.0.2:6443 -t ${SERVER_NODE_TOKEN}
2025-01-30 18:28:08,021 INFO c.h.h.t.HelmChartContainer - [K3S] [INFO] Agent node token is available at /var/lib/rancher/k3s/server/agent-token
2025-01-30 18:28:08,021 INFO c.h.h.t.HelmChartContainer - [K3S] [INFO] To join agent node to cluster: k3s agent -s https://172.18.0.2:6443 -t ${AGENT_NODE_TOKEN}
2025-01-30 18:28:08,021 INFO c.h.h.t.HelmChartContainer - [K3S] [options.go:238] external host was not specified, using 172.18.0.2
2025-01-30 18:28:08,022 INFO c.h.h.t.HelmChartContainer - [K3S] [INFO] Wrote kubeconfig /etc/rancher/k3s/k3s.yaml
2025-01-30 18:28:08,022 INFO c.h.h.t.HelmChartContainer - [K3S] [INFO] Run: k3s kubectl
2025-01-30 18:28:08,023 INFO c.h.h.t.HelmChartContainer - [K3S] [server.go:151] Version: v1.32.1+k3s1
2025-01-30 18:28:08,023 INFO c.h.h.t.HelmChartContainer - [K3S] [server.go:153] "Golang settings" GOGC="" GOMAXPROCS="" GOTRACEBACK=""
2025-01-30 18:28:08,307 INFO c.h.h.t.HelmChartContainer - [K3S] [plugins.go:157] Loaded 13 mutating admission controller(s) successfully in the following order: NamespaceLifecycle,LimitRanger,ServiceAccount,NodeRestriction,TaintNodesByCondition,Priority,DefaultTolerationSeconds,DefaultStorageClass,StorageObjectInUseProtection,RuntimeClass,DefaultIngressClass,MutatingAdmissionPolicy,MutatingAdmissionWebhook.
2025-01-30 18:28:08,308 INFO c.h.h.t.HelmChartContainer - [K3S] [plugins.go:160] Loaded 13 validating admission controller(s) successfully in the following order: LimitRanger,ServiceAccount,PodSecurity,Priority,PersistentVolumeClaimResize,RuntimeClass,CertificateApproval,CertificateSigning,ClusterTrustBundleAttest,CertificateSubjectRestriction,ValidatingAdmissionPolicy,ValidatingAdmissionWebhook,ResourceQuota.
2025-01-30 18:28:08,308 INFO c.h.h.t.HelmChartContainer - [K3S] [instance.go:233] Using reconciler: lease
2025-01-30 18:28:08,375 INFO c.h.h.t.HelmChartContainer - [K3S] [apis.go:106] API group "internal.apiserver.k8s.io" is not enabled, skipping.
2025-01-30 18:28:08,424 INFO c.h.h.t.HelmChartContainer - [K3S] [apis.go:106] API group "storagemigration.k8s.io" is not enabled, skipping.
2025-01-30 18:28:08,461 INFO c.h.h.t.HelmChartContainer - [K3S] [apis.go:106] API group "resource.k8s.io" is not enabled, skipping.
2025-01-30 18:28:08,664 INFO c.h.h.t.HelmChartContainer - [K3S] [INFO] Password verified locally for node 765eedb3b269
2025-01-30 18:28:08,782 INFO c.h.h.t.HelmChartContainer - [K3S] [dynamic_cafile_content.go:161] "Starting controller" name="request-header::/var/lib/rancher/k3s/server/tls/request-header-ca.crt"
2025-01-30 18:28:08,783 INFO c.h.h.t.HelmChartContainer - [K3S] [dynamic_cafile_content.go:161] "Starting controller" name="client-ca-bundle::/var/lib/rancher/k3s/server/tls/client-ca.crt"
2025-01-30 18:28:08,783 INFO c.h.h.t.HelmChartContainer - [K3S] [secure_serving.go:213] Serving securely on 127.0.0.1:6444
2025-01-30 18:28:08,783 INFO c.h.h.t.HelmChartContainer - [K3S] [tlsconfig.go:243] "Starting DynamicServingCertificateController"
2025-01-30 18:28:08,783 INFO c.h.h.t.HelmChartContainer - [K3S] [controller.go:80] Starting OpenAPI V3 AggregationController
2025-01-30 18:28:08,783 INFO c.h.h.t.HelmChartContainer - [K3S] [system_namespaces_controller.go:66] Starting system namespaces controller
2025-01-30 18:28:08,790 INFO c.h.h.t.HelmChartContainer - [K3S] [apiservice_controller.go:100] Starting APIServiceRegistrationController
2025-01-30 18:28:08,791 INFO c.h.h.t.HelmChartContainer - [K3S] [controller.go:78] Starting OpenAPI AggregationController
2025-01-30 18:28:08,791 INFO c.h.h.t.HelmChartContainer - [K3S] [dynamic_serving_content.go:135] "Starting controller" name="aggregator-proxy-cert::/var/lib/rancher/k3s/server/tls/client-auth-proxy.crt::/var/lib/rancher/k3s/server/tls/client-auth-proxy.key"
2025-01-30 18:28:08,791 INFO c.h.h.t.HelmChartContainer - [K3S] [customresource_discovery_controller.go:292] Starting DiscoveryController
2025-01-30 18:28:08,791 INFO c.h.h.t.HelmChartContainer - [K3S] [dynamic_cafile_content.go:161] "Starting controller" name="client-ca-bundle::/var/lib/rancher/k3s/server/tls/client-ca.crt"
2025-01-30 18:28:08,792 INFO c.h.h.t.HelmChartContainer - [K3S] [dynamic_cafile_content.go:161] "Starting controller" name="request-header::/var/lib/rancher/k3s/server/tls/request-header-ca.crt"
2025-01-30 18:28:08,793 INFO c.h.h.t.HelmChartContainer - [K3S] [dynamic_serving_content.go:135] "Starting controller" name="serving-cert::/var/lib/rancher/k3s/server/tls/serving-kube-apiserver.crt::/var/lib/rancher/k3s/server/tls/serving-kube-apiserver.key"
2025-01-30 18:28:08,793 INFO c.h.h.t.HelmChartContainer - [K3S] [local_available_controller.go:156] Starting LocalAvailability controller
2025-01-30 18:28:08,793 INFO c.h.h.t.HelmChartContainer - [K3S] [remote_available_controller.go:411] Starting RemoteAvailability controller
2025-01-30 18:28:08,793 INFO c.h.h.t.HelmChartContainer - [K3S] [cluster_authentication_trust_controller.go:462] Starting cluster_authentication_trust_controller controller
2025-01-30 18:28:08,793 INFO c.h.h.t.HelmChartContainer - [K3S] [apf_controller.go:377] Starting API Priority and Fairness config controller
2025-01-30 18:28:08,793 INFO c.h.h.t.HelmChartContainer - [K3S] [aggregator.go:169] waiting for initial CRD sync...
2025-01-30 18:28:08,793 INFO c.h.h.t.HelmChartContainer - [K3S] [gc_controller.go:78] Starting apiserver lease garbage collector
2025-01-30 18:28:08,793 INFO c.h.h.t.HelmChartContainer - [K3S] [controller.go:119] Starting legacy_token_tracking_controller
2025-01-30 18:28:08,794 INFO c.h.h.t.HelmChartContainer - [K3S] [controller.go:142] Starting OpenAPI controller
2025-01-30 18:28:08,794 INFO c.h.h.t.HelmChartContainer - [K3S] [controller.go:90] Starting OpenAPI V3 controller
2025-01-30 18:28:08,794 INFO c.h.h.t.HelmChartContainer - [K3S] [naming_controller.go:294] Starting NamingConditionController
2025-01-30 18:28:08,795 INFO c.h.h.t.HelmChartContainer - [K3S] [establishing_controller.go:81] Starting EstablishingController
2025-01-30 18:28:08,795 INFO c.h.h.t.HelmChartContainer - [K3S] [nonstructuralschema_controller.go:195] Starting NonStructuralSchemaConditionController
2025-01-30 18:28:08,796 INFO c.h.h.t.HelmChartContainer - [K3S] [apiapproval_controller.go:189] Starting KubernetesAPIApprovalPolicyConformantConditionController
2025-01-30 18:28:08,796 INFO c.h.h.t.HelmChartContainer - [K3S] [crd_finalizer.go:269] Starting CRDFinalizer
2025-01-30 18:28:08,796 INFO c.h.h.t.HelmChartContainer - [K3S] [crdregistration_controller.go:114] Starting crd-autoregister controller
2025-01-30 18:28:08,885 INFO c.h.h.t.HelmChartContainer - [K3S] [handler_discovery.go:451] Starting ResourceDiscoveryManager
2025-01-30 18:28:08,885 INFO c.h.h.t.HelmChartContainer - [K3S] [apf_controller.go:382] Running API Priority and Fairness config worker
2025-01-30 18:28:08,886 INFO c.h.h.t.HelmChartContainer - [K3S] [apf_controller.go:385] Running API Priority and Fairness periodic rebalancing process
2025-01-30 18:28:08,888 INFO c.h.h.t.HelmChartContainer - [K3S] [aggregator.go:171] initial CRD sync complete...
2025-01-30 18:28:08,888 INFO c.h.h.t.HelmChartContainer - [K3S] [autoregister_controller.go:144] Starting autoregister controller
2025-01-30 18:28:08,895 INFO c.h.h.t.HelmChartContainer - [K3S] [policy_source.go:240] refreshing policies
2025-01-30 18:28:08,913 INFO c.h.h.t.HelmChartContainer - [K3S] [controller.go:145] "Failed to ensure lease exists, will retry" err="namespaces \"kube-system\" not found" interval="200ms"
2025-01-30 18:28:08,938 INFO c.h.h.t.HelmChartContainer - [K3S] [controller.go:95] Unable to perform initial Kubernetes service initialization: namespaces "default" not found
2025-01-30 18:28:08,938 INFO c.h.h.t.HelmChartContainer - [K3S] [controller.go:148] "Unhandled Error" err="while syncing ConfigMap \"kube-system/kube-apiserver-legacy-service-account-token-tracking\", err: namespaces \"kube-system\" not found" logger="UnhandledError"
2025-01-30 18:28:09,195 INFO c.h.h.t.HelmChartContainer - [K3S] [WARNING] Host resolv.conf includes loopback or multicast nameservers - kubelet will use autogenerated resolv.conf with nameserver 8.8.8.8
2025-01-30 18:28:09,203 INFO c.h.h.t.HelmChartContainer - [K3S] [INFO] Module overlay was already loaded
2025-01-30 18:28:09,204 INFO c.h.h.t.HelmChartContainer - [K3S] [INFO] Module nf_conntrack was already loaded
2025-01-30 18:28:09,204 INFO c.h.h.t.HelmChartContainer - [K3S] [INFO] Module br_netfilter was already loaded
2025-01-30 18:28:09,208 INFO c.h.h.t.HelmChartContainer - [K3S] [INFO] Set sysctl 'net/netfilter/nf_conntrack_max' to 131072
2025-01-30 18:28:09,208 INFO c.h.h.t.HelmChartContainer - [K3S] [INFO] Set sysctl 'net/netfilter/nf_conntrack_tcp_timeout_established' to 86400
2025-01-30 18:28:09,208 INFO c.h.h.t.HelmChartContainer - [K3S] [INFO] Set sysctl 'net/netfilter/nf_conntrack_tcp_timeout_close_wait' to 3600
2025-01-30 18:28:09,210 INFO c.h.h.t.HelmChartContainer - [K3S] [INFO] Logging containerd to /var/lib/rancher/k3s/agent/containerd/containerd.log
2025-01-30 18:28:09,210 INFO c.h.h.t.HelmChartContainer - [K3S] [INFO] Running containerd -c /var/lib/rancher/k3s/agent/etc/containerd/config.toml -a /run/k3s/containerd/containerd.sock --state /run/k3s/containerd --root /var/lib/rancher/k3s/agent/containerd
2025-01-30 18:28:09,789 INFO c.h.h.t.HelmChartContainer - [K3S] [storage_scheduling.go:95] created PriorityClass system-node-critical with value 2000001000
2025-01-30 18:28:09,792 INFO c.h.h.t.HelmChartContainer - [K3S] [storage_scheduling.go:95] created PriorityClass system-cluster-critical with value 2000000000
2025-01-30 18:28:09,792 INFO c.h.h.t.HelmChartContainer - [K3S] [storage_scheduling.go:111] all system priority classes are created successfully or already exist.
2025-01-30 18:28:10,214 INFO c.h.h.t.HelmChartContainer - [K3S] [INFO] containerd is now running
2025-01-30 18:28:10,217 INFO c.h.h.t.HelmChartContainer - [K3S] [INFO] Connecting to proxy" url="wss://127.0.0.1:6443/v1-k3s/connect
2025-01-30 18:28:10,221 INFO c.h.h.t.HelmChartContainer - [K3S] [INFO] Creating k3s-cert-monitor event broadcaster
2025-01-30 18:28:10,221 INFO c.h.h.t.HelmChartContainer - [K3S] [INFO] Running kubelet --cloud-provider=external --config-dir=/var/lib/rancher/k3s/agent/etc/kubelet.conf.d --containerd=/run/k3s/containerd/containerd.sock --hostname-override=765eedb3b269 --kubeconfig=/var/lib/rancher/k3s/agent/kubelet.kubeconfig --node-ip=172.18.0.2 --node-labels=
2025-01-30 18:28:10,224 INFO c.h.h.t.HelmChartContainer - [K3S] [INFO] Handling backend connection request [765eedb3b269]
2025-01-30 18:28:10,224 INFO c.h.h.t.HelmChartContainer - [K3S] [INFO] Remotedialer connected to proxy" url="wss://127.0.0.1:6443/v1-k3s/connect
2025-01-30 18:28:10,228 INFO c.h.h.t.HelmChartContainer - [K3S] Flag --containerd has been deprecated, This is a cadvisor flag that was mistakenly registered with the Kubelet. Due to legacy concerns, it will follow the standard CLI deprecation timeline before being removed.
2025-01-30 18:28:10,232 INFO c.h.h.t.HelmChartContainer - [K3S] [server.go:515] "Kubelet version" kubeletVersion="v1.32.1+k3s1"
2025-01-30 18:28:10,233 INFO c.h.h.t.HelmChartContainer - [K3S] [server.go:517] "Golang settings" GOGC="" GOMAXPROCS="" GOTRACEBACK=""
2025-01-30 18:28:10,235 INFO c.h.h.t.HelmChartContainer - [K3S] [dynamic_cafile_content.go:161] "Starting controller" name="client-ca-bundle::/var/lib/rancher/k3s/agent/client-ca.crt"
2025-01-30 18:28:10,237 INFO c.h.h.t.HelmChartContainer - [K3S] [log.go:32] "RuntimeConfig from runtime service failed" err="rpc error: code = Unimplemented desc = method RuntimeConfig not implemented"
2025-01-30 18:28:10,237 INFO c.h.h.t.HelmChartContainer - [K3S] [server.go:1416] "CRI implementation should be updated to support RuntimeConfig when KubeletCgroupDriverFromCRI feature gate has been enabled. Falling back to using cgroupDriver from kubelet config."
2025-01-30 18:28:10,241 INFO c.h.h.t.HelmChartContainer - [K3S] [info.go:53] Couldn't collect info from any of the files in "/etc/machine-id,/var/lib/dbus/machine-id"
2025-01-30 18:28:10,241 INFO c.h.h.t.HelmChartContainer - [K3S] [server.go:767] "--cgroups-per-qos enabled, but --cgroup-root was not specified.  defaulting to /"
2025-01-30 18:28:10,241 INFO c.h.h.t.HelmChartContainer - [K3S] [server.go:836] "NoSwap is set due to memorySwapBehavior not specified" memorySwapBehavior="" FailSwapOn=false
2025-01-30 18:28:10,242 INFO c.h.h.t.HelmChartContainer - [K3S] [swap_util.go:115] "Swap is on" /proc/swaps contents=<
2025-01-30 18:28:10,242 INFO c.h.h.t.HelmChartContainer - [K3S] 	Filename				Type		Size		Used		Priority
2025-01-30 18:28:10,242 INFO c.h.h.t.HelmChartContainer - [K3S] 	/mnt/swapfile                           file		4194300		0		-2
2025-01-30 18:28:10,242 INFO c.h.h.t.HelmChartContainer - [K3S]  >
2025-01-30 18:28:10,242 INFO c.h.h.t.HelmChartContainer - [K3S] [container_manager_linux.go:268] "Container manager verified user specified cgroup-root exists" cgroupRoot=[]
2025-01-30 18:28:10,243 INFO c.h.h.t.HelmChartContainer - [K3S] [container_manager_linux.go:273] "Creating Container Manager object based on Node Config" nodeConfig={"NodeName":"765eedb3b269","RuntimeCgroupsName":"","SystemCgroupsName":"","KubeletCgroupsName":"/k3s","KubeletOOMScoreAdj":-999,"ContainerRuntime":"","CgroupsPerQOS":true,"CgroupRoot":"/","CgroupDriver":"cgroupfs","KubeletRootDir":"/var/lib/kubelet","ProtectKernelDefaults":false,"KubeReservedCgroupName":"","SystemReservedCgroupName":"","ReservedSystemCPUs":{},"EnforceNodeAllocatable":{"pods":{}},"KubeReserved":null,"SystemReserved":null,"HardEvictionThresholds":[{"Signal":"nodefs.available","Operator":"LessThan","Value":{"Quantity":null,"Percentage":0.05},"GracePeriod":0,"MinReclaim":null},{"Signal":"imagefs.available","Operator":"LessThan","Value":{"Quantity":null,"Percentage":0.05},"GracePeriod":0,"MinReclaim":null}],"QOSReserved":{},"CPUManagerPolicy":"none","CPUManagerPolicyOptions":null,"TopologyManagerScope":"container","CPUManagerReconcilePeriod":10000000000,"ExperimentalMemoryManagerPolicy":"None","ExperimentalMemoryManagerReservedMemory":null,"PodPidsLimit":-1,"EnforceCPULimits":true,"CPUCFSQuotaPeriod":100000000,"TopologyManagerPolicy":"none","TopologyManagerPolicyOptions":null,"CgroupVersion":2}
2025-01-30 18:28:10,243 INFO c.h.h.t.HelmChartContainer - [K3S] [topology_manager.go:138] "Creating topology manager with none policy"
2025-01-30 18:28:10,243 INFO c.h.h.t.HelmChartContainer - [K3S] [container_manager_linux.go:304] "Creating device plugin manager"
2025-01-30 18:28:10,243 INFO c.h.h.t.HelmChartContainer - [K3S] [state_mem.go:36] "Initialized new in-memory state store"
2025-01-30 18:28:10,243 INFO c.h.h.t.HelmChartContainer - [K3S] [kubelet.go:446] "Attempting to sync node with API server"
2025-01-30 18:28:10,243 INFO c.h.h.t.HelmChartContainer - [K3S] [kubelet.go:341] "Adding static pod path" path="/var/lib/rancher/k3s/agent/pod-manifests"
2025-01-30 18:28:10,251 INFO c.h.h.t.HelmChartContainer - [K3S] [kubelet.go:352] "Adding apiserver pod source"
2025-01-30 18:28:10,251 INFO c.h.h.t.HelmChartContainer - [K3S] [apiserver.go:42] "Waiting for node sync before watching apiserver pods"
2025-01-30 18:28:10,251 INFO c.h.h.t.HelmChartContainer - [K3S] [apiserver.go:52] "Watching apiserver"
2025-01-30 18:28:10,251 INFO c.h.h.t.HelmChartContainer - [K3S] [kuberuntime_manager.go:269] "Container runtime initialized" containerRuntime="containerd" version="v1.7.23-k3s2" apiVersion="v1"
2025-01-30 18:28:10,252 INFO c.h.h.t.HelmChartContainer - [K3S] [alloc.go:330] "allocated clusterIPs" service="default/kubernetes" clusterIPs={"IPv4":"10.43.0.1"}
2025-01-30 18:28:10,252 INFO c.h.h.t.HelmChartContainer - [K3S] [kubelet.go:890] "Not starting ClusterTrustBundle informer because we are in static kubelet mode"
2025-01-30 18:28:10,252 INFO c.h.h.t.HelmChartContainer - [K3S] [probe.go:272] Flexvolume plugin directory at /usr/libexec/kubernetes/kubelet-plugins/volume/exec/ does not exist. Recreating.
2025-01-30 18:28:10,254 INFO c.h.h.t.HelmChartContainer - [K3S] [watchdog_linux.go:99] "Systemd watchdog is not enabled"
2025-01-30 18:28:10,258 INFO c.h.h.t.HelmChartContainer - [K3S] [server.go:1282] "Started kubelet"
2025-01-30 18:28:10,258 INFO c.h.h.t.HelmChartContainer - [K3S] [fs_resource_analyzer.go:67] "Starting FS ResourceAnalyzer"
2025-01-30 18:28:10,260 INFO c.h.h.t.HelmChartContainer - [K3S] [lease.go:265] Resetting endpoints for master service "kubernetes" to [172.18.0.2]
2025-01-30 18:28:10,272 INFO c.h.h.t.HelmChartContainer - [K3S] [server.go:169] "Starting to listen" address="0.0.0.0" port=10250
2025-01-30 18:28:10,272 INFO c.h.h.t.HelmChartContainer - [K3S] [volume_manager.go:297] "Starting Kubelet Volume Manager"
2025-01-30 18:28:10,273 INFO c.h.h.t.HelmChartContainer - [K3S] [kubelet_node_status.go:467] "Error getting the current node from lister" err="node \"765eedb3b269\" not found"
2025-01-30 18:28:10,274 INFO c.h.h.t.HelmChartContainer - [K3S] [server.go:490] "Adding debug handlers to kubelet server"
2025-01-30 18:28:10,275 INFO c.h.h.t.HelmChartContainer - [K3S] [reconciler.go:26] "Reconciler: start to sync state"
2025-01-30 18:28:10,275 INFO c.h.h.t.HelmChartContainer - [K3S] [kubelet.go:1561] "Image garbage collection failed once. Stats initialization may not have completed yet" err="invalid capacity 0 on image filesystem"
2025-01-30 18:28:10,276 INFO c.h.h.t.HelmChartContainer - [K3S] [desired_state_of_world_populator.go:149] "Desired state populator starts to run"
2025-01-30 18:28:10,276 INFO c.h.h.t.HelmChartContainer - [K3S] [server.go:208] "Starting to listen read-only" address="0.0.0.0" port=10255
2025-01-30 18:28:10,277 INFO c.h.h.t.HelmChartContainer - [K3S] [factory.go:221] Registration of the systemd container factory successfully
2025-01-30 18:28:10,279 INFO c.h.h.t.HelmChartContainer - [K3S] [dynamic_serving_content.go:135] "Starting controller" name="kubelet-server-cert-files::/var/lib/rancher/k3s/agent/serving-kubelet.crt::/var/lib/rancher/k3s/agent/serving-kubelet.key"
2025-01-30 18:28:10,280 INFO c.h.h.t.HelmChartContainer - [K3S] [factory.go:219] Registration of the crio container factory failed: Get "http://%2Fvar%2Frun%2Fcrio%2Fcrio.sock/info": dial unix /var/run/crio/crio.sock: connect: no such file or directory
2025-01-30 18:28:10,282 INFO c.h.h.t.HelmChartContainer - [K3S] [ratelimit.go:55] "Setting rate limiting for endpoint" service="podresources" qps=100 burstTokens=10
2025-01-30 18:28:10,282 INFO c.h.h.t.HelmChartContainer - [K3S] [server.go:243] "Starting to serve the podresources API" endpoint="unix:/var/lib/kubelet/pod-resources/kubelet.sock"
2025-01-30 18:28:10,286 INFO c.h.h.t.HelmChartContainer - [K3S] [factory.go:221] Registration of the containerd container factory successfully
2025-01-30 18:28:10,293 INFO c.h.h.t.HelmChartContainer - [K3S] [nodelease.go:49] "Failed to get node when trying to set owner ref to the node lease" err="nodes \"765eedb3b269\" not found" node="765eedb3b269"
2025-01-30 18:28:10,305 INFO c.h.h.t.HelmChartContainer - [K3S] [cpu_manager.go:221] "Starting CPU manager" policy="none"
2025-01-30 18:28:10,305 INFO c.h.h.t.HelmChartContainer - [K3S] [cpu_manager.go:222] "Reconciling" reconcilePeriod="10s"
2025-01-30 18:28:10,305 INFO c.h.h.t.HelmChartContainer - [K3S] [state_mem.go:36] "Initialized new in-memory state store"
2025-01-30 18:28:10,309 INFO c.h.h.t.HelmChartContainer - [K3S] [policy_none.go:49] "None policy: Start"
2025-01-30 18:28:10,309 INFO c.h.h.t.HelmChartContainer - [K3S] [memory_manager.go:186] "Starting memorymanager" policy="None"
2025-01-30 18:28:10,310 INFO c.h.h.t.HelmChartContainer - [K3S] [state_mem.go:35] "Initializing new in-memory state store"
2025-01-30 18:28:10,313 INFO c.h.h.t.HelmChartContainer - [K3S] [manager.go:519] "Failed to read data from checkpoint" checkpoint="kubelet_internal_checkpoint" err="checkpoint is not found"
2025-01-30 18:28:10,314 INFO c.h.h.t.HelmChartContainer - [K3S] [eviction_manager.go:189] "Eviction manager: starting control loop"
2025-01-30 18:28:10,314 INFO c.h.h.t.HelmChartContainer - [K3S] [container_log_manager.go:189] "Initializing container log rotate workers" workers=1 monitorPeriod="10s"
2025-01-30 18:28:10,318 INFO c.h.h.t.HelmChartContainer - [K3S] [kubelet_network_linux.go:50] "Initialized iptables rules." protocol="IPv4"
2025-01-30 18:28:10,320 INFO c.h.h.t.HelmChartContainer - [K3S] [kubelet_network_linux.go:50] "Initialized iptables rules." protocol="IPv6"
2025-01-30 18:28:10,320 INFO c.h.h.t.HelmChartContainer - [K3S] [status_manager.go:227] "Starting to sync pod status with apiserver"
2025-01-30 18:28:10,320 INFO c.h.h.t.HelmChartContainer - [K3S] [watchdog_linux.go:127] "Systemd watchdog is not enabled or the interval is invalid, so health checking will not be started."
2025-01-30 18:28:10,320 INFO c.h.h.t.HelmChartContainer - [K3S] [kubelet.go:2388] "Starting kubelet main sync loop"
2025-01-30 18:28:10,321 INFO c.h.h.t.HelmChartContainer - [K3S] [kubelet.go:2412] "Skipping pod synchronization" err="PLEG is not healthy: pleg has yet to be successful"
2025-01-30 18:28:10,323 INFO c.h.h.t.HelmChartContainer - [K3S] [plugin_manager.go:118] "Starting Kubelet Plugin Manager"
2025-01-30 18:28:10,329 INFO c.h.h.t.HelmChartContainer - [K3S] [eviction_manager.go:267] "eviction manager: failed to check if we have separate container filesystem. Ignoring." err="no imagefs label for configured runtime"
2025-01-30 18:28:10,336 INFO c.h.h.t.HelmChartContainer - [K3S] [eviction_manager.go:292] "Eviction manager: failed to get summary stats" err="failed to get node info: node \"765eedb3b269\" not found"
2025-01-30 18:28:10,386 INFO c.h.h.t.HelmChartContainer - [K3S] [ERROR] Sending HTTP/1.1 503 response to 127.0.0.1:53758: runtime core not ready
2025-01-30 18:28:10,423 INFO c.h.h.t.HelmChartContainer - [K3S] [kubelet_node_status.go:76] "Attempting to register node" node="765eedb3b269"
2025-01-30 18:28:10,427 INFO c.h.h.t.HelmChartContainer - [K3S] [kubelet_node_status.go:79] "Successfully registered node" node="765eedb3b269"
2025-01-30 18:28:10,434 INFO c.h.h.t.HelmChartContainer - [K3S] [INFO] Annotations and labels have been set successfully on node: 765eedb3b269
2025-01-30 18:28:10,434 INFO c.h.h.t.HelmChartContainer - [K3S] [INFO] Starting flannel with backend vxlan
2025-01-30 18:28:10,477 INFO c.h.h.t.HelmChartContainer - [K3S] [desired_state_of_world_populator.go:157] "Finished populating initial desired state of world"
2025-01-30 18:28:10,521 INFO c.h.h.t.HelmChartContainer - [K3S] [INFO] Running kube-proxy --cluster-cidr=10.42.0.0/16 --conntrack-max-per-core=0 --conntrack-tcp-timeout-close-wait=0s --conntrack-tcp-timeout-established=0s --healthz-bind-address=127.0.0.1 --hostname-override=765eedb3b269 --kubeconfig=/var/lib/rancher/k3s/agent/kubeproxy.kubeconfig --proxy-mode=iptables
2025-01-30 18:28:10,575 INFO c.h.h.t.HelmChartContainer - [K3S] [server.go:698] "Successfully retrieved node IP(s)" IPs=["172.18.0.2"]
2025-01-30 18:28:10,575 INFO c.h.h.t.HelmChartContainer - [K3S] [server.go:234] "Kube-proxy configuration may be incomplete or incorrect" err="nodePortAddresses is unset; NodePort connections will be accepted on all local IPs. Consider using `--nodeport-addresses primary`"
2025-01-30 18:28:10,578 INFO c.h.h.t.HelmChartContainer - [K3S] [server.go:243] "kube-proxy running in dual-stack mode" primary ipFamily="IPv4"
2025-01-30 18:28:10,578 INFO c.h.h.t.HelmChartContainer - [K3S] [server_linux.go:170] "Using iptables Proxier"
2025-01-30 18:28:10,580 INFO c.h.h.t.HelmChartContainer - [K3S] [proxier.go:255] "Setting route_localnet=1 to allow node-ports on localhost; to change this either disable iptables.localhostNodePorts (--iptables-localhost-nodeports) or set nodePortAddresses (--nodeport-addresses) to filter loopback addresses"
2025-01-30 18:28:10,584 INFO c.h.h.t.HelmChartContainer - [K3S] [server.go:497] "Version info" version="v1.32.1+k3s1"
2025-01-30 18:28:10,585 INFO c.h.h.t.HelmChartContainer - [K3S] [server.go:499] "Golang settings" GOGC="" GOMAXPROCS="" GOTRACEBACK=""
2025-01-30 18:28:10,585 INFO c.h.h.t.HelmChartContainer - [K3S] [config.go:199] "Starting service config controller"
2025-01-30 18:28:10,585 INFO c.h.h.t.HelmChartContainer - [K3S] [config.go:329] "Starting node config controller"
2025-01-30 18:28:10,585 INFO c.h.h.t.HelmChartContainer - [K3S] [config.go:105] "Starting endpoint slice config controller"
2025-01-30 18:28:10,638 INFO c.h.h.t.HelmChartContainer - [K3S] [kubelet_node_status.go:502] "Fast updating node status as it just became ready"
2025-01-30 18:28:11,011 INFO c.h.h.t.HelmChartContainer - [K3S] [INFO] Waiting for untainted node
2025-01-30 18:28:11,011 INFO c.h.h.t.HelmChartContainer - [K3S] [INFO] Kube API server is now running
2025-01-30 18:28:11,016 INFO c.h.h.t.HelmChartContainer - [K3S] [INFO] ETCD server is now running
2025-01-30 18:28:11,016 INFO c.h.h.t.HelmChartContainer - [K3S] [INFO] k3s is up and running
2025-01-30 18:28:11,016 INFO c.h.h.t.HelmChartContainer - [K3S] [INFO] Waiting for cloud-controller-manager privileges to become available
2025-01-30 18:28:11,017 INFO c.h.h.t.HelmChartContainer - [K3S] [INFO] Creating k3s-supervisor event broadcaster
2025-01-30 18:28:11,021 INFO c.h.h.t.HelmChartContainer - [K3S] [INFO] Applying CRD addons.k3s.cattle.io
2025-01-30 18:28:11,031 INFO c.h.h.t.HelmChartContainer - [K3S] [INFO] Applying CRD etcdsnapshotfiles.k3s.cattle.io
2025-01-30 18:28:11,043 INFO c.h.h.t.HelmChartContainer - [K3S] [INFO] Applying CRD helmcharts.helm.cattle.io
2025-01-30 18:28:11,056 INFO c.h.h.t.HelmChartContainer - [K3S] [INFO] Applying CRD helmchartconfigs.helm.cattle.io
2025-01-30 18:28:11,072 INFO c.h.h.t.HelmChartContainer - [K3S] [INFO] Waiting for CRD helmcharts.helm.cattle.io to become available
2025-01-30 18:28:11,494 INFO c.h.h.t.HelmChartContainer - [K3S] [serving.go:392] Generated self-signed cert in-memory
2025-01-30 18:28:11,576 INFO c.h.h.t.HelmChartContainer - [K3S] [INFO] Done waiting for CRD helmcharts.helm.cattle.io to become available
2025-01-30 18:28:11,576 INFO c.h.h.t.HelmChartContainer - [K3S] [INFO] Waiting for CRD helmchartconfigs.helm.cattle.io to become available
2025-01-30 18:28:11,730 INFO c.h.h.t.HelmChartContainer - [K3S] [controllermanager.go:185] "Starting" version="v1.32.1+k3s1"
2025-01-30 18:28:11,730 INFO c.h.h.t.HelmChartContainer - [K3S] [controllermanager.go:187] "Golang settings" GOGC="" GOMAXPROCS="" GOTRACEBACK=""
2025-01-30 18:28:11,735 INFO c.h.h.t.HelmChartContainer - [K3S] [requestheader_controller.go:180] Starting RequestHeaderAuthRequestController
2025-01-30 18:28:11,735 INFO c.h.h.t.HelmChartContainer - [K3S] [configmap_cafile_content.go:205] "Starting controller" name="client-ca::kube-system::extension-apiserver-authentication::client-ca-file"
2025-01-30 18:28:11,735 INFO c.h.h.t.HelmChartContainer - [K3S] [configmap_cafile_content.go:205] "Starting controller" name="client-ca::kube-system::extension-apiserver-authentication::requestheader-client-ca-file"
2025-01-30 18:28:11,736 INFO c.h.h.t.HelmChartContainer - [K3S] [secure_serving.go:213] Serving securely on 127.0.0.1:10257
2025-01-30 18:28:11,736 INFO c.h.h.t.HelmChartContainer - [K3S] [tlsconfig.go:243] "Starting DynamicServingCertificateController"
2025-01-30 18:28:11,741 INFO c.h.h.t.HelmChartContainer - [K3S] [controllermanager.go:765] "Started controller" controller="serviceaccount-token-controller"
2025-01-30 18:28:11,763 INFO c.h.h.t.HelmChartContainer - [K3S] [controllermanager.go:765] "Started controller" controller="resourcequota-controller"
2025-01-30 18:28:11,763 INFO c.h.h.t.HelmChartContainer - [K3S] [resource_quota_controller.go:300] "Starting resource quota controller"
2025-01-30 18:28:11,765 INFO c.h.h.t.HelmChartContainer - [K3S] [controllermanager.go:765] "Started controller" controller="token-cleaner-controller"
2025-01-30 18:28:11,765 INFO c.h.h.t.HelmChartContainer - [K3S] [tokencleaner.go:117] "Starting token cleaner controller"
2025-01-30 18:28:11,771 INFO c.h.h.t.HelmChartContainer - [K3S] [controllermanager.go:765] "Started controller" controller="root-ca-certificate-publisher-controller"
2025-01-30 18:28:11,771 INFO c.h.h.t.HelmChartContainer - [K3S] [publisher.go:107] "Starting root CA cert publisher controller"
2025-01-30 18:28:11,777 INFO c.h.h.t.HelmChartContainer - [K3S] [controllermanager.go:765] "Started controller" controller="persistentvolume-expander-controller"
2025-01-30 18:28:11,778 INFO c.h.h.t.HelmChartContainer - [K3S] [expand_controller.go:329] "Starting expand controller"
2025-01-30 18:28:11,784 INFO c.h.h.t.HelmChartContainer - [K3S] [controllermanager.go:765] "Started controller" controller="persistentvolume-protection-controller"
2025-01-30 18:28:11,784 INFO c.h.h.t.HelmChartContainer - [K3S] [pv_protection_controller.go:81] "Starting PV protection controller"
2025-01-30 18:28:11,793 INFO c.h.h.t.HelmChartContainer - [K3S] [controllermanager.go:765] "Started controller" controller="ephemeral-volume-controller"
2025-01-30 18:28:11,793 INFO c.h.h.t.HelmChartContainer - [K3S] [controller.go:173] "Starting ephemeral volume controller"
2025-01-30 18:28:11,799 INFO c.h.h.t.HelmChartContainer - [K3S] [controllermanager.go:765] "Started controller" controller="replicationcontroller-controller"
2025-01-30 18:28:11,800 INFO c.h.h.t.HelmChartContainer - [K3S] [replica_set.go:217] "Starting controller" name="replicationcontroller"
2025-01-30 18:28:11,817 INFO c.h.h.t.HelmChartContainer - [K3S] [controllermanager.go:765] "Started controller" controller="namespace-controller"
2025-01-30 18:28:11,818 INFO c.h.h.t.HelmChartContainer - [K3S] [namespace_controller.go:202] "Starting namespace controller"
2025-01-30 18:28:11,943 INFO c.h.h.t.HelmChartContainer - [K3S] [graph_builder.go:351] "Running" component="GraphBuilder"
2025-01-30 18:28:11,943 INFO c.h.h.t.HelmChartContainer - [K3S] [controllermanager.go:765] "Started controller" controller="garbage-collector-controller"
2025-01-30 18:28:12,078 INFO c.h.h.t.HelmChartContainer - [K3S] [INFO] Done waiting for CRD helmchartconfigs.helm.cattle.io to become available
2025-01-30 18:28:12,079 INFO c.h.h.t.HelmChartContainer - [K3S] [INFO] Writing static file: /var/lib/rancher/k3s/server/static/charts/traefik-27.0.201+up27.0.2.tgz
2025-01-30 18:28:12,079 INFO c.h.h.t.HelmChartContainer - [K3S] [INFO] Writing static file: /var/lib/rancher/k3s/server/static/charts/traefik-crd-27.0.201+up27.0.2.tgz
2025-01-30 18:28:12,080 INFO c.h.h.t.HelmChartContainer - [K3S] [INFO] Writing manifest: /var/lib/rancher/k3s/server/manifests/metrics-server/metrics-server-service.yaml
2025-01-30 18:28:12,080 INFO c.h.h.t.HelmChartContainer - [K3S] [INFO] Writing manifest: /var/lib/rancher/k3s/server/manifests/rolebindings.yaml
2025-01-30 18:28:12,080 INFO c.h.h.t.HelmChartContainer - [K3S] [INFO] Writing manifest: /var/lib/rancher/k3s/server/manifests/coredns.yaml
2025-01-30 18:28:12,081 INFO c.h.h.t.HelmChartContainer - [K3S] [INFO] Writing manifest: /var/lib/rancher/k3s/server/manifests/metrics-server/aggregated-metrics-reader.yaml
2025-01-30 18:28:12,081 INFO c.h.h.t.HelmChartContainer - [K3S] [INFO] Writing manifest: /var/lib/rancher/k3s/server/manifests/metrics-server/metrics-server-deployment.yaml
2025-01-30 18:28:12,081 INFO c.h.h.t.HelmChartContainer - [K3S] [INFO] Writing manifest: /var/lib/rancher/k3s/server/manifests/metrics-server/auth-reader.yaml
2025-01-30 18:28:12,081 INFO c.h.h.t.HelmChartContainer - [K3S] [INFO] Writing manifest: /var/lib/rancher/k3s/server/manifests/metrics-server/metrics-apiservice.yaml
2025-01-30 18:28:12,081 INFO c.h.h.t.HelmChartContainer - [K3S] [INFO] Writing manifest: /var/lib/rancher/k3s/server/manifests/metrics-server/resource-reader.yaml
2025-01-30 18:28:12,081 INFO c.h.h.t.HelmChartContainer - [K3S] [INFO] Writing manifest: /var/lib/rancher/k3s/server/manifests/runtimes.yaml
2025-01-30 18:28:12,081 INFO c.h.h.t.HelmChartContainer - [K3S] [INFO] Writing manifest: /var/lib/rancher/k3s/server/manifests/ccm.yaml
2025-01-30 18:28:12,081 INFO c.h.h.t.HelmChartContainer - [K3S] [INFO] Writing manifest: /var/lib/rancher/k3s/server/manifests/local-storage.yaml
2025-01-30 18:28:12,082 INFO c.h.h.t.HelmChartContainer - [K3S] [INFO] Writing manifest: /var/lib/rancher/k3s/server/manifests/metrics-server/auth-delegator.yaml
2025-01-30 18:28:12,083 INFO c.h.h.t.HelmChartContainer - [K3S] [INFO] Tunnel server egress proxy mode: agent
2025-01-30 18:28:12,083 INFO c.h.h.t.HelmChartContainer - [K3S] [INFO] Starting dynamiclistener CN filter node controller with SANs: [localhost 127.0.0.1 ::1 localhost 765eedb3b269 172.18.0.2 10.43.0.1 kubernetes kubernetes.default kubernetes.default.svc kubernetes.default.svc.cluster.local]
2025-01-30 18:28:12,187 INFO c.h.h.t.HelmChartContainer - [K3S] [INFO] Starting k3s.cattle.io/v1, Kind=Addon controller
2025-01-30 18:28:12,187 INFO c.h.h.t.HelmChartContainer - [K3S] [INFO] Creating deploy event broadcaster
2025-01-30 18:28:12,193 INFO c.h.h.t.HelmChartContainer - [K3S] [controllermanager.go:765] "Started controller" controller="cronjob-controller"
2025-01-30 18:28:12,193 INFO c.h.h.t.HelmChartContainer - [K3S] [cronjob_controllerv2.go:145] "Starting cronjob controller v2"
2025-01-30 18:28:12,293 INFO c.h.h.t.HelmChartContainer - [K3S] [INFO] Starting /v1, Kind=Node controller
2025-01-30 18:28:12,294 INFO c.h.h.t.HelmChartContainer - [K3S] [INFO] Creating helm-controller event broadcaster
2025-01-30 18:28:12,300 INFO c.h.h.t.HelmChartContainer - [K3S] [INFO] Cluster dns configmap has been set successfully
2025-01-30 18:28:12,313 INFO c.h.h.t.HelmChartContainer - [K3S] [INFO] Labels and annotations have been set successfully on node: 765eedb3b269
2025-01-30 18:28:12,344 INFO c.h.h.t.HelmChartContainer - [K3S] [controllermanager.go:765] "Started controller" controller="ttl-controller"
2025-01-30 18:28:12,344 INFO c.h.h.t.HelmChartContainer - [K3S] [ttl_controller.go:127] "Starting TTL controller"
2025-01-30 18:28:12,404 INFO c.h.h.t.HelmChartContainer - [K3S] [INFO] Starting helm.cattle.io/v1, Kind=HelmChart controller
2025-01-30 18:28:12,404 INFO c.h.h.t.HelmChartContainer - [K3S] [INFO] Starting helm.cattle.io/v1, Kind=HelmChartConfig controller
2025-01-30 18:28:12,408 INFO c.h.h.t.HelmChartContainer - [K3S] [INFO] Starting rbac.authorization.k8s.io/v1, Kind=ClusterRoleBinding controller
2025-01-30 18:28:12,410 INFO c.h.h.t.HelmChartContainer - [K3S] [INFO] Starting batch/v1, Kind=Job controller
2025-01-30 18:28:12,410 INFO c.h.h.t.HelmChartContainer - [K3S] [INFO] Starting /v1, Kind=ServiceAccount controller
2025-01-30 18:28:12,410 INFO c.h.h.t.HelmChartContainer - [K3S] [INFO] Starting /v1, Kind=Secret controller
2025-01-30 18:28:12,411 INFO c.h.h.t.HelmChartContainer - [K3S] [INFO] Starting /v1, Kind=ConfigMap controller
2025-01-30 18:28:12,494 INFO c.h.h.t.HelmChartContainer - [K3S] [controllermanager.go:765] "Started controller" controller="legacy-serviceaccount-token-cleaner-controller"
2025-01-30 18:28:12,494 INFO c.h.h.t.HelmChartContainer - [K3S] [legacy_serviceaccount_token_cleaner.go:103] "Starting legacy service account token cleaner controller"
2025-01-30 18:28:12,644 INFO c.h.h.t.HelmChartContainer - [K3S] [controllermanager.go:765] "Started controller" controller="endpointslice-mirroring-controller"
2025-01-30 18:28:12,644 INFO c.h.h.t.HelmChartContainer - [K3S] [endpointslicemirroring_controller.go:227] "Starting EndpointSliceMirroring controller"
2025-01-30 18:28:12,794 INFO c.h.h.t.HelmChartContainer - [K3S] [controllermanager.go:765] "Started controller" controller="daemonset-controller"
2025-01-30 18:28:12,794 INFO c.h.h.t.HelmChartContainer - [K3S] [daemon_controller.go:294] "Starting daemon sets controller"
2025-01-30 18:28:12,847 INFO c.h.h.t.HelmChartContainer - [K3S] [INFO] Updating TLS secret for kube-system/k3s-serving (count: 10): map[listener.cattle.io/cn-10.43.0.1:10.43.0.1 listener.cattle.io/cn-127.0.0.1:127.0.0.1 listener.cattle.io/cn-172.18.0.2:172.18.0.2 listener.cattle.io/cn-765eedb3b269:765eedb3b269 listener.cattle.io/cn-__1-f16284:::1 listener.cattle.io/cn-kubernetes:kubernetes listener.cattle.io/cn-kubernetes.default:kubernetes.default listener.cattle.io/cn-kubernetes.default.svc:kubernetes.default.svc listener.cattle.io/cn-kubernetes.default.svc.cluster.local:kubernetes.default.svc.cluster.local listener.cattle.io/cn-localhost:localhost listener.cattle.io/fingerprint:SHA1=B3F023AA4CF5864B154B37AF713D8C4ACB6C639A]
2025-01-30 18:28:12,850 INFO c.h.h.t.HelmChartContainer - [K3S] [INFO] Active TLS secret kube-system/k3s-serving (ver=244) (count 10): map[listener.cattle.io/cn-10.43.0.1:10.43.0.1 listener.cattle.io/cn-127.0.0.1:127.0.0.1 listener.cattle.io/cn-172.18.0.2:172.18.0.2 listener.cattle.io/cn-765eedb3b269:765eedb3b269 listener.cattle.io/cn-__1-f16284:::1 listener.cattle.io/cn-kubernetes:kubernetes listener.cattle.io/cn-kubernetes.default:kubernetes.default listener.cattle.io/cn-kubernetes.default.svc:kubernetes.default.svc listener.cattle.io/cn-kubernetes.default.svc.cluster.local:kubernetes.default.svc.cluster.local listener.cattle.io/cn-localhost:localhost listener.cattle.io/fingerprint:SHA1=B3F023AA4CF5864B154B37AF713D8C4ACB6C639A]
2025-01-30 18:28:12,945 INFO c.h.h.t.HelmChartContainer - [K3S] [certificate_controller.go:120] "Starting certificate controller" name="csrsigning-kubelet-serving"
2025-01-30 18:28:12,945 INFO c.h.h.t.HelmChartContainer - [K3S] [dynamic_serving_content.go:135] "Starting controller" name="csr-controller::/var/lib/rancher/k3s/server/tls/server-ca.nochain.crt::/var/lib/rancher/k3s/server/tls/server-ca.key"
2025-01-30 18:28:12,946 INFO c.h.h.t.HelmChartContainer - [K3S] [certificate_controller.go:120] "Starting certificate controller" name="csrsigning-kubelet-client"
2025-01-30 18:28:12,946 INFO c.h.h.t.HelmChartContainer - [K3S] [dynamic_serving_content.go:135] "Starting controller" name="csr-controller::/var/lib/rancher/k3s/server/tls/client-ca.nochain.crt::/var/lib/rancher/k3s/server/tls/client-ca.key"
2025-01-30 18:28:12,946 INFO c.h.h.t.HelmChartContainer - [K3S] [INFO] Updating TLS secret for kube-system/k3s-serving (count: 10): map[listener.cattle.io/cn-10.43.0.1:10.43.0.1 listener.cattle.io/cn-127.0.0.1:127.0.0.1 listener.cattle.io/cn-172.18.0.2:172.18.0.2 listener.cattle.io/cn-765eedb3b269:765eedb3b269 listener.cattle.io/cn-__1-f16284:::1 listener.cattle.io/cn-kubernetes:kubernetes listener.cattle.io/cn-kubernetes.default:kubernetes.default listener.cattle.io/cn-kubernetes.default.svc:kubernetes.default.svc listener.cattle.io/cn-kubernetes.default.svc.cluster.local:kubernetes.default.svc.cluster.local listener.cattle.io/cn-localhost:localhost listener.cattle.io/fingerprint:SHA1=B3F023AA4CF5864B154B37AF713D8C4ACB6C639A]
2025-01-30 18:28:12,946 INFO c.h.h.t.HelmChartContainer - [K3S] [controllermanager.go:765] "Started controller" controller="certificatesigningrequest-signing-controller"
2025-01-30 18:28:12,947 INFO c.h.h.t.HelmChartContainer - [K3S] [certificate_controller.go:120] "Starting certificate controller" name="csrsigning-legacy-unknown"
2025-01-30 18:28:12,947 INFO c.h.h.t.HelmChartContainer - [K3S] [certificate_controller.go:120] "Starting certificate controller" name="csrsigning-kube-apiserver-client"
2025-01-30 18:28:12,947 INFO c.h.h.t.HelmChartContainer - [K3S] [dynamic_serving_content.go:135] "Starting controller" name="csr-controller::/var/lib/rancher/k3s/server/tls/server-ca.nochain.crt::/var/lib/rancher/k3s/server/tls/server-ca.key"
2025-01-30 18:28:12,947 INFO c.h.h.t.HelmChartContainer - [K3S] [dynamic_serving_content.go:135] "Starting controller" name="csr-controller::/var/lib/rancher/k3s/server/tls/client-ca.nochain.crt::/var/lib/rancher/k3s/server/tls/client-ca.key"
2025-01-30 18:28:13,094 INFO c.h.h.t.HelmChartContainer - [K3S] [controllermanager.go:765] "Started controller" controller="clusterrole-aggregation-controller"
2025-01-30 18:28:13,094 INFO c.h.h.t.HelmChartContainer - [K3S] [clusterroleaggregation_controller.go:194] "Starting ClusterRoleAggregator controller"
2025-01-30 18:28:13,244 INFO c.h.h.t.HelmChartContainer - [K3S] [controllermanager.go:765] "Started controller" controller="persistentvolumeclaim-protection-controller"
2025-01-30 18:28:13,244 INFO c.h.h.t.HelmChartContainer - [K3S] [pvc_protection_controller.go:168] "Starting PVC protection controller"
2025-01-30 18:28:13,294 INFO c.h.h.t.HelmChartContainer - [K3S] [controllermanager.go:765] "Started controller" controller="certificatesigningrequest-cleaner-controller"
2025-01-30 18:28:13,294 INFO c.h.h.t.HelmChartContainer - [K3S] [cleaner.go:83] "Starting CSR cleaner controller"
2025-01-30 18:28:13,547 INFO c.h.h.t.HelmChartContainer - [K3S] [range_allocator.go:112] "No Secondary Service CIDR provided. Skipping filtering out secondary service addresses"
2025-01-30 18:28:13,547 INFO c.h.h.t.HelmChartContainer - [K3S] [controllermanager.go:765] "Started controller" controller="node-ipam-controller"
2025-01-30 18:28:13,547 INFO c.h.h.t.HelmChartContainer - [K3S] [node_ipam_controller.go:141] "Starting ipam controller"
2025-01-30 18:28:13,592 INFO c.h.h.t.HelmChartContainer - [K3S] [node_lifecycle_controller.go:432] "Controller will reconcile labels"
2025-01-30 18:28:13,593 INFO c.h.h.t.HelmChartContainer - [K3S] [controllermanager.go:765] "Started controller" controller="node-lifecycle-controller"
2025-01-30 18:28:13,593 INFO c.h.h.t.HelmChartContainer - [K3S] [node_lifecycle_controller.go:466] "Sending events to api server"
2025-01-30 18:28:13,593 INFO c.h.h.t.HelmChartContainer - [K3S] [node_lifecycle_controller.go:477] "Starting node controller"
2025-01-30 18:28:13,744 INFO c.h.h.t.HelmChartContainer - [K3S] [controllermanager.go:765] "Started controller" controller="endpoints-controller"
2025-01-30 18:28:13,744 INFO c.h.h.t.HelmChartContainer - [K3S] [endpoints_controller.go:182] "Starting endpoint controller"
2025-01-30 18:28:13,779 INFO c.h.h.t.HelmChartContainer - [K3S] [event.go:389] "Event occurred" object="765eedb3b269" fieldPath="" kind="Node" apiVersion="" type="Normal" reason="NodePasswordValidationComplete" message="Deferred node password secret validation complete"
2025-01-30 18:28:13,894 INFO c.h.h.t.HelmChartContainer - [K3S] [controllermanager.go:765] "Started controller" controller="endpointslice-controller"
2025-01-30 18:28:13,894 INFO c.h.h.t.HelmChartContainer - [K3S] [endpointslice_controller.go:281] "Starting endpoint slice controller"
2025-01-30 18:28:14,043 INFO c.h.h.t.HelmChartContainer - [K3S] [controllermanager.go:765] "Started controller" controller="pod-garbage-collector-controller"
2025-01-30 18:28:14,043 INFO c.h.h.t.HelmChartContainer - [K3S] [gc_controller.go:99] "Starting GC controller"
2025-01-30 18:28:14,193 INFO c.h.h.t.HelmChartContainer - [K3S] [event.go:389] "Event occurred" object="kube-system/ccm" fieldPath="" kind="Addon" apiVersion="k3s.cattle.io/v1" type="Normal" reason="ApplyingManifest" message="Applying manifest at \"/var/lib/rancher/k3s/server/manifests/ccm.yaml\""
2025-01-30 18:28:14,212 INFO c.h.h.t.HelmChartContainer - [K3S] [event.go:389] "Event occurred" object="kube-system/ccm" fieldPath="" kind="Addon" apiVersion="k3s.cattle.io/v1" type="Normal" reason="AppliedManifest" message="Applied manifest at \"/var/lib/rancher/k3s/server/manifests/ccm.yaml\""
2025-01-30 18:28:14,221 INFO c.h.h.t.HelmChartContainer - [K3S] [event.go:389] "Event occurred" object="kube-system/coredns" fieldPath="" kind="Addon" apiVersion="k3s.cattle.io/v1" type="Normal" reason="ApplyingManifest" message="Applying manifest at \"/var/lib/rancher/k3s/server/manifests/coredns.yaml\""
2025-01-30 18:28:14,327 INFO c.h.h.t.HelmChartContainer - [K3S] [alloc.go:330] "allocated clusterIPs" service="kube-system/kube-dns" clusterIPs={"IPv4":"10.43.0.10"}
2025-01-30 18:28:14,328 INFO c.h.h.t.HelmChartContainer - [K3S] [event.go:389] "Event occurred" object="kube-system/coredns" fieldPath="" kind="Addon" apiVersion="k3s.cattle.io/v1" type="Normal" reason="AppliedManifest" message="Applied manifest at \"/var/lib/rancher/k3s/server/manifests/coredns.yaml\""
2025-01-30 18:28:14,340 INFO c.h.h.t.HelmChartContainer - [K3S] [event.go:389] "Event occurred" object="kube-system/local-storage" fieldPath="" kind="Addon" apiVersion="k3s.cattle.io/v1" type="Normal" reason="ApplyingManifest" message="Applying manifest at \"/var/lib/rancher/k3s/server/manifests/local-storage.yaml\""
2025-01-30 18:28:14,343 INFO c.h.h.t.HelmChartContainer - [K3S] [controllermanager.go:765] "Started controller" controller="horizontal-pod-autoscaler-controller"
2025-01-30 18:28:14,343 INFO c.h.h.t.HelmChartContainer - [K3S] [controllermanager.go:723] "Skipping a cloud provider controller" controller="node-route-controller"
2025-01-30 18:28:14,343 INFO c.h.h.t.HelmChartContainer - [K3S] [horizontal.go:201] "Starting HPA controller"
2025-01-30 18:28:14,433 INFO c.h.h.t.HelmChartContainer - [K3S] [event.go:389] "Event occurred" object="kube-system/local-storage" fieldPath="" kind="Addon" apiVersion="k3s.cattle.io/v1" type="Normal" reason="AppliedManifest" message="Applied manifest at \"/var/lib/rancher/k3s/server/manifests/local-storage.yaml\""
2025-01-30 18:28:14,439 INFO c.h.h.t.HelmChartContainer - [K3S] [event.go:389] "Event occurred" object="kube-system/aggregated-metrics-reader" fieldPath="" kind="Addon" apiVersion="k3s.cattle.io/v1" type="Normal" reason="ApplyingManifest" message="Applying manifest at \"/var/lib/rancher/k3s/server/manifests/metrics-server/aggregated-metrics-reader.yaml\""
2025-01-30 18:28:14,502 INFO c.h.h.t.HelmChartContainer - [K3S] [event.go:389] "Event occurred" object="kube-system/aggregated-metrics-reader" fieldPath="" kind="Addon" apiVersion="k3s.cattle.io/v1" type="Normal" reason="AppliedManifest" message="Applied manifest at \"/var/lib/rancher/k3s/server/manifests/metrics-server/aggregated-metrics-reader.yaml\""
2025-01-30 18:28:14,507 INFO c.h.h.t.HelmChartContainer - [K3S] [event.go:389] "Event occurred" object="kube-system/auth-delegator" fieldPath="" kind="Addon" apiVersion="k3s.cattle.io/v1" type="Normal" reason="ApplyingManifest" message="Applying manifest at \"/var/lib/rancher/k3s/server/manifests/metrics-server/auth-delegator.yaml\""
2025-01-30 18:28:14,512 INFO c.h.h.t.HelmChartContainer - [K3S] [event.go:389] "Event occurred" object="kube-system/auth-delegator" fieldPath="" kind="Addon" apiVersion="k3s.cattle.io/v1" type="Normal" reason="AppliedManifest" message="Applied manifest at \"/var/lib/rancher/k3s/server/manifests/metrics-server/auth-delegator.yaml\""
2025-01-30 18:28:14,518 INFO c.h.h.t.HelmChartContainer - [K3S] [event.go:389] "Event occurred" object="kube-system/auth-reader" fieldPath="" kind="Addon" apiVersion="k3s.cattle.io/v1" type="Normal" reason="ApplyingManifest" message="Applying manifest at \"/var/lib/rancher/k3s/server/manifests/metrics-server/auth-reader.yaml\""
2025-01-30 18:28:14,523 INFO c.h.h.t.HelmChartContainer - [K3S] [event.go:389] "Event occurred" object="kube-system/auth-reader" fieldPath="" kind="Addon" apiVersion="k3s.cattle.io/v1" type="Normal" reason="AppliedManifest" message="Applied manifest at \"/var/lib/rancher/k3s/server/manifests/metrics-server/auth-reader.yaml\""
2025-01-30 18:28:14,530 INFO c.h.h.t.HelmChartContainer - [K3S] [event.go:389] "Event occurred" object="kube-system/metrics-apiservice" fieldPath="" kind="Addon" apiVersion="k3s.cattle.io/v1" type="Normal" reason="ApplyingManifest" message="Applying manifest at \"/var/lib/rancher/k3s/server/manifests/metrics-server/metrics-apiservice.yaml\""
2025-01-30 18:28:14,536 INFO c.h.h.t.HelmChartContainer - [K3S] [event.go:389] "Event occurred" object="kube-system/metrics-apiservice" fieldPath="" kind="Addon" apiVersion="k3s.cattle.io/v1" type="Normal" reason="AppliedManifest" message="Applied manifest at \"/var/lib/rancher/k3s/server/manifests/metrics-server/metrics-apiservice.yaml\""
2025-01-30 18:28:14,545 INFO c.h.h.t.HelmChartContainer - [K3S] [handler_proxy.go:99] no RequestInfo found in the context
2025-01-30 18:28:14,545 INFO c.h.h.t.HelmChartContainer - [K3S] [controller.go:146] "Unhandled Error" err=<
2025-01-30 18:28:14,545 INFO c.h.h.t.HelmChartContainer - [K3S] 	, Header: map[Content-Type:[text/plain; charset=utf-8] X-Content-Type-Options:[nosniff]]
2025-01-30 18:28:14,545 INFO c.h.h.t.HelmChartContainer - [K3S]  >
2025-01-30 18:28:14,545 INFO c.h.h.t.HelmChartContainer - [K3S] [handler_proxy.go:143] error resolving kube-system/metrics-server: service "metrics-server" not found
2025-01-30 18:28:14,545 INFO c.h.h.t.HelmChartContainer - [K3S] [controllermanager.go:765] "Started controller" controller="validatingadmissionpolicy-status-controller"
2025-01-30 18:28:14,545 INFO c.h.h.t.HelmChartContainer - [K3S] [controllermanager.go:728] "Warning: controller is disabled" controller="bootstrap-signer-controller"
2025-01-30 18:28:14,545 INFO c.h.h.t.HelmChartContainer - [K3S] [controllermanager.go:717] "Controller is disabled by a feature gate" controller="volumeattributesclass-protection-controller" requiredFeatureGates=["VolumeAttributesClass"]
2025-01-30 18:28:14,545 INFO c.h.h.t.HelmChartContainer - [K3S] [controllermanager.go:717] "Controller is disabled by a feature gate" controller="selinux-warning-controller" requiredFeatureGates=["SELinuxChangePolicy"]
2025-01-30 18:28:14,547 INFO c.h.h.t.HelmChartContainer - [K3S] [event.go:389] "Event occurred" object="kube-system/metrics-server-deployment" fieldPath="" kind="Addon" apiVersion="k3s.cattle.io/v1" type="Normal" reason="ApplyingManifest" message="Applying manifest at \"/var/lib/rancher/k3s/server/manifests/metrics-server/metrics-server-deployment.yaml\""
2025-01-30 18:28:14,558 INFO c.h.h.t.HelmChartContainer - [K3S] [event.go:389] "Event occurred" object="kube-system/metrics-server-deployment" fieldPath="" kind="Addon" apiVersion="k3s.cattle.io/v1" type="Normal" reason="AppliedManifest" message="Applied manifest at \"/var/lib/rancher/k3s/server/manifests/metrics-server/metrics-server-deployment.yaml\""
2025-01-30 18:28:14,564 INFO c.h.h.t.HelmChartContainer - [K3S] [event.go:389] "Event occurred" object="kube-system/metrics-server-service" fieldPath="" kind="Addon" apiVersion="k3s.cattle.io/v1" type="Normal" reason="ApplyingManifest" message="Applying manifest at \"/var/lib/rancher/k3s/server/manifests/metrics-server/metrics-server-service.yaml\""
2025-01-30 18:28:14,571 INFO c.h.h.t.HelmChartContainer - [K3S] [alloc.go:330] "allocated clusterIPs" service="kube-system/metrics-server" clusterIPs={"IPv4":"10.43.86.55"}
2025-01-30 18:28:14,572 INFO c.h.h.t.HelmChartContainer - [K3S] [event.go:389] "Event occurred" object="kube-system/metrics-server-service" fieldPath="" kind="Addon" apiVersion="k3s.cattle.io/v1" type="Normal" reason="AppliedManifest" message="Applied manifest at \"/var/lib/rancher/k3s/server/manifests/metrics-server/metrics-server-service.yaml\""
2025-01-30 18:28:14,577 INFO c.h.h.t.HelmChartContainer - [K3S] [handler_proxy.go:99] no RequestInfo found in the context
2025-01-30 18:28:14,578 INFO c.h.h.t.HelmChartContainer - [K3S] [controller.go:146] "Unhandled Error" err=<
2025-01-30 18:28:14,578 INFO c.h.h.t.HelmChartContainer - [K3S] 	, Header: map[Content-Type:[text/plain; charset=utf-8] X-Content-Type-Options:[nosniff]]
2025-01-30 18:28:14,578 INFO c.h.h.t.HelmChartContainer - [K3S]  >
2025-01-30 18:28:14,578 INFO c.h.h.t.HelmChartContainer - [K3S] [handler_proxy.go:143] error resolving kube-system/metrics-server: endpoints "metrics-server" not found
2025-01-30 18:28:14,580 INFO c.h.h.t.HelmChartContainer - [K3S] [event.go:389] "Event occurred" object="kube-system/resource-reader" fieldPath="" kind="Addon" apiVersion="k3s.cattle.io/v1" type="Normal" reason="ApplyingManifest" message="Applying manifest at \"/var/lib/rancher/k3s/server/manifests/metrics-server/resource-reader.yaml\""
2025-01-30 18:28:14,613 INFO c.h.h.t.HelmChartContainer - [K3S] [event.go:389] "Event occurred" object="kube-system/resource-reader" fieldPath="" kind="Addon" apiVersion="k3s.cattle.io/v1" type="Normal" reason="AppliedManifest" message="Applied manifest at \"/var/lib/rancher/k3s/server/manifests/metrics-server/resource-reader.yaml\""
2025-01-30 18:28:14,619 INFO c.h.h.t.HelmChartContainer - [K3S] [event.go:389] "Event occurred" object="kube-system/rolebindings" fieldPath="" kind="Addon" apiVersion="k3s.cattle.io/v1" type="Normal" reason="ApplyingManifest" message="Applying manifest at \"/var/lib/rancher/k3s/server/manifests/rolebindings.yaml\""
2025-01-30 18:28:14,694 INFO c.h.h.t.HelmChartContainer - [K3S] [controllermanager.go:765] "Started controller" controller="serviceaccount-controller"
2025-01-30 18:28:14,694 INFO c.h.h.t.HelmChartContainer - [K3S] [serviceaccounts_controller.go:114] "Starting service account controller"
2025-01-30 18:28:14,694 INFO c.h.h.t.HelmChartContainer - [K3S] [controllermanager.go:723] "Skipping a cloud provider controller" controller="cloud-node-lifecycle-controller"
2025-01-30 18:28:14,694 INFO c.h.h.t.HelmChartContainer - [K3S] [controllermanager.go:717] "Controller is disabled by a feature gate" controller="kube-apiserver-serving-clustertrustbundle-publisher-controller" requiredFeatureGates=["ClusterTrustBundle"]
2025-01-30 18:28:14,725 INFO c.h.h.t.HelmChartContainer - [K3S] [event.go:389] "Event occurred" object="kube-system/rolebindings" fieldPath="" kind="Addon" apiVersion="k3s.cattle.io/v1" type="Normal" reason="AppliedManifest" message="Applied manifest at \"/var/lib/rancher/k3s/server/manifests/rolebindings.yaml\""
2025-01-30 18:28:14,732 INFO c.h.h.t.HelmChartContainer - [K3S] [event.go:389] "Event occurred" object="kube-system/runtimes" fieldPath="" kind="Addon" apiVersion="k3s.cattle.io/v1" type="Normal" reason="ApplyingManifest" message="Applying manifest at \"/var/lib/rancher/k3s/server/manifests/runtimes.yaml\""
2025-01-30 18:28:14,742 INFO c.h.h.t.HelmChartContainer - [K3S] [controllermanager.go:765] "Started controller" controller="taint-eviction-controller"
2025-01-30 18:28:14,743 INFO c.h.h.t.HelmChartContainer - [K3S] [taint_eviction.go:281] "Starting" controller="taint-eviction-controller"
2025-01-30 18:28:14,743 INFO c.h.h.t.HelmChartContainer - [K3S] [controllermanager.go:717] "Controller is disabled by a feature gate" controller="service-cidr-controller" requiredFeatureGates=["MultiCIDRServiceAllocator"]
2025-01-30 18:28:14,743 INFO c.h.h.t.HelmChartContainer - [K3S] [taint_eviction.go:287] "Sending events to api server"
2025-01-30 18:28:14,759 INFO c.h.h.t.HelmChartContainer - [K3S] [event.go:389] "Event occurred" object="kube-system/runtimes" fieldPath="" kind="Addon" apiVersion="k3s.cattle.io/v1" type="Normal" reason="AppliedManifest" message="Applied manifest at \"/var/lib/rancher/k3s/server/manifests/runtimes.yaml\""
2025-01-30 18:28:14,894 INFO c.h.h.t.HelmChartContainer - [K3S] [controllermanager.go:765] "Started controller" controller="deployment-controller"
2025-01-30 18:28:14,894 INFO c.h.h.t.HelmChartContainer - [K3S] [deployment_controller.go:173] "Starting controller" controller="deployment"
2025-01-30 18:28:15,093 INFO c.h.h.t.HelmChartContainer - [K3S] [controllermanager.go:765] "Started controller" controller="disruption-controller"
2025-01-30 18:28:15,094 INFO c.h.h.t.HelmChartContainer - [K3S] [controllermanager.go:723] "Skipping a cloud provider controller" controller="service-lb-controller"
2025-01-30 18:28:15,094 INFO c.h.h.t.HelmChartContainer - [K3S] [disruption.go:452] "Sending events to api server."
2025-01-30 18:28:15,094 INFO c.h.h.t.HelmChartContainer - [K3S] [disruption.go:463] "Starting disruption controller"
2025-01-30 18:28:15,168 INFO c.h.h.t.HelmChartContainer - [K3S] [serving.go:392] Generated self-signed cert in-memory
2025-01-30 18:28:15,228 INFO c.h.h.t.HelmChartContainer - [K3S] [INFO] Tunnel authorizer set Kubelet Port 0.0.0.0:10250
2025-01-30 18:28:15,243 INFO c.h.h.t.HelmChartContainer - [K3S] [controllermanager.go:765] "Started controller" controller="persistentvolume-binder-controller"
2025-01-30 18:28:15,243 INFO c.h.h.t.HelmChartContainer - [K3S] [controllermanager.go:717] "Controller is disabled by a feature gate" controller="storageversion-garbage-collector-controller" requiredFeatureGates=["APIServerIdentity","StorageVersionAPI"]
2025-01-30 18:28:15,243 INFO c.h.h.t.HelmChartContainer - [K3S] [pv_controller_base.go:308] "Starting persistent volume controller"
2025-01-30 18:28:15,393 INFO c.h.h.t.HelmChartContainer - [K3S] [controllermanager.go:765] "Started controller" controller="ttl-after-finished-controller"
2025-01-30 18:28:15,394 INFO c.h.h.t.HelmChartContainer - [K3S] [controllermanager.go:717] "Controller is disabled by a feature gate" controller="resourceclaim-controller" requiredFeatureGates=["DynamicResourceAllocation"]
2025-01-30 18:28:15,394 INFO c.h.h.t.HelmChartContainer - [K3S] [controllermanager.go:743] "Warning: skipping controller" controller="storage-version-migrator-controller"
2025-01-30 18:28:15,394 INFO c.h.h.t.HelmChartContainer - [K3S] [ttlafterfinished_controller.go:112] "Starting TTL after finished controller"
2025-01-30 18:28:15,496 INFO c.h.h.t.HelmChartContainer - [K3S] [serving.go:392] Generated self-signed cert in-memory
2025-01-30 18:28:15,537 INFO c.h.h.t.HelmChartContainer - [K3S] [handler_proxy.go:99] no RequestInfo found in the context
2025-01-30 18:28:15,538 INFO c.h.h.t.HelmChartContainer - [K3S] [handler_proxy.go:99] no RequestInfo found in the context
2025-01-30 18:28:15,538 INFO c.h.h.t.HelmChartContainer - [K3S] [controller.go:102] "Unhandled Error" err=<
2025-01-30 18:28:15,538 INFO c.h.h.t.HelmChartContainer - [K3S] 	, Header: map[Content-Type:[text/plain; charset=utf-8] X-Content-Type-Options:[nosniff]]
2025-01-30 18:28:15,538 INFO c.h.h.t.HelmChartContainer - [K3S]  >
2025-01-30 18:28:15,550 INFO c.h.h.t.HelmChartContainer - [K3S] [controllermanager.go:765] "Started controller" controller="job-controller"
2025-01-30 18:28:15,550 INFO c.h.h.t.HelmChartContainer - [K3S] [job_controller.go:243] "Starting job controller"
2025-01-30 18:28:15,693 INFO c.h.h.t.HelmChartContainer - [K3S] [controllermanager.go:765] "Started controller" controller="replicaset-controller"
2025-01-30 18:28:15,693 INFO c.h.h.t.HelmChartContainer - [K3S] [replica_set.go:217] "Starting controller" name="replicaset"
2025-01-30 18:28:15,843 INFO c.h.h.t.HelmChartContainer - [K3S] [controllermanager.go:765] "Started controller" controller="statefulset-controller"
2025-01-30 18:28:15,843 INFO c.h.h.t.HelmChartContainer - [K3S] [stateful_set.go:166] "Starting stateful set controller"
2025-01-30 18:28:15,892 INFO c.h.h.t.HelmChartContainer - [K3S] [controllermanager.go:765] "Started controller" controller="certificatesigningrequest-approving-controller"
2025-01-30 18:28:15,892 INFO c.h.h.t.HelmChartContainer - [K3S] [certificate_controller.go:120] "Starting certificate controller" name="csrapproving"
2025-01-30 18:28:15,894 INFO c.h.h.t.HelmChartContainer - [K3S] [controllermanager.go:160] Version: v1.32.1+k3s1
2025-01-30 18:28:15,897 INFO c.h.h.t.HelmChartContainer - [K3S] [requestheader_controller.go:180] Starting RequestHeaderAuthRequestController
2025-01-30 18:28:15,897 INFO c.h.h.t.HelmChartContainer - [K3S] [configmap_cafile_content.go:205] "Starting controller" name="client-ca::kube-system::extension-apiserver-authentication::client-ca-file"
2025-01-30 18:28:15,897 INFO c.h.h.t.HelmChartContainer - [K3S] [configmap_cafile_content.go:205] "Starting controller" name="client-ca::kube-system::extension-apiserver-authentication::requestheader-client-ca-file"
2025-01-30 18:28:15,899 INFO c.h.h.t.HelmChartContainer - [K3S] [secure_serving.go:213] Serving securely on 127.0.0.1:10258
2025-01-30 18:28:15,899 INFO c.h.h.t.HelmChartContainer - [K3S] [tlsconfig.go:243] "Starting DynamicServingCertificateController"
2025-01-30 18:28:15,902 INFO c.h.h.t.HelmChartContainer - [K3S] [INFO] Creating service-lb-controller event broadcaster
2025-01-30 18:28:16,014 INFO c.h.h.t.HelmChartContainer - [K3S] [INFO] Starting /v1, Kind=Node controller
2025-01-30 18:28:16,019 INFO c.h.h.t.HelmChartContainer - [K3S] [INFO] Starting /v1, Kind=Pod controller
2025-01-30 18:28:16,021 INFO c.h.h.t.HelmChartContainer - [K3S] [INFO] Starting apps/v1, Kind=DaemonSet controller
2025-01-30 18:28:16,024 INFO c.h.h.t.HelmChartContainer - [K3S] [controllermanager.go:306] "node-route-controller" is disabled
2025-01-30 18:28:16,024 INFO c.h.h.t.HelmChartContainer - [K3S] [INFO] Starting discovery.k8s.io/v1, Kind=EndpointSlice controller
2025-01-30 18:28:16,024 INFO c.h.h.t.HelmChartContainer - [K3S] [controllermanager.go:329] Started "cloud-node-controller"
2025-01-30 18:28:16,024 INFO c.h.h.t.HelmChartContainer - [K3S] [node_controller.go:176] Sending events to api server.
2025-01-30 18:28:16,025 INFO c.h.h.t.HelmChartContainer - [K3S] [node_controller.go:185] Waiting for informer caches to sync
2025-01-30 18:28:16,025 INFO c.h.h.t.HelmChartContainer - [K3S] [controllermanager.go:329] Started "cloud-node-lifecycle-controller"
2025-01-30 18:28:16,027 INFO c.h.h.t.HelmChartContainer - [K3S] [node_lifecycle_controller.go:112] Sending events to api server
2025-01-30 18:28:16,027 INFO c.h.h.t.HelmChartContainer - [K3S] [controllermanager.go:329] Started "service-lb-controller"
2025-01-30 18:28:16,027 INFO c.h.h.t.HelmChartContainer - [K3S] [controller.go:234] Starting service controller
2025-01-30 18:28:16,043 INFO c.h.h.t.HelmChartContainer - [K3S] [controllermanager.go:765] "Started controller" controller="persistentvolume-attach-detach-controller"
2025-01-30 18:28:16,043 INFO c.h.h.t.HelmChartContainer - [K3S] [attach_detach_controller.go:338] "Starting attach detach controller"
2025-01-30 18:28:16,099 INFO c.h.h.t.HelmChartContainer - [K3S] [actual_state_of_world.go:541] "Failed to update statusUpdateNeeded field in actual state of world" err="Failed to set statusUpdateNeeded to needed true, because nodeName=\"765eedb3b269\" does not exist"
2025-01-30 18:28:16,125 INFO c.h.h.t.HelmChartContainer - [K3S] [node_controller.go:429] Initializing node 765eedb3b269 with cloud provider
2025-01-30 18:28:16,129 INFO c.h.h.t.HelmChartContainer - [K3S] [node_controller.go:474] Successfully initialized node 765eedb3b269 with cloud provider
2025-01-30 18:28:16,135 INFO c.h.h.t.HelmChartContainer - [K3S] [event.go:389] "Event occurred" object="765eedb3b269" fieldPath="" kind="Node" apiVersion="v1" type="Normal" reason="Synced" message="Node synced successfully"
2025-01-30 18:28:16,141 INFO c.h.h.t.HelmChartContainer - [K3S] [INFO] Updated coredns NodeHosts entry for 765eedb3b269
2025-01-30 18:28:16,148 INFO c.h.h.t.HelmChartContainer - [K3S] [range_allocator.go:177] "Sending events to api server"
2025-01-30 18:28:16,148 INFO c.h.h.t.HelmChartContainer - [K3S] [range_allocator.go:183] "Starting range CIDR allocator"
2025-01-30 18:28:16,155 INFO c.h.h.t.HelmChartContainer - [K3S] [INFO] Flannel found PodCIDR assigned for node 765eedb3b269
2025-01-30 18:28:16,163 INFO c.h.h.t.HelmChartContainer - [K3S] [range_allocator.go:428] "Set node PodCIDR" node="765eedb3b269" podCIDRs=["10.42.0.0/24"]
2025-01-30 18:28:16,163 INFO c.h.h.t.HelmChartContainer - [K3S] [range_allocator.go:247] "Successfully synced" key="765eedb3b269"
2025-01-30 18:28:16,163 INFO c.h.h.t.HelmChartContainer - [K3S] [range_allocator.go:247] "Successfully synced" key="765eedb3b269"
2025-01-30 18:28:16,163 INFO c.h.h.t.HelmChartContainer - [K3S] [INFO] The interface eth0 with ipv4 address 172.18.0.2 will be used by flannel
2025-01-30 18:28:16,164 INFO c.h.h.t.HelmChartContainer - [K3S] [kube.go:139] Waiting 10m0s for node controller to sync
2025-01-30 18:28:16,165 INFO c.h.h.t.HelmChartContainer - [K3S] [kube.go:469] Starting kube subnet manager
2025-01-30 18:28:16,193 INFO c.h.h.t.HelmChartContainer - [K3S] [node_lifecycle_controller.go:1234] "Initializing eviction metric for zone" zone=""
2025-01-30 18:28:16,193 INFO c.h.h.t.HelmChartContainer - [K3S] [node_lifecycle_controller.go:886] "Missing timestamp for Node. Assuming now as a timestamp" node="765eedb3b269"
2025-01-30 18:28:16,194 INFO c.h.h.t.HelmChartContainer - [K3S] [node_lifecycle_controller.go:1080] "Controller detected that zone is now in new state" zone="" newState="Normal"
2025-01-30 18:28:16,200 INFO c.h.h.t.HelmChartContainer - [K3S] [range_allocator.go:247] "Successfully synced" key="765eedb3b269"
2025-01-30 18:28:16,227 INFO c.h.h.t.HelmChartContainer - [K3S] [INFO] Started tunnel to 172.18.0.2:6443
2025-01-30 18:28:16,228 INFO c.h.h.t.HelmChartContainer - [K3S] [INFO] Stopped tunnel to 127.0.0.1:6443
2025-01-30 18:28:16,228 INFO c.h.h.t.HelmChartContainer - [K3S] [INFO] Connecting to proxy" url="wss://172.18.0.2:6443/v1-k3s/connect
2025-01-30 18:28:16,228 INFO c.h.h.t.HelmChartContainer - [K3S] [INFO] Proxy done" err="context canceled" url="wss://127.0.0.1:6443/v1-k3s/connect
2025-01-30 18:28:16,228 INFO c.h.h.t.HelmChartContainer - [K3S] [INFO] error in remotedialer server [400]: websocket: close 1006 (abnormal closure): unexpected EOF
2025-01-30 18:28:16,230 INFO c.h.h.t.HelmChartContainer - [K3S] [INFO] Handling backend connection request [765eedb3b269]
2025-01-30 18:28:16,230 INFO c.h.h.t.HelmChartContainer - [K3S] [INFO] Remotedialer connected to proxy" url="wss://172.18.0.2:6443/v1-k3s/connect
2025-01-30 18:28:16,273 INFO c.h.h.t.HelmChartContainer - [K3S] [INFO] Starting network policy controller version v2.2.1, built on 2025-01-28T18:27:08Z, go1.23.4
2025-01-30 18:28:16,273 INFO c.h.h.t.HelmChartContainer - [K3S] [network_policy_controller.go:164] Starting network policy controller
2025-01-30 18:28:16,300 INFO c.h.h.t.HelmChartContainer - [K3S] [network_policy_controller.go:176] Starting network policy controller full sync goroutine
2025-01-30 18:28:16,439 INFO c.h.h.t.HelmChartContainer - [K3S] [serving.go:392] Generated self-signed cert in-memory
2025-01-30 18:28:16,723 INFO c.h.h.t.HelmChartContainer - [K3S] [server.go:164] "Starting Kubernetes Scheduler" version="v1.32.1+k3s1"
2025-01-30 18:28:16,724 INFO c.h.h.t.HelmChartContainer - [K3S] [server.go:166] "Golang settings" GOGC="" GOMAXPROCS="" GOTRACEBACK=""
2025-01-30 18:28:16,726 INFO c.h.h.t.HelmChartContainer - [K3S] [requestheader_controller.go:180] Starting RequestHeaderAuthRequestController
2025-01-30 18:28:16,726 INFO c.h.h.t.HelmChartContainer - [K3S] [configmap_cafile_content.go:205] "Starting controller" name="client-ca::kube-system::extension-apiserver-authentication::requestheader-client-ca-file"
2025-01-30 18:28:16,727 INFO c.h.h.t.HelmChartContainer - [K3S] [secure_serving.go:213] Serving securely on 127.0.0.1:10259
2025-01-30 18:28:16,729 INFO c.h.h.t.HelmChartContainer - [K3S] [configmap_cafile_content.go:205] "Starting controller" name="client-ca::kube-system::extension-apiserver-authentication::client-ca-file"
2025-01-30 18:28:16,729 INFO c.h.h.t.HelmChartContainer - [K3S] [tlsconfig.go:243] "Starting DynamicServingCertificateController"
2025-01-30 18:28:16,797 INFO c.h.h.t.HelmChartContainer - [K3S] [range_allocator.go:247] "Successfully synced" key="765eedb3b269"
2025-01-30 18:28:16,849 INFO c.h.h.t.HelmChartContainer - [K3S] [handler_proxy.go:99] no RequestInfo found in the context
2025-01-30 18:28:16,850 INFO c.h.h.t.HelmChartContainer - [K3S] [controller.go:146] "Unhandled Error" err=<
2025-01-30 18:28:16,850 INFO c.h.h.t.HelmChartContainer - [K3S] 	, Header: map[Content-Type:[text/plain; charset=utf-8] X-Content-Type-Options:[nosniff]]
2025-01-30 18:28:16,850 INFO c.h.h.t.HelmChartContainer - [K3S]  >
2025-01-30 18:28:16,850 INFO c.h.h.t.HelmChartContainer - [K3S] [handler_proxy.go:143] error resolving kube-system/metrics-server: no endpoints available for service "metrics-server"
2025-01-30 18:28:16,964 INFO c.h.h.t.HelmChartContainer - [K3S] [replica_set.go:679] "Finished syncing" kind="ReplicaSet" key="kube-system/local-path-provisioner-698b58967b" duration="565.144397ms"
2025-01-30 18:28:16,965 INFO c.h.h.t.HelmChartContainer - [K3S] [replica_set.go:679] "Finished syncing" kind="ReplicaSet" key="kube-system/metrics-server-8584b5786c" duration="565.564599ms"
2025-01-30 18:28:16,965 INFO c.h.h.t.HelmChartContainer - [K3S] [replica_set.go:679] "Finished syncing" kind="ReplicaSet" key="kube-system/coredns-ff8999cc5" duration="565.730591ms"
2025-01-30 18:28:16,979 INFO c.h.h.t.HelmChartContainer - [K3S] [replica_set.go:679] "Finished syncing" kind="ReplicaSet" key="kube-system/coredns-ff8999cc5" duration="13.732669ms"
2025-01-30 18:28:16,980 INFO c.h.h.t.HelmChartContainer - [K3S] [replica_set.go:679] "Finished syncing" kind="ReplicaSet" key="kube-system/coredns-ff8999cc5" duration="51.326µs"
2025-01-30 18:28:16,983 INFO c.h.h.t.HelmChartContainer - [K3S] [replica_set.go:679] "Finished syncing" kind="ReplicaSet" key="kube-system/metrics-server-8584b5786c" duration="18.206353ms"
2025-01-30 18:28:16,984 INFO c.h.h.t.HelmChartContainer - [K3S] [replica_set.go:679] "Finished syncing" kind="ReplicaSet" key="kube-system/metrics-server-8584b5786c" duration="40.365µs"
2025-01-30 18:28:16,984 INFO c.h.h.t.HelmChartContainer - [K3S] [replica_set.go:679] "Finished syncing" kind="ReplicaSet" key="kube-system/local-path-provisioner-698b58967b" duration="18.50128ms"
2025-01-30 18:28:16,984 INFO c.h.h.t.HelmChartContainer - [K3S] [replica_set.go:679] "Finished syncing" kind="ReplicaSet" key="kube-system/local-path-provisioner-698b58967b" duration="20.017µs"
2025-01-30 18:28:16,984 INFO c.h.h.t.HelmChartContainer - [K3S] [replica_set.go:679] "Finished syncing" kind="ReplicaSet" key="kube-system/local-path-provisioner-698b58967b" duration="32.611µs"
2025-01-30 18:28:16,990 INFO c.h.h.t.HelmChartContainer - [K3S] [replica_set.go:679] "Finished syncing" kind="ReplicaSet" key="kube-system/local-path-provisioner-698b58967b" duration="24.817µs"
2025-01-30 18:28:16,999 INFO c.h.h.t.HelmChartContainer - [K3S] [replica_set.go:679] "Finished syncing" kind="ReplicaSet" key="kube-system/coredns-ff8999cc5" duration="34.034µs"
2025-01-30 18:28:17,004 INFO c.h.h.t.HelmChartContainer - [K3S] [replica_set.go:679] "Finished syncing" kind="ReplicaSet" key="kube-system/metrics-server-8584b5786c" duration="27.592µs"
2025-01-30 18:28:17,014 INFO c.h.h.t.HelmChartContainer - [K3S] [reconciler_common.go:251] "operationExecutor.VerifyControllerAttachedVolume started for volume \"config-volume\" (UniqueName: \"kubernetes.io/configmap/fd588daf-2eaf-427b-8848-8e51199785ad-config-volume\") pod \"local-path-provisioner-698b58967b-ffzzd\" (UID: \"fd588daf-2eaf-427b-8848-8e51199785ad\") " pod="kube-system/local-path-provisioner-698b58967b-ffzzd"
2025-01-30 18:28:17,015 INFO c.h.h.t.HelmChartContainer - [K3S] [reconciler_common.go:251] "operationExecutor.VerifyControllerAttachedVolume started for volume \"kube-api-access-8kksv\" (UniqueName: \"kubernetes.io/projected/fd588daf-2eaf-427b-8848-8e51199785ad-kube-api-access-8kksv\") pod \"local-path-provisioner-698b58967b-ffzzd\" (UID: \"fd588daf-2eaf-427b-8848-8e51199785ad\") " pod="kube-system/local-path-provisioner-698b58967b-ffzzd"
2025-01-30 18:28:17,015 INFO c.h.h.t.HelmChartContainer - [K3S] [reconciler_common.go:251] "operationExecutor.VerifyControllerAttachedVolume started for volume \"config-volume\" (UniqueName: \"kubernetes.io/configmap/d6850605-49d5-4434-8ab2-85c8f2972143-config-volume\") pod \"coredns-ff8999cc5-zbkt4\" (UID: \"d6850605-49d5-4434-8ab2-85c8f2972143\") " pod="kube-system/coredns-ff8999cc5-zbkt4"
2025-01-30 18:28:17,015 INFO c.h.h.t.HelmChartContainer - [K3S] [reconciler_common.go:251] "operationExecutor.VerifyControllerAttachedVolume started for volume \"custom-config-volume\" (UniqueName: \"kubernetes.io/configmap/d6850605-49d5-4434-8ab2-85c8f2972143-custom-config-volume\") pod \"coredns-ff8999cc5-zbkt4\" (UID: \"d6850605-49d5-4434-8ab2-85c8f2972143\") " pod="kube-system/coredns-ff8999cc5-zbkt4"
2025-01-30 18:28:17,015 INFO c.h.h.t.HelmChartContainer - [K3S] [reconciler_common.go:251] "operationExecutor.VerifyControllerAttachedVolume started for volume \"kube-api-access-nf7df\" (UniqueName: \"kubernetes.io/projected/d6850605-49d5-4434-8ab2-85c8f2972143-kube-api-access-nf7df\") pod \"coredns-ff8999cc5-zbkt4\" (UID: \"d6850605-49d5-4434-8ab2-85c8f2972143\") " pod="kube-system/coredns-ff8999cc5-zbkt4"
2025-01-30 18:28:17,015 INFO c.h.h.t.HelmChartContainer - [K3S] [reconciler_common.go:251] "operationExecutor.VerifyControllerAttachedVolume started for volume \"tmp-dir\" (UniqueName: \"kubernetes.io/empty-dir/a153edfd-20b2-4721-985b-cf1b1c678108-tmp-dir\") pod \"metrics-server-8584b5786c-w9zht\" (UID: \"a153edfd-20b2-4721-985b-cf1b1c678108\") " pod="kube-system/metrics-server-8584b5786c-w9zht"
2025-01-30 18:28:17,015 INFO c.h.h.t.HelmChartContainer - [K3S] [reconciler_common.go:251] "operationExecutor.VerifyControllerAttachedVolume started for volume \"kube-api-access-xnl2v\" (UniqueName: \"kubernetes.io/projected/a153edfd-20b2-4721-985b-cf1b1c678108-kube-api-access-xnl2v\") pod \"metrics-server-8584b5786c-w9zht\" (UID: \"a153edfd-20b2-4721-985b-cf1b1c678108\") " pod="kube-system/metrics-server-8584b5786c-w9zht"
2025-01-30 18:28:17,165 INFO c.h.h.t.HelmChartContainer - [K3S] [kube.go:146] Node controller sync successful
2025-01-30 18:28:17,166 INFO c.h.h.t.HelmChartContainer - [K3S] [vxlan.go:141] VXLAN config: VNI=1 Port=0 GBP=false Learning=false DirectRouting=false
2025-01-30 18:28:17,168 INFO c.h.h.t.HelmChartContainer - [K3S] [kube.go:636] List of node(765eedb3b269) annotations: map[string]string{"alpha.kubernetes.io/provided-node-ip":"172.18.0.2", "k3s.io/hostname":"765eedb3b269", "k3s.io/internal-ip":"172.18.0.2", "k3s.io/node-args":"[\"server\",\"--etcd-arg\",\"unsafe-no-fsync\",\"--etcd-arg\",\"snapshot-count=10000\",\"--etcd-arg\",\"auto-compaction-mode=revision\",\"--etcd-arg\",\"auto-compaction-retention=1000000\",\"--kube-apiserver-arg\",\"etcd-compaction-interval=0s\",\"--disable\",\"traefik\",\"--tls-san\",\"localhost\"]", "k3s.io/node-config-hash":"2QNNT5M5XUBFOLO5XPGEVGOM5UDLHHTIVMSRUPAUHE5DU3HUYQUQ====", "k3s.io/node-env":"{}", "node.alpha.kubernetes.io/ttl":"0", "volumes.kubernetes.io/controller-managed-attach-detach":"true"}
2025-01-30 18:28:17,173 INFO c.h.h.t.HelmChartContainer - [K3S] [iptables.go:51] Starting flannel in iptables mode...
2025-01-30 18:28:17,173 INFO c.h.h.t.HelmChartContainer - [K3S] [kube.go:490] Creating the node lease for IPv4. This is the n.Spec.PodCIDRs: [10.42.0.0/24]
2025-01-30 18:28:17,173 INFO c.h.h.t.HelmChartContainer - [K3S] [WARNING] no subnet found for key: FLANNEL_NETWORK in file: /run/flannel/subnet.env
2025-01-30 18:28:17,173 INFO c.h.h.t.HelmChartContainer - [K3S] [WARNING] no subnet found for key: FLANNEL_SUBNET in file: /run/flannel/subnet.env
2025-01-30 18:28:17,173 INFO c.h.h.t.HelmChartContainer - [K3S] [WARNING] no subnet found for key: FLANNEL_IPV6_NETWORK in file: /run/flannel/subnet.env
2025-01-30 18:28:17,173 INFO c.h.h.t.HelmChartContainer - [K3S] [WARNING] no subnet found for key: FLANNEL_IPV6_SUBNET in file: /run/flannel/subnet.env
2025-01-30 18:28:17,173 INFO c.h.h.t.HelmChartContainer - [K3S] [iptables.go:115] Current network or subnet (10.42.0.0/16, 10.42.0.0/24) is not equal to previous one (0.0.0.0/0, 0.0.0.0/0), trying to recycle old iptables rules
2025-01-30 18:28:17,173 INFO c.h.h.t.HelmChartContainer - [K3S] [range_allocator.go:247] "Successfully synced" key="765eedb3b269"
2025-01-30 18:28:17,180 INFO c.h.h.t.HelmChartContainer - [K3S] [iptables.go:125] Setting up masking rules
2025-01-30 18:28:17,182 INFO c.h.h.t.HelmChartContainer - [K3S] [iptables.go:226] Changing default FORWARD chain policy to ACCEPT
2025-01-30 18:28:17,185 INFO c.h.h.t.HelmChartContainer - [K3S] [INFO] Wrote flannel subnet file to /run/flannel/subnet.env
2025-01-30 18:28:17,185 INFO c.h.h.t.HelmChartContainer - [K3S] [INFO] Running flannel backend.
2025-01-30 18:28:17,185 INFO c.h.h.t.HelmChartContainer - [K3S] [vxlan_network.go:65] watching for new subnet leases
2025-01-30 18:28:17,193 INFO c.h.h.t.HelmChartContainer - [K3S] [iptables.go:372] bootstrap done
2025-01-30 18:28:17,199 INFO c.h.h.t.HelmChartContainer - [K3S] [iptables.go:372] bootstrap done
2025-01-30 18:28:17,851 INFO c.h.h.t.HelmChartContainer - [K3S] [handler_proxy.go:99] no RequestInfo found in the context
2025-01-30 18:28:17,852 INFO c.h.h.t.HelmChartContainer - [K3S] [handler_proxy.go:99] no RequestInfo found in the context
2025-01-30 18:28:17,852 INFO c.h.h.t.HelmChartContainer - [K3S] [controller.go:102] "Unhandled Error" err=<
2025-01-30 18:28:17,852 INFO c.h.h.t.HelmChartContainer - [K3S] 	, Header: map[Content-Type:[text/plain; charset=utf-8] X-Content-Type-Options:[nosniff]]
2025-01-30 18:28:17,852 INFO c.h.h.t.HelmChartContainer - [K3S]  >
2025-01-30 18:28:20,348 DEBUG c.h.h.t.HelmChartContainer - Image file loaded 'hivemq-platform-operator.tar'
2025-01-30 18:28:20,716 INFO c.h.h.t.HelmChartContainer - [K3S] [kuberuntime_manager.go:1702] "Updating runtime config through cri with podcidr" CIDR="10.42.0.0/24"
2025-01-30 18:28:20,717 INFO c.h.h.t.HelmChartContainer - [K3S] [kubelet_network.go:61] "Updating Pod CIDR" originalPodCIDR="" newPodCIDR="10.42.0.0/24"
2025-01-30 18:28:20,724 INFO c.h.h.t.HelmChartContainer - [K3S] [range_allocator.go:247] "Successfully synced" key="765eedb3b269"
2025-01-30 18:28:20,812 DEBUG c.h.h.t.HelmChartContainer - Image file loaded 'hivemq-platform-operator-init.tar'
2025-01-30 18:28:22,357 INFO c.h.h.t.HelmChartContainer - [K3S] [replica_set.go:679] "Finished syncing" kind="ReplicaSet" key="kube-system/metrics-server-8584b5786c" duration="39.094µs"
2025-01-30 18:28:22,463 INFO c.h.h.t.HelmChartContainer - [K3S] [replica_set.go:679] "Finished syncing" kind="ReplicaSet" key="kube-system/local-path-provisioner-698b58967b" duration="8.8475ms"
2025-01-30 18:28:22,464 INFO c.h.h.t.HelmChartContainer - [K3S] [replica_set.go:679] "Finished syncing" kind="ReplicaSet" key="kube-system/local-path-provisioner-698b58967b" duration="42.09µs"
2025-01-30 18:28:22,485 INFO c.h.h.t.HelmChartContainer - [K3S] [replica_set.go:679] "Finished syncing" kind="ReplicaSet" key="kube-system/coredns-ff8999cc5" duration="16.458511ms"
2025-01-30 18:28:22,486 INFO c.h.h.t.HelmChartContainer - [K3S] [replica_set.go:679] "Finished syncing" kind="ReplicaSet" key="kube-system/coredns-ff8999cc5" duration="33.784µs"
2025-01-30 18:28:27,312 DEBUG c.h.h.t.HelmChartContainer - Image file loaded 'hivemq-platform.tar'
2025-01-30 18:28:27,312 DEBUG c.h.h.t.HelmChartContainer - Successful Helm chart Container startup
2025-01-30 18:28:27,326 INFO t.localhost/testcontainers/bhahau33mktezcqw:latest - Container localhost/testcontainers/bhahau33mktezcqw:latest started in PT22.305445062S
2025-01-30 18:28:27,335 DEBUG c.h.h.t.HelmChartContainer - Executing helm command: /bin/helm --kubeconfig /etc/rancher/k3s/k3s.yaml repo add hivemq https://hivemq.github.io/helm-charts
2025-01-30 18:28:28,759 INFO c.h.h.t.HelmChartContainer - [EVENT] Normal [Starting] Starting kubelet. [null:765eedb3b269]
2025-01-30 18:28:28,760 INFO c.h.h.t.HelmChartContainer - Saved kubeconfig file on /tmp/kubeconfig-14566761413768993800.yaml
2025-01-30 18:28:28,760 INFO c.h.h.t.HelmChartContainer - HelmChartContainer is started
2025-01-30 18:28:28,761 INFO c.h.h.t.HelmChartContainer - [EVENT] Warning [InvalidDiskCapacity] invalid capacity 0 on image filesystem [null:765eedb3b269]
2025-01-30 18:28:28,762 INFO c.h.h.t.HelmChartContainer - [EVENT] Normal [NodeHasSufficientMemory] Node 765eedb3b269 status is now: NodeHasSufficientMemory [null:765eedb3b269]
2025-01-30 18:28:28,763 INFO c.h.h.t.HelmChartContainer - [EVENT] Normal [NodeHasNoDiskPressure] Node 765eedb3b269 status is now: NodeHasNoDiskPressure [null:765eedb3b269]
2025-01-30 18:28:28,764 INFO c.h.h.t.HelmChartContainer - [EVENT] Normal [NodeHasSufficientPID] Node 765eedb3b269 status is now: NodeHasSufficientPID [null:765eedb3b269]
2025-01-30 18:28:28,767 INFO c.h.h.t.HelmChartContainer - [EVENT] Normal [NodeAllocatableEnforced] Updated Node Allocatable limit across pods [null:765eedb3b269]
2025-01-30 18:28:28,769 INFO c.h.h.t.HelmChartContainer - [EVENT] Normal [NodeReady] Node 765eedb3b269 status is now: NodeReady [null:765eedb3b269]
2025-01-30 18:28:28,773 INFO c.h.h.t.HelmChartContainer - [EVENT] Normal [NodePasswordValidationComplete] Deferred node password secret validation complete [null:765eedb3b269]
2025-01-30 18:28:28,775 INFO c.h.h.t.HelmChartContainer - [EVENT] Normal [Synced] Node synced successfully [null:765eedb3b269]
2025-01-30 18:28:28,775 INFO c.h.h.t.HelmChartContainer - [EVENT] Normal [RegisteredNode] Node 765eedb3b269 event: Registered Node 765eedb3b269 in Controller [null:765eedb3b269]
]]></system-out>
  <system-err><![CDATA[]]></system-err>
</testsuite>
