<?xml version="1.0" encoding="UTF-8"?>
<testsuite name="com.hivemq.helmcharts.platform.HelmPlatformTlsIT" tests="2" skipped="0" failures="0" errors="0" timestamp="2025-09-30T12:06:52" hostname="runnervm3ublj" time="197.34">
  <properties/>
  <testcase name="platformChart_whenTlsEnabled_hivemqRunning()" classname="com.hivemq.helmcharts.platform.HelmPlatformTlsIT" time="103.754"/>
  <testcase name="platformChart_whenTlsEnabledWithDifferentPrivateKey_hivemqRunning()" classname="com.hivemq.helmcharts.platform.HelmPlatformTlsIT" time="93.586"/>
</testsuite>
