<?xml version="1.0" encoding="UTF-8"?>
<testsuite name="com.hivemq.helmcharts.services.HelmControlCenterIT" tests="5" skipped="0" failures="0" errors="0" timestamp="2025-04-21T06:50:40" hostname="fv-az2032-735" time="446.992">
  <properties/>
  <testcase name="platformChart_withCustomServiceName_thenAbleToLogin()" classname="com.hivemq.helmcharts.services.HelmControlCenterIT" time="89.139"/>
  <testcase name="platformChart_whenTlsEnabledWithDifferentPrivateKey_thenAbleToLogin(Path)" classname="com.hivemq.helmcharts.services.HelmControlCenterIT" time="95.217"/>
  <testcase name="platformChart_whenTlsEnabled_thenAbleToLogin(Path)" classname="com.hivemq.helmcharts.services.HelmControlCenterIT" time="91.008"/>
  <testcase name="platformChart_whenControlCenterEnabled_thenAbleToLogin()" classname="com.hivemq.helmcharts.services.HelmControlCenterIT" time="86.217"/>
  <testcase name="platformChart_whenOverrideControlCenter_thenAbleToLogin()" classname="com.hivemq.helmcharts.services.HelmControlCenterIT" time="85.408"/>
</testsuite>
