<?xml version="1.0" encoding="UTF-8"?>
<testsuite name="com.hivemq.helmcharts.monitoring.HelmMonitoringPlatformIT" tests="1" skipped="0" failures="0" errors="0" timestamp="2025-01-28T21:20:17" hostname="fv-az791-360" time="216.854">
  <properties/>
  <testcase name="withPlatformMonitoringEnabled_metricsAndDashboardAvailable()" classname="com.hivemq.helmcharts.monitoring.HelmMonitoringPlatformIT" time="216.854">
    <system-out><![CDATA[2025-01-28 21:20:17,515 INFO c.h.h.t.HelmChartContainer - Creating namespace 'helmmonitoringplatformit-operator'...
2025-01-28 21:20:17,522 INFO c.h.h.t.HelmChartContainer - Namespace 'helmmonitoringplatformit-operator' created
2025-01-28 21:20:17,522 INFO c.h.h.t.HelmChartContainer - Creating namespace 'helmmonitoringplatformit'...
2025-01-28 21:20:17,530 INFO c.h.h.t.HelmChartContainer - Namespace 'helmmonitoringplatformit' created
2025-01-28 21:20:17,608 DEBUG c.h.h.t.HelmChartContainer - Executing helm command: /bin/helm --kubeconfig /etc/rancher/k3s/k3s.yaml install test-hivemq-platform-operator /charts/hivemq-platform-operator --wait --timeout 5m0s --set image.repository=docker.io/hivemq --set image.name=hivemq-platform-operator-test --set image.initImageName=hivemq-platform-operator-init-test --set image.tag=snapshot --set image.pullPolicy=Never --set logLevel=DEBUG --set resources.cpu=512m --namespace helmmonitoringplatformit-operator
2025-01-28 21:20:17,930 INFO c.h.h.t.HelmChartContainer - [K3S] [alloc.go:330] "allocated clusterIPs" service="helmmonitoringplatformit-operator/hivemq-platform-operator-test-hivemq-platform-operator" clusterIPs={"IPv4":"10.43.29.78"}
2025-01-28 21:20:17,952 INFO c.h.h.t.HelmChartContainer - [K3S] [replica_set.go:679] "Finished syncing" kind="ReplicaSet" key="helmmonitoringplatformit-operator/hivemq-test-hivemq-platform-operator-6966f96d65" duration="12.708006ms"
2025-01-28 21:20:17,955 INFO c.h.h.t.HelmChartContainer - [EVENT] Normal [ScalingReplicaSet] Scaled up replica set hivemq-test-hivemq-platform-operator-6966f96d65 from 0 to 1 [helmmonitoringplatformit-operator:hivemq-test-hivemq-platform-operator]
2025-01-28 21:20:17,955 INFO c.h.h.t.HelmChartContainer - [EVENT] Normal [SuccessfulCreate] Created pod: hivemq-test-hivemq-platform-operator-6966f96d65-nfpxd [helmmonitoringplatformit-operator:hivemq-test-hivemq-platform-operator-6966f96d65]
2025-01-28 21:20:17,956 INFO c.h.h.t.HelmChartContainer - [POD] hivemq-test-hivemq-platform-operator-6966f96d65-nfpxd [688b8613-ad84-44b2-9671-e8817e70feed] in helmmonitoringplatformit-operator was ADDED
2025-01-28 21:20:17,962 INFO c.h.h.t.HelmChartContainer - [K3S] [replica_set.go:679] "Finished syncing" kind="ReplicaSet" key="helmmonitoringplatformit-operator/hivemq-test-hivemq-platform-operator-6966f96d65" duration="6.022252ms"
2025-01-28 21:20:17,966 INFO c.h.h.t.HelmChartContainer - [K3S] [memory_manager.go:355] "RemoveStaleState removing state" podUID="a4b4df56-ac17-4989-850b-6555cbe11970" containerName="hivemq-platform-operator"
2025-01-28 21:20:17,966 INFO c.h.h.t.HelmChartContainer - [K3S] [memory_manager.go:355] "RemoveStaleState removing state" podUID="70bcec7a-a5ff-4a63-80ca-b171e03b0334" containerName="hivemq"
2025-01-28 21:20:17,967 INFO c.h.h.t.HelmChartContainer - [POD] hivemq-test-hivemq-platform-operator-6966f96d65-nfpxd [688b8613-ad84-44b2-9671-e8817e70feed] in helmmonitoringplatformit-operator was MODIFIED
2025-01-28 21:20:17,974 INFO c.h.h.t.HelmChartContainer - [EVENT] Normal [Scheduled] Successfully assigned helmmonitoringplatformit-operator/hivemq-test-hivemq-platform-operator-6966f96d65-nfpxd to d1dd1cbcc0a3 [helmmonitoringplatformit-operator:hivemq-test-hivemq-platform-operator-6966f96d65-nfpxd]
2025-01-28 21:20:17,981 INFO c.h.h.t.HelmChartContainer - [K3S] [replica_set.go:679] "Finished syncing" kind="ReplicaSet" key="helmmonitoringplatformit-operator/hivemq-test-hivemq-platform-operator-6966f96d65" duration="19.161008ms"
2025-01-28 21:20:17,981 INFO c.h.h.t.HelmChartContainer - [K3S] [replica_set.go:679] "Finished syncing" kind="ReplicaSet" key="helmmonitoringplatformit-operator/hivemq-test-hivemq-platform-operator-6966f96d65" duration="33.192µs"
2025-01-28 21:20:17,984 INFO c.h.h.t.HelmChartContainer - [K3S] [replica_set.go:679] "Finished syncing" kind="ReplicaSet" key="helmmonitoringplatformit-operator/hivemq-test-hivemq-platform-operator-6966f96d65" duration="28.192µs"
2025-01-28 21:20:17,985 INFO c.h.h.t.HelmChartContainer - [POD] hivemq-test-hivemq-platform-operator-6966f96d65-nfpxd [688b8613-ad84-44b2-9671-e8817e70feed] in helmmonitoringplatformit-operator was MODIFIED
2025-01-28 21:20:18,053 INFO c.h.h.t.HelmChartContainer - [K3S] [reconciler_common.go:251] "operationExecutor.VerifyControllerAttachedVolume started for volume \"kube-api-access-lrzjg\" (UniqueName: \"kubernetes.io/projected/688b8613-ad84-44b2-9671-e8817e70feed-kube-api-access-lrzjg\") pod \"hivemq-test-hivemq-platform-operator-6966f96d65-nfpxd\" (UID: \"688b8613-ad84-44b2-9671-e8817e70feed\") " pod="helmmonitoringplatformit-operator/hivemq-test-hivemq-platform-operator-6966f96d65-nfpxd"
2025-01-28 21:20:18,351 INFO c.h.h.t.HelmChartContainer - [EVENT] Normal [Pulled] Container image "docker.io/hivemq/hivemq-platform-operator-test:snapshot" already present on machine [helmmonitoringplatformit-operator:hivemq-test-hivemq-platform-operator-6966f96d65-nfpxd]
2025-01-28 21:20:18,351 INFO c.h.h.t.HelmChartContainer - Received Pulled event for container hivemq-platform-operator in pod hivemq-test-hivemq-platform-operator-6966f96d65-nfpxd [688b8613-ad84-44b2-9671-e8817e70feed]
2025-01-28 21:20:19,938 INFO c.h.h.t.HelmChartContainer - [EVENT] Normal [Created] Created container: hivemq-platform-operator [helmmonitoringplatformit-operator:hivemq-test-hivemq-platform-operator-6966f96d65-nfpxd]
2025-01-28 21:20:19,938 INFO c.h.h.t.HelmChartContainer - Received Created event for container hivemq-platform-operator in pod hivemq-test-hivemq-platform-operator-6966f96d65-nfpxd [688b8613-ad84-44b2-9671-e8817e70feed]
2025-01-28 21:20:20,774 INFO c.h.h.t.HelmChartContainer - [K3S] [replica_set.go:679] "Finished syncing" kind="ReplicaSet" key="helmmonitoringplatformit-operator/hivemq-test-hivemq-platform-operator-6966f96d65" duration="73.617µs"
2025-01-28 21:20:20,781 INFO c.h.h.t.HelmChartContainer - [POD] hivemq-test-hivemq-platform-operator-6966f96d65-nfpxd [688b8613-ad84-44b2-9671-e8817e70feed] in helmmonitoringplatformit-operator was MODIFIED
2025-01-28 21:20:20,788 INFO c.h.h.t.HelmChartContainer - [EVENT] Normal [Started] Started container hivemq-platform-operator [helmmonitoringplatformit-operator:hivemq-test-hivemq-platform-operator-6966f96d65-nfpxd]
2025-01-28 21:20:20,788 INFO c.h.h.t.HelmChartContainer - Received Started event for container hivemq-platform-operator in pod hivemq-test-hivemq-platform-operator-6966f96d65-nfpxd [688b8613-ad84-44b2-9671-e8817e70feed]
2025-01-28 21:20:20,789 INFO c.h.h.t.HelmChartContainer - Started log watcher for hivemq-platform-operator in pod hivemq-test-hivemq-platform-operator-6966f96d65-nfpxd [688b8613-ad84-44b2-9671-e8817e70feed]
2025-01-28 21:20:20,789 INFO c.h.h.t.HelmChartContainer - [hivemq-test-hivemq-platform] [hivemq-platform-operator] [688b8613] -------------------------------------------------------------------------
2025-01-28 21:20:20,789 INFO c.h.h.t.HelmChartContainer - [hivemq-test-hivemq-platform] [hivemq-platform-operator] [688b8613] 
2025-01-28 21:20:20,789 INFO c.h.h.t.HelmChartContainer - [hivemq-test-hivemq-platform] [hivemq-platform-operator] [688b8613]                   _    _  _              __  __   ____
2025-01-28 21:20:20,789 INFO c.h.h.t.HelmChartContainer - [hivemq-test-hivemq-platform] [hivemq-platform-operator] [688b8613]                  | |  | |(_)            |  \/  | / __ \
2025-01-28 21:20:20,789 INFO c.h.h.t.HelmChartContainer - [hivemq-test-hivemq-platform] [hivemq-platform-operator] [688b8613]                  | |__| | _ __   __ ___ | \  / || |  | |
2025-01-28 21:20:20,789 INFO c.h.h.t.HelmChartContainer - [hivemq-test-hivemq-platform] [hivemq-platform-operator] [688b8613]                  |  __  || |\ \ / // _ \| |\/| || |  | |
2025-01-28 21:20:20,789 INFO c.h.h.t.HelmChartContainer - [hivemq-test-hivemq-platform] [hivemq-platform-operator] [688b8613]                  | |  | || | \ V /|  __/| |  | || |__| |
2025-01-28 21:20:20,789 INFO c.h.h.t.HelmChartContainer - [hivemq-test-hivemq-platform] [hivemq-platform-operator] [688b8613]                  |_|  |_||_|  \_/  \___||_|  |_| \___\_\
2025-01-28 21:20:20,789 INFO c.h.h.t.HelmChartContainer - [hivemq-test-hivemq-platform] [hivemq-platform-operator] [688b8613] 
2025-01-28 21:20:20,789 INFO c.h.h.t.HelmChartContainer - [hivemq-test-hivemq-platform] [hivemq-platform-operator] [688b8613] -------------------------------------------------------------------------
2025-01-28 21:20:20,789 INFO c.h.h.t.HelmChartContainer - [hivemq-test-hivemq-platform] [hivemq-platform-operator] [688b8613] 
2025-01-28 21:20:20,789 INFO c.h.h.t.HelmChartContainer - [hivemq-test-hivemq-platform] [hivemq-platform-operator] [688b8613]   HiveMQ Platform Operator Start Script v1.0
2025-01-28 21:20:20,789 INFO c.h.h.t.HelmChartContainer - [hivemq-test-hivemq-platform] [hivemq-platform-operator] [688b8613] 
2025-01-28 21:20:20,789 INFO c.h.h.t.HelmChartContainer - [hivemq-test-hivemq-platform] [hivemq-platform-operator] [688b8613] -------------------------------------------------------------------------
2025-01-28 21:20:20,789 INFO c.h.h.t.HelmChartContainer - [hivemq-test-hivemq-platform] [hivemq-platform-operator] [688b8613] 
2025-01-28 21:20:20,789 INFO c.h.h.t.HelmChartContainer - [hivemq-test-hivemq-platform] [hivemq-platform-operator] [688b8613]   JAVA_OPTS: -XX:+UnlockExperimentalVMOptions -XX:InitialRAMPercentage=75 -XX:MaxRAMPercentage=75 -Duser.language=en -Duser.region=US
2025-01-28 21:20:20,789 INFO c.h.h.t.HelmChartContainer - [hivemq-test-hivemq-platform] [hivemq-platform-operator] [688b8613] 
2025-01-28 21:20:20,789 INFO c.h.h.t.HelmChartContainer - [hivemq-test-hivemq-platform] [hivemq-platform-operator] [688b8613]   JAVA_VERSION: 21
2025-01-28 21:20:20,789 INFO c.h.h.t.HelmChartContainer - [hivemq-test-hivemq-platform] [hivemq-platform-operator] [688b8613] 
2025-01-28 21:20:20,789 INFO c.h.h.t.HelmChartContainer - [hivemq-test-hivemq-platform] [hivemq-platform-operator] [688b8613] -------------------------------------------------------------------------
2025-01-28 21:20:20,789 INFO c.h.h.t.HelmChartContainer - [hivemq-test-hivemq-platform] [hivemq-platform-operator] [688b8613] 
2025-01-28 21:20:23,172 INFO c.h.h.t.HelmChartContainer - [hivemq-test-hivemq-platform] [hivemq-platform-operator] [688b8613] 21:20:23.170 [main] DEBUG org.jboss.logging - Logging Provider: org.jboss.logging.Slf4jLoggerProvider
2025-01-28 21:20:23,314 INFO c.h.h.t.HelmChartContainer - [hivemq-test-hivemq-platform] [hivemq-platform-operator] [688b8613] 21:20:23.313 [main] DEBUG io.smallrye.config - SRCFG01006: Loaded ConfigSource SysPropConfigSource with ordinal 400
2025-01-28 21:20:23,314 INFO c.h.h.t.HelmChartContainer - [hivemq-test-hivemq-platform] [hivemq-platform-operator] [688b8613] 21:20:23.313 [main] DEBUG io.smallrye.config - SRCFG01006: Loaded ConfigSource EnvConfigSource with ordinal 300
2025-01-28 21:20:23,314 INFO c.h.h.t.HelmChartContainer - [hivemq-test-hivemq-platform] [hivemq-platform-operator] [688b8613] 21:20:23.313 [main] DEBUG io.smallrye.config - SRCFG01006: Loaded ConfigSource PropertiesConfigSource[source=jar:file:///opt/hivemq-platform-operator/bin/hivemq-platform-operator.jar!/hivemq-platform-operator.properties] with ordinal 100
2025-01-28 21:20:23,314 INFO c.h.h.t.HelmChartContainer - [hivemq-test-hivemq-platform] [hivemq-platform-operator] [688b8613] 21:20:23.313 [main] DEBUG io.smallrye.config - SRCFG01006: Loaded ConfigSource DefaultValuesConfigSource with ordinal -2147483648
2025-01-28 21:20:23,389 INFO c.h.h.t.HelmChartContainer - [hivemq-test-hivemq-platform] [hivemq-platform-operator] [688b8613] 21:20:23.388 [main] DEBUG i.m.c.u.i.l.InternalLoggerFactory - Using SLF4J as the default logging framework
2025-01-28 21:20:23,567 INFO c.h.h.t.HelmChartContainer - [hivemq-test-hivemq-platform] [hivemq-platform-operator] [688b8613] 21:20:23.559 [main] INFO  c.h.p.o.HiveMQPlatformOperatorApplication - HiveMQ Platform Operator 1.7.0-SNAPSHOT (commit: bebf408 on branch: HEAD) built on Sun Jan 26 20:47:47 UTC 2025
2025-01-28 21:20:23,567 INFO c.h.h.t.HelmChartContainer - [hivemq-test-hivemq-platform] [hivemq-platform-operator] [688b8613] 21:20:23.566 [main] INFO  c.h.p.o.HiveMQPlatformOperatorApplication - HiveMQ Platform Operator is running in namespace: helmmonitoringplatformit-operator
2025-01-28 21:20:23,568 INFO c.h.h.t.HelmChartContainer - [hivemq-test-hivemq-platform] [hivemq-platform-operator] [688b8613] 21:20:23.566 [main] INFO  c.h.p.o.HiveMQPlatformOperatorApplication - Watching all namespaces
2025-01-28 21:20:23,568 INFO c.h.h.t.HelmChartContainer - [hivemq-test-hivemq-platform] [hivemq-platform-operator] [688b8613] 21:20:23.566 [main] INFO  c.h.p.o.HiveMQPlatformOperatorApplication - Log level: DEBUG
2025-01-28 21:20:23,568 INFO c.h.h.t.HelmChartContainer - [hivemq-test-hivemq-platform] [hivemq-platform-operator] [688b8613] 21:20:23.567 [main] INFO  c.h.p.o.HiveMQPlatformOperatorApplication - Release name: test-hivemq-platform-operator
2025-01-28 21:20:23,568 INFO c.h.h.t.HelmChartContainer - [hivemq-test-hivemq-platform] [hivemq-platform-operator] [688b8613] 21:20:23.567 [main] INFO  c.h.p.o.HiveMQPlatformOperatorApplication - HiveMQ Platform Operator Init image: docker.io/hivemq/hivemq-platform-operator-init-test:snapshot
2025-01-28 21:20:23,569 INFO c.h.h.t.HelmChartContainer - [hivemq-test-hivemq-platform] [hivemq-platform-operator] [688b8613] 21:20:23.567 [main] INFO  c.h.p.o.HiveMQPlatformOperatorApplication - HiveMQ Platform Operator Init App update URL: http://hivemq-platform-operator-test-hivemq-platform-operator.helmmonitoringplatformit-operator.svc:8080/initAppUpdate/hivemq-platform-operator-init-app-1.7.0-SNAPSHOT.jar
2025-01-28 21:20:23,569 INFO c.h.h.t.HelmChartContainer - [hivemq-test-hivemq-platform] [hivemq-platform-operator] [688b8613] 21:20:23.567 [main] INFO  c.h.p.o.HiveMQPlatformOperatorApplication - Additional imagePullSecret for all Platform deployments: none
2025-01-28 21:20:23,569 INFO c.h.h.t.HelmChartContainer - [hivemq-test-hivemq-platform] [hivemq-platform-operator] [688b8613] 21:20:23.567 [main] INFO  c.h.p.o.HiveMQPlatformOperatorApplication - Apply HiveMQ Platform CRD: true
2025-01-28 21:20:23,569 INFO c.h.h.t.HelmChartContainer - [hivemq-test-hivemq-platform] [hivemq-platform-operator] [688b8613] 21:20:23.567 [main] INFO  c.h.p.o.HiveMQPlatformOperatorApplication - Create Platform ServiceAccount: true
2025-01-28 21:20:23,569 INFO c.h.h.t.HelmChartContainer - [hivemq-test-hivemq-platform] [hivemq-platform-operator] [688b8613] 21:20:23.567 [main] INFO  c.h.p.o.HiveMQPlatformOperatorApplication - Create Platform ServiceAccount permissions: true
2025-01-28 21:20:23,569 INFO c.h.h.t.HelmChartContainer - [hivemq-test-hivemq-platform] [hivemq-platform-operator] [688b8613] 21:20:23.567 [main] INFO  c.h.p.o.HiveMQPlatformOperatorApplication - Validate Platform ServiceAccount: true
2025-01-28 21:20:23,569 INFO c.h.h.t.HelmChartContainer - [hivemq-test-hivemq-platform] [hivemq-platform-operator] [688b8613] 21:20:23.567 [main] INFO  c.h.p.o.HiveMQPlatformOperatorApplication - Validate Platform ServiceAccount permissions: true
2025-01-28 21:20:23,713 INFO c.h.h.t.HelmChartContainer - [hivemq-test-hivemq-platform] [hivemq-platform-operator] [688b8613] 21:20:23.712 [main] INFO  c.h.platform.operator.util.CRDUtil - Verifying deployed HiveMQ Platform CRD...
2025-01-28 21:20:25,872 INFO c.h.h.t.HelmChartContainer - [hivemq-test-hivemq-platform] [hivemq-platform-operator] [688b8613] 21:20:25.870 [main] DEBUG c.h.platform.operator.util.CRDUtil - HiveMQ Platform CRD version v1 is up to date
2025-01-28 21:20:25,872 INFO c.h.h.t.HelmChartContainer - [hivemq-test-hivemq-platform] [hivemq-platform-operator] [688b8613] 21:20:25.870 [main] INFO  c.h.platform.operator.util.CRDUtil - HiveMQ Platform CRD is up to date (version: V1_6_0)
2025-01-28 21:20:25,873 INFO c.h.h.t.HelmChartContainer - [hivemq-test-hivemq-platform] [hivemq-platform-operator] [688b8613] 21:20:25.870 [main] INFO  c.h.platform.operator.util.CRDUtil - Waiting 10000 ms for HiveMQ Platform CRD 'hivemq-platforms.hivemq.com' to become ready...
2025-01-28 21:20:26,272 INFO c.h.h.t.HelmChartContainer - [hivemq-test-hivemq-platform] [hivemq-platform-operator] [688b8613] 21:20:26.271 [vert.x-eventloop-thread-1] DEBUG c.h.platform.operator.util.CRDUtil - Checking CRD condition 'NamesAccepted' (status: 'True')
2025-01-28 21:20:26,274 INFO c.h.h.t.HelmChartContainer - [hivemq-test-hivemq-platform] [hivemq-platform-operator] [688b8613] 21:20:26.272 [vert.x-eventloop-thread-1] DEBUG c.h.platform.operator.util.CRDUtil - Checking CRD condition 'Established' (status: 'True')
2025-01-28 21:20:26,274 INFO c.h.h.t.HelmChartContainer - [hivemq-test-hivemq-platform] [hivemq-platform-operator] [688b8613] 21:20:26.273 [main] INFO  c.h.platform.operator.util.CRDUtil - HiveMQ Platform CRD 'hivemq-platforms.hivemq.com' is ready
2025-01-28 21:20:26,470 INFO c.h.h.t.HelmChartContainer - [hivemq-test-hivemq-platform] [hivemq-platform-operator] [688b8613] 21:20:26.469 [main] INFO  c.h.p.o.HiveMQPlatformReconciler - HiveMQ Platform Operator is starting...
2025-01-28 21:20:26,571 INFO c.h.h.t.HelmChartContainer - [hivemq-test-hivemq-platform] [hivemq-platform-operator] [688b8613] 21:20:26.570 [main] WARN  Default ConfigurationService implementation - Configuration for reconciler 'hivemq-controller' was not found. Known reconcilers: None.
2025-01-28 21:20:26,578 INFO c.h.h.t.HelmChartContainer - [hivemq-test-hivemq-platform] [hivemq-platform-operator] [688b8613] 21:20:26.577 [main] INFO  Default ConfigurationService implementation - Created configuration for reconciler com.hivemq.platform.operator.HiveMQPlatformReconciler with name hivemq-controller
2025-01-28 21:20:26,679 INFO c.h.h.t.HelmChartContainer - [hivemq-test-hivemq-platform] [hivemq-platform-operator] [688b8613] 21:20:26.678 [main] DEBUG c.h.p.o.HiveMQPlatformReconciler - HiveMQ Platform Operator is preparing EventSources
2025-01-28 21:20:26,768 INFO c.h.h.t.HelmChartContainer - [hivemq-test-hivemq-platform] [hivemq-platform-operator] [688b8613] 21:20:26.767 [main] INFO  i.javaoperatorsdk.operator.Operator - Registered reconciler: 'hivemq-controller' for resource: 'class com.hivemq.platform.operator.v1.HiveMQPlatform' for namespace(s): [all namespaces]
2025-01-28 21:20:27,315 INFO c.h.h.t.HelmChartContainer - [hivemq-test-hivemq-platform] [hivemq-platform-operator] [688b8613] 21:20:27.314 [main] INFO  c.h.p.operator.webserver.JettyServer - Starting Jetty server on port 8080
2025-01-28 21:20:27,379 INFO c.h.h.t.HelmChartContainer - [hivemq-test-hivemq-platform] [hivemq-platform-operator] [688b8613] 21:20:27.378 [main] INFO  i.javaoperatorsdk.operator.Operator - Operator SDK 4.9.7 (commit: 2133d28) built on Wed Nov 20 12:56:20 UTC 2024 starting...
2025-01-28 21:20:27,379 INFO c.h.h.t.HelmChartContainer - [hivemq-test-hivemq-platform] [hivemq-platform-operator] [688b8613] 21:20:27.378 [main] INFO  i.javaoperatorsdk.operator.Operator - Client version: 6.13.4
2025-01-28 21:20:27,411 INFO c.h.h.t.HelmChartContainer - [hivemq-test-hivemq-platform] [hivemq-platform-operator] [688b8613] 21:20:27.411 [Controller Starter for: hivemq-controller] INFO  i.j.operator.processing.Controller - Starting 'hivemq-controller' controller for reconciler: com.hivemq.platform.operator.HiveMQPlatformReconciler, resource: com.hivemq.platform.operator.v1.HiveMQPlatform
2025-01-28 21:20:29,761 INFO c.h.h.t.HelmChartContainer - [hivemq-test-hivemq-platform] [hivemq-platform-operator] [688b8613] 21:20:29.760 [Controller Starter for: hivemq-controller] INFO  i.j.operator.processing.Controller - 'hivemq-controller' controller started
2025-01-28 21:20:29,762 INFO c.h.h.t.HelmChartContainer - [hivemq-test-hivemq-platform] [hivemq-platform-operator] [688b8613] 21:20:29.762 [main] INFO  c.h.p.o.HiveMQPlatformOperatorApplication - HiveMQ Platform Operator 1.7.0-SNAPSHOT started in 6202 ms
2025-01-28 21:20:31,779 INFO c.h.h.t.HelmChartContainer - [POD] hivemq-test-hivemq-platform-operator-6966f96d65-nfpxd [688b8613-ad84-44b2-9671-e8817e70feed] in helmmonitoringplatformit-operator was MODIFIED
2025-01-28 21:20:31,789 INFO c.h.h.t.HelmChartContainer - [K3S] [replica_set.go:679] "Finished syncing" kind="ReplicaSet" key="helmmonitoringplatformit-operator/hivemq-test-hivemq-platform-operator-6966f96d65" duration="10.030674ms"
2025-01-28 21:20:31,789 INFO c.h.h.t.HelmChartContainer - [K3S] [replica_set.go:679] "Finished syncing" kind="ReplicaSet" key="helmmonitoringplatformit-operator/hivemq-test-hivemq-platform-operator-6966f96d65" duration="34.805µs"
2025-01-28 21:20:32,350 DEBUG c.h.h.t.HelmChartContainer - Executing helm command: /bin/helm --kubeconfig /etc/rancher/k3s/k3s.yaml repo add prometheus-community https://prometheus-community.github.io/helm-charts
2025-01-28 21:20:32,820 DEBUG c.h.h.t.HelmChartContainer - Executing helm command: /bin/helm --kubeconfig /etc/rancher/k3s/k3s.yaml install monitoring-stack prometheus-community/kube-prometheus-stack --wait --timeout 5m0s --set prometheus-node-exporter.hostRootFsMount.enabled=false -n monitoring --create-namespace
2025-01-28 21:20:40,081 INFO c.h.h.t.HelmChartContainer - [K3S] [job_controller.go:598] "enqueueing job" key="monitoring/monitoring-stack-kube-prom-admission-create" delay="0s"
2025-01-28 21:20:40,106 INFO c.h.h.t.HelmChartContainer - [EVENT] Normal [SuccessfulCreate] Created pod: monitoring-stack-kube-prom-admission-create-vgxvk [monitoring:monitoring-stack-kube-prom-admission-create]
2025-01-28 21:20:40,106 INFO c.h.h.t.HelmChartContainer - [POD] monitoring-stack-kube-prom-admission-create-vgxvk [2826ca80-0081-4297-8768-d01d16da964f] in monitoring was ADDED
2025-01-28 21:20:40,108 INFO c.h.h.t.HelmChartContainer - [POD] monitoring-stack-kube-prom-admission-create-vgxvk [2826ca80-0081-4297-8768-d01d16da964f] in monitoring was MODIFIED
2025-01-28 21:20:40,105 INFO c.h.h.t.HelmChartContainer - [K3S] [job_controller.go:598] "enqueueing job" key="monitoring/monitoring-stack-kube-prom-admission-create" delay="1s"
2025-01-28 21:20:40,111 INFO c.h.h.t.HelmChartContainer - [K3S] [job_controller.go:598] "enqueueing job" key="monitoring/monitoring-stack-kube-prom-admission-create" delay="1s"
2025-01-28 21:20:40,112 INFO c.h.h.t.HelmChartContainer - [K3S] [job_controller.go:598] "enqueueing job" key="monitoring/monitoring-stack-kube-prom-admission-create" delay="1s"
2025-01-28 21:20:40,114 INFO c.h.h.t.HelmChartContainer - [EVENT] Normal [Scheduled] Successfully assigned monitoring/monitoring-stack-kube-prom-admission-create-vgxvk to d1dd1cbcc0a3 [monitoring:monitoring-stack-kube-prom-admission-create-vgxvk]
2025-01-28 21:20:40,119 INFO c.h.h.t.HelmChartContainer - [K3S] [job_controller.go:598] "enqueueing job" key="monitoring/monitoring-stack-kube-prom-admission-create" delay="1s"
2025-01-28 21:20:40,119 INFO c.h.h.t.HelmChartContainer - [POD] monitoring-stack-kube-prom-admission-create-vgxvk [2826ca80-0081-4297-8768-d01d16da964f] in monitoring was MODIFIED
2025-01-28 21:20:40,260 INFO c.h.h.t.HelmChartContainer - [K3S] [reconciler_common.go:251] "operationExecutor.VerifyControllerAttachedVolume started for volume \"kube-api-access-pvm57\" (UniqueName: \"kubernetes.io/projected/2826ca80-0081-4297-8768-d01d16da964f-kube-api-access-pvm57\") pod \"monitoring-stack-kube-prom-admission-create-vgxvk\" (UID: \"2826ca80-0081-4297-8768-d01d16da964f\") " pod="monitoring/monitoring-stack-kube-prom-admission-create-vgxvk"
2025-01-28 21:20:40,493 INFO c.h.h.t.HelmChartContainer - [EVENT] Normal [Pulling] Pulling image "registry.k8s.io/ingress-nginx/kube-webhook-certgen:v1.5.1" [monitoring:monitoring-stack-kube-prom-admission-create-vgxvk]
2025-01-28 21:20:41,525 INFO c.h.h.t.HelmChartContainer - [EVENT] Normal [Pulled] Successfully pulled image "registry.k8s.io/ingress-nginx/kube-webhook-certgen:v1.5.1" in 1.032s (1.032s including waiting). Image size: 27079554 bytes. [monitoring:monitoring-stack-kube-prom-admission-create-vgxvk]
2025-01-28 21:20:41,532 INFO c.h.h.t.HelmChartContainer - [EVENT] Normal [Created] Created container: create [monitoring:monitoring-stack-kube-prom-admission-create-vgxvk]
2025-01-28 21:20:41,591 INFO c.h.h.t.HelmChartContainer - [EVENT] Normal [Started] Started container create [monitoring:monitoring-stack-kube-prom-admission-create-vgxvk]
2025-01-28 21:20:41,810 INFO c.h.h.t.HelmChartContainer - [K3S] [job_controller.go:598] "enqueueing job" key="monitoring/monitoring-stack-kube-prom-admission-create" delay="1s"
2025-01-28 21:20:41,811 INFO c.h.h.t.HelmChartContainer - [POD] monitoring-stack-kube-prom-admission-create-vgxvk [2826ca80-0081-4297-8768-d01d16da964f] in monitoring was MODIFIED
2025-01-28 21:20:42,877 INFO c.h.h.t.HelmChartContainer - [K3S] [job_controller.go:598] "enqueueing job" key="monitoring/monitoring-stack-kube-prom-admission-create" delay="1s"
2025-01-28 21:20:42,878 INFO c.h.h.t.HelmChartContainer - [POD] monitoring-stack-kube-prom-admission-create-vgxvk [2826ca80-0081-4297-8768-d01d16da964f] in monitoring was MODIFIED
2025-01-28 21:20:42,974 INFO c.h.h.t.HelmChartContainer - [K3S] [reconciler_common.go:162] "operationExecutor.UnmountVolume started for volume \"kube-api-access-pvm57\" (UniqueName: \"kubernetes.io/projected/2826ca80-0081-4297-8768-d01d16da964f-kube-api-access-pvm57\") pod \"2826ca80-0081-4297-8768-d01d16da964f\" (UID: \"2826ca80-0081-4297-8768-d01d16da964f\") "
2025-01-28 21:20:43,075 INFO c.h.h.t.HelmChartContainer - [K3S] [reconciler_common.go:299] "Volume detached for volume \"kube-api-access-pvm57\" (UniqueName: \"kubernetes.io/projected/2826ca80-0081-4297-8768-d01d16da964f-kube-api-access-pvm57\") on node \"d1dd1cbcc0a3\" DevicePath \"\""
2025-01-28 21:20:43,808 INFO c.h.h.t.HelmChartContainer - [K3S] [pod_container_deletor.go:80] "Container not found in pod's containers" containerID="8978dabf60c6742949ffb09d001fccd8c1ffa405f57aa7003d103dbb3bfa5891"
2025-01-28 21:20:43,881 INFO c.h.h.t.HelmChartContainer - [K3S] [job_controller.go:598] "enqueueing job" key="monitoring/monitoring-stack-kube-prom-admission-create" delay="1s"
2025-01-28 21:20:43,887 INFO c.h.h.t.HelmChartContainer - [POD] monitoring-stack-kube-prom-admission-create-vgxvk [2826ca80-0081-4297-8768-d01d16da964f] in monitoring was MODIFIED
2025-01-28 21:20:43,887 INFO c.h.h.t.HelmChartContainer - [K3S] [job_controller.go:598] "enqueueing job" key="monitoring/monitoring-stack-kube-prom-admission-create" delay="1s"
2025-01-28 21:20:43,891 INFO c.h.h.t.HelmChartContainer - [EVENT] Normal [Completed] Job completed [monitoring:monitoring-stack-kube-prom-admission-create]
2025-01-28 21:20:43,898 INFO c.h.h.t.HelmChartContainer - [K3S] [job_controller.go:598] "enqueueing job" key="monitoring/monitoring-stack-kube-prom-admission-create" delay="0s"
2025-01-28 21:20:43,905 INFO c.h.h.t.HelmChartContainer - [POD] monitoring-stack-kube-prom-admission-create-vgxvk [2826ca80-0081-4297-8768-d01d16da964f] in monitoring was MODIFIED
2025-01-28 21:20:43,911 INFO c.h.h.t.HelmChartContainer - [POD] monitoring-stack-kube-prom-admission-create-vgxvk [2826ca80-0081-4297-8768-d01d16da964f] in monitoring was DELETED
2025-01-28 21:20:44,068 INFO c.h.h.t.HelmChartContainer - [K3S] [alloc.go:330] "allocated clusterIPs" service="monitoring/monitoring-stack-grafana" clusterIPs={"IPv4":"10.43.241.29"}
2025-01-28 21:20:44,070 INFO c.h.h.t.HelmChartContainer - [K3S] [alloc.go:330] "allocated clusterIPs" service="monitoring/monitoring-stack-kube-prom-prometheus" clusterIPs={"IPv4":"10.43.83.110"}
2025-01-28 21:20:44,084 INFO c.h.h.t.HelmChartContainer - [K3S] [alloc.go:330] "allocated clusterIPs" service="monitoring/monitoring-stack-kube-prom-alertmanager" clusterIPs={"IPv4":"10.43.86.29"}
2025-01-28 21:20:44,089 INFO c.h.h.t.HelmChartContainer - [K3S] [alloc.go:330] "allocated clusterIPs" service="monitoring/monitoring-stack-kube-state-metrics" clusterIPs={"IPv4":"10.43.31.16"}
2025-01-28 21:20:44,098 INFO c.h.h.t.HelmChartContainer - [K3S] [alloc.go:330] "allocated clusterIPs" service="monitoring/monitoring-stack-kube-prom-operator" clusterIPs={"IPv4":"10.43.69.19"}
2025-01-28 21:20:44,106 INFO c.h.h.t.HelmChartContainer - [K3S] [alloc.go:330] "allocated clusterIPs" service="monitoring/monitoring-stack-prometheus-node-exporter" clusterIPs={"IPv4":"10.43.194.232"}
2025-01-28 21:20:44,128 INFO c.h.h.t.HelmChartContainer - [EVENT] Normal [ScalingReplicaSet] Scaled up replica set monitoring-stack-kube-state-metrics-5bf5c7b54d from 0 to 1 [monitoring:monitoring-stack-kube-state-metrics]
2025-01-28 21:20:44,134 INFO c.h.h.t.HelmChartContainer - [POD] monitoring-stack-kube-state-metrics-5bf5c7b54d-ss4kj [605d0d61-f0ea-4bb6-ab4a-06cb56b92c4e] in monitoring was ADDED
2025-01-28 21:20:44,140 INFO c.h.h.t.HelmChartContainer - [POD] monitoring-stack-kube-prom-operator-6f4fc4bc65-7mjbn [c95fd21f-33fc-4d83-a9ff-dd59ccbbf4e5] in monitoring was ADDED
2025-01-28 21:20:44,142 INFO c.h.h.t.HelmChartContainer - [EVENT] Normal [ScalingReplicaSet] Scaled up replica set monitoring-stack-kube-prom-operator-6f4fc4bc65 from 0 to 1 [monitoring:monitoring-stack-kube-prom-operator]
2025-01-28 21:20:44,152 INFO c.h.h.t.HelmChartContainer - [EVENT] Normal [SuccessfulCreate] Created pod: monitoring-stack-kube-prom-operator-6f4fc4bc65-7mjbn [monitoring:monitoring-stack-kube-prom-operator-6f4fc4bc65]
2025-01-28 21:20:44,154 INFO c.h.h.t.HelmChartContainer - [K3S] [replica_set.go:679] "Finished syncing" kind="ReplicaSet" key="monitoring/monitoring-stack-kube-prom-operator-6f4fc4bc65" duration="27.888792ms"
2025-01-28 21:20:44,155 INFO c.h.h.t.HelmChartContainer - [POD] monitoring-stack-kube-state-metrics-5bf5c7b54d-ss4kj [605d0d61-f0ea-4bb6-ab4a-06cb56b92c4e] in monitoring was MODIFIED
2025-01-28 21:20:44,155 INFO c.h.h.t.HelmChartContainer - [K3S] [memory_manager.go:355] "RemoveStaleState removing state" podUID="2826ca80-0081-4297-8768-d01d16da964f" containerName="create"
2025-01-28 21:20:44,158 INFO c.h.h.t.HelmChartContainer - [EVENT] Normal [Scheduled] Successfully assigned monitoring/monitoring-stack-kube-state-metrics-5bf5c7b54d-ss4kj to d1dd1cbcc0a3 [monitoring:monitoring-stack-kube-state-metrics-5bf5c7b54d-ss4kj]
2025-01-28 21:20:44,164 INFO c.h.h.t.HelmChartContainer - [POD] monitoring-stack-prometheus-node-exporter-bwfxm [c72d6663-f0ac-4684-970e-b063e7a80491] in monitoring was ADDED
2025-01-28 21:20:44,164 INFO c.h.h.t.HelmChartContainer - [POD] monitoring-stack-kube-prom-operator-6f4fc4bc65-7mjbn [c95fd21f-33fc-4d83-a9ff-dd59ccbbf4e5] in monitoring was MODIFIED
2025-01-28 21:20:44,171 INFO c.h.h.t.HelmChartContainer - [EVENT] Normal [Scheduled] Successfully assigned monitoring/monitoring-stack-kube-prom-operator-6f4fc4bc65-7mjbn to d1dd1cbcc0a3 [monitoring:monitoring-stack-kube-prom-operator-6f4fc4bc65-7mjbn]
2025-01-28 21:20:44,178 INFO c.h.h.t.HelmChartContainer - [K3S] [replica_set.go:679] "Finished syncing" kind="ReplicaSet" key="monitoring/monitoring-stack-kube-state-metrics-5bf5c7b54d" duration="53.010784ms"
2025-01-28 21:20:44,178 INFO c.h.h.t.HelmChartContainer - [POD] monitoring-stack-grafana-64c55fb967-rgtjr [69538ec2-e137-473d-8561-d120210aa826] in monitoring was ADDED
2025-01-28 21:20:44,182 INFO c.h.h.t.HelmChartContainer - [POD] monitoring-stack-prometheus-node-exporter-bwfxm [c72d6663-f0ac-4684-970e-b063e7a80491] in monitoring was MODIFIED
2025-01-28 21:20:44,189 INFO c.h.h.t.HelmChartContainer - [K3S] [kubelet_volumes.go:163] "Cleaned up orphaned pod volumes dir" podUID="2826ca80-0081-4297-8768-d01d16da964f" path="/var/lib/kubelet/pods/2826ca80-0081-4297-8768-d01d16da964f/volumes"
2025-01-28 21:20:44,194 INFO c.h.h.t.HelmChartContainer - [EVENT] Normal [SuccessfulCreate] Created pod: monitoring-stack-prometheus-node-exporter-bwfxm [monitoring:monitoring-stack-prometheus-node-exporter]
2025-01-28 21:20:44,195 INFO c.h.h.t.HelmChartContainer - [EVENT] Normal [SuccessfulCreate] Created pod: monitoring-stack-kube-state-metrics-5bf5c7b54d-ss4kj [monitoring:monitoring-stack-kube-state-metrics-5bf5c7b54d]
2025-01-28 21:20:44,195 INFO c.h.h.t.HelmChartContainer - [EVENT] Normal [ScalingReplicaSet] Scaled up replica set monitoring-stack-grafana-64c55fb967 from 0 to 1 [monitoring:monitoring-stack-grafana]
2025-01-28 21:20:44,208 INFO c.h.h.t.HelmChartContainer - [K3S] [dispatcher.go:210] Failed calling webhook, failing open prometheusrulemutate.monitoring.coreos.com: failed calling webhook "prometheusrulemutate.monitoring.coreos.com": failed to call webhook: Post "https://monitoring-stack-kube-prom-operator.monitoring.svc:443/admission-prometheusrules/mutate?timeout=10s": no endpoints available for service "monitoring-stack-kube-prom-operator"
2025-01-28 21:20:44,209 INFO c.h.h.t.HelmChartContainer - [K3S] [dispatcher.go:214] "Unhandled Error" err="failed calling webhook \"prometheusrulemutate.monitoring.coreos.com\": failed to call webhook: Post \"https://monitoring-stack-kube-prom-operator.monitoring.svc:443/admission-prometheusrules/mutate?timeout=10s\": no endpoints available for service \"monitoring-stack-kube-prom-operator\""
2025-01-28 21:20:44,214 INFO c.h.h.t.HelmChartContainer - [POD] monitoring-stack-grafana-64c55fb967-rgtjr [69538ec2-e137-473d-8561-d120210aa826] in monitoring was MODIFIED
2025-01-28 21:20:44,221 INFO c.h.h.t.HelmChartContainer - [K3S] [dispatcher.go:210] Failed calling webhook, failing open prometheusrulemutate.monitoring.coreos.com: failed calling webhook "prometheusrulemutate.monitoring.coreos.com": failed to call webhook: Post "https://monitoring-stack-kube-prom-operator.monitoring.svc:443/admission-prometheusrules/mutate?timeout=10s": no endpoints available for service "monitoring-stack-kube-prom-operator"
2025-01-28 21:20:44,221 INFO c.h.h.t.HelmChartContainer - [K3S] [dispatcher.go:214] "Unhandled Error" err="failed calling webhook \"prometheusrulemutate.monitoring.coreos.com\": failed to call webhook: Post \"https://monitoring-stack-kube-prom-operator.monitoring.svc:443/admission-prometheusrules/mutate?timeout=10s\": no endpoints available for service \"monitoring-stack-kube-prom-operator\""
2025-01-28 21:20:44,224 INFO c.h.h.t.HelmChartContainer - [K3S] [dispatcher.go:210] Failed calling webhook, failing open prometheusrulemutate.monitoring.coreos.com: failed calling webhook "prometheusrulemutate.monitoring.coreos.com": failed to call webhook: Post "https://monitoring-stack-kube-prom-operator.monitoring.svc:443/admission-prometheusrules/mutate?timeout=10s": no endpoints available for service "monitoring-stack-kube-prom-operator"
2025-01-28 21:20:44,224 INFO c.h.h.t.HelmChartContainer - [K3S] [dispatcher.go:214] "Unhandled Error" err="failed calling webhook \"prometheusrulemutate.monitoring.coreos.com\": failed to call webhook: Post \"https://monitoring-stack-kube-prom-operator.monitoring.svc:443/admission-prometheusrules/mutate?timeout=10s\": no endpoints available for service \"monitoring-stack-kube-prom-operator\""
2025-01-28 21:20:44,225 INFO c.h.h.t.HelmChartContainer - [K3S] [dispatcher.go:210] Failed calling webhook, failing open prometheusrulemutate.monitoring.coreos.com: failed calling webhook "prometheusrulemutate.monitoring.coreos.com": failed to call webhook: Post "https://monitoring-stack-kube-prom-operator.monitoring.svc:443/admission-prometheusrules/mutate?timeout=10s": no endpoints available for service "monitoring-stack-kube-prom-operator"
2025-01-28 21:20:44,225 INFO c.h.h.t.HelmChartContainer - [K3S] [dispatcher.go:214] "Unhandled Error" err="failed calling webhook \"prometheusrulemutate.monitoring.coreos.com\": failed to call webhook: Post \"https://monitoring-stack-kube-prom-operator.monitoring.svc:443/admission-prometheusrules/mutate?timeout=10s\": no endpoints available for service \"monitoring-stack-kube-prom-operator\""
2025-01-28 21:20:44,227 INFO c.h.h.t.HelmChartContainer - [K3S] [dispatcher.go:210] Failed calling webhook, failing open prometheusrulemutate.monitoring.coreos.com: failed calling webhook "prometheusrulemutate.monitoring.coreos.com": failed to call webhook: Post "https://monitoring-stack-kube-prom-operator.monitoring.svc:443/admission-prometheusrules/mutate?timeout=10s": no endpoints available for service "monitoring-stack-kube-prom-operator"
2025-01-28 21:20:44,227 INFO c.h.h.t.HelmChartContainer - [EVENT] Normal [Scheduled] Successfully assigned monitoring/monitoring-stack-prometheus-node-exporter-bwfxm to d1dd1cbcc0a3 [monitoring:monitoring-stack-prometheus-node-exporter-bwfxm]
2025-01-28 21:20:44,228 INFO c.h.h.t.HelmChartContainer - [EVENT] Normal [SuccessfulCreate] Created pod: monitoring-stack-grafana-64c55fb967-rgtjr [monitoring:monitoring-stack-grafana-64c55fb967]
2025-01-28 21:20:44,228 INFO c.h.h.t.HelmChartContainer - [EVENT] Normal [Scheduled] Successfully assigned monitoring/monitoring-stack-grafana-64c55fb967-rgtjr to d1dd1cbcc0a3 [monitoring:monitoring-stack-grafana-64c55fb967-rgtjr]
2025-01-28 21:20:44,230 INFO c.h.h.t.HelmChartContainer - [K3S] [dispatcher.go:214] "Unhandled Error" err="failed calling webhook \"prometheusrulemutate.monitoring.coreos.com\": failed to call webhook: Post \"https://monitoring-stack-kube-prom-operator.monitoring.svc:443/admission-prometheusrules/mutate?timeout=10s\": no endpoints available for service \"monitoring-stack-kube-prom-operator\""
2025-01-28 21:20:44,231 INFO c.h.h.t.HelmChartContainer - [POD] monitoring-stack-kube-prom-operator-6f4fc4bc65-7mjbn [c95fd21f-33fc-4d83-a9ff-dd59ccbbf4e5] in monitoring was MODIFIED
2025-01-28 21:20:44,232 INFO c.h.h.t.HelmChartContainer - [K3S] [dispatcher.go:210] Failed calling webhook, failing open prometheusrulemutate.monitoring.coreos.com: failed calling webhook "prometheusrulemutate.monitoring.coreos.com": failed to call webhook: Post "https://monitoring-stack-kube-prom-operator.monitoring.svc:443/admission-prometheusrules/mutate?timeout=10s": no endpoints available for service "monitoring-stack-kube-prom-operator"
2025-01-28 21:20:44,234 INFO c.h.h.t.HelmChartContainer - [K3S] [dispatcher.go:214] "Unhandled Error" err="failed calling webhook \"prometheusrulemutate.monitoring.coreos.com\": failed to call webhook: Post \"https://monitoring-stack-kube-prom-operator.monitoring.svc:443/admission-prometheusrules/mutate?timeout=10s\": no endpoints available for service \"monitoring-stack-kube-prom-operator\""
2025-01-28 21:20:44,235 INFO c.h.h.t.HelmChartContainer - [K3S] [replica_set.go:679] "Finished syncing" kind="ReplicaSet" key="monitoring/monitoring-stack-kube-state-metrics-5bf5c7b54d" duration="55.82265ms"
2025-01-28 21:20:44,235 INFO c.h.h.t.HelmChartContainer - [K3S] [replica_set.go:679] "Finished syncing" kind="ReplicaSet" key="monitoring/monitoring-stack-kube-state-metrics-5bf5c7b54d" duration="34.445µs"
2025-01-28 21:20:44,235 INFO c.h.h.t.HelmChartContainer - [K3S] [replica_set.go:679] "Finished syncing" kind="ReplicaSet" key="monitoring/monitoring-stack-grafana-64c55fb967" duration="84.836873ms"
2025-01-28 21:20:44,236 INFO c.h.h.t.HelmChartContainer - [K3S] [dispatcher.go:210] Failed calling webhook, failing open prometheusrulemutate.monitoring.coreos.com: failed calling webhook "prometheusrulemutate.monitoring.coreos.com": failed to call webhook: Post "https://monitoring-stack-kube-prom-operator.monitoring.svc:443/admission-prometheusrules/mutate?timeout=10s": no endpoints available for service "monitoring-stack-kube-prom-operator"
2025-01-28 21:20:44,236 INFO c.h.h.t.HelmChartContainer - [K3S] [dispatcher.go:214] "Unhandled Error" err="failed calling webhook \"prometheusrulemutate.monitoring.coreos.com\": failed to call webhook: Post \"https://monitoring-stack-kube-prom-operator.monitoring.svc:443/admission-prometheusrules/mutate?timeout=10s\": no endpoints available for service \"monitoring-stack-kube-prom-operator\""
2025-01-28 21:20:44,236 INFO c.h.h.t.HelmChartContainer - [K3S] [dispatcher.go:210] Failed calling webhook, failing open prometheusrulemutate.monitoring.coreos.com: failed calling webhook "prometheusrulemutate.monitoring.coreos.com": failed to call webhook: Post "https://monitoring-stack-kube-prom-operator.monitoring.svc:443/admission-prometheusrules/mutate?timeout=10s": no endpoints available for service "monitoring-stack-kube-prom-operator"
2025-01-28 21:20:44,236 INFO c.h.h.t.HelmChartContainer - [K3S] [dispatcher.go:214] "Unhandled Error" err="failed calling webhook \"prometheusrulemutate.monitoring.coreos.com\": failed to call webhook: Post \"https://monitoring-stack-kube-prom-operator.monitoring.svc:443/admission-prometheusrules/mutate?timeout=10s\": no endpoints available for service \"monitoring-stack-kube-prom-operator\""
2025-01-28 21:20:44,236 INFO c.h.h.t.HelmChartContainer - [K3S] [dispatcher.go:210] Failed calling webhook, failing open prometheusrulemutate.monitoring.coreos.com: failed calling webhook "prometheusrulemutate.monitoring.coreos.com": failed to call webhook: Post "https://monitoring-stack-kube-prom-operator.monitoring.svc:443/admission-prometheusrules/mutate?timeout=10s": no endpoints available for service "monitoring-stack-kube-prom-operator"
2025-01-28 21:20:44,236 INFO c.h.h.t.HelmChartContainer - [K3S] [dispatcher.go:214] "Unhandled Error" err="failed calling webhook \"prometheusrulemutate.monitoring.coreos.com\": failed to call webhook: Post \"https://monitoring-stack-kube-prom-operator.monitoring.svc:443/admission-prometheusrules/mutate?timeout=10s\": no endpoints available for service \"monitoring-stack-kube-prom-operator\""
2025-01-28 21:20:44,236 INFO c.h.h.t.HelmChartContainer - [K3S] [dispatcher.go:210] Failed calling webhook, failing open prometheusrulemutate.monitoring.coreos.com: failed calling webhook "prometheusrulemutate.monitoring.coreos.com": failed to call webhook: Post "https://monitoring-stack-kube-prom-operator.monitoring.svc:443/admission-prometheusrules/mutate?timeout=10s": no endpoints available for service "monitoring-stack-kube-prom-operator"
2025-01-28 21:20:44,236 INFO c.h.h.t.HelmChartContainer - [K3S] [dispatcher.go:214] "Unhandled Error" err="failed calling webhook \"prometheusrulemutate.monitoring.coreos.com\": failed to call webhook: Post \"https://monitoring-stack-kube-prom-operator.monitoring.svc:443/admission-prometheusrules/mutate?timeout=10s\": no endpoints available for service \"monitoring-stack-kube-prom-operator\""
2025-01-28 21:20:44,236 INFO c.h.h.t.HelmChartContainer - [K3S] [dispatcher.go:210] Failed calling webhook, failing open prometheusrulemutate.monitoring.coreos.com: failed calling webhook "prometheusrulemutate.monitoring.coreos.com": failed to call webhook: Post "https://monitoring-stack-kube-prom-operator.monitoring.svc:443/admission-prometheusrules/mutate?timeout=10s": no endpoints available for service "monitoring-stack-kube-prom-operator"
2025-01-28 21:20:44,236 INFO c.h.h.t.HelmChartContainer - [K3S] [dispatcher.go:214] "Unhandled Error" err="failed calling webhook \"prometheusrulemutate.monitoring.coreos.com\": failed to call webhook: Post \"https://monitoring-stack-kube-prom-operator.monitoring.svc:443/admission-prometheusrules/mutate?timeout=10s\": no endpoints available for service \"monitoring-stack-kube-prom-operator\""
2025-01-28 21:20:44,238 INFO c.h.h.t.HelmChartContainer - [K3S] [dispatcher.go:210] Failed calling webhook, failing open prometheusrulemutate.monitoring.coreos.com: failed calling webhook "prometheusrulemutate.monitoring.coreos.com": failed to call webhook: Post "https://monitoring-stack-kube-prom-operator.monitoring.svc:443/admission-prometheusrules/mutate?timeout=10s": no endpoints available for service "monitoring-stack-kube-prom-operator"
2025-01-28 21:20:44,238 INFO c.h.h.t.HelmChartContainer - [K3S] [dispatcher.go:214] "Unhandled Error" err="failed calling webhook \"prometheusrulemutate.monitoring.coreos.com\": failed to call webhook: Post \"https://monitoring-stack-kube-prom-operator.monitoring.svc:443/admission-prometheusrules/mutate?timeout=10s\": no endpoints available for service \"monitoring-stack-kube-prom-operator\""
2025-01-28 21:20:44,245 INFO c.h.h.t.HelmChartContainer - [K3S] [dispatcher.go:210] Failed calling webhook, failing open prometheusrulemutate.monitoring.coreos.com: failed calling webhook "prometheusrulemutate.monitoring.coreos.com": failed to call webhook: Post "https://monitoring-stack-kube-prom-operator.monitoring.svc:443/admission-prometheusrules/mutate?timeout=10s": no endpoints available for service "monitoring-stack-kube-prom-operator"
2025-01-28 21:20:44,245 INFO c.h.h.t.HelmChartContainer - [K3S] [dispatcher.go:214] "Unhandled Error" err="failed calling webhook \"prometheusrulemutate.monitoring.coreos.com\": failed to call webhook: Post \"https://monitoring-stack-kube-prom-operator.monitoring.svc:443/admission-prometheusrules/mutate?timeout=10s\": no endpoints available for service \"monitoring-stack-kube-prom-operator\""
2025-01-28 21:20:44,246 INFO c.h.h.t.HelmChartContainer - [K3S] [dispatcher.go:210] Failed calling webhook, failing open prometheusrulemutate.monitoring.coreos.com: failed calling webhook "prometheusrulemutate.monitoring.coreos.com": failed to call webhook: Post "https://monitoring-stack-kube-prom-operator.monitoring.svc:443/admission-prometheusrules/mutate?timeout=10s": no endpoints available for service "monitoring-stack-kube-prom-operator"
2025-01-28 21:20:44,246 INFO c.h.h.t.HelmChartContainer - [K3S] [dispatcher.go:214] "Unhandled Error" err="failed calling webhook \"prometheusrulemutate.monitoring.coreos.com\": failed to call webhook: Post \"https://monitoring-stack-kube-prom-operator.monitoring.svc:443/admission-prometheusrules/mutate?timeout=10s\": no endpoints available for service \"monitoring-stack-kube-prom-operator\""
2025-01-28 21:20:44,248 INFO c.h.h.t.HelmChartContainer - [K3S] [dispatcher.go:210] Failed calling webhook, failing open prometheusrulemutate.monitoring.coreos.com: failed calling webhook "prometheusrulemutate.monitoring.coreos.com": failed to call webhook: Post "https://monitoring-stack-kube-prom-operator.monitoring.svc:443/admission-prometheusrules/mutate?timeout=10s": no endpoints available for service "monitoring-stack-kube-prom-operator"
2025-01-28 21:20:44,248 INFO c.h.h.t.HelmChartContainer - [K3S] [dispatcher.go:214] "Unhandled Error" err="failed calling webhook \"prometheusrulemutate.monitoring.coreos.com\": failed to call webhook: Post \"https://monitoring-stack-kube-prom-operator.monitoring.svc:443/admission-prometheusrules/mutate?timeout=10s\": no endpoints available for service \"monitoring-stack-kube-prom-operator\""
2025-01-28 21:20:44,249 INFO c.h.h.t.HelmChartContainer - [K3S] [dispatcher.go:210] Failed calling webhook, failing open prometheusrulemutate.monitoring.coreos.com: failed calling webhook "prometheusrulemutate.monitoring.coreos.com": failed to call webhook: Post "https://monitoring-stack-kube-prom-operator.monitoring.svc:443/admission-prometheusrules/mutate?timeout=10s": no endpoints available for service "monitoring-stack-kube-prom-operator"
2025-01-28 21:20:44,249 INFO c.h.h.t.HelmChartContainer - [K3S] [dispatcher.go:214] "Unhandled Error" err="failed calling webhook \"prometheusrulemutate.monitoring.coreos.com\": failed to call webhook: Post \"https://monitoring-stack-kube-prom-operator.monitoring.svc:443/admission-prometheusrules/mutate?timeout=10s\": no endpoints available for service \"monitoring-stack-kube-prom-operator\""
2025-01-28 21:20:44,249 INFO c.h.h.t.HelmChartContainer - [K3S] [dispatcher.go:210] Failed calling webhook, failing open prometheusrulemutate.monitoring.coreos.com: failed calling webhook "prometheusrulemutate.monitoring.coreos.com": failed to call webhook: Post "https://monitoring-stack-kube-prom-operator.monitoring.svc:443/admission-prometheusrules/mutate?timeout=10s": no endpoints available for service "monitoring-stack-kube-prom-operator"
2025-01-28 21:20:44,249 INFO c.h.h.t.HelmChartContainer - [K3S] [dispatcher.go:214] "Unhandled Error" err="failed calling webhook \"prometheusrulemutate.monitoring.coreos.com\": failed to call webhook: Post \"https://monitoring-stack-kube-prom-operator.monitoring.svc:443/admission-prometheusrules/mutate?timeout=10s\": no endpoints available for service \"monitoring-stack-kube-prom-operator\""
2025-01-28 21:20:44,251 INFO c.h.h.t.HelmChartContainer - [K3S] [dispatcher.go:210] Failed calling webhook, failing open prometheusrulemutate.monitoring.coreos.com: failed calling webhook "prometheusrulemutate.monitoring.coreos.com": failed to call webhook: Post "https://monitoring-stack-kube-prom-operator.monitoring.svc:443/admission-prometheusrules/mutate?timeout=10s": no endpoints available for service "monitoring-stack-kube-prom-operator"
2025-01-28 21:20:44,251 INFO c.h.h.t.HelmChartContainer - [K3S] [dispatcher.go:214] "Unhandled Error" err="failed calling webhook \"prometheusrulemutate.monitoring.coreos.com\": failed to call webhook: Post \"https://monitoring-stack-kube-prom-operator.monitoring.svc:443/admission-prometheusrules/mutate?timeout=10s\": no endpoints available for service \"monitoring-stack-kube-prom-operator\""
2025-01-28 21:20:44,251 INFO c.h.h.t.HelmChartContainer - [K3S] [dispatcher.go:210] Failed calling webhook, failing open prometheusrulemutate.monitoring.coreos.com: failed calling webhook "prometheusrulemutate.monitoring.coreos.com": failed to call webhook: Post "https://monitoring-stack-kube-prom-operator.monitoring.svc:443/admission-prometheusrules/mutate?timeout=10s": no endpoints available for service "monitoring-stack-kube-prom-operator"
2025-01-28 21:20:44,251 INFO c.h.h.t.HelmChartContainer - [K3S] [dispatcher.go:214] "Unhandled Error" err="failed calling webhook \"prometheusrulemutate.monitoring.coreos.com\": failed to call webhook: Post \"https://monitoring-stack-kube-prom-operator.monitoring.svc:443/admission-prometheusrules/mutate?timeout=10s\": no endpoints available for service \"monitoring-stack-kube-prom-operator\""
2025-01-28 21:20:44,251 INFO c.h.h.t.HelmChartContainer - [K3S] [dispatcher.go:210] Failed calling webhook, failing open prometheusrulemutate.monitoring.coreos.com: failed calling webhook "prometheusrulemutate.monitoring.coreos.com": failed to call webhook: Post "https://monitoring-stack-kube-prom-operator.monitoring.svc:443/admission-prometheusrules/mutate?timeout=10s": no endpoints available for service "monitoring-stack-kube-prom-operator"
2025-01-28 21:20:44,251 INFO c.h.h.t.HelmChartContainer - [K3S] [dispatcher.go:214] "Unhandled Error" err="failed calling webhook \"prometheusrulemutate.monitoring.coreos.com\": failed to call webhook: Post \"https://monitoring-stack-kube-prom-operator.monitoring.svc:443/admission-prometheusrules/mutate?timeout=10s\": no endpoints available for service \"monitoring-stack-kube-prom-operator\""
2025-01-28 21:20:44,251 INFO c.h.h.t.HelmChartContainer - [K3S] [dispatcher.go:210] Failed calling webhook, failing open prometheusrulemutate.monitoring.coreos.com: failed calling webhook "prometheusrulemutate.monitoring.coreos.com": failed to call webhook: Post "https://monitoring-stack-kube-prom-operator.monitoring.svc:443/admission-prometheusrules/mutate?timeout=10s": no endpoints available for service "monitoring-stack-kube-prom-operator"
2025-01-28 21:20:44,251 INFO c.h.h.t.HelmChartContainer - [K3S] [dispatcher.go:214] "Unhandled Error" err="failed calling webhook \"prometheusrulemutate.monitoring.coreos.com\": failed to call webhook: Post \"https://monitoring-stack-kube-prom-operator.monitoring.svc:443/admission-prometheusrules/mutate?timeout=10s\": no endpoints available for service \"monitoring-stack-kube-prom-operator\""
2025-01-28 21:20:44,255 INFO c.h.h.t.HelmChartContainer - [K3S] [dispatcher.go:210] Failed calling webhook, failing open prometheusrulemutate.monitoring.coreos.com: failed calling webhook "prometheusrulemutate.monitoring.coreos.com": failed to call webhook: Post "https://monitoring-stack-kube-prom-operator.monitoring.svc:443/admission-prometheusrules/mutate?timeout=10s": no endpoints available for service "monitoring-stack-kube-prom-operator"
2025-01-28 21:20:44,255 INFO c.h.h.t.HelmChartContainer - [K3S] [dispatcher.go:214] "Unhandled Error" err="failed calling webhook \"prometheusrulemutate.monitoring.coreos.com\": failed to call webhook: Post \"https://monitoring-stack-kube-prom-operator.monitoring.svc:443/admission-prometheusrules/mutate?timeout=10s\": no endpoints available for service \"monitoring-stack-kube-prom-operator\""
2025-01-28 21:20:44,255 INFO c.h.h.t.HelmChartContainer - [K3S] [dispatcher.go:210] Failed calling webhook, failing open prometheusrulemutate.monitoring.coreos.com: failed calling webhook "prometheusrulemutate.monitoring.coreos.com": failed to call webhook: Post "https://monitoring-stack-kube-prom-operator.monitoring.svc:443/admission-prometheusrules/mutate?timeout=10s": no endpoints available for service "monitoring-stack-kube-prom-operator"
2025-01-28 21:20:44,255 INFO c.h.h.t.HelmChartContainer - [K3S] [dispatcher.go:214] "Unhandled Error" err="failed calling webhook \"prometheusrulemutate.monitoring.coreos.com\": failed to call webhook: Post \"https://monitoring-stack-kube-prom-operator.monitoring.svc:443/admission-prometheusrules/mutate?timeout=10s\": no endpoints available for service \"monitoring-stack-kube-prom-operator\""
2025-01-28 21:20:44,257 INFO c.h.h.t.HelmChartContainer - [K3S] [dispatcher.go:210] Failed calling webhook, failing open prometheusrulemutate.monitoring.coreos.com: failed calling webhook "prometheusrulemutate.monitoring.coreos.com": failed to call webhook: Post "https://monitoring-stack-kube-prom-operator.monitoring.svc:443/admission-prometheusrules/mutate?timeout=10s": no endpoints available for service "monitoring-stack-kube-prom-operator"
2025-01-28 21:20:44,258 INFO c.h.h.t.HelmChartContainer - [K3S] [dispatcher.go:214] "Unhandled Error" err="failed calling webhook \"prometheusrulemutate.monitoring.coreos.com\": failed to call webhook: Post \"https://monitoring-stack-kube-prom-operator.monitoring.svc:443/admission-prometheusrules/mutate?timeout=10s\": no endpoints available for service \"monitoring-stack-kube-prom-operator\""
2025-01-28 21:20:44,258 INFO c.h.h.t.HelmChartContainer - [K3S] [dispatcher.go:210] Failed calling webhook, failing open prometheusrulemutate.monitoring.coreos.com: failed calling webhook "prometheusrulemutate.monitoring.coreos.com": failed to call webhook: Post "https://monitoring-stack-kube-prom-operator.monitoring.svc:443/admission-prometheusrules/mutate?timeout=10s": no endpoints available for service "monitoring-stack-kube-prom-operator"
2025-01-28 21:20:44,259 INFO c.h.h.t.HelmChartContainer - [K3S] [dispatcher.go:214] "Unhandled Error" err="failed calling webhook \"prometheusrulemutate.monitoring.coreos.com\": failed to call webhook: Post \"https://monitoring-stack-kube-prom-operator.monitoring.svc:443/admission-prometheusrules/mutate?timeout=10s\": no endpoints available for service \"monitoring-stack-kube-prom-operator\""
2025-01-28 21:20:44,264 INFO c.h.h.t.HelmChartContainer - [K3S] [dispatcher.go:210] Failed calling webhook, failing open prometheusrulemutate.monitoring.coreos.com: failed calling webhook "prometheusrulemutate.monitoring.coreos.com": failed to call webhook: Post "https://monitoring-stack-kube-prom-operator.monitoring.svc:443/admission-prometheusrules/mutate?timeout=10s": no endpoints available for service "monitoring-stack-kube-prom-operator"
2025-01-28 21:20:44,264 INFO c.h.h.t.HelmChartContainer - [K3S] [dispatcher.go:214] "Unhandled Error" err="failed calling webhook \"prometheusrulemutate.monitoring.coreos.com\": failed to call webhook: Post \"https://monitoring-stack-kube-prom-operator.monitoring.svc:443/admission-prometheusrules/mutate?timeout=10s\": no endpoints available for service \"monitoring-stack-kube-prom-operator\""
2025-01-28 21:20:44,266 INFO c.h.h.t.HelmChartContainer - [K3S] [dispatcher.go:210] Failed calling webhook, failing open prometheusrulemutate.monitoring.coreos.com: failed calling webhook "prometheusrulemutate.monitoring.coreos.com": failed to call webhook: Post "https://monitoring-stack-kube-prom-operator.monitoring.svc:443/admission-prometheusrules/mutate?timeout=10s": no endpoints available for service "monitoring-stack-kube-prom-operator"
2025-01-28 21:20:44,266 INFO c.h.h.t.HelmChartContainer - [K3S] [dispatcher.go:214] "Unhandled Error" err="failed calling webhook \"prometheusrulemutate.monitoring.coreos.com\": failed to call webhook: Post \"https://monitoring-stack-kube-prom-operator.monitoring.svc:443/admission-prometheusrules/mutate?timeout=10s\": no endpoints available for service \"monitoring-stack-kube-prom-operator\""
2025-01-28 21:20:44,267 INFO c.h.h.t.HelmChartContainer - [K3S] [dispatcher.go:210] Failed calling webhook, failing open prometheusrulemutate.monitoring.coreos.com: failed calling webhook "prometheusrulemutate.monitoring.coreos.com": failed to call webhook: Post "https://monitoring-stack-kube-prom-operator.monitoring.svc:443/admission-prometheusrules/mutate?timeout=10s": no endpoints available for service "monitoring-stack-kube-prom-operator"
2025-01-28 21:20:44,268 INFO c.h.h.t.HelmChartContainer - [K3S] [dispatcher.go:214] "Unhandled Error" err="failed calling webhook \"prometheusrulemutate.monitoring.coreos.com\": failed to call webhook: Post \"https://monitoring-stack-kube-prom-operator.monitoring.svc:443/admission-prometheusrules/mutate?timeout=10s\": no endpoints available for service \"monitoring-stack-kube-prom-operator\""
2025-01-28 21:20:44,271 INFO c.h.h.t.HelmChartContainer - [K3S] [dispatcher.go:210] Failed calling webhook, failing open prometheusrulemutate.monitoring.coreos.com: failed calling webhook "prometheusrulemutate.monitoring.coreos.com": failed to call webhook: Post "https://monitoring-stack-kube-prom-operator.monitoring.svc:443/admission-prometheusrules/mutate?timeout=10s": no endpoints available for service "monitoring-stack-kube-prom-operator"
2025-01-28 21:20:44,271 INFO c.h.h.t.HelmChartContainer - [K3S] [dispatcher.go:214] "Unhandled Error" err="failed calling webhook \"prometheusrulemutate.monitoring.coreos.com\": failed to call webhook: Post \"https://monitoring-stack-kube-prom-operator.monitoring.svc:443/admission-prometheusrules/mutate?timeout=10s\": no endpoints available for service \"monitoring-stack-kube-prom-operator\""
2025-01-28 21:20:44,274 INFO c.h.h.t.HelmChartContainer - [POD] monitoring-stack-kube-state-metrics-5bf5c7b54d-ss4kj [605d0d61-f0ea-4bb6-ab4a-06cb56b92c4e] in monitoring was MODIFIED
2025-01-28 21:20:44,278 INFO c.h.h.t.HelmChartContainer - [K3S] [replica_set.go:679] "Finished syncing" kind="ReplicaSet" key="monitoring/monitoring-stack-kube-state-metrics-5bf5c7b54d" duration="46.016µs"
2025-01-28 21:20:44,284 INFO c.h.h.t.HelmChartContainer - [K3S] [dispatcher.go:210] Failed calling webhook, failing open prometheusrulemutate.monitoring.coreos.com: failed calling webhook "prometheusrulemutate.monitoring.coreos.com": failed to call webhook: Post "https://monitoring-stack-kube-prom-operator.monitoring.svc:443/admission-prometheusrules/mutate?timeout=10s": no endpoints available for service "monitoring-stack-kube-prom-operator"
2025-01-28 21:20:44,285 INFO c.h.h.t.HelmChartContainer - [K3S] [dispatcher.go:214] "Unhandled Error" err="failed calling webhook \"prometheusrulemutate.monitoring.coreos.com\": failed to call webhook: Post \"https://monitoring-stack-kube-prom-operator.monitoring.svc:443/admission-prometheusrules/mutate?timeout=10s\": no endpoints available for service \"monitoring-stack-kube-prom-operator\""
2025-01-28 21:20:44,286 INFO c.h.h.t.HelmChartContainer - [K3S] [replica_set.go:679] "Finished syncing" kind="ReplicaSet" key="monitoring/monitoring-stack-kube-prom-operator-6f4fc4bc65" duration="127.370005ms"
2025-01-28 21:20:44,287 INFO c.h.h.t.HelmChartContainer - [K3S] [dispatcher.go:210] Failed calling webhook, failing open prometheusrulemutate.monitoring.coreos.com: failed calling webhook "prometheusrulemutate.monitoring.coreos.com": failed to call webhook: Post "https://monitoring-stack-kube-prom-operator.monitoring.svc:443/admission-prometheusrules/mutate?timeout=10s": no endpoints available for service "monitoring-stack-kube-prom-operator"
2025-01-28 21:20:44,287 INFO c.h.h.t.HelmChartContainer - [K3S] [dispatcher.go:214] "Unhandled Error" err="failed calling webhook \"prometheusrulemutate.monitoring.coreos.com\": failed to call webhook: Post \"https://monitoring-stack-kube-prom-operator.monitoring.svc:443/admission-prometheusrules/mutate?timeout=10s\": no endpoints available for service \"monitoring-stack-kube-prom-operator\""
2025-01-28 21:20:44,287 INFO c.h.h.t.HelmChartContainer - [K3S] [dispatcher.go:210] Failed calling webhook, failing open prometheusrulemutate.monitoring.coreos.com: failed calling webhook "prometheusrulemutate.monitoring.coreos.com": failed to call webhook: Post "https://monitoring-stack-kube-prom-operator.monitoring.svc:443/admission-prometheusrules/mutate?timeout=10s": no endpoints available for service "monitoring-stack-kube-prom-operator"
2025-01-28 21:20:44,287 INFO c.h.h.t.HelmChartContainer - [K3S] [dispatcher.go:214] "Unhandled Error" err="failed calling webhook \"prometheusrulemutate.monitoring.coreos.com\": failed to call webhook: Post \"https://monitoring-stack-kube-prom-operator.monitoring.svc:443/admission-prometheusrules/mutate?timeout=10s\": no endpoints available for service \"monitoring-stack-kube-prom-operator\""
2025-01-28 21:20:44,287 INFO c.h.h.t.HelmChartContainer - [K3S] [dispatcher.go:210] Failed calling webhook, failing open prometheusrulemutate.monitoring.coreos.com: failed calling webhook "prometheusrulemutate.monitoring.coreos.com": failed to call webhook: Post "https://monitoring-stack-kube-prom-operator.monitoring.svc:443/admission-prometheusrules/mutate?timeout=10s": no endpoints available for service "monitoring-stack-kube-prom-operator"
2025-01-28 21:20:44,287 INFO c.h.h.t.HelmChartContainer - [K3S] [dispatcher.go:214] "Unhandled Error" err="failed calling webhook \"prometheusrulemutate.monitoring.coreos.com\": failed to call webhook: Post \"https://monitoring-stack-kube-prom-operator.monitoring.svc:443/admission-prometheusrules/mutate?timeout=10s\": no endpoints available for service \"monitoring-stack-kube-prom-operator\""
2025-01-28 21:20:44,298 INFO c.h.h.t.HelmChartContainer - [K3S] [dispatcher.go:210] Failed calling webhook, failing open prometheusrulemutate.monitoring.coreos.com: failed calling webhook "prometheusrulemutate.monitoring.coreos.com": failed to call webhook: Post "https://monitoring-stack-kube-prom-operator.monitoring.svc:443/admission-prometheusrules/mutate?timeout=10s": no endpoints available for service "monitoring-stack-kube-prom-operator"
2025-01-28 21:20:44,298 INFO c.h.h.t.HelmChartContainer - [K3S] [dispatcher.go:214] "Unhandled Error" err="failed calling webhook \"prometheusrulemutate.monitoring.coreos.com\": failed to call webhook: Post \"https://monitoring-stack-kube-prom-operator.monitoring.svc:443/admission-prometheusrules/mutate?timeout=10s\": no endpoints available for service \"monitoring-stack-kube-prom-operator\""
2025-01-28 21:20:44,303 INFO c.h.h.t.HelmChartContainer - [K3S] [reconciler_common.go:251] "operationExecutor.VerifyControllerAttachedVolume started for volume \"proc\" (UniqueName: \"kubernetes.io/host-path/c72d6663-f0ac-4684-970e-b063e7a80491-proc\") pod \"monitoring-stack-prometheus-node-exporter-bwfxm\" (UID: \"c72d6663-f0ac-4684-970e-b063e7a80491\") " pod="monitoring/monitoring-stack-prometheus-node-exporter-bwfxm"
2025-01-28 21:20:44,304 INFO c.h.h.t.HelmChartContainer - [K3S] [reconciler_common.go:251] "operationExecutor.VerifyControllerAttachedVolume started for volume \"config\" (UniqueName: \"kubernetes.io/configmap/69538ec2-e137-473d-8561-d120210aa826-config\") pod \"monitoring-stack-grafana-64c55fb967-rgtjr\" (UID: \"69538ec2-e137-473d-8561-d120210aa826\") " pod="monitoring/monitoring-stack-grafana-64c55fb967-rgtjr"
2025-01-28 21:20:44,304 INFO c.h.h.t.HelmChartContainer - [K3S] [reconciler_common.go:251] "operationExecutor.VerifyControllerAttachedVolume started for volume \"sc-datasources-volume\" (UniqueName: \"kubernetes.io/empty-dir/69538ec2-e137-473d-8561-d120210aa826-sc-datasources-volume\") pod \"monitoring-stack-grafana-64c55fb967-rgtjr\" (UID: \"69538ec2-e137-473d-8561-d120210aa826\") " pod="monitoring/monitoring-stack-grafana-64c55fb967-rgtjr"
2025-01-28 21:20:44,304 INFO c.h.h.t.HelmChartContainer - [K3S] [reconciler_common.go:251] "operationExecutor.VerifyControllerAttachedVolume started for volume \"tls-secret\" (UniqueName: \"kubernetes.io/secret/c95fd21f-33fc-4d83-a9ff-dd59ccbbf4e5-tls-secret\") pod \"monitoring-stack-kube-prom-operator-6f4fc4bc65-7mjbn\" (UID: \"c95fd21f-33fc-4d83-a9ff-dd59ccbbf4e5\") " pod="monitoring/monitoring-stack-kube-prom-operator-6f4fc4bc65-7mjbn"
2025-01-28 21:20:44,304 INFO c.h.h.t.HelmChartContainer - [K3S] [reconciler_common.go:251] "operationExecutor.VerifyControllerAttachedVolume started for volume \"kube-api-access-qt4qf\" (UniqueName: \"kubernetes.io/projected/c95fd21f-33fc-4d83-a9ff-dd59ccbbf4e5-kube-api-access-qt4qf\") pod \"monitoring-stack-kube-prom-operator-6f4fc4bc65-7mjbn\" (UID: \"c95fd21f-33fc-4d83-a9ff-dd59ccbbf4e5\") " pod="monitoring/monitoring-stack-kube-prom-operator-6f4fc4bc65-7mjbn"
2025-01-28 21:20:44,304 INFO c.h.h.t.HelmChartContainer - [K3S] [reconciler_common.go:251] "operationExecutor.VerifyControllerAttachedVolume started for volume \"sys\" (UniqueName: \"kubernetes.io/host-path/c72d6663-f0ac-4684-970e-b063e7a80491-sys\") pod \"monitoring-stack-prometheus-node-exporter-bwfxm\" (UID: \"c72d6663-f0ac-4684-970e-b063e7a80491\") " pod="monitoring/monitoring-stack-prometheus-node-exporter-bwfxm"
2025-01-28 21:20:44,305 INFO c.h.h.t.HelmChartContainer - [K3S] [reconciler_common.go:251] "operationExecutor.VerifyControllerAttachedVolume started for volume \"sc-dashboard-provider\" (UniqueName: \"kubernetes.io/configmap/69538ec2-e137-473d-8561-d120210aa826-sc-dashboard-provider\") pod \"monitoring-stack-grafana-64c55fb967-rgtjr\" (UID: \"69538ec2-e137-473d-8561-d120210aa826\") " pod="monitoring/monitoring-stack-grafana-64c55fb967-rgtjr"
2025-01-28 21:20:44,305 INFO c.h.h.t.HelmChartContainer - [K3S] [reconciler_common.go:251] "operationExecutor.VerifyControllerAttachedVolume started for volume \"kube-api-access-nc6nk\" (UniqueName: \"kubernetes.io/projected/69538ec2-e137-473d-8561-d120210aa826-kube-api-access-nc6nk\") pod \"monitoring-stack-grafana-64c55fb967-rgtjr\" (UID: \"69538ec2-e137-473d-8561-d120210aa826\") " pod="monitoring/monitoring-stack-grafana-64c55fb967-rgtjr"
2025-01-28 21:20:44,305 INFO c.h.h.t.HelmChartContainer - [K3S] [reconciler_common.go:251] "operationExecutor.VerifyControllerAttachedVolume started for volume \"storage\" (UniqueName: \"kubernetes.io/empty-dir/69538ec2-e137-473d-8561-d120210aa826-storage\") pod \"monitoring-stack-grafana-64c55fb967-rgtjr\" (UID: \"69538ec2-e137-473d-8561-d120210aa826\") " pod="monitoring/monitoring-stack-grafana-64c55fb967-rgtjr"
2025-01-28 21:20:44,305 INFO c.h.h.t.HelmChartContainer - [K3S] [reconciler_common.go:251] "operationExecutor.VerifyControllerAttachedVolume started for volume \"sc-dashboard-volume\" (UniqueName: \"kubernetes.io/empty-dir/69538ec2-e137-473d-8561-d120210aa826-sc-dashboard-volume\") pod \"monitoring-stack-grafana-64c55fb967-rgtjr\" (UID: \"69538ec2-e137-473d-8561-d120210aa826\") " pod="monitoring/monitoring-stack-grafana-64c55fb967-rgtjr"
2025-01-28 21:20:44,305 INFO c.h.h.t.HelmChartContainer - [K3S] [reconciler_common.go:251] "operationExecutor.VerifyControllerAttachedVolume started for volume \"kube-api-access-wd6kt\" (UniqueName: \"kubernetes.io/projected/605d0d61-f0ea-4bb6-ab4a-06cb56b92c4e-kube-api-access-wd6kt\") pod \"monitoring-stack-kube-state-metrics-5bf5c7b54d-ss4kj\" (UID: \"605d0d61-f0ea-4bb6-ab4a-06cb56b92c4e\") " pod="monitoring/monitoring-stack-kube-state-metrics-5bf5c7b54d-ss4kj"
2025-01-28 21:20:44,305 INFO c.h.h.t.HelmChartContainer - [K3S] [dispatcher.go:210] Failed calling webhook, failing open prometheusrulemutate.monitoring.coreos.com: failed calling webhook "prometheusrulemutate.monitoring.coreos.com": failed to call webhook: Post "https://monitoring-stack-kube-prom-operator.monitoring.svc:443/admission-prometheusrules/mutate?timeout=10s": no endpoints available for service "monitoring-stack-kube-prom-operator"
2025-01-28 21:20:44,305 INFO c.h.h.t.HelmChartContainer - [K3S] [dispatcher.go:214] "Unhandled Error" err="failed calling webhook \"prometheusrulemutate.monitoring.coreos.com\": failed to call webhook: Post \"https://monitoring-stack-kube-prom-operator.monitoring.svc:443/admission-prometheusrules/mutate?timeout=10s\": no endpoints available for service \"monitoring-stack-kube-prom-operator\""
2025-01-28 21:20:44,309 INFO c.h.h.t.HelmChartContainer - [K3S] [replica_set.go:679] "Finished syncing" kind="ReplicaSet" key="monitoring/monitoring-stack-grafana-64c55fb967" duration="75.21946ms"
2025-01-28 21:20:44,310 INFO c.h.h.t.HelmChartContainer - [K3S] [replica_set.go:679] "Finished syncing" kind="ReplicaSet" key="monitoring/monitoring-stack-grafana-64c55fb967" duration="45.254µs"
2025-01-28 21:20:44,349 INFO c.h.h.t.HelmChartContainer - [POD] monitoring-stack-prometheus-node-exporter-bwfxm [c72d6663-f0ac-4684-970e-b063e7a80491] in monitoring was MODIFIED
2025-01-28 21:20:44,352 INFO c.h.h.t.HelmChartContainer - [K3S] [replica_set.go:679] "Finished syncing" kind="ReplicaSet" key="monitoring/monitoring-stack-kube-prom-operator-6f4fc4bc65" duration="66.626594ms"
2025-01-28 21:20:44,354 INFO c.h.h.t.HelmChartContainer - [K3S] [replica_set.go:679] "Finished syncing" kind="ReplicaSet" key="monitoring/monitoring-stack-kube-prom-operator-6f4fc4bc65" duration="42.118µs"
2025-01-28 21:20:44,376 INFO c.h.h.t.HelmChartContainer - [K3S] [replica_set.go:679] "Finished syncing" kind="ReplicaSet" key="monitoring/monitoring-stack-grafana-64c55fb967" duration="61.535µs"
2025-01-28 21:20:44,377 INFO c.h.h.t.HelmChartContainer - [POD] monitoring-stack-grafana-64c55fb967-rgtjr [69538ec2-e137-473d-8561-d120210aa826] in monitoring was MODIFIED
2025-01-28 21:20:44,578 INFO c.h.h.t.HelmChartContainer - [EVENT] Normal [Pulling] Pulling image "registry.k8s.io/kube-state-metrics/kube-state-metrics:v2.14.0" [monitoring:monitoring-stack-kube-state-metrics-5bf5c7b54d-ss4kj]
2025-01-28 21:20:44,582 INFO c.h.h.t.HelmChartContainer - [EVENT] Normal [Pulling] Pulling image "quay.io/prometheus-operator/prometheus-operator:v0.79.2" [monitoring:monitoring-stack-kube-prom-operator-6f4fc4bc65-7mjbn]
2025-01-28 21:20:44,587 INFO c.h.h.t.HelmChartContainer - [EVENT] Normal [Pulling] Pulling image "quay.io/prometheus/node-exporter:v1.8.2" [monitoring:monitoring-stack-prometheus-node-exporter-bwfxm]
2025-01-28 21:20:44,662 INFO c.h.h.t.HelmChartContainer - [EVENT] Normal [Pulling] Pulling image "quay.io/kiwigrid/k8s-sidecar:1.28.0" [monitoring:monitoring-stack-grafana-64c55fb967-rgtjr]
2025-01-28 21:20:45,576 INFO c.h.h.t.HelmChartContainer - [EVENT] Normal [Pulled] Successfully pulled image "registry.k8s.io/kube-state-metrics/kube-state-metrics:v2.14.0" in 999ms (999ms including waiting). Image size: 15427061 bytes. [monitoring:monitoring-stack-kube-state-metrics-5bf5c7b54d-ss4kj]
2025-01-28 21:20:45,582 INFO c.h.h.t.HelmChartContainer - [EVENT] Normal [Created] Created container: kube-state-metrics [monitoring:monitoring-stack-kube-state-metrics-5bf5c7b54d-ss4kj]
2025-01-28 21:20:45,644 INFO c.h.h.t.HelmChartContainer - [EVENT] Normal [Started] Started container kube-state-metrics [monitoring:monitoring-stack-kube-state-metrics-5bf5c7b54d-ss4kj]
2025-01-28 21:20:45,846 INFO c.h.h.t.HelmChartContainer - [K3S] [replica_set.go:679] "Finished syncing" kind="ReplicaSet" key="monitoring/monitoring-stack-kube-state-metrics-5bf5c7b54d" duration="48.149µs"
2025-01-28 21:20:45,848 INFO c.h.h.t.HelmChartContainer - [POD] monitoring-stack-kube-state-metrics-5bf5c7b54d-ss4kj [605d0d61-f0ea-4bb6-ab4a-06cb56b92c4e] in monitoring was MODIFIED
2025-01-28 21:20:46,377 INFO c.h.h.t.HelmChartContainer - [EVENT] Normal [Pulled] Successfully pulled image "quay.io/prometheus-operator/prometheus-operator:v0.79.2" in 1.796s (1.796s including waiting). Image size: 19140913 bytes. [monitoring:monitoring-stack-kube-prom-operator-6f4fc4bc65-7mjbn]
2025-01-28 21:20:46,391 INFO c.h.h.t.HelmChartContainer - [EVENT] Normal [Created] Created container: kube-prometheus-stack [monitoring:monitoring-stack-kube-prom-operator-6f4fc4bc65-7mjbn]
2025-01-28 21:20:46,466 INFO c.h.h.t.HelmChartContainer - [EVENT] Normal [Started] Started container kube-prometheus-stack [monitoring:monitoring-stack-kube-prom-operator-6f4fc4bc65-7mjbn]
2025-01-28 21:20:46,751 INFO c.h.h.t.HelmChartContainer - [EVENT] Normal [SuccessfulCreate] create Pod alertmanager-monitoring-stack-kube-prom-alertmanager-0 in StatefulSet alertmanager-monitoring-stack-kube-prom-alertmanager successful [monitoring:alertmanager-monitoring-stack-kube-prom-alertmanager]
2025-01-28 21:20:46,755 INFO c.h.h.t.HelmChartContainer - [POD] alertmanager-monitoring-stack-kube-prom-alertmanager-0 [6027699d-7d28-48c7-be9d-5f7bbf4ff13f] in monitoring was ADDED
2025-01-28 21:20:46,756 INFO c.h.h.t.HelmChartContainer - [EVENT] Normal [Scheduled] Successfully assigned monitoring/alertmanager-monitoring-stack-kube-prom-alertmanager-0 to d1dd1cbcc0a3 [monitoring:alertmanager-monitoring-stack-kube-prom-alertmanager-0]
2025-01-28 21:20:46,763 INFO c.h.h.t.HelmChartContainer - [POD] alertmanager-monitoring-stack-kube-prom-alertmanager-0 [6027699d-7d28-48c7-be9d-5f7bbf4ff13f] in monitoring was MODIFIED
2025-01-28 21:20:46,791 INFO c.h.h.t.HelmChartContainer - [POD] alertmanager-monitoring-stack-kube-prom-alertmanager-0 [6027699d-7d28-48c7-be9d-5f7bbf4ff13f] in monitoring was MODIFIED
2025-01-28 21:20:46,852 INFO c.h.h.t.HelmChartContainer - [K3S] [replica_set.go:679] "Finished syncing" kind="ReplicaSet" key="monitoring/monitoring-stack-kube-prom-operator-6f4fc4bc65" duration="43.582µs"
2025-01-28 21:20:46,857 INFO c.h.h.t.HelmChartContainer - [POD] monitoring-stack-kube-prom-operator-6f4fc4bc65-7mjbn [c95fd21f-33fc-4d83-a9ff-dd59ccbbf4e5] in monitoring was MODIFIED
2025-01-28 21:20:46,885 INFO c.h.h.t.HelmChartContainer - [POD] monitoring-stack-kube-prom-operator-6f4fc4bc65-7mjbn [c95fd21f-33fc-4d83-a9ff-dd59ccbbf4e5] in monitoring was MODIFIED
2025-01-28 21:20:46,903 INFO c.h.h.t.HelmChartContainer - [K3S] [replica_set.go:679] "Finished syncing" kind="ReplicaSet" key="monitoring/monitoring-stack-kube-prom-operator-6f4fc4bc65" duration="20.063859ms"
2025-01-28 21:20:46,907 INFO c.h.h.t.HelmChartContainer - [K3S] [replica_set.go:679] "Finished syncing" kind="ReplicaSet" key="monitoring/monitoring-stack-kube-prom-operator-6f4fc4bc65" duration="39.013µs"
2025-01-28 21:20:46,919 INFO c.h.h.t.HelmChartContainer - [K3S] [reconciler_common.go:251] "operationExecutor.VerifyControllerAttachedVolume started for volume \"tls-assets\" (UniqueName: \"kubernetes.io/projected/6027699d-7d28-48c7-be9d-5f7bbf4ff13f-tls-assets\") pod \"alertmanager-monitoring-stack-kube-prom-alertmanager-0\" (UID: \"6027699d-7d28-48c7-be9d-5f7bbf4ff13f\") " pod="monitoring/alertmanager-monitoring-stack-kube-prom-alertmanager-0"
2025-01-28 21:20:46,922 INFO c.h.h.t.HelmChartContainer - [K3S] [reconciler_common.go:251] "operationExecutor.VerifyControllerAttachedVolume started for volume \"config-volume\" (UniqueName: \"kubernetes.io/secret/6027699d-7d28-48c7-be9d-5f7bbf4ff13f-config-volume\") pod \"alertmanager-monitoring-stack-kube-prom-alertmanager-0\" (UID: \"6027699d-7d28-48c7-be9d-5f7bbf4ff13f\") " pod="monitoring/alertmanager-monitoring-stack-kube-prom-alertmanager-0"
2025-01-28 21:20:46,922 INFO c.h.h.t.HelmChartContainer - [K3S] [reconciler_common.go:251] "operationExecutor.VerifyControllerAttachedVolume started for volume \"kube-api-access-4ll8n\" (UniqueName: \"kubernetes.io/projected/6027699d-7d28-48c7-be9d-5f7bbf4ff13f-kube-api-access-4ll8n\") pod \"alertmanager-monitoring-stack-kube-prom-alertmanager-0\" (UID: \"6027699d-7d28-48c7-be9d-5f7bbf4ff13f\") " pod="monitoring/alertmanager-monitoring-stack-kube-prom-alertmanager-0"
2025-01-28 21:20:46,922 INFO c.h.h.t.HelmChartContainer - [K3S] [reconciler_common.go:251] "operationExecutor.VerifyControllerAttachedVolume started for volume \"config-out\" (UniqueName: \"kubernetes.io/empty-dir/6027699d-7d28-48c7-be9d-5f7bbf4ff13f-config-out\") pod \"alertmanager-monitoring-stack-kube-prom-alertmanager-0\" (UID: \"6027699d-7d28-48c7-be9d-5f7bbf4ff13f\") " pod="monitoring/alertmanager-monitoring-stack-kube-prom-alertmanager-0"
2025-01-28 21:20:46,922 INFO c.h.h.t.HelmChartContainer - [K3S] [reconciler_common.go:251] "operationExecutor.VerifyControllerAttachedVolume started for volume \"web-config\" (UniqueName: \"kubernetes.io/secret/6027699d-7d28-48c7-be9d-5f7bbf4ff13f-web-config\") pod \"alertmanager-monitoring-stack-kube-prom-alertmanager-0\" (UID: \"6027699d-7d28-48c7-be9d-5f7bbf4ff13f\") " pod="monitoring/alertmanager-monitoring-stack-kube-prom-alertmanager-0"
2025-01-28 21:20:46,922 INFO c.h.h.t.HelmChartContainer - [K3S] [reconciler_common.go:251] "operationExecutor.VerifyControllerAttachedVolume started for volume \"alertmanager-monitoring-stack-kube-prom-alertmanager-db\" (UniqueName: \"kubernetes.io/empty-dir/6027699d-7d28-48c7-be9d-5f7bbf4ff13f-alertmanager-monitoring-stack-kube-prom-alertmanager-db\") pod \"alertmanager-monitoring-stack-kube-prom-alertmanager-0\" (UID: \"6027699d-7d28-48c7-be9d-5f7bbf4ff13f\") " pod="monitoring/alertmanager-monitoring-stack-kube-prom-alertmanager-0"
2025-01-28 21:20:47,097 INFO c.h.h.t.HelmChartContainer - [POD] prometheus-monitoring-stack-kube-prom-prometheus-0 [7b68fe4a-5c07-4160-976d-43429d3d7f9b] in monitoring was ADDED
2025-01-28 21:20:47,118 INFO c.h.h.t.HelmChartContainer - [POD] prometheus-monitoring-stack-kube-prom-prometheus-0 [7b68fe4a-5c07-4160-976d-43429d3d7f9b] in monitoring was MODIFIED
2025-01-28 21:20:47,123 INFO c.h.h.t.HelmChartContainer - [EVENT] Normal [SuccessfulCreate] create Pod prometheus-monitoring-stack-kube-prom-prometheus-0 in StatefulSet prometheus-monitoring-stack-kube-prom-prometheus successful [monitoring:prometheus-monitoring-stack-kube-prom-prometheus]
2025-01-28 21:20:47,124 INFO c.h.h.t.HelmChartContainer - [EVENT] Normal [Scheduled] Successfully assigned monitoring/prometheus-monitoring-stack-kube-prom-prometheus-0 to d1dd1cbcc0a3 [monitoring:prometheus-monitoring-stack-kube-prom-prometheus-0]
2025-01-28 21:20:47,160 INFO c.h.h.t.HelmChartContainer - [POD] prometheus-monitoring-stack-kube-prom-prometheus-0 [7b68fe4a-5c07-4160-976d-43429d3d7f9b] in monitoring was MODIFIED
2025-01-28 21:20:47,223 INFO c.h.h.t.HelmChartContainer - [K3S] [reconciler_common.go:251] "operationExecutor.VerifyControllerAttachedVolume started for volume \"tls-assets\" (UniqueName: \"kubernetes.io/projected/7b68fe4a-5c07-4160-976d-43429d3d7f9b-tls-assets\") pod \"prometheus-monitoring-stack-kube-prom-prometheus-0\" (UID: \"7b68fe4a-5c07-4160-976d-43429d3d7f9b\") " pod="monitoring/prometheus-monitoring-stack-kube-prom-prometheus-0"
2025-01-28 21:20:47,225 INFO c.h.h.t.HelmChartContainer - [K3S] [reconciler_common.go:251] "operationExecutor.VerifyControllerAttachedVolume started for volume \"prometheus-monitoring-stack-kube-prom-prometheus-db\" (UniqueName: \"kubernetes.io/empty-dir/7b68fe4a-5c07-4160-976d-43429d3d7f9b-prometheus-monitoring-stack-kube-prom-prometheus-db\") pod \"prometheus-monitoring-stack-kube-prom-prometheus-0\" (UID: \"7b68fe4a-5c07-4160-976d-43429d3d7f9b\") " pod="monitoring/prometheus-monitoring-stack-kube-prom-prometheus-0"
2025-01-28 21:20:47,226 INFO c.h.h.t.HelmChartContainer - [K3S] [reconciler_common.go:251] "operationExecutor.VerifyControllerAttachedVolume started for volume \"kube-api-access-r52zm\" (UniqueName: \"kubernetes.io/projected/7b68fe4a-5c07-4160-976d-43429d3d7f9b-kube-api-access-r52zm\") pod \"prometheus-monitoring-stack-kube-prom-prometheus-0\" (UID: \"7b68fe4a-5c07-4160-976d-43429d3d7f9b\") " pod="monitoring/prometheus-monitoring-stack-kube-prom-prometheus-0"
2025-01-28 21:20:47,227 INFO c.h.h.t.HelmChartContainer - [K3S] [reconciler_common.go:251] "operationExecutor.VerifyControllerAttachedVolume started for volume \"config\" (UniqueName: \"kubernetes.io/secret/7b68fe4a-5c07-4160-976d-43429d3d7f9b-config\") pod \"prometheus-monitoring-stack-kube-prom-prometheus-0\" (UID: \"7b68fe4a-5c07-4160-976d-43429d3d7f9b\") " pod="monitoring/prometheus-monitoring-stack-kube-prom-prometheus-0"
2025-01-28 21:20:47,227 INFO c.h.h.t.HelmChartContainer - [K3S] [reconciler_common.go:251] "operationExecutor.VerifyControllerAttachedVolume started for volume \"config-out\" (UniqueName: \"kubernetes.io/empty-dir/7b68fe4a-5c07-4160-976d-43429d3d7f9b-config-out\") pod \"prometheus-monitoring-stack-kube-prom-prometheus-0\" (UID: \"7b68fe4a-5c07-4160-976d-43429d3d7f9b\") " pod="monitoring/prometheus-monitoring-stack-kube-prom-prometheus-0"
2025-01-28 21:20:47,227 INFO c.h.h.t.HelmChartContainer - [K3S] [reconciler_common.go:251] "operationExecutor.VerifyControllerAttachedVolume started for volume \"prometheus-monitoring-stack-kube-prom-prometheus-rulefiles-0\" (UniqueName: \"kubernetes.io/configmap/7b68fe4a-5c07-4160-976d-43429d3d7f9b-prometheus-monitoring-stack-kube-prom-prometheus-rulefiles-0\") pod \"prometheus-monitoring-stack-kube-prom-prometheus-0\" (UID: \"7b68fe4a-5c07-4160-976d-43429d3d7f9b\") " pod="monitoring/prometheus-monitoring-stack-kube-prom-prometheus-0"
2025-01-28 21:20:47,227 INFO c.h.h.t.HelmChartContainer - [K3S] [reconciler_common.go:251] "operationExecutor.VerifyControllerAttachedVolume started for volume \"web-config\" (UniqueName: \"kubernetes.io/secret/7b68fe4a-5c07-4160-976d-43429d3d7f9b-web-config\") pod \"prometheus-monitoring-stack-kube-prom-prometheus-0\" (UID: \"7b68fe4a-5c07-4160-976d-43429d3d7f9b\") " pod="monitoring/prometheus-monitoring-stack-kube-prom-prometheus-0"
2025-01-28 21:20:47,286 INFO c.h.h.t.HelmChartContainer - [EVENT] Normal [Pulling] Pulling image "quay.io/prometheus-operator/prometheus-config-reloader:v0.79.2" [monitoring:alertmanager-monitoring-stack-kube-prom-alertmanager-0]
2025-01-28 21:20:47,543 INFO c.h.h.t.HelmChartContainer - [EVENT] Normal [Pulled] Successfully pulled image "quay.io/kiwigrid/k8s-sidecar:1.28.0" in 2.878s (2.878s including waiting). Image size: 23059632 bytes. [monitoring:monitoring-stack-grafana-64c55fb967-rgtjr]
2025-01-28 21:20:47,555 INFO c.h.h.t.HelmChartContainer - [EVENT] Normal [Created] Created container: grafana-sc-dashboard [monitoring:monitoring-stack-grafana-64c55fb967-rgtjr]
2025-01-28 21:20:47,561 INFO c.h.h.t.HelmChartContainer - [EVENT] Normal [Pulling] Pulling image "quay.io/prometheus-operator/prometheus-config-reloader:v0.79.2" [monitoring:prometheus-monitoring-stack-kube-prom-prometheus-0]
2025-01-28 21:20:47,616 INFO c.h.h.t.HelmChartContainer - [EVENT] Normal [Started] Started container grafana-sc-dashboard [monitoring:monitoring-stack-grafana-64c55fb967-rgtjr]
2025-01-28 21:20:47,618 INFO c.h.h.t.HelmChartContainer - [EVENT] Normal [Pulled] Container image "quay.io/kiwigrid/k8s-sidecar:1.28.0" already present on machine [monitoring:monitoring-stack-grafana-64c55fb967-rgtjr]
2025-01-28 21:20:47,624 INFO c.h.h.t.HelmChartContainer - [EVENT] Normal [Created] Created container: grafana-sc-datasources [monitoring:monitoring-stack-grafana-64c55fb967-rgtjr]
2025-01-28 21:20:47,690 INFO c.h.h.t.HelmChartContainer - [EVENT] Normal [Started] Started container grafana-sc-datasources [monitoring:monitoring-stack-grafana-64c55fb967-rgtjr]
2025-01-28 21:20:47,692 INFO c.h.h.t.HelmChartContainer - [EVENT] Normal [Pulling] Pulling image "docker.io/grafana/grafana:11.4.0" [monitoring:monitoring-stack-grafana-64c55fb967-rgtjr]
2025-01-28 21:20:48,549 INFO c.h.h.t.HelmChartContainer - [EVENT] Normal [Pulled] Successfully pulled image "quay.io/prometheus-operator/prometheus-config-reloader:v0.79.2" in 986ms (986ms including waiting). Image size: 14945849 bytes. [monitoring:prometheus-monitoring-stack-kube-prom-prometheus-0]
2025-01-28 21:20:48,553 INFO c.h.h.t.HelmChartContainer - [EVENT] Normal [Pulled] Successfully pulled image "quay.io/prometheus-operator/prometheus-config-reloader:v0.79.2" in 1.265s (1.265s including waiting). Image size: 14945849 bytes. [monitoring:alertmanager-monitoring-stack-kube-prom-alertmanager-0]
2025-01-28 21:20:48,574 INFO c.h.h.t.HelmChartContainer - [EVENT] Normal [Created] Created container: init-config-reloader [monitoring:prometheus-monitoring-stack-kube-prom-prometheus-0]
2025-01-28 21:20:48,577 INFO c.h.h.t.HelmChartContainer - [EVENT] Normal [Created] Created container: init-config-reloader [monitoring:alertmanager-monitoring-stack-kube-prom-alertmanager-0]
2025-01-28 21:20:48,677 INFO c.h.h.t.HelmChartContainer - [EVENT] Normal [Started] Started container init-config-reloader [monitoring:alertmanager-monitoring-stack-kube-prom-alertmanager-0]
2025-01-28 21:20:48,681 INFO c.h.h.t.HelmChartContainer - [EVENT] Normal [Started] Started container init-config-reloader [monitoring:prometheus-monitoring-stack-kube-prom-prometheus-0]
2025-01-28 21:20:48,859 INFO c.h.h.t.HelmChartContainer - [POD] prometheus-monitoring-stack-kube-prom-prometheus-0 [7b68fe4a-5c07-4160-976d-43429d3d7f9b] in monitoring was MODIFIED
2025-01-28 21:20:48,917 INFO c.h.h.t.HelmChartContainer - [POD] alertmanager-monitoring-stack-kube-prom-alertmanager-0 [6027699d-7d28-48c7-be9d-5f7bbf4ff13f] in monitoring was MODIFIED
2025-01-28 21:20:49,256 INFO c.h.h.t.HelmChartContainer - [EVENT] Normal [Pulled] Successfully pulled image "quay.io/prometheus/node-exporter:v1.8.2" in 4.67s (4.67s including waiting). Image size: 12041464 bytes. [monitoring:monitoring-stack-prometheus-node-exporter-bwfxm]
2025-01-28 21:20:49,269 INFO c.h.h.t.HelmChartContainer - [EVENT] Normal [Created] Created container: node-exporter [monitoring:monitoring-stack-prometheus-node-exporter-bwfxm]
2025-01-28 21:20:49,323 INFO c.h.h.t.HelmChartContainer - [EVENT] Normal [Started] Started container node-exporter [monitoring:monitoring-stack-prometheus-node-exporter-bwfxm]
2025-01-28 21:20:49,851 INFO c.h.h.t.HelmChartContainer - [EVENT] Normal [Pulling] Pulling image "quay.io/prometheus/alertmanager:v0.28.0" [monitoring:alertmanager-monitoring-stack-kube-prom-alertmanager-0]
2025-01-28 21:20:49,868 INFO c.h.h.t.HelmChartContainer - [EVENT] Normal [Pulling] Pulling image "quay.io/prometheus/prometheus:v3.1.0" [monitoring:prometheus-monitoring-stack-kube-prom-prometheus-0]
2025-01-28 21:20:49,881 INFO c.h.h.t.HelmChartContainer - [POD] alertmanager-monitoring-stack-kube-prom-alertmanager-0 [6027699d-7d28-48c7-be9d-5f7bbf4ff13f] in monitoring was MODIFIED
2025-01-28 21:20:49,919 INFO c.h.h.t.HelmChartContainer - [POD] prometheus-monitoring-stack-kube-prom-prometheus-0 [7b68fe4a-5c07-4160-976d-43429d3d7f9b] in monitoring was MODIFIED
2025-01-28 21:20:49,931 INFO c.h.h.t.HelmChartContainer - [POD] monitoring-stack-prometheus-node-exporter-bwfxm [c72d6663-f0ac-4684-970e-b063e7a80491] in monitoring was MODIFIED
2025-01-28 21:20:51,579 INFO c.h.h.t.HelmChartContainer - [EVENT] Normal [Pulled] Successfully pulled image "quay.io/prometheus/alertmanager:v0.28.0" in 1.727s (1.727s including waiting). Image size: 35012199 bytes. [monitoring:alertmanager-monitoring-stack-kube-prom-alertmanager-0]
2025-01-28 21:20:51,593 INFO c.h.h.t.HelmChartContainer - [EVENT] Normal [Created] Created container: alertmanager [monitoring:alertmanager-monitoring-stack-kube-prom-alertmanager-0]
2025-01-28 21:20:51,677 INFO c.h.h.t.HelmChartContainer - [EVENT] Normal [Started] Started container alertmanager [monitoring:alertmanager-monitoring-stack-kube-prom-alertmanager-0]
2025-01-28 21:20:51,680 INFO c.h.h.t.HelmChartContainer - [EVENT] Normal [Pulled] Container image "quay.io/prometheus-operator/prometheus-config-reloader:v0.79.2" already present on machine [monitoring:alertmanager-monitoring-stack-kube-prom-alertmanager-0]
2025-01-28 21:20:51,696 INFO c.h.h.t.HelmChartContainer - [EVENT] Normal [Created] Created container: config-reloader [monitoring:alertmanager-monitoring-stack-kube-prom-alertmanager-0]
2025-01-28 21:20:51,769 INFO c.h.h.t.HelmChartContainer - [EVENT] Normal [Started] Started container config-reloader [monitoring:alertmanager-monitoring-stack-kube-prom-alertmanager-0]
2025-01-28 21:20:51,879 INFO c.h.h.t.HelmChartContainer - [POD] alertmanager-monitoring-stack-kube-prom-alertmanager-0 [6027699d-7d28-48c7-be9d-5f7bbf4ff13f] in monitoring was MODIFIED
2025-01-28 21:20:53,806 INFO c.h.h.t.HelmChartContainer - [EVENT] Normal [Pulled] Successfully pulled image "docker.io/grafana/grafana:11.4.0" in 6.117s (6.117s including waiting). Image size: 132825227 bytes. [monitoring:monitoring-stack-grafana-64c55fb967-rgtjr]
2025-01-28 21:20:53,815 INFO c.h.h.t.HelmChartContainer - [EVENT] Normal [Created] Created container: grafana [monitoring:monitoring-stack-grafana-64c55fb967-rgtjr]
2025-01-28 21:20:53,888 INFO c.h.h.t.HelmChartContainer - [EVENT] Normal [Started] Started container grafana [monitoring:monitoring-stack-grafana-64c55fb967-rgtjr]
2025-01-28 21:20:54,878 INFO c.h.h.t.HelmChartContainer - [EVENT] Warning [Unhealthy] Readiness probe failed: Get "http://10.42.0.13:3000/api/health": dial tcp 10.42.0.13:3000: connect: connection refused [monitoring:monitoring-stack-grafana-64c55fb967-rgtjr]
2025-01-28 21:20:54,890 INFO c.h.h.t.HelmChartContainer - [POD] monitoring-stack-grafana-64c55fb967-rgtjr [69538ec2-e137-473d-8561-d120210aa826] in monitoring was MODIFIED
2025-01-28 21:20:54,891 INFO c.h.h.t.HelmChartContainer - [K3S] [replica_set.go:679] "Finished syncing" kind="ReplicaSet" key="monitoring/monitoring-stack-grafana-64c55fb967" duration="58.039µs"
2025-01-28 21:20:55,881 INFO c.h.h.t.HelmChartContainer - [EVENT] Warning [Unhealthy] Readiness probe failed: Get "http://10.42.0.13:3000/api/health": dial tcp 10.42.0.13:3000: connect: connection refused [monitoring:monitoring-stack-grafana-64c55fb967-rgtjr]
2025-01-28 21:20:55,998 INFO c.h.h.t.HelmChartContainer - [EVENT] Normal [Pulled] Successfully pulled image "quay.io/prometheus/prometheus:v3.1.0" in 6.134s (6.134s including waiting). Image size: 116764168 bytes. [monitoring:prometheus-monitoring-stack-kube-prom-prometheus-0]
2025-01-28 21:20:56,009 INFO c.h.h.t.HelmChartContainer - [EVENT] Normal [Created] Created container: prometheus [monitoring:prometheus-monitoring-stack-kube-prom-prometheus-0]
2025-01-28 21:20:56,080 INFO c.h.h.t.HelmChartContainer - [EVENT] Normal [Started] Started container prometheus [monitoring:prometheus-monitoring-stack-kube-prom-prometheus-0]
2025-01-28 21:20:56,084 INFO c.h.h.t.HelmChartContainer - [EVENT] Normal [Pulled] Container image "quay.io/prometheus-operator/prometheus-config-reloader:v0.79.2" already present on machine [monitoring:prometheus-monitoring-stack-kube-prom-prometheus-0]
2025-01-28 21:20:56,090 INFO c.h.h.t.HelmChartContainer - [EVENT] Normal [Created] Created container: config-reloader [monitoring:prometheus-monitoring-stack-kube-prom-prometheus-0]
2025-01-28 21:20:56,177 INFO c.h.h.t.HelmChartContainer - [EVENT] Normal [Started] Started container config-reloader [monitoring:prometheus-monitoring-stack-kube-prom-prometheus-0]
2025-01-28 21:20:56,898 INFO c.h.h.t.HelmChartContainer - [POD] prometheus-monitoring-stack-kube-prom-prometheus-0 [7b68fe4a-5c07-4160-976d-43429d3d7f9b] in monitoring was MODIFIED
2025-01-28 21:20:56,915 INFO c.h.h.t.HelmChartContainer - [POD] monitoring-stack-grafana-64c55fb967-rgtjr [69538ec2-e137-473d-8561-d120210aa826] in monitoring was MODIFIED
2025-01-28 21:20:56,934 INFO c.h.h.t.HelmChartContainer - [K3S] [replica_set.go:679] "Finished syncing" kind="ReplicaSet" key="monitoring/monitoring-stack-grafana-64c55fb967" duration="19.016028ms"
2025-01-28 21:20:56,936 INFO c.h.h.t.HelmChartContainer - [K3S] [replica_set.go:679] "Finished syncing" kind="ReplicaSet" key="monitoring/monitoring-stack-grafana-64c55fb967" duration="47.669µs"
2025-01-28 21:20:57,847 INFO c.h.h.t.HelmChartContainer - [POD] monitoring-stack-kube-state-metrics-5bf5c7b54d-ss4kj [605d0d61-f0ea-4bb6-ab4a-06cb56b92c4e] in monitoring was MODIFIED
2025-01-28 21:20:57,853 INFO c.h.h.t.HelmChartContainer - [K3S] [replica_set.go:679] "Finished syncing" kind="ReplicaSet" key="monitoring/monitoring-stack-kube-state-metrics-5bf5c7b54d" duration="7.51138ms"
2025-01-28 21:20:57,853 INFO c.h.h.t.HelmChartContainer - [K3S] [replica_set.go:679] "Finished syncing" kind="ReplicaSet" key="monitoring/monitoring-stack-kube-state-metrics-5bf5c7b54d" duration="62.516µs"
2025-01-28 21:20:58,890 INFO c.h.h.t.HelmChartContainer - [POD] alertmanager-monitoring-stack-kube-prom-alertmanager-0 [6027699d-7d28-48c7-be9d-5f7bbf4ff13f] in monitoring was MODIFIED
2025-01-28 21:20:59,389 INFO c.h.h.t.HelmChartContainer - [K3S] [job_controller.go:598] "enqueueing job" key="monitoring/monitoring-stack-kube-prom-admission-patch" delay="0s"
2025-01-28 21:20:59,404 INFO c.h.h.t.HelmChartContainer - [K3S] [job_controller.go:598] "enqueueing job" key="monitoring/monitoring-stack-kube-prom-admission-patch" delay="1s"
2025-01-28 21:20:59,405 INFO c.h.h.t.HelmChartContainer - [POD] monitoring-stack-kube-prom-admission-patch-ll6h6 [0c7e4fc7-929d-422e-b5a7-57c5fd40662a] in monitoring was ADDED
2025-01-28 21:20:59,411 INFO c.h.h.t.HelmChartContainer - [K3S] [job_controller.go:598] "enqueueing job" key="monitoring/monitoring-stack-kube-prom-admission-patch" delay="1s"
2025-01-28 21:20:59,414 INFO c.h.h.t.HelmChartContainer - [POD] monitoring-stack-kube-prom-admission-patch-ll6h6 [0c7e4fc7-929d-422e-b5a7-57c5fd40662a] in monitoring was MODIFIED
2025-01-28 21:20:59,423 INFO c.h.h.t.HelmChartContainer - [K3S] [job_controller.go:598] "enqueueing job" key="monitoring/monitoring-stack-kube-prom-admission-patch" delay="1s"
2025-01-28 21:20:59,424 INFO c.h.h.t.HelmChartContainer - [EVENT] Normal [Scheduled] Successfully assigned monitoring/monitoring-stack-kube-prom-admission-patch-ll6h6 to d1dd1cbcc0a3 [monitoring:monitoring-stack-kube-prom-admission-patch-ll6h6]
2025-01-28 21:20:59,427 INFO c.h.h.t.HelmChartContainer - [EVENT] Normal [SuccessfulCreate] Created pod: monitoring-stack-kube-prom-admission-patch-ll6h6 [monitoring:monitoring-stack-kube-prom-admission-patch]
2025-01-28 21:20:59,430 INFO c.h.h.t.HelmChartContainer - [K3S] [job_controller.go:598] "enqueueing job" key="monitoring/monitoring-stack-kube-prom-admission-patch" delay="1s"
2025-01-28 21:20:59,433 INFO c.h.h.t.HelmChartContainer - [POD] monitoring-stack-kube-prom-admission-patch-ll6h6 [0c7e4fc7-929d-422e-b5a7-57c5fd40662a] in monitoring was MODIFIED
2025-01-28 21:20:59,507 INFO c.h.h.t.HelmChartContainer - [K3S] [reconciler_common.go:251] "operationExecutor.VerifyControllerAttachedVolume started for volume \"kube-api-access-5wc7n\" (UniqueName: \"kubernetes.io/projected/0c7e4fc7-929d-422e-b5a7-57c5fd40662a-kube-api-access-5wc7n\") pod \"monitoring-stack-kube-prom-admission-patch-ll6h6\" (UID: \"0c7e4fc7-929d-422e-b5a7-57c5fd40662a\") " pod="monitoring/monitoring-stack-kube-prom-admission-patch-ll6h6"
2025-01-28 21:20:59,812 INFO c.h.h.t.HelmChartContainer - [EVENT] Normal [Pulled] Container image "registry.k8s.io/ingress-nginx/kube-webhook-certgen:v1.5.1" already present on machine [monitoring:monitoring-stack-kube-prom-admission-patch-ll6h6]
2025-01-28 21:20:59,822 INFO c.h.h.t.HelmChartContainer - [EVENT] Normal [Created] Created container: patch [monitoring:monitoring-stack-kube-prom-admission-patch-ll6h6]
2025-01-28 21:20:59,891 INFO c.h.h.t.HelmChartContainer - [EVENT] Normal [Started] Started container patch [monitoring:monitoring-stack-kube-prom-admission-patch-ll6h6]
2025-01-28 21:21:00,897 INFO c.h.h.t.HelmChartContainer - [POD] monitoring-stack-kube-prom-admission-patch-ll6h6 [0c7e4fc7-929d-422e-b5a7-57c5fd40662a] in monitoring was MODIFIED
2025-01-28 21:21:00,899 INFO c.h.h.t.HelmChartContainer - [K3S] [job_controller.go:598] "enqueueing job" key="monitoring/monitoring-stack-kube-prom-admission-patch" delay="1s"
2025-01-28 21:21:01,899 INFO c.h.h.t.HelmChartContainer - [K3S] [job_controller.go:598] "enqueueing job" key="monitoring/monitoring-stack-kube-prom-admission-patch" delay="1s"
2025-01-28 21:21:01,900 INFO c.h.h.t.HelmChartContainer - [POD] monitoring-stack-kube-prom-admission-patch-ll6h6 [0c7e4fc7-929d-422e-b5a7-57c5fd40662a] in monitoring was MODIFIED
2025-01-28 21:21:01,901 INFO c.h.h.t.HelmChartContainer - [K3S] [job_controller.go:598] "enqueueing job" key="monitoring/monitoring-stack-kube-prom-admission-patch" delay="1s"
2025-01-28 21:21:02,449 INFO c.h.h.t.HelmChartContainer - [POD] prometheus-monitoring-stack-kube-prom-prometheus-0 [7b68fe4a-5c07-4160-976d-43429d3d7f9b] in monitoring was MODIFIED
2025-01-28 21:21:02,909 INFO c.h.h.t.HelmChartContainer - [K3S] [job_controller.go:598] "enqueueing job" key="monitoring/monitoring-stack-kube-prom-admission-patch" delay="1s"
2025-01-28 21:21:02,920 INFO c.h.h.t.HelmChartContainer - [POD] prometheus-monitoring-stack-kube-prom-prometheus-0 [7b68fe4a-5c07-4160-976d-43429d3d7f9b] in monitoring was MODIFIED
2025-01-28 21:21:02,984 INFO c.h.h.t.HelmChartContainer - [K3S] [job_controller.go:598] "enqueueing job" key="monitoring/monitoring-stack-kube-prom-admission-patch" delay="1s"
2025-01-28 21:21:02,985 INFO c.h.h.t.HelmChartContainer - [POD] monitoring-stack-kube-prom-admission-patch-ll6h6 [0c7e4fc7-929d-422e-b5a7-57c5fd40662a] in monitoring was MODIFIED
2025-01-28 21:21:03,031 INFO c.h.h.t.HelmChartContainer - [K3S] [reconciler_common.go:162] "operationExecutor.UnmountVolume started for volume \"kube-api-access-5wc7n\" (UniqueName: \"kubernetes.io/projected/0c7e4fc7-929d-422e-b5a7-57c5fd40662a-kube-api-access-5wc7n\") pod \"0c7e4fc7-929d-422e-b5a7-57c5fd40662a\" (UID: \"0c7e4fc7-929d-422e-b5a7-57c5fd40662a\") "
2025-01-28 21:21:03,131 INFO c.h.h.t.HelmChartContainer - [K3S] [reconciler_common.go:299] "Volume detached for volume \"kube-api-access-5wc7n\" (UniqueName: \"kubernetes.io/projected/0c7e4fc7-929d-422e-b5a7-57c5fd40662a-kube-api-access-5wc7n\") on node \"d1dd1cbcc0a3\" DevicePath \"\""
2025-01-28 21:21:03,894 INFO c.h.h.t.HelmChartContainer - [K3S] [pod_container_deletor.go:80] "Container not found in pod's containers" containerID="3eefd7bafc3754cdd310ffe243407a964d6561268670742f6d764d681c9b0a7a"
2025-01-28 21:21:03,909 INFO c.h.h.t.HelmChartContainer - [K3S] [job_controller.go:598] "enqueueing job" key="monitoring/monitoring-stack-kube-prom-admission-patch" delay="1s"
2025-01-28 21:21:03,913 INFO c.h.h.t.HelmChartContainer - [K3S] [job_controller.go:598] "enqueueing job" key="monitoring/monitoring-stack-kube-prom-admission-patch" delay="1s"
2025-01-28 21:21:03,914 INFO c.h.h.t.HelmChartContainer - [POD] monitoring-stack-kube-prom-admission-patch-ll6h6 [0c7e4fc7-929d-422e-b5a7-57c5fd40662a] in monitoring was MODIFIED
2025-01-28 21:21:03,919 INFO c.h.h.t.HelmChartContainer - [EVENT] Normal [Completed] Job completed [monitoring:monitoring-stack-kube-prom-admission-patch]
2025-01-28 21:21:03,924 INFO c.h.h.t.HelmChartContainer - [K3S] [job_controller.go:598] "enqueueing job" key="monitoring/monitoring-stack-kube-prom-admission-patch" delay="0s"
2025-01-28 21:21:03,932 INFO c.h.h.t.HelmChartContainer - [POD] monitoring-stack-kube-prom-admission-patch-ll6h6 [0c7e4fc7-929d-422e-b5a7-57c5fd40662a] in monitoring was MODIFIED
2025-01-28 21:21:03,936 INFO c.h.h.t.HelmChartContainer - [POD] monitoring-stack-kube-prom-admission-patch-ll6h6 [0c7e4fc7-929d-422e-b5a7-57c5fd40662a] in monitoring was DELETED
2025-01-28 21:21:04,072 INFO com.hivemq.helmcharts.util.K8sUtil - Pod 'monitoring-stack-grafana-64c55fb967-rgtjr' is ready
2025-01-28 21:21:04,072 INFO com.hivemq.helmcharts.util.K8sUtil - Pod 'monitoring-stack-grafana-64c55fb967-rgtjr' is ready
2025-01-28 21:21:04,072 INFO com.hivemq.helmcharts.util.K8sUtil - Pod 'monitoring-stack-grafana-64c55fb967-rgtjr' is ready
2025-01-28 21:21:04,072 INFO com.hivemq.helmcharts.util.K8sUtil - Pod 'monitoring-stack-prometheus-node-exporter-bwfxm' is ready
2025-01-28 21:21:04,072 INFO com.hivemq.helmcharts.util.K8sUtil - Pod 'monitoring-stack-kube-state-metrics-5bf5c7b54d-ss4kj' is ready
2025-01-28 21:21:04,072 INFO com.hivemq.helmcharts.util.K8sUtil - Pod 'monitoring-stack-kube-prom-operator-6f4fc4bc65-7mjbn' is ready
2025-01-28 21:21:04,139 DEBUG c.h.h.t.HelmChartContainer - Executing helm command: /bin/helm --kubeconfig /etc/rancher/k3s/k3s.yaml install test-hivemq-platform /charts/hivemq-platform --wait --timeout 5m0s --set image.repository=docker.io/hivemq --set image.tag=4.36.0 --set image.pullPolicy=Never --set nodes.resources.cpu=512m -f /files/platform-monitoring-enabled-values.yaml --namespace helmmonitoringplatformit
2025-01-28 21:21:04,162 INFO c.h.h.t.HelmChartContainer - [K3S] [kubelet_volumes.go:163] "Cleaned up orphaned pod volumes dir" podUID="0c7e4fc7-929d-422e-b5a7-57c5fd40662a" path="/var/lib/kubelet/pods/0c7e4fc7-929d-422e-b5a7-57c5fd40662a/volumes"
2025-01-28 21:21:04,529 INFO c.h.h.t.HelmChartContainer - [hivemq-test-hivemq-platform] [hivemq-platform-operator] [688b8613] 21:21:04.526 [-373097727-pool-1-thread-1] WARN  i.m.p.PrometheusMeterRegistry - The meter (MeterId{name='operator.sdk.events.received', tags=[tag(action=ADDED),tag(event=ResourceEvent),tag(group=hivemq.com),tag(kind=HiveMQPlatform),tag(name=test-hivemq-platform),tag(namespace=helmmonitoringplatformit),tag(scope=namespace),tag(version=v1)]}) registration has failed: Prometheus requires that all meters with the same name have the same set of tag keys. There is already an existing meter named 'operator.sdk.events.received' containing tag keys [event, group, kind, name, namespace, scope, version]. The meter you are attempting to register has keys [action, event, group, kind, name, namespace, scope, version]. Note that subsequent logs will be logged at debug level.
2025-01-28 21:21:05,017 INFO c.h.h.t.HelmChartContainer - [hivemq-test-hivemq-platform] [hivemq-platform-operator] [688b8613] 21:21:05.016 [pool-6-thread-3] DEBUG c.h.p.o.dependants.PodInfoConfigMap - [helmmoni] Desired PodInfo ConfigMap (1 extensions) (1 enabled)
2025-01-28 21:21:05,018 INFO c.h.h.t.HelmChartContainer - [hivemq-test-hivemq-platform] [hivemq-platform-operator] [688b8613] 21:21:05.017 [pool-6-thread-3] DEBUG c.h.p.o.dependants.PodInfoConfigMap - [helmmoni] Desired PodInfo ConfigMap (metrics port: 9399) (metrics path: /)
2025-01-28 21:21:05,018 INFO c.h.h.t.HelmChartContainer - [hivemq-test-hivemq-platform] [hivemq-platform-operator] [688b8613] 21:21:05.017 [pool-6-thread-3] DEBUG c.h.p.o.dependants.PodInfoConfigMap - [helmmoni] Desired PodInfo ConfigMap (extension state hash: -1817474005)
2025-01-28 21:21:05,059 INFO c.h.h.t.HelmChartContainer - [hivemq-test-hivemq-platform] [hivemq-platform-operator] [688b8613] 21:21:05.058 [pool-6-thread-3] DEBUG c.h.p.o.dependants.PodInfoConfigMap - [helmmoni] Create PodInfo ConfigMap
2025-01-28 21:21:05,162 INFO c.h.h.t.HelmChartContainer - [hivemq-test-hivemq-platform] [hivemq-platform-operator] [688b8613] 21:21:05.159 [pool-6-thread-5] DEBUG c.h.p.o.dependants.PodRoleResource - [helmmoni] Create Role: Role(apiVersion=rbac.authorization.k8s.io/v1, kind=Role, metadata=ObjectMeta(annotations={meta.helm.sh/release-name=test-hivemq-platform, meta.helm.sh/release-namespace=helmmonitoringplatformit}, creationTimestamp=null, deletionGracePeriodSeconds=null, deletionTimestamp=null, finalizers=[], generateName=null, generation=null, labels={helm.sh/chart=hivemq-platform-0.2.32, app.kubernetes.io/managed-by=Helm, app.kubernetes.io/name=hivemq-platform, hivemq-platform=test-hivemq-platform, app.kubernetes.io/instance=test-hivemq-platform, app.kubernetes.io/version=4.36.0}, managedFields=[], name=hivemq-platform-role-test-hivemq-platform, namespace=helmmonitoringplatformit, ownerReferences=[OwnerReference(apiVersion=hivemq.com/v1, blockOwnerDeletion=null, controller=null, kind=HiveMQPlatform, name=test-hivemq-platform, uid=ad284ba4-d98f-4bf8-9966-2b218bda9b79, additionalProperties={})], resourceVersion=null, selfLink=null, uid=null, additionalProperties={}), rules=[PolicyRule(apiGroups=[], nonResourceURLs=[], resourceNames=[], resources=[pods], verbs=[get, patch, update], additionalProperties={})], additionalProperties={})
2025-01-28 21:21:05,263 INFO c.h.h.t.HelmChartContainer - [hivemq-test-hivemq-platform] [hivemq-platform-operator] [688b8613] 21:21:05.261 [pool-6-thread-7] DEBUG c.h.p.o.d.PodServiceAccountResource - [helmmoni] Desired PodServiceAccountResource (serviceAccountName: hivemq-platform-pod-test-hivemq-platform)
2025-01-28 21:21:05,263 INFO c.h.h.t.HelmChartContainer - [hivemq-test-hivemq-platform] [hivemq-platform-operator] [688b8613] 21:21:05.262 [pool-6-thread-7] DEBUG c.h.p.o.d.PodServiceAccountResource - [helmmoni] Create ServiceAccount 'hivemq-platform-pod-test-hivemq-platform'
2025-01-28 21:21:05,362 INFO c.h.h.t.HelmChartContainer - [hivemq-test-hivemq-platform] [hivemq-platform-operator] [688b8613] 21:21:05.361 [pool-6-thread-9] DEBUG c.h.p.o.d.PodRoleBindingResource - [helmmoni] Create RoleBinding: RoleBinding(apiVersion=rbac.authorization.k8s.io/v1, kind=RoleBinding, metadata=ObjectMeta(annotations={meta.helm.sh/release-name=test-hivemq-platform, meta.helm.sh/release-namespace=helmmonitoringplatformit}, creationTimestamp=null, deletionGracePeriodSeconds=null, deletionTimestamp=null, finalizers=[], generateName=null, generation=null, labels={helm.sh/chart=hivemq-platform-0.2.32, app.kubernetes.io/managed-by=Helm, app.kubernetes.io/name=hivemq-platform, hivemq-platform=test-hivemq-platform, app.kubernetes.io/instance=test-hivemq-platform, app.kubernetes.io/version=4.36.0}, managedFields=[], name=hivemq-platform-role-binding-test-hivemq-platform, namespace=helmmonitoringplatformit, ownerReferences=[OwnerReference(apiVersion=hivemq.com/v1, blockOwnerDeletion=null, controller=null, kind=HiveMQPlatform, name=test-hivemq-platform, uid=ad284ba4-d98f-4bf8-9966-2b218bda9b79, additionalProperties={})], resourceVersion=null, selfLink=null, uid=null, additionalProperties={}), roleRef=RoleRef(apiGroup=rbac.authorization.k8s.io, kind=Role, name=hivemq-platform-role-test-hivemq-platform, additionalProperties={}), subjects=[Subject(apiGroup=null, kind=ServiceAccount, name=hivemq-platform-pod-test-hivemq-platform, namespace=helmmonitoringplatformit, additionalProperties={})], additionalProperties={})
2025-01-28 21:21:05,414 INFO c.h.h.t.HelmChartContainer - [hivemq-test-hivemq-platform] [hivemq-platform-operator] [688b8613] 21:21:05.412 [ReconcilerExecutor-hivemq-controller-53] INFO  c.h.p.o.HiveMQPlatformReconciler - [helmmoni] Reconciling HiveMQ Platform 'test-hivemq-platform' in namespace 'helmmonitoringplatformit'
2025-01-28 21:21:05,416 INFO c.h.h.t.HelmChartContainer - [hivemq-test-hivemq-platform] [hivemq-platform-operator] [688b8613] 21:21:05.413 [ReconcilerExecutor-hivemq-controller-53] DEBUG c.h.p.o.HiveMQPlatformReconciler - [helmmoni] Custom Resource Status CREATED - HiveMQ Platform was created (READY)
2025-01-28 21:21:05,416 INFO c.h.h.t.HelmChartContainer - [hivemq-test-hivemq-platform] [hivemq-platform-operator] [688b8613] 21:21:05.413 [ReconcilerExecutor-hivemq-controller-53] DEBUG c.h.p.o.HiveMQPlatformReconciler - [helmmoni] Custom Resource Spec (replicas: 2) (extensions: 1)
2025-01-28 21:21:05,418 INFO c.h.h.t.HelmChartContainer - [hivemq-test-hivemq-platform] [hivemq-platform-operator] [688b8613] 21:21:05.417 [ReconcilerExecutor-hivemq-controller-53] INFO  c.h.p.o.h.HiveMQPlatformReconcilerBaseHandler - [helmmoni] HiveMQ Platform is starting
2025-01-28 21:21:05,561 INFO c.h.h.t.HelmChartContainer - [hivemq-test-hivemq-platform] [hivemq-platform-operator] [688b8613] 21:21:05.560 [ReconcilerExecutor-hivemq-controller-53] DEBUG c.h.p.operator.event.EventSender - [helmmoni] Creating K8s event hivemq-platform-starting: [Start] HiveMQ Platform is starting
2025-01-28 21:21:05,570 INFO c.h.h.t.HelmChartContainer - [EVENT] Normal [Start] HiveMQ Platform is starting [helmmonitoringplatformit:test-hivemq-platform]
2025-01-28 21:21:05,615 INFO c.h.h.t.HelmChartContainer - [hivemq-test-hivemq-platform] [hivemq-platform-operator] [688b8613] 21:21:05.613 [ReconcilerExecutor-hivemq-controller-53] INFO  c.h.p.o.h.AbstractHiveMQReconcilerStateHandler - [helmmoni] Update HiveMQ Platform Status (CREATED [READY] -> STARTING [READY]): HiveMQ Platform is starting
2025-01-28 21:21:05,670 DEBUG com.hivemq.helmcharts.util.K8sUtil - Comparing actual state 'STARTING' and waiting for 'RUNNING'
2025-01-28 21:21:07,195 INFO c.h.h.t.HelmChartContainer - [K3S] [range_allocator.go:247] "Successfully synced" key="d1dd1cbcc0a3"
2025-01-28 21:21:15,721 INFO c.h.h.t.HelmChartContainer - [hivemq-test-hivemq-platform] [hivemq-platform-operator] [688b8613] 21:21:15.718 [pool-6-thread-12] DEBUG c.h.p.o.d.PlatformServiceResource - [helmmoni] Desired Platform services (3 services)
2025-01-28 21:21:15,722 INFO c.h.h.t.HelmChartContainer - [hivemq-test-hivemq-platform] [hivemq-platform-operator] [688b8613] 21:21:15.721 [pool-6-thread-13] DEBUG c.h.p.o.dependants.PodInfoConfigMap - [helmmoni] Desired PodInfo ConfigMap (1 extensions) (1 enabled)
2025-01-28 21:21:15,725 INFO c.h.h.t.HelmChartContainer - [hivemq-test-hivemq-platform] [hivemq-platform-operator] [688b8613] 21:21:15.722 [pool-6-thread-13] DEBUG c.h.p.o.dependants.PodInfoConfigMap - [helmmoni] Desired PodInfo ConfigMap (metrics port: 9399) (metrics path: /)
2025-01-28 21:21:15,726 INFO c.h.h.t.HelmChartContainer - [hivemq-test-hivemq-platform] [hivemq-platform-operator] [688b8613] 21:21:15.722 [pool-6-thread-13] DEBUG c.h.p.o.dependants.PodInfoConfigMap - [helmmoni] Desired PodInfo ConfigMap (extension state hash: -1817474005)
2025-01-28 21:21:15,728 INFO c.h.h.t.HelmChartContainer - [hivemq-test-hivemq-platform] [hivemq-platform-operator] [688b8613] 21:21:15.727 [pool-6-thread-13] DEBUG c.h.p.o.dependants.PodInfoConfigMap - [helmmoni] Update PodInfo ConfigMap
2025-01-28 21:21:15,729 INFO c.h.h.t.HelmChartContainer - [hivemq-test-hivemq-platform] [hivemq-platform-operator] [688b8613] 21:21:15.728 [pool-6-thread-17] DEBUG c.h.p.o.d.PodServiceAccountResource - [helmmoni] Desired PodServiceAccountResource (serviceAccountName: hivemq-platform-pod-test-hivemq-platform)
2025-01-28 21:21:15,734 INFO c.h.h.t.HelmChartContainer - [K3S] [alloc.go:330] "allocated clusterIPs" service="helmmonitoringplatformit/hivemq-test-hivemq-platform-mqtt-1883" clusterIPs={"IPv4":"10.43.72.233"}
2025-01-28 21:21:15,827 INFO c.h.h.t.HelmChartContainer - [K3S] [alloc.go:330] "allocated clusterIPs" service="helmmonitoringplatformit/hivemq-test-hivemq-platform-metrics-9399" clusterIPs={"IPv4":"10.43.12.173"}
2025-01-28 21:21:15,919 INFO c.h.h.t.HelmChartContainer - [K3S] [alloc.go:330] "allocated clusterIPs" service="helmmonitoringplatformit/hivemq-test-hivemq-platform-cc-8080" clusterIPs={"IPv4":"10.43.7.220"}
2025-01-28 21:21:15,928 INFO c.h.h.t.HelmChartContainer - [hivemq-test-hivemq-platform] [hivemq-platform-operator] [688b8613] 21:21:15.922 [pool-6-thread-20] DEBUG c.h.p.o.d.StatefulSetResource - [helmmoni] Desired StatefulSet (2 replicas) for status STARTING (READY)
2025-01-28 21:21:16,012 INFO c.h.h.t.HelmChartContainer - [hivemq-test-hivemq-platform] [hivemq-platform-operator] [688b8613] 21:21:16.011 [pool-6-thread-20] DEBUG c.h.p.o.d.StatefulSetResource - [helmmoni] Create StatefulSet
2025-01-28 21:21:16,035 INFO c.h.h.t.HelmChartContainer - [hivemq-test-hivemq-platform] [hivemq-platform-operator] [688b8613] 21:21:16.033 [ReconcilerExecutor-hivemq-controller-64] INFO  c.h.p.o.HiveMQPlatformReconciler - [helmmoni] Reconciling HiveMQ Platform 'test-hivemq-platform' in namespace 'helmmonitoringplatformit'
2025-01-28 21:21:16,035 INFO c.h.h.t.HelmChartContainer - [hivemq-test-hivemq-platform] [hivemq-platform-operator] [688b8613] 21:21:16.033 [ReconcilerExecutor-hivemq-controller-64] DEBUG c.h.p.o.HiveMQPlatformReconciler - [helmmoni] Custom Resource Status STARTING - HiveMQ Platform is starting (READY)
2025-01-28 21:21:16,035 INFO c.h.h.t.HelmChartContainer - [hivemq-test-hivemq-platform] [hivemq-platform-operator] [688b8613] 21:21:16.033 [ReconcilerExecutor-hivemq-controller-64] DEBUG c.h.p.o.HiveMQPlatformReconciler - [helmmoni] Custom Resource Spec (replicas: 2) (extensions: 1)
2025-01-28 21:21:16,043 INFO c.h.h.t.HelmChartContainer - [POD] test-hivemq-platform-0 [f72bcaa8-9574-4837-97d5-6abec57a6997] in helmmonitoringplatformit was ADDED
2025-01-28 21:21:16,044 INFO c.h.h.t.HelmChartContainer - [EVENT] Normal [SuccessfulCreate] create Pod test-hivemq-platform-0 in StatefulSet test-hivemq-platform successful [helmmonitoringplatformit:test-hivemq-platform]
2025-01-28 21:21:16,049 INFO c.h.h.t.HelmChartContainer - [POD] test-hivemq-platform-0 [f72bcaa8-9574-4837-97d5-6abec57a6997] in helmmonitoringplatformit was MODIFIED
2025-01-28 21:21:16,050 INFO c.h.h.t.HelmChartContainer - [K3S] [memory_manager.go:355] "RemoveStaleState removing state" podUID="0c7e4fc7-929d-422e-b5a7-57c5fd40662a" containerName="patch"
2025-01-28 21:21:16,052 INFO c.h.h.t.HelmChartContainer - [EVENT] Normal [Scheduled] Successfully assigned helmmonitoringplatformit/test-hivemq-platform-0 to d1dd1cbcc0a3 [helmmonitoringplatformit:test-hivemq-platform-0]
2025-01-28 21:21:16,059 INFO c.h.h.t.HelmChartContainer - [POD] test-hivemq-platform-0 [f72bcaa8-9574-4837-97d5-6abec57a6997] in helmmonitoringplatformit was MODIFIED
2025-01-28 21:21:16,115 INFO c.h.h.t.HelmChartContainer - [hivemq-test-hivemq-platform] [hivemq-platform-operator] [688b8613] 21:21:16.111 [ReconcilerExecutor-hivemq-controller-64] DEBUG c.h.p.o.HiveMQPlatformReconciler - [helmmoni] StatefulSet Status (revision: null, replicas: 0, available: 0, ready: 0, current: 0, updated: 0)
2025-01-28 21:21:16,115 INFO c.h.h.t.HelmChartContainer - [hivemq-test-hivemq-platform] [hivemq-platform-operator] [688b8613] 21:21:16.111 [ReconcilerExecutor-hivemq-controller-64] DEBUG c.h.p.o.HiveMQPlatformReconciler - [helmmoni] StatefulSet Spec (replicas: 2, init containers: 1, containers: 1, volumes: 3)
2025-01-28 21:21:16,127 INFO c.h.h.t.HelmChartContainer - [hivemq-test-hivemq-platform] [hivemq-platform-operator] [688b8613] 21:21:16.127 [ReconcilerExecutor-hivemq-controller-64] DEBUG c.h.p.o.h.HiveMQPlatformReconcilerErrorHandler - [helmmoni] Pod 'test-hivemq-platform-0' phase Pending
2025-01-28 21:21:16,208 INFO c.h.h.t.HelmChartContainer - [K3S] [reconciler_common.go:251] "operationExecutor.VerifyControllerAttachedVolume started for volume \"broker-configuration\" (UniqueName: \"kubernetes.io/configmap/f72bcaa8-9574-4837-97d5-6abec57a6997-broker-configuration\") pod \"test-hivemq-platform-0\" (UID: \"f72bcaa8-9574-4837-97d5-6abec57a6997\") " pod="helmmonitoringplatformit/test-hivemq-platform-0"
2025-01-28 21:21:16,208 INFO c.h.h.t.HelmChartContainer - [K3S] [reconciler_common.go:251] "operationExecutor.VerifyControllerAttachedVolume started for volume \"kube-api-access-d9cqn\" (UniqueName: \"kubernetes.io/projected/f72bcaa8-9574-4837-97d5-6abec57a6997-kube-api-access-d9cqn\") pod \"test-hivemq-platform-0\" (UID: \"f72bcaa8-9574-4837-97d5-6abec57a6997\") " pod="helmmonitoringplatformit/test-hivemq-platform-0"
2025-01-28 21:21:16,208 INFO c.h.h.t.HelmChartContainer - [K3S] [reconciler_common.go:251] "operationExecutor.VerifyControllerAttachedVolume started for volume \"operator-init\" (UniqueName: \"kubernetes.io/empty-dir/f72bcaa8-9574-4837-97d5-6abec57a6997-operator-init\") pod \"test-hivemq-platform-0\" (UID: \"f72bcaa8-9574-4837-97d5-6abec57a6997\") " pod="helmmonitoringplatformit/test-hivemq-platform-0"
2025-01-28 21:21:16,209 INFO c.h.h.t.HelmChartContainer - [K3S] [reconciler_common.go:251] "operationExecutor.VerifyControllerAttachedVolume started for volume \"pod-info\" (UniqueName: \"kubernetes.io/configmap/f72bcaa8-9574-4837-97d5-6abec57a6997-pod-info\") pod \"test-hivemq-platform-0\" (UID: \"f72bcaa8-9574-4837-97d5-6abec57a6997\") " pod="helmmonitoringplatformit/test-hivemq-platform-0"
2025-01-28 21:21:16,213 INFO c.h.h.t.HelmChartContainer - [hivemq-test-hivemq-platform] [hivemq-platform-operator] [688b8613] 21:21:16.211 [ReconcilerExecutor-hivemq-controller-64] DEBUG c.h.p.o.h.HiveMQPlatformReconcilerErrorHandler - [helmmoni] Pod 'test-hivemq-platform-0' condition 'PodReadyToStartContainers': False
2025-01-28 21:21:16,214 INFO c.h.h.t.HelmChartContainer - [hivemq-test-hivemq-platform] [hivemq-platform-operator] [688b8613] 21:21:16.212 [ReconcilerExecutor-hivemq-controller-64] DEBUG c.h.p.o.h.HiveMQPlatformReconcilerErrorHandler - [helmmoni] Pod 'test-hivemq-platform-0' condition 'Initialized': False
2025-01-28 21:21:16,214 INFO c.h.h.t.HelmChartContainer - [hivemq-test-hivemq-platform] [hivemq-platform-operator] [688b8613] 21:21:16.212 [ReconcilerExecutor-hivemq-controller-64] DEBUG c.h.p.o.h.HiveMQPlatformReconcilerErrorHandler - [helmmoni] Pod 'test-hivemq-platform-0' condition 'Ready': False
2025-01-28 21:21:16,214 INFO c.h.h.t.HelmChartContainer - [hivemq-test-hivemq-platform] [hivemq-platform-operator] [688b8613] 21:21:16.212 [ReconcilerExecutor-hivemq-controller-64] DEBUG c.h.p.o.h.HiveMQPlatformReconcilerErrorHandler - [helmmoni] Pod 'test-hivemq-platform-0' condition 'ContainersReady': False
2025-01-28 21:21:16,214 INFO c.h.h.t.HelmChartContainer - [hivemq-test-hivemq-platform] [hivemq-platform-operator] [688b8613] 21:21:16.212 [ReconcilerExecutor-hivemq-controller-64] DEBUG c.h.p.o.h.HiveMQPlatformReconcilerErrorHandler - [helmmoni] Pod 'test-hivemq-platform-0' condition 'PodScheduled': True
2025-01-28 21:21:16,214 INFO c.h.h.t.HelmChartContainer - [hivemq-test-hivemq-platform] [hivemq-platform-operator] [688b8613] 21:21:16.212 [ReconcilerExecutor-hivemq-controller-64] DEBUG c.h.p.o.h.HiveMQPlatformReconcilerErrorHandler - [helmmoni] Pod 'test-hivemq-platform-0' containerStatus 'hivemq' (started: false) (ready: false) (waiting: [PodInitializing] null)
2025-01-28 21:21:16,217 INFO c.h.h.t.HelmChartContainer - [hivemq-test-hivemq-platform] [hivemq-platform-operator] [688b8613] 21:21:16.216 [ReconcilerExecutor-hivemq-controller-64] INFO  c.h.p.o.h.HiveMQPlatformReconcilerBaseHandler - [helmmoni] HiveMQ Platform is starting, 0 of 2 replicas are ready
2025-01-28 21:21:16,222 INFO c.h.h.t.HelmChartContainer - [hivemq-test-hivemq-platform] [hivemq-platform-operator] [688b8613] 21:21:16.220 [pool-6-thread-22] DEBUG c.h.p.o.d.PlatformServiceResource - [helmmoni] Desired Platform services (3 services)
2025-01-28 21:21:16,225 INFO c.h.h.t.HelmChartContainer - [hivemq-test-hivemq-platform] [hivemq-platform-operator] [688b8613] 21:21:16.224 [pool-6-thread-23] DEBUG c.h.p.o.dependants.PodInfoConfigMap - [helmmoni] Desired PodInfo ConfigMap (1 extensions) (1 enabled)
2025-01-28 21:21:16,226 INFO c.h.h.t.HelmChartContainer - [hivemq-test-hivemq-platform] [hivemq-platform-operator] [688b8613] 21:21:16.224 [pool-6-thread-23] DEBUG c.h.p.o.dependants.PodInfoConfigMap - [helmmoni] Desired PodInfo ConfigMap (metrics port: 9399) (metrics path: /)
2025-01-28 21:21:16,226 INFO c.h.h.t.HelmChartContainer - [hivemq-test-hivemq-platform] [hivemq-platform-operator] [688b8613] 21:21:16.224 [pool-6-thread-23] DEBUG c.h.p.o.dependants.PodInfoConfigMap - [helmmoni] Desired PodInfo ConfigMap (extension state hash: -1817474005)
2025-01-28 21:21:16,227 INFO c.h.h.t.HelmChartContainer - [hivemq-test-hivemq-platform] [hivemq-platform-operator] [688b8613] 21:21:16.226 [pool-6-thread-27] DEBUG c.h.p.o.d.PodServiceAccountResource - [helmmoni] Desired PodServiceAccountResource (serviceAccountName: hivemq-platform-pod-test-hivemq-platform)
2025-01-28 21:21:16,320 INFO c.h.h.t.HelmChartContainer - [hivemq-test-hivemq-platform] [hivemq-platform-operator] [688b8613] 21:21:16.319 [pool-6-thread-30] DEBUG c.h.p.o.d.StatefulSetResource - [helmmoni] Desired StatefulSet (2 replicas) for status STARTING (READY)
2025-01-28 21:21:16,327 INFO c.h.h.t.HelmChartContainer - [hivemq-test-hivemq-platform] [hivemq-platform-operator] [688b8613] 21:21:16.326 [ReconcilerExecutor-hivemq-controller-75] INFO  c.h.p.o.HiveMQPlatformReconciler - [helmmoni] Reconciling HiveMQ Platform 'test-hivemq-platform' in namespace 'helmmonitoringplatformit'
2025-01-28 21:21:16,327 INFO c.h.h.t.HelmChartContainer - [hivemq-test-hivemq-platform] [hivemq-platform-operator] [688b8613] 21:21:16.326 [ReconcilerExecutor-hivemq-controller-75] DEBUG c.h.p.o.HiveMQPlatformReconciler - [helmmoni] Custom Resource Status STARTING - HiveMQ Platform is starting (READY)
2025-01-28 21:21:16,327 INFO c.h.h.t.HelmChartContainer - [hivemq-test-hivemq-platform] [hivemq-platform-operator] [688b8613] 21:21:16.326 [ReconcilerExecutor-hivemq-controller-75] DEBUG c.h.p.o.HiveMQPlatformReconciler - [helmmoni] Custom Resource Spec (replicas: 2) (extensions: 1)
2025-01-28 21:21:16,330 INFO c.h.h.t.HelmChartContainer - [hivemq-test-hivemq-platform] [hivemq-platform-operator] [688b8613] 21:21:16.329 [ReconcilerExecutor-hivemq-controller-75] DEBUG c.h.p.o.HiveMQPlatformReconciler - [helmmoni] StatefulSet Status (revision: test-hivemq-platform-64db946475, replicas: 1, available: 0, ready: 0, current: 1, updated: 1)
2025-01-28 21:21:16,330 INFO c.h.h.t.HelmChartContainer - [hivemq-test-hivemq-platform] [hivemq-platform-operator] [688b8613] 21:21:16.329 [ReconcilerExecutor-hivemq-controller-75] DEBUG c.h.p.o.HiveMQPlatformReconciler - [helmmoni] StatefulSet Spec (replicas: 2, init containers: 1, containers: 1, volumes: 3)
2025-01-28 21:21:16,415 INFO c.h.h.t.HelmChartContainer - [hivemq-test-hivemq-platform] [hivemq-platform-operator] [688b8613] 21:21:16.412 [ReconcilerExecutor-hivemq-controller-75] DEBUG c.h.p.o.h.HiveMQPlatformReconcilerErrorHandler - [helmmoni] Pod 'test-hivemq-platform-0' phase Pending
2025-01-28 21:21:16,415 INFO c.h.h.t.HelmChartContainer - [hivemq-test-hivemq-platform] [hivemq-platform-operator] [688b8613] 21:21:16.413 [ReconcilerExecutor-hivemq-controller-75] DEBUG c.h.p.o.h.HiveMQPlatformReconcilerErrorHandler - [helmmoni] Pod 'test-hivemq-platform-0' condition 'PodReadyToStartContainers': False
2025-01-28 21:21:16,415 INFO c.h.h.t.HelmChartContainer - [hivemq-test-hivemq-platform] [hivemq-platform-operator] [688b8613] 21:21:16.413 [ReconcilerExecutor-hivemq-controller-75] DEBUG c.h.p.o.h.HiveMQPlatformReconcilerErrorHandler - [helmmoni] Pod 'test-hivemq-platform-0' condition 'Initialized': False
2025-01-28 21:21:16,415 INFO c.h.h.t.HelmChartContainer - [hivemq-test-hivemq-platform] [hivemq-platform-operator] [688b8613] 21:21:16.413 [ReconcilerExecutor-hivemq-controller-75] DEBUG c.h.p.o.h.HiveMQPlatformReconcilerErrorHandler - [helmmoni] Pod 'test-hivemq-platform-0' condition 'Ready': False
2025-01-28 21:21:16,416 INFO c.h.h.t.HelmChartContainer - [hivemq-test-hivemq-platform] [hivemq-platform-operator] [688b8613] 21:21:16.413 [ReconcilerExecutor-hivemq-controller-75] DEBUG c.h.p.o.h.HiveMQPlatformReconcilerErrorHandler - [helmmoni] Pod 'test-hivemq-platform-0' condition 'ContainersReady': False
2025-01-28 21:21:16,416 INFO c.h.h.t.HelmChartContainer - [hivemq-test-hivemq-platform] [hivemq-platform-operator] [688b8613] 21:21:16.413 [ReconcilerExecutor-hivemq-controller-75] DEBUG c.h.p.o.h.HiveMQPlatformReconcilerErrorHandler - [helmmoni] Pod 'test-hivemq-platform-0' condition 'PodScheduled': True
2025-01-28 21:21:16,416 INFO c.h.h.t.HelmChartContainer - [hivemq-test-hivemq-platform] [hivemq-platform-operator] [688b8613] 21:21:16.413 [ReconcilerExecutor-hivemq-controller-75] DEBUG c.h.p.o.h.HiveMQPlatformReconcilerErrorHandler - [helmmoni] Pod 'test-hivemq-platform-0' containerStatus 'hivemq' (started: false) (ready: false) (waiting: [PodInitializing] null)
2025-01-28 21:21:16,416 INFO c.h.h.t.HelmChartContainer - [hivemq-test-hivemq-platform] [hivemq-platform-operator] [688b8613] 21:21:16.414 [ReconcilerExecutor-hivemq-controller-75] INFO  c.h.p.o.h.HiveMQPlatformReconcilerBaseHandler - [helmmoni] HiveMQ Platform is starting, 0 of 2 replicas are ready
2025-01-28 21:21:16,450 INFO c.h.h.t.HelmChartContainer - [EVENT] Normal [Pulled] Container image "docker.io/hivemq/hivemq-platform-operator-init-test:snapshot" already present on machine [helmmonitoringplatformit:test-hivemq-platform-0]
2025-01-28 21:21:16,584 INFO c.h.h.t.HelmChartContainer - [EVENT] Normal [Created] Created container: hivemq-platform-operator-init [helmmonitoringplatformit:test-hivemq-platform-0]
2025-01-28 21:21:16,621 INFO c.h.h.t.HelmChartContainer - [EVENT] Normal [Started] Started container hivemq-platform-operator-init [helmmonitoringplatformit:test-hivemq-platform-0]
2025-01-28 21:21:16,922 INFO c.h.h.t.HelmChartContainer - [EVENT] Normal [Pulled] Container image "docker.io/hivemq/hivemq4:4.36.0" already present on machine [helmmonitoringplatformit:test-hivemq-platform-0]
2025-01-28 21:21:16,922 INFO c.h.h.t.HelmChartContainer - Received Pulled event for container hivemq in pod test-hivemq-platform-0 [f72bcaa8-9574-4837-97d5-6abec57a6997]
2025-01-28 21:21:16,933 INFO c.h.h.t.HelmChartContainer - [POD] test-hivemq-platform-0 [f72bcaa8-9574-4837-97d5-6abec57a6997] in helmmonitoringplatformit was MODIFIED
2025-01-28 21:21:16,968 INFO c.h.h.t.HelmChartContainer - [hivemq-test-hivemq-platform] [hivemq-platform-operator] [688b8613] 21:21:16.943 [pool-6-thread-32] DEBUG c.h.p.o.d.PlatformServiceResource - [helmmoni] Desired Platform services (3 services)
2025-01-28 21:21:16,968 INFO c.h.h.t.HelmChartContainer - [hivemq-test-hivemq-platform] [hivemq-platform-operator] [688b8613] 21:21:16.949 [pool-6-thread-33] DEBUG c.h.p.o.dependants.PodInfoConfigMap - [helmmoni] Desired PodInfo ConfigMap (1 extensions) (1 enabled)
2025-01-28 21:21:16,968 INFO c.h.h.t.HelmChartContainer - [hivemq-test-hivemq-platform] [hivemq-platform-operator] [688b8613] 21:21:16.950 [pool-6-thread-33] DEBUG c.h.p.o.dependants.PodInfoConfigMap - [helmmoni] Desired PodInfo ConfigMap (metrics port: 9399) (metrics path: /)
2025-01-28 21:21:16,972 INFO c.h.h.t.HelmChartContainer - [hivemq-test-hivemq-platform] [hivemq-platform-operator] [688b8613] 21:21:16.950 [pool-6-thread-33] DEBUG c.h.p.o.dependants.PodInfoConfigMap - [helmmoni] Desired PodInfo ConfigMap (extension state hash: -1817474005)
2025-01-28 21:21:16,972 INFO c.h.h.t.HelmChartContainer - [hivemq-test-hivemq-platform] [hivemq-platform-operator] [688b8613] 21:21:16.951 [pool-6-thread-37] DEBUG c.h.p.o.d.PodServiceAccountResource - [helmmoni] Desired PodServiceAccountResource (serviceAccountName: hivemq-platform-pod-test-hivemq-platform)
2025-01-28 21:21:16,976 INFO c.h.h.t.HelmChartContainer - [hivemq-test-hivemq-platform] [hivemq-platform-operator] [688b8613] 21:21:16.975 [pool-6-thread-40] DEBUG c.h.p.o.d.StatefulSetResource - [helmmoni] Desired StatefulSet (2 replicas) for status STARTING (READY)
2025-01-28 21:21:17,025 INFO c.h.h.t.HelmChartContainer - [hivemq-test-hivemq-platform] [hivemq-platform-operator] [688b8613] 21:21:17.019 [ReconcilerExecutor-hivemq-controller-86] INFO  c.h.p.o.HiveMQPlatformReconciler - [helmmoni] Reconciling HiveMQ Platform 'test-hivemq-platform' in namespace 'helmmonitoringplatformit'
2025-01-28 21:21:17,025 INFO c.h.h.t.HelmChartContainer - [hivemq-test-hivemq-platform] [hivemq-platform-operator] [688b8613] 21:21:17.019 [ReconcilerExecutor-hivemq-controller-86] DEBUG c.h.p.o.HiveMQPlatformReconciler - [helmmoni] Custom Resource Status STARTING - HiveMQ Platform is starting (READY)
2025-01-28 21:21:17,025 INFO c.h.h.t.HelmChartContainer - [hivemq-test-hivemq-platform] [hivemq-platform-operator] [688b8613] 21:21:17.019 [ReconcilerExecutor-hivemq-controller-86] DEBUG c.h.p.o.HiveMQPlatformReconciler - [helmmoni] Custom Resource Spec (replicas: 2) (extensions: 1)
2025-01-28 21:21:17,028 INFO c.h.h.t.HelmChartContainer - [hivemq-test-hivemq-platform] [hivemq-platform-operator] [688b8613] 21:21:17.025 [ReconcilerExecutor-hivemq-controller-86] DEBUG c.h.p.o.HiveMQPlatformReconciler - [helmmoni] StatefulSet Status (revision: test-hivemq-platform-64db946475, replicas: 1, available: 0, ready: 0, current: 1, updated: 1)
2025-01-28 21:21:17,028 INFO c.h.h.t.HelmChartContainer - [hivemq-test-hivemq-platform] [hivemq-platform-operator] [688b8613] 21:21:17.025 [ReconcilerExecutor-hivemq-controller-86] DEBUG c.h.p.o.HiveMQPlatformReconciler - [helmmoni] StatefulSet Spec (replicas: 2, init containers: 1, containers: 1, volumes: 3)
2025-01-28 21:21:17,035 INFO c.h.h.t.HelmChartContainer - [hivemq-test-hivemq-platform] [hivemq-platform-operator] [688b8613] 21:21:17.032 [ReconcilerExecutor-hivemq-controller-86] DEBUG c.h.p.o.h.HiveMQPlatformReconcilerErrorHandler - [helmmoni] Pod 'test-hivemq-platform-0' phase Pending
2025-01-28 21:21:17,035 INFO c.h.h.t.HelmChartContainer - [hivemq-test-hivemq-platform] [hivemq-platform-operator] [688b8613] 21:21:17.034 [ReconcilerExecutor-hivemq-controller-86] DEBUG c.h.p.o.h.HiveMQPlatformReconcilerErrorHandler - [helmmoni] Pod 'test-hivemq-platform-0' condition 'PodReadyToStartContainers': True
2025-01-28 21:21:17,036 INFO c.h.h.t.HelmChartContainer - [hivemq-test-hivemq-platform] [hivemq-platform-operator] [688b8613] 21:21:17.034 [ReconcilerExecutor-hivemq-controller-86] DEBUG c.h.p.o.h.HiveMQPlatformReconcilerErrorHandler - [helmmoni] Pod 'test-hivemq-platform-0' condition 'Initialized': True
2025-01-28 21:21:17,036 INFO c.h.h.t.HelmChartContainer - [hivemq-test-hivemq-platform] [hivemq-platform-operator] [688b8613] 21:21:17.034 [ReconcilerExecutor-hivemq-controller-86] DEBUG c.h.p.o.h.HiveMQPlatformReconcilerErrorHandler - [helmmoni] Pod 'test-hivemq-platform-0' condition 'Ready': False
2025-01-28 21:21:17,036 INFO c.h.h.t.HelmChartContainer - [hivemq-test-hivemq-platform] [hivemq-platform-operator] [688b8613] 21:21:17.034 [ReconcilerExecutor-hivemq-controller-86] DEBUG c.h.p.o.h.HiveMQPlatformReconcilerErrorHandler - [helmmoni] Pod 'test-hivemq-platform-0' condition 'ContainersReady': False
2025-01-28 21:21:17,036 INFO c.h.h.t.HelmChartContainer - [hivemq-test-hivemq-platform] [hivemq-platform-operator] [688b8613] 21:21:17.035 [ReconcilerExecutor-hivemq-controller-86] DEBUG c.h.p.o.h.HiveMQPlatformReconcilerErrorHandler - [helmmoni] Pod 'test-hivemq-platform-0' condition 'PodScheduled': True
2025-01-28 21:21:17,060 INFO c.h.h.t.HelmChartContainer - [hivemq-test-hivemq-platform] [hivemq-platform-operator] [688b8613] 21:21:17.058 [ReconcilerExecutor-hivemq-controller-86] DEBUG c.h.p.o.h.HiveMQPlatformReconcilerErrorHandler - [helmmoni] Pod 'test-hivemq-platform-0' containerStatus 'hivemq' (started: false) (ready: false) (waiting: [PodInitializing] null)
2025-01-28 21:21:17,062 INFO c.h.h.t.HelmChartContainer - [hivemq-test-hivemq-platform] [hivemq-platform-operator] [688b8613] 21:21:17.060 [ReconcilerExecutor-hivemq-controller-86] INFO  c.h.p.o.h.HiveMQPlatformReconcilerBaseHandler - [helmmoni] HiveMQ Platform is starting, 0 of 2 replicas are ready
2025-01-28 21:21:18,801 INFO c.h.h.t.HelmChartContainer - [EVENT] Normal [Created] Created container: hivemq [helmmonitoringplatformit:test-hivemq-platform-0]
2025-01-28 21:21:18,801 INFO c.h.h.t.HelmChartContainer - Received Created event for container hivemq in pod test-hivemq-platform-0 [f72bcaa8-9574-4837-97d5-6abec57a6997]
2025-01-28 21:21:18,937 INFO c.h.h.t.HelmChartContainer - [POD] test-hivemq-platform-0 [f72bcaa8-9574-4837-97d5-6abec57a6997] in helmmonitoringplatformit was MODIFIED
2025-01-28 21:21:18,942 INFO c.h.h.t.HelmChartContainer - [EVENT] Normal [Started] Started container hivemq [helmmonitoringplatformit:test-hivemq-platform-0]
2025-01-28 21:21:18,942 INFO c.h.h.t.HelmChartContainer - Started log watcher for hivemq in pod test-hivemq-platform-0 [f72bcaa8-9574-4837-97d5-6abec57a6997]
2025-01-28 21:21:18,942 INFO c.h.h.t.HelmChartContainer - [test-hivemq-platform] [hivemq] [f72bcaa8] Adding pre-installed HiveMQ Platform Operator extensions
2025-01-28 21:21:18,942 INFO c.h.h.t.HelmChartContainer - [test-hivemq-platform] [hivemq] [f72bcaa8] Running as user 10000
2025-01-28 21:21:18,942 INFO c.h.h.t.HelmChartContainer - [test-hivemq-platform] [hivemq] [f72bcaa8] Starting HiveMQ Platform Operator Init
2025-01-28 21:21:18,942 INFO c.h.h.t.HelmChartContainer - Received Started event for container hivemq in pod test-hivemq-platform-0 [f72bcaa8-9574-4837-97d5-6abec57a6997]
2025-01-28 21:21:18,952 INFO c.h.h.t.HelmChartContainer - [hivemq-test-hivemq-platform] [hivemq-platform-operator] [688b8613] 21:21:18.951 [pool-6-thread-42] DEBUG c.h.p.o.d.PlatformServiceResource - [helmmoni] Desired Platform services (3 services)
2025-01-28 21:21:18,953 INFO c.h.h.t.HelmChartContainer - [hivemq-test-hivemq-platform] [hivemq-platform-operator] [688b8613] 21:21:18.952 [pool-6-thread-43] DEBUG c.h.p.o.dependants.PodInfoConfigMap - [helmmoni] Desired PodInfo ConfigMap (1 extensions) (1 enabled)
2025-01-28 21:21:18,956 INFO c.h.h.t.HelmChartContainer - [hivemq-test-hivemq-platform] [hivemq-platform-operator] [688b8613] 21:21:18.952 [pool-6-thread-43] DEBUG c.h.p.o.dependants.PodInfoConfigMap - [helmmoni] Desired PodInfo ConfigMap (metrics port: 9399) (metrics path: /)
2025-01-28 21:21:18,956 INFO c.h.h.t.HelmChartContainer - [hivemq-test-hivemq-platform] [hivemq-platform-operator] [688b8613] 21:21:18.952 [pool-6-thread-43] DEBUG c.h.p.o.dependants.PodInfoConfigMap - [helmmoni] Desired PodInfo ConfigMap (extension state hash: -1817474005)
2025-01-28 21:21:18,959 INFO c.h.h.t.HelmChartContainer - [hivemq-test-hivemq-platform] [hivemq-platform-operator] [688b8613] 21:21:18.957 [pool-6-thread-47] DEBUG c.h.p.o.d.PodServiceAccountResource - [helmmoni] Desired PodServiceAccountResource (serviceAccountName: hivemq-platform-pod-test-hivemq-platform)
2025-01-28 21:21:19,014 INFO c.h.h.t.HelmChartContainer - [hivemq-test-hivemq-platform] [hivemq-platform-operator] [688b8613] 21:21:19.012 [pool-6-thread-49] DEBUG c.h.p.o.d.StatefulSetResource - [helmmoni] Desired StatefulSet (2 replicas) for status STARTING (READY)
2025-01-28 21:21:19,022 INFO c.h.h.t.HelmChartContainer - [hivemq-test-hivemq-platform] [hivemq-platform-operator] [688b8613] 21:21:19.022 [ReconcilerExecutor-hivemq-controller-97] INFO  c.h.p.o.HiveMQPlatformReconciler - [helmmoni] Reconciling HiveMQ Platform 'test-hivemq-platform' in namespace 'helmmonitoringplatformit'
2025-01-28 21:21:19,024 INFO c.h.h.t.HelmChartContainer - [hivemq-test-hivemq-platform] [hivemq-platform-operator] [688b8613] 21:21:19.022 [ReconcilerExecutor-hivemq-controller-97] DEBUG c.h.p.o.HiveMQPlatformReconciler - [helmmoni] Custom Resource Status STARTING - HiveMQ Platform is starting (READY)
2025-01-28 21:21:19,024 INFO c.h.h.t.HelmChartContainer - [hivemq-test-hivemq-platform] [hivemq-platform-operator] [688b8613] 21:21:19.022 [ReconcilerExecutor-hivemq-controller-97] DEBUG c.h.p.o.HiveMQPlatformReconciler - [helmmoni] Custom Resource Spec (replicas: 2) (extensions: 1)
2025-01-28 21:21:19,027 INFO c.h.h.t.HelmChartContainer - [hivemq-test-hivemq-platform] [hivemq-platform-operator] [688b8613] 21:21:19.026 [ReconcilerExecutor-hivemq-controller-97] DEBUG c.h.p.o.HiveMQPlatformReconciler - [helmmoni] StatefulSet Status (revision: test-hivemq-platform-64db946475, replicas: 1, available: 0, ready: 0, current: 1, updated: 1)
2025-01-28 21:21:19,027 INFO c.h.h.t.HelmChartContainer - [hivemq-test-hivemq-platform] [hivemq-platform-operator] [688b8613] 21:21:19.026 [ReconcilerExecutor-hivemq-controller-97] DEBUG c.h.p.o.HiveMQPlatformReconciler - [helmmoni] StatefulSet Spec (replicas: 2, init containers: 1, containers: 1, volumes: 3)
2025-01-28 21:21:19,060 INFO c.h.h.t.HelmChartContainer - [hivemq-test-hivemq-platform] [hivemq-platform-operator] [688b8613] 21:21:19.058 [ReconcilerExecutor-hivemq-controller-97] DEBUG c.h.p.o.h.HiveMQPlatformReconcilerErrorHandler - [helmmoni] Pod 'test-hivemq-platform-0' phase Running
2025-01-28 21:21:19,060 INFO c.h.h.t.HelmChartContainer - [hivemq-test-hivemq-platform] [hivemq-platform-operator] [688b8613] 21:21:19.060 [ReconcilerExecutor-hivemq-controller-97] INFO  c.h.p.o.h.HiveMQPlatformReconcilerBaseHandler - [helmmoni] HiveMQ Platform is starting, 0 of 2 replicas are ready
2025-01-28 21:21:20,126 INFO c.h.h.t.HelmChartContainer - [test-hivemq-platform] [hivemq] [f72bcaa8] INFO  - [HiveMQ Platform Operator Init 1.7.0-SNAPSHOT] HiveMQ Platform Operator Init 1.7.0-SNAPSHOT (commit: bebf408 on branch: HEAD) built on Sun Jan 26 20:47:47 UTC 2025
2025-01-28 21:21:21,247 INFO c.h.h.t.HelmChartContainer - [test-hivemq-platform] [hivemq] [f72bcaa8] INFO  - [HiveMQ Platform Operator Init App 1.7.0-SNAPSHOT] Using bind address 10.42.0.17 from environment variable
2025-01-28 21:21:22,126 INFO c.h.h.t.HelmChartContainer - [test-hivemq-platform] [hivemq] [f72bcaa8] INFO  - [HiveMQ Platform Operator Init App 1.7.0-SNAPSHOT] HiveMQ Platform Operator Init App 1.7.0-SNAPSHOT (commit: bebf408 on branch: HEAD) built on Sun Jan 26 20:47:47 UTC 2025
2025-01-28 21:21:22,126 INFO c.h.h.t.HelmChartContainer - [test-hivemq-platform] [hivemq] [f72bcaa8] INFO  - [HiveMQ Platform Operator Init App 1.7.0-SNAPSHOT] PodInfo ConfigMap directory: /etc/podinfo
2025-01-28 21:21:22,126 INFO c.h.h.t.HelmChartContainer - [test-hivemq-platform] [hivemq] [f72bcaa8] INFO  - [HiveMQ Platform Operator Init App 1.7.0-SNAPSHOT] HiveMQ home directory: /opt/hivemq
2025-01-28 21:21:22,126 INFO c.h.h.t.HelmChartContainer - [test-hivemq-platform] [hivemq] [f72bcaa8] INFO  - [HiveMQ Platform Operator Init App 1.7.0-SNAPSHOT] HiveMQ Logback folder: /opt/hivemq/conf
2025-01-28 21:21:22,126 INFO c.h.h.t.HelmChartContainer - [test-hivemq-platform] [hivemq] [f72bcaa8] INFO  - [HiveMQ Platform Operator Init App 1.7.0-SNAPSHOT] HiveMQ Config folder: /opt/hivemq/conf-k8s
2025-01-28 21:21:22,127 INFO c.h.h.t.HelmChartContainer - [test-hivemq-platform] [hivemq] [f72bcaa8] INFO  - [HiveMQ Platform Operator Init App 1.7.0-SNAPSHOT] Starting HiveMQ Platform Operator Init App
2025-01-28 21:21:22,127 INFO c.h.h.t.HelmChartContainer - [test-hivemq-platform] [hivemq] [f72bcaa8] INFO  - [HiveMQ Platform Operator Init App 1.7.0-SNAPSHOT] Starting Pod reconciler
2025-01-28 21:21:23,328 INFO c.h.h.t.HelmChartContainer - [test-hivemq-platform] [hivemq] [f72bcaa8] INFO  - [HiveMQ Platform Operator Init App 1.7.0-SNAPSHOT] Pod reconciler is scheduled (interval: 5000 ms)
2025-01-28 21:21:23,329 INFO c.h.h.t.HelmChartContainer - [test-hivemq-platform] [hivemq] [f72bcaa8] INFO  - [HiveMQ Platform Operator Init App 1.7.0-SNAPSHOT] Starting the REST API on 10.42.0.17:7979
2025-01-28 21:21:23,332 INFO c.h.h.t.HelmChartContainer - [test-hivemq-platform] [hivemq] [f72bcaa8] INFO  - [HiveMQ Platform Operator Init App 1.7.0-SNAPSHOT] Waiting up to 600s for at most 2 HiveMQ nodes in cluster service hivemq-test-hivemq-platform-cluster.helmmonitoringplatformit.svc
2025-01-28 21:21:23,718 INFO c.h.h.t.HelmChartContainer - [test-hivemq-platform] [hivemq] [f72bcaa8] INFO  - [HiveMQ Platform Operator Init App 1.7.0-SNAPSHOT] Resolved 1 IP addresses: [10.42.0.17]
2025-01-28 21:21:23,718 INFO c.h.h.t.HelmChartContainer - [test-hivemq-platform] [hivemq] [f72bcaa8] INFO  - [HiveMQ Platform Operator Init App 1.7.0-SNAPSHOT] HiveMQ node count of 1 is within threshold of 2
2025-01-28 21:21:23,718 INFO c.h.h.t.HelmChartContainer - [test-hivemq-platform] [hivemq] [f72bcaa8] INFO  - [HiveMQ Platform Operator Init App 1.7.0-SNAPSHOT] Proceeding with container start
2025-01-28 21:21:23,745 INFO c.h.h.t.HelmChartContainer - [test-hivemq-platform] [hivemq] [f72bcaa8] INFO  - [HiveMQ Platform Operator Init App 1.7.0-SNAPSHOT] Initializing HiveMQ Platform extensions with initial configuration: {hivemq-allow-all-extension={start-priority=-1, skip-https-hostname-verification=false, restart=true, config-version=0, header-version=0, c-uri=, priority=-1, uri=preinstalled, skip-https-certificate-validation=false, enabled=true}, hivemq-prometheus-extension={enabled=true, request-header-path=no-request-headers, uri=preinstalled, skip-https-certificate-validation=false, skip-https-hostname-verification=false, c-uri=, start-priority=-1, priority=-1, restart=true}}
2025-01-28 21:21:24,244 INFO c.h.h.t.HelmChartContainer - [test-hivemq-platform] [hivemq] [f72bcaa8] INFO  - [HiveMQ Platform Operator Init App 1.7.0-SNAPSHOT] Extension hivemq-allow-all-extension was already enabled
2025-01-28 21:21:24,325 INFO c.h.h.t.HelmChartContainer - [test-hivemq-platform] [hivemq] [f72bcaa8] INFO  - [HiveMQ Platform Operator Init App 1.7.0-SNAPSHOT] Successfully enabled extension hivemq-prometheus-extension
2025-01-28 21:21:24,327 INFO c.h.h.t.HelmChartContainer - [test-hivemq-platform] [hivemq] [f72bcaa8] INFO  - [HiveMQ Platform Operator Init App 1.7.0-SNAPSHOT] Starting HiveMQ Platform version 4.36.0 (4.36.0)
2025-01-28 21:21:24,327 INFO c.h.h.t.HelmChartContainer - [test-hivemq-platform] [hivemq] [f72bcaa8] INFO  - [HiveMQ Platform Operator Init App 1.7.0-SNAPSHOT] Configuring the HiveMQ Platform
2025-01-28 21:21:24,339 INFO c.h.h.t.HelmChartContainer - [test-hivemq-platform] [hivemq] [f72bcaa8] INFO  - [HiveMQ Platform Operator Init App 1.7.0-SNAPSHOT] Changed logback.xml file scan period to 20 seconds
2025-01-28 21:21:24,429 INFO c.h.h.t.HelmChartContainer - [test-hivemq-platform] [hivemq] [f72bcaa8] INFO  - [HiveMQ Platform Operator Init App 1.7.0-SNAPSHOT] Starting the HiveMQ Platform
2025-01-28 21:21:24,433 INFO c.h.h.t.HelmChartContainer - [test-hivemq-platform] [hivemq] [f72bcaa8] -------------------------------------------------------------------------
2025-01-28 21:21:24,433 INFO c.h.h.t.HelmChartContainer - [test-hivemq-platform] [hivemq] [f72bcaa8] 
2025-01-28 21:21:24,433 INFO c.h.h.t.HelmChartContainer - [test-hivemq-platform] [hivemq] [f72bcaa8]                   _    _  _              __  __   ____
2025-01-28 21:21:24,433 INFO c.h.h.t.HelmChartContainer - [test-hivemq-platform] [hivemq] [f72bcaa8]                  | |  | |(_)            |  \/  | / __ \
2025-01-28 21:21:24,433 INFO c.h.h.t.HelmChartContainer - [test-hivemq-platform] [hivemq] [f72bcaa8]                  | |__| | _ __   __ ___ | \  / || |  | |
2025-01-28 21:21:24,433 INFO c.h.h.t.HelmChartContainer - [test-hivemq-platform] [hivemq] [f72bcaa8]                  |  __  || |\ \ / // _ \| |\/| || |  | |
2025-01-28 21:21:24,433 INFO c.h.h.t.HelmChartContainer - [test-hivemq-platform] [hivemq] [f72bcaa8]                  | |  | || | \ V /|  __/| |  | || |__| |
2025-01-28 21:21:24,433 INFO c.h.h.t.HelmChartContainer - [test-hivemq-platform] [hivemq] [f72bcaa8]                  |_|  |_||_|  \_/  \___||_|  |_| \___\_\
2025-01-28 21:21:24,433 INFO c.h.h.t.HelmChartContainer - [test-hivemq-platform] [hivemq] [f72bcaa8] 
2025-01-28 21:21:24,433 INFO c.h.h.t.HelmChartContainer - [test-hivemq-platform] [hivemq] [f72bcaa8] -------------------------------------------------------------------------
2025-01-28 21:21:24,433 INFO c.h.h.t.HelmChartContainer - [test-hivemq-platform] [hivemq] [f72bcaa8] 
2025-01-28 21:21:24,434 INFO c.h.h.t.HelmChartContainer - [test-hivemq-platform] [hivemq] [f72bcaa8]   HiveMQ Start Script for Linux/Unix v1.14
2025-01-28 21:21:24,434 INFO c.h.h.t.HelmChartContainer - [test-hivemq-platform] [hivemq] [f72bcaa8] 
2025-01-28 21:21:24,537 INFO c.h.h.t.HelmChartContainer - [test-hivemq-platform] [hivemq] [f72bcaa8] -------------------------------------------------------------------------
2025-01-28 21:21:24,537 INFO c.h.h.t.HelmChartContainer - [test-hivemq-platform] [hivemq] [f72bcaa8] 
2025-01-28 21:21:24,537 INFO c.h.h.t.HelmChartContainer - [test-hivemq-platform] [hivemq] [f72bcaa8]   HIVEMQ_HOME: /opt/hivemq
2025-01-28 21:21:24,537 INFO c.h.h.t.HelmChartContainer - [test-hivemq-platform] [hivemq] [f72bcaa8] 
2025-01-28 21:21:24,537 INFO c.h.h.t.HelmChartContainer - [test-hivemq-platform] [hivemq] [f72bcaa8]   JAVA_OPTS: -XX:+UnlockExperimentalVMOptions -XX:InitialRAMPercentage=50 -XX:MaxRAMPercentage=50 -Djava.net.preferIPv4Stack=true --add-opens java.base/java.lang=ALL-UNNAMED --add-opens java.base/java.nio=ALL-UNNAMED --add-opens java.base/sun.nio.ch=ALL-UNNAMED --add-opens jdk.management/com.sun.management.internal=ALL-UNNAMED --add-exports java.base/jdk.internal.misc=ALL-UNNAMED -Djava.security.egd=file:/dev/./urandom -Dcom.sun.management.jmxremote -Dcom.sun.management.jmxremote.port=9010 -Dcom.sun.management.jmxremote.local.only=false -Dcom.sun.management.jmxremote.authenticate=false -Dcom.sun.management.jmxremote.ssl=false -Duser.language=en -Duser.region=US -XX:+CrashOnOutOfMemoryError -XX:+HeapDumpOnOutOfMemoryError
2025-01-28 21:21:24,537 INFO c.h.h.t.HelmChartContainer - [test-hivemq-platform] [hivemq] [f72bcaa8] 
2025-01-28 21:21:24,537 INFO c.h.h.t.HelmChartContainer - [test-hivemq-platform] [hivemq] [f72bcaa8]   JAVA_VERSION: 21
2025-01-28 21:21:24,537 INFO c.h.h.t.HelmChartContainer - [test-hivemq-platform] [hivemq] [f72bcaa8] 
2025-01-28 21:21:24,537 INFO c.h.h.t.HelmChartContainer - [test-hivemq-platform] [hivemq] [f72bcaa8] -------------------------------------------------------------------------
2025-01-28 21:21:24,537 INFO c.h.h.t.HelmChartContainer - [test-hivemq-platform] [hivemq] [f72bcaa8] 
2025-01-28 21:21:24,935 INFO c.h.h.t.HelmChartContainer - [test-hivemq-platform] [hivemq] [f72bcaa8] INFO  - [HiveMQ Platform Operator Init App 1.7.0-SNAPSHOT] Returning default Health API response 503 for readiness
2025-01-28 21:21:25,333 INFO c.h.h.t.HelmChartContainer - [EVENT] Warning [Unhealthy] Readiness probe failed: HTTP probe failed with statuscode: 503 [helmmonitoringplatformit:test-hivemq-platform-0]
2025-01-28 21:21:25,333 INFO c.h.h.t.HelmChartContainer - Received Unhealthy event for container hivemq in pod test-hivemq-platform-0 [f72bcaa8-9574-4837-97d5-6abec57a6997]
2025-01-28 21:21:27,139 INFO c.h.h.t.HelmChartContainer - [test-hivemq-platform] [hivemq] [f72bcaa8] INFO  - Starting HiveMQ Enterprise Server
2025-01-28 21:21:27,227 INFO c.h.h.t.HelmChartContainer - [test-hivemq-platform] [hivemq] [f72bcaa8] INFO  - HiveMQ version: 4.36.0
2025-01-28 21:21:27,227 INFO c.h.h.t.HelmChartContainer - [test-hivemq-platform] [hivemq] [f72bcaa8] INFO  - HiveMQ home directory: /opt/hivemq
2025-01-28 21:21:27,227 INFO c.h.h.t.HelmChartContainer - [test-hivemq-platform] [hivemq] [f72bcaa8] INFO  - Log Configuration was overridden by /opt/hivemq/conf/logback.xml
2025-01-28 21:21:28,740 INFO c.h.h.t.HelmChartContainer - [test-hivemq-platform] [hivemq] [f72bcaa8] INFO  - Successfully loaded configuration from '/opt/hivemq/conf-k8s/config.xml'.
2025-01-28 21:21:29,068 INFO c.h.h.t.HelmChartContainer - [hivemq-test-hivemq-platform] [hivemq-platform-operator] [688b8613] 21:21:29.062 [pool-6-thread-6] DEBUG c.h.p.o.d.PlatformServiceResource - [helmmoni] Desired Platform services (3 services)
2025-01-28 21:21:29,068 INFO c.h.h.t.HelmChartContainer - [hivemq-test-hivemq-platform] [hivemq-platform-operator] [688b8613] 21:21:29.063 [pool-6-thread-3] DEBUG c.h.p.o.dependants.PodInfoConfigMap - [helmmoni] Desired PodInfo ConfigMap (1 extensions) (1 enabled)
2025-01-28 21:21:29,068 INFO c.h.h.t.HelmChartContainer - [hivemq-test-hivemq-platform] [hivemq-platform-operator] [688b8613] 21:21:29.063 [pool-6-thread-3] DEBUG c.h.p.o.dependants.PodInfoConfigMap - [helmmoni] Desired PodInfo ConfigMap (metrics port: 9399) (metrics path: /)
2025-01-28 21:21:29,068 INFO c.h.h.t.HelmChartContainer - [hivemq-test-hivemq-platform] [hivemq-platform-operator] [688b8613] 21:21:29.063 [pool-6-thread-3] DEBUG c.h.p.o.dependants.PodInfoConfigMap - [helmmoni] Desired PodInfo ConfigMap (extension state hash: -1817474005)
2025-01-28 21:21:29,068 INFO c.h.h.t.HelmChartContainer - [hivemq-test-hivemq-platform] [hivemq-platform-operator] [688b8613] 21:21:29.065 [pool-6-thread-5] DEBUG c.h.p.o.d.PodServiceAccountResource - [helmmoni] Desired PodServiceAccountResource (serviceAccountName: hivemq-platform-pod-test-hivemq-platform)
2025-01-28 21:21:29,069 INFO c.h.h.t.HelmChartContainer - [hivemq-test-hivemq-platform] [hivemq-platform-operator] [688b8613] 21:21:29.068 [pool-6-thread-6] DEBUG c.h.p.o.d.StatefulSetResource - [helmmoni] Desired StatefulSet (2 replicas) for status STARTING (READY)
2025-01-28 21:21:29,072 INFO c.h.h.t.HelmChartContainer - [hivemq-test-hivemq-platform] [hivemq-platform-operator] [688b8613] 21:21:29.072 [ReconcilerExecutor-hivemq-controller-108] INFO  c.h.p.o.HiveMQPlatformReconciler - [helmmoni] Reconciling HiveMQ Platform 'test-hivemq-platform' in namespace 'helmmonitoringplatformit'
2025-01-28 21:21:29,073 INFO c.h.h.t.HelmChartContainer - [hivemq-test-hivemq-platform] [hivemq-platform-operator] [688b8613] 21:21:29.072 [ReconcilerExecutor-hivemq-controller-108] DEBUG c.h.p.o.HiveMQPlatformReconciler - [helmmoni] Custom Resource Status STARTING - HiveMQ Platform is starting (READY)
2025-01-28 21:21:29,073 INFO c.h.h.t.HelmChartContainer - [hivemq-test-hivemq-platform] [hivemq-platform-operator] [688b8613] 21:21:29.072 [ReconcilerExecutor-hivemq-controller-108] DEBUG c.h.p.o.HiveMQPlatformReconciler - [helmmoni] Custom Resource Spec (replicas: 2) (extensions: 1)
2025-01-28 21:21:29,076 INFO c.h.h.t.HelmChartContainer - [hivemq-test-hivemq-platform] [hivemq-platform-operator] [688b8613] 21:21:29.074 [ReconcilerExecutor-hivemq-controller-108] DEBUG c.h.p.o.HiveMQPlatformReconciler - [helmmoni] StatefulSet Status (revision: test-hivemq-platform-64db946475, replicas: 1, available: 0, ready: 0, current: 1, updated: 1)
2025-01-28 21:21:29,076 INFO c.h.h.t.HelmChartContainer - [hivemq-test-hivemq-platform] [hivemq-platform-operator] [688b8613] 21:21:29.074 [ReconcilerExecutor-hivemq-controller-108] DEBUG c.h.p.o.HiveMQPlatformReconciler - [helmmoni] StatefulSet Spec (replicas: 2, init containers: 1, containers: 1, volumes: 3)
2025-01-28 21:21:29,161 INFO c.h.h.t.HelmChartContainer - [hivemq-test-hivemq-platform] [hivemq-platform-operator] [688b8613] 21:21:29.159 [ReconcilerExecutor-hivemq-controller-108] DEBUG c.h.p.o.h.HiveMQPlatformReconcilerErrorHandler - [helmmoni] Pod 'test-hivemq-platform-0' phase Running
2025-01-28 21:21:29,161 INFO c.h.h.t.HelmChartContainer - [hivemq-test-hivemq-platform] [hivemq-platform-operator] [688b8613] 21:21:29.160 [ReconcilerExecutor-hivemq-controller-108] INFO  c.h.p.o.h.HiveMQPlatformReconcilerBaseHandler - [helmmoni] HiveMQ Platform is starting, 0 of 2 replicas are ready
2025-01-28 21:21:29,528 INFO c.h.h.t.HelmChartContainer - [test-hivemq-platform] [hivemq] [f72bcaa8] INFO  - This node's ID is dzmPn
2025-01-28 21:21:29,528 INFO c.h.h.t.HelmChartContainer - [test-hivemq-platform] [hivemq] [f72bcaa8] INFO  - Clustering is enabled
2025-01-28 21:21:29,605 INFO c.h.h.t.HelmChartContainer - [K3S] [INFO] COMPACT compactRev=0 targetCompactRev=2 currentRev=1558
2025-01-28 21:21:29,605 INFO c.h.h.t.HelmChartContainer - [K3S] [INFO] COMPACT deleted 0 rows from 2 revisions in 428.398µs - compacted to 2/1558
2025-01-28 21:21:29,605 INFO c.h.h.t.HelmChartContainer - [K3S] [INFO] COMPACT compacted from 0 to 2 in 1 transactions over 1ms
2025-01-28 21:21:30,427 INFO c.h.h.t.HelmChartContainer - [test-hivemq-platform] [hivemq] [f72bcaa8] WARN  - [HiveMQ Platform Operator Init App 1.7.0-SNAPSHOT] Cannot connect to Health API for readiness: null
2025-01-28 21:21:30,432 INFO c.h.h.t.HelmChartContainer - [EVENT] Warning [Unhealthy] Readiness probe failed: HTTP probe failed with statuscode: 503 [helmmonitoringplatformit:test-hivemq-platform-0]
2025-01-28 21:21:30,432 INFO c.h.h.t.HelmChartContainer - Received Unhealthy event for container hivemq in pod test-hivemq-platform-0 [f72bcaa8-9574-4837-97d5-6abec57a6997]
2025-01-28 21:21:32,172 INFO c.h.h.t.HelmChartContainer - [K3S] [info.go:53] Couldn't collect info from any of the files in "/etc/machine-id,/var/lib/dbus/machine-id"
2025-01-28 21:21:32,282 INFO c.h.h.t.HelmChartContainer - [K3S] [scope.go:117] "RemoveContainer" containerID="2440427e38da0d3ddfd535a41e6b4849cfccef93b754237b5a4b5d249d27bf04"
2025-01-28 21:21:32,286 INFO c.h.h.t.HelmChartContainer - [K3S] [scope.go:117] "RemoveContainer" containerID="5cee2c9ed2a66ce54efbd64e2171c47c60236a9fd026e12a0f6669ddaa899158"
2025-01-28 21:21:33,729 INFO c.h.h.t.HelmChartContainer - [test-hivemq-platform] [hivemq] [f72bcaa8] Jan 28, 2025 9:21:33 PM io.vertx.core.impl.BlockedThreadChecker
2025-01-28 21:21:33,729 INFO c.h.h.t.HelmChartContainer - [test-hivemq-platform] [hivemq] [f72bcaa8] WARNING: Thread Thread[vert.x-eventloop-thread-1,5,main] has been blocked for 2295 ms, time limit is 2000 ms
2025-01-28 21:21:34,429 INFO c.h.h.t.HelmChartContainer - [test-hivemq-platform] [hivemq] [f72bcaa8] INFO  - [HiveMQ Platform Operator Init App 1.7.0-SNAPSHOT] Updating Pod HiveMQ Platform Operator Init App version annotation (version: 1.7.0-SNAPSHOT)
2025-01-28 21:21:34,934 INFO c.h.h.t.HelmChartContainer - [test-hivemq-platform] [hivemq] [f72bcaa8] WARN  - [HiveMQ Platform Operator Init App 1.7.0-SNAPSHOT] Cannot connect to Health API for readiness: null
2025-01-28 21:21:34,938 INFO c.h.h.t.HelmChartContainer - [EVENT] Warning [Unhealthy] Readiness probe failed: HTTP probe failed with statuscode: 503 [helmmonitoringplatformit:test-hivemq-platform-0]
2025-01-28 21:21:34,938 INFO c.h.h.t.HelmChartContainer - Received Unhealthy event for container hivemq in pod test-hivemq-platform-0 [f72bcaa8-9574-4837-97d5-6abec57a6997]
2025-01-28 21:21:35,144 INFO c.h.h.t.HelmChartContainer - [POD] test-hivemq-platform-0 [f72bcaa8-9574-4837-97d5-6abec57a6997] in helmmonitoringplatformit was MODIFIED
2025-01-28 21:21:35,150 INFO c.h.h.t.HelmChartContainer - [hivemq-test-hivemq-platform] [hivemq-platform-operator] [688b8613] 21:21:35.146 [pool-6-thread-17] DEBUG c.h.p.o.d.PlatformServiceResource - [helmmoni] Desired Platform services (3 services)
2025-01-28 21:21:35,152 INFO c.h.h.t.HelmChartContainer - [hivemq-test-hivemq-platform] [hivemq-platform-operator] [688b8613] 21:21:35.150 [pool-6-thread-16] DEBUG c.h.p.o.dependants.PodInfoConfigMap - [helmmoni] Desired PodInfo ConfigMap (1 extensions) (1 enabled)
2025-01-28 21:21:35,153 INFO c.h.h.t.HelmChartContainer - [hivemq-test-hivemq-platform] [hivemq-platform-operator] [688b8613] 21:21:35.153 [pool-6-thread-16] DEBUG c.h.p.o.dependants.PodInfoConfigMap - [helmmoni] Desired PodInfo ConfigMap (metrics port: 9399) (metrics path: /)
2025-01-28 21:21:35,154 INFO c.h.h.t.HelmChartContainer - [hivemq-test-hivemq-platform] [hivemq-platform-operator] [688b8613] 21:21:35.149 [pool-6-thread-11] DEBUG c.h.p.o.d.PodServiceAccountResource - [helmmoni] Desired PodServiceAccountResource (serviceAccountName: hivemq-platform-pod-test-hivemq-platform)
2025-01-28 21:21:35,155 INFO c.h.h.t.HelmChartContainer - [hivemq-test-hivemq-platform] [hivemq-platform-operator] [688b8613] 21:21:35.154 [pool-6-thread-16] DEBUG c.h.p.o.dependants.PodInfoConfigMap - [helmmoni] Desired PodInfo ConfigMap (extension state hash: -1817474005)
2025-01-28 21:21:35,160 INFO c.h.h.t.HelmChartContainer - [hivemq-test-hivemq-platform] [hivemq-platform-operator] [688b8613] 21:21:35.159 [pool-6-thread-17] DEBUG c.h.p.o.d.StatefulSetResource - [helmmoni] Desired StatefulSet (2 replicas) for status STARTING (READY)
2025-01-28 21:21:35,214 INFO c.h.h.t.HelmChartContainer - [hivemq-test-hivemq-platform] [hivemq-platform-operator] [688b8613] 21:21:35.211 [ReconcilerExecutor-hivemq-controller-109] INFO  c.h.p.o.HiveMQPlatformReconciler - [helmmoni] Reconciling HiveMQ Platform 'test-hivemq-platform' in namespace 'helmmonitoringplatformit'
2025-01-28 21:21:35,214 INFO c.h.h.t.HelmChartContainer - [hivemq-test-hivemq-platform] [hivemq-platform-operator] [688b8613] 21:21:35.211 [ReconcilerExecutor-hivemq-controller-109] DEBUG c.h.p.o.HiveMQPlatformReconciler - [helmmoni] Custom Resource Status STARTING - HiveMQ Platform is starting (READY)
2025-01-28 21:21:35,214 INFO c.h.h.t.HelmChartContainer - [hivemq-test-hivemq-platform] [hivemq-platform-operator] [688b8613] 21:21:35.211 [ReconcilerExecutor-hivemq-controller-109] DEBUG c.h.p.o.HiveMQPlatformReconciler - [helmmoni] Custom Resource Spec (replicas: 2) (extensions: 1)
2025-01-28 21:21:35,216 INFO c.h.h.t.HelmChartContainer - [hivemq-test-hivemq-platform] [hivemq-platform-operator] [688b8613] 21:21:35.213 [ReconcilerExecutor-hivemq-controller-109] DEBUG c.h.p.o.HiveMQPlatformReconciler - [helmmoni] StatefulSet Status (revision: test-hivemq-platform-64db946475, replicas: 1, available: 0, ready: 0, current: 1, updated: 1)
2025-01-28 21:21:35,216 INFO c.h.h.t.HelmChartContainer - [hivemq-test-hivemq-platform] [hivemq-platform-operator] [688b8613] 21:21:35.214 [ReconcilerExecutor-hivemq-controller-109] DEBUG c.h.p.o.HiveMQPlatformReconciler - [helmmoni] StatefulSet Spec (replicas: 2, init containers: 1, containers: 1, volumes: 3)
2025-01-28 21:21:35,217 INFO c.h.h.t.HelmChartContainer - [hivemq-test-hivemq-platform] [hivemq-platform-operator] [688b8613] 21:21:35.215 [ReconcilerExecutor-hivemq-controller-109] DEBUG c.h.p.o.h.HiveMQPlatformReconcilerErrorHandler - [helmmoni] Pod 'test-hivemq-platform-0' phase Running
2025-01-28 21:21:35,217 INFO c.h.h.t.HelmChartContainer - [hivemq-test-hivemq-platform] [hivemq-platform-operator] [688b8613] 21:21:35.216 [ReconcilerExecutor-hivemq-controller-109] INFO  c.h.p.o.h.HiveMQPlatformReconcilerBaseHandler - [helmmoni] HiveMQ Platform is starting, 0 of 2 replicas are ready
2025-01-28 21:21:35,229 INFO c.h.h.t.HelmChartContainer - [test-hivemq-platform] [hivemq] [f72bcaa8] WARN  - [HiveMQ Platform Operator Init App 1.7.0-SNAPSHOT] Cannot connect to Health API for readiness: null
2025-01-28 21:21:35,233 INFO c.h.h.t.HelmChartContainer - [EVENT] Warning [Unhealthy] Readiness probe failed: HTTP probe failed with statuscode: 503 [helmmonitoringplatformit:test-hivemq-platform-0]
2025-01-28 21:21:35,233 INFO c.h.h.t.HelmChartContainer - Received Unhealthy event for container hivemq in pod test-hivemq-platform-0 [f72bcaa8-9574-4837-97d5-6abec57a6997]
2025-01-28 21:21:35,236 INFO c.h.h.t.HelmChartContainer - [test-hivemq-platform] [hivemq] [f72bcaa8] INFO  - [HiveMQ Platform Operator Init App 1.7.0-SNAPSHOT] Successfully updated Pod HiveMQ Platform Operator Init App version annotation (version: 1.7.0-SNAPSHOT)
2025-01-28 21:21:40,147 INFO c.h.h.t.HelmChartContainer - [test-hivemq-platform] [hivemq] [f72bcaa8] WARN  - [HiveMQ Platform Operator Init App 1.7.0-SNAPSHOT] Cannot connect to Health API for readiness: null
2025-01-28 21:21:40,151 INFO c.h.h.t.HelmChartContainer - [EVENT] Warning [Unhealthy] Readiness probe failed: HTTP probe failed with statuscode: 503 [helmmonitoringplatformit:test-hivemq-platform-0]
2025-01-28 21:21:40,151 INFO c.h.h.t.HelmChartContainer - Received Unhealthy event for container hivemq in pod test-hivemq-platform-0 [f72bcaa8-9574-4837-97d5-6abec57a6997]
2025-01-28 21:21:45,221 INFO c.h.h.t.HelmChartContainer - [hivemq-test-hivemq-platform] [hivemq-platform-operator] [688b8613] 21:21:45.219 [pool-6-thread-26] DEBUG c.h.p.o.d.PlatformServiceResource - [helmmoni] Desired Platform services (3 services)
2025-01-28 21:21:45,223 INFO c.h.h.t.HelmChartContainer - [hivemq-test-hivemq-platform] [hivemq-platform-operator] [688b8613] 21:21:45.222 [pool-6-thread-22] DEBUG c.h.p.o.dependants.PodInfoConfigMap - [helmmoni] Desired PodInfo ConfigMap (1 extensions) (1 enabled)
2025-01-28 21:21:45,225 INFO c.h.h.t.HelmChartContainer - [hivemq-test-hivemq-platform] [hivemq-platform-operator] [688b8613] 21:21:45.223 [pool-6-thread-23] DEBUG c.h.p.o.d.PodServiceAccountResource - [helmmoni] Desired PodServiceAccountResource (serviceAccountName: hivemq-platform-pod-test-hivemq-platform)
2025-01-28 21:21:45,226 INFO c.h.h.t.HelmChartContainer - [hivemq-test-hivemq-platform] [hivemq-platform-operator] [688b8613] 21:21:45.222 [pool-6-thread-22] DEBUG c.h.p.o.dependants.PodInfoConfigMap - [helmmoni] Desired PodInfo ConfigMap (metrics port: 9399) (metrics path: /)
2025-01-28 21:21:45,226 INFO c.h.h.t.HelmChartContainer - [hivemq-test-hivemq-platform] [hivemq-platform-operator] [688b8613] 21:21:45.224 [pool-6-thread-22] DEBUG c.h.p.o.dependants.PodInfoConfigMap - [helmmoni] Desired PodInfo ConfigMap (extension state hash: -1817474005)
2025-01-28 21:21:45,229 INFO c.h.h.t.HelmChartContainer - [hivemq-test-hivemq-platform] [hivemq-platform-operator] [688b8613] 21:21:45.228 [pool-6-thread-27] DEBUG c.h.p.o.d.StatefulSetResource - [helmmoni] Desired StatefulSet (2 replicas) for status STARTING (READY)
2025-01-28 21:21:45,232 INFO c.h.h.t.HelmChartContainer - [test-hivemq-platform] [hivemq] [f72bcaa8] WARN  - [HiveMQ Platform Operator Init App 1.7.0-SNAPSHOT] Cannot connect to Health API for readiness: null
2025-01-28 21:21:45,241 INFO c.h.h.t.HelmChartContainer - [hivemq-test-hivemq-platform] [hivemq-platform-operator] [688b8613] 21:21:45.239 [ReconcilerExecutor-hivemq-controller-110] INFO  c.h.p.o.HiveMQPlatformReconciler - [helmmoni] Reconciling HiveMQ Platform 'test-hivemq-platform' in namespace 'helmmonitoringplatformit'
2025-01-28 21:21:45,241 INFO c.h.h.t.HelmChartContainer - [hivemq-test-hivemq-platform] [hivemq-platform-operator] [688b8613] 21:21:45.239 [ReconcilerExecutor-hivemq-controller-110] DEBUG c.h.p.o.HiveMQPlatformReconciler - [helmmoni] Custom Resource Status STARTING - HiveMQ Platform is starting (READY)
2025-01-28 21:21:45,241 INFO c.h.h.t.HelmChartContainer - [hivemq-test-hivemq-platform] [hivemq-platform-operator] [688b8613] 21:21:45.240 [ReconcilerExecutor-hivemq-controller-110] DEBUG c.h.p.o.HiveMQPlatformReconciler - [helmmoni] Custom Resource Spec (replicas: 2) (extensions: 1)
2025-01-28 21:21:45,241 INFO c.h.h.t.HelmChartContainer - [EVENT] Warning [Unhealthy] Readiness probe failed: HTTP probe failed with statuscode: 503 [helmmonitoringplatformit:test-hivemq-platform-0]
2025-01-28 21:21:45,241 INFO c.h.h.t.HelmChartContainer - Received Unhealthy event for container hivemq in pod test-hivemq-platform-0 [f72bcaa8-9574-4837-97d5-6abec57a6997]
2025-01-28 21:21:45,251 INFO c.h.h.t.HelmChartContainer - [hivemq-test-hivemq-platform] [hivemq-platform-operator] [688b8613] 21:21:45.244 [ReconcilerExecutor-hivemq-controller-110] DEBUG c.h.p.o.HiveMQPlatformReconciler - [helmmoni] StatefulSet Status (revision: test-hivemq-platform-64db946475, replicas: 1, available: 0, ready: 0, current: 1, updated: 1)
2025-01-28 21:21:45,251 INFO c.h.h.t.HelmChartContainer - [hivemq-test-hivemq-platform] [hivemq-platform-operator] [688b8613] 21:21:45.244 [ReconcilerExecutor-hivemq-controller-110] DEBUG c.h.p.o.HiveMQPlatformReconciler - [helmmoni] StatefulSet Spec (replicas: 2, init containers: 1, containers: 1, volumes: 3)
2025-01-28 21:21:45,251 INFO c.h.h.t.HelmChartContainer - [hivemq-test-hivemq-platform] [hivemq-platform-operator] [688b8613] 21:21:45.246 [ReconcilerExecutor-hivemq-controller-110] DEBUG c.h.p.o.h.HiveMQPlatformReconcilerErrorHandler - [helmmoni] Pod 'test-hivemq-platform-0' phase Running
2025-01-28 21:21:45,251 INFO c.h.h.t.HelmChartContainer - [hivemq-test-hivemq-platform] [hivemq-platform-operator] [688b8613] 21:21:45.247 [ReconcilerExecutor-hivemq-controller-110] INFO  c.h.p.o.h.HiveMQPlatformReconcilerBaseHandler - [helmmoni] HiveMQ Platform is starting, 0 of 2 replicas are ready
2025-01-28 21:21:46,427 INFO c.h.h.t.HelmChartContainer - [test-hivemq-platform] [hivemq] [f72bcaa8] WARN  - [HiveMQ Platform Operator Init App 1.7.0-SNAPSHOT] Cannot connect to Health API for liveness: null
2025-01-28 21:21:46,428 INFO c.h.h.t.HelmChartContainer - [test-hivemq-platform] [hivemq] [f72bcaa8] INFO  - [HiveMQ Platform Operator Init App 1.7.0-SNAPSHOT] Returning default Health API response 200 for liveness
2025-01-28 21:21:47,032 INFO c.h.h.t.HelmChartContainer - [test-hivemq-platform] [hivemq] [f72bcaa8] INFO  - No valid license file found. Using trial license, restricted to 25 connections.
2025-01-28 21:21:50,226 INFO c.h.h.t.HelmChartContainer - [test-hivemq-platform] [hivemq] [f72bcaa8] WARN  - [HiveMQ Platform Operator Init App 1.7.0-SNAPSHOT] Cannot connect to Health API for readiness: null
2025-01-28 21:21:50,232 INFO c.h.h.t.HelmChartContainer - [EVENT] Warning [Unhealthy] Readiness probe failed: HTTP probe failed with statuscode: 503 [helmmonitoringplatformit:test-hivemq-platform-0]
2025-01-28 21:21:50,232 INFO c.h.h.t.HelmChartContainer - Received Unhealthy event for container hivemq in pod test-hivemq-platform-0 [f72bcaa8-9574-4837-97d5-6abec57a6997]
2025-01-28 21:21:51,325 INFO c.h.h.t.HelmChartContainer - [test-hivemq-platform] [hivemq] [f72bcaa8] INFO  - No valid license file for Data Hub found. Using free license, restricted to 1 policy.
2025-01-28 21:21:52,527 INFO c.h.h.t.HelmChartContainer - [test-hivemq-platform] [hivemq] [f72bcaa8] INFO  - Audit Logger started.
2025-01-28 21:21:52,759 INFO c.h.h.t.HelmChartContainer - [test-hivemq-platform] [hivemq] [f72bcaa8] INFO  - This node uses '1' CPU cores.
2025-01-28 21:21:52,823 INFO c.h.h.t.HelmChartContainer - [test-hivemq-platform] [hivemq] [f72bcaa8] INFO  - Starting HiveMQ Health API on address 0.0.0.0 and port 8889
2025-01-28 21:21:53,529 INFO c.h.h.t.HelmChartContainer - [test-hivemq-platform] [hivemq] [f72bcaa8] INFO  - Started HiveMQ Health API in 710ms
2025-01-28 21:21:54,052 INFO c.h.h.t.HelmChartContainer - [test-hivemq-platform] [hivemq] [f72bcaa8] INFO  - Starting HiveMQ extension system.
2025-01-28 21:21:54,325 INFO c.h.h.t.HelmChartContainer - [test-hivemq-platform] [hivemq] [f72bcaa8] INFO  - Starting extension with id "hivemq-dns-cluster-discovery" at /opt/hivemq/extensions/hivemq-dns-cluster-discovery
2025-01-28 21:21:54,734 INFO c.h.h.t.HelmChartContainer - [test-hivemq-platform] [hivemq] [f72bcaa8] INFO  - Using TCP cluster transport on address 10.42.0.17 and port 7000
2025-01-28 21:21:54,738 INFO c.h.h.t.HelmChartContainer - [test-hivemq-platform] [hivemq] [f72bcaa8] INFO  - Using extension cluster discovery
2025-01-28 21:21:54,926 INFO c.h.h.t.HelmChartContainer - [test-hivemq-platform] [hivemq] [f72bcaa8] INFO  - Extension "DNS Cluster Discovery Extension" version 4.3.2 started successfully.
2025-01-28 21:21:54,928 INFO c.h.h.t.HelmChartContainer - [test-hivemq-platform] [hivemq] [f72bcaa8] INFO  - Starting extension with id "hivemq-prometheus-extension" at /opt/hivemq/extensions/hivemq-prometheus-extension
2025-01-28 21:21:55,318 INFO c.h.h.t.HelmChartContainer - [hivemq-test-hivemq-platform] [hivemq-platform-operator] [688b8613] 21:21:55.313 [pool-6-thread-35] DEBUG c.h.p.o.d.PlatformServiceResource - [helmmoni] Desired Platform services (3 services)
2025-01-28 21:21:55,318 INFO c.h.h.t.HelmChartContainer - [hivemq-test-hivemq-platform] [hivemq-platform-operator] [688b8613] 21:21:55.314 [pool-6-thread-33] DEBUG c.h.p.o.dependants.PodInfoConfigMap - [helmmoni] Desired PodInfo ConfigMap (1 extensions) (1 enabled)
2025-01-28 21:21:55,318 INFO c.h.h.t.HelmChartContainer - [hivemq-test-hivemq-platform] [hivemq-platform-operator] [688b8613] 21:21:55.314 [pool-6-thread-33] DEBUG c.h.p.o.dependants.PodInfoConfigMap - [helmmoni] Desired PodInfo ConfigMap (metrics port: 9399) (metrics path: /)
2025-01-28 21:21:55,318 INFO c.h.h.t.HelmChartContainer - [hivemq-test-hivemq-platform] [hivemq-platform-operator] [688b8613] 21:21:55.314 [pool-6-thread-33] DEBUG c.h.p.o.dependants.PodInfoConfigMap - [helmmoni] Desired PodInfo ConfigMap (extension state hash: -1817474005)
2025-01-28 21:21:55,318 INFO c.h.h.t.HelmChartContainer - [hivemq-test-hivemq-platform] [hivemq-platform-operator] [688b8613] 21:21:55.317 [pool-6-thread-36] DEBUG c.h.p.o.d.PodServiceAccountResource - [helmmoni] Desired PodServiceAccountResource (serviceAccountName: hivemq-platform-pod-test-hivemq-platform)
2025-01-28 21:21:55,322 INFO c.h.h.t.HelmChartContainer - [hivemq-test-hivemq-platform] [hivemq-platform-operator] [688b8613] 21:21:55.321 [pool-6-thread-35] DEBUG c.h.p.o.d.StatefulSetResource - [helmmoni] Desired StatefulSet (2 replicas) for status STARTING (READY)
2025-01-28 21:21:55,331 INFO c.h.h.t.HelmChartContainer - [hivemq-test-hivemq-platform] [hivemq-platform-operator] [688b8613] 21:21:55.328 [ReconcilerExecutor-hivemq-controller-111] INFO  c.h.p.o.HiveMQPlatformReconciler - [helmmoni] Reconciling HiveMQ Platform 'test-hivemq-platform' in namespace 'helmmonitoringplatformit'
2025-01-28 21:21:55,331 INFO c.h.h.t.HelmChartContainer - [hivemq-test-hivemq-platform] [hivemq-platform-operator] [688b8613] 21:21:55.328 [ReconcilerExecutor-hivemq-controller-111] DEBUG c.h.p.o.HiveMQPlatformReconciler - [helmmoni] Custom Resource Status STARTING - HiveMQ Platform is starting (READY)
2025-01-28 21:21:55,331 INFO c.h.h.t.HelmChartContainer - [hivemq-test-hivemq-platform] [hivemq-platform-operator] [688b8613] 21:21:55.328 [ReconcilerExecutor-hivemq-controller-111] DEBUG c.h.p.o.HiveMQPlatformReconciler - [helmmoni] Custom Resource Spec (replicas: 2) (extensions: 1)
2025-01-28 21:21:55,332 INFO c.h.h.t.HelmChartContainer - [hivemq-test-hivemq-platform] [hivemq-platform-operator] [688b8613] 21:21:55.330 [ReconcilerExecutor-hivemq-controller-111] DEBUG c.h.p.o.HiveMQPlatformReconciler - [helmmoni] StatefulSet Status (revision: test-hivemq-platform-64db946475, replicas: 1, available: 0, ready: 0, current: 1, updated: 1)
2025-01-28 21:21:55,332 INFO c.h.h.t.HelmChartContainer - [hivemq-test-hivemq-platform] [hivemq-platform-operator] [688b8613] 21:21:55.330 [ReconcilerExecutor-hivemq-controller-111] DEBUG c.h.p.o.HiveMQPlatformReconciler - [helmmoni] StatefulSet Spec (replicas: 2, init containers: 1, containers: 1, volumes: 3)
2025-01-28 21:21:55,333 INFO c.h.h.t.HelmChartContainer - [hivemq-test-hivemq-platform] [hivemq-platform-operator] [688b8613] 21:21:55.332 [ReconcilerExecutor-hivemq-controller-111] DEBUG c.h.p.o.h.HiveMQPlatformReconcilerErrorHandler - [helmmoni] Pod 'test-hivemq-platform-0' phase Running
2025-01-28 21:21:55,335 INFO c.h.h.t.HelmChartContainer - [hivemq-test-hivemq-platform] [hivemq-platform-operator] [688b8613] 21:21:55.334 [ReconcilerExecutor-hivemq-controller-111] INFO  c.h.p.o.h.HiveMQPlatformReconcilerBaseHandler - [helmmoni] HiveMQ Platform is starting, 0 of 2 replicas are ready
2025-01-28 21:21:56,187 INFO c.h.h.t.HelmChartContainer - [EVENT] Warning [Unhealthy] Readiness probe failed: Get "http://10.42.0.17:7979/readiness": context deadline exceeded (Client.Timeout exceeded while awaiting headers) [helmmonitoringplatformit:test-hivemq-platform-0]
2025-01-28 21:21:56,187 INFO c.h.h.t.HelmChartContainer - Received Unhealthy event for container hivemq in pod test-hivemq-platform-0 [f72bcaa8-9574-4837-97d5-6abec57a6997]
2025-01-28 21:21:56,424 INFO c.h.h.t.HelmChartContainer - [test-hivemq-platform] [hivemq] [f72bcaa8] INFO  - Started Jetty Server exposing Prometheus Servlet on URI http://0.0.0.0:9399/
2025-01-28 21:21:56,425 INFO c.h.h.t.HelmChartContainer - [test-hivemq-platform] [hivemq] [f72bcaa8] INFO  - Extension "Prometheus Monitoring Extension" version 4.0.12 started successfully.
2025-01-28 21:21:56,426 INFO c.h.h.t.HelmChartContainer - [test-hivemq-platform] [hivemq] [f72bcaa8] INFO  - Starting extension with id "hivemq-allow-all-extension" at /opt/hivemq/extensions/hivemq-allow-all-extension
2025-01-28 21:21:56,426 INFO c.h.h.t.HelmChartContainer - [test-hivemq-platform] [hivemq] [f72bcaa8] WARN  - 
2025-01-28 21:21:56,426 INFO c.h.h.t.HelmChartContainer - [test-hivemq-platform] [hivemq] [f72bcaa8] ################################################################################################################
2025-01-28 21:21:56,426 INFO c.h.h.t.HelmChartContainer - [test-hivemq-platform] [hivemq] [f72bcaa8] # This HiveMQ deployment is not secure! You are lacking Authentication and Authorization.                      #
2025-01-28 21:21:56,426 INFO c.h.h.t.HelmChartContainer - [test-hivemq-platform] [hivemq] [f72bcaa8] # Right now any MQTT client can connect to the broker with a full set of permissions.                          #
2025-01-28 21:21:56,426 INFO c.h.h.t.HelmChartContainer - [test-hivemq-platform] [hivemq] [f72bcaa8] # For production usage, add an appropriate security extension and remove the hivemq-allow-all extension.       #
2025-01-28 21:21:56,426 INFO c.h.h.t.HelmChartContainer - [test-hivemq-platform] [hivemq] [f72bcaa8] # You can download security extensions from the HiveMQ Marketplace (https://www.hivemq.com/extensions/).       #
2025-01-28 21:21:56,426 INFO c.h.h.t.HelmChartContainer - [test-hivemq-platform] [hivemq] [f72bcaa8] ################################################################################################################
2025-01-28 21:21:56,426 INFO c.h.h.t.HelmChartContainer - [test-hivemq-platform] [hivemq] [f72bcaa8] INFO  - Extension "Allow All Extension" version 1.1.1 started successfully.
2025-01-28 21:21:56,436 INFO c.h.h.t.HelmChartContainer - [test-hivemq-platform] [hivemq] [f72bcaa8] INFO  - [HiveMQ Platform Operator Init App 1.7.0-SNAPSHOT] Returning Health API response 503 for readiness
2025-01-28 21:21:58,230 INFO c.h.h.t.HelmChartContainer - [test-hivemq-platform] [hivemq] [f72bcaa8] INFO  - dzmPn: no members discovered after 2894 ms: creating cluster as first member
2025-01-28 21:21:58,237 INFO c.h.h.t.HelmChartContainer - [test-hivemq-platform] [hivemq] [f72bcaa8] INFO  - Cluster nodes found by discovery: [dzmPn|0] (1) [dzmPn].
2025-01-28 21:21:58,328 INFO c.h.h.t.HelmChartContainer - [test-hivemq-platform] [hivemq] [f72bcaa8] WARN  - No user for HiveMQ Control Center configured. Starting with default user
2025-01-28 21:21:58,328 INFO c.h.h.t.HelmChartContainer - [test-hivemq-platform] [hivemq] [f72bcaa8] INFO  - Starting HiveMQ Control Center on address 0.0.0.0 and port 8080
2025-01-28 21:21:58,331 INFO c.h.h.t.HelmChartContainer - [test-hivemq-platform] [hivemq] [f72bcaa8] INFO  - Mounting HiveMQ Control Center V2 Preview
2025-01-28 21:21:59,034 INFO c.h.h.t.HelmChartContainer - [test-hivemq-platform] [hivemq] [f72bcaa8] INFO  - Started HiveMQ Control Center in 707ms
2025-01-28 21:21:59,132 INFO c.h.h.t.HelmChartContainer - [test-hivemq-platform] [hivemq] [f72bcaa8] INFO  - Starting TCP listener on address 0.0.0.0 and port 1883
2025-01-28 21:21:59,224 INFO c.h.h.t.HelmChartContainer - [test-hivemq-platform] [hivemq] [f72bcaa8] INFO  - Started TCP Listener on address 0.0.0.0 and on port 1883.
2025-01-28 21:21:59,224 INFO c.h.h.t.HelmChartContainer - [test-hivemq-platform] [hivemq] [f72bcaa8] INFO  - Started HiveMQ in 32390ms
2025-01-28 21:22:00,148 INFO c.h.h.t.HelmChartContainer - [test-hivemq-platform] [hivemq] [f72bcaa8] INFO  - [HiveMQ Platform Operator Init App 1.7.0-SNAPSHOT] Returning Health API response 200 for readiness
2025-01-28 21:22:00,161 INFO c.h.h.t.HelmChartContainer - [POD] test-hivemq-platform-0 [f72bcaa8-9574-4837-97d5-6abec57a6997] in helmmonitoringplatformit was MODIFIED
2025-01-28 21:22:00,176 INFO c.h.h.t.HelmChartContainer - [hivemq-test-hivemq-platform] [hivemq-platform-operator] [688b8613] 21:22:00.167 [pool-6-thread-47] DEBUG c.h.p.o.d.PlatformServiceResource - [helmmoni] Desired Platform services (3 services)
2025-01-28 21:22:00,178 INFO c.h.h.t.HelmChartContainer - [hivemq-test-hivemq-platform] [hivemq-platform-operator] [688b8613] 21:22:00.169 [pool-6-thread-42] DEBUG c.h.p.o.dependants.PodInfoConfigMap - [helmmoni] Desired PodInfo ConfigMap (1 extensions) (1 enabled)
2025-01-28 21:22:00,178 INFO c.h.h.t.HelmChartContainer - [hivemq-test-hivemq-platform] [hivemq-platform-operator] [688b8613] 21:22:00.171 [pool-6-thread-42] DEBUG c.h.p.o.dependants.PodInfoConfigMap - [helmmoni] Desired PodInfo ConfigMap (metrics port: 9399) (metrics path: /)
2025-01-28 21:22:00,178 INFO c.h.h.t.HelmChartContainer - [hivemq-test-hivemq-platform] [hivemq-platform-operator] [688b8613] 21:22:00.171 [pool-6-thread-42] DEBUG c.h.p.o.dependants.PodInfoConfigMap - [helmmoni] Desired PodInfo ConfigMap (extension state hash: -1817474005)
2025-01-28 21:22:00,178 INFO c.h.h.t.HelmChartContainer - [hivemq-test-hivemq-platform] [hivemq-platform-operator] [688b8613] 21:22:00.172 [pool-6-thread-46] DEBUG c.h.p.o.d.PodServiceAccountResource - [helmmoni] Desired PodServiceAccountResource (serviceAccountName: hivemq-platform-pod-test-hivemq-platform)
2025-01-28 21:22:00,182 INFO c.h.h.t.HelmChartContainer - [EVENT] Normal [SuccessfulCreate] create Pod test-hivemq-platform-1 in StatefulSet test-hivemq-platform successful [helmmonitoringplatformit:test-hivemq-platform]
2025-01-28 21:22:00,184 INFO c.h.h.t.HelmChartContainer - [POD] test-hivemq-platform-1 [f75af7bf-8aab-4224-b592-94f116fde5cb] in helmmonitoringplatformit was ADDED
2025-01-28 21:22:00,186 INFO c.h.h.t.HelmChartContainer - [K3S] [endpointslice_controller.go:344] "Error syncing endpoint slices for service, retrying" key="helmmonitoringplatformit/hivemq-test-hivemq-platform-metrics-9399" err="EndpointSlice informer cache is out of date"
2025-01-28 21:22:00,186 INFO c.h.h.t.HelmChartContainer - [K3S] [endpointslice_controller.go:344] "Error syncing endpoint slices for service, retrying" key="helmmonitoringplatformit/hivemq-test-hivemq-platform-cc-8080" err="EndpointSlice informer cache is out of date"
2025-01-28 21:22:00,197 INFO c.h.h.t.HelmChartContainer - [POD] test-hivemq-platform-1 [f75af7bf-8aab-4224-b592-94f116fde5cb] in helmmonitoringplatformit was MODIFIED
2025-01-28 21:22:00,198 INFO c.h.h.t.HelmChartContainer - [hivemq-test-hivemq-platform] [hivemq-platform-operator] [688b8613] 21:22:00.187 [pool-6-thread-42] DEBUG c.h.p.o.d.StatefulSetResource - [helmmoni] Desired StatefulSet (2 replicas) for status STARTING (READY)
2025-01-28 21:22:00,207 INFO c.h.h.t.HelmChartContainer - [EVENT] Normal [Scheduled] Successfully assigned helmmonitoringplatformit/test-hivemq-platform-1 to d1dd1cbcc0a3 [helmmonitoringplatformit:test-hivemq-platform-1]
2025-01-28 21:22:00,218 INFO c.h.h.t.HelmChartContainer - [POD] test-hivemq-platform-1 [f75af7bf-8aab-4224-b592-94f116fde5cb] in helmmonitoringplatformit was MODIFIED
2025-01-28 21:22:00,272 INFO c.h.h.t.HelmChartContainer - [hivemq-test-hivemq-platform] [hivemq-platform-operator] [688b8613] 21:22:00.269 [ReconcilerExecutor-hivemq-controller-112] INFO  c.h.p.o.HiveMQPlatformReconciler - [helmmoni] Reconciling HiveMQ Platform 'test-hivemq-platform' in namespace 'helmmonitoringplatformit'
2025-01-28 21:22:00,272 INFO c.h.h.t.HelmChartContainer - [hivemq-test-hivemq-platform] [hivemq-platform-operator] [688b8613] 21:22:00.269 [ReconcilerExecutor-hivemq-controller-112] DEBUG c.h.p.o.HiveMQPlatformReconciler - [helmmoni] Custom Resource Status STARTING - HiveMQ Platform is starting (READY)
2025-01-28 21:22:00,272 INFO c.h.h.t.HelmChartContainer - [hivemq-test-hivemq-platform] [hivemq-platform-operator] [688b8613] 21:22:00.269 [ReconcilerExecutor-hivemq-controller-112] DEBUG c.h.p.o.HiveMQPlatformReconciler - [helmmoni] Custom Resource Spec (replicas: 2) (extensions: 1)
2025-01-28 21:22:00,272 INFO c.h.h.t.HelmChartContainer - [hivemq-test-hivemq-platform] [hivemq-platform-operator] [688b8613] 21:22:00.271 [ReconcilerExecutor-hivemq-controller-112] DEBUG c.h.p.o.HiveMQPlatformReconciler - [helmmoni] StatefulSet Status (revision: test-hivemq-platform-64db946475, replicas: 2, available: 1, ready: 1, current: 2, updated: 2)
2025-01-28 21:22:00,272 INFO c.h.h.t.HelmChartContainer - [hivemq-test-hivemq-platform] [hivemq-platform-operator] [688b8613] 21:22:00.271 [ReconcilerExecutor-hivemq-controller-112] DEBUG c.h.p.o.HiveMQPlatformReconciler - [helmmoni] StatefulSet Spec (replicas: 2, init containers: 1, containers: 1, volumes: 3)
2025-01-28 21:22:00,280 INFO c.h.h.t.HelmChartContainer - [K3S] [reconciler_common.go:251] "operationExecutor.VerifyControllerAttachedVolume started for volume \"kube-api-access-kkbw2\" (UniqueName: \"kubernetes.io/projected/f75af7bf-8aab-4224-b592-94f116fde5cb-kube-api-access-kkbw2\") pod \"test-hivemq-platform-1\" (UID: \"f75af7bf-8aab-4224-b592-94f116fde5cb\") " pod="helmmonitoringplatformit/test-hivemq-platform-1"
2025-01-28 21:22:00,281 INFO c.h.h.t.HelmChartContainer - [K3S] [reconciler_common.go:251] "operationExecutor.VerifyControllerAttachedVolume started for volume \"broker-configuration\" (UniqueName: \"kubernetes.io/configmap/f75af7bf-8aab-4224-b592-94f116fde5cb-broker-configuration\") pod \"test-hivemq-platform-1\" (UID: \"f75af7bf-8aab-4224-b592-94f116fde5cb\") " pod="helmmonitoringplatformit/test-hivemq-platform-1"
2025-01-28 21:22:00,281 INFO c.h.h.t.HelmChartContainer - [K3S] [reconciler_common.go:251] "operationExecutor.VerifyControllerAttachedVolume started for volume \"operator-init\" (UniqueName: \"kubernetes.io/empty-dir/f75af7bf-8aab-4224-b592-94f116fde5cb-operator-init\") pod \"test-hivemq-platform-1\" (UID: \"f75af7bf-8aab-4224-b592-94f116fde5cb\") " pod="helmmonitoringplatformit/test-hivemq-platform-1"
2025-01-28 21:22:00,281 INFO c.h.h.t.HelmChartContainer - [K3S] [reconciler_common.go:251] "operationExecutor.VerifyControllerAttachedVolume started for volume \"pod-info\" (UniqueName: \"kubernetes.io/configmap/f75af7bf-8aab-4224-b592-94f116fde5cb-pod-info\") pod \"test-hivemq-platform-1\" (UID: \"f75af7bf-8aab-4224-b592-94f116fde5cb\") " pod="helmmonitoringplatformit/test-hivemq-platform-1"
2025-01-28 21:22:00,313 INFO c.h.h.t.HelmChartContainer - [hivemq-test-hivemq-platform] [hivemq-platform-operator] [688b8613] 21:22:00.311 [ReconcilerExecutor-hivemq-controller-112] DEBUG c.h.p.o.h.HiveMQPlatformReconcilerErrorHandler - [helmmoni] Pod 'test-hivemq-platform-1' phase Pending
2025-01-28 21:22:00,313 INFO c.h.h.t.HelmChartContainer - [hivemq-test-hivemq-platform] [hivemq-platform-operator] [688b8613] 21:22:00.311 [ReconcilerExecutor-hivemq-controller-112] DEBUG c.h.p.o.h.HiveMQPlatformReconcilerErrorHandler - [helmmoni] Pod 'test-hivemq-platform-1' condition 'PodReadyToStartContainers': False
2025-01-28 21:22:00,313 INFO c.h.h.t.HelmChartContainer - [hivemq-test-hivemq-platform] [hivemq-platform-operator] [688b8613] 21:22:00.311 [ReconcilerExecutor-hivemq-controller-112] DEBUG c.h.p.o.h.HiveMQPlatformReconcilerErrorHandler - [helmmoni] Pod 'test-hivemq-platform-1' condition 'Initialized': False
2025-01-28 21:22:00,313 INFO c.h.h.t.HelmChartContainer - [hivemq-test-hivemq-platform] [hivemq-platform-operator] [688b8613] 21:22:00.311 [ReconcilerExecutor-hivemq-controller-112] DEBUG c.h.p.o.h.HiveMQPlatformReconcilerErrorHandler - [helmmoni] Pod 'test-hivemq-platform-1' condition 'Ready': False
2025-01-28 21:22:00,313 INFO c.h.h.t.HelmChartContainer - [hivemq-test-hivemq-platform] [hivemq-platform-operator] [688b8613] 21:22:00.311 [ReconcilerExecutor-hivemq-controller-112] DEBUG c.h.p.o.h.HiveMQPlatformReconcilerErrorHandler - [helmmoni] Pod 'test-hivemq-platform-1' condition 'ContainersReady': False
2025-01-28 21:22:00,313 INFO c.h.h.t.HelmChartContainer - [hivemq-test-hivemq-platform] [hivemq-platform-operator] [688b8613] 21:22:00.311 [ReconcilerExecutor-hivemq-controller-112] DEBUG c.h.p.o.h.HiveMQPlatformReconcilerErrorHandler - [helmmoni] Pod 'test-hivemq-platform-1' condition 'PodScheduled': True
2025-01-28 21:22:00,313 INFO c.h.h.t.HelmChartContainer - [hivemq-test-hivemq-platform] [hivemq-platform-operator] [688b8613] 21:22:00.311 [ReconcilerExecutor-hivemq-controller-112] DEBUG c.h.p.o.h.HiveMQPlatformReconcilerErrorHandler - [helmmoni] Pod 'test-hivemq-platform-1' containerStatus 'hivemq' (started: false) (ready: false) (waiting: [PodInitializing] null)
2025-01-28 21:22:00,314 INFO c.h.h.t.HelmChartContainer - [hivemq-test-hivemq-platform] [hivemq-platform-operator] [688b8613] 21:22:00.313 [ReconcilerExecutor-hivemq-controller-112] DEBUG c.h.p.o.h.HiveMQPlatformReconcilerErrorHandler - [helmmoni] Pod 'test-hivemq-platform-0' phase Running
2025-01-28 21:22:00,315 INFO c.h.h.t.HelmChartContainer - [hivemq-test-hivemq-platform] [hivemq-platform-operator] [688b8613] 21:22:00.314 [ReconcilerExecutor-hivemq-controller-112] INFO  c.h.p.o.h.HiveMQPlatformReconcilerBaseHandler - [helmmoni] HiveMQ Platform is starting, 1 of 2 replicas are ready
2025-01-28 21:22:00,362 INFO c.h.h.t.HelmChartContainer - [hivemq-test-hivemq-platform] [hivemq-platform-operator] [688b8613] 21:22:00.360 [pool-6-thread-4] DEBUG c.h.p.o.d.PlatformServiceResource - [helmmoni] Desired Platform services (3 services)
2025-01-28 21:22:00,363 INFO c.h.h.t.HelmChartContainer - [hivemq-test-hivemq-platform] [hivemq-platform-operator] [688b8613] 21:22:00.361 [pool-6-thread-3] DEBUG c.h.p.o.dependants.PodInfoConfigMap - [helmmoni] Desired PodInfo ConfigMap (1 extensions) (1 enabled)
2025-01-28 21:22:00,363 INFO c.h.h.t.HelmChartContainer - [hivemq-test-hivemq-platform] [hivemq-platform-operator] [688b8613] 21:22:00.361 [pool-6-thread-3] DEBUG c.h.p.o.dependants.PodInfoConfigMap - [helmmoni] Desired PodInfo ConfigMap (metrics port: 9399) (metrics path: /)
2025-01-28 21:22:00,363 INFO c.h.h.t.HelmChartContainer - [hivemq-test-hivemq-platform] [hivemq-platform-operator] [688b8613] 21:22:00.361 [pool-6-thread-3] DEBUG c.h.p.o.dependants.PodInfoConfigMap - [helmmoni] Desired PodInfo ConfigMap (extension state hash: -1817474005)
2025-01-28 21:22:00,363 INFO c.h.h.t.HelmChartContainer - [hivemq-test-hivemq-platform] [hivemq-platform-operator] [688b8613] 21:22:00.362 [pool-6-thread-2] DEBUG c.h.p.o.d.PodServiceAccountResource - [helmmoni] Desired PodServiceAccountResource (serviceAccountName: hivemq-platform-pod-test-hivemq-platform)
2025-01-28 21:22:00,367 INFO c.h.h.t.HelmChartContainer - [hivemq-test-hivemq-platform] [hivemq-platform-operator] [688b8613] 21:22:00.366 [pool-6-thread-4] DEBUG c.h.p.o.d.StatefulSetResource - [helmmoni] Desired StatefulSet (2 replicas) for status STARTING (READY)
2025-01-28 21:22:00,371 INFO c.h.h.t.HelmChartContainer - [hivemq-test-hivemq-platform] [hivemq-platform-operator] [688b8613] 21:22:00.370 [ReconcilerExecutor-hivemq-controller-114] INFO  c.h.p.o.HiveMQPlatformReconciler - [helmmoni] Reconciling HiveMQ Platform 'test-hivemq-platform' in namespace 'helmmonitoringplatformit'
2025-01-28 21:22:00,371 INFO c.h.h.t.HelmChartContainer - [hivemq-test-hivemq-platform] [hivemq-platform-operator] [688b8613] 21:22:00.370 [ReconcilerExecutor-hivemq-controller-114] DEBUG c.h.p.o.HiveMQPlatformReconciler - [helmmoni] Custom Resource Status STARTING - HiveMQ Platform is starting (READY)
2025-01-28 21:22:00,373 INFO c.h.h.t.HelmChartContainer - [hivemq-test-hivemq-platform] [hivemq-platform-operator] [688b8613] 21:22:00.370 [ReconcilerExecutor-hivemq-controller-114] DEBUG c.h.p.o.HiveMQPlatformReconciler - [helmmoni] Custom Resource Spec (replicas: 2) (extensions: 1)
2025-01-28 21:22:00,373 INFO c.h.h.t.HelmChartContainer - [hivemq-test-hivemq-platform] [hivemq-platform-operator] [688b8613] 21:22:00.372 [ReconcilerExecutor-hivemq-controller-114] DEBUG c.h.p.o.HiveMQPlatformReconciler - [helmmoni] StatefulSet Status (revision: test-hivemq-platform-64db946475, replicas: 2, available: 1, ready: 1, current: 2, updated: 2)
2025-01-28 21:22:00,373 INFO c.h.h.t.HelmChartContainer - [hivemq-test-hivemq-platform] [hivemq-platform-operator] [688b8613] 21:22:00.372 [ReconcilerExecutor-hivemq-controller-114] DEBUG c.h.p.o.HiveMQPlatformReconciler - [helmmoni] StatefulSet Spec (replicas: 2, init containers: 1, containers: 1, volumes: 3)
2025-01-28 21:22:00,412 INFO c.h.h.t.HelmChartContainer - [hivemq-test-hivemq-platform] [hivemq-platform-operator] [688b8613] 21:22:00.411 [ReconcilerExecutor-hivemq-controller-114] DEBUG c.h.p.o.h.HiveMQPlatformReconcilerErrorHandler - [helmmoni] Pod 'test-hivemq-platform-1' phase Pending
2025-01-28 21:22:00,413 INFO c.h.h.t.HelmChartContainer - [hivemq-test-hivemq-platform] [hivemq-platform-operator] [688b8613] 21:22:00.411 [ReconcilerExecutor-hivemq-controller-114] DEBUG c.h.p.o.h.HiveMQPlatformReconcilerErrorHandler - [helmmoni] Pod 'test-hivemq-platform-1' condition 'PodReadyToStartContainers': False
2025-01-28 21:22:00,413 INFO c.h.h.t.HelmChartContainer - [hivemq-test-hivemq-platform] [hivemq-platform-operator] [688b8613] 21:22:00.411 [ReconcilerExecutor-hivemq-controller-114] DEBUG c.h.p.o.h.HiveMQPlatformReconcilerErrorHandler - [helmmoni] Pod 'test-hivemq-platform-1' condition 'Initialized': False
2025-01-28 21:22:00,413 INFO c.h.h.t.HelmChartContainer - [hivemq-test-hivemq-platform] [hivemq-platform-operator] [688b8613] 21:22:00.411 [ReconcilerExecutor-hivemq-controller-114] DEBUG c.h.p.o.h.HiveMQPlatformReconcilerErrorHandler - [helmmoni] Pod 'test-hivemq-platform-1' condition 'Ready': False
2025-01-28 21:22:00,413 INFO c.h.h.t.HelmChartContainer - [hivemq-test-hivemq-platform] [hivemq-platform-operator] [688b8613] 21:22:00.411 [ReconcilerExecutor-hivemq-controller-114] DEBUG c.h.p.o.h.HiveMQPlatformReconcilerErrorHandler - [helmmoni] Pod 'test-hivemq-platform-1' condition 'ContainersReady': False
2025-01-28 21:22:00,413 INFO c.h.h.t.HelmChartContainer - [hivemq-test-hivemq-platform] [hivemq-platform-operator] [688b8613] 21:22:00.411 [ReconcilerExecutor-hivemq-controller-114] DEBUG c.h.p.o.h.HiveMQPlatformReconcilerErrorHandler - [helmmoni] Pod 'test-hivemq-platform-1' condition 'PodScheduled': True
2025-01-28 21:22:00,413 INFO c.h.h.t.HelmChartContainer - [hivemq-test-hivemq-platform] [hivemq-platform-operator] [688b8613] 21:22:00.411 [ReconcilerExecutor-hivemq-controller-114] DEBUG c.h.p.o.h.HiveMQPlatformReconcilerErrorHandler - [helmmoni] Pod 'test-hivemq-platform-1' containerStatus 'hivemq' (started: false) (ready: false) (waiting: [PodInitializing] null)
2025-01-28 21:22:00,460 INFO c.h.h.t.HelmChartContainer - [hivemq-test-hivemq-platform] [hivemq-platform-operator] [688b8613] 21:22:00.459 [ReconcilerExecutor-hivemq-controller-114] DEBUG c.h.p.o.h.HiveMQPlatformReconcilerErrorHandler - [helmmoni] Pod 'test-hivemq-platform-0' phase Running
2025-01-28 21:22:00,461 INFO c.h.h.t.HelmChartContainer - [hivemq-test-hivemq-platform] [hivemq-platform-operator] [688b8613] 21:22:00.460 [ReconcilerExecutor-hivemq-controller-114] INFO  c.h.p.o.h.HiveMQPlatformReconcilerBaseHandler - [helmmoni] HiveMQ Platform is starting, 1 of 2 replicas are ready
2025-01-28 21:22:00,591 INFO c.h.h.t.HelmChartContainer - [EVENT] Normal [Pulled] Container image "docker.io/hivemq/hivemq-platform-operator-init-test:snapshot" already present on machine [helmmonitoringplatformit:test-hivemq-platform-1]
2025-01-28 21:22:00,597 INFO c.h.h.t.HelmChartContainer - [EVENT] Normal [Created] Created container: hivemq-platform-operator-init [helmmonitoringplatformit:test-hivemq-platform-1]
2025-01-28 21:22:00,638 INFO c.h.h.t.HelmChartContainer - [EVENT] Normal [Started] Started container hivemq-platform-operator-init [helmmonitoringplatformit:test-hivemq-platform-1]
2025-01-28 21:22:00,995 INFO c.h.h.t.HelmChartContainer - [EVENT] Normal [Pulled] Container image "docker.io/hivemq/hivemq4:4.36.0" already present on machine [helmmonitoringplatformit:test-hivemq-platform-1]
2025-01-28 21:22:00,995 INFO c.h.h.t.HelmChartContainer - Received Pulled event for container hivemq in pod test-hivemq-platform-1 [f75af7bf-8aab-4224-b592-94f116fde5cb]
2025-01-28 21:22:01,001 INFO c.h.h.t.HelmChartContainer - [POD] test-hivemq-platform-1 [f75af7bf-8aab-4224-b592-94f116fde5cb] in helmmonitoringplatformit was MODIFIED
2025-01-28 21:22:01,014 INFO c.h.h.t.HelmChartContainer - [hivemq-test-hivemq-platform] [hivemq-platform-operator] [688b8613] 21:22:01.009 [pool-6-thread-19] DEBUG c.h.p.o.d.PlatformServiceResource - [helmmoni] Desired Platform services (3 services)
2025-01-28 21:22:01,028 INFO c.h.h.t.HelmChartContainer - [hivemq-test-hivemq-platform] [hivemq-platform-operator] [688b8613] 21:22:01.018 [pool-6-thread-15] DEBUG c.h.p.o.dependants.PodInfoConfigMap - [helmmoni] Desired PodInfo ConfigMap (1 extensions) (1 enabled)
2025-01-28 21:22:01,028 INFO c.h.h.t.HelmChartContainer - [hivemq-test-hivemq-platform] [hivemq-platform-operator] [688b8613] 21:22:01.019 [pool-6-thread-15] DEBUG c.h.p.o.dependants.PodInfoConfigMap - [helmmoni] Desired PodInfo ConfigMap (metrics port: 9399) (metrics path: /)
2025-01-28 21:22:01,028 INFO c.h.h.t.HelmChartContainer - [hivemq-test-hivemq-platform] [hivemq-platform-operator] [688b8613] 21:22:01.019 [pool-6-thread-15] DEBUG c.h.p.o.dependants.PodInfoConfigMap - [helmmoni] Desired PodInfo ConfigMap (extension state hash: -1817474005)
2025-01-28 21:22:01,028 INFO c.h.h.t.HelmChartContainer - [hivemq-test-hivemq-platform] [hivemq-platform-operator] [688b8613] 21:22:01.021 [pool-6-thread-13] DEBUG c.h.p.o.d.PodServiceAccountResource - [helmmoni] Desired PodServiceAccountResource (serviceAccountName: hivemq-platform-pod-test-hivemq-platform)
2025-01-28 21:22:01,033 INFO c.h.h.t.HelmChartContainer - [EVENT] Normal [Created] Created container: hivemq [helmmonitoringplatformit:test-hivemq-platform-1]
2025-01-28 21:22:01,033 INFO c.h.h.t.HelmChartContainer - Received Created event for container hivemq in pod test-hivemq-platform-1 [f75af7bf-8aab-4224-b592-94f116fde5cb]
2025-01-28 21:22:01,042 INFO c.h.h.t.HelmChartContainer - [hivemq-test-hivemq-platform] [hivemq-platform-operator] [688b8613] 21:22:01.024 [pool-6-thread-19] DEBUG c.h.p.o.d.StatefulSetResource - [helmmoni] Desired StatefulSet (2 replicas) for status STARTING (READY)
2025-01-28 21:22:01,044 INFO c.h.h.t.HelmChartContainer - [hivemq-test-hivemq-platform] [hivemq-platform-operator] [688b8613] 21:22:01.038 [ReconcilerExecutor-hivemq-controller-115] INFO  c.h.p.o.HiveMQPlatformReconciler - [helmmoni] Reconciling HiveMQ Platform 'test-hivemq-platform' in namespace 'helmmonitoringplatformit'
2025-01-28 21:22:01,045 INFO c.h.h.t.HelmChartContainer - [hivemq-test-hivemq-platform] [hivemq-platform-operator] [688b8613] 21:22:01.039 [ReconcilerExecutor-hivemq-controller-115] DEBUG c.h.p.o.HiveMQPlatformReconciler - [helmmoni] Custom Resource Status STARTING - HiveMQ Platform is starting (READY)
2025-01-28 21:22:01,045 INFO c.h.h.t.HelmChartContainer - [hivemq-test-hivemq-platform] [hivemq-platform-operator] [688b8613] 21:22:01.039 [ReconcilerExecutor-hivemq-controller-115] DEBUG c.h.p.o.HiveMQPlatformReconciler - [helmmoni] Custom Resource Spec (replicas: 2) (extensions: 1)
2025-01-28 21:22:01,045 INFO c.h.h.t.HelmChartContainer - [hivemq-test-hivemq-platform] [hivemq-platform-operator] [688b8613] 21:22:01.040 [ReconcilerExecutor-hivemq-controller-115] DEBUG c.h.p.o.HiveMQPlatformReconciler - [helmmoni] StatefulSet Status (revision: test-hivemq-platform-64db946475, replicas: 2, available: 1, ready: 1, current: 2, updated: 2)
2025-01-28 21:22:01,045 INFO c.h.h.t.HelmChartContainer - [hivemq-test-hivemq-platform] [hivemq-platform-operator] [688b8613] 21:22:01.040 [ReconcilerExecutor-hivemq-controller-115] DEBUG c.h.p.o.HiveMQPlatformReconciler - [helmmoni] StatefulSet Spec (replicas: 2, init containers: 1, containers: 1, volumes: 3)
2025-01-28 21:22:01,062 INFO c.h.h.t.HelmChartContainer - [hivemq-test-hivemq-platform] [hivemq-platform-operator] [688b8613] 21:22:01.061 [ReconcilerExecutor-hivemq-controller-115] DEBUG c.h.p.o.h.HiveMQPlatformReconcilerErrorHandler - [helmmoni] Pod 'test-hivemq-platform-1' phase Pending
2025-01-28 21:22:01,063 INFO c.h.h.t.HelmChartContainer - [hivemq-test-hivemq-platform] [hivemq-platform-operator] [688b8613] 21:22:01.062 [ReconcilerExecutor-hivemq-controller-115] DEBUG c.h.p.o.h.HiveMQPlatformReconcilerErrorHandler - [helmmoni] Pod 'test-hivemq-platform-1' condition 'PodReadyToStartContainers': True
2025-01-28 21:22:01,064 INFO c.h.h.t.HelmChartContainer - [hivemq-test-hivemq-platform] [hivemq-platform-operator] [688b8613] 21:22:01.062 [ReconcilerExecutor-hivemq-controller-115] DEBUG c.h.p.o.h.HiveMQPlatformReconcilerErrorHandler - [helmmoni] Pod 'test-hivemq-platform-1' condition 'Initialized': True
2025-01-28 21:22:01,065 INFO c.h.h.t.HelmChartContainer - [hivemq-test-hivemq-platform] [hivemq-platform-operator] [688b8613] 21:22:01.062 [ReconcilerExecutor-hivemq-controller-115] DEBUG c.h.p.o.h.HiveMQPlatformReconcilerErrorHandler - [helmmoni] Pod 'test-hivemq-platform-1' condition 'Ready': False
2025-01-28 21:22:01,065 INFO c.h.h.t.HelmChartContainer - [hivemq-test-hivemq-platform] [hivemq-platform-operator] [688b8613] 21:22:01.062 [ReconcilerExecutor-hivemq-controller-115] DEBUG c.h.p.o.h.HiveMQPlatformReconcilerErrorHandler - [helmmoni] Pod 'test-hivemq-platform-1' condition 'ContainersReady': False
2025-01-28 21:22:01,065 INFO c.h.h.t.HelmChartContainer - [hivemq-test-hivemq-platform] [hivemq-platform-operator] [688b8613] 21:22:01.062 [ReconcilerExecutor-hivemq-controller-115] DEBUG c.h.p.o.h.HiveMQPlatformReconcilerErrorHandler - [helmmoni] Pod 'test-hivemq-platform-1' condition 'PodScheduled': True
2025-01-28 21:22:01,065 INFO c.h.h.t.HelmChartContainer - [hivemq-test-hivemq-platform] [hivemq-platform-operator] [688b8613] 21:22:01.062 [ReconcilerExecutor-hivemq-controller-115] DEBUG c.h.p.o.h.HiveMQPlatformReconcilerErrorHandler - [helmmoni] Pod 'test-hivemq-platform-1' containerStatus 'hivemq' (started: false) (ready: false) (waiting: [PodInitializing] null)
2025-01-28 21:22:01,065 INFO c.h.h.t.HelmChartContainer - [hivemq-test-hivemq-platform] [hivemq-platform-operator] [688b8613] 21:22:01.064 [ReconcilerExecutor-hivemq-controller-115] DEBUG c.h.p.o.h.HiveMQPlatformReconcilerErrorHandler - [helmmoni] Pod 'test-hivemq-platform-0' phase Running
2025-01-28 21:22:01,067 INFO c.h.h.t.HelmChartContainer - [hivemq-test-hivemq-platform] [hivemq-platform-operator] [688b8613] 21:22:01.066 [ReconcilerExecutor-hivemq-controller-115] INFO  c.h.p.o.h.HiveMQPlatformReconcilerBaseHandler - [helmmoni] HiveMQ Platform is starting, 1 of 2 replicas are ready
2025-01-28 21:22:02,005 INFO c.h.h.t.HelmChartContainer - [POD] test-hivemq-platform-1 [f75af7bf-8aab-4224-b592-94f116fde5cb] in helmmonitoringplatformit was MODIFIED
2025-01-28 21:22:02,015 INFO c.h.h.t.HelmChartContainer - [hivemq-test-hivemq-platform] [hivemq-platform-operator] [688b8613] 21:22:02.009 [pool-6-thread-26] DEBUG c.h.p.o.d.PlatformServiceResource - [helmmoni] Desired Platform services (3 services)
2025-01-28 21:22:02,015 INFO c.h.h.t.HelmChartContainer - [hivemq-test-hivemq-platform] [hivemq-platform-operator] [688b8613] 21:22:02.014 [pool-6-thread-29] DEBUG c.h.p.o.d.PodServiceAccountResource - [helmmoni] Desired PodServiceAccountResource (serviceAccountName: hivemq-platform-pod-test-hivemq-platform)
2025-01-28 21:22:02,015 INFO c.h.h.t.HelmChartContainer - [EVENT] Normal [Started] Started container hivemq [helmmonitoringplatformit:test-hivemq-platform-1]
2025-01-28 21:22:02,015 INFO c.h.h.t.HelmChartContainer - Received Started event for container hivemq in pod test-hivemq-platform-1 [f75af7bf-8aab-4224-b592-94f116fde5cb]
2025-01-28 21:22:02,015 INFO c.h.h.t.HelmChartContainer - Started log watcher for hivemq in pod test-hivemq-platform-1 [f75af7bf-8aab-4224-b592-94f116fde5cb]
2025-01-28 21:22:02,016 INFO c.h.h.t.HelmChartContainer - [test-hivemq-platform] [hivemq] [f75af7bf] Adding pre-installed HiveMQ Platform Operator extensions
2025-01-28 21:22:02,016 INFO c.h.h.t.HelmChartContainer - [test-hivemq-platform] [hivemq] [f75af7bf] Running as user 10000
2025-01-28 21:22:02,016 INFO c.h.h.t.HelmChartContainer - [test-hivemq-platform] [hivemq] [f75af7bf] Starting HiveMQ Platform Operator Init
2025-01-28 21:22:02,018 INFO c.h.h.t.HelmChartContainer - [hivemq-test-hivemq-platform] [hivemq-platform-operator] [688b8613] 21:22:02.016 [pool-6-thread-25] DEBUG c.h.p.o.dependants.PodInfoConfigMap - [helmmoni] Desired PodInfo ConfigMap (1 extensions) (1 enabled)
2025-01-28 21:22:02,019 INFO c.h.h.t.HelmChartContainer - [hivemq-test-hivemq-platform] [hivemq-platform-operator] [688b8613] 21:22:02.017 [pool-6-thread-25] DEBUG c.h.p.o.dependants.PodInfoConfigMap - [helmmoni] Desired PodInfo ConfigMap (metrics port: 9399) (metrics path: /)
2025-01-28 21:22:02,019 INFO c.h.h.t.HelmChartContainer - [hivemq-test-hivemq-platform] [hivemq-platform-operator] [688b8613] 21:22:02.018 [pool-6-thread-25] DEBUG c.h.p.o.dependants.PodInfoConfigMap - [helmmoni] Desired PodInfo ConfigMap (extension state hash: -1817474005)
2025-01-28 21:22:02,023 INFO c.h.h.t.HelmChartContainer - [hivemq-test-hivemq-platform] [hivemq-platform-operator] [688b8613] 21:22:02.021 [pool-6-thread-23] DEBUG c.h.p.o.d.StatefulSetResource - [helmmoni] Desired StatefulSet (2 replicas) for status STARTING (READY)
2025-01-28 21:22:02,026 INFO c.h.h.t.HelmChartContainer - [hivemq-test-hivemq-platform] [hivemq-platform-operator] [688b8613] 21:22:02.025 [ReconcilerExecutor-hivemq-controller-116] INFO  c.h.p.o.HiveMQPlatformReconciler - [helmmoni] Reconciling HiveMQ Platform 'test-hivemq-platform' in namespace 'helmmonitoringplatformit'
2025-01-28 21:22:02,027 INFO c.h.h.t.HelmChartContainer - [hivemq-test-hivemq-platform] [hivemq-platform-operator] [688b8613] 21:22:02.025 [ReconcilerExecutor-hivemq-controller-116] DEBUG c.h.p.o.HiveMQPlatformReconciler - [helmmoni] Custom Resource Status STARTING - HiveMQ Platform is starting (READY)
2025-01-28 21:22:02,027 INFO c.h.h.t.HelmChartContainer - [hivemq-test-hivemq-platform] [hivemq-platform-operator] [688b8613] 21:22:02.025 [ReconcilerExecutor-hivemq-controller-116] DEBUG c.h.p.o.HiveMQPlatformReconciler - [helmmoni] Custom Resource Spec (replicas: 2) (extensions: 1)
2025-01-28 21:22:02,066 INFO c.h.h.t.HelmChartContainer - [hivemq-test-hivemq-platform] [hivemq-platform-operator] [688b8613] 21:22:02.061 [ReconcilerExecutor-hivemq-controller-116] DEBUG c.h.p.o.HiveMQPlatformReconciler - [helmmoni] StatefulSet Status (revision: test-hivemq-platform-64db946475, replicas: 2, available: 1, ready: 1, current: 2, updated: 2)
2025-01-28 21:22:02,066 INFO c.h.h.t.HelmChartContainer - [hivemq-test-hivemq-platform] [hivemq-platform-operator] [688b8613] 21:22:02.061 [ReconcilerExecutor-hivemq-controller-116] DEBUG c.h.p.o.HiveMQPlatformReconciler - [helmmoni] StatefulSet Spec (replicas: 2, init containers: 1, containers: 1, volumes: 3)
2025-01-28 21:22:02,066 INFO c.h.h.t.HelmChartContainer - [hivemq-test-hivemq-platform] [hivemq-platform-operator] [688b8613] 21:22:02.062 [ReconcilerExecutor-hivemq-controller-116] DEBUG c.h.p.o.h.HiveMQPlatformReconcilerErrorHandler - [helmmoni] Pod 'test-hivemq-platform-1' phase Running
2025-01-28 21:22:02,068 INFO c.h.h.t.HelmChartContainer - [hivemq-test-hivemq-platform] [hivemq-platform-operator] [688b8613] 21:22:02.067 [ReconcilerExecutor-hivemq-controller-116] DEBUG c.h.p.o.h.HiveMQPlatformReconcilerErrorHandler - [helmmoni] Pod 'test-hivemq-platform-0' phase Running
2025-01-28 21:22:02,069 INFO c.h.h.t.HelmChartContainer - [hivemq-test-hivemq-platform] [hivemq-platform-operator] [688b8613] 21:22:02.068 [ReconcilerExecutor-hivemq-controller-116] INFO  c.h.p.o.h.HiveMQPlatformReconcilerBaseHandler - [helmmoni] HiveMQ Platform is starting, 1 of 2 replicas are ready
2025-01-28 21:22:02,345 INFO c.h.h.t.HelmChartContainer - [test-hivemq-platform] [hivemq] [f75af7bf] INFO  - [HiveMQ Platform Operator Init 1.7.0-SNAPSHOT] HiveMQ Platform Operator Init 1.7.0-SNAPSHOT (commit: bebf408 on branch: HEAD) built on Sun Jan 26 20:47:47 UTC 2025
2025-01-28 21:22:03,450 INFO c.h.h.t.HelmChartContainer - [test-hivemq-platform] [hivemq] [f75af7bf] INFO  - [HiveMQ Platform Operator Init App 1.7.0-SNAPSHOT] Using bind address 10.42.0.18 from environment variable
2025-01-28 21:22:04,372 INFO c.h.h.t.HelmChartContainer - [test-hivemq-platform] [hivemq] [f75af7bf] INFO  - [HiveMQ Platform Operator Init App 1.7.0-SNAPSHOT] HiveMQ Platform Operator Init App 1.7.0-SNAPSHOT (commit: bebf408 on branch: HEAD) built on Sun Jan 26 20:47:47 UTC 2025
2025-01-28 21:22:04,372 INFO c.h.h.t.HelmChartContainer - [test-hivemq-platform] [hivemq] [f75af7bf] INFO  - [HiveMQ Platform Operator Init App 1.7.0-SNAPSHOT] PodInfo ConfigMap directory: /etc/podinfo
2025-01-28 21:22:04,373 INFO c.h.h.t.HelmChartContainer - [test-hivemq-platform] [hivemq] [f75af7bf] INFO  - [HiveMQ Platform Operator Init App 1.7.0-SNAPSHOT] HiveMQ home directory: /opt/hivemq
2025-01-28 21:22:04,373 INFO c.h.h.t.HelmChartContainer - [test-hivemq-platform] [hivemq] [f75af7bf] INFO  - [HiveMQ Platform Operator Init App 1.7.0-SNAPSHOT] HiveMQ Logback folder: /opt/hivemq/conf
2025-01-28 21:22:04,373 INFO c.h.h.t.HelmChartContainer - [test-hivemq-platform] [hivemq] [f75af7bf] INFO  - [HiveMQ Platform Operator Init App 1.7.0-SNAPSHOT] HiveMQ Config folder: /opt/hivemq/conf-k8s
2025-01-28 21:22:04,373 INFO c.h.h.t.HelmChartContainer - [test-hivemq-platform] [hivemq] [f75af7bf] INFO  - [HiveMQ Platform Operator Init App 1.7.0-SNAPSHOT] Starting HiveMQ Platform Operator Init App
2025-01-28 21:22:04,374 INFO c.h.h.t.HelmChartContainer - [test-hivemq-platform] [hivemq] [f75af7bf] INFO  - [HiveMQ Platform Operator Init App 1.7.0-SNAPSHOT] Starting Pod reconciler
2025-01-28 21:22:05,645 INFO c.h.h.t.HelmChartContainer - [test-hivemq-platform] [hivemq] [f75af7bf] INFO  - [HiveMQ Platform Operator Init App 1.7.0-SNAPSHOT] Pod reconciler is scheduled (interval: 5000 ms)
2025-01-28 21:22:05,658 INFO c.h.h.t.HelmChartContainer - [test-hivemq-platform] [hivemq] [f75af7bf] INFO  - [HiveMQ Platform Operator Init App 1.7.0-SNAPSHOT] Starting the REST API on 10.42.0.18:7979
2025-01-28 21:22:05,661 INFO c.h.h.t.HelmChartContainer - [test-hivemq-platform] [hivemq] [f75af7bf] INFO  - [HiveMQ Platform Operator Init App 1.7.0-SNAPSHOT] Waiting up to 600s for at most 2 HiveMQ nodes in cluster service hivemq-test-hivemq-platform-cluster.helmmonitoringplatformit.svc
2025-01-28 21:22:05,961 INFO c.h.h.t.HelmChartContainer - [test-hivemq-platform] [hivemq] [f75af7bf] INFO  - [HiveMQ Platform Operator Init App 1.7.0-SNAPSHOT] Resolved 2 IP addresses: [10.42.0.18, 10.42.0.17]
2025-01-28 21:22:05,961 INFO c.h.h.t.HelmChartContainer - [test-hivemq-platform] [hivemq] [f75af7bf] INFO  - [HiveMQ Platform Operator Init App 1.7.0-SNAPSHOT] HiveMQ node count of 2 is within threshold of 2
2025-01-28 21:22:05,961 INFO c.h.h.t.HelmChartContainer - [test-hivemq-platform] [hivemq] [f75af7bf] INFO  - [HiveMQ Platform Operator Init App 1.7.0-SNAPSHOT] Proceeding with container start
2025-01-28 21:22:06,042 INFO c.h.h.t.HelmChartContainer - [test-hivemq-platform] [hivemq] [f75af7bf] INFO  - [HiveMQ Platform Operator Init App 1.7.0-SNAPSHOT] Initializing HiveMQ Platform extensions with initial configuration: {hivemq-allow-all-extension={start-priority=-1, skip-https-hostname-verification=false, restart=true, config-version=0, header-version=0, c-uri=, priority=-1, uri=preinstalled, skip-https-certificate-validation=false, enabled=true}, hivemq-prometheus-extension={skip-https-certificate-validation=false, uri=preinstalled, request-header-path=no-request-headers, enabled=true, restart=true, priority=-1, start-priority=-1, c-uri=, skip-https-hostname-verification=false}}
2025-01-28 21:22:06,468 INFO c.h.h.t.HelmChartContainer - [test-hivemq-platform] [hivemq] [f75af7bf] INFO  - [HiveMQ Platform Operator Init App 1.7.0-SNAPSHOT] Extension hivemq-allow-all-extension was already enabled
2025-01-28 21:22:06,549 INFO c.h.h.t.HelmChartContainer - [test-hivemq-platform] [hivemq] [f75af7bf] INFO  - [HiveMQ Platform Operator Init App 1.7.0-SNAPSHOT] Successfully enabled extension hivemq-prometheus-extension
2025-01-28 21:22:06,550 INFO c.h.h.t.HelmChartContainer - [test-hivemq-platform] [hivemq] [f75af7bf] INFO  - [HiveMQ Platform Operator Init App 1.7.0-SNAPSHOT] Starting HiveMQ Platform version 4.36.0 (4.36.0)
2025-01-28 21:22:06,550 INFO c.h.h.t.HelmChartContainer - [test-hivemq-platform] [hivemq] [f75af7bf] INFO  - [HiveMQ Platform Operator Init App 1.7.0-SNAPSHOT] Configuring the HiveMQ Platform
2025-01-28 21:22:06,569 INFO c.h.h.t.HelmChartContainer - [test-hivemq-platform] [hivemq] [f75af7bf] INFO  - [HiveMQ Platform Operator Init App 1.7.0-SNAPSHOT] Changed logback.xml file scan period to 20 seconds
2025-01-28 21:22:06,668 INFO c.h.h.t.HelmChartContainer - [test-hivemq-platform] [hivemq] [f75af7bf] INFO  - [HiveMQ Platform Operator Init App 1.7.0-SNAPSHOT] Starting the HiveMQ Platform
2025-01-28 21:22:06,670 INFO c.h.h.t.HelmChartContainer - [test-hivemq-platform] [hivemq] [f75af7bf] -------------------------------------------------------------------------
2025-01-28 21:22:06,671 INFO c.h.h.t.HelmChartContainer - [test-hivemq-platform] [hivemq] [f75af7bf] 
2025-01-28 21:22:06,671 INFO c.h.h.t.HelmChartContainer - [test-hivemq-platform] [hivemq] [f75af7bf]                   _    _  _              __  __   ____
2025-01-28 21:22:06,671 INFO c.h.h.t.HelmChartContainer - [test-hivemq-platform] [hivemq] [f75af7bf]                  | |  | |(_)            |  \/  | / __ \
2025-01-28 21:22:06,672 INFO c.h.h.t.HelmChartContainer - [test-hivemq-platform] [hivemq] [f75af7bf]                  | |__| | _ __   __ ___ | \  / || |  | |
2025-01-28 21:22:06,672 INFO c.h.h.t.HelmChartContainer - [test-hivemq-platform] [hivemq] [f75af7bf]                  |  __  || |\ \ / // _ \| |\/| || |  | |
2025-01-28 21:22:06,672 INFO c.h.h.t.HelmChartContainer - [test-hivemq-platform] [hivemq] [f75af7bf]                  | |  | || | \ V /|  __/| |  | || |__| |
2025-01-28 21:22:06,672 INFO c.h.h.t.HelmChartContainer - [test-hivemq-platform] [hivemq] [f75af7bf]                  |_|  |_||_|  \_/  \___||_|  |_| \___\_\
2025-01-28 21:22:06,672 INFO c.h.h.t.HelmChartContainer - [test-hivemq-platform] [hivemq] [f75af7bf] 
2025-01-28 21:22:06,672 INFO c.h.h.t.HelmChartContainer - [test-hivemq-platform] [hivemq] [f75af7bf] -------------------------------------------------------------------------
2025-01-28 21:22:06,672 INFO c.h.h.t.HelmChartContainer - [test-hivemq-platform] [hivemq] [f75af7bf] 
2025-01-28 21:22:06,672 INFO c.h.h.t.HelmChartContainer - [test-hivemq-platform] [hivemq] [f75af7bf]   HiveMQ Start Script for Linux/Unix v1.14
2025-01-28 21:22:06,672 INFO c.h.h.t.HelmChartContainer - [test-hivemq-platform] [hivemq] [f75af7bf] 
2025-01-28 21:22:06,775 INFO c.h.h.t.HelmChartContainer - [test-hivemq-platform] [hivemq] [f75af7bf] -------------------------------------------------------------------------
2025-01-28 21:22:06,775 INFO c.h.h.t.HelmChartContainer - [test-hivemq-platform] [hivemq] [f75af7bf] 
2025-01-28 21:22:06,775 INFO c.h.h.t.HelmChartContainer - [test-hivemq-platform] [hivemq] [f75af7bf]   HIVEMQ_HOME: /opt/hivemq
2025-01-28 21:22:06,775 INFO c.h.h.t.HelmChartContainer - [test-hivemq-platform] [hivemq] [f75af7bf] 
2025-01-28 21:22:06,775 INFO c.h.h.t.HelmChartContainer - [test-hivemq-platform] [hivemq] [f75af7bf]   JAVA_OPTS: -XX:+UnlockExperimentalVMOptions -XX:InitialRAMPercentage=50 -XX:MaxRAMPercentage=50 -Djava.net.preferIPv4Stack=true --add-opens java.base/java.lang=ALL-UNNAMED --add-opens java.base/java.nio=ALL-UNNAMED --add-opens java.base/sun.nio.ch=ALL-UNNAMED --add-opens jdk.management/com.sun.management.internal=ALL-UNNAMED --add-exports java.base/jdk.internal.misc=ALL-UNNAMED -Djava.security.egd=file:/dev/./urandom -Dcom.sun.management.jmxremote -Dcom.sun.management.jmxremote.port=9010 -Dcom.sun.management.jmxremote.local.only=false -Dcom.sun.management.jmxremote.authenticate=false -Dcom.sun.management.jmxremote.ssl=false -Duser.language=en -Duser.region=US -XX:+CrashOnOutOfMemoryError -XX:+HeapDumpOnOutOfMemoryError
2025-01-28 21:22:06,775 INFO c.h.h.t.HelmChartContainer - [test-hivemq-platform] [hivemq] [f75af7bf] 
2025-01-28 21:22:06,775 INFO c.h.h.t.HelmChartContainer - [test-hivemq-platform] [hivemq] [f75af7bf]   JAVA_VERSION: 21
2025-01-28 21:22:06,775 INFO c.h.h.t.HelmChartContainer - [test-hivemq-platform] [hivemq] [f75af7bf] 
2025-01-28 21:22:06,775 INFO c.h.h.t.HelmChartContainer - [test-hivemq-platform] [hivemq] [f75af7bf] -------------------------------------------------------------------------
2025-01-28 21:22:06,775 INFO c.h.h.t.HelmChartContainer - [test-hivemq-platform] [hivemq] [f75af7bf] 
2025-01-28 21:22:08,071 INFO c.h.h.t.HelmChartContainer - [test-hivemq-platform] [hivemq] [f75af7bf] INFO  - [HiveMQ Platform Operator Init App 1.7.0-SNAPSHOT] Returning default Health API response 503 for readiness
2025-01-28 21:22:08,471 INFO c.h.h.t.HelmChartContainer - [EVENT] Warning [Unhealthy] Readiness probe failed: HTTP probe failed with statuscode: 503 [helmmonitoringplatformit:test-hivemq-platform-1]
2025-01-28 21:22:08,471 INFO c.h.h.t.HelmChartContainer - Received Unhealthy event for container hivemq in pod test-hivemq-platform-1 [f75af7bf-8aab-4224-b592-94f116fde5cb]
2025-01-28 21:22:09,466 INFO c.h.h.t.HelmChartContainer - [test-hivemq-platform] [hivemq] [f75af7bf] INFO  - Starting HiveMQ Enterprise Server
2025-01-28 21:22:09,473 INFO c.h.h.t.HelmChartContainer - [test-hivemq-platform] [hivemq] [f75af7bf] INFO  - HiveMQ version: 4.36.0
2025-01-28 21:22:09,473 INFO c.h.h.t.HelmChartContainer - [test-hivemq-platform] [hivemq] [f75af7bf] INFO  - HiveMQ home directory: /opt/hivemq
2025-01-28 21:22:09,474 INFO c.h.h.t.HelmChartContainer - [test-hivemq-platform] [hivemq] [f75af7bf] INFO  - Log Configuration was overridden by /opt/hivemq/conf/logback.xml
2025-01-28 21:22:10,665 INFO c.h.h.t.HelmChartContainer - [test-hivemq-platform] [hivemq] [f75af7bf] INFO  - Successfully loaded configuration from '/opt/hivemq/conf-k8s/config.xml'.
2025-01-28 21:22:11,261 INFO c.h.h.t.HelmChartContainer - [test-hivemq-platform] [hivemq] [f75af7bf] INFO  - This node's ID is Q1Ki7
2025-01-28 21:22:11,261 INFO c.h.h.t.HelmChartContainer - [test-hivemq-platform] [hivemq] [f75af7bf] INFO  - Clustering is enabled
2025-01-28 21:22:12,074 INFO c.h.h.t.HelmChartContainer - [hivemq-test-hivemq-platform] [hivemq-platform-operator] [688b8613] 21:22:12.071 [pool-6-thread-36] DEBUG c.h.p.o.d.PlatformServiceResource - [helmmoni] Desired Platform services (3 services)
2025-01-28 21:22:12,074 INFO c.h.h.t.HelmChartContainer - [hivemq-test-hivemq-platform] [hivemq-platform-operator] [688b8613] 21:22:12.073 [pool-6-thread-33] DEBUG c.h.p.o.d.PodServiceAccountResource - [helmmoni] Desired PodServiceAccountResource (serviceAccountName: hivemq-platform-pod-test-hivemq-platform)
2025-01-28 21:22:12,076 INFO c.h.h.t.HelmChartContainer - [hivemq-test-hivemq-platform] [hivemq-platform-operator] [688b8613] 21:22:12.075 [pool-6-thread-37] DEBUG c.h.p.o.dependants.PodInfoConfigMap - [helmmoni] Desired PodInfo ConfigMap (1 extensions) (1 enabled)
2025-01-28 21:22:12,078 INFO c.h.h.t.HelmChartContainer - [hivemq-test-hivemq-platform] [hivemq-platform-operator] [688b8613] 21:22:12.075 [pool-6-thread-37] DEBUG c.h.p.o.dependants.PodInfoConfigMap - [helmmoni] Desired PodInfo ConfigMap (metrics port: 9399) (metrics path: /)
2025-01-28 21:22:12,078 INFO c.h.h.t.HelmChartContainer - [hivemq-test-hivemq-platform] [hivemq-platform-operator] [688b8613] 21:22:12.075 [pool-6-thread-37] DEBUG c.h.p.o.dependants.PodInfoConfigMap - [helmmoni] Desired PodInfo ConfigMap (extension state hash: -1817474005)
2025-01-28 21:22:12,079 INFO c.h.h.t.HelmChartContainer - [hivemq-test-hivemq-platform] [hivemq-platform-operator] [688b8613] 21:22:12.078 [pool-6-thread-39] DEBUG c.h.p.o.d.StatefulSetResource - [helmmoni] Desired StatefulSet (2 replicas) for status STARTING (READY)
2025-01-28 21:22:12,089 INFO c.h.h.t.HelmChartContainer - [hivemq-test-hivemq-platform] [hivemq-platform-operator] [688b8613] 21:22:12.088 [ReconcilerExecutor-hivemq-controller-117] INFO  c.h.p.o.HiveMQPlatformReconciler - [helmmoni] Reconciling HiveMQ Platform 'test-hivemq-platform' in namespace 'helmmonitoringplatformit'
2025-01-28 21:22:12,090 INFO c.h.h.t.HelmChartContainer - [hivemq-test-hivemq-platform] [hivemq-platform-operator] [688b8613] 21:22:12.088 [ReconcilerExecutor-hivemq-controller-117] DEBUG c.h.p.o.HiveMQPlatformReconciler - [helmmoni] Custom Resource Status STARTING - HiveMQ Platform is starting (READY)
2025-01-28 21:22:12,090 INFO c.h.h.t.HelmChartContainer - [hivemq-test-hivemq-platform] [hivemq-platform-operator] [688b8613] 21:22:12.088 [ReconcilerExecutor-hivemq-controller-117] DEBUG c.h.p.o.HiveMQPlatformReconciler - [helmmoni] Custom Resource Spec (replicas: 2) (extensions: 1)
2025-01-28 21:22:12,090 INFO c.h.h.t.HelmChartContainer - [hivemq-test-hivemq-platform] [hivemq-platform-operator] [688b8613] 21:22:12.089 [ReconcilerExecutor-hivemq-controller-117] DEBUG c.h.p.o.HiveMQPlatformReconciler - [helmmoni] StatefulSet Status (revision: test-hivemq-platform-64db946475, replicas: 2, available: 1, ready: 1, current: 2, updated: 2)
2025-01-28 21:22:12,090 INFO c.h.h.t.HelmChartContainer - [hivemq-test-hivemq-platform] [hivemq-platform-operator] [688b8613] 21:22:12.089 [ReconcilerExecutor-hivemq-controller-117] DEBUG c.h.p.o.HiveMQPlatformReconciler - [helmmoni] StatefulSet Spec (replicas: 2, init containers: 1, containers: 1, volumes: 3)
2025-01-28 21:22:12,169 INFO c.h.h.t.HelmChartContainer - [hivemq-test-hivemq-platform] [hivemq-platform-operator] [688b8613] 21:22:12.161 [ReconcilerExecutor-hivemq-controller-117] DEBUG c.h.p.o.h.HiveMQPlatformReconcilerErrorHandler - [helmmoni] Pod 'test-hivemq-platform-1' phase Running
2025-01-28 21:22:12,169 INFO c.h.h.t.HelmChartContainer - [hivemq-test-hivemq-platform] [hivemq-platform-operator] [688b8613] 21:22:12.163 [ReconcilerExecutor-hivemq-controller-117] DEBUG c.h.p.o.h.HiveMQPlatformReconcilerErrorHandler - [helmmoni] Pod 'test-hivemq-platform-0' phase Running
2025-01-28 21:22:12,169 INFO c.h.h.t.HelmChartContainer - [hivemq-test-hivemq-platform] [hivemq-platform-operator] [688b8613] 21:22:12.164 [ReconcilerExecutor-hivemq-controller-117] INFO  c.h.p.o.h.HiveMQPlatformReconcilerBaseHandler - [helmmoni] HiveMQ Platform is starting, 1 of 2 replicas are ready
2025-01-28 21:22:13,462 INFO c.h.h.t.HelmChartContainer - [test-hivemq-platform] [hivemq] [f75af7bf] WARN  - [HiveMQ Platform Operator Init App 1.7.0-SNAPSHOT] Cannot connect to Health API for readiness: null
2025-01-28 21:22:13,468 INFO c.h.h.t.HelmChartContainer - [EVENT] Warning [Unhealthy] Readiness probe failed: HTTP probe failed with statuscode: 503 [helmmonitoringplatformit:test-hivemq-platform-1]
2025-01-28 21:22:13,468 INFO c.h.h.t.HelmChartContainer - Received Unhealthy event for container hivemq in pod test-hivemq-platform-1 [f75af7bf-8aab-4224-b592-94f116fde5cb]
2025-01-28 21:22:16,362 INFO c.h.h.t.HelmChartContainer - [test-hivemq-platform] [hivemq] [f72bcaa8] INFO  - [HiveMQ Platform Operator Init App 1.7.0-SNAPSHOT] Returning Health API response 200 for liveness
2025-01-28 21:22:16,862 INFO c.h.h.t.HelmChartContainer - [test-hivemq-platform] [hivemq] [f75af7bf] INFO  - [HiveMQ Platform Operator Init App 1.7.0-SNAPSHOT] Updating Pod HiveMQ Platform Operator Init App version annotation (version: 1.7.0-SNAPSHOT)
2025-01-28 21:22:16,865 INFO c.h.h.t.HelmChartContainer - [test-hivemq-platform] [hivemq] [f75af7bf] Jan 28, 2025 9:22:16 PM io.vertx.core.impl.BlockedThreadChecker
2025-01-28 21:22:16,868 INFO c.h.h.t.HelmChartContainer - [test-hivemq-platform] [hivemq] [f75af7bf] WARNING: Thread Thread[vert.x-eventloop-thread-1,5,main] has been blocked for 2989 ms, time limit is 2000 ms
2025-01-28 21:22:17,381 INFO c.h.h.t.HelmChartContainer - [POD] test-hivemq-platform-1 [f75af7bf-8aab-4224-b592-94f116fde5cb] in helmmonitoringplatformit was MODIFIED
2025-01-28 21:22:17,386 INFO c.h.h.t.HelmChartContainer - [hivemq-test-hivemq-platform] [hivemq-platform-operator] [688b8613] 21:22:17.385 [pool-6-thread-47] DEBUG c.h.p.o.d.PodServiceAccountResource - [helmmoni] Desired PodServiceAccountResource (serviceAccountName: hivemq-platform-pod-test-hivemq-platform)
2025-01-28 21:22:17,388 INFO c.h.h.t.HelmChartContainer - [hivemq-test-hivemq-platform] [hivemq-platform-operator] [688b8613] 21:22:17.386 [pool-6-thread-44] DEBUG c.h.p.o.dependants.PodInfoConfigMap - [helmmoni] Desired PodInfo ConfigMap (1 extensions) (1 enabled)
2025-01-28 21:22:17,388 INFO c.h.h.t.HelmChartContainer - [hivemq-test-hivemq-platform] [hivemq-platform-operator] [688b8613] 21:22:17.386 [pool-6-thread-44] DEBUG c.h.p.o.dependants.PodInfoConfigMap - [helmmoni] Desired PodInfo ConfigMap (metrics port: 9399) (metrics path: /)
2025-01-28 21:22:17,389 INFO c.h.h.t.HelmChartContainer - [hivemq-test-hivemq-platform] [hivemq-platform-operator] [688b8613] 21:22:17.386 [pool-6-thread-44] DEBUG c.h.p.o.dependants.PodInfoConfigMap - [helmmoni] Desired PodInfo ConfigMap (extension state hash: -1817474005)
2025-01-28 21:22:17,389 INFO c.h.h.t.HelmChartContainer - [hivemq-test-hivemq-platform] [hivemq-platform-operator] [688b8613] 21:22:17.386 [pool-6-thread-46] DEBUG c.h.p.o.d.PlatformServiceResource - [helmmoni] Desired Platform services (3 services)
2025-01-28 21:22:17,393 INFO c.h.h.t.HelmChartContainer - [hivemq-test-hivemq-platform] [hivemq-platform-operator] [688b8613] 21:22:17.393 [pool-6-thread-46] DEBUG c.h.p.o.d.StatefulSetResource - [helmmoni] Desired StatefulSet (2 replicas) for status STARTING (READY)
2025-01-28 21:22:17,398 INFO c.h.h.t.HelmChartContainer - [hivemq-test-hivemq-platform] [hivemq-platform-operator] [688b8613] 21:22:17.398 [ReconcilerExecutor-hivemq-controller-118] INFO  c.h.p.o.HiveMQPlatformReconciler - [helmmoni] Reconciling HiveMQ Platform 'test-hivemq-platform' in namespace 'helmmonitoringplatformit'
2025-01-28 21:22:17,399 INFO c.h.h.t.HelmChartContainer - [hivemq-test-hivemq-platform] [hivemq-platform-operator] [688b8613] 21:22:17.398 [ReconcilerExecutor-hivemq-controller-118] DEBUG c.h.p.o.HiveMQPlatformReconciler - [helmmoni] Custom Resource Status STARTING - HiveMQ Platform is starting (READY)
2025-01-28 21:22:17,399 INFO c.h.h.t.HelmChartContainer - [hivemq-test-hivemq-platform] [hivemq-platform-operator] [688b8613] 21:22:17.398 [ReconcilerExecutor-hivemq-controller-118] DEBUG c.h.p.o.HiveMQPlatformReconciler - [helmmoni] Custom Resource Spec (replicas: 2) (extensions: 1)
2025-01-28 21:22:17,401 INFO c.h.h.t.HelmChartContainer - [hivemq-test-hivemq-platform] [hivemq-platform-operator] [688b8613] 21:22:17.399 [ReconcilerExecutor-hivemq-controller-118] DEBUG c.h.p.o.HiveMQPlatformReconciler - [helmmoni] StatefulSet Status (revision: test-hivemq-platform-64db946475, replicas: 2, available: 1, ready: 1, current: 2, updated: 2)
2025-01-28 21:22:17,401 INFO c.h.h.t.HelmChartContainer - [hivemq-test-hivemq-platform] [hivemq-platform-operator] [688b8613] 21:22:17.399 [ReconcilerExecutor-hivemq-controller-118] DEBUG c.h.p.o.HiveMQPlatformReconciler - [helmmoni] StatefulSet Spec (replicas: 2, init containers: 1, containers: 1, volumes: 3)
2025-01-28 21:22:17,401 INFO c.h.h.t.HelmChartContainer - [hivemq-test-hivemq-platform] [hivemq-platform-operator] [688b8613] 21:22:17.400 [ReconcilerExecutor-hivemq-controller-118] DEBUG c.h.p.o.h.HiveMQPlatformReconcilerErrorHandler - [helmmoni] Pod 'test-hivemq-platform-1' phase Running
2025-01-28 21:22:17,403 INFO c.h.h.t.HelmChartContainer - [hivemq-test-hivemq-platform] [hivemq-platform-operator] [688b8613] 21:22:17.402 [ReconcilerExecutor-hivemq-controller-118] DEBUG c.h.p.o.h.HiveMQPlatformReconcilerErrorHandler - [helmmoni] Pod 'test-hivemq-platform-0' phase Running
2025-01-28 21:22:17,461 INFO c.h.h.t.HelmChartContainer - [test-hivemq-platform] [hivemq] [f75af7bf] WARN  - [HiveMQ Platform Operator Init App 1.7.0-SNAPSHOT] Cannot connect to Health API for readiness: null
2025-01-28 21:22:17,463 INFO c.h.h.t.HelmChartContainer - [hivemq-test-hivemq-platform] [hivemq-platform-operator] [688b8613] 21:22:17.461 [ReconcilerExecutor-hivemq-controller-118] INFO  c.h.p.o.h.HiveMQPlatformReconcilerBaseHandler - [helmmoni] HiveMQ Platform is starting, 1 of 2 replicas are ready
2025-01-28 21:22:17,471 INFO c.h.h.t.HelmChartContainer - [EVENT] Warning [Unhealthy] Readiness probe failed: HTTP probe failed with statuscode: 503 [helmmonitoringplatformit:test-hivemq-platform-1]
2025-01-28 21:22:17,471 INFO c.h.h.t.HelmChartContainer - Received Unhealthy event for container hivemq in pod test-hivemq-platform-1 [f75af7bf-8aab-4224-b592-94f116fde5cb]
2025-01-28 21:22:17,473 INFO c.h.h.t.HelmChartContainer - [test-hivemq-platform] [hivemq] [f75af7bf] INFO  - [HiveMQ Platform Operator Init App 1.7.0-SNAPSHOT] Successfully updated Pod HiveMQ Platform Operator Init App version annotation (version: 1.7.0-SNAPSHOT)
2025-01-28 21:22:22,462 INFO c.h.h.t.HelmChartContainer - [test-hivemq-platform] [hivemq] [f75af7bf] WARN  - [HiveMQ Platform Operator Init App 1.7.0-SNAPSHOT] Cannot connect to Health API for readiness: null
2025-01-28 21:22:22,471 INFO c.h.h.t.HelmChartContainer - [EVENT] Warning [Unhealthy] Readiness probe failed: HTTP probe failed with statuscode: 503 [helmmonitoringplatformit:test-hivemq-platform-1]
2025-01-28 21:22:22,471 INFO c.h.h.t.HelmChartContainer - Received Unhealthy event for container hivemq in pod test-hivemq-platform-1 [f75af7bf-8aab-4224-b592-94f116fde5cb]
2025-01-28 21:22:27,461 INFO c.h.h.t.HelmChartContainer - [test-hivemq-platform] [hivemq] [f75af7bf] WARN  - [HiveMQ Platform Operator Init App 1.7.0-SNAPSHOT] Cannot connect to Health API for readiness: null
2025-01-28 21:22:27,467 INFO c.h.h.t.HelmChartContainer - [EVENT] Warning [Unhealthy] Readiness probe failed: HTTP probe failed with statuscode: 503 [helmmonitoringplatformit:test-hivemq-platform-1]
2025-01-28 21:22:27,467 INFO c.h.h.t.HelmChartContainer - Received Unhealthy event for container hivemq in pod test-hivemq-platform-1 [f75af7bf-8aab-4224-b592-94f116fde5cb]
2025-01-28 21:22:27,471 INFO c.h.h.t.HelmChartContainer - [hivemq-test-hivemq-platform] [hivemq-platform-operator] [688b8613] 21:22:27.470 [pool-6-thread-5] DEBUG c.h.p.o.d.PlatformServiceResource - [helmmoni] Desired Platform services (3 services)
2025-01-28 21:22:27,473 INFO c.h.h.t.HelmChartContainer - [hivemq-test-hivemq-platform] [hivemq-platform-operator] [688b8613] 21:22:27.470 [pool-6-thread-3] DEBUG c.h.p.o.d.PodServiceAccountResource - [helmmoni] Desired PodServiceAccountResource (serviceAccountName: hivemq-platform-pod-test-hivemq-platform)
2025-01-28 21:22:27,473 INFO c.h.h.t.HelmChartContainer - [hivemq-test-hivemq-platform] [hivemq-platform-operator] [688b8613] 21:22:27.472 [pool-6-thread-1] DEBUG c.h.p.o.dependants.PodInfoConfigMap - [helmmoni] Desired PodInfo ConfigMap (1 extensions) (1 enabled)
2025-01-28 21:22:27,474 INFO c.h.h.t.HelmChartContainer - [hivemq-test-hivemq-platform] [hivemq-platform-operator] [688b8613] 21:22:27.474 [pool-6-thread-1] DEBUG c.h.p.o.dependants.PodInfoConfigMap - [helmmoni] Desired PodInfo ConfigMap (metrics port: 9399) (metrics path: /)
2025-01-28 21:22:27,475 INFO c.h.h.t.HelmChartContainer - [hivemq-test-hivemq-platform] [hivemq-platform-operator] [688b8613] 21:22:27.475 [pool-6-thread-1] DEBUG c.h.p.o.dependants.PodInfoConfigMap - [helmmoni] Desired PodInfo ConfigMap (extension state hash: -1817474005)
2025-01-28 21:22:27,479 INFO c.h.h.t.HelmChartContainer - [hivemq-test-hivemq-platform] [hivemq-platform-operator] [688b8613] 21:22:27.479 [pool-6-thread-5] DEBUG c.h.p.o.d.StatefulSetResource - [helmmoni] Desired StatefulSet (2 replicas) for status STARTING (READY)
2025-01-28 21:22:27,483 INFO c.h.h.t.HelmChartContainer - [hivemq-test-hivemq-platform] [hivemq-platform-operator] [688b8613] 21:22:27.482 [ReconcilerExecutor-hivemq-controller-119] INFO  c.h.p.o.HiveMQPlatformReconciler - [helmmoni] Reconciling HiveMQ Platform 'test-hivemq-platform' in namespace 'helmmonitoringplatformit'
2025-01-28 21:22:27,483 INFO c.h.h.t.HelmChartContainer - [hivemq-test-hivemq-platform] [hivemq-platform-operator] [688b8613] 21:22:27.482 [ReconcilerExecutor-hivemq-controller-119] DEBUG c.h.p.o.HiveMQPlatformReconciler - [helmmoni] Custom Resource Status STARTING - HiveMQ Platform is starting (READY)
2025-01-28 21:22:27,483 INFO c.h.h.t.HelmChartContainer - [hivemq-test-hivemq-platform] [hivemq-platform-operator] [688b8613] 21:22:27.482 [ReconcilerExecutor-hivemq-controller-119] DEBUG c.h.p.o.HiveMQPlatformReconciler - [helmmoni] Custom Resource Spec (replicas: 2) (extensions: 1)
2025-01-28 21:22:27,484 INFO c.h.h.t.HelmChartContainer - [hivemq-test-hivemq-platform] [hivemq-platform-operator] [688b8613] 21:22:27.483 [ReconcilerExecutor-hivemq-controller-119] DEBUG c.h.p.o.HiveMQPlatformReconciler - [helmmoni] StatefulSet Status (revision: test-hivemq-platform-64db946475, replicas: 2, available: 1, ready: 1, current: 2, updated: 2)
2025-01-28 21:22:27,484 INFO c.h.h.t.HelmChartContainer - [hivemq-test-hivemq-platform] [hivemq-platform-operator] [688b8613] 21:22:27.483 [ReconcilerExecutor-hivemq-controller-119] DEBUG c.h.p.o.HiveMQPlatformReconciler - [helmmoni] StatefulSet Spec (replicas: 2, init containers: 1, containers: 1, volumes: 3)
2025-01-28 21:22:27,486 INFO c.h.h.t.HelmChartContainer - [hivemq-test-hivemq-platform] [hivemq-platform-operator] [688b8613] 21:22:27.486 [ReconcilerExecutor-hivemq-controller-119] DEBUG c.h.p.o.h.HiveMQPlatformReconcilerErrorHandler - [helmmoni] Pod 'test-hivemq-platform-1' phase Running
2025-01-28 21:22:27,488 INFO c.h.h.t.HelmChartContainer - [hivemq-test-hivemq-platform] [hivemq-platform-operator] [688b8613] 21:22:27.487 [ReconcilerExecutor-hivemq-controller-119] DEBUG c.h.p.o.h.HiveMQPlatformReconcilerErrorHandler - [helmmoni] Pod 'test-hivemq-platform-0' phase Running
2025-01-28 21:22:27,489 INFO c.h.h.t.HelmChartContainer - [hivemq-test-hivemq-platform] [hivemq-platform-operator] [688b8613] 21:22:27.488 [ReconcilerExecutor-hivemq-controller-119] INFO  c.h.p.o.h.HiveMQPlatformReconcilerBaseHandler - [helmmoni] HiveMQ Platform is starting, 1 of 2 replicas are ready
2025-01-28 21:22:28,061 INFO c.h.h.t.HelmChartContainer - [test-hivemq-platform] [hivemq] [f75af7bf] INFO  - No valid license file found. Using trial license, restricted to 25 connections.
2025-01-28 21:22:30,563 INFO c.h.h.t.HelmChartContainer - [test-hivemq-platform] [hivemq] [f75af7bf] WARN  - [HiveMQ Platform Operator Init App 1.7.0-SNAPSHOT] Cannot connect to Health API for liveness: null
2025-01-28 21:22:30,563 INFO c.h.h.t.HelmChartContainer - [test-hivemq-platform] [hivemq] [f75af7bf] INFO  - [HiveMQ Platform Operator Init App 1.7.0-SNAPSHOT] Returning default Health API response 200 for liveness
2025-01-28 21:22:30,972 INFO c.h.h.t.HelmChartContainer - [test-hivemq-platform] [hivemq] [f75af7bf] INFO  - No valid license file for Data Hub found. Using free license, restricted to 1 policy.
2025-01-28 21:22:32,078 INFO c.h.h.t.HelmChartContainer - [test-hivemq-platform] [hivemq] [f75af7bf] INFO  - Audit Logger started.
2025-01-28 21:22:32,368 INFO c.h.h.t.HelmChartContainer - [test-hivemq-platform] [hivemq] [f75af7bf] INFO  - This node uses '1' CPU cores.
2025-01-28 21:22:32,373 INFO c.h.h.t.HelmChartContainer - [test-hivemq-platform] [hivemq] [f75af7bf] INFO  - Starting HiveMQ Health API on address 0.0.0.0 and port 8889
2025-01-28 21:22:32,461 INFO c.h.h.t.HelmChartContainer - [test-hivemq-platform] [hivemq] [f75af7bf] WARN  - [HiveMQ Platform Operator Init App 1.7.0-SNAPSHOT] Cannot connect to Health API for readiness: null
2025-01-28 21:22:32,465 INFO c.h.h.t.HelmChartContainer - [EVENT] Warning [Unhealthy] Readiness probe failed: HTTP probe failed with statuscode: 503 [helmmonitoringplatformit:test-hivemq-platform-1]
2025-01-28 21:22:32,465 INFO c.h.h.t.HelmChartContainer - Received Unhealthy event for container hivemq in pod test-hivemq-platform-1 [f75af7bf-8aab-4224-b592-94f116fde5cb]
2025-01-28 21:22:33,173 INFO c.h.h.t.HelmChartContainer - [test-hivemq-platform] [hivemq] [f75af7bf] INFO  - Started HiveMQ Health API in 799ms
2025-01-28 21:22:33,760 INFO c.h.h.t.HelmChartContainer - [test-hivemq-platform] [hivemq] [f75af7bf] INFO  - Starting HiveMQ extension system.
2025-01-28 21:22:34,059 INFO c.h.h.t.HelmChartContainer - [test-hivemq-platform] [hivemq] [f75af7bf] INFO  - Starting extension with id "hivemq-dns-cluster-discovery" at /opt/hivemq/extensions/hivemq-dns-cluster-discovery
2025-01-28 21:22:34,562 INFO c.h.h.t.HelmChartContainer - [test-hivemq-platform] [hivemq] [f75af7bf] INFO  - Using TCP cluster transport on address 10.42.0.18 and port 7000
2025-01-28 21:22:34,567 INFO c.h.h.t.HelmChartContainer - [test-hivemq-platform] [hivemq] [f75af7bf] INFO  - Using extension cluster discovery
2025-01-28 21:22:34,570 INFO c.h.h.t.HelmChartContainer - [test-hivemq-platform] [hivemq] [f75af7bf] INFO  - Extension "DNS Cluster Discovery Extension" version 4.3.2 started successfully.
2025-01-28 21:22:34,572 INFO c.h.h.t.HelmChartContainer - [test-hivemq-platform] [hivemq] [f75af7bf] INFO  - Starting extension with id "hivemq-prometheus-extension" at /opt/hivemq/extensions/hivemq-prometheus-extension
2025-01-28 21:22:35,761 INFO c.h.h.t.HelmChartContainer - [test-hivemq-platform] [hivemq] [f75af7bf] INFO  - Started Jetty Server exposing Prometheus Servlet on URI http://0.0.0.0:9399/
2025-01-28 21:22:35,762 INFO c.h.h.t.HelmChartContainer - [test-hivemq-platform] [hivemq] [f75af7bf] INFO  - Extension "Prometheus Monitoring Extension" version 4.0.12 started successfully.
2025-01-28 21:22:35,762 INFO c.h.h.t.HelmChartContainer - [test-hivemq-platform] [hivemq] [f75af7bf] INFO  - Starting extension with id "hivemq-allow-all-extension" at /opt/hivemq/extensions/hivemq-allow-all-extension
2025-01-28 21:22:35,763 INFO c.h.h.t.HelmChartContainer - [test-hivemq-platform] [hivemq] [f75af7bf] WARN  - 
2025-01-28 21:22:35,763 INFO c.h.h.t.HelmChartContainer - [test-hivemq-platform] [hivemq] [f75af7bf] ################################################################################################################
2025-01-28 21:22:35,763 INFO c.h.h.t.HelmChartContainer - [test-hivemq-platform] [hivemq] [f75af7bf] # This HiveMQ deployment is not secure! You are lacking Authentication and Authorization.                      #
2025-01-28 21:22:35,763 INFO c.h.h.t.HelmChartContainer - [test-hivemq-platform] [hivemq] [f75af7bf] # Right now any MQTT client can connect to the broker with a full set of permissions.                          #
2025-01-28 21:22:35,763 INFO c.h.h.t.HelmChartContainer - [test-hivemq-platform] [hivemq] [f75af7bf] # For production usage, add an appropriate security extension and remove the hivemq-allow-all extension.       #
2025-01-28 21:22:35,763 INFO c.h.h.t.HelmChartContainer - [test-hivemq-platform] [hivemq] [f75af7bf] # You can download security extensions from the HiveMQ Marketplace (https://www.hivemq.com/extensions/).       #
2025-01-28 21:22:35,764 INFO c.h.h.t.HelmChartContainer - [test-hivemq-platform] [hivemq] [f75af7bf] ################################################################################################################
2025-01-28 21:22:35,764 INFO c.h.h.t.HelmChartContainer - [test-hivemq-platform] [hivemq] [f75af7bf] INFO  - Extension "Allow All Extension" version 1.1.1 started successfully.
2025-01-28 21:22:35,825 INFO c.h.h.t.HelmChartContainer - [test-hivemq-platform] [hivemq] [f72bcaa8] INFO  - Cluster nodes found by discovery: [dzmPn|1] (2) [dzmPn, Q1Ki7].
2025-01-28 21:22:35,860 INFO c.h.h.t.HelmChartContainer - [test-hivemq-platform] [hivemq] [f75af7bf] INFO  - Cluster nodes found by discovery: [dzmPn|1] (2) [dzmPn, Q1Ki7].
2025-01-28 21:22:35,964 INFO c.h.h.t.HelmChartContainer - [test-hivemq-platform] [hivemq] [f75af7bf] INFO  - Cluster size = 1, members : [dzmPn].
2025-01-28 21:22:36,340 INFO c.h.h.t.HelmChartContainer - [test-hivemq-platform] [hivemq] [f75af7bf] INFO  - Starting cluster join process. This may take a while. Please do not shut down HiveMQ.
2025-01-28 21:22:36,343 INFO c.h.h.t.HelmChartContainer - [test-hivemq-platform] [hivemq] [f75af7bf] INFO  - Cluster join process is still ongoing. Please do not shut down HiveMQ.
2025-01-28 21:22:37,495 INFO c.h.h.t.HelmChartContainer - [hivemq-test-hivemq-platform] [hivemq-platform-operator] [688b8613] 21:22:37.493 [pool-6-thread-12] DEBUG c.h.p.o.dependants.PodInfoConfigMap - [helmmoni] Desired PodInfo ConfigMap (1 extensions) (1 enabled)
2025-01-28 21:22:37,495 INFO c.h.h.t.HelmChartContainer - [hivemq-test-hivemq-platform] [hivemq-platform-operator] [688b8613] 21:22:37.493 [pool-6-thread-12] DEBUG c.h.p.o.dependants.PodInfoConfigMap - [helmmoni] Desired PodInfo ConfigMap (metrics port: 9399) (metrics path: /)
2025-01-28 21:22:37,495 INFO c.h.h.t.HelmChartContainer - [hivemq-test-hivemq-platform] [hivemq-platform-operator] [688b8613] 21:22:37.493 [pool-6-thread-14] DEBUG c.h.p.o.d.PlatformServiceResource - [helmmoni] Desired Platform services (3 services)
2025-01-28 21:22:37,495 INFO c.h.h.t.HelmChartContainer - [hivemq-test-hivemq-platform] [hivemq-platform-operator] [688b8613] 21:22:37.494 [pool-6-thread-12] DEBUG c.h.p.o.dependants.PodInfoConfigMap - [helmmoni] Desired PodInfo ConfigMap (extension state hash: -1817474005)
2025-01-28 21:22:37,496 INFO c.h.h.t.HelmChartContainer - [hivemq-test-hivemq-platform] [hivemq-platform-operator] [688b8613] 21:22:37.493 [pool-6-thread-15] DEBUG c.h.p.o.d.PodServiceAccountResource - [helmmoni] Desired PodServiceAccountResource (serviceAccountName: hivemq-platform-pod-test-hivemq-platform)
2025-01-28 21:22:37,499 INFO c.h.h.t.HelmChartContainer - [hivemq-test-hivemq-platform] [hivemq-platform-operator] [688b8613] 21:22:37.499 [pool-6-thread-14] DEBUG c.h.p.o.d.StatefulSetResource - [helmmoni] Desired StatefulSet (2 replicas) for status STARTING (READY)
2025-01-28 21:22:37,502 INFO c.h.h.t.HelmChartContainer - [hivemq-test-hivemq-platform] [hivemq-platform-operator] [688b8613] 21:22:37.502 [ReconcilerExecutor-hivemq-controller-120] INFO  c.h.p.o.HiveMQPlatformReconciler - [helmmoni] Reconciling HiveMQ Platform 'test-hivemq-platform' in namespace 'helmmonitoringplatformit'
2025-01-28 21:22:37,503 INFO c.h.h.t.HelmChartContainer - [hivemq-test-hivemq-platform] [hivemq-platform-operator] [688b8613] 21:22:37.502 [ReconcilerExecutor-hivemq-controller-120] DEBUG c.h.p.o.HiveMQPlatformReconciler - [helmmoni] Custom Resource Status STARTING - HiveMQ Platform is starting (READY)
2025-01-28 21:22:37,503 INFO c.h.h.t.HelmChartContainer - [hivemq-test-hivemq-platform] [hivemq-platform-operator] [688b8613] 21:22:37.502 [ReconcilerExecutor-hivemq-controller-120] DEBUG c.h.p.o.HiveMQPlatformReconciler - [helmmoni] Custom Resource Spec (replicas: 2) (extensions: 1)
2025-01-28 21:22:37,504 INFO c.h.h.t.HelmChartContainer - [hivemq-test-hivemq-platform] [hivemq-platform-operator] [688b8613] 21:22:37.503 [ReconcilerExecutor-hivemq-controller-120] DEBUG c.h.p.o.HiveMQPlatformReconciler - [helmmoni] StatefulSet Status (revision: test-hivemq-platform-64db946475, replicas: 2, available: 1, ready: 1, current: 2, updated: 2)
2025-01-28 21:22:37,505 INFO c.h.h.t.HelmChartContainer - [hivemq-test-hivemq-platform] [hivemq-platform-operator] [688b8613] 21:22:37.503 [ReconcilerExecutor-hivemq-controller-120] DEBUG c.h.p.o.HiveMQPlatformReconciler - [helmmoni] StatefulSet Spec (replicas: 2, init containers: 1, containers: 1, volumes: 3)
2025-01-28 21:22:37,507 INFO c.h.h.t.HelmChartContainer - [hivemq-test-hivemq-platform] [hivemq-platform-operator] [688b8613] 21:22:37.506 [ReconcilerExecutor-hivemq-controller-120] DEBUG c.h.p.o.h.HiveMQPlatformReconcilerErrorHandler - [helmmoni] Pod 'test-hivemq-platform-1' phase Running
2025-01-28 21:22:37,508 INFO c.h.h.t.HelmChartContainer - [hivemq-test-hivemq-platform] [hivemq-platform-operator] [688b8613] 21:22:37.507 [ReconcilerExecutor-hivemq-controller-120] DEBUG c.h.p.o.h.HiveMQPlatformReconcilerErrorHandler - [helmmoni] Pod 'test-hivemq-platform-0' phase Running
2025-01-28 21:22:37,508 INFO c.h.h.t.HelmChartContainer - [hivemq-test-hivemq-platform] [hivemq-platform-operator] [688b8613] 21:22:37.507 [ReconcilerExecutor-hivemq-controller-120] INFO  c.h.p.o.h.HiveMQPlatformReconcilerBaseHandler - [helmmoni] HiveMQ Platform is starting, 1 of 2 replicas are ready
2025-01-28 21:22:37,761 INFO c.h.h.t.HelmChartContainer - [test-hivemq-platform] [hivemq] [f75af7bf] INFO  - [HiveMQ Platform Operator Init App 1.7.0-SNAPSHOT] Returning Health API response 503 for readiness
2025-01-28 21:22:37,766 INFO c.h.h.t.HelmChartContainer - [EVENT] Warning [Unhealthy] Readiness probe failed: HTTP probe failed with statuscode: 503 [helmmonitoringplatformit:test-hivemq-platform-1]
2025-01-28 21:22:37,766 INFO c.h.h.t.HelmChartContainer - Received Unhealthy event for container hivemq in pod test-hivemq-platform-1 [f75af7bf-8aab-4224-b592-94f116fde5cb]
2025-01-28 21:22:38,352 INFO c.h.h.t.HelmChartContainer - [test-hivemq-platform] [hivemq] [f72bcaa8] INFO  - Cluster size = 2, members : [Q1Ki7, dzmPn].
2025-01-28 21:22:38,363 INFO c.h.h.t.HelmChartContainer - [test-hivemq-platform] [hivemq] [f75af7bf] INFO  - Cluster size = 2, members : [Q1Ki7, dzmPn].
2025-01-28 21:22:38,368 INFO c.h.h.t.HelmChartContainer - [test-hivemq-platform] [hivemq] [f75af7bf] INFO  - Finished cluster join process successfully.
2025-01-28 21:22:38,370 INFO c.h.h.t.HelmChartContainer - [test-hivemq-platform] [hivemq] [f75af7bf] WARN  - No user for HiveMQ Control Center configured. Starting with default user
2025-01-28 21:22:38,371 INFO c.h.h.t.HelmChartContainer - [test-hivemq-platform] [hivemq] [f75af7bf] INFO  - Starting HiveMQ Control Center on address 0.0.0.0 and port 8080
2025-01-28 21:22:38,375 INFO c.h.h.t.HelmChartContainer - [test-hivemq-platform] [hivemq] [f75af7bf] INFO  - Mounting HiveMQ Control Center V2 Preview
2025-01-28 21:22:39,059 INFO c.h.h.t.HelmChartContainer - [test-hivemq-platform] [hivemq] [f75af7bf] INFO  - Started HiveMQ Control Center in 689ms
2025-01-28 21:22:39,144 INFO c.h.h.t.HelmChartContainer - [test-hivemq-platform] [hivemq] [f75af7bf] INFO  - Starting TCP listener on address 0.0.0.0 and port 1883
2025-01-28 21:22:39,168 INFO c.h.h.t.HelmChartContainer - [test-hivemq-platform] [hivemq] [f75af7bf] INFO  - Started TCP Listener on address 0.0.0.0 and on port 1883.
2025-01-28 21:22:39,169 INFO c.h.h.t.HelmChartContainer - [test-hivemq-platform] [hivemq] [f75af7bf] INFO  - Started HiveMQ in 30098ms
2025-01-28 21:22:42,389 INFO c.h.h.t.HelmChartContainer - [test-hivemq-platform] [hivemq] [f75af7bf] INFO  - [HiveMQ Platform Operator Init App 1.7.0-SNAPSHOT] Returning Health API response 200 for readiness
2025-01-28 21:22:42,400 INFO c.h.h.t.HelmChartContainer - [POD] test-hivemq-platform-1 [f75af7bf-8aab-4224-b592-94f116fde5cb] in helmmonitoringplatformit was MODIFIED
2025-01-28 21:22:42,428 INFO c.h.h.t.HelmChartContainer - [hivemq-test-hivemq-platform] [hivemq-platform-operator] [688b8613] 21:22:42.406 [pool-6-thread-26] DEBUG c.h.p.o.d.PlatformServiceResource - [helmmoni] Desired Platform services (3 services)
2025-01-28 21:22:42,428 INFO c.h.h.t.HelmChartContainer - [hivemq-test-hivemq-platform] [hivemq-platform-operator] [688b8613] 21:22:42.407 [pool-6-thread-30] DEBUG c.h.p.o.d.PodServiceAccountResource - [helmmoni] Desired PodServiceAccountResource (serviceAccountName: hivemq-platform-pod-test-hivemq-platform)
2025-01-28 21:22:42,428 INFO c.h.h.t.HelmChartContainer - [hivemq-test-hivemq-platform] [hivemq-platform-operator] [688b8613] 21:22:42.416 [pool-6-thread-25] DEBUG c.h.p.o.dependants.PodInfoConfigMap - [helmmoni] Desired PodInfo ConfigMap (1 extensions) (1 enabled)
2025-01-28 21:22:42,429 INFO c.h.h.t.HelmChartContainer - [hivemq-test-hivemq-platform] [hivemq-platform-operator] [688b8613] 21:22:42.416 [pool-6-thread-25] DEBUG c.h.p.o.dependants.PodInfoConfigMap - [helmmoni] Desired PodInfo ConfigMap (metrics port: 9399) (metrics path: /)
2025-01-28 21:22:42,429 INFO c.h.h.t.HelmChartContainer - [hivemq-test-hivemq-platform] [hivemq-platform-operator] [688b8613] 21:22:42.416 [pool-6-thread-25] DEBUG c.h.p.o.dependants.PodInfoConfigMap - [helmmoni] Desired PodInfo ConfigMap (extension state hash: -1817474005)
2025-01-28 21:22:42,429 INFO c.h.h.t.HelmChartContainer - [hivemq-test-hivemq-platform] [hivemq-platform-operator] [688b8613] 21:22:42.419 [pool-6-thread-26] DEBUG c.h.p.o.d.StatefulSetResource - [helmmoni] Desired StatefulSet (2 replicas) for status STARTING (READY)
2025-01-28 21:22:42,437 INFO c.h.h.t.HelmChartContainer - [hivemq-test-hivemq-platform] [hivemq-platform-operator] [688b8613] 21:22:42.424 [ReconcilerExecutor-hivemq-controller-121] INFO  c.h.p.o.HiveMQPlatformReconciler - [helmmoni] Reconciling HiveMQ Platform 'test-hivemq-platform' in namespace 'helmmonitoringplatformit'
2025-01-28 21:22:42,437 INFO c.h.h.t.HelmChartContainer - [hivemq-test-hivemq-platform] [hivemq-platform-operator] [688b8613] 21:22:42.424 [ReconcilerExecutor-hivemq-controller-121] DEBUG c.h.p.o.HiveMQPlatformReconciler - [helmmoni] Custom Resource Status STARTING - HiveMQ Platform is starting (READY)
2025-01-28 21:22:42,437 INFO c.h.h.t.HelmChartContainer - [hivemq-test-hivemq-platform] [hivemq-platform-operator] [688b8613] 21:22:42.424 [ReconcilerExecutor-hivemq-controller-121] DEBUG c.h.p.o.HiveMQPlatformReconciler - [helmmoni] Custom Resource Spec (replicas: 2) (extensions: 1)
2025-01-28 21:22:42,437 INFO c.h.h.t.HelmChartContainer - [hivemq-test-hivemq-platform] [hivemq-platform-operator] [688b8613] 21:22:42.425 [ReconcilerExecutor-hivemq-controller-121] DEBUG c.h.p.o.HiveMQPlatformReconciler - [helmmoni] StatefulSet Status (revision: test-hivemq-platform-64db946475, replicas: 2, available: 1, ready: 1, current: 2, updated: 2)
2025-01-28 21:22:42,438 INFO c.h.h.t.HelmChartContainer - [hivemq-test-hivemq-platform] [hivemq-platform-operator] [688b8613] 21:22:42.426 [ReconcilerExecutor-hivemq-controller-121] DEBUG c.h.p.o.HiveMQPlatformReconciler - [helmmoni] StatefulSet Spec (replicas: 2, init containers: 1, containers: 1, volumes: 3)
2025-01-28 21:22:42,438 INFO c.h.h.t.HelmChartContainer - [hivemq-test-hivemq-platform] [hivemq-platform-operator] [688b8613] 21:22:42.427 [ReconcilerExecutor-hivemq-controller-121] DEBUG c.h.p.o.h.HiveMQPlatformReconcilerErrorHandler - [helmmoni] Pod 'test-hivemq-platform-1' phase Running
2025-01-28 21:22:42,438 INFO c.h.h.t.HelmChartContainer - [hivemq-test-hivemq-platform] [hivemq-platform-operator] [688b8613] 21:22:42.430 [ReconcilerExecutor-hivemq-controller-121] DEBUG c.h.p.o.h.HiveMQPlatformReconcilerErrorHandler - [helmmoni] Pod 'test-hivemq-platform-0' phase Running
2025-01-28 21:22:42,440 INFO c.h.h.t.HelmChartContainer - [hivemq-test-hivemq-platform] [hivemq-platform-operator] [688b8613] 21:22:42.430 [ReconcilerExecutor-hivemq-controller-121] INFO  c.h.p.o.h.HiveMQPlatformReconcilerBaseHandler - [helmmoni] HiveMQ Platform is starting, 1 of 2 replicas are ready
2025-01-28 21:22:42,466 INFO c.h.h.t.HelmChartContainer - [hivemq-test-hivemq-platform] [hivemq-platform-operator] [688b8613] 21:22:42.464 [pool-6-thread-31] DEBUG c.h.p.o.d.PlatformServiceResource - [helmmoni] Desired Platform services (3 services)
2025-01-28 21:22:42,469 INFO c.h.h.t.HelmChartContainer - [hivemq-test-hivemq-platform] [hivemq-platform-operator] [688b8613] 21:22:42.467 [pool-6-thread-38] DEBUG c.h.p.o.dependants.PodInfoConfigMap - [helmmoni] Desired PodInfo ConfigMap (1 extensions) (1 enabled)
2025-01-28 21:22:42,469 INFO c.h.h.t.HelmChartContainer - [hivemq-test-hivemq-platform] [hivemq-platform-operator] [688b8613] 21:22:42.467 [pool-6-thread-38] DEBUG c.h.p.o.dependants.PodInfoConfigMap - [helmmoni] Desired PodInfo ConfigMap (metrics port: 9399) (metrics path: /)
2025-01-28 21:22:42,469 INFO c.h.h.t.HelmChartContainer - [hivemq-test-hivemq-platform] [hivemq-platform-operator] [688b8613] 21:22:42.467 [pool-6-thread-38] DEBUG c.h.p.o.dependants.PodInfoConfigMap - [helmmoni] Desired PodInfo ConfigMap (extension state hash: -1817474005)
2025-01-28 21:22:42,512 INFO c.h.h.t.HelmChartContainer - [hivemq-test-hivemq-platform] [hivemq-platform-operator] [688b8613] 21:22:42.510 [pool-6-thread-33] DEBUG c.h.p.o.d.PodServiceAccountResource - [helmmoni] Desired PodServiceAccountResource (serviceAccountName: hivemq-platform-pod-test-hivemq-platform)
2025-01-28 21:22:42,514 INFO c.h.h.t.HelmChartContainer - [hivemq-test-hivemq-platform] [hivemq-platform-operator] [688b8613] 21:22:42.513 [pool-6-thread-31] DEBUG c.h.p.o.d.StatefulSetResource - [helmmoni] Desired StatefulSet (2 replicas) for status STARTING (READY)
2025-01-28 21:22:42,516 INFO c.h.h.t.HelmChartContainer - [hivemq-test-hivemq-platform] [hivemq-platform-operator] [688b8613] 21:22:42.515 [ReconcilerExecutor-hivemq-controller-122] INFO  c.h.p.o.HiveMQPlatformReconciler - [helmmoni] Reconciling HiveMQ Platform 'test-hivemq-platform' in namespace 'helmmonitoringplatformit'
2025-01-28 21:22:42,517 INFO c.h.h.t.HelmChartContainer - [hivemq-test-hivemq-platform] [hivemq-platform-operator] [688b8613] 21:22:42.516 [ReconcilerExecutor-hivemq-controller-122] DEBUG c.h.p.o.HiveMQPlatformReconciler - [helmmoni] Custom Resource Status STARTING - HiveMQ Platform is starting (READY)
2025-01-28 21:22:42,517 INFO c.h.h.t.HelmChartContainer - [hivemq-test-hivemq-platform] [hivemq-platform-operator] [688b8613] 21:22:42.516 [ReconcilerExecutor-hivemq-controller-122] DEBUG c.h.p.o.HiveMQPlatformReconciler - [helmmoni] Custom Resource Spec (replicas: 2) (extensions: 1)
2025-01-28 21:22:42,518 INFO c.h.h.t.HelmChartContainer - [hivemq-test-hivemq-platform] [hivemq-platform-operator] [688b8613] 21:22:42.517 [ReconcilerExecutor-hivemq-controller-122] DEBUG c.h.p.o.HiveMQPlatformReconciler - [helmmoni] StatefulSet Status (revision: test-hivemq-platform-64db946475, replicas: 2, available: 2, ready: 2, current: 2, updated: 2)
2025-01-28 21:22:42,518 INFO c.h.h.t.HelmChartContainer - [hivemq-test-hivemq-platform] [hivemq-platform-operator] [688b8613] 21:22:42.517 [ReconcilerExecutor-hivemq-controller-122] DEBUG c.h.p.o.HiveMQPlatformReconciler - [helmmoni] StatefulSet Spec (replicas: 2, init containers: 1, containers: 1, volumes: 3)
2025-01-28 21:22:42,520 INFO c.h.h.t.HelmChartContainer - [hivemq-test-hivemq-platform] [hivemq-platform-operator] [688b8613] 21:22:42.519 [ReconcilerExecutor-hivemq-controller-122] DEBUG c.h.p.o.h.HiveMQPlatformReconcilerErrorHandler - [helmmoni] Pod 'test-hivemq-platform-1' phase Running
2025-01-28 21:22:42,521 INFO c.h.h.t.HelmChartContainer - [hivemq-test-hivemq-platform] [hivemq-platform-operator] [688b8613] 21:22:42.520 [ReconcilerExecutor-hivemq-controller-122] DEBUG c.h.p.o.h.HiveMQPlatformReconcilerErrorHandler - [helmmoni] Pod 'test-hivemq-platform-0' phase Running
2025-01-28 21:22:42,523 INFO c.h.h.t.HelmChartContainer - [hivemq-test-hivemq-platform] [hivemq-platform-operator] [688b8613] 21:22:42.521 [ReconcilerExecutor-hivemq-controller-122] INFO  c.h.p.o.h.HiveMQPlatformReconcilerBaseHandler - [helmmoni] HiveMQ Platform started successfully
2025-01-28 21:22:42,613 INFO c.h.h.t.HelmChartContainer - [hivemq-test-hivemq-platform] [hivemq-platform-operator] [688b8613] 21:22:42.613 [ReconcilerExecutor-hivemq-controller-122] DEBUG c.h.p.operator.event.EventSender - [helmmoni] Creating K8s event hivemq-platform-ready: [Ready] HiveMQ Platform is ready
2025-01-28 21:22:42,617 INFO c.h.h.t.HelmChartContainer - [EVENT] Normal [Ready] HiveMQ Platform is ready [helmmonitoringplatformit:test-hivemq-platform]
2025-01-28 21:22:42,619 INFO c.h.h.t.HelmChartContainer - [hivemq-test-hivemq-platform] [hivemq-platform-operator] [688b8613] 21:22:42.617 [ReconcilerExecutor-hivemq-controller-122] INFO  c.h.p.o.h.AbstractHiveMQReconcilerStateHandler - [helmmoni] Update HiveMQ Platform Status (STARTING [READY] -> RUNNING [READY]): HiveMQ Platform is ready
2025-01-28 21:22:42,626 DEBUG com.hivemq.helmcharts.util.K8sUtil - Comparing actual state 'RUNNING' and waiting for 'RUNNING'
Request method:	GET
Request URI:	http://localhost:45919/api/v1/query?query=com_hivemq_cluster_nodes_count
Proxy:			<none>
Request params:	query=com_hivemq_cluster_nodes_count
Query params:	<none>
Form params:	<none>
Path params:	<none>
Headers:		Accept=*/*
Cookies:		<none>
Multiparts:		<none>
Body:			<none>
HTTP/1.1 200 OK
Content-Encoding: gzip
Content-Type: application/json
Date: Tue, 28 Jan 2025 21:22:48 GMT
Content-Length: 267

{
    "status": "success",
    "data": {
        "resultType": "vector",
        "result": [
            {
                "metric": {
                    "__name__": "com_hivemq_cluster_nodes_count",
                    "container": "hivemq",
                    "endpoint": "metrics-9399",
                    "instance": "10.42.0.17:9399",
                    "job": "hivemq-test-hivemq-platform-metrics-9399",
                    "namespace": "helmmonitoringplatformit",
                    "pod": "test-hivemq-platform-0",
                    "service": "hivemq-test-hivemq-platform-metrics-9399"
                },
                "value": [
                    1738099368.259,
                    "1"
                ]
            },
            {
                "metric": {
                    "__name__": "com_hivemq_cluster_nodes_count",
                    "container": "hivemq",
                    "endpoint": "metrics-9399",
                    "instance": "10.42.0.18:9399",
                    "job": "hivemq-test-hivemq-platform-metrics-9399",
                    "namespace": "helmmonitoringplatformit",
                    "pod": "test-hivemq-platform-1",
                    "service": "hivemq-test-hivemq-platform-metrics-9399"
                },
                "value": [
                    1738099368.259,
                    "2"
                ]
            }
        ]
    }
}
2025-01-28 21:22:52,634 INFO c.h.h.t.HelmChartContainer - [hivemq-test-hivemq-platform] [hivemq-platform-operator] [688b8613] 21:22:52.630 [pool-6-thread-44] DEBUG c.h.p.o.d.PlatformServiceResource - [helmmoni] Desired Platform services (3 services)
2025-01-28 21:22:52,635 INFO c.h.h.t.HelmChartContainer - [hivemq-test-hivemq-platform] [hivemq-platform-operator] [688b8613] 21:22:52.631 [pool-6-thread-43] DEBUG c.h.p.o.dependants.PodInfoConfigMap - [helmmoni] Desired PodInfo ConfigMap (1 extensions) (1 enabled)
2025-01-28 21:22:52,635 INFO c.h.h.t.HelmChartContainer - [hivemq-test-hivemq-platform] [hivemq-platform-operator] [688b8613] 21:22:52.631 [pool-6-thread-43] DEBUG c.h.p.o.dependants.PodInfoConfigMap - [helmmoni] Desired PodInfo ConfigMap (metrics port: 9399) (metrics path: /)
2025-01-28 21:22:52,635 INFO c.h.h.t.HelmChartContainer - [hivemq-test-hivemq-platform] [hivemq-platform-operator] [688b8613] 21:22:52.631 [pool-6-thread-43] DEBUG c.h.p.o.dependants.PodInfoConfigMap - [helmmoni] Desired PodInfo ConfigMap (extension state hash: -1817474005)
2025-01-28 21:22:52,636 INFO c.h.h.t.HelmChartContainer - [hivemq-test-hivemq-platform] [hivemq-platform-operator] [688b8613] 21:22:52.632 [pool-6-thread-43] DEBUG c.h.p.o.dependants.PodInfoConfigMap - [helmmoni] Update PodInfo ConfigMap
2025-01-28 21:22:52,636 INFO c.h.h.t.HelmChartContainer - [hivemq-test-hivemq-platform] [hivemq-platform-operator] [688b8613] 21:22:52.633 [pool-6-thread-41] DEBUG c.h.p.o.d.PodServiceAccountResource - [helmmoni] Desired PodServiceAccountResource (serviceAccountName: hivemq-platform-pod-test-hivemq-platform)
2025-01-28 21:22:52,644 INFO c.h.h.t.HelmChartContainer - [hivemq-test-hivemq-platform] [hivemq-platform-operator] [688b8613] 21:22:52.643 [pool-6-thread-43] DEBUG c.h.p.o.d.StatefulSetResource - [helmmoni] Desired StatefulSet (2 replicas) for status RUNNING (READY)
2025-01-28 21:22:52,711 INFO c.h.h.t.HelmChartContainer - [hivemq-test-hivemq-platform] [hivemq-platform-operator] [688b8613] 21:22:52.710 [ReconcilerExecutor-hivemq-controller-123] INFO  c.h.p.o.HiveMQPlatformReconciler - [helmmoni] Reconciling HiveMQ Platform 'test-hivemq-platform' in namespace 'helmmonitoringplatformit'
2025-01-28 21:22:52,711 INFO c.h.h.t.HelmChartContainer - [hivemq-test-hivemq-platform] [hivemq-platform-operator] [688b8613] 21:22:52.710 [ReconcilerExecutor-hivemq-controller-123] DEBUG c.h.p.o.HiveMQPlatformReconciler - [helmmoni] Custom Resource Status RUNNING - HiveMQ Platform is ready (READY)
2025-01-28 21:22:52,712 INFO c.h.h.t.HelmChartContainer - [hivemq-test-hivemq-platform] [hivemq-platform-operator] [688b8613] 21:22:52.710 [ReconcilerExecutor-hivemq-controller-123] DEBUG c.h.p.o.HiveMQPlatformReconciler - [helmmoni] Custom Resource Spec (replicas: 2) (extensions: 1)
2025-01-28 21:22:52,714 INFO c.h.h.t.HelmChartContainer - [hivemq-test-hivemq-platform] [hivemq-platform-operator] [688b8613] 21:22:52.713 [ReconcilerExecutor-hivemq-controller-123] DEBUG c.h.p.o.HiveMQPlatformReconciler - [helmmoni] StatefulSet Status (revision: test-hivemq-platform-64db946475, replicas: 2, available: 2, ready: 2, current: 2, updated: 2)
2025-01-28 21:22:52,714 INFO c.h.h.t.HelmChartContainer - [hivemq-test-hivemq-platform] [hivemq-platform-operator] [688b8613] 21:22:52.713 [ReconcilerExecutor-hivemq-controller-123] DEBUG c.h.p.o.HiveMQPlatformReconciler - [helmmoni] StatefulSet Spec (replicas: 2, init containers: 1, containers: 1, volumes: 3)
2025-01-28 21:22:52,715 INFO c.h.h.t.HelmChartContainer - [hivemq-test-hivemq-platform] [hivemq-platform-operator] [688b8613] 21:22:52.715 [ReconcilerExecutor-hivemq-controller-123] DEBUG c.h.p.o.h.HiveMQPlatformReconcilerErrorHandler - [helmmoni] Pod 'test-hivemq-platform-1' phase Running
2025-01-28 21:22:52,717 INFO c.h.h.t.HelmChartContainer - [hivemq-test-hivemq-platform] [hivemq-platform-operator] [688b8613] 21:22:52.716 [ReconcilerExecutor-hivemq-controller-123] DEBUG c.h.p.o.h.HiveMQPlatformReconcilerErrorHandler - [helmmoni] Pod 'test-hivemq-platform-0' phase Running
Request method:	GET
Request URI:	http://localhost:32949/api/v1/query?query=com_hivemq_cluster_nodes_count
Proxy:			<none>
Request params:	query=com_hivemq_cluster_nodes_count
Query params:	<none>
Form params:	<none>
Path params:	<none>
Headers:		Accept=*/*
Cookies:		<none>
Multiparts:		<none>
Body:			<none>
HTTP/1.1 200 OK
Content-Encoding: gzip
Content-Type: application/json
Date: Tue, 28 Jan 2025 21:22:53 GMT
Content-Length: 264

{
    "status": "success",
    "data": {
        "resultType": "vector",
        "result": [
            {
                "metric": {
                    "__name__": "com_hivemq_cluster_nodes_count",
                    "container": "hivemq",
                    "endpoint": "metrics-9399",
                    "instance": "10.42.0.17:9399",
                    "job": "hivemq-test-hivemq-platform-metrics-9399",
                    "namespace": "helmmonitoringplatformit",
                    "pod": "test-hivemq-platform-0",
                    "service": "hivemq-test-hivemq-platform-metrics-9399"
                },
                "value": [
                    1738099373.440,
                    "2"
                ]
            },
            {
                "metric": {
                    "__name__": "com_hivemq_cluster_nodes_count",
                    "container": "hivemq",
                    "endpoint": "metrics-9399",
                    "instance": "10.42.0.18:9399",
                    "job": "hivemq-test-hivemq-platform-metrics-9399",
                    "namespace": "helmmonitoringplatformit",
                    "pod": "test-hivemq-platform-1",
                    "service": "hivemq-test-hivemq-platform-metrics-9399"
                },
                "value": [
                    1738099373.440,
                    "2"
                ]
            }
        ]
    }
}
Request method:	GET
Request URI:	http://localhost:36461/api/search
Proxy:			<none>
Request params:	<none>
Query params:	<none>
Form params:	<none>
Path params:	<none>
Headers:		Authorization=Basic YWRtaW46cHJvbS1vcGVyYXRvcg==
				Accept=*/*
Cookies:		<none>
Multiparts:		<none>
Body:			<none>
HTTP/1.1 200 OK
Cache-Control: no-store
Content-Type: application/json
X-Content-Type-Options: nosniff
X-Frame-Options: deny
X-Xss-Protection: 1; mode=block
Date: Tue, 28 Jan 2025 21:22:58 GMT
Transfer-Encoding: chunked

[
    {
        "id": 1,
        "uid": "alertmanager-overview",
        "title": "Alertmanager / Overview",
        "uri": "db/alertmanager-overview",
        "url": "/d/alertmanager-overview/alertmanager-overview",
        "slug": "",
        "type": "dash-db",
        "tags": [
            "alertmanager-mixin"
        ],
        "isStarred": false,
        "sortMeta": 0,
        "isDeleted": false
    },
    {
        "id": 7,
        "uid": "vkQ0UHxik",
        "title": "CoreDNS",
        "uri": "db/coredns",
        "url": "/d/vkQ0UHxik/coredns",
        "slug": "",
        "type": "dash-db",
        "tags": [
            "coredns",
            "dns"
        ],
        "isStarred": false,
        "sortMeta": 0,
        "isDeleted": false
    },
    {
        "id": 5,
        "uid": "c2f4e12cdf69feb95caa41a5a1b423d9",
        "title": "etcd",
        "uri": "db/etcd",
        "url": "/d/c2f4e12cdf69feb95caa41a5a1b423d9/etcd",
        "slug": "",
        "type": "dash-db",
        "tags": [
            "etcd-mixin"
        ],
        "isStarred": false,
        "sortMeta": 0,
        "isDeleted": false
    },
    {
        "id": 6,
        "uid": "6be0s85Mk",
        "title": "Grafana Overview",
        "uri": "db/grafana-overview",
        "url": "/d/6be0s85Mk/grafana-overview",
        "slug": "",
        "type": "dash-db",
        "tags": [
            
        ],
        "isStarred": false,
        "sortMeta": 0,
        "isDeleted": false
    },
    {
        "id": 29,
        "uid": "febe2omlfqrcwc",
        "title": "HiveMQ Platform (Prometheus)",
        "uri": "db/hivemq-platform-prometheus",
        "url": "/d/febe2omlfqrcwc/hivemq-platform-prometheus",
        "slug": "",
        "type": "dash-db",
        "tags": [
            
        ],
        "isStarred": false,
        "sortMeta": 0,
        "isDeleted": false
    },
    {
        "id": 2,
        "uid": "09ec8aa1e996d6ffcd6817bbaff4db1b",
        "title": "Kubernetes / API server",
        "uri": "db/kubernetes-api-server",
        "url": "/d/09ec8aa1e996d6ffcd6817bbaff4db1b/kubernetes-api-server",
        "slug": "",
        "type": "dash-db",
        "tags": [
            "kubernetes-mixin"
        ],
        "isStarred": false,
        "sortMeta": 0,
        "isDeleted": false
    },
    {
        "id": 9,
        "uid": "b59e6c9f2fcbe2e16d77fc492374cc4f",
        "title": "Kubernetes / Compute Resources /  Multi-Cluster",
        "uri": "db/kubernetes-compute-resources-multi-cluster",
        "url": "/d/b59e6c9f2fcbe2e16d77fc492374cc4f/kubernetes-compute-resources-multi-cluster",
        "slug": "",
        "type": "dash-db",
        "tags": [
            "kubernetes-mixin"
        ],
        "isStarred": false,
        "sortMeta": 0,
        "isDeleted": false
    },
    {
        "id": 8,
        "uid": "efa86fd1d0c121a26444b636a3f509a8",
        "title": "Kubernetes / Compute Resources / Cluster",
        "uri": "db/kubernetes-compute-resources-cluster",
        "url": "/d/efa86fd1d0c121a26444b636a3f509a8/kubernetes-compute-resources-cluster",
        "slug": "",
        "type": "dash-db",
        "tags": [
            "kubernetes-mixin"
        ],
        "isStarred": false,
        "sortMeta": 0,
        "isDeleted": false
    },
    {
        "id": 10,
        "uid": "85a562078cdf77779eaa1add43ccec1e",
        "title": "Kubernetes / Compute Resources / Namespace (Pods)",
        "uri": "db/kubernetes-compute-resources-namespace-pods",
        "url": "/d/85a562078cdf77779eaa1add43ccec1e/kubernetes-compute-resources-namespace-pods",
        "slug": "",
        "type": "dash-db",
        "tags": [
            "kubernetes-mixin"
        ],
        "isStarred": false,
        "sortMeta": 0,
        "isDeleted": false
    },
    {
        "id": 14,
        "uid": "a87fb0d919ec0ea5f6543124e16c42a5",
        "title": "Kubernetes / Compute Resources / Namespace (Workloads)",
        "uri": "db/kubernetes-compute-resources-namespace-workloads",
        "url": "/d/a87fb0d919ec0ea5f6543124e16c42a5/kubernetes-compute-resources-namespace-workloads",
        "slug": "",
        "type": "dash-db",
        "tags": [
            "kubernetes-mixin"
        ],
        "isStarred": false,
        "sortMeta": 0,
        "isDeleted": false
    },
    {
        "id": 11,
        "uid": "200ac8fdbfbb74b39aff88118e4d1c2c",
        "title": "Kubernetes / Compute Resources / Node (Pods)",
        "uri": "db/kubernetes-compute-resources-node-pods",
        "url": "/d/200ac8fdbfbb74b39aff88118e4d1c2c/kubernetes-compute-resources-node-pods",
        "slug": "",
        "type": "dash-db",
        "tags": [
            "kubernetes-mixin"
        ],
        "isStarred": false,
        "sortMeta": 0,
        "isDeleted": false
    },
    {
        "id": 12,
        "uid": "6581e46e4e5c7ba40a07646395ef7b23",
        "title": "Kubernetes / Compute Resources / Pod",
        "uri": "db/kubernetes-compute-resources-pod",
        "url": "/d/6581e46e4e5c7ba40a07646395ef7b23/kubernetes-compute-resources-pod",
        "slug": "",
        "type": "dash-db",
        "tags": [
            "kubernetes-mixin"
        ],
        "isStarred": false,
        "sortMeta": 0,
        "isDeleted": false
    },
    {
        "id": 13,
        "uid": "a164a7f0339f99e89cea5cb47e9be617",
        "title": "Kubernetes / Compute Resources / Workload",
        "uri": "db/kubernetes-compute-resources-workload",
        "url": "/d/a164a7f0339f99e89cea5cb47e9be617/kubernetes-compute-resources-workload",
        "slug": "",
        "type": "dash-db",
        "tags": [
            "kubernetes-mixin"
        ],
        "isStarred": false,
        "sortMeta": 0,
        "isDeleted": false
    },
    {
        "id": 4,
        "uid": "72e0e05bef5099e5f049b05fdc429ed4",
        "title": "Kubernetes / Controller Manager",
        "uri": "db/kubernetes-controller-manager",
        "url": "/d/72e0e05bef5099e5f049b05fdc429ed4/kubernetes-controller-manager",
        "slug": "",
        "type": "dash-db",
        "tags": [
            "kubernetes-mixin"
        ],
        "isStarred": false,
        "sortMeta": 0,
        "isDeleted": false
    },
    {
        "id": 15,
        "uid": "3138fa155d5915769fbded898ac09fd9",
        "title": "Kubernetes / Kubelet",
        "uri": "db/kubernetes-kubelet",
        "url": "/d/3138fa155d5915769fbded898ac09fd9/kubernetes-kubelet",
        "slug": "",
        "type": "dash-db",
        "tags": [
            "kubernetes-mixin"
        ],
        "isStarred": false,
        "sortMeta": 0,
        "isDeleted": false
    },
    {
        "id": 3,
        "uid": "ff635a025bcfea7bc3dd4f508990a3e9",
        "title": "Kubernetes / Networking / Cluster",
        "uri": "db/kubernetes-networking-cluster",
        "url": "/d/ff635a025bcfea7bc3dd4f508990a3e9/kubernetes-networking-cluster",
        "slug": "",
        "type": "dash-db",
        "tags": [
            "kubernetes-mixin"
        ],
        "isStarred": false,
        "sortMeta": 0,
        "isDeleted": false
    },
    {
        "id": 16,
        "uid": "8b7a8b326d7a6f1f04244066368c67af",
        "title": "Kubernetes / Networking / Namespace (Pods)",
        "uri": "db/kubernetes-networking-namespace-pods",
        "url": "/d/8b7a8b326d7a6f1f04244066368c67af/kubernetes-networking-namespace-pods",
        "slug": "",
        "type": "dash-db",
        "tags": [
            "kubernetes-mixin"
        ],
        "isStarred": false,
        "sortMeta": 0,
        "isDeleted": false
    },
    {
        "id": 17,
        "uid": "bbb2a765a623ae38130206c7d94a160f",
        "title": "Kubernetes / Networking / Namespace (Workload)",
        "uri": "db/kubernetes-networking-namespace-workload",
        "url": "/d/bbb2a765a623ae38130206c7d94a160f/kubernetes-networking-namespace-workload",
        "slug": "",
        "type": "dash-db",
        "tags": [
            "kubernetes-mixin"
        ],
        "isStarred": false,
        "sortMeta": 0,
        "isDeleted": false
    },
    {
        "id": 24,
        "uid": "7a18067ce943a40ae25454675c19ff5c",
        "title": "Kubernetes / Networking / Pod",
        "uri": "db/kubernetes-networking-pod",
        "url": "/d/7a18067ce943a40ae25454675c19ff5c/kubernetes-networking-pod",
        "slug": "",
        "type": "dash-db",
        "tags": [
            "kubernetes-mixin"
        ],
        "isStarred": false,
        "sortMeta": 0,
        "isDeleted": false
    },
    {
        "id": 28,
        "uid": "728bf77cc1166d2f3133bf25846876cc",
        "title": "Kubernetes / Networking / Workload",
        "uri": "db/kubernetes-networking-workload",
        "url": "/d/728bf77cc1166d2f3133bf25846876cc/kubernetes-networking-workload",
        "slug": "",
        "type": "dash-db",
        "tags": [
            "kubernetes-mixin"
        ],
        "isStarred": false,
        "sortMeta": 0,
        "isDeleted": false
    },
    {
        "id": 23,
        "uid": "919b92a8e8041bd567af9edab12c840c",
        "title": "Kubernetes / Persistent Volumes",
        "uri": "db/kubernetes-persistent-volumes",
        "url": "/d/919b92a8e8041bd567af9edab12c840c/kubernetes-persistent-volumes",
        "slug": "",
        "type": "dash-db",
        "tags": [
            "kubernetes-mixin"
        ],
        "isStarred": false,
        "sortMeta": 0,
        "isDeleted": false
    },
    {
        "id": 26,
        "uid": "632e265de029684c40b21cb76bca4f94",
        "title": "Kubernetes / Proxy",
        "uri": "db/kubernetes-proxy",
        "url": "/d/632e265de029684c40b21cb76bca4f94/kubernetes-proxy",
        "slug": "",
        "type": "dash-db",
        "tags": [
            "kubernetes-mixin"
        ],
        "isStarred": false,
        "sortMeta": 0,
        "isDeleted": false
    },
    {
        "id": 27,
        "uid": "2e6b6a3b4bddf1427b3a55aa1311c656",
        "title": "Kubernetes / Scheduler",
        "uri": "db/kubernetes-scheduler",
        "url": "/d/2e6b6a3b4bddf1427b3a55aa1311c656/kubernetes-scheduler",
        "slug": "",
        "type": "dash-db",
        "tags": [
            "kubernetes-mixin"
        ],
        "isStarred": false,
        "sortMeta": 0,
        "isDeleted": false
    },
    {
        "id": 21,
        "uid": "7e0a61e486f727d763fb1d86fdd629c2",
        "title": "Node Exporter / AIX",
        "uri": "db/node-exporter-aix",
        "url": "/d/7e0a61e486f727d763fb1d86fdd629c2/node-exporter-aix",
        "slug": "",
        "type": "dash-db",
        "tags": [
            "node-exporter-mixin"
        ],
        "isStarred": false,
        "sortMeta": 0,
        "isDeleted": false
    },
    {
        "id": 22,
        "uid": "629701ea43bf69291922ea45f4a87d37",
        "title": "Node Exporter / MacOS",
        "uri": "db/node-exporter-macos",
        "url": "/d/629701ea43bf69291922ea45f4a87d37/node-exporter-macos",
        "slug": "",
        "type": "dash-db",
        "tags": [
            "node-exporter-mixin"
        ],
        "isStarred": false,
        "sortMeta": 0,
        "isDeleted": false
    },
    {
        "id": 20,
        "uid": "7d57716318ee0dddbac5a7f451fb7753",
        "title": "Node Exporter / Nodes",
        "uri": "db/node-exporter-nodes",
        "url": "/d/7d57716318ee0dddbac5a7f451fb7753/node-exporter-nodes",
        "slug": "",
        "type": "dash-db",
        "tags": [
            "node-exporter-mixin"
        ],
        "isStarred": false,
        "sortMeta": 0,
        "isDeleted": false
    },
    {
        "id": 18,
        "uid": "3e97d1d02672cdd0861f4c97c64f89b2",
        "title": "Node Exporter / USE Method / Cluster",
        "uri": "db/node-exporter-use-method-cluster",
        "url": "/d/3e97d1d02672cdd0861f4c97c64f89b2/node-exporter-use-method-cluster",
        "slug": "",
        "type": "dash-db",
        "tags": [
            "node-exporter-mixin"
        ],
        "isStarred": false,
        "sortMeta": 0,
        "isDeleted": false
    },
    {
        "id": 19,
        "uid": "fac67cfbe174d3ef53eb473d73d9212f",
        "title": "Node Exporter / USE Method / Node",
        "uri": "db/node-exporter-use-method-node",
        "url": "/d/fac67cfbe174d3ef53eb473d73d9212f/node-exporter-use-method-node",
        "slug": "",
        "type": "dash-db",
        "tags": [
            "node-exporter-mixin"
        ],
        "isStarred": false,
        "sortMeta": 0,
        "isDeleted": false
    },
    {
        "id": 25,
        "uid": "debe2obc77rwgc",
        "title": "Prometheus / Overview",
        "uri": "db/prometheus-overview",
        "url": "/d/debe2obc77rwgc/prometheus-overview",
        "slug": "",
        "type": "dash-db",
        "tags": [
            "prometheus-mixin"
        ],
        "isStarred": false,
        "sortMeta": 0,
        "isDeleted": false
    }
]
2025-01-28 21:22:58,560 INFO c.h.h.t.HelmChartContainer - Uninstalling release 'monitoring-stack' in namespace 'monitoring'...
2025-01-28 21:22:58,560 DEBUG c.h.h.t.HelmChartContainer - Executing helm command: /bin/helm --kubeconfig /etc/rancher/k3s/k3s.yaml uninstall monitoring-stack  --wait --timeout 5m0s --cascade foreground --namespace monitoring
2025-01-28 21:23:00,269 INFO c.h.h.t.HelmChartContainer - [K3S] [replica_set.go:679] "Finished syncing" kind="ReplicaSet" key="monitoring/monitoring-stack-kube-state-metrics-5bf5c7b54d" duration="3.219694ms"
2025-01-28 21:23:00,269 INFO c.h.h.t.HelmChartContainer - [K3S] [replica_set.go:679] "Finished syncing" kind="ReplicaSet" key="monitoring/monitoring-stack-kube-state-metrics-5bf5c7b54d" duration="38.162µs"
2025-01-28 21:23:00,369 INFO c.h.h.t.HelmChartContainer - [K3S] [replica_set.go:679] "Finished syncing" kind="ReplicaSet" key="monitoring/monitoring-stack-kube-prom-operator-6f4fc4bc65" duration="3.257571ms"
2025-01-28 21:23:00,369 INFO c.h.h.t.HelmChartContainer - [K3S] [replica_set.go:679] "Finished syncing" kind="ReplicaSet" key="monitoring/monitoring-stack-kube-prom-operator-6f4fc4bc65" duration="50.854µs"
2025-01-28 21:23:00,446 INFO c.h.h.t.HelmChartContainer - [K3S] [replica_set.go:679] "Finished syncing" kind="ReplicaSet" key="monitoring/monitoring-stack-grafana-64c55fb967" duration="5.231663ms"
2025-01-28 21:23:00,447 INFO c.h.h.t.HelmChartContainer - [K3S] [replica_set.go:679] "Finished syncing" kind="ReplicaSet" key="monitoring/monitoring-stack-grafana-64c55fb967" duration="44.343µs"
2025-01-28 21:23:00,506 INFO c.h.h.t.HelmChartContainer - [test-hivemq-platform] [hivemq] [f75af7bf] INFO  - [HiveMQ Platform Operator Init App 1.7.0-SNAPSHOT] Returning Health API response 200 for liveness
2025-01-28 21:23:00,592 INFO c.h.h.t.HelmChartContainer - [POD] monitoring-stack-prometheus-node-exporter-bwfxm [c72d6663-f0ac-4684-970e-b063e7a80491] in monitoring was MODIFIED
2025-01-28 21:23:00,598 INFO c.h.h.t.HelmChartContainer - [EVENT] Normal [Killing] Stopping container node-exporter [monitoring:monitoring-stack-prometheus-node-exporter-bwfxm]
2025-01-28 21:23:00,688 INFO c.h.h.t.HelmChartContainer - [POD] monitoring-stack-prometheus-node-exporter-bwfxm [c72d6663-f0ac-4684-970e-b063e7a80491] in monitoring was MODIFIED
2025-01-28 21:23:00,765 INFO c.h.h.t.HelmChartContainer - [K3S] [reconciler_common.go:162] "operationExecutor.UnmountVolume started for volume \"sys\" (UniqueName: \"kubernetes.io/host-path/c72d6663-f0ac-4684-970e-b063e7a80491-sys\") pod \"c72d6663-f0ac-4684-970e-b063e7a80491\" (UID: \"c72d6663-f0ac-4684-970e-b063e7a80491\") "
2025-01-28 21:23:00,765 INFO c.h.h.t.HelmChartContainer - [K3S] [reconciler_common.go:162] "operationExecutor.UnmountVolume started for volume \"proc\" (UniqueName: \"kubernetes.io/host-path/c72d6663-f0ac-4684-970e-b063e7a80491-proc\") pod \"c72d6663-f0ac-4684-970e-b063e7a80491\" (UID: \"c72d6663-f0ac-4684-970e-b063e7a80491\") "
2025-01-28 21:23:00,866 INFO c.h.h.t.HelmChartContainer - [K3S] [reconciler_common.go:299] "Volume detached for volume \"proc\" (UniqueName: \"kubernetes.io/host-path/c72d6663-f0ac-4684-970e-b063e7a80491-proc\") on node \"d1dd1cbcc0a3\" DevicePath \"\""
2025-01-28 21:23:00,866 INFO c.h.h.t.HelmChartContainer - [K3S] [reconciler_common.go:299] "Volume detached for volume \"sys\" (UniqueName: \"kubernetes.io/host-path/c72d6663-f0ac-4684-970e-b063e7a80491-sys\") on node \"d1dd1cbcc0a3\" DevicePath \"\""
2025-01-28 21:23:01,094 INFO c.h.h.t.HelmChartContainer - [K3S] [scope.go:117] "RemoveContainer" containerID="d87343829762f2223c26af47698b66d95290becae2484e584415c5de21fcc59b"
2025-01-28 21:23:01,098 INFO c.h.h.t.HelmChartContainer - [K3S] [scope.go:117] "RemoveContainer" containerID="d87343829762f2223c26af47698b66d95290becae2484e584415c5de21fcc59b"
2025-01-28 21:23:01,106 INFO c.h.h.t.HelmChartContainer - [POD] monitoring-stack-prometheus-node-exporter-bwfxm [c72d6663-f0ac-4684-970e-b063e7a80491] in monitoring was MODIFIED
2025-01-28 21:23:01,109 INFO c.h.h.t.HelmChartContainer - [POD] monitoring-stack-prometheus-node-exporter-bwfxm [c72d6663-f0ac-4684-970e-b063e7a80491] in monitoring was DELETED
2025-01-28 21:23:02,161 INFO c.h.h.t.HelmChartContainer - [K3S] [kubelet_volumes.go:163] "Cleaned up orphaned pod volumes dir" podUID="c72d6663-f0ac-4684-970e-b063e7a80491" path="/var/lib/kubelet/pods/c72d6663-f0ac-4684-970e-b063e7a80491/volumes"
2025-01-28 21:23:02,723 INFO c.h.h.t.HelmChartContainer - [hivemq-test-hivemq-platform] [hivemq-platform-operator] [688b8613] 21:23:02.720 [pool-6-thread-2] DEBUG c.h.p.o.d.PlatformServiceResource - [helmmoni] Desired Platform services (3 services)
2025-01-28 21:23:02,723 INFO c.h.h.t.HelmChartContainer - [hivemq-test-hivemq-platform] [hivemq-platform-operator] [688b8613] 21:23:02.720 [pool-6-thread-7] DEBUG c.h.p.o.dependants.PodInfoConfigMap - [helmmoni] Desired PodInfo ConfigMap (1 extensions) (1 enabled)
2025-01-28 21:23:02,723 INFO c.h.h.t.HelmChartContainer - [hivemq-test-hivemq-platform] [hivemq-platform-operator] [688b8613] 21:23:02.720 [pool-6-thread-7] DEBUG c.h.p.o.dependants.PodInfoConfigMap - [helmmoni] Desired PodInfo ConfigMap (metrics port: 9399) (metrics path: /)
2025-01-28 21:23:02,723 INFO c.h.h.t.HelmChartContainer - [hivemq-test-hivemq-platform] [hivemq-platform-operator] [688b8613] 21:23:02.720 [pool-6-thread-7] DEBUG c.h.p.o.dependants.PodInfoConfigMap - [helmmoni] Desired PodInfo ConfigMap (extension state hash: -1817474005)
2025-01-28 21:23:02,723 INFO c.h.h.t.HelmChartContainer - [hivemq-test-hivemq-platform] [hivemq-platform-operator] [688b8613] 21:23:02.721 [pool-6-thread-6] DEBUG c.h.p.o.d.PodServiceAccountResource - [helmmoni] Desired PodServiceAccountResource (serviceAccountName: hivemq-platform-pod-test-hivemq-platform)
2025-01-28 21:23:02,760 INFO c.h.h.t.HelmChartContainer - [hivemq-test-hivemq-platform] [hivemq-platform-operator] [688b8613] 21:23:02.759 [pool-6-thread-6] DEBUG c.h.p.o.d.StatefulSetResource - [helmmoni] Desired StatefulSet (2 replicas) for status RUNNING (READY)
2025-01-28 21:23:02,765 INFO c.h.h.t.HelmChartContainer - [hivemq-test-hivemq-platform] [hivemq-platform-operator] [688b8613] 21:23:02.762 [ReconcilerExecutor-hivemq-controller-124] INFO  c.h.p.o.HiveMQPlatformReconciler - [helmmoni] Reconciling HiveMQ Platform 'test-hivemq-platform' in namespace 'helmmonitoringplatformit'
2025-01-28 21:23:02,766 INFO c.h.h.t.HelmChartContainer - [hivemq-test-hivemq-platform] [hivemq-platform-operator] [688b8613] 21:23:02.762 [ReconcilerExecutor-hivemq-controller-124] DEBUG c.h.p.o.HiveMQPlatformReconciler - [helmmoni] Custom Resource Status RUNNING - HiveMQ Platform is ready (READY)
2025-01-28 21:23:02,766 INFO c.h.h.t.HelmChartContainer - [hivemq-test-hivemq-platform] [hivemq-platform-operator] [688b8613] 21:23:02.762 [ReconcilerExecutor-hivemq-controller-124] DEBUG c.h.p.o.HiveMQPlatformReconciler - [helmmoni] Custom Resource Spec (replicas: 2) (extensions: 1)
2025-01-28 21:23:02,766 INFO c.h.h.t.HelmChartContainer - [hivemq-test-hivemq-platform] [hivemq-platform-operator] [688b8613] 21:23:02.764 [ReconcilerExecutor-hivemq-controller-124] DEBUG c.h.p.o.HiveMQPlatformReconciler - [helmmoni] StatefulSet Status (revision: test-hivemq-platform-64db946475, replicas: 2, available: 2, ready: 2, current: 2, updated: 2)
2025-01-28 21:23:02,766 INFO c.h.h.t.HelmChartContainer - [hivemq-test-hivemq-platform] [hivemq-platform-operator] [688b8613] 21:23:02.764 [ReconcilerExecutor-hivemq-controller-124] DEBUG c.h.p.o.HiveMQPlatformReconciler - [helmmoni] StatefulSet Spec (replicas: 2, init containers: 1, containers: 1, volumes: 3)
2025-01-28 21:23:02,766 INFO c.h.h.t.HelmChartContainer - [hivemq-test-hivemq-platform] [hivemq-platform-operator] [688b8613] 21:23:02.765 [ReconcilerExecutor-hivemq-controller-124] DEBUG c.h.p.o.h.HiveMQPlatformReconcilerErrorHandler - [helmmoni] Pod 'test-hivemq-platform-1' phase Running
2025-01-28 21:23:02,814 INFO c.h.h.t.HelmChartContainer - [hivemq-test-hivemq-platform] [hivemq-platform-operator] [688b8613] 21:23:02.812 [ReconcilerExecutor-hivemq-controller-124] DEBUG c.h.p.o.h.HiveMQPlatformReconcilerErrorHandler - [helmmoni] Pod 'test-hivemq-platform-0' phase Running
2025-01-28 21:23:05,434 INFO c.h.h.t.HelmChartContainer - [K3S] [server.go:321] "Unable to authenticate the request due to an error" err="[invalid bearer token, serviceaccounts \"monitoring-stack-kube-prom-prometheus\" not found]"
2025-01-28 21:23:05,437 INFO c.h.h.t.HelmChartContainer - [K3S] [authentication.go:74] "Unable to authenticate the request" err="[invalid bearer token, serviceaccounts \"monitoring-stack-kube-prom-prometheus\" not found]"
2025-01-28 21:23:06,524 INFO c.h.h.t.HelmChartContainer - [K3S] [server.go:321] "Unable to authenticate the request due to an error" err="[invalid bearer token, serviceaccounts \"monitoring-stack-kube-prom-prometheus\" not found]"
2025-01-28 21:23:09,319 INFO c.h.h.t.HelmChartContainer - [K3S] [authentication.go:74] "Unable to authenticate the request" err="[invalid bearer token, serviceaccounts \"monitoring-stack-kube-prom-operator\" not found]"
2025-01-28 21:23:09,322 INFO c.h.h.t.HelmChartContainer - [K3S] [authentication.go:74] "Unable to authenticate the request" err="[invalid bearer token, serviceaccounts \"monitoring-stack-kube-prom-operator\" not found]"
2025-01-28 21:23:09,370 INFO c.h.h.t.HelmChartContainer - [K3S] [authentication.go:74] "Unable to authenticate the request" err="[invalid bearer token, serviceaccounts \"monitoring-stack-kube-prom-operator\" not found]"
2025-01-28 21:23:09,374 INFO c.h.h.t.HelmChartContainer - [K3S] [authentication.go:74] "Unable to authenticate the request" err="[invalid bearer token, serviceaccounts \"monitoring-stack-kube-prom-operator\" not found]"
2025-01-28 21:23:10,092 INFO c.h.h.t.HelmChartContainer - [POD] monitoring-stack-kube-state-metrics-5bf5c7b54d-ss4kj [605d0d61-f0ea-4bb6-ab4a-06cb56b92c4e] in monitoring was MODIFIED
2025-01-28 21:23:10,096 INFO c.h.h.t.HelmChartContainer - [EVENT] Normal [Killing] Stopping container kube-state-metrics [monitoring:monitoring-stack-kube-state-metrics-5bf5c7b54d-ss4kj]
2025-01-28 21:23:10,099 INFO c.h.h.t.HelmChartContainer - [K3S] [replica_set.go:679] "Finished syncing" kind="ReplicaSet" key="monitoring/monitoring-stack-kube-state-metrics-5bf5c7b54d" duration="6.373904ms"
2025-01-28 21:23:10,099 INFO c.h.h.t.HelmChartContainer - [K3S] [replica_set.go:679] "Finished syncing" kind="ReplicaSet" key="monitoring/monitoring-stack-kube-state-metrics-5bf5c7b54d" duration="45.355µs"
2025-01-28 21:23:10,143 INFO c.h.h.t.HelmChartContainer - [POD] monitoring-stack-kube-prom-operator-6f4fc4bc65-7mjbn [c95fd21f-33fc-4d83-a9ff-dd59ccbbf4e5] in monitoring was MODIFIED
2025-01-28 21:23:10,149 INFO c.h.h.t.HelmChartContainer - [EVENT] Normal [Killing] Stopping container kube-prometheus-stack [monitoring:monitoring-stack-kube-prom-operator-6f4fc4bc65-7mjbn]
2025-01-28 21:23:10,157 INFO c.h.h.t.HelmChartContainer - [K3S] [replica_set.go:679] "Finished syncing" kind="ReplicaSet" key="monitoring/monitoring-stack-kube-prom-operator-6f4fc4bc65" duration="13.095479ms"
2025-01-28 21:23:10,157 INFO c.h.h.t.HelmChartContainer - [K3S] [replica_set.go:679] "Finished syncing" kind="ReplicaSet" key="monitoring/monitoring-stack-kube-prom-operator-6f4fc4bc65" duration="39.263µs"
2025-01-28 21:23:10,271 INFO c.h.h.t.HelmChartContainer - [POD] monitoring-stack-kube-state-metrics-5bf5c7b54d-ss4kj [605d0d61-f0ea-4bb6-ab4a-06cb56b92c4e] in monitoring was MODIFIED
2025-01-28 21:23:10,272 INFO c.h.h.t.HelmChartContainer - [K3S] [replica_set.go:679] "Finished syncing" kind="ReplicaSet" key="monitoring/monitoring-stack-kube-state-metrics-5bf5c7b54d" duration="54.521µs"
2025-01-28 21:23:10,289 INFO c.h.h.t.HelmChartContainer - [POD] monitoring-stack-grafana-64c55fb967-rgtjr [69538ec2-e137-473d-8561-d120210aa826] in monitoring was MODIFIED
2025-01-28 21:23:10,290 INFO c.h.h.t.HelmChartContainer - [EVENT] Normal [Killing] Stopping container grafana-sc-dashboard [monitoring:monitoring-stack-grafana-64c55fb967-rgtjr]
2025-01-28 21:23:10,295 INFO c.h.h.t.HelmChartContainer - [K3S] [replica_set.go:679] "Finished syncing" kind="ReplicaSet" key="monitoring/monitoring-stack-grafana-64c55fb967" duration="16.12424ms"
2025-01-28 21:23:10,295 INFO c.h.h.t.HelmChartContainer - [K3S] [replica_set.go:679] "Finished syncing" kind="ReplicaSet" key="monitoring/monitoring-stack-grafana-64c55fb967" duration="86.622µs"
2025-01-28 21:23:10,302 INFO c.h.h.t.HelmChartContainer - [EVENT] Normal [Killing] Stopping container grafana [monitoring:monitoring-stack-grafana-64c55fb967-rgtjr]
2025-01-28 21:23:10,309 INFO c.h.h.t.HelmChartContainer - [EVENT] Normal [Killing] Stopping container grafana-sc-datasources [monitoring:monitoring-stack-grafana-64c55fb967-rgtjr]
2025-01-28 21:23:10,360 INFO c.h.h.t.HelmChartContainer - [K3S] [replica_set.go:679] "Finished syncing" kind="ReplicaSet" key="monitoring/monitoring-stack-kube-prom-operator-6f4fc4bc65" duration="49.642µs"
2025-01-28 21:23:10,365 INFO c.h.h.t.HelmChartContainer - [POD] monitoring-stack-kube-prom-operator-6f4fc4bc65-7mjbn [c95fd21f-33fc-4d83-a9ff-dd59ccbbf4e5] in monitoring was MODIFIED
2025-01-28 21:23:10,415 INFO c.h.h.t.HelmChartContainer - [K3S] [reconciler_common.go:162] "operationExecutor.UnmountVolume started for volume \"kube-api-access-wd6kt\" (UniqueName: \"kubernetes.io/projected/605d0d61-f0ea-4bb6-ab4a-06cb56b92c4e-kube-api-access-wd6kt\") pod \"605d0d61-f0ea-4bb6-ab4a-06cb56b92c4e\" (UID: \"605d0d61-f0ea-4bb6-ab4a-06cb56b92c4e\") "
2025-01-28 21:23:10,497 INFO c.h.h.t.HelmChartContainer - [POD] alertmanager-monitoring-stack-kube-prom-alertmanager-0 [6027699d-7d28-48c7-be9d-5f7bbf4ff13f] in monitoring was MODIFIED
2025-01-28 21:23:10,505 INFO c.h.h.t.HelmChartContainer - [EVENT] Normal [Killing] Stopping container alertmanager [monitoring:alertmanager-monitoring-stack-kube-prom-alertmanager-0]
2025-01-28 21:23:10,511 INFO c.h.h.t.HelmChartContainer - [EVENT] Normal [Killing] Stopping container config-reloader [monitoring:alertmanager-monitoring-stack-kube-prom-alertmanager-0]
2025-01-28 21:23:10,517 INFO c.h.h.t.HelmChartContainer - [K3S] [reconciler_common.go:162] "operationExecutor.UnmountVolume started for volume \"kube-api-access-qt4qf\" (UniqueName: \"kubernetes.io/projected/c95fd21f-33fc-4d83-a9ff-dd59ccbbf4e5-kube-api-access-qt4qf\") pod \"c95fd21f-33fc-4d83-a9ff-dd59ccbbf4e5\" (UID: \"c95fd21f-33fc-4d83-a9ff-dd59ccbbf4e5\") "
2025-01-28 21:23:10,518 INFO c.h.h.t.HelmChartContainer - [K3S] [reconciler_common.go:162] "operationExecutor.UnmountVolume started for volume \"tls-secret\" (UniqueName: \"kubernetes.io/secret/c95fd21f-33fc-4d83-a9ff-dd59ccbbf4e5-tls-secret\") pod \"c95fd21f-33fc-4d83-a9ff-dd59ccbbf4e5\" (UID: \"c95fd21f-33fc-4d83-a9ff-dd59ccbbf4e5\") "
2025-01-28 21:23:10,518 INFO c.h.h.t.HelmChartContainer - [K3S] [reconciler_common.go:299] "Volume detached for volume \"kube-api-access-wd6kt\" (UniqueName: \"kubernetes.io/projected/605d0d61-f0ea-4bb6-ab4a-06cb56b92c4e-kube-api-access-wd6kt\") on node \"d1dd1cbcc0a3\" DevicePath \"\""
2025-01-28 21:23:10,616 INFO c.h.h.t.HelmChartContainer - [K3S] [reconciler_common.go:299] "Volume detached for volume \"tls-secret\" (UniqueName: \"kubernetes.io/secret/c95fd21f-33fc-4d83-a9ff-dd59ccbbf4e5-tls-secret\") on node \"d1dd1cbcc0a3\" DevicePath \"\""
2025-01-28 21:23:10,616 INFO c.h.h.t.HelmChartContainer - [K3S] [reconciler_common.go:299] "Volume detached for volume \"kube-api-access-qt4qf\" (UniqueName: \"kubernetes.io/projected/c95fd21f-33fc-4d83-a9ff-dd59ccbbf4e5-kube-api-access-qt4qf\") on node \"d1dd1cbcc0a3\" DevicePath \"\""
2025-01-28 21:23:10,622 INFO c.h.h.t.HelmChartContainer - [K3S] [replica_set.go:679] "Finished syncing" kind="ReplicaSet" key="monitoring/monitoring-stack-grafana-64c55fb967" duration="38.301µs"
2025-01-28 21:23:10,625 INFO c.h.h.t.HelmChartContainer - [POD] monitoring-stack-grafana-64c55fb967-rgtjr [69538ec2-e137-473d-8561-d120210aa826] in monitoring was MODIFIED
2025-01-28 21:23:10,653 INFO c.h.h.t.HelmChartContainer - [POD] alertmanager-monitoring-stack-kube-prom-alertmanager-0 [6027699d-7d28-48c7-be9d-5f7bbf4ff13f] in monitoring was MODIFIED
2025-01-28 21:23:10,670 INFO c.h.h.t.HelmChartContainer - [POD] prometheus-monitoring-stack-kube-prom-prometheus-0 [7b68fe4a-5c07-4160-976d-43429d3d7f9b] in monitoring was MODIFIED
2025-01-28 21:23:10,688 INFO c.h.h.t.HelmChartContainer - [EVENT] Normal [Killing] Stopping container prometheus [monitoring:prometheus-monitoring-stack-kube-prom-prometheus-0]
2025-01-28 21:23:10,706 INFO c.h.h.t.HelmChartContainer - [EVENT] Normal [Killing] Stopping container config-reloader [monitoring:prometheus-monitoring-stack-kube-prom-prometheus-0]
2025-01-28 21:23:10,717 INFO c.h.h.t.HelmChartContainer - [K3S] [reconciler_common.go:162] "operationExecutor.UnmountVolume started for volume \"tls-assets\" (UniqueName: \"kubernetes.io/projected/6027699d-7d28-48c7-be9d-5f7bbf4ff13f-tls-assets\") pod \"6027699d-7d28-48c7-be9d-5f7bbf4ff13f\" (UID: \"6027699d-7d28-48c7-be9d-5f7bbf4ff13f\") "
2025-01-28 21:23:10,717 INFO c.h.h.t.HelmChartContainer - [K3S] [reconciler_common.go:162] "operationExecutor.UnmountVolume started for volume \"kube-api-access-nc6nk\" (UniqueName: \"kubernetes.io/projected/69538ec2-e137-473d-8561-d120210aa826-kube-api-access-nc6nk\") pod \"69538ec2-e137-473d-8561-d120210aa826\" (UID: \"69538ec2-e137-473d-8561-d120210aa826\") "
2025-01-28 21:23:10,717 INFO c.h.h.t.HelmChartContainer - [K3S] [reconciler_common.go:162] "operationExecutor.UnmountVolume started for volume \"config-volume\" (UniqueName: \"kubernetes.io/secret/6027699d-7d28-48c7-be9d-5f7bbf4ff13f-config-volume\") pod \"6027699d-7d28-48c7-be9d-5f7bbf4ff13f\" (UID: \"6027699d-7d28-48c7-be9d-5f7bbf4ff13f\") "
2025-01-28 21:23:10,718 INFO c.h.h.t.HelmChartContainer - [K3S] [reconciler_common.go:162] "operationExecutor.UnmountVolume started for volume \"kube-api-access-4ll8n\" (UniqueName: \"kubernetes.io/projected/6027699d-7d28-48c7-be9d-5f7bbf4ff13f-kube-api-access-4ll8n\") pod \"6027699d-7d28-48c7-be9d-5f7bbf4ff13f\" (UID: \"6027699d-7d28-48c7-be9d-5f7bbf4ff13f\") "
2025-01-28 21:23:10,718 INFO c.h.h.t.HelmChartContainer - [K3S] [reconciler_common.go:162] "operationExecutor.UnmountVolume started for volume \"config\" (UniqueName: \"kubernetes.io/configmap/69538ec2-e137-473d-8561-d120210aa826-config\") pod \"69538ec2-e137-473d-8561-d120210aa826\" (UID: \"69538ec2-e137-473d-8561-d120210aa826\") "
2025-01-28 21:23:10,718 INFO c.h.h.t.HelmChartContainer - [K3S] [reconciler_common.go:162] "operationExecutor.UnmountVolume started for volume \"storage\" (UniqueName: \"kubernetes.io/empty-dir/69538ec2-e137-473d-8561-d120210aa826-storage\") pod \"69538ec2-e137-473d-8561-d120210aa826\" (UID: \"69538ec2-e137-473d-8561-d120210aa826\") "
2025-01-28 21:23:10,718 INFO c.h.h.t.HelmChartContainer - [K3S] [reconciler_common.go:162] "operationExecutor.UnmountVolume started for volume \"sc-datasources-volume\" (UniqueName: \"kubernetes.io/empty-dir/69538ec2-e137-473d-8561-d120210aa826-sc-datasources-volume\") pod \"69538ec2-e137-473d-8561-d120210aa826\" (UID: \"69538ec2-e137-473d-8561-d120210aa826\") "
2025-01-28 21:23:10,718 INFO c.h.h.t.HelmChartContainer - [K3S] [reconciler_common.go:162] "operationExecutor.UnmountVolume started for volume \"alertmanager-monitoring-stack-kube-prom-alertmanager-db\" (UniqueName: \"kubernetes.io/empty-dir/6027699d-7d28-48c7-be9d-5f7bbf4ff13f-alertmanager-monitoring-stack-kube-prom-alertmanager-db\") pod \"6027699d-7d28-48c7-be9d-5f7bbf4ff13f\" (UID: \"6027699d-7d28-48c7-be9d-5f7bbf4ff13f\") "
2025-01-28 21:23:10,718 INFO c.h.h.t.HelmChartContainer - [K3S] [reconciler_common.go:162] "operationExecutor.UnmountVolume started for volume \"sc-dashboard-provider\" (UniqueName: \"kubernetes.io/configmap/69538ec2-e137-473d-8561-d120210aa826-sc-dashboard-provider\") pod \"69538ec2-e137-473d-8561-d120210aa826\" (UID: \"69538ec2-e137-473d-8561-d120210aa826\") "
2025-01-28 21:23:10,718 INFO c.h.h.t.HelmChartContainer - [K3S] [reconciler_common.go:162] "operationExecutor.UnmountVolume started for volume \"sc-dashboard-volume\" (UniqueName: \"kubernetes.io/empty-dir/69538ec2-e137-473d-8561-d120210aa826-sc-dashboard-volume\") pod \"69538ec2-e137-473d-8561-d120210aa826\" (UID: \"69538ec2-e137-473d-8561-d120210aa826\") "
2025-01-28 21:23:10,718 INFO c.h.h.t.HelmChartContainer - [K3S] [reconciler_common.go:162] "operationExecutor.UnmountVolume started for volume \"config-out\" (UniqueName: \"kubernetes.io/empty-dir/6027699d-7d28-48c7-be9d-5f7bbf4ff13f-config-out\") pod \"6027699d-7d28-48c7-be9d-5f7bbf4ff13f\" (UID: \"6027699d-7d28-48c7-be9d-5f7bbf4ff13f\") "
2025-01-28 21:23:10,718 INFO c.h.h.t.HelmChartContainer - [K3S] [reconciler_common.go:162] "operationExecutor.UnmountVolume started for volume \"web-config\" (UniqueName: \"kubernetes.io/secret/6027699d-7d28-48c7-be9d-5f7bbf4ff13f-web-config\") pod \"6027699d-7d28-48c7-be9d-5f7bbf4ff13f\" (UID: \"6027699d-7d28-48c7-be9d-5f7bbf4ff13f\") "
2025-01-28 21:23:10,818 INFO c.h.h.t.HelmChartContainer - [K3S] [reconciler_common.go:299] "Volume detached for volume \"alertmanager-monitoring-stack-kube-prom-alertmanager-db\" (UniqueName: \"kubernetes.io/empty-dir/6027699d-7d28-48c7-be9d-5f7bbf4ff13f-alertmanager-monitoring-stack-kube-prom-alertmanager-db\") on node \"d1dd1cbcc0a3\" DevicePath \"\""
2025-01-28 21:23:10,818 INFO c.h.h.t.HelmChartContainer - [K3S] [reconciler_common.go:299] "Volume detached for volume \"sc-dashboard-provider\" (UniqueName: \"kubernetes.io/configmap/69538ec2-e137-473d-8561-d120210aa826-sc-dashboard-provider\") on node \"d1dd1cbcc0a3\" DevicePath \"\""
2025-01-28 21:23:10,818 INFO c.h.h.t.HelmChartContainer - [K3S] [reconciler_common.go:299] "Volume detached for volume \"sc-dashboard-volume\" (UniqueName: \"kubernetes.io/empty-dir/69538ec2-e137-473d-8561-d120210aa826-sc-dashboard-volume\") on node \"d1dd1cbcc0a3\" DevicePath \"\""
2025-01-28 21:23:10,818 INFO c.h.h.t.HelmChartContainer - [K3S] [reconciler_common.go:299] "Volume detached for volume \"config-out\" (UniqueName: \"kubernetes.io/empty-dir/6027699d-7d28-48c7-be9d-5f7bbf4ff13f-config-out\") on node \"d1dd1cbcc0a3\" DevicePath \"\""
2025-01-28 21:23:10,818 INFO c.h.h.t.HelmChartContainer - [K3S] [reconciler_common.go:299] "Volume detached for volume \"web-config\" (UniqueName: \"kubernetes.io/secret/6027699d-7d28-48c7-be9d-5f7bbf4ff13f-web-config\") on node \"d1dd1cbcc0a3\" DevicePath \"\""
2025-01-28 21:23:10,818 INFO c.h.h.t.HelmChartContainer - [K3S] [reconciler_common.go:299] "Volume detached for volume \"tls-assets\" (UniqueName: \"kubernetes.io/projected/6027699d-7d28-48c7-be9d-5f7bbf4ff13f-tls-assets\") on node \"d1dd1cbcc0a3\" DevicePath \"\""
2025-01-28 21:23:10,818 INFO c.h.h.t.HelmChartContainer - [K3S] [reconciler_common.go:299] "Volume detached for volume \"kube-api-access-nc6nk\" (UniqueName: \"kubernetes.io/projected/69538ec2-e137-473d-8561-d120210aa826-kube-api-access-nc6nk\") on node \"d1dd1cbcc0a3\" DevicePath \"\""
2025-01-28 21:23:10,818 INFO c.h.h.t.HelmChartContainer - [K3S] [reconciler_common.go:299] "Volume detached for volume \"config-volume\" (UniqueName: \"kubernetes.io/secret/6027699d-7d28-48c7-be9d-5f7bbf4ff13f-config-volume\") on node \"d1dd1cbcc0a3\" DevicePath \"\""
2025-01-28 21:23:10,818 INFO c.h.h.t.HelmChartContainer - [K3S] [reconciler_common.go:299] "Volume detached for volume \"config\" (UniqueName: \"kubernetes.io/configmap/69538ec2-e137-473d-8561-d120210aa826-config\") on node \"d1dd1cbcc0a3\" DevicePath \"\""
2025-01-28 21:23:10,819 INFO c.h.h.t.HelmChartContainer - [K3S] [reconciler_common.go:299] "Volume detached for volume \"storage\" (UniqueName: \"kubernetes.io/empty-dir/69538ec2-e137-473d-8561-d120210aa826-storage\") on node \"d1dd1cbcc0a3\" DevicePath \"\""
2025-01-28 21:23:10,819 INFO c.h.h.t.HelmChartContainer - [K3S] [reconciler_common.go:299] "Volume detached for volume \"kube-api-access-4ll8n\" (UniqueName: \"kubernetes.io/projected/6027699d-7d28-48c7-be9d-5f7bbf4ff13f-kube-api-access-4ll8n\") on node \"d1dd1cbcc0a3\" DevicePath \"\""
2025-01-28 21:23:10,819 INFO c.h.h.t.HelmChartContainer - [K3S] [reconciler_common.go:299] "Volume detached for volume \"sc-datasources-volume\" (UniqueName: \"kubernetes.io/empty-dir/69538ec2-e137-473d-8561-d120210aa826-sc-datasources-volume\") on node \"d1dd1cbcc0a3\" DevicePath \"\""
2025-01-28 21:23:10,885 INFO c.h.h.t.HelmChartContainer - [POD] prometheus-monitoring-stack-kube-prom-prometheus-0 [7b68fe4a-5c07-4160-976d-43429d3d7f9b] in monitoring was MODIFIED
2025-01-28 21:23:11,019 INFO c.h.h.t.HelmChartContainer - [K3S] [reconciler_common.go:162] "operationExecutor.UnmountVolume started for volume \"web-config\" (UniqueName: \"kubernetes.io/secret/7b68fe4a-5c07-4160-976d-43429d3d7f9b-web-config\") pod \"7b68fe4a-5c07-4160-976d-43429d3d7f9b\" (UID: \"7b68fe4a-5c07-4160-976d-43429d3d7f9b\") "
2025-01-28 21:23:11,019 INFO c.h.h.t.HelmChartContainer - [K3S] [reconciler_common.go:162] "operationExecutor.UnmountVolume started for volume \"config\" (UniqueName: \"kubernetes.io/secret/7b68fe4a-5c07-4160-976d-43429d3d7f9b-config\") pod \"7b68fe4a-5c07-4160-976d-43429d3d7f9b\" (UID: \"7b68fe4a-5c07-4160-976d-43429d3d7f9b\") "
2025-01-28 21:23:11,019 INFO c.h.h.t.HelmChartContainer - [K3S] [reconciler_common.go:162] "operationExecutor.UnmountVolume started for volume \"tls-assets\" (UniqueName: \"kubernetes.io/projected/7b68fe4a-5c07-4160-976d-43429d3d7f9b-tls-assets\") pod \"7b68fe4a-5c07-4160-976d-43429d3d7f9b\" (UID: \"7b68fe4a-5c07-4160-976d-43429d3d7f9b\") "
2025-01-28 21:23:11,019 INFO c.h.h.t.HelmChartContainer - [K3S] [reconciler_common.go:162] "operationExecutor.UnmountVolume started for volume \"prometheus-monitoring-stack-kube-prom-prometheus-rulefiles-0\" (UniqueName: \"kubernetes.io/configmap/7b68fe4a-5c07-4160-976d-43429d3d7f9b-prometheus-monitoring-stack-kube-prom-prometheus-rulefiles-0\") pod \"7b68fe4a-5c07-4160-976d-43429d3d7f9b\" (UID: \"7b68fe4a-5c07-4160-976d-43429d3d7f9b\") "
2025-01-28 21:23:11,019 INFO c.h.h.t.HelmChartContainer - [K3S] [reconciler_common.go:162] "operationExecutor.UnmountVolume started for volume \"kube-api-access-r52zm\" (UniqueName: \"kubernetes.io/projected/7b68fe4a-5c07-4160-976d-43429d3d7f9b-kube-api-access-r52zm\") pod \"7b68fe4a-5c07-4160-976d-43429d3d7f9b\" (UID: \"7b68fe4a-5c07-4160-976d-43429d3d7f9b\") "
2025-01-28 21:23:11,019 INFO c.h.h.t.HelmChartContainer - [K3S] [reconciler_common.go:162] "operationExecutor.UnmountVolume started for volume \"config-out\" (UniqueName: \"kubernetes.io/empty-dir/7b68fe4a-5c07-4160-976d-43429d3d7f9b-config-out\") pod \"7b68fe4a-5c07-4160-976d-43429d3d7f9b\" (UID: \"7b68fe4a-5c07-4160-976d-43429d3d7f9b\") "
2025-01-28 21:23:11,020 INFO c.h.h.t.HelmChartContainer - [K3S] [reconciler_common.go:162] "operationExecutor.UnmountVolume started for volume \"prometheus-monitoring-stack-kube-prom-prometheus-db\" (UniqueName: \"kubernetes.io/empty-dir/7b68fe4a-5c07-4160-976d-43429d3d7f9b-prometheus-monitoring-stack-kube-prom-prometheus-db\") pod \"7b68fe4a-5c07-4160-976d-43429d3d7f9b\" (UID: \"7b68fe4a-5c07-4160-976d-43429d3d7f9b\") "
2025-01-28 21:23:11,113 INFO c.h.h.t.HelmChartContainer - [K3S] [scope.go:117] "RemoveContainer" containerID="4c45486271021d1cebcc34bf7bc4e52c9dd87243d92a0335acdc883de337d6c4"
2025-01-28 21:23:11,118 INFO c.h.h.t.HelmChartContainer - [K3S] [scope.go:117] "RemoveContainer" containerID="85909c669d1b2ca3c5cc545e2120227900db6df6ad2e5841dc130778987db37a"
2025-01-28 21:23:11,119 INFO c.h.h.t.HelmChartContainer - [K3S] [reconciler_common.go:299] "Volume detached for volume \"tls-assets\" (UniqueName: \"kubernetes.io/projected/7b68fe4a-5c07-4160-976d-43429d3d7f9b-tls-assets\") on node \"d1dd1cbcc0a3\" DevicePath \"\""
2025-01-28 21:23:11,119 INFO c.h.h.t.HelmChartContainer - [K3S] [reconciler_common.go:299] "Volume detached for volume \"prometheus-monitoring-stack-kube-prom-prometheus-rulefiles-0\" (UniqueName: \"kubernetes.io/configmap/7b68fe4a-5c07-4160-976d-43429d3d7f9b-prometheus-monitoring-stack-kube-prom-prometheus-rulefiles-0\") on node \"d1dd1cbcc0a3\" DevicePath \"\""
2025-01-28 21:23:11,120 INFO c.h.h.t.HelmChartContainer - [K3S] [reconciler_common.go:299] "Volume detached for volume \"kube-api-access-r52zm\" (UniqueName: \"kubernetes.io/projected/7b68fe4a-5c07-4160-976d-43429d3d7f9b-kube-api-access-r52zm\") on node \"d1dd1cbcc0a3\" DevicePath \"\""
2025-01-28 21:23:11,120 INFO c.h.h.t.HelmChartContainer - [K3S] [reconciler_common.go:299] "Volume detached for volume \"config-out\" (UniqueName: \"kubernetes.io/empty-dir/7b68fe4a-5c07-4160-976d-43429d3d7f9b-config-out\") on node \"d1dd1cbcc0a3\" DevicePath \"\""
2025-01-28 21:23:11,120 INFO c.h.h.t.HelmChartContainer - [K3S] [reconciler_common.go:299] "Volume detached for volume \"prometheus-monitoring-stack-kube-prom-prometheus-db\" (UniqueName: \"kubernetes.io/empty-dir/7b68fe4a-5c07-4160-976d-43429d3d7f9b-prometheus-monitoring-stack-kube-prom-prometheus-db\") on node \"d1dd1cbcc0a3\" DevicePath \"\""
2025-01-28 21:23:11,120 INFO c.h.h.t.HelmChartContainer - [K3S] [reconciler_common.go:299] "Volume detached for volume \"web-config\" (UniqueName: \"kubernetes.io/secret/7b68fe4a-5c07-4160-976d-43429d3d7f9b-web-config\") on node \"d1dd1cbcc0a3\" DevicePath \"\""
2025-01-28 21:23:11,121 INFO c.h.h.t.HelmChartContainer - [K3S] [reconciler_common.go:299] "Volume detached for volume \"config\" (UniqueName: \"kubernetes.io/secret/7b68fe4a-5c07-4160-976d-43429d3d7f9b-config\") on node \"d1dd1cbcc0a3\" DevicePath \"\""
2025-01-28 21:23:11,134 INFO c.h.h.t.HelmChartContainer - [K3S] [scope.go:117] "RemoveContainer" containerID="248eceefca7b50fb1c112787fa8cac66df27a2d41f532414b945d28f22256206"
2025-01-28 21:23:11,135 INFO c.h.h.t.HelmChartContainer - [POD] monitoring-stack-grafana-64c55fb967-rgtjr [69538ec2-e137-473d-8561-d120210aa826] in monitoring was MODIFIED
2025-01-28 21:23:11,139 INFO c.h.h.t.HelmChartContainer - [K3S] [replica_set.go:679] "Finished syncing" kind="ReplicaSet" key="monitoring/monitoring-stack-grafana-64c55fb967" duration="54.883µs"
2025-01-28 21:23:11,142 INFO c.h.h.t.HelmChartContainer - [K3S] [replica_set.go:679] "Finished syncing" kind="ReplicaSet" key="monitoring/monitoring-stack-grafana-64c55fb967" duration="46.998µs"
2025-01-28 21:23:11,149 INFO c.h.h.t.HelmChartContainer - [K3S] [scope.go:117] "RemoveContainer" containerID="4c45486271021d1cebcc34bf7bc4e52c9dd87243d92a0335acdc883de337d6c4"
2025-01-28 21:23:11,149 INFO c.h.h.t.HelmChartContainer - [K3S] [scope.go:117] "RemoveContainer" containerID="85909c669d1b2ca3c5cc545e2120227900db6df6ad2e5841dc130778987db37a"
2025-01-28 21:23:11,149 INFO c.h.h.t.HelmChartContainer - [K3S] [scope.go:117] "RemoveContainer" containerID="248eceefca7b50fb1c112787fa8cac66df27a2d41f532414b945d28f22256206"
2025-01-28 21:23:11,150 INFO c.h.h.t.HelmChartContainer - [K3S] [scope.go:117] "RemoveContainer" containerID="4c45486271021d1cebcc34bf7bc4e52c9dd87243d92a0335acdc883de337d6c4"
2025-01-28 21:23:11,151 INFO c.h.h.t.HelmChartContainer - [K3S] [scope.go:117] "RemoveContainer" containerID="85909c669d1b2ca3c5cc545e2120227900db6df6ad2e5841dc130778987db37a"
2025-01-28 21:23:11,151 INFO c.h.h.t.HelmChartContainer - [K3S] [scope.go:117] "RemoveContainer" containerID="248eceefca7b50fb1c112787fa8cac66df27a2d41f532414b945d28f22256206"
2025-01-28 21:23:11,152 INFO c.h.h.t.HelmChartContainer - [K3S] [scope.go:117] "RemoveContainer" containerID="4c45486271021d1cebcc34bf7bc4e52c9dd87243d92a0335acdc883de337d6c4"
2025-01-28 21:23:11,153 INFO c.h.h.t.HelmChartContainer - [POD] monitoring-stack-grafana-64c55fb967-rgtjr [69538ec2-e137-473d-8561-d120210aa826] in monitoring was DELETED
2025-01-28 21:23:11,154 INFO c.h.h.t.HelmChartContainer - [K3S] [scope.go:117] "RemoveContainer" containerID="85909c669d1b2ca3c5cc545e2120227900db6df6ad2e5841dc130778987db37a"
2025-01-28 21:23:11,154 INFO c.h.h.t.HelmChartContainer - [K3S] [scope.go:117] "RemoveContainer" containerID="248eceefca7b50fb1c112787fa8cac66df27a2d41f532414b945d28f22256206"
2025-01-28 21:23:11,154 INFO c.h.h.t.HelmChartContainer - [K3S] [scope.go:117] "RemoveContainer" containerID="134d35374aa051550e3978bc18b72c26a3fe59e7d6b051449ee048f6c311ce87"
2025-01-28 21:23:11,160 INFO c.h.h.t.HelmChartContainer - [K3S] [scope.go:117] "RemoveContainer" containerID="6d6610178a41b32f9521efa3439a0389d4b01166b114a76179eade2bc8402af5"
2025-01-28 21:23:11,163 INFO c.h.h.t.HelmChartContainer - [POD] alertmanager-monitoring-stack-kube-prom-alertmanager-0 [6027699d-7d28-48c7-be9d-5f7bbf4ff13f] in monitoring was MODIFIED
2025-01-28 21:23:11,172 INFO c.h.h.t.HelmChartContainer - [K3S] [scope.go:117] "RemoveContainer" containerID="945123a69edf23f580f2bd51f0e22cf6f561eb729802cad09e3cf6ec732d1992"
2025-01-28 21:23:11,173 INFO c.h.h.t.HelmChartContainer - [POD] alertmanager-monitoring-stack-kube-prom-alertmanager-0 [6027699d-7d28-48c7-be9d-5f7bbf4ff13f] in monitoring was DELETED
2025-01-28 21:23:11,178 INFO c.h.h.t.HelmChartContainer - [K3S] [scope.go:117] "RemoveContainer" containerID="134d35374aa051550e3978bc18b72c26a3fe59e7d6b051449ee048f6c311ce87"
2025-01-28 21:23:11,181 INFO c.h.h.t.HelmChartContainer - [K3S] [scope.go:117] "RemoveContainer" containerID="6d6610178a41b32f9521efa3439a0389d4b01166b114a76179eade2bc8402af5"
2025-01-28 21:23:11,186 INFO c.h.h.t.HelmChartContainer - [K3S] [scope.go:117] "RemoveContainer" containerID="945123a69edf23f580f2bd51f0e22cf6f561eb729802cad09e3cf6ec732d1992"
2025-01-28 21:23:11,187 INFO c.h.h.t.HelmChartContainer - [K3S] [scope.go:117] "RemoveContainer" containerID="134d35374aa051550e3978bc18b72c26a3fe59e7d6b051449ee048f6c311ce87"
2025-01-28 21:23:11,189 INFO c.h.h.t.HelmChartContainer - [POD] prometheus-monitoring-stack-kube-prom-prometheus-0 [7b68fe4a-5c07-4160-976d-43429d3d7f9b] in monitoring was MODIFIED
2025-01-28 21:23:11,192 INFO c.h.h.t.HelmChartContainer - [K3S] [scope.go:117] "RemoveContainer" containerID="6d6610178a41b32f9521efa3439a0389d4b01166b114a76179eade2bc8402af5"
2025-01-28 21:23:11,192 INFO c.h.h.t.HelmChartContainer - [K3S] [scope.go:117] "RemoveContainer" containerID="945123a69edf23f580f2bd51f0e22cf6f561eb729802cad09e3cf6ec732d1992"
2025-01-28 21:23:11,192 INFO c.h.h.t.HelmChartContainer - [K3S] [scope.go:117] "RemoveContainer" containerID="b08ad9a7a06a3fa6c41b4c4a055d0c2d93d80df251926c1bbd5c65d03019f45f"
2025-01-28 21:23:11,198 INFO c.h.h.t.HelmChartContainer - [POD] prometheus-monitoring-stack-kube-prom-prometheus-0 [7b68fe4a-5c07-4160-976d-43429d3d7f9b] in monitoring was DELETED
2025-01-28 21:23:11,211 INFO c.h.h.t.HelmChartContainer - [K3S] [scope.go:117] "RemoveContainer" containerID="6f2dd276de117e59cc1229b328389fee1a858610bb91bd296ccd08d9c02d52ad"
2025-01-28 21:23:11,235 INFO c.h.h.t.HelmChartContainer - [POD] monitoring-stack-kube-prom-operator-6f4fc4bc65-7mjbn [c95fd21f-33fc-4d83-a9ff-dd59ccbbf4e5] in monitoring was MODIFIED
2025-01-28 21:23:11,239 INFO c.h.h.t.HelmChartContainer - [K3S] [replica_set.go:679] "Finished syncing" kind="ReplicaSet" key="monitoring/monitoring-stack-kube-prom-operator-6f4fc4bc65" duration="133.018µs"
2025-01-28 21:23:11,239 INFO c.h.h.t.HelmChartContainer - [K3S] [scope.go:117] "RemoveContainer" containerID="6d2b3e3ba9c3473b47063d0b2765f040405d512a86bbea4454bfa5ce9ab75185"
2025-01-28 21:23:11,249 INFO c.h.h.t.HelmChartContainer - [K3S] [scope.go:117] "RemoveContainer" containerID="b08ad9a7a06a3fa6c41b4c4a055d0c2d93d80df251926c1bbd5c65d03019f45f"
2025-01-28 21:23:11,255 INFO c.h.h.t.HelmChartContainer - [K3S] [scope.go:117] "RemoveContainer" containerID="6f2dd276de117e59cc1229b328389fee1a858610bb91bd296ccd08d9c02d52ad"
2025-01-28 21:23:11,256 INFO c.h.h.t.HelmChartContainer - [K3S] [scope.go:117] "RemoveContainer" containerID="6d2b3e3ba9c3473b47063d0b2765f040405d512a86bbea4454bfa5ce9ab75185"
2025-01-28 21:23:11,256 INFO c.h.h.t.HelmChartContainer - [K3S] [scope.go:117] "RemoveContainer" containerID="b08ad9a7a06a3fa6c41b4c4a055d0c2d93d80df251926c1bbd5c65d03019f45f"
2025-01-28 21:23:11,257 INFO c.h.h.t.HelmChartContainer - [POD] monitoring-stack-kube-prom-operator-6f4fc4bc65-7mjbn [c95fd21f-33fc-4d83-a9ff-dd59ccbbf4e5] in monitoring was DELETED
2025-01-28 21:23:11,260 INFO c.h.h.t.HelmChartContainer - [K3S] [scope.go:117] "RemoveContainer" containerID="6f2dd276de117e59cc1229b328389fee1a858610bb91bd296ccd08d9c02d52ad"
2025-01-28 21:23:11,262 INFO c.h.h.t.HelmChartContainer - [K3S] [replica_set.go:679] "Finished syncing" kind="ReplicaSet" key="monitoring/monitoring-stack-kube-prom-operator-6f4fc4bc65" duration="365.481µs"
2025-01-28 21:23:11,262 INFO c.h.h.t.HelmChartContainer - [K3S] [scope.go:117] "RemoveContainer" containerID="6d2b3e3ba9c3473b47063d0b2765f040405d512a86bbea4454bfa5ce9ab75185"
2025-01-28 21:23:11,264 INFO c.h.h.t.HelmChartContainer - [K3S] [scope.go:117] "RemoveContainer" containerID="b6c031f57a317f69eb985dc5d1409a0f92a6602fe488c62a2a4eb9c7c1c9f152"
2025-01-28 21:23:11,277 INFO c.h.h.t.HelmChartContainer - [POD] monitoring-stack-kube-state-metrics-5bf5c7b54d-ss4kj [605d0d61-f0ea-4bb6-ab4a-06cb56b92c4e] in monitoring was MODIFIED
2025-01-28 21:23:11,279 INFO c.h.h.t.HelmChartContainer - [K3S] [replica_set.go:679] "Finished syncing" kind="ReplicaSet" key="monitoring/monitoring-stack-kube-state-metrics-5bf5c7b54d" duration="74.489µs"
2025-01-28 21:23:11,281 INFO c.h.h.t.HelmChartContainer - [K3S] [replica_set.go:679] "Finished syncing" kind="ReplicaSet" key="monitoring/monitoring-stack-kube-state-metrics-5bf5c7b54d" duration="75.391µs"
2025-01-28 21:23:11,287 INFO c.h.h.t.HelmChartContainer - [POD] monitoring-stack-kube-state-metrics-5bf5c7b54d-ss4kj [605d0d61-f0ea-4bb6-ab4a-06cb56b92c4e] in monitoring was DELETED
2025-01-28 21:23:11,290 INFO c.h.h.t.HelmChartContainer - [K3S] [scope.go:117] "RemoveContainer" containerID="b6c031f57a317f69eb985dc5d1409a0f92a6602fe488c62a2a4eb9c7c1c9f152"
2025-01-28 21:23:11,299 INFO c.h.h.t.HelmChartContainer - [K3S] [scope.go:117] "RemoveContainer" containerID="30a7a9c58ca1ad39ee998501c1523a80a9c60aa84a30b6df321f5fbd070c4651"
2025-01-28 21:23:11,304 INFO c.h.h.t.HelmChartContainer - [K3S] [scope.go:117] "RemoveContainer" containerID="30a7a9c58ca1ad39ee998501c1523a80a9c60aa84a30b6df321f5fbd070c4651"
2025-01-28 21:23:11,744 INFO c.h.h.t.HelmChartContainer - [K3S] [replica_set.go:679] "Finished syncing" kind="ReplicaSet" key="monitoring/monitoring-stack-grafana-64c55fb967" duration="7.053µs"
2025-01-28 21:23:11,868 INFO c.h.h.t.HelmChartContainer - [K3S] [replica_set.go:679] "Finished syncing" kind="ReplicaSet" key="monitoring/monitoring-stack-kube-prom-operator-6f4fc4bc65" duration="6.853µs"
2025-01-28 21:23:11,892 INFO c.h.h.t.HelmChartContainer - [K3S] [replica_set.go:679] "Finished syncing" kind="ReplicaSet" key="monitoring/monitoring-stack-kube-state-metrics-5bf5c7b54d" duration="4.829µs"
2025-01-28 21:23:11,969 INFO c.h.h.t.HelmChartContainer - [K3S] [stateful_set.go:466] "StatefulSet has been deleted" key="monitoring/alertmanager-monitoring-stack-kube-prom-alertmanager"
2025-01-28 21:23:12,069 INFO c.h.h.t.HelmChartContainer - [K3S] [stateful_set.go:466] "StatefulSet has been deleted" key="monitoring/prometheus-monitoring-stack-kube-prom-prometheus"
2025-01-28 21:23:12,161 INFO c.h.h.t.HelmChartContainer - [K3S] [kubelet_volumes.go:163] "Cleaned up orphaned pod volumes dir" podUID="6027699d-7d28-48c7-be9d-5f7bbf4ff13f" path="/var/lib/kubelet/pods/6027699d-7d28-48c7-be9d-5f7bbf4ff13f/volumes"
2025-01-28 21:23:12,162 INFO c.h.h.t.HelmChartContainer - [K3S] [kubelet_volumes.go:163] "Cleaned up orphaned pod volumes dir" podUID="605d0d61-f0ea-4bb6-ab4a-06cb56b92c4e" path="/var/lib/kubelet/pods/605d0d61-f0ea-4bb6-ab4a-06cb56b92c4e/volumes"
2025-01-28 21:23:12,162 INFO c.h.h.t.HelmChartContainer - [K3S] [kubelet_volumes.go:163] "Cleaned up orphaned pod volumes dir" podUID="69538ec2-e137-473d-8561-d120210aa826" path="/var/lib/kubelet/pods/69538ec2-e137-473d-8561-d120210aa826/volumes"
2025-01-28 21:23:12,163 INFO c.h.h.t.HelmChartContainer - [K3S] [kubelet_volumes.go:163] "Cleaned up orphaned pod volumes dir" podUID="7b68fe4a-5c07-4160-976d-43429d3d7f9b" path="/var/lib/kubelet/pods/7b68fe4a-5c07-4160-976d-43429d3d7f9b/volumes"
2025-01-28 21:23:12,164 INFO c.h.h.t.HelmChartContainer - [K3S] [kubelet_volumes.go:163] "Cleaned up orphaned pod volumes dir" podUID="c95fd21f-33fc-4d83-a9ff-dd59ccbbf4e5" path="/var/lib/kubelet/pods/c95fd21f-33fc-4d83-a9ff-dd59ccbbf4e5/volumes"
2025-01-28 21:23:12,818 INFO c.h.h.t.HelmChartContainer - [hivemq-test-hivemq-platform] [hivemq-platform-operator] [688b8613] 21:23:12.816 [pool-6-thread-17] DEBUG c.h.p.o.d.PlatformServiceResource - [helmmoni] Desired Platform services (3 services)
2025-01-28 21:23:12,818 INFO c.h.h.t.HelmChartContainer - [hivemq-test-hivemq-platform] [hivemq-platform-operator] [688b8613] 21:23:12.816 [pool-6-thread-18] DEBUG c.h.p.o.d.PodServiceAccountResource - [helmmoni] Desired PodServiceAccountResource (serviceAccountName: hivemq-platform-pod-test-hivemq-platform)
2025-01-28 21:23:12,819 INFO c.h.h.t.HelmChartContainer - [hivemq-test-hivemq-platform] [hivemq-platform-operator] [688b8613] 21:23:12.817 [pool-6-thread-15] DEBUG c.h.p.o.dependants.PodInfoConfigMap - [helmmoni] Desired PodInfo ConfigMap (1 extensions) (1 enabled)
2025-01-28 21:23:12,819 INFO c.h.h.t.HelmChartContainer - [hivemq-test-hivemq-platform] [hivemq-platform-operator] [688b8613] 21:23:12.817 [pool-6-thread-15] DEBUG c.h.p.o.dependants.PodInfoConfigMap - [helmmoni] Desired PodInfo ConfigMap (metrics port: 9399) (metrics path: /)
2025-01-28 21:23:12,819 INFO c.h.h.t.HelmChartContainer - [hivemq-test-hivemq-platform] [hivemq-platform-operator] [688b8613] 21:23:12.817 [pool-6-thread-15] DEBUG c.h.p.o.dependants.PodInfoConfigMap - [helmmoni] Desired PodInfo ConfigMap (extension state hash: -1817474005)
2025-01-28 21:23:12,822 INFO c.h.h.t.HelmChartContainer - [hivemq-test-hivemq-platform] [hivemq-platform-operator] [688b8613] 21:23:12.821 [pool-6-thread-14] DEBUG c.h.p.o.d.StatefulSetResource - [helmmoni] Desired StatefulSet (2 replicas) for status RUNNING (READY)
2025-01-28 21:23:12,825 INFO c.h.h.t.HelmChartContainer - [hivemq-test-hivemq-platform] [hivemq-platform-operator] [688b8613] 21:23:12.823 [ReconcilerExecutor-hivemq-controller-125] INFO  c.h.p.o.HiveMQPlatformReconciler - [helmmoni] Reconciling HiveMQ Platform 'test-hivemq-platform' in namespace 'helmmonitoringplatformit'
2025-01-28 21:23:12,825 INFO c.h.h.t.HelmChartContainer - [hivemq-test-hivemq-platform] [hivemq-platform-operator] [688b8613] 21:23:12.824 [ReconcilerExecutor-hivemq-controller-125] DEBUG c.h.p.o.HiveMQPlatformReconciler - [helmmoni] Custom Resource Status RUNNING - HiveMQ Platform is ready (READY)
2025-01-28 21:23:12,825 INFO c.h.h.t.HelmChartContainer - [hivemq-test-hivemq-platform] [hivemq-platform-operator] [688b8613] 21:23:12.824 [ReconcilerExecutor-hivemq-controller-125] DEBUG c.h.p.o.HiveMQPlatformReconciler - [helmmoni] Custom Resource Spec (replicas: 2) (extensions: 1)
2025-01-28 21:23:12,826 INFO c.h.h.t.HelmChartContainer - [hivemq-test-hivemq-platform] [hivemq-platform-operator] [688b8613] 21:23:12.825 [ReconcilerExecutor-hivemq-controller-125] DEBUG c.h.p.o.HiveMQPlatformReconciler - [helmmoni] StatefulSet Status (revision: test-hivemq-platform-64db946475, replicas: 2, available: 2, ready: 2, current: 2, updated: 2)
2025-01-28 21:23:12,826 INFO c.h.h.t.HelmChartContainer - [hivemq-test-hivemq-platform] [hivemq-platform-operator] [688b8613] 21:23:12.825 [ReconcilerExecutor-hivemq-controller-125] DEBUG c.h.p.o.HiveMQPlatformReconciler - [helmmoni] StatefulSet Spec (replicas: 2, init containers: 1, containers: 1, volumes: 3)
2025-01-28 21:23:12,827 INFO c.h.h.t.HelmChartContainer - [hivemq-test-hivemq-platform] [hivemq-platform-operator] [688b8613] 21:23:12.827 [ReconcilerExecutor-hivemq-controller-125] DEBUG c.h.p.o.h.HiveMQPlatformReconcilerErrorHandler - [helmmoni] Pod 'test-hivemq-platform-1' phase Running
2025-01-28 21:23:12,830 INFO c.h.h.t.HelmChartContainer - [hivemq-test-hivemq-platform] [hivemq-platform-operator] [688b8613] 21:23:12.829 [ReconcilerExecutor-hivemq-controller-125] DEBUG c.h.p.o.h.HiveMQPlatformReconcilerErrorHandler - [helmmoni] Pod 'test-hivemq-platform-0' phase Running
2025-01-28 21:23:13,889 INFO c.h.h.t.HelmChartContainer - Deleting namespace 'monitoring'...
2025-01-28 21:23:19,310 INFO c.h.h.t.HelmChartContainer - Namespace 'monitoring' deleted
2025-01-28 21:23:19,310 INFO c.h.h.t.HelmChartContainer - Release 'monitoring-stack' in namespace 'monitoring' is uninstalled
2025-01-28 21:23:19,310 INFO c.h.h.t.HelmChartContainer - Uninstalling release 'test-hivemq-platform' in namespace 'helmmonitoringplatformit'...
2025-01-28 21:23:19,310 DEBUG c.h.h.t.HelmChartContainer - Executing helm command: /bin/helm --kubeconfig /etc/rancher/k3s/k3s.yaml uninstall test-hivemq-platform  --wait --timeout 5m0s --cascade foreground --namespace helmmonitoringplatformit
2025-01-28 21:23:19,573 INFO c.h.h.t.HelmChartContainer - [hivemq-test-hivemq-platform] [hivemq-platform-operator] [688b8613] 21:23:19.568 [pool-6-thread-30] DEBUG c.h.p.o.d.PlatformServiceResource - [helmmoni] Desired Platform services (3 services)
2025-01-28 21:23:19,573 INFO c.h.h.t.HelmChartContainer - [hivemq-test-hivemq-platform] [hivemq-platform-operator] [688b8613] 21:23:19.568 [pool-6-thread-29] DEBUG c.h.p.o.dependants.PodInfoConfigMap - [helmmoni] Desired PodInfo ConfigMap (1 extensions) (1 enabled)
2025-01-28 21:23:19,573 INFO c.h.h.t.HelmChartContainer - [hivemq-test-hivemq-platform] [hivemq-platform-operator] [688b8613] 21:23:19.568 [pool-6-thread-29] DEBUG c.h.p.o.dependants.PodInfoConfigMap - [helmmoni] Desired PodInfo ConfigMap (metrics port: 9399) (metrics path: /)
2025-01-28 21:23:19,573 INFO c.h.h.t.HelmChartContainer - [hivemq-test-hivemq-platform] [hivemq-platform-operator] [688b8613] 21:23:19.568 [pool-6-thread-29] DEBUG c.h.p.o.dependants.PodInfoConfigMap - [helmmoni] Desired PodInfo ConfigMap (extension state hash: -1817474005)
2025-01-28 21:23:19,573 INFO c.h.h.t.HelmChartContainer - [hivemq-test-hivemq-platform] [hivemq-platform-operator] [688b8613] 21:23:19.569 [pool-6-thread-22] DEBUG c.h.p.o.d.PodServiceAccountResource - [helmmoni] Desired PodServiceAccountResource (serviceAccountName: hivemq-platform-pod-test-hivemq-platform)
2025-01-28 21:23:19,586 INFO c.h.h.t.HelmChartContainer - [hivemq-test-hivemq-platform] [hivemq-platform-operator] [688b8613] 21:23:19.572 [pool-6-thread-30] DEBUG c.h.p.o.d.StatefulSetResource - [helmmoni] Desired StatefulSet (2 replicas) for status RUNNING (READY)
2025-01-28 21:23:19,586 INFO c.h.h.t.HelmChartContainer - [hivemq-test-hivemq-platform] [hivemq-platform-operator] [688b8613] 21:23:19.575 [ReconcilerExecutor-hivemq-controller-126] INFO  c.h.p.o.HiveMQPlatformReconciler - [helmmoni] Reconciling HiveMQ Platform 'test-hivemq-platform' in namespace 'helmmonitoringplatformit'
2025-01-28 21:23:19,586 INFO c.h.h.t.HelmChartContainer - [hivemq-test-hivemq-platform] [hivemq-platform-operator] [688b8613] 21:23:19.575 [ReconcilerExecutor-hivemq-controller-126] DEBUG c.h.p.o.HiveMQPlatformReconciler - [helmmoni] Custom Resource Status RUNNING - HiveMQ Platform is ready (READY)
2025-01-28 21:23:19,587 INFO c.h.h.t.HelmChartContainer - [hivemq-test-hivemq-platform] [hivemq-platform-operator] [688b8613] 21:23:19.575 [ReconcilerExecutor-hivemq-controller-126] DEBUG c.h.p.o.HiveMQPlatformReconciler - [helmmoni] Custom Resource Spec (replicas: 2) (extensions: 1)
2025-01-28 21:23:19,598 INFO c.h.h.t.HelmChartContainer - [hivemq-test-hivemq-platform] [hivemq-platform-operator] [688b8613] 21:23:19.578 [ReconcilerExecutor-hivemq-controller-126] DEBUG c.h.p.o.HiveMQPlatformReconciler - [helmmoni] StatefulSet Status (revision: test-hivemq-platform-64db946475, replicas: 2, available: 2, ready: 2, current: 2, updated: 2)
2025-01-28 21:23:19,598 INFO c.h.h.t.HelmChartContainer - [hivemq-test-hivemq-platform] [hivemq-platform-operator] [688b8613] 21:23:19.578 [ReconcilerExecutor-hivemq-controller-126] DEBUG c.h.p.o.HiveMQPlatformReconciler - [helmmoni] StatefulSet Spec (replicas: 2, init containers: 1, containers: 1, volumes: 3)
2025-01-28 21:23:19,598 INFO c.h.h.t.HelmChartContainer - [hivemq-test-hivemq-platform] [hivemq-platform-operator] [688b8613] 21:23:19.579 [ReconcilerExecutor-hivemq-controller-126] DEBUG c.h.p.o.h.HiveMQPlatformReconcilerErrorHandler - [helmmoni] Pod 'test-hivemq-platform-1' phase Running
2025-01-28 21:23:19,598 INFO c.h.h.t.HelmChartContainer - [hivemq-test-hivemq-platform] [hivemq-platform-operator] [688b8613] 21:23:19.581 [ReconcilerExecutor-hivemq-controller-126] DEBUG c.h.p.o.h.HiveMQPlatformReconcilerErrorHandler - [helmmoni] Pod 'test-hivemq-platform-0' phase Running
2025-01-28 21:23:19,598 INFO c.h.h.t.HelmChartContainer - [hivemq-test-hivemq-platform] [hivemq-platform-operator] [688b8613] 21:23:19.585 [ReconcilerExecutor-hivemq-controller-127] INFO  c.h.p.o.HiveMQPlatformReconciler - [helmmoni] Cleanup test-hivemq-platform - helmmonitoringplatformit HiveMQ Platform is shut down
2025-01-28 21:23:20,345 INFO c.h.h.t.HelmChartContainer - [POD] test-hivemq-platform-0 [f72bcaa8-9574-4837-97d5-6abec57a6997] in helmmonitoringplatformit was MODIFIED
2025-01-28 21:23:20,354 INFO c.h.h.t.HelmChartContainer - [EVENT] Normal [Killing] Stopping container hivemq [helmmonitoringplatformit:test-hivemq-platform-0]
2025-01-28 21:23:20,354 INFO c.h.h.t.HelmChartContainer - Received Killing event for container hivemq in pod test-hivemq-platform-0 [f72bcaa8-9574-4837-97d5-6abec57a6997]
2025-01-28 21:23:20,354 INFO c.h.h.t.HelmChartContainer - Container [test-hivemq-platform-0] [hivemq] [f72bcaa8-9574-4837-97d5-6abec57a6997] was terminated
2025-01-28 21:23:20,354 INFO c.h.h.t.HelmChartContainer - Stopped log watcher for hivemq in pod test-hivemq-platform-0 [f72bcaa8-9574-4837-97d5-6abec57a6997]
2025-01-28 21:23:20,363 INFO c.h.h.t.HelmChartContainer - [test-hivemq-platform] [hivemq] [f72bcaa8] INFO  - [HiveMQ Platform Operator Init App 1.7.0-SNAPSHOT] Shutting down
2025-01-28 21:23:20,363 INFO c.h.h.t.HelmChartContainer - [test-hivemq-platform] [hivemq] [f72bcaa8] INFO  - [HiveMQ Platform Operator Init App 1.7.0-SNAPSHOT] Stopping the HiveMQ Platform
2025-01-28 21:23:20,380 INFO c.h.h.t.HelmChartContainer - [POD] test-hivemq-platform-1 [f75af7bf-8aab-4224-b592-94f116fde5cb] in helmmonitoringplatformit was MODIFIED
2025-01-28 21:23:20,395 INFO c.h.h.t.HelmChartContainer - [test-hivemq-platform] [hivemq] [f75af7bf] INFO  - [HiveMQ Platform Operator Init App 1.7.0-SNAPSHOT] Shutting down
2025-01-28 21:23:20,395 INFO c.h.h.t.HelmChartContainer - [test-hivemq-platform] [hivemq] [f75af7bf] INFO  - [HiveMQ Platform Operator Init App 1.7.0-SNAPSHOT] Stopping the HiveMQ Platform
2025-01-28 21:23:20,401 INFO c.h.h.t.HelmChartContainer - [EVENT] Normal [Killing] Stopping container hivemq [helmmonitoringplatformit:test-hivemq-platform-1]
2025-01-28 21:23:20,401 INFO c.h.h.t.HelmChartContainer - Received Killing event for container hivemq in pod test-hivemq-platform-1 [f75af7bf-8aab-4224-b592-94f116fde5cb]
2025-01-28 21:23:20,401 INFO c.h.h.t.HelmChartContainer - Container [test-hivemq-platform-1] [hivemq] [f75af7bf-8aab-4224-b592-94f116fde5cb] was terminated
2025-01-28 21:23:20,401 INFO c.h.h.t.HelmChartContainer - Stopped log watcher for hivemq in pod test-hivemq-platform-1 [f75af7bf-8aab-4224-b592-94f116fde5cb]
2025-01-28 21:23:20,527 INFO c.h.h.t.HelmChartContainer - [test-hivemq-platform] [hivemq] [f72bcaa8] INFO  - Shutting down HiveMQ. Please wait, this could take a while...
2025-01-28 21:23:20,531 INFO c.h.h.t.HelmChartContainer - [test-hivemq-platform] [hivemq] [f72bcaa8] INFO  - Shutting down listeners and clients
2025-01-28 21:23:20,532 INFO c.h.h.t.HelmChartContainer - [test-hivemq-platform] [hivemq] [f72bcaa8] INFO  - Shutdown of listeners is done
2025-01-28 21:23:20,533 INFO c.h.h.t.HelmChartContainer - [test-hivemq-platform] [hivemq] [f72bcaa8] INFO  - No clients are connected, proceeding with shutdown
2025-01-28 21:23:20,560 INFO c.h.h.t.HelmChartContainer - [test-hivemq-platform] [hivemq] [f75af7bf] INFO  - Shutting down HiveMQ. Please wait, this could take a while...
2025-01-28 21:23:20,564 INFO c.h.h.t.HelmChartContainer - [test-hivemq-platform] [hivemq] [f75af7bf] INFO  - Shutting down listeners and clients
2025-01-28 21:23:20,566 INFO c.h.h.t.HelmChartContainer - [test-hivemq-platform] [hivemq] [f75af7bf] INFO  - Shutdown of listeners is done
2025-01-28 21:23:20,567 INFO c.h.h.t.HelmChartContainer - [test-hivemq-platform] [hivemq] [f75af7bf] INFO  - No clients are connected, proceeding with shutdown
2025-01-28 21:23:20,857 INFO c.h.h.t.HelmChartContainer - [test-hivemq-platform] [hivemq] [f72bcaa8] WARN  - [HiveMQ Platform Operator Init App 1.7.0-SNAPSHOT] Could not update Pod annotations: Failure executing: GET at: https://10.43.0.1:443/api/v1/namespaces/helmmonitoringplatformit/pods/test-hivemq-platform-0. Message: pods "test-hivemq-platform-0" is forbidden: User "system:serviceaccount:helmmonitoringplatformit:hivemq-platform-pod-test-hivemq-platform" cannot get resource "pods" in API group "" in the namespace "helmmonitoringplatformit". Received status: Status(apiVersion=v1, code=403, details=StatusDetails(causes=[], group=null, kind=pods, name=test-hivemq-platform-0, retryAfterSeconds=null, uid=null, additionalProperties={}), kind=Status, message=pods "test-hivemq-platform-0" is forbidden: User "system:serviceaccount:helmmonitoringplatformit:hivemq-platform-pod-test-hivemq-platform" cannot get resource "pods" in API group "" in the namespace "helmmonitoringplatformit", metadata=ListMeta(_continue=null, remainingItemCount=null, resourceVersion=null, selfLink=null, additionalProperties={}), reason=Forbidden, status=Failure, additionalProperties={}).
2025-01-28 21:23:21,642 INFO c.h.h.t.HelmChartContainer - Deleting namespace 'helmmonitoringplatformit'...
2025-01-28 21:23:22,385 INFO c.h.h.t.HelmChartContainer - [test-hivemq-platform] [hivemq] [f75af7bf] INFO  - [HiveMQ Platform Operator Init App 1.7.0-SNAPSHOT] Returning shutdown Health API response 503 for readiness
2025-01-28 21:23:22,389 INFO c.h.h.t.HelmChartContainer - [EVENT] Warning [Unhealthy] Readiness probe failed: HTTP probe failed with statuscode: 503 [helmmonitoringplatformit:test-hivemq-platform-1]
2025-01-28 21:23:22,389 INFO c.h.h.t.HelmChartContainer - Received Unhealthy event for container hivemq in pod test-hivemq-platform-1 [f75af7bf-8aab-4224-b592-94f116fde5cb]
2025-01-28 21:23:22,948 INFO c.h.h.t.HelmChartContainer - [test-hivemq-platform] [hivemq] [f75af7bf] WARN  - [HiveMQ Platform Operator Init App 1.7.0-SNAPSHOT] Could not update Pod annotations: Failure executing: GET at: https://10.43.0.1:443/api/v1/namespaces/helmmonitoringplatformit/pods/test-hivemq-platform-1. Message: pods "test-hivemq-platform-1" is forbidden: User "system:serviceaccount:helmmonitoringplatformit:hivemq-platform-pod-test-hivemq-platform" cannot get resource "pods" in API group "" in the namespace "helmmonitoringplatformit". Received status: Status(apiVersion=v1, code=403, details=StatusDetails(causes=[], group=null, kind=pods, name=test-hivemq-platform-1, retryAfterSeconds=null, uid=null, additionalProperties={}), kind=Status, message=pods "test-hivemq-platform-1" is forbidden: User "system:serviceaccount:helmmonitoringplatformit:hivemq-platform-pod-test-hivemq-platform" cannot get resource "pods" in API group "" in the namespace "helmmonitoringplatformit", metadata=ListMeta(_continue=null, remainingItemCount=null, resourceVersion=null, selfLink=null, additionalProperties={}), reason=Forbidden, status=Failure, additionalProperties={}).
2025-01-28 21:23:23,771 INFO c.h.h.t.HelmChartContainer - [test-hivemq-platform] [hivemq] [f75af7bf] INFO  - Shutting down extension system
2025-01-28 21:23:23,773 INFO c.h.h.t.HelmChartContainer - [test-hivemq-platform] [hivemq] [f75af7bf] INFO  - Stopping extension with id hivemq-dns-cluster-discovery
2025-01-28 21:23:23,774 INFO c.h.h.t.HelmChartContainer - [test-hivemq-platform] [hivemq] [f75af7bf] INFO  - Extension "DNS Cluster Discovery Extension" version 4.3.2 stopped successfully.
2025-01-28 21:23:23,774 INFO c.h.h.t.HelmChartContainer - [test-hivemq-platform] [hivemq] [f75af7bf] INFO  - Stopping extension with id hivemq-prometheus-extension
2025-01-28 21:23:23,778 INFO c.h.h.t.HelmChartContainer - [test-hivemq-platform] [hivemq] [f75af7bf] INFO  - Extension "Prometheus Monitoring Extension" version 4.0.12 stopped successfully.
2025-01-28 21:23:23,778 INFO c.h.h.t.HelmChartContainer - [test-hivemq-platform] [hivemq] [f75af7bf] INFO  - Stopping extension with id hivemq-allow-all-extension
2025-01-28 21:23:23,778 INFO c.h.h.t.HelmChartContainer - [test-hivemq-platform] [hivemq] [f75af7bf] INFO  - Extension "Allow All Extension" version 1.1.1 stopped successfully.
2025-01-28 21:23:23,782 INFO c.h.h.t.HelmChartContainer - [test-hivemq-platform] [hivemq] [f72bcaa8] INFO  - Cluster nodes found by discovery: [dzmPn|2] (1) [dzmPn].
2025-01-28 21:23:23,788 INFO c.h.h.t.HelmChartContainer - [test-hivemq-platform] [hivemq] [f72bcaa8] INFO  - Cluster size = 1, members : [dzmPn].
2025-01-28 21:23:24,138 INFO c.h.h.t.HelmChartContainer - [test-hivemq-platform] [hivemq] [f72bcaa8] INFO  - Shutting down extension system
2025-01-28 21:23:24,140 INFO c.h.h.t.HelmChartContainer - [test-hivemq-platform] [hivemq] [f72bcaa8] INFO  - Stopping extension with id hivemq-dns-cluster-discovery
2025-01-28 21:23:24,141 INFO c.h.h.t.HelmChartContainer - [test-hivemq-platform] [hivemq] [f72bcaa8] INFO  - Extension "DNS Cluster Discovery Extension" version 4.3.2 stopped successfully.
2025-01-28 21:23:24,141 INFO c.h.h.t.HelmChartContainer - [test-hivemq-platform] [hivemq] [f72bcaa8] INFO  - Stopping extension with id hivemq-prometheus-extension
2025-01-28 21:23:24,144 INFO c.h.h.t.HelmChartContainer - [test-hivemq-platform] [hivemq] [f72bcaa8] INFO  - Extension "Prometheus Monitoring Extension" version 4.0.12 stopped successfully.
2025-01-28 21:23:24,145 INFO c.h.h.t.HelmChartContainer - [test-hivemq-platform] [hivemq] [f72bcaa8] INFO  - Stopping extension with id hivemq-allow-all-extension
2025-01-28 21:23:24,145 INFO c.h.h.t.HelmChartContainer - [test-hivemq-platform] [hivemq] [f72bcaa8] INFO  - Extension "Allow All Extension" version 1.1.1 stopped successfully.
2025-01-28 21:23:24,268 INFO c.h.h.t.HelmChartContainer - [K3S] [namespace_controller.go:187] "Namespace has been deleted" namespace="monitoring"
2025-01-28 21:23:25,144 INFO c.h.h.t.HelmChartContainer - [test-hivemq-platform] [hivemq] [f72bcaa8] INFO  - [HiveMQ Platform Operator Init App 1.7.0-SNAPSHOT] Returning shutdown Health API response 503 for readiness
2025-01-28 21:23:25,148 INFO c.h.h.t.HelmChartContainer - [EVENT] Warning [Unhealthy] Readiness probe failed: HTTP probe failed with statuscode: 503 [helmmonitoringplatformit:test-hivemq-platform-0]
2025-01-28 21:23:25,148 INFO c.h.h.t.HelmChartContainer - Received Unhealthy event for container hivemq in pod test-hivemq-platform-0 [f72bcaa8-9574-4837-97d5-6abec57a6997]
2025-01-28 21:23:25,861 INFO c.h.h.t.HelmChartContainer - [K3S] [authentication.go:74] "Unable to authenticate the request" err="[invalid bearer token, serviceaccounts \"hivemq-platform-pod-test-hivemq-platform\" not found]"
2025-01-28 21:23:25,884 INFO c.h.h.t.HelmChartContainer - [K3S] [authentication.go:74] "Unable to authenticate the request" err="[invalid bearer token, serviceaccounts \"hivemq-platform-pod-test-hivemq-platform\" not found]"
2025-01-28 21:23:25,886 INFO c.h.h.t.HelmChartContainer - [test-hivemq-platform] [hivemq] [f72bcaa8] WARN  - [HiveMQ Platform Operator Init App 1.7.0-SNAPSHOT] Could not update Pod annotations: Failure executing: GET at: https://10.43.0.1:443/api/v1/namespaces/helmmonitoringplatformit/pods/test-hivemq-platform-0. Message: Unauthorized. Received status: Status(apiVersion=v1, code=401, details=null, kind=Status, message=Unauthorized, metadata=ListMeta(_continue=null, remainingItemCount=null, resourceVersion=null, selfLink=null, additionalProperties={}), reason=Unauthorized, status=Failure, additionalProperties={}).
2025-01-28 21:23:26,065 INFO c.h.h.t.HelmChartContainer - [test-hivemq-platform] [hivemq] [f75af7bf] INFO  - Shutdown completed.
2025-01-28 21:23:26,418 INFO c.h.h.t.HelmChartContainer - [test-hivemq-platform] [hivemq] [f72bcaa8] INFO  - Shutdown completed.
2025-01-28 21:23:26,418 INFO c.h.h.t.HelmChartContainer - [test-hivemq-platform] [hivemq] [f75af7bf] INFO  - [HiveMQ Platform Operator Init App 1.7.0-SNAPSHOT] The HiveMQ Platform exited with code 143
2025-01-28 21:23:26,418 INFO c.h.h.t.HelmChartContainer - [test-hivemq-platform] [hivemq] [f75af7bf] INFO  - [HiveMQ Platform Operator Init App 1.7.0-SNAPSHOT] Stopping the REST API
2025-01-28 21:23:26,459 INFO c.h.h.t.HelmChartContainer - [test-hivemq-platform] [hivemq] [f75af7bf] INFO  - [HiveMQ Platform Operator Init App 1.7.0-SNAPSHOT] Shutdown complete
2025-01-28 21:23:26,773 INFO c.h.h.t.HelmChartContainer - [test-hivemq-platform] [hivemq] [f72bcaa8] INFO  - [HiveMQ Platform Operator Init App 1.7.0-SNAPSHOT] The HiveMQ Platform exited with code 143
2025-01-28 21:23:26,775 INFO c.h.h.t.HelmChartContainer - [test-hivemq-platform] [hivemq] [f72bcaa8] INFO  - [HiveMQ Platform Operator Init App 1.7.0-SNAPSHOT] Stopping the REST API
2025-01-28 21:23:26,824 INFO c.h.h.t.HelmChartContainer - [test-hivemq-platform] [hivemq] [f72bcaa8] INFO  - [HiveMQ Platform Operator Init App 1.7.0-SNAPSHOT] Shutdown complete
2025-01-28 21:23:26,848 INFO c.h.h.t.HelmChartContainer - [K3S] [stateful_set.go:466] "StatefulSet has been deleted" key="helmmonitoringplatformit/test-hivemq-platform"
2025-01-28 21:23:26,987 INFO c.h.h.t.HelmChartContainer - [POD] test-hivemq-platform-1 [f75af7bf-8aab-4224-b592-94f116fde5cb] in helmmonitoringplatformit was MODIFIED
2025-01-28 21:23:27,121 INFO c.h.h.t.HelmChartContainer - [K3S] [reconciler_common.go:162] "operationExecutor.UnmountVolume started for volume \"kube-api-access-kkbw2\" (UniqueName: \"kubernetes.io/projected/f75af7bf-8aab-4224-b592-94f116fde5cb-kube-api-access-kkbw2\") pod \"f75af7bf-8aab-4224-b592-94f116fde5cb\" (UID: \"f75af7bf-8aab-4224-b592-94f116fde5cb\") "
2025-01-28 21:23:27,121 INFO c.h.h.t.HelmChartContainer - [K3S] [reconciler_common.go:162] "operationExecutor.UnmountVolume started for volume \"operator-init\" (UniqueName: \"kubernetes.io/empty-dir/f75af7bf-8aab-4224-b592-94f116fde5cb-operator-init\") pod \"f75af7bf-8aab-4224-b592-94f116fde5cb\" (UID: \"f75af7bf-8aab-4224-b592-94f116fde5cb\") "
2025-01-28 21:23:27,121 INFO c.h.h.t.HelmChartContainer - [K3S] [reconciler_common.go:162] "operationExecutor.UnmountVolume started for volume \"broker-configuration\" (UniqueName: \"kubernetes.io/configmap/f75af7bf-8aab-4224-b592-94f116fde5cb-broker-configuration\") pod \"f75af7bf-8aab-4224-b592-94f116fde5cb\" (UID: \"f75af7bf-8aab-4224-b592-94f116fde5cb\") "
2025-01-28 21:23:27,121 INFO c.h.h.t.HelmChartContainer - [K3S] [reconciler_common.go:162] "operationExecutor.UnmountVolume started for volume \"pod-info\" (UniqueName: \"kubernetes.io/configmap/f75af7bf-8aab-4224-b592-94f116fde5cb-pod-info\") pod \"f75af7bf-8aab-4224-b592-94f116fde5cb\" (UID: \"f75af7bf-8aab-4224-b592-94f116fde5cb\") "
2025-01-28 21:23:27,172 INFO c.h.h.t.HelmChartContainer - [K3S] [scope.go:117] "RemoveContainer" containerID="ef362f5ca47dbf5132f1b8a3b4bf53832d137812b9ff8fed0cb605a457b879d6"
2025-01-28 21:23:27,190 INFO c.h.h.t.HelmChartContainer - [POD] test-hivemq-platform-1 [f75af7bf-8aab-4224-b592-94f116fde5cb] in helmmonitoringplatformit was MODIFIED
2025-01-28 21:23:27,196 INFO c.h.h.t.HelmChartContainer - [POD] test-hivemq-platform-1 [f75af7bf-8aab-4224-b592-94f116fde5cb] in helmmonitoringplatformit was DELETED
2025-01-28 21:23:27,221 INFO c.h.h.t.HelmChartContainer - [K3S] [reconciler_common.go:299] "Volume detached for volume \"kube-api-access-kkbw2\" (UniqueName: \"kubernetes.io/projected/f75af7bf-8aab-4224-b592-94f116fde5cb-kube-api-access-kkbw2\") on node \"d1dd1cbcc0a3\" DevicePath \"\""
2025-01-28 21:23:27,221 INFO c.h.h.t.HelmChartContainer - [K3S] [reconciler_common.go:299] "Volume detached for volume \"operator-init\" (UniqueName: \"kubernetes.io/empty-dir/f75af7bf-8aab-4224-b592-94f116fde5cb-operator-init\") on node \"d1dd1cbcc0a3\" DevicePath \"\""
2025-01-28 21:23:27,221 INFO c.h.h.t.HelmChartContainer - [K3S] [reconciler_common.go:299] "Volume detached for volume \"broker-configuration\" (UniqueName: \"kubernetes.io/configmap/f75af7bf-8aab-4224-b592-94f116fde5cb-broker-configuration\") on node \"d1dd1cbcc0a3\" DevicePath \"\""
2025-01-28 21:23:27,221 INFO c.h.h.t.HelmChartContainer - [K3S] [reconciler_common.go:299] "Volume detached for volume \"pod-info\" (UniqueName: \"kubernetes.io/configmap/f75af7bf-8aab-4224-b592-94f116fde5cb-pod-info\") on node \"d1dd1cbcc0a3\" DevicePath \"\""
2025-01-28 21:23:27,273 INFO c.h.h.t.HelmChartContainer - [K3S] [scope.go:117] "RemoveContainer" containerID="579141a3a5837d8c0c1b4772d001afc0ffe4fb3233ec1691e6a870fa2c6d9656"
2025-01-28 21:23:27,277 INFO c.h.h.t.HelmChartContainer - [K3S] [scope.go:117] "RemoveContainer" containerID="ef362f5ca47dbf5132f1b8a3b4bf53832d137812b9ff8fed0cb605a457b879d6"
2025-01-28 21:23:27,277 INFO c.h.h.t.HelmChartContainer - [K3S] [scope.go:117] "RemoveContainer" containerID="579141a3a5837d8c0c1b4772d001afc0ffe4fb3233ec1691e6a870fa2c6d9656"
2025-01-28 21:23:27,291 INFO c.h.h.t.HelmChartContainer - [POD] test-hivemq-platform-0 [f72bcaa8-9574-4837-97d5-6abec57a6997] in helmmonitoringplatformit was MODIFIED
2025-01-28 21:23:27,421 INFO c.h.h.t.HelmChartContainer - [K3S] [reconciler_common.go:162] "operationExecutor.UnmountVolume started for volume \"broker-configuration\" (UniqueName: \"kubernetes.io/configmap/f72bcaa8-9574-4837-97d5-6abec57a6997-broker-configuration\") pod \"f72bcaa8-9574-4837-97d5-6abec57a6997\" (UID: \"f72bcaa8-9574-4837-97d5-6abec57a6997\") "
2025-01-28 21:23:27,421 INFO c.h.h.t.HelmChartContainer - [K3S] [reconciler_common.go:162] "operationExecutor.UnmountVolume started for volume \"pod-info\" (UniqueName: \"kubernetes.io/configmap/f72bcaa8-9574-4837-97d5-6abec57a6997-pod-info\") pod \"f72bcaa8-9574-4837-97d5-6abec57a6997\" (UID: \"f72bcaa8-9574-4837-97d5-6abec57a6997\") "
2025-01-28 21:23:27,421 INFO c.h.h.t.HelmChartContainer - [K3S] [reconciler_common.go:162] "operationExecutor.UnmountVolume started for volume \"kube-api-access-d9cqn\" (UniqueName: \"kubernetes.io/projected/f72bcaa8-9574-4837-97d5-6abec57a6997-kube-api-access-d9cqn\") pod \"f72bcaa8-9574-4837-97d5-6abec57a6997\" (UID: \"f72bcaa8-9574-4837-97d5-6abec57a6997\") "
2025-01-28 21:23:27,421 INFO c.h.h.t.HelmChartContainer - [K3S] [reconciler_common.go:162] "operationExecutor.UnmountVolume started for volume \"operator-init\" (UniqueName: \"kubernetes.io/empty-dir/f72bcaa8-9574-4837-97d5-6abec57a6997-operator-init\") pod \"f72bcaa8-9574-4837-97d5-6abec57a6997\" (UID: \"f72bcaa8-9574-4837-97d5-6abec57a6997\") "
2025-01-28 21:23:27,521 INFO c.h.h.t.HelmChartContainer - [K3S] [reconciler_common.go:299] "Volume detached for volume \"broker-configuration\" (UniqueName: \"kubernetes.io/configmap/f72bcaa8-9574-4837-97d5-6abec57a6997-broker-configuration\") on node \"d1dd1cbcc0a3\" DevicePath \"\""
2025-01-28 21:23:27,521 INFO c.h.h.t.HelmChartContainer - [K3S] [reconciler_common.go:299] "Volume detached for volume \"pod-info\" (UniqueName: \"kubernetes.io/configmap/f72bcaa8-9574-4837-97d5-6abec57a6997-pod-info\") on node \"d1dd1cbcc0a3\" DevicePath \"\""
2025-01-28 21:23:27,521 INFO c.h.h.t.HelmChartContainer - [K3S] [reconciler_common.go:299] "Volume detached for volume \"kube-api-access-d9cqn\" (UniqueName: \"kubernetes.io/projected/f72bcaa8-9574-4837-97d5-6abec57a6997-kube-api-access-d9cqn\") on node \"d1dd1cbcc0a3\" DevicePath \"\""
2025-01-28 21:23:27,521 INFO c.h.h.t.HelmChartContainer - [K3S] [reconciler_common.go:299] "Volume detached for volume \"operator-init\" (UniqueName: \"kubernetes.io/empty-dir/f72bcaa8-9574-4837-97d5-6abec57a6997-operator-init\") on node \"d1dd1cbcc0a3\" DevicePath \"\""
2025-01-28 21:23:28,161 INFO c.h.h.t.HelmChartContainer - [K3S] [kubelet_volumes.go:163] "Cleaned up orphaned pod volumes dir" podUID="f75af7bf-8aab-4224-b592-94f116fde5cb" path="/var/lib/kubelet/pods/f75af7bf-8aab-4224-b592-94f116fde5cb/volumes"
2025-01-28 21:23:28,175 INFO c.h.h.t.HelmChartContainer - [K3S] [scope.go:117] "RemoveContainer" containerID="1b789eadc0f78c1b47ba6f1fffdfece4085f934b2f72983061349e043aaddb27"
2025-01-28 21:23:28,187 INFO c.h.h.t.HelmChartContainer - [POD] test-hivemq-platform-0 [f72bcaa8-9574-4837-97d5-6abec57a6997] in helmmonitoringplatformit was MODIFIED
2025-01-28 21:23:28,191 INFO c.h.h.t.HelmChartContainer - [POD] test-hivemq-platform-0 [f72bcaa8-9574-4837-97d5-6abec57a6997] in helmmonitoringplatformit was DELETED
2025-01-28 21:23:28,271 INFO c.h.h.t.HelmChartContainer - [K3S] [scope.go:117] "RemoveContainer" containerID="aab6d33ca372c5387bcb25cdc9c89f44820d431aebd9ab7bc899c7e4e25db3a2"
2025-01-28 21:23:28,274 INFO c.h.h.t.HelmChartContainer - [K3S] [scope.go:117] "RemoveContainer" containerID="1b789eadc0f78c1b47ba6f1fffdfece4085f934b2f72983061349e043aaddb27"
2025-01-28 21:23:28,275 INFO c.h.h.t.HelmChartContainer - [K3S] [scope.go:117] "RemoveContainer" containerID="aab6d33ca372c5387bcb25cdc9c89f44820d431aebd9ab7bc899c7e4e25db3a2"
2025-01-28 21:23:30,161 INFO c.h.h.t.HelmChartContainer - [K3S] [kubelet_volumes.go:163] "Cleaned up orphaned pod volumes dir" podUID="f72bcaa8-9574-4837-97d5-6abec57a6997" path="/var/lib/kubelet/pods/f72bcaa8-9574-4837-97d5-6abec57a6997/volumes"
2025-01-28 21:23:32,069 INFO c.h.h.t.HelmChartContainer - Namespace 'helmmonitoringplatformit' deleted
2025-01-28 21:23:32,069 INFO c.h.h.t.HelmChartContainer - Release 'test-hivemq-platform' in namespace 'helmmonitoringplatformit' is uninstalled
2025-01-28 21:23:32,069 INFO c.h.h.t.HelmChartContainer - Uninstalling release 'test-hivemq-platform-operator' in namespace 'helmmonitoringplatformit-operator'...
2025-01-28 21:23:32,069 DEBUG c.h.h.t.HelmChartContainer - Executing helm command: /bin/helm --kubeconfig /etc/rancher/k3s/k3s.yaml uninstall test-hivemq-platform-operator  --wait --timeout 5m0s --cascade foreground --namespace helmmonitoringplatformit-operator
2025-01-28 21:23:32,273 INFO c.h.h.t.HelmChartContainer - [K3S] [replica_set.go:679] "Finished syncing" kind="ReplicaSet" key="helmmonitoringplatformit-operator/hivemq-test-hivemq-platform-operator-6966f96d65" duration="11.390259ms"
2025-01-28 21:23:32,273 INFO c.h.h.t.HelmChartContainer - [K3S] [replica_set.go:679] "Finished syncing" kind="ReplicaSet" key="helmmonitoringplatformit-operator/hivemq-test-hivemq-platform-operator-6966f96d65" duration="73.677µs"
2025-01-28 21:23:32,301 INFO c.h.h.t.HelmChartContainer - [POD] hivemq-test-hivemq-platform-operator-6966f96d65-nfpxd [688b8613-ad84-44b2-9671-e8817e70feed] in helmmonitoringplatformit-operator was MODIFIED
2025-01-28 21:23:32,316 INFO c.h.h.t.HelmChartContainer - [EVENT] Normal [Killing] Stopping container hivemq-platform-operator [helmmonitoringplatformit-operator:hivemq-test-hivemq-platform-operator-6966f96d65-nfpxd]
2025-01-28 21:23:32,316 INFO c.h.h.t.HelmChartContainer - Received Killing event for container hivemq-platform-operator in pod hivemq-test-hivemq-platform-operator-6966f96d65-nfpxd [688b8613-ad84-44b2-9671-e8817e70feed]
2025-01-28 21:23:32,316 INFO c.h.h.t.HelmChartContainer - Container [hivemq-test-hivemq-platform-operator-6966f96d65-nfpxd] [hivemq-platform-operator] [688b8613-ad84-44b2-9671-e8817e70feed] was terminated
2025-01-28 21:23:32,316 INFO c.h.h.t.HelmChartContainer - Stopped log watcher for hivemq-platform-operator in pod hivemq-test-hivemq-platform-operator-6966f96d65-nfpxd [688b8613-ad84-44b2-9671-e8817e70feed]
2025-01-28 21:23:32,319 INFO c.h.h.t.HelmChartContainer - [hivemq-test-hivemq-platform] [hivemq-platform-operator] [688b8613] 21:23:32.317 [application-shutdown-thread] INFO  c.h.p.o.HiveMQPlatformOperatorApplication - HiveMQ Platform Operator is stopping...
2025-01-28 21:23:32,320 INFO c.h.h.t.HelmChartContainer - [hivemq-test-hivemq-platform] [hivemq-platform-operator] [688b8613] 21:23:32.317 [application-shutdown-thread] INFO  i.javaoperatorsdk.operator.Operator - Operator SDK 4.9.7 is shutting down...
2025-01-28 21:23:32,331 INFO c.h.h.t.HelmChartContainer - [K3S] [replica_set.go:679] "Finished syncing" kind="ReplicaSet" key="helmmonitoringplatformit-operator/hivemq-test-hivemq-platform-operator-6966f96d65" duration="25.191289ms"
2025-01-28 21:23:32,331 INFO c.h.h.t.HelmChartContainer - [K3S] [replica_set.go:679] "Finished syncing" kind="ReplicaSet" key="helmmonitoringplatformit-operator/hivemq-test-hivemq-platform-operator-6966f96d65" duration="33.542µs"
2025-01-28 21:23:32,851 INFO c.h.h.t.HelmChartContainer - [K3S] [replica_set.go:679] "Finished syncing" kind="ReplicaSet" key="helmmonitoringplatformit-operator/hivemq-test-hivemq-platform-operator-6966f96d65" duration="43.201µs"
2025-01-28 21:23:32,851 INFO c.h.h.t.HelmChartContainer - [POD] hivemq-test-hivemq-platform-operator-6966f96d65-nfpxd [688b8613-ad84-44b2-9671-e8817e70feed] in helmmonitoringplatformit-operator was MODIFIED
2025-01-28 21:23:32,859 INFO c.h.h.t.HelmChartContainer - [K3S] [reconciler_common.go:162] "operationExecutor.UnmountVolume started for volume \"kube-api-access-lrzjg\" (UniqueName: \"kubernetes.io/projected/688b8613-ad84-44b2-9671-e8817e70feed-kube-api-access-lrzjg\") pod \"688b8613-ad84-44b2-9671-e8817e70feed\" (UID: \"688b8613-ad84-44b2-9671-e8817e70feed\") "
2025-01-28 21:23:32,959 INFO c.h.h.t.HelmChartContainer - [K3S] [reconciler_common.go:299] "Volume detached for volume \"kube-api-access-lrzjg\" (UniqueName: \"kubernetes.io/projected/688b8613-ad84-44b2-9671-e8817e70feed-kube-api-access-lrzjg\") on node \"d1dd1cbcc0a3\" DevicePath \"\""
2025-01-28 21:23:33,192 INFO c.h.h.t.HelmChartContainer - [K3S] [scope.go:117] "RemoveContainer" containerID="5758140ff702bc0e31f1afbca2f7fce9824f2899ae43899759ff2c348087e48f"
2025-01-28 21:23:33,196 INFO c.h.h.t.HelmChartContainer - [K3S] [scope.go:117] "RemoveContainer" containerID="5758140ff702bc0e31f1afbca2f7fce9824f2899ae43899759ff2c348087e48f"
2025-01-28 21:23:33,205 INFO c.h.h.t.HelmChartContainer - [K3S] [replica_set.go:679] "Finished syncing" kind="ReplicaSet" key="helmmonitoringplatformit-operator/hivemq-test-hivemq-platform-operator-6966f96d65" duration="39.583µs"
2025-01-28 21:23:33,205 INFO c.h.h.t.HelmChartContainer - [POD] hivemq-test-hivemq-platform-operator-6966f96d65-nfpxd [688b8613-ad84-44b2-9671-e8817e70feed] in helmmonitoringplatformit-operator was MODIFIED
2025-01-28 21:23:33,217 INFO c.h.h.t.HelmChartContainer - [K3S] [replica_set.go:679] "Finished syncing" kind="ReplicaSet" key="helmmonitoringplatformit-operator/hivemq-test-hivemq-platform-operator-6966f96d65" duration="28.654µs"
2025-01-28 21:23:33,219 INFO c.h.h.t.HelmChartContainer - [POD] hivemq-test-hivemq-platform-operator-6966f96d65-nfpxd [688b8613-ad84-44b2-9671-e8817e70feed] in helmmonitoringplatformit-operator was DELETED
2025-01-28 21:23:33,222 INFO c.h.h.t.HelmChartContainer - [K3S] [replica_set.go:679] "Finished syncing" kind="ReplicaSet" key="helmmonitoringplatformit-operator/hivemq-test-hivemq-platform-operator-6966f96d65" duration="6.372µs"
2025-01-28 21:23:34,161 INFO c.h.h.t.HelmChartContainer - [K3S] [kubelet_volumes.go:163] "Cleaned up orphaned pod volumes dir" podUID="688b8613-ad84-44b2-9671-e8817e70feed" path="/var/lib/kubelet/pods/688b8613-ad84-44b2-9671-e8817e70feed/volumes"
2025-01-28 21:23:34,301 INFO c.h.h.t.HelmChartContainer - Deleting namespace 'helmmonitoringplatformit-operator'...
2025-01-28 21:23:37,001 INFO c.h.h.t.HelmChartContainer - [K3S] [namespace_controller.go:187] "Namespace has been deleted" namespace="helmmonitoringplatformit"
2025-01-28 21:23:39,516 INFO c.h.h.t.HelmChartContainer - Namespace 'helmmonitoringplatformit-operator' deleted
2025-01-28 21:23:39,516 INFO c.h.h.t.HelmChartContainer - Release 'test-hivemq-platform-operator' in namespace 'helmmonitoringplatformit-operator' is uninstalled
2025-01-28 21:23:40,158 INFO c.h.helmcharts.AbstractHelmChartIT - Removed unused containers:

2025-01-28 21:23:44,457 INFO c.h.h.t.HelmChartContainer - [K3S] [namespace_controller.go:187] "Namespace has been deleted" namespace="helmmonitoringplatformit-operator"
2025-01-28 21:23:54,367 INFO c.h.helmcharts.AbstractHelmChartIT - Removed unused snapshots:
Removing snapshot sha256:03af251906410714c5aef9fa705b63f6bbc39c4a5e787de7361eeb18886c2ed2
Removing snapshot sha256:0c46b3b43cce082ce5ec34ffc6c294e0417d17b9d1e6f366d114b6aadc4f96dc
Removing snapshot sha256:0ce761beee59082d6ed5bcebd3a805b8ddd9b3426b617e4809e7fb7c6587ffec
Removing snapshot sha256:0df91287303208332c8ff6ba40ae4710105201739addbfbddfb955f1ad593664
Removing snapshot sha256:0f30b4526626599ad6853b13d715ed5f11e4dac30bdf22795ee36d8b73285c01
Removing snapshot sha256:1021ef88c7974bfff89c5a0ec4fd3160daac6c48a075f74cff721f85dd104e68
Removing snapshot sha256:10aba4953ddc18145dd38e3704709bc464aa20af60b56fe52caaff4b68411e62
Removing snapshot sha256:17b3230dbaa15b80ea4c59d385a510a1c6c669d654d4445b25f4122988ddf932
Removing snapshot sha256:1ab0a79eb9ae3bab99382d18e27cb1c587196d2929db9c8d1c79088bd5a8fa18
Removing snapshot sha256:1e604deea57dbda554a168861cff1238f93b8c6c69c863c43aed37d9d99c5fed
Removing snapshot sha256:2330d1b95992fe4dfdab1ed70e86e349f3f37a80a92140a1ec441a9c3169bcb7
Removing snapshot sha256:2573e0d8158209ed54ab25c87bcdcb00bd3d2539246960a3d592a1c599d70465
Removing snapshot sha256:28846e5aa88544409e74fb2d4ce16139d6365419ff48b7fc067bf850d9d0c125
Removing snapshot sha256:3102b3958924e454ee4c19fe49136c5727bea4a438945b9d85ed7525ae7ad17a
Removing snapshot sha256:362a8a37f8bbc31925a8146adcf7cf51f9882f5c1dcbef67c5baa03a297543c0
Removing snapshot sha256:38300cd41e4e7621f1880dc17df1510a0b41c3700bba086c7d13695c2852c906
Removing snapshot sha256:3aea2e5ee60f1f0173fafb64e361c34847c160a755964b223b571f112b206391
Removing snapshot sha256:3d737060823899829eb7827e20ddb4021f5c31c4e7e348a380b528903c9051ae
Removing snapshot sha256:3fa4ad33f0ddc8fd45b39b6b4640f82a3a83619606cd975bfe89d8710ad2d4cd
Removing snapshot sha256:42508696bab4cddb098661270605482768f11b222c3b338a84e17c388a573539
Removing snapshot sha256:42b3566bfb67a7e1e92c7fb9a9d9fd9d5d1c68fb9234b2e7e8d57e3894c584c6
Removing snapshot sha256:43a7c979bbaba6838bc3102d6b10a1459f3ab050b87ccdfef84ef90cf43d3058
Removing snapshot sha256:43e32e0401181ce446773595aa5b45dd3de52a62bd17ce6321e472661bef46fc
Removing snapshot sha256:4ab04491cdf0d3267f08206fe30bd48f49f94b9cab2f016d6739220f722a64af
Removing snapshot sha256:4b6068250e89c96f263060261819c7d912855bfbd64b3eb4c4a8483299b8c295
Removing snapshot sha256:4e4a4c2a9fcafd941707917d9cb4c348229dcda7e6a77d20a5c9e977659e2acb
Removing snapshot sha256:580e69a0a8034ede1921139bbd2bfb72a69ebf276d008281896c32dd8bf74775
Removing snapshot sha256:597fcac6b802be96dede6dae530b1fd3d80ee2191e3c39bd5c3dfb528309801e
Removing snapshot sha256:59860db8e524598ca0913cb5a7821a1a1c1e56f61dec4fe619ad8a278bfd44c2
Removing snapshot sha256:5a9ba96b94a7acc2c16f45d7113265f2705262d850ff8d73abf339acec4e4283
Removing snapshot sha256:5d30ba46b27fe37484567ccc5242cadc78217b8da605f3f195ef25cbf7487904
Removing snapshot sha256:63ca1fbb43ae5034640e5e6cb3e083e05c290072c5366fcaa9d62435a4cced85
Removing snapshot sha256:67f702c6baae873bceb19487c8b1f27bd2b86077e4f2f0e480e6d60ab508b8f5
Removing snapshot sha256:6864348dd42806d552efdec384f1274be15e2d0c10ce44c1f04347af004c10a9
Removing snapshot sha256:6c7dee8f2c39b84b7dc2711c01d33de93514d9055499173e9290176fbe484b6c
Removing snapshot sha256:6d2198b9bba47eb108a6f8e064d85edb59b204d24ceb4d866ad96079b9ec1498
Removing snapshot sha256:711f0795be2fadadbf9fe1151ea3506c44bc3c41083e049b25f8bac1bd91851c
Removing snapshot sha256:74acea72c72664d31caa1810182a8d9f76600a5e41ed9d1eb2814c0bc090bfea
Removing snapshot sha256:75654b8eeebd3beae97271a102f57cdeb794cc91e442648544963a7e951e9558
Removing snapshot sha256:783ad6a93b23221db9f18c15f79aeb134655b6dd29a9a9bc7472ee50852d14a7
Removing snapshot sha256:81ed7e1a344eefb04664b5d772157e32be190d566bd3083af46ec0b8796ae9ae
Removing snapshot sha256:82753493a6d61ded36556292f02f31841a14c20d2f279f19eaad65afb661d5cd
Removing snapshot sha256:84a897f1c589cde259313d1efcd537ab957267a6526caa797d9703c4ee903204
Removing snapshot sha256:8a10d3db42c505ee0fcfa98417bdd7e39b304f6bcc0a06bb1b220797ff2cc63c
Removing snapshot sha256:8d297423f53775a6b77d49e57a5e9f47799fcfddca869a1164226d56c8299763
Removing snapshot sha256:8d29f0a1eb4094de2153b43408d8bea7a6c099a6c990580405cee04b51633c68
Removing snapshot sha256:8ec1e08a6c109c9698b32f46974375ee19470c62a5de0618346b3b4442919582
Removing snapshot sha256:94b728d964f60c89faa32d3296c8e524b6a15c163f95728001c8be4091968231
Removing snapshot sha256:9852f74557303324154e94d69646a117800c24f830d6dd3150a61f1cb1877bfb
Removing snapshot sha256:a21e5b12dbac529ad45d976eb9ce45c881f3bedcc500fb30aba1e52aa1813418
Removing snapshot sha256:afb9d24a81528af822cc0a49b79c922afd1b6fb3355f0fe3683749f5ad2e2e5e
Removing snapshot sha256:b403bf5671b66322a4fb4fcf772687a9e487ab58804584befcae862807d8eb88
Removing snapshot sha256:b8c8d85687c0d5b64887dfaf35dedad43ecac3954a798ffa91d79a5aeb500496
Removing snapshot sha256:b921e6c28969094157f9b8e7244677780319637afd14450b7cb6b2fdea558a0c
Removing snapshot sha256:bc27ecb5769a00e309cf99ebc763c4a4b958b618d1decc96ffac5bc05f02f5b7
Removing snapshot sha256:be3ccb6627a5332e309d45ef461d09b4879dd870c7394d89323d0ebc6ca6aa8a
Removing snapshot sha256:c261f7cbbc64211ee175ee47273acdb7b1a36a4450b397a064a8f2c026490095
Removing snapshot sha256:c34d9393647eea0c9e3557ab988efaf59f61d10a2a5613b439ef0958cca5ec10
Removing snapshot sha256:ccf3c4a0fa967a41c1c83497a2ce6fa5787965859df0adb32c4ca2cf7490bc2b
Removing snapshot sha256:cda334c60720b02c295deeee0739beb29d9283df72a19f0e73b54e50c89e8c00
Removing snapshot sha256:cf92d33f869417309692088c341cd0f223c178ea78a125f757317b22aa8f90e9
Removing snapshot sha256:d0037344cf2fb078884f1849f6a1f8cf9a33a3b6139b6a85833e5ee528e1f9a8
Removing snapshot sha256:d3b36d5b79273b1e98e7700470eaeff05a882e777124d84cebcc1505b85ecb36
Removing snapshot sha256:d65a44a37914602d12c611e5e22a50f11451d847e63015cc1c2aef92dee777a4
Removing snapshot sha256:d7698055289ea72fad6a712ae4a30a02f6f294e476718fac7d5eea9098793d8e
Removing snapshot sha256:deb8fe0e16fb632523b566bfa4819d4c8b7689407d4211b88d26b6988d84ef75
Removing snapshot sha256:e2dc0bae2455930f23ae570e019b7f32edc75c0f2d71cab084db837ff9051796
Removing snapshot sha256:e58151b46376c08fb48e2a2fbe134b6de223be0749d20b7b60bf475e526a2884
Removing snapshot sha256:eccbd24a99c60cd9e86ee5305dbfc4a4dc89f5ab4fb1f06c8d64797cecedef34
Removing snapshot sha256:f144bb4c7c7f0d2aa7eeffd36d934ec40db1ee167be727e326aad9fdc616f475

]]></system-out>
  </testcase>
  <system-out><![CDATA[2025-01-28 21:20:17,513 INFO c.h.h.t.HelmChartContainerExtension - Using cached HelmChartContainer instance
]]></system-out>
  <system-err><![CDATA[]]></system-err>
</testsuite>
