<?xml version="1.0" encoding="UTF-8"?>
<testsuite name="com.hivemq.helmcharts.license.HelmExtensionLicensesIT" tests="2" skipped="0" failures="0" errors="0" timestamp="2025-01-28T21:20:28" hostname="fv-az1701-966" time="209.847">
  <properties/>
  <testcase name="withExtensionLicenseFileContent_statefulSetWithLicenseSecretMounted()" classname="com.hivemq.helmcharts.license.HelmExtensionLicensesIT" time="104.645">
    <system-out><![CDATA[2025-01-28 21:20:28,064 INFO c.h.h.t.HelmChartContainer - Creating namespace 'helmextensionlicensesit-operator'...
2025-01-28 21:20:28,070 INFO c.h.h.t.HelmChartContainer - Namespace 'helmextensionlicensesit-operator' created
2025-01-28 21:20:28,070 INFO c.h.h.t.HelmChartContainer - Creating namespace 'helmextensionlicensesit'...
2025-01-28 21:20:28,079 INFO c.h.h.t.HelmChartContainer - Namespace 'helmextensionlicensesit' created
2025-01-28 21:20:28,150 DEBUG c.h.h.t.HelmChartContainer - Executing helm command: /bin/helm --kubeconfig /etc/rancher/k3s/k3s.yaml install test-hivemq-platform-operator /charts/hivemq-platform-operator --wait --timeout 5m0s --set image.repository=docker.io/hivemq --set image.name=hivemq-platform-operator-test --set image.initImageName=hivemq-platform-operator-init-test --set image.tag=snapshot --set image.pullPolicy=Never --set logLevel=DEBUG --set resources.cpu=512m --namespace helmextensionlicensesit-operator
2025-01-28 21:20:28,490 INFO c.h.h.t.HelmChartContainer - [K3S] [alloc.go:330] "allocated clusterIPs" service="helmextensionlicensesit-operator/hivemq-platform-operator-test-hivemq-platform-operator" clusterIPs={"IPv4":"10.43.114.204"}
2025-01-28 21:20:28,503 INFO c.h.h.t.HelmChartContainer - [EVENT] Normal [ScalingReplicaSet] Scaled up replica set hivemq-test-hivemq-platform-operator-6966f96d65 from 0 to 1 [helmextensionlicensesit-operator:hivemq-test-hivemq-platform-operator]
2025-01-28 21:20:28,510 INFO c.h.h.t.HelmChartContainer - [POD] hivemq-test-hivemq-platform-operator-6966f96d65-rpmk8 [960cd2df-0e57-472e-9609-19188a0627e1] in helmextensionlicensesit-operator was ADDED
2025-01-28 21:20:28,511 INFO c.h.h.t.HelmChartContainer - [POD] hivemq-test-hivemq-platform-operator-6966f96d65-rpmk8 [960cd2df-0e57-472e-9609-19188a0627e1] in helmextensionlicensesit-operator was MODIFIED
2025-01-28 21:20:28,514 INFO c.h.h.t.HelmChartContainer - [K3S] [memory_manager.go:355] "RemoveStaleState removing state" podUID="18faa727-a292-44f3-8a71-92370be29a69" containerName="hivemq"
2025-01-28 21:20:28,515 INFO c.h.h.t.HelmChartContainer - [K3S] [memory_manager.go:355] "RemoveStaleState removing state" podUID="c93cb673-c0ed-4b00-b817-202275618f65" containerName="hivemq-platform-operator"
2025-01-28 21:20:28,521 INFO c.h.h.t.HelmChartContainer - [K3S] [replica_set.go:679] "Finished syncing" kind="ReplicaSet" key="helmextensionlicensesit-operator/hivemq-test-hivemq-platform-operator-6966f96d65" duration="21.66867ms"
2025-01-28 21:20:28,528 INFO c.h.h.t.HelmChartContainer - [EVENT] Normal [SuccessfulCreate] Created pod: hivemq-test-hivemq-platform-operator-6966f96d65-rpmk8 [helmextensionlicensesit-operator:hivemq-test-hivemq-platform-operator-6966f96d65]
2025-01-28 21:20:28,528 INFO c.h.h.t.HelmChartContainer - [EVENT] Normal [Scheduled] Successfully assigned helmextensionlicensesit-operator/hivemq-test-hivemq-platform-operator-6966f96d65-rpmk8 to 05c9130ab25d [helmextensionlicensesit-operator:hivemq-test-hivemq-platform-operator-6966f96d65-rpmk8]
2025-01-28 21:20:28,533 INFO c.h.h.t.HelmChartContainer - [POD] hivemq-test-hivemq-platform-operator-6966f96d65-rpmk8 [960cd2df-0e57-472e-9609-19188a0627e1] in helmextensionlicensesit-operator was MODIFIED
2025-01-28 21:20:28,538 INFO c.h.h.t.HelmChartContainer - [K3S] [replica_set.go:679] "Finished syncing" kind="ReplicaSet" key="helmextensionlicensesit-operator/hivemq-test-hivemq-platform-operator-6966f96d65" duration="15.399503ms"
2025-01-28 21:20:28,548 INFO c.h.h.t.HelmChartContainer - [K3S] [replica_set.go:679] "Finished syncing" kind="ReplicaSet" key="helmextensionlicensesit-operator/hivemq-test-hivemq-platform-operator-6966f96d65" duration="11.556191ms"
2025-01-28 21:20:28,548 INFO c.h.h.t.HelmChartContainer - [K3S] [replica_set.go:679] "Finished syncing" kind="ReplicaSet" key="helmextensionlicensesit-operator/hivemq-test-hivemq-platform-operator-6966f96d65" duration="37.6µs"
2025-01-28 21:20:28,576 INFO c.h.h.t.HelmChartContainer - [K3S] [reconciler_common.go:251] "operationExecutor.VerifyControllerAttachedVolume started for volume \"kube-api-access-q9h74\" (UniqueName: \"kubernetes.io/projected/960cd2df-0e57-472e-9609-19188a0627e1-kube-api-access-q9h74\") pod \"hivemq-test-hivemq-platform-operator-6966f96d65-rpmk8\" (UID: \"960cd2df-0e57-472e-9609-19188a0627e1\") " pod="helmextensionlicensesit-operator/hivemq-test-hivemq-platform-operator-6966f96d65-rpmk8"
2025-01-28 21:20:28,904 INFO c.h.h.t.HelmChartContainer - [EVENT] Normal [Pulled] Container image "docker.io/hivemq/hivemq-platform-operator-test:snapshot" already present on machine [helmextensionlicensesit-operator:hivemq-test-hivemq-platform-operator-6966f96d65-rpmk8]
2025-01-28 21:20:28,904 INFO c.h.h.t.HelmChartContainer - Received Pulled event for container hivemq-platform-operator in pod hivemq-test-hivemq-platform-operator-6966f96d65-rpmk8 [960cd2df-0e57-472e-9609-19188a0627e1]
2025-01-28 21:20:28,909 INFO c.h.h.t.HelmChartContainer - [EVENT] Normal [Created] Created container: hivemq-platform-operator [helmextensionlicensesit-operator:hivemq-test-hivemq-platform-operator-6966f96d65-rpmk8]
2025-01-28 21:20:28,909 INFO c.h.h.t.HelmChartContainer - Received Created event for container hivemq-platform-operator in pod hivemq-test-hivemq-platform-operator-6966f96d65-rpmk8 [960cd2df-0e57-472e-9609-19188a0627e1]
2025-01-28 21:20:29,540 INFO c.h.h.t.HelmChartContainer - [K3S] [replica_set.go:679] "Finished syncing" kind="ReplicaSet" key="helmextensionlicensesit-operator/hivemq-test-hivemq-platform-operator-6966f96d65" duration="41.668µs"
2025-01-28 21:20:29,541 INFO c.h.h.t.HelmChartContainer - [POD] hivemq-test-hivemq-platform-operator-6966f96d65-rpmk8 [960cd2df-0e57-472e-9609-19188a0627e1] in helmextensionlicensesit-operator was MODIFIED
2025-01-28 21:20:29,548 INFO c.h.h.t.HelmChartContainer - [EVENT] Normal [Started] Started container hivemq-platform-operator [helmextensionlicensesit-operator:hivemq-test-hivemq-platform-operator-6966f96d65-rpmk8]
2025-01-28 21:20:29,548 INFO c.h.h.t.HelmChartContainer - Received Started event for container hivemq-platform-operator in pod hivemq-test-hivemq-platform-operator-6966f96d65-rpmk8 [960cd2df-0e57-472e-9609-19188a0627e1]
2025-01-28 21:20:29,548 INFO c.h.h.t.HelmChartContainer - Started log watcher for hivemq-platform-operator in pod hivemq-test-hivemq-platform-operator-6966f96d65-rpmk8 [960cd2df-0e57-472e-9609-19188a0627e1]
2025-01-28 21:20:29,549 INFO c.h.h.t.HelmChartContainer - [hivemq-test-hivemq-platform] [hivemq-platform-operator] [960cd2df] -------------------------------------------------------------------------
2025-01-28 21:20:29,549 INFO c.h.h.t.HelmChartContainer - [hivemq-test-hivemq-platform] [hivemq-platform-operator] [960cd2df] 
2025-01-28 21:20:29,549 INFO c.h.h.t.HelmChartContainer - [hivemq-test-hivemq-platform] [hivemq-platform-operator] [960cd2df]                   _    _  _              __  __   ____
2025-01-28 21:20:29,549 INFO c.h.h.t.HelmChartContainer - [hivemq-test-hivemq-platform] [hivemq-platform-operator] [960cd2df]                  | |  | |(_)            |  \/  | / __ \
2025-01-28 21:20:29,549 INFO c.h.h.t.HelmChartContainer - [hivemq-test-hivemq-platform] [hivemq-platform-operator] [960cd2df]                  | |__| | _ __   __ ___ | \  / || |  | |
2025-01-28 21:20:29,549 INFO c.h.h.t.HelmChartContainer - [hivemq-test-hivemq-platform] [hivemq-platform-operator] [960cd2df]                  |  __  || |\ \ / // _ \| |\/| || |  | |
2025-01-28 21:20:29,549 INFO c.h.h.t.HelmChartContainer - [hivemq-test-hivemq-platform] [hivemq-platform-operator] [960cd2df]                  | |  | || | \ V /|  __/| |  | || |__| |
2025-01-28 21:20:29,549 INFO c.h.h.t.HelmChartContainer - [hivemq-test-hivemq-platform] [hivemq-platform-operator] [960cd2df]                  |_|  |_||_|  \_/  \___||_|  |_| \___\_\
2025-01-28 21:20:29,549 INFO c.h.h.t.HelmChartContainer - [hivemq-test-hivemq-platform] [hivemq-platform-operator] [960cd2df] 
2025-01-28 21:20:29,549 INFO c.h.h.t.HelmChartContainer - [hivemq-test-hivemq-platform] [hivemq-platform-operator] [960cd2df] -------------------------------------------------------------------------
2025-01-28 21:20:29,549 INFO c.h.h.t.HelmChartContainer - [hivemq-test-hivemq-platform] [hivemq-platform-operator] [960cd2df] 
2025-01-28 21:20:29,549 INFO c.h.h.t.HelmChartContainer - [hivemq-test-hivemq-platform] [hivemq-platform-operator] [960cd2df]   HiveMQ Platform Operator Start Script v1.0
2025-01-28 21:20:29,549 INFO c.h.h.t.HelmChartContainer - [hivemq-test-hivemq-platform] [hivemq-platform-operator] [960cd2df] 
2025-01-28 21:20:29,549 INFO c.h.h.t.HelmChartContainer - [hivemq-test-hivemq-platform] [hivemq-platform-operator] [960cd2df] -------------------------------------------------------------------------
2025-01-28 21:20:29,549 INFO c.h.h.t.HelmChartContainer - [hivemq-test-hivemq-platform] [hivemq-platform-operator] [960cd2df] 
2025-01-28 21:20:29,549 INFO c.h.h.t.HelmChartContainer - [hivemq-test-hivemq-platform] [hivemq-platform-operator] [960cd2df]   JAVA_OPTS: -XX:+UnlockExperimentalVMOptions -XX:InitialRAMPercentage=75 -XX:MaxRAMPercentage=75 -Duser.language=en -Duser.region=US
2025-01-28 21:20:29,549 INFO c.h.h.t.HelmChartContainer - [hivemq-test-hivemq-platform] [hivemq-platform-operator] [960cd2df] 
2025-01-28 21:20:29,549 INFO c.h.h.t.HelmChartContainer - [hivemq-test-hivemq-platform] [hivemq-platform-operator] [960cd2df]   JAVA_VERSION: 21
2025-01-28 21:20:29,549 INFO c.h.h.t.HelmChartContainer - [hivemq-test-hivemq-platform] [hivemq-platform-operator] [960cd2df] 
2025-01-28 21:20:29,549 INFO c.h.h.t.HelmChartContainer - [hivemq-test-hivemq-platform] [hivemq-platform-operator] [960cd2df] -------------------------------------------------------------------------
2025-01-28 21:20:29,549 INFO c.h.h.t.HelmChartContainer - [hivemq-test-hivemq-platform] [hivemq-platform-operator] [960cd2df] 
2025-01-28 21:20:32,468 INFO c.h.h.t.HelmChartContainer - [hivemq-test-hivemq-platform] [hivemq-platform-operator] [960cd2df] 21:20:32.465 [main] DEBUG org.jboss.logging - Logging Provider: org.jboss.logging.Slf4jLoggerProvider
2025-01-28 21:20:32,573 INFO c.h.h.t.HelmChartContainer - [hivemq-test-hivemq-platform] [hivemq-platform-operator] [960cd2df] 21:20:32.572 [main] DEBUG io.smallrye.config - SRCFG01006: Loaded ConfigSource SysPropConfigSource with ordinal 400
2025-01-28 21:20:32,573 INFO c.h.h.t.HelmChartContainer - [hivemq-test-hivemq-platform] [hivemq-platform-operator] [960cd2df] 21:20:32.572 [main] DEBUG io.smallrye.config - SRCFG01006: Loaded ConfigSource EnvConfigSource with ordinal 300
2025-01-28 21:20:32,573 INFO c.h.h.t.HelmChartContainer - [hivemq-test-hivemq-platform] [hivemq-platform-operator] [960cd2df] 21:20:32.572 [main] DEBUG io.smallrye.config - SRCFG01006: Loaded ConfigSource PropertiesConfigSource[source=jar:file:///opt/hivemq-platform-operator/bin/hivemq-platform-operator.jar!/hivemq-platform-operator.properties] with ordinal 100
2025-01-28 21:20:32,573 INFO c.h.h.t.HelmChartContainer - [hivemq-test-hivemq-platform] [hivemq-platform-operator] [960cd2df] 21:20:32.572 [main] DEBUG io.smallrye.config - SRCFG01006: Loaded ConfigSource DefaultValuesConfigSource with ordinal -2147483648
2025-01-28 21:20:32,680 INFO c.h.h.t.HelmChartContainer - [hivemq-test-hivemq-platform] [hivemq-platform-operator] [960cd2df] 21:20:32.679 [main] DEBUG i.m.c.u.i.l.InternalLoggerFactory - Using SLF4J as the default logging framework
2025-01-28 21:20:32,860 INFO c.h.h.t.HelmChartContainer - [hivemq-test-hivemq-platform] [hivemq-platform-operator] [960cd2df] 21:20:32.815 [main] INFO  c.h.p.o.HiveMQPlatformOperatorApplication - HiveMQ Platform Operator 1.7.0-SNAPSHOT (commit: bebf408 on branch: HEAD) built on Sun Jan 26 20:47:47 UTC 2025
2025-01-28 21:20:32,861 INFO c.h.h.t.HelmChartContainer - [hivemq-test-hivemq-platform] [hivemq-platform-operator] [960cd2df] 21:20:32.859 [main] INFO  c.h.p.o.HiveMQPlatformOperatorApplication - HiveMQ Platform Operator is running in namespace: helmextensionlicensesit-operator
2025-01-28 21:20:32,861 INFO c.h.h.t.HelmChartContainer - [hivemq-test-hivemq-platform] [hivemq-platform-operator] [960cd2df] 21:20:32.859 [main] INFO  c.h.p.o.HiveMQPlatformOperatorApplication - Watching all namespaces
2025-01-28 21:20:32,861 INFO c.h.h.t.HelmChartContainer - [hivemq-test-hivemq-platform] [hivemq-platform-operator] [960cd2df] 21:20:32.859 [main] INFO  c.h.p.o.HiveMQPlatformOperatorApplication - Log level: DEBUG
2025-01-28 21:20:32,861 INFO c.h.h.t.HelmChartContainer - [hivemq-test-hivemq-platform] [hivemq-platform-operator] [960cd2df] 21:20:32.859 [main] INFO  c.h.p.o.HiveMQPlatformOperatorApplication - Release name: test-hivemq-platform-operator
2025-01-28 21:20:32,861 INFO c.h.h.t.HelmChartContainer - [hivemq-test-hivemq-platform] [hivemq-platform-operator] [960cd2df] 21:20:32.859 [main] INFO  c.h.p.o.HiveMQPlatformOperatorApplication - HiveMQ Platform Operator Init image: docker.io/hivemq/hivemq-platform-operator-init-test:snapshot
2025-01-28 21:20:32,861 INFO c.h.h.t.HelmChartContainer - [hivemq-test-hivemq-platform] [hivemq-platform-operator] [960cd2df] 21:20:32.859 [main] INFO  c.h.p.o.HiveMQPlatformOperatorApplication - HiveMQ Platform Operator Init App update URL: http://hivemq-platform-operator-test-hivemq-platform-operator.helmextensionlicensesit-operator.svc:8080/initAppUpdate/hivemq-platform-operator-init-app-1.7.0-SNAPSHOT.jar
2025-01-28 21:20:32,861 INFO c.h.h.t.HelmChartContainer - [hivemq-test-hivemq-platform] [hivemq-platform-operator] [960cd2df] 21:20:32.859 [main] INFO  c.h.p.o.HiveMQPlatformOperatorApplication - Additional imagePullSecret for all Platform deployments: none
2025-01-28 21:20:32,861 INFO c.h.h.t.HelmChartContainer - [hivemq-test-hivemq-platform] [hivemq-platform-operator] [960cd2df] 21:20:32.859 [main] INFO  c.h.p.o.HiveMQPlatformOperatorApplication - Apply HiveMQ Platform CRD: true
2025-01-28 21:20:32,861 INFO c.h.h.t.HelmChartContainer - [hivemq-test-hivemq-platform] [hivemq-platform-operator] [960cd2df] 21:20:32.859 [main] INFO  c.h.p.o.HiveMQPlatformOperatorApplication - Create Platform ServiceAccount: true
2025-01-28 21:20:32,861 INFO c.h.h.t.HelmChartContainer - [hivemq-test-hivemq-platform] [hivemq-platform-operator] [960cd2df] 21:20:32.859 [main] INFO  c.h.p.o.HiveMQPlatformOperatorApplication - Create Platform ServiceAccount permissions: true
2025-01-28 21:20:32,861 INFO c.h.h.t.HelmChartContainer - [hivemq-test-hivemq-platform] [hivemq-platform-operator] [960cd2df] 21:20:32.859 [main] INFO  c.h.p.o.HiveMQPlatformOperatorApplication - Validate Platform ServiceAccount: true
2025-01-28 21:20:32,861 INFO c.h.h.t.HelmChartContainer - [hivemq-test-hivemq-platform] [hivemq-platform-operator] [960cd2df] 21:20:32.860 [main] INFO  c.h.p.o.HiveMQPlatformOperatorApplication - Validate Platform ServiceAccount permissions: true
2025-01-28 21:20:32,969 INFO c.h.h.t.HelmChartContainer - [hivemq-test-hivemq-platform] [hivemq-platform-operator] [960cd2df] 21:20:32.967 [main] INFO  c.h.platform.operator.util.CRDUtil - Verifying deployed HiveMQ Platform CRD...
2025-01-28 21:20:35,558 INFO c.h.h.t.HelmChartContainer - [hivemq-test-hivemq-platform] [hivemq-platform-operator] [960cd2df] 21:20:35.556 [main] DEBUG c.h.platform.operator.util.CRDUtil - HiveMQ Platform CRD version v1 is up to date
2025-01-28 21:20:35,558 INFO c.h.h.t.HelmChartContainer - [hivemq-test-hivemq-platform] [hivemq-platform-operator] [960cd2df] 21:20:35.557 [main] INFO  c.h.platform.operator.util.CRDUtil - HiveMQ Platform CRD is up to date (version: V1_6_0)
2025-01-28 21:20:35,558 INFO c.h.h.t.HelmChartContainer - [hivemq-test-hivemq-platform] [hivemq-platform-operator] [960cd2df] 21:20:35.557 [main] INFO  c.h.platform.operator.util.CRDUtil - Waiting 10000 ms for HiveMQ Platform CRD 'hivemq-platforms.hivemq.com' to become ready...
2025-01-28 21:20:35,861 INFO c.h.h.t.HelmChartContainer - [hivemq-test-hivemq-platform] [hivemq-platform-operator] [960cd2df] 21:20:35.857 [vert.x-eventloop-thread-1] DEBUG c.h.platform.operator.util.CRDUtil - Checking CRD condition 'NamesAccepted' (status: 'True')
2025-01-28 21:20:35,861 INFO c.h.h.t.HelmChartContainer - [hivemq-test-hivemq-platform] [hivemq-platform-operator] [960cd2df] 21:20:35.858 [vert.x-eventloop-thread-1] DEBUG c.h.platform.operator.util.CRDUtil - Checking CRD condition 'Established' (status: 'True')
2025-01-28 21:20:35,862 INFO c.h.h.t.HelmChartContainer - [hivemq-test-hivemq-platform] [hivemq-platform-operator] [960cd2df] 21:20:35.858 [main] INFO  c.h.platform.operator.util.CRDUtil - HiveMQ Platform CRD 'hivemq-platforms.hivemq.com' is ready
2025-01-28 21:20:36,065 INFO c.h.h.t.HelmChartContainer - [hivemq-test-hivemq-platform] [hivemq-platform-operator] [960cd2df] 21:20:36.064 [main] INFO  c.h.p.o.HiveMQPlatformReconciler - HiveMQ Platform Operator is starting...
2025-01-28 21:20:36,169 INFO c.h.h.t.HelmChartContainer - [hivemq-test-hivemq-platform] [hivemq-platform-operator] [960cd2df] 21:20:36.168 [main] WARN  Default ConfigurationService implementation - Configuration for reconciler 'hivemq-controller' was not found. Known reconcilers: None.
2025-01-28 21:20:36,260 INFO c.h.h.t.HelmChartContainer - [hivemq-test-hivemq-platform] [hivemq-platform-operator] [960cd2df] 21:20:36.259 [main] INFO  Default ConfigurationService implementation - Created configuration for reconciler com.hivemq.platform.operator.HiveMQPlatformReconciler with name hivemq-controller
2025-01-28 21:20:36,364 INFO c.h.h.t.HelmChartContainer - [hivemq-test-hivemq-platform] [hivemq-platform-operator] [960cd2df] 21:20:36.363 [main] DEBUG c.h.p.o.HiveMQPlatformReconciler - HiveMQ Platform Operator is preparing EventSources
2025-01-28 21:20:36,416 INFO c.h.h.t.HelmChartContainer - [hivemq-test-hivemq-platform] [hivemq-platform-operator] [960cd2df] 21:20:36.415 [main] INFO  i.javaoperatorsdk.operator.Operator - Registered reconciler: 'hivemq-controller' for resource: 'class com.hivemq.platform.operator.v1.HiveMQPlatform' for namespace(s): [all namespaces]
2025-01-28 21:20:37,059 INFO c.h.h.t.HelmChartContainer - [hivemq-test-hivemq-platform] [hivemq-platform-operator] [960cd2df] 21:20:37.058 [main] INFO  c.h.p.operator.webserver.JettyServer - Starting Jetty server on port 8080
2025-01-28 21:20:37,156 INFO c.h.h.t.HelmChartContainer - [hivemq-test-hivemq-platform] [hivemq-platform-operator] [960cd2df] 21:20:37.119 [main] INFO  i.javaoperatorsdk.operator.Operator - Operator SDK 4.9.7 (commit: 2133d28) built on Wed Nov 20 12:56:20 UTC 2024 starting...
2025-01-28 21:20:37,157 INFO c.h.h.t.HelmChartContainer - [hivemq-test-hivemq-platform] [hivemq-platform-operator] [960cd2df] 21:20:37.154 [main] INFO  i.javaoperatorsdk.operator.Operator - Client version: 6.13.4
2025-01-28 21:20:37,157 INFO c.h.h.t.HelmChartContainer - [hivemq-test-hivemq-platform] [hivemq-platform-operator] [960cd2df] 21:20:37.156 [Controller Starter for: hivemq-controller] INFO  i.j.operator.processing.Controller - Starting 'hivemq-controller' controller for reconciler: com.hivemq.platform.operator.HiveMQPlatformReconciler, resource: com.hivemq.platform.operator.v1.HiveMQPlatform
2025-01-28 21:20:39,759 INFO c.h.h.t.HelmChartContainer - [hivemq-test-hivemq-platform] [hivemq-platform-operator] [960cd2df] 21:20:39.758 [Controller Starter for: hivemq-controller] INFO  i.j.operator.processing.Controller - 'hivemq-controller' controller started
2025-01-28 21:20:39,760 INFO c.h.h.t.HelmChartContainer - [hivemq-test-hivemq-platform] [hivemq-platform-operator] [960cd2df] 21:20:39.759 [main] INFO  c.h.p.o.HiveMQPlatformOperatorApplication - HiveMQ Platform Operator 1.7.0-SNAPSHOT started in 6944 ms
2025-01-28 21:20:40,548 INFO c.h.h.t.HelmChartContainer - [POD] hivemq-test-hivemq-platform-operator-6966f96d65-rpmk8 [960cd2df-0e57-472e-9609-19188a0627e1] in helmextensionlicensesit-operator was MODIFIED
2025-01-28 21:20:40,555 INFO c.h.h.t.HelmChartContainer - [K3S] [replica_set.go:679] "Finished syncing" kind="ReplicaSet" key="helmextensionlicensesit-operator/hivemq-test-hivemq-platform-operator-6966f96d65" duration="9.940671ms"
2025-01-28 21:20:40,558 INFO c.h.h.t.HelmChartContainer - [K3S] [replica_set.go:679] "Finished syncing" kind="ReplicaSet" key="helmextensionlicensesit-operator/hivemq-test-hivemq-platform-operator-6966f96d65" duration="42.72µs"
2025-01-28 21:20:42,187 INFO c.h.h.t.HelmChartContainer - [K3S] [scope.go:117] "RemoveContainer" containerID="bd93fbe75334c4936e1a2d6b17563cc1584ea69a34fe0b1cb4250e7d1ebdf912"
2025-01-28 21:20:42,572 INFO c.h.h.testcontainer.LogWaiterUtil - TEST Waiting for log pattern on 'test-hivemq-platform-0': .*Extension "HiveMQ Enterprise Distributed Tracing Extension" version .* started successfully.
2025-01-28 21:20:42,572 INFO c.h.h.testcontainer.LogWaiterUtil - TEST Waiting for log pattern on 'test-hivemq-platform-0': .*License file tracing.elic is corrupt.
2025-01-28 21:20:42,641 DEBUG c.h.h.t.HelmChartContainer - Executing helm command: /bin/helm --kubeconfig /etc/rancher/k3s/k3s.yaml install test-hivemq-platform /charts/hivemq-platform --wait --timeout 5m0s --set image.repository=docker.io/hivemq --set image.tag=4.36.0 --set image.pullPolicy=Never --set nodes.resources.cpu=512m -f /files/distributed-tracing-extension-values.yaml --set license.create=true --set-file license.extensions.tracing.overrideLicense=/files/mock-extension-license.elic --namespace helmextensionlicensesit
2025-01-28 21:20:42,963 INFO c.h.h.t.HelmChartContainer - [hivemq-test-hivemq-platform] [hivemq-platform-operator] [960cd2df] 21:20:42.961 [-373097727-pool-1-thread-1] WARN  i.m.p.PrometheusMeterRegistry - The meter (MeterId{name='operator.sdk.events.received', tags=[tag(action=ADDED),tag(event=ResourceEvent),tag(group=hivemq.com),tag(kind=HiveMQPlatform),tag(name=test-hivemq-platform),tag(namespace=helmextensionlicensesit),tag(scope=namespace),tag(version=v1)]}) registration has failed: Prometheus requires that all meters with the same name have the same set of tag keys. There is already an existing meter named 'operator.sdk.events.received' containing tag keys [event, group, kind, name, namespace, scope, version]. The meter you are attempting to register has keys [action, event, group, kind, name, namespace, scope, version]. Note that subsequent logs will be logged at debug level.
2025-01-28 21:20:43,473 INFO c.h.h.t.HelmChartContainer - [hivemq-test-hivemq-platform] [hivemq-platform-operator] [960cd2df] 21:20:43.472 [pool-6-thread-3] DEBUG c.h.p.o.dependants.PodInfoConfigMap - [helmexte] Desired PodInfo ConfigMap (1 extensions) (1 enabled)
2025-01-28 21:20:43,559 INFO c.h.h.t.HelmChartContainer - [hivemq-test-hivemq-platform] [hivemq-platform-operator] [960cd2df] 21:20:43.554 [pool-6-thread-3] DEBUG c.h.p.o.dependants.PodInfoConfigMap - [helmexte] Desired PodInfo ConfigMap (metrics port: 9399) (metrics path: /)
2025-01-28 21:20:43,559 INFO c.h.h.t.HelmChartContainer - [hivemq-test-hivemq-platform] [hivemq-platform-operator] [960cd2df] 21:20:43.555 [pool-6-thread-3] DEBUG c.h.p.o.dependants.PodInfoConfigMap - [helmexte] Desired PodInfo ConfigMap (extension state hash: 14458099)
2025-01-28 21:20:43,559 INFO c.h.h.t.HelmChartContainer - [hivemq-test-hivemq-platform] [hivemq-platform-operator] [960cd2df] 21:20:43.556 [pool-6-thread-3] DEBUG c.h.p.o.dependants.PodInfoConfigMap - [helmexte] Create PodInfo ConfigMap
2025-01-28 21:20:43,657 INFO c.h.h.t.HelmChartContainer - [hivemq-test-hivemq-platform] [hivemq-platform-operator] [960cd2df] 21:20:43.654 [pool-6-thread-5] DEBUG c.h.p.o.dependants.PodRoleResource - [helmexte] Create Role: Role(apiVersion=rbac.authorization.k8s.io/v1, kind=Role, metadata=ObjectMeta(annotations={meta.helm.sh/release-name=test-hivemq-platform, meta.helm.sh/release-namespace=helmextensionlicensesit}, creationTimestamp=null, deletionGracePeriodSeconds=null, deletionTimestamp=null, finalizers=[], generateName=null, generation=null, labels={helm.sh/chart=hivemq-platform-0.2.32, app.kubernetes.io/managed-by=Helm, app.kubernetes.io/name=hivemq-platform, hivemq-platform=test-hivemq-platform, app.kubernetes.io/instance=test-hivemq-platform, app.kubernetes.io/version=4.36.0}, managedFields=[], name=hivemq-platform-role-test-hivemq-platform, namespace=helmextensionlicensesit, ownerReferences=[OwnerReference(apiVersion=hivemq.com/v1, blockOwnerDeletion=null, controller=null, kind=HiveMQPlatform, name=test-hivemq-platform, uid=e3ae5513-af10-46b0-9446-333002b9ad42, additionalProperties={})], resourceVersion=null, selfLink=null, uid=null, additionalProperties={}), rules=[PolicyRule(apiGroups=[], nonResourceURLs=[], resourceNames=[], resources=[pods], verbs=[get, patch, update], additionalProperties={})], additionalProperties={})
2025-01-28 21:20:43,765 INFO c.h.h.t.HelmChartContainer - [hivemq-test-hivemq-platform] [hivemq-platform-operator] [960cd2df] 21:20:43.764 [pool-6-thread-7] DEBUG c.h.p.o.d.PodServiceAccountResource - [helmexte] Desired PodServiceAccountResource (serviceAccountName: hivemq-platform-pod-test-hivemq-platform)
2025-01-28 21:20:43,766 INFO c.h.h.t.HelmChartContainer - [hivemq-test-hivemq-platform] [hivemq-platform-operator] [960cd2df] 21:20:43.765 [pool-6-thread-7] DEBUG c.h.p.o.d.PodServiceAccountResource - [helmexte] Create ServiceAccount 'hivemq-platform-pod-test-hivemq-platform'
2025-01-28 21:20:43,871 INFO c.h.h.t.HelmChartContainer - [hivemq-test-hivemq-platform] [hivemq-platform-operator] [960cd2df] 21:20:43.869 [pool-6-thread-10] DEBUG c.h.p.o.d.PodRoleBindingResource - [helmexte] Create RoleBinding: RoleBinding(apiVersion=rbac.authorization.k8s.io/v1, kind=RoleBinding, metadata=ObjectMeta(annotations={meta.helm.sh/release-name=test-hivemq-platform, meta.helm.sh/release-namespace=helmextensionlicensesit}, creationTimestamp=null, deletionGracePeriodSeconds=null, deletionTimestamp=null, finalizers=[], generateName=null, generation=null, labels={helm.sh/chart=hivemq-platform-0.2.32, app.kubernetes.io/managed-by=Helm, app.kubernetes.io/name=hivemq-platform, hivemq-platform=test-hivemq-platform, app.kubernetes.io/instance=test-hivemq-platform, app.kubernetes.io/version=4.36.0}, managedFields=[], name=hivemq-platform-role-binding-test-hivemq-platform, namespace=helmextensionlicensesit, ownerReferences=[OwnerReference(apiVersion=hivemq.com/v1, blockOwnerDeletion=null, controller=null, kind=HiveMQPlatform, name=test-hivemq-platform, uid=e3ae5513-af10-46b0-9446-333002b9ad42, additionalProperties={})], resourceVersion=null, selfLink=null, uid=null, additionalProperties={}), roleRef=RoleRef(apiGroup=rbac.authorization.k8s.io, kind=Role, name=hivemq-platform-role-test-hivemq-platform, additionalProperties={}), subjects=[Subject(apiGroup=null, kind=ServiceAccount, name=hivemq-platform-pod-test-hivemq-platform, namespace=helmextensionlicensesit, additionalProperties={})], additionalProperties={})
2025-01-28 21:20:43,959 INFO c.h.h.t.HelmChartContainer - [hivemq-test-hivemq-platform] [hivemq-platform-operator] [960cd2df] 21:20:43.958 [ReconcilerExecutor-hivemq-controller-53] INFO  c.h.p.o.HiveMQPlatformReconciler - [helmexte] Reconciling HiveMQ Platform 'test-hivemq-platform' in namespace 'helmextensionlicensesit'
2025-01-28 21:20:43,959 INFO c.h.h.t.HelmChartContainer - [hivemq-test-hivemq-platform] [hivemq-platform-operator] [960cd2df] 21:20:43.958 [ReconcilerExecutor-hivemq-controller-53] DEBUG c.h.p.o.HiveMQPlatformReconciler - [helmexte] Custom Resource Status CREATED - HiveMQ Platform was created (READY)
2025-01-28 21:20:43,959 INFO c.h.h.t.HelmChartContainer - [hivemq-test-hivemq-platform] [hivemq-platform-operator] [960cd2df] 21:20:43.958 [ReconcilerExecutor-hivemq-controller-53] DEBUG c.h.p.o.HiveMQPlatformReconciler - [helmexte] Custom Resource Spec (replicas: 1) (extensions: 1)
2025-01-28 21:20:43,964 INFO c.h.h.t.HelmChartContainer - [hivemq-test-hivemq-platform] [hivemq-platform-operator] [960cd2df] 21:20:43.963 [ReconcilerExecutor-hivemq-controller-53] INFO  c.h.p.o.h.HiveMQPlatformReconcilerBaseHandler - [helmexte] HiveMQ Platform is starting
2025-01-28 21:20:44,070 INFO c.h.h.t.HelmChartContainer - [hivemq-test-hivemq-platform] [hivemq-platform-operator] [960cd2df] 21:20:44.069 [ReconcilerExecutor-hivemq-controller-53] DEBUG c.h.p.operator.event.EventSender - [helmexte] Creating K8s event hivemq-platform-starting: [Start] HiveMQ Platform is starting
2025-01-28 21:20:44,176 INFO c.h.h.t.HelmChartContainer - [EVENT] Normal [Start] HiveMQ Platform is starting [helmextensionlicensesit:test-hivemq-platform]
2025-01-28 21:20:44,176 INFO c.h.h.t.HelmChartContainer - [hivemq-test-hivemq-platform] [hivemq-platform-operator] [960cd2df] 21:20:44.172 [ReconcilerExecutor-hivemq-controller-53] INFO  c.h.p.o.h.AbstractHiveMQReconcilerStateHandler - [helmexte] Update HiveMQ Platform Status (CREATED [READY] -> STARTING [READY]): HiveMQ Platform is starting
2025-01-28 21:20:44,202 DEBUG com.hivemq.helmcharts.util.K8sUtil - Comparing actual state 'STARTING' and waiting for 'RUNNING'
2025-01-28 21:20:54,269 INFO c.h.h.t.HelmChartContainer - [hivemq-test-hivemq-platform] [hivemq-platform-operator] [960cd2df] 21:20:54.265 [pool-6-thread-12] DEBUG c.h.p.o.d.PlatformServiceResource - [helmexte] Desired Platform services (3 services)
2025-01-28 21:20:54,271 INFO c.h.h.t.HelmChartContainer - [hivemq-test-hivemq-platform] [hivemq-platform-operator] [960cd2df] 21:20:54.267 [pool-6-thread-13] DEBUG c.h.p.o.dependants.PodInfoConfigMap - [helmexte] Desired PodInfo ConfigMap (1 extensions) (1 enabled)
2025-01-28 21:20:54,271 INFO c.h.h.t.HelmChartContainer - [hivemq-test-hivemq-platform] [hivemq-platform-operator] [960cd2df] 21:20:54.268 [pool-6-thread-13] DEBUG c.h.p.o.dependants.PodInfoConfigMap - [helmexte] Desired PodInfo ConfigMap (metrics port: 9399) (metrics path: /)
2025-01-28 21:20:54,271 INFO c.h.h.t.HelmChartContainer - [hivemq-test-hivemq-platform] [hivemq-platform-operator] [960cd2df] 21:20:54.268 [pool-6-thread-13] DEBUG c.h.p.o.dependants.PodInfoConfigMap - [helmexte] Desired PodInfo ConfigMap (extension state hash: 14458099)
2025-01-28 21:20:54,273 INFO c.h.h.t.HelmChartContainer - [hivemq-test-hivemq-platform] [hivemq-platform-operator] [960cd2df] 21:20:54.272 [pool-6-thread-17] DEBUG c.h.p.o.d.PodServiceAccountResource - [helmexte] Desired PodServiceAccountResource (serviceAccountName: hivemq-platform-pod-test-hivemq-platform)
2025-01-28 21:20:54,359 INFO c.h.h.t.HelmChartContainer - [hivemq-test-hivemq-platform] [hivemq-platform-operator] [960cd2df] 21:20:54.357 [pool-6-thread-13] DEBUG c.h.p.o.dependants.PodInfoConfigMap - [helmexte] Update PodInfo ConfigMap
2025-01-28 21:20:54,373 INFO c.h.h.t.HelmChartContainer - [K3S] [alloc.go:330] "allocated clusterIPs" service="helmextensionlicensesit/hivemq-test-hivemq-platform-metrics-9399" clusterIPs={"IPv4":"10.43.144.32"}
2025-01-28 21:20:54,463 INFO c.h.h.t.HelmChartContainer - [K3S] [alloc.go:330] "allocated clusterIPs" service="helmextensionlicensesit/hivemq-test-hivemq-platform-cc-8080" clusterIPs={"IPv4":"10.43.105.174"}
2025-01-28 21:20:54,475 INFO c.h.h.t.HelmChartContainer - [K3S] [alloc.go:330] "allocated clusterIPs" service="helmextensionlicensesit/hivemq-test-hivemq-platform-mqtt-1883" clusterIPs={"IPv4":"10.43.196.206"}
2025-01-28 21:20:54,482 INFO c.h.h.t.HelmChartContainer - [hivemq-test-hivemq-platform] [hivemq-platform-operator] [960cd2df] 21:20:54.480 [pool-6-thread-20] DEBUG c.h.p.o.d.StatefulSetResource - [helmexte] Desired StatefulSet (1 replicas) for status STARTING (READY)
2025-01-28 21:20:54,568 INFO c.h.h.t.HelmChartContainer - [hivemq-test-hivemq-platform] [hivemq-platform-operator] [960cd2df] 21:20:54.566 [pool-6-thread-20] DEBUG c.h.p.o.d.StatefulSetResource - [helmexte] Create StatefulSet
2025-01-28 21:20:54,674 INFO c.h.h.t.HelmChartContainer - [hivemq-test-hivemq-platform] [hivemq-platform-operator] [960cd2df] 21:20:54.673 [ReconcilerExecutor-hivemq-controller-64] INFO  c.h.p.o.HiveMQPlatformReconciler - [helmexte] Reconciling HiveMQ Platform 'test-hivemq-platform' in namespace 'helmextensionlicensesit'
2025-01-28 21:20:54,674 INFO c.h.h.t.HelmChartContainer - [hivemq-test-hivemq-platform] [hivemq-platform-operator] [960cd2df] 21:20:54.673 [ReconcilerExecutor-hivemq-controller-64] DEBUG c.h.p.o.HiveMQPlatformReconciler - [helmexte] Custom Resource Status STARTING - HiveMQ Platform is starting (READY)
2025-01-28 21:20:54,674 INFO c.h.h.t.HelmChartContainer - [hivemq-test-hivemq-platform] [hivemq-platform-operator] [960cd2df] 21:20:54.674 [ReconcilerExecutor-hivemq-controller-64] DEBUG c.h.p.o.HiveMQPlatformReconciler - [helmexte] Custom Resource Spec (replicas: 1) (extensions: 1)
2025-01-28 21:20:54,677 INFO c.h.h.t.HelmChartContainer - [POD] test-hivemq-platform-0 [2ad4153a-7db5-4d30-ac16-3539347fb8bc] in helmextensionlicensesit was ADDED
2025-01-28 21:20:54,681 INFO c.h.h.t.HelmChartContainer - [EVENT] Normal [SuccessfulCreate] create Pod test-hivemq-platform-0 in StatefulSet test-hivemq-platform successful [helmextensionlicensesit:test-hivemq-platform]
2025-01-28 21:20:54,684 INFO c.h.h.t.HelmChartContainer - [POD] test-hivemq-platform-0 [2ad4153a-7db5-4d30-ac16-3539347fb8bc] in helmextensionlicensesit was MODIFIED
2025-01-28 21:20:54,687 INFO c.h.h.t.HelmChartContainer - [EVENT] Normal [Scheduled] Successfully assigned helmextensionlicensesit/test-hivemq-platform-0 to 05c9130ab25d [helmextensionlicensesit:test-hivemq-platform-0]
2025-01-28 21:20:54,698 INFO c.h.h.t.HelmChartContainer - [POD] test-hivemq-platform-0 [2ad4153a-7db5-4d30-ac16-3539347fb8bc] in helmextensionlicensesit was MODIFIED
2025-01-28 21:20:54,761 INFO c.h.h.t.HelmChartContainer - [hivemq-test-hivemq-platform] [hivemq-platform-operator] [960cd2df] 21:20:54.759 [ReconcilerExecutor-hivemq-controller-64] DEBUG c.h.p.o.HiveMQPlatformReconciler - [helmexte] StatefulSet Status (revision: null, replicas: 0, available: 0, ready: 0, current: 0, updated: 0)
2025-01-28 21:20:54,761 INFO c.h.h.t.HelmChartContainer - [hivemq-test-hivemq-platform] [hivemq-platform-operator] [960cd2df] 21:20:54.760 [ReconcilerExecutor-hivemq-controller-64] DEBUG c.h.p.o.HiveMQPlatformReconciler - [helmexte] StatefulSet Spec (replicas: 1, init containers: 1, containers: 1, volumes: 5)
2025-01-28 21:20:54,833 INFO c.h.h.t.HelmChartContainer - [K3S] [reconciler_common.go:251] "operationExecutor.VerifyControllerAttachedVolume started for volume \"licenses\" (UniqueName: \"kubernetes.io/secret/2ad4153a-7db5-4d30-ac16-3539347fb8bc-licenses\") pod \"test-hivemq-platform-0\" (UID: \"2ad4153a-7db5-4d30-ac16-3539347fb8bc\") " pod="helmextensionlicensesit/test-hivemq-platform-0"
2025-01-28 21:20:54,833 INFO c.h.h.t.HelmChartContainer - [K3S] [reconciler_common.go:251] "operationExecutor.VerifyControllerAttachedVolume started for volume \"broker-configuration\" (UniqueName: \"kubernetes.io/configmap/2ad4153a-7db5-4d30-ac16-3539347fb8bc-broker-configuration\") pod \"test-hivemq-platform-0\" (UID: \"2ad4153a-7db5-4d30-ac16-3539347fb8bc\") " pod="helmextensionlicensesit/test-hivemq-platform-0"
2025-01-28 21:20:54,833 INFO c.h.h.t.HelmChartContainer - [K3S] [reconciler_common.go:251] "operationExecutor.VerifyControllerAttachedVolume started for volume \"kube-api-access-dz989\" (UniqueName: \"kubernetes.io/projected/2ad4153a-7db5-4d30-ac16-3539347fb8bc-kube-api-access-dz989\") pod \"test-hivemq-platform-0\" (UID: \"2ad4153a-7db5-4d30-ac16-3539347fb8bc\") " pod="helmextensionlicensesit/test-hivemq-platform-0"
2025-01-28 21:20:54,833 INFO c.h.h.t.HelmChartContainer - [K3S] [reconciler_common.go:251] "operationExecutor.VerifyControllerAttachedVolume started for volume \"extension-configuration-hivemq-distributed-tracing-extension\" (UniqueName: \"kubernetes.io/configmap/2ad4153a-7db5-4d30-ac16-3539347fb8bc-extension-configuration-hivemq-distributed-tracing-extension\") pod \"test-hivemq-platform-0\" (UID: \"2ad4153a-7db5-4d30-ac16-3539347fb8bc\") " pod="helmextensionlicensesit/test-hivemq-platform-0"
2025-01-28 21:20:54,834 INFO c.h.h.t.HelmChartContainer - [K3S] [reconciler_common.go:251] "operationExecutor.VerifyControllerAttachedVolume started for volume \"operator-init\" (UniqueName: \"kubernetes.io/empty-dir/2ad4153a-7db5-4d30-ac16-3539347fb8bc-operator-init\") pod \"test-hivemq-platform-0\" (UID: \"2ad4153a-7db5-4d30-ac16-3539347fb8bc\") " pod="helmextensionlicensesit/test-hivemq-platform-0"
2025-01-28 21:20:54,834 INFO c.h.h.t.HelmChartContainer - [K3S] [reconciler_common.go:251] "operationExecutor.VerifyControllerAttachedVolume started for volume \"pod-info\" (UniqueName: \"kubernetes.io/configmap/2ad4153a-7db5-4d30-ac16-3539347fb8bc-pod-info\") pod \"test-hivemq-platform-0\" (UID: \"2ad4153a-7db5-4d30-ac16-3539347fb8bc\") " pod="helmextensionlicensesit/test-hivemq-platform-0"
2025-01-28 21:20:54,865 INFO c.h.h.t.HelmChartContainer - [hivemq-test-hivemq-platform] [hivemq-platform-operator] [960cd2df] 21:20:54.864 [ReconcilerExecutor-hivemq-controller-64] DEBUG c.h.p.o.h.HiveMQPlatformReconcilerErrorHandler - [helmexte] Pod 'test-hivemq-platform-0' phase Pending
2025-01-28 21:20:54,866 INFO c.h.h.t.HelmChartContainer - [hivemq-test-hivemq-platform] [hivemq-platform-operator] [960cd2df] 21:20:54.865 [ReconcilerExecutor-hivemq-controller-64] DEBUG c.h.p.o.h.HiveMQPlatformReconcilerErrorHandler - [helmexte] Pod 'test-hivemq-platform-0' condition 'PodReadyToStartContainers': False
2025-01-28 21:20:54,867 INFO c.h.h.t.HelmChartContainer - [hivemq-test-hivemq-platform] [hivemq-platform-operator] [960cd2df] 21:20:54.866 [ReconcilerExecutor-hivemq-controller-64] DEBUG c.h.p.o.h.HiveMQPlatformReconcilerErrorHandler - [helmexte] Pod 'test-hivemq-platform-0' condition 'Initialized': False
2025-01-28 21:20:54,867 INFO c.h.h.t.HelmChartContainer - [hivemq-test-hivemq-platform] [hivemq-platform-operator] [960cd2df] 21:20:54.866 [ReconcilerExecutor-hivemq-controller-64] DEBUG c.h.p.o.h.HiveMQPlatformReconcilerErrorHandler - [helmexte] Pod 'test-hivemq-platform-0' condition 'Ready': False
2025-01-28 21:20:54,868 INFO c.h.h.t.HelmChartContainer - [hivemq-test-hivemq-platform] [hivemq-platform-operator] [960cd2df] 21:20:54.866 [ReconcilerExecutor-hivemq-controller-64] DEBUG c.h.p.o.h.HiveMQPlatformReconcilerErrorHandler - [helmexte] Pod 'test-hivemq-platform-0' condition 'ContainersReady': False
2025-01-28 21:20:54,868 INFO c.h.h.t.HelmChartContainer - [hivemq-test-hivemq-platform] [hivemq-platform-operator] [960cd2df] 21:20:54.866 [ReconcilerExecutor-hivemq-controller-64] DEBUG c.h.p.o.h.HiveMQPlatformReconcilerErrorHandler - [helmexte] Pod 'test-hivemq-platform-0' condition 'PodScheduled': True
2025-01-28 21:20:54,868 INFO c.h.h.t.HelmChartContainer - [hivemq-test-hivemq-platform] [hivemq-platform-operator] [960cd2df] 21:20:54.866 [ReconcilerExecutor-hivemq-controller-64] DEBUG c.h.p.o.h.HiveMQPlatformReconcilerErrorHandler - [helmexte] Pod 'test-hivemq-platform-0' containerStatus 'hivemq' (started: false) (ready: false) (waiting: [PodInitializing] null)
2025-01-28 21:20:54,870 INFO c.h.h.t.HelmChartContainer - [hivemq-test-hivemq-platform] [hivemq-platform-operator] [960cd2df] 21:20:54.869 [ReconcilerExecutor-hivemq-controller-64] INFO  c.h.p.o.h.HiveMQPlatformReconcilerBaseHandler - [helmexte] HiveMQ Platform is starting, 0 of 1 replicas are ready
2025-01-28 21:20:54,875 INFO c.h.h.t.HelmChartContainer - [hivemq-test-hivemq-platform] [hivemq-platform-operator] [960cd2df] 21:20:54.873 [pool-6-thread-22] DEBUG c.h.p.o.d.PlatformServiceResource - [helmexte] Desired Platform services (3 services)
2025-01-28 21:20:54,961 INFO c.h.h.t.HelmChartContainer - [hivemq-test-hivemq-platform] [hivemq-platform-operator] [960cd2df] 21:20:54.959 [pool-6-thread-27] DEBUG c.h.p.o.d.PodServiceAccountResource - [helmexte] Desired PodServiceAccountResource (serviceAccountName: hivemq-platform-pod-test-hivemq-platform)
2025-01-28 21:20:54,962 INFO c.h.h.t.HelmChartContainer - [hivemq-test-hivemq-platform] [hivemq-platform-operator] [960cd2df] 21:20:54.961 [pool-6-thread-23] DEBUG c.h.p.o.dependants.PodInfoConfigMap - [helmexte] Desired PodInfo ConfigMap (1 extensions) (1 enabled)
2025-01-28 21:20:54,963 INFO c.h.h.t.HelmChartContainer - [hivemq-test-hivemq-platform] [hivemq-platform-operator] [960cd2df] 21:20:54.961 [pool-6-thread-23] DEBUG c.h.p.o.dependants.PodInfoConfigMap - [helmexte] Desired PodInfo ConfigMap (metrics port: 9399) (metrics path: /)
2025-01-28 21:20:54,963 INFO c.h.h.t.HelmChartContainer - [hivemq-test-hivemq-platform] [hivemq-platform-operator] [960cd2df] 21:20:54.961 [pool-6-thread-23] DEBUG c.h.p.o.dependants.PodInfoConfigMap - [helmexte] Desired PodInfo ConfigMap (extension state hash: 14458099)
2025-01-28 21:20:54,968 INFO c.h.h.t.HelmChartContainer - [hivemq-test-hivemq-platform] [hivemq-platform-operator] [960cd2df] 21:20:54.967 [pool-6-thread-30] DEBUG c.h.p.o.d.StatefulSetResource - [helmexte] Desired StatefulSet (1 replicas) for status STARTING (READY)
2025-01-28 21:20:55,060 INFO c.h.h.t.HelmChartContainer - [hivemq-test-hivemq-platform] [hivemq-platform-operator] [960cd2df] 21:20:55.056 [ReconcilerExecutor-hivemq-controller-75] INFO  c.h.p.o.HiveMQPlatformReconciler - [helmexte] Reconciling HiveMQ Platform 'test-hivemq-platform' in namespace 'helmextensionlicensesit'
2025-01-28 21:20:55,061 INFO c.h.h.t.HelmChartContainer - [hivemq-test-hivemq-platform] [hivemq-platform-operator] [960cd2df] 21:20:55.056 [ReconcilerExecutor-hivemq-controller-75] DEBUG c.h.p.o.HiveMQPlatformReconciler - [helmexte] Custom Resource Status STARTING - HiveMQ Platform is starting (READY)
2025-01-28 21:20:55,061 INFO c.h.h.t.HelmChartContainer - [hivemq-test-hivemq-platform] [hivemq-platform-operator] [960cd2df] 21:20:55.056 [ReconcilerExecutor-hivemq-controller-75] DEBUG c.h.p.o.HiveMQPlatformReconciler - [helmexte] Custom Resource Spec (replicas: 1) (extensions: 1)
2025-01-28 21:20:55,067 INFO c.h.h.t.HelmChartContainer - [hivemq-test-hivemq-platform] [hivemq-platform-operator] [960cd2df] 21:20:55.063 [ReconcilerExecutor-hivemq-controller-75] DEBUG c.h.p.o.HiveMQPlatformReconciler - [helmexte] StatefulSet Status (revision: test-hivemq-platform-6bcc7896c5, replicas: 1, available: 0, ready: 0, current: 1, updated: 1)
2025-01-28 21:20:55,067 INFO c.h.h.t.HelmChartContainer - [hivemq-test-hivemq-platform] [hivemq-platform-operator] [960cd2df] 21:20:55.064 [ReconcilerExecutor-hivemq-controller-75] DEBUG c.h.p.o.HiveMQPlatformReconciler - [helmexte] StatefulSet Spec (replicas: 1, init containers: 1, containers: 1, volumes: 5)
2025-01-28 21:20:55,070 INFO c.h.h.t.HelmChartContainer - [hivemq-test-hivemq-platform] [hivemq-platform-operator] [960cd2df] 21:20:55.066 [ReconcilerExecutor-hivemq-controller-75] DEBUG c.h.p.o.h.HiveMQPlatformReconcilerErrorHandler - [helmexte] Pod 'test-hivemq-platform-0' phase Pending
2025-01-28 21:20:55,070 INFO c.h.h.t.HelmChartContainer - [hivemq-test-hivemq-platform] [hivemq-platform-operator] [960cd2df] 21:20:55.067 [ReconcilerExecutor-hivemq-controller-75] DEBUG c.h.p.o.h.HiveMQPlatformReconcilerErrorHandler - [helmexte] Pod 'test-hivemq-platform-0' condition 'PodReadyToStartContainers': False
2025-01-28 21:20:55,070 INFO c.h.h.t.HelmChartContainer - [hivemq-test-hivemq-platform] [hivemq-platform-operator] [960cd2df] 21:20:55.067 [ReconcilerExecutor-hivemq-controller-75] DEBUG c.h.p.o.h.HiveMQPlatformReconcilerErrorHandler - [helmexte] Pod 'test-hivemq-platform-0' condition 'Initialized': False
2025-01-28 21:20:55,070 INFO c.h.h.t.HelmChartContainer - [hivemq-test-hivemq-platform] [hivemq-platform-operator] [960cd2df] 21:20:55.067 [ReconcilerExecutor-hivemq-controller-75] DEBUG c.h.p.o.h.HiveMQPlatformReconcilerErrorHandler - [helmexte] Pod 'test-hivemq-platform-0' condition 'Ready': False
2025-01-28 21:20:55,070 INFO c.h.h.t.HelmChartContainer - [hivemq-test-hivemq-platform] [hivemq-platform-operator] [960cd2df] 21:20:55.067 [ReconcilerExecutor-hivemq-controller-75] DEBUG c.h.p.o.h.HiveMQPlatformReconcilerErrorHandler - [helmexte] Pod 'test-hivemq-platform-0' condition 'ContainersReady': False
2025-01-28 21:20:55,070 INFO c.h.h.t.HelmChartContainer - [hivemq-test-hivemq-platform] [hivemq-platform-operator] [960cd2df] 21:20:55.067 [ReconcilerExecutor-hivemq-controller-75] DEBUG c.h.p.o.h.HiveMQPlatformReconcilerErrorHandler - [helmexte] Pod 'test-hivemq-platform-0' condition 'PodScheduled': True
2025-01-28 21:20:55,070 INFO c.h.h.t.HelmChartContainer - [hivemq-test-hivemq-platform] [hivemq-platform-operator] [960cd2df] 21:20:55.067 [ReconcilerExecutor-hivemq-controller-75] DEBUG c.h.p.o.h.HiveMQPlatformReconcilerErrorHandler - [helmexte] Pod 'test-hivemq-platform-0' containerStatus 'hivemq' (started: false) (ready: false) (waiting: [PodInitializing] null)
2025-01-28 21:20:55,070 INFO c.h.h.t.HelmChartContainer - [hivemq-test-hivemq-platform] [hivemq-platform-operator] [960cd2df] 21:20:55.069 [ReconcilerExecutor-hivemq-controller-75] INFO  c.h.p.o.h.HiveMQPlatformReconcilerBaseHandler - [helmexte] HiveMQ Platform is starting, 0 of 1 replicas are ready
2025-01-28 21:20:55,081 INFO c.h.h.t.HelmChartContainer - [EVENT] Normal [Pulled] Container image "docker.io/hivemq/hivemq-platform-operator-init-test:snapshot" already present on machine [helmextensionlicensesit:test-hivemq-platform-0]
2025-01-28 21:20:55,191 INFO c.h.h.t.HelmChartContainer - [EVENT] Normal [Created] Created container: hivemq-platform-operator-init [helmextensionlicensesit:test-hivemq-platform-0]
2025-01-28 21:20:55,249 INFO c.h.h.t.HelmChartContainer - [EVENT] Normal [Started] Started container hivemq-platform-operator-init [helmextensionlicensesit:test-hivemq-platform-0]
2025-01-28 21:20:55,575 INFO c.h.h.t.HelmChartContainer - [EVENT] Normal [Pulled] Container image "docker.io/hivemq/hivemq4:4.36.0" already present on machine [helmextensionlicensesit:test-hivemq-platform-0]
2025-01-28 21:20:55,575 INFO c.h.h.t.HelmChartContainer - Received Pulled event for container hivemq in pod test-hivemq-platform-0 [2ad4153a-7db5-4d30-ac16-3539347fb8bc]
2025-01-28 21:20:55,585 INFO c.h.h.t.HelmChartContainer - [POD] test-hivemq-platform-0 [2ad4153a-7db5-4d30-ac16-3539347fb8bc] in helmextensionlicensesit was MODIFIED
2025-01-28 21:20:55,607 INFO c.h.h.t.HelmChartContainer - [hivemq-test-hivemq-platform] [hivemq-platform-operator] [960cd2df] 21:20:55.600 [pool-6-thread-32] DEBUG c.h.p.o.d.PlatformServiceResource - [helmexte] Desired Platform services (3 services)
2025-01-28 21:20:55,607 INFO c.h.h.t.HelmChartContainer - [hivemq-test-hivemq-platform] [hivemq-platform-operator] [960cd2df] 21:20:55.603 [pool-6-thread-33] DEBUG c.h.p.o.dependants.PodInfoConfigMap - [helmexte] Desired PodInfo ConfigMap (1 extensions) (1 enabled)
2025-01-28 21:20:55,610 INFO c.h.h.t.HelmChartContainer - [hivemq-test-hivemq-platform] [hivemq-platform-operator] [960cd2df] 21:20:55.603 [pool-6-thread-33] DEBUG c.h.p.o.dependants.PodInfoConfigMap - [helmexte] Desired PodInfo ConfigMap (metrics port: 9399) (metrics path: /)
2025-01-28 21:20:55,610 INFO c.h.h.t.HelmChartContainer - [hivemq-test-hivemq-platform] [hivemq-platform-operator] [960cd2df] 21:20:55.603 [pool-6-thread-33] DEBUG c.h.p.o.dependants.PodInfoConfigMap - [helmexte] Desired PodInfo ConfigMap (extension state hash: 14458099)
2025-01-28 21:20:55,619 INFO c.h.h.t.HelmChartContainer - [hivemq-test-hivemq-platform] [hivemq-platform-operator] [960cd2df] 21:20:55.616 [pool-6-thread-37] DEBUG c.h.p.o.d.PodServiceAccountResource - [helmexte] Desired PodServiceAccountResource (serviceAccountName: hivemq-platform-pod-test-hivemq-platform)
2025-01-28 21:20:55,672 INFO c.h.h.t.HelmChartContainer - [hivemq-test-hivemq-platform] [hivemq-platform-operator] [960cd2df] 21:20:55.670 [pool-6-thread-40] DEBUG c.h.p.o.d.StatefulSetResource - [helmexte] Desired StatefulSet (1 replicas) for status STARTING (READY)
2025-01-28 21:20:55,713 INFO c.h.h.t.HelmChartContainer - [hivemq-test-hivemq-platform] [hivemq-platform-operator] [960cd2df] 21:20:55.712 [ReconcilerExecutor-hivemq-controller-86] INFO  c.h.p.o.HiveMQPlatformReconciler - [helmexte] Reconciling HiveMQ Platform 'test-hivemq-platform' in namespace 'helmextensionlicensesit'
2025-01-28 21:20:55,713 INFO c.h.h.t.HelmChartContainer - [hivemq-test-hivemq-platform] [hivemq-platform-operator] [960cd2df] 21:20:55.712 [ReconcilerExecutor-hivemq-controller-86] DEBUG c.h.p.o.HiveMQPlatformReconciler - [helmexte] Custom Resource Status STARTING - HiveMQ Platform is starting (READY)
2025-01-28 21:20:55,713 INFO c.h.h.t.HelmChartContainer - [hivemq-test-hivemq-platform] [hivemq-platform-operator] [960cd2df] 21:20:55.712 [ReconcilerExecutor-hivemq-controller-86] DEBUG c.h.p.o.HiveMQPlatformReconciler - [helmexte] Custom Resource Spec (replicas: 1) (extensions: 1)
2025-01-28 21:20:55,758 INFO c.h.h.t.HelmChartContainer - [hivemq-test-hivemq-platform] [hivemq-platform-operator] [960cd2df] 21:20:55.756 [ReconcilerExecutor-hivemq-controller-86] DEBUG c.h.p.o.HiveMQPlatformReconciler - [helmexte] StatefulSet Status (revision: test-hivemq-platform-6bcc7896c5, replicas: 1, available: 0, ready: 0, current: 1, updated: 1)
2025-01-28 21:20:55,760 INFO c.h.h.t.HelmChartContainer - [hivemq-test-hivemq-platform] [hivemq-platform-operator] [960cd2df] 21:20:55.758 [ReconcilerExecutor-hivemq-controller-86] DEBUG c.h.p.o.HiveMQPlatformReconciler - [helmexte] StatefulSet Spec (replicas: 1, init containers: 1, containers: 1, volumes: 5)
2025-01-28 21:20:55,764 INFO c.h.h.t.HelmChartContainer - [hivemq-test-hivemq-platform] [hivemq-platform-operator] [960cd2df] 21:20:55.763 [ReconcilerExecutor-hivemq-controller-86] DEBUG c.h.p.o.h.HiveMQPlatformReconcilerErrorHandler - [helmexte] Pod 'test-hivemq-platform-0' phase Pending
2025-01-28 21:20:55,765 INFO c.h.h.t.HelmChartContainer - [hivemq-test-hivemq-platform] [hivemq-platform-operator] [960cd2df] 21:20:55.764 [ReconcilerExecutor-hivemq-controller-86] DEBUG c.h.p.o.h.HiveMQPlatformReconcilerErrorHandler - [helmexte] Pod 'test-hivemq-platform-0' condition 'PodReadyToStartContainers': True
2025-01-28 21:20:55,768 INFO c.h.h.t.HelmChartContainer - [hivemq-test-hivemq-platform] [hivemq-platform-operator] [960cd2df] 21:20:55.765 [ReconcilerExecutor-hivemq-controller-86] DEBUG c.h.p.o.h.HiveMQPlatformReconcilerErrorHandler - [helmexte] Pod 'test-hivemq-platform-0' condition 'Initialized': True
2025-01-28 21:20:55,769 INFO c.h.h.t.HelmChartContainer - [hivemq-test-hivemq-platform] [hivemq-platform-operator] [960cd2df] 21:20:55.765 [ReconcilerExecutor-hivemq-controller-86] DEBUG c.h.p.o.h.HiveMQPlatformReconcilerErrorHandler - [helmexte] Pod 'test-hivemq-platform-0' condition 'Ready': False
2025-01-28 21:20:55,769 INFO c.h.h.t.HelmChartContainer - [hivemq-test-hivemq-platform] [hivemq-platform-operator] [960cd2df] 21:20:55.765 [ReconcilerExecutor-hivemq-controller-86] DEBUG c.h.p.o.h.HiveMQPlatformReconcilerErrorHandler - [helmexte] Pod 'test-hivemq-platform-0' condition 'ContainersReady': False
2025-01-28 21:20:55,769 INFO c.h.h.t.HelmChartContainer - [hivemq-test-hivemq-platform] [hivemq-platform-operator] [960cd2df] 21:20:55.766 [ReconcilerExecutor-hivemq-controller-86] DEBUG c.h.p.o.h.HiveMQPlatformReconcilerErrorHandler - [helmexte] Pod 'test-hivemq-platform-0' condition 'PodScheduled': True
2025-01-28 21:20:55,769 INFO c.h.h.t.HelmChartContainer - [hivemq-test-hivemq-platform] [hivemq-platform-operator] [960cd2df] 21:20:55.766 [ReconcilerExecutor-hivemq-controller-86] DEBUG c.h.p.o.h.HiveMQPlatformReconcilerErrorHandler - [helmexte] Pod 'test-hivemq-platform-0' containerStatus 'hivemq' (started: false) (ready: false) (waiting: [PodInitializing] null)
2025-01-28 21:20:55,769 INFO c.h.h.t.HelmChartContainer - [hivemq-test-hivemq-platform] [hivemq-platform-operator] [960cd2df] 21:20:55.767 [ReconcilerExecutor-hivemq-controller-86] INFO  c.h.p.o.h.HiveMQPlatformReconcilerBaseHandler - [helmexte] HiveMQ Platform is starting, 0 of 1 replicas are ready
2025-01-28 21:20:56,758 INFO c.h.h.t.HelmChartContainer - [EVENT] Normal [Created] Created container: hivemq [helmextensionlicensesit:test-hivemq-platform-0]
2025-01-28 21:20:56,758 INFO c.h.h.t.HelmChartContainer - Received Created event for container hivemq in pod test-hivemq-platform-0 [2ad4153a-7db5-4d30-ac16-3539347fb8bc]
2025-01-28 21:20:57,586 INFO c.h.h.t.HelmChartContainer - [POD] test-hivemq-platform-0 [2ad4153a-7db5-4d30-ac16-3539347fb8bc] in helmextensionlicensesit was MODIFIED
2025-01-28 21:20:57,596 INFO c.h.h.t.HelmChartContainer - [EVENT] Normal [Started] Started container hivemq [helmextensionlicensesit:test-hivemq-platform-0]
2025-01-28 21:20:57,596 INFO c.h.h.t.HelmChartContainer - Received Started event for container hivemq in pod test-hivemq-platform-0 [2ad4153a-7db5-4d30-ac16-3539347fb8bc]
2025-01-28 21:20:57,598 INFO c.h.h.t.HelmChartContainer - Started log watcher for hivemq in pod test-hivemq-platform-0 [2ad4153a-7db5-4d30-ac16-3539347fb8bc]
2025-01-28 21:20:57,598 INFO c.h.h.t.HelmChartContainer - [test-hivemq-platform] [hivemq] [2ad4153a] Adding pre-installed HiveMQ Platform Operator extensions
2025-01-28 21:20:57,598 INFO c.h.h.t.HelmChartContainer - [test-hivemq-platform] [hivemq] [2ad4153a] Running as user 10000
2025-01-28 21:20:57,598 INFO c.h.h.t.HelmChartContainer - [test-hivemq-platform] [hivemq] [2ad4153a] Starting HiveMQ Platform Operator Init
2025-01-28 21:20:57,601 INFO c.h.h.t.HelmChartContainer - [hivemq-test-hivemq-platform] [hivemq-platform-operator] [960cd2df] 21:20:57.599 [pool-6-thread-42] DEBUG c.h.p.o.d.PlatformServiceResource - [helmexte] Desired Platform services (3 services)
2025-01-28 21:20:57,607 INFO c.h.h.t.HelmChartContainer - [hivemq-test-hivemq-platform] [hivemq-platform-operator] [960cd2df] 21:20:57.603 [pool-6-thread-43] DEBUG c.h.p.o.dependants.PodInfoConfigMap - [helmexte] Desired PodInfo ConfigMap (1 extensions) (1 enabled)
2025-01-28 21:20:57,609 INFO c.h.h.t.HelmChartContainer - [hivemq-test-hivemq-platform] [hivemq-platform-operator] [960cd2df] 21:20:57.603 [pool-6-thread-43] DEBUG c.h.p.o.dependants.PodInfoConfigMap - [helmexte] Desired PodInfo ConfigMap (metrics port: 9399) (metrics path: /)
2025-01-28 21:20:57,611 INFO c.h.h.t.HelmChartContainer - [hivemq-test-hivemq-platform] [hivemq-platform-operator] [960cd2df] 21:20:57.603 [pool-6-thread-43] DEBUG c.h.p.o.dependants.PodInfoConfigMap - [helmexte] Desired PodInfo ConfigMap (extension state hash: 14458099)
2025-01-28 21:20:57,611 INFO c.h.h.t.HelmChartContainer - [hivemq-test-hivemq-platform] [hivemq-platform-operator] [960cd2df] 21:20:57.610 [pool-6-thread-47] DEBUG c.h.p.o.d.PodServiceAccountResource - [helmexte] Desired PodServiceAccountResource (serviceAccountName: hivemq-platform-pod-test-hivemq-platform)
2025-01-28 21:20:57,657 INFO c.h.h.t.HelmChartContainer - [hivemq-test-hivemq-platform] [hivemq-platform-operator] [960cd2df] 21:20:57.655 [pool-6-thread-50] DEBUG c.h.p.o.d.StatefulSetResource - [helmexte] Desired StatefulSet (1 replicas) for status STARTING (READY)
2025-01-28 21:20:57,661 INFO c.h.h.t.HelmChartContainer - [hivemq-test-hivemq-platform] [hivemq-platform-operator] [960cd2df] 21:20:57.660 [ReconcilerExecutor-hivemq-controller-97] INFO  c.h.p.o.HiveMQPlatformReconciler - [helmexte] Reconciling HiveMQ Platform 'test-hivemq-platform' in namespace 'helmextensionlicensesit'
2025-01-28 21:20:57,662 INFO c.h.h.t.HelmChartContainer - [hivemq-test-hivemq-platform] [hivemq-platform-operator] [960cd2df] 21:20:57.661 [ReconcilerExecutor-hivemq-controller-97] DEBUG c.h.p.o.HiveMQPlatformReconciler - [helmexte] Custom Resource Status STARTING - HiveMQ Platform is starting (READY)
2025-01-28 21:20:57,662 INFO c.h.h.t.HelmChartContainer - [hivemq-test-hivemq-platform] [hivemq-platform-operator] [960cd2df] 21:20:57.661 [ReconcilerExecutor-hivemq-controller-97] DEBUG c.h.p.o.HiveMQPlatformReconciler - [helmexte] Custom Resource Spec (replicas: 1) (extensions: 1)
2025-01-28 21:20:57,665 INFO c.h.h.t.HelmChartContainer - [hivemq-test-hivemq-platform] [hivemq-platform-operator] [960cd2df] 21:20:57.664 [ReconcilerExecutor-hivemq-controller-97] DEBUG c.h.p.o.HiveMQPlatformReconciler - [helmexte] StatefulSet Status (revision: test-hivemq-platform-6bcc7896c5, replicas: 1, available: 0, ready: 0, current: 1, updated: 1)
2025-01-28 21:20:57,665 INFO c.h.h.t.HelmChartContainer - [hivemq-test-hivemq-platform] [hivemq-platform-operator] [960cd2df] 21:20:57.664 [ReconcilerExecutor-hivemq-controller-97] DEBUG c.h.p.o.HiveMQPlatformReconciler - [helmexte] StatefulSet Spec (replicas: 1, init containers: 1, containers: 1, volumes: 5)
2025-01-28 21:20:57,670 INFO c.h.h.t.HelmChartContainer - [hivemq-test-hivemq-platform] [hivemq-platform-operator] [960cd2df] 21:20:57.669 [ReconcilerExecutor-hivemq-controller-97] DEBUG c.h.p.o.h.HiveMQPlatformReconcilerErrorHandler - [helmexte] Pod 'test-hivemq-platform-0' phase Running
2025-01-28 21:20:57,713 INFO c.h.h.t.HelmChartContainer - [hivemq-test-hivemq-platform] [hivemq-platform-operator] [960cd2df] 21:20:57.670 [ReconcilerExecutor-hivemq-controller-97] INFO  c.h.p.o.h.HiveMQPlatformReconcilerBaseHandler - [helmexte] HiveMQ Platform is starting, 0 of 1 replicas are ready
2025-01-28 21:20:58,100 INFO c.h.h.t.HelmChartContainer - [test-hivemq-platform] [hivemq] [2ad4153a] INFO  - [HiveMQ Platform Operator Init 1.7.0-SNAPSHOT] HiveMQ Platform Operator Init 1.7.0-SNAPSHOT (commit: bebf408 on branch: HEAD) built on Sun Jan 26 20:47:47 UTC 2025
2025-01-28 21:20:59,131 INFO c.h.h.t.HelmChartContainer - [test-hivemq-platform] [hivemq] [2ad4153a] INFO  - [HiveMQ Platform Operator Init App 1.7.0-SNAPSHOT] Using bind address 10.42.0.10 from environment variable
2025-01-28 21:21:00,001 INFO c.h.h.t.HelmChartContainer - [test-hivemq-platform] [hivemq] [2ad4153a] INFO  - [HiveMQ Platform Operator Init App 1.7.0-SNAPSHOT] HiveMQ Platform Operator Init App 1.7.0-SNAPSHOT (commit: bebf408 on branch: HEAD) built on Sun Jan 26 20:47:47 UTC 2025
2025-01-28 21:21:00,002 INFO c.h.h.t.HelmChartContainer - [test-hivemq-platform] [hivemq] [2ad4153a] INFO  - [HiveMQ Platform Operator Init App 1.7.0-SNAPSHOT] PodInfo ConfigMap directory: /etc/podinfo
2025-01-28 21:21:00,008 INFO c.h.h.t.HelmChartContainer - [test-hivemq-platform] [hivemq] [2ad4153a] INFO  - [HiveMQ Platform Operator Init App 1.7.0-SNAPSHOT] HiveMQ home directory: /opt/hivemq
2025-01-28 21:21:00,008 INFO c.h.h.t.HelmChartContainer - [test-hivemq-platform] [hivemq] [2ad4153a] INFO  - [HiveMQ Platform Operator Init App 1.7.0-SNAPSHOT] HiveMQ Logback folder: /opt/hivemq/conf
2025-01-28 21:21:00,008 INFO c.h.h.t.HelmChartContainer - [test-hivemq-platform] [hivemq] [2ad4153a] INFO  - [HiveMQ Platform Operator Init App 1.7.0-SNAPSHOT] HiveMQ Config folder: /opt/hivemq/conf-k8s
2025-01-28 21:21:00,008 INFO c.h.h.t.HelmChartContainer - [test-hivemq-platform] [hivemq] [2ad4153a] INFO  - [HiveMQ Platform Operator Init App 1.7.0-SNAPSHOT] Starting HiveMQ Platform Operator Init App
2025-01-28 21:21:00,008 INFO c.h.h.t.HelmChartContainer - [test-hivemq-platform] [hivemq] [2ad4153a] INFO  - [HiveMQ Platform Operator Init App 1.7.0-SNAPSHOT] Starting Pod reconciler
2025-01-28 21:21:01,296 INFO c.h.h.t.HelmChartContainer - [test-hivemq-platform] [hivemq] [2ad4153a] INFO  - [HiveMQ Platform Operator Init App 1.7.0-SNAPSHOT] Pod reconciler is scheduled (interval: 5000 ms)
2025-01-28 21:21:01,298 INFO c.h.h.t.HelmChartContainer - [test-hivemq-platform] [hivemq] [2ad4153a] INFO  - [HiveMQ Platform Operator Init App 1.7.0-SNAPSHOT] Starting the REST API on 10.42.0.10:7979
2025-01-28 21:21:01,300 INFO c.h.h.t.HelmChartContainer - [test-hivemq-platform] [hivemq] [2ad4153a] INFO  - [HiveMQ Platform Operator Init App 1.7.0-SNAPSHOT] Waiting up to 600s for at most 1 HiveMQ nodes in cluster service hivemq-test-hivemq-platform-cluster.helmextensionlicensesit.svc
2025-01-28 21:21:01,619 INFO c.h.h.t.HelmChartContainer - [test-hivemq-platform] [hivemq] [2ad4153a] INFO  - [HiveMQ Platform Operator Init App 1.7.0-SNAPSHOT] Resolved 1 IP addresses: [10.42.0.10]
2025-01-28 21:21:01,619 INFO c.h.h.t.HelmChartContainer - [test-hivemq-platform] [hivemq] [2ad4153a] INFO  - [HiveMQ Platform Operator Init App 1.7.0-SNAPSHOT] HiveMQ node count of 1 is within threshold of 1
2025-01-28 21:21:01,619 INFO c.h.h.t.HelmChartContainer - [test-hivemq-platform] [hivemq] [2ad4153a] INFO  - [HiveMQ Platform Operator Init App 1.7.0-SNAPSHOT] Proceeding with container start
2025-01-28 21:21:01,710 INFO c.h.h.t.HelmChartContainer - [test-hivemq-platform] [hivemq] [2ad4153a] INFO  - [HiveMQ Platform Operator Init App 1.7.0-SNAPSHOT] Initializing HiveMQ Platform extensions with initial configuration: {hivemq-distributed-tracing-extension={start-priority=-1, skip-https-hostname-verification=false, restart=false, config-version=1039, header-version=0, c-uri=, priority=-1, uri=preinstalled, skip-https-certificate-validation=false, enabled=true}, hivemq-prometheus-extension={start-priority=-1, c-uri=, skip-https-hostname-verification=false, skip-https-certificate-validation=false, uri=preinstalled, request-header-path=no-request-headers, enabled=true, restart=true, priority=-1}}
2025-01-28 21:21:02,204 INFO c.h.h.t.HelmChartContainer - [test-hivemq-platform] [hivemq] [2ad4153a] INFO  - [HiveMQ Platform Operator Init App 1.7.0-SNAPSHOT] Successfully enabled extension hivemq-distributed-tracing-extension
2025-01-28 21:21:02,281 INFO c.h.h.t.HelmChartContainer - [test-hivemq-platform] [hivemq] [2ad4153a] INFO  - [HiveMQ Platform Operator Init App 1.7.0-SNAPSHOT] Successfully enabled extension hivemq-prometheus-extension
2025-01-28 21:21:02,300 INFO c.h.h.t.HelmChartContainer - [test-hivemq-platform] [hivemq] [2ad4153a] INFO  - [HiveMQ Platform Operator Init App 1.7.0-SNAPSHOT] Starting HiveMQ Platform version 4.36.0 (4.36.0)
2025-01-28 21:21:02,300 INFO c.h.h.t.HelmChartContainer - [test-hivemq-platform] [hivemq] [2ad4153a] INFO  - [HiveMQ Platform Operator Init App 1.7.0-SNAPSHOT] Configuring the HiveMQ Platform
2025-01-28 21:21:02,309 INFO c.h.h.t.HelmChartContainer - [test-hivemq-platform] [hivemq] [2ad4153a] INFO  - [HiveMQ Platform Operator Init App 1.7.0-SNAPSHOT] Changed logback.xml file scan period to 20 seconds
2025-01-28 21:21:02,408 INFO c.h.h.t.HelmChartContainer - [test-hivemq-platform] [hivemq] [2ad4153a] INFO  - [HiveMQ Platform Operator Init App 1.7.0-SNAPSHOT] Starting the HiveMQ Platform
2025-01-28 21:21:02,482 INFO c.h.h.t.HelmChartContainer - [test-hivemq-platform] [hivemq] [2ad4153a] -------------------------------------------------------------------------
2025-01-28 21:21:02,483 INFO c.h.h.t.HelmChartContainer - [test-hivemq-platform] [hivemq] [2ad4153a] 
2025-01-28 21:21:02,483 INFO c.h.h.t.HelmChartContainer - [test-hivemq-platform] [hivemq] [2ad4153a]                   _    _  _              __  __   ____
2025-01-28 21:21:02,483 INFO c.h.h.t.HelmChartContainer - [test-hivemq-platform] [hivemq] [2ad4153a]                  | |  | |(_)            |  \/  | / __ \
2025-01-28 21:21:02,483 INFO c.h.h.t.HelmChartContainer - [test-hivemq-platform] [hivemq] [2ad4153a]                  | |__| | _ __   __ ___ | \  / || |  | |
2025-01-28 21:21:02,483 INFO c.h.h.t.HelmChartContainer - [test-hivemq-platform] [hivemq] [2ad4153a]                  |  __  || |\ \ / // _ \| |\/| || |  | |
2025-01-28 21:21:02,483 INFO c.h.h.t.HelmChartContainer - [test-hivemq-platform] [hivemq] [2ad4153a]                  | |  | || | \ V /|  __/| |  | || |__| |
2025-01-28 21:21:02,483 INFO c.h.h.t.HelmChartContainer - [test-hivemq-platform] [hivemq] [2ad4153a]                  |_|  |_||_|  \_/  \___||_|  |_| \___\_\
2025-01-28 21:21:02,484 INFO c.h.h.t.HelmChartContainer - [test-hivemq-platform] [hivemq] [2ad4153a] 
2025-01-28 21:21:02,484 INFO c.h.h.t.HelmChartContainer - [test-hivemq-platform] [hivemq] [2ad4153a] -------------------------------------------------------------------------
2025-01-28 21:21:02,484 INFO c.h.h.t.HelmChartContainer - [test-hivemq-platform] [hivemq] [2ad4153a] 
2025-01-28 21:21:02,484 INFO c.h.h.t.HelmChartContainer - [test-hivemq-platform] [hivemq] [2ad4153a]   HiveMQ Start Script for Linux/Unix v1.14
2025-01-28 21:21:02,484 INFO c.h.h.t.HelmChartContainer - [test-hivemq-platform] [hivemq] [2ad4153a] 
2025-01-28 21:21:02,519 INFO c.h.h.t.HelmChartContainer - [test-hivemq-platform] [hivemq] [2ad4153a] -------------------------------------------------------------------------
2025-01-28 21:21:02,519 INFO c.h.h.t.HelmChartContainer - [test-hivemq-platform] [hivemq] [2ad4153a] 
2025-01-28 21:21:02,519 INFO c.h.h.t.HelmChartContainer - [test-hivemq-platform] [hivemq] [2ad4153a]   HIVEMQ_HOME: /opt/hivemq
2025-01-28 21:21:02,519 INFO c.h.h.t.HelmChartContainer - [test-hivemq-platform] [hivemq] [2ad4153a] 
2025-01-28 21:21:02,519 INFO c.h.h.t.HelmChartContainer - [test-hivemq-platform] [hivemq] [2ad4153a]   JAVA_OPTS: -XX:+UnlockExperimentalVMOptions -XX:InitialRAMPercentage=50 -XX:MaxRAMPercentage=50 -Djava.net.preferIPv4Stack=true --add-opens java.base/java.lang=ALL-UNNAMED --add-opens java.base/java.nio=ALL-UNNAMED --add-opens java.base/sun.nio.ch=ALL-UNNAMED --add-opens jdk.management/com.sun.management.internal=ALL-UNNAMED --add-exports java.base/jdk.internal.misc=ALL-UNNAMED -Djava.security.egd=file:/dev/./urandom -Dcom.sun.management.jmxremote -Dcom.sun.management.jmxremote.port=9010 -Dcom.sun.management.jmxremote.local.only=false -Dcom.sun.management.jmxremote.authenticate=false -Dcom.sun.management.jmxremote.ssl=false -Duser.language=en -Duser.region=US -XX:+CrashOnOutOfMemoryError -XX:+HeapDumpOnOutOfMemoryError
2025-01-28 21:21:02,519 INFO c.h.h.t.HelmChartContainer - [test-hivemq-platform] [hivemq] [2ad4153a] 
2025-01-28 21:21:02,519 INFO c.h.h.t.HelmChartContainer - [test-hivemq-platform] [hivemq] [2ad4153a]   JAVA_VERSION: 21
2025-01-28 21:21:02,519 INFO c.h.h.t.HelmChartContainer - [test-hivemq-platform] [hivemq] [2ad4153a] 
2025-01-28 21:21:02,519 INFO c.h.h.t.HelmChartContainer - [test-hivemq-platform] [hivemq] [2ad4153a] -------------------------------------------------------------------------
2025-01-28 21:21:02,519 INFO c.h.h.t.HelmChartContainer - [test-hivemq-platform] [hivemq] [2ad4153a] 
2025-01-28 21:21:03,604 INFO c.h.h.t.HelmChartContainer - [test-hivemq-platform] [hivemq] [2ad4153a] INFO  - [HiveMQ Platform Operator Init App 1.7.0-SNAPSHOT] Returning default Health API response 503 for readiness
2025-01-28 21:21:03,909 INFO c.h.h.t.HelmChartContainer - [EVENT] Warning [Unhealthy] Readiness probe failed: HTTP probe failed with statuscode: 503 [helmextensionlicensesit:test-hivemq-platform-0]
2025-01-28 21:21:03,909 INFO c.h.h.t.HelmChartContainer - Received Unhealthy event for container hivemq in pod test-hivemq-platform-0 [2ad4153a-7db5-4d30-ac16-3539347fb8bc]
2025-01-28 21:21:05,199 INFO c.h.h.t.HelmChartContainer - [test-hivemq-platform] [hivemq] [2ad4153a] INFO  - Starting HiveMQ Enterprise Server
2025-01-28 21:21:05,206 INFO c.h.h.t.HelmChartContainer - [test-hivemq-platform] [hivemq] [2ad4153a] INFO  - HiveMQ version: 4.36.0
2025-01-28 21:21:05,206 INFO c.h.h.t.HelmChartContainer - [test-hivemq-platform] [hivemq] [2ad4153a] INFO  - HiveMQ home directory: /opt/hivemq
2025-01-28 21:21:05,207 INFO c.h.h.t.HelmChartContainer - [test-hivemq-platform] [hivemq] [2ad4153a] INFO  - Log Configuration was overridden by /opt/hivemq/conf/logback.xml
2025-01-28 21:21:06,701 INFO c.h.h.t.HelmChartContainer - [test-hivemq-platform] [hivemq] [2ad4153a] INFO  - Successfully loaded configuration from '/opt/hivemq/conf-k8s/config.xml'.
2025-01-28 21:21:07,406 INFO c.h.h.t.HelmChartContainer - [test-hivemq-platform] [hivemq] [2ad4153a] INFO  - This node's ID is JYkfv
2025-01-28 21:21:07,499 INFO c.h.h.t.HelmChartContainer - [test-hivemq-platform] [hivemq] [2ad4153a] INFO  - Clustering is enabled
2025-01-28 21:21:07,721 INFO c.h.h.t.HelmChartContainer - [hivemq-test-hivemq-platform] [hivemq-platform-operator] [960cd2df] 21:21:07.716 [pool-6-thread-8] DEBUG c.h.p.o.d.PlatformServiceResource - [helmexte] Desired Platform services (3 services)
2025-01-28 21:21:07,721 INFO c.h.h.t.HelmChartContainer - [hivemq-test-hivemq-platform] [hivemq-platform-operator] [960cd2df] 21:21:07.717 [pool-6-thread-9] DEBUG c.h.p.o.dependants.PodInfoConfigMap - [helmexte] Desired PodInfo ConfigMap (1 extensions) (1 enabled)
2025-01-28 21:21:07,721 INFO c.h.h.t.HelmChartContainer - [hivemq-test-hivemq-platform] [hivemq-platform-operator] [960cd2df] 21:21:07.718 [pool-6-thread-9] DEBUG c.h.p.o.dependants.PodInfoConfigMap - [helmexte] Desired PodInfo ConfigMap (metrics port: 9399) (metrics path: /)
2025-01-28 21:21:07,721 INFO c.h.h.t.HelmChartContainer - [hivemq-test-hivemq-platform] [hivemq-platform-operator] [960cd2df] 21:21:07.718 [pool-6-thread-9] DEBUG c.h.p.o.dependants.PodInfoConfigMap - [helmexte] Desired PodInfo ConfigMap (extension state hash: 14458099)
2025-01-28 21:21:07,721 INFO c.h.h.t.HelmChartContainer - [hivemq-test-hivemq-platform] [hivemq-platform-operator] [960cd2df] 21:21:07.719 [pool-6-thread-3] DEBUG c.h.p.o.d.PodServiceAccountResource - [helmexte] Desired PodServiceAccountResource (serviceAccountName: hivemq-platform-pod-test-hivemq-platform)
2025-01-28 21:21:07,725 INFO c.h.h.t.HelmChartContainer - [hivemq-test-hivemq-platform] [hivemq-platform-operator] [960cd2df] 21:21:07.724 [pool-6-thread-8] DEBUG c.h.p.o.d.StatefulSetResource - [helmexte] Desired StatefulSet (1 replicas) for status STARTING (READY)
2025-01-28 21:21:07,728 INFO c.h.h.t.HelmChartContainer - [hivemq-test-hivemq-platform] [hivemq-platform-operator] [960cd2df] 21:21:07.727 [ReconcilerExecutor-hivemq-controller-108] INFO  c.h.p.o.HiveMQPlatformReconciler - [helmexte] Reconciling HiveMQ Platform 'test-hivemq-platform' in namespace 'helmextensionlicensesit'
2025-01-28 21:21:07,729 INFO c.h.h.t.HelmChartContainer - [hivemq-test-hivemq-platform] [hivemq-platform-operator] [960cd2df] 21:21:07.727 [ReconcilerExecutor-hivemq-controller-108] DEBUG c.h.p.o.HiveMQPlatformReconciler - [helmexte] Custom Resource Status STARTING - HiveMQ Platform is starting (READY)
2025-01-28 21:21:07,729 INFO c.h.h.t.HelmChartContainer - [hivemq-test-hivemq-platform] [hivemq-platform-operator] [960cd2df] 21:21:07.727 [ReconcilerExecutor-hivemq-controller-108] DEBUG c.h.p.o.HiveMQPlatformReconciler - [helmexte] Custom Resource Spec (replicas: 1) (extensions: 1)
2025-01-28 21:21:07,731 INFO c.h.h.t.HelmChartContainer - [hivemq-test-hivemq-platform] [hivemq-platform-operator] [960cd2df] 21:21:07.730 [ReconcilerExecutor-hivemq-controller-108] DEBUG c.h.p.o.HiveMQPlatformReconciler - [helmexte] StatefulSet Status (revision: test-hivemq-platform-6bcc7896c5, replicas: 1, available: 0, ready: 0, current: 1, updated: 1)
2025-01-28 21:21:07,732 INFO c.h.h.t.HelmChartContainer - [hivemq-test-hivemq-platform] [hivemq-platform-operator] [960cd2df] 21:21:07.730 [ReconcilerExecutor-hivemq-controller-108] DEBUG c.h.p.o.HiveMQPlatformReconciler - [helmexte] StatefulSet Spec (replicas: 1, init containers: 1, containers: 1, volumes: 5)
2025-01-28 21:21:07,813 INFO c.h.h.t.HelmChartContainer - [hivemq-test-hivemq-platform] [hivemq-platform-operator] [960cd2df] 21:21:07.811 [ReconcilerExecutor-hivemq-controller-108] DEBUG c.h.p.o.h.HiveMQPlatformReconcilerErrorHandler - [helmexte] Pod 'test-hivemq-platform-0' phase Running
2025-01-28 21:21:07,814 INFO c.h.h.t.HelmChartContainer - [hivemq-test-hivemq-platform] [hivemq-platform-operator] [960cd2df] 21:21:07.812 [ReconcilerExecutor-hivemq-controller-108] INFO  c.h.p.o.h.HiveMQPlatformReconcilerBaseHandler - [helmexte] HiveMQ Platform is starting, 0 of 1 replicas are ready
2025-01-28 21:21:09,002 INFO c.h.h.t.HelmChartContainer - [test-hivemq-platform] [hivemq] [2ad4153a] WARN  - [HiveMQ Platform Operator Init App 1.7.0-SNAPSHOT] Cannot connect to Health API for readiness: null
2025-01-28 21:21:09,009 INFO c.h.h.t.HelmChartContainer - [EVENT] Warning [Unhealthy] Readiness probe failed: HTTP probe failed with statuscode: 503 [helmextensionlicensesit:test-hivemq-platform-0]
2025-01-28 21:21:09,009 INFO c.h.h.t.HelmChartContainer - Received Unhealthy event for container hivemq in pod test-hivemq-platform-0 [2ad4153a-7db5-4d30-ac16-3539347fb8bc]
2025-01-28 21:21:11,504 INFO c.h.h.t.HelmChartContainer - [test-hivemq-platform] [hivemq] [2ad4153a] Jan 28, 2025 9:21:11 PM io.vertx.core.impl.BlockedThreadChecker
2025-01-28 21:21:11,505 INFO c.h.h.t.HelmChartContainer - [test-hivemq-platform] [hivemq] [2ad4153a] WARNING: Thread Thread[vert.x-eventloop-thread-1,5,main] has been blocked for 2273 ms, time limit is 2000 ms
2025-01-28 21:21:12,195 INFO c.h.h.t.HelmChartContainer - [test-hivemq-platform] [hivemq] [2ad4153a] INFO  - [HiveMQ Platform Operator Init App 1.7.0-SNAPSHOT] Updating Pod HiveMQ Platform Operator Init App version annotation (version: 1.7.0-SNAPSHOT)
2025-01-28 21:21:13,110 INFO c.h.h.t.HelmChartContainer - [POD] test-hivemq-platform-0 [2ad4153a-7db5-4d30-ac16-3539347fb8bc] in helmextensionlicensesit was MODIFIED
2025-01-28 21:21:13,117 INFO c.h.h.t.HelmChartContainer - [hivemq-test-hivemq-platform] [hivemq-platform-operator] [960cd2df] 21:21:13.116 [pool-6-thread-11] DEBUG c.h.p.o.d.PlatformServiceResource - [helmexte] Desired Platform services (3 services)
2025-01-28 21:21:13,120 INFO c.h.h.t.HelmChartContainer - [hivemq-test-hivemq-platform] [hivemq-platform-operator] [960cd2df] 21:21:13.119 [pool-6-thread-15] DEBUG c.h.p.o.d.PodServiceAccountResource - [helmexte] Desired PodServiceAccountResource (serviceAccountName: hivemq-platform-pod-test-hivemq-platform)
2025-01-28 21:21:13,122 INFO c.h.h.t.HelmChartContainer - [hivemq-test-hivemq-platform] [hivemq-platform-operator] [960cd2df] 21:21:13.119 [pool-6-thread-16] DEBUG c.h.p.o.dependants.PodInfoConfigMap - [helmexte] Desired PodInfo ConfigMap (1 extensions) (1 enabled)
2025-01-28 21:21:13,122 INFO c.h.h.t.HelmChartContainer - [hivemq-test-hivemq-platform] [hivemq-platform-operator] [960cd2df] 21:21:13.121 [pool-6-thread-16] DEBUG c.h.p.o.dependants.PodInfoConfigMap - [helmexte] Desired PodInfo ConfigMap (metrics port: 9399) (metrics path: /)
2025-01-28 21:21:13,122 INFO c.h.h.t.HelmChartContainer - [hivemq-test-hivemq-platform] [hivemq-platform-operator] [960cd2df] 21:21:13.121 [pool-6-thread-16] DEBUG c.h.p.o.dependants.PodInfoConfigMap - [helmexte] Desired PodInfo ConfigMap (extension state hash: 14458099)
2025-01-28 21:21:13,132 INFO c.h.h.t.HelmChartContainer - [hivemq-test-hivemq-platform] [hivemq-platform-operator] [960cd2df] 21:21:13.131 [pool-6-thread-11] DEBUG c.h.p.o.d.StatefulSetResource - [helmexte] Desired StatefulSet (1 replicas) for status STARTING (READY)
2025-01-28 21:21:13,181 INFO c.h.h.t.HelmChartContainer - [test-hivemq-platform] [hivemq] [2ad4153a] INFO  - [HiveMQ Platform Operator Init App 1.7.0-SNAPSHOT] Successfully updated Pod HiveMQ Platform Operator Init App version annotation (version: 1.7.0-SNAPSHOT)
2025-01-28 21:21:13,197 INFO c.h.h.t.HelmChartContainer - [test-hivemq-platform] [hivemq] [2ad4153a] WARN  - [HiveMQ Platform Operator Init App 1.7.0-SNAPSHOT] Cannot connect to Health API for readiness: null
2025-01-28 21:21:13,204 INFO c.h.h.t.HelmChartContainer - [EVENT] Warning [Unhealthy] Readiness probe failed: HTTP probe failed with statuscode: 503 [helmextensionlicensesit:test-hivemq-platform-0]
2025-01-28 21:21:13,205 INFO c.h.h.t.HelmChartContainer - Received Unhealthy event for container hivemq in pod test-hivemq-platform-0 [2ad4153a-7db5-4d30-ac16-3539347fb8bc]
2025-01-28 21:21:13,214 INFO c.h.h.t.HelmChartContainer - [hivemq-test-hivemq-platform] [hivemq-platform-operator] [960cd2df] 21:21:13.211 [ReconcilerExecutor-hivemq-controller-109] INFO  c.h.p.o.HiveMQPlatformReconciler - [helmexte] Reconciling HiveMQ Platform 'test-hivemq-platform' in namespace 'helmextensionlicensesit'
2025-01-28 21:21:13,214 INFO c.h.h.t.HelmChartContainer - [hivemq-test-hivemq-platform] [hivemq-platform-operator] [960cd2df] 21:21:13.212 [ReconcilerExecutor-hivemq-controller-109] DEBUG c.h.p.o.HiveMQPlatformReconciler - [helmexte] Custom Resource Status STARTING - HiveMQ Platform is starting (READY)
2025-01-28 21:21:13,214 INFO c.h.h.t.HelmChartContainer - [hivemq-test-hivemq-platform] [hivemq-platform-operator] [960cd2df] 21:21:13.212 [ReconcilerExecutor-hivemq-controller-109] DEBUG c.h.p.o.HiveMQPlatformReconciler - [helmexte] Custom Resource Spec (replicas: 1) (extensions: 1)
2025-01-28 21:21:13,217 INFO c.h.h.t.HelmChartContainer - [hivemq-test-hivemq-platform] [hivemq-platform-operator] [960cd2df] 21:21:13.216 [ReconcilerExecutor-hivemq-controller-109] DEBUG c.h.p.o.HiveMQPlatformReconciler - [helmexte] StatefulSet Status (revision: test-hivemq-platform-6bcc7896c5, replicas: 1, available: 0, ready: 0, current: 1, updated: 1)
2025-01-28 21:21:13,217 INFO c.h.h.t.HelmChartContainer - [hivemq-test-hivemq-platform] [hivemq-platform-operator] [960cd2df] 21:21:13.216 [ReconcilerExecutor-hivemq-controller-109] DEBUG c.h.p.o.HiveMQPlatformReconciler - [helmexte] StatefulSet Spec (replicas: 1, init containers: 1, containers: 1, volumes: 5)
2025-01-28 21:21:13,218 INFO c.h.h.t.HelmChartContainer - [hivemq-test-hivemq-platform] [hivemq-platform-operator] [960cd2df] 21:21:13.218 [ReconcilerExecutor-hivemq-controller-109] DEBUG c.h.p.o.h.HiveMQPlatformReconcilerErrorHandler - [helmexte] Pod 'test-hivemq-platform-0' phase Running
2025-01-28 21:21:13,220 INFO c.h.h.t.HelmChartContainer - [hivemq-test-hivemq-platform] [hivemq-platform-operator] [960cd2df] 21:21:13.219 [ReconcilerExecutor-hivemq-controller-109] INFO  c.h.p.o.h.HiveMQPlatformReconcilerBaseHandler - [helmexte] HiveMQ Platform is starting, 0 of 1 replicas are ready
2025-01-28 21:21:18,112 INFO c.h.h.t.HelmChartContainer - [test-hivemq-platform] [hivemq] [2ad4153a] WARN  - [HiveMQ Platform Operator Init App 1.7.0-SNAPSHOT] Cannot connect to Health API for readiness: null
2025-01-28 21:21:18,115 INFO c.h.h.t.HelmChartContainer - [EVENT] Warning [Unhealthy] Readiness probe failed: HTTP probe failed with statuscode: 503 [helmextensionlicensesit:test-hivemq-platform-0]
2025-01-28 21:21:18,115 INFO c.h.h.t.HelmChartContainer - Received Unhealthy event for container hivemq in pod test-hivemq-platform-0 [2ad4153a-7db5-4d30-ac16-3539347fb8bc]
2025-01-28 21:21:23,113 INFO c.h.h.t.HelmChartContainer - [test-hivemq-platform] [hivemq] [2ad4153a] WARN  - [HiveMQ Platform Operator Init App 1.7.0-SNAPSHOT] Cannot connect to Health API for readiness: null
2025-01-28 21:21:23,117 INFO c.h.h.t.HelmChartContainer - [EVENT] Warning [Unhealthy] Readiness probe failed: HTTP probe failed with statuscode: 503 [helmextensionlicensesit:test-hivemq-platform-0]
2025-01-28 21:21:23,117 INFO c.h.h.t.HelmChartContainer - Received Unhealthy event for container hivemq in pod test-hivemq-platform-0 [2ad4153a-7db5-4d30-ac16-3539347fb8bc]
2025-01-28 21:21:23,227 INFO c.h.h.t.HelmChartContainer - [hivemq-test-hivemq-platform] [hivemq-platform-operator] [960cd2df] 21:21:23.224 [pool-6-thread-26] DEBUG c.h.p.o.d.PlatformServiceResource - [helmexte] Desired Platform services (3 services)
2025-01-28 21:21:23,227 INFO c.h.h.t.HelmChartContainer - [hivemq-test-hivemq-platform] [hivemq-platform-operator] [960cd2df] 21:21:23.225 [pool-6-thread-27] DEBUG c.h.p.o.d.PodServiceAccountResource - [helmexte] Desired PodServiceAccountResource (serviceAccountName: hivemq-platform-pod-test-hivemq-platform)
2025-01-28 21:21:23,229 INFO c.h.h.t.HelmChartContainer - [hivemq-test-hivemq-platform] [hivemq-platform-operator] [960cd2df] 21:21:23.228 [pool-6-thread-25] DEBUG c.h.p.o.dependants.PodInfoConfigMap - [helmexte] Desired PodInfo ConfigMap (1 extensions) (1 enabled)
2025-01-28 21:21:23,230 INFO c.h.h.t.HelmChartContainer - [hivemq-test-hivemq-platform] [hivemq-platform-operator] [960cd2df] 21:21:23.228 [pool-6-thread-25] DEBUG c.h.p.o.dependants.PodInfoConfigMap - [helmexte] Desired PodInfo ConfigMap (metrics port: 9399) (metrics path: /)
2025-01-28 21:21:23,231 INFO c.h.h.t.HelmChartContainer - [hivemq-test-hivemq-platform] [hivemq-platform-operator] [960cd2df] 21:21:23.229 [pool-6-thread-25] DEBUG c.h.p.o.dependants.PodInfoConfigMap - [helmexte] Desired PodInfo ConfigMap (extension state hash: 14458099)
2025-01-28 21:21:23,233 INFO c.h.h.t.HelmChartContainer - [hivemq-test-hivemq-platform] [hivemq-platform-operator] [960cd2df] 21:21:23.232 [pool-6-thread-26] DEBUG c.h.p.o.d.StatefulSetResource - [helmexte] Desired StatefulSet (1 replicas) for status STARTING (READY)
2025-01-28 21:21:23,238 INFO c.h.h.t.HelmChartContainer - [hivemq-test-hivemq-platform] [hivemq-platform-operator] [960cd2df] 21:21:23.237 [ReconcilerExecutor-hivemq-controller-110] INFO  c.h.p.o.HiveMQPlatformReconciler - [helmexte] Reconciling HiveMQ Platform 'test-hivemq-platform' in namespace 'helmextensionlicensesit'
2025-01-28 21:21:23,239 INFO c.h.h.t.HelmChartContainer - [hivemq-test-hivemq-platform] [hivemq-platform-operator] [960cd2df] 21:21:23.237 [ReconcilerExecutor-hivemq-controller-110] DEBUG c.h.p.o.HiveMQPlatformReconciler - [helmexte] Custom Resource Status STARTING - HiveMQ Platform is starting (READY)
2025-01-28 21:21:23,240 INFO c.h.h.t.HelmChartContainer - [hivemq-test-hivemq-platform] [hivemq-platform-operator] [960cd2df] 21:21:23.237 [ReconcilerExecutor-hivemq-controller-110] DEBUG c.h.p.o.HiveMQPlatformReconciler - [helmexte] Custom Resource Spec (replicas: 1) (extensions: 1)
2025-01-28 21:21:23,240 INFO c.h.h.t.HelmChartContainer - [hivemq-test-hivemq-platform] [hivemq-platform-operator] [960cd2df] 21:21:23.240 [ReconcilerExecutor-hivemq-controller-110] DEBUG c.h.p.o.HiveMQPlatformReconciler - [helmexte] StatefulSet Status (revision: test-hivemq-platform-6bcc7896c5, replicas: 1, available: 0, ready: 0, current: 1, updated: 1)
2025-01-28 21:21:23,241 INFO c.h.h.t.HelmChartContainer - [hivemq-test-hivemq-platform] [hivemq-platform-operator] [960cd2df] 21:21:23.240 [ReconcilerExecutor-hivemq-controller-110] DEBUG c.h.p.o.HiveMQPlatformReconciler - [helmexte] StatefulSet Spec (replicas: 1, init containers: 1, containers: 1, volumes: 5)
2025-01-28 21:21:23,315 INFO c.h.h.t.HelmChartContainer - [hivemq-test-hivemq-platform] [hivemq-platform-operator] [960cd2df] 21:21:23.254 [ReconcilerExecutor-hivemq-controller-110] DEBUG c.h.p.o.h.HiveMQPlatformReconcilerErrorHandler - [helmexte] Pod 'test-hivemq-platform-0' phase Running
2025-01-28 21:21:23,315 INFO c.h.h.t.HelmChartContainer - [hivemq-test-hivemq-platform] [hivemq-platform-operator] [960cd2df] 21:21:23.312 [ReconcilerExecutor-hivemq-controller-110] INFO  c.h.p.o.h.HiveMQPlatformReconcilerBaseHandler - [helmexte] HiveMQ Platform is starting, 0 of 1 replicas are ready
2025-01-28 21:21:24,999 INFO c.h.h.t.HelmChartContainer - [test-hivemq-platform] [hivemq] [2ad4153a] WARN  - [HiveMQ Platform Operator Init App 1.7.0-SNAPSHOT] Cannot connect to Health API for liveness: null
2025-01-28 21:21:24,999 INFO c.h.h.t.HelmChartContainer - [test-hivemq-platform] [hivemq] [2ad4153a] INFO  - [HiveMQ Platform Operator Init App 1.7.0-SNAPSHOT] Returning default Health API response 200 for liveness
2025-01-28 21:21:25,211 INFO c.h.h.t.HelmChartContainer - [test-hivemq-platform] [hivemq] [2ad4153a] INFO  - No valid license file found. Using trial license, restricted to 25 connections.
2025-01-28 21:21:28,109 INFO c.h.h.t.HelmChartContainer - [test-hivemq-platform] [hivemq] [2ad4153a] WARN  - [HiveMQ Platform Operator Init App 1.7.0-SNAPSHOT] Cannot connect to Health API for readiness: null
2025-01-28 21:21:28,114 INFO c.h.h.t.HelmChartContainer - [EVENT] Warning [Unhealthy] Readiness probe failed: HTTP probe failed with statuscode: 503 [helmextensionlicensesit:test-hivemq-platform-0]
2025-01-28 21:21:28,114 INFO c.h.h.t.HelmChartContainer - Received Unhealthy event for container hivemq in pod test-hivemq-platform-0 [2ad4153a-7db5-4d30-ac16-3539347fb8bc]
2025-01-28 21:21:29,006 INFO c.h.h.t.HelmChartContainer - [test-hivemq-platform] [hivemq] [2ad4153a] INFO  - No valid license file for Data Hub found. Using free license, restricted to 1 policy.
2025-01-28 21:21:30,297 INFO c.h.h.t.HelmChartContainer - [test-hivemq-platform] [hivemq] [2ad4153a] INFO  - Audit Logger started.
2025-01-28 21:21:30,614 INFO c.h.h.t.HelmChartContainer - [test-hivemq-platform] [hivemq] [2ad4153a] INFO  - This node uses '1' CPU cores.
2025-01-28 21:21:30,619 INFO c.h.h.t.HelmChartContainer - [test-hivemq-platform] [hivemq] [2ad4153a] INFO  - Starting HiveMQ Health API on address 0.0.0.0 and port 8889
2025-01-28 21:21:31,607 INFO c.h.h.t.HelmChartContainer - [test-hivemq-platform] [hivemq] [2ad4153a] INFO  - Started HiveMQ Health API in 988ms
2025-01-28 21:21:32,095 INFO c.h.h.t.HelmChartContainer - [test-hivemq-platform] [hivemq] [2ad4153a] INFO  - Starting HiveMQ extension system.
2025-01-28 21:21:33,319 INFO c.h.h.t.HelmChartContainer - [hivemq-test-hivemq-platform] [hivemq-platform-operator] [960cd2df] 21:21:33.315 [pool-6-thread-33] DEBUG c.h.p.o.d.PlatformServiceResource - [helmexte] Desired Platform services (3 services)
2025-01-28 21:21:33,320 INFO c.h.h.t.HelmChartContainer - [hivemq-test-hivemq-platform] [hivemq-platform-operator] [960cd2df] 21:21:33.316 [pool-6-thread-35] DEBUG c.h.p.o.dependants.PodInfoConfigMap - [helmexte] Desired PodInfo ConfigMap (1 extensions) (1 enabled)
2025-01-28 21:21:33,320 INFO c.h.h.t.HelmChartContainer - [hivemq-test-hivemq-platform] [hivemq-platform-operator] [960cd2df] 21:21:33.317 [pool-6-thread-35] DEBUG c.h.p.o.dependants.PodInfoConfigMap - [helmexte] Desired PodInfo ConfigMap (metrics port: 9399) (metrics path: /)
2025-01-28 21:21:33,320 INFO c.h.h.t.HelmChartContainer - [hivemq-test-hivemq-platform] [hivemq-platform-operator] [960cd2df] 21:21:33.317 [pool-6-thread-35] DEBUG c.h.p.o.dependants.PodInfoConfigMap - [helmexte] Desired PodInfo ConfigMap (extension state hash: 14458099)
2025-01-28 21:21:33,320 INFO c.h.h.t.HelmChartContainer - [hivemq-test-hivemq-platform] [hivemq-platform-operator] [960cd2df] 21:21:33.319 [pool-6-thread-32] DEBUG c.h.p.o.d.PodServiceAccountResource - [helmexte] Desired PodServiceAccountResource (serviceAccountName: hivemq-platform-pod-test-hivemq-platform)
2025-01-28 21:21:33,325 INFO c.h.h.t.HelmChartContainer - [hivemq-test-hivemq-platform] [hivemq-platform-operator] [960cd2df] 21:21:33.324 [pool-6-thread-33] DEBUG c.h.p.o.d.StatefulSetResource - [helmexte] Desired StatefulSet (1 replicas) for status STARTING (READY)
2025-01-28 21:21:33,330 INFO c.h.h.t.HelmChartContainer - [hivemq-test-hivemq-platform] [hivemq-platform-operator] [960cd2df] 21:21:33.329 [ReconcilerExecutor-hivemq-controller-111] INFO  c.h.p.o.HiveMQPlatformReconciler - [helmexte] Reconciling HiveMQ Platform 'test-hivemq-platform' in namespace 'helmextensionlicensesit'
2025-01-28 21:21:33,330 INFO c.h.h.t.HelmChartContainer - [hivemq-test-hivemq-platform] [hivemq-platform-operator] [960cd2df] 21:21:33.329 [ReconcilerExecutor-hivemq-controller-111] DEBUG c.h.p.o.HiveMQPlatformReconciler - [helmexte] Custom Resource Status STARTING - HiveMQ Platform is starting (READY)
2025-01-28 21:21:33,330 INFO c.h.h.t.HelmChartContainer - [hivemq-test-hivemq-platform] [hivemq-platform-operator] [960cd2df] 21:21:33.329 [ReconcilerExecutor-hivemq-controller-111] DEBUG c.h.p.o.HiveMQPlatformReconciler - [helmexte] Custom Resource Spec (replicas: 1) (extensions: 1)
2025-01-28 21:21:33,414 INFO c.h.h.t.HelmChartContainer - [hivemq-test-hivemq-platform] [hivemq-platform-operator] [960cd2df] 21:21:33.412 [ReconcilerExecutor-hivemq-controller-111] DEBUG c.h.p.o.HiveMQPlatformReconciler - [helmexte] StatefulSet Status (revision: test-hivemq-platform-6bcc7896c5, replicas: 1, available: 0, ready: 0, current: 1, updated: 1)
2025-01-28 21:21:33,414 INFO c.h.h.t.HelmChartContainer - [hivemq-test-hivemq-platform] [hivemq-platform-operator] [960cd2df] 21:21:33.413 [ReconcilerExecutor-hivemq-controller-111] DEBUG c.h.p.o.HiveMQPlatformReconciler - [helmexte] StatefulSet Spec (replicas: 1, init containers: 1, containers: 1, volumes: 5)
2025-01-28 21:21:33,416 INFO c.h.h.t.HelmChartContainer - [hivemq-test-hivemq-platform] [hivemq-platform-operator] [960cd2df] 21:21:33.415 [ReconcilerExecutor-hivemq-controller-111] DEBUG c.h.p.o.h.HiveMQPlatformReconcilerErrorHandler - [helmexte] Pod 'test-hivemq-platform-0' phase Running
2025-01-28 21:21:33,416 INFO c.h.h.t.HelmChartContainer - [hivemq-test-hivemq-platform] [hivemq-platform-operator] [960cd2df] 21:21:33.415 [ReconcilerExecutor-hivemq-controller-111] INFO  c.h.p.o.h.HiveMQPlatformReconcilerBaseHandler - [helmexte] HiveMQ Platform is starting, 0 of 1 replicas are ready
2025-01-28 21:21:34,150 INFO c.h.h.t.HelmChartContainer - [EVENT] Warning [Unhealthy] Readiness probe failed: Get "http://10.42.0.10:7979/readiness": context deadline exceeded (Client.Timeout exceeded while awaiting headers) [helmextensionlicensesit:test-hivemq-platform-0]
2025-01-28 21:21:34,150 INFO c.h.h.t.HelmChartContainer - Received Unhealthy event for container hivemq in pod test-hivemq-platform-0 [2ad4153a-7db5-4d30-ac16-3539347fb8bc]
2025-01-28 21:21:34,299 INFO c.h.h.t.HelmChartContainer - [test-hivemq-platform] [hivemq] [2ad4153a] INFO  - [HiveMQ Platform Operator Init App 1.7.0-SNAPSHOT] Returning Health API response 503 for readiness
2025-01-28 21:21:35,308 INFO c.h.h.t.HelmChartContainer - [test-hivemq-platform] [hivemq] [2ad4153a] WARN  - License file tracing.elic is corrupt.
2025-01-28 21:21:35,308 INFO c.h.h.testcontainer.LogWaiterUtil - TEST Found log pattern on 'test-hivemq-platform-0': .*License file tracing.elic is corrupt.
2025-01-28 21:21:35,308 INFO c.h.h.t.HelmChartContainer - [test-hivemq-platform] [hivemq] [2ad4153a] INFO  - No license found for enterprise extension with name "HiveMQ Enterprise Distributed Tracing Extension". Entering extension trial mode. "HiveMQ Enterprise Distributed Tracing Extension" will be disabled in 5 hours.
2025-01-28 21:21:35,497 INFO c.h.h.t.HelmChartContainer - [test-hivemq-platform] [hivemq] [2ad4153a] INFO  - Starting extension with id "hivemq-dns-cluster-discovery" at /opt/hivemq/extensions/hivemq-dns-cluster-discovery
2025-01-28 21:21:35,910 INFO c.h.h.t.HelmChartContainer - [test-hivemq-platform] [hivemq] [2ad4153a] INFO  - Using TCP cluster transport on address 10.42.0.10 and port 7000
2025-01-28 21:21:36,003 INFO c.h.h.t.HelmChartContainer - [test-hivemq-platform] [hivemq] [2ad4153a] INFO  - Using extension cluster discovery
2025-01-28 21:21:36,102 INFO c.h.h.t.HelmChartContainer - [test-hivemq-platform] [hivemq] [2ad4153a] INFO  - Extension "DNS Cluster Discovery Extension" version 4.3.2 started successfully.
2025-01-28 21:21:36,103 INFO c.h.h.t.HelmChartContainer - [test-hivemq-platform] [hivemq] [2ad4153a] INFO  - Starting extension with id "hivemq-distributed-tracing-extension" at /opt/hivemq/extensions/hivemq-distributed-tracing-extension
2025-01-28 21:21:38,203 INFO c.h.h.t.HelmChartContainer - [EVENT] Warning [Unhealthy] Readiness probe failed: HTTP probe failed with statuscode: 503 [helmextensionlicensesit:test-hivemq-platform-0]
2025-01-28 21:21:38,203 INFO c.h.h.t.HelmChartContainer - Received Unhealthy event for container hivemq in pod test-hivemq-platform-0 [2ad4153a-7db5-4d30-ac16-3539347fb8bc]
2025-01-28 21:21:38,307 INFO c.h.h.t.HelmChartContainer - [test-hivemq-platform] [hivemq] [2ad4153a] INFO  - HiveMQ Enterprise Distributed Tracing Extension: Successfully loaded configuration from '/opt/hivemq/extensions/hivemq-distributed-tracing-extension/conf/config.xml'.
2025-01-28 21:21:38,311 INFO c.h.h.t.HelmChartContainer - [test-hivemq-platform] [hivemq] [2ad4153a] INFO  - HiveMQ Enterprise Distributed Tracing Extension: Configured OTLP gRPC exporter 'my-otlp-grpc-exporter'.
2025-01-28 21:21:38,409 INFO c.h.h.t.HelmChartContainer - [test-hivemq-platform] [hivemq] [2ad4153a] INFO  - HiveMQ Enterprise Distributed Tracing Extension: Configured W3C trace propagation.
2025-01-28 21:21:38,411 INFO c.h.h.t.HelmChartContainer - [test-hivemq-platform] [hivemq] [2ad4153a] INFO  - Extension "HiveMQ Enterprise Distributed Tracing Extension" version 4.36.0 started successfully.
2025-01-28 21:21:38,411 INFO c.h.h.testcontainer.LogWaiterUtil - TEST Found log pattern on 'test-hivemq-platform-0': .*Extension "HiveMQ Enterprise Distributed Tracing Extension" version .* started successfully.
2025-01-28 21:21:38,412 INFO c.h.h.t.HelmChartContainer - [test-hivemq-platform] [hivemq] [2ad4153a] INFO  - Starting extension with id "hivemq-prometheus-extension" at /opt/hivemq/extensions/hivemq-prometheus-extension
2025-01-28 21:21:38,906 INFO c.h.h.t.HelmChartContainer - [test-hivemq-platform] [hivemq] [2ad4153a] INFO  - Started Jetty Server exposing Prometheus Servlet on URI http://0.0.0.0:9399/
2025-01-28 21:21:38,907 INFO c.h.h.t.HelmChartContainer - [test-hivemq-platform] [hivemq] [2ad4153a] INFO  - Extension "Prometheus Monitoring Extension" version 4.0.12 started successfully.
2025-01-28 21:21:38,907 INFO c.h.h.t.HelmChartContainer - [test-hivemq-platform] [hivemq] [2ad4153a] INFO  - Starting extension with id "hivemq-allow-all-extension" at /opt/hivemq/extensions/hivemq-allow-all-extension
2025-01-28 21:21:38,907 INFO c.h.h.t.HelmChartContainer - [test-hivemq-platform] [hivemq] [2ad4153a] WARN  - 
2025-01-28 21:21:38,907 INFO c.h.h.t.HelmChartContainer - [test-hivemq-platform] [hivemq] [2ad4153a] ################################################################################################################
2025-01-28 21:21:38,907 INFO c.h.h.t.HelmChartContainer - [test-hivemq-platform] [hivemq] [2ad4153a] # This HiveMQ deployment is not secure! You are lacking Authentication and Authorization.                      #
2025-01-28 21:21:38,907 INFO c.h.h.t.HelmChartContainer - [test-hivemq-platform] [hivemq] [2ad4153a] # Right now any MQTT client can connect to the broker with a full set of permissions.                          #
2025-01-28 21:21:38,908 INFO c.h.h.t.HelmChartContainer - [test-hivemq-platform] [hivemq] [2ad4153a] # For production usage, add an appropriate security extension and remove the hivemq-allow-all extension.       #
2025-01-28 21:21:38,908 INFO c.h.h.t.HelmChartContainer - [test-hivemq-platform] [hivemq] [2ad4153a] # You can download security extensions from the HiveMQ Marketplace (https://www.hivemq.com/extensions/).       #
2025-01-28 21:21:38,908 INFO c.h.h.t.HelmChartContainer - [test-hivemq-platform] [hivemq] [2ad4153a] ################################################################################################################
2025-01-28 21:21:38,908 INFO c.h.h.t.HelmChartContainer - [test-hivemq-platform] [hivemq] [2ad4153a] INFO  - Extension "Allow All Extension" version 1.1.1 started successfully.
2025-01-28 21:21:39,201 INFO c.h.h.t.HelmChartContainer - [test-hivemq-platform] [hivemq] [2ad4153a] INFO  - JYkfv: no members discovered after 2695 ms: creating cluster as first member
2025-01-28 21:21:39,207 INFO c.h.h.t.HelmChartContainer - [test-hivemq-platform] [hivemq] [2ad4153a] INFO  - Cluster nodes found by discovery: [JYkfv|0] (1) [JYkfv].
2025-01-28 21:21:39,309 INFO c.h.h.t.HelmChartContainer - [test-hivemq-platform] [hivemq] [2ad4153a] INFO  - Updated rules for sampling and tracing propagation.
2025-01-28 21:21:39,311 INFO c.h.h.t.HelmChartContainer - [test-hivemq-platform] [hivemq] [2ad4153a] INFO  - HiveMQ: Successfully loaded configuration from '/opt/hivemq/conf-k8s/tracing.xml'.
2025-01-28 21:21:39,311 INFO c.h.h.t.HelmChartContainer - [test-hivemq-platform] [hivemq] [2ad4153a] WARN  - No user for HiveMQ Control Center configured. Starting with default user
2025-01-28 21:21:39,311 INFO c.h.h.t.HelmChartContainer - [test-hivemq-platform] [hivemq] [2ad4153a] INFO  - Starting HiveMQ Control Center on address 0.0.0.0 and port 8080
2025-01-28 21:21:39,313 INFO c.h.h.t.HelmChartContainer - [test-hivemq-platform] [hivemq] [2ad4153a] INFO  - Mounting HiveMQ Control Center V2 Preview
2025-01-28 21:21:39,602 INFO c.h.h.t.HelmChartContainer - [K3S] [INFO] COMPACT compactRev=0 targetCompactRev=2 currentRev=1118
2025-01-28 21:21:39,602 INFO c.h.h.t.HelmChartContainer - [K3S] [INFO] COMPACT deleted 0 rows from 2 revisions in 778.455µs - compacted to 2/1118
2025-01-28 21:21:39,603 INFO c.h.h.t.HelmChartContainer - [K3S] [INFO] COMPACT compacted from 0 to 2 in 1 transactions over 2ms
2025-01-28 21:21:40,000 INFO c.h.h.t.HelmChartContainer - [test-hivemq-platform] [hivemq] [2ad4153a] INFO  - Started HiveMQ Control Center in 690ms
2025-01-28 21:21:40,015 INFO c.h.h.t.HelmChartContainer - [test-hivemq-platform] [hivemq] [2ad4153a] INFO  - Starting TCP listener on address 0.0.0.0 and port 1883
2025-01-28 21:21:40,106 INFO c.h.h.t.HelmChartContainer - [test-hivemq-platform] [hivemq] [2ad4153a] INFO  - Started TCP Listener on address 0.0.0.0 and on port 1883.
2025-01-28 21:21:40,107 INFO c.h.h.t.HelmChartContainer - [test-hivemq-platform] [hivemq] [2ad4153a] INFO  - Started HiveMQ in 35307ms
2025-01-28 21:21:42,180 INFO c.h.h.t.HelmChartContainer - [K3S] [info.go:53] Couldn't collect info from any of the files in "/etc/machine-id,/var/lib/dbus/machine-id"
2025-01-28 21:21:43,110 INFO c.h.h.t.HelmChartContainer - [test-hivemq-platform] [hivemq] [2ad4153a] INFO  - [HiveMQ Platform Operator Init App 1.7.0-SNAPSHOT] Returning Health API response 200 for readiness
2025-01-28 21:21:43,128 INFO c.h.h.t.HelmChartContainer - [POD] test-hivemq-platform-0 [2ad4153a-7db5-4d30-ac16-3539347fb8bc] in helmextensionlicensesit was MODIFIED
2025-01-28 21:21:43,135 INFO c.h.h.t.HelmChartContainer - [hivemq-test-hivemq-platform] [hivemq-platform-operator] [960cd2df] 21:21:43.124 [pool-6-thread-42] DEBUG c.h.p.o.d.PlatformServiceResource - [helmexte] Desired Platform services (3 services)
2025-01-28 21:21:43,144 INFO c.h.h.t.HelmChartContainer - [hivemq-test-hivemq-platform] [hivemq-platform-operator] [960cd2df] 21:21:43.131 [pool-6-thread-44] DEBUG c.h.p.o.d.PodServiceAccountResource - [helmexte] Desired PodServiceAccountResource (serviceAccountName: hivemq-platform-pod-test-hivemq-platform)
2025-01-28 21:21:43,144 INFO c.h.h.t.HelmChartContainer - [hivemq-test-hivemq-platform] [hivemq-platform-operator] [960cd2df] 21:21:43.135 [pool-6-thread-46] DEBUG c.h.p.o.dependants.PodInfoConfigMap - [helmexte] Desired PodInfo ConfigMap (1 extensions) (1 enabled)
2025-01-28 21:21:43,144 INFO c.h.h.t.HelmChartContainer - [hivemq-test-hivemq-platform] [hivemq-platform-operator] [960cd2df] 21:21:43.135 [pool-6-thread-46] DEBUG c.h.p.o.dependants.PodInfoConfigMap - [helmexte] Desired PodInfo ConfigMap (metrics port: 9399) (metrics path: /)
2025-01-28 21:21:43,144 INFO c.h.h.t.HelmChartContainer - [hivemq-test-hivemq-platform] [hivemq-platform-operator] [960cd2df] 21:21:43.135 [pool-6-thread-46] DEBUG c.h.p.o.dependants.PodInfoConfigMap - [helmexte] Desired PodInfo ConfigMap (extension state hash: 14458099)
2025-01-28 21:21:43,144 INFO c.h.h.t.HelmChartContainer - [hivemq-test-hivemq-platform] [hivemq-platform-operator] [960cd2df] 21:21:43.137 [pool-6-thread-46] DEBUG c.h.p.o.d.StatefulSetResource - [helmexte] Desired StatefulSet (1 replicas) for status STARTING (READY)
2025-01-28 21:21:43,216 INFO c.h.h.t.HelmChartContainer - [hivemq-test-hivemq-platform] [hivemq-platform-operator] [960cd2df] 21:21:43.214 [ReconcilerExecutor-hivemq-controller-112] INFO  c.h.p.o.HiveMQPlatformReconciler - [helmexte] Reconciling HiveMQ Platform 'test-hivemq-platform' in namespace 'helmextensionlicensesit'
2025-01-28 21:21:43,216 INFO c.h.h.t.HelmChartContainer - [hivemq-test-hivemq-platform] [hivemq-platform-operator] [960cd2df] 21:21:43.214 [ReconcilerExecutor-hivemq-controller-112] DEBUG c.h.p.o.HiveMQPlatformReconciler - [helmexte] Custom Resource Status STARTING - HiveMQ Platform is starting (READY)
2025-01-28 21:21:43,216 INFO c.h.h.t.HelmChartContainer - [hivemq-test-hivemq-platform] [hivemq-platform-operator] [960cd2df] 21:21:43.214 [ReconcilerExecutor-hivemq-controller-112] DEBUG c.h.p.o.HiveMQPlatformReconciler - [helmexte] Custom Resource Spec (replicas: 1) (extensions: 1)
2025-01-28 21:21:43,219 INFO c.h.h.t.HelmChartContainer - [hivemq-test-hivemq-platform] [hivemq-platform-operator] [960cd2df] 21:21:43.218 [ReconcilerExecutor-hivemq-controller-112] DEBUG c.h.p.o.HiveMQPlatformReconciler - [helmexte] StatefulSet Status (revision: test-hivemq-platform-6bcc7896c5, replicas: 1, available: 1, ready: 1, current: 1, updated: 1)
2025-01-28 21:21:43,219 INFO c.h.h.t.HelmChartContainer - [hivemq-test-hivemq-platform] [hivemq-platform-operator] [960cd2df] 21:21:43.218 [ReconcilerExecutor-hivemq-controller-112] DEBUG c.h.p.o.HiveMQPlatformReconciler - [helmexte] StatefulSet Spec (replicas: 1, init containers: 1, containers: 1, volumes: 5)
2025-01-28 21:21:43,220 INFO c.h.h.t.HelmChartContainer - [hivemq-test-hivemq-platform] [hivemq-platform-operator] [960cd2df] 21:21:43.219 [ReconcilerExecutor-hivemq-controller-112] DEBUG c.h.p.o.h.HiveMQPlatformReconcilerErrorHandler - [helmexte] Pod 'test-hivemq-platform-0' phase Running
2025-01-28 21:21:43,223 INFO c.h.h.t.HelmChartContainer - [hivemq-test-hivemq-platform] [hivemq-platform-operator] [960cd2df] 21:21:43.220 [ReconcilerExecutor-hivemq-controller-112] INFO  c.h.p.o.h.HiveMQPlatformReconcilerBaseHandler - [helmexte] HiveMQ Platform started successfully
2025-01-28 21:21:43,320 INFO c.h.h.t.HelmChartContainer - [hivemq-test-hivemq-platform] [hivemq-platform-operator] [960cd2df] 21:21:43.319 [ReconcilerExecutor-hivemq-controller-112] DEBUG c.h.p.operator.event.EventSender - [helmexte] Creating K8s event hivemq-platform-ready: [Ready] HiveMQ Platform is ready
2025-01-28 21:21:43,323 INFO c.h.h.t.HelmChartContainer - [EVENT] Normal [Ready] HiveMQ Platform is ready [helmextensionlicensesit:test-hivemq-platform]
2025-01-28 21:21:43,324 INFO c.h.h.t.HelmChartContainer - [hivemq-test-hivemq-platform] [hivemq-platform-operator] [960cd2df] 21:21:43.323 [ReconcilerExecutor-hivemq-controller-112] INFO  c.h.p.o.h.AbstractHiveMQReconcilerStateHandler - [helmexte] Update HiveMQ Platform Status (STARTING [READY] -> RUNNING [READY]): HiveMQ Platform is ready
2025-01-28 21:21:43,331 DEBUG com.hivemq.helmcharts.util.K8sUtil - Comparing actual state 'RUNNING' and waiting for 'RUNNING'
2025-01-28 21:21:43,337 INFO c.h.h.t.HelmChartContainer - [hivemq-test-hivemq-platform] [hivemq-platform-operator] [960cd2df] 21:21:43.335 [pool-6-thread-6] DEBUG c.h.p.o.d.PlatformServiceResource - [helmexte] Desired Platform services (3 services)
2025-01-28 21:21:43,339 INFO c.h.h.t.HelmChartContainer - [hivemq-test-hivemq-platform] [hivemq-platform-operator] [960cd2df] 21:21:43.338 [pool-6-thread-3] DEBUG c.h.p.o.d.PodServiceAccountResource - [helmexte] Desired PodServiceAccountResource (serviceAccountName: hivemq-platform-pod-test-hivemq-platform)
2025-01-28 21:21:43,414 INFO c.h.h.t.HelmChartContainer - [hivemq-test-hivemq-platform] [hivemq-platform-operator] [960cd2df] 21:21:43.412 [pool-6-thread-4] DEBUG c.h.p.o.dependants.PodInfoConfigMap - [helmexte] Desired PodInfo ConfigMap (1 extensions) (1 enabled)
2025-01-28 21:21:43,414 INFO c.h.h.t.HelmChartContainer - [hivemq-test-hivemq-platform] [hivemq-platform-operator] [960cd2df] 21:21:43.412 [pool-6-thread-4] DEBUG c.h.p.o.dependants.PodInfoConfigMap - [helmexte] Desired PodInfo ConfigMap (metrics port: 9399) (metrics path: /)
2025-01-28 21:21:43,414 INFO c.h.h.t.HelmChartContainer - [hivemq-test-hivemq-platform] [hivemq-platform-operator] [960cd2df] 21:21:43.412 [pool-6-thread-4] DEBUG c.h.p.o.dependants.PodInfoConfigMap - [helmexte] Desired PodInfo ConfigMap (extension state hash: 14458099)
2025-01-28 21:21:43,414 INFO c.h.h.t.HelmChartContainer - [hivemq-test-hivemq-platform] [hivemq-platform-operator] [960cd2df] 21:21:43.412 [pool-6-thread-4] DEBUG c.h.p.o.dependants.PodInfoConfigMap - [helmexte] Update PodInfo ConfigMap
2025-01-28 21:21:43,422 INFO c.h.h.t.HelmChartContainer - [hivemq-test-hivemq-platform] [hivemq-platform-operator] [960cd2df] 21:21:43.421 [pool-6-thread-4] DEBUG c.h.p.o.d.StatefulSetResource - [helmexte] Desired StatefulSet (1 replicas) for status RUNNING (READY)
2025-01-28 21:21:43,428 INFO c.h.h.t.HelmChartContainer - [hivemq-test-hivemq-platform] [hivemq-platform-operator] [960cd2df] 21:21:43.425 [ReconcilerExecutor-hivemq-controller-113] INFO  c.h.p.o.HiveMQPlatformReconciler - [helmexte] Reconciling HiveMQ Platform 'test-hivemq-platform' in namespace 'helmextensionlicensesit'
2025-01-28 21:21:43,428 INFO c.h.h.t.HelmChartContainer - [hivemq-test-hivemq-platform] [hivemq-platform-operator] [960cd2df] 21:21:43.425 [ReconcilerExecutor-hivemq-controller-113] DEBUG c.h.p.o.HiveMQPlatformReconciler - [helmexte] Custom Resource Status RUNNING - HiveMQ Platform is ready (READY)
2025-01-28 21:21:43,428 INFO c.h.h.t.HelmChartContainer - [hivemq-test-hivemq-platform] [hivemq-platform-operator] [960cd2df] 21:21:43.425 [ReconcilerExecutor-hivemq-controller-113] DEBUG c.h.p.o.HiveMQPlatformReconciler - [helmexte] Custom Resource Spec (replicas: 1) (extensions: 1)
2025-01-28 21:21:43,428 INFO c.h.h.t.HelmChartContainer - [hivemq-test-hivemq-platform] [hivemq-platform-operator] [960cd2df] 21:21:43.427 [ReconcilerExecutor-hivemq-controller-113] DEBUG c.h.p.o.HiveMQPlatformReconciler - [helmexte] StatefulSet Status (revision: test-hivemq-platform-6bcc7896c5, replicas: 1, available: 1, ready: 1, current: 1, updated: 1)
2025-01-28 21:21:43,428 INFO c.h.h.t.HelmChartContainer - [hivemq-test-hivemq-platform] [hivemq-platform-operator] [960cd2df] 21:21:43.427 [ReconcilerExecutor-hivemq-controller-113] DEBUG c.h.p.o.HiveMQPlatformReconciler - [helmexte] StatefulSet Spec (replicas: 1, init containers: 1, containers: 1, volumes: 5)
2025-01-28 21:21:43,430 INFO c.h.h.t.HelmChartContainer - [hivemq-test-hivemq-platform] [hivemq-platform-operator] [960cd2df] 21:21:43.429 [ReconcilerExecutor-hivemq-controller-113] DEBUG c.h.p.o.h.HiveMQPlatformReconcilerErrorHandler - [helmexte] Pod 'test-hivemq-platform-0' phase Running
2025-01-28 21:21:49,350 INFO c.h.h.t.HelmChartContainer - Uninstalling release 'test-hivemq-platform' in namespace 'helmextensionlicensesit'...
2025-01-28 21:21:49,350 DEBUG c.h.h.t.HelmChartContainer - Executing helm command: /bin/helm --kubeconfig /etc/rancher/k3s/k3s.yaml uninstall test-hivemq-platform  --wait --timeout 5m0s --cascade foreground --namespace helmextensionlicensesit
2025-01-28 21:21:49,540 INFO c.h.h.t.HelmChartContainer - [hivemq-test-hivemq-platform] [hivemq-platform-operator] [960cd2df] 21:21:49.539 [pool-6-thread-18] DEBUG c.h.p.o.d.PlatformServiceResource - [helmexte] Desired Platform services (3 services)
2025-01-28 21:21:49,546 INFO c.h.h.t.HelmChartContainer - [hivemq-test-hivemq-platform] [hivemq-platform-operator] [960cd2df] 21:21:49.540 [pool-6-thread-19] DEBUG c.h.p.o.dependants.PodInfoConfigMap - [helmexte] Desired PodInfo ConfigMap (1 extensions) (1 enabled)
2025-01-28 21:21:49,546 INFO c.h.h.t.HelmChartContainer - [hivemq-test-hivemq-platform] [hivemq-platform-operator] [960cd2df] 21:21:49.540 [pool-6-thread-19] DEBUG c.h.p.o.dependants.PodInfoConfigMap - [helmexte] Desired PodInfo ConfigMap (metrics port: 9399) (metrics path: /)
2025-01-28 21:21:49,546 INFO c.h.h.t.HelmChartContainer - [hivemq-test-hivemq-platform] [hivemq-platform-operator] [960cd2df] 21:21:49.540 [pool-6-thread-19] DEBUG c.h.p.o.dependants.PodInfoConfigMap - [helmexte] Desired PodInfo ConfigMap (extension state hash: 14458099)
2025-01-28 21:21:49,614 INFO c.h.h.t.HelmChartContainer - [hivemq-test-hivemq-platform] [hivemq-platform-operator] [960cd2df] 21:21:49.611 [pool-6-thread-19] DEBUG c.h.p.o.d.PodServiceAccountResource - [helmexte] Desired PodServiceAccountResource (serviceAccountName: hivemq-platform-pod-test-hivemq-platform)
2025-01-28 21:21:49,621 INFO c.h.h.t.HelmChartContainer - [hivemq-test-hivemq-platform] [hivemq-platform-operator] [960cd2df] 21:21:49.620 [pool-6-thread-18] DEBUG c.h.p.o.d.StatefulSetResource - [helmexte] Desired StatefulSet (1 replicas) for status RUNNING (READY)
2025-01-28 21:21:49,714 INFO c.h.h.t.HelmChartContainer - [hivemq-test-hivemq-platform] [hivemq-platform-operator] [960cd2df] 21:21:49.712 [pool-6-thread-18] DEBUG c.h.p.o.d.StatefulSetResource - [helmexte] Update StatefulSet (replicas: 1 -> 1)
2025-01-28 21:21:49,714 INFO c.h.h.t.HelmChartContainer - [hivemq-test-hivemq-platform] [hivemq-platform-operator] [960cd2df] 21:21:49.712 [pool-6-thread-18] DEBUG c.h.p.o.d.StatefulSetResource - [helmexte] Detected change in StatefulSet specification (path: /template/metadata/annotations/kubernetes-resource-versions) (actual value: {broker-configuration-v2=-2089688360}) (target value: {broker-configuration-v2=0})
2025-01-28 21:21:49,714 INFO c.h.h.t.HelmChartContainer - [hivemq-test-hivemq-platform] [hivemq-platform-operator] [960cd2df] 21:21:49.712 [pool-6-thread-18] INFO  c.h.p.o.d.StatefulSetResource - [helmexte] StatefulSet spec was updated, triggering rolling restart
2025-01-28 21:21:49,731 INFO c.h.h.t.HelmChartContainer - [hivemq-test-hivemq-platform] [hivemq-platform-operator] [960cd2df] 21:21:49.729 [ReconcilerExecutor-hivemq-controller-114] INFO  c.h.p.o.HiveMQPlatformReconciler - [helmexte] Reconciling HiveMQ Platform 'test-hivemq-platform' in namespace 'helmextensionlicensesit'
2025-01-28 21:21:49,732 INFO c.h.h.t.HelmChartContainer - [hivemq-test-hivemq-platform] [hivemq-platform-operator] [960cd2df] 21:21:49.730 [ReconcilerExecutor-hivemq-controller-114] DEBUG c.h.p.o.HiveMQPlatformReconciler - [helmexte] Custom Resource Status RUNNING - HiveMQ Platform is ready (READY) (reconciliation requests: REQUESTS_UPDATED, ROLLING_RESTART)
2025-01-28 21:21:49,732 INFO c.h.h.t.HelmChartContainer - [hivemq-test-hivemq-platform] [hivemq-platform-operator] [960cd2df] 21:21:49.730 [ReconcilerExecutor-hivemq-controller-114] DEBUG c.h.p.o.HiveMQPlatformReconciler - [helmexte] Custom Resource Spec (replicas: 1) (extensions: 1)
2025-01-28 21:21:49,733 INFO c.h.h.t.HelmChartContainer - [hivemq-test-hivemq-platform] [hivemq-platform-operator] [960cd2df] 21:21:49.730 [ReconcilerExecutor-hivemq-controller-114] WARN  c.h.p.o.h.HiveMQPlatformReconcilerErrorHandler - [helmexte] Could not find ConfigMap 'hivemq-configuration-test-hivemq-platform' for HiveMQ Platform configuration
2025-01-28 21:21:49,824 INFO c.h.h.t.HelmChartContainer - [hivemq-test-hivemq-platform] [hivemq-platform-operator] [960cd2df] 21:21:49.823 [ReconcilerExecutor-hivemq-controller-114] DEBUG c.h.p.operator.event.EventSender - [helmexte] Creating K8s event hivemq-platform-invalid-configuration: [Start] Could not find ConfigMap 'hivemq-configuration-test-hivemq-platform' for HiveMQ Platform configuration
2025-01-28 21:21:49,828 INFO c.h.h.t.HelmChartContainer - [EVENT] Warning [Start] Could not find ConfigMap 'hivemq-configuration-test-hivemq-platform' for HiveMQ Platform configuration [helmextensionlicensesit:test-hivemq-platform]
2025-01-28 21:21:49,829 INFO c.h.h.t.HelmChartContainer - [hivemq-test-hivemq-platform] [hivemq-platform-operator] [960cd2df] 21:21:49.828 [ReconcilerExecutor-hivemq-controller-114] INFO  c.h.p.o.h.AbstractHiveMQReconcilerStateHandler - [helmexte] Update HiveMQ Platform Status (RUNNING [READY] -> ERROR [INVALID_CONFIG_MAP]): Could not find ConfigMap 'hivemq-configuration-test-hivemq-platform' for HiveMQ Platform configuration (reconciliation requests: ROLLING_RESTART)
2025-01-28 21:21:49,922 INFO c.h.h.t.HelmChartContainer - [hivemq-test-hivemq-platform] [hivemq-platform-operator] [960cd2df] 21:21:49.917 [ReconcilerExecutor-hivemq-controller-114] ERROR i.j.o.p.event.EventProcessor - Error during event processing ExecutionScope{ resource id: ResourceID{name='test-hivemq-platform', namespace='helmextensionlicensesit'}, version: 1130}
2025-01-28 21:21:49,922 INFO c.h.h.t.HelmChartContainer - [hivemq-test-hivemq-platform] [hivemq-platform-operator] [960cd2df] io.fabric8.kubernetes.client.KubernetesClientException: Failure executing: PUT at: https://10.43.0.1:443/apis/hivemq.com/v1/namespaces/helmextensionlicensesit/hivemq-platforms/test-hivemq-platform/status. Message: Operation cannot be fulfilled on hivemq-platforms.hivemq.com "test-hivemq-platform": the object has been modified; please apply your changes to the latest version and try again. Received status: Status(apiVersion=v1, code=409, details=StatusDetails(causes=[], group=hivemq.com, kind=hivemq-platforms, name=test-hivemq-platform, retryAfterSeconds=null, uid=null, additionalProperties={}), kind=Status, message=Operation cannot be fulfilled on hivemq-platforms.hivemq.com "test-hivemq-platform": the object has been modified; please apply your changes to the latest version and try again, metadata=ListMeta(_continue=null, remainingItemCount=null, resourceVersion=null, selfLink=null, additionalProperties={}), reason=Conflict, status=Failure, additionalProperties={}).
2025-01-28 21:21:49,922 INFO c.h.h.t.HelmChartContainer - [hivemq-test-hivemq-platform] [hivemq-platform-operator] [960cd2df] 	at io.fabric8.kubernetes.client.KubernetesClientException.copyAsCause(KubernetesClientException.java:238)
2025-01-28 21:21:49,922 INFO c.h.h.t.HelmChartContainer - [hivemq-test-hivemq-platform] [hivemq-platform-operator] [960cd2df] 	at io.fabric8.kubernetes.client.dsl.internal.OperationSupport.waitForResult(OperationSupport.java:507)
2025-01-28 21:21:49,922 INFO c.h.h.t.HelmChartContainer - [hivemq-test-hivemq-platform] [hivemq-platform-operator] [960cd2df] 	at io.fabric8.kubernetes.client.dsl.internal.OperationSupport.handleResponse(OperationSupport.java:524)
2025-01-28 21:21:49,922 INFO c.h.h.t.HelmChartContainer - [hivemq-test-hivemq-platform] [hivemq-platform-operator] [960cd2df] 	at io.fabric8.kubernetes.client.dsl.internal.OperationSupport.handleUpdate(OperationSupport.java:358)
2025-01-28 21:21:49,922 INFO c.h.h.t.HelmChartContainer - [hivemq-test-hivemq-platform] [hivemq-platform-operator] [960cd2df] 	at io.fabric8.kubernetes.client.dsl.internal.BaseOperation.handleUpdate(BaseOperation.java:759)
2025-01-28 21:21:49,922 INFO c.h.h.t.HelmChartContainer - [hivemq-test-hivemq-platform] [hivemq-platform-operator] [960cd2df] 	at io.fabric8.kubernetes.client.dsl.internal.HasMetadataOperation.update(HasMetadataOperation.java:138)
2025-01-28 21:21:49,922 INFO c.h.h.t.HelmChartContainer - [hivemq-test-hivemq-platform] [hivemq-platform-operator] [960cd2df] 	at io.fabric8.kubernetes.client.dsl.internal.HasMetadataOperation.update(HasMetadataOperation.java:121)
2025-01-28 21:21:49,922 INFO c.h.h.t.HelmChartContainer - [hivemq-test-hivemq-platform] [hivemq-platform-operator] [960cd2df] 	at io.fabric8.kubernetes.client.dsl.internal.HasMetadataOperation.updateStatus(HasMetadataOperation.java:126)
2025-01-28 21:21:49,922 INFO c.h.h.t.HelmChartContainer - [hivemq-test-hivemq-platform] [hivemq-platform-operator] [960cd2df] 	at io.fabric8.kubernetes.client.dsl.internal.HasMetadataOperation.updateStatus(HasMetadataOperation.java:44)
2025-01-28 21:21:49,922 INFO c.h.h.t.HelmChartContainer - [hivemq-test-hivemq-platform] [hivemq-platform-operator] [960cd2df] 	at io.javaoperatorsdk.operator.processing.event.ReconciliationDispatcher$CustomResourceFacade.updateStatus(ReconciliationDispatcher.java:408)
2025-01-28 21:21:49,922 INFO c.h.h.t.HelmChartContainer - [hivemq-test-hivemq-platform] [hivemq-platform-operator] [960cd2df] 	at io.javaoperatorsdk.operator.processing.event.ReconciliationDispatcher.updateStatusGenerationAware(ReconciliationDispatcher.java:228)
2025-01-28 21:21:49,922 INFO c.h.h.t.HelmChartContainer - [hivemq-test-hivemq-platform] [hivemq-platform-operator] [960cd2df] 	at io.javaoperatorsdk.operator.processing.event.ReconciliationDispatcher.reconcileExecution(ReconciliationDispatcher.java:150)
2025-01-28 21:21:49,922 INFO c.h.h.t.HelmChartContainer - [hivemq-test-hivemq-platform] [hivemq-platform-operator] [960cd2df] 	at io.javaoperatorsdk.operator.processing.event.ReconciliationDispatcher.handleReconcile(ReconciliationDispatcher.java:117)
2025-01-28 21:21:49,922 INFO c.h.h.t.HelmChartContainer - [hivemq-test-hivemq-platform] [hivemq-platform-operator] [960cd2df] 	at io.javaoperatorsdk.operator.processing.event.ReconciliationDispatcher.handleDispatch(ReconciliationDispatcher.java:91)
2025-01-28 21:21:49,922 INFO c.h.h.t.HelmChartContainer - [hivemq-test-hivemq-platform] [hivemq-platform-operator] [960cd2df] 	at io.javaoperatorsdk.operator.processing.event.ReconciliationDispatcher.handleExecution(ReconciliationDispatcher.java:64)
2025-01-28 21:21:49,922 INFO c.h.h.t.HelmChartContainer - [hivemq-test-hivemq-platform] [hivemq-platform-operator] [960cd2df] 	at io.javaoperatorsdk.operator.processing.event.EventProcessor$ReconcilerExecutor.run(EventProcessor.java:452)
2025-01-28 21:21:49,922 INFO c.h.h.t.HelmChartContainer - [hivemq-test-hivemq-platform] [hivemq-platform-operator] [960cd2df] 	at java.base/java.util.concurrent.ThreadPoolExecutor.runWorker(Unknown Source)
2025-01-28 21:21:49,922 INFO c.h.h.t.HelmChartContainer - [hivemq-test-hivemq-platform] [hivemq-platform-operator] [960cd2df] 	at java.base/java.util.concurrent.ThreadPoolExecutor$Worker.run(Unknown Source)
2025-01-28 21:21:49,922 INFO c.h.h.t.HelmChartContainer - [hivemq-test-hivemq-platform] [hivemq-platform-operator] [960cd2df] 	at java.base/java.lang.Thread.run(Unknown Source)
2025-01-28 21:21:49,922 INFO c.h.h.t.HelmChartContainer - [hivemq-test-hivemq-platform] [hivemq-platform-operator] [960cd2df] Caused by: io.fabric8.kubernetes.client.KubernetesClientException: Failure executing: PUT at: https://10.43.0.1:443/apis/hivemq.com/v1/namespaces/helmextensionlicensesit/hivemq-platforms/test-hivemq-platform/status. Message: Operation cannot be fulfilled on hivemq-platforms.hivemq.com "test-hivemq-platform": the object has been modified; please apply your changes to the latest version and try again. Received status: Status(apiVersion=v1, code=409, details=StatusDetails(causes=[], group=hivemq.com, kind=hivemq-platforms, name=test-hivemq-platform, retryAfterSeconds=null, uid=null, additionalProperties={}), kind=Status, message=Operation cannot be fulfilled on hivemq-platforms.hivemq.com "test-hivemq-platform": the object has been modified; please apply your changes to the latest version and try again, metadata=ListMeta(_continue=null, remainingItemCount=null, resourceVersion=null, selfLink=null, additionalProperties={}), reason=Conflict, status=Failure, additionalProperties={}).
2025-01-28 21:21:49,922 INFO c.h.h.t.HelmChartContainer - [hivemq-test-hivemq-platform] [hivemq-platform-operator] [960cd2df] 	at io.fabric8.kubernetes.client.dsl.internal.OperationSupport.requestFailure(OperationSupport.java:660)
2025-01-28 21:21:49,922 INFO c.h.h.t.HelmChartContainer - [hivemq-test-hivemq-platform] [hivemq-platform-operator] [960cd2df] 	at io.fabric8.kubernetes.client.dsl.internal.OperationSupport.requestFailure(OperationSupport.java:640)
2025-01-28 21:21:49,922 INFO c.h.h.t.HelmChartContainer - [hivemq-test-hivemq-platform] [hivemq-platform-operator] [960cd2df] 	at io.fabric8.kubernetes.client.dsl.internal.OperationSupport.assertResponseCode(OperationSupport.java:589)
2025-01-28 21:21:49,922 INFO c.h.h.t.HelmChartContainer - [hivemq-test-hivemq-platform] [hivemq-platform-operator] [960cd2df] 	at io.fabric8.kubernetes.client.dsl.internal.OperationSupport.lambda$handleResponse$0(OperationSupport.java:549)
2025-01-28 21:21:49,922 INFO c.h.h.t.HelmChartContainer - [hivemq-test-hivemq-platform] [hivemq-platform-operator] [960cd2df] 	at java.base/java.util.concurrent.CompletableFuture$UniApply.tryFire(Unknown Source)
2025-01-28 21:21:49,922 INFO c.h.h.t.HelmChartContainer - [hivemq-test-hivemq-platform] [hivemq-platform-operator] [960cd2df] 	at java.base/java.util.concurrent.CompletableFuture.postComplete(Unknown Source)
2025-01-28 21:21:49,922 INFO c.h.h.t.HelmChartContainer - [hivemq-test-hivemq-platform] [hivemq-platform-operator] [960cd2df] 	at java.base/java.util.concurrent.CompletableFuture.complete(Unknown Source)
2025-01-28 21:21:49,922 INFO c.h.h.t.HelmChartContainer - [hivemq-test-hivemq-platform] [hivemq-platform-operator] [960cd2df] 	at io.fabric8.kubernetes.client.http.StandardHttpClient.lambda$completeOrCancel$10(StandardHttpClient.java:141)
2025-01-28 21:21:49,922 INFO c.h.h.t.HelmChartContainer - [hivemq-test-hivemq-platform] [hivemq-platform-operator] [960cd2df] 	at java.base/java.util.concurrent.CompletableFuture.uniWhenComplete(Unknown Source)
2025-01-28 21:21:49,922 INFO c.h.h.t.HelmChartContainer - [hivemq-test-hivemq-platform] [hivemq-platform-operator] [960cd2df] 	at java.base/java.util.concurrent.CompletableFuture$UniWhenComplete.tryFire(Unknown Source)
2025-01-28 21:21:49,922 INFO c.h.h.t.HelmChartContainer - [hivemq-test-hivemq-platform] [hivemq-platform-operator] [960cd2df] 	at java.base/java.util.concurrent.CompletableFuture.postComplete(Unknown Source)
2025-01-28 21:21:49,922 INFO c.h.h.t.HelmChartContainer - [hivemq-test-hivemq-platform] [hivemq-platform-operator] [960cd2df] 	at java.base/java.util.concurrent.CompletableFuture.complete(Unknown Source)
2025-01-28 21:21:49,922 INFO c.h.h.t.HelmChartContainer - [hivemq-test-hivemq-platform] [hivemq-platform-operator] [960cd2df] 	at io.fabric8.kubernetes.client.http.ByteArrayBodyHandler.onBodyDone(ByteArrayBodyHandler.java:51)
2025-01-28 21:21:49,922 INFO c.h.h.t.HelmChartContainer - [hivemq-test-hivemq-platform] [hivemq-platform-operator] [960cd2df] 	at java.base/java.util.concurrent.CompletableFuture.uniWhenComplete(Unknown Source)
2025-01-28 21:21:49,922 INFO c.h.h.t.HelmChartContainer - [hivemq-test-hivemq-platform] [hivemq-platform-operator] [960cd2df] 	at java.base/java.util.concurrent.CompletableFuture$UniWhenComplete.tryFire(Unknown Source)
2025-01-28 21:21:49,922 INFO c.h.h.t.HelmChartContainer - [hivemq-test-hivemq-platform] [hivemq-platform-operator] [960cd2df] 	at java.base/java.util.concurrent.CompletableFuture.postComplete(Unknown Source)
2025-01-28 21:21:49,922 INFO c.h.h.t.HelmChartContainer - [hivemq-test-hivemq-platform] [hivemq-platform-operator] [960cd2df] 	at java.base/java.util.concurrent.CompletableFuture.complete(Unknown Source)
2025-01-28 21:21:49,922 INFO c.h.h.t.HelmChartContainer - [hivemq-test-hivemq-platform] [hivemq-platform-operator] [960cd2df] 	at io.fabric8.kubernetes.client.vertx.VertxHttpRequest.lambda$null$1(VertxHttpRequest.java:121)
2025-01-28 21:21:49,922 INFO c.h.h.t.HelmChartContainer - [hivemq-test-hivemq-platform] [hivemq-platform-operator] [960cd2df] 	at io.vertx.core.impl.ContextInternal.dispatch(ContextInternal.java:279)
2025-01-28 21:21:49,922 INFO c.h.h.t.HelmChartContainer - [hivemq-test-hivemq-platform] [hivemq-platform-operator] [960cd2df] 	at io.vertx.core.impl.ContextInternal.dispatch(ContextInternal.java:261)
2025-01-28 21:21:49,922 INFO c.h.h.t.HelmChartContainer - [hivemq-test-hivemq-platform] [hivemq-platform-operator] [960cd2df] 	at io.vertx.core.http.impl.HttpEventHandler.handleEnd(HttpEventHandler.java:76)
2025-01-28 21:21:49,922 INFO c.h.h.t.HelmChartContainer - [hivemq-test-hivemq-platform] [hivemq-platform-operator] [960cd2df] 	at io.vertx.core.http.impl.HttpClientResponseImpl.handleEnd(HttpClientResponseImpl.java:250)
2025-01-28 21:21:49,922 INFO c.h.h.t.HelmChartContainer - [hivemq-test-hivemq-platform] [hivemq-platform-operator] [960cd2df] 	at io.vertx.core.http.impl.Http1xClientConnection$StreamImpl.lambda$new$0(Http1xClientConnection.java:421)
2025-01-28 21:21:49,922 INFO c.h.h.t.HelmChartContainer - [hivemq-test-hivemq-platform] [hivemq-platform-operator] [960cd2df] 	at io.vertx.core.streams.impl.InboundBuffer.handleEvent(InboundBuffer.java:279)
2025-01-28 21:21:49,922 INFO c.h.h.t.HelmChartContainer - [hivemq-test-hivemq-platform] [hivemq-platform-operator] [960cd2df] 	at io.vertx.core.streams.impl.InboundBuffer.write(InboundBuffer.java:157)
2025-01-28 21:21:49,922 INFO c.h.h.t.HelmChartContainer - [hivemq-test-hivemq-platform] [hivemq-platform-operator] [960cd2df] 	at io.vertx.core.http.impl.Http1xClientConnection$StreamImpl.handleEnd(Http1xClientConnection.java:709)
2025-01-28 21:21:49,923 INFO c.h.h.t.HelmChartContainer - [hivemq-test-hivemq-platform] [hivemq-platform-operator] [960cd2df] 	at io.vertx.core.impl.ContextImpl.execute(ContextImpl.java:313)
2025-01-28 21:21:49,923 INFO c.h.h.t.HelmChartContainer - [hivemq-test-hivemq-platform] [hivemq-platform-operator] [960cd2df] 	at io.vertx.core.impl.ContextImpl.execute(ContextImpl.java:293)
2025-01-28 21:21:49,923 INFO c.h.h.t.HelmChartContainer - [hivemq-test-hivemq-platform] [hivemq-platform-operator] [960cd2df] 	at io.vertx.core.http.impl.Http1xClientConnection.handleResponseEnd(Http1xClientConnection.java:940)
2025-01-28 21:21:49,923 INFO c.h.h.t.HelmChartContainer - [hivemq-test-hivemq-platform] [hivemq-platform-operator] [960cd2df] 	at io.vertx.core.http.impl.Http1xClientConnection.handleHttpMessage(Http1xClientConnection.java:810)
2025-01-28 21:21:49,923 INFO c.h.h.t.HelmChartContainer - [hivemq-test-hivemq-platform] [hivemq-platform-operator] [960cd2df] 	at io.vertx.core.http.impl.Http1xClientConnection.handleMessage(Http1xClientConnection.java:774)
2025-01-28 21:21:49,923 INFO c.h.h.t.HelmChartContainer - [hivemq-test-hivemq-platform] [hivemq-platform-operator] [960cd2df] 	at io.vertx.core.net.impl.ConnectionBase.read(ConnectionBase.java:159)
2025-01-28 21:21:49,923 INFO c.h.h.t.HelmChartContainer - [hivemq-test-hivemq-platform] [hivemq-platform-operator] [960cd2df] 	at io.vertx.core.net.impl.VertxHandler.channelRead(VertxHandler.java:153)
2025-01-28 21:21:49,923 INFO c.h.h.t.HelmChartContainer - [hivemq-test-hivemq-platform] [hivemq-platform-operator] [960cd2df] 	at io.netty.channel.AbstractChannelHandlerContext.invokeChannelRead(AbstractChannelHandlerContext.java:442)
2025-01-28 21:21:49,923 INFO c.h.h.t.HelmChartContainer - [hivemq-test-hivemq-platform] [hivemq-platform-operator] [960cd2df] 	at io.netty.channel.AbstractChannelHandlerContext.invokeChannelRead(AbstractChannelHandlerContext.java:420)
2025-01-28 21:21:49,923 INFO c.h.h.t.HelmChartContainer - [hivemq-test-hivemq-platform] [hivemq-platform-operator] [960cd2df] 	at io.netty.channel.AbstractChannelHandlerContext.fireChannelRead(AbstractChannelHandlerContext.java:412)
2025-01-28 21:21:49,923 INFO c.h.h.t.HelmChartContainer - [hivemq-test-hivemq-platform] [hivemq-platform-operator] [960cd2df] 	at io.netty.channel.CombinedChannelDuplexHandler$DelegatingChannelHandlerContext.fireChannelRead(CombinedChannelDuplexHandler.java:436)
2025-01-28 21:21:49,923 INFO c.h.h.t.HelmChartContainer - [hivemq-test-hivemq-platform] [hivemq-platform-operator] [960cd2df] 	at io.netty.handler.codec.ByteToMessageDecoder.fireChannelRead(ByteToMessageDecoder.java:346)
2025-01-28 21:21:49,923 INFO c.h.h.t.HelmChartContainer - [hivemq-test-hivemq-platform] [hivemq-platform-operator] [960cd2df] 	at io.netty.handler.codec.ByteToMessageDecoder.channelRead(ByteToMessageDecoder.java:318)
2025-01-28 21:21:49,923 INFO c.h.h.t.HelmChartContainer - [hivemq-test-hivemq-platform] [hivemq-platform-operator] [960cd2df] 	at io.netty.channel.CombinedChannelDuplexHandler.channelRead(CombinedChannelDuplexHandler.java:251)
2025-01-28 21:21:49,923 INFO c.h.h.t.HelmChartContainer - [hivemq-test-hivemq-platform] [hivemq-platform-operator] [960cd2df] 	at io.netty.channel.AbstractChannelHandlerContext.invokeChannelRead(AbstractChannelHandlerContext.java:442)
2025-01-28 21:21:49,923 INFO c.h.h.t.HelmChartContainer - [hivemq-test-hivemq-platform] [hivemq-platform-operator] [960cd2df] 	at io.netty.channel.AbstractChannelHandlerContext.invokeChannelRead(AbstractChannelHandlerContext.java:420)
2025-01-28 21:21:49,924 INFO c.h.h.t.HelmChartContainer - [hivemq-test-hivemq-platform] [hivemq-platform-operator] [960cd2df] 	at io.netty.channel.AbstractChannelHandlerContext.fireChannelRead(AbstractChannelHandlerContext.java:412)
2025-01-28 21:21:49,926 INFO c.h.h.t.HelmChartContainer - [hivemq-test-hivemq-platform] [hivemq-platform-operator] [960cd2df] 	at io.netty.handler.ssl.SslHandler.unwrap(SslHandler.java:1475)
2025-01-28 21:21:49,926 INFO c.h.h.t.HelmChartContainer - [hivemq-test-hivemq-platform] [hivemq-platform-operator] [960cd2df] 	at io.netty.handler.ssl.SslHandler.decodeJdkCompatible(SslHandler.java:1338)
2025-01-28 21:21:49,926 INFO c.h.h.t.HelmChartContainer - [hivemq-test-hivemq-platform] [hivemq-platform-operator] [960cd2df] 	at io.netty.handler.ssl.SslHandler.decode(SslHandler.java:1387)
2025-01-28 21:21:49,926 INFO c.h.h.t.HelmChartContainer - [hivemq-test-hivemq-platform] [hivemq-platform-operator] [960cd2df] 	at io.netty.handler.codec.ByteToMessageDecoder.decodeRemovalReentryProtection(ByteToMessageDecoder.java:530)
2025-01-28 21:21:49,926 INFO c.h.h.t.HelmChartContainer - [hivemq-test-hivemq-platform] [hivemq-platform-operator] [960cd2df] 	at io.netty.handler.codec.ByteToMessageDecoder.callDecode(ByteToMessageDecoder.java:469)
2025-01-28 21:21:49,926 INFO c.h.h.t.HelmChartContainer - [hivemq-test-hivemq-platform] [hivemq-platform-operator] [960cd2df] 	at io.netty.handler.codec.ByteToMessageDecoder.channelRead(ByteToMessageDecoder.java:290)
2025-01-28 21:21:49,926 INFO c.h.h.t.HelmChartContainer - [hivemq-test-hivemq-platform] [hivemq-platform-operator] [960cd2df] 	at io.netty.channel.AbstractChannelHandlerContext.invokeChannelRead(AbstractChannelHandlerContext.java:444)
2025-01-28 21:21:49,926 INFO c.h.h.t.HelmChartContainer - [hivemq-test-hivemq-platform] [hivemq-platform-operator] [960cd2df] 	at io.netty.channel.AbstractChannelHandlerContext.invokeChannelRead(AbstractChannelHandlerContext.java:420)
2025-01-28 21:21:49,926 INFO c.h.h.t.HelmChartContainer - [hivemq-test-hivemq-platform] [hivemq-platform-operator] [960cd2df] 	at io.netty.channel.AbstractChannelHandlerContext.fireChannelRead(AbstractChannelHandlerContext.java:412)
2025-01-28 21:21:49,926 INFO c.h.h.t.HelmChartContainer - [hivemq-test-hivemq-platform] [hivemq-platform-operator] [960cd2df] 	at io.netty.channel.DefaultChannelPipeline$HeadContext.channelRead(DefaultChannelPipeline.java:1407)
2025-01-28 21:21:49,926 INFO c.h.h.t.HelmChartContainer - [hivemq-test-hivemq-platform] [hivemq-platform-operator] [960cd2df] 	at io.netty.channel.AbstractChannelHandlerContext.invokeChannelRead(AbstractChannelHandlerContext.java:440)
2025-01-28 21:21:49,926 INFO c.h.h.t.HelmChartContainer - [hivemq-test-hivemq-platform] [hivemq-platform-operator] [960cd2df] 	at io.netty.channel.AbstractChannelHandlerContext.invokeChannelRead(AbstractChannelHandlerContext.java:420)
2025-01-28 21:21:49,926 INFO c.h.h.t.HelmChartContainer - [hivemq-test-hivemq-platform] [hivemq-platform-operator] [960cd2df] 	at io.netty.channel.DefaultChannelPipeline.fireChannelRead(DefaultChannelPipeline.java:918)
2025-01-28 21:21:49,926 INFO c.h.h.t.HelmChartContainer - [hivemq-test-hivemq-platform] [hivemq-platform-operator] [960cd2df] 	at io.netty.channel.nio.AbstractNioByteChannel$NioByteUnsafe.read(AbstractNioByteChannel.java:166)
2025-01-28 21:21:49,926 INFO c.h.h.t.HelmChartContainer - [hivemq-test-hivemq-platform] [hivemq-platform-operator] [960cd2df] 	at io.netty.channel.nio.NioEventLoop.processSelectedKey(NioEventLoop.java:788)
2025-01-28 21:21:49,926 INFO c.h.h.t.HelmChartContainer - [hivemq-test-hivemq-platform] [hivemq-platform-operator] [960cd2df] 	at io.netty.channel.nio.NioEventLoop.processSelectedKeysOptimized(NioEventLoop.java:724)
2025-01-28 21:21:49,926 INFO c.h.h.t.HelmChartContainer - [hivemq-test-hivemq-platform] [hivemq-platform-operator] [960cd2df] 	at io.netty.channel.nio.NioEventLoop.processSelectedKeys(NioEventLoop.java:650)
2025-01-28 21:21:49,926 INFO c.h.h.t.HelmChartContainer - [hivemq-test-hivemq-platform] [hivemq-platform-operator] [960cd2df] 	at io.netty.channel.nio.NioEventLoop.run(NioEventLoop.java:562)
2025-01-28 21:21:49,926 INFO c.h.h.t.HelmChartContainer - [hivemq-test-hivemq-platform] [hivemq-platform-operator] [960cd2df] 	at io.netty.util.concurrent.SingleThreadEventExecutor$4.run(SingleThreadEventExecutor.java:997)
2025-01-28 21:21:49,926 INFO c.h.h.t.HelmChartContainer - [hivemq-test-hivemq-platform] [hivemq-platform-operator] [960cd2df] 	at io.netty.util.internal.ThreadExecutorMap$2.run(ThreadExecutorMap.java:74)
2025-01-28 21:21:49,926 INFO c.h.h.t.HelmChartContainer - [hivemq-test-hivemq-platform] [hivemq-platform-operator] [960cd2df] 	at io.netty.util.concurrent.FastThreadLocalRunnable.run(FastThreadLocalRunnable.java:30)
2025-01-28 21:21:49,926 INFO c.h.h.t.HelmChartContainer - [hivemq-test-hivemq-platform] [hivemq-platform-operator] [960cd2df] 	... 1 common frames omitted
2025-01-28 21:21:49,932 INFO c.h.h.t.HelmChartContainer - [hivemq-test-hivemq-platform] [hivemq-platform-operator] [960cd2df] 21:21:49.929 [ReconcilerExecutor-hivemq-controller-122] INFO  c.h.p.o.HiveMQPlatformReconciler - [helmexte] Cleanup test-hivemq-platform - helmextensionlicensesit HiveMQ Platform is shut down
2025-01-28 21:21:50,369 INFO c.h.h.t.HelmChartContainer - [POD] test-hivemq-platform-0 [2ad4153a-7db5-4d30-ac16-3539347fb8bc] in helmextensionlicensesit was MODIFIED
2025-01-28 21:21:50,370 INFO c.h.h.t.HelmChartContainer - [EVENT] Normal [Killing] Stopping container hivemq [helmextensionlicensesit:test-hivemq-platform-0]
2025-01-28 21:21:50,371 INFO c.h.h.t.HelmChartContainer - Received Killing event for container hivemq in pod test-hivemq-platform-0 [2ad4153a-7db5-4d30-ac16-3539347fb8bc]
2025-01-28 21:21:50,372 INFO c.h.h.t.HelmChartContainer - Container [test-hivemq-platform-0] [hivemq] [2ad4153a-7db5-4d30-ac16-3539347fb8bc] was terminated
2025-01-28 21:21:50,372 INFO c.h.h.t.HelmChartContainer - Stopped log watcher for hivemq in pod test-hivemq-platform-0 [2ad4153a-7db5-4d30-ac16-3539347fb8bc]
2025-01-28 21:21:50,384 INFO c.h.h.t.HelmChartContainer - [test-hivemq-platform] [hivemq] [2ad4153a] INFO  - [HiveMQ Platform Operator Init App 1.7.0-SNAPSHOT] Shutting down
2025-01-28 21:21:50,384 INFO c.h.h.t.HelmChartContainer - [test-hivemq-platform] [hivemq] [2ad4153a] INFO  - [HiveMQ Platform Operator Init App 1.7.0-SNAPSHOT] Stopping the HiveMQ Platform
2025-01-28 21:21:50,504 INFO c.h.h.t.HelmChartContainer - [test-hivemq-platform] [hivemq] [2ad4153a] INFO  - Shutting down HiveMQ. Please wait, this could take a while...
2025-01-28 21:21:50,584 INFO c.h.h.t.HelmChartContainer - [test-hivemq-platform] [hivemq] [2ad4153a] INFO  - Shutting down listeners and clients
2025-01-28 21:21:50,585 INFO c.h.h.t.HelmChartContainer - [test-hivemq-platform] [hivemq] [2ad4153a] INFO  - Shutdown of listeners is done
2025-01-28 21:21:50,585 INFO c.h.h.t.HelmChartContainer - [test-hivemq-platform] [hivemq] [2ad4153a] INFO  - No clients are connected, proceeding with shutdown
2025-01-28 21:21:51,599 INFO c.h.h.t.HelmChartContainer - Deleting namespace 'helmextensionlicensesit'...
2025-01-28 21:21:53,103 INFO c.h.h.t.HelmChartContainer - [test-hivemq-platform] [hivemq] [2ad4153a] INFO  - Shutting down extension system
2025-01-28 21:21:53,105 INFO c.h.h.t.HelmChartContainer - [test-hivemq-platform] [hivemq] [2ad4153a] INFO  - Stopping extension with id hivemq-dns-cluster-discovery
2025-01-28 21:21:53,106 INFO c.h.h.t.HelmChartContainer - [test-hivemq-platform] [hivemq] [2ad4153a] INFO  - Extension "DNS Cluster Discovery Extension" version 4.3.2 stopped successfully.
2025-01-28 21:21:53,106 INFO c.h.h.t.HelmChartContainer - [test-hivemq-platform] [hivemq] [2ad4153a] INFO  - Stopping extension with id hivemq-distributed-tracing-extension
2025-01-28 21:21:53,107 INFO c.h.h.t.HelmChartContainer - [test-hivemq-platform] [hivemq] [2ad4153a] INFO  - [HiveMQ Platform Operator Init App 1.7.0-SNAPSHOT] Returning shutdown Health API response 503 for readiness
2025-01-28 21:21:53,109 INFO c.h.h.t.HelmChartContainer - [test-hivemq-platform] [hivemq] [2ad4153a] INFO  - Extension "HiveMQ Enterprise Distributed Tracing Extension" version 4.36.0 stopped successfully.
2025-01-28 21:21:53,109 INFO c.h.h.t.HelmChartContainer - [test-hivemq-platform] [hivemq] [2ad4153a] INFO  - Stopping extension with id hivemq-prometheus-extension
2025-01-28 21:21:53,115 INFO c.h.h.t.HelmChartContainer - [test-hivemq-platform] [hivemq] [2ad4153a] INFO  - Extension "Prometheus Monitoring Extension" version 4.0.12 stopped successfully.
2025-01-28 21:21:53,115 INFO c.h.h.t.HelmChartContainer - [test-hivemq-platform] [hivemq] [2ad4153a] INFO  - Stopping extension with id hivemq-allow-all-extension
2025-01-28 21:21:53,115 INFO c.h.h.t.HelmChartContainer - [test-hivemq-platform] [hivemq] [2ad4153a] INFO  - Extension "Allow All Extension" version 1.1.1 stopped successfully.
2025-01-28 21:21:53,124 INFO c.h.h.t.HelmChartContainer - [EVENT] Warning [Unhealthy] Readiness probe failed: HTTP probe failed with statuscode: 503 [helmextensionlicensesit:test-hivemq-platform-0]
2025-01-28 21:21:53,124 INFO c.h.h.t.HelmChartContainer - Received Unhealthy event for container hivemq in pod test-hivemq-platform-0 [2ad4153a-7db5-4d30-ac16-3539347fb8bc]
2025-01-28 21:21:53,531 INFO c.h.h.t.HelmChartContainer - [K3S] [authentication.go:74] "Unable to authenticate the request" err="[invalid bearer token, serviceaccounts \"hivemq-platform-pod-test-hivemq-platform\" not found]"
2025-01-28 21:21:53,553 INFO c.h.h.t.HelmChartContainer - [K3S] [authentication.go:74] "Unable to authenticate the request" err="[invalid bearer token, serviceaccounts \"hivemq-platform-pod-test-hivemq-platform\" not found]"
2025-01-28 21:21:53,605 INFO c.h.h.t.HelmChartContainer - [test-hivemq-platform] [hivemq] [2ad4153a] WARN  - [HiveMQ Platform Operator Init App 1.7.0-SNAPSHOT] Could not update Pod annotations: Failure executing: GET at: https://10.43.0.1:443/api/v1/namespaces/helmextensionlicensesit/pods/test-hivemq-platform-0. Message: Unauthorized. Received status: Status(apiVersion=v1, code=401, details=null, kind=Status, message=Unauthorized, metadata=ListMeta(_continue=null, remainingItemCount=null, resourceVersion=null, selfLink=null, additionalProperties={}), reason=Unauthorized, status=Failure, additionalProperties={}).
2025-01-28 21:21:55,497 INFO c.h.h.t.HelmChartContainer - [test-hivemq-platform] [hivemq] [2ad4153a] INFO  - Shutdown completed.
2025-01-28 21:21:55,859 INFO c.h.h.t.HelmChartContainer - [test-hivemq-platform] [hivemq] [2ad4153a] INFO  - [HiveMQ Platform Operator Init App 1.7.0-SNAPSHOT] The HiveMQ Platform exited with code 143
2025-01-28 21:21:55,861 INFO c.h.h.t.HelmChartContainer - [test-hivemq-platform] [hivemq] [2ad4153a] INFO  - [HiveMQ Platform Operator Init App 1.7.0-SNAPSHOT] Stopping the REST API
2025-01-28 21:21:55,899 INFO c.h.h.t.HelmChartContainer - [test-hivemq-platform] [hivemq] [2ad4153a] INFO  - [HiveMQ Platform Operator Init App 1.7.0-SNAPSHOT] Shutdown complete
2025-01-28 21:21:56,336 INFO c.h.h.t.HelmChartContainer - [POD] test-hivemq-platform-0 [2ad4153a-7db5-4d30-ac16-3539347fb8bc] in helmextensionlicensesit was MODIFIED
2025-01-28 21:21:56,338 INFO c.h.h.t.HelmChartContainer - [K3S] [stateful_set.go:438] "Unhandled Error" err="error syncing StatefulSet helmextensionlicensesit/test-hivemq-platform, requeuing: controllerrevisions.apps \"test-hivemq-platform-7f4c5b7c98\" is forbidden: unable to create new content in namespace helmextensionlicensesit because it is being terminated"
2025-01-28 21:21:56,346 INFO c.h.h.t.HelmChartContainer - [K3S] [stateful_set.go:438] "Unhandled Error" err="error syncing StatefulSet helmextensionlicensesit/test-hivemq-platform, requeuing: controllerrevisions.apps \"test-hivemq-platform-7f4c5b7c98\" is forbidden: unable to create new content in namespace helmextensionlicensesit because it is being terminated"
2025-01-28 21:21:56,358 INFO c.h.h.t.HelmChartContainer - [K3S] [stateful_set.go:438] "Unhandled Error" err="error syncing StatefulSet helmextensionlicensesit/test-hivemq-platform, requeuing: controllerrevisions.apps \"test-hivemq-platform-7f4c5b7c98\" is forbidden: unable to create new content in namespace helmextensionlicensesit because it is being terminated"
2025-01-28 21:21:56,381 INFO c.h.h.t.HelmChartContainer - [K3S] [stateful_set.go:438] "Unhandled Error" err="error syncing StatefulSet helmextensionlicensesit/test-hivemq-platform, requeuing: controllerrevisions.apps \"test-hivemq-platform-7f4c5b7c98\" is forbidden: unable to create new content in namespace helmextensionlicensesit because it is being terminated"
2025-01-28 21:21:56,424 INFO c.h.h.t.HelmChartContainer - [K3S] [stateful_set.go:438] "Unhandled Error" err="error syncing StatefulSet helmextensionlicensesit/test-hivemq-platform, requeuing: controllerrevisions.apps \"test-hivemq-platform-7f4c5b7c98\" is forbidden: unable to create new content in namespace helmextensionlicensesit because it is being terminated"
2025-01-28 21:21:56,506 INFO c.h.h.t.HelmChartContainer - [K3S] [reconciler_common.go:162] "operationExecutor.UnmountVolume started for volume \"broker-configuration\" (UniqueName: \"kubernetes.io/configmap/2ad4153a-7db5-4d30-ac16-3539347fb8bc-broker-configuration\") pod \"2ad4153a-7db5-4d30-ac16-3539347fb8bc\" (UID: \"2ad4153a-7db5-4d30-ac16-3539347fb8bc\") "
2025-01-28 21:21:56,506 INFO c.h.h.t.HelmChartContainer - [K3S] [reconciler_common.go:162] "operationExecutor.UnmountVolume started for volume \"operator-init\" (UniqueName: \"kubernetes.io/empty-dir/2ad4153a-7db5-4d30-ac16-3539347fb8bc-operator-init\") pod \"2ad4153a-7db5-4d30-ac16-3539347fb8bc\" (UID: \"2ad4153a-7db5-4d30-ac16-3539347fb8bc\") "
2025-01-28 21:21:56,506 INFO c.h.h.t.HelmChartContainer - [K3S] [reconciler_common.go:162] "operationExecutor.UnmountVolume started for volume \"pod-info\" (UniqueName: \"kubernetes.io/configmap/2ad4153a-7db5-4d30-ac16-3539347fb8bc-pod-info\") pod \"2ad4153a-7db5-4d30-ac16-3539347fb8bc\" (UID: \"2ad4153a-7db5-4d30-ac16-3539347fb8bc\") "
2025-01-28 21:21:56,506 INFO c.h.h.t.HelmChartContainer - [K3S] [reconciler_common.go:162] "operationExecutor.UnmountVolume started for volume \"extension-configuration-hivemq-distributed-tracing-extension\" (UniqueName: \"kubernetes.io/configmap/2ad4153a-7db5-4d30-ac16-3539347fb8bc-extension-configuration-hivemq-distributed-tracing-extension\") pod \"2ad4153a-7db5-4d30-ac16-3539347fb8bc\" (UID: \"2ad4153a-7db5-4d30-ac16-3539347fb8bc\") "
2025-01-28 21:21:56,506 INFO c.h.h.t.HelmChartContainer - [K3S] [reconciler_common.go:162] "operationExecutor.UnmountVolume started for volume \"licenses\" (UniqueName: \"kubernetes.io/secret/2ad4153a-7db5-4d30-ac16-3539347fb8bc-licenses\") pod \"2ad4153a-7db5-4d30-ac16-3539347fb8bc\" (UID: \"2ad4153a-7db5-4d30-ac16-3539347fb8bc\") "
2025-01-28 21:21:56,506 INFO c.h.h.t.HelmChartContainer - [K3S] [reconciler_common.go:162] "operationExecutor.UnmountVolume started for volume \"kube-api-access-dz989\" (UniqueName: \"kubernetes.io/projected/2ad4153a-7db5-4d30-ac16-3539347fb8bc-kube-api-access-dz989\") pod \"2ad4153a-7db5-4d30-ac16-3539347fb8bc\" (UID: \"2ad4153a-7db5-4d30-ac16-3539347fb8bc\") "
2025-01-28 21:21:56,509 INFO c.h.h.t.HelmChartContainer - [K3S] [stateful_set.go:438] "Unhandled Error" err="error syncing StatefulSet helmextensionlicensesit/test-hivemq-platform, requeuing: controllerrevisions.apps \"test-hivemq-platform-7f4c5b7c98\" is forbidden: unable to create new content in namespace helmextensionlicensesit because it is being terminated"
2025-01-28 21:21:56,606 INFO c.h.h.t.HelmChartContainer - [K3S] [reconciler_common.go:299] "Volume detached for volume \"broker-configuration\" (UniqueName: \"kubernetes.io/configmap/2ad4153a-7db5-4d30-ac16-3539347fb8bc-broker-configuration\") on node \"05c9130ab25d\" DevicePath \"\""
2025-01-28 21:21:56,606 INFO c.h.h.t.HelmChartContainer - [K3S] [reconciler_common.go:299] "Volume detached for volume \"operator-init\" (UniqueName: \"kubernetes.io/empty-dir/2ad4153a-7db5-4d30-ac16-3539347fb8bc-operator-init\") on node \"05c9130ab25d\" DevicePath \"\""
2025-01-28 21:21:56,606 INFO c.h.h.t.HelmChartContainer - [K3S] [reconciler_common.go:299] "Volume detached for volume \"pod-info\" (UniqueName: \"kubernetes.io/configmap/2ad4153a-7db5-4d30-ac16-3539347fb8bc-pod-info\") on node \"05c9130ab25d\" DevicePath \"\""
2025-01-28 21:21:56,606 INFO c.h.h.t.HelmChartContainer - [K3S] [reconciler_common.go:299] "Volume detached for volume \"extension-configuration-hivemq-distributed-tracing-extension\" (UniqueName: \"kubernetes.io/configmap/2ad4153a-7db5-4d30-ac16-3539347fb8bc-extension-configuration-hivemq-distributed-tracing-extension\") on node \"05c9130ab25d\" DevicePath \"\""
2025-01-28 21:21:56,606 INFO c.h.h.t.HelmChartContainer - [K3S] [reconciler_common.go:299] "Volume detached for volume \"licenses\" (UniqueName: \"kubernetes.io/secret/2ad4153a-7db5-4d30-ac16-3539347fb8bc-licenses\") on node \"05c9130ab25d\" DevicePath \"\""
2025-01-28 21:21:56,606 INFO c.h.h.t.HelmChartContainer - [K3S] [reconciler_common.go:299] "Volume detached for volume \"kube-api-access-dz989\" (UniqueName: \"kubernetes.io/projected/2ad4153a-7db5-4d30-ac16-3539347fb8bc-kube-api-access-dz989\") on node \"05c9130ab25d\" DevicePath \"\""
2025-01-28 21:21:56,665 INFO c.h.h.t.HelmChartContainer - [K3S] [scope.go:117] "RemoveContainer" containerID="1058b71afb6e40f7134361e9759f698bf51616717ef3e0a02b3fb9e411bbd5c4"
2025-01-28 21:21:56,673 INFO c.h.h.t.HelmChartContainer - [K3S] [stateful_set.go:438] "Unhandled Error" err="error syncing StatefulSet helmextensionlicensesit/test-hivemq-platform, requeuing: controllerrevisions.apps \"test-hivemq-platform-7f4c5b7c98\" is forbidden: unable to create new content in namespace helmextensionlicensesit because it is being terminated"
2025-01-28 21:21:56,693 INFO c.h.h.t.HelmChartContainer - [POD] test-hivemq-platform-0 [2ad4153a-7db5-4d30-ac16-3539347fb8bc] in helmextensionlicensesit was MODIFIED
2025-01-28 21:21:56,694 INFO c.h.h.t.HelmChartContainer - [POD] test-hivemq-platform-0 [2ad4153a-7db5-4d30-ac16-3539347fb8bc] in helmextensionlicensesit was DELETED
2025-01-28 21:21:56,696 INFO c.h.h.t.HelmChartContainer - [K3S] [stateful_set.go:438] "Unhandled Error" err="error syncing StatefulSet helmextensionlicensesit/test-hivemq-platform, requeuing: controllerrevisions.apps \"test-hivemq-platform-7f4c5b7c98\" is forbidden: unable to create new content in namespace helmextensionlicensesit because it is being terminated"
2025-01-28 21:21:56,703 INFO c.h.h.t.HelmChartContainer - [K3S] [stateful_set.go:438] "Unhandled Error" err="error syncing StatefulSet helmextensionlicensesit/test-hivemq-platform, requeuing: controllerrevisions.apps \"test-hivemq-platform-7f4c5b7c98\" is forbidden: unable to create new content in namespace helmextensionlicensesit because it is being terminated"
2025-01-28 21:21:56,717 INFO c.h.h.t.HelmChartContainer - [K3S] [stateful_set.go:466] "StatefulSet has been deleted" key="helmextensionlicensesit/test-hivemq-platform"
2025-01-28 21:21:56,823 INFO c.h.h.t.HelmChartContainer - Namespace 'helmextensionlicensesit' deleted
2025-01-28 21:21:56,824 INFO c.h.h.t.HelmChartContainer - Release 'test-hivemq-platform' in namespace 'helmextensionlicensesit' is uninstalled
2025-01-28 21:21:56,824 INFO c.h.h.t.HelmChartContainer - Uninstalling release 'test-hivemq-platform-operator' in namespace 'helmextensionlicensesit-operator'...
2025-01-28 21:21:56,825 DEBUG c.h.h.t.HelmChartContainer - Executing helm command: /bin/helm --kubeconfig /etc/rancher/k3s/k3s.yaml uninstall test-hivemq-platform-operator  --wait --timeout 5m0s --cascade foreground --namespace helmextensionlicensesit-operator
2025-01-28 21:21:56,834 INFO c.h.h.t.HelmChartContainer - [K3S] [scope.go:117] "RemoveContainer" containerID="021066abc7f47605c6d3f17dce091d634600101568d33ad906613ff0e41a4f82"
2025-01-28 21:21:56,839 INFO c.h.h.t.HelmChartContainer - [K3S] [scope.go:117] "RemoveContainer" containerID="1058b71afb6e40f7134361e9759f698bf51616717ef3e0a02b3fb9e411bbd5c4"
2025-01-28 21:21:56,840 INFO c.h.h.t.HelmChartContainer - [K3S] [scope.go:117] "RemoveContainer" containerID="021066abc7f47605c6d3f17dce091d634600101568d33ad906613ff0e41a4f82"
2025-01-28 21:21:56,994 INFO c.h.h.t.HelmChartContainer - [K3S] [stateful_set.go:466] "StatefulSet has been deleted" key="helmextensionlicensesit/test-hivemq-platform"
2025-01-28 21:21:56,996 INFO c.h.h.t.HelmChartContainer - [K3S] [replica_set.go:679] "Finished syncing" kind="ReplicaSet" key="helmextensionlicensesit-operator/hivemq-test-hivemq-platform-operator-6966f96d65" duration="7.990745ms"
2025-01-28 21:21:56,997 INFO c.h.h.t.HelmChartContainer - [K3S] [replica_set.go:679] "Finished syncing" kind="ReplicaSet" key="helmextensionlicensesit-operator/hivemq-test-hivemq-platform-operator-6966f96d65" duration="33.352µs"
2025-01-28 21:21:57,012 INFO c.h.h.t.HelmChartContainer - [POD] hivemq-test-hivemq-platform-operator-6966f96d65-rpmk8 [960cd2df-0e57-472e-9609-19188a0627e1] in helmextensionlicensesit-operator was MODIFIED
2025-01-28 21:21:57,024 INFO c.h.h.t.HelmChartContainer - [EVENT] Normal [Killing] Stopping container hivemq-platform-operator [helmextensionlicensesit-operator:hivemq-test-hivemq-platform-operator-6966f96d65-rpmk8]
2025-01-28 21:21:57,024 INFO c.h.h.t.HelmChartContainer - Received Killing event for container hivemq-platform-operator in pod hivemq-test-hivemq-platform-operator-6966f96d65-rpmk8 [960cd2df-0e57-472e-9609-19188a0627e1]
2025-01-28 21:21:57,024 INFO c.h.h.t.HelmChartContainer - Container [hivemq-test-hivemq-platform-operator-6966f96d65-rpmk8] [hivemq-platform-operator] [960cd2df-0e57-472e-9609-19188a0627e1] was terminated
2025-01-28 21:21:57,024 INFO c.h.h.t.HelmChartContainer - Stopped log watcher for hivemq-platform-operator in pod hivemq-test-hivemq-platform-operator-6966f96d65-rpmk8 [960cd2df-0e57-472e-9609-19188a0627e1]
2025-01-28 21:21:57,025 INFO c.h.h.t.HelmChartContainer - [K3S] [replica_set.go:679] "Finished syncing" kind="ReplicaSet" key="helmextensionlicensesit-operator/hivemq-test-hivemq-platform-operator-6966f96d65" duration="14.990208ms"
2025-01-28 21:21:57,027 INFO c.h.h.t.HelmChartContainer - [K3S] [replica_set.go:679] "Finished syncing" kind="ReplicaSet" key="helmextensionlicensesit-operator/hivemq-test-hivemq-platform-operator-6966f96d65" duration="40.395µs"
2025-01-28 21:21:57,033 INFO c.h.h.t.HelmChartContainer - [hivemq-test-hivemq-platform] [hivemq-platform-operator] [960cd2df] 21:21:57.030 [application-shutdown-thread] INFO  c.h.p.o.HiveMQPlatformOperatorApplication - HiveMQ Platform Operator is stopping...
2025-01-28 21:21:57,033 INFO c.h.h.t.HelmChartContainer - [hivemq-test-hivemq-platform] [hivemq-platform-operator] [960cd2df] 21:21:57.030 [application-shutdown-thread] INFO  i.javaoperatorsdk.operator.Operator - Operator SDK 4.9.7 is shutting down...
2025-01-28 21:21:57,564 INFO c.h.h.t.HelmChartContainer - [K3S] [replica_set.go:679] "Finished syncing" kind="ReplicaSet" key="helmextensionlicensesit-operator/hivemq-test-hivemq-platform-operator-6966f96d65" duration="38.552µs"
2025-01-28 21:21:57,565 INFO c.h.h.t.HelmChartContainer - [POD] hivemq-test-hivemq-platform-operator-6966f96d65-rpmk8 [960cd2df-0e57-472e-9609-19188a0627e1] in helmextensionlicensesit-operator was MODIFIED
2025-01-28 21:21:57,666 INFO c.h.h.t.HelmChartContainer - [K3S] [scope.go:117] "RemoveContainer" containerID="6b204ec45808d9ba8dc0ef084549b746915e9563ae69d498883d6ac6bffbdda3"
2025-01-28 21:21:57,669 INFO c.h.h.t.HelmChartContainer - [K3S] [scope.go:117] "RemoveContainer" containerID="6b204ec45808d9ba8dc0ef084549b746915e9563ae69d498883d6ac6bffbdda3"
2025-01-28 21:21:57,714 INFO c.h.h.t.HelmChartContainer - [K3S] [reconciler_common.go:162] "operationExecutor.UnmountVolume started for volume \"kube-api-access-q9h74\" (UniqueName: \"kubernetes.io/projected/960cd2df-0e57-472e-9609-19188a0627e1-kube-api-access-q9h74\") pod \"960cd2df-0e57-472e-9609-19188a0627e1\" (UID: \"960cd2df-0e57-472e-9609-19188a0627e1\") "
2025-01-28 21:21:57,814 INFO c.h.h.t.HelmChartContainer - [K3S] [reconciler_common.go:299] "Volume detached for volume \"kube-api-access-q9h74\" (UniqueName: \"kubernetes.io/projected/960cd2df-0e57-472e-9609-19188a0627e1-kube-api-access-q9h74\") on node \"05c9130ab25d\" DevicePath \"\""
2025-01-28 21:21:57,978 INFO c.h.h.t.HelmChartContainer - [K3S] [replica_set.go:679] "Finished syncing" kind="ReplicaSet" key="helmextensionlicensesit-operator/hivemq-test-hivemq-platform-operator-6966f96d65" duration="43.712µs"
2025-01-28 21:21:57,978 INFO c.h.h.t.HelmChartContainer - [POD] hivemq-test-hivemq-platform-operator-6966f96d65-rpmk8 [960cd2df-0e57-472e-9609-19188a0627e1] in helmextensionlicensesit-operator was MODIFIED
2025-01-28 21:21:57,980 INFO c.h.h.t.HelmChartContainer - [POD] hivemq-test-hivemq-platform-operator-6966f96d65-rpmk8 [960cd2df-0e57-472e-9609-19188a0627e1] in helmextensionlicensesit-operator was DELETED
2025-01-28 21:21:57,981 INFO c.h.h.t.HelmChartContainer - [K3S] [replica_set.go:679] "Finished syncing" kind="ReplicaSet" key="helmextensionlicensesit-operator/hivemq-test-hivemq-platform-operator-6966f96d65" duration="31.189µs"
2025-01-28 21:21:57,990 INFO c.h.h.t.HelmChartContainer - [K3S] [replica_set.go:679] "Finished syncing" kind="ReplicaSet" key="helmextensionlicensesit-operator/hivemq-test-hivemq-platform-operator-6966f96d65" duration="6.522µs"
2025-01-28 21:21:58,159 INFO c.h.h.t.HelmChartContainer - [K3S] [kubelet_volumes.go:163] "Cleaned up orphaned pod volumes dir" podUID="2ad4153a-7db5-4d30-ac16-3539347fb8bc" path="/var/lib/kubelet/pods/2ad4153a-7db5-4d30-ac16-3539347fb8bc/volumes"
2025-01-28 21:21:58,160 INFO c.h.h.t.HelmChartContainer - [K3S] [kubelet_volumes.go:163] "Cleaned up orphaned pod volumes dir" podUID="960cd2df-0e57-472e-9609-19188a0627e1" path="/var/lib/kubelet/pods/960cd2df-0e57-472e-9609-19188a0627e1/volumes"
2025-01-28 21:21:59,047 INFO c.h.h.t.HelmChartContainer - Deleting namespace 'helmextensionlicensesit-operator'...
2025-01-28 21:22:01,815 INFO c.h.h.t.HelmChartContainer - [K3S] [namespace_controller.go:187] "Namespace has been deleted" namespace="helmextensionlicensesit"
2025-01-28 21:22:04,264 INFO c.h.h.t.HelmChartContainer - Namespace 'helmextensionlicensesit-operator' deleted
2025-01-28 21:22:04,264 INFO c.h.h.t.HelmChartContainer - Release 'test-hivemq-platform-operator' in namespace 'helmextensionlicensesit-operator' is uninstalled
2025-01-28 21:22:04,999 INFO c.h.helmcharts.AbstractHelmChartIT - Removed unused containers:

2025-01-28 21:22:09,183 INFO c.h.h.t.HelmChartContainer - [K3S] [namespace_controller.go:187] "Namespace has been deleted" namespace="helmextensionlicensesit-operator"
2025-01-28 21:22:12,707 INFO c.h.helmcharts.AbstractHelmChartIT - Removed unused snapshots:
Removing snapshot sha256:03af251906410714c5aef9fa705b63f6bbc39c4a5e787de7361eeb18886c2ed2
Removing snapshot sha256:0c46b3b43cce082ce5ec34ffc6c294e0417d17b9d1e6f366d114b6aadc4f96dc
Removing snapshot sha256:0ce761beee59082d6ed5bcebd3a805b8ddd9b3426b617e4809e7fb7c6587ffec
Removing snapshot sha256:0df91287303208332c8ff6ba40ae4710105201739addbfbddfb955f1ad593664
Removing snapshot sha256:1021ef88c7974bfff89c5a0ec4fd3160daac6c48a075f74cff721f85dd104e68
Removing snapshot sha256:10aba4953ddc18145dd38e3704709bc464aa20af60b56fe52caaff4b68411e62
Removing snapshot sha256:2573e0d8158209ed54ab25c87bcdcb00bd3d2539246960a3d592a1c599d70465
Removing snapshot sha256:2877c0aec8f13ed36533f55c7c9569b4e152a0032627c09ecc6e34c0c78f4d8c
Removing snapshot sha256:362a8a37f8bbc31925a8146adcf7cf51f9882f5c1dcbef67c5baa03a297543c0
Removing snapshot sha256:3fa4ad33f0ddc8fd45b39b6b4640f82a3a83619606cd975bfe89d8710ad2d4cd
Removing snapshot sha256:43a7c979bbaba6838bc3102d6b10a1459f3ab050b87ccdfef84ef90cf43d3058
Removing snapshot sha256:4ab04491cdf0d3267f08206fe30bd48f49f94b9cab2f016d6739220f722a64af
Removing snapshot sha256:4b6068250e89c96f263060261819c7d912855bfbd64b3eb4c4a8483299b8c295
Removing snapshot sha256:580e69a0a8034ede1921139bbd2bfb72a69ebf276d008281896c32dd8bf74775
Removing snapshot sha256:5d30ba46b27fe37484567ccc5242cadc78217b8da605f3f195ef25cbf7487904
Removing snapshot sha256:63ca1fbb43ae5034640e5e6cb3e083e05c290072c5366fcaa9d62435a4cced85
Removing snapshot sha256:67f702c6baae873bceb19487c8b1f27bd2b86077e4f2f0e480e6d60ab508b8f5
Removing snapshot sha256:6864348dd42806d552efdec384f1274be15e2d0c10ce44c1f04347af004c10a9
Removing snapshot sha256:6c7dee8f2c39b84b7dc2711c01d33de93514d9055499173e9290176fbe484b6c
Removing snapshot sha256:82753493a6d61ded36556292f02f31841a14c20d2f279f19eaad65afb661d5cd
Removing snapshot sha256:8a10d3db42c505ee0fcfa98417bdd7e39b304f6bcc0a06bb1b220797ff2cc63c
Removing snapshot sha256:9621fb639eaac4ec66933af332f16660ffbaae9dc2a158709ee61410e89a70cf
Removing snapshot sha256:a21e5b12dbac529ad45d976eb9ce45c881f3bedcc500fb30aba1e52aa1813418
Removing snapshot sha256:b921e6c28969094157f9b8e7244677780319637afd14450b7cb6b2fdea558a0c
Removing snapshot sha256:bc27ecb5769a00e309cf99ebc763c4a4b958b618d1decc96ffac5bc05f02f5b7
Removing snapshot sha256:be3ccb6627a5332e309d45ef461d09b4879dd870c7394d89323d0ebc6ca6aa8a
Removing snapshot sha256:c261f7cbbc64211ee175ee47273acdb7b1a36a4450b397a064a8f2c026490095
Removing snapshot sha256:c34d9393647eea0c9e3557ab988efaf59f61d10a2a5613b439ef0958cca5ec10
Removing snapshot sha256:ccf3c4a0fa967a41c1c83497a2ce6fa5787965859df0adb32c4ca2cf7490bc2b
Removing snapshot sha256:cf92d33f869417309692088c341cd0f223c178ea78a125f757317b22aa8f90e9
Removing snapshot sha256:d0037344cf2fb078884f1849f6a1f8cf9a33a3b6139b6a85833e5ee528e1f9a8
Removing snapshot sha256:d3b36d5b79273b1e98e7700470eaeff05a882e777124d84cebcc1505b85ecb36
Removing snapshot sha256:d65a44a37914602d12c611e5e22a50f11451d847e63015cc1c2aef92dee777a4
Removing snapshot sha256:e2dc0bae2455930f23ae570e019b7f32edc75c0f2d71cab084db837ff9051796
Removing snapshot sha256:eccbd24a99c60cd9e86ee5305dbfc4a4dc89f5ab4fb1f06c8d64797cecedef34
Removing snapshot sha256:f144bb4c7c7f0d2aa7eeffd36d934ec40db1ee167be727e326aad9fdc616f475

]]></system-out>
  </testcase>
  <testcase name="withExistingExtensionLicenseSecret_statefulSetWithLicenseSecretMounted()" classname="com.hivemq.helmcharts.license.HelmExtensionLicensesIT" time="105.202">
    <system-out><![CDATA[2025-01-28 21:22:12,709 INFO c.h.h.t.HelmChartContainer - Creating namespace 'helmextensionlicensesit-operator'...
2025-01-28 21:22:12,715 INFO c.h.h.t.HelmChartContainer - Namespace 'helmextensionlicensesit-operator' created
2025-01-28 21:22:12,715 INFO c.h.h.t.HelmChartContainer - Creating namespace 'helmextensionlicensesit'...
2025-01-28 21:22:12,722 INFO c.h.h.t.HelmChartContainer - Namespace 'helmextensionlicensesit' created
2025-01-28 21:22:12,803 DEBUG c.h.h.t.HelmChartContainer - Executing helm command: /bin/helm --kubeconfig /etc/rancher/k3s/k3s.yaml install test-hivemq-platform-operator /charts/hivemq-platform-operator --wait --timeout 5m0s --set image.repository=docker.io/hivemq --set image.name=hivemq-platform-operator-test --set image.initImageName=hivemq-platform-operator-init-test --set image.tag=snapshot --set image.pullPolicy=Never --set logLevel=DEBUG --set resources.cpu=512m --namespace helmextensionlicensesit-operator
2025-01-28 21:22:13,127 INFO c.h.h.t.HelmChartContainer - [K3S] [alloc.go:330] "allocated clusterIPs" service="helmextensionlicensesit-operator/hivemq-platform-operator-test-hivemq-platform-operator" clusterIPs={"IPv4":"10.43.90.81"}
2025-01-28 21:22:13,145 INFO c.h.h.t.HelmChartContainer - [EVENT] Normal [ScalingReplicaSet] Scaled up replica set hivemq-test-hivemq-platform-operator-6966f96d65 from 0 to 1 [helmextensionlicensesit-operator:hivemq-test-hivemq-platform-operator]
2025-01-28 21:22:13,149 INFO c.h.h.t.HelmChartContainer - [POD] hivemq-test-hivemq-platform-operator-6966f96d65-4xqtq [05f7a4c8-57f9-4fa2-af20-73ca8999bc85] in helmextensionlicensesit-operator was ADDED
2025-01-28 21:22:13,158 INFO c.h.h.t.HelmChartContainer - [K3S] [replica_set.go:679] "Finished syncing" kind="ReplicaSet" key="helmextensionlicensesit-operator/hivemq-test-hivemq-platform-operator-6966f96d65" duration="18.112809ms"
2025-01-28 21:22:13,161 INFO c.h.h.t.HelmChartContainer - [POD] hivemq-test-hivemq-platform-operator-6966f96d65-4xqtq [05f7a4c8-57f9-4fa2-af20-73ca8999bc85] in helmextensionlicensesit-operator was MODIFIED
2025-01-28 21:22:13,163 INFO c.h.h.t.HelmChartContainer - [EVENT] Normal [SuccessfulCreate] Created pod: hivemq-test-hivemq-platform-operator-6966f96d65-4xqtq [helmextensionlicensesit-operator:hivemq-test-hivemq-platform-operator-6966f96d65]
2025-01-28 21:22:13,164 INFO c.h.h.t.HelmChartContainer - [K3S] [memory_manager.go:355] "RemoveStaleState removing state" podUID="960cd2df-0e57-472e-9609-19188a0627e1" containerName="hivemq-platform-operator"
2025-01-28 21:22:13,164 INFO c.h.h.t.HelmChartContainer - [K3S] [memory_manager.go:355] "RemoveStaleState removing state" podUID="2ad4153a-7db5-4d30-ac16-3539347fb8bc" containerName="hivemq"
2025-01-28 21:22:13,167 INFO c.h.h.t.HelmChartContainer - [EVENT] Normal [Scheduled] Successfully assigned helmextensionlicensesit-operator/hivemq-test-hivemq-platform-operator-6966f96d65-4xqtq to 05c9130ab25d [helmextensionlicensesit-operator:hivemq-test-hivemq-platform-operator-6966f96d65-4xqtq]
2025-01-28 21:22:13,177 INFO c.h.h.t.HelmChartContainer - [POD] hivemq-test-hivemq-platform-operator-6966f96d65-4xqtq [05f7a4c8-57f9-4fa2-af20-73ca8999bc85] in helmextensionlicensesit-operator was MODIFIED
2025-01-28 21:22:13,183 INFO c.h.h.t.HelmChartContainer - [K3S] [replica_set.go:679] "Finished syncing" kind="ReplicaSet" key="helmextensionlicensesit-operator/hivemq-test-hivemq-platform-operator-6966f96d65" duration="25.349454ms"
2025-01-28 21:22:13,198 INFO c.h.h.t.HelmChartContainer - [K3S] [replica_set.go:679] "Finished syncing" kind="ReplicaSet" key="helmextensionlicensesit-operator/hivemq-test-hivemq-platform-operator-6966f96d65" duration="14.275462ms"
2025-01-28 21:22:13,198 INFO c.h.h.t.HelmChartContainer - [K3S] [replica_set.go:679] "Finished syncing" kind="ReplicaSet" key="helmextensionlicensesit-operator/hivemq-test-hivemq-platform-operator-6966f96d65" duration="25.368µs"
2025-01-28 21:22:13,307 INFO c.h.h.t.HelmChartContainer - [K3S] [reconciler_common.go:251] "operationExecutor.VerifyControllerAttachedVolume started for volume \"kube-api-access-flnsc\" (UniqueName: \"kubernetes.io/projected/05f7a4c8-57f9-4fa2-af20-73ca8999bc85-kube-api-access-flnsc\") pod \"hivemq-test-hivemq-platform-operator-6966f96d65-4xqtq\" (UID: \"05f7a4c8-57f9-4fa2-af20-73ca8999bc85\") " pod="helmextensionlicensesit-operator/hivemq-test-hivemq-platform-operator-6966f96d65-4xqtq"
2025-01-28 21:22:13,561 INFO c.h.h.t.HelmChartContainer - [EVENT] Normal [Pulled] Container image "docker.io/hivemq/hivemq-platform-operator-test:snapshot" already present on machine [helmextensionlicensesit-operator:hivemq-test-hivemq-platform-operator-6966f96d65-4xqtq]
2025-01-28 21:22:13,561 INFO c.h.h.t.HelmChartContainer - Received Pulled event for container hivemq-platform-operator in pod hivemq-test-hivemq-platform-operator-6966f96d65-4xqtq [05f7a4c8-57f9-4fa2-af20-73ca8999bc85]
2025-01-28 21:22:14,869 INFO c.h.h.t.HelmChartContainer - [EVENT] Normal [Created] Created container: hivemq-platform-operator [helmextensionlicensesit-operator:hivemq-test-hivemq-platform-operator-6966f96d65-4xqtq]
2025-01-28 21:22:14,869 INFO c.h.h.t.HelmChartContainer - Received Created event for container hivemq-platform-operator in pod hivemq-test-hivemq-platform-operator-6966f96d65-4xqtq [05f7a4c8-57f9-4fa2-af20-73ca8999bc85]
2025-01-28 21:22:15,708 INFO c.h.h.t.HelmChartContainer - [K3S] [replica_set.go:679] "Finished syncing" kind="ReplicaSet" key="helmextensionlicensesit-operator/hivemq-test-hivemq-platform-operator-6966f96d65" duration="41.848µs"
2025-01-28 21:22:15,710 INFO c.h.h.t.HelmChartContainer - [POD] hivemq-test-hivemq-platform-operator-6966f96d65-4xqtq [05f7a4c8-57f9-4fa2-af20-73ca8999bc85] in helmextensionlicensesit-operator was MODIFIED
2025-01-28 21:22:15,720 INFO c.h.h.t.HelmChartContainer - Started log watcher for hivemq-platform-operator in pod hivemq-test-hivemq-platform-operator-6966f96d65-4xqtq [05f7a4c8-57f9-4fa2-af20-73ca8999bc85]
2025-01-28 21:22:15,720 INFO c.h.h.t.HelmChartContainer - [hivemq-test-hivemq-platform] [hivemq-platform-operator] [05f7a4c8] -------------------------------------------------------------------------
2025-01-28 21:22:15,720 INFO c.h.h.t.HelmChartContainer - [hivemq-test-hivemq-platform] [hivemq-platform-operator] [05f7a4c8] 
2025-01-28 21:22:15,720 INFO c.h.h.t.HelmChartContainer - [hivemq-test-hivemq-platform] [hivemq-platform-operator] [05f7a4c8]                   _    _  _              __  __   ____
2025-01-28 21:22:15,720 INFO c.h.h.t.HelmChartContainer - [hivemq-test-hivemq-platform] [hivemq-platform-operator] [05f7a4c8]                  | |  | |(_)            |  \/  | / __ \
2025-01-28 21:22:15,720 INFO c.h.h.t.HelmChartContainer - [hivemq-test-hivemq-platform] [hivemq-platform-operator] [05f7a4c8]                  | |__| | _ __   __ ___ | \  / || |  | |
2025-01-28 21:22:15,720 INFO c.h.h.t.HelmChartContainer - [hivemq-test-hivemq-platform] [hivemq-platform-operator] [05f7a4c8]                  |  __  || |\ \ / // _ \| |\/| || |  | |
2025-01-28 21:22:15,720 INFO c.h.h.t.HelmChartContainer - [hivemq-test-hivemq-platform] [hivemq-platform-operator] [05f7a4c8]                  | |  | || | \ V /|  __/| |  | || |__| |
2025-01-28 21:22:15,720 INFO c.h.h.t.HelmChartContainer - [hivemq-test-hivemq-platform] [hivemq-platform-operator] [05f7a4c8]                  |_|  |_||_|  \_/  \___||_|  |_| \___\_\
2025-01-28 21:22:15,720 INFO c.h.h.t.HelmChartContainer - [hivemq-test-hivemq-platform] [hivemq-platform-operator] [05f7a4c8] 
2025-01-28 21:22:15,720 INFO c.h.h.t.HelmChartContainer - [hivemq-test-hivemq-platform] [hivemq-platform-operator] [05f7a4c8] -------------------------------------------------------------------------
2025-01-28 21:22:15,720 INFO c.h.h.t.HelmChartContainer - [hivemq-test-hivemq-platform] [hivemq-platform-operator] [05f7a4c8] 
2025-01-28 21:22:15,720 INFO c.h.h.t.HelmChartContainer - [hivemq-test-hivemq-platform] [hivemq-platform-operator] [05f7a4c8]   HiveMQ Platform Operator Start Script v1.0
2025-01-28 21:22:15,720 INFO c.h.h.t.HelmChartContainer - [hivemq-test-hivemq-platform] [hivemq-platform-operator] [05f7a4c8] 
2025-01-28 21:22:15,720 INFO c.h.h.t.HelmChartContainer - [hivemq-test-hivemq-platform] [hivemq-platform-operator] [05f7a4c8] -------------------------------------------------------------------------
2025-01-28 21:22:15,720 INFO c.h.h.t.HelmChartContainer - [hivemq-test-hivemq-platform] [hivemq-platform-operator] [05f7a4c8] 
2025-01-28 21:22:15,720 INFO c.h.h.t.HelmChartContainer - [hivemq-test-hivemq-platform] [hivemq-platform-operator] [05f7a4c8]   JAVA_OPTS: -XX:+UnlockExperimentalVMOptions -XX:InitialRAMPercentage=75 -XX:MaxRAMPercentage=75 -Duser.language=en -Duser.region=US
2025-01-28 21:22:15,720 INFO c.h.h.t.HelmChartContainer - [hivemq-test-hivemq-platform] [hivemq-platform-operator] [05f7a4c8] 
2025-01-28 21:22:15,720 INFO c.h.h.t.HelmChartContainer - [hivemq-test-hivemq-platform] [hivemq-platform-operator] [05f7a4c8]   JAVA_VERSION: 21
2025-01-28 21:22:15,720 INFO c.h.h.t.HelmChartContainer - [hivemq-test-hivemq-platform] [hivemq-platform-operator] [05f7a4c8] 
2025-01-28 21:22:15,720 INFO c.h.h.t.HelmChartContainer - [hivemq-test-hivemq-platform] [hivemq-platform-operator] [05f7a4c8] -------------------------------------------------------------------------
2025-01-28 21:22:15,720 INFO c.h.h.t.HelmChartContainer - [hivemq-test-hivemq-platform] [hivemq-platform-operator] [05f7a4c8] 
2025-01-28 21:22:15,720 INFO c.h.h.t.HelmChartContainer - [EVENT] Normal [Started] Started container hivemq-platform-operator [helmextensionlicensesit-operator:hivemq-test-hivemq-platform-operator-6966f96d65-4xqtq]
2025-01-28 21:22:15,720 INFO c.h.h.t.HelmChartContainer - Received Started event for container hivemq-platform-operator in pod hivemq-test-hivemq-platform-operator-6966f96d65-4xqtq [05f7a4c8-57f9-4fa2-af20-73ca8999bc85]
2025-01-28 21:22:18,083 INFO c.h.h.t.HelmChartContainer - [hivemq-test-hivemq-platform] [hivemq-platform-operator] [05f7a4c8] 21:22:18.080 [main] DEBUG org.jboss.logging - Logging Provider: org.jboss.logging.Slf4jLoggerProvider
2025-01-28 21:22:18,191 INFO c.h.h.t.HelmChartContainer - [hivemq-test-hivemq-platform] [hivemq-platform-operator] [05f7a4c8] 21:22:18.190 [main] DEBUG io.smallrye.config - SRCFG01006: Loaded ConfigSource SysPropConfigSource with ordinal 400
2025-01-28 21:22:18,191 INFO c.h.h.t.HelmChartContainer - [hivemq-test-hivemq-platform] [hivemq-platform-operator] [05f7a4c8] 21:22:18.190 [main] DEBUG io.smallrye.config - SRCFG01006: Loaded ConfigSource EnvConfigSource with ordinal 300
2025-01-28 21:22:18,191 INFO c.h.h.t.HelmChartContainer - [hivemq-test-hivemq-platform] [hivemq-platform-operator] [05f7a4c8] 21:22:18.190 [main] DEBUG io.smallrye.config - SRCFG01006: Loaded ConfigSource PropertiesConfigSource[source=jar:file:///opt/hivemq-platform-operator/bin/hivemq-platform-operator.jar!/hivemq-platform-operator.properties] with ordinal 100
2025-01-28 21:22:18,191 INFO c.h.h.t.HelmChartContainer - [hivemq-test-hivemq-platform] [hivemq-platform-operator] [05f7a4c8] 21:22:18.190 [main] DEBUG io.smallrye.config - SRCFG01006: Loaded ConfigSource DefaultValuesConfigSource with ordinal -2147483648
2025-01-28 21:22:18,298 INFO c.h.h.t.HelmChartContainer - [hivemq-test-hivemq-platform] [hivemq-platform-operator] [05f7a4c8] 21:22:18.297 [main] DEBUG i.m.c.u.i.l.InternalLoggerFactory - Using SLF4J as the default logging framework
2025-01-28 21:22:18,479 INFO c.h.h.t.HelmChartContainer - [hivemq-test-hivemq-platform] [hivemq-platform-operator] [05f7a4c8] 21:22:18.473 [main] INFO  c.h.p.o.HiveMQPlatformOperatorApplication - HiveMQ Platform Operator 1.7.0-SNAPSHOT (commit: bebf408 on branch: HEAD) built on Sun Jan 26 20:47:47 UTC 2025
2025-01-28 21:22:18,480 INFO c.h.h.t.HelmChartContainer - [hivemq-test-hivemq-platform] [hivemq-platform-operator] [05f7a4c8] 21:22:18.479 [main] INFO  c.h.p.o.HiveMQPlatformOperatorApplication - HiveMQ Platform Operator is running in namespace: helmextensionlicensesit-operator
2025-01-28 21:22:18,481 INFO c.h.h.t.HelmChartContainer - [hivemq-test-hivemq-platform] [hivemq-platform-operator] [05f7a4c8] 21:22:18.479 [main] INFO  c.h.p.o.HiveMQPlatformOperatorApplication - Watching all namespaces
2025-01-28 21:22:18,481 INFO c.h.h.t.HelmChartContainer - [hivemq-test-hivemq-platform] [hivemq-platform-operator] [05f7a4c8] 21:22:18.479 [main] INFO  c.h.p.o.HiveMQPlatformOperatorApplication - Log level: DEBUG
2025-01-28 21:22:18,482 INFO c.h.h.t.HelmChartContainer - [hivemq-test-hivemq-platform] [hivemq-platform-operator] [05f7a4c8] 21:22:18.479 [main] INFO  c.h.p.o.HiveMQPlatformOperatorApplication - Release name: test-hivemq-platform-operator
2025-01-28 21:22:18,482 INFO c.h.h.t.HelmChartContainer - [hivemq-test-hivemq-platform] [hivemq-platform-operator] [05f7a4c8] 21:22:18.479 [main] INFO  c.h.p.o.HiveMQPlatformOperatorApplication - HiveMQ Platform Operator Init image: docker.io/hivemq/hivemq-platform-operator-init-test:snapshot
2025-01-28 21:22:18,482 INFO c.h.h.t.HelmChartContainer - [hivemq-test-hivemq-platform] [hivemq-platform-operator] [05f7a4c8] 21:22:18.479 [main] INFO  c.h.p.o.HiveMQPlatformOperatorApplication - HiveMQ Platform Operator Init App update URL: http://hivemq-platform-operator-test-hivemq-platform-operator.helmextensionlicensesit-operator.svc:8080/initAppUpdate/hivemq-platform-operator-init-app-1.7.0-SNAPSHOT.jar
2025-01-28 21:22:18,482 INFO c.h.h.t.HelmChartContainer - [hivemq-test-hivemq-platform] [hivemq-platform-operator] [05f7a4c8] 21:22:18.479 [main] INFO  c.h.p.o.HiveMQPlatformOperatorApplication - Additional imagePullSecret for all Platform deployments: none
2025-01-28 21:22:18,482 INFO c.h.h.t.HelmChartContainer - [hivemq-test-hivemq-platform] [hivemq-platform-operator] [05f7a4c8] 21:22:18.479 [main] INFO  c.h.p.o.HiveMQPlatformOperatorApplication - Apply HiveMQ Platform CRD: true
2025-01-28 21:22:18,482 INFO c.h.h.t.HelmChartContainer - [hivemq-test-hivemq-platform] [hivemq-platform-operator] [05f7a4c8] 21:22:18.479 [main] INFO  c.h.p.o.HiveMQPlatformOperatorApplication - Create Platform ServiceAccount: true
2025-01-28 21:22:18,482 INFO c.h.h.t.HelmChartContainer - [hivemq-test-hivemq-platform] [hivemq-platform-operator] [05f7a4c8] 21:22:18.479 [main] INFO  c.h.p.o.HiveMQPlatformOperatorApplication - Create Platform ServiceAccount permissions: true
2025-01-28 21:22:18,482 INFO c.h.h.t.HelmChartContainer - [hivemq-test-hivemq-platform] [hivemq-platform-operator] [05f7a4c8] 21:22:18.479 [main] INFO  c.h.p.o.HiveMQPlatformOperatorApplication - Validate Platform ServiceAccount: true
2025-01-28 21:22:18,482 INFO c.h.h.t.HelmChartContainer - [hivemq-test-hivemq-platform] [hivemq-platform-operator] [05f7a4c8] 21:22:18.479 [main] INFO  c.h.p.o.HiveMQPlatformOperatorApplication - Validate Platform ServiceAccount permissions: true
2025-01-28 21:22:18,496 INFO c.h.h.t.HelmChartContainer - [hivemq-test-hivemq-platform] [hivemq-platform-operator] [05f7a4c8] 21:22:18.495 [main] INFO  c.h.platform.operator.util.CRDUtil - Verifying deployed HiveMQ Platform CRD...
2025-01-28 21:22:21,080 INFO c.h.h.t.HelmChartContainer - [hivemq-test-hivemq-platform] [hivemq-platform-operator] [05f7a4c8] 21:22:21.078 [main] DEBUG c.h.platform.operator.util.CRDUtil - HiveMQ Platform CRD version v1 is up to date
2025-01-28 21:22:21,081 INFO c.h.h.t.HelmChartContainer - [hivemq-test-hivemq-platform] [hivemq-platform-operator] [05f7a4c8] 21:22:21.078 [main] INFO  c.h.platform.operator.util.CRDUtil - HiveMQ Platform CRD is up to date (version: V1_6_0)
2025-01-28 21:22:21,081 INFO c.h.h.t.HelmChartContainer - [hivemq-test-hivemq-platform] [hivemq-platform-operator] [05f7a4c8] 21:22:21.078 [main] INFO  c.h.platform.operator.util.CRDUtil - Waiting 10000 ms for HiveMQ Platform CRD 'hivemq-platforms.hivemq.com' to become ready...
2025-01-28 21:22:21,387 INFO c.h.h.t.HelmChartContainer - [hivemq-test-hivemq-platform] [hivemq-platform-operator] [05f7a4c8] 21:22:21.385 [vert.x-eventloop-thread-1] DEBUG c.h.platform.operator.util.CRDUtil - Checking CRD condition 'NamesAccepted' (status: 'True')
2025-01-28 21:22:21,387 INFO c.h.h.t.HelmChartContainer - [hivemq-test-hivemq-platform] [hivemq-platform-operator] [05f7a4c8] 21:22:21.386 [vert.x-eventloop-thread-1] DEBUG c.h.platform.operator.util.CRDUtil - Checking CRD condition 'Established' (status: 'True')
2025-01-28 21:22:21,387 INFO c.h.h.t.HelmChartContainer - [hivemq-test-hivemq-platform] [hivemq-platform-operator] [05f7a4c8] 21:22:21.386 [main] INFO  c.h.platform.operator.util.CRDUtil - HiveMQ Platform CRD 'hivemq-platforms.hivemq.com' is ready
2025-01-28 21:22:21,583 INFO c.h.h.t.HelmChartContainer - [hivemq-test-hivemq-platform] [hivemq-platform-operator] [05f7a4c8] 21:22:21.582 [main] INFO  c.h.p.o.HiveMQPlatformReconciler - HiveMQ Platform Operator is starting...
2025-01-28 21:22:21,685 INFO c.h.h.t.HelmChartContainer - [hivemq-test-hivemq-platform] [hivemq-platform-operator] [05f7a4c8] 21:22:21.684 [main] WARN  Default ConfigurationService implementation - Configuration for reconciler 'hivemq-controller' was not found. Known reconcilers: None.
2025-01-28 21:22:21,693 INFO c.h.h.t.HelmChartContainer - [hivemq-test-hivemq-platform] [hivemq-platform-operator] [05f7a4c8] 21:22:21.692 [main] INFO  Default ConfigurationService implementation - Created configuration for reconciler com.hivemq.platform.operator.HiveMQPlatformReconciler with name hivemq-controller
2025-01-28 21:22:21,871 INFO c.h.h.t.HelmChartContainer - [hivemq-test-hivemq-platform] [hivemq-platform-operator] [05f7a4c8] 21:22:21.869 [main] DEBUG c.h.p.o.HiveMQPlatformReconciler - HiveMQ Platform Operator is preparing EventSources
2025-01-28 21:22:21,883 INFO c.h.h.t.HelmChartContainer - [hivemq-test-hivemq-platform] [hivemq-platform-operator] [05f7a4c8] 21:22:21.882 [main] INFO  i.javaoperatorsdk.operator.Operator - Registered reconciler: 'hivemq-controller' for resource: 'class com.hivemq.platform.operator.v1.HiveMQPlatform' for namespace(s): [all namespaces]
2025-01-28 21:22:22,486 INFO c.h.h.t.HelmChartContainer - [hivemq-test-hivemq-platform] [hivemq-platform-operator] [05f7a4c8] 21:22:22.485 [main] INFO  c.h.p.operator.webserver.JettyServer - Starting Jetty server on port 8080
2025-01-28 21:22:22,583 INFO c.h.h.t.HelmChartContainer - [hivemq-test-hivemq-platform] [hivemq-platform-operator] [05f7a4c8] 21:22:22.582 [main] INFO  i.javaoperatorsdk.operator.Operator - Operator SDK 4.9.7 (commit: 2133d28) built on Wed Nov 20 12:56:20 UTC 2024 starting...
2025-01-28 21:22:22,583 INFO c.h.h.t.HelmChartContainer - [hivemq-test-hivemq-platform] [hivemq-platform-operator] [05f7a4c8] 21:22:22.582 [main] INFO  i.javaoperatorsdk.operator.Operator - Client version: 6.13.4
2025-01-28 21:22:22,585 INFO c.h.h.t.HelmChartContainer - [hivemq-test-hivemq-platform] [hivemq-platform-operator] [05f7a4c8] 21:22:22.584 [Controller Starter for: hivemq-controller] INFO  i.j.operator.processing.Controller - Starting 'hivemq-controller' controller for reconciler: com.hivemq.platform.operator.HiveMQPlatformReconciler, resource: com.hivemq.platform.operator.v1.HiveMQPlatform
2025-01-28 21:22:24,982 INFO c.h.h.t.HelmChartContainer - [hivemq-test-hivemq-platform] [hivemq-platform-operator] [05f7a4c8] 21:22:24.981 [Controller Starter for: hivemq-controller] INFO  i.j.operator.processing.Controller - 'hivemq-controller' controller started
2025-01-28 21:22:24,983 INFO c.h.h.t.HelmChartContainer - [hivemq-test-hivemq-platform] [hivemq-platform-operator] [05f7a4c8] 21:22:24.982 [main] INFO  c.h.p.o.HiveMQPlatformOperatorApplication - HiveMQ Platform Operator 1.7.0-SNAPSHOT started in 6509 ms
2025-01-28 21:22:26,715 INFO c.h.h.t.HelmChartContainer - [POD] hivemq-test-hivemq-platform-operator-6966f96d65-4xqtq [05f7a4c8-57f9-4fa2-af20-73ca8999bc85] in helmextensionlicensesit-operator was MODIFIED
2025-01-28 21:22:26,725 INFO c.h.h.t.HelmChartContainer - [K3S] [replica_set.go:679] "Finished syncing" kind="ReplicaSet" key="helmextensionlicensesit-operator/hivemq-test-hivemq-platform-operator-6966f96d65" duration="10.849045ms"
2025-01-28 21:22:26,725 INFO c.h.h.t.HelmChartContainer - [K3S] [replica_set.go:679] "Finished syncing" kind="ReplicaSet" key="helmextensionlicensesit-operator/hivemq-test-hivemq-platform-operator-6966f96d65" duration="61.796µs"
2025-01-28 21:22:27,206 INFO c.h.h.testcontainer.LogWaiterUtil - TEST Waiting for log pattern on 'test-hivemq-platform-0': .*Extension "HiveMQ Enterprise Distributed Tracing Extension" version .* started successfully.
2025-01-28 21:22:27,206 INFO c.h.h.testcontainer.LogWaiterUtil - TEST Waiting for log pattern on 'test-hivemq-platform-0': .*License file tracing.elic is corrupt.
2025-01-28 21:22:27,301 DEBUG c.h.h.t.HelmChartContainer - Executing helm command: /bin/helm --kubeconfig /etc/rancher/k3s/k3s.yaml install test-hivemq-platform /charts/hivemq-platform --wait --timeout 5m0s --set image.repository=docker.io/hivemq --set image.tag=4.36.0 --set image.pullPolicy=Never --set nodes.resources.cpu=512m -f /files/distributed-tracing-extension-values.yaml --set license.name=tracing-extension-secret-license --namespace helmextensionlicensesit
2025-01-28 21:22:27,677 INFO c.h.h.t.HelmChartContainer - [hivemq-test-hivemq-platform] [hivemq-platform-operator] [05f7a4c8] 21:22:27.676 [-373097727-pool-1-thread-1] WARN  i.m.p.PrometheusMeterRegistry - The meter (MeterId{name='operator.sdk.events.received', tags=[tag(action=ADDED),tag(event=ResourceEvent),tag(group=hivemq.com),tag(kind=HiveMQPlatform),tag(name=test-hivemq-platform),tag(namespace=helmextensionlicensesit),tag(scope=namespace),tag(version=v1)]}) registration has failed: Prometheus requires that all meters with the same name have the same set of tag keys. There is already an existing meter named 'operator.sdk.events.received' containing tag keys [event, group, kind, name, namespace, scope, version]. The meter you are attempting to register has keys [action, event, group, kind, name, namespace, scope, version]. Note that subsequent logs will be logged at debug level.
2025-01-28 21:22:28,182 INFO c.h.h.t.HelmChartContainer - [hivemq-test-hivemq-platform] [hivemq-platform-operator] [05f7a4c8] 21:22:28.179 [pool-6-thread-3] DEBUG c.h.p.o.dependants.PodInfoConfigMap - [helmexte] Desired PodInfo ConfigMap (1 extensions) (1 enabled)
2025-01-28 21:22:28,182 INFO c.h.h.t.HelmChartContainer - [hivemq-test-hivemq-platform] [hivemq-platform-operator] [05f7a4c8] 21:22:28.180 [pool-6-thread-3] DEBUG c.h.p.o.dependants.PodInfoConfigMap - [helmexte] Desired PodInfo ConfigMap (metrics port: 9399) (metrics path: /)
2025-01-28 21:22:28,182 INFO c.h.h.t.HelmChartContainer - [hivemq-test-hivemq-platform] [hivemq-platform-operator] [05f7a4c8] 21:22:28.180 [pool-6-thread-3] DEBUG c.h.p.o.dependants.PodInfoConfigMap - [helmexte] Desired PodInfo ConfigMap (extension state hash: -723943861)
2025-01-28 21:22:28,182 INFO c.h.h.t.HelmChartContainer - [hivemq-test-hivemq-platform] [hivemq-platform-operator] [05f7a4c8] 21:22:28.181 [pool-6-thread-3] DEBUG c.h.p.o.dependants.PodInfoConfigMap - [helmexte] Create PodInfo ConfigMap
2025-01-28 21:22:28,290 INFO c.h.h.t.HelmChartContainer - [hivemq-test-hivemq-platform] [hivemq-platform-operator] [05f7a4c8] 21:22:28.286 [pool-6-thread-5] DEBUG c.h.p.o.dependants.PodRoleResource - [helmexte] Create Role: Role(apiVersion=rbac.authorization.k8s.io/v1, kind=Role, metadata=ObjectMeta(annotations={meta.helm.sh/release-name=test-hivemq-platform, meta.helm.sh/release-namespace=helmextensionlicensesit}, creationTimestamp=null, deletionGracePeriodSeconds=null, deletionTimestamp=null, finalizers=[], generateName=null, generation=null, labels={helm.sh/chart=hivemq-platform-0.2.32, app.kubernetes.io/managed-by=Helm, app.kubernetes.io/name=hivemq-platform, hivemq-platform=test-hivemq-platform, app.kubernetes.io/instance=test-hivemq-platform, app.kubernetes.io/version=4.36.0}, managedFields=[], name=hivemq-platform-role-test-hivemq-platform, namespace=helmextensionlicensesit, ownerReferences=[OwnerReference(apiVersion=hivemq.com/v1, blockOwnerDeletion=null, controller=null, kind=HiveMQPlatform, name=test-hivemq-platform, uid=987cea29-01f4-4cb0-9b37-9a45ab597d07, additionalProperties={})], resourceVersion=null, selfLink=null, uid=null, additionalProperties={}), rules=[PolicyRule(apiGroups=[], nonResourceURLs=[], resourceNames=[], resources=[pods], verbs=[get, patch, update], additionalProperties={})], additionalProperties={})
2025-01-28 21:22:28,391 INFO c.h.h.t.HelmChartContainer - [hivemq-test-hivemq-platform] [hivemq-platform-operator] [05f7a4c8] 21:22:28.389 [pool-6-thread-7] DEBUG c.h.p.o.d.PodServiceAccountResource - [helmexte] Desired PodServiceAccountResource (serviceAccountName: hivemq-platform-pod-test-hivemq-platform)
2025-01-28 21:22:28,392 INFO c.h.h.t.HelmChartContainer - [hivemq-test-hivemq-platform] [hivemq-platform-operator] [05f7a4c8] 21:22:28.390 [pool-6-thread-7] DEBUG c.h.p.o.d.PodServiceAccountResource - [helmexte] Create ServiceAccount 'hivemq-platform-pod-test-hivemq-platform'
2025-01-28 21:22:28,578 INFO c.h.h.t.HelmChartContainer - [hivemq-test-hivemq-platform] [hivemq-platform-operator] [05f7a4c8] 21:22:28.577 [pool-6-thread-10] DEBUG c.h.p.o.d.PodRoleBindingResource - [helmexte] Create RoleBinding: RoleBinding(apiVersion=rbac.authorization.k8s.io/v1, kind=RoleBinding, metadata=ObjectMeta(annotations={meta.helm.sh/release-name=test-hivemq-platform, meta.helm.sh/release-namespace=helmextensionlicensesit}, creationTimestamp=null, deletionGracePeriodSeconds=null, deletionTimestamp=null, finalizers=[], generateName=null, generation=null, labels={helm.sh/chart=hivemq-platform-0.2.32, app.kubernetes.io/managed-by=Helm, app.kubernetes.io/name=hivemq-platform, hivemq-platform=test-hivemq-platform, app.kubernetes.io/instance=test-hivemq-platform, app.kubernetes.io/version=4.36.0}, managedFields=[], name=hivemq-platform-role-binding-test-hivemq-platform, namespace=helmextensionlicensesit, ownerReferences=[OwnerReference(apiVersion=hivemq.com/v1, blockOwnerDeletion=null, controller=null, kind=HiveMQPlatform, name=test-hivemq-platform, uid=987cea29-01f4-4cb0-9b37-9a45ab597d07, additionalProperties={})], resourceVersion=null, selfLink=null, uid=null, additionalProperties={}), roleRef=RoleRef(apiGroup=rbac.authorization.k8s.io, kind=Role, name=hivemq-platform-role-test-hivemq-platform, additionalProperties={}), subjects=[Subject(apiGroup=null, kind=ServiceAccount, name=hivemq-platform-pod-test-hivemq-platform, namespace=helmextensionlicensesit, additionalProperties={})], additionalProperties={})
2025-01-28 21:22:28,598 INFO c.h.h.t.HelmChartContainer - [hivemq-test-hivemq-platform] [hivemq-platform-operator] [05f7a4c8] 21:22:28.597 [ReconcilerExecutor-hivemq-controller-53] INFO  c.h.p.o.HiveMQPlatformReconciler - [helmexte] Reconciling HiveMQ Platform 'test-hivemq-platform' in namespace 'helmextensionlicensesit'
2025-01-28 21:22:28,598 INFO c.h.h.t.HelmChartContainer - [hivemq-test-hivemq-platform] [hivemq-platform-operator] [05f7a4c8] 21:22:28.597 [ReconcilerExecutor-hivemq-controller-53] DEBUG c.h.p.o.HiveMQPlatformReconciler - [helmexte] Custom Resource Status CREATED - HiveMQ Platform was created (READY)
2025-01-28 21:22:28,674 INFO c.h.h.t.HelmChartContainer - [hivemq-test-hivemq-platform] [hivemq-platform-operator] [05f7a4c8] 21:22:28.597 [ReconcilerExecutor-hivemq-controller-53] DEBUG c.h.p.o.HiveMQPlatformReconciler - [helmexte] Custom Resource Spec (replicas: 1) (extensions: 1)
2025-01-28 21:22:28,679 INFO c.h.h.t.HelmChartContainer - [hivemq-test-hivemq-platform] [hivemq-platform-operator] [05f7a4c8] 21:22:28.678 [ReconcilerExecutor-hivemq-controller-53] INFO  c.h.p.o.h.HiveMQPlatformReconcilerBaseHandler - [helmexte] HiveMQ Platform is starting
2025-01-28 21:22:28,789 INFO c.h.h.t.HelmChartContainer - [hivemq-test-hivemq-platform] [hivemq-platform-operator] [05f7a4c8] 21:22:28.788 [ReconcilerExecutor-hivemq-controller-53] DEBUG c.h.p.operator.event.EventSender - [helmexte] Creating K8s event hivemq-platform-starting: [Start] HiveMQ Platform is starting
2025-01-28 21:22:28,798 INFO c.h.h.t.HelmChartContainer - [EVENT] Normal [Start] HiveMQ Platform is starting [helmextensionlicensesit:test-hivemq-platform]
2025-01-28 21:22:28,801 INFO c.h.h.t.HelmChartContainer - [hivemq-test-hivemq-platform] [hivemq-platform-operator] [05f7a4c8] 21:22:28.801 [ReconcilerExecutor-hivemq-controller-53] INFO  c.h.p.o.h.AbstractHiveMQReconcilerStateHandler - [helmexte] Update HiveMQ Platform Status (CREATED [READY] -> STARTING [READY]): HiveMQ Platform is starting
2025-01-28 21:22:28,885 DEBUG com.hivemq.helmcharts.util.K8sUtil - Comparing actual state 'STARTING' and waiting for 'RUNNING'
2025-01-28 21:22:38,895 INFO c.h.h.t.HelmChartContainer - [hivemq-test-hivemq-platform] [hivemq-platform-operator] [05f7a4c8] 21:22:38.893 [pool-6-thread-12] DEBUG c.h.p.o.d.PlatformServiceResource - [helmexte] Desired Platform services (3 services)
2025-01-28 21:22:38,897 INFO c.h.h.t.HelmChartContainer - [hivemq-test-hivemq-platform] [hivemq-platform-operator] [05f7a4c8] 21:22:38.896 [pool-6-thread-13] DEBUG c.h.p.o.dependants.PodInfoConfigMap - [helmexte] Desired PodInfo ConfigMap (1 extensions) (1 enabled)
2025-01-28 21:22:38,897 INFO c.h.h.t.HelmChartContainer - [hivemq-test-hivemq-platform] [hivemq-platform-operator] [05f7a4c8] 21:22:38.896 [pool-6-thread-13] DEBUG c.h.p.o.dependants.PodInfoConfigMap - [helmexte] Desired PodInfo ConfigMap (metrics port: 9399) (metrics path: /)
2025-01-28 21:22:38,898 INFO c.h.h.t.HelmChartContainer - [hivemq-test-hivemq-platform] [hivemq-platform-operator] [05f7a4c8] 21:22:38.896 [pool-6-thread-13] DEBUG c.h.p.o.dependants.PodInfoConfigMap - [helmexte] Desired PodInfo ConfigMap (extension state hash: -723943861)
2025-01-28 21:22:38,903 INFO c.h.h.t.HelmChartContainer - [hivemq-test-hivemq-platform] [hivemq-platform-operator] [05f7a4c8] 21:22:38.901 [pool-6-thread-13] DEBUG c.h.p.o.dependants.PodInfoConfigMap - [helmexte] Update PodInfo ConfigMap
2025-01-28 21:22:38,903 INFO c.h.h.t.HelmChartContainer - [hivemq-test-hivemq-platform] [hivemq-platform-operator] [05f7a4c8] 21:22:38.902 [pool-6-thread-17] DEBUG c.h.p.o.d.PodServiceAccountResource - [helmexte] Desired PodServiceAccountResource (serviceAccountName: hivemq-platform-pod-test-hivemq-platform)
2025-01-28 21:22:38,989 INFO c.h.h.t.HelmChartContainer - [K3S] [alloc.go:330] "allocated clusterIPs" service="helmextensionlicensesit/hivemq-test-hivemq-platform-metrics-9399" clusterIPs={"IPv4":"10.43.150.214"}
2025-01-28 21:22:39,082 INFO c.h.h.t.HelmChartContainer - [K3S] [alloc.go:330] "allocated clusterIPs" service="helmextensionlicensesit/hivemq-test-hivemq-platform-cc-8080" clusterIPs={"IPv4":"10.43.153.11"}
2025-01-28 21:22:39,095 INFO c.h.h.t.HelmChartContainer - [K3S] [alloc.go:330] "allocated clusterIPs" service="helmextensionlicensesit/hivemq-test-hivemq-platform-mqtt-1883" clusterIPs={"IPv4":"10.43.115.17"}
2025-01-28 21:22:39,177 INFO c.h.h.t.HelmChartContainer - [hivemq-test-hivemq-platform] [hivemq-platform-operator] [05f7a4c8] 21:22:39.175 [pool-6-thread-20] DEBUG c.h.p.o.d.StatefulSetResource - [helmexte] Desired StatefulSet (1 replicas) for status STARTING (READY)
2025-01-28 21:22:39,190 INFO c.h.h.t.HelmChartContainer - [hivemq-test-hivemq-platform] [hivemq-platform-operator] [05f7a4c8] 21:22:39.189 [pool-6-thread-20] DEBUG c.h.p.o.d.StatefulSetResource - [helmexte] Create StatefulSet
2025-01-28 21:22:39,289 INFO c.h.h.t.HelmChartContainer - [hivemq-test-hivemq-platform] [hivemq-platform-operator] [05f7a4c8] 21:22:39.286 [ReconcilerExecutor-hivemq-controller-64] INFO  c.h.p.o.HiveMQPlatformReconciler - [helmexte] Reconciling HiveMQ Platform 'test-hivemq-platform' in namespace 'helmextensionlicensesit'
2025-01-28 21:22:39,291 INFO c.h.h.t.HelmChartContainer - [hivemq-test-hivemq-platform] [hivemq-platform-operator] [05f7a4c8] 21:22:39.286 [ReconcilerExecutor-hivemq-controller-64] DEBUG c.h.p.o.HiveMQPlatformReconciler - [helmexte] Custom Resource Status STARTING - HiveMQ Platform is starting (READY)
2025-01-28 21:22:39,291 INFO c.h.h.t.HelmChartContainer - [hivemq-test-hivemq-platform] [hivemq-platform-operator] [05f7a4c8] 21:22:39.286 [ReconcilerExecutor-hivemq-controller-64] DEBUG c.h.p.o.HiveMQPlatformReconciler - [helmexte] Custom Resource Spec (replicas: 1) (extensions: 1)
2025-01-28 21:22:39,299 INFO c.h.h.t.HelmChartContainer - [POD] test-hivemq-platform-0 [d052d8ac-7c53-4676-9588-796d539878e1] in helmextensionlicensesit was ADDED
2025-01-28 21:22:39,299 INFO c.h.h.t.HelmChartContainer - [EVENT] Normal [SuccessfulCreate] create Pod test-hivemq-platform-0 in StatefulSet test-hivemq-platform successful [helmextensionlicensesit:test-hivemq-platform]
2025-01-28 21:22:39,309 INFO c.h.h.t.HelmChartContainer - [POD] test-hivemq-platform-0 [d052d8ac-7c53-4676-9588-796d539878e1] in helmextensionlicensesit was MODIFIED
2025-01-28 21:22:39,350 INFO c.h.h.t.HelmChartContainer - [EVENT] Normal [Scheduled] Successfully assigned helmextensionlicensesit/test-hivemq-platform-0 to 05c9130ab25d [helmextensionlicensesit:test-hivemq-platform-0]
2025-01-28 21:22:39,359 INFO c.h.h.t.HelmChartContainer - [POD] test-hivemq-platform-0 [d052d8ac-7c53-4676-9588-796d539878e1] in helmextensionlicensesit was MODIFIED
2025-01-28 21:22:39,381 INFO c.h.h.t.HelmChartContainer - [hivemq-test-hivemq-platform] [hivemq-platform-operator] [05f7a4c8] 21:22:39.374 [ReconcilerExecutor-hivemq-controller-64] DEBUG c.h.p.o.HiveMQPlatformReconciler - [helmexte] StatefulSet Status (revision: null, replicas: 0, available: 0, ready: 0, current: 0, updated: 0)
2025-01-28 21:22:39,381 INFO c.h.h.t.HelmChartContainer - [hivemq-test-hivemq-platform] [hivemq-platform-operator] [05f7a4c8] 21:22:39.374 [ReconcilerExecutor-hivemq-controller-64] DEBUG c.h.p.o.HiveMQPlatformReconciler - [helmexte] StatefulSet Spec (replicas: 1, init containers: 1, containers: 1, volumes: 5)
2025-01-28 21:22:39,455 INFO c.h.h.t.HelmChartContainer - [K3S] [reconciler_common.go:251] "operationExecutor.VerifyControllerAttachedVolume started for volume \"licenses\" (UniqueName: \"kubernetes.io/secret/d052d8ac-7c53-4676-9588-796d539878e1-licenses\") pod \"test-hivemq-platform-0\" (UID: \"d052d8ac-7c53-4676-9588-796d539878e1\") " pod="helmextensionlicensesit/test-hivemq-platform-0"
2025-01-28 21:22:39,455 INFO c.h.h.t.HelmChartContainer - [K3S] [reconciler_common.go:251] "operationExecutor.VerifyControllerAttachedVolume started for volume \"pod-info\" (UniqueName: \"kubernetes.io/configmap/d052d8ac-7c53-4676-9588-796d539878e1-pod-info\") pod \"test-hivemq-platform-0\" (UID: \"d052d8ac-7c53-4676-9588-796d539878e1\") " pod="helmextensionlicensesit/test-hivemq-platform-0"
2025-01-28 21:22:39,455 INFO c.h.h.t.HelmChartContainer - [K3S] [reconciler_common.go:251] "operationExecutor.VerifyControllerAttachedVolume started for volume \"broker-configuration\" (UniqueName: \"kubernetes.io/configmap/d052d8ac-7c53-4676-9588-796d539878e1-broker-configuration\") pod \"test-hivemq-platform-0\" (UID: \"d052d8ac-7c53-4676-9588-796d539878e1\") " pod="helmextensionlicensesit/test-hivemq-platform-0"
2025-01-28 21:22:39,456 INFO c.h.h.t.HelmChartContainer - [K3S] [reconciler_common.go:251] "operationExecutor.VerifyControllerAttachedVolume started for volume \"operator-init\" (UniqueName: \"kubernetes.io/empty-dir/d052d8ac-7c53-4676-9588-796d539878e1-operator-init\") pod \"test-hivemq-platform-0\" (UID: \"d052d8ac-7c53-4676-9588-796d539878e1\") " pod="helmextensionlicensesit/test-hivemq-platform-0"
2025-01-28 21:22:39,456 INFO c.h.h.t.HelmChartContainer - [K3S] [reconciler_common.go:251] "operationExecutor.VerifyControllerAttachedVolume started for volume \"kube-api-access-nfrl5\" (UniqueName: \"kubernetes.io/projected/d052d8ac-7c53-4676-9588-796d539878e1-kube-api-access-nfrl5\") pod \"test-hivemq-platform-0\" (UID: \"d052d8ac-7c53-4676-9588-796d539878e1\") " pod="helmextensionlicensesit/test-hivemq-platform-0"
2025-01-28 21:22:39,456 INFO c.h.h.t.HelmChartContainer - [K3S] [reconciler_common.go:251] "operationExecutor.VerifyControllerAttachedVolume started for volume \"extension-configuration-hivemq-distributed-tracing-extension\" (UniqueName: \"kubernetes.io/configmap/d052d8ac-7c53-4676-9588-796d539878e1-extension-configuration-hivemq-distributed-tracing-extension\") pod \"test-hivemq-platform-0\" (UID: \"d052d8ac-7c53-4676-9588-796d539878e1\") " pod="helmextensionlicensesit/test-hivemq-platform-0"
2025-01-28 21:22:39,476 INFO c.h.h.t.HelmChartContainer - [hivemq-test-hivemq-platform] [hivemq-platform-operator] [05f7a4c8] 21:22:39.474 [ReconcilerExecutor-hivemq-controller-64] DEBUG c.h.p.o.h.HiveMQPlatformReconcilerErrorHandler - [helmexte] Pod 'test-hivemq-platform-0' phase Pending
2025-01-28 21:22:39,477 INFO c.h.h.t.HelmChartContainer - [hivemq-test-hivemq-platform] [hivemq-platform-operator] [05f7a4c8] 21:22:39.476 [ReconcilerExecutor-hivemq-controller-64] INFO  c.h.p.o.h.HiveMQPlatformReconcilerBaseHandler - [helmexte] HiveMQ Platform is starting, 0 of 1 replicas are ready
2025-01-28 21:22:39,483 INFO c.h.h.t.HelmChartContainer - [hivemq-test-hivemq-platform] [hivemq-platform-operator] [05f7a4c8] 21:22:39.481 [pool-6-thread-22] DEBUG c.h.p.o.d.PlatformServiceResource - [helmexte] Desired Platform services (3 services)
2025-01-28 21:22:39,484 INFO c.h.h.t.HelmChartContainer - [hivemq-test-hivemq-platform] [hivemq-platform-operator] [05f7a4c8] 21:22:39.483 [pool-6-thread-27] DEBUG c.h.p.o.d.PodServiceAccountResource - [helmexte] Desired PodServiceAccountResource (serviceAccountName: hivemq-platform-pod-test-hivemq-platform)
2025-01-28 21:22:39,487 INFO c.h.h.t.HelmChartContainer - [hivemq-test-hivemq-platform] [hivemq-platform-operator] [05f7a4c8] 21:22:39.487 [pool-6-thread-23] DEBUG c.h.p.o.dependants.PodInfoConfigMap - [helmexte] Desired PodInfo ConfigMap (1 extensions) (1 enabled)
2025-01-28 21:22:39,488 INFO c.h.h.t.HelmChartContainer - [hivemq-test-hivemq-platform] [hivemq-platform-operator] [05f7a4c8] 21:22:39.487 [pool-6-thread-23] DEBUG c.h.p.o.dependants.PodInfoConfigMap - [helmexte] Desired PodInfo ConfigMap (metrics port: 9399) (metrics path: /)
2025-01-28 21:22:39,488 INFO c.h.h.t.HelmChartContainer - [hivemq-test-hivemq-platform] [hivemq-platform-operator] [05f7a4c8] 21:22:39.487 [pool-6-thread-23] DEBUG c.h.p.o.dependants.PodInfoConfigMap - [helmexte] Desired PodInfo ConfigMap (extension state hash: -723943861)
2025-01-28 21:22:39,579 INFO c.h.h.t.HelmChartContainer - [hivemq-test-hivemq-platform] [hivemq-platform-operator] [05f7a4c8] 21:22:39.578 [pool-6-thread-30] DEBUG c.h.p.o.d.StatefulSetResource - [helmexte] Desired StatefulSet (1 replicas) for status STARTING (READY)
2025-01-28 21:22:39,584 INFO c.h.h.t.HelmChartContainer - [hivemq-test-hivemq-platform] [hivemq-platform-operator] [05f7a4c8] 21:22:39.583 [ReconcilerExecutor-hivemq-controller-75] INFO  c.h.p.o.HiveMQPlatformReconciler - [helmexte] Reconciling HiveMQ Platform 'test-hivemq-platform' in namespace 'helmextensionlicensesit'
2025-01-28 21:22:39,586 INFO c.h.h.t.HelmChartContainer - [hivemq-test-hivemq-platform] [hivemq-platform-operator] [05f7a4c8] 21:22:39.583 [ReconcilerExecutor-hivemq-controller-75] DEBUG c.h.p.o.HiveMQPlatformReconciler - [helmexte] Custom Resource Status STARTING - HiveMQ Platform is starting (READY)
2025-01-28 21:22:39,586 INFO c.h.h.t.HelmChartContainer - [hivemq-test-hivemq-platform] [hivemq-platform-operator] [05f7a4c8] 21:22:39.583 [ReconcilerExecutor-hivemq-controller-75] DEBUG c.h.p.o.HiveMQPlatformReconciler - [helmexte] Custom Resource Spec (replicas: 1) (extensions: 1)
2025-01-28 21:22:39,589 INFO c.h.h.t.HelmChartContainer - [hivemq-test-hivemq-platform] [hivemq-platform-operator] [05f7a4c8] 21:22:39.587 [ReconcilerExecutor-hivemq-controller-75] DEBUG c.h.p.o.HiveMQPlatformReconciler - [helmexte] StatefulSet Status (revision: test-hivemq-platform-784f65f8f4, replicas: 1, available: 0, ready: 0, current: 1, updated: 1)
2025-01-28 21:22:39,589 INFO c.h.h.t.HelmChartContainer - [hivemq-test-hivemq-platform] [hivemq-platform-operator] [05f7a4c8] 21:22:39.587 [ReconcilerExecutor-hivemq-controller-75] DEBUG c.h.p.o.HiveMQPlatformReconciler - [helmexte] StatefulSet Spec (replicas: 1, init containers: 1, containers: 1, volumes: 5)
2025-01-28 21:22:39,679 INFO c.h.h.t.HelmChartContainer - [hivemq-test-hivemq-platform] [hivemq-platform-operator] [05f7a4c8] 21:22:39.676 [ReconcilerExecutor-hivemq-controller-75] DEBUG c.h.p.o.h.HiveMQPlatformReconcilerErrorHandler - [helmexte] Pod 'test-hivemq-platform-0' phase Pending
2025-01-28 21:22:39,680 INFO c.h.h.t.HelmChartContainer - [hivemq-test-hivemq-platform] [hivemq-platform-operator] [05f7a4c8] 21:22:39.677 [ReconcilerExecutor-hivemq-controller-75] DEBUG c.h.p.o.h.HiveMQPlatformReconcilerErrorHandler - [helmexte] Pod 'test-hivemq-platform-0' condition 'PodReadyToStartContainers': False
2025-01-28 21:22:39,680 INFO c.h.h.t.HelmChartContainer - [hivemq-test-hivemq-platform] [hivemq-platform-operator] [05f7a4c8] 21:22:39.677 [ReconcilerExecutor-hivemq-controller-75] DEBUG c.h.p.o.h.HiveMQPlatformReconcilerErrorHandler - [helmexte] Pod 'test-hivemq-platform-0' condition 'Initialized': False
2025-01-28 21:22:39,680 INFO c.h.h.t.HelmChartContainer - [hivemq-test-hivemq-platform] [hivemq-platform-operator] [05f7a4c8] 21:22:39.677 [ReconcilerExecutor-hivemq-controller-75] DEBUG c.h.p.o.h.HiveMQPlatformReconcilerErrorHandler - [helmexte] Pod 'test-hivemq-platform-0' condition 'Ready': False
2025-01-28 21:22:39,680 INFO c.h.h.t.HelmChartContainer - [hivemq-test-hivemq-platform] [hivemq-platform-operator] [05f7a4c8] 21:22:39.677 [ReconcilerExecutor-hivemq-controller-75] DEBUG c.h.p.o.h.HiveMQPlatformReconcilerErrorHandler - [helmexte] Pod 'test-hivemq-platform-0' condition 'ContainersReady': False
2025-01-28 21:22:39,680 INFO c.h.h.t.HelmChartContainer - [hivemq-test-hivemq-platform] [hivemq-platform-operator] [05f7a4c8] 21:22:39.677 [ReconcilerExecutor-hivemq-controller-75] DEBUG c.h.p.o.h.HiveMQPlatformReconcilerErrorHandler - [helmexte] Pod 'test-hivemq-platform-0' condition 'PodScheduled': True
2025-01-28 21:22:39,680 INFO c.h.h.t.HelmChartContainer - [hivemq-test-hivemq-platform] [hivemq-platform-operator] [05f7a4c8] 21:22:39.678 [ReconcilerExecutor-hivemq-controller-75] DEBUG c.h.p.o.h.HiveMQPlatformReconcilerErrorHandler - [helmexte] Pod 'test-hivemq-platform-0' containerStatus 'hivemq' (started: false) (ready: false) (waiting: [PodInitializing] null)
2025-01-28 21:22:39,682 INFO c.h.h.t.HelmChartContainer - [hivemq-test-hivemq-platform] [hivemq-platform-operator] [05f7a4c8] 21:22:39.681 [ReconcilerExecutor-hivemq-controller-75] INFO  c.h.p.o.h.HiveMQPlatformReconcilerBaseHandler - [helmexte] HiveMQ Platform is starting, 0 of 1 replicas are ready
2025-01-28 21:22:39,723 INFO c.h.h.t.HelmChartContainer - [EVENT] Normal [Pulled] Container image "docker.io/hivemq/hivemq-platform-operator-init-test:snapshot" already present on machine [helmextensionlicensesit:test-hivemq-platform-0]
2025-01-28 21:22:39,842 INFO c.h.h.t.HelmChartContainer - [EVENT] Normal [Created] Created container: hivemq-platform-operator-init [helmextensionlicensesit:test-hivemq-platform-0]
2025-01-28 21:22:39,880 INFO c.h.h.t.HelmChartContainer - [EVENT] Normal [Started] Started container hivemq-platform-operator-init [helmextensionlicensesit:test-hivemq-platform-0]
2025-01-28 21:22:40,734 INFO c.h.h.t.HelmChartContainer - [EVENT] Normal [Pulled] Container image "docker.io/hivemq/hivemq4:4.36.0" already present on machine [helmextensionlicensesit:test-hivemq-platform-0]
2025-01-28 21:22:40,735 INFO c.h.h.t.HelmChartContainer - Received Pulled event for container hivemq in pod test-hivemq-platform-0 [d052d8ac-7c53-4676-9588-796d539878e1]
2025-01-28 21:22:40,744 INFO c.h.h.t.HelmChartContainer - [POD] test-hivemq-platform-0 [d052d8ac-7c53-4676-9588-796d539878e1] in helmextensionlicensesit was MODIFIED
2025-01-28 21:22:40,779 INFO c.h.h.t.HelmChartContainer - [hivemq-test-hivemq-platform] [hivemq-platform-operator] [05f7a4c8] 21:22:40.759 [pool-6-thread-32] DEBUG c.h.p.o.d.PlatformServiceResource - [helmexte] Desired Platform services (3 services)
2025-01-28 21:22:40,788 INFO c.h.h.t.HelmChartContainer - [hivemq-test-hivemq-platform] [hivemq-platform-operator] [05f7a4c8] 21:22:40.761 [pool-6-thread-33] DEBUG c.h.p.o.dependants.PodInfoConfigMap - [helmexte] Desired PodInfo ConfigMap (1 extensions) (1 enabled)
2025-01-28 21:22:40,788 INFO c.h.h.t.HelmChartContainer - [hivemq-test-hivemq-platform] [hivemq-platform-operator] [05f7a4c8] 21:22:40.766 [pool-6-thread-33] DEBUG c.h.p.o.dependants.PodInfoConfigMap - [helmexte] Desired PodInfo ConfigMap (metrics port: 9399) (metrics path: /)
2025-01-28 21:22:40,788 INFO c.h.h.t.HelmChartContainer - [hivemq-test-hivemq-platform] [hivemq-platform-operator] [05f7a4c8] 21:22:40.767 [pool-6-thread-33] DEBUG c.h.p.o.dependants.PodInfoConfigMap - [helmexte] Desired PodInfo ConfigMap (extension state hash: -723943861)
2025-01-28 21:22:40,788 INFO c.h.h.t.HelmChartContainer - [hivemq-test-hivemq-platform] [hivemq-platform-operator] [05f7a4c8] 21:22:40.772 [pool-6-thread-37] DEBUG c.h.p.o.d.PodServiceAccountResource - [helmexte] Desired PodServiceAccountResource (serviceAccountName: hivemq-platform-pod-test-hivemq-platform)
2025-01-28 21:22:40,805 INFO c.h.h.t.HelmChartContainer - [hivemq-test-hivemq-platform] [hivemq-platform-operator] [05f7a4c8] 21:22:40.797 [pool-6-thread-40] DEBUG c.h.p.o.d.StatefulSetResource - [helmexte] Desired StatefulSet (1 replicas) for status STARTING (READY)
2025-01-28 21:22:40,874 INFO c.h.h.t.HelmChartContainer - [hivemq-test-hivemq-platform] [hivemq-platform-operator] [05f7a4c8] 21:22:40.872 [ReconcilerExecutor-hivemq-controller-86] INFO  c.h.p.o.HiveMQPlatformReconciler - [helmexte] Reconciling HiveMQ Platform 'test-hivemq-platform' in namespace 'helmextensionlicensesit'
2025-01-28 21:22:40,874 INFO c.h.h.t.HelmChartContainer - [hivemq-test-hivemq-platform] [hivemq-platform-operator] [05f7a4c8] 21:22:40.872 [ReconcilerExecutor-hivemq-controller-86] DEBUG c.h.p.o.HiveMQPlatformReconciler - [helmexte] Custom Resource Status STARTING - HiveMQ Platform is starting (READY)
2025-01-28 21:22:40,874 INFO c.h.h.t.HelmChartContainer - [hivemq-test-hivemq-platform] [hivemq-platform-operator] [05f7a4c8] 21:22:40.872 [ReconcilerExecutor-hivemq-controller-86] DEBUG c.h.p.o.HiveMQPlatformReconciler - [helmexte] Custom Resource Spec (replicas: 1) (extensions: 1)
2025-01-28 21:22:40,878 INFO c.h.h.t.HelmChartContainer - [hivemq-test-hivemq-platform] [hivemq-platform-operator] [05f7a4c8] 21:22:40.877 [ReconcilerExecutor-hivemq-controller-86] DEBUG c.h.p.o.HiveMQPlatformReconciler - [helmexte] StatefulSet Status (revision: test-hivemq-platform-784f65f8f4, replicas: 1, available: 0, ready: 0, current: 1, updated: 1)
2025-01-28 21:22:40,879 INFO c.h.h.t.HelmChartContainer - [hivemq-test-hivemq-platform] [hivemq-platform-operator] [05f7a4c8] 21:22:40.878 [ReconcilerExecutor-hivemq-controller-86] DEBUG c.h.p.o.HiveMQPlatformReconciler - [helmexte] StatefulSet Spec (replicas: 1, init containers: 1, containers: 1, volumes: 5)
2025-01-28 21:22:40,882 INFO c.h.h.t.HelmChartContainer - [hivemq-test-hivemq-platform] [hivemq-platform-operator] [05f7a4c8] 21:22:40.882 [ReconcilerExecutor-hivemq-controller-86] DEBUG c.h.p.o.h.HiveMQPlatformReconcilerErrorHandler - [helmexte] Pod 'test-hivemq-platform-0' phase Pending
2025-01-28 21:22:40,885 INFO c.h.h.t.HelmChartContainer - [hivemq-test-hivemq-platform] [hivemq-platform-operator] [05f7a4c8] 21:22:40.882 [ReconcilerExecutor-hivemq-controller-86] DEBUG c.h.p.o.h.HiveMQPlatformReconcilerErrorHandler - [helmexte] Pod 'test-hivemq-platform-0' condition 'PodReadyToStartContainers': True
2025-01-28 21:22:40,885 INFO c.h.h.t.HelmChartContainer - [hivemq-test-hivemq-platform] [hivemq-platform-operator] [05f7a4c8] 21:22:40.882 [ReconcilerExecutor-hivemq-controller-86] DEBUG c.h.p.o.h.HiveMQPlatformReconcilerErrorHandler - [helmexte] Pod 'test-hivemq-platform-0' condition 'Initialized': True
2025-01-28 21:22:40,885 INFO c.h.h.t.HelmChartContainer - [hivemq-test-hivemq-platform] [hivemq-platform-operator] [05f7a4c8] 21:22:40.882 [ReconcilerExecutor-hivemq-controller-86] DEBUG c.h.p.o.h.HiveMQPlatformReconcilerErrorHandler - [helmexte] Pod 'test-hivemq-platform-0' condition 'Ready': False
2025-01-28 21:22:40,885 INFO c.h.h.t.HelmChartContainer - [hivemq-test-hivemq-platform] [hivemq-platform-operator] [05f7a4c8] 21:22:40.882 [ReconcilerExecutor-hivemq-controller-86] DEBUG c.h.p.o.h.HiveMQPlatformReconcilerErrorHandler - [helmexte] Pod 'test-hivemq-platform-0' condition 'ContainersReady': False
2025-01-28 21:22:40,885 INFO c.h.h.t.HelmChartContainer - [hivemq-test-hivemq-platform] [hivemq-platform-operator] [05f7a4c8] 21:22:40.882 [ReconcilerExecutor-hivemq-controller-86] DEBUG c.h.p.o.h.HiveMQPlatformReconcilerErrorHandler - [helmexte] Pod 'test-hivemq-platform-0' condition 'PodScheduled': True
2025-01-28 21:22:40,885 INFO c.h.h.t.HelmChartContainer - [hivemq-test-hivemq-platform] [hivemq-platform-operator] [05f7a4c8] 21:22:40.882 [ReconcilerExecutor-hivemq-controller-86] DEBUG c.h.p.o.h.HiveMQPlatformReconcilerErrorHandler - [helmexte] Pod 'test-hivemq-platform-0' containerStatus 'hivemq' (started: false) (ready: false) (waiting: [PodInitializing] null)
2025-01-28 21:22:40,885 INFO c.h.h.t.HelmChartContainer - [hivemq-test-hivemq-platform] [hivemq-platform-operator] [05f7a4c8] 21:22:40.883 [ReconcilerExecutor-hivemq-controller-86] INFO  c.h.p.o.h.HiveMQPlatformReconcilerBaseHandler - [helmexte] HiveMQ Platform is starting, 0 of 1 replicas are ready
2025-01-28 21:22:41,837 INFO c.h.h.t.HelmChartContainer - [EVENT] Normal [Created] Created container: hivemq [helmextensionlicensesit:test-hivemq-platform-0]
2025-01-28 21:22:41,837 INFO c.h.h.t.HelmChartContainer - Received Created event for container hivemq in pod test-hivemq-platform-0 [d052d8ac-7c53-4676-9588-796d539878e1]
2025-01-28 21:22:42,746 INFO c.h.h.t.HelmChartContainer - [POD] test-hivemq-platform-0 [d052d8ac-7c53-4676-9588-796d539878e1] in helmextensionlicensesit was MODIFIED
2025-01-28 21:22:42,760 INFO c.h.h.t.HelmChartContainer - [EVENT] Normal [Started] Started container hivemq [helmextensionlicensesit:test-hivemq-platform-0]
2025-01-28 21:22:42,761 INFO c.h.h.t.HelmChartContainer - Received Started event for container hivemq in pod test-hivemq-platform-0 [d052d8ac-7c53-4676-9588-796d539878e1]
2025-01-28 21:22:42,765 INFO c.h.h.t.HelmChartContainer - Started log watcher for hivemq in pod test-hivemq-platform-0 [d052d8ac-7c53-4676-9588-796d539878e1]
2025-01-28 21:22:42,765 INFO c.h.h.t.HelmChartContainer - [test-hivemq-platform] [hivemq] [d052d8ac] Adding pre-installed HiveMQ Platform Operator extensions
2025-01-28 21:22:42,765 INFO c.h.h.t.HelmChartContainer - [test-hivemq-platform] [hivemq] [d052d8ac] Running as user 10000
2025-01-28 21:22:42,766 INFO c.h.h.t.HelmChartContainer - [test-hivemq-platform] [hivemq] [d052d8ac] Starting HiveMQ Platform Operator Init
2025-01-28 21:22:42,765 INFO c.h.h.t.HelmChartContainer - [hivemq-test-hivemq-platform] [hivemq-platform-operator] [05f7a4c8] 21:22:42.761 [pool-6-thread-42] DEBUG c.h.p.o.d.PlatformServiceResource - [helmexte] Desired Platform services (3 services)
2025-01-28 21:22:42,767 INFO c.h.h.t.HelmChartContainer - [hivemq-test-hivemq-platform] [hivemq-platform-operator] [05f7a4c8] 21:22:42.764 [pool-6-thread-43] DEBUG c.h.p.o.dependants.PodInfoConfigMap - [helmexte] Desired PodInfo ConfigMap (1 extensions) (1 enabled)
2025-01-28 21:22:42,769 INFO c.h.h.t.HelmChartContainer - [hivemq-test-hivemq-platform] [hivemq-platform-operator] [05f7a4c8] 21:22:42.764 [pool-6-thread-43] DEBUG c.h.p.o.dependants.PodInfoConfigMap - [helmexte] Desired PodInfo ConfigMap (metrics port: 9399) (metrics path: /)
2025-01-28 21:22:42,770 INFO c.h.h.t.HelmChartContainer - [hivemq-test-hivemq-platform] [hivemq-platform-operator] [05f7a4c8] 21:22:42.769 [pool-6-thread-43] DEBUG c.h.p.o.dependants.PodInfoConfigMap - [helmexte] Desired PodInfo ConfigMap (extension state hash: -723943861)
2025-01-28 21:22:42,776 INFO c.h.h.t.HelmChartContainer - [hivemq-test-hivemq-platform] [hivemq-platform-operator] [05f7a4c8] 21:22:42.773 [pool-6-thread-47] DEBUG c.h.p.o.d.PodServiceAccountResource - [helmexte] Desired PodServiceAccountResource (serviceAccountName: hivemq-platform-pod-test-hivemq-platform)
2025-01-28 21:22:42,786 INFO c.h.h.t.HelmChartContainer - [hivemq-test-hivemq-platform] [hivemq-platform-operator] [05f7a4c8] 21:22:42.783 [pool-6-thread-50] DEBUG c.h.p.o.d.StatefulSetResource - [helmexte] Desired StatefulSet (1 replicas) for status STARTING (READY)
2025-01-28 21:22:42,798 INFO c.h.h.t.HelmChartContainer - [hivemq-test-hivemq-platform] [hivemq-platform-operator] [05f7a4c8] 21:22:42.797 [ReconcilerExecutor-hivemq-controller-97] INFO  c.h.p.o.HiveMQPlatformReconciler - [helmexte] Reconciling HiveMQ Platform 'test-hivemq-platform' in namespace 'helmextensionlicensesit'
2025-01-28 21:22:42,798 INFO c.h.h.t.HelmChartContainer - [hivemq-test-hivemq-platform] [hivemq-platform-operator] [05f7a4c8] 21:22:42.797 [ReconcilerExecutor-hivemq-controller-97] DEBUG c.h.p.o.HiveMQPlatformReconciler - [helmexte] Custom Resource Status STARTING - HiveMQ Platform is starting (READY)
2025-01-28 21:22:42,798 INFO c.h.h.t.HelmChartContainer - [hivemq-test-hivemq-platform] [hivemq-platform-operator] [05f7a4c8] 21:22:42.797 [ReconcilerExecutor-hivemq-controller-97] DEBUG c.h.p.o.HiveMQPlatformReconciler - [helmexte] Custom Resource Spec (replicas: 1) (extensions: 1)
2025-01-28 21:22:42,802 INFO c.h.h.t.HelmChartContainer - [hivemq-test-hivemq-platform] [hivemq-platform-operator] [05f7a4c8] 21:22:42.800 [ReconcilerExecutor-hivemq-controller-97] DEBUG c.h.p.o.HiveMQPlatformReconciler - [helmexte] StatefulSet Status (revision: test-hivemq-platform-784f65f8f4, replicas: 1, available: 0, ready: 0, current: 1, updated: 1)
2025-01-28 21:22:42,802 INFO c.h.h.t.HelmChartContainer - [hivemq-test-hivemq-platform] [hivemq-platform-operator] [05f7a4c8] 21:22:42.801 [ReconcilerExecutor-hivemq-controller-97] DEBUG c.h.p.o.HiveMQPlatformReconciler - [helmexte] StatefulSet Spec (replicas: 1, init containers: 1, containers: 1, volumes: 5)
2025-01-28 21:22:42,804 INFO c.h.h.t.HelmChartContainer - [hivemq-test-hivemq-platform] [hivemq-platform-operator] [05f7a4c8] 21:22:42.803 [ReconcilerExecutor-hivemq-controller-97] DEBUG c.h.p.o.h.HiveMQPlatformReconcilerErrorHandler - [helmexte] Pod 'test-hivemq-platform-0' phase Running
2025-01-28 21:22:42,805 INFO c.h.h.t.HelmChartContainer - [hivemq-test-hivemq-platform] [hivemq-platform-operator] [05f7a4c8] 21:22:42.804 [ReconcilerExecutor-hivemq-controller-97] INFO  c.h.p.o.h.HiveMQPlatformReconcilerBaseHandler - [helmexte] HiveMQ Platform is starting, 0 of 1 replicas are ready
2025-01-28 21:22:43,063 INFO c.h.h.t.HelmChartContainer - [test-hivemq-platform] [hivemq] [d052d8ac] INFO  - [HiveMQ Platform Operator Init 1.7.0-SNAPSHOT] HiveMQ Platform Operator Init 1.7.0-SNAPSHOT (commit: bebf408 on branch: HEAD) built on Sun Jan 26 20:47:47 UTC 2025
2025-01-28 21:22:44,183 INFO c.h.h.t.HelmChartContainer - [test-hivemq-platform] [hivemq] [d052d8ac] INFO  - [HiveMQ Platform Operator Init App 1.7.0-SNAPSHOT] Using bind address 10.42.0.12 from environment variable
2025-01-28 21:22:45,165 INFO c.h.h.t.HelmChartContainer - [test-hivemq-platform] [hivemq] [d052d8ac] INFO  - [HiveMQ Platform Operator Init App 1.7.0-SNAPSHOT] HiveMQ Platform Operator Init App 1.7.0-SNAPSHOT (commit: bebf408 on branch: HEAD) built on Sun Jan 26 20:47:47 UTC 2025
2025-01-28 21:22:45,165 INFO c.h.h.t.HelmChartContainer - [test-hivemq-platform] [hivemq] [d052d8ac] INFO  - [HiveMQ Platform Operator Init App 1.7.0-SNAPSHOT] PodInfo ConfigMap directory: /etc/podinfo
2025-01-28 21:22:45,165 INFO c.h.h.t.HelmChartContainer - [test-hivemq-platform] [hivemq] [d052d8ac] INFO  - [HiveMQ Platform Operator Init App 1.7.0-SNAPSHOT] HiveMQ home directory: /opt/hivemq
2025-01-28 21:22:45,166 INFO c.h.h.t.HelmChartContainer - [test-hivemq-platform] [hivemq] [d052d8ac] INFO  - [HiveMQ Platform Operator Init App 1.7.0-SNAPSHOT] HiveMQ Logback folder: /opt/hivemq/conf
2025-01-28 21:22:45,166 INFO c.h.h.t.HelmChartContainer - [test-hivemq-platform] [hivemq] [d052d8ac] INFO  - [HiveMQ Platform Operator Init App 1.7.0-SNAPSHOT] HiveMQ Config folder: /opt/hivemq/conf-k8s
2025-01-28 21:22:45,167 INFO c.h.h.t.HelmChartContainer - [test-hivemq-platform] [hivemq] [d052d8ac] INFO  - [HiveMQ Platform Operator Init App 1.7.0-SNAPSHOT] Starting HiveMQ Platform Operator Init App
2025-01-28 21:22:45,167 INFO c.h.h.t.HelmChartContainer - [test-hivemq-platform] [hivemq] [d052d8ac] INFO  - [HiveMQ Platform Operator Init App 1.7.0-SNAPSHOT] Starting Pod reconciler
2025-01-28 21:22:46,449 INFO c.h.h.t.HelmChartContainer - [test-hivemq-platform] [hivemq] [d052d8ac] INFO  - [HiveMQ Platform Operator Init App 1.7.0-SNAPSHOT] Pod reconciler is scheduled (interval: 5000 ms)
2025-01-28 21:22:46,450 INFO c.h.h.t.HelmChartContainer - [test-hivemq-platform] [hivemq] [d052d8ac] INFO  - [HiveMQ Platform Operator Init App 1.7.0-SNAPSHOT] Starting the REST API on 10.42.0.12:7979
2025-01-28 21:22:46,452 INFO c.h.h.t.HelmChartContainer - [test-hivemq-platform] [hivemq] [d052d8ac] INFO  - [HiveMQ Platform Operator Init App 1.7.0-SNAPSHOT] Waiting up to 600s for at most 1 HiveMQ nodes in cluster service hivemq-test-hivemq-platform-cluster.helmextensionlicensesit.svc
2025-01-28 21:22:46,765 INFO c.h.h.t.HelmChartContainer - [test-hivemq-platform] [hivemq] [d052d8ac] INFO  - [HiveMQ Platform Operator Init App 1.7.0-SNAPSHOT] Resolved 1 IP addresses: [10.42.0.12]
2025-01-28 21:22:46,765 INFO c.h.h.t.HelmChartContainer - [test-hivemq-platform] [hivemq] [d052d8ac] INFO  - [HiveMQ Platform Operator Init App 1.7.0-SNAPSHOT] HiveMQ node count of 1 is within threshold of 1
2025-01-28 21:22:46,765 INFO c.h.h.t.HelmChartContainer - [test-hivemq-platform] [hivemq] [d052d8ac] INFO  - [HiveMQ Platform Operator Init App 1.7.0-SNAPSHOT] Proceeding with container start
2025-01-28 21:22:46,868 INFO c.h.h.t.HelmChartContainer - [test-hivemq-platform] [hivemq] [d052d8ac] INFO  - [HiveMQ Platform Operator Init App 1.7.0-SNAPSHOT] Initializing HiveMQ Platform extensions with initial configuration: {hivemq-distributed-tracing-extension={start-priority=-1, skip-https-hostname-verification=false, restart=false, config-version=1302, header-version=0, c-uri=, priority=-1, uri=preinstalled, skip-https-certificate-validation=false, enabled=true}, hivemq-prometheus-extension={priority=-1, start-priority=-1, c-uri=, skip-https-hostname-verification=false, skip-https-certificate-validation=false, uri=preinstalled, request-header-path=no-request-headers, enabled=true, restart=true}}
2025-01-28 21:22:47,369 INFO c.h.h.t.HelmChartContainer - [test-hivemq-platform] [hivemq] [d052d8ac] INFO  - [HiveMQ Platform Operator Init App 1.7.0-SNAPSHOT] Successfully enabled extension hivemq-distributed-tracing-extension
2025-01-28 21:22:47,458 INFO c.h.h.t.HelmChartContainer - [test-hivemq-platform] [hivemq] [d052d8ac] INFO  - [HiveMQ Platform Operator Init App 1.7.0-SNAPSHOT] Successfully enabled extension hivemq-prometheus-extension
2025-01-28 21:22:47,460 INFO c.h.h.t.HelmChartContainer - [test-hivemq-platform] [hivemq] [d052d8ac] INFO  - [HiveMQ Platform Operator Init App 1.7.0-SNAPSHOT] Starting HiveMQ Platform version 4.36.0 (4.36.0)
2025-01-28 21:22:47,461 INFO c.h.h.t.HelmChartContainer - [test-hivemq-platform] [hivemq] [d052d8ac] INFO  - [HiveMQ Platform Operator Init App 1.7.0-SNAPSHOT] Configuring the HiveMQ Platform
2025-01-28 21:22:47,557 INFO c.h.h.t.HelmChartContainer - [test-hivemq-platform] [hivemq] [d052d8ac] INFO  - [HiveMQ Platform Operator Init App 1.7.0-SNAPSHOT] Changed logback.xml file scan period to 20 seconds
2025-01-28 21:22:47,653 INFO c.h.h.t.HelmChartContainer - [test-hivemq-platform] [hivemq] [d052d8ac] INFO  - [HiveMQ Platform Operator Init App 1.7.0-SNAPSHOT] Starting the HiveMQ Platform
2025-01-28 21:22:47,656 INFO c.h.h.t.HelmChartContainer - [test-hivemq-platform] [hivemq] [d052d8ac] -------------------------------------------------------------------------
2025-01-28 21:22:47,656 INFO c.h.h.t.HelmChartContainer - [test-hivemq-platform] [hivemq] [d052d8ac] 
2025-01-28 21:22:47,656 INFO c.h.h.t.HelmChartContainer - [test-hivemq-platform] [hivemq] [d052d8ac]                   _    _  _              __  __   ____
2025-01-28 21:22:47,656 INFO c.h.h.t.HelmChartContainer - [test-hivemq-platform] [hivemq] [d052d8ac]                  | |  | |(_)            |  \/  | / __ \
2025-01-28 21:22:47,656 INFO c.h.h.t.HelmChartContainer - [test-hivemq-platform] [hivemq] [d052d8ac]                  | |__| | _ __   __ ___ | \  / || |  | |
2025-01-28 21:22:47,656 INFO c.h.h.t.HelmChartContainer - [test-hivemq-platform] [hivemq] [d052d8ac]                  |  __  || |\ \ / // _ \| |\/| || |  | |
2025-01-28 21:22:47,656 INFO c.h.h.t.HelmChartContainer - [test-hivemq-platform] [hivemq] [d052d8ac]                  | |  | || | \ V /|  __/| |  | || |__| |
2025-01-28 21:22:47,656 INFO c.h.h.t.HelmChartContainer - [test-hivemq-platform] [hivemq] [d052d8ac]                  |_|  |_||_|  \_/  \___||_|  |_| \___\_\
2025-01-28 21:22:47,656 INFO c.h.h.t.HelmChartContainer - [test-hivemq-platform] [hivemq] [d052d8ac] 
2025-01-28 21:22:47,656 INFO c.h.h.t.HelmChartContainer - [test-hivemq-platform] [hivemq] [d052d8ac] -------------------------------------------------------------------------
2025-01-28 21:22:47,656 INFO c.h.h.t.HelmChartContainer - [test-hivemq-platform] [hivemq] [d052d8ac] 
2025-01-28 21:22:47,656 INFO c.h.h.t.HelmChartContainer - [test-hivemq-platform] [hivemq] [d052d8ac]   HiveMQ Start Script for Linux/Unix v1.14
2025-01-28 21:22:47,656 INFO c.h.h.t.HelmChartContainer - [test-hivemq-platform] [hivemq] [d052d8ac] 
2025-01-28 21:22:47,748 INFO c.h.h.t.HelmChartContainer - [test-hivemq-platform] [hivemq] [d052d8ac] -------------------------------------------------------------------------
2025-01-28 21:22:47,748 INFO c.h.h.t.HelmChartContainer - [test-hivemq-platform] [hivemq] [d052d8ac] 
2025-01-28 21:22:47,748 INFO c.h.h.t.HelmChartContainer - [test-hivemq-platform] [hivemq] [d052d8ac]   HIVEMQ_HOME: /opt/hivemq
2025-01-28 21:22:47,748 INFO c.h.h.t.HelmChartContainer - [test-hivemq-platform] [hivemq] [d052d8ac] 
2025-01-28 21:22:47,748 INFO c.h.h.t.HelmChartContainer - [test-hivemq-platform] [hivemq] [d052d8ac]   JAVA_OPTS: -XX:+UnlockExperimentalVMOptions -XX:InitialRAMPercentage=50 -XX:MaxRAMPercentage=50 -Djava.net.preferIPv4Stack=true --add-opens java.base/java.lang=ALL-UNNAMED --add-opens java.base/java.nio=ALL-UNNAMED --add-opens java.base/sun.nio.ch=ALL-UNNAMED --add-opens jdk.management/com.sun.management.internal=ALL-UNNAMED --add-exports java.base/jdk.internal.misc=ALL-UNNAMED -Djava.security.egd=file:/dev/./urandom -Dcom.sun.management.jmxremote -Dcom.sun.management.jmxremote.port=9010 -Dcom.sun.management.jmxremote.local.only=false -Dcom.sun.management.jmxremote.authenticate=false -Dcom.sun.management.jmxremote.ssl=false -Duser.language=en -Duser.region=US -XX:+CrashOnOutOfMemoryError -XX:+HeapDumpOnOutOfMemoryError
2025-01-28 21:22:47,748 INFO c.h.h.t.HelmChartContainer - [test-hivemq-platform] [hivemq] [d052d8ac] 
2025-01-28 21:22:47,748 INFO c.h.h.t.HelmChartContainer - [test-hivemq-platform] [hivemq] [d052d8ac]   JAVA_VERSION: 21
2025-01-28 21:22:47,748 INFO c.h.h.t.HelmChartContainer - [test-hivemq-platform] [hivemq] [d052d8ac] 
2025-01-28 21:22:47,748 INFO c.h.h.t.HelmChartContainer - [test-hivemq-platform] [hivemq] [d052d8ac] -------------------------------------------------------------------------
2025-01-28 21:22:47,748 INFO c.h.h.t.HelmChartContainer - [test-hivemq-platform] [hivemq] [d052d8ac] 
2025-01-28 21:22:48,848 INFO c.h.h.t.HelmChartContainer - [test-hivemq-platform] [hivemq] [d052d8ac] INFO  - [HiveMQ Platform Operator Init App 1.7.0-SNAPSHOT] Returning default Health API response 503 for readiness
2025-01-28 21:22:49,153 INFO c.h.h.t.HelmChartContainer - [EVENT] Warning [Unhealthy] Readiness probe failed: HTTP probe failed with statuscode: 503 [helmextensionlicensesit:test-hivemq-platform-0]
2025-01-28 21:22:49,153 INFO c.h.h.t.HelmChartContainer - Received Unhealthy event for container hivemq in pod test-hivemq-platform-0 [d052d8ac-7c53-4676-9588-796d539878e1]
2025-01-28 21:22:50,565 INFO c.h.h.t.HelmChartContainer - [test-hivemq-platform] [hivemq] [d052d8ac] INFO  - Starting HiveMQ Enterprise Server
2025-01-28 21:22:50,648 INFO c.h.h.t.HelmChartContainer - [test-hivemq-platform] [hivemq] [d052d8ac] INFO  - HiveMQ version: 4.36.0
2025-01-28 21:22:50,648 INFO c.h.h.t.HelmChartContainer - [test-hivemq-platform] [hivemq] [d052d8ac] INFO  - HiveMQ home directory: /opt/hivemq
2025-01-28 21:22:50,648 INFO c.h.h.t.HelmChartContainer - [test-hivemq-platform] [hivemq] [d052d8ac] INFO  - Log Configuration was overridden by /opt/hivemq/conf/logback.xml
2025-01-28 21:22:52,258 INFO c.h.h.t.HelmChartContainer - [test-hivemq-platform] [hivemq] [d052d8ac] INFO  - Successfully loaded configuration from '/opt/hivemq/conf-k8s/config.xml'.
2025-01-28 21:22:52,882 INFO c.h.h.t.HelmChartContainer - [hivemq-test-hivemq-platform] [hivemq-platform-operator] [05f7a4c8] 21:22:52.881 [pool-6-thread-3] DEBUG c.h.p.o.d.PlatformServiceResource - [helmexte] Desired Platform services (3 services)
2025-01-28 21:22:52,884 INFO c.h.h.t.HelmChartContainer - [hivemq-test-hivemq-platform] [hivemq-platform-operator] [05f7a4c8] 21:22:52.883 [pool-6-thread-9] DEBUG c.h.p.o.dependants.PodInfoConfigMap - [helmexte] Desired PodInfo ConfigMap (1 extensions) (1 enabled)
2025-01-28 21:22:52,885 INFO c.h.h.t.HelmChartContainer - [hivemq-test-hivemq-platform] [hivemq-platform-operator] [05f7a4c8] 21:22:52.883 [pool-6-thread-9] DEBUG c.h.p.o.dependants.PodInfoConfigMap - [helmexte] Desired PodInfo ConfigMap (metrics port: 9399) (metrics path: /)
2025-01-28 21:22:52,885 INFO c.h.h.t.HelmChartContainer - [hivemq-test-hivemq-platform] [hivemq-platform-operator] [05f7a4c8] 21:22:52.883 [pool-6-thread-9] DEBUG c.h.p.o.dependants.PodInfoConfigMap - [helmexte] Desired PodInfo ConfigMap (extension state hash: -723943861)
2025-01-28 21:22:52,887 INFO c.h.h.t.HelmChartContainer - [hivemq-test-hivemq-platform] [hivemq-platform-operator] [05f7a4c8] 21:22:52.886 [pool-6-thread-4] DEBUG c.h.p.o.d.PodServiceAccountResource - [helmexte] Desired PodServiceAccountResource (serviceAccountName: hivemq-platform-pod-test-hivemq-platform)
2025-01-28 21:22:52,974 INFO c.h.h.t.HelmChartContainer - [hivemq-test-hivemq-platform] [hivemq-platform-operator] [05f7a4c8] 21:22:52.973 [pool-6-thread-6] DEBUG c.h.p.o.d.StatefulSetResource - [helmexte] Desired StatefulSet (1 replicas) for status STARTING (READY)
2025-01-28 21:22:52,981 INFO c.h.h.t.HelmChartContainer - [hivemq-test-hivemq-platform] [hivemq-platform-operator] [05f7a4c8] 21:22:52.980 [ReconcilerExecutor-hivemq-controller-108] INFO  c.h.p.o.HiveMQPlatformReconciler - [helmexte] Reconciling HiveMQ Platform 'test-hivemq-platform' in namespace 'helmextensionlicensesit'
2025-01-28 21:22:52,981 INFO c.h.h.t.HelmChartContainer - [hivemq-test-hivemq-platform] [hivemq-platform-operator] [05f7a4c8] 21:22:52.980 [ReconcilerExecutor-hivemq-controller-108] DEBUG c.h.p.o.HiveMQPlatformReconciler - [helmexte] Custom Resource Status STARTING - HiveMQ Platform is starting (READY)
2025-01-28 21:22:52,981 INFO c.h.h.t.HelmChartContainer - [hivemq-test-hivemq-platform] [hivemq-platform-operator] [05f7a4c8] 21:22:52.980 [ReconcilerExecutor-hivemq-controller-108] DEBUG c.h.p.o.HiveMQPlatformReconciler - [helmexte] Custom Resource Spec (replicas: 1) (extensions: 1)
2025-01-28 21:22:52,984 INFO c.h.h.t.HelmChartContainer - [hivemq-test-hivemq-platform] [hivemq-platform-operator] [05f7a4c8] 21:22:52.982 [ReconcilerExecutor-hivemq-controller-108] DEBUG c.h.p.o.HiveMQPlatformReconciler - [helmexte] StatefulSet Status (revision: test-hivemq-platform-784f65f8f4, replicas: 1, available: 0, ready: 0, current: 1, updated: 1)
2025-01-28 21:22:52,984 INFO c.h.h.t.HelmChartContainer - [hivemq-test-hivemq-platform] [hivemq-platform-operator] [05f7a4c8] 21:22:52.982 [ReconcilerExecutor-hivemq-controller-108] DEBUG c.h.p.o.HiveMQPlatformReconciler - [helmexte] StatefulSet Spec (replicas: 1, init containers: 1, containers: 1, volumes: 5)
2025-01-28 21:22:52,985 INFO c.h.h.t.HelmChartContainer - [hivemq-test-hivemq-platform] [hivemq-platform-operator] [05f7a4c8] 21:22:52.985 [ReconcilerExecutor-hivemq-controller-108] DEBUG c.h.p.o.h.HiveMQPlatformReconcilerErrorHandler - [helmexte] Pod 'test-hivemq-platform-0' phase Running
2025-01-28 21:22:52,987 INFO c.h.h.t.HelmChartContainer - [hivemq-test-hivemq-platform] [hivemq-platform-operator] [05f7a4c8] 21:22:52.986 [ReconcilerExecutor-hivemq-controller-108] INFO  c.h.p.o.h.HiveMQPlatformReconcilerBaseHandler - [helmexte] HiveMQ Platform is starting, 0 of 1 replicas are ready
2025-01-28 21:22:53,159 INFO c.h.h.t.HelmChartContainer - [test-hivemq-platform] [hivemq] [d052d8ac] INFO  - This node's ID is tpn3W
2025-01-28 21:22:53,160 INFO c.h.h.t.HelmChartContainer - [test-hivemq-platform] [hivemq] [d052d8ac] INFO  - Clustering is enabled
2025-01-28 21:22:54,354 INFO c.h.h.t.HelmChartContainer - [test-hivemq-platform] [hivemq] [d052d8ac] WARN  - [HiveMQ Platform Operator Init App 1.7.0-SNAPSHOT] Cannot connect to Health API for readiness: null
2025-01-28 21:22:54,361 INFO c.h.h.t.HelmChartContainer - [EVENT] Warning [Unhealthy] Readiness probe failed: HTTP probe failed with statuscode: 503 [helmextensionlicensesit:test-hivemq-platform-0]
2025-01-28 21:22:54,361 INFO c.h.h.t.HelmChartContainer - Received Unhealthy event for container hivemq in pod test-hivemq-platform-0 [d052d8ac-7c53-4676-9588-796d539878e1]
2025-01-28 21:22:56,658 INFO c.h.h.t.HelmChartContainer - [test-hivemq-platform] [hivemq] [d052d8ac] Jan 28, 2025 9:22:56 PM io.vertx.core.impl.BlockedThreadChecker
2025-01-28 21:22:56,658 INFO c.h.h.t.HelmChartContainer - [test-hivemq-platform] [hivemq] [d052d8ac] WARNING: Thread Thread[vert.x-eventloop-thread-1,5,main] has been blocked for 2295 ms, time limit is 2000 ms
2025-01-28 21:22:57,456 INFO c.h.h.t.HelmChartContainer - [test-hivemq-platform] [hivemq] [d052d8ac] INFO  - [HiveMQ Platform Operator Init App 1.7.0-SNAPSHOT] Updating Pod HiveMQ Platform Operator Init App version annotation (version: 1.7.0-SNAPSHOT)
2025-01-28 21:22:58,263 INFO c.h.h.t.HelmChartContainer - [POD] test-hivemq-platform-0 [d052d8ac-7c53-4676-9588-796d539878e1] in helmextensionlicensesit was MODIFIED
2025-01-28 21:22:58,272 INFO c.h.h.t.HelmChartContainer - [hivemq-test-hivemq-platform] [hivemq-platform-operator] [05f7a4c8] 21:22:58.269 [pool-6-thread-17] DEBUG c.h.p.o.d.PlatformServiceResource - [helmexte] Desired Platform services (3 services)
2025-01-28 21:22:58,276 INFO c.h.h.t.HelmChartContainer - [hivemq-test-hivemq-platform] [hivemq-platform-operator] [05f7a4c8] 21:22:58.273 [pool-6-thread-15] DEBUG c.h.p.o.dependants.PodInfoConfigMap - [helmexte] Desired PodInfo ConfigMap (1 extensions) (1 enabled)
2025-01-28 21:22:58,276 INFO c.h.h.t.HelmChartContainer - [hivemq-test-hivemq-platform] [hivemq-platform-operator] [05f7a4c8] 21:22:58.274 [pool-6-thread-15] DEBUG c.h.p.o.dependants.PodInfoConfigMap - [helmexte] Desired PodInfo ConfigMap (metrics port: 9399) (metrics path: /)
2025-01-28 21:22:58,276 INFO c.h.h.t.HelmChartContainer - [hivemq-test-hivemq-platform] [hivemq-platform-operator] [05f7a4c8] 21:22:58.274 [pool-6-thread-15] DEBUG c.h.p.o.dependants.PodInfoConfigMap - [helmexte] Desired PodInfo ConfigMap (extension state hash: -723943861)
2025-01-28 21:22:58,276 INFO c.h.h.t.HelmChartContainer - [hivemq-test-hivemq-platform] [hivemq-platform-operator] [05f7a4c8] 21:22:58.275 [pool-6-thread-11] DEBUG c.h.p.o.d.PodServiceAccountResource - [helmexte] Desired PodServiceAccountResource (serviceAccountName: hivemq-platform-pod-test-hivemq-platform)
2025-01-28 21:22:58,279 INFO c.h.h.t.HelmChartContainer - [hivemq-test-hivemq-platform] [hivemq-platform-operator] [05f7a4c8] 21:22:58.278 [pool-6-thread-17] DEBUG c.h.p.o.d.StatefulSetResource - [helmexte] Desired StatefulSet (1 replicas) for status STARTING (READY)
2025-01-28 21:22:58,285 INFO c.h.h.t.HelmChartContainer - [hivemq-test-hivemq-platform] [hivemq-platform-operator] [05f7a4c8] 21:22:58.284 [ReconcilerExecutor-hivemq-controller-109] INFO  c.h.p.o.HiveMQPlatformReconciler - [helmexte] Reconciling HiveMQ Platform 'test-hivemq-platform' in namespace 'helmextensionlicensesit'
2025-01-28 21:22:58,286 INFO c.h.h.t.HelmChartContainer - [hivemq-test-hivemq-platform] [hivemq-platform-operator] [05f7a4c8] 21:22:58.284 [ReconcilerExecutor-hivemq-controller-109] DEBUG c.h.p.o.HiveMQPlatformReconciler - [helmexte] Custom Resource Status STARTING - HiveMQ Platform is starting (READY)
2025-01-28 21:22:58,289 INFO c.h.h.t.HelmChartContainer - [hivemq-test-hivemq-platform] [hivemq-platform-operator] [05f7a4c8] 21:22:58.284 [ReconcilerExecutor-hivemq-controller-109] DEBUG c.h.p.o.HiveMQPlatformReconciler - [helmexte] Custom Resource Spec (replicas: 1) (extensions: 1)
2025-01-28 21:22:58,289 INFO c.h.h.t.HelmChartContainer - [hivemq-test-hivemq-platform] [hivemq-platform-operator] [05f7a4c8] 21:22:58.287 [ReconcilerExecutor-hivemq-controller-109] DEBUG c.h.p.o.HiveMQPlatformReconciler - [helmexte] StatefulSet Status (revision: test-hivemq-platform-784f65f8f4, replicas: 1, available: 0, ready: 0, current: 1, updated: 1)
2025-01-28 21:22:58,290 INFO c.h.h.t.HelmChartContainer - [hivemq-test-hivemq-platform] [hivemq-platform-operator] [05f7a4c8] 21:22:58.287 [ReconcilerExecutor-hivemq-controller-109] DEBUG c.h.p.o.HiveMQPlatformReconciler - [helmexte] StatefulSet Spec (replicas: 1, init containers: 1, containers: 1, volumes: 5)
2025-01-28 21:22:58,290 INFO c.h.h.t.HelmChartContainer - [hivemq-test-hivemq-platform] [hivemq-platform-operator] [05f7a4c8] 21:22:58.289 [ReconcilerExecutor-hivemq-controller-109] DEBUG c.h.p.o.h.HiveMQPlatformReconcilerErrorHandler - [helmexte] Pod 'test-hivemq-platform-0' phase Running
2025-01-28 21:22:58,292 INFO c.h.h.t.HelmChartContainer - [hivemq-test-hivemq-platform] [hivemq-platform-operator] [05f7a4c8] 21:22:58.291 [ReconcilerExecutor-hivemq-controller-109] INFO  c.h.p.o.h.HiveMQPlatformReconcilerBaseHandler - [helmexte] HiveMQ Platform is starting, 0 of 1 replicas are ready
2025-01-28 21:22:58,359 INFO c.h.h.t.HelmChartContainer - [test-hivemq-platform] [hivemq] [d052d8ac] WARN  - [HiveMQ Platform Operator Init App 1.7.0-SNAPSHOT] Cannot connect to Health API for readiness: null
2025-01-28 21:22:58,363 INFO c.h.h.t.HelmChartContainer - [test-hivemq-platform] [hivemq] [d052d8ac] INFO  - [HiveMQ Platform Operator Init App 1.7.0-SNAPSHOT] Successfully updated Pod HiveMQ Platform Operator Init App version annotation (version: 1.7.0-SNAPSHOT)
2025-01-28 21:22:58,364 INFO c.h.h.t.HelmChartContainer - [EVENT] Warning [Unhealthy] Readiness probe failed: HTTP probe failed with statuscode: 503 [helmextensionlicensesit:test-hivemq-platform-0]
2025-01-28 21:22:58,364 INFO c.h.h.t.HelmChartContainer - Received Unhealthy event for container hivemq in pod test-hivemq-platform-0 [d052d8ac-7c53-4676-9588-796d539878e1]
2025-01-28 21:23:03,268 INFO c.h.h.t.HelmChartContainer - [test-hivemq-platform] [hivemq] [d052d8ac] WARN  - [HiveMQ Platform Operator Init App 1.7.0-SNAPSHOT] Cannot connect to Health API for readiness: null
2025-01-28 21:23:03,273 INFO c.h.h.t.HelmChartContainer - [EVENT] Warning [Unhealthy] Readiness probe failed: HTTP probe failed with statuscode: 503 [helmextensionlicensesit:test-hivemq-platform-0]
2025-01-28 21:23:03,273 INFO c.h.h.t.HelmChartContainer - Received Unhealthy event for container hivemq in pod test-hivemq-platform-0 [d052d8ac-7c53-4676-9588-796d539878e1]
2025-01-28 21:23:08,300 INFO c.h.h.t.HelmChartContainer - [hivemq-test-hivemq-platform] [hivemq-platform-operator] [05f7a4c8] 21:23:08.296 [pool-6-thread-28] DEBUG c.h.p.o.d.PlatformServiceResource - [helmexte] Desired Platform services (3 services)
2025-01-28 21:23:08,301 INFO c.h.h.t.HelmChartContainer - [hivemq-test-hivemq-platform] [hivemq-platform-operator] [05f7a4c8] 21:23:08.298 [pool-6-thread-25] DEBUG c.h.p.o.dependants.PodInfoConfigMap - [helmexte] Desired PodInfo ConfigMap (1 extensions) (1 enabled)
2025-01-28 21:23:08,301 INFO c.h.h.t.HelmChartContainer - [hivemq-test-hivemq-platform] [hivemq-platform-operator] [05f7a4c8] 21:23:08.298 [pool-6-thread-25] DEBUG c.h.p.o.dependants.PodInfoConfigMap - [helmexte] Desired PodInfo ConfigMap (metrics port: 9399) (metrics path: /)
2025-01-28 21:23:08,301 INFO c.h.h.t.HelmChartContainer - [hivemq-test-hivemq-platform] [hivemq-platform-operator] [05f7a4c8] 21:23:08.298 [pool-6-thread-25] DEBUG c.h.p.o.dependants.PodInfoConfigMap - [helmexte] Desired PodInfo ConfigMap (extension state hash: -723943861)
2025-01-28 21:23:08,301 INFO c.h.h.t.HelmChartContainer - [hivemq-test-hivemq-platform] [hivemq-platform-operator] [05f7a4c8] 21:23:08.300 [pool-6-thread-25] DEBUG c.h.p.o.d.PodServiceAccountResource - [helmexte] Desired PodServiceAccountResource (serviceAccountName: hivemq-platform-pod-test-hivemq-platform)
2025-01-28 21:23:08,305 INFO c.h.h.t.HelmChartContainer - [hivemq-test-hivemq-platform] [hivemq-platform-operator] [05f7a4c8] 21:23:08.304 [pool-6-thread-28] DEBUG c.h.p.o.d.StatefulSetResource - [helmexte] Desired StatefulSet (1 replicas) for status STARTING (READY)
2025-01-28 21:23:08,311 INFO c.h.h.t.HelmChartContainer - [hivemq-test-hivemq-platform] [hivemq-platform-operator] [05f7a4c8] 21:23:08.307 [ReconcilerExecutor-hivemq-controller-110] INFO  c.h.p.o.HiveMQPlatformReconciler - [helmexte] Reconciling HiveMQ Platform 'test-hivemq-platform' in namespace 'helmextensionlicensesit'
2025-01-28 21:23:08,311 INFO c.h.h.t.HelmChartContainer - [hivemq-test-hivemq-platform] [hivemq-platform-operator] [05f7a4c8] 21:23:08.307 [ReconcilerExecutor-hivemq-controller-110] DEBUG c.h.p.o.HiveMQPlatformReconciler - [helmexte] Custom Resource Status STARTING - HiveMQ Platform is starting (READY)
2025-01-28 21:23:08,311 INFO c.h.h.t.HelmChartContainer - [hivemq-test-hivemq-platform] [hivemq-platform-operator] [05f7a4c8] 21:23:08.307 [ReconcilerExecutor-hivemq-controller-110] DEBUG c.h.p.o.HiveMQPlatformReconciler - [helmexte] Custom Resource Spec (replicas: 1) (extensions: 1)
2025-01-28 21:23:08,311 INFO c.h.h.t.HelmChartContainer - [hivemq-test-hivemq-platform] [hivemq-platform-operator] [05f7a4c8] 21:23:08.309 [ReconcilerExecutor-hivemq-controller-110] DEBUG c.h.p.o.HiveMQPlatformReconciler - [helmexte] StatefulSet Status (revision: test-hivemq-platform-784f65f8f4, replicas: 1, available: 0, ready: 0, current: 1, updated: 1)
2025-01-28 21:23:08,311 INFO c.h.h.t.HelmChartContainer - [hivemq-test-hivemq-platform] [hivemq-platform-operator] [05f7a4c8] 21:23:08.309 [ReconcilerExecutor-hivemq-controller-110] DEBUG c.h.p.o.HiveMQPlatformReconciler - [helmexte] StatefulSet Spec (replicas: 1, init containers: 1, containers: 1, volumes: 5)
2025-01-28 21:23:08,311 INFO c.h.h.t.HelmChartContainer - [hivemq-test-hivemq-platform] [hivemq-platform-operator] [05f7a4c8] 21:23:08.310 [ReconcilerExecutor-hivemq-controller-110] DEBUG c.h.p.o.h.HiveMQPlatformReconcilerErrorHandler - [helmexte] Pod 'test-hivemq-platform-0' phase Running
2025-01-28 21:23:08,311 INFO c.h.h.t.HelmChartContainer - [hivemq-test-hivemq-platform] [hivemq-platform-operator] [05f7a4c8] 21:23:08.310 [ReconcilerExecutor-hivemq-controller-110] INFO  c.h.p.o.h.HiveMQPlatformReconcilerBaseHandler - [helmexte] HiveMQ Platform is starting, 0 of 1 replicas are ready
2025-01-28 21:23:08,350 INFO c.h.h.t.HelmChartContainer - [test-hivemq-platform] [hivemq] [d052d8ac] WARN  - [HiveMQ Platform Operator Init App 1.7.0-SNAPSHOT] Cannot connect to Health API for readiness: null
2025-01-28 21:23:08,356 INFO c.h.h.t.HelmChartContainer - [EVENT] Warning [Unhealthy] Readiness probe failed: HTTP probe failed with statuscode: 503 [helmextensionlicensesit:test-hivemq-platform-0]
2025-01-28 21:23:08,356 INFO c.h.h.t.HelmChartContainer - Received Unhealthy event for container hivemq in pod test-hivemq-platform-0 [d052d8ac-7c53-4676-9588-796d539878e1]
2025-01-28 21:23:09,650 INFO c.h.h.t.HelmChartContainer - [test-hivemq-platform] [hivemq] [d052d8ac] WARN  - [HiveMQ Platform Operator Init App 1.7.0-SNAPSHOT] Cannot connect to Health API for liveness: null
2025-01-28 21:23:09,650 INFO c.h.h.t.HelmChartContainer - [test-hivemq-platform] [hivemq] [d052d8ac] INFO  - [HiveMQ Platform Operator Init App 1.7.0-SNAPSHOT] Returning default Health API response 200 for liveness
2025-01-28 21:23:09,876 INFO c.h.h.t.HelmChartContainer - [test-hivemq-platform] [hivemq] [d052d8ac] INFO  - No valid license file found. Using trial license, restricted to 25 connections.
2025-01-28 21:23:12,952 INFO c.h.h.t.HelmChartContainer - [test-hivemq-platform] [hivemq] [d052d8ac] INFO  - No valid license file for Data Hub found. Using free license, restricted to 1 policy.
2025-01-28 21:23:13,352 INFO c.h.h.t.HelmChartContainer - [test-hivemq-platform] [hivemq] [d052d8ac] WARN  - [HiveMQ Platform Operator Init App 1.7.0-SNAPSHOT] Cannot connect to Health API for readiness: null
2025-01-28 21:23:13,358 INFO c.h.h.t.HelmChartContainer - [EVENT] Warning [Unhealthy] Readiness probe failed: HTTP probe failed with statuscode: 503 [helmextensionlicensesit:test-hivemq-platform-0]
2025-01-28 21:23:13,358 INFO c.h.h.t.HelmChartContainer - Received Unhealthy event for container hivemq in pod test-hivemq-platform-0 [d052d8ac-7c53-4676-9588-796d539878e1]
2025-01-28 21:23:14,250 INFO c.h.h.t.HelmChartContainer - [test-hivemq-platform] [hivemq] [d052d8ac] INFO  - Audit Logger started.
2025-01-28 21:23:14,553 INFO c.h.h.t.HelmChartContainer - [test-hivemq-platform] [hivemq] [d052d8ac] INFO  - This node uses '1' CPU cores.
2025-01-28 21:23:14,559 INFO c.h.h.t.HelmChartContainer - [test-hivemq-platform] [hivemq] [d052d8ac] INFO  - Starting HiveMQ Health API on address 0.0.0.0 and port 8889
2025-01-28 21:23:15,453 INFO c.h.h.t.HelmChartContainer - [test-hivemq-platform] [hivemq] [d052d8ac] INFO  - Started HiveMQ Health API in 894ms
2025-01-28 21:23:16,254 INFO c.h.h.t.HelmChartContainer - [test-hivemq-platform] [hivemq] [d052d8ac] INFO  - Starting HiveMQ extension system.
2025-01-28 21:23:18,257 INFO c.h.h.t.HelmChartContainer - [test-hivemq-platform] [hivemq] [d052d8ac] WARN  - License file tracing.elic is corrupt.
2025-01-28 21:23:18,257 INFO c.h.h.testcontainer.LogWaiterUtil - TEST Found log pattern on 'test-hivemq-platform-0': .*License file tracing.elic is corrupt.
2025-01-28 21:23:18,258 INFO c.h.h.t.HelmChartContainer - [test-hivemq-platform] [hivemq] [d052d8ac] INFO  - No license found for enterprise extension with name "HiveMQ Enterprise Distributed Tracing Extension". Entering extension trial mode. "HiveMQ Enterprise Distributed Tracing Extension" will be disabled in 5 hours.
2025-01-28 21:23:18,317 INFO c.h.h.t.HelmChartContainer - [hivemq-test-hivemq-platform] [hivemq-platform-operator] [05f7a4c8] 21:23:18.315 [pool-6-thread-33] DEBUG c.h.p.o.d.PlatformServiceResource - [helmexte] Desired Platform services (3 services)
2025-01-28 21:23:18,319 INFO c.h.h.t.HelmChartContainer - [hivemq-test-hivemq-platform] [hivemq-platform-operator] [05f7a4c8] 21:23:18.316 [pool-6-thread-32] DEBUG c.h.p.o.dependants.PodInfoConfigMap - [helmexte] Desired PodInfo ConfigMap (1 extensions) (1 enabled)
2025-01-28 21:23:18,319 INFO c.h.h.t.HelmChartContainer - [hivemq-test-hivemq-platform] [hivemq-platform-operator] [05f7a4c8] 21:23:18.316 [pool-6-thread-32] DEBUG c.h.p.o.dependants.PodInfoConfigMap - [helmexte] Desired PodInfo ConfigMap (metrics port: 9399) (metrics path: /)
2025-01-28 21:23:18,319 INFO c.h.h.t.HelmChartContainer - [hivemq-test-hivemq-platform] [hivemq-platform-operator] [05f7a4c8] 21:23:18.316 [pool-6-thread-32] DEBUG c.h.p.o.dependants.PodInfoConfigMap - [helmexte] Desired PodInfo ConfigMap (extension state hash: -723943861)
2025-01-28 21:23:18,319 INFO c.h.h.t.HelmChartContainer - [hivemq-test-hivemq-platform] [hivemq-platform-operator] [05f7a4c8] 21:23:18.317 [pool-6-thread-36] DEBUG c.h.p.o.d.PodServiceAccountResource - [helmexte] Desired PodServiceAccountResource (serviceAccountName: hivemq-platform-pod-test-hivemq-platform)
2025-01-28 21:23:18,325 INFO c.h.h.t.HelmChartContainer - [hivemq-test-hivemq-platform] [hivemq-platform-operator] [05f7a4c8] 21:23:18.324 [pool-6-thread-33] DEBUG c.h.p.o.d.StatefulSetResource - [helmexte] Desired StatefulSet (1 replicas) for status STARTING (READY)
2025-01-28 21:23:18,329 INFO c.h.h.t.HelmChartContainer - [hivemq-test-hivemq-platform] [hivemq-platform-operator] [05f7a4c8] 21:23:18.328 [ReconcilerExecutor-hivemq-controller-111] INFO  c.h.p.o.HiveMQPlatformReconciler - [helmexte] Reconciling HiveMQ Platform 'test-hivemq-platform' in namespace 'helmextensionlicensesit'
2025-01-28 21:23:18,329 INFO c.h.h.t.HelmChartContainer - [hivemq-test-hivemq-platform] [hivemq-platform-operator] [05f7a4c8] 21:23:18.328 [ReconcilerExecutor-hivemq-controller-111] DEBUG c.h.p.o.HiveMQPlatformReconciler - [helmexte] Custom Resource Status STARTING - HiveMQ Platform is starting (READY)
2025-01-28 21:23:18,329 INFO c.h.h.t.HelmChartContainer - [hivemq-test-hivemq-platform] [hivemq-platform-operator] [05f7a4c8] 21:23:18.328 [ReconcilerExecutor-hivemq-controller-111] DEBUG c.h.p.o.HiveMQPlatformReconciler - [helmexte] Custom Resource Spec (replicas: 1) (extensions: 1)
2025-01-28 21:23:18,375 INFO c.h.h.t.HelmChartContainer - [hivemq-test-hivemq-platform] [hivemq-platform-operator] [05f7a4c8] 21:23:18.374 [ReconcilerExecutor-hivemq-controller-111] DEBUG c.h.p.o.HiveMQPlatformReconciler - [helmexte] StatefulSet Status (revision: test-hivemq-platform-784f65f8f4, replicas: 1, available: 0, ready: 0, current: 1, updated: 1)
2025-01-28 21:23:18,377 INFO c.h.h.t.HelmChartContainer - [hivemq-test-hivemq-platform] [hivemq-platform-operator] [05f7a4c8] 21:23:18.374 [ReconcilerExecutor-hivemq-controller-111] DEBUG c.h.p.o.HiveMQPlatformReconciler - [helmexte] StatefulSet Spec (replicas: 1, init containers: 1, containers: 1, volumes: 5)
2025-01-28 21:23:18,377 INFO c.h.h.t.HelmChartContainer - [hivemq-test-hivemq-platform] [hivemq-platform-operator] [05f7a4c8] 21:23:18.376 [ReconcilerExecutor-hivemq-controller-111] DEBUG c.h.p.o.h.HiveMQPlatformReconcilerErrorHandler - [helmexte] Pod 'test-hivemq-platform-0' phase Running
2025-01-28 21:23:18,378 INFO c.h.h.t.HelmChartContainer - [hivemq-test-hivemq-platform] [hivemq-platform-operator] [05f7a4c8] 21:23:18.377 [ReconcilerExecutor-hivemq-controller-111] INFO  c.h.p.o.h.HiveMQPlatformReconcilerBaseHandler - [helmexte] HiveMQ Platform is starting, 0 of 1 replicas are ready
2025-01-28 21:23:18,459 INFO c.h.h.t.HelmChartContainer - [test-hivemq-platform] [hivemq] [d052d8ac] INFO  - Starting extension with id "hivemq-dns-cluster-discovery" at /opt/hivemq/extensions/hivemq-dns-cluster-discovery
2025-01-28 21:23:19,158 INFO c.h.h.t.HelmChartContainer - [test-hivemq-platform] [hivemq] [d052d8ac] INFO  - Extension "DNS Cluster Discovery Extension" version 4.3.2 started successfully.
2025-01-28 21:23:19,158 INFO c.h.h.t.HelmChartContainer - [test-hivemq-platform] [hivemq] [d052d8ac] INFO  - Starting extension with id "hivemq-distributed-tracing-extension" at /opt/hivemq/extensions/hivemq-distributed-tracing-extension
2025-01-28 21:23:19,307 INFO c.h.h.t.HelmChartContainer - [EVENT] Warning [Unhealthy] Readiness probe failed: Get "http://10.42.0.12:7979/readiness": context deadline exceeded (Client.Timeout exceeded while awaiting headers) [helmextensionlicensesit:test-hivemq-platform-0]
2025-01-28 21:23:19,307 INFO c.h.h.t.HelmChartContainer - Received Unhealthy event for container hivemq in pod test-hivemq-platform-0 [d052d8ac-7c53-4676-9588-796d539878e1]
2025-01-28 21:23:19,354 INFO c.h.h.t.HelmChartContainer - [test-hivemq-platform] [hivemq] [d052d8ac] INFO  - Using TCP cluster transport on address 10.42.0.12 and port 7000
2025-01-28 21:23:19,452 INFO c.h.h.t.HelmChartContainer - [test-hivemq-platform] [hivemq] [d052d8ac] INFO  - Using extension cluster discovery
2025-01-28 21:23:20,054 INFO c.h.h.t.HelmChartContainer - [test-hivemq-platform] [hivemq] [d052d8ac] INFO  - [HiveMQ Platform Operator Init App 1.7.0-SNAPSHOT] Returning Health API response 503 for readiness
2025-01-28 21:23:21,851 INFO c.h.h.t.HelmChartContainer - [test-hivemq-platform] [hivemq] [d052d8ac] INFO  - HiveMQ Enterprise Distributed Tracing Extension: Successfully loaded configuration from '/opt/hivemq/extensions/hivemq-distributed-tracing-extension/conf/config.xml'.
2025-01-28 21:23:21,855 INFO c.h.h.t.HelmChartContainer - [test-hivemq-platform] [hivemq] [d052d8ac] INFO  - HiveMQ Enterprise Distributed Tracing Extension: Configured OTLP gRPC exporter 'my-otlp-grpc-exporter'.
2025-01-28 21:23:21,952 INFO c.h.h.t.HelmChartContainer - [test-hivemq-platform] [hivemq] [d052d8ac] INFO  - HiveMQ Enterprise Distributed Tracing Extension: Configured W3C trace propagation.
2025-01-28 21:23:21,954 INFO c.h.h.t.HelmChartContainer - [test-hivemq-platform] [hivemq] [d052d8ac] INFO  - Extension "HiveMQ Enterprise Distributed Tracing Extension" version 4.36.0 started successfully.
2025-01-28 21:23:21,954 INFO c.h.h.testcontainer.LogWaiterUtil - TEST Found log pattern on 'test-hivemq-platform-0': .*Extension "HiveMQ Enterprise Distributed Tracing Extension" version .* started successfully.
2025-01-28 21:23:21,955 INFO c.h.h.t.HelmChartContainer - [test-hivemq-platform] [hivemq] [d052d8ac] INFO  - Starting extension with id "hivemq-prometheus-extension" at /opt/hivemq/extensions/hivemq-prometheus-extension
2025-01-28 21:23:22,265 INFO c.h.h.t.HelmChartContainer - [test-hivemq-platform] [hivemq] [d052d8ac] INFO  - Started Jetty Server exposing Prometheus Servlet on URI http://0.0.0.0:9399/
2025-01-28 21:23:22,265 INFO c.h.h.t.HelmChartContainer - [test-hivemq-platform] [hivemq] [d052d8ac] INFO  - Extension "Prometheus Monitoring Extension" version 4.0.12 started successfully.
2025-01-28 21:23:22,266 INFO c.h.h.t.HelmChartContainer - [test-hivemq-platform] [hivemq] [d052d8ac] INFO  - Starting extension with id "hivemq-allow-all-extension" at /opt/hivemq/extensions/hivemq-allow-all-extension
2025-01-28 21:23:22,266 INFO c.h.h.t.HelmChartContainer - [test-hivemq-platform] [hivemq] [d052d8ac] WARN  - 
2025-01-28 21:23:22,266 INFO c.h.h.t.HelmChartContainer - [test-hivemq-platform] [hivemq] [d052d8ac] ################################################################################################################
2025-01-28 21:23:22,266 INFO c.h.h.t.HelmChartContainer - [test-hivemq-platform] [hivemq] [d052d8ac] # This HiveMQ deployment is not secure! You are lacking Authentication and Authorization.                      #
2025-01-28 21:23:22,266 INFO c.h.h.t.HelmChartContainer - [test-hivemq-platform] [hivemq] [d052d8ac] # Right now any MQTT client can connect to the broker with a full set of permissions.                          #
2025-01-28 21:23:22,266 INFO c.h.h.t.HelmChartContainer - [test-hivemq-platform] [hivemq] [d052d8ac] # For production usage, add an appropriate security extension and remove the hivemq-allow-all extension.       #
2025-01-28 21:23:22,266 INFO c.h.h.t.HelmChartContainer - [test-hivemq-platform] [hivemq] [d052d8ac] # You can download security extensions from the HiveMQ Marketplace (https://www.hivemq.com/extensions/).       #
2025-01-28 21:23:22,266 INFO c.h.h.t.HelmChartContainer - [test-hivemq-platform] [hivemq] [d052d8ac] ################################################################################################################
2025-01-28 21:23:22,266 INFO c.h.h.t.HelmChartContainer - [test-hivemq-platform] [hivemq] [d052d8ac] INFO  - Extension "Allow All Extension" version 1.1.1 started successfully.
2025-01-28 21:23:22,852 INFO c.h.h.t.HelmChartContainer - [test-hivemq-platform] [hivemq] [d052d8ac] INFO  - tpn3W: no members discovered after 2596 ms: creating cluster as first member
2025-01-28 21:23:22,859 INFO c.h.h.t.HelmChartContainer - [test-hivemq-platform] [hivemq] [d052d8ac] INFO  - Cluster nodes found by discovery: [tpn3W|0] (1) [tpn3W].
2025-01-28 21:23:22,960 INFO c.h.h.t.HelmChartContainer - [test-hivemq-platform] [hivemq] [d052d8ac] INFO  - Updated rules for sampling and tracing propagation.
2025-01-28 21:23:22,960 INFO c.h.h.t.HelmChartContainer - [test-hivemq-platform] [hivemq] [d052d8ac] INFO  - HiveMQ: Successfully loaded configuration from '/opt/hivemq/conf-k8s/tracing.xml'.
2025-01-28 21:23:22,960 INFO c.h.h.t.HelmChartContainer - [test-hivemq-platform] [hivemq] [d052d8ac] WARN  - No user for HiveMQ Control Center configured. Starting with default user
2025-01-28 21:23:22,960 INFO c.h.h.t.HelmChartContainer - [test-hivemq-platform] [hivemq] [d052d8ac] INFO  - Starting HiveMQ Control Center on address 0.0.0.0 and port 8080
2025-01-28 21:23:22,963 INFO c.h.h.t.HelmChartContainer - [test-hivemq-platform] [hivemq] [d052d8ac] INFO  - Mounting HiveMQ Control Center V2 Preview
2025-01-28 21:23:23,357 INFO c.h.h.t.HelmChartContainer - [EVENT] Warning [Unhealthy] Readiness probe failed: HTTP probe failed with statuscode: 503 [helmextensionlicensesit:test-hivemq-platform-0]
2025-01-28 21:23:23,358 INFO c.h.h.t.HelmChartContainer - Received Unhealthy event for container hivemq in pod test-hivemq-platform-0 [d052d8ac-7c53-4676-9588-796d539878e1]
2025-01-28 21:23:23,656 INFO c.h.h.t.HelmChartContainer - [test-hivemq-platform] [hivemq] [d052d8ac] INFO  - Started HiveMQ Control Center in 697ms
2025-01-28 21:23:23,672 INFO c.h.h.t.HelmChartContainer - [test-hivemq-platform] [hivemq] [d052d8ac] INFO  - Starting TCP listener on address 0.0.0.0 and port 1883
2025-01-28 21:23:23,755 INFO c.h.h.t.HelmChartContainer - [test-hivemq-platform] [hivemq] [d052d8ac] INFO  - Started TCP Listener on address 0.0.0.0 and on port 1883.
2025-01-28 21:23:23,755 INFO c.h.h.t.HelmChartContainer - [test-hivemq-platform] [hivemq] [d052d8ac] INFO  - Started HiveMQ in 33590ms
2025-01-28 21:23:28,269 INFO c.h.h.t.HelmChartContainer - [test-hivemq-platform] [hivemq] [d052d8ac] INFO  - [HiveMQ Platform Operator Init App 1.7.0-SNAPSHOT] Returning Health API response 200 for readiness
2025-01-28 21:23:28,286 INFO c.h.h.t.HelmChartContainer - [POD] test-hivemq-platform-0 [d052d8ac-7c53-4676-9588-796d539878e1] in helmextensionlicensesit was MODIFIED
2025-01-28 21:23:28,296 INFO c.h.h.t.HelmChartContainer - [hivemq-test-hivemq-platform] [hivemq-platform-operator] [05f7a4c8] 21:23:28.290 [pool-6-thread-46] DEBUG c.h.p.o.dependants.PodInfoConfigMap - [helmexte] Desired PodInfo ConfigMap (1 extensions) (1 enabled)
2025-01-28 21:23:28,301 INFO c.h.h.t.HelmChartContainer - [hivemq-test-hivemq-platform] [hivemq-platform-operator] [05f7a4c8] 21:23:28.294 [pool-6-thread-46] DEBUG c.h.p.o.dependants.PodInfoConfigMap - [helmexte] Desired PodInfo ConfigMap (metrics port: 9399) (metrics path: /)
2025-01-28 21:23:28,301 INFO c.h.h.t.HelmChartContainer - [hivemq-test-hivemq-platform] [hivemq-platform-operator] [05f7a4c8] 21:23:28.291 [pool-6-thread-43] DEBUG c.h.p.o.d.PodServiceAccountResource - [helmexte] Desired PodServiceAccountResource (serviceAccountName: hivemq-platform-pod-test-hivemq-platform)
2025-01-28 21:23:28,301 INFO c.h.h.t.HelmChartContainer - [hivemq-test-hivemq-platform] [hivemq-platform-operator] [05f7a4c8] 21:23:28.292 [pool-6-thread-47] DEBUG c.h.p.o.d.PlatformServiceResource - [helmexte] Desired Platform services (3 services)
2025-01-28 21:23:28,301 INFO c.h.h.t.HelmChartContainer - [hivemq-test-hivemq-platform] [hivemq-platform-operator] [05f7a4c8] 21:23:28.296 [pool-6-thread-46] DEBUG c.h.p.o.dependants.PodInfoConfigMap - [helmexte] Desired PodInfo ConfigMap (extension state hash: -723943861)
2025-01-28 21:23:28,375 INFO c.h.h.t.HelmChartContainer - [hivemq-test-hivemq-platform] [hivemq-platform-operator] [05f7a4c8] 21:23:28.373 [pool-6-thread-47] DEBUG c.h.p.o.d.StatefulSetResource - [helmexte] Desired StatefulSet (1 replicas) for status STARTING (READY)
2025-01-28 21:23:28,381 INFO c.h.h.t.HelmChartContainer - [hivemq-test-hivemq-platform] [hivemq-platform-operator] [05f7a4c8] 21:23:28.380 [ReconcilerExecutor-hivemq-controller-112] INFO  c.h.p.o.HiveMQPlatformReconciler - [helmexte] Reconciling HiveMQ Platform 'test-hivemq-platform' in namespace 'helmextensionlicensesit'
2025-01-28 21:23:28,382 INFO c.h.h.t.HelmChartContainer - [hivemq-test-hivemq-platform] [hivemq-platform-operator] [05f7a4c8] 21:23:28.380 [ReconcilerExecutor-hivemq-controller-112] DEBUG c.h.p.o.HiveMQPlatformReconciler - [helmexte] Custom Resource Status STARTING - HiveMQ Platform is starting (READY)
2025-01-28 21:23:28,382 INFO c.h.h.t.HelmChartContainer - [hivemq-test-hivemq-platform] [hivemq-platform-operator] [05f7a4c8] 21:23:28.380 [ReconcilerExecutor-hivemq-controller-112] DEBUG c.h.p.o.HiveMQPlatformReconciler - [helmexte] Custom Resource Spec (replicas: 1) (extensions: 1)
2025-01-28 21:23:28,383 INFO c.h.h.t.HelmChartContainer - [hivemq-test-hivemq-platform] [hivemq-platform-operator] [05f7a4c8] 21:23:28.382 [ReconcilerExecutor-hivemq-controller-112] DEBUG c.h.p.o.HiveMQPlatformReconciler - [helmexte] StatefulSet Status (revision: test-hivemq-platform-784f65f8f4, replicas: 1, available: 1, ready: 1, current: 1, updated: 1)
2025-01-28 21:23:28,384 INFO c.h.h.t.HelmChartContainer - [hivemq-test-hivemq-platform] [hivemq-platform-operator] [05f7a4c8] 21:23:28.383 [ReconcilerExecutor-hivemq-controller-112] DEBUG c.h.p.o.HiveMQPlatformReconciler - [helmexte] StatefulSet Spec (replicas: 1, init containers: 1, containers: 1, volumes: 5)
2025-01-28 21:23:28,385 INFO c.h.h.t.HelmChartContainer - [hivemq-test-hivemq-platform] [hivemq-platform-operator] [05f7a4c8] 21:23:28.385 [ReconcilerExecutor-hivemq-controller-112] DEBUG c.h.p.o.h.HiveMQPlatformReconcilerErrorHandler - [helmexte] Pod 'test-hivemq-platform-0' phase Running
2025-01-28 21:23:28,386 INFO c.h.h.t.HelmChartContainer - [hivemq-test-hivemq-platform] [hivemq-platform-operator] [05f7a4c8] 21:23:28.386 [ReconcilerExecutor-hivemq-controller-112] INFO  c.h.p.o.h.HiveMQPlatformReconcilerBaseHandler - [helmexte] HiveMQ Platform started successfully
2025-01-28 21:23:28,488 INFO c.h.h.t.HelmChartContainer - [hivemq-test-hivemq-platform] [hivemq-platform-operator] [05f7a4c8] 21:23:28.487 [ReconcilerExecutor-hivemq-controller-112] DEBUG c.h.p.operator.event.EventSender - [helmexte] Creating K8s event hivemq-platform-ready: [Ready] HiveMQ Platform is ready
2025-01-28 21:23:28,497 INFO c.h.h.t.HelmChartContainer - [hivemq-test-hivemq-platform] [hivemq-platform-operator] [05f7a4c8] 21:23:28.493 [ReconcilerExecutor-hivemq-controller-112] INFO  c.h.p.o.h.AbstractHiveMQReconcilerStateHandler - [helmexte] Update HiveMQ Platform Status (STARTING [READY] -> RUNNING [READY]): HiveMQ Platform is ready
2025-01-28 21:23:28,497 INFO c.h.h.t.HelmChartContainer - [EVENT] Normal [Ready] HiveMQ Platform is ready [helmextensionlicensesit:test-hivemq-platform]
2025-01-28 21:23:28,582 DEBUG com.hivemq.helmcharts.util.K8sUtil - Comparing actual state 'RUNNING' and waiting for 'RUNNING'
2025-01-28 21:23:28,591 INFO c.h.h.t.HelmChartContainer - [hivemq-test-hivemq-platform] [hivemq-platform-operator] [05f7a4c8] 21:23:28.585 [pool-6-thread-9] DEBUG c.h.p.o.d.PlatformServiceResource - [helmexte] Desired Platform services (3 services)
2025-01-28 21:23:28,591 INFO c.h.h.t.HelmChartContainer - [hivemq-test-hivemq-platform] [hivemq-platform-operator] [05f7a4c8] 21:23:28.587 [pool-6-thread-2] DEBUG c.h.p.o.dependants.PodInfoConfigMap - [helmexte] Desired PodInfo ConfigMap (1 extensions) (1 enabled)
2025-01-28 21:23:28,591 INFO c.h.h.t.HelmChartContainer - [hivemq-test-hivemq-platform] [hivemq-platform-operator] [05f7a4c8] 21:23:28.587 [pool-6-thread-2] DEBUG c.h.p.o.dependants.PodInfoConfigMap - [helmexte] Desired PodInfo ConfigMap (metrics port: 9399) (metrics path: /)
2025-01-28 21:23:28,591 INFO c.h.h.t.HelmChartContainer - [hivemq-test-hivemq-platform] [hivemq-platform-operator] [05f7a4c8] 21:23:28.587 [pool-6-thread-2] DEBUG c.h.p.o.dependants.PodInfoConfigMap - [helmexte] Desired PodInfo ConfigMap (extension state hash: -723943861)
2025-01-28 21:23:28,591 INFO c.h.h.t.HelmChartContainer - [hivemq-test-hivemq-platform] [hivemq-platform-operator] [05f7a4c8] 21:23:28.588 [pool-6-thread-2] DEBUG c.h.p.o.dependants.PodInfoConfigMap - [helmexte] Update PodInfo ConfigMap
2025-01-28 21:23:28,592 INFO c.h.h.t.HelmChartContainer - [hivemq-test-hivemq-platform] [hivemq-platform-operator] [05f7a4c8] 21:23:28.591 [pool-6-thread-4] DEBUG c.h.p.o.d.PodServiceAccountResource - [helmexte] Desired PodServiceAccountResource (serviceAccountName: hivemq-platform-pod-test-hivemq-platform)
2025-01-28 21:23:28,682 INFO c.h.h.t.HelmChartContainer - [hivemq-test-hivemq-platform] [hivemq-platform-operator] [05f7a4c8] 21:23:28.680 [pool-6-thread-2] DEBUG c.h.p.o.d.StatefulSetResource - [helmexte] Desired StatefulSet (1 replicas) for status RUNNING (READY)
2025-01-28 21:23:28,686 INFO c.h.h.t.HelmChartContainer - [hivemq-test-hivemq-platform] [hivemq-platform-operator] [05f7a4c8] 21:23:28.684 [ReconcilerExecutor-hivemq-controller-113] INFO  c.h.p.o.HiveMQPlatformReconciler - [helmexte] Reconciling HiveMQ Platform 'test-hivemq-platform' in namespace 'helmextensionlicensesit'
2025-01-28 21:23:28,686 INFO c.h.h.t.HelmChartContainer - [hivemq-test-hivemq-platform] [hivemq-platform-operator] [05f7a4c8] 21:23:28.685 [ReconcilerExecutor-hivemq-controller-113] DEBUG c.h.p.o.HiveMQPlatformReconciler - [helmexte] Custom Resource Status RUNNING - HiveMQ Platform is ready (READY)
2025-01-28 21:23:28,686 INFO c.h.h.t.HelmChartContainer - [hivemq-test-hivemq-platform] [hivemq-platform-operator] [05f7a4c8] 21:23:28.685 [ReconcilerExecutor-hivemq-controller-113] DEBUG c.h.p.o.HiveMQPlatformReconciler - [helmexte] Custom Resource Spec (replicas: 1) (extensions: 1)
2025-01-28 21:23:28,688 INFO c.h.h.t.HelmChartContainer - [hivemq-test-hivemq-platform] [hivemq-platform-operator] [05f7a4c8] 21:23:28.687 [ReconcilerExecutor-hivemq-controller-113] DEBUG c.h.p.o.HiveMQPlatformReconciler - [helmexte] StatefulSet Status (revision: test-hivemq-platform-784f65f8f4, replicas: 1, available: 1, ready: 1, current: 1, updated: 1)
2025-01-28 21:23:28,688 INFO c.h.h.t.HelmChartContainer - [hivemq-test-hivemq-platform] [hivemq-platform-operator] [05f7a4c8] 21:23:28.688 [ReconcilerExecutor-hivemq-controller-113] DEBUG c.h.p.o.HiveMQPlatformReconciler - [helmexte] StatefulSet Spec (replicas: 1, init containers: 1, containers: 1, volumes: 5)
2025-01-28 21:23:28,690 INFO c.h.h.t.HelmChartContainer - [hivemq-test-hivemq-platform] [hivemq-platform-operator] [05f7a4c8] 21:23:28.689 [ReconcilerExecutor-hivemq-controller-113] DEBUG c.h.p.o.h.HiveMQPlatformReconcilerErrorHandler - [helmexte] Pod 'test-hivemq-platform-0' phase Running
2025-01-28 21:23:34,605 INFO c.h.h.t.HelmChartContainer - Uninstalling release 'test-hivemq-platform' in namespace 'helmextensionlicensesit'...
2025-01-28 21:23:34,605 DEBUG c.h.h.t.HelmChartContainer - Executing helm command: /bin/helm --kubeconfig /etc/rancher/k3s/k3s.yaml uninstall test-hivemq-platform  --wait --timeout 5m0s --cascade foreground --namespace helmextensionlicensesit
2025-01-28 21:23:34,797 INFO c.h.h.t.HelmChartContainer - [hivemq-test-hivemq-platform] [hivemq-platform-operator] [05f7a4c8] 21:23:34.796 [pool-6-thread-14] DEBUG c.h.p.o.d.PlatformServiceResource - [helmexte] Desired Platform services (3 services)
2025-01-28 21:23:34,801 INFO c.h.h.t.HelmChartContainer - [hivemq-test-hivemq-platform] [hivemq-platform-operator] [05f7a4c8] 21:23:34.797 [pool-6-thread-15] DEBUG c.h.p.o.dependants.PodInfoConfigMap - [helmexte] Desired PodInfo ConfigMap (1 extensions) (1 enabled)
2025-01-28 21:23:34,801 INFO c.h.h.t.HelmChartContainer - [hivemq-test-hivemq-platform] [hivemq-platform-operator] [05f7a4c8] 21:23:34.798 [pool-6-thread-15] DEBUG c.h.p.o.dependants.PodInfoConfigMap - [helmexte] Desired PodInfo ConfigMap (metrics port: 9399) (metrics path: /)
2025-01-28 21:23:34,801 INFO c.h.h.t.HelmChartContainer - [hivemq-test-hivemq-platform] [hivemq-platform-operator] [05f7a4c8] 21:23:34.799 [pool-6-thread-15] DEBUG c.h.p.o.dependants.PodInfoConfigMap - [helmexte] Desired PodInfo ConfigMap (extension state hash: -723943861)
2025-01-28 21:23:34,801 INFO c.h.h.t.HelmChartContainer - [hivemq-test-hivemq-platform] [hivemq-platform-operator] [05f7a4c8] 21:23:34.799 [pool-6-thread-19] DEBUG c.h.p.o.d.PodServiceAccountResource - [helmexte] Desired PodServiceAccountResource (serviceAccountName: hivemq-platform-pod-test-hivemq-platform)
2025-01-28 21:23:34,884 INFO c.h.h.t.HelmChartContainer - [hivemq-test-hivemq-platform] [hivemq-platform-operator] [05f7a4c8] 21:23:34.883 [pool-6-thread-17] DEBUG c.h.p.o.d.StatefulSetResource - [helmexte] Desired StatefulSet (1 replicas) for status RUNNING (READY)
2025-01-28 21:23:34,976 INFO c.h.h.t.HelmChartContainer - [hivemq-test-hivemq-platform] [hivemq-platform-operator] [05f7a4c8] 21:23:34.974 [pool-6-thread-17] DEBUG c.h.p.o.d.StatefulSetResource - [helmexte] Update StatefulSet (replicas: 1 -> 1)
2025-01-28 21:23:34,978 INFO c.h.h.t.HelmChartContainer - [hivemq-test-hivemq-platform] [hivemq-platform-operator] [05f7a4c8] 21:23:34.976 [pool-6-thread-17] DEBUG c.h.p.o.d.StatefulSetResource - [helmexte] Detected change in StatefulSet specification (path: /template/metadata/annotations/kubernetes-resource-versions) (actual value: {broker-configuration-v2=-2089688360}) (target value: {broker-configuration-v2=0})
2025-01-28 21:23:34,978 INFO c.h.h.t.HelmChartContainer - [hivemq-test-hivemq-platform] [hivemq-platform-operator] [05f7a4c8] 21:23:34.976 [pool-6-thread-17] INFO  c.h.p.o.d.StatefulSetResource - [helmexte] StatefulSet spec was updated, triggering rolling restart
2025-01-28 21:23:35,079 INFO c.h.h.t.HelmChartContainer - [hivemq-test-hivemq-platform] [hivemq-platform-operator] [05f7a4c8] 21:23:35.076 [ReconcilerExecutor-hivemq-controller-114] INFO  c.h.p.o.HiveMQPlatformReconciler - [helmexte] Reconciling HiveMQ Platform 'test-hivemq-platform' in namespace 'helmextensionlicensesit'
2025-01-28 21:23:35,079 INFO c.h.h.t.HelmChartContainer - [hivemq-test-hivemq-platform] [hivemq-platform-operator] [05f7a4c8] 21:23:35.076 [ReconcilerExecutor-hivemq-controller-114] DEBUG c.h.p.o.HiveMQPlatformReconciler - [helmexte] Custom Resource Status RUNNING - HiveMQ Platform is ready (READY) (reconciliation requests: ROLLING_RESTART, REQUESTS_UPDATED)
2025-01-28 21:23:35,079 INFO c.h.h.t.HelmChartContainer - [hivemq-test-hivemq-platform] [hivemq-platform-operator] [05f7a4c8] 21:23:35.076 [ReconcilerExecutor-hivemq-controller-114] DEBUG c.h.p.o.HiveMQPlatformReconciler - [helmexte] Custom Resource Spec (replicas: 1) (extensions: 1)
2025-01-28 21:23:35,079 INFO c.h.h.t.HelmChartContainer - [hivemq-test-hivemq-platform] [hivemq-platform-operator] [05f7a4c8] 21:23:35.077 [ReconcilerExecutor-hivemq-controller-114] WARN  c.h.p.o.h.HiveMQPlatformReconcilerErrorHandler - [helmexte] Could not find ConfigMap 'hivemq-configuration-test-hivemq-platform' for HiveMQ Platform configuration
2025-01-28 21:23:35,179 INFO c.h.h.t.HelmChartContainer - [hivemq-test-hivemq-platform] [hivemq-platform-operator] [05f7a4c8] 21:23:35.176 [ReconcilerExecutor-hivemq-controller-114] DEBUG c.h.p.operator.event.EventSender - [helmexte] Creating K8s event hivemq-platform-invalid-configuration: [Start] Could not find ConfigMap 'hivemq-configuration-test-hivemq-platform' for HiveMQ Platform configuration
2025-01-28 21:23:35,188 INFO c.h.h.t.HelmChartContainer - [EVENT] Warning [Start] Could not find ConfigMap 'hivemq-configuration-test-hivemq-platform' for HiveMQ Platform configuration [helmextensionlicensesit:test-hivemq-platform]
2025-01-28 21:23:35,189 INFO c.h.h.t.HelmChartContainer - [hivemq-test-hivemq-platform] [hivemq-platform-operator] [05f7a4c8] 21:23:35.188 [ReconcilerExecutor-hivemq-controller-114] INFO  c.h.p.o.h.AbstractHiveMQReconcilerStateHandler - [helmexte] Update HiveMQ Platform Status (RUNNING [READY] -> ERROR [INVALID_CONFIG_MAP]): Could not find ConfigMap 'hivemq-configuration-test-hivemq-platform' for HiveMQ Platform configuration (reconciliation requests: ROLLING_RESTART)
2025-01-28 21:23:35,205 INFO c.h.h.t.HelmChartContainer - [hivemq-test-hivemq-platform] [hivemq-platform-operator] [05f7a4c8] 21:23:35.200 [ReconcilerExecutor-hivemq-controller-114] ERROR i.j.o.p.event.EventProcessor - Error during event processing ExecutionScope{ resource id: ResourceID{name='test-hivemq-platform', namespace='helmextensionlicensesit'}, version: 1393}
2025-01-28 21:23:35,205 INFO c.h.h.t.HelmChartContainer - [hivemq-test-hivemq-platform] [hivemq-platform-operator] [05f7a4c8] io.fabric8.kubernetes.client.KubernetesClientException: Failure executing: PUT at: https://10.43.0.1:443/apis/hivemq.com/v1/namespaces/helmextensionlicensesit/hivemq-platforms/test-hivemq-platform/status. Message: Operation cannot be fulfilled on hivemq-platforms.hivemq.com "test-hivemq-platform": the object has been modified; please apply your changes to the latest version and try again. Received status: Status(apiVersion=v1, code=409, details=StatusDetails(causes=[], group=hivemq.com, kind=hivemq-platforms, name=test-hivemq-platform, retryAfterSeconds=null, uid=null, additionalProperties={}), kind=Status, message=Operation cannot be fulfilled on hivemq-platforms.hivemq.com "test-hivemq-platform": the object has been modified; please apply your changes to the latest version and try again, metadata=ListMeta(_continue=null, remainingItemCount=null, resourceVersion=null, selfLink=null, additionalProperties={}), reason=Conflict, status=Failure, additionalProperties={}).
2025-01-28 21:23:35,205 INFO c.h.h.t.HelmChartContainer - [hivemq-test-hivemq-platform] [hivemq-platform-operator] [05f7a4c8] 	at io.fabric8.kubernetes.client.KubernetesClientException.copyAsCause(KubernetesClientException.java:238)
2025-01-28 21:23:35,205 INFO c.h.h.t.HelmChartContainer - [hivemq-test-hivemq-platform] [hivemq-platform-operator] [05f7a4c8] 	at io.fabric8.kubernetes.client.dsl.internal.OperationSupport.waitForResult(OperationSupport.java:507)
2025-01-28 21:23:35,205 INFO c.h.h.t.HelmChartContainer - [hivemq-test-hivemq-platform] [hivemq-platform-operator] [05f7a4c8] 	at io.fabric8.kubernetes.client.dsl.internal.OperationSupport.handleResponse(OperationSupport.java:524)
2025-01-28 21:23:35,205 INFO c.h.h.t.HelmChartContainer - [hivemq-test-hivemq-platform] [hivemq-platform-operator] [05f7a4c8] 	at io.fabric8.kubernetes.client.dsl.internal.OperationSupport.handleUpdate(OperationSupport.java:358)
2025-01-28 21:23:35,205 INFO c.h.h.t.HelmChartContainer - [hivemq-test-hivemq-platform] [hivemq-platform-operator] [05f7a4c8] 	at io.fabric8.kubernetes.client.dsl.internal.BaseOperation.handleUpdate(BaseOperation.java:759)
2025-01-28 21:23:35,205 INFO c.h.h.t.HelmChartContainer - [hivemq-test-hivemq-platform] [hivemq-platform-operator] [05f7a4c8] 	at io.fabric8.kubernetes.client.dsl.internal.HasMetadataOperation.update(HasMetadataOperation.java:138)
2025-01-28 21:23:35,205 INFO c.h.h.t.HelmChartContainer - [hivemq-test-hivemq-platform] [hivemq-platform-operator] [05f7a4c8] 	at io.fabric8.kubernetes.client.dsl.internal.HasMetadataOperation.update(HasMetadataOperation.java:121)
2025-01-28 21:23:35,205 INFO c.h.h.t.HelmChartContainer - [hivemq-test-hivemq-platform] [hivemq-platform-operator] [05f7a4c8] 	at io.fabric8.kubernetes.client.dsl.internal.HasMetadataOperation.updateStatus(HasMetadataOperation.java:126)
2025-01-28 21:23:35,205 INFO c.h.h.t.HelmChartContainer - [hivemq-test-hivemq-platform] [hivemq-platform-operator] [05f7a4c8] 	at io.fabric8.kubernetes.client.dsl.internal.HasMetadataOperation.updateStatus(HasMetadataOperation.java:44)
2025-01-28 21:23:35,205 INFO c.h.h.t.HelmChartContainer - [hivemq-test-hivemq-platform] [hivemq-platform-operator] [05f7a4c8] 	at io.javaoperatorsdk.operator.processing.event.ReconciliationDispatcher$CustomResourceFacade.updateStatus(ReconciliationDispatcher.java:408)
2025-01-28 21:23:35,205 INFO c.h.h.t.HelmChartContainer - [hivemq-test-hivemq-platform] [hivemq-platform-operator] [05f7a4c8] 	at io.javaoperatorsdk.operator.processing.event.ReconciliationDispatcher.updateStatusGenerationAware(ReconciliationDispatcher.java:228)
2025-01-28 21:23:35,205 INFO c.h.h.t.HelmChartContainer - [hivemq-test-hivemq-platform] [hivemq-platform-operator] [05f7a4c8] 	at io.javaoperatorsdk.operator.processing.event.ReconciliationDispatcher.reconcileExecution(ReconciliationDispatcher.java:150)
2025-01-28 21:23:35,205 INFO c.h.h.t.HelmChartContainer - [hivemq-test-hivemq-platform] [hivemq-platform-operator] [05f7a4c8] 	at io.javaoperatorsdk.operator.processing.event.ReconciliationDispatcher.handleReconcile(ReconciliationDispatcher.java:117)
2025-01-28 21:23:35,205 INFO c.h.h.t.HelmChartContainer - [hivemq-test-hivemq-platform] [hivemq-platform-operator] [05f7a4c8] 	at io.javaoperatorsdk.operator.processing.event.ReconciliationDispatcher.handleDispatch(ReconciliationDispatcher.java:91)
2025-01-28 21:23:35,205 INFO c.h.h.t.HelmChartContainer - [hivemq-test-hivemq-platform] [hivemq-platform-operator] [05f7a4c8] 	at io.javaoperatorsdk.operator.processing.event.ReconciliationDispatcher.handleExecution(ReconciliationDispatcher.java:64)
2025-01-28 21:23:35,205 INFO c.h.h.t.HelmChartContainer - [hivemq-test-hivemq-platform] [hivemq-platform-operator] [05f7a4c8] 	at io.javaoperatorsdk.operator.processing.event.EventProcessor$ReconcilerExecutor.run(EventProcessor.java:452)
2025-01-28 21:23:35,205 INFO c.h.h.t.HelmChartContainer - [hivemq-test-hivemq-platform] [hivemq-platform-operator] [05f7a4c8] 	at java.base/java.util.concurrent.ThreadPoolExecutor.runWorker(Unknown Source)
2025-01-28 21:23:35,206 INFO c.h.h.t.HelmChartContainer - [hivemq-test-hivemq-platform] [hivemq-platform-operator] [05f7a4c8] 	at java.base/java.util.concurrent.ThreadPoolExecutor$Worker.run(Unknown Source)
2025-01-28 21:23:35,206 INFO c.h.h.t.HelmChartContainer - [hivemq-test-hivemq-platform] [hivemq-platform-operator] [05f7a4c8] 	at java.base/java.lang.Thread.run(Unknown Source)
2025-01-28 21:23:35,206 INFO c.h.h.t.HelmChartContainer - [hivemq-test-hivemq-platform] [hivemq-platform-operator] [05f7a4c8] Caused by: io.fabric8.kubernetes.client.KubernetesClientException: Failure executing: PUT at: https://10.43.0.1:443/apis/hivemq.com/v1/namespaces/helmextensionlicensesit/hivemq-platforms/test-hivemq-platform/status. Message: Operation cannot be fulfilled on hivemq-platforms.hivemq.com "test-hivemq-platform": the object has been modified; please apply your changes to the latest version and try again. Received status: Status(apiVersion=v1, code=409, details=StatusDetails(causes=[], group=hivemq.com, kind=hivemq-platforms, name=test-hivemq-platform, retryAfterSeconds=null, uid=null, additionalProperties={}), kind=Status, message=Operation cannot be fulfilled on hivemq-platforms.hivemq.com "test-hivemq-platform": the object has been modified; please apply your changes to the latest version and try again, metadata=ListMeta(_continue=null, remainingItemCount=null, resourceVersion=null, selfLink=null, additionalProperties={}), reason=Conflict, status=Failure, additionalProperties={}).
2025-01-28 21:23:35,206 INFO c.h.h.t.HelmChartContainer - [hivemq-test-hivemq-platform] [hivemq-platform-operator] [05f7a4c8] 	at io.fabric8.kubernetes.client.dsl.internal.OperationSupport.requestFailure(OperationSupport.java:660)
2025-01-28 21:23:35,206 INFO c.h.h.t.HelmChartContainer - [hivemq-test-hivemq-platform] [hivemq-platform-operator] [05f7a4c8] 	at io.fabric8.kubernetes.client.dsl.internal.OperationSupport.requestFailure(OperationSupport.java:640)
2025-01-28 21:23:35,206 INFO c.h.h.t.HelmChartContainer - [hivemq-test-hivemq-platform] [hivemq-platform-operator] [05f7a4c8] 	at io.fabric8.kubernetes.client.dsl.internal.OperationSupport.assertResponseCode(OperationSupport.java:589)
2025-01-28 21:23:35,206 INFO c.h.h.t.HelmChartContainer - [hivemq-test-hivemq-platform] [hivemq-platform-operator] [05f7a4c8] 	at io.fabric8.kubernetes.client.dsl.internal.OperationSupport.lambda$handleResponse$0(OperationSupport.java:549)
2025-01-28 21:23:35,206 INFO c.h.h.t.HelmChartContainer - [hivemq-test-hivemq-platform] [hivemq-platform-operator] [05f7a4c8] 	at java.base/java.util.concurrent.CompletableFuture$UniApply.tryFire(Unknown Source)
2025-01-28 21:23:35,206 INFO c.h.h.t.HelmChartContainer - [hivemq-test-hivemq-platform] [hivemq-platform-operator] [05f7a4c8] 	at java.base/java.util.concurrent.CompletableFuture.postComplete(Unknown Source)
2025-01-28 21:23:35,206 INFO c.h.h.t.HelmChartContainer - [hivemq-test-hivemq-platform] [hivemq-platform-operator] [05f7a4c8] 	at java.base/java.util.concurrent.CompletableFuture.complete(Unknown Source)
2025-01-28 21:23:35,206 INFO c.h.h.t.HelmChartContainer - [hivemq-test-hivemq-platform] [hivemq-platform-operator] [05f7a4c8] 	at io.fabric8.kubernetes.client.http.StandardHttpClient.lambda$completeOrCancel$10(StandardHttpClient.java:141)
2025-01-28 21:23:35,206 INFO c.h.h.t.HelmChartContainer - [hivemq-test-hivemq-platform] [hivemq-platform-operator] [05f7a4c8] 	at java.base/java.util.concurrent.CompletableFuture.uniWhenComplete(Unknown Source)
2025-01-28 21:23:35,206 INFO c.h.h.t.HelmChartContainer - [hivemq-test-hivemq-platform] [hivemq-platform-operator] [05f7a4c8] 	at java.base/java.util.concurrent.CompletableFuture$UniWhenComplete.tryFire(Unknown Source)
2025-01-28 21:23:35,206 INFO c.h.h.t.HelmChartContainer - [hivemq-test-hivemq-platform] [hivemq-platform-operator] [05f7a4c8] 	at java.base/java.util.concurrent.CompletableFuture.postComplete(Unknown Source)
2025-01-28 21:23:35,206 INFO c.h.h.t.HelmChartContainer - [hivemq-test-hivemq-platform] [hivemq-platform-operator] [05f7a4c8] 	at java.base/java.util.concurrent.CompletableFuture.complete(Unknown Source)
2025-01-28 21:23:35,206 INFO c.h.h.t.HelmChartContainer - [hivemq-test-hivemq-platform] [hivemq-platform-operator] [05f7a4c8] 	at io.fabric8.kubernetes.client.http.ByteArrayBodyHandler.onBodyDone(ByteArrayBodyHandler.java:51)
2025-01-28 21:23:35,206 INFO c.h.h.t.HelmChartContainer - [hivemq-test-hivemq-platform] [hivemq-platform-operator] [05f7a4c8] 	at java.base/java.util.concurrent.CompletableFuture.uniWhenComplete(Unknown Source)
2025-01-28 21:23:35,206 INFO c.h.h.t.HelmChartContainer - [hivemq-test-hivemq-platform] [hivemq-platform-operator] [05f7a4c8] 	at java.base/java.util.concurrent.CompletableFuture$UniWhenComplete.tryFire(Unknown Source)
2025-01-28 21:23:35,206 INFO c.h.h.t.HelmChartContainer - [hivemq-test-hivemq-platform] [hivemq-platform-operator] [05f7a4c8] 	at java.base/java.util.concurrent.CompletableFuture.postComplete(Unknown Source)
2025-01-28 21:23:35,206 INFO c.h.h.t.HelmChartContainer - [hivemq-test-hivemq-platform] [hivemq-platform-operator] [05f7a4c8] 	at java.base/java.util.concurrent.CompletableFuture.complete(Unknown Source)
2025-01-28 21:23:35,206 INFO c.h.h.t.HelmChartContainer - [hivemq-test-hivemq-platform] [hivemq-platform-operator] [05f7a4c8] 	at io.fabric8.kubernetes.client.vertx.VertxHttpRequest.lambda$null$1(VertxHttpRequest.java:121)
2025-01-28 21:23:35,206 INFO c.h.h.t.HelmChartContainer - [hivemq-test-hivemq-platform] [hivemq-platform-operator] [05f7a4c8] 	at io.vertx.core.impl.ContextInternal.dispatch(ContextInternal.java:279)
2025-01-28 21:23:35,206 INFO c.h.h.t.HelmChartContainer - [hivemq-test-hivemq-platform] [hivemq-platform-operator] [05f7a4c8] 	at io.vertx.core.impl.ContextInternal.dispatch(ContextInternal.java:261)
2025-01-28 21:23:35,206 INFO c.h.h.t.HelmChartContainer - [hivemq-test-hivemq-platform] [hivemq-platform-operator] [05f7a4c8] 	at io.vertx.core.http.impl.HttpEventHandler.handleEnd(HttpEventHandler.java:76)
2025-01-28 21:23:35,206 INFO c.h.h.t.HelmChartContainer - [hivemq-test-hivemq-platform] [hivemq-platform-operator] [05f7a4c8] 	at io.vertx.core.http.impl.HttpClientResponseImpl.handleEnd(HttpClientResponseImpl.java:250)
2025-01-28 21:23:35,206 INFO c.h.h.t.HelmChartContainer - [hivemq-test-hivemq-platform] [hivemq-platform-operator] [05f7a4c8] 	at io.vertx.core.http.impl.Http1xClientConnection$StreamImpl.lambda$new$0(Http1xClientConnection.java:421)
2025-01-28 21:23:35,207 INFO c.h.h.t.HelmChartContainer - [hivemq-test-hivemq-platform] [hivemq-platform-operator] [05f7a4c8] 	at io.vertx.core.streams.impl.InboundBuffer.handleEvent(InboundBuffer.java:279)
2025-01-28 21:23:35,207 INFO c.h.h.t.HelmChartContainer - [hivemq-test-hivemq-platform] [hivemq-platform-operator] [05f7a4c8] 	at io.vertx.core.streams.impl.InboundBuffer.write(InboundBuffer.java:157)
2025-01-28 21:23:35,207 INFO c.h.h.t.HelmChartContainer - [hivemq-test-hivemq-platform] [hivemq-platform-operator] [05f7a4c8] 	at io.vertx.core.http.impl.Http1xClientConnection$StreamImpl.handleEnd(Http1xClientConnection.java:709)
2025-01-28 21:23:35,207 INFO c.h.h.t.HelmChartContainer - [hivemq-test-hivemq-platform] [hivemq-platform-operator] [05f7a4c8] 	at io.vertx.core.impl.ContextImpl.execute(ContextImpl.java:313)
2025-01-28 21:23:35,207 INFO c.h.h.t.HelmChartContainer - [hivemq-test-hivemq-platform] [hivemq-platform-operator] [05f7a4c8] 	at io.vertx.core.impl.ContextImpl.execute(ContextImpl.java:293)
2025-01-28 21:23:35,207 INFO c.h.h.t.HelmChartContainer - [hivemq-test-hivemq-platform] [hivemq-platform-operator] [05f7a4c8] 	at io.vertx.core.http.impl.Http1xClientConnection.handleResponseEnd(Http1xClientConnection.java:940)
2025-01-28 21:23:35,207 INFO c.h.h.t.HelmChartContainer - [hivemq-test-hivemq-platform] [hivemq-platform-operator] [05f7a4c8] 	at io.vertx.core.http.impl.Http1xClientConnection.handleHttpMessage(Http1xClientConnection.java:810)
2025-01-28 21:23:35,207 INFO c.h.h.t.HelmChartContainer - [hivemq-test-hivemq-platform] [hivemq-platform-operator] [05f7a4c8] 	at io.vertx.core.http.impl.Http1xClientConnection.handleMessage(Http1xClientConnection.java:774)
2025-01-28 21:23:35,207 INFO c.h.h.t.HelmChartContainer - [hivemq-test-hivemq-platform] [hivemq-platform-operator] [05f7a4c8] 	at io.vertx.core.net.impl.ConnectionBase.read(ConnectionBase.java:159)
2025-01-28 21:23:35,207 INFO c.h.h.t.HelmChartContainer - [hivemq-test-hivemq-platform] [hivemq-platform-operator] [05f7a4c8] 	at io.vertx.core.net.impl.VertxHandler.channelRead(VertxHandler.java:153)
2025-01-28 21:23:35,207 INFO c.h.h.t.HelmChartContainer - [hivemq-test-hivemq-platform] [hivemq-platform-operator] [05f7a4c8] 	at io.netty.channel.AbstractChannelHandlerContext.invokeChannelRead(AbstractChannelHandlerContext.java:442)
2025-01-28 21:23:35,207 INFO c.h.h.t.HelmChartContainer - [hivemq-test-hivemq-platform] [hivemq-platform-operator] [05f7a4c8] 	at io.netty.channel.AbstractChannelHandlerContext.invokeChannelRead(AbstractChannelHandlerContext.java:420)
2025-01-28 21:23:35,207 INFO c.h.h.t.HelmChartContainer - [hivemq-test-hivemq-platform] [hivemq-platform-operator] [05f7a4c8] 	at io.netty.channel.AbstractChannelHandlerContext.fireChannelRead(AbstractChannelHandlerContext.java:412)
2025-01-28 21:23:35,207 INFO c.h.h.t.HelmChartContainer - [hivemq-test-hivemq-platform] [hivemq-platform-operator] [05f7a4c8] 	at io.netty.channel.CombinedChannelDuplexHandler$DelegatingChannelHandlerContext.fireChannelRead(CombinedChannelDuplexHandler.java:436)
2025-01-28 21:23:35,207 INFO c.h.h.t.HelmChartContainer - [hivemq-test-hivemq-platform] [hivemq-platform-operator] [05f7a4c8] 	at io.netty.handler.codec.ByteToMessageDecoder.fireChannelRead(ByteToMessageDecoder.java:346)
2025-01-28 21:23:35,207 INFO c.h.h.t.HelmChartContainer - [hivemq-test-hivemq-platform] [hivemq-platform-operator] [05f7a4c8] 	at io.netty.handler.codec.ByteToMessageDecoder.channelRead(ByteToMessageDecoder.java:318)
2025-01-28 21:23:35,207 INFO c.h.h.t.HelmChartContainer - [hivemq-test-hivemq-platform] [hivemq-platform-operator] [05f7a4c8] 	at io.netty.channel.CombinedChannelDuplexHandler.channelRead(CombinedChannelDuplexHandler.java:251)
2025-01-28 21:23:35,207 INFO c.h.h.t.HelmChartContainer - [hivemq-test-hivemq-platform] [hivemq-platform-operator] [05f7a4c8] 	at io.netty.channel.AbstractChannelHandlerContext.invokeChannelRead(AbstractChannelHandlerContext.java:442)
2025-01-28 21:23:35,207 INFO c.h.h.t.HelmChartContainer - [hivemq-test-hivemq-platform] [hivemq-platform-operator] [05f7a4c8] 	at io.netty.channel.AbstractChannelHandlerContext.invokeChannelRead(AbstractChannelHandlerContext.java:420)
2025-01-28 21:23:35,207 INFO c.h.h.t.HelmChartContainer - [hivemq-test-hivemq-platform] [hivemq-platform-operator] [05f7a4c8] 	at io.netty.channel.AbstractChannelHandlerContext.fireChannelRead(AbstractChannelHandlerContext.java:412)
2025-01-28 21:23:35,207 INFO c.h.h.t.HelmChartContainer - [hivemq-test-hivemq-platform] [hivemq-platform-operator] [05f7a4c8] 	at io.netty.handler.ssl.SslHandler.unwrap(SslHandler.java:1475)
2025-01-28 21:23:35,207 INFO c.h.h.t.HelmChartContainer - [hivemq-test-hivemq-platform] [hivemq-platform-operator] [05f7a4c8] 	at io.netty.handler.ssl.SslHandler.decodeJdkCompatible(SslHandler.java:1338)
2025-01-28 21:23:35,207 INFO c.h.h.t.HelmChartContainer - [hivemq-test-hivemq-platform] [hivemq-platform-operator] [05f7a4c8] 	at io.netty.handler.ssl.SslHandler.decode(SslHandler.java:1387)
2025-01-28 21:23:35,207 INFO c.h.h.t.HelmChartContainer - [hivemq-test-hivemq-platform] [hivemq-platform-operator] [05f7a4c8] 	at io.netty.handler.codec.ByteToMessageDecoder.decodeRemovalReentryProtection(ByteToMessageDecoder.java:530)
2025-01-28 21:23:35,207 INFO c.h.h.t.HelmChartContainer - [hivemq-test-hivemq-platform] [hivemq-platform-operator] [05f7a4c8] 	at io.netty.handler.codec.ByteToMessageDecoder.callDecode(ByteToMessageDecoder.java:469)
2025-01-28 21:23:35,207 INFO c.h.h.t.HelmChartContainer - [hivemq-test-hivemq-platform] [hivemq-platform-operator] [05f7a4c8] 	at io.netty.handler.codec.ByteToMessageDecoder.channelRead(ByteToMessageDecoder.java:290)
2025-01-28 21:23:35,207 INFO c.h.h.t.HelmChartContainer - [hivemq-test-hivemq-platform] [hivemq-platform-operator] [05f7a4c8] 	at io.netty.channel.AbstractChannelHandlerContext.invokeChannelRead(AbstractChannelHandlerContext.java:444)
2025-01-28 21:23:35,207 INFO c.h.h.t.HelmChartContainer - [hivemq-test-hivemq-platform] [hivemq-platform-operator] [05f7a4c8] 	at io.netty.channel.AbstractChannelHandlerContext.invokeChannelRead(AbstractChannelHandlerContext.java:420)
2025-01-28 21:23:35,207 INFO c.h.h.t.HelmChartContainer - [hivemq-test-hivemq-platform] [hivemq-platform-operator] [05f7a4c8] 	at io.netty.channel.AbstractChannelHandlerContext.fireChannelRead(AbstractChannelHandlerContext.java:412)
2025-01-28 21:23:35,207 INFO c.h.h.t.HelmChartContainer - [hivemq-test-hivemq-platform] [hivemq-platform-operator] [05f7a4c8] 	at io.netty.channel.DefaultChannelPipeline$HeadContext.channelRead(DefaultChannelPipeline.java:1407)
2025-01-28 21:23:35,207 INFO c.h.h.t.HelmChartContainer - [hivemq-test-hivemq-platform] [hivemq-platform-operator] [05f7a4c8] 	at io.netty.channel.AbstractChannelHandlerContext.invokeChannelRead(AbstractChannelHandlerContext.java:440)
2025-01-28 21:23:35,207 INFO c.h.h.t.HelmChartContainer - [hivemq-test-hivemq-platform] [hivemq-platform-operator] [05f7a4c8] 	at io.netty.channel.AbstractChannelHandlerContext.invokeChannelRead(AbstractChannelHandlerContext.java:420)
2025-01-28 21:23:35,207 INFO c.h.h.t.HelmChartContainer - [hivemq-test-hivemq-platform] [hivemq-platform-operator] [05f7a4c8] 	at io.netty.channel.DefaultChannelPipeline.fireChannelRead(DefaultChannelPipeline.java:918)
2025-01-28 21:23:35,207 INFO c.h.h.t.HelmChartContainer - [hivemq-test-hivemq-platform] [hivemq-platform-operator] [05f7a4c8] 	at io.netty.channel.nio.AbstractNioByteChannel$NioByteUnsafe.read(AbstractNioByteChannel.java:166)
2025-01-28 21:23:35,207 INFO c.h.h.t.HelmChartContainer - [hivemq-test-hivemq-platform] [hivemq-platform-operator] [05f7a4c8] 	at io.netty.channel.nio.NioEventLoop.processSelectedKey(NioEventLoop.java:788)
2025-01-28 21:23:35,207 INFO c.h.h.t.HelmChartContainer - [hivemq-test-hivemq-platform] [hivemq-platform-operator] [05f7a4c8] 	at io.netty.channel.nio.NioEventLoop.processSelectedKeysOptimized(NioEventLoop.java:724)
2025-01-28 21:23:35,207 INFO c.h.h.t.HelmChartContainer - [hivemq-test-hivemq-platform] [hivemq-platform-operator] [05f7a4c8] 	at io.netty.channel.nio.NioEventLoop.processSelectedKeys(NioEventLoop.java:650)
2025-01-28 21:23:35,207 INFO c.h.h.t.HelmChartContainer - [hivemq-test-hivemq-platform] [hivemq-platform-operator] [05f7a4c8] 	at io.netty.channel.nio.NioEventLoop.run(NioEventLoop.java:562)
2025-01-28 21:23:35,207 INFO c.h.h.t.HelmChartContainer - [hivemq-test-hivemq-platform] [hivemq-platform-operator] [05f7a4c8] 	at io.netty.util.concurrent.SingleThreadEventExecutor$4.run(SingleThreadEventExecutor.java:997)
2025-01-28 21:23:35,207 INFO c.h.h.t.HelmChartContainer - [hivemq-test-hivemq-platform] [hivemq-platform-operator] [05f7a4c8] 	at io.netty.util.internal.ThreadExecutorMap$2.run(ThreadExecutorMap.java:74)
2025-01-28 21:23:35,207 INFO c.h.h.t.HelmChartContainer - [hivemq-test-hivemq-platform] [hivemq-platform-operator] [05f7a4c8] 	at io.netty.util.concurrent.FastThreadLocalRunnable.run(FastThreadLocalRunnable.java:30)
2025-01-28 21:23:35,207 INFO c.h.h.t.HelmChartContainer - [hivemq-test-hivemq-platform] [hivemq-platform-operator] [05f7a4c8] 	... 1 common frames omitted
2025-01-28 21:23:35,207 INFO c.h.h.t.HelmChartContainer - [hivemq-test-hivemq-platform] [hivemq-platform-operator] [05f7a4c8] 21:23:35.206 [ReconcilerExecutor-hivemq-controller-118] INFO  c.h.p.o.HiveMQPlatformReconciler - [helmexte] Cleanup test-hivemq-platform - helmextensionlicensesit HiveMQ Platform is shut down
2025-01-28 21:23:35,683 INFO c.h.h.t.HelmChartContainer - [POD] test-hivemq-platform-0 [d052d8ac-7c53-4676-9588-796d539878e1] in helmextensionlicensesit was MODIFIED
2025-01-28 21:23:35,693 INFO c.h.h.t.HelmChartContainer - [EVENT] Normal [Killing] Stopping container hivemq [helmextensionlicensesit:test-hivemq-platform-0]
2025-01-28 21:23:35,693 INFO c.h.h.t.HelmChartContainer - Received Killing event for container hivemq in pod test-hivemq-platform-0 [d052d8ac-7c53-4676-9588-796d539878e1]
2025-01-28 21:23:35,693 INFO c.h.h.t.HelmChartContainer - Container [test-hivemq-platform-0] [hivemq] [d052d8ac-7c53-4676-9588-796d539878e1] was terminated
2025-01-28 21:23:35,693 INFO c.h.h.t.HelmChartContainer - [test-hivemq-platform] [hivemq] [d052d8ac] INFO  - [HiveMQ Platform Operator Init App 1.7.0-SNAPSHOT] Shutting down
2025-01-28 21:23:35,694 INFO c.h.h.t.HelmChartContainer - Stopped log watcher for hivemq in pod test-hivemq-platform-0 [d052d8ac-7c53-4676-9588-796d539878e1]
2025-01-28 21:23:35,695 INFO c.h.h.t.HelmChartContainer - [test-hivemq-platform] [hivemq] [d052d8ac] INFO  - [HiveMQ Platform Operator Init App 1.7.0-SNAPSHOT] Stopping the HiveMQ Platform
2025-01-28 21:23:35,766 INFO c.h.h.t.HelmChartContainer - [test-hivemq-platform] [hivemq] [d052d8ac] INFO  - Shutting down HiveMQ. Please wait, this could take a while...
2025-01-28 21:23:35,851 INFO c.h.h.t.HelmChartContainer - [test-hivemq-platform] [hivemq] [d052d8ac] INFO  - Shutting down listeners and clients
2025-01-28 21:23:35,854 INFO c.h.h.t.HelmChartContainer - [test-hivemq-platform] [hivemq] [d052d8ac] INFO  - Shutdown of listeners is done
2025-01-28 21:23:35,854 INFO c.h.h.t.HelmChartContainer - [test-hivemq-platform] [hivemq] [d052d8ac] INFO  - No clients are connected, proceeding with shutdown
2025-01-28 21:23:36,852 INFO c.h.h.t.HelmChartContainer - Deleting namespace 'helmextensionlicensesit'...
2025-01-28 21:23:38,263 INFO c.h.h.t.HelmChartContainer - [test-hivemq-platform] [hivemq] [d052d8ac] INFO  - Shutting down extension system
2025-01-28 21:23:38,264 INFO c.h.h.t.HelmChartContainer - [test-hivemq-platform] [hivemq] [d052d8ac] INFO  - [HiveMQ Platform Operator Init App 1.7.0-SNAPSHOT] Returning shutdown Health API response 503 for readiness
2025-01-28 21:23:38,269 INFO c.h.h.t.HelmChartContainer - [test-hivemq-platform] [hivemq] [d052d8ac] INFO  - Stopping extension with id hivemq-dns-cluster-discovery
2025-01-28 21:23:38,269 INFO c.h.h.t.HelmChartContainer - [EVENT] Warning [Unhealthy] Readiness probe failed: HTTP probe failed with statuscode: 503 [helmextensionlicensesit:test-hivemq-platform-0]
2025-01-28 21:23:38,269 INFO c.h.h.t.HelmChartContainer - Received Unhealthy event for container hivemq in pod test-hivemq-platform-0 [d052d8ac-7c53-4676-9588-796d539878e1]
2025-01-28 21:23:38,269 INFO c.h.h.t.HelmChartContainer - [test-hivemq-platform] [hivemq] [d052d8ac] INFO  - Extension "DNS Cluster Discovery Extension" version 4.3.2 stopped successfully.
2025-01-28 21:23:38,270 INFO c.h.h.t.HelmChartContainer - [test-hivemq-platform] [hivemq] [d052d8ac] INFO  - Stopping extension with id hivemq-distributed-tracing-extension
2025-01-28 21:23:38,272 INFO c.h.h.t.HelmChartContainer - [test-hivemq-platform] [hivemq] [d052d8ac] INFO  - Extension "HiveMQ Enterprise Distributed Tracing Extension" version 4.36.0 stopped successfully.
2025-01-28 21:23:38,272 INFO c.h.h.t.HelmChartContainer - [test-hivemq-platform] [hivemq] [d052d8ac] INFO  - Stopping extension with id hivemq-prometheus-extension
2025-01-28 21:23:38,275 INFO c.h.h.t.HelmChartContainer - [test-hivemq-platform] [hivemq] [d052d8ac] INFO  - Extension "Prometheus Monitoring Extension" version 4.0.12 stopped successfully.
2025-01-28 21:23:38,275 INFO c.h.h.t.HelmChartContainer - [test-hivemq-platform] [hivemq] [d052d8ac] INFO  - Stopping extension with id hivemq-allow-all-extension
2025-01-28 21:23:38,275 INFO c.h.h.t.HelmChartContainer - [test-hivemq-platform] [hivemq] [d052d8ac] INFO  - Extension "Allow All Extension" version 1.1.1 stopped successfully.
2025-01-28 21:23:38,776 INFO c.h.h.t.HelmChartContainer - [K3S] [authentication.go:74] "Unable to authenticate the request" err="[invalid bearer token, serviceaccounts \"hivemq-platform-pod-test-hivemq-platform\" not found]"
2025-01-28 21:23:38,797 INFO c.h.h.t.HelmChartContainer - [K3S] [authentication.go:74] "Unable to authenticate the request" err="[invalid bearer token, serviceaccounts \"hivemq-platform-pod-test-hivemq-platform\" not found]"
2025-01-28 21:23:38,860 INFO c.h.h.t.HelmChartContainer - [test-hivemq-platform] [hivemq] [d052d8ac] WARN  - [HiveMQ Platform Operator Init App 1.7.0-SNAPSHOT] Could not update Pod annotations: Failure executing: GET at: https://10.43.0.1:443/api/v1/namespaces/helmextensionlicensesit/pods/test-hivemq-platform-0. Message: Unauthorized. Received status: Status(apiVersion=v1, code=401, details=null, kind=Status, message=Unauthorized, metadata=ListMeta(_continue=null, remainingItemCount=null, resourceVersion=null, selfLink=null, additionalProperties={}), reason=Unauthorized, status=Failure, additionalProperties={}).
2025-01-28 21:23:39,155 INFO c.h.h.t.HelmChartContainer - [K3S] [range_allocator.go:247] "Successfully synced" key="05c9130ab25d"
2025-01-28 21:23:40,553 INFO c.h.h.t.HelmChartContainer - [test-hivemq-platform] [hivemq] [d052d8ac] INFO  - Shutdown completed.
2025-01-28 21:23:40,911 INFO c.h.h.t.HelmChartContainer - [test-hivemq-platform] [hivemq] [d052d8ac] INFO  - [HiveMQ Platform Operator Init App 1.7.0-SNAPSHOT] The HiveMQ Platform exited with code 143
2025-01-28 21:23:40,911 INFO c.h.h.t.HelmChartContainer - [test-hivemq-platform] [hivemq] [d052d8ac] INFO  - [HiveMQ Platform Operator Init App 1.7.0-SNAPSHOT] Stopping the REST API
2025-01-28 21:23:40,949 INFO c.h.h.t.HelmChartContainer - [test-hivemq-platform] [hivemq] [d052d8ac] INFO  - [HiveMQ Platform Operator Init App 1.7.0-SNAPSHOT] Shutdown complete
2025-01-28 21:23:41,419 INFO c.h.h.t.HelmChartContainer - [POD] test-hivemq-platform-0 [d052d8ac-7c53-4676-9588-796d539878e1] in helmextensionlicensesit was MODIFIED
2025-01-28 21:23:41,421 INFO c.h.h.t.HelmChartContainer - [K3S] [stateful_set.go:438] "Unhandled Error" err="error syncing StatefulSet helmextensionlicensesit/test-hivemq-platform, requeuing: controllerrevisions.apps \"test-hivemq-platform-dbf79d6df\" is forbidden: unable to create new content in namespace helmextensionlicensesit because it is being terminated"
2025-01-28 21:23:41,428 INFO c.h.h.t.HelmChartContainer - [K3S] [stateful_set.go:438] "Unhandled Error" err="error syncing StatefulSet helmextensionlicensesit/test-hivemq-platform, requeuing: controllerrevisions.apps \"test-hivemq-platform-dbf79d6df\" is forbidden: unable to create new content in namespace helmextensionlicensesit because it is being terminated"
2025-01-28 21:23:41,433 INFO c.h.h.t.HelmChartContainer - [K3S] [reconciler_common.go:162] "operationExecutor.UnmountVolume started for volume \"kube-api-access-nfrl5\" (UniqueName: \"kubernetes.io/projected/d052d8ac-7c53-4676-9588-796d539878e1-kube-api-access-nfrl5\") pod \"d052d8ac-7c53-4676-9588-796d539878e1\" (UID: \"d052d8ac-7c53-4676-9588-796d539878e1\") "
2025-01-28 21:23:41,433 INFO c.h.h.t.HelmChartContainer - [K3S] [reconciler_common.go:162] "operationExecutor.UnmountVolume started for volume \"licenses\" (UniqueName: \"kubernetes.io/secret/d052d8ac-7c53-4676-9588-796d539878e1-licenses\") pod \"d052d8ac-7c53-4676-9588-796d539878e1\" (UID: \"d052d8ac-7c53-4676-9588-796d539878e1\") "
2025-01-28 21:23:41,433 INFO c.h.h.t.HelmChartContainer - [K3S] [reconciler_common.go:162] "operationExecutor.UnmountVolume started for volume \"operator-init\" (UniqueName: \"kubernetes.io/empty-dir/d052d8ac-7c53-4676-9588-796d539878e1-operator-init\") pod \"d052d8ac-7c53-4676-9588-796d539878e1\" (UID: \"d052d8ac-7c53-4676-9588-796d539878e1\") "
2025-01-28 21:23:41,434 INFO c.h.h.t.HelmChartContainer - [K3S] [reconciler_common.go:162] "operationExecutor.UnmountVolume started for volume \"pod-info\" (UniqueName: \"kubernetes.io/configmap/d052d8ac-7c53-4676-9588-796d539878e1-pod-info\") pod \"d052d8ac-7c53-4676-9588-796d539878e1\" (UID: \"d052d8ac-7c53-4676-9588-796d539878e1\") "
2025-01-28 21:23:41,434 INFO c.h.h.t.HelmChartContainer - [K3S] [reconciler_common.go:162] "operationExecutor.UnmountVolume started for volume \"broker-configuration\" (UniqueName: \"kubernetes.io/configmap/d052d8ac-7c53-4676-9588-796d539878e1-broker-configuration\") pod \"d052d8ac-7c53-4676-9588-796d539878e1\" (UID: \"d052d8ac-7c53-4676-9588-796d539878e1\") "
2025-01-28 21:23:41,434 INFO c.h.h.t.HelmChartContainer - [K3S] [reconciler_common.go:162] "operationExecutor.UnmountVolume started for volume \"extension-configuration-hivemq-distributed-tracing-extension\" (UniqueName: \"kubernetes.io/configmap/d052d8ac-7c53-4676-9588-796d539878e1-extension-configuration-hivemq-distributed-tracing-extension\") pod \"d052d8ac-7c53-4676-9588-796d539878e1\" (UID: \"d052d8ac-7c53-4676-9588-796d539878e1\") "
2025-01-28 21:23:41,442 INFO c.h.h.t.HelmChartContainer - [K3S] [stateful_set.go:438] "Unhandled Error" err="error syncing StatefulSet helmextensionlicensesit/test-hivemq-platform, requeuing: controllerrevisions.apps \"test-hivemq-platform-dbf79d6df\" is forbidden: unable to create new content in namespace helmextensionlicensesit because it is being terminated"
2025-01-28 21:23:41,465 INFO c.h.h.t.HelmChartContainer - [K3S] [stateful_set.go:438] "Unhandled Error" err="error syncing StatefulSet helmextensionlicensesit/test-hivemq-platform, requeuing: controllerrevisions.apps \"test-hivemq-platform-dbf79d6df\" is forbidden: unable to create new content in namespace helmextensionlicensesit because it is being terminated"
2025-01-28 21:23:41,509 INFO c.h.h.t.HelmChartContainer - [K3S] [stateful_set.go:438] "Unhandled Error" err="error syncing StatefulSet helmextensionlicensesit/test-hivemq-platform, requeuing: controllerrevisions.apps \"test-hivemq-platform-dbf79d6df\" is forbidden: unable to create new content in namespace helmextensionlicensesit because it is being terminated"
2025-01-28 21:23:41,533 INFO c.h.h.t.HelmChartContainer - [K3S] [reconciler_common.go:299] "Volume detached for volume \"pod-info\" (UniqueName: \"kubernetes.io/configmap/d052d8ac-7c53-4676-9588-796d539878e1-pod-info\") on node \"05c9130ab25d\" DevicePath \"\""
2025-01-28 21:23:41,533 INFO c.h.h.t.HelmChartContainer - [K3S] [reconciler_common.go:299] "Volume detached for volume \"broker-configuration\" (UniqueName: \"kubernetes.io/configmap/d052d8ac-7c53-4676-9588-796d539878e1-broker-configuration\") on node \"05c9130ab25d\" DevicePath \"\""
2025-01-28 21:23:41,533 INFO c.h.h.t.HelmChartContainer - [K3S] [reconciler_common.go:299] "Volume detached for volume \"extension-configuration-hivemq-distributed-tracing-extension\" (UniqueName: \"kubernetes.io/configmap/d052d8ac-7c53-4676-9588-796d539878e1-extension-configuration-hivemq-distributed-tracing-extension\") on node \"05c9130ab25d\" DevicePath \"\""
2025-01-28 21:23:41,533 INFO c.h.h.t.HelmChartContainer - [K3S] [reconciler_common.go:299] "Volume detached for volume \"kube-api-access-nfrl5\" (UniqueName: \"kubernetes.io/projected/d052d8ac-7c53-4676-9588-796d539878e1-kube-api-access-nfrl5\") on node \"05c9130ab25d\" DevicePath \"\""
2025-01-28 21:23:41,533 INFO c.h.h.t.HelmChartContainer - [K3S] [reconciler_common.go:299] "Volume detached for volume \"licenses\" (UniqueName: \"kubernetes.io/secret/d052d8ac-7c53-4676-9588-796d539878e1-licenses\") on node \"05c9130ab25d\" DevicePath \"\""
2025-01-28 21:23:41,533 INFO c.h.h.t.HelmChartContainer - [K3S] [reconciler_common.go:299] "Volume detached for volume \"operator-init\" (UniqueName: \"kubernetes.io/empty-dir/d052d8ac-7c53-4676-9588-796d539878e1-operator-init\") on node \"05c9130ab25d\" DevicePath \"\""
2025-01-28 21:23:41,593 INFO c.h.h.t.HelmChartContainer - [K3S] [stateful_set.go:438] "Unhandled Error" err="error syncing StatefulSet helmextensionlicensesit/test-hivemq-platform, requeuing: controllerrevisions.apps \"test-hivemq-platform-dbf79d6df\" is forbidden: unable to create new content in namespace helmextensionlicensesit because it is being terminated"
2025-01-28 21:23:41,756 INFO c.h.h.t.HelmChartContainer - [K3S] [stateful_set.go:438] "Unhandled Error" err="error syncing StatefulSet helmextensionlicensesit/test-hivemq-platform, requeuing: controllerrevisions.apps \"test-hivemq-platform-dbf79d6df\" is forbidden: unable to create new content in namespace helmextensionlicensesit because it is being terminated"
2025-01-28 21:23:41,830 INFO c.h.h.t.HelmChartContainer - [K3S] [scope.go:117] "RemoveContainer" containerID="3fe7c2a59b9e1bd1ce3f31b1e490c209781acc2b9f94ab0ed4fbe302fcdf0566"
2025-01-28 21:23:41,846 INFO c.h.h.t.HelmChartContainer - [POD] test-hivemq-platform-0 [d052d8ac-7c53-4676-9588-796d539878e1] in helmextensionlicensesit was MODIFIED
2025-01-28 21:23:41,847 INFO c.h.h.t.HelmChartContainer - [K3S] [stateful_set.go:438] "Unhandled Error" err="error syncing StatefulSet helmextensionlicensesit/test-hivemq-platform, requeuing: controllerrevisions.apps \"test-hivemq-platform-dbf79d6df\" is forbidden: unable to create new content in namespace helmextensionlicensesit because it is being terminated"
2025-01-28 21:23:41,854 INFO c.h.h.t.HelmChartContainer - [POD] test-hivemq-platform-0 [d052d8ac-7c53-4676-9588-796d539878e1] in helmextensionlicensesit was DELETED
2025-01-28 21:23:41,858 INFO c.h.h.t.HelmChartContainer - [K3S] [stateful_set.go:438] "Unhandled Error" err="error syncing StatefulSet helmextensionlicensesit/test-hivemq-platform, requeuing: controllerrevisions.apps \"test-hivemq-platform-dbf79d6df\" is forbidden: unable to create new content in namespace helmextensionlicensesit because it is being terminated"
2025-01-28 21:23:41,871 INFO c.h.h.t.HelmChartContainer - [K3S] [stateful_set.go:466] "StatefulSet has been deleted" key="helmextensionlicensesit/test-hivemq-platform"
2025-01-28 21:23:41,955 INFO c.h.h.t.HelmChartContainer - [K3S] [scope.go:117] "RemoveContainer" containerID="c43e99fc0266dba2b4bf9e02bdfee5a3efe7586fed5b5a43dc90808eda16d634"
2025-01-28 21:23:41,959 INFO c.h.h.t.HelmChartContainer - [K3S] [scope.go:117] "RemoveContainer" containerID="3fe7c2a59b9e1bd1ce3f31b1e490c209781acc2b9f94ab0ed4fbe302fcdf0566"
2025-01-28 21:23:41,960 INFO c.h.h.t.HelmChartContainer - [K3S] [scope.go:117] "RemoveContainer" containerID="c43e99fc0266dba2b4bf9e02bdfee5a3efe7586fed5b5a43dc90808eda16d634"
2025-01-28 21:23:42,076 INFO c.h.h.t.HelmChartContainer - Namespace 'helmextensionlicensesit' deleted
2025-01-28 21:23:42,076 INFO c.h.h.t.HelmChartContainer - Release 'test-hivemq-platform' in namespace 'helmextensionlicensesit' is uninstalled
2025-01-28 21:23:42,076 INFO c.h.h.t.HelmChartContainer - Uninstalling release 'test-hivemq-platform-operator' in namespace 'helmextensionlicensesit-operator'...
2025-01-28 21:23:42,076 DEBUG c.h.h.t.HelmChartContainer - Executing helm command: /bin/helm --kubeconfig /etc/rancher/k3s/k3s.yaml uninstall test-hivemq-platform-operator  --wait --timeout 5m0s --cascade foreground --namespace helmextensionlicensesit-operator
2025-01-28 21:23:42,077 INFO c.h.h.t.HelmChartContainer - [K3S] [stateful_set.go:466] "StatefulSet has been deleted" key="helmextensionlicensesit/test-hivemq-platform"
2025-01-28 21:23:42,159 INFO c.h.h.t.HelmChartContainer - [K3S] [kubelet_volumes.go:163] "Cleaned up orphaned pod volumes dir" podUID="d052d8ac-7c53-4676-9588-796d539878e1" path="/var/lib/kubelet/pods/d052d8ac-7c53-4676-9588-796d539878e1/volumes"
2025-01-28 21:23:42,246 INFO c.h.h.t.HelmChartContainer - [K3S] [replica_set.go:679] "Finished syncing" kind="ReplicaSet" key="helmextensionlicensesit-operator/hivemq-test-hivemq-platform-operator-6966f96d65" duration="12.724173ms"
2025-01-28 21:23:42,246 INFO c.h.h.t.HelmChartContainer - [K3S] [replica_set.go:679] "Finished syncing" kind="ReplicaSet" key="helmextensionlicensesit-operator/hivemq-test-hivemq-platform-operator-6966f96d65" duration="36.408µs"
2025-01-28 21:23:42,263 INFO c.h.h.t.HelmChartContainer - [POD] hivemq-test-hivemq-platform-operator-6966f96d65-4xqtq [05f7a4c8-57f9-4fa2-af20-73ca8999bc85] in helmextensionlicensesit-operator was MODIFIED
2025-01-28 21:23:42,272 INFO c.h.h.t.HelmChartContainer - [EVENT] Normal [Killing] Stopping container hivemq-platform-operator [helmextensionlicensesit-operator:hivemq-test-hivemq-platform-operator-6966f96d65-4xqtq]
2025-01-28 21:23:42,272 INFO c.h.h.t.HelmChartContainer - Received Killing event for container hivemq-platform-operator in pod hivemq-test-hivemq-platform-operator-6966f96d65-4xqtq [05f7a4c8-57f9-4fa2-af20-73ca8999bc85]
2025-01-28 21:23:42,272 INFO c.h.h.t.HelmChartContainer - Container [hivemq-test-hivemq-platform-operator-6966f96d65-4xqtq] [hivemq-platform-operator] [05f7a4c8-57f9-4fa2-af20-73ca8999bc85] was terminated
2025-01-28 21:23:42,273 INFO c.h.h.t.HelmChartContainer - Stopped log watcher for hivemq-platform-operator in pod hivemq-test-hivemq-platform-operator-6966f96d65-4xqtq [05f7a4c8-57f9-4fa2-af20-73ca8999bc85]
2025-01-28 21:23:42,276 INFO c.h.h.t.HelmChartContainer - [hivemq-test-hivemq-platform] [hivemq-platform-operator] [05f7a4c8] 21:23:42.274 [application-shutdown-thread] INFO  c.h.p.o.HiveMQPlatformOperatorApplication - HiveMQ Platform Operator is stopping...
2025-01-28 21:23:42,276 INFO c.h.h.t.HelmChartContainer - [hivemq-test-hivemq-platform] [hivemq-platform-operator] [05f7a4c8] 21:23:42.274 [application-shutdown-thread] INFO  i.javaoperatorsdk.operator.Operator - Operator SDK 4.9.7 is shutting down...
2025-01-28 21:23:42,281 INFO c.h.h.t.HelmChartContainer - [K3S] [replica_set.go:679] "Finished syncing" kind="ReplicaSet" key="helmextensionlicensesit-operator/hivemq-test-hivemq-platform-operator-6966f96d65" duration="14.67764ms"
2025-01-28 21:23:42,282 INFO c.h.h.t.HelmChartContainer - [K3S] [replica_set.go:679] "Finished syncing" kind="ReplicaSet" key="helmextensionlicensesit-operator/hivemq-test-hivemq-platform-operator-6966f96d65" duration="45.014µs"
2025-01-28 21:23:42,912 INFO c.h.h.t.HelmChartContainer - [K3S] [replica_set.go:679] "Finished syncing" kind="ReplicaSet" key="helmextensionlicensesit-operator/hivemq-test-hivemq-platform-operator-6966f96d65" duration="53.39µs"
2025-01-28 21:23:42,914 INFO c.h.h.t.HelmChartContainer - [POD] hivemq-test-hivemq-platform-operator-6966f96d65-4xqtq [05f7a4c8-57f9-4fa2-af20-73ca8999bc85] in helmextensionlicensesit-operator was MODIFIED
2025-01-28 21:23:42,940 INFO c.h.h.t.HelmChartContainer - [K3S] [reconciler_common.go:162] "operationExecutor.UnmountVolume started for volume \"kube-api-access-flnsc\" (UniqueName: \"kubernetes.io/projected/05f7a4c8-57f9-4fa2-af20-73ca8999bc85-kube-api-access-flnsc\") pod \"05f7a4c8-57f9-4fa2-af20-73ca8999bc85\" (UID: \"05f7a4c8-57f9-4fa2-af20-73ca8999bc85\") "
2025-01-28 21:23:43,040 INFO c.h.h.t.HelmChartContainer - [K3S] [reconciler_common.go:299] "Volume detached for volume \"kube-api-access-flnsc\" (UniqueName: \"kubernetes.io/projected/05f7a4c8-57f9-4fa2-af20-73ca8999bc85-kube-api-access-flnsc\") on node \"05c9130ab25d\" DevicePath \"\""
2025-01-28 21:23:43,833 INFO c.h.h.t.HelmChartContainer - [K3S] [scope.go:117] "RemoveContainer" containerID="d49826545211c14a7c7d1f256b26be7ac9c501643a30e5d1a6cff9403c91e648"
2025-01-28 21:23:43,835 INFO c.h.h.t.HelmChartContainer - [K3S] [scope.go:117] "RemoveContainer" containerID="d49826545211c14a7c7d1f256b26be7ac9c501643a30e5d1a6cff9403c91e648"
2025-01-28 21:23:43,843 INFO c.h.h.t.HelmChartContainer - [K3S] [replica_set.go:679] "Finished syncing" kind="ReplicaSet" key="helmextensionlicensesit-operator/hivemq-test-hivemq-platform-operator-6966f96d65" duration="45.575µs"
2025-01-28 21:23:43,846 INFO c.h.h.t.HelmChartContainer - [POD] hivemq-test-hivemq-platform-operator-6966f96d65-4xqtq [05f7a4c8-57f9-4fa2-af20-73ca8999bc85] in helmextensionlicensesit-operator was MODIFIED
2025-01-28 21:23:43,846 INFO c.h.h.t.HelmChartContainer - [POD] hivemq-test-hivemq-platform-operator-6966f96d65-4xqtq [05f7a4c8-57f9-4fa2-af20-73ca8999bc85] in helmextensionlicensesit-operator was DELETED
2025-01-28 21:23:43,847 INFO c.h.h.t.HelmChartContainer - [K3S] [replica_set.go:679] "Finished syncing" kind="ReplicaSet" key="helmextensionlicensesit-operator/hivemq-test-hivemq-platform-operator-6966f96d65" duration="30.847µs"
2025-01-28 21:23:43,859 INFO c.h.h.t.HelmChartContainer - [K3S] [replica_set.go:679] "Finished syncing" kind="ReplicaSet" key="helmextensionlicensesit-operator/hivemq-test-hivemq-platform-operator-6966f96d65" duration="6.272µs"
2025-01-28 21:23:44,159 INFO c.h.h.t.HelmChartContainer - [K3S] [kubelet_volumes.go:163] "Cleaned up orphaned pod volumes dir" podUID="05f7a4c8-57f9-4fa2-af20-73ca8999bc85" path="/var/lib/kubelet/pods/05f7a4c8-57f9-4fa2-af20-73ca8999bc85/volumes"
2025-01-28 21:23:44,298 INFO c.h.h.t.HelmChartContainer - Deleting namespace 'helmextensionlicensesit-operator'...
2025-01-28 21:23:47,038 INFO c.h.h.t.HelmChartContainer - [K3S] [namespace_controller.go:187] "Namespace has been deleted" namespace="helmextensionlicensesit"
2025-01-28 21:23:49,515 INFO c.h.h.t.HelmChartContainer - Namespace 'helmextensionlicensesit-operator' deleted
2025-01-28 21:23:49,515 INFO c.h.h.t.HelmChartContainer - Release 'test-hivemq-platform-operator' in namespace 'helmextensionlicensesit-operator' is uninstalled
2025-01-28 21:23:50,183 INFO c.h.helmcharts.AbstractHelmChartIT - Removed unused containers:

2025-01-28 21:23:54,422 INFO c.h.h.t.HelmChartContainer - [K3S] [namespace_controller.go:187] "Namespace has been deleted" namespace="helmextensionlicensesit-operator"
2025-01-28 21:23:57,910 INFO c.h.helmcharts.AbstractHelmChartIT - Removed unused snapshots:
Removing snapshot sha256:03af251906410714c5aef9fa705b63f6bbc39c4a5e787de7361eeb18886c2ed2
Removing snapshot sha256:0c46b3b43cce082ce5ec34ffc6c294e0417d17b9d1e6f366d114b6aadc4f96dc
Removing snapshot sha256:0ce761beee59082d6ed5bcebd3a805b8ddd9b3426b617e4809e7fb7c6587ffec
Removing snapshot sha256:0df91287303208332c8ff6ba40ae4710105201739addbfbddfb955f1ad593664
Removing snapshot sha256:1021ef88c7974bfff89c5a0ec4fd3160daac6c48a075f74cff721f85dd104e68
Removing snapshot sha256:10aba4953ddc18145dd38e3704709bc464aa20af60b56fe52caaff4b68411e62
Removing snapshot sha256:2573e0d8158209ed54ab25c87bcdcb00bd3d2539246960a3d592a1c599d70465
Removing snapshot sha256:2877c0aec8f13ed36533f55c7c9569b4e152a0032627c09ecc6e34c0c78f4d8c
Removing snapshot sha256:362a8a37f8bbc31925a8146adcf7cf51f9882f5c1dcbef67c5baa03a297543c0
Removing snapshot sha256:3fa4ad33f0ddc8fd45b39b6b4640f82a3a83619606cd975bfe89d8710ad2d4cd
Removing snapshot sha256:43a7c979bbaba6838bc3102d6b10a1459f3ab050b87ccdfef84ef90cf43d3058
Removing snapshot sha256:4ab04491cdf0d3267f08206fe30bd48f49f94b9cab2f016d6739220f722a64af
Removing snapshot sha256:4b6068250e89c96f263060261819c7d912855bfbd64b3eb4c4a8483299b8c295
Removing snapshot sha256:580e69a0a8034ede1921139bbd2bfb72a69ebf276d008281896c32dd8bf74775
Removing snapshot sha256:5d30ba46b27fe37484567ccc5242cadc78217b8da605f3f195ef25cbf7487904
Removing snapshot sha256:63ca1fbb43ae5034640e5e6cb3e083e05c290072c5366fcaa9d62435a4cced85
Removing snapshot sha256:67f702c6baae873bceb19487c8b1f27bd2b86077e4f2f0e480e6d60ab508b8f5
Removing snapshot sha256:6864348dd42806d552efdec384f1274be15e2d0c10ce44c1f04347af004c10a9
Removing snapshot sha256:6c7dee8f2c39b84b7dc2711c01d33de93514d9055499173e9290176fbe484b6c
Removing snapshot sha256:82753493a6d61ded36556292f02f31841a14c20d2f279f19eaad65afb661d5cd
Removing snapshot sha256:8a10d3db42c505ee0fcfa98417bdd7e39b304f6bcc0a06bb1b220797ff2cc63c
Removing snapshot sha256:9621fb639eaac4ec66933af332f16660ffbaae9dc2a158709ee61410e89a70cf
Removing snapshot sha256:a21e5b12dbac529ad45d976eb9ce45c881f3bedcc500fb30aba1e52aa1813418
Removing snapshot sha256:b921e6c28969094157f9b8e7244677780319637afd14450b7cb6b2fdea558a0c
Removing snapshot sha256:bc27ecb5769a00e309cf99ebc763c4a4b958b618d1decc96ffac5bc05f02f5b7
Removing snapshot sha256:be3ccb6627a5332e309d45ef461d09b4879dd870c7394d89323d0ebc6ca6aa8a
Removing snapshot sha256:c261f7cbbc64211ee175ee47273acdb7b1a36a4450b397a064a8f2c026490095
Removing snapshot sha256:c34d9393647eea0c9e3557ab988efaf59f61d10a2a5613b439ef0958cca5ec10
Removing snapshot sha256:ccf3c4a0fa967a41c1c83497a2ce6fa5787965859df0adb32c4ca2cf7490bc2b
Removing snapshot sha256:cf92d33f869417309692088c341cd0f223c178ea78a125f757317b22aa8f90e9
Removing snapshot sha256:d0037344cf2fb078884f1849f6a1f8cf9a33a3b6139b6a85833e5ee528e1f9a8
Removing snapshot sha256:d3b36d5b79273b1e98e7700470eaeff05a882e777124d84cebcc1505b85ecb36
Removing snapshot sha256:d65a44a37914602d12c611e5e22a50f11451d847e63015cc1c2aef92dee777a4
Removing snapshot sha256:e2dc0bae2455930f23ae570e019b7f32edc75c0f2d71cab084db837ff9051796
Removing snapshot sha256:eccbd24a99c60cd9e86ee5305dbfc4a4dc89f5ab4fb1f06c8d64797cecedef34
Removing snapshot sha256:f144bb4c7c7f0d2aa7eeffd36d934ec40db1ee167be727e326aad9fdc616f475

]]></system-out>
  </testcase>
  <system-out><![CDATA[2025-01-28 21:20:28,063 INFO c.h.h.t.HelmChartContainerExtension - Using cached HelmChartContainer instance
]]></system-out>
  <system-err><![CDATA[]]></system-err>
</testsuite>
