<?xml version="1.0" encoding="UTF-8"?>
<testsuite name="com.hivemq.helmcharts.containers.HelmAdditionalContainersIT" tests="1" skipped="0" failures="0" errors="0" timestamp="2025-01-29T13:37:45" hostname="fv-az1049-229" time="100.807">
  <properties/>
  <testcase name="whenAdditionalContainer_withConsulTemplate_thenLicenseUpdated()" classname="com.hivemq.helmcharts.containers.HelmAdditionalContainersIT" time="100.807">
    <system-out><![CDATA[2025-01-29 13:37:45,980 INFO c.h.h.t.HelmChartContainer - Creating namespace 'helmadditionalcontainersit-operator'...
2025-01-29 13:37:46,246 INFO c.h.h.t.HelmChartContainer - Namespace 'helmadditionalcontainersit-operator' created
2025-01-29 13:37:46,247 INFO c.h.h.t.HelmChartContainer - Creating namespace 'helmadditionalcontainersit'...
2025-01-29 13:37:46,250 INFO c.h.h.t.HelmChartContainer - [POD] coredns-ff8999cc5-f76k5 [8a8fdda2-2f1a-4c6f-880f-6f5092330f14] in kube-system was ADDED
2025-01-29 13:37:46,254 INFO c.h.h.t.HelmChartContainer - [POD] local-path-provisioner-698b58967b-sjvp6 [0518b7ab-02f5-47a8-9d16-aec99a3fde83] in kube-system was ADDED
2025-01-29 13:37:46,258 INFO c.h.h.t.HelmChartContainer - Namespace 'helmadditionalcontainersit' created
2025-01-29 13:37:46,262 INFO c.h.h.t.HelmChartContainer - [POD] metrics-server-8584b5786c-hzplf [e7cd41ba-20cf-4503-8414-56b376a17906] in kube-system was ADDED
2025-01-29 13:37:46,328 DEBUG c.h.h.t.HelmChartContainer - Executing helm command: /bin/helm --kubeconfig /etc/rancher/k3s/k3s.yaml install test-hivemq-platform-operator /charts/hivemq-platform-operator --wait --timeout 5m0s --set image.repository=docker.io/hivemq --set image.name=hivemq-platform-operator-test --set image.initImageName=hivemq-platform-operator-init-test --set image.tag=snapshot --set image.pullPolicy=Never --set logLevel=DEBUG --set resources.cpu=512m --namespace helmadditionalcontainersit-operator
2025-01-29 13:37:48,704 INFO c.h.h.t.HelmChartContainer - [K3S] [alloc.go:330] "allocated clusterIPs" service="helmadditionalcontainersit-operator/hivemq-platform-operator-test-hivemq-platform-operator" clusterIPs={"IPv4":"10.43.158.221"}
2025-01-29 13:37:48,724 INFO c.h.h.t.HelmChartContainer - [EVENT] Normal [ScalingReplicaSet] Scaled up replica set hivemq-test-hivemq-platform-operator-6966f96d65 from 0 to 1 [helmadditionalcontainersit-operator:hivemq-test-hivemq-platform-operator]
2025-01-29 13:37:48,732 INFO c.h.h.t.HelmChartContainer - [POD] hivemq-test-hivemq-platform-operator-6966f96d65-rvzsb [c4a6074f-f2bd-45c9-af5e-398a990742f5] in helmadditionalcontainersit-operator was ADDED
2025-01-29 13:37:48,735 INFO c.h.h.t.HelmChartContainer - [EVENT] Normal [SuccessfulCreate] Created pod: hivemq-test-hivemq-platform-operator-6966f96d65-rvzsb [helmadditionalcontainersit-operator:hivemq-test-hivemq-platform-operator-6966f96d65]
2025-01-29 13:37:48,745 INFO c.h.h.t.HelmChartContainer - [POD] hivemq-test-hivemq-platform-operator-6966f96d65-rvzsb [c4a6074f-f2bd-45c9-af5e-398a990742f5] in helmadditionalcontainersit-operator was MODIFIED
2025-01-29 13:37:48,747 INFO c.h.h.t.HelmChartContainer - [EVENT] Normal [Scheduled] Successfully assigned helmadditionalcontainersit-operator/hivemq-test-hivemq-platform-operator-6966f96d65-rvzsb to b5478828a543 [helmadditionalcontainersit-operator:hivemq-test-hivemq-platform-operator-6966f96d65-rvzsb]
2025-01-29 13:37:48,750 INFO c.h.h.t.HelmChartContainer - [K3S] [replica_set.go:679] "Finished syncing" kind="ReplicaSet" key="helmadditionalcontainersit-operator/hivemq-test-hivemq-platform-operator-6966f96d65" duration="32.485829ms"
2025-01-29 13:37:48,769 INFO c.h.h.t.HelmChartContainer - [K3S] [replica_set.go:679] "Finished syncing" kind="ReplicaSet" key="helmadditionalcontainersit-operator/hivemq-test-hivemq-platform-operator-6966f96d65" duration="9.288465ms"
2025-01-29 13:37:48,774 INFO c.h.h.t.HelmChartContainer - [K3S] [replica_set.go:679] "Finished syncing" kind="ReplicaSet" key="helmadditionalcontainersit-operator/hivemq-test-hivemq-platform-operator-6966f96d65" duration="15.385864ms"
2025-01-29 13:37:48,775 INFO c.h.h.t.HelmChartContainer - [K3S] [replica_set.go:679] "Finished syncing" kind="ReplicaSet" key="helmadditionalcontainersit-operator/hivemq-test-hivemq-platform-operator-6966f96d65" duration="39.333µs"
2025-01-29 13:37:48,775 INFO c.h.h.t.HelmChartContainer - [POD] hivemq-test-hivemq-platform-operator-6966f96d65-rvzsb [c4a6074f-f2bd-45c9-af5e-398a990742f5] in helmadditionalcontainersit-operator was MODIFIED
2025-01-29 13:37:48,876 INFO c.h.h.t.HelmChartContainer - [K3S] [reconciler_common.go:251] "operationExecutor.VerifyControllerAttachedVolume started for volume \"kube-api-access-gbm5h\" (UniqueName: \"kubernetes.io/projected/c4a6074f-f2bd-45c9-af5e-398a990742f5-kube-api-access-gbm5h\") pod \"hivemq-test-hivemq-platform-operator-6966f96d65-rvzsb\" (UID: \"c4a6074f-f2bd-45c9-af5e-398a990742f5\") " pod="helmadditionalcontainersit-operator/hivemq-test-hivemq-platform-operator-6966f96d65-rvzsb"
2025-01-29 13:37:49,127 INFO c.h.h.t.HelmChartContainer - [EVENT] Normal [Pulled] Container image "docker.io/hivemq/hivemq-platform-operator-test:snapshot" already present on machine [helmadditionalcontainersit-operator:hivemq-test-hivemq-platform-operator-6966f96d65-rvzsb]
2025-01-29 13:37:49,127 INFO c.h.h.t.HelmChartContainer - Received Pulled event for container hivemq-platform-operator in pod hivemq-test-hivemq-platform-operator-6966f96d65-rvzsb [c4a6074f-f2bd-45c9-af5e-398a990742f5]
2025-01-29 13:37:49,135 INFO c.h.h.t.HelmChartContainer - [EVENT] Normal [Created] Created container: hivemq-platform-operator [helmadditionalcontainersit-operator:hivemq-test-hivemq-platform-operator-6966f96d65-rvzsb]
2025-01-29 13:37:49,135 INFO c.h.h.t.HelmChartContainer - Received Created event for container hivemq-platform-operator in pod hivemq-test-hivemq-platform-operator-6966f96d65-rvzsb [c4a6074f-f2bd-45c9-af5e-398a990742f5]
2025-01-29 13:37:49,232 INFO c.h.h.t.HelmChartContainer - [K3S] [replica_set.go:679] "Finished syncing" kind="ReplicaSet" key="helmadditionalcontainersit-operator/hivemq-test-hivemq-platform-operator-6966f96d65" duration="40.325µs"
2025-01-29 13:37:49,235 INFO c.h.h.t.HelmChartContainer - [POD] hivemq-test-hivemq-platform-operator-6966f96d65-rvzsb [c4a6074f-f2bd-45c9-af5e-398a990742f5] in helmadditionalcontainersit-operator was MODIFIED
2025-01-29 13:37:49,253 INFO c.h.h.t.HelmChartContainer - [EVENT] Normal [Started] Started container hivemq-platform-operator [helmadditionalcontainersit-operator:hivemq-test-hivemq-platform-operator-6966f96d65-rvzsb]
2025-01-29 13:37:49,253 INFO c.h.h.t.HelmChartContainer - Started log watcher for hivemq-platform-operator in pod hivemq-test-hivemq-platform-operator-6966f96d65-rvzsb [c4a6074f-f2bd-45c9-af5e-398a990742f5]
2025-01-29 13:37:49,254 INFO c.h.h.t.HelmChartContainer - Received Started event for container hivemq-platform-operator in pod hivemq-test-hivemq-platform-operator-6966f96d65-rvzsb [c4a6074f-f2bd-45c9-af5e-398a990742f5]
2025-01-29 13:37:49,254 INFO c.h.h.t.HelmChartContainer - [hivemq-test-hivemq-platform] [hivemq-platform-operator] [c4a6074f] -------------------------------------------------------------------------
2025-01-29 13:37:49,254 INFO c.h.h.t.HelmChartContainer - [hivemq-test-hivemq-platform] [hivemq-platform-operator] [c4a6074f] 
2025-01-29 13:37:49,254 INFO c.h.h.t.HelmChartContainer - [hivemq-test-hivemq-platform] [hivemq-platform-operator] [c4a6074f]                   _    _  _              __  __   ____
2025-01-29 13:37:49,254 INFO c.h.h.t.HelmChartContainer - [hivemq-test-hivemq-platform] [hivemq-platform-operator] [c4a6074f]                  | |  | |(_)            |  \/  | / __ \
2025-01-29 13:37:49,254 INFO c.h.h.t.HelmChartContainer - [hivemq-test-hivemq-platform] [hivemq-platform-operator] [c4a6074f]                  | |__| | _ __   __ ___ | \  / || |  | |
2025-01-29 13:37:49,254 INFO c.h.h.t.HelmChartContainer - [hivemq-test-hivemq-platform] [hivemq-platform-operator] [c4a6074f]                  |  __  || |\ \ / // _ \| |\/| || |  | |
2025-01-29 13:37:49,254 INFO c.h.h.t.HelmChartContainer - [hivemq-test-hivemq-platform] [hivemq-platform-operator] [c4a6074f]                  | |  | || | \ V /|  __/| |  | || |__| |
2025-01-29 13:37:49,254 INFO c.h.h.t.HelmChartContainer - [hivemq-test-hivemq-platform] [hivemq-platform-operator] [c4a6074f]                  |_|  |_||_|  \_/  \___||_|  |_| \___\_\
2025-01-29 13:37:49,254 INFO c.h.h.t.HelmChartContainer - [hivemq-test-hivemq-platform] [hivemq-platform-operator] [c4a6074f] 
2025-01-29 13:37:49,254 INFO c.h.h.t.HelmChartContainer - [hivemq-test-hivemq-platform] [hivemq-platform-operator] [c4a6074f] -------------------------------------------------------------------------
2025-01-29 13:37:49,254 INFO c.h.h.t.HelmChartContainer - [hivemq-test-hivemq-platform] [hivemq-platform-operator] [c4a6074f] 
2025-01-29 13:37:49,254 INFO c.h.h.t.HelmChartContainer - [hivemq-test-hivemq-platform] [hivemq-platform-operator] [c4a6074f]   HiveMQ Platform Operator Start Script v1.0
2025-01-29 13:37:49,254 INFO c.h.h.t.HelmChartContainer - [hivemq-test-hivemq-platform] [hivemq-platform-operator] [c4a6074f] 
2025-01-29 13:37:49,254 INFO c.h.h.t.HelmChartContainer - [hivemq-test-hivemq-platform] [hivemq-platform-operator] [c4a6074f] -------------------------------------------------------------------------
2025-01-29 13:37:49,254 INFO c.h.h.t.HelmChartContainer - [hivemq-test-hivemq-platform] [hivemq-platform-operator] [c4a6074f] 
2025-01-29 13:37:49,254 INFO c.h.h.t.HelmChartContainer - [hivemq-test-hivemq-platform] [hivemq-platform-operator] [c4a6074f]   JAVA_OPTS: -XX:+UnlockExperimentalVMOptions -XX:InitialRAMPercentage=75 -XX:MaxRAMPercentage=75 -Duser.language=en -Duser.region=US
2025-01-29 13:37:49,254 INFO c.h.h.t.HelmChartContainer - [hivemq-test-hivemq-platform] [hivemq-platform-operator] [c4a6074f] 
2025-01-29 13:37:49,254 INFO c.h.h.t.HelmChartContainer - [hivemq-test-hivemq-platform] [hivemq-platform-operator] [c4a6074f]   JAVA_VERSION: 21
2025-01-29 13:37:49,255 INFO c.h.h.t.HelmChartContainer - [hivemq-test-hivemq-platform] [hivemq-platform-operator] [c4a6074f] 
2025-01-29 13:37:49,255 INFO c.h.h.t.HelmChartContainer - [hivemq-test-hivemq-platform] [hivemq-platform-operator] [c4a6074f] -------------------------------------------------------------------------
2025-01-29 13:37:49,255 INFO c.h.h.t.HelmChartContainer - [hivemq-test-hivemq-platform] [hivemq-platform-operator] [c4a6074f] 
2025-01-29 13:37:52,494 INFO c.h.h.t.HelmChartContainer - [hivemq-test-hivemq-platform] [hivemq-platform-operator] [c4a6074f] 13:37:52.492 [main] DEBUG org.jboss.logging - Logging Provider: org.jboss.logging.Slf4jLoggerProvider
2025-01-29 13:37:52,676 INFO c.h.h.t.HelmChartContainer - [hivemq-test-hivemq-platform] [hivemq-platform-operator] [c4a6074f] 13:37:52.674 [main] DEBUG io.smallrye.config - SRCFG01006: Loaded ConfigSource SysPropConfigSource with ordinal 400
2025-01-29 13:37:52,677 INFO c.h.h.t.HelmChartContainer - [hivemq-test-hivemq-platform] [hivemq-platform-operator] [c4a6074f] 13:37:52.675 [main] DEBUG io.smallrye.config - SRCFG01006: Loaded ConfigSource EnvConfigSource with ordinal 300
2025-01-29 13:37:52,677 INFO c.h.h.t.HelmChartContainer - [hivemq-test-hivemq-platform] [hivemq-platform-operator] [c4a6074f] 13:37:52.675 [main] DEBUG io.smallrye.config - SRCFG01006: Loaded ConfigSource PropertiesConfigSource[source=jar:file:///opt/hivemq-platform-operator/bin/hivemq-platform-operator.jar!/hivemq-platform-operator.properties] with ordinal 100
2025-01-29 13:37:52,677 INFO c.h.h.t.HelmChartContainer - [hivemq-test-hivemq-platform] [hivemq-platform-operator] [c4a6074f] 13:37:52.675 [main] DEBUG io.smallrye.config - SRCFG01006: Loaded ConfigSource DefaultValuesConfigSource with ordinal -2147483648
2025-01-29 13:37:52,775 INFO c.h.h.t.HelmChartContainer - [hivemq-test-hivemq-platform] [hivemq-platform-operator] [c4a6074f] 13:37:52.774 [main] DEBUG i.m.c.u.i.l.InternalLoggerFactory - Using SLF4J as the default logging framework
2025-01-29 13:37:52,887 INFO c.h.h.t.HelmChartContainer - [hivemq-test-hivemq-platform] [hivemq-platform-operator] [c4a6074f] 13:37:52.877 [main] INFO  c.h.p.o.HiveMQPlatformOperatorApplication - HiveMQ Platform Operator 1.7.0-SNAPSHOT (commit: bebf408 on branch: HEAD) built on Sun Jan 26 20:47:47 UTC 2025
2025-01-29 13:37:52,888 INFO c.h.h.t.HelmChartContainer - [hivemq-test-hivemq-platform] [hivemq-platform-operator] [c4a6074f] 13:37:52.885 [main] INFO  c.h.p.o.HiveMQPlatformOperatorApplication - HiveMQ Platform Operator is running in namespace: helmadditionalcontainersit-operator
2025-01-29 13:37:52,888 INFO c.h.h.t.HelmChartContainer - [hivemq-test-hivemq-platform] [hivemq-platform-operator] [c4a6074f] 13:37:52.885 [main] INFO  c.h.p.o.HiveMQPlatformOperatorApplication - Watching all namespaces
2025-01-29 13:37:52,888 INFO c.h.h.t.HelmChartContainer - [hivemq-test-hivemq-platform] [hivemq-platform-operator] [c4a6074f] 13:37:52.885 [main] INFO  c.h.p.o.HiveMQPlatformOperatorApplication - Log level: DEBUG
2025-01-29 13:37:52,888 INFO c.h.h.t.HelmChartContainer - [hivemq-test-hivemq-platform] [hivemq-platform-operator] [c4a6074f] 13:37:52.885 [main] INFO  c.h.p.o.HiveMQPlatformOperatorApplication - Release name: test-hivemq-platform-operator
2025-01-29 13:37:52,888 INFO c.h.h.t.HelmChartContainer - [hivemq-test-hivemq-platform] [hivemq-platform-operator] [c4a6074f] 13:37:52.885 [main] INFO  c.h.p.o.HiveMQPlatformOperatorApplication - HiveMQ Platform Operator Init image: docker.io/hivemq/hivemq-platform-operator-init-test:snapshot
2025-01-29 13:37:52,888 INFO c.h.h.t.HelmChartContainer - [hivemq-test-hivemq-platform] [hivemq-platform-operator] [c4a6074f] 13:37:52.885 [main] INFO  c.h.p.o.HiveMQPlatformOperatorApplication - HiveMQ Platform Operator Init App update URL: http://hivemq-platform-operator-test-hivemq-platform-operator.helmadditionalcontainersit-operator.svc:8080/initAppUpdate/hivemq-platform-operator-init-app-1.7.0-SNAPSHOT.jar
2025-01-29 13:37:52,888 INFO c.h.h.t.HelmChartContainer - [hivemq-test-hivemq-platform] [hivemq-platform-operator] [c4a6074f] 13:37:52.886 [main] INFO  c.h.p.o.HiveMQPlatformOperatorApplication - Additional imagePullSecret for all Platform deployments: none
2025-01-29 13:37:52,889 INFO c.h.h.t.HelmChartContainer - [hivemq-test-hivemq-platform] [hivemq-platform-operator] [c4a6074f] 13:37:52.886 [main] INFO  c.h.p.o.HiveMQPlatformOperatorApplication - Apply HiveMQ Platform CRD: true
2025-01-29 13:37:52,889 INFO c.h.h.t.HelmChartContainer - [hivemq-test-hivemq-platform] [hivemq-platform-operator] [c4a6074f] 13:37:52.886 [main] INFO  c.h.p.o.HiveMQPlatformOperatorApplication - Create Platform ServiceAccount: true
2025-01-29 13:37:52,889 INFO c.h.h.t.HelmChartContainer - [hivemq-test-hivemq-platform] [hivemq-platform-operator] [c4a6074f] 13:37:52.886 [main] INFO  c.h.p.o.HiveMQPlatformOperatorApplication - Create Platform ServiceAccount permissions: true
2025-01-29 13:37:52,889 INFO c.h.h.t.HelmChartContainer - [hivemq-test-hivemq-platform] [hivemq-platform-operator] [c4a6074f] 13:37:52.886 [main] INFO  c.h.p.o.HiveMQPlatformOperatorApplication - Validate Platform ServiceAccount: true
2025-01-29 13:37:52,889 INFO c.h.h.t.HelmChartContainer - [hivemq-test-hivemq-platform] [hivemq-platform-operator] [c4a6074f] 13:37:52.886 [main] INFO  c.h.p.o.HiveMQPlatformOperatorApplication - Validate Platform ServiceAccount permissions: true
2025-01-29 13:37:53,084 INFO c.h.h.t.HelmChartContainer - [hivemq-test-hivemq-platform] [hivemq-platform-operator] [c4a6074f] 13:37:53.082 [main] INFO  c.h.platform.operator.util.CRDUtil - Verifying deployed HiveMQ Platform CRD...
2025-01-29 13:37:54,224 INFO c.h.h.t.HelmChartContainer - [POD] metrics-server-8584b5786c-hzplf [e7cd41ba-20cf-4503-8414-56b376a17906] in kube-system was MODIFIED
2025-01-29 13:37:54,239 INFO c.h.h.t.HelmChartContainer - [K3S] [replica_set.go:679] "Finished syncing" kind="ReplicaSet" key="kube-system/metrics-server-8584b5786c" duration="18.502104ms"
2025-01-29 13:37:54,244 INFO c.h.h.t.HelmChartContainer - [K3S] [replica_set.go:679] "Finished syncing" kind="ReplicaSet" key="kube-system/metrics-server-8584b5786c" duration="115.967µs"
2025-01-29 13:37:55,481 INFO c.h.h.t.HelmChartContainer - [hivemq-test-hivemq-platform] [hivemq-platform-operator] [c4a6074f] 13:37:55.478 [main] DEBUG c.h.platform.operator.util.CRDUtil - HiveMQ Platform CRD version v1 is up to date
2025-01-29 13:37:55,481 INFO c.h.h.t.HelmChartContainer - [hivemq-test-hivemq-platform] [hivemq-platform-operator] [c4a6074f] 13:37:55.478 [main] INFO  c.h.platform.operator.util.CRDUtil - HiveMQ Platform CRD is up to date (version: V1_6_0)
2025-01-29 13:37:55,481 INFO c.h.h.t.HelmChartContainer - [hivemq-test-hivemq-platform] [hivemq-platform-operator] [c4a6074f] 13:37:55.478 [main] INFO  c.h.platform.operator.util.CRDUtil - Waiting 10000 ms for HiveMQ Platform CRD 'hivemq-platforms.hivemq.com' to become ready...
2025-01-29 13:37:55,691 INFO c.h.h.t.HelmChartContainer - [hivemq-test-hivemq-platform] [hivemq-platform-operator] [c4a6074f] 13:37:55.689 [vert.x-eventloop-thread-1] DEBUG c.h.platform.operator.util.CRDUtil - Checking CRD condition 'NamesAccepted' (status: 'True')
2025-01-29 13:37:55,691 INFO c.h.h.t.HelmChartContainer - [hivemq-test-hivemq-platform] [hivemq-platform-operator] [c4a6074f] 13:37:55.689 [vert.x-eventloop-thread-1] DEBUG c.h.platform.operator.util.CRDUtil - Checking CRD condition 'Established' (status: 'True')
2025-01-29 13:37:55,692 INFO c.h.h.t.HelmChartContainer - [hivemq-test-hivemq-platform] [hivemq-platform-operator] [c4a6074f] 13:37:55.690 [main] INFO  c.h.platform.operator.util.CRDUtil - HiveMQ Platform CRD 'hivemq-platforms.hivemq.com' is ready
2025-01-29 13:37:55,888 INFO c.h.h.t.HelmChartContainer - [hivemq-test-hivemq-platform] [hivemq-platform-operator] [c4a6074f] 13:37:55.887 [main] INFO  c.h.p.o.HiveMQPlatformReconciler - HiveMQ Platform Operator is starting...
2025-01-29 13:37:55,989 INFO c.h.h.t.HelmChartContainer - [hivemq-test-hivemq-platform] [hivemq-platform-operator] [c4a6074f] 13:37:55.988 [main] WARN  Default ConfigurationService implementation - Configuration for reconciler 'hivemq-controller' was not found. Known reconcilers: None.
2025-01-29 13:37:56,077 INFO c.h.h.t.HelmChartContainer - [hivemq-test-hivemq-platform] [hivemq-platform-operator] [c4a6074f] 13:37:56.076 [main] INFO  Default ConfigurationService implementation - Created configuration for reconciler com.hivemq.platform.operator.HiveMQPlatformReconciler with name hivemq-controller
2025-01-29 13:37:56,178 INFO c.h.h.t.HelmChartContainer - [hivemq-test-hivemq-platform] [hivemq-platform-operator] [c4a6074f] 13:37:56.177 [main] DEBUG c.h.p.o.HiveMQPlatformReconciler - HiveMQ Platform Operator is preparing EventSources
2025-01-29 13:37:56,190 INFO c.h.h.t.HelmChartContainer - [hivemq-test-hivemq-platform] [hivemq-platform-operator] [c4a6074f] 13:37:56.189 [main] INFO  i.javaoperatorsdk.operator.Operator - Registered reconciler: 'hivemq-controller' for resource: 'class com.hivemq.platform.operator.v1.HiveMQPlatform' for namespace(s): [all namespaces]
2025-01-29 13:37:56,790 INFO c.h.h.t.HelmChartContainer - [hivemq-test-hivemq-platform] [hivemq-platform-operator] [c4a6074f] 13:37:56.788 [main] INFO  c.h.p.operator.webserver.JettyServer - Starting Jetty server on port 8080
2025-01-29 13:37:56,886 INFO c.h.h.t.HelmChartContainer - [hivemq-test-hivemq-platform] [hivemq-platform-operator] [c4a6074f] 13:37:56.885 [main] INFO  i.javaoperatorsdk.operator.Operator - Operator SDK 4.9.7 (commit: 2133d28) built on Wed Nov 20 12:56:20 UTC 2024 starting...
2025-01-29 13:37:56,886 INFO c.h.h.t.HelmChartContainer - [hivemq-test-hivemq-platform] [hivemq-platform-operator] [c4a6074f] 13:37:56.885 [main] INFO  i.javaoperatorsdk.operator.Operator - Client version: 6.13.4
2025-01-29 13:37:56,888 INFO c.h.h.t.HelmChartContainer - [hivemq-test-hivemq-platform] [hivemq-platform-operator] [c4a6074f] 13:37:56.886 [Controller Starter for: hivemq-controller] INFO  i.j.operator.processing.Controller - Starting 'hivemq-controller' controller for reconciler: com.hivemq.platform.operator.HiveMQPlatformReconciler, resource: com.hivemq.platform.operator.v1.HiveMQPlatform
2025-01-29 13:37:59,377 INFO c.h.h.t.HelmChartContainer - [hivemq-test-hivemq-platform] [hivemq-platform-operator] [c4a6074f] 13:37:59.375 [Controller Starter for: hivemq-controller] INFO  i.j.operator.processing.Controller - 'hivemq-controller' controller started
2025-01-29 13:37:59,380 INFO c.h.h.t.HelmChartContainer - [hivemq-test-hivemq-platform] [hivemq-platform-operator] [c4a6074f] 13:37:59.376 [main] INFO  c.h.p.o.HiveMQPlatformOperatorApplication - HiveMQ Platform Operator 1.7.0-SNAPSHOT started in 6498 ms
2025-01-29 13:37:59,593 INFO c.h.h.t.HelmChartContainer - [K3S] [range_allocator.go:247] "Successfully synced" key="b5478828a543"
2025-01-29 13:38:00,239 INFO c.h.h.t.HelmChartContainer - [POD] hivemq-test-hivemq-platform-operator-6966f96d65-rvzsb [c4a6074f-f2bd-45c9-af5e-398a990742f5] in helmadditionalcontainersit-operator was MODIFIED
2025-01-29 13:38:00,249 INFO c.h.h.t.HelmChartContainer - [K3S] [replica_set.go:679] "Finished syncing" kind="ReplicaSet" key="helmadditionalcontainersit-operator/hivemq-test-hivemq-platform-operator-6966f96d65" duration="12.923142ms"
2025-01-29 13:38:00,249 INFO c.h.h.t.HelmChartContainer - [K3S] [replica_set.go:679] "Finished syncing" kind="ReplicaSet" key="helmadditionalcontainersit-operator/hivemq-test-hivemq-platform-operator-6966f96d65" duration="37.67µs"
2025-01-29 13:38:00,854 DEBUG c.h.h.t.HelmChartContainer - Executing helm command: /bin/helm --kubeconfig /etc/rancher/k3s/k3s.yaml install test-hivemq-platform /charts/hivemq-platform --wait --timeout 5m0s --set image.repository=docker.io/hivemq --set image.tag=4.36.0 --set image.pullPolicy=Never --set nodes.resources.cpu=512m -f /files/additional-containers-values.yaml --namespace helmadditionalcontainersit
2025-01-29 13:38:01,190 INFO c.h.h.t.HelmChartContainer - [hivemq-test-hivemq-platform] [hivemq-platform-operator] [c4a6074f] 13:38:01.182 [-373097727-pool-1-thread-3] WARN  i.m.p.PrometheusMeterRegistry - The meter (MeterId{name='operator.sdk.events.received', tags=[tag(action=ADDED),tag(event=ResourceEvent),tag(group=hivemq.com),tag(kind=HiveMQPlatform),tag(name=test-hivemq-platform),tag(namespace=helmadditionalcontainersit),tag(scope=namespace),tag(version=v1)]}) registration has failed: Prometheus requires that all meters with the same name have the same set of tag keys. There is already an existing meter named 'operator.sdk.events.received' containing tag keys [event, group, kind, name, namespace, scope, version]. The meter you are attempting to register has keys [action, event, group, kind, name, namespace, scope, version]. Note that subsequent logs will be logged at debug level.
2025-01-29 13:38:01,687 INFO c.h.h.t.HelmChartContainer - [hivemq-test-hivemq-platform] [hivemq-platform-operator] [c4a6074f] 13:38:01.683 [pool-6-thread-3] DEBUG c.h.p.o.dependants.PodInfoConfigMap - [helmaddi] Desired PodInfo ConfigMap (1 extensions) (1 enabled)
2025-01-29 13:38:01,687 INFO c.h.h.t.HelmChartContainer - [hivemq-test-hivemq-platform] [hivemq-platform-operator] [c4a6074f] 13:38:01.684 [pool-6-thread-3] DEBUG c.h.p.o.dependants.PodInfoConfigMap - [helmaddi] Desired PodInfo ConfigMap (metrics port: 9399) (metrics path: /)
2025-01-29 13:38:01,687 INFO c.h.h.t.HelmChartContainer - [hivemq-test-hivemq-platform] [hivemq-platform-operator] [c4a6074f] 13:38:01.684 [pool-6-thread-3] DEBUG c.h.p.o.dependants.PodInfoConfigMap - [helmaddi] Desired PodInfo ConfigMap (extension state hash: -1817474005)
2025-01-29 13:38:01,688 INFO c.h.h.t.HelmChartContainer - [hivemq-test-hivemq-platform] [hivemq-platform-operator] [c4a6074f] 13:38:01.687 [pool-6-thread-3] DEBUG c.h.p.o.dependants.PodInfoConfigMap - [helmaddi] Create PodInfo ConfigMap
2025-01-29 13:38:01,790 INFO c.h.h.t.HelmChartContainer - [hivemq-test-hivemq-platform] [hivemq-platform-operator] [c4a6074f] 13:38:01.787 [pool-6-thread-5] DEBUG c.h.p.o.dependants.PodRoleResource - [helmaddi] Create Role: Role(apiVersion=rbac.authorization.k8s.io/v1, kind=Role, metadata=ObjectMeta(annotations={meta.helm.sh/release-name=test-hivemq-platform, meta.helm.sh/release-namespace=helmadditionalcontainersit}, creationTimestamp=null, deletionGracePeriodSeconds=null, deletionTimestamp=null, finalizers=[], generateName=null, generation=null, labels={helm.sh/chart=hivemq-platform-0.2.32, app.kubernetes.io/managed-by=Helm, app.kubernetes.io/name=hivemq-platform, hivemq-platform=test-hivemq-platform, app.kubernetes.io/instance=test-hivemq-platform, app.kubernetes.io/version=4.36.0}, managedFields=[], name=hivemq-platform-role-test-hivemq-platform, namespace=helmadditionalcontainersit, ownerReferences=[OwnerReference(apiVersion=hivemq.com/v1, blockOwnerDeletion=null, controller=null, kind=HiveMQPlatform, name=test-hivemq-platform, uid=1cecdaf0-a007-4a7b-bc48-eecf55348c92, additionalProperties={})], resourceVersion=null, selfLink=null, uid=null, additionalProperties={}), rules=[PolicyRule(apiGroups=[], nonResourceURLs=[], resourceNames=[], resources=[pods], verbs=[get, patch, update], additionalProperties={})], additionalProperties={})
2025-01-29 13:38:01,980 INFO c.h.h.t.HelmChartContainer - [hivemq-test-hivemq-platform] [hivemq-platform-operator] [c4a6074f] 13:38:01.978 [pool-6-thread-7] DEBUG c.h.p.o.d.PodServiceAccountResource - [helmaddi] Desired PodServiceAccountResource (serviceAccountName: hivemq-platform-pod-test-hivemq-platform)
2025-01-29 13:38:01,981 INFO c.h.h.t.HelmChartContainer - [hivemq-test-hivemq-platform] [hivemq-platform-operator] [c4a6074f] 13:38:01.979 [pool-6-thread-7] DEBUG c.h.p.o.d.PodServiceAccountResource - [helmaddi] Create ServiceAccount 'hivemq-platform-pod-test-hivemq-platform'
2025-01-29 13:38:02,085 INFO c.h.h.t.HelmChartContainer - [hivemq-test-hivemq-platform] [hivemq-platform-operator] [c4a6074f] 13:38:02.083 [pool-6-thread-10] DEBUG c.h.p.o.d.PodRoleBindingResource - [helmaddi] Create RoleBinding: RoleBinding(apiVersion=rbac.authorization.k8s.io/v1, kind=RoleBinding, metadata=ObjectMeta(annotations={meta.helm.sh/release-name=test-hivemq-platform, meta.helm.sh/release-namespace=helmadditionalcontainersit}, creationTimestamp=null, deletionGracePeriodSeconds=null, deletionTimestamp=null, finalizers=[], generateName=null, generation=null, labels={helm.sh/chart=hivemq-platform-0.2.32, app.kubernetes.io/managed-by=Helm, app.kubernetes.io/name=hivemq-platform, hivemq-platform=test-hivemq-platform, app.kubernetes.io/instance=test-hivemq-platform, app.kubernetes.io/version=4.36.0}, managedFields=[], name=hivemq-platform-role-binding-test-hivemq-platform, namespace=helmadditionalcontainersit, ownerReferences=[OwnerReference(apiVersion=hivemq.com/v1, blockOwnerDeletion=null, controller=null, kind=HiveMQPlatform, name=test-hivemq-platform, uid=1cecdaf0-a007-4a7b-bc48-eecf55348c92, additionalProperties={})], resourceVersion=null, selfLink=null, uid=null, additionalProperties={}), roleRef=RoleRef(apiGroup=rbac.authorization.k8s.io, kind=Role, name=hivemq-platform-role-test-hivemq-platform, additionalProperties={}), subjects=[Subject(apiGroup=null, kind=ServiceAccount, name=hivemq-platform-pod-test-hivemq-platform, namespace=helmadditionalcontainersit, additionalProperties={})], additionalProperties={})
2025-01-29 13:38:02,178 INFO c.h.h.t.HelmChartContainer - [hivemq-test-hivemq-platform] [hivemq-platform-operator] [c4a6074f] 13:38:02.176 [ReconcilerExecutor-hivemq-controller-54] INFO  c.h.p.o.HiveMQPlatformReconciler - [helmaddi] Reconciling HiveMQ Platform 'test-hivemq-platform' in namespace 'helmadditionalcontainersit'
2025-01-29 13:38:02,178 INFO c.h.h.t.HelmChartContainer - [hivemq-test-hivemq-platform] [hivemq-platform-operator] [c4a6074f] 13:38:02.176 [ReconcilerExecutor-hivemq-controller-54] DEBUG c.h.p.o.HiveMQPlatformReconciler - [helmaddi] Custom Resource Status CREATED - HiveMQ Platform was created (READY)
2025-01-29 13:38:02,178 INFO c.h.h.t.HelmChartContainer - [hivemq-test-hivemq-platform] [hivemq-platform-operator] [c4a6074f] 13:38:02.177 [ReconcilerExecutor-hivemq-controller-54] DEBUG c.h.p.o.HiveMQPlatformReconciler - [helmaddi] Custom Resource Spec (replicas: 1) (extensions: 1)
2025-01-29 13:38:02,182 INFO c.h.h.t.HelmChartContainer - [hivemq-test-hivemq-platform] [hivemq-platform-operator] [c4a6074f] 13:38:02.181 [ReconcilerExecutor-hivemq-controller-54] INFO  c.h.p.o.h.HiveMQPlatformReconcilerBaseHandler - [helmaddi] HiveMQ Platform is starting
2025-01-29 13:38:02,288 INFO c.h.h.t.HelmChartContainer - [hivemq-test-hivemq-platform] [hivemq-platform-operator] [c4a6074f] 13:38:02.286 [ReconcilerExecutor-hivemq-controller-54] DEBUG c.h.p.operator.event.EventSender - [helmaddi] Creating K8s event hivemq-platform-starting: [Start] HiveMQ Platform is starting
2025-01-29 13:38:02,295 INFO c.h.h.t.HelmChartContainer - [EVENT] Normal [Start] HiveMQ Platform is starting [helmadditionalcontainersit:test-hivemq-platform]
2025-01-29 13:38:02,299 INFO c.h.h.t.HelmChartContainer - [hivemq-test-hivemq-platform] [hivemq-platform-operator] [c4a6074f] 13:38:02.298 [ReconcilerExecutor-hivemq-controller-54] INFO  c.h.p.o.h.AbstractHiveMQReconcilerStateHandler - [helmaddi] Update HiveMQ Platform Status (CREATED [READY] -> STARTING [READY]): HiveMQ Platform is starting
2025-01-29 13:38:02,391 DEBUG com.hivemq.helmcharts.util.K8sUtil - Comparing actual state 'STARTING' and waiting for 'RUNNING'
2025-01-29 13:38:12,487 INFO c.h.h.t.HelmChartContainer - [hivemq-test-hivemq-platform] [hivemq-platform-operator] [c4a6074f] 13:38:12.481 [pool-6-thread-12] DEBUG c.h.p.o.d.PlatformServiceResource - [helmaddi] Desired Platform services (3 services)
2025-01-29 13:38:12,487 INFO c.h.h.t.HelmChartContainer - [hivemq-test-hivemq-platform] [hivemq-platform-operator] [c4a6074f] 13:38:12.483 [pool-6-thread-13] DEBUG c.h.p.o.dependants.PodInfoConfigMap - [helmaddi] Desired PodInfo ConfigMap (1 extensions) (1 enabled)
2025-01-29 13:38:12,487 INFO c.h.h.t.HelmChartContainer - [hivemq-test-hivemq-platform] [hivemq-platform-operator] [c4a6074f] 13:38:12.483 [pool-6-thread-13] DEBUG c.h.p.o.dependants.PodInfoConfigMap - [helmaddi] Desired PodInfo ConfigMap (metrics port: 9399) (metrics path: /)
2025-01-29 13:38:12,487 INFO c.h.h.t.HelmChartContainer - [hivemq-test-hivemq-platform] [hivemq-platform-operator] [c4a6074f] 13:38:12.483 [pool-6-thread-13] DEBUG c.h.p.o.dependants.PodInfoConfigMap - [helmaddi] Desired PodInfo ConfigMap (extension state hash: -1817474005)
2025-01-29 13:38:12,489 INFO c.h.h.t.HelmChartContainer - [hivemq-test-hivemq-platform] [hivemq-platform-operator] [c4a6074f] 13:38:12.487 [pool-6-thread-17] DEBUG c.h.p.o.d.PodServiceAccountResource - [helmaddi] Desired PodServiceAccountResource (serviceAccountName: hivemq-platform-pod-test-hivemq-platform)
2025-01-29 13:38:12,491 INFO c.h.h.t.HelmChartContainer - [hivemq-test-hivemq-platform] [hivemq-platform-operator] [c4a6074f] 13:38:12.490 [pool-6-thread-13] DEBUG c.h.p.o.dependants.PodInfoConfigMap - [helmaddi] Update PodInfo ConfigMap
2025-01-29 13:38:12,587 INFO c.h.h.t.HelmChartContainer - [K3S] [alloc.go:330] "allocated clusterIPs" service="helmadditionalcontainersit/hivemq-test-hivemq-platform-metrics-9399" clusterIPs={"IPv4":"10.43.154.148"}
2025-01-29 13:38:12,680 INFO c.h.h.t.HelmChartContainer - [K3S] [alloc.go:330] "allocated clusterIPs" service="helmadditionalcontainersit/hivemq-test-hivemq-platform-mqtt-1883" clusterIPs={"IPv4":"10.43.255.175"}
2025-01-29 13:38:12,692 INFO c.h.h.t.HelmChartContainer - [K3S] [alloc.go:330] "allocated clusterIPs" service="helmadditionalcontainersit/hivemq-test-hivemq-platform-cc-8080" clusterIPs={"IPv4":"10.43.167.173"}
2025-01-29 13:38:12,777 INFO c.h.h.t.HelmChartContainer - [hivemq-test-hivemq-platform] [hivemq-platform-operator] [c4a6074f] 13:38:12.775 [pool-6-thread-20] DEBUG c.h.p.o.d.StatefulSetResource - [helmaddi] Desired StatefulSet (1 replicas) for status STARTING (READY)
2025-01-29 13:38:12,790 INFO c.h.h.t.HelmChartContainer - [hivemq-test-hivemq-platform] [hivemq-platform-operator] [c4a6074f] 13:38:12.789 [pool-6-thread-20] DEBUG c.h.p.o.d.StatefulSetResource - [helmaddi] Create StatefulSet
2025-01-29 13:38:12,818 INFO c.h.h.t.HelmChartContainer - [EVENT] Normal [SuccessfulCreate] create Pod test-hivemq-platform-0 in StatefulSet test-hivemq-platform successful [helmadditionalcontainersit:test-hivemq-platform]
2025-01-29 13:38:12,820 INFO c.h.h.t.HelmChartContainer - [POD] test-hivemq-platform-0 [eb40ffeb-aac3-4ca0-bcc0-189e459a1698] in helmadditionalcontainersit was ADDED
2025-01-29 13:38:12,826 INFO c.h.h.t.HelmChartContainer - [EVENT] Normal [Scheduled] Successfully assigned helmadditionalcontainersit/test-hivemq-platform-0 to b5478828a543 [helmadditionalcontainersit:test-hivemq-platform-0]
2025-01-29 13:38:12,827 INFO c.h.h.t.HelmChartContainer - [POD] test-hivemq-platform-0 [eb40ffeb-aac3-4ca0-bcc0-189e459a1698] in helmadditionalcontainersit was MODIFIED
2025-01-29 13:38:12,838 INFO c.h.h.t.HelmChartContainer - [POD] test-hivemq-platform-0 [eb40ffeb-aac3-4ca0-bcc0-189e459a1698] in helmadditionalcontainersit was MODIFIED
2025-01-29 13:38:12,886 INFO c.h.h.t.HelmChartContainer - [hivemq-test-hivemq-platform] [hivemq-platform-operator] [c4a6074f] 13:38:12.884 [ReconcilerExecutor-hivemq-controller-65] INFO  c.h.p.o.HiveMQPlatformReconciler - [helmaddi] Reconciling HiveMQ Platform 'test-hivemq-platform' in namespace 'helmadditionalcontainersit'
2025-01-29 13:38:12,886 INFO c.h.h.t.HelmChartContainer - [hivemq-test-hivemq-platform] [hivemq-platform-operator] [c4a6074f] 13:38:12.884 [ReconcilerExecutor-hivemq-controller-65] DEBUG c.h.p.o.HiveMQPlatformReconciler - [helmaddi] Custom Resource Status STARTING - HiveMQ Platform is starting (READY)
2025-01-29 13:38:12,886 INFO c.h.h.t.HelmChartContainer - [hivemq-test-hivemq-platform] [hivemq-platform-operator] [c4a6074f] 13:38:12.884 [ReconcilerExecutor-hivemq-controller-65] DEBUG c.h.p.o.HiveMQPlatformReconciler - [helmaddi] Custom Resource Spec (replicas: 1) (extensions: 1)
2025-01-29 13:38:12,890 INFO c.h.h.t.HelmChartContainer - [hivemq-test-hivemq-platform] [hivemq-platform-operator] [c4a6074f] 13:38:12.889 [ReconcilerExecutor-hivemq-controller-65] DEBUG c.h.p.o.HiveMQPlatformReconciler - [helmaddi] StatefulSet Status (revision: test-hivemq-platform-666657c555, replicas: 1, available: 0, ready: 0, current: 1, updated: 1)
2025-01-29 13:38:12,972 INFO c.h.h.t.HelmChartContainer - [hivemq-test-hivemq-platform] [hivemq-platform-operator] [c4a6074f] 13:38:12.889 [ReconcilerExecutor-hivemq-controller-65] DEBUG c.h.p.o.HiveMQPlatformReconciler - [helmaddi] StatefulSet Spec (replicas: 1, init containers: 1, containers: 2, volumes: 5)
2025-01-29 13:38:12,989 INFO c.h.h.t.HelmChartContainer - [hivemq-test-hivemq-platform] [hivemq-platform-operator] [c4a6074f] 13:38:12.988 [ReconcilerExecutor-hivemq-controller-65] DEBUG c.h.p.o.h.HiveMQPlatformReconcilerErrorHandler - [helmaddi] Pod 'test-hivemq-platform-0' phase Pending
2025-01-29 13:38:12,990 INFO c.h.h.t.HelmChartContainer - [hivemq-test-hivemq-platform] [hivemq-platform-operator] [c4a6074f] 13:38:12.989 [ReconcilerExecutor-hivemq-controller-65] DEBUG c.h.p.o.h.HiveMQPlatformReconcilerErrorHandler - [helmaddi] Pod 'test-hivemq-platform-0' condition 'PodReadyToStartContainers': False
2025-01-29 13:38:12,991 INFO c.h.h.t.HelmChartContainer - [hivemq-test-hivemq-platform] [hivemq-platform-operator] [c4a6074f] 13:38:12.989 [ReconcilerExecutor-hivemq-controller-65] DEBUG c.h.p.o.h.HiveMQPlatformReconcilerErrorHandler - [helmaddi] Pod 'test-hivemq-platform-0' condition 'Initialized': False
2025-01-29 13:38:12,991 INFO c.h.h.t.HelmChartContainer - [hivemq-test-hivemq-platform] [hivemq-platform-operator] [c4a6074f] 13:38:12.989 [ReconcilerExecutor-hivemq-controller-65] DEBUG c.h.p.o.h.HiveMQPlatformReconcilerErrorHandler - [helmaddi] Pod 'test-hivemq-platform-0' condition 'Ready': False
2025-01-29 13:38:12,991 INFO c.h.h.t.HelmChartContainer - [hivemq-test-hivemq-platform] [hivemq-platform-operator] [c4a6074f] 13:38:12.989 [ReconcilerExecutor-hivemq-controller-65] DEBUG c.h.p.o.h.HiveMQPlatformReconcilerErrorHandler - [helmaddi] Pod 'test-hivemq-platform-0' condition 'ContainersReady': False
2025-01-29 13:38:12,991 INFO c.h.h.t.HelmChartContainer - [hivemq-test-hivemq-platform] [hivemq-platform-operator] [c4a6074f] 13:38:12.989 [ReconcilerExecutor-hivemq-controller-65] DEBUG c.h.p.o.h.HiveMQPlatformReconcilerErrorHandler - [helmaddi] Pod 'test-hivemq-platform-0' condition 'PodScheduled': True
2025-01-29 13:38:12,991 INFO c.h.h.t.HelmChartContainer - [hivemq-test-hivemq-platform] [hivemq-platform-operator] [c4a6074f] 13:38:12.989 [ReconcilerExecutor-hivemq-controller-65] DEBUG c.h.p.o.h.HiveMQPlatformReconcilerErrorHandler - [helmaddi] Pod 'test-hivemq-platform-0' containerStatus 'consul-template-container' (started: false) (ready: false) (waiting: [PodInitializing] null)
2025-01-29 13:38:13,013 INFO c.h.h.t.HelmChartContainer - [K3S] [reconciler_common.go:251] "operationExecutor.VerifyControllerAttachedVolume started for volume \"kube-api-access-lp2mz\" (UniqueName: \"kubernetes.io/projected/eb40ffeb-aac3-4ca0-bcc0-189e459a1698-kube-api-access-lp2mz\") pod \"test-hivemq-platform-0\" (UID: \"eb40ffeb-aac3-4ca0-bcc0-189e459a1698\") " pod="helmadditionalcontainersit/test-hivemq-platform-0"
2025-01-29 13:38:13,013 INFO c.h.h.t.HelmChartContainer - [K3S] [reconciler_common.go:251] "operationExecutor.VerifyControllerAttachedVolume started for volume \"consul-template-volume\" (UniqueName: \"kubernetes.io/configmap/eb40ffeb-aac3-4ca0-bcc0-189e459a1698-consul-template-volume\") pod \"test-hivemq-platform-0\" (UID: \"eb40ffeb-aac3-4ca0-bcc0-189e459a1698\") " pod="helmadditionalcontainersit/test-hivemq-platform-0"
2025-01-29 13:38:13,013 INFO c.h.h.t.HelmChartContainer - [K3S] [reconciler_common.go:251] "operationExecutor.VerifyControllerAttachedVolume started for volume \"operator-init\" (UniqueName: \"kubernetes.io/empty-dir/eb40ffeb-aac3-4ca0-bcc0-189e459a1698-operator-init\") pod \"test-hivemq-platform-0\" (UID: \"eb40ffeb-aac3-4ca0-bcc0-189e459a1698\") " pod="helmadditionalcontainersit/test-hivemq-platform-0"
2025-01-29 13:38:13,014 INFO c.h.h.t.HelmChartContainer - [K3S] [reconciler_common.go:251] "operationExecutor.VerifyControllerAttachedVolume started for volume \"license-volume\" (UniqueName: \"kubernetes.io/empty-dir/eb40ffeb-aac3-4ca0-bcc0-189e459a1698-license-volume\") pod \"test-hivemq-platform-0\" (UID: \"eb40ffeb-aac3-4ca0-bcc0-189e459a1698\") " pod="helmadditionalcontainersit/test-hivemq-platform-0"
2025-01-29 13:38:13,014 INFO c.h.h.t.HelmChartContainer - [K3S] [reconciler_common.go:251] "operationExecutor.VerifyControllerAttachedVolume started for volume \"pod-info\" (UniqueName: \"kubernetes.io/configmap/eb40ffeb-aac3-4ca0-bcc0-189e459a1698-pod-info\") pod \"test-hivemq-platform-0\" (UID: \"eb40ffeb-aac3-4ca0-bcc0-189e459a1698\") " pod="helmadditionalcontainersit/test-hivemq-platform-0"
2025-01-29 13:38:13,014 INFO c.h.h.t.HelmChartContainer - [K3S] [reconciler_common.go:251] "operationExecutor.VerifyControllerAttachedVolume started for volume \"broker-configuration\" (UniqueName: \"kubernetes.io/configmap/eb40ffeb-aac3-4ca0-bcc0-189e459a1698-broker-configuration\") pod \"test-hivemq-platform-0\" (UID: \"eb40ffeb-aac3-4ca0-bcc0-189e459a1698\") " pod="helmadditionalcontainersit/test-hivemq-platform-0"
2025-01-29 13:38:13,076 INFO c.h.h.t.HelmChartContainer - [hivemq-test-hivemq-platform] [hivemq-platform-operator] [c4a6074f] 13:38:13.074 [ReconcilerExecutor-hivemq-controller-65] DEBUG c.h.p.o.h.HiveMQPlatformReconcilerErrorHandler - [helmaddi] Pod 'test-hivemq-platform-0' containerStatus 'hivemq' (started: false) (ready: false) (waiting: [PodInitializing] null)
2025-01-29 13:38:13,078 INFO c.h.h.t.HelmChartContainer - [hivemq-test-hivemq-platform] [hivemq-platform-operator] [c4a6074f] 13:38:13.076 [ReconcilerExecutor-hivemq-controller-65] INFO  c.h.p.o.h.HiveMQPlatformReconcilerBaseHandler - [helmaddi] HiveMQ Platform is starting, 0 of 1 replicas are ready
2025-01-29 13:38:13,084 INFO c.h.h.t.HelmChartContainer - [hivemq-test-hivemq-platform] [hivemq-platform-operator] [c4a6074f] 13:38:13.080 [pool-6-thread-22] DEBUG c.h.p.o.d.PlatformServiceResource - [helmaddi] Desired Platform services (3 services)
2025-01-29 13:38:13,089 INFO c.h.h.t.HelmChartContainer - [hivemq-test-hivemq-platform] [hivemq-platform-operator] [c4a6074f] 13:38:13.082 [pool-6-thread-23] DEBUG c.h.p.o.dependants.PodInfoConfigMap - [helmaddi] Desired PodInfo ConfigMap (1 extensions) (1 enabled)
2025-01-29 13:38:13,089 INFO c.h.h.t.HelmChartContainer - [hivemq-test-hivemq-platform] [hivemq-platform-operator] [c4a6074f] 13:38:13.082 [pool-6-thread-23] DEBUG c.h.p.o.dependants.PodInfoConfigMap - [helmaddi] Desired PodInfo ConfigMap (metrics port: 9399) (metrics path: /)
2025-01-29 13:38:13,089 INFO c.h.h.t.HelmChartContainer - [hivemq-test-hivemq-platform] [hivemq-platform-operator] [c4a6074f] 13:38:13.082 [pool-6-thread-23] DEBUG c.h.p.o.dependants.PodInfoConfigMap - [helmaddi] Desired PodInfo ConfigMap (extension state hash: -1817474005)
2025-01-29 13:38:13,092 INFO c.h.h.t.HelmChartContainer - [hivemq-test-hivemq-platform] [hivemq-platform-operator] [c4a6074f] 13:38:13.091 [pool-6-thread-27] DEBUG c.h.p.o.d.PodServiceAccountResource - [helmaddi] Desired PodServiceAccountResource (serviceAccountName: hivemq-platform-pod-test-hivemq-platform)
2025-01-29 13:38:13,183 INFO c.h.h.t.HelmChartContainer - [hivemq-test-hivemq-platform] [hivemq-platform-operator] [c4a6074f] 13:38:13.180 [pool-6-thread-30] DEBUG c.h.p.o.d.StatefulSetResource - [helmaddi] Desired StatefulSet (1 replicas) for status STARTING (READY)
2025-01-29 13:38:13,225 INFO c.h.h.t.HelmChartContainer - [EVENT] Normal [Pulled] Container image "docker.io/hivemq/hivemq-platform-operator-init-test:snapshot" already present on machine [helmadditionalcontainersit:test-hivemq-platform-0]
2025-01-29 13:38:13,231 INFO c.h.h.t.HelmChartContainer - [EVENT] Normal [Created] Created container: hivemq-platform-operator-init [helmadditionalcontainersit:test-hivemq-platform-0]
2025-01-29 13:38:13,266 INFO c.h.h.t.HelmChartContainer - [EVENT] Normal [Started] Started container hivemq-platform-operator-init [helmadditionalcontainersit:test-hivemq-platform-0]
2025-01-29 13:38:13,276 INFO c.h.h.t.HelmChartContainer - [hivemq-test-hivemq-platform] [hivemq-platform-operator] [c4a6074f] 13:38:13.274 [ReconcilerExecutor-hivemq-controller-76] INFO  c.h.p.o.HiveMQPlatformReconciler - [helmaddi] Reconciling HiveMQ Platform 'test-hivemq-platform' in namespace 'helmadditionalcontainersit'
2025-01-29 13:38:13,278 INFO c.h.h.t.HelmChartContainer - [hivemq-test-hivemq-platform] [hivemq-platform-operator] [c4a6074f] 13:38:13.274 [ReconcilerExecutor-hivemq-controller-76] DEBUG c.h.p.o.HiveMQPlatformReconciler - [helmaddi] Custom Resource Status STARTING - HiveMQ Platform is starting (READY)
2025-01-29 13:38:13,278 INFO c.h.h.t.HelmChartContainer - [hivemq-test-hivemq-platform] [hivemq-platform-operator] [c4a6074f] 13:38:13.275 [ReconcilerExecutor-hivemq-controller-76] DEBUG c.h.p.o.HiveMQPlatformReconciler - [helmaddi] Custom Resource Spec (replicas: 1) (extensions: 1)
2025-01-29 13:38:13,280 INFO c.h.h.t.HelmChartContainer - [hivemq-test-hivemq-platform] [hivemq-platform-operator] [c4a6074f] 13:38:13.278 [ReconcilerExecutor-hivemq-controller-76] DEBUG c.h.p.o.HiveMQPlatformReconciler - [helmaddi] StatefulSet Status (revision: test-hivemq-platform-666657c555, replicas: 1, available: 0, ready: 0, current: 1, updated: 1)
2025-01-29 13:38:13,280 INFO c.h.h.t.HelmChartContainer - [hivemq-test-hivemq-platform] [hivemq-platform-operator] [c4a6074f] 13:38:13.279 [ReconcilerExecutor-hivemq-controller-76] DEBUG c.h.p.o.HiveMQPlatformReconciler - [helmaddi] StatefulSet Spec (replicas: 1, init containers: 1, containers: 2, volumes: 5)
2025-01-29 13:38:13,285 INFO c.h.h.t.HelmChartContainer - [hivemq-test-hivemq-platform] [hivemq-platform-operator] [c4a6074f] 13:38:13.282 [ReconcilerExecutor-hivemq-controller-76] DEBUG c.h.p.o.h.HiveMQPlatformReconcilerErrorHandler - [helmaddi] Pod 'test-hivemq-platform-0' phase Pending
2025-01-29 13:38:13,286 INFO c.h.h.t.HelmChartContainer - [hivemq-test-hivemq-platform] [hivemq-platform-operator] [c4a6074f] 13:38:13.282 [ReconcilerExecutor-hivemq-controller-76] DEBUG c.h.p.o.h.HiveMQPlatformReconcilerErrorHandler - [helmaddi] Pod 'test-hivemq-platform-0' condition 'PodReadyToStartContainers': False
2025-01-29 13:38:13,286 INFO c.h.h.t.HelmChartContainer - [hivemq-test-hivemq-platform] [hivemq-platform-operator] [c4a6074f] 13:38:13.283 [ReconcilerExecutor-hivemq-controller-76] DEBUG c.h.p.o.h.HiveMQPlatformReconcilerErrorHandler - [helmaddi] Pod 'test-hivemq-platform-0' condition 'Initialized': False
2025-01-29 13:38:13,286 INFO c.h.h.t.HelmChartContainer - [hivemq-test-hivemq-platform] [hivemq-platform-operator] [c4a6074f] 13:38:13.283 [ReconcilerExecutor-hivemq-controller-76] DEBUG c.h.p.o.h.HiveMQPlatformReconcilerErrorHandler - [helmaddi] Pod 'test-hivemq-platform-0' condition 'Ready': False
2025-01-29 13:38:13,286 INFO c.h.h.t.HelmChartContainer - [hivemq-test-hivemq-platform] [hivemq-platform-operator] [c4a6074f] 13:38:13.283 [ReconcilerExecutor-hivemq-controller-76] DEBUG c.h.p.o.h.HiveMQPlatformReconcilerErrorHandler - [helmaddi] Pod 'test-hivemq-platform-0' condition 'ContainersReady': False
2025-01-29 13:38:13,286 INFO c.h.h.t.HelmChartContainer - [hivemq-test-hivemq-platform] [hivemq-platform-operator] [c4a6074f] 13:38:13.283 [ReconcilerExecutor-hivemq-controller-76] DEBUG c.h.p.o.h.HiveMQPlatformReconcilerErrorHandler - [helmaddi] Pod 'test-hivemq-platform-0' condition 'PodScheduled': True
2025-01-29 13:38:13,286 INFO c.h.h.t.HelmChartContainer - [hivemq-test-hivemq-platform] [hivemq-platform-operator] [c4a6074f] 13:38:13.283 [ReconcilerExecutor-hivemq-controller-76] DEBUG c.h.p.o.h.HiveMQPlatformReconcilerErrorHandler - [helmaddi] Pod 'test-hivemq-platform-0' containerStatus 'consul-template-container' (started: false) (ready: false) (waiting: [PodInitializing] null)
2025-01-29 13:38:13,286 INFO c.h.h.t.HelmChartContainer - [hivemq-test-hivemq-platform] [hivemq-platform-operator] [c4a6074f] 13:38:13.283 [ReconcilerExecutor-hivemq-controller-76] DEBUG c.h.p.o.h.HiveMQPlatformReconcilerErrorHandler - [helmaddi] Pod 'test-hivemq-platform-0' containerStatus 'hivemq' (started: false) (ready: false) (waiting: [PodInitializing] null)
2025-01-29 13:38:13,286 INFO c.h.h.t.HelmChartContainer - [hivemq-test-hivemq-platform] [hivemq-platform-operator] [c4a6074f] 13:38:13.284 [ReconcilerExecutor-hivemq-controller-76] INFO  c.h.p.o.h.HiveMQPlatformReconcilerBaseHandler - [helmaddi] HiveMQ Platform is starting, 0 of 1 replicas are ready
2025-01-29 13:38:14,265 INFO c.h.h.t.HelmChartContainer - [EVENT] Normal [Pulled] Container image "docker.io/hivemq/hivemq4:4.36.0" already present on machine [helmadditionalcontainersit:test-hivemq-platform-0]
2025-01-29 13:38:14,265 INFO c.h.h.t.HelmChartContainer - Received Pulled event for container hivemq in pod test-hivemq-platform-0 [eb40ffeb-aac3-4ca0-bcc0-189e459a1698]
2025-01-29 13:38:14,276 INFO c.h.h.t.HelmChartContainer - [POD] test-hivemq-platform-0 [eb40ffeb-aac3-4ca0-bcc0-189e459a1698] in helmadditionalcontainersit was MODIFIED
2025-01-29 13:38:14,291 INFO c.h.h.t.HelmChartContainer - [EVENT] Normal [Created] Created container: hivemq [helmadditionalcontainersit:test-hivemq-platform-0]
2025-01-29 13:38:14,292 INFO c.h.h.t.HelmChartContainer - Received Created event for container hivemq in pod test-hivemq-platform-0 [eb40ffeb-aac3-4ca0-bcc0-189e459a1698]
2025-01-29 13:38:14,303 INFO c.h.h.t.HelmChartContainer - [hivemq-test-hivemq-platform] [hivemq-platform-operator] [c4a6074f] 13:38:14.293 [pool-6-thread-32] DEBUG c.h.p.o.d.PlatformServiceResource - [helmaddi] Desired Platform services (3 services)
2025-01-29 13:38:14,304 INFO c.h.h.t.HelmChartContainer - [hivemq-test-hivemq-platform] [hivemq-platform-operator] [c4a6074f] 13:38:14.296 [pool-6-thread-33] DEBUG c.h.p.o.dependants.PodInfoConfigMap - [helmaddi] Desired PodInfo ConfigMap (1 extensions) (1 enabled)
2025-01-29 13:38:14,305 INFO c.h.h.t.HelmChartContainer - [hivemq-test-hivemq-platform] [hivemq-platform-operator] [c4a6074f] 13:38:14.296 [pool-6-thread-33] DEBUG c.h.p.o.dependants.PodInfoConfigMap - [helmaddi] Desired PodInfo ConfigMap (metrics port: 9399) (metrics path: /)
2025-01-29 13:38:14,307 INFO c.h.h.t.HelmChartContainer - [hivemq-test-hivemq-platform] [hivemq-platform-operator] [c4a6074f] 13:38:14.296 [pool-6-thread-33] DEBUG c.h.p.o.dependants.PodInfoConfigMap - [helmaddi] Desired PodInfo ConfigMap (extension state hash: -1817474005)
2025-01-29 13:38:14,310 INFO c.h.h.t.HelmChartContainer - [hivemq-test-hivemq-platform] [hivemq-platform-operator] [c4a6074f] 13:38:14.303 [pool-6-thread-37] DEBUG c.h.p.o.d.PodServiceAccountResource - [helmaddi] Desired PodServiceAccountResource (serviceAccountName: hivemq-platform-pod-test-hivemq-platform)
2025-01-29 13:38:14,378 INFO c.h.h.t.HelmChartContainer - [hivemq-test-hivemq-platform] [hivemq-platform-operator] [c4a6074f] 13:38:14.376 [pool-6-thread-40] DEBUG c.h.p.o.d.StatefulSetResource - [helmaddi] Desired StatefulSet (1 replicas) for status STARTING (READY)
2025-01-29 13:38:14,383 INFO c.h.h.t.HelmChartContainer - [hivemq-test-hivemq-platform] [hivemq-platform-operator] [c4a6074f] 13:38:14.382 [ReconcilerExecutor-hivemq-controller-87] INFO  c.h.p.o.HiveMQPlatformReconciler - [helmaddi] Reconciling HiveMQ Platform 'test-hivemq-platform' in namespace 'helmadditionalcontainersit'
2025-01-29 13:38:14,386 INFO c.h.h.t.HelmChartContainer - [hivemq-test-hivemq-platform] [hivemq-platform-operator] [c4a6074f] 13:38:14.382 [ReconcilerExecutor-hivemq-controller-87] DEBUG c.h.p.o.HiveMQPlatformReconciler - [helmaddi] Custom Resource Status STARTING - HiveMQ Platform is starting (READY)
2025-01-29 13:38:14,386 INFO c.h.h.t.HelmChartContainer - [hivemq-test-hivemq-platform] [hivemq-platform-operator] [c4a6074f] 13:38:14.382 [ReconcilerExecutor-hivemq-controller-87] DEBUG c.h.p.o.HiveMQPlatformReconciler - [helmaddi] Custom Resource Spec (replicas: 1) (extensions: 1)
2025-01-29 13:38:14,389 INFO c.h.h.t.HelmChartContainer - [hivemq-test-hivemq-platform] [hivemq-platform-operator] [c4a6074f] 13:38:14.388 [ReconcilerExecutor-hivemq-controller-87] DEBUG c.h.p.o.HiveMQPlatformReconciler - [helmaddi] StatefulSet Status (revision: test-hivemq-platform-666657c555, replicas: 1, available: 0, ready: 0, current: 1, updated: 1)
2025-01-29 13:38:14,389 INFO c.h.h.t.HelmChartContainer - [hivemq-test-hivemq-platform] [hivemq-platform-operator] [c4a6074f] 13:38:14.388 [ReconcilerExecutor-hivemq-controller-87] DEBUG c.h.p.o.HiveMQPlatformReconciler - [helmaddi] StatefulSet Spec (replicas: 1, init containers: 1, containers: 2, volumes: 5)
2025-01-29 13:38:14,396 INFO c.h.h.t.HelmChartContainer - [hivemq-test-hivemq-platform] [hivemq-platform-operator] [c4a6074f] 13:38:14.395 [ReconcilerExecutor-hivemq-controller-87] DEBUG c.h.p.o.h.HiveMQPlatformReconcilerErrorHandler - [helmaddi] Pod 'test-hivemq-platform-0' phase Pending
2025-01-29 13:38:14,397 INFO c.h.h.t.HelmChartContainer - [hivemq-test-hivemq-platform] [hivemq-platform-operator] [c4a6074f] 13:38:14.395 [ReconcilerExecutor-hivemq-controller-87] DEBUG c.h.p.o.h.HiveMQPlatformReconcilerErrorHandler - [helmaddi] Pod 'test-hivemq-platform-0' condition 'PodReadyToStartContainers': True
2025-01-29 13:38:14,397 INFO c.h.h.t.HelmChartContainer - [hivemq-test-hivemq-platform] [hivemq-platform-operator] [c4a6074f] 13:38:14.395 [ReconcilerExecutor-hivemq-controller-87] DEBUG c.h.p.o.h.HiveMQPlatformReconcilerErrorHandler - [helmaddi] Pod 'test-hivemq-platform-0' condition 'Initialized': True
2025-01-29 13:38:14,397 INFO c.h.h.t.HelmChartContainer - [hivemq-test-hivemq-platform] [hivemq-platform-operator] [c4a6074f] 13:38:14.395 [ReconcilerExecutor-hivemq-controller-87] DEBUG c.h.p.o.h.HiveMQPlatformReconcilerErrorHandler - [helmaddi] Pod 'test-hivemq-platform-0' condition 'Ready': False
2025-01-29 13:38:14,397 INFO c.h.h.t.HelmChartContainer - [hivemq-test-hivemq-platform] [hivemq-platform-operator] [c4a6074f] 13:38:14.395 [ReconcilerExecutor-hivemq-controller-87] DEBUG c.h.p.o.h.HiveMQPlatformReconcilerErrorHandler - [helmaddi] Pod 'test-hivemq-platform-0' condition 'ContainersReady': False
2025-01-29 13:38:14,397 INFO c.h.h.t.HelmChartContainer - [hivemq-test-hivemq-platform] [hivemq-platform-operator] [c4a6074f] 13:38:14.395 [ReconcilerExecutor-hivemq-controller-87] DEBUG c.h.p.o.h.HiveMQPlatformReconcilerErrorHandler - [helmaddi] Pod 'test-hivemq-platform-0' condition 'PodScheduled': True
2025-01-29 13:38:14,397 INFO c.h.h.t.HelmChartContainer - [hivemq-test-hivemq-platform] [hivemq-platform-operator] [c4a6074f] 13:38:14.395 [ReconcilerExecutor-hivemq-controller-87] DEBUG c.h.p.o.h.HiveMQPlatformReconcilerErrorHandler - [helmaddi] Pod 'test-hivemq-platform-0' containerStatus 'consul-template-container' (started: false) (ready: false) (waiting: [PodInitializing] null)
2025-01-29 13:38:14,397 INFO c.h.h.t.HelmChartContainer - [hivemq-test-hivemq-platform] [hivemq-platform-operator] [c4a6074f] 13:38:14.395 [ReconcilerExecutor-hivemq-controller-87] DEBUG c.h.p.o.h.HiveMQPlatformReconcilerErrorHandler - [helmaddi] Pod 'test-hivemq-platform-0' containerStatus 'hivemq' (started: false) (ready: false) (waiting: [PodInitializing] null)
2025-01-29 13:38:14,398 INFO c.h.h.t.HelmChartContainer - [hivemq-test-hivemq-platform] [hivemq-platform-operator] [c4a6074f] 13:38:14.396 [ReconcilerExecutor-hivemq-controller-87] INFO  c.h.p.o.h.HiveMQPlatformReconcilerBaseHandler - [helmaddi] HiveMQ Platform is starting, 0 of 1 replicas are ready
2025-01-29 13:38:16,280 INFO c.h.h.t.HelmChartContainer - [POD] test-hivemq-platform-0 [eb40ffeb-aac3-4ca0-bcc0-189e459a1698] in helmadditionalcontainersit was MODIFIED
2025-01-29 13:38:16,290 INFO c.h.h.t.HelmChartContainer - Started log watcher for hivemq in pod test-hivemq-platform-0 [eb40ffeb-aac3-4ca0-bcc0-189e459a1698]
2025-01-29 13:38:16,291 INFO c.h.h.t.HelmChartContainer - [test-hivemq-platform] [hivemq] [eb40ffeb] Adding pre-installed HiveMQ Platform Operator extensions
2025-01-29 13:38:16,291 INFO c.h.h.t.HelmChartContainer - [test-hivemq-platform] [hivemq] [eb40ffeb] Running as user 10000
2025-01-29 13:38:16,291 INFO c.h.h.t.HelmChartContainer - [test-hivemq-platform] [hivemq] [eb40ffeb] Starting HiveMQ Platform Operator Init
2025-01-29 13:38:16,291 INFO c.h.h.t.HelmChartContainer - [test-hivemq-platform] [hivemq] [eb40ffeb] INFO  - [HiveMQ Platform Operator Init 1.7.0-SNAPSHOT] HiveMQ Platform Operator Init 1.7.0-SNAPSHOT (commit: bebf408 on branch: HEAD) built on Sun Jan 26 20:47:47 UTC 2025
2025-01-29 13:38:16,291 INFO c.h.h.t.HelmChartContainer - [EVENT] Normal [Started] Started container hivemq [helmadditionalcontainersit:test-hivemq-platform-0]
2025-01-29 13:38:16,291 INFO c.h.h.t.HelmChartContainer - Received Started event for container hivemq in pod test-hivemq-platform-0 [eb40ffeb-aac3-4ca0-bcc0-189e459a1698]
2025-01-29 13:38:16,292 INFO c.h.h.t.HelmChartContainer - [EVENT] Normal [Pulling] Pulling image "hashicorp/consul-template:latest" [helmadditionalcontainersit:test-hivemq-platform-0]
2025-01-29 13:38:16,292 INFO c.h.h.t.HelmChartContainer - [EVENT] Normal [Pulled] Successfully pulled image "hashicorp/consul-template:latest" in 881ms (881ms including waiting). Image size: 8961926 bytes. [helmadditionalcontainersit:test-hivemq-platform-0]
2025-01-29 13:38:16,292 INFO c.h.h.t.HelmChartContainer - [EVENT] Normal [Created] Created container: consul-template-container [helmadditionalcontainersit:test-hivemq-platform-0]
2025-01-29 13:38:16,292 INFO c.h.h.t.HelmChartContainer - [EVENT] Normal [Started] Started container consul-template-container [helmadditionalcontainersit:test-hivemq-platform-0]
2025-01-29 13:38:16,299 INFO c.h.h.t.HelmChartContainer - [hivemq-test-hivemq-platform] [hivemq-platform-operator] [c4a6074f] 13:38:16.296 [pool-6-thread-42] DEBUG c.h.p.o.d.PlatformServiceResource - [helmaddi] Desired Platform services (3 services)
2025-01-29 13:38:16,305 INFO c.h.h.t.HelmChartContainer - [hivemq-test-hivemq-platform] [hivemq-platform-operator] [c4a6074f] 13:38:16.299 [pool-6-thread-43] DEBUG c.h.p.o.dependants.PodInfoConfigMap - [helmaddi] Desired PodInfo ConfigMap (1 extensions) (1 enabled)
2025-01-29 13:38:16,306 INFO c.h.h.t.HelmChartContainer - [hivemq-test-hivemq-platform] [hivemq-platform-operator] [c4a6074f] 13:38:16.303 [pool-6-thread-43] DEBUG c.h.p.o.dependants.PodInfoConfigMap - [helmaddi] Desired PodInfo ConfigMap (metrics port: 9399) (metrics path: /)
2025-01-29 13:38:16,306 INFO c.h.h.t.HelmChartContainer - [hivemq-test-hivemq-platform] [hivemq-platform-operator] [c4a6074f] 13:38:16.303 [pool-6-thread-43] DEBUG c.h.p.o.dependants.PodInfoConfigMap - [helmaddi] Desired PodInfo ConfigMap (extension state hash: -1817474005)
2025-01-29 13:38:16,306 INFO c.h.h.t.HelmChartContainer - [hivemq-test-hivemq-platform] [hivemq-platform-operator] [c4a6074f] 13:38:16.304 [pool-6-thread-47] DEBUG c.h.p.o.d.PodServiceAccountResource - [helmaddi] Desired PodServiceAccountResource (serviceAccountName: hivemq-platform-pod-test-hivemq-platform)
2025-01-29 13:38:16,381 INFO c.h.h.t.HelmChartContainer - [hivemq-test-hivemq-platform] [hivemq-platform-operator] [c4a6074f] 13:38:16.379 [pool-6-thread-50] DEBUG c.h.p.o.d.StatefulSetResource - [helmaddi] Desired StatefulSet (1 replicas) for status STARTING (READY)
2025-01-29 13:38:16,385 INFO c.h.h.t.HelmChartContainer - [hivemq-test-hivemq-platform] [hivemq-platform-operator] [c4a6074f] 13:38:16.383 [ReconcilerExecutor-hivemq-controller-98] INFO  c.h.p.o.HiveMQPlatformReconciler - [helmaddi] Reconciling HiveMQ Platform 'test-hivemq-platform' in namespace 'helmadditionalcontainersit'
2025-01-29 13:38:16,385 INFO c.h.h.t.HelmChartContainer - [hivemq-test-hivemq-platform] [hivemq-platform-operator] [c4a6074f] 13:38:16.383 [ReconcilerExecutor-hivemq-controller-98] DEBUG c.h.p.o.HiveMQPlatformReconciler - [helmaddi] Custom Resource Status STARTING - HiveMQ Platform is starting (READY)
2025-01-29 13:38:16,385 INFO c.h.h.t.HelmChartContainer - [hivemq-test-hivemq-platform] [hivemq-platform-operator] [c4a6074f] 13:38:16.384 [ReconcilerExecutor-hivemq-controller-98] DEBUG c.h.p.o.HiveMQPlatformReconciler - [helmaddi] Custom Resource Spec (replicas: 1) (extensions: 1)
2025-01-29 13:38:16,389 INFO c.h.h.t.HelmChartContainer - [hivemq-test-hivemq-platform] [hivemq-platform-operator] [c4a6074f] 13:38:16.386 [ReconcilerExecutor-hivemq-controller-98] DEBUG c.h.p.o.HiveMQPlatformReconciler - [helmaddi] StatefulSet Status (revision: test-hivemq-platform-666657c555, replicas: 1, available: 0, ready: 0, current: 1, updated: 1)
2025-01-29 13:38:16,391 INFO c.h.h.t.HelmChartContainer - [hivemq-test-hivemq-platform] [hivemq-platform-operator] [c4a6074f] 13:38:16.386 [ReconcilerExecutor-hivemq-controller-98] DEBUG c.h.p.o.HiveMQPlatformReconciler - [helmaddi] StatefulSet Spec (replicas: 1, init containers: 1, containers: 2, volumes: 5)
2025-01-29 13:38:16,391 INFO c.h.h.t.HelmChartContainer - [hivemq-test-hivemq-platform] [hivemq-platform-operator] [c4a6074f] 13:38:16.389 [ReconcilerExecutor-hivemq-controller-98] DEBUG c.h.p.o.h.HiveMQPlatformReconcilerErrorHandler - [helmaddi] Pod 'test-hivemq-platform-0' phase Running
2025-01-29 13:38:16,391 INFO c.h.h.t.HelmChartContainer - [hivemq-test-hivemq-platform] [hivemq-platform-operator] [c4a6074f] 13:38:16.390 [ReconcilerExecutor-hivemq-controller-98] INFO  c.h.p.o.h.HiveMQPlatformReconcilerBaseHandler - [helmaddi] HiveMQ Platform is starting, 0 of 1 replicas are ready
2025-01-29 13:38:16,765 INFO c.h.h.t.HelmChartContainer - [test-hivemq-platform] [hivemq] [eb40ffeb] INFO  - [HiveMQ Platform Operator Init App 1.7.0-SNAPSHOT] Using bind address 10.42.0.6 from environment variable
2025-01-29 13:38:17,744 INFO c.h.h.t.HelmChartContainer - [test-hivemq-platform] [hivemq] [eb40ffeb] INFO  - [HiveMQ Platform Operator Init App 1.7.0-SNAPSHOT] HiveMQ Platform Operator Init App 1.7.0-SNAPSHOT (commit: bebf408 on branch: HEAD) built on Sun Jan 26 20:47:47 UTC 2025
2025-01-29 13:38:17,744 INFO c.h.h.t.HelmChartContainer - [test-hivemq-platform] [hivemq] [eb40ffeb] INFO  - [HiveMQ Platform Operator Init App 1.7.0-SNAPSHOT] PodInfo ConfigMap directory: /etc/podinfo
2025-01-29 13:38:17,744 INFO c.h.h.t.HelmChartContainer - [test-hivemq-platform] [hivemq] [eb40ffeb] INFO  - [HiveMQ Platform Operator Init App 1.7.0-SNAPSHOT] HiveMQ home directory: /opt/hivemq
2025-01-29 13:38:17,744 INFO c.h.h.t.HelmChartContainer - [test-hivemq-platform] [hivemq] [eb40ffeb] INFO  - [HiveMQ Platform Operator Init App 1.7.0-SNAPSHOT] HiveMQ Logback folder: /opt/hivemq/conf
2025-01-29 13:38:17,744 INFO c.h.h.t.HelmChartContainer - [test-hivemq-platform] [hivemq] [eb40ffeb] INFO  - [HiveMQ Platform Operator Init App 1.7.0-SNAPSHOT] HiveMQ Config folder: /opt/hivemq/conf-k8s
2025-01-29 13:38:17,745 INFO c.h.h.t.HelmChartContainer - [test-hivemq-platform] [hivemq] [eb40ffeb] INFO  - [HiveMQ Platform Operator Init App 1.7.0-SNAPSHOT] Starting HiveMQ Platform Operator Init App
2025-01-29 13:38:17,745 INFO c.h.h.t.HelmChartContainer - [test-hivemq-platform] [hivemq] [eb40ffeb] INFO  - [HiveMQ Platform Operator Init App 1.7.0-SNAPSHOT] Starting Pod reconciler
2025-01-29 13:38:18,313 INFO c.h.h.t.HelmChartContainer - [EVENT] Warning [Unhealthy] Readiness probe failed: Get "http://10.42.0.6:7979/readiness": context deadline exceeded (Client.Timeout exceeded while awaiting headers) [helmadditionalcontainersit:test-hivemq-platform-0]
2025-01-29 13:38:18,314 INFO c.h.h.t.HelmChartContainer - Received Unhealthy event for container hivemq in pod test-hivemq-platform-0 [eb40ffeb-aac3-4ca0-bcc0-189e459a1698]
2025-01-29 13:38:18,946 INFO c.h.h.t.HelmChartContainer - [test-hivemq-platform] [hivemq] [eb40ffeb] INFO  - [HiveMQ Platform Operator Init App 1.7.0-SNAPSHOT] Pod reconciler is scheduled (interval: 5000 ms)
2025-01-29 13:38:18,947 INFO c.h.h.t.HelmChartContainer - [test-hivemq-platform] [hivemq] [eb40ffeb] INFO  - [HiveMQ Platform Operator Init App 1.7.0-SNAPSHOT] Starting the REST API on 10.42.0.6:7979
2025-01-29 13:38:18,951 INFO c.h.h.t.HelmChartContainer - [test-hivemq-platform] [hivemq] [eb40ffeb] INFO  - [HiveMQ Platform Operator Init App 1.7.0-SNAPSHOT] Waiting up to 600s for at most 1 HiveMQ nodes in cluster service hivemq-test-hivemq-platform-cluster.helmadditionalcontainersit.svc
2025-01-29 13:38:19,033 INFO c.h.h.t.HelmChartContainer - [test-hivemq-platform] [hivemq] [eb40ffeb] INFO  - [HiveMQ Platform Operator Init App 1.7.0-SNAPSHOT] Returning default Health API response 503 for readiness
2025-01-29 13:38:19,552 INFO c.h.h.t.HelmChartContainer - [test-hivemq-platform] [hivemq] [eb40ffeb] INFO  - [HiveMQ Platform Operator Init App 1.7.0-SNAPSHOT] Resolved 1 IP addresses: [10.42.0.6]
2025-01-29 13:38:19,552 INFO c.h.h.t.HelmChartContainer - [test-hivemq-platform] [hivemq] [eb40ffeb] INFO  - [HiveMQ Platform Operator Init App 1.7.0-SNAPSHOT] HiveMQ node count of 1 is within threshold of 1
2025-01-29 13:38:19,552 INFO c.h.h.t.HelmChartContainer - [test-hivemq-platform] [hivemq] [eb40ffeb] INFO  - [HiveMQ Platform Operator Init App 1.7.0-SNAPSHOT] Proceeding with container start
2025-01-29 13:38:19,631 INFO c.h.h.t.HelmChartContainer - [test-hivemq-platform] [hivemq] [eb40ffeb] INFO  - [HiveMQ Platform Operator Init App 1.7.0-SNAPSHOT] Initializing HiveMQ Platform extensions with initial configuration: {hivemq-allow-all-extension={start-priority=-1, skip-https-hostname-verification=false, restart=true, config-version=0, header-version=0, c-uri=, priority=-1, uri=preinstalled, skip-https-certificate-validation=false, enabled=true}, hivemq-prometheus-extension={restart=true, priority=-1, start-priority=-1, c-uri=, skip-https-hostname-verification=false, skip-https-certificate-validation=false, uri=preinstalled, request-header-path=no-request-headers, enabled=true}}
2025-01-29 13:38:20,040 INFO c.h.h.t.HelmChartContainer - [test-hivemq-platform] [hivemq] [eb40ffeb] INFO  - [HiveMQ Platform Operator Init App 1.7.0-SNAPSHOT] Extension hivemq-allow-all-extension was already enabled
2025-01-29 13:38:20,132 INFO c.h.h.t.HelmChartContainer - [test-hivemq-platform] [hivemq] [eb40ffeb] INFO  - [HiveMQ Platform Operator Init App 1.7.0-SNAPSHOT] Successfully enabled extension hivemq-prometheus-extension
2025-01-29 13:38:20,134 INFO c.h.h.t.HelmChartContainer - [test-hivemq-platform] [hivemq] [eb40ffeb] INFO  - [HiveMQ Platform Operator Init App 1.7.0-SNAPSHOT] Starting HiveMQ Platform version 4.36.0 (4.36.0)
2025-01-29 13:38:20,136 INFO c.h.h.t.HelmChartContainer - [test-hivemq-platform] [hivemq] [eb40ffeb] INFO  - [HiveMQ Platform Operator Init App 1.7.0-SNAPSHOT] Configuring the HiveMQ Platform
2025-01-29 13:38:20,146 INFO c.h.h.t.HelmChartContainer - [test-hivemq-platform] [hivemq] [eb40ffeb] INFO  - [HiveMQ Platform Operator Init App 1.7.0-SNAPSHOT] Changed logback.xml file scan period to 20 seconds
2025-01-29 13:38:20,244 INFO c.h.h.t.HelmChartContainer - [test-hivemq-platform] [hivemq] [eb40ffeb] INFO  - [HiveMQ Platform Operator Init App 1.7.0-SNAPSHOT] Starting the HiveMQ Platform
2025-01-29 13:38:20,246 INFO c.h.h.t.HelmChartContainer - [test-hivemq-platform] [hivemq] [eb40ffeb] -------------------------------------------------------------------------
2025-01-29 13:38:20,246 INFO c.h.h.t.HelmChartContainer - [test-hivemq-platform] [hivemq] [eb40ffeb] 
2025-01-29 13:38:20,246 INFO c.h.h.t.HelmChartContainer - [test-hivemq-platform] [hivemq] [eb40ffeb]                   _    _  _              __  __   ____
2025-01-29 13:38:20,246 INFO c.h.h.t.HelmChartContainer - [test-hivemq-platform] [hivemq] [eb40ffeb]                  | |  | |(_)            |  \/  | / __ \
2025-01-29 13:38:20,246 INFO c.h.h.t.HelmChartContainer - [test-hivemq-platform] [hivemq] [eb40ffeb]                  | |__| | _ __   __ ___ | \  / || |  | |
2025-01-29 13:38:20,246 INFO c.h.h.t.HelmChartContainer - [test-hivemq-platform] [hivemq] [eb40ffeb]                  |  __  || |\ \ / // _ \| |\/| || |  | |
2025-01-29 13:38:20,246 INFO c.h.h.t.HelmChartContainer - [test-hivemq-platform] [hivemq] [eb40ffeb]                  | |  | || | \ V /|  __/| |  | || |__| |
2025-01-29 13:38:20,246 INFO c.h.h.t.HelmChartContainer - [test-hivemq-platform] [hivemq] [eb40ffeb]                  |_|  |_||_|  \_/  \___||_|  |_| \___\_\
2025-01-29 13:38:20,246 INFO c.h.h.t.HelmChartContainer - [test-hivemq-platform] [hivemq] [eb40ffeb] 
2025-01-29 13:38:20,247 INFO c.h.h.t.HelmChartContainer - [test-hivemq-platform] [hivemq] [eb40ffeb] -------------------------------------------------------------------------
2025-01-29 13:38:20,247 INFO c.h.h.t.HelmChartContainer - [test-hivemq-platform] [hivemq] [eb40ffeb] 
2025-01-29 13:38:20,247 INFO c.h.h.t.HelmChartContainer - [test-hivemq-platform] [hivemq] [eb40ffeb]   HiveMQ Start Script for Linux/Unix v1.14
2025-01-29 13:38:20,247 INFO c.h.h.t.HelmChartContainer - [test-hivemq-platform] [hivemq] [eb40ffeb] 
2025-01-29 13:38:20,358 INFO c.h.h.t.HelmChartContainer - [test-hivemq-platform] [hivemq] [eb40ffeb] -------------------------------------------------------------------------
2025-01-29 13:38:20,358 INFO c.h.h.t.HelmChartContainer - [test-hivemq-platform] [hivemq] [eb40ffeb] 
2025-01-29 13:38:20,358 INFO c.h.h.t.HelmChartContainer - [test-hivemq-platform] [hivemq] [eb40ffeb]   HIVEMQ_HOME: /opt/hivemq
2025-01-29 13:38:20,358 INFO c.h.h.t.HelmChartContainer - [test-hivemq-platform] [hivemq] [eb40ffeb] 
2025-01-29 13:38:20,358 INFO c.h.h.t.HelmChartContainer - [test-hivemq-platform] [hivemq] [eb40ffeb]   JAVA_OPTS: -XX:+UnlockExperimentalVMOptions -XX:InitialRAMPercentage=50 -XX:MaxRAMPercentage=50 -Djava.net.preferIPv4Stack=true --add-opens java.base/java.lang=ALL-UNNAMED --add-opens java.base/java.nio=ALL-UNNAMED --add-opens java.base/sun.nio.ch=ALL-UNNAMED --add-opens jdk.management/com.sun.management.internal=ALL-UNNAMED --add-exports java.base/jdk.internal.misc=ALL-UNNAMED -Djava.security.egd=file:/dev/./urandom -Dcom.sun.management.jmxremote -Dcom.sun.management.jmxremote.port=9010 -Dcom.sun.management.jmxremote.local.only=false -Dcom.sun.management.jmxremote.authenticate=false -Dcom.sun.management.jmxremote.ssl=false -Duser.language=en -Duser.region=US -XX:+CrashOnOutOfMemoryError -XX:+HeapDumpOnOutOfMemoryError
2025-01-29 13:38:20,358 INFO c.h.h.t.HelmChartContainer - [test-hivemq-platform] [hivemq] [eb40ffeb] 
2025-01-29 13:38:20,358 INFO c.h.h.t.HelmChartContainer - [test-hivemq-platform] [hivemq] [eb40ffeb]   JAVA_VERSION: 21
2025-01-29 13:38:20,358 INFO c.h.h.t.HelmChartContainer - [test-hivemq-platform] [hivemq] [eb40ffeb] 
2025-01-29 13:38:20,358 INFO c.h.h.t.HelmChartContainer - [test-hivemq-platform] [hivemq] [eb40ffeb] -------------------------------------------------------------------------
2025-01-29 13:38:20,359 INFO c.h.h.t.HelmChartContainer - [test-hivemq-platform] [hivemq] [eb40ffeb] 
2025-01-29 13:38:22,339 INFO c.h.h.t.HelmChartContainer - [EVENT] Warning [Unhealthy] Readiness probe failed: HTTP probe failed with statuscode: 503 [helmadditionalcontainersit:test-hivemq-platform-0]
2025-01-29 13:38:22,339 INFO c.h.h.t.HelmChartContainer - Received Unhealthy event for container hivemq in pod test-hivemq-platform-0 [eb40ffeb-aac3-4ca0-bcc0-189e459a1698]
2025-01-29 13:38:22,748 INFO c.h.h.t.HelmChartContainer - [test-hivemq-platform] [hivemq] [eb40ffeb] INFO  - Starting HiveMQ Enterprise Server
2025-01-29 13:38:22,753 INFO c.h.h.t.HelmChartContainer - [test-hivemq-platform] [hivemq] [eb40ffeb] INFO  - HiveMQ version: 4.36.0
2025-01-29 13:38:22,753 INFO c.h.h.t.HelmChartContainer - [test-hivemq-platform] [hivemq] [eb40ffeb] INFO  - HiveMQ home directory: /opt/hivemq
2025-01-29 13:38:22,754 INFO c.h.h.t.HelmChartContainer - [test-hivemq-platform] [hivemq] [eb40ffeb] INFO  - Log Configuration was overridden by /opt/hivemq/conf/logback.xml
2025-01-29 13:38:24,133 INFO c.h.h.t.HelmChartContainer - [test-hivemq-platform] [hivemq] [eb40ffeb] INFO  - Successfully loaded configuration from '/opt/hivemq/conf-k8s/config.xml'.
2025-01-29 13:38:24,644 INFO c.h.h.t.HelmChartContainer - [test-hivemq-platform] [hivemq] [eb40ffeb] INFO  - This node's ID is 8c4gu
2025-01-29 13:38:24,644 INFO c.h.h.t.HelmChartContainer - [test-hivemq-platform] [hivemq] [eb40ffeb] INFO  - Clustering is enabled
2025-01-29 13:38:26,397 INFO c.h.h.t.HelmChartContainer - [hivemq-test-hivemq-platform] [hivemq-platform-operator] [c4a6074f] 13:38:26.393 [pool-6-thread-5] DEBUG c.h.p.o.d.PlatformServiceResource - [helmaddi] Desired Platform services (3 services)
2025-01-29 13:38:26,397 INFO c.h.h.t.HelmChartContainer - [hivemq-test-hivemq-platform] [hivemq-platform-operator] [c4a6074f] 13:38:26.395 [pool-6-thread-6] DEBUG c.h.p.o.dependants.PodInfoConfigMap - [helmaddi] Desired PodInfo ConfigMap (1 extensions) (1 enabled)
2025-01-29 13:38:26,397 INFO c.h.h.t.HelmChartContainer - [hivemq-test-hivemq-platform] [hivemq-platform-operator] [c4a6074f] 13:38:26.396 [pool-6-thread-6] DEBUG c.h.p.o.dependants.PodInfoConfigMap - [helmaddi] Desired PodInfo ConfigMap (metrics port: 9399) (metrics path: /)
2025-01-29 13:38:26,397 INFO c.h.h.t.HelmChartContainer - [hivemq-test-hivemq-platform] [hivemq-platform-operator] [c4a6074f] 13:38:26.396 [pool-6-thread-6] DEBUG c.h.p.o.dependants.PodInfoConfigMap - [helmaddi] Desired PodInfo ConfigMap (extension state hash: -1817474005)
2025-01-29 13:38:26,400 INFO c.h.h.t.HelmChartContainer - [hivemq-test-hivemq-platform] [hivemq-platform-operator] [c4a6074f] 13:38:26.399 [pool-6-thread-4] DEBUG c.h.p.o.d.PodServiceAccountResource - [helmaddi] Desired PodServiceAccountResource (serviceAccountName: hivemq-platform-pod-test-hivemq-platform)
2025-01-29 13:38:26,409 INFO c.h.h.t.HelmChartContainer - [hivemq-test-hivemq-platform] [hivemq-platform-operator] [c4a6074f] 13:38:26.408 [pool-6-thread-6] DEBUG c.h.p.o.d.StatefulSetResource - [helmaddi] Desired StatefulSet (1 replicas) for status STARTING (READY)
2025-01-29 13:38:26,479 INFO c.h.h.t.HelmChartContainer - [hivemq-test-hivemq-platform] [hivemq-platform-operator] [c4a6074f] 13:38:26.477 [ReconcilerExecutor-hivemq-controller-109] INFO  c.h.p.o.HiveMQPlatformReconciler - [helmaddi] Reconciling HiveMQ Platform 'test-hivemq-platform' in namespace 'helmadditionalcontainersit'
2025-01-29 13:38:26,479 INFO c.h.h.t.HelmChartContainer - [hivemq-test-hivemq-platform] [hivemq-platform-operator] [c4a6074f] 13:38:26.477 [ReconcilerExecutor-hivemq-controller-109] DEBUG c.h.p.o.HiveMQPlatformReconciler - [helmaddi] Custom Resource Status STARTING - HiveMQ Platform is starting (READY)
2025-01-29 13:38:26,479 INFO c.h.h.t.HelmChartContainer - [hivemq-test-hivemq-platform] [hivemq-platform-operator] [c4a6074f] 13:38:26.477 [ReconcilerExecutor-hivemq-controller-109] DEBUG c.h.p.o.HiveMQPlatformReconciler - [helmaddi] Custom Resource Spec (replicas: 1) (extensions: 1)
2025-01-29 13:38:26,481 INFO c.h.h.t.HelmChartContainer - [hivemq-test-hivemq-platform] [hivemq-platform-operator] [c4a6074f] 13:38:26.480 [ReconcilerExecutor-hivemq-controller-109] DEBUG c.h.p.o.HiveMQPlatformReconciler - [helmaddi] StatefulSet Status (revision: test-hivemq-platform-666657c555, replicas: 1, available: 0, ready: 0, current: 1, updated: 1)
2025-01-29 13:38:26,483 INFO c.h.h.t.HelmChartContainer - [hivemq-test-hivemq-platform] [hivemq-platform-operator] [c4a6074f] 13:38:26.480 [ReconcilerExecutor-hivemq-controller-109] DEBUG c.h.p.o.HiveMQPlatformReconciler - [helmaddi] StatefulSet Spec (replicas: 1, init containers: 1, containers: 2, volumes: 5)
2025-01-29 13:38:26,483 INFO c.h.h.t.HelmChartContainer - [hivemq-test-hivemq-platform] [hivemq-platform-operator] [c4a6074f] 13:38:26.481 [ReconcilerExecutor-hivemq-controller-109] DEBUG c.h.p.o.h.HiveMQPlatformReconcilerErrorHandler - [helmaddi] Pod 'test-hivemq-platform-0' phase Running
2025-01-29 13:38:26,483 INFO c.h.h.t.HelmChartContainer - [hivemq-test-hivemq-platform] [hivemq-platform-operator] [c4a6074f] 13:38:26.482 [ReconcilerExecutor-hivemq-controller-109] INFO  c.h.p.o.h.HiveMQPlatformReconcilerBaseHandler - [helmaddi] HiveMQ Platform is starting, 0 of 1 replicas are ready
2025-01-29 13:38:27,735 INFO c.h.h.t.HelmChartContainer - [test-hivemq-platform] [hivemq] [eb40ffeb] WARN  - [HiveMQ Platform Operator Init App 1.7.0-SNAPSHOT] Cannot connect to Health API for readiness: null
2025-01-29 13:38:27,738 INFO c.h.h.t.HelmChartContainer - [EVENT] Warning [Unhealthy] Readiness probe failed: HTTP probe failed with statuscode: 503 [helmadditionalcontainersit:test-hivemq-platform-0]
2025-01-29 13:38:27,738 INFO c.h.h.t.HelmChartContainer - Received Unhealthy event for container hivemq in pod test-hivemq-platform-0 [eb40ffeb-aac3-4ca0-bcc0-189e459a1698]
2025-01-29 13:38:29,247 INFO c.h.h.t.HelmChartContainer - [test-hivemq-platform] [hivemq] [eb40ffeb] Jan 29, 2025 1:38:29 PM io.vertx.core.impl.BlockedThreadChecker
2025-01-29 13:38:29,247 INFO c.h.h.t.HelmChartContainer - [test-hivemq-platform] [hivemq] [eb40ffeb] WARNING: Thread Thread[vert.x-eventloop-thread-1,5,main] has been blocked for 2404 ms, time limit is 2000 ms
2025-01-29 13:38:29,937 INFO c.h.h.t.HelmChartContainer - [test-hivemq-platform] [hivemq] [eb40ffeb] INFO  - [HiveMQ Platform Operator Init App 1.7.0-SNAPSHOT] Updating Pod HiveMQ Platform Operator Init App version annotation (version: 1.7.0-SNAPSHOT)
2025-01-29 13:38:29,956 INFO c.h.h.t.HelmChartContainer - [K3S] [range_allocator.go:247] "Successfully synced" key="b5478828a543"
2025-01-29 13:38:30,556 INFO c.h.h.t.HelmChartContainer - [POD] test-hivemq-platform-0 [eb40ffeb-aac3-4ca0-bcc0-189e459a1698] in helmadditionalcontainersit was MODIFIED
2025-01-29 13:38:30,565 INFO c.h.h.t.HelmChartContainer - [hivemq-test-hivemq-platform] [hivemq-platform-operator] [c4a6074f] 13:38:30.562 [pool-6-thread-14] DEBUG c.h.p.o.d.PlatformServiceResource - [helmaddi] Desired Platform services (3 services)
2025-01-29 13:38:30,566 INFO c.h.h.t.HelmChartContainer - [hivemq-test-hivemq-platform] [hivemq-platform-operator] [c4a6074f] 13:38:30.565 [pool-6-thread-11] DEBUG c.h.p.o.d.PodServiceAccountResource - [helmaddi] Desired PodServiceAccountResource (serviceAccountName: hivemq-platform-pod-test-hivemq-platform)
2025-01-29 13:38:30,569 INFO c.h.h.t.HelmChartContainer - [hivemq-test-hivemq-platform] [hivemq-platform-operator] [c4a6074f] 13:38:30.566 [pool-6-thread-16] DEBUG c.h.p.o.dependants.PodInfoConfigMap - [helmaddi] Desired PodInfo ConfigMap (1 extensions) (1 enabled)
2025-01-29 13:38:30,570 INFO c.h.h.t.HelmChartContainer - [hivemq-test-hivemq-platform] [hivemq-platform-operator] [c4a6074f] 13:38:30.568 [pool-6-thread-16] DEBUG c.h.p.o.dependants.PodInfoConfigMap - [helmaddi] Desired PodInfo ConfigMap (metrics port: 9399) (metrics path: /)
2025-01-29 13:38:30,570 INFO c.h.h.t.HelmChartContainer - [hivemq-test-hivemq-platform] [hivemq-platform-operator] [c4a6074f] 13:38:30.568 [pool-6-thread-16] DEBUG c.h.p.o.dependants.PodInfoConfigMap - [helmaddi] Desired PodInfo ConfigMap (extension state hash: -1817474005)
2025-01-29 13:38:30,571 INFO c.h.h.t.HelmChartContainer - [hivemq-test-hivemq-platform] [hivemq-platform-operator] [c4a6074f] 13:38:30.570 [pool-6-thread-16] DEBUG c.h.p.o.d.StatefulSetResource - [helmaddi] Desired StatefulSet (1 replicas) for status STARTING (READY)
2025-01-29 13:38:30,577 INFO c.h.h.t.HelmChartContainer - [hivemq-test-hivemq-platform] [hivemq-platform-operator] [c4a6074f] 13:38:30.574 [ReconcilerExecutor-hivemq-controller-110] INFO  c.h.p.o.HiveMQPlatformReconciler - [helmaddi] Reconciling HiveMQ Platform 'test-hivemq-platform' in namespace 'helmadditionalcontainersit'
2025-01-29 13:38:30,577 INFO c.h.h.t.HelmChartContainer - [hivemq-test-hivemq-platform] [hivemq-platform-operator] [c4a6074f] 13:38:30.575 [ReconcilerExecutor-hivemq-controller-110] DEBUG c.h.p.o.HiveMQPlatformReconciler - [helmaddi] Custom Resource Status STARTING - HiveMQ Platform is starting (READY)
2025-01-29 13:38:30,577 INFO c.h.h.t.HelmChartContainer - [hivemq-test-hivemq-platform] [hivemq-platform-operator] [c4a6074f] 13:38:30.575 [ReconcilerExecutor-hivemq-controller-110] DEBUG c.h.p.o.HiveMQPlatformReconciler - [helmaddi] Custom Resource Spec (replicas: 1) (extensions: 1)
2025-01-29 13:38:30,577 INFO c.h.h.t.HelmChartContainer - [hivemq-test-hivemq-platform] [hivemq-platform-operator] [c4a6074f] 13:38:30.576 [ReconcilerExecutor-hivemq-controller-110] DEBUG c.h.p.o.HiveMQPlatformReconciler - [helmaddi] StatefulSet Status (revision: test-hivemq-platform-666657c555, replicas: 1, available: 0, ready: 0, current: 1, updated: 1)
2025-01-29 13:38:30,577 INFO c.h.h.t.HelmChartContainer - [hivemq-test-hivemq-platform] [hivemq-platform-operator] [c4a6074f] 13:38:30.576 [ReconcilerExecutor-hivemq-controller-110] DEBUG c.h.p.o.HiveMQPlatformReconciler - [helmaddi] StatefulSet Spec (replicas: 1, init containers: 1, containers: 2, volumes: 5)
2025-01-29 13:38:30,580 INFO c.h.h.t.HelmChartContainer - [hivemq-test-hivemq-platform] [hivemq-platform-operator] [c4a6074f] 13:38:30.579 [ReconcilerExecutor-hivemq-controller-110] DEBUG c.h.p.o.h.HiveMQPlatformReconcilerErrorHandler - [helmaddi] Pod 'test-hivemq-platform-0' phase Running
2025-01-29 13:38:30,581 INFO c.h.h.t.HelmChartContainer - [hivemq-test-hivemq-platform] [hivemq-platform-operator] [c4a6074f] 13:38:30.580 [ReconcilerExecutor-hivemq-controller-110] INFO  c.h.p.o.h.HiveMQPlatformReconcilerBaseHandler - [helmaddi] HiveMQ Platform is starting, 0 of 1 replicas are ready
2025-01-29 13:38:30,635 INFO c.h.h.t.HelmChartContainer - [test-hivemq-platform] [hivemq] [eb40ffeb] INFO  - [HiveMQ Platform Operator Init App 1.7.0-SNAPSHOT] Successfully updated Pod HiveMQ Platform Operator Init App version annotation (version: 1.7.0-SNAPSHOT)
2025-01-29 13:38:30,635 INFO c.h.h.t.HelmChartContainer - [test-hivemq-platform] [hivemq] [eb40ffeb] WARN  - [HiveMQ Platform Operator Init App 1.7.0-SNAPSHOT] Cannot connect to Health API for readiness: null
2025-01-29 13:38:30,640 INFO c.h.h.t.HelmChartContainer - [EVENT] Warning [Unhealthy] Readiness probe failed: HTTP probe failed with statuscode: 503 [helmadditionalcontainersit:test-hivemq-platform-0]
2025-01-29 13:38:30,640 INFO c.h.h.t.HelmChartContainer - Received Unhealthy event for container hivemq in pod test-hivemq-platform-0 [eb40ffeb-aac3-4ca0-bcc0-189e459a1698]
2025-01-29 13:38:35,634 INFO c.h.h.t.HelmChartContainer - [test-hivemq-platform] [hivemq] [eb40ffeb] WARN  - [HiveMQ Platform Operator Init App 1.7.0-SNAPSHOT] Cannot connect to Health API for readiness: null
2025-01-29 13:38:35,644 INFO c.h.h.t.HelmChartContainer - [EVENT] Warning [Unhealthy] Readiness probe failed: HTTP probe failed with statuscode: 503 [helmadditionalcontainersit:test-hivemq-platform-0]
2025-01-29 13:38:35,644 INFO c.h.h.t.HelmChartContainer - Received Unhealthy event for container hivemq in pod test-hivemq-platform-0 [eb40ffeb-aac3-4ca0-bcc0-189e459a1698]
2025-01-29 13:38:40,585 INFO c.h.h.t.HelmChartContainer - [hivemq-test-hivemq-platform] [hivemq-platform-operator] [c4a6074f] 13:38:40.584 [pool-6-thread-23] DEBUG c.h.p.o.d.PlatformServiceResource - [helmaddi] Desired Platform services (3 services)
2025-01-29 13:38:40,588 INFO c.h.h.t.HelmChartContainer - [hivemq-test-hivemq-platform] [hivemq-platform-operator] [c4a6074f] 13:38:40.585 [pool-6-thread-25] DEBUG c.h.p.o.dependants.PodInfoConfigMap - [helmaddi] Desired PodInfo ConfigMap (1 extensions) (1 enabled)
2025-01-29 13:38:40,588 INFO c.h.h.t.HelmChartContainer - [hivemq-test-hivemq-platform] [hivemq-platform-operator] [c4a6074f] 13:38:40.586 [pool-6-thread-25] DEBUG c.h.p.o.dependants.PodInfoConfigMap - [helmaddi] Desired PodInfo ConfigMap (metrics port: 9399) (metrics path: /)
2025-01-29 13:38:40,588 INFO c.h.h.t.HelmChartContainer - [hivemq-test-hivemq-platform] [hivemq-platform-operator] [c4a6074f] 13:38:40.586 [pool-6-thread-21] DEBUG c.h.p.o.d.PodServiceAccountResource - [helmaddi] Desired PodServiceAccountResource (serviceAccountName: hivemq-platform-pod-test-hivemq-platform)
2025-01-29 13:38:40,589 INFO c.h.h.t.HelmChartContainer - [hivemq-test-hivemq-platform] [hivemq-platform-operator] [c4a6074f] 13:38:40.589 [pool-6-thread-25] DEBUG c.h.p.o.dependants.PodInfoConfigMap - [helmaddi] Desired PodInfo ConfigMap (extension state hash: -1817474005)
2025-01-29 13:38:40,592 INFO c.h.h.t.HelmChartContainer - [hivemq-test-hivemq-platform] [hivemq-platform-operator] [c4a6074f] 13:38:40.591 [pool-6-thread-25] DEBUG c.h.p.o.d.StatefulSetResource - [helmaddi] Desired StatefulSet (1 replicas) for status STARTING (READY)
2025-01-29 13:38:40,599 INFO c.h.h.t.HelmChartContainer - [hivemq-test-hivemq-platform] [hivemq-platform-operator] [c4a6074f] 13:38:40.597 [ReconcilerExecutor-hivemq-controller-111] INFO  c.h.p.o.HiveMQPlatformReconciler - [helmaddi] Reconciling HiveMQ Platform 'test-hivemq-platform' in namespace 'helmadditionalcontainersit'
2025-01-29 13:38:40,599 INFO c.h.h.t.HelmChartContainer - [hivemq-test-hivemq-platform] [hivemq-platform-operator] [c4a6074f] 13:38:40.597 [ReconcilerExecutor-hivemq-controller-111] DEBUG c.h.p.o.HiveMQPlatformReconciler - [helmaddi] Custom Resource Status STARTING - HiveMQ Platform is starting (READY)
2025-01-29 13:38:40,599 INFO c.h.h.t.HelmChartContainer - [hivemq-test-hivemq-platform] [hivemq-platform-operator] [c4a6074f] 13:38:40.597 [ReconcilerExecutor-hivemq-controller-111] DEBUG c.h.p.o.HiveMQPlatformReconciler - [helmaddi] Custom Resource Spec (replicas: 1) (extensions: 1)
2025-01-29 13:38:40,600 INFO c.h.h.t.HelmChartContainer - [hivemq-test-hivemq-platform] [hivemq-platform-operator] [c4a6074f] 13:38:40.598 [ReconcilerExecutor-hivemq-controller-111] DEBUG c.h.p.o.HiveMQPlatformReconciler - [helmaddi] StatefulSet Status (revision: test-hivemq-platform-666657c555, replicas: 1, available: 0, ready: 0, current: 1, updated: 1)
2025-01-29 13:38:40,600 INFO c.h.h.t.HelmChartContainer - [hivemq-test-hivemq-platform] [hivemq-platform-operator] [c4a6074f] 13:38:40.598 [ReconcilerExecutor-hivemq-controller-111] DEBUG c.h.p.o.HiveMQPlatformReconciler - [helmaddi] StatefulSet Spec (replicas: 1, init containers: 1, containers: 2, volumes: 5)
2025-01-29 13:38:40,635 INFO c.h.h.t.HelmChartContainer - [test-hivemq-platform] [hivemq] [eb40ffeb] WARN  - [HiveMQ Platform Operator Init App 1.7.0-SNAPSHOT] Cannot connect to Health API for readiness: null
2025-01-29 13:38:40,639 INFO c.h.h.t.HelmChartContainer - [EVENT] Warning [Unhealthy] Readiness probe failed: HTTP probe failed with statuscode: 503 [helmadditionalcontainersit:test-hivemq-platform-0]
2025-01-29 13:38:40,639 INFO c.h.h.t.HelmChartContainer - Received Unhealthy event for container hivemq in pod test-hivemq-platform-0 [eb40ffeb-aac3-4ca0-bcc0-189e459a1698]
2025-01-29 13:38:40,677 INFO c.h.h.t.HelmChartContainer - [hivemq-test-hivemq-platform] [hivemq-platform-operator] [c4a6074f] 13:38:40.675 [ReconcilerExecutor-hivemq-controller-111] DEBUG c.h.p.o.h.HiveMQPlatformReconcilerErrorHandler - [helmaddi] Pod 'test-hivemq-platform-0' phase Running
2025-01-29 13:38:40,677 INFO c.h.h.t.HelmChartContainer - [hivemq-test-hivemq-platform] [hivemq-platform-operator] [c4a6074f] 13:38:40.677 [ReconcilerExecutor-hivemq-controller-111] INFO  c.h.p.o.h.HiveMQPlatformReconcilerBaseHandler - [helmaddi] HiveMQ Platform is starting, 0 of 1 replicas are ready
2025-01-29 13:38:41,765 INFO c.h.h.t.HelmChartContainer - [test-hivemq-platform] [hivemq] [eb40ffeb] WARN  - License file license.lic is corrupt.
2025-01-29 13:38:41,767 INFO c.h.h.t.HelmChartContainer - [test-hivemq-platform] [hivemq] [eb40ffeb] INFO  - No valid license file found. Using trial license, restricted to 25 connections.
2025-01-29 13:38:43,135 INFO c.h.h.t.HelmChartContainer - [test-hivemq-platform] [hivemq] [eb40ffeb] WARN  - [HiveMQ Platform Operator Init App 1.7.0-SNAPSHOT] Cannot connect to Health API for liveness: null
2025-01-29 13:38:43,135 INFO c.h.h.t.HelmChartContainer - [test-hivemq-platform] [hivemq] [eb40ffeb] INFO  - [HiveMQ Platform Operator Init App 1.7.0-SNAPSHOT] Returning default Health API response 200 for liveness
2025-01-29 13:38:45,343 INFO c.h.h.t.HelmChartContainer - [test-hivemq-platform] [hivemq] [eb40ffeb] INFO  - No valid license file for Data Hub found. Using free license, restricted to 1 policy.
2025-01-29 13:38:45,636 INFO c.h.h.t.HelmChartContainer - [test-hivemq-platform] [hivemq] [eb40ffeb] WARN  - [HiveMQ Platform Operator Init App 1.7.0-SNAPSHOT] Cannot connect to Health API for readiness: null
2025-01-29 13:38:45,640 INFO c.h.h.t.HelmChartContainer - [EVENT] Warning [Unhealthy] Readiness probe failed: HTTP probe failed with statuscode: 503 [helmadditionalcontainersit:test-hivemq-platform-0]
2025-01-29 13:38:45,640 INFO c.h.h.t.HelmChartContainer - Received Unhealthy event for container hivemq in pod test-hivemq-platform-0 [eb40ffeb-aac3-4ca0-bcc0-189e459a1698]
2025-01-29 13:38:46,631 INFO c.h.h.t.HelmChartContainer - [test-hivemq-platform] [hivemq] [eb40ffeb] INFO  - Audit Logger started.
2025-01-29 13:38:46,867 INFO c.h.h.t.HelmChartContainer - [test-hivemq-platform] [hivemq] [eb40ffeb] INFO  - This node uses '1' CPU cores.
2025-01-29 13:38:46,872 INFO c.h.h.t.HelmChartContainer - [test-hivemq-platform] [hivemq] [eb40ffeb] INFO  - Starting HiveMQ Health API on address 0.0.0.0 and port 8889
2025-01-29 13:38:47,653 INFO c.h.h.t.HelmChartContainer - [test-hivemq-platform] [hivemq] [eb40ffeb] INFO  - Started HiveMQ Health API in 782ms
2025-01-29 13:38:48,249 INFO c.h.h.t.HelmChartContainer - [test-hivemq-platform] [hivemq] [eb40ffeb] INFO  - Starting HiveMQ extension system.
2025-01-29 13:38:48,534 INFO c.h.h.t.HelmChartContainer - [test-hivemq-platform] [hivemq] [eb40ffeb] INFO  - Starting extension with id "hivemq-dns-cluster-discovery" at /opt/hivemq/extensions/hivemq-dns-cluster-discovery
2025-01-29 13:38:48,945 INFO c.h.h.t.HelmChartContainer - [test-hivemq-platform] [hivemq] [eb40ffeb] INFO  - Extension "DNS Cluster Discovery Extension" version 4.3.2 started successfully.
2025-01-29 13:38:48,946 INFO c.h.h.t.HelmChartContainer - [test-hivemq-platform] [hivemq] [eb40ffeb] INFO  - Starting extension with id "hivemq-prometheus-extension" at /opt/hivemq/extensions/hivemq-prometheus-extension
2025-01-29 13:38:49,135 INFO c.h.h.t.HelmChartContainer - [test-hivemq-platform] [hivemq] [eb40ffeb] INFO  - Using TCP cluster transport on address 10.42.0.6 and port 7000
2025-01-29 13:38:49,233 INFO c.h.h.t.HelmChartContainer - [test-hivemq-platform] [hivemq] [eb40ffeb] INFO  - Using extension cluster discovery
2025-01-29 13:38:49,944 INFO c.h.h.t.HelmChartContainer - [test-hivemq-platform] [hivemq] [eb40ffeb] INFO  - Started Jetty Server exposing Prometheus Servlet on URI http://0.0.0.0:9399/
2025-01-29 13:38:49,944 INFO c.h.h.t.HelmChartContainer - [test-hivemq-platform] [hivemq] [eb40ffeb] INFO  - Extension "Prometheus Monitoring Extension" version 4.0.12 started successfully.
2025-01-29 13:38:49,944 INFO c.h.h.t.HelmChartContainer - [test-hivemq-platform] [hivemq] [eb40ffeb] INFO  - Starting extension with id "hivemq-allow-all-extension" at /opt/hivemq/extensions/hivemq-allow-all-extension
2025-01-29 13:38:50,031 INFO c.h.h.t.HelmChartContainer - [test-hivemq-platform] [hivemq] [eb40ffeb] WARN  - 
2025-01-29 13:38:50,031 INFO c.h.h.t.HelmChartContainer - [test-hivemq-platform] [hivemq] [eb40ffeb] ################################################################################################################
2025-01-29 13:38:50,031 INFO c.h.h.t.HelmChartContainer - [test-hivemq-platform] [hivemq] [eb40ffeb] # This HiveMQ deployment is not secure! You are lacking Authentication and Authorization.                      #
2025-01-29 13:38:50,031 INFO c.h.h.t.HelmChartContainer - [test-hivemq-platform] [hivemq] [eb40ffeb] # Right now any MQTT client can connect to the broker with a full set of permissions.                          #
2025-01-29 13:38:50,031 INFO c.h.h.t.HelmChartContainer - [test-hivemq-platform] [hivemq] [eb40ffeb] # For production usage, add an appropriate security extension and remove the hivemq-allow-all extension.       #
2025-01-29 13:38:50,032 INFO c.h.h.t.HelmChartContainer - [test-hivemq-platform] [hivemq] [eb40ffeb] # You can download security extensions from the HiveMQ Marketplace (https://www.hivemq.com/extensions/).       #
2025-01-29 13:38:50,032 INFO c.h.h.t.HelmChartContainer - [test-hivemq-platform] [hivemq] [eb40ffeb] ################################################################################################################
2025-01-29 13:38:50,032 INFO c.h.h.t.HelmChartContainer - [test-hivemq-platform] [hivemq] [eb40ffeb] INFO  - Extension "Allow All Extension" version 1.1.1 started successfully.
2025-01-29 13:38:50,683 INFO c.h.h.t.HelmChartContainer - [hivemq-test-hivemq-platform] [hivemq-platform-operator] [c4a6074f] 13:38:50.680 [pool-6-thread-33] DEBUG c.h.p.o.d.PlatformServiceResource - [helmaddi] Desired Platform services (3 services)
2025-01-29 13:38:50,685 INFO c.h.h.t.HelmChartContainer - [hivemq-test-hivemq-platform] [hivemq-platform-operator] [c4a6074f] 13:38:50.681 [pool-6-thread-36] DEBUG c.h.p.o.dependants.PodInfoConfigMap - [helmaddi] Desired PodInfo ConfigMap (1 extensions) (1 enabled)
2025-01-29 13:38:50,685 INFO c.h.h.t.HelmChartContainer - [hivemq-test-hivemq-platform] [hivemq-platform-operator] [c4a6074f] 13:38:50.681 [pool-6-thread-36] DEBUG c.h.p.o.dependants.PodInfoConfigMap - [helmaddi] Desired PodInfo ConfigMap (metrics port: 9399) (metrics path: /)
2025-01-29 13:38:50,685 INFO c.h.h.t.HelmChartContainer - [hivemq-test-hivemq-platform] [hivemq-platform-operator] [c4a6074f] 13:38:50.681 [pool-6-thread-36] DEBUG c.h.p.o.dependants.PodInfoConfigMap - [helmaddi] Desired PodInfo ConfigMap (extension state hash: -1817474005)
2025-01-29 13:38:50,685 INFO c.h.h.t.HelmChartContainer - [hivemq-test-hivemq-platform] [hivemq-platform-operator] [c4a6074f] 13:38:50.682 [pool-6-thread-37] DEBUG c.h.p.o.d.PodServiceAccountResource - [helmaddi] Desired PodServiceAccountResource (serviceAccountName: hivemq-platform-pod-test-hivemq-platform)
2025-01-29 13:38:50,688 INFO c.h.h.t.HelmChartContainer - [hivemq-test-hivemq-platform] [hivemq-platform-operator] [c4a6074f] 13:38:50.687 [pool-6-thread-33] DEBUG c.h.p.o.d.StatefulSetResource - [helmaddi] Desired StatefulSet (1 replicas) for status STARTING (READY)
2025-01-29 13:38:50,692 INFO c.h.h.t.HelmChartContainer - [hivemq-test-hivemq-platform] [hivemq-platform-operator] [c4a6074f] 13:38:50.691 [ReconcilerExecutor-hivemq-controller-112] INFO  c.h.p.o.HiveMQPlatformReconciler - [helmaddi] Reconciling HiveMQ Platform 'test-hivemq-platform' in namespace 'helmadditionalcontainersit'
2025-01-29 13:38:50,692 INFO c.h.h.t.HelmChartContainer - [hivemq-test-hivemq-platform] [hivemq-platform-operator] [c4a6074f] 13:38:50.691 [ReconcilerExecutor-hivemq-controller-112] DEBUG c.h.p.o.HiveMQPlatformReconciler - [helmaddi] Custom Resource Status STARTING - HiveMQ Platform is starting (READY)
2025-01-29 13:38:50,692 INFO c.h.h.t.HelmChartContainer - [hivemq-test-hivemq-platform] [hivemq-platform-operator] [c4a6074f] 13:38:50.691 [ReconcilerExecutor-hivemq-controller-112] DEBUG c.h.p.o.HiveMQPlatformReconciler - [helmaddi] Custom Resource Spec (replicas: 1) (extensions: 1)
2025-01-29 13:38:50,693 INFO c.h.h.t.HelmChartContainer - [hivemq-test-hivemq-platform] [hivemq-platform-operator] [c4a6074f] 13:38:50.692 [ReconcilerExecutor-hivemq-controller-112] DEBUG c.h.p.o.HiveMQPlatformReconciler - [helmaddi] StatefulSet Status (revision: test-hivemq-platform-666657c555, replicas: 1, available: 0, ready: 0, current: 1, updated: 1)
2025-01-29 13:38:50,693 INFO c.h.h.t.HelmChartContainer - [hivemq-test-hivemq-platform] [hivemq-platform-operator] [c4a6074f] 13:38:50.692 [ReconcilerExecutor-hivemq-controller-112] DEBUG c.h.p.o.HiveMQPlatformReconciler - [helmaddi] StatefulSet Spec (replicas: 1, init containers: 1, containers: 2, volumes: 5)
2025-01-29 13:38:50,695 INFO c.h.h.t.HelmChartContainer - [hivemq-test-hivemq-platform] [hivemq-platform-operator] [c4a6074f] 13:38:50.694 [ReconcilerExecutor-hivemq-controller-112] DEBUG c.h.p.o.h.HiveMQPlatformReconcilerErrorHandler - [helmaddi] Pod 'test-hivemq-platform-0' phase Running
2025-01-29 13:38:50,696 INFO c.h.h.t.HelmChartContainer - [hivemq-test-hivemq-platform] [hivemq-platform-operator] [c4a6074f] 13:38:50.695 [ReconcilerExecutor-hivemq-controller-112] INFO  c.h.p.o.h.HiveMQPlatformReconcilerBaseHandler - [helmaddi] HiveMQ Platform is starting, 0 of 1 replicas are ready
2025-01-29 13:38:51,139 INFO c.h.h.t.HelmChartContainer - [test-hivemq-platform] [hivemq] [eb40ffeb] INFO  - [HiveMQ Platform Operator Init App 1.7.0-SNAPSHOT] Returning Health API response 503 for readiness
2025-01-29 13:38:51,145 INFO c.h.h.t.HelmChartContainer - [EVENT] Warning [Unhealthy] Readiness probe failed: HTTP probe failed with statuscode: 503 [helmadditionalcontainersit:test-hivemq-platform-0]
2025-01-29 13:38:51,145 INFO c.h.h.t.HelmChartContainer - Received Unhealthy event for container hivemq in pod test-hivemq-platform-0 [eb40ffeb-aac3-4ca0-bcc0-189e459a1698]
2025-01-29 13:38:52,034 INFO c.h.h.t.HelmChartContainer - [test-hivemq-platform] [hivemq] [eb40ffeb] INFO  - 8c4gu: no members discovered after 2202 ms: creating cluster as first member
2025-01-29 13:38:52,040 INFO c.h.h.t.HelmChartContainer - [test-hivemq-platform] [hivemq] [eb40ffeb] INFO  - Cluster nodes found by discovery: [8c4gu|0] (1) [8c4gu].
2025-01-29 13:38:52,132 INFO c.h.h.t.HelmChartContainer - [test-hivemq-platform] [hivemq] [eb40ffeb] WARN  - No user for HiveMQ Control Center configured. Starting with default user
2025-01-29 13:38:52,133 INFO c.h.h.t.HelmChartContainer - [test-hivemq-platform] [hivemq] [eb40ffeb] INFO  - Starting HiveMQ Control Center on address 0.0.0.0 and port 8080
2025-01-29 13:38:52,146 INFO c.h.h.t.HelmChartContainer - [test-hivemq-platform] [hivemq] [eb40ffeb] INFO  - Mounting HiveMQ Control Center V2 Preview
2025-01-29 13:38:52,747 INFO c.h.h.t.HelmChartContainer - [test-hivemq-platform] [hivemq] [eb40ffeb] INFO  - Started HiveMQ Control Center in 615ms
2025-01-29 13:38:52,838 INFO c.h.h.t.HelmChartContainer - [test-hivemq-platform] [hivemq] [eb40ffeb] INFO  - Starting TCP listener on address 0.0.0.0 and port 1883
2025-01-29 13:38:52,852 INFO c.h.h.t.HelmChartContainer - [test-hivemq-platform] [hivemq] [eb40ffeb] INFO  - Started TCP Listener on address 0.0.0.0 and on port 1883.
2025-01-29 13:38:52,852 INFO c.h.h.t.HelmChartContainer - [test-hivemq-platform] [hivemq] [eb40ffeb] INFO  - Started HiveMQ in 30411ms
2025-01-29 13:38:55,557 INFO c.h.h.t.HelmChartContainer - [test-hivemq-platform] [hivemq] [eb40ffeb] INFO  - [HiveMQ Platform Operator Init App 1.7.0-SNAPSHOT] Returning Health API response 200 for readiness
2025-01-29 13:38:55,579 INFO c.h.h.t.HelmChartContainer - [POD] test-hivemq-platform-0 [eb40ffeb-aac3-4ca0-bcc0-189e459a1698] in helmadditionalcontainersit was MODIFIED
2025-01-29 13:38:55,590 INFO c.h.h.t.HelmChartContainer - [hivemq-test-hivemq-platform] [hivemq-platform-operator] [c4a6074f] 13:38:55.583 [pool-6-thread-41] DEBUG c.h.p.o.dependants.PodInfoConfigMap - [helmaddi] Desired PodInfo ConfigMap (1 extensions) (1 enabled)
2025-01-29 13:38:55,590 INFO c.h.h.t.HelmChartContainer - [hivemq-test-hivemq-platform] [hivemq-platform-operator] [c4a6074f] 13:38:55.583 [pool-6-thread-41] DEBUG c.h.p.o.dependants.PodInfoConfigMap - [helmaddi] Desired PodInfo ConfigMap (metrics port: 9399) (metrics path: /)
2025-01-29 13:38:55,590 INFO c.h.h.t.HelmChartContainer - [hivemq-test-hivemq-platform] [hivemq-platform-operator] [c4a6074f] 13:38:55.583 [pool-6-thread-41] DEBUG c.h.p.o.dependants.PodInfoConfigMap - [helmaddi] Desired PodInfo ConfigMap (extension state hash: -1817474005)
2025-01-29 13:38:55,590 INFO c.h.h.t.HelmChartContainer - [hivemq-test-hivemq-platform] [hivemq-platform-operator] [c4a6074f] 13:38:55.584 [pool-6-thread-41] DEBUG c.h.p.o.d.PodServiceAccountResource - [helmaddi] Desired PodServiceAccountResource (serviceAccountName: hivemq-platform-pod-test-hivemq-platform)
2025-01-29 13:38:55,590 INFO c.h.h.t.HelmChartContainer - [hivemq-test-hivemq-platform] [hivemq-platform-operator] [c4a6074f] 13:38:55.587 [pool-6-thread-43] DEBUG c.h.p.o.d.PlatformServiceResource - [helmaddi] Desired Platform services (3 services)
2025-01-29 13:38:55,594 INFO c.h.h.t.HelmChartContainer - [hivemq-test-hivemq-platform] [hivemq-platform-operator] [c4a6074f] 13:38:55.593 [pool-6-thread-43] DEBUG c.h.p.o.d.StatefulSetResource - [helmaddi] Desired StatefulSet (1 replicas) for status STARTING (READY)
2025-01-29 13:38:55,678 INFO c.h.h.t.HelmChartContainer - [hivemq-test-hivemq-platform] [hivemq-platform-operator] [c4a6074f] 13:38:55.676 [ReconcilerExecutor-hivemq-controller-113] INFO  c.h.p.o.HiveMQPlatformReconciler - [helmaddi] Reconciling HiveMQ Platform 'test-hivemq-platform' in namespace 'helmadditionalcontainersit'
2025-01-29 13:38:55,678 INFO c.h.h.t.HelmChartContainer - [hivemq-test-hivemq-platform] [hivemq-platform-operator] [c4a6074f] 13:38:55.676 [ReconcilerExecutor-hivemq-controller-113] DEBUG c.h.p.o.HiveMQPlatformReconciler - [helmaddi] Custom Resource Status STARTING - HiveMQ Platform is starting (READY)
2025-01-29 13:38:55,678 INFO c.h.h.t.HelmChartContainer - [hivemq-test-hivemq-platform] [hivemq-platform-operator] [c4a6074f] 13:38:55.676 [ReconcilerExecutor-hivemq-controller-113] DEBUG c.h.p.o.HiveMQPlatformReconciler - [helmaddi] Custom Resource Spec (replicas: 1) (extensions: 1)
2025-01-29 13:38:55,679 INFO c.h.h.t.HelmChartContainer - [hivemq-test-hivemq-platform] [hivemq-platform-operator] [c4a6074f] 13:38:55.679 [ReconcilerExecutor-hivemq-controller-113] DEBUG c.h.p.o.HiveMQPlatformReconciler - [helmaddi] StatefulSet Status (revision: test-hivemq-platform-666657c555, replicas: 1, available: 1, ready: 1, current: 1, updated: 1)
2025-01-29 13:38:55,679 INFO c.h.h.t.HelmChartContainer - [hivemq-test-hivemq-platform] [hivemq-platform-operator] [c4a6074f] 13:38:55.679 [ReconcilerExecutor-hivemq-controller-113] DEBUG c.h.p.o.HiveMQPlatformReconciler - [helmaddi] StatefulSet Spec (replicas: 1, init containers: 1, containers: 2, volumes: 5)
2025-01-29 13:38:55,681 INFO c.h.h.t.HelmChartContainer - [hivemq-test-hivemq-platform] [hivemq-platform-operator] [c4a6074f] 13:38:55.680 [ReconcilerExecutor-hivemq-controller-113] DEBUG c.h.p.o.h.HiveMQPlatformReconcilerErrorHandler - [helmaddi] Pod 'test-hivemq-platform-0' phase Running
2025-01-29 13:38:55,682 INFO c.h.h.t.HelmChartContainer - [hivemq-test-hivemq-platform] [hivemq-platform-operator] [c4a6074f] 13:38:55.681 [ReconcilerExecutor-hivemq-controller-113] INFO  c.h.p.o.h.HiveMQPlatformReconcilerBaseHandler - [helmaddi] HiveMQ Platform started successfully
2025-01-29 13:38:55,698 INFO c.h.h.t.HelmChartContainer - [hivemq-test-hivemq-platform] [hivemq-platform-operator] [c4a6074f] 13:38:55.697 [ReconcilerExecutor-hivemq-controller-113] DEBUG c.h.p.operator.event.EventSender - [helmaddi] Creating K8s event hivemq-platform-ready: [Ready] HiveMQ Platform is ready
2025-01-29 13:38:55,779 INFO c.h.h.t.HelmChartContainer - [EVENT] Normal [Ready] HiveMQ Platform is ready [helmadditionalcontainersit:test-hivemq-platform]
2025-01-29 13:38:55,780 INFO c.h.h.t.HelmChartContainer - [hivemq-test-hivemq-platform] [hivemq-platform-operator] [c4a6074f] 13:38:55.779 [ReconcilerExecutor-hivemq-controller-113] INFO  c.h.p.o.h.AbstractHiveMQReconcilerStateHandler - [helmaddi] Update HiveMQ Platform Status (STARTING [READY] -> RUNNING [READY]): HiveMQ Platform is ready
2025-01-29 13:38:55,790 DEBUG com.hivemq.helmcharts.util.K8sUtil - Comparing actual state 'RUNNING' and waiting for 'RUNNING'
2025-01-29 13:38:55,794 INFO c.h.h.t.HelmChartContainer - [hivemq-test-hivemq-platform] [hivemq-platform-operator] [c4a6074f] 13:38:55.792 [pool-6-thread-2] DEBUG c.h.p.o.d.PlatformServiceResource - [helmaddi] Desired Platform services (3 services)
2025-01-29 13:38:55,795 INFO c.h.h.t.HelmChartContainer - [hivemq-test-hivemq-platform] [hivemq-platform-operator] [c4a6074f] 13:38:55.793 [pool-6-thread-4] DEBUG c.h.p.o.dependants.PodInfoConfigMap - [helmaddi] Desired PodInfo ConfigMap (1 extensions) (1 enabled)
2025-01-29 13:38:55,795 INFO c.h.h.t.HelmChartContainer - [hivemq-test-hivemq-platform] [hivemq-platform-operator] [c4a6074f] 13:38:55.793 [pool-6-thread-4] DEBUG c.h.p.o.dependants.PodInfoConfigMap - [helmaddi] Desired PodInfo ConfigMap (metrics port: 9399) (metrics path: /)
2025-01-29 13:38:55,795 INFO c.h.h.t.HelmChartContainer - [hivemq-test-hivemq-platform] [hivemq-platform-operator] [c4a6074f] 13:38:55.793 [pool-6-thread-4] DEBUG c.h.p.o.dependants.PodInfoConfigMap - [helmaddi] Desired PodInfo ConfigMap (extension state hash: -1817474005)
2025-01-29 13:38:55,798 INFO c.h.h.t.HelmChartContainer - [hivemq-test-hivemq-platform] [hivemq-platform-operator] [c4a6074f] 13:38:55.795 [pool-6-thread-9] DEBUG c.h.p.o.d.PodServiceAccountResource - [helmaddi] Desired PodServiceAccountResource (serviceAccountName: hivemq-platform-pod-test-hivemq-platform)
2025-01-29 13:38:55,877 INFO c.h.h.t.HelmChartContainer - [hivemq-test-hivemq-platform] [hivemq-platform-operator] [c4a6074f] 13:38:55.874 [pool-6-thread-4] DEBUG c.h.p.o.dependants.PodInfoConfigMap - [helmaddi] Update PodInfo ConfigMap
2025-01-29 13:38:55,885 INFO c.h.h.t.HelmChartContainer - [hivemq-test-hivemq-platform] [hivemq-platform-operator] [c4a6074f] 13:38:55.885 [pool-6-thread-4] DEBUG c.h.p.o.d.StatefulSetResource - [helmaddi] Desired StatefulSet (1 replicas) for status RUNNING (READY)
2025-01-29 13:38:55,890 INFO c.h.h.t.HelmChartContainer - [hivemq-test-hivemq-platform] [hivemq-platform-operator] [c4a6074f] 13:38:55.889 [ReconcilerExecutor-hivemq-controller-114] INFO  c.h.p.o.HiveMQPlatformReconciler - [helmaddi] Reconciling HiveMQ Platform 'test-hivemq-platform' in namespace 'helmadditionalcontainersit'
2025-01-29 13:38:55,891 INFO c.h.h.t.HelmChartContainer - [hivemq-test-hivemq-platform] [hivemq-platform-operator] [c4a6074f] 13:38:55.889 [ReconcilerExecutor-hivemq-controller-114] DEBUG c.h.p.o.HiveMQPlatformReconciler - [helmaddi] Custom Resource Status RUNNING - HiveMQ Platform is ready (READY)
2025-01-29 13:38:55,891 INFO c.h.h.t.HelmChartContainer - [hivemq-test-hivemq-platform] [hivemq-platform-operator] [c4a6074f] 13:38:55.889 [ReconcilerExecutor-hivemq-controller-114] DEBUG c.h.p.o.HiveMQPlatformReconciler - [helmaddi] Custom Resource Spec (replicas: 1) (extensions: 1)
2025-01-29 13:38:55,892 INFO c.h.h.t.HelmChartContainer - [hivemq-test-hivemq-platform] [hivemq-platform-operator] [c4a6074f] 13:38:55.891 [ReconcilerExecutor-hivemq-controller-114] DEBUG c.h.p.o.HiveMQPlatformReconciler - [helmaddi] StatefulSet Status (revision: test-hivemq-platform-666657c555, replicas: 1, available: 1, ready: 1, current: 1, updated: 1)
2025-01-29 13:38:55,893 INFO c.h.h.t.HelmChartContainer - [hivemq-test-hivemq-platform] [hivemq-platform-operator] [c4a6074f] 13:38:55.891 [ReconcilerExecutor-hivemq-controller-114] DEBUG c.h.p.o.HiveMQPlatformReconciler - [helmaddi] StatefulSet Spec (replicas: 1, init containers: 1, containers: 2, volumes: 5)
2025-01-29 13:38:55,893 INFO c.h.h.t.HelmChartContainer - [hivemq-test-hivemq-platform] [hivemq-platform-operator] [c4a6074f] 13:38:55.892 [ReconcilerExecutor-hivemq-controller-114] DEBUG c.h.p.o.h.HiveMQPlatformReconcilerErrorHandler - [helmaddi] Pod 'test-hivemq-platform-0' phase Running
2025-01-29 13:38:57,832 INFO c.h.h.testcontainer.LogWaiterUtil - TEST Waiting for log pattern on 'test-hivemq-platform-0': .*License file license.lic is corrupt.
2025-01-29 13:38:57,834 INFO c.h.h.t.HelmChartContainer - Uninstalling release 'test-hivemq-platform' in namespace 'helmadditionalcontainersit'...
2025-01-29 13:38:57,834 DEBUG c.h.h.t.HelmChartContainer - Executing helm command: /bin/helm --kubeconfig /etc/rancher/k3s/k3s.yaml uninstall test-hivemq-platform  --wait --timeout 5m0s --cascade foreground --namespace helmadditionalcontainersit
2025-01-29 13:38:58,069 INFO c.h.h.t.HelmChartContainer - [hivemq-test-hivemq-platform] [hivemq-platform-operator] [c4a6074f] 13:38:58.052 [pool-6-thread-17] DEBUG c.h.p.o.d.PlatformServiceResource - [helmaddi] Desired Platform services (3 services)
2025-01-29 13:38:58,069 INFO c.h.h.t.HelmChartContainer - [hivemq-test-hivemq-platform] [hivemq-platform-operator] [c4a6074f] 13:38:58.054 [pool-6-thread-13] DEBUG c.h.p.o.dependants.PodInfoConfigMap - [helmaddi] Desired PodInfo ConfigMap (1 extensions) (1 enabled)
2025-01-29 13:38:58,069 INFO c.h.h.t.HelmChartContainer - [hivemq-test-hivemq-platform] [hivemq-platform-operator] [c4a6074f] 13:38:58.054 [pool-6-thread-13] DEBUG c.h.p.o.dependants.PodInfoConfigMap - [helmaddi] Desired PodInfo ConfigMap (metrics port: 9399) (metrics path: /)
2025-01-29 13:38:58,069 INFO c.h.h.t.HelmChartContainer - [hivemq-test-hivemq-platform] [hivemq-platform-operator] [c4a6074f] 13:38:58.054 [pool-6-thread-13] DEBUG c.h.p.o.dependants.PodInfoConfigMap - [helmaddi] Desired PodInfo ConfigMap (extension state hash: -1817474005)
2025-01-29 13:38:58,069 INFO c.h.h.t.HelmChartContainer - [hivemq-test-hivemq-platform] [hivemq-platform-operator] [c4a6074f] 13:38:58.056 [pool-6-thread-13] DEBUG c.h.p.o.d.PodServiceAccountResource - [helmaddi] Desired PodServiceAccountResource (serviceAccountName: hivemq-platform-pod-test-hivemq-platform)
2025-01-29 13:38:58,070 INFO c.h.h.t.HelmChartContainer - [hivemq-test-hivemq-platform] [hivemq-platform-operator] [c4a6074f] 13:38:58.065 [pool-6-thread-17] DEBUG c.h.p.o.d.StatefulSetResource - [helmaddi] Desired StatefulSet (1 replicas) for status RUNNING (READY)
2025-01-29 13:38:58,084 INFO c.h.h.t.HelmChartContainer - [hivemq-test-hivemq-platform] [hivemq-platform-operator] [c4a6074f] 13:38:58.079 [ReconcilerExecutor-hivemq-controller-115] INFO  c.h.p.o.HiveMQPlatformReconciler - [helmaddi] Reconciling HiveMQ Platform 'test-hivemq-platform' in namespace 'helmadditionalcontainersit'
2025-01-29 13:38:58,084 INFO c.h.h.t.HelmChartContainer - [hivemq-test-hivemq-platform] [hivemq-platform-operator] [c4a6074f] 13:38:58.079 [ReconcilerExecutor-hivemq-controller-115] DEBUG c.h.p.o.HiveMQPlatformReconciler - [helmaddi] Custom Resource Status RUNNING - HiveMQ Platform is ready (READY)
2025-01-29 13:38:58,084 INFO c.h.h.t.HelmChartContainer - [hivemq-test-hivemq-platform] [hivemq-platform-operator] [c4a6074f] 13:38:58.079 [ReconcilerExecutor-hivemq-controller-115] DEBUG c.h.p.o.HiveMQPlatformReconciler - [helmaddi] Custom Resource Spec (replicas: 1) (extensions: 1)
2025-01-29 13:38:58,084 INFO c.h.h.t.HelmChartContainer - [hivemq-test-hivemq-platform] [hivemq-platform-operator] [c4a6074f] 13:38:58.079 [ReconcilerExecutor-hivemq-controller-115] WARN  c.h.p.o.h.HiveMQPlatformReconcilerErrorHandler - [helmaddi] Could not find ConfigMap 'hivemq-configuration-test-hivemq-platform' for HiveMQ Platform configuration
2025-01-29 13:38:58,189 INFO c.h.h.t.HelmChartContainer - [hivemq-test-hivemq-platform] [hivemq-platform-operator] [c4a6074f] 13:38:58.188 [ReconcilerExecutor-hivemq-controller-115] DEBUG c.h.p.operator.event.EventSender - [helmaddi] Creating K8s event hivemq-platform-invalid-configuration: [Start] Could not find ConfigMap 'hivemq-configuration-test-hivemq-platform' for HiveMQ Platform configuration
2025-01-29 13:38:58,193 INFO c.h.h.t.HelmChartContainer - [EVENT] Warning [Start] Could not find ConfigMap 'hivemq-configuration-test-hivemq-platform' for HiveMQ Platform configuration [helmadditionalcontainersit:test-hivemq-platform]
2025-01-29 13:38:58,276 INFO c.h.h.t.HelmChartContainer - [hivemq-test-hivemq-platform] [hivemq-platform-operator] [c4a6074f] 13:38:58.274 [ReconcilerExecutor-hivemq-controller-115] INFO  c.h.p.o.h.AbstractHiveMQReconcilerStateHandler - [helmaddi] Update HiveMQ Platform Status (RUNNING [READY] -> ERROR [INVALID_CONFIG_MAP]): Could not find ConfigMap 'hivemq-configuration-test-hivemq-platform' for HiveMQ Platform configuration
2025-01-29 13:38:58,287 INFO c.h.h.t.HelmChartContainer - [hivemq-test-hivemq-platform] [hivemq-platform-operator] [c4a6074f] 13:38:58.283 [ReconcilerExecutor-hivemq-controller-115] ERROR i.j.o.p.event.EventProcessor - Error during event processing ExecutionScope{ resource id: ResourceID{name='test-hivemq-platform', namespace='helmadditionalcontainersit'}, version: 606}
2025-01-29 13:38:58,287 INFO c.h.h.t.HelmChartContainer - [hivemq-test-hivemq-platform] [hivemq-platform-operator] [c4a6074f] io.fabric8.kubernetes.client.KubernetesClientException: Failure executing: PUT at: https://10.43.0.1:443/apis/hivemq.com/v1/namespaces/helmadditionalcontainersit/hivemq-platforms/test-hivemq-platform/status. Message: Operation cannot be fulfilled on hivemq-platforms.hivemq.com "test-hivemq-platform": the object has been modified; please apply your changes to the latest version and try again. Received status: Status(apiVersion=v1, code=409, details=StatusDetails(causes=[], group=hivemq.com, kind=hivemq-platforms, name=test-hivemq-platform, retryAfterSeconds=null, uid=null, additionalProperties={}), kind=Status, message=Operation cannot be fulfilled on hivemq-platforms.hivemq.com "test-hivemq-platform": the object has been modified; please apply your changes to the latest version and try again, metadata=ListMeta(_continue=null, remainingItemCount=null, resourceVersion=null, selfLink=null, additionalProperties={}), reason=Conflict, status=Failure, additionalProperties={}).
2025-01-29 13:38:58,287 INFO c.h.h.t.HelmChartContainer - [hivemq-test-hivemq-platform] [hivemq-platform-operator] [c4a6074f] 	at io.fabric8.kubernetes.client.KubernetesClientException.copyAsCause(KubernetesClientException.java:238)
2025-01-29 13:38:58,287 INFO c.h.h.t.HelmChartContainer - [hivemq-test-hivemq-platform] [hivemq-platform-operator] [c4a6074f] 	at io.fabric8.kubernetes.client.dsl.internal.OperationSupport.waitForResult(OperationSupport.java:507)
2025-01-29 13:38:58,287 INFO c.h.h.t.HelmChartContainer - [hivemq-test-hivemq-platform] [hivemq-platform-operator] [c4a6074f] 	at io.fabric8.kubernetes.client.dsl.internal.OperationSupport.handleResponse(OperationSupport.java:524)
2025-01-29 13:38:58,287 INFO c.h.h.t.HelmChartContainer - [hivemq-test-hivemq-platform] [hivemq-platform-operator] [c4a6074f] 	at io.fabric8.kubernetes.client.dsl.internal.OperationSupport.handleUpdate(OperationSupport.java:358)
2025-01-29 13:38:58,287 INFO c.h.h.t.HelmChartContainer - [hivemq-test-hivemq-platform] [hivemq-platform-operator] [c4a6074f] 	at io.fabric8.kubernetes.client.dsl.internal.BaseOperation.handleUpdate(BaseOperation.java:759)
2025-01-29 13:38:58,287 INFO c.h.h.t.HelmChartContainer - [hivemq-test-hivemq-platform] [hivemq-platform-operator] [c4a6074f] 	at io.fabric8.kubernetes.client.dsl.internal.HasMetadataOperation.update(HasMetadataOperation.java:138)
2025-01-29 13:38:58,287 INFO c.h.h.t.HelmChartContainer - [hivemq-test-hivemq-platform] [hivemq-platform-operator] [c4a6074f] 	at io.fabric8.kubernetes.client.dsl.internal.HasMetadataOperation.update(HasMetadataOperation.java:121)
2025-01-29 13:38:58,287 INFO c.h.h.t.HelmChartContainer - [hivemq-test-hivemq-platform] [hivemq-platform-operator] [c4a6074f] 	at io.fabric8.kubernetes.client.dsl.internal.HasMetadataOperation.updateStatus(HasMetadataOperation.java:126)
2025-01-29 13:38:58,288 INFO c.h.h.t.HelmChartContainer - [hivemq-test-hivemq-platform] [hivemq-platform-operator] [c4a6074f] 	at io.fabric8.kubernetes.client.dsl.internal.HasMetadataOperation.updateStatus(HasMetadataOperation.java:44)
2025-01-29 13:38:58,288 INFO c.h.h.t.HelmChartContainer - [hivemq-test-hivemq-platform] [hivemq-platform-operator] [c4a6074f] 	at io.javaoperatorsdk.operator.processing.event.ReconciliationDispatcher$CustomResourceFacade.updateStatus(ReconciliationDispatcher.java:408)
2025-01-29 13:38:58,288 INFO c.h.h.t.HelmChartContainer - [hivemq-test-hivemq-platform] [hivemq-platform-operator] [c4a6074f] 	at io.javaoperatorsdk.operator.processing.event.ReconciliationDispatcher.updateStatusGenerationAware(ReconciliationDispatcher.java:228)
2025-01-29 13:38:58,288 INFO c.h.h.t.HelmChartContainer - [hivemq-test-hivemq-platform] [hivemq-platform-operator] [c4a6074f] 	at io.javaoperatorsdk.operator.processing.event.ReconciliationDispatcher.reconcileExecution(ReconciliationDispatcher.java:150)
2025-01-29 13:38:58,288 INFO c.h.h.t.HelmChartContainer - [hivemq-test-hivemq-platform] [hivemq-platform-operator] [c4a6074f] 	at io.javaoperatorsdk.operator.processing.event.ReconciliationDispatcher.handleReconcile(ReconciliationDispatcher.java:117)
2025-01-29 13:38:58,288 INFO c.h.h.t.HelmChartContainer - [hivemq-test-hivemq-platform] [hivemq-platform-operator] [c4a6074f] 	at io.javaoperatorsdk.operator.processing.event.ReconciliationDispatcher.handleDispatch(ReconciliationDispatcher.java:91)
2025-01-29 13:38:58,288 INFO c.h.h.t.HelmChartContainer - [hivemq-test-hivemq-platform] [hivemq-platform-operator] [c4a6074f] 	at io.javaoperatorsdk.operator.processing.event.ReconciliationDispatcher.handleExecution(ReconciliationDispatcher.java:64)
2025-01-29 13:38:58,288 INFO c.h.h.t.HelmChartContainer - [hivemq-test-hivemq-platform] [hivemq-platform-operator] [c4a6074f] 	at io.javaoperatorsdk.operator.processing.event.EventProcessor$ReconcilerExecutor.run(EventProcessor.java:452)
2025-01-29 13:38:58,288 INFO c.h.h.t.HelmChartContainer - [hivemq-test-hivemq-platform] [hivemq-platform-operator] [c4a6074f] 	at java.base/java.util.concurrent.ThreadPoolExecutor.runWorker(Unknown Source)
2025-01-29 13:38:58,288 INFO c.h.h.t.HelmChartContainer - [hivemq-test-hivemq-platform] [hivemq-platform-operator] [c4a6074f] 	at java.base/java.util.concurrent.ThreadPoolExecutor$Worker.run(Unknown Source)
2025-01-29 13:38:58,288 INFO c.h.h.t.HelmChartContainer - [hivemq-test-hivemq-platform] [hivemq-platform-operator] [c4a6074f] 	at java.base/java.lang.Thread.run(Unknown Source)
2025-01-29 13:38:58,288 INFO c.h.h.t.HelmChartContainer - [hivemq-test-hivemq-platform] [hivemq-platform-operator] [c4a6074f] Caused by: io.fabric8.kubernetes.client.KubernetesClientException: Failure executing: PUT at: https://10.43.0.1:443/apis/hivemq.com/v1/namespaces/helmadditionalcontainersit/hivemq-platforms/test-hivemq-platform/status. Message: Operation cannot be fulfilled on hivemq-platforms.hivemq.com "test-hivemq-platform": the object has been modified; please apply your changes to the latest version and try again. Received status: Status(apiVersion=v1, code=409, details=StatusDetails(causes=[], group=hivemq.com, kind=hivemq-platforms, name=test-hivemq-platform, retryAfterSeconds=null, uid=null, additionalProperties={}), kind=Status, message=Operation cannot be fulfilled on hivemq-platforms.hivemq.com "test-hivemq-platform": the object has been modified; please apply your changes to the latest version and try again, metadata=ListMeta(_continue=null, remainingItemCount=null, resourceVersion=null, selfLink=null, additionalProperties={}), reason=Conflict, status=Failure, additionalProperties={}).
2025-01-29 13:38:58,288 INFO c.h.h.t.HelmChartContainer - [hivemq-test-hivemq-platform] [hivemq-platform-operator] [c4a6074f] 	at io.fabric8.kubernetes.client.dsl.internal.OperationSupport.requestFailure(OperationSupport.java:660)
2025-01-29 13:38:58,288 INFO c.h.h.t.HelmChartContainer - [hivemq-test-hivemq-platform] [hivemq-platform-operator] [c4a6074f] 	at io.fabric8.kubernetes.client.dsl.internal.OperationSupport.requestFailure(OperationSupport.java:640)
2025-01-29 13:38:58,291 INFO c.h.h.t.HelmChartContainer - [hivemq-test-hivemq-platform] [hivemq-platform-operator] [c4a6074f] 	at io.fabric8.kubernetes.client.dsl.internal.OperationSupport.assertResponseCode(OperationSupport.java:589)
2025-01-29 13:38:58,291 INFO c.h.h.t.HelmChartContainer - [hivemq-test-hivemq-platform] [hivemq-platform-operator] [c4a6074f] 	at io.fabric8.kubernetes.client.dsl.internal.OperationSupport.lambda$handleResponse$0(OperationSupport.java:549)
2025-01-29 13:38:58,291 INFO c.h.h.t.HelmChartContainer - [hivemq-test-hivemq-platform] [hivemq-platform-operator] [c4a6074f] 	at java.base/java.util.concurrent.CompletableFuture$UniApply.tryFire(Unknown Source)
2025-01-29 13:38:58,291 INFO c.h.h.t.HelmChartContainer - [hivemq-test-hivemq-platform] [hivemq-platform-operator] [c4a6074f] 	at java.base/java.util.concurrent.CompletableFuture.postComplete(Unknown Source)
2025-01-29 13:38:58,291 INFO c.h.h.t.HelmChartContainer - [hivemq-test-hivemq-platform] [hivemq-platform-operator] [c4a6074f] 	at java.base/java.util.concurrent.CompletableFuture.complete(Unknown Source)
2025-01-29 13:38:58,291 INFO c.h.h.t.HelmChartContainer - [hivemq-test-hivemq-platform] [hivemq-platform-operator] [c4a6074f] 	at io.fabric8.kubernetes.client.http.StandardHttpClient.lambda$completeOrCancel$10(StandardHttpClient.java:141)
2025-01-29 13:38:58,291 INFO c.h.h.t.HelmChartContainer - [hivemq-test-hivemq-platform] [hivemq-platform-operator] [c4a6074f] 	at java.base/java.util.concurrent.CompletableFuture.uniWhenComplete(Unknown Source)
2025-01-29 13:38:58,291 INFO c.h.h.t.HelmChartContainer - [hivemq-test-hivemq-platform] [hivemq-platform-operator] [c4a6074f] 	at java.base/java.util.concurrent.CompletableFuture$UniWhenComplete.tryFire(Unknown Source)
2025-01-29 13:38:58,291 INFO c.h.h.t.HelmChartContainer - [hivemq-test-hivemq-platform] [hivemq-platform-operator] [c4a6074f] 	at java.base/java.util.concurrent.CompletableFuture.postComplete(Unknown Source)
2025-01-29 13:38:58,291 INFO c.h.h.t.HelmChartContainer - [hivemq-test-hivemq-platform] [hivemq-platform-operator] [c4a6074f] 	at java.base/java.util.concurrent.CompletableFuture.complete(Unknown Source)
2025-01-29 13:38:58,291 INFO c.h.h.t.HelmChartContainer - [hivemq-test-hivemq-platform] [hivemq-platform-operator] [c4a6074f] 	at io.fabric8.kubernetes.client.http.ByteArrayBodyHandler.onBodyDone(ByteArrayBodyHandler.java:51)
2025-01-29 13:38:58,291 INFO c.h.h.t.HelmChartContainer - [hivemq-test-hivemq-platform] [hivemq-platform-operator] [c4a6074f] 	at java.base/java.util.concurrent.CompletableFuture.uniWhenComplete(Unknown Source)
2025-01-29 13:38:58,291 INFO c.h.h.t.HelmChartContainer - [hivemq-test-hivemq-platform] [hivemq-platform-operator] [c4a6074f] 	at java.base/java.util.concurrent.CompletableFuture$UniWhenComplete.tryFire(Unknown Source)
2025-01-29 13:38:58,291 INFO c.h.h.t.HelmChartContainer - [hivemq-test-hivemq-platform] [hivemq-platform-operator] [c4a6074f] 	at java.base/java.util.concurrent.CompletableFuture.postComplete(Unknown Source)
2025-01-29 13:38:58,291 INFO c.h.h.t.HelmChartContainer - [hivemq-test-hivemq-platform] [hivemq-platform-operator] [c4a6074f] 	at java.base/java.util.concurrent.CompletableFuture.complete(Unknown Source)
2025-01-29 13:38:58,291 INFO c.h.h.t.HelmChartContainer - [hivemq-test-hivemq-platform] [hivemq-platform-operator] [c4a6074f] 	at io.fabric8.kubernetes.client.vertx.VertxHttpRequest.lambda$null$1(VertxHttpRequest.java:121)
2025-01-29 13:38:58,291 INFO c.h.h.t.HelmChartContainer - [hivemq-test-hivemq-platform] [hivemq-platform-operator] [c4a6074f] 	at io.vertx.core.impl.ContextInternal.dispatch(ContextInternal.java:279)
2025-01-29 13:38:58,291 INFO c.h.h.t.HelmChartContainer - [hivemq-test-hivemq-platform] [hivemq-platform-operator] [c4a6074f] 	at io.vertx.core.impl.ContextInternal.dispatch(ContextInternal.java:261)
2025-01-29 13:38:58,291 INFO c.h.h.t.HelmChartContainer - [hivemq-test-hivemq-platform] [hivemq-platform-operator] [c4a6074f] 	at io.vertx.core.http.impl.HttpEventHandler.handleEnd(HttpEventHandler.java:76)
2025-01-29 13:38:58,291 INFO c.h.h.t.HelmChartContainer - [hivemq-test-hivemq-platform] [hivemq-platform-operator] [c4a6074f] 	at io.vertx.core.http.impl.HttpClientResponseImpl.handleEnd(HttpClientResponseImpl.java:250)
2025-01-29 13:38:58,291 INFO c.h.h.t.HelmChartContainer - [hivemq-test-hivemq-platform] [hivemq-platform-operator] [c4a6074f] 	at io.vertx.core.http.impl.Http1xClientConnection$StreamImpl.lambda$new$0(Http1xClientConnection.java:421)
2025-01-29 13:38:58,291 INFO c.h.h.t.HelmChartContainer - [hivemq-test-hivemq-platform] [hivemq-platform-operator] [c4a6074f] 	at io.vertx.core.streams.impl.InboundBuffer.handleEvent(InboundBuffer.java:279)
2025-01-29 13:38:58,291 INFO c.h.h.t.HelmChartContainer - [hivemq-test-hivemq-platform] [hivemq-platform-operator] [c4a6074f] 	at io.vertx.core.streams.impl.InboundBuffer.write(InboundBuffer.java:157)
2025-01-29 13:38:58,291 INFO c.h.h.t.HelmChartContainer - [hivemq-test-hivemq-platform] [hivemq-platform-operator] [c4a6074f] 	at io.vertx.core.http.impl.Http1xClientConnection$StreamImpl.handleEnd(Http1xClientConnection.java:709)
2025-01-29 13:38:58,292 INFO c.h.h.t.HelmChartContainer - [hivemq-test-hivemq-platform] [hivemq-platform-operator] [c4a6074f] 	at io.vertx.core.impl.ContextImpl.execute(ContextImpl.java:313)
2025-01-29 13:38:58,292 INFO c.h.h.t.HelmChartContainer - [hivemq-test-hivemq-platform] [hivemq-platform-operator] [c4a6074f] 	at io.vertx.core.impl.ContextImpl.execute(ContextImpl.java:293)
2025-01-29 13:38:58,292 INFO c.h.h.t.HelmChartContainer - [hivemq-test-hivemq-platform] [hivemq-platform-operator] [c4a6074f] 	at io.vertx.core.http.impl.Http1xClientConnection.handleResponseEnd(Http1xClientConnection.java:940)
2025-01-29 13:38:58,292 INFO c.h.h.t.HelmChartContainer - [hivemq-test-hivemq-platform] [hivemq-platform-operator] [c4a6074f] 	at io.vertx.core.http.impl.Http1xClientConnection.handleHttpMessage(Http1xClientConnection.java:810)
2025-01-29 13:38:58,292 INFO c.h.h.t.HelmChartContainer - [hivemq-test-hivemq-platform] [hivemq-platform-operator] [c4a6074f] 	at io.vertx.core.http.impl.Http1xClientConnection.handleMessage(Http1xClientConnection.java:774)
2025-01-29 13:38:58,292 INFO c.h.h.t.HelmChartContainer - [hivemq-test-hivemq-platform] [hivemq-platform-operator] [c4a6074f] 	at io.vertx.core.net.impl.ConnectionBase.read(ConnectionBase.java:159)
2025-01-29 13:38:58,292 INFO c.h.h.t.HelmChartContainer - [hivemq-test-hivemq-platform] [hivemq-platform-operator] [c4a6074f] 	at io.vertx.core.net.impl.VertxHandler.channelRead(VertxHandler.java:153)
2025-01-29 13:38:58,292 INFO c.h.h.t.HelmChartContainer - [hivemq-test-hivemq-platform] [hivemq-platform-operator] [c4a6074f] 	at io.netty.channel.AbstractChannelHandlerContext.invokeChannelRead(AbstractChannelHandlerContext.java:442)
2025-01-29 13:38:58,292 INFO c.h.h.t.HelmChartContainer - [hivemq-test-hivemq-platform] [hivemq-platform-operator] [c4a6074f] 	at io.netty.channel.AbstractChannelHandlerContext.invokeChannelRead(AbstractChannelHandlerContext.java:420)
2025-01-29 13:38:58,292 INFO c.h.h.t.HelmChartContainer - [hivemq-test-hivemq-platform] [hivemq-platform-operator] [c4a6074f] 	at io.netty.channel.AbstractChannelHandlerContext.fireChannelRead(AbstractChannelHandlerContext.java:412)
2025-01-29 13:38:58,292 INFO c.h.h.t.HelmChartContainer - [hivemq-test-hivemq-platform] [hivemq-platform-operator] [c4a6074f] 	at io.netty.channel.CombinedChannelDuplexHandler$DelegatingChannelHandlerContext.fireChannelRead(CombinedChannelDuplexHandler.java:436)
2025-01-29 13:38:58,292 INFO c.h.h.t.HelmChartContainer - [hivemq-test-hivemq-platform] [hivemq-platform-operator] [c4a6074f] 	at io.netty.handler.codec.ByteToMessageDecoder.fireChannelRead(ByteToMessageDecoder.java:346)
2025-01-29 13:38:58,292 INFO c.h.h.t.HelmChartContainer - [hivemq-test-hivemq-platform] [hivemq-platform-operator] [c4a6074f] 	at io.netty.handler.codec.ByteToMessageDecoder.channelRead(ByteToMessageDecoder.java:318)
2025-01-29 13:38:58,292 INFO c.h.h.t.HelmChartContainer - [hivemq-test-hivemq-platform] [hivemq-platform-operator] [c4a6074f] 	at io.netty.channel.CombinedChannelDuplexHandler.channelRead(CombinedChannelDuplexHandler.java:251)
2025-01-29 13:38:58,292 INFO c.h.h.t.HelmChartContainer - [hivemq-test-hivemq-platform] [hivemq-platform-operator] [c4a6074f] 	at io.netty.channel.AbstractChannelHandlerContext.invokeChannelRead(AbstractChannelHandlerContext.java:442)
2025-01-29 13:38:58,292 INFO c.h.h.t.HelmChartContainer - [hivemq-test-hivemq-platform] [hivemq-platform-operator] [c4a6074f] 	at io.netty.channel.AbstractChannelHandlerContext.invokeChannelRead(AbstractChannelHandlerContext.java:420)
2025-01-29 13:38:58,292 INFO c.h.h.t.HelmChartContainer - [hivemq-test-hivemq-platform] [hivemq-platform-operator] [c4a6074f] 	at io.netty.channel.AbstractChannelHandlerContext.fireChannelRead(AbstractChannelHandlerContext.java:412)
2025-01-29 13:38:58,292 INFO c.h.h.t.HelmChartContainer - [hivemq-test-hivemq-platform] [hivemq-platform-operator] [c4a6074f] 	at io.netty.handler.ssl.SslHandler.unwrap(SslHandler.java:1475)
2025-01-29 13:38:58,292 INFO c.h.h.t.HelmChartContainer - [hivemq-test-hivemq-platform] [hivemq-platform-operator] [c4a6074f] 	at io.netty.handler.ssl.SslHandler.decodeJdkCompatible(SslHandler.java:1338)
2025-01-29 13:38:58,292 INFO c.h.h.t.HelmChartContainer - [hivemq-test-hivemq-platform] [hivemq-platform-operator] [c4a6074f] 	at io.netty.handler.ssl.SslHandler.decode(SslHandler.java:1387)
2025-01-29 13:38:58,292 INFO c.h.h.t.HelmChartContainer - [hivemq-test-hivemq-platform] [hivemq-platform-operator] [c4a6074f] 	at io.netty.handler.codec.ByteToMessageDecoder.decodeRemovalReentryProtection(ByteToMessageDecoder.java:530)
2025-01-29 13:38:58,292 INFO c.h.h.t.HelmChartContainer - [hivemq-test-hivemq-platform] [hivemq-platform-operator] [c4a6074f] 	at io.netty.handler.codec.ByteToMessageDecoder.callDecode(ByteToMessageDecoder.java:469)
2025-01-29 13:38:58,292 INFO c.h.h.t.HelmChartContainer - [hivemq-test-hivemq-platform] [hivemq-platform-operator] [c4a6074f] 	at io.netty.handler.codec.ByteToMessageDecoder.channelRead(ByteToMessageDecoder.java:290)
2025-01-29 13:38:58,292 INFO c.h.h.t.HelmChartContainer - [hivemq-test-hivemq-platform] [hivemq-platform-operator] [c4a6074f] 	at io.netty.channel.AbstractChannelHandlerContext.invokeChannelRead(AbstractChannelHandlerContext.java:444)
2025-01-29 13:38:58,292 INFO c.h.h.t.HelmChartContainer - [hivemq-test-hivemq-platform] [hivemq-platform-operator] [c4a6074f] 	at io.netty.channel.AbstractChannelHandlerContext.invokeChannelRead(AbstractChannelHandlerContext.java:420)
2025-01-29 13:38:58,292 INFO c.h.h.t.HelmChartContainer - [hivemq-test-hivemq-platform] [hivemq-platform-operator] [c4a6074f] 	at io.netty.channel.AbstractChannelHandlerContext.fireChannelRead(AbstractChannelHandlerContext.java:412)
2025-01-29 13:38:58,292 INFO c.h.h.t.HelmChartContainer - [hivemq-test-hivemq-platform] [hivemq-platform-operator] [c4a6074f] 	at io.netty.channel.DefaultChannelPipeline$HeadContext.channelRead(DefaultChannelPipeline.java:1407)
2025-01-29 13:38:58,292 INFO c.h.h.t.HelmChartContainer - [hivemq-test-hivemq-platform] [hivemq-platform-operator] [c4a6074f] 	at io.netty.channel.AbstractChannelHandlerContext.invokeChannelRead(AbstractChannelHandlerContext.java:440)
2025-01-29 13:38:58,292 INFO c.h.h.t.HelmChartContainer - [hivemq-test-hivemq-platform] [hivemq-platform-operator] [c4a6074f] 	at io.netty.channel.AbstractChannelHandlerContext.invokeChannelRead(AbstractChannelHandlerContext.java:420)
2025-01-29 13:38:58,292 INFO c.h.h.t.HelmChartContainer - [hivemq-test-hivemq-platform] [hivemq-platform-operator] [c4a6074f] 	at io.netty.channel.DefaultChannelPipeline.fireChannelRead(DefaultChannelPipeline.java:918)
2025-01-29 13:38:58,292 INFO c.h.h.t.HelmChartContainer - [hivemq-test-hivemq-platform] [hivemq-platform-operator] [c4a6074f] 	at io.netty.channel.nio.AbstractNioByteChannel$NioByteUnsafe.read(AbstractNioByteChannel.java:166)
2025-01-29 13:38:58,292 INFO c.h.h.t.HelmChartContainer - [hivemq-test-hivemq-platform] [hivemq-platform-operator] [c4a6074f] 	at io.netty.channel.nio.NioEventLoop.processSelectedKey(NioEventLoop.java:788)
2025-01-29 13:38:58,292 INFO c.h.h.t.HelmChartContainer - [hivemq-test-hivemq-platform] [hivemq-platform-operator] [c4a6074f] 	at io.netty.channel.nio.NioEventLoop.processSelectedKeysOptimized(NioEventLoop.java:724)
2025-01-29 13:38:58,292 INFO c.h.h.t.HelmChartContainer - [hivemq-test-hivemq-platform] [hivemq-platform-operator] [c4a6074f] 	at io.netty.channel.nio.NioEventLoop.processSelectedKeys(NioEventLoop.java:650)
2025-01-29 13:38:58,292 INFO c.h.h.t.HelmChartContainer - [hivemq-test-hivemq-platform] [hivemq-platform-operator] [c4a6074f] 	at io.netty.channel.nio.NioEventLoop.run(NioEventLoop.java:562)
2025-01-29 13:38:58,292 INFO c.h.h.t.HelmChartContainer - [hivemq-test-hivemq-platform] [hivemq-platform-operator] [c4a6074f] 	at io.netty.util.concurrent.SingleThreadEventExecutor$4.run(SingleThreadEventExecutor.java:997)
2025-01-29 13:38:58,292 INFO c.h.h.t.HelmChartContainer - [hivemq-test-hivemq-platform] [hivemq-platform-operator] [c4a6074f] 	at io.netty.util.internal.ThreadExecutorMap$2.run(ThreadExecutorMap.java:74)
2025-01-29 13:38:58,292 INFO c.h.h.t.HelmChartContainer - [hivemq-test-hivemq-platform] [hivemq-platform-operator] [c4a6074f] 	at io.netty.util.concurrent.FastThreadLocalRunnable.run(FastThreadLocalRunnable.java:30)
2025-01-29 13:38:58,292 INFO c.h.h.t.HelmChartContainer - [hivemq-test-hivemq-platform] [hivemq-platform-operator] [c4a6074f] 	... 1 common frames omitted
2025-01-29 13:38:58,296 INFO c.h.h.t.HelmChartContainer - [hivemq-test-hivemq-platform] [hivemq-platform-operator] [c4a6074f] 13:38:58.292 [ReconcilerExecutor-hivemq-controller-116] INFO  c.h.p.o.HiveMQPlatformReconciler - [helmaddi] Cleanup test-hivemq-platform - helmadditionalcontainersit HiveMQ Platform is shut down
2025-01-29 13:38:58,825 INFO c.h.h.t.HelmChartContainer - [POD] test-hivemq-platform-0 [eb40ffeb-aac3-4ca0-bcc0-189e459a1698] in helmadditionalcontainersit was MODIFIED
2025-01-29 13:38:58,838 INFO c.h.h.t.HelmChartContainer - [EVENT] Normal [Killing] Stopping container hivemq [helmadditionalcontainersit:test-hivemq-platform-0]
2025-01-29 13:38:58,838 INFO c.h.h.t.HelmChartContainer - Received Killing event for container hivemq in pod test-hivemq-platform-0 [eb40ffeb-aac3-4ca0-bcc0-189e459a1698]
2025-01-29 13:38:58,838 INFO c.h.h.t.HelmChartContainer - Container [test-hivemq-platform-0] [hivemq] [eb40ffeb-aac3-4ca0-bcc0-189e459a1698] was terminated
2025-01-29 13:38:58,839 INFO c.h.h.t.HelmChartContainer - Stopped log watcher for hivemq in pod test-hivemq-platform-0 [eb40ffeb-aac3-4ca0-bcc0-189e459a1698]
2025-01-29 13:38:58,845 INFO c.h.h.t.HelmChartContainer - [EVENT] Normal [Killing] Stopping container consul-template-container [helmadditionalcontainersit:test-hivemq-platform-0]
2025-01-29 13:38:58,855 INFO c.h.h.t.HelmChartContainer - [test-hivemq-platform] [hivemq] [eb40ffeb] INFO  - [HiveMQ Platform Operator Init App 1.7.0-SNAPSHOT] Shutting down
2025-01-29 13:38:58,855 INFO c.h.h.t.HelmChartContainer - [test-hivemq-platform] [hivemq] [eb40ffeb] INFO  - [HiveMQ Platform Operator Init App 1.7.0-SNAPSHOT] Stopping the HiveMQ Platform
2025-01-29 13:38:59,035 INFO c.h.h.t.HelmChartContainer - [test-hivemq-platform] [hivemq] [eb40ffeb] INFO  - Shutting down HiveMQ. Please wait, this could take a while...
2025-01-29 13:38:59,039 INFO c.h.h.t.HelmChartContainer - [test-hivemq-platform] [hivemq] [eb40ffeb] INFO  - Shutting down listeners and clients
2025-01-29 13:38:59,041 INFO c.h.h.t.HelmChartContainer - [test-hivemq-platform] [hivemq] [eb40ffeb] INFO  - Shutdown of listeners is done
2025-01-29 13:38:59,041 INFO c.h.h.t.HelmChartContainer - [test-hivemq-platform] [hivemq] [eb40ffeb] INFO  - No clients are connected, proceeding with shutdown
2025-01-29 13:39:00,096 INFO c.h.h.t.HelmChartContainer - Deleting namespace 'helmadditionalcontainersit'...
2025-01-29 13:39:00,554 INFO c.h.h.t.HelmChartContainer - [test-hivemq-platform] [hivemq] [eb40ffeb] INFO  - [HiveMQ Platform Operator Init App 1.7.0-SNAPSHOT] Returning shutdown Health API response 503 for readiness
2025-01-29 13:39:00,558 INFO c.h.h.t.HelmChartContainer - [EVENT] Warning [Unhealthy] Readiness probe failed: HTTP probe failed with statuscode: 503 [helmadditionalcontainersit:test-hivemq-platform-0]
2025-01-29 13:39:00,558 INFO c.h.h.t.HelmChartContainer - Received Unhealthy event for container hivemq in pod test-hivemq-platform-0 [eb40ffeb-aac3-4ca0-bcc0-189e459a1698]
2025-01-29 13:39:00,950 INFO c.h.h.t.HelmChartContainer - [K3S] [authentication.go:74] "Unable to authenticate the request" err="[invalid bearer token, serviceaccounts \"hivemq-platform-pod-test-hivemq-platform\" not found]"
2025-01-29 13:39:00,968 INFO c.h.h.t.HelmChartContainer - [K3S] [authentication.go:74] "Unable to authenticate the request" err="[invalid bearer token, serviceaccounts \"hivemq-platform-pod-test-hivemq-platform\" not found]"
2025-01-29 13:39:00,976 INFO c.h.h.t.HelmChartContainer - [test-hivemq-platform] [hivemq] [eb40ffeb] WARN  - [HiveMQ Platform Operator Init App 1.7.0-SNAPSHOT] Could not update Pod annotations: Failure executing: GET at: https://10.43.0.1:443/api/v1/namespaces/helmadditionalcontainersit/pods/test-hivemq-platform-0. Message: Unauthorized. Received status: Status(apiVersion=v1, code=401, details=null, kind=Status, message=Unauthorized, metadata=ListMeta(_continue=null, remainingItemCount=null, resourceVersion=null, selfLink=null, additionalProperties={}), reason=Unauthorized, status=Failure, additionalProperties={}).
2025-01-29 13:39:02,340 INFO c.h.h.t.HelmChartContainer - [test-hivemq-platform] [hivemq] [eb40ffeb] INFO  - Shutting down extension system
2025-01-29 13:39:02,347 INFO c.h.h.t.HelmChartContainer - [test-hivemq-platform] [hivemq] [eb40ffeb] INFO  - Stopping extension with id hivemq-dns-cluster-discovery
2025-01-29 13:39:02,347 INFO c.h.h.t.HelmChartContainer - [test-hivemq-platform] [hivemq] [eb40ffeb] INFO  - Extension "DNS Cluster Discovery Extension" version 4.3.2 stopped successfully.
2025-01-29 13:39:02,348 INFO c.h.h.t.HelmChartContainer - [test-hivemq-platform] [hivemq] [eb40ffeb] INFO  - Stopping extension with id hivemq-prometheus-extension
2025-01-29 13:39:02,352 INFO c.h.h.t.HelmChartContainer - [test-hivemq-platform] [hivemq] [eb40ffeb] INFO  - Extension "Prometheus Monitoring Extension" version 4.0.12 stopped successfully.
2025-01-29 13:39:02,354 INFO c.h.h.t.HelmChartContainer - [test-hivemq-platform] [hivemq] [eb40ffeb] INFO  - Stopping extension with id hivemq-allow-all-extension
2025-01-29 13:39:02,354 INFO c.h.h.t.HelmChartContainer - [test-hivemq-platform] [hivemq] [eb40ffeb] INFO  - Extension "Allow All Extension" version 1.1.1 stopped successfully.
2025-01-29 13:39:04,639 INFO c.h.h.t.HelmChartContainer - [test-hivemq-platform] [hivemq] [eb40ffeb] INFO  - Shutdown completed.
2025-01-29 13:39:04,988 INFO c.h.h.t.HelmChartContainer - [test-hivemq-platform] [hivemq] [eb40ffeb] INFO  - [HiveMQ Platform Operator Init App 1.7.0-SNAPSHOT] The HiveMQ Platform exited with code 143
2025-01-29 13:39:04,989 INFO c.h.h.t.HelmChartContainer - [test-hivemq-platform] [hivemq] [eb40ffeb] INFO  - [HiveMQ Platform Operator Init App 1.7.0-SNAPSHOT] Stopping the REST API
2025-01-29 13:39:04,994 INFO c.h.h.t.HelmChartContainer - [test-hivemq-platform] [hivemq] [eb40ffeb] INFO  - [HiveMQ Platform Operator Init App 1.7.0-SNAPSHOT] Shutdown complete
2025-01-29 13:39:05,232 INFO c.h.h.t.HelmChartContainer - [K3S] [stateful_set.go:466] "StatefulSet has been deleted" key="helmadditionalcontainersit/test-hivemq-platform"
2025-01-29 13:39:05,473 INFO c.h.h.t.HelmChartContainer - [POD] test-hivemq-platform-0 [eb40ffeb-aac3-4ca0-bcc0-189e459a1698] in helmadditionalcontainersit was MODIFIED
2025-01-29 13:39:05,631 INFO c.h.h.t.HelmChartContainer - [K3S] [reconciler_common.go:162] "operationExecutor.UnmountVolume started for volume \"consul-template-volume\" (UniqueName: \"kubernetes.io/configmap/eb40ffeb-aac3-4ca0-bcc0-189e459a1698-consul-template-volume\") pod \"eb40ffeb-aac3-4ca0-bcc0-189e459a1698\" (UID: \"eb40ffeb-aac3-4ca0-bcc0-189e459a1698\") "
2025-01-29 13:39:05,631 INFO c.h.h.t.HelmChartContainer - [K3S] [reconciler_common.go:162] "operationExecutor.UnmountVolume started for volume \"broker-configuration\" (UniqueName: \"kubernetes.io/configmap/eb40ffeb-aac3-4ca0-bcc0-189e459a1698-broker-configuration\") pod \"eb40ffeb-aac3-4ca0-bcc0-189e459a1698\" (UID: \"eb40ffeb-aac3-4ca0-bcc0-189e459a1698\") "
2025-01-29 13:39:05,631 INFO c.h.h.t.HelmChartContainer - [K3S] [reconciler_common.go:162] "operationExecutor.UnmountVolume started for volume \"operator-init\" (UniqueName: \"kubernetes.io/empty-dir/eb40ffeb-aac3-4ca0-bcc0-189e459a1698-operator-init\") pod \"eb40ffeb-aac3-4ca0-bcc0-189e459a1698\" (UID: \"eb40ffeb-aac3-4ca0-bcc0-189e459a1698\") "
2025-01-29 13:39:05,632 INFO c.h.h.t.HelmChartContainer - [K3S] [reconciler_common.go:162] "operationExecutor.UnmountVolume started for volume \"kube-api-access-lp2mz\" (UniqueName: \"kubernetes.io/projected/eb40ffeb-aac3-4ca0-bcc0-189e459a1698-kube-api-access-lp2mz\") pod \"eb40ffeb-aac3-4ca0-bcc0-189e459a1698\" (UID: \"eb40ffeb-aac3-4ca0-bcc0-189e459a1698\") "
2025-01-29 13:39:05,632 INFO c.h.h.t.HelmChartContainer - [K3S] [reconciler_common.go:162] "operationExecutor.UnmountVolume started for volume \"license-volume\" (UniqueName: \"kubernetes.io/empty-dir/eb40ffeb-aac3-4ca0-bcc0-189e459a1698-license-volume\") pod \"eb40ffeb-aac3-4ca0-bcc0-189e459a1698\" (UID: \"eb40ffeb-aac3-4ca0-bcc0-189e459a1698\") "
2025-01-29 13:39:05,632 INFO c.h.h.t.HelmChartContainer - [K3S] [reconciler_common.go:162] "operationExecutor.UnmountVolume started for volume \"pod-info\" (UniqueName: \"kubernetes.io/configmap/eb40ffeb-aac3-4ca0-bcc0-189e459a1698-pod-info\") pod \"eb40ffeb-aac3-4ca0-bcc0-189e459a1698\" (UID: \"eb40ffeb-aac3-4ca0-bcc0-189e459a1698\") "
2025-01-29 13:39:05,731 INFO c.h.h.t.HelmChartContainer - [K3S] [reconciler_common.go:299] "Volume detached for volume \"kube-api-access-lp2mz\" (UniqueName: \"kubernetes.io/projected/eb40ffeb-aac3-4ca0-bcc0-189e459a1698-kube-api-access-lp2mz\") on node \"b5478828a543\" DevicePath \"\""
2025-01-29 13:39:05,731 INFO c.h.h.t.HelmChartContainer - [K3S] [reconciler_common.go:299] "Volume detached for volume \"license-volume\" (UniqueName: \"kubernetes.io/empty-dir/eb40ffeb-aac3-4ca0-bcc0-189e459a1698-license-volume\") on node \"b5478828a543\" DevicePath \"\""
2025-01-29 13:39:05,731 INFO c.h.h.t.HelmChartContainer - [K3S] [reconciler_common.go:299] "Volume detached for volume \"pod-info\" (UniqueName: \"kubernetes.io/configmap/eb40ffeb-aac3-4ca0-bcc0-189e459a1698-pod-info\") on node \"b5478828a543\" DevicePath \"\""
2025-01-29 13:39:05,732 INFO c.h.h.t.HelmChartContainer - [K3S] [reconciler_common.go:299] "Volume detached for volume \"consul-template-volume\" (UniqueName: \"kubernetes.io/configmap/eb40ffeb-aac3-4ca0-bcc0-189e459a1698-consul-template-volume\") on node \"b5478828a543\" DevicePath \"\""
2025-01-29 13:39:05,732 INFO c.h.h.t.HelmChartContainer - [K3S] [reconciler_common.go:299] "Volume detached for volume \"broker-configuration\" (UniqueName: \"kubernetes.io/configmap/eb40ffeb-aac3-4ca0-bcc0-189e459a1698-broker-configuration\") on node \"b5478828a543\" DevicePath \"\""
2025-01-29 13:39:05,732 INFO c.h.h.t.HelmChartContainer - [K3S] [reconciler_common.go:299] "Volume detached for volume \"operator-init\" (UniqueName: \"kubernetes.io/empty-dir/eb40ffeb-aac3-4ca0-bcc0-189e459a1698-operator-init\") on node \"b5478828a543\" DevicePath \"\""
2025-01-29 13:39:06,345 INFO c.h.h.t.HelmChartContainer - [K3S] [scope.go:117] "RemoveContainer" containerID="9c1c052ffc7c5cbac598944e7eb678d1f3062783244d7c94a81702ba893dfdd3"
2025-01-29 13:39:06,350 INFO c.h.h.t.HelmChartContainer - [K3S] [scope.go:117] "RemoveContainer" containerID="7dd0c7005109742dffc6645423081f8dbfca678acc531ff8e3017d414ffbaeba"
2025-01-29 13:39:06,360 INFO c.h.h.t.HelmChartContainer - [POD] test-hivemq-platform-0 [eb40ffeb-aac3-4ca0-bcc0-189e459a1698] in helmadditionalcontainersit was MODIFIED
2025-01-29 13:39:06,368 INFO c.h.h.t.HelmChartContainer - [POD] test-hivemq-platform-0 [eb40ffeb-aac3-4ca0-bcc0-189e459a1698] in helmadditionalcontainersit was DELETED
2025-01-29 13:39:06,457 INFO c.h.h.t.HelmChartContainer - [K3S] [scope.go:117] "RemoveContainer" containerID="88eae6b59a64a726cc4705ad7894e6eb4ba27dedf670793ca29fca8978be095b"
2025-01-29 13:39:06,460 INFO c.h.h.t.HelmChartContainer - [K3S] [scope.go:117] "RemoveContainer" containerID="9c1c052ffc7c5cbac598944e7eb678d1f3062783244d7c94a81702ba893dfdd3"
2025-01-29 13:39:06,461 INFO c.h.h.t.HelmChartContainer - [K3S] [scope.go:117] "RemoveContainer" containerID="7dd0c7005109742dffc6645423081f8dbfca678acc531ff8e3017d414ffbaeba"
2025-01-29 13:39:06,461 INFO c.h.h.t.HelmChartContainer - [K3S] [scope.go:117] "RemoveContainer" containerID="88eae6b59a64a726cc4705ad7894e6eb4ba27dedf670793ca29fca8978be095b"
2025-01-29 13:39:07,185 INFO c.h.h.t.HelmChartContainer - [K3S] [kubelet_volumes.go:163] "Cleaned up orphaned pod volumes dir" podUID="eb40ffeb-aac3-4ca0-bcc0-189e459a1698" path="/var/lib/kubelet/pods/eb40ffeb-aac3-4ca0-bcc0-189e459a1698/volumes"
2025-01-29 13:39:10,440 INFO c.h.h.t.HelmChartContainer - Namespace 'helmadditionalcontainersit' deleted
2025-01-29 13:39:10,440 INFO c.h.h.t.HelmChartContainer - Release 'test-hivemq-platform' in namespace 'helmadditionalcontainersit' is uninstalled
2025-01-29 13:39:10,440 INFO c.h.h.t.HelmChartContainer - Uninstalling release 'test-hivemq-platform-operator' in namespace 'helmadditionalcontainersit-operator'...
2025-01-29 13:39:10,440 DEBUG c.h.h.t.HelmChartContainer - Executing helm command: /bin/helm --kubeconfig /etc/rancher/k3s/k3s.yaml uninstall test-hivemq-platform-operator  --wait --timeout 5m0s --cascade foreground --namespace helmadditionalcontainersit-operator
2025-01-29 13:39:10,593 INFO c.h.h.t.HelmChartContainer - [K3S] [replica_set.go:679] "Finished syncing" kind="ReplicaSet" key="helmadditionalcontainersit-operator/hivemq-test-hivemq-platform-operator-6966f96d65" duration="8.153138ms"
2025-01-29 13:39:10,593 INFO c.h.h.t.HelmChartContainer - [K3S] [replica_set.go:679] "Finished syncing" kind="ReplicaSet" key="helmadditionalcontainersit-operator/hivemq-test-hivemq-platform-operator-6966f96d65" duration="74.469µs"
2025-01-29 13:39:10,603 INFO c.h.h.t.HelmChartContainer - [POD] hivemq-test-hivemq-platform-operator-6966f96d65-rvzsb [c4a6074f-f2bd-45c9-af5e-398a990742f5] in helmadditionalcontainersit-operator was MODIFIED
2025-01-29 13:39:10,613 INFO c.h.h.t.HelmChartContainer - [EVENT] Normal [Killing] Stopping container hivemq-platform-operator [helmadditionalcontainersit-operator:hivemq-test-hivemq-platform-operator-6966f96d65-rvzsb]
2025-01-29 13:39:10,613 INFO c.h.h.t.HelmChartContainer - Received Killing event for container hivemq-platform-operator in pod hivemq-test-hivemq-platform-operator-6966f96d65-rvzsb [c4a6074f-f2bd-45c9-af5e-398a990742f5]
2025-01-29 13:39:10,613 INFO c.h.h.t.HelmChartContainer - Container [hivemq-test-hivemq-platform-operator-6966f96d65-rvzsb] [hivemq-platform-operator] [c4a6074f-f2bd-45c9-af5e-398a990742f5] was terminated
2025-01-29 13:39:10,613 INFO c.h.h.t.HelmChartContainer - Stopped log watcher for hivemq-platform-operator in pod hivemq-test-hivemq-platform-operator-6966f96d65-rvzsb [c4a6074f-f2bd-45c9-af5e-398a990742f5]
2025-01-29 13:39:10,624 INFO c.h.h.t.HelmChartContainer - [hivemq-test-hivemq-platform] [hivemq-platform-operator] [c4a6074f] 13:39:10.619 [application-shutdown-thread] INFO  c.h.p.o.HiveMQPlatformOperatorApplication - HiveMQ Platform Operator is stopping...
2025-01-29 13:39:10,624 INFO c.h.h.t.HelmChartContainer - [hivemq-test-hivemq-platform] [hivemq-platform-operator] [c4a6074f] 13:39:10.619 [application-shutdown-thread] INFO  i.javaoperatorsdk.operator.Operator - Operator SDK 4.9.7 is shutting down...
2025-01-29 13:39:10,628 INFO c.h.h.t.HelmChartContainer - [K3S] [replica_set.go:679] "Finished syncing" kind="ReplicaSet" key="helmadditionalcontainersit-operator/hivemq-test-hivemq-platform-operator-6966f96d65" duration="26.131265ms"
2025-01-29 13:39:10,628 INFO c.h.h.t.HelmChartContainer - [K3S] [replica_set.go:679] "Finished syncing" kind="ReplicaSet" key="helmadditionalcontainersit-operator/hivemq-test-hivemq-platform-operator-6966f96d65" duration="39.464µs"
2025-01-29 13:39:11,218 INFO c.h.h.t.HelmChartContainer - [K3S] [replica_set.go:679] "Finished syncing" kind="ReplicaSet" key="helmadditionalcontainersit-operator/hivemq-test-hivemq-platform-operator-6966f96d65" duration="37.871µs"
2025-01-29 13:39:11,218 INFO c.h.h.t.HelmChartContainer - [POD] hivemq-test-hivemq-platform-operator-6966f96d65-rvzsb [c4a6074f-f2bd-45c9-af5e-398a990742f5] in helmadditionalcontainersit-operator was MODIFIED
2025-01-29 13:39:11,352 INFO c.h.h.t.HelmChartContainer - [K3S] [scope.go:117] "RemoveContainer" containerID="ca4695edca2a992048d6c31e3741842a2f6425282021d0cd16c0338ce946149e"
2025-01-29 13:39:11,355 INFO c.h.h.t.HelmChartContainer - [K3S] [scope.go:117] "RemoveContainer" containerID="ca4695edca2a992048d6c31e3741842a2f6425282021d0cd16c0338ce946149e"
2025-01-29 13:39:11,364 INFO c.h.h.t.HelmChartContainer - [K3S] [reconciler_common.go:162] "operationExecutor.UnmountVolume started for volume \"kube-api-access-gbm5h\" (UniqueName: \"kubernetes.io/projected/c4a6074f-f2bd-45c9-af5e-398a990742f5-kube-api-access-gbm5h\") pod \"c4a6074f-f2bd-45c9-af5e-398a990742f5\" (UID: \"c4a6074f-f2bd-45c9-af5e-398a990742f5\") "
2025-01-29 13:39:11,465 INFO c.h.h.t.HelmChartContainer - [K3S] [reconciler_common.go:299] "Volume detached for volume \"kube-api-access-gbm5h\" (UniqueName: \"kubernetes.io/projected/c4a6074f-f2bd-45c9-af5e-398a990742f5-kube-api-access-gbm5h\") on node \"b5478828a543\" DevicePath \"\""
2025-01-29 13:39:11,663 INFO c.h.h.t.HelmChartContainer - [K3S] [replica_set.go:679] "Finished syncing" kind="ReplicaSet" key="helmadditionalcontainersit-operator/hivemq-test-hivemq-platform-operator-6966f96d65" duration="44.363µs"
2025-01-29 13:39:11,664 INFO c.h.h.t.HelmChartContainer - [POD] hivemq-test-hivemq-platform-operator-6966f96d65-rvzsb [c4a6074f-f2bd-45c9-af5e-398a990742f5] in helmadditionalcontainersit-operator was MODIFIED
2025-01-29 13:39:11,666 INFO c.h.h.t.HelmChartContainer - [K3S] [replica_set.go:679] "Finished syncing" kind="ReplicaSet" key="helmadditionalcontainersit-operator/hivemq-test-hivemq-platform-operator-6966f96d65" duration="32.029µs"
2025-01-29 13:39:11,667 INFO c.h.h.t.HelmChartContainer - [POD] hivemq-test-hivemq-platform-operator-6966f96d65-rvzsb [c4a6074f-f2bd-45c9-af5e-398a990742f5] in helmadditionalcontainersit-operator was DELETED
2025-01-29 13:39:11,675 INFO c.h.h.t.HelmChartContainer - [K3S] [replica_set.go:679] "Finished syncing" kind="ReplicaSet" key="helmadditionalcontainersit-operator/hivemq-test-hivemq-platform-operator-6966f96d65" duration="6.131µs"
2025-01-29 13:39:12,675 INFO c.h.h.t.HelmChartContainer - Deleting namespace 'helmadditionalcontainersit-operator'...
2025-01-29 13:39:13,185 INFO c.h.h.t.HelmChartContainer - [K3S] [kubelet_volumes.go:163] "Cleaned up orphaned pod volumes dir" podUID="c4a6074f-f2bd-45c9-af5e-398a990742f5" path="/var/lib/kubelet/pods/c4a6074f-f2bd-45c9-af5e-398a990742f5/volumes"
2025-01-29 13:39:15,350 INFO c.h.h.t.HelmChartContainer - [K3S] [namespace_controller.go:187] "Namespace has been deleted" namespace="helmadditionalcontainersit"
2025-01-29 13:39:17,899 INFO c.h.h.t.HelmChartContainer - Namespace 'helmadditionalcontainersit-operator' deleted
2025-01-29 13:39:17,899 INFO c.h.h.t.HelmChartContainer - Release 'test-hivemq-platform-operator' in namespace 'helmadditionalcontainersit-operator' is uninstalled
2025-01-29 13:39:18,616 INFO c.h.helmcharts.AbstractHelmChartIT - Removed unused containers:

2025-01-29 13:39:22,796 INFO c.h.h.t.HelmChartContainer - [K3S] [namespace_controller.go:187] "Namespace has been deleted" namespace="helmadditionalcontainersit-operator"
2025-01-29 13:39:26,775 INFO c.h.helmcharts.AbstractHelmChartIT - Removed unused snapshots:
Removing snapshot sha256:03af251906410714c5aef9fa705b63f6bbc39c4a5e787de7361eeb18886c2ed2
Removing snapshot sha256:0c46b3b43cce082ce5ec34ffc6c294e0417d17b9d1e6f366d114b6aadc4f96dc
Removing snapshot sha256:0ce761beee59082d6ed5bcebd3a805b8ddd9b3426b617e4809e7fb7c6587ffec
Removing snapshot sha256:0df91287303208332c8ff6ba40ae4710105201739addbfbddfb955f1ad593664
Removing snapshot sha256:1021ef88c7974bfff89c5a0ec4fd3160daac6c48a075f74cff721f85dd104e68
Removing snapshot sha256:10aba4953ddc18145dd38e3704709bc464aa20af60b56fe52caaff4b68411e62
Removing snapshot sha256:2573e0d8158209ed54ab25c87bcdcb00bd3d2539246960a3d592a1c599d70465
Removing snapshot sha256:362a8a37f8bbc31925a8146adcf7cf51f9882f5c1dcbef67c5baa03a297543c0
Removing snapshot sha256:3fa4ad33f0ddc8fd45b39b6b4640f82a3a83619606cd975bfe89d8710ad2d4cd
Removing snapshot sha256:43a7c979bbaba6838bc3102d6b10a1459f3ab050b87ccdfef84ef90cf43d3058
Removing snapshot sha256:4ab04491cdf0d3267f08206fe30bd48f49f94b9cab2f016d6739220f722a64af
Removing snapshot sha256:4b6068250e89c96f263060261819c7d912855bfbd64b3eb4c4a8483299b8c295
Removing snapshot sha256:580e69a0a8034ede1921139bbd2bfb72a69ebf276d008281896c32dd8bf74775
Removing snapshot sha256:5a2c5491767de96088c4fcd4fddc22d7bfee323fe2e34fc7205056783b5dc099
Removing snapshot sha256:5d30ba46b27fe37484567ccc5242cadc78217b8da605f3f195ef25cbf7487904
Removing snapshot sha256:5f1df1c19f2f87fc725ef0cdaf4f43831c47e5cce7fdc062186f008bea2344fb
Removing snapshot sha256:63ca1fbb43ae5034640e5e6cb3e083e05c290072c5366fcaa9d62435a4cced85
Removing snapshot sha256:67f702c6baae873bceb19487c8b1f27bd2b86077e4f2f0e480e6d60ab508b8f5
Removing snapshot sha256:6864348dd42806d552efdec384f1274be15e2d0c10ce44c1f04347af004c10a9
Removing snapshot sha256:6c7dee8f2c39b84b7dc2711c01d33de93514d9055499173e9290176fbe484b6c
Removing snapshot sha256:82753493a6d61ded36556292f02f31841a14c20d2f279f19eaad65afb661d5cd
Removing snapshot sha256:8a10d3db42c505ee0fcfa98417bdd7e39b304f6bcc0a06bb1b220797ff2cc63c
Removing snapshot sha256:94e5f06ff8e3d4441dc3cd8b090ff38dc911bfa8ebdb0dc28395bc98f82f983f
Removing snapshot sha256:9ce456dfd737e4e9412d2dc9259aa0e81e701444b4c0bf75bb707bf3eac30659
Removing snapshot sha256:9fe266bdfabb549dd4b3148560da7ce6ac593863d81fe17f9972d3ab187474ec
Removing snapshot sha256:a21e5b12dbac529ad45d976eb9ce45c881f3bedcc500fb30aba1e52aa1813418
Removing snapshot sha256:b921e6c28969094157f9b8e7244677780319637afd14450b7cb6b2fdea558a0c
Removing snapshot sha256:bc27ecb5769a00e309cf99ebc763c4a4b958b618d1decc96ffac5bc05f02f5b7
Removing snapshot sha256:be3ccb6627a5332e309d45ef461d09b4879dd870c7394d89323d0ebc6ca6aa8a
Removing snapshot sha256:c261f7cbbc64211ee175ee47273acdb7b1a36a4450b397a064a8f2c026490095
Removing snapshot sha256:c34d9393647eea0c9e3557ab988efaf59f61d10a2a5613b439ef0958cca5ec10
Removing snapshot sha256:c891e3f4adf80ed8ef2b111a2542ad38060e1040a9e561f685e9e0d1097fb98e
Removing snapshot sha256:ccf3c4a0fa967a41c1c83497a2ce6fa5787965859df0adb32c4ca2cf7490bc2b
Removing snapshot sha256:cf92d33f869417309692088c341cd0f223c178ea78a125f757317b22aa8f90e9
Removing snapshot sha256:d0037344cf2fb078884f1849f6a1f8cf9a33a3b6139b6a85833e5ee528e1f9a8
Removing snapshot sha256:d3b36d5b79273b1e98e7700470eaeff05a882e777124d84cebcc1505b85ecb36
Removing snapshot sha256:d65a44a37914602d12c611e5e22a50f11451d847e63015cc1c2aef92dee777a4
Removing snapshot sha256:e2dc0bae2455930f23ae570e019b7f32edc75c0f2d71cab084db837ff9051796
Removing snapshot sha256:eccbd24a99c60cd9e86ee5305dbfc4a4dc89f5ab4fb1f06c8d64797cecedef34
Removing snapshot sha256:f144bb4c7c7f0d2aa7eeffd36d934ec40db1ee167be727e326aad9fdc616f475

]]></system-out>
  </testcase>
  <system-out><![CDATA[2025-01-29 13:37:03,649 INFO c.h.h.t.HelmChartContainerExtension - Using cached HelmChartContainer instance
2025-01-29 13:37:03,654 INFO c.h.h.t.HelmChartContainerExtension - Creating cached HelmChartContainer instance
2025-01-29 13:37:03,671 INFO o.testcontainers.DockerClientFactory - Testcontainers version: 1.20.4
2025-01-29 13:37:04,104 INFO o.t.d.DockerClientProviderStrategy - Found Docker environment with local Unix socket (unix:///var/run/docker.sock)
2025-01-29 13:37:04,113 INFO o.testcontainers.DockerClientFactory - Docker host IP address is localhost
2025-01-29 13:37:04,128 INFO o.testcontainers.DockerClientFactory - Connected to docker: 
  Server Version: 26.1.3
  API Version: 1.45
  Operating System: Ubuntu 24.04.1 LTS
  Total Memory: 15990 MB
2025-01-29 13:37:04,134 INFO o.testcontainers.images.PullPolicy - Image pull policy will be performed by: DefaultPullPolicy()
2025-01-29 13:37:04,137 INFO o.t.utility.ImageNameSubstitutor - Image name substitution will be performed by: DefaultImageNameSubstitutor (composite of 'ConfigurationFileImageNameSubstitutor' and 'PrefixingImageNameSubstitutor')
2025-01-29 13:37:04,163 INFO tc.testcontainers/ryuk:0.11.0 - Pulling docker image: testcontainers/ryuk:0.11.0. Please be patient; this may take some time but only needs to be done once.
2025-01-29 13:37:04,581 INFO tc.testcontainers/ryuk:0.11.0 - Starting to pull image
2025-01-29 13:37:04,616 INFO tc.testcontainers/ryuk:0.11.0 - Pulling image layers:  0 pending,  0 downloaded,  0 extracted, (0 bytes/0 bytes)
2025-01-29 13:37:04,795 INFO tc.testcontainers/ryuk:0.11.0 - Pulling image layers:  2 pending,  1 downloaded,  0 extracted, (878 KB/? MB)
2025-01-29 13:37:04,805 INFO tc.testcontainers/ryuk:0.11.0 - Pulling image layers:  1 pending,  2 downloaded,  0 extracted, (878 KB/? MB)
2025-01-29 13:37:04,811 INFO tc.testcontainers/ryuk:0.11.0 - Pulling image layers:  0 pending,  3 downloaded,  0 extracted, (906 KB/10 MB)
2025-01-29 13:37:04,907 INFO tc.testcontainers/ryuk:0.11.0 - Pulling image layers:  0 pending,  3 downloaded,  1 extracted, (4 MB/10 MB)
2025-01-29 13:37:05,653 INFO tc.testcontainers/ryuk:0.11.0 - Pulling image layers:  0 pending,  3 downloaded,  2 extracted, (4 MB/10 MB)
2025-01-29 13:37:05,696 INFO tc.testcontainers/ryuk:0.11.0 - Pulling image layers:  0 pending,  3 downloaded,  3 extracted, (10 MB/10 MB)
2025-01-29 13:37:05,703 INFO tc.testcontainers/ryuk:0.11.0 - Pull complete. 3 layers, pulled in 1s (downloaded 10 MB at 10 MB/s)
2025-01-29 13:37:05,703 INFO tc.testcontainers/ryuk:0.11.0 - Image testcontainers/ryuk:0.11.0 pull took PT1.539351261S
2025-01-29 13:37:05,728 INFO tc.testcontainers/ryuk:0.11.0 - Creating container for image: testcontainers/ryuk:0.11.0
2025-01-29 13:37:05,787 INFO tc.testcontainers/ryuk:0.11.0 - Container testcontainers/ryuk:0.11.0 is starting: f84e84d69c920045e479f5889e89936b06edb076bb31767882929cd262c31e6e
2025-01-29 13:37:06,357 INFO tc.testcontainers/ryuk:0.11.0 - Container testcontainers/ryuk:0.11.0 started in PT0.629386173S
2025-01-29 13:37:06,361 INFO o.t.utility.RyukResourceReaper - Ryuk started - will monitor and terminate Testcontainers containers on JVM exit
2025-01-29 13:37:06,361 INFO o.testcontainers.DockerClientFactory - Checking the system...
2025-01-29 13:37:06,361 INFO o.testcontainers.DockerClientFactory - ✔︎ Docker server version should be at least 1.6.0
2025-01-29 13:37:06,434 INFO o.t.i.builder.ImageFromDockerfile - Pre-emptively checking local images for 'ubuntu:noble-20241118.1@sha256:80dd3c3b9c6cecb9f1667e9290b3bc61b78c2678c02cbdae5f0fea92cc6734ab', referenced via a Dockerfile. If not available, it will be pulled.
2025-01-29 13:37:06,437 INFO t.u.1@sha256:80dd3c... - Pulling docker image: ubuntu:noble-20241118.1@sha256:80dd3c3b9c6cecb9f1667e9290b3bc61b78c2678c02cbdae5f0fea92cc6734ab. Please be patient; this may take some time but only needs to be done once.
2025-01-29 13:37:06,681 INFO t.u.1@sha256:80dd3c... - Starting to pull image
2025-01-29 13:37:06,682 INFO t.u.1@sha256:80dd3c... - Pulling image layers:  0 pending,  0 downloaded,  0 extracted, (0 bytes/0 bytes)
2025-01-29 13:37:07,067 INFO t.u.1@sha256:80dd3c... - Pulling image layers:  0 pending,  1 downloaded,  0 extracted, (22 MB/28 MB)
2025-01-29 13:37:07,980 INFO t.u.1@sha256:80dd3c... - Pulling image layers:  0 pending,  1 downloaded,  1 extracted, (28 MB/28 MB)
2025-01-29 13:37:07,985 INFO t.u.1@sha256:80dd3c... - Pull complete. 1 layers, pulled in 1s (downloaded 28 MB at 28 MB/s)
2025-01-29 13:37:07,985 INFO t.u.1@sha256:80dd3c... - Image ubuntu:noble-20241118.1@sha256:80dd3c3b9c6cecb9f1667e9290b3bc61b78c2678c02cbdae5f0fea92cc6734ab pull took PT1.547405265S
2025-01-29 13:37:07,987 INFO o.t.i.builder.ImageFromDockerfile - Pre-emptively checking local images for 'rancher/k3s:v1.32.1-k3s1', referenced via a Dockerfile. If not available, it will be pulled.
2025-01-29 13:37:07,989 INFO tc.rancher/k3s:v1.32.1-k3s1 - Pulling docker image: rancher/k3s:v1.32.1-k3s1. Please be patient; this may take some time but only needs to be done once.
2025-01-29 13:37:09,348 INFO tc.rancher/k3s:v1.32.1-k3s1 - Starting to pull image
2025-01-29 13:37:09,349 INFO tc.rancher/k3s:v1.32.1-k3s1 - Pulling image layers:  0 pending,  0 downloaded,  0 extracted, (0 bytes/0 bytes)
2025-01-29 13:37:09,985 INFO tc.rancher/k3s:v1.32.1-k3s1 - Pulling image layers:  0 pending,  1 downloaded,  0 extracted, (67 MB/71 MB)
2025-01-29 13:37:11,022 INFO tc.rancher/k3s:v1.32.1-k3s1 - Pulling image layers:  0 pending,  1 downloaded,  1 extracted, (71 MB/71 MB)
2025-01-29 13:37:11,029 INFO tc.rancher/k3s:v1.32.1-k3s1 - Pull complete. 1 layers, pulled in 1s (downloaded 71 MB at 71 MB/s)
2025-01-29 13:37:11,029 INFO tc.rancher/k3s:v1.32.1-k3s1 - Image rancher/k3s:v1.32.1-k3s1 pull took PT3.040339863S
2025-01-29 13:37:11,034 INFO o.t.i.builder.ImageFromDockerfile - Transferred 0 bytes to Docker daemon
2025-01-29 13:37:24,017 INFO c.h.h.t.HelmChartContainer - Starting HelmChartContainer...
2025-01-29 13:37:24,020 INFO t.localhost/testcontainers/dlj5pa2yxxgbup9j:latest - Creating container for image: localhost/testcontainers/dlj5pa2yxxgbup9j:latest
2025-01-29 13:37:24,086 INFO tc.alpine:3.17 - Pulling docker image: alpine:3.17. Please be patient; this may take some time but only needs to be done once.
2025-01-29 13:37:24,463 INFO tc.alpine:3.17 - Starting to pull image
2025-01-29 13:37:24,464 INFO tc.alpine:3.17 - Pulling image layers:  0 pending,  0 downloaded,  0 extracted, (0 bytes/0 bytes)
2025-01-29 13:37:24,699 INFO tc.alpine:3.17 - Pulling image layers:  0 pending,  1 downloaded,  0 extracted, (33 KB/3 MB)
2025-01-29 13:37:24,791 INFO tc.alpine:3.17 - Pulling image layers:  0 pending,  1 downloaded,  1 extracted, (3 MB/3 MB)
2025-01-29 13:37:24,797 INFO tc.alpine:3.17 - Image alpine:3.17 pull took PT0.71109712S
2025-01-29 13:37:25,326 INFO t.localhost/testcontainers/dlj5pa2yxxgbup9j:latest - Container localhost/testcontainers/dlj5pa2yxxgbup9j:latest is starting: b5478828a543df39712861c7b9144c2e1ce6dbd6e3f27dd23551c2460ba5e735
2025-01-29 13:37:25,684 INFO c.h.h.t.HelmChartContainer - [K3S] [INFO] Starting k3s v1.32.1+k3s1 (6a322f12)
2025-01-29 13:37:25,686 INFO c.h.h.t.HelmChartContainer - [K3S] [INFO] Configuring sqlite3 database connection pooling: maxIdleConns=2, maxOpenConns=0, connMaxLifetime=0s
2025-01-29 13:37:25,687 INFO c.h.h.t.HelmChartContainer - [K3S] [INFO] Configuring database table schema and indexes, this may take a moment...
2025-01-29 13:37:25,690 INFO c.h.h.t.HelmChartContainer - [K3S] [INFO] Database tables and indexes are up to date
2025-01-29 13:37:25,692 INFO c.h.h.t.HelmChartContainer - [K3S] [INFO] Kine available at unix://kine.sock
2025-01-29 13:37:25,832 INFO c.h.h.t.HelmChartContainer - [K3S] [INFO] Saving cluster bootstrap data to datastore
2025-01-29 13:37:25,833 INFO c.h.h.t.HelmChartContainer - [K3S] [WARNING] dynamiclistener [::]:6443: no cached certificate available for preload - deferring certificate load until storage initialization or first client request
2025-01-29 13:37:25,834 INFO c.h.h.t.HelmChartContainer - [K3S] [INFO] Active TLS secret / (ver=) (count 10): map[listener.cattle.io/cn-10.43.0.1:10.43.0.1 listener.cattle.io/cn-127.0.0.1:127.0.0.1 listener.cattle.io/cn-172.18.0.2:172.18.0.2 listener.cattle.io/cn-__1-f16284:::1 listener.cattle.io/cn-b5478828a543:b5478828a543 listener.cattle.io/cn-kubernetes:kubernetes listener.cattle.io/cn-kubernetes.default:kubernetes.default listener.cattle.io/cn-kubernetes.default.svc:kubernetes.default.svc listener.cattle.io/cn-kubernetes.default.svc.cluster.local:kubernetes.default.svc.cluster.local listener.cattle.io/cn-localhost:localhost listener.cattle.io/fingerprint:SHA1=D3B2D56C4F4DFBC13D66738554F7CB0C70ADC4E0]
2025-01-29 13:37:25,994 INFO c.h.h.t.HelmChartContainer - [K3S] [INFO] Running kube-apiserver --advertise-port=6443 --allow-privileged=true --anonymous-auth=false --api-audiences=https://kubernetes.default.svc.cluster.local,k3s --authorization-mode=Node,RBAC --bind-address=127.0.0.1 --cert-dir=/var/lib/rancher/k3s/server/tls/temporary-certs --client-ca-file=/var/lib/rancher/k3s/server/tls/client-ca.crt --egress-selector-config-file=/var/lib/rancher/k3s/server/etc/egress-selector-config.yaml --enable-admission-plugins=NodeRestriction --enable-aggregator-routing=true --enable-bootstrap-token-auth=true --etcd-compaction-interval=0s --etcd-servers=unix://kine.sock --kubelet-certificate-authority=/var/lib/rancher/k3s/server/tls/server-ca.crt --kubelet-client-certificate=/var/lib/rancher/k3s/server/tls/client-kube-apiserver.crt --kubelet-client-key=/var/lib/rancher/k3s/server/tls/client-kube-apiserver.key --kubelet-preferred-address-types=InternalIP,ExternalIP,Hostname --profiling=false --proxy-client-cert-file=/var/lib/rancher/k3s/server/tls/client-auth-proxy.crt --proxy-client-key-file=/var/lib/rancher/k3s/server/tls/client-auth-proxy.key --requestheader-allowed-names=system:auth-proxy --requestheader-client-ca-file=/var/lib/rancher/k3s/server/tls/request-header-ca.crt --requestheader-extra-headers-prefix=X-Remote-Extra- --requestheader-group-headers=X-Remote-Group --requestheader-username-headers=X-Remote-User --secure-port=6444 --service-account-issuer=https://kubernetes.default.svc.cluster.local --service-account-key-file=/var/lib/rancher/k3s/server/tls/service.key --service-account-signing-key-file=/var/lib/rancher/k3s/server/tls/service.current.key --service-cluster-ip-range=10.43.0.0/16 --service-node-port-range=30000-32767 --storage-backend=etcd3 --tls-cert-file=/var/lib/rancher/k3s/server/tls/serving-kube-apiserver.crt --tls-cipher-suites=TLS_ECDHE_ECDSA_WITH_AES_256_GCM_SHA384,TLS_ECDHE_RSA_WITH_AES_256_GCM_SHA384,TLS_ECDHE_ECDSA_WITH_AES_128_GCM_SHA256,TLS_ECDHE_RSA_WITH_AES_128_GCM_SHA256,TLS_ECDHE_ECDSA_WITH_CHACHA20_POLY1305,TLS_ECDHE_RSA_WITH_CHACHA20_POLY1305 --tls-private-key-file=/var/lib/rancher/k3s/server/tls/serving-kube-apiserver.key
2025-01-29 13:37:25,995 INFO c.h.h.t.HelmChartContainer - [K3S] [INFO] Running kube-scheduler --authentication-kubeconfig=/var/lib/rancher/k3s/server/cred/scheduler.kubeconfig --authorization-kubeconfig=/var/lib/rancher/k3s/server/cred/scheduler.kubeconfig --bind-address=127.0.0.1 --kubeconfig=/var/lib/rancher/k3s/server/cred/scheduler.kubeconfig --leader-elect=false --profiling=false --secure-port=10259
2025-01-29 13:37:25,995 INFO c.h.h.t.HelmChartContainer - [K3S] [registry.go:256] calling componentGlobalsRegistry.AddFlags more than once, the registry will be set by the latest flags
2025-01-29 13:37:25,995 INFO c.h.h.t.HelmChartContainer - [K3S] [INFO] Waiting for API server to become available
2025-01-29 13:37:25,996 INFO c.h.h.t.HelmChartContainer - [K3S] [registry.go:256] calling componentGlobalsRegistry.AddFlags more than once, the registry will be set by the latest flags
2025-01-29 13:37:25,996 INFO c.h.h.t.HelmChartContainer - [K3S] [options.go:238] external host was not specified, using 172.18.0.2
2025-01-29 13:37:25,997 INFO c.h.h.t.HelmChartContainer - [K3S] [INFO] Running kube-controller-manager --allocate-node-cidrs=true --authentication-kubeconfig=/var/lib/rancher/k3s/server/cred/controller.kubeconfig --authorization-kubeconfig=/var/lib/rancher/k3s/server/cred/controller.kubeconfig --bind-address=127.0.0.1 --cluster-cidr=10.42.0.0/16 --cluster-signing-kube-apiserver-client-cert-file=/var/lib/rancher/k3s/server/tls/client-ca.nochain.crt --cluster-signing-kube-apiserver-client-key-file=/var/lib/rancher/k3s/server/tls/client-ca.key --cluster-signing-kubelet-client-cert-file=/var/lib/rancher/k3s/server/tls/client-ca.nochain.crt --cluster-signing-kubelet-client-key-file=/var/lib/rancher/k3s/server/tls/client-ca.key --cluster-signing-kubelet-serving-cert-file=/var/lib/rancher/k3s/server/tls/server-ca.nochain.crt --cluster-signing-kubelet-serving-key-file=/var/lib/rancher/k3s/server/tls/server-ca.key --cluster-signing-legacy-unknown-cert-file=/var/lib/rancher/k3s/server/tls/server-ca.nochain.crt --cluster-signing-legacy-unknown-key-file=/var/lib/rancher/k3s/server/tls/server-ca.key --configure-cloud-routes=false --controllers=*,tokencleaner,-service,-route,-cloud-node-lifecycle --kubeconfig=/var/lib/rancher/k3s/server/cred/controller.kubeconfig --leader-elect=false --profiling=false --root-ca-file=/var/lib/rancher/k3s/server/tls/server-ca.crt --secure-port=10257 --service-account-private-key-file=/var/lib/rancher/k3s/server/tls/service.current.key --service-cluster-ip-range=10.43.0.0/16 --use-service-account-credentials=true
2025-01-29 13:37:25,998 INFO c.h.h.t.HelmChartContainer - [K3S] [options.go:299] unable to set WatchListClient feature gate, err: cannot override default for feature "WatchListClient": gates already added to a flag set
2025-01-29 13:37:25,998 INFO c.h.h.t.HelmChartContainer - [K3S] [registry.go:256] calling componentGlobalsRegistry.AddFlags more than once, the registry will be set by the latest flags
2025-01-29 13:37:26,000 INFO c.h.h.t.HelmChartContainer - [K3S] [INFO] Running cloud-controller-manager --allocate-node-cidrs=true --authentication-kubeconfig=/var/lib/rancher/k3s/server/cred/cloud-controller.kubeconfig --authorization-kubeconfig=/var/lib/rancher/k3s/server/cred/cloud-controller.kubeconfig --bind-address=127.0.0.1 --cloud-config=/var/lib/rancher/k3s/server/etc/cloud-config.yaml --cloud-provider=k3s --cluster-cidr=10.42.0.0/16 --configure-cloud-routes=false --controllers=*,-route --kubeconfig=/var/lib/rancher/k3s/server/cred/cloud-controller.kubeconfig --leader-elect=false --leader-elect-resource-name=k3s-cloud-controller-manager --node-status-update-frequency=1m0s --profiling=false
2025-01-29 13:37:26,000 INFO c.h.h.t.HelmChartContainer - [K3S] [INFO] Server node token is available at /var/lib/rancher/k3s/server/token
2025-01-29 13:37:26,000 INFO c.h.h.t.HelmChartContainer - [K3S] [server.go:151] Version: v1.32.1+k3s1
2025-01-29 13:37:26,001 INFO c.h.h.t.HelmChartContainer - [K3S] [server.go:153] "Golang settings" GOGC="" GOMAXPROCS="" GOTRACEBACK=""
2025-01-29 13:37:26,001 INFO c.h.h.t.HelmChartContainer - [K3S] [INFO] To join server node to cluster: k3s server -s https://172.18.0.2:6443 -t ${SERVER_NODE_TOKEN}
2025-01-29 13:37:26,001 INFO c.h.h.t.HelmChartContainer - [K3S] [INFO] Agent node token is available at /var/lib/rancher/k3s/server/agent-token
2025-01-29 13:37:26,001 INFO c.h.h.t.HelmChartContainer - [K3S] [INFO] To join agent node to cluster: k3s agent -s https://172.18.0.2:6443 -t ${AGENT_NODE_TOKEN}
2025-01-29 13:37:26,001 INFO c.h.h.t.HelmChartContainer - [K3S] [INFO] Wrote kubeconfig /etc/rancher/k3s/k3s.yaml
2025-01-29 13:37:26,001 INFO c.h.h.t.HelmChartContainer - [K3S] [INFO] Run: k3s kubectl
2025-01-29 13:37:26,418 INFO c.h.h.t.HelmChartContainer - [K3S] [plugins.go:157] Loaded 13 mutating admission controller(s) successfully in the following order: NamespaceLifecycle,LimitRanger,ServiceAccount,NodeRestriction,TaintNodesByCondition,Priority,DefaultTolerationSeconds,DefaultStorageClass,StorageObjectInUseProtection,RuntimeClass,DefaultIngressClass,MutatingAdmissionPolicy,MutatingAdmissionWebhook.
2025-01-29 13:37:26,419 INFO c.h.h.t.HelmChartContainer - [K3S] [plugins.go:160] Loaded 13 validating admission controller(s) successfully in the following order: LimitRanger,ServiceAccount,PodSecurity,Priority,PersistentVolumeClaimResize,RuntimeClass,CertificateApproval,CertificateSigning,ClusterTrustBundleAttest,CertificateSubjectRestriction,ValidatingAdmissionPolicy,ValidatingAdmissionWebhook,ResourceQuota.
2025-01-29 13:37:26,420 INFO c.h.h.t.HelmChartContainer - [K3S] [instance.go:233] Using reconciler: lease
2025-01-29 13:37:26,498 INFO c.h.h.t.HelmChartContainer - [K3S] [apis.go:106] API group "internal.apiserver.k8s.io" is not enabled, skipping.
2025-01-29 13:37:26,550 INFO c.h.h.t.HelmChartContainer - [K3S] [apis.go:106] API group "storagemigration.k8s.io" is not enabled, skipping.
2025-01-29 13:37:26,578 INFO c.h.h.t.HelmChartContainer - [K3S] [apis.go:106] API group "resource.k8s.io" is not enabled, skipping.
2025-01-29 13:37:26,581 INFO c.h.h.t.HelmChartContainer - [K3S] [INFO] Password verified locally for node b5478828a543
2025-01-29 13:37:26,894 INFO c.h.h.t.HelmChartContainer - [K3S] [secure_serving.go:213] Serving securely on 127.0.0.1:6444
2025-01-29 13:37:26,895 INFO c.h.h.t.HelmChartContainer - [K3S] [dynamic_cafile_content.go:161] "Starting controller" name="request-header::/var/lib/rancher/k3s/server/tls/request-header-ca.crt"
2025-01-29 13:37:26,895 INFO c.h.h.t.HelmChartContainer - [K3S] [dynamic_serving_content.go:135] "Starting controller" name="serving-cert::/var/lib/rancher/k3s/server/tls/serving-kube-apiserver.crt::/var/lib/rancher/k3s/server/tls/serving-kube-apiserver.key"
2025-01-29 13:37:26,895 INFO c.h.h.t.HelmChartContainer - [K3S] [tlsconfig.go:243] "Starting DynamicServingCertificateController"
2025-01-29 13:37:26,895 INFO c.h.h.t.HelmChartContainer - [K3S] [apf_controller.go:377] Starting API Priority and Fairness config controller
2025-01-29 13:37:26,895 INFO c.h.h.t.HelmChartContainer - [K3S] [remote_available_controller.go:411] Starting RemoteAvailability controller
2025-01-29 13:37:26,895 INFO c.h.h.t.HelmChartContainer - [K3S] [controller.go:80] Starting OpenAPI V3 AggregationController
2025-01-29 13:37:26,896 INFO c.h.h.t.HelmChartContainer - [K3S] [cluster_authentication_trust_controller.go:462] Starting cluster_authentication_trust_controller controller
2025-01-29 13:37:26,896 INFO c.h.h.t.HelmChartContainer - [K3S] [local_available_controller.go:156] Starting LocalAvailability controller
2025-01-29 13:37:26,896 INFO c.h.h.t.HelmChartContainer - [K3S] [aggregator.go:169] waiting for initial CRD sync...
2025-01-29 13:37:26,896 INFO c.h.h.t.HelmChartContainer - [K3S] [controller.go:119] Starting legacy_token_tracking_controller
2025-01-29 13:37:26,898 INFO c.h.h.t.HelmChartContainer - [K3S] [dynamic_serving_content.go:135] "Starting controller" name="aggregator-proxy-cert::/var/lib/rancher/k3s/server/tls/client-auth-proxy.crt::/var/lib/rancher/k3s/server/tls/client-auth-proxy.key"
2025-01-29 13:37:26,899 INFO c.h.h.t.HelmChartContainer - [K3S] [controller.go:78] Starting OpenAPI AggregationController
2025-01-29 13:37:26,900 INFO c.h.h.t.HelmChartContainer - [K3S] [system_namespaces_controller.go:66] Starting system namespaces controller
2025-01-29 13:37:26,900 INFO c.h.h.t.HelmChartContainer - [K3S] [gc_controller.go:78] Starting apiserver lease garbage collector
2025-01-29 13:37:26,901 INFO c.h.h.t.HelmChartContainer - [K3S] [apiservice_controller.go:100] Starting APIServiceRegistrationController
2025-01-29 13:37:26,901 INFO c.h.h.t.HelmChartContainer - [K3S] [dynamic_cafile_content.go:161] "Starting controller" name="client-ca-bundle::/var/lib/rancher/k3s/server/tls/client-ca.crt"
2025-01-29 13:37:26,913 INFO c.h.h.t.HelmChartContainer - [K3S] [dynamic_cafile_content.go:161] "Starting controller" name="client-ca-bundle::/var/lib/rancher/k3s/server/tls/client-ca.crt"
2025-01-29 13:37:26,915 INFO c.h.h.t.HelmChartContainer - [K3S] [dynamic_cafile_content.go:161] "Starting controller" name="request-header::/var/lib/rancher/k3s/server/tls/request-header-ca.crt"
2025-01-29 13:37:26,915 INFO c.h.h.t.HelmChartContainer - [K3S] [crdregistration_controller.go:114] Starting crd-autoregister controller
2025-01-29 13:37:26,927 INFO c.h.h.t.HelmChartContainer - [K3S] [controller.go:142] Starting OpenAPI controller
2025-01-29 13:37:26,928 INFO c.h.h.t.HelmChartContainer - [K3S] [controller.go:90] Starting OpenAPI V3 controller
2025-01-29 13:37:26,928 INFO c.h.h.t.HelmChartContainer - [K3S] [naming_controller.go:294] Starting NamingConditionController
2025-01-29 13:37:26,928 INFO c.h.h.t.HelmChartContainer - [K3S] [establishing_controller.go:81] Starting EstablishingController
2025-01-29 13:37:26,928 INFO c.h.h.t.HelmChartContainer - [K3S] [nonstructuralschema_controller.go:195] Starting NonStructuralSchemaConditionController
2025-01-29 13:37:26,928 INFO c.h.h.t.HelmChartContainer - [K3S] [apiapproval_controller.go:189] Starting KubernetesAPIApprovalPolicyConformantConditionController
2025-01-29 13:37:26,928 INFO c.h.h.t.HelmChartContainer - [K3S] [crd_finalizer.go:269] Starting CRDFinalizer
2025-01-29 13:37:26,928 INFO c.h.h.t.HelmChartContainer - [K3S] [customresource_discovery_controller.go:292] Starting DiscoveryController
2025-01-29 13:37:26,991 INFO c.h.h.t.HelmChartContainer - [K3S] [controller.go:145] "Failed to ensure lease exists, will retry" err="namespaces \"kube-system\" not found" interval="200ms"
2025-01-29 13:37:26,995 INFO c.h.h.t.HelmChartContainer - [K3S] [apf_controller.go:382] Running API Priority and Fairness config worker
2025-01-29 13:37:26,995 INFO c.h.h.t.HelmChartContainer - [K3S] [apf_controller.go:385] Running API Priority and Fairness periodic rebalancing process
2025-01-29 13:37:27,002 INFO c.h.h.t.HelmChartContainer - [K3S] [handler_discovery.go:451] Starting ResourceDiscoveryManager
2025-01-29 13:37:27,012 INFO c.h.h.t.HelmChartContainer - [K3S] [policy_source.go:240] refreshing policies
2025-01-29 13:37:27,014 INFO c.h.h.t.HelmChartContainer - [K3S] [aggregator.go:171] initial CRD sync complete...
2025-01-29 13:37:27,015 INFO c.h.h.t.HelmChartContainer - [K3S] [autoregister_controller.go:144] Starting autoregister controller
2025-01-29 13:37:27,048 INFO c.h.h.t.HelmChartContainer - [K3S] [controller.go:95] Unable to perform initial Kubernetes service initialization: namespaces "default" not found
2025-01-29 13:37:27,049 INFO c.h.h.t.HelmChartContainer - [K3S] [controller.go:148] "Unhandled Error" err="while syncing ConfigMap \"kube-system/kube-apiserver-legacy-service-account-token-tracking\", err: namespaces \"kube-system\" not found" logger="UnhandledError"
2025-01-29 13:37:27,087 INFO c.h.h.t.HelmChartContainer - [K3S] [WARNING] Host resolv.conf includes loopback or multicast nameservers - kubelet will use autogenerated resolv.conf with nameserver 8.8.8.8
2025-01-29 13:37:27,094 INFO c.h.h.t.HelmChartContainer - [K3S] [INFO] Module overlay was already loaded
2025-01-29 13:37:27,094 INFO c.h.h.t.HelmChartContainer - [K3S] [INFO] Module nf_conntrack was already loaded
2025-01-29 13:37:27,094 INFO c.h.h.t.HelmChartContainer - [K3S] [INFO] Module br_netfilter was already loaded
2025-01-29 13:37:27,098 INFO c.h.h.t.HelmChartContainer - [K3S] [INFO] Set sysctl 'net/netfilter/nf_conntrack_max' to 131072
2025-01-29 13:37:27,098 INFO c.h.h.t.HelmChartContainer - [K3S] [INFO] Set sysctl 'net/netfilter/nf_conntrack_tcp_timeout_established' to 86400
2025-01-29 13:37:27,098 INFO c.h.h.t.HelmChartContainer - [K3S] [INFO] Set sysctl 'net/netfilter/nf_conntrack_tcp_timeout_close_wait' to 3600
2025-01-29 13:37:27,100 INFO c.h.h.t.HelmChartContainer - [K3S] [INFO] Logging containerd to /var/lib/rancher/k3s/agent/containerd/containerd.log
2025-01-29 13:37:27,101 INFO c.h.h.t.HelmChartContainer - [K3S] [INFO] Running containerd -c /var/lib/rancher/k3s/agent/etc/containerd/config.toml -a /run/k3s/containerd/containerd.sock --state /run/k3s/containerd --root /var/lib/rancher/k3s/agent/containerd
2025-01-29 13:37:27,905 INFO c.h.h.t.HelmChartContainer - [K3S] [storage_scheduling.go:95] created PriorityClass system-node-critical with value 2000001000
2025-01-29 13:37:27,908 INFO c.h.h.t.HelmChartContainer - [K3S] [storage_scheduling.go:95] created PriorityClass system-cluster-critical with value 2000000000
2025-01-29 13:37:27,908 INFO c.h.h.t.HelmChartContainer - [K3S] [storage_scheduling.go:111] all system priority classes are created successfully or already exist.
2025-01-29 13:37:28,104 INFO c.h.h.t.HelmChartContainer - [K3S] [INFO] containerd is now running
2025-01-29 13:37:28,107 INFO c.h.h.t.HelmChartContainer - [K3S] [INFO] Connecting to proxy" url="wss://127.0.0.1:6443/v1-k3s/connect
2025-01-29 13:37:28,108 INFO c.h.h.t.HelmChartContainer - [K3S] [INFO] Creating k3s-cert-monitor event broadcaster
2025-01-29 13:37:28,111 INFO c.h.h.t.HelmChartContainer - [K3S] [INFO] Running kubelet --cloud-provider=external --config-dir=/var/lib/rancher/k3s/agent/etc/kubelet.conf.d --containerd=/run/k3s/containerd/containerd.sock --hostname-override=b5478828a543 --kubeconfig=/var/lib/rancher/k3s/agent/kubelet.kubeconfig --node-ip=172.18.0.2 --node-labels=
2025-01-29 13:37:28,111 INFO c.h.h.t.HelmChartContainer - [K3S] [INFO] Handling backend connection request [b5478828a543]
2025-01-29 13:37:28,111 INFO c.h.h.t.HelmChartContainer - [K3S] [INFO] Remotedialer connected to proxy" url="wss://127.0.0.1:6443/v1-k3s/connect
2025-01-29 13:37:28,235 INFO c.h.h.t.HelmChartContainer - [K3S] [ERROR] Sending HTTP/1.1 503 response to 127.0.0.1:41386: runtime core not ready
2025-01-29 13:37:28,316 INFO c.h.h.t.HelmChartContainer - [K3S] [INFO] Running kube-proxy --cluster-cidr=10.42.0.0/16 --conntrack-max-per-core=0 --conntrack-tcp-timeout-close-wait=0s --conntrack-tcp-timeout-established=0s --healthz-bind-address=127.0.0.1 --hostname-override=b5478828a543 --kubeconfig=/var/lib/rancher/k3s/agent/kubeproxy.kubeconfig --proxy-mode=iptables
2025-01-29 13:37:28,352 INFO c.h.h.t.HelmChartContainer - [K3S] [server.go:687] "Failed to retrieve node info" err="nodes \"b5478828a543\" not found"
2025-01-29 13:37:28,354 INFO c.h.h.t.HelmChartContainer - [K3S] [alloc.go:330] "allocated clusterIPs" service="default/kubernetes" clusterIPs={"IPv4":"10.43.0.1"}
2025-01-29 13:37:28,358 INFO c.h.h.t.HelmChartContainer - [K3S] [lease.go:265] Resetting endpoints for master service "kubernetes" to [172.18.0.2]
2025-01-29 13:37:28,998 INFO c.h.h.t.HelmChartContainer - [K3S] [INFO] Waiting for untainted node
2025-01-29 13:37:28,999 INFO c.h.h.t.HelmChartContainer - [K3S] [INFO] Waiting for cloud-controller-manager privileges to become available
2025-01-29 13:37:28,999 INFO c.h.h.t.HelmChartContainer - [K3S] [INFO] Kube API server is now running
2025-01-29 13:37:28,999 INFO c.h.h.t.HelmChartContainer - [K3S] [INFO] ETCD server is now running
2025-01-29 13:37:28,999 INFO c.h.h.t.HelmChartContainer - [K3S] [INFO] k3s is up and running
2025-01-29 13:37:28,999 INFO c.h.h.t.HelmChartContainer - [K3S] [INFO] Creating k3s-supervisor event broadcaster
2025-01-29 13:37:29,005 INFO c.h.h.t.HelmChartContainer - [K3S] [INFO] Applying CRD addons.k3s.cattle.io
2025-01-29 13:37:29,017 INFO c.h.h.t.HelmChartContainer - [K3S] [INFO] Applying CRD etcdsnapshotfiles.k3s.cattle.io
2025-01-29 13:37:29,024 INFO c.h.h.t.HelmChartContainer - [K3S] [INFO] Applying CRD helmcharts.helm.cattle.io
2025-01-29 13:37:29,033 INFO c.h.h.t.HelmChartContainer - [K3S] [INFO] Applying CRD helmchartconfigs.helm.cattle.io
2025-01-29 13:37:29,048 INFO c.h.h.t.HelmChartContainer - [K3S] [INFO] Waiting for CRD helmcharts.helm.cattle.io to become available
2025-01-29 13:37:29,115 INFO c.h.h.t.HelmChartContainer - [K3S] Flag --containerd has been deprecated, This is a cadvisor flag that was mistakenly registered with the Kubelet. Due to legacy concerns, it will follow the standard CLI deprecation timeline before being removed.
2025-01-29 13:37:29,118 INFO c.h.h.t.HelmChartContainer - [K3S] [server.go:515] "Kubelet version" kubeletVersion="v1.32.1+k3s1"
2025-01-29 13:37:29,119 INFO c.h.h.t.HelmChartContainer - [K3S] [server.go:517] "Golang settings" GOGC="" GOMAXPROCS="" GOTRACEBACK=""
2025-01-29 13:37:29,120 INFO c.h.h.t.HelmChartContainer - [K3S] [dynamic_cafile_content.go:161] "Starting controller" name="client-ca-bundle::/var/lib/rancher/k3s/agent/client-ca.crt"
2025-01-29 13:37:29,122 INFO c.h.h.t.HelmChartContainer - [K3S] [log.go:32] "RuntimeConfig from runtime service failed" err="rpc error: code = Unimplemented desc = method RuntimeConfig not implemented"
2025-01-29 13:37:29,122 INFO c.h.h.t.HelmChartContainer - [K3S] [server.go:1416] "CRI implementation should be updated to support RuntimeConfig when KubeletCgroupDriverFromCRI feature gate has been enabled. Falling back to using cgroupDriver from kubelet config."
2025-01-29 13:37:29,125 INFO c.h.h.t.HelmChartContainer - [K3S] [info.go:53] Couldn't collect info from any of the files in "/etc/machine-id,/var/lib/dbus/machine-id"
2025-01-29 13:37:29,126 INFO c.h.h.t.HelmChartContainer - [K3S] [server.go:767] "--cgroups-per-qos enabled, but --cgroup-root was not specified.  defaulting to /"
2025-01-29 13:37:29,126 INFO c.h.h.t.HelmChartContainer - [K3S] [server.go:836] "NoSwap is set due to memorySwapBehavior not specified" memorySwapBehavior="" FailSwapOn=false
2025-01-29 13:37:29,126 INFO c.h.h.t.HelmChartContainer - [K3S] [swap_util.go:115] "Swap is on" /proc/swaps contents=<
2025-01-29 13:37:29,127 INFO c.h.h.t.HelmChartContainer - [K3S] 	Filename				Type		Size		Used		Priority
2025-01-29 13:37:29,127 INFO c.h.h.t.HelmChartContainer - [K3S] 	/mnt/swapfile                           file		4194300		0		-2
2025-01-29 13:37:29,127 INFO c.h.h.t.HelmChartContainer - [K3S]  >
2025-01-29 13:37:29,127 INFO c.h.h.t.HelmChartContainer - [K3S] [container_manager_linux.go:268] "Container manager verified user specified cgroup-root exists" cgroupRoot=[]
2025-01-29 13:37:29,128 INFO c.h.h.t.HelmChartContainer - [K3S] [container_manager_linux.go:273] "Creating Container Manager object based on Node Config" nodeConfig={"NodeName":"b5478828a543","RuntimeCgroupsName":"","SystemCgroupsName":"","KubeletCgroupsName":"/k3s","KubeletOOMScoreAdj":-999,"ContainerRuntime":"","CgroupsPerQOS":true,"CgroupRoot":"/","CgroupDriver":"cgroupfs","KubeletRootDir":"/var/lib/kubelet","ProtectKernelDefaults":false,"KubeReservedCgroupName":"","SystemReservedCgroupName":"","ReservedSystemCPUs":{},"EnforceNodeAllocatable":{"pods":{}},"KubeReserved":null,"SystemReserved":null,"HardEvictionThresholds":[{"Signal":"imagefs.available","Operator":"LessThan","Value":{"Quantity":null,"Percentage":0.05},"GracePeriod":0,"MinReclaim":null},{"Signal":"nodefs.available","Operator":"LessThan","Value":{"Quantity":null,"Percentage":0.05},"GracePeriod":0,"MinReclaim":null}],"QOSReserved":{},"CPUManagerPolicy":"none","CPUManagerPolicyOptions":null,"TopologyManagerScope":"container","CPUManagerReconcilePeriod":10000000000,"ExperimentalMemoryManagerPolicy":"None","ExperimentalMemoryManagerReservedMemory":null,"PodPidsLimit":-1,"EnforceCPULimits":true,"CPUCFSQuotaPeriod":100000000,"TopologyManagerPolicy":"none","TopologyManagerPolicyOptions":null,"CgroupVersion":2}
2025-01-29 13:37:29,128 INFO c.h.h.t.HelmChartContainer - [K3S] [topology_manager.go:138] "Creating topology manager with none policy"
2025-01-29 13:37:29,128 INFO c.h.h.t.HelmChartContainer - [K3S] [container_manager_linux.go:304] "Creating device plugin manager"
2025-01-29 13:37:29,128 INFO c.h.h.t.HelmChartContainer - [K3S] [state_mem.go:36] "Initialized new in-memory state store"
2025-01-29 13:37:29,129 INFO c.h.h.t.HelmChartContainer - [K3S] [kubelet.go:446] "Attempting to sync node with API server"
2025-01-29 13:37:29,129 INFO c.h.h.t.HelmChartContainer - [K3S] [kubelet.go:341] "Adding static pod path" path="/var/lib/rancher/k3s/agent/pod-manifests"
2025-01-29 13:37:29,129 INFO c.h.h.t.HelmChartContainer - [K3S] [kubelet.go:352] "Adding apiserver pod source"
2025-01-29 13:37:29,129 INFO c.h.h.t.HelmChartContainer - [K3S] [apiserver.go:42] "Waiting for node sync before watching apiserver pods"
2025-01-29 13:37:29,129 INFO c.h.h.t.HelmChartContainer - [K3S] [kuberuntime_manager.go:269] "Container runtime initialized" containerRuntime="containerd" version="v1.7.23-k3s2" apiVersion="v1"
2025-01-29 13:37:29,129 INFO c.h.h.t.HelmChartContainer - [K3S] [kubelet.go:890] "Not starting ClusterTrustBundle informer because we are in static kubelet mode"
2025-01-29 13:37:29,129 INFO c.h.h.t.HelmChartContainer - [K3S] [probe.go:272] Flexvolume plugin directory at /usr/libexec/kubernetes/kubelet-plugins/volume/exec/ does not exist. Recreating.
2025-01-29 13:37:29,130 INFO c.h.h.t.HelmChartContainer - [K3S] [watchdog_linux.go:99] "Systemd watchdog is not enabled"
2025-01-29 13:37:29,130 INFO c.h.h.t.HelmChartContainer - [K3S] [server.go:1282] "Started kubelet"
2025-01-29 13:37:29,134 INFO c.h.h.t.HelmChartContainer - [K3S] [fs_resource_analyzer.go:67] "Starting FS ResourceAnalyzer"
2025-01-29 13:37:29,134 INFO c.h.h.t.HelmChartContainer - [K3S] [volume_manager.go:297] "Starting Kubelet Volume Manager"
2025-01-29 13:37:29,134 INFO c.h.h.t.HelmChartContainer - [K3S] [kubelet_node_status.go:467] "Error getting the current node from lister" err="node \"b5478828a543\" not found"
2025-01-29 13:37:29,137 INFO c.h.h.t.HelmChartContainer - [K3S] [server.go:169] "Starting to listen" address="0.0.0.0" port=10250
2025-01-29 13:37:29,138 INFO c.h.h.t.HelmChartContainer - [K3S] [server.go:490] "Adding debug handlers to kubelet server"
2025-01-29 13:37:29,139 INFO c.h.h.t.HelmChartContainer - [K3S] [desired_state_of_world_populator.go:149] "Desired state populator starts to run"
2025-01-29 13:37:29,141 INFO c.h.h.t.HelmChartContainer - [K3S] [reconciler.go:26] "Reconciler: start to sync state"
2025-01-29 13:37:29,141 INFO c.h.h.t.HelmChartContainer - [K3S] [server.go:208] "Starting to listen read-only" address="0.0.0.0" port=10255
2025-01-29 13:37:29,142 INFO c.h.h.t.HelmChartContainer - [K3S] [ratelimit.go:55] "Setting rate limiting for endpoint" service="podresources" qps=100 burstTokens=10
2025-01-29 13:37:29,143 INFO c.h.h.t.HelmChartContainer - [K3S] [server.go:243] "Starting to serve the podresources API" endpoint="unix:/var/lib/kubelet/pod-resources/kubelet.sock"
2025-01-29 13:37:29,143 INFO c.h.h.t.HelmChartContainer - [K3S] [dynamic_serving_content.go:135] "Starting controller" name="kubelet-server-cert-files::/var/lib/rancher/k3s/agent/serving-kubelet.crt::/var/lib/rancher/k3s/agent/serving-kubelet.key"
2025-01-29 13:37:29,144 INFO c.h.h.t.HelmChartContainer - [K3S] [factory.go:221] Registration of the containerd container factory successfully
2025-01-29 13:37:29,144 INFO c.h.h.t.HelmChartContainer - [K3S] [factory.go:221] Registration of the systemd container factory successfully
2025-01-29 13:37:29,144 INFO c.h.h.t.HelmChartContainer - [K3S] [factory.go:219] Registration of the crio container factory failed: Get "http://%2Fvar%2Frun%2Fcrio%2Fcrio.sock/info": dial unix /var/run/crio/crio.sock: connect: no such file or directory
2025-01-29 13:37:29,148 INFO c.h.h.t.HelmChartContainer - [K3S] [kubelet.go:1561] "Image garbage collection failed once. Stats initialization may not have completed yet" err="invalid capacity 0 on image filesystem"
2025-01-29 13:37:29,155 INFO c.h.h.t.HelmChartContainer - [K3S] [nodelease.go:49] "Failed to get node when trying to set owner ref to the node lease" err="nodes \"b5478828a543\" not found" node="b5478828a543"
2025-01-29 13:37:29,166 INFO c.h.h.t.HelmChartContainer - [K3S] [cpu_manager.go:221] "Starting CPU manager" policy="none"
2025-01-29 13:37:29,166 INFO c.h.h.t.HelmChartContainer - [K3S] [cpu_manager.go:222] "Reconciling" reconcilePeriod="10s"
2025-01-29 13:37:29,166 INFO c.h.h.t.HelmChartContainer - [K3S] [state_mem.go:36] "Initialized new in-memory state store"
2025-01-29 13:37:29,171 INFO c.h.h.t.HelmChartContainer - [K3S] [policy_none.go:49] "None policy: Start"
2025-01-29 13:37:29,172 INFO c.h.h.t.HelmChartContainer - [K3S] [memory_manager.go:186] "Starting memorymanager" policy="None"
2025-01-29 13:37:29,172 INFO c.h.h.t.HelmChartContainer - [K3S] [state_mem.go:35] "Initializing new in-memory state store"
2025-01-29 13:37:29,174 INFO c.h.h.t.HelmChartContainer - [K3S] [manager.go:519] "Failed to read data from checkpoint" checkpoint="kubelet_internal_checkpoint" err="checkpoint is not found"
2025-01-29 13:37:29,175 INFO c.h.h.t.HelmChartContainer - [K3S] [eviction_manager.go:189] "Eviction manager: starting control loop"
2025-01-29 13:37:29,175 INFO c.h.h.t.HelmChartContainer - [K3S] [container_log_manager.go:189] "Initializing container log rotate workers" workers=1 monitorPeriod="10s"
2025-01-29 13:37:29,175 INFO c.h.h.t.HelmChartContainer - [K3S] [plugin_manager.go:118] "Starting Kubelet Plugin Manager"
2025-01-29 13:37:29,177 INFO c.h.h.t.HelmChartContainer - [K3S] [eviction_manager.go:267] "eviction manager: failed to check if we have separate container filesystem. Ignoring." err="no imagefs label for configured runtime"
2025-01-29 13:37:29,178 INFO c.h.h.t.HelmChartContainer - [K3S] [eviction_manager.go:292] "Eviction manager: failed to get summary stats" err="failed to get node info: node \"b5478828a543\" not found"
2025-01-29 13:37:29,181 INFO c.h.h.t.HelmChartContainer - [K3S] [kubelet_network_linux.go:50] "Initialized iptables rules." protocol="IPv4"
2025-01-29 13:37:29,182 INFO c.h.h.t.HelmChartContainer - [K3S] [kubelet_network_linux.go:50] "Initialized iptables rules." protocol="IPv6"
2025-01-29 13:37:29,182 INFO c.h.h.t.HelmChartContainer - [K3S] [status_manager.go:227] "Starting to sync pod status with apiserver"
2025-01-29 13:37:29,183 INFO c.h.h.t.HelmChartContainer - [K3S] [watchdog_linux.go:127] "Systemd watchdog is not enabled or the interval is invalid, so health checking will not be started."
2025-01-29 13:37:29,183 INFO c.h.h.t.HelmChartContainer - [K3S] [kubelet.go:2388] "Starting kubelet main sync loop"
2025-01-29 13:37:29,183 INFO c.h.h.t.HelmChartContainer - [K3S] [kubelet.go:2412] "Skipping pod synchronization" err="PLEG is not healthy: pleg has yet to be successful"
2025-01-29 13:37:29,276 INFO c.h.h.t.HelmChartContainer - [K3S] [kubelet_node_status.go:76] "Attempting to register node" node="b5478828a543"
2025-01-29 13:37:29,281 INFO c.h.h.t.HelmChartContainer - [K3S] [kubelet_node_status.go:79] "Successfully registered node" node="b5478828a543"
2025-01-29 13:37:29,281 INFO c.h.h.t.HelmChartContainer - [K3S] [kubelet_node_status.go:549] "Error updating node status, will retry" err="error getting node \"b5478828a543\": node \"b5478828a543\" not found"
2025-01-29 13:37:29,286 INFO c.h.h.t.HelmChartContainer - [K3S] [INFO] Annotations and labels have been set successfully on node: b5478828a543
2025-01-29 13:37:29,286 INFO c.h.h.t.HelmChartContainer - [K3S] [INFO] Starting flannel with backend vxlan
2025-01-29 13:37:29,383 INFO c.h.h.t.HelmChartContainer - [K3S] [serving.go:392] Generated self-signed cert in-memory
2025-01-29 13:37:29,490 INFO c.h.h.t.HelmChartContainer - [K3S] [kubelet_node_status.go:502] "Fast updating node status as it just became ready"
2025-01-29 13:37:29,538 INFO c.h.h.t.HelmChartContainer - [K3S] [controllermanager.go:185] "Starting" version="v1.32.1+k3s1"
2025-01-29 13:37:29,538 INFO c.h.h.t.HelmChartContainer - [K3S] [controllermanager.go:187] "Golang settings" GOGC="" GOMAXPROCS="" GOTRACEBACK=""
2025-01-29 13:37:29,540 INFO c.h.h.t.HelmChartContainer - [K3S] [requestheader_controller.go:180] Starting RequestHeaderAuthRequestController
2025-01-29 13:37:29,541 INFO c.h.h.t.HelmChartContainer - [K3S] [configmap_cafile_content.go:205] "Starting controller" name="client-ca::kube-system::extension-apiserver-authentication::client-ca-file"
2025-01-29 13:37:29,541 INFO c.h.h.t.HelmChartContainer - [K3S] [configmap_cafile_content.go:205] "Starting controller" name="client-ca::kube-system::extension-apiserver-authentication::requestheader-client-ca-file"
2025-01-29 13:37:29,542 INFO c.h.h.t.HelmChartContainer - [K3S] [secure_serving.go:213] Serving securely on 127.0.0.1:10257
2025-01-29 13:37:29,542 INFO c.h.h.t.HelmChartContainer - [K3S] [tlsconfig.go:243] "Starting DynamicServingCertificateController"
2025-01-29 13:37:29,547 INFO c.h.h.t.HelmChartContainer - [K3S] [controllermanager.go:765] "Started controller" controller="serviceaccount-token-controller"
2025-01-29 13:37:29,547 INFO c.h.h.t.HelmChartContainer - [K3S] [server.go:698] "Successfully retrieved node IP(s)" IPs=["172.18.0.2"]
2025-01-29 13:37:29,547 INFO c.h.h.t.HelmChartContainer - [K3S] [server.go:234] "Kube-proxy configuration may be incomplete or incorrect" err="nodePortAddresses is unset; NodePort connections will be accepted on all local IPs. Consider using `--nodeport-addresses primary`"
2025-01-29 13:37:29,551 INFO c.h.h.t.HelmChartContainer - [K3S] [server.go:243] "kube-proxy running in dual-stack mode" primary ipFamily="IPv4"
2025-01-29 13:37:29,551 INFO c.h.h.t.HelmChartContainer - [K3S] [server_linux.go:170] "Using iptables Proxier"
2025-01-29 13:37:29,553 INFO c.h.h.t.HelmChartContainer - [K3S] [proxier.go:255] "Setting route_localnet=1 to allow node-ports on localhost; to change this either disable iptables.localhostNodePorts (--iptables-localhost-nodeports) or set nodePortAddresses (--nodeport-addresses) to filter loopback addresses"
2025-01-29 13:37:29,554 INFO c.h.h.t.HelmChartContainer - [K3S] [controllermanager.go:765] "Started controller" controller="deployment-controller"
2025-01-29 13:37:29,555 INFO c.h.h.t.HelmChartContainer - [K3S] [controllermanager.go:717] "Controller is disabled by a feature gate" controller="volumeattributesclass-protection-controller" requiredFeatureGates=["VolumeAttributesClass"]
2025-01-29 13:37:29,555 INFO c.h.h.t.HelmChartContainer - [K3S] [controllermanager.go:717] "Controller is disabled by a feature gate" controller="resourceclaim-controller" requiredFeatureGates=["DynamicResourceAllocation"]
2025-01-29 13:37:29,555 INFO c.h.h.t.HelmChartContainer - [K3S] [deployment_controller.go:173] "Starting controller" controller="deployment"
2025-01-29 13:37:29,556 INFO c.h.h.t.HelmChartContainer - [K3S] [INFO] Done waiting for CRD helmcharts.helm.cattle.io to become available
2025-01-29 13:37:29,556 INFO c.h.h.t.HelmChartContainer - [K3S] [INFO] Waiting for CRD helmchartconfigs.helm.cattle.io to become available
2025-01-29 13:37:29,559 INFO c.h.h.t.HelmChartContainer - [K3S] [server.go:497] "Version info" version="v1.32.1+k3s1"
2025-01-29 13:37:29,559 INFO c.h.h.t.HelmChartContainer - [K3S] [server.go:499] "Golang settings" GOGC="" GOMAXPROCS="" GOTRACEBACK=""
2025-01-29 13:37:29,560 INFO c.h.h.t.HelmChartContainer - [K3S] [config.go:199] "Starting service config controller"
2025-01-29 13:37:29,563 INFO c.h.h.t.HelmChartContainer - [K3S] [config.go:105] "Starting endpoint slice config controller"
2025-01-29 13:37:29,564 INFO c.h.h.t.HelmChartContainer - [K3S] [config.go:329] "Starting node config controller"
2025-01-29 13:37:29,564 INFO c.h.h.t.HelmChartContainer - [K3S] [controllermanager.go:765] "Started controller" controller="legacy-serviceaccount-token-cleaner-controller"
2025-01-29 13:37:29,567 INFO c.h.h.t.HelmChartContainer - [K3S] [legacy_serviceaccount_token_cleaner.go:103] "Starting legacy service account token cleaner controller"
2025-01-29 13:37:29,571 INFO c.h.h.t.HelmChartContainer - [K3S] [controllermanager.go:765] "Started controller" controller="taint-eviction-controller"
2025-01-29 13:37:29,571 INFO c.h.h.t.HelmChartContainer - [K3S] [taint_eviction.go:281] "Starting" controller="taint-eviction-controller"
2025-01-29 13:37:29,571 INFO c.h.h.t.HelmChartContainer - [K3S] [taint_eviction.go:287] "Sending events to api server"
2025-01-29 13:37:29,576 INFO c.h.h.t.HelmChartContainer - [K3S] [controllermanager.go:765] "Started controller" controller="endpoints-controller"
2025-01-29 13:37:29,577 INFO c.h.h.t.HelmChartContainer - [K3S] [endpoints_controller.go:182] "Starting endpoint controller"
2025-01-29 13:37:29,582 INFO c.h.h.t.HelmChartContainer - [K3S] [controllermanager.go:765] "Started controller" controller="replicaset-controller"
2025-01-29 13:37:29,582 INFO c.h.h.t.HelmChartContainer - [K3S] [controllermanager.go:728] "Warning: controller is disabled" controller="bootstrap-signer-controller"
2025-01-29 13:37:29,582 INFO c.h.h.t.HelmChartContainer - [K3S] [controllermanager.go:723] "Skipping a cloud provider controller" controller="node-route-controller"
2025-01-29 13:37:29,582 INFO c.h.h.t.HelmChartContainer - [K3S] [replica_set.go:217] "Starting controller" name="replicaset"
2025-01-29 13:37:29,587 INFO c.h.h.t.HelmChartContainer - [K3S] [controllermanager.go:765] "Started controller" controller="persistentvolume-protection-controller"
2025-01-29 13:37:29,587 INFO c.h.h.t.HelmChartContainer - [K3S] [pv_protection_controller.go:81] "Starting PV protection controller"
2025-01-29 13:37:29,595 INFO c.h.h.t.HelmChartContainer - [K3S] [graph_builder.go:351] "Running" component="GraphBuilder"
2025-01-29 13:37:29,595 INFO c.h.h.t.HelmChartContainer - [K3S] [controllermanager.go:765] "Started controller" controller="garbage-collector-controller"
2025-01-29 13:37:29,601 INFO c.h.h.t.HelmChartContainer - [K3S] [controllermanager.go:765] "Started controller" controller="certificatesigningrequest-approving-controller"
2025-01-29 13:37:29,601 INFO c.h.h.t.HelmChartContainer - [K3S] [certificate_controller.go:120] "Starting certificate controller" name="csrapproving"
2025-01-29 13:37:29,608 INFO c.h.h.t.HelmChartContainer - [K3S] [controllermanager.go:765] "Started controller" controller="ttl-after-finished-controller"
2025-01-29 13:37:29,609 INFO c.h.h.t.HelmChartContainer - [K3S] [controllermanager.go:717] "Controller is disabled by a feature gate" controller="kube-apiserver-serving-clustertrustbundle-publisher-controller" requiredFeatureGates=["ClusterTrustBundle"]
2025-01-29 13:37:29,609 INFO c.h.h.t.HelmChartContainer - [K3S] [ttlafterfinished_controller.go:112] "Starting TTL after finished controller"
2025-01-29 13:37:29,750 INFO c.h.h.t.HelmChartContainer - [K3S] [controllermanager.go:765] "Started controller" controller="ephemeral-volume-controller"
2025-01-29 13:37:29,751 INFO c.h.h.t.HelmChartContainer - [K3S] [controllermanager.go:743] "Warning: skipping controller" controller="storage-version-migrator-controller"
2025-01-29 13:37:29,751 INFO c.h.h.t.HelmChartContainer - [K3S] [controller.go:173] "Starting ephemeral volume controller"
2025-01-29 13:37:29,899 INFO c.h.h.t.HelmChartContainer - [K3S] [controllermanager.go:765] "Started controller" controller="endpointslice-mirroring-controller"
2025-01-29 13:37:29,899 INFO c.h.h.t.HelmChartContainer - [K3S] [endpointslicemirroring_controller.go:227] "Starting EndpointSliceMirroring controller"
2025-01-29 13:37:30,074 INFO c.h.h.t.HelmChartContainer - [K3S] [INFO] Done waiting for CRD helmchartconfigs.helm.cattle.io to become available
2025-01-29 13:37:30,076 INFO c.h.h.t.HelmChartContainer - [K3S] [INFO] Writing static file: /var/lib/rancher/k3s/server/static/charts/traefik-crd-27.0.201+up27.0.2.tgz
2025-01-29 13:37:30,082 INFO c.h.h.t.HelmChartContainer - [K3S] [INFO] Writing static file: /var/lib/rancher/k3s/server/static/charts/traefik-27.0.201+up27.0.2.tgz
2025-01-29 13:37:30,082 INFO c.h.h.t.HelmChartContainer - [K3S] [INFO] Writing manifest: /var/lib/rancher/k3s/server/manifests/ccm.yaml
2025-01-29 13:37:30,082 INFO c.h.h.t.HelmChartContainer - [K3S] [INFO] Writing manifest: /var/lib/rancher/k3s/server/manifests/metrics-server/metrics-apiservice.yaml
2025-01-29 13:37:30,082 INFO c.h.h.t.HelmChartContainer - [K3S] [INFO] Writing manifest: /var/lib/rancher/k3s/server/manifests/metrics-server/resource-reader.yaml
2025-01-29 13:37:30,083 INFO c.h.h.t.HelmChartContainer - [K3S] [INFO] Writing manifest: /var/lib/rancher/k3s/server/manifests/rolebindings.yaml
2025-01-29 13:37:30,083 INFO c.h.h.t.HelmChartContainer - [K3S] [INFO] Writing manifest: /var/lib/rancher/k3s/server/manifests/metrics-server/metrics-server-service.yaml
2025-01-29 13:37:30,083 INFO c.h.h.t.HelmChartContainer - [K3S] [INFO] Writing manifest: /var/lib/rancher/k3s/server/manifests/runtimes.yaml
2025-01-29 13:37:30,083 INFO c.h.h.t.HelmChartContainer - [K3S] [INFO] Writing manifest: /var/lib/rancher/k3s/server/manifests/coredns.yaml
2025-01-29 13:37:30,083 INFO c.h.h.t.HelmChartContainer - [K3S] [INFO] Writing manifest: /var/lib/rancher/k3s/server/manifests/local-storage.yaml
2025-01-29 13:37:30,083 INFO c.h.h.t.HelmChartContainer - [K3S] [INFO] Writing manifest: /var/lib/rancher/k3s/server/manifests/metrics-server/aggregated-metrics-reader.yaml
2025-01-29 13:37:30,083 INFO c.h.h.t.HelmChartContainer - [K3S] [INFO] Writing manifest: /var/lib/rancher/k3s/server/manifests/metrics-server/auth-delegator.yaml
2025-01-29 13:37:30,083 INFO c.h.h.t.HelmChartContainer - [K3S] [INFO] Writing manifest: /var/lib/rancher/k3s/server/manifests/metrics-server/auth-reader.yaml
2025-01-29 13:37:30,088 INFO c.h.h.t.HelmChartContainer - [K3S] [INFO] Writing manifest: /var/lib/rancher/k3s/server/manifests/metrics-server/metrics-server-deployment.yaml
2025-01-29 13:37:30,089 INFO c.h.h.t.HelmChartContainer - [K3S] [INFO] Starting dynamiclistener CN filter node controller with SANs: [localhost 127.0.0.1 ::1 localhost b5478828a543 172.18.0.2 10.43.0.1 kubernetes kubernetes.default kubernetes.default.svc kubernetes.default.svc.cluster.local]
2025-01-29 13:37:30,089 INFO c.h.h.t.HelmChartContainer - [K3S] [INFO] Tunnel server egress proxy mode: agent
2025-01-29 13:37:30,127 INFO c.h.h.t.HelmChartContainer - [K3S] [apiserver.go:52] "Watching apiserver"
2025-01-29 13:37:30,140 INFO c.h.h.t.HelmChartContainer - [K3S] [desired_state_of_world_populator.go:157] "Finished populating initial desired state of world"
2025-01-29 13:37:30,151 INFO c.h.h.t.HelmChartContainer - [K3S] [controllermanager.go:765] "Started controller" controller="namespace-controller"
2025-01-29 13:37:30,151 INFO c.h.h.t.HelmChartContainer - [K3S] [namespace_controller.go:202] "Starting namespace controller"
2025-01-29 13:37:30,192 INFO c.h.h.t.HelmChartContainer - [K3S] [INFO] Starting k3s.cattle.io/v1, Kind=Addon controller
2025-01-29 13:37:30,192 INFO c.h.h.t.HelmChartContainer - [K3S] [INFO] Creating deploy event broadcaster
2025-01-29 13:37:30,300 INFO c.h.h.t.HelmChartContainer - [K3S] [INFO] Starting /v1, Kind=Node controller
2025-01-29 13:37:30,300 INFO c.h.h.t.HelmChartContainer - [K3S] [INFO] Creating helm-controller event broadcaster
2025-01-29 13:37:30,318 INFO c.h.h.t.HelmChartContainer - [K3S] [INFO] Cluster dns configmap has been set successfully
2025-01-29 13:37:30,325 INFO c.h.h.t.HelmChartContainer - [K3S] [INFO] Labels and annotations have been set successfully on node: b5478828a543
2025-01-29 13:37:30,405 INFO c.h.h.t.HelmChartContainer - [K3S] [INFO] Starting helm.cattle.io/v1, Kind=HelmChart controller
2025-01-29 13:37:30,405 INFO c.h.h.t.HelmChartContainer - [K3S] [INFO] Starting helm.cattle.io/v1, Kind=HelmChartConfig controller
2025-01-29 13:37:30,407 INFO c.h.h.t.HelmChartContainer - [K3S] [INFO] Starting rbac.authorization.k8s.io/v1, Kind=ClusterRoleBinding controller
2025-01-29 13:37:30,410 INFO c.h.h.t.HelmChartContainer - [K3S] [INFO] Starting batch/v1, Kind=Job controller
2025-01-29 13:37:30,410 INFO c.h.h.t.HelmChartContainer - [K3S] [INFO] Starting /v1, Kind=ConfigMap controller
2025-01-29 13:37:30,411 INFO c.h.h.t.HelmChartContainer - [K3S] [INFO] Starting /v1, Kind=ServiceAccount controller
2025-01-29 13:37:30,411 INFO c.h.h.t.HelmChartContainer - [K3S] [INFO] Starting /v1, Kind=Secret controller
2025-01-29 13:37:30,449 INFO c.h.h.t.HelmChartContainer - [K3S] [controllermanager.go:765] "Started controller" controller="horizontal-pod-autoscaler-controller"
2025-01-29 13:37:30,449 INFO c.h.h.t.HelmChartContainer - [K3S] [horizontal.go:201] "Starting HPA controller"
2025-01-29 13:37:30,499 INFO c.h.h.t.HelmChartContainer - [K3S] [certificate_controller.go:120] "Starting certificate controller" name="csrsigning-kubelet-serving"
2025-01-29 13:37:30,499 INFO c.h.h.t.HelmChartContainer - [K3S] [dynamic_serving_content.go:135] "Starting controller" name="csr-controller::/var/lib/rancher/k3s/server/tls/server-ca.nochain.crt::/var/lib/rancher/k3s/server/tls/server-ca.key"
2025-01-29 13:37:30,499 INFO c.h.h.t.HelmChartContainer - [K3S] [certificate_controller.go:120] "Starting certificate controller" name="csrsigning-kubelet-client"
2025-01-29 13:37:30,500 INFO c.h.h.t.HelmChartContainer - [K3S] [dynamic_serving_content.go:135] "Starting controller" name="csr-controller::/var/lib/rancher/k3s/server/tls/client-ca.nochain.crt::/var/lib/rancher/k3s/server/tls/client-ca.key"
2025-01-29 13:37:30,500 INFO c.h.h.t.HelmChartContainer - [K3S] [certificate_controller.go:120] "Starting certificate controller" name="csrsigning-kube-apiserver-client"
2025-01-29 13:37:30,500 INFO c.h.h.t.HelmChartContainer - [K3S] [dynamic_serving_content.go:135] "Starting controller" name="csr-controller::/var/lib/rancher/k3s/server/tls/client-ca.nochain.crt::/var/lib/rancher/k3s/server/tls/client-ca.key"
2025-01-29 13:37:30,500 INFO c.h.h.t.HelmChartContainer - [K3S] [controllermanager.go:765] "Started controller" controller="certificatesigningrequest-signing-controller"
2025-01-29 13:37:30,500 INFO c.h.h.t.HelmChartContainer - [K3S] [controllermanager.go:723] "Skipping a cloud provider controller" controller="service-lb-controller"
2025-01-29 13:37:30,500 INFO c.h.h.t.HelmChartContainer - [K3S] [certificate_controller.go:120] "Starting certificate controller" name="csrsigning-legacy-unknown"
2025-01-29 13:37:30,500 INFO c.h.h.t.HelmChartContainer - [K3S] [dynamic_serving_content.go:135] "Starting controller" name="csr-controller::/var/lib/rancher/k3s/server/tls/server-ca.nochain.crt::/var/lib/rancher/k3s/server/tls/server-ca.key"
2025-01-29 13:37:30,650 INFO c.h.h.t.HelmChartContainer - [K3S] [controllermanager.go:765] "Started controller" controller="persistentvolume-binder-controller"
2025-01-29 13:37:30,650 INFO c.h.h.t.HelmChartContainer - [K3S] [pv_controller_base.go:308] "Starting persistent volume controller"
2025-01-29 13:37:30,799 INFO c.h.h.t.HelmChartContainer - [K3S] [controllermanager.go:765] "Started controller" controller="persistentvolume-expander-controller"
2025-01-29 13:37:30,799 INFO c.h.h.t.HelmChartContainer - [K3S] [expand_controller.go:329] "Starting expand controller"
2025-01-29 13:37:30,838 INFO c.h.h.t.HelmChartContainer - [K3S] [INFO] Updating TLS secret for kube-system/k3s-serving (count: 10): map[listener.cattle.io/cn-10.43.0.1:10.43.0.1 listener.cattle.io/cn-127.0.0.1:127.0.0.1 listener.cattle.io/cn-172.18.0.2:172.18.0.2 listener.cattle.io/cn-__1-f16284:::1 listener.cattle.io/cn-b5478828a543:b5478828a543 listener.cattle.io/cn-kubernetes:kubernetes listener.cattle.io/cn-kubernetes.default:kubernetes.default listener.cattle.io/cn-kubernetes.default.svc:kubernetes.default.svc listener.cattle.io/cn-kubernetes.default.svc.cluster.local:kubernetes.default.svc.cluster.local listener.cattle.io/cn-localhost:localhost listener.cattle.io/fingerprint:SHA1=D3B2D56C4F4DFBC13D66738554F7CB0C70ADC4E0]
2025-01-29 13:37:30,841 INFO c.h.h.t.HelmChartContainer - [K3S] [INFO] Active TLS secret kube-system/k3s-serving (ver=245) (count 10): map[listener.cattle.io/cn-10.43.0.1:10.43.0.1 listener.cattle.io/cn-127.0.0.1:127.0.0.1 listener.cattle.io/cn-172.18.0.2:172.18.0.2 listener.cattle.io/cn-__1-f16284:::1 listener.cattle.io/cn-b5478828a543:b5478828a543 listener.cattle.io/cn-kubernetes:kubernetes listener.cattle.io/cn-kubernetes.default:kubernetes.default listener.cattle.io/cn-kubernetes.default.svc:kubernetes.default.svc listener.cattle.io/cn-kubernetes.default.svc.cluster.local:kubernetes.default.svc.cluster.local listener.cattle.io/cn-localhost:localhost listener.cattle.io/fingerprint:SHA1=D3B2D56C4F4DFBC13D66738554F7CB0C70ADC4E0]
2025-01-29 13:37:30,935 INFO c.h.h.t.HelmChartContainer - [K3S] [INFO] Updating TLS secret for kube-system/k3s-serving (count: 10): map[listener.cattle.io/cn-10.43.0.1:10.43.0.1 listener.cattle.io/cn-127.0.0.1:127.0.0.1 listener.cattle.io/cn-172.18.0.2:172.18.0.2 listener.cattle.io/cn-__1-f16284:::1 listener.cattle.io/cn-b5478828a543:b5478828a543 listener.cattle.io/cn-kubernetes:kubernetes listener.cattle.io/cn-kubernetes.default:kubernetes.default listener.cattle.io/cn-kubernetes.default.svc:kubernetes.default.svc listener.cattle.io/cn-kubernetes.default.svc.cluster.local:kubernetes.default.svc.cluster.local listener.cattle.io/cn-localhost:localhost listener.cattle.io/fingerprint:SHA1=D3B2D56C4F4DFBC13D66738554F7CB0C70ADC4E0]
2025-01-29 13:37:30,949 INFO c.h.h.t.HelmChartContainer - [K3S] [controllermanager.go:765] "Started controller" controller="clusterrole-aggregation-controller"
2025-01-29 13:37:30,949 INFO c.h.h.t.HelmChartContainer - [K3S] [clusterroleaggregation_controller.go:194] "Starting ClusterRoleAggregator controller"
2025-01-29 13:37:31,101 INFO c.h.h.t.HelmChartContainer - [K3S] [controllermanager.go:765] "Started controller" controller="root-ca-certificate-publisher-controller"
2025-01-29 13:37:31,101 INFO c.h.h.t.HelmChartContainer - [K3S] [controllermanager.go:717] "Controller is disabled by a feature gate" controller="service-cidr-controller" requiredFeatureGates=["MultiCIDRServiceAllocator"]
2025-01-29 13:37:31,101 INFO c.h.h.t.HelmChartContainer - [K3S] [publisher.go:107] "Starting root CA cert publisher controller"
2025-01-29 13:37:31,249 INFO c.h.h.t.HelmChartContainer - [K3S] [controllermanager.go:765] "Started controller" controller="statefulset-controller"
2025-01-29 13:37:31,249 INFO c.h.h.t.HelmChartContainer - [K3S] [stateful_set.go:166] "Starting stateful set controller"
2025-01-29 13:37:31,399 INFO c.h.h.t.HelmChartContainer - [K3S] [controllermanager.go:765] "Started controller" controller="ttl-controller"
2025-01-29 13:37:31,399 INFO c.h.h.t.HelmChartContainer - [K3S] [ttl_controller.go:127] "Starting TTL controller"
2025-01-29 13:37:31,552 INFO c.h.h.t.HelmChartContainer - [K3S] [range_allocator.go:112] "No Secondary Service CIDR provided. Skipping filtering out secondary service addresses"
2025-01-29 13:37:31,552 INFO c.h.h.t.HelmChartContainer - [K3S] [controllermanager.go:765] "Started controller" controller="node-ipam-controller"
2025-01-29 13:37:31,552 INFO c.h.h.t.HelmChartContainer - [K3S] [node_ipam_controller.go:141] "Starting ipam controller"
2025-01-29 13:37:31,660 INFO c.h.h.t.HelmChartContainer - [K3S] [event.go:389] "Event occurred" object="b5478828a543" fieldPath="" kind="Node" apiVersion="" type="Normal" reason="NodePasswordValidationComplete" message="Deferred node password secret validation complete"
2025-01-29 13:37:31,700 INFO c.h.h.t.HelmChartContainer - [K3S] [controllermanager.go:765] "Started controller" controller="replicationcontroller-controller"
2025-01-29 13:37:31,700 INFO c.h.h.t.HelmChartContainer - [K3S] [replica_set.go:217] "Starting controller" name="replicationcontroller"
2025-01-29 13:37:32,004 INFO c.h.h.t.HelmChartContainer - [K3S] [controllermanager.go:765] "Started controller" controller="resourcequota-controller"
2025-01-29 13:37:32,004 INFO c.h.h.t.HelmChartContainer - [K3S] [resource_quota_controller.go:300] "Starting resource quota controller"
2025-01-29 13:37:32,149 INFO c.h.h.t.HelmChartContainer - [K3S] [controllermanager.go:765] "Started controller" controller="daemonset-controller"
2025-01-29 13:37:32,150 INFO c.h.h.t.HelmChartContainer - [K3S] [daemon_controller.go:294] "Starting daemon sets controller"
2025-01-29 13:37:32,198 INFO c.h.h.t.HelmChartContainer - [K3S] [event.go:389] "Event occurred" object="kube-system/ccm" fieldPath="" kind="Addon" apiVersion="k3s.cattle.io/v1" type="Normal" reason="ApplyingManifest" message="Applying manifest at \"/var/lib/rancher/k3s/server/manifests/ccm.yaml\""
2025-01-29 13:37:32,216 INFO c.h.h.t.HelmChartContainer - [K3S] [event.go:389] "Event occurred" object="kube-system/ccm" fieldPath="" kind="Addon" apiVersion="k3s.cattle.io/v1" type="Normal" reason="AppliedManifest" message="Applied manifest at \"/var/lib/rancher/k3s/server/manifests/ccm.yaml\""
2025-01-29 13:37:32,224 INFO c.h.h.t.HelmChartContainer - [K3S] [event.go:389] "Event occurred" object="kube-system/coredns" fieldPath="" kind="Addon" apiVersion="k3s.cattle.io/v1" type="Normal" reason="ApplyingManifest" message="Applying manifest at \"/var/lib/rancher/k3s/server/manifests/coredns.yaml\""
2025-01-29 13:37:32,299 INFO c.h.h.t.HelmChartContainer - [K3S] [controllermanager.go:765] "Started controller" controller="persistentvolume-attach-detach-controller"
2025-01-29 13:37:32,299 INFO c.h.h.t.HelmChartContainer - [K3S] [attach_detach_controller.go:338] "Starting attach detach controller"
2025-01-29 13:37:32,330 INFO c.h.h.t.HelmChartContainer - [K3S] [alloc.go:330] "allocated clusterIPs" service="kube-system/kube-dns" clusterIPs={"IPv4":"10.43.0.10"}
2025-01-29 13:37:32,330 INFO c.h.h.t.HelmChartContainer - [K3S] [event.go:389] "Event occurred" object="kube-system/coredns" fieldPath="" kind="Addon" apiVersion="k3s.cattle.io/v1" type="Normal" reason="AppliedManifest" message="Applied manifest at \"/var/lib/rancher/k3s/server/manifests/coredns.yaml\""
2025-01-29 13:37:32,339 INFO c.h.h.t.HelmChartContainer - [K3S] [event.go:389] "Event occurred" object="kube-system/local-storage" fieldPath="" kind="Addon" apiVersion="k3s.cattle.io/v1" type="Normal" reason="ApplyingManifest" message="Applying manifest at \"/var/lib/rancher/k3s/server/manifests/local-storage.yaml\""
2025-01-29 13:37:32,430 INFO c.h.h.t.HelmChartContainer - [K3S] [event.go:389] "Event occurred" object="kube-system/local-storage" fieldPath="" kind="Addon" apiVersion="k3s.cattle.io/v1" type="Normal" reason="AppliedManifest" message="Applied manifest at \"/var/lib/rancher/k3s/server/manifests/local-storage.yaml\""
2025-01-29 13:37:32,436 INFO c.h.h.t.HelmChartContainer - [K3S] [event.go:389] "Event occurred" object="kube-system/aggregated-metrics-reader" fieldPath="" kind="Addon" apiVersion="k3s.cattle.io/v1" type="Normal" reason="ApplyingManifest" message="Applying manifest at \"/var/lib/rancher/k3s/server/manifests/metrics-server/aggregated-metrics-reader.yaml\""
2025-01-29 13:37:32,449 INFO c.h.h.t.HelmChartContainer - [K3S] [controllermanager.go:765] "Started controller" controller="job-controller"
2025-01-29 13:37:32,449 INFO c.h.h.t.HelmChartContainer - [K3S] [job_controller.go:243] "Starting job controller"
2025-01-29 13:37:32,505 INFO c.h.h.t.HelmChartContainer - [K3S] [event.go:389] "Event occurred" object="kube-system/aggregated-metrics-reader" fieldPath="" kind="Addon" apiVersion="k3s.cattle.io/v1" type="Normal" reason="AppliedManifest" message="Applied manifest at \"/var/lib/rancher/k3s/server/manifests/metrics-server/aggregated-metrics-reader.yaml\""
2025-01-29 13:37:32,511 INFO c.h.h.t.HelmChartContainer - [K3S] [event.go:389] "Event occurred" object="kube-system/auth-delegator" fieldPath="" kind="Addon" apiVersion="k3s.cattle.io/v1" type="Normal" reason="ApplyingManifest" message="Applying manifest at \"/var/lib/rancher/k3s/server/manifests/metrics-server/auth-delegator.yaml\""
2025-01-29 13:37:32,516 INFO c.h.h.t.HelmChartContainer - [K3S] [event.go:389] "Event occurred" object="kube-system/auth-delegator" fieldPath="" kind="Addon" apiVersion="k3s.cattle.io/v1" type="Normal" reason="AppliedManifest" message="Applied manifest at \"/var/lib/rancher/k3s/server/manifests/metrics-server/auth-delegator.yaml\""
2025-01-29 13:37:32,521 INFO c.h.h.t.HelmChartContainer - [K3S] [event.go:389] "Event occurred" object="kube-system/auth-reader" fieldPath="" kind="Addon" apiVersion="k3s.cattle.io/v1" type="Normal" reason="ApplyingManifest" message="Applying manifest at \"/var/lib/rancher/k3s/server/manifests/metrics-server/auth-reader.yaml\""
2025-01-29 13:37:32,526 INFO c.h.h.t.HelmChartContainer - [K3S] [event.go:389] "Event occurred" object="kube-system/auth-reader" fieldPath="" kind="Addon" apiVersion="k3s.cattle.io/v1" type="Normal" reason="AppliedManifest" message="Applied manifest at \"/var/lib/rancher/k3s/server/manifests/metrics-server/auth-reader.yaml\""
2025-01-29 13:37:32,532 INFO c.h.h.t.HelmChartContainer - [K3S] [event.go:389] "Event occurred" object="kube-system/metrics-apiservice" fieldPath="" kind="Addon" apiVersion="k3s.cattle.io/v1" type="Normal" reason="ApplyingManifest" message="Applying manifest at \"/var/lib/rancher/k3s/server/manifests/metrics-server/metrics-apiservice.yaml\""
2025-01-29 13:37:32,538 INFO c.h.h.t.HelmChartContainer - [K3S] [event.go:389] "Event occurred" object="kube-system/metrics-apiservice" fieldPath="" kind="Addon" apiVersion="k3s.cattle.io/v1" type="Normal" reason="AppliedManifest" message="Applied manifest at \"/var/lib/rancher/k3s/server/manifests/metrics-server/metrics-apiservice.yaml\""
2025-01-29 13:37:32,551 INFO c.h.h.t.HelmChartContainer - [K3S] [handler_proxy.go:99] no RequestInfo found in the context
2025-01-29 13:37:32,551 INFO c.h.h.t.HelmChartContainer - [K3S] [controller.go:146] "Unhandled Error" err=<
2025-01-29 13:37:32,551 INFO c.h.h.t.HelmChartContainer - [K3S] 	, Header: map[Content-Type:[text/plain; charset=utf-8] X-Content-Type-Options:[nosniff]]
2025-01-29 13:37:32,551 INFO c.h.h.t.HelmChartContainer - [K3S]  >
2025-01-29 13:37:32,552 INFO c.h.h.t.HelmChartContainer - [K3S] [handler_proxy.go:143] error resolving kube-system/metrics-server: service "metrics-server" not found
2025-01-29 13:37:32,555 INFO c.h.h.t.HelmChartContainer - [K3S] [event.go:389] "Event occurred" object="kube-system/metrics-server-deployment" fieldPath="" kind="Addon" apiVersion="k3s.cattle.io/v1" type="Normal" reason="ApplyingManifest" message="Applying manifest at \"/var/lib/rancher/k3s/server/manifests/metrics-server/metrics-server-deployment.yaml\""
2025-01-29 13:37:32,587 INFO c.h.h.t.HelmChartContainer - [K3S] [event.go:389] "Event occurred" object="kube-system/metrics-server-deployment" fieldPath="" kind="Addon" apiVersion="k3s.cattle.io/v1" type="Normal" reason="AppliedManifest" message="Applied manifest at \"/var/lib/rancher/k3s/server/manifests/metrics-server/metrics-server-deployment.yaml\""
2025-01-29 13:37:32,596 INFO c.h.h.t.HelmChartContainer - [K3S] [event.go:389] "Event occurred" object="kube-system/metrics-server-service" fieldPath="" kind="Addon" apiVersion="k3s.cattle.io/v1" type="Normal" reason="ApplyingManifest" message="Applying manifest at \"/var/lib/rancher/k3s/server/manifests/metrics-server/metrics-server-service.yaml\""
2025-01-29 13:37:32,607 INFO c.h.h.t.HelmChartContainer - [K3S] [alloc.go:330] "allocated clusterIPs" service="kube-system/metrics-server" clusterIPs={"IPv4":"10.43.8.44"}
2025-01-29 13:37:32,610 INFO c.h.h.t.HelmChartContainer - [K3S] [event.go:389] "Event occurred" object="kube-system/metrics-server-service" fieldPath="" kind="Addon" apiVersion="k3s.cattle.io/v1" type="Normal" reason="AppliedManifest" message="Applied manifest at \"/var/lib/rancher/k3s/server/manifests/metrics-server/metrics-server-service.yaml\""
2025-01-29 13:37:32,612 INFO c.h.h.t.HelmChartContainer - [K3S] [handler_proxy.go:99] no RequestInfo found in the context
2025-01-29 13:37:32,612 INFO c.h.h.t.HelmChartContainer - [K3S] [controller.go:146] "Unhandled Error" err=<
2025-01-29 13:37:32,612 INFO c.h.h.t.HelmChartContainer - [K3S] 	, Header: map[Content-Type:[text/plain; charset=utf-8] X-Content-Type-Options:[nosniff]]
2025-01-29 13:37:32,612 INFO c.h.h.t.HelmChartContainer - [K3S]  >
2025-01-29 13:37:32,614 INFO c.h.h.t.HelmChartContainer - [K3S] [handler_proxy.go:143] error resolving kube-system/metrics-server: endpoints "metrics-server" not found
2025-01-29 13:37:32,618 INFO c.h.h.t.HelmChartContainer - [K3S] [event.go:389] "Event occurred" object="kube-system/resource-reader" fieldPath="" kind="Addon" apiVersion="k3s.cattle.io/v1" type="Normal" reason="ApplyingManifest" message="Applying manifest at \"/var/lib/rancher/k3s/server/manifests/metrics-server/resource-reader.yaml\""
2025-01-29 13:37:32,629 INFO c.h.h.t.HelmChartContainer - [K3S] [event.go:389] "Event occurred" object="kube-system/resource-reader" fieldPath="" kind="Addon" apiVersion="k3s.cattle.io/v1" type="Normal" reason="AppliedManifest" message="Applied manifest at \"/var/lib/rancher/k3s/server/manifests/metrics-server/resource-reader.yaml\""
2025-01-29 13:37:32,636 INFO c.h.h.t.HelmChartContainer - [K3S] [event.go:389] "Event occurred" object="kube-system/rolebindings" fieldPath="" kind="Addon" apiVersion="k3s.cattle.io/v1" type="Normal" reason="ApplyingManifest" message="Applying manifest at \"/var/lib/rancher/k3s/server/manifests/rolebindings.yaml\""
2025-01-29 13:37:32,649 INFO c.h.h.t.HelmChartContainer - [K3S] [controllermanager.go:765] "Started controller" controller="disruption-controller"
2025-01-29 13:37:32,649 INFO c.h.h.t.HelmChartContainer - [K3S] [disruption.go:452] "Sending events to api server."
2025-01-29 13:37:32,649 INFO c.h.h.t.HelmChartContainer - [K3S] [disruption.go:463] "Starting disruption controller"
2025-01-29 13:37:32,741 INFO c.h.h.t.HelmChartContainer - [K3S] [event.go:389] "Event occurred" object="kube-system/rolebindings" fieldPath="" kind="Addon" apiVersion="k3s.cattle.io/v1" type="Normal" reason="AppliedManifest" message="Applied manifest at \"/var/lib/rancher/k3s/server/manifests/rolebindings.yaml\""
2025-01-29 13:37:32,749 INFO c.h.h.t.HelmChartContainer - [K3S] [event.go:389] "Event occurred" object="kube-system/runtimes" fieldPath="" kind="Addon" apiVersion="k3s.cattle.io/v1" type="Normal" reason="ApplyingManifest" message="Applying manifest at \"/var/lib/rancher/k3s/server/manifests/runtimes.yaml\""
2025-01-29 13:37:32,773 INFO c.h.h.t.HelmChartContainer - [K3S] [event.go:389] "Event occurred" object="kube-system/runtimes" fieldPath="" kind="Addon" apiVersion="k3s.cattle.io/v1" type="Normal" reason="AppliedManifest" message="Applied manifest at \"/var/lib/rancher/k3s/server/manifests/runtimes.yaml\""
2025-01-29 13:37:32,798 INFO c.h.h.t.HelmChartContainer - [K3S] [controllermanager.go:765] "Started controller" controller="cronjob-controller"
2025-01-29 13:37:32,798 INFO c.h.h.t.HelmChartContainer - [K3S] [cronjob_controllerv2.go:145] "Starting cronjob controller v2"
2025-01-29 13:37:32,849 INFO c.h.h.t.HelmChartContainer - [K3S] [controllermanager.go:765] "Started controller" controller="certificatesigningrequest-cleaner-controller"
2025-01-29 13:37:32,849 INFO c.h.h.t.HelmChartContainer - [K3S] [cleaner.go:83] "Starting CSR cleaner controller"
2025-01-29 13:37:32,898 INFO c.h.h.t.HelmChartContainer - [K3S] [node_lifecycle_controller.go:432] "Controller will reconcile labels"
2025-01-29 13:37:32,899 INFO c.h.h.t.HelmChartContainer - [K3S] [controllermanager.go:765] "Started controller" controller="node-lifecycle-controller"
2025-01-29 13:37:32,899 INFO c.h.h.t.HelmChartContainer - [K3S] [node_lifecycle_controller.go:466] "Sending events to api server"
2025-01-29 13:37:32,899 INFO c.h.h.t.HelmChartContainer - [K3S] [node_lifecycle_controller.go:477] "Starting node controller"
2025-01-29 13:37:33,049 INFO c.h.h.t.HelmChartContainer - [K3S] [controllermanager.go:765] "Started controller" controller="persistentvolumeclaim-protection-controller"
2025-01-29 13:37:33,051 INFO c.h.h.t.HelmChartContainer - [K3S] [pvc_protection_controller.go:168] "Starting PVC protection controller"
2025-01-29 13:37:33,118 INFO c.h.h.t.HelmChartContainer - [K3S] [INFO] Tunnel authorizer set Kubelet Port 0.0.0.0:10250
2025-01-29 13:37:33,250 INFO c.h.h.t.HelmChartContainer - [K3S] [controllermanager.go:765] "Started controller" controller="validatingadmissionpolicy-status-controller"
2025-01-29 13:37:33,337 INFO c.h.h.t.HelmChartContainer - [K3S] [serving.go:392] Generated self-signed cert in-memory
2025-01-29 13:37:33,400 INFO c.h.h.t.HelmChartContainer - [K3S] [controllermanager.go:765] "Started controller" controller="endpointslice-controller"
2025-01-29 13:37:33,400 INFO c.h.h.t.HelmChartContainer - [K3S] [endpointslice_controller.go:281] "Starting endpoint slice controller"
2025-01-29 13:37:33,539 INFO c.h.h.t.HelmChartContainer - [K3S] [handler_proxy.go:99] no RequestInfo found in the context
2025-01-29 13:37:33,539 INFO c.h.h.t.HelmChartContainer - [K3S] [handler_proxy.go:99] no RequestInfo found in the context
2025-01-29 13:37:33,539 INFO c.h.h.t.HelmChartContainer - [K3S] [controller.go:102] "Unhandled Error" err=<
2025-01-29 13:37:33,539 INFO c.h.h.t.HelmChartContainer - [K3S] 	, Header: map[Content-Type:[text/plain; charset=utf-8] X-Content-Type-Options:[nosniff]]
2025-01-29 13:37:33,539 INFO c.h.h.t.HelmChartContainer - [K3S]  >
2025-01-29 13:37:33,556 INFO c.h.h.t.HelmChartContainer - [K3S] [controllermanager.go:765] "Started controller" controller="pod-garbage-collector-controller"
2025-01-29 13:37:33,556 INFO c.h.h.t.HelmChartContainer - [K3S] [gc_controller.go:99] "Starting GC controller"
2025-01-29 13:37:33,700 INFO c.h.h.t.HelmChartContainer - [K3S] [controllermanager.go:765] "Started controller" controller="serviceaccount-controller"
2025-01-29 13:37:33,700 INFO c.h.h.t.HelmChartContainer - [K3S] [serviceaccounts_controller.go:114] "Starting service account controller"
2025-01-29 13:37:33,849 INFO c.h.h.t.HelmChartContainer - [K3S] [controllermanager.go:765] "Started controller" controller="token-cleaner-controller"
2025-01-29 13:37:33,850 INFO c.h.h.t.HelmChartContainer - [K3S] [controllermanager.go:723] "Skipping a cloud provider controller" controller="cloud-node-lifecycle-controller"
2025-01-29 13:37:33,850 INFO c.h.h.t.HelmChartContainer - [K3S] [controllermanager.go:717] "Controller is disabled by a feature gate" controller="storageversion-garbage-collector-controller" requiredFeatureGates=["APIServerIdentity","StorageVersionAPI"]
2025-01-29 13:37:33,850 INFO c.h.h.t.HelmChartContainer - [K3S] [controllermanager.go:717] "Controller is disabled by a feature gate" controller="selinux-warning-controller" requiredFeatureGates=["SELinuxChangePolicy"]
2025-01-29 13:37:33,850 INFO c.h.h.t.HelmChartContainer - [K3S] [tokencleaner.go:117] "Starting token cleaner controller"
2025-01-29 13:37:33,882 INFO c.h.h.t.HelmChartContainer - [K3S] [actual_state_of_world.go:541] "Failed to update statusUpdateNeeded field in actual state of world" err="Failed to set statusUpdateNeeded to needed true, because nodeName=\"b5478828a543\" does not exist"
2025-01-29 13:37:33,901 INFO c.h.h.t.HelmChartContainer - [K3S] [serving.go:392] Generated self-signed cert in-memory
2025-01-29 13:37:33,952 INFO c.h.h.t.HelmChartContainer - [K3S] [range_allocator.go:177] "Sending events to api server"
2025-01-29 13:37:33,953 INFO c.h.h.t.HelmChartContainer - [K3S] [range_allocator.go:183] "Starting range CIDR allocator"
2025-01-29 13:37:33,962 INFO c.h.h.t.HelmChartContainer - [K3S] [range_allocator.go:428] "Set node PodCIDR" node="b5478828a543" podCIDRs=["10.42.0.0/24"]
2025-01-29 13:37:33,962 INFO c.h.h.t.HelmChartContainer - [K3S] [range_allocator.go:247] "Successfully synced" key="b5478828a543"
2025-01-29 13:37:33,962 INFO c.h.h.t.HelmChartContainer - [K3S] [INFO] Flannel found PodCIDR assigned for node b5478828a543
2025-01-29 13:37:33,962 INFO c.h.h.t.HelmChartContainer - [K3S] [range_allocator.go:247] "Successfully synced" key="b5478828a543"
2025-01-29 13:37:33,962 INFO c.h.h.t.HelmChartContainer - [K3S] [INFO] The interface eth0 with ipv4 address 172.18.0.2 will be used by flannel
2025-01-29 13:37:33,962 INFO c.h.h.t.HelmChartContainer - [K3S] [kube.go:139] Waiting 10m0s for node controller to sync
2025-01-29 13:37:33,962 INFO c.h.h.t.HelmChartContainer - [K3S] [kube.go:469] Starting kube subnet manager
2025-01-29 13:37:33,964 INFO c.h.h.t.HelmChartContainer - [K3S] [INFO] Updated coredns NodeHosts entry for b5478828a543
2025-01-29 13:37:33,969 INFO c.h.h.t.HelmChartContainer - [K3S] [INFO] Network policy controller waiting for removal of node.cloudprovider.kubernetes.io/uninitialized taint
2025-01-29 13:37:34,089 INFO c.h.h.t.HelmChartContainer - [K3S] [controllermanager.go:160] Version: v1.32.1+k3s1
2025-01-29 13:37:34,092 INFO c.h.h.t.HelmChartContainer - [K3S] [requestheader_controller.go:180] Starting RequestHeaderAuthRequestController
2025-01-29 13:37:34,092 INFO c.h.h.t.HelmChartContainer - [K3S] [configmap_cafile_content.go:205] "Starting controller" name="client-ca::kube-system::extension-apiserver-authentication::client-ca-file"
2025-01-29 13:37:34,093 INFO c.h.h.t.HelmChartContainer - [K3S] [configmap_cafile_content.go:205] "Starting controller" name="client-ca::kube-system::extension-apiserver-authentication::requestheader-client-ca-file"
2025-01-29 13:37:34,093 INFO c.h.h.t.HelmChartContainer - [K3S] [secure_serving.go:213] Serving securely on 127.0.0.1:10258
2025-01-29 13:37:34,093 INFO c.h.h.t.HelmChartContainer - [K3S] [tlsconfig.go:243] "Starting DynamicServingCertificateController"
2025-01-29 13:37:34,096 INFO c.h.h.t.HelmChartContainer - [K3S] [INFO] Creating service-lb-controller event broadcaster
2025-01-29 13:37:34,099 INFO c.h.h.t.HelmChartContainer - [K3S] [node_lifecycle_controller.go:1234] "Initializing eviction metric for zone" zone=""
2025-01-29 13:37:34,099 INFO c.h.h.t.HelmChartContainer - [K3S] [node_lifecycle_controller.go:886] "Missing timestamp for Node. Assuming now as a timestamp" node="b5478828a543"
2025-01-29 13:37:34,099 INFO c.h.h.t.HelmChartContainer - [K3S] [node_lifecycle_controller.go:1080] "Controller detected that zone is now in new state" zone="" newState="Normal"
2025-01-29 13:37:34,108 INFO c.h.h.t.HelmChartContainer - [K3S] [range_allocator.go:247] "Successfully synced" key="b5478828a543"
2025-01-29 13:37:34,117 INFO c.h.h.t.HelmChartContainer - [K3S] [INFO] Started tunnel to 172.18.0.2:6443
2025-01-29 13:37:34,117 INFO c.h.h.t.HelmChartContainer - [K3S] [INFO] Stopped tunnel to 127.0.0.1:6443
2025-01-29 13:37:34,117 INFO c.h.h.t.HelmChartContainer - [K3S] [INFO] Connecting to proxy" url="wss://172.18.0.2:6443/v1-k3s/connect
2025-01-29 13:37:34,117 INFO c.h.h.t.HelmChartContainer - [K3S] [INFO] Proxy done" err="context canceled" url="wss://127.0.0.1:6443/v1-k3s/connect
2025-01-29 13:37:34,118 INFO c.h.h.t.HelmChartContainer - [K3S] [INFO] error in remotedialer server [400]: websocket: close 1006 (abnormal closure): unexpected EOF
2025-01-29 13:37:34,122 INFO c.h.h.t.HelmChartContainer - [K3S] [INFO] Handling backend connection request [b5478828a543]
2025-01-29 13:37:34,122 INFO c.h.h.t.HelmChartContainer - [K3S] [INFO] Remotedialer connected to proxy" url="wss://172.18.0.2:6443/v1-k3s/connect
2025-01-29 13:37:34,212 INFO c.h.h.t.HelmChartContainer - [K3S] [INFO] Starting /v1, Kind=Node controller
2025-01-29 13:37:34,215 INFO c.h.h.t.HelmChartContainer - [K3S] [INFO] Starting /v1, Kind=Pod controller
2025-01-29 13:37:34,218 INFO c.h.h.t.HelmChartContainer - [K3S] [INFO] Starting apps/v1, Kind=DaemonSet controller
2025-01-29 13:37:34,220 INFO c.h.h.t.HelmChartContainer - [K3S] [INFO] Starting discovery.k8s.io/v1, Kind=EndpointSlice controller
2025-01-29 13:37:34,221 INFO c.h.h.t.HelmChartContainer - [K3S] [controllermanager.go:329] Started "service-lb-controller"
2025-01-29 13:37:34,221 INFO c.h.h.t.HelmChartContainer - [K3S] [controllermanager.go:306] "node-route-controller" is disabled
2025-01-29 13:37:34,221 INFO c.h.h.t.HelmChartContainer - [K3S] [controller.go:234] Starting service controller
2025-01-29 13:37:34,221 INFO c.h.h.t.HelmChartContainer - [K3S] [controllermanager.go:329] Started "cloud-node-controller"
2025-01-29 13:37:34,221 INFO c.h.h.t.HelmChartContainer - [K3S] [controllermanager.go:329] Started "cloud-node-lifecycle-controller"
2025-01-29 13:37:34,221 INFO c.h.h.t.HelmChartContainer - [K3S] [node_controller.go:176] Sending events to api server.
2025-01-29 13:37:34,221 INFO c.h.h.t.HelmChartContainer - [K3S] [node_controller.go:185] Waiting for informer caches to sync
2025-01-29 13:37:34,222 INFO c.h.h.t.HelmChartContainer - [K3S] [node_lifecycle_controller.go:112] Sending events to api server
2025-01-29 13:37:34,291 INFO c.h.h.t.HelmChartContainer - [K3S] [range_allocator.go:247] "Successfully synced" key="b5478828a543"
2025-01-29 13:37:34,322 INFO c.h.h.t.HelmChartContainer - [K3S] [node_controller.go:429] Initializing node b5478828a543 with cloud provider
2025-01-29 13:37:34,327 INFO c.h.h.t.HelmChartContainer - [K3S] [node_controller.go:474] Successfully initialized node b5478828a543 with cloud provider
2025-01-29 13:37:34,327 INFO c.h.h.t.HelmChartContainer - [K3S] [event.go:389] "Event occurred" object="b5478828a543" fieldPath="" kind="Node" apiVersion="v1" type="Normal" reason="Synced" message="Node synced successfully"
2025-01-29 13:37:34,329 INFO c.h.h.t.HelmChartContainer - [K3S] [range_allocator.go:247] "Successfully synced" key="b5478828a543"
2025-01-29 13:37:34,605 INFO c.h.h.t.HelmChartContainer - [K3S] [handler_proxy.go:99] no RequestInfo found in the context
2025-01-29 13:37:34,606 INFO c.h.h.t.HelmChartContainer - [K3S] [controller.go:146] "Unhandled Error" err=<
2025-01-29 13:37:34,606 INFO c.h.h.t.HelmChartContainer - [K3S] 	, Header: map[Content-Type:[text/plain; charset=utf-8] X-Content-Type-Options:[nosniff]]
2025-01-29 13:37:34,606 INFO c.h.h.t.HelmChartContainer - [K3S]  >
2025-01-29 13:37:34,606 INFO c.h.h.t.HelmChartContainer - [K3S] [handler_proxy.go:143] error resolving kube-system/metrics-server: no endpoints available for service "metrics-server"
2025-01-29 13:37:34,716 INFO c.h.h.t.HelmChartContainer - [K3S] [serving.go:392] Generated self-signed cert in-memory
2025-01-29 13:37:34,764 INFO c.h.h.t.HelmChartContainer - [K3S] [replica_set.go:679] "Finished syncing" kind="ReplicaSet" key="kube-system/metrics-server-8584b5786c" duration="305.71799ms"
2025-01-29 13:37:34,764 INFO c.h.h.t.HelmChartContainer - [K3S] [replica_set.go:679] "Finished syncing" kind="ReplicaSet" key="kube-system/local-path-provisioner-698b58967b" duration="307.630171ms"
2025-01-29 13:37:34,764 INFO c.h.h.t.HelmChartContainer - [K3S] [replica_set.go:679] "Finished syncing" kind="ReplicaSet" key="kube-system/coredns-ff8999cc5" duration="306.306386ms"
2025-01-29 13:37:34,768 INFO c.h.h.t.HelmChartContainer - [K3S] [replica_set.go:679] "Finished syncing" kind="ReplicaSet" key="kube-system/local-path-provisioner-698b58967b" duration="4.717361ms"
2025-01-29 13:37:34,769 INFO c.h.h.t.HelmChartContainer - [K3S] [replica_set.go:679] "Finished syncing" kind="ReplicaSet" key="kube-system/coredns-ff8999cc5" duration="5.863022ms"
2025-01-29 13:37:34,770 INFO c.h.h.t.HelmChartContainer - [K3S] [replica_set.go:679] "Finished syncing" kind="ReplicaSet" key="kube-system/local-path-provisioner-698b58967b" duration="27.26µs"
2025-01-29 13:37:34,771 INFO c.h.h.t.HelmChartContainer - [K3S] [replica_set.go:679] "Finished syncing" kind="ReplicaSet" key="kube-system/coredns-ff8999cc5" duration="29.344µs"
2025-01-29 13:37:34,775 INFO c.h.h.t.HelmChartContainer - [K3S] [replica_set.go:679] "Finished syncing" kind="ReplicaSet" key="kube-system/metrics-server-8584b5786c" duration="11.997878ms"
2025-01-29 13:37:34,775 INFO c.h.h.t.HelmChartContainer - [K3S] [replica_set.go:679] "Finished syncing" kind="ReplicaSet" key="kube-system/metrics-server-8584b5786c" duration="29.164µs"
2025-01-29 13:37:34,776 INFO c.h.h.t.HelmChartContainer - [K3S] [replica_set.go:679] "Finished syncing" kind="ReplicaSet" key="kube-system/metrics-server-8584b5786c" duration="429.55µs"
2025-01-29 13:37:34,904 INFO c.h.h.t.HelmChartContainer - [K3S] [server.go:164] "Starting Kubernetes Scheduler" version="v1.32.1+k3s1"
2025-01-29 13:37:34,904 INFO c.h.h.t.HelmChartContainer - [K3S] [server.go:166] "Golang settings" GOGC="" GOMAXPROCS="" GOTRACEBACK=""
2025-01-29 13:37:34,907 INFO c.h.h.t.HelmChartContainer - [K3S] [requestheader_controller.go:180] Starting RequestHeaderAuthRequestController
2025-01-29 13:37:34,907 INFO c.h.h.t.HelmChartContainer - [K3S] [configmap_cafile_content.go:205] "Starting controller" name="client-ca::kube-system::extension-apiserver-authentication::requestheader-client-ca-file"
2025-01-29 13:37:34,908 INFO c.h.h.t.HelmChartContainer - [K3S] [configmap_cafile_content.go:205] "Starting controller" name="client-ca::kube-system::extension-apiserver-authentication::client-ca-file"
2025-01-29 13:37:34,908 INFO c.h.h.t.HelmChartContainer - [K3S] [secure_serving.go:213] Serving securely on 127.0.0.1:10259
2025-01-29 13:37:34,908 INFO c.h.h.t.HelmChartContainer - [K3S] [tlsconfig.go:243] "Starting DynamicServingCertificateController"
2025-01-29 13:37:34,960 INFO c.h.h.t.HelmChartContainer - [K3S] [kube.go:146] Node controller sync successful
2025-01-29 13:37:34,961 INFO c.h.h.t.HelmChartContainer - [K3S] [vxlan.go:141] VXLAN config: VNI=1 Port=0 GBP=false Learning=false DirectRouting=false
2025-01-29 13:37:34,963 INFO c.h.h.t.HelmChartContainer - [K3S] [kube.go:636] List of node(b5478828a543) annotations: map[string]string{"alpha.kubernetes.io/provided-node-ip":"172.18.0.2", "k3s.io/hostname":"b5478828a543", "k3s.io/internal-ip":"172.18.0.2", "k3s.io/node-args":"[\"server\",\"--etcd-arg\",\"unsafe-no-fsync\",\"--etcd-arg\",\"snapshot-count=10000\",\"--etcd-arg\",\"auto-compaction-mode=revision\",\"--etcd-arg\",\"auto-compaction-retention=1000000\",\"--kube-apiserver-arg\",\"etcd-compaction-interval=0s\",\"--disable\",\"traefik\",\"--tls-san\",\"localhost\"]", "k3s.io/node-config-hash":"2QNNT5M5XUBFOLO5XPGEVGOM5UDLHHTIVMSRUPAUHE5DU3HUYQUQ====", "k3s.io/node-env":"{}", "node.alpha.kubernetes.io/ttl":"0", "volumes.kubernetes.io/controller-managed-attach-detach":"true"}
2025-01-29 13:37:34,969 INFO c.h.h.t.HelmChartContainer - [K3S] [iptables.go:51] Starting flannel in iptables mode...
2025-01-29 13:37:34,971 INFO c.h.h.t.HelmChartContainer - [K3S] [WARNING] no subnet found for key: FLANNEL_NETWORK in file: /run/flannel/subnet.env
2025-01-29 13:37:34,971 INFO c.h.h.t.HelmChartContainer - [K3S] [WARNING] no subnet found for key: FLANNEL_SUBNET in file: /run/flannel/subnet.env
2025-01-29 13:37:34,971 INFO c.h.h.t.HelmChartContainer - [K3S] [WARNING] no subnet found for key: FLANNEL_IPV6_NETWORK in file: /run/flannel/subnet.env
2025-01-29 13:37:34,971 INFO c.h.h.t.HelmChartContainer - [K3S] [WARNING] no subnet found for key: FLANNEL_IPV6_SUBNET in file: /run/flannel/subnet.env
2025-01-29 13:37:34,971 INFO c.h.h.t.HelmChartContainer - [K3S] [iptables.go:115] Current network or subnet (10.42.0.0/16, 10.42.0.0/24) is not equal to previous one (0.0.0.0/0, 0.0.0.0/0), trying to recycle old iptables rules
2025-01-29 13:37:34,972 INFO c.h.h.t.HelmChartContainer - [K3S] [range_allocator.go:247] "Successfully synced" key="b5478828a543"
2025-01-29 13:37:34,972 INFO c.h.h.t.HelmChartContainer - [K3S] [kube.go:490] Creating the node lease for IPv4. This is the n.Spec.PodCIDRs: [10.42.0.0/24]
2025-01-29 13:37:34,978 INFO c.h.h.t.HelmChartContainer - [K3S] [iptables.go:125] Setting up masking rules
2025-01-29 13:37:34,980 INFO c.h.h.t.HelmChartContainer - [K3S] [iptables.go:226] Changing default FORWARD chain policy to ACCEPT
2025-01-29 13:37:34,983 INFO c.h.h.t.HelmChartContainer - [K3S] [INFO] Wrote flannel subnet file to /run/flannel/subnet.env
2025-01-29 13:37:34,983 INFO c.h.h.t.HelmChartContainer - [K3S] [INFO] Running flannel backend.
2025-01-29 13:37:34,983 INFO c.h.h.t.HelmChartContainer - [K3S] [vxlan_network.go:65] watching for new subnet leases
2025-01-29 13:37:34,992 INFO c.h.h.t.HelmChartContainer - [K3S] [iptables.go:372] bootstrap done
2025-01-29 13:37:35,000 INFO c.h.h.t.HelmChartContainer - [K3S] [iptables.go:372] bootstrap done
2025-01-29 13:37:35,015 INFO c.h.h.t.HelmChartContainer - [K3S] [replica_set.go:679] "Finished syncing" kind="ReplicaSet" key="kube-system/local-path-provisioner-698b58967b" duration="38.532µs"
2025-01-29 13:37:35,023 INFO c.h.h.t.HelmChartContainer - [K3S] [replica_set.go:679] "Finished syncing" kind="ReplicaSet" key="kube-system/metrics-server-8584b5786c" duration="30.787µs"
2025-01-29 13:37:35,023 INFO c.h.h.t.HelmChartContainer - [K3S] [replica_set.go:679] "Finished syncing" kind="ReplicaSet" key="kube-system/coredns-ff8999cc5" duration="29.555µs"
2025-01-29 13:37:35,050 INFO c.h.h.t.HelmChartContainer - [K3S] [replica_set.go:679] "Finished syncing" kind="ReplicaSet" key="kube-system/local-path-provisioner-698b58967b" duration="40.074µs"
2025-01-29 13:37:35,061 INFO c.h.h.t.HelmChartContainer - [K3S] [replica_set.go:679] "Finished syncing" kind="ReplicaSet" key="kube-system/coredns-ff8999cc5" duration="37.39µs"
2025-01-29 13:37:35,069 INFO c.h.h.t.HelmChartContainer - [K3S] [replica_set.go:679] "Finished syncing" kind="ReplicaSet" key="kube-system/metrics-server-8584b5786c" duration="74.839µs"
2025-01-29 13:37:35,171 INFO c.h.h.t.HelmChartContainer - [K3S] [reconciler_common.go:251] "operationExecutor.VerifyControllerAttachedVolume started for volume \"kube-api-access-dh5j7\" (UniqueName: \"kubernetes.io/projected/0518b7ab-02f5-47a8-9d16-aec99a3fde83-kube-api-access-dh5j7\") pod \"local-path-provisioner-698b58967b-sjvp6\" (UID: \"0518b7ab-02f5-47a8-9d16-aec99a3fde83\") " pod="kube-system/local-path-provisioner-698b58967b-sjvp6"
2025-01-29 13:37:35,172 INFO c.h.h.t.HelmChartContainer - [K3S] [reconciler_common.go:251] "operationExecutor.VerifyControllerAttachedVolume started for volume \"tmp-dir\" (UniqueName: \"kubernetes.io/empty-dir/e7cd41ba-20cf-4503-8414-56b376a17906-tmp-dir\") pod \"metrics-server-8584b5786c-hzplf\" (UID: \"e7cd41ba-20cf-4503-8414-56b376a17906\") " pod="kube-system/metrics-server-8584b5786c-hzplf"
2025-01-29 13:37:35,172 INFO c.h.h.t.HelmChartContainer - [K3S] [reconciler_common.go:251] "operationExecutor.VerifyControllerAttachedVolume started for volume \"kube-api-access-fm8r2\" (UniqueName: \"kubernetes.io/projected/e7cd41ba-20cf-4503-8414-56b376a17906-kube-api-access-fm8r2\") pod \"metrics-server-8584b5786c-hzplf\" (UID: \"e7cd41ba-20cf-4503-8414-56b376a17906\") " pod="kube-system/metrics-server-8584b5786c-hzplf"
2025-01-29 13:37:35,172 INFO c.h.h.t.HelmChartContainer - [K3S] [reconciler_common.go:251] "operationExecutor.VerifyControllerAttachedVolume started for volume \"config-volume\" (UniqueName: \"kubernetes.io/configmap/8a8fdda2-2f1a-4c6f-880f-6f5092330f14-config-volume\") pod \"coredns-ff8999cc5-f76k5\" (UID: \"8a8fdda2-2f1a-4c6f-880f-6f5092330f14\") " pod="kube-system/coredns-ff8999cc5-f76k5"
2025-01-29 13:37:35,173 INFO c.h.h.t.HelmChartContainer - [K3S] [reconciler_common.go:251] "operationExecutor.VerifyControllerAttachedVolume started for volume \"custom-config-volume\" (UniqueName: \"kubernetes.io/configmap/8a8fdda2-2f1a-4c6f-880f-6f5092330f14-custom-config-volume\") pod \"coredns-ff8999cc5-f76k5\" (UID: \"8a8fdda2-2f1a-4c6f-880f-6f5092330f14\") " pod="kube-system/coredns-ff8999cc5-f76k5"
2025-01-29 13:37:35,173 INFO c.h.h.t.HelmChartContainer - [K3S] [reconciler_common.go:251] "operationExecutor.VerifyControllerAttachedVolume started for volume \"kube-api-access-z2d7d\" (UniqueName: \"kubernetes.io/projected/8a8fdda2-2f1a-4c6f-880f-6f5092330f14-kube-api-access-z2d7d\") pod \"coredns-ff8999cc5-f76k5\" (UID: \"8a8fdda2-2f1a-4c6f-880f-6f5092330f14\") " pod="kube-system/coredns-ff8999cc5-f76k5"
2025-01-29 13:37:35,173 INFO c.h.h.t.HelmChartContainer - [K3S] [reconciler_common.go:251] "operationExecutor.VerifyControllerAttachedVolume started for volume \"config-volume\" (UniqueName: \"kubernetes.io/configmap/0518b7ab-02f5-47a8-9d16-aec99a3fde83-config-volume\") pod \"local-path-provisioner-698b58967b-sjvp6\" (UID: \"0518b7ab-02f5-47a8-9d16-aec99a3fde83\") " pod="kube-system/local-path-provisioner-698b58967b-sjvp6"
2025-01-29 13:37:35,608 INFO c.h.h.t.HelmChartContainer - [K3S] [handler_proxy.go:99] no RequestInfo found in the context
2025-01-29 13:37:35,608 INFO c.h.h.t.HelmChartContainer - [K3S] [handler_proxy.go:99] no RequestInfo found in the context
2025-01-29 13:37:35,608 INFO c.h.h.t.HelmChartContainer - [K3S] [controller.go:102] "Unhandled Error" err=<
2025-01-29 13:37:35,608 INFO c.h.h.t.HelmChartContainer - [K3S] 	, Header: map[Content-Type:[text/plain; charset=utf-8] X-Content-Type-Options:[nosniff]]
2025-01-29 13:37:35,608 INFO c.h.h.t.HelmChartContainer - [K3S]  >
2025-01-29 13:37:36,078 INFO c.h.h.t.HelmChartContainer - [K3S] [INFO] Starting network policy controller version v2.2.1, built on 2025-01-28T18:27:08Z, go1.23.4
2025-01-29 13:37:36,079 INFO c.h.h.t.HelmChartContainer - [K3S] [network_policy_controller.go:164] Starting network policy controller
2025-01-29 13:37:36,131 INFO c.h.h.t.HelmChartContainer - [K3S] [network_policy_controller.go:176] Starting network policy controller full sync goroutine
2025-01-29 13:37:38,220 INFO c.h.h.t.HelmChartContainer - [K3S] [replica_set.go:679] "Finished syncing" kind="ReplicaSet" key="kube-system/local-path-provisioner-698b58967b" duration="7.099687ms"
2025-01-29 13:37:38,224 INFO c.h.h.t.HelmChartContainer - [K3S] [replica_set.go:679] "Finished syncing" kind="ReplicaSet" key="kube-system/local-path-provisioner-698b58967b" duration="24.315µs"
2025-01-29 13:37:38,234 INFO c.h.h.t.HelmChartContainer - [K3S] [replica_set.go:679] "Finished syncing" kind="ReplicaSet" key="kube-system/metrics-server-8584b5786c" duration="68.878µs"
2025-01-29 13:37:38,255 INFO c.h.h.t.HelmChartContainer - [K3S] [replica_set.go:679] "Finished syncing" kind="ReplicaSet" key="kube-system/coredns-ff8999cc5" duration="28.688956ms"
2025-01-29 13:37:38,255 INFO c.h.h.t.HelmChartContainer - [K3S] [replica_set.go:679] "Finished syncing" kind="ReplicaSet" key="kube-system/coredns-ff8999cc5" duration="36.227µs"
2025-01-29 13:37:38,687 DEBUG c.h.h.t.HelmChartContainer - Image file loaded 'hivemq-platform-operator.tar'
2025-01-29 13:37:39,149 DEBUG c.h.h.t.HelmChartContainer - Image file loaded 'hivemq-platform-operator-init.tar'
2025-01-29 13:37:39,407 INFO c.h.h.t.HelmChartContainer - [K3S] [kuberuntime_manager.go:1702] "Updating runtime config through cri with podcidr" CIDR="10.42.0.0/24"
2025-01-29 13:37:39,407 INFO c.h.h.t.HelmChartContainer - [K3S] [kubelet_network.go:61] "Updating Pod CIDR" originalPodCIDR="" newPodCIDR="10.42.0.0/24"
2025-01-29 13:37:39,414 INFO c.h.h.t.HelmChartContainer - [K3S] [range_allocator.go:247] "Successfully synced" key="b5478828a543"
2025-01-29 13:37:44,548 DEBUG c.h.h.t.HelmChartContainer - Image file loaded 'hivemq-platform.tar'
2025-01-29 13:37:44,548 DEBUG c.h.h.t.HelmChartContainer - Successful Helm chart Container startup
2025-01-29 13:37:44,555 INFO t.localhost/testcontainers/dlj5pa2yxxgbup9j:latest - Container localhost/testcontainers/dlj5pa2yxxgbup9j:latest started in PT20.535204276S
2025-01-29 13:37:44,565 DEBUG c.h.h.t.HelmChartContainer - Executing helm command: /bin/helm --kubeconfig /etc/rancher/k3s/k3s.yaml repo add hivemq https://hivemq.github.io/helm-charts
2025-01-29 13:37:45,934 INFO c.h.h.t.HelmChartContainer - [EVENT] Normal [Starting] Starting kubelet. [null:b5478828a543]
2025-01-29 13:37:45,936 INFO c.h.h.t.HelmChartContainer - [EVENT] Warning [InvalidDiskCapacity] invalid capacity 0 on image filesystem [null:b5478828a543]
2025-01-29 13:37:45,937 INFO c.h.h.t.HelmChartContainer - [EVENT] Normal [NodeHasSufficientMemory] Node b5478828a543 status is now: NodeHasSufficientMemory [null:b5478828a543]
2025-01-29 13:37:45,938 INFO c.h.h.t.HelmChartContainer - [EVENT] Normal [NodeHasNoDiskPressure] Node b5478828a543 status is now: NodeHasNoDiskPressure [null:b5478828a543]
2025-01-29 13:37:45,940 INFO c.h.h.t.HelmChartContainer - Saved kubeconfig file on /tmp/kubeconfig-16017190213856645155.yaml
2025-01-29 13:37:45,940 INFO c.h.h.t.HelmChartContainer - HelmChartContainer is started
2025-01-29 13:37:45,941 INFO c.h.h.t.HelmChartContainer - [EVENT] Normal [NodeHasSufficientPID] Node b5478828a543 status is now: NodeHasSufficientPID [null:b5478828a543]
2025-01-29 13:37:45,941 INFO c.h.h.t.HelmChartContainer - [EVENT] Normal [NodeAllocatableEnforced] Updated Node Allocatable limit across pods [null:b5478828a543]
2025-01-29 13:37:45,941 INFO c.h.h.t.HelmChartContainer - [EVENT] Normal [NodeReady] Node b5478828a543 status is now: NodeReady [null:b5478828a543]
2025-01-29 13:37:45,943 INFO c.h.h.t.HelmChartContainer - [EVENT] Normal [NodePasswordValidationComplete] Deferred node password secret validation complete [null:b5478828a543]
2025-01-29 13:37:45,944 INFO c.h.h.t.HelmChartContainer - [EVENT] Normal [RegisteredNode] Node b5478828a543 event: Registered Node b5478828a543 in Controller [null:b5478828a543]
2025-01-29 13:37:45,945 INFO c.h.h.t.HelmChartContainer - [EVENT] Normal [Synced] Node synced successfully [null:b5478828a543]
]]></system-out>
  <system-err><![CDATA[]]></system-err>
</testsuite>
