<?xml version="1.0" encoding="UTF-8"?>
<testsuite name="com.hivemq.helmcharts.services.CustomClusterDomainNameIT" tests="1" skipped="0" failures="0" errors="0" timestamp="2025-01-30T18:34:53" hostname="fv-az1110-744" time="99.447">
  <properties/>
  <testcase name="whenK8sHasCustomClusterDomainName_thenServicesAreRunning()" classname="com.hivemq.helmcharts.services.CustomClusterDomainNameIT" time="99.447">
    <system-out><![CDATA[2025-01-30 18:34:53,416 INFO c.h.h.t.HelmChartContainer - Creating namespace 'customclusterdomainnameit-operator'...
2025-01-30 18:34:53,473 INFO c.h.h.t.HelmChartContainer - [POD] coredns-ff8999cc5-pjxl7 [0e0dd9cc-e5c0-48de-8404-6088ab63553f] in kube-system was ADDED
2025-01-30 18:34:53,473 INFO c.h.h.t.HelmChartContainer - [POD] local-path-provisioner-698b58967b-lwvlv [6f9c883c-2a13-414e-bc4f-c17fa6435e97] in kube-system was ADDED
2025-01-30 18:34:53,473 INFO c.h.h.t.HelmChartContainer - [POD] metrics-server-8584b5786c-kt8jb [0d2afe91-6141-495a-9d2c-0fdb5b2b35f0] in kube-system was ADDED
2025-01-30 18:34:53,478 INFO c.h.h.t.HelmChartContainer - Namespace 'customclusterdomainnameit-operator' created
2025-01-30 18:34:53,478 INFO c.h.h.t.HelmChartContainer - Creating namespace 'customclusterdomainnameit'...
2025-01-30 18:34:53,575 INFO c.h.h.t.HelmChartContainer - Namespace 'customclusterdomainnameit' created
2025-01-30 18:34:53,641 DEBUG c.h.h.t.HelmChartContainer - Executing helm command: /bin/helm --kubeconfig /etc/rancher/k3s/k3s.yaml install test-hivemq-platform-operator /charts/hivemq-platform-operator --wait --timeout 5m0s --set image.repository=docker.io/hivemq --set image.name=hivemq-platform-operator-test --set image.initImageName=hivemq-platform-operator-init-test --set image.tag=snapshot --set image.pullPolicy=Never --set logLevel=DEBUG --set resources.cpu=512m --namespace customclusterdomainnameit-operator
2025-01-30 18:34:56,092 INFO c.h.h.t.HelmChartContainer - [K3S] [alloc.go:330] "allocated clusterIPs" service="customclusterdomainnameit-operator/hivemq-platform-operator-test-hivemq-platform-operator" clusterIPs={"IPv4":"10.43.139.104"}
2025-01-30 18:34:56,104 INFO c.h.h.t.HelmChartContainer - [EVENT] Normal [ScalingReplicaSet] Scaled up replica set hivemq-test-hivemq-platform-operator-6966f96d65 from 0 to 1 [customclusterdomainnameit-operator:hivemq-test-hivemq-platform-operator]
2025-01-30 18:34:56,111 INFO c.h.h.t.HelmChartContainer - [POD] hivemq-test-hivemq-platform-operator-6966f96d65-jkrr5 [eda2dbec-c29b-4067-adb3-d04df9494113] in customclusterdomainnameit-operator was ADDED
2025-01-30 18:34:56,118 INFO c.h.h.t.HelmChartContainer - [K3S] [replica_set.go:679] "Finished syncing" kind="ReplicaSet" key="customclusterdomainnameit-operator/hivemq-test-hivemq-platform-operator-6966f96d65" duration="15.468341ms"
2025-01-30 18:34:56,121 INFO c.h.h.t.HelmChartContainer - [EVENT] Normal [SuccessfulCreate] Created pod: hivemq-test-hivemq-platform-operator-6966f96d65-jkrr5 [customclusterdomainnameit-operator:hivemq-test-hivemq-platform-operator-6966f96d65]
2025-01-30 18:34:56,122 INFO c.h.h.t.HelmChartContainer - [POD] hivemq-test-hivemq-platform-operator-6966f96d65-jkrr5 [eda2dbec-c29b-4067-adb3-d04df9494113] in customclusterdomainnameit-operator was MODIFIED
2025-01-30 18:34:56,127 INFO c.h.h.t.HelmChartContainer - [K3S] [replica_set.go:679] "Finished syncing" kind="ReplicaSet" key="customclusterdomainnameit-operator/hivemq-test-hivemq-platform-operator-6966f96d65" duration="9.376703ms"
2025-01-30 18:34:56,130 INFO c.h.h.t.HelmChartContainer - [EVENT] Normal [Scheduled] Successfully assigned customclusterdomainnameit-operator/hivemq-test-hivemq-platform-operator-6966f96d65-jkrr5 to 939b2c34f41e [customclusterdomainnameit-operator:hivemq-test-hivemq-platform-operator-6966f96d65-jkrr5]
2025-01-30 18:34:56,138 INFO c.h.h.t.HelmChartContainer - [POD] hivemq-test-hivemq-platform-operator-6966f96d65-jkrr5 [eda2dbec-c29b-4067-adb3-d04df9494113] in customclusterdomainnameit-operator was MODIFIED
2025-01-30 18:34:56,141 INFO c.h.h.t.HelmChartContainer - [K3S] [replica_set.go:679] "Finished syncing" kind="ReplicaSet" key="customclusterdomainnameit-operator/hivemq-test-hivemq-platform-operator-6966f96d65" duration="13.699303ms"
2025-01-30 18:34:56,141 INFO c.h.h.t.HelmChartContainer - [K3S] [replica_set.go:679] "Finished syncing" kind="ReplicaSet" key="customclusterdomainnameit-operator/hivemq-test-hivemq-platform-operator-6966f96d65" duration="80.251µs"
2025-01-30 18:34:56,257 INFO c.h.h.t.HelmChartContainer - [K3S] [reconciler_common.go:251] "operationExecutor.VerifyControllerAttachedVolume started for volume \"kube-api-access-wcg9t\" (UniqueName: \"kubernetes.io/projected/eda2dbec-c29b-4067-adb3-d04df9494113-kube-api-access-wcg9t\") pod \"hivemq-test-hivemq-platform-operator-6966f96d65-jkrr5\" (UID: \"eda2dbec-c29b-4067-adb3-d04df9494113\") " pod="customclusterdomainnameit-operator/hivemq-test-hivemq-platform-operator-6966f96d65-jkrr5"
2025-01-30 18:34:56,511 INFO c.h.h.t.HelmChartContainer - [EVENT] Normal [Pulled] Container image "docker.io/hivemq/hivemq-platform-operator-test:snapshot" already present on machine [customclusterdomainnameit-operator:hivemq-test-hivemq-platform-operator-6966f96d65-jkrr5]
2025-01-30 18:34:56,511 INFO c.h.h.t.HelmChartContainer - Received Pulled event for container hivemq-platform-operator in pod hivemq-test-hivemq-platform-operator-6966f96d65-jkrr5 [eda2dbec-c29b-4067-adb3-d04df9494113]
2025-01-30 18:34:56,518 INFO c.h.h.t.HelmChartContainer - [EVENT] Normal [Created] Created container: hivemq-platform-operator [customclusterdomainnameit-operator:hivemq-test-hivemq-platform-operator-6966f96d65-jkrr5]
2025-01-30 18:34:56,518 INFO c.h.h.t.HelmChartContainer - Received Created event for container hivemq-platform-operator in pod hivemq-test-hivemq-platform-operator-6966f96d65-jkrr5 [eda2dbec-c29b-4067-adb3-d04df9494113]
2025-01-30 18:34:56,921 INFO c.h.h.t.HelmChartContainer - [K3S] [replica_set.go:679] "Finished syncing" kind="ReplicaSet" key="customclusterdomainnameit-operator/hivemq-test-hivemq-platform-operator-6966f96d65" duration="40.887µs"
2025-01-30 18:34:56,923 INFO c.h.h.t.HelmChartContainer - [POD] hivemq-test-hivemq-platform-operator-6966f96d65-jkrr5 [eda2dbec-c29b-4067-adb3-d04df9494113] in customclusterdomainnameit-operator was MODIFIED
2025-01-30 18:34:56,936 INFO c.h.h.t.HelmChartContainer - [EVENT] Normal [Started] Started container hivemq-platform-operator [customclusterdomainnameit-operator:hivemq-test-hivemq-platform-operator-6966f96d65-jkrr5]
2025-01-30 18:34:56,936 INFO c.h.h.t.HelmChartContainer - Received Started event for container hivemq-platform-operator in pod hivemq-test-hivemq-platform-operator-6966f96d65-jkrr5 [eda2dbec-c29b-4067-adb3-d04df9494113]
2025-01-30 18:34:56,936 INFO c.h.h.t.HelmChartContainer - Started log watcher for hivemq-platform-operator in pod hivemq-test-hivemq-platform-operator-6966f96d65-jkrr5 [eda2dbec-c29b-4067-adb3-d04df9494113]
2025-01-30 18:34:56,936 INFO c.h.h.t.HelmChartContainer - [hivemq-test-hivemq-platform] [hivemq-platform-operator] [eda2dbec] -------------------------------------------------------------------------
2025-01-30 18:34:56,936 INFO c.h.h.t.HelmChartContainer - [hivemq-test-hivemq-platform] [hivemq-platform-operator] [eda2dbec] 
2025-01-30 18:34:56,936 INFO c.h.h.t.HelmChartContainer - [hivemq-test-hivemq-platform] [hivemq-platform-operator] [eda2dbec]                   _    _  _              __  __   ____
2025-01-30 18:34:56,936 INFO c.h.h.t.HelmChartContainer - [hivemq-test-hivemq-platform] [hivemq-platform-operator] [eda2dbec]                  | |  | |(_)            |  \/  | / __ \
2025-01-30 18:34:56,936 INFO c.h.h.t.HelmChartContainer - [hivemq-test-hivemq-platform] [hivemq-platform-operator] [eda2dbec]                  | |__| | _ __   __ ___ | \  / || |  | |
2025-01-30 18:34:56,936 INFO c.h.h.t.HelmChartContainer - [hivemq-test-hivemq-platform] [hivemq-platform-operator] [eda2dbec]                  |  __  || |\ \ / // _ \| |\/| || |  | |
2025-01-30 18:34:56,936 INFO c.h.h.t.HelmChartContainer - [hivemq-test-hivemq-platform] [hivemq-platform-operator] [eda2dbec]                  | |  | || | \ V /|  __/| |  | || |__| |
2025-01-30 18:34:56,936 INFO c.h.h.t.HelmChartContainer - [hivemq-test-hivemq-platform] [hivemq-platform-operator] [eda2dbec]                  |_|  |_||_|  \_/  \___||_|  |_| \___\_\
2025-01-30 18:34:56,936 INFO c.h.h.t.HelmChartContainer - [hivemq-test-hivemq-platform] [hivemq-platform-operator] [eda2dbec] 
2025-01-30 18:34:56,936 INFO c.h.h.t.HelmChartContainer - [hivemq-test-hivemq-platform] [hivemq-platform-operator] [eda2dbec] -------------------------------------------------------------------------
2025-01-30 18:34:56,936 INFO c.h.h.t.HelmChartContainer - [hivemq-test-hivemq-platform] [hivemq-platform-operator] [eda2dbec] 
2025-01-30 18:34:56,936 INFO c.h.h.t.HelmChartContainer - [hivemq-test-hivemq-platform] [hivemq-platform-operator] [eda2dbec]   HiveMQ Platform Operator Start Script v1.0
2025-01-30 18:34:56,936 INFO c.h.h.t.HelmChartContainer - [hivemq-test-hivemq-platform] [hivemq-platform-operator] [eda2dbec] 
2025-01-30 18:34:56,936 INFO c.h.h.t.HelmChartContainer - [hivemq-test-hivemq-platform] [hivemq-platform-operator] [eda2dbec] -------------------------------------------------------------------------
2025-01-30 18:34:56,936 INFO c.h.h.t.HelmChartContainer - [hivemq-test-hivemq-platform] [hivemq-platform-operator] [eda2dbec] 
2025-01-30 18:34:56,936 INFO c.h.h.t.HelmChartContainer - [hivemq-test-hivemq-platform] [hivemq-platform-operator] [eda2dbec]   JAVA_OPTS: -XX:+UnlockExperimentalVMOptions -XX:InitialRAMPercentage=75 -XX:MaxRAMPercentage=75 -Duser.language=en -Duser.region=US
2025-01-30 18:34:56,936 INFO c.h.h.t.HelmChartContainer - [hivemq-test-hivemq-platform] [hivemq-platform-operator] [eda2dbec] 
2025-01-30 18:34:56,936 INFO c.h.h.t.HelmChartContainer - [hivemq-test-hivemq-platform] [hivemq-platform-operator] [eda2dbec]   JAVA_VERSION: 21
2025-01-30 18:34:56,936 INFO c.h.h.t.HelmChartContainer - [hivemq-test-hivemq-platform] [hivemq-platform-operator] [eda2dbec] 
2025-01-30 18:34:56,936 INFO c.h.h.t.HelmChartContainer - [hivemq-test-hivemq-platform] [hivemq-platform-operator] [eda2dbec] -------------------------------------------------------------------------
2025-01-30 18:34:56,936 INFO c.h.h.t.HelmChartContainer - [hivemq-test-hivemq-platform] [hivemq-platform-operator] [eda2dbec] 
2025-01-30 18:34:59,998 INFO c.h.h.t.HelmChartContainer - [hivemq-test-hivemq-platform] [hivemq-platform-operator] [eda2dbec] 18:34:59.995 [main] DEBUG org.jboss.logging - Logging Provider: org.jboss.logging.Slf4jLoggerProvider
2025-01-30 18:35:00,103 INFO c.h.h.t.HelmChartContainer - [hivemq-test-hivemq-platform] [hivemq-platform-operator] [eda2dbec] 18:35:00.102 [main] DEBUG io.smallrye.config - SRCFG01006: Loaded ConfigSource SysPropConfigSource with ordinal 400
2025-01-30 18:35:00,104 INFO c.h.h.t.HelmChartContainer - [hivemq-test-hivemq-platform] [hivemq-platform-operator] [eda2dbec] 18:35:00.102 [main] DEBUG io.smallrye.config - SRCFG01006: Loaded ConfigSource EnvConfigSource with ordinal 300
2025-01-30 18:35:00,104 INFO c.h.h.t.HelmChartContainer - [hivemq-test-hivemq-platform] [hivemq-platform-operator] [eda2dbec] 18:35:00.103 [main] DEBUG io.smallrye.config - SRCFG01006: Loaded ConfigSource PropertiesConfigSource[source=jar:file:///opt/hivemq-platform-operator/bin/hivemq-platform-operator.jar!/hivemq-platform-operator.properties] with ordinal 100
2025-01-30 18:35:00,104 INFO c.h.h.t.HelmChartContainer - [hivemq-test-hivemq-platform] [hivemq-platform-operator] [eda2dbec] 18:35:00.103 [main] DEBUG io.smallrye.config - SRCFG01006: Loaded ConfigSource DefaultValuesConfigSource with ordinal -2147483648
2025-01-30 18:35:00,211 INFO c.h.h.t.HelmChartContainer - [hivemq-test-hivemq-platform] [hivemq-platform-operator] [eda2dbec] 18:35:00.209 [main] DEBUG i.m.c.u.i.l.InternalLoggerFactory - Using SLF4J as the default logging framework
2025-01-30 18:35:00,393 INFO c.h.h.t.HelmChartContainer - [hivemq-test-hivemq-platform] [hivemq-platform-operator] [eda2dbec] 18:35:00.309 [main] INFO  c.h.p.o.HiveMQPlatformOperatorApplication - HiveMQ Platform Operator 1.7.0-SNAPSHOT (commit: 47e3375 on branch: HEAD) built on Thu Jan 30 03:55:50 UTC 2025
2025-01-30 18:35:00,394 INFO c.h.h.t.HelmChartContainer - [hivemq-test-hivemq-platform] [hivemq-platform-operator] [eda2dbec] 18:35:00.393 [main] INFO  c.h.p.o.HiveMQPlatformOperatorApplication - HiveMQ Platform Operator is running in namespace: customclusterdomainnameit-operator
2025-01-30 18:35:00,395 INFO c.h.h.t.HelmChartContainer - [hivemq-test-hivemq-platform] [hivemq-platform-operator] [eda2dbec] 18:35:00.393 [main] INFO  c.h.p.o.HiveMQPlatformOperatorApplication - Watching all namespaces
2025-01-30 18:35:00,395 INFO c.h.h.t.HelmChartContainer - [hivemq-test-hivemq-platform] [hivemq-platform-operator] [eda2dbec] 18:35:00.393 [main] INFO  c.h.p.o.HiveMQPlatformOperatorApplication - Log level: DEBUG
2025-01-30 18:35:00,395 INFO c.h.h.t.HelmChartContainer - [hivemq-test-hivemq-platform] [hivemq-platform-operator] [eda2dbec] 18:35:00.393 [main] INFO  c.h.p.o.HiveMQPlatformOperatorApplication - Release name: test-hivemq-platform-operator
2025-01-30 18:35:00,395 INFO c.h.h.t.HelmChartContainer - [hivemq-test-hivemq-platform] [hivemq-platform-operator] [eda2dbec] 18:35:00.393 [main] INFO  c.h.p.o.HiveMQPlatformOperatorApplication - HiveMQ Platform Operator Init image: docker.io/hivemq/hivemq-platform-operator-init-test:snapshot
2025-01-30 18:35:00,395 INFO c.h.h.t.HelmChartContainer - [hivemq-test-hivemq-platform] [hivemq-platform-operator] [eda2dbec] 18:35:00.393 [main] INFO  c.h.p.o.HiveMQPlatformOperatorApplication - HiveMQ Platform Operator Init App update URL: http://hivemq-platform-operator-test-hivemq-platform-operator.customclusterdomainnameit-operator.svc:8080/initAppUpdate/hivemq-platform-operator-init-app-1.7.0-SNAPSHOT.jar
2025-01-30 18:35:00,395 INFO c.h.h.t.HelmChartContainer - [hivemq-test-hivemq-platform] [hivemq-platform-operator] [eda2dbec] 18:35:00.393 [main] INFO  c.h.p.o.HiveMQPlatformOperatorApplication - Additional imagePullSecret for all Platform deployments: none
2025-01-30 18:35:00,395 INFO c.h.h.t.HelmChartContainer - [hivemq-test-hivemq-platform] [hivemq-platform-operator] [eda2dbec] 18:35:00.393 [main] INFO  c.h.p.o.HiveMQPlatformOperatorApplication - Apply HiveMQ Platform CRD: true
2025-01-30 18:35:00,395 INFO c.h.h.t.HelmChartContainer - [hivemq-test-hivemq-platform] [hivemq-platform-operator] [eda2dbec] 18:35:00.393 [main] INFO  c.h.p.o.HiveMQPlatformOperatorApplication - Create Platform ServiceAccount: true
2025-01-30 18:35:00,395 INFO c.h.h.t.HelmChartContainer - [hivemq-test-hivemq-platform] [hivemq-platform-operator] [eda2dbec] 18:35:00.393 [main] INFO  c.h.p.o.HiveMQPlatformOperatorApplication - Create Platform ServiceAccount permissions: true
2025-01-30 18:35:00,395 INFO c.h.h.t.HelmChartContainer - [hivemq-test-hivemq-platform] [hivemq-platform-operator] [eda2dbec] 18:35:00.393 [main] INFO  c.h.p.o.HiveMQPlatformOperatorApplication - Validate Platform ServiceAccount: true
2025-01-30 18:35:00,395 INFO c.h.h.t.HelmChartContainer - [hivemq-test-hivemq-platform] [hivemq-platform-operator] [eda2dbec] 18:35:00.393 [main] INFO  c.h.p.o.HiveMQPlatformOperatorApplication - Validate Platform ServiceAccount permissions: true
2025-01-30 18:35:00,518 INFO c.h.h.t.HelmChartContainer - [hivemq-test-hivemq-platform] [hivemq-platform-operator] [eda2dbec] 18:35:00.517 [main] INFO  c.h.platform.operator.util.CRDUtil - Verifying deployed HiveMQ Platform CRD...
2025-01-30 18:35:03,000 INFO c.h.h.t.HelmChartContainer - [hivemq-test-hivemq-platform] [hivemq-platform-operator] [eda2dbec] 18:35:02.998 [main] DEBUG c.h.platform.operator.util.CRDUtil - HiveMQ Platform CRD version v1 is up to date
2025-01-30 18:35:03,000 INFO c.h.h.t.HelmChartContainer - [hivemq-test-hivemq-platform] [hivemq-platform-operator] [eda2dbec] 18:35:02.998 [main] INFO  c.h.platform.operator.util.CRDUtil - HiveMQ Platform CRD is up to date (version: V1_6_0)
2025-01-30 18:35:03,000 INFO c.h.h.t.HelmChartContainer - [hivemq-test-hivemq-platform] [hivemq-platform-operator] [eda2dbec] 18:35:02.999 [main] INFO  c.h.platform.operator.util.CRDUtil - Waiting 10000 ms for HiveMQ Platform CRD 'hivemq-platforms.hivemq.com' to become ready...
2025-01-30 18:35:03,297 INFO c.h.h.t.HelmChartContainer - [hivemq-test-hivemq-platform] [hivemq-platform-operator] [eda2dbec] 18:35:03.296 [vert.x-eventloop-thread-1] DEBUG c.h.platform.operator.util.CRDUtil - Checking CRD condition 'NamesAccepted' (status: 'True')
2025-01-30 18:35:03,299 INFO c.h.h.t.HelmChartContainer - [hivemq-test-hivemq-platform] [hivemq-platform-operator] [eda2dbec] 18:35:03.297 [vert.x-eventloop-thread-1] DEBUG c.h.platform.operator.util.CRDUtil - Checking CRD condition 'Established' (status: 'True')
2025-01-30 18:35:03,299 INFO c.h.h.t.HelmChartContainer - [hivemq-test-hivemq-platform] [hivemq-platform-operator] [eda2dbec] 18:35:03.297 [main] INFO  c.h.platform.operator.util.CRDUtil - HiveMQ Platform CRD 'hivemq-platforms.hivemq.com' is ready
2025-01-30 18:35:03,502 INFO c.h.h.t.HelmChartContainer - [hivemq-test-hivemq-platform] [hivemq-platform-operator] [eda2dbec] 18:35:03.500 [main] INFO  c.h.p.o.HiveMQPlatformReconciler - HiveMQ Platform Operator is starting...
2025-01-30 18:35:03,607 INFO c.h.h.t.HelmChartContainer - [hivemq-test-hivemq-platform] [hivemq-platform-operator] [eda2dbec] 18:35:03.606 [main] WARN  Default ConfigurationService implementation - Configuration for reconciler 'hivemq-controller' was not found. Known reconcilers: None.
2025-01-30 18:35:03,693 INFO c.h.h.t.HelmChartContainer - [hivemq-test-hivemq-platform] [hivemq-platform-operator] [eda2dbec] 18:35:03.692 [main] INFO  Default ConfigurationService implementation - Created configuration for reconciler com.hivemq.platform.operator.HiveMQPlatformReconciler with name hivemq-controller
2025-01-30 18:35:03,794 INFO c.h.h.t.HelmChartContainer - [hivemq-test-hivemq-platform] [hivemq-platform-operator] [eda2dbec] 18:35:03.793 [main] DEBUG c.h.p.o.HiveMQPlatformReconciler - HiveMQ Platform Operator is preparing EventSources
2025-01-30 18:35:03,807 INFO c.h.h.t.HelmChartContainer - [hivemq-test-hivemq-platform] [hivemq-platform-operator] [eda2dbec] 18:35:03.806 [main] INFO  i.javaoperatorsdk.operator.Operator - Registered reconciler: 'hivemq-controller' for resource: 'class com.hivemq.platform.operator.v1.HiveMQPlatform' for namespace(s): [all namespaces]
2025-01-30 18:35:04,497 INFO c.h.h.t.HelmChartContainer - [hivemq-test-hivemq-platform] [hivemq-platform-operator] [eda2dbec] 18:35:04.495 [main] INFO  c.h.p.operator.webserver.JettyServer - Starting Jetty server on port 8080
2025-01-30 18:35:04,517 INFO c.h.h.t.HelmChartContainer - [hivemq-test-hivemq-platform] [hivemq-platform-operator] [eda2dbec] 18:35:04.516 [main] INFO  i.javaoperatorsdk.operator.Operator - Operator SDK 4.9.7 (commit: 2133d28) built on Wed Nov 20 12:56:20 UTC 2024 starting...
2025-01-30 18:35:04,517 INFO c.h.h.t.HelmChartContainer - [hivemq-test-hivemq-platform] [hivemq-platform-operator] [eda2dbec] 18:35:04.517 [main] INFO  i.javaoperatorsdk.operator.Operator - Client version: 6.13.5
2025-01-30 18:35:04,593 INFO c.h.h.t.HelmChartContainer - [hivemq-test-hivemq-platform] [hivemq-platform-operator] [eda2dbec] 18:35:04.592 [Controller Starter for: hivemq-controller] INFO  i.j.operator.processing.Controller - Starting 'hivemq-controller' controller for reconciler: com.hivemq.platform.operator.HiveMQPlatformReconciler, resource: com.hivemq.platform.operator.v1.HiveMQPlatform
2025-01-30 18:35:05,908 INFO c.h.h.t.HelmChartContainer - [POD] metrics-server-8584b5786c-kt8jb [0d2afe91-6141-495a-9d2c-0fdb5b2b35f0] in kube-system was MODIFIED
2025-01-30 18:35:05,918 INFO c.h.h.t.HelmChartContainer - [K3S] [replica_set.go:679] "Finished syncing" kind="ReplicaSet" key="kube-system/metrics-server-8584b5786c" duration="11.719913ms"
2025-01-30 18:35:05,918 INFO c.h.h.t.HelmChartContainer - [K3S] [replica_set.go:679] "Finished syncing" kind="ReplicaSet" key="kube-system/metrics-server-8584b5786c" duration="42.319µs"
2025-01-30 18:35:07,197 INFO c.h.h.t.HelmChartContainer - [hivemq-test-hivemq-platform] [hivemq-platform-operator] [eda2dbec] 18:35:07.196 [Controller Starter for: hivemq-controller] INFO  i.j.operator.processing.Controller - 'hivemq-controller' controller started
2025-01-30 18:35:07,198 INFO c.h.h.t.HelmChartContainer - [hivemq-test-hivemq-platform] [hivemq-platform-operator] [eda2dbec] 18:35:07.197 [main] INFO  c.h.p.o.HiveMQPlatformOperatorApplication - HiveMQ Platform Operator 1.7.0-SNAPSHOT started in 6887 ms
2025-01-30 18:35:07,942 INFO c.h.h.t.HelmChartContainer - [POD] hivemq-test-hivemq-platform-operator-6966f96d65-jkrr5 [eda2dbec-c29b-4067-adb3-d04df9494113] in customclusterdomainnameit-operator was MODIFIED
2025-01-30 18:35:07,948 INFO c.h.h.t.HelmChartContainer - [K3S] [replica_set.go:679] "Finished syncing" kind="ReplicaSet" key="customclusterdomainnameit-operator/hivemq-test-hivemq-platform-operator-6966f96d65" duration="8.053277ms"
2025-01-30 18:35:07,948 INFO c.h.h.t.HelmChartContainer - [K3S] [replica_set.go:679] "Finished syncing" kind="ReplicaSet" key="customclusterdomainnameit-operator/hivemq-test-hivemq-platform-operator-6966f96d65" duration="37.451µs"
2025-01-30 18:35:08,231 DEBUG c.h.h.t.HelmChartContainer - Executing helm command: /bin/helm --kubeconfig /etc/rancher/k3s/k3s.yaml install test-hivemq-platform /charts/hivemq-platform --wait --timeout 5m0s --set image.repository=docker.io/hivemq --set image.tag=4.36.0 --set image.pullPolicy=Never --set nodes.resources.cpu=512m -f /files/mqtt-values.yaml --namespace customclusterdomainnameit
2025-01-30 18:35:08,426 INFO c.h.h.t.HelmChartContainer - [K3S] [range_allocator.go:247] "Successfully synced" key="939b2c34f41e"
2025-01-30 18:35:08,696 INFO c.h.h.t.HelmChartContainer - [hivemq-test-hivemq-platform] [hivemq-platform-operator] [eda2dbec] 18:35:08.694 [-2082509879-pool-1-thread-3] WARN  i.m.p.PrometheusMeterRegistry - The meter (MeterId{name='operator.sdk.events.received', tags=[tag(action=ADDED),tag(event=ResourceEvent),tag(group=hivemq.com),tag(kind=HiveMQPlatform),tag(name=test-hivemq-platform),tag(namespace=customclusterdomainnameit),tag(scope=namespace),tag(version=v1)]}) registration has failed: Prometheus requires that all meters with the same name have the same set of tag keys. There is already an existing meter named 'operator.sdk.events.received' containing tag keys [event, group, kind, name, namespace, scope, version]. The meter you are attempting to register has keys [action, event, group, kind, name, namespace, scope, version]. Note that subsequent logs will be logged at debug level.
2025-01-30 18:35:09,116 INFO c.h.h.t.HelmChartContainer - [hivemq-test-hivemq-platform] [hivemq-platform-operator] [eda2dbec] 18:35:09.115 [pool-6-thread-3] DEBUG c.h.p.o.dependants.PodInfoConfigMap - [customcl] Desired PodInfo ConfigMap (1 extensions) (1 enabled)
2025-01-30 18:35:09,194 INFO c.h.h.t.HelmChartContainer - [hivemq-test-hivemq-platform] [hivemq-platform-operator] [eda2dbec] 18:35:09.191 [pool-6-thread-3] DEBUG c.h.p.o.dependants.PodInfoConfigMap - [customcl] Desired PodInfo ConfigMap (metrics port: 9399) (metrics path: /)
2025-01-30 18:35:09,194 INFO c.h.h.t.HelmChartContainer - [hivemq-test-hivemq-platform] [hivemq-platform-operator] [eda2dbec] 18:35:09.191 [pool-6-thread-3] DEBUG c.h.p.o.dependants.PodInfoConfigMap - [customcl] Desired PodInfo ConfigMap (extension state hash: -1817474005)
2025-01-30 18:35:09,198 INFO c.h.h.t.HelmChartContainer - [hivemq-test-hivemq-platform] [hivemq-platform-operator] [eda2dbec] 18:35:09.193 [pool-6-thread-3] DEBUG c.h.p.o.dependants.PodInfoConfigMap - [customcl] Create PodInfo ConfigMap
2025-01-30 18:35:09,299 INFO c.h.h.t.HelmChartContainer - [hivemq-test-hivemq-platform] [hivemq-platform-operator] [eda2dbec] 18:35:09.296 [pool-6-thread-5] DEBUG c.h.p.o.dependants.PodRoleResource - [customcl] Create Role: Role(apiVersion=rbac.authorization.k8s.io/v1, kind=Role, metadata=ObjectMeta(annotations={meta.helm.sh/release-name=test-hivemq-platform, meta.helm.sh/release-namespace=customclusterdomainnameit}, creationTimestamp=null, deletionGracePeriodSeconds=null, deletionTimestamp=null, finalizers=[], generateName=null, generation=null, labels={helm.sh/chart=hivemq-platform-0.2.32, app.kubernetes.io/managed-by=Helm, app.kubernetes.io/name=hivemq-platform, hivemq-platform=test-hivemq-platform, app.kubernetes.io/instance=test-hivemq-platform, app.kubernetes.io/version=4.36.0}, managedFields=[], name=hivemq-platform-role-test-hivemq-platform, namespace=customclusterdomainnameit, ownerReferences=[OwnerReference(apiVersion=hivemq.com/v1, blockOwnerDeletion=null, controller=null, kind=HiveMQPlatform, name=test-hivemq-platform, uid=a74357de-d2b3-4e6c-a0d4-b44c454b3b2c, additionalProperties={})], resourceVersion=null, selfLink=null, uid=null, additionalProperties={}), rules=[PolicyRule(apiGroups=[], nonResourceURLs=[], resourceNames=[], resources=[pods], verbs=[get, patch, update], additionalProperties={})], additionalProperties={})
2025-01-30 18:35:09,408 INFO c.h.h.t.HelmChartContainer - [hivemq-test-hivemq-platform] [hivemq-platform-operator] [eda2dbec] 18:35:09.406 [pool-6-thread-7] DEBUG c.h.p.o.d.PodServiceAccountResource - [customcl] Desired PodServiceAccountResource (serviceAccountName: hivemq-platform-pod-test-hivemq-platform)
2025-01-30 18:35:09,410 INFO c.h.h.t.HelmChartContainer - [hivemq-test-hivemq-platform] [hivemq-platform-operator] [eda2dbec] 18:35:09.408 [pool-6-thread-7] DEBUG c.h.p.o.d.PodServiceAccountResource - [customcl] Create ServiceAccount 'hivemq-platform-pod-test-hivemq-platform'
2025-01-30 18:35:09,601 INFO c.h.h.t.HelmChartContainer - [hivemq-test-hivemq-platform] [hivemq-platform-operator] [eda2dbec] 18:35:09.599 [pool-6-thread-10] DEBUG c.h.p.o.d.PodRoleBindingResource - [customcl] Create RoleBinding: RoleBinding(apiVersion=rbac.authorization.k8s.io/v1, kind=RoleBinding, metadata=ObjectMeta(annotations={meta.helm.sh/release-name=test-hivemq-platform, meta.helm.sh/release-namespace=customclusterdomainnameit}, creationTimestamp=null, deletionGracePeriodSeconds=null, deletionTimestamp=null, finalizers=[], generateName=null, generation=null, labels={helm.sh/chart=hivemq-platform-0.2.32, app.kubernetes.io/managed-by=Helm, app.kubernetes.io/name=hivemq-platform, hivemq-platform=test-hivemq-platform, app.kubernetes.io/instance=test-hivemq-platform, app.kubernetes.io/version=4.36.0}, managedFields=[], name=hivemq-platform-role-binding-test-hivemq-platform, namespace=customclusterdomainnameit, ownerReferences=[OwnerReference(apiVersion=hivemq.com/v1, blockOwnerDeletion=null, controller=null, kind=HiveMQPlatform, name=test-hivemq-platform, uid=a74357de-d2b3-4e6c-a0d4-b44c454b3b2c, additionalProperties={})], resourceVersion=null, selfLink=null, uid=null, additionalProperties={}), roleRef=RoleRef(apiGroup=rbac.authorization.k8s.io, kind=Role, name=hivemq-platform-role-test-hivemq-platform, additionalProperties={}), subjects=[Subject(apiGroup=null, kind=ServiceAccount, name=hivemq-platform-pod-test-hivemq-platform, namespace=customclusterdomainnameit, additionalProperties={})], additionalProperties={})
2025-01-30 18:35:09,694 INFO c.h.h.t.HelmChartContainer - [hivemq-test-hivemq-platform] [hivemq-platform-operator] [eda2dbec] 18:35:09.693 [ReconcilerExecutor-hivemq-controller-54] INFO  c.h.p.o.HiveMQPlatformReconciler - [customcl] Reconciling HiveMQ Platform 'test-hivemq-platform' in namespace 'customclusterdomainnameit'
2025-01-30 18:35:09,695 INFO c.h.h.t.HelmChartContainer - [hivemq-test-hivemq-platform] [hivemq-platform-operator] [eda2dbec] 18:35:09.693 [ReconcilerExecutor-hivemq-controller-54] DEBUG c.h.p.o.HiveMQPlatformReconciler - [customcl] Custom Resource Status CREATED - HiveMQ Platform was created (READY)
2025-01-30 18:35:09,695 INFO c.h.h.t.HelmChartContainer - [hivemq-test-hivemq-platform] [hivemq-platform-operator] [eda2dbec] 18:35:09.693 [ReconcilerExecutor-hivemq-controller-54] DEBUG c.h.p.o.HiveMQPlatformReconciler - [customcl] Custom Resource Spec (replicas: 1) (extensions: 1)
2025-01-30 18:35:09,699 INFO c.h.h.t.HelmChartContainer - [hivemq-test-hivemq-platform] [hivemq-platform-operator] [eda2dbec] 18:35:09.697 [ReconcilerExecutor-hivemq-controller-54] INFO  c.h.p.o.h.HiveMQPlatformReconcilerBaseHandler - [customcl] HiveMQ Platform is starting
2025-01-30 18:35:09,797 INFO c.h.h.t.HelmChartContainer - [hivemq-test-hivemq-platform] [hivemq-platform-operator] [eda2dbec] 18:35:09.796 [ReconcilerExecutor-hivemq-controller-54] DEBUG c.h.p.operator.event.EventSender - [customcl] Creating K8s event hivemq-platform-starting: [Start] HiveMQ Platform is starting
2025-01-30 18:35:09,806 INFO c.h.h.t.HelmChartContainer - [EVENT] Normal [Start] HiveMQ Platform is starting [customclusterdomainnameit:test-hivemq-platform]
2025-01-30 18:35:09,810 INFO c.h.h.t.HelmChartContainer - [hivemq-test-hivemq-platform] [hivemq-platform-operator] [eda2dbec] 18:35:09.809 [ReconcilerExecutor-hivemq-controller-54] INFO  c.h.p.o.h.AbstractHiveMQReconcilerStateHandler - [customcl] Update HiveMQ Platform Status (CREATED [READY] -> STARTING [READY]): HiveMQ Platform is starting
2025-01-30 18:35:09,901 DEBUG com.hivemq.helmcharts.util.K8sUtil - Comparing actual state 'STARTING' and waiting for 'RUNNING'
2025-01-30 18:35:19,911 INFO c.h.h.t.HelmChartContainer - [hivemq-test-hivemq-platform] [hivemq-platform-operator] [eda2dbec] 18:35:19.909 [pool-6-thread-12] DEBUG c.h.p.o.d.PlatformServiceResource - [customcl] Desired Platform services (2 services)
2025-01-30 18:35:19,913 INFO c.h.h.t.HelmChartContainer - [hivemq-test-hivemq-platform] [hivemq-platform-operator] [eda2dbec] 18:35:19.911 [pool-6-thread-13] DEBUG c.h.p.o.dependants.PodInfoConfigMap - [customcl] Desired PodInfo ConfigMap (1 extensions) (1 enabled)
2025-01-30 18:35:19,913 INFO c.h.h.t.HelmChartContainer - [hivemq-test-hivemq-platform] [hivemq-platform-operator] [eda2dbec] 18:35:19.911 [pool-6-thread-13] DEBUG c.h.p.o.dependants.PodInfoConfigMap - [customcl] Desired PodInfo ConfigMap (metrics port: 9399) (metrics path: /)
2025-01-30 18:35:19,913 INFO c.h.h.t.HelmChartContainer - [hivemq-test-hivemq-platform] [hivemq-platform-operator] [eda2dbec] 18:35:19.911 [pool-6-thread-13] DEBUG c.h.p.o.dependants.PodInfoConfigMap - [customcl] Desired PodInfo ConfigMap (extension state hash: -1817474005)
2025-01-30 18:35:19,917 INFO c.h.h.t.HelmChartContainer - [hivemq-test-hivemq-platform] [hivemq-platform-operator] [eda2dbec] 18:35:19.915 [pool-6-thread-17] DEBUG c.h.p.o.d.PodServiceAccountResource - [customcl] Desired PodServiceAccountResource (serviceAccountName: hivemq-platform-pod-test-hivemq-platform)
2025-01-30 18:35:19,919 INFO c.h.h.t.HelmChartContainer - [hivemq-test-hivemq-platform] [hivemq-platform-operator] [eda2dbec] 18:35:19.919 [pool-6-thread-13] DEBUG c.h.p.o.dependants.PodInfoConfigMap - [customcl] Update PodInfo ConfigMap
2025-01-30 18:35:20,007 INFO c.h.h.t.HelmChartContainer - [K3S] [alloc.go:330] "allocated clusterIPs" service="customclusterdomainnameit/hivemq-test-hivemq-platform-metrics-9399" clusterIPs={"IPv4":"10.43.161.245"}
2025-01-30 18:35:20,023 INFO c.h.h.t.HelmChartContainer - [K3S] [alloc.go:330] "allocated clusterIPs" service="customclusterdomainnameit/hivemq-test-hivemq-platform-mqtt-1884" clusterIPs={"IPv4":"10.43.97.180"}
2025-01-30 18:35:20,095 INFO c.h.h.t.HelmChartContainer - [hivemq-test-hivemq-platform] [hivemq-platform-operator] [eda2dbec] 18:35:20.094 [pool-6-thread-20] DEBUG c.h.p.o.d.StatefulSetResource - [customcl] Desired StatefulSet (1 replicas) for status STARTING (READY)
2025-01-30 18:35:20,108 INFO c.h.h.t.HelmChartContainer - [hivemq-test-hivemq-platform] [hivemq-platform-operator] [eda2dbec] 18:35:20.106 [pool-6-thread-20] DEBUG c.h.p.o.d.StatefulSetResource - [customcl] Create StatefulSet
2025-01-30 18:35:20,220 INFO c.h.h.t.HelmChartContainer - [POD] test-hivemq-platform-0 [bc834383-aac6-44aa-8c68-05df6fb1be0d] in customclusterdomainnameit was ADDED
2025-01-30 18:35:20,221 INFO c.h.h.t.HelmChartContainer - [EVENT] Normal [SuccessfulCreate] create Pod test-hivemq-platform-0 in StatefulSet test-hivemq-platform successful [customclusterdomainnameit:test-hivemq-platform]
2025-01-30 18:35:20,225 INFO c.h.h.t.HelmChartContainer - [EVENT] Normal [Scheduled] Successfully assigned customclusterdomainnameit/test-hivemq-platform-0 to 939b2c34f41e [customclusterdomainnameit:test-hivemq-platform-0]
2025-01-30 18:35:20,225 INFO c.h.h.t.HelmChartContainer - [POD] test-hivemq-platform-0 [bc834383-aac6-44aa-8c68-05df6fb1be0d] in customclusterdomainnameit was MODIFIED
2025-01-30 18:35:20,234 INFO c.h.h.t.HelmChartContainer - [POD] test-hivemq-platform-0 [bc834383-aac6-44aa-8c68-05df6fb1be0d] in customclusterdomainnameit was MODIFIED
2025-01-30 18:35:20,295 INFO c.h.h.t.HelmChartContainer - [hivemq-test-hivemq-platform] [hivemq-platform-operator] [eda2dbec] 18:35:20.291 [ReconcilerExecutor-hivemq-controller-65] INFO  c.h.p.o.HiveMQPlatformReconciler - [customcl] Reconciling HiveMQ Platform 'test-hivemq-platform' in namespace 'customclusterdomainnameit'
2025-01-30 18:35:20,296 INFO c.h.h.t.HelmChartContainer - [hivemq-test-hivemq-platform] [hivemq-platform-operator] [eda2dbec] 18:35:20.292 [ReconcilerExecutor-hivemq-controller-65] DEBUG c.h.p.o.HiveMQPlatformReconciler - [customcl] Custom Resource Status STARTING - HiveMQ Platform is starting (READY)
2025-01-30 18:35:20,296 INFO c.h.h.t.HelmChartContainer - [hivemq-test-hivemq-platform] [hivemq-platform-operator] [eda2dbec] 18:35:20.292 [ReconcilerExecutor-hivemq-controller-65] DEBUG c.h.p.o.HiveMQPlatformReconciler - [customcl] Custom Resource Spec (replicas: 1) (extensions: 1)
2025-01-30 18:35:20,296 INFO c.h.h.t.HelmChartContainer - [hivemq-test-hivemq-platform] [hivemq-platform-operator] [eda2dbec] 18:35:20.295 [ReconcilerExecutor-hivemq-controller-65] DEBUG c.h.p.o.HiveMQPlatformReconciler - [customcl] StatefulSet Status (revision: null, replicas: 0, available: 0, ready: 0, current: 0, updated: 0)
2025-01-30 18:35:20,296 INFO c.h.h.t.HelmChartContainer - [hivemq-test-hivemq-platform] [hivemq-platform-operator] [eda2dbec] 18:35:20.295 [ReconcilerExecutor-hivemq-controller-65] DEBUG c.h.p.o.HiveMQPlatformReconciler - [customcl] StatefulSet Spec (replicas: 1, init containers: 1, containers: 1, volumes: 3)
2025-01-30 18:35:20,397 INFO c.h.h.t.HelmChartContainer - [hivemq-test-hivemq-platform] [hivemq-platform-operator] [eda2dbec] 18:35:20.395 [ReconcilerExecutor-hivemq-controller-65] DEBUG c.h.p.o.h.HiveMQPlatformReconcilerErrorHandler - [customcl] Pod 'test-hivemq-platform-0' phase Pending
2025-01-30 18:35:20,399 INFO c.h.h.t.HelmChartContainer - [hivemq-test-hivemq-platform] [hivemq-platform-operator] [eda2dbec] 18:35:20.397 [ReconcilerExecutor-hivemq-controller-65] INFO  c.h.p.o.h.HiveMQPlatformReconcilerBaseHandler - [customcl] HiveMQ Platform is starting, 0 of 1 replicas are ready
2025-01-30 18:35:20,407 INFO c.h.h.t.HelmChartContainer - [hivemq-test-hivemq-platform] [hivemq-platform-operator] [eda2dbec] 18:35:20.403 [pool-6-thread-22] DEBUG c.h.p.o.d.PlatformServiceResource - [customcl] Desired Platform services (2 services)
2025-01-30 18:35:20,408 INFO c.h.h.t.HelmChartContainer - [hivemq-test-hivemq-platform] [hivemq-platform-operator] [eda2dbec] 18:35:20.404 [pool-6-thread-23] DEBUG c.h.p.o.dependants.PodInfoConfigMap - [customcl] Desired PodInfo ConfigMap (1 extensions) (1 enabled)
2025-01-30 18:35:20,408 INFO c.h.h.t.HelmChartContainer - [hivemq-test-hivemq-platform] [hivemq-platform-operator] [eda2dbec] 18:35:20.404 [pool-6-thread-23] DEBUG c.h.p.o.dependants.PodInfoConfigMap - [customcl] Desired PodInfo ConfigMap (metrics port: 9399) (metrics path: /)
2025-01-30 18:35:20,408 INFO c.h.h.t.HelmChartContainer - [hivemq-test-hivemq-platform] [hivemq-platform-operator] [eda2dbec] 18:35:20.404 [pool-6-thread-23] DEBUG c.h.p.o.dependants.PodInfoConfigMap - [customcl] Desired PodInfo ConfigMap (extension state hash: -1817474005)
2025-01-30 18:35:20,408 INFO c.h.h.t.HelmChartContainer - [K3S] [reconciler_common.go:251] "operationExecutor.VerifyControllerAttachedVolume started for volume \"pod-info\" (UniqueName: \"kubernetes.io/configmap/bc834383-aac6-44aa-8c68-05df6fb1be0d-pod-info\") pod \"test-hivemq-platform-0\" (UID: \"bc834383-aac6-44aa-8c68-05df6fb1be0d\") " pod="customclusterdomainnameit/test-hivemq-platform-0"
2025-01-30 18:35:20,408 INFO c.h.h.t.HelmChartContainer - [K3S] [reconciler_common.go:251] "operationExecutor.VerifyControllerAttachedVolume started for volume \"operator-init\" (UniqueName: \"kubernetes.io/empty-dir/bc834383-aac6-44aa-8c68-05df6fb1be0d-operator-init\") pod \"test-hivemq-platform-0\" (UID: \"bc834383-aac6-44aa-8c68-05df6fb1be0d\") " pod="customclusterdomainnameit/test-hivemq-platform-0"
2025-01-30 18:35:20,409 INFO c.h.h.t.HelmChartContainer - [K3S] [reconciler_common.go:251] "operationExecutor.VerifyControllerAttachedVolume started for volume \"kube-api-access-5vwm6\" (UniqueName: \"kubernetes.io/projected/bc834383-aac6-44aa-8c68-05df6fb1be0d-kube-api-access-5vwm6\") pod \"test-hivemq-platform-0\" (UID: \"bc834383-aac6-44aa-8c68-05df6fb1be0d\") " pod="customclusterdomainnameit/test-hivemq-platform-0"
2025-01-30 18:35:20,409 INFO c.h.h.t.HelmChartContainer - [K3S] [reconciler_common.go:251] "operationExecutor.VerifyControllerAttachedVolume started for volume \"broker-configuration\" (UniqueName: \"kubernetes.io/configmap/bc834383-aac6-44aa-8c68-05df6fb1be0d-broker-configuration\") pod \"test-hivemq-platform-0\" (UID: \"bc834383-aac6-44aa-8c68-05df6fb1be0d\") " pod="customclusterdomainnameit/test-hivemq-platform-0"
2025-01-30 18:35:20,497 INFO c.h.h.t.HelmChartContainer - [hivemq-test-hivemq-platform] [hivemq-platform-operator] [eda2dbec] 18:35:20.493 [pool-6-thread-27] DEBUG c.h.p.o.d.PodServiceAccountResource - [customcl] Desired PodServiceAccountResource (serviceAccountName: hivemq-platform-pod-test-hivemq-platform)
2025-01-30 18:35:20,498 INFO c.h.h.t.HelmChartContainer - [hivemq-test-hivemq-platform] [hivemq-platform-operator] [eda2dbec] 18:35:20.498 [pool-6-thread-30] DEBUG c.h.p.o.d.StatefulSetResource - [customcl] Desired StatefulSet (1 replicas) for status STARTING (READY)
2025-01-30 18:35:20,504 INFO c.h.h.t.HelmChartContainer - [hivemq-test-hivemq-platform] [hivemq-platform-operator] [eda2dbec] 18:35:20.503 [ReconcilerExecutor-hivemq-controller-76] INFO  c.h.p.o.HiveMQPlatformReconciler - [customcl] Reconciling HiveMQ Platform 'test-hivemq-platform' in namespace 'customclusterdomainnameit'
2025-01-30 18:35:20,504 INFO c.h.h.t.HelmChartContainer - [hivemq-test-hivemq-platform] [hivemq-platform-operator] [eda2dbec] 18:35:20.503 [ReconcilerExecutor-hivemq-controller-76] DEBUG c.h.p.o.HiveMQPlatformReconciler - [customcl] Custom Resource Status STARTING - HiveMQ Platform is starting (READY)
2025-01-30 18:35:20,504 INFO c.h.h.t.HelmChartContainer - [hivemq-test-hivemq-platform] [hivemq-platform-operator] [eda2dbec] 18:35:20.503 [ReconcilerExecutor-hivemq-controller-76] DEBUG c.h.p.o.HiveMQPlatformReconciler - [customcl] Custom Resource Spec (replicas: 1) (extensions: 1)
2025-01-30 18:35:20,506 INFO c.h.h.t.HelmChartContainer - [hivemq-test-hivemq-platform] [hivemq-platform-operator] [eda2dbec] 18:35:20.505 [ReconcilerExecutor-hivemq-controller-76] DEBUG c.h.p.o.HiveMQPlatformReconciler - [customcl] StatefulSet Status (revision: test-hivemq-platform-5bf899b4bb, replicas: 1, available: 0, ready: 0, current: 1, updated: 1)
2025-01-30 18:35:20,506 INFO c.h.h.t.HelmChartContainer - [hivemq-test-hivemq-platform] [hivemq-platform-operator] [eda2dbec] 18:35:20.505 [ReconcilerExecutor-hivemq-controller-76] DEBUG c.h.p.o.HiveMQPlatformReconciler - [customcl] StatefulSet Spec (replicas: 1, init containers: 1, containers: 1, volumes: 3)
2025-01-30 18:35:20,598 INFO c.h.h.t.HelmChartContainer - [hivemq-test-hivemq-platform] [hivemq-platform-operator] [eda2dbec] 18:35:20.596 [ReconcilerExecutor-hivemq-controller-76] DEBUG c.h.p.o.h.HiveMQPlatformReconcilerErrorHandler - [customcl] Pod 'test-hivemq-platform-0' phase Pending
2025-01-30 18:35:20,599 INFO c.h.h.t.HelmChartContainer - [hivemq-test-hivemq-platform] [hivemq-platform-operator] [eda2dbec] 18:35:20.596 [ReconcilerExecutor-hivemq-controller-76] DEBUG c.h.p.o.h.HiveMQPlatformReconcilerErrorHandler - [customcl] Pod 'test-hivemq-platform-0' condition 'PodReadyToStartContainers': False
2025-01-30 18:35:20,600 INFO c.h.h.t.HelmChartContainer - [hivemq-test-hivemq-platform] [hivemq-platform-operator] [eda2dbec] 18:35:20.597 [ReconcilerExecutor-hivemq-controller-76] DEBUG c.h.p.o.h.HiveMQPlatformReconcilerErrorHandler - [customcl] Pod 'test-hivemq-platform-0' condition 'Initialized': False
2025-01-30 18:35:20,600 INFO c.h.h.t.HelmChartContainer - [hivemq-test-hivemq-platform] [hivemq-platform-operator] [eda2dbec] 18:35:20.597 [ReconcilerExecutor-hivemq-controller-76] DEBUG c.h.p.o.h.HiveMQPlatformReconcilerErrorHandler - [customcl] Pod 'test-hivemq-platform-0' condition 'Ready': False
2025-01-30 18:35:20,600 INFO c.h.h.t.HelmChartContainer - [hivemq-test-hivemq-platform] [hivemq-platform-operator] [eda2dbec] 18:35:20.597 [ReconcilerExecutor-hivemq-controller-76] DEBUG c.h.p.o.h.HiveMQPlatformReconcilerErrorHandler - [customcl] Pod 'test-hivemq-platform-0' condition 'ContainersReady': False
2025-01-30 18:35:20,601 INFO c.h.h.t.HelmChartContainer - [hivemq-test-hivemq-platform] [hivemq-platform-operator] [eda2dbec] 18:35:20.597 [ReconcilerExecutor-hivemq-controller-76] DEBUG c.h.p.o.h.HiveMQPlatformReconcilerErrorHandler - [customcl] Pod 'test-hivemq-platform-0' condition 'PodScheduled': True
2025-01-30 18:35:20,601 INFO c.h.h.t.HelmChartContainer - [hivemq-test-hivemq-platform] [hivemq-platform-operator] [eda2dbec] 18:35:20.597 [ReconcilerExecutor-hivemq-controller-76] DEBUG c.h.p.o.h.HiveMQPlatformReconcilerErrorHandler - [customcl] Pod 'test-hivemq-platform-0' containerStatus 'hivemq' (started: false) (ready: false) (waiting: [PodInitializing] null)
2025-01-30 18:35:20,602 INFO c.h.h.t.HelmChartContainer - [hivemq-test-hivemq-platform] [hivemq-platform-operator] [eda2dbec] 18:35:20.602 [ReconcilerExecutor-hivemq-controller-76] INFO  c.h.p.o.h.HiveMQPlatformReconcilerBaseHandler - [customcl] HiveMQ Platform is starting, 0 of 1 replicas are ready
2025-01-30 18:35:20,621 INFO c.h.h.t.HelmChartContainer - [EVENT] Normal [Pulled] Container image "docker.io/hivemq/hivemq-platform-operator-init-test:snapshot" already present on machine [customclusterdomainnameit:test-hivemq-platform-0]
2025-01-30 18:35:20,628 INFO c.h.h.t.HelmChartContainer - [EVENT] Normal [Created] Created container: hivemq-platform-operator-init [customclusterdomainnameit:test-hivemq-platform-0]
2025-01-30 18:35:20,669 INFO c.h.h.t.HelmChartContainer - [EVENT] Normal [Started] Started container hivemq-platform-operator-init [customclusterdomainnameit:test-hivemq-platform-0]
2025-01-30 18:35:21,001 INFO c.h.h.t.HelmChartContainer - [POD] test-hivemq-platform-0 [bc834383-aac6-44aa-8c68-05df6fb1be0d] in customclusterdomainnameit was MODIFIED
2025-01-30 18:35:21,017 INFO c.h.h.t.HelmChartContainer - [hivemq-test-hivemq-platform] [hivemq-platform-operator] [eda2dbec] 18:35:21.014 [pool-6-thread-32] DEBUG c.h.p.o.d.PlatformServiceResource - [customcl] Desired Platform services (2 services)
2025-01-30 18:35:21,017 INFO c.h.h.t.HelmChartContainer - [hivemq-test-hivemq-platform] [hivemq-platform-operator] [eda2dbec] 18:35:21.016 [pool-6-thread-33] DEBUG c.h.p.o.dependants.PodInfoConfigMap - [customcl] Desired PodInfo ConfigMap (1 extensions) (1 enabled)
2025-01-30 18:35:21,019 INFO c.h.h.t.HelmChartContainer - [hivemq-test-hivemq-platform] [hivemq-platform-operator] [eda2dbec] 18:35:21.018 [pool-6-thread-33] DEBUG c.h.p.o.dependants.PodInfoConfigMap - [customcl] Desired PodInfo ConfigMap (metrics port: 9399) (metrics path: /)
2025-01-30 18:35:21,020 INFO c.h.h.t.HelmChartContainer - [hivemq-test-hivemq-platform] [hivemq-platform-operator] [eda2dbec] 18:35:21.018 [pool-6-thread-33] DEBUG c.h.p.o.dependants.PodInfoConfigMap - [customcl] Desired PodInfo ConfigMap (extension state hash: -1817474005)
2025-01-30 18:35:21,024 INFO c.h.h.t.HelmChartContainer - [hivemq-test-hivemq-platform] [hivemq-platform-operator] [eda2dbec] 18:35:21.022 [pool-6-thread-37] DEBUG c.h.p.o.d.PodServiceAccountResource - [customcl] Desired PodServiceAccountResource (serviceAccountName: hivemq-platform-pod-test-hivemq-platform)
2025-01-30 18:35:21,095 INFO c.h.h.t.HelmChartContainer - [hivemq-test-hivemq-platform] [hivemq-platform-operator] [eda2dbec] 18:35:21.093 [pool-6-thread-40] DEBUG c.h.p.o.d.StatefulSetResource - [customcl] Desired StatefulSet (1 replicas) for status STARTING (READY)
2025-01-30 18:35:21,099 INFO c.h.h.t.HelmChartContainer - [hivemq-test-hivemq-platform] [hivemq-platform-operator] [eda2dbec] 18:35:21.098 [ReconcilerExecutor-hivemq-controller-87] INFO  c.h.p.o.HiveMQPlatformReconciler - [customcl] Reconciling HiveMQ Platform 'test-hivemq-platform' in namespace 'customclusterdomainnameit'
2025-01-30 18:35:21,099 INFO c.h.h.t.HelmChartContainer - [hivemq-test-hivemq-platform] [hivemq-platform-operator] [eda2dbec] 18:35:21.098 [ReconcilerExecutor-hivemq-controller-87] DEBUG c.h.p.o.HiveMQPlatformReconciler - [customcl] Custom Resource Status STARTING - HiveMQ Platform is starting (READY)
2025-01-30 18:35:21,099 INFO c.h.h.t.HelmChartContainer - [hivemq-test-hivemq-platform] [hivemq-platform-operator] [eda2dbec] 18:35:21.098 [ReconcilerExecutor-hivemq-controller-87] DEBUG c.h.p.o.HiveMQPlatformReconciler - [customcl] Custom Resource Spec (replicas: 1) (extensions: 1)
2025-01-30 18:35:21,101 INFO c.h.h.t.HelmChartContainer - [hivemq-test-hivemq-platform] [hivemq-platform-operator] [eda2dbec] 18:35:21.100 [ReconcilerExecutor-hivemq-controller-87] DEBUG c.h.p.o.HiveMQPlatformReconciler - [customcl] StatefulSet Status (revision: test-hivemq-platform-5bf899b4bb, replicas: 1, available: 0, ready: 0, current: 1, updated: 1)
2025-01-30 18:35:21,101 INFO c.h.h.t.HelmChartContainer - [hivemq-test-hivemq-platform] [hivemq-platform-operator] [eda2dbec] 18:35:21.101 [ReconcilerExecutor-hivemq-controller-87] DEBUG c.h.p.o.HiveMQPlatformReconciler - [customcl] StatefulSet Spec (replicas: 1, init containers: 1, containers: 1, volumes: 3)
2025-01-30 18:35:21,105 INFO c.h.h.t.HelmChartContainer - [hivemq-test-hivemq-platform] [hivemq-platform-operator] [eda2dbec] 18:35:21.104 [ReconcilerExecutor-hivemq-controller-87] DEBUG c.h.p.o.h.HiveMQPlatformReconcilerErrorHandler - [customcl] Pod 'test-hivemq-platform-0' phase Pending
2025-01-30 18:35:21,105 INFO c.h.h.t.HelmChartContainer - [hivemq-test-hivemq-platform] [hivemq-platform-operator] [eda2dbec] 18:35:21.105 [ReconcilerExecutor-hivemq-controller-87] DEBUG c.h.p.o.h.HiveMQPlatformReconcilerErrorHandler - [customcl] Pod 'test-hivemq-platform-0' condition 'PodReadyToStartContainers': True
2025-01-30 18:35:21,106 INFO c.h.h.t.HelmChartContainer - [hivemq-test-hivemq-platform] [hivemq-platform-operator] [eda2dbec] 18:35:21.105 [ReconcilerExecutor-hivemq-controller-87] DEBUG c.h.p.o.h.HiveMQPlatformReconcilerErrorHandler - [customcl] Pod 'test-hivemq-platform-0' condition 'Initialized': False
2025-01-30 18:35:21,106 INFO c.h.h.t.HelmChartContainer - [hivemq-test-hivemq-platform] [hivemq-platform-operator] [eda2dbec] 18:35:21.105 [ReconcilerExecutor-hivemq-controller-87] DEBUG c.h.p.o.h.HiveMQPlatformReconcilerErrorHandler - [customcl] Pod 'test-hivemq-platform-0' condition 'Ready': False
2025-01-30 18:35:21,106 INFO c.h.h.t.HelmChartContainer - [hivemq-test-hivemq-platform] [hivemq-platform-operator] [eda2dbec] 18:35:21.105 [ReconcilerExecutor-hivemq-controller-87] DEBUG c.h.p.o.h.HiveMQPlatformReconcilerErrorHandler - [customcl] Pod 'test-hivemq-platform-0' condition 'ContainersReady': False
2025-01-30 18:35:21,106 INFO c.h.h.t.HelmChartContainer - [hivemq-test-hivemq-platform] [hivemq-platform-operator] [eda2dbec] 18:35:21.105 [ReconcilerExecutor-hivemq-controller-87] DEBUG c.h.p.o.h.HiveMQPlatformReconcilerErrorHandler - [customcl] Pod 'test-hivemq-platform-0' condition 'PodScheduled': True
2025-01-30 18:35:21,107 INFO c.h.h.t.HelmChartContainer - [hivemq-test-hivemq-platform] [hivemq-platform-operator] [eda2dbec] 18:35:21.105 [ReconcilerExecutor-hivemq-controller-87] DEBUG c.h.p.o.h.HiveMQPlatformReconcilerErrorHandler - [customcl] Pod 'test-hivemq-platform-0' containerStatus 'hivemq' (started: false) (ready: false) (waiting: [PodInitializing] null)
2025-01-30 18:35:21,107 INFO c.h.h.t.HelmChartContainer - [hivemq-test-hivemq-platform] [hivemq-platform-operator] [eda2dbec] 18:35:21.106 [ReconcilerExecutor-hivemq-controller-87] INFO  c.h.p.o.h.HiveMQPlatformReconcilerBaseHandler - [customcl] HiveMQ Platform is starting, 0 of 1 replicas are ready
2025-01-30 18:35:21,961 INFO c.h.h.t.HelmChartContainer - [EVENT] Normal [Pulled] Container image "docker.io/hivemq/hivemq4:4.36.0" already present on machine [customclusterdomainnameit:test-hivemq-platform-0]
2025-01-30 18:35:21,961 INFO c.h.h.t.HelmChartContainer - Received Pulled event for container hivemq in pod test-hivemq-platform-0 [bc834383-aac6-44aa-8c68-05df6fb1be0d]
2025-01-30 18:35:21,968 INFO c.h.h.t.HelmChartContainer - [POD] test-hivemq-platform-0 [bc834383-aac6-44aa-8c68-05df6fb1be0d] in customclusterdomainnameit was MODIFIED
2025-01-30 18:35:21,978 INFO c.h.h.t.HelmChartContainer - [EVENT] Normal [Created] Created container: hivemq [customclusterdomainnameit:test-hivemq-platform-0]
2025-01-30 18:35:21,978 INFO c.h.h.t.HelmChartContainer - Received Created event for container hivemq in pod test-hivemq-platform-0 [bc834383-aac6-44aa-8c68-05df6fb1be0d]
2025-01-30 18:35:21,983 INFO c.h.h.t.HelmChartContainer - [hivemq-test-hivemq-platform] [hivemq-platform-operator] [eda2dbec] 18:35:21.979 [pool-6-thread-42] DEBUG c.h.p.o.d.PlatformServiceResource - [customcl] Desired Platform services (2 services)
2025-01-30 18:35:21,983 INFO c.h.h.t.HelmChartContainer - [hivemq-test-hivemq-platform] [hivemq-platform-operator] [eda2dbec] 18:35:21.980 [pool-6-thread-43] DEBUG c.h.p.o.dependants.PodInfoConfigMap - [customcl] Desired PodInfo ConfigMap (1 extensions) (1 enabled)
2025-01-30 18:35:21,983 INFO c.h.h.t.HelmChartContainer - [hivemq-test-hivemq-platform] [hivemq-platform-operator] [eda2dbec] 18:35:21.980 [pool-6-thread-43] DEBUG c.h.p.o.dependants.PodInfoConfigMap - [customcl] Desired PodInfo ConfigMap (metrics port: 9399) (metrics path: /)
2025-01-30 18:35:21,983 INFO c.h.h.t.HelmChartContainer - [hivemq-test-hivemq-platform] [hivemq-platform-operator] [eda2dbec] 18:35:21.980 [pool-6-thread-43] DEBUG c.h.p.o.dependants.PodInfoConfigMap - [customcl] Desired PodInfo ConfigMap (extension state hash: -1817474005)
2025-01-30 18:35:21,989 INFO c.h.h.t.HelmChartContainer - [hivemq-test-hivemq-platform] [hivemq-platform-operator] [eda2dbec] 18:35:21.987 [pool-6-thread-47] DEBUG c.h.p.o.d.PodServiceAccountResource - [customcl] Desired PodServiceAccountResource (serviceAccountName: hivemq-platform-pod-test-hivemq-platform)
2025-01-30 18:35:21,997 INFO c.h.h.t.HelmChartContainer - [hivemq-test-hivemq-platform] [hivemq-platform-operator] [eda2dbec] 18:35:21.995 [pool-6-thread-50] DEBUG c.h.p.o.d.StatefulSetResource - [customcl] Desired StatefulSet (1 replicas) for status STARTING (READY)
2025-01-30 18:35:22,001 INFO c.h.h.t.HelmChartContainer - [hivemq-test-hivemq-platform] [hivemq-platform-operator] [eda2dbec] 18:35:22.000 [ReconcilerExecutor-hivemq-controller-98] INFO  c.h.p.o.HiveMQPlatformReconciler - [customcl] Reconciling HiveMQ Platform 'test-hivemq-platform' in namespace 'customclusterdomainnameit'
2025-01-30 18:35:22,002 INFO c.h.h.t.HelmChartContainer - [hivemq-test-hivemq-platform] [hivemq-platform-operator] [eda2dbec] 18:35:22.000 [ReconcilerExecutor-hivemq-controller-98] DEBUG c.h.p.o.HiveMQPlatformReconciler - [customcl] Custom Resource Status STARTING - HiveMQ Platform is starting (READY)
2025-01-30 18:35:22,002 INFO c.h.h.t.HelmChartContainer - [hivemq-test-hivemq-platform] [hivemq-platform-operator] [eda2dbec] 18:35:22.000 [ReconcilerExecutor-hivemq-controller-98] DEBUG c.h.p.o.HiveMQPlatformReconciler - [customcl] Custom Resource Spec (replicas: 1) (extensions: 1)
2025-01-30 18:35:22,003 INFO c.h.h.t.HelmChartContainer - [hivemq-test-hivemq-platform] [hivemq-platform-operator] [eda2dbec] 18:35:22.003 [ReconcilerExecutor-hivemq-controller-98] DEBUG c.h.p.o.HiveMQPlatformReconciler - [customcl] StatefulSet Status (revision: test-hivemq-platform-5bf899b4bb, replicas: 1, available: 0, ready: 0, current: 1, updated: 1)
2025-01-30 18:35:22,006 INFO c.h.h.t.HelmChartContainer - [hivemq-test-hivemq-platform] [hivemq-platform-operator] [eda2dbec] 18:35:22.003 [ReconcilerExecutor-hivemq-controller-98] DEBUG c.h.p.o.HiveMQPlatformReconciler - [customcl] StatefulSet Spec (replicas: 1, init containers: 1, containers: 1, volumes: 3)
2025-01-30 18:35:22,008 INFO c.h.h.t.HelmChartContainer - [hivemq-test-hivemq-platform] [hivemq-platform-operator] [eda2dbec] 18:35:22.006 [ReconcilerExecutor-hivemq-controller-98] DEBUG c.h.p.o.h.HiveMQPlatformReconcilerErrorHandler - [customcl] Pod 'test-hivemq-platform-0' phase Pending
2025-01-30 18:35:22,008 INFO c.h.h.t.HelmChartContainer - [hivemq-test-hivemq-platform] [hivemq-platform-operator] [eda2dbec] 18:35:22.007 [ReconcilerExecutor-hivemq-controller-98] DEBUG c.h.p.o.h.HiveMQPlatformReconcilerErrorHandler - [customcl] Pod 'test-hivemq-platform-0' condition 'PodReadyToStartContainers': True
2025-01-30 18:35:22,009 INFO c.h.h.t.HelmChartContainer - [hivemq-test-hivemq-platform] [hivemq-platform-operator] [eda2dbec] 18:35:22.007 [ReconcilerExecutor-hivemq-controller-98] DEBUG c.h.p.o.h.HiveMQPlatformReconcilerErrorHandler - [customcl] Pod 'test-hivemq-platform-0' condition 'Initialized': True
2025-01-30 18:35:22,010 INFO c.h.h.t.HelmChartContainer - [hivemq-test-hivemq-platform] [hivemq-platform-operator] [eda2dbec] 18:35:22.007 [ReconcilerExecutor-hivemq-controller-98] DEBUG c.h.p.o.h.HiveMQPlatformReconcilerErrorHandler - [customcl] Pod 'test-hivemq-platform-0' condition 'Ready': False
2025-01-30 18:35:22,010 INFO c.h.h.t.HelmChartContainer - [hivemq-test-hivemq-platform] [hivemq-platform-operator] [eda2dbec] 18:35:22.007 [ReconcilerExecutor-hivemq-controller-98] DEBUG c.h.p.o.h.HiveMQPlatformReconcilerErrorHandler - [customcl] Pod 'test-hivemq-platform-0' condition 'ContainersReady': False
2025-01-30 18:35:22,010 INFO c.h.h.t.HelmChartContainer - [hivemq-test-hivemq-platform] [hivemq-platform-operator] [eda2dbec] 18:35:22.007 [ReconcilerExecutor-hivemq-controller-98] DEBUG c.h.p.o.h.HiveMQPlatformReconcilerErrorHandler - [customcl] Pod 'test-hivemq-platform-0' condition 'PodScheduled': True
2025-01-30 18:35:22,010 INFO c.h.h.t.HelmChartContainer - [hivemq-test-hivemq-platform] [hivemq-platform-operator] [eda2dbec] 18:35:22.007 [ReconcilerExecutor-hivemq-controller-98] DEBUG c.h.p.o.h.HiveMQPlatformReconcilerErrorHandler - [customcl] Pod 'test-hivemq-platform-0' containerStatus 'hivemq' (started: false) (ready: false) (waiting: [PodInitializing] null)
2025-01-30 18:35:22,010 INFO c.h.h.t.HelmChartContainer - [hivemq-test-hivemq-platform] [hivemq-platform-operator] [eda2dbec] 18:35:22.008 [ReconcilerExecutor-hivemq-controller-98] INFO  c.h.p.o.h.HiveMQPlatformReconcilerBaseHandler - [customcl] HiveMQ Platform is starting, 0 of 1 replicas are ready
2025-01-30 18:35:22,976 INFO c.h.h.t.HelmChartContainer - [POD] test-hivemq-platform-0 [bc834383-aac6-44aa-8c68-05df6fb1be0d] in customclusterdomainnameit was MODIFIED
2025-01-30 18:35:22,992 INFO c.h.h.t.HelmChartContainer - [EVENT] Normal [Started] Started container hivemq [customclusterdomainnameit:test-hivemq-platform-0]
2025-01-30 18:35:22,993 INFO c.h.h.t.HelmChartContainer - Started log watcher for hivemq in pod test-hivemq-platform-0 [bc834383-aac6-44aa-8c68-05df6fb1be0d]
2025-01-30 18:35:22,993 INFO c.h.h.t.HelmChartContainer - [test-hivemq-platform] [hivemq] [bc834383] Adding pre-installed HiveMQ Platform Operator extensions
2025-01-30 18:35:22,993 INFO c.h.h.t.HelmChartContainer - [test-hivemq-platform] [hivemq] [bc834383] Running as user 10000
2025-01-30 18:35:22,993 INFO c.h.h.t.HelmChartContainer - [test-hivemq-platform] [hivemq] [bc834383] Starting HiveMQ Platform Operator Init
2025-01-30 18:35:22,993 INFO c.h.h.t.HelmChartContainer - Received Started event for container hivemq in pod test-hivemq-platform-0 [bc834383-aac6-44aa-8c68-05df6fb1be0d]
2025-01-30 18:35:22,995 INFO c.h.h.t.HelmChartContainer - [hivemq-test-hivemq-platform] [hivemq-platform-operator] [eda2dbec] 18:35:22.992 [pool-6-thread-8] DEBUG c.h.p.o.d.PlatformServiceResource - [customcl] Desired Platform services (2 services)
2025-01-30 18:35:22,998 INFO c.h.h.t.HelmChartContainer - [hivemq-test-hivemq-platform] [hivemq-platform-operator] [eda2dbec] 18:35:22.994 [pool-6-thread-9] DEBUG c.h.p.o.dependants.PodInfoConfigMap - [customcl] Desired PodInfo ConfigMap (1 extensions) (1 enabled)
2025-01-30 18:35:22,998 INFO c.h.h.t.HelmChartContainer - [hivemq-test-hivemq-platform] [hivemq-platform-operator] [eda2dbec] 18:35:22.994 [pool-6-thread-9] DEBUG c.h.p.o.dependants.PodInfoConfigMap - [customcl] Desired PodInfo ConfigMap (metrics port: 9399) (metrics path: /)
2025-01-30 18:35:22,998 INFO c.h.h.t.HelmChartContainer - [hivemq-test-hivemq-platform] [hivemq-platform-operator] [eda2dbec] 18:35:22.994 [pool-6-thread-9] DEBUG c.h.p.o.dependants.PodInfoConfigMap - [customcl] Desired PodInfo ConfigMap (extension state hash: -1817474005)
2025-01-30 18:35:23,002 INFO c.h.h.t.HelmChartContainer - [hivemq-test-hivemq-platform] [hivemq-platform-operator] [eda2dbec] 18:35:23.000 [pool-6-thread-9] DEBUG c.h.p.o.d.PodServiceAccountResource - [customcl] Desired PodServiceAccountResource (serviceAccountName: hivemq-platform-pod-test-hivemq-platform)
2025-01-30 18:35:23,012 INFO c.h.h.t.HelmChartContainer - [hivemq-test-hivemq-platform] [hivemq-platform-operator] [eda2dbec] 18:35:23.009 [pool-6-thread-8] DEBUG c.h.p.o.d.StatefulSetResource - [customcl] Desired StatefulSet (1 replicas) for status STARTING (READY)
2025-01-30 18:35:23,016 INFO c.h.h.t.HelmChartContainer - [hivemq-test-hivemq-platform] [hivemq-platform-operator] [eda2dbec] 18:35:23.014 [ReconcilerExecutor-hivemq-controller-109] INFO  c.h.p.o.HiveMQPlatformReconciler - [customcl] Reconciling HiveMQ Platform 'test-hivemq-platform' in namespace 'customclusterdomainnameit'
2025-01-30 18:35:23,016 INFO c.h.h.t.HelmChartContainer - [hivemq-test-hivemq-platform] [hivemq-platform-operator] [eda2dbec] 18:35:23.015 [ReconcilerExecutor-hivemq-controller-109] DEBUG c.h.p.o.HiveMQPlatformReconciler - [customcl] Custom Resource Status STARTING - HiveMQ Platform is starting (READY)
2025-01-30 18:35:23,016 INFO c.h.h.t.HelmChartContainer - [hivemq-test-hivemq-platform] [hivemq-platform-operator] [eda2dbec] 18:35:23.015 [ReconcilerExecutor-hivemq-controller-109] DEBUG c.h.p.o.HiveMQPlatformReconciler - [customcl] Custom Resource Spec (replicas: 1) (extensions: 1)
2025-01-30 18:35:23,092 INFO c.h.h.t.HelmChartContainer - [hivemq-test-hivemq-platform] [hivemq-platform-operator] [eda2dbec] 18:35:23.091 [ReconcilerExecutor-hivemq-controller-109] DEBUG c.h.p.o.HiveMQPlatformReconciler - [customcl] StatefulSet Status (revision: test-hivemq-platform-5bf899b4bb, replicas: 1, available: 0, ready: 0, current: 1, updated: 1)
2025-01-30 18:35:23,093 INFO c.h.h.t.HelmChartContainer - [hivemq-test-hivemq-platform] [hivemq-platform-operator] [eda2dbec] 18:35:23.091 [ReconcilerExecutor-hivemq-controller-109] DEBUG c.h.p.o.HiveMQPlatformReconciler - [customcl] StatefulSet Spec (replicas: 1, init containers: 1, containers: 1, volumes: 3)
2025-01-30 18:35:23,096 INFO c.h.h.t.HelmChartContainer - [hivemq-test-hivemq-platform] [hivemq-platform-operator] [eda2dbec] 18:35:23.095 [ReconcilerExecutor-hivemq-controller-109] DEBUG c.h.p.o.h.HiveMQPlatformReconcilerErrorHandler - [customcl] Pod 'test-hivemq-platform-0' phase Running
2025-01-30 18:35:23,097 INFO c.h.h.t.HelmChartContainer - [hivemq-test-hivemq-platform] [hivemq-platform-operator] [eda2dbec] 18:35:23.096 [ReconcilerExecutor-hivemq-controller-109] INFO  c.h.p.o.h.HiveMQPlatformReconcilerBaseHandler - [customcl] HiveMQ Platform is starting, 0 of 1 replicas are ready
2025-01-30 18:35:23,264 INFO c.h.h.t.HelmChartContainer - [test-hivemq-platform] [hivemq] [bc834383] INFO  - [HiveMQ Platform Operator Init 1.7.0-SNAPSHOT] HiveMQ Platform Operator Init 1.7.0-SNAPSHOT (commit: 47e3375 on branch: HEAD) built on Thu Jan 30 03:55:50 UTC 2025
2025-01-30 18:35:24,382 INFO c.h.h.t.HelmChartContainer - [test-hivemq-platform] [hivemq] [bc834383] INFO  - [HiveMQ Platform Operator Init App 1.7.0-SNAPSHOT] Using bind address 10.42.0.6 from environment variable
2025-01-30 18:35:25,267 INFO c.h.h.t.HelmChartContainer - [test-hivemq-platform] [hivemq] [bc834383] INFO  - [HiveMQ Platform Operator Init App 1.7.0-SNAPSHOT] HiveMQ Platform Operator Init App 1.7.0-SNAPSHOT (commit: 47e3375 on branch: HEAD) built on Thu Jan 30 03:55:50 UTC 2025
2025-01-30 18:35:25,268 INFO c.h.h.t.HelmChartContainer - [test-hivemq-platform] [hivemq] [bc834383] INFO  - [HiveMQ Platform Operator Init App 1.7.0-SNAPSHOT] PodInfo ConfigMap directory: /etc/podinfo
2025-01-30 18:35:25,268 INFO c.h.h.t.HelmChartContainer - [test-hivemq-platform] [hivemq] [bc834383] INFO  - [HiveMQ Platform Operator Init App 1.7.0-SNAPSHOT] HiveMQ home directory: /opt/hivemq
2025-01-30 18:35:25,268 INFO c.h.h.t.HelmChartContainer - [test-hivemq-platform] [hivemq] [bc834383] INFO  - [HiveMQ Platform Operator Init App 1.7.0-SNAPSHOT] HiveMQ Logback folder: /opt/hivemq/conf
2025-01-30 18:35:25,268 INFO c.h.h.t.HelmChartContainer - [test-hivemq-platform] [hivemq] [bc834383] INFO  - [HiveMQ Platform Operator Init App 1.7.0-SNAPSHOT] HiveMQ Config folder: /opt/hivemq/conf-k8s
2025-01-30 18:35:25,268 INFO c.h.h.t.HelmChartContainer - [test-hivemq-platform] [hivemq] [bc834383] INFO  - [HiveMQ Platform Operator Init App 1.7.0-SNAPSHOT] Starting HiveMQ Platform Operator Init App
2025-01-30 18:35:25,268 INFO c.h.h.t.HelmChartContainer - [test-hivemq-platform] [hivemq] [bc834383] INFO  - [HiveMQ Platform Operator Init App 1.7.0-SNAPSHOT] Starting Pod reconciler
2025-01-30 18:35:26,480 INFO c.h.h.t.HelmChartContainer - [test-hivemq-platform] [hivemq] [bc834383] INFO  - [HiveMQ Platform Operator Init App 1.7.0-SNAPSHOT] Pod reconciler is scheduled (interval: 5000 ms)
2025-01-30 18:35:26,558 INFO c.h.h.t.HelmChartContainer - [test-hivemq-platform] [hivemq] [bc834383] INFO  - [HiveMQ Platform Operator Init App 1.7.0-SNAPSHOT] Starting the REST API on 10.42.0.6:7979
2025-01-30 18:35:26,561 INFO c.h.h.t.HelmChartContainer - [test-hivemq-platform] [hivemq] [bc834383] INFO  - [HiveMQ Platform Operator Init App 1.7.0-SNAPSHOT] Waiting up to 600s for at most 1 HiveMQ nodes in cluster service hivemq-test-hivemq-platform-cluster.customclusterdomainnameit.svc
2025-01-30 18:35:26,874 INFO c.h.h.t.HelmChartContainer - [test-hivemq-platform] [hivemq] [bc834383] INFO  - [HiveMQ Platform Operator Init App 1.7.0-SNAPSHOT] Resolved 1 IP addresses: [10.42.0.6]
2025-01-30 18:35:26,874 INFO c.h.h.t.HelmChartContainer - [test-hivemq-platform] [hivemq] [bc834383] INFO  - [HiveMQ Platform Operator Init App 1.7.0-SNAPSHOT] HiveMQ node count of 1 is within threshold of 1
2025-01-30 18:35:26,874 INFO c.h.h.t.HelmChartContainer - [test-hivemq-platform] [hivemq] [bc834383] INFO  - [HiveMQ Platform Operator Init App 1.7.0-SNAPSHOT] Proceeding with container start
2025-01-30 18:35:26,965 INFO c.h.h.t.HelmChartContainer - [test-hivemq-platform] [hivemq] [bc834383] INFO  - [HiveMQ Platform Operator Init App 1.7.0-SNAPSHOT] Initializing HiveMQ Platform extensions with initial configuration: {hivemq-allow-all-extension={start-priority=-1, skip-https-hostname-verification=false, restart=true, config-version=0, header-version=0, c-uri=, priority=-1, uri=preinstalled, skip-https-certificate-validation=false, enabled=true}, hivemq-prometheus-extension={uri=preinstalled, request-header-path=no-request-headers, enabled=true, restart=true, priority=-1, start-priority=-1, c-uri=, skip-https-hostname-verification=false, skip-https-certificate-validation=false}}
2025-01-30 18:35:27,377 INFO c.h.h.t.HelmChartContainer - [test-hivemq-platform] [hivemq] [bc834383] INFO  - [HiveMQ Platform Operator Init App 1.7.0-SNAPSHOT] Extension hivemq-allow-all-extension was already enabled
2025-01-30 18:35:27,466 INFO c.h.h.t.HelmChartContainer - [test-hivemq-platform] [hivemq] [bc834383] INFO  - [HiveMQ Platform Operator Init App 1.7.0-SNAPSHOT] Successfully enabled extension hivemq-prometheus-extension
2025-01-30 18:35:27,468 INFO c.h.h.t.HelmChartContainer - [test-hivemq-platform] [hivemq] [bc834383] INFO  - [HiveMQ Platform Operator Init App 1.7.0-SNAPSHOT] Starting HiveMQ Platform version 4.36.0 (4.36.0)
2025-01-30 18:35:27,468 INFO c.h.h.t.HelmChartContainer - [test-hivemq-platform] [hivemq] [bc834383] INFO  - [HiveMQ Platform Operator Init App 1.7.0-SNAPSHOT] Configuring the HiveMQ Platform
2025-01-30 18:35:27,560 INFO c.h.h.t.HelmChartContainer - [test-hivemq-platform] [hivemq] [bc834383] INFO  - [HiveMQ Platform Operator Init App 1.7.0-SNAPSHOT] Changed logback.xml file scan period to 20 seconds
2025-01-30 18:35:27,657 INFO c.h.h.t.HelmChartContainer - [test-hivemq-platform] [hivemq] [bc834383] INFO  - [HiveMQ Platform Operator Init App 1.7.0-SNAPSHOT] Starting the HiveMQ Platform
2025-01-30 18:35:27,661 INFO c.h.h.t.HelmChartContainer - [test-hivemq-platform] [hivemq] [bc834383] -------------------------------------------------------------------------
2025-01-30 18:35:27,661 INFO c.h.h.t.HelmChartContainer - [test-hivemq-platform] [hivemq] [bc834383] 
2025-01-30 18:35:27,661 INFO c.h.h.t.HelmChartContainer - [test-hivemq-platform] [hivemq] [bc834383]                   _    _  _              __  __   ____
2025-01-30 18:35:27,661 INFO c.h.h.t.HelmChartContainer - [test-hivemq-platform] [hivemq] [bc834383]                  | |  | |(_)            |  \/  | / __ \
2025-01-30 18:35:27,661 INFO c.h.h.t.HelmChartContainer - [test-hivemq-platform] [hivemq] [bc834383]                  | |__| | _ __   __ ___ | \  / || |  | |
2025-01-30 18:35:27,661 INFO c.h.h.t.HelmChartContainer - [test-hivemq-platform] [hivemq] [bc834383]                  |  __  || |\ \ / // _ \| |\/| || |  | |
2025-01-30 18:35:27,661 INFO c.h.h.t.HelmChartContainer - [test-hivemq-platform] [hivemq] [bc834383]                  | |  | || | \ V /|  __/| |  | || |__| |
2025-01-30 18:35:27,661 INFO c.h.h.t.HelmChartContainer - [test-hivemq-platform] [hivemq] [bc834383]                  |_|  |_||_|  \_/  \___||_|  |_| \___\_\
2025-01-30 18:35:27,661 INFO c.h.h.t.HelmChartContainer - [test-hivemq-platform] [hivemq] [bc834383] 
2025-01-30 18:35:27,661 INFO c.h.h.t.HelmChartContainer - [test-hivemq-platform] [hivemq] [bc834383] -------------------------------------------------------------------------
2025-01-30 18:35:27,661 INFO c.h.h.t.HelmChartContainer - [test-hivemq-platform] [hivemq] [bc834383] 
2025-01-30 18:35:27,661 INFO c.h.h.t.HelmChartContainer - [test-hivemq-platform] [hivemq] [bc834383]   HiveMQ Start Script for Linux/Unix v1.14
2025-01-30 18:35:27,661 INFO c.h.h.t.HelmChartContainer - [test-hivemq-platform] [hivemq] [bc834383] 
2025-01-30 18:35:27,690 INFO c.h.h.t.HelmChartContainer - [test-hivemq-platform] [hivemq] [bc834383] -------------------------------------------------------------------------
2025-01-30 18:35:27,690 INFO c.h.h.t.HelmChartContainer - [test-hivemq-platform] [hivemq] [bc834383] 
2025-01-30 18:35:27,690 INFO c.h.h.t.HelmChartContainer - [test-hivemq-platform] [hivemq] [bc834383]   HIVEMQ_HOME: /opt/hivemq
2025-01-30 18:35:27,690 INFO c.h.h.t.HelmChartContainer - [test-hivemq-platform] [hivemq] [bc834383] 
2025-01-30 18:35:27,690 INFO c.h.h.t.HelmChartContainer - [test-hivemq-platform] [hivemq] [bc834383]   JAVA_OPTS: -XX:+UnlockExperimentalVMOptions -XX:InitialRAMPercentage=50 -XX:MaxRAMPercentage=50 -Djava.net.preferIPv4Stack=true --add-opens java.base/java.lang=ALL-UNNAMED --add-opens java.base/java.nio=ALL-UNNAMED --add-opens java.base/sun.nio.ch=ALL-UNNAMED --add-opens jdk.management/com.sun.management.internal=ALL-UNNAMED --add-exports java.base/jdk.internal.misc=ALL-UNNAMED -Djava.security.egd=file:/dev/./urandom -Dcom.sun.management.jmxremote -Dcom.sun.management.jmxremote.port=9010 -Dcom.sun.management.jmxremote.local.only=false -Dcom.sun.management.jmxremote.authenticate=false -Dcom.sun.management.jmxremote.ssl=false -Duser.language=en -Duser.region=US -XX:+CrashOnOutOfMemoryError -XX:+HeapDumpOnOutOfMemoryError
2025-01-30 18:35:27,690 INFO c.h.h.t.HelmChartContainer - [test-hivemq-platform] [hivemq] [bc834383] 
2025-01-30 18:35:27,690 INFO c.h.h.t.HelmChartContainer - [test-hivemq-platform] [hivemq] [bc834383]   JAVA_VERSION: 21
2025-01-30 18:35:27,690 INFO c.h.h.t.HelmChartContainer - [test-hivemq-platform] [hivemq] [bc834383] 
2025-01-30 18:35:27,690 INFO c.h.h.t.HelmChartContainer - [test-hivemq-platform] [hivemq] [bc834383] -------------------------------------------------------------------------
2025-01-30 18:35:27,690 INFO c.h.h.t.HelmChartContainer - [test-hivemq-platform] [hivemq] [bc834383] 
2025-01-30 18:35:28,975 INFO c.h.h.t.HelmChartContainer - [test-hivemq-platform] [hivemq] [bc834383] INFO  - [HiveMQ Platform Operator Init App 1.7.0-SNAPSHOT] Returning default Health API response 503 for readiness
2025-01-30 18:35:29,369 INFO c.h.h.t.HelmChartContainer - [EVENT] Warning [Unhealthy] Readiness probe failed: HTTP probe failed with statuscode: 503 [customclusterdomainnameit:test-hivemq-platform-0]
2025-01-30 18:35:29,369 INFO c.h.h.t.HelmChartContainer - Received Unhealthy event for container hivemq in pod test-hivemq-platform-0 [bc834383-aac6-44aa-8c68-05df6fb1be0d]
2025-01-30 18:35:30,375 INFO c.h.h.t.HelmChartContainer - [test-hivemq-platform] [hivemq] [bc834383] INFO  - Starting HiveMQ Enterprise Server
2025-01-30 18:35:30,380 INFO c.h.h.t.HelmChartContainer - [test-hivemq-platform] [hivemq] [bc834383] INFO  - HiveMQ version: 4.36.0
2025-01-30 18:35:30,380 INFO c.h.h.t.HelmChartContainer - [test-hivemq-platform] [hivemq] [bc834383] INFO  - HiveMQ home directory: /opt/hivemq
2025-01-30 18:35:30,381 INFO c.h.h.t.HelmChartContainer - [test-hivemq-platform] [hivemq] [bc834383] INFO  - Log Configuration was overridden by /opt/hivemq/conf/logback.xml
2025-01-30 18:35:31,770 INFO c.h.h.t.HelmChartContainer - [test-hivemq-platform] [hivemq] [bc834383] INFO  - Successfully loaded configuration from '/opt/hivemq/conf-k8s/config.xml'.
2025-01-30 18:35:32,564 INFO c.h.h.t.HelmChartContainer - [test-hivemq-platform] [hivemq] [bc834383] INFO  - This node's ID is oBEIC
2025-01-30 18:35:32,564 INFO c.h.h.t.HelmChartContainer - [test-hivemq-platform] [hivemq] [bc834383] INFO  - Clustering is enabled
2025-01-30 18:35:33,101 INFO c.h.h.t.HelmChartContainer - [hivemq-test-hivemq-platform] [hivemq-platform-operator] [eda2dbec] 18:35:33.100 [pool-6-thread-11] DEBUG c.h.p.o.d.PlatformServiceResource - [customcl] Desired Platform services (2 services)
2025-01-30 18:35:33,104 INFO c.h.h.t.HelmChartContainer - [hivemq-test-hivemq-platform] [hivemq-platform-operator] [eda2dbec] 18:35:33.101 [pool-6-thread-17] DEBUG c.h.p.o.dependants.PodInfoConfigMap - [customcl] Desired PodInfo ConfigMap (1 extensions) (1 enabled)
2025-01-30 18:35:33,104 INFO c.h.h.t.HelmChartContainer - [hivemq-test-hivemq-platform] [hivemq-platform-operator] [eda2dbec] 18:35:33.103 [pool-6-thread-15] DEBUG c.h.p.o.d.PodServiceAccountResource - [customcl] Desired PodServiceAccountResource (serviceAccountName: hivemq-platform-pod-test-hivemq-platform)
2025-01-30 18:35:33,104 INFO c.h.h.t.HelmChartContainer - [hivemq-test-hivemq-platform] [hivemq-platform-operator] [eda2dbec] 18:35:33.103 [pool-6-thread-17] DEBUG c.h.p.o.dependants.PodInfoConfigMap - [customcl] Desired PodInfo ConfigMap (metrics port: 9399) (metrics path: /)
2025-01-30 18:35:33,104 INFO c.h.h.t.HelmChartContainer - [hivemq-test-hivemq-platform] [hivemq-platform-operator] [eda2dbec] 18:35:33.103 [pool-6-thread-17] DEBUG c.h.p.o.dependants.PodInfoConfigMap - [customcl] Desired PodInfo ConfigMap (extension state hash: -1817474005)
2025-01-30 18:35:33,109 INFO c.h.h.t.HelmChartContainer - [hivemq-test-hivemq-platform] [hivemq-platform-operator] [eda2dbec] 18:35:33.108 [pool-6-thread-11] DEBUG c.h.p.o.d.StatefulSetResource - [customcl] Desired StatefulSet (1 replicas) for status STARTING (READY)
2025-01-30 18:35:33,116 INFO c.h.h.t.HelmChartContainer - [hivemq-test-hivemq-platform] [hivemq-platform-operator] [eda2dbec] 18:35:33.114 [ReconcilerExecutor-hivemq-controller-110] INFO  c.h.p.o.HiveMQPlatformReconciler - [customcl] Reconciling HiveMQ Platform 'test-hivemq-platform' in namespace 'customclusterdomainnameit'
2025-01-30 18:35:33,116 INFO c.h.h.t.HelmChartContainer - [hivemq-test-hivemq-platform] [hivemq-platform-operator] [eda2dbec] 18:35:33.114 [ReconcilerExecutor-hivemq-controller-110] DEBUG c.h.p.o.HiveMQPlatformReconciler - [customcl] Custom Resource Status STARTING - HiveMQ Platform is starting (READY)
2025-01-30 18:35:33,116 INFO c.h.h.t.HelmChartContainer - [hivemq-test-hivemq-platform] [hivemq-platform-operator] [eda2dbec] 18:35:33.114 [ReconcilerExecutor-hivemq-controller-110] DEBUG c.h.p.o.HiveMQPlatformReconciler - [customcl] Custom Resource Spec (replicas: 1) (extensions: 1)
2025-01-30 18:35:33,117 INFO c.h.h.t.HelmChartContainer - [hivemq-test-hivemq-platform] [hivemq-platform-operator] [eda2dbec] 18:35:33.115 [ReconcilerExecutor-hivemq-controller-110] DEBUG c.h.p.o.HiveMQPlatformReconciler - [customcl] StatefulSet Status (revision: test-hivemq-platform-5bf899b4bb, replicas: 1, available: 0, ready: 0, current: 1, updated: 1)
2025-01-30 18:35:33,117 INFO c.h.h.t.HelmChartContainer - [hivemq-test-hivemq-platform] [hivemq-platform-operator] [eda2dbec] 18:35:33.115 [ReconcilerExecutor-hivemq-controller-110] DEBUG c.h.p.o.HiveMQPlatformReconciler - [customcl] StatefulSet Spec (replicas: 1, init containers: 1, containers: 1, volumes: 3)
2025-01-30 18:35:33,194 INFO c.h.h.t.HelmChartContainer - [hivemq-test-hivemq-platform] [hivemq-platform-operator] [eda2dbec] 18:35:33.193 [ReconcilerExecutor-hivemq-controller-110] DEBUG c.h.p.o.h.HiveMQPlatformReconcilerErrorHandler - [customcl] Pod 'test-hivemq-platform-0' phase Running
2025-01-30 18:35:33,196 INFO c.h.h.t.HelmChartContainer - [hivemq-test-hivemq-platform] [hivemq-platform-operator] [eda2dbec] 18:35:33.194 [ReconcilerExecutor-hivemq-controller-110] INFO  c.h.p.o.h.HiveMQPlatformReconcilerBaseHandler - [customcl] HiveMQ Platform is starting, 0 of 1 replicas are ready
2025-01-30 18:35:34,366 INFO c.h.h.t.HelmChartContainer - [test-hivemq-platform] [hivemq] [bc834383] WARN  - [HiveMQ Platform Operator Init App 1.7.0-SNAPSHOT] Cannot connect to Health API for readiness: null
2025-01-30 18:35:34,370 INFO c.h.h.t.HelmChartContainer - [EVENT] Warning [Unhealthy] Readiness probe failed: HTTP probe failed with statuscode: 503 [customclusterdomainnameit:test-hivemq-platform-0]
2025-01-30 18:35:34,370 INFO c.h.h.t.HelmChartContainer - Received Unhealthy event for container hivemq in pod test-hivemq-platform-0 [bc834383-aac6-44aa-8c68-05df6fb1be0d]
2025-01-30 18:35:36,776 INFO c.h.h.t.HelmChartContainer - [test-hivemq-platform] [hivemq] [bc834383] Jan 30, 2025 6:35:36 PM io.vertx.core.impl.BlockedThreadChecker
2025-01-30 18:35:36,776 INFO c.h.h.t.HelmChartContainer - [test-hivemq-platform] [hivemq] [bc834383] WARNING: Thread Thread[vert.x-eventloop-thread-1,5,main] has been blocked for 2198 ms, time limit is 2000 ms
2025-01-30 18:35:37,767 INFO c.h.h.t.HelmChartContainer - [test-hivemq-platform] [hivemq] [bc834383] Jan 30, 2025 6:35:37 PM io.vertx.core.impl.BlockedThreadChecker
2025-01-30 18:35:37,768 INFO c.h.h.t.HelmChartContainer - [test-hivemq-platform] [hivemq] [bc834383] WARNING: Thread Thread[vert.x-eventloop-thread-1,5,main] has been blocked for 3197 ms, time limit is 2000 ms
2025-01-30 18:35:37,870 INFO c.h.h.t.HelmChartContainer - [test-hivemq-platform] [hivemq] [bc834383] INFO  - [HiveMQ Platform Operator Init App 1.7.0-SNAPSHOT] Updating Pod HiveMQ Platform Operator Init App version annotation (version: 1.7.0-SNAPSHOT)
2025-01-30 18:35:38,480 INFO c.h.h.t.HelmChartContainer - [POD] test-hivemq-platform-0 [bc834383-aac6-44aa-8c68-05df6fb1be0d] in customclusterdomainnameit was MODIFIED
2025-01-30 18:35:38,484 INFO c.h.h.t.HelmChartContainer - [hivemq-test-hivemq-platform] [hivemq-platform-operator] [eda2dbec] 18:35:38.483 [pool-6-thread-25] DEBUG c.h.p.o.d.PlatformServiceResource - [customcl] Desired Platform services (2 services)
2025-01-30 18:35:38,488 INFO c.h.h.t.HelmChartContainer - [hivemq-test-hivemq-platform] [hivemq-platform-operator] [eda2dbec] 18:35:38.484 [pool-6-thread-26] DEBUG c.h.p.o.dependants.PodInfoConfigMap - [customcl] Desired PodInfo ConfigMap (1 extensions) (1 enabled)
2025-01-30 18:35:38,488 INFO c.h.h.t.HelmChartContainer - [hivemq-test-hivemq-platform] [hivemq-platform-operator] [eda2dbec] 18:35:38.484 [pool-6-thread-26] DEBUG c.h.p.o.dependants.PodInfoConfigMap - [customcl] Desired PodInfo ConfigMap (metrics port: 9399) (metrics path: /)
2025-01-30 18:35:38,488 INFO c.h.h.t.HelmChartContainer - [hivemq-test-hivemq-platform] [hivemq-platform-operator] [eda2dbec] 18:35:38.484 [pool-6-thread-26] DEBUG c.h.p.o.dependants.PodInfoConfigMap - [customcl] Desired PodInfo ConfigMap (extension state hash: -1817474005)
2025-01-30 18:35:38,489 INFO c.h.h.t.HelmChartContainer - [hivemq-test-hivemq-platform] [hivemq-platform-operator] [eda2dbec] 18:35:38.486 [pool-6-thread-23] DEBUG c.h.p.o.d.PodServiceAccountResource - [customcl] Desired PodServiceAccountResource (serviceAccountName: hivemq-platform-pod-test-hivemq-platform)
2025-01-30 18:35:38,491 INFO c.h.h.t.HelmChartContainer - [hivemq-test-hivemq-platform] [hivemq-platform-operator] [eda2dbec] 18:35:38.491 [pool-6-thread-25] DEBUG c.h.p.o.d.StatefulSetResource - [customcl] Desired StatefulSet (1 replicas) for status STARTING (READY)
2025-01-30 18:35:38,496 INFO c.h.h.t.HelmChartContainer - [hivemq-test-hivemq-platform] [hivemq-platform-operator] [eda2dbec] 18:35:38.495 [ReconcilerExecutor-hivemq-controller-111] INFO  c.h.p.o.HiveMQPlatformReconciler - [customcl] Reconciling HiveMQ Platform 'test-hivemq-platform' in namespace 'customclusterdomainnameit'
2025-01-30 18:35:38,497 INFO c.h.h.t.HelmChartContainer - [hivemq-test-hivemq-platform] [hivemq-platform-operator] [eda2dbec] 18:35:38.495 [ReconcilerExecutor-hivemq-controller-111] DEBUG c.h.p.o.HiveMQPlatformReconciler - [customcl] Custom Resource Status STARTING - HiveMQ Platform is starting (READY)
2025-01-30 18:35:38,497 INFO c.h.h.t.HelmChartContainer - [hivemq-test-hivemq-platform] [hivemq-platform-operator] [eda2dbec] 18:35:38.495 [ReconcilerExecutor-hivemq-controller-111] DEBUG c.h.p.o.HiveMQPlatformReconciler - [customcl] Custom Resource Spec (replicas: 1) (extensions: 1)
2025-01-30 18:35:38,498 INFO c.h.h.t.HelmChartContainer - [hivemq-test-hivemq-platform] [hivemq-platform-operator] [eda2dbec] 18:35:38.497 [ReconcilerExecutor-hivemq-controller-111] DEBUG c.h.p.o.HiveMQPlatformReconciler - [customcl] StatefulSet Status (revision: test-hivemq-platform-5bf899b4bb, replicas: 1, available: 0, ready: 0, current: 1, updated: 1)
2025-01-30 18:35:38,498 INFO c.h.h.t.HelmChartContainer - [hivemq-test-hivemq-platform] [hivemq-platform-operator] [eda2dbec] 18:35:38.497 [ReconcilerExecutor-hivemq-controller-111] DEBUG c.h.p.o.HiveMQPlatformReconciler - [customcl] StatefulSet Spec (replicas: 1, init containers: 1, containers: 1, volumes: 3)
2025-01-30 18:35:38,499 INFO c.h.h.t.HelmChartContainer - [hivemq-test-hivemq-platform] [hivemq-platform-operator] [eda2dbec] 18:35:38.498 [ReconcilerExecutor-hivemq-controller-111] DEBUG c.h.p.o.h.HiveMQPlatformReconcilerErrorHandler - [customcl] Pod 'test-hivemq-platform-0' phase Running
2025-01-30 18:35:38,499 INFO c.h.h.t.HelmChartContainer - [hivemq-test-hivemq-platform] [hivemq-platform-operator] [eda2dbec] 18:35:38.499 [ReconcilerExecutor-hivemq-controller-111] INFO  c.h.p.o.h.HiveMQPlatformReconcilerBaseHandler - [customcl] HiveMQ Platform is starting, 0 of 1 replicas are ready
2025-01-30 18:35:38,563 INFO c.h.h.t.HelmChartContainer - [test-hivemq-platform] [hivemq] [bc834383] INFO  - [HiveMQ Platform Operator Init App 1.7.0-SNAPSHOT] Successfully updated Pod HiveMQ Platform Operator Init App version annotation (version: 1.7.0-SNAPSHOT)
2025-01-30 18:35:38,565 INFO c.h.h.t.HelmChartContainer - [test-hivemq-platform] [hivemq] [bc834383] WARN  - [HiveMQ Platform Operator Init App 1.7.0-SNAPSHOT] Cannot connect to Health API for readiness: null
2025-01-30 18:35:38,573 INFO c.h.h.t.HelmChartContainer - [EVENT] Warning [Unhealthy] Readiness probe failed: HTTP probe failed with statuscode: 503 [customclusterdomainnameit:test-hivemq-platform-0]
2025-01-30 18:35:38,574 INFO c.h.h.t.HelmChartContainer - Received Unhealthy event for container hivemq in pod test-hivemq-platform-0 [bc834383-aac6-44aa-8c68-05df6fb1be0d]
2025-01-30 18:35:43,484 INFO c.h.h.t.HelmChartContainer - [test-hivemq-platform] [hivemq] [bc834383] WARN  - [HiveMQ Platform Operator Init App 1.7.0-SNAPSHOT] Cannot connect to Health API for readiness: null
2025-01-30 18:35:43,559 INFO c.h.h.t.HelmChartContainer - [EVENT] Warning [Unhealthy] Readiness probe failed: HTTP probe failed with statuscode: 503 [customclusterdomainnameit:test-hivemq-platform-0]
2025-01-30 18:35:43,559 INFO c.h.h.t.HelmChartContainer - Received Unhealthy event for container hivemq in pod test-hivemq-platform-0 [bc834383-aac6-44aa-8c68-05df6fb1be0d]
2025-01-30 18:35:48,504 INFO c.h.h.t.HelmChartContainer - [hivemq-test-hivemq-platform] [hivemq-platform-operator] [eda2dbec] 18:35:48.502 [pool-6-thread-35] DEBUG c.h.p.o.d.PlatformServiceResource - [customcl] Desired Platform services (2 services)
2025-01-30 18:35:48,506 INFO c.h.h.t.HelmChartContainer - [hivemq-test-hivemq-platform] [hivemq-platform-operator] [eda2dbec] 18:35:48.503 [pool-6-thread-33] DEBUG c.h.p.o.dependants.PodInfoConfigMap - [customcl] Desired PodInfo ConfigMap (1 extensions) (1 enabled)
2025-01-30 18:35:48,508 INFO c.h.h.t.HelmChartContainer - [hivemq-test-hivemq-platform] [hivemq-platform-operator] [eda2dbec] 18:35:48.503 [pool-6-thread-33] DEBUG c.h.p.o.dependants.PodInfoConfigMap - [customcl] Desired PodInfo ConfigMap (metrics port: 9399) (metrics path: /)
2025-01-30 18:35:48,508 INFO c.h.h.t.HelmChartContainer - [hivemq-test-hivemq-platform] [hivemq-platform-operator] [eda2dbec] 18:35:48.504 [pool-6-thread-33] DEBUG c.h.p.o.dependants.PodInfoConfigMap - [customcl] Desired PodInfo ConfigMap (extension state hash: -1817474005)
2025-01-30 18:35:48,508 INFO c.h.h.t.HelmChartContainer - [hivemq-test-hivemq-platform] [hivemq-platform-operator] [eda2dbec] 18:35:48.505 [pool-6-thread-36] DEBUG c.h.p.o.d.PodServiceAccountResource - [customcl] Desired PodServiceAccountResource (serviceAccountName: hivemq-platform-pod-test-hivemq-platform)
2025-01-30 18:35:48,510 INFO c.h.h.t.HelmChartContainer - [hivemq-test-hivemq-platform] [hivemq-platform-operator] [eda2dbec] 18:35:48.509 [pool-6-thread-35] DEBUG c.h.p.o.d.StatefulSetResource - [customcl] Desired StatefulSet (1 replicas) for status STARTING (READY)
2025-01-30 18:35:48,516 INFO c.h.h.t.HelmChartContainer - [hivemq-test-hivemq-platform] [hivemq-platform-operator] [eda2dbec] 18:35:48.513 [ReconcilerExecutor-hivemq-controller-112] INFO  c.h.p.o.HiveMQPlatformReconciler - [customcl] Reconciling HiveMQ Platform 'test-hivemq-platform' in namespace 'customclusterdomainnameit'
2025-01-30 18:35:48,516 INFO c.h.h.t.HelmChartContainer - [hivemq-test-hivemq-platform] [hivemq-platform-operator] [eda2dbec] 18:35:48.513 [ReconcilerExecutor-hivemq-controller-112] DEBUG c.h.p.o.HiveMQPlatformReconciler - [customcl] Custom Resource Status STARTING - HiveMQ Platform is starting (READY)
2025-01-30 18:35:48,516 INFO c.h.h.t.HelmChartContainer - [hivemq-test-hivemq-platform] [hivemq-platform-operator] [eda2dbec] 18:35:48.513 [ReconcilerExecutor-hivemq-controller-112] DEBUG c.h.p.o.HiveMQPlatformReconciler - [customcl] Custom Resource Spec (replicas: 1) (extensions: 1)
2025-01-30 18:35:48,517 INFO c.h.h.t.HelmChartContainer - [hivemq-test-hivemq-platform] [hivemq-platform-operator] [eda2dbec] 18:35:48.515 [ReconcilerExecutor-hivemq-controller-112] DEBUG c.h.p.o.HiveMQPlatformReconciler - [customcl] StatefulSet Status (revision: test-hivemq-platform-5bf899b4bb, replicas: 1, available: 0, ready: 0, current: 1, updated: 1)
2025-01-30 18:35:48,518 INFO c.h.h.t.HelmChartContainer - [hivemq-test-hivemq-platform] [hivemq-platform-operator] [eda2dbec] 18:35:48.515 [ReconcilerExecutor-hivemq-controller-112] DEBUG c.h.p.o.HiveMQPlatformReconciler - [customcl] StatefulSet Spec (replicas: 1, init containers: 1, containers: 1, volumes: 3)
2025-01-30 18:35:48,518 INFO c.h.h.t.HelmChartContainer - [hivemq-test-hivemq-platform] [hivemq-platform-operator] [eda2dbec] 18:35:48.517 [ReconcilerExecutor-hivemq-controller-112] DEBUG c.h.p.o.h.HiveMQPlatformReconcilerErrorHandler - [customcl] Pod 'test-hivemq-platform-0' phase Running
2025-01-30 18:35:48,519 INFO c.h.h.t.HelmChartContainer - [hivemq-test-hivemq-platform] [hivemq-platform-operator] [eda2dbec] 18:35:48.518 [ReconcilerExecutor-hivemq-controller-112] INFO  c.h.p.o.h.HiveMQPlatformReconcilerBaseHandler - [customcl] HiveMQ Platform is starting, 0 of 1 replicas are ready
2025-01-30 18:35:48,560 INFO c.h.h.t.HelmChartContainer - [test-hivemq-platform] [hivemq] [bc834383] WARN  - [HiveMQ Platform Operator Init App 1.7.0-SNAPSHOT] Cannot connect to Health API for readiness: null
2025-01-30 18:35:48,565 INFO c.h.h.t.HelmChartContainer - [EVENT] Warning [Unhealthy] Readiness probe failed: HTTP probe failed with statuscode: 503 [customclusterdomainnameit:test-hivemq-platform-0]
2025-01-30 18:35:48,565 INFO c.h.h.t.HelmChartContainer - Received Unhealthy event for container hivemq in pod test-hivemq-platform-0 [bc834383-aac6-44aa-8c68-05df6fb1be0d]
2025-01-30 18:35:50,563 INFO c.h.h.t.HelmChartContainer - [test-hivemq-platform] [hivemq] [bc834383] WARN  - [HiveMQ Platform Operator Init App 1.7.0-SNAPSHOT] Cannot connect to Health API for liveness: null
2025-01-30 18:35:50,564 INFO c.h.h.t.HelmChartContainer - [test-hivemq-platform] [hivemq] [bc834383] INFO  - [HiveMQ Platform Operator Init App 1.7.0-SNAPSHOT] Returning default Health API response 200 for liveness
2025-01-30 18:35:50,787 INFO c.h.h.t.HelmChartContainer - [test-hivemq-platform] [hivemq] [bc834383] INFO  - No valid license file found. Using trial license, restricted to 25 connections.
2025-01-30 18:35:53,562 INFO c.h.h.t.HelmChartContainer - [test-hivemq-platform] [hivemq] [bc834383] WARN  - [HiveMQ Platform Operator Init App 1.7.0-SNAPSHOT] Cannot connect to Health API for readiness: null
2025-01-30 18:35:53,565 INFO c.h.h.t.HelmChartContainer - [EVENT] Warning [Unhealthy] Readiness probe failed: HTTP probe failed with statuscode: 503 [customclusterdomainnameit:test-hivemq-platform-0]
2025-01-30 18:35:53,565 INFO c.h.h.t.HelmChartContainer - Received Unhealthy event for container hivemq in pod test-hivemq-platform-0 [bc834383-aac6-44aa-8c68-05df6fb1be0d]
2025-01-30 18:35:54,564 INFO c.h.h.t.HelmChartContainer - [test-hivemq-platform] [hivemq] [bc834383] INFO  - No valid license file for Data Hub found. Using free license, restricted to 1 policy.
2025-01-30 18:35:55,763 INFO c.h.h.t.HelmChartContainer - [test-hivemq-platform] [hivemq] [bc834383] INFO  - Audit Logger started.
2025-01-30 18:35:56,168 INFO c.h.h.t.HelmChartContainer - [test-hivemq-platform] [hivemq] [bc834383] INFO  - This node uses '1' CPU cores.
2025-01-30 18:35:56,172 INFO c.h.h.t.HelmChartContainer - [test-hivemq-platform] [hivemq] [bc834383] INFO  - Starting HiveMQ Health API on address 0.0.0.0 and port 8889
2025-01-30 18:35:56,874 INFO c.h.h.t.HelmChartContainer - [test-hivemq-platform] [hivemq] [bc834383] INFO  - Started HiveMQ Health API in 702ms
2025-01-30 18:35:57,568 INFO c.h.h.t.HelmChartContainer - [test-hivemq-platform] [hivemq] [bc834383] INFO  - Starting HiveMQ extension system.
2025-01-30 18:35:57,876 INFO c.h.h.t.HelmChartContainer - [test-hivemq-platform] [hivemq] [bc834383] INFO  - Starting extension with id "hivemq-dns-cluster-discovery" at /opt/hivemq/extensions/hivemq-dns-cluster-discovery
2025-01-30 18:35:58,272 INFO c.h.h.t.HelmChartContainer - [test-hivemq-platform] [hivemq] [bc834383] INFO  - Extension "DNS Cluster Discovery Extension" version 4.3.2 started successfully.
2025-01-30 18:35:58,273 INFO c.h.h.t.HelmChartContainer - [test-hivemq-platform] [hivemq] [bc834383] INFO  - Starting extension with id "hivemq-prometheus-extension" at /opt/hivemq/extensions/hivemq-prometheus-extension
2025-01-30 18:35:58,466 INFO c.h.h.t.HelmChartContainer - [test-hivemq-platform] [hivemq] [bc834383] INFO  - Using TCP cluster transport on address 10.42.0.6 and port 7000
2025-01-30 18:35:58,522 INFO c.h.h.t.HelmChartContainer - [hivemq-test-hivemq-platform] [hivemq-platform-operator] [eda2dbec] 18:35:58.520 [pool-6-thread-46] DEBUG c.h.p.o.d.PlatformServiceResource - [customcl] Desired Platform services (2 services)
2025-01-30 18:35:58,523 INFO c.h.h.t.HelmChartContainer - [hivemq-test-hivemq-platform] [hivemq-platform-operator] [eda2dbec] 18:35:58.521 [pool-6-thread-45] DEBUG c.h.p.o.dependants.PodInfoConfigMap - [customcl] Desired PodInfo ConfigMap (1 extensions) (1 enabled)
2025-01-30 18:35:58,524 INFO c.h.h.t.HelmChartContainer - [hivemq-test-hivemq-platform] [hivemq-platform-operator] [eda2dbec] 18:35:58.523 [pool-6-thread-45] DEBUG c.h.p.o.dependants.PodInfoConfigMap - [customcl] Desired PodInfo ConfigMap (metrics port: 9399) (metrics path: /)
2025-01-30 18:35:58,525 INFO c.h.h.t.HelmChartContainer - [hivemq-test-hivemq-platform] [hivemq-platform-operator] [eda2dbec] 18:35:58.523 [pool-6-thread-45] DEBUG c.h.p.o.dependants.PodInfoConfigMap - [customcl] Desired PodInfo ConfigMap (extension state hash: -1817474005)
2025-01-30 18:35:58,525 INFO c.h.h.t.HelmChartContainer - [hivemq-test-hivemq-platform] [hivemq-platform-operator] [eda2dbec] 18:35:58.523 [pool-6-thread-43] DEBUG c.h.p.o.d.PodServiceAccountResource - [customcl] Desired PodServiceAccountResource (serviceAccountName: hivemq-platform-pod-test-hivemq-platform)
2025-01-30 18:35:58,534 INFO c.h.h.t.HelmChartContainer - [hivemq-test-hivemq-platform] [hivemq-platform-operator] [eda2dbec] 18:35:58.532 [pool-6-thread-46] DEBUG c.h.p.o.d.StatefulSetResource - [customcl] Desired StatefulSet (1 replicas) for status STARTING (READY)
2025-01-30 18:35:58,560 INFO c.h.h.t.HelmChartContainer - [test-hivemq-platform] [hivemq] [bc834383] INFO  - Using extension cluster discovery
2025-01-30 18:35:58,596 INFO c.h.h.t.HelmChartContainer - [hivemq-test-hivemq-platform] [hivemq-platform-operator] [eda2dbec] 18:35:58.591 [ReconcilerExecutor-hivemq-controller-113] INFO  c.h.p.o.HiveMQPlatformReconciler - [customcl] Reconciling HiveMQ Platform 'test-hivemq-platform' in namespace 'customclusterdomainnameit'
2025-01-30 18:35:58,597 INFO c.h.h.t.HelmChartContainer - [hivemq-test-hivemq-platform] [hivemq-platform-operator] [eda2dbec] 18:35:58.592 [ReconcilerExecutor-hivemq-controller-113] DEBUG c.h.p.o.HiveMQPlatformReconciler - [customcl] Custom Resource Status STARTING - HiveMQ Platform is starting (READY)
2025-01-30 18:35:58,597 INFO c.h.h.t.HelmChartContainer - [hivemq-test-hivemq-platform] [hivemq-platform-operator] [eda2dbec] 18:35:58.592 [ReconcilerExecutor-hivemq-controller-113] DEBUG c.h.p.o.HiveMQPlatformReconciler - [customcl] Custom Resource Spec (replicas: 1) (extensions: 1)
2025-01-30 18:35:58,597 INFO c.h.h.t.HelmChartContainer - [hivemq-test-hivemq-platform] [hivemq-platform-operator] [eda2dbec] 18:35:58.595 [ReconcilerExecutor-hivemq-controller-113] DEBUG c.h.p.o.HiveMQPlatformReconciler - [customcl] StatefulSet Status (revision: test-hivemq-platform-5bf899b4bb, replicas: 1, available: 0, ready: 0, current: 1, updated: 1)
2025-01-30 18:35:58,597 INFO c.h.h.t.HelmChartContainer - [hivemq-test-hivemq-platform] [hivemq-platform-operator] [eda2dbec] 18:35:58.595 [ReconcilerExecutor-hivemq-controller-113] DEBUG c.h.p.o.HiveMQPlatformReconciler - [customcl] StatefulSet Spec (replicas: 1, init containers: 1, containers: 1, volumes: 3)
2025-01-30 18:35:58,597 INFO c.h.h.t.HelmChartContainer - [hivemq-test-hivemq-platform] [hivemq-platform-operator] [eda2dbec] 18:35:58.596 [ReconcilerExecutor-hivemq-controller-113] DEBUG c.h.p.o.h.HiveMQPlatformReconcilerErrorHandler - [customcl] Pod 'test-hivemq-platform-0' phase Running
2025-01-30 18:35:58,598 INFO c.h.h.t.HelmChartContainer - [hivemq-test-hivemq-platform] [hivemq-platform-operator] [eda2dbec] 18:35:58.597 [ReconcilerExecutor-hivemq-controller-113] INFO  c.h.p.o.h.HiveMQPlatformReconcilerBaseHandler - [customcl] HiveMQ Platform is starting, 0 of 1 replicas are ready
2025-01-30 18:35:59,522 INFO c.h.h.t.HelmChartContainer - [EVENT] Warning [Unhealthy] Readiness probe failed: Get "http://10.42.0.6:7979/readiness": context deadline exceeded (Client.Timeout exceeded while awaiting headers) [customclusterdomainnameit:test-hivemq-platform-0]
2025-01-30 18:35:59,522 INFO c.h.h.t.HelmChartContainer - Received Unhealthy event for container hivemq in pod test-hivemq-platform-0 [bc834383-aac6-44aa-8c68-05df6fb1be0d]
2025-01-30 18:35:59,565 INFO c.h.h.t.HelmChartContainer - [test-hivemq-platform] [hivemq] [bc834383] INFO  - Started Jetty Server exposing Prometheus Servlet on URI http://0.0.0.0:9399/
2025-01-30 18:35:59,567 INFO c.h.h.t.HelmChartContainer - [test-hivemq-platform] [hivemq] [bc834383] INFO  - Extension "Prometheus Monitoring Extension" version 4.0.12 started successfully.
2025-01-30 18:35:59,567 INFO c.h.h.t.HelmChartContainer - [test-hivemq-platform] [hivemq] [bc834383] INFO  - Starting extension with id "hivemq-allow-all-extension" at /opt/hivemq/extensions/hivemq-allow-all-extension
2025-01-30 18:35:59,567 INFO c.h.h.t.HelmChartContainer - [test-hivemq-platform] [hivemq] [bc834383] WARN  - 
2025-01-30 18:35:59,567 INFO c.h.h.t.HelmChartContainer - [test-hivemq-platform] [hivemq] [bc834383] ################################################################################################################
2025-01-30 18:35:59,568 INFO c.h.h.t.HelmChartContainer - [test-hivemq-platform] [hivemq] [bc834383] # This HiveMQ deployment is not secure! You are lacking Authentication and Authorization.                      #
2025-01-30 18:35:59,568 INFO c.h.h.t.HelmChartContainer - [test-hivemq-platform] [hivemq] [bc834383] # Right now any MQTT client can connect to the broker with a full set of permissions.                          #
2025-01-30 18:35:59,568 INFO c.h.h.t.HelmChartContainer - [test-hivemq-platform] [hivemq] [bc834383] # For production usage, add an appropriate security extension and remove the hivemq-allow-all extension.       #
2025-01-30 18:35:59,568 INFO c.h.h.t.HelmChartContainer - [test-hivemq-platform] [hivemq] [bc834383] # You can download security extensions from the HiveMQ Marketplace (https://www.hivemq.com/extensions/).       #
2025-01-30 18:35:59,569 INFO c.h.h.t.HelmChartContainer - [test-hivemq-platform] [hivemq] [bc834383] ################################################################################################################
2025-01-30 18:35:59,569 INFO c.h.h.t.HelmChartContainer - [test-hivemq-platform] [hivemq] [bc834383] INFO  - Extension "Allow All Extension" version 1.1.1 started successfully.
2025-01-30 18:35:59,963 INFO c.h.h.t.HelmChartContainer - [test-hivemq-platform] [hivemq] [bc834383] INFO  - [HiveMQ Platform Operator Init App 1.7.0-SNAPSHOT] Returning Health API response 503 for readiness
2025-01-30 18:36:01,673 INFO c.h.h.t.HelmChartContainer - [test-hivemq-platform] [hivemq] [bc834383] INFO  - oBEIC: no members discovered after 2213 ms: creating cluster as first member
2025-01-30 18:36:01,680 INFO c.h.h.t.HelmChartContainer - [test-hivemq-platform] [hivemq] [bc834383] INFO  - Cluster nodes found by discovery: [oBEIC|0] (1) [oBEIC].
2025-01-30 18:36:01,762 INFO c.h.h.t.HelmChartContainer - [test-hivemq-platform] [hivemq] [bc834383] WARN  - No user for HiveMQ Control Center configured. Starting with default user
2025-01-30 18:36:01,764 INFO c.h.h.t.HelmChartContainer - [test-hivemq-platform] [hivemq] [bc834383] INFO  - Starting HiveMQ Control Center on address 127.0.0.1 and port 8080
2025-01-30 18:36:01,764 INFO c.h.h.t.HelmChartContainer - [test-hivemq-platform] [hivemq] [bc834383] INFO  - Mounting HiveMQ Control Center V2 Preview
2025-01-30 18:36:02,463 INFO c.h.h.t.HelmChartContainer - [test-hivemq-platform] [hivemq] [bc834383] INFO  - Started HiveMQ Control Center in 702ms
2025-01-30 18:36:02,478 INFO c.h.h.t.HelmChartContainer - [test-hivemq-platform] [hivemq] [bc834383] INFO  - Starting TCP listener on address 0.0.0.0 and port 1884
2025-01-30 18:36:02,571 INFO c.h.h.t.HelmChartContainer - [test-hivemq-platform] [hivemq] [bc834383] INFO  - Started TCP Listener on address 0.0.0.0 and on port 1884.
2025-01-30 18:36:02,571 INFO c.h.h.t.HelmChartContainer - [test-hivemq-platform] [hivemq] [bc834383] INFO  - Started HiveMQ in 32594ms
2025-01-30 18:36:03,484 INFO c.h.h.t.HelmChartContainer - [test-hivemq-platform] [hivemq] [bc834383] INFO  - [HiveMQ Platform Operator Init App 1.7.0-SNAPSHOT] Returning Health API response 200 for readiness
2025-01-30 18:36:03,494 INFO c.h.h.t.HelmChartContainer - [POD] test-hivemq-platform-0 [bc834383-aac6-44aa-8c68-05df6fb1be0d] in customclusterdomainnameit was MODIFIED
2025-01-30 18:36:03,513 INFO c.h.h.t.HelmChartContainer - [hivemq-test-hivemq-platform] [hivemq-platform-operator] [eda2dbec] 18:36:03.499 [pool-6-thread-2] DEBUG c.h.p.o.d.PlatformServiceResource - [customcl] Desired Platform services (2 services)
2025-01-30 18:36:03,513 INFO c.h.h.t.HelmChartContainer - [hivemq-test-hivemq-platform] [hivemq-platform-operator] [eda2dbec] 18:36:03.500 [pool-6-thread-6] DEBUG c.h.p.o.dependants.PodInfoConfigMap - [customcl] Desired PodInfo ConfigMap (1 extensions) (1 enabled)
2025-01-30 18:36:03,513 INFO c.h.h.t.HelmChartContainer - [hivemq-test-hivemq-platform] [hivemq-platform-operator] [eda2dbec] 18:36:03.502 [pool-6-thread-5] DEBUG c.h.p.o.d.PodServiceAccountResource - [customcl] Desired PodServiceAccountResource (serviceAccountName: hivemq-platform-pod-test-hivemq-platform)
2025-01-30 18:36:03,513 INFO c.h.h.t.HelmChartContainer - [hivemq-test-hivemq-platform] [hivemq-platform-operator] [eda2dbec] 18:36:03.506 [pool-6-thread-6] DEBUG c.h.p.o.dependants.PodInfoConfigMap - [customcl] Desired PodInfo ConfigMap (metrics port: 9399) (metrics path: /)
2025-01-30 18:36:03,513 INFO c.h.h.t.HelmChartContainer - [hivemq-test-hivemq-platform] [hivemq-platform-operator] [eda2dbec] 18:36:03.506 [pool-6-thread-6] DEBUG c.h.p.o.dependants.PodInfoConfigMap - [customcl] Desired PodInfo ConfigMap (extension state hash: -1817474005)
2025-01-30 18:36:03,513 INFO c.h.h.t.HelmChartContainer - [hivemq-test-hivemq-platform] [hivemq-platform-operator] [eda2dbec] 18:36:03.509 [pool-6-thread-2] DEBUG c.h.p.o.d.StatefulSetResource - [customcl] Desired StatefulSet (1 replicas) for status STARTING (READY)
2025-01-30 18:36:03,519 INFO c.h.h.t.HelmChartContainer - [hivemq-test-hivemq-platform] [hivemq-platform-operator] [eda2dbec] 18:36:03.518 [ReconcilerExecutor-hivemq-controller-114] INFO  c.h.p.o.HiveMQPlatformReconciler - [customcl] Reconciling HiveMQ Platform 'test-hivemq-platform' in namespace 'customclusterdomainnameit'
2025-01-30 18:36:03,519 INFO c.h.h.t.HelmChartContainer - [hivemq-test-hivemq-platform] [hivemq-platform-operator] [eda2dbec] 18:36:03.518 [ReconcilerExecutor-hivemq-controller-114] DEBUG c.h.p.o.HiveMQPlatformReconciler - [customcl] Custom Resource Status STARTING - HiveMQ Platform is starting (READY)
2025-01-30 18:36:03,519 INFO c.h.h.t.HelmChartContainer - [hivemq-test-hivemq-platform] [hivemq-platform-operator] [eda2dbec] 18:36:03.518 [ReconcilerExecutor-hivemq-controller-114] DEBUG c.h.p.o.HiveMQPlatformReconciler - [customcl] Custom Resource Spec (replicas: 1) (extensions: 1)
2025-01-30 18:36:03,593 INFO c.h.h.t.HelmChartContainer - [hivemq-test-hivemq-platform] [hivemq-platform-operator] [eda2dbec] 18:36:03.520 [ReconcilerExecutor-hivemq-controller-114] DEBUG c.h.p.o.HiveMQPlatformReconciler - [customcl] StatefulSet Status (revision: test-hivemq-platform-5bf899b4bb, replicas: 1, available: 1, ready: 1, current: 1, updated: 1)
2025-01-30 18:36:03,594 INFO c.h.h.t.HelmChartContainer - [hivemq-test-hivemq-platform] [hivemq-platform-operator] [eda2dbec] 18:36:03.591 [ReconcilerExecutor-hivemq-controller-114] DEBUG c.h.p.o.HiveMQPlatformReconciler - [customcl] StatefulSet Spec (replicas: 1, init containers: 1, containers: 1, volumes: 3)
2025-01-30 18:36:03,594 INFO c.h.h.t.HelmChartContainer - [hivemq-test-hivemq-platform] [hivemq-platform-operator] [eda2dbec] 18:36:03.593 [ReconcilerExecutor-hivemq-controller-114] DEBUG c.h.p.o.h.HiveMQPlatformReconcilerErrorHandler - [customcl] Pod 'test-hivemq-platform-0' phase Running
2025-01-30 18:36:03,597 INFO c.h.h.t.HelmChartContainer - [hivemq-test-hivemq-platform] [hivemq-platform-operator] [eda2dbec] 18:36:03.594 [ReconcilerExecutor-hivemq-controller-114] INFO  c.h.p.o.h.HiveMQPlatformReconcilerBaseHandler - [customcl] HiveMQ Platform started successfully
2025-01-30 18:36:03,697 INFO c.h.h.t.HelmChartContainer - [hivemq-test-hivemq-platform] [hivemq-platform-operator] [eda2dbec] 18:36:03.695 [ReconcilerExecutor-hivemq-controller-114] DEBUG c.h.p.operator.event.EventSender - [customcl] Creating K8s event hivemq-platform-ready: [Ready] HiveMQ Platform is ready
2025-01-30 18:36:03,701 INFO c.h.h.t.HelmChartContainer - [EVENT] Normal [Ready] HiveMQ Platform is ready [customclusterdomainnameit:test-hivemq-platform]
2025-01-30 18:36:03,702 INFO c.h.h.t.HelmChartContainer - [hivemq-test-hivemq-platform] [hivemq-platform-operator] [eda2dbec] 18:36:03.701 [ReconcilerExecutor-hivemq-controller-114] INFO  c.h.p.o.h.AbstractHiveMQReconcilerStateHandler - [customcl] Update HiveMQ Platform Status (STARTING [READY] -> RUNNING [READY]): HiveMQ Platform is ready
2025-01-30 18:36:03,711 DEBUG com.hivemq.helmcharts.util.K8sUtil - Comparing actual state 'RUNNING' and waiting for 'RUNNING'
2025-01-30 18:36:03,795 INFO c.h.h.t.HelmChartContainer - [hivemq-test-hivemq-platform] [hivemq-platform-operator] [eda2dbec] 18:36:03.794 [pool-6-thread-13] DEBUG c.h.p.o.d.PlatformServiceResource - [customcl] Desired Platform services (2 services)
2025-01-30 18:36:03,798 INFO c.h.h.t.HelmChartContainer - [hivemq-test-hivemq-platform] [hivemq-platform-operator] [eda2dbec] 18:36:03.796 [pool-6-thread-16] DEBUG c.h.p.o.dependants.PodInfoConfigMap - [customcl] Desired PodInfo ConfigMap (1 extensions) (1 enabled)
2025-01-30 18:36:03,798 INFO c.h.h.t.HelmChartContainer - [hivemq-test-hivemq-platform] [hivemq-platform-operator] [eda2dbec] 18:36:03.797 [pool-6-thread-16] DEBUG c.h.p.o.dependants.PodInfoConfigMap - [customcl] Desired PodInfo ConfigMap (metrics port: 9399) (metrics path: /)
2025-01-30 18:36:03,798 INFO c.h.h.t.HelmChartContainer - [hivemq-test-hivemq-platform] [hivemq-platform-operator] [eda2dbec] 18:36:03.797 [pool-6-thread-16] DEBUG c.h.p.o.dependants.PodInfoConfigMap - [customcl] Desired PodInfo ConfigMap (extension state hash: -1817474005)
2025-01-30 18:36:03,799 INFO c.h.h.t.HelmChartContainer - [hivemq-test-hivemq-platform] [hivemq-platform-operator] [eda2dbec] 18:36:03.797 [pool-6-thread-13] DEBUG c.h.p.o.d.PodServiceAccountResource - [customcl] Desired PodServiceAccountResource (serviceAccountName: hivemq-platform-pod-test-hivemq-platform)
2025-01-30 18:36:03,799 INFO c.h.h.t.HelmChartContainer - [hivemq-test-hivemq-platform] [hivemq-platform-operator] [eda2dbec] 18:36:03.798 [pool-6-thread-16] DEBUG c.h.p.o.dependants.PodInfoConfigMap - [customcl] Update PodInfo ConfigMap
2025-01-30 18:36:03,809 INFO c.h.h.t.HelmChartContainer - [hivemq-test-hivemq-platform] [hivemq-platform-operator] [eda2dbec] 18:36:03.808 [pool-6-thread-16] DEBUG c.h.p.o.d.StatefulSetResource - [customcl] Desired StatefulSet (1 replicas) for status RUNNING (READY)
2025-01-30 18:36:03,896 INFO c.h.h.t.HelmChartContainer - [hivemq-test-hivemq-platform] [hivemq-platform-operator] [eda2dbec] 18:36:03.893 [ReconcilerExecutor-hivemq-controller-115] INFO  c.h.p.o.HiveMQPlatformReconciler - [customcl] Reconciling HiveMQ Platform 'test-hivemq-platform' in namespace 'customclusterdomainnameit'
2025-01-30 18:36:03,896 INFO c.h.h.t.HelmChartContainer - [hivemq-test-hivemq-platform] [hivemq-platform-operator] [eda2dbec] 18:36:03.894 [ReconcilerExecutor-hivemq-controller-115] DEBUG c.h.p.o.HiveMQPlatformReconciler - [customcl] Custom Resource Status RUNNING - HiveMQ Platform is ready (READY)
2025-01-30 18:36:03,896 INFO c.h.h.t.HelmChartContainer - [hivemq-test-hivemq-platform] [hivemq-platform-operator] [eda2dbec] 18:36:03.894 [ReconcilerExecutor-hivemq-controller-115] DEBUG c.h.p.o.HiveMQPlatformReconciler - [customcl] Custom Resource Spec (replicas: 1) (extensions: 1)
2025-01-30 18:36:03,898 INFO c.h.h.t.HelmChartContainer - [hivemq-test-hivemq-platform] [hivemq-platform-operator] [eda2dbec] 18:36:03.897 [ReconcilerExecutor-hivemq-controller-115] DEBUG c.h.p.o.HiveMQPlatformReconciler - [customcl] StatefulSet Status (revision: test-hivemq-platform-5bf899b4bb, replicas: 1, available: 1, ready: 1, current: 1, updated: 1)
2025-01-30 18:36:03,898 INFO c.h.h.t.HelmChartContainer - [hivemq-test-hivemq-platform] [hivemq-platform-operator] [eda2dbec] 18:36:03.897 [ReconcilerExecutor-hivemq-controller-115] DEBUG c.h.p.o.HiveMQPlatformReconciler - [customcl] StatefulSet Spec (replicas: 1, init containers: 1, containers: 1, volumes: 3)
2025-01-30 18:36:03,899 INFO c.h.h.t.HelmChartContainer - [hivemq-test-hivemq-platform] [hivemq-platform-operator] [eda2dbec] 18:36:03.898 [ReconcilerExecutor-hivemq-controller-115] DEBUG c.h.p.o.h.HiveMQPlatformReconcilerErrorHandler - [customcl] Pod 'test-hivemq-platform-0' phase Running
2025-01-30 18:36:09,110 DEBUG com.hivemq.helmcharts.util.PodUtil - Received status for command '[cat, /etc/resolv.conf]' on pod 'test-hivemq-platform-0' (exit code: 0)
2025-01-30 18:36:09,114 INFO c.h.h.t.HelmChartContainer - Uninstalling release 'test-hivemq-platform' in namespace 'customclusterdomainnameit'...
2025-01-30 18:36:09,114 DEBUG c.h.h.t.HelmChartContainer - Executing helm command: /bin/helm --kubeconfig /etc/rancher/k3s/k3s.yaml uninstall test-hivemq-platform  --wait --timeout 5m0s --cascade foreground --namespace customclusterdomainnameit
2025-01-30 18:36:09,304 INFO c.h.h.t.HelmChartContainer - [hivemq-test-hivemq-platform] [hivemq-platform-operator] [eda2dbec] 18:36:09.302 [pool-6-thread-24] DEBUG c.h.p.o.d.PlatformServiceResource - [customcl] Desired Platform services (2 services)
2025-01-30 18:36:09,314 INFO c.h.h.t.HelmChartContainer - [hivemq-test-hivemq-platform] [hivemq-platform-operator] [eda2dbec] 18:36:09.305 [pool-6-thread-23] DEBUG c.h.p.o.dependants.PodInfoConfigMap - [customcl] Desired PodInfo ConfigMap (1 extensions) (1 enabled)
2025-01-30 18:36:09,314 INFO c.h.h.t.HelmChartContainer - [hivemq-test-hivemq-platform] [hivemq-platform-operator] [eda2dbec] 18:36:09.306 [pool-6-thread-22] DEBUG c.h.p.o.d.PodServiceAccountResource - [customcl] Desired PodServiceAccountResource (serviceAccountName: hivemq-platform-pod-test-hivemq-platform)
2025-01-30 18:36:09,314 INFO c.h.h.t.HelmChartContainer - [hivemq-test-hivemq-platform] [hivemq-platform-operator] [eda2dbec] 18:36:09.308 [pool-6-thread-23] DEBUG c.h.p.o.dependants.PodInfoConfigMap - [customcl] Desired PodInfo ConfigMap (metrics port: 9399) (metrics path: /)
2025-01-30 18:36:09,314 INFO c.h.h.t.HelmChartContainer - [hivemq-test-hivemq-platform] [hivemq-platform-operator] [eda2dbec] 18:36:09.309 [pool-6-thread-23] DEBUG c.h.p.o.dependants.PodInfoConfigMap - [customcl] Desired PodInfo ConfigMap (extension state hash: -1817474005)
2025-01-30 18:36:09,329 INFO c.h.h.t.HelmChartContainer - [hivemq-test-hivemq-platform] [hivemq-platform-operator] [eda2dbec] 18:36:09.319 [pool-6-thread-24] DEBUG c.h.p.o.d.StatefulSetResource - [customcl] Desired StatefulSet (1 replicas) for status RUNNING (READY)
2025-01-30 18:36:09,394 INFO c.h.h.t.HelmChartContainer - [hivemq-test-hivemq-platform] [hivemq-platform-operator] [eda2dbec] 18:36:09.391 [ReconcilerExecutor-hivemq-controller-116] INFO  c.h.p.o.HiveMQPlatformReconciler - [customcl] Reconciling HiveMQ Platform 'test-hivemq-platform' in namespace 'customclusterdomainnameit'
2025-01-30 18:36:09,394 INFO c.h.h.t.HelmChartContainer - [hivemq-test-hivemq-platform] [hivemq-platform-operator] [eda2dbec] 18:36:09.391 [ReconcilerExecutor-hivemq-controller-116] DEBUG c.h.p.o.HiveMQPlatformReconciler - [customcl] Custom Resource Status RUNNING - HiveMQ Platform is ready (READY)
2025-01-30 18:36:09,394 INFO c.h.h.t.HelmChartContainer - [hivemq-test-hivemq-platform] [hivemq-platform-operator] [eda2dbec] 18:36:09.391 [ReconcilerExecutor-hivemq-controller-116] DEBUG c.h.p.o.HiveMQPlatformReconciler - [customcl] Custom Resource Spec (replicas: 1) (extensions: 1)
2025-01-30 18:36:09,395 INFO c.h.h.t.HelmChartContainer - [hivemq-test-hivemq-platform] [hivemq-platform-operator] [eda2dbec] 18:36:09.393 [ReconcilerExecutor-hivemq-controller-116] WARN  c.h.p.o.h.HiveMQPlatformReconcilerErrorHandler - [customcl] Could not find ConfigMap 'hivemq-configuration-test-hivemq-platform' for HiveMQ Platform configuration
2025-01-30 18:36:09,462 INFO c.h.h.t.HelmChartContainer - [POD] test-hivemq-platform-0 [bc834383-aac6-44aa-8c68-05df6fb1be0d] in customclusterdomainnameit was MODIFIED
2025-01-30 18:36:09,462 INFO c.h.h.t.HelmChartContainer - [EVENT] Normal [Killing] Stopping container hivemq [customclusterdomainnameit:test-hivemq-platform-0]
2025-01-30 18:36:09,463 INFO c.h.h.t.HelmChartContainer - Received Killing event for container hivemq in pod test-hivemq-platform-0 [bc834383-aac6-44aa-8c68-05df6fb1be0d]
2025-01-30 18:36:09,463 INFO c.h.h.t.HelmChartContainer - Container [test-hivemq-platform-0] [hivemq] [bc834383-aac6-44aa-8c68-05df6fb1be0d] was terminated
2025-01-30 18:36:09,463 INFO c.h.h.t.HelmChartContainer - Stopped log watcher for hivemq in pod test-hivemq-platform-0 [bc834383-aac6-44aa-8c68-05df6fb1be0d]
2025-01-30 18:36:09,474 INFO c.h.h.t.HelmChartContainer - [test-hivemq-platform] [hivemq] [bc834383] INFO  - [HiveMQ Platform Operator Init App 1.7.0-SNAPSHOT] Shutting down
2025-01-30 18:36:09,474 INFO c.h.h.t.HelmChartContainer - [test-hivemq-platform] [hivemq] [bc834383] INFO  - [HiveMQ Platform Operator Init App 1.7.0-SNAPSHOT] Stopping the HiveMQ Platform
2025-01-30 18:36:09,575 INFO c.h.h.t.HelmChartContainer - [test-hivemq-platform] [hivemq] [bc834383] INFO  - Shutting down HiveMQ. Please wait, this could take a while...
2025-01-30 18:36:09,600 INFO c.h.h.t.HelmChartContainer - [hivemq-test-hivemq-platform] [hivemq-platform-operator] [eda2dbec] 18:36:09.599 [ReconcilerExecutor-hivemq-controller-116] DEBUG c.h.p.operator.event.EventSender - [customcl] Creating K8s event hivemq-platform-invalid-configuration: [Start] Could not find ConfigMap 'hivemq-configuration-test-hivemq-platform' for HiveMQ Platform configuration
2025-01-30 18:36:09,605 INFO c.h.h.t.HelmChartContainer - [EVENT] Warning [Start] Could not find ConfigMap 'hivemq-configuration-test-hivemq-platform' for HiveMQ Platform configuration [customclusterdomainnameit:test-hivemq-platform]
2025-01-30 18:36:09,606 INFO c.h.h.t.HelmChartContainer - [hivemq-test-hivemq-platform] [hivemq-platform-operator] [eda2dbec] 18:36:09.605 [ReconcilerExecutor-hivemq-controller-116] INFO  c.h.p.o.h.AbstractHiveMQReconcilerStateHandler - [customcl] Update HiveMQ Platform Status (RUNNING [READY] -> ERROR [INVALID_CONFIG_MAP]): Could not find ConfigMap 'hivemq-configuration-test-hivemq-platform' for HiveMQ Platform configuration
2025-01-30 18:36:09,617 INFO c.h.h.t.HelmChartContainer - [hivemq-test-hivemq-platform] [hivemq-platform-operator] [eda2dbec] 18:36:09.613 [ReconcilerExecutor-hivemq-controller-116] ERROR i.j.o.p.event.EventProcessor - Error during event processing ExecutionScope{ resource id: ResourceID{name='test-hivemq-platform', namespace='customclusterdomainnameit'}, version: 593}
2025-01-30 18:36:09,617 INFO c.h.h.t.HelmChartContainer - [hivemq-test-hivemq-platform] [hivemq-platform-operator] [eda2dbec] io.fabric8.kubernetes.client.KubernetesClientException: Failure executing: PUT at: https://10.43.0.1:443/apis/hivemq.com/v1/namespaces/customclusterdomainnameit/hivemq-platforms/test-hivemq-platform/status. Message: Operation cannot be fulfilled on hivemq-platforms.hivemq.com "test-hivemq-platform": the object has been modified; please apply your changes to the latest version and try again. Received status: Status(apiVersion=v1, code=409, details=StatusDetails(causes=[], group=hivemq.com, kind=hivemq-platforms, name=test-hivemq-platform, retryAfterSeconds=null, uid=null, additionalProperties={}), kind=Status, message=Operation cannot be fulfilled on hivemq-platforms.hivemq.com "test-hivemq-platform": the object has been modified; please apply your changes to the latest version and try again, metadata=ListMeta(_continue=null, remainingItemCount=null, resourceVersion=null, selfLink=null, additionalProperties={}), reason=Conflict, status=Failure, additionalProperties={}).
2025-01-30 18:36:09,617 INFO c.h.h.t.HelmChartContainer - [hivemq-test-hivemq-platform] [hivemq-platform-operator] [eda2dbec] 	at io.fabric8.kubernetes.client.KubernetesClientException.copyAsCause(KubernetesClientException.java:238)
2025-01-30 18:36:09,617 INFO c.h.h.t.HelmChartContainer - [hivemq-test-hivemq-platform] [hivemq-platform-operator] [eda2dbec] 	at io.fabric8.kubernetes.client.dsl.internal.OperationSupport.waitForResult(OperationSupport.java:507)
2025-01-30 18:36:09,617 INFO c.h.h.t.HelmChartContainer - [hivemq-test-hivemq-platform] [hivemq-platform-operator] [eda2dbec] 	at io.fabric8.kubernetes.client.dsl.internal.OperationSupport.handleResponse(OperationSupport.java:524)
2025-01-30 18:36:09,617 INFO c.h.h.t.HelmChartContainer - [hivemq-test-hivemq-platform] [hivemq-platform-operator] [eda2dbec] 	at io.fabric8.kubernetes.client.dsl.internal.OperationSupport.handleUpdate(OperationSupport.java:358)
2025-01-30 18:36:09,617 INFO c.h.h.t.HelmChartContainer - [hivemq-test-hivemq-platform] [hivemq-platform-operator] [eda2dbec] 	at io.fabric8.kubernetes.client.dsl.internal.BaseOperation.handleUpdate(BaseOperation.java:759)
2025-01-30 18:36:09,617 INFO c.h.h.t.HelmChartContainer - [hivemq-test-hivemq-platform] [hivemq-platform-operator] [eda2dbec] 	at io.fabric8.kubernetes.client.dsl.internal.HasMetadataOperation.update(HasMetadataOperation.java:138)
2025-01-30 18:36:09,617 INFO c.h.h.t.HelmChartContainer - [hivemq-test-hivemq-platform] [hivemq-platform-operator] [eda2dbec] 	at io.fabric8.kubernetes.client.dsl.internal.HasMetadataOperation.update(HasMetadataOperation.java:121)
2025-01-30 18:36:09,617 INFO c.h.h.t.HelmChartContainer - [hivemq-test-hivemq-platform] [hivemq-platform-operator] [eda2dbec] 	at io.fabric8.kubernetes.client.dsl.internal.HasMetadataOperation.updateStatus(HasMetadataOperation.java:126)
2025-01-30 18:36:09,617 INFO c.h.h.t.HelmChartContainer - [hivemq-test-hivemq-platform] [hivemq-platform-operator] [eda2dbec] 	at io.fabric8.kubernetes.client.dsl.internal.HasMetadataOperation.updateStatus(HasMetadataOperation.java:44)
2025-01-30 18:36:09,618 INFO c.h.h.t.HelmChartContainer - [hivemq-test-hivemq-platform] [hivemq-platform-operator] [eda2dbec] 	at io.javaoperatorsdk.operator.processing.event.ReconciliationDispatcher$CustomResourceFacade.updateStatus(ReconciliationDispatcher.java:408)
2025-01-30 18:36:09,618 INFO c.h.h.t.HelmChartContainer - [hivemq-test-hivemq-platform] [hivemq-platform-operator] [eda2dbec] 	at io.javaoperatorsdk.operator.processing.event.ReconciliationDispatcher.updateStatusGenerationAware(ReconciliationDispatcher.java:228)
2025-01-30 18:36:09,618 INFO c.h.h.t.HelmChartContainer - [hivemq-test-hivemq-platform] [hivemq-platform-operator] [eda2dbec] 	at io.javaoperatorsdk.operator.processing.event.ReconciliationDispatcher.reconcileExecution(ReconciliationDispatcher.java:150)
2025-01-30 18:36:09,618 INFO c.h.h.t.HelmChartContainer - [hivemq-test-hivemq-platform] [hivemq-platform-operator] [eda2dbec] 	at io.javaoperatorsdk.operator.processing.event.ReconciliationDispatcher.handleReconcile(ReconciliationDispatcher.java:117)
2025-01-30 18:36:09,618 INFO c.h.h.t.HelmChartContainer - [hivemq-test-hivemq-platform] [hivemq-platform-operator] [eda2dbec] 	at io.javaoperatorsdk.operator.processing.event.ReconciliationDispatcher.handleDispatch(ReconciliationDispatcher.java:91)
2025-01-30 18:36:09,618 INFO c.h.h.t.HelmChartContainer - [hivemq-test-hivemq-platform] [hivemq-platform-operator] [eda2dbec] 	at io.javaoperatorsdk.operator.processing.event.ReconciliationDispatcher.handleExecution(ReconciliationDispatcher.java:64)
2025-01-30 18:36:09,618 INFO c.h.h.t.HelmChartContainer - [hivemq-test-hivemq-platform] [hivemq-platform-operator] [eda2dbec] 	at io.javaoperatorsdk.operator.processing.event.EventProcessor$ReconcilerExecutor.run(EventProcessor.java:452)
2025-01-30 18:36:09,618 INFO c.h.h.t.HelmChartContainer - [hivemq-test-hivemq-platform] [hivemq-platform-operator] [eda2dbec] 	at java.base/java.util.concurrent.ThreadPoolExecutor.runWorker(Unknown Source)
2025-01-30 18:36:09,618 INFO c.h.h.t.HelmChartContainer - [hivemq-test-hivemq-platform] [hivemq-platform-operator] [eda2dbec] 	at java.base/java.util.concurrent.ThreadPoolExecutor$Worker.run(Unknown Source)
2025-01-30 18:36:09,618 INFO c.h.h.t.HelmChartContainer - [hivemq-test-hivemq-platform] [hivemq-platform-operator] [eda2dbec] 	at java.base/java.lang.Thread.run(Unknown Source)
2025-01-30 18:36:09,618 INFO c.h.h.t.HelmChartContainer - [hivemq-test-hivemq-platform] [hivemq-platform-operator] [eda2dbec] Caused by: io.fabric8.kubernetes.client.KubernetesClientException: Failure executing: PUT at: https://10.43.0.1:443/apis/hivemq.com/v1/namespaces/customclusterdomainnameit/hivemq-platforms/test-hivemq-platform/status. Message: Operation cannot be fulfilled on hivemq-platforms.hivemq.com "test-hivemq-platform": the object has been modified; please apply your changes to the latest version and try again. Received status: Status(apiVersion=v1, code=409, details=StatusDetails(causes=[], group=hivemq.com, kind=hivemq-platforms, name=test-hivemq-platform, retryAfterSeconds=null, uid=null, additionalProperties={}), kind=Status, message=Operation cannot be fulfilled on hivemq-platforms.hivemq.com "test-hivemq-platform": the object has been modified; please apply your changes to the latest version and try again, metadata=ListMeta(_continue=null, remainingItemCount=null, resourceVersion=null, selfLink=null, additionalProperties={}), reason=Conflict, status=Failure, additionalProperties={}).
2025-01-30 18:36:09,618 INFO c.h.h.t.HelmChartContainer - [hivemq-test-hivemq-platform] [hivemq-platform-operator] [eda2dbec] 	at io.fabric8.kubernetes.client.dsl.internal.OperationSupport.requestFailure(OperationSupport.java:660)
2025-01-30 18:36:09,618 INFO c.h.h.t.HelmChartContainer - [hivemq-test-hivemq-platform] [hivemq-platform-operator] [eda2dbec] 	at io.fabric8.kubernetes.client.dsl.internal.OperationSupport.requestFailure(OperationSupport.java:640)
2025-01-30 18:36:09,618 INFO c.h.h.t.HelmChartContainer - [hivemq-test-hivemq-platform] [hivemq-platform-operator] [eda2dbec] 	at io.fabric8.kubernetes.client.dsl.internal.OperationSupport.assertResponseCode(OperationSupport.java:589)
2025-01-30 18:36:09,618 INFO c.h.h.t.HelmChartContainer - [hivemq-test-hivemq-platform] [hivemq-platform-operator] [eda2dbec] 	at io.fabric8.kubernetes.client.dsl.internal.OperationSupport.lambda$handleResponse$0(OperationSupport.java:549)
2025-01-30 18:36:09,618 INFO c.h.h.t.HelmChartContainer - [hivemq-test-hivemq-platform] [hivemq-platform-operator] [eda2dbec] 	at java.base/java.util.concurrent.CompletableFuture$UniApply.tryFire(Unknown Source)
2025-01-30 18:36:09,618 INFO c.h.h.t.HelmChartContainer - [hivemq-test-hivemq-platform] [hivemq-platform-operator] [eda2dbec] 	at java.base/java.util.concurrent.CompletableFuture.postComplete(Unknown Source)
2025-01-30 18:36:09,618 INFO c.h.h.t.HelmChartContainer - [hivemq-test-hivemq-platform] [hivemq-platform-operator] [eda2dbec] 	at java.base/java.util.concurrent.CompletableFuture.complete(Unknown Source)
2025-01-30 18:36:09,618 INFO c.h.h.t.HelmChartContainer - [hivemq-test-hivemq-platform] [hivemq-platform-operator] [eda2dbec] 	at io.fabric8.kubernetes.client.http.StandardHttpClient.lambda$completeOrCancel$10(StandardHttpClient.java:141)
2025-01-30 18:36:09,618 INFO c.h.h.t.HelmChartContainer - [hivemq-test-hivemq-platform] [hivemq-platform-operator] [eda2dbec] 	at java.base/java.util.concurrent.CompletableFuture.uniWhenComplete(Unknown Source)
2025-01-30 18:36:09,618 INFO c.h.h.t.HelmChartContainer - [hivemq-test-hivemq-platform] [hivemq-platform-operator] [eda2dbec] 	at java.base/java.util.concurrent.CompletableFuture$UniWhenComplete.tryFire(Unknown Source)
2025-01-30 18:36:09,618 INFO c.h.h.t.HelmChartContainer - [hivemq-test-hivemq-platform] [hivemq-platform-operator] [eda2dbec] 	at java.base/java.util.concurrent.CompletableFuture.postComplete(Unknown Source)
2025-01-30 18:36:09,618 INFO c.h.h.t.HelmChartContainer - [hivemq-test-hivemq-platform] [hivemq-platform-operator] [eda2dbec] 	at java.base/java.util.concurrent.CompletableFuture.complete(Unknown Source)
2025-01-30 18:36:09,618 INFO c.h.h.t.HelmChartContainer - [hivemq-test-hivemq-platform] [hivemq-platform-operator] [eda2dbec] 	at io.fabric8.kubernetes.client.http.ByteArrayBodyHandler.onBodyDone(ByteArrayBodyHandler.java:51)
2025-01-30 18:36:09,618 INFO c.h.h.t.HelmChartContainer - [hivemq-test-hivemq-platform] [hivemq-platform-operator] [eda2dbec] 	at java.base/java.util.concurrent.CompletableFuture.uniWhenComplete(Unknown Source)
2025-01-30 18:36:09,618 INFO c.h.h.t.HelmChartContainer - [hivemq-test-hivemq-platform] [hivemq-platform-operator] [eda2dbec] 	at java.base/java.util.concurrent.CompletableFuture$UniWhenComplete.tryFire(Unknown Source)
2025-01-30 18:36:09,618 INFO c.h.h.t.HelmChartContainer - [hivemq-test-hivemq-platform] [hivemq-platform-operator] [eda2dbec] 	at java.base/java.util.concurrent.CompletableFuture.postComplete(Unknown Source)
2025-01-30 18:36:09,618 INFO c.h.h.t.HelmChartContainer - [hivemq-test-hivemq-platform] [hivemq-platform-operator] [eda2dbec] 	at java.base/java.util.concurrent.CompletableFuture.complete(Unknown Source)
2025-01-30 18:36:09,618 INFO c.h.h.t.HelmChartContainer - [hivemq-test-hivemq-platform] [hivemq-platform-operator] [eda2dbec] 	at io.fabric8.kubernetes.client.vertx.VertxHttpRequest.lambda$null$1(VertxHttpRequest.java:121)
2025-01-30 18:36:09,618 INFO c.h.h.t.HelmChartContainer - [hivemq-test-hivemq-platform] [hivemq-platform-operator] [eda2dbec] 	at io.vertx.core.impl.ContextInternal.dispatch(ContextInternal.java:279)
2025-01-30 18:36:09,618 INFO c.h.h.t.HelmChartContainer - [hivemq-test-hivemq-platform] [hivemq-platform-operator] [eda2dbec] 	at io.vertx.core.impl.ContextInternal.dispatch(ContextInternal.java:261)
2025-01-30 18:36:09,618 INFO c.h.h.t.HelmChartContainer - [hivemq-test-hivemq-platform] [hivemq-platform-operator] [eda2dbec] 	at io.vertx.core.http.impl.HttpEventHandler.handleEnd(HttpEventHandler.java:76)
2025-01-30 18:36:09,618 INFO c.h.h.t.HelmChartContainer - [hivemq-test-hivemq-platform] [hivemq-platform-operator] [eda2dbec] 	at io.vertx.core.http.impl.HttpClientResponseImpl.handleEnd(HttpClientResponseImpl.java:250)
2025-01-30 18:36:09,618 INFO c.h.h.t.HelmChartContainer - [hivemq-test-hivemq-platform] [hivemq-platform-operator] [eda2dbec] 	at io.vertx.core.http.impl.Http1xClientConnection$StreamImpl.lambda$new$0(Http1xClientConnection.java:421)
2025-01-30 18:36:09,618 INFO c.h.h.t.HelmChartContainer - [hivemq-test-hivemq-platform] [hivemq-platform-operator] [eda2dbec] 	at io.vertx.core.streams.impl.InboundBuffer.handleEvent(InboundBuffer.java:279)
2025-01-30 18:36:09,618 INFO c.h.h.t.HelmChartContainer - [hivemq-test-hivemq-platform] [hivemq-platform-operator] [eda2dbec] 	at io.vertx.core.streams.impl.InboundBuffer.write(InboundBuffer.java:157)
2025-01-30 18:36:09,618 INFO c.h.h.t.HelmChartContainer - [hivemq-test-hivemq-platform] [hivemq-platform-operator] [eda2dbec] 	at io.vertx.core.http.impl.Http1xClientConnection$StreamImpl.handleEnd(Http1xClientConnection.java:709)
2025-01-30 18:36:09,618 INFO c.h.h.t.HelmChartContainer - [hivemq-test-hivemq-platform] [hivemq-platform-operator] [eda2dbec] 	at io.vertx.core.impl.ContextImpl.lambda$execute$4(ContextImpl.java:315)
2025-01-30 18:36:09,618 INFO c.h.h.t.HelmChartContainer - [hivemq-test-hivemq-platform] [hivemq-platform-operator] [eda2dbec] 	at io.netty.util.concurrent.AbstractEventExecutor.runTask(AbstractEventExecutor.java:173)
2025-01-30 18:36:09,618 INFO c.h.h.t.HelmChartContainer - [hivemq-test-hivemq-platform] [hivemq-platform-operator] [eda2dbec] 	at io.netty.util.concurrent.AbstractEventExecutor.safeExecute(AbstractEventExecutor.java:166)
2025-01-30 18:36:09,618 INFO c.h.h.t.HelmChartContainer - [hivemq-test-hivemq-platform] [hivemq-platform-operator] [eda2dbec] 	at io.netty.util.concurrent.SingleThreadEventExecutor.runAllTasks(SingleThreadEventExecutor.java:472)
2025-01-30 18:36:09,618 INFO c.h.h.t.HelmChartContainer - [hivemq-test-hivemq-platform] [hivemq-platform-operator] [eda2dbec] 	at io.netty.channel.nio.NioEventLoop.run(NioEventLoop.java:569)
2025-01-30 18:36:09,618 INFO c.h.h.t.HelmChartContainer - [hivemq-test-hivemq-platform] [hivemq-platform-operator] [eda2dbec] 	at io.netty.util.concurrent.SingleThreadEventExecutor$4.run(SingleThreadEventExecutor.java:997)
2025-01-30 18:36:09,618 INFO c.h.h.t.HelmChartContainer - [hivemq-test-hivemq-platform] [hivemq-platform-operator] [eda2dbec] 	at io.netty.util.internal.ThreadExecutorMap$2.run(ThreadExecutorMap.java:74)
2025-01-30 18:36:09,618 INFO c.h.h.t.HelmChartContainer - [hivemq-test-hivemq-platform] [hivemq-platform-operator] [eda2dbec] 	at io.netty.util.concurrent.FastThreadLocalRunnable.run(FastThreadLocalRunnable.java:30)
2025-01-30 18:36:09,618 INFO c.h.h.t.HelmChartContainer - [hivemq-test-hivemq-platform] [hivemq-platform-operator] [eda2dbec] 	... 1 common frames omitted
2025-01-30 18:36:09,660 INFO c.h.h.t.HelmChartContainer - [test-hivemq-platform] [hivemq] [bc834383] INFO  - Shutting down listeners and clients
2025-01-30 18:36:09,661 INFO c.h.h.t.HelmChartContainer - [test-hivemq-platform] [hivemq] [bc834383] INFO  - Shutdown of listeners is done
2025-01-30 18:36:09,662 INFO c.h.h.t.HelmChartContainer - [test-hivemq-platform] [hivemq] [bc834383] INFO  - No clients are connected, proceeding with shutdown
2025-01-30 18:36:09,695 INFO c.h.h.t.HelmChartContainer - [hivemq-test-hivemq-platform] [hivemq-platform-operator] [eda2dbec] 18:36:09.694 [ReconcilerExecutor-hivemq-controller-123] INFO  c.h.p.o.HiveMQPlatformReconciler - [customcl] Cleanup test-hivemq-platform - customclusterdomainnameit HiveMQ Platform is shut down
2025-01-30 18:36:11,363 INFO c.h.h.t.HelmChartContainer - Deleting namespace 'customclusterdomainnameit'...
2025-01-30 18:36:12,574 INFO c.h.h.t.HelmChartContainer - [test-hivemq-platform] [hivemq] [bc834383] INFO  - Shutting down extension system
2025-01-30 18:36:12,579 INFO c.h.h.t.HelmChartContainer - [test-hivemq-platform] [hivemq] [bc834383] INFO  - Stopping extension with id hivemq-dns-cluster-discovery
2025-01-30 18:36:12,580 INFO c.h.h.t.HelmChartContainer - [test-hivemq-platform] [hivemq] [bc834383] INFO  - Extension "DNS Cluster Discovery Extension" version 4.3.2 stopped successfully.
2025-01-30 18:36:12,581 INFO c.h.h.t.HelmChartContainer - [test-hivemq-platform] [hivemq] [bc834383] INFO  - Stopping extension with id hivemq-prometheus-extension
2025-01-30 18:36:12,585 INFO c.h.h.t.HelmChartContainer - [test-hivemq-platform] [hivemq] [bc834383] INFO  - Extension "Prometheus Monitoring Extension" version 4.0.12 stopped successfully.
2025-01-30 18:36:12,586 INFO c.h.h.t.HelmChartContainer - [test-hivemq-platform] [hivemq] [bc834383] INFO  - Stopping extension with id hivemq-allow-all-extension
2025-01-30 18:36:12,586 INFO c.h.h.t.HelmChartContainer - [test-hivemq-platform] [hivemq] [bc834383] INFO  - Extension "Allow All Extension" version 1.1.1 stopped successfully.
2025-01-30 18:36:13,480 INFO c.h.h.t.HelmChartContainer - [test-hivemq-platform] [hivemq] [bc834383] INFO  - [HiveMQ Platform Operator Init App 1.7.0-SNAPSHOT] Returning shutdown Health API response 503 for readiness
2025-01-30 18:36:13,484 INFO c.h.h.t.HelmChartContainer - [EVENT] Warning [Unhealthy] Readiness probe failed: HTTP probe failed with statuscode: 503 [customclusterdomainnameit:test-hivemq-platform-0]
2025-01-30 18:36:13,484 INFO c.h.h.t.HelmChartContainer - Received Unhealthy event for container hivemq in pod test-hivemq-platform-0 [bc834383-aac6-44aa-8c68-05df6fb1be0d]
2025-01-30 18:36:13,992 INFO c.h.h.t.HelmChartContainer - [test-hivemq-platform] [hivemq] [bc834383] WARN  - [HiveMQ Platform Operator Init App 1.7.0-SNAPSHOT] Could not update Pod annotations: Failure executing: GET at: https://10.43.0.1:443/api/v1/namespaces/customclusterdomainnameit/pods/test-hivemq-platform-0. Message: pods "test-hivemq-platform-0" is forbidden: User "system:serviceaccount:customclusterdomainnameit:hivemq-platform-pod-test-hivemq-platform" cannot get resource "pods" in API group "" in the namespace "customclusterdomainnameit". Received status: Status(apiVersion=v1, code=403, details=StatusDetails(causes=[], group=null, kind=pods, name=test-hivemq-platform-0, retryAfterSeconds=null, uid=null, additionalProperties={}), kind=Status, message=pods "test-hivemq-platform-0" is forbidden: User "system:serviceaccount:customclusterdomainnameit:hivemq-platform-pod-test-hivemq-platform" cannot get resource "pods" in API group "" in the namespace "customclusterdomainnameit", metadata=ListMeta(_continue=null, remainingItemCount=null, resourceVersion=null, selfLink=null, additionalProperties={}), reason=Forbidden, status=Failure, additionalProperties={}).
2025-01-30 18:36:14,871 INFO c.h.h.t.HelmChartContainer - [test-hivemq-platform] [hivemq] [bc834383] INFO  - Shutdown completed.
2025-01-30 18:36:15,223 INFO c.h.h.t.HelmChartContainer - [test-hivemq-platform] [hivemq] [bc834383] INFO  - [HiveMQ Platform Operator Init App 1.7.0-SNAPSHOT] The HiveMQ Platform exited with code 143
2025-01-30 18:36:15,223 INFO c.h.h.t.HelmChartContainer - [test-hivemq-platform] [hivemq] [bc834383] INFO  - [HiveMQ Platform Operator Init App 1.7.0-SNAPSHOT] Stopping the REST API
2025-01-30 18:36:15,259 INFO c.h.h.t.HelmChartContainer - [test-hivemq-platform] [hivemq] [bc834383] INFO  - [HiveMQ Platform Operator Init App 1.7.0-SNAPSHOT] Shutdown complete
2025-01-30 18:36:15,719 INFO c.h.h.t.HelmChartContainer - [POD] test-hivemq-platform-0 [bc834383-aac6-44aa-8c68-05df6fb1be0d] in customclusterdomainnameit was MODIFIED
2025-01-30 18:36:15,719 INFO c.h.h.t.HelmChartContainer - [K3S] [stateful_set.go:438] "Unhandled Error" err="error syncing StatefulSet customclusterdomainnameit/test-hivemq-platform, requeuing: controllerrevisions.apps \"test-hivemq-platform-5bf899b4bb\" is forbidden: unable to create new content in namespace customclusterdomainnameit because it is being terminated"
2025-01-30 18:36:15,727 INFO c.h.h.t.HelmChartContainer - [K3S] [stateful_set.go:438] "Unhandled Error" err="error syncing StatefulSet customclusterdomainnameit/test-hivemq-platform, requeuing: controllerrevisions.apps \"test-hivemq-platform-5bf899b4bb\" is forbidden: unable to create new content in namespace customclusterdomainnameit because it is being terminated"
2025-01-30 18:36:15,738 INFO c.h.h.t.HelmChartContainer - [K3S] [reconciler_common.go:162] "operationExecutor.UnmountVolume started for volume \"pod-info\" (UniqueName: \"kubernetes.io/configmap/bc834383-aac6-44aa-8c68-05df6fb1be0d-pod-info\") pod \"bc834383-aac6-44aa-8c68-05df6fb1be0d\" (UID: \"bc834383-aac6-44aa-8c68-05df6fb1be0d\") "
2025-01-30 18:36:15,739 INFO c.h.h.t.HelmChartContainer - [K3S] [reconciler_common.go:162] "operationExecutor.UnmountVolume started for volume \"broker-configuration\" (UniqueName: \"kubernetes.io/configmap/bc834383-aac6-44aa-8c68-05df6fb1be0d-broker-configuration\") pod \"bc834383-aac6-44aa-8c68-05df6fb1be0d\" (UID: \"bc834383-aac6-44aa-8c68-05df6fb1be0d\") "
2025-01-30 18:36:15,739 INFO c.h.h.t.HelmChartContainer - [K3S] [reconciler_common.go:162] "operationExecutor.UnmountVolume started for volume \"operator-init\" (UniqueName: \"kubernetes.io/empty-dir/bc834383-aac6-44aa-8c68-05df6fb1be0d-operator-init\") pod \"bc834383-aac6-44aa-8c68-05df6fb1be0d\" (UID: \"bc834383-aac6-44aa-8c68-05df6fb1be0d\") "
2025-01-30 18:36:15,739 INFO c.h.h.t.HelmChartContainer - [K3S] [reconciler_common.go:162] "operationExecutor.UnmountVolume started for volume \"kube-api-access-5vwm6\" (UniqueName: \"kubernetes.io/projected/bc834383-aac6-44aa-8c68-05df6fb1be0d-kube-api-access-5vwm6\") pod \"bc834383-aac6-44aa-8c68-05df6fb1be0d\" (UID: \"bc834383-aac6-44aa-8c68-05df6fb1be0d\") "
2025-01-30 18:36:15,741 INFO c.h.h.t.HelmChartContainer - [K3S] [stateful_set.go:438] "Unhandled Error" err="error syncing StatefulSet customclusterdomainnameit/test-hivemq-platform, requeuing: controllerrevisions.apps \"test-hivemq-platform-5bf899b4bb\" is forbidden: unable to create new content in namespace customclusterdomainnameit because it is being terminated"
2025-01-30 18:36:15,764 INFO c.h.h.t.HelmChartContainer - [K3S] [stateful_set.go:438] "Unhandled Error" err="error syncing StatefulSet customclusterdomainnameit/test-hivemq-platform, requeuing: controllerrevisions.apps \"test-hivemq-platform-5bf899b4bb\" is forbidden: unable to create new content in namespace customclusterdomainnameit because it is being terminated"
2025-01-30 18:36:15,808 INFO c.h.h.t.HelmChartContainer - [K3S] [stateful_set.go:438] "Unhandled Error" err="error syncing StatefulSet customclusterdomainnameit/test-hivemq-platform, requeuing: controllerrevisions.apps \"test-hivemq-platform-5bf899b4bb\" is forbidden: unable to create new content in namespace customclusterdomainnameit because it is being terminated"
2025-01-30 18:36:15,839 INFO c.h.h.t.HelmChartContainer - [K3S] [reconciler_common.go:299] "Volume detached for volume \"pod-info\" (UniqueName: \"kubernetes.io/configmap/bc834383-aac6-44aa-8c68-05df6fb1be0d-pod-info\") on node \"939b2c34f41e\" DevicePath \"\""
2025-01-30 18:36:15,839 INFO c.h.h.t.HelmChartContainer - [K3S] [reconciler_common.go:299] "Volume detached for volume \"broker-configuration\" (UniqueName: \"kubernetes.io/configmap/bc834383-aac6-44aa-8c68-05df6fb1be0d-broker-configuration\") on node \"939b2c34f41e\" DevicePath \"\""
2025-01-30 18:36:15,839 INFO c.h.h.t.HelmChartContainer - [K3S] [reconciler_common.go:299] "Volume detached for volume \"operator-init\" (UniqueName: \"kubernetes.io/empty-dir/bc834383-aac6-44aa-8c68-05df6fb1be0d-operator-init\") on node \"939b2c34f41e\" DevicePath \"\""
2025-01-30 18:36:15,839 INFO c.h.h.t.HelmChartContainer - [K3S] [reconciler_common.go:299] "Volume detached for volume \"kube-api-access-5vwm6\" (UniqueName: \"kubernetes.io/projected/bc834383-aac6-44aa-8c68-05df6fb1be0d-kube-api-access-5vwm6\") on node \"939b2c34f41e\" DevicePath \"\""
2025-01-30 18:36:15,892 INFO c.h.h.t.HelmChartContainer - [K3S] [stateful_set.go:438] "Unhandled Error" err="error syncing StatefulSet customclusterdomainnameit/test-hivemq-platform, requeuing: controllerrevisions.apps \"test-hivemq-platform-5bf899b4bb\" is forbidden: unable to create new content in namespace customclusterdomainnameit because it is being terminated"
2025-01-30 18:36:16,035 INFO c.h.h.t.HelmChartContainer - [K3S] [scope.go:117] "RemoveContainer" containerID="0792706698de461c7791395df3216cb57a5ec29d12aa745596865dd33b33472a"
2025-01-30 18:36:16,051 INFO c.h.h.t.HelmChartContainer - [K3S] [stateful_set.go:438] "Unhandled Error" err="error syncing StatefulSet customclusterdomainnameit/test-hivemq-platform, requeuing: controllerrevisions.apps \"test-hivemq-platform-5bf899b4bb\" is forbidden: unable to create new content in namespace customclusterdomainnameit because it is being terminated"
2025-01-30 18:36:16,059 INFO c.h.h.t.HelmChartContainer - [K3S] [stateful_set.go:438] "Unhandled Error" err="error syncing StatefulSet customclusterdomainnameit/test-hivemq-platform, requeuing: controllerrevisions.apps \"test-hivemq-platform-5bf899b4bb\" is forbidden: unable to create new content in namespace customclusterdomainnameit because it is being terminated"
2025-01-30 18:36:16,061 INFO c.h.h.t.HelmChartContainer - [POD] test-hivemq-platform-0 [bc834383-aac6-44aa-8c68-05df6fb1be0d] in customclusterdomainnameit was MODIFIED
2025-01-30 18:36:16,061 INFO c.h.h.t.HelmChartContainer - [POD] test-hivemq-platform-0 [bc834383-aac6-44aa-8c68-05df6fb1be0d] in customclusterdomainnameit was DELETED
2025-01-30 18:36:16,064 INFO c.h.h.t.HelmChartContainer - [K3S] [stateful_set.go:438] "Unhandled Error" err="error syncing StatefulSet customclusterdomainnameit/test-hivemq-platform, requeuing: controllerrevisions.apps \"test-hivemq-platform-5bf899b4bb\" is forbidden: unable to create new content in namespace customclusterdomainnameit because it is being terminated"
2025-01-30 18:36:16,072 INFO c.h.h.t.HelmChartContainer - [K3S] [stateful_set.go:466] "StatefulSet has been deleted" key="customclusterdomainnameit/test-hivemq-platform"
2025-01-30 18:36:16,141 INFO c.h.h.t.HelmChartContainer - [K3S] [scope.go:117] "RemoveContainer" containerID="fc4773da58283b63af5577e02240932aba51f07e44162e8bb546a06e60ae1e2d"
2025-01-30 18:36:16,144 INFO c.h.h.t.HelmChartContainer - [K3S] [scope.go:117] "RemoveContainer" containerID="0792706698de461c7791395df3216cb57a5ec29d12aa745596865dd33b33472a"
2025-01-30 18:36:16,145 INFO c.h.h.t.HelmChartContainer - [K3S] [scope.go:117] "RemoveContainer" containerID="fc4773da58283b63af5577e02240932aba51f07e44162e8bb546a06e60ae1e2d"
2025-01-30 18:36:16,601 INFO c.h.h.t.HelmChartContainer - Namespace 'customclusterdomainnameit' deleted
2025-01-30 18:36:16,601 INFO c.h.h.t.HelmChartContainer - Release 'test-hivemq-platform' in namespace 'customclusterdomainnameit' is uninstalled
2025-01-30 18:36:16,601 INFO c.h.h.t.HelmChartContainer - Uninstalling release 'test-hivemq-platform-operator' in namespace 'customclusterdomainnameit-operator'...
2025-01-30 18:36:16,601 DEBUG c.h.h.t.HelmChartContainer - Executing helm command: /bin/helm --kubeconfig /etc/rancher/k3s/k3s.yaml uninstall test-hivemq-platform-operator  --wait --timeout 5m0s --cascade foreground --namespace customclusterdomainnameit-operator
2025-01-30 18:36:16,702 INFO c.h.h.t.HelmChartContainer - [K3S] [stateful_set.go:466] "StatefulSet has been deleted" key="customclusterdomainnameit/test-hivemq-platform"
2025-01-30 18:36:16,767 INFO c.h.h.t.HelmChartContainer - [K3S] [replica_set.go:679] "Finished syncing" kind="ReplicaSet" key="customclusterdomainnameit-operator/hivemq-test-hivemq-platform-operator-6966f96d65" duration="6.587618ms"
2025-01-30 18:36:16,768 INFO c.h.h.t.HelmChartContainer - [K3S] [replica_set.go:679] "Finished syncing" kind="ReplicaSet" key="customclusterdomainnameit-operator/hivemq-test-hivemq-platform-operator-6966f96d65" duration="36.258µs"
2025-01-30 18:36:16,783 INFO c.h.h.t.HelmChartContainer - [POD] hivemq-test-hivemq-platform-operator-6966f96d65-jkrr5 [eda2dbec-c29b-4067-adb3-d04df9494113] in customclusterdomainnameit-operator was MODIFIED
2025-01-30 18:36:16,798 INFO c.h.h.t.HelmChartContainer - [EVENT] Normal [Killing] Stopping container hivemq-platform-operator [customclusterdomainnameit-operator:hivemq-test-hivemq-platform-operator-6966f96d65-jkrr5]
2025-01-30 18:36:16,798 INFO c.h.h.t.HelmChartContainer - Received Killing event for container hivemq-platform-operator in pod hivemq-test-hivemq-platform-operator-6966f96d65-jkrr5 [eda2dbec-c29b-4067-adb3-d04df9494113]
2025-01-30 18:36:16,798 INFO c.h.h.t.HelmChartContainer - Container [hivemq-test-hivemq-platform-operator-6966f96d65-jkrr5] [hivemq-platform-operator] [eda2dbec-c29b-4067-adb3-d04df9494113] was terminated
2025-01-30 18:36:16,798 INFO c.h.h.t.HelmChartContainer - Stopped log watcher for hivemq-platform-operator in pod hivemq-test-hivemq-platform-operator-6966f96d65-jkrr5 [eda2dbec-c29b-4067-adb3-d04df9494113]
2025-01-30 18:36:16,804 INFO c.h.h.t.HelmChartContainer - [K3S] [replica_set.go:679] "Finished syncing" kind="ReplicaSet" key="customclusterdomainnameit-operator/hivemq-test-hivemq-platform-operator-6966f96d65" duration="22.108227ms"
2025-01-30 18:36:16,804 INFO c.h.h.t.HelmChartContainer - [K3S] [replica_set.go:679] "Finished syncing" kind="ReplicaSet" key="customclusterdomainnameit-operator/hivemq-test-hivemq-platform-operator-6966f96d65" duration="33.313µs"
2025-01-30 18:36:16,810 INFO c.h.h.t.HelmChartContainer - [hivemq-test-hivemq-platform] [hivemq-platform-operator] [eda2dbec] 18:36:16.808 [application-shutdown-thread] INFO  c.h.p.o.HiveMQPlatformOperatorApplication - HiveMQ Platform Operator is stopping...
2025-01-30 18:36:16,812 INFO c.h.h.t.HelmChartContainer - [hivemq-test-hivemq-platform] [hivemq-platform-operator] [eda2dbec] 18:36:16.809 [application-shutdown-thread] INFO  i.javaoperatorsdk.operator.Operator - Operator SDK 4.9.7 is shutting down...
2025-01-30 18:36:17,447 INFO c.h.h.t.HelmChartContainer - [K3S] [replica_set.go:679] "Finished syncing" kind="ReplicaSet" key="customclusterdomainnameit-operator/hivemq-test-hivemq-platform-operator-6966f96d65" duration="39.244µs"
2025-01-30 18:36:17,449 INFO c.h.h.t.HelmChartContainer - [POD] hivemq-test-hivemq-platform-operator-6966f96d65-jkrr5 [eda2dbec-c29b-4067-adb3-d04df9494113] in customclusterdomainnameit-operator was MODIFIED
2025-01-30 18:36:17,545 INFO c.h.h.t.HelmChartContainer - [K3S] [reconciler_common.go:162] "operationExecutor.UnmountVolume started for volume \"kube-api-access-wcg9t\" (UniqueName: \"kubernetes.io/projected/eda2dbec-c29b-4067-adb3-d04df9494113-kube-api-access-wcg9t\") pod \"eda2dbec-c29b-4067-adb3-d04df9494113\" (UID: \"eda2dbec-c29b-4067-adb3-d04df9494113\") "
2025-01-30 18:36:17,645 INFO c.h.h.t.HelmChartContainer - [K3S] [reconciler_common.go:299] "Volume detached for volume \"kube-api-access-wcg9t\" (UniqueName: \"kubernetes.io/projected/eda2dbec-c29b-4067-adb3-d04df9494113-kube-api-access-wcg9t\") on node \"939b2c34f41e\" DevicePath \"\""
2025-01-30 18:36:17,850 INFO c.h.h.t.HelmChartContainer - [K3S] [kubelet_volumes.go:163] "Cleaned up orphaned pod volumes dir" podUID="bc834383-aac6-44aa-8c68-05df6fb1be0d" path="/var/lib/kubelet/pods/bc834383-aac6-44aa-8c68-05df6fb1be0d/volumes"
2025-01-30 18:36:18,039 INFO c.h.h.t.HelmChartContainer - [K3S] [scope.go:117] "RemoveContainer" containerID="682c5d440b66b8a1c2ef97e6d6bf2327c6e8443cc36cc06c9f7ec2fd856f4838"
2025-01-30 18:36:18,042 INFO c.h.h.t.HelmChartContainer - [K3S] [scope.go:117] "RemoveContainer" containerID="682c5d440b66b8a1c2ef97e6d6bf2327c6e8443cc36cc06c9f7ec2fd856f4838"
2025-01-30 18:36:18,047 INFO c.h.h.t.HelmChartContainer - [K3S] [replica_set.go:679] "Finished syncing" kind="ReplicaSet" key="customclusterdomainnameit-operator/hivemq-test-hivemq-platform-operator-6966f96d65" duration="43.11µs"
2025-01-30 18:36:18,047 INFO c.h.h.t.HelmChartContainer - [POD] hivemq-test-hivemq-platform-operator-6966f96d65-jkrr5 [eda2dbec-c29b-4067-adb3-d04df9494113] in customclusterdomainnameit-operator was MODIFIED
2025-01-30 18:36:18,049 INFO c.h.h.t.HelmChartContainer - [K3S] [replica_set.go:679] "Finished syncing" kind="ReplicaSet" key="customclusterdomainnameit-operator/hivemq-test-hivemq-platform-operator-6966f96d65" duration="33.974µs"
2025-01-30 18:36:18,049 INFO c.h.h.t.HelmChartContainer - [POD] hivemq-test-hivemq-platform-operator-6966f96d65-jkrr5 [eda2dbec-c29b-4067-adb3-d04df9494113] in customclusterdomainnameit-operator was DELETED
2025-01-30 18:36:18,059 INFO c.h.h.t.HelmChartContainer - [K3S] [replica_set.go:679] "Finished syncing" kind="ReplicaSet" key="customclusterdomainnameit-operator/hivemq-test-hivemq-platform-operator-6966f96d65" duration="9.087µs"
2025-01-30 18:36:18,814 INFO c.h.h.t.HelmChartContainer - Deleting namespace 'customclusterdomainnameit-operator'...
2025-01-30 18:36:19,850 INFO c.h.h.t.HelmChartContainer - [K3S] [kubelet_volumes.go:163] "Cleaned up orphaned pod volumes dir" podUID="eda2dbec-c29b-4067-adb3-d04df9494113" path="/var/lib/kubelet/pods/eda2dbec-c29b-4067-adb3-d04df9494113/volumes"
2025-01-30 18:36:21,524 INFO c.h.h.t.HelmChartContainer - [K3S] [namespace_controller.go:187] "Namespace has been deleted" namespace="customclusterdomainnameit"
2025-01-30 18:36:24,033 INFO c.h.h.t.HelmChartContainer - Namespace 'customclusterdomainnameit-operator' deleted
2025-01-30 18:36:24,033 INFO c.h.h.t.HelmChartContainer - Release 'test-hivemq-platform-operator' in namespace 'customclusterdomainnameit-operator' is uninstalled
2025-01-30 18:36:24,785 INFO c.h.helmcharts.AbstractHelmChartIT - Removed unused containers:

2025-01-30 18:36:28,942 INFO c.h.h.t.HelmChartContainer - [K3S] [namespace_controller.go:187] "Namespace has been deleted" namespace="customclusterdomainnameit-operator"
2025-01-30 18:36:32,862 INFO c.h.helmcharts.AbstractHelmChartIT - Removed unused snapshots:
Removing snapshot sha256:03af251906410714c5aef9fa705b63f6bbc39c4a5e787de7361eeb18886c2ed2
Removing snapshot sha256:0c46b3b43cce082ce5ec34ffc6c294e0417d17b9d1e6f366d114b6aadc4f96dc
Removing snapshot sha256:0ce761beee59082d6ed5bcebd3a805b8ddd9b3426b617e4809e7fb7c6587ffec
Removing snapshot sha256:0df91287303208332c8ff6ba40ae4710105201739addbfbddfb955f1ad593664
Removing snapshot sha256:1021ef88c7974bfff89c5a0ec4fd3160daac6c48a075f74cff721f85dd104e68
Removing snapshot sha256:10aba4953ddc18145dd38e3704709bc464aa20af60b56fe52caaff4b68411e62
Removing snapshot sha256:2573e0d8158209ed54ab25c87bcdcb00bd3d2539246960a3d592a1c599d70465
Removing snapshot sha256:362a8a37f8bbc31925a8146adcf7cf51f9882f5c1dcbef67c5baa03a297543c0
Removing snapshot sha256:3fa4ad33f0ddc8fd45b39b6b4640f82a3a83619606cd975bfe89d8710ad2d4cd
Removing snapshot sha256:43a7c979bbaba6838bc3102d6b10a1459f3ab050b87ccdfef84ef90cf43d3058
Removing snapshot sha256:4ab04491cdf0d3267f08206fe30bd48f49f94b9cab2f016d6739220f722a64af
Removing snapshot sha256:4b6068250e89c96f263060261819c7d912855bfbd64b3eb4c4a8483299b8c295
Removing snapshot sha256:580e69a0a8034ede1921139bbd2bfb72a69ebf276d008281896c32dd8bf74775
Removing snapshot sha256:5d30ba46b27fe37484567ccc5242cadc78217b8da605f3f195ef25cbf7487904
Removing snapshot sha256:63ca1fbb43ae5034640e5e6cb3e083e05c290072c5366fcaa9d62435a4cced85
Removing snapshot sha256:67f702c6baae873bceb19487c8b1f27bd2b86077e4f2f0e480e6d60ab508b8f5
Removing snapshot sha256:6864348dd42806d552efdec384f1274be15e2d0c10ce44c1f04347af004c10a9
Removing snapshot sha256:6c7dee8f2c39b84b7dc2711c01d33de93514d9055499173e9290176fbe484b6c
Removing snapshot sha256:82753493a6d61ded36556292f02f31841a14c20d2f279f19eaad65afb661d5cd
Removing snapshot sha256:8a10d3db42c505ee0fcfa98417bdd7e39b304f6bcc0a06bb1b220797ff2cc63c
Removing snapshot sha256:a0904247e36a7726c03c71ee48f3e64462021c88dafeb13f37fdaf613b27f11c
Removing snapshot sha256:a21e5b12dbac529ad45d976eb9ce45c881f3bedcc500fb30aba1e52aa1813418
Removing snapshot sha256:b921e6c28969094157f9b8e7244677780319637afd14450b7cb6b2fdea558a0c
Removing snapshot sha256:bc27ecb5769a00e309cf99ebc763c4a4b958b618d1decc96ffac5bc05f02f5b7
Removing snapshot sha256:be3ccb6627a5332e309d45ef461d09b4879dd870c7394d89323d0ebc6ca6aa8a
Removing snapshot sha256:c261f7cbbc64211ee175ee47273acdb7b1a36a4450b397a064a8f2c026490095
Removing snapshot sha256:c34d9393647eea0c9e3557ab988efaf59f61d10a2a5613b439ef0958cca5ec10
Removing snapshot sha256:cbf594dc1c65dd5847cd90fa9c6b444cfcf578a93f789d47ba3ef7f7aafa816a
Removing snapshot sha256:ccf3c4a0fa967a41c1c83497a2ce6fa5787965859df0adb32c4ca2cf7490bc2b
Removing snapshot sha256:cf92d33f869417309692088c341cd0f223c178ea78a125f757317b22aa8f90e9
Removing snapshot sha256:d0037344cf2fb078884f1849f6a1f8cf9a33a3b6139b6a85833e5ee528e1f9a8
Removing snapshot sha256:d3b36d5b79273b1e98e7700470eaeff05a882e777124d84cebcc1505b85ecb36
Removing snapshot sha256:d65a44a37914602d12c611e5e22a50f11451d847e63015cc1c2aef92dee777a4
Removing snapshot sha256:d9289052bea348f4a7e5692e2b2909366aa73342d9e40f954179c00acfad0e28
Removing snapshot sha256:e2dc0bae2455930f23ae570e019b7f32edc75c0f2d71cab084db837ff9051796
Removing snapshot sha256:eccbd24a99c60cd9e86ee5305dbfc4a4dc89f5ab4fb1f06c8d64797cecedef34
Removing snapshot sha256:f144bb4c7c7f0d2aa7eeffd36d934ec40db1ee167be727e326aad9fdc616f475

]]></system-out>
  </testcase>
  <system-out><![CDATA[2025-01-30 18:34:33,633 INFO c.h.h.t.HelmChartContainerExtension - Using HelmChartContainer instance with additional commands
2025-01-30 18:34:33,664 INFO o.t.i.builder.ImageFromDockerfile - Pre-emptively checking local images for 'ubuntu:noble-20241118.1@sha256:80dd3c3b9c6cecb9f1667e9290b3bc61b78c2678c02cbdae5f0fea92cc6734ab', referenced via a Dockerfile. If not available, it will be pulled.
2025-01-30 18:34:33,664 INFO o.t.i.builder.ImageFromDockerfile - Pre-emptively checking local images for 'rancher/k3s:v1.32.1-k3s1', referenced via a Dockerfile. If not available, it will be pulled.
2025-01-30 18:34:33,666 INFO o.t.i.builder.ImageFromDockerfile - Transferred 0 bytes to Docker daemon
2025-01-30 18:34:33,719 DEBUG c.h.h.t.HelmChartContainer - Starting K3s container with additional commands: [--cluster-domain=hivemq.com]
2025-01-30 18:34:33,719 INFO c.h.h.t.HelmChartContainer - Starting HelmChartContainer...
2025-01-30 18:34:33,721 INFO t.localhost/testcontainers/ekz1uu3kqvt8fab7:latest - Creating container for image: localhost/testcontainers/ekz1uu3kqvt8fab7:latest
2025-01-30 18:34:34,003 INFO t.localhost/testcontainers/ekz1uu3kqvt8fab7:latest - Container localhost/testcontainers/ekz1uu3kqvt8fab7:latest is starting: 939b2c34f41e35d404fc3ea7591e68cde14517f1e699b072b794b66d5a3dac2a
2025-01-30 18:34:34,369 INFO c.h.h.t.HelmChartContainer - [K3S] [INFO] Starting k3s v1.32.1+k3s1 (6a322f12)
2025-01-30 18:34:34,372 INFO c.h.h.t.HelmChartContainer - [K3S] [INFO] Configuring sqlite3 database connection pooling: maxIdleConns=2, maxOpenConns=0, connMaxLifetime=0s
2025-01-30 18:34:34,372 INFO c.h.h.t.HelmChartContainer - [K3S] [INFO] Configuring database table schema and indexes, this may take a moment...
2025-01-30 18:34:34,375 INFO c.h.h.t.HelmChartContainer - [K3S] [INFO] Database tables and indexes are up to date
2025-01-30 18:34:34,378 INFO c.h.h.t.HelmChartContainer - [K3S] [INFO] Kine available at unix://kine.sock
2025-01-30 18:34:34,480 INFO c.h.h.t.HelmChartContainer - [K3S] [INFO] Saving cluster bootstrap data to datastore
2025-01-30 18:34:34,481 INFO c.h.h.t.HelmChartContainer - [K3S] [WARNING] dynamiclistener [::]:6443: no cached certificate available for preload - deferring certificate load until storage initialization or first client request
2025-01-30 18:34:34,481 INFO c.h.h.t.HelmChartContainer - [K3S] [INFO] Active TLS secret / (ver=) (count 10): map[listener.cattle.io/cn-10.43.0.1:10.43.0.1 listener.cattle.io/cn-127.0.0.1:127.0.0.1 listener.cattle.io/cn-172.19.0.2:172.19.0.2 listener.cattle.io/cn-939b2c34f41e:939b2c34f41e listener.cattle.io/cn-__1-f16284:::1 listener.cattle.io/cn-kubernetes:kubernetes listener.cattle.io/cn-kubernetes.default:kubernetes.default listener.cattle.io/cn-kubernetes.default.svc:kubernetes.default.svc listener.cattle.io/cn-kubernetes.default.svc.hivemq.com:kubernetes.default.svc.hivemq.com listener.cattle.io/cn-localhost:localhost listener.cattle.io/fingerprint:SHA1=448C471F79B4F4680E1EA2DCA39A3BDEB1373F16]
2025-01-30 18:34:34,640 INFO c.h.h.t.HelmChartContainer - [K3S] [INFO] Running kube-apiserver --advertise-port=6443 --allow-privileged=true --anonymous-auth=false --api-audiences=https://kubernetes.default.svc.hivemq.com,k3s --authorization-mode=Node,RBAC --bind-address=127.0.0.1 --cert-dir=/var/lib/rancher/k3s/server/tls/temporary-certs --client-ca-file=/var/lib/rancher/k3s/server/tls/client-ca.crt --egress-selector-config-file=/var/lib/rancher/k3s/server/etc/egress-selector-config.yaml --enable-admission-plugins=NodeRestriction --enable-aggregator-routing=true --enable-bootstrap-token-auth=true --etcd-compaction-interval=0s --etcd-servers=unix://kine.sock --kubelet-certificate-authority=/var/lib/rancher/k3s/server/tls/server-ca.crt --kubelet-client-certificate=/var/lib/rancher/k3s/server/tls/client-kube-apiserver.crt --kubelet-client-key=/var/lib/rancher/k3s/server/tls/client-kube-apiserver.key --kubelet-preferred-address-types=InternalIP,ExternalIP,Hostname --profiling=false --proxy-client-cert-file=/var/lib/rancher/k3s/server/tls/client-auth-proxy.crt --proxy-client-key-file=/var/lib/rancher/k3s/server/tls/client-auth-proxy.key --requestheader-allowed-names=system:auth-proxy --requestheader-client-ca-file=/var/lib/rancher/k3s/server/tls/request-header-ca.crt --requestheader-extra-headers-prefix=X-Remote-Extra- --requestheader-group-headers=X-Remote-Group --requestheader-username-headers=X-Remote-User --secure-port=6444 --service-account-issuer=https://kubernetes.default.svc.hivemq.com --service-account-key-file=/var/lib/rancher/k3s/server/tls/service.key --service-account-signing-key-file=/var/lib/rancher/k3s/server/tls/service.current.key --service-cluster-ip-range=10.43.0.0/16 --service-node-port-range=30000-32767 --storage-backend=etcd3 --tls-cert-file=/var/lib/rancher/k3s/server/tls/serving-kube-apiserver.crt --tls-cipher-suites=TLS_ECDHE_ECDSA_WITH_AES_256_GCM_SHA384,TLS_ECDHE_RSA_WITH_AES_256_GCM_SHA384,TLS_ECDHE_ECDSA_WITH_AES_128_GCM_SHA256,TLS_ECDHE_RSA_WITH_AES_128_GCM_SHA256,TLS_ECDHE_ECDSA_WITH_CHACHA20_POLY1305,TLS_ECDHE_RSA_WITH_CHACHA20_POLY1305 --tls-private-key-file=/var/lib/rancher/k3s/server/tls/serving-kube-apiserver.key
2025-01-30 18:34:34,641 INFO c.h.h.t.HelmChartContainer - [K3S] [INFO] Running kube-scheduler --authentication-kubeconfig=/var/lib/rancher/k3s/server/cred/scheduler.kubeconfig --authorization-kubeconfig=/var/lib/rancher/k3s/server/cred/scheduler.kubeconfig --bind-address=127.0.0.1 --kubeconfig=/var/lib/rancher/k3s/server/cred/scheduler.kubeconfig --leader-elect=false --profiling=false --secure-port=10259
2025-01-30 18:34:34,641 INFO c.h.h.t.HelmChartContainer - [K3S] [INFO] Waiting for API server to become available
2025-01-30 18:34:34,641 INFO c.h.h.t.HelmChartContainer - [K3S] [registry.go:256] calling componentGlobalsRegistry.AddFlags more than once, the registry will be set by the latest flags
2025-01-30 18:34:34,642 INFO c.h.h.t.HelmChartContainer - [K3S] [INFO] Running kube-controller-manager --allocate-node-cidrs=true --authentication-kubeconfig=/var/lib/rancher/k3s/server/cred/controller.kubeconfig --authorization-kubeconfig=/var/lib/rancher/k3s/server/cred/controller.kubeconfig --bind-address=127.0.0.1 --cluster-cidr=10.42.0.0/16 --cluster-signing-kube-apiserver-client-cert-file=/var/lib/rancher/k3s/server/tls/client-ca.nochain.crt --cluster-signing-kube-apiserver-client-key-file=/var/lib/rancher/k3s/server/tls/client-ca.key --cluster-signing-kubelet-client-cert-file=/var/lib/rancher/k3s/server/tls/client-ca.nochain.crt --cluster-signing-kubelet-client-key-file=/var/lib/rancher/k3s/server/tls/client-ca.key --cluster-signing-kubelet-serving-cert-file=/var/lib/rancher/k3s/server/tls/server-ca.nochain.crt --cluster-signing-kubelet-serving-key-file=/var/lib/rancher/k3s/server/tls/server-ca.key --cluster-signing-legacy-unknown-cert-file=/var/lib/rancher/k3s/server/tls/server-ca.nochain.crt --cluster-signing-legacy-unknown-key-file=/var/lib/rancher/k3s/server/tls/server-ca.key --configure-cloud-routes=false --controllers=*,tokencleaner,-service,-route,-cloud-node-lifecycle --kubeconfig=/var/lib/rancher/k3s/server/cred/controller.kubeconfig --leader-elect=false --profiling=false --root-ca-file=/var/lib/rancher/k3s/server/tls/server-ca.crt --secure-port=10257 --service-account-private-key-file=/var/lib/rancher/k3s/server/tls/service.current.key --service-cluster-ip-range=10.43.0.0/16 --use-service-account-credentials=true
2025-01-30 18:34:34,642 INFO c.h.h.t.HelmChartContainer - [K3S] [registry.go:256] calling componentGlobalsRegistry.AddFlags more than once, the registry will be set by the latest flags
2025-01-30 18:34:34,642 INFO c.h.h.t.HelmChartContainer - [K3S] [options.go:299] unable to set WatchListClient feature gate, err: cannot override default for feature "WatchListClient": gates already added to a flag set
2025-01-30 18:34:34,642 INFO c.h.h.t.HelmChartContainer - [K3S] [registry.go:256] calling componentGlobalsRegistry.AddFlags more than once, the registry will be set by the latest flags
2025-01-30 18:34:34,643 INFO c.h.h.t.HelmChartContainer - [K3S] [INFO] Running cloud-controller-manager --allocate-node-cidrs=true --authentication-kubeconfig=/var/lib/rancher/k3s/server/cred/cloud-controller.kubeconfig --authorization-kubeconfig=/var/lib/rancher/k3s/server/cred/cloud-controller.kubeconfig --bind-address=127.0.0.1 --cloud-config=/var/lib/rancher/k3s/server/etc/cloud-config.yaml --cloud-provider=k3s --cluster-cidr=10.42.0.0/16 --configure-cloud-routes=false --controllers=*,-route --kubeconfig=/var/lib/rancher/k3s/server/cred/cloud-controller.kubeconfig --leader-elect=false --leader-elect-resource-name=k3s-cloud-controller-manager --node-status-update-frequency=1m0s --profiling=false
2025-01-30 18:34:34,643 INFO c.h.h.t.HelmChartContainer - [K3S] [options.go:238] external host was not specified, using 172.19.0.2
2025-01-30 18:34:34,643 INFO c.h.h.t.HelmChartContainer - [K3S] [INFO] Server node token is available at /var/lib/rancher/k3s/server/token
2025-01-30 18:34:34,643 INFO c.h.h.t.HelmChartContainer - [K3S] [INFO] To join server node to cluster: k3s server -s https://172.19.0.2:6443 -t ${SERVER_NODE_TOKEN}
2025-01-30 18:34:34,644 INFO c.h.h.t.HelmChartContainer - [K3S] [INFO] Agent node token is available at /var/lib/rancher/k3s/server/agent-token
2025-01-30 18:34:34,644 INFO c.h.h.t.HelmChartContainer - [K3S] [INFO] To join agent node to cluster: k3s agent -s https://172.19.0.2:6443 -t ${AGENT_NODE_TOKEN}
2025-01-30 18:34:34,644 INFO c.h.h.t.HelmChartContainer - [K3S] [INFO] Wrote kubeconfig /etc/rancher/k3s/k3s.yaml
2025-01-30 18:34:34,644 INFO c.h.h.t.HelmChartContainer - [K3S] [INFO] Run: k3s kubectl
2025-01-30 18:34:34,645 INFO c.h.h.t.HelmChartContainer - [K3S] [server.go:151] Version: v1.32.1+k3s1
2025-01-30 18:34:34,645 INFO c.h.h.t.HelmChartContainer - [K3S] [server.go:153] "Golang settings" GOGC="" GOMAXPROCS="" GOTRACEBACK=""
2025-01-30 18:34:35,051 INFO c.h.h.t.HelmChartContainer - [K3S] [plugins.go:157] Loaded 13 mutating admission controller(s) successfully in the following order: NamespaceLifecycle,LimitRanger,ServiceAccount,NodeRestriction,TaintNodesByCondition,Priority,DefaultTolerationSeconds,DefaultStorageClass,StorageObjectInUseProtection,RuntimeClass,DefaultIngressClass,MutatingAdmissionPolicy,MutatingAdmissionWebhook.
2025-01-30 18:34:35,051 INFO c.h.h.t.HelmChartContainer - [K3S] [plugins.go:160] Loaded 13 validating admission controller(s) successfully in the following order: LimitRanger,ServiceAccount,PodSecurity,Priority,PersistentVolumeClaimResize,RuntimeClass,CertificateApproval,CertificateSigning,ClusterTrustBundleAttest,CertificateSubjectRestriction,ValidatingAdmissionPolicy,ValidatingAdmissionWebhook,ResourceQuota.
2025-01-30 18:34:35,051 INFO c.h.h.t.HelmChartContainer - [K3S] [instance.go:233] Using reconciler: lease
2025-01-30 18:34:35,129 INFO c.h.h.t.HelmChartContainer - [K3S] [apis.go:106] API group "internal.apiserver.k8s.io" is not enabled, skipping.
2025-01-30 18:34:35,170 INFO c.h.h.t.HelmChartContainer - [K3S] [apis.go:106] API group "storagemigration.k8s.io" is not enabled, skipping.
2025-01-30 18:34:35,198 INFO c.h.h.t.HelmChartContainer - [K3S] [apis.go:106] API group "resource.k8s.io" is not enabled, skipping.
2025-01-30 18:34:35,216 INFO c.h.h.t.HelmChartContainer - [K3S] [INFO] Password verified locally for node 939b2c34f41e
2025-01-30 18:34:35,512 INFO c.h.h.t.HelmChartContainer - [K3S] [dynamic_cafile_content.go:161] "Starting controller" name="request-header::/var/lib/rancher/k3s/server/tls/request-header-ca.crt"
2025-01-30 18:34:35,512 INFO c.h.h.t.HelmChartContainer - [K3S] [dynamic_cafile_content.go:161] "Starting controller" name="client-ca-bundle::/var/lib/rancher/k3s/server/tls/client-ca.crt"
2025-01-30 18:34:35,512 INFO c.h.h.t.HelmChartContainer - [K3S] [secure_serving.go:213] Serving securely on 127.0.0.1:6444
2025-01-30 18:34:35,513 INFO c.h.h.t.HelmChartContainer - [K3S] [tlsconfig.go:243] "Starting DynamicServingCertificateController"
2025-01-30 18:34:35,513 INFO c.h.h.t.HelmChartContainer - [K3S] [apf_controller.go:377] Starting API Priority and Fairness config controller
2025-01-30 18:34:35,513 INFO c.h.h.t.HelmChartContainer - [K3S] [dynamic_serving_content.go:135] "Starting controller" name="serving-cert::/var/lib/rancher/k3s/server/tls/serving-kube-apiserver.crt::/var/lib/rancher/k3s/server/tls/serving-kube-apiserver.key"
2025-01-30 18:34:35,513 INFO c.h.h.t.HelmChartContainer - [K3S] [customresource_discovery_controller.go:292] Starting DiscoveryController
2025-01-30 18:34:35,513 INFO c.h.h.t.HelmChartContainer - [K3S] [system_namespaces_controller.go:66] Starting system namespaces controller
2025-01-30 18:34:35,513 INFO c.h.h.t.HelmChartContainer - [K3S] [local_available_controller.go:156] Starting LocalAvailability controller
2025-01-30 18:34:35,513 INFO c.h.h.t.HelmChartContainer - [K3S] [dynamic_serving_content.go:135] "Starting controller" name="aggregator-proxy-cert::/var/lib/rancher/k3s/server/tls/client-auth-proxy.crt::/var/lib/rancher/k3s/server/tls/client-auth-proxy.key"
2025-01-30 18:34:35,514 INFO c.h.h.t.HelmChartContainer - [K3S] [controller.go:78] Starting OpenAPI AggregationController
2025-01-30 18:34:35,514 INFO c.h.h.t.HelmChartContainer - [K3S] [controller.go:142] Starting OpenAPI controller
2025-01-30 18:34:35,514 INFO c.h.h.t.HelmChartContainer - [K3S] [controller.go:119] Starting legacy_token_tracking_controller
2025-01-30 18:34:35,514 INFO c.h.h.t.HelmChartContainer - [K3S] [controller.go:90] Starting OpenAPI V3 controller
2025-01-30 18:34:35,514 INFO c.h.h.t.HelmChartContainer - [K3S] [remote_available_controller.go:411] Starting RemoteAvailability controller
2025-01-30 18:34:35,514 INFO c.h.h.t.HelmChartContainer - [K3S] [apiservice_controller.go:100] Starting APIServiceRegistrationController
2025-01-30 18:34:35,515 INFO c.h.h.t.HelmChartContainer - [K3S] [crd_finalizer.go:269] Starting CRDFinalizer
2025-01-30 18:34:35,515 INFO c.h.h.t.HelmChartContainer - [K3S] [establishing_controller.go:81] Starting EstablishingController
2025-01-30 18:34:35,515 INFO c.h.h.t.HelmChartContainer - [K3S] [nonstructuralschema_controller.go:195] Starting NonStructuralSchemaConditionController
2025-01-30 18:34:35,515 INFO c.h.h.t.HelmChartContainer - [K3S] [apiapproval_controller.go:189] Starting KubernetesAPIApprovalPolicyConformantConditionController
2025-01-30 18:34:35,515 INFO c.h.h.t.HelmChartContainer - [K3S] [naming_controller.go:294] Starting NamingConditionController
2025-01-30 18:34:35,515 INFO c.h.h.t.HelmChartContainer - [K3S] [cluster_authentication_trust_controller.go:462] Starting cluster_authentication_trust_controller controller
2025-01-30 18:34:35,515 INFO c.h.h.t.HelmChartContainer - [K3S] [controller.go:80] Starting OpenAPI V3 AggregationController
2025-01-30 18:34:35,515 INFO c.h.h.t.HelmChartContainer - [K3S] [aggregator.go:169] waiting for initial CRD sync...
2025-01-30 18:34:35,515 INFO c.h.h.t.HelmChartContainer - [K3S] [gc_controller.go:78] Starting apiserver lease garbage collector
2025-01-30 18:34:35,515 INFO c.h.h.t.HelmChartContainer - [K3S] [dynamic_cafile_content.go:161] "Starting controller" name="client-ca-bundle::/var/lib/rancher/k3s/server/tls/client-ca.crt"
2025-01-30 18:34:35,516 INFO c.h.h.t.HelmChartContainer - [K3S] [dynamic_cafile_content.go:161] "Starting controller" name="request-header::/var/lib/rancher/k3s/server/tls/request-header-ca.crt"
2025-01-30 18:34:35,516 INFO c.h.h.t.HelmChartContainer - [K3S] [crdregistration_controller.go:114] Starting crd-autoregister controller
2025-01-30 18:34:35,612 INFO c.h.h.t.HelmChartContainer - [K3S] [apf_controller.go:382] Running API Priority and Fairness config worker
2025-01-30 18:34:35,613 INFO c.h.h.t.HelmChartContainer - [K3S] [apf_controller.go:385] Running API Priority and Fairness periodic rebalancing process
2025-01-30 18:34:35,614 INFO c.h.h.t.HelmChartContainer - [K3S] [handler_discovery.go:451] Starting ResourceDiscoveryManager
2025-01-30 18:34:35,617 INFO c.h.h.t.HelmChartContainer - [K3S] [aggregator.go:171] initial CRD sync complete...
2025-01-30 18:34:35,617 INFO c.h.h.t.HelmChartContainer - [K3S] [autoregister_controller.go:144] Starting autoregister controller
2025-01-30 18:34:35,623 INFO c.h.h.t.HelmChartContainer - [K3S] [controller.go:145] "Failed to ensure lease exists, will retry" err="namespaces \"kube-system\" not found" interval="200ms"
2025-01-30 18:34:35,647 INFO c.h.h.t.HelmChartContainer - [K3S] [policy_source.go:240] refreshing policies
2025-01-30 18:34:35,667 INFO c.h.h.t.HelmChartContainer - [K3S] [controller.go:95] Unable to perform initial Kubernetes service initialization: namespaces "default" not found
2025-01-30 18:34:35,667 INFO c.h.h.t.HelmChartContainer - [K3S] [controller.go:148] "Unhandled Error" err="while syncing ConfigMap \"kube-system/kube-apiserver-legacy-service-account-token-tracking\", err: namespaces \"kube-system\" not found" logger="UnhandledError"
2025-01-30 18:34:35,763 INFO c.h.h.t.HelmChartContainer - [K3S] [WARNING] Host resolv.conf includes loopback or multicast nameservers - kubelet will use autogenerated resolv.conf with nameserver 8.8.8.8
2025-01-30 18:34:35,778 INFO c.h.h.t.HelmChartContainer - [K3S] [INFO] Module overlay was already loaded
2025-01-30 18:34:35,779 INFO c.h.h.t.HelmChartContainer - [K3S] [INFO] Module nf_conntrack was already loaded
2025-01-30 18:34:35,779 INFO c.h.h.t.HelmChartContainer - [K3S] [INFO] Module br_netfilter was already loaded
2025-01-30 18:34:35,783 INFO c.h.h.t.HelmChartContainer - [K3S] [INFO] Set sysctl 'net/netfilter/nf_conntrack_max' to 131072
2025-01-30 18:34:35,783 INFO c.h.h.t.HelmChartContainer - [K3S] [INFO] Set sysctl 'net/netfilter/nf_conntrack_tcp_timeout_established' to 86400
2025-01-30 18:34:35,784 INFO c.h.h.t.HelmChartContainer - [K3S] [INFO] Set sysctl 'net/netfilter/nf_conntrack_tcp_timeout_close_wait' to 3600
2025-01-30 18:34:35,785 INFO c.h.h.t.HelmChartContainer - [K3S] [INFO] Logging containerd to /var/lib/rancher/k3s/agent/containerd/containerd.log
2025-01-30 18:34:35,785 INFO c.h.h.t.HelmChartContainer - [K3S] [INFO] Running containerd -c /var/lib/rancher/k3s/agent/etc/containerd/config.toml -a /run/k3s/containerd/containerd.sock --state /run/k3s/containerd --root /var/lib/rancher/k3s/agent/containerd
2025-01-30 18:34:36,518 INFO c.h.h.t.HelmChartContainer - [K3S] [storage_scheduling.go:95] created PriorityClass system-node-critical with value 2000001000
2025-01-30 18:34:36,521 INFO c.h.h.t.HelmChartContainer - [K3S] [storage_scheduling.go:95] created PriorityClass system-cluster-critical with value 2000000000
2025-01-30 18:34:36,521 INFO c.h.h.t.HelmChartContainer - [K3S] [storage_scheduling.go:111] all system priority classes are created successfully or already exist.
2025-01-30 18:34:36,788 INFO c.h.h.t.HelmChartContainer - [K3S] [INFO] containerd is now running
2025-01-30 18:34:36,792 INFO c.h.h.t.HelmChartContainer - [K3S] [INFO] Connecting to proxy" url="wss://127.0.0.1:6443/v1-k3s/connect
2025-01-30 18:34:36,792 INFO c.h.h.t.HelmChartContainer - [K3S] [INFO] Creating k3s-cert-monitor event broadcaster
2025-01-30 18:34:36,794 INFO c.h.h.t.HelmChartContainer - [K3S] [INFO] Running kubelet --cloud-provider=external --config-dir=/var/lib/rancher/k3s/agent/etc/kubelet.conf.d --containerd=/run/k3s/containerd/containerd.sock --hostname-override=939b2c34f41e --kubeconfig=/var/lib/rancher/k3s/agent/kubelet.kubeconfig --node-ip=172.19.0.2 --node-labels=
2025-01-30 18:34:36,794 INFO c.h.h.t.HelmChartContainer - [K3S] [INFO] Handling backend connection request [939b2c34f41e]
2025-01-30 18:34:36,794 INFO c.h.h.t.HelmChartContainer - [K3S] [INFO] Remotedialer connected to proxy" url="wss://127.0.0.1:6443/v1-k3s/connect
2025-01-30 18:34:36,901 INFO c.h.h.t.HelmChartContainer - [K3S] [ERROR] Sending HTTP/1.1 503 response to 127.0.0.1:60430: runtime core not ready
2025-01-30 18:34:36,973 INFO c.h.h.t.HelmChartContainer - [K3S] [alloc.go:330] "allocated clusterIPs" service="default/kubernetes" clusterIPs={"IPv4":"10.43.0.1"}
2025-01-30 18:34:36,977 INFO c.h.h.t.HelmChartContainer - [K3S] [lease.go:265] Resetting endpoints for master service "kubernetes" to [172.19.0.2]
2025-01-30 18:34:36,979 INFO c.h.h.t.HelmChartContainer - [K3S] [INFO] Running kube-proxy --cluster-cidr=10.42.0.0/16 --conntrack-max-per-core=0 --conntrack-tcp-timeout-close-wait=0s --conntrack-tcp-timeout-established=0s --healthz-bind-address=127.0.0.1 --hostname-override=939b2c34f41e --kubeconfig=/var/lib/rancher/k3s/agent/kubeproxy.kubeconfig --proxy-mode=iptables
2025-01-30 18:34:37,011 INFO c.h.h.t.HelmChartContainer - [K3S] [server.go:687] "Failed to retrieve node info" err="nodes \"939b2c34f41e\" not found"
2025-01-30 18:34:37,646 INFO c.h.h.t.HelmChartContainer - [K3S] [INFO] Waiting for untainted node
2025-01-30 18:34:37,647 INFO c.h.h.t.HelmChartContainer - [K3S] [INFO] Waiting for cloud-controller-manager privileges to become available
2025-01-30 18:34:37,647 INFO c.h.h.t.HelmChartContainer - [K3S] [INFO] Kube API server is now running
2025-01-30 18:34:37,647 INFO c.h.h.t.HelmChartContainer - [K3S] [INFO] ETCD server is now running
2025-01-30 18:34:37,647 INFO c.h.h.t.HelmChartContainer - [K3S] [INFO] k3s is up and running
2025-01-30 18:34:37,647 INFO c.h.h.t.HelmChartContainer - [K3S] [INFO] Creating k3s-supervisor event broadcaster
2025-01-30 18:34:37,653 INFO c.h.h.t.HelmChartContainer - [K3S] [INFO] Applying CRD addons.k3s.cattle.io
2025-01-30 18:34:37,662 INFO c.h.h.t.HelmChartContainer - [K3S] [INFO] Applying CRD etcdsnapshotfiles.k3s.cattle.io
2025-01-30 18:34:37,675 INFO c.h.h.t.HelmChartContainer - [K3S] [INFO] Applying CRD helmcharts.helm.cattle.io
2025-01-30 18:34:37,687 INFO c.h.h.t.HelmChartContainer - [K3S] [INFO] Applying CRD helmchartconfigs.helm.cattle.io
2025-01-30 18:34:37,699 INFO c.h.h.t.HelmChartContainer - [K3S] [INFO] Waiting for CRD helmchartconfigs.helm.cattle.io to become available
2025-01-30 18:34:37,802 INFO c.h.h.t.HelmChartContainer - [K3S] Flag --containerd has been deprecated, This is a cadvisor flag that was mistakenly registered with the Kubelet. Due to legacy concerns, it will follow the standard CLI deprecation timeline before being removed.
2025-01-30 18:34:37,806 INFO c.h.h.t.HelmChartContainer - [K3S] [server.go:515] "Kubelet version" kubeletVersion="v1.32.1+k3s1"
2025-01-30 18:34:37,806 INFO c.h.h.t.HelmChartContainer - [K3S] [server.go:517] "Golang settings" GOGC="" GOMAXPROCS="" GOTRACEBACK=""
2025-01-30 18:34:37,808 INFO c.h.h.t.HelmChartContainer - [K3S] [dynamic_cafile_content.go:161] "Starting controller" name="client-ca-bundle::/var/lib/rancher/k3s/agent/client-ca.crt"
2025-01-30 18:34:37,810 INFO c.h.h.t.HelmChartContainer - [K3S] [log.go:32] "RuntimeConfig from runtime service failed" err="rpc error: code = Unimplemented desc = method RuntimeConfig not implemented"
2025-01-30 18:34:37,810 INFO c.h.h.t.HelmChartContainer - [K3S] [server.go:1416] "CRI implementation should be updated to support RuntimeConfig when KubeletCgroupDriverFromCRI feature gate has been enabled. Falling back to using cgroupDriver from kubelet config."
2025-01-30 18:34:37,813 INFO c.h.h.t.HelmChartContainer - [K3S] [info.go:53] Couldn't collect info from any of the files in "/etc/machine-id,/var/lib/dbus/machine-id"
2025-01-30 18:34:37,814 INFO c.h.h.t.HelmChartContainer - [K3S] [server.go:767] "--cgroups-per-qos enabled, but --cgroup-root was not specified.  defaulting to /"
2025-01-30 18:34:37,814 INFO c.h.h.t.HelmChartContainer - [K3S] [server.go:836] "NoSwap is set due to memorySwapBehavior not specified" memorySwapBehavior="" FailSwapOn=false
2025-01-30 18:34:37,815 INFO c.h.h.t.HelmChartContainer - [K3S] [swap_util.go:115] "Swap is on" /proc/swaps contents=<
2025-01-30 18:34:37,815 INFO c.h.h.t.HelmChartContainer - [K3S] 	Filename				Type		Size		Used		Priority
2025-01-30 18:34:37,815 INFO c.h.h.t.HelmChartContainer - [K3S] 	/mnt/swapfile                           file		4194300		12		-2
2025-01-30 18:34:37,815 INFO c.h.h.t.HelmChartContainer - [K3S]  >
2025-01-30 18:34:37,815 INFO c.h.h.t.HelmChartContainer - [K3S] [container_manager_linux.go:268] "Container manager verified user specified cgroup-root exists" cgroupRoot=[]
2025-01-30 18:34:37,815 INFO c.h.h.t.HelmChartContainer - [K3S] [container_manager_linux.go:273] "Creating Container Manager object based on Node Config" nodeConfig={"NodeName":"939b2c34f41e","RuntimeCgroupsName":"","SystemCgroupsName":"","KubeletCgroupsName":"/k3s","KubeletOOMScoreAdj":-999,"ContainerRuntime":"","CgroupsPerQOS":true,"CgroupRoot":"/","CgroupDriver":"cgroupfs","KubeletRootDir":"/var/lib/kubelet","ProtectKernelDefaults":false,"KubeReservedCgroupName":"","SystemReservedCgroupName":"","ReservedSystemCPUs":{},"EnforceNodeAllocatable":{"pods":{}},"KubeReserved":null,"SystemReserved":null,"HardEvictionThresholds":[{"Signal":"imagefs.available","Operator":"LessThan","Value":{"Quantity":null,"Percentage":0.05},"GracePeriod":0,"MinReclaim":null},{"Signal":"nodefs.available","Operator":"LessThan","Value":{"Quantity":null,"Percentage":0.05},"GracePeriod":0,"MinReclaim":null}],"QOSReserved":{},"CPUManagerPolicy":"none","CPUManagerPolicyOptions":null,"TopologyManagerScope":"container","CPUManagerReconcilePeriod":10000000000,"ExperimentalMemoryManagerPolicy":"None","ExperimentalMemoryManagerReservedMemory":null,"PodPidsLimit":-1,"EnforceCPULimits":true,"CPUCFSQuotaPeriod":100000000,"TopologyManagerPolicy":"none","TopologyManagerPolicyOptions":null,"CgroupVersion":2}
2025-01-30 18:34:37,815 INFO c.h.h.t.HelmChartContainer - [K3S] [topology_manager.go:138] "Creating topology manager with none policy"
2025-01-30 18:34:37,815 INFO c.h.h.t.HelmChartContainer - [K3S] [container_manager_linux.go:304] "Creating device plugin manager"
2025-01-30 18:34:37,815 INFO c.h.h.t.HelmChartContainer - [K3S] [state_mem.go:36] "Initialized new in-memory state store"
2025-01-30 18:34:37,815 INFO c.h.h.t.HelmChartContainer - [K3S] [kubelet.go:446] "Attempting to sync node with API server"
2025-01-30 18:34:37,815 INFO c.h.h.t.HelmChartContainer - [K3S] [kubelet.go:341] "Adding static pod path" path="/var/lib/rancher/k3s/agent/pod-manifests"
2025-01-30 18:34:37,815 INFO c.h.h.t.HelmChartContainer - [K3S] [kubelet.go:352] "Adding apiserver pod source"
2025-01-30 18:34:37,815 INFO c.h.h.t.HelmChartContainer - [K3S] [apiserver.go:42] "Waiting for node sync before watching apiserver pods"
2025-01-30 18:34:37,816 INFO c.h.h.t.HelmChartContainer - [K3S] [kuberuntime_manager.go:269] "Container runtime initialized" containerRuntime="containerd" version="v1.7.23-k3s2" apiVersion="v1"
2025-01-30 18:34:37,816 INFO c.h.h.t.HelmChartContainer - [K3S] [kubelet.go:890] "Not starting ClusterTrustBundle informer because we are in static kubelet mode"
2025-01-30 18:34:37,817 INFO c.h.h.t.HelmChartContainer - [K3S] [probe.go:272] Flexvolume plugin directory at /usr/libexec/kubernetes/kubelet-plugins/volume/exec/ does not exist. Recreating.
2025-01-30 18:34:37,818 INFO c.h.h.t.HelmChartContainer - [K3S] [watchdog_linux.go:99] "Systemd watchdog is not enabled"
2025-01-30 18:34:37,818 INFO c.h.h.t.HelmChartContainer - [K3S] [server.go:1282] "Started kubelet"
2025-01-30 18:34:37,820 INFO c.h.h.t.HelmChartContainer - [K3S] [fs_resource_analyzer.go:67] "Starting FS ResourceAnalyzer"
2025-01-30 18:34:37,826 INFO c.h.h.t.HelmChartContainer - [K3S] [kubelet.go:1561] "Image garbage collection failed once. Stats initialization may not have completed yet" err="invalid capacity 0 on image filesystem"
2025-01-30 18:34:37,828 INFO c.h.h.t.HelmChartContainer - [K3S] [server.go:169] "Starting to listen" address="0.0.0.0" port=10250
2025-01-30 18:34:37,829 INFO c.h.h.t.HelmChartContainer - [K3S] [volume_manager.go:297] "Starting Kubelet Volume Manager"
2025-01-30 18:34:37,831 INFO c.h.h.t.HelmChartContainer - [K3S] [kubelet_node_status.go:467] "Error getting the current node from lister" err="node \"939b2c34f41e\" not found"
2025-01-30 18:34:37,831 INFO c.h.h.t.HelmChartContainer - [K3S] [server.go:208] "Starting to listen read-only" address="0.0.0.0" port=10255
2025-01-30 18:34:37,833 INFO c.h.h.t.HelmChartContainer - [K3S] [dynamic_serving_content.go:135] "Starting controller" name="kubelet-server-cert-files::/var/lib/rancher/k3s/agent/serving-kubelet.crt::/var/lib/rancher/k3s/agent/serving-kubelet.key"
2025-01-30 18:34:37,834 INFO c.h.h.t.HelmChartContainer - [K3S] [factory.go:221] Registration of the systemd container factory successfully
2025-01-30 18:34:37,834 INFO c.h.h.t.HelmChartContainer - [K3S] [factory.go:219] Registration of the crio container factory failed: Get "http://%2Fvar%2Frun%2Fcrio%2Fcrio.sock/info": dial unix /var/run/crio/crio.sock: connect: no such file or directory
2025-01-30 18:34:37,835 INFO c.h.h.t.HelmChartContainer - [K3S] [server.go:490] "Adding debug handlers to kubelet server"
2025-01-30 18:34:37,838 INFO c.h.h.t.HelmChartContainer - [K3S] [desired_state_of_world_populator.go:149] "Desired state populator starts to run"
2025-01-30 18:34:37,838 INFO c.h.h.t.HelmChartContainer - [K3S] [ratelimit.go:55] "Setting rate limiting for endpoint" service="podresources" qps=100 burstTokens=10
2025-01-30 18:34:37,838 INFO c.h.h.t.HelmChartContainer - [K3S] [server.go:243] "Starting to serve the podresources API" endpoint="unix:/var/lib/kubelet/pod-resources/kubelet.sock"
2025-01-30 18:34:37,838 INFO c.h.h.t.HelmChartContainer - [K3S] [reconciler.go:26] "Reconciler: start to sync state"
2025-01-30 18:34:37,840 INFO c.h.h.t.HelmChartContainer - [K3S] [nodelease.go:49] "Failed to get node when trying to set owner ref to the node lease" err="nodes \"939b2c34f41e\" not found" node="939b2c34f41e"
2025-01-30 18:34:37,841 INFO c.h.h.t.HelmChartContainer - [K3S] [factory.go:221] Registration of the containerd container factory successfully
2025-01-30 18:34:37,845 INFO c.h.h.t.HelmChartContainer - [K3S] [kubelet_network_linux.go:50] "Initialized iptables rules." protocol="IPv4"
2025-01-30 18:34:37,847 INFO c.h.h.t.HelmChartContainer - [K3S] [kubelet_network_linux.go:50] "Initialized iptables rules." protocol="IPv6"
2025-01-30 18:34:37,847 INFO c.h.h.t.HelmChartContainer - [K3S] [status_manager.go:227] "Starting to sync pod status with apiserver"
2025-01-30 18:34:37,848 INFO c.h.h.t.HelmChartContainer - [K3S] [watchdog_linux.go:127] "Systemd watchdog is not enabled or the interval is invalid, so health checking will not be started."
2025-01-30 18:34:37,848 INFO c.h.h.t.HelmChartContainer - [K3S] [kubelet.go:2388] "Starting kubelet main sync loop"
2025-01-30 18:34:37,848 INFO c.h.h.t.HelmChartContainer - [K3S] [kubelet.go:2412] "Skipping pod synchronization" err="[container runtime status check may not have completed yet, PLEG is not healthy: pleg has yet to be successful]"
2025-01-30 18:34:37,875 INFO c.h.h.t.HelmChartContainer - [K3S] [cpu_manager.go:221] "Starting CPU manager" policy="none"
2025-01-30 18:34:37,875 INFO c.h.h.t.HelmChartContainer - [K3S] [cpu_manager.go:222] "Reconciling" reconcilePeriod="10s"
2025-01-30 18:34:37,875 INFO c.h.h.t.HelmChartContainer - [K3S] [state_mem.go:36] "Initialized new in-memory state store"
2025-01-30 18:34:37,877 INFO c.h.h.t.HelmChartContainer - [K3S] [policy_none.go:49] "None policy: Start"
2025-01-30 18:34:37,877 INFO c.h.h.t.HelmChartContainer - [K3S] [memory_manager.go:186] "Starting memorymanager" policy="None"
2025-01-30 18:34:37,878 INFO c.h.h.t.HelmChartContainer - [K3S] [state_mem.go:35] "Initializing new in-memory state store"
2025-01-30 18:34:37,880 INFO c.h.h.t.HelmChartContainer - [K3S] [manager.go:519] "Failed to read data from checkpoint" checkpoint="kubelet_internal_checkpoint" err="checkpoint is not found"
2025-01-30 18:34:37,881 INFO c.h.h.t.HelmChartContainer - [K3S] [eviction_manager.go:189] "Eviction manager: starting control loop"
2025-01-30 18:34:37,881 INFO c.h.h.t.HelmChartContainer - [K3S] [container_log_manager.go:189] "Initializing container log rotate workers" workers=1 monitorPeriod="10s"
2025-01-30 18:34:37,881 INFO c.h.h.t.HelmChartContainer - [K3S] [plugin_manager.go:118] "Starting Kubelet Plugin Manager"
2025-01-30 18:34:37,882 INFO c.h.h.t.HelmChartContainer - [K3S] [eviction_manager.go:267] "eviction manager: failed to check if we have separate container filesystem. Ignoring." err="no imagefs label for configured runtime"
2025-01-30 18:34:37,882 INFO c.h.h.t.HelmChartContainer - [K3S] [eviction_manager.go:292] "Eviction manager: failed to get summary stats" err="failed to get node info: node \"939b2c34f41e\" not found"
2025-01-30 18:34:37,949 INFO c.h.h.t.HelmChartContainer - [K3S] [serving.go:392] Generated self-signed cert in-memory
2025-01-30 18:34:37,982 INFO c.h.h.t.HelmChartContainer - [K3S] [kubelet_node_status.go:76] "Attempting to register node" node="939b2c34f41e"
2025-01-30 18:34:37,987 INFO c.h.h.t.HelmChartContainer - [K3S] [kubelet_node_status.go:79] "Successfully registered node" node="939b2c34f41e"
2025-01-30 18:34:37,987 INFO c.h.h.t.HelmChartContainer - [K3S] [kubelet_node_status.go:549] "Error updating node status, will retry" err="error getting node \"939b2c34f41e\": node \"939b2c34f41e\" not found"
2025-01-30 18:34:37,990 INFO c.h.h.t.HelmChartContainer - [K3S] [INFO] Annotations and labels have been set successfully on node: 939b2c34f41e
2025-01-30 18:34:37,990 INFO c.h.h.t.HelmChartContainer - [K3S] [INFO] Starting flannel with backend vxlan
2025-01-30 18:34:38,176 INFO c.h.h.t.HelmChartContainer - [K3S] [server.go:698] "Successfully retrieved node IP(s)" IPs=["172.19.0.2"]
2025-01-30 18:34:38,176 INFO c.h.h.t.HelmChartContainer - [K3S] [server.go:234] "Kube-proxy configuration may be incomplete or incorrect" err="nodePortAddresses is unset; NodePort connections will be accepted on all local IPs. Consider using `--nodeport-addresses primary`"
2025-01-30 18:34:38,179 INFO c.h.h.t.HelmChartContainer - [K3S] [server.go:243] "kube-proxy running in dual-stack mode" primary ipFamily="IPv4"
2025-01-30 18:34:38,179 INFO c.h.h.t.HelmChartContainer - [K3S] [server_linux.go:170] "Using iptables Proxier"
2025-01-30 18:34:38,180 INFO c.h.h.t.HelmChartContainer - [K3S] [proxier.go:255] "Setting route_localnet=1 to allow node-ports on localhost; to change this either disable iptables.localhostNodePorts (--iptables-localhost-nodeports) or set nodePortAddresses (--nodeport-addresses) to filter loopback addresses"
2025-01-30 18:34:38,181 INFO c.h.h.t.HelmChartContainer - [K3S] [server.go:497] "Version info" version="v1.32.1+k3s1"
2025-01-30 18:34:38,181 INFO c.h.h.t.HelmChartContainer - [K3S] [server.go:499] "Golang settings" GOGC="" GOMAXPROCS="" GOTRACEBACK=""
2025-01-30 18:34:38,182 INFO c.h.h.t.HelmChartContainer - [K3S] [config.go:199] "Starting service config controller"
2025-01-30 18:34:38,182 INFO c.h.h.t.HelmChartContainer - [K3S] [config.go:105] "Starting endpoint slice config controller"
2025-01-30 18:34:38,182 INFO c.h.h.t.HelmChartContainer - [K3S] [config.go:329] "Starting node config controller"
2025-01-30 18:34:38,194 INFO c.h.h.t.HelmChartContainer - [K3S] [kubelet_node_status.go:502] "Fast updating node status as it just became ready"
2025-01-30 18:34:38,201 INFO c.h.h.t.HelmChartContainer - [K3S] [INFO] Done waiting for CRD helmchartconfigs.helm.cattle.io to become available
2025-01-30 18:34:38,202 INFO c.h.h.t.HelmChartContainer - [K3S] [INFO] Writing static file: /var/lib/rancher/k3s/server/static/charts/traefik-27.0.201+up27.0.2.tgz
2025-01-30 18:34:38,203 INFO c.h.h.t.HelmChartContainer - [K3S] [INFO] Writing static file: /var/lib/rancher/k3s/server/static/charts/traefik-crd-27.0.201+up27.0.2.tgz
2025-01-30 18:34:38,203 INFO c.h.h.t.HelmChartContainer - [K3S] [INFO] Writing manifest: /var/lib/rancher/k3s/server/manifests/metrics-server/metrics-apiservice.yaml
2025-01-30 18:34:38,203 INFO c.h.h.t.HelmChartContainer - [K3S] [INFO] Writing manifest: /var/lib/rancher/k3s/server/manifests/metrics-server/metrics-server-deployment.yaml
2025-01-30 18:34:38,203 INFO c.h.h.t.HelmChartContainer - [K3S] [INFO] Writing manifest: /var/lib/rancher/k3s/server/manifests/metrics-server/metrics-server-service.yaml
2025-01-30 18:34:38,203 INFO c.h.h.t.HelmChartContainer - [K3S] [INFO] Writing manifest: /var/lib/rancher/k3s/server/manifests/metrics-server/resource-reader.yaml
2025-01-30 18:34:38,204 INFO c.h.h.t.HelmChartContainer - [K3S] [INFO] Writing manifest: /var/lib/rancher/k3s/server/manifests/ccm.yaml
2025-01-30 18:34:38,204 INFO c.h.h.t.HelmChartContainer - [K3S] [INFO] Writing manifest: /var/lib/rancher/k3s/server/manifests/coredns.yaml
2025-01-30 18:34:38,204 INFO c.h.h.t.HelmChartContainer - [K3S] [INFO] Writing manifest: /var/lib/rancher/k3s/server/manifests/local-storage.yaml
2025-01-30 18:34:38,204 INFO c.h.h.t.HelmChartContainer - [K3S] [INFO] Writing manifest: /var/lib/rancher/k3s/server/manifests/metrics-server/auth-reader.yaml
2025-01-30 18:34:38,204 INFO c.h.h.t.HelmChartContainer - [K3S] [INFO] Writing manifest: /var/lib/rancher/k3s/server/manifests/metrics-server/aggregated-metrics-reader.yaml
2025-01-30 18:34:38,204 INFO c.h.h.t.HelmChartContainer - [K3S] [INFO] Writing manifest: /var/lib/rancher/k3s/server/manifests/metrics-server/auth-delegator.yaml
2025-01-30 18:34:38,204 INFO c.h.h.t.HelmChartContainer - [K3S] [INFO] Writing manifest: /var/lib/rancher/k3s/server/manifests/rolebindings.yaml
2025-01-30 18:34:38,204 INFO c.h.h.t.HelmChartContainer - [K3S] [INFO] Writing manifest: /var/lib/rancher/k3s/server/manifests/runtimes.yaml
2025-01-30 18:34:38,205 INFO c.h.h.t.HelmChartContainer - [K3S] [INFO] Tunnel server egress proxy mode: agent
2025-01-30 18:34:38,205 INFO c.h.h.t.HelmChartContainer - [K3S] [INFO] Starting dynamiclistener CN filter node controller with SANs: [localhost 127.0.0.1 ::1 localhost 939b2c34f41e 172.19.0.2 10.43.0.1 kubernetes kubernetes.default kubernetes.default.svc kubernetes.default.svc.hivemq.com]
2025-01-30 18:34:38,273 INFO c.h.h.t.HelmChartContainer - [K3S] [controllermanager.go:185] "Starting" version="v1.32.1+k3s1"
2025-01-30 18:34:38,273 INFO c.h.h.t.HelmChartContainer - [K3S] [controllermanager.go:187] "Golang settings" GOGC="" GOMAXPROCS="" GOTRACEBACK=""
2025-01-30 18:34:38,275 INFO c.h.h.t.HelmChartContainer - [K3S] [requestheader_controller.go:180] Starting RequestHeaderAuthRequestController
2025-01-30 18:34:38,275 INFO c.h.h.t.HelmChartContainer - [K3S] [configmap_cafile_content.go:205] "Starting controller" name="client-ca::kube-system::extension-apiserver-authentication::requestheader-client-ca-file"
2025-01-30 18:34:38,275 INFO c.h.h.t.HelmChartContainer - [K3S] [configmap_cafile_content.go:205] "Starting controller" name="client-ca::kube-system::extension-apiserver-authentication::client-ca-file"
2025-01-30 18:34:38,275 INFO c.h.h.t.HelmChartContainer - [K3S] [secure_serving.go:213] Serving securely on 127.0.0.1:10257
2025-01-30 18:34:38,275 INFO c.h.h.t.HelmChartContainer - [K3S] [tlsconfig.go:243] "Starting DynamicServingCertificateController"
2025-01-30 18:34:38,279 INFO c.h.h.t.HelmChartContainer - [K3S] [controllermanager.go:765] "Started controller" controller="serviceaccount-token-controller"
2025-01-30 18:34:38,285 INFO c.h.h.t.HelmChartContainer - [K3S] [controllermanager.go:765] "Started controller" controller="ephemeral-volume-controller"
2025-01-30 18:34:38,285 INFO c.h.h.t.HelmChartContainer - [K3S] [controller.go:173] "Starting ephemeral volume controller"
2025-01-30 18:34:38,291 INFO c.h.h.t.HelmChartContainer - [K3S] [controllermanager.go:765] "Started controller" controller="replicaset-controller"
2025-01-30 18:34:38,291 INFO c.h.h.t.HelmChartContainer - [K3S] [replica_set.go:217] "Starting controller" name="replicaset"
2025-01-30 18:34:38,296 INFO c.h.h.t.HelmChartContainer - [K3S] [controllermanager.go:765] "Started controller" controller="statefulset-controller"
2025-01-30 18:34:38,296 INFO c.h.h.t.HelmChartContainer - [K3S] [stateful_set.go:166] "Starting stateful set controller"
2025-01-30 18:34:38,302 INFO c.h.h.t.HelmChartContainer - [K3S] [controllermanager.go:765] "Started controller" controller="token-cleaner-controller"
2025-01-30 18:34:38,302 INFO c.h.h.t.HelmChartContainer - [K3S] [tokencleaner.go:117] "Starting token cleaner controller"
2025-01-30 18:34:38,308 INFO c.h.h.t.HelmChartContainer - [K3S] [controllermanager.go:765] "Started controller" controller="persistentvolumeclaim-protection-controller"
2025-01-30 18:34:38,308 INFO c.h.h.t.HelmChartContainer - [K3S] [pvc_protection_controller.go:168] "Starting PVC protection controller"
2025-01-30 18:34:38,310 INFO c.h.h.t.HelmChartContainer - [K3S] [INFO] Starting k3s.cattle.io/v1, Kind=Addon controller
2025-01-30 18:34:38,312 INFO c.h.h.t.HelmChartContainer - [K3S] [INFO] Creating deploy event broadcaster
2025-01-30 18:34:38,314 INFO c.h.h.t.HelmChartContainer - [K3S] [controllermanager.go:765] "Started controller" controller="ttl-after-finished-controller"
2025-01-30 18:34:38,314 INFO c.h.h.t.HelmChartContainer - [K3S] [controllermanager.go:717] "Controller is disabled by a feature gate" controller="selinux-warning-controller" requiredFeatureGates=["SELinuxChangePolicy"]
2025-01-30 18:34:38,314 INFO c.h.h.t.HelmChartContainer - [K3S] [ttlafterfinished_controller.go:112] "Starting TTL after finished controller"
2025-01-30 18:34:38,320 INFO c.h.h.t.HelmChartContainer - [K3S] [controllermanager.go:765] "Started controller" controller="endpoints-controller"
2025-01-30 18:34:38,320 INFO c.h.h.t.HelmChartContainer - [K3S] [endpoints_controller.go:182] "Starting endpoint controller"
2025-01-30 18:34:38,327 INFO c.h.h.t.HelmChartContainer - [K3S] [controllermanager.go:765] "Started controller" controller="certificatesigningrequest-cleaner-controller"
2025-01-30 18:34:38,328 INFO c.h.h.t.HelmChartContainer - [K3S] [controllermanager.go:728] "Warning: controller is disabled" controller="bootstrap-signer-controller"
2025-01-30 18:34:38,328 INFO c.h.h.t.HelmChartContainer - [K3S] [cleaner.go:83] "Starting CSR cleaner controller"
2025-01-30 18:34:38,328 INFO c.h.h.t.HelmChartContainer - [K3S] [controllermanager.go:717] "Controller is disabled by a feature gate" controller="volumeattributesclass-protection-controller" requiredFeatureGates=["VolumeAttributesClass"]
2025-01-30 18:34:38,333 INFO c.h.h.t.HelmChartContainer - [K3S] [controllermanager.go:765] "Started controller" controller="taint-eviction-controller"
2025-01-30 18:34:38,336 INFO c.h.h.t.HelmChartContainer - [K3S] [taint_eviction.go:281] "Starting" controller="taint-eviction-controller"
2025-01-30 18:34:38,336 INFO c.h.h.t.HelmChartContainer - [K3S] [taint_eviction.go:287] "Sending events to api server"
2025-01-30 18:34:38,336 INFO c.h.h.t.HelmChartContainer - [K3S] [controllermanager.go:765] "Started controller" controller="certificatesigningrequest-approving-controller"
2025-01-30 18:34:38,338 INFO c.h.h.t.HelmChartContainer - [K3S] [certificate_controller.go:120] "Starting certificate controller" name="csrapproving"
2025-01-30 18:34:38,345 INFO c.h.h.t.HelmChartContainer - [K3S] [controllermanager.go:765] "Started controller" controller="persistentvolume-attach-detach-controller"
2025-01-30 18:34:38,345 INFO c.h.h.t.HelmChartContainer - [K3S] [attach_detach_controller.go:338] "Starting attach detach controller"
2025-01-30 18:34:38,414 INFO c.h.h.t.HelmChartContainer - [K3S] [INFO] Starting /v1, Kind=Node controller
2025-01-30 18:34:38,415 INFO c.h.h.t.HelmChartContainer - [K3S] [INFO] Creating helm-controller event broadcaster
2025-01-30 18:34:38,423 INFO c.h.h.t.HelmChartContainer - [K3S] [INFO] Cluster dns configmap has been set successfully
2025-01-30 18:34:38,423 INFO c.h.h.t.HelmChartContainer - [K3S] [INFO] Labels and annotations have been set successfully on node: 939b2c34f41e
2025-01-30 18:34:38,480 INFO c.h.h.t.HelmChartContainer - [K3S] [INFO] Starting /v1, Kind=Secret controller
2025-01-30 18:34:38,480 INFO c.h.h.t.HelmChartContainer - [K3S] [INFO] Starting /v1, Kind=ConfigMap controller
2025-01-30 18:34:38,480 INFO c.h.h.t.HelmChartContainer - [K3S] [INFO] Starting /v1, Kind=ServiceAccount controller
2025-01-30 18:34:38,483 INFO c.h.h.t.HelmChartContainer - [K3S] [controllermanager.go:765] "Started controller" controller="root-ca-certificate-publisher-controller"
2025-01-30 18:34:38,484 INFO c.h.h.t.HelmChartContainer - [K3S] [publisher.go:107] "Starting root CA cert publisher controller"
2025-01-30 18:34:38,486 INFO c.h.h.t.HelmChartContainer - [K3S] [INFO] Updating TLS secret for kube-system/k3s-serving (count: 10): map[listener.cattle.io/cn-10.43.0.1:10.43.0.1 listener.cattle.io/cn-127.0.0.1:127.0.0.1 listener.cattle.io/cn-172.19.0.2:172.19.0.2 listener.cattle.io/cn-939b2c34f41e:939b2c34f41e listener.cattle.io/cn-__1-f16284:::1 listener.cattle.io/cn-kubernetes:kubernetes listener.cattle.io/cn-kubernetes.default:kubernetes.default listener.cattle.io/cn-kubernetes.default.svc:kubernetes.default.svc listener.cattle.io/cn-kubernetes.default.svc.hivemq.com:kubernetes.default.svc.hivemq.com listener.cattle.io/cn-localhost:localhost listener.cattle.io/fingerprint:SHA1=448C471F79B4F4680E1EA2DCA39A3BDEB1373F16]
2025-01-30 18:34:38,488 INFO c.h.h.t.HelmChartContainer - [K3S] [INFO] Active TLS secret kube-system/k3s-serving (ver=241) (count 10): map[listener.cattle.io/cn-10.43.0.1:10.43.0.1 listener.cattle.io/cn-127.0.0.1:127.0.0.1 listener.cattle.io/cn-172.19.0.2:172.19.0.2 listener.cattle.io/cn-939b2c34f41e:939b2c34f41e listener.cattle.io/cn-__1-f16284:::1 listener.cattle.io/cn-kubernetes:kubernetes listener.cattle.io/cn-kubernetes.default:kubernetes.default listener.cattle.io/cn-kubernetes.default.svc:kubernetes.default.svc listener.cattle.io/cn-kubernetes.default.svc.hivemq.com:kubernetes.default.svc.hivemq.com listener.cattle.io/cn-localhost:localhost listener.cattle.io/fingerprint:SHA1=448C471F79B4F4680E1EA2DCA39A3BDEB1373F16]
2025-01-30 18:34:38,524 INFO c.h.h.t.HelmChartContainer - [K3S] [INFO] Starting helm.cattle.io/v1, Kind=HelmChartConfig controller
2025-01-30 18:34:38,525 INFO c.h.h.t.HelmChartContainer - [K3S] [INFO] Starting helm.cattle.io/v1, Kind=HelmChart controller
2025-01-30 18:34:38,527 INFO c.h.h.t.HelmChartContainer - [K3S] [INFO] Starting rbac.authorization.k8s.io/v1, Kind=ClusterRoleBinding controller
2025-01-30 18:34:38,529 INFO c.h.h.t.HelmChartContainer - [K3S] [INFO] Starting batch/v1, Kind=Job controller
2025-01-30 18:34:38,583 INFO c.h.h.t.HelmChartContainer - [K3S] [INFO] Updating TLS secret for kube-system/k3s-serving (count: 10): map[listener.cattle.io/cn-10.43.0.1:10.43.0.1 listener.cattle.io/cn-127.0.0.1:127.0.0.1 listener.cattle.io/cn-172.19.0.2:172.19.0.2 listener.cattle.io/cn-939b2c34f41e:939b2c34f41e listener.cattle.io/cn-__1-f16284:::1 listener.cattle.io/cn-kubernetes:kubernetes listener.cattle.io/cn-kubernetes.default:kubernetes.default listener.cattle.io/cn-kubernetes.default.svc:kubernetes.default.svc listener.cattle.io/cn-kubernetes.default.svc.hivemq.com:kubernetes.default.svc.hivemq.com listener.cattle.io/cn-localhost:localhost listener.cattle.io/fingerprint:SHA1=448C471F79B4F4680E1EA2DCA39A3BDEB1373F16]
2025-01-30 18:34:38,782 INFO c.h.h.t.HelmChartContainer - [K3S] [controllermanager.go:765] "Started controller" controller="horizontal-pod-autoscaler-controller"
2025-01-30 18:34:38,782 INFO c.h.h.t.HelmChartContainer - [K3S] [horizontal.go:201] "Starting HPA controller"
2025-01-30 18:34:38,815 INFO c.h.h.t.HelmChartContainer - [K3S] [apiserver.go:52] "Watching apiserver"
2025-01-30 18:34:38,836 INFO c.h.h.t.HelmChartContainer - [K3S] [desired_state_of_world_populator.go:157] "Finished populating initial desired state of world"
2025-01-30 18:34:38,982 INFO c.h.h.t.HelmChartContainer - [K3S] [controllermanager.go:765] "Started controller" controller="disruption-controller"
2025-01-30 18:34:38,982 INFO c.h.h.t.HelmChartContainer - [K3S] [disruption.go:452] "Sending events to api server."
2025-01-30 18:34:38,982 INFO c.h.h.t.HelmChartContainer - [K3S] [disruption.go:463] "Starting disruption controller"
2025-01-30 18:34:39,136 INFO c.h.h.t.HelmChartContainer - [K3S] [range_allocator.go:112] "No Secondary Service CIDR provided. Skipping filtering out secondary service addresses"
2025-01-30 18:34:39,136 INFO c.h.h.t.HelmChartContainer - [K3S] [controllermanager.go:765] "Started controller" controller="node-ipam-controller"
2025-01-30 18:34:39,136 INFO c.h.h.t.HelmChartContainer - [K3S] [node_ipam_controller.go:141] "Starting ipam controller"
2025-01-30 18:34:39,283 INFO c.h.h.t.HelmChartContainer - [K3S] [controllermanager.go:765] "Started controller" controller="clusterrole-aggregation-controller"
2025-01-30 18:34:39,283 INFO c.h.h.t.HelmChartContainer - [K3S] [controllermanager.go:717] "Controller is disabled by a feature gate" controller="resourceclaim-controller" requiredFeatureGates=["DynamicResourceAllocation"]
2025-01-30 18:34:39,283 INFO c.h.h.t.HelmChartContainer - [K3S] [clusterroleaggregation_controller.go:194] "Starting ClusterRoleAggregator controller"
2025-01-30 18:34:39,432 INFO c.h.h.t.HelmChartContainer - [K3S] [controllermanager.go:765] "Started controller" controller="ttl-controller"
2025-01-30 18:34:39,432 INFO c.h.h.t.HelmChartContainer - [K3S] [ttl_controller.go:127] "Starting TTL controller"
2025-01-30 18:34:39,582 INFO c.h.h.t.HelmChartContainer - [K3S] [controllermanager.go:765] "Started controller" controller="persistentvolume-expander-controller"
2025-01-30 18:34:39,582 INFO c.h.h.t.HelmChartContainer - [K3S] [expand_controller.go:329] "Starting expand controller"
2025-01-30 18:34:39,582 INFO c.h.h.t.HelmChartContainer - [K3S] [controllermanager.go:717] "Controller is disabled by a feature gate" controller="kube-apiserver-serving-clustertrustbundle-publisher-controller" requiredFeatureGates=["ClusterTrustBundle"]
2025-01-30 18:34:39,732 INFO c.h.h.t.HelmChartContainer - [K3S] [controllermanager.go:765] "Started controller" controller="endpointslice-controller"
2025-01-30 18:34:39,732 INFO c.h.h.t.HelmChartContainer - [K3S] [endpointslice_controller.go:281] "Starting endpoint slice controller"
2025-01-30 18:34:39,883 INFO c.h.h.t.HelmChartContainer - [K3S] [controllermanager.go:765] "Started controller" controller="replicationcontroller-controller"
2025-01-30 18:34:39,883 INFO c.h.h.t.HelmChartContainer - [K3S] [replica_set.go:217] "Starting controller" name="replicationcontroller"
2025-01-30 18:34:40,132 INFO c.h.h.t.HelmChartContainer - [K3S] [graph_builder.go:351] "Running" component="GraphBuilder"
2025-01-30 18:34:40,132 INFO c.h.h.t.HelmChartContainer - [K3S] [controllermanager.go:765] "Started controller" controller="garbage-collector-controller"
2025-01-30 18:34:40,232 INFO c.h.h.t.HelmChartContainer - [K3S] [certificate_controller.go:120] "Starting certificate controller" name="csrsigning-kubelet-serving"
2025-01-30 18:34:40,232 INFO c.h.h.t.HelmChartContainer - [K3S] [dynamic_serving_content.go:135] "Starting controller" name="csr-controller::/var/lib/rancher/k3s/server/tls/server-ca.nochain.crt::/var/lib/rancher/k3s/server/tls/server-ca.key"
2025-01-30 18:34:40,233 INFO c.h.h.t.HelmChartContainer - [K3S] [certificate_controller.go:120] "Starting certificate controller" name="csrsigning-kubelet-client"
2025-01-30 18:34:40,233 INFO c.h.h.t.HelmChartContainer - [K3S] [dynamic_serving_content.go:135] "Starting controller" name="csr-controller::/var/lib/rancher/k3s/server/tls/client-ca.nochain.crt::/var/lib/rancher/k3s/server/tls/client-ca.key"
2025-01-30 18:34:40,233 INFO c.h.h.t.HelmChartContainer - [K3S] [certificate_controller.go:120] "Starting certificate controller" name="csrsigning-kube-apiserver-client"
2025-01-30 18:34:40,233 INFO c.h.h.t.HelmChartContainer - [K3S] [dynamic_serving_content.go:135] "Starting controller" name="csr-controller::/var/lib/rancher/k3s/server/tls/client-ca.nochain.crt::/var/lib/rancher/k3s/server/tls/client-ca.key"
2025-01-30 18:34:40,233 INFO c.h.h.t.HelmChartContainer - [K3S] [controllermanager.go:765] "Started controller" controller="certificatesigningrequest-signing-controller"
2025-01-30 18:34:40,233 INFO c.h.h.t.HelmChartContainer - [K3S] [certificate_controller.go:120] "Starting certificate controller" name="csrsigning-legacy-unknown"
2025-01-30 18:34:40,233 INFO c.h.h.t.HelmChartContainer - [K3S] [dynamic_serving_content.go:135] "Starting controller" name="csr-controller::/var/lib/rancher/k3s/server/tls/server-ca.nochain.crt::/var/lib/rancher/k3s/server/tls/server-ca.key"
2025-01-30 18:34:40,308 INFO c.h.h.t.HelmChartContainer - [K3S] [event.go:389] "Event occurred" object="939b2c34f41e" fieldPath="" kind="Node" apiVersion="" type="Normal" reason="NodePasswordValidationComplete" message="Deferred node password secret validation complete"
2025-01-30 18:34:40,315 INFO c.h.h.t.HelmChartContainer - [K3S] [event.go:389] "Event occurred" object="kube-system/ccm" fieldPath="" kind="Addon" apiVersion="k3s.cattle.io/v1" type="Normal" reason="ApplyingManifest" message="Applying manifest at \"/var/lib/rancher/k3s/server/manifests/ccm.yaml\""
2025-01-30 18:34:40,333 INFO c.h.h.t.HelmChartContainer - [K3S] [event.go:389] "Event occurred" object="kube-system/ccm" fieldPath="" kind="Addon" apiVersion="k3s.cattle.io/v1" type="Normal" reason="AppliedManifest" message="Applied manifest at \"/var/lib/rancher/k3s/server/manifests/ccm.yaml\""
2025-01-30 18:34:40,341 INFO c.h.h.t.HelmChartContainer - [K3S] [event.go:389] "Event occurred" object="kube-system/coredns" fieldPath="" kind="Addon" apiVersion="k3s.cattle.io/v1" type="Normal" reason="ApplyingManifest" message="Applying manifest at \"/var/lib/rancher/k3s/server/manifests/coredns.yaml\""
2025-01-30 18:34:40,446 INFO c.h.h.t.HelmChartContainer - [K3S] [alloc.go:330] "allocated clusterIPs" service="kube-system/kube-dns" clusterIPs={"IPv4":"10.43.0.10"}
2025-01-30 18:34:40,447 INFO c.h.h.t.HelmChartContainer - [K3S] [event.go:389] "Event occurred" object="kube-system/coredns" fieldPath="" kind="Addon" apiVersion="k3s.cattle.io/v1" type="Normal" reason="AppliedManifest" message="Applied manifest at \"/var/lib/rancher/k3s/server/manifests/coredns.yaml\""
2025-01-30 18:34:40,454 INFO c.h.h.t.HelmChartContainer - [K3S] [event.go:389] "Event occurred" object="kube-system/local-storage" fieldPath="" kind="Addon" apiVersion="k3s.cattle.io/v1" type="Normal" reason="ApplyingManifest" message="Applying manifest at \"/var/lib/rancher/k3s/server/manifests/local-storage.yaml\""
2025-01-30 18:34:40,485 INFO c.h.h.t.HelmChartContainer - [K3S] [controllermanager.go:765] "Started controller" controller="validatingadmissionpolicy-status-controller"
2025-01-30 18:34:40,487 INFO c.h.h.t.HelmChartContainer - [K3S] [controllermanager.go:717] "Controller is disabled by a feature gate" controller="storageversion-garbage-collector-controller" requiredFeatureGates=["APIServerIdentity","StorageVersionAPI"]
2025-01-30 18:34:40,547 INFO c.h.h.t.HelmChartContainer - [K3S] [event.go:389] "Event occurred" object="kube-system/local-storage" fieldPath="" kind="Addon" apiVersion="k3s.cattle.io/v1" type="Normal" reason="AppliedManifest" message="Applied manifest at \"/var/lib/rancher/k3s/server/manifests/local-storage.yaml\""
2025-01-30 18:34:40,552 INFO c.h.h.t.HelmChartContainer - [K3S] [event.go:389] "Event occurred" object="kube-system/aggregated-metrics-reader" fieldPath="" kind="Addon" apiVersion="k3s.cattle.io/v1" type="Normal" reason="ApplyingManifest" message="Applying manifest at \"/var/lib/rancher/k3s/server/manifests/metrics-server/aggregated-metrics-reader.yaml\""
2025-01-30 18:34:40,563 INFO c.h.h.t.HelmChartContainer - [K3S] [event.go:389] "Event occurred" object="kube-system/aggregated-metrics-reader" fieldPath="" kind="Addon" apiVersion="k3s.cattle.io/v1" type="Normal" reason="AppliedManifest" message="Applied manifest at \"/var/lib/rancher/k3s/server/manifests/metrics-server/aggregated-metrics-reader.yaml\""
2025-01-30 18:34:40,568 INFO c.h.h.t.HelmChartContainer - [K3S] [event.go:389] "Event occurred" object="kube-system/auth-delegator" fieldPath="" kind="Addon" apiVersion="k3s.cattle.io/v1" type="Normal" reason="ApplyingManifest" message="Applying manifest at \"/var/lib/rancher/k3s/server/manifests/metrics-server/auth-delegator.yaml\""
2025-01-30 18:34:40,629 INFO c.h.h.t.HelmChartContainer - [K3S] [event.go:389] "Event occurred" object="kube-system/auth-delegator" fieldPath="" kind="Addon" apiVersion="k3s.cattle.io/v1" type="Normal" reason="AppliedManifest" message="Applied manifest at \"/var/lib/rancher/k3s/server/manifests/metrics-server/auth-delegator.yaml\""
2025-01-30 18:34:40,633 INFO c.h.h.t.HelmChartContainer - [K3S] [controllermanager.go:765] "Started controller" controller="legacy-serviceaccount-token-cleaner-controller"
2025-01-30 18:34:40,634 INFO c.h.h.t.HelmChartContainer - [K3S] [controllermanager.go:717] "Controller is disabled by a feature gate" controller="service-cidr-controller" requiredFeatureGates=["MultiCIDRServiceAllocator"]
2025-01-30 18:34:40,636 INFO c.h.h.t.HelmChartContainer - [K3S] [legacy_serviceaccount_token_cleaner.go:103] "Starting legacy service account token cleaner controller"
2025-01-30 18:34:40,636 INFO c.h.h.t.HelmChartContainer - [K3S] [event.go:389] "Event occurred" object="kube-system/auth-reader" fieldPath="" kind="Addon" apiVersion="k3s.cattle.io/v1" type="Normal" reason="ApplyingManifest" message="Applying manifest at \"/var/lib/rancher/k3s/server/manifests/metrics-server/auth-reader.yaml\""
2025-01-30 18:34:40,641 INFO c.h.h.t.HelmChartContainer - [K3S] [event.go:389] "Event occurred" object="kube-system/auth-reader" fieldPath="" kind="Addon" apiVersion="k3s.cattle.io/v1" type="Normal" reason="AppliedManifest" message="Applied manifest at \"/var/lib/rancher/k3s/server/manifests/metrics-server/auth-reader.yaml\""
2025-01-30 18:34:40,647 INFO c.h.h.t.HelmChartContainer - [K3S] [event.go:389] "Event occurred" object="kube-system/metrics-apiservice" fieldPath="" kind="Addon" apiVersion="k3s.cattle.io/v1" type="Normal" reason="ApplyingManifest" message="Applying manifest at \"/var/lib/rancher/k3s/server/manifests/metrics-server/metrics-apiservice.yaml\""
2025-01-30 18:34:40,654 INFO c.h.h.t.HelmChartContainer - [K3S] [event.go:389] "Event occurred" object="kube-system/metrics-apiservice" fieldPath="" kind="Addon" apiVersion="k3s.cattle.io/v1" type="Normal" reason="AppliedManifest" message="Applied manifest at \"/var/lib/rancher/k3s/server/manifests/metrics-server/metrics-apiservice.yaml\""
2025-01-30 18:34:40,659 INFO c.h.h.t.HelmChartContainer - [K3S] [handler_proxy.go:99] no RequestInfo found in the context
2025-01-30 18:34:40,659 INFO c.h.h.t.HelmChartContainer - [K3S] [controller.go:146] "Unhandled Error" err=<
2025-01-30 18:34:40,659 INFO c.h.h.t.HelmChartContainer - [K3S] 	, Header: map[Content-Type:[text/plain; charset=utf-8] X-Content-Type-Options:[nosniff]]
2025-01-30 18:34:40,659 INFO c.h.h.t.HelmChartContainer - [K3S]  >
2025-01-30 18:34:40,660 INFO c.h.h.t.HelmChartContainer - [K3S] [handler_proxy.go:143] error resolving kube-system/metrics-server: service "metrics-server" not found
2025-01-30 18:34:40,662 INFO c.h.h.t.HelmChartContainer - [K3S] [event.go:389] "Event occurred" object="kube-system/metrics-server-deployment" fieldPath="" kind="Addon" apiVersion="k3s.cattle.io/v1" type="Normal" reason="ApplyingManifest" message="Applying manifest at \"/var/lib/rancher/k3s/server/manifests/metrics-server/metrics-server-deployment.yaml\""
2025-01-30 18:34:40,673 INFO c.h.h.t.HelmChartContainer - [K3S] [event.go:389] "Event occurred" object="kube-system/metrics-server-deployment" fieldPath="" kind="Addon" apiVersion="k3s.cattle.io/v1" type="Normal" reason="AppliedManifest" message="Applied manifest at \"/var/lib/rancher/k3s/server/manifests/metrics-server/metrics-server-deployment.yaml\""
2025-01-30 18:34:40,680 INFO c.h.h.t.HelmChartContainer - [K3S] [event.go:389] "Event occurred" object="kube-system/metrics-server-service" fieldPath="" kind="Addon" apiVersion="k3s.cattle.io/v1" type="Normal" reason="ApplyingManifest" message="Applying manifest at \"/var/lib/rancher/k3s/server/manifests/metrics-server/metrics-server-service.yaml\""
2025-01-30 18:34:40,689 INFO c.h.h.t.HelmChartContainer - [K3S] [alloc.go:330] "allocated clusterIPs" service="kube-system/metrics-server" clusterIPs={"IPv4":"10.43.117.137"}
2025-01-30 18:34:40,689 INFO c.h.h.t.HelmChartContainer - [K3S] [event.go:389] "Event occurred" object="kube-system/metrics-server-service" fieldPath="" kind="Addon" apiVersion="k3s.cattle.io/v1" type="Normal" reason="AppliedManifest" message="Applied manifest at \"/var/lib/rancher/k3s/server/manifests/metrics-server/metrics-server-service.yaml\""
2025-01-30 18:34:40,694 INFO c.h.h.t.HelmChartContainer - [K3S] [handler_proxy.go:99] no RequestInfo found in the context
2025-01-30 18:34:40,694 INFO c.h.h.t.HelmChartContainer - [K3S] [controller.go:146] "Unhandled Error" err=<
2025-01-30 18:34:40,694 INFO c.h.h.t.HelmChartContainer - [K3S] 	, Header: map[Content-Type:[text/plain; charset=utf-8] X-Content-Type-Options:[nosniff]]
2025-01-30 18:34:40,694 INFO c.h.h.t.HelmChartContainer - [K3S]  >
2025-01-30 18:34:40,695 INFO c.h.h.t.HelmChartContainer - [K3S] [handler_proxy.go:143] error resolving kube-system/metrics-server: endpoints "metrics-server" not found
2025-01-30 18:34:40,697 INFO c.h.h.t.HelmChartContainer - [K3S] [event.go:389] "Event occurred" object="kube-system/resource-reader" fieldPath="" kind="Addon" apiVersion="k3s.cattle.io/v1" type="Normal" reason="ApplyingManifest" message="Applying manifest at \"/var/lib/rancher/k3s/server/manifests/metrics-server/resource-reader.yaml\""
2025-01-30 18:34:40,732 INFO c.h.h.t.HelmChartContainer - [K3S] [event.go:389] "Event occurred" object="kube-system/resource-reader" fieldPath="" kind="Addon" apiVersion="k3s.cattle.io/v1" type="Normal" reason="AppliedManifest" message="Applied manifest at \"/var/lib/rancher/k3s/server/manifests/metrics-server/resource-reader.yaml\""
2025-01-30 18:34:40,737 INFO c.h.h.t.HelmChartContainer - [K3S] [event.go:389] "Event occurred" object="kube-system/rolebindings" fieldPath="" kind="Addon" apiVersion="k3s.cattle.io/v1" type="Normal" reason="ApplyingManifest" message="Applying manifest at \"/var/lib/rancher/k3s/server/manifests/rolebindings.yaml\""
2025-01-30 18:34:40,783 INFO c.h.h.t.HelmChartContainer - [K3S] [controllermanager.go:765] "Started controller" controller="endpointslice-mirroring-controller"
2025-01-30 18:34:40,783 INFO c.h.h.t.HelmChartContainer - [K3S] [endpointslicemirroring_controller.go:227] "Starting EndpointSliceMirroring controller"
2025-01-30 18:34:40,850 INFO c.h.h.t.HelmChartContainer - [K3S] [event.go:389] "Event occurred" object="kube-system/rolebindings" fieldPath="" kind="Addon" apiVersion="k3s.cattle.io/v1" type="Normal" reason="AppliedManifest" message="Applied manifest at \"/var/lib/rancher/k3s/server/manifests/rolebindings.yaml\""
2025-01-30 18:34:40,855 INFO c.h.h.t.HelmChartContainer - [K3S] [event.go:389] "Event occurred" object="kube-system/runtimes" fieldPath="" kind="Addon" apiVersion="k3s.cattle.io/v1" type="Normal" reason="ApplyingManifest" message="Applying manifest at \"/var/lib/rancher/k3s/server/manifests/runtimes.yaml\""
2025-01-30 18:34:40,881 INFO c.h.h.t.HelmChartContainer - [K3S] [event.go:389] "Event occurred" object="kube-system/runtimes" fieldPath="" kind="Addon" apiVersion="k3s.cattle.io/v1" type="Normal" reason="AppliedManifest" message="Applied manifest at \"/var/lib/rancher/k3s/server/manifests/runtimes.yaml\""
2025-01-30 18:34:41,063 INFO c.h.h.t.HelmChartContainer - [K3S] [serving.go:392] Generated self-signed cert in-memory
2025-01-30 18:34:41,089 INFO c.h.h.t.HelmChartContainer - [K3S] [controllermanager.go:765] "Started controller" controller="resourcequota-controller"
2025-01-30 18:34:41,089 INFO c.h.h.t.HelmChartContainer - [K3S] [resource_quota_controller.go:300] "Starting resource quota controller"
2025-01-30 18:34:41,165 INFO c.h.h.t.HelmChartContainer - [K3S] [serving.go:392] Generated self-signed cert in-memory
2025-01-30 18:34:41,324 INFO c.h.h.t.HelmChartContainer - [K3S] [controllermanager.go:160] Version: v1.32.1+k3s1
2025-01-30 18:34:41,327 INFO c.h.h.t.HelmChartContainer - [K3S] [requestheader_controller.go:180] Starting RequestHeaderAuthRequestController
2025-01-30 18:34:41,327 INFO c.h.h.t.HelmChartContainer - [K3S] [configmap_cafile_content.go:205] "Starting controller" name="client-ca::kube-system::extension-apiserver-authentication::client-ca-file"
2025-01-30 18:34:41,327 INFO c.h.h.t.HelmChartContainer - [K3S] [configmap_cafile_content.go:205] "Starting controller" name="client-ca::kube-system::extension-apiserver-authentication::requestheader-client-ca-file"
2025-01-30 18:34:41,327 INFO c.h.h.t.HelmChartContainer - [K3S] [secure_serving.go:213] Serving securely on 127.0.0.1:10258
2025-01-30 18:34:41,327 INFO c.h.h.t.HelmChartContainer - [K3S] [tlsconfig.go:243] "Starting DynamicServingCertificateController"
2025-01-30 18:34:41,330 INFO c.h.h.t.HelmChartContainer - [K3S] [INFO] Creating service-lb-controller event broadcaster
2025-01-30 18:34:41,336 INFO c.h.h.t.HelmChartContainer - [K3S] [controllermanager.go:765] "Started controller" controller="namespace-controller"
2025-01-30 18:34:41,336 INFO c.h.h.t.HelmChartContainer - [K3S] [namespace_controller.go:202] "Starting namespace controller"
2025-01-30 18:34:41,442 INFO c.h.h.t.HelmChartContainer - [K3S] [INFO] Starting /v1, Kind=Node controller
2025-01-30 18:34:41,445 INFO c.h.h.t.HelmChartContainer - [K3S] [INFO] Starting /v1, Kind=Pod controller
2025-01-30 18:34:41,448 INFO c.h.h.t.HelmChartContainer - [K3S] [INFO] Starting apps/v1, Kind=DaemonSet controller
2025-01-30 18:34:41,450 INFO c.h.h.t.HelmChartContainer - [K3S] [INFO] Starting discovery.k8s.io/v1, Kind=EndpointSlice controller
2025-01-30 18:34:41,451 INFO c.h.h.t.HelmChartContainer - [K3S] [controllermanager.go:329] Started "service-lb-controller"
2025-01-30 18:34:41,451 INFO c.h.h.t.HelmChartContainer - [K3S] [controllermanager.go:306] "node-route-controller" is disabled
2025-01-30 18:34:41,452 INFO c.h.h.t.HelmChartContainer - [K3S] [controller.go:234] Starting service controller
2025-01-30 18:34:41,452 INFO c.h.h.t.HelmChartContainer - [K3S] [controllermanager.go:329] Started "cloud-node-controller"
2025-01-30 18:34:41,452 INFO c.h.h.t.HelmChartContainer - [K3S] [node_controller.go:176] Sending events to api server.
2025-01-30 18:34:41,452 INFO c.h.h.t.HelmChartContainer - [K3S] [node_controller.go:185] Waiting for informer caches to sync
2025-01-30 18:34:41,452 INFO c.h.h.t.HelmChartContainer - [K3S] [controllermanager.go:329] Started "cloud-node-lifecycle-controller"
2025-01-30 18:34:41,452 INFO c.h.h.t.HelmChartContainer - [K3S] [node_lifecycle_controller.go:112] Sending events to api server
2025-01-30 18:34:41,482 INFO c.h.h.t.HelmChartContainer - [K3S] [controllermanager.go:765] "Started controller" controller="job-controller"
2025-01-30 18:34:41,482 INFO c.h.h.t.HelmChartContainer - [K3S] [job_controller.go:243] "Starting job controller"
2025-01-30 18:34:41,552 INFO c.h.h.t.HelmChartContainer - [K3S] [node_controller.go:429] Initializing node 939b2c34f41e with cloud provider
2025-01-30 18:34:41,555 INFO c.h.h.t.HelmChartContainer - [K3S] [node_controller.go:474] Successfully initialized node 939b2c34f41e with cloud provider
2025-01-30 18:34:41,558 INFO c.h.h.t.HelmChartContainer - [K3S] [event.go:389] "Event occurred" object="939b2c34f41e" fieldPath="" kind="Node" apiVersion="v1" type="Normal" reason="Synced" message="Node synced successfully"
2025-01-30 18:34:41,564 INFO c.h.h.t.HelmChartContainer - [K3S] [INFO] Updated coredns NodeHosts entry for 939b2c34f41e
2025-01-30 18:34:41,639 INFO c.h.h.t.HelmChartContainer - [K3S] [controllermanager.go:765] "Started controller" controller="persistentvolume-protection-controller"
2025-01-30 18:34:41,639 INFO c.h.h.t.HelmChartContainer - [K3S] [controllermanager.go:743] "Warning: skipping controller" controller="storage-version-migrator-controller"
2025-01-30 18:34:41,639 INFO c.h.h.t.HelmChartContainer - [K3S] [pv_protection_controller.go:81] "Starting PV protection controller"
2025-01-30 18:34:41,654 INFO c.h.h.t.HelmChartContainer - [K3S] [handler_proxy.go:99] no RequestInfo found in the context
2025-01-30 18:34:41,654 INFO c.h.h.t.HelmChartContainer - [K3S] [handler_proxy.go:99] no RequestInfo found in the context
2025-01-30 18:34:41,654 INFO c.h.h.t.HelmChartContainer - [K3S] [controller.go:102] "Unhandled Error" err=<
2025-01-30 18:34:41,654 INFO c.h.h.t.HelmChartContainer - [K3S] 	, Header: map[Content-Type:[text/plain; charset=utf-8] X-Content-Type-Options:[nosniff]]
2025-01-30 18:34:41,654 INFO c.h.h.t.HelmChartContainer - [K3S]  >
2025-01-30 18:34:41,691 INFO c.h.h.t.HelmChartContainer - [K3S] [serving.go:392] Generated self-signed cert in-memory
2025-01-30 18:34:41,783 INFO c.h.h.t.HelmChartContainer - [K3S] [controllermanager.go:765] "Started controller" controller="deployment-controller"
2025-01-30 18:34:41,783 INFO c.h.h.t.HelmChartContainer - [K3S] [deployment_controller.go:173] "Starting controller" controller="deployment"
2025-01-30 18:34:41,801 INFO c.h.h.t.HelmChartContainer - [K3S] [INFO] Tunnel authorizer set Kubelet Port 0.0.0.0:10250
2025-01-30 18:34:41,934 INFO c.h.h.t.HelmChartContainer - [K3S] [controllermanager.go:765] "Started controller" controller="cronjob-controller"
2025-01-30 18:34:41,934 INFO c.h.h.t.HelmChartContainer - [K3S] [cronjob_controllerv2.go:145] "Starting cronjob controller v2"
2025-01-30 18:34:41,982 INFO c.h.h.t.HelmChartContainer - [K3S] [node_lifecycle_controller.go:432] "Controller will reconcile labels"
2025-01-30 18:34:41,982 INFO c.h.h.t.HelmChartContainer - [K3S] [controllermanager.go:765] "Started controller" controller="node-lifecycle-controller"
2025-01-30 18:34:41,982 INFO c.h.h.t.HelmChartContainer - [K3S] [node_lifecycle_controller.go:466] "Sending events to api server"
2025-01-30 18:34:41,982 INFO c.h.h.t.HelmChartContainer - [K3S] [node_lifecycle_controller.go:477] "Starting node controller"
2025-01-30 18:34:42,037 INFO c.h.h.t.HelmChartContainer - [K3S] [server.go:164] "Starting Kubernetes Scheduler" version="v1.32.1+k3s1"
2025-01-30 18:34:42,037 INFO c.h.h.t.HelmChartContainer - [K3S] [server.go:166] "Golang settings" GOGC="" GOMAXPROCS="" GOTRACEBACK=""
2025-01-30 18:34:42,040 INFO c.h.h.t.HelmChartContainer - [K3S] [requestheader_controller.go:180] Starting RequestHeaderAuthRequestController
2025-01-30 18:34:42,040 INFO c.h.h.t.HelmChartContainer - [K3S] [configmap_cafile_content.go:205] "Starting controller" name="client-ca::kube-system::extension-apiserver-authentication::client-ca-file"
2025-01-30 18:34:42,041 INFO c.h.h.t.HelmChartContainer - [K3S] [configmap_cafile_content.go:205] "Starting controller" name="client-ca::kube-system::extension-apiserver-authentication::requestheader-client-ca-file"
2025-01-30 18:34:42,041 INFO c.h.h.t.HelmChartContainer - [K3S] [secure_serving.go:213] Serving securely on 127.0.0.1:10259
2025-01-30 18:34:42,041 INFO c.h.h.t.HelmChartContainer - [K3S] [tlsconfig.go:243] "Starting DynamicServingCertificateController"
2025-01-30 18:34:42,132 INFO c.h.h.t.HelmChartContainer - [K3S] [controllermanager.go:765] "Started controller" controller="persistentvolume-binder-controller"
2025-01-30 18:34:42,132 INFO c.h.h.t.HelmChartContainer - [K3S] [controllermanager.go:723] "Skipping a cloud provider controller" controller="cloud-node-lifecycle-controller"
2025-01-30 18:34:42,132 INFO c.h.h.t.HelmChartContainer - [K3S] [pv_controller_base.go:308] "Starting persistent volume controller"
2025-01-30 18:34:42,282 INFO c.h.h.t.HelmChartContainer - [K3S] [controllermanager.go:765] "Started controller" controller="pod-garbage-collector-controller"
2025-01-30 18:34:42,282 INFO c.h.h.t.HelmChartContainer - [K3S] [gc_controller.go:99] "Starting GC controller"
2025-01-30 18:34:42,433 INFO c.h.h.t.HelmChartContainer - [K3S] [controllermanager.go:765] "Started controller" controller="serviceaccount-controller"
2025-01-30 18:34:42,433 INFO c.h.h.t.HelmChartContainer - [K3S] [serviceaccounts_controller.go:114] "Starting service account controller"
2025-01-30 18:34:42,582 INFO c.h.h.t.HelmChartContainer - [K3S] [controllermanager.go:765] "Started controller" controller="daemonset-controller"
2025-01-30 18:34:42,582 INFO c.h.h.t.HelmChartContainer - [K3S] [controllermanager.go:723] "Skipping a cloud provider controller" controller="service-lb-controller"
2025-01-30 18:34:42,582 INFO c.h.h.t.HelmChartContainer - [K3S] [controllermanager.go:723] "Skipping a cloud provider controller" controller="node-route-controller"
2025-01-30 18:34:42,582 INFO c.h.h.t.HelmChartContainer - [K3S] [daemon_controller.go:294] "Starting daemon sets controller"
2025-01-30 18:34:42,600 INFO c.h.h.t.HelmChartContainer - [K3S] [actual_state_of_world.go:541] "Failed to update statusUpdateNeeded field in actual state of world" err="Failed to set statusUpdateNeeded to needed true, because nodeName=\"939b2c34f41e\" does not exist"
2025-01-30 18:34:42,637 INFO c.h.h.t.HelmChartContainer - [K3S] [range_allocator.go:177] "Sending events to api server"
2025-01-30 18:34:42,637 INFO c.h.h.t.HelmChartContainer - [K3S] [range_allocator.go:183] "Starting range CIDR allocator"
2025-01-30 18:34:42,642 INFO c.h.h.t.HelmChartContainer - [K3S] [range_allocator.go:428] "Set node PodCIDR" node="939b2c34f41e" podCIDRs=["10.42.0.0/24"]
2025-01-30 18:34:42,642 INFO c.h.h.t.HelmChartContainer - [K3S] [range_allocator.go:247] "Successfully synced" key="939b2c34f41e"
2025-01-30 18:34:42,642 INFO c.h.h.t.HelmChartContainer - [K3S] [INFO] Flannel found PodCIDR assigned for node 939b2c34f41e
2025-01-30 18:34:42,642 INFO c.h.h.t.HelmChartContainer - [K3S] [range_allocator.go:247] "Successfully synced" key="939b2c34f41e"
2025-01-30 18:34:42,643 INFO c.h.h.t.HelmChartContainer - [K3S] [INFO] The interface eth0 with ipv4 address 172.19.0.2 will be used by flannel
2025-01-30 18:34:42,644 INFO c.h.h.t.HelmChartContainer - [K3S] [kube.go:139] Waiting 10m0s for node controller to sync
2025-01-30 18:34:42,644 INFO c.h.h.t.HelmChartContainer - [K3S] [kube.go:469] Starting kube subnet manager
2025-01-30 18:34:42,683 INFO c.h.h.t.HelmChartContainer - [K3S] [node_lifecycle_controller.go:1234] "Initializing eviction metric for zone" zone=""
2025-01-30 18:34:42,683 INFO c.h.h.t.HelmChartContainer - [K3S] [node_lifecycle_controller.go:886] "Missing timestamp for Node. Assuming now as a timestamp" node="939b2c34f41e"
2025-01-30 18:34:42,683 INFO c.h.h.t.HelmChartContainer - [K3S] [node_lifecycle_controller.go:1080] "Controller detected that zone is now in new state" zone="" newState="Normal"
2025-01-30 18:34:42,688 INFO c.h.h.t.HelmChartContainer - [K3S] [range_allocator.go:247] "Successfully synced" key="939b2c34f41e"
2025-01-30 18:34:42,749 INFO c.h.h.t.HelmChartContainer - [K3S] [INFO] Starting network policy controller version v2.2.1, built on 2025-01-28T18:27:08Z, go1.23.4
2025-01-30 18:34:42,749 INFO c.h.h.t.HelmChartContainer - [K3S] [network_policy_controller.go:164] Starting network policy controller
2025-01-30 18:34:42,774 INFO c.h.h.t.HelmChartContainer - [K3S] [network_policy_controller.go:176] Starting network policy controller full sync goroutine
2025-01-30 18:34:42,800 INFO c.h.h.t.HelmChartContainer - [K3S] [INFO] Started tunnel to 172.19.0.2:6443
2025-01-30 18:34:42,801 INFO c.h.h.t.HelmChartContainer - [K3S] [INFO] Stopped tunnel to 127.0.0.1:6443
2025-01-30 18:34:42,801 INFO c.h.h.t.HelmChartContainer - [K3S] [INFO] Connecting to proxy" url="wss://172.19.0.2:6443/v1-k3s/connect
2025-01-30 18:34:42,801 INFO c.h.h.t.HelmChartContainer - [K3S] [INFO] Proxy done" err="context canceled" url="wss://127.0.0.1:6443/v1-k3s/connect
2025-01-30 18:34:42,801 INFO c.h.h.t.HelmChartContainer - [K3S] [INFO] error in remotedialer server [400]: websocket: close 1006 (abnormal closure): unexpected EOF
2025-01-30 18:34:42,803 INFO c.h.h.t.HelmChartContainer - [K3S] [INFO] Handling backend connection request [939b2c34f41e]
2025-01-30 18:34:42,803 INFO c.h.h.t.HelmChartContainer - [K3S] [INFO] Remotedialer connected to proxy" url="wss://172.19.0.2:6443/v1-k3s/connect
2025-01-30 18:34:42,837 INFO c.h.h.t.HelmChartContainer - [K3S] [range_allocator.go:247] "Successfully synced" key="939b2c34f41e"
2025-01-30 18:34:43,387 INFO c.h.h.t.HelmChartContainer - [K3S] [handler_proxy.go:99] no RequestInfo found in the context
2025-01-30 18:34:43,387 INFO c.h.h.t.HelmChartContainer - [K3S] [controller.go:146] "Unhandled Error" err=<
2025-01-30 18:34:43,387 INFO c.h.h.t.HelmChartContainer - [K3S] 	, Header: map[Content-Type:[text/plain; charset=utf-8] X-Content-Type-Options:[nosniff]]
2025-01-30 18:34:43,387 INFO c.h.h.t.HelmChartContainer - [K3S]  >
2025-01-30 18:34:43,388 INFO c.h.h.t.HelmChartContainer - [K3S] [handler_proxy.go:143] error resolving kube-system/metrics-server: no endpoints available for service "metrics-server"
2025-01-30 18:34:43,496 INFO c.h.h.t.HelmChartContainer - [K3S] [replica_set.go:679] "Finished syncing" kind="ReplicaSet" key="kube-system/coredns-ff8999cc5" duration="308.243174ms"
2025-01-30 18:34:43,497 INFO c.h.h.t.HelmChartContainer - [K3S] [replica_set.go:679] "Finished syncing" kind="ReplicaSet" key="kube-system/metrics-server-8584b5786c" duration="308.592349ms"
2025-01-30 18:34:43,504 INFO c.h.h.t.HelmChartContainer - [K3S] [replica_set.go:679] "Finished syncing" kind="ReplicaSet" key="kube-system/local-path-provisioner-698b58967b" duration="316.13825ms"
2025-01-30 18:34:43,512 INFO c.h.h.t.HelmChartContainer - [K3S] [replica_set.go:679] "Finished syncing" kind="ReplicaSet" key="kube-system/local-path-provisioner-698b58967b" duration="7.608644ms"
2025-01-30 18:34:43,512 INFO c.h.h.t.HelmChartContainer - [K3S] [replica_set.go:679] "Finished syncing" kind="ReplicaSet" key="kube-system/local-path-provisioner-698b58967b" duration="29.786µs"
2025-01-30 18:34:43,518 INFO c.h.h.t.HelmChartContainer - [K3S] [replica_set.go:679] "Finished syncing" kind="ReplicaSet" key="kube-system/metrics-server-8584b5786c" duration="19.56043ms"
2025-01-30 18:34:43,520 INFO c.h.h.t.HelmChartContainer - [K3S] [replica_set.go:679] "Finished syncing" kind="ReplicaSet" key="kube-system/coredns-ff8999cc5" duration="24.117649ms"
2025-01-30 18:34:43,531 INFO c.h.h.t.HelmChartContainer - [K3S] [replica_set.go:679] "Finished syncing" kind="ReplicaSet" key="kube-system/metrics-server-8584b5786c" duration="14.452563ms"
2025-01-30 18:34:43,532 INFO c.h.h.t.HelmChartContainer - [K3S] [replica_set.go:679] "Finished syncing" kind="ReplicaSet" key="kube-system/metrics-server-8584b5786c" duration="31.689µs"
2025-01-30 18:34:43,532 INFO c.h.h.t.HelmChartContainer - [K3S] [replica_set.go:679] "Finished syncing" kind="ReplicaSet" key="kube-system/metrics-server-8584b5786c" duration="24.305µs"
2025-01-30 18:34:43,533 INFO c.h.h.t.HelmChartContainer - [K3S] [replica_set.go:679] "Finished syncing" kind="ReplicaSet" key="kube-system/coredns-ff8999cc5" duration="12.720179ms"
2025-01-30 18:34:43,533 INFO c.h.h.t.HelmChartContainer - [K3S] [replica_set.go:679] "Finished syncing" kind="ReplicaSet" key="kube-system/coredns-ff8999cc5" duration="29.896µs"
2025-01-30 18:34:43,540 INFO c.h.h.t.HelmChartContainer - [K3S] [replica_set.go:679] "Finished syncing" kind="ReplicaSet" key="kube-system/local-path-provisioner-698b58967b" duration="31.378µs"
2025-01-30 18:34:43,546 INFO c.h.h.t.HelmChartContainer - [K3S] [replica_set.go:679] "Finished syncing" kind="ReplicaSet" key="kube-system/coredns-ff8999cc5" duration="56.365µs"
2025-01-30 18:34:43,569 INFO c.h.h.t.HelmChartContainer - [K3S] [reconciler_common.go:251] "operationExecutor.VerifyControllerAttachedVolume started for volume \"config-volume\" (UniqueName: \"kubernetes.io/configmap/0e0dd9cc-e5c0-48de-8404-6088ab63553f-config-volume\") pod \"coredns-ff8999cc5-pjxl7\" (UID: \"0e0dd9cc-e5c0-48de-8404-6088ab63553f\") " pod="kube-system/coredns-ff8999cc5-pjxl7"
2025-01-30 18:34:43,569 INFO c.h.h.t.HelmChartContainer - [K3S] [reconciler_common.go:251] "operationExecutor.VerifyControllerAttachedVolume started for volume \"custom-config-volume\" (UniqueName: \"kubernetes.io/configmap/0e0dd9cc-e5c0-48de-8404-6088ab63553f-custom-config-volume\") pod \"coredns-ff8999cc5-pjxl7\" (UID: \"0e0dd9cc-e5c0-48de-8404-6088ab63553f\") " pod="kube-system/coredns-ff8999cc5-pjxl7"
2025-01-30 18:34:43,569 INFO c.h.h.t.HelmChartContainer - [K3S] [reconciler_common.go:251] "operationExecutor.VerifyControllerAttachedVolume started for volume \"kube-api-access-2q7gc\" (UniqueName: \"kubernetes.io/projected/0e0dd9cc-e5c0-48de-8404-6088ab63553f-kube-api-access-2q7gc\") pod \"coredns-ff8999cc5-pjxl7\" (UID: \"0e0dd9cc-e5c0-48de-8404-6088ab63553f\") " pod="kube-system/coredns-ff8999cc5-pjxl7"
2025-01-30 18:34:43,569 INFO c.h.h.t.HelmChartContainer - [K3S] [reconciler_common.go:251] "operationExecutor.VerifyControllerAttachedVolume started for volume \"config-volume\" (UniqueName: \"kubernetes.io/configmap/6f9c883c-2a13-414e-bc4f-c17fa6435e97-config-volume\") pod \"local-path-provisioner-698b58967b-lwvlv\" (UID: \"6f9c883c-2a13-414e-bc4f-c17fa6435e97\") " pod="kube-system/local-path-provisioner-698b58967b-lwvlv"
2025-01-30 18:34:43,569 INFO c.h.h.t.HelmChartContainer - [K3S] [reconciler_common.go:251] "operationExecutor.VerifyControllerAttachedVolume started for volume \"kube-api-access-6cpvz\" (UniqueName: \"kubernetes.io/projected/6f9c883c-2a13-414e-bc4f-c17fa6435e97-kube-api-access-6cpvz\") pod \"local-path-provisioner-698b58967b-lwvlv\" (UID: \"6f9c883c-2a13-414e-bc4f-c17fa6435e97\") " pod="kube-system/local-path-provisioner-698b58967b-lwvlv"
2025-01-30 18:34:43,569 INFO c.h.h.t.HelmChartContainer - [K3S] [reconciler_common.go:251] "operationExecutor.VerifyControllerAttachedVolume started for volume \"tmp-dir\" (UniqueName: \"kubernetes.io/empty-dir/0d2afe91-6141-495a-9d2c-0fdb5b2b35f0-tmp-dir\") pod \"metrics-server-8584b5786c-kt8jb\" (UID: \"0d2afe91-6141-495a-9d2c-0fdb5b2b35f0\") " pod="kube-system/metrics-server-8584b5786c-kt8jb"
2025-01-30 18:34:43,569 INFO c.h.h.t.HelmChartContainer - [K3S] [reconciler_common.go:251] "operationExecutor.VerifyControllerAttachedVolume started for volume \"kube-api-access-mfq6v\" (UniqueName: \"kubernetes.io/projected/0d2afe91-6141-495a-9d2c-0fdb5b2b35f0-kube-api-access-mfq6v\") pod \"metrics-server-8584b5786c-kt8jb\" (UID: \"0d2afe91-6141-495a-9d2c-0fdb5b2b35f0\") " pod="kube-system/metrics-server-8584b5786c-kt8jb"
2025-01-30 18:34:43,645 INFO c.h.h.t.HelmChartContainer - [K3S] [kube.go:146] Node controller sync successful
2025-01-30 18:34:43,645 INFO c.h.h.t.HelmChartContainer - [K3S] [vxlan.go:141] VXLAN config: VNI=1 Port=0 GBP=false Learning=false DirectRouting=false
2025-01-30 18:34:43,647 INFO c.h.h.t.HelmChartContainer - [K3S] [kube.go:636] List of node(939b2c34f41e) annotations: map[string]string{"alpha.kubernetes.io/provided-node-ip":"172.19.0.2", "k3s.io/hostname":"939b2c34f41e", "k3s.io/internal-ip":"172.19.0.2", "k3s.io/node-args":"[\"server\",\"--etcd-arg\",\"unsafe-no-fsync\",\"--etcd-arg\",\"snapshot-count=10000\",\"--etcd-arg\",\"auto-compaction-mode=revision\",\"--etcd-arg\",\"auto-compaction-retention=1000000\",\"--kube-apiserver-arg\",\"etcd-compaction-interval=0s\",\"--disable\",\"traefik\",\"--tls-san\",\"localhost\",\"--cluster-domain\",\"hivemq.com\"]", "k3s.io/node-config-hash":"ZHNSMWRTVLMBXQFDYQOQCZ2GR5RBYQ3B7WAKLORHSSRXGSH27XFQ====", "k3s.io/node-env":"{}", "node.alpha.kubernetes.io/ttl":"0", "volumes.kubernetes.io/controller-managed-attach-detach":"true"}
2025-01-30 18:34:43,652 INFO c.h.h.t.HelmChartContainer - [K3S] [iptables.go:51] Starting flannel in iptables mode...
2025-01-30 18:34:43,652 INFO c.h.h.t.HelmChartContainer - [K3S] [WARNING] no subnet found for key: FLANNEL_NETWORK in file: /run/flannel/subnet.env
2025-01-30 18:34:43,652 INFO c.h.h.t.HelmChartContainer - [K3S] [WARNING] no subnet found for key: FLANNEL_SUBNET in file: /run/flannel/subnet.env
2025-01-30 18:34:43,652 INFO c.h.h.t.HelmChartContainer - [K3S] [WARNING] no subnet found for key: FLANNEL_IPV6_NETWORK in file: /run/flannel/subnet.env
2025-01-30 18:34:43,653 INFO c.h.h.t.HelmChartContainer - [K3S] [WARNING] no subnet found for key: FLANNEL_IPV6_SUBNET in file: /run/flannel/subnet.env
2025-01-30 18:34:43,653 INFO c.h.h.t.HelmChartContainer - [K3S] [range_allocator.go:247] "Successfully synced" key="939b2c34f41e"
2025-01-30 18:34:43,653 INFO c.h.h.t.HelmChartContainer - [K3S] [iptables.go:115] Current network or subnet (10.42.0.0/16, 10.42.0.0/24) is not equal to previous one (0.0.0.0/0, 0.0.0.0/0), trying to recycle old iptables rules
2025-01-30 18:34:43,653 INFO c.h.h.t.HelmChartContainer - [K3S] [kube.go:490] Creating the node lease for IPv4. This is the n.Spec.PodCIDRs: [10.42.0.0/24]
2025-01-30 18:34:43,659 INFO c.h.h.t.HelmChartContainer - [K3S] [iptables.go:125] Setting up masking rules
2025-01-30 18:34:43,661 INFO c.h.h.t.HelmChartContainer - [K3S] [iptables.go:226] Changing default FORWARD chain policy to ACCEPT
2025-01-30 18:34:43,663 INFO c.h.h.t.HelmChartContainer - [K3S] [INFO] Wrote flannel subnet file to /run/flannel/subnet.env
2025-01-30 18:34:43,663 INFO c.h.h.t.HelmChartContainer - [K3S] [INFO] Running flannel backend.
2025-01-30 18:34:43,663 INFO c.h.h.t.HelmChartContainer - [K3S] [vxlan_network.go:65] watching for new subnet leases
2025-01-30 18:34:43,674 INFO c.h.h.t.HelmChartContainer - [K3S] [iptables.go:372] bootstrap done
2025-01-30 18:34:43,681 INFO c.h.h.t.HelmChartContainer - [K3S] [iptables.go:372] bootstrap done
2025-01-30 18:34:44,389 INFO c.h.h.t.HelmChartContainer - [K3S] [handler_proxy.go:99] no RequestInfo found in the context
2025-01-30 18:34:44,389 INFO c.h.h.t.HelmChartContainer - [K3S] [handler_proxy.go:99] no RequestInfo found in the context
2025-01-30 18:34:44,389 INFO c.h.h.t.HelmChartContainer - [K3S] [controller.go:102] "Unhandled Error" err=<
2025-01-30 18:34:44,389 INFO c.h.h.t.HelmChartContainer - [K3S] 	, Header: map[Content-Type:[text/plain; charset=utf-8] X-Content-Type-Options:[nosniff]]
2025-01-30 18:34:44,389 INFO c.h.h.t.HelmChartContainer - [K3S]  >
2025-01-30 18:34:46,698 DEBUG c.h.h.t.HelmChartContainer - Image file loaded 'hivemq-platform-operator.tar'
2025-01-30 18:34:47,128 DEBUG c.h.h.t.HelmChartContainer - Image file loaded 'hivemq-platform-operator-init.tar'
2025-01-30 18:34:48,085 INFO c.h.h.t.HelmChartContainer - [K3S] [kuberuntime_manager.go:1702] "Updating runtime config through cri with podcidr" CIDR="10.42.0.0/24"
2025-01-30 18:34:48,088 INFO c.h.h.t.HelmChartContainer - [K3S] [kubelet_network.go:61] "Updating Pod CIDR" originalPodCIDR="" newPodCIDR="10.42.0.0/24"
2025-01-30 18:34:48,096 INFO c.h.h.t.HelmChartContainer - [K3S] [range_allocator.go:247] "Successfully synced" key="939b2c34f41e"
2025-01-30 18:34:48,900 INFO c.h.h.t.HelmChartContainer - [K3S] [replica_set.go:679] "Finished syncing" kind="ReplicaSet" key="kube-system/metrics-server-8584b5786c" duration="43.622µs"
2025-01-30 18:34:48,928 INFO c.h.h.t.HelmChartContainer - [K3S] [replica_set.go:679] "Finished syncing" kind="ReplicaSet" key="kube-system/local-path-provisioner-698b58967b" duration="7.885996ms"
2025-01-30 18:34:48,930 INFO c.h.h.t.HelmChartContainer - [K3S] [replica_set.go:679] "Finished syncing" kind="ReplicaSet" key="kube-system/local-path-provisioner-698b58967b" duration="41.357µs"
2025-01-30 18:34:48,944 INFO c.h.h.t.HelmChartContainer - [K3S] [replica_set.go:679] "Finished syncing" kind="ReplicaSet" key="kube-system/coredns-ff8999cc5" duration="6.973881ms"
2025-01-30 18:34:48,945 INFO c.h.h.t.HelmChartContainer - [K3S] [replica_set.go:679] "Finished syncing" kind="ReplicaSet" key="kube-system/coredns-ff8999cc5" duration="34.515µs"
2025-01-30 18:34:53,090 DEBUG c.h.h.t.HelmChartContainer - Image file loaded 'hivemq-platform.tar'
2025-01-30 18:34:53,090 DEBUG c.h.h.t.HelmChartContainer - Successful Helm chart Container startup
2025-01-30 18:34:53,103 INFO t.localhost/testcontainers/ekz1uu3kqvt8fab7:latest - Container localhost/testcontainers/ekz1uu3kqvt8fab7:latest started in PT19.381753702S
2025-01-30 18:34:53,110 DEBUG c.h.h.t.HelmChartContainer - Executing helm command: /bin/helm --kubeconfig /etc/rancher/k3s/k3s.yaml repo add hivemq https://hivemq.github.io/helm-charts
2025-01-30 18:34:53,374 INFO c.h.h.t.HelmChartContainer - [EVENT] Normal [Starting] Starting kubelet. [null:939b2c34f41e]
2025-01-30 18:34:53,375 INFO c.h.h.t.HelmChartContainer - [EVENT] Warning [InvalidDiskCapacity] invalid capacity 0 on image filesystem [null:939b2c34f41e]
2025-01-30 18:34:53,375 INFO c.h.h.t.HelmChartContainer - [EVENT] Normal [NodeHasSufficientMemory] Node 939b2c34f41e status is now: NodeHasSufficientMemory [null:939b2c34f41e]
2025-01-30 18:34:53,375 INFO c.h.h.t.HelmChartContainer - [EVENT] Normal [NodeHasNoDiskPressure] Node 939b2c34f41e status is now: NodeHasNoDiskPressure [null:939b2c34f41e]
2025-01-30 18:34:53,375 INFO c.h.h.t.HelmChartContainer - [EVENT] Normal [NodeHasSufficientPID] Node 939b2c34f41e status is now: NodeHasSufficientPID [null:939b2c34f41e]
2025-01-30 18:34:53,375 INFO c.h.h.t.HelmChartContainer - [EVENT] Normal [NodeAllocatableEnforced] Updated Node Allocatable limit across pods [null:939b2c34f41e]
2025-01-30 18:34:53,376 INFO c.h.h.t.HelmChartContainer - [EVENT] Normal [NodeReady] Node 939b2c34f41e status is now: NodeReady [null:939b2c34f41e]
2025-01-30 18:34:53,376 INFO c.h.h.t.HelmChartContainer - [EVENT] Normal [NodePasswordValidationComplete] Deferred node password secret validation complete [null:939b2c34f41e]
2025-01-30 18:34:53,376 INFO c.h.h.t.HelmChartContainer - [EVENT] Normal [Synced] Node synced successfully [null:939b2c34f41e]
2025-01-30 18:34:53,376 INFO c.h.h.t.HelmChartContainer - [EVENT] Normal [RegisteredNode] Node 939b2c34f41e event: Registered Node 939b2c34f41e in Controller [null:939b2c34f41e]
2025-01-30 18:34:53,415 INFO c.h.h.t.HelmChartContainer - Saved kubeconfig file on /tmp/kubeconfig-17253898698729957983.yaml
2025-01-30 18:34:53,415 INFO c.h.h.t.HelmChartContainer - HelmChartContainer is started
2025-01-30 18:36:32,863 INFO c.h.h.t.HelmChartContainer - Stopping HelmChartContainer...
2025-01-30 18:36:32,985 INFO c.h.h.t.HelmChartContainer - [K3S] 
2025-01-30 18:36:32,985 INFO c.h.h.t.HelmChartContainer - [K3S] 
2025-01-30 18:36:33,425 INFO c.h.h.t.HelmChartContainer - HelmChartContainer is stopped
]]></system-out>
  <system-err><![CDATA[]]></system-err>
</testsuite>
