<?xml version="1.0" encoding="UTF-8"?>
<testsuite name="com.hivemq.helmcharts.volumes.HelmAdditionalVolumesIT" tests="1" skipped="0" failures="0" errors="0" timestamp="2025-01-28T21:22:05" hostname="fv-az1695-717" time="106.843">
  <properties/>
  <testcase name="withAdditionalVolumes_hivemqRunningWithVolumeMounts()" classname="com.hivemq.helmcharts.volumes.HelmAdditionalVolumesIT" time="106.843">
    <system-out><![CDATA[2025-01-28 21:22:05,091 INFO c.h.h.t.HelmChartContainer - Creating namespace 'helmadditionalvolumesit-operator'...
2025-01-28 21:22:05,098 INFO c.h.h.t.HelmChartContainer - Namespace 'helmadditionalvolumesit-operator' created
2025-01-28 21:22:05,098 INFO c.h.h.t.HelmChartContainer - Creating namespace 'helmadditionalvolumesit'...
2025-01-28 21:22:05,104 INFO c.h.h.t.HelmChartContainer - Namespace 'helmadditionalvolumesit' created
2025-01-28 21:22:05,169 DEBUG c.h.h.t.HelmChartContainer - Executing helm command: /bin/helm --kubeconfig /etc/rancher/k3s/k3s.yaml install test-hivemq-platform-operator /charts/hivemq-platform-operator --wait --timeout 5m0s --set image.repository=docker.io/hivemq --set image.name=hivemq-platform-operator-test --set image.initImageName=hivemq-platform-operator-init-test --set image.tag=snapshot --set image.pullPolicy=Never --set logLevel=DEBUG --set resources.cpu=512m --namespace helmadditionalvolumesit-operator
2025-01-28 21:22:05,470 INFO c.h.h.t.HelmChartContainer - [K3S] [alloc.go:330] "allocated clusterIPs" service="helmadditionalvolumesit-operator/hivemq-platform-operator-test-hivemq-platform-operator" clusterIPs={"IPv4":"10.43.190.247"}
2025-01-28 21:22:05,486 INFO c.h.h.t.HelmChartContainer - [EVENT] Normal [ScalingReplicaSet] Scaled up replica set hivemq-test-hivemq-platform-operator-6966f96d65 from 0 to 1 [helmadditionalvolumesit-operator:hivemq-test-hivemq-platform-operator]
2025-01-28 21:22:05,489 INFO c.h.h.t.HelmChartContainer - [POD] hivemq-test-hivemq-platform-operator-6966f96d65-z5wh5 [6cdc4476-4c65-4559-bf90-7930a42e22bc] in helmadditionalvolumesit-operator was ADDED
2025-01-28 21:22:05,493 INFO c.h.h.t.HelmChartContainer - [EVENT] Normal [SuccessfulCreate] Created pod: hivemq-test-hivemq-platform-operator-6966f96d65-z5wh5 [helmadditionalvolumesit-operator:hivemq-test-hivemq-platform-operator-6966f96d65]
2025-01-28 21:22:05,496 INFO c.h.h.t.HelmChartContainer - [POD] hivemq-test-hivemq-platform-operator-6966f96d65-z5wh5 [6cdc4476-4c65-4559-bf90-7930a42e22bc] in helmadditionalvolumesit-operator was MODIFIED
2025-01-28 21:22:05,497 INFO c.h.h.t.HelmChartContainer - [K3S] [memory_manager.go:355] "RemoveStaleState removing state" podUID="1dbbbdb6-1995-489e-8a43-8096719e06a5" containerName="nginx"
2025-01-28 21:22:05,497 INFO c.h.h.t.HelmChartContainer - [K3S] [memory_manager.go:355] "RemoveStaleState removing state" podUID="e0ea3107-4c34-4700-bb33-a9e471072e07" containerName="hivemq"
2025-01-28 21:22:05,497 INFO c.h.h.t.HelmChartContainer - [K3S] [memory_manager.go:355] "RemoveStaleState removing state" podUID="4dba4432-20da-4b3b-b5d8-5e4dc87eab1f" containerName="hivemq-platform-operator"
2025-01-28 21:22:05,499 INFO c.h.h.t.HelmChartContainer - [K3S] [replica_set.go:679] "Finished syncing" kind="ReplicaSet" key="helmadditionalvolumesit-operator/hivemq-test-hivemq-platform-operator-6966f96d65" duration="18.332385ms"
2025-01-28 21:22:05,506 INFO c.h.h.t.HelmChartContainer - [EVENT] Normal [Scheduled] Successfully assigned helmadditionalvolumesit-operator/hivemq-test-hivemq-platform-operator-6966f96d65-z5wh5 to f817b6d4a319 [helmadditionalvolumesit-operator:hivemq-test-hivemq-platform-operator-6966f96d65-z5wh5]
2025-01-28 21:22:05,513 INFO c.h.h.t.HelmChartContainer - [POD] hivemq-test-hivemq-platform-operator-6966f96d65-z5wh5 [6cdc4476-4c65-4559-bf90-7930a42e22bc] in helmadditionalvolumesit-operator was MODIFIED
2025-01-28 21:22:05,514 INFO c.h.h.t.HelmChartContainer - [K3S] [replica_set.go:679] "Finished syncing" kind="ReplicaSet" key="helmadditionalvolumesit-operator/hivemq-test-hivemq-platform-operator-6966f96d65" duration="14.143308ms"
2025-01-28 21:22:05,514 INFO c.h.h.t.HelmChartContainer - [K3S] [replica_set.go:679] "Finished syncing" kind="ReplicaSet" key="helmadditionalvolumesit-operator/hivemq-test-hivemq-platform-operator-6966f96d65" duration="35.867µs"
2025-01-28 21:22:05,514 INFO c.h.h.t.HelmChartContainer - [K3S] [replica_set.go:679] "Finished syncing" kind="ReplicaSet" key="helmadditionalvolumesit-operator/hivemq-test-hivemq-platform-operator-6966f96d65" duration="24.956µs"
2025-01-28 21:22:05,567 INFO c.h.h.t.HelmChartContainer - [K3S] [reconciler_common.go:251] "operationExecutor.VerifyControllerAttachedVolume started for volume \"kube-api-access-b7z9j\" (UniqueName: \"kubernetes.io/projected/6cdc4476-4c65-4559-bf90-7930a42e22bc-kube-api-access-b7z9j\") pod \"hivemq-test-hivemq-platform-operator-6966f96d65-z5wh5\" (UID: \"6cdc4476-4c65-4559-bf90-7930a42e22bc\") " pod="helmadditionalvolumesit-operator/hivemq-test-hivemq-platform-operator-6966f96d65-z5wh5"
2025-01-28 21:22:05,895 INFO c.h.h.t.HelmChartContainer - [EVENT] Normal [Pulled] Container image "docker.io/hivemq/hivemq-platform-operator-test:snapshot" already present on machine [helmadditionalvolumesit-operator:hivemq-test-hivemq-platform-operator-6966f96d65-z5wh5]
2025-01-28 21:22:05,895 INFO c.h.h.t.HelmChartContainer - Received Pulled event for container hivemq-platform-operator in pod hivemq-test-hivemq-platform-operator-6966f96d65-z5wh5 [6cdc4476-4c65-4559-bf90-7930a42e22bc]
2025-01-28 21:22:07,205 INFO c.h.h.t.HelmChartContainer - [EVENT] Normal [Created] Created container: hivemq-platform-operator [helmadditionalvolumesit-operator:hivemq-test-hivemq-platform-operator-6966f96d65-z5wh5]
2025-01-28 21:22:07,205 INFO c.h.h.t.HelmChartContainer - Received Created event for container hivemq-platform-operator in pod hivemq-test-hivemq-platform-operator-6966f96d65-z5wh5 [6cdc4476-4c65-4559-bf90-7930a42e22bc]
2025-01-28 21:22:08,097 INFO c.h.h.t.HelmChartContainer - [K3S] [replica_set.go:679] "Finished syncing" kind="ReplicaSet" key="helmadditionalvolumesit-operator/hivemq-test-hivemq-platform-operator-6966f96d65" duration="48.841µs"
2025-01-28 21:22:08,097 INFO c.h.h.t.HelmChartContainer - [POD] hivemq-test-hivemq-platform-operator-6966f96d65-z5wh5 [6cdc4476-4c65-4559-bf90-7930a42e22bc] in helmadditionalvolumesit-operator was MODIFIED
2025-01-28 21:22:08,108 INFO c.h.h.t.HelmChartContainer - Started log watcher for hivemq-platform-operator in pod hivemq-test-hivemq-platform-operator-6966f96d65-z5wh5 [6cdc4476-4c65-4559-bf90-7930a42e22bc]
2025-01-28 21:22:08,108 INFO c.h.h.t.HelmChartContainer - [hivemq-test-hivemq-platform] [hivemq-platform-operator] [6cdc4476] -------------------------------------------------------------------------
2025-01-28 21:22:08,108 INFO c.h.h.t.HelmChartContainer - [EVENT] Normal [Started] Started container hivemq-platform-operator [helmadditionalvolumesit-operator:hivemq-test-hivemq-platform-operator-6966f96d65-z5wh5]
2025-01-28 21:22:08,108 INFO c.h.h.t.HelmChartContainer - Received Started event for container hivemq-platform-operator in pod hivemq-test-hivemq-platform-operator-6966f96d65-z5wh5 [6cdc4476-4c65-4559-bf90-7930a42e22bc]
2025-01-28 21:22:08,109 INFO c.h.h.t.HelmChartContainer - [hivemq-test-hivemq-platform] [hivemq-platform-operator] [6cdc4476] 
2025-01-28 21:22:08,109 INFO c.h.h.t.HelmChartContainer - [hivemq-test-hivemq-platform] [hivemq-platform-operator] [6cdc4476]                   _    _  _              __  __   ____
2025-01-28 21:22:08,109 INFO c.h.h.t.HelmChartContainer - [hivemq-test-hivemq-platform] [hivemq-platform-operator] [6cdc4476]                  | |  | |(_)            |  \/  | / __ \
2025-01-28 21:22:08,109 INFO c.h.h.t.HelmChartContainer - [hivemq-test-hivemq-platform] [hivemq-platform-operator] [6cdc4476]                  | |__| | _ __   __ ___ | \  / || |  | |
2025-01-28 21:22:08,109 INFO c.h.h.t.HelmChartContainer - [hivemq-test-hivemq-platform] [hivemq-platform-operator] [6cdc4476]                  |  __  || |\ \ / // _ \| |\/| || |  | |
2025-01-28 21:22:08,109 INFO c.h.h.t.HelmChartContainer - [hivemq-test-hivemq-platform] [hivemq-platform-operator] [6cdc4476]                  | |  | || | \ V /|  __/| |  | || |__| |
2025-01-28 21:22:08,109 INFO c.h.h.t.HelmChartContainer - [hivemq-test-hivemq-platform] [hivemq-platform-operator] [6cdc4476]                  |_|  |_||_|  \_/  \___||_|  |_| \___\_\
2025-01-28 21:22:08,109 INFO c.h.h.t.HelmChartContainer - [hivemq-test-hivemq-platform] [hivemq-platform-operator] [6cdc4476] 
2025-01-28 21:22:08,109 INFO c.h.h.t.HelmChartContainer - [hivemq-test-hivemq-platform] [hivemq-platform-operator] [6cdc4476] -------------------------------------------------------------------------
2025-01-28 21:22:08,109 INFO c.h.h.t.HelmChartContainer - [hivemq-test-hivemq-platform] [hivemq-platform-operator] [6cdc4476] 
2025-01-28 21:22:08,109 INFO c.h.h.t.HelmChartContainer - [hivemq-test-hivemq-platform] [hivemq-platform-operator] [6cdc4476]   HiveMQ Platform Operator Start Script v1.0
2025-01-28 21:22:08,109 INFO c.h.h.t.HelmChartContainer - [hivemq-test-hivemq-platform] [hivemq-platform-operator] [6cdc4476] 
2025-01-28 21:22:08,109 INFO c.h.h.t.HelmChartContainer - [hivemq-test-hivemq-platform] [hivemq-platform-operator] [6cdc4476] -------------------------------------------------------------------------
2025-01-28 21:22:08,109 INFO c.h.h.t.HelmChartContainer - [hivemq-test-hivemq-platform] [hivemq-platform-operator] [6cdc4476] 
2025-01-28 21:22:08,109 INFO c.h.h.t.HelmChartContainer - [hivemq-test-hivemq-platform] [hivemq-platform-operator] [6cdc4476]   JAVA_OPTS: -XX:+UnlockExperimentalVMOptions -XX:InitialRAMPercentage=75 -XX:MaxRAMPercentage=75 -Duser.language=en -Duser.region=US
2025-01-28 21:22:08,109 INFO c.h.h.t.HelmChartContainer - [hivemq-test-hivemq-platform] [hivemq-platform-operator] [6cdc4476] 
2025-01-28 21:22:08,109 INFO c.h.h.t.HelmChartContainer - [hivemq-test-hivemq-platform] [hivemq-platform-operator] [6cdc4476]   JAVA_VERSION: 21
2025-01-28 21:22:08,109 INFO c.h.h.t.HelmChartContainer - [hivemq-test-hivemq-platform] [hivemq-platform-operator] [6cdc4476] 
2025-01-28 21:22:08,109 INFO c.h.h.t.HelmChartContainer - [hivemq-test-hivemq-platform] [hivemq-platform-operator] [6cdc4476] -------------------------------------------------------------------------
2025-01-28 21:22:08,109 INFO c.h.h.t.HelmChartContainer - [hivemq-test-hivemq-platform] [hivemq-platform-operator] [6cdc4476] 
2025-01-28 21:22:10,464 INFO c.h.h.t.HelmChartContainer - [hivemq-test-hivemq-platform] [hivemq-platform-operator] [6cdc4476] 21:22:10.461 [main] DEBUG org.jboss.logging - Logging Provider: org.jboss.logging.Slf4jLoggerProvider
2025-01-28 21:22:10,594 INFO c.h.h.t.HelmChartContainer - [hivemq-test-hivemq-platform] [hivemq-platform-operator] [6cdc4476] 21:22:10.593 [main] DEBUG io.smallrye.config - SRCFG01006: Loaded ConfigSource SysPropConfigSource with ordinal 400
2025-01-28 21:22:10,594 INFO c.h.h.t.HelmChartContainer - [hivemq-test-hivemq-platform] [hivemq-platform-operator] [6cdc4476] 21:22:10.593 [main] DEBUG io.smallrye.config - SRCFG01006: Loaded ConfigSource EnvConfigSource with ordinal 300
2025-01-28 21:22:10,594 INFO c.h.h.t.HelmChartContainer - [hivemq-test-hivemq-platform] [hivemq-platform-operator] [6cdc4476] 21:22:10.593 [main] DEBUG io.smallrye.config - SRCFG01006: Loaded ConfigSource PropertiesConfigSource[source=jar:file:///opt/hivemq-platform-operator/bin/hivemq-platform-operator.jar!/hivemq-platform-operator.properties] with ordinal 100
2025-01-28 21:22:10,595 INFO c.h.h.t.HelmChartContainer - [hivemq-test-hivemq-platform] [hivemq-platform-operator] [6cdc4476] 21:22:10.593 [main] DEBUG io.smallrye.config - SRCFG01006: Loaded ConfigSource DefaultValuesConfigSource with ordinal -2147483648
2025-01-28 21:22:10,665 INFO c.h.h.t.HelmChartContainer - [hivemq-test-hivemq-platform] [hivemq-platform-operator] [6cdc4476] 21:22:10.664 [main] DEBUG i.m.c.u.i.l.InternalLoggerFactory - Using SLF4J as the default logging framework
2025-01-28 21:22:10,798 INFO c.h.h.t.HelmChartContainer - [hivemq-test-hivemq-platform] [hivemq-platform-operator] [6cdc4476] 21:22:10.791 [main] INFO  c.h.p.o.HiveMQPlatformOperatorApplication - HiveMQ Platform Operator 1.7.0-SNAPSHOT (commit: bebf408 on branch: HEAD) built on Sun Jan 26 20:47:47 UTC 2025
2025-01-28 21:22:10,799 INFO c.h.h.t.HelmChartContainer - [hivemq-test-hivemq-platform] [hivemq-platform-operator] [6cdc4476] 21:22:10.797 [main] INFO  c.h.p.o.HiveMQPlatformOperatorApplication - HiveMQ Platform Operator is running in namespace: helmadditionalvolumesit-operator
2025-01-28 21:22:10,799 INFO c.h.h.t.HelmChartContainer - [hivemq-test-hivemq-platform] [hivemq-platform-operator] [6cdc4476] 21:22:10.797 [main] INFO  c.h.p.o.HiveMQPlatformOperatorApplication - Watching all namespaces
2025-01-28 21:22:10,799 INFO c.h.h.t.HelmChartContainer - [hivemq-test-hivemq-platform] [hivemq-platform-operator] [6cdc4476] 21:22:10.797 [main] INFO  c.h.p.o.HiveMQPlatformOperatorApplication - Log level: DEBUG
2025-01-28 21:22:10,799 INFO c.h.h.t.HelmChartContainer - [hivemq-test-hivemq-platform] [hivemq-platform-operator] [6cdc4476] 21:22:10.797 [main] INFO  c.h.p.o.HiveMQPlatformOperatorApplication - Release name: test-hivemq-platform-operator
2025-01-28 21:22:10,799 INFO c.h.h.t.HelmChartContainer - [hivemq-test-hivemq-platform] [hivemq-platform-operator] [6cdc4476] 21:22:10.797 [main] INFO  c.h.p.o.HiveMQPlatformOperatorApplication - HiveMQ Platform Operator Init image: docker.io/hivemq/hivemq-platform-operator-init-test:snapshot
2025-01-28 21:22:10,799 INFO c.h.h.t.HelmChartContainer - [hivemq-test-hivemq-platform] [hivemq-platform-operator] [6cdc4476] 21:22:10.797 [main] INFO  c.h.p.o.HiveMQPlatformOperatorApplication - HiveMQ Platform Operator Init App update URL: http://hivemq-platform-operator-test-hivemq-platform-operator.helmadditionalvolumesit-operator.svc:8080/initAppUpdate/hivemq-platform-operator-init-app-1.7.0-SNAPSHOT.jar
2025-01-28 21:22:10,799 INFO c.h.h.t.HelmChartContainer - [hivemq-test-hivemq-platform] [hivemq-platform-operator] [6cdc4476] 21:22:10.797 [main] INFO  c.h.p.o.HiveMQPlatformOperatorApplication - Additional imagePullSecret for all Platform deployments: none
2025-01-28 21:22:10,799 INFO c.h.h.t.HelmChartContainer - [hivemq-test-hivemq-platform] [hivemq-platform-operator] [6cdc4476] 21:22:10.797 [main] INFO  c.h.p.o.HiveMQPlatformOperatorApplication - Apply HiveMQ Platform CRD: true
2025-01-28 21:22:10,799 INFO c.h.h.t.HelmChartContainer - [hivemq-test-hivemq-platform] [hivemq-platform-operator] [6cdc4476] 21:22:10.797 [main] INFO  c.h.p.o.HiveMQPlatformOperatorApplication - Create Platform ServiceAccount: true
2025-01-28 21:22:10,799 INFO c.h.h.t.HelmChartContainer - [hivemq-test-hivemq-platform] [hivemq-platform-operator] [6cdc4476] 21:22:10.797 [main] INFO  c.h.p.o.HiveMQPlatformOperatorApplication - Create Platform ServiceAccount permissions: true
2025-01-28 21:22:10,799 INFO c.h.h.t.HelmChartContainer - [hivemq-test-hivemq-platform] [hivemq-platform-operator] [6cdc4476] 21:22:10.797 [main] INFO  c.h.p.o.HiveMQPlatformOperatorApplication - Validate Platform ServiceAccount: true
2025-01-28 21:22:10,799 INFO c.h.h.t.HelmChartContainer - [hivemq-test-hivemq-platform] [hivemq-platform-operator] [6cdc4476] 21:22:10.797 [main] INFO  c.h.p.o.HiveMQPlatformOperatorApplication - Validate Platform ServiceAccount permissions: true
2025-01-28 21:22:10,918 INFO c.h.h.t.HelmChartContainer - [hivemq-test-hivemq-platform] [hivemq-platform-operator] [6cdc4476] 21:22:10.917 [main] INFO  c.h.platform.operator.util.CRDUtil - Verifying deployed HiveMQ Platform CRD...
2025-01-28 21:22:13,361 INFO c.h.h.t.HelmChartContainer - [hivemq-test-hivemq-platform] [hivemq-platform-operator] [6cdc4476] 21:22:13.360 [main] DEBUG c.h.platform.operator.util.CRDUtil - HiveMQ Platform CRD version v1 is up to date
2025-01-28 21:22:13,361 INFO c.h.h.t.HelmChartContainer - [hivemq-test-hivemq-platform] [hivemq-platform-operator] [6cdc4476] 21:22:13.360 [main] INFO  c.h.platform.operator.util.CRDUtil - HiveMQ Platform CRD is up to date (version: V1_6_0)
2025-01-28 21:22:13,361 INFO c.h.h.t.HelmChartContainer - [hivemq-test-hivemq-platform] [hivemq-platform-operator] [6cdc4476] 21:22:13.360 [main] INFO  c.h.platform.operator.util.CRDUtil - Waiting 10000 ms for HiveMQ Platform CRD 'hivemq-platforms.hivemq.com' to become ready...
2025-01-28 21:22:13,654 INFO c.h.h.t.HelmChartContainer - [hivemq-test-hivemq-platform] [hivemq-platform-operator] [6cdc4476] 21:22:13.653 [vert.x-eventloop-thread-1] DEBUG c.h.platform.operator.util.CRDUtil - Checking CRD condition 'NamesAccepted' (status: 'True')
2025-01-28 21:22:13,655 INFO c.h.h.t.HelmChartContainer - [hivemq-test-hivemq-platform] [hivemq-platform-operator] [6cdc4476] 21:22:13.653 [vert.x-eventloop-thread-1] DEBUG c.h.platform.operator.util.CRDUtil - Checking CRD condition 'Established' (status: 'True')
2025-01-28 21:22:13,656 INFO c.h.h.t.HelmChartContainer - [hivemq-test-hivemq-platform] [hivemq-platform-operator] [6cdc4476] 21:22:13.654 [main] INFO  c.h.platform.operator.util.CRDUtil - HiveMQ Platform CRD 'hivemq-platforms.hivemq.com' is ready
2025-01-28 21:22:13,801 INFO c.h.h.t.HelmChartContainer - [hivemq-test-hivemq-platform] [hivemq-platform-operator] [6cdc4476] 21:22:13.800 [main] INFO  c.h.p.o.HiveMQPlatformReconciler - HiveMQ Platform Operator is starting...
2025-01-28 21:22:13,892 INFO c.h.h.t.HelmChartContainer - [hivemq-test-hivemq-platform] [hivemq-platform-operator] [6cdc4476] 21:22:13.891 [main] WARN  Default ConfigurationService implementation - Configuration for reconciler 'hivemq-controller' was not found. Known reconcilers: None.
2025-01-28 21:22:13,899 INFO c.h.h.t.HelmChartContainer - [hivemq-test-hivemq-platform] [hivemq-platform-operator] [6cdc4476] 21:22:13.898 [main] INFO  Default ConfigurationService implementation - Created configuration for reconciler com.hivemq.platform.operator.HiveMQPlatformReconciler with name hivemq-controller
2025-01-28 21:22:14,002 INFO c.h.h.t.HelmChartContainer - [hivemq-test-hivemq-platform] [hivemq-platform-operator] [6cdc4476] 21:22:14.001 [main] DEBUG c.h.p.o.HiveMQPlatformReconciler - HiveMQ Platform Operator is preparing EventSources
2025-01-28 21:22:14,062 INFO c.h.h.t.HelmChartContainer - [hivemq-test-hivemq-platform] [hivemq-platform-operator] [6cdc4476] 21:22:14.061 [main] INFO  i.javaoperatorsdk.operator.Operator - Registered reconciler: 'hivemq-controller' for resource: 'class com.hivemq.platform.operator.v1.HiveMQPlatform' for namespace(s): [all namespaces]
2025-01-28 21:22:14,598 INFO c.h.h.t.HelmChartContainer - [hivemq-test-hivemq-platform] [hivemq-platform-operator] [6cdc4476] 21:22:14.597 [main] INFO  c.h.p.operator.webserver.JettyServer - Starting Jetty server on port 8080
2025-01-28 21:22:14,691 INFO c.h.h.t.HelmChartContainer - [hivemq-test-hivemq-platform] [hivemq-platform-operator] [6cdc4476] 21:22:14.662 [main] INFO  i.javaoperatorsdk.operator.Operator - Operator SDK 4.9.7 (commit: 2133d28) built on Wed Nov 20 12:56:20 UTC 2024 starting...
2025-01-28 21:22:14,691 INFO c.h.h.t.HelmChartContainer - [hivemq-test-hivemq-platform] [hivemq-platform-operator] [6cdc4476] 21:22:14.691 [main] INFO  i.javaoperatorsdk.operator.Operator - Client version: 6.13.4
2025-01-28 21:22:14,693 INFO c.h.h.t.HelmChartContainer - [hivemq-test-hivemq-platform] [hivemq-platform-operator] [6cdc4476] 21:22:14.692 [Controller Starter for: hivemq-controller] INFO  i.j.operator.processing.Controller - Starting 'hivemq-controller' controller for reconciler: com.hivemq.platform.operator.HiveMQPlatformReconciler, resource: com.hivemq.platform.operator.v1.HiveMQPlatform
2025-01-28 21:22:16,955 INFO c.h.h.t.HelmChartContainer - [hivemq-test-hivemq-platform] [hivemq-platform-operator] [6cdc4476] 21:22:16.954 [Controller Starter for: hivemq-controller] INFO  i.j.operator.processing.Controller - 'hivemq-controller' controller started
2025-01-28 21:22:16,955 INFO c.h.h.t.HelmChartContainer - [hivemq-test-hivemq-platform] [hivemq-platform-operator] [6cdc4476] 21:22:16.954 [main] INFO  c.h.p.o.HiveMQPlatformOperatorApplication - HiveMQ Platform Operator 1.7.0-SNAPSHOT started in 6163 ms
2025-01-28 21:22:19,102 INFO c.h.h.t.HelmChartContainer - [POD] hivemq-test-hivemq-platform-operator-6966f96d65-z5wh5 [6cdc4476-4c65-4559-bf90-7930a42e22bc] in helmadditionalvolumesit-operator was MODIFIED
2025-01-28 21:22:19,117 INFO c.h.h.t.HelmChartContainer - [K3S] [replica_set.go:679] "Finished syncing" kind="ReplicaSet" key="helmadditionalvolumesit-operator/hivemq-test-hivemq-platform-operator-6966f96d65" duration="16.516179ms"
2025-01-28 21:22:19,117 INFO c.h.h.t.HelmChartContainer - [K3S] [replica_set.go:679] "Finished syncing" kind="ReplicaSet" key="helmadditionalvolumesit-operator/hivemq-test-hivemq-platform-operator-6966f96d65" duration="54.14µs"
2025-01-28 21:22:19,562 INFO c.h.h.t.HelmChartContainer - [EVENT] Normal [WaitForFirstConsumer] waiting for first consumer to be created before binding [helmadditionalvolumesit:test-persistent-volume-claim]
2025-01-28 21:22:19,641 DEBUG c.h.h.t.HelmChartContainer - Executing helm command: /bin/helm --kubeconfig /etc/rancher/k3s/k3s.yaml install test-hivemq-platform /charts/hivemq-platform --wait --timeout 5m0s --set image.repository=docker.io/hivemq --set image.tag=4.36.0 --set image.pullPolicy=Never --set nodes.resources.cpu=512m -f /files/additional-volumes-values.yaml --namespace helmadditionalvolumesit
2025-01-28 21:22:19,995 INFO c.h.h.t.HelmChartContainer - [hivemq-test-hivemq-platform] [hivemq-platform-operator] [6cdc4476] 21:22:19.992 [-373097727-pool-1-thread-3] WARN  i.m.p.PrometheusMeterRegistry - The meter (MeterId{name='operator.sdk.events.received', tags=[tag(action=ADDED),tag(event=ResourceEvent),tag(group=hivemq.com),tag(kind=HiveMQPlatform),tag(name=test-hivemq-platform),tag(namespace=helmadditionalvolumesit),tag(scope=namespace),tag(version=v1)]}) registration has failed: Prometheus requires that all meters with the same name have the same set of tag keys. There is already an existing meter named 'operator.sdk.events.received' containing tag keys [event, group, kind, name, namespace, scope, version]. The meter you are attempting to register has keys [action, event, group, kind, name, namespace, scope, version]. Note that subsequent logs will be logged at debug level.
2025-01-28 21:22:20,500 INFO c.h.h.t.HelmChartContainer - [hivemq-test-hivemq-platform] [hivemq-platform-operator] [6cdc4476] 21:22:20.498 [pool-6-thread-3] DEBUG c.h.p.o.dependants.PodInfoConfigMap - [helmaddi] Desired PodInfo ConfigMap (1 extensions) (1 enabled)
2025-01-28 21:22:20,500 INFO c.h.h.t.HelmChartContainer - [hivemq-test-hivemq-platform] [hivemq-platform-operator] [6cdc4476] 21:22:20.498 [pool-6-thread-3] DEBUG c.h.p.o.dependants.PodInfoConfigMap - [helmaddi] Desired PodInfo ConfigMap (metrics port: 9399) (metrics path: /)
2025-01-28 21:22:20,501 INFO c.h.h.t.HelmChartContainer - [hivemq-test-hivemq-platform] [hivemq-platform-operator] [6cdc4476] 21:22:20.498 [pool-6-thread-3] DEBUG c.h.p.o.dependants.PodInfoConfigMap - [helmaddi] Desired PodInfo ConfigMap (extension state hash: -1817474005)
2025-01-28 21:22:20,501 INFO c.h.h.t.HelmChartContainer - [hivemq-test-hivemq-platform] [hivemq-platform-operator] [6cdc4476] 21:22:20.500 [pool-6-thread-3] DEBUG c.h.p.o.dependants.PodInfoConfigMap - [helmaddi] Create PodInfo ConfigMap
2025-01-28 21:22:20,601 INFO c.h.h.t.HelmChartContainer - [hivemq-test-hivemq-platform] [hivemq-platform-operator] [6cdc4476] 21:22:20.598 [pool-6-thread-5] DEBUG c.h.p.o.dependants.PodRoleResource - [helmaddi] Create Role: Role(apiVersion=rbac.authorization.k8s.io/v1, kind=Role, metadata=ObjectMeta(annotations={meta.helm.sh/release-name=test-hivemq-platform, meta.helm.sh/release-namespace=helmadditionalvolumesit}, creationTimestamp=null, deletionGracePeriodSeconds=null, deletionTimestamp=null, finalizers=[], generateName=null, generation=null, labels={helm.sh/chart=hivemq-platform-0.2.32, app.kubernetes.io/managed-by=Helm, app.kubernetes.io/name=hivemq-platform, hivemq-platform=test-hivemq-platform, app.kubernetes.io/instance=test-hivemq-platform, app.kubernetes.io/version=4.36.0}, managedFields=[], name=hivemq-platform-role-test-hivemq-platform, namespace=helmadditionalvolumesit, ownerReferences=[OwnerReference(apiVersion=hivemq.com/v1, blockOwnerDeletion=null, controller=null, kind=HiveMQPlatform, name=test-hivemq-platform, uid=060d8e81-79b7-466e-a36c-8a05307fcd0f, additionalProperties={})], resourceVersion=null, selfLink=null, uid=null, additionalProperties={}), rules=[PolicyRule(apiGroups=[], nonResourceURLs=[], resourceNames=[], resources=[pods], verbs=[get, patch, update], additionalProperties={})], additionalProperties={})
2025-01-28 21:22:20,704 INFO c.h.h.t.HelmChartContainer - [hivemq-test-hivemq-platform] [hivemq-platform-operator] [6cdc4476] 21:22:20.702 [pool-6-thread-7] DEBUG c.h.p.o.d.PodServiceAccountResource - [helmaddi] Desired PodServiceAccountResource (serviceAccountName: hivemq-platform-pod-test-hivemq-platform)
2025-01-28 21:22:20,705 INFO c.h.h.t.HelmChartContainer - [hivemq-test-hivemq-platform] [hivemq-platform-operator] [6cdc4476] 21:22:20.703 [pool-6-thread-7] DEBUG c.h.p.o.d.PodServiceAccountResource - [helmaddi] Create ServiceAccount 'hivemq-platform-pod-test-hivemq-platform'
2025-01-28 21:22:20,898 INFO c.h.h.t.HelmChartContainer - [hivemq-test-hivemq-platform] [hivemq-platform-operator] [6cdc4476] 21:22:20.897 [pool-6-thread-10] DEBUG c.h.p.o.d.PodRoleBindingResource - [helmaddi] Create RoleBinding: RoleBinding(apiVersion=rbac.authorization.k8s.io/v1, kind=RoleBinding, metadata=ObjectMeta(annotations={meta.helm.sh/release-name=test-hivemq-platform, meta.helm.sh/release-namespace=helmadditionalvolumesit}, creationTimestamp=null, deletionGracePeriodSeconds=null, deletionTimestamp=null, finalizers=[], generateName=null, generation=null, labels={helm.sh/chart=hivemq-platform-0.2.32, app.kubernetes.io/managed-by=Helm, app.kubernetes.io/name=hivemq-platform, hivemq-platform=test-hivemq-platform, app.kubernetes.io/instance=test-hivemq-platform, app.kubernetes.io/version=4.36.0}, managedFields=[], name=hivemq-platform-role-binding-test-hivemq-platform, namespace=helmadditionalvolumesit, ownerReferences=[OwnerReference(apiVersion=hivemq.com/v1, blockOwnerDeletion=null, controller=null, kind=HiveMQPlatform, name=test-hivemq-platform, uid=060d8e81-79b7-466e-a36c-8a05307fcd0f, additionalProperties={})], resourceVersion=null, selfLink=null, uid=null, additionalProperties={}), roleRef=RoleRef(apiGroup=rbac.authorization.k8s.io, kind=Role, name=hivemq-platform-role-test-hivemq-platform, additionalProperties={}), subjects=[Subject(apiGroup=null, kind=ServiceAccount, name=hivemq-platform-pod-test-hivemq-platform, namespace=helmadditionalvolumesit, additionalProperties={})], additionalProperties={})
2025-01-28 21:22:20,917 INFO c.h.h.t.HelmChartContainer - [hivemq-test-hivemq-platform] [hivemq-platform-operator] [6cdc4476] 21:22:20.916 [ReconcilerExecutor-hivemq-controller-54] INFO  c.h.p.o.HiveMQPlatformReconciler - [helmaddi] Reconciling HiveMQ Platform 'test-hivemq-platform' in namespace 'helmadditionalvolumesit'
2025-01-28 21:22:20,953 INFO c.h.h.t.HelmChartContainer - [hivemq-test-hivemq-platform] [hivemq-platform-operator] [6cdc4476] 21:22:20.952 [ReconcilerExecutor-hivemq-controller-54] DEBUG c.h.p.o.HiveMQPlatformReconciler - [helmaddi] Custom Resource Status CREATED - HiveMQ Platform was created (READY)
2025-01-28 21:22:20,953 INFO c.h.h.t.HelmChartContainer - [hivemq-test-hivemq-platform] [hivemq-platform-operator] [6cdc4476] 21:22:20.952 [ReconcilerExecutor-hivemq-controller-54] DEBUG c.h.p.o.HiveMQPlatformReconciler - [helmaddi] Custom Resource Spec (replicas: 1) (extensions: 1)
2025-01-28 21:22:20,994 INFO c.h.h.t.HelmChartContainer - [hivemq-test-hivemq-platform] [hivemq-platform-operator] [6cdc4476] 21:22:20.993 [ReconcilerExecutor-hivemq-controller-54] INFO  c.h.p.o.h.HiveMQPlatformReconcilerBaseHandler - [helmaddi] HiveMQ Platform is starting
2025-01-28 21:22:21,100 INFO c.h.h.t.HelmChartContainer - [hivemq-test-hivemq-platform] [hivemq-platform-operator] [6cdc4476] 21:22:21.099 [ReconcilerExecutor-hivemq-controller-54] DEBUG c.h.p.operator.event.EventSender - [helmaddi] Creating K8s event hivemq-platform-starting: [Start] HiveMQ Platform is starting
2025-01-28 21:22:21,109 INFO c.h.h.t.HelmChartContainer - [EVENT] Normal [Start] HiveMQ Platform is starting [helmadditionalvolumesit:test-hivemq-platform]
2025-01-28 21:22:21,113 INFO c.h.h.t.HelmChartContainer - [hivemq-test-hivemq-platform] [hivemq-platform-operator] [6cdc4476] 21:22:21.112 [ReconcilerExecutor-hivemq-controller-54] INFO  c.h.p.o.h.AbstractHiveMQReconcilerStateHandler - [helmaddi] Update HiveMQ Platform Status (CREATED [READY] -> STARTING [READY]): HiveMQ Platform is starting
2025-01-28 21:22:21,205 DEBUG com.hivemq.helmcharts.util.K8sUtil - Comparing actual state 'STARTING' and waiting for 'RUNNING'
2025-01-28 21:22:28,222 INFO c.h.h.t.HelmChartContainer - [EVENT] Normal [WaitForFirstConsumer] waiting for first consumer to be created before binding [helmadditionalvolumesit:test-persistent-volume-claim]
2025-01-28 21:22:31,216 INFO c.h.h.t.HelmChartContainer - [hivemq-test-hivemq-platform] [hivemq-platform-operator] [6cdc4476] 21:22:31.215 [pool-6-thread-12] DEBUG c.h.p.o.d.PlatformServiceResource - [helmaddi] Desired Platform services (3 services)
2025-01-28 21:22:31,219 INFO c.h.h.t.HelmChartContainer - [hivemq-test-hivemq-platform] [hivemq-platform-operator] [6cdc4476] 21:22:31.218 [pool-6-thread-13] DEBUG c.h.p.o.dependants.PodInfoConfigMap - [helmaddi] Desired PodInfo ConfigMap (1 extensions) (1 enabled)
2025-01-28 21:22:31,219 INFO c.h.h.t.HelmChartContainer - [hivemq-test-hivemq-platform] [hivemq-platform-operator] [6cdc4476] 21:22:31.218 [pool-6-thread-13] DEBUG c.h.p.o.dependants.PodInfoConfigMap - [helmaddi] Desired PodInfo ConfigMap (metrics port: 9399) (metrics path: /)
2025-01-28 21:22:31,221 INFO c.h.h.t.HelmChartContainer - [hivemq-test-hivemq-platform] [hivemq-platform-operator] [6cdc4476] 21:22:31.218 [pool-6-thread-13] DEBUG c.h.p.o.dependants.PodInfoConfigMap - [helmaddi] Desired PodInfo ConfigMap (extension state hash: -1817474005)
2025-01-28 21:22:31,225 INFO c.h.h.t.HelmChartContainer - [hivemq-test-hivemq-platform] [hivemq-platform-operator] [6cdc4476] 21:22:31.222 [pool-6-thread-17] DEBUG c.h.p.o.d.PodServiceAccountResource - [helmaddi] Desired PodServiceAccountResource (serviceAccountName: hivemq-platform-pod-test-hivemq-platform)
2025-01-28 21:22:31,225 INFO c.h.h.t.HelmChartContainer - [hivemq-test-hivemq-platform] [hivemq-platform-operator] [6cdc4476] 21:22:31.223 [pool-6-thread-13] DEBUG c.h.p.o.dependants.PodInfoConfigMap - [helmaddi] Update PodInfo ConfigMap
2025-01-28 21:22:31,302 INFO c.h.h.t.HelmChartContainer - [K3S] [alloc.go:330] "allocated clusterIPs" service="helmadditionalvolumesit/hivemq-test-hivemq-platform-mqtt-1883" clusterIPs={"IPv4":"10.43.98.222"}
2025-01-28 21:22:31,408 INFO c.h.h.t.HelmChartContainer - [K3S] [alloc.go:330] "allocated clusterIPs" service="helmadditionalvolumesit/hivemq-test-hivemq-platform-metrics-9399" clusterIPs={"IPv4":"10.43.242.123"}
2025-01-28 21:22:31,420 INFO c.h.h.t.HelmChartContainer - [K3S] [alloc.go:330] "allocated clusterIPs" service="helmadditionalvolumesit/hivemq-test-hivemq-platform-cc-8080" clusterIPs={"IPv4":"10.43.27.94"}
2025-01-28 21:22:31,495 INFO c.h.h.t.HelmChartContainer - [hivemq-test-hivemq-platform] [hivemq-platform-operator] [6cdc4476] 21:22:31.491 [pool-6-thread-20] DEBUG c.h.p.o.d.StatefulSetResource - [helmaddi] Desired StatefulSet (1 replicas) for status STARTING (READY)
2025-01-28 21:22:31,509 INFO c.h.h.t.HelmChartContainer - [hivemq-test-hivemq-platform] [hivemq-platform-operator] [6cdc4476] 21:22:31.508 [pool-6-thread-20] DEBUG c.h.p.o.d.StatefulSetResource - [helmaddi] Create StatefulSet
2025-01-28 21:22:31,615 INFO c.h.h.t.HelmChartContainer - [POD] test-hivemq-platform-0 [42acf7c6-7224-4e5f-ab95-e22f8d78def0] in helmadditionalvolumesit was ADDED
2025-01-28 21:22:31,617 INFO c.h.h.t.HelmChartContainer - [EVENT] Normal [SuccessfulCreate] create Pod test-hivemq-platform-0 in StatefulSet test-hivemq-platform successful [helmadditionalvolumesit:test-hivemq-platform]
2025-01-28 21:22:31,625 INFO c.h.h.t.HelmChartContainer - [EVENT] Normal [ExternalProvisioning] Waiting for a volume to be created either by the external provisioner 'rancher.io/local-path' or manually by the system administrator. If volume creation is delayed, please verify that the provisioner is running and correctly registered. [helmadditionalvolumesit:test-persistent-volume-claim]
2025-01-28 21:22:31,628 INFO c.h.h.t.HelmChartContainer - [EVENT] Normal [ExternalProvisioning] Waiting for a volume to be created either by the external provisioner 'rancher.io/local-path' or manually by the system administrator. If volume creation is delayed, please verify that the provisioner is running and correctly registered. [helmadditionalvolumesit:test-persistent-volume-claim]
2025-01-28 21:22:31,629 INFO c.h.h.t.HelmChartContainer - [EVENT] Normal [Provisioning] External provisioner is provisioning volume for claim "helmadditionalvolumesit/test-persistent-volume-claim" [helmadditionalvolumesit:test-persistent-volume-claim]
2025-01-28 21:22:31,634 INFO c.h.h.t.HelmChartContainer - [POD] helper-pod-create-pvc-ac0e2afc-e0cc-422a-80ba-dc38cac75050 [7815c8c9-6a20-4cb4-89df-2bcfe11cc943] in kube-system was ADDED
2025-01-28 21:22:31,642 INFO c.h.h.t.HelmChartContainer - [POD] helper-pod-create-pvc-ac0e2afc-e0cc-422a-80ba-dc38cac75050 [7815c8c9-6a20-4cb4-89df-2bcfe11cc943] in kube-system was MODIFIED
2025-01-28 21:22:31,698 INFO c.h.h.t.HelmChartContainer - [hivemq-test-hivemq-platform] [hivemq-platform-operator] [6cdc4476] 21:22:31.696 [ReconcilerExecutor-hivemq-controller-65] INFO  c.h.p.o.HiveMQPlatformReconciler - [helmaddi] Reconciling HiveMQ Platform 'test-hivemq-platform' in namespace 'helmadditionalvolumesit'
2025-01-28 21:22:31,698 INFO c.h.h.t.HelmChartContainer - [hivemq-test-hivemq-platform] [hivemq-platform-operator] [6cdc4476] 21:22:31.696 [ReconcilerExecutor-hivemq-controller-65] DEBUG c.h.p.o.HiveMQPlatformReconciler - [helmaddi] Custom Resource Status STARTING - HiveMQ Platform is starting (READY)
2025-01-28 21:22:31,698 INFO c.h.h.t.HelmChartContainer - [hivemq-test-hivemq-platform] [hivemq-platform-operator] [6cdc4476] 21:22:31.696 [ReconcilerExecutor-hivemq-controller-65] DEBUG c.h.p.o.HiveMQPlatformReconciler - [helmaddi] Custom Resource Spec (replicas: 1) (extensions: 1)
2025-01-28 21:22:31,702 INFO c.h.h.t.HelmChartContainer - [hivemq-test-hivemq-platform] [hivemq-platform-operator] [6cdc4476] 21:22:31.701 [ReconcilerExecutor-hivemq-controller-65] DEBUG c.h.p.o.HiveMQPlatformReconciler - [helmaddi] StatefulSet Status (revision: test-hivemq-platform-5d4d897885, replicas: 0, available: 0, ready: 0, current: 0, updated: 0)
2025-01-28 21:22:31,703 INFO c.h.h.t.HelmChartContainer - [hivemq-test-hivemq-platform] [hivemq-platform-operator] [6cdc4476] 21:22:31.701 [ReconcilerExecutor-hivemq-controller-65] DEBUG c.h.p.o.HiveMQPlatformReconciler - [helmaddi] StatefulSet Spec (replicas: 1, init containers: 1, containers: 1, volumes: 7)
2025-01-28 21:22:31,728 INFO c.h.h.t.HelmChartContainer - [K3S] [reconciler_common.go:251] "operationExecutor.VerifyControllerAttachedVolume started for volume \"data\" (UniqueName: \"kubernetes.io/host-path/7815c8c9-6a20-4cb4-89df-2bcfe11cc943-data\") pod \"helper-pod-create-pvc-ac0e2afc-e0cc-422a-80ba-dc38cac75050\" (UID: \"7815c8c9-6a20-4cb4-89df-2bcfe11cc943\") " pod="kube-system/helper-pod-create-pvc-ac0e2afc-e0cc-422a-80ba-dc38cac75050"
2025-01-28 21:22:31,728 INFO c.h.h.t.HelmChartContainer - [K3S] [reconciler_common.go:251] "operationExecutor.VerifyControllerAttachedVolume started for volume \"script\" (UniqueName: \"kubernetes.io/configmap/7815c8c9-6a20-4cb4-89df-2bcfe11cc943-script\") pod \"helper-pod-create-pvc-ac0e2afc-e0cc-422a-80ba-dc38cac75050\" (UID: \"7815c8c9-6a20-4cb4-89df-2bcfe11cc943\") " pod="kube-system/helper-pod-create-pvc-ac0e2afc-e0cc-422a-80ba-dc38cac75050"
2025-01-28 21:22:31,728 INFO c.h.h.t.HelmChartContainer - [K3S] [reconciler_common.go:251] "operationExecutor.VerifyControllerAttachedVolume started for volume \"kube-api-access-554qw\" (UniqueName: \"kubernetes.io/projected/7815c8c9-6a20-4cb4-89df-2bcfe11cc943-kube-api-access-554qw\") pod \"helper-pod-create-pvc-ac0e2afc-e0cc-422a-80ba-dc38cac75050\" (UID: \"7815c8c9-6a20-4cb4-89df-2bcfe11cc943\") " pod="kube-system/helper-pod-create-pvc-ac0e2afc-e0cc-422a-80ba-dc38cac75050"
2025-01-28 21:22:31,798 INFO c.h.h.t.HelmChartContainer - [hivemq-test-hivemq-platform] [hivemq-platform-operator] [6cdc4476] 21:22:31.797 [ReconcilerExecutor-hivemq-controller-65] DEBUG c.h.p.o.h.HiveMQPlatformReconcilerErrorHandler - [helmaddi] Pod 'test-hivemq-platform-0' phase Pending
2025-01-28 21:22:31,800 INFO c.h.h.t.HelmChartContainer - [hivemq-test-hivemq-platform] [hivemq-platform-operator] [6cdc4476] 21:22:31.799 [ReconcilerExecutor-hivemq-controller-65] INFO  c.h.p.o.h.HiveMQPlatformReconcilerBaseHandler - [helmaddi] HiveMQ Platform is starting, 0 of 1 replicas are ready
2025-01-28 21:22:31,805 INFO c.h.h.t.HelmChartContainer - [hivemq-test-hivemq-platform] [hivemq-platform-operator] [6cdc4476] 21:22:31.804 [pool-6-thread-22] DEBUG c.h.p.o.d.PlatformServiceResource - [helmaddi] Desired Platform services (3 services)
2025-01-28 21:22:31,807 INFO c.h.h.t.HelmChartContainer - [hivemq-test-hivemq-platform] [hivemq-platform-operator] [6cdc4476] 21:22:31.806 [pool-6-thread-23] DEBUG c.h.p.o.dependants.PodInfoConfigMap - [helmaddi] Desired PodInfo ConfigMap (1 extensions) (1 enabled)
2025-01-28 21:22:31,896 INFO c.h.h.t.HelmChartContainer - [hivemq-test-hivemq-platform] [hivemq-platform-operator] [6cdc4476] 21:22:31.892 [pool-6-thread-23] DEBUG c.h.p.o.dependants.PodInfoConfigMap - [helmaddi] Desired PodInfo ConfigMap (metrics port: 9399) (metrics path: /)
2025-01-28 21:22:31,896 INFO c.h.h.t.HelmChartContainer - [hivemq-test-hivemq-platform] [hivemq-platform-operator] [6cdc4476] 21:22:31.892 [pool-6-thread-23] DEBUG c.h.p.o.dependants.PodInfoConfigMap - [helmaddi] Desired PodInfo ConfigMap (extension state hash: -1817474005)
2025-01-28 21:22:31,896 INFO c.h.h.t.HelmChartContainer - [hivemq-test-hivemq-platform] [hivemq-platform-operator] [6cdc4476] 21:22:31.893 [pool-6-thread-27] DEBUG c.h.p.o.d.PodServiceAccountResource - [helmaddi] Desired PodServiceAccountResource (serviceAccountName: hivemq-platform-pod-test-hivemq-platform)
2025-01-28 21:22:31,903 INFO c.h.h.t.HelmChartContainer - [hivemq-test-hivemq-platform] [hivemq-platform-operator] [6cdc4476] 21:22:31.902 [pool-6-thread-30] DEBUG c.h.p.o.d.StatefulSetResource - [helmaddi] Desired StatefulSet (1 replicas) for status STARTING (READY)
2025-01-28 21:22:31,995 INFO c.h.h.t.HelmChartContainer - [hivemq-test-hivemq-platform] [hivemq-platform-operator] [6cdc4476] 21:22:31.993 [ReconcilerExecutor-hivemq-controller-76] INFO  c.h.p.o.HiveMQPlatformReconciler - [helmaddi] Reconciling HiveMQ Platform 'test-hivemq-platform' in namespace 'helmadditionalvolumesit'
2025-01-28 21:22:31,996 INFO c.h.h.t.HelmChartContainer - [hivemq-test-hivemq-platform] [hivemq-platform-operator] [6cdc4476] 21:22:31.993 [ReconcilerExecutor-hivemq-controller-76] DEBUG c.h.p.o.HiveMQPlatformReconciler - [helmaddi] Custom Resource Status STARTING - HiveMQ Platform is starting (READY)
2025-01-28 21:22:31,996 INFO c.h.h.t.HelmChartContainer - [hivemq-test-hivemq-platform] [hivemq-platform-operator] [6cdc4476] 21:22:31.993 [ReconcilerExecutor-hivemq-controller-76] DEBUG c.h.p.o.HiveMQPlatformReconciler - [helmaddi] Custom Resource Spec (replicas: 1) (extensions: 1)
2025-01-28 21:22:31,998 INFO c.h.h.t.HelmChartContainer - [hivemq-test-hivemq-platform] [hivemq-platform-operator] [6cdc4476] 21:22:31.998 [ReconcilerExecutor-hivemq-controller-76] DEBUG c.h.p.o.HiveMQPlatformReconciler - [helmaddi] StatefulSet Status (revision: test-hivemq-platform-5d4d897885, replicas: 1, available: 0, ready: 0, current: 1, updated: 1)
2025-01-28 21:22:31,998 INFO c.h.h.t.HelmChartContainer - [hivemq-test-hivemq-platform] [hivemq-platform-operator] [6cdc4476] 21:22:31.998 [ReconcilerExecutor-hivemq-controller-76] DEBUG c.h.p.o.HiveMQPlatformReconciler - [helmaddi] StatefulSet Spec (replicas: 1, init containers: 1, containers: 1, volumes: 7)
2025-01-28 21:22:32,001 INFO c.h.h.t.HelmChartContainer - [hivemq-test-hivemq-platform] [hivemq-platform-operator] [6cdc4476] 21:22:32.000 [ReconcilerExecutor-hivemq-controller-76] DEBUG c.h.p.o.h.HiveMQPlatformReconcilerErrorHandler - [helmaddi] Pod 'test-hivemq-platform-0' phase Pending
2025-01-28 21:22:32,002 INFO c.h.h.t.HelmChartContainer - [hivemq-test-hivemq-platform] [hivemq-platform-operator] [6cdc4476] 21:22:32.001 [ReconcilerExecutor-hivemq-controller-76] INFO  c.h.p.o.h.HiveMQPlatformReconcilerBaseHandler - [helmaddi] HiveMQ Platform is starting, 0 of 1 replicas are ready
2025-01-28 21:22:34,137 INFO c.h.h.t.HelmChartContainer - [POD] helper-pod-create-pvc-ac0e2afc-e0cc-422a-80ba-dc38cac75050 [7815c8c9-6a20-4cb4-89df-2bcfe11cc943] in kube-system was MODIFIED
2025-01-28 21:22:35,138 INFO c.h.h.t.HelmChartContainer - [POD] helper-pod-create-pvc-ac0e2afc-e0cc-422a-80ba-dc38cac75050 [7815c8c9-6a20-4cb4-89df-2bcfe11cc943] in kube-system was MODIFIED
2025-01-28 21:22:36,192 INFO c.h.h.t.HelmChartContainer - [POD] helper-pod-create-pvc-ac0e2afc-e0cc-422a-80ba-dc38cac75050 [7815c8c9-6a20-4cb4-89df-2bcfe11cc943] in kube-system was MODIFIED
2025-01-28 21:22:36,254 INFO c.h.h.t.HelmChartContainer - [K3S] [reconciler_common.go:162] "operationExecutor.UnmountVolume started for volume \"script\" (UniqueName: \"kubernetes.io/configmap/7815c8c9-6a20-4cb4-89df-2bcfe11cc943-script\") pod \"7815c8c9-6a20-4cb4-89df-2bcfe11cc943\" (UID: \"7815c8c9-6a20-4cb4-89df-2bcfe11cc943\") "
2025-01-28 21:22:36,255 INFO c.h.h.t.HelmChartContainer - [K3S] [reconciler_common.go:162] "operationExecutor.UnmountVolume started for volume \"data\" (UniqueName: \"kubernetes.io/host-path/7815c8c9-6a20-4cb4-89df-2bcfe11cc943-data\") pod \"7815c8c9-6a20-4cb4-89df-2bcfe11cc943\" (UID: \"7815c8c9-6a20-4cb4-89df-2bcfe11cc943\") "
2025-01-28 21:22:36,255 INFO c.h.h.t.HelmChartContainer - [K3S] [reconciler_common.go:162] "operationExecutor.UnmountVolume started for volume \"kube-api-access-554qw\" (UniqueName: \"kubernetes.io/projected/7815c8c9-6a20-4cb4-89df-2bcfe11cc943-kube-api-access-554qw\") pod \"7815c8c9-6a20-4cb4-89df-2bcfe11cc943\" (UID: \"7815c8c9-6a20-4cb4-89df-2bcfe11cc943\") "
2025-01-28 21:22:36,354 INFO c.h.h.t.HelmChartContainer - [K3S] [reconciler_common.go:299] "Volume detached for volume \"data\" (UniqueName: \"kubernetes.io/host-path/7815c8c9-6a20-4cb4-89df-2bcfe11cc943-data\") on node \"f817b6d4a319\" DevicePath \"\""
2025-01-28 21:22:36,354 INFO c.h.h.t.HelmChartContainer - [K3S] [reconciler_common.go:299] "Volume detached for volume \"kube-api-access-554qw\" (UniqueName: \"kubernetes.io/projected/7815c8c9-6a20-4cb4-89df-2bcfe11cc943-kube-api-access-554qw\") on node \"f817b6d4a319\" DevicePath \"\""
2025-01-28 21:22:36,354 INFO c.h.h.t.HelmChartContainer - [K3S] [reconciler_common.go:299] "Volume detached for volume \"script\" (UniqueName: \"kubernetes.io/configmap/7815c8c9-6a20-4cb4-89df-2bcfe11cc943-script\") on node \"f817b6d4a319\" DevicePath \"\""
2025-01-28 21:22:36,661 INFO c.h.h.t.HelmChartContainer - [POD] helper-pod-create-pvc-ac0e2afc-e0cc-422a-80ba-dc38cac75050 [7815c8c9-6a20-4cb4-89df-2bcfe11cc943] in kube-system was MODIFIED
2025-01-28 21:22:36,665 INFO c.h.h.t.HelmChartContainer - [POD] helper-pod-create-pvc-ac0e2afc-e0cc-422a-80ba-dc38cac75050 [7815c8c9-6a20-4cb4-89df-2bcfe11cc943] in kube-system was DELETED
2025-01-28 21:22:36,673 INFO c.h.h.t.HelmChartContainer - [EVENT] Normal [ProvisioningSucceeded] Successfully provisioned volume pvc-ac0e2afc-e0cc-422a-80ba-dc38cac75050 [helmadditionalvolumesit:test-persistent-volume-claim]
2025-01-28 21:22:37,133 INFO c.h.h.t.HelmChartContainer - [K3S] [pod_container_deletor.go:80] "Container not found in pod's containers" containerID="721dc8110e855a9f5cf606a541bf87caf14f62fea67e3522a3b5e987134f029c"
2025-01-28 21:22:37,134 INFO c.h.h.t.HelmChartContainer - [K3S] [status_manager.go:890] "Failed to get status for pod" podUID="7815c8c9-6a20-4cb4-89df-2bcfe11cc943" pod="kube-system/helper-pod-create-pvc-ac0e2afc-e0cc-422a-80ba-dc38cac75050" err="pods \"helper-pod-create-pvc-ac0e2afc-e0cc-422a-80ba-dc38cac75050\" is forbidden: User \"system:node:f817b6d4a319\" cannot get resource \"pods\" in API group \"\" in the namespace \"kube-system\": no relationship found between node 'f817b6d4a319' and this object"
2025-01-28 21:22:37,625 INFO c.h.h.t.HelmChartContainer - [K3S] [memory_manager.go:355] "RemoveStaleState removing state" podUID="7815c8c9-6a20-4cb4-89df-2bcfe11cc943" containerName="helper-pod"
2025-01-28 21:22:37,625 INFO c.h.h.t.HelmChartContainer - [POD] test-hivemq-platform-0 [42acf7c6-7224-4e5f-ab95-e22f8d78def0] in helmadditionalvolumesit was MODIFIED
2025-01-28 21:22:37,627 INFO c.h.h.t.HelmChartContainer - [K3S] [status_manager.go:890] "Failed to get status for pod" podUID="7815c8c9-6a20-4cb4-89df-2bcfe11cc943" pod="kube-system/helper-pod-create-pvc-ac0e2afc-e0cc-422a-80ba-dc38cac75050" err="pods \"helper-pod-create-pvc-ac0e2afc-e0cc-422a-80ba-dc38cac75050\" is forbidden: User \"system:node:f817b6d4a319\" cannot get resource \"pods\" in API group \"\" in the namespace \"kube-system\": no relationship found between node 'f817b6d4a319' and this object"
2025-01-28 21:22:37,627 INFO c.h.h.t.HelmChartContainer - [EVENT] Normal [Scheduled] Successfully assigned helmadditionalvolumesit/test-hivemq-platform-0 to f817b6d4a319 [helmadditionalvolumesit:test-hivemq-platform-0]
2025-01-28 21:22:37,643 INFO c.h.h.t.HelmChartContainer - [POD] test-hivemq-platform-0 [42acf7c6-7224-4e5f-ab95-e22f8d78def0] in helmadditionalvolumesit was MODIFIED
2025-01-28 21:22:37,645 INFO c.h.h.t.HelmChartContainer - [hivemq-test-hivemq-platform] [hivemq-platform-operator] [6cdc4476] 21:22:37.639 [pool-6-thread-32] DEBUG c.h.p.o.d.PlatformServiceResource - [helmaddi] Desired Platform services (3 services)
2025-01-28 21:22:37,694 INFO c.h.h.t.HelmChartContainer - [hivemq-test-hivemq-platform] [hivemq-platform-operator] [6cdc4476] 21:22:37.691 [pool-6-thread-33] DEBUG c.h.p.o.dependants.PodInfoConfigMap - [helmaddi] Desired PodInfo ConfigMap (1 extensions) (1 enabled)
2025-01-28 21:22:37,694 INFO c.h.h.t.HelmChartContainer - [hivemq-test-hivemq-platform] [hivemq-platform-operator] [6cdc4476] 21:22:37.693 [pool-6-thread-33] DEBUG c.h.p.o.dependants.PodInfoConfigMap - [helmaddi] Desired PodInfo ConfigMap (metrics port: 9399) (metrics path: /)
2025-01-28 21:22:37,694 INFO c.h.h.t.HelmChartContainer - [hivemq-test-hivemq-platform] [hivemq-platform-operator] [6cdc4476] 21:22:37.691 [pool-6-thread-37] DEBUG c.h.p.o.d.PodServiceAccountResource - [helmaddi] Desired PodServiceAccountResource (serviceAccountName: hivemq-platform-pod-test-hivemq-platform)
2025-01-28 21:22:37,695 INFO c.h.h.t.HelmChartContainer - [hivemq-test-hivemq-platform] [hivemq-platform-operator] [6cdc4476] 21:22:37.693 [pool-6-thread-33] DEBUG c.h.p.o.dependants.PodInfoConfigMap - [helmaddi] Desired PodInfo ConfigMap (extension state hash: -1817474005)
2025-01-28 21:22:37,698 INFO c.h.h.t.HelmChartContainer - [hivemq-test-hivemq-platform] [hivemq-platform-operator] [6cdc4476] 21:22:37.697 [pool-6-thread-40] DEBUG c.h.p.o.d.StatefulSetResource - [helmaddi] Desired StatefulSet (1 replicas) for status STARTING (READY)
2025-01-28 21:22:37,705 INFO c.h.h.t.HelmChartContainer - [hivemq-test-hivemq-platform] [hivemq-platform-operator] [6cdc4476] 21:22:37.704 [ReconcilerExecutor-hivemq-controller-87] INFO  c.h.p.o.HiveMQPlatformReconciler - [helmaddi] Reconciling HiveMQ Platform 'test-hivemq-platform' in namespace 'helmadditionalvolumesit'
2025-01-28 21:22:37,705 INFO c.h.h.t.HelmChartContainer - [hivemq-test-hivemq-platform] [hivemq-platform-operator] [6cdc4476] 21:22:37.704 [ReconcilerExecutor-hivemq-controller-87] DEBUG c.h.p.o.HiveMQPlatformReconciler - [helmaddi] Custom Resource Status STARTING - HiveMQ Platform is starting (READY)
2025-01-28 21:22:37,705 INFO c.h.h.t.HelmChartContainer - [hivemq-test-hivemq-platform] [hivemq-platform-operator] [6cdc4476] 21:22:37.704 [ReconcilerExecutor-hivemq-controller-87] DEBUG c.h.p.o.HiveMQPlatformReconciler - [helmaddi] Custom Resource Spec (replicas: 1) (extensions: 1)
2025-01-28 21:22:37,707 INFO c.h.h.t.HelmChartContainer - [hivemq-test-hivemq-platform] [hivemq-platform-operator] [6cdc4476] 21:22:37.706 [ReconcilerExecutor-hivemq-controller-87] DEBUG c.h.p.o.HiveMQPlatformReconciler - [helmaddi] StatefulSet Status (revision: test-hivemq-platform-5d4d897885, replicas: 1, available: 0, ready: 0, current: 1, updated: 1)
2025-01-28 21:22:37,707 INFO c.h.h.t.HelmChartContainer - [hivemq-test-hivemq-platform] [hivemq-platform-operator] [6cdc4476] 21:22:37.706 [ReconcilerExecutor-hivemq-controller-87] DEBUG c.h.p.o.HiveMQPlatformReconciler - [helmaddi] StatefulSet Spec (replicas: 1, init containers: 1, containers: 1, volumes: 7)
2025-01-28 21:22:37,711 INFO c.h.h.t.HelmChartContainer - [hivemq-test-hivemq-platform] [hivemq-platform-operator] [6cdc4476] 21:22:37.711 [ReconcilerExecutor-hivemq-controller-87] DEBUG c.h.p.o.h.HiveMQPlatformReconcilerErrorHandler - [helmaddi] Pod 'test-hivemq-platform-0' phase Pending
2025-01-28 21:22:37,712 INFO c.h.h.t.HelmChartContainer - [hivemq-test-hivemq-platform] [hivemq-platform-operator] [6cdc4476] 21:22:37.711 [ReconcilerExecutor-hivemq-controller-87] DEBUG c.h.p.o.h.HiveMQPlatformReconcilerErrorHandler - [helmaddi] Pod 'test-hivemq-platform-0' condition 'PodReadyToStartContainers': False
2025-01-28 21:22:37,762 INFO c.h.h.t.HelmChartContainer - [K3S] [reconciler_common.go:251] "operationExecutor.VerifyControllerAttachedVolume started for volume \"test-secret-volume\" (UniqueName: \"kubernetes.io/secret/42acf7c6-7224-4e5f-ab95-e22f8d78def0-test-secret-volume\") pod \"test-hivemq-platform-0\" (UID: \"42acf7c6-7224-4e5f-ab95-e22f8d78def0\") " pod="helmadditionalvolumesit/test-hivemq-platform-0"
2025-01-28 21:22:37,762 INFO c.h.h.t.HelmChartContainer - [K3S] [reconciler_common.go:251] "operationExecutor.VerifyControllerAttachedVolume started for volume \"broker-configuration\" (UniqueName: \"kubernetes.io/configmap/42acf7c6-7224-4e5f-ab95-e22f8d78def0-broker-configuration\") pod \"test-hivemq-platform-0\" (UID: \"42acf7c6-7224-4e5f-ab95-e22f8d78def0\") " pod="helmadditionalvolumesit/test-hivemq-platform-0"
2025-01-28 21:22:37,762 INFO c.h.h.t.HelmChartContainer - [K3S] [reconciler_common.go:251] "operationExecutor.VerifyControllerAttachedVolume started for volume \"operator-init\" (UniqueName: \"kubernetes.io/empty-dir/42acf7c6-7224-4e5f-ab95-e22f8d78def0-operator-init\") pod \"test-hivemq-platform-0\" (UID: \"42acf7c6-7224-4e5f-ab95-e22f8d78def0\") " pod="helmadditionalvolumesit/test-hivemq-platform-0"
2025-01-28 21:22:37,762 INFO c.h.h.t.HelmChartContainer - [K3S] [reconciler_common.go:251] "operationExecutor.VerifyControllerAttachedVolume started for volume \"kube-api-access-dqclw\" (UniqueName: \"kubernetes.io/projected/42acf7c6-7224-4e5f-ab95-e22f8d78def0-kube-api-access-dqclw\") pod \"test-hivemq-platform-0\" (UID: \"42acf7c6-7224-4e5f-ab95-e22f8d78def0\") " pod="helmadditionalvolumesit/test-hivemq-platform-0"
2025-01-28 21:22:37,763 INFO c.h.h.t.HelmChartContainer - [K3S] [reconciler_common.go:251] "operationExecutor.VerifyControllerAttachedVolume started for volume \"pod-info\" (UniqueName: \"kubernetes.io/configmap/42acf7c6-7224-4e5f-ab95-e22f8d78def0-pod-info\") pod \"test-hivemq-platform-0\" (UID: \"42acf7c6-7224-4e5f-ab95-e22f8d78def0\") " pod="helmadditionalvolumesit/test-hivemq-platform-0"
2025-01-28 21:22:37,763 INFO c.h.h.t.HelmChartContainer - [K3S] [reconciler_common.go:251] "operationExecutor.VerifyControllerAttachedVolume started for volume \"test-empty-dir-volume\" (UniqueName: \"kubernetes.io/empty-dir/42acf7c6-7224-4e5f-ab95-e22f8d78def0-test-empty-dir-volume\") pod \"test-hivemq-platform-0\" (UID: \"42acf7c6-7224-4e5f-ab95-e22f8d78def0\") " pod="helmadditionalvolumesit/test-hivemq-platform-0"
2025-01-28 21:22:37,763 INFO c.h.h.t.HelmChartContainer - [K3S] [reconciler_common.go:251] "operationExecutor.VerifyControllerAttachedVolume started for volume \"pvc-ac0e2afc-e0cc-422a-80ba-dc38cac75050\" (UniqueName: \"kubernetes.io/local-volume/pvc-ac0e2afc-e0cc-422a-80ba-dc38cac75050\") pod \"test-hivemq-platform-0\" (UID: \"42acf7c6-7224-4e5f-ab95-e22f8d78def0\") " pod="helmadditionalvolumesit/test-hivemq-platform-0"
2025-01-28 21:22:37,763 INFO c.h.h.t.HelmChartContainer - [K3S] [reconciler_common.go:251] "operationExecutor.VerifyControllerAttachedVolume started for volume \"test-mount-volume\" (UniqueName: \"kubernetes.io/configmap/42acf7c6-7224-4e5f-ab95-e22f8d78def0-test-mount-volume\") pod \"test-hivemq-platform-0\" (UID: \"42acf7c6-7224-4e5f-ab95-e22f8d78def0\") " pod="helmadditionalvolumesit/test-hivemq-platform-0"
2025-01-28 21:22:37,792 INFO c.h.h.t.HelmChartContainer - [hivemq-test-hivemq-platform] [hivemq-platform-operator] [6cdc4476] 21:22:37.791 [ReconcilerExecutor-hivemq-controller-87] DEBUG c.h.p.o.h.HiveMQPlatformReconcilerErrorHandler - [helmaddi] Pod 'test-hivemq-platform-0' condition 'Initialized': False
2025-01-28 21:22:37,792 INFO c.h.h.t.HelmChartContainer - [hivemq-test-hivemq-platform] [hivemq-platform-operator] [6cdc4476] 21:22:37.791 [ReconcilerExecutor-hivemq-controller-87] DEBUG c.h.p.o.h.HiveMQPlatformReconcilerErrorHandler - [helmaddi] Pod 'test-hivemq-platform-0' condition 'Ready': False
2025-01-28 21:22:37,793 INFO c.h.h.t.HelmChartContainer - [hivemq-test-hivemq-platform] [hivemq-platform-operator] [6cdc4476] 21:22:37.791 [ReconcilerExecutor-hivemq-controller-87] DEBUG c.h.p.o.h.HiveMQPlatformReconcilerErrorHandler - [helmaddi] Pod 'test-hivemq-platform-0' condition 'ContainersReady': False
2025-01-28 21:22:37,793 INFO c.h.h.t.HelmChartContainer - [hivemq-test-hivemq-platform] [hivemq-platform-operator] [6cdc4476] 21:22:37.791 [ReconcilerExecutor-hivemq-controller-87] DEBUG c.h.p.o.h.HiveMQPlatformReconcilerErrorHandler - [helmaddi] Pod 'test-hivemq-platform-0' condition 'PodScheduled': True
2025-01-28 21:22:37,793 INFO c.h.h.t.HelmChartContainer - [hivemq-test-hivemq-platform] [hivemq-platform-operator] [6cdc4476] 21:22:37.791 [ReconcilerExecutor-hivemq-controller-87] DEBUG c.h.p.o.h.HiveMQPlatformReconcilerErrorHandler - [helmaddi] Pod 'test-hivemq-platform-0' containerStatus 'hivemq' (started: false) (ready: false) (waiting: [PodInitializing] null)
2025-01-28 21:22:37,795 INFO c.h.h.t.HelmChartContainer - [hivemq-test-hivemq-platform] [hivemq-platform-operator] [6cdc4476] 21:22:37.794 [ReconcilerExecutor-hivemq-controller-87] INFO  c.h.p.o.h.HiveMQPlatformReconcilerBaseHandler - [helmaddi] HiveMQ Platform is starting, 0 of 1 replicas are ready
2025-01-28 21:22:37,804 INFO c.h.h.t.HelmChartContainer - [hivemq-test-hivemq-platform] [hivemq-platform-operator] [6cdc4476] 21:22:37.803 [pool-6-thread-42] DEBUG c.h.p.o.d.PlatformServiceResource - [helmaddi] Desired Platform services (3 services)
2025-01-28 21:22:37,805 INFO c.h.h.t.HelmChartContainer - [hivemq-test-hivemq-platform] [hivemq-platform-operator] [6cdc4476] 21:22:37.804 [pool-6-thread-43] DEBUG c.h.p.o.dependants.PodInfoConfigMap - [helmaddi] Desired PodInfo ConfigMap (1 extensions) (1 enabled)
2025-01-28 21:22:37,806 INFO c.h.h.t.HelmChartContainer - [hivemq-test-hivemq-platform] [hivemq-platform-operator] [6cdc4476] 21:22:37.805 [pool-6-thread-43] DEBUG c.h.p.o.dependants.PodInfoConfigMap - [helmaddi] Desired PodInfo ConfigMap (metrics port: 9399) (metrics path: /)
2025-01-28 21:22:37,807 INFO c.h.h.t.HelmChartContainer - [hivemq-test-hivemq-platform] [hivemq-platform-operator] [6cdc4476] 21:22:37.805 [pool-6-thread-43] DEBUG c.h.p.o.dependants.PodInfoConfigMap - [helmaddi] Desired PodInfo ConfigMap (extension state hash: -1817474005)
2025-01-28 21:22:37,893 INFO c.h.h.t.HelmChartContainer - [hivemq-test-hivemq-platform] [hivemq-platform-operator] [6cdc4476] 21:22:37.891 [pool-6-thread-47] DEBUG c.h.p.o.d.PodServiceAccountResource - [helmaddi] Desired PodServiceAccountResource (serviceAccountName: hivemq-platform-pod-test-hivemq-platform)
2025-01-28 21:22:37,898 INFO c.h.h.t.HelmChartContainer - [hivemq-test-hivemq-platform] [hivemq-platform-operator] [6cdc4476] 21:22:37.897 [pool-6-thread-50] DEBUG c.h.p.o.d.StatefulSetResource - [helmaddi] Desired StatefulSet (1 replicas) for status STARTING (READY)
2025-01-28 21:22:37,904 INFO c.h.h.t.HelmChartContainer - [hivemq-test-hivemq-platform] [hivemq-platform-operator] [6cdc4476] 21:22:37.903 [ReconcilerExecutor-hivemq-controller-98] INFO  c.h.p.o.HiveMQPlatformReconciler - [helmaddi] Reconciling HiveMQ Platform 'test-hivemq-platform' in namespace 'helmadditionalvolumesit'
2025-01-28 21:22:37,904 INFO c.h.h.t.HelmChartContainer - [hivemq-test-hivemq-platform] [hivemq-platform-operator] [6cdc4476] 21:22:37.903 [ReconcilerExecutor-hivemq-controller-98] DEBUG c.h.p.o.HiveMQPlatformReconciler - [helmaddi] Custom Resource Status STARTING - HiveMQ Platform is starting (READY)
2025-01-28 21:22:37,904 INFO c.h.h.t.HelmChartContainer - [hivemq-test-hivemq-platform] [hivemq-platform-operator] [6cdc4476] 21:22:37.903 [ReconcilerExecutor-hivemq-controller-98] DEBUG c.h.p.o.HiveMQPlatformReconciler - [helmaddi] Custom Resource Spec (replicas: 1) (extensions: 1)
2025-01-28 21:22:37,906 INFO c.h.h.t.HelmChartContainer - [hivemq-test-hivemq-platform] [hivemq-platform-operator] [6cdc4476] 21:22:37.906 [ReconcilerExecutor-hivemq-controller-98] DEBUG c.h.p.o.HiveMQPlatformReconciler - [helmaddi] StatefulSet Status (revision: test-hivemq-platform-5d4d897885, replicas: 1, available: 0, ready: 0, current: 1, updated: 1)
2025-01-28 21:22:37,907 INFO c.h.h.t.HelmChartContainer - [hivemq-test-hivemq-platform] [hivemq-platform-operator] [6cdc4476] 21:22:37.906 [ReconcilerExecutor-hivemq-controller-98] DEBUG c.h.p.o.HiveMQPlatformReconciler - [helmaddi] StatefulSet Spec (replicas: 1, init containers: 1, containers: 1, volumes: 7)
2025-01-28 21:22:37,908 INFO c.h.h.t.HelmChartContainer - [hivemq-test-hivemq-platform] [hivemq-platform-operator] [6cdc4476] 21:22:37.907 [ReconcilerExecutor-hivemq-controller-98] DEBUG c.h.p.o.h.HiveMQPlatformReconcilerErrorHandler - [helmaddi] Pod 'test-hivemq-platform-0' phase Pending
2025-01-28 21:22:37,908 INFO c.h.h.t.HelmChartContainer - [hivemq-test-hivemq-platform] [hivemq-platform-operator] [6cdc4476] 21:22:37.907 [ReconcilerExecutor-hivemq-controller-98] DEBUG c.h.p.o.h.HiveMQPlatformReconcilerErrorHandler - [helmaddi] Pod 'test-hivemq-platform-0' condition 'PodReadyToStartContainers': False
2025-01-28 21:22:37,909 INFO c.h.h.t.HelmChartContainer - [hivemq-test-hivemq-platform] [hivemq-platform-operator] [6cdc4476] 21:22:37.908 [ReconcilerExecutor-hivemq-controller-98] DEBUG c.h.p.o.h.HiveMQPlatformReconcilerErrorHandler - [helmaddi] Pod 'test-hivemq-platform-0' condition 'Initialized': False
2025-01-28 21:22:37,909 INFO c.h.h.t.HelmChartContainer - [hivemq-test-hivemq-platform] [hivemq-platform-operator] [6cdc4476] 21:22:37.908 [ReconcilerExecutor-hivemq-controller-98] DEBUG c.h.p.o.h.HiveMQPlatformReconcilerErrorHandler - [helmaddi] Pod 'test-hivemq-platform-0' condition 'Ready': False
2025-01-28 21:22:37,909 INFO c.h.h.t.HelmChartContainer - [hivemq-test-hivemq-platform] [hivemq-platform-operator] [6cdc4476] 21:22:37.908 [ReconcilerExecutor-hivemq-controller-98] DEBUG c.h.p.o.h.HiveMQPlatformReconcilerErrorHandler - [helmaddi] Pod 'test-hivemq-platform-0' condition 'ContainersReady': False
2025-01-28 21:22:37,909 INFO c.h.h.t.HelmChartContainer - [hivemq-test-hivemq-platform] [hivemq-platform-operator] [6cdc4476] 21:22:37.908 [ReconcilerExecutor-hivemq-controller-98] DEBUG c.h.p.o.h.HiveMQPlatformReconcilerErrorHandler - [helmaddi] Pod 'test-hivemq-platform-0' condition 'PodScheduled': True
2025-01-28 21:22:37,909 INFO c.h.h.t.HelmChartContainer - [hivemq-test-hivemq-platform] [hivemq-platform-operator] [6cdc4476] 21:22:37.908 [ReconcilerExecutor-hivemq-controller-98] DEBUG c.h.p.o.h.HiveMQPlatformReconcilerErrorHandler - [helmaddi] Pod 'test-hivemq-platform-0' containerStatus 'hivemq' (started: false) (ready: false) (waiting: [PodInitializing] null)
2025-01-28 21:22:37,909 INFO c.h.h.t.HelmChartContainer - [hivemq-test-hivemq-platform] [hivemq-platform-operator] [6cdc4476] 21:22:37.908 [ReconcilerExecutor-hivemq-controller-98] INFO  c.h.p.o.h.HiveMQPlatformReconcilerBaseHandler - [helmaddi] HiveMQ Platform is starting, 0 of 1 replicas are ready
2025-01-28 21:22:38,011 INFO c.h.h.t.HelmChartContainer - [EVENT] Normal [Pulled] Container image "docker.io/hivemq/hivemq-platform-operator-init-test:snapshot" already present on machine [helmadditionalvolumesit:test-hivemq-platform-0]
2025-01-28 21:22:38,119 INFO c.h.h.t.HelmChartContainer - [EVENT] Normal [Created] Created container: hivemq-platform-operator-init [helmadditionalvolumesit:test-hivemq-platform-0]
2025-01-28 21:22:38,154 INFO c.h.h.t.HelmChartContainer - [EVENT] Normal [Started] Started container hivemq-platform-operator-init [helmadditionalvolumesit:test-hivemq-platform-0]
2025-01-28 21:22:38,528 INFO c.h.h.t.HelmChartContainer - [K3S] [status_manager.go:890] "Failed to get status for pod" podUID="7815c8c9-6a20-4cb4-89df-2bcfe11cc943" pod="kube-system/helper-pod-create-pvc-ac0e2afc-e0cc-422a-80ba-dc38cac75050" err="pods \"helper-pod-create-pvc-ac0e2afc-e0cc-422a-80ba-dc38cac75050\" is forbidden: User \"system:node:f817b6d4a319\" cannot get resource \"pods\" in API group \"\" in the namespace \"kube-system\": no relationship found between node 'f817b6d4a319' and this object"
2025-01-28 21:22:38,529 INFO c.h.h.t.HelmChartContainer - [K3S] [kubelet_volumes.go:163] "Cleaned up orphaned pod volumes dir" podUID="7815c8c9-6a20-4cb4-89df-2bcfe11cc943" path="/var/lib/kubelet/pods/7815c8c9-6a20-4cb4-89df-2bcfe11cc943/volumes"
2025-01-28 21:22:38,645 INFO c.h.h.t.HelmChartContainer - [K3S] [scope.go:117] "RemoveContainer" containerID="e9e5dbbc743e0afd071a416294d0f3b799ec61faab186c0cd5680e125fdc0578"
2025-01-28 21:22:39,140 INFO c.h.h.t.HelmChartContainer - [EVENT] Normal [Pulled] Container image "docker.io/hivemq/hivemq4:4.36.0" already present on machine [helmadditionalvolumesit:test-hivemq-platform-0]
2025-01-28 21:22:39,140 INFO c.h.h.t.HelmChartContainer - Received Pulled event for container hivemq in pod test-hivemq-platform-0 [42acf7c6-7224-4e5f-ab95-e22f8d78def0]
2025-01-28 21:22:39,152 INFO c.h.h.t.HelmChartContainer - [POD] test-hivemq-platform-0 [42acf7c6-7224-4e5f-ab95-e22f8d78def0] in helmadditionalvolumesit was MODIFIED
2025-01-28 21:22:39,175 INFO c.h.h.t.HelmChartContainer - [hivemq-test-hivemq-platform] [hivemq-platform-operator] [6cdc4476] 21:22:39.171 [pool-6-thread-6] DEBUG c.h.p.o.d.PlatformServiceResource - [helmaddi] Desired Platform services (3 services)
2025-01-28 21:22:39,178 INFO c.h.h.t.HelmChartContainer - [hivemq-test-hivemq-platform] [hivemq-platform-operator] [6cdc4476] 21:22:39.176 [pool-6-thread-2] DEBUG c.h.p.o.d.PodServiceAccountResource - [helmaddi] Desired PodServiceAccountResource (serviceAccountName: hivemq-platform-pod-test-hivemq-platform)
2025-01-28 21:22:39,182 INFO c.h.h.t.HelmChartContainer - [hivemq-test-hivemq-platform] [hivemq-platform-operator] [6cdc4476] 21:22:39.180 [pool-6-thread-3] DEBUG c.h.p.o.dependants.PodInfoConfigMap - [helmaddi] Desired PodInfo ConfigMap (1 extensions) (1 enabled)
2025-01-28 21:22:39,182 INFO c.h.h.t.HelmChartContainer - [hivemq-test-hivemq-platform] [hivemq-platform-operator] [6cdc4476] 21:22:39.180 [pool-6-thread-3] DEBUG c.h.p.o.dependants.PodInfoConfigMap - [helmaddi] Desired PodInfo ConfigMap (metrics port: 9399) (metrics path: /)
2025-01-28 21:22:39,182 INFO c.h.h.t.HelmChartContainer - [hivemq-test-hivemq-platform] [hivemq-platform-operator] [6cdc4476] 21:22:39.180 [pool-6-thread-3] DEBUG c.h.p.o.dependants.PodInfoConfigMap - [helmaddi] Desired PodInfo ConfigMap (extension state hash: -1817474005)
2025-01-28 21:22:39,258 INFO c.h.h.t.HelmChartContainer - [hivemq-test-hivemq-platform] [hivemq-platform-operator] [6cdc4476] 21:22:39.254 [pool-6-thread-6] DEBUG c.h.p.o.d.StatefulSetResource - [helmaddi] Desired StatefulSet (1 replicas) for status STARTING (READY)
2025-01-28 21:22:39,263 INFO c.h.h.t.HelmChartContainer - [hivemq-test-hivemq-platform] [hivemq-platform-operator] [6cdc4476] 21:22:39.260 [ReconcilerExecutor-hivemq-controller-109] INFO  c.h.p.o.HiveMQPlatformReconciler - [helmaddi] Reconciling HiveMQ Platform 'test-hivemq-platform' in namespace 'helmadditionalvolumesit'
2025-01-28 21:22:39,264 INFO c.h.h.t.HelmChartContainer - [hivemq-test-hivemq-platform] [hivemq-platform-operator] [6cdc4476] 21:22:39.260 [ReconcilerExecutor-hivemq-controller-109] DEBUG c.h.p.o.HiveMQPlatformReconciler - [helmaddi] Custom Resource Status STARTING - HiveMQ Platform is starting (READY)
2025-01-28 21:22:39,264 INFO c.h.h.t.HelmChartContainer - [hivemq-test-hivemq-platform] [hivemq-platform-operator] [6cdc4476] 21:22:39.260 [ReconcilerExecutor-hivemq-controller-109] DEBUG c.h.p.o.HiveMQPlatformReconciler - [helmaddi] Custom Resource Spec (replicas: 1) (extensions: 1)
2025-01-28 21:22:39,264 INFO c.h.h.t.HelmChartContainer - [hivemq-test-hivemq-platform] [hivemq-platform-operator] [6cdc4476] 21:22:39.262 [ReconcilerExecutor-hivemq-controller-109] DEBUG c.h.p.o.HiveMQPlatformReconciler - [helmaddi] StatefulSet Status (revision: test-hivemq-platform-5d4d897885, replicas: 1, available: 0, ready: 0, current: 1, updated: 1)
2025-01-28 21:22:39,264 INFO c.h.h.t.HelmChartContainer - [hivemq-test-hivemq-platform] [hivemq-platform-operator] [6cdc4476] 21:22:39.262 [ReconcilerExecutor-hivemq-controller-109] DEBUG c.h.p.o.HiveMQPlatformReconciler - [helmaddi] StatefulSet Spec (replicas: 1, init containers: 1, containers: 1, volumes: 7)
2025-01-28 21:22:39,266 INFO c.h.h.t.HelmChartContainer - [hivemq-test-hivemq-platform] [hivemq-platform-operator] [6cdc4476] 21:22:39.265 [ReconcilerExecutor-hivemq-controller-109] DEBUG c.h.p.o.h.HiveMQPlatformReconcilerErrorHandler - [helmaddi] Pod 'test-hivemq-platform-0' phase Pending
2025-01-28 21:22:39,267 INFO c.h.h.t.HelmChartContainer - [hivemq-test-hivemq-platform] [hivemq-platform-operator] [6cdc4476] 21:22:39.265 [ReconcilerExecutor-hivemq-controller-109] DEBUG c.h.p.o.h.HiveMQPlatformReconcilerErrorHandler - [helmaddi] Pod 'test-hivemq-platform-0' condition 'PodReadyToStartContainers': True
2025-01-28 21:22:39,268 INFO c.h.h.t.HelmChartContainer - [hivemq-test-hivemq-platform] [hivemq-platform-operator] [6cdc4476] 21:22:39.266 [ReconcilerExecutor-hivemq-controller-109] DEBUG c.h.p.o.h.HiveMQPlatformReconcilerErrorHandler - [helmaddi] Pod 'test-hivemq-platform-0' condition 'Initialized': True
2025-01-28 21:22:39,269 INFO c.h.h.t.HelmChartContainer - [hivemq-test-hivemq-platform] [hivemq-platform-operator] [6cdc4476] 21:22:39.266 [ReconcilerExecutor-hivemq-controller-109] DEBUG c.h.p.o.h.HiveMQPlatformReconcilerErrorHandler - [helmaddi] Pod 'test-hivemq-platform-0' condition 'Ready': False
2025-01-28 21:22:39,270 INFO c.h.h.t.HelmChartContainer - [hivemq-test-hivemq-platform] [hivemq-platform-operator] [6cdc4476] 21:22:39.266 [ReconcilerExecutor-hivemq-controller-109] DEBUG c.h.p.o.h.HiveMQPlatformReconcilerErrorHandler - [helmaddi] Pod 'test-hivemq-platform-0' condition 'ContainersReady': False
2025-01-28 21:22:39,270 INFO c.h.h.t.HelmChartContainer - [hivemq-test-hivemq-platform] [hivemq-platform-operator] [6cdc4476] 21:22:39.266 [ReconcilerExecutor-hivemq-controller-109] DEBUG c.h.p.o.h.HiveMQPlatformReconcilerErrorHandler - [helmaddi] Pod 'test-hivemq-platform-0' condition 'PodScheduled': True
2025-01-28 21:22:39,271 INFO c.h.h.t.HelmChartContainer - [hivemq-test-hivemq-platform] [hivemq-platform-operator] [6cdc4476] 21:22:39.266 [ReconcilerExecutor-hivemq-controller-109] DEBUG c.h.p.o.h.HiveMQPlatformReconcilerErrorHandler - [helmaddi] Pod 'test-hivemq-platform-0' containerStatus 'hivemq' (started: false) (ready: false) (waiting: [PodInitializing] null)
2025-01-28 21:22:39,271 INFO c.h.h.t.HelmChartContainer - [hivemq-test-hivemq-platform] [hivemq-platform-operator] [6cdc4476] 21:22:39.267 [ReconcilerExecutor-hivemq-controller-109] INFO  c.h.p.o.h.HiveMQPlatformReconcilerBaseHandler - [helmaddi] HiveMQ Platform is starting, 0 of 1 replicas are ready
2025-01-28 21:22:40,198 INFO c.h.h.t.HelmChartContainer - [EVENT] Normal [Created] Created container: hivemq [helmadditionalvolumesit:test-hivemq-platform-0]
2025-01-28 21:22:40,198 INFO c.h.h.t.HelmChartContainer - Received Created event for container hivemq in pod test-hivemq-platform-0 [42acf7c6-7224-4e5f-ab95-e22f8d78def0]
2025-01-28 21:22:41,163 INFO c.h.h.t.HelmChartContainer - [EVENT] Normal [Started] Started container hivemq [helmadditionalvolumesit:test-hivemq-platform-0]
2025-01-28 21:22:41,163 INFO c.h.h.t.HelmChartContainer - Received Started event for container hivemq in pod test-hivemq-platform-0 [42acf7c6-7224-4e5f-ab95-e22f8d78def0]
2025-01-28 21:22:41,164 INFO c.h.h.t.HelmChartContainer - Started log watcher for hivemq in pod test-hivemq-platform-0 [42acf7c6-7224-4e5f-ab95-e22f8d78def0]
2025-01-28 21:22:41,165 INFO c.h.h.t.HelmChartContainer - [test-hivemq-platform] [hivemq] [42acf7c6] Adding pre-installed HiveMQ Platform Operator extensions
2025-01-28 21:22:41,165 INFO c.h.h.t.HelmChartContainer - [test-hivemq-platform] [hivemq] [42acf7c6] Running as user 10000
2025-01-28 21:22:41,165 INFO c.h.h.t.HelmChartContainer - [test-hivemq-platform] [hivemq] [42acf7c6] Starting HiveMQ Platform Operator Init
2025-01-28 21:22:41,168 INFO c.h.h.t.HelmChartContainer - [hivemq-test-hivemq-platform] [hivemq-platform-operator] [6cdc4476] 21:22:41.166 [pool-6-thread-16] DEBUG c.h.p.o.d.PlatformServiceResource - [helmaddi] Desired Platform services (3 services)
2025-01-28 21:22:41,169 INFO c.h.h.t.HelmChartContainer - [POD] test-hivemq-platform-0 [42acf7c6-7224-4e5f-ab95-e22f8d78def0] in helmadditionalvolumesit was MODIFIED
2025-01-28 21:22:41,176 INFO c.h.h.t.HelmChartContainer - [hivemq-test-hivemq-platform] [hivemq-platform-operator] [6cdc4476] 21:22:41.170 [pool-6-thread-19] DEBUG c.h.p.o.d.PodServiceAccountResource - [helmaddi] Desired PodServiceAccountResource (serviceAccountName: hivemq-platform-pod-test-hivemq-platform)
2025-01-28 21:22:41,176 INFO c.h.h.t.HelmChartContainer - [hivemq-test-hivemq-platform] [hivemq-platform-operator] [6cdc4476] 21:22:41.171 [pool-6-thread-14] DEBUG c.h.p.o.dependants.PodInfoConfigMap - [helmaddi] Desired PodInfo ConfigMap (1 extensions) (1 enabled)
2025-01-28 21:22:41,177 INFO c.h.h.t.HelmChartContainer - [hivemq-test-hivemq-platform] [hivemq-platform-operator] [6cdc4476] 21:22:41.175 [pool-6-thread-14] DEBUG c.h.p.o.dependants.PodInfoConfigMap - [helmaddi] Desired PodInfo ConfigMap (metrics port: 9399) (metrics path: /)
2025-01-28 21:22:41,177 INFO c.h.h.t.HelmChartContainer - [hivemq-test-hivemq-platform] [hivemq-platform-operator] [6cdc4476] 21:22:41.175 [pool-6-thread-14] DEBUG c.h.p.o.dependants.PodInfoConfigMap - [helmaddi] Desired PodInfo ConfigMap (extension state hash: -1817474005)
2025-01-28 21:22:41,182 INFO c.h.h.t.HelmChartContainer - [hivemq-test-hivemq-platform] [hivemq-platform-operator] [6cdc4476] 21:22:41.180 [pool-6-thread-16] DEBUG c.h.p.o.d.StatefulSetResource - [helmaddi] Desired StatefulSet (1 replicas) for status STARTING (READY)
2025-01-28 21:22:41,258 INFO c.h.h.t.HelmChartContainer - [hivemq-test-hivemq-platform] [hivemq-platform-operator] [6cdc4476] 21:22:41.257 [ReconcilerExecutor-hivemq-controller-110] INFO  c.h.p.o.HiveMQPlatformReconciler - [helmaddi] Reconciling HiveMQ Platform 'test-hivemq-platform' in namespace 'helmadditionalvolumesit'
2025-01-28 21:22:41,258 INFO c.h.h.t.HelmChartContainer - [hivemq-test-hivemq-platform] [hivemq-platform-operator] [6cdc4476] 21:22:41.257 [ReconcilerExecutor-hivemq-controller-110] DEBUG c.h.p.o.HiveMQPlatformReconciler - [helmaddi] Custom Resource Status STARTING - HiveMQ Platform is starting (READY)
2025-01-28 21:22:41,259 INFO c.h.h.t.HelmChartContainer - [hivemq-test-hivemq-platform] [hivemq-platform-operator] [6cdc4476] 21:22:41.257 [ReconcilerExecutor-hivemq-controller-110] DEBUG c.h.p.o.HiveMQPlatformReconciler - [helmaddi] Custom Resource Spec (replicas: 1) (extensions: 1)
2025-01-28 21:22:41,261 INFO c.h.h.t.HelmChartContainer - [hivemq-test-hivemq-platform] [hivemq-platform-operator] [6cdc4476] 21:22:41.260 [ReconcilerExecutor-hivemq-controller-110] DEBUG c.h.p.o.HiveMQPlatformReconciler - [helmaddi] StatefulSet Status (revision: test-hivemq-platform-5d4d897885, replicas: 1, available: 0, ready: 0, current: 1, updated: 1)
2025-01-28 21:22:41,262 INFO c.h.h.t.HelmChartContainer - [hivemq-test-hivemq-platform] [hivemq-platform-operator] [6cdc4476] 21:22:41.260 [ReconcilerExecutor-hivemq-controller-110] DEBUG c.h.p.o.HiveMQPlatformReconciler - [helmaddi] StatefulSet Spec (replicas: 1, init containers: 1, containers: 1, volumes: 7)
2025-01-28 21:22:41,263 INFO c.h.h.t.HelmChartContainer - [hivemq-test-hivemq-platform] [hivemq-platform-operator] [6cdc4476] 21:22:41.263 [ReconcilerExecutor-hivemq-controller-110] DEBUG c.h.p.o.h.HiveMQPlatformReconcilerErrorHandler - [helmaddi] Pod 'test-hivemq-platform-0' phase Running
2025-01-28 21:22:41,264 INFO c.h.h.t.HelmChartContainer - [hivemq-test-hivemq-platform] [hivemq-platform-operator] [6cdc4476] 21:22:41.264 [ReconcilerExecutor-hivemq-controller-110] INFO  c.h.p.o.h.HiveMQPlatformReconcilerBaseHandler - [helmaddi] HiveMQ Platform is starting, 0 of 1 replicas are ready
2025-01-28 21:22:41,433 INFO c.h.h.t.HelmChartContainer - [test-hivemq-platform] [hivemq] [42acf7c6] INFO  - [HiveMQ Platform Operator Init 1.7.0-SNAPSHOT] HiveMQ Platform Operator Init 1.7.0-SNAPSHOT (commit: bebf408 on branch: HEAD) built on Sun Jan 26 20:47:47 UTC 2025
2025-01-28 21:22:42,546 INFO c.h.h.t.HelmChartContainer - [test-hivemq-platform] [hivemq] [42acf7c6] INFO  - [HiveMQ Platform Operator Init App 1.7.0-SNAPSHOT] Using bind address 10.42.0.16 from environment variable
2025-01-28 21:22:43,435 INFO c.h.h.t.HelmChartContainer - [test-hivemq-platform] [hivemq] [42acf7c6] INFO  - [HiveMQ Platform Operator Init App 1.7.0-SNAPSHOT] HiveMQ Platform Operator Init App 1.7.0-SNAPSHOT (commit: bebf408 on branch: HEAD) built on Sun Jan 26 20:47:47 UTC 2025
2025-01-28 21:22:43,435 INFO c.h.h.t.HelmChartContainer - [test-hivemq-platform] [hivemq] [42acf7c6] INFO  - [HiveMQ Platform Operator Init App 1.7.0-SNAPSHOT] PodInfo ConfigMap directory: /etc/podinfo
2025-01-28 21:22:43,435 INFO c.h.h.t.HelmChartContainer - [test-hivemq-platform] [hivemq] [42acf7c6] INFO  - [HiveMQ Platform Operator Init App 1.7.0-SNAPSHOT] HiveMQ home directory: /opt/hivemq
2025-01-28 21:22:43,435 INFO c.h.h.t.HelmChartContainer - [test-hivemq-platform] [hivemq] [42acf7c6] INFO  - [HiveMQ Platform Operator Init App 1.7.0-SNAPSHOT] HiveMQ Logback folder: /opt/hivemq/conf
2025-01-28 21:22:43,435 INFO c.h.h.t.HelmChartContainer - [test-hivemq-platform] [hivemq] [42acf7c6] INFO  - [HiveMQ Platform Operator Init App 1.7.0-SNAPSHOT] HiveMQ Config folder: /opt/hivemq/conf-k8s
2025-01-28 21:22:43,435 INFO c.h.h.t.HelmChartContainer - [test-hivemq-platform] [hivemq] [42acf7c6] INFO  - [HiveMQ Platform Operator Init App 1.7.0-SNAPSHOT] Starting HiveMQ Platform Operator Init App
2025-01-28 21:22:43,435 INFO c.h.h.t.HelmChartContainer - [test-hivemq-platform] [hivemq] [42acf7c6] INFO  - [HiveMQ Platform Operator Init App 1.7.0-SNAPSHOT] Starting Pod reconciler
2025-01-28 21:22:44,190 INFO c.h.h.t.HelmChartContainer - [EVENT] Warning [Unhealthy] Readiness probe failed: Get "http://10.42.0.16:7979/readiness": context deadline exceeded (Client.Timeout exceeded while awaiting headers) [helmadditionalvolumesit:test-hivemq-platform-0]
2025-01-28 21:22:44,190 INFO c.h.h.t.HelmChartContainer - Received Unhealthy event for container hivemq in pod test-hivemq-platform-0 [42acf7c6-7224-4e5f-ab95-e22f8d78def0]
2025-01-28 21:22:44,552 INFO c.h.h.t.HelmChartContainer - [test-hivemq-platform] [hivemq] [42acf7c6] INFO  - [HiveMQ Platform Operator Init App 1.7.0-SNAPSHOT] Pod reconciler is scheduled (interval: 5000 ms)
2025-01-28 21:22:44,553 INFO c.h.h.t.HelmChartContainer - [test-hivemq-platform] [hivemq] [42acf7c6] INFO  - [HiveMQ Platform Operator Init App 1.7.0-SNAPSHOT] Starting the REST API on 10.42.0.16:7979
2025-01-28 21:22:44,606 INFO c.h.h.t.HelmChartContainer - [test-hivemq-platform] [hivemq] [42acf7c6] INFO  - [HiveMQ Platform Operator Init App 1.7.0-SNAPSHOT] Waiting up to 600s for at most 1 HiveMQ nodes in cluster service hivemq-test-hivemq-platform-cluster.helmadditionalvolumesit.svc
2025-01-28 21:22:44,633 INFO c.h.h.t.HelmChartContainer - [test-hivemq-platform] [hivemq] [42acf7c6] INFO  - [HiveMQ Platform Operator Init App 1.7.0-SNAPSHOT] Returning default Health API response 503 for readiness
2025-01-28 21:22:45,240 INFO c.h.h.t.HelmChartContainer - [test-hivemq-platform] [hivemq] [42acf7c6] INFO  - [HiveMQ Platform Operator Init App 1.7.0-SNAPSHOT] Resolved 1 IP addresses: [10.42.0.16]
2025-01-28 21:22:45,240 INFO c.h.h.t.HelmChartContainer - [test-hivemq-platform] [hivemq] [42acf7c6] INFO  - [HiveMQ Platform Operator Init App 1.7.0-SNAPSHOT] HiveMQ node count of 1 is within threshold of 1
2025-01-28 21:22:45,240 INFO c.h.h.t.HelmChartContainer - [test-hivemq-platform] [hivemq] [42acf7c6] INFO  - [HiveMQ Platform Operator Init App 1.7.0-SNAPSHOT] Proceeding with container start
2025-01-28 21:22:45,334 INFO c.h.h.t.HelmChartContainer - [test-hivemq-platform] [hivemq] [42acf7c6] INFO  - [HiveMQ Platform Operator Init App 1.7.0-SNAPSHOT] Initializing HiveMQ Platform extensions with initial configuration: {hivemq-allow-all-extension={start-priority=-1, skip-https-hostname-verification=false, restart=true, config-version=0, header-version=0, c-uri=, priority=-1, uri=preinstalled, skip-https-certificate-validation=false, enabled=true}, hivemq-prometheus-extension={priority=-1, start-priority=-1, c-uri=, skip-https-hostname-verification=false, skip-https-certificate-validation=false, uri=preinstalled, request-header-path=no-request-headers, enabled=true, restart=true}}
2025-01-28 21:22:45,417 INFO c.h.h.t.HelmChartContainer - [K3S] [range_allocator.go:247] "Successfully synced" key="f817b6d4a319"
2025-01-28 21:22:45,748 INFO c.h.h.t.HelmChartContainer - [test-hivemq-platform] [hivemq] [42acf7c6] INFO  - [HiveMQ Platform Operator Init App 1.7.0-SNAPSHOT] Extension hivemq-allow-all-extension was already enabled
2025-01-28 21:22:45,836 INFO c.h.h.t.HelmChartContainer - [test-hivemq-platform] [hivemq] [42acf7c6] INFO  - [HiveMQ Platform Operator Init App 1.7.0-SNAPSHOT] Successfully enabled extension hivemq-prometheus-extension
2025-01-28 21:22:45,838 INFO c.h.h.t.HelmChartContainer - [test-hivemq-platform] [hivemq] [42acf7c6] INFO  - [HiveMQ Platform Operator Init App 1.7.0-SNAPSHOT] Starting HiveMQ Platform version 4.36.0 (4.36.0)
2025-01-28 21:22:45,845 INFO c.h.h.t.HelmChartContainer - [test-hivemq-platform] [hivemq] [42acf7c6] INFO  - [HiveMQ Platform Operator Init App 1.7.0-SNAPSHOT] Configuring the HiveMQ Platform
2025-01-28 21:22:45,909 INFO c.h.h.t.HelmChartContainer - [test-hivemq-platform] [hivemq] [42acf7c6] INFO  - [HiveMQ Platform Operator Init App 1.7.0-SNAPSHOT] Changed logback.xml file scan period to 20 seconds
2025-01-28 21:22:45,942 INFO c.h.h.t.HelmChartContainer - [test-hivemq-platform] [hivemq] [42acf7c6] INFO  - [HiveMQ Platform Operator Init App 1.7.0-SNAPSHOT] Starting the HiveMQ Platform
2025-01-28 21:22:46,028 INFO c.h.h.t.HelmChartContainer - [test-hivemq-platform] [hivemq] [42acf7c6] -------------------------------------------------------------------------
2025-01-28 21:22:46,028 INFO c.h.h.t.HelmChartContainer - [test-hivemq-platform] [hivemq] [42acf7c6] 
2025-01-28 21:22:46,028 INFO c.h.h.t.HelmChartContainer - [test-hivemq-platform] [hivemq] [42acf7c6]                   _    _  _              __  __   ____
2025-01-28 21:22:46,028 INFO c.h.h.t.HelmChartContainer - [test-hivemq-platform] [hivemq] [42acf7c6]                  | |  | |(_)            |  \/  | / __ \
2025-01-28 21:22:46,028 INFO c.h.h.t.HelmChartContainer - [test-hivemq-platform] [hivemq] [42acf7c6]                  | |__| | _ __   __ ___ | \  / || |  | |
2025-01-28 21:22:46,028 INFO c.h.h.t.HelmChartContainer - [test-hivemq-platform] [hivemq] [42acf7c6]                  |  __  || |\ \ / // _ \| |\/| || |  | |
2025-01-28 21:22:46,028 INFO c.h.h.t.HelmChartContainer - [test-hivemq-platform] [hivemq] [42acf7c6]                  | |  | || | \ V /|  __/| |  | || |__| |
2025-01-28 21:22:46,029 INFO c.h.h.t.HelmChartContainer - [test-hivemq-platform] [hivemq] [42acf7c6]                  |_|  |_||_|  \_/  \___||_|  |_| \___\_\
2025-01-28 21:22:46,029 INFO c.h.h.t.HelmChartContainer - [test-hivemq-platform] [hivemq] [42acf7c6] 
2025-01-28 21:22:46,029 INFO c.h.h.t.HelmChartContainer - [test-hivemq-platform] [hivemq] [42acf7c6] -------------------------------------------------------------------------
2025-01-28 21:22:46,029 INFO c.h.h.t.HelmChartContainer - [test-hivemq-platform] [hivemq] [42acf7c6] 
2025-01-28 21:22:46,029 INFO c.h.h.t.HelmChartContainer - [test-hivemq-platform] [hivemq] [42acf7c6]   HiveMQ Start Script for Linux/Unix v1.14
2025-01-28 21:22:46,029 INFO c.h.h.t.HelmChartContainer - [test-hivemq-platform] [hivemq] [42acf7c6] 
2025-01-28 21:22:46,056 INFO c.h.h.t.HelmChartContainer - [test-hivemq-platform] [hivemq] [42acf7c6] -------------------------------------------------------------------------
2025-01-28 21:22:46,056 INFO c.h.h.t.HelmChartContainer - [test-hivemq-platform] [hivemq] [42acf7c6] 
2025-01-28 21:22:46,056 INFO c.h.h.t.HelmChartContainer - [test-hivemq-platform] [hivemq] [42acf7c6]   HIVEMQ_HOME: /opt/hivemq
2025-01-28 21:22:46,056 INFO c.h.h.t.HelmChartContainer - [test-hivemq-platform] [hivemq] [42acf7c6] 
2025-01-28 21:22:46,056 INFO c.h.h.t.HelmChartContainer - [test-hivemq-platform] [hivemq] [42acf7c6]   JAVA_OPTS: -XX:+UnlockExperimentalVMOptions -XX:InitialRAMPercentage=50 -XX:MaxRAMPercentage=50 -Djava.net.preferIPv4Stack=true --add-opens java.base/java.lang=ALL-UNNAMED --add-opens java.base/java.nio=ALL-UNNAMED --add-opens java.base/sun.nio.ch=ALL-UNNAMED --add-opens jdk.management/com.sun.management.internal=ALL-UNNAMED --add-exports java.base/jdk.internal.misc=ALL-UNNAMED -Djava.security.egd=file:/dev/./urandom -Dcom.sun.management.jmxremote -Dcom.sun.management.jmxremote.port=9010 -Dcom.sun.management.jmxremote.local.only=false -Dcom.sun.management.jmxremote.authenticate=false -Dcom.sun.management.jmxremote.ssl=false -Duser.language=en -Duser.region=US -XX:+CrashOnOutOfMemoryError -XX:+HeapDumpOnOutOfMemoryError
2025-01-28 21:22:46,056 INFO c.h.h.t.HelmChartContainer - [test-hivemq-platform] [hivemq] [42acf7c6] 
2025-01-28 21:22:46,056 INFO c.h.h.t.HelmChartContainer - [test-hivemq-platform] [hivemq] [42acf7c6]   JAVA_VERSION: 21
2025-01-28 21:22:46,057 INFO c.h.h.t.HelmChartContainer - [test-hivemq-platform] [hivemq] [42acf7c6] 
2025-01-28 21:22:46,057 INFO c.h.h.t.HelmChartContainer - [test-hivemq-platform] [hivemq] [42acf7c6] -------------------------------------------------------------------------
2025-01-28 21:22:46,057 INFO c.h.h.t.HelmChartContainer - [test-hivemq-platform] [hivemq] [42acf7c6] 
2025-01-28 21:22:48,153 INFO c.h.h.t.HelmChartContainer - [EVENT] Warning [Unhealthy] Readiness probe failed: HTTP probe failed with statuscode: 503 [helmadditionalvolumesit:test-hivemq-platform-0]
2025-01-28 21:22:48,153 INFO c.h.h.t.HelmChartContainer - Received Unhealthy event for container hivemq in pod test-hivemq-platform-0 [42acf7c6-7224-4e5f-ab95-e22f8d78def0]
2025-01-28 21:22:48,446 INFO c.h.h.t.HelmChartContainer - [test-hivemq-platform] [hivemq] [42acf7c6] INFO  - Starting HiveMQ Enterprise Server
2025-01-28 21:22:48,508 INFO c.h.h.t.HelmChartContainer - [test-hivemq-platform] [hivemq] [42acf7c6] INFO  - HiveMQ version: 4.36.0
2025-01-28 21:22:48,508 INFO c.h.h.t.HelmChartContainer - [test-hivemq-platform] [hivemq] [42acf7c6] INFO  - HiveMQ home directory: /opt/hivemq
2025-01-28 21:22:48,508 INFO c.h.h.t.HelmChartContainer - [test-hivemq-platform] [hivemq] [42acf7c6] INFO  - Log Configuration was overridden by /opt/hivemq/conf/logback.xml
2025-01-28 21:22:49,935 INFO c.h.h.t.HelmChartContainer - [test-hivemq-platform] [hivemq] [42acf7c6] INFO  - Successfully loaded configuration from '/opt/hivemq/conf-k8s/config.xml'.
2025-01-28 21:22:50,738 INFO c.h.h.t.HelmChartContainer - [test-hivemq-platform] [hivemq] [42acf7c6] INFO  - This node's ID is clBdu
2025-01-28 21:22:50,738 INFO c.h.h.t.HelmChartContainer - [test-hivemq-platform] [hivemq] [42acf7c6] INFO  - Clustering is enabled
2025-01-28 21:22:51,271 INFO c.h.h.t.HelmChartContainer - [hivemq-test-hivemq-platform] [hivemq-platform-operator] [6cdc4476] 21:22:51.269 [pool-6-thread-27] DEBUG c.h.p.o.d.PlatformServiceResource - [helmaddi] Desired Platform services (3 services)
2025-01-28 21:22:51,273 INFO c.h.h.t.HelmChartContainer - [hivemq-test-hivemq-platform] [hivemq-platform-operator] [6cdc4476] 21:22:51.270 [pool-6-thread-22] DEBUG c.h.p.o.d.PodServiceAccountResource - [helmaddi] Desired PodServiceAccountResource (serviceAccountName: hivemq-platform-pod-test-hivemq-platform)
2025-01-28 21:22:51,273 INFO c.h.h.t.HelmChartContainer - [hivemq-test-hivemq-platform] [hivemq-platform-operator] [6cdc4476] 21:22:51.270 [pool-6-thread-26] DEBUG c.h.p.o.dependants.PodInfoConfigMap - [helmaddi] Desired PodInfo ConfigMap (1 extensions) (1 enabled)
2025-01-28 21:22:51,276 INFO c.h.h.t.HelmChartContainer - [hivemq-test-hivemq-platform] [hivemq-platform-operator] [6cdc4476] 21:22:51.272 [pool-6-thread-26] DEBUG c.h.p.o.dependants.PodInfoConfigMap - [helmaddi] Desired PodInfo ConfigMap (metrics port: 9399) (metrics path: /)
2025-01-28 21:22:51,276 INFO c.h.h.t.HelmChartContainer - [hivemq-test-hivemq-platform] [hivemq-platform-operator] [6cdc4476] 21:22:51.273 [pool-6-thread-26] DEBUG c.h.p.o.dependants.PodInfoConfigMap - [helmaddi] Desired PodInfo ConfigMap (extension state hash: -1817474005)
2025-01-28 21:22:51,280 INFO c.h.h.t.HelmChartContainer - [hivemq-test-hivemq-platform] [hivemq-platform-operator] [6cdc4476] 21:22:51.278 [pool-6-thread-27] DEBUG c.h.p.o.d.StatefulSetResource - [helmaddi] Desired StatefulSet (1 replicas) for status STARTING (READY)
2025-01-28 21:22:51,283 INFO c.h.h.t.HelmChartContainer - [hivemq-test-hivemq-platform] [hivemq-platform-operator] [6cdc4476] 21:22:51.283 [ReconcilerExecutor-hivemq-controller-111] INFO  c.h.p.o.HiveMQPlatformReconciler - [helmaddi] Reconciling HiveMQ Platform 'test-hivemq-platform' in namespace 'helmadditionalvolumesit'
2025-01-28 21:22:51,284 INFO c.h.h.t.HelmChartContainer - [hivemq-test-hivemq-platform] [hivemq-platform-operator] [6cdc4476] 21:22:51.283 [ReconcilerExecutor-hivemq-controller-111] DEBUG c.h.p.o.HiveMQPlatformReconciler - [helmaddi] Custom Resource Status STARTING - HiveMQ Platform is starting (READY)
2025-01-28 21:22:51,284 INFO c.h.h.t.HelmChartContainer - [hivemq-test-hivemq-platform] [hivemq-platform-operator] [6cdc4476] 21:22:51.283 [ReconcilerExecutor-hivemq-controller-111] DEBUG c.h.p.o.HiveMQPlatformReconciler - [helmaddi] Custom Resource Spec (replicas: 1) (extensions: 1)
2025-01-28 21:22:51,286 INFO c.h.h.t.HelmChartContainer - [hivemq-test-hivemq-platform] [hivemq-platform-operator] [6cdc4476] 21:22:51.285 [ReconcilerExecutor-hivemq-controller-111] DEBUG c.h.p.o.HiveMQPlatformReconciler - [helmaddi] StatefulSet Status (revision: test-hivemq-platform-5d4d897885, replicas: 1, available: 0, ready: 0, current: 1, updated: 1)
2025-01-28 21:22:51,286 INFO c.h.h.t.HelmChartContainer - [hivemq-test-hivemq-platform] [hivemq-platform-operator] [6cdc4476] 21:22:51.285 [ReconcilerExecutor-hivemq-controller-111] DEBUG c.h.p.o.HiveMQPlatformReconciler - [helmaddi] StatefulSet Spec (replicas: 1, init containers: 1, containers: 1, volumes: 7)
2025-01-28 21:22:51,354 INFO c.h.h.t.HelmChartContainer - [hivemq-test-hivemq-platform] [hivemq-platform-operator] [6cdc4476] 21:22:51.353 [ReconcilerExecutor-hivemq-controller-111] DEBUG c.h.p.o.h.HiveMQPlatformReconcilerErrorHandler - [helmaddi] Pod 'test-hivemq-platform-0' phase Running
2025-01-28 21:22:51,355 INFO c.h.h.t.HelmChartContainer - [hivemq-test-hivemq-platform] [hivemq-platform-operator] [6cdc4476] 21:22:51.354 [ReconcilerExecutor-hivemq-controller-111] INFO  c.h.p.o.h.HiveMQPlatformReconcilerBaseHandler - [helmaddi] HiveMQ Platform is starting, 0 of 1 replicas are ready
2025-01-28 21:22:53,734 INFO c.h.h.t.HelmChartContainer - [test-hivemq-platform] [hivemq] [42acf7c6] WARN  - [HiveMQ Platform Operator Init App 1.7.0-SNAPSHOT] Cannot connect to Health API for readiness: null
2025-01-28 21:22:53,739 INFO c.h.h.t.HelmChartContainer - [EVENT] Warning [Unhealthy] Readiness probe failed: HTTP probe failed with statuscode: 503 [helmadditionalvolumesit:test-hivemq-platform-0]
2025-01-28 21:22:53,739 INFO c.h.h.t.HelmChartContainer - Received Unhealthy event for container hivemq in pod test-hivemq-platform-0 [42acf7c6-7224-4e5f-ab95-e22f8d78def0]
2025-01-28 21:22:54,906 INFO c.h.h.t.HelmChartContainer - [test-hivemq-platform] [hivemq] [42acf7c6] Jan 28, 2025 9:22:54 PM io.vertx.core.impl.BlockedThreadChecker
2025-01-28 21:22:54,906 INFO c.h.h.t.HelmChartContainer - [test-hivemq-platform] [hivemq] [42acf7c6] WARNING: Thread Thread[vert.x-eventloop-thread-1,5,main] has been blocked for 2398 ms, time limit is 2000 ms
2025-01-28 21:22:55,529 INFO c.h.h.t.HelmChartContainer - [test-hivemq-platform] [hivemq] [42acf7c6] INFO  - [HiveMQ Platform Operator Init App 1.7.0-SNAPSHOT] Updating Pod HiveMQ Platform Operator Init App version annotation (version: 1.7.0-SNAPSHOT)
2025-01-28 21:22:56,446 INFO c.h.h.t.HelmChartContainer - [POD] test-hivemq-platform-0 [42acf7c6-7224-4e5f-ab95-e22f8d78def0] in helmadditionalvolumesit was MODIFIED
2025-01-28 21:22:56,449 INFO c.h.h.t.HelmChartContainer - [hivemq-test-hivemq-platform] [hivemq-platform-operator] [6cdc4476] 21:22:56.447 [pool-6-thread-34] DEBUG c.h.p.o.d.PlatformServiceResource - [helmaddi] Desired Platform services (3 services)
2025-01-28 21:22:56,452 INFO c.h.h.t.HelmChartContainer - [hivemq-test-hivemq-platform] [hivemq-platform-operator] [6cdc4476] 21:22:56.450 [pool-6-thread-36] DEBUG c.h.p.o.d.PodServiceAccountResource - [helmaddi] Desired PodServiceAccountResource (serviceAccountName: hivemq-platform-pod-test-hivemq-platform)
2025-01-28 21:22:56,456 INFO c.h.h.t.HelmChartContainer - [hivemq-test-hivemq-platform] [hivemq-platform-operator] [6cdc4476] 21:22:56.449 [pool-6-thread-32] DEBUG c.h.p.o.dependants.PodInfoConfigMap - [helmaddi] Desired PodInfo ConfigMap (1 extensions) (1 enabled)
2025-01-28 21:22:56,460 INFO c.h.h.t.HelmChartContainer - [test-hivemq-platform] [hivemq] [42acf7c6] WARN  - [HiveMQ Platform Operator Init App 1.7.0-SNAPSHOT] Cannot connect to Health API for readiness: null
2025-01-28 21:22:56,464 INFO c.h.h.t.HelmChartContainer - [hivemq-test-hivemq-platform] [hivemq-platform-operator] [6cdc4476] 21:22:56.463 [pool-6-thread-32] DEBUG c.h.p.o.dependants.PodInfoConfigMap - [helmaddi] Desired PodInfo ConfigMap (metrics port: 9399) (metrics path: /)
2025-01-28 21:22:56,464 INFO c.h.h.t.HelmChartContainer - [hivemq-test-hivemq-platform] [hivemq-platform-operator] [6cdc4476] 21:22:56.463 [pool-6-thread-32] DEBUG c.h.p.o.dependants.PodInfoConfigMap - [helmaddi] Desired PodInfo ConfigMap (extension state hash: -1817474005)
2025-01-28 21:22:56,467 INFO c.h.h.t.HelmChartContainer - [hivemq-test-hivemq-platform] [hivemq-platform-operator] [6cdc4476] 21:22:56.466 [pool-6-thread-34] DEBUG c.h.p.o.d.StatefulSetResource - [helmaddi] Desired StatefulSet (1 replicas) for status STARTING (READY)
2025-01-28 21:22:56,494 INFO c.h.h.t.HelmChartContainer - [hivemq-test-hivemq-platform] [hivemq-platform-operator] [6cdc4476] 21:22:56.492 [ReconcilerExecutor-hivemq-controller-112] INFO  c.h.p.o.HiveMQPlatformReconciler - [helmaddi] Reconciling HiveMQ Platform 'test-hivemq-platform' in namespace 'helmadditionalvolumesit'
2025-01-28 21:22:56,494 INFO c.h.h.t.HelmChartContainer - [hivemq-test-hivemq-platform] [hivemq-platform-operator] [6cdc4476] 21:22:56.492 [ReconcilerExecutor-hivemq-controller-112] DEBUG c.h.p.o.HiveMQPlatformReconciler - [helmaddi] Custom Resource Status STARTING - HiveMQ Platform is starting (READY)
2025-01-28 21:22:56,494 INFO c.h.h.t.HelmChartContainer - [hivemq-test-hivemq-platform] [hivemq-platform-operator] [6cdc4476] 21:22:56.493 [ReconcilerExecutor-hivemq-controller-112] DEBUG c.h.p.o.HiveMQPlatformReconciler - [helmaddi] Custom Resource Spec (replicas: 1) (extensions: 1)
2025-01-28 21:22:56,495 INFO c.h.h.t.HelmChartContainer - [hivemq-test-hivemq-platform] [hivemq-platform-operator] [6cdc4476] 21:22:56.494 [ReconcilerExecutor-hivemq-controller-112] DEBUG c.h.p.o.HiveMQPlatformReconciler - [helmaddi] StatefulSet Status (revision: test-hivemq-platform-5d4d897885, replicas: 1, available: 0, ready: 0, current: 1, updated: 1)
2025-01-28 21:22:56,496 INFO c.h.h.t.HelmChartContainer - [hivemq-test-hivemq-platform] [hivemq-platform-operator] [6cdc4476] 21:22:56.494 [ReconcilerExecutor-hivemq-controller-112] DEBUG c.h.p.o.HiveMQPlatformReconciler - [helmaddi] StatefulSet Spec (replicas: 1, init containers: 1, containers: 1, volumes: 7)
2025-01-28 21:22:56,497 INFO c.h.h.t.HelmChartContainer - [hivemq-test-hivemq-platform] [hivemq-platform-operator] [6cdc4476] 21:22:56.496 [ReconcilerExecutor-hivemq-controller-112] DEBUG c.h.p.o.h.HiveMQPlatformReconcilerErrorHandler - [helmaddi] Pod 'test-hivemq-platform-0' phase Running
2025-01-28 21:22:56,498 INFO c.h.h.t.HelmChartContainer - [hivemq-test-hivemq-platform] [hivemq-platform-operator] [6cdc4476] 21:22:56.497 [ReconcilerExecutor-hivemq-controller-112] INFO  c.h.p.o.h.HiveMQPlatformReconcilerBaseHandler - [helmaddi] HiveMQ Platform is starting, 0 of 1 replicas are ready
2025-01-28 21:22:56,509 INFO c.h.h.t.HelmChartContainer - [EVENT] Warning [Unhealthy] Readiness probe failed: HTTP probe failed with statuscode: 503 [helmadditionalvolumesit:test-hivemq-platform-0]
2025-01-28 21:22:56,509 INFO c.h.h.t.HelmChartContainer - Received Unhealthy event for container hivemq in pod test-hivemq-platform-0 [42acf7c6-7224-4e5f-ab95-e22f8d78def0]
2025-01-28 21:22:56,530 INFO c.h.h.t.HelmChartContainer - [test-hivemq-platform] [hivemq] [42acf7c6] INFO  - [HiveMQ Platform Operator Init App 1.7.0-SNAPSHOT] Successfully updated Pod HiveMQ Platform Operator Init App version annotation (version: 1.7.0-SNAPSHOT)
2025-01-28 21:23:01,445 INFO c.h.h.t.HelmChartContainer - [test-hivemq-platform] [hivemq] [42acf7c6] WARN  - [HiveMQ Platform Operator Init App 1.7.0-SNAPSHOT] Cannot connect to Health API for readiness: null
2025-01-28 21:23:01,449 INFO c.h.h.t.HelmChartContainer - [EVENT] Warning [Unhealthy] Readiness probe failed: HTTP probe failed with statuscode: 503 [helmadditionalvolumesit:test-hivemq-platform-0]
2025-01-28 21:23:01,449 INFO c.h.h.t.HelmChartContainer - Received Unhealthy event for container hivemq in pod test-hivemq-platform-0 [42acf7c6-7224-4e5f-ab95-e22f8d78def0]
2025-01-28 21:23:06,444 INFO c.h.h.t.HelmChartContainer - [test-hivemq-platform] [hivemq] [42acf7c6] WARN  - [HiveMQ Platform Operator Init App 1.7.0-SNAPSHOT] Cannot connect to Health API for readiness: null
2025-01-28 21:23:06,448 INFO c.h.h.t.HelmChartContainer - [EVENT] Warning [Unhealthy] Readiness probe failed: HTTP probe failed with statuscode: 503 [helmadditionalvolumesit:test-hivemq-platform-0]
2025-01-28 21:23:06,448 INFO c.h.h.t.HelmChartContainer - Received Unhealthy event for container hivemq in pod test-hivemq-platform-0 [42acf7c6-7224-4e5f-ab95-e22f8d78def0]
2025-01-28 21:23:06,505 INFO c.h.h.t.HelmChartContainer - [hivemq-test-hivemq-platform] [hivemq-platform-operator] [6cdc4476] 21:23:06.503 [pool-6-thread-47] DEBUG c.h.p.o.d.PlatformServiceResource - [helmaddi] Desired Platform services (3 services)
2025-01-28 21:23:06,506 INFO c.h.h.t.HelmChartContainer - [hivemq-test-hivemq-platform] [hivemq-platform-operator] [6cdc4476] 21:23:06.504 [pool-6-thread-42] DEBUG c.h.p.o.dependants.PodInfoConfigMap - [helmaddi] Desired PodInfo ConfigMap (1 extensions) (1 enabled)
2025-01-28 21:23:06,506 INFO c.h.h.t.HelmChartContainer - [hivemq-test-hivemq-platform] [hivemq-platform-operator] [6cdc4476] 21:23:06.505 [pool-6-thread-42] DEBUG c.h.p.o.dependants.PodInfoConfigMap - [helmaddi] Desired PodInfo ConfigMap (metrics port: 9399) (metrics path: /)
2025-01-28 21:23:06,506 INFO c.h.h.t.HelmChartContainer - [hivemq-test-hivemq-platform] [hivemq-platform-operator] [6cdc4476] 21:23:06.505 [pool-6-thread-42] DEBUG c.h.p.o.dependants.PodInfoConfigMap - [helmaddi] Desired PodInfo ConfigMap (extension state hash: -1817474005)
2025-01-28 21:23:06,508 INFO c.h.h.t.HelmChartContainer - [hivemq-test-hivemq-platform] [hivemq-platform-operator] [6cdc4476] 21:23:06.504 [pool-6-thread-44] DEBUG c.h.p.o.d.PodServiceAccountResource - [helmaddi] Desired PodServiceAccountResource (serviceAccountName: hivemq-platform-pod-test-hivemq-platform)
2025-01-28 21:23:06,514 INFO c.h.h.t.HelmChartContainer - [hivemq-test-hivemq-platform] [hivemq-platform-operator] [6cdc4476] 21:23:06.512 [pool-6-thread-47] DEBUG c.h.p.o.d.StatefulSetResource - [helmaddi] Desired StatefulSet (1 replicas) for status STARTING (READY)
2025-01-28 21:23:06,595 INFO c.h.h.t.HelmChartContainer - [hivemq-test-hivemq-platform] [hivemq-platform-operator] [6cdc4476] 21:23:06.593 [ReconcilerExecutor-hivemq-controller-113] INFO  c.h.p.o.HiveMQPlatformReconciler - [helmaddi] Reconciling HiveMQ Platform 'test-hivemq-platform' in namespace 'helmadditionalvolumesit'
2025-01-28 21:23:06,595 INFO c.h.h.t.HelmChartContainer - [hivemq-test-hivemq-platform] [hivemq-platform-operator] [6cdc4476] 21:23:06.594 [ReconcilerExecutor-hivemq-controller-113] DEBUG c.h.p.o.HiveMQPlatformReconciler - [helmaddi] Custom Resource Status STARTING - HiveMQ Platform is starting (READY)
2025-01-28 21:23:06,596 INFO c.h.h.t.HelmChartContainer - [hivemq-test-hivemq-platform] [hivemq-platform-operator] [6cdc4476] 21:23:06.594 [ReconcilerExecutor-hivemq-controller-113] DEBUG c.h.p.o.HiveMQPlatformReconciler - [helmaddi] Custom Resource Spec (replicas: 1) (extensions: 1)
2025-01-28 21:23:06,597 INFO c.h.h.t.HelmChartContainer - [hivemq-test-hivemq-platform] [hivemq-platform-operator] [6cdc4476] 21:23:06.596 [ReconcilerExecutor-hivemq-controller-113] DEBUG c.h.p.o.HiveMQPlatformReconciler - [helmaddi] StatefulSet Status (revision: test-hivemq-platform-5d4d897885, replicas: 1, available: 0, ready: 0, current: 1, updated: 1)
2025-01-28 21:23:06,597 INFO c.h.h.t.HelmChartContainer - [hivemq-test-hivemq-platform] [hivemq-platform-operator] [6cdc4476] 21:23:06.596 [ReconcilerExecutor-hivemq-controller-113] DEBUG c.h.p.o.HiveMQPlatformReconciler - [helmaddi] StatefulSet Spec (replicas: 1, init containers: 1, containers: 1, volumes: 7)
2025-01-28 21:23:06,599 INFO c.h.h.t.HelmChartContainer - [hivemq-test-hivemq-platform] [hivemq-platform-operator] [6cdc4476] 21:23:06.598 [ReconcilerExecutor-hivemq-controller-113] DEBUG c.h.p.o.h.HiveMQPlatformReconcilerErrorHandler - [helmaddi] Pod 'test-hivemq-platform-0' phase Running
2025-01-28 21:23:06,600 INFO c.h.h.t.HelmChartContainer - [hivemq-test-hivemq-platform] [hivemq-platform-operator] [6cdc4476] 21:23:06.599 [ReconcilerExecutor-hivemq-controller-113] INFO  c.h.p.o.h.HiveMQPlatformReconcilerBaseHandler - [helmaddi] HiveMQ Platform is starting, 0 of 1 replicas are ready
2025-01-28 21:23:07,161 INFO c.h.h.t.HelmChartContainer - [test-hivemq-platform] [hivemq] [42acf7c6] INFO  - No valid license file found. Using trial license, restricted to 25 connections.
2025-01-28 21:23:07,933 INFO c.h.h.t.HelmChartContainer - [test-hivemq-platform] [hivemq] [42acf7c6] WARN  - [HiveMQ Platform Operator Init App 1.7.0-SNAPSHOT] Cannot connect to Health API for liveness: null
2025-01-28 21:23:07,933 INFO c.h.h.t.HelmChartContainer - [test-hivemq-platform] [hivemq] [42acf7c6] INFO  - [HiveMQ Platform Operator Init App 1.7.0-SNAPSHOT] Returning default Health API response 200 for liveness
2025-01-28 21:23:11,528 INFO c.h.h.t.HelmChartContainer - [test-hivemq-platform] [hivemq] [42acf7c6] WARN  - [HiveMQ Platform Operator Init App 1.7.0-SNAPSHOT] Cannot connect to Health API for readiness: null
2025-01-28 21:23:11,535 INFO c.h.h.t.HelmChartContainer - [EVENT] Warning [Unhealthy] Readiness probe failed: HTTP probe failed with statuscode: 503 [helmadditionalvolumesit:test-hivemq-platform-0]
2025-01-28 21:23:11,535 INFO c.h.h.t.HelmChartContainer - Received Unhealthy event for container hivemq in pod test-hivemq-platform-0 [42acf7c6-7224-4e5f-ab95-e22f8d78def0]
2025-01-28 21:23:11,541 INFO c.h.h.t.HelmChartContainer - [test-hivemq-platform] [hivemq] [42acf7c6] INFO  - No valid license file for Data Hub found. Using free license, restricted to 1 policy.
2025-01-28 21:23:12,745 INFO c.h.h.t.HelmChartContainer - [test-hivemq-platform] [hivemq] [42acf7c6] INFO  - Audit Logger started.
2025-01-28 21:23:13,046 INFO c.h.h.t.HelmChartContainer - [test-hivemq-platform] [hivemq] [42acf7c6] INFO  - This node uses '1' CPU cores.
2025-01-28 21:23:13,052 INFO c.h.h.t.HelmChartContainer - [test-hivemq-platform] [hivemq] [42acf7c6] INFO  - Starting HiveMQ Health API on address 0.0.0.0 and port 8889
2025-01-28 21:23:13,837 INFO c.h.h.t.HelmChartContainer - [test-hivemq-platform] [hivemq] [42acf7c6] INFO  - Started HiveMQ Health API in 785ms
2025-01-28 21:23:14,340 INFO c.h.h.t.HelmChartContainer - [test-hivemq-platform] [hivemq] [42acf7c6] INFO  - Starting HiveMQ extension system.
2025-01-28 21:23:14,629 INFO c.h.h.t.HelmChartContainer - [test-hivemq-platform] [hivemq] [42acf7c6] INFO  - Starting extension with id "hivemq-dns-cluster-discovery" at /opt/hivemq/extensions/hivemq-dns-cluster-discovery
2025-01-28 21:23:15,106 INFO c.h.h.t.HelmChartContainer - [test-hivemq-platform] [hivemq] [42acf7c6] INFO  - Using TCP cluster transport on address 10.42.0.16 and port 7000
2025-01-28 21:23:15,129 INFO c.h.h.t.HelmChartContainer - [test-hivemq-platform] [hivemq] [42acf7c6] INFO  - Extension "DNS Cluster Discovery Extension" version 4.3.2 started successfully.
2025-01-28 21:23:15,130 INFO c.h.h.t.HelmChartContainer - [test-hivemq-platform] [hivemq] [42acf7c6] INFO  - Starting extension with id "hivemq-prometheus-extension" at /opt/hivemq/extensions/hivemq-prometheus-extension
2025-01-28 21:23:15,134 INFO c.h.h.t.HelmChartContainer - [test-hivemq-platform] [hivemq] [42acf7c6] INFO  - Using extension cluster discovery
2025-01-28 21:23:16,135 INFO c.h.h.t.HelmChartContainer - [test-hivemq-platform] [hivemq] [42acf7c6] INFO  - Started Jetty Server exposing Prometheus Servlet on URI http://0.0.0.0:9399/
2025-01-28 21:23:16,135 INFO c.h.h.t.HelmChartContainer - [test-hivemq-platform] [hivemq] [42acf7c6] INFO  - Extension "Prometheus Monitoring Extension" version 4.0.12 started successfully.
2025-01-28 21:23:16,136 INFO c.h.h.t.HelmChartContainer - [test-hivemq-platform] [hivemq] [42acf7c6] INFO  - Starting extension with id "hivemq-allow-all-extension" at /opt/hivemq/extensions/hivemq-allow-all-extension
2025-01-28 21:23:16,136 INFO c.h.h.t.HelmChartContainer - [test-hivemq-platform] [hivemq] [42acf7c6] WARN  - 
2025-01-28 21:23:16,136 INFO c.h.h.t.HelmChartContainer - [test-hivemq-platform] [hivemq] [42acf7c6] ################################################################################################################
2025-01-28 21:23:16,136 INFO c.h.h.t.HelmChartContainer - [test-hivemq-platform] [hivemq] [42acf7c6] # This HiveMQ deployment is not secure! You are lacking Authentication and Authorization.                      #
2025-01-28 21:23:16,136 INFO c.h.h.t.HelmChartContainer - [test-hivemq-platform] [hivemq] [42acf7c6] # Right now any MQTT client can connect to the broker with a full set of permissions.                          #
2025-01-28 21:23:16,136 INFO c.h.h.t.HelmChartContainer - [test-hivemq-platform] [hivemq] [42acf7c6] # For production usage, add an appropriate security extension and remove the hivemq-allow-all extension.       #
2025-01-28 21:23:16,136 INFO c.h.h.t.HelmChartContainer - [test-hivemq-platform] [hivemq] [42acf7c6] # You can download security extensions from the HiveMQ Marketplace (https://www.hivemq.com/extensions/).       #
2025-01-28 21:23:16,136 INFO c.h.h.t.HelmChartContainer - [test-hivemq-platform] [hivemq] [42acf7c6] ################################################################################################################
2025-01-28 21:23:16,136 INFO c.h.h.t.HelmChartContainer - [test-hivemq-platform] [hivemq] [42acf7c6] INFO  - Extension "Allow All Extension" version 1.1.1 started successfully.
2025-01-28 21:23:16,605 INFO c.h.h.t.HelmChartContainer - [hivemq-test-hivemq-platform] [hivemq-platform-operator] [6cdc4476] 21:23:16.603 [pool-6-thread-1] DEBUG c.h.p.o.d.PlatformServiceResource - [helmaddi] Desired Platform services (3 services)
2025-01-28 21:23:16,605 INFO c.h.h.t.HelmChartContainer - [hivemq-test-hivemq-platform] [hivemq-platform-operator] [6cdc4476] 21:23:16.603 [pool-6-thread-3] DEBUG c.h.p.o.dependants.PodInfoConfigMap - [helmaddi] Desired PodInfo ConfigMap (1 extensions) (1 enabled)
2025-01-28 21:23:16,605 INFO c.h.h.t.HelmChartContainer - [hivemq-test-hivemq-platform] [hivemq-platform-operator] [6cdc4476] 21:23:16.603 [pool-6-thread-3] DEBUG c.h.p.o.dependants.PodInfoConfigMap - [helmaddi] Desired PodInfo ConfigMap (metrics port: 9399) (metrics path: /)
2025-01-28 21:23:16,605 INFO c.h.h.t.HelmChartContainer - [hivemq-test-hivemq-platform] [hivemq-platform-operator] [6cdc4476] 21:23:16.604 [pool-6-thread-3] DEBUG c.h.p.o.dependants.PodInfoConfigMap - [helmaddi] Desired PodInfo ConfigMap (extension state hash: -1817474005)
2025-01-28 21:23:16,606 INFO c.h.h.t.HelmChartContainer - [hivemq-test-hivemq-platform] [hivemq-platform-operator] [6cdc4476] 21:23:16.604 [pool-6-thread-4] DEBUG c.h.p.o.d.PodServiceAccountResource - [helmaddi] Desired PodServiceAccountResource (serviceAccountName: hivemq-platform-pod-test-hivemq-platform)
2025-01-28 21:23:16,611 INFO c.h.h.t.HelmChartContainer - [hivemq-test-hivemq-platform] [hivemq-platform-operator] [6cdc4476] 21:23:16.610 [pool-6-thread-1] DEBUG c.h.p.o.d.StatefulSetResource - [helmaddi] Desired StatefulSet (1 replicas) for status STARTING (READY)
2025-01-28 21:23:16,615 INFO c.h.h.t.HelmChartContainer - [hivemq-test-hivemq-platform] [hivemq-platform-operator] [6cdc4476] 21:23:16.614 [ReconcilerExecutor-hivemq-controller-114] INFO  c.h.p.o.HiveMQPlatformReconciler - [helmaddi] Reconciling HiveMQ Platform 'test-hivemq-platform' in namespace 'helmadditionalvolumesit'
2025-01-28 21:23:16,616 INFO c.h.h.t.HelmChartContainer - [hivemq-test-hivemq-platform] [hivemq-platform-operator] [6cdc4476] 21:23:16.614 [ReconcilerExecutor-hivemq-controller-114] DEBUG c.h.p.o.HiveMQPlatformReconciler - [helmaddi] Custom Resource Status STARTING - HiveMQ Platform is starting (READY)
2025-01-28 21:23:16,616 INFO c.h.h.t.HelmChartContainer - [hivemq-test-hivemq-platform] [hivemq-platform-operator] [6cdc4476] 21:23:16.614 [ReconcilerExecutor-hivemq-controller-114] DEBUG c.h.p.o.HiveMQPlatformReconciler - [helmaddi] Custom Resource Spec (replicas: 1) (extensions: 1)
2025-01-28 21:23:16,617 INFO c.h.h.t.HelmChartContainer - [hivemq-test-hivemq-platform] [hivemq-platform-operator] [6cdc4476] 21:23:16.616 [ReconcilerExecutor-hivemq-controller-114] DEBUG c.h.p.o.HiveMQPlatformReconciler - [helmaddi] StatefulSet Status (revision: test-hivemq-platform-5d4d897885, replicas: 1, available: 0, ready: 0, current: 1, updated: 1)
2025-01-28 21:23:16,617 INFO c.h.h.t.HelmChartContainer - [hivemq-test-hivemq-platform] [hivemq-platform-operator] [6cdc4476] 21:23:16.616 [ReconcilerExecutor-hivemq-controller-114] DEBUG c.h.p.o.HiveMQPlatformReconciler - [helmaddi] StatefulSet Spec (replicas: 1, init containers: 1, containers: 1, volumes: 7)
2025-01-28 21:23:16,619 INFO c.h.h.t.HelmChartContainer - [hivemq-test-hivemq-platform] [hivemq-platform-operator] [6cdc4476] 21:23:16.617 [ReconcilerExecutor-hivemq-controller-114] DEBUG c.h.p.o.h.HiveMQPlatformReconcilerErrorHandler - [helmaddi] Pod 'test-hivemq-platform-0' phase Running
2025-01-28 21:23:16,619 INFO c.h.h.t.HelmChartContainer - [hivemq-test-hivemq-platform] [hivemq-platform-operator] [6cdc4476] 21:23:16.618 [ReconcilerExecutor-hivemq-controller-114] INFO  c.h.p.o.h.HiveMQPlatformReconcilerBaseHandler - [helmaddi] HiveMQ Platform is starting, 0 of 1 replicas are ready
2025-01-28 21:23:16,832 INFO c.h.h.t.HelmChartContainer - [test-hivemq-platform] [hivemq] [42acf7c6] INFO  - [HiveMQ Platform Operator Init App 1.7.0-SNAPSHOT] Returning Health API response 503 for readiness
2025-01-28 21:23:16,836 INFO c.h.h.t.HelmChartContainer - [EVENT] Warning [Unhealthy] Readiness probe failed: HTTP probe failed with statuscode: 503 [helmadditionalvolumesit:test-hivemq-platform-0]
2025-01-28 21:23:16,836 INFO c.h.h.t.HelmChartContainer - Received Unhealthy event for container hivemq in pod test-hivemq-platform-0 [42acf7c6-7224-4e5f-ab95-e22f8d78def0]
2025-01-28 21:23:18,029 INFO c.h.h.t.HelmChartContainer - [test-hivemq-platform] [hivemq] [42acf7c6] INFO  - clBdu: no members discovered after 2397 ms: creating cluster as first member
2025-01-28 21:23:18,035 INFO c.h.h.t.HelmChartContainer - [test-hivemq-platform] [hivemq] [42acf7c6] INFO  - Cluster nodes found by discovery: [clBdu|0] (1) [clBdu].
2025-01-28 21:23:18,135 INFO c.h.h.t.HelmChartContainer - [test-hivemq-platform] [hivemq] [42acf7c6] WARN  - No user for HiveMQ Control Center configured. Starting with default user
2025-01-28 21:23:18,136 INFO c.h.h.t.HelmChartContainer - [test-hivemq-platform] [hivemq] [42acf7c6] INFO  - Starting HiveMQ Control Center on address 0.0.0.0 and port 8080
2025-01-28 21:23:18,141 INFO c.h.h.t.HelmChartContainer - [test-hivemq-platform] [hivemq] [42acf7c6] INFO  - Mounting HiveMQ Control Center V2 Preview
2025-01-28 21:23:18,741 INFO c.h.h.t.HelmChartContainer - [test-hivemq-platform] [hivemq] [42acf7c6] INFO  - Started HiveMQ Control Center in 606ms
2025-01-28 21:23:18,831 INFO c.h.h.t.HelmChartContainer - [test-hivemq-platform] [hivemq] [42acf7c6] INFO  - Starting TCP listener on address 0.0.0.0 and port 1883
2025-01-28 21:23:18,846 INFO c.h.h.t.HelmChartContainer - [test-hivemq-platform] [hivemq] [42acf7c6] INFO  - Started TCP Listener on address 0.0.0.0 and on port 1883.
2025-01-28 21:23:18,847 INFO c.h.h.t.HelmChartContainer - [test-hivemq-platform] [hivemq] [42acf7c6] INFO  - Started HiveMQ in 30706ms
2025-01-28 21:23:21,446 INFO c.h.h.t.HelmChartContainer - [test-hivemq-platform] [hivemq] [42acf7c6] INFO  - [HiveMQ Platform Operator Init App 1.7.0-SNAPSHOT] Returning Health API response 200 for readiness
2025-01-28 21:23:21,458 INFO c.h.h.t.HelmChartContainer - [POD] test-hivemq-platform-0 [42acf7c6-7224-4e5f-ab95-e22f8d78def0] in helmadditionalvolumesit was MODIFIED
2025-01-28 21:23:21,467 INFO c.h.h.t.HelmChartContainer - [hivemq-test-hivemq-platform] [hivemq-platform-operator] [6cdc4476] 21:23:21.461 [pool-6-thread-15] DEBUG c.h.p.o.d.PlatformServiceResource - [helmaddi] Desired Platform services (3 services)
2025-01-28 21:23:21,467 INFO c.h.h.t.HelmChartContainer - [hivemq-test-hivemq-platform] [hivemq-platform-operator] [6cdc4476] 21:23:21.464 [pool-6-thread-18] DEBUG c.h.p.o.dependants.PodInfoConfigMap - [helmaddi] Desired PodInfo ConfigMap (1 extensions) (1 enabled)
2025-01-28 21:23:21,467 INFO c.h.h.t.HelmChartContainer - [hivemq-test-hivemq-platform] [hivemq-platform-operator] [6cdc4476] 21:23:21.464 [pool-6-thread-18] DEBUG c.h.p.o.dependants.PodInfoConfigMap - [helmaddi] Desired PodInfo ConfigMap (metrics port: 9399) (metrics path: /)
2025-01-28 21:23:21,467 INFO c.h.h.t.HelmChartContainer - [hivemq-test-hivemq-platform] [hivemq-platform-operator] [6cdc4476] 21:23:21.464 [pool-6-thread-18] DEBUG c.h.p.o.dependants.PodInfoConfigMap - [helmaddi] Desired PodInfo ConfigMap (extension state hash: -1817474005)
2025-01-28 21:23:21,472 INFO c.h.h.t.HelmChartContainer - [hivemq-test-hivemq-platform] [hivemq-platform-operator] [6cdc4476] 21:23:21.465 [pool-6-thread-12] DEBUG c.h.p.o.d.PodServiceAccountResource - [helmaddi] Desired PodServiceAccountResource (serviceAccountName: hivemq-platform-pod-test-hivemq-platform)
2025-01-28 21:23:21,480 INFO c.h.h.t.HelmChartContainer - [hivemq-test-hivemq-platform] [hivemq-platform-operator] [6cdc4476] 21:23:21.477 [pool-6-thread-11] DEBUG c.h.p.o.d.StatefulSetResource - [helmaddi] Desired StatefulSet (1 replicas) for status STARTING (READY)
2025-01-28 21:23:21,492 INFO c.h.h.t.HelmChartContainer - [hivemq-test-hivemq-platform] [hivemq-platform-operator] [6cdc4476] 21:23:21.491 [ReconcilerExecutor-hivemq-controller-115] INFO  c.h.p.o.HiveMQPlatformReconciler - [helmaddi] Reconciling HiveMQ Platform 'test-hivemq-platform' in namespace 'helmadditionalvolumesit'
2025-01-28 21:23:21,492 INFO c.h.h.t.HelmChartContainer - [hivemq-test-hivemq-platform] [hivemq-platform-operator] [6cdc4476] 21:23:21.491 [ReconcilerExecutor-hivemq-controller-115] DEBUG c.h.p.o.HiveMQPlatformReconciler - [helmaddi] Custom Resource Status STARTING - HiveMQ Platform is starting (READY)
2025-01-28 21:23:21,492 INFO c.h.h.t.HelmChartContainer - [hivemq-test-hivemq-platform] [hivemq-platform-operator] [6cdc4476] 21:23:21.491 [ReconcilerExecutor-hivemq-controller-115] DEBUG c.h.p.o.HiveMQPlatformReconciler - [helmaddi] Custom Resource Spec (replicas: 1) (extensions: 1)
2025-01-28 21:23:21,554 INFO c.h.h.t.HelmChartContainer - [hivemq-test-hivemq-platform] [hivemq-platform-operator] [6cdc4476] 21:23:21.553 [ReconcilerExecutor-hivemq-controller-115] DEBUG c.h.p.o.HiveMQPlatformReconciler - [helmaddi] StatefulSet Status (revision: test-hivemq-platform-5d4d897885, replicas: 1, available: 1, ready: 1, current: 1, updated: 1)
2025-01-28 21:23:21,554 INFO c.h.h.t.HelmChartContainer - [hivemq-test-hivemq-platform] [hivemq-platform-operator] [6cdc4476] 21:23:21.553 [ReconcilerExecutor-hivemq-controller-115] DEBUG c.h.p.o.HiveMQPlatformReconciler - [helmaddi] StatefulSet Spec (replicas: 1, init containers: 1, containers: 1, volumes: 7)
2025-01-28 21:23:21,555 INFO c.h.h.t.HelmChartContainer - [hivemq-test-hivemq-platform] [hivemq-platform-operator] [6cdc4476] 21:23:21.555 [ReconcilerExecutor-hivemq-controller-115] DEBUG c.h.p.o.h.HiveMQPlatformReconcilerErrorHandler - [helmaddi] Pod 'test-hivemq-platform-0' phase Running
2025-01-28 21:23:21,557 INFO c.h.h.t.HelmChartContainer - [hivemq-test-hivemq-platform] [hivemq-platform-operator] [6cdc4476] 21:23:21.556 [ReconcilerExecutor-hivemq-controller-115] INFO  c.h.p.o.h.HiveMQPlatformReconcilerBaseHandler - [helmaddi] HiveMQ Platform started successfully
2025-01-28 21:23:21,576 INFO c.h.h.t.HelmChartContainer - [hivemq-test-hivemq-platform] [hivemq-platform-operator] [6cdc4476] 21:23:21.575 [ReconcilerExecutor-hivemq-controller-115] DEBUG c.h.p.operator.event.EventSender - [helmaddi] Creating K8s event hivemq-platform-ready: [Ready] HiveMQ Platform is ready
2025-01-28 21:23:21,657 INFO c.h.h.t.HelmChartContainer - [EVENT] Normal [Ready] HiveMQ Platform is ready [helmadditionalvolumesit:test-hivemq-platform]
2025-01-28 21:23:21,658 INFO c.h.h.t.HelmChartContainer - [hivemq-test-hivemq-platform] [hivemq-platform-operator] [6cdc4476] 21:23:21.657 [ReconcilerExecutor-hivemq-controller-115] INFO  c.h.p.o.h.AbstractHiveMQReconcilerStateHandler - [helmaddi] Update HiveMQ Platform Status (STARTING [READY] -> RUNNING [READY]): HiveMQ Platform is ready
2025-01-28 21:23:21,666 DEBUG com.hivemq.helmcharts.util.K8sUtil - Comparing actual state 'RUNNING' and waiting for 'RUNNING'
2025-01-28 21:23:21,677 INFO c.h.h.t.HelmChartContainer - [hivemq-test-hivemq-platform] [hivemq-platform-operator] [6cdc4476] 21:23:21.674 [pool-6-thread-29] DEBUG c.h.p.o.dependants.PodInfoConfigMap - [helmaddi] Desired PodInfo ConfigMap (1 extensions) (1 enabled)
2025-01-28 21:23:21,677 INFO c.h.h.t.HelmChartContainer - [hivemq-test-hivemq-platform] [hivemq-platform-operator] [6cdc4476] 21:23:21.674 [pool-6-thread-29] DEBUG c.h.p.o.dependants.PodInfoConfigMap - [helmaddi] Desired PodInfo ConfigMap (metrics port: 9399) (metrics path: /)
2025-01-28 21:23:21,677 INFO c.h.h.t.HelmChartContainer - [hivemq-test-hivemq-platform] [hivemq-platform-operator] [6cdc4476] 21:23:21.674 [pool-6-thread-29] DEBUG c.h.p.o.dependants.PodInfoConfigMap - [helmaddi] Desired PodInfo ConfigMap (extension state hash: -1817474005)
2025-01-28 21:23:21,677 INFO c.h.h.t.HelmChartContainer - [hivemq-test-hivemq-platform] [hivemq-platform-operator] [6cdc4476] 21:23:21.674 [pool-6-thread-28] DEBUG c.h.p.o.d.PodServiceAccountResource - [helmaddi] Desired PodServiceAccountResource (serviceAccountName: hivemq-platform-pod-test-hivemq-platform)
2025-01-28 21:23:21,677 INFO c.h.h.t.HelmChartContainer - [hivemq-test-hivemq-platform] [hivemq-platform-operator] [6cdc4476] 21:23:21.675 [pool-6-thread-29] DEBUG c.h.p.o.dependants.PodInfoConfigMap - [helmaddi] Update PodInfo ConfigMap
2025-01-28 21:23:21,756 INFO c.h.h.t.HelmChartContainer - [hivemq-test-hivemq-platform] [hivemq-platform-operator] [6cdc4476] 21:23:21.674 [pool-6-thread-21] DEBUG c.h.p.o.d.PlatformServiceResource - [helmaddi] Desired Platform services (3 services)
2025-01-28 21:23:21,761 INFO c.h.h.t.HelmChartContainer - [hivemq-test-hivemq-platform] [hivemq-platform-operator] [6cdc4476] 21:23:21.760 [pool-6-thread-21] DEBUG c.h.p.o.d.StatefulSetResource - [helmaddi] Desired StatefulSet (1 replicas) for status RUNNING (READY)
2025-01-28 21:23:21,767 INFO c.h.h.t.HelmChartContainer - [hivemq-test-hivemq-platform] [hivemq-platform-operator] [6cdc4476] 21:23:21.764 [ReconcilerExecutor-hivemq-controller-116] INFO  c.h.p.o.HiveMQPlatformReconciler - [helmaddi] Reconciling HiveMQ Platform 'test-hivemq-platform' in namespace 'helmadditionalvolumesit'
2025-01-28 21:23:21,767 INFO c.h.h.t.HelmChartContainer - [hivemq-test-hivemq-platform] [hivemq-platform-operator] [6cdc4476] 21:23:21.764 [ReconcilerExecutor-hivemq-controller-116] DEBUG c.h.p.o.HiveMQPlatformReconciler - [helmaddi] Custom Resource Status RUNNING - HiveMQ Platform is ready (READY)
2025-01-28 21:23:21,767 INFO c.h.h.t.HelmChartContainer - [hivemq-test-hivemq-platform] [hivemq-platform-operator] [6cdc4476] 21:23:21.764 [ReconcilerExecutor-hivemq-controller-116] DEBUG c.h.p.o.HiveMQPlatformReconciler - [helmaddi] Custom Resource Spec (replicas: 1) (extensions: 1)
2025-01-28 21:23:21,767 INFO c.h.h.t.HelmChartContainer - [hivemq-test-hivemq-platform] [hivemq-platform-operator] [6cdc4476] 21:23:21.765 [ReconcilerExecutor-hivemq-controller-116] DEBUG c.h.p.o.HiveMQPlatformReconciler - [helmaddi] StatefulSet Status (revision: test-hivemq-platform-5d4d897885, replicas: 1, available: 1, ready: 1, current: 1, updated: 1)
2025-01-28 21:23:21,767 INFO c.h.h.t.HelmChartContainer - [hivemq-test-hivemq-platform] [hivemq-platform-operator] [6cdc4476] 21:23:21.765 [ReconcilerExecutor-hivemq-controller-116] DEBUG c.h.p.o.HiveMQPlatformReconciler - [helmaddi] StatefulSet Spec (replicas: 1, init containers: 1, containers: 1, volumes: 7)
2025-01-28 21:23:21,792 INFO c.h.h.t.HelmChartContainer - [hivemq-test-hivemq-platform] [hivemq-platform-operator] [6cdc4476] 21:23:21.791 [ReconcilerExecutor-hivemq-controller-116] DEBUG c.h.p.o.h.HiveMQPlatformReconcilerErrorHandler - [helmaddi] Pod 'test-hivemq-platform-0' phase Running
2025-01-28 21:23:23,701 INFO c.h.h.t.HelmChartContainer - Uninstalling release 'test-hivemq-platform' in namespace 'helmadditionalvolumesit'...
2025-01-28 21:23:23,701 DEBUG c.h.h.t.HelmChartContainer - Executing helm command: /bin/helm --kubeconfig /etc/rancher/k3s/k3s.yaml uninstall test-hivemq-platform  --wait --timeout 5m0s --cascade foreground --namespace helmadditionalvolumesit
2025-01-28 21:23:23,894 INFO c.h.h.t.HelmChartContainer - [hivemq-test-hivemq-platform] [hivemq-platform-operator] [6cdc4476] 21:23:23.893 [pool-6-thread-37] DEBUG c.h.p.o.d.PlatformServiceResource - [helmaddi] Desired Platform services (3 services)
2025-01-28 21:23:23,907 INFO c.h.h.t.HelmChartContainer - [hivemq-test-hivemq-platform] [hivemq-platform-operator] [6cdc4476] 21:23:23.897 [pool-6-thread-38] DEBUG c.h.p.o.dependants.PodInfoConfigMap - [helmaddi] Desired PodInfo ConfigMap (1 extensions) (1 enabled)
2025-01-28 21:23:23,907 INFO c.h.h.t.HelmChartContainer - [hivemq-test-hivemq-platform] [hivemq-platform-operator] [6cdc4476] 21:23:23.899 [pool-6-thread-38] DEBUG c.h.p.o.dependants.PodInfoConfigMap - [helmaddi] Desired PodInfo ConfigMap (metrics port: 9399) (metrics path: /)
2025-01-28 21:23:23,907 INFO c.h.h.t.HelmChartContainer - [hivemq-test-hivemq-platform] [hivemq-platform-operator] [6cdc4476] 21:23:23.900 [pool-6-thread-35] DEBUG c.h.p.o.d.PodServiceAccountResource - [helmaddi] Desired PodServiceAccountResource (serviceAccountName: hivemq-platform-pod-test-hivemq-platform)
2025-01-28 21:23:23,907 INFO c.h.h.t.HelmChartContainer - [hivemq-test-hivemq-platform] [hivemq-platform-operator] [6cdc4476] 21:23:23.900 [pool-6-thread-38] DEBUG c.h.p.o.dependants.PodInfoConfigMap - [helmaddi] Desired PodInfo ConfigMap (extension state hash: -1817474005)
2025-01-28 21:23:23,960 INFO c.h.h.t.HelmChartContainer - [hivemq-test-hivemq-platform] [hivemq-platform-operator] [6cdc4476] 21:23:23.959 [pool-6-thread-37] DEBUG c.h.p.o.d.StatefulSetResource - [helmaddi] Desired StatefulSet (1 replicas) for status RUNNING (READY)
2025-01-28 21:23:24,060 INFO c.h.h.t.HelmChartContainer - [hivemq-test-hivemq-platform] [hivemq-platform-operator] [6cdc4476] 21:23:24.058 [pool-6-thread-37] DEBUG c.h.p.o.d.StatefulSetResource - [helmaddi] Update StatefulSet (replicas: 1 -> 1)
2025-01-28 21:23:24,061 INFO c.h.h.t.HelmChartContainer - [hivemq-test-hivemq-platform] [hivemq-platform-operator] [6cdc4476] 21:23:24.060 [pool-6-thread-37] DEBUG c.h.p.o.d.StatefulSetResource - [helmaddi] Detected change in StatefulSet specification (path: /template/metadata/annotations/kubernetes-resource-versions) (actual value: {broker-configuration-v2=-2089688360}) (target value: {broker-configuration-v2=0})
2025-01-28 21:23:24,061 INFO c.h.h.t.HelmChartContainer - [hivemq-test-hivemq-platform] [hivemq-platform-operator] [6cdc4476] 21:23:24.060 [pool-6-thread-37] INFO  c.h.p.o.d.StatefulSetResource - [helmaddi] StatefulSet spec was updated, triggering rolling restart
2025-01-28 21:23:24,161 INFO c.h.h.t.HelmChartContainer - [hivemq-test-hivemq-platform] [hivemq-platform-operator] [6cdc4476] 21:23:24.160 [ReconcilerExecutor-hivemq-controller-117] INFO  c.h.p.o.HiveMQPlatformReconciler - [helmaddi] Reconciling HiveMQ Platform 'test-hivemq-platform' in namespace 'helmadditionalvolumesit'
2025-01-28 21:23:24,162 INFO c.h.h.t.HelmChartContainer - [hivemq-test-hivemq-platform] [hivemq-platform-operator] [6cdc4476] 21:23:24.160 [ReconcilerExecutor-hivemq-controller-117] DEBUG c.h.p.o.HiveMQPlatformReconciler - [helmaddi] Custom Resource Status RUNNING - HiveMQ Platform is ready (READY) (reconciliation requests: REQUESTS_UPDATED, ROLLING_RESTART)
2025-01-28 21:23:24,162 INFO c.h.h.t.HelmChartContainer - [hivemq-test-hivemq-platform] [hivemq-platform-operator] [6cdc4476] 21:23:24.160 [ReconcilerExecutor-hivemq-controller-117] DEBUG c.h.p.o.HiveMQPlatformReconciler - [helmaddi] Custom Resource Spec (replicas: 1) (extensions: 1)
2025-01-28 21:23:24,162 INFO c.h.h.t.HelmChartContainer - [hivemq-test-hivemq-platform] [hivemq-platform-operator] [6cdc4476] 21:23:24.161 [ReconcilerExecutor-hivemq-controller-117] WARN  c.h.p.o.h.HiveMQPlatformReconcilerErrorHandler - [helmaddi] Could not find ConfigMap 'hivemq-configuration-test-hivemq-platform' for HiveMQ Platform configuration
2025-01-28 21:23:24,261 INFO c.h.h.t.HelmChartContainer - [hivemq-test-hivemq-platform] [hivemq-platform-operator] [6cdc4476] 21:23:24.259 [ReconcilerExecutor-hivemq-controller-117] DEBUG c.h.p.operator.event.EventSender - [helmaddi] Creating K8s event hivemq-platform-invalid-configuration: [Start] Could not find ConfigMap 'hivemq-configuration-test-hivemq-platform' for HiveMQ Platform configuration
2025-01-28 21:23:24,264 INFO c.h.h.t.HelmChartContainer - [EVENT] Warning [Start] Could not find ConfigMap 'hivemq-configuration-test-hivemq-platform' for HiveMQ Platform configuration [helmadditionalvolumesit:test-hivemq-platform]
2025-01-28 21:23:24,268 INFO c.h.h.t.HelmChartContainer - [hivemq-test-hivemq-platform] [hivemq-platform-operator] [6cdc4476] 21:23:24.266 [ReconcilerExecutor-hivemq-controller-117] INFO  c.h.p.o.h.AbstractHiveMQReconcilerStateHandler - [helmaddi] Update HiveMQ Platform Status (RUNNING [READY] -> ERROR [INVALID_CONFIG_MAP]): Could not find ConfigMap 'hivemq-configuration-test-hivemq-platform' for HiveMQ Platform configuration (reconciliation requests: ROLLING_RESTART)
2025-01-28 21:23:24,294 INFO c.h.h.t.HelmChartContainer - [hivemq-test-hivemq-platform] [hivemq-platform-operator] [6cdc4476] 21:23:24.275 [ReconcilerExecutor-hivemq-controller-117] ERROR i.j.o.p.event.EventProcessor - Error during event processing ExecutionScope{ resource id: ResourceID{name='test-hivemq-platform', namespace='helmadditionalvolumesit'}, version: 1529}
2025-01-28 21:23:24,294 INFO c.h.h.t.HelmChartContainer - [hivemq-test-hivemq-platform] [hivemq-platform-operator] [6cdc4476] io.fabric8.kubernetes.client.KubernetesClientException: Failure executing: PUT at: https://10.43.0.1:443/apis/hivemq.com/v1/namespaces/helmadditionalvolumesit/hivemq-platforms/test-hivemq-platform/status. Message: Operation cannot be fulfilled on hivemq-platforms.hivemq.com "test-hivemq-platform": the object has been modified; please apply your changes to the latest version and try again. Received status: Status(apiVersion=v1, code=409, details=StatusDetails(causes=[], group=hivemq.com, kind=hivemq-platforms, name=test-hivemq-platform, retryAfterSeconds=null, uid=null, additionalProperties={}), kind=Status, message=Operation cannot be fulfilled on hivemq-platforms.hivemq.com "test-hivemq-platform": the object has been modified; please apply your changes to the latest version and try again, metadata=ListMeta(_continue=null, remainingItemCount=null, resourceVersion=null, selfLink=null, additionalProperties={}), reason=Conflict, status=Failure, additionalProperties={}).
2025-01-28 21:23:24,294 INFO c.h.h.t.HelmChartContainer - [hivemq-test-hivemq-platform] [hivemq-platform-operator] [6cdc4476] 	at io.fabric8.kubernetes.client.KubernetesClientException.copyAsCause(KubernetesClientException.java:238)
2025-01-28 21:23:24,294 INFO c.h.h.t.HelmChartContainer - [hivemq-test-hivemq-platform] [hivemq-platform-operator] [6cdc4476] 	at io.fabric8.kubernetes.client.dsl.internal.OperationSupport.waitForResult(OperationSupport.java:507)
2025-01-28 21:23:24,294 INFO c.h.h.t.HelmChartContainer - [hivemq-test-hivemq-platform] [hivemq-platform-operator] [6cdc4476] 	at io.fabric8.kubernetes.client.dsl.internal.OperationSupport.handleResponse(OperationSupport.java:524)
2025-01-28 21:23:24,294 INFO c.h.h.t.HelmChartContainer - [hivemq-test-hivemq-platform] [hivemq-platform-operator] [6cdc4476] 	at io.fabric8.kubernetes.client.dsl.internal.OperationSupport.handleUpdate(OperationSupport.java:358)
2025-01-28 21:23:24,294 INFO c.h.h.t.HelmChartContainer - [hivemq-test-hivemq-platform] [hivemq-platform-operator] [6cdc4476] 	at io.fabric8.kubernetes.client.dsl.internal.BaseOperation.handleUpdate(BaseOperation.java:759)
2025-01-28 21:23:24,294 INFO c.h.h.t.HelmChartContainer - [hivemq-test-hivemq-platform] [hivemq-platform-operator] [6cdc4476] 	at io.fabric8.kubernetes.client.dsl.internal.HasMetadataOperation.update(HasMetadataOperation.java:138)
2025-01-28 21:23:24,294 INFO c.h.h.t.HelmChartContainer - [hivemq-test-hivemq-platform] [hivemq-platform-operator] [6cdc4476] 	at io.fabric8.kubernetes.client.dsl.internal.HasMetadataOperation.update(HasMetadataOperation.java:121)
2025-01-28 21:23:24,294 INFO c.h.h.t.HelmChartContainer - [hivemq-test-hivemq-platform] [hivemq-platform-operator] [6cdc4476] 	at io.fabric8.kubernetes.client.dsl.internal.HasMetadataOperation.updateStatus(HasMetadataOperation.java:126)
2025-01-28 21:23:24,294 INFO c.h.h.t.HelmChartContainer - [hivemq-test-hivemq-platform] [hivemq-platform-operator] [6cdc4476] 	at io.fabric8.kubernetes.client.dsl.internal.HasMetadataOperation.updateStatus(HasMetadataOperation.java:44)
2025-01-28 21:23:24,294 INFO c.h.h.t.HelmChartContainer - [hivemq-test-hivemq-platform] [hivemq-platform-operator] [6cdc4476] 	at io.javaoperatorsdk.operator.processing.event.ReconciliationDispatcher$CustomResourceFacade.updateStatus(ReconciliationDispatcher.java:408)
2025-01-28 21:23:24,294 INFO c.h.h.t.HelmChartContainer - [hivemq-test-hivemq-platform] [hivemq-platform-operator] [6cdc4476] 	at io.javaoperatorsdk.operator.processing.event.ReconciliationDispatcher.updateStatusGenerationAware(ReconciliationDispatcher.java:228)
2025-01-28 21:23:24,295 INFO c.h.h.t.HelmChartContainer - [hivemq-test-hivemq-platform] [hivemq-platform-operator] [6cdc4476] 	at io.javaoperatorsdk.operator.processing.event.ReconciliationDispatcher.reconcileExecution(ReconciliationDispatcher.java:150)
2025-01-28 21:23:24,295 INFO c.h.h.t.HelmChartContainer - [hivemq-test-hivemq-platform] [hivemq-platform-operator] [6cdc4476] 	at io.javaoperatorsdk.operator.processing.event.ReconciliationDispatcher.handleReconcile(ReconciliationDispatcher.java:117)
2025-01-28 21:23:24,295 INFO c.h.h.t.HelmChartContainer - [hivemq-test-hivemq-platform] [hivemq-platform-operator] [6cdc4476] 	at io.javaoperatorsdk.operator.processing.event.ReconciliationDispatcher.handleDispatch(ReconciliationDispatcher.java:91)
2025-01-28 21:23:24,295 INFO c.h.h.t.HelmChartContainer - [hivemq-test-hivemq-platform] [hivemq-platform-operator] [6cdc4476] 	at io.javaoperatorsdk.operator.processing.event.ReconciliationDispatcher.handleExecution(ReconciliationDispatcher.java:64)
2025-01-28 21:23:24,295 INFO c.h.h.t.HelmChartContainer - [hivemq-test-hivemq-platform] [hivemq-platform-operator] [6cdc4476] 	at io.javaoperatorsdk.operator.processing.event.EventProcessor$ReconcilerExecutor.run(EventProcessor.java:452)
2025-01-28 21:23:24,295 INFO c.h.h.t.HelmChartContainer - [hivemq-test-hivemq-platform] [hivemq-platform-operator] [6cdc4476] 	at java.base/java.util.concurrent.ThreadPoolExecutor.runWorker(Unknown Source)
2025-01-28 21:23:24,295 INFO c.h.h.t.HelmChartContainer - [hivemq-test-hivemq-platform] [hivemq-platform-operator] [6cdc4476] 	at java.base/java.util.concurrent.ThreadPoolExecutor$Worker.run(Unknown Source)
2025-01-28 21:23:24,295 INFO c.h.h.t.HelmChartContainer - [hivemq-test-hivemq-platform] [hivemq-platform-operator] [6cdc4476] 	at java.base/java.lang.Thread.run(Unknown Source)
2025-01-28 21:23:24,295 INFO c.h.h.t.HelmChartContainer - [hivemq-test-hivemq-platform] [hivemq-platform-operator] [6cdc4476] Caused by: io.fabric8.kubernetes.client.KubernetesClientException: Failure executing: PUT at: https://10.43.0.1:443/apis/hivemq.com/v1/namespaces/helmadditionalvolumesit/hivemq-platforms/test-hivemq-platform/status. Message: Operation cannot be fulfilled on hivemq-platforms.hivemq.com "test-hivemq-platform": the object has been modified; please apply your changes to the latest version and try again. Received status: Status(apiVersion=v1, code=409, details=StatusDetails(causes=[], group=hivemq.com, kind=hivemq-platforms, name=test-hivemq-platform, retryAfterSeconds=null, uid=null, additionalProperties={}), kind=Status, message=Operation cannot be fulfilled on hivemq-platforms.hivemq.com "test-hivemq-platform": the object has been modified; please apply your changes to the latest version and try again, metadata=ListMeta(_continue=null, remainingItemCount=null, resourceVersion=null, selfLink=null, additionalProperties={}), reason=Conflict, status=Failure, additionalProperties={}).
2025-01-28 21:23:24,295 INFO c.h.h.t.HelmChartContainer - [hivemq-test-hivemq-platform] [hivemq-platform-operator] [6cdc4476] 	at io.fabric8.kubernetes.client.dsl.internal.OperationSupport.requestFailure(OperationSupport.java:660)
2025-01-28 21:23:24,295 INFO c.h.h.t.HelmChartContainer - [hivemq-test-hivemq-platform] [hivemq-platform-operator] [6cdc4476] 	at io.fabric8.kubernetes.client.dsl.internal.OperationSupport.requestFailure(OperationSupport.java:640)
2025-01-28 21:23:24,295 INFO c.h.h.t.HelmChartContainer - [hivemq-test-hivemq-platform] [hivemq-platform-operator] [6cdc4476] 	at io.fabric8.kubernetes.client.dsl.internal.OperationSupport.assertResponseCode(OperationSupport.java:589)
2025-01-28 21:23:24,295 INFO c.h.h.t.HelmChartContainer - [hivemq-test-hivemq-platform] [hivemq-platform-operator] [6cdc4476] 	at io.fabric8.kubernetes.client.dsl.internal.OperationSupport.lambda$handleResponse$0(OperationSupport.java:549)
2025-01-28 21:23:24,295 INFO c.h.h.t.HelmChartContainer - [hivemq-test-hivemq-platform] [hivemq-platform-operator] [6cdc4476] 	at java.base/java.util.concurrent.CompletableFuture$UniApply.tryFire(Unknown Source)
2025-01-28 21:23:24,295 INFO c.h.h.t.HelmChartContainer - [hivemq-test-hivemq-platform] [hivemq-platform-operator] [6cdc4476] 	at java.base/java.util.concurrent.CompletableFuture.postComplete(Unknown Source)
2025-01-28 21:23:24,295 INFO c.h.h.t.HelmChartContainer - [hivemq-test-hivemq-platform] [hivemq-platform-operator] [6cdc4476] 	at java.base/java.util.concurrent.CompletableFuture.complete(Unknown Source)
2025-01-28 21:23:24,295 INFO c.h.h.t.HelmChartContainer - [hivemq-test-hivemq-platform] [hivemq-platform-operator] [6cdc4476] 	at io.fabric8.kubernetes.client.http.StandardHttpClient.lambda$completeOrCancel$10(StandardHttpClient.java:141)
2025-01-28 21:23:24,295 INFO c.h.h.t.HelmChartContainer - [hivemq-test-hivemq-platform] [hivemq-platform-operator] [6cdc4476] 	at java.base/java.util.concurrent.CompletableFuture.uniWhenComplete(Unknown Source)
2025-01-28 21:23:24,295 INFO c.h.h.t.HelmChartContainer - [hivemq-test-hivemq-platform] [hivemq-platform-operator] [6cdc4476] 	at java.base/java.util.concurrent.CompletableFuture$UniWhenComplete.tryFire(Unknown Source)
2025-01-28 21:23:24,295 INFO c.h.h.t.HelmChartContainer - [hivemq-test-hivemq-platform] [hivemq-platform-operator] [6cdc4476] 	at java.base/java.util.concurrent.CompletableFuture.postComplete(Unknown Source)
2025-01-28 21:23:24,295 INFO c.h.h.t.HelmChartContainer - [hivemq-test-hivemq-platform] [hivemq-platform-operator] [6cdc4476] 	at java.base/java.util.concurrent.CompletableFuture.complete(Unknown Source)
2025-01-28 21:23:24,295 INFO c.h.h.t.HelmChartContainer - [hivemq-test-hivemq-platform] [hivemq-platform-operator] [6cdc4476] 	at io.fabric8.kubernetes.client.http.ByteArrayBodyHandler.onBodyDone(ByteArrayBodyHandler.java:51)
2025-01-28 21:23:24,295 INFO c.h.h.t.HelmChartContainer - [hivemq-test-hivemq-platform] [hivemq-platform-operator] [6cdc4476] 	at java.base/java.util.concurrent.CompletableFuture.uniWhenComplete(Unknown Source)
2025-01-28 21:23:24,295 INFO c.h.h.t.HelmChartContainer - [hivemq-test-hivemq-platform] [hivemq-platform-operator] [6cdc4476] 	at java.base/java.util.concurrent.CompletableFuture$UniWhenComplete.tryFire(Unknown Source)
2025-01-28 21:23:24,295 INFO c.h.h.t.HelmChartContainer - [hivemq-test-hivemq-platform] [hivemq-platform-operator] [6cdc4476] 	at java.base/java.util.concurrent.CompletableFuture.postComplete(Unknown Source)
2025-01-28 21:23:24,295 INFO c.h.h.t.HelmChartContainer - [hivemq-test-hivemq-platform] [hivemq-platform-operator] [6cdc4476] 	at java.base/java.util.concurrent.CompletableFuture.complete(Unknown Source)
2025-01-28 21:23:24,295 INFO c.h.h.t.HelmChartContainer - [hivemq-test-hivemq-platform] [hivemq-platform-operator] [6cdc4476] 	at io.fabric8.kubernetes.client.vertx.VertxHttpRequest.lambda$null$1(VertxHttpRequest.java:121)
2025-01-28 21:23:24,295 INFO c.h.h.t.HelmChartContainer - [hivemq-test-hivemq-platform] [hivemq-platform-operator] [6cdc4476] 	at io.vertx.core.impl.ContextInternal.dispatch(ContextInternal.java:279)
2025-01-28 21:23:24,295 INFO c.h.h.t.HelmChartContainer - [hivemq-test-hivemq-platform] [hivemq-platform-operator] [6cdc4476] 	at io.vertx.core.impl.ContextInternal.dispatch(ContextInternal.java:261)
2025-01-28 21:23:24,295 INFO c.h.h.t.HelmChartContainer - [hivemq-test-hivemq-platform] [hivemq-platform-operator] [6cdc4476] 	at io.vertx.core.http.impl.HttpEventHandler.handleEnd(HttpEventHandler.java:76)
2025-01-28 21:23:24,295 INFO c.h.h.t.HelmChartContainer - [hivemq-test-hivemq-platform] [hivemq-platform-operator] [6cdc4476] 	at io.vertx.core.http.impl.HttpClientResponseImpl.handleEnd(HttpClientResponseImpl.java:250)
2025-01-28 21:23:24,295 INFO c.h.h.t.HelmChartContainer - [hivemq-test-hivemq-platform] [hivemq-platform-operator] [6cdc4476] 	at io.vertx.core.http.impl.Http1xClientConnection$StreamImpl.lambda$new$0(Http1xClientConnection.java:421)
2025-01-28 21:23:24,295 INFO c.h.h.t.HelmChartContainer - [hivemq-test-hivemq-platform] [hivemq-platform-operator] [6cdc4476] 	at io.vertx.core.streams.impl.InboundBuffer.handleEvent(InboundBuffer.java:279)
2025-01-28 21:23:24,295 INFO c.h.h.t.HelmChartContainer - [hivemq-test-hivemq-platform] [hivemq-platform-operator] [6cdc4476] 	at io.vertx.core.streams.impl.InboundBuffer.write(InboundBuffer.java:157)
2025-01-28 21:23:24,295 INFO c.h.h.t.HelmChartContainer - [hivemq-test-hivemq-platform] [hivemq-platform-operator] [6cdc4476] 	at io.vertx.core.http.impl.Http1xClientConnection$StreamImpl.handleEnd(Http1xClientConnection.java:709)
2025-01-28 21:23:24,295 INFO c.h.h.t.HelmChartContainer - [hivemq-test-hivemq-platform] [hivemq-platform-operator] [6cdc4476] 	at io.vertx.core.impl.ContextImpl.execute(ContextImpl.java:313)
2025-01-28 21:23:24,295 INFO c.h.h.t.HelmChartContainer - [hivemq-test-hivemq-platform] [hivemq-platform-operator] [6cdc4476] 	at io.vertx.core.impl.ContextImpl.execute(ContextImpl.java:293)
2025-01-28 21:23:24,295 INFO c.h.h.t.HelmChartContainer - [hivemq-test-hivemq-platform] [hivemq-platform-operator] [6cdc4476] 	at io.vertx.core.http.impl.Http1xClientConnection.handleResponseEnd(Http1xClientConnection.java:940)
2025-01-28 21:23:24,299 INFO c.h.h.t.HelmChartContainer - [hivemq-test-hivemq-platform] [hivemq-platform-operator] [6cdc4476] 	at io.vertx.core.http.impl.Http1xClientConnection.handleHttpMessage(Http1xClientConnection.java:810)
2025-01-28 21:23:24,299 INFO c.h.h.t.HelmChartContainer - [hivemq-test-hivemq-platform] [hivemq-platform-operator] [6cdc4476] 	at io.vertx.core.http.impl.Http1xClientConnection.handleMessage(Http1xClientConnection.java:774)
2025-01-28 21:23:24,299 INFO c.h.h.t.HelmChartContainer - [hivemq-test-hivemq-platform] [hivemq-platform-operator] [6cdc4476] 	at io.vertx.core.net.impl.ConnectionBase.read(ConnectionBase.java:159)
2025-01-28 21:23:24,299 INFO c.h.h.t.HelmChartContainer - [hivemq-test-hivemq-platform] [hivemq-platform-operator] [6cdc4476] 	at io.vertx.core.net.impl.VertxHandler.channelRead(VertxHandler.java:153)
2025-01-28 21:23:24,299 INFO c.h.h.t.HelmChartContainer - [hivemq-test-hivemq-platform] [hivemq-platform-operator] [6cdc4476] 	at io.netty.channel.AbstractChannelHandlerContext.invokeChannelRead(AbstractChannelHandlerContext.java:442)
2025-01-28 21:23:24,299 INFO c.h.h.t.HelmChartContainer - [hivemq-test-hivemq-platform] [hivemq-platform-operator] [6cdc4476] 	at io.netty.channel.AbstractChannelHandlerContext.invokeChannelRead(AbstractChannelHandlerContext.java:420)
2025-01-28 21:23:24,299 INFO c.h.h.t.HelmChartContainer - [hivemq-test-hivemq-platform] [hivemq-platform-operator] [6cdc4476] 	at io.netty.channel.AbstractChannelHandlerContext.fireChannelRead(AbstractChannelHandlerContext.java:412)
2025-01-28 21:23:24,299 INFO c.h.h.t.HelmChartContainer - [hivemq-test-hivemq-platform] [hivemq-platform-operator] [6cdc4476] 	at io.netty.channel.CombinedChannelDuplexHandler$DelegatingChannelHandlerContext.fireChannelRead(CombinedChannelDuplexHandler.java:436)
2025-01-28 21:23:24,299 INFO c.h.h.t.HelmChartContainer - [hivemq-test-hivemq-platform] [hivemq-platform-operator] [6cdc4476] 	at io.netty.handler.codec.ByteToMessageDecoder.fireChannelRead(ByteToMessageDecoder.java:346)
2025-01-28 21:23:24,299 INFO c.h.h.t.HelmChartContainer - [hivemq-test-hivemq-platform] [hivemq-platform-operator] [6cdc4476] 	at io.netty.handler.codec.ByteToMessageDecoder.channelRead(ByteToMessageDecoder.java:318)
2025-01-28 21:23:24,299 INFO c.h.h.t.HelmChartContainer - [hivemq-test-hivemq-platform] [hivemq-platform-operator] [6cdc4476] 	at io.netty.channel.CombinedChannelDuplexHandler.channelRead(CombinedChannelDuplexHandler.java:251)
2025-01-28 21:23:24,299 INFO c.h.h.t.HelmChartContainer - [hivemq-test-hivemq-platform] [hivemq-platform-operator] [6cdc4476] 	at io.netty.channel.AbstractChannelHandlerContext.invokeChannelRead(AbstractChannelHandlerContext.java:442)
2025-01-28 21:23:24,299 INFO c.h.h.t.HelmChartContainer - [hivemq-test-hivemq-platform] [hivemq-platform-operator] [6cdc4476] 	at io.netty.channel.AbstractChannelHandlerContext.invokeChannelRead(AbstractChannelHandlerContext.java:420)
2025-01-28 21:23:24,299 INFO c.h.h.t.HelmChartContainer - [hivemq-test-hivemq-platform] [hivemq-platform-operator] [6cdc4476] 	at io.netty.channel.AbstractChannelHandlerContext.fireChannelRead(AbstractChannelHandlerContext.java:412)
2025-01-28 21:23:24,299 INFO c.h.h.t.HelmChartContainer - [hivemq-test-hivemq-platform] [hivemq-platform-operator] [6cdc4476] 	at io.netty.handler.ssl.SslHandler.unwrap(SslHandler.java:1475)
2025-01-28 21:23:24,299 INFO c.h.h.t.HelmChartContainer - [hivemq-test-hivemq-platform] [hivemq-platform-operator] [6cdc4476] 	at io.netty.handler.ssl.SslHandler.decodeJdkCompatible(SslHandler.java:1338)
2025-01-28 21:23:24,299 INFO c.h.h.t.HelmChartContainer - [hivemq-test-hivemq-platform] [hivemq-platform-operator] [6cdc4476] 	at io.netty.handler.ssl.SslHandler.decode(SslHandler.java:1387)
2025-01-28 21:23:24,299 INFO c.h.h.t.HelmChartContainer - [hivemq-test-hivemq-platform] [hivemq-platform-operator] [6cdc4476] 	at io.netty.handler.codec.ByteToMessageDecoder.decodeRemovalReentryProtection(ByteToMessageDecoder.java:530)
2025-01-28 21:23:24,299 INFO c.h.h.t.HelmChartContainer - [hivemq-test-hivemq-platform] [hivemq-platform-operator] [6cdc4476] 	at io.netty.handler.codec.ByteToMessageDecoder.callDecode(ByteToMessageDecoder.java:469)
2025-01-28 21:23:24,299 INFO c.h.h.t.HelmChartContainer - [hivemq-test-hivemq-platform] [hivemq-platform-operator] [6cdc4476] 	at io.netty.handler.codec.ByteToMessageDecoder.channelRead(ByteToMessageDecoder.java:290)
2025-01-28 21:23:24,299 INFO c.h.h.t.HelmChartContainer - [hivemq-test-hivemq-platform] [hivemq-platform-operator] [6cdc4476] 	at io.netty.channel.AbstractChannelHandlerContext.invokeChannelRead(AbstractChannelHandlerContext.java:444)
2025-01-28 21:23:24,299 INFO c.h.h.t.HelmChartContainer - [hivemq-test-hivemq-platform] [hivemq-platform-operator] [6cdc4476] 	at io.netty.channel.AbstractChannelHandlerContext.invokeChannelRead(AbstractChannelHandlerContext.java:420)
2025-01-28 21:23:24,299 INFO c.h.h.t.HelmChartContainer - [hivemq-test-hivemq-platform] [hivemq-platform-operator] [6cdc4476] 	at io.netty.channel.AbstractChannelHandlerContext.fireChannelRead(AbstractChannelHandlerContext.java:412)
2025-01-28 21:23:24,299 INFO c.h.h.t.HelmChartContainer - [hivemq-test-hivemq-platform] [hivemq-platform-operator] [6cdc4476] 	at io.netty.channel.DefaultChannelPipeline$HeadContext.channelRead(DefaultChannelPipeline.java:1407)
2025-01-28 21:23:24,299 INFO c.h.h.t.HelmChartContainer - [hivemq-test-hivemq-platform] [hivemq-platform-operator] [6cdc4476] 	at io.netty.channel.AbstractChannelHandlerContext.invokeChannelRead(AbstractChannelHandlerContext.java:440)
2025-01-28 21:23:24,299 INFO c.h.h.t.HelmChartContainer - [hivemq-test-hivemq-platform] [hivemq-platform-operator] [6cdc4476] 	at io.netty.channel.AbstractChannelHandlerContext.invokeChannelRead(AbstractChannelHandlerContext.java:420)
2025-01-28 21:23:24,299 INFO c.h.h.t.HelmChartContainer - [hivemq-test-hivemq-platform] [hivemq-platform-operator] [6cdc4476] 	at io.netty.channel.DefaultChannelPipeline.fireChannelRead(DefaultChannelPipeline.java:918)
2025-01-28 21:23:24,299 INFO c.h.h.t.HelmChartContainer - [hivemq-test-hivemq-platform] [hivemq-platform-operator] [6cdc4476] 	at io.netty.channel.nio.AbstractNioByteChannel$NioByteUnsafe.read(AbstractNioByteChannel.java:166)
2025-01-28 21:23:24,299 INFO c.h.h.t.HelmChartContainer - [hivemq-test-hivemq-platform] [hivemq-platform-operator] [6cdc4476] 	at io.netty.channel.nio.NioEventLoop.processSelectedKey(NioEventLoop.java:788)
2025-01-28 21:23:24,299 INFO c.h.h.t.HelmChartContainer - [hivemq-test-hivemq-platform] [hivemq-platform-operator] [6cdc4476] 	at io.netty.channel.nio.NioEventLoop.processSelectedKeysOptimized(NioEventLoop.java:724)
2025-01-28 21:23:24,299 INFO c.h.h.t.HelmChartContainer - [hivemq-test-hivemq-platform] [hivemq-platform-operator] [6cdc4476] 	at io.netty.channel.nio.NioEventLoop.processSelectedKeys(NioEventLoop.java:650)
2025-01-28 21:23:24,299 INFO c.h.h.t.HelmChartContainer - [hivemq-test-hivemq-platform] [hivemq-platform-operator] [6cdc4476] 	at io.netty.channel.nio.NioEventLoop.run(NioEventLoop.java:562)
2025-01-28 21:23:24,299 INFO c.h.h.t.HelmChartContainer - [hivemq-test-hivemq-platform] [hivemq-platform-operator] [6cdc4476] 	at io.netty.util.concurrent.SingleThreadEventExecutor$4.run(SingleThreadEventExecutor.java:997)
2025-01-28 21:23:24,299 INFO c.h.h.t.HelmChartContainer - [hivemq-test-hivemq-platform] [hivemq-platform-operator] [6cdc4476] 	at io.netty.util.internal.ThreadExecutorMap$2.run(ThreadExecutorMap.java:74)
2025-01-28 21:23:24,299 INFO c.h.h.t.HelmChartContainer - [hivemq-test-hivemq-platform] [hivemq-platform-operator] [6cdc4476] 	at io.netty.util.concurrent.FastThreadLocalRunnable.run(FastThreadLocalRunnable.java:30)
2025-01-28 21:23:24,299 INFO c.h.h.t.HelmChartContainer - [hivemq-test-hivemq-platform] [hivemq-platform-operator] [6cdc4476] 	... 1 common frames omitted
2025-01-28 21:23:24,299 INFO c.h.h.t.HelmChartContainer - [hivemq-test-hivemq-platform] [hivemq-platform-operator] [6cdc4476] 21:23:24.298 [ReconcilerExecutor-hivemq-controller-122] INFO  c.h.p.o.HiveMQPlatformReconciler - [helmaddi] Cleanup test-hivemq-platform - helmadditionalvolumesit HiveMQ Platform is shut down
2025-01-28 21:23:24,548 INFO c.h.h.t.HelmChartContainer - [POD] test-hivemq-platform-0 [42acf7c6-7224-4e5f-ab95-e22f8d78def0] in helmadditionalvolumesit was MODIFIED
2025-01-28 21:23:24,554 INFO c.h.h.t.HelmChartContainer - [EVENT] Normal [Killing] Stopping container hivemq [helmadditionalvolumesit:test-hivemq-platform-0]
2025-01-28 21:23:24,555 INFO c.h.h.t.HelmChartContainer - Received Killing event for container hivemq in pod test-hivemq-platform-0 [42acf7c6-7224-4e5f-ab95-e22f8d78def0]
2025-01-28 21:23:24,555 INFO c.h.h.t.HelmChartContainer - Container [test-hivemq-platform-0] [hivemq] [42acf7c6-7224-4e5f-ab95-e22f8d78def0] was terminated
2025-01-28 21:23:24,555 INFO c.h.h.t.HelmChartContainer - Stopped log watcher for hivemq in pod test-hivemq-platform-0 [42acf7c6-7224-4e5f-ab95-e22f8d78def0]
2025-01-28 21:23:24,560 INFO c.h.h.t.HelmChartContainer - [test-hivemq-platform] [hivemq] [42acf7c6] INFO  - [HiveMQ Platform Operator Init App 1.7.0-SNAPSHOT] Shutting down
2025-01-28 21:23:24,560 INFO c.h.h.t.HelmChartContainer - [test-hivemq-platform] [hivemq] [42acf7c6] INFO  - [HiveMQ Platform Operator Init App 1.7.0-SNAPSHOT] Stopping the HiveMQ Platform
2025-01-28 21:23:24,644 INFO c.h.h.t.HelmChartContainer - [test-hivemq-platform] [hivemq] [42acf7c6] INFO  - Shutting down HiveMQ. Please wait, this could take a while...
2025-01-28 21:23:24,729 INFO c.h.h.t.HelmChartContainer - [test-hivemq-platform] [hivemq] [42acf7c6] INFO  - Shutting down listeners and clients
2025-01-28 21:23:24,730 INFO c.h.h.t.HelmChartContainer - [test-hivemq-platform] [hivemq] [42acf7c6] INFO  - Shutdown of listeners is done
2025-01-28 21:23:24,731 INFO c.h.h.t.HelmChartContainer - [test-hivemq-platform] [hivemq] [42acf7c6] INFO  - No clients are connected, proceeding with shutdown
2025-01-28 21:23:25,961 INFO c.h.h.t.HelmChartContainer - Deleting namespace 'helmadditionalvolumesit'...
2025-01-28 21:23:26,442 INFO c.h.h.t.HelmChartContainer - [test-hivemq-platform] [hivemq] [42acf7c6] INFO  - [HiveMQ Platform Operator Init App 1.7.0-SNAPSHOT] Returning shutdown Health API response 503 for readiness
2025-01-28 21:23:26,446 INFO c.h.h.t.HelmChartContainer - [EVENT] Warning [Unhealthy] Readiness probe failed: HTTP probe failed with statuscode: 503 [helmadditionalvolumesit:test-hivemq-platform-0]
2025-01-28 21:23:26,446 INFO c.h.h.t.HelmChartContainer - Received Unhealthy event for container hivemq in pod test-hivemq-platform-0 [42acf7c6-7224-4e5f-ab95-e22f8d78def0]
2025-01-28 21:23:26,853 INFO c.h.h.t.HelmChartContainer - [K3S] [authentication.go:74] "Unable to authenticate the request" err="[invalid bearer token, serviceaccounts \"hivemq-platform-pod-test-hivemq-platform\" not found]"
2025-01-28 21:23:26,874 INFO c.h.h.t.HelmChartContainer - [K3S] [authentication.go:74] "Unable to authenticate the request" err="[invalid bearer token, serviceaccounts \"hivemq-platform-pod-test-hivemq-platform\" not found]"
2025-01-28 21:23:26,935 INFO c.h.h.t.HelmChartContainer - [test-hivemq-platform] [hivemq] [42acf7c6] WARN  - [HiveMQ Platform Operator Init App 1.7.0-SNAPSHOT] Could not update Pod annotations: Failure executing: GET at: https://10.43.0.1:443/api/v1/namespaces/helmadditionalvolumesit/pods/test-hivemq-platform-0. Message: Unauthorized. Received status: Status(apiVersion=v1, code=401, details=null, kind=Status, message=Unauthorized, metadata=ListMeta(_continue=null, remainingItemCount=null, resourceVersion=null, selfLink=null, additionalProperties={}), reason=Unauthorized, status=Failure, additionalProperties={}).
2025-01-28 21:23:28,440 INFO c.h.h.t.HelmChartContainer - [test-hivemq-platform] [hivemq] [42acf7c6] INFO  - Shutting down extension system
2025-01-28 21:23:28,444 INFO c.h.h.t.HelmChartContainer - [test-hivemq-platform] [hivemq] [42acf7c6] INFO  - Stopping extension with id hivemq-dns-cluster-discovery
2025-01-28 21:23:28,445 INFO c.h.h.t.HelmChartContainer - [test-hivemq-platform] [hivemq] [42acf7c6] INFO  - Extension "DNS Cluster Discovery Extension" version 4.3.2 stopped successfully.
2025-01-28 21:23:28,445 INFO c.h.h.t.HelmChartContainer - [test-hivemq-platform] [hivemq] [42acf7c6] INFO  - Stopping extension with id hivemq-prometheus-extension
2025-01-28 21:23:28,449 INFO c.h.h.t.HelmChartContainer - [test-hivemq-platform] [hivemq] [42acf7c6] INFO  - Extension "Prometheus Monitoring Extension" version 4.0.12 stopped successfully.
2025-01-28 21:23:28,449 INFO c.h.h.t.HelmChartContainer - [test-hivemq-platform] [hivemq] [42acf7c6] INFO  - Stopping extension with id hivemq-allow-all-extension
2025-01-28 21:23:28,449 INFO c.h.h.t.HelmChartContainer - [test-hivemq-platform] [hivemq] [42acf7c6] INFO  - Extension "Allow All Extension" version 1.1.1 stopped successfully.
2025-01-28 21:23:30,731 INFO c.h.h.t.HelmChartContainer - [test-hivemq-platform] [hivemq] [42acf7c6] INFO  - Shutdown completed.
2025-01-28 21:23:30,991 INFO c.h.h.t.HelmChartContainer - [K3S] [stateful_set.go:466] "StatefulSet has been deleted" key="helmadditionalvolumesit/test-hivemq-platform"
2025-01-28 21:23:31,087 INFO c.h.h.t.HelmChartContainer - [test-hivemq-platform] [hivemq] [42acf7c6] INFO  - [HiveMQ Platform Operator Init App 1.7.0-SNAPSHOT] The HiveMQ Platform exited with code 143
2025-01-28 21:23:31,087 INFO c.h.h.t.HelmChartContainer - [test-hivemq-platform] [hivemq] [42acf7c6] INFO  - [HiveMQ Platform Operator Init App 1.7.0-SNAPSHOT] Stopping the REST API
2025-01-28 21:23:31,132 INFO c.h.h.t.HelmChartContainer - [test-hivemq-platform] [hivemq] [42acf7c6] INFO  - [HiveMQ Platform Operator Init App 1.7.0-SNAPSHOT] Shutdown complete
2025-01-28 21:23:31,601 INFO c.h.h.t.HelmChartContainer - [POD] test-hivemq-platform-0 [42acf7c6-7224-4e5f-ab95-e22f8d78def0] in helmadditionalvolumesit was MODIFIED
2025-01-28 21:23:31,678 INFO c.h.h.t.HelmChartContainer - [K3S] [reconciler_common.go:162] "operationExecutor.UnmountVolume started for volume \"kube-api-access-dqclw\" (UniqueName: \"kubernetes.io/projected/42acf7c6-7224-4e5f-ab95-e22f8d78def0-kube-api-access-dqclw\") pod \"42acf7c6-7224-4e5f-ab95-e22f8d78def0\" (UID: \"42acf7c6-7224-4e5f-ab95-e22f8d78def0\") "
2025-01-28 21:23:31,678 INFO c.h.h.t.HelmChartContainer - [K3S] [reconciler_common.go:162] "operationExecutor.UnmountVolume started for volume \"pod-info\" (UniqueName: \"kubernetes.io/configmap/42acf7c6-7224-4e5f-ab95-e22f8d78def0-pod-info\") pod \"42acf7c6-7224-4e5f-ab95-e22f8d78def0\" (UID: \"42acf7c6-7224-4e5f-ab95-e22f8d78def0\") "
2025-01-28 21:23:31,678 INFO c.h.h.t.HelmChartContainer - [K3S] [reconciler_common.go:162] "operationExecutor.UnmountVolume started for volume \"operator-init\" (UniqueName: \"kubernetes.io/empty-dir/42acf7c6-7224-4e5f-ab95-e22f8d78def0-operator-init\") pod \"42acf7c6-7224-4e5f-ab95-e22f8d78def0\" (UID: \"42acf7c6-7224-4e5f-ab95-e22f8d78def0\") "
2025-01-28 21:23:31,678 INFO c.h.h.t.HelmChartContainer - [K3S] [reconciler_common.go:162] "operationExecutor.UnmountVolume started for volume \"test-empty-dir-volume\" (UniqueName: \"kubernetes.io/empty-dir/42acf7c6-7224-4e5f-ab95-e22f8d78def0-test-empty-dir-volume\") pod \"42acf7c6-7224-4e5f-ab95-e22f8d78def0\" (UID: \"42acf7c6-7224-4e5f-ab95-e22f8d78def0\") "
2025-01-28 21:23:31,679 INFO c.h.h.t.HelmChartContainer - [K3S] [reconciler_common.go:162] "operationExecutor.UnmountVolume started for volume \"test-mount-volume\" (UniqueName: \"kubernetes.io/configmap/42acf7c6-7224-4e5f-ab95-e22f8d78def0-test-mount-volume\") pod \"42acf7c6-7224-4e5f-ab95-e22f8d78def0\" (UID: \"42acf7c6-7224-4e5f-ab95-e22f8d78def0\") "
2025-01-28 21:23:31,679 INFO c.h.h.t.HelmChartContainer - [K3S] [reconciler_common.go:162] "operationExecutor.UnmountVolume started for volume \"test-persistent-volume-claim\" (UniqueName: \"kubernetes.io/local-volume/pvc-ac0e2afc-e0cc-422a-80ba-dc38cac75050\") pod \"42acf7c6-7224-4e5f-ab95-e22f8d78def0\" (UID: \"42acf7c6-7224-4e5f-ab95-e22f8d78def0\") "
2025-01-28 21:23:31,679 INFO c.h.h.t.HelmChartContainer - [K3S] [reconciler_common.go:162] "operationExecutor.UnmountVolume started for volume \"test-secret-volume\" (UniqueName: \"kubernetes.io/secret/42acf7c6-7224-4e5f-ab95-e22f8d78def0-test-secret-volume\") pod \"42acf7c6-7224-4e5f-ab95-e22f8d78def0\" (UID: \"42acf7c6-7224-4e5f-ab95-e22f8d78def0\") "
2025-01-28 21:23:31,679 INFO c.h.h.t.HelmChartContainer - [K3S] [reconciler_common.go:162] "operationExecutor.UnmountVolume started for volume \"broker-configuration\" (UniqueName: \"kubernetes.io/configmap/42acf7c6-7224-4e5f-ab95-e22f8d78def0-broker-configuration\") pod \"42acf7c6-7224-4e5f-ab95-e22f8d78def0\" (UID: \"42acf7c6-7224-4e5f-ab95-e22f8d78def0\") "
2025-01-28 21:23:31,778 INFO c.h.h.t.HelmChartContainer - [K3S] [reconciler_common.go:299] "Volume detached for volume \"test-secret-volume\" (UniqueName: \"kubernetes.io/secret/42acf7c6-7224-4e5f-ab95-e22f8d78def0-test-secret-volume\") on node \"f817b6d4a319\" DevicePath \"\""
2025-01-28 21:23:31,778 INFO c.h.h.t.HelmChartContainer - [K3S] [reconciler_common.go:299] "Volume detached for volume \"broker-configuration\" (UniqueName: \"kubernetes.io/configmap/42acf7c6-7224-4e5f-ab95-e22f8d78def0-broker-configuration\") on node \"f817b6d4a319\" DevicePath \"\""
2025-01-28 21:23:31,778 INFO c.h.h.t.HelmChartContainer - [K3S] [reconciler_common.go:299] "Volume detached for volume \"kube-api-access-dqclw\" (UniqueName: \"kubernetes.io/projected/42acf7c6-7224-4e5f-ab95-e22f8d78def0-kube-api-access-dqclw\") on node \"f817b6d4a319\" DevicePath \"\""
2025-01-28 21:23:31,778 INFO c.h.h.t.HelmChartContainer - [K3S] [reconciler_common.go:299] "Volume detached for volume \"pod-info\" (UniqueName: \"kubernetes.io/configmap/42acf7c6-7224-4e5f-ab95-e22f8d78def0-pod-info\") on node \"f817b6d4a319\" DevicePath \"\""
2025-01-28 21:23:31,778 INFO c.h.h.t.HelmChartContainer - [K3S] [reconciler_common.go:299] "Volume detached for volume \"operator-init\" (UniqueName: \"kubernetes.io/empty-dir/42acf7c6-7224-4e5f-ab95-e22f8d78def0-operator-init\") on node \"f817b6d4a319\" DevicePath \"\""
2025-01-28 21:23:31,778 INFO c.h.h.t.HelmChartContainer - [K3S] [reconciler_common.go:299] "Volume detached for volume \"test-empty-dir-volume\" (UniqueName: \"kubernetes.io/empty-dir/42acf7c6-7224-4e5f-ab95-e22f8d78def0-test-empty-dir-volume\") on node \"f817b6d4a319\" DevicePath \"\""
2025-01-28 21:23:31,778 INFO c.h.h.t.HelmChartContainer - [K3S] [reconciler_common.go:299] "Volume detached for volume \"test-mount-volume\" (UniqueName: \"kubernetes.io/configmap/42acf7c6-7224-4e5f-ab95-e22f8d78def0-test-mount-volume\") on node \"f817b6d4a319\" DevicePath \"\""
2025-01-28 21:23:31,778 INFO c.h.h.t.HelmChartContainer - [K3S] [reconciler_common.go:292] "operationExecutor.UnmountDevice started for volume \"pvc-ac0e2afc-e0cc-422a-80ba-dc38cac75050\" (UniqueName: \"kubernetes.io/local-volume/pvc-ac0e2afc-e0cc-422a-80ba-dc38cac75050\") on node \"f817b6d4a319\" "
2025-01-28 21:23:31,879 INFO c.h.h.t.HelmChartContainer - [K3S] [reconciler_common.go:299] "Volume detached for volume \"pvc-ac0e2afc-e0cc-422a-80ba-dc38cac75050\" (UniqueName: \"kubernetes.io/local-volume/pvc-ac0e2afc-e0cc-422a-80ba-dc38cac75050\") on node \"f817b6d4a319\" DevicePath \"\""
2025-01-28 21:23:32,213 INFO c.h.h.t.HelmChartContainer - [K3S] [scope.go:117] "RemoveContainer" containerID="b457a5a623167926fbf33ba572048714eb99b951baa4a90d35e1a9acdac1885a"
2025-01-28 21:23:32,232 INFO c.h.h.t.HelmChartContainer - [POD] test-hivemq-platform-0 [42acf7c6-7224-4e5f-ab95-e22f8d78def0] in helmadditionalvolumesit was MODIFIED
2025-01-28 21:23:32,233 INFO c.h.h.t.HelmChartContainer - [POD] test-hivemq-platform-0 [42acf7c6-7224-4e5f-ab95-e22f8d78def0] in helmadditionalvolumesit was DELETED
2025-01-28 21:23:32,275 INFO c.h.h.t.HelmChartContainer - [K3S] [memory_manager.go:355] "RemoveStaleState removing state" podUID="42acf7c6-7224-4e5f-ab95-e22f8d78def0" containerName="hivemq"
2025-01-28 21:23:32,277 INFO c.h.h.t.HelmChartContainer - [POD] helper-pod-delete-pvc-ac0e2afc-e0cc-422a-80ba-dc38cac75050 [5df4acb4-70b6-4ca0-945d-f4ba376357e2] in kube-system was ADDED
2025-01-28 21:23:32,285 INFO c.h.h.t.HelmChartContainer - [POD] helper-pod-delete-pvc-ac0e2afc-e0cc-422a-80ba-dc38cac75050 [5df4acb4-70b6-4ca0-945d-f4ba376357e2] in kube-system was MODIFIED
2025-01-28 21:23:32,339 INFO c.h.h.t.HelmChartContainer - [K3S] [scope.go:117] "RemoveContainer" containerID="207a2b20941bf3bece713a1292f13eebe7cb8050787790e6a41ebe852b3fc680"
2025-01-28 21:23:32,342 INFO c.h.h.t.HelmChartContainer - [K3S] [scope.go:117] "RemoveContainer" containerID="b457a5a623167926fbf33ba572048714eb99b951baa4a90d35e1a9acdac1885a"
2025-01-28 21:23:32,343 INFO c.h.h.t.HelmChartContainer - [K3S] [scope.go:117] "RemoveContainer" containerID="207a2b20941bf3bece713a1292f13eebe7cb8050787790e6a41ebe852b3fc680"
2025-01-28 21:23:32,381 INFO c.h.h.t.HelmChartContainer - [K3S] [reconciler_common.go:251] "operationExecutor.VerifyControllerAttachedVolume started for volume \"data\" (UniqueName: \"kubernetes.io/host-path/5df4acb4-70b6-4ca0-945d-f4ba376357e2-data\") pod \"helper-pod-delete-pvc-ac0e2afc-e0cc-422a-80ba-dc38cac75050\" (UID: \"5df4acb4-70b6-4ca0-945d-f4ba376357e2\") " pod="kube-system/helper-pod-delete-pvc-ac0e2afc-e0cc-422a-80ba-dc38cac75050"
2025-01-28 21:23:32,381 INFO c.h.h.t.HelmChartContainer - [K3S] [reconciler_common.go:251] "operationExecutor.VerifyControllerAttachedVolume started for volume \"script\" (UniqueName: \"kubernetes.io/configmap/5df4acb4-70b6-4ca0-945d-f4ba376357e2-script\") pod \"helper-pod-delete-pvc-ac0e2afc-e0cc-422a-80ba-dc38cac75050\" (UID: \"5df4acb4-70b6-4ca0-945d-f4ba376357e2\") " pod="kube-system/helper-pod-delete-pvc-ac0e2afc-e0cc-422a-80ba-dc38cac75050"
2025-01-28 21:23:32,381 INFO c.h.h.t.HelmChartContainer - [K3S] [reconciler_common.go:251] "operationExecutor.VerifyControllerAttachedVolume started for volume \"kube-api-access-n288g\" (UniqueName: \"kubernetes.io/projected/5df4acb4-70b6-4ca0-945d-f4ba376357e2-kube-api-access-n288g\") pod \"helper-pod-delete-pvc-ac0e2afc-e0cc-422a-80ba-dc38cac75050\" (UID: \"5df4acb4-70b6-4ca0-945d-f4ba376357e2\") " pod="kube-system/helper-pod-delete-pvc-ac0e2afc-e0cc-422a-80ba-dc38cac75050"
2025-01-28 21:23:32,529 INFO c.h.h.t.HelmChartContainer - [K3S] [kubelet_volumes.go:163] "Cleaned up orphaned pod volumes dir" podUID="42acf7c6-7224-4e5f-ab95-e22f8d78def0" path="/var/lib/kubelet/pods/42acf7c6-7224-4e5f-ab95-e22f8d78def0/volumes"
2025-01-28 21:23:33,223 INFO c.h.h.t.HelmChartContainer - [POD] helper-pod-delete-pvc-ac0e2afc-e0cc-422a-80ba-dc38cac75050 [5df4acb4-70b6-4ca0-945d-f4ba376357e2] in kube-system was MODIFIED
2025-01-28 21:23:34,296 INFO c.h.h.t.HelmChartContainer - [POD] helper-pod-delete-pvc-ac0e2afc-e0cc-422a-80ba-dc38cac75050 [5df4acb4-70b6-4ca0-945d-f4ba376357e2] in kube-system was MODIFIED
2025-01-28 21:23:34,392 INFO c.h.h.t.HelmChartContainer - [K3S] [reconciler_common.go:162] "operationExecutor.UnmountVolume started for volume \"kube-api-access-n288g\" (UniqueName: \"kubernetes.io/projected/5df4acb4-70b6-4ca0-945d-f4ba376357e2-kube-api-access-n288g\") pod \"5df4acb4-70b6-4ca0-945d-f4ba376357e2\" (UID: \"5df4acb4-70b6-4ca0-945d-f4ba376357e2\") "
2025-01-28 21:23:34,392 INFO c.h.h.t.HelmChartContainer - [K3S] [reconciler_common.go:162] "operationExecutor.UnmountVolume started for volume \"data\" (UniqueName: \"kubernetes.io/host-path/5df4acb4-70b6-4ca0-945d-f4ba376357e2-data\") pod \"5df4acb4-70b6-4ca0-945d-f4ba376357e2\" (UID: \"5df4acb4-70b6-4ca0-945d-f4ba376357e2\") "
2025-01-28 21:23:34,392 INFO c.h.h.t.HelmChartContainer - [K3S] [reconciler_common.go:162] "operationExecutor.UnmountVolume started for volume \"script\" (UniqueName: \"kubernetes.io/configmap/5df4acb4-70b6-4ca0-945d-f4ba376357e2-script\") pod \"5df4acb4-70b6-4ca0-945d-f4ba376357e2\" (UID: \"5df4acb4-70b6-4ca0-945d-f4ba376357e2\") "
2025-01-28 21:23:34,493 INFO c.h.h.t.HelmChartContainer - [K3S] [reconciler_common.go:299] "Volume detached for volume \"data\" (UniqueName: \"kubernetes.io/host-path/5df4acb4-70b6-4ca0-945d-f4ba376357e2-data\") on node \"f817b6d4a319\" DevicePath \"\""
2025-01-28 21:23:34,493 INFO c.h.h.t.HelmChartContainer - [K3S] [reconciler_common.go:299] "Volume detached for volume \"script\" (UniqueName: \"kubernetes.io/configmap/5df4acb4-70b6-4ca0-945d-f4ba376357e2-script\") on node \"f817b6d4a319\" DevicePath \"\""
2025-01-28 21:23:34,493 INFO c.h.h.t.HelmChartContainer - [K3S] [reconciler_common.go:299] "Volume detached for volume \"kube-api-access-n288g\" (UniqueName: \"kubernetes.io/projected/5df4acb4-70b6-4ca0-945d-f4ba376357e2-kube-api-access-n288g\") on node \"f817b6d4a319\" DevicePath \"\""
2025-01-28 21:23:35,220 INFO c.h.h.t.HelmChartContainer - [K3S] [pod_container_deletor.go:80] "Container not found in pod's containers" containerID="100d4c39515a845f8f346f1ef6be13b857f410e708875eae3e3811a7a4f3514e"
2025-01-28 21:23:35,305 INFO c.h.h.t.HelmChartContainer - [POD] helper-pod-delete-pvc-ac0e2afc-e0cc-422a-80ba-dc38cac75050 [5df4acb4-70b6-4ca0-945d-f4ba376357e2] in kube-system was MODIFIED
2025-01-28 21:23:35,307 INFO c.h.h.t.HelmChartContainer - [POD] helper-pod-delete-pvc-ac0e2afc-e0cc-422a-80ba-dc38cac75050 [5df4acb4-70b6-4ca0-945d-f4ba376357e2] in kube-system was DELETED
2025-01-28 21:23:36,300 INFO c.h.h.t.HelmChartContainer - Namespace 'helmadditionalvolumesit' deleted
2025-01-28 21:23:36,300 INFO c.h.h.t.HelmChartContainer - Release 'test-hivemq-platform' in namespace 'helmadditionalvolumesit' is uninstalled
2025-01-28 21:23:36,300 INFO c.h.h.t.HelmChartContainer - Uninstalling release 'test-hivemq-platform-operator' in namespace 'helmadditionalvolumesit-operator'...
2025-01-28 21:23:36,300 DEBUG c.h.h.t.HelmChartContainer - Executing helm command: /bin/helm --kubeconfig /etc/rancher/k3s/k3s.yaml uninstall test-hivemq-platform-operator  --wait --timeout 5m0s --cascade foreground --namespace helmadditionalvolumesit-operator
2025-01-28 21:23:36,463 INFO c.h.h.t.HelmChartContainer - [K3S] [replica_set.go:679] "Finished syncing" kind="ReplicaSet" key="helmadditionalvolumesit-operator/hivemq-test-hivemq-platform-operator-6966f96d65" duration="9.062116ms"
2025-01-28 21:23:36,465 INFO c.h.h.t.HelmChartContainer - [K3S] [replica_set.go:679] "Finished syncing" kind="ReplicaSet" key="helmadditionalvolumesit-operator/hivemq-test-hivemq-platform-operator-6966f96d65" duration="52.127µs"
2025-01-28 21:23:36,487 INFO c.h.h.t.HelmChartContainer - [POD] hivemq-test-hivemq-platform-operator-6966f96d65-z5wh5 [6cdc4476-4c65-4559-bf90-7930a42e22bc] in helmadditionalvolumesit-operator was MODIFIED
2025-01-28 21:23:36,498 INFO c.h.h.t.HelmChartContainer - [EVENT] Normal [Killing] Stopping container hivemq-platform-operator [helmadditionalvolumesit-operator:hivemq-test-hivemq-platform-operator-6966f96d65-z5wh5]
2025-01-28 21:23:36,498 INFO c.h.h.t.HelmChartContainer - Received Killing event for container hivemq-platform-operator in pod hivemq-test-hivemq-platform-operator-6966f96d65-z5wh5 [6cdc4476-4c65-4559-bf90-7930a42e22bc]
2025-01-28 21:23:36,499 INFO c.h.h.t.HelmChartContainer - Container [hivemq-test-hivemq-platform-operator-6966f96d65-z5wh5] [hivemq-platform-operator] [6cdc4476-4c65-4559-bf90-7930a42e22bc] was terminated
2025-01-28 21:23:36,499 INFO c.h.h.t.HelmChartContainer - Stopped log watcher for hivemq-platform-operator in pod hivemq-test-hivemq-platform-operator-6966f96d65-z5wh5 [6cdc4476-4c65-4559-bf90-7930a42e22bc]
2025-01-28 21:23:36,503 INFO c.h.h.t.HelmChartContainer - [K3S] [replica_set.go:679] "Finished syncing" kind="ReplicaSet" key="helmadditionalvolumesit-operator/hivemq-test-hivemq-platform-operator-6966f96d65" duration="13.706244ms"
2025-01-28 21:23:36,506 INFO c.h.h.t.HelmChartContainer - [K3S] [replica_set.go:679] "Finished syncing" kind="ReplicaSet" key="helmadditionalvolumesit-operator/hivemq-test-hivemq-platform-operator-6966f96d65" duration="48.009µs"
2025-01-28 21:23:36,530 INFO c.h.h.t.HelmChartContainer - [K3S] [kubelet_volumes.go:163] "Cleaned up orphaned pod volumes dir" podUID="5df4acb4-70b6-4ca0-945d-f4ba376357e2" path="/var/lib/kubelet/pods/5df4acb4-70b6-4ca0-945d-f4ba376357e2/volumes"
2025-01-28 21:23:36,535 INFO c.h.h.t.HelmChartContainer - [hivemq-test-hivemq-platform] [hivemq-platform-operator] [6cdc4476] 21:23:36.532 [application-shutdown-thread] INFO  c.h.p.o.HiveMQPlatformOperatorApplication - HiveMQ Platform Operator is stopping...
2025-01-28 21:23:36,536 INFO c.h.h.t.HelmChartContainer - [hivemq-test-hivemq-platform] [hivemq-platform-operator] [6cdc4476] 21:23:36.535 [application-shutdown-thread] INFO  i.javaoperatorsdk.operator.Operator - Operator SDK 4.9.7 is shutting down...
2025-01-28 21:23:37,142 INFO c.h.h.t.HelmChartContainer - [K3S] [replica_set.go:679] "Finished syncing" kind="ReplicaSet" key="helmadditionalvolumesit-operator/hivemq-test-hivemq-platform-operator-6966f96d65" duration="43.14µs"
2025-01-28 21:23:37,143 INFO c.h.h.t.HelmChartContainer - [POD] hivemq-test-hivemq-platform-operator-6966f96d65-z5wh5 [6cdc4476-4c65-4559-bf90-7930a42e22bc] in helmadditionalvolumesit-operator was MODIFIED
2025-01-28 21:23:37,206 INFO c.h.h.t.HelmChartContainer - [K3S] [reconciler_common.go:162] "operationExecutor.UnmountVolume started for volume \"kube-api-access-b7z9j\" (UniqueName: \"kubernetes.io/projected/6cdc4476-4c65-4559-bf90-7930a42e22bc-kube-api-access-b7z9j\") pod \"6cdc4476-4c65-4559-bf90-7930a42e22bc\" (UID: \"6cdc4476-4c65-4559-bf90-7930a42e22bc\") "
2025-01-28 21:23:37,223 INFO c.h.h.t.HelmChartContainer - [K3S] [scope.go:117] "RemoveContainer" containerID="d2fdc27672891721fcc0ced1aad147ab2fed4bebd8e73325f42da605437f96dc"
2025-01-28 21:23:37,226 INFO c.h.h.t.HelmChartContainer - [K3S] [scope.go:117] "RemoveContainer" containerID="d2fdc27672891721fcc0ced1aad147ab2fed4bebd8e73325f42da605437f96dc"
2025-01-28 21:23:37,235 INFO c.h.h.t.HelmChartContainer - [K3S] [replica_set.go:679] "Finished syncing" kind="ReplicaSet" key="helmadditionalvolumesit-operator/hivemq-test-hivemq-platform-operator-6966f96d65" duration="45.835µs"
2025-01-28 21:23:37,235 INFO c.h.h.t.HelmChartContainer - [POD] hivemq-test-hivemq-platform-operator-6966f96d65-z5wh5 [6cdc4476-4c65-4559-bf90-7930a42e22bc] in helmadditionalvolumesit-operator was MODIFIED
2025-01-28 21:23:37,237 INFO c.h.h.t.HelmChartContainer - [K3S] [replica_set.go:679] "Finished syncing" kind="ReplicaSet" key="helmadditionalvolumesit-operator/hivemq-test-hivemq-platform-operator-6966f96d65" duration="35.376µs"
2025-01-28 21:23:37,238 INFO c.h.h.t.HelmChartContainer - [POD] hivemq-test-hivemq-platform-operator-6966f96d65-z5wh5 [6cdc4476-4c65-4559-bf90-7930a42e22bc] in helmadditionalvolumesit-operator was DELETED
2025-01-28 21:23:37,248 INFO c.h.h.t.HelmChartContainer - [K3S] [replica_set.go:679] "Finished syncing" kind="ReplicaSet" key="helmadditionalvolumesit-operator/hivemq-test-hivemq-platform-operator-6966f96d65" duration="7.004µs"
2025-01-28 21:23:37,307 INFO c.h.h.t.HelmChartContainer - [K3S] [reconciler_common.go:299] "Volume detached for volume \"kube-api-access-b7z9j\" (UniqueName: \"kubernetes.io/projected/6cdc4476-4c65-4559-bf90-7930a42e22bc-kube-api-access-b7z9j\") on node \"f817b6d4a319\" DevicePath \"\""
2025-01-28 21:23:38,513 INFO c.h.h.t.HelmChartContainer - Deleting namespace 'helmadditionalvolumesit-operator'...
2025-01-28 21:23:38,529 INFO c.h.h.t.HelmChartContainer - [K3S] [kubelet_volumes.go:163] "Cleaned up orphaned pod volumes dir" podUID="6cdc4476-4c65-4559-bf90-7930a42e22bc" path="/var/lib/kubelet/pods/6cdc4476-4c65-4559-bf90-7930a42e22bc/volumes"
2025-01-28 21:23:38,729 INFO c.h.h.t.HelmChartContainer - [K3S] [scope.go:117] "RemoveContainer" containerID="c0d7cdba494bae89866fb12db50ce80ab795fd5cecf182aefa28642f84e3362d"
2025-01-28 21:23:41,245 INFO c.h.h.t.HelmChartContainer - [K3S] [namespace_controller.go:187] "Namespace has been deleted" namespace="helmadditionalvolumesit"
2025-01-28 21:23:43,731 INFO c.h.h.t.HelmChartContainer - Namespace 'helmadditionalvolumesit-operator' deleted
2025-01-28 21:23:43,731 INFO c.h.h.t.HelmChartContainer - Release 'test-hivemq-platform-operator' in namespace 'helmadditionalvolumesit-operator' is uninstalled
2025-01-28 21:23:44,297 INFO c.h.helmcharts.AbstractHelmChartIT - Removed unused containers:

2025-01-28 21:23:48,638 INFO c.h.h.t.HelmChartContainer - [K3S] [namespace_controller.go:187] "Namespace has been deleted" namespace="helmadditionalvolumesit-operator"
2025-01-28 21:23:51,933 INFO c.h.helmcharts.AbstractHelmChartIT - Removed unused snapshots:
Removing snapshot sha256:03af251906410714c5aef9fa705b63f6bbc39c4a5e787de7361eeb18886c2ed2
Removing snapshot sha256:0c46b3b43cce082ce5ec34ffc6c294e0417d17b9d1e6f366d114b6aadc4f96dc
Removing snapshot sha256:0ce761beee59082d6ed5bcebd3a805b8ddd9b3426b617e4809e7fb7c6587ffec
Removing snapshot sha256:0df91287303208332c8ff6ba40ae4710105201739addbfbddfb955f1ad593664
Removing snapshot sha256:1021ef88c7974bfff89c5a0ec4fd3160daac6c48a075f74cff721f85dd104e68
Removing snapshot sha256:10aba4953ddc18145dd38e3704709bc464aa20af60b56fe52caaff4b68411e62
Removing snapshot sha256:2573e0d8158209ed54ab25c87bcdcb00bd3d2539246960a3d592a1c599d70465
Removing snapshot sha256:3578d67826f8dcb9a6f4232362bf92d2bcd1195c5ae85226bcc3b1e50dc7e328
Removing snapshot sha256:362a8a37f8bbc31925a8146adcf7cf51f9882f5c1dcbef67c5baa03a297543c0
Removing snapshot sha256:43a7c979bbaba6838bc3102d6b10a1459f3ab050b87ccdfef84ef90cf43d3058
Removing snapshot sha256:4ab04491cdf0d3267f08206fe30bd48f49f94b9cab2f016d6739220f722a64af
Removing snapshot sha256:4b6068250e89c96f263060261819c7d912855bfbd64b3eb4c4a8483299b8c295
Removing snapshot sha256:580e69a0a8034ede1921139bbd2bfb72a69ebf276d008281896c32dd8bf74775
Removing snapshot sha256:5d30ba46b27fe37484567ccc5242cadc78217b8da605f3f195ef25cbf7487904
Removing snapshot sha256:63ca1fbb43ae5034640e5e6cb3e083e05c290072c5366fcaa9d62435a4cced85
Removing snapshot sha256:66140dc7271ceb0a9b5e521509e7d96b916d4182681f723881bfae89675de7f6
Removing snapshot sha256:67f702c6baae873bceb19487c8b1f27bd2b86077e4f2f0e480e6d60ab508b8f5
Removing snapshot sha256:6864348dd42806d552efdec384f1274be15e2d0c10ce44c1f04347af004c10a9
Removing snapshot sha256:6c7dee8f2c39b84b7dc2711c01d33de93514d9055499173e9290176fbe484b6c
Removing snapshot sha256:82753493a6d61ded36556292f02f31841a14c20d2f279f19eaad65afb661d5cd
Removing snapshot sha256:8a10d3db42c505ee0fcfa98417bdd7e39b304f6bcc0a06bb1b220797ff2cc63c
Removing snapshot sha256:a0904247e36a7726c03c71ee48f3e64462021c88dafeb13f37fdaf613b27f11c
Removing snapshot sha256:a21e5b12dbac529ad45d976eb9ce45c881f3bedcc500fb30aba1e52aa1813418
Removing snapshot sha256:b921e6c28969094157f9b8e7244677780319637afd14450b7cb6b2fdea558a0c
Removing snapshot sha256:bc27ecb5769a00e309cf99ebc763c4a4b958b618d1decc96ffac5bc05f02f5b7
Removing snapshot sha256:be3ccb6627a5332e309d45ef461d09b4879dd870c7394d89323d0ebc6ca6aa8a
Removing snapshot sha256:c261f7cbbc64211ee175ee47273acdb7b1a36a4450b397a064a8f2c026490095
Removing snapshot sha256:c34d9393647eea0c9e3557ab988efaf59f61d10a2a5613b439ef0958cca5ec10
Removing snapshot sha256:ccf3c4a0fa967a41c1c83497a2ce6fa5787965859df0adb32c4ca2cf7490bc2b
Removing snapshot sha256:cf92d33f869417309692088c341cd0f223c178ea78a125f757317b22aa8f90e9
Removing snapshot sha256:d0037344cf2fb078884f1849f6a1f8cf9a33a3b6139b6a85833e5ee528e1f9a8
Removing snapshot sha256:d3b36d5b79273b1e98e7700470eaeff05a882e777124d84cebcc1505b85ecb36
Removing snapshot sha256:d65a44a37914602d12c611e5e22a50f11451d847e63015cc1c2aef92dee777a4
Removing snapshot sha256:e2dc0bae2455930f23ae570e019b7f32edc75c0f2d71cab084db837ff9051796
Removing snapshot sha256:eccbd24a99c60cd9e86ee5305dbfc4a4dc89f5ab4fb1f06c8d64797cecedef34
Removing snapshot sha256:f144bb4c7c7f0d2aa7eeffd36d934ec40db1ee167be727e326aad9fdc616f475
Removing snapshot sha256:fdf71856aeeced020ff87a264f99e2e8a8235c4c8a887e2cb7d7aed3e223e873

]]></system-out>
  </testcase>
  <system-out><![CDATA[2025-01-28 21:22:05,090 INFO c.h.h.t.HelmChartContainerExtension - Using cached HelmChartContainer instance
]]></system-out>
  <system-err><![CDATA[]]></system-err>
</testsuite>
