<?xml version="1.0" encoding="UTF-8"?>
<testsuite name="com.hivemq.helmcharts.platform.HelmCustomServiceAccountIT" tests="4" skipped="0" failures="0" errors="0" timestamp="2025-06-06T16:47:06" hostname="fv-az1112-52" time="392.125">
  <properties/>
  <testcase name="platformCharts_withCreateAndValidateDisabled_hivemqRunning()" classname="com.hivemq.helmcharts.platform.HelmCustomServiceAccountIT" time="86.243"/>
  <testcase name="platformCharts_withNonExistingCustomServiceAccountThenCreate_hivemqRunning()" classname="com.hivemq.helmcharts.platform.HelmCustomServiceAccountIT" time="109.617"/>
  <testcase name="platformCharts_withCreationAndValidationDisabled_withCorrectExternalPermissions_hivemqRunning()" classname="com.hivemq.helmcharts.platform.HelmCustomServiceAccountIT" time="85.843"/>
  <testcase name="platformCharts_withNonExistingPermissionsThenCreate_hivemqRunning()" classname="com.hivemq.helmcharts.platform.HelmCustomServiceAccountIT" time="110.421"/>
</testsuite>
