<?xml version="1.0" encoding="UTF-8"?>
<testsuite name="com.hivemq.helmcharts.license.HelmBrokerLicensesIT" tests="2" skipped="0" failures="0" errors="0" timestamp="2025-05-09T09:17:10" hostname="fv-az1781-38" time="182.451">
  <properties/>
  <testcase name="withExistingBrokerLicenseSecret_statefulSetWithLicenseSecretMounted()" classname="com.hivemq.helmcharts.license.HelmBrokerLicensesIT" time="95.499"/>
  <testcase name="withBrokerLicenseFileContent_statefulSetWithLicenseSecretMounted()" classname="com.hivemq.helmcharts.license.HelmBrokerLicensesIT" time="86.951"/>
</testsuite>
