<?xml version="1.0" encoding="UTF-8"?>
<testsuite name="com.hivemq.helmcharts.extensions.HelmBridgeExtensionIT" tests="2" skipped="0" failures="0" errors="0" timestamp="2025-04-05T02:19:46" hostname="fv-az1755-759" time="189.975">
  <properties/>
  <testcase name="withBridgeConfiguration_messageBridged()" classname="com.hivemq.helmcharts.extensions.HelmBridgeExtensionIT" time="103.572"/>
  <testcase name="withBridgeSecretConfiguration_messageBridged()" classname="com.hivemq.helmcharts.extensions.HelmBridgeExtensionIT" time="86.402"/>
</testsuite>
