<?xml version="1.0" encoding="UTF-8"?>
<testsuite name="com.hivemq.helmcharts.operator.HelmApplyCrdIT" tests="3" skipped="0" failures="0" errors="0" timestamp="2025-08-18T12:37:56" hostname="pkrvmubgrv54qmi" time="90.716">
  <properties/>
  <testcase name="withCrdNotDeployed_withDisabledCrdApply_operatorIsFailing()" classname="com.hivemq.helmcharts.operator.HelmApplyCrdIT" time="17.937"/>
  <testcase name="withCrdNotDeployed_operatorIsRunning()" classname="com.hivemq.helmcharts.operator.HelmApplyCrdIT" time="32.035"/>
  <testcase name="withOutdatedCrd_operatorIsRunning()" classname="com.hivemq.helmcharts.operator.HelmApplyCrdIT" time="40.744"/>
</testsuite>
