<?xml version="1.0" encoding="UTF-8"?>
<testsuite name="com.hivemq.helmcharts.platform.HelmPlatformTlsIT" tests="2" skipped="0" failures="0" errors="0" timestamp="2025-05-05T19:51:44" hostname="fv-az2236-268" time="202.652">
  <properties/>
  <testcase name="platformChart_whenTlsEnabled_hivemqRunning(Path)" classname="com.hivemq.helmcharts.platform.HelmPlatformTlsIT" time="107.355"/>
  <testcase name="platformChart_whenTlsEnabledWithDifferentPrivateKey_hivemqRunning(Path)" classname="com.hivemq.helmcharts.platform.HelmPlatformTlsIT" time="95.297"/>
</testsuite>
