<?xml version="1.0" encoding="UTF-8"?>
<testsuite name="com.hivemq.helmcharts.platform.HelmCustomConfigIT" tests="4" skipped="0" failures="0" errors="0" timestamp="2025-04-24T10:14:41" hostname="fv-az1778-246" time="448.004">
  <properties/>
  <testcase name="withCustomYml_hivemqRunning()" classname="com.hivemq.helmcharts.platform.HelmCustomConfigIT" time="60.346"/>
  <testcase name="withExistingConfigMap_customResourceCreated()" classname="com.hivemq.helmcharts.platform.HelmCustomConfigIT" time="126.302"/>
  <testcase name="withCustomEnvVars_hivemqRunning()" classname="com.hivemq.helmcharts.platform.HelmCustomConfigIT" time="133.394"/>
  <testcase name="withCustomXml_hivemqRunning()" classname="com.hivemq.helmcharts.platform.HelmCustomConfigIT" time="127.956"/>
</testsuite>
