<?xml version="1.0" encoding="UTF-8"?>
<testsuite name="com.hivemq.helmcharts.ExtensionInstallationIT" tests="1" skipped="0" failures="0" errors="0" timestamp="2025-03-18T20:42:20" hostname="fv-az1665-680" time="125.061">
  <properties/>
  <testcase name="withLogExtensionConfiguration_hivemqRunning()" classname="com.hivemq.helmcharts.ExtensionInstallationIT" time="125.061"/>
</testsuite>
