<?xml version="1.0" encoding="UTF-8"?>
<testsuite name="com.hivemq.helmcharts.platform.HelmPlatformTlsIT" tests="2" skipped="0" failures="0" errors="0" timestamp="2025-03-07T18:51:01" hostname="fv-az1043-590" time="227.429">
  <properties/>
  <testcase name="platformChart_whenTlsEnabled_hivemqRunning(Path)" classname="com.hivemq.helmcharts.platform.HelmPlatformTlsIT" time="115.074"/>
  <testcase name="platformChart_whenTlsEnabledWithDifferentPrivateKey_hivemqRunning(Path)" classname="com.hivemq.helmcharts.platform.HelmPlatformTlsIT" time="112.355"/>
</testsuite>
