<?xml version="1.0" encoding="UTF-8"?>
<testsuite name="com.hivemq.helmcharts.extensions.HelmCustomExtensionWithHttpBasicAuthIT" tests="1" skipped="0" failures="0" errors="0" timestamp="2025-07-02T14:10:12" hostname="fv-az1695-874" time="99.355">
  <properties/>
  <testcase name="platformChart_whenCustomExtensionIsConfigured_withHttpBasicAuth_thenStartsUpSuccessfully()" classname="com.hivemq.helmcharts.extensions.HelmCustomExtensionWithHttpBasicAuthIT" time="99.355"/>
</testsuite>
