<?xml version="1.0" encoding="UTF-8"?>
<testsuite name="com.hivemq.helmcharts.extensions.HelmCustomExtensionIT" tests="3" skipped="0" failures="0" errors="0" timestamp="2025-01-29T18:37:03" hostname="fv-az1333-232" time="326.826">
  <properties/>
  <testcase name="platformChart_whenCustomExtensionIsConfigured_withHttpBasicAuth_thenStartsUpSuccessfully()" classname="com.hivemq.helmcharts.extensions.HelmCustomExtensionIT" time="111.017">
    <system-out><![CDATA[2025-01-29 18:37:03,573 INFO c.h.h.t.HelmChartContainer - Creating namespace 'helmcustomextensionit-operator'...
2025-01-29 18:37:03,833 INFO c.h.h.t.HelmChartContainer - Namespace 'helmcustomextensionit-operator' created
2025-01-29 18:37:03,835 INFO c.h.h.t.HelmChartContainer - Creating namespace 'helmcustomextensionit'...
2025-01-29 18:37:03,837 INFO c.h.h.t.HelmChartContainer - [POD] coredns-ff8999cc5-hgpts [1d14c2a7-e2ff-40dc-96b0-9144cb3fc071] in kube-system was ADDED
2025-01-29 18:37:03,840 INFO c.h.h.t.HelmChartContainer - [POD] local-path-provisioner-698b58967b-4vkrc [264192a0-fb56-4600-8027-19a89f98bd73] in kube-system was ADDED
2025-01-29 18:37:03,843 INFO c.h.h.t.HelmChartContainer - [POD] metrics-server-8584b5786c-62c4k [1f683220-38f6-445e-8df1-5b32d1ab44bb] in kube-system was ADDED
2025-01-29 18:37:03,847 INFO c.h.h.t.HelmChartContainer - Namespace 'helmcustomextensionit' created
2025-01-29 18:37:03,924 DEBUG c.h.h.t.HelmChartContainer - Executing helm command: /bin/helm --kubeconfig /etc/rancher/k3s/k3s.yaml install test-hivemq-platform-operator /charts/hivemq-platform-operator --wait --timeout 5m0s --set image.repository=docker.io/hivemq --set image.name=hivemq-platform-operator-test --set image.initImageName=hivemq-platform-operator-init-test --set image.tag=snapshot --set image.pullPolicy=Never --set logLevel=DEBUG --set resources.cpu=512m --namespace helmcustomextensionit-operator
2025-01-29 18:37:06,285 INFO c.h.h.t.HelmChartContainer - [K3S] [alloc.go:330] "allocated clusterIPs" service="helmcustomextensionit-operator/hivemq-platform-operator-test-hivemq-platform-operator" clusterIPs={"IPv4":"10.43.201.59"}
2025-01-29 18:37:06,304 INFO c.h.h.t.HelmChartContainer - [EVENT] Normal [ScalingReplicaSet] Scaled up replica set hivemq-test-hivemq-platform-operator-6966f96d65 from 0 to 1 [helmcustomextensionit-operator:hivemq-test-hivemq-platform-operator]
2025-01-29 18:37:06,318 INFO c.h.h.t.HelmChartContainer - [POD] hivemq-test-hivemq-platform-operator-6966f96d65-4w92k [907a50e2-94cf-4877-a60e-6694b20ae84d] in helmcustomextensionit-operator was ADDED
2025-01-29 18:37:06,318 INFO c.h.h.t.HelmChartContainer - [EVENT] Normal [SuccessfulCreate] Created pod: hivemq-test-hivemq-platform-operator-6966f96d65-4w92k [helmcustomextensionit-operator:hivemq-test-hivemq-platform-operator-6966f96d65]
2025-01-29 18:37:06,322 INFO c.h.h.t.HelmChartContainer - [POD] hivemq-test-hivemq-platform-operator-6966f96d65-4w92k [907a50e2-94cf-4877-a60e-6694b20ae84d] in helmcustomextensionit-operator was MODIFIED
2025-01-29 18:37:06,332 INFO c.h.h.t.HelmChartContainer - [EVENT] Normal [Scheduled] Successfully assigned helmcustomextensionit-operator/hivemq-test-hivemq-platform-operator-6966f96d65-4w92k to 90e6ebb001dc [helmcustomextensionit-operator:hivemq-test-hivemq-platform-operator-6966f96d65-4w92k]
2025-01-29 18:37:06,333 INFO c.h.h.t.HelmChartContainer - [K3S] [replica_set.go:679] "Finished syncing" kind="ReplicaSet" key="helmcustomextensionit-operator/hivemq-test-hivemq-platform-operator-6966f96d65" duration="32.627834ms"
2025-01-29 18:37:06,351 INFO c.h.h.t.HelmChartContainer - [K3S] [replica_set.go:679] "Finished syncing" kind="ReplicaSet" key="helmcustomextensionit-operator/hivemq-test-hivemq-platform-operator-6966f96d65" duration="18.727857ms"
2025-01-29 18:37:06,353 INFO c.h.h.t.HelmChartContainer - [K3S] [replica_set.go:679] "Finished syncing" kind="ReplicaSet" key="helmcustomextensionit-operator/hivemq-test-hivemq-platform-operator-6966f96d65" duration="60.653µs"
2025-01-29 18:37:06,355 INFO c.h.h.t.HelmChartContainer - [POD] hivemq-test-hivemq-platform-operator-6966f96d65-4w92k [907a50e2-94cf-4877-a60e-6694b20ae84d] in helmcustomextensionit-operator was MODIFIED
2025-01-29 18:37:06,519 INFO c.h.h.t.HelmChartContainer - [K3S] [reconciler_common.go:251] "operationExecutor.VerifyControllerAttachedVolume started for volume \"kube-api-access-n5f6r\" (UniqueName: \"kubernetes.io/projected/907a50e2-94cf-4877-a60e-6694b20ae84d-kube-api-access-n5f6r\") pod \"hivemq-test-hivemq-platform-operator-6966f96d65-4w92k\" (UID: \"907a50e2-94cf-4877-a60e-6694b20ae84d\") " pod="helmcustomextensionit-operator/hivemq-test-hivemq-platform-operator-6966f96d65-4w92k"
2025-01-29 18:37:09,052 INFO c.h.h.t.HelmChartContainer - [EVENT] Normal [Pulled] Container image "docker.io/hivemq/hivemq-platform-operator-test:snapshot" already present on machine [helmcustomextensionit-operator:hivemq-test-hivemq-platform-operator-6966f96d65-4w92k]
2025-01-29 18:37:09,053 INFO c.h.h.t.HelmChartContainer - Received Pulled event for container hivemq-platform-operator in pod hivemq-test-hivemq-platform-operator-6966f96d65-4w92k [907a50e2-94cf-4877-a60e-6694b20ae84d]
2025-01-29 18:37:09,062 INFO c.h.h.t.HelmChartContainer - [EVENT] Normal [Created] Created container: hivemq-platform-operator [helmcustomextensionit-operator:hivemq-test-hivemq-platform-operator-6966f96d65-4w92k]
2025-01-29 18:37:09,062 INFO c.h.h.t.HelmChartContainer - Received Created event for container hivemq-platform-operator in pod hivemq-test-hivemq-platform-operator-6966f96d65-4w92k [907a50e2-94cf-4877-a60e-6694b20ae84d]
2025-01-29 18:37:09,285 INFO c.h.h.t.HelmChartContainer - [K3S] [replica_set.go:679] "Finished syncing" kind="ReplicaSet" key="helmcustomextensionit-operator/hivemq-test-hivemq-platform-operator-6966f96d65" duration="49.964µs"
2025-01-29 18:37:09,286 INFO c.h.h.t.HelmChartContainer - [POD] hivemq-test-hivemq-platform-operator-6966f96d65-4w92k [907a50e2-94cf-4877-a60e-6694b20ae84d] in helmcustomextensionit-operator was MODIFIED
2025-01-29 18:37:09,314 INFO c.h.h.t.HelmChartContainer - [EVENT] Normal [Started] Started container hivemq-platform-operator [helmcustomextensionit-operator:hivemq-test-hivemq-platform-operator-6966f96d65-4w92k]
2025-01-29 18:37:09,314 INFO c.h.h.t.HelmChartContainer - Started log watcher for hivemq-platform-operator in pod hivemq-test-hivemq-platform-operator-6966f96d65-4w92k [907a50e2-94cf-4877-a60e-6694b20ae84d]
2025-01-29 18:37:09,314 INFO c.h.h.t.HelmChartContainer - Received Started event for container hivemq-platform-operator in pod hivemq-test-hivemq-platform-operator-6966f96d65-4w92k [907a50e2-94cf-4877-a60e-6694b20ae84d]
2025-01-29 18:37:09,315 INFO c.h.h.t.HelmChartContainer - [hivemq-test-hivemq-platform] [hivemq-platform-operator] [907a50e2] -------------------------------------------------------------------------
2025-01-29 18:37:09,315 INFO c.h.h.t.HelmChartContainer - [hivemq-test-hivemq-platform] [hivemq-platform-operator] [907a50e2] 
2025-01-29 18:37:09,315 INFO c.h.h.t.HelmChartContainer - [hivemq-test-hivemq-platform] [hivemq-platform-operator] [907a50e2]                   _    _  _              __  __   ____
2025-01-29 18:37:09,315 INFO c.h.h.t.HelmChartContainer - [hivemq-test-hivemq-platform] [hivemq-platform-operator] [907a50e2]                  | |  | |(_)            |  \/  | / __ \
2025-01-29 18:37:09,316 INFO c.h.h.t.HelmChartContainer - [hivemq-test-hivemq-platform] [hivemq-platform-operator] [907a50e2]                  | |__| | _ __   __ ___ | \  / || |  | |
2025-01-29 18:37:09,316 INFO c.h.h.t.HelmChartContainer - [hivemq-test-hivemq-platform] [hivemq-platform-operator] [907a50e2]                  |  __  || |\ \ / // _ \| |\/| || |  | |
2025-01-29 18:37:09,316 INFO c.h.h.t.HelmChartContainer - [hivemq-test-hivemq-platform] [hivemq-platform-operator] [907a50e2]                  | |  | || | \ V /|  __/| |  | || |__| |
2025-01-29 18:37:09,316 INFO c.h.h.t.HelmChartContainer - [hivemq-test-hivemq-platform] [hivemq-platform-operator] [907a50e2]                  |_|  |_||_|  \_/  \___||_|  |_| \___\_\
2025-01-29 18:37:09,316 INFO c.h.h.t.HelmChartContainer - [hivemq-test-hivemq-platform] [hivemq-platform-operator] [907a50e2] 
2025-01-29 18:37:09,316 INFO c.h.h.t.HelmChartContainer - [hivemq-test-hivemq-platform] [hivemq-platform-operator] [907a50e2] -------------------------------------------------------------------------
2025-01-29 18:37:09,316 INFO c.h.h.t.HelmChartContainer - [hivemq-test-hivemq-platform] [hivemq-platform-operator] [907a50e2] 
2025-01-29 18:37:09,316 INFO c.h.h.t.HelmChartContainer - [hivemq-test-hivemq-platform] [hivemq-platform-operator] [907a50e2]   HiveMQ Platform Operator Start Script v1.0
2025-01-29 18:37:09,316 INFO c.h.h.t.HelmChartContainer - [hivemq-test-hivemq-platform] [hivemq-platform-operator] [907a50e2] 
2025-01-29 18:37:09,316 INFO c.h.h.t.HelmChartContainer - [hivemq-test-hivemq-platform] [hivemq-platform-operator] [907a50e2] -------------------------------------------------------------------------
2025-01-29 18:37:09,316 INFO c.h.h.t.HelmChartContainer - [hivemq-test-hivemq-platform] [hivemq-platform-operator] [907a50e2] 
2025-01-29 18:37:09,316 INFO c.h.h.t.HelmChartContainer - [hivemq-test-hivemq-platform] [hivemq-platform-operator] [907a50e2]   JAVA_OPTS: -XX:+UnlockExperimentalVMOptions -XX:InitialRAMPercentage=75 -XX:MaxRAMPercentage=75 -Duser.language=en -Duser.region=US
2025-01-29 18:37:09,316 INFO c.h.h.t.HelmChartContainer - [hivemq-test-hivemq-platform] [hivemq-platform-operator] [907a50e2] 
2025-01-29 18:37:09,316 INFO c.h.h.t.HelmChartContainer - [hivemq-test-hivemq-platform] [hivemq-platform-operator] [907a50e2]   JAVA_VERSION: 21
2025-01-29 18:37:09,316 INFO c.h.h.t.HelmChartContainer - [hivemq-test-hivemq-platform] [hivemq-platform-operator] [907a50e2] 
2025-01-29 18:37:09,316 INFO c.h.h.t.HelmChartContainer - [hivemq-test-hivemq-platform] [hivemq-platform-operator] [907a50e2] -------------------------------------------------------------------------
2025-01-29 18:37:09,316 INFO c.h.h.t.HelmChartContainer - [hivemq-test-hivemq-platform] [hivemq-platform-operator] [907a50e2] 
2025-01-29 18:37:10,266 INFO c.h.h.t.HelmChartContainer - [POD] metrics-server-8584b5786c-62c4k [1f683220-38f6-445e-8df1-5b32d1ab44bb] in kube-system was MODIFIED
2025-01-29 18:37:10,280 INFO c.h.h.t.HelmChartContainer - [K3S] [replica_set.go:679] "Finished syncing" kind="ReplicaSet" key="kube-system/metrics-server-8584b5786c" duration="15.663112ms"
2025-01-29 18:37:10,281 INFO c.h.h.t.HelmChartContainer - [K3S] [replica_set.go:679] "Finished syncing" kind="ReplicaSet" key="kube-system/metrics-server-8584b5786c" duration="35.557µs"
2025-01-29 18:37:12,501 INFO c.h.h.t.HelmChartContainer - [hivemq-test-hivemq-platform] [hivemq-platform-operator] [907a50e2] 18:37:12.497 [main] DEBUG org.jboss.logging - Logging Provider: org.jboss.logging.Slf4jLoggerProvider
2025-01-29 18:37:12,608 INFO c.h.h.t.HelmChartContainer - [hivemq-test-hivemq-platform] [hivemq-platform-operator] [907a50e2] 18:37:12.606 [main] DEBUG io.smallrye.config - SRCFG01006: Loaded ConfigSource SysPropConfigSource with ordinal 400
2025-01-29 18:37:12,608 INFO c.h.h.t.HelmChartContainer - [hivemq-test-hivemq-platform] [hivemq-platform-operator] [907a50e2] 18:37:12.607 [main] DEBUG io.smallrye.config - SRCFG01006: Loaded ConfigSource EnvConfigSource with ordinal 300
2025-01-29 18:37:12,608 INFO c.h.h.t.HelmChartContainer - [hivemq-test-hivemq-platform] [hivemq-platform-operator] [907a50e2] 18:37:12.607 [main] DEBUG io.smallrye.config - SRCFG01006: Loaded ConfigSource PropertiesConfigSource[source=jar:file:///opt/hivemq-platform-operator/bin/hivemq-platform-operator.jar!/hivemq-platform-operator.properties] with ordinal 100
2025-01-29 18:37:12,609 INFO c.h.h.t.HelmChartContainer - [hivemq-test-hivemq-platform] [hivemq-platform-operator] [907a50e2] 18:37:12.607 [main] DEBUG io.smallrye.config - SRCFG01006: Loaded ConfigSource DefaultValuesConfigSource with ordinal -2147483648
2025-01-29 18:37:12,745 INFO c.h.h.t.HelmChartContainer - [hivemq-test-hivemq-platform] [hivemq-platform-operator] [907a50e2] 18:37:12.744 [main] DEBUG i.m.c.u.i.l.InternalLoggerFactory - Using SLF4J as the default logging framework
2025-01-29 18:37:12,912 INFO c.h.h.t.HelmChartContainer - [hivemq-test-hivemq-platform] [hivemq-platform-operator] [907a50e2] 18:37:12.902 [main] INFO  c.h.p.o.HiveMQPlatformOperatorApplication - HiveMQ Platform Operator 1.7.0-SNAPSHOT (commit: b1b9591 on branch: HEAD) built on Wed Jan 29 18:32:18 UTC 2025
2025-01-29 18:37:12,912 INFO c.h.h.t.HelmChartContainer - [hivemq-test-hivemq-platform] [hivemq-platform-operator] [907a50e2] 18:37:12.910 [main] INFO  c.h.p.o.HiveMQPlatformOperatorApplication - HiveMQ Platform Operator is running in namespace: helmcustomextensionit-operator
2025-01-29 18:37:12,912 INFO c.h.h.t.HelmChartContainer - [hivemq-test-hivemq-platform] [hivemq-platform-operator] [907a50e2] 18:37:12.910 [main] INFO  c.h.p.o.HiveMQPlatformOperatorApplication - Watching all namespaces
2025-01-29 18:37:12,912 INFO c.h.h.t.HelmChartContainer - [hivemq-test-hivemq-platform] [hivemq-platform-operator] [907a50e2] 18:37:12.910 [main] INFO  c.h.p.o.HiveMQPlatformOperatorApplication - Log level: DEBUG
2025-01-29 18:37:12,912 INFO c.h.h.t.HelmChartContainer - [hivemq-test-hivemq-platform] [hivemq-platform-operator] [907a50e2] 18:37:12.910 [main] INFO  c.h.p.o.HiveMQPlatformOperatorApplication - Release name: test-hivemq-platform-operator
2025-01-29 18:37:12,912 INFO c.h.h.t.HelmChartContainer - [hivemq-test-hivemq-platform] [hivemq-platform-operator] [907a50e2] 18:37:12.910 [main] INFO  c.h.p.o.HiveMQPlatformOperatorApplication - HiveMQ Platform Operator Init image: docker.io/hivemq/hivemq-platform-operator-init-test:snapshot
2025-01-29 18:37:12,912 INFO c.h.h.t.HelmChartContainer - [hivemq-test-hivemq-platform] [hivemq-platform-operator] [907a50e2] 18:37:12.910 [main] INFO  c.h.p.o.HiveMQPlatformOperatorApplication - HiveMQ Platform Operator Init App update URL: http://hivemq-platform-operator-test-hivemq-platform-operator.helmcustomextensionit-operator.svc:8080/initAppUpdate/hivemq-platform-operator-init-app-1.7.0-SNAPSHOT.jar
2025-01-29 18:37:12,912 INFO c.h.h.t.HelmChartContainer - [hivemq-test-hivemq-platform] [hivemq-platform-operator] [907a50e2] 18:37:12.910 [main] INFO  c.h.p.o.HiveMQPlatformOperatorApplication - Additional imagePullSecret for all Platform deployments: none
2025-01-29 18:37:12,912 INFO c.h.h.t.HelmChartContainer - [hivemq-test-hivemq-platform] [hivemq-platform-operator] [907a50e2] 18:37:12.910 [main] INFO  c.h.p.o.HiveMQPlatformOperatorApplication - Apply HiveMQ Platform CRD: true
2025-01-29 18:37:12,912 INFO c.h.h.t.HelmChartContainer - [hivemq-test-hivemq-platform] [hivemq-platform-operator] [907a50e2] 18:37:12.910 [main] INFO  c.h.p.o.HiveMQPlatformOperatorApplication - Create Platform ServiceAccount: true
2025-01-29 18:37:12,912 INFO c.h.h.t.HelmChartContainer - [hivemq-test-hivemq-platform] [hivemq-platform-operator] [907a50e2] 18:37:12.910 [main] INFO  c.h.p.o.HiveMQPlatformOperatorApplication - Create Platform ServiceAccount permissions: true
2025-01-29 18:37:12,914 INFO c.h.h.t.HelmChartContainer - [hivemq-test-hivemq-platform] [hivemq-platform-operator] [907a50e2] 18:37:12.910 [main] INFO  c.h.p.o.HiveMQPlatformOperatorApplication - Validate Platform ServiceAccount: true
2025-01-29 18:37:12,914 INFO c.h.h.t.HelmChartContainer - [hivemq-test-hivemq-platform] [hivemq-platform-operator] [907a50e2] 18:37:12.911 [main] INFO  c.h.p.o.HiveMQPlatformOperatorApplication - Validate Platform ServiceAccount permissions: true
2025-01-29 18:37:13,102 INFO c.h.h.t.HelmChartContainer - [hivemq-test-hivemq-platform] [hivemq-platform-operator] [907a50e2] 18:37:13.101 [main] INFO  c.h.platform.operator.util.CRDUtil - Verifying deployed HiveMQ Platform CRD...
2025-01-29 18:37:15,647 INFO c.h.h.t.HelmChartContainer - [hivemq-test-hivemq-platform] [hivemq-platform-operator] [907a50e2] 18:37:15.645 [main] DEBUG c.h.platform.operator.util.CRDUtil - HiveMQ Platform CRD version v1 is up to date
2025-01-29 18:37:15,647 INFO c.h.h.t.HelmChartContainer - [hivemq-test-hivemq-platform] [hivemq-platform-operator] [907a50e2] 18:37:15.646 [main] INFO  c.h.platform.operator.util.CRDUtil - HiveMQ Platform CRD is up to date (version: V1_6_0)
2025-01-29 18:37:15,647 INFO c.h.h.t.HelmChartContainer - [hivemq-test-hivemq-platform] [hivemq-platform-operator] [907a50e2] 18:37:15.646 [main] INFO  c.h.platform.operator.util.CRDUtil - Waiting 10000 ms for HiveMQ Platform CRD 'hivemq-platforms.hivemq.com' to become ready...
2025-01-29 18:37:15,828 INFO c.h.h.t.HelmChartContainer - [K3S] [range_allocator.go:247] "Successfully synced" key="90e6ebb001dc"
2025-01-29 18:37:15,947 INFO c.h.h.t.HelmChartContainer - [hivemq-test-hivemq-platform] [hivemq-platform-operator] [907a50e2] 18:37:15.946 [vert.x-eventloop-thread-1] DEBUG c.h.platform.operator.util.CRDUtil - Checking CRD condition 'NamesAccepted' (status: 'True')
2025-01-29 18:37:15,998 INFO c.h.h.t.HelmChartContainer - [hivemq-test-hivemq-platform] [hivemq-platform-operator] [907a50e2] 18:37:15.947 [vert.x-eventloop-thread-1] DEBUG c.h.platform.operator.util.CRDUtil - Checking CRD condition 'Established' (status: 'True')
2025-01-29 18:37:15,999 INFO c.h.h.t.HelmChartContainer - [hivemq-test-hivemq-platform] [hivemq-platform-operator] [907a50e2] 18:37:15.997 [main] INFO  c.h.platform.operator.util.CRDUtil - HiveMQ Platform CRD 'hivemq-platforms.hivemq.com' is ready
2025-01-29 18:37:16,149 INFO c.h.h.t.HelmChartContainer - [hivemq-test-hivemq-platform] [hivemq-platform-operator] [907a50e2] 18:37:16.147 [main] INFO  c.h.p.o.HiveMQPlatformReconciler - HiveMQ Platform Operator is starting...
2025-01-29 18:37:16,300 INFO c.h.h.t.HelmChartContainer - [hivemq-test-hivemq-platform] [hivemq-platform-operator] [907a50e2] 18:37:16.299 [main] WARN  Default ConfigurationService implementation - Configuration for reconciler 'hivemq-controller' was not found. Known reconcilers: None.
2025-01-29 18:37:16,309 INFO c.h.h.t.HelmChartContainer - [hivemq-test-hivemq-platform] [hivemq-platform-operator] [907a50e2] 18:37:16.307 [main] INFO  Default ConfigurationService implementation - Created configuration for reconciler com.hivemq.platform.operator.HiveMQPlatformReconciler with name hivemq-controller
2025-01-29 18:37:16,444 INFO c.h.h.t.HelmChartContainer - [hivemq-test-hivemq-platform] [hivemq-platform-operator] [907a50e2] 18:37:16.443 [main] DEBUG c.h.p.o.HiveMQPlatformReconciler - HiveMQ Platform Operator is preparing EventSources
2025-01-29 18:37:16,505 INFO c.h.h.t.HelmChartContainer - [hivemq-test-hivemq-platform] [hivemq-platform-operator] [907a50e2] 18:37:16.504 [main] INFO  i.javaoperatorsdk.operator.Operator - Registered reconciler: 'hivemq-controller' for resource: 'class com.hivemq.platform.operator.v1.HiveMQPlatform' for namespace(s): [all namespaces]
2025-01-29 18:37:16,930 INFO c.h.h.t.HelmChartContainer - [EVENT] Warning [Unhealthy] Liveness probe failed: Get "http://10.42.0.5:8080/health/liveness": dial tcp 10.42.0.5:8080: connect: connection refused [helmcustomextensionit-operator:hivemq-test-hivemq-platform-operator-6966f96d65-4w92k]
2025-01-29 18:37:16,930 INFO c.h.h.t.HelmChartContainer - Received Unhealthy event for container hivemq-platform-operator in pod hivemq-test-hivemq-platform-operator-6966f96d65-4w92k [907a50e2-94cf-4877-a60e-6694b20ae84d]
2025-01-29 18:37:17,203 INFO c.h.h.t.HelmChartContainer - [hivemq-test-hivemq-platform] [hivemq-platform-operator] [907a50e2] 18:37:17.201 [main] INFO  c.h.p.operator.webserver.JettyServer - Starting Jetty server on port 8080
2025-01-29 18:37:17,299 INFO c.h.h.t.HelmChartContainer - [hivemq-test-hivemq-platform] [hivemq-platform-operator] [907a50e2] 18:37:17.298 [main] INFO  i.javaoperatorsdk.operator.Operator - Operator SDK 4.9.7 (commit: 2133d28) built on Wed Nov 20 12:56:20 UTC 2024 starting...
2025-01-29 18:37:17,299 INFO c.h.h.t.HelmChartContainer - [hivemq-test-hivemq-platform] [hivemq-platform-operator] [907a50e2] 18:37:17.298 [main] INFO  i.javaoperatorsdk.operator.Operator - Client version: 6.13.5
2025-01-29 18:37:17,301 INFO c.h.h.t.HelmChartContainer - [hivemq-test-hivemq-platform] [hivemq-platform-operator] [907a50e2] 18:37:17.300 [Controller Starter for: hivemq-controller] INFO  i.j.operator.processing.Controller - Starting 'hivemq-controller' controller for reconciler: com.hivemq.platform.operator.HiveMQPlatformReconciler, resource: com.hivemq.platform.operator.v1.HiveMQPlatform
2025-01-29 18:37:19,809 INFO c.h.h.t.HelmChartContainer - [hivemq-test-hivemq-platform] [hivemq-platform-operator] [907a50e2] 18:37:19.808 [Controller Starter for: hivemq-controller] INFO  i.j.operator.processing.Controller - 'hivemq-controller' controller started
2025-01-29 18:37:19,810 INFO c.h.h.t.HelmChartContainer - [hivemq-test-hivemq-platform] [hivemq-platform-operator] [907a50e2] 18:37:19.808 [main] INFO  c.h.p.o.HiveMQPlatformOperatorApplication - HiveMQ Platform Operator 1.7.0-SNAPSHOT started in 6906 ms
2025-01-29 18:37:20,366 INFO c.h.h.t.HelmChartContainer - [POD] hivemq-test-hivemq-platform-operator-6966f96d65-4w92k [907a50e2-94cf-4877-a60e-6694b20ae84d] in helmcustomextensionit-operator was MODIFIED
2025-01-29 18:37:20,369 INFO c.h.h.t.HelmChartContainer - [K3S] [replica_set.go:679] "Finished syncing" kind="ReplicaSet" key="helmcustomextensionit-operator/hivemq-test-hivemq-platform-operator-6966f96d65" duration="8.462267ms"
2025-01-29 18:37:20,369 INFO c.h.h.t.HelmChartContainer - [K3S] [replica_set.go:679] "Finished syncing" kind="ReplicaSet" key="helmcustomextensionit-operator/hivemq-test-hivemq-platform-operator-6966f96d65" duration="46.336µs"
2025-01-29 18:37:22,419 DEBUG c.h.helmcharts.util.HiveMQExtension - Trying to package class 'org.slf4j.Logger' into extension 'hivemq-custom-test-extension'
2025-01-29 18:37:22,423 DEBUG c.h.helmcharts.util.HiveMQExtension - Trying to package class 'com.hivemq.extension.sdk.api.ExtensionMain' into extension 'hivemq-custom-test-extension'
2025-01-29 18:37:22,424 DEBUG c.h.helmcharts.util.HiveMQExtension - Trying to compile class '/home/runner/work/helm-charts/helm-charts/helm-charts/tests-hivemq-platform-operator/src/integrationTest/java/com/hivemq/helmcharts/extensions/custom/CustomTestExtensionMain.java' into extension 'hivemq-custom-test-extension'
2025-01-29 18:37:23,239 DEBUG c.h.helmcharts.util.HiveMQExtension - Trying to package class 'org.slf4j.LoggerFactory' into extension 'hivemq-custom-test-extension'
2025-01-29 18:37:23,328 INFO c.h.h.t.HelmChartContainer - [EVENT] Normal [ScalingReplicaSet] Scaled up replica set nginx-6589db77b6 from 0 to 1 [helmcustomextensionit:nginx]
2025-01-29 18:37:23,337 INFO c.h.h.t.HelmChartContainer - [POD] nginx-6589db77b6-r8p8r [68cefd1a-010f-4895-ba7b-b0ce721207e8] in helmcustomextensionit was ADDED
2025-01-29 18:37:23,346 INFO c.h.h.t.HelmChartContainer - [EVENT] Normal [SuccessfulCreate] Created pod: nginx-6589db77b6-r8p8r [helmcustomextensionit:nginx-6589db77b6]
2025-01-29 18:37:23,347 INFO c.h.h.t.HelmChartContainer - [POD] nginx-6589db77b6-r8p8r [68cefd1a-010f-4895-ba7b-b0ce721207e8] in helmcustomextensionit was MODIFIED
2025-01-29 18:37:23,348 INFO c.h.h.t.HelmChartContainer - [K3S] [alloc.go:330] "allocated clusterIPs" service="helmcustomextensionit/nginx-service" clusterIPs={"IPv4":"10.43.1.182"}
2025-01-29 18:37:23,354 INFO c.h.h.t.HelmChartContainer - [K3S] [replica_set.go:679] "Finished syncing" kind="ReplicaSet" key="helmcustomextensionit/nginx-6589db77b6" duration="39.525563ms"
2025-01-29 18:37:23,354 INFO c.h.h.t.HelmChartContainer - [EVENT] Normal [Scheduled] Successfully assigned helmcustomextensionit/nginx-6589db77b6-r8p8r to 90e6ebb001dc [helmcustomextensionit:nginx-6589db77b6-r8p8r]
2025-01-29 18:37:23,366 INFO c.h.h.t.HelmChartContainer - [K3S] [replica_set.go:679] "Finished syncing" kind="ReplicaSet" key="helmcustomextensionit/nginx-6589db77b6" duration="12.606204ms"
2025-01-29 18:37:23,368 INFO c.h.h.t.HelmChartContainer - [K3S] [replica_set.go:679] "Finished syncing" kind="ReplicaSet" key="helmcustomextensionit/nginx-6589db77b6" duration="33.192µs"
2025-01-29 18:37:23,375 INFO c.h.h.t.HelmChartContainer - [K3S] [replica_set.go:679] "Finished syncing" kind="ReplicaSet" key="helmcustomextensionit/nginx-6589db77b6" duration="27.26µs"
2025-01-29 18:37:23,379 INFO c.h.h.t.HelmChartContainer - [POD] nginx-6589db77b6-r8p8r [68cefd1a-010f-4895-ba7b-b0ce721207e8] in helmcustomextensionit was MODIFIED
2025-01-29 18:37:23,516 INFO c.h.h.t.HelmChartContainer - [K3S] [reconciler_common.go:251] "operationExecutor.VerifyControllerAttachedVolume started for volume \"nginx-basic-auth-conf\" (UniqueName: \"kubernetes.io/host-path/68cefd1a-010f-4895-ba7b-b0ce721207e8-nginx-basic-auth-conf\") pod \"nginx-6589db77b6-r8p8r\" (UID: \"68cefd1a-010f-4895-ba7b-b0ce721207e8\") " pod="helmcustomextensionit/nginx-6589db77b6-r8p8r"
2025-01-29 18:37:23,516 INFO c.h.h.t.HelmChartContainer - [K3S] [reconciler_common.go:251] "operationExecutor.VerifyControllerAttachedVolume started for volume \"volume-hivemq-custom-test-extension-200\" (UniqueName: \"kubernetes.io/host-path/68cefd1a-010f-4895-ba7b-b0ce721207e8-volume-hivemq-custom-test-extension-200\") pod \"nginx-6589db77b6-r8p8r\" (UID: \"68cefd1a-010f-4895-ba7b-b0ce721207e8\") " pod="helmcustomextensionit/nginx-6589db77b6-r8p8r"
2025-01-29 18:37:23,516 INFO c.h.h.t.HelmChartContainer - [K3S] [reconciler_common.go:251] "operationExecutor.VerifyControllerAttachedVolume started for volume \"nginx-htpasswd\" (UniqueName: \"kubernetes.io/host-path/68cefd1a-010f-4895-ba7b-b0ce721207e8-nginx-htpasswd\") pod \"nginx-6589db77b6-r8p8r\" (UID: \"68cefd1a-010f-4895-ba7b-b0ce721207e8\") " pod="helmcustomextensionit/nginx-6589db77b6-r8p8r"
2025-01-29 18:37:23,516 INFO c.h.h.t.HelmChartContainer - [K3S] [reconciler_common.go:251] "operationExecutor.VerifyControllerAttachedVolume started for volume \"kube-api-access-zl6zd\" (UniqueName: \"kubernetes.io/projected/68cefd1a-010f-4895-ba7b-b0ce721207e8-kube-api-access-zl6zd\") pod \"nginx-6589db77b6-r8p8r\" (UID: \"68cefd1a-010f-4895-ba7b-b0ce721207e8\") " pod="helmcustomextensionit/nginx-6589db77b6-r8p8r"
2025-01-29 18:37:23,742 INFO c.h.h.t.HelmChartContainer - [EVENT] Normal [Pulling] Pulling image "nginx:1.27.3" [helmcustomextensionit:nginx-6589db77b6-r8p8r]
2025-01-29 18:37:23,743 INFO c.h.h.t.HelmChartContainer - Received Pulling event for container nginx in pod nginx-6589db77b6-r8p8r [68cefd1a-010f-4895-ba7b-b0ce721207e8]
2025-01-29 18:37:26,188 INFO c.h.h.t.HelmChartContainer - [EVENT] Normal [Pulled] Successfully pulled image "nginx:1.27.3" in 2.445s (2.445s including waiting). Image size: 72080558 bytes. [helmcustomextensionit:nginx-6589db77b6-r8p8r]
2025-01-29 18:37:26,188 INFO c.h.h.t.HelmChartContainer - Received Pulled event for container nginx in pod nginx-6589db77b6-r8p8r [68cefd1a-010f-4895-ba7b-b0ce721207e8]
2025-01-29 18:37:26,204 INFO c.h.h.t.HelmChartContainer - [EVENT] Normal [Created] Created container: nginx [helmcustomextensionit:nginx-6589db77b6-r8p8r]
2025-01-29 18:37:26,205 INFO c.h.h.t.HelmChartContainer - Received Created event for container nginx in pod nginx-6589db77b6-r8p8r [68cefd1a-010f-4895-ba7b-b0ce721207e8]
2025-01-29 18:37:26,310 INFO c.h.h.t.HelmChartContainer - [POD] nginx-6589db77b6-r8p8r [68cefd1a-010f-4895-ba7b-b0ce721207e8] in helmcustomextensionit was MODIFIED
2025-01-29 18:37:26,321 INFO c.h.h.t.HelmChartContainer - [K3S] [replica_set.go:679] "Finished syncing" kind="ReplicaSet" key="helmcustomextensionit/nginx-6589db77b6" duration="12.21751ms"
2025-01-29 18:37:26,321 INFO c.h.h.t.HelmChartContainer - [K3S] [replica_set.go:679] "Finished syncing" kind="ReplicaSet" key="helmcustomextensionit/nginx-6589db77b6" duration="598.188µs"
2025-01-29 18:37:26,328 INFO c.h.h.t.HelmChartContainer - Started log watcher for nginx in pod nginx-6589db77b6-r8p8r [68cefd1a-010f-4895-ba7b-b0ce721207e8]
2025-01-29 18:37:26,329 INFO c.h.h.t.HelmChartContainer - [nginx-6589db77b6-r8p] [nginx] [68cefd1a] /docker-entrypoint.sh: /docker-entrypoint.d/ is not empty, will attempt to perform configuration
2025-01-29 18:37:26,329 INFO c.h.h.t.HelmChartContainer - [nginx-6589db77b6-r8p] [nginx] [68cefd1a] /docker-entrypoint.sh: Looking for shell scripts in /docker-entrypoint.d/
2025-01-29 18:37:26,329 INFO c.h.h.t.HelmChartContainer - [nginx-6589db77b6-r8p] [nginx] [68cefd1a] /docker-entrypoint.sh: Launching /docker-entrypoint.d/10-listen-on-ipv6-by-default.sh
2025-01-29 18:37:26,329 INFO c.h.h.t.HelmChartContainer - [nginx-6589db77b6-r8p] [nginx] [68cefd1a] 10-listen-on-ipv6-by-default.sh: info: IPv6 listen already enabled
2025-01-29 18:37:26,329 INFO c.h.h.t.HelmChartContainer - [nginx-6589db77b6-r8p] [nginx] [68cefd1a] /docker-entrypoint.sh: Sourcing /docker-entrypoint.d/15-local-resolvers.envsh
2025-01-29 18:37:26,329 INFO c.h.h.t.HelmChartContainer - [EVENT] Normal [Started] Started container nginx [helmcustomextensionit:nginx-6589db77b6-r8p8r]
2025-01-29 18:37:26,329 INFO c.h.h.t.HelmChartContainer - [nginx-6589db77b6-r8p] [nginx] [68cefd1a] /docker-entrypoint.sh: Launching /docker-entrypoint.d/20-envsubst-on-templates.sh
2025-01-29 18:37:26,329 INFO c.h.h.t.HelmChartContainer - [nginx-6589db77b6-r8p] [nginx] [68cefd1a] /docker-entrypoint.sh: Launching /docker-entrypoint.d/30-tune-worker-processes.sh
2025-01-29 18:37:26,329 INFO c.h.h.t.HelmChartContainer - [nginx-6589db77b6-r8p] [nginx] [68cefd1a] /docker-entrypoint.sh: Configuration complete; ready for start up
2025-01-29 18:37:26,329 INFO c.h.h.t.HelmChartContainer - [nginx-6589db77b6-r8p] [nginx] [68cefd1a] 2025/01/29 18:37:26 [notice] 1#1: using the "epoll" event method
2025-01-29 18:37:26,329 INFO c.h.h.t.HelmChartContainer - [nginx-6589db77b6-r8p] [nginx] [68cefd1a] 2025/01/29 18:37:26 [notice] 1#1: nginx/1.27.3
2025-01-29 18:37:26,329 INFO c.h.h.t.HelmChartContainer - Received Started event for container nginx in pod nginx-6589db77b6-r8p8r [68cefd1a-010f-4895-ba7b-b0ce721207e8]
2025-01-29 18:37:26,329 INFO c.h.h.t.HelmChartContainer - [nginx-6589db77b6-r8p] [nginx] [68cefd1a] 2025/01/29 18:37:26 [notice] 1#1: built by gcc 12.2.0 (Debian 12.2.0-14) 
2025-01-29 18:37:26,329 INFO c.h.h.t.HelmChartContainer - [nginx-6589db77b6-r8p] [nginx] [68cefd1a] 2025/01/29 18:37:26 [notice] 1#1: OS: Linux 6.8.0-1020-azure
2025-01-29 18:37:26,329 INFO c.h.h.t.HelmChartContainer - [nginx-6589db77b6-r8p] [nginx] [68cefd1a] 2025/01/29 18:37:26 [notice] 1#1: getrlimit(RLIMIT_NOFILE): 1048576:1048576
2025-01-29 18:37:26,329 INFO c.h.h.t.HelmChartContainer - [nginx-6589db77b6-r8p] [nginx] [68cefd1a] 2025/01/29 18:37:26 [notice] 1#1: start worker processes
2025-01-29 18:37:26,329 INFO c.h.h.t.HelmChartContainer - [nginx-6589db77b6-r8p] [nginx] [68cefd1a] 2025/01/29 18:37:26 [notice] 1#1: start worker process 22
2025-01-29 18:37:26,329 INFO c.h.h.t.HelmChartContainer - [nginx-6589db77b6-r8p] [nginx] [68cefd1a] 2025/01/29 18:37:26 [notice] 1#1: start worker process 23
2025-01-29 18:37:26,329 INFO c.h.h.t.HelmChartContainer - [nginx-6589db77b6-r8p] [nginx] [68cefd1a] 2025/01/29 18:37:26 [notice] 1#1: start worker process 24
2025-01-29 18:37:26,329 INFO c.h.h.t.HelmChartContainer - [nginx-6589db77b6-r8p] [nginx] [68cefd1a] 2025/01/29 18:37:26 [notice] 1#1: start worker process 25
2025-01-29 18:37:27,409 INFO c.h.h.testcontainer.LogWaiterUtil - TEST Waiting for log pattern on 'test-hivemq-platform-0': .*Extension "HiveMQ Custom Test Extension" version 2.0.0 started successfully.
2025-01-29 18:37:27,474 DEBUG c.h.h.t.HelmChartContainer - Executing helm command: /bin/helm --kubeconfig /etc/rancher/k3s/k3s.yaml install test-hivemq-platform /charts/hivemq-platform --wait --timeout 5m0s --set image.repository=docker.io/hivemq --set image.tag=4.36.0 --set image.pullPolicy=Never --set nodes.resources.cpu=512m -f /files/custom-extension-values-with-request-headers-secret.yaml --namespace helmcustomextensionit
2025-01-29 18:37:27,730 INFO c.h.h.t.HelmChartContainer - [hivemq-test-hivemq-platform] [hivemq-platform-operator] [907a50e2] 18:37:27.728 [-2082509879-pool-1-thread-4] WARN  i.m.p.PrometheusMeterRegistry - The meter (MeterId{name='operator.sdk.events.received', tags=[tag(action=ADDED),tag(event=ResourceEvent),tag(group=hivemq.com),tag(kind=HiveMQPlatform),tag(name=test-hivemq-platform),tag(namespace=helmcustomextensionit),tag(scope=namespace),tag(version=v1)]}) registration has failed: Prometheus requires that all meters with the same name have the same set of tag keys. There is already an existing meter named 'operator.sdk.events.received' containing tag keys [event, group, kind, name, namespace, scope, version]. The meter you are attempting to register has keys [action, event, group, kind, name, namespace, scope, version]. Note that subsequent logs will be logged at debug level.
2025-01-29 18:37:28,299 INFO c.h.h.t.HelmChartContainer - [hivemq-test-hivemq-platform] [hivemq-platform-operator] [907a50e2] 18:37:28.297 [pool-6-thread-3] DEBUG c.h.p.o.dependants.PodInfoConfigMap - [helmcust] Desired PodInfo ConfigMap (1 extensions) (1 enabled)
2025-01-29 18:37:28,300 INFO c.h.h.t.HelmChartContainer - [hivemq-test-hivemq-platform] [hivemq-platform-operator] [907a50e2] 18:37:28.298 [pool-6-thread-3] DEBUG c.h.p.o.dependants.PodInfoConfigMap - [helmcust] Desired PodInfo ConfigMap (metrics port: 9399) (metrics path: /)
2025-01-29 18:37:28,300 INFO c.h.h.t.HelmChartContainer - [hivemq-test-hivemq-platform] [hivemq-platform-operator] [907a50e2] 18:37:28.298 [pool-6-thread-3] DEBUG c.h.p.o.dependants.PodInfoConfigMap - [helmcust] Desired PodInfo ConfigMap (extension state hash: 1589925073)
2025-01-29 18:37:28,304 INFO c.h.h.t.HelmChartContainer - [hivemq-test-hivemq-platform] [hivemq-platform-operator] [907a50e2] 18:37:28.302 [pool-6-thread-3] DEBUG c.h.p.o.dependants.PodInfoConfigMap - [helmcust] Create PodInfo ConfigMap
2025-01-29 18:37:28,314 INFO c.h.h.t.HelmChartContainer - [hivemq-test-hivemq-platform] [hivemq-platform-operator] [907a50e2] 18:37:28.311 [pool-6-thread-5] DEBUG c.h.p.o.dependants.PodRoleResource - [helmcust] Create Role: Role(apiVersion=rbac.authorization.k8s.io/v1, kind=Role, metadata=ObjectMeta(annotations={meta.helm.sh/release-name=test-hivemq-platform, meta.helm.sh/release-namespace=helmcustomextensionit}, creationTimestamp=null, deletionGracePeriodSeconds=null, deletionTimestamp=null, finalizers=[], generateName=null, generation=null, labels={helm.sh/chart=hivemq-platform-0.2.32, app.kubernetes.io/managed-by=Helm, app.kubernetes.io/name=hivemq-platform, hivemq-platform=test-hivemq-platform, app.kubernetes.io/instance=test-hivemq-platform, app.kubernetes.io/version=4.36.0}, managedFields=[], name=hivemq-platform-role-test-hivemq-platform, namespace=helmcustomextensionit, ownerReferences=[OwnerReference(apiVersion=hivemq.com/v1, blockOwnerDeletion=null, controller=null, kind=HiveMQPlatform, name=test-hivemq-platform, uid=9d792e5c-9733-45bd-8b18-11db812601f2, additionalProperties={})], resourceVersion=null, selfLink=null, uid=null, additionalProperties={}), rules=[PolicyRule(apiGroups=[], nonResourceURLs=[], resourceNames=[], resources=[pods], verbs=[get, patch, update], additionalProperties={})], additionalProperties={})
2025-01-29 18:37:28,502 INFO c.h.h.t.HelmChartContainer - [hivemq-test-hivemq-platform] [hivemq-platform-operator] [907a50e2] 18:37:28.500 [pool-6-thread-7] DEBUG c.h.p.o.d.PodServiceAccountResource - [helmcust] Desired PodServiceAccountResource (serviceAccountName: hivemq-platform-pod-test-hivemq-platform)
2025-01-29 18:37:28,503 INFO c.h.h.t.HelmChartContainer - [hivemq-test-hivemq-platform] [hivemq-platform-operator] [907a50e2] 18:37:28.501 [pool-6-thread-7] DEBUG c.h.p.o.d.PodServiceAccountResource - [helmcust] Create ServiceAccount 'hivemq-platform-pod-test-hivemq-platform'
2025-01-29 18:37:28,607 INFO c.h.h.t.HelmChartContainer - [hivemq-test-hivemq-platform] [hivemq-platform-operator] [907a50e2] 18:37:28.605 [pool-6-thread-10] DEBUG c.h.p.o.d.PodRoleBindingResource - [helmcust] Create RoleBinding: RoleBinding(apiVersion=rbac.authorization.k8s.io/v1, kind=RoleBinding, metadata=ObjectMeta(annotations={meta.helm.sh/release-name=test-hivemq-platform, meta.helm.sh/release-namespace=helmcustomextensionit}, creationTimestamp=null, deletionGracePeriodSeconds=null, deletionTimestamp=null, finalizers=[], generateName=null, generation=null, labels={helm.sh/chart=hivemq-platform-0.2.32, app.kubernetes.io/managed-by=Helm, app.kubernetes.io/name=hivemq-platform, hivemq-platform=test-hivemq-platform, app.kubernetes.io/instance=test-hivemq-platform, app.kubernetes.io/version=4.36.0}, managedFields=[], name=hivemq-platform-role-binding-test-hivemq-platform, namespace=helmcustomextensionit, ownerReferences=[OwnerReference(apiVersion=hivemq.com/v1, blockOwnerDeletion=null, controller=null, kind=HiveMQPlatform, name=test-hivemq-platform, uid=9d792e5c-9733-45bd-8b18-11db812601f2, additionalProperties={})], resourceVersion=null, selfLink=null, uid=null, additionalProperties={}), roleRef=RoleRef(apiGroup=rbac.authorization.k8s.io, kind=Role, name=hivemq-platform-role-test-hivemq-platform, additionalProperties={}), subjects=[Subject(apiGroup=null, kind=ServiceAccount, name=hivemq-platform-pod-test-hivemq-platform, namespace=helmcustomextensionit, additionalProperties={})], additionalProperties={})
2025-01-29 18:37:28,699 INFO c.h.h.t.HelmChartContainer - [hivemq-test-hivemq-platform] [hivemq-platform-operator] [907a50e2] 18:37:28.697 [ReconcilerExecutor-hivemq-controller-53] INFO  c.h.p.o.HiveMQPlatformReconciler - [helmcust] Reconciling HiveMQ Platform 'test-hivemq-platform' in namespace 'helmcustomextensionit'
2025-01-29 18:37:28,700 INFO c.h.h.t.HelmChartContainer - [hivemq-test-hivemq-platform] [hivemq-platform-operator] [907a50e2] 18:37:28.698 [ReconcilerExecutor-hivemq-controller-53] DEBUG c.h.p.o.HiveMQPlatformReconciler - [helmcust] Custom Resource Status CREATED - HiveMQ Platform was created (READY)
2025-01-29 18:37:28,700 INFO c.h.h.t.HelmChartContainer - [hivemq-test-hivemq-platform] [hivemq-platform-operator] [907a50e2] 18:37:28.698 [ReconcilerExecutor-hivemq-controller-53] DEBUG c.h.p.o.HiveMQPlatformReconciler - [helmcust] Custom Resource Spec (replicas: 1) (extensions: 1)
2025-01-29 18:37:28,704 INFO c.h.h.t.HelmChartContainer - [hivemq-test-hivemq-platform] [hivemq-platform-operator] [907a50e2] 18:37:28.703 [ReconcilerExecutor-hivemq-controller-53] INFO  c.h.p.o.h.HiveMQPlatformReconcilerBaseHandler - [helmcust] HiveMQ Platform is starting
2025-01-29 18:37:28,811 INFO c.h.h.t.HelmChartContainer - [hivemq-test-hivemq-platform] [hivemq-platform-operator] [907a50e2] 18:37:28.809 [ReconcilerExecutor-hivemq-controller-53] DEBUG c.h.p.operator.event.EventSender - [helmcust] Creating K8s event hivemq-platform-starting: [Start] HiveMQ Platform is starting
2025-01-29 18:37:28,820 INFO c.h.h.t.HelmChartContainer - [EVENT] Normal [Start] HiveMQ Platform is starting [helmcustomextensionit:test-hivemq-platform]
2025-01-29 18:37:28,903 INFO c.h.h.t.HelmChartContainer - [hivemq-test-hivemq-platform] [hivemq-platform-operator] [907a50e2] 18:37:28.901 [ReconcilerExecutor-hivemq-controller-53] INFO  c.h.p.o.h.AbstractHiveMQReconcilerStateHandler - [helmcust] Update HiveMQ Platform Status (CREATED [READY] -> STARTING [READY]): HiveMQ Platform is starting
2025-01-29 18:37:28,918 DEBUG com.hivemq.helmcharts.util.K8sUtil - Comparing actual state 'STARTING' and waiting for 'RUNNING'
2025-01-29 18:37:39,009 INFO c.h.h.t.HelmChartContainer - [hivemq-test-hivemq-platform] [hivemq-platform-operator] [907a50e2] 18:37:39.005 [pool-6-thread-12] DEBUG c.h.p.o.d.PlatformServiceResource - [helmcust] Desired Platform services (3 services)
2025-01-29 18:37:39,010 INFO c.h.h.t.HelmChartContainer - [hivemq-test-hivemq-platform] [hivemq-platform-operator] [907a50e2] 18:37:39.008 [pool-6-thread-17] DEBUG c.h.p.o.d.PodServiceAccountResource - [helmcust] Desired PodServiceAccountResource (serviceAccountName: hivemq-platform-pod-test-hivemq-platform)
2025-01-29 18:37:39,013 INFO c.h.h.t.HelmChartContainer - [hivemq-test-hivemq-platform] [hivemq-platform-operator] [907a50e2] 18:37:39.011 [pool-6-thread-13] DEBUG c.h.p.o.dependants.PodInfoConfigMap - [helmcust] Desired PodInfo ConfigMap (1 extensions) (1 enabled)
2025-01-29 18:37:39,014 INFO c.h.h.t.HelmChartContainer - [hivemq-test-hivemq-platform] [hivemq-platform-operator] [907a50e2] 18:37:39.011 [pool-6-thread-13] DEBUG c.h.p.o.dependants.PodInfoConfigMap - [helmcust] Desired PodInfo ConfigMap (metrics port: 9399) (metrics path: /)
2025-01-29 18:37:39,015 INFO c.h.h.t.HelmChartContainer - [hivemq-test-hivemq-platform] [hivemq-platform-operator] [907a50e2] 18:37:39.011 [pool-6-thread-13] DEBUG c.h.p.o.dependants.PodInfoConfigMap - [helmcust] Desired PodInfo ConfigMap (extension state hash: 1589925073)
2025-01-29 18:37:39,026 INFO c.h.h.t.HelmChartContainer - [K3S] [alloc.go:330] "allocated clusterIPs" service="helmcustomextensionit/hivemq-test-hivemq-platform-cc-8080" clusterIPs={"IPv4":"10.43.76.213"}
2025-01-29 18:37:39,102 INFO c.h.h.t.HelmChartContainer - [hivemq-test-hivemq-platform] [hivemq-platform-operator] [907a50e2] 18:37:39.097 [pool-6-thread-13] DEBUG c.h.p.o.dependants.PodInfoConfigMap - [helmcust] Update PodInfo ConfigMap
2025-01-29 18:37:39,114 INFO c.h.h.t.HelmChartContainer - [K3S] [alloc.go:330] "allocated clusterIPs" service="helmcustomextensionit/hivemq-test-hivemq-platform-mqtt-1883" clusterIPs={"IPv4":"10.43.48.185"}
2025-01-29 18:37:39,207 INFO c.h.h.t.HelmChartContainer - [K3S] [alloc.go:330] "allocated clusterIPs" service="helmcustomextensionit/hivemq-test-hivemq-platform-metrics-9399" clusterIPs={"IPv4":"10.43.235.60"}
2025-01-29 18:37:39,299 INFO c.h.h.t.HelmChartContainer - [hivemq-test-hivemq-platform] [hivemq-platform-operator] [907a50e2] 18:37:39.297 [pool-6-thread-20] DEBUG c.h.p.o.d.StatefulSetResource - [helmcust] Desired StatefulSet (1 replicas) for status STARTING (READY)
2025-01-29 18:37:39,313 INFO c.h.h.t.HelmChartContainer - [hivemq-test-hivemq-platform] [hivemq-platform-operator] [907a50e2] 18:37:39.311 [pool-6-thread-20] DEBUG c.h.p.o.d.StatefulSetResource - [helmcust] Create StatefulSet
2025-01-29 18:37:39,425 INFO c.h.h.t.HelmChartContainer - [POD] test-hivemq-platform-0 [de5873b5-1ac8-458e-a48e-b510dd1d113d] in helmcustomextensionit was ADDED
2025-01-29 18:37:39,426 INFO c.h.h.t.HelmChartContainer - [EVENT] Normal [SuccessfulCreate] create Pod test-hivemq-platform-0 in StatefulSet test-hivemq-platform successful [helmcustomextensionit:test-hivemq-platform]
2025-01-29 18:37:39,434 INFO c.h.h.t.HelmChartContainer - [POD] test-hivemq-platform-0 [de5873b5-1ac8-458e-a48e-b510dd1d113d] in helmcustomextensionit was MODIFIED
2025-01-29 18:37:39,437 INFO c.h.h.t.HelmChartContainer - [EVENT] Normal [Scheduled] Successfully assigned helmcustomextensionit/test-hivemq-platform-0 to 90e6ebb001dc [helmcustomextensionit:test-hivemq-platform-0]
2025-01-29 18:37:39,448 INFO c.h.h.t.HelmChartContainer - [POD] test-hivemq-platform-0 [de5873b5-1ac8-458e-a48e-b510dd1d113d] in helmcustomextensionit was MODIFIED
2025-01-29 18:37:39,452 INFO c.h.h.t.HelmChartContainer - [hivemq-test-hivemq-platform] [hivemq-platform-operator] [907a50e2] 18:37:39.443 [ReconcilerExecutor-hivemq-controller-64] INFO  c.h.p.o.HiveMQPlatformReconciler - [helmcust] Reconciling HiveMQ Platform 'test-hivemq-platform' in namespace 'helmcustomextensionit'
2025-01-29 18:37:39,452 INFO c.h.h.t.HelmChartContainer - [hivemq-test-hivemq-platform] [hivemq-platform-operator] [907a50e2] 18:37:39.443 [ReconcilerExecutor-hivemq-controller-64] DEBUG c.h.p.o.HiveMQPlatformReconciler - [helmcust] Custom Resource Status STARTING - HiveMQ Platform is starting (READY)
2025-01-29 18:37:39,452 INFO c.h.h.t.HelmChartContainer - [hivemq-test-hivemq-platform] [hivemq-platform-operator] [907a50e2] 18:37:39.443 [ReconcilerExecutor-hivemq-controller-64] DEBUG c.h.p.o.HiveMQPlatformReconciler - [helmcust] Custom Resource Spec (replicas: 1) (extensions: 1)
2025-01-29 18:37:39,506 INFO c.h.h.t.HelmChartContainer - [hivemq-test-hivemq-platform] [hivemq-platform-operator] [907a50e2] 18:37:39.502 [ReconcilerExecutor-hivemq-controller-64] DEBUG c.h.p.o.HiveMQPlatformReconciler - [helmcust] StatefulSet Status (revision: null, replicas: 0, available: 0, ready: 0, current: 0, updated: 0)
2025-01-29 18:37:39,507 INFO c.h.h.t.HelmChartContainer - [hivemq-test-hivemq-platform] [hivemq-platform-operator] [907a50e2] 18:37:39.503 [ReconcilerExecutor-hivemq-controller-64] DEBUG c.h.p.o.HiveMQPlatformReconciler - [helmcust] StatefulSet Spec (replicas: 1, init containers: 1, containers: 1, volumes: 4)
2025-01-29 18:37:39,602 INFO c.h.h.t.HelmChartContainer - [hivemq-test-hivemq-platform] [hivemq-platform-operator] [907a50e2] 18:37:39.600 [ReconcilerExecutor-hivemq-controller-64] DEBUG c.h.p.o.h.HiveMQPlatformReconcilerErrorHandler - [helmcust] Pod 'test-hivemq-platform-0' phase Pending
2025-01-29 18:37:39,603 INFO c.h.h.t.HelmChartContainer - [hivemq-test-hivemq-platform] [hivemq-platform-operator] [907a50e2] 18:37:39.601 [ReconcilerExecutor-hivemq-controller-64] DEBUG c.h.p.o.h.HiveMQPlatformReconcilerErrorHandler - [helmcust] Pod 'test-hivemq-platform-0' condition 'PodReadyToStartContainers': False
2025-01-29 18:37:39,603 INFO c.h.h.t.HelmChartContainer - [hivemq-test-hivemq-platform] [hivemq-platform-operator] [907a50e2] 18:37:39.601 [ReconcilerExecutor-hivemq-controller-64] DEBUG c.h.p.o.h.HiveMQPlatformReconcilerErrorHandler - [helmcust] Pod 'test-hivemq-platform-0' condition 'Initialized': False
2025-01-29 18:37:39,603 INFO c.h.h.t.HelmChartContainer - [hivemq-test-hivemq-platform] [hivemq-platform-operator] [907a50e2] 18:37:39.602 [ReconcilerExecutor-hivemq-controller-64] DEBUG c.h.p.o.h.HiveMQPlatformReconcilerErrorHandler - [helmcust] Pod 'test-hivemq-platform-0' condition 'Ready': False
2025-01-29 18:37:39,606 INFO c.h.h.t.HelmChartContainer - [hivemq-test-hivemq-platform] [hivemq-platform-operator] [907a50e2] 18:37:39.602 [ReconcilerExecutor-hivemq-controller-64] DEBUG c.h.p.o.h.HiveMQPlatformReconcilerErrorHandler - [helmcust] Pod 'test-hivemq-platform-0' condition 'ContainersReady': False
2025-01-29 18:37:39,606 INFO c.h.h.t.HelmChartContainer - [hivemq-test-hivemq-platform] [hivemq-platform-operator] [907a50e2] 18:37:39.602 [ReconcilerExecutor-hivemq-controller-64] DEBUG c.h.p.o.h.HiveMQPlatformReconcilerErrorHandler - [helmcust] Pod 'test-hivemq-platform-0' condition 'PodScheduled': True
2025-01-29 18:37:39,606 INFO c.h.h.t.HelmChartContainer - [hivemq-test-hivemq-platform] [hivemq-platform-operator] [907a50e2] 18:37:39.602 [ReconcilerExecutor-hivemq-controller-64] DEBUG c.h.p.o.h.HiveMQPlatformReconcilerErrorHandler - [helmcust] Pod 'test-hivemq-platform-0' containerStatus 'hivemq' (started: false) (ready: false) (waiting: [PodInitializing] null)
2025-01-29 18:37:39,606 INFO c.h.h.t.HelmChartContainer - [hivemq-test-hivemq-platform] [hivemq-platform-operator] [907a50e2] 18:37:39.604 [ReconcilerExecutor-hivemq-controller-64] INFO  c.h.p.o.h.HiveMQPlatformReconcilerBaseHandler - [helmcust] HiveMQ Platform is starting, 0 of 1 replicas are ready
2025-01-29 18:37:39,614 INFO c.h.h.t.HelmChartContainer - [K3S] [reconciler_common.go:251] "operationExecutor.VerifyControllerAttachedVolume started for volume \"operator-init\" (UniqueName: \"kubernetes.io/empty-dir/de5873b5-1ac8-458e-a48e-b510dd1d113d-operator-init\") pod \"test-hivemq-platform-0\" (UID: \"de5873b5-1ac8-458e-a48e-b510dd1d113d\") " pod="helmcustomextensionit/test-hivemq-platform-0"
2025-01-29 18:37:39,614 INFO c.h.h.t.HelmChartContainer - [K3S] [reconciler_common.go:251] "operationExecutor.VerifyControllerAttachedVolume started for volume \"kube-api-access-vs9w6\" (UniqueName: \"kubernetes.io/projected/de5873b5-1ac8-458e-a48e-b510dd1d113d-kube-api-access-vs9w6\") pod \"test-hivemq-platform-0\" (UID: \"de5873b5-1ac8-458e-a48e-b510dd1d113d\") " pod="helmcustomextensionit/test-hivemq-platform-0"
2025-01-29 18:37:39,614 INFO c.h.h.t.HelmChartContainer - [K3S] [reconciler_common.go:251] "operationExecutor.VerifyControllerAttachedVolume started for volume \"broker-configuration\" (UniqueName: \"kubernetes.io/configmap/de5873b5-1ac8-458e-a48e-b510dd1d113d-broker-configuration\") pod \"test-hivemq-platform-0\" (UID: \"de5873b5-1ac8-458e-a48e-b510dd1d113d\") " pod="helmcustomextensionit/test-hivemq-platform-0"
2025-01-29 18:37:39,614 INFO c.h.h.t.HelmChartContainer - [K3S] [reconciler_common.go:251] "operationExecutor.VerifyControllerAttachedVolume started for volume \"extension-request-header-custom-extension-auth-secret\" (UniqueName: \"kubernetes.io/secret/de5873b5-1ac8-458e-a48e-b510dd1d113d-extension-request-header-custom-extension-auth-secret\") pod \"test-hivemq-platform-0\" (UID: \"de5873b5-1ac8-458e-a48e-b510dd1d113d\") " pod="helmcustomextensionit/test-hivemq-platform-0"
2025-01-29 18:37:39,615 INFO c.h.h.t.HelmChartContainer - [K3S] [reconciler_common.go:251] "operationExecutor.VerifyControllerAttachedVolume started for volume \"pod-info\" (UniqueName: \"kubernetes.io/configmap/de5873b5-1ac8-458e-a48e-b510dd1d113d-pod-info\") pod \"test-hivemq-platform-0\" (UID: \"de5873b5-1ac8-458e-a48e-b510dd1d113d\") " pod="helmcustomextensionit/test-hivemq-platform-0"
2025-01-29 18:37:39,615 INFO c.h.h.t.HelmChartContainer - [hivemq-test-hivemq-platform] [hivemq-platform-operator] [907a50e2] 18:37:39.611 [pool-6-thread-22] DEBUG c.h.p.o.d.PlatformServiceResource - [helmcust] Desired Platform services (3 services)
2025-01-29 18:37:39,700 INFO c.h.h.t.HelmChartContainer - [hivemq-test-hivemq-platform] [hivemq-platform-operator] [907a50e2] 18:37:39.696 [pool-6-thread-23] DEBUG c.h.p.o.dependants.PodInfoConfigMap - [helmcust] Desired PodInfo ConfigMap (1 extensions) (1 enabled)
2025-01-29 18:37:39,700 INFO c.h.h.t.HelmChartContainer - [hivemq-test-hivemq-platform] [hivemq-platform-operator] [907a50e2] 18:37:39.697 [pool-6-thread-23] DEBUG c.h.p.o.dependants.PodInfoConfigMap - [helmcust] Desired PodInfo ConfigMap (metrics port: 9399) (metrics path: /)
2025-01-29 18:37:39,700 INFO c.h.h.t.HelmChartContainer - [hivemq-test-hivemq-platform] [hivemq-platform-operator] [907a50e2] 18:37:39.697 [pool-6-thread-23] DEBUG c.h.p.o.dependants.PodInfoConfigMap - [helmcust] Desired PodInfo ConfigMap (extension state hash: 1589925073)
2025-01-29 18:37:39,701 INFO c.h.h.t.HelmChartContainer - [hivemq-test-hivemq-platform] [hivemq-platform-operator] [907a50e2] 18:37:39.698 [pool-6-thread-27] DEBUG c.h.p.o.d.PodServiceAccountResource - [helmcust] Desired PodServiceAccountResource (serviceAccountName: hivemq-platform-pod-test-hivemq-platform)
2025-01-29 18:37:39,707 INFO c.h.h.t.HelmChartContainer - [hivemq-test-hivemq-platform] [hivemq-platform-operator] [907a50e2] 18:37:39.706 [pool-6-thread-30] DEBUG c.h.p.o.d.StatefulSetResource - [helmcust] Desired StatefulSet (1 replicas) for status STARTING (READY)
2025-01-29 18:37:39,800 INFO c.h.h.t.HelmChartContainer - [hivemq-test-hivemq-platform] [hivemq-platform-operator] [907a50e2] 18:37:39.797 [ReconcilerExecutor-hivemq-controller-75] INFO  c.h.p.o.HiveMQPlatformReconciler - [helmcust] Reconciling HiveMQ Platform 'test-hivemq-platform' in namespace 'helmcustomextensionit'
2025-01-29 18:37:39,800 INFO c.h.h.t.HelmChartContainer - [hivemq-test-hivemq-platform] [hivemq-platform-operator] [907a50e2] 18:37:39.797 [ReconcilerExecutor-hivemq-controller-75] DEBUG c.h.p.o.HiveMQPlatformReconciler - [helmcust] Custom Resource Status STARTING - HiveMQ Platform is starting (READY)
2025-01-29 18:37:39,800 INFO c.h.h.t.HelmChartContainer - [hivemq-test-hivemq-platform] [hivemq-platform-operator] [907a50e2] 18:37:39.797 [ReconcilerExecutor-hivemq-controller-75] DEBUG c.h.p.o.HiveMQPlatformReconciler - [helmcust] Custom Resource Spec (replicas: 1) (extensions: 1)
2025-01-29 18:37:39,804 INFO c.h.h.t.HelmChartContainer - [hivemq-test-hivemq-platform] [hivemq-platform-operator] [907a50e2] 18:37:39.802 [ReconcilerExecutor-hivemq-controller-75] DEBUG c.h.p.o.HiveMQPlatformReconciler - [helmcust] StatefulSet Status (revision: test-hivemq-platform-58d745f97c, replicas: 1, available: 0, ready: 0, current: 1, updated: 1)
2025-01-29 18:37:39,805 INFO c.h.h.t.HelmChartContainer - [hivemq-test-hivemq-platform] [hivemq-platform-operator] [907a50e2] 18:37:39.802 [ReconcilerExecutor-hivemq-controller-75] DEBUG c.h.p.o.HiveMQPlatformReconciler - [helmcust] StatefulSet Spec (replicas: 1, init containers: 1, containers: 1, volumes: 4)
2025-01-29 18:37:39,807 INFO c.h.h.t.HelmChartContainer - [hivemq-test-hivemq-platform] [hivemq-platform-operator] [907a50e2] 18:37:39.806 [ReconcilerExecutor-hivemq-controller-75] DEBUG c.h.p.o.h.HiveMQPlatformReconcilerErrorHandler - [helmcust] Pod 'test-hivemq-platform-0' phase Pending
2025-01-29 18:37:39,811 INFO c.h.h.t.HelmChartContainer - [hivemq-test-hivemq-platform] [hivemq-platform-operator] [907a50e2] 18:37:39.808 [ReconcilerExecutor-hivemq-controller-75] DEBUG c.h.p.o.h.HiveMQPlatformReconcilerErrorHandler - [helmcust] Pod 'test-hivemq-platform-0' condition 'PodReadyToStartContainers': False
2025-01-29 18:37:39,811 INFO c.h.h.t.HelmChartContainer - [hivemq-test-hivemq-platform] [hivemq-platform-operator] [907a50e2] 18:37:39.808 [ReconcilerExecutor-hivemq-controller-75] DEBUG c.h.p.o.h.HiveMQPlatformReconcilerErrorHandler - [helmcust] Pod 'test-hivemq-platform-0' condition 'Initialized': False
2025-01-29 18:37:39,812 INFO c.h.h.t.HelmChartContainer - [hivemq-test-hivemq-platform] [hivemq-platform-operator] [907a50e2] 18:37:39.808 [ReconcilerExecutor-hivemq-controller-75] DEBUG c.h.p.o.h.HiveMQPlatformReconcilerErrorHandler - [helmcust] Pod 'test-hivemq-platform-0' condition 'Ready': False
2025-01-29 18:37:39,812 INFO c.h.h.t.HelmChartContainer - [hivemq-test-hivemq-platform] [hivemq-platform-operator] [907a50e2] 18:37:39.808 [ReconcilerExecutor-hivemq-controller-75] DEBUG c.h.p.o.h.HiveMQPlatformReconcilerErrorHandler - [helmcust] Pod 'test-hivemq-platform-0' condition 'ContainersReady': False
2025-01-29 18:37:39,812 INFO c.h.h.t.HelmChartContainer - [hivemq-test-hivemq-platform] [hivemq-platform-operator] [907a50e2] 18:37:39.808 [ReconcilerExecutor-hivemq-controller-75] DEBUG c.h.p.o.h.HiveMQPlatformReconcilerErrorHandler - [helmcust] Pod 'test-hivemq-platform-0' condition 'PodScheduled': True
2025-01-29 18:37:39,812 INFO c.h.h.t.HelmChartContainer - [hivemq-test-hivemq-platform] [hivemq-platform-operator] [907a50e2] 18:37:39.808 [ReconcilerExecutor-hivemq-controller-75] DEBUG c.h.p.o.h.HiveMQPlatformReconcilerErrorHandler - [helmcust] Pod 'test-hivemq-platform-0' containerStatus 'hivemq' (started: false) (ready: false) (waiting: [PodInitializing] null)
2025-01-29 18:37:39,812 INFO c.h.h.t.HelmChartContainer - [hivemq-test-hivemq-platform] [hivemq-platform-operator] [907a50e2] 18:37:39.810 [ReconcilerExecutor-hivemq-controller-75] INFO  c.h.p.o.h.HiveMQPlatformReconcilerBaseHandler - [helmcust] HiveMQ Platform is starting, 0 of 1 replicas are ready
2025-01-29 18:37:39,837 INFO c.h.h.t.HelmChartContainer - [EVENT] Normal [Pulled] Container image "docker.io/hivemq/hivemq-platform-operator-init-test:snapshot" already present on machine [helmcustomextensionit:test-hivemq-platform-0]
2025-01-29 18:37:39,846 INFO c.h.h.t.HelmChartContainer - [EVENT] Normal [Created] Created container: hivemq-platform-operator-init [helmcustomextensionit:test-hivemq-platform-0]
2025-01-29 18:37:39,884 INFO c.h.h.t.HelmChartContainer - [EVENT] Normal [Started] Started container hivemq-platform-operator-init [helmcustomextensionit:test-hivemq-platform-0]
2025-01-29 18:37:40,324 INFO c.h.h.t.HelmChartContainer - [EVENT] Normal [Pulled] Container image "docker.io/hivemq/hivemq4:4.36.0" already present on machine [helmcustomextensionit:test-hivemq-platform-0]
2025-01-29 18:37:40,324 INFO c.h.h.t.HelmChartContainer - Received Pulled event for container hivemq in pod test-hivemq-platform-0 [de5873b5-1ac8-458e-a48e-b510dd1d113d]
2025-01-29 18:37:40,347 INFO c.h.h.t.HelmChartContainer - [POD] test-hivemq-platform-0 [de5873b5-1ac8-458e-a48e-b510dd1d113d] in helmcustomextensionit was MODIFIED
2025-01-29 18:37:40,364 INFO c.h.h.t.HelmChartContainer - [EVENT] Normal [Created] Created container: hivemq [helmcustomextensionit:test-hivemq-platform-0]
2025-01-29 18:37:40,365 INFO c.h.h.t.HelmChartContainer - Received Created event for container hivemq in pod test-hivemq-platform-0 [de5873b5-1ac8-458e-a48e-b510dd1d113d]
2025-01-29 18:37:40,368 INFO c.h.h.t.HelmChartContainer - [hivemq-test-hivemq-platform] [hivemq-platform-operator] [907a50e2] 18:37:40.357 [pool-6-thread-32] DEBUG c.h.p.o.d.PlatformServiceResource - [helmcust] Desired Platform services (3 services)
2025-01-29 18:37:40,370 INFO c.h.h.t.HelmChartContainer - [hivemq-test-hivemq-platform] [hivemq-platform-operator] [907a50e2] 18:37:40.361 [pool-6-thread-33] DEBUG c.h.p.o.dependants.PodInfoConfigMap - [helmcust] Desired PodInfo ConfigMap (1 extensions) (1 enabled)
2025-01-29 18:37:40,370 INFO c.h.h.t.HelmChartContainer - [hivemq-test-hivemq-platform] [hivemq-platform-operator] [907a50e2] 18:37:40.364 [pool-6-thread-33] DEBUG c.h.p.o.dependants.PodInfoConfigMap - [helmcust] Desired PodInfo ConfigMap (metrics port: 9399) (metrics path: /)
2025-01-29 18:37:40,370 INFO c.h.h.t.HelmChartContainer - [hivemq-test-hivemq-platform] [hivemq-platform-operator] [907a50e2] 18:37:40.364 [pool-6-thread-33] DEBUG c.h.p.o.dependants.PodInfoConfigMap - [helmcust] Desired PodInfo ConfigMap (extension state hash: 1589925073)
2025-01-29 18:37:40,370 INFO c.h.h.t.HelmChartContainer - [hivemq-test-hivemq-platform] [hivemq-platform-operator] [907a50e2] 18:37:40.364 [pool-6-thread-37] DEBUG c.h.p.o.d.PodServiceAccountResource - [helmcust] Desired PodServiceAccountResource (serviceAccountName: hivemq-platform-pod-test-hivemq-platform)
2025-01-29 18:37:40,445 INFO c.h.h.t.HelmChartContainer - [hivemq-test-hivemq-platform] [hivemq-platform-operator] [907a50e2] 18:37:40.403 [pool-6-thread-40] DEBUG c.h.p.o.d.StatefulSetResource - [helmcust] Desired StatefulSet (1 replicas) for status STARTING (READY)
2025-01-29 18:37:40,450 INFO c.h.h.t.HelmChartContainer - [hivemq-test-hivemq-platform] [hivemq-platform-operator] [907a50e2] 18:37:40.449 [ReconcilerExecutor-hivemq-controller-86] INFO  c.h.p.o.HiveMQPlatformReconciler - [helmcust] Reconciling HiveMQ Platform 'test-hivemq-platform' in namespace 'helmcustomextensionit'
2025-01-29 18:37:40,452 INFO c.h.h.t.HelmChartContainer - [hivemq-test-hivemq-platform] [hivemq-platform-operator] [907a50e2] 18:37:40.449 [ReconcilerExecutor-hivemq-controller-86] DEBUG c.h.p.o.HiveMQPlatformReconciler - [helmcust] Custom Resource Status STARTING - HiveMQ Platform is starting (READY)
2025-01-29 18:37:40,452 INFO c.h.h.t.HelmChartContainer - [hivemq-test-hivemq-platform] [hivemq-platform-operator] [907a50e2] 18:37:40.449 [ReconcilerExecutor-hivemq-controller-86] DEBUG c.h.p.o.HiveMQPlatformReconciler - [helmcust] Custom Resource Spec (replicas: 1) (extensions: 1)
2025-01-29 18:37:40,500 INFO c.h.h.t.HelmChartContainer - [hivemq-test-hivemq-platform] [hivemq-platform-operator] [907a50e2] 18:37:40.497 [ReconcilerExecutor-hivemq-controller-86] DEBUG c.h.p.o.HiveMQPlatformReconciler - [helmcust] StatefulSet Status (revision: test-hivemq-platform-58d745f97c, replicas: 1, available: 0, ready: 0, current: 1, updated: 1)
2025-01-29 18:37:40,500 INFO c.h.h.t.HelmChartContainer - [hivemq-test-hivemq-platform] [hivemq-platform-operator] [907a50e2] 18:37:40.497 [ReconcilerExecutor-hivemq-controller-86] DEBUG c.h.p.o.HiveMQPlatformReconciler - [helmcust] StatefulSet Spec (replicas: 1, init containers: 1, containers: 1, volumes: 4)
2025-01-29 18:37:40,547 INFO c.h.h.t.HelmChartContainer - [hivemq-test-hivemq-platform] [hivemq-platform-operator] [907a50e2] 18:37:40.544 [ReconcilerExecutor-hivemq-controller-86] DEBUG c.h.p.o.h.HiveMQPlatformReconcilerErrorHandler - [helmcust] Pod 'test-hivemq-platform-0' phase Pending
2025-01-29 18:37:40,547 INFO c.h.h.t.HelmChartContainer - [hivemq-test-hivemq-platform] [hivemq-platform-operator] [907a50e2] 18:37:40.545 [ReconcilerExecutor-hivemq-controller-86] DEBUG c.h.p.o.h.HiveMQPlatformReconcilerErrorHandler - [helmcust] Pod 'test-hivemq-platform-0' condition 'PodReadyToStartContainers': True
2025-01-29 18:37:40,548 INFO c.h.h.t.HelmChartContainer - [hivemq-test-hivemq-platform] [hivemq-platform-operator] [907a50e2] 18:37:40.545 [ReconcilerExecutor-hivemq-controller-86] DEBUG c.h.p.o.h.HiveMQPlatformReconcilerErrorHandler - [helmcust] Pod 'test-hivemq-platform-0' condition 'Initialized': True
2025-01-29 18:37:40,548 INFO c.h.h.t.HelmChartContainer - [hivemq-test-hivemq-platform] [hivemq-platform-operator] [907a50e2] 18:37:40.545 [ReconcilerExecutor-hivemq-controller-86] DEBUG c.h.p.o.h.HiveMQPlatformReconcilerErrorHandler - [helmcust] Pod 'test-hivemq-platform-0' condition 'Ready': False
2025-01-29 18:37:40,548 INFO c.h.h.t.HelmChartContainer - [hivemq-test-hivemq-platform] [hivemq-platform-operator] [907a50e2] 18:37:40.545 [ReconcilerExecutor-hivemq-controller-86] DEBUG c.h.p.o.h.HiveMQPlatformReconcilerErrorHandler - [helmcust] Pod 'test-hivemq-platform-0' condition 'ContainersReady': False
2025-01-29 18:37:40,548 INFO c.h.h.t.HelmChartContainer - [hivemq-test-hivemq-platform] [hivemq-platform-operator] [907a50e2] 18:37:40.545 [ReconcilerExecutor-hivemq-controller-86] DEBUG c.h.p.o.h.HiveMQPlatformReconcilerErrorHandler - [helmcust] Pod 'test-hivemq-platform-0' condition 'PodScheduled': True
2025-01-29 18:37:40,548 INFO c.h.h.t.HelmChartContainer - [hivemq-test-hivemq-platform] [hivemq-platform-operator] [907a50e2] 18:37:40.545 [ReconcilerExecutor-hivemq-controller-86] DEBUG c.h.p.o.h.HiveMQPlatformReconcilerErrorHandler - [helmcust] Pod 'test-hivemq-platform-0' containerStatus 'hivemq' (started: false) (ready: false) (waiting: [PodInitializing] null)
2025-01-29 18:37:40,548 INFO c.h.h.t.HelmChartContainer - [hivemq-test-hivemq-platform] [hivemq-platform-operator] [907a50e2] 18:37:40.546 [ReconcilerExecutor-hivemq-controller-86] INFO  c.h.p.o.h.HiveMQPlatformReconcilerBaseHandler - [helmcust] HiveMQ Platform is starting, 0 of 1 replicas are ready
2025-01-29 18:37:41,339 INFO c.h.h.t.HelmChartContainer - [POD] test-hivemq-platform-0 [de5873b5-1ac8-458e-a48e-b510dd1d113d] in helmcustomextensionit was MODIFIED
2025-01-29 18:37:41,353 INFO c.h.h.t.HelmChartContainer - Started log watcher for hivemq in pod test-hivemq-platform-0 [de5873b5-1ac8-458e-a48e-b510dd1d113d]
2025-01-29 18:37:41,353 INFO c.h.h.t.HelmChartContainer - [test-hivemq-platform] [hivemq] [de5873b5] Adding pre-installed HiveMQ Platform Operator extensions
2025-01-29 18:37:41,353 INFO c.h.h.t.HelmChartContainer - [EVENT] Normal [Started] Started container hivemq [helmcustomextensionit:test-hivemq-platform-0]
2025-01-29 18:37:41,353 INFO c.h.h.t.HelmChartContainer - [test-hivemq-platform] [hivemq] [de5873b5] Running as user 10000
2025-01-29 18:37:41,353 INFO c.h.h.t.HelmChartContainer - [test-hivemq-platform] [hivemq] [de5873b5] Starting HiveMQ Platform Operator Init
2025-01-29 18:37:41,353 INFO c.h.h.t.HelmChartContainer - Received Started event for container hivemq in pod test-hivemq-platform-0 [de5873b5-1ac8-458e-a48e-b510dd1d113d]
2025-01-29 18:37:41,357 INFO c.h.h.t.HelmChartContainer - [hivemq-test-hivemq-platform] [hivemq-platform-operator] [907a50e2] 18:37:41.356 [pool-6-thread-42] DEBUG c.h.p.o.d.PlatformServiceResource - [helmcust] Desired Platform services (3 services)
2025-01-29 18:37:41,359 INFO c.h.h.t.HelmChartContainer - [hivemq-test-hivemq-platform] [hivemq-platform-operator] [907a50e2] 18:37:41.358 [pool-6-thread-43] DEBUG c.h.p.o.dependants.PodInfoConfigMap - [helmcust] Desired PodInfo ConfigMap (1 extensions) (1 enabled)
2025-01-29 18:37:41,366 INFO c.h.h.t.HelmChartContainer - [hivemq-test-hivemq-platform] [hivemq-platform-operator] [907a50e2] 18:37:41.362 [pool-6-thread-43] DEBUG c.h.p.o.dependants.PodInfoConfigMap - [helmcust] Desired PodInfo ConfigMap (metrics port: 9399) (metrics path: /)
2025-01-29 18:37:41,368 INFO c.h.h.t.HelmChartContainer - [hivemq-test-hivemq-platform] [hivemq-platform-operator] [907a50e2] 18:37:41.362 [pool-6-thread-43] DEBUG c.h.p.o.dependants.PodInfoConfigMap - [helmcust] Desired PodInfo ConfigMap (extension state hash: 1589925073)
2025-01-29 18:37:41,399 INFO c.h.h.t.HelmChartContainer - [hivemq-test-hivemq-platform] [hivemq-platform-operator] [907a50e2] 18:37:41.398 [pool-6-thread-47] DEBUG c.h.p.o.d.PodServiceAccountResource - [helmcust] Desired PodServiceAccountResource (serviceAccountName: hivemq-platform-pod-test-hivemq-platform)
2025-01-29 18:37:41,448 INFO c.h.h.t.HelmChartContainer - [hivemq-test-hivemq-platform] [hivemq-platform-operator] [907a50e2] 18:37:41.447 [pool-6-thread-50] DEBUG c.h.p.o.d.StatefulSetResource - [helmcust] Desired StatefulSet (1 replicas) for status STARTING (READY)
2025-01-29 18:37:41,451 INFO c.h.h.t.HelmChartContainer - [hivemq-test-hivemq-platform] [hivemq-platform-operator] [907a50e2] 18:37:41.450 [ReconcilerExecutor-hivemq-controller-97] INFO  c.h.p.o.HiveMQPlatformReconciler - [helmcust] Reconciling HiveMQ Platform 'test-hivemq-platform' in namespace 'helmcustomextensionit'
2025-01-29 18:37:41,451 INFO c.h.h.t.HelmChartContainer - [hivemq-test-hivemq-platform] [hivemq-platform-operator] [907a50e2] 18:37:41.451 [ReconcilerExecutor-hivemq-controller-97] DEBUG c.h.p.o.HiveMQPlatformReconciler - [helmcust] Custom Resource Status STARTING - HiveMQ Platform is starting (READY)
2025-01-29 18:37:41,453 INFO c.h.h.t.HelmChartContainer - [hivemq-test-hivemq-platform] [hivemq-platform-operator] [907a50e2] 18:37:41.451 [ReconcilerExecutor-hivemq-controller-97] DEBUG c.h.p.o.HiveMQPlatformReconciler - [helmcust] Custom Resource Spec (replicas: 1) (extensions: 1)
2025-01-29 18:37:41,455 INFO c.h.h.t.HelmChartContainer - [hivemq-test-hivemq-platform] [hivemq-platform-operator] [907a50e2] 18:37:41.454 [ReconcilerExecutor-hivemq-controller-97] DEBUG c.h.p.o.HiveMQPlatformReconciler - [helmcust] StatefulSet Status (revision: test-hivemq-platform-58d745f97c, replicas: 1, available: 0, ready: 0, current: 1, updated: 1)
2025-01-29 18:37:41,455 INFO c.h.h.t.HelmChartContainer - [hivemq-test-hivemq-platform] [hivemq-platform-operator] [907a50e2] 18:37:41.454 [ReconcilerExecutor-hivemq-controller-97] DEBUG c.h.p.o.HiveMQPlatformReconciler - [helmcust] StatefulSet Spec (replicas: 1, init containers: 1, containers: 1, volumes: 4)
2025-01-29 18:37:41,458 INFO c.h.h.t.HelmChartContainer - [hivemq-test-hivemq-platform] [hivemq-platform-operator] [907a50e2] 18:37:41.457 [ReconcilerExecutor-hivemq-controller-97] DEBUG c.h.p.o.h.HiveMQPlatformReconcilerErrorHandler - [helmcust] Pod 'test-hivemq-platform-0' phase Running
2025-01-29 18:37:41,459 INFO c.h.h.t.HelmChartContainer - [hivemq-test-hivemq-platform] [hivemq-platform-operator] [907a50e2] 18:37:41.458 [ReconcilerExecutor-hivemq-controller-97] INFO  c.h.p.o.h.HiveMQPlatformReconcilerBaseHandler - [helmcust] HiveMQ Platform is starting, 0 of 1 replicas are ready
2025-01-29 18:37:41,733 INFO c.h.h.t.HelmChartContainer - [test-hivemq-platform] [hivemq] [de5873b5] INFO  - [HiveMQ Platform Operator Init 1.7.0-SNAPSHOT] HiveMQ Platform Operator Init 1.7.0-SNAPSHOT (commit: b1b9591 on branch: HEAD) built on Wed Jan 29 18:32:18 UTC 2025
2025-01-29 18:37:42,963 INFO c.h.h.t.HelmChartContainer - [test-hivemq-platform] [hivemq] [de5873b5] INFO  - [HiveMQ Platform Operator Init App 1.7.0-SNAPSHOT] Using bind address 10.42.0.7 from environment variable
2025-01-29 18:37:43,961 INFO c.h.h.t.HelmChartContainer - [test-hivemq-platform] [hivemq] [de5873b5] INFO  - [HiveMQ Platform Operator Init App 1.7.0-SNAPSHOT] HiveMQ Platform Operator Init App 1.7.0-SNAPSHOT (commit: b1b9591 on branch: HEAD) built on Wed Jan 29 18:32:18 UTC 2025
2025-01-29 18:37:43,962 INFO c.h.h.t.HelmChartContainer - [test-hivemq-platform] [hivemq] [de5873b5] INFO  - [HiveMQ Platform Operator Init App 1.7.0-SNAPSHOT] PodInfo ConfigMap directory: /etc/podinfo
2025-01-29 18:37:43,962 INFO c.h.h.t.HelmChartContainer - [test-hivemq-platform] [hivemq] [de5873b5] INFO  - [HiveMQ Platform Operator Init App 1.7.0-SNAPSHOT] HiveMQ home directory: /opt/hivemq
2025-01-29 18:37:43,962 INFO c.h.h.t.HelmChartContainer - [test-hivemq-platform] [hivemq] [de5873b5] INFO  - [HiveMQ Platform Operator Init App 1.7.0-SNAPSHOT] HiveMQ Logback folder: /opt/hivemq/conf
2025-01-29 18:37:43,962 INFO c.h.h.t.HelmChartContainer - [test-hivemq-platform] [hivemq] [de5873b5] INFO  - [HiveMQ Platform Operator Init App 1.7.0-SNAPSHOT] HiveMQ Config folder: /opt/hivemq/conf-k8s
2025-01-29 18:37:43,962 INFO c.h.h.t.HelmChartContainer - [test-hivemq-platform] [hivemq] [de5873b5] INFO  - [HiveMQ Platform Operator Init App 1.7.0-SNAPSHOT] Starting HiveMQ Platform Operator Init App
2025-01-29 18:37:43,962 INFO c.h.h.t.HelmChartContainer - [test-hivemq-platform] [hivemq] [de5873b5] INFO  - [HiveMQ Platform Operator Init App 1.7.0-SNAPSHOT] Starting Pod reconciler
2025-01-29 18:37:45,324 INFO c.h.h.t.HelmChartContainer - [test-hivemq-platform] [hivemq] [de5873b5] INFO  - [HiveMQ Platform Operator Init App 1.7.0-SNAPSHOT] Pod reconciler is scheduled (interval: 5000 ms)
2025-01-29 18:37:45,325 INFO c.h.h.t.HelmChartContainer - [test-hivemq-platform] [hivemq] [de5873b5] INFO  - [HiveMQ Platform Operator Init App 1.7.0-SNAPSHOT] Starting the REST API on 10.42.0.7:7979
2025-01-29 18:37:45,328 INFO c.h.h.t.HelmChartContainer - [test-hivemq-platform] [hivemq] [de5873b5] INFO  - [HiveMQ Platform Operator Init App 1.7.0-SNAPSHOT] Waiting up to 600s for at most 1 HiveMQ nodes in cluster service hivemq-test-hivemq-platform-cluster.helmcustomextensionit.svc
2025-01-29 18:37:45,665 INFO c.h.h.t.HelmChartContainer - [test-hivemq-platform] [hivemq] [de5873b5] INFO  - [HiveMQ Platform Operator Init App 1.7.0-SNAPSHOT] Resolved 1 IP addresses: [10.42.0.7]
2025-01-29 18:37:45,666 INFO c.h.h.t.HelmChartContainer - [test-hivemq-platform] [hivemq] [de5873b5] INFO  - [HiveMQ Platform Operator Init App 1.7.0-SNAPSHOT] HiveMQ node count of 1 is within threshold of 1
2025-01-29 18:37:45,666 INFO c.h.h.t.HelmChartContainer - [test-hivemq-platform] [hivemq] [de5873b5] INFO  - [HiveMQ Platform Operator Init App 1.7.0-SNAPSHOT] Proceeding with container start
2025-01-29 18:37:45,744 INFO c.h.h.t.HelmChartContainer - [test-hivemq-platform] [hivemq] [de5873b5] INFO  - [HiveMQ Platform Operator Init App 1.7.0-SNAPSHOT] Initializing HiveMQ Platform extensions with initial configuration: {hivemq-custom-test-extension={start-priority=-1, skip-https-hostname-verification=false, restart=true, config-version=0, header-version=546, request-header-path=/opt/hivemq/operator/secrets/custom-extension-auth-secret/, c-uri=, priority=-1, uri=http://nginx-service/hivemq-custom-test-extension-2.0.0.zip, skip-https-certificate-validation=false, enabled=true}, hivemq-prometheus-extension={priority=-1, restart=true, enabled=true, request-header-path=no-request-headers, uri=preinstalled, skip-https-certificate-validation=false, skip-https-hostname-verification=false, c-uri=, start-priority=-1}}
2025-01-29 18:37:45,760 INFO c.h.h.t.HelmChartContainer - [test-hivemq-platform] [hivemq] [de5873b5] INFO  - [HiveMQ Platform Operator Init App 1.7.0-SNAPSHOT] Installing custom extension hivemq-custom-test-extension from URL http://nginx-service/hivemq-custom-test-extension-2.0.0.zip
2025-01-29 18:37:45,762 INFO c.h.h.t.HelmChartContainer - [test-hivemq-platform] [hivemq] [de5873b5] INFO  - [HiveMQ Platform Operator Init App 1.7.0-SNAPSHOT] Downloading custom extension hivemq-custom-test-extension into '/tmp/hivemq-custom-test-extension12533262330879263660/extension.zip'
2025-01-29 18:37:45,765 INFO c.h.h.t.HelmChartContainer - [test-hivemq-platform] [hivemq] [de5873b5] INFO  - [HiveMQ Platform Operator Init App 1.7.0-SNAPSHOT] Adding 'Authorization' request header for custom extension hivemq-custom-test-extension
2025-01-29 18:37:45,867 INFO c.h.h.t.HelmChartContainer - [nginx-6589db77b6-r8p] [nginx] [68cefd1a] 10.42.0.7 - admin [29/Jan/2025:18:37:45 +0000] "GET /hivemq-custom-test-extension-2.0.0.zip HTTP/1.1" 200 11637 "-" "Java-http-client/21.0.5" "-"
2025-01-29 18:37:45,938 INFO c.h.h.t.HelmChartContainer - [test-hivemq-platform] [hivemq] [de5873b5] INFO  - [HiveMQ Platform Operator Init App 1.7.0-SNAPSHOT] Copy extension from '/tmp/hivemq-custom-test-extension12533262330879263660/hivemq-custom-test-extension' to '/opt/hivemq/extensions/hivemq-custom-test-extension'
2025-01-29 18:37:45,940 INFO c.h.h.t.HelmChartContainer - [test-hivemq-platform] [hivemq] [de5873b5] INFO  - [HiveMQ Platform Operator Init App 1.7.0-SNAPSHOT] Found hivemq-extension.xml in folder '/tmp/hivemq-custom-test-extension12533262330879263660/hivemq-custom-test-extension/hivemq-custom-test-extension'
2025-01-29 18:37:46,310 INFO c.h.h.t.HelmChartContainer - [K3S] [range_allocator.go:247] "Successfully synced" key="90e6ebb001dc"
2025-01-29 18:37:46,461 INFO c.h.h.t.HelmChartContainer - [test-hivemq-platform] [hivemq] [de5873b5] INFO  - [HiveMQ Platform Operator Init App 1.7.0-SNAPSHOT] Extension hivemq-custom-test-extension was already enabled
2025-01-29 18:37:46,530 INFO c.h.h.t.HelmChartContainer - [test-hivemq-platform] [hivemq] [de5873b5] INFO  - [HiveMQ Platform Operator Init App 1.7.0-SNAPSHOT] Successfully enabled extension hivemq-prometheus-extension
2025-01-29 18:37:46,532 INFO c.h.h.t.HelmChartContainer - [test-hivemq-platform] [hivemq] [de5873b5] INFO  - [HiveMQ Platform Operator Init App 1.7.0-SNAPSHOT] Starting HiveMQ Platform version 4.36.0 (4.36.0)
2025-01-29 18:37:46,533 INFO c.h.h.t.HelmChartContainer - [test-hivemq-platform] [hivemq] [de5873b5] INFO  - [HiveMQ Platform Operator Init App 1.7.0-SNAPSHOT] Configuring the HiveMQ Platform
2025-01-29 18:37:46,624 INFO c.h.h.t.HelmChartContainer - [test-hivemq-platform] [hivemq] [de5873b5] INFO  - [HiveMQ Platform Operator Init App 1.7.0-SNAPSHOT] Changed logback.xml file scan period to 20 seconds
2025-01-29 18:37:46,664 INFO c.h.h.t.HelmChartContainer - [test-hivemq-platform] [hivemq] [de5873b5] INFO  - [HiveMQ Platform Operator Init App 1.7.0-SNAPSHOT] Starting the HiveMQ Platform
2025-01-29 18:37:46,667 INFO c.h.h.t.HelmChartContainer - [test-hivemq-platform] [hivemq] [de5873b5] -------------------------------------------------------------------------
2025-01-29 18:37:46,667 INFO c.h.h.t.HelmChartContainer - [test-hivemq-platform] [hivemq] [de5873b5] 
2025-01-29 18:37:46,667 INFO c.h.h.t.HelmChartContainer - [test-hivemq-platform] [hivemq] [de5873b5]                   _    _  _              __  __   ____
2025-01-29 18:37:46,667 INFO c.h.h.t.HelmChartContainer - [test-hivemq-platform] [hivemq] [de5873b5]                  | |  | |(_)            |  \/  | / __ \
2025-01-29 18:37:46,668 INFO c.h.h.t.HelmChartContainer - [test-hivemq-platform] [hivemq] [de5873b5]                  | |__| | _ __   __ ___ | \  / || |  | |
2025-01-29 18:37:46,668 INFO c.h.h.t.HelmChartContainer - [test-hivemq-platform] [hivemq] [de5873b5]                  |  __  || |\ \ / // _ \| |\/| || |  | |
2025-01-29 18:37:46,668 INFO c.h.h.t.HelmChartContainer - [test-hivemq-platform] [hivemq] [de5873b5]                  | |  | || | \ V /|  __/| |  | || |__| |
2025-01-29 18:37:46,668 INFO c.h.h.t.HelmChartContainer - [test-hivemq-platform] [hivemq] [de5873b5]                  |_|  |_||_|  \_/  \___||_|  |_| \___\_\
2025-01-29 18:37:46,668 INFO c.h.h.t.HelmChartContainer - [test-hivemq-platform] [hivemq] [de5873b5] 
2025-01-29 18:37:46,668 INFO c.h.h.t.HelmChartContainer - [test-hivemq-platform] [hivemq] [de5873b5] -------------------------------------------------------------------------
2025-01-29 18:37:46,668 INFO c.h.h.t.HelmChartContainer - [test-hivemq-platform] [hivemq] [de5873b5] 
2025-01-29 18:37:46,668 INFO c.h.h.t.HelmChartContainer - [test-hivemq-platform] [hivemq] [de5873b5]   HiveMQ Start Script for Linux/Unix v1.14
2025-01-29 18:37:46,668 INFO c.h.h.t.HelmChartContainer - [test-hivemq-platform] [hivemq] [de5873b5] 
2025-01-29 18:37:46,752 INFO c.h.h.t.HelmChartContainer - [test-hivemq-platform] [hivemq] [de5873b5] -------------------------------------------------------------------------
2025-01-29 18:37:46,753 INFO c.h.h.t.HelmChartContainer - [test-hivemq-platform] [hivemq] [de5873b5] 
2025-01-29 18:37:46,753 INFO c.h.h.t.HelmChartContainer - [test-hivemq-platform] [hivemq] [de5873b5]   HIVEMQ_HOME: /opt/hivemq
2025-01-29 18:37:46,753 INFO c.h.h.t.HelmChartContainer - [test-hivemq-platform] [hivemq] [de5873b5] 
2025-01-29 18:37:46,753 INFO c.h.h.t.HelmChartContainer - [test-hivemq-platform] [hivemq] [de5873b5]   JAVA_OPTS: -XX:+UnlockExperimentalVMOptions -XX:InitialRAMPercentage=50 -XX:MaxRAMPercentage=50 -Djava.net.preferIPv4Stack=true --add-opens java.base/java.lang=ALL-UNNAMED --add-opens java.base/java.nio=ALL-UNNAMED --add-opens java.base/sun.nio.ch=ALL-UNNAMED --add-opens jdk.management/com.sun.management.internal=ALL-UNNAMED --add-exports java.base/jdk.internal.misc=ALL-UNNAMED -Djava.security.egd=file:/dev/./urandom -Dcom.sun.management.jmxremote -Dcom.sun.management.jmxremote.port=9010 -Dcom.sun.management.jmxremote.local.only=false -Dcom.sun.management.jmxremote.authenticate=false -Dcom.sun.management.jmxremote.ssl=false -Duser.language=en -Duser.region=US -XX:+CrashOnOutOfMemoryError -XX:+HeapDumpOnOutOfMemoryError
2025-01-29 18:37:46,753 INFO c.h.h.t.HelmChartContainer - [test-hivemq-platform] [hivemq] [de5873b5] 
2025-01-29 18:37:46,753 INFO c.h.h.t.HelmChartContainer - [test-hivemq-platform] [hivemq] [de5873b5]   JAVA_VERSION: 21
2025-01-29 18:37:46,753 INFO c.h.h.t.HelmChartContainer - [test-hivemq-platform] [hivemq] [de5873b5] 
2025-01-29 18:37:46,753 INFO c.h.h.t.HelmChartContainer - [test-hivemq-platform] [hivemq] [de5873b5] -------------------------------------------------------------------------
2025-01-29 18:37:46,753 INFO c.h.h.t.HelmChartContainer - [test-hivemq-platform] [hivemq] [de5873b5] 
2025-01-29 18:37:47,424 INFO c.h.h.t.HelmChartContainer - [test-hivemq-platform] [hivemq] [de5873b5] INFO  - [HiveMQ Platform Operator Init App 1.7.0-SNAPSHOT] Returning default Health API response 503 for readiness
2025-01-29 18:37:47,668 INFO c.h.h.t.HelmChartContainer - [EVENT] Warning [Unhealthy] Readiness probe failed: HTTP probe failed with statuscode: 503 [helmcustomextensionit:test-hivemq-platform-0]
2025-01-29 18:37:47,668 INFO c.h.h.t.HelmChartContainer - Received Unhealthy event for container hivemq in pod test-hivemq-platform-0 [de5873b5-1ac8-458e-a48e-b510dd1d113d]
2025-01-29 18:37:49,528 INFO c.h.h.t.HelmChartContainer - [test-hivemq-platform] [hivemq] [de5873b5] INFO  - Starting HiveMQ Enterprise Server
2025-01-29 18:37:49,534 INFO c.h.h.t.HelmChartContainer - [test-hivemq-platform] [hivemq] [de5873b5] INFO  - HiveMQ version: 4.36.0
2025-01-29 18:37:49,534 INFO c.h.h.t.HelmChartContainer - [test-hivemq-platform] [hivemq] [de5873b5] INFO  - HiveMQ home directory: /opt/hivemq
2025-01-29 18:37:49,534 INFO c.h.h.t.HelmChartContainer - [test-hivemq-platform] [hivemq] [de5873b5] INFO  - Log Configuration was overridden by /opt/hivemq/conf/logback.xml
2025-01-29 18:37:50,929 INFO c.h.h.t.HelmChartContainer - [nginx-6589db77b6-r8p] [nginx] [68cefd1a] 2025/01/29 18:37:50 [info] 22#22: *1 client 10.42.0.7 closed keepalive connection
2025-01-29 18:37:51,366 INFO c.h.h.t.HelmChartContainer - [test-hivemq-platform] [hivemq] [de5873b5] INFO  - Successfully loaded configuration from '/opt/hivemq/conf-k8s/config.xml'.
2025-01-29 18:37:51,466 INFO c.h.h.t.HelmChartContainer - [hivemq-test-hivemq-platform] [hivemq-platform-operator] [907a50e2] 18:37:51.465 [pool-6-thread-9] DEBUG c.h.p.o.d.PlatformServiceResource - [helmcust] Desired Platform services (3 services)
2025-01-29 18:37:51,470 INFO c.h.h.t.HelmChartContainer - [hivemq-test-hivemq-platform] [hivemq-platform-operator] [907a50e2] 18:37:51.469 [pool-6-thread-2] DEBUG c.h.p.o.d.PodServiceAccountResource - [helmcust] Desired PodServiceAccountResource (serviceAccountName: hivemq-platform-pod-test-hivemq-platform)
2025-01-29 18:37:51,471 INFO c.h.h.t.HelmChartContainer - [hivemq-test-hivemq-platform] [hivemq-platform-operator] [907a50e2] 18:37:51.470 [pool-6-thread-5] DEBUG c.h.p.o.dependants.PodInfoConfigMap - [helmcust] Desired PodInfo ConfigMap (1 extensions) (1 enabled)
2025-01-29 18:37:51,472 INFO c.h.h.t.HelmChartContainer - [hivemq-test-hivemq-platform] [hivemq-platform-operator] [907a50e2] 18:37:51.470 [pool-6-thread-5] DEBUG c.h.p.o.dependants.PodInfoConfigMap - [helmcust] Desired PodInfo ConfigMap (metrics port: 9399) (metrics path: /)
2025-01-29 18:37:51,472 INFO c.h.h.t.HelmChartContainer - [hivemq-test-hivemq-platform] [hivemq-platform-operator] [907a50e2] 18:37:51.470 [pool-6-thread-5] DEBUG c.h.p.o.dependants.PodInfoConfigMap - [helmcust] Desired PodInfo ConfigMap (extension state hash: 1589925073)
2025-01-29 18:37:51,475 INFO c.h.h.t.HelmChartContainer - [hivemq-test-hivemq-platform] [hivemq-platform-operator] [907a50e2] 18:37:51.474 [pool-6-thread-5] DEBUG c.h.p.o.d.StatefulSetResource - [helmcust] Desired StatefulSet (1 replicas) for status STARTING (READY)
2025-01-29 18:37:51,544 INFO c.h.h.t.HelmChartContainer - [hivemq-test-hivemq-platform] [hivemq-platform-operator] [907a50e2] 18:37:51.541 [ReconcilerExecutor-hivemq-controller-108] INFO  c.h.p.o.HiveMQPlatformReconciler - [helmcust] Reconciling HiveMQ Platform 'test-hivemq-platform' in namespace 'helmcustomextensionit'
2025-01-29 18:37:51,544 INFO c.h.h.t.HelmChartContainer - [hivemq-test-hivemq-platform] [hivemq-platform-operator] [907a50e2] 18:37:51.542 [ReconcilerExecutor-hivemq-controller-108] DEBUG c.h.p.o.HiveMQPlatformReconciler - [helmcust] Custom Resource Status STARTING - HiveMQ Platform is starting (READY)
2025-01-29 18:37:51,546 INFO c.h.h.t.HelmChartContainer - [hivemq-test-hivemq-platform] [hivemq-platform-operator] [907a50e2] 18:37:51.542 [ReconcilerExecutor-hivemq-controller-108] DEBUG c.h.p.o.HiveMQPlatformReconciler - [helmcust] Custom Resource Spec (replicas: 1) (extensions: 1)
2025-01-29 18:37:51,548 INFO c.h.h.t.HelmChartContainer - [hivemq-test-hivemq-platform] [hivemq-platform-operator] [907a50e2] 18:37:51.544 [ReconcilerExecutor-hivemq-controller-108] DEBUG c.h.p.o.HiveMQPlatformReconciler - [helmcust] StatefulSet Status (revision: test-hivemq-platform-58d745f97c, replicas: 1, available: 0, ready: 0, current: 1, updated: 1)
2025-01-29 18:37:51,548 INFO c.h.h.t.HelmChartContainer - [hivemq-test-hivemq-platform] [hivemq-platform-operator] [907a50e2] 18:37:51.545 [ReconcilerExecutor-hivemq-controller-108] DEBUG c.h.p.o.HiveMQPlatformReconciler - [helmcust] StatefulSet Spec (replicas: 1, init containers: 1, containers: 1, volumes: 4)
2025-01-29 18:37:51,549 INFO c.h.h.t.HelmChartContainer - [hivemq-test-hivemq-platform] [hivemq-platform-operator] [907a50e2] 18:37:51.547 [ReconcilerExecutor-hivemq-controller-108] DEBUG c.h.p.o.h.HiveMQPlatformReconcilerErrorHandler - [helmcust] Pod 'test-hivemq-platform-0' phase Running
2025-01-29 18:37:51,549 INFO c.h.h.t.HelmChartContainer - [hivemq-test-hivemq-platform] [hivemq-platform-operator] [907a50e2] 18:37:51.548 [ReconcilerExecutor-hivemq-controller-108] INFO  c.h.p.o.h.HiveMQPlatformReconcilerBaseHandler - [helmcust] HiveMQ Platform is starting, 0 of 1 replicas are ready
2025-01-29 18:37:52,461 INFO c.h.h.t.HelmChartContainer - [test-hivemq-platform] [hivemq] [de5873b5] WARN  - [HiveMQ Platform Operator Init App 1.7.0-SNAPSHOT] Cannot connect to Health API for readiness: null
2025-01-29 18:37:52,531 INFO c.h.h.t.HelmChartContainer - [test-hivemq-platform] [hivemq] [de5873b5] INFO  - This node's ID is uJyYZ
2025-01-29 18:37:52,531 INFO c.h.h.t.HelmChartContainer - [test-hivemq-platform] [hivemq] [de5873b5] INFO  - Clustering is enabled
2025-01-29 18:37:52,531 INFO c.h.h.t.HelmChartContainer - [EVENT] Warning [Unhealthy] Readiness probe failed: HTTP probe failed with statuscode: 503 [helmcustomextensionit:test-hivemq-platform-0]
2025-01-29 18:37:52,531 INFO c.h.h.t.HelmChartContainer - Received Unhealthy event for container hivemq in pod test-hivemq-platform-0 [de5873b5-1ac8-458e-a48e-b510dd1d113d]
2025-01-29 18:37:55,725 INFO c.h.h.t.HelmChartContainer - [test-hivemq-platform] [hivemq] [de5873b5] Jan 29, 2025 6:37:55 PM io.vertx.core.impl.BlockedThreadChecker
2025-01-29 18:37:55,725 INFO c.h.h.t.HelmChartContainer - [test-hivemq-platform] [hivemq] [de5873b5] WARNING: Thread Thread[vert.x-eventloop-thread-1,5,main] has been blocked for 2265 ms, time limit is 2000 ms
2025-01-29 18:37:56,529 INFO c.h.h.t.HelmChartContainer - [test-hivemq-platform] [hivemq] [de5873b5] INFO  - [HiveMQ Platform Operator Init App 1.7.0-SNAPSHOT] Updating Pod HiveMQ Platform Operator Init App version annotation (version: 1.7.0-SNAPSHOT)
2025-01-29 18:37:57,332 INFO c.h.h.t.HelmChartContainer - [test-hivemq-platform] [hivemq] [de5873b5] WARN  - [HiveMQ Platform Operator Init App 1.7.0-SNAPSHOT] Cannot connect to Health API for readiness: null
2025-01-29 18:37:57,338 INFO c.h.h.t.HelmChartContainer - [EVENT] Warning [Unhealthy] Readiness probe failed: HTTP probe failed with statuscode: 503 [helmcustomextensionit:test-hivemq-platform-0]
2025-01-29 18:37:57,338 INFO c.h.h.t.HelmChartContainer - Received Unhealthy event for container hivemq in pod test-hivemq-platform-0 [de5873b5-1ac8-458e-a48e-b510dd1d113d]
2025-01-29 18:37:57,537 INFO c.h.h.t.HelmChartContainer - [POD] test-hivemq-platform-0 [de5873b5-1ac8-458e-a48e-b510dd1d113d] in helmcustomextensionit was MODIFIED
2025-01-29 18:37:57,544 INFO c.h.h.t.HelmChartContainer - [hivemq-test-hivemq-platform] [hivemq-platform-operator] [907a50e2] 18:37:57.542 [pool-6-thread-14] DEBUG c.h.p.o.d.PlatformServiceResource - [helmcust] Desired Platform services (3 services)
2025-01-29 18:37:57,545 INFO c.h.h.t.HelmChartContainer - [hivemq-test-hivemq-platform] [hivemq-platform-operator] [907a50e2] 18:37:57.544 [pool-6-thread-19] DEBUG c.h.p.o.d.PodServiceAccountResource - [helmcust] Desired PodServiceAccountResource (serviceAccountName: hivemq-platform-pod-test-hivemq-platform)
2025-01-29 18:37:57,546 INFO c.h.h.t.HelmChartContainer - [hivemq-test-hivemq-platform] [hivemq-platform-operator] [907a50e2] 18:37:57.546 [pool-6-thread-11] DEBUG c.h.p.o.dependants.PodInfoConfigMap - [helmcust] Desired PodInfo ConfigMap (1 extensions) (1 enabled)
2025-01-29 18:37:57,547 INFO c.h.h.t.HelmChartContainer - [hivemq-test-hivemq-platform] [hivemq-platform-operator] [907a50e2] 18:37:57.546 [pool-6-thread-11] DEBUG c.h.p.o.dependants.PodInfoConfigMap - [helmcust] Desired PodInfo ConfigMap (metrics port: 9399) (metrics path: /)
2025-01-29 18:37:57,548 INFO c.h.h.t.HelmChartContainer - [hivemq-test-hivemq-platform] [hivemq-platform-operator] [907a50e2] 18:37:57.546 [pool-6-thread-11] DEBUG c.h.p.o.dependants.PodInfoConfigMap - [helmcust] Desired PodInfo ConfigMap (extension state hash: 1589925073)
2025-01-29 18:37:57,551 INFO c.h.h.t.HelmChartContainer - [hivemq-test-hivemq-platform] [hivemq-platform-operator] [907a50e2] 18:37:57.550 [pool-6-thread-14] DEBUG c.h.p.o.d.StatefulSetResource - [helmcust] Desired StatefulSet (1 replicas) for status STARTING (READY)
2025-01-29 18:37:57,556 INFO c.h.h.t.HelmChartContainer - [hivemq-test-hivemq-platform] [hivemq-platform-operator] [907a50e2] 18:37:57.555 [ReconcilerExecutor-hivemq-controller-109] INFO  c.h.p.o.HiveMQPlatformReconciler - [helmcust] Reconciling HiveMQ Platform 'test-hivemq-platform' in namespace 'helmcustomextensionit'
2025-01-29 18:37:57,556 INFO c.h.h.t.HelmChartContainer - [hivemq-test-hivemq-platform] [hivemq-platform-operator] [907a50e2] 18:37:57.555 [ReconcilerExecutor-hivemq-controller-109] DEBUG c.h.p.o.HiveMQPlatformReconciler - [helmcust] Custom Resource Status STARTING - HiveMQ Platform is starting (READY)
2025-01-29 18:37:57,559 INFO c.h.h.t.HelmChartContainer - [hivemq-test-hivemq-platform] [hivemq-platform-operator] [907a50e2] 18:37:57.556 [ReconcilerExecutor-hivemq-controller-109] DEBUG c.h.p.o.HiveMQPlatformReconciler - [helmcust] Custom Resource Spec (replicas: 1) (extensions: 1)
2025-01-29 18:37:57,560 INFO c.h.h.t.HelmChartContainer - [hivemq-test-hivemq-platform] [hivemq-platform-operator] [907a50e2] 18:37:57.557 [ReconcilerExecutor-hivemq-controller-109] DEBUG c.h.p.o.HiveMQPlatformReconciler - [helmcust] StatefulSet Status (revision: test-hivemq-platform-58d745f97c, replicas: 1, available: 0, ready: 0, current: 1, updated: 1)
2025-01-29 18:37:57,560 INFO c.h.h.t.HelmChartContainer - [hivemq-test-hivemq-platform] [hivemq-platform-operator] [907a50e2] 18:37:57.558 [ReconcilerExecutor-hivemq-controller-109] DEBUG c.h.p.o.HiveMQPlatformReconciler - [helmcust] StatefulSet Spec (replicas: 1, init containers: 1, containers: 1, volumes: 4)
2025-01-29 18:37:57,560 INFO c.h.h.t.HelmChartContainer - [hivemq-test-hivemq-platform] [hivemq-platform-operator] [907a50e2] 18:37:57.559 [ReconcilerExecutor-hivemq-controller-109] DEBUG c.h.p.o.h.HiveMQPlatformReconcilerErrorHandler - [helmcust] Pod 'test-hivemq-platform-0' phase Running
2025-01-29 18:37:57,598 INFO c.h.h.t.HelmChartContainer - [hivemq-test-hivemq-platform] [hivemq-platform-operator] [907a50e2] 18:37:57.597 [ReconcilerExecutor-hivemq-controller-109] INFO  c.h.p.o.h.HiveMQPlatformReconcilerBaseHandler - [helmcust] HiveMQ Platform is starting, 0 of 1 replicas are ready
2025-01-29 18:37:57,629 INFO c.h.h.t.HelmChartContainer - [test-hivemq-platform] [hivemq] [de5873b5] WARN  - [HiveMQ Platform Operator Init App 1.7.0-SNAPSHOT] Cannot connect to Health API for readiness: null
2025-01-29 18:37:57,637 INFO c.h.h.t.HelmChartContainer - [EVENT] Warning [Unhealthy] Readiness probe failed: HTTP probe failed with statuscode: 503 [helmcustomextensionit:test-hivemq-platform-0]
2025-01-29 18:37:57,637 INFO c.h.h.t.HelmChartContainer - Received Unhealthy event for container hivemq in pod test-hivemq-platform-0 [de5873b5-1ac8-458e-a48e-b510dd1d113d]
2025-01-29 18:37:57,723 INFO c.h.h.t.HelmChartContainer - [test-hivemq-platform] [hivemq] [de5873b5] INFO  - [HiveMQ Platform Operator Init App 1.7.0-SNAPSHOT] Successfully updated Pod HiveMQ Platform Operator Init App version annotation (version: 1.7.0-SNAPSHOT)
2025-01-29 18:38:02,628 INFO c.h.h.t.HelmChartContainer - [test-hivemq-platform] [hivemq] [de5873b5] WARN  - [HiveMQ Platform Operator Init App 1.7.0-SNAPSHOT] Cannot connect to Health API for readiness: null
2025-01-29 18:38:02,631 INFO c.h.h.t.HelmChartContainer - [EVENT] Warning [Unhealthy] Readiness probe failed: HTTP probe failed with statuscode: 503 [helmcustomextensionit:test-hivemq-platform-0]
2025-01-29 18:38:02,631 INFO c.h.h.t.HelmChartContainer - Received Unhealthy event for container hivemq in pod test-hivemq-platform-0 [de5873b5-1ac8-458e-a48e-b510dd1d113d]
2025-01-29 18:38:07,607 INFO c.h.h.t.HelmChartContainer - [hivemq-test-hivemq-platform] [hivemq-platform-operator] [907a50e2] 18:38:07.602 [pool-6-thread-23] DEBUG c.h.p.o.d.PlatformServiceResource - [helmcust] Desired Platform services (3 services)
2025-01-29 18:38:07,607 INFO c.h.h.t.HelmChartContainer - [hivemq-test-hivemq-platform] [hivemq-platform-operator] [907a50e2] 18:38:07.603 [pool-6-thread-25] DEBUG c.h.p.o.d.PodServiceAccountResource - [helmcust] Desired PodServiceAccountResource (serviceAccountName: hivemq-platform-pod-test-hivemq-platform)
2025-01-29 18:38:07,608 INFO c.h.h.t.HelmChartContainer - [hivemq-test-hivemq-platform] [hivemq-platform-operator] [907a50e2] 18:38:07.604 [pool-6-thread-27] DEBUG c.h.p.o.dependants.PodInfoConfigMap - [helmcust] Desired PodInfo ConfigMap (1 extensions) (1 enabled)
2025-01-29 18:38:07,608 INFO c.h.h.t.HelmChartContainer - [hivemq-test-hivemq-platform] [hivemq-platform-operator] [907a50e2] 18:38:07.604 [pool-6-thread-27] DEBUG c.h.p.o.dependants.PodInfoConfigMap - [helmcust] Desired PodInfo ConfigMap (metrics port: 9399) (metrics path: /)
2025-01-29 18:38:07,608 INFO c.h.h.t.HelmChartContainer - [hivemq-test-hivemq-platform] [hivemq-platform-operator] [907a50e2] 18:38:07.604 [pool-6-thread-27] DEBUG c.h.p.o.dependants.PodInfoConfigMap - [helmcust] Desired PodInfo ConfigMap (extension state hash: 1589925073)
2025-01-29 18:38:07,612 INFO c.h.h.t.HelmChartContainer - [hivemq-test-hivemq-platform] [hivemq-platform-operator] [907a50e2] 18:38:07.608 [pool-6-thread-23] DEBUG c.h.p.o.d.StatefulSetResource - [helmcust] Desired StatefulSet (1 replicas) for status STARTING (READY)
2025-01-29 18:38:07,618 INFO c.h.h.t.HelmChartContainer - [hivemq-test-hivemq-platform] [hivemq-platform-operator] [907a50e2] 18:38:07.617 [ReconcilerExecutor-hivemq-controller-110] INFO  c.h.p.o.HiveMQPlatformReconciler - [helmcust] Reconciling HiveMQ Platform 'test-hivemq-platform' in namespace 'helmcustomextensionit'
2025-01-29 18:38:07,619 INFO c.h.h.t.HelmChartContainer - [hivemq-test-hivemq-platform] [hivemq-platform-operator] [907a50e2] 18:38:07.617 [ReconcilerExecutor-hivemq-controller-110] DEBUG c.h.p.o.HiveMQPlatformReconciler - [helmcust] Custom Resource Status STARTING - HiveMQ Platform is starting (READY)
2025-01-29 18:38:07,619 INFO c.h.h.t.HelmChartContainer - [hivemq-test-hivemq-platform] [hivemq-platform-operator] [907a50e2] 18:38:07.617 [ReconcilerExecutor-hivemq-controller-110] DEBUG c.h.p.o.HiveMQPlatformReconciler - [helmcust] Custom Resource Spec (replicas: 1) (extensions: 1)
2025-01-29 18:38:07,630 INFO c.h.h.t.HelmChartContainer - [test-hivemq-platform] [hivemq] [de5873b5] WARN  - [HiveMQ Platform Operator Init App 1.7.0-SNAPSHOT] Cannot connect to Health API for readiness: null
2025-01-29 18:38:07,635 INFO c.h.h.t.HelmChartContainer - [EVENT] Warning [Unhealthy] Readiness probe failed: HTTP probe failed with statuscode: 503 [helmcustomextensionit:test-hivemq-platform-0]
2025-01-29 18:38:07,635 INFO c.h.h.t.HelmChartContainer - Received Unhealthy event for container hivemq in pod test-hivemq-platform-0 [de5873b5-1ac8-458e-a48e-b510dd1d113d]
2025-01-29 18:38:07,700 INFO c.h.h.t.HelmChartContainer - [hivemq-test-hivemq-platform] [hivemq-platform-operator] [907a50e2] 18:38:07.698 [ReconcilerExecutor-hivemq-controller-110] DEBUG c.h.p.o.HiveMQPlatformReconciler - [helmcust] StatefulSet Status (revision: test-hivemq-platform-58d745f97c, replicas: 1, available: 0, ready: 0, current: 1, updated: 1)
2025-01-29 18:38:07,701 INFO c.h.h.t.HelmChartContainer - [hivemq-test-hivemq-platform] [hivemq-platform-operator] [907a50e2] 18:38:07.699 [ReconcilerExecutor-hivemq-controller-110] DEBUG c.h.p.o.HiveMQPlatformReconciler - [helmcust] StatefulSet Spec (replicas: 1, init containers: 1, containers: 1, volumes: 4)
2025-01-29 18:38:07,702 INFO c.h.h.t.HelmChartContainer - [hivemq-test-hivemq-platform] [hivemq-platform-operator] [907a50e2] 18:38:07.700 [ReconcilerExecutor-hivemq-controller-110] DEBUG c.h.p.o.h.HiveMQPlatformReconcilerErrorHandler - [helmcust] Pod 'test-hivemq-platform-0' phase Running
2025-01-29 18:38:07,702 INFO c.h.h.t.HelmChartContainer - [hivemq-test-hivemq-platform] [hivemq-platform-operator] [907a50e2] 18:38:07.701 [ReconcilerExecutor-hivemq-controller-110] INFO  c.h.p.o.h.HiveMQPlatformReconcilerBaseHandler - [helmcust] HiveMQ Platform is starting, 0 of 1 replicas are ready
2025-01-29 18:38:08,862 INFO c.h.h.t.HelmChartContainer - [test-hivemq-platform] [hivemq] [de5873b5] INFO  - No valid license file found. Using trial license, restricted to 25 connections.
2025-01-29 18:38:09,763 INFO c.h.h.t.HelmChartContainer - [test-hivemq-platform] [hivemq] [de5873b5] WARN  - [HiveMQ Platform Operator Init App 1.7.0-SNAPSHOT] Cannot connect to Health API for liveness: null
2025-01-29 18:38:09,763 INFO c.h.h.t.HelmChartContainer - [test-hivemq-platform] [hivemq] [de5873b5] INFO  - [HiveMQ Platform Operator Init App 1.7.0-SNAPSHOT] Returning default Health API response 200 for liveness
2025-01-29 18:38:12,624 INFO c.h.h.t.HelmChartContainer - [test-hivemq-platform] [hivemq] [de5873b5] WARN  - [HiveMQ Platform Operator Init App 1.7.0-SNAPSHOT] Cannot connect to Health API for readiness: null
2025-01-29 18:38:12,630 INFO c.h.h.t.HelmChartContainer - [EVENT] Warning [Unhealthy] Readiness probe failed: HTTP probe failed with statuscode: 503 [helmcustomextensionit:test-hivemq-platform-0]
2025-01-29 18:38:12,630 INFO c.h.h.t.HelmChartContainer - Received Unhealthy event for container hivemq in pod test-hivemq-platform-0 [de5873b5-1ac8-458e-a48e-b510dd1d113d]
2025-01-29 18:38:13,963 INFO c.h.h.t.HelmChartContainer - [test-hivemq-platform] [hivemq] [de5873b5] INFO  - No valid license file for Data Hub found. Using free license, restricted to 1 policy.
2025-01-29 18:38:15,064 INFO c.h.h.t.HelmChartContainer - [test-hivemq-platform] [hivemq] [de5873b5] INFO  - Audit Logger started.
2025-01-29 18:38:15,352 INFO c.h.h.t.HelmChartContainer - [test-hivemq-platform] [hivemq] [de5873b5] INFO  - This node uses '1' CPU cores.
2025-01-29 18:38:15,361 INFO c.h.h.t.HelmChartContainer - [test-hivemq-platform] [hivemq] [de5873b5] INFO  - Starting HiveMQ Health API on address 0.0.0.0 and port 8889
2025-01-29 18:38:16,135 INFO c.h.h.t.HelmChartContainer - [test-hivemq-platform] [hivemq] [de5873b5] INFO  - Started HiveMQ Health API in 775ms
2025-01-29 18:38:16,647 INFO c.h.h.t.HelmChartContainer - [test-hivemq-platform] [hivemq] [de5873b5] INFO  - Starting HiveMQ extension system.
2025-01-29 18:38:16,933 INFO c.h.h.t.HelmChartContainer - [test-hivemq-platform] [hivemq] [de5873b5] INFO  - Starting extension with id "hivemq-dns-cluster-discovery" at /opt/hivemq/extensions/hivemq-dns-cluster-discovery
2025-01-29 18:38:17,432 INFO c.h.h.t.HelmChartContainer - [test-hivemq-platform] [hivemq] [de5873b5] INFO  - Extension "DNS Cluster Discovery Extension" version 4.3.2 started successfully.
2025-01-29 18:38:17,432 INFO c.h.h.t.HelmChartContainer - [test-hivemq-platform] [hivemq] [de5873b5] INFO  - Starting extension with id "hivemq-custom-test-extension" at /opt/hivemq/extensions/hivemq-custom-test-extension
2025-01-29 18:38:17,432 INFO c.h.h.t.HelmChartContainer - [test-hivemq-platform] [hivemq] [de5873b5] INFO  - HiveMQ Custom Test Extension started
2025-01-29 18:38:17,432 INFO c.h.h.t.HelmChartContainer - [test-hivemq-platform] [hivemq] [de5873b5] INFO  - Extension "HiveMQ Custom Test Extension" version 2.0.0 started successfully.
2025-01-29 18:38:17,432 INFO c.h.h.testcontainer.LogWaiterUtil - TEST Found log pattern on 'test-hivemq-platform-0': .*Extension "HiveMQ Custom Test Extension" version 2.0.0 started successfully.
2025-01-29 18:38:17,433 INFO c.h.h.t.HelmChartContainer - [test-hivemq-platform] [hivemq] [de5873b5] INFO  - Starting extension with id "hivemq-prometheus-extension" at /opt/hivemq/extensions/hivemq-prometheus-extension
2025-01-29 18:38:17,529 INFO c.h.h.t.HelmChartContainer - [test-hivemq-platform] [hivemq] [de5873b5] INFO  - Using TCP cluster transport on address 10.42.0.7 and port 7000
2025-01-29 18:38:17,562 INFO c.h.h.t.HelmChartContainer - [test-hivemq-platform] [hivemq] [de5873b5] INFO  - Using extension cluster discovery
2025-01-29 18:38:17,709 INFO c.h.h.t.HelmChartContainer - [hivemq-test-hivemq-platform] [hivemq-platform-operator] [907a50e2] 18:38:17.706 [pool-6-thread-31] DEBUG c.h.p.o.d.PodServiceAccountResource - [helmcust] Desired PodServiceAccountResource (serviceAccountName: hivemq-platform-pod-test-hivemq-platform)
2025-01-29 18:38:17,709 INFO c.h.h.t.HelmChartContainer - [hivemq-test-hivemq-platform] [hivemq-platform-operator] [907a50e2] 18:38:17.706 [pool-6-thread-37] DEBUG c.h.p.o.d.PlatformServiceResource - [helmcust] Desired Platform services (3 services)
2025-01-29 18:38:17,710 INFO c.h.h.t.HelmChartContainer - [hivemq-test-hivemq-platform] [hivemq-platform-operator] [907a50e2] 18:38:17.709 [pool-6-thread-36] DEBUG c.h.p.o.dependants.PodInfoConfigMap - [helmcust] Desired PodInfo ConfigMap (1 extensions) (1 enabled)
2025-01-29 18:38:17,711 INFO c.h.h.t.HelmChartContainer - [hivemq-test-hivemq-platform] [hivemq-platform-operator] [907a50e2] 18:38:17.710 [pool-6-thread-36] DEBUG c.h.p.o.dependants.PodInfoConfigMap - [helmcust] Desired PodInfo ConfigMap (metrics port: 9399) (metrics path: /)
2025-01-29 18:38:17,713 INFO c.h.h.t.HelmChartContainer - [hivemq-test-hivemq-platform] [hivemq-platform-operator] [907a50e2] 18:38:17.710 [pool-6-thread-36] DEBUG c.h.p.o.dependants.PodInfoConfigMap - [helmcust] Desired PodInfo ConfigMap (extension state hash: 1589925073)
2025-01-29 18:38:17,714 INFO c.h.h.t.HelmChartContainer - [hivemq-test-hivemq-platform] [hivemq-platform-operator] [907a50e2] 18:38:17.713 [pool-6-thread-33] DEBUG c.h.p.o.d.StatefulSetResource - [helmcust] Desired StatefulSet (1 replicas) for status STARTING (READY)
2025-01-29 18:38:17,718 INFO c.h.h.t.HelmChartContainer - [hivemq-test-hivemq-platform] [hivemq-platform-operator] [907a50e2] 18:38:17.716 [ReconcilerExecutor-hivemq-controller-111] INFO  c.h.p.o.HiveMQPlatformReconciler - [helmcust] Reconciling HiveMQ Platform 'test-hivemq-platform' in namespace 'helmcustomextensionit'
2025-01-29 18:38:17,718 INFO c.h.h.t.HelmChartContainer - [hivemq-test-hivemq-platform] [hivemq-platform-operator] [907a50e2] 18:38:17.716 [ReconcilerExecutor-hivemq-controller-111] DEBUG c.h.p.o.HiveMQPlatformReconciler - [helmcust] Custom Resource Status STARTING - HiveMQ Platform is starting (READY)
2025-01-29 18:38:17,718 INFO c.h.h.t.HelmChartContainer - [hivemq-test-hivemq-platform] [hivemq-platform-operator] [907a50e2] 18:38:17.716 [ReconcilerExecutor-hivemq-controller-111] DEBUG c.h.p.o.HiveMQPlatformReconciler - [helmcust] Custom Resource Spec (replicas: 1) (extensions: 1)
2025-01-29 18:38:17,720 INFO c.h.h.t.HelmChartContainer - [hivemq-test-hivemq-platform] [hivemq-platform-operator] [907a50e2] 18:38:17.718 [ReconcilerExecutor-hivemq-controller-111] DEBUG c.h.p.o.HiveMQPlatformReconciler - [helmcust] StatefulSet Status (revision: test-hivemq-platform-58d745f97c, replicas: 1, available: 0, ready: 0, current: 1, updated: 1)
2025-01-29 18:38:17,720 INFO c.h.h.t.HelmChartContainer - [hivemq-test-hivemq-platform] [hivemq-platform-operator] [907a50e2] 18:38:17.718 [ReconcilerExecutor-hivemq-controller-111] DEBUG c.h.p.o.HiveMQPlatformReconciler - [helmcust] StatefulSet Spec (replicas: 1, init containers: 1, containers: 1, volumes: 4)
2025-01-29 18:38:17,721 INFO c.h.h.t.HelmChartContainer - [hivemq-test-hivemq-platform] [hivemq-platform-operator] [907a50e2] 18:38:17.720 [ReconcilerExecutor-hivemq-controller-111] DEBUG c.h.p.o.h.HiveMQPlatformReconcilerErrorHandler - [helmcust] Pod 'test-hivemq-platform-0' phase Running
2025-01-29 18:38:17,721 INFO c.h.h.t.HelmChartContainer - [hivemq-test-hivemq-platform] [hivemq-platform-operator] [907a50e2] 18:38:17.720 [ReconcilerExecutor-hivemq-controller-111] INFO  c.h.p.o.h.HiveMQPlatformReconcilerBaseHandler - [helmcust] HiveMQ Platform is starting, 0 of 1 replicas are ready
2025-01-29 18:38:18,586 INFO c.h.h.t.HelmChartContainer - [EVENT] Warning [Unhealthy] Readiness probe failed: Get "http://10.42.0.7:7979/readiness": context deadline exceeded (Client.Timeout exceeded while awaiting headers) [helmcustomextensionit:test-hivemq-platform-0]
2025-01-29 18:38:18,586 INFO c.h.h.t.HelmChartContainer - Received Unhealthy event for container hivemq in pod test-hivemq-platform-0 [de5873b5-1ac8-458e-a48e-b510dd1d113d]
2025-01-29 18:38:18,627 INFO c.h.h.t.HelmChartContainer - [test-hivemq-platform] [hivemq] [de5873b5] INFO  - Started Jetty Server exposing Prometheus Servlet on URI http://0.0.0.0:9399/
2025-01-29 18:38:18,629 INFO c.h.h.t.HelmChartContainer - [test-hivemq-platform] [hivemq] [de5873b5] INFO  - Extension "Prometheus Monitoring Extension" version 4.0.12 started successfully.
2025-01-29 18:38:18,629 INFO c.h.h.t.HelmChartContainer - [test-hivemq-platform] [hivemq] [de5873b5] INFO  - Starting extension with id "hivemq-allow-all-extension" at /opt/hivemq/extensions/hivemq-allow-all-extension
2025-01-29 18:38:18,629 INFO c.h.h.t.HelmChartContainer - [test-hivemq-platform] [hivemq] [de5873b5] WARN  - 
2025-01-29 18:38:18,629 INFO c.h.h.t.HelmChartContainer - [test-hivemq-platform] [hivemq] [de5873b5] ################################################################################################################
2025-01-29 18:38:18,629 INFO c.h.h.t.HelmChartContainer - [test-hivemq-platform] [hivemq] [de5873b5] # This HiveMQ deployment is not secure! You are lacking Authentication and Authorization.                      #
2025-01-29 18:38:18,629 INFO c.h.h.t.HelmChartContainer - [test-hivemq-platform] [hivemq] [de5873b5] # Right now any MQTT client can connect to the broker with a full set of permissions.                          #
2025-01-29 18:38:18,629 INFO c.h.h.t.HelmChartContainer - [test-hivemq-platform] [hivemq] [de5873b5] # For production usage, add an appropriate security extension and remove the hivemq-allow-all extension.       #
2025-01-29 18:38:18,629 INFO c.h.h.t.HelmChartContainer - [test-hivemq-platform] [hivemq] [de5873b5] # You can download security extensions from the HiveMQ Marketplace (https://www.hivemq.com/extensions/).       #
2025-01-29 18:38:18,629 INFO c.h.h.t.HelmChartContainer - [test-hivemq-platform] [hivemq] [de5873b5] ################################################################################################################
2025-01-29 18:38:18,631 INFO c.h.h.t.HelmChartContainer - [test-hivemq-platform] [hivemq] [de5873b5] INFO  - Extension "Allow All Extension" version 1.1.1 started successfully.
2025-01-29 18:38:18,832 INFO c.h.h.t.HelmChartContainer - [test-hivemq-platform] [hivemq] [de5873b5] INFO  - [HiveMQ Platform Operator Init App 1.7.0-SNAPSHOT] Returning Health API response 503 for readiness
2025-01-29 18:38:20,826 INFO c.h.h.t.HelmChartContainer - [test-hivemq-platform] [hivemq] [de5873b5] INFO  - uJyYZ: no members discovered after 2603 ms: creating cluster as first member
2025-01-29 18:38:20,832 INFO c.h.h.t.HelmChartContainer - [test-hivemq-platform] [hivemq] [de5873b5] INFO  - Cluster nodes found by discovery: [uJyYZ|0] (1) [uJyYZ].
2025-01-29 18:38:20,849 INFO c.h.h.t.HelmChartContainer - [test-hivemq-platform] [hivemq] [de5873b5] WARN  - No user for HiveMQ Control Center configured. Starting with default user
2025-01-29 18:38:20,850 INFO c.h.h.t.HelmChartContainer - [test-hivemq-platform] [hivemq] [de5873b5] INFO  - Starting HiveMQ Control Center on address 0.0.0.0 and port 8080
2025-01-29 18:38:20,863 INFO c.h.h.t.HelmChartContainer - [test-hivemq-platform] [hivemq] [de5873b5] INFO  - Mounting HiveMQ Control Center V2 Preview
2025-01-29 18:38:21,532 INFO c.h.h.t.HelmChartContainer - [test-hivemq-platform] [hivemq] [de5873b5] INFO  - Started HiveMQ Control Center in 682ms
2025-01-29 18:38:21,547 INFO c.h.h.t.HelmChartContainer - [test-hivemq-platform] [hivemq] [de5873b5] INFO  - Starting TCP listener on address 0.0.0.0 and port 1883
2025-01-29 18:38:21,629 INFO c.h.h.t.HelmChartContainer - [test-hivemq-platform] [hivemq] [de5873b5] INFO  - Started TCP Listener on address 0.0.0.0 and on port 1883.
2025-01-29 18:38:21,629 INFO c.h.h.t.HelmChartContainer - [test-hivemq-platform] [hivemq] [de5873b5] INFO  - Started HiveMQ in 32494ms
2025-01-29 18:38:22,541 INFO c.h.h.t.HelmChartContainer - [test-hivemq-platform] [hivemq] [de5873b5] INFO  - [HiveMQ Platform Operator Init App 1.7.0-SNAPSHOT] Returning Health API response 200 for readiness
2025-01-29 18:38:22,556 INFO c.h.h.t.HelmChartContainer - [POD] test-hivemq-platform-0 [de5873b5-1ac8-458e-a48e-b510dd1d113d] in helmcustomextensionit was MODIFIED
2025-01-29 18:38:22,565 INFO c.h.h.t.HelmChartContainer - [hivemq-test-hivemq-platform] [hivemq-platform-operator] [907a50e2] 18:38:22.563 [pool-6-thread-43] DEBUG c.h.p.o.d.PlatformServiceResource - [helmcust] Desired Platform services (3 services)
2025-01-29 18:38:22,565 INFO c.h.h.t.HelmChartContainer - [hivemq-test-hivemq-platform] [hivemq-platform-operator] [907a50e2] 18:38:22.564 [pool-6-thread-47] DEBUG c.h.p.o.dependants.PodInfoConfigMap - [helmcust] Desired PodInfo ConfigMap (1 extensions) (1 enabled)
2025-01-29 18:38:22,565 INFO c.h.h.t.HelmChartContainer - [hivemq-test-hivemq-platform] [hivemq-platform-operator] [907a50e2] 18:38:22.564 [pool-6-thread-47] DEBUG c.h.p.o.dependants.PodInfoConfigMap - [helmcust] Desired PodInfo ConfigMap (metrics port: 9399) (metrics path: /)
2025-01-29 18:38:22,565 INFO c.h.h.t.HelmChartContainer - [hivemq-test-hivemq-platform] [hivemq-platform-operator] [907a50e2] 18:38:22.564 [pool-6-thread-47] DEBUG c.h.p.o.dependants.PodInfoConfigMap - [helmcust] Desired PodInfo ConfigMap (extension state hash: 1589925073)
2025-01-29 18:38:22,570 INFO c.h.h.t.HelmChartContainer - [hivemq-test-hivemq-platform] [hivemq-platform-operator] [907a50e2] 18:38:22.565 [pool-6-thread-44] DEBUG c.h.p.o.d.PodServiceAccountResource - [helmcust] Desired PodServiceAccountResource (serviceAccountName: hivemq-platform-pod-test-hivemq-platform)
2025-01-29 18:38:22,578 INFO c.h.h.t.HelmChartContainer - [hivemq-test-hivemq-platform] [hivemq-platform-operator] [907a50e2] 18:38:22.577 [pool-6-thread-43] DEBUG c.h.p.o.d.StatefulSetResource - [helmcust] Desired StatefulSet (1 replicas) for status STARTING (READY)
2025-01-29 18:38:22,581 INFO c.h.h.t.HelmChartContainer - [hivemq-test-hivemq-platform] [hivemq-platform-operator] [907a50e2] 18:38:22.581 [ReconcilerExecutor-hivemq-controller-112] INFO  c.h.p.o.HiveMQPlatformReconciler - [helmcust] Reconciling HiveMQ Platform 'test-hivemq-platform' in namespace 'helmcustomextensionit'
2025-01-29 18:38:22,582 INFO c.h.h.t.HelmChartContainer - [hivemq-test-hivemq-platform] [hivemq-platform-operator] [907a50e2] 18:38:22.581 [ReconcilerExecutor-hivemq-controller-112] DEBUG c.h.p.o.HiveMQPlatformReconciler - [helmcust] Custom Resource Status STARTING - HiveMQ Platform is starting (READY)
2025-01-29 18:38:22,583 INFO c.h.h.t.HelmChartContainer - [hivemq-test-hivemq-platform] [hivemq-platform-operator] [907a50e2] 18:38:22.581 [ReconcilerExecutor-hivemq-controller-112] DEBUG c.h.p.o.HiveMQPlatformReconciler - [helmcust] Custom Resource Spec (replicas: 1) (extensions: 1)
2025-01-29 18:38:22,583 INFO c.h.h.t.HelmChartContainer - [hivemq-test-hivemq-platform] [hivemq-platform-operator] [907a50e2] 18:38:22.582 [ReconcilerExecutor-hivemq-controller-112] DEBUG c.h.p.o.HiveMQPlatformReconciler - [helmcust] StatefulSet Status (revision: test-hivemq-platform-58d745f97c, replicas: 1, available: 1, ready: 1, current: 1, updated: 1)
2025-01-29 18:38:22,583 INFO c.h.h.t.HelmChartContainer - [hivemq-test-hivemq-platform] [hivemq-platform-operator] [907a50e2] 18:38:22.583 [ReconcilerExecutor-hivemq-controller-112] DEBUG c.h.p.o.HiveMQPlatformReconciler - [helmcust] StatefulSet Spec (replicas: 1, init containers: 1, containers: 1, volumes: 4)
2025-01-29 18:38:22,644 INFO c.h.h.t.HelmChartContainer - [hivemq-test-hivemq-platform] [hivemq-platform-operator] [907a50e2] 18:38:22.642 [ReconcilerExecutor-hivemq-controller-112] DEBUG c.h.p.o.h.HiveMQPlatformReconcilerErrorHandler - [helmcust] Pod 'test-hivemq-platform-0' phase Running
2025-01-29 18:38:22,644 INFO c.h.h.t.HelmChartContainer - [hivemq-test-hivemq-platform] [hivemq-platform-operator] [907a50e2] 18:38:22.643 [ReconcilerExecutor-hivemq-controller-112] INFO  c.h.p.o.h.HiveMQPlatformReconcilerBaseHandler - [helmcust] HiveMQ Platform started successfully
2025-01-29 18:38:22,748 INFO c.h.h.t.HelmChartContainer - [hivemq-test-hivemq-platform] [hivemq-platform-operator] [907a50e2] 18:38:22.747 [ReconcilerExecutor-hivemq-controller-112] DEBUG c.h.p.operator.event.EventSender - [helmcust] Creating K8s event hivemq-platform-ready: [Ready] HiveMQ Platform is ready
2025-01-29 18:38:22,753 INFO c.h.h.t.HelmChartContainer - [EVENT] Normal [Ready] HiveMQ Platform is ready [helmcustomextensionit:test-hivemq-platform]
2025-01-29 18:38:22,754 INFO c.h.h.t.HelmChartContainer - [hivemq-test-hivemq-platform] [hivemq-platform-operator] [907a50e2] 18:38:22.753 [ReconcilerExecutor-hivemq-controller-112] INFO  c.h.p.o.h.AbstractHiveMQReconcilerStateHandler - [helmcust] Update HiveMQ Platform Status (STARTING [READY] -> RUNNING [READY]): HiveMQ Platform is ready
2025-01-29 18:38:22,762 DEBUG com.hivemq.helmcharts.util.K8sUtil - Comparing actual state 'RUNNING' and waiting for 'RUNNING'
2025-01-29 18:38:22,770 INFO c.h.h.t.HelmChartContainer - [hivemq-test-hivemq-platform] [hivemq-platform-operator] [907a50e2] 18:38:22.768 [pool-6-thread-1] DEBUG c.h.p.o.d.PlatformServiceResource - [helmcust] Desired Platform services (3 services)
2025-01-29 18:38:22,772 INFO c.h.h.t.HelmChartContainer - [hivemq-test-hivemq-platform] [hivemq-platform-operator] [907a50e2] 18:38:22.770 [pool-6-thread-3] DEBUG c.h.p.o.dependants.PodInfoConfigMap - [helmcust] Desired PodInfo ConfigMap (1 extensions) (1 enabled)
2025-01-29 18:38:22,772 INFO c.h.h.t.HelmChartContainer - [hivemq-test-hivemq-platform] [hivemq-platform-operator] [907a50e2] 18:38:22.770 [pool-6-thread-3] DEBUG c.h.p.o.dependants.PodInfoConfigMap - [helmcust] Desired PodInfo ConfigMap (metrics port: 9399) (metrics path: /)
2025-01-29 18:38:22,772 INFO c.h.h.t.HelmChartContainer - [hivemq-test-hivemq-platform] [hivemq-platform-operator] [907a50e2] 18:38:22.770 [pool-6-thread-3] DEBUG c.h.p.o.dependants.PodInfoConfigMap - [helmcust] Desired PodInfo ConfigMap (extension state hash: 1589925073)
2025-01-29 18:38:22,844 INFO c.h.h.t.HelmChartContainer - [hivemq-test-hivemq-platform] [hivemq-platform-operator] [907a50e2] 18:38:22.842 [pool-6-thread-3] DEBUG c.h.p.o.dependants.PodInfoConfigMap - [helmcust] Update PodInfo ConfigMap
2025-01-29 18:38:22,844 INFO c.h.h.t.HelmChartContainer - [hivemq-test-hivemq-platform] [hivemq-platform-operator] [907a50e2] 18:38:22.842 [pool-6-thread-8] DEBUG c.h.p.o.d.PodServiceAccountResource - [helmcust] Desired PodServiceAccountResource (serviceAccountName: hivemq-platform-pod-test-hivemq-platform)
2025-01-29 18:38:22,855 INFO c.h.h.t.HelmChartContainer - [hivemq-test-hivemq-platform] [hivemq-platform-operator] [907a50e2] 18:38:22.852 [pool-6-thread-3] DEBUG c.h.p.o.d.StatefulSetResource - [helmcust] Desired StatefulSet (1 replicas) for status RUNNING (READY)
2025-01-29 18:38:22,858 INFO c.h.h.t.HelmChartContainer - [hivemq-test-hivemq-platform] [hivemq-platform-operator] [907a50e2] 18:38:22.857 [ReconcilerExecutor-hivemq-controller-113] INFO  c.h.p.o.HiveMQPlatformReconciler - [helmcust] Reconciling HiveMQ Platform 'test-hivemq-platform' in namespace 'helmcustomextensionit'
2025-01-29 18:38:22,858 INFO c.h.h.t.HelmChartContainer - [hivemq-test-hivemq-platform] [hivemq-platform-operator] [907a50e2] 18:38:22.858 [ReconcilerExecutor-hivemq-controller-113] DEBUG c.h.p.o.HiveMQPlatformReconciler - [helmcust] Custom Resource Status RUNNING - HiveMQ Platform is ready (READY)
2025-01-29 18:38:22,860 INFO c.h.h.t.HelmChartContainer - [hivemq-test-hivemq-platform] [hivemq-platform-operator] [907a50e2] 18:38:22.858 [ReconcilerExecutor-hivemq-controller-113] DEBUG c.h.p.o.HiveMQPlatformReconciler - [helmcust] Custom Resource Spec (replicas: 1) (extensions: 1)
2025-01-29 18:38:22,861 INFO c.h.h.t.HelmChartContainer - [hivemq-test-hivemq-platform] [hivemq-platform-operator] [907a50e2] 18:38:22.860 [ReconcilerExecutor-hivemq-controller-113] DEBUG c.h.p.o.HiveMQPlatformReconciler - [helmcust] StatefulSet Status (revision: test-hivemq-platform-58d745f97c, replicas: 1, available: 1, ready: 1, current: 1, updated: 1)
2025-01-29 18:38:22,861 INFO c.h.h.t.HelmChartContainer - [hivemq-test-hivemq-platform] [hivemq-platform-operator] [907a50e2] 18:38:22.860 [ReconcilerExecutor-hivemq-controller-113] DEBUG c.h.p.o.HiveMQPlatformReconciler - [helmcust] StatefulSet Spec (replicas: 1, init containers: 1, containers: 1, volumes: 4)
2025-01-29 18:38:22,944 INFO c.h.h.t.HelmChartContainer - [hivemq-test-hivemq-platform] [hivemq-platform-operator] [907a50e2] 18:38:22.943 [ReconcilerExecutor-hivemq-controller-113] DEBUG c.h.p.o.h.HiveMQPlatformReconcilerErrorHandler - [helmcust] Pod 'test-hivemq-platform-0' phase Running
2025-01-29 18:38:24,782 INFO c.h.h.t.HelmChartContainer - Uninstalling release 'test-hivemq-platform' in namespace 'helmcustomextensionit'...
2025-01-29 18:38:24,782 DEBUG c.h.h.t.HelmChartContainer - Executing helm command: /bin/helm --kubeconfig /etc/rancher/k3s/k3s.yaml uninstall test-hivemq-platform  --wait --timeout 5m0s --cascade foreground --namespace helmcustomextensionit
2025-01-29 18:38:24,996 INFO c.h.h.t.HelmChartContainer - [hivemq-test-hivemq-platform] [hivemq-platform-operator] [907a50e2] 18:38:24.990 [pool-6-thread-16] DEBUG c.h.p.o.d.PlatformServiceResource - [helmcust] Desired Platform services (3 services)
2025-01-29 18:38:24,996 INFO c.h.h.t.HelmChartContainer - [hivemq-test-hivemq-platform] [hivemq-platform-operator] [907a50e2] 18:38:24.992 [pool-6-thread-19] DEBUG c.h.p.o.d.PodServiceAccountResource - [helmcust] Desired PodServiceAccountResource (serviceAccountName: hivemq-platform-pod-test-hivemq-platform)
2025-01-29 18:38:25,048 INFO c.h.h.t.HelmChartContainer - [hivemq-test-hivemq-platform] [hivemq-platform-operator] [907a50e2] 18:38:25.044 [pool-6-thread-17] DEBUG c.h.p.o.dependants.PodInfoConfigMap - [helmcust] Desired PodInfo ConfigMap (1 extensions) (1 enabled)
2025-01-29 18:38:25,048 INFO c.h.h.t.HelmChartContainer - [hivemq-test-hivemq-platform] [hivemq-platform-operator] [907a50e2] 18:38:25.044 [pool-6-thread-17] DEBUG c.h.p.o.dependants.PodInfoConfigMap - [helmcust] Desired PodInfo ConfigMap (metrics port: 9399) (metrics path: /)
2025-01-29 18:38:25,048 INFO c.h.h.t.HelmChartContainer - [hivemq-test-hivemq-platform] [hivemq-platform-operator] [907a50e2] 18:38:25.044 [pool-6-thread-17] DEBUG c.h.p.o.dependants.PodInfoConfigMap - [helmcust] Desired PodInfo ConfigMap (extension state hash: 1589925073)
2025-01-29 18:38:25,055 INFO c.h.h.t.HelmChartContainer - [hivemq-test-hivemq-platform] [hivemq-platform-operator] [907a50e2] 18:38:25.054 [pool-6-thread-16] DEBUG c.h.p.o.d.StatefulSetResource - [helmcust] Desired StatefulSet (1 replicas) for status RUNNING (READY)
2025-01-29 18:38:25,148 INFO c.h.h.t.HelmChartContainer - [hivemq-test-hivemq-platform] [hivemq-platform-operator] [907a50e2] 18:38:25.146 [pool-6-thread-16] DEBUG c.h.p.o.d.StatefulSetResource - [helmcust] Update StatefulSet (replicas: 1 -> 1)
2025-01-29 18:38:25,149 INFO c.h.h.t.HelmChartContainer - [hivemq-test-hivemq-platform] [hivemq-platform-operator] [907a50e2] 18:38:25.147 [pool-6-thread-16] DEBUG c.h.p.o.d.StatefulSetResource - [helmcust] Detected change in StatefulSet specification (path: /template/metadata/annotations/kubernetes-resource-versions) (actual value: {broker-configuration-v2=-2089688360}) (target value: {broker-configuration-v2=0})
2025-01-29 18:38:25,149 INFO c.h.h.t.HelmChartContainer - [hivemq-test-hivemq-platform] [hivemq-platform-operator] [907a50e2] 18:38:25.147 [pool-6-thread-16] INFO  c.h.p.o.d.StatefulSetResource - [helmcust] StatefulSet spec was updated, triggering rolling restart
2025-01-29 18:38:25,246 INFO c.h.h.t.HelmChartContainer - [hivemq-test-hivemq-platform] [hivemq-platform-operator] [907a50e2] 18:38:25.244 [ReconcilerExecutor-hivemq-controller-114] INFO  c.h.p.o.HiveMQPlatformReconciler - [helmcust] Reconciling HiveMQ Platform 'test-hivemq-platform' in namespace 'helmcustomextensionit'
2025-01-29 18:38:25,247 INFO c.h.h.t.HelmChartContainer - [hivemq-test-hivemq-platform] [hivemq-platform-operator] [907a50e2] 18:38:25.244 [ReconcilerExecutor-hivemq-controller-114] DEBUG c.h.p.o.HiveMQPlatformReconciler - [helmcust] Custom Resource Status RUNNING - HiveMQ Platform is ready (READY) (reconciliation requests: ROLLING_RESTART, REQUESTS_UPDATED)
2025-01-29 18:38:25,248 INFO c.h.h.t.HelmChartContainer - [hivemq-test-hivemq-platform] [hivemq-platform-operator] [907a50e2] 18:38:25.245 [ReconcilerExecutor-hivemq-controller-114] DEBUG c.h.p.o.HiveMQPlatformReconciler - [helmcust] Custom Resource Spec (replicas: 1) (extensions: 1)
2025-01-29 18:38:25,249 INFO c.h.h.t.HelmChartContainer - [hivemq-test-hivemq-platform] [hivemq-platform-operator] [907a50e2] 18:38:25.245 [ReconcilerExecutor-hivemq-controller-114] WARN  c.h.p.o.h.HiveMQPlatformReconcilerErrorHandler - [helmcust] Could not find ConfigMap 'hivemq-configuration-test-hivemq-platform' for HiveMQ Platform configuration
2025-01-29 18:38:25,347 INFO c.h.h.t.HelmChartContainer - [hivemq-test-hivemq-platform] [hivemq-platform-operator] [907a50e2] 18:38:25.346 [ReconcilerExecutor-hivemq-controller-114] DEBUG c.h.p.operator.event.EventSender - [helmcust] Creating K8s event hivemq-platform-invalid-configuration: [Start] Could not find ConfigMap 'hivemq-configuration-test-hivemq-platform' for HiveMQ Platform configuration
2025-01-29 18:38:25,352 INFO c.h.h.t.HelmChartContainer - [EVENT] Warning [Start] Could not find ConfigMap 'hivemq-configuration-test-hivemq-platform' for HiveMQ Platform configuration [helmcustomextensionit:test-hivemq-platform]
2025-01-29 18:38:25,354 INFO c.h.h.t.HelmChartContainer - [hivemq-test-hivemq-platform] [hivemq-platform-operator] [907a50e2] 18:38:25.353 [ReconcilerExecutor-hivemq-controller-114] INFO  c.h.p.o.h.AbstractHiveMQReconcilerStateHandler - [helmcust] Update HiveMQ Platform Status (RUNNING [READY] -> ERROR [INVALID_CONFIG_MAP]): Could not find ConfigMap 'hivemq-configuration-test-hivemq-platform' for HiveMQ Platform configuration (reconciliation requests: ROLLING_RESTART)
2025-01-29 18:38:25,368 INFO c.h.h.t.HelmChartContainer - [hivemq-test-hivemq-platform] [hivemq-platform-operator] [907a50e2] 18:38:25.363 [ReconcilerExecutor-hivemq-controller-114] ERROR i.j.o.p.event.EventProcessor - Error during event processing ExecutionScope{ resource id: ResourceID{name='test-hivemq-platform', namespace='helmcustomextensionit'}, version: 634}
2025-01-29 18:38:25,368 INFO c.h.h.t.HelmChartContainer - [hivemq-test-hivemq-platform] [hivemq-platform-operator] [907a50e2] io.fabric8.kubernetes.client.KubernetesClientException: Failure executing: PUT at: https://10.43.0.1:443/apis/hivemq.com/v1/namespaces/helmcustomextensionit/hivemq-platforms/test-hivemq-platform/status. Message: Operation cannot be fulfilled on hivemq-platforms.hivemq.com "test-hivemq-platform": the object has been modified; please apply your changes to the latest version and try again. Received status: Status(apiVersion=v1, code=409, details=StatusDetails(causes=[], group=hivemq.com, kind=hivemq-platforms, name=test-hivemq-platform, retryAfterSeconds=null, uid=null, additionalProperties={}), kind=Status, message=Operation cannot be fulfilled on hivemq-platforms.hivemq.com "test-hivemq-platform": the object has been modified; please apply your changes to the latest version and try again, metadata=ListMeta(_continue=null, remainingItemCount=null, resourceVersion=null, selfLink=null, additionalProperties={}), reason=Conflict, status=Failure, additionalProperties={}).
2025-01-29 18:38:25,368 INFO c.h.h.t.HelmChartContainer - [hivemq-test-hivemq-platform] [hivemq-platform-operator] [907a50e2] 	at io.fabric8.kubernetes.client.KubernetesClientException.copyAsCause(KubernetesClientException.java:238)
2025-01-29 18:38:25,368 INFO c.h.h.t.HelmChartContainer - [hivemq-test-hivemq-platform] [hivemq-platform-operator] [907a50e2] 	at io.fabric8.kubernetes.client.dsl.internal.OperationSupport.waitForResult(OperationSupport.java:507)
2025-01-29 18:38:25,368 INFO c.h.h.t.HelmChartContainer - [hivemq-test-hivemq-platform] [hivemq-platform-operator] [907a50e2] 	at io.fabric8.kubernetes.client.dsl.internal.OperationSupport.handleResponse(OperationSupport.java:524)
2025-01-29 18:38:25,368 INFO c.h.h.t.HelmChartContainer - [hivemq-test-hivemq-platform] [hivemq-platform-operator] [907a50e2] 	at io.fabric8.kubernetes.client.dsl.internal.OperationSupport.handleUpdate(OperationSupport.java:358)
2025-01-29 18:38:25,368 INFO c.h.h.t.HelmChartContainer - [hivemq-test-hivemq-platform] [hivemq-platform-operator] [907a50e2] 	at io.fabric8.kubernetes.client.dsl.internal.BaseOperation.handleUpdate(BaseOperation.java:759)
2025-01-29 18:38:25,368 INFO c.h.h.t.HelmChartContainer - [hivemq-test-hivemq-platform] [hivemq-platform-operator] [907a50e2] 	at io.fabric8.kubernetes.client.dsl.internal.HasMetadataOperation.update(HasMetadataOperation.java:138)
2025-01-29 18:38:25,368 INFO c.h.h.t.HelmChartContainer - [hivemq-test-hivemq-platform] [hivemq-platform-operator] [907a50e2] 	at io.fabric8.kubernetes.client.dsl.internal.HasMetadataOperation.update(HasMetadataOperation.java:121)
2025-01-29 18:38:25,368 INFO c.h.h.t.HelmChartContainer - [hivemq-test-hivemq-platform] [hivemq-platform-operator] [907a50e2] 	at io.fabric8.kubernetes.client.dsl.internal.HasMetadataOperation.updateStatus(HasMetadataOperation.java:126)
2025-01-29 18:38:25,368 INFO c.h.h.t.HelmChartContainer - [hivemq-test-hivemq-platform] [hivemq-platform-operator] [907a50e2] 	at io.fabric8.kubernetes.client.dsl.internal.HasMetadataOperation.updateStatus(HasMetadataOperation.java:44)
2025-01-29 18:38:25,368 INFO c.h.h.t.HelmChartContainer - [hivemq-test-hivemq-platform] [hivemq-platform-operator] [907a50e2] 	at io.javaoperatorsdk.operator.processing.event.ReconciliationDispatcher$CustomResourceFacade.updateStatus(ReconciliationDispatcher.java:408)
2025-01-29 18:38:25,368 INFO c.h.h.t.HelmChartContainer - [hivemq-test-hivemq-platform] [hivemq-platform-operator] [907a50e2] 	at io.javaoperatorsdk.operator.processing.event.ReconciliationDispatcher.updateStatusGenerationAware(ReconciliationDispatcher.java:228)
2025-01-29 18:38:25,368 INFO c.h.h.t.HelmChartContainer - [hivemq-test-hivemq-platform] [hivemq-platform-operator] [907a50e2] 	at io.javaoperatorsdk.operator.processing.event.ReconciliationDispatcher.reconcileExecution(ReconciliationDispatcher.java:150)
2025-01-29 18:38:25,368 INFO c.h.h.t.HelmChartContainer - [hivemq-test-hivemq-platform] [hivemq-platform-operator] [907a50e2] 	at io.javaoperatorsdk.operator.processing.event.ReconciliationDispatcher.handleReconcile(ReconciliationDispatcher.java:117)
2025-01-29 18:38:25,368 INFO c.h.h.t.HelmChartContainer - [hivemq-test-hivemq-platform] [hivemq-platform-operator] [907a50e2] 	at io.javaoperatorsdk.operator.processing.event.ReconciliationDispatcher.handleDispatch(ReconciliationDispatcher.java:91)
2025-01-29 18:38:25,368 INFO c.h.h.t.HelmChartContainer - [hivemq-test-hivemq-platform] [hivemq-platform-operator] [907a50e2] 	at io.javaoperatorsdk.operator.processing.event.ReconciliationDispatcher.handleExecution(ReconciliationDispatcher.java:64)
2025-01-29 18:38:25,368 INFO c.h.h.t.HelmChartContainer - [hivemq-test-hivemq-platform] [hivemq-platform-operator] [907a50e2] 	at io.javaoperatorsdk.operator.processing.event.EventProcessor$ReconcilerExecutor.run(EventProcessor.java:452)
2025-01-29 18:38:25,369 INFO c.h.h.t.HelmChartContainer - [hivemq-test-hivemq-platform] [hivemq-platform-operator] [907a50e2] 	at java.base/java.util.concurrent.ThreadPoolExecutor.runWorker(Unknown Source)
2025-01-29 18:38:25,369 INFO c.h.h.t.HelmChartContainer - [hivemq-test-hivemq-platform] [hivemq-platform-operator] [907a50e2] 	at java.base/java.util.concurrent.ThreadPoolExecutor$Worker.run(Unknown Source)
2025-01-29 18:38:25,369 INFO c.h.h.t.HelmChartContainer - [hivemq-test-hivemq-platform] [hivemq-platform-operator] [907a50e2] 	at java.base/java.lang.Thread.run(Unknown Source)
2025-01-29 18:38:25,369 INFO c.h.h.t.HelmChartContainer - [hivemq-test-hivemq-platform] [hivemq-platform-operator] [907a50e2] Caused by: io.fabric8.kubernetes.client.KubernetesClientException: Failure executing: PUT at: https://10.43.0.1:443/apis/hivemq.com/v1/namespaces/helmcustomextensionit/hivemq-platforms/test-hivemq-platform/status. Message: Operation cannot be fulfilled on hivemq-platforms.hivemq.com "test-hivemq-platform": the object has been modified; please apply your changes to the latest version and try again. Received status: Status(apiVersion=v1, code=409, details=StatusDetails(causes=[], group=hivemq.com, kind=hivemq-platforms, name=test-hivemq-platform, retryAfterSeconds=null, uid=null, additionalProperties={}), kind=Status, message=Operation cannot be fulfilled on hivemq-platforms.hivemq.com "test-hivemq-platform": the object has been modified; please apply your changes to the latest version and try again, metadata=ListMeta(_continue=null, remainingItemCount=null, resourceVersion=null, selfLink=null, additionalProperties={}), reason=Conflict, status=Failure, additionalProperties={}).
2025-01-29 18:38:25,369 INFO c.h.h.t.HelmChartContainer - [hivemq-test-hivemq-platform] [hivemq-platform-operator] [907a50e2] 	at io.fabric8.kubernetes.client.dsl.internal.OperationSupport.requestFailure(OperationSupport.java:660)
2025-01-29 18:38:25,369 INFO c.h.h.t.HelmChartContainer - [hivemq-test-hivemq-platform] [hivemq-platform-operator] [907a50e2] 	at io.fabric8.kubernetes.client.dsl.internal.OperationSupport.requestFailure(OperationSupport.java:640)
2025-01-29 18:38:25,369 INFO c.h.h.t.HelmChartContainer - [hivemq-test-hivemq-platform] [hivemq-platform-operator] [907a50e2] 	at io.fabric8.kubernetes.client.dsl.internal.OperationSupport.assertResponseCode(OperationSupport.java:589)
2025-01-29 18:38:25,369 INFO c.h.h.t.HelmChartContainer - [hivemq-test-hivemq-platform] [hivemq-platform-operator] [907a50e2] 	at io.fabric8.kubernetes.client.dsl.internal.OperationSupport.lambda$handleResponse$0(OperationSupport.java:549)
2025-01-29 18:38:25,369 INFO c.h.h.t.HelmChartContainer - [hivemq-test-hivemq-platform] [hivemq-platform-operator] [907a50e2] 	at java.base/java.util.concurrent.CompletableFuture$UniApply.tryFire(Unknown Source)
2025-01-29 18:38:25,369 INFO c.h.h.t.HelmChartContainer - [hivemq-test-hivemq-platform] [hivemq-platform-operator] [907a50e2] 	at java.base/java.util.concurrent.CompletableFuture.postComplete(Unknown Source)
2025-01-29 18:38:25,369 INFO c.h.h.t.HelmChartContainer - [hivemq-test-hivemq-platform] [hivemq-platform-operator] [907a50e2] 	at java.base/java.util.concurrent.CompletableFuture.complete(Unknown Source)
2025-01-29 18:38:25,369 INFO c.h.h.t.HelmChartContainer - [hivemq-test-hivemq-platform] [hivemq-platform-operator] [907a50e2] 	at io.fabric8.kubernetes.client.http.StandardHttpClient.lambda$completeOrCancel$10(StandardHttpClient.java:141)
2025-01-29 18:38:25,369 INFO c.h.h.t.HelmChartContainer - [hivemq-test-hivemq-platform] [hivemq-platform-operator] [907a50e2] 	at java.base/java.util.concurrent.CompletableFuture.uniWhenComplete(Unknown Source)
2025-01-29 18:38:25,369 INFO c.h.h.t.HelmChartContainer - [hivemq-test-hivemq-platform] [hivemq-platform-operator] [907a50e2] 	at java.base/java.util.concurrent.CompletableFuture$UniWhenComplete.tryFire(Unknown Source)
2025-01-29 18:38:25,369 INFO c.h.h.t.HelmChartContainer - [hivemq-test-hivemq-platform] [hivemq-platform-operator] [907a50e2] 	at java.base/java.util.concurrent.CompletableFuture.postComplete(Unknown Source)
2025-01-29 18:38:25,369 INFO c.h.h.t.HelmChartContainer - [hivemq-test-hivemq-platform] [hivemq-platform-operator] [907a50e2] 	at java.base/java.util.concurrent.CompletableFuture.complete(Unknown Source)
2025-01-29 18:38:25,369 INFO c.h.h.t.HelmChartContainer - [hivemq-test-hivemq-platform] [hivemq-platform-operator] [907a50e2] 	at io.fabric8.kubernetes.client.http.ByteArrayBodyHandler.onBodyDone(ByteArrayBodyHandler.java:51)
2025-01-29 18:38:25,369 INFO c.h.h.t.HelmChartContainer - [hivemq-test-hivemq-platform] [hivemq-platform-operator] [907a50e2] 	at java.base/java.util.concurrent.CompletableFuture.uniWhenComplete(Unknown Source)
2025-01-29 18:38:25,369 INFO c.h.h.t.HelmChartContainer - [hivemq-test-hivemq-platform] [hivemq-platform-operator] [907a50e2] 	at java.base/java.util.concurrent.CompletableFuture$UniWhenComplete.tryFire(Unknown Source)
2025-01-29 18:38:25,369 INFO c.h.h.t.HelmChartContainer - [hivemq-test-hivemq-platform] [hivemq-platform-operator] [907a50e2] 	at java.base/java.util.concurrent.CompletableFuture.postComplete(Unknown Source)
2025-01-29 18:38:25,369 INFO c.h.h.t.HelmChartContainer - [hivemq-test-hivemq-platform] [hivemq-platform-operator] [907a50e2] 	at java.base/java.util.concurrent.CompletableFuture.complete(Unknown Source)
2025-01-29 18:38:25,369 INFO c.h.h.t.HelmChartContainer - [hivemq-test-hivemq-platform] [hivemq-platform-operator] [907a50e2] 	at io.fabric8.kubernetes.client.vertx.VertxHttpRequest.lambda$null$1(VertxHttpRequest.java:121)
2025-01-29 18:38:25,369 INFO c.h.h.t.HelmChartContainer - [hivemq-test-hivemq-platform] [hivemq-platform-operator] [907a50e2] 	at io.vertx.core.impl.ContextInternal.dispatch(ContextInternal.java:279)
2025-01-29 18:38:25,369 INFO c.h.h.t.HelmChartContainer - [hivemq-test-hivemq-platform] [hivemq-platform-operator] [907a50e2] 	at io.vertx.core.impl.ContextInternal.dispatch(ContextInternal.java:261)
2025-01-29 18:38:25,369 INFO c.h.h.t.HelmChartContainer - [hivemq-test-hivemq-platform] [hivemq-platform-operator] [907a50e2] 	at io.vertx.core.http.impl.HttpEventHandler.handleEnd(HttpEventHandler.java:76)
2025-01-29 18:38:25,369 INFO c.h.h.t.HelmChartContainer - [hivemq-test-hivemq-platform] [hivemq-platform-operator] [907a50e2] 	at io.vertx.core.http.impl.HttpClientResponseImpl.handleEnd(HttpClientResponseImpl.java:250)
2025-01-29 18:38:25,369 INFO c.h.h.t.HelmChartContainer - [hivemq-test-hivemq-platform] [hivemq-platform-operator] [907a50e2] 	at io.vertx.core.http.impl.Http1xClientConnection$StreamImpl.lambda$new$0(Http1xClientConnection.java:421)
2025-01-29 18:38:25,369 INFO c.h.h.t.HelmChartContainer - [hivemq-test-hivemq-platform] [hivemq-platform-operator] [907a50e2] 	at io.vertx.core.streams.impl.InboundBuffer.handleEvent(InboundBuffer.java:279)
2025-01-29 18:38:25,369 INFO c.h.h.t.HelmChartContainer - [hivemq-test-hivemq-platform] [hivemq-platform-operator] [907a50e2] 	at io.vertx.core.streams.impl.InboundBuffer.write(InboundBuffer.java:157)
2025-01-29 18:38:25,369 INFO c.h.h.t.HelmChartContainer - [hivemq-test-hivemq-platform] [hivemq-platform-operator] [907a50e2] 	at io.vertx.core.http.impl.Http1xClientConnection$StreamImpl.handleEnd(Http1xClientConnection.java:709)
2025-01-29 18:38:25,369 INFO c.h.h.t.HelmChartContainer - [hivemq-test-hivemq-platform] [hivemq-platform-operator] [907a50e2] 	at io.vertx.core.impl.ContextImpl.execute(ContextImpl.java:313)
2025-01-29 18:38:25,369 INFO c.h.h.t.HelmChartContainer - [hivemq-test-hivemq-platform] [hivemq-platform-operator] [907a50e2] 	at io.vertx.core.impl.ContextImpl.execute(ContextImpl.java:293)
2025-01-29 18:38:25,369 INFO c.h.h.t.HelmChartContainer - [hivemq-test-hivemq-platform] [hivemq-platform-operator] [907a50e2] 	at io.vertx.core.http.impl.Http1xClientConnection.handleResponseEnd(Http1xClientConnection.java:940)
2025-01-29 18:38:25,369 INFO c.h.h.t.HelmChartContainer - [hivemq-test-hivemq-platform] [hivemq-platform-operator] [907a50e2] 	at io.vertx.core.http.impl.Http1xClientConnection.handleHttpMessage(Http1xClientConnection.java:810)
2025-01-29 18:38:25,369 INFO c.h.h.t.HelmChartContainer - [hivemq-test-hivemq-platform] [hivemq-platform-operator] [907a50e2] 	at io.vertx.core.http.impl.Http1xClientConnection.handleMessage(Http1xClientConnection.java:774)
2025-01-29 18:38:25,369 INFO c.h.h.t.HelmChartContainer - [hivemq-test-hivemq-platform] [hivemq-platform-operator] [907a50e2] 	at io.vertx.core.net.impl.ConnectionBase.read(ConnectionBase.java:159)
2025-01-29 18:38:25,369 INFO c.h.h.t.HelmChartContainer - [hivemq-test-hivemq-platform] [hivemq-platform-operator] [907a50e2] 	at io.vertx.core.net.impl.VertxHandler.channelRead(VertxHandler.java:153)
2025-01-29 18:38:25,369 INFO c.h.h.t.HelmChartContainer - [hivemq-test-hivemq-platform] [hivemq-platform-operator] [907a50e2] 	at io.netty.channel.AbstractChannelHandlerContext.invokeChannelRead(AbstractChannelHandlerContext.java:442)
2025-01-29 18:38:25,369 INFO c.h.h.t.HelmChartContainer - [hivemq-test-hivemq-platform] [hivemq-platform-operator] [907a50e2] 	at io.netty.channel.AbstractChannelHandlerContext.invokeChannelRead(AbstractChannelHandlerContext.java:420)
2025-01-29 18:38:25,369 INFO c.h.h.t.HelmChartContainer - [hivemq-test-hivemq-platform] [hivemq-platform-operator] [907a50e2] 	at io.netty.channel.AbstractChannelHandlerContext.fireChannelRead(AbstractChannelHandlerContext.java:412)
2025-01-29 18:38:25,369 INFO c.h.h.t.HelmChartContainer - [hivemq-test-hivemq-platform] [hivemq-platform-operator] [907a50e2] 	at io.netty.channel.CombinedChannelDuplexHandler$DelegatingChannelHandlerContext.fireChannelRead(CombinedChannelDuplexHandler.java:436)
2025-01-29 18:38:25,369 INFO c.h.h.t.HelmChartContainer - [hivemq-test-hivemq-platform] [hivemq-platform-operator] [907a50e2] 	at io.netty.handler.codec.ByteToMessageDecoder.fireChannelRead(ByteToMessageDecoder.java:346)
2025-01-29 18:38:25,369 INFO c.h.h.t.HelmChartContainer - [hivemq-test-hivemq-platform] [hivemq-platform-operator] [907a50e2] 	at io.netty.handler.codec.ByteToMessageDecoder.channelRead(ByteToMessageDecoder.java:318)
2025-01-29 18:38:25,369 INFO c.h.h.t.HelmChartContainer - [hivemq-test-hivemq-platform] [hivemq-platform-operator] [907a50e2] 	at io.netty.channel.CombinedChannelDuplexHandler.channelRead(CombinedChannelDuplexHandler.java:251)
2025-01-29 18:38:25,369 INFO c.h.h.t.HelmChartContainer - [hivemq-test-hivemq-platform] [hivemq-platform-operator] [907a50e2] 	at io.netty.channel.AbstractChannelHandlerContext.invokeChannelRead(AbstractChannelHandlerContext.java:442)
2025-01-29 18:38:25,369 INFO c.h.h.t.HelmChartContainer - [hivemq-test-hivemq-platform] [hivemq-platform-operator] [907a50e2] 	at io.netty.channel.AbstractChannelHandlerContext.invokeChannelRead(AbstractChannelHandlerContext.java:420)
2025-01-29 18:38:25,369 INFO c.h.h.t.HelmChartContainer - [hivemq-test-hivemq-platform] [hivemq-platform-operator] [907a50e2] 	at io.netty.channel.AbstractChannelHandlerContext.fireChannelRead(AbstractChannelHandlerContext.java:412)
2025-01-29 18:38:25,369 INFO c.h.h.t.HelmChartContainer - [hivemq-test-hivemq-platform] [hivemq-platform-operator] [907a50e2] 	at io.netty.handler.ssl.SslHandler.unwrap(SslHandler.java:1475)
2025-01-29 18:38:25,369 INFO c.h.h.t.HelmChartContainer - [hivemq-test-hivemq-platform] [hivemq-platform-operator] [907a50e2] 	at io.netty.handler.ssl.SslHandler.decodeJdkCompatible(SslHandler.java:1338)
2025-01-29 18:38:25,369 INFO c.h.h.t.HelmChartContainer - [hivemq-test-hivemq-platform] [hivemq-platform-operator] [907a50e2] 	at io.netty.handler.ssl.SslHandler.decode(SslHandler.java:1387)
2025-01-29 18:38:25,369 INFO c.h.h.t.HelmChartContainer - [hivemq-test-hivemq-platform] [hivemq-platform-operator] [907a50e2] 	at io.netty.handler.codec.ByteToMessageDecoder.decodeRemovalReentryProtection(ByteToMessageDecoder.java:530)
2025-01-29 18:38:25,369 INFO c.h.h.t.HelmChartContainer - [hivemq-test-hivemq-platform] [hivemq-platform-operator] [907a50e2] 	at io.netty.handler.codec.ByteToMessageDecoder.callDecode(ByteToMessageDecoder.java:469)
2025-01-29 18:38:25,370 INFO c.h.h.t.HelmChartContainer - [hivemq-test-hivemq-platform] [hivemq-platform-operator] [907a50e2] 	at io.netty.handler.codec.ByteToMessageDecoder.channelRead(ByteToMessageDecoder.java:290)
2025-01-29 18:38:25,370 INFO c.h.h.t.HelmChartContainer - [hivemq-test-hivemq-platform] [hivemq-platform-operator] [907a50e2] 	at io.netty.channel.AbstractChannelHandlerContext.invokeChannelRead(AbstractChannelHandlerContext.java:444)
2025-01-29 18:38:25,370 INFO c.h.h.t.HelmChartContainer - [hivemq-test-hivemq-platform] [hivemq-platform-operator] [907a50e2] 	at io.netty.channel.AbstractChannelHandlerContext.invokeChannelRead(AbstractChannelHandlerContext.java:420)
2025-01-29 18:38:25,370 INFO c.h.h.t.HelmChartContainer - [hivemq-test-hivemq-platform] [hivemq-platform-operator] [907a50e2] 	at io.netty.channel.AbstractChannelHandlerContext.fireChannelRead(AbstractChannelHandlerContext.java:412)
2025-01-29 18:38:25,370 INFO c.h.h.t.HelmChartContainer - [hivemq-test-hivemq-platform] [hivemq-platform-operator] [907a50e2] 	at io.netty.channel.DefaultChannelPipeline$HeadContext.channelRead(DefaultChannelPipeline.java:1407)
2025-01-29 18:38:25,370 INFO c.h.h.t.HelmChartContainer - [hivemq-test-hivemq-platform] [hivemq-platform-operator] [907a50e2] 	at io.netty.channel.AbstractChannelHandlerContext.invokeChannelRead(AbstractChannelHandlerContext.java:440)
2025-01-29 18:38:25,370 INFO c.h.h.t.HelmChartContainer - [hivemq-test-hivemq-platform] [hivemq-platform-operator] [907a50e2] 	at io.netty.channel.AbstractChannelHandlerContext.invokeChannelRead(AbstractChannelHandlerContext.java:420)
2025-01-29 18:38:25,370 INFO c.h.h.t.HelmChartContainer - [hivemq-test-hivemq-platform] [hivemq-platform-operator] [907a50e2] 	at io.netty.channel.DefaultChannelPipeline.fireChannelRead(DefaultChannelPipeline.java:918)
2025-01-29 18:38:25,370 INFO c.h.h.t.HelmChartContainer - [hivemq-test-hivemq-platform] [hivemq-platform-operator] [907a50e2] 	at io.netty.channel.nio.AbstractNioByteChannel$NioByteUnsafe.read(AbstractNioByteChannel.java:166)
2025-01-29 18:38:25,370 INFO c.h.h.t.HelmChartContainer - [hivemq-test-hivemq-platform] [hivemq-platform-operator] [907a50e2] 	at io.netty.channel.nio.NioEventLoop.processSelectedKey(NioEventLoop.java:788)
2025-01-29 18:38:25,370 INFO c.h.h.t.HelmChartContainer - [hivemq-test-hivemq-platform] [hivemq-platform-operator] [907a50e2] 	at io.netty.channel.nio.NioEventLoop.processSelectedKeysOptimized(NioEventLoop.java:724)
2025-01-29 18:38:25,370 INFO c.h.h.t.HelmChartContainer - [hivemq-test-hivemq-platform] [hivemq-platform-operator] [907a50e2] 	at io.netty.channel.nio.NioEventLoop.processSelectedKeys(NioEventLoop.java:650)
2025-01-29 18:38:25,370 INFO c.h.h.t.HelmChartContainer - [hivemq-test-hivemq-platform] [hivemq-platform-operator] [907a50e2] 	at io.netty.channel.nio.NioEventLoop.run(NioEventLoop.java:562)
2025-01-29 18:38:25,370 INFO c.h.h.t.HelmChartContainer - [hivemq-test-hivemq-platform] [hivemq-platform-operator] [907a50e2] 	at io.netty.util.concurrent.SingleThreadEventExecutor$4.run(SingleThreadEventExecutor.java:997)
2025-01-29 18:38:25,370 INFO c.h.h.t.HelmChartContainer - [hivemq-test-hivemq-platform] [hivemq-platform-operator] [907a50e2] 	at io.netty.util.internal.ThreadExecutorMap$2.run(ThreadExecutorMap.java:74)
2025-01-29 18:38:25,370 INFO c.h.h.t.HelmChartContainer - [hivemq-test-hivemq-platform] [hivemq-platform-operator] [907a50e2] 	at io.netty.util.concurrent.FastThreadLocalRunnable.run(FastThreadLocalRunnable.java:30)
2025-01-29 18:38:25,370 INFO c.h.h.t.HelmChartContainer - [hivemq-test-hivemq-platform] [hivemq-platform-operator] [907a50e2] 	... 1 common frames omitted
2025-01-29 18:38:25,444 INFO c.h.h.t.HelmChartContainer - [hivemq-test-hivemq-platform] [hivemq-platform-operator] [907a50e2] 18:38:25.442 [ReconcilerExecutor-hivemq-controller-119] INFO  c.h.p.o.HiveMQPlatformReconciler - [helmcust] Cleanup test-hivemq-platform - helmcustomextensionit HiveMQ Platform is shut down
2025-01-29 18:38:25,647 INFO c.h.h.t.HelmChartContainer - [POD] test-hivemq-platform-0 [de5873b5-1ac8-458e-a48e-b510dd1d113d] in helmcustomextensionit was MODIFIED
2025-01-29 18:38:25,660 INFO c.h.h.t.HelmChartContainer - [EVENT] Normal [Killing] Stopping container hivemq [helmcustomextensionit:test-hivemq-platform-0]
2025-01-29 18:38:25,660 INFO c.h.h.t.HelmChartContainer - Received Killing event for container hivemq in pod test-hivemq-platform-0 [de5873b5-1ac8-458e-a48e-b510dd1d113d]
2025-01-29 18:38:25,660 INFO c.h.h.t.HelmChartContainer - Container [test-hivemq-platform-0] [hivemq] [de5873b5-1ac8-458e-a48e-b510dd1d113d] was terminated
2025-01-29 18:38:25,661 INFO c.h.h.t.HelmChartContainer - Stopped log watcher for hivemq in pod test-hivemq-platform-0 [de5873b5-1ac8-458e-a48e-b510dd1d113d]
2025-01-29 18:38:25,663 INFO c.h.h.t.HelmChartContainer - [test-hivemq-platform] [hivemq] [de5873b5] INFO  - [HiveMQ Platform Operator Init App 1.7.0-SNAPSHOT] Shutting down
2025-01-29 18:38:25,663 INFO c.h.h.t.HelmChartContainer - [test-hivemq-platform] [hivemq] [de5873b5] INFO  - [HiveMQ Platform Operator Init App 1.7.0-SNAPSHOT] Stopping the HiveMQ Platform
2025-01-29 18:38:25,778 INFO c.h.h.t.HelmChartContainer - [test-hivemq-platform] [hivemq] [de5873b5] INFO  - Shutting down HiveMQ. Please wait, this could take a while...
2025-01-29 18:38:25,864 INFO c.h.h.t.HelmChartContainer - [test-hivemq-platform] [hivemq] [de5873b5] INFO  - Shutting down listeners and clients
2025-01-29 18:38:25,867 INFO c.h.h.t.HelmChartContainer - [test-hivemq-platform] [hivemq] [de5873b5] INFO  - Shutdown of listeners is done
2025-01-29 18:38:25,867 INFO c.h.h.t.HelmChartContainer - [test-hivemq-platform] [hivemq] [de5873b5] INFO  - No clients are connected, proceeding with shutdown
2025-01-29 18:38:27,038 INFO c.h.h.t.HelmChartContainer - Deleting namespace 'helmcustomextensionit'...
2025-01-29 18:38:27,538 INFO c.h.h.t.HelmChartContainer - [test-hivemq-platform] [hivemq] [de5873b5] INFO  - [HiveMQ Platform Operator Init App 1.7.0-SNAPSHOT] Returning shutdown Health API response 503 for readiness
2025-01-29 18:38:27,542 INFO c.h.h.t.HelmChartContainer - [EVENT] Warning [Unhealthy] Readiness probe failed: HTTP probe failed with statuscode: 503 [helmcustomextensionit:test-hivemq-platform-0]
2025-01-29 18:38:27,542 INFO c.h.h.t.HelmChartContainer - Received Unhealthy event for container hivemq in pod test-hivemq-platform-0 [de5873b5-1ac8-458e-a48e-b510dd1d113d]
2025-01-29 18:38:28,136 INFO c.h.h.t.HelmChartContainer - [K3S] [authentication.go:74] "Unable to authenticate the request" err="[invalid bearer token, serviceaccounts \"hivemq-platform-pod-test-hivemq-platform\" not found]"
2025-01-29 18:38:28,158 INFO c.h.h.t.HelmChartContainer - [K3S] [authentication.go:74] "Unable to authenticate the request" err="[invalid bearer token, serviceaccounts \"hivemq-platform-pod-test-hivemq-platform\" not found]"
2025-01-29 18:38:28,234 INFO c.h.h.t.HelmChartContainer - [test-hivemq-platform] [hivemq] [de5873b5] WARN  - [HiveMQ Platform Operator Init App 1.7.0-SNAPSHOT] Could not update Pod annotations: Failure executing: GET at: https://10.43.0.1:443/api/v1/namespaces/helmcustomextensionit/pods/test-hivemq-platform-0. Message: Unauthorized. Received status: Status(apiVersion=v1, code=401, details=null, kind=Status, message=Unauthorized, metadata=ListMeta(_continue=null, remainingItemCount=null, resourceVersion=null, selfLink=null, additionalProperties={}), reason=Unauthorized, status=Failure, additionalProperties={}).
2025-01-29 18:38:28,766 INFO c.h.h.t.HelmChartContainer - [test-hivemq-platform] [hivemq] [de5873b5] INFO  - Shutting down extension system
2025-01-29 18:38:28,775 INFO c.h.h.t.HelmChartContainer - [test-hivemq-platform] [hivemq] [de5873b5] INFO  - Stopping extension with id hivemq-dns-cluster-discovery
2025-01-29 18:38:28,775 INFO c.h.h.t.HelmChartContainer - [test-hivemq-platform] [hivemq] [de5873b5] INFO  - Extension "DNS Cluster Discovery Extension" version 4.3.2 stopped successfully.
2025-01-29 18:38:28,776 INFO c.h.h.t.HelmChartContainer - [test-hivemq-platform] [hivemq] [de5873b5] INFO  - Stopping extension with id hivemq-custom-test-extension
2025-01-29 18:38:28,776 INFO c.h.h.t.HelmChartContainer - [test-hivemq-platform] [hivemq] [de5873b5] INFO  - HiveMQ Custom Test Extension stopped
2025-01-29 18:38:28,776 INFO c.h.h.t.HelmChartContainer - [test-hivemq-platform] [hivemq] [de5873b5] INFO  - Extension "HiveMQ Custom Test Extension" version 2.0.0 stopped successfully.
2025-01-29 18:38:28,776 INFO c.h.h.t.HelmChartContainer - [test-hivemq-platform] [hivemq] [de5873b5] INFO  - Stopping extension with id hivemq-prometheus-extension
2025-01-29 18:38:28,779 INFO c.h.h.t.HelmChartContainer - [test-hivemq-platform] [hivemq] [de5873b5] INFO  - Extension "Prometheus Monitoring Extension" version 4.0.12 stopped successfully.
2025-01-29 18:38:28,781 INFO c.h.h.t.HelmChartContainer - [test-hivemq-platform] [hivemq] [de5873b5] INFO  - Stopping extension with id hivemq-allow-all-extension
2025-01-29 18:38:28,781 INFO c.h.h.t.HelmChartContainer - [test-hivemq-platform] [hivemq] [de5873b5] INFO  - Extension "Allow All Extension" version 1.1.1 stopped successfully.
2025-01-29 18:38:31,164 INFO c.h.h.t.HelmChartContainer - [test-hivemq-platform] [hivemq] [de5873b5] INFO  - Shutdown completed.
2025-01-29 18:38:31,514 INFO c.h.h.t.HelmChartContainer - [test-hivemq-platform] [hivemq] [de5873b5] INFO  - [HiveMQ Platform Operator Init App 1.7.0-SNAPSHOT] The HiveMQ Platform exited with code 143
2025-01-29 18:38:31,514 INFO c.h.h.t.HelmChartContainer - [test-hivemq-platform] [hivemq] [de5873b5] INFO  - [HiveMQ Platform Operator Init App 1.7.0-SNAPSHOT] Stopping the REST API
2025-01-29 18:38:31,520 INFO c.h.h.t.HelmChartContainer - [test-hivemq-platform] [hivemq] [de5873b5] INFO  - [HiveMQ Platform Operator Init App 1.7.0-SNAPSHOT] Shutdown complete
2025-01-29 18:38:32,039 INFO c.h.h.t.HelmChartContainer - [K3S] [stateful_set.go:438] "Unhandled Error" err="error syncing StatefulSet helmcustomextensionit/test-hivemq-platform, requeuing: controllerrevisions.apps \"test-hivemq-platform-67c88cb858\" is forbidden: unable to create new content in namespace helmcustomextensionit because it is being terminated"
2025-01-29 18:38:32,041 INFO c.h.h.t.HelmChartContainer - [POD] test-hivemq-platform-0 [de5873b5-1ac8-458e-a48e-b510dd1d113d] in helmcustomextensionit was MODIFIED
2025-01-29 18:38:32,047 INFO c.h.h.t.HelmChartContainer - [K3S] [stateful_set.go:438] "Unhandled Error" err="error syncing StatefulSet helmcustomextensionit/test-hivemq-platform, requeuing: controllerrevisions.apps \"test-hivemq-platform-67c88cb858\" is forbidden: unable to create new content in namespace helmcustomextensionit because it is being terminated"
2025-01-29 18:38:32,063 INFO c.h.h.t.HelmChartContainer - [K3S] [stateful_set.go:438] "Unhandled Error" err="error syncing StatefulSet helmcustomextensionit/test-hivemq-platform, requeuing: controllerrevisions.apps \"test-hivemq-platform-67c88cb858\" is forbidden: unable to create new content in namespace helmcustomextensionit because it is being terminated"
2025-01-29 18:38:32,084 INFO c.h.h.t.HelmChartContainer - [K3S] [stateful_set.go:438] "Unhandled Error" err="error syncing StatefulSet helmcustomextensionit/test-hivemq-platform, requeuing: controllerrevisions.apps \"test-hivemq-platform-67c88cb858\" is forbidden: unable to create new content in namespace helmcustomextensionit because it is being terminated"
2025-01-29 18:38:32,119 INFO c.h.h.t.HelmChartContainer - [K3S] [reconciler_common.go:162] "operationExecutor.UnmountVolume started for volume \"pod-info\" (UniqueName: \"kubernetes.io/configmap/de5873b5-1ac8-458e-a48e-b510dd1d113d-pod-info\") pod \"de5873b5-1ac8-458e-a48e-b510dd1d113d\" (UID: \"de5873b5-1ac8-458e-a48e-b510dd1d113d\") "
2025-01-29 18:38:32,119 INFO c.h.h.t.HelmChartContainer - [K3S] [reconciler_common.go:162] "operationExecutor.UnmountVolume started for volume \"broker-configuration\" (UniqueName: \"kubernetes.io/configmap/de5873b5-1ac8-458e-a48e-b510dd1d113d-broker-configuration\") pod \"de5873b5-1ac8-458e-a48e-b510dd1d113d\" (UID: \"de5873b5-1ac8-458e-a48e-b510dd1d113d\") "
2025-01-29 18:38:32,119 INFO c.h.h.t.HelmChartContainer - [K3S] [reconciler_common.go:162] "operationExecutor.UnmountVolume started for volume \"extension-request-header-custom-extension-auth-secret\" (UniqueName: \"kubernetes.io/secret/de5873b5-1ac8-458e-a48e-b510dd1d113d-extension-request-header-custom-extension-auth-secret\") pod \"de5873b5-1ac8-458e-a48e-b510dd1d113d\" (UID: \"de5873b5-1ac8-458e-a48e-b510dd1d113d\") "
2025-01-29 18:38:32,119 INFO c.h.h.t.HelmChartContainer - [K3S] [reconciler_common.go:162] "operationExecutor.UnmountVolume started for volume \"operator-init\" (UniqueName: \"kubernetes.io/empty-dir/de5873b5-1ac8-458e-a48e-b510dd1d113d-operator-init\") pod \"de5873b5-1ac8-458e-a48e-b510dd1d113d\" (UID: \"de5873b5-1ac8-458e-a48e-b510dd1d113d\") "
2025-01-29 18:38:32,119 INFO c.h.h.t.HelmChartContainer - [K3S] [reconciler_common.go:162] "operationExecutor.UnmountVolume started for volume \"kube-api-access-vs9w6\" (UniqueName: \"kubernetes.io/projected/de5873b5-1ac8-458e-a48e-b510dd1d113d-kube-api-access-vs9w6\") pod \"de5873b5-1ac8-458e-a48e-b510dd1d113d\" (UID: \"de5873b5-1ac8-458e-a48e-b510dd1d113d\") "
2025-01-29 18:38:32,127 INFO c.h.h.t.HelmChartContainer - [K3S] [stateful_set.go:438] "Unhandled Error" err="error syncing StatefulSet helmcustomextensionit/test-hivemq-platform, requeuing: controllerrevisions.apps \"test-hivemq-platform-67c88cb858\" is forbidden: unable to create new content in namespace helmcustomextensionit because it is being terminated"
2025-01-29 18:38:32,157 INFO c.h.h.t.HelmChartContainer - [K3S] [stateful_set.go:466] "StatefulSet has been deleted" key="helmcustomextensionit/test-hivemq-platform"
2025-01-29 18:38:32,192 INFO c.h.h.t.HelmChartContainer - [POD] nginx-6589db77b6-r8p8r [68cefd1a-010f-4895-ba7b-b0ce721207e8] in helmcustomextensionit was MODIFIED
2025-01-29 18:38:32,202 INFO c.h.h.t.HelmChartContainer - [K3S] [replica_set.go:679] "Finished syncing" kind="ReplicaSet" key="helmcustomextensionit/nginx-6589db77b6" duration="12.933326ms"
2025-01-29 18:38:32,202 INFO c.h.h.t.HelmChartContainer - [K3S] [replica_set.go:679] "Finished syncing" kind="ReplicaSet" key="helmcustomextensionit/nginx-6589db77b6" duration="28.523µs"
2025-01-29 18:38:32,203 INFO c.h.h.t.HelmChartContainer - [nginx-6589db77b6-r8p] [nginx] [68cefd1a] 2025/01/29 18:38:32 [notice] 1#1: signal 3 (SIGQUIT) received, shutting down
2025-01-29 18:38:32,203 INFO c.h.h.t.HelmChartContainer - [nginx-6589db77b6-r8p] [nginx] [68cefd1a] 2025/01/29 18:38:32 [notice] 22#22: gracefully shutting down
2025-01-29 18:38:32,203 INFO c.h.h.t.HelmChartContainer - [nginx-6589db77b6-r8p] [nginx] [68cefd1a] 2025/01/29 18:38:32 [notice] 24#24: gracefully shutting down
2025-01-29 18:38:32,203 INFO c.h.h.t.HelmChartContainer - [nginx-6589db77b6-r8p] [nginx] [68cefd1a] 2025/01/29 18:38:32 [notice] 24#24: exiting
2025-01-29 18:38:32,203 INFO c.h.h.t.HelmChartContainer - [nginx-6589db77b6-r8p] [nginx] [68cefd1a] 2025/01/29 18:38:32 [notice] 24#24: exit
2025-01-29 18:38:32,203 INFO c.h.h.t.HelmChartContainer - [nginx-6589db77b6-r8p] [nginx] [68cefd1a] 2025/01/29 18:38:32 [notice] 23#23: gracefully shutting down
2025-01-29 18:38:32,203 INFO c.h.h.t.HelmChartContainer - [nginx-6589db77b6-r8p] [nginx] [68cefd1a] 2025/01/29 18:38:32 [notice] 23#23: exiting
2025-01-29 18:38:32,203 INFO c.h.h.t.HelmChartContainer - [nginx-6589db77b6-r8p] [nginx] [68cefd1a] 2025/01/29 18:38:32 [notice] 23#23: exit
2025-01-29 18:38:32,203 INFO c.h.h.t.HelmChartContainer - [nginx-6589db77b6-r8p] [nginx] [68cefd1a] 2025/01/29 18:38:32 [notice] 22#22: exiting
2025-01-29 18:38:32,203 INFO c.h.h.t.HelmChartContainer - [nginx-6589db77b6-r8p] [nginx] [68cefd1a] 2025/01/29 18:38:32 [notice] 22#22: exit
2025-01-29 18:38:32,203 INFO c.h.h.t.HelmChartContainer - [nginx-6589db77b6-r8p] [nginx] [68cefd1a] 2025/01/29 18:38:32 [notice] 25#25: gracefully shutting down
2025-01-29 18:38:32,203 INFO c.h.h.t.HelmChartContainer - [nginx-6589db77b6-r8p] [nginx] [68cefd1a] 2025/01/29 18:38:32 [notice] 25#25: exiting
2025-01-29 18:38:32,203 INFO c.h.h.t.HelmChartContainer - [nginx-6589db77b6-r8p] [nginx] [68cefd1a] 2025/01/29 18:38:32 [notice] 25#25: exit
2025-01-29 18:38:32,212 INFO c.h.h.t.HelmChartContainer - [K3S] [stateful_set.go:466] "StatefulSet has been deleted" key="helmcustomextensionit/test-hivemq-platform"
2025-01-29 18:38:32,212 INFO c.h.h.t.HelmChartContainer - [nginx-6589db77b6-r8p] [nginx] [68cefd1a] 2025/01/29 18:38:32 [notice] 1#1: signal 17 (SIGCHLD) received from 22
2025-01-29 18:38:32,212 INFO c.h.h.t.HelmChartContainer - [nginx-6589db77b6-r8p] [nginx] [68cefd1a] 2025/01/29 18:38:32 [notice] 1#1: worker process 22 exited with code 0
2025-01-29 18:38:32,212 INFO c.h.h.t.HelmChartContainer - [nginx-6589db77b6-r8p] [nginx] [68cefd1a] 2025/01/29 18:38:32 [notice] 1#1: worker process 23 exited with code 0
2025-01-29 18:38:32,212 INFO c.h.h.t.HelmChartContainer - [nginx-6589db77b6-r8p] [nginx] [68cefd1a] 2025/01/29 18:38:32 [notice] 1#1: signal 29 (SIGIO) received
2025-01-29 18:38:32,212 INFO c.h.h.t.HelmChartContainer - [nginx-6589db77b6-r8p] [nginx] [68cefd1a] 2025/01/29 18:38:32 [notice] 1#1: signal 17 (SIGCHLD) received from 23
2025-01-29 18:38:32,213 INFO c.h.h.t.HelmChartContainer - [nginx-6589db77b6-r8p] [nginx] [68cefd1a] 2025/01/29 18:38:32 [notice] 1#1: signal 17 (SIGCHLD) received from 25
2025-01-29 18:38:32,217 INFO c.h.h.t.HelmChartContainer - [nginx-6589db77b6-r8p] [nginx] [68cefd1a] 2025/01/29 18:38:32 [notice] 1#1: worker process 25 exited with code 0
2025-01-29 18:38:32,217 INFO c.h.h.t.HelmChartContainer - [nginx-6589db77b6-r8p] [nginx] [68cefd1a] 2025/01/29 18:38:32 [notice] 1#1: worker process 24 exited with code 0
2025-01-29 18:38:32,217 INFO c.h.h.t.HelmChartContainer - [nginx-6589db77b6-r8p] [nginx] [68cefd1a] 2025/01/29 18:38:32 [notice] 1#1: exit
2025-01-29 18:38:32,220 INFO c.h.h.t.HelmChartContainer - [K3S] [reconciler_common.go:299] "Volume detached for volume \"operator-init\" (UniqueName: \"kubernetes.io/empty-dir/de5873b5-1ac8-458e-a48e-b510dd1d113d-operator-init\") on node \"90e6ebb001dc\" DevicePath \"\""
2025-01-29 18:38:32,220 INFO c.h.h.t.HelmChartContainer - [K3S] [reconciler_common.go:299] "Volume detached for volume \"kube-api-access-vs9w6\" (UniqueName: \"kubernetes.io/projected/de5873b5-1ac8-458e-a48e-b510dd1d113d-kube-api-access-vs9w6\") on node \"90e6ebb001dc\" DevicePath \"\""
2025-01-29 18:38:32,221 INFO c.h.h.t.HelmChartContainer - [K3S] [reconciler_common.go:299] "Volume detached for volume \"pod-info\" (UniqueName: \"kubernetes.io/configmap/de5873b5-1ac8-458e-a48e-b510dd1d113d-pod-info\") on node \"90e6ebb001dc\" DevicePath \"\""
2025-01-29 18:38:32,221 INFO c.h.h.t.HelmChartContainer - [K3S] [reconciler_common.go:299] "Volume detached for volume \"broker-configuration\" (UniqueName: \"kubernetes.io/configmap/de5873b5-1ac8-458e-a48e-b510dd1d113d-broker-configuration\") on node \"90e6ebb001dc\" DevicePath \"\""
2025-01-29 18:38:32,221 INFO c.h.h.t.HelmChartContainer - [K3S] [reconciler_common.go:299] "Volume detached for volume \"extension-request-header-custom-extension-auth-secret\" (UniqueName: \"kubernetes.io/secret/de5873b5-1ac8-458e-a48e-b510dd1d113d-extension-request-header-custom-extension-auth-secret\") on node \"90e6ebb001dc\" DevicePath \"\""
2025-01-29 18:38:32,317 INFO c.h.h.t.HelmChartContainer - [K3S] [replica_set.go:679] "Finished syncing" kind="ReplicaSet" key="helmcustomextensionit/nginx-6589db77b6" duration="5.1µs"
2025-01-29 18:38:32,357 INFO c.h.h.t.HelmChartContainer - [POD] nginx-6589db77b6-r8p8r [68cefd1a-010f-4895-ba7b-b0ce721207e8] in helmcustomextensionit was MODIFIED
2025-01-29 18:38:32,399 INFO c.h.h.t.HelmChartContainer - [K3S] [scope.go:117] "RemoveContainer" containerID="e76a080de4e01af538af67052e149a1110a9065cf2233819d05db6bfcfd94d85"
2025-01-29 18:38:32,401 INFO c.h.h.t.HelmChartContainer - Stopped log watcher for nginx in pod nginx-6589db77b6-r8p8r [68cefd1a-010f-4895-ba7b-b0ce721207e8]
2025-01-29 18:38:32,404 INFO c.h.h.t.HelmChartContainer - [K3S] [scope.go:117] "RemoveContainer" containerID="e76a080de4e01af538af67052e149a1110a9065cf2233819d05db6bfcfd94d85"
2025-01-29 18:38:32,405 INFO c.h.h.t.HelmChartContainer - [K3S] [scope.go:117] "RemoveContainer" containerID="9b5b6832043176211b76dd978c0302f93d0eb6f462f13463efecfe957005bb20"
2025-01-29 18:38:32,417 INFO c.h.h.t.HelmChartContainer - [POD] test-hivemq-platform-0 [de5873b5-1ac8-458e-a48e-b510dd1d113d] in helmcustomextensionit was MODIFIED
2025-01-29 18:38:32,421 INFO c.h.h.t.HelmChartContainer - [POD] test-hivemq-platform-0 [de5873b5-1ac8-458e-a48e-b510dd1d113d] in helmcustomextensionit was DELETED
2025-01-29 18:38:32,515 INFO c.h.h.t.HelmChartContainer - [K3S] [scope.go:117] "RemoveContainer" containerID="4180b56a65a0b6bba847f6ed9113f506c1fc81fc72a5eaab1dab419595edec80"
2025-01-29 18:38:32,518 INFO c.h.h.t.HelmChartContainer - [K3S] [scope.go:117] "RemoveContainer" containerID="9b5b6832043176211b76dd978c0302f93d0eb6f462f13463efecfe957005bb20"
2025-01-29 18:38:32,519 INFO c.h.h.t.HelmChartContainer - [K3S] [scope.go:117] "RemoveContainer" containerID="4180b56a65a0b6bba847f6ed9113f506c1fc81fc72a5eaab1dab419595edec80"
2025-01-29 18:38:32,520 INFO c.h.h.t.HelmChartContainer - [K3S] [reconciler_common.go:162] "operationExecutor.UnmountVolume started for volume \"kube-api-access-zl6zd\" (UniqueName: \"kubernetes.io/projected/68cefd1a-010f-4895-ba7b-b0ce721207e8-kube-api-access-zl6zd\") pod \"68cefd1a-010f-4895-ba7b-b0ce721207e8\" (UID: \"68cefd1a-010f-4895-ba7b-b0ce721207e8\") "
2025-01-29 18:38:32,520 INFO c.h.h.t.HelmChartContainer - [K3S] [reconciler_common.go:162] "operationExecutor.UnmountVolume started for volume \"nginx-basic-auth-conf\" (UniqueName: \"kubernetes.io/host-path/68cefd1a-010f-4895-ba7b-b0ce721207e8-nginx-basic-auth-conf\") pod \"68cefd1a-010f-4895-ba7b-b0ce721207e8\" (UID: \"68cefd1a-010f-4895-ba7b-b0ce721207e8\") "
2025-01-29 18:38:32,520 INFO c.h.h.t.HelmChartContainer - [K3S] [reconciler_common.go:162] "operationExecutor.UnmountVolume started for volume \"volume-hivemq-custom-test-extension-200\" (UniqueName: \"kubernetes.io/host-path/68cefd1a-010f-4895-ba7b-b0ce721207e8-volume-hivemq-custom-test-extension-200\") pod \"68cefd1a-010f-4895-ba7b-b0ce721207e8\" (UID: \"68cefd1a-010f-4895-ba7b-b0ce721207e8\") "
2025-01-29 18:38:32,521 INFO c.h.h.t.HelmChartContainer - [K3S] [reconciler_common.go:162] "operationExecutor.UnmountVolume started for volume \"nginx-htpasswd\" (UniqueName: \"kubernetes.io/host-path/68cefd1a-010f-4895-ba7b-b0ce721207e8-nginx-htpasswd\") pod \"68cefd1a-010f-4895-ba7b-b0ce721207e8\" (UID: \"68cefd1a-010f-4895-ba7b-b0ce721207e8\") "
2025-01-29 18:38:32,622 INFO c.h.h.t.HelmChartContainer - [K3S] [reconciler_common.go:299] "Volume detached for volume \"kube-api-access-zl6zd\" (UniqueName: \"kubernetes.io/projected/68cefd1a-010f-4895-ba7b-b0ce721207e8-kube-api-access-zl6zd\") on node \"90e6ebb001dc\" DevicePath \"\""
2025-01-29 18:38:32,622 INFO c.h.h.t.HelmChartContainer - [K3S] [reconciler_common.go:299] "Volume detached for volume \"volume-hivemq-custom-test-extension-200\" (UniqueName: \"kubernetes.io/host-path/68cefd1a-010f-4895-ba7b-b0ce721207e8-volume-hivemq-custom-test-extension-200\") on node \"90e6ebb001dc\" DevicePath \"\""
2025-01-29 18:38:32,622 INFO c.h.h.t.HelmChartContainer - [K3S] [reconciler_common.go:299] "Volume detached for volume \"nginx-basic-auth-conf\" (UniqueName: \"kubernetes.io/host-path/68cefd1a-010f-4895-ba7b-b0ce721207e8-nginx-basic-auth-conf\") on node \"90e6ebb001dc\" DevicePath \"\""
2025-01-29 18:38:32,622 INFO c.h.h.t.HelmChartContainer - [K3S] [reconciler_common.go:299] "Volume detached for volume \"nginx-htpasswd\" (UniqueName: \"kubernetes.io/host-path/68cefd1a-010f-4895-ba7b-b0ce721207e8-nginx-htpasswd\") on node \"90e6ebb001dc\" DevicePath \"\""
2025-01-29 18:38:32,712 INFO c.h.h.t.HelmChartContainer - [POD] nginx-6589db77b6-r8p8r [68cefd1a-010f-4895-ba7b-b0ce721207e8] in helmcustomextensionit was MODIFIED
2025-01-29 18:38:32,715 INFO c.h.h.t.HelmChartContainer - [POD] nginx-6589db77b6-r8p8r [68cefd1a-010f-4895-ba7b-b0ce721207e8] in helmcustomextensionit was DELETED
2025-01-29 18:38:33,213 INFO c.h.h.t.HelmChartContainer - [K3S] [kubelet_volumes.go:163] "Cleaned up orphaned pod volumes dir" podUID="68cefd1a-010f-4895-ba7b-b0ce721207e8" path="/var/lib/kubelet/pods/68cefd1a-010f-4895-ba7b-b0ce721207e8/volumes"
2025-01-29 18:38:33,214 INFO c.h.h.t.HelmChartContainer - [K3S] [kubelet_volumes.go:163] "Cleaned up orphaned pod volumes dir" podUID="de5873b5-1ac8-458e-a48e-b510dd1d113d" path="/var/lib/kubelet/pods/de5873b5-1ac8-458e-a48e-b510dd1d113d/volumes"
2025-01-29 18:38:37,589 INFO c.h.h.t.HelmChartContainer - Namespace 'helmcustomextensionit' deleted
2025-01-29 18:38:37,589 INFO c.h.h.t.HelmChartContainer - Release 'test-hivemq-platform' in namespace 'helmcustomextensionit' is uninstalled
2025-01-29 18:38:37,589 INFO c.h.h.t.HelmChartContainer - Uninstalling release 'test-hivemq-platform-operator' in namespace 'helmcustomextensionit-operator'...
2025-01-29 18:38:37,589 DEBUG c.h.h.t.HelmChartContainer - Executing helm command: /bin/helm --kubeconfig /etc/rancher/k3s/k3s.yaml uninstall test-hivemq-platform-operator  --wait --timeout 5m0s --cascade foreground --namespace helmcustomextensionit-operator
2025-01-29 18:38:37,749 INFO c.h.h.t.HelmChartContainer - [K3S] [replica_set.go:679] "Finished syncing" kind="ReplicaSet" key="helmcustomextensionit-operator/hivemq-test-hivemq-platform-operator-6966f96d65" duration="8.613728ms"
2025-01-29 18:38:37,749 INFO c.h.h.t.HelmChartContainer - [K3S] [replica_set.go:679] "Finished syncing" kind="ReplicaSet" key="helmcustomextensionit-operator/hivemq-test-hivemq-platform-operator-6966f96d65" duration="34.344µs"
2025-01-29 18:38:37,763 INFO c.h.h.t.HelmChartContainer - [POD] hivemq-test-hivemq-platform-operator-6966f96d65-4w92k [907a50e2-94cf-4877-a60e-6694b20ae84d] in helmcustomextensionit-operator was MODIFIED
2025-01-29 18:38:37,772 INFO c.h.h.t.HelmChartContainer - [hivemq-test-hivemq-platform] [hivemq-platform-operator] [907a50e2] 18:38:37.771 [application-shutdown-thread] INFO  c.h.p.o.HiveMQPlatformOperatorApplication - HiveMQ Platform Operator is stopping...
2025-01-29 18:38:37,773 INFO c.h.h.t.HelmChartContainer - [hivemq-test-hivemq-platform] [hivemq-platform-operator] [907a50e2] 18:38:37.771 [application-shutdown-thread] INFO  i.javaoperatorsdk.operator.Operator - Operator SDK 4.9.7 is shutting down...
2025-01-29 18:38:37,779 INFO c.h.h.t.HelmChartContainer - [K3S] [replica_set.go:679] "Finished syncing" kind="ReplicaSet" key="helmcustomextensionit-operator/hivemq-test-hivemq-platform-operator-6966f96d65" duration="17.848181ms"
2025-01-29 18:38:37,784 INFO c.h.h.t.HelmChartContainer - [K3S] [replica_set.go:679] "Finished syncing" kind="ReplicaSet" key="helmcustomextensionit-operator/hivemq-test-hivemq-platform-operator-6966f96d65" duration="422.499µs"
2025-01-29 18:38:37,789 INFO c.h.h.t.HelmChartContainer - [EVENT] Normal [Killing] Stopping container hivemq-platform-operator [helmcustomextensionit-operator:hivemq-test-hivemq-platform-operator-6966f96d65-4w92k]
2025-01-29 18:38:37,789 INFO c.h.h.t.HelmChartContainer - Received Killing event for container hivemq-platform-operator in pod hivemq-test-hivemq-platform-operator-6966f96d65-4w92k [907a50e2-94cf-4877-a60e-6694b20ae84d]
2025-01-29 18:38:37,789 INFO c.h.h.t.HelmChartContainer - Container [hivemq-test-hivemq-platform-operator-6966f96d65-4w92k] [hivemq-platform-operator] [907a50e2-94cf-4877-a60e-6694b20ae84d] was terminated
2025-01-29 18:38:37,789 INFO c.h.h.t.HelmChartContainer - Stopped log watcher for hivemq-platform-operator in pod hivemq-test-hivemq-platform-operator-6966f96d65-4w92k [907a50e2-94cf-4877-a60e-6694b20ae84d]
2025-01-29 18:38:38,395 INFO c.h.h.t.HelmChartContainer - [K3S] [replica_set.go:679] "Finished syncing" kind="ReplicaSet" key="helmcustomextensionit-operator/hivemq-test-hivemq-platform-operator-6966f96d65" duration="77.655µs"
2025-01-29 18:38:38,396 INFO c.h.h.t.HelmChartContainer - [POD] hivemq-test-hivemq-platform-operator-6966f96d65-4w92k [907a50e2-94cf-4877-a60e-6694b20ae84d] in helmcustomextensionit-operator was MODIFIED
2025-01-29 18:38:38,412 INFO c.h.h.t.HelmChartContainer - [K3S] [scope.go:117] "RemoveContainer" containerID="9964ff059348ca2fc178dcd1e09dcb1a3d1e7574bbf83502978ab55ed6e2c34d"
2025-01-29 18:38:38,416 INFO c.h.h.t.HelmChartContainer - [K3S] [scope.go:117] "RemoveContainer" containerID="9964ff059348ca2fc178dcd1e09dcb1a3d1e7574bbf83502978ab55ed6e2c34d"
2025-01-29 18:38:38,455 INFO c.h.h.t.HelmChartContainer - [K3S] [reconciler_common.go:162] "operationExecutor.UnmountVolume started for volume \"kube-api-access-n5f6r\" (UniqueName: \"kubernetes.io/projected/907a50e2-94cf-4877-a60e-6694b20ae84d-kube-api-access-n5f6r\") pod \"907a50e2-94cf-4877-a60e-6694b20ae84d\" (UID: \"907a50e2-94cf-4877-a60e-6694b20ae84d\") "
2025-01-29 18:38:38,556 INFO c.h.h.t.HelmChartContainer - [K3S] [reconciler_common.go:299] "Volume detached for volume \"kube-api-access-n5f6r\" (UniqueName: \"kubernetes.io/projected/907a50e2-94cf-4877-a60e-6694b20ae84d-kube-api-access-n5f6r\") on node \"90e6ebb001dc\" DevicePath \"\""
2025-01-29 18:38:38,724 INFO c.h.h.t.HelmChartContainer - [K3S] [replica_set.go:679] "Finished syncing" kind="ReplicaSet" key="helmcustomextensionit-operator/hivemq-test-hivemq-platform-operator-6966f96d65" duration="47.85µs"
2025-01-29 18:38:38,725 INFO c.h.h.t.HelmChartContainer - [POD] hivemq-test-hivemq-platform-operator-6966f96d65-4w92k [907a50e2-94cf-4877-a60e-6694b20ae84d] in helmcustomextensionit-operator was MODIFIED
2025-01-29 18:38:38,727 INFO c.h.h.t.HelmChartContainer - [K3S] [replica_set.go:679] "Finished syncing" kind="ReplicaSet" key="helmcustomextensionit-operator/hivemq-test-hivemq-platform-operator-6966f96d65" duration="29.626µs"
2025-01-29 18:38:38,727 INFO c.h.h.t.HelmChartContainer - [POD] hivemq-test-hivemq-platform-operator-6966f96d65-4w92k [907a50e2-94cf-4877-a60e-6694b20ae84d] in helmcustomextensionit-operator was DELETED
2025-01-29 18:38:38,738 INFO c.h.h.t.HelmChartContainer - [K3S] [replica_set.go:679] "Finished syncing" kind="ReplicaSet" key="helmcustomextensionit-operator/hivemq-test-hivemq-platform-operator-6966f96d65" duration="5.36µs"
2025-01-29 18:38:39,213 INFO c.h.h.t.HelmChartContainer - [K3S] [kubelet_volumes.go:163] "Cleaned up orphaned pod volumes dir" podUID="907a50e2-94cf-4877-a60e-6694b20ae84d" path="/var/lib/kubelet/pods/907a50e2-94cf-4877-a60e-6694b20ae84d/volumes"
2025-01-29 18:38:39,798 INFO c.h.h.t.HelmChartContainer - Deleting namespace 'helmcustomextensionit-operator'...
2025-01-29 18:38:42,557 INFO c.h.h.t.HelmChartContainer - [K3S] [namespace_controller.go:187] "Namespace has been deleted" namespace="helmcustomextensionit"
2025-01-29 18:38:45,018 INFO c.h.h.t.HelmChartContainer - Namespace 'helmcustomextensionit-operator' deleted
2025-01-29 18:38:45,018 INFO c.h.h.t.HelmChartContainer - Release 'test-hivemq-platform-operator' in namespace 'helmcustomextensionit-operator' is uninstalled
2025-01-29 18:38:45,850 INFO c.h.helmcharts.AbstractHelmChartIT - Removed unused containers:

2025-01-29 18:38:49,929 INFO c.h.h.t.HelmChartContainer - [K3S] [namespace_controller.go:187] "Namespace has been deleted" namespace="helmcustomextensionit-operator"
2025-01-29 18:38:54,567 INFO c.h.helmcharts.AbstractHelmChartIT - Removed unused snapshots:
Removing snapshot sha256:03af251906410714c5aef9fa705b63f6bbc39c4a5e787de7361eeb18886c2ed2
Removing snapshot sha256:0c46b3b43cce082ce5ec34ffc6c294e0417d17b9d1e6f366d114b6aadc4f96dc
Removing snapshot sha256:0ce761beee59082d6ed5bcebd3a805b8ddd9b3426b617e4809e7fb7c6587ffec
Removing snapshot sha256:0df91287303208332c8ff6ba40ae4710105201739addbfbddfb955f1ad593664
Removing snapshot sha256:1021ef88c7974bfff89c5a0ec4fd3160daac6c48a075f74cff721f85dd104e68
Removing snapshot sha256:10aba4953ddc18145dd38e3704709bc464aa20af60b56fe52caaff4b68411e62
Removing snapshot sha256:2573e0d8158209ed54ab25c87bcdcb00bd3d2539246960a3d592a1c599d70465
Removing snapshot sha256:362a8a37f8bbc31925a8146adcf7cf51f9882f5c1dcbef67c5baa03a297543c0
Removing snapshot sha256:3fa4ad33f0ddc8fd45b39b6b4640f82a3a83619606cd975bfe89d8710ad2d4cd
Removing snapshot sha256:43a7c979bbaba6838bc3102d6b10a1459f3ab050b87ccdfef84ef90cf43d3058
Removing snapshot sha256:4ab04491cdf0d3267f08206fe30bd48f49f94b9cab2f016d6739220f722a64af
Removing snapshot sha256:4b6068250e89c96f263060261819c7d912855bfbd64b3eb4c4a8483299b8c295
Removing snapshot sha256:580e69a0a8034ede1921139bbd2bfb72a69ebf276d008281896c32dd8bf74775
Removing snapshot sha256:5d30ba46b27fe37484567ccc5242cadc78217b8da605f3f195ef25cbf7487904
Removing snapshot sha256:5ec183755d09a0a54d0f83e5a705f28f1606fe75660c13148fe125e4f12af39f
Removing snapshot sha256:63ca1fbb43ae5034640e5e6cb3e083e05c290072c5366fcaa9d62435a4cced85
Removing snapshot sha256:67f702c6baae873bceb19487c8b1f27bd2b86077e4f2f0e480e6d60ab508b8f5
Removing snapshot sha256:6864348dd42806d552efdec384f1274be15e2d0c10ce44c1f04347af004c10a9
Removing snapshot sha256:6c7dee8f2c39b84b7dc2711c01d33de93514d9055499173e9290176fbe484b6c
Removing snapshot sha256:82753493a6d61ded36556292f02f31841a14c20d2f279f19eaad65afb661d5cd
Removing snapshot sha256:8a10d3db42c505ee0fcfa98417bdd7e39b304f6bcc0a06bb1b220797ff2cc63c
Removing snapshot sha256:8ad081ee0d46efdea0492cd0bb527c50a8891276fd408ec1269522ac9d6d5580
Removing snapshot sha256:a0904247e36a7726c03c71ee48f3e64462021c88dafeb13f37fdaf613b27f11c
Removing snapshot sha256:a21e5b12dbac529ad45d976eb9ce45c881f3bedcc500fb30aba1e52aa1813418
Removing snapshot sha256:a8d62a6e94dbe8920ecfafa3b3aff0ef70aa26ca929f90b110db998eec09bab5
Removing snapshot sha256:ad858b4eee2d8f479065d1b8c650e13c815e75b2e4503c05a67cdc8880b0975a
Removing snapshot sha256:b921e6c28969094157f9b8e7244677780319637afd14450b7cb6b2fdea558a0c
Removing snapshot sha256:bc27ecb5769a00e309cf99ebc763c4a4b958b618d1decc96ffac5bc05f02f5b7
Removing snapshot sha256:be3ccb6627a5332e309d45ef461d09b4879dd870c7394d89323d0ebc6ca6aa8a
Removing snapshot sha256:c261f7cbbc64211ee175ee47273acdb7b1a36a4450b397a064a8f2c026490095
Removing snapshot sha256:c2dc9a1fdba12ebc920a674c633b509b0268e82812043dcb3a411769febefe68
Removing snapshot sha256:c34d9393647eea0c9e3557ab988efaf59f61d10a2a5613b439ef0958cca5ec10
Removing snapshot sha256:ccf3c4a0fa967a41c1c83497a2ce6fa5787965859df0adb32c4ca2cf7490bc2b
Removing snapshot sha256:cf92d33f869417309692088c341cd0f223c178ea78a125f757317b22aa8f90e9
Removing snapshot sha256:d0037344cf2fb078884f1849f6a1f8cf9a33a3b6139b6a85833e5ee528e1f9a8
Removing snapshot sha256:d3b36d5b79273b1e98e7700470eaeff05a882e777124d84cebcc1505b85ecb36
Removing snapshot sha256:d65a44a37914602d12c611e5e22a50f11451d847e63015cc1c2aef92dee777a4
Removing snapshot sha256:e2dc0bae2455930f23ae570e019b7f32edc75c0f2d71cab084db837ff9051796
Removing snapshot sha256:e31519795c7e3df686c447a21ec8d2eb301388a5e39ccf7f20a25c6f6ce3a522
Removing snapshot sha256:e4a0e586ffee6cc3309b4eb1f23f1e90533c6306412e5c092a6bb0de21110494
Removing snapshot sha256:eccbd24a99c60cd9e86ee5305dbfc4a4dc89f5ab4fb1f06c8d64797cecedef34
Removing snapshot sha256:f144bb4c7c7f0d2aa7eeffd36d934ec40db1ee167be727e326aad9fdc616f475

]]></system-out>
  </testcase>
  <testcase name="platformChart_whenCustomExtensionIsConfigured_withHttp_thenStartsUpSuccessfully()" classname="com.hivemq.helmcharts.extensions.HelmCustomExtensionIT" time="107.763">
    <system-out><![CDATA[2025-01-29 18:38:54,583 INFO c.h.h.t.HelmChartContainer - Creating namespace 'helmcustomextensionit-operator'...
2025-01-29 18:38:54,589 INFO c.h.h.t.HelmChartContainer - Namespace 'helmcustomextensionit-operator' created
2025-01-29 18:38:54,589 INFO c.h.h.t.HelmChartContainer - Creating namespace 'helmcustomextensionit'...
2025-01-29 18:38:54,599 INFO c.h.h.t.HelmChartContainer - Namespace 'helmcustomextensionit' created
2025-01-29 18:38:54,665 DEBUG c.h.h.t.HelmChartContainer - Executing helm command: /bin/helm --kubeconfig /etc/rancher/k3s/k3s.yaml install test-hivemq-platform-operator /charts/hivemq-platform-operator --wait --timeout 5m0s --set image.repository=docker.io/hivemq --set image.name=hivemq-platform-operator-test --set image.initImageName=hivemq-platform-operator-init-test --set image.tag=snapshot --set image.pullPolicy=Never --set logLevel=DEBUG --set resources.cpu=512m --namespace helmcustomextensionit-operator
2025-01-29 18:38:55,011 INFO c.h.h.t.HelmChartContainer - [K3S] [alloc.go:330] "allocated clusterIPs" service="helmcustomextensionit-operator/hivemq-platform-operator-test-hivemq-platform-operator" clusterIPs={"IPv4":"10.43.196.46"}
2025-01-29 18:38:55,030 INFO c.h.h.t.HelmChartContainer - [EVENT] Normal [ScalingReplicaSet] Scaled up replica set hivemq-test-hivemq-platform-operator-6966f96d65 from 0 to 1 [helmcustomextensionit-operator:hivemq-test-hivemq-platform-operator]
2025-01-29 18:38:55,039 INFO c.h.h.t.HelmChartContainer - [POD] hivemq-test-hivemq-platform-operator-6966f96d65-v2nws [73d1d667-0b30-450e-8a6d-ec95dde0fd1c] in helmcustomextensionit-operator was ADDED
2025-01-29 18:38:55,052 INFO c.h.h.t.HelmChartContainer - [POD] hivemq-test-hivemq-platform-operator-6966f96d65-v2nws [73d1d667-0b30-450e-8a6d-ec95dde0fd1c] in helmcustomextensionit-operator was MODIFIED
2025-01-29 18:38:55,053 INFO c.h.h.t.HelmChartContainer - [K3S] [replica_set.go:679] "Finished syncing" kind="ReplicaSet" key="helmcustomextensionit-operator/hivemq-test-hivemq-platform-operator-6966f96d65" duration="22.626578ms"
2025-01-29 18:38:55,053 INFO c.h.h.t.HelmChartContainer - [K3S] [memory_manager.go:355] "RemoveStaleState removing state" podUID="907a50e2-94cf-4877-a60e-6694b20ae84d" containerName="hivemq-platform-operator"
2025-01-29 18:38:55,053 INFO c.h.h.t.HelmChartContainer - [K3S] [memory_manager.go:355] "RemoveStaleState removing state" podUID="68cefd1a-010f-4895-ba7b-b0ce721207e8" containerName="nginx"
2025-01-29 18:38:55,053 INFO c.h.h.t.HelmChartContainer - [K3S] [memory_manager.go:355] "RemoveStaleState removing state" podUID="de5873b5-1ac8-458e-a48e-b510dd1d113d" containerName="hivemq"
2025-01-29 18:38:55,055 INFO c.h.h.t.HelmChartContainer - [EVENT] Normal [SuccessfulCreate] Created pod: hivemq-test-hivemq-platform-operator-6966f96d65-v2nws [helmcustomextensionit-operator:hivemq-test-hivemq-platform-operator-6966f96d65]
2025-01-29 18:38:55,060 INFO c.h.h.t.HelmChartContainer - [EVENT] Normal [Scheduled] Successfully assigned helmcustomextensionit-operator/hivemq-test-hivemq-platform-operator-6966f96d65-v2nws to 90e6ebb001dc [helmcustomextensionit-operator:hivemq-test-hivemq-platform-operator-6966f96d65-v2nws]
2025-01-29 18:38:55,066 INFO c.h.h.t.HelmChartContainer - [POD] hivemq-test-hivemq-platform-operator-6966f96d65-v2nws [73d1d667-0b30-450e-8a6d-ec95dde0fd1c] in helmcustomextensionit-operator was MODIFIED
2025-01-29 18:38:55,071 INFO c.h.h.t.HelmChartContainer - [K3S] [replica_set.go:679] "Finished syncing" kind="ReplicaSet" key="helmcustomextensionit-operator/hivemq-test-hivemq-platform-operator-6966f96d65" duration="24.265963ms"
2025-01-29 18:38:55,088 INFO c.h.h.t.HelmChartContainer - [K3S] [replica_set.go:679] "Finished syncing" kind="ReplicaSet" key="helmcustomextensionit-operator/hivemq-test-hivemq-platform-operator-6966f96d65" duration="17.441972ms"
2025-01-29 18:38:55,089 INFO c.h.h.t.HelmChartContainer - [K3S] [replica_set.go:679] "Finished syncing" kind="ReplicaSet" key="helmcustomextensionit-operator/hivemq-test-hivemq-platform-operator-6966f96d65" duration="47.598µs"
2025-01-29 18:38:55,243 INFO c.h.h.t.HelmChartContainer - [K3S] [reconciler_common.go:251] "operationExecutor.VerifyControllerAttachedVolume started for volume \"kube-api-access-xzpwh\" (UniqueName: \"kubernetes.io/projected/73d1d667-0b30-450e-8a6d-ec95dde0fd1c-kube-api-access-xzpwh\") pod \"hivemq-test-hivemq-platform-operator-6966f96d65-v2nws\" (UID: \"73d1d667-0b30-450e-8a6d-ec95dde0fd1c\") " pod="helmcustomextensionit-operator/hivemq-test-hivemq-platform-operator-6966f96d65-v2nws"
2025-01-29 18:38:55,456 INFO c.h.h.t.HelmChartContainer - [EVENT] Normal [Pulled] Container image "docker.io/hivemq/hivemq-platform-operator-test:snapshot" already present on machine [helmcustomextensionit-operator:hivemq-test-hivemq-platform-operator-6966f96d65-v2nws]
2025-01-29 18:38:55,457 INFO c.h.h.t.HelmChartContainer - Received Pulled event for container hivemq-platform-operator in pod hivemq-test-hivemq-platform-operator-6966f96d65-v2nws [73d1d667-0b30-450e-8a6d-ec95dde0fd1c]
2025-01-29 18:38:56,721 INFO c.h.h.t.HelmChartContainer - [EVENT] Normal [Created] Created container: hivemq-platform-operator [helmcustomextensionit-operator:hivemq-test-hivemq-platform-operator-6966f96d65-v2nws]
2025-01-29 18:38:56,721 INFO c.h.h.t.HelmChartContainer - Received Created event for container hivemq-platform-operator in pod hivemq-test-hivemq-platform-operator-6966f96d65-v2nws [73d1d667-0b30-450e-8a6d-ec95dde0fd1c]
2025-01-29 18:38:57,451 INFO c.h.h.t.HelmChartContainer - [K3S] [replica_set.go:679] "Finished syncing" kind="ReplicaSet" key="helmcustomextensionit-operator/hivemq-test-hivemq-platform-operator-6966f96d65" duration="46.357µs"
2025-01-29 18:38:57,457 INFO c.h.h.t.HelmChartContainer - [POD] hivemq-test-hivemq-platform-operator-6966f96d65-v2nws [73d1d667-0b30-450e-8a6d-ec95dde0fd1c] in helmcustomextensionit-operator was MODIFIED
2025-01-29 18:38:57,470 INFO c.h.h.t.HelmChartContainer - [EVENT] Normal [Started] Started container hivemq-platform-operator [helmcustomextensionit-operator:hivemq-test-hivemq-platform-operator-6966f96d65-v2nws]
2025-01-29 18:38:57,470 INFO c.h.h.t.HelmChartContainer - Received Started event for container hivemq-platform-operator in pod hivemq-test-hivemq-platform-operator-6966f96d65-v2nws [73d1d667-0b30-450e-8a6d-ec95dde0fd1c]
2025-01-29 18:38:57,471 INFO c.h.h.t.HelmChartContainer - Started log watcher for hivemq-platform-operator in pod hivemq-test-hivemq-platform-operator-6966f96d65-v2nws [73d1d667-0b30-450e-8a6d-ec95dde0fd1c]
2025-01-29 18:38:57,471 INFO c.h.h.t.HelmChartContainer - [hivemq-test-hivemq-platform] [hivemq-platform-operator] [73d1d667] -------------------------------------------------------------------------
2025-01-29 18:38:57,471 INFO c.h.h.t.HelmChartContainer - [hivemq-test-hivemq-platform] [hivemq-platform-operator] [73d1d667] 
2025-01-29 18:38:57,471 INFO c.h.h.t.HelmChartContainer - [hivemq-test-hivemq-platform] [hivemq-platform-operator] [73d1d667]                   _    _  _              __  __   ____
2025-01-29 18:38:57,471 INFO c.h.h.t.HelmChartContainer - [hivemq-test-hivemq-platform] [hivemq-platform-operator] [73d1d667]                  | |  | |(_)            |  \/  | / __ \
2025-01-29 18:38:57,471 INFO c.h.h.t.HelmChartContainer - [hivemq-test-hivemq-platform] [hivemq-platform-operator] [73d1d667]                  | |__| | _ __   __ ___ | \  / || |  | |
2025-01-29 18:38:57,471 INFO c.h.h.t.HelmChartContainer - [hivemq-test-hivemq-platform] [hivemq-platform-operator] [73d1d667]                  |  __  || |\ \ / // _ \| |\/| || |  | |
2025-01-29 18:38:57,471 INFO c.h.h.t.HelmChartContainer - [hivemq-test-hivemq-platform] [hivemq-platform-operator] [73d1d667]                  | |  | || | \ V /|  __/| |  | || |__| |
2025-01-29 18:38:57,471 INFO c.h.h.t.HelmChartContainer - [hivemq-test-hivemq-platform] [hivemq-platform-operator] [73d1d667]                  |_|  |_||_|  \_/  \___||_|  |_| \___\_\
2025-01-29 18:38:57,471 INFO c.h.h.t.HelmChartContainer - [hivemq-test-hivemq-platform] [hivemq-platform-operator] [73d1d667] 
2025-01-29 18:38:57,471 INFO c.h.h.t.HelmChartContainer - [hivemq-test-hivemq-platform] [hivemq-platform-operator] [73d1d667] -------------------------------------------------------------------------
2025-01-29 18:38:57,471 INFO c.h.h.t.HelmChartContainer - [hivemq-test-hivemq-platform] [hivemq-platform-operator] [73d1d667] 
2025-01-29 18:38:57,471 INFO c.h.h.t.HelmChartContainer - [hivemq-test-hivemq-platform] [hivemq-platform-operator] [73d1d667]   HiveMQ Platform Operator Start Script v1.0
2025-01-29 18:38:57,471 INFO c.h.h.t.HelmChartContainer - [hivemq-test-hivemq-platform] [hivemq-platform-operator] [73d1d667] 
2025-01-29 18:38:57,471 INFO c.h.h.t.HelmChartContainer - [hivemq-test-hivemq-platform] [hivemq-platform-operator] [73d1d667] -------------------------------------------------------------------------
2025-01-29 18:38:57,471 INFO c.h.h.t.HelmChartContainer - [hivemq-test-hivemq-platform] [hivemq-platform-operator] [73d1d667] 
2025-01-29 18:38:57,471 INFO c.h.h.t.HelmChartContainer - [hivemq-test-hivemq-platform] [hivemq-platform-operator] [73d1d667]   JAVA_OPTS: -XX:+UnlockExperimentalVMOptions -XX:InitialRAMPercentage=75 -XX:MaxRAMPercentage=75 -Duser.language=en -Duser.region=US
2025-01-29 18:38:57,471 INFO c.h.h.t.HelmChartContainer - [hivemq-test-hivemq-platform] [hivemq-platform-operator] [73d1d667] 
2025-01-29 18:38:57,471 INFO c.h.h.t.HelmChartContainer - [hivemq-test-hivemq-platform] [hivemq-platform-operator] [73d1d667]   JAVA_VERSION: 21
2025-01-29 18:38:57,471 INFO c.h.h.t.HelmChartContainer - [hivemq-test-hivemq-platform] [hivemq-platform-operator] [73d1d667] 
2025-01-29 18:38:57,471 INFO c.h.h.t.HelmChartContainer - [hivemq-test-hivemq-platform] [hivemq-platform-operator] [73d1d667] -------------------------------------------------------------------------
2025-01-29 18:38:57,471 INFO c.h.h.t.HelmChartContainer - [hivemq-test-hivemq-platform] [hivemq-platform-operator] [73d1d667] 
2025-01-29 18:39:00,151 INFO c.h.h.t.HelmChartContainer - [hivemq-test-hivemq-platform] [hivemq-platform-operator] [73d1d667] 18:39:00.149 [main] DEBUG org.jboss.logging - Logging Provider: org.jboss.logging.Slf4jLoggerProvider
2025-01-29 18:39:00,255 INFO c.h.h.t.HelmChartContainer - [hivemq-test-hivemq-platform] [hivemq-platform-operator] [73d1d667] 18:39:00.253 [main] DEBUG io.smallrye.config - SRCFG01006: Loaded ConfigSource SysPropConfigSource with ordinal 400
2025-01-29 18:39:00,256 INFO c.h.h.t.HelmChartContainer - [hivemq-test-hivemq-platform] [hivemq-platform-operator] [73d1d667] 18:39:00.253 [main] DEBUG io.smallrye.config - SRCFG01006: Loaded ConfigSource EnvConfigSource with ordinal 300
2025-01-29 18:39:00,256 INFO c.h.h.t.HelmChartContainer - [hivemq-test-hivemq-platform] [hivemq-platform-operator] [73d1d667] 18:39:00.253 [main] DEBUG io.smallrye.config - SRCFG01006: Loaded ConfigSource PropertiesConfigSource[source=jar:file:///opt/hivemq-platform-operator/bin/hivemq-platform-operator.jar!/hivemq-platform-operator.properties] with ordinal 100
2025-01-29 18:39:00,256 INFO c.h.h.t.HelmChartContainer - [hivemq-test-hivemq-platform] [hivemq-platform-operator] [73d1d667] 18:39:00.254 [main] DEBUG io.smallrye.config - SRCFG01006: Loaded ConfigSource DefaultValuesConfigSource with ordinal -2147483648
2025-01-29 18:39:00,361 INFO c.h.h.t.HelmChartContainer - [hivemq-test-hivemq-platform] [hivemq-platform-operator] [73d1d667] 18:39:00.360 [main] DEBUG i.m.c.u.i.l.InternalLoggerFactory - Using SLF4J as the default logging framework
2025-01-29 18:39:00,551 INFO c.h.h.t.HelmChartContainer - [hivemq-test-hivemq-platform] [hivemq-platform-operator] [73d1d667] 18:39:00.542 [main] INFO  c.h.p.o.HiveMQPlatformOperatorApplication - HiveMQ Platform Operator 1.7.0-SNAPSHOT (commit: b1b9591 on branch: HEAD) built on Wed Jan 29 18:32:18 UTC 2025
2025-01-29 18:39:00,552 INFO c.h.h.t.HelmChartContainer - [hivemq-test-hivemq-platform] [hivemq-platform-operator] [73d1d667] 18:39:00.550 [main] INFO  c.h.p.o.HiveMQPlatformOperatorApplication - HiveMQ Platform Operator is running in namespace: helmcustomextensionit-operator
2025-01-29 18:39:00,552 INFO c.h.h.t.HelmChartContainer - [hivemq-test-hivemq-platform] [hivemq-platform-operator] [73d1d667] 18:39:00.550 [main] INFO  c.h.p.o.HiveMQPlatformOperatorApplication - Watching all namespaces
2025-01-29 18:39:00,552 INFO c.h.h.t.HelmChartContainer - [hivemq-test-hivemq-platform] [hivemq-platform-operator] [73d1d667] 18:39:00.551 [main] INFO  c.h.p.o.HiveMQPlatformOperatorApplication - Log level: DEBUG
2025-01-29 18:39:00,552 INFO c.h.h.t.HelmChartContainer - [hivemq-test-hivemq-platform] [hivemq-platform-operator] [73d1d667] 18:39:00.551 [main] INFO  c.h.p.o.HiveMQPlatformOperatorApplication - Release name: test-hivemq-platform-operator
2025-01-29 18:39:00,552 INFO c.h.h.t.HelmChartContainer - [hivemq-test-hivemq-platform] [hivemq-platform-operator] [73d1d667] 18:39:00.551 [main] INFO  c.h.p.o.HiveMQPlatformOperatorApplication - HiveMQ Platform Operator Init image: docker.io/hivemq/hivemq-platform-operator-init-test:snapshot
2025-01-29 18:39:00,552 INFO c.h.h.t.HelmChartContainer - [hivemq-test-hivemq-platform] [hivemq-platform-operator] [73d1d667] 18:39:00.551 [main] INFO  c.h.p.o.HiveMQPlatformOperatorApplication - HiveMQ Platform Operator Init App update URL: http://hivemq-platform-operator-test-hivemq-platform-operator.helmcustomextensionit-operator.svc:8080/initAppUpdate/hivemq-platform-operator-init-app-1.7.0-SNAPSHOT.jar
2025-01-29 18:39:00,553 INFO c.h.h.t.HelmChartContainer - [hivemq-test-hivemq-platform] [hivemq-platform-operator] [73d1d667] 18:39:00.551 [main] INFO  c.h.p.o.HiveMQPlatformOperatorApplication - Additional imagePullSecret for all Platform deployments: none
2025-01-29 18:39:00,553 INFO c.h.h.t.HelmChartContainer - [hivemq-test-hivemq-platform] [hivemq-platform-operator] [73d1d667] 18:39:00.551 [main] INFO  c.h.p.o.HiveMQPlatformOperatorApplication - Apply HiveMQ Platform CRD: true
2025-01-29 18:39:00,553 INFO c.h.h.t.HelmChartContainer - [hivemq-test-hivemq-platform] [hivemq-platform-operator] [73d1d667] 18:39:00.551 [main] INFO  c.h.p.o.HiveMQPlatformOperatorApplication - Create Platform ServiceAccount: true
2025-01-29 18:39:00,553 INFO c.h.h.t.HelmChartContainer - [hivemq-test-hivemq-platform] [hivemq-platform-operator] [73d1d667] 18:39:00.551 [main] INFO  c.h.p.o.HiveMQPlatformOperatorApplication - Create Platform ServiceAccount permissions: true
2025-01-29 18:39:00,553 INFO c.h.h.t.HelmChartContainer - [hivemq-test-hivemq-platform] [hivemq-platform-operator] [73d1d667] 18:39:00.551 [main] INFO  c.h.p.o.HiveMQPlatformOperatorApplication - Validate Platform ServiceAccount: true
2025-01-29 18:39:00,553 INFO c.h.h.t.HelmChartContainer - [hivemq-test-hivemq-platform] [hivemq-platform-operator] [73d1d667] 18:39:00.551 [main] INFO  c.h.p.o.HiveMQPlatformOperatorApplication - Validate Platform ServiceAccount permissions: true
2025-01-29 18:39:00,744 INFO c.h.h.t.HelmChartContainer - [hivemq-test-hivemq-platform] [hivemq-platform-operator] [73d1d667] 18:39:00.742 [main] INFO  c.h.platform.operator.util.CRDUtil - Verifying deployed HiveMQ Platform CRD...
2025-01-29 18:39:03,060 INFO c.h.h.t.HelmChartContainer - [hivemq-test-hivemq-platform] [hivemq-platform-operator] [73d1d667] 18:39:03.058 [main] DEBUG c.h.platform.operator.util.CRDUtil - HiveMQ Platform CRD version v1 is up to date
2025-01-29 18:39:03,060 INFO c.h.h.t.HelmChartContainer - [hivemq-test-hivemq-platform] [hivemq-platform-operator] [73d1d667] 18:39:03.058 [main] INFO  c.h.platform.operator.util.CRDUtil - HiveMQ Platform CRD is up to date (version: V1_6_0)
2025-01-29 18:39:03,060 INFO c.h.h.t.HelmChartContainer - [hivemq-test-hivemq-platform] [hivemq-platform-operator] [73d1d667] 18:39:03.059 [main] INFO  c.h.platform.operator.util.CRDUtil - Waiting 10000 ms for HiveMQ Platform CRD 'hivemq-platforms.hivemq.com' to become ready...
2025-01-29 18:39:03,451 INFO c.h.h.t.HelmChartContainer - [hivemq-test-hivemq-platform] [hivemq-platform-operator] [73d1d667] 18:39:03.449 [vert.x-eventloop-thread-1] DEBUG c.h.platform.operator.util.CRDUtil - Checking CRD condition 'NamesAccepted' (status: 'True')
2025-01-29 18:39:03,451 INFO c.h.h.t.HelmChartContainer - [hivemq-test-hivemq-platform] [hivemq-platform-operator] [73d1d667] 18:39:03.450 [vert.x-eventloop-thread-1] DEBUG c.h.platform.operator.util.CRDUtil - Checking CRD condition 'Established' (status: 'True')
2025-01-29 18:39:03,452 INFO c.h.h.t.HelmChartContainer - [hivemq-test-hivemq-platform] [hivemq-platform-operator] [73d1d667] 18:39:03.450 [main] INFO  c.h.platform.operator.util.CRDUtil - HiveMQ Platform CRD 'hivemq-platforms.hivemq.com' is ready
2025-01-29 18:39:03,654 INFO c.h.h.t.HelmChartContainer - [hivemq-test-hivemq-platform] [hivemq-platform-operator] [73d1d667] 18:39:03.653 [main] INFO  c.h.p.o.HiveMQPlatformReconciler - HiveMQ Platform Operator is starting...
2025-01-29 18:39:03,763 INFO c.h.h.t.HelmChartContainer - [hivemq-test-hivemq-platform] [hivemq-platform-operator] [73d1d667] 18:39:03.762 [main] WARN  Default ConfigurationService implementation - Configuration for reconciler 'hivemq-controller' was not found. Known reconcilers: None.
2025-01-29 18:39:03,847 INFO c.h.h.t.HelmChartContainer - [hivemq-test-hivemq-platform] [hivemq-platform-operator] [73d1d667] 18:39:03.846 [main] INFO  Default ConfigurationService implementation - Created configuration for reconciler com.hivemq.platform.operator.HiveMQPlatformReconciler with name hivemq-controller
2025-01-29 18:39:03,954 INFO c.h.h.t.HelmChartContainer - [hivemq-test-hivemq-platform] [hivemq-platform-operator] [73d1d667] 18:39:03.953 [main] DEBUG c.h.p.o.HiveMQPlatformReconciler - HiveMQ Platform Operator is preparing EventSources
2025-01-29 18:39:04,046 INFO c.h.h.t.HelmChartContainer - [hivemq-test-hivemq-platform] [hivemq-platform-operator] [73d1d667] 18:39:04.045 [main] INFO  i.javaoperatorsdk.operator.Operator - Registered reconciler: 'hivemq-controller' for resource: 'class com.hivemq.platform.operator.v1.HiveMQPlatform' for namespace(s): [all namespaces]
2025-01-29 18:39:04,661 INFO c.h.h.t.HelmChartContainer - [hivemq-test-hivemq-platform] [hivemq-platform-operator] [73d1d667] 18:39:04.660 [main] INFO  c.h.p.operator.webserver.JettyServer - Starting Jetty server on port 8080
2025-01-29 18:39:04,760 INFO c.h.h.t.HelmChartContainer - [hivemq-test-hivemq-platform] [hivemq-platform-operator] [73d1d667] 18:39:04.758 [main] INFO  i.javaoperatorsdk.operator.Operator - Operator SDK 4.9.7 (commit: 2133d28) built on Wed Nov 20 12:56:20 UTC 2024 starting...
2025-01-29 18:39:04,761 INFO c.h.h.t.HelmChartContainer - [hivemq-test-hivemq-platform] [hivemq-platform-operator] [73d1d667] 18:39:04.759 [main] INFO  i.javaoperatorsdk.operator.Operator - Client version: 6.13.5
2025-01-29 18:39:04,761 INFO c.h.h.t.HelmChartContainer - [hivemq-test-hivemq-platform] [hivemq-platform-operator] [73d1d667] 18:39:04.760 [Controller Starter for: hivemq-controller] INFO  i.j.operator.processing.Controller - Starting 'hivemq-controller' controller for reconciler: com.hivemq.platform.operator.HiveMQPlatformReconciler, resource: com.hivemq.platform.operator.v1.HiveMQPlatform
2025-01-29 18:39:07,251 INFO c.h.h.t.HelmChartContainer - [hivemq-test-hivemq-platform] [hivemq-platform-operator] [73d1d667] 18:39:07.249 [Controller Starter for: hivemq-controller] INFO  i.j.operator.processing.Controller - 'hivemq-controller' controller started
2025-01-29 18:39:07,251 INFO c.h.h.t.HelmChartContainer - [hivemq-test-hivemq-platform] [hivemq-platform-operator] [73d1d667] 18:39:07.249 [main] INFO  c.h.p.o.HiveMQPlatformOperatorApplication - HiveMQ Platform Operator 1.7.0-SNAPSHOT started in 6707 ms
2025-01-29 18:39:08,460 INFO c.h.h.t.HelmChartContainer - [POD] hivemq-test-hivemq-platform-operator-6966f96d65-v2nws [73d1d667-0b30-450e-8a6d-ec95dde0fd1c] in helmcustomextensionit-operator was MODIFIED
2025-01-29 18:39:08,471 INFO c.h.h.t.HelmChartContainer - [K3S] [replica_set.go:679] "Finished syncing" kind="ReplicaSet" key="helmcustomextensionit-operator/hivemq-test-hivemq-platform-operator-6966f96d65" duration="12.693743ms"
2025-01-29 18:39:08,471 INFO c.h.h.t.HelmChartContainer - [K3S] [replica_set.go:679] "Finished syncing" kind="ReplicaSet" key="helmcustomextensionit-operator/hivemq-test-hivemq-platform-operator-6966f96d65" duration="40.605µs"
2025-01-29 18:39:09,082 DEBUG c.h.helmcharts.util.HiveMQExtension - Trying to package class 'org.slf4j.Logger' into extension 'hivemq-custom-test-extension'
2025-01-29 18:39:09,083 DEBUG c.h.helmcharts.util.HiveMQExtension - Trying to package class 'com.hivemq.extension.sdk.api.ExtensionMain' into extension 'hivemq-custom-test-extension'
2025-01-29 18:39:09,084 DEBUG c.h.helmcharts.util.HiveMQExtension - Trying to compile class '/home/runner/work/helm-charts/helm-charts/helm-charts/tests-hivemq-platform-operator/src/integrationTest/java/com/hivemq/helmcharts/extensions/custom/CustomTestExtensionMain.java' into extension 'hivemq-custom-test-extension'
2025-01-29 18:39:09,361 DEBUG c.h.helmcharts.util.HiveMQExtension - Trying to package class 'org.slf4j.LoggerFactory' into extension 'hivemq-custom-test-extension'
2025-01-29 18:39:09,389 INFO c.h.h.t.HelmChartContainer - [EVENT] Normal [ScalingReplicaSet] Scaled up replica set nginx-6bc4698784 from 0 to 1 [helmcustomextensionit:nginx]
2025-01-29 18:39:09,400 INFO c.h.h.t.HelmChartContainer - [K3S] [alloc.go:330] "allocated clusterIPs" service="helmcustomextensionit/nginx-service" clusterIPs={"IPv4":"10.43.50.199"}
2025-01-29 18:39:09,403 INFO c.h.h.t.HelmChartContainer - [POD] nginx-6bc4698784-pfv92 [1220ae2a-3fb8-41c3-9f06-c0de019bfed4] in helmcustomextensionit was ADDED
2025-01-29 18:39:09,405 INFO c.h.h.t.HelmChartContainer - [EVENT] Normal [SuccessfulCreate] Created pod: nginx-6bc4698784-pfv92 [helmcustomextensionit:nginx-6bc4698784]
2025-01-29 18:39:09,408 INFO c.h.h.t.HelmChartContainer - [POD] nginx-6bc4698784-pfv92 [1220ae2a-3fb8-41c3-9f06-c0de019bfed4] in helmcustomextensionit was MODIFIED
2025-01-29 18:39:09,413 INFO c.h.h.t.HelmChartContainer - [K3S] [endpointslice_controller.go:344] "Error syncing endpoint slices for service, retrying" key="helmcustomextensionit/nginx-service" err="EndpointSlice informer cache is out of date"
2025-01-29 18:39:09,413 INFO c.h.h.t.HelmChartContainer - [K3S] [replica_set.go:679] "Finished syncing" kind="ReplicaSet" key="helmcustomextensionit/nginx-6bc4698784" duration="26.171838ms"
2025-01-29 18:39:09,416 INFO c.h.h.t.HelmChartContainer - [EVENT] Normal [Scheduled] Successfully assigned helmcustomextensionit/nginx-6bc4698784-pfv92 to 90e6ebb001dc [helmcustomextensionit:nginx-6bc4698784-pfv92]
2025-01-29 18:39:09,427 INFO c.h.h.t.HelmChartContainer - [K3S] [replica_set.go:679] "Finished syncing" kind="ReplicaSet" key="helmcustomextensionit/nginx-6bc4698784" duration="12.664739ms"
2025-01-29 18:39:09,428 INFO c.h.h.t.HelmChartContainer - [K3S] [reconciler_common.go:251] "operationExecutor.VerifyControllerAttachedVolume started for volume \"volume-hivemq-custom-test-extension-100\" (UniqueName: \"kubernetes.io/host-path/1220ae2a-3fb8-41c3-9f06-c0de019bfed4-volume-hivemq-custom-test-extension-100\") pod \"nginx-6bc4698784-pfv92\" (UID: \"1220ae2a-3fb8-41c3-9f06-c0de019bfed4\") " pod="helmcustomextensionit/nginx-6bc4698784-pfv92"
2025-01-29 18:39:09,429 INFO c.h.h.t.HelmChartContainer - [EVENT] Warning [FailedToCreateEndpoint] Failed to create endpoint for service helmcustomextensionit/nginx-service: endpoints "nginx-service" already exists [null:nginx-service]
2025-01-29 18:39:09,429 INFO c.h.h.t.HelmChartContainer - [K3S] [reconciler_common.go:251] "operationExecutor.VerifyControllerAttachedVolume started for volume \"kube-api-access-2q5kx\" (UniqueName: \"kubernetes.io/projected/1220ae2a-3fb8-41c3-9f06-c0de019bfed4-kube-api-access-2q5kx\") pod \"nginx-6bc4698784-pfv92\" (UID: \"1220ae2a-3fb8-41c3-9f06-c0de019bfed4\") " pod="helmcustomextensionit/nginx-6bc4698784-pfv92"
2025-01-29 18:39:09,431 INFO c.h.h.t.HelmChartContainer - [POD] nginx-6bc4698784-pfv92 [1220ae2a-3fb8-41c3-9f06-c0de019bfed4] in helmcustomextensionit was MODIFIED
2025-01-29 18:39:09,439 INFO c.h.h.t.HelmChartContainer - [K3S] [replica_set.go:679] "Finished syncing" kind="ReplicaSet" key="helmcustomextensionit/nginx-6bc4698784" duration="14.2208ms"
2025-01-29 18:39:09,440 INFO c.h.h.t.HelmChartContainer - [K3S] [replica_set.go:679] "Finished syncing" kind="ReplicaSet" key="helmcustomextensionit/nginx-6bc4698784" duration="28.693µs"
2025-01-29 18:39:09,803 INFO c.h.h.t.HelmChartContainer - [EVENT] Normal [Pulled] Container image "nginx:1.27.3" already present on machine [helmcustomextensionit:nginx-6bc4698784-pfv92]
2025-01-29 18:39:09,803 INFO c.h.h.t.HelmChartContainer - Received Pulled event for container nginx in pod nginx-6bc4698784-pfv92 [1220ae2a-3fb8-41c3-9f06-c0de019bfed4]
2025-01-29 18:39:11,215 INFO c.h.h.t.HelmChartContainer - [EVENT] Normal [Created] Created container: nginx [helmcustomextensionit:nginx-6bc4698784-pfv92]
2025-01-29 18:39:11,216 INFO c.h.h.t.HelmChartContainer - Received Created event for container nginx in pod nginx-6bc4698784-pfv92 [1220ae2a-3fb8-41c3-9f06-c0de019bfed4]
2025-01-29 18:39:11,474 INFO c.h.h.t.HelmChartContainer - [POD] nginx-6bc4698784-pfv92 [1220ae2a-3fb8-41c3-9f06-c0de019bfed4] in helmcustomextensionit was MODIFIED
2025-01-29 18:39:11,482 INFO c.h.h.t.HelmChartContainer - [K3S] [replica_set.go:679] "Finished syncing" kind="ReplicaSet" key="helmcustomextensionit/nginx-6bc4698784" duration="8.942923ms"
2025-01-29 18:39:11,482 INFO c.h.h.t.HelmChartContainer - [K3S] [replica_set.go:679] "Finished syncing" kind="ReplicaSet" key="helmcustomextensionit/nginx-6bc4698784" duration="39.333µs"
2025-01-29 18:39:11,487 INFO c.h.h.t.HelmChartContainer - [EVENT] Normal [Started] Started container nginx [helmcustomextensionit:nginx-6bc4698784-pfv92]
2025-01-29 18:39:11,487 INFO c.h.h.t.HelmChartContainer - Received Started event for container nginx in pod nginx-6bc4698784-pfv92 [1220ae2a-3fb8-41c3-9f06-c0de019bfed4]
2025-01-29 18:39:11,487 INFO c.h.h.t.HelmChartContainer - Started log watcher for nginx in pod nginx-6bc4698784-pfv92 [1220ae2a-3fb8-41c3-9f06-c0de019bfed4]
2025-01-29 18:39:11,487 INFO c.h.h.t.HelmChartContainer - [nginx-6bc4698784-pfv] [nginx] [1220ae2a] /docker-entrypoint.sh: /docker-entrypoint.d/ is not empty, will attempt to perform configuration
2025-01-29 18:39:11,487 INFO c.h.h.t.HelmChartContainer - [nginx-6bc4698784-pfv] [nginx] [1220ae2a] /docker-entrypoint.sh: Looking for shell scripts in /docker-entrypoint.d/
2025-01-29 18:39:11,487 INFO c.h.h.t.HelmChartContainer - [nginx-6bc4698784-pfv] [nginx] [1220ae2a] /docker-entrypoint.sh: Launching /docker-entrypoint.d/10-listen-on-ipv6-by-default.sh
2025-01-29 18:39:11,487 INFO c.h.h.t.HelmChartContainer - [nginx-6bc4698784-pfv] [nginx] [1220ae2a] 10-listen-on-ipv6-by-default.sh: info: Getting the checksum of /etc/nginx/conf.d/default.conf
2025-01-29 18:39:11,487 INFO c.h.h.t.HelmChartContainer - [nginx-6bc4698784-pfv] [nginx] [1220ae2a] 10-listen-on-ipv6-by-default.sh: info: Enabled listen on IPv6 in /etc/nginx/conf.d/default.conf
2025-01-29 18:39:11,487 INFO c.h.h.t.HelmChartContainer - [nginx-6bc4698784-pfv] [nginx] [1220ae2a] /docker-entrypoint.sh: Sourcing /docker-entrypoint.d/15-local-resolvers.envsh
2025-01-29 18:39:11,487 INFO c.h.h.t.HelmChartContainer - [nginx-6bc4698784-pfv] [nginx] [1220ae2a] /docker-entrypoint.sh: Launching /docker-entrypoint.d/20-envsubst-on-templates.sh
2025-01-29 18:39:11,487 INFO c.h.h.t.HelmChartContainer - [nginx-6bc4698784-pfv] [nginx] [1220ae2a] /docker-entrypoint.sh: Launching /docker-entrypoint.d/30-tune-worker-processes.sh
2025-01-29 18:39:11,487 INFO c.h.h.t.HelmChartContainer - [nginx-6bc4698784-pfv] [nginx] [1220ae2a] /docker-entrypoint.sh: Configuration complete; ready for start up
2025-01-29 18:39:11,487 INFO c.h.h.t.HelmChartContainer - [nginx-6bc4698784-pfv] [nginx] [1220ae2a] 2025/01/29 18:39:11 [notice] 1#1: using the "epoll" event method
2025-01-29 18:39:11,487 INFO c.h.h.t.HelmChartContainer - [nginx-6bc4698784-pfv] [nginx] [1220ae2a] 2025/01/29 18:39:11 [notice] 1#1: nginx/1.27.3
2025-01-29 18:39:11,487 INFO c.h.h.t.HelmChartContainer - [nginx-6bc4698784-pfv] [nginx] [1220ae2a] 2025/01/29 18:39:11 [notice] 1#1: built by gcc 12.2.0 (Debian 12.2.0-14) 
2025-01-29 18:39:11,487 INFO c.h.h.t.HelmChartContainer - [nginx-6bc4698784-pfv] [nginx] [1220ae2a] 2025/01/29 18:39:11 [notice] 1#1: OS: Linux 6.8.0-1020-azure
2025-01-29 18:39:11,487 INFO c.h.h.t.HelmChartContainer - [nginx-6bc4698784-pfv] [nginx] [1220ae2a] 2025/01/29 18:39:11 [notice] 1#1: getrlimit(RLIMIT_NOFILE): 1048576:1048576
2025-01-29 18:39:11,487 INFO c.h.h.t.HelmChartContainer - [nginx-6bc4698784-pfv] [nginx] [1220ae2a] 2025/01/29 18:39:11 [notice] 1#1: start worker processes
2025-01-29 18:39:11,487 INFO c.h.h.t.HelmChartContainer - [nginx-6bc4698784-pfv] [nginx] [1220ae2a] 2025/01/29 18:39:11 [notice] 1#1: start worker process 29
2025-01-29 18:39:11,487 INFO c.h.h.t.HelmChartContainer - [nginx-6bc4698784-pfv] [nginx] [1220ae2a] 2025/01/29 18:39:11 [notice] 1#1: start worker process 30
2025-01-29 18:39:11,487 INFO c.h.h.t.HelmChartContainer - [nginx-6bc4698784-pfv] [nginx] [1220ae2a] 2025/01/29 18:39:11 [notice] 1#1: start worker process 31
2025-01-29 18:39:11,487 INFO c.h.h.t.HelmChartContainer - [nginx-6bc4698784-pfv] [nginx] [1220ae2a] 2025/01/29 18:39:11 [notice] 1#1: start worker process 32
2025-01-29 18:39:13,417 INFO c.h.h.testcontainer.LogWaiterUtil - TEST Waiting for log pattern on 'test-hivemq-platform-0': .*Extension "HiveMQ Custom Test Extension" version 1.0.0 started successfully.
2025-01-29 18:39:13,475 DEBUG c.h.h.t.HelmChartContainer - Executing helm command: /bin/helm --kubeconfig /etc/rancher/k3s/k3s.yaml install test-hivemq-platform /charts/hivemq-platform --wait --timeout 5m0s --set image.repository=docker.io/hivemq --set image.tag=4.36.0 --set image.pullPolicy=Never --set nodes.resources.cpu=512m -f /files/custom-extension-values.yaml --namespace helmcustomextensionit
2025-01-29 18:39:13,742 INFO c.h.h.t.HelmChartContainer - [hivemq-test-hivemq-platform] [hivemq-platform-operator] [73d1d667] 18:39:13.716 [-2082509879-pool-1-thread-2] WARN  i.m.p.PrometheusMeterRegistry - The meter (MeterId{name='operator.sdk.events.received', tags=[tag(action=ADDED),tag(event=ResourceEvent),tag(group=hivemq.com),tag(kind=HiveMQPlatform),tag(name=test-hivemq-platform),tag(namespace=helmcustomextensionit),tag(scope=namespace),tag(version=v1)]}) registration has failed: Prometheus requires that all meters with the same name have the same set of tag keys. There is already an existing meter named 'operator.sdk.events.received' containing tag keys [event, group, kind, name, namespace, scope, version]. The meter you are attempting to register has keys [action, event, group, kind, name, namespace, scope, version]. Note that subsequent logs will be logged at debug level.
2025-01-29 18:39:14,244 INFO c.h.h.t.HelmChartContainer - [hivemq-test-hivemq-platform] [hivemq-platform-operator] [73d1d667] 18:39:14.242 [pool-6-thread-3] DEBUG c.h.p.o.dependants.PodInfoConfigMap - [helmcust] Desired PodInfo ConfigMap (1 extensions) (1 enabled)
2025-01-29 18:39:14,244 INFO c.h.h.t.HelmChartContainer - [hivemq-test-hivemq-platform] [hivemq-platform-operator] [73d1d667] 18:39:14.243 [pool-6-thread-3] DEBUG c.h.p.o.dependants.PodInfoConfigMap - [helmcust] Desired PodInfo ConfigMap (metrics port: 9399) (metrics path: /)
2025-01-29 18:39:14,244 INFO c.h.h.t.HelmChartContainer - [hivemq-test-hivemq-platform] [hivemq-platform-operator] [73d1d667] 18:39:14.243 [pool-6-thread-3] DEBUG c.h.p.o.dependants.PodInfoConfigMap - [helmcust] Desired PodInfo ConfigMap (extension state hash: -2048767907)
2025-01-29 18:39:14,300 INFO c.h.h.t.HelmChartContainer - [hivemq-test-hivemq-platform] [hivemq-platform-operator] [73d1d667] 18:39:14.295 [pool-6-thread-3] DEBUG c.h.p.o.dependants.PodInfoConfigMap - [helmcust] Create PodInfo ConfigMap
2025-01-29 18:39:14,399 INFO c.h.h.t.HelmChartContainer - [hivemq-test-hivemq-platform] [hivemq-platform-operator] [73d1d667] 18:39:14.396 [pool-6-thread-5] DEBUG c.h.p.o.dependants.PodRoleResource - [helmcust] Create Role: Role(apiVersion=rbac.authorization.k8s.io/v1, kind=Role, metadata=ObjectMeta(annotations={meta.helm.sh/release-name=test-hivemq-platform, meta.helm.sh/release-namespace=helmcustomextensionit}, creationTimestamp=null, deletionGracePeriodSeconds=null, deletionTimestamp=null, finalizers=[], generateName=null, generation=null, labels={helm.sh/chart=hivemq-platform-0.2.32, app.kubernetes.io/managed-by=Helm, app.kubernetes.io/name=hivemq-platform, hivemq-platform=test-hivemq-platform, app.kubernetes.io/instance=test-hivemq-platform, app.kubernetes.io/version=4.36.0}, managedFields=[], name=hivemq-platform-role-test-hivemq-platform, namespace=helmcustomextensionit, ownerReferences=[OwnerReference(apiVersion=hivemq.com/v1, blockOwnerDeletion=null, controller=null, kind=HiveMQPlatform, name=test-hivemq-platform, uid=cf8e55e9-1cf2-4c3a-8c20-974b7222f43a, additionalProperties={})], resourceVersion=null, selfLink=null, uid=null, additionalProperties={}), rules=[PolicyRule(apiGroups=[], nonResourceURLs=[], resourceNames=[], resources=[pods], verbs=[get, patch, update], additionalProperties={})], additionalProperties={})
2025-01-29 18:39:14,505 INFO c.h.h.t.HelmChartContainer - [hivemq-test-hivemq-platform] [hivemq-platform-operator] [73d1d667] 18:39:14.502 [pool-6-thread-7] DEBUG c.h.p.o.d.PodServiceAccountResource - [helmcust] Desired PodServiceAccountResource (serviceAccountName: hivemq-platform-pod-test-hivemq-platform)
2025-01-29 18:39:14,505 INFO c.h.h.t.HelmChartContainer - [hivemq-test-hivemq-platform] [hivemq-platform-operator] [73d1d667] 18:39:14.503 [pool-6-thread-7] DEBUG c.h.p.o.d.PodServiceAccountResource - [helmcust] Create ServiceAccount 'hivemq-platform-pod-test-hivemq-platform'
2025-01-29 18:39:14,700 INFO c.h.h.t.HelmChartContainer - [hivemq-test-hivemq-platform] [hivemq-platform-operator] [73d1d667] 18:39:14.699 [pool-6-thread-10] DEBUG c.h.p.o.d.PodRoleBindingResource - [helmcust] Create RoleBinding: RoleBinding(apiVersion=rbac.authorization.k8s.io/v1, kind=RoleBinding, metadata=ObjectMeta(annotations={meta.helm.sh/release-name=test-hivemq-platform, meta.helm.sh/release-namespace=helmcustomextensionit}, creationTimestamp=null, deletionGracePeriodSeconds=null, deletionTimestamp=null, finalizers=[], generateName=null, generation=null, labels={helm.sh/chart=hivemq-platform-0.2.32, app.kubernetes.io/managed-by=Helm, app.kubernetes.io/name=hivemq-platform, hivemq-platform=test-hivemq-platform, app.kubernetes.io/instance=test-hivemq-platform, app.kubernetes.io/version=4.36.0}, managedFields=[], name=hivemq-platform-role-binding-test-hivemq-platform, namespace=helmcustomextensionit, ownerReferences=[OwnerReference(apiVersion=hivemq.com/v1, blockOwnerDeletion=null, controller=null, kind=HiveMQPlatform, name=test-hivemq-platform, uid=cf8e55e9-1cf2-4c3a-8c20-974b7222f43a, additionalProperties={})], resourceVersion=null, selfLink=null, uid=null, additionalProperties={}), roleRef=RoleRef(apiGroup=rbac.authorization.k8s.io, kind=Role, name=hivemq-platform-role-test-hivemq-platform, additionalProperties={}), subjects=[Subject(apiGroup=null, kind=ServiceAccount, name=hivemq-platform-pod-test-hivemq-platform, namespace=helmcustomextensionit, additionalProperties={})], additionalProperties={})
2025-01-29 18:39:14,794 INFO c.h.h.t.HelmChartContainer - [hivemq-test-hivemq-platform] [hivemq-platform-operator] [73d1d667] 18:39:14.743 [ReconcilerExecutor-hivemq-controller-54] INFO  c.h.p.o.HiveMQPlatformReconciler - [helmcust] Reconciling HiveMQ Platform 'test-hivemq-platform' in namespace 'helmcustomextensionit'
2025-01-29 18:39:14,795 INFO c.h.h.t.HelmChartContainer - [hivemq-test-hivemq-platform] [hivemq-platform-operator] [73d1d667] 18:39:14.794 [ReconcilerExecutor-hivemq-controller-54] DEBUG c.h.p.o.HiveMQPlatformReconciler - [helmcust] Custom Resource Status CREATED - HiveMQ Platform was created (READY)
2025-01-29 18:39:14,795 INFO c.h.h.t.HelmChartContainer - [hivemq-test-hivemq-platform] [hivemq-platform-operator] [73d1d667] 18:39:14.794 [ReconcilerExecutor-hivemq-controller-54] DEBUG c.h.p.o.HiveMQPlatformReconciler - [helmcust] Custom Resource Spec (replicas: 1) (extensions: 1)
2025-01-29 18:39:14,799 INFO c.h.h.t.HelmChartContainer - [hivemq-test-hivemq-platform] [hivemq-platform-operator] [73d1d667] 18:39:14.798 [ReconcilerExecutor-hivemq-controller-54] INFO  c.h.p.o.h.HiveMQPlatformReconcilerBaseHandler - [helmcust] HiveMQ Platform is starting
2025-01-29 18:39:14,909 INFO c.h.h.t.HelmChartContainer - [hivemq-test-hivemq-platform] [hivemq-platform-operator] [73d1d667] 18:39:14.908 [ReconcilerExecutor-hivemq-controller-54] DEBUG c.h.p.operator.event.EventSender - [helmcust] Creating K8s event hivemq-platform-starting: [Start] HiveMQ Platform is starting
2025-01-29 18:39:14,918 INFO c.h.h.t.HelmChartContainer - [EVENT] Normal [Start] HiveMQ Platform is starting [helmcustomextensionit:test-hivemq-platform]
2025-01-29 18:39:14,997 INFO c.h.h.t.HelmChartContainer - [hivemq-test-hivemq-platform] [hivemq-platform-operator] [73d1d667] 18:39:14.996 [ReconcilerExecutor-hivemq-controller-54] INFO  c.h.p.o.h.AbstractHiveMQReconcilerStateHandler - [helmcust] Update HiveMQ Platform Status (CREATED [READY] -> STARTING [READY]): HiveMQ Platform is starting
2025-01-29 18:39:15,010 DEBUG com.hivemq.helmcharts.util.K8sUtil - Comparing actual state 'STARTING' and waiting for 'RUNNING'
2025-01-29 18:39:25,105 INFO c.h.h.t.HelmChartContainer - [hivemq-test-hivemq-platform] [hivemq-platform-operator] [73d1d667] 18:39:25.101 [pool-6-thread-12] DEBUG c.h.p.o.d.PlatformServiceResource - [helmcust] Desired Platform services (3 services)
2025-01-29 18:39:25,106 INFO c.h.h.t.HelmChartContainer - [hivemq-test-hivemq-platform] [hivemq-platform-operator] [73d1d667] 18:39:25.103 [pool-6-thread-13] DEBUG c.h.p.o.dependants.PodInfoConfigMap - [helmcust] Desired PodInfo ConfigMap (1 extensions) (1 enabled)
2025-01-29 18:39:25,106 INFO c.h.h.t.HelmChartContainer - [hivemq-test-hivemq-platform] [hivemq-platform-operator] [73d1d667] 18:39:25.103 [pool-6-thread-13] DEBUG c.h.p.o.dependants.PodInfoConfigMap - [helmcust] Desired PodInfo ConfigMap (metrics port: 9399) (metrics path: /)
2025-01-29 18:39:25,106 INFO c.h.h.t.HelmChartContainer - [hivemq-test-hivemq-platform] [hivemq-platform-operator] [73d1d667] 18:39:25.103 [pool-6-thread-13] DEBUG c.h.p.o.dependants.PodInfoConfigMap - [helmcust] Desired PodInfo ConfigMap (extension state hash: -2048767907)
2025-01-29 18:39:25,108 INFO c.h.h.t.HelmChartContainer - [hivemq-test-hivemq-platform] [hivemq-platform-operator] [73d1d667] 18:39:25.108 [pool-6-thread-17] DEBUG c.h.p.o.d.PodServiceAccountResource - [helmcust] Desired PodServiceAccountResource (serviceAccountName: hivemq-platform-pod-test-hivemq-platform)
2025-01-29 18:39:25,112 INFO c.h.h.t.HelmChartContainer - [hivemq-test-hivemq-platform] [hivemq-platform-operator] [73d1d667] 18:39:25.110 [pool-6-thread-13] DEBUG c.h.p.o.dependants.PodInfoConfigMap - [helmcust] Update PodInfo ConfigMap
2025-01-29 18:39:25,207 INFO c.h.h.t.HelmChartContainer - [K3S] [alloc.go:330] "allocated clusterIPs" service="helmcustomextensionit/hivemq-test-hivemq-platform-cc-8080" clusterIPs={"IPv4":"10.43.100.124"}
2025-01-29 18:39:25,225 INFO c.h.h.t.HelmChartContainer - [K3S] [alloc.go:330] "allocated clusterIPs" service="helmcustomextensionit/hivemq-test-hivemq-platform-mqtt-1883" clusterIPs={"IPv4":"10.43.200.114"}
2025-01-29 18:39:25,303 INFO c.h.h.t.HelmChartContainer - [K3S] [alloc.go:330] "allocated clusterIPs" service="helmcustomextensionit/hivemq-test-hivemq-platform-metrics-9399" clusterIPs={"IPv4":"10.43.7.171"}
2025-01-29 18:39:25,314 INFO c.h.h.t.HelmChartContainer - [hivemq-test-hivemq-platform] [hivemq-platform-operator] [73d1d667] 18:39:25.308 [pool-6-thread-20] DEBUG c.h.p.o.d.StatefulSetResource - [helmcust] Desired StatefulSet (1 replicas) for status STARTING (READY)
2025-01-29 18:39:25,407 INFO c.h.h.t.HelmChartContainer - [hivemq-test-hivemq-platform] [hivemq-platform-operator] [73d1d667] 18:39:25.406 [pool-6-thread-20] DEBUG c.h.p.o.d.StatefulSetResource - [helmcust] Create StatefulSet
2025-01-29 18:39:25,513 INFO c.h.h.t.HelmChartContainer - [hivemq-test-hivemq-platform] [hivemq-platform-operator] [73d1d667] 18:39:25.510 [ReconcilerExecutor-hivemq-controller-65] INFO  c.h.p.o.HiveMQPlatformReconciler - [helmcust] Reconciling HiveMQ Platform 'test-hivemq-platform' in namespace 'helmcustomextensionit'
2025-01-29 18:39:25,514 INFO c.h.h.t.HelmChartContainer - [hivemq-test-hivemq-platform] [hivemq-platform-operator] [73d1d667] 18:39:25.510 [ReconcilerExecutor-hivemq-controller-65] DEBUG c.h.p.o.HiveMQPlatformReconciler - [helmcust] Custom Resource Status STARTING - HiveMQ Platform is starting (READY)
2025-01-29 18:39:25,514 INFO c.h.h.t.HelmChartContainer - [hivemq-test-hivemq-platform] [hivemq-platform-operator] [73d1d667] 18:39:25.510 [ReconcilerExecutor-hivemq-controller-65] DEBUG c.h.p.o.HiveMQPlatformReconciler - [helmcust] Custom Resource Spec (replicas: 1) (extensions: 1)
2025-01-29 18:39:25,516 INFO c.h.h.t.HelmChartContainer - [POD] test-hivemq-platform-0 [ac0fd26b-53df-4fa6-84a3-1f6911a8ce67] in helmcustomextensionit was ADDED
2025-01-29 18:39:25,519 INFO c.h.h.t.HelmChartContainer - [EVENT] Normal [SuccessfulCreate] create Pod test-hivemq-platform-0 in StatefulSet test-hivemq-platform successful [helmcustomextensionit:test-hivemq-platform]
2025-01-29 18:39:25,524 INFO c.h.h.t.HelmChartContainer - [POD] test-hivemq-platform-0 [ac0fd26b-53df-4fa6-84a3-1f6911a8ce67] in helmcustomextensionit was MODIFIED
2025-01-29 18:39:25,524 INFO c.h.h.t.HelmChartContainer - [EVENT] Normal [Scheduled] Successfully assigned helmcustomextensionit/test-hivemq-platform-0 to 90e6ebb001dc [helmcustomextensionit:test-hivemq-platform-0]
2025-01-29 18:39:25,535 INFO c.h.h.t.HelmChartContainer - [POD] test-hivemq-platform-0 [ac0fd26b-53df-4fa6-84a3-1f6911a8ce67] in helmcustomextensionit was MODIFIED
2025-01-29 18:39:25,598 INFO c.h.h.t.HelmChartContainer - [hivemq-test-hivemq-platform] [hivemq-platform-operator] [73d1d667] 18:39:25.595 [ReconcilerExecutor-hivemq-controller-65] DEBUG c.h.p.o.HiveMQPlatformReconciler - [helmcust] StatefulSet Status (revision: null, replicas: 0, available: 0, ready: 0, current: 0, updated: 0)
2025-01-29 18:39:25,598 INFO c.h.h.t.HelmChartContainer - [hivemq-test-hivemq-platform] [hivemq-platform-operator] [73d1d667] 18:39:25.595 [ReconcilerExecutor-hivemq-controller-65] DEBUG c.h.p.o.HiveMQPlatformReconciler - [helmcust] StatefulSet Spec (replicas: 1, init containers: 1, containers: 1, volumes: 3)
2025-01-29 18:39:25,622 INFO c.h.h.t.HelmChartContainer - [K3S] [reconciler_common.go:251] "operationExecutor.VerifyControllerAttachedVolume started for volume \"broker-configuration\" (UniqueName: \"kubernetes.io/configmap/ac0fd26b-53df-4fa6-84a3-1f6911a8ce67-broker-configuration\") pod \"test-hivemq-platform-0\" (UID: \"ac0fd26b-53df-4fa6-84a3-1f6911a8ce67\") " pod="helmcustomextensionit/test-hivemq-platform-0"
2025-01-29 18:39:25,622 INFO c.h.h.t.HelmChartContainer - [K3S] [reconciler_common.go:251] "operationExecutor.VerifyControllerAttachedVolume started for volume \"operator-init\" (UniqueName: \"kubernetes.io/empty-dir/ac0fd26b-53df-4fa6-84a3-1f6911a8ce67-operator-init\") pod \"test-hivemq-platform-0\" (UID: \"ac0fd26b-53df-4fa6-84a3-1f6911a8ce67\") " pod="helmcustomextensionit/test-hivemq-platform-0"
2025-01-29 18:39:25,622 INFO c.h.h.t.HelmChartContainer - [K3S] [reconciler_common.go:251] "operationExecutor.VerifyControllerAttachedVolume started for volume \"kube-api-access-dxhhk\" (UniqueName: \"kubernetes.io/projected/ac0fd26b-53df-4fa6-84a3-1f6911a8ce67-kube-api-access-dxhhk\") pod \"test-hivemq-platform-0\" (UID: \"ac0fd26b-53df-4fa6-84a3-1f6911a8ce67\") " pod="helmcustomextensionit/test-hivemq-platform-0"
2025-01-29 18:39:25,622 INFO c.h.h.t.HelmChartContainer - [K3S] [reconciler_common.go:251] "operationExecutor.VerifyControllerAttachedVolume started for volume \"pod-info\" (UniqueName: \"kubernetes.io/configmap/ac0fd26b-53df-4fa6-84a3-1f6911a8ce67-pod-info\") pod \"test-hivemq-platform-0\" (UID: \"ac0fd26b-53df-4fa6-84a3-1f6911a8ce67\") " pod="helmcustomextensionit/test-hivemq-platform-0"
2025-01-29 18:39:25,695 INFO c.h.h.t.HelmChartContainer - [hivemq-test-hivemq-platform] [hivemq-platform-operator] [73d1d667] 18:39:25.694 [ReconcilerExecutor-hivemq-controller-65] DEBUG c.h.p.o.h.HiveMQPlatformReconcilerErrorHandler - [helmcust] Pod 'test-hivemq-platform-0' phase Pending
2025-01-29 18:39:25,697 INFO c.h.h.t.HelmChartContainer - [hivemq-test-hivemq-platform] [hivemq-platform-operator] [73d1d667] 18:39:25.696 [ReconcilerExecutor-hivemq-controller-65] INFO  c.h.p.o.h.HiveMQPlatformReconcilerBaseHandler - [helmcust] HiveMQ Platform is starting, 0 of 1 replicas are ready
2025-01-29 18:39:25,705 INFO c.h.h.t.HelmChartContainer - [hivemq-test-hivemq-platform] [hivemq-platform-operator] [73d1d667] 18:39:25.701 [pool-6-thread-22] DEBUG c.h.p.o.d.PlatformServiceResource - [helmcust] Desired Platform services (3 services)
2025-01-29 18:39:25,705 INFO c.h.h.t.HelmChartContainer - [hivemq-test-hivemq-platform] [hivemq-platform-operator] [73d1d667] 18:39:25.702 [pool-6-thread-23] DEBUG c.h.p.o.dependants.PodInfoConfigMap - [helmcust] Desired PodInfo ConfigMap (1 extensions) (1 enabled)
2025-01-29 18:39:25,705 INFO c.h.h.t.HelmChartContainer - [hivemq-test-hivemq-platform] [hivemq-platform-operator] [73d1d667] 18:39:25.703 [pool-6-thread-23] DEBUG c.h.p.o.dependants.PodInfoConfigMap - [helmcust] Desired PodInfo ConfigMap (metrics port: 9399) (metrics path: /)
2025-01-29 18:39:25,705 INFO c.h.h.t.HelmChartContainer - [hivemq-test-hivemq-platform] [hivemq-platform-operator] [73d1d667] 18:39:25.703 [pool-6-thread-23] DEBUG c.h.p.o.dependants.PodInfoConfigMap - [helmcust] Desired PodInfo ConfigMap (extension state hash: -2048767907)
2025-01-29 18:39:25,709 INFO c.h.h.t.HelmChartContainer - [hivemq-test-hivemq-platform] [hivemq-platform-operator] [73d1d667] 18:39:25.707 [pool-6-thread-27] DEBUG c.h.p.o.d.PodServiceAccountResource - [helmcust] Desired PodServiceAccountResource (serviceAccountName: hivemq-platform-pod-test-hivemq-platform)
2025-01-29 18:39:25,801 INFO c.h.h.t.HelmChartContainer - [hivemq-test-hivemq-platform] [hivemq-platform-operator] [73d1d667] 18:39:25.800 [pool-6-thread-30] DEBUG c.h.p.o.d.StatefulSetResource - [helmcust] Desired StatefulSet (1 replicas) for status STARTING (READY)
2025-01-29 18:39:25,806 INFO c.h.h.t.HelmChartContainer - [hivemq-test-hivemq-platform] [hivemq-platform-operator] [73d1d667] 18:39:25.805 [ReconcilerExecutor-hivemq-controller-76] INFO  c.h.p.o.HiveMQPlatformReconciler - [helmcust] Reconciling HiveMQ Platform 'test-hivemq-platform' in namespace 'helmcustomextensionit'
2025-01-29 18:39:25,806 INFO c.h.h.t.HelmChartContainer - [hivemq-test-hivemq-platform] [hivemq-platform-operator] [73d1d667] 18:39:25.805 [ReconcilerExecutor-hivemq-controller-76] DEBUG c.h.p.o.HiveMQPlatformReconciler - [helmcust] Custom Resource Status STARTING - HiveMQ Platform is starting (READY)
2025-01-29 18:39:25,806 INFO c.h.h.t.HelmChartContainer - [hivemq-test-hivemq-platform] [hivemq-platform-operator] [73d1d667] 18:39:25.805 [ReconcilerExecutor-hivemq-controller-76] DEBUG c.h.p.o.HiveMQPlatformReconciler - [helmcust] Custom Resource Spec (replicas: 1) (extensions: 1)
2025-01-29 18:39:25,809 INFO c.h.h.t.HelmChartContainer - [hivemq-test-hivemq-platform] [hivemq-platform-operator] [73d1d667] 18:39:25.808 [ReconcilerExecutor-hivemq-controller-76] DEBUG c.h.p.o.HiveMQPlatformReconciler - [helmcust] StatefulSet Status (revision: test-hivemq-platform-796ccc778, replicas: 1, available: 0, ready: 0, current: 1, updated: 1)
2025-01-29 18:39:25,810 INFO c.h.h.t.HelmChartContainer - [hivemq-test-hivemq-platform] [hivemq-platform-operator] [73d1d667] 18:39:25.808 [ReconcilerExecutor-hivemq-controller-76] DEBUG c.h.p.o.HiveMQPlatformReconciler - [helmcust] StatefulSet Spec (replicas: 1, init containers: 1, containers: 1, volumes: 3)
2025-01-29 18:39:25,900 INFO c.h.h.t.HelmChartContainer - [hivemq-test-hivemq-platform] [hivemq-platform-operator] [73d1d667] 18:39:25.897 [ReconcilerExecutor-hivemq-controller-76] DEBUG c.h.p.o.h.HiveMQPlatformReconcilerErrorHandler - [helmcust] Pod 'test-hivemq-platform-0' phase Pending
2025-01-29 18:39:25,900 INFO c.h.h.t.HelmChartContainer - [hivemq-test-hivemq-platform] [hivemq-platform-operator] [73d1d667] 18:39:25.898 [ReconcilerExecutor-hivemq-controller-76] DEBUG c.h.p.o.h.HiveMQPlatformReconcilerErrorHandler - [helmcust] Pod 'test-hivemq-platform-0' condition 'PodReadyToStartContainers': False
2025-01-29 18:39:25,900 INFO c.h.h.t.HelmChartContainer - [hivemq-test-hivemq-platform] [hivemq-platform-operator] [73d1d667] 18:39:25.898 [ReconcilerExecutor-hivemq-controller-76] DEBUG c.h.p.o.h.HiveMQPlatformReconcilerErrorHandler - [helmcust] Pod 'test-hivemq-platform-0' condition 'Initialized': False
2025-01-29 18:39:25,900 INFO c.h.h.t.HelmChartContainer - [hivemq-test-hivemq-platform] [hivemq-platform-operator] [73d1d667] 18:39:25.898 [ReconcilerExecutor-hivemq-controller-76] DEBUG c.h.p.o.h.HiveMQPlatformReconcilerErrorHandler - [helmcust] Pod 'test-hivemq-platform-0' condition 'Ready': False
2025-01-29 18:39:25,900 INFO c.h.h.t.HelmChartContainer - [hivemq-test-hivemq-platform] [hivemq-platform-operator] [73d1d667] 18:39:25.898 [ReconcilerExecutor-hivemq-controller-76] DEBUG c.h.p.o.h.HiveMQPlatformReconcilerErrorHandler - [helmcust] Pod 'test-hivemq-platform-0' condition 'ContainersReady': False
2025-01-29 18:39:25,900 INFO c.h.h.t.HelmChartContainer - [hivemq-test-hivemq-platform] [hivemq-platform-operator] [73d1d667] 18:39:25.898 [ReconcilerExecutor-hivemq-controller-76] DEBUG c.h.p.o.h.HiveMQPlatformReconcilerErrorHandler - [helmcust] Pod 'test-hivemq-platform-0' condition 'PodScheduled': True
2025-01-29 18:39:25,900 INFO c.h.h.t.HelmChartContainer - [hivemq-test-hivemq-platform] [hivemq-platform-operator] [73d1d667] 18:39:25.899 [ReconcilerExecutor-hivemq-controller-76] DEBUG c.h.p.o.h.HiveMQPlatformReconcilerErrorHandler - [helmcust] Pod 'test-hivemq-platform-0' containerStatus 'hivemq' (started: false) (ready: false) (waiting: [PodInitializing] null)
2025-01-29 18:39:25,903 INFO c.h.h.t.HelmChartContainer - [hivemq-test-hivemq-platform] [hivemq-platform-operator] [73d1d667] 18:39:25.901 [ReconcilerExecutor-hivemq-controller-76] INFO  c.h.p.o.h.HiveMQPlatformReconcilerBaseHandler - [helmcust] HiveMQ Platform is starting, 0 of 1 replicas are ready
2025-01-29 18:39:25,918 INFO c.h.h.t.HelmChartContainer - [EVENT] Normal [Pulled] Container image "docker.io/hivemq/hivemq-platform-operator-init-test:snapshot" already present on machine [helmcustomextensionit:test-hivemq-platform-0]
2025-01-29 18:39:26,061 INFO c.h.h.t.HelmChartContainer - [EVENT] Normal [Created] Created container: hivemq-platform-operator-init [helmcustomextensionit:test-hivemq-platform-0]
2025-01-29 18:39:26,101 INFO c.h.h.t.HelmChartContainer - [EVENT] Normal [Started] Started container hivemq-platform-operator-init [helmcustomextensionit:test-hivemq-platform-0]
2025-01-29 18:39:26,499 INFO c.h.h.t.HelmChartContainer - [POD] test-hivemq-platform-0 [ac0fd26b-53df-4fa6-84a3-1f6911a8ce67] in helmcustomextensionit was MODIFIED
2025-01-29 18:39:26,513 INFO c.h.h.t.HelmChartContainer - [hivemq-test-hivemq-platform] [hivemq-platform-operator] [73d1d667] 18:39:26.507 [pool-6-thread-32] DEBUG c.h.p.o.d.PlatformServiceResource - [helmcust] Desired Platform services (3 services)
2025-01-29 18:39:26,516 INFO c.h.h.t.HelmChartContainer - [hivemq-test-hivemq-platform] [hivemq-platform-operator] [73d1d667] 18:39:26.514 [pool-6-thread-33] DEBUG c.h.p.o.dependants.PodInfoConfigMap - [helmcust] Desired PodInfo ConfigMap (1 extensions) (1 enabled)
2025-01-29 18:39:26,516 INFO c.h.h.t.HelmChartContainer - [hivemq-test-hivemq-platform] [hivemq-platform-operator] [73d1d667] 18:39:26.515 [pool-6-thread-33] DEBUG c.h.p.o.dependants.PodInfoConfigMap - [helmcust] Desired PodInfo ConfigMap (metrics port: 9399) (metrics path: /)
2025-01-29 18:39:26,516 INFO c.h.h.t.HelmChartContainer - [hivemq-test-hivemq-platform] [hivemq-platform-operator] [73d1d667] 18:39:26.515 [pool-6-thread-33] DEBUG c.h.p.o.dependants.PodInfoConfigMap - [helmcust] Desired PodInfo ConfigMap (extension state hash: -2048767907)
2025-01-29 18:39:26,522 INFO c.h.h.t.HelmChartContainer - [hivemq-test-hivemq-platform] [hivemq-platform-operator] [73d1d667] 18:39:26.519 [pool-6-thread-37] DEBUG c.h.p.o.d.PodServiceAccountResource - [helmcust] Desired PodServiceAccountResource (serviceAccountName: hivemq-platform-pod-test-hivemq-platform)
2025-01-29 18:39:26,530 INFO c.h.h.t.HelmChartContainer - [hivemq-test-hivemq-platform] [hivemq-platform-operator] [73d1d667] 18:39:26.529 [pool-6-thread-40] DEBUG c.h.p.o.d.StatefulSetResource - [helmcust] Desired StatefulSet (1 replicas) for status STARTING (READY)
2025-01-29 18:39:26,598 INFO c.h.h.t.HelmChartContainer - [hivemq-test-hivemq-platform] [hivemq-platform-operator] [73d1d667] 18:39:26.597 [ReconcilerExecutor-hivemq-controller-87] INFO  c.h.p.o.HiveMQPlatformReconciler - [helmcust] Reconciling HiveMQ Platform 'test-hivemq-platform' in namespace 'helmcustomextensionit'
2025-01-29 18:39:26,599 INFO c.h.h.t.HelmChartContainer - [hivemq-test-hivemq-platform] [hivemq-platform-operator] [73d1d667] 18:39:26.597 [ReconcilerExecutor-hivemq-controller-87] DEBUG c.h.p.o.HiveMQPlatformReconciler - [helmcust] Custom Resource Status STARTING - HiveMQ Platform is starting (READY)
2025-01-29 18:39:26,599 INFO c.h.h.t.HelmChartContainer - [hivemq-test-hivemq-platform] [hivemq-platform-operator] [73d1d667] 18:39:26.598 [ReconcilerExecutor-hivemq-controller-87] DEBUG c.h.p.o.HiveMQPlatformReconciler - [helmcust] Custom Resource Spec (replicas: 1) (extensions: 1)
2025-01-29 18:39:26,604 INFO c.h.h.t.HelmChartContainer - [hivemq-test-hivemq-platform] [hivemq-platform-operator] [73d1d667] 18:39:26.601 [ReconcilerExecutor-hivemq-controller-87] DEBUG c.h.p.o.HiveMQPlatformReconciler - [helmcust] StatefulSet Status (revision: test-hivemq-platform-796ccc778, replicas: 1, available: 0, ready: 0, current: 1, updated: 1)
2025-01-29 18:39:26,605 INFO c.h.h.t.HelmChartContainer - [hivemq-test-hivemq-platform] [hivemq-platform-operator] [73d1d667] 18:39:26.601 [ReconcilerExecutor-hivemq-controller-87] DEBUG c.h.p.o.HiveMQPlatformReconciler - [helmcust] StatefulSet Spec (replicas: 1, init containers: 1, containers: 1, volumes: 3)
2025-01-29 18:39:26,607 INFO c.h.h.t.HelmChartContainer - [hivemq-test-hivemq-platform] [hivemq-platform-operator] [73d1d667] 18:39:26.605 [ReconcilerExecutor-hivemq-controller-87] DEBUG c.h.p.o.h.HiveMQPlatformReconcilerErrorHandler - [helmcust] Pod 'test-hivemq-platform-0' phase Pending
2025-01-29 18:39:26,607 INFO c.h.h.t.HelmChartContainer - [hivemq-test-hivemq-platform] [hivemq-platform-operator] [73d1d667] 18:39:26.606 [ReconcilerExecutor-hivemq-controller-87] DEBUG c.h.p.o.h.HiveMQPlatformReconcilerErrorHandler - [helmcust] Pod 'test-hivemq-platform-0' condition 'PodReadyToStartContainers': True
2025-01-29 18:39:26,608 INFO c.h.h.t.HelmChartContainer - [hivemq-test-hivemq-platform] [hivemq-platform-operator] [73d1d667] 18:39:26.606 [ReconcilerExecutor-hivemq-controller-87] DEBUG c.h.p.o.h.HiveMQPlatformReconcilerErrorHandler - [helmcust] Pod 'test-hivemq-platform-0' condition 'Initialized': False
2025-01-29 18:39:26,608 INFO c.h.h.t.HelmChartContainer - [hivemq-test-hivemq-platform] [hivemq-platform-operator] [73d1d667] 18:39:26.606 [ReconcilerExecutor-hivemq-controller-87] DEBUG c.h.p.o.h.HiveMQPlatformReconcilerErrorHandler - [helmcust] Pod 'test-hivemq-platform-0' condition 'Ready': False
2025-01-29 18:39:26,608 INFO c.h.h.t.HelmChartContainer - [hivemq-test-hivemq-platform] [hivemq-platform-operator] [73d1d667] 18:39:26.606 [ReconcilerExecutor-hivemq-controller-87] DEBUG c.h.p.o.h.HiveMQPlatformReconcilerErrorHandler - [helmcust] Pod 'test-hivemq-platform-0' condition 'ContainersReady': False
2025-01-29 18:39:26,609 INFO c.h.h.t.HelmChartContainer - [hivemq-test-hivemq-platform] [hivemq-platform-operator] [73d1d667] 18:39:26.606 [ReconcilerExecutor-hivemq-controller-87] DEBUG c.h.p.o.h.HiveMQPlatformReconcilerErrorHandler - [helmcust] Pod 'test-hivemq-platform-0' condition 'PodScheduled': True
2025-01-29 18:39:26,609 INFO c.h.h.t.HelmChartContainer - [hivemq-test-hivemq-platform] [hivemq-platform-operator] [73d1d667] 18:39:26.606 [ReconcilerExecutor-hivemq-controller-87] DEBUG c.h.p.o.h.HiveMQPlatformReconcilerErrorHandler - [helmcust] Pod 'test-hivemq-platform-0' containerStatus 'hivemq' (started: false) (ready: false) (waiting: [PodInitializing] null)
2025-01-29 18:39:26,610 INFO c.h.h.t.HelmChartContainer - [hivemq-test-hivemq-platform] [hivemq-platform-operator] [73d1d667] 18:39:26.609 [ReconcilerExecutor-hivemq-controller-87] INFO  c.h.p.o.h.HiveMQPlatformReconcilerBaseHandler - [helmcust] HiveMQ Platform is starting, 0 of 1 replicas are ready
2025-01-29 18:39:27,493 INFO c.h.h.t.HelmChartContainer - [EVENT] Normal [Pulled] Container image "docker.io/hivemq/hivemq4:4.36.0" already present on machine [helmcustomextensionit:test-hivemq-platform-0]
2025-01-29 18:39:27,493 INFO c.h.h.t.HelmChartContainer - Received Pulled event for container hivemq in pod test-hivemq-platform-0 [ac0fd26b-53df-4fa6-84a3-1f6911a8ce67]
2025-01-29 18:39:27,501 INFO c.h.h.t.HelmChartContainer - [POD] test-hivemq-platform-0 [ac0fd26b-53df-4fa6-84a3-1f6911a8ce67] in helmcustomextensionit was MODIFIED
2025-01-29 18:39:27,510 INFO c.h.h.t.HelmChartContainer - [hivemq-test-hivemq-platform] [hivemq-platform-operator] [73d1d667] 18:39:27.509 [pool-6-thread-42] DEBUG c.h.p.o.d.PlatformServiceResource - [helmcust] Desired Platform services (3 services)
2025-01-29 18:39:27,513 INFO c.h.h.t.HelmChartContainer - [hivemq-test-hivemq-platform] [hivemq-platform-operator] [73d1d667] 18:39:27.512 [pool-6-thread-43] DEBUG c.h.p.o.dependants.PodInfoConfigMap - [helmcust] Desired PodInfo ConfigMap (1 extensions) (1 enabled)
2025-01-29 18:39:27,514 INFO c.h.h.t.HelmChartContainer - [hivemq-test-hivemq-platform] [hivemq-platform-operator] [73d1d667] 18:39:27.512 [pool-6-thread-43] DEBUG c.h.p.o.dependants.PodInfoConfigMap - [helmcust] Desired PodInfo ConfigMap (metrics port: 9399) (metrics path: /)
2025-01-29 18:39:27,514 INFO c.h.h.t.HelmChartContainer - [hivemq-test-hivemq-platform] [hivemq-platform-operator] [73d1d667] 18:39:27.513 [pool-6-thread-43] DEBUG c.h.p.o.dependants.PodInfoConfigMap - [helmcust] Desired PodInfo ConfigMap (extension state hash: -2048767907)
2025-01-29 18:39:27,522 INFO c.h.h.t.HelmChartContainer - [hivemq-test-hivemq-platform] [hivemq-platform-operator] [73d1d667] 18:39:27.521 [pool-6-thread-47] DEBUG c.h.p.o.d.PodServiceAccountResource - [helmcust] Desired PodServiceAccountResource (serviceAccountName: hivemq-platform-pod-test-hivemq-platform)
2025-01-29 18:39:27,599 INFO c.h.h.t.HelmChartContainer - [hivemq-test-hivemq-platform] [hivemq-platform-operator] [73d1d667] 18:39:27.598 [pool-6-thread-50] DEBUG c.h.p.o.d.StatefulSetResource - [helmcust] Desired StatefulSet (1 replicas) for status STARTING (READY)
2025-01-29 18:39:27,608 INFO c.h.h.t.HelmChartContainer - [hivemq-test-hivemq-platform] [hivemq-platform-operator] [73d1d667] 18:39:27.603 [ReconcilerExecutor-hivemq-controller-98] INFO  c.h.p.o.HiveMQPlatformReconciler - [helmcust] Reconciling HiveMQ Platform 'test-hivemq-platform' in namespace 'helmcustomextensionit'
2025-01-29 18:39:27,608 INFO c.h.h.t.HelmChartContainer - [hivemq-test-hivemq-platform] [hivemq-platform-operator] [73d1d667] 18:39:27.603 [ReconcilerExecutor-hivemq-controller-98] DEBUG c.h.p.o.HiveMQPlatformReconciler - [helmcust] Custom Resource Status STARTING - HiveMQ Platform is starting (READY)
2025-01-29 18:39:27,608 INFO c.h.h.t.HelmChartContainer - [hivemq-test-hivemq-platform] [hivemq-platform-operator] [73d1d667] 18:39:27.603 [ReconcilerExecutor-hivemq-controller-98] DEBUG c.h.p.o.HiveMQPlatformReconciler - [helmcust] Custom Resource Spec (replicas: 1) (extensions: 1)
2025-01-29 18:39:27,608 INFO c.h.h.t.HelmChartContainer - [hivemq-test-hivemq-platform] [hivemq-platform-operator] [73d1d667] 18:39:27.606 [ReconcilerExecutor-hivemq-controller-98] DEBUG c.h.p.o.HiveMQPlatformReconciler - [helmcust] StatefulSet Status (revision: test-hivemq-platform-796ccc778, replicas: 1, available: 0, ready: 0, current: 1, updated: 1)
2025-01-29 18:39:27,609 INFO c.h.h.t.HelmChartContainer - [hivemq-test-hivemq-platform] [hivemq-platform-operator] [73d1d667] 18:39:27.606 [ReconcilerExecutor-hivemq-controller-98] DEBUG c.h.p.o.HiveMQPlatformReconciler - [helmcust] StatefulSet Spec (replicas: 1, init containers: 1, containers: 1, volumes: 3)
2025-01-29 18:39:27,610 INFO c.h.h.t.HelmChartContainer - [hivemq-test-hivemq-platform] [hivemq-platform-operator] [73d1d667] 18:39:27.609 [ReconcilerExecutor-hivemq-controller-98] DEBUG c.h.p.o.h.HiveMQPlatformReconcilerErrorHandler - [helmcust] Pod 'test-hivemq-platform-0' phase Pending
2025-01-29 18:39:27,612 INFO c.h.h.t.HelmChartContainer - [hivemq-test-hivemq-platform] [hivemq-platform-operator] [73d1d667] 18:39:27.609 [ReconcilerExecutor-hivemq-controller-98] DEBUG c.h.p.o.h.HiveMQPlatformReconcilerErrorHandler - [helmcust] Pod 'test-hivemq-platform-0' condition 'PodReadyToStartContainers': True
2025-01-29 18:39:27,613 INFO c.h.h.t.HelmChartContainer - [hivemq-test-hivemq-platform] [hivemq-platform-operator] [73d1d667] 18:39:27.609 [ReconcilerExecutor-hivemq-controller-98] DEBUG c.h.p.o.h.HiveMQPlatformReconcilerErrorHandler - [helmcust] Pod 'test-hivemq-platform-0' condition 'Initialized': True
2025-01-29 18:39:27,613 INFO c.h.h.t.HelmChartContainer - [hivemq-test-hivemq-platform] [hivemq-platform-operator] [73d1d667] 18:39:27.609 [ReconcilerExecutor-hivemq-controller-98] DEBUG c.h.p.o.h.HiveMQPlatformReconcilerErrorHandler - [helmcust] Pod 'test-hivemq-platform-0' condition 'Ready': False
2025-01-29 18:39:27,613 INFO c.h.h.t.HelmChartContainer - [hivemq-test-hivemq-platform] [hivemq-platform-operator] [73d1d667] 18:39:27.610 [ReconcilerExecutor-hivemq-controller-98] DEBUG c.h.p.o.h.HiveMQPlatformReconcilerErrorHandler - [helmcust] Pod 'test-hivemq-platform-0' condition 'ContainersReady': False
2025-01-29 18:39:27,613 INFO c.h.h.t.HelmChartContainer - [hivemq-test-hivemq-platform] [hivemq-platform-operator] [73d1d667] 18:39:27.610 [ReconcilerExecutor-hivemq-controller-98] DEBUG c.h.p.o.h.HiveMQPlatformReconcilerErrorHandler - [helmcust] Pod 'test-hivemq-platform-0' condition 'PodScheduled': True
2025-01-29 18:39:27,613 INFO c.h.h.t.HelmChartContainer - [hivemq-test-hivemq-platform] [hivemq-platform-operator] [73d1d667] 18:39:27.610 [ReconcilerExecutor-hivemq-controller-98] DEBUG c.h.p.o.h.HiveMQPlatformReconcilerErrorHandler - [helmcust] Pod 'test-hivemq-platform-0' containerStatus 'hivemq' (started: false) (ready: false) (waiting: [PodInitializing] null)
2025-01-29 18:39:27,613 INFO c.h.h.t.HelmChartContainer - [hivemq-test-hivemq-platform] [hivemq-platform-operator] [73d1d667] 18:39:27.611 [ReconcilerExecutor-hivemq-controller-98] INFO  c.h.p.o.h.HiveMQPlatformReconcilerBaseHandler - [helmcust] HiveMQ Platform is starting, 0 of 1 replicas are ready
2025-01-29 18:39:28,827 INFO c.h.h.t.HelmChartContainer - [EVENT] Normal [Created] Created container: hivemq [helmcustomextensionit:test-hivemq-platform-0]
2025-01-29 18:39:28,827 INFO c.h.h.t.HelmChartContainer - Received Created event for container hivemq in pod test-hivemq-platform-0 [ac0fd26b-53df-4fa6-84a3-1f6911a8ce67]
2025-01-29 18:39:29,504 INFO c.h.h.t.HelmChartContainer - [POD] test-hivemq-platform-0 [ac0fd26b-53df-4fa6-84a3-1f6911a8ce67] in helmcustomextensionit was MODIFIED
2025-01-29 18:39:29,512 INFO c.h.h.t.HelmChartContainer - [hivemq-test-hivemq-platform] [hivemq-platform-operator] [73d1d667] 18:39:29.510 [pool-6-thread-5] DEBUG c.h.p.o.d.PlatformServiceResource - [helmcust] Desired Platform services (3 services)
2025-01-29 18:39:29,515 INFO c.h.h.t.HelmChartContainer - [hivemq-test-hivemq-platform] [hivemq-platform-operator] [73d1d667] 18:39:29.513 [pool-6-thread-6] DEBUG c.h.p.o.dependants.PodInfoConfigMap - [helmcust] Desired PodInfo ConfigMap (1 extensions) (1 enabled)
2025-01-29 18:39:29,519 INFO c.h.h.t.HelmChartContainer - [EVENT] Normal [Started] Started container hivemq [helmcustomextensionit:test-hivemq-platform-0]
2025-01-29 18:39:29,519 INFO c.h.h.t.HelmChartContainer - Received Started event for container hivemq in pod test-hivemq-platform-0 [ac0fd26b-53df-4fa6-84a3-1f6911a8ce67]
2025-01-29 18:39:29,519 INFO c.h.h.t.HelmChartContainer - Started log watcher for hivemq in pod test-hivemq-platform-0 [ac0fd26b-53df-4fa6-84a3-1f6911a8ce67]
2025-01-29 18:39:29,521 INFO c.h.h.t.HelmChartContainer - [test-hivemq-platform] [hivemq] [ac0fd26b] Adding pre-installed HiveMQ Platform Operator extensions
2025-01-29 18:39:29,522 INFO c.h.h.t.HelmChartContainer - [hivemq-test-hivemq-platform] [hivemq-platform-operator] [73d1d667] 18:39:29.517 [pool-6-thread-4] DEBUG c.h.p.o.d.PodServiceAccountResource - [helmcust] Desired PodServiceAccountResource (serviceAccountName: hivemq-platform-pod-test-hivemq-platform)
2025-01-29 18:39:29,522 INFO c.h.h.t.HelmChartContainer - [hivemq-test-hivemq-platform] [hivemq-platform-operator] [73d1d667] 18:39:29.513 [pool-6-thread-6] DEBUG c.h.p.o.dependants.PodInfoConfigMap - [helmcust] Desired PodInfo ConfigMap (metrics port: 9399) (metrics path: /)
2025-01-29 18:39:29,522 INFO c.h.h.t.HelmChartContainer - [hivemq-test-hivemq-platform] [hivemq-platform-operator] [73d1d667] 18:39:29.518 [pool-6-thread-6] DEBUG c.h.p.o.dependants.PodInfoConfigMap - [helmcust] Desired PodInfo ConfigMap (extension state hash: -2048767907)
2025-01-29 18:39:29,521 INFO c.h.h.t.HelmChartContainer - [test-hivemq-platform] [hivemq] [ac0fd26b] Running as user 10000
2025-01-29 18:39:29,522 INFO c.h.h.t.HelmChartContainer - [test-hivemq-platform] [hivemq] [ac0fd26b] Starting HiveMQ Platform Operator Init
2025-01-29 18:39:29,527 INFO c.h.h.t.HelmChartContainer - [hivemq-test-hivemq-platform] [hivemq-platform-operator] [73d1d667] 18:39:29.526 [pool-6-thread-5] DEBUG c.h.p.o.d.StatefulSetResource - [helmcust] Desired StatefulSet (1 replicas) for status STARTING (READY)
2025-01-29 18:39:29,601 INFO c.h.h.t.HelmChartContainer - [hivemq-test-hivemq-platform] [hivemq-platform-operator] [73d1d667] 18:39:29.596 [ReconcilerExecutor-hivemq-controller-109] INFO  c.h.p.o.HiveMQPlatformReconciler - [helmcust] Reconciling HiveMQ Platform 'test-hivemq-platform' in namespace 'helmcustomextensionit'
2025-01-29 18:39:29,601 INFO c.h.h.t.HelmChartContainer - [hivemq-test-hivemq-platform] [hivemq-platform-operator] [73d1d667] 18:39:29.596 [ReconcilerExecutor-hivemq-controller-109] DEBUG c.h.p.o.HiveMQPlatformReconciler - [helmcust] Custom Resource Status STARTING - HiveMQ Platform is starting (READY)
2025-01-29 18:39:29,601 INFO c.h.h.t.HelmChartContainer - [hivemq-test-hivemq-platform] [hivemq-platform-operator] [73d1d667] 18:39:29.596 [ReconcilerExecutor-hivemq-controller-109] DEBUG c.h.p.o.HiveMQPlatformReconciler - [helmcust] Custom Resource Spec (replicas: 1) (extensions: 1)
2025-01-29 18:39:29,601 INFO c.h.h.t.HelmChartContainer - [hivemq-test-hivemq-platform] [hivemq-platform-operator] [73d1d667] 18:39:29.598 [ReconcilerExecutor-hivemq-controller-109] DEBUG c.h.p.o.HiveMQPlatformReconciler - [helmcust] StatefulSet Status (revision: test-hivemq-platform-796ccc778, replicas: 1, available: 0, ready: 0, current: 1, updated: 1)
2025-01-29 18:39:29,601 INFO c.h.h.t.HelmChartContainer - [hivemq-test-hivemq-platform] [hivemq-platform-operator] [73d1d667] 18:39:29.598 [ReconcilerExecutor-hivemq-controller-109] DEBUG c.h.p.o.HiveMQPlatformReconciler - [helmcust] StatefulSet Spec (replicas: 1, init containers: 1, containers: 1, volumes: 3)
2025-01-29 18:39:29,602 INFO c.h.h.t.HelmChartContainer - [hivemq-test-hivemq-platform] [hivemq-platform-operator] [73d1d667] 18:39:29.599 [ReconcilerExecutor-hivemq-controller-109] DEBUG c.h.p.o.h.HiveMQPlatformReconcilerErrorHandler - [helmcust] Pod 'test-hivemq-platform-0' phase Running
2025-01-29 18:39:29,602 INFO c.h.h.t.HelmChartContainer - [hivemq-test-hivemq-platform] [hivemq-platform-operator] [73d1d667] 18:39:29.600 [ReconcilerExecutor-hivemq-controller-109] INFO  c.h.p.o.h.HiveMQPlatformReconcilerBaseHandler - [helmcust] HiveMQ Platform is starting, 0 of 1 replicas are ready
2025-01-29 18:39:30,063 INFO c.h.h.t.HelmChartContainer - [test-hivemq-platform] [hivemq] [ac0fd26b] INFO  - [HiveMQ Platform Operator Init 1.7.0-SNAPSHOT] HiveMQ Platform Operator Init 1.7.0-SNAPSHOT (commit: b1b9591 on branch: HEAD) built on Wed Jan 29 18:32:18 UTC 2025
2025-01-29 18:39:31,096 INFO c.h.h.t.HelmChartContainer - [test-hivemq-platform] [hivemq] [ac0fd26b] INFO  - [HiveMQ Platform Operator Init App 1.7.0-SNAPSHOT] Using bind address 10.42.0.10 from environment variable
2025-01-29 18:39:31,985 INFO c.h.h.t.HelmChartContainer - [test-hivemq-platform] [hivemq] [ac0fd26b] INFO  - [HiveMQ Platform Operator Init App 1.7.0-SNAPSHOT] HiveMQ Platform Operator Init App 1.7.0-SNAPSHOT (commit: b1b9591 on branch: HEAD) built on Wed Jan 29 18:32:18 UTC 2025
2025-01-29 18:39:31,986 INFO c.h.h.t.HelmChartContainer - [test-hivemq-platform] [hivemq] [ac0fd26b] INFO  - [HiveMQ Platform Operator Init App 1.7.0-SNAPSHOT] PodInfo ConfigMap directory: /etc/podinfo
2025-01-29 18:39:31,986 INFO c.h.h.t.HelmChartContainer - [test-hivemq-platform] [hivemq] [ac0fd26b] INFO  - [HiveMQ Platform Operator Init App 1.7.0-SNAPSHOT] HiveMQ home directory: /opt/hivemq
2025-01-29 18:39:31,986 INFO c.h.h.t.HelmChartContainer - [test-hivemq-platform] [hivemq] [ac0fd26b] INFO  - [HiveMQ Platform Operator Init App 1.7.0-SNAPSHOT] HiveMQ Logback folder: /opt/hivemq/conf
2025-01-29 18:39:31,986 INFO c.h.h.t.HelmChartContainer - [test-hivemq-platform] [hivemq] [ac0fd26b] INFO  - [HiveMQ Platform Operator Init App 1.7.0-SNAPSHOT] HiveMQ Config folder: /opt/hivemq/conf-k8s
2025-01-29 18:39:31,986 INFO c.h.h.t.HelmChartContainer - [test-hivemq-platform] [hivemq] [ac0fd26b] INFO  - [HiveMQ Platform Operator Init App 1.7.0-SNAPSHOT] Starting HiveMQ Platform Operator Init App
2025-01-29 18:39:31,986 INFO c.h.h.t.HelmChartContainer - [test-hivemq-platform] [hivemq] [ac0fd26b] INFO  - [HiveMQ Platform Operator Init App 1.7.0-SNAPSHOT] Starting Pod reconciler
2025-01-29 18:39:33,192 INFO c.h.h.t.HelmChartContainer - [test-hivemq-platform] [hivemq] [ac0fd26b] INFO  - [HiveMQ Platform Operator Init App 1.7.0-SNAPSHOT] Pod reconciler is scheduled (interval: 5000 ms)
2025-01-29 18:39:33,193 INFO c.h.h.t.HelmChartContainer - [test-hivemq-platform] [hivemq] [ac0fd26b] INFO  - [HiveMQ Platform Operator Init App 1.7.0-SNAPSHOT] Starting the REST API on 10.42.0.10:7979
2025-01-29 18:39:33,195 INFO c.h.h.t.HelmChartContainer - [test-hivemq-platform] [hivemq] [ac0fd26b] INFO  - [HiveMQ Platform Operator Init App 1.7.0-SNAPSHOT] Waiting up to 600s for at most 1 HiveMQ nodes in cluster service hivemq-test-hivemq-platform-cluster.helmcustomextensionit.svc
2025-01-29 18:39:33,580 INFO c.h.h.t.HelmChartContainer - [test-hivemq-platform] [hivemq] [ac0fd26b] INFO  - [HiveMQ Platform Operator Init App 1.7.0-SNAPSHOT] Resolved 1 IP addresses: [10.42.0.10]
2025-01-29 18:39:33,581 INFO c.h.h.t.HelmChartContainer - [test-hivemq-platform] [hivemq] [ac0fd26b] INFO  - [HiveMQ Platform Operator Init App 1.7.0-SNAPSHOT] HiveMQ node count of 1 is within threshold of 1
2025-01-29 18:39:33,581 INFO c.h.h.t.HelmChartContainer - [test-hivemq-platform] [hivemq] [ac0fd26b] INFO  - [HiveMQ Platform Operator Init App 1.7.0-SNAPSHOT] Proceeding with container start
2025-01-29 18:39:33,661 INFO c.h.h.t.HelmChartContainer - [test-hivemq-platform] [hivemq] [ac0fd26b] INFO  - [HiveMQ Platform Operator Init App 1.7.0-SNAPSHOT] Initializing HiveMQ Platform extensions with initial configuration: {hivemq-custom-test-extension={start-priority=-1, skip-https-hostname-verification=false, restart=true, config-version=0, header-version=0, c-uri=, priority=-1, uri=http://nginx-service/hivemq-custom-test-extension-1.0.0.zip, skip-https-certificate-validation=false, enabled=true}, hivemq-prometheus-extension={enabled=true, restart=true, priority=-1, start-priority=-1, c-uri=, skip-https-hostname-verification=false, skip-https-certificate-validation=false, uri=preinstalled, request-header-path=no-request-headers}}
2025-01-29 18:39:33,662 INFO c.h.h.t.HelmChartContainer - [test-hivemq-platform] [hivemq] [ac0fd26b] INFO  - [HiveMQ Platform Operator Init App 1.7.0-SNAPSHOT] Installing custom extension hivemq-custom-test-extension from URL http://nginx-service/hivemq-custom-test-extension-1.0.0.zip
2025-01-29 18:39:33,664 INFO c.h.h.t.HelmChartContainer - [test-hivemq-platform] [hivemq] [ac0fd26b] INFO  - [HiveMQ Platform Operator Init App 1.7.0-SNAPSHOT] Downloading custom extension hivemq-custom-test-extension into '/tmp/hivemq-custom-test-extension15886811453268449486/extension.zip'
2025-01-29 18:39:33,780 INFO c.h.h.t.HelmChartContainer - [nginx-6bc4698784-pfv] [nginx] [1220ae2a] 10.42.0.10 - - [29/Jan/2025:18:39:33 +0000] "GET /hivemq-custom-test-extension-1.0.0.zip HTTP/1.1" 200 11637 "-" "Java-http-client/21.0.5" "-"
2025-01-29 18:39:33,792 INFO c.h.h.t.HelmChartContainer - [test-hivemq-platform] [hivemq] [ac0fd26b] INFO  - [HiveMQ Platform Operator Init App 1.7.0-SNAPSHOT] Copy extension from '/tmp/hivemq-custom-test-extension15886811453268449486/hivemq-custom-test-extension' to '/opt/hivemq/extensions/hivemq-custom-test-extension'
2025-01-29 18:39:33,793 INFO c.h.h.t.HelmChartContainer - [test-hivemq-platform] [hivemq] [ac0fd26b] INFO  - [HiveMQ Platform Operator Init App 1.7.0-SNAPSHOT] Found hivemq-extension.xml in folder '/tmp/hivemq-custom-test-extension15886811453268449486/hivemq-custom-test-extension/hivemq-custom-test-extension'
2025-01-29 18:39:34,284 INFO c.h.h.t.HelmChartContainer - [test-hivemq-platform] [hivemq] [ac0fd26b] INFO  - [HiveMQ Platform Operator Init App 1.7.0-SNAPSHOT] Extension hivemq-custom-test-extension was already enabled
2025-01-29 18:39:34,378 INFO c.h.h.t.HelmChartContainer - [test-hivemq-platform] [hivemq] [ac0fd26b] INFO  - [HiveMQ Platform Operator Init App 1.7.0-SNAPSHOT] Successfully enabled extension hivemq-prometheus-extension
2025-01-29 18:39:34,379 INFO c.h.h.t.HelmChartContainer - [test-hivemq-platform] [hivemq] [ac0fd26b] INFO  - [HiveMQ Platform Operator Init App 1.7.0-SNAPSHOT] Starting HiveMQ Platform version 4.36.0 (4.36.0)
2025-01-29 18:39:34,380 INFO c.h.h.t.HelmChartContainer - [test-hivemq-platform] [hivemq] [ac0fd26b] INFO  - [HiveMQ Platform Operator Init App 1.7.0-SNAPSHOT] Configuring the HiveMQ Platform
2025-01-29 18:39:34,458 INFO c.h.h.t.HelmChartContainer - [test-hivemq-platform] [hivemq] [ac0fd26b] INFO  - [HiveMQ Platform Operator Init App 1.7.0-SNAPSHOT] Changed logback.xml file scan period to 20 seconds
2025-01-29 18:39:34,490 INFO c.h.h.t.HelmChartContainer - [test-hivemq-platform] [hivemq] [ac0fd26b] INFO  - [HiveMQ Platform Operator Init App 1.7.0-SNAPSHOT] Starting the HiveMQ Platform
2025-01-29 18:39:34,560 INFO c.h.h.t.HelmChartContainer - [test-hivemq-platform] [hivemq] [ac0fd26b] -------------------------------------------------------------------------
2025-01-29 18:39:34,560 INFO c.h.h.t.HelmChartContainer - [test-hivemq-platform] [hivemq] [ac0fd26b] 
2025-01-29 18:39:34,560 INFO c.h.h.t.HelmChartContainer - [test-hivemq-platform] [hivemq] [ac0fd26b]                   _    _  _              __  __   ____
2025-01-29 18:39:34,560 INFO c.h.h.t.HelmChartContainer - [test-hivemq-platform] [hivemq] [ac0fd26b]                  | |  | |(_)            |  \/  | / __ \
2025-01-29 18:39:34,560 INFO c.h.h.t.HelmChartContainer - [test-hivemq-platform] [hivemq] [ac0fd26b]                  | |__| | _ __   __ ___ | \  / || |  | |
2025-01-29 18:39:34,560 INFO c.h.h.t.HelmChartContainer - [test-hivemq-platform] [hivemq] [ac0fd26b]                  |  __  || |\ \ / // _ \| |\/| || |  | |
2025-01-29 18:39:34,560 INFO c.h.h.t.HelmChartContainer - [test-hivemq-platform] [hivemq] [ac0fd26b]                  | |  | || | \ V /|  __/| |  | || |__| |
2025-01-29 18:39:34,561 INFO c.h.h.t.HelmChartContainer - [test-hivemq-platform] [hivemq] [ac0fd26b]                  |_|  |_||_|  \_/  \___||_|  |_| \___\_\
2025-01-29 18:39:34,561 INFO c.h.h.t.HelmChartContainer - [test-hivemq-platform] [hivemq] [ac0fd26b] 
2025-01-29 18:39:34,561 INFO c.h.h.t.HelmChartContainer - [test-hivemq-platform] [hivemq] [ac0fd26b] -------------------------------------------------------------------------
2025-01-29 18:39:34,561 INFO c.h.h.t.HelmChartContainer - [test-hivemq-platform] [hivemq] [ac0fd26b] 
2025-01-29 18:39:34,561 INFO c.h.h.t.HelmChartContainer - [test-hivemq-platform] [hivemq] [ac0fd26b]   HiveMQ Start Script for Linux/Unix v1.14
2025-01-29 18:39:34,561 INFO c.h.h.t.HelmChartContainer - [test-hivemq-platform] [hivemq] [ac0fd26b] 
2025-01-29 18:39:34,600 INFO c.h.h.t.HelmChartContainer - [test-hivemq-platform] [hivemq] [ac0fd26b] -------------------------------------------------------------------------
2025-01-29 18:39:34,600 INFO c.h.h.t.HelmChartContainer - [test-hivemq-platform] [hivemq] [ac0fd26b] 
2025-01-29 18:39:34,600 INFO c.h.h.t.HelmChartContainer - [test-hivemq-platform] [hivemq] [ac0fd26b]   HIVEMQ_HOME: /opt/hivemq
2025-01-29 18:39:34,600 INFO c.h.h.t.HelmChartContainer - [test-hivemq-platform] [hivemq] [ac0fd26b] 
2025-01-29 18:39:34,601 INFO c.h.h.t.HelmChartContainer - [test-hivemq-platform] [hivemq] [ac0fd26b]   JAVA_OPTS: -XX:+UnlockExperimentalVMOptions -XX:InitialRAMPercentage=50 -XX:MaxRAMPercentage=50 -Djava.net.preferIPv4Stack=true --add-opens java.base/java.lang=ALL-UNNAMED --add-opens java.base/java.nio=ALL-UNNAMED --add-opens java.base/sun.nio.ch=ALL-UNNAMED --add-opens jdk.management/com.sun.management.internal=ALL-UNNAMED --add-exports java.base/jdk.internal.misc=ALL-UNNAMED -Djava.security.egd=file:/dev/./urandom -Dcom.sun.management.jmxremote -Dcom.sun.management.jmxremote.port=9010 -Dcom.sun.management.jmxremote.local.only=false -Dcom.sun.management.jmxremote.authenticate=false -Dcom.sun.management.jmxremote.ssl=false -Duser.language=en -Duser.region=US -XX:+CrashOnOutOfMemoryError -XX:+HeapDumpOnOutOfMemoryError
2025-01-29 18:39:34,601 INFO c.h.h.t.HelmChartContainer - [test-hivemq-platform] [hivemq] [ac0fd26b] 
2025-01-29 18:39:34,601 INFO c.h.h.t.HelmChartContainer - [test-hivemq-platform] [hivemq] [ac0fd26b]   JAVA_VERSION: 21
2025-01-29 18:39:34,601 INFO c.h.h.t.HelmChartContainer - [test-hivemq-platform] [hivemq] [ac0fd26b] 
2025-01-29 18:39:34,601 INFO c.h.h.t.HelmChartContainer - [test-hivemq-platform] [hivemq] [ac0fd26b] -------------------------------------------------------------------------
2025-01-29 18:39:34,602 INFO c.h.h.t.HelmChartContainer - [test-hivemq-platform] [hivemq] [ac0fd26b] 
2025-01-29 18:39:35,585 INFO c.h.h.t.HelmChartContainer - [test-hivemq-platform] [hivemq] [ac0fd26b] INFO  - [HiveMQ Platform Operator Init App 1.7.0-SNAPSHOT] Returning default Health API response 503 for readiness
2025-01-29 18:39:35,889 INFO c.h.h.t.HelmChartContainer - [EVENT] Warning [Unhealthy] Readiness probe failed: HTTP probe failed with statuscode: 503 [helmcustomextensionit:test-hivemq-platform-0]
2025-01-29 18:39:35,889 INFO c.h.h.t.HelmChartContainer - Received Unhealthy event for container hivemq in pod test-hivemq-platform-0 [ac0fd26b-53df-4fa6-84a3-1f6911a8ce67]
2025-01-29 18:39:37,187 INFO c.h.h.t.HelmChartContainer - [test-hivemq-platform] [hivemq] [ac0fd26b] INFO  - Starting HiveMQ Enterprise Server
2025-01-29 18:39:37,192 INFO c.h.h.t.HelmChartContainer - [test-hivemq-platform] [hivemq] [ac0fd26b] INFO  - HiveMQ version: 4.36.0
2025-01-29 18:39:37,192 INFO c.h.h.t.HelmChartContainer - [test-hivemq-platform] [hivemq] [ac0fd26b] INFO  - HiveMQ home directory: /opt/hivemq
2025-01-29 18:39:37,192 INFO c.h.h.t.HelmChartContainer - [test-hivemq-platform] [hivemq] [ac0fd26b] INFO  - Log Configuration was overridden by /opt/hivemq/conf/logback.xml
2025-01-29 18:39:38,680 INFO c.h.h.t.HelmChartContainer - [test-hivemq-platform] [hivemq] [ac0fd26b] INFO  - Successfully loaded configuration from '/opt/hivemq/conf-k8s/config.xml'.
2025-01-29 18:39:39,479 INFO c.h.h.t.HelmChartContainer - [test-hivemq-platform] [hivemq] [ac0fd26b] INFO  - This node's ID is e5Obt
2025-01-29 18:39:39,479 INFO c.h.h.t.HelmChartContainer - [test-hivemq-platform] [hivemq] [ac0fd26b] INFO  - Clustering is enabled
2025-01-29 18:39:39,606 INFO c.h.h.t.HelmChartContainer - [hivemq-test-hivemq-platform] [hivemq-platform-operator] [73d1d667] 18:39:39.604 [pool-6-thread-15] DEBUG c.h.p.o.d.PlatformServiceResource - [helmcust] Desired Platform services (3 services)
2025-01-29 18:39:39,607 INFO c.h.h.t.HelmChartContainer - [hivemq-test-hivemq-platform] [hivemq-platform-operator] [73d1d667] 18:39:39.605 [pool-6-thread-19] DEBUG c.h.p.o.dependants.PodInfoConfigMap - [helmcust] Desired PodInfo ConfigMap (1 extensions) (1 enabled)
2025-01-29 18:39:39,607 INFO c.h.h.t.HelmChartContainer - [hivemq-test-hivemq-platform] [hivemq-platform-operator] [73d1d667] 18:39:39.605 [pool-6-thread-19] DEBUG c.h.p.o.dependants.PodInfoConfigMap - [helmcust] Desired PodInfo ConfigMap (metrics port: 9399) (metrics path: /)
2025-01-29 18:39:39,607 INFO c.h.h.t.HelmChartContainer - [hivemq-test-hivemq-platform] [hivemq-platform-operator] [73d1d667] 18:39:39.605 [pool-6-thread-19] DEBUG c.h.p.o.dependants.PodInfoConfigMap - [helmcust] Desired PodInfo ConfigMap (extension state hash: -2048767907)
2025-01-29 18:39:39,608 INFO c.h.h.t.HelmChartContainer - [hivemq-test-hivemq-platform] [hivemq-platform-operator] [73d1d667] 18:39:39.605 [pool-6-thread-19] DEBUG c.h.p.o.d.PodServiceAccountResource - [helmcust] Desired PodServiceAccountResource (serviceAccountName: hivemq-platform-pod-test-hivemq-platform)
2025-01-29 18:39:39,615 INFO c.h.h.t.HelmChartContainer - [hivemq-test-hivemq-platform] [hivemq-platform-operator] [73d1d667] 18:39:39.612 [pool-6-thread-15] DEBUG c.h.p.o.d.StatefulSetResource - [helmcust] Desired StatefulSet (1 replicas) for status STARTING (READY)
2025-01-29 18:39:39,620 INFO c.h.h.t.HelmChartContainer - [hivemq-test-hivemq-platform] [hivemq-platform-operator] [73d1d667] 18:39:39.617 [ReconcilerExecutor-hivemq-controller-110] INFO  c.h.p.o.HiveMQPlatformReconciler - [helmcust] Reconciling HiveMQ Platform 'test-hivemq-platform' in namespace 'helmcustomextensionit'
2025-01-29 18:39:39,620 INFO c.h.h.t.HelmChartContainer - [hivemq-test-hivemq-platform] [hivemq-platform-operator] [73d1d667] 18:39:39.617 [ReconcilerExecutor-hivemq-controller-110] DEBUG c.h.p.o.HiveMQPlatformReconciler - [helmcust] Custom Resource Status STARTING - HiveMQ Platform is starting (READY)
2025-01-29 18:39:39,620 INFO c.h.h.t.HelmChartContainer - [hivemq-test-hivemq-platform] [hivemq-platform-operator] [73d1d667] 18:39:39.617 [ReconcilerExecutor-hivemq-controller-110] DEBUG c.h.p.o.HiveMQPlatformReconciler - [helmcust] Custom Resource Spec (replicas: 1) (extensions: 1)
2025-01-29 18:39:39,620 INFO c.h.h.t.HelmChartContainer - [hivemq-test-hivemq-platform] [hivemq-platform-operator] [73d1d667] 18:39:39.618 [ReconcilerExecutor-hivemq-controller-110] DEBUG c.h.p.o.HiveMQPlatformReconciler - [helmcust] StatefulSet Status (revision: test-hivemq-platform-796ccc778, replicas: 1, available: 0, ready: 0, current: 1, updated: 1)
2025-01-29 18:39:39,621 INFO c.h.h.t.HelmChartContainer - [hivemq-test-hivemq-platform] [hivemq-platform-operator] [73d1d667] 18:39:39.619 [ReconcilerExecutor-hivemq-controller-110] DEBUG c.h.p.o.HiveMQPlatformReconciler - [helmcust] StatefulSet Spec (replicas: 1, init containers: 1, containers: 1, volumes: 3)
2025-01-29 18:39:39,622 INFO c.h.h.t.HelmChartContainer - [hivemq-test-hivemq-platform] [hivemq-platform-operator] [73d1d667] 18:39:39.621 [ReconcilerExecutor-hivemq-controller-110] DEBUG c.h.p.o.h.HiveMQPlatformReconcilerErrorHandler - [helmcust] Pod 'test-hivemq-platform-0' phase Running
2025-01-29 18:39:39,696 INFO c.h.h.t.HelmChartContainer - [hivemq-test-hivemq-platform] [hivemq-platform-operator] [73d1d667] 18:39:39.694 [ReconcilerExecutor-hivemq-controller-110] INFO  c.h.p.o.h.HiveMQPlatformReconcilerBaseHandler - [helmcust] HiveMQ Platform is starting, 0 of 1 replicas are ready
2025-01-29 18:39:40,684 INFO c.h.h.t.HelmChartContainer - [test-hivemq-platform] [hivemq] [ac0fd26b] WARN  - [HiveMQ Platform Operator Init App 1.7.0-SNAPSHOT] Cannot connect to Health API for readiness: null
2025-01-29 18:39:40,689 INFO c.h.h.t.HelmChartContainer - [EVENT] Warning [Unhealthy] Readiness probe failed: HTTP probe failed with statuscode: 503 [helmcustomextensionit:test-hivemq-platform-0]
2025-01-29 18:39:40,689 INFO c.h.h.t.HelmChartContainer - Received Unhealthy event for container hivemq in pod test-hivemq-platform-0 [ac0fd26b-53df-4fa6-84a3-1f6911a8ce67]
2025-01-29 18:39:43,485 INFO c.h.h.t.HelmChartContainer - [test-hivemq-platform] [hivemq] [ac0fd26b] Jan 29, 2025 6:39:43 PM io.vertx.core.impl.BlockedThreadChecker
2025-01-29 18:39:43,485 INFO c.h.h.t.HelmChartContainer - [test-hivemq-platform] [hivemq] [ac0fd26b] WARNING: Thread Thread[vert.x-eventloop-thread-1,5,main] has been blocked for 2500 ms, time limit is 2000 ms
2025-01-29 18:39:44,087 INFO c.h.h.t.HelmChartContainer - [test-hivemq-platform] [hivemq] [ac0fd26b] INFO  - [HiveMQ Platform Operator Init App 1.7.0-SNAPSHOT] Updating Pod HiveMQ Platform Operator Init App version annotation (version: 1.7.0-SNAPSHOT)
2025-01-29 18:39:44,996 INFO c.h.h.t.HelmChartContainer - [POD] test-hivemq-platform-0 [ac0fd26b-53df-4fa6-84a3-1f6911a8ce67] in helmcustomextensionit was MODIFIED
2025-01-29 18:39:45,002 INFO c.h.h.t.HelmChartContainer - [hivemq-test-hivemq-platform] [hivemq-platform-operator] [73d1d667] 18:39:45.000 [pool-6-thread-25] DEBUG c.h.p.o.d.PlatformServiceResource - [helmcust] Desired Platform services (3 services)
2025-01-29 18:39:45,002 INFO c.h.h.t.HelmChartContainer - [hivemq-test-hivemq-platform] [hivemq-platform-operator] [73d1d667] 18:39:45.001 [pool-6-thread-29] DEBUG c.h.p.o.dependants.PodInfoConfigMap - [helmcust] Desired PodInfo ConfigMap (1 extensions) (1 enabled)
2025-01-29 18:39:45,002 INFO c.h.h.t.HelmChartContainer - [hivemq-test-hivemq-platform] [hivemq-platform-operator] [73d1d667] 18:39:45.001 [pool-6-thread-29] DEBUG c.h.p.o.dependants.PodInfoConfigMap - [helmcust] Desired PodInfo ConfigMap (metrics port: 9399) (metrics path: /)
2025-01-29 18:39:45,004 INFO c.h.h.t.HelmChartContainer - [hivemq-test-hivemq-platform] [hivemq-platform-operator] [73d1d667] 18:39:45.001 [pool-6-thread-29] DEBUG c.h.p.o.dependants.PodInfoConfigMap - [helmcust] Desired PodInfo ConfigMap (extension state hash: -2048767907)
2025-01-29 18:39:45,005 INFO c.h.h.t.HelmChartContainer - [hivemq-test-hivemq-platform] [hivemq-platform-operator] [73d1d667] 18:39:45.005 [pool-6-thread-21] DEBUG c.h.p.o.d.PodServiceAccountResource - [helmcust] Desired PodServiceAccountResource (serviceAccountName: hivemq-platform-pod-test-hivemq-platform)
2025-01-29 18:39:45,009 INFO c.h.h.t.HelmChartContainer - [hivemq-test-hivemq-platform] [hivemq-platform-operator] [73d1d667] 18:39:45.008 [pool-6-thread-25] DEBUG c.h.p.o.d.StatefulSetResource - [helmcust] Desired StatefulSet (1 replicas) for status STARTING (READY)
2025-01-29 18:39:45,012 INFO c.h.h.t.HelmChartContainer - [hivemq-test-hivemq-platform] [hivemq-platform-operator] [73d1d667] 18:39:45.011 [ReconcilerExecutor-hivemq-controller-111] INFO  c.h.p.o.HiveMQPlatformReconciler - [helmcust] Reconciling HiveMQ Platform 'test-hivemq-platform' in namespace 'helmcustomextensionit'
2025-01-29 18:39:45,013 INFO c.h.h.t.HelmChartContainer - [hivemq-test-hivemq-platform] [hivemq-platform-operator] [73d1d667] 18:39:45.011 [ReconcilerExecutor-hivemq-controller-111] DEBUG c.h.p.o.HiveMQPlatformReconciler - [helmcust] Custom Resource Status STARTING - HiveMQ Platform is starting (READY)
2025-01-29 18:39:45,013 INFO c.h.h.t.HelmChartContainer - [hivemq-test-hivemq-platform] [hivemq-platform-operator] [73d1d667] 18:39:45.011 [ReconcilerExecutor-hivemq-controller-111] DEBUG c.h.p.o.HiveMQPlatformReconciler - [helmcust] Custom Resource Spec (replicas: 1) (extensions: 1)
2025-01-29 18:39:45,080 INFO c.h.h.t.HelmChartContainer - [test-hivemq-platform] [hivemq] [ac0fd26b] WARN  - [HiveMQ Platform Operator Init App 1.7.0-SNAPSHOT] Cannot connect to Health API for readiness: null
2025-01-29 18:39:45,086 INFO c.h.h.t.HelmChartContainer - [test-hivemq-platform] [hivemq] [ac0fd26b] INFO  - [HiveMQ Platform Operator Init App 1.7.0-SNAPSHOT] Successfully updated Pod HiveMQ Platform Operator Init App version annotation (version: 1.7.0-SNAPSHOT)
2025-01-29 18:39:45,087 INFO c.h.h.t.HelmChartContainer - [EVENT] Warning [Unhealthy] Readiness probe failed: HTTP probe failed with statuscode: 503 [helmcustomextensionit:test-hivemq-platform-0]
2025-01-29 18:39:45,087 INFO c.h.h.t.HelmChartContainer - Received Unhealthy event for container hivemq in pod test-hivemq-platform-0 [ac0fd26b-53df-4fa6-84a3-1f6911a8ce67]
2025-01-29 18:39:45,095 INFO c.h.h.t.HelmChartContainer - [hivemq-test-hivemq-platform] [hivemq-platform-operator] [73d1d667] 18:39:45.094 [ReconcilerExecutor-hivemq-controller-111] DEBUG c.h.p.o.HiveMQPlatformReconciler - [helmcust] StatefulSet Status (revision: test-hivemq-platform-796ccc778, replicas: 1, available: 0, ready: 0, current: 1, updated: 1)
2025-01-29 18:39:45,095 INFO c.h.h.t.HelmChartContainer - [hivemq-test-hivemq-platform] [hivemq-platform-operator] [73d1d667] 18:39:45.094 [ReconcilerExecutor-hivemq-controller-111] DEBUG c.h.p.o.HiveMQPlatformReconciler - [helmcust] StatefulSet Spec (replicas: 1, init containers: 1, containers: 1, volumes: 3)
2025-01-29 18:39:45,097 INFO c.h.h.t.HelmChartContainer - [hivemq-test-hivemq-platform] [hivemq-platform-operator] [73d1d667] 18:39:45.096 [ReconcilerExecutor-hivemq-controller-111] DEBUG c.h.p.o.h.HiveMQPlatformReconcilerErrorHandler - [helmcust] Pod 'test-hivemq-platform-0' phase Running
2025-01-29 18:39:45,098 INFO c.h.h.t.HelmChartContainer - [hivemq-test-hivemq-platform] [hivemq-platform-operator] [73d1d667] 18:39:45.097 [ReconcilerExecutor-hivemq-controller-111] INFO  c.h.p.o.h.HiveMQPlatformReconcilerBaseHandler - [helmcust] HiveMQ Platform is starting, 0 of 1 replicas are ready
2025-01-29 18:39:50,063 INFO c.h.h.t.HelmChartContainer - [test-hivemq-platform] [hivemq] [ac0fd26b] WARN  - [HiveMQ Platform Operator Init App 1.7.0-SNAPSHOT] Cannot connect to Health API for readiness: null
2025-01-29 18:39:50,067 INFO c.h.h.t.HelmChartContainer - [EVENT] Warning [Unhealthy] Readiness probe failed: HTTP probe failed with statuscode: 503 [helmcustomextensionit:test-hivemq-platform-0]
2025-01-29 18:39:50,067 INFO c.h.h.t.HelmChartContainer - Received Unhealthy event for container hivemq in pod test-hivemq-platform-0 [ac0fd26b-53df-4fa6-84a3-1f6911a8ce67]
2025-01-29 18:39:55,062 INFO c.h.h.t.HelmChartContainer - [test-hivemq-platform] [hivemq] [ac0fd26b] WARN  - [HiveMQ Platform Operator Init App 1.7.0-SNAPSHOT] Cannot connect to Health API for readiness: null
2025-01-29 18:39:55,065 INFO c.h.h.t.HelmChartContainer - [EVENT] Warning [Unhealthy] Readiness probe failed: HTTP probe failed with statuscode: 503 [helmcustomextensionit:test-hivemq-platform-0]
2025-01-29 18:39:55,065 INFO c.h.h.t.HelmChartContainer - Received Unhealthy event for container hivemq in pod test-hivemq-platform-0 [ac0fd26b-53df-4fa6-84a3-1f6911a8ce67]
2025-01-29 18:39:55,103 INFO c.h.h.t.HelmChartContainer - [hivemq-test-hivemq-platform] [hivemq-platform-operator] [73d1d667] 18:39:55.101 [pool-6-thread-37] DEBUG c.h.p.o.d.PlatformServiceResource - [helmcust] Desired Platform services (3 services)
2025-01-29 18:39:55,104 INFO c.h.h.t.HelmChartContainer - [hivemq-test-hivemq-platform] [hivemq-platform-operator] [73d1d667] 18:39:55.102 [pool-6-thread-33] DEBUG c.h.p.o.dependants.PodInfoConfigMap - [helmcust] Desired PodInfo ConfigMap (1 extensions) (1 enabled)
2025-01-29 18:39:55,104 INFO c.h.h.t.HelmChartContainer - [hivemq-test-hivemq-platform] [hivemq-platform-operator] [73d1d667] 18:39:55.102 [pool-6-thread-33] DEBUG c.h.p.o.dependants.PodInfoConfigMap - [helmcust] Desired PodInfo ConfigMap (metrics port: 9399) (metrics path: /)
2025-01-29 18:39:55,105 INFO c.h.h.t.HelmChartContainer - [hivemq-test-hivemq-platform] [hivemq-platform-operator] [73d1d667] 18:39:55.102 [pool-6-thread-33] DEBUG c.h.p.o.dependants.PodInfoConfigMap - [helmcust] Desired PodInfo ConfigMap (extension state hash: -2048767907)
2025-01-29 18:39:55,105 INFO c.h.h.t.HelmChartContainer - [hivemq-test-hivemq-platform] [hivemq-platform-operator] [73d1d667] 18:39:55.102 [pool-6-thread-35] DEBUG c.h.p.o.d.PodServiceAccountResource - [helmcust] Desired PodServiceAccountResource (serviceAccountName: hivemq-platform-pod-test-hivemq-platform)
2025-01-29 18:39:55,109 INFO c.h.h.t.HelmChartContainer - [hivemq-test-hivemq-platform] [hivemq-platform-operator] [73d1d667] 18:39:55.109 [pool-6-thread-37] DEBUG c.h.p.o.d.StatefulSetResource - [helmcust] Desired StatefulSet (1 replicas) for status STARTING (READY)
2025-01-29 18:39:55,113 INFO c.h.h.t.HelmChartContainer - [hivemq-test-hivemq-platform] [hivemq-platform-operator] [73d1d667] 18:39:55.112 [ReconcilerExecutor-hivemq-controller-112] INFO  c.h.p.o.HiveMQPlatformReconciler - [helmcust] Reconciling HiveMQ Platform 'test-hivemq-platform' in namespace 'helmcustomextensionit'
2025-01-29 18:39:55,115 INFO c.h.h.t.HelmChartContainer - [hivemq-test-hivemq-platform] [hivemq-platform-operator] [73d1d667] 18:39:55.113 [ReconcilerExecutor-hivemq-controller-112] DEBUG c.h.p.o.HiveMQPlatformReconciler - [helmcust] Custom Resource Status STARTING - HiveMQ Platform is starting (READY)
2025-01-29 18:39:55,115 INFO c.h.h.t.HelmChartContainer - [hivemq-test-hivemq-platform] [hivemq-platform-operator] [73d1d667] 18:39:55.113 [ReconcilerExecutor-hivemq-controller-112] DEBUG c.h.p.o.HiveMQPlatformReconciler - [helmcust] Custom Resource Spec (replicas: 1) (extensions: 1)
2025-01-29 18:39:55,116 INFO c.h.h.t.HelmChartContainer - [hivemq-test-hivemq-platform] [hivemq-platform-operator] [73d1d667] 18:39:55.115 [ReconcilerExecutor-hivemq-controller-112] DEBUG c.h.p.o.HiveMQPlatformReconciler - [helmcust] StatefulSet Status (revision: test-hivemq-platform-796ccc778, replicas: 1, available: 0, ready: 0, current: 1, updated: 1)
2025-01-29 18:39:55,116 INFO c.h.h.t.HelmChartContainer - [hivemq-test-hivemq-platform] [hivemq-platform-operator] [73d1d667] 18:39:55.115 [ReconcilerExecutor-hivemq-controller-112] DEBUG c.h.p.o.HiveMQPlatformReconciler - [helmcust] StatefulSet Spec (replicas: 1, init containers: 1, containers: 1, volumes: 3)
2025-01-29 18:39:55,118 INFO c.h.h.t.HelmChartContainer - [hivemq-test-hivemq-platform] [hivemq-platform-operator] [73d1d667] 18:39:55.117 [ReconcilerExecutor-hivemq-controller-112] DEBUG c.h.p.o.h.HiveMQPlatformReconcilerErrorHandler - [helmcust] Pod 'test-hivemq-platform-0' phase Running
2025-01-29 18:39:55,119 INFO c.h.h.t.HelmChartContainer - [hivemq-test-hivemq-platform] [hivemq-platform-operator] [73d1d667] 18:39:55.118 [ReconcilerExecutor-hivemq-controller-112] INFO  c.h.p.o.h.HiveMQPlatformReconcilerBaseHandler - [helmcust] HiveMQ Platform is starting, 0 of 1 replicas are ready
2025-01-29 18:39:55,861 INFO c.h.h.t.HelmChartContainer - [test-hivemq-platform] [hivemq] [ac0fd26b] INFO  - No valid license file found. Using trial license, restricted to 25 connections.
2025-01-29 18:39:55,879 INFO c.h.h.t.HelmChartContainer - [test-hivemq-platform] [hivemq] [ac0fd26b] WARN  - [HiveMQ Platform Operator Init App 1.7.0-SNAPSHOT] Cannot connect to Health API for liveness: null
2025-01-29 18:39:55,879 INFO c.h.h.t.HelmChartContainer - [test-hivemq-platform] [hivemq] [ac0fd26b] INFO  - [HiveMQ Platform Operator Init App 1.7.0-SNAPSHOT] Returning default Health API response 200 for liveness
2025-01-29 18:39:58,885 INFO c.h.h.t.HelmChartContainer - [test-hivemq-platform] [hivemq] [ac0fd26b] INFO  - No valid license file for Data Hub found. Using free license, restricted to 1 policy.
2025-01-29 18:40:00,064 INFO c.h.h.t.HelmChartContainer - [test-hivemq-platform] [hivemq] [ac0fd26b] WARN  - [HiveMQ Platform Operator Init App 1.7.0-SNAPSHOT] Cannot connect to Health API for readiness: null
2025-01-29 18:40:00,064 INFO c.h.h.t.HelmChartContainer - [test-hivemq-platform] [hivemq] [ac0fd26b] INFO  - Audit Logger started.
2025-01-29 18:40:00,068 INFO c.h.h.t.HelmChartContainer - [EVENT] Warning [Unhealthy] Readiness probe failed: HTTP probe failed with statuscode: 503 [helmcustomextensionit:test-hivemq-platform-0]
2025-01-29 18:40:00,068 INFO c.h.h.t.HelmChartContainer - Received Unhealthy event for container hivemq in pod test-hivemq-platform-0 [ac0fd26b-53df-4fa6-84a3-1f6911a8ce67]
2025-01-29 18:40:00,368 INFO c.h.h.t.HelmChartContainer - [test-hivemq-platform] [hivemq] [ac0fd26b] INFO  - This node uses '1' CPU cores.
2025-01-29 18:40:00,382 INFO c.h.h.t.HelmChartContainer - [test-hivemq-platform] [hivemq] [ac0fd26b] INFO  - Starting HiveMQ Health API on address 0.0.0.0 and port 8889
2025-01-29 18:40:01,262 INFO c.h.h.t.HelmChartContainer - [test-hivemq-platform] [hivemq] [ac0fd26b] INFO  - Started HiveMQ Health API in 879ms
2025-01-29 18:40:01,965 INFO c.h.h.t.HelmChartContainer - [test-hivemq-platform] [hivemq] [ac0fd26b] INFO  - Starting HiveMQ extension system.
2025-01-29 18:40:02,265 INFO c.h.h.t.HelmChartContainer - [test-hivemq-platform] [hivemq] [ac0fd26b] INFO  - Starting extension with id "hivemq-dns-cluster-discovery" at /opt/hivemq/extensions/hivemq-dns-cluster-discovery
2025-01-29 18:40:02,763 INFO c.h.h.t.HelmChartContainer - [test-hivemq-platform] [hivemq] [ac0fd26b] INFO  - Using TCP cluster transport on address 10.42.0.10 and port 7000
2025-01-29 18:40:02,781 INFO c.h.h.t.HelmChartContainer - [test-hivemq-platform] [hivemq] [ac0fd26b] INFO  - Using extension cluster discovery
2025-01-29 18:40:02,882 INFO c.h.h.t.HelmChartContainer - [test-hivemq-platform] [hivemq] [ac0fd26b] INFO  - Extension "DNS Cluster Discovery Extension" version 4.3.2 started successfully.
2025-01-29 18:40:02,883 INFO c.h.h.t.HelmChartContainer - [test-hivemq-platform] [hivemq] [ac0fd26b] INFO  - Starting extension with id "hivemq-custom-test-extension" at /opt/hivemq/extensions/hivemq-custom-test-extension
2025-01-29 18:40:02,883 INFO c.h.h.t.HelmChartContainer - [test-hivemq-platform] [hivemq] [ac0fd26b] INFO  - HiveMQ Custom Test Extension started
2025-01-29 18:40:02,883 INFO c.h.h.t.HelmChartContainer - [test-hivemq-platform] [hivemq] [ac0fd26b] INFO  - Extension "HiveMQ Custom Test Extension" version 1.0.0 started successfully.
2025-01-29 18:40:02,883 INFO c.h.h.testcontainer.LogWaiterUtil - TEST Found log pattern on 'test-hivemq-platform-0': .*Extension "HiveMQ Custom Test Extension" version 1.0.0 started successfully.
2025-01-29 18:40:02,883 INFO c.h.h.t.HelmChartContainer - [test-hivemq-platform] [hivemq] [ac0fd26b] INFO  - Starting extension with id "hivemq-prometheus-extension" at /opt/hivemq/extensions/hivemq-prometheus-extension
2025-01-29 18:40:03,862 INFO c.h.h.t.HelmChartContainer - [test-hivemq-platform] [hivemq] [ac0fd26b] INFO  - Started Jetty Server exposing Prometheus Servlet on URI http://0.0.0.0:9399/
2025-01-29 18:40:03,863 INFO c.h.h.t.HelmChartContainer - [test-hivemq-platform] [hivemq] [ac0fd26b] INFO  - Extension "Prometheus Monitoring Extension" version 4.0.12 started successfully.
2025-01-29 18:40:03,863 INFO c.h.h.t.HelmChartContainer - [test-hivemq-platform] [hivemq] [ac0fd26b] INFO  - Starting extension with id "hivemq-allow-all-extension" at /opt/hivemq/extensions/hivemq-allow-all-extension
2025-01-29 18:40:03,863 INFO c.h.h.t.HelmChartContainer - [test-hivemq-platform] [hivemq] [ac0fd26b] WARN  - 
2025-01-29 18:40:03,863 INFO c.h.h.t.HelmChartContainer - [test-hivemq-platform] [hivemq] [ac0fd26b] ################################################################################################################
2025-01-29 18:40:03,863 INFO c.h.h.t.HelmChartContainer - [test-hivemq-platform] [hivemq] [ac0fd26b] # This HiveMQ deployment is not secure! You are lacking Authentication and Authorization.                      #
2025-01-29 18:40:03,863 INFO c.h.h.t.HelmChartContainer - [test-hivemq-platform] [hivemq] [ac0fd26b] # Right now any MQTT client can connect to the broker with a full set of permissions.                          #
2025-01-29 18:40:03,863 INFO c.h.h.t.HelmChartContainer - [test-hivemq-platform] [hivemq] [ac0fd26b] # For production usage, add an appropriate security extension and remove the hivemq-allow-all extension.       #
2025-01-29 18:40:03,864 INFO c.h.h.t.HelmChartContainer - [test-hivemq-platform] [hivemq] [ac0fd26b] # You can download security extensions from the HiveMQ Marketplace (https://www.hivemq.com/extensions/).       #
2025-01-29 18:40:03,864 INFO c.h.h.t.HelmChartContainer - [test-hivemq-platform] [hivemq] [ac0fd26b] ################################################################################################################
2025-01-29 18:40:03,864 INFO c.h.h.t.HelmChartContainer - [test-hivemq-platform] [hivemq] [ac0fd26b] INFO  - Extension "Allow All Extension" version 1.1.1 started successfully.
2025-01-29 18:40:05,125 INFO c.h.h.t.HelmChartContainer - [hivemq-test-hivemq-platform] [hivemq-platform-operator] [73d1d667] 18:40:05.124 [pool-6-thread-41] DEBUG c.h.p.o.d.PodServiceAccountResource - [helmcust] Desired PodServiceAccountResource (serviceAccountName: hivemq-platform-pod-test-hivemq-platform)
2025-01-29 18:40:05,128 INFO c.h.h.t.HelmChartContainer - [hivemq-test-hivemq-platform] [hivemq-platform-operator] [73d1d667] 18:40:05.124 [pool-6-thread-46] DEBUG c.h.p.o.dependants.PodInfoConfigMap - [helmcust] Desired PodInfo ConfigMap (1 extensions) (1 enabled)
2025-01-29 18:40:05,128 INFO c.h.h.t.HelmChartContainer - [hivemq-test-hivemq-platform] [hivemq-platform-operator] [73d1d667] 18:40:05.125 [pool-6-thread-46] DEBUG c.h.p.o.dependants.PodInfoConfigMap - [helmcust] Desired PodInfo ConfigMap (metrics port: 9399) (metrics path: /)
2025-01-29 18:40:05,128 INFO c.h.h.t.HelmChartContainer - [hivemq-test-hivemq-platform] [hivemq-platform-operator] [73d1d667] 18:40:05.125 [pool-6-thread-46] DEBUG c.h.p.o.dependants.PodInfoConfigMap - [helmcust] Desired PodInfo ConfigMap (extension state hash: -2048767907)
2025-01-29 18:40:05,129 INFO c.h.h.t.HelmChartContainer - [hivemq-test-hivemq-platform] [hivemq-platform-operator] [73d1d667] 18:40:05.123 [pool-6-thread-43] DEBUG c.h.p.o.d.PlatformServiceResource - [helmcust] Desired Platform services (3 services)
2025-01-29 18:40:05,135 INFO c.h.h.t.HelmChartContainer - [hivemq-test-hivemq-platform] [hivemq-platform-operator] [73d1d667] 18:40:05.134 [pool-6-thread-43] DEBUG c.h.p.o.d.StatefulSetResource - [helmcust] Desired StatefulSet (1 replicas) for status STARTING (READY)
2025-01-29 18:40:05,142 INFO c.h.h.t.HelmChartContainer - [hivemq-test-hivemq-platform] [hivemq-platform-operator] [73d1d667] 18:40:05.141 [ReconcilerExecutor-hivemq-controller-113] INFO  c.h.p.o.HiveMQPlatformReconciler - [helmcust] Reconciling HiveMQ Platform 'test-hivemq-platform' in namespace 'helmcustomextensionit'
2025-01-29 18:40:05,142 INFO c.h.h.t.HelmChartContainer - [hivemq-test-hivemq-platform] [hivemq-platform-operator] [73d1d667] 18:40:05.141 [ReconcilerExecutor-hivemq-controller-113] DEBUG c.h.p.o.HiveMQPlatformReconciler - [helmcust] Custom Resource Status STARTING - HiveMQ Platform is starting (READY)
2025-01-29 18:40:05,142 INFO c.h.h.t.HelmChartContainer - [hivemq-test-hivemq-platform] [hivemq-platform-operator] [73d1d667] 18:40:05.141 [ReconcilerExecutor-hivemq-controller-113] DEBUG c.h.p.o.HiveMQPlatformReconciler - [helmcust] Custom Resource Spec (replicas: 1) (extensions: 1)
2025-01-29 18:40:05,198 INFO c.h.h.t.HelmChartContainer - [hivemq-test-hivemq-platform] [hivemq-platform-operator] [73d1d667] 18:40:05.194 [ReconcilerExecutor-hivemq-controller-113] DEBUG c.h.p.o.HiveMQPlatformReconciler - [helmcust] StatefulSet Status (revision: test-hivemq-platform-796ccc778, replicas: 1, available: 0, ready: 0, current: 1, updated: 1)
2025-01-29 18:40:05,198 INFO c.h.h.t.HelmChartContainer - [hivemq-test-hivemq-platform] [hivemq-platform-operator] [73d1d667] 18:40:05.194 [ReconcilerExecutor-hivemq-controller-113] DEBUG c.h.p.o.HiveMQPlatformReconciler - [helmcust] StatefulSet Spec (replicas: 1, init containers: 1, containers: 1, volumes: 3)
2025-01-29 18:40:05,198 INFO c.h.h.t.HelmChartContainer - [hivemq-test-hivemq-platform] [hivemq-platform-operator] [73d1d667] 18:40:05.197 [ReconcilerExecutor-hivemq-controller-113] DEBUG c.h.p.o.h.HiveMQPlatformReconcilerErrorHandler - [helmcust] Pod 'test-hivemq-platform-0' phase Running
2025-01-29 18:40:05,198 INFO c.h.h.t.HelmChartContainer - [hivemq-test-hivemq-platform] [hivemq-platform-operator] [73d1d667] 18:40:05.198 [ReconcilerExecutor-hivemq-controller-113] INFO  c.h.p.o.h.HiveMQPlatformReconcilerBaseHandler - [helmcust] HiveMQ Platform is starting, 0 of 1 replicas are ready
2025-01-29 18:40:05,380 INFO c.h.h.t.HelmChartContainer - [test-hivemq-platform] [hivemq] [ac0fd26b] INFO  - [HiveMQ Platform Operator Init App 1.7.0-SNAPSHOT] Returning Health API response 503 for readiness
2025-01-29 18:40:05,385 INFO c.h.h.t.HelmChartContainer - [EVENT] Warning [Unhealthy] Readiness probe failed: HTTP probe failed with statuscode: 503 [helmcustomextensionit:test-hivemq-platform-0]
2025-01-29 18:40:05,385 INFO c.h.h.t.HelmChartContainer - Received Unhealthy event for container hivemq in pod test-hivemq-platform-0 [ac0fd26b-53df-4fa6-84a3-1f6911a8ce67]
2025-01-29 18:40:05,982 INFO c.h.h.t.HelmChartContainer - [test-hivemq-platform] [hivemq] [ac0fd26b] INFO  - e5Obt: no members discovered after 2522 ms: creating cluster as first member
2025-01-29 18:40:05,989 INFO c.h.h.t.HelmChartContainer - [test-hivemq-platform] [hivemq] [ac0fd26b] INFO  - Cluster nodes found by discovery: [e5Obt|0] (1) [e5Obt].
2025-01-29 18:40:06,082 INFO c.h.h.t.HelmChartContainer - [test-hivemq-platform] [hivemq] [ac0fd26b] WARN  - No user for HiveMQ Control Center configured. Starting with default user
2025-01-29 18:40:06,082 INFO c.h.h.t.HelmChartContainer - [test-hivemq-platform] [hivemq] [ac0fd26b] INFO  - Starting HiveMQ Control Center on address 0.0.0.0 and port 8080
2025-01-29 18:40:06,085 INFO c.h.h.t.HelmChartContainer - [test-hivemq-platform] [hivemq] [ac0fd26b] INFO  - Mounting HiveMQ Control Center V2 Preview
2025-01-29 18:40:06,690 INFO c.h.h.t.HelmChartContainer - [test-hivemq-platform] [hivemq] [ac0fd26b] INFO  - Started HiveMQ Control Center in 609ms
2025-01-29 18:40:06,778 INFO c.h.h.t.HelmChartContainer - [test-hivemq-platform] [hivemq] [ac0fd26b] INFO  - Starting TCP listener on address 0.0.0.0 and port 1883
2025-01-29 18:40:06,792 INFO c.h.h.t.HelmChartContainer - [test-hivemq-platform] [hivemq] [ac0fd26b] INFO  - Started TCP Listener on address 0.0.0.0 and on port 1883.
2025-01-29 18:40:06,793 INFO c.h.h.t.HelmChartContainer - [test-hivemq-platform] [hivemq] [ac0fd26b] INFO  - Started HiveMQ in 29914ms
2025-01-29 18:40:10,001 INFO c.h.h.t.HelmChartContainer - [test-hivemq-platform] [hivemq] [ac0fd26b] INFO  - [HiveMQ Platform Operator Init App 1.7.0-SNAPSHOT] Returning Health API response 200 for readiness
2025-01-29 18:40:10,013 INFO c.h.h.t.HelmChartContainer - [POD] test-hivemq-platform-0 [ac0fd26b-53df-4fa6-84a3-1f6911a8ce67] in helmcustomextensionit was MODIFIED
2025-01-29 18:40:10,028 INFO c.h.h.t.HelmChartContainer - [hivemq-test-hivemq-platform] [hivemq-platform-operator] [73d1d667] 18:40:10.021 [pool-6-thread-8] DEBUG c.h.p.o.d.PodServiceAccountResource - [helmcust] Desired PodServiceAccountResource (serviceAccountName: hivemq-platform-pod-test-hivemq-platform)
2025-01-29 18:40:10,029 INFO c.h.h.t.HelmChartContainer - [hivemq-test-hivemq-platform] [hivemq-platform-operator] [73d1d667] 18:40:10.022 [pool-6-thread-2] DEBUG c.h.p.o.dependants.PodInfoConfigMap - [helmcust] Desired PodInfo ConfigMap (1 extensions) (1 enabled)
2025-01-29 18:40:10,029 INFO c.h.h.t.HelmChartContainer - [hivemq-test-hivemq-platform] [hivemq-platform-operator] [73d1d667] 18:40:10.022 [pool-6-thread-2] DEBUG c.h.p.o.dependants.PodInfoConfigMap - [helmcust] Desired PodInfo ConfigMap (metrics port: 9399) (metrics path: /)
2025-01-29 18:40:10,029 INFO c.h.h.t.HelmChartContainer - [hivemq-test-hivemq-platform] [hivemq-platform-operator] [73d1d667] 18:40:10.022 [pool-6-thread-2] DEBUG c.h.p.o.dependants.PodInfoConfigMap - [helmcust] Desired PodInfo ConfigMap (extension state hash: -2048767907)
2025-01-29 18:40:10,029 INFO c.h.h.t.HelmChartContainer - [hivemq-test-hivemq-platform] [hivemq-platform-operator] [73d1d667] 18:40:10.023 [pool-6-thread-4] DEBUG c.h.p.o.d.PlatformServiceResource - [helmcust] Desired Platform services (3 services)
2025-01-29 18:40:10,032 INFO c.h.h.t.HelmChartContainer - [hivemq-test-hivemq-platform] [hivemq-platform-operator] [73d1d667] 18:40:10.028 [pool-6-thread-4] DEBUG c.h.p.o.d.StatefulSetResource - [helmcust] Desired StatefulSet (1 replicas) for status STARTING (READY)
2025-01-29 18:40:10,095 INFO c.h.h.t.HelmChartContainer - [hivemq-test-hivemq-platform] [hivemq-platform-operator] [73d1d667] 18:40:10.094 [ReconcilerExecutor-hivemq-controller-114] INFO  c.h.p.o.HiveMQPlatformReconciler - [helmcust] Reconciling HiveMQ Platform 'test-hivemq-platform' in namespace 'helmcustomextensionit'
2025-01-29 18:40:10,096 INFO c.h.h.t.HelmChartContainer - [hivemq-test-hivemq-platform] [hivemq-platform-operator] [73d1d667] 18:40:10.094 [ReconcilerExecutor-hivemq-controller-114] DEBUG c.h.p.o.HiveMQPlatformReconciler - [helmcust] Custom Resource Status STARTING - HiveMQ Platform is starting (READY)
2025-01-29 18:40:10,096 INFO c.h.h.t.HelmChartContainer - [hivemq-test-hivemq-platform] [hivemq-platform-operator] [73d1d667] 18:40:10.094 [ReconcilerExecutor-hivemq-controller-114] DEBUG c.h.p.o.HiveMQPlatformReconciler - [helmcust] Custom Resource Spec (replicas: 1) (extensions: 1)
2025-01-29 18:40:10,098 INFO c.h.h.t.HelmChartContainer - [hivemq-test-hivemq-platform] [hivemq-platform-operator] [73d1d667] 18:40:10.096 [ReconcilerExecutor-hivemq-controller-114] DEBUG c.h.p.o.HiveMQPlatformReconciler - [helmcust] StatefulSet Status (revision: test-hivemq-platform-796ccc778, replicas: 1, available: 1, ready: 1, current: 1, updated: 1)
2025-01-29 18:40:10,098 INFO c.h.h.t.HelmChartContainer - [hivemq-test-hivemq-platform] [hivemq-platform-operator] [73d1d667] 18:40:10.096 [ReconcilerExecutor-hivemq-controller-114] DEBUG c.h.p.o.HiveMQPlatformReconciler - [helmcust] StatefulSet Spec (replicas: 1, init containers: 1, containers: 1, volumes: 3)
2025-01-29 18:40:10,100 INFO c.h.h.t.HelmChartContainer - [hivemq-test-hivemq-platform] [hivemq-platform-operator] [73d1d667] 18:40:10.098 [ReconcilerExecutor-hivemq-controller-114] DEBUG c.h.p.o.h.HiveMQPlatformReconcilerErrorHandler - [helmcust] Pod 'test-hivemq-platform-0' phase Running
2025-01-29 18:40:10,100 INFO c.h.h.t.HelmChartContainer - [hivemq-test-hivemq-platform] [hivemq-platform-operator] [73d1d667] 18:40:10.098 [ReconcilerExecutor-hivemq-controller-114] INFO  c.h.p.o.h.HiveMQPlatformReconcilerBaseHandler - [helmcust] HiveMQ Platform started successfully
2025-01-29 18:40:10,196 INFO c.h.h.t.HelmChartContainer - [hivemq-test-hivemq-platform] [hivemq-platform-operator] [73d1d667] 18:40:10.195 [ReconcilerExecutor-hivemq-controller-114] DEBUG c.h.p.operator.event.EventSender - [helmcust] Creating K8s event hivemq-platform-ready: [Ready] HiveMQ Platform is ready
2025-01-29 18:40:10,209 INFO c.h.h.t.HelmChartContainer - [EVENT] Normal [Ready] HiveMQ Platform is ready [helmcustomextensionit:test-hivemq-platform]
2025-01-29 18:40:10,211 INFO c.h.h.t.HelmChartContainer - [hivemq-test-hivemq-platform] [hivemq-platform-operator] [73d1d667] 18:40:10.210 [ReconcilerExecutor-hivemq-controller-114] INFO  c.h.p.o.h.AbstractHiveMQReconcilerStateHandler - [helmcust] Update HiveMQ Platform Status (STARTING [READY] -> RUNNING [READY]): HiveMQ Platform is ready
2025-01-29 18:40:10,220 DEBUG com.hivemq.helmcharts.util.K8sUtil - Comparing actual state 'RUNNING' and waiting for 'RUNNING'
2025-01-29 18:40:10,298 INFO c.h.h.t.HelmChartContainer - [hivemq-test-hivemq-platform] [hivemq-platform-operator] [73d1d667] 18:40:10.296 [pool-6-thread-11] DEBUG c.h.p.o.dependants.PodInfoConfigMap - [helmcust] Desired PodInfo ConfigMap (1 extensions) (1 enabled)
2025-01-29 18:40:10,299 INFO c.h.h.t.HelmChartContainer - [hivemq-test-hivemq-platform] [hivemq-platform-operator] [73d1d667] 18:40:10.296 [pool-6-thread-11] DEBUG c.h.p.o.dependants.PodInfoConfigMap - [helmcust] Desired PodInfo ConfigMap (metrics port: 9399) (metrics path: /)
2025-01-29 18:40:10,299 INFO c.h.h.t.HelmChartContainer - [hivemq-test-hivemq-platform] [hivemq-platform-operator] [73d1d667] 18:40:10.296 [pool-6-thread-11] DEBUG c.h.p.o.dependants.PodInfoConfigMap - [helmcust] Desired PodInfo ConfigMap (extension state hash: -2048767907)
2025-01-29 18:40:10,299 INFO c.h.h.t.HelmChartContainer - [hivemq-test-hivemq-platform] [hivemq-platform-operator] [73d1d667] 18:40:10.297 [pool-6-thread-17] DEBUG c.h.p.o.d.PodServiceAccountResource - [helmcust] Desired PodServiceAccountResource (serviceAccountName: hivemq-platform-pod-test-hivemq-platform)
2025-01-29 18:40:10,299 INFO c.h.h.t.HelmChartContainer - [hivemq-test-hivemq-platform] [hivemq-platform-operator] [73d1d667] 18:40:10.296 [pool-6-thread-19] DEBUG c.h.p.o.d.PlatformServiceResource - [helmcust] Desired Platform services (3 services)
2025-01-29 18:40:10,302 INFO c.h.h.t.HelmChartContainer - [hivemq-test-hivemq-platform] [hivemq-platform-operator] [73d1d667] 18:40:10.297 [pool-6-thread-11] DEBUG c.h.p.o.dependants.PodInfoConfigMap - [helmcust] Update PodInfo ConfigMap
2025-01-29 18:40:10,311 INFO c.h.h.t.HelmChartContainer - [hivemq-test-hivemq-platform] [hivemq-platform-operator] [73d1d667] 18:40:10.310 [pool-6-thread-11] DEBUG c.h.p.o.d.StatefulSetResource - [helmcust] Desired StatefulSet (1 replicas) for status RUNNING (READY)
2025-01-29 18:40:10,395 INFO c.h.h.t.HelmChartContainer - [hivemq-test-hivemq-platform] [hivemq-platform-operator] [73d1d667] 18:40:10.394 [ReconcilerExecutor-hivemq-controller-115] INFO  c.h.p.o.HiveMQPlatformReconciler - [helmcust] Reconciling HiveMQ Platform 'test-hivemq-platform' in namespace 'helmcustomextensionit'
2025-01-29 18:40:10,397 INFO c.h.h.t.HelmChartContainer - [hivemq-test-hivemq-platform] [hivemq-platform-operator] [73d1d667] 18:40:10.394 [ReconcilerExecutor-hivemq-controller-115] DEBUG c.h.p.o.HiveMQPlatformReconciler - [helmcust] Custom Resource Status RUNNING - HiveMQ Platform is ready (READY)
2025-01-29 18:40:10,397 INFO c.h.h.t.HelmChartContainer - [hivemq-test-hivemq-platform] [hivemq-platform-operator] [73d1d667] 18:40:10.394 [ReconcilerExecutor-hivemq-controller-115] DEBUG c.h.p.o.HiveMQPlatformReconciler - [helmcust] Custom Resource Spec (replicas: 1) (extensions: 1)
2025-01-29 18:40:10,398 INFO c.h.h.t.HelmChartContainer - [hivemq-test-hivemq-platform] [hivemq-platform-operator] [73d1d667] 18:40:10.396 [ReconcilerExecutor-hivemq-controller-115] DEBUG c.h.p.o.HiveMQPlatformReconciler - [helmcust] StatefulSet Status (revision: test-hivemq-platform-796ccc778, replicas: 1, available: 1, ready: 1, current: 1, updated: 1)
2025-01-29 18:40:10,398 INFO c.h.h.t.HelmChartContainer - [hivemq-test-hivemq-platform] [hivemq-platform-operator] [73d1d667] 18:40:10.396 [ReconcilerExecutor-hivemq-controller-115] DEBUG c.h.p.o.HiveMQPlatformReconciler - [helmcust] StatefulSet Spec (replicas: 1, init containers: 1, containers: 1, volumes: 3)
2025-01-29 18:40:10,399 INFO c.h.h.t.HelmChartContainer - [hivemq-test-hivemq-platform] [hivemq-platform-operator] [73d1d667] 18:40:10.398 [ReconcilerExecutor-hivemq-controller-115] DEBUG c.h.p.o.h.HiveMQPlatformReconcilerErrorHandler - [helmcust] Pod 'test-hivemq-platform-0' phase Running
2025-01-29 18:40:12,229 INFO c.h.h.t.HelmChartContainer - Uninstalling release 'test-hivemq-platform' in namespace 'helmcustomextensionit'...
2025-01-29 18:40:12,229 DEBUG c.h.h.t.HelmChartContainer - Executing helm command: /bin/helm --kubeconfig /etc/rancher/k3s/k3s.yaml uninstall test-hivemq-platform  --wait --timeout 5m0s --cascade foreground --namespace helmcustomextensionit
2025-01-29 18:40:12,432 INFO c.h.h.t.HelmChartContainer - [hivemq-test-hivemq-platform] [hivemq-platform-operator] [73d1d667] 18:40:12.427 [pool-6-thread-26] DEBUG c.h.p.o.d.PlatformServiceResource - [helmcust] Desired Platform services (3 services)
2025-01-29 18:40:12,496 INFO c.h.h.t.HelmChartContainer - [hivemq-test-hivemq-platform] [hivemq-platform-operator] [73d1d667] 18:40:12.428 [pool-6-thread-24] DEBUG c.h.p.o.dependants.PodInfoConfigMap - [helmcust] Desired PodInfo ConfigMap (1 extensions) (1 enabled)
2025-01-29 18:40:12,498 INFO c.h.h.t.HelmChartContainer - [hivemq-test-hivemq-platform] [hivemq-platform-operator] [73d1d667] 18:40:12.493 [pool-6-thread-24] DEBUG c.h.p.o.dependants.PodInfoConfigMap - [helmcust] Desired PodInfo ConfigMap (metrics port: 9399) (metrics path: /)
2025-01-29 18:40:12,498 INFO c.h.h.t.HelmChartContainer - [hivemq-test-hivemq-platform] [hivemq-platform-operator] [73d1d667] 18:40:12.495 [pool-6-thread-27] DEBUG c.h.p.o.d.PodServiceAccountResource - [helmcust] Desired PodServiceAccountResource (serviceAccountName: hivemq-platform-pod-test-hivemq-platform)
2025-01-29 18:40:12,499 INFO c.h.h.t.HelmChartContainer - [hivemq-test-hivemq-platform] [hivemq-platform-operator] [73d1d667] 18:40:12.497 [pool-6-thread-24] DEBUG c.h.p.o.dependants.PodInfoConfigMap - [helmcust] Desired PodInfo ConfigMap (extension state hash: -2048767907)
2025-01-29 18:40:12,506 INFO c.h.h.t.HelmChartContainer - [hivemq-test-hivemq-platform] [hivemq-platform-operator] [73d1d667] 18:40:12.501 [pool-6-thread-23] DEBUG c.h.p.o.d.StatefulSetResource - [helmcust] Desired StatefulSet (1 replicas) for status RUNNING (READY)
2025-01-29 18:40:12,512 INFO c.h.h.t.HelmChartContainer - [hivemq-test-hivemq-platform] [hivemq-platform-operator] [73d1d667] 18:40:12.509 [ReconcilerExecutor-hivemq-controller-116] INFO  c.h.p.o.HiveMQPlatformReconciler - [helmcust] Reconciling HiveMQ Platform 'test-hivemq-platform' in namespace 'helmcustomextensionit'
2025-01-29 18:40:12,512 INFO c.h.h.t.HelmChartContainer - [hivemq-test-hivemq-platform] [hivemq-platform-operator] [73d1d667] 18:40:12.509 [ReconcilerExecutor-hivemq-controller-116] DEBUG c.h.p.o.HiveMQPlatformReconciler - [helmcust] Custom Resource Status RUNNING - HiveMQ Platform is ready (READY)
2025-01-29 18:40:12,512 INFO c.h.h.t.HelmChartContainer - [hivemq-test-hivemq-platform] [hivemq-platform-operator] [73d1d667] 18:40:12.509 [ReconcilerExecutor-hivemq-controller-116] DEBUG c.h.p.o.HiveMQPlatformReconciler - [helmcust] Custom Resource Spec (replicas: 1) (extensions: 1)
2025-01-29 18:40:12,596 INFO c.h.h.t.HelmChartContainer - [hivemq-test-hivemq-platform] [hivemq-platform-operator] [73d1d667] 18:40:12.594 [ReconcilerExecutor-hivemq-controller-116] WARN  c.h.p.o.h.HiveMQPlatformReconcilerErrorHandler - [helmcust] Could not find ConfigMap 'hivemq-configuration-test-hivemq-platform' for HiveMQ Platform configuration
2025-01-29 18:40:12,705 INFO c.h.h.t.HelmChartContainer - [hivemq-test-hivemq-platform] [hivemq-platform-operator] [73d1d667] 18:40:12.704 [ReconcilerExecutor-hivemq-controller-116] DEBUG c.h.p.operator.event.EventSender - [helmcust] Creating K8s event hivemq-platform-invalid-configuration: [Start] Could not find ConfigMap 'hivemq-configuration-test-hivemq-platform' for HiveMQ Platform configuration
2025-01-29 18:40:12,708 INFO c.h.h.t.HelmChartContainer - [EVENT] Warning [Start] Could not find ConfigMap 'hivemq-configuration-test-hivemq-platform' for HiveMQ Platform configuration [helmcustomextensionit:test-hivemq-platform]
2025-01-29 18:40:12,709 INFO c.h.h.t.HelmChartContainer - [hivemq-test-hivemq-platform] [hivemq-platform-operator] [73d1d667] 18:40:12.708 [ReconcilerExecutor-hivemq-controller-116] INFO  c.h.p.o.h.AbstractHiveMQReconcilerStateHandler - [helmcust] Update HiveMQ Platform Status (RUNNING [READY] -> ERROR [INVALID_CONFIG_MAP]): Could not find ConfigMap 'hivemq-configuration-test-hivemq-platform' for HiveMQ Platform configuration
2025-01-29 18:40:12,720 INFO c.h.h.t.HelmChartContainer - [hivemq-test-hivemq-platform] [hivemq-platform-operator] [73d1d667] 18:40:12.715 [ReconcilerExecutor-hivemq-controller-116] ERROR i.j.o.p.event.EventProcessor - Error during event processing ExecutionScope{ resource id: ResourceID{name='test-hivemq-platform', namespace='helmcustomextensionit'}, version: 944}
2025-01-29 18:40:12,720 INFO c.h.h.t.HelmChartContainer - [hivemq-test-hivemq-platform] [hivemq-platform-operator] [73d1d667] io.fabric8.kubernetes.client.KubernetesClientException: Failure executing: PUT at: https://10.43.0.1:443/apis/hivemq.com/v1/namespaces/helmcustomextensionit/hivemq-platforms/test-hivemq-platform/status. Message: Operation cannot be fulfilled on hivemq-platforms.hivemq.com "test-hivemq-platform": the object has been modified; please apply your changes to the latest version and try again. Received status: Status(apiVersion=v1, code=409, details=StatusDetails(causes=[], group=hivemq.com, kind=hivemq-platforms, name=test-hivemq-platform, retryAfterSeconds=null, uid=null, additionalProperties={}), kind=Status, message=Operation cannot be fulfilled on hivemq-platforms.hivemq.com "test-hivemq-platform": the object has been modified; please apply your changes to the latest version and try again, metadata=ListMeta(_continue=null, remainingItemCount=null, resourceVersion=null, selfLink=null, additionalProperties={}), reason=Conflict, status=Failure, additionalProperties={}).
2025-01-29 18:40:12,720 INFO c.h.h.t.HelmChartContainer - [hivemq-test-hivemq-platform] [hivemq-platform-operator] [73d1d667] 	at io.fabric8.kubernetes.client.KubernetesClientException.copyAsCause(KubernetesClientException.java:238)
2025-01-29 18:40:12,720 INFO c.h.h.t.HelmChartContainer - [hivemq-test-hivemq-platform] [hivemq-platform-operator] [73d1d667] 	at io.fabric8.kubernetes.client.dsl.internal.OperationSupport.waitForResult(OperationSupport.java:507)
2025-01-29 18:40:12,720 INFO c.h.h.t.HelmChartContainer - [hivemq-test-hivemq-platform] [hivemq-platform-operator] [73d1d667] 	at io.fabric8.kubernetes.client.dsl.internal.OperationSupport.handleResponse(OperationSupport.java:524)
2025-01-29 18:40:12,721 INFO c.h.h.t.HelmChartContainer - [hivemq-test-hivemq-platform] [hivemq-platform-operator] [73d1d667] 	at io.fabric8.kubernetes.client.dsl.internal.OperationSupport.handleUpdate(OperationSupport.java:358)
2025-01-29 18:40:12,721 INFO c.h.h.t.HelmChartContainer - [hivemq-test-hivemq-platform] [hivemq-platform-operator] [73d1d667] 	at io.fabric8.kubernetes.client.dsl.internal.BaseOperation.handleUpdate(BaseOperation.java:759)
2025-01-29 18:40:12,721 INFO c.h.h.t.HelmChartContainer - [hivemq-test-hivemq-platform] [hivemq-platform-operator] [73d1d667] 	at io.fabric8.kubernetes.client.dsl.internal.HasMetadataOperation.update(HasMetadataOperation.java:138)
2025-01-29 18:40:12,721 INFO c.h.h.t.HelmChartContainer - [hivemq-test-hivemq-platform] [hivemq-platform-operator] [73d1d667] 	at io.fabric8.kubernetes.client.dsl.internal.HasMetadataOperation.update(HasMetadataOperation.java:121)
2025-01-29 18:40:12,721 INFO c.h.h.t.HelmChartContainer - [hivemq-test-hivemq-platform] [hivemq-platform-operator] [73d1d667] 	at io.fabric8.kubernetes.client.dsl.internal.HasMetadataOperation.updateStatus(HasMetadataOperation.java:126)
2025-01-29 18:40:12,721 INFO c.h.h.t.HelmChartContainer - [hivemq-test-hivemq-platform] [hivemq-platform-operator] [73d1d667] 	at io.fabric8.kubernetes.client.dsl.internal.HasMetadataOperation.updateStatus(HasMetadataOperation.java:44)
2025-01-29 18:40:12,721 INFO c.h.h.t.HelmChartContainer - [hivemq-test-hivemq-platform] [hivemq-platform-operator] [73d1d667] 	at io.javaoperatorsdk.operator.processing.event.ReconciliationDispatcher$CustomResourceFacade.updateStatus(ReconciliationDispatcher.java:408)
2025-01-29 18:40:12,721 INFO c.h.h.t.HelmChartContainer - [hivemq-test-hivemq-platform] [hivemq-platform-operator] [73d1d667] 	at io.javaoperatorsdk.operator.processing.event.ReconciliationDispatcher.updateStatusGenerationAware(ReconciliationDispatcher.java:228)
2025-01-29 18:40:12,721 INFO c.h.h.t.HelmChartContainer - [hivemq-test-hivemq-platform] [hivemq-platform-operator] [73d1d667] 	at io.javaoperatorsdk.operator.processing.event.ReconciliationDispatcher.reconcileExecution(ReconciliationDispatcher.java:150)
2025-01-29 18:40:12,721 INFO c.h.h.t.HelmChartContainer - [hivemq-test-hivemq-platform] [hivemq-platform-operator] [73d1d667] 	at io.javaoperatorsdk.operator.processing.event.ReconciliationDispatcher.handleReconcile(ReconciliationDispatcher.java:117)
2025-01-29 18:40:12,721 INFO c.h.h.t.HelmChartContainer - [hivemq-test-hivemq-platform] [hivemq-platform-operator] [73d1d667] 	at io.javaoperatorsdk.operator.processing.event.ReconciliationDispatcher.handleDispatch(ReconciliationDispatcher.java:91)
2025-01-29 18:40:12,721 INFO c.h.h.t.HelmChartContainer - [hivemq-test-hivemq-platform] [hivemq-platform-operator] [73d1d667] 	at io.javaoperatorsdk.operator.processing.event.ReconciliationDispatcher.handleExecution(ReconciliationDispatcher.java:64)
2025-01-29 18:40:12,721 INFO c.h.h.t.HelmChartContainer - [hivemq-test-hivemq-platform] [hivemq-platform-operator] [73d1d667] 	at io.javaoperatorsdk.operator.processing.event.EventProcessor$ReconcilerExecutor.run(EventProcessor.java:452)
2025-01-29 18:40:12,721 INFO c.h.h.t.HelmChartContainer - [hivemq-test-hivemq-platform] [hivemq-platform-operator] [73d1d667] 	at java.base/java.util.concurrent.ThreadPoolExecutor.runWorker(Unknown Source)
2025-01-29 18:40:12,721 INFO c.h.h.t.HelmChartContainer - [hivemq-test-hivemq-platform] [hivemq-platform-operator] [73d1d667] 	at java.base/java.util.concurrent.ThreadPoolExecutor$Worker.run(Unknown Source)
2025-01-29 18:40:12,721 INFO c.h.h.t.HelmChartContainer - [hivemq-test-hivemq-platform] [hivemq-platform-operator] [73d1d667] 	at java.base/java.lang.Thread.run(Unknown Source)
2025-01-29 18:40:12,722 INFO c.h.h.t.HelmChartContainer - [hivemq-test-hivemq-platform] [hivemq-platform-operator] [73d1d667] Caused by: io.fabric8.kubernetes.client.KubernetesClientException: Failure executing: PUT at: https://10.43.0.1:443/apis/hivemq.com/v1/namespaces/helmcustomextensionit/hivemq-platforms/test-hivemq-platform/status. Message: Operation cannot be fulfilled on hivemq-platforms.hivemq.com "test-hivemq-platform": the object has been modified; please apply your changes to the latest version and try again. Received status: Status(apiVersion=v1, code=409, details=StatusDetails(causes=[], group=hivemq.com, kind=hivemq-platforms, name=test-hivemq-platform, retryAfterSeconds=null, uid=null, additionalProperties={}), kind=Status, message=Operation cannot be fulfilled on hivemq-platforms.hivemq.com "test-hivemq-platform": the object has been modified; please apply your changes to the latest version and try again, metadata=ListMeta(_continue=null, remainingItemCount=null, resourceVersion=null, selfLink=null, additionalProperties={}), reason=Conflict, status=Failure, additionalProperties={}).
2025-01-29 18:40:12,722 INFO c.h.h.t.HelmChartContainer - [hivemq-test-hivemq-platform] [hivemq-platform-operator] [73d1d667] 	at io.fabric8.kubernetes.client.dsl.internal.OperationSupport.requestFailure(OperationSupport.java:660)
2025-01-29 18:40:12,722 INFO c.h.h.t.HelmChartContainer - [hivemq-test-hivemq-platform] [hivemq-platform-operator] [73d1d667] 	at io.fabric8.kubernetes.client.dsl.internal.OperationSupport.requestFailure(OperationSupport.java:640)
2025-01-29 18:40:12,722 INFO c.h.h.t.HelmChartContainer - [hivemq-test-hivemq-platform] [hivemq-platform-operator] [73d1d667] 	at io.fabric8.kubernetes.client.dsl.internal.OperationSupport.assertResponseCode(OperationSupport.java:589)
2025-01-29 18:40:12,722 INFO c.h.h.t.HelmChartContainer - [hivemq-test-hivemq-platform] [hivemq-platform-operator] [73d1d667] 	at io.fabric8.kubernetes.client.dsl.internal.OperationSupport.lambda$handleResponse$0(OperationSupport.java:549)
2025-01-29 18:40:12,722 INFO c.h.h.t.HelmChartContainer - [hivemq-test-hivemq-platform] [hivemq-platform-operator] [73d1d667] 	at java.base/java.util.concurrent.CompletableFuture$UniApply.tryFire(Unknown Source)
2025-01-29 18:40:12,722 INFO c.h.h.t.HelmChartContainer - [hivemq-test-hivemq-platform] [hivemq-platform-operator] [73d1d667] 	at java.base/java.util.concurrent.CompletableFuture.postComplete(Unknown Source)
2025-01-29 18:40:12,722 INFO c.h.h.t.HelmChartContainer - [hivemq-test-hivemq-platform] [hivemq-platform-operator] [73d1d667] 	at java.base/java.util.concurrent.CompletableFuture.complete(Unknown Source)
2025-01-29 18:40:12,722 INFO c.h.h.t.HelmChartContainer - [hivemq-test-hivemq-platform] [hivemq-platform-operator] [73d1d667] 	at io.fabric8.kubernetes.client.http.StandardHttpClient.lambda$completeOrCancel$10(StandardHttpClient.java:141)
2025-01-29 18:40:12,723 INFO c.h.h.t.HelmChartContainer - [hivemq-test-hivemq-platform] [hivemq-platform-operator] [73d1d667] 	at java.base/java.util.concurrent.CompletableFuture.uniWhenComplete(Unknown Source)
2025-01-29 18:40:12,723 INFO c.h.h.t.HelmChartContainer - [hivemq-test-hivemq-platform] [hivemq-platform-operator] [73d1d667] 	at java.base/java.util.concurrent.CompletableFuture$UniWhenComplete.tryFire(Unknown Source)
2025-01-29 18:40:12,723 INFO c.h.h.t.HelmChartContainer - [hivemq-test-hivemq-platform] [hivemq-platform-operator] [73d1d667] 	at java.base/java.util.concurrent.CompletableFuture.postComplete(Unknown Source)
2025-01-29 18:40:12,723 INFO c.h.h.t.HelmChartContainer - [hivemq-test-hivemq-platform] [hivemq-platform-operator] [73d1d667] 	at java.base/java.util.concurrent.CompletableFuture.complete(Unknown Source)
2025-01-29 18:40:12,723 INFO c.h.h.t.HelmChartContainer - [hivemq-test-hivemq-platform] [hivemq-platform-operator] [73d1d667] 	at io.fabric8.kubernetes.client.http.ByteArrayBodyHandler.onBodyDone(ByteArrayBodyHandler.java:51)
2025-01-29 18:40:12,723 INFO c.h.h.t.HelmChartContainer - [hivemq-test-hivemq-platform] [hivemq-platform-operator] [73d1d667] 	at java.base/java.util.concurrent.CompletableFuture.uniWhenComplete(Unknown Source)
2025-01-29 18:40:12,723 INFO c.h.h.t.HelmChartContainer - [hivemq-test-hivemq-platform] [hivemq-platform-operator] [73d1d667] 	at java.base/java.util.concurrent.CompletableFuture$UniWhenComplete.tryFire(Unknown Source)
2025-01-29 18:40:12,723 INFO c.h.h.t.HelmChartContainer - [hivemq-test-hivemq-platform] [hivemq-platform-operator] [73d1d667] 	at java.base/java.util.concurrent.CompletableFuture.postComplete(Unknown Source)
2025-01-29 18:40:12,724 INFO c.h.h.t.HelmChartContainer - [hivemq-test-hivemq-platform] [hivemq-platform-operator] [73d1d667] 	at java.base/java.util.concurrent.CompletableFuture.complete(Unknown Source)
2025-01-29 18:40:12,724 INFO c.h.h.t.HelmChartContainer - [hivemq-test-hivemq-platform] [hivemq-platform-operator] [73d1d667] 	at io.fabric8.kubernetes.client.vertx.VertxHttpRequest.lambda$null$1(VertxHttpRequest.java:121)
2025-01-29 18:40:12,724 INFO c.h.h.t.HelmChartContainer - [hivemq-test-hivemq-platform] [hivemq-platform-operator] [73d1d667] 	at io.vertx.core.impl.ContextInternal.dispatch(ContextInternal.java:279)
2025-01-29 18:40:12,724 INFO c.h.h.t.HelmChartContainer - [hivemq-test-hivemq-platform] [hivemq-platform-operator] [73d1d667] 	at io.vertx.core.impl.ContextInternal.dispatch(ContextInternal.java:261)
2025-01-29 18:40:12,724 INFO c.h.h.t.HelmChartContainer - [hivemq-test-hivemq-platform] [hivemq-platform-operator] [73d1d667] 	at io.vertx.core.http.impl.HttpEventHandler.handleEnd(HttpEventHandler.java:76)
2025-01-29 18:40:12,724 INFO c.h.h.t.HelmChartContainer - [hivemq-test-hivemq-platform] [hivemq-platform-operator] [73d1d667] 	at io.vertx.core.http.impl.HttpClientResponseImpl.handleEnd(HttpClientResponseImpl.java:250)
2025-01-29 18:40:12,724 INFO c.h.h.t.HelmChartContainer - [hivemq-test-hivemq-platform] [hivemq-platform-operator] [73d1d667] 	at io.vertx.core.http.impl.Http1xClientConnection$StreamImpl.lambda$new$0(Http1xClientConnection.java:421)
2025-01-29 18:40:12,724 INFO c.h.h.t.HelmChartContainer - [hivemq-test-hivemq-platform] [hivemq-platform-operator] [73d1d667] 	at io.vertx.core.streams.impl.InboundBuffer.handleEvent(InboundBuffer.java:279)
2025-01-29 18:40:12,724 INFO c.h.h.t.HelmChartContainer - [hivemq-test-hivemq-platform] [hivemq-platform-operator] [73d1d667] 	at io.vertx.core.streams.impl.InboundBuffer.write(InboundBuffer.java:157)
2025-01-29 18:40:12,724 INFO c.h.h.t.HelmChartContainer - [hivemq-test-hivemq-platform] [hivemq-platform-operator] [73d1d667] 	at io.vertx.core.http.impl.Http1xClientConnection$StreamImpl.handleEnd(Http1xClientConnection.java:709)
2025-01-29 18:40:12,724 INFO c.h.h.t.HelmChartContainer - [hivemq-test-hivemq-platform] [hivemq-platform-operator] [73d1d667] 	at io.vertx.core.impl.ContextImpl.lambda$execute$4(ContextImpl.java:315)
2025-01-29 18:40:12,724 INFO c.h.h.t.HelmChartContainer - [hivemq-test-hivemq-platform] [hivemq-platform-operator] [73d1d667] 	at io.netty.util.concurrent.AbstractEventExecutor.runTask(AbstractEventExecutor.java:173)
2025-01-29 18:40:12,724 INFO c.h.h.t.HelmChartContainer - [hivemq-test-hivemq-platform] [hivemq-platform-operator] [73d1d667] 	at io.netty.util.concurrent.AbstractEventExecutor.safeExecute(AbstractEventExecutor.java:166)
2025-01-29 18:40:12,725 INFO c.h.h.t.HelmChartContainer - [hivemq-test-hivemq-platform] [hivemq-platform-operator] [73d1d667] 	at io.netty.util.concurrent.SingleThreadEventExecutor.runAllTasks(SingleThreadEventExecutor.java:472)
2025-01-29 18:40:12,725 INFO c.h.h.t.HelmChartContainer - [hivemq-test-hivemq-platform] [hivemq-platform-operator] [73d1d667] 	at io.netty.channel.nio.NioEventLoop.run(NioEventLoop.java:569)
2025-01-29 18:40:12,725 INFO c.h.h.t.HelmChartContainer - [hivemq-test-hivemq-platform] [hivemq-platform-operator] [73d1d667] 	at io.netty.util.concurrent.SingleThreadEventExecutor$4.run(SingleThreadEventExecutor.java:997)
2025-01-29 18:40:12,725 INFO c.h.h.t.HelmChartContainer - [hivemq-test-hivemq-platform] [hivemq-platform-operator] [73d1d667] 	at io.netty.util.internal.ThreadExecutorMap$2.run(ThreadExecutorMap.java:74)
2025-01-29 18:40:12,725 INFO c.h.h.t.HelmChartContainer - [hivemq-test-hivemq-platform] [hivemq-platform-operator] [73d1d667] 	at io.netty.util.concurrent.FastThreadLocalRunnable.run(FastThreadLocalRunnable.java:30)
2025-01-29 18:40:12,725 INFO c.h.h.t.HelmChartContainer - [hivemq-test-hivemq-platform] [hivemq-platform-operator] [73d1d667] 	... 1 common frames omitted
2025-01-29 18:40:12,725 INFO c.h.h.t.HelmChartContainer - [hivemq-test-hivemq-platform] [hivemq-platform-operator] [73d1d667] 18:40:12.722 [ReconcilerExecutor-hivemq-controller-121] INFO  c.h.p.o.HiveMQPlatformReconciler - [helmcust] Cleanup test-hivemq-platform - helmcustomextensionit HiveMQ Platform is shut down
2025-01-29 18:40:13,163 INFO c.h.h.t.HelmChartContainer - [POD] test-hivemq-platform-0 [ac0fd26b-53df-4fa6-84a3-1f6911a8ce67] in helmcustomextensionit was MODIFIED
2025-01-29 18:40:13,166 INFO c.h.h.t.HelmChartContainer - [EVENT] Normal [Killing] Stopping container hivemq [helmcustomextensionit:test-hivemq-platform-0]
2025-01-29 18:40:13,166 INFO c.h.h.t.HelmChartContainer - Received Killing event for container hivemq in pod test-hivemq-platform-0 [ac0fd26b-53df-4fa6-84a3-1f6911a8ce67]
2025-01-29 18:40:13,166 INFO c.h.h.t.HelmChartContainer - Container [test-hivemq-platform-0] [hivemq] [ac0fd26b-53df-4fa6-84a3-1f6911a8ce67] was terminated
2025-01-29 18:40:13,166 INFO c.h.h.t.HelmChartContainer - Stopped log watcher for hivemq in pod test-hivemq-platform-0 [ac0fd26b-53df-4fa6-84a3-1f6911a8ce67]
2025-01-29 18:40:13,172 INFO c.h.h.t.HelmChartContainer - [test-hivemq-platform] [hivemq] [ac0fd26b] INFO  - [HiveMQ Platform Operator Init App 1.7.0-SNAPSHOT] Shutting down
2025-01-29 18:40:13,172 INFO c.h.h.t.HelmChartContainer - [test-hivemq-platform] [hivemq] [ac0fd26b] INFO  - [HiveMQ Platform Operator Init App 1.7.0-SNAPSHOT] Stopping the HiveMQ Platform
2025-01-29 18:40:13,290 INFO c.h.h.t.HelmChartContainer - [test-hivemq-platform] [hivemq] [ac0fd26b] INFO  - Shutting down HiveMQ. Please wait, this could take a while...
2025-01-29 18:40:13,362 INFO c.h.h.t.HelmChartContainer - [test-hivemq-platform] [hivemq] [ac0fd26b] INFO  - Shutting down listeners and clients
2025-01-29 18:40:13,377 INFO c.h.h.t.HelmChartContainer - [test-hivemq-platform] [hivemq] [ac0fd26b] INFO  - Shutdown of listeners is done
2025-01-29 18:40:13,378 INFO c.h.h.t.HelmChartContainer - [test-hivemq-platform] [hivemq] [ac0fd26b] INFO  - No clients are connected, proceeding with shutdown
2025-01-29 18:40:14,481 INFO c.h.h.t.HelmChartContainer - Deleting namespace 'helmcustomextensionit'...
2025-01-29 18:40:14,996 INFO c.h.h.t.HelmChartContainer - [test-hivemq-platform] [hivemq] [ac0fd26b] INFO  - [HiveMQ Platform Operator Init App 1.7.0-SNAPSHOT] Returning shutdown Health API response 503 for readiness
2025-01-29 18:40:15,000 INFO c.h.h.t.HelmChartContainer - [EVENT] Warning [Unhealthy] Readiness probe failed: HTTP probe failed with statuscode: 503 [helmcustomextensionit:test-hivemq-platform-0]
2025-01-29 18:40:15,000 INFO c.h.h.t.HelmChartContainer - Received Unhealthy event for container hivemq in pod test-hivemq-platform-0 [ac0fd26b-53df-4fa6-84a3-1f6911a8ce67]
2025-01-29 18:40:15,396 INFO c.h.h.t.HelmChartContainer - [K3S] [authentication.go:74] "Unable to authenticate the request" err="[invalid bearer token, serviceaccounts \"hivemq-platform-pod-test-hivemq-platform\" not found]"
2025-01-29 18:40:15,419 INFO c.h.h.t.HelmChartContainer - [K3S] [authentication.go:74] "Unable to authenticate the request" err="[invalid bearer token, serviceaccounts \"hivemq-platform-pod-test-hivemq-platform\" not found]"
2025-01-29 18:40:15,480 INFO c.h.h.t.HelmChartContainer - [test-hivemq-platform] [hivemq] [ac0fd26b] WARN  - [HiveMQ Platform Operator Init App 1.7.0-SNAPSHOT] Could not update Pod annotations: Failure executing: GET at: https://10.43.0.1:443/api/v1/namespaces/helmcustomextensionit/pods/test-hivemq-platform-0. Message: Unauthorized. Received status: Status(apiVersion=v1, code=401, details=null, kind=Status, message=Unauthorized, metadata=ListMeta(_continue=null, remainingItemCount=null, resourceVersion=null, selfLink=null, additionalProperties={}), reason=Unauthorized, status=Failure, additionalProperties={}).
2025-01-29 18:40:16,985 INFO c.h.h.t.HelmChartContainer - [test-hivemq-platform] [hivemq] [ac0fd26b] INFO  - Shutting down extension system
2025-01-29 18:40:16,987 INFO c.h.h.t.HelmChartContainer - [test-hivemq-platform] [hivemq] [ac0fd26b] INFO  - Stopping extension with id hivemq-dns-cluster-discovery
2025-01-29 18:40:16,987 INFO c.h.h.t.HelmChartContainer - [test-hivemq-platform] [hivemq] [ac0fd26b] INFO  - Extension "DNS Cluster Discovery Extension" version 4.3.2 stopped successfully.
2025-01-29 18:40:16,988 INFO c.h.h.t.HelmChartContainer - [test-hivemq-platform] [hivemq] [ac0fd26b] INFO  - Stopping extension with id hivemq-custom-test-extension
2025-01-29 18:40:16,989 INFO c.h.h.t.HelmChartContainer - [test-hivemq-platform] [hivemq] [ac0fd26b] INFO  - HiveMQ Custom Test Extension stopped
2025-01-29 18:40:16,989 INFO c.h.h.t.HelmChartContainer - [test-hivemq-platform] [hivemq] [ac0fd26b] INFO  - Extension "HiveMQ Custom Test Extension" version 1.0.0 stopped successfully.
2025-01-29 18:40:16,989 INFO c.h.h.t.HelmChartContainer - [test-hivemq-platform] [hivemq] [ac0fd26b] INFO  - Stopping extension with id hivemq-prometheus-extension
2025-01-29 18:40:16,993 INFO c.h.h.t.HelmChartContainer - [test-hivemq-platform] [hivemq] [ac0fd26b] INFO  - Extension "Prometheus Monitoring Extension" version 4.0.12 stopped successfully.
2025-01-29 18:40:16,993 INFO c.h.h.t.HelmChartContainer - [test-hivemq-platform] [hivemq] [ac0fd26b] INFO  - Stopping extension with id hivemq-allow-all-extension
2025-01-29 18:40:16,994 INFO c.h.h.t.HelmChartContainer - [test-hivemq-platform] [hivemq] [ac0fd26b] INFO  - Extension "Allow All Extension" version 1.1.1 stopped successfully.
2025-01-29 18:40:19,281 INFO c.h.h.t.HelmChartContainer - [test-hivemq-platform] [hivemq] [ac0fd26b] INFO  - Shutdown completed.
2025-01-29 18:40:19,517 INFO c.h.h.t.HelmChartContainer - [POD] nginx-6bc4698784-pfv92 [1220ae2a-3fb8-41c3-9f06-c0de019bfed4] in helmcustomextensionit was MODIFIED
2025-01-29 18:40:19,524 INFO c.h.h.t.HelmChartContainer - [K3S] [replica_set.go:679] "Finished syncing" kind="ReplicaSet" key="helmcustomextensionit/nginx-6bc4698784" duration="11.92579ms"
2025-01-29 18:40:19,525 INFO c.h.h.t.HelmChartContainer - [nginx-6bc4698784-pfv] [nginx] [1220ae2a] 2025/01/29 18:40:19 [notice] 1#1: signal 3 (SIGQUIT) received, shutting down
2025-01-29 18:40:19,525 INFO c.h.h.t.HelmChartContainer - [nginx-6bc4698784-pfv] [nginx] [1220ae2a] 2025/01/29 18:40:19 [notice] 30#30: gracefully shutting down
2025-01-29 18:40:19,525 INFO c.h.h.t.HelmChartContainer - [nginx-6bc4698784-pfv] [nginx] [1220ae2a] 2025/01/29 18:40:19 [notice] 30#30: exiting
2025-01-29 18:40:19,528 INFO c.h.h.t.HelmChartContainer - [K3S] [replica_set.go:679] "Finished syncing" kind="ReplicaSet" key="helmcustomextensionit/nginx-6bc4698784" duration="28.343µs"
2025-01-29 18:40:19,530 INFO c.h.h.t.HelmChartContainer - [nginx-6bc4698784-pfv] [nginx] [1220ae2a] 2025/01/29 18:40:19 [notice] 29#29: gracefully shutting down
2025-01-29 18:40:19,531 INFO c.h.h.t.HelmChartContainer - [nginx-6bc4698784-pfv] [nginx] [1220ae2a] 2025/01/29 18:40:19 [notice] 29#29: exiting
2025-01-29 18:40:19,531 INFO c.h.h.t.HelmChartContainer - [nginx-6bc4698784-pfv] [nginx] [1220ae2a] 2025/01/29 18:40:19 [notice] 29#29: exit
2025-01-29 18:40:19,531 INFO c.h.h.t.HelmChartContainer - [nginx-6bc4698784-pfv] [nginx] [1220ae2a] 2025/01/29 18:40:19 [notice] 31#31: gracefully shutting down
2025-01-29 18:40:19,531 INFO c.h.h.t.HelmChartContainer - [nginx-6bc4698784-pfv] [nginx] [1220ae2a] 2025/01/29 18:40:19 [notice] 31#31: exiting
2025-01-29 18:40:19,531 INFO c.h.h.t.HelmChartContainer - [nginx-6bc4698784-pfv] [nginx] [1220ae2a] 2025/01/29 18:40:19 [notice] 31#31: exit
2025-01-29 18:40:19,531 INFO c.h.h.t.HelmChartContainer - [nginx-6bc4698784-pfv] [nginx] [1220ae2a] 2025/01/29 18:40:19 [notice] 30#30: exit
2025-01-29 18:40:19,531 INFO c.h.h.t.HelmChartContainer - [nginx-6bc4698784-pfv] [nginx] [1220ae2a] 2025/01/29 18:40:19 [notice] 32#32: gracefully shutting down
2025-01-29 18:40:19,531 INFO c.h.h.t.HelmChartContainer - [nginx-6bc4698784-pfv] [nginx] [1220ae2a] 2025/01/29 18:40:19 [notice] 32#32: exiting
2025-01-29 18:40:19,531 INFO c.h.h.t.HelmChartContainer - [nginx-6bc4698784-pfv] [nginx] [1220ae2a] 2025/01/29 18:40:19 [notice] 32#32: exit
2025-01-29 18:40:19,537 INFO c.h.h.t.HelmChartContainer - [nginx-6bc4698784-pfv] [nginx] [1220ae2a] 2025/01/29 18:40:19 [notice] 1#1: signal 17 (SIGCHLD) received from 29
2025-01-29 18:40:19,537 INFO c.h.h.t.HelmChartContainer - [nginx-6bc4698784-pfv] [nginx] [1220ae2a] 2025/01/29 18:40:19 [notice] 1#1: worker process 29 exited with code 0
2025-01-29 18:40:19,537 INFO c.h.h.t.HelmChartContainer - [nginx-6bc4698784-pfv] [nginx] [1220ae2a] 2025/01/29 18:40:19 [notice] 1#1: worker process 30 exited with code 0
2025-01-29 18:40:19,537 INFO c.h.h.t.HelmChartContainer - [nginx-6bc4698784-pfv] [nginx] [1220ae2a] 2025/01/29 18:40:19 [notice] 1#1: signal 29 (SIGIO) received
2025-01-29 18:40:19,541 INFO c.h.h.t.HelmChartContainer - [K3S] [stateful_set.go:466] "StatefulSet has been deleted" key="helmcustomextensionit/test-hivemq-platform"
2025-01-29 18:40:19,541 INFO c.h.h.t.HelmChartContainer - [K3S] [replica_set.go:679] "Finished syncing" kind="ReplicaSet" key="helmcustomextensionit/nginx-6bc4698784" duration="3.587µs"
2025-01-29 18:40:19,543 INFO c.h.h.t.HelmChartContainer - [nginx-6bc4698784-pfv] [nginx] [1220ae2a] 2025/01/29 18:40:19 [notice] 1#1: signal 17 (SIGCHLD) received from 31
2025-01-29 18:40:19,543 INFO c.h.h.t.HelmChartContainer - [nginx-6bc4698784-pfv] [nginx] [1220ae2a] 2025/01/29 18:40:19 [notice] 1#1: worker process 31 exited with code 0
2025-01-29 18:40:19,543 INFO c.h.h.t.HelmChartContainer - [nginx-6bc4698784-pfv] [nginx] [1220ae2a] 2025/01/29 18:40:19 [notice] 1#1: worker process 32 exited with code 0
2025-01-29 18:40:19,543 INFO c.h.h.t.HelmChartContainer - [nginx-6bc4698784-pfv] [nginx] [1220ae2a] 2025/01/29 18:40:19 [notice] 1#1: exit
2025-01-29 18:40:19,638 INFO c.h.h.t.HelmChartContainer - [test-hivemq-platform] [hivemq] [ac0fd26b] INFO  - [HiveMQ Platform Operator Init App 1.7.0-SNAPSHOT] The HiveMQ Platform exited with code 143
2025-01-29 18:40:19,638 INFO c.h.h.t.HelmChartContainer - [test-hivemq-platform] [hivemq] [ac0fd26b] INFO  - [HiveMQ Platform Operator Init App 1.7.0-SNAPSHOT] Stopping the REST API
2025-01-29 18:40:19,680 INFO c.h.h.t.HelmChartContainer - [test-hivemq-platform] [hivemq] [ac0fd26b] INFO  - [HiveMQ Platform Operator Init App 1.7.0-SNAPSHOT] Shutdown complete
2025-01-29 18:40:19,693 INFO c.h.h.t.HelmChartContainer - [POD] nginx-6bc4698784-pfv92 [1220ae2a-3fb8-41c3-9f06-c0de019bfed4] in helmcustomextensionit was MODIFIED
2025-01-29 18:40:19,736 INFO c.h.h.t.HelmChartContainer - [K3S] [reconciler_common.go:162] "operationExecutor.UnmountVolume started for volume \"kube-api-access-2q5kx\" (UniqueName: \"kubernetes.io/projected/1220ae2a-3fb8-41c3-9f06-c0de019bfed4-kube-api-access-2q5kx\") pod \"1220ae2a-3fb8-41c3-9f06-c0de019bfed4\" (UID: \"1220ae2a-3fb8-41c3-9f06-c0de019bfed4\") "
2025-01-29 18:40:19,736 INFO c.h.h.t.HelmChartContainer - [K3S] [reconciler_common.go:162] "operationExecutor.UnmountVolume started for volume \"volume-hivemq-custom-test-extension-100\" (UniqueName: \"kubernetes.io/host-path/1220ae2a-3fb8-41c3-9f06-c0de019bfed4-volume-hivemq-custom-test-extension-100\") pod \"1220ae2a-3fb8-41c3-9f06-c0de019bfed4\" (UID: \"1220ae2a-3fb8-41c3-9f06-c0de019bfed4\") "
2025-01-29 18:40:19,836 INFO c.h.h.t.HelmChartContainer - [K3S] [reconciler_common.go:299] "Volume detached for volume \"volume-hivemq-custom-test-extension-100\" (UniqueName: \"kubernetes.io/host-path/1220ae2a-3fb8-41c3-9f06-c0de019bfed4-volume-hivemq-custom-test-extension-100\") on node \"90e6ebb001dc\" DevicePath \"\""
2025-01-29 18:40:19,836 INFO c.h.h.t.HelmChartContainer - [K3S] [reconciler_common.go:299] "Volume detached for volume \"kube-api-access-2q5kx\" (UniqueName: \"kubernetes.io/projected/1220ae2a-3fb8-41c3-9f06-c0de019bfed4-kube-api-access-2q5kx\") on node \"90e6ebb001dc\" DevicePath \"\""
2025-01-29 18:40:20,140 INFO c.h.h.t.HelmChartContainer - [POD] test-hivemq-platform-0 [ac0fd26b-53df-4fa6-84a3-1f6911a8ce67] in helmcustomextensionit was MODIFIED
2025-01-29 18:40:20,141 INFO c.h.h.t.HelmChartContainer - [K3S] [reconciler_common.go:162] "operationExecutor.UnmountVolume started for volume \"pod-info\" (UniqueName: \"kubernetes.io/configmap/ac0fd26b-53df-4fa6-84a3-1f6911a8ce67-pod-info\") pod \"ac0fd26b-53df-4fa6-84a3-1f6911a8ce67\" (UID: \"ac0fd26b-53df-4fa6-84a3-1f6911a8ce67\") "
2025-01-29 18:40:20,142 INFO c.h.h.t.HelmChartContainer - [K3S] [reconciler_common.go:162] "operationExecutor.UnmountVolume started for volume \"broker-configuration\" (UniqueName: \"kubernetes.io/configmap/ac0fd26b-53df-4fa6-84a3-1f6911a8ce67-broker-configuration\") pod \"ac0fd26b-53df-4fa6-84a3-1f6911a8ce67\" (UID: \"ac0fd26b-53df-4fa6-84a3-1f6911a8ce67\") "
2025-01-29 18:40:20,142 INFO c.h.h.t.HelmChartContainer - [K3S] [reconciler_common.go:162] "operationExecutor.UnmountVolume started for volume \"operator-init\" (UniqueName: \"kubernetes.io/empty-dir/ac0fd26b-53df-4fa6-84a3-1f6911a8ce67-operator-init\") pod \"ac0fd26b-53df-4fa6-84a3-1f6911a8ce67\" (UID: \"ac0fd26b-53df-4fa6-84a3-1f6911a8ce67\") "
2025-01-29 18:40:20,142 INFO c.h.h.t.HelmChartContainer - [K3S] [reconciler_common.go:162] "operationExecutor.UnmountVolume started for volume \"kube-api-access-dxhhk\" (UniqueName: \"kubernetes.io/projected/ac0fd26b-53df-4fa6-84a3-1f6911a8ce67-kube-api-access-dxhhk\") pod \"ac0fd26b-53df-4fa6-84a3-1f6911a8ce67\" (UID: \"ac0fd26b-53df-4fa6-84a3-1f6911a8ce67\") "
2025-01-29 18:40:20,238 INFO c.h.h.t.HelmChartContainer - [K3S] [reconciler_common.go:299] "Volume detached for volume \"pod-info\" (UniqueName: \"kubernetes.io/configmap/ac0fd26b-53df-4fa6-84a3-1f6911a8ce67-pod-info\") on node \"90e6ebb001dc\" DevicePath \"\""
2025-01-29 18:40:20,238 INFO c.h.h.t.HelmChartContainer - [K3S] [reconciler_common.go:299] "Volume detached for volume \"broker-configuration\" (UniqueName: \"kubernetes.io/configmap/ac0fd26b-53df-4fa6-84a3-1f6911a8ce67-broker-configuration\") on node \"90e6ebb001dc\" DevicePath \"\""
2025-01-29 18:40:20,238 INFO c.h.h.t.HelmChartContainer - [K3S] [reconciler_common.go:299] "Volume detached for volume \"operator-init\" (UniqueName: \"kubernetes.io/empty-dir/ac0fd26b-53df-4fa6-84a3-1f6911a8ce67-operator-init\") on node \"90e6ebb001dc\" DevicePath \"\""
2025-01-29 18:40:20,238 INFO c.h.h.t.HelmChartContainer - [K3S] [reconciler_common.go:299] "Volume detached for volume \"kube-api-access-dxhhk\" (UniqueName: \"kubernetes.io/projected/ac0fd26b-53df-4fa6-84a3-1f6911a8ce67-kube-api-access-dxhhk\") on node \"90e6ebb001dc\" DevicePath \"\""
2025-01-29 18:40:20,547 INFO c.h.h.t.HelmChartContainer - Stopped log watcher for nginx in pod nginx-6bc4698784-pfv92 [1220ae2a-3fb8-41c3-9f06-c0de019bfed4]
2025-01-29 18:40:20,566 INFO c.h.h.t.HelmChartContainer - [K3S] [scope.go:117] "RemoveContainer" containerID="f8945745c7572a724e76bb37d48db22c86c33deebbe5201eca150a57c54695af"
2025-01-29 18:40:20,570 INFO c.h.h.t.HelmChartContainer - [K3S] [scope.go:117] "RemoveContainer" containerID="f8945745c7572a724e76bb37d48db22c86c33deebbe5201eca150a57c54695af"
2025-01-29 18:40:20,571 INFO c.h.h.t.HelmChartContainer - [K3S] [scope.go:117] "RemoveContainer" containerID="a732bfda4b1783a5bbb4f18c0759afca37f93f8d8f4ca453fe6c55f489e391b1"
2025-01-29 18:40:20,581 INFO c.h.h.t.HelmChartContainer - [POD] nginx-6bc4698784-pfv92 [1220ae2a-3fb8-41c3-9f06-c0de019bfed4] in helmcustomextensionit was MODIFIED
2025-01-29 18:40:20,584 INFO c.h.h.t.HelmChartContainer - [POD] nginx-6bc4698784-pfv92 [1220ae2a-3fb8-41c3-9f06-c0de019bfed4] in helmcustomextensionit was DELETED
2025-01-29 18:40:20,597 INFO c.h.h.t.HelmChartContainer - [POD] test-hivemq-platform-0 [ac0fd26b-53df-4fa6-84a3-1f6911a8ce67] in helmcustomextensionit was MODIFIED
2025-01-29 18:40:20,598 INFO c.h.h.t.HelmChartContainer - [POD] test-hivemq-platform-0 [ac0fd26b-53df-4fa6-84a3-1f6911a8ce67] in helmcustomextensionit was DELETED
2025-01-29 18:40:20,680 INFO c.h.h.t.HelmChartContainer - [K3S] [scope.go:117] "RemoveContainer" containerID="ffd8cc0e5228a6dace8b62478c86a3e4d28f4714828db845fafd9c51e1f67c21"
2025-01-29 18:40:20,683 INFO c.h.h.t.HelmChartContainer - [K3S] [scope.go:117] "RemoveContainer" containerID="a732bfda4b1783a5bbb4f18c0759afca37f93f8d8f4ca453fe6c55f489e391b1"
2025-01-29 18:40:20,684 INFO c.h.h.t.HelmChartContainer - [K3S] [scope.go:117] "RemoveContainer" containerID="ffd8cc0e5228a6dace8b62478c86a3e4d28f4714828db845fafd9c51e1f67c21"
2025-01-29 18:40:21,213 INFO c.h.h.t.HelmChartContainer - [K3S] [kubelet_volumes.go:163] "Cleaned up orphaned pod volumes dir" podUID="1220ae2a-3fb8-41c3-9f06-c0de019bfed4" path="/var/lib/kubelet/pods/1220ae2a-3fb8-41c3-9f06-c0de019bfed4/volumes"
2025-01-29 18:40:21,214 INFO c.h.h.t.HelmChartContainer - [K3S] [kubelet_volumes.go:163] "Cleaned up orphaned pod volumes dir" podUID="ac0fd26b-53df-4fa6-84a3-1f6911a8ce67" path="/var/lib/kubelet/pods/ac0fd26b-53df-4fa6-84a3-1f6911a8ce67/volumes"
2025-01-29 18:40:25,014 INFO c.h.h.t.HelmChartContainer - Namespace 'helmcustomextensionit' deleted
2025-01-29 18:40:25,014 INFO c.h.h.t.HelmChartContainer - Release 'test-hivemq-platform' in namespace 'helmcustomextensionit' is uninstalled
2025-01-29 18:40:25,014 INFO c.h.h.t.HelmChartContainer - Uninstalling release 'test-hivemq-platform-operator' in namespace 'helmcustomextensionit-operator'...
2025-01-29 18:40:25,014 DEBUG c.h.h.t.HelmChartContainer - Executing helm command: /bin/helm --kubeconfig /etc/rancher/k3s/k3s.yaml uninstall test-hivemq-platform-operator  --wait --timeout 5m0s --cascade foreground --namespace helmcustomextensionit-operator
2025-01-29 18:40:25,175 INFO c.h.h.t.HelmChartContainer - [K3S] [replica_set.go:679] "Finished syncing" kind="ReplicaSet" key="helmcustomextensionit-operator/hivemq-test-hivemq-platform-operator-6966f96d65" duration="12.804507ms"
2025-01-29 18:40:25,175 INFO c.h.h.t.HelmChartContainer - [K3S] [replica_set.go:679] "Finished syncing" kind="ReplicaSet" key="helmcustomextensionit-operator/hivemq-test-hivemq-platform-operator-6966f96d65" duration="80.54µs"
2025-01-29 18:40:25,189 INFO c.h.h.t.HelmChartContainer - [POD] hivemq-test-hivemq-platform-operator-6966f96d65-v2nws [73d1d667-0b30-450e-8a6d-ec95dde0fd1c] in helmcustomextensionit-operator was MODIFIED
2025-01-29 18:40:25,198 INFO c.h.h.t.HelmChartContainer - [EVENT] Normal [Killing] Stopping container hivemq-platform-operator [helmcustomextensionit-operator:hivemq-test-hivemq-platform-operator-6966f96d65-v2nws]
2025-01-29 18:40:25,198 INFO c.h.h.t.HelmChartContainer - Received Killing event for container hivemq-platform-operator in pod hivemq-test-hivemq-platform-operator-6966f96d65-v2nws [73d1d667-0b30-450e-8a6d-ec95dde0fd1c]
2025-01-29 18:40:25,198 INFO c.h.h.t.HelmChartContainer - Container [hivemq-test-hivemq-platform-operator-6966f96d65-v2nws] [hivemq-platform-operator] [73d1d667-0b30-450e-8a6d-ec95dde0fd1c] was terminated
2025-01-29 18:40:25,198 INFO c.h.h.t.HelmChartContainer - Stopped log watcher for hivemq-platform-operator in pod hivemq-test-hivemq-platform-operator-6966f96d65-v2nws [73d1d667-0b30-450e-8a6d-ec95dde0fd1c]
2025-01-29 18:40:25,200 INFO c.h.h.t.HelmChartContainer - [K3S] [replica_set.go:679] "Finished syncing" kind="ReplicaSet" key="helmcustomextensionit-operator/hivemq-test-hivemq-platform-operator-6966f96d65" duration="12.300111ms"
2025-01-29 18:40:25,200 INFO c.h.h.t.HelmChartContainer - [K3S] [replica_set.go:679] "Finished syncing" kind="ReplicaSet" key="helmcustomextensionit-operator/hivemq-test-hivemq-platform-operator-6966f96d65" duration="42.81µs"
2025-01-29 18:40:25,201 INFO c.h.h.t.HelmChartContainer - [hivemq-test-hivemq-platform] [hivemq-platform-operator] [73d1d667] 18:40:25.199 [application-shutdown-thread] INFO  c.h.p.o.HiveMQPlatformOperatorApplication - HiveMQ Platform Operator is stopping...
2025-01-29 18:40:25,201 INFO c.h.h.t.HelmChartContainer - [hivemq-test-hivemq-platform] [hivemq-platform-operator] [73d1d667] 18:40:25.200 [application-shutdown-thread] INFO  i.javaoperatorsdk.operator.Operator - Operator SDK 4.9.7 is shutting down...
2025-01-29 18:40:25,828 INFO c.h.h.t.HelmChartContainer - [K3S] [replica_set.go:679] "Finished syncing" kind="ReplicaSet" key="helmcustomextensionit-operator/hivemq-test-hivemq-platform-operator-6966f96d65" duration="38.532µs"
2025-01-29 18:40:25,829 INFO c.h.h.t.HelmChartContainer - [POD] hivemq-test-hivemq-platform-operator-6966f96d65-v2nws [73d1d667-0b30-450e-8a6d-ec95dde0fd1c] in helmcustomextensionit-operator was MODIFIED
2025-01-29 18:40:25,868 INFO c.h.h.t.HelmChartContainer - [K3S] [reconciler_common.go:162] "operationExecutor.UnmountVolume started for volume \"kube-api-access-xzpwh\" (UniqueName: \"kubernetes.io/projected/73d1d667-0b30-450e-8a6d-ec95dde0fd1c-kube-api-access-xzpwh\") pod \"73d1d667-0b30-450e-8a6d-ec95dde0fd1c\" (UID: \"73d1d667-0b30-450e-8a6d-ec95dde0fd1c\") "
2025-01-29 18:40:25,968 INFO c.h.h.t.HelmChartContainer - [K3S] [reconciler_common.go:299] "Volume detached for volume \"kube-api-access-xzpwh\" (UniqueName: \"kubernetes.io/projected/73d1d667-0b30-450e-8a6d-ec95dde0fd1c-kube-api-access-xzpwh\") on node \"90e6ebb001dc\" DevicePath \"\""
2025-01-29 18:40:26,577 INFO c.h.h.t.HelmChartContainer - [K3S] [scope.go:117] "RemoveContainer" containerID="c5cb7875e9cee818e68c045b8750b0d41722005e2d0df8730a41388c846d4109"
2025-01-29 18:40:26,581 INFO c.h.h.t.HelmChartContainer - [K3S] [scope.go:117] "RemoveContainer" containerID="c5cb7875e9cee818e68c045b8750b0d41722005e2d0df8730a41388c846d4109"
2025-01-29 18:40:26,589 INFO c.h.h.t.HelmChartContainer - [K3S] [replica_set.go:679] "Finished syncing" kind="ReplicaSet" key="helmcustomextensionit-operator/hivemq-test-hivemq-platform-operator-6966f96d65" duration="47.128µs"
2025-01-29 18:40:26,590 INFO c.h.h.t.HelmChartContainer - [POD] hivemq-test-hivemq-platform-operator-6966f96d65-v2nws [73d1d667-0b30-450e-8a6d-ec95dde0fd1c] in helmcustomextensionit-operator was MODIFIED
2025-01-29 18:40:26,592 INFO c.h.h.t.HelmChartContainer - [POD] hivemq-test-hivemq-platform-operator-6966f96d65-v2nws [73d1d667-0b30-450e-8a6d-ec95dde0fd1c] in helmcustomextensionit-operator was DELETED
2025-01-29 18:40:26,592 INFO c.h.h.t.HelmChartContainer - [K3S] [replica_set.go:679] "Finished syncing" kind="ReplicaSet" key="helmcustomextensionit-operator/hivemq-test-hivemq-platform-operator-6966f96d65" duration="28.383µs"
2025-01-29 18:40:26,605 INFO c.h.h.t.HelmChartContainer - [K3S] [replica_set.go:679] "Finished syncing" kind="ReplicaSet" key="helmcustomextensionit-operator/hivemq-test-hivemq-platform-operator-6966f96d65" duration="6.793µs"
2025-01-29 18:40:27,213 INFO c.h.h.t.HelmChartContainer - [K3S] [kubelet_volumes.go:163] "Cleaned up orphaned pod volumes dir" podUID="73d1d667-0b30-450e-8a6d-ec95dde0fd1c" path="/var/lib/kubelet/pods/73d1d667-0b30-450e-8a6d-ec95dde0fd1c/volumes"
2025-01-29 18:40:27,217 INFO c.h.h.t.HelmChartContainer - Deleting namespace 'helmcustomextensionit-operator'...
2025-01-29 18:40:29,980 INFO c.h.h.t.HelmChartContainer - [K3S] [namespace_controller.go:187] "Namespace has been deleted" namespace="helmcustomextensionit"
2025-01-29 18:40:32,434 INFO c.h.h.t.HelmChartContainer - Namespace 'helmcustomextensionit-operator' deleted
2025-01-29 18:40:32,435 INFO c.h.h.t.HelmChartContainer - Release 'test-hivemq-platform-operator' in namespace 'helmcustomextensionit-operator' is uninstalled
2025-01-29 18:40:33,246 INFO c.h.helmcharts.AbstractHelmChartIT - Removed unused containers:

2025-01-29 18:40:37,337 INFO c.h.h.t.HelmChartContainer - [K3S] [namespace_controller.go:187] "Namespace has been deleted" namespace="helmcustomextensionit-operator"
2025-01-29 18:40:42,343 INFO c.h.helmcharts.AbstractHelmChartIT - Removed unused snapshots:
Removing snapshot sha256:03af251906410714c5aef9fa705b63f6bbc39c4a5e787de7361eeb18886c2ed2
Removing snapshot sha256:0c46b3b43cce082ce5ec34ffc6c294e0417d17b9d1e6f366d114b6aadc4f96dc
Removing snapshot sha256:0ce761beee59082d6ed5bcebd3a805b8ddd9b3426b617e4809e7fb7c6587ffec
Removing snapshot sha256:0df91287303208332c8ff6ba40ae4710105201739addbfbddfb955f1ad593664
Removing snapshot sha256:1021ef88c7974bfff89c5a0ec4fd3160daac6c48a075f74cff721f85dd104e68
Removing snapshot sha256:10aba4953ddc18145dd38e3704709bc464aa20af60b56fe52caaff4b68411e62
Removing snapshot sha256:2573e0d8158209ed54ab25c87bcdcb00bd3d2539246960a3d592a1c599d70465
Removing snapshot sha256:362a8a37f8bbc31925a8146adcf7cf51f9882f5c1dcbef67c5baa03a297543c0
Removing snapshot sha256:3fa4ad33f0ddc8fd45b39b6b4640f82a3a83619606cd975bfe89d8710ad2d4cd
Removing snapshot sha256:43a7c979bbaba6838bc3102d6b10a1459f3ab050b87ccdfef84ef90cf43d3058
Removing snapshot sha256:4ab04491cdf0d3267f08206fe30bd48f49f94b9cab2f016d6739220f722a64af
Removing snapshot sha256:4b6068250e89c96f263060261819c7d912855bfbd64b3eb4c4a8483299b8c295
Removing snapshot sha256:580e69a0a8034ede1921139bbd2bfb72a69ebf276d008281896c32dd8bf74775
Removing snapshot sha256:5d30ba46b27fe37484567ccc5242cadc78217b8da605f3f195ef25cbf7487904
Removing snapshot sha256:5ec183755d09a0a54d0f83e5a705f28f1606fe75660c13148fe125e4f12af39f
Removing snapshot sha256:63ca1fbb43ae5034640e5e6cb3e083e05c290072c5366fcaa9d62435a4cced85
Removing snapshot sha256:67f702c6baae873bceb19487c8b1f27bd2b86077e4f2f0e480e6d60ab508b8f5
Removing snapshot sha256:6864348dd42806d552efdec384f1274be15e2d0c10ce44c1f04347af004c10a9
Removing snapshot sha256:6c7dee8f2c39b84b7dc2711c01d33de93514d9055499173e9290176fbe484b6c
Removing snapshot sha256:82753493a6d61ded36556292f02f31841a14c20d2f279f19eaad65afb661d5cd
Removing snapshot sha256:8a10d3db42c505ee0fcfa98417bdd7e39b304f6bcc0a06bb1b220797ff2cc63c
Removing snapshot sha256:8ad081ee0d46efdea0492cd0bb527c50a8891276fd408ec1269522ac9d6d5580
Removing snapshot sha256:a0904247e36a7726c03c71ee48f3e64462021c88dafeb13f37fdaf613b27f11c
Removing snapshot sha256:a21e5b12dbac529ad45d976eb9ce45c881f3bedcc500fb30aba1e52aa1813418
Removing snapshot sha256:a8d62a6e94dbe8920ecfafa3b3aff0ef70aa26ca929f90b110db998eec09bab5
Removing snapshot sha256:ad858b4eee2d8f479065d1b8c650e13c815e75b2e4503c05a67cdc8880b0975a
Removing snapshot sha256:b921e6c28969094157f9b8e7244677780319637afd14450b7cb6b2fdea558a0c
Removing snapshot sha256:bc27ecb5769a00e309cf99ebc763c4a4b958b618d1decc96ffac5bc05f02f5b7
Removing snapshot sha256:be3ccb6627a5332e309d45ef461d09b4879dd870c7394d89323d0ebc6ca6aa8a
Removing snapshot sha256:c261f7cbbc64211ee175ee47273acdb7b1a36a4450b397a064a8f2c026490095
Removing snapshot sha256:c2dc9a1fdba12ebc920a674c633b509b0268e82812043dcb3a411769febefe68
Removing snapshot sha256:c34d9393647eea0c9e3557ab988efaf59f61d10a2a5613b439ef0958cca5ec10
Removing snapshot sha256:ccf3c4a0fa967a41c1c83497a2ce6fa5787965859df0adb32c4ca2cf7490bc2b
Removing snapshot sha256:cf92d33f869417309692088c341cd0f223c178ea78a125f757317b22aa8f90e9
Removing snapshot sha256:d0037344cf2fb078884f1849f6a1f8cf9a33a3b6139b6a85833e5ee528e1f9a8
Removing snapshot sha256:d3b36d5b79273b1e98e7700470eaeff05a882e777124d84cebcc1505b85ecb36
Removing snapshot sha256:d65a44a37914602d12c611e5e22a50f11451d847e63015cc1c2aef92dee777a4
Removing snapshot sha256:e2dc0bae2455930f23ae570e019b7f32edc75c0f2d71cab084db837ff9051796
Removing snapshot sha256:e31519795c7e3df686c447a21ec8d2eb301388a5e39ccf7f20a25c6f6ce3a522
Removing snapshot sha256:e4a0e586ffee6cc3309b4eb1f23f1e90533c6306412e5c092a6bb0de21110494
Removing snapshot sha256:e9e86ed11d9bebc0707dd6f1166c51237ebb44f98657241f943261b2675a5449
Removing snapshot sha256:eccbd24a99c60cd9e86ee5305dbfc4a4dc89f5ab4fb1f06c8d64797cecedef34
Removing snapshot sha256:f144bb4c7c7f0d2aa7eeffd36d934ec40db1ee167be727e326aad9fdc616f475

]]></system-out>
  </testcase>
  <testcase name="platformChart_whenCustomExtensionIsConfigured_withHttps_thenStartsUpSuccessfully()" classname="com.hivemq.helmcharts.extensions.HelmCustomExtensionIT" time="108.045">
    <system-out><![CDATA[2025-01-29 18:40:42,346 INFO c.h.h.t.HelmChartContainer - Creating namespace 'helmcustomextensionit-operator'...
2025-01-29 18:40:42,354 INFO c.h.h.t.HelmChartContainer - Namespace 'helmcustomextensionit-operator' created
2025-01-29 18:40:42,354 INFO c.h.h.t.HelmChartContainer - Creating namespace 'helmcustomextensionit'...
2025-01-29 18:40:42,361 INFO c.h.h.t.HelmChartContainer - Namespace 'helmcustomextensionit' created
2025-01-29 18:40:42,426 DEBUG c.h.h.t.HelmChartContainer - Executing helm command: /bin/helm --kubeconfig /etc/rancher/k3s/k3s.yaml install test-hivemq-platform-operator /charts/hivemq-platform-operator --wait --timeout 5m0s --set image.repository=docker.io/hivemq --set image.name=hivemq-platform-operator-test --set image.initImageName=hivemq-platform-operator-init-test --set image.tag=snapshot --set image.pullPolicy=Never --set logLevel=DEBUG --set resources.cpu=512m --namespace helmcustomextensionit-operator
2025-01-29 18:40:42,791 INFO c.h.h.t.HelmChartContainer - [K3S] [alloc.go:330] "allocated clusterIPs" service="helmcustomextensionit-operator/hivemq-platform-operator-test-hivemq-platform-operator" clusterIPs={"IPv4":"10.43.190.148"}
2025-01-29 18:40:42,812 INFO c.h.h.t.HelmChartContainer - [EVENT] Normal [ScalingReplicaSet] Scaled up replica set hivemq-test-hivemq-platform-operator-6966f96d65 from 0 to 1 [helmcustomextensionit-operator:hivemq-test-hivemq-platform-operator]
2025-01-29 18:40:42,819 INFO c.h.h.t.HelmChartContainer - [POD] hivemq-test-hivemq-platform-operator-6966f96d65-8b5ft [75347323-ced0-4e55-a0d4-b12b65dc5c87] in helmcustomextensionit-operator was ADDED
2025-01-29 18:40:42,827 INFO c.h.h.t.HelmChartContainer - [K3S] [memory_manager.go:355] "RemoveStaleState removing state" podUID="73d1d667-0b30-450e-8a6d-ec95dde0fd1c" containerName="hivemq-platform-operator"
2025-01-29 18:40:42,827 INFO c.h.h.t.HelmChartContainer - [K3S] [memory_manager.go:355] "RemoveStaleState removing state" podUID="1220ae2a-3fb8-41c3-9f06-c0de019bfed4" containerName="nginx"
2025-01-29 18:40:42,827 INFO c.h.h.t.HelmChartContainer - [K3S] [memory_manager.go:355] "RemoveStaleState removing state" podUID="ac0fd26b-53df-4fa6-84a3-1f6911a8ce67" containerName="hivemq"
2025-01-29 18:40:42,829 INFO c.h.h.t.HelmChartContainer - [POD] hivemq-test-hivemq-platform-operator-6966f96d65-8b5ft [75347323-ced0-4e55-a0d4-b12b65dc5c87] in helmcustomextensionit-operator was MODIFIED
2025-01-29 18:40:42,832 INFO c.h.h.t.HelmChartContainer - [K3S] [replica_set.go:679] "Finished syncing" kind="ReplicaSet" key="helmcustomextensionit-operator/hivemq-test-hivemq-platform-operator-6966f96d65" duration="25.896094ms"
2025-01-29 18:40:42,834 INFO c.h.h.t.HelmChartContainer - [EVENT] Normal [SuccessfulCreate] Created pod: hivemq-test-hivemq-platform-operator-6966f96d65-8b5ft [helmcustomextensionit-operator:hivemq-test-hivemq-platform-operator-6966f96d65]
2025-01-29 18:40:42,836 INFO c.h.h.t.HelmChartContainer - [EVENT] Normal [Scheduled] Successfully assigned helmcustomextensionit-operator/hivemq-test-hivemq-platform-operator-6966f96d65-8b5ft to 90e6ebb001dc [helmcustomextensionit-operator:hivemq-test-hivemq-platform-operator-6966f96d65-8b5ft]
2025-01-29 18:40:42,846 INFO c.h.h.t.HelmChartContainer - [POD] hivemq-test-hivemq-platform-operator-6966f96d65-8b5ft [75347323-ced0-4e55-a0d4-b12b65dc5c87] in helmcustomextensionit-operator was MODIFIED
2025-01-29 18:40:42,854 INFO c.h.h.t.HelmChartContainer - [K3S] [replica_set.go:679] "Finished syncing" kind="ReplicaSet" key="helmcustomextensionit-operator/hivemq-test-hivemq-platform-operator-6966f96d65" duration="21.935311ms"
2025-01-29 18:40:42,868 INFO c.h.h.t.HelmChartContainer - [K3S] [reconciler_common.go:251] "operationExecutor.VerifyControllerAttachedVolume started for volume \"kube-api-access-bw2q2\" (UniqueName: \"kubernetes.io/projected/75347323-ced0-4e55-a0d4-b12b65dc5c87-kube-api-access-bw2q2\") pod \"hivemq-test-hivemq-platform-operator-6966f96d65-8b5ft\" (UID: \"75347323-ced0-4e55-a0d4-b12b65dc5c87\") " pod="helmcustomextensionit-operator/hivemq-test-hivemq-platform-operator-6966f96d65-8b5ft"
2025-01-29 18:40:42,869 INFO c.h.h.t.HelmChartContainer - [K3S] [replica_set.go:679] "Finished syncing" kind="ReplicaSet" key="helmcustomextensionit-operator/hivemq-test-hivemq-platform-operator-6966f96d65" duration="15.880157ms"
2025-01-29 18:40:42,870 INFO c.h.h.t.HelmChartContainer - [K3S] [replica_set.go:679] "Finished syncing" kind="ReplicaSet" key="helmcustomextensionit-operator/hivemq-test-hivemq-platform-operator-6966f96d65" duration="234.868µs"
2025-01-29 18:40:43,226 INFO c.h.h.t.HelmChartContainer - [EVENT] Normal [Pulled] Container image "docker.io/hivemq/hivemq-platform-operator-test:snapshot" already present on machine [helmcustomextensionit-operator:hivemq-test-hivemq-platform-operator-6966f96d65-8b5ft]
2025-01-29 18:40:43,226 INFO c.h.h.t.HelmChartContainer - Received Pulled event for container hivemq-platform-operator in pod hivemq-test-hivemq-platform-operator-6966f96d65-8b5ft [75347323-ced0-4e55-a0d4-b12b65dc5c87]
2025-01-29 18:40:44,468 INFO c.h.h.t.HelmChartContainer - [EVENT] Normal [Created] Created container: hivemq-platform-operator [helmcustomextensionit-operator:hivemq-test-hivemq-platform-operator-6966f96d65-8b5ft]
2025-01-29 18:40:44,469 INFO c.h.h.t.HelmChartContainer - Received Created event for container hivemq-platform-operator in pod hivemq-test-hivemq-platform-operator-6966f96d65-8b5ft [75347323-ced0-4e55-a0d4-b12b65dc5c87]
2025-01-29 18:40:44,614 INFO c.h.h.t.HelmChartContainer - [POD] hivemq-test-hivemq-platform-operator-6966f96d65-8b5ft [75347323-ced0-4e55-a0d4-b12b65dc5c87] in helmcustomextensionit-operator was MODIFIED
2025-01-29 18:40:44,616 INFO c.h.h.t.HelmChartContainer - [K3S] [replica_set.go:679] "Finished syncing" kind="ReplicaSet" key="helmcustomextensionit-operator/hivemq-test-hivemq-platform-operator-6966f96d65" duration="66.644µs"
2025-01-29 18:40:44,625 INFO c.h.h.t.HelmChartContainer - Started log watcher for hivemq-platform-operator in pod hivemq-test-hivemq-platform-operator-6966f96d65-8b5ft [75347323-ced0-4e55-a0d4-b12b65dc5c87]
2025-01-29 18:40:44,625 INFO c.h.h.t.HelmChartContainer - [EVENT] Normal [Started] Started container hivemq-platform-operator [helmcustomextensionit-operator:hivemq-test-hivemq-platform-operator-6966f96d65-8b5ft]
2025-01-29 18:40:44,625 INFO c.h.h.t.HelmChartContainer - Received Started event for container hivemq-platform-operator in pod hivemq-test-hivemq-platform-operator-6966f96d65-8b5ft [75347323-ced0-4e55-a0d4-b12b65dc5c87]
2025-01-29 18:40:44,625 INFO c.h.h.t.HelmChartContainer - [hivemq-test-hivemq-platform] [hivemq-platform-operator] [75347323] -------------------------------------------------------------------------
2025-01-29 18:40:44,625 INFO c.h.h.t.HelmChartContainer - [hivemq-test-hivemq-platform] [hivemq-platform-operator] [75347323] 
2025-01-29 18:40:44,625 INFO c.h.h.t.HelmChartContainer - [hivemq-test-hivemq-platform] [hivemq-platform-operator] [75347323]                   _    _  _              __  __   ____
2025-01-29 18:40:44,625 INFO c.h.h.t.HelmChartContainer - [hivemq-test-hivemq-platform] [hivemq-platform-operator] [75347323]                  | |  | |(_)            |  \/  | / __ \
2025-01-29 18:40:44,625 INFO c.h.h.t.HelmChartContainer - [hivemq-test-hivemq-platform] [hivemq-platform-operator] [75347323]                  | |__| | _ __   __ ___ | \  / || |  | |
2025-01-29 18:40:44,625 INFO c.h.h.t.HelmChartContainer - [hivemq-test-hivemq-platform] [hivemq-platform-operator] [75347323]                  |  __  || |\ \ / // _ \| |\/| || |  | |
2025-01-29 18:40:44,625 INFO c.h.h.t.HelmChartContainer - [hivemq-test-hivemq-platform] [hivemq-platform-operator] [75347323]                  | |  | || | \ V /|  __/| |  | || |__| |
2025-01-29 18:40:44,625 INFO c.h.h.t.HelmChartContainer - [hivemq-test-hivemq-platform] [hivemq-platform-operator] [75347323]                  |_|  |_||_|  \_/  \___||_|  |_| \___\_\
2025-01-29 18:40:44,625 INFO c.h.h.t.HelmChartContainer - [hivemq-test-hivemq-platform] [hivemq-platform-operator] [75347323] 
2025-01-29 18:40:44,625 INFO c.h.h.t.HelmChartContainer - [hivemq-test-hivemq-platform] [hivemq-platform-operator] [75347323] -------------------------------------------------------------------------
2025-01-29 18:40:44,625 INFO c.h.h.t.HelmChartContainer - [hivemq-test-hivemq-platform] [hivemq-platform-operator] [75347323] 
2025-01-29 18:40:44,625 INFO c.h.h.t.HelmChartContainer - [hivemq-test-hivemq-platform] [hivemq-platform-operator] [75347323]   HiveMQ Platform Operator Start Script v1.0
2025-01-29 18:40:44,625 INFO c.h.h.t.HelmChartContainer - [hivemq-test-hivemq-platform] [hivemq-platform-operator] [75347323] 
2025-01-29 18:40:44,625 INFO c.h.h.t.HelmChartContainer - [hivemq-test-hivemq-platform] [hivemq-platform-operator] [75347323] -------------------------------------------------------------------------
2025-01-29 18:40:44,625 INFO c.h.h.t.HelmChartContainer - [hivemq-test-hivemq-platform] [hivemq-platform-operator] [75347323] 
2025-01-29 18:40:44,626 INFO c.h.h.t.HelmChartContainer - [hivemq-test-hivemq-platform] [hivemq-platform-operator] [75347323]   JAVA_OPTS: -XX:+UnlockExperimentalVMOptions -XX:InitialRAMPercentage=75 -XX:MaxRAMPercentage=75 -Duser.language=en -Duser.region=US
2025-01-29 18:40:44,626 INFO c.h.h.t.HelmChartContainer - [hivemq-test-hivemq-platform] [hivemq-platform-operator] [75347323] 
2025-01-29 18:40:44,626 INFO c.h.h.t.HelmChartContainer - [hivemq-test-hivemq-platform] [hivemq-platform-operator] [75347323]   JAVA_VERSION: 21
2025-01-29 18:40:44,626 INFO c.h.h.t.HelmChartContainer - [hivemq-test-hivemq-platform] [hivemq-platform-operator] [75347323] 
2025-01-29 18:40:44,626 INFO c.h.h.t.HelmChartContainer - [hivemq-test-hivemq-platform] [hivemq-platform-operator] [75347323] -------------------------------------------------------------------------
2025-01-29 18:40:44,626 INFO c.h.h.t.HelmChartContainer - [hivemq-test-hivemq-platform] [hivemq-platform-operator] [75347323] 
2025-01-29 18:40:47,836 INFO c.h.h.t.HelmChartContainer - [hivemq-test-hivemq-platform] [hivemq-platform-operator] [75347323] 18:40:47.833 [main] DEBUG org.jboss.logging - Logging Provider: org.jboss.logging.Slf4jLoggerProvider
2025-01-29 18:40:47,940 INFO c.h.h.t.HelmChartContainer - [hivemq-test-hivemq-platform] [hivemq-platform-operator] [75347323] 18:40:47.939 [main] DEBUG io.smallrye.config - SRCFG01006: Loaded ConfigSource SysPropConfigSource with ordinal 400
2025-01-29 18:40:47,940 INFO c.h.h.t.HelmChartContainer - [hivemq-test-hivemq-platform] [hivemq-platform-operator] [75347323] 18:40:47.939 [main] DEBUG io.smallrye.config - SRCFG01006: Loaded ConfigSource EnvConfigSource with ordinal 300
2025-01-29 18:40:47,940 INFO c.h.h.t.HelmChartContainer - [hivemq-test-hivemq-platform] [hivemq-platform-operator] [75347323] 18:40:47.939 [main] DEBUG io.smallrye.config - SRCFG01006: Loaded ConfigSource PropertiesConfigSource[source=jar:file:///opt/hivemq-platform-operator/bin/hivemq-platform-operator.jar!/hivemq-platform-operator.properties] with ordinal 100
2025-01-29 18:40:47,940 INFO c.h.h.t.HelmChartContainer - [hivemq-test-hivemq-platform] [hivemq-platform-operator] [75347323] 18:40:47.939 [main] DEBUG io.smallrye.config - SRCFG01006: Loaded ConfigSource DefaultValuesConfigSource with ordinal -2147483648
2025-01-29 18:40:48,043 INFO c.h.h.t.HelmChartContainer - [hivemq-test-hivemq-platform] [hivemq-platform-operator] [75347323] 18:40:48.042 [main] DEBUG i.m.c.u.i.l.InternalLoggerFactory - Using SLF4J as the default logging framework
2025-01-29 18:40:48,142 INFO c.h.h.t.HelmChartContainer - [hivemq-test-hivemq-platform] [hivemq-platform-operator] [75347323] 18:40:48.135 [main] INFO  c.h.p.o.HiveMQPlatformOperatorApplication - HiveMQ Platform Operator 1.7.0-SNAPSHOT (commit: b1b9591 on branch: HEAD) built on Wed Jan 29 18:32:18 UTC 2025
2025-01-29 18:40:48,143 INFO c.h.h.t.HelmChartContainer - [hivemq-test-hivemq-platform] [hivemq-platform-operator] [75347323] 18:40:48.141 [main] INFO  c.h.p.o.HiveMQPlatformOperatorApplication - HiveMQ Platform Operator is running in namespace: helmcustomextensionit-operator
2025-01-29 18:40:48,143 INFO c.h.h.t.HelmChartContainer - [hivemq-test-hivemq-platform] [hivemq-platform-operator] [75347323] 18:40:48.141 [main] INFO  c.h.p.o.HiveMQPlatformOperatorApplication - Watching all namespaces
2025-01-29 18:40:48,143 INFO c.h.h.t.HelmChartContainer - [hivemq-test-hivemq-platform] [hivemq-platform-operator] [75347323] 18:40:48.141 [main] INFO  c.h.p.o.HiveMQPlatformOperatorApplication - Log level: DEBUG
2025-01-29 18:40:48,143 INFO c.h.h.t.HelmChartContainer - [hivemq-test-hivemq-platform] [hivemq-platform-operator] [75347323] 18:40:48.141 [main] INFO  c.h.p.o.HiveMQPlatformOperatorApplication - Release name: test-hivemq-platform-operator
2025-01-29 18:40:48,143 INFO c.h.h.t.HelmChartContainer - [hivemq-test-hivemq-platform] [hivemq-platform-operator] [75347323] 18:40:48.141 [main] INFO  c.h.p.o.HiveMQPlatformOperatorApplication - HiveMQ Platform Operator Init image: docker.io/hivemq/hivemq-platform-operator-init-test:snapshot
2025-01-29 18:40:48,143 INFO c.h.h.t.HelmChartContainer - [hivemq-test-hivemq-platform] [hivemq-platform-operator] [75347323] 18:40:48.141 [main] INFO  c.h.p.o.HiveMQPlatformOperatorApplication - HiveMQ Platform Operator Init App update URL: http://hivemq-platform-operator-test-hivemq-platform-operator.helmcustomextensionit-operator.svc:8080/initAppUpdate/hivemq-platform-operator-init-app-1.7.0-SNAPSHOT.jar
2025-01-29 18:40:48,143 INFO c.h.h.t.HelmChartContainer - [hivemq-test-hivemq-platform] [hivemq-platform-operator] [75347323] 18:40:48.141 [main] INFO  c.h.p.o.HiveMQPlatformOperatorApplication - Additional imagePullSecret for all Platform deployments: none
2025-01-29 18:40:48,144 INFO c.h.h.t.HelmChartContainer - [hivemq-test-hivemq-platform] [hivemq-platform-operator] [75347323] 18:40:48.141 [main] INFO  c.h.p.o.HiveMQPlatformOperatorApplication - Apply HiveMQ Platform CRD: true
2025-01-29 18:40:48,144 INFO c.h.h.t.HelmChartContainer - [hivemq-test-hivemq-platform] [hivemq-platform-operator] [75347323] 18:40:48.141 [main] INFO  c.h.p.o.HiveMQPlatformOperatorApplication - Create Platform ServiceAccount: true
2025-01-29 18:40:48,144 INFO c.h.h.t.HelmChartContainer - [hivemq-test-hivemq-platform] [hivemq-platform-operator] [75347323] 18:40:48.142 [main] INFO  c.h.p.o.HiveMQPlatformOperatorApplication - Create Platform ServiceAccount permissions: true
2025-01-29 18:40:48,144 INFO c.h.h.t.HelmChartContainer - [hivemq-test-hivemq-platform] [hivemq-platform-operator] [75347323] 18:40:48.142 [main] INFO  c.h.p.o.HiveMQPlatformOperatorApplication - Validate Platform ServiceAccount: true
2025-01-29 18:40:48,145 INFO c.h.h.t.HelmChartContainer - [hivemq-test-hivemq-platform] [hivemq-platform-operator] [75347323] 18:40:48.142 [main] INFO  c.h.p.o.HiveMQPlatformOperatorApplication - Validate Platform ServiceAccount permissions: true
2025-01-29 18:40:48,264 INFO c.h.h.t.HelmChartContainer - [hivemq-test-hivemq-platform] [hivemq-platform-operator] [75347323] 18:40:48.263 [main] INFO  c.h.platform.operator.util.CRDUtil - Verifying deployed HiveMQ Platform CRD...
2025-01-29 18:40:50,645 INFO c.h.h.t.HelmChartContainer - [hivemq-test-hivemq-platform] [hivemq-platform-operator] [75347323] 18:40:50.643 [main] DEBUG c.h.platform.operator.util.CRDUtil - HiveMQ Platform CRD version v1 is up to date
2025-01-29 18:40:50,645 INFO c.h.h.t.HelmChartContainer - [hivemq-test-hivemq-platform] [hivemq-platform-operator] [75347323] 18:40:50.643 [main] INFO  c.h.platform.operator.util.CRDUtil - HiveMQ Platform CRD is up to date (version: V1_6_0)
2025-01-29 18:40:50,645 INFO c.h.h.t.HelmChartContainer - [hivemq-test-hivemq-platform] [hivemq-platform-operator] [75347323] 18:40:50.644 [main] INFO  c.h.platform.operator.util.CRDUtil - Waiting 10000 ms for HiveMQ Platform CRD 'hivemq-platforms.hivemq.com' to become ready...
2025-01-29 18:40:51,042 INFO c.h.h.t.HelmChartContainer - [hivemq-test-hivemq-platform] [hivemq-platform-operator] [75347323] 18:40:51.040 [vert.x-eventloop-thread-1] DEBUG c.h.platform.operator.util.CRDUtil - Checking CRD condition 'NamesAccepted' (status: 'True')
2025-01-29 18:40:51,042 INFO c.h.h.t.HelmChartContainer - [hivemq-test-hivemq-platform] [hivemq-platform-operator] [75347323] 18:40:51.040 [vert.x-eventloop-thread-1] DEBUG c.h.platform.operator.util.CRDUtil - Checking CRD condition 'Established' (status: 'True')
2025-01-29 18:40:51,042 INFO c.h.h.t.HelmChartContainer - [hivemq-test-hivemq-platform] [hivemq-platform-operator] [75347323] 18:40:51.041 [main] INFO  c.h.platform.operator.util.CRDUtil - HiveMQ Platform CRD 'hivemq-platforms.hivemq.com' is ready
2025-01-29 18:40:51,241 INFO c.h.h.t.HelmChartContainer - [hivemq-test-hivemq-platform] [hivemq-platform-operator] [75347323] 18:40:51.240 [main] INFO  c.h.p.o.HiveMQPlatformReconciler - HiveMQ Platform Operator is starting...
2025-01-29 18:40:51,342 INFO c.h.h.t.HelmChartContainer - [hivemq-test-hivemq-platform] [hivemq-platform-operator] [75347323] 18:40:51.341 [main] WARN  Default ConfigurationService implementation - Configuration for reconciler 'hivemq-controller' was not found. Known reconcilers: None.
2025-01-29 18:40:51,350 INFO c.h.h.t.HelmChartContainer - [hivemq-test-hivemq-platform] [hivemq-platform-operator] [75347323] 18:40:51.349 [main] INFO  Default ConfigurationService implementation - Created configuration for reconciler com.hivemq.platform.operator.HiveMQPlatformReconciler with name hivemq-controller
2025-01-29 18:40:51,534 INFO c.h.h.t.HelmChartContainer - [hivemq-test-hivemq-platform] [hivemq-platform-operator] [75347323] 18:40:51.533 [main] DEBUG c.h.p.o.HiveMQPlatformReconciler - HiveMQ Platform Operator is preparing EventSources
2025-01-29 18:40:51,546 INFO c.h.h.t.HelmChartContainer - [hivemq-test-hivemq-platform] [hivemq-platform-operator] [75347323] 18:40:51.545 [main] INFO  i.javaoperatorsdk.operator.Operator - Registered reconciler: 'hivemq-controller' for resource: 'class com.hivemq.platform.operator.v1.HiveMQPlatform' for namespace(s): [all namespaces]
2025-01-29 18:40:52,148 INFO c.h.h.t.HelmChartContainer - [hivemq-test-hivemq-platform] [hivemq-platform-operator] [75347323] 18:40:52.147 [main] INFO  c.h.p.operator.webserver.JettyServer - Starting Jetty server on port 8080
2025-01-29 18:40:52,244 INFO c.h.h.t.HelmChartContainer - [hivemq-test-hivemq-platform] [hivemq-platform-operator] [75347323] 18:40:52.242 [main] INFO  i.javaoperatorsdk.operator.Operator - Operator SDK 4.9.7 (commit: 2133d28) built on Wed Nov 20 12:56:20 UTC 2024 starting...
2025-01-29 18:40:52,244 INFO c.h.h.t.HelmChartContainer - [hivemq-test-hivemq-platform] [hivemq-platform-operator] [75347323] 18:40:52.243 [main] INFO  i.javaoperatorsdk.operator.Operator - Client version: 6.13.5
2025-01-29 18:40:52,245 INFO c.h.h.t.HelmChartContainer - [hivemq-test-hivemq-platform] [hivemq-platform-operator] [75347323] 18:40:52.244 [Controller Starter for: hivemq-controller] INFO  i.j.operator.processing.Controller - Starting 'hivemq-controller' controller for reconciler: com.hivemq.platform.operator.HiveMQPlatformReconciler, resource: com.hivemq.platform.operator.v1.HiveMQPlatform
2025-01-29 18:40:54,644 INFO c.h.h.t.HelmChartContainer - [hivemq-test-hivemq-platform] [hivemq-platform-operator] [75347323] 18:40:54.643 [Controller Starter for: hivemq-controller] INFO  i.j.operator.processing.Controller - 'hivemq-controller' controller started
2025-01-29 18:40:54,645 INFO c.h.h.t.HelmChartContainer - [hivemq-test-hivemq-platform] [hivemq-platform-operator] [75347323] 18:40:54.644 [main] INFO  c.h.p.o.HiveMQPlatformOperatorApplication - HiveMQ Platform Operator 1.7.0-SNAPSHOT started in 6509 ms
2025-01-29 18:40:55,620 INFO c.h.h.t.HelmChartContainer - [POD] hivemq-test-hivemq-platform-operator-6966f96d65-8b5ft [75347323-ced0-4e55-a0d4-b12b65dc5c87] in helmcustomextensionit-operator was MODIFIED
2025-01-29 18:40:55,631 INFO c.h.h.t.HelmChartContainer - [K3S] [replica_set.go:679] "Finished syncing" kind="ReplicaSet" key="helmcustomextensionit-operator/hivemq-test-hivemq-platform-operator-6966f96d65" duration="10.915775ms"
2025-01-29 18:40:55,631 INFO c.h.h.t.HelmChartContainer - [K3S] [replica_set.go:679] "Finished syncing" kind="ReplicaSet" key="helmcustomextensionit-operator/hivemq-test-hivemq-platform-operator-6966f96d65" duration="37.09µs"
2025-01-29 18:40:56,863 DEBUG c.h.helmcharts.util.HiveMQExtension - Trying to package class 'org.slf4j.Logger' into extension 'hivemq-custom-test-extension'
2025-01-29 18:40:56,864 DEBUG c.h.helmcharts.util.HiveMQExtension - Trying to package class 'com.hivemq.extension.sdk.api.ExtensionMain' into extension 'hivemq-custom-test-extension'
2025-01-29 18:40:56,865 DEBUG c.h.helmcharts.util.HiveMQExtension - Trying to compile class '/home/runner/work/helm-charts/helm-charts/helm-charts/tests-hivemq-platform-operator/src/integrationTest/java/com/hivemq/helmcharts/extensions/custom/CustomTestExtensionMain.java' into extension 'hivemq-custom-test-extension'
2025-01-29 18:40:57,071 DEBUG c.h.helmcharts.util.HiveMQExtension - Trying to package class 'org.slf4j.LoggerFactory' into extension 'hivemq-custom-test-extension'
2025-01-29 18:40:57,113 INFO c.h.h.t.HelmChartContainer - [K3S] [alloc.go:330] "allocated clusterIPs" service="helmcustomextensionit/nginx-service" clusterIPs={"IPv4":"10.43.25.49"}
2025-01-29 18:40:57,117 INFO c.h.h.t.HelmChartContainer - [EVENT] Normal [ScalingReplicaSet] Scaled up replica set nginx-59d47cbdc8 from 0 to 1 [helmcustomextensionit:nginx]
2025-01-29 18:40:57,118 INFO c.h.h.t.HelmChartContainer - [POD] nginx-59d47cbdc8-4r8wq [f4ff3559-4379-4113-a954-b3a977b43bcd] in helmcustomextensionit was ADDED
2025-01-29 18:40:57,129 INFO c.h.h.t.HelmChartContainer - [K3S] [reflector.go:569] object-"helmcustomextensionit"/"nginx-certificates": failed to list *v1.Secret: secrets "nginx-certificates" is forbidden: User "system:node:90e6ebb001dc" cannot list resource "secrets" in API group "" in the namespace "helmcustomextensionit": no relationship found between node '90e6ebb001dc' and this object
2025-01-29 18:40:57,129 INFO c.h.h.t.HelmChartContainer - [K3S] [reflector.go:166] "Unhandled Error" err="object-\"helmcustomextensionit\"/\"nginx-certificates\": Failed to watch *v1.Secret: failed to list *v1.Secret: secrets \"nginx-certificates\" is forbidden: User \"system:node:90e6ebb001dc\" cannot list resource \"secrets\" in API group \"\" in the namespace \"helmcustomextensionit\": no relationship found between node '90e6ebb001dc' and this object"
2025-01-29 18:40:57,130 INFO c.h.h.t.HelmChartContainer - [K3S] [status_manager.go:890] "Failed to get status for pod" podUID="f4ff3559-4379-4113-a954-b3a977b43bcd" pod="helmcustomextensionit/nginx-59d47cbdc8-4r8wq" err="pods \"nginx-59d47cbdc8-4r8wq\" is forbidden: User \"system:node:90e6ebb001dc\" cannot get resource \"pods\" in API group \"\" in the namespace \"helmcustomextensionit\": no relationship found between node '90e6ebb001dc' and this object"
2025-01-29 18:40:57,130 INFO c.h.h.t.HelmChartContainer - [POD] nginx-59d47cbdc8-4r8wq [f4ff3559-4379-4113-a954-b3a977b43bcd] in helmcustomextensionit was MODIFIED
2025-01-29 18:40:57,131 INFO c.h.h.t.HelmChartContainer - [K3S] [reflector.go:569] object-"helmcustomextensionit"/"kube-root-ca.crt": failed to list *v1.ConfigMap: configmaps "kube-root-ca.crt" is forbidden: User "system:node:90e6ebb001dc" cannot list resource "configmaps" in API group "" in the namespace "helmcustomextensionit": no relationship found between node '90e6ebb001dc' and this object
2025-01-29 18:40:57,132 INFO c.h.h.t.HelmChartContainer - [K3S] [reflector.go:166] "Unhandled Error" err="object-\"helmcustomextensionit\"/\"kube-root-ca.crt\": Failed to watch *v1.ConfigMap: failed to list *v1.ConfigMap: configmaps \"kube-root-ca.crt\" is forbidden: User \"system:node:90e6ebb001dc\" cannot list resource \"configmaps\" in API group \"\" in the namespace \"helmcustomextensionit\": no relationship found between node '90e6ebb001dc' and this object"
2025-01-29 18:40:57,136 INFO c.h.h.t.HelmChartContainer - [K3S] [replica_set.go:679] "Finished syncing" kind="ReplicaSet" key="helmcustomextensionit/nginx-59d47cbdc8" duration="31.825068ms"
2025-01-29 18:40:57,144 INFO c.h.h.t.HelmChartContainer - [EVENT] Normal [SuccessfulCreate] Created pod: nginx-59d47cbdc8-4r8wq [helmcustomextensionit:nginx-59d47cbdc8]
2025-01-29 18:40:57,144 INFO c.h.h.t.HelmChartContainer - [EVENT] Normal [Scheduled] Successfully assigned helmcustomextensionit/nginx-59d47cbdc8-4r8wq to 90e6ebb001dc [helmcustomextensionit:nginx-59d47cbdc8-4r8wq]
2025-01-29 18:40:57,150 INFO c.h.h.t.HelmChartContainer - [K3S] [reconciler_common.go:251] "operationExecutor.VerifyControllerAttachedVolume started for volume \"volume-hivemq-custom-test-extension-300\" (UniqueName: \"kubernetes.io/host-path/f4ff3559-4379-4113-a954-b3a977b43bcd-volume-hivemq-custom-test-extension-300\") pod \"nginx-59d47cbdc8-4r8wq\" (UID: \"f4ff3559-4379-4113-a954-b3a977b43bcd\") " pod="helmcustomextensionit/nginx-59d47cbdc8-4r8wq"
2025-01-29 18:40:57,152 INFO c.h.h.t.HelmChartContainer - [K3S] [reconciler_common.go:251] "operationExecutor.VerifyControllerAttachedVolume started for volume \"nginx-certificates\" (UniqueName: \"kubernetes.io/secret/f4ff3559-4379-4113-a954-b3a977b43bcd-nginx-certificates\") pod \"nginx-59d47cbdc8-4r8wq\" (UID: \"f4ff3559-4379-4113-a954-b3a977b43bcd\") " pod="helmcustomextensionit/nginx-59d47cbdc8-4r8wq"
2025-01-29 18:40:57,152 INFO c.h.h.t.HelmChartContainer - [K3S] [reconciler_common.go:251] "operationExecutor.VerifyControllerAttachedVolume started for volume \"nginx-https-conf\" (UniqueName: \"kubernetes.io/host-path/f4ff3559-4379-4113-a954-b3a977b43bcd-nginx-https-conf\") pod \"nginx-59d47cbdc8-4r8wq\" (UID: \"f4ff3559-4379-4113-a954-b3a977b43bcd\") " pod="helmcustomextensionit/nginx-59d47cbdc8-4r8wq"
2025-01-29 18:40:57,152 INFO c.h.h.t.HelmChartContainer - [K3S] [reconciler_common.go:251] "operationExecutor.VerifyControllerAttachedVolume started for volume \"kube-api-access-qcvqw\" (UniqueName: \"kubernetes.io/projected/f4ff3559-4379-4113-a954-b3a977b43bcd-kube-api-access-qcvqw\") pod \"nginx-59d47cbdc8-4r8wq\" (UID: \"f4ff3559-4379-4113-a954-b3a977b43bcd\") " pod="helmcustomextensionit/nginx-59d47cbdc8-4r8wq"
2025-01-29 18:40:57,153 INFO c.h.h.t.HelmChartContainer - [K3S] [replica_set.go:679] "Finished syncing" kind="ReplicaSet" key="helmcustomextensionit/nginx-59d47cbdc8" duration="16.540201ms"
2025-01-29 18:40:57,163 INFO c.h.h.t.HelmChartContainer - [K3S] [replica_set.go:679] "Finished syncing" kind="ReplicaSet" key="helmcustomextensionit/nginx-59d47cbdc8" duration="10.187229ms"
2025-01-29 18:40:57,163 INFO c.h.h.t.HelmChartContainer - [K3S] [replica_set.go:679] "Finished syncing" kind="ReplicaSet" key="helmcustomextensionit/nginx-59d47cbdc8" duration="30.436µs"
2025-01-29 18:40:58,252 INFO c.h.h.t.HelmChartContainer - [K3S] [secret.go:189] Couldn't get secret helmcustomextensionit/nginx-certificates: failed to sync secret cache: timed out waiting for the condition
2025-01-29 18:40:58,253 INFO c.h.h.t.HelmChartContainer - [K3S] [nestedpendingoperations.go:348] Operation for "{volumeName:kubernetes.io/secret/f4ff3559-4379-4113-a954-b3a977b43bcd-nginx-certificates podName:f4ff3559-4379-4113-a954-b3a977b43bcd nodeName:}" failed. No retries permitted until 2025-01-29 18:40:58.752386261 +0000 UTC m=+257.132551599 (durationBeforeRetry 500ms). Error: MountVolume.SetUp failed for volume "nginx-certificates" (UniqueName: "kubernetes.io/secret/f4ff3559-4379-4113-a954-b3a977b43bcd-nginx-certificates") pod "nginx-59d47cbdc8-4r8wq" (UID: "f4ff3559-4379-4113-a954-b3a977b43bcd") : failed to sync secret cache: timed out waiting for the condition
2025-01-29 18:40:58,256 INFO c.h.h.t.HelmChartContainer - [EVENT] Warning [FailedMount] MountVolume.SetUp failed for volume "nginx-certificates" : failed to sync secret cache: timed out waiting for the condition [helmcustomextensionit:nginx-59d47cbdc8-4r8wq]
2025-01-29 18:40:58,257 INFO c.h.h.t.HelmChartContainer - [K3S] [projected.go:288] Couldn't get configMap helmcustomextensionit/kube-root-ca.crt: failed to sync configmap cache: timed out waiting for the condition
2025-01-29 18:40:58,257 INFO c.h.h.t.HelmChartContainer - [K3S] [projected.go:194] Error preparing data for projected volume kube-api-access-qcvqw for pod helmcustomextensionit/nginx-59d47cbdc8-4r8wq: failed to sync configmap cache: timed out waiting for the condition
2025-01-29 18:40:58,257 INFO c.h.h.t.HelmChartContainer - [K3S] [nestedpendingoperations.go:348] Operation for "{volumeName:kubernetes.io/projected/f4ff3559-4379-4113-a954-b3a977b43bcd-kube-api-access-qcvqw podName:f4ff3559-4379-4113-a954-b3a977b43bcd nodeName:}" failed. No retries permitted until 2025-01-29 18:40:58.7570854 +0000 UTC m=+257.137250738 (durationBeforeRetry 500ms). Error: MountVolume.SetUp failed for volume "kube-api-access-qcvqw" (UniqueName: "kubernetes.io/projected/f4ff3559-4379-4113-a954-b3a977b43bcd-kube-api-access-qcvqw") pod "nginx-59d47cbdc8-4r8wq" (UID: "f4ff3559-4379-4113-a954-b3a977b43bcd") : failed to sync configmap cache: timed out waiting for the condition
2025-01-29 18:40:58,259 INFO c.h.h.t.HelmChartContainer - [EVENT] Warning [FailedMount] MountVolume.SetUp failed for volume "kube-api-access-qcvqw" : failed to sync configmap cache: timed out waiting for the condition [helmcustomextensionit:nginx-59d47cbdc8-4r8wq]
2025-01-29 18:40:59,017 INFO c.h.h.t.HelmChartContainer - [EVENT] Normal [Pulled] Container image "nginx:1.27.3" already present on machine [helmcustomextensionit:nginx-59d47cbdc8-4r8wq]
2025-01-29 18:40:59,017 INFO c.h.h.t.HelmChartContainer - Received Pulled event for container nginx in pod nginx-59d47cbdc8-4r8wq [f4ff3559-4379-4113-a954-b3a977b43bcd]
2025-01-29 18:41:00,437 INFO c.h.h.t.HelmChartContainer - [EVENT] Normal [Created] Created container: nginx [helmcustomextensionit:nginx-59d47cbdc8-4r8wq]
2025-01-29 18:41:00,437 INFO c.h.h.t.HelmChartContainer - Received Created event for container nginx in pod nginx-59d47cbdc8-4r8wq [f4ff3559-4379-4113-a954-b3a977b43bcd]
2025-01-29 18:41:00,640 INFO c.h.h.t.HelmChartContainer - [POD] nginx-59d47cbdc8-4r8wq [f4ff3559-4379-4113-a954-b3a977b43bcd] in helmcustomextensionit was MODIFIED
2025-01-29 18:41:00,650 INFO c.h.h.t.HelmChartContainer - [K3S] [replica_set.go:679] "Finished syncing" kind="ReplicaSet" key="helmcustomextensionit/nginx-59d47cbdc8" duration="15.027504ms"
2025-01-29 18:41:00,651 INFO c.h.h.t.HelmChartContainer - [K3S] [replica_set.go:679] "Finished syncing" kind="ReplicaSet" key="helmcustomextensionit/nginx-59d47cbdc8" duration="30.767µs"
2025-01-29 18:41:00,652 INFO c.h.h.t.HelmChartContainer - Started log watcher for nginx in pod nginx-59d47cbdc8-4r8wq [f4ff3559-4379-4113-a954-b3a977b43bcd]
2025-01-29 18:41:00,653 INFO c.h.h.t.HelmChartContainer - [EVENT] Normal [Started] Started container nginx [helmcustomextensionit:nginx-59d47cbdc8-4r8wq]
2025-01-29 18:41:00,653 INFO c.h.h.t.HelmChartContainer - [nginx-59d47cbdc8-4r8] [nginx] [f4ff3559] /docker-entrypoint.sh: /docker-entrypoint.d/ is not empty, will attempt to perform configuration
2025-01-29 18:41:00,653 INFO c.h.h.t.HelmChartContainer - Received Started event for container nginx in pod nginx-59d47cbdc8-4r8wq [f4ff3559-4379-4113-a954-b3a977b43bcd]
2025-01-29 18:41:00,653 INFO c.h.h.t.HelmChartContainer - [nginx-59d47cbdc8-4r8] [nginx] [f4ff3559] /docker-entrypoint.sh: Looking for shell scripts in /docker-entrypoint.d/
2025-01-29 18:41:00,653 INFO c.h.h.t.HelmChartContainer - [nginx-59d47cbdc8-4r8] [nginx] [f4ff3559] /docker-entrypoint.sh: Launching /docker-entrypoint.d/10-listen-on-ipv6-by-default.sh
2025-01-29 18:41:00,653 INFO c.h.h.t.HelmChartContainer - [nginx-59d47cbdc8-4r8] [nginx] [f4ff3559] 10-listen-on-ipv6-by-default.sh: info: IPv6 listen already enabled
2025-01-29 18:41:00,654 INFO c.h.h.t.HelmChartContainer - [nginx-59d47cbdc8-4r8] [nginx] [f4ff3559] /docker-entrypoint.sh: Sourcing /docker-entrypoint.d/15-local-resolvers.envsh
2025-01-29 18:41:00,654 INFO c.h.h.t.HelmChartContainer - [nginx-59d47cbdc8-4r8] [nginx] [f4ff3559] /docker-entrypoint.sh: Launching /docker-entrypoint.d/20-envsubst-on-templates.sh
2025-01-29 18:41:00,654 INFO c.h.h.t.HelmChartContainer - [nginx-59d47cbdc8-4r8] [nginx] [f4ff3559] /docker-entrypoint.sh: Launching /docker-entrypoint.d/30-tune-worker-processes.sh
2025-01-29 18:41:00,654 INFO c.h.h.t.HelmChartContainer - [nginx-59d47cbdc8-4r8] [nginx] [f4ff3559] /docker-entrypoint.sh: Configuration complete; ready for start up
2025-01-29 18:41:00,654 INFO c.h.h.t.HelmChartContainer - [nginx-59d47cbdc8-4r8] [nginx] [f4ff3559] 2025/01/29 18:41:00 [notice] 1#1: using the "epoll" event method
2025-01-29 18:41:00,654 INFO c.h.h.t.HelmChartContainer - [nginx-59d47cbdc8-4r8] [nginx] [f4ff3559] 2025/01/29 18:41:00 [notice] 1#1: nginx/1.27.3
2025-01-29 18:41:00,654 INFO c.h.h.t.HelmChartContainer - [nginx-59d47cbdc8-4r8] [nginx] [f4ff3559] 2025/01/29 18:41:00 [notice] 1#1: built by gcc 12.2.0 (Debian 12.2.0-14) 
2025-01-29 18:41:00,654 INFO c.h.h.t.HelmChartContainer - [nginx-59d47cbdc8-4r8] [nginx] [f4ff3559] 2025/01/29 18:41:00 [notice] 1#1: OS: Linux 6.8.0-1020-azure
2025-01-29 18:41:00,654 INFO c.h.h.t.HelmChartContainer - [nginx-59d47cbdc8-4r8] [nginx] [f4ff3559] 2025/01/29 18:41:00 [notice] 1#1: getrlimit(RLIMIT_NOFILE): 1048576:1048576
2025-01-29 18:41:00,654 INFO c.h.h.t.HelmChartContainer - [nginx-59d47cbdc8-4r8] [nginx] [f4ff3559] 2025/01/29 18:41:00 [notice] 1#1: start worker processes
2025-01-29 18:41:00,654 INFO c.h.h.t.HelmChartContainer - [nginx-59d47cbdc8-4r8] [nginx] [f4ff3559] 2025/01/29 18:41:00 [notice] 1#1: start worker process 22
2025-01-29 18:41:00,654 INFO c.h.h.t.HelmChartContainer - [nginx-59d47cbdc8-4r8] [nginx] [f4ff3559] 2025/01/29 18:41:00 [notice] 1#1: start worker process 23
2025-01-29 18:41:00,654 INFO c.h.h.t.HelmChartContainer - [nginx-59d47cbdc8-4r8] [nginx] [f4ff3559] 2025/01/29 18:41:00 [notice] 1#1: start worker process 24
2025-01-29 18:41:00,654 INFO c.h.h.t.HelmChartContainer - [nginx-59d47cbdc8-4r8] [nginx] [f4ff3559] 2025/01/29 18:41:00 [notice] 1#1: start worker process 25
2025-01-29 18:41:01,128 INFO c.h.h.testcontainer.LogWaiterUtil - TEST Waiting for log pattern on 'test-hivemq-platform-0': .*Extension "HiveMQ Custom Test Extension" version 3.0.0 started successfully.
2025-01-29 18:41:01,186 DEBUG c.h.h.t.HelmChartContainer - Executing helm command: /bin/helm --kubeconfig /etc/rancher/k3s/k3s.yaml install test-hivemq-platform /charts/hivemq-platform --wait --timeout 5m0s --set image.repository=docker.io/hivemq --set image.tag=4.36.0 --set image.pullPolicy=Never --set nodes.resources.cpu=512m -f /files/custom-extension-values-with-https.yaml --namespace helmcustomextensionit
2025-01-29 18:41:01,423 INFO c.h.h.t.HelmChartContainer - [hivemq-test-hivemq-platform] [hivemq-platform-operator] [75347323] 18:41:01.420 [-2082509879-pool-1-thread-2] WARN  i.m.p.PrometheusMeterRegistry - The meter (MeterId{name='operator.sdk.events.received', tags=[tag(action=ADDED),tag(event=ResourceEvent),tag(group=hivemq.com),tag(kind=HiveMQPlatform),tag(name=test-hivemq-platform),tag(namespace=helmcustomextensionit),tag(scope=namespace),tag(version=v1)]}) registration has failed: Prometheus requires that all meters with the same name have the same set of tag keys. There is already an existing meter named 'operator.sdk.events.received' containing tag keys [event, group, kind, name, namespace, scope, version]. The meter you are attempting to register has keys [action, event, group, kind, name, namespace, scope, version]. Note that subsequent logs will be logged at debug level.
2025-01-29 18:41:01,759 INFO c.h.h.t.HelmChartContainer - [hivemq-test-hivemq-platform] [hivemq-platform-operator] [75347323] 18:41:01.757 [pool-6-thread-3] DEBUG c.h.p.o.dependants.PodInfoConfigMap - [helmcust] Desired PodInfo ConfigMap (1 extensions) (1 enabled)
2025-01-29 18:41:01,759 INFO c.h.h.t.HelmChartContainer - [hivemq-test-hivemq-platform] [hivemq-platform-operator] [75347323] 18:41:01.757 [pool-6-thread-3] DEBUG c.h.p.o.dependants.PodInfoConfigMap - [helmcust] Desired PodInfo ConfigMap (metrics port: 9399) (metrics path: /)
2025-01-29 18:41:01,760 INFO c.h.h.t.HelmChartContainer - [hivemq-test-hivemq-platform] [hivemq-platform-operator] [75347323] 18:41:01.757 [pool-6-thread-3] DEBUG c.h.p.o.dependants.PodInfoConfigMap - [helmcust] Desired PodInfo ConfigMap (extension state hash: -1287821691)
2025-01-29 18:41:01,760 INFO c.h.h.t.HelmChartContainer - [hivemq-test-hivemq-platform] [hivemq-platform-operator] [75347323] 18:41:01.759 [pool-6-thread-3] DEBUG c.h.p.o.dependants.PodInfoConfigMap - [helmcust] Create PodInfo ConfigMap
2025-01-29 18:41:01,939 INFO c.h.h.t.HelmChartContainer - [hivemq-test-hivemq-platform] [hivemq-platform-operator] [75347323] 18:41:01.936 [pool-6-thread-5] DEBUG c.h.p.o.dependants.PodRoleResource - [helmcust] Create Role: Role(apiVersion=rbac.authorization.k8s.io/v1, kind=Role, metadata=ObjectMeta(annotations={meta.helm.sh/release-name=test-hivemq-platform, meta.helm.sh/release-namespace=helmcustomextensionit}, creationTimestamp=null, deletionGracePeriodSeconds=null, deletionTimestamp=null, finalizers=[], generateName=null, generation=null, labels={helm.sh/chart=hivemq-platform-0.2.32, app.kubernetes.io/managed-by=Helm, app.kubernetes.io/name=hivemq-platform, hivemq-platform=test-hivemq-platform, app.kubernetes.io/instance=test-hivemq-platform, app.kubernetes.io/version=4.36.0}, managedFields=[], name=hivemq-platform-role-test-hivemq-platform, namespace=helmcustomextensionit, ownerReferences=[OwnerReference(apiVersion=hivemq.com/v1, blockOwnerDeletion=null, controller=null, kind=HiveMQPlatform, name=test-hivemq-platform, uid=7adff651-5e83-449c-925e-b86dbc55f189, additionalProperties={})], resourceVersion=null, selfLink=null, uid=null, additionalProperties={}), rules=[PolicyRule(apiGroups=[], nonResourceURLs=[], resourceNames=[], resources=[pods], verbs=[get, patch, update], additionalProperties={})], additionalProperties={})
2025-01-29 18:41:02,039 INFO c.h.h.t.HelmChartContainer - [hivemq-test-hivemq-platform] [hivemq-platform-operator] [75347323] 18:41:02.038 [pool-6-thread-7] DEBUG c.h.p.o.d.PodServiceAccountResource - [helmcust] Desired PodServiceAccountResource (serviceAccountName: hivemq-platform-pod-test-hivemq-platform)
2025-01-29 18:41:02,040 INFO c.h.h.t.HelmChartContainer - [hivemq-test-hivemq-platform] [hivemq-platform-operator] [75347323] 18:41:02.039 [pool-6-thread-7] DEBUG c.h.p.o.d.PodServiceAccountResource - [helmcust] Create ServiceAccount 'hivemq-platform-pod-test-hivemq-platform'
2025-01-29 18:41:02,146 INFO c.h.h.t.HelmChartContainer - [hivemq-test-hivemq-platform] [hivemq-platform-operator] [75347323] 18:41:02.145 [pool-6-thread-10] DEBUG c.h.p.o.d.PodRoleBindingResource - [helmcust] Create RoleBinding: RoleBinding(apiVersion=rbac.authorization.k8s.io/v1, kind=RoleBinding, metadata=ObjectMeta(annotations={meta.helm.sh/release-name=test-hivemq-platform, meta.helm.sh/release-namespace=helmcustomextensionit}, creationTimestamp=null, deletionGracePeriodSeconds=null, deletionTimestamp=null, finalizers=[], generateName=null, generation=null, labels={helm.sh/chart=hivemq-platform-0.2.32, app.kubernetes.io/managed-by=Helm, app.kubernetes.io/name=hivemq-platform, hivemq-platform=test-hivemq-platform, app.kubernetes.io/instance=test-hivemq-platform, app.kubernetes.io/version=4.36.0}, managedFields=[], name=hivemq-platform-role-binding-test-hivemq-platform, namespace=helmcustomextensionit, ownerReferences=[OwnerReference(apiVersion=hivemq.com/v1, blockOwnerDeletion=null, controller=null, kind=HiveMQPlatform, name=test-hivemq-platform, uid=7adff651-5e83-449c-925e-b86dbc55f189, additionalProperties={})], resourceVersion=null, selfLink=null, uid=null, additionalProperties={}), roleRef=RoleRef(apiGroup=rbac.authorization.k8s.io, kind=Role, name=hivemq-platform-role-test-hivemq-platform, additionalProperties={}), subjects=[Subject(apiGroup=null, kind=ServiceAccount, name=hivemq-platform-pod-test-hivemq-platform, namespace=helmcustomextensionit, additionalProperties={})], additionalProperties={})
2025-01-29 18:41:02,250 INFO c.h.h.t.HelmChartContainer - [hivemq-test-hivemq-platform] [hivemq-platform-operator] [75347323] 18:41:02.249 [ReconcilerExecutor-hivemq-controller-54] INFO  c.h.p.o.HiveMQPlatformReconciler - [helmcust] Reconciling HiveMQ Platform 'test-hivemq-platform' in namespace 'helmcustomextensionit'
2025-01-29 18:41:02,251 INFO c.h.h.t.HelmChartContainer - [hivemq-test-hivemq-platform] [hivemq-platform-operator] [75347323] 18:41:02.249 [ReconcilerExecutor-hivemq-controller-54] DEBUG c.h.p.o.HiveMQPlatformReconciler - [helmcust] Custom Resource Status CREATED - HiveMQ Platform was created (READY)
2025-01-29 18:41:02,251 INFO c.h.h.t.HelmChartContainer - [hivemq-test-hivemq-platform] [hivemq-platform-operator] [75347323] 18:41:02.249 [ReconcilerExecutor-hivemq-controller-54] DEBUG c.h.p.o.HiveMQPlatformReconciler - [helmcust] Custom Resource Spec (replicas: 1) (extensions: 1)
2025-01-29 18:41:02,257 INFO c.h.h.t.HelmChartContainer - [hivemq-test-hivemq-platform] [hivemq-platform-operator] [75347323] 18:41:02.256 [ReconcilerExecutor-hivemq-controller-54] INFO  c.h.p.o.h.HiveMQPlatformReconcilerBaseHandler - [helmcust] HiveMQ Platform is starting
2025-01-29 18:41:02,436 INFO c.h.h.t.HelmChartContainer - [hivemq-test-hivemq-platform] [hivemq-platform-operator] [75347323] 18:41:02.435 [ReconcilerExecutor-hivemq-controller-54] DEBUG c.h.p.operator.event.EventSender - [helmcust] Creating K8s event hivemq-platform-starting: [Start] HiveMQ Platform is starting
2025-01-29 18:41:02,445 INFO c.h.h.t.HelmChartContainer - [EVENT] Normal [Start] HiveMQ Platform is starting [helmcustomextensionit:test-hivemq-platform]
2025-01-29 18:41:02,452 INFO c.h.h.t.HelmChartContainer - [hivemq-test-hivemq-platform] [hivemq-platform-operator] [75347323] 18:41:02.450 [ReconcilerExecutor-hivemq-controller-54] INFO  c.h.p.o.h.AbstractHiveMQReconcilerStateHandler - [helmcust] Update HiveMQ Platform Status (CREATED [READY] -> STARTING [READY]): HiveMQ Platform is starting
2025-01-29 18:41:02,556 DEBUG com.hivemq.helmcharts.util.K8sUtil - Comparing actual state 'STARTING' and waiting for 'RUNNING'
2025-01-29 18:41:12,639 INFO c.h.h.t.HelmChartContainer - [hivemq-test-hivemq-platform] [hivemq-platform-operator] [75347323] 18:41:12.637 [pool-6-thread-12] DEBUG c.h.p.o.d.PlatformServiceResource - [helmcust] Desired Platform services (3 services)
2025-01-29 18:41:12,643 INFO c.h.h.t.HelmChartContainer - [hivemq-test-hivemq-platform] [hivemq-platform-operator] [75347323] 18:41:12.642 [pool-6-thread-17] DEBUG c.h.p.o.d.PodServiceAccountResource - [helmcust] Desired PodServiceAccountResource (serviceAccountName: hivemq-platform-pod-test-hivemq-platform)
2025-01-29 18:41:12,646 INFO c.h.h.t.HelmChartContainer - [hivemq-test-hivemq-platform] [hivemq-platform-operator] [75347323] 18:41:12.643 [pool-6-thread-13] DEBUG c.h.p.o.dependants.PodInfoConfigMap - [helmcust] Desired PodInfo ConfigMap (1 extensions) (1 enabled)
2025-01-29 18:41:12,646 INFO c.h.h.t.HelmChartContainer - [hivemq-test-hivemq-platform] [hivemq-platform-operator] [75347323] 18:41:12.644 [pool-6-thread-13] DEBUG c.h.p.o.dependants.PodInfoConfigMap - [helmcust] Desired PodInfo ConfigMap (metrics port: 9399) (metrics path: /)
2025-01-29 18:41:12,646 INFO c.h.h.t.HelmChartContainer - [hivemq-test-hivemq-platform] [hivemq-platform-operator] [75347323] 18:41:12.644 [pool-6-thread-13] DEBUG c.h.p.o.dependants.PodInfoConfigMap - [helmcust] Desired PodInfo ConfigMap (extension state hash: -1287821691)
2025-01-29 18:41:12,732 INFO c.h.h.t.HelmChartContainer - [hivemq-test-hivemq-platform] [hivemq-platform-operator] [75347323] 18:41:12.650 [pool-6-thread-13] DEBUG c.h.p.o.dependants.PodInfoConfigMap - [helmcust] Update PodInfo ConfigMap
2025-01-29 18:41:12,745 INFO c.h.h.t.HelmChartContainer - [K3S] [alloc.go:330] "allocated clusterIPs" service="helmcustomextensionit/hivemq-test-hivemq-platform-cc-8080" clusterIPs={"IPv4":"10.43.19.130"}
2025-01-29 18:41:12,837 INFO c.h.h.t.HelmChartContainer - [K3S] [alloc.go:330] "allocated clusterIPs" service="helmcustomextensionit/hivemq-test-hivemq-platform-mqtt-1883" clusterIPs={"IPv4":"10.43.96.137"}
2025-01-29 18:41:12,849 INFO c.h.h.t.HelmChartContainer - [K3S] [alloc.go:330] "allocated clusterIPs" service="helmcustomextensionit/hivemq-test-hivemq-platform-metrics-9399" clusterIPs={"IPv4":"10.43.21.108"}
2025-01-29 18:41:12,860 INFO c.h.h.t.HelmChartContainer - [hivemq-test-hivemq-platform] [hivemq-platform-operator] [75347323] 18:41:12.859 [pool-6-thread-20] DEBUG c.h.p.o.d.StatefulSetResource - [helmcust] Desired StatefulSet (1 replicas) for status STARTING (READY)
2025-01-29 18:41:12,941 INFO c.h.h.t.HelmChartContainer - [hivemq-test-hivemq-platform] [hivemq-platform-operator] [75347323] 18:41:12.939 [pool-6-thread-20] DEBUG c.h.p.o.d.StatefulSetResource - [helmcust] Create StatefulSet
2025-01-29 18:41:12,966 INFO c.h.h.t.HelmChartContainer - [POD] test-hivemq-platform-0 [161e266f-e591-4351-a0f3-cea0d067f91b] in helmcustomextensionit was ADDED
2025-01-29 18:41:12,970 INFO c.h.h.t.HelmChartContainer - [EVENT] Normal [SuccessfulCreate] create Pod test-hivemq-platform-0 in StatefulSet test-hivemq-platform successful [helmcustomextensionit:test-hivemq-platform]
2025-01-29 18:41:12,970 INFO c.h.h.t.HelmChartContainer - [POD] test-hivemq-platform-0 [161e266f-e591-4351-a0f3-cea0d067f91b] in helmcustomextensionit was MODIFIED
2025-01-29 18:41:12,975 INFO c.h.h.t.HelmChartContainer - [EVENT] Normal [Scheduled] Successfully assigned helmcustomextensionit/test-hivemq-platform-0 to 90e6ebb001dc [helmcustomextensionit:test-hivemq-platform-0]
2025-01-29 18:41:12,981 INFO c.h.h.t.HelmChartContainer - [POD] test-hivemq-platform-0 [161e266f-e591-4351-a0f3-cea0d067f91b] in helmcustomextensionit was MODIFIED
2025-01-29 18:41:13,053 INFO c.h.h.t.HelmChartContainer - [K3S] [reconciler_common.go:251] "operationExecutor.VerifyControllerAttachedVolume started for volume \"operator-init\" (UniqueName: \"kubernetes.io/empty-dir/161e266f-e591-4351-a0f3-cea0d067f91b-operator-init\") pod \"test-hivemq-platform-0\" (UID: \"161e266f-e591-4351-a0f3-cea0d067f91b\") " pod="helmcustomextensionit/test-hivemq-platform-0"
2025-01-29 18:41:13,053 INFO c.h.h.t.HelmChartContainer - [K3S] [reconciler_common.go:251] "operationExecutor.VerifyControllerAttachedVolume started for volume \"pod-info\" (UniqueName: \"kubernetes.io/configmap/161e266f-e591-4351-a0f3-cea0d067f91b-pod-info\") pod \"test-hivemq-platform-0\" (UID: \"161e266f-e591-4351-a0f3-cea0d067f91b\") " pod="helmcustomextensionit/test-hivemq-platform-0"
2025-01-29 18:41:13,053 INFO c.h.h.t.HelmChartContainer - [K3S] [reconciler_common.go:251] "operationExecutor.VerifyControllerAttachedVolume started for volume \"broker-configuration\" (UniqueName: \"kubernetes.io/configmap/161e266f-e591-4351-a0f3-cea0d067f91b-broker-configuration\") pod \"test-hivemq-platform-0\" (UID: \"161e266f-e591-4351-a0f3-cea0d067f91b\") " pod="helmcustomextensionit/test-hivemq-platform-0"
2025-01-29 18:41:13,053 INFO c.h.h.t.HelmChartContainer - [K3S] [reconciler_common.go:251] "operationExecutor.VerifyControllerAttachedVolume started for volume \"kube-api-access-n9d55\" (UniqueName: \"kubernetes.io/projected/161e266f-e591-4351-a0f3-cea0d067f91b-kube-api-access-n9d55\") pod \"test-hivemq-platform-0\" (UID: \"161e266f-e591-4351-a0f3-cea0d067f91b\") " pod="helmcustomextensionit/test-hivemq-platform-0"
2025-01-29 18:41:13,134 INFO c.h.h.t.HelmChartContainer - [hivemq-test-hivemq-platform] [hivemq-platform-operator] [75347323] 18:41:13.131 [ReconcilerExecutor-hivemq-controller-65] INFO  c.h.p.o.HiveMQPlatformReconciler - [helmcust] Reconciling HiveMQ Platform 'test-hivemq-platform' in namespace 'helmcustomextensionit'
2025-01-29 18:41:13,134 INFO c.h.h.t.HelmChartContainer - [hivemq-test-hivemq-platform] [hivemq-platform-operator] [75347323] 18:41:13.131 [ReconcilerExecutor-hivemq-controller-65] DEBUG c.h.p.o.HiveMQPlatformReconciler - [helmcust] Custom Resource Status STARTING - HiveMQ Platform is starting (READY)
2025-01-29 18:41:13,134 INFO c.h.h.t.HelmChartContainer - [hivemq-test-hivemq-platform] [hivemq-platform-operator] [75347323] 18:41:13.131 [ReconcilerExecutor-hivemq-controller-65] DEBUG c.h.p.o.HiveMQPlatformReconciler - [helmcust] Custom Resource Spec (replicas: 1) (extensions: 1)
2025-01-29 18:41:13,137 INFO c.h.h.t.HelmChartContainer - [hivemq-test-hivemq-platform] [hivemq-platform-operator] [75347323] 18:41:13.136 [ReconcilerExecutor-hivemq-controller-65] DEBUG c.h.p.o.HiveMQPlatformReconciler - [helmcust] StatefulSet Status (revision: test-hivemq-platform-796ccc778, replicas: 1, available: 0, ready: 0, current: 1, updated: 1)
2025-01-29 18:41:13,137 INFO c.h.h.t.HelmChartContainer - [hivemq-test-hivemq-platform] [hivemq-platform-operator] [75347323] 18:41:13.136 [ReconcilerExecutor-hivemq-controller-65] DEBUG c.h.p.o.HiveMQPlatformReconciler - [helmcust] StatefulSet Spec (replicas: 1, init containers: 1, containers: 1, volumes: 3)
2025-01-29 18:41:13,236 INFO c.h.h.t.HelmChartContainer - [hivemq-test-hivemq-platform] [hivemq-platform-operator] [75347323] 18:41:13.234 [ReconcilerExecutor-hivemq-controller-65] DEBUG c.h.p.o.h.HiveMQPlatformReconcilerErrorHandler - [helmcust] Pod 'test-hivemq-platform-0' phase Pending
2025-01-29 18:41:13,237 INFO c.h.h.t.HelmChartContainer - [hivemq-test-hivemq-platform] [hivemq-platform-operator] [75347323] 18:41:13.235 [ReconcilerExecutor-hivemq-controller-65] DEBUG c.h.p.o.h.HiveMQPlatformReconcilerErrorHandler - [helmcust] Pod 'test-hivemq-platform-0' condition 'PodReadyToStartContainers': False
2025-01-29 18:41:13,237 INFO c.h.h.t.HelmChartContainer - [hivemq-test-hivemq-platform] [hivemq-platform-operator] [75347323] 18:41:13.235 [ReconcilerExecutor-hivemq-controller-65] DEBUG c.h.p.o.h.HiveMQPlatformReconcilerErrorHandler - [helmcust] Pod 'test-hivemq-platform-0' condition 'Initialized': False
2025-01-29 18:41:13,237 INFO c.h.h.t.HelmChartContainer - [hivemq-test-hivemq-platform] [hivemq-platform-operator] [75347323] 18:41:13.235 [ReconcilerExecutor-hivemq-controller-65] DEBUG c.h.p.o.h.HiveMQPlatformReconcilerErrorHandler - [helmcust] Pod 'test-hivemq-platform-0' condition 'Ready': False
2025-01-29 18:41:13,237 INFO c.h.h.t.HelmChartContainer - [hivemq-test-hivemq-platform] [hivemq-platform-operator] [75347323] 18:41:13.235 [ReconcilerExecutor-hivemq-controller-65] DEBUG c.h.p.o.h.HiveMQPlatformReconcilerErrorHandler - [helmcust] Pod 'test-hivemq-platform-0' condition 'ContainersReady': False
2025-01-29 18:41:13,237 INFO c.h.h.t.HelmChartContainer - [hivemq-test-hivemq-platform] [hivemq-platform-operator] [75347323] 18:41:13.235 [ReconcilerExecutor-hivemq-controller-65] DEBUG c.h.p.o.h.HiveMQPlatformReconcilerErrorHandler - [helmcust] Pod 'test-hivemq-platform-0' condition 'PodScheduled': True
2025-01-29 18:41:13,237 INFO c.h.h.t.HelmChartContainer - [hivemq-test-hivemq-platform] [hivemq-platform-operator] [75347323] 18:41:13.236 [ReconcilerExecutor-hivemq-controller-65] DEBUG c.h.p.o.h.HiveMQPlatformReconcilerErrorHandler - [helmcust] Pod 'test-hivemq-platform-0' containerStatus 'hivemq' (started: false) (ready: false) (waiting: [PodInitializing] null)
2025-01-29 18:41:13,239 INFO c.h.h.t.HelmChartContainer - [hivemq-test-hivemq-platform] [hivemq-platform-operator] [75347323] 18:41:13.238 [ReconcilerExecutor-hivemq-controller-65] INFO  c.h.p.o.h.HiveMQPlatformReconcilerBaseHandler - [helmcust] HiveMQ Platform is starting, 0 of 1 replicas are ready
2025-01-29 18:41:13,245 INFO c.h.h.t.HelmChartContainer - [hivemq-test-hivemq-platform] [hivemq-platform-operator] [75347323] 18:41:13.242 [pool-6-thread-22] DEBUG c.h.p.o.d.PlatformServiceResource - [helmcust] Desired Platform services (3 services)
2025-01-29 18:41:13,245 INFO c.h.h.t.HelmChartContainer - [hivemq-test-hivemq-platform] [hivemq-platform-operator] [75347323] 18:41:13.243 [pool-6-thread-23] DEBUG c.h.p.o.dependants.PodInfoConfigMap - [helmcust] Desired PodInfo ConfigMap (1 extensions) (1 enabled)
2025-01-29 18:41:13,245 INFO c.h.h.t.HelmChartContainer - [hivemq-test-hivemq-platform] [hivemq-platform-operator] [75347323] 18:41:13.243 [pool-6-thread-23] DEBUG c.h.p.o.dependants.PodInfoConfigMap - [helmcust] Desired PodInfo ConfigMap (metrics port: 9399) (metrics path: /)
2025-01-29 18:41:13,245 INFO c.h.h.t.HelmChartContainer - [hivemq-test-hivemq-platform] [hivemq-platform-operator] [75347323] 18:41:13.243 [pool-6-thread-23] DEBUG c.h.p.o.dependants.PodInfoConfigMap - [helmcust] Desired PodInfo ConfigMap (extension state hash: -1287821691)
2025-01-29 18:41:13,333 INFO c.h.h.t.HelmChartContainer - [hivemq-test-hivemq-platform] [hivemq-platform-operator] [75347323] 18:41:13.332 [pool-6-thread-27] DEBUG c.h.p.o.d.PodServiceAccountResource - [helmcust] Desired PodServiceAccountResource (serviceAccountName: hivemq-platform-pod-test-hivemq-platform)
2025-01-29 18:41:13,339 INFO c.h.h.t.HelmChartContainer - [hivemq-test-hivemq-platform] [hivemq-platform-operator] [75347323] 18:41:13.338 [pool-6-thread-30] DEBUG c.h.p.o.d.StatefulSetResource - [helmcust] Desired StatefulSet (1 replicas) for status STARTING (READY)
2025-01-29 18:41:13,347 INFO c.h.h.t.HelmChartContainer - [hivemq-test-hivemq-platform] [hivemq-platform-operator] [75347323] 18:41:13.345 [ReconcilerExecutor-hivemq-controller-77] INFO  c.h.p.o.HiveMQPlatformReconciler - [helmcust] Reconciling HiveMQ Platform 'test-hivemq-platform' in namespace 'helmcustomextensionit'
2025-01-29 18:41:13,348 INFO c.h.h.t.HelmChartContainer - [hivemq-test-hivemq-platform] [hivemq-platform-operator] [75347323] 18:41:13.346 [ReconcilerExecutor-hivemq-controller-77] DEBUG c.h.p.o.HiveMQPlatformReconciler - [helmcust] Custom Resource Status STARTING - HiveMQ Platform is starting (READY)
2025-01-29 18:41:13,348 INFO c.h.h.t.HelmChartContainer - [hivemq-test-hivemq-platform] [hivemq-platform-operator] [75347323] 18:41:13.346 [ReconcilerExecutor-hivemq-controller-77] DEBUG c.h.p.o.HiveMQPlatformReconciler - [helmcust] Custom Resource Spec (replicas: 1) (extensions: 1)
2025-01-29 18:41:13,349 INFO c.h.h.t.HelmChartContainer - [hivemq-test-hivemq-platform] [hivemq-platform-operator] [75347323] 18:41:13.349 [ReconcilerExecutor-hivemq-controller-77] DEBUG c.h.p.o.HiveMQPlatformReconciler - [helmcust] StatefulSet Status (revision: test-hivemq-platform-796ccc778, replicas: 1, available: 0, ready: 0, current: 1, updated: 1)
2025-01-29 18:41:13,350 INFO c.h.h.t.HelmChartContainer - [hivemq-test-hivemq-platform] [hivemq-platform-operator] [75347323] 18:41:13.349 [ReconcilerExecutor-hivemq-controller-77] DEBUG c.h.p.o.HiveMQPlatformReconciler - [helmcust] StatefulSet Spec (replicas: 1, init containers: 1, containers: 1, volumes: 3)
2025-01-29 18:41:13,371 INFO c.h.h.t.HelmChartContainer - [EVENT] Normal [Pulled] Container image "docker.io/hivemq/hivemq-platform-operator-init-test:snapshot" already present on machine [helmcustomextensionit:test-hivemq-platform-0]
2025-01-29 18:41:13,433 INFO c.h.h.t.HelmChartContainer - [hivemq-test-hivemq-platform] [hivemq-platform-operator] [75347323] 18:41:13.351 [ReconcilerExecutor-hivemq-controller-77] DEBUG c.h.p.o.h.HiveMQPlatformReconcilerErrorHandler - [helmcust] Pod 'test-hivemq-platform-0' phase Pending
2025-01-29 18:41:13,434 INFO c.h.h.t.HelmChartContainer - [hivemq-test-hivemq-platform] [hivemq-platform-operator] [75347323] 18:41:13.430 [ReconcilerExecutor-hivemq-controller-77] DEBUG c.h.p.o.h.HiveMQPlatformReconcilerErrorHandler - [helmcust] Pod 'test-hivemq-platform-0' condition 'PodReadyToStartContainers': False
2025-01-29 18:41:13,434 INFO c.h.h.t.HelmChartContainer - [hivemq-test-hivemq-platform] [hivemq-platform-operator] [75347323] 18:41:13.430 [ReconcilerExecutor-hivemq-controller-77] DEBUG c.h.p.o.h.HiveMQPlatformReconcilerErrorHandler - [helmcust] Pod 'test-hivemq-platform-0' condition 'Initialized': False
2025-01-29 18:41:13,434 INFO c.h.h.t.HelmChartContainer - [hivemq-test-hivemq-platform] [hivemq-platform-operator] [75347323] 18:41:13.430 [ReconcilerExecutor-hivemq-controller-77] DEBUG c.h.p.o.h.HiveMQPlatformReconcilerErrorHandler - [helmcust] Pod 'test-hivemq-platform-0' condition 'Ready': False
2025-01-29 18:41:13,434 INFO c.h.h.t.HelmChartContainer - [hivemq-test-hivemq-platform] [hivemq-platform-operator] [75347323] 18:41:13.430 [ReconcilerExecutor-hivemq-controller-77] DEBUG c.h.p.o.h.HiveMQPlatformReconcilerErrorHandler - [helmcust] Pod 'test-hivemq-platform-0' condition 'ContainersReady': False
2025-01-29 18:41:13,434 INFO c.h.h.t.HelmChartContainer - [hivemq-test-hivemq-platform] [hivemq-platform-operator] [75347323] 18:41:13.430 [ReconcilerExecutor-hivemq-controller-77] DEBUG c.h.p.o.h.HiveMQPlatformReconcilerErrorHandler - [helmcust] Pod 'test-hivemq-platform-0' condition 'PodScheduled': True
2025-01-29 18:41:13,434 INFO c.h.h.t.HelmChartContainer - [hivemq-test-hivemq-platform] [hivemq-platform-operator] [75347323] 18:41:13.430 [ReconcilerExecutor-hivemq-controller-77] DEBUG c.h.p.o.h.HiveMQPlatformReconcilerErrorHandler - [helmcust] Pod 'test-hivemq-platform-0' containerStatus 'hivemq' (started: false) (ready: false) (waiting: [PodInitializing] null)
2025-01-29 18:41:13,434 INFO c.h.h.t.HelmChartContainer - [hivemq-test-hivemq-platform] [hivemq-platform-operator] [75347323] 18:41:13.432 [ReconcilerExecutor-hivemq-controller-77] INFO  c.h.p.o.h.HiveMQPlatformReconcilerBaseHandler - [helmcust] HiveMQ Platform is starting, 0 of 1 replicas are ready
2025-01-29 18:41:13,489 INFO c.h.h.t.HelmChartContainer - [EVENT] Normal [Created] Created container: hivemq-platform-operator-init [helmcustomextensionit:test-hivemq-platform-0]
2025-01-29 18:41:13,526 INFO c.h.h.t.HelmChartContainer - [EVENT] Normal [Started] Started container hivemq-platform-operator-init [helmcustomextensionit:test-hivemq-platform-0]
2025-01-29 18:41:13,674 INFO c.h.h.t.HelmChartContainer - [POD] test-hivemq-platform-0 [161e266f-e591-4351-a0f3-cea0d067f91b] in helmcustomextensionit was MODIFIED
2025-01-29 18:41:13,691 INFO c.h.h.t.HelmChartContainer - [hivemq-test-hivemq-platform] [hivemq-platform-operator] [75347323] 18:41:13.678 [pool-6-thread-32] DEBUG c.h.p.o.d.PlatformServiceResource - [helmcust] Desired Platform services (3 services)
2025-01-29 18:41:13,694 INFO c.h.h.t.HelmChartContainer - [hivemq-test-hivemq-platform] [hivemq-platform-operator] [75347323] 18:41:13.683 [pool-6-thread-33] DEBUG c.h.p.o.dependants.PodInfoConfigMap - [helmcust] Desired PodInfo ConfigMap (1 extensions) (1 enabled)
2025-01-29 18:41:13,694 INFO c.h.h.t.HelmChartContainer - [hivemq-test-hivemq-platform] [hivemq-platform-operator] [75347323] 18:41:13.683 [pool-6-thread-33] DEBUG c.h.p.o.dependants.PodInfoConfigMap - [helmcust] Desired PodInfo ConfigMap (metrics port: 9399) (metrics path: /)
2025-01-29 18:41:13,694 INFO c.h.h.t.HelmChartContainer - [hivemq-test-hivemq-platform] [hivemq-platform-operator] [75347323] 18:41:13.684 [pool-6-thread-33] DEBUG c.h.p.o.dependants.PodInfoConfigMap - [helmcust] Desired PodInfo ConfigMap (extension state hash: -1287821691)
2025-01-29 18:41:13,694 INFO c.h.h.t.HelmChartContainer - [hivemq-test-hivemq-platform] [hivemq-platform-operator] [75347323] 18:41:13.688 [pool-6-thread-37] DEBUG c.h.p.o.d.PodServiceAccountResource - [helmcust] Desired PodServiceAccountResource (serviceAccountName: hivemq-platform-pod-test-hivemq-platform)
2025-01-29 18:41:13,735 INFO c.h.h.t.HelmChartContainer - [hivemq-test-hivemq-platform] [hivemq-platform-operator] [75347323] 18:41:13.733 [pool-6-thread-40] DEBUG c.h.p.o.d.StatefulSetResource - [helmcust] Desired StatefulSet (1 replicas) for status STARTING (READY)
2025-01-29 18:41:13,739 INFO c.h.h.t.HelmChartContainer - [hivemq-test-hivemq-platform] [hivemq-platform-operator] [75347323] 18:41:13.738 [ReconcilerExecutor-hivemq-controller-88] INFO  c.h.p.o.HiveMQPlatformReconciler - [helmcust] Reconciling HiveMQ Platform 'test-hivemq-platform' in namespace 'helmcustomextensionit'
2025-01-29 18:41:13,740 INFO c.h.h.t.HelmChartContainer - [hivemq-test-hivemq-platform] [hivemq-platform-operator] [75347323] 18:41:13.738 [ReconcilerExecutor-hivemq-controller-88] DEBUG c.h.p.o.HiveMQPlatformReconciler - [helmcust] Custom Resource Status STARTING - HiveMQ Platform is starting (READY)
2025-01-29 18:41:13,740 INFO c.h.h.t.HelmChartContainer - [hivemq-test-hivemq-platform] [hivemq-platform-operator] [75347323] 18:41:13.739 [ReconcilerExecutor-hivemq-controller-88] DEBUG c.h.p.o.HiveMQPlatformReconciler - [helmcust] Custom Resource Spec (replicas: 1) (extensions: 1)
2025-01-29 18:41:13,743 INFO c.h.h.t.HelmChartContainer - [hivemq-test-hivemq-platform] [hivemq-platform-operator] [75347323] 18:41:13.741 [ReconcilerExecutor-hivemq-controller-88] DEBUG c.h.p.o.HiveMQPlatformReconciler - [helmcust] StatefulSet Status (revision: test-hivemq-platform-796ccc778, replicas: 1, available: 0, ready: 0, current: 1, updated: 1)
2025-01-29 18:41:13,744 INFO c.h.h.t.HelmChartContainer - [hivemq-test-hivemq-platform] [hivemq-platform-operator] [75347323] 18:41:13.742 [ReconcilerExecutor-hivemq-controller-88] DEBUG c.h.p.o.HiveMQPlatformReconciler - [helmcust] StatefulSet Spec (replicas: 1, init containers: 1, containers: 1, volumes: 3)
2025-01-29 18:41:13,748 INFO c.h.h.t.HelmChartContainer - [hivemq-test-hivemq-platform] [hivemq-platform-operator] [75347323] 18:41:13.748 [ReconcilerExecutor-hivemq-controller-88] DEBUG c.h.p.o.h.HiveMQPlatformReconcilerErrorHandler - [helmcust] Pod 'test-hivemq-platform-0' phase Pending
2025-01-29 18:41:13,752 INFO c.h.h.t.HelmChartContainer - [hivemq-test-hivemq-platform] [hivemq-platform-operator] [75347323] 18:41:13.748 [ReconcilerExecutor-hivemq-controller-88] DEBUG c.h.p.o.h.HiveMQPlatformReconcilerErrorHandler - [helmcust] Pod 'test-hivemq-platform-0' condition 'PodReadyToStartContainers': True
2025-01-29 18:41:13,752 INFO c.h.h.t.HelmChartContainer - [hivemq-test-hivemq-platform] [hivemq-platform-operator] [75347323] 18:41:13.748 [ReconcilerExecutor-hivemq-controller-88] DEBUG c.h.p.o.h.HiveMQPlatformReconcilerErrorHandler - [helmcust] Pod 'test-hivemq-platform-0' condition 'Initialized': False
2025-01-29 18:41:13,753 INFO c.h.h.t.HelmChartContainer - [hivemq-test-hivemq-platform] [hivemq-platform-operator] [75347323] 18:41:13.749 [ReconcilerExecutor-hivemq-controller-88] DEBUG c.h.p.o.h.HiveMQPlatformReconcilerErrorHandler - [helmcust] Pod 'test-hivemq-platform-0' condition 'Ready': False
2025-01-29 18:41:13,753 INFO c.h.h.t.HelmChartContainer - [hivemq-test-hivemq-platform] [hivemq-platform-operator] [75347323] 18:41:13.749 [ReconcilerExecutor-hivemq-controller-88] DEBUG c.h.p.o.h.HiveMQPlatformReconcilerErrorHandler - [helmcust] Pod 'test-hivemq-platform-0' condition 'ContainersReady': False
2025-01-29 18:41:13,753 INFO c.h.h.t.HelmChartContainer - [hivemq-test-hivemq-platform] [hivemq-platform-operator] [75347323] 18:41:13.749 [ReconcilerExecutor-hivemq-controller-88] DEBUG c.h.p.o.h.HiveMQPlatformReconcilerErrorHandler - [helmcust] Pod 'test-hivemq-platform-0' condition 'PodScheduled': True
2025-01-29 18:41:13,753 INFO c.h.h.t.HelmChartContainer - [hivemq-test-hivemq-platform] [hivemq-platform-operator] [75347323] 18:41:13.750 [ReconcilerExecutor-hivemq-controller-88] DEBUG c.h.p.o.h.HiveMQPlatformReconcilerErrorHandler - [helmcust] Pod 'test-hivemq-platform-0' containerStatus 'hivemq' (started: false) (ready: false) (waiting: [PodInitializing] null)
2025-01-29 18:41:13,753 INFO c.h.h.t.HelmChartContainer - [hivemq-test-hivemq-platform] [hivemq-platform-operator] [75347323] 18:41:13.751 [ReconcilerExecutor-hivemq-controller-88] INFO  c.h.p.o.h.HiveMQPlatformReconcilerBaseHandler - [helmcust] HiveMQ Platform is starting, 0 of 1 replicas are ready
2025-01-29 18:41:15,657 INFO c.h.h.t.HelmChartContainer - [EVENT] Normal [Pulled] Container image "docker.io/hivemq/hivemq4:4.36.0" already present on machine [helmcustomextensionit:test-hivemq-platform-0]
2025-01-29 18:41:15,657 INFO c.h.h.t.HelmChartContainer - Received Pulled event for container hivemq in pod test-hivemq-platform-0 [161e266f-e591-4351-a0f3-cea0d067f91b]
2025-01-29 18:41:15,669 INFO c.h.h.t.HelmChartContainer - [POD] test-hivemq-platform-0 [161e266f-e591-4351-a0f3-cea0d067f91b] in helmcustomextensionit was MODIFIED
2025-01-29 18:41:15,682 INFO c.h.h.t.HelmChartContainer - [hivemq-test-hivemq-platform] [hivemq-platform-operator] [75347323] 18:41:15.678 [pool-6-thread-42] DEBUG c.h.p.o.d.PlatformServiceResource - [helmcust] Desired Platform services (3 services)
2025-01-29 18:41:15,683 INFO c.h.h.t.HelmChartContainer - [hivemq-test-hivemq-platform] [hivemq-platform-operator] [75347323] 18:41:15.681 [pool-6-thread-43] DEBUG c.h.p.o.dependants.PodInfoConfigMap - [helmcust] Desired PodInfo ConfigMap (1 extensions) (1 enabled)
2025-01-29 18:41:15,684 INFO c.h.h.t.HelmChartContainer - [hivemq-test-hivemq-platform] [hivemq-platform-operator] [75347323] 18:41:15.681 [pool-6-thread-43] DEBUG c.h.p.o.dependants.PodInfoConfigMap - [helmcust] Desired PodInfo ConfigMap (metrics port: 9399) (metrics path: /)
2025-01-29 18:41:15,684 INFO c.h.h.t.HelmChartContainer - [hivemq-test-hivemq-platform] [hivemq-platform-operator] [75347323] 18:41:15.681 [pool-6-thread-43] DEBUG c.h.p.o.dependants.PodInfoConfigMap - [helmcust] Desired PodInfo ConfigMap (extension state hash: -1287821691)
2025-01-29 18:41:15,689 INFO c.h.h.t.HelmChartContainer - [hivemq-test-hivemq-platform] [hivemq-platform-operator] [75347323] 18:41:15.684 [pool-6-thread-47] DEBUG c.h.p.o.d.PodServiceAccountResource - [helmcust] Desired PodServiceAccountResource (serviceAccountName: hivemq-platform-pod-test-hivemq-platform)
2025-01-29 18:41:15,739 INFO c.h.h.t.HelmChartContainer - [hivemq-test-hivemq-platform] [hivemq-platform-operator] [75347323] 18:41:15.734 [pool-6-thread-50] DEBUG c.h.p.o.d.StatefulSetResource - [helmcust] Desired StatefulSet (1 replicas) for status STARTING (READY)
2025-01-29 18:41:15,743 INFO c.h.h.t.HelmChartContainer - [hivemq-test-hivemq-platform] [hivemq-platform-operator] [75347323] 18:41:15.740 [ReconcilerExecutor-hivemq-controller-99] INFO  c.h.p.o.HiveMQPlatformReconciler - [helmcust] Reconciling HiveMQ Platform 'test-hivemq-platform' in namespace 'helmcustomextensionit'
2025-01-29 18:41:15,743 INFO c.h.h.t.HelmChartContainer - [hivemq-test-hivemq-platform] [hivemq-platform-operator] [75347323] 18:41:15.740 [ReconcilerExecutor-hivemq-controller-99] DEBUG c.h.p.o.HiveMQPlatformReconciler - [helmcust] Custom Resource Status STARTING - HiveMQ Platform is starting (READY)
2025-01-29 18:41:15,743 INFO c.h.h.t.HelmChartContainer - [hivemq-test-hivemq-platform] [hivemq-platform-operator] [75347323] 18:41:15.741 [ReconcilerExecutor-hivemq-controller-99] DEBUG c.h.p.o.HiveMQPlatformReconciler - [helmcust] Custom Resource Spec (replicas: 1) (extensions: 1)
2025-01-29 18:41:15,744 INFO c.h.h.t.HelmChartContainer - [hivemq-test-hivemq-platform] [hivemq-platform-operator] [75347323] 18:41:15.744 [ReconcilerExecutor-hivemq-controller-99] DEBUG c.h.p.o.HiveMQPlatformReconciler - [helmcust] StatefulSet Status (revision: test-hivemq-platform-796ccc778, replicas: 1, available: 0, ready: 0, current: 1, updated: 1)
2025-01-29 18:41:15,745 INFO c.h.h.t.HelmChartContainer - [hivemq-test-hivemq-platform] [hivemq-platform-operator] [75347323] 18:41:15.745 [ReconcilerExecutor-hivemq-controller-99] DEBUG c.h.p.o.HiveMQPlatformReconciler - [helmcust] StatefulSet Spec (replicas: 1, init containers: 1, containers: 1, volumes: 3)
2025-01-29 18:41:15,749 INFO c.h.h.t.HelmChartContainer - [hivemq-test-hivemq-platform] [hivemq-platform-operator] [75347323] 18:41:15.748 [ReconcilerExecutor-hivemq-controller-99] DEBUG c.h.p.o.h.HiveMQPlatformReconcilerErrorHandler - [helmcust] Pod 'test-hivemq-platform-0' phase Pending
2025-01-29 18:41:15,750 INFO c.h.h.t.HelmChartContainer - [hivemq-test-hivemq-platform] [hivemq-platform-operator] [75347323] 18:41:15.749 [ReconcilerExecutor-hivemq-controller-99] DEBUG c.h.p.o.h.HiveMQPlatformReconcilerErrorHandler - [helmcust] Pod 'test-hivemq-platform-0' condition 'PodReadyToStartContainers': True
2025-01-29 18:41:15,751 INFO c.h.h.t.HelmChartContainer - [hivemq-test-hivemq-platform] [hivemq-platform-operator] [75347323] 18:41:15.749 [ReconcilerExecutor-hivemq-controller-99] DEBUG c.h.p.o.h.HiveMQPlatformReconcilerErrorHandler - [helmcust] Pod 'test-hivemq-platform-0' condition 'Initialized': True
2025-01-29 18:41:15,751 INFO c.h.h.t.HelmChartContainer - [hivemq-test-hivemq-platform] [hivemq-platform-operator] [75347323] 18:41:15.749 [ReconcilerExecutor-hivemq-controller-99] DEBUG c.h.p.o.h.HiveMQPlatformReconcilerErrorHandler - [helmcust] Pod 'test-hivemq-platform-0' condition 'Ready': False
2025-01-29 18:41:15,751 INFO c.h.h.t.HelmChartContainer - [hivemq-test-hivemq-platform] [hivemq-platform-operator] [75347323] 18:41:15.749 [ReconcilerExecutor-hivemq-controller-99] DEBUG c.h.p.o.h.HiveMQPlatformReconcilerErrorHandler - [helmcust] Pod 'test-hivemq-platform-0' condition 'ContainersReady': False
2025-01-29 18:41:15,751 INFO c.h.h.t.HelmChartContainer - [hivemq-test-hivemq-platform] [hivemq-platform-operator] [75347323] 18:41:15.749 [ReconcilerExecutor-hivemq-controller-99] DEBUG c.h.p.o.h.HiveMQPlatformReconcilerErrorHandler - [helmcust] Pod 'test-hivemq-platform-0' condition 'PodScheduled': True
2025-01-29 18:41:15,751 INFO c.h.h.t.HelmChartContainer - [hivemq-test-hivemq-platform] [hivemq-platform-operator] [75347323] 18:41:15.749 [ReconcilerExecutor-hivemq-controller-99] DEBUG c.h.p.o.h.HiveMQPlatformReconcilerErrorHandler - [helmcust] Pod 'test-hivemq-platform-0' containerStatus 'hivemq' (started: false) (ready: false) (waiting: [PodInitializing] null)
2025-01-29 18:41:15,752 INFO c.h.h.t.HelmChartContainer - [hivemq-test-hivemq-platform] [hivemq-platform-operator] [75347323] 18:41:15.750 [ReconcilerExecutor-hivemq-controller-99] INFO  c.h.p.o.h.HiveMQPlatformReconcilerBaseHandler - [helmcust] HiveMQ Platform is starting, 0 of 1 replicas are ready
2025-01-29 18:41:16,932 INFO c.h.h.t.HelmChartContainer - [EVENT] Normal [Created] Created container: hivemq [helmcustomextensionit:test-hivemq-platform-0]
2025-01-29 18:41:16,932 INFO c.h.h.t.HelmChartContainer - Received Created event for container hivemq in pod test-hivemq-platform-0 [161e266f-e591-4351-a0f3-cea0d067f91b]
2025-01-29 18:41:17,668 INFO c.h.h.t.HelmChartContainer - [POD] test-hivemq-platform-0 [161e266f-e591-4351-a0f3-cea0d067f91b] in helmcustomextensionit was MODIFIED
2025-01-29 18:41:17,678 INFO c.h.h.t.HelmChartContainer - [hivemq-test-hivemq-platform] [hivemq-platform-operator] [75347323] 18:41:17.675 [pool-6-thread-5] DEBUG c.h.p.o.d.PlatformServiceResource - [helmcust] Desired Platform services (3 services)
2025-01-29 18:41:17,685 INFO c.h.h.t.HelmChartContainer - [EVENT] Normal [Started] Started container hivemq [helmcustomextensionit:test-hivemq-platform-0]
2025-01-29 18:41:17,685 INFO c.h.h.t.HelmChartContainer - Received Started event for container hivemq in pod test-hivemq-platform-0 [161e266f-e591-4351-a0f3-cea0d067f91b]
2025-01-29 18:41:17,686 INFO c.h.h.t.HelmChartContainer - Started log watcher for hivemq in pod test-hivemq-platform-0 [161e266f-e591-4351-a0f3-cea0d067f91b]
2025-01-29 18:41:17,686 INFO c.h.h.t.HelmChartContainer - [test-hivemq-platform] [hivemq] [161e266f] Adding pre-installed HiveMQ Platform Operator extensions
2025-01-29 18:41:17,686 INFO c.h.h.t.HelmChartContainer - [hivemq-test-hivemq-platform] [hivemq-platform-operator] [75347323] 18:41:17.678 [pool-6-thread-6] DEBUG c.h.p.o.dependants.PodInfoConfigMap - [helmcust] Desired PodInfo ConfigMap (1 extensions) (1 enabled)
2025-01-29 18:41:17,686 INFO c.h.h.t.HelmChartContainer - [hivemq-test-hivemq-platform] [hivemq-platform-operator] [75347323] 18:41:17.678 [pool-6-thread-6] DEBUG c.h.p.o.dependants.PodInfoConfigMap - [helmcust] Desired PodInfo ConfigMap (metrics port: 9399) (metrics path: /)
2025-01-29 18:41:17,686 INFO c.h.h.t.HelmChartContainer - [hivemq-test-hivemq-platform] [hivemq-platform-operator] [75347323] 18:41:17.680 [pool-6-thread-6] DEBUG c.h.p.o.dependants.PodInfoConfigMap - [helmcust] Desired PodInfo ConfigMap (extension state hash: -1287821691)
2025-01-29 18:41:17,686 INFO c.h.h.t.HelmChartContainer - [test-hivemq-platform] [hivemq] [161e266f] Running as user 10000
2025-01-29 18:41:17,686 INFO c.h.h.t.HelmChartContainer - [test-hivemq-platform] [hivemq] [161e266f] Starting HiveMQ Platform Operator Init
2025-01-29 18:41:17,687 INFO c.h.h.t.HelmChartContainer - [hivemq-test-hivemq-platform] [hivemq-platform-operator] [75347323] 18:41:17.685 [pool-6-thread-2] DEBUG c.h.p.o.d.PodServiceAccountResource - [helmcust] Desired PodServiceAccountResource (serviceAccountName: hivemq-platform-pod-test-hivemq-platform)
2025-01-29 18:41:17,697 INFO c.h.h.t.HelmChartContainer - [hivemq-test-hivemq-platform] [hivemq-platform-operator] [75347323] 18:41:17.696 [pool-6-thread-1] DEBUG c.h.p.o.d.StatefulSetResource - [helmcust] Desired StatefulSet (1 replicas) for status STARTING (READY)
2025-01-29 18:41:17,736 INFO c.h.h.t.HelmChartContainer - [hivemq-test-hivemq-platform] [hivemq-platform-operator] [75347323] 18:41:17.734 [ReconcilerExecutor-hivemq-controller-110] INFO  c.h.p.o.HiveMQPlatformReconciler - [helmcust] Reconciling HiveMQ Platform 'test-hivemq-platform' in namespace 'helmcustomextensionit'
2025-01-29 18:41:17,736 INFO c.h.h.t.HelmChartContainer - [hivemq-test-hivemq-platform] [hivemq-platform-operator] [75347323] 18:41:17.734 [ReconcilerExecutor-hivemq-controller-110] DEBUG c.h.p.o.HiveMQPlatformReconciler - [helmcust] Custom Resource Status STARTING - HiveMQ Platform is starting (READY)
2025-01-29 18:41:17,736 INFO c.h.h.t.HelmChartContainer - [hivemq-test-hivemq-platform] [hivemq-platform-operator] [75347323] 18:41:17.734 [ReconcilerExecutor-hivemq-controller-110] DEBUG c.h.p.o.HiveMQPlatformReconciler - [helmcust] Custom Resource Spec (replicas: 1) (extensions: 1)
2025-01-29 18:41:17,738 INFO c.h.h.t.HelmChartContainer - [hivemq-test-hivemq-platform] [hivemq-platform-operator] [75347323] 18:41:17.736 [ReconcilerExecutor-hivemq-controller-110] DEBUG c.h.p.o.HiveMQPlatformReconciler - [helmcust] StatefulSet Status (revision: test-hivemq-platform-796ccc778, replicas: 1, available: 0, ready: 0, current: 1, updated: 1)
2025-01-29 18:41:17,739 INFO c.h.h.t.HelmChartContainer - [hivemq-test-hivemq-platform] [hivemq-platform-operator] [75347323] 18:41:17.736 [ReconcilerExecutor-hivemq-controller-110] DEBUG c.h.p.o.HiveMQPlatformReconciler - [helmcust] StatefulSet Spec (replicas: 1, init containers: 1, containers: 1, volumes: 3)
2025-01-29 18:41:17,740 INFO c.h.h.t.HelmChartContainer - [hivemq-test-hivemq-platform] [hivemq-platform-operator] [75347323] 18:41:17.738 [ReconcilerExecutor-hivemq-controller-110] DEBUG c.h.p.o.h.HiveMQPlatformReconcilerErrorHandler - [helmcust] Pod 'test-hivemq-platform-0' phase Running
2025-01-29 18:41:17,741 INFO c.h.h.t.HelmChartContainer - [hivemq-test-hivemq-platform] [hivemq-platform-operator] [75347323] 18:41:17.740 [ReconcilerExecutor-hivemq-controller-110] INFO  c.h.p.o.h.HiveMQPlatformReconcilerBaseHandler - [helmcust] HiveMQ Platform is starting, 0 of 1 replicas are ready
2025-01-29 18:41:18,108 INFO c.h.h.t.HelmChartContainer - [test-hivemq-platform] [hivemq] [161e266f] INFO  - [HiveMQ Platform Operator Init 1.7.0-SNAPSHOT] HiveMQ Platform Operator Init 1.7.0-SNAPSHOT (commit: b1b9591 on branch: HEAD) built on Wed Jan 29 18:32:18 UTC 2025
2025-01-29 18:41:19,383 INFO c.h.h.t.HelmChartContainer - [test-hivemq-platform] [hivemq] [161e266f] INFO  - [HiveMQ Platform Operator Init App 1.7.0-SNAPSHOT] Using bind address 10.42.0.13 from environment variable
2025-01-29 18:41:20,281 INFO c.h.h.t.HelmChartContainer - [test-hivemq-platform] [hivemq] [161e266f] INFO  - [HiveMQ Platform Operator Init App 1.7.0-SNAPSHOT] HiveMQ Platform Operator Init App 1.7.0-SNAPSHOT (commit: b1b9591 on branch: HEAD) built on Wed Jan 29 18:32:18 UTC 2025
2025-01-29 18:41:20,281 INFO c.h.h.t.HelmChartContainer - [test-hivemq-platform] [hivemq] [161e266f] INFO  - [HiveMQ Platform Operator Init App 1.7.0-SNAPSHOT] PodInfo ConfigMap directory: /etc/podinfo
2025-01-29 18:41:20,281 INFO c.h.h.t.HelmChartContainer - [test-hivemq-platform] [hivemq] [161e266f] INFO  - [HiveMQ Platform Operator Init App 1.7.0-SNAPSHOT] HiveMQ home directory: /opt/hivemq
2025-01-29 18:41:20,281 INFO c.h.h.t.HelmChartContainer - [test-hivemq-platform] [hivemq] [161e266f] INFO  - [HiveMQ Platform Operator Init App 1.7.0-SNAPSHOT] HiveMQ Logback folder: /opt/hivemq/conf
2025-01-29 18:41:20,281 INFO c.h.h.t.HelmChartContainer - [test-hivemq-platform] [hivemq] [161e266f] INFO  - [HiveMQ Platform Operator Init App 1.7.0-SNAPSHOT] HiveMQ Config folder: /opt/hivemq/conf-k8s
2025-01-29 18:41:20,281 INFO c.h.h.t.HelmChartContainer - [test-hivemq-platform] [hivemq] [161e266f] INFO  - [HiveMQ Platform Operator Init App 1.7.0-SNAPSHOT] Starting HiveMQ Platform Operator Init App
2025-01-29 18:41:20,281 INFO c.h.h.t.HelmChartContainer - [test-hivemq-platform] [hivemq] [161e266f] INFO  - [HiveMQ Platform Operator Init App 1.7.0-SNAPSHOT] Starting Pod reconciler
2025-01-29 18:41:20,529 INFO c.h.h.t.HelmChartContainer - [K3S] [range_allocator.go:247] "Successfully synced" key="90e6ebb001dc"
2025-01-29 18:41:21,576 INFO c.h.h.t.HelmChartContainer - [test-hivemq-platform] [hivemq] [161e266f] INFO  - [HiveMQ Platform Operator Init App 1.7.0-SNAPSHOT] Pod reconciler is scheduled (interval: 5000 ms)
2025-01-29 18:41:21,577 INFO c.h.h.t.HelmChartContainer - [test-hivemq-platform] [hivemq] [161e266f] INFO  - [HiveMQ Platform Operator Init App 1.7.0-SNAPSHOT] Starting the REST API on 10.42.0.13:7979
2025-01-29 18:41:21,580 INFO c.h.h.t.HelmChartContainer - [test-hivemq-platform] [hivemq] [161e266f] INFO  - [HiveMQ Platform Operator Init App 1.7.0-SNAPSHOT] Waiting up to 600s for at most 1 HiveMQ nodes in cluster service hivemq-test-hivemq-platform-cluster.helmcustomextensionit.svc
2025-01-29 18:41:21,901 INFO c.h.h.t.HelmChartContainer - [test-hivemq-platform] [hivemq] [161e266f] INFO  - [HiveMQ Platform Operator Init App 1.7.0-SNAPSHOT] Resolved 1 IP addresses: [10.42.0.13]
2025-01-29 18:41:21,901 INFO c.h.h.t.HelmChartContainer - [test-hivemq-platform] [hivemq] [161e266f] INFO  - [HiveMQ Platform Operator Init App 1.7.0-SNAPSHOT] HiveMQ node count of 1 is within threshold of 1
2025-01-29 18:41:21,901 INFO c.h.h.t.HelmChartContainer - [test-hivemq-platform] [hivemq] [161e266f] INFO  - [HiveMQ Platform Operator Init App 1.7.0-SNAPSHOT] Proceeding with container start
2025-01-29 18:41:21,986 INFO c.h.h.t.HelmChartContainer - [test-hivemq-platform] [hivemq] [161e266f] INFO  - [HiveMQ Platform Operator Init App 1.7.0-SNAPSHOT] Initializing HiveMQ Platform extensions with initial configuration: {hivemq-custom-test-extension={start-priority=-1, skip-https-hostname-verification=true, restart=true, config-version=0, header-version=0, c-uri=, priority=-1, uri=https://nginx-service/hivemq-custom-test-extension-3.0.0.zip, skip-https-certificate-validation=true, enabled=true}, hivemq-prometheus-extension={c-uri=, skip-https-hostname-verification=false, skip-https-certificate-validation=false, uri=preinstalled, request-header-path=no-request-headers, enabled=true, restart=true, priority=-1, start-priority=-1}}
2025-01-29 18:41:21,987 INFO c.h.h.t.HelmChartContainer - [test-hivemq-platform] [hivemq] [161e266f] INFO  - [HiveMQ Platform Operator Init App 1.7.0-SNAPSHOT] Installing custom extension hivemq-custom-test-extension from URL https://nginx-service/hivemq-custom-test-extension-3.0.0.zip
2025-01-29 18:41:21,988 INFO c.h.h.t.HelmChartContainer - [test-hivemq-platform] [hivemq] [161e266f] INFO  - [HiveMQ Platform Operator Init App 1.7.0-SNAPSHOT] Downloading custom extension hivemq-custom-test-extension into '/tmp/hivemq-custom-test-extension10244125566069671629/extension.zip'
2025-01-29 18:41:22,777 INFO c.h.h.t.HelmChartContainer - [nginx-59d47cbdc8-4r8] [nginx] [f4ff3559] 10.42.0.13 - - [29/Jan/2025:18:41:22 +0000] "GET /hivemq-custom-test-extension-3.0.0.zip HTTP/1.1" 200 11637 "-" "Java-http-client/21.0.5" "-"
2025-01-29 18:41:22,804 INFO c.h.h.t.HelmChartContainer - [test-hivemq-platform] [hivemq] [161e266f] INFO  - [HiveMQ Platform Operator Init App 1.7.0-SNAPSHOT] Copy extension from '/tmp/hivemq-custom-test-extension10244125566069671629/hivemq-custom-test-extension' to '/opt/hivemq/extensions/hivemq-custom-test-extension'
2025-01-29 18:41:22,806 INFO c.h.h.t.HelmChartContainer - [test-hivemq-platform] [hivemq] [161e266f] INFO  - [HiveMQ Platform Operator Init App 1.7.0-SNAPSHOT] Found hivemq-extension.xml in folder '/tmp/hivemq-custom-test-extension10244125566069671629/hivemq-custom-test-extension/hivemq-custom-test-extension'
2025-01-29 18:41:23,386 INFO c.h.h.t.HelmChartContainer - [test-hivemq-platform] [hivemq] [161e266f] INFO  - [HiveMQ Platform Operator Init App 1.7.0-SNAPSHOT] Extension hivemq-custom-test-extension was already enabled
2025-01-29 18:41:23,480 INFO c.h.h.t.HelmChartContainer - [test-hivemq-platform] [hivemq] [161e266f] INFO  - [HiveMQ Platform Operator Init App 1.7.0-SNAPSHOT] Successfully enabled extension hivemq-prometheus-extension
2025-01-29 18:41:23,481 INFO c.h.h.t.HelmChartContainer - [test-hivemq-platform] [hivemq] [161e266f] INFO  - [HiveMQ Platform Operator Init App 1.7.0-SNAPSHOT] Starting HiveMQ Platform version 4.36.0 (4.36.0)
2025-01-29 18:41:23,481 INFO c.h.h.t.HelmChartContainer - [test-hivemq-platform] [hivemq] [161e266f] INFO  - [HiveMQ Platform Operator Init App 1.7.0-SNAPSHOT] Configuring the HiveMQ Platform
2025-01-29 18:41:23,505 INFO c.h.h.t.HelmChartContainer - [test-hivemq-platform] [hivemq] [161e266f] INFO  - [HiveMQ Platform Operator Init App 1.7.0-SNAPSHOT] Changed logback.xml file scan period to 20 seconds
2025-01-29 18:41:23,601 INFO c.h.h.t.HelmChartContainer - [test-hivemq-platform] [hivemq] [161e266f] INFO  - [HiveMQ Platform Operator Init App 1.7.0-SNAPSHOT] Starting the HiveMQ Platform
2025-01-29 18:41:23,604 INFO c.h.h.t.HelmChartContainer - [test-hivemq-platform] [hivemq] [161e266f] -------------------------------------------------------------------------
2025-01-29 18:41:23,604 INFO c.h.h.t.HelmChartContainer - [test-hivemq-platform] [hivemq] [161e266f] 
2025-01-29 18:41:23,604 INFO c.h.h.t.HelmChartContainer - [test-hivemq-platform] [hivemq] [161e266f]                   _    _  _              __  __   ____
2025-01-29 18:41:23,604 INFO c.h.h.t.HelmChartContainer - [test-hivemq-platform] [hivemq] [161e266f]                  | |  | |(_)            |  \/  | / __ \
2025-01-29 18:41:23,604 INFO c.h.h.t.HelmChartContainer - [test-hivemq-platform] [hivemq] [161e266f]                  | |__| | _ __   __ ___ | \  / || |  | |
2025-01-29 18:41:23,604 INFO c.h.h.t.HelmChartContainer - [test-hivemq-platform] [hivemq] [161e266f]                  |  __  || |\ \ / // _ \| |\/| || |  | |
2025-01-29 18:41:23,604 INFO c.h.h.t.HelmChartContainer - [test-hivemq-platform] [hivemq] [161e266f]                  | |  | || | \ V /|  __/| |  | || |__| |
2025-01-29 18:41:23,604 INFO c.h.h.t.HelmChartContainer - [test-hivemq-platform] [hivemq] [161e266f]                  |_|  |_||_|  \_/  \___||_|  |_| \___\_\
2025-01-29 18:41:23,604 INFO c.h.h.t.HelmChartContainer - [test-hivemq-platform] [hivemq] [161e266f] 
2025-01-29 18:41:23,605 INFO c.h.h.t.HelmChartContainer - [test-hivemq-platform] [hivemq] [161e266f] -------------------------------------------------------------------------
2025-01-29 18:41:23,605 INFO c.h.h.t.HelmChartContainer - [test-hivemq-platform] [hivemq] [161e266f] 
2025-01-29 18:41:23,605 INFO c.h.h.t.HelmChartContainer - [test-hivemq-platform] [hivemq] [161e266f]   HiveMQ Start Script for Linux/Unix v1.14
2025-01-29 18:41:23,605 INFO c.h.h.t.HelmChartContainer - [test-hivemq-platform] [hivemq] [161e266f] 
2025-01-29 18:41:23,683 INFO c.h.h.t.HelmChartContainer - [test-hivemq-platform] [hivemq] [161e266f] INFO  - [HiveMQ Platform Operator Init App 1.7.0-SNAPSHOT] Returning default Health API response 503 for readiness
2025-01-29 18:41:23,782 INFO c.h.h.t.HelmChartContainer - [test-hivemq-platform] [hivemq] [161e266f] -------------------------------------------------------------------------
2025-01-29 18:41:23,782 INFO c.h.h.t.HelmChartContainer - [test-hivemq-platform] [hivemq] [161e266f] 
2025-01-29 18:41:23,782 INFO c.h.h.t.HelmChartContainer - [test-hivemq-platform] [hivemq] [161e266f]   HIVEMQ_HOME: /opt/hivemq
2025-01-29 18:41:23,782 INFO c.h.h.t.HelmChartContainer - [test-hivemq-platform] [hivemq] [161e266f] 
2025-01-29 18:41:23,782 INFO c.h.h.t.HelmChartContainer - [test-hivemq-platform] [hivemq] [161e266f]   JAVA_OPTS: -XX:+UnlockExperimentalVMOptions -XX:InitialRAMPercentage=50 -XX:MaxRAMPercentage=50 -Djava.net.preferIPv4Stack=true --add-opens java.base/java.lang=ALL-UNNAMED --add-opens java.base/java.nio=ALL-UNNAMED --add-opens java.base/sun.nio.ch=ALL-UNNAMED --add-opens jdk.management/com.sun.management.internal=ALL-UNNAMED --add-exports java.base/jdk.internal.misc=ALL-UNNAMED -Djava.security.egd=file:/dev/./urandom -Dcom.sun.management.jmxremote -Dcom.sun.management.jmxremote.port=9010 -Dcom.sun.management.jmxremote.local.only=false -Dcom.sun.management.jmxremote.authenticate=false -Dcom.sun.management.jmxremote.ssl=false -Duser.language=en -Duser.region=US -XX:+CrashOnOutOfMemoryError -XX:+HeapDumpOnOutOfMemoryError
2025-01-29 18:41:23,782 INFO c.h.h.t.HelmChartContainer - [test-hivemq-platform] [hivemq] [161e266f] 
2025-01-29 18:41:23,782 INFO c.h.h.t.HelmChartContainer - [test-hivemq-platform] [hivemq] [161e266f]   JAVA_VERSION: 21
2025-01-29 18:41:23,782 INFO c.h.h.t.HelmChartContainer - [test-hivemq-platform] [hivemq] [161e266f] 
2025-01-29 18:41:23,782 INFO c.h.h.t.HelmChartContainer - [test-hivemq-platform] [hivemq] [161e266f] -------------------------------------------------------------------------
2025-01-29 18:41:23,782 INFO c.h.h.t.HelmChartContainer - [test-hivemq-platform] [hivemq] [161e266f] 
2025-01-29 18:41:23,880 INFO c.h.h.t.HelmChartContainer - [nginx-59d47cbdc8-4r8] [nginx] [f4ff3559] 2025/01/29 18:41:23 [info] 22#22: *1 client 10.42.0.13 closed keepalive connection
2025-01-29 18:41:24,101 INFO c.h.h.t.HelmChartContainer - [EVENT] Warning [Unhealthy] Readiness probe failed: HTTP probe failed with statuscode: 503 [helmcustomextensionit:test-hivemq-platform-0]
2025-01-29 18:41:24,101 INFO c.h.h.t.HelmChartContainer - Received Unhealthy event for container hivemq in pod test-hivemq-platform-0 [161e266f-e591-4351-a0f3-cea0d067f91b]
2025-01-29 18:41:26,407 INFO c.h.h.t.HelmChartContainer - [test-hivemq-platform] [hivemq] [161e266f] INFO  - Starting HiveMQ Enterprise Server
2025-01-29 18:41:26,478 INFO c.h.h.t.HelmChartContainer - [test-hivemq-platform] [hivemq] [161e266f] INFO  - HiveMQ version: 4.36.0
2025-01-29 18:41:26,478 INFO c.h.h.t.HelmChartContainer - [test-hivemq-platform] [hivemq] [161e266f] INFO  - HiveMQ home directory: /opt/hivemq
2025-01-29 18:41:26,479 INFO c.h.h.t.HelmChartContainer - [test-hivemq-platform] [hivemq] [161e266f] INFO  - Log Configuration was overridden by /opt/hivemq/conf/logback.xml
2025-01-29 18:41:27,745 INFO c.h.h.t.HelmChartContainer - [hivemq-test-hivemq-platform] [hivemq-platform-operator] [75347323] 18:41:27.743 [pool-6-thread-14] DEBUG c.h.p.o.d.PlatformServiceResource - [helmcust] Desired Platform services (3 services)
2025-01-29 18:41:27,747 INFO c.h.h.t.HelmChartContainer - [hivemq-test-hivemq-platform] [hivemq-platform-operator] [75347323] 18:41:27.744 [pool-6-thread-11] DEBUG c.h.p.o.dependants.PodInfoConfigMap - [helmcust] Desired PodInfo ConfigMap (1 extensions) (1 enabled)
2025-01-29 18:41:27,747 INFO c.h.h.t.HelmChartContainer - [hivemq-test-hivemq-platform] [hivemq-platform-operator] [75347323] 18:41:27.744 [pool-6-thread-11] DEBUG c.h.p.o.dependants.PodInfoConfigMap - [helmcust] Desired PodInfo ConfigMap (metrics port: 9399) (metrics path: /)
2025-01-29 18:41:27,747 INFO c.h.h.t.HelmChartContainer - [hivemq-test-hivemq-platform] [hivemq-platform-operator] [75347323] 18:41:27.744 [pool-6-thread-11] DEBUG c.h.p.o.dependants.PodInfoConfigMap - [helmcust] Desired PodInfo ConfigMap (extension state hash: -1287821691)
2025-01-29 18:41:27,747 INFO c.h.h.t.HelmChartContainer - [hivemq-test-hivemq-platform] [hivemq-platform-operator] [75347323] 18:41:27.746 [pool-6-thread-16] DEBUG c.h.p.o.d.PodServiceAccountResource - [helmcust] Desired PodServiceAccountResource (serviceAccountName: hivemq-platform-pod-test-hivemq-platform)
2025-01-29 18:41:27,751 INFO c.h.h.t.HelmChartContainer - [hivemq-test-hivemq-platform] [hivemq-platform-operator] [75347323] 18:41:27.750 [pool-6-thread-18] DEBUG c.h.p.o.d.StatefulSetResource - [helmcust] Desired StatefulSet (1 replicas) for status STARTING (READY)
2025-01-29 18:41:27,756 INFO c.h.h.t.HelmChartContainer - [hivemq-test-hivemq-platform] [hivemq-platform-operator] [75347323] 18:41:27.754 [ReconcilerExecutor-hivemq-controller-111] INFO  c.h.p.o.HiveMQPlatformReconciler - [helmcust] Reconciling HiveMQ Platform 'test-hivemq-platform' in namespace 'helmcustomextensionit'
2025-01-29 18:41:27,756 INFO c.h.h.t.HelmChartContainer - [hivemq-test-hivemq-platform] [hivemq-platform-operator] [75347323] 18:41:27.755 [ReconcilerExecutor-hivemq-controller-111] DEBUG c.h.p.o.HiveMQPlatformReconciler - [helmcust] Custom Resource Status STARTING - HiveMQ Platform is starting (READY)
2025-01-29 18:41:27,756 INFO c.h.h.t.HelmChartContainer - [hivemq-test-hivemq-platform] [hivemq-platform-operator] [75347323] 18:41:27.755 [ReconcilerExecutor-hivemq-controller-111] DEBUG c.h.p.o.HiveMQPlatformReconciler - [helmcust] Custom Resource Spec (replicas: 1) (extensions: 1)
2025-01-29 18:41:27,758 INFO c.h.h.t.HelmChartContainer - [hivemq-test-hivemq-platform] [hivemq-platform-operator] [75347323] 18:41:27.757 [ReconcilerExecutor-hivemq-controller-111] DEBUG c.h.p.o.HiveMQPlatformReconciler - [helmcust] StatefulSet Status (revision: test-hivemq-platform-796ccc778, replicas: 1, available: 0, ready: 0, current: 1, updated: 1)
2025-01-29 18:41:27,758 INFO c.h.h.t.HelmChartContainer - [hivemq-test-hivemq-platform] [hivemq-platform-operator] [75347323] 18:41:27.757 [ReconcilerExecutor-hivemq-controller-111] DEBUG c.h.p.o.HiveMQPlatformReconciler - [helmcust] StatefulSet Spec (replicas: 1, init containers: 1, containers: 1, volumes: 3)
2025-01-29 18:41:27,760 INFO c.h.h.t.HelmChartContainer - [hivemq-test-hivemq-platform] [hivemq-platform-operator] [75347323] 18:41:27.760 [ReconcilerExecutor-hivemq-controller-111] DEBUG c.h.p.o.h.HiveMQPlatformReconcilerErrorHandler - [helmcust] Pod 'test-hivemq-platform-0' phase Running
2025-01-29 18:41:27,761 INFO c.h.h.t.HelmChartContainer - [hivemq-test-hivemq-platform] [hivemq-platform-operator] [75347323] 18:41:27.761 [ReconcilerExecutor-hivemq-controller-111] INFO  c.h.p.o.h.HiveMQPlatformReconcilerBaseHandler - [helmcust] HiveMQ Platform is starting, 0 of 1 replicas are ready
2025-01-29 18:41:28,705 INFO c.h.h.t.HelmChartContainer - [test-hivemq-platform] [hivemq] [161e266f] WARN  - [HiveMQ Platform Operator Init App 1.7.0-SNAPSHOT] Cannot connect to Health API for readiness: null
2025-01-29 18:41:28,709 INFO c.h.h.t.HelmChartContainer - [EVENT] Warning [Unhealthy] Readiness probe failed: HTTP probe failed with statuscode: 503 [helmcustomextensionit:test-hivemq-platform-0]
2025-01-29 18:41:28,709 INFO c.h.h.t.HelmChartContainer - Received Unhealthy event for container hivemq in pod test-hivemq-platform-0 [161e266f-e591-4351-a0f3-cea0d067f91b]
2025-01-29 18:41:29,203 INFO c.h.h.t.HelmChartContainer - [test-hivemq-platform] [hivemq] [161e266f] INFO  - Successfully loaded configuration from '/opt/hivemq/conf-k8s/config.xml'.
2025-01-29 18:41:30,000 INFO c.h.h.t.HelmChartContainer - [test-hivemq-platform] [hivemq] [161e266f] INFO  - This node's ID is TcV5e
2025-01-29 18:41:30,002 INFO c.h.h.t.HelmChartContainer - [test-hivemq-platform] [hivemq] [161e266f] INFO  - Clustering is enabled
2025-01-29 18:41:30,803 INFO c.h.h.t.HelmChartContainer - [test-hivemq-platform] [hivemq] [161e266f] Jan 29, 2025 6:41:30 PM io.vertx.core.impl.BlockedThreadChecker
2025-01-29 18:41:30,803 INFO c.h.h.t.HelmChartContainer - [test-hivemq-platform] [hivemq] [161e266f] WARNING: Thread Thread[vert.x-eventloop-thread-1,5,main] has been blocked for 2405 ms, time limit is 2000 ms
2025-01-29 18:41:31,599 INFO c.h.h.t.HelmChartContainer - [test-hivemq-platform] [hivemq] [161e266f] INFO  - [HiveMQ Platform Operator Init App 1.7.0-SNAPSHOT] Updating Pod HiveMQ Platform Operator Init App version annotation (version: 1.7.0-SNAPSHOT)
2025-01-29 18:41:32,282 INFO c.h.h.t.HelmChartContainer - [POD] test-hivemq-platform-0 [161e266f-e591-4351-a0f3-cea0d067f91b] in helmcustomextensionit was MODIFIED
2025-01-29 18:41:32,290 INFO c.h.h.t.HelmChartContainer - [hivemq-test-hivemq-platform] [hivemq-platform-operator] [75347323] 18:41:32.287 [pool-6-thread-26] DEBUG c.h.p.o.d.PlatformServiceResource - [helmcust] Desired Platform services (3 services)
2025-01-29 18:41:32,290 INFO c.h.h.t.HelmChartContainer - [hivemq-test-hivemq-platform] [hivemq-platform-operator] [75347323] 18:41:32.288 [pool-6-thread-25] DEBUG c.h.p.o.dependants.PodInfoConfigMap - [helmcust] Desired PodInfo ConfigMap (1 extensions) (1 enabled)
2025-01-29 18:41:32,290 INFO c.h.h.t.HelmChartContainer - [hivemq-test-hivemq-platform] [hivemq-platform-operator] [75347323] 18:41:32.288 [pool-6-thread-25] DEBUG c.h.p.o.dependants.PodInfoConfigMap - [helmcust] Desired PodInfo ConfigMap (metrics port: 9399) (metrics path: /)
2025-01-29 18:41:32,290 INFO c.h.h.t.HelmChartContainer - [hivemq-test-hivemq-platform] [hivemq-platform-operator] [75347323] 18:41:32.288 [pool-6-thread-25] DEBUG c.h.p.o.dependants.PodInfoConfigMap - [helmcust] Desired PodInfo ConfigMap (extension state hash: -1287821691)
2025-01-29 18:41:32,290 INFO c.h.h.t.HelmChartContainer - [hivemq-test-hivemq-platform] [hivemq-platform-operator] [75347323] 18:41:32.289 [pool-6-thread-25] DEBUG c.h.p.o.d.PodServiceAccountResource - [helmcust] Desired PodServiceAccountResource (serviceAccountName: hivemq-platform-pod-test-hivemq-platform)
2025-01-29 18:41:32,297 INFO c.h.h.t.HelmChartContainer - [hivemq-test-hivemq-platform] [hivemq-platform-operator] [75347323] 18:41:32.296 [pool-6-thread-26] DEBUG c.h.p.o.d.StatefulSetResource - [helmcust] Desired StatefulSet (1 replicas) for status STARTING (READY)
2025-01-29 18:41:32,302 INFO c.h.h.t.HelmChartContainer - [hivemq-test-hivemq-platform] [hivemq-platform-operator] [75347323] 18:41:32.301 [ReconcilerExecutor-hivemq-controller-112] INFO  c.h.p.o.HiveMQPlatformReconciler - [helmcust] Reconciling HiveMQ Platform 'test-hivemq-platform' in namespace 'helmcustomextensionit'
2025-01-29 18:41:32,304 INFO c.h.h.t.HelmChartContainer - [hivemq-test-hivemq-platform] [hivemq-platform-operator] [75347323] 18:41:32.301 [ReconcilerExecutor-hivemq-controller-112] DEBUG c.h.p.o.HiveMQPlatformReconciler - [helmcust] Custom Resource Status STARTING - HiveMQ Platform is starting (READY)
2025-01-29 18:41:32,304 INFO c.h.h.t.HelmChartContainer - [hivemq-test-hivemq-platform] [hivemq-platform-operator] [75347323] 18:41:32.301 [ReconcilerExecutor-hivemq-controller-112] DEBUG c.h.p.o.HiveMQPlatformReconciler - [helmcust] Custom Resource Spec (replicas: 1) (extensions: 1)
2025-01-29 18:41:32,305 INFO c.h.h.t.HelmChartContainer - [test-hivemq-platform] [hivemq] [161e266f] WARN  - [HiveMQ Platform Operator Init App 1.7.0-SNAPSHOT] Cannot connect to Health API for readiness: null
2025-01-29 18:41:32,313 INFO c.h.h.t.HelmChartContainer - [EVENT] Warning [Unhealthy] Readiness probe failed: HTTP probe failed with statuscode: 503 [helmcustomextensionit:test-hivemq-platform-0]
2025-01-29 18:41:32,313 INFO c.h.h.t.HelmChartContainer - Received Unhealthy event for container hivemq in pod test-hivemq-platform-0 [161e266f-e591-4351-a0f3-cea0d067f91b]
2025-01-29 18:41:32,313 INFO c.h.h.t.HelmChartContainer - [test-hivemq-platform] [hivemq] [161e266f] INFO  - [HiveMQ Platform Operator Init App 1.7.0-SNAPSHOT] Successfully updated Pod HiveMQ Platform Operator Init App version annotation (version: 1.7.0-SNAPSHOT)
2025-01-29 18:41:32,332 INFO c.h.h.t.HelmChartContainer - [hivemq-test-hivemq-platform] [hivemq-platform-operator] [75347323] 18:41:32.331 [ReconcilerExecutor-hivemq-controller-112] DEBUG c.h.p.o.HiveMQPlatformReconciler - [helmcust] StatefulSet Status (revision: test-hivemq-platform-796ccc778, replicas: 1, available: 0, ready: 0, current: 1, updated: 1)
2025-01-29 18:41:32,332 INFO c.h.h.t.HelmChartContainer - [hivemq-test-hivemq-platform] [hivemq-platform-operator] [75347323] 18:41:32.331 [ReconcilerExecutor-hivemq-controller-112] DEBUG c.h.p.o.HiveMQPlatformReconciler - [helmcust] StatefulSet Spec (replicas: 1, init containers: 1, containers: 1, volumes: 3)
2025-01-29 18:41:32,335 INFO c.h.h.t.HelmChartContainer - [hivemq-test-hivemq-platform] [hivemq-platform-operator] [75347323] 18:41:32.333 [ReconcilerExecutor-hivemq-controller-112] DEBUG c.h.p.o.h.HiveMQPlatformReconcilerErrorHandler - [helmcust] Pod 'test-hivemq-platform-0' phase Running
2025-01-29 18:41:32,335 INFO c.h.h.t.HelmChartContainer - [hivemq-test-hivemq-platform] [hivemq-platform-operator] [75347323] 18:41:32.334 [ReconcilerExecutor-hivemq-controller-112] INFO  c.h.p.o.h.HiveMQPlatformReconcilerBaseHandler - [helmcust] HiveMQ Platform is starting, 0 of 1 replicas are ready
2025-01-29 18:41:37,299 INFO c.h.h.t.HelmChartContainer - [test-hivemq-platform] [hivemq] [161e266f] WARN  - [HiveMQ Platform Operator Init App 1.7.0-SNAPSHOT] Cannot connect to Health API for readiness: null
2025-01-29 18:41:37,304 INFO c.h.h.t.HelmChartContainer - [EVENT] Warning [Unhealthy] Readiness probe failed: HTTP probe failed with statuscode: 503 [helmcustomextensionit:test-hivemq-platform-0]
2025-01-29 18:41:37,304 INFO c.h.h.t.HelmChartContainer - Received Unhealthy event for container hivemq in pod test-hivemq-platform-0 [161e266f-e591-4351-a0f3-cea0d067f91b]
2025-01-29 18:41:41,702 INFO c.h.h.t.HelmChartContainer - [K3S] [INFO] COMPACT compactRev=0 targetCompactRev=2 currentRev=1228
2025-01-29 18:41:41,702 INFO c.h.h.t.HelmChartContainer - [K3S] [INFO] COMPACT deleted 0 rows from 2 revisions in 473.213µs - compacted to 2/1228
2025-01-29 18:41:41,703 INFO c.h.h.t.HelmChartContainer - [K3S] [INFO] COMPACT compacted from 0 to 2 in 1 transactions over 1ms
2025-01-29 18:41:42,304 INFO c.h.h.t.HelmChartContainer - [test-hivemq-platform] [hivemq] [161e266f] WARN  - [HiveMQ Platform Operator Init App 1.7.0-SNAPSHOT] Cannot connect to Health API for readiness: null
2025-01-29 18:41:42,306 INFO c.h.h.t.HelmChartContainer - [EVENT] Warning [Unhealthy] Readiness probe failed: HTTP probe failed with statuscode: 503 [helmcustomextensionit:test-hivemq-platform-0]
2025-01-29 18:41:42,306 INFO c.h.h.t.HelmChartContainer - Received Unhealthy event for container hivemq in pod test-hivemq-platform-0 [161e266f-e591-4351-a0f3-cea0d067f91b]
2025-01-29 18:41:42,341 INFO c.h.h.t.HelmChartContainer - [hivemq-test-hivemq-platform] [hivemq-platform-operator] [75347323] 18:41:42.338 [pool-6-thread-35] DEBUG c.h.p.o.d.PlatformServiceResource - [helmcust] Desired Platform services (3 services)
2025-01-29 18:41:42,341 INFO c.h.h.t.HelmChartContainer - [hivemq-test-hivemq-platform] [hivemq-platform-operator] [75347323] 18:41:42.339 [pool-6-thread-39] DEBUG c.h.p.o.dependants.PodInfoConfigMap - [helmcust] Desired PodInfo ConfigMap (1 extensions) (1 enabled)
2025-01-29 18:41:42,341 INFO c.h.h.t.HelmChartContainer - [hivemq-test-hivemq-platform] [hivemq-platform-operator] [75347323] 18:41:42.339 [pool-6-thread-39] DEBUG c.h.p.o.dependants.PodInfoConfigMap - [helmcust] Desired PodInfo ConfigMap (metrics port: 9399) (metrics path: /)
2025-01-29 18:41:42,341 INFO c.h.h.t.HelmChartContainer - [hivemq-test-hivemq-platform] [hivemq-platform-operator] [75347323] 18:41:42.339 [pool-6-thread-39] DEBUG c.h.p.o.dependants.PodInfoConfigMap - [helmcust] Desired PodInfo ConfigMap (extension state hash: -1287821691)
2025-01-29 18:41:42,341 INFO c.h.h.t.HelmChartContainer - [hivemq-test-hivemq-platform] [hivemq-platform-operator] [75347323] 18:41:42.340 [pool-6-thread-39] DEBUG c.h.p.o.d.PodServiceAccountResource - [helmcust] Desired PodServiceAccountResource (serviceAccountName: hivemq-platform-pod-test-hivemq-platform)
2025-01-29 18:41:42,346 INFO c.h.h.t.HelmChartContainer - [hivemq-test-hivemq-platform] [hivemq-platform-operator] [75347323] 18:41:42.344 [pool-6-thread-35] DEBUG c.h.p.o.d.StatefulSetResource - [helmcust] Desired StatefulSet (1 replicas) for status STARTING (READY)
2025-01-29 18:41:42,350 INFO c.h.h.t.HelmChartContainer - [hivemq-test-hivemq-platform] [hivemq-platform-operator] [75347323] 18:41:42.348 [ReconcilerExecutor-hivemq-controller-113] INFO  c.h.p.o.HiveMQPlatformReconciler - [helmcust] Reconciling HiveMQ Platform 'test-hivemq-platform' in namespace 'helmcustomextensionit'
2025-01-29 18:41:42,350 INFO c.h.h.t.HelmChartContainer - [hivemq-test-hivemq-platform] [hivemq-platform-operator] [75347323] 18:41:42.348 [ReconcilerExecutor-hivemq-controller-113] DEBUG c.h.p.o.HiveMQPlatformReconciler - [helmcust] Custom Resource Status STARTING - HiveMQ Platform is starting (READY)
2025-01-29 18:41:42,350 INFO c.h.h.t.HelmChartContainer - [hivemq-test-hivemq-platform] [hivemq-platform-operator] [75347323] 18:41:42.349 [ReconcilerExecutor-hivemq-controller-113] DEBUG c.h.p.o.HiveMQPlatformReconciler - [helmcust] Custom Resource Spec (replicas: 1) (extensions: 1)
2025-01-29 18:41:42,352 INFO c.h.h.t.HelmChartContainer - [hivemq-test-hivemq-platform] [hivemq-platform-operator] [75347323] 18:41:42.350 [ReconcilerExecutor-hivemq-controller-113] DEBUG c.h.p.o.HiveMQPlatformReconciler - [helmcust] StatefulSet Status (revision: test-hivemq-platform-796ccc778, replicas: 1, available: 0, ready: 0, current: 1, updated: 1)
2025-01-29 18:41:42,352 INFO c.h.h.t.HelmChartContainer - [hivemq-test-hivemq-platform] [hivemq-platform-operator] [75347323] 18:41:42.351 [ReconcilerExecutor-hivemq-controller-113] DEBUG c.h.p.o.HiveMQPlatformReconciler - [helmcust] StatefulSet Spec (replicas: 1, init containers: 1, containers: 1, volumes: 3)
2025-01-29 18:41:42,353 INFO c.h.h.t.HelmChartContainer - [hivemq-test-hivemq-platform] [hivemq-platform-operator] [75347323] 18:41:42.353 [ReconcilerExecutor-hivemq-controller-113] DEBUG c.h.p.o.h.HiveMQPlatformReconcilerErrorHandler - [helmcust] Pod 'test-hivemq-platform-0' phase Running
2025-01-29 18:41:42,354 INFO c.h.h.t.HelmChartContainer - [hivemq-test-hivemq-platform] [hivemq-platform-operator] [75347323] 18:41:42.353 [ReconcilerExecutor-hivemq-controller-113] INFO  c.h.p.o.h.HiveMQPlatformReconcilerBaseHandler - [helmcust] HiveMQ Platform is starting, 0 of 1 replicas are ready
2025-01-29 18:41:43,300 INFO c.h.h.t.HelmChartContainer - [test-hivemq-platform] [hivemq] [161e266f] WARN  - [HiveMQ Platform Operator Init App 1.7.0-SNAPSHOT] Cannot connect to Health API for liveness: null
2025-01-29 18:41:43,300 INFO c.h.h.t.HelmChartContainer - [test-hivemq-platform] [hivemq] [161e266f] INFO  - [HiveMQ Platform Operator Init App 1.7.0-SNAPSHOT] Returning default Health API response 200 for liveness
2025-01-29 18:41:45,233 INFO c.h.h.t.HelmChartContainer - [K3S] [info.go:53] Couldn't collect info from any of the files in "/etc/machine-id,/var/lib/dbus/machine-id"
2025-01-29 18:41:46,710 INFO c.h.h.t.HelmChartContainer - [test-hivemq-platform] [hivemq] [161e266f] INFO  - No valid license file found. Using trial license, restricted to 25 connections.
2025-01-29 18:41:47,299 INFO c.h.h.t.HelmChartContainer - [test-hivemq-platform] [hivemq] [161e266f] WARN  - [HiveMQ Platform Operator Init App 1.7.0-SNAPSHOT] Cannot connect to Health API for readiness: null
2025-01-29 18:41:47,304 INFO c.h.h.t.HelmChartContainer - [EVENT] Warning [Unhealthy] Readiness probe failed: HTTP probe failed with statuscode: 503 [helmcustomextensionit:test-hivemq-platform-0]
2025-01-29 18:41:47,304 INFO c.h.h.t.HelmChartContainer - Received Unhealthy event for container hivemq in pod test-hivemq-platform-0 [161e266f-e591-4351-a0f3-cea0d067f91b]
2025-01-29 18:41:50,000 INFO c.h.h.t.HelmChartContainer - [test-hivemq-platform] [hivemq] [161e266f] INFO  - No valid license file for Data Hub found. Using free license, restricted to 1 policy.
2025-01-29 18:41:51,407 INFO c.h.h.t.HelmChartContainer - [test-hivemq-platform] [hivemq] [161e266f] INFO  - Audit Logger started.
2025-01-29 18:41:51,678 INFO c.h.h.t.HelmChartContainer - [test-hivemq-platform] [hivemq] [161e266f] INFO  - This node uses '1' CPU cores.
2025-01-29 18:41:51,701 INFO c.h.h.t.HelmChartContainer - [test-hivemq-platform] [hivemq] [161e266f] INFO  - Starting HiveMQ Health API on address 0.0.0.0 and port 8889
2025-01-29 18:41:52,303 INFO c.h.h.t.HelmChartContainer - [test-hivemq-platform] [hivemq] [161e266f] WARN  - [HiveMQ Platform Operator Init App 1.7.0-SNAPSHOT] Cannot connect to Health API for readiness: null
2025-01-29 18:41:52,308 INFO c.h.h.t.HelmChartContainer - [EVENT] Warning [Unhealthy] Readiness probe failed: HTTP probe failed with statuscode: 503 [helmcustomextensionit:test-hivemq-platform-0]
2025-01-29 18:41:52,308 INFO c.h.h.t.HelmChartContainer - Received Unhealthy event for container hivemq in pod test-hivemq-platform-0 [161e266f-e591-4351-a0f3-cea0d067f91b]
2025-01-29 18:41:52,360 INFO c.h.h.t.HelmChartContainer - [hivemq-test-hivemq-platform] [hivemq-platform-operator] [75347323] 18:41:52.357 [pool-6-thread-48] DEBUG c.h.p.o.d.PlatformServiceResource - [helmcust] Desired Platform services (3 services)
2025-01-29 18:41:52,360 INFO c.h.h.t.HelmChartContainer - [hivemq-test-hivemq-platform] [hivemq-platform-operator] [75347323] 18:41:52.358 [pool-6-thread-41] DEBUG c.h.p.o.d.PodServiceAccountResource - [helmcust] Desired PodServiceAccountResource (serviceAccountName: hivemq-platform-pod-test-hivemq-platform)
2025-01-29 18:41:52,361 INFO c.h.h.t.HelmChartContainer - [hivemq-test-hivemq-platform] [hivemq-platform-operator] [75347323] 18:41:52.360 [pool-6-thread-47] DEBUG c.h.p.o.dependants.PodInfoConfigMap - [helmcust] Desired PodInfo ConfigMap (1 extensions) (1 enabled)
2025-01-29 18:41:52,362 INFO c.h.h.t.HelmChartContainer - [hivemq-test-hivemq-platform] [hivemq-platform-operator] [75347323] 18:41:52.360 [pool-6-thread-47] DEBUG c.h.p.o.dependants.PodInfoConfigMap - [helmcust] Desired PodInfo ConfigMap (metrics port: 9399) (metrics path: /)
2025-01-29 18:41:52,362 INFO c.h.h.t.HelmChartContainer - [hivemq-test-hivemq-platform] [hivemq-platform-operator] [75347323] 18:41:52.361 [pool-6-thread-47] DEBUG c.h.p.o.dependants.PodInfoConfigMap - [helmcust] Desired PodInfo ConfigMap (extension state hash: -1287821691)
2025-01-29 18:41:52,370 INFO c.h.h.t.HelmChartContainer - [hivemq-test-hivemq-platform] [hivemq-platform-operator] [75347323] 18:41:52.369 [pool-6-thread-48] DEBUG c.h.p.o.d.StatefulSetResource - [helmcust] Desired StatefulSet (1 replicas) for status STARTING (READY)
2025-01-29 18:41:52,433 INFO c.h.h.t.HelmChartContainer - [hivemq-test-hivemq-platform] [hivemq-platform-operator] [75347323] 18:41:52.430 [ReconcilerExecutor-hivemq-controller-114] INFO  c.h.p.o.HiveMQPlatformReconciler - [helmcust] Reconciling HiveMQ Platform 'test-hivemq-platform' in namespace 'helmcustomextensionit'
2025-01-29 18:41:52,433 INFO c.h.h.t.HelmChartContainer - [hivemq-test-hivemq-platform] [hivemq-platform-operator] [75347323] 18:41:52.430 [ReconcilerExecutor-hivemq-controller-114] DEBUG c.h.p.o.HiveMQPlatformReconciler - [helmcust] Custom Resource Status STARTING - HiveMQ Platform is starting (READY)
2025-01-29 18:41:52,433 INFO c.h.h.t.HelmChartContainer - [hivemq-test-hivemq-platform] [hivemq-platform-operator] [75347323] 18:41:52.430 [ReconcilerExecutor-hivemq-controller-114] DEBUG c.h.p.o.HiveMQPlatformReconciler - [helmcust] Custom Resource Spec (replicas: 1) (extensions: 1)
2025-01-29 18:41:52,433 INFO c.h.h.t.HelmChartContainer - [hivemq-test-hivemq-platform] [hivemq-platform-operator] [75347323] 18:41:52.432 [ReconcilerExecutor-hivemq-controller-114] DEBUG c.h.p.o.HiveMQPlatformReconciler - [helmcust] StatefulSet Status (revision: test-hivemq-platform-796ccc778, replicas: 1, available: 0, ready: 0, current: 1, updated: 1)
2025-01-29 18:41:52,433 INFO c.h.h.t.HelmChartContainer - [hivemq-test-hivemq-platform] [hivemq-platform-operator] [75347323] 18:41:52.432 [ReconcilerExecutor-hivemq-controller-114] DEBUG c.h.p.o.HiveMQPlatformReconciler - [helmcust] StatefulSet Spec (replicas: 1, init containers: 1, containers: 1, volumes: 3)
2025-01-29 18:41:52,437 INFO c.h.h.t.HelmChartContainer - [hivemq-test-hivemq-platform] [hivemq-platform-operator] [75347323] 18:41:52.434 [ReconcilerExecutor-hivemq-controller-114] DEBUG c.h.p.o.h.HiveMQPlatformReconcilerErrorHandler - [helmcust] Pod 'test-hivemq-platform-0' phase Running
2025-01-29 18:41:52,437 INFO c.h.h.t.HelmChartContainer - [hivemq-test-hivemq-platform] [hivemq-platform-operator] [75347323] 18:41:52.435 [ReconcilerExecutor-hivemq-controller-114] INFO  c.h.p.o.h.HiveMQPlatformReconcilerBaseHandler - [helmcust] HiveMQ Platform is starting, 0 of 1 replicas are ready
2025-01-29 18:41:52,704 INFO c.h.h.t.HelmChartContainer - [test-hivemq-platform] [hivemq] [161e266f] INFO  - Started HiveMQ Health API in 1002ms
2025-01-29 18:41:53,475 INFO c.h.h.t.HelmChartContainer - [test-hivemq-platform] [hivemq] [161e266f] INFO  - Starting HiveMQ extension system.
2025-01-29 18:41:53,775 INFO c.h.h.t.HelmChartContainer - [test-hivemq-platform] [hivemq] [161e266f] INFO  - Starting extension with id "hivemq-dns-cluster-discovery" at /opt/hivemq/extensions/hivemq-dns-cluster-discovery
2025-01-29 18:41:54,299 INFO c.h.h.t.HelmChartContainer - [test-hivemq-platform] [hivemq] [161e266f] INFO  - Using TCP cluster transport on address 10.42.0.13 and port 7000
2025-01-29 18:41:54,305 INFO c.h.h.t.HelmChartContainer - [test-hivemq-platform] [hivemq] [161e266f] INFO  - Using extension cluster discovery
2025-01-29 18:41:54,401 INFO c.h.h.t.HelmChartContainer - [test-hivemq-platform] [hivemq] [161e266f] INFO  - Extension "DNS Cluster Discovery Extension" version 4.3.2 started successfully.
2025-01-29 18:41:54,401 INFO c.h.h.t.HelmChartContainer - [test-hivemq-platform] [hivemq] [161e266f] INFO  - Starting extension with id "hivemq-custom-test-extension" at /opt/hivemq/extensions/hivemq-custom-test-extension
2025-01-29 18:41:54,401 INFO c.h.h.t.HelmChartContainer - [test-hivemq-platform] [hivemq] [161e266f] INFO  - HiveMQ Custom Test Extension started
2025-01-29 18:41:54,401 INFO c.h.h.t.HelmChartContainer - [test-hivemq-platform] [hivemq] [161e266f] INFO  - Extension "HiveMQ Custom Test Extension" version 3.0.0 started successfully.
2025-01-29 18:41:54,401 INFO c.h.h.testcontainer.LogWaiterUtil - TEST Found log pattern on 'test-hivemq-platform-0': .*Extension "HiveMQ Custom Test Extension" version 3.0.0 started successfully.
2025-01-29 18:41:54,401 INFO c.h.h.t.HelmChartContainer - [test-hivemq-platform] [hivemq] [161e266f] INFO  - Starting extension with id "hivemq-prometheus-extension" at /opt/hivemq/extensions/hivemq-prometheus-extension
2025-01-29 18:41:55,200 INFO c.h.h.t.HelmChartContainer - [test-hivemq-platform] [hivemq] [161e266f] INFO  - Started Jetty Server exposing Prometheus Servlet on URI http://0.0.0.0:9399/
2025-01-29 18:41:55,200 INFO c.h.h.t.HelmChartContainer - [test-hivemq-platform] [hivemq] [161e266f] INFO  - Extension "Prometheus Monitoring Extension" version 4.0.12 started successfully.
2025-01-29 18:41:55,200 INFO c.h.h.t.HelmChartContainer - [test-hivemq-platform] [hivemq] [161e266f] INFO  - Starting extension with id "hivemq-allow-all-extension" at /opt/hivemq/extensions/hivemq-allow-all-extension
2025-01-29 18:41:55,200 INFO c.h.h.t.HelmChartContainer - [test-hivemq-platform] [hivemq] [161e266f] WARN  - 
2025-01-29 18:41:55,200 INFO c.h.h.t.HelmChartContainer - [test-hivemq-platform] [hivemq] [161e266f] ################################################################################################################
2025-01-29 18:41:55,200 INFO c.h.h.t.HelmChartContainer - [test-hivemq-platform] [hivemq] [161e266f] # This HiveMQ deployment is not secure! You are lacking Authentication and Authorization.                      #
2025-01-29 18:41:55,200 INFO c.h.h.t.HelmChartContainer - [test-hivemq-platform] [hivemq] [161e266f] # Right now any MQTT client can connect to the broker with a full set of permissions.                          #
2025-01-29 18:41:55,200 INFO c.h.h.t.HelmChartContainer - [test-hivemq-platform] [hivemq] [161e266f] # For production usage, add an appropriate security extension and remove the hivemq-allow-all extension.       #
2025-01-29 18:41:55,201 INFO c.h.h.t.HelmChartContainer - [test-hivemq-platform] [hivemq] [161e266f] # You can download security extensions from the HiveMQ Marketplace (https://www.hivemq.com/extensions/).       #
2025-01-29 18:41:55,201 INFO c.h.h.t.HelmChartContainer - [test-hivemq-platform] [hivemq] [161e266f] ################################################################################################################
2025-01-29 18:41:55,201 INFO c.h.h.t.HelmChartContainer - [test-hivemq-platform] [hivemq] [161e266f] INFO  - Extension "Allow All Extension" version 1.1.1 started successfully.
2025-01-29 18:41:57,478 INFO c.h.h.t.HelmChartContainer - [test-hivemq-platform] [hivemq] [161e266f] INFO  - TcV5e: no members discovered after 2679 ms: creating cluster as first member
2025-01-29 18:41:57,500 INFO c.h.h.t.HelmChartContainer - [test-hivemq-platform] [hivemq] [161e266f] INFO  - Cluster nodes found by discovery: [TcV5e|0] (1) [TcV5e].
2025-01-29 18:41:57,676 INFO c.h.h.t.HelmChartContainer - [test-hivemq-platform] [hivemq] [161e266f] WARN  - No user for HiveMQ Control Center configured. Starting with default user
2025-01-29 18:41:57,676 INFO c.h.h.t.HelmChartContainer - [test-hivemq-platform] [hivemq] [161e266f] INFO  - Starting HiveMQ Control Center on address 0.0.0.0 and port 8080
2025-01-29 18:41:57,697 INFO c.h.h.t.HelmChartContainer - [test-hivemq-platform] [hivemq] [161e266f] INFO  - Mounting HiveMQ Control Center V2 Preview
2025-01-29 18:41:57,977 INFO c.h.h.t.HelmChartContainer - [test-hivemq-platform] [hivemq] [161e266f] INFO  - [HiveMQ Platform Operator Init App 1.7.0-SNAPSHOT] Returning Health API response 503 for readiness
2025-01-29 18:41:57,982 INFO c.h.h.t.HelmChartContainer - [EVENT] Warning [Unhealthy] Readiness probe failed: HTTP probe failed with statuscode: 503 [helmcustomextensionit:test-hivemq-platform-0]
2025-01-29 18:41:57,982 INFO c.h.h.t.HelmChartContainer - Received Unhealthy event for container hivemq in pod test-hivemq-platform-0 [161e266f-e591-4351-a0f3-cea0d067f91b]
2025-01-29 18:41:58,597 INFO c.h.h.t.HelmChartContainer - [test-hivemq-platform] [hivemq] [161e266f] INFO  - Started HiveMQ Control Center in 991ms
2025-01-29 18:41:58,612 INFO c.h.h.t.HelmChartContainer - [test-hivemq-platform] [hivemq] [161e266f] INFO  - Starting TCP listener on address 0.0.0.0 and port 1883
2025-01-29 18:41:58,688 INFO c.h.h.t.HelmChartContainer - [test-hivemq-platform] [hivemq] [161e266f] INFO  - Started TCP Listener on address 0.0.0.0 and on port 1883.
2025-01-29 18:41:58,688 INFO c.h.h.t.HelmChartContainer - [test-hivemq-platform] [hivemq] [161e266f] INFO  - Started HiveMQ in 32585ms
2025-01-29 18:42:02,289 INFO c.h.h.t.HelmChartContainer - [test-hivemq-platform] [hivemq] [161e266f] INFO  - [HiveMQ Platform Operator Init App 1.7.0-SNAPSHOT] Returning Health API response 200 for readiness
2025-01-29 18:42:02,303 INFO c.h.h.t.HelmChartContainer - [POD] test-hivemq-platform-0 [161e266f-e591-4351-a0f3-cea0d067f91b] in helmcustomextensionit was MODIFIED
2025-01-29 18:42:02,315 INFO c.h.h.t.HelmChartContainer - [hivemq-test-hivemq-platform] [hivemq-platform-operator] [75347323] 18:42:02.310 [pool-6-thread-6] DEBUG c.h.p.o.d.PlatformServiceResource - [helmcust] Desired Platform services (3 services)
2025-01-29 18:42:02,315 INFO c.h.h.t.HelmChartContainer - [hivemq-test-hivemq-platform] [hivemq-platform-operator] [75347323] 18:42:02.312 [pool-6-thread-8] DEBUG c.h.p.o.dependants.PodInfoConfigMap - [helmcust] Desired PodInfo ConfigMap (1 extensions) (1 enabled)
2025-01-29 18:42:02,315 INFO c.h.h.t.HelmChartContainer - [hivemq-test-hivemq-platform] [hivemq-platform-operator] [75347323] 18:42:02.312 [pool-6-thread-8] DEBUG c.h.p.o.dependants.PodInfoConfigMap - [helmcust] Desired PodInfo ConfigMap (metrics port: 9399) (metrics path: /)
2025-01-29 18:42:02,315 INFO c.h.h.t.HelmChartContainer - [hivemq-test-hivemq-platform] [hivemq-platform-operator] [75347323] 18:42:02.312 [pool-6-thread-8] DEBUG c.h.p.o.dependants.PodInfoConfigMap - [helmcust] Desired PodInfo ConfigMap (extension state hash: -1287821691)
2025-01-29 18:42:02,326 INFO c.h.h.t.HelmChartContainer - [hivemq-test-hivemq-platform] [hivemq-platform-operator] [75347323] 18:42:02.314 [pool-6-thread-3] DEBUG c.h.p.o.d.PodServiceAccountResource - [helmcust] Desired PodServiceAccountResource (serviceAccountName: hivemq-platform-pod-test-hivemq-platform)
2025-01-29 18:42:02,329 INFO c.h.h.t.HelmChartContainer - [hivemq-test-hivemq-platform] [hivemq-platform-operator] [75347323] 18:42:02.325 [pool-6-thread-8] DEBUG c.h.p.o.d.StatefulSetResource - [helmcust] Desired StatefulSet (1 replicas) for status STARTING (READY)
2025-01-29 18:42:02,333 INFO c.h.h.t.HelmChartContainer - [hivemq-test-hivemq-platform] [hivemq-platform-operator] [75347323] 18:42:02.332 [ReconcilerExecutor-hivemq-controller-115] INFO  c.h.p.o.HiveMQPlatformReconciler - [helmcust] Reconciling HiveMQ Platform 'test-hivemq-platform' in namespace 'helmcustomextensionit'
2025-01-29 18:42:02,333 INFO c.h.h.t.HelmChartContainer - [hivemq-test-hivemq-platform] [hivemq-platform-operator] [75347323] 18:42:02.332 [ReconcilerExecutor-hivemq-controller-115] DEBUG c.h.p.o.HiveMQPlatformReconciler - [helmcust] Custom Resource Status STARTING - HiveMQ Platform is starting (READY)
2025-01-29 18:42:02,338 INFO c.h.h.t.HelmChartContainer - [hivemq-test-hivemq-platform] [hivemq-platform-operator] [75347323] 18:42:02.332 [ReconcilerExecutor-hivemq-controller-115] DEBUG c.h.p.o.HiveMQPlatformReconciler - [helmcust] Custom Resource Spec (replicas: 1) (extensions: 1)
2025-01-29 18:42:02,338 INFO c.h.h.t.HelmChartContainer - [hivemq-test-hivemq-platform] [hivemq-platform-operator] [75347323] 18:42:02.334 [ReconcilerExecutor-hivemq-controller-115] DEBUG c.h.p.o.HiveMQPlatformReconciler - [helmcust] StatefulSet Status (revision: test-hivemq-platform-796ccc778, replicas: 1, available: 1, ready: 1, current: 1, updated: 1)
2025-01-29 18:42:02,339 INFO c.h.h.t.HelmChartContainer - [hivemq-test-hivemq-platform] [hivemq-platform-operator] [75347323] 18:42:02.334 [ReconcilerExecutor-hivemq-controller-115] DEBUG c.h.p.o.HiveMQPlatformReconciler - [helmcust] StatefulSet Spec (replicas: 1, init containers: 1, containers: 1, volumes: 3)
2025-01-29 18:42:02,339 INFO c.h.h.t.HelmChartContainer - [hivemq-test-hivemq-platform] [hivemq-platform-operator] [75347323] 18:42:02.335 [ReconcilerExecutor-hivemq-controller-115] DEBUG c.h.p.o.h.HiveMQPlatformReconcilerErrorHandler - [helmcust] Pod 'test-hivemq-platform-0' phase Running
2025-01-29 18:42:02,339 INFO c.h.h.t.HelmChartContainer - [hivemq-test-hivemq-platform] [hivemq-platform-operator] [75347323] 18:42:02.336 [ReconcilerExecutor-hivemq-controller-115] INFO  c.h.p.o.h.HiveMQPlatformReconcilerBaseHandler - [helmcust] HiveMQ Platform started successfully
2025-01-29 18:42:02,440 INFO c.h.h.t.HelmChartContainer - [hivemq-test-hivemq-platform] [hivemq-platform-operator] [75347323] 18:42:02.439 [ReconcilerExecutor-hivemq-controller-115] DEBUG c.h.p.operator.event.EventSender - [helmcust] Creating K8s event hivemq-platform-ready: [Ready] HiveMQ Platform is ready
2025-01-29 18:42:02,444 INFO c.h.h.t.HelmChartContainer - [EVENT] Normal [Ready] HiveMQ Platform is ready [helmcustomextensionit:test-hivemq-platform]
2025-01-29 18:42:02,445 INFO c.h.h.t.HelmChartContainer - [hivemq-test-hivemq-platform] [hivemq-platform-operator] [75347323] 18:42:02.444 [ReconcilerExecutor-hivemq-controller-115] INFO  c.h.p.o.h.AbstractHiveMQReconcilerStateHandler - [helmcust] Update HiveMQ Platform Status (STARTING [READY] -> RUNNING [READY]): HiveMQ Platform is ready
2025-01-29 18:42:02,454 DEBUG com.hivemq.helmcharts.util.K8sUtil - Comparing actual state 'RUNNING' and waiting for 'RUNNING'
2025-01-29 18:42:02,533 INFO c.h.h.t.HelmChartContainer - [hivemq-test-hivemq-platform] [hivemq-platform-operator] [75347323] 18:42:02.531 [pool-6-thread-15] DEBUG c.h.p.o.d.PlatformServiceResource - [helmcust] Desired Platform services (3 services)
2025-01-29 18:42:02,534 INFO c.h.h.t.HelmChartContainer - [hivemq-test-hivemq-platform] [hivemq-platform-operator] [75347323] 18:42:02.533 [pool-6-thread-11] DEBUG c.h.p.o.dependants.PodInfoConfigMap - [helmcust] Desired PodInfo ConfigMap (1 extensions) (1 enabled)
2025-01-29 18:42:02,539 INFO c.h.h.t.HelmChartContainer - [hivemq-test-hivemq-platform] [hivemq-platform-operator] [75347323] 18:42:02.535 [pool-6-thread-11] DEBUG c.h.p.o.dependants.PodInfoConfigMap - [helmcust] Desired PodInfo ConfigMap (metrics port: 9399) (metrics path: /)
2025-01-29 18:42:02,540 INFO c.h.h.t.HelmChartContainer - [hivemq-test-hivemq-platform] [hivemq-platform-operator] [75347323] 18:42:02.536 [pool-6-thread-11] DEBUG c.h.p.o.dependants.PodInfoConfigMap - [helmcust] Desired PodInfo ConfigMap (extension state hash: -1287821691)
2025-01-29 18:42:02,540 INFO c.h.h.t.HelmChartContainer - [hivemq-test-hivemq-platform] [hivemq-platform-operator] [75347323] 18:42:02.538 [pool-6-thread-11] DEBUG c.h.p.o.dependants.PodInfoConfigMap - [helmcust] Update PodInfo ConfigMap
2025-01-29 18:42:02,540 INFO c.h.h.t.HelmChartContainer - [hivemq-test-hivemq-platform] [hivemq-platform-operator] [75347323] 18:42:02.538 [pool-6-thread-19] DEBUG c.h.p.o.d.PodServiceAccountResource - [helmcust] Desired PodServiceAccountResource (serviceAccountName: hivemq-platform-pod-test-hivemq-platform)
2025-01-29 18:42:02,626 INFO c.h.h.t.HelmChartContainer - [hivemq-test-hivemq-platform] [hivemq-platform-operator] [75347323] 18:42:02.625 [pool-6-thread-11] DEBUG c.h.p.o.d.StatefulSetResource - [helmcust] Desired StatefulSet (1 replicas) for status RUNNING (READY)
2025-01-29 18:42:02,637 INFO c.h.h.t.HelmChartContainer - [hivemq-test-hivemq-platform] [hivemq-platform-operator] [75347323] 18:42:02.633 [ReconcilerExecutor-hivemq-controller-116] INFO  c.h.p.o.HiveMQPlatformReconciler - [helmcust] Reconciling HiveMQ Platform 'test-hivemq-platform' in namespace 'helmcustomextensionit'
2025-01-29 18:42:02,637 INFO c.h.h.t.HelmChartContainer - [hivemq-test-hivemq-platform] [hivemq-platform-operator] [75347323] 18:42:02.634 [ReconcilerExecutor-hivemq-controller-116] DEBUG c.h.p.o.HiveMQPlatformReconciler - [helmcust] Custom Resource Status RUNNING - HiveMQ Platform is ready (READY)
2025-01-29 18:42:02,637 INFO c.h.h.t.HelmChartContainer - [hivemq-test-hivemq-platform] [hivemq-platform-operator] [75347323] 18:42:02.634 [ReconcilerExecutor-hivemq-controller-116] DEBUG c.h.p.o.HiveMQPlatformReconciler - [helmcust] Custom Resource Spec (replicas: 1) (extensions: 1)
2025-01-29 18:42:02,637 INFO c.h.h.t.HelmChartContainer - [hivemq-test-hivemq-platform] [hivemq-platform-operator] [75347323] 18:42:02.636 [ReconcilerExecutor-hivemq-controller-116] DEBUG c.h.p.o.HiveMQPlatformReconciler - [helmcust] StatefulSet Status (revision: test-hivemq-platform-796ccc778, replicas: 1, available: 1, ready: 1, current: 1, updated: 1)
2025-01-29 18:42:02,637 INFO c.h.h.t.HelmChartContainer - [hivemq-test-hivemq-platform] [hivemq-platform-operator] [75347323] 18:42:02.636 [ReconcilerExecutor-hivemq-controller-116] DEBUG c.h.p.o.HiveMQPlatformReconciler - [helmcust] StatefulSet Spec (replicas: 1, init containers: 1, containers: 1, volumes: 3)
2025-01-29 18:42:02,638 INFO c.h.h.t.HelmChartContainer - [hivemq-test-hivemq-platform] [hivemq-platform-operator] [75347323] 18:42:02.637 [ReconcilerExecutor-hivemq-controller-116] DEBUG c.h.p.o.h.HiveMQPlatformReconcilerErrorHandler - [helmcust] Pod 'test-hivemq-platform-0' phase Running
2025-01-29 18:42:04,463 INFO c.h.h.t.HelmChartContainer - Uninstalling release 'test-hivemq-platform' in namespace 'helmcustomextensionit'...
2025-01-29 18:42:04,463 DEBUG c.h.h.t.HelmChartContainer - Executing helm command: /bin/helm --kubeconfig /etc/rancher/k3s/k3s.yaml uninstall test-hivemq-platform  --wait --timeout 5m0s --cascade foreground --namespace helmcustomextensionit
2025-01-29 18:42:04,645 INFO c.h.h.t.HelmChartContainer - [hivemq-test-hivemq-platform] [hivemq-platform-operator] [75347323] 18:42:04.642 [pool-6-thread-24] DEBUG c.h.p.o.d.PlatformServiceResource - [helmcust] Desired Platform services (3 services)
2025-01-29 18:42:04,648 INFO c.h.h.t.HelmChartContainer - [hivemq-test-hivemq-platform] [hivemq-platform-operator] [75347323] 18:42:04.644 [pool-6-thread-23] DEBUG c.h.p.o.dependants.PodInfoConfigMap - [helmcust] Desired PodInfo ConfigMap (1 extensions) (1 enabled)
2025-01-29 18:42:04,648 INFO c.h.h.t.HelmChartContainer - [hivemq-test-hivemq-platform] [hivemq-platform-operator] [75347323] 18:42:04.644 [pool-6-thread-23] DEBUG c.h.p.o.dependants.PodInfoConfigMap - [helmcust] Desired PodInfo ConfigMap (metrics port: 9399) (metrics path: /)
2025-01-29 18:42:04,648 INFO c.h.h.t.HelmChartContainer - [hivemq-test-hivemq-platform] [hivemq-platform-operator] [75347323] 18:42:04.644 [pool-6-thread-23] DEBUG c.h.p.o.dependants.PodInfoConfigMap - [helmcust] Desired PodInfo ConfigMap (extension state hash: -1287821691)
2025-01-29 18:42:04,656 INFO c.h.h.t.HelmChartContainer - [hivemq-test-hivemq-platform] [hivemq-platform-operator] [75347323] 18:42:04.645 [pool-6-thread-29] DEBUG c.h.p.o.d.PodServiceAccountResource - [helmcust] Desired PodServiceAccountResource (serviceAccountName: hivemq-platform-pod-test-hivemq-platform)
2025-01-29 18:42:04,658 INFO c.h.h.t.HelmChartContainer - [hivemq-test-hivemq-platform] [hivemq-platform-operator] [75347323] 18:42:04.653 [pool-6-thread-26] DEBUG c.h.p.o.d.StatefulSetResource - [helmcust] Desired StatefulSet (1 replicas) for status RUNNING (READY)
2025-01-29 18:42:04,739 INFO c.h.h.t.HelmChartContainer - [hivemq-test-hivemq-platform] [hivemq-platform-operator] [75347323] 18:42:04.733 [ReconcilerExecutor-hivemq-controller-117] INFO  c.h.p.o.HiveMQPlatformReconciler - [helmcust] Reconciling HiveMQ Platform 'test-hivemq-platform' in namespace 'helmcustomextensionit'
2025-01-29 18:42:04,739 INFO c.h.h.t.HelmChartContainer - [hivemq-test-hivemq-platform] [hivemq-platform-operator] [75347323] 18:42:04.734 [ReconcilerExecutor-hivemq-controller-117] DEBUG c.h.p.o.HiveMQPlatformReconciler - [helmcust] Custom Resource Status RUNNING - HiveMQ Platform is ready (READY)
2025-01-29 18:42:04,739 INFO c.h.h.t.HelmChartContainer - [hivemq-test-hivemq-platform] [hivemq-platform-operator] [75347323] 18:42:04.735 [ReconcilerExecutor-hivemq-controller-117] DEBUG c.h.p.o.HiveMQPlatformReconciler - [helmcust] Custom Resource Spec (replicas: 1) (extensions: 1)
2025-01-29 18:42:04,739 INFO c.h.h.t.HelmChartContainer - [hivemq-test-hivemq-platform] [hivemq-platform-operator] [75347323] 18:42:04.736 [ReconcilerExecutor-hivemq-controller-117] WARN  c.h.p.o.h.HiveMQPlatformReconcilerErrorHandler - [helmcust] Could not find ConfigMap 'hivemq-configuration-test-hivemq-platform' for HiveMQ Platform configuration
2025-01-29 18:42:04,845 INFO c.h.h.t.HelmChartContainer - [hivemq-test-hivemq-platform] [hivemq-platform-operator] [75347323] 18:42:04.844 [ReconcilerExecutor-hivemq-controller-117] DEBUG c.h.p.operator.event.EventSender - [helmcust] Creating K8s event hivemq-platform-invalid-configuration: [Start] Could not find ConfigMap 'hivemq-configuration-test-hivemq-platform' for HiveMQ Platform configuration
2025-01-29 18:42:04,926 INFO c.h.h.t.HelmChartContainer - [EVENT] Warning [Start] Could not find ConfigMap 'hivemq-configuration-test-hivemq-platform' for HiveMQ Platform configuration [helmcustomextensionit:test-hivemq-platform]
2025-01-29 18:42:04,931 INFO c.h.h.t.HelmChartContainer - [hivemq-test-hivemq-platform] [hivemq-platform-operator] [75347323] 18:42:04.930 [ReconcilerExecutor-hivemq-controller-117] INFO  c.h.p.o.h.AbstractHiveMQReconcilerStateHandler - [helmcust] Update HiveMQ Platform Status (RUNNING [READY] -> ERROR [INVALID_CONFIG_MAP]): Could not find ConfigMap 'hivemq-configuration-test-hivemq-platform' for HiveMQ Platform configuration
2025-01-29 18:42:04,941 INFO c.h.h.t.HelmChartContainer - [hivemq-test-hivemq-platform] [hivemq-platform-operator] [75347323] 18:42:04.938 [ReconcilerExecutor-hivemq-controller-117] ERROR i.j.o.p.event.EventProcessor - Error during event processing ExecutionScope{ resource id: ResourceID{name='test-hivemq-platform', namespace='helmcustomextensionit'}, version: 1250}
2025-01-29 18:42:04,941 INFO c.h.h.t.HelmChartContainer - [hivemq-test-hivemq-platform] [hivemq-platform-operator] [75347323] io.fabric8.kubernetes.client.KubernetesClientException: Failure executing: PUT at: https://10.43.0.1:443/apis/hivemq.com/v1/namespaces/helmcustomextensionit/hivemq-platforms/test-hivemq-platform/status. Message: Operation cannot be fulfilled on hivemq-platforms.hivemq.com "test-hivemq-platform": the object has been modified; please apply your changes to the latest version and try again. Received status: Status(apiVersion=v1, code=409, details=StatusDetails(causes=[], group=hivemq.com, kind=hivemq-platforms, name=test-hivemq-platform, retryAfterSeconds=null, uid=null, additionalProperties={}), kind=Status, message=Operation cannot be fulfilled on hivemq-platforms.hivemq.com "test-hivemq-platform": the object has been modified; please apply your changes to the latest version and try again, metadata=ListMeta(_continue=null, remainingItemCount=null, resourceVersion=null, selfLink=null, additionalProperties={}), reason=Conflict, status=Failure, additionalProperties={}).
2025-01-29 18:42:04,941 INFO c.h.h.t.HelmChartContainer - [hivemq-test-hivemq-platform] [hivemq-platform-operator] [75347323] 	at io.fabric8.kubernetes.client.KubernetesClientException.copyAsCause(KubernetesClientException.java:238)
2025-01-29 18:42:04,941 INFO c.h.h.t.HelmChartContainer - [hivemq-test-hivemq-platform] [hivemq-platform-operator] [75347323] 	at io.fabric8.kubernetes.client.dsl.internal.OperationSupport.waitForResult(OperationSupport.java:507)
2025-01-29 18:42:04,941 INFO c.h.h.t.HelmChartContainer - [hivemq-test-hivemq-platform] [hivemq-platform-operator] [75347323] 	at io.fabric8.kubernetes.client.dsl.internal.OperationSupport.handleResponse(OperationSupport.java:524)
2025-01-29 18:42:04,941 INFO c.h.h.t.HelmChartContainer - [hivemq-test-hivemq-platform] [hivemq-platform-operator] [75347323] 	at io.fabric8.kubernetes.client.dsl.internal.OperationSupport.handleUpdate(OperationSupport.java:358)
2025-01-29 18:42:04,941 INFO c.h.h.t.HelmChartContainer - [hivemq-test-hivemq-platform] [hivemq-platform-operator] [75347323] 	at io.fabric8.kubernetes.client.dsl.internal.BaseOperation.handleUpdate(BaseOperation.java:759)
2025-01-29 18:42:04,941 INFO c.h.h.t.HelmChartContainer - [hivemq-test-hivemq-platform] [hivemq-platform-operator] [75347323] 	at io.fabric8.kubernetes.client.dsl.internal.HasMetadataOperation.update(HasMetadataOperation.java:138)
2025-01-29 18:42:04,941 INFO c.h.h.t.HelmChartContainer - [hivemq-test-hivemq-platform] [hivemq-platform-operator] [75347323] 	at io.fabric8.kubernetes.client.dsl.internal.HasMetadataOperation.update(HasMetadataOperation.java:121)
2025-01-29 18:42:04,941 INFO c.h.h.t.HelmChartContainer - [hivemq-test-hivemq-platform] [hivemq-platform-operator] [75347323] 	at io.fabric8.kubernetes.client.dsl.internal.HasMetadataOperation.updateStatus(HasMetadataOperation.java:126)
2025-01-29 18:42:04,941 INFO c.h.h.t.HelmChartContainer - [hivemq-test-hivemq-platform] [hivemq-platform-operator] [75347323] 	at io.fabric8.kubernetes.client.dsl.internal.HasMetadataOperation.updateStatus(HasMetadataOperation.java:44)
2025-01-29 18:42:04,941 INFO c.h.h.t.HelmChartContainer - [hivemq-test-hivemq-platform] [hivemq-platform-operator] [75347323] 	at io.javaoperatorsdk.operator.processing.event.ReconciliationDispatcher$CustomResourceFacade.updateStatus(ReconciliationDispatcher.java:408)
2025-01-29 18:42:04,941 INFO c.h.h.t.HelmChartContainer - [hivemq-test-hivemq-platform] [hivemq-platform-operator] [75347323] 	at io.javaoperatorsdk.operator.processing.event.ReconciliationDispatcher.updateStatusGenerationAware(ReconciliationDispatcher.java:228)
2025-01-29 18:42:04,941 INFO c.h.h.t.HelmChartContainer - [hivemq-test-hivemq-platform] [hivemq-platform-operator] [75347323] 	at io.javaoperatorsdk.operator.processing.event.ReconciliationDispatcher.reconcileExecution(ReconciliationDispatcher.java:150)
2025-01-29 18:42:04,941 INFO c.h.h.t.HelmChartContainer - [hivemq-test-hivemq-platform] [hivemq-platform-operator] [75347323] 	at io.javaoperatorsdk.operator.processing.event.ReconciliationDispatcher.handleReconcile(ReconciliationDispatcher.java:117)
2025-01-29 18:42:04,941 INFO c.h.h.t.HelmChartContainer - [hivemq-test-hivemq-platform] [hivemq-platform-operator] [75347323] 	at io.javaoperatorsdk.operator.processing.event.ReconciliationDispatcher.handleDispatch(ReconciliationDispatcher.java:91)
2025-01-29 18:42:04,941 INFO c.h.h.t.HelmChartContainer - [hivemq-test-hivemq-platform] [hivemq-platform-operator] [75347323] 	at io.javaoperatorsdk.operator.processing.event.ReconciliationDispatcher.handleExecution(ReconciliationDispatcher.java:64)
2025-01-29 18:42:04,941 INFO c.h.h.t.HelmChartContainer - [hivemq-test-hivemq-platform] [hivemq-platform-operator] [75347323] 	at io.javaoperatorsdk.operator.processing.event.EventProcessor$ReconcilerExecutor.run(EventProcessor.java:452)
2025-01-29 18:42:04,941 INFO c.h.h.t.HelmChartContainer - [hivemq-test-hivemq-platform] [hivemq-platform-operator] [75347323] 	at java.base/java.util.concurrent.ThreadPoolExecutor.runWorker(Unknown Source)
2025-01-29 18:42:04,941 INFO c.h.h.t.HelmChartContainer - [hivemq-test-hivemq-platform] [hivemq-platform-operator] [75347323] 	at java.base/java.util.concurrent.ThreadPoolExecutor$Worker.run(Unknown Source)
2025-01-29 18:42:04,941 INFO c.h.h.t.HelmChartContainer - [hivemq-test-hivemq-platform] [hivemq-platform-operator] [75347323] 	at java.base/java.lang.Thread.run(Unknown Source)
2025-01-29 18:42:04,941 INFO c.h.h.t.HelmChartContainer - [hivemq-test-hivemq-platform] [hivemq-platform-operator] [75347323] Caused by: io.fabric8.kubernetes.client.KubernetesClientException: Failure executing: PUT at: https://10.43.0.1:443/apis/hivemq.com/v1/namespaces/helmcustomextensionit/hivemq-platforms/test-hivemq-platform/status. Message: Operation cannot be fulfilled on hivemq-platforms.hivemq.com "test-hivemq-platform": the object has been modified; please apply your changes to the latest version and try again. Received status: Status(apiVersion=v1, code=409, details=StatusDetails(causes=[], group=hivemq.com, kind=hivemq-platforms, name=test-hivemq-platform, retryAfterSeconds=null, uid=null, additionalProperties={}), kind=Status, message=Operation cannot be fulfilled on hivemq-platforms.hivemq.com "test-hivemq-platform": the object has been modified; please apply your changes to the latest version and try again, metadata=ListMeta(_continue=null, remainingItemCount=null, resourceVersion=null, selfLink=null, additionalProperties={}), reason=Conflict, status=Failure, additionalProperties={}).
2025-01-29 18:42:04,942 INFO c.h.h.t.HelmChartContainer - [hivemq-test-hivemq-platform] [hivemq-platform-operator] [75347323] 	at io.fabric8.kubernetes.client.dsl.internal.OperationSupport.requestFailure(OperationSupport.java:660)
2025-01-29 18:42:04,942 INFO c.h.h.t.HelmChartContainer - [hivemq-test-hivemq-platform] [hivemq-platform-operator] [75347323] 	at io.fabric8.kubernetes.client.dsl.internal.OperationSupport.requestFailure(OperationSupport.java:640)
2025-01-29 18:42:04,942 INFO c.h.h.t.HelmChartContainer - [hivemq-test-hivemq-platform] [hivemq-platform-operator] [75347323] 	at io.fabric8.kubernetes.client.dsl.internal.OperationSupport.assertResponseCode(OperationSupport.java:589)
2025-01-29 18:42:04,942 INFO c.h.h.t.HelmChartContainer - [hivemq-test-hivemq-platform] [hivemq-platform-operator] [75347323] 	at io.fabric8.kubernetes.client.dsl.internal.OperationSupport.lambda$handleResponse$0(OperationSupport.java:549)
2025-01-29 18:42:04,942 INFO c.h.h.t.HelmChartContainer - [hivemq-test-hivemq-platform] [hivemq-platform-operator] [75347323] 	at java.base/java.util.concurrent.CompletableFuture$UniApply.tryFire(Unknown Source)
2025-01-29 18:42:04,942 INFO c.h.h.t.HelmChartContainer - [hivemq-test-hivemq-platform] [hivemq-platform-operator] [75347323] 	at java.base/java.util.concurrent.CompletableFuture.postComplete(Unknown Source)
2025-01-29 18:42:04,942 INFO c.h.h.t.HelmChartContainer - [hivemq-test-hivemq-platform] [hivemq-platform-operator] [75347323] 	at java.base/java.util.concurrent.CompletableFuture.complete(Unknown Source)
2025-01-29 18:42:04,942 INFO c.h.h.t.HelmChartContainer - [hivemq-test-hivemq-platform] [hivemq-platform-operator] [75347323] 	at io.fabric8.kubernetes.client.http.StandardHttpClient.lambda$completeOrCancel$10(StandardHttpClient.java:141)
2025-01-29 18:42:04,942 INFO c.h.h.t.HelmChartContainer - [hivemq-test-hivemq-platform] [hivemq-platform-operator] [75347323] 	at java.base/java.util.concurrent.CompletableFuture.uniWhenComplete(Unknown Source)
2025-01-29 18:42:04,942 INFO c.h.h.t.HelmChartContainer - [hivemq-test-hivemq-platform] [hivemq-platform-operator] [75347323] 	at java.base/java.util.concurrent.CompletableFuture$UniWhenComplete.tryFire(Unknown Source)
2025-01-29 18:42:04,942 INFO c.h.h.t.HelmChartContainer - [hivemq-test-hivemq-platform] [hivemq-platform-operator] [75347323] 	at java.base/java.util.concurrent.CompletableFuture.postComplete(Unknown Source)
2025-01-29 18:42:04,942 INFO c.h.h.t.HelmChartContainer - [hivemq-test-hivemq-platform] [hivemq-platform-operator] [75347323] 	at java.base/java.util.concurrent.CompletableFuture.complete(Unknown Source)
2025-01-29 18:42:04,942 INFO c.h.h.t.HelmChartContainer - [hivemq-test-hivemq-platform] [hivemq-platform-operator] [75347323] 	at io.fabric8.kubernetes.client.http.ByteArrayBodyHandler.onBodyDone(ByteArrayBodyHandler.java:51)
2025-01-29 18:42:04,942 INFO c.h.h.t.HelmChartContainer - [hivemq-test-hivemq-platform] [hivemq-platform-operator] [75347323] 	at java.base/java.util.concurrent.CompletableFuture.uniWhenComplete(Unknown Source)
2025-01-29 18:42:04,942 INFO c.h.h.t.HelmChartContainer - [hivemq-test-hivemq-platform] [hivemq-platform-operator] [75347323] 	at java.base/java.util.concurrent.CompletableFuture$UniWhenComplete.tryFire(Unknown Source)
2025-01-29 18:42:04,943 INFO c.h.h.t.HelmChartContainer - [hivemq-test-hivemq-platform] [hivemq-platform-operator] [75347323] 	at java.base/java.util.concurrent.CompletableFuture.postComplete(Unknown Source)
2025-01-29 18:42:04,943 INFO c.h.h.t.HelmChartContainer - [hivemq-test-hivemq-platform] [hivemq-platform-operator] [75347323] 	at java.base/java.util.concurrent.CompletableFuture.complete(Unknown Source)
2025-01-29 18:42:04,943 INFO c.h.h.t.HelmChartContainer - [hivemq-test-hivemq-platform] [hivemq-platform-operator] [75347323] 	at io.fabric8.kubernetes.client.vertx.VertxHttpRequest.lambda$null$1(VertxHttpRequest.java:121)
2025-01-29 18:42:04,943 INFO c.h.h.t.HelmChartContainer - [hivemq-test-hivemq-platform] [hivemq-platform-operator] [75347323] 	at io.vertx.core.impl.ContextInternal.dispatch(ContextInternal.java:279)
2025-01-29 18:42:04,943 INFO c.h.h.t.HelmChartContainer - [hivemq-test-hivemq-platform] [hivemq-platform-operator] [75347323] 	at io.vertx.core.impl.ContextInternal.dispatch(ContextInternal.java:261)
2025-01-29 18:42:04,943 INFO c.h.h.t.HelmChartContainer - [hivemq-test-hivemq-platform] [hivemq-platform-operator] [75347323] 	at io.vertx.core.http.impl.HttpEventHandler.handleEnd(HttpEventHandler.java:76)
2025-01-29 18:42:04,943 INFO c.h.h.t.HelmChartContainer - [hivemq-test-hivemq-platform] [hivemq-platform-operator] [75347323] 	at io.vertx.core.http.impl.HttpClientResponseImpl.handleEnd(HttpClientResponseImpl.java:250)
2025-01-29 18:42:04,943 INFO c.h.h.t.HelmChartContainer - [hivemq-test-hivemq-platform] [hivemq-platform-operator] [75347323] 	at io.vertx.core.http.impl.Http1xClientConnection$StreamImpl.lambda$new$0(Http1xClientConnection.java:421)
2025-01-29 18:42:04,943 INFO c.h.h.t.HelmChartContainer - [hivemq-test-hivemq-platform] [hivemq-platform-operator] [75347323] 	at io.vertx.core.streams.impl.InboundBuffer.handleEvent(InboundBuffer.java:279)
2025-01-29 18:42:04,943 INFO c.h.h.t.HelmChartContainer - [hivemq-test-hivemq-platform] [hivemq-platform-operator] [75347323] 	at io.vertx.core.streams.impl.InboundBuffer.write(InboundBuffer.java:157)
2025-01-29 18:42:04,943 INFO c.h.h.t.HelmChartContainer - [hivemq-test-hivemq-platform] [hivemq-platform-operator] [75347323] 	at io.vertx.core.http.impl.Http1xClientConnection$StreamImpl.handleEnd(Http1xClientConnection.java:709)
2025-01-29 18:42:04,943 INFO c.h.h.t.HelmChartContainer - [hivemq-test-hivemq-platform] [hivemq-platform-operator] [75347323] 	at io.vertx.core.impl.ContextImpl.lambda$execute$4(ContextImpl.java:315)
2025-01-29 18:42:04,943 INFO c.h.h.t.HelmChartContainer - [hivemq-test-hivemq-platform] [hivemq-platform-operator] [75347323] 	at io.netty.util.concurrent.AbstractEventExecutor.runTask(AbstractEventExecutor.java:173)
2025-01-29 18:42:04,943 INFO c.h.h.t.HelmChartContainer - [hivemq-test-hivemq-platform] [hivemq-platform-operator] [75347323] 	at io.netty.util.concurrent.AbstractEventExecutor.safeExecute(AbstractEventExecutor.java:166)
2025-01-29 18:42:04,943 INFO c.h.h.t.HelmChartContainer - [hivemq-test-hivemq-platform] [hivemq-platform-operator] [75347323] 	at io.netty.util.concurrent.SingleThreadEventExecutor.runAllTasks(SingleThreadEventExecutor.java:472)
2025-01-29 18:42:04,943 INFO c.h.h.t.HelmChartContainer - [hivemq-test-hivemq-platform] [hivemq-platform-operator] [75347323] 	at io.netty.channel.nio.NioEventLoop.run(NioEventLoop.java:569)
2025-01-29 18:42:04,943 INFO c.h.h.t.HelmChartContainer - [hivemq-test-hivemq-platform] [hivemq-platform-operator] [75347323] 	at io.netty.util.concurrent.SingleThreadEventExecutor$4.run(SingleThreadEventExecutor.java:997)
2025-01-29 18:42:04,943 INFO c.h.h.t.HelmChartContainer - [hivemq-test-hivemq-platform] [hivemq-platform-operator] [75347323] 	at io.netty.util.internal.ThreadExecutorMap$2.run(ThreadExecutorMap.java:74)
2025-01-29 18:42:04,943 INFO c.h.h.t.HelmChartContainer - [hivemq-test-hivemq-platform] [hivemq-platform-operator] [75347323] 	at io.netty.util.concurrent.FastThreadLocalRunnable.run(FastThreadLocalRunnable.java:30)
2025-01-29 18:42:04,943 INFO c.h.h.t.HelmChartContainer - [hivemq-test-hivemq-platform] [hivemq-platform-operator] [75347323] 	... 1 common frames omitted
2025-01-29 18:42:04,947 INFO c.h.h.t.HelmChartContainer - [hivemq-test-hivemq-platform] [hivemq-platform-operator] [75347323] 18:42:04.944 [ReconcilerExecutor-hivemq-controller-119] INFO  c.h.p.o.HiveMQPlatformReconciler - [helmcust] Cleanup test-hivemq-platform - helmcustomextensionit HiveMQ Platform is shut down
2025-01-29 18:42:05,429 INFO c.h.h.t.HelmChartContainer - [POD] test-hivemq-platform-0 [161e266f-e591-4351-a0f3-cea0d067f91b] in helmcustomextensionit was MODIFIED
2025-01-29 18:42:05,434 INFO c.h.h.t.HelmChartContainer - [EVENT] Normal [Killing] Stopping container hivemq [helmcustomextensionit:test-hivemq-platform-0]
2025-01-29 18:42:05,434 INFO c.h.h.t.HelmChartContainer - Received Killing event for container hivemq in pod test-hivemq-platform-0 [161e266f-e591-4351-a0f3-cea0d067f91b]
2025-01-29 18:42:05,434 INFO c.h.h.t.HelmChartContainer - Container [test-hivemq-platform-0] [hivemq] [161e266f-e591-4351-a0f3-cea0d067f91b] was terminated
2025-01-29 18:42:05,434 INFO c.h.h.t.HelmChartContainer - Stopped log watcher for hivemq in pod test-hivemq-platform-0 [161e266f-e591-4351-a0f3-cea0d067f91b]
2025-01-29 18:42:05,439 INFO c.h.h.t.HelmChartContainer - [test-hivemq-platform] [hivemq] [161e266f] INFO  - [HiveMQ Platform Operator Init App 1.7.0-SNAPSHOT] Shutting down
2025-01-29 18:42:05,439 INFO c.h.h.t.HelmChartContainer - [test-hivemq-platform] [hivemq] [161e266f] INFO  - [HiveMQ Platform Operator Init App 1.7.0-SNAPSHOT] Stopping the HiveMQ Platform
2025-01-29 18:42:05,509 INFO c.h.h.t.HelmChartContainer - [test-hivemq-platform] [hivemq] [161e266f] INFO  - Shutting down HiveMQ. Please wait, this could take a while...
2025-01-29 18:42:05,596 INFO c.h.h.t.HelmChartContainer - [test-hivemq-platform] [hivemq] [161e266f] INFO  - Shutting down listeners and clients
2025-01-29 18:42:05,597 INFO c.h.h.t.HelmChartContainer - [test-hivemq-platform] [hivemq] [161e266f] INFO  - Shutdown of listeners is done
2025-01-29 18:42:05,598 INFO c.h.h.t.HelmChartContainer - [test-hivemq-platform] [hivemq] [161e266f] INFO  - No clients are connected, proceeding with shutdown
2025-01-29 18:42:06,695 INFO c.h.h.t.HelmChartContainer - Deleting namespace 'helmcustomextensionit'...
2025-01-29 18:42:07,284 INFO c.h.h.t.HelmChartContainer - [test-hivemq-platform] [hivemq] [161e266f] INFO  - [HiveMQ Platform Operator Init App 1.7.0-SNAPSHOT] Returning shutdown Health API response 503 for readiness
2025-01-29 18:42:07,288 INFO c.h.h.t.HelmChartContainer - [EVENT] Warning [Unhealthy] Readiness probe failed: HTTP probe failed with statuscode: 503 [helmcustomextensionit:test-hivemq-platform-0]
2025-01-29 18:42:07,288 INFO c.h.h.t.HelmChartContainer - Received Unhealthy event for container hivemq in pod test-hivemq-platform-0 [161e266f-e591-4351-a0f3-cea0d067f91b]
2025-01-29 18:42:07,924 INFO c.h.h.t.HelmChartContainer - [test-hivemq-platform] [hivemq] [161e266f] WARN  - [HiveMQ Platform Operator Init App 1.7.0-SNAPSHOT] Could not update Pod annotations: Failure executing: GET at: https://10.43.0.1:443/api/v1/namespaces/helmcustomextensionit/pods/test-hivemq-platform-0. Message: pods "test-hivemq-platform-0" is forbidden: User "system:serviceaccount:helmcustomextensionit:hivemq-platform-pod-test-hivemq-platform" cannot get resource "pods" in API group "" in the namespace "helmcustomextensionit". Received status: Status(apiVersion=v1, code=403, details=StatusDetails(causes=[], group=null, kind=pods, name=test-hivemq-platform-0, retryAfterSeconds=null, uid=null, additionalProperties={}), kind=Status, message=pods "test-hivemq-platform-0" is forbidden: User "system:serviceaccount:helmcustomextensionit:hivemq-platform-pod-test-hivemq-platform" cannot get resource "pods" in API group "" in the namespace "helmcustomextensionit", metadata=ListMeta(_continue=null, remainingItemCount=null, resourceVersion=null, selfLink=null, additionalProperties={}), reason=Forbidden, status=Failure, additionalProperties={}).
2025-01-29 18:42:08,485 INFO c.h.h.t.HelmChartContainer - [test-hivemq-platform] [hivemq] [161e266f] INFO  - Shutting down extension system
2025-01-29 18:42:08,491 INFO c.h.h.t.HelmChartContainer - [test-hivemq-platform] [hivemq] [161e266f] INFO  - Stopping extension with id hivemq-dns-cluster-discovery
2025-01-29 18:42:08,491 INFO c.h.h.t.HelmChartContainer - [test-hivemq-platform] [hivemq] [161e266f] INFO  - Extension "DNS Cluster Discovery Extension" version 4.3.2 stopped successfully.
2025-01-29 18:42:08,492 INFO c.h.h.t.HelmChartContainer - [test-hivemq-platform] [hivemq] [161e266f] INFO  - Stopping extension with id hivemq-custom-test-extension
2025-01-29 18:42:08,492 INFO c.h.h.t.HelmChartContainer - [test-hivemq-platform] [hivemq] [161e266f] INFO  - HiveMQ Custom Test Extension stopped
2025-01-29 18:42:08,492 INFO c.h.h.t.HelmChartContainer - [test-hivemq-platform] [hivemq] [161e266f] INFO  - Extension "HiveMQ Custom Test Extension" version 3.0.0 stopped successfully.
2025-01-29 18:42:08,493 INFO c.h.h.t.HelmChartContainer - [test-hivemq-platform] [hivemq] [161e266f] INFO  - Stopping extension with id hivemq-prometheus-extension
2025-01-29 18:42:08,497 INFO c.h.h.t.HelmChartContainer - [test-hivemq-platform] [hivemq] [161e266f] INFO  - Extension "Prometheus Monitoring Extension" version 4.0.12 stopped successfully.
2025-01-29 18:42:08,497 INFO c.h.h.t.HelmChartContainer - [test-hivemq-platform] [hivemq] [161e266f] INFO  - Stopping extension with id hivemq-allow-all-extension
2025-01-29 18:42:08,498 INFO c.h.h.t.HelmChartContainer - [test-hivemq-platform] [hivemq] [161e266f] INFO  - Extension "Allow All Extension" version 1.1.1 stopped successfully.
2025-01-29 18:42:10,801 INFO c.h.h.t.HelmChartContainer - [test-hivemq-platform] [hivemq] [161e266f] INFO  - Shutdown completed.
2025-01-29 18:42:11,151 INFO c.h.h.t.HelmChartContainer - [test-hivemq-platform] [hivemq] [161e266f] INFO  - [HiveMQ Platform Operator Init App 1.7.0-SNAPSHOT] The HiveMQ Platform exited with code 143
2025-01-29 18:42:11,151 INFO c.h.h.t.HelmChartContainer - [test-hivemq-platform] [hivemq] [161e266f] INFO  - [HiveMQ Platform Operator Init App 1.7.0-SNAPSHOT] Stopping the REST API
2025-01-29 18:42:11,157 INFO c.h.h.t.HelmChartContainer - [test-hivemq-platform] [hivemq] [161e266f] INFO  - [HiveMQ Platform Operator Init App 1.7.0-SNAPSHOT] Shutdown complete
2025-01-29 18:42:11,662 INFO c.h.h.t.HelmChartContainer - [POD] test-hivemq-platform-0 [161e266f-e591-4351-a0f3-cea0d067f91b] in helmcustomextensionit was MODIFIED
2025-01-29 18:42:11,664 INFO c.h.h.t.HelmChartContainer - [K3S] [stateful_set.go:438] "Unhandled Error" err="error syncing StatefulSet helmcustomextensionit/test-hivemq-platform, requeuing: controllerrevisions.apps \"test-hivemq-platform-796ccc778\" is forbidden: unable to create new content in namespace helmcustomextensionit because it is being terminated"
2025-01-29 18:42:11,672 INFO c.h.h.t.HelmChartContainer - [K3S] [stateful_set.go:438] "Unhandled Error" err="error syncing StatefulSet helmcustomextensionit/test-hivemq-platform, requeuing: controllerrevisions.apps \"test-hivemq-platform-796ccc778\" is forbidden: unable to create new content in namespace helmcustomextensionit because it is being terminated"
2025-01-29 18:42:11,686 INFO c.h.h.t.HelmChartContainer - [K3S] [stateful_set.go:438] "Unhandled Error" err="error syncing StatefulSet helmcustomextensionit/test-hivemq-platform, requeuing: controllerrevisions.apps \"test-hivemq-platform-796ccc778\" is forbidden: unable to create new content in namespace helmcustomextensionit because it is being terminated"
2025-01-29 18:42:11,708 INFO c.h.h.t.HelmChartContainer - [K3S] [reconciler_common.go:162] "operationExecutor.UnmountVolume started for volume \"operator-init\" (UniqueName: \"kubernetes.io/empty-dir/161e266f-e591-4351-a0f3-cea0d067f91b-operator-init\") pod \"161e266f-e591-4351-a0f3-cea0d067f91b\" (UID: \"161e266f-e591-4351-a0f3-cea0d067f91b\") "
2025-01-29 18:42:11,708 INFO c.h.h.t.HelmChartContainer - [K3S] [reconciler_common.go:162] "operationExecutor.UnmountVolume started for volume \"broker-configuration\" (UniqueName: \"kubernetes.io/configmap/161e266f-e591-4351-a0f3-cea0d067f91b-broker-configuration\") pod \"161e266f-e591-4351-a0f3-cea0d067f91b\" (UID: \"161e266f-e591-4351-a0f3-cea0d067f91b\") "
2025-01-29 18:42:11,708 INFO c.h.h.t.HelmChartContainer - [K3S] [reconciler_common.go:162] "operationExecutor.UnmountVolume started for volume \"kube-api-access-n9d55\" (UniqueName: \"kubernetes.io/projected/161e266f-e591-4351-a0f3-cea0d067f91b-kube-api-access-n9d55\") pod \"161e266f-e591-4351-a0f3-cea0d067f91b\" (UID: \"161e266f-e591-4351-a0f3-cea0d067f91b\") "
2025-01-29 18:42:11,709 INFO c.h.h.t.HelmChartContainer - [K3S] [reconciler_common.go:162] "operationExecutor.UnmountVolume started for volume \"pod-info\" (UniqueName: \"kubernetes.io/configmap/161e266f-e591-4351-a0f3-cea0d067f91b-pod-info\") pod \"161e266f-e591-4351-a0f3-cea0d067f91b\" (UID: \"161e266f-e591-4351-a0f3-cea0d067f91b\") "
2025-01-29 18:42:11,711 INFO c.h.h.t.HelmChartContainer - [K3S] [stateful_set.go:438] "Unhandled Error" err="error syncing StatefulSet helmcustomextensionit/test-hivemq-platform, requeuing: controllerrevisions.apps \"test-hivemq-platform-796ccc778\" is forbidden: unable to create new content in namespace helmcustomextensionit because it is being terminated"
2025-01-29 18:42:11,738 INFO c.h.h.t.HelmChartContainer - [K3S] [scope.go:117] "RemoveContainer" containerID="8494cdddb098a6b0f74af4e9f83fd5d6bb22ca5f8eac19d57ef9407f9572fa6f"
2025-01-29 18:42:11,756 INFO c.h.h.t.HelmChartContainer - [POD] test-hivemq-platform-0 [161e266f-e591-4351-a0f3-cea0d067f91b] in helmcustomextensionit was MODIFIED
2025-01-29 18:42:11,757 INFO c.h.h.t.HelmChartContainer - [POD] test-hivemq-platform-0 [161e266f-e591-4351-a0f3-cea0d067f91b] in helmcustomextensionit was DELETED
2025-01-29 18:42:11,759 INFO c.h.h.t.HelmChartContainer - [K3S] [stateful_set.go:438] "Unhandled Error" err="error syncing StatefulSet helmcustomextensionit/test-hivemq-platform, requeuing: controllerrevisions.apps \"test-hivemq-platform-796ccc778\" is forbidden: unable to create new content in namespace helmcustomextensionit because it is being terminated"
2025-01-29 18:42:11,768 INFO c.h.h.t.HelmChartContainer - [K3S] [stateful_set.go:438] "Unhandled Error" err="error syncing StatefulSet helmcustomextensionit/test-hivemq-platform, requeuing: controllerrevisions.apps \"test-hivemq-platform-796ccc778\" is forbidden: unable to create new content in namespace helmcustomextensionit because it is being terminated"
2025-01-29 18:42:11,770 INFO c.h.h.t.HelmChartContainer - [K3S] [stateful_set.go:438] "Unhandled Error" err="error syncing StatefulSet helmcustomextensionit/test-hivemq-platform, requeuing: controllerrevisions.apps \"test-hivemq-platform-796ccc778\" is forbidden: unable to create new content in namespace helmcustomextensionit because it is being terminated"
2025-01-29 18:42:11,786 INFO c.h.h.t.HelmChartContainer - [K3S] [stateful_set.go:466] "StatefulSet has been deleted" key="helmcustomextensionit/test-hivemq-platform"
2025-01-29 18:42:11,808 INFO c.h.h.t.HelmChartContainer - [K3S] [reconciler_common.go:299] "Volume detached for volume \"operator-init\" (UniqueName: \"kubernetes.io/empty-dir/161e266f-e591-4351-a0f3-cea0d067f91b-operator-init\") on node \"90e6ebb001dc\" DevicePath \"\""
2025-01-29 18:42:11,809 INFO c.h.h.t.HelmChartContainer - [K3S] [reconciler_common.go:299] "Volume detached for volume \"broker-configuration\" (UniqueName: \"kubernetes.io/configmap/161e266f-e591-4351-a0f3-cea0d067f91b-broker-configuration\") on node \"90e6ebb001dc\" DevicePath \"\""
2025-01-29 18:42:11,809 INFO c.h.h.t.HelmChartContainer - [K3S] [reconciler_common.go:299] "Volume detached for volume \"kube-api-access-n9d55\" (UniqueName: \"kubernetes.io/projected/161e266f-e591-4351-a0f3-cea0d067f91b-kube-api-access-n9d55\") on node \"90e6ebb001dc\" DevicePath \"\""
2025-01-29 18:42:11,809 INFO c.h.h.t.HelmChartContainer - [K3S] [reconciler_common.go:299] "Volume detached for volume \"pod-info\" (UniqueName: \"kubernetes.io/configmap/161e266f-e591-4351-a0f3-cea0d067f91b-pod-info\") on node \"90e6ebb001dc\" DevicePath \"\""
2025-01-29 18:42:11,833 INFO c.h.h.t.HelmChartContainer - [K3S] [replica_set.go:679] "Finished syncing" kind="ReplicaSet" key="helmcustomextensionit/nginx-59d47cbdc8" duration="5.26µs"
2025-01-29 18:42:11,842 INFO c.h.h.t.HelmChartContainer - [K3S] [stateful_set.go:466] "StatefulSet has been deleted" key="helmcustomextensionit/test-hivemq-platform"
2025-01-29 18:42:11,844 INFO c.h.h.t.HelmChartContainer - [POD] nginx-59d47cbdc8-4r8wq [f4ff3559-4379-4113-a954-b3a977b43bcd] in helmcustomextensionit was MODIFIED
2025-01-29 18:42:11,853 INFO c.h.h.t.HelmChartContainer - [nginx-59d47cbdc8-4r8] [nginx] [f4ff3559] 2025/01/29 18:42:11 [notice] 1#1: signal 3 (SIGQUIT) received, shutting down
2025-01-29 18:42:11,854 INFO c.h.h.t.HelmChartContainer - [nginx-59d47cbdc8-4r8] [nginx] [f4ff3559] 2025/01/29 18:42:11 [notice] 23#23: gracefully shutting down
2025-01-29 18:42:11,854 INFO c.h.h.t.HelmChartContainer - [nginx-59d47cbdc8-4r8] [nginx] [f4ff3559] 2025/01/29 18:42:11 [notice] 24#24: gracefully shutting down
2025-01-29 18:42:11,854 INFO c.h.h.t.HelmChartContainer - [nginx-59d47cbdc8-4r8] [nginx] [f4ff3559] 2025/01/29 18:42:11 [notice] 23#23: exiting
2025-01-29 18:42:11,854 INFO c.h.h.t.HelmChartContainer - [nginx-59d47cbdc8-4r8] [nginx] [f4ff3559] 2025/01/29 18:42:11 [notice] 24#24: exiting
2025-01-29 18:42:11,854 INFO c.h.h.t.HelmChartContainer - [nginx-59d47cbdc8-4r8] [nginx] [f4ff3559] 2025/01/29 18:42:11 [notice] 23#23: exit
2025-01-29 18:42:11,854 INFO c.h.h.t.HelmChartContainer - [nginx-59d47cbdc8-4r8] [nginx] [f4ff3559] 2025/01/29 18:42:11 [notice] 22#22: gracefully shutting down
2025-01-29 18:42:11,854 INFO c.h.h.t.HelmChartContainer - [nginx-59d47cbdc8-4r8] [nginx] [f4ff3559] 2025/01/29 18:42:11 [notice] 22#22: exiting
2025-01-29 18:42:11,855 INFO c.h.h.t.HelmChartContainer - [nginx-59d47cbdc8-4r8] [nginx] [f4ff3559] 2025/01/29 18:42:11 [notice] 24#24: exit
2025-01-29 18:42:11,855 INFO c.h.h.t.HelmChartContainer - [nginx-59d47cbdc8-4r8] [nginx] [f4ff3559] 2025/01/29 18:42:11 [notice] 22#22: exit
2025-01-29 18:42:11,855 INFO c.h.h.t.HelmChartContainer - [nginx-59d47cbdc8-4r8] [nginx] [f4ff3559] 2025/01/29 18:42:11 [notice] 25#25: gracefully shutting down
2025-01-29 18:42:11,855 INFO c.h.h.t.HelmChartContainer - [nginx-59d47cbdc8-4r8] [nginx] [f4ff3559] 2025/01/29 18:42:11 [notice] 25#25: exiting
2025-01-29 18:42:11,855 INFO c.h.h.t.HelmChartContainer - [nginx-59d47cbdc8-4r8] [nginx] [f4ff3559] 2025/01/29 18:42:11 [notice] 25#25: exit
2025-01-29 18:42:11,869 INFO c.h.h.t.HelmChartContainer - [nginx-59d47cbdc8-4r8] [nginx] [f4ff3559] 2025/01/29 18:42:11 [notice] 1#1: signal 17 (SIGCHLD) received from 25
2025-01-29 18:42:11,870 INFO c.h.h.t.HelmChartContainer - [nginx-59d47cbdc8-4r8] [nginx] [f4ff3559] 2025/01/29 18:42:11 [notice] 1#1: worker process 22 exited with code 0
2025-01-29 18:42:11,870 INFO c.h.h.t.HelmChartContainer - [nginx-59d47cbdc8-4r8] [nginx] [f4ff3559] 2025/01/29 18:42:11 [notice] 1#1: worker process 23 exited with code 0
2025-01-29 18:42:11,870 INFO c.h.h.t.HelmChartContainer - [nginx-59d47cbdc8-4r8] [nginx] [f4ff3559] 2025/01/29 18:42:11 [notice] 1#1: worker process 25 exited with code 0
2025-01-29 18:42:11,870 INFO c.h.h.t.HelmChartContainer - [nginx-59d47cbdc8-4r8] [nginx] [f4ff3559] 2025/01/29 18:42:11 [notice] 1#1: signal 29 (SIGIO) received
2025-01-29 18:42:11,870 INFO c.h.h.t.HelmChartContainer - [nginx-59d47cbdc8-4r8] [nginx] [f4ff3559] 2025/01/29 18:42:11 [notice] 1#1: signal 17 (SIGCHLD) received from 24
2025-01-29 18:42:11,870 INFO c.h.h.t.HelmChartContainer - [nginx-59d47cbdc8-4r8] [nginx] [f4ff3559] 2025/01/29 18:42:11 [notice] 1#1: worker process 24 exited with code 0
2025-01-29 18:42:11,870 INFO c.h.h.t.HelmChartContainer - [nginx-59d47cbdc8-4r8] [nginx] [f4ff3559] 2025/01/29 18:42:11 [notice] 1#1: exit
2025-01-29 18:42:11,873 INFO c.h.h.t.HelmChartContainer - [K3S] [scope.go:117] "RemoveContainer" containerID="b2a8ee913c5c5c44997ef2b8f62eb03cc9087a37a701bb8a296860d2275207ba"
2025-01-29 18:42:11,877 INFO c.h.h.t.HelmChartContainer - [K3S] [scope.go:117] "RemoveContainer" containerID="8494cdddb098a6b0f74af4e9f83fd5d6bb22ca5f8eac19d57ef9407f9572fa6f"
2025-01-29 18:42:11,877 INFO c.h.h.t.HelmChartContainer - [K3S] [scope.go:117] "RemoveContainer" containerID="b2a8ee913c5c5c44997ef2b8f62eb03cc9087a37a701bb8a296860d2275207ba"
2025-01-29 18:42:11,979 INFO c.h.h.t.HelmChartContainer - [POD] nginx-59d47cbdc8-4r8wq [f4ff3559-4379-4113-a954-b3a977b43bcd] in helmcustomextensionit was MODIFIED
2025-01-29 18:42:12,009 INFO c.h.h.t.HelmChartContainer - [K3S] [reconciler_common.go:162] "operationExecutor.UnmountVolume started for volume \"volume-hivemq-custom-test-extension-300\" (UniqueName: \"kubernetes.io/host-path/f4ff3559-4379-4113-a954-b3a977b43bcd-volume-hivemq-custom-test-extension-300\") pod \"f4ff3559-4379-4113-a954-b3a977b43bcd\" (UID: \"f4ff3559-4379-4113-a954-b3a977b43bcd\") "
2025-01-29 18:42:12,010 INFO c.h.h.t.HelmChartContainer - [K3S] [reconciler_common.go:162] "operationExecutor.UnmountVolume started for volume \"nginx-certificates\" (UniqueName: \"kubernetes.io/secret/f4ff3559-4379-4113-a954-b3a977b43bcd-nginx-certificates\") pod \"f4ff3559-4379-4113-a954-b3a977b43bcd\" (UID: \"f4ff3559-4379-4113-a954-b3a977b43bcd\") "
2025-01-29 18:42:12,010 INFO c.h.h.t.HelmChartContainer - [K3S] [reconciler_common.go:162] "operationExecutor.UnmountVolume started for volume \"kube-api-access-qcvqw\" (UniqueName: \"kubernetes.io/projected/f4ff3559-4379-4113-a954-b3a977b43bcd-kube-api-access-qcvqw\") pod \"f4ff3559-4379-4113-a954-b3a977b43bcd\" (UID: \"f4ff3559-4379-4113-a954-b3a977b43bcd\") "
2025-01-29 18:42:12,010 INFO c.h.h.t.HelmChartContainer - [K3S] [reconciler_common.go:162] "operationExecutor.UnmountVolume started for volume \"nginx-https-conf\" (UniqueName: \"kubernetes.io/host-path/f4ff3559-4379-4113-a954-b3a977b43bcd-nginx-https-conf\") pod \"f4ff3559-4379-4113-a954-b3a977b43bcd\" (UID: \"f4ff3559-4379-4113-a954-b3a977b43bcd\") "
2025-01-29 18:42:12,110 INFO c.h.h.t.HelmChartContainer - [K3S] [reconciler_common.go:299] "Volume detached for volume \"volume-hivemq-custom-test-extension-300\" (UniqueName: \"kubernetes.io/host-path/f4ff3559-4379-4113-a954-b3a977b43bcd-volume-hivemq-custom-test-extension-300\") on node \"90e6ebb001dc\" DevicePath \"\""
2025-01-29 18:42:12,110 INFO c.h.h.t.HelmChartContainer - [K3S] [reconciler_common.go:299] "Volume detached for volume \"nginx-certificates\" (UniqueName: \"kubernetes.io/secret/f4ff3559-4379-4113-a954-b3a977b43bcd-nginx-certificates\") on node \"90e6ebb001dc\" DevicePath \"\""
2025-01-29 18:42:12,110 INFO c.h.h.t.HelmChartContainer - [K3S] [reconciler_common.go:299] "Volume detached for volume \"kube-api-access-qcvqw\" (UniqueName: \"kubernetes.io/projected/f4ff3559-4379-4113-a954-b3a977b43bcd-kube-api-access-qcvqw\") on node \"90e6ebb001dc\" DevicePath \"\""
2025-01-29 18:42:12,110 INFO c.h.h.t.HelmChartContainer - [K3S] [reconciler_common.go:299] "Volume detached for volume \"nginx-https-conf\" (UniqueName: \"kubernetes.io/host-path/f4ff3559-4379-4113-a954-b3a977b43bcd-nginx-https-conf\") on node \"90e6ebb001dc\" DevicePath \"\""
2025-01-29 18:42:12,123 INFO c.h.h.t.HelmChartContainer - [K3S] [namespace_controller.go:164] "Unhandled Error" err="deletion of namespace helmcustomextensionit failed: unexpected items still remain in namespace: helmcustomextensionit for gvr: /v1, Resource=pods"
2025-01-29 18:42:12,298 INFO c.h.h.t.HelmChartContainer - [K3S] [namespace_controller.go:164] "Unhandled Error" err="deletion of namespace helmcustomextensionit failed: unexpected items still remain in namespace: helmcustomextensionit for gvr: /v1, Resource=pods"
2025-01-29 18:42:12,397 INFO c.h.h.t.HelmChartContainer - [K3S] [namespace_controller.go:164] "Unhandled Error" err="deletion of namespace helmcustomextensionit failed: unexpected items still remain in namespace: helmcustomextensionit for gvr: /v1, Resource=pods"
2025-01-29 18:42:12,506 INFO c.h.h.t.HelmChartContainer - [K3S] [namespace_controller.go:164] "Unhandled Error" err="deletion of namespace helmcustomextensionit failed: unexpected items still remain in namespace: helmcustomextensionit for gvr: /v1, Resource=pods"
2025-01-29 18:42:12,635 INFO c.h.h.t.HelmChartContainer - [K3S] [namespace_controller.go:164] "Unhandled Error" err="deletion of namespace helmcustomextensionit failed: unexpected items still remain in namespace: helmcustomextensionit for gvr: /v1, Resource=pods"
2025-01-29 18:42:12,742 INFO c.h.h.t.HelmChartContainer - [K3S] [scope.go:117] "RemoveContainer" containerID="acce4986baf4f86fbc9e2ef190c25518e09987252c1d645dc9aa0a5f303cbb8c"
2025-01-29 18:42:12,744 INFO c.h.h.t.HelmChartContainer - Stopped log watcher for nginx in pod nginx-59d47cbdc8-4r8wq [f4ff3559-4379-4113-a954-b3a977b43bcd]
2025-01-29 18:42:12,747 INFO c.h.h.t.HelmChartContainer - [K3S] [scope.go:117] "RemoveContainer" containerID="acce4986baf4f86fbc9e2ef190c25518e09987252c1d645dc9aa0a5f303cbb8c"
2025-01-29 18:42:12,754 INFO c.h.h.t.HelmChartContainer - [POD] nginx-59d47cbdc8-4r8wq [f4ff3559-4379-4113-a954-b3a977b43bcd] in helmcustomextensionit was MODIFIED
2025-01-29 18:42:12,758 INFO c.h.h.t.HelmChartContainer - [POD] nginx-59d47cbdc8-4r8wq [f4ff3559-4379-4113-a954-b3a977b43bcd] in helmcustomextensionit was DELETED
2025-01-29 18:42:13,017 INFO c.h.h.t.HelmChartContainer - Namespace 'helmcustomextensionit' deleted
2025-01-29 18:42:13,017 INFO c.h.h.t.HelmChartContainer - Release 'test-hivemq-platform' in namespace 'helmcustomextensionit' is uninstalled
2025-01-29 18:42:13,017 INFO c.h.h.t.HelmChartContainer - Uninstalling release 'test-hivemq-platform-operator' in namespace 'helmcustomextensionit-operator'...
2025-01-29 18:42:13,017 DEBUG c.h.h.t.HelmChartContainer - Executing helm command: /bin/helm --kubeconfig /etc/rancher/k3s/k3s.yaml uninstall test-hivemq-platform-operator  --wait --timeout 5m0s --cascade foreground --namespace helmcustomextensionit-operator
2025-01-29 18:42:13,188 INFO c.h.h.t.HelmChartContainer - [K3S] [replica_set.go:679] "Finished syncing" kind="ReplicaSet" key="helmcustomextensionit-operator/hivemq-test-hivemq-platform-operator-6966f96d65" duration="12.028466ms"
2025-01-29 18:42:13,188 INFO c.h.h.t.HelmChartContainer - [K3S] [replica_set.go:679] "Finished syncing" kind="ReplicaSet" key="helmcustomextensionit-operator/hivemq-test-hivemq-platform-operator-6966f96d65" duration="54.993µs"
2025-01-29 18:42:13,201 INFO c.h.h.t.HelmChartContainer - [EVENT] Normal [Killing] Stopping container hivemq-platform-operator [helmcustomextensionit-operator:hivemq-test-hivemq-platform-operator-6966f96d65-8b5ft]
2025-01-29 18:42:13,201 INFO c.h.h.t.HelmChartContainer - Received Killing event for container hivemq-platform-operator in pod hivemq-test-hivemq-platform-operator-6966f96d65-8b5ft [75347323-ced0-4e55-a0d4-b12b65dc5c87]
2025-01-29 18:42:13,201 INFO c.h.h.t.HelmChartContainer - Container [hivemq-test-hivemq-platform-operator-6966f96d65-8b5ft] [hivemq-platform-operator] [75347323-ced0-4e55-a0d4-b12b65dc5c87] was terminated
2025-01-29 18:42:13,201 INFO c.h.h.t.HelmChartContainer - Stopped log watcher for hivemq-platform-operator in pod hivemq-test-hivemq-platform-operator-6966f96d65-8b5ft [75347323-ced0-4e55-a0d4-b12b65dc5c87]
2025-01-29 18:42:13,203 INFO c.h.h.t.HelmChartContainer - [POD] hivemq-test-hivemq-platform-operator-6966f96d65-8b5ft [75347323-ced0-4e55-a0d4-b12b65dc5c87] in helmcustomextensionit-operator was MODIFIED
2025-01-29 18:42:13,210 INFO c.h.h.t.HelmChartContainer - [K3S] [replica_set.go:679] "Finished syncing" kind="ReplicaSet" key="helmcustomextensionit-operator/hivemq-test-hivemq-platform-operator-6966f96d65" duration="7.438085ms"
2025-01-29 18:42:13,210 INFO c.h.h.t.HelmChartContainer - [K3S] [replica_set.go:679] "Finished syncing" kind="ReplicaSet" key="helmcustomextensionit-operator/hivemq-test-hivemq-platform-operator-6966f96d65" duration="32.861µs"
2025-01-29 18:42:13,213 INFO c.h.h.t.HelmChartContainer - [hivemq-test-hivemq-platform] [hivemq-platform-operator] [75347323] 18:42:13.208 [application-shutdown-thread] INFO  c.h.p.o.HiveMQPlatformOperatorApplication - HiveMQ Platform Operator is stopping...
2025-01-29 18:42:13,213 INFO c.h.h.t.HelmChartContainer - [hivemq-test-hivemq-platform] [hivemq-platform-operator] [75347323] 18:42:13.208 [application-shutdown-thread] INFO  i.javaoperatorsdk.operator.Operator - Operator SDK 4.9.7 is shutting down...
2025-01-29 18:42:13,215 INFO c.h.h.t.HelmChartContainer - [K3S] [kubelet_volumes.go:163] "Cleaned up orphaned pod volumes dir" podUID="161e266f-e591-4351-a0f3-cea0d067f91b" path="/var/lib/kubelet/pods/161e266f-e591-4351-a0f3-cea0d067f91b/volumes"
2025-01-29 18:42:13,216 INFO c.h.h.t.HelmChartContainer - [K3S] [kubelet_volumes.go:163] "Cleaned up orphaned pod volumes dir" podUID="f4ff3559-4379-4113-a954-b3a977b43bcd" path="/var/lib/kubelet/pods/f4ff3559-4379-4113-a954-b3a977b43bcd/volumes"
2025-01-29 18:42:13,743 INFO c.h.h.t.HelmChartContainer - [K3S] [pod_container_deletor.go:80] "Container not found in pod's containers" containerID="ff734e05e09f34f3ebd3468c4b253709cec417ac80314ef542a956c63e3c2942"
2025-01-29 18:42:13,774 INFO c.h.h.t.HelmChartContainer - [K3S] [replica_set.go:679] "Finished syncing" kind="ReplicaSet" key="helmcustomextensionit-operator/hivemq-test-hivemq-platform-operator-6966f96d65" duration="42.209µs"
2025-01-29 18:42:13,775 INFO c.h.h.t.HelmChartContainer - [POD] hivemq-test-hivemq-platform-operator-6966f96d65-8b5ft [75347323-ced0-4e55-a0d4-b12b65dc5c87] in helmcustomextensionit-operator was MODIFIED
2025-01-29 18:42:13,818 INFO c.h.h.t.HelmChartContainer - [K3S] [reconciler_common.go:162] "operationExecutor.UnmountVolume started for volume \"kube-api-access-bw2q2\" (UniqueName: \"kubernetes.io/projected/75347323-ced0-4e55-a0d4-b12b65dc5c87-kube-api-access-bw2q2\") pod \"75347323-ced0-4e55-a0d4-b12b65dc5c87\" (UID: \"75347323-ced0-4e55-a0d4-b12b65dc5c87\") "
2025-01-29 18:42:13,918 INFO c.h.h.t.HelmChartContainer - [K3S] [reconciler_common.go:299] "Volume detached for volume \"kube-api-access-bw2q2\" (UniqueName: \"kubernetes.io/projected/75347323-ced0-4e55-a0d4-b12b65dc5c87-kube-api-access-bw2q2\") on node \"90e6ebb001dc\" DevicePath \"\""
2025-01-29 18:42:14,757 INFO c.h.h.t.HelmChartContainer - [K3S] [replica_set.go:679] "Finished syncing" kind="ReplicaSet" key="helmcustomextensionit-operator/hivemq-test-hivemq-platform-operator-6966f96d65" duration="44.563µs"
2025-01-29 18:42:14,757 INFO c.h.h.t.HelmChartContainer - [POD] hivemq-test-hivemq-platform-operator-6966f96d65-8b5ft [75347323-ced0-4e55-a0d4-b12b65dc5c87] in helmcustomextensionit-operator was MODIFIED
2025-01-29 18:42:14,760 INFO c.h.h.t.HelmChartContainer - [K3S] [replica_set.go:679] "Finished syncing" kind="ReplicaSet" key="helmcustomextensionit-operator/hivemq-test-hivemq-platform-operator-6966f96d65" duration="35.717µs"
2025-01-29 18:42:14,760 INFO c.h.h.t.HelmChartContainer - [POD] hivemq-test-hivemq-platform-operator-6966f96d65-8b5ft [75347323-ced0-4e55-a0d4-b12b65dc5c87] in helmcustomextensionit-operator was DELETED
2025-01-29 18:42:14,768 INFO c.h.h.t.HelmChartContainer - [K3S] [replica_set.go:679] "Finished syncing" kind="ReplicaSet" key="helmcustomextensionit-operator/hivemq-test-hivemq-platform-operator-6966f96d65" duration="5.3µs"
2025-01-29 18:42:15,213 INFO c.h.h.t.HelmChartContainer - [K3S] [kubelet_volumes.go:163] "Cleaned up orphaned pod volumes dir" podUID="75347323-ced0-4e55-a0d4-b12b65dc5c87" path="/var/lib/kubelet/pods/75347323-ced0-4e55-a0d4-b12b65dc5c87/volumes"
2025-01-29 18:42:15,224 INFO c.h.h.t.HelmChartContainer - Deleting namespace 'helmcustomextensionit-operator'...
2025-01-29 18:42:17,914 INFO c.h.h.t.HelmChartContainer - [K3S] [namespace_controller.go:187] "Namespace has been deleted" namespace="helmcustomextensionit"
2025-01-29 18:42:20,441 INFO c.h.h.t.HelmChartContainer - Namespace 'helmcustomextensionit-operator' deleted
2025-01-29 18:42:20,441 INFO c.h.h.t.HelmChartContainer - Release 'test-hivemq-platform-operator' in namespace 'helmcustomextensionit-operator' is uninstalled
2025-01-29 18:42:21,351 INFO c.h.helmcharts.AbstractHelmChartIT - Removed unused containers:

2025-01-29 18:42:25,356 INFO c.h.h.t.HelmChartContainer - [K3S] [namespace_controller.go:187] "Namespace has been deleted" namespace="helmcustomextensionit-operator"
2025-01-29 18:42:30,387 INFO c.h.helmcharts.AbstractHelmChartIT - Removed unused snapshots:
Removing snapshot sha256:03af251906410714c5aef9fa705b63f6bbc39c4a5e787de7361eeb18886c2ed2
Removing snapshot sha256:0c46b3b43cce082ce5ec34ffc6c294e0417d17b9d1e6f366d114b6aadc4f96dc
Removing snapshot sha256:0ce761beee59082d6ed5bcebd3a805b8ddd9b3426b617e4809e7fb7c6587ffec
Removing snapshot sha256:0df91287303208332c8ff6ba40ae4710105201739addbfbddfb955f1ad593664
Removing snapshot sha256:1021ef88c7974bfff89c5a0ec4fd3160daac6c48a075f74cff721f85dd104e68
Removing snapshot sha256:10aba4953ddc18145dd38e3704709bc464aa20af60b56fe52caaff4b68411e62
Removing snapshot sha256:2573e0d8158209ed54ab25c87bcdcb00bd3d2539246960a3d592a1c599d70465
Removing snapshot sha256:362a8a37f8bbc31925a8146adcf7cf51f9882f5c1dcbef67c5baa03a297543c0
Removing snapshot sha256:3fa4ad33f0ddc8fd45b39b6b4640f82a3a83619606cd975bfe89d8710ad2d4cd
Removing snapshot sha256:43a7c979bbaba6838bc3102d6b10a1459f3ab050b87ccdfef84ef90cf43d3058
Removing snapshot sha256:4ab04491cdf0d3267f08206fe30bd48f49f94b9cab2f016d6739220f722a64af
Removing snapshot sha256:4b6068250e89c96f263060261819c7d912855bfbd64b3eb4c4a8483299b8c295
Removing snapshot sha256:580e69a0a8034ede1921139bbd2bfb72a69ebf276d008281896c32dd8bf74775
Removing snapshot sha256:5d30ba46b27fe37484567ccc5242cadc78217b8da605f3f195ef25cbf7487904
Removing snapshot sha256:5ec183755d09a0a54d0f83e5a705f28f1606fe75660c13148fe125e4f12af39f
Removing snapshot sha256:63ca1fbb43ae5034640e5e6cb3e083e05c290072c5366fcaa9d62435a4cced85
Removing snapshot sha256:67f702c6baae873bceb19487c8b1f27bd2b86077e4f2f0e480e6d60ab508b8f5
Removing snapshot sha256:6864348dd42806d552efdec384f1274be15e2d0c10ce44c1f04347af004c10a9
Removing snapshot sha256:6c7dee8f2c39b84b7dc2711c01d33de93514d9055499173e9290176fbe484b6c
Removing snapshot sha256:82753493a6d61ded36556292f02f31841a14c20d2f279f19eaad65afb661d5cd
Removing snapshot sha256:8a10d3db42c505ee0fcfa98417bdd7e39b304f6bcc0a06bb1b220797ff2cc63c
Removing snapshot sha256:8ad081ee0d46efdea0492cd0bb527c50a8891276fd408ec1269522ac9d6d5580
Removing snapshot sha256:a0904247e36a7726c03c71ee48f3e64462021c88dafeb13f37fdaf613b27f11c
Removing snapshot sha256:a21e5b12dbac529ad45d976eb9ce45c881f3bedcc500fb30aba1e52aa1813418
Removing snapshot sha256:a8d62a6e94dbe8920ecfafa3b3aff0ef70aa26ca929f90b110db998eec09bab5
Removing snapshot sha256:ad858b4eee2d8f479065d1b8c650e13c815e75b2e4503c05a67cdc8880b0975a
Removing snapshot sha256:b921e6c28969094157f9b8e7244677780319637afd14450b7cb6b2fdea558a0c
Removing snapshot sha256:bc27ecb5769a00e309cf99ebc763c4a4b958b618d1decc96ffac5bc05f02f5b7
Removing snapshot sha256:be3ccb6627a5332e309d45ef461d09b4879dd870c7394d89323d0ebc6ca6aa8a
Removing snapshot sha256:c261f7cbbc64211ee175ee47273acdb7b1a36a4450b397a064a8f2c026490095
Removing snapshot sha256:c2dc9a1fdba12ebc920a674c633b509b0268e82812043dcb3a411769febefe68
Removing snapshot sha256:c34d9393647eea0c9e3557ab988efaf59f61d10a2a5613b439ef0958cca5ec10
Removing snapshot sha256:ccf3c4a0fa967a41c1c83497a2ce6fa5787965859df0adb32c4ca2cf7490bc2b
Removing snapshot sha256:cf92d33f869417309692088c341cd0f223c178ea78a125f757317b22aa8f90e9
Removing snapshot sha256:d0037344cf2fb078884f1849f6a1f8cf9a33a3b6139b6a85833e5ee528e1f9a8
Removing snapshot sha256:d3b36d5b79273b1e98e7700470eaeff05a882e777124d84cebcc1505b85ecb36
Removing snapshot sha256:d65a44a37914602d12c611e5e22a50f11451d847e63015cc1c2aef92dee777a4
Removing snapshot sha256:e2dc0bae2455930f23ae570e019b7f32edc75c0f2d71cab084db837ff9051796
Removing snapshot sha256:e31519795c7e3df686c447a21ec8d2eb301388a5e39ccf7f20a25c6f6ce3a522
Removing snapshot sha256:e4a0e586ffee6cc3309b4eb1f23f1e90533c6306412e5c092a6bb0de21110494
Removing snapshot sha256:e9e86ed11d9bebc0707dd6f1166c51237ebb44f98657241f943261b2675a5449
Removing snapshot sha256:eccbd24a99c60cd9e86ee5305dbfc4a4dc89f5ab4fb1f06c8d64797cecedef34
Removing snapshot sha256:edd1404c718ab99ca3456bdf222065033800bb67d4334a9642746685a24394cd
Removing snapshot sha256:f144bb4c7c7f0d2aa7eeffd36d934ec40db1ee167be727e326aad9fdc616f475

]]></system-out>
  </testcase>
  <system-out><![CDATA[2025-01-29 18:36:19,082 INFO c.h.h.t.HelmChartContainerExtension - Using cached HelmChartContainer instance
2025-01-29 18:36:19,087 INFO c.h.h.t.HelmChartContainerExtension - Creating cached HelmChartContainer instance
2025-01-29 18:36:19,104 INFO o.testcontainers.DockerClientFactory - Testcontainers version: 1.20.4
2025-01-29 18:36:19,492 INFO o.t.d.DockerClientProviderStrategy - Found Docker environment with local Unix socket (unix:///var/run/docker.sock)
2025-01-29 18:36:19,499 INFO o.testcontainers.DockerClientFactory - Docker host IP address is localhost
2025-01-29 18:36:19,519 INFO o.testcontainers.DockerClientFactory - Connected to docker: 
  Server Version: 26.1.3
  API Version: 1.45
  Operating System: Ubuntu 24.04.1 LTS
  Total Memory: 15990 MB
2025-01-29 18:36:19,532 INFO o.testcontainers.images.PullPolicy - Image pull policy will be performed by: DefaultPullPolicy()
2025-01-29 18:36:19,537 INFO o.t.utility.ImageNameSubstitutor - Image name substitution will be performed by: DefaultImageNameSubstitutor (composite of 'ConfigurationFileImageNameSubstitutor' and 'PrefixingImageNameSubstitutor')
2025-01-29 18:36:19,575 INFO tc.testcontainers/ryuk:0.11.0 - Pulling docker image: testcontainers/ryuk:0.11.0. Please be patient; this may take some time but only needs to be done once.
2025-01-29 18:36:20,012 INFO tc.testcontainers/ryuk:0.11.0 - Starting to pull image
2025-01-29 18:36:20,027 INFO tc.testcontainers/ryuk:0.11.0 - Pulling image layers:  0 pending,  0 downloaded,  0 extracted, (0 bytes/0 bytes)
2025-01-29 18:36:20,224 INFO tc.testcontainers/ryuk:0.11.0 - Pulling image layers:  2 pending,  1 downloaded,  0 extracted, (843 KB/? MB)
2025-01-29 18:36:20,281 INFO tc.testcontainers/ryuk:0.11.0 - Pulling image layers:  1 pending,  2 downloaded,  0 extracted, (879 KB/? MB)
2025-01-29 18:36:20,325 INFO tc.testcontainers/ryuk:0.11.0 - Pulling image layers:  0 pending,  3 downloaded,  0 extracted, (7 MB/10 MB)
2025-01-29 18:36:20,383 INFO tc.testcontainers/ryuk:0.11.0 - Pulling image layers:  0 pending,  3 downloaded,  1 extracted, (10 MB/10 MB)
2025-01-29 18:36:20,535 INFO tc.testcontainers/ryuk:0.11.0 - Pulling image layers:  0 pending,  3 downloaded,  2 extracted, (10 MB/10 MB)
2025-01-29 18:36:20,580 INFO tc.testcontainers/ryuk:0.11.0 - Pulling image layers:  0 pending,  3 downloaded,  3 extracted, (10 MB/10 MB)
2025-01-29 18:36:20,586 INFO tc.testcontainers/ryuk:0.11.0 - Image testcontainers/ryuk:0.11.0 pull took PT1.01044445S
2025-01-29 18:36:20,606 INFO tc.testcontainers/ryuk:0.11.0 - Creating container for image: testcontainers/ryuk:0.11.0
2025-01-29 18:36:20,671 INFO tc.testcontainers/ryuk:0.11.0 - Container testcontainers/ryuk:0.11.0 is starting: 61116100a0dda63bdedf6d55940536fba6231aad6aa8c935d2a3443cdda24662
2025-01-29 18:36:20,926 INFO tc.testcontainers/ryuk:0.11.0 - Container testcontainers/ryuk:0.11.0 started in PT0.31997114S
2025-01-29 18:36:20,930 INFO o.t.utility.RyukResourceReaper - Ryuk started - will monitor and terminate Testcontainers containers on JVM exit
2025-01-29 18:36:20,930 INFO o.testcontainers.DockerClientFactory - Checking the system...
2025-01-29 18:36:20,931 INFO o.testcontainers.DockerClientFactory - ✔︎ Docker server version should be at least 1.6.0
2025-01-29 18:36:21,006 INFO o.t.i.builder.ImageFromDockerfile - Pre-emptively checking local images for 'ubuntu:noble-20241118.1@sha256:80dd3c3b9c6cecb9f1667e9290b3bc61b78c2678c02cbdae5f0fea92cc6734ab', referenced via a Dockerfile. If not available, it will be pulled.
2025-01-29 18:36:21,009 INFO t.u.1@sha256:80dd3c... - Pulling docker image: ubuntu:noble-20241118.1@sha256:80dd3c3b9c6cecb9f1667e9290b3bc61b78c2678c02cbdae5f0fea92cc6734ab. Please be patient; this may take some time but only needs to be done once.
2025-01-29 18:36:21,271 INFO t.u.1@sha256:80dd3c... - Starting to pull image
2025-01-29 18:36:21,272 INFO t.u.1@sha256:80dd3c... - Pulling image layers:  0 pending,  0 downloaded,  0 extracted, (0 bytes/0 bytes)
2025-01-29 18:36:21,908 INFO t.u.1@sha256:80dd3c... - Pulling image layers:  0 pending,  1 downloaded,  0 extracted, (22 MB/28 MB)
2025-01-29 18:36:22,839 INFO t.u.1@sha256:80dd3c... - Pulling image layers:  0 pending,  1 downloaded,  1 extracted, (28 MB/28 MB)
2025-01-29 18:36:22,844 INFO t.u.1@sha256:80dd3c... - Pull complete. 1 layers, pulled in 1s (downloaded 28 MB at 28 MB/s)
2025-01-29 18:36:22,844 INFO t.u.1@sha256:80dd3c... - Image ubuntu:noble-20241118.1@sha256:80dd3c3b9c6cecb9f1667e9290b3bc61b78c2678c02cbdae5f0fea92cc6734ab pull took PT1.835233056S
2025-01-29 18:36:22,847 INFO o.t.i.builder.ImageFromDockerfile - Pre-emptively checking local images for 'rancher/k3s:v1.32.1-k3s1', referenced via a Dockerfile. If not available, it will be pulled.
2025-01-29 18:36:22,848 INFO tc.rancher/k3s:v1.32.1-k3s1 - Pulling docker image: rancher/k3s:v1.32.1-k3s1. Please be patient; this may take some time but only needs to be done once.
2025-01-29 18:36:23,190 INFO tc.rancher/k3s:v1.32.1-k3s1 - Starting to pull image
2025-01-29 18:36:23,191 INFO tc.rancher/k3s:v1.32.1-k3s1 - Pulling image layers:  0 pending,  0 downloaded,  0 extracted, (0 bytes/0 bytes)
2025-01-29 18:36:24,895 INFO tc.rancher/k3s:v1.32.1-k3s1 - Pulling image layers:  0 pending,  1 downloaded,  0 extracted, (66 MB/71 MB)
2025-01-29 18:36:25,951 INFO tc.rancher/k3s:v1.32.1-k3s1 - Pulling image layers:  0 pending,  1 downloaded,  1 extracted, (71 MB/71 MB)
2025-01-29 18:36:25,956 INFO tc.rancher/k3s:v1.32.1-k3s1 - Image rancher/k3s:v1.32.1-k3s1 pull took PT3.107645601S
2025-01-29 18:36:25,956 INFO tc.rancher/k3s:v1.32.1-k3s1 - Pull complete. 1 layers, pulled in 2s (downloaded 71 MB at 35 MB/s)
2025-01-29 18:36:25,963 INFO o.t.i.builder.ImageFromDockerfile - Transferred 0 bytes to Docker daemon
2025-01-29 18:36:40,021 INFO c.h.h.t.HelmChartContainer - Starting HelmChartContainer...
2025-01-29 18:36:40,024 INFO t.localhost/testcontainers/m8vihndh3pah6njs:latest - Creating container for image: localhost/testcontainers/m8vihndh3pah6njs:latest
2025-01-29 18:36:40,090 INFO tc.alpine:3.17 - Pulling docker image: alpine:3.17. Please be patient; this may take some time but only needs to be done once.
2025-01-29 18:36:40,454 INFO tc.alpine:3.17 - Starting to pull image
2025-01-29 18:36:40,455 INFO tc.alpine:3.17 - Pulling image layers:  0 pending,  0 downloaded,  0 extracted, (0 bytes/0 bytes)
2025-01-29 18:36:40,699 INFO tc.alpine:3.17 - Pulling image layers:  0 pending,  1 downloaded,  0 extracted, (33 KB/3 MB)
2025-01-29 18:36:40,794 INFO tc.alpine:3.17 - Pulling image layers:  0 pending,  1 downloaded,  1 extracted, (3 MB/3 MB)
2025-01-29 18:36:40,799 INFO tc.alpine:3.17 - Image alpine:3.17 pull took PT0.708645968S
2025-01-29 18:36:41,331 INFO t.localhost/testcontainers/m8vihndh3pah6njs:latest - Container localhost/testcontainers/m8vihndh3pah6njs:latest is starting: 90e6ebb001dcf5b43a8a59bb941b1725e79d4c617f630e4ea1a6a379755a76ef
2025-01-29 18:36:41,690 INFO c.h.h.t.HelmChartContainer - [K3S] [INFO] Starting k3s v1.32.1+k3s1 (6a322f12)
2025-01-29 18:36:41,693 INFO c.h.h.t.HelmChartContainer - [K3S] [INFO] Configuring sqlite3 database connection pooling: maxIdleConns=2, maxOpenConns=0, connMaxLifetime=0s
2025-01-29 18:36:41,693 INFO c.h.h.t.HelmChartContainer - [K3S] [INFO] Configuring database table schema and indexes, this may take a moment...
2025-01-29 18:36:41,696 INFO c.h.h.t.HelmChartContainer - [K3S] [INFO] Database tables and indexes are up to date
2025-01-29 18:36:41,698 INFO c.h.h.t.HelmChartContainer - [K3S] [INFO] Kine available at unix://kine.sock
2025-01-29 18:36:41,824 INFO c.h.h.t.HelmChartContainer - [K3S] [INFO] Saving cluster bootstrap data to datastore
2025-01-29 18:36:41,825 INFO c.h.h.t.HelmChartContainer - [K3S] [WARNING] dynamiclistener [::]:6443: no cached certificate available for preload - deferring certificate load until storage initialization or first client request
2025-01-29 18:36:41,826 INFO c.h.h.t.HelmChartContainer - [K3S] [INFO] Active TLS secret / (ver=) (count 10): map[listener.cattle.io/cn-10.43.0.1:10.43.0.1 listener.cattle.io/cn-127.0.0.1:127.0.0.1 listener.cattle.io/cn-172.18.0.2:172.18.0.2 listener.cattle.io/cn-90e6ebb001dc:90e6ebb001dc listener.cattle.io/cn-__1-f16284:::1 listener.cattle.io/cn-kubernetes:kubernetes listener.cattle.io/cn-kubernetes.default:kubernetes.default listener.cattle.io/cn-kubernetes.default.svc:kubernetes.default.svc listener.cattle.io/cn-kubernetes.default.svc.cluster.local:kubernetes.default.svc.cluster.local listener.cattle.io/cn-localhost:localhost listener.cattle.io/fingerprint:SHA1=F90BBEC64BE9E3387EAC440EEEA292809FEB7652]
2025-01-29 18:36:41,990 INFO c.h.h.t.HelmChartContainer - [K3S] [INFO] Running kube-apiserver --advertise-port=6443 --allow-privileged=true --anonymous-auth=false --api-audiences=https://kubernetes.default.svc.cluster.local,k3s --authorization-mode=Node,RBAC --bind-address=127.0.0.1 --cert-dir=/var/lib/rancher/k3s/server/tls/temporary-certs --client-ca-file=/var/lib/rancher/k3s/server/tls/client-ca.crt --egress-selector-config-file=/var/lib/rancher/k3s/server/etc/egress-selector-config.yaml --enable-admission-plugins=NodeRestriction --enable-aggregator-routing=true --enable-bootstrap-token-auth=true --etcd-compaction-interval=0s --etcd-servers=unix://kine.sock --kubelet-certificate-authority=/var/lib/rancher/k3s/server/tls/server-ca.crt --kubelet-client-certificate=/var/lib/rancher/k3s/server/tls/client-kube-apiserver.crt --kubelet-client-key=/var/lib/rancher/k3s/server/tls/client-kube-apiserver.key --kubelet-preferred-address-types=InternalIP,ExternalIP,Hostname --profiling=false --proxy-client-cert-file=/var/lib/rancher/k3s/server/tls/client-auth-proxy.crt --proxy-client-key-file=/var/lib/rancher/k3s/server/tls/client-auth-proxy.key --requestheader-allowed-names=system:auth-proxy --requestheader-client-ca-file=/var/lib/rancher/k3s/server/tls/request-header-ca.crt --requestheader-extra-headers-prefix=X-Remote-Extra- --requestheader-group-headers=X-Remote-Group --requestheader-username-headers=X-Remote-User --secure-port=6444 --service-account-issuer=https://kubernetes.default.svc.cluster.local --service-account-key-file=/var/lib/rancher/k3s/server/tls/service.key --service-account-signing-key-file=/var/lib/rancher/k3s/server/tls/service.current.key --service-cluster-ip-range=10.43.0.0/16 --service-node-port-range=30000-32767 --storage-backend=etcd3 --tls-cert-file=/var/lib/rancher/k3s/server/tls/serving-kube-apiserver.crt --tls-cipher-suites=TLS_ECDHE_ECDSA_WITH_AES_256_GCM_SHA384,TLS_ECDHE_RSA_WITH_AES_256_GCM_SHA384,TLS_ECDHE_ECDSA_WITH_AES_128_GCM_SHA256,TLS_ECDHE_RSA_WITH_AES_128_GCM_SHA256,TLS_ECDHE_ECDSA_WITH_CHACHA20_POLY1305,TLS_ECDHE_RSA_WITH_CHACHA20_POLY1305 --tls-private-key-file=/var/lib/rancher/k3s/server/tls/serving-kube-apiserver.key
2025-01-29 18:36:41,992 INFO c.h.h.t.HelmChartContainer - [K3S] [INFO] Running kube-scheduler --authentication-kubeconfig=/var/lib/rancher/k3s/server/cred/scheduler.kubeconfig --authorization-kubeconfig=/var/lib/rancher/k3s/server/cred/scheduler.kubeconfig --bind-address=127.0.0.1 --kubeconfig=/var/lib/rancher/k3s/server/cred/scheduler.kubeconfig --leader-elect=false --profiling=false --secure-port=10259
2025-01-29 18:36:41,992 INFO c.h.h.t.HelmChartContainer - [K3S] [registry.go:256] calling componentGlobalsRegistry.AddFlags more than once, the registry will be set by the latest flags
2025-01-29 18:36:41,993 INFO c.h.h.t.HelmChartContainer - [K3S] [INFO] Waiting for API server to become available
2025-01-29 18:36:41,994 INFO c.h.h.t.HelmChartContainer - [K3S] [INFO] Running kube-controller-manager --allocate-node-cidrs=true --authentication-kubeconfig=/var/lib/rancher/k3s/server/cred/controller.kubeconfig --authorization-kubeconfig=/var/lib/rancher/k3s/server/cred/controller.kubeconfig --bind-address=127.0.0.1 --cluster-cidr=10.42.0.0/16 --cluster-signing-kube-apiserver-client-cert-file=/var/lib/rancher/k3s/server/tls/client-ca.nochain.crt --cluster-signing-kube-apiserver-client-key-file=/var/lib/rancher/k3s/server/tls/client-ca.key --cluster-signing-kubelet-client-cert-file=/var/lib/rancher/k3s/server/tls/client-ca.nochain.crt --cluster-signing-kubelet-client-key-file=/var/lib/rancher/k3s/server/tls/client-ca.key --cluster-signing-kubelet-serving-cert-file=/var/lib/rancher/k3s/server/tls/server-ca.nochain.crt --cluster-signing-kubelet-serving-key-file=/var/lib/rancher/k3s/server/tls/server-ca.key --cluster-signing-legacy-unknown-cert-file=/var/lib/rancher/k3s/server/tls/server-ca.nochain.crt --cluster-signing-legacy-unknown-key-file=/var/lib/rancher/k3s/server/tls/server-ca.key --configure-cloud-routes=false --controllers=*,tokencleaner,-service,-route,-cloud-node-lifecycle --kubeconfig=/var/lib/rancher/k3s/server/cred/controller.kubeconfig --leader-elect=false --profiling=false --root-ca-file=/var/lib/rancher/k3s/server/tls/server-ca.crt --secure-port=10257 --service-account-private-key-file=/var/lib/rancher/k3s/server/tls/service.current.key --service-cluster-ip-range=10.43.0.0/16 --use-service-account-credentials=true
2025-01-29 18:36:41,994 INFO c.h.h.t.HelmChartContainer - [K3S] [options.go:299] unable to set WatchListClient feature gate, err: cannot override default for feature "WatchListClient": gates already added to a flag set
2025-01-29 18:36:41,994 INFO c.h.h.t.HelmChartContainer - [K3S] [registry.go:256] calling componentGlobalsRegistry.AddFlags more than once, the registry will be set by the latest flags
2025-01-29 18:36:41,995 INFO c.h.h.t.HelmChartContainer - [K3S] [INFO] Running cloud-controller-manager --allocate-node-cidrs=true --authentication-kubeconfig=/var/lib/rancher/k3s/server/cred/cloud-controller.kubeconfig --authorization-kubeconfig=/var/lib/rancher/k3s/server/cred/cloud-controller.kubeconfig --bind-address=127.0.0.1 --cloud-config=/var/lib/rancher/k3s/server/etc/cloud-config.yaml --cloud-provider=k3s --cluster-cidr=10.42.0.0/16 --configure-cloud-routes=false --controllers=*,-route --kubeconfig=/var/lib/rancher/k3s/server/cred/cloud-controller.kubeconfig --leader-elect=false --leader-elect-resource-name=k3s-cloud-controller-manager --node-status-update-frequency=1m0s --profiling=false
2025-01-29 18:36:41,995 INFO c.h.h.t.HelmChartContainer - [K3S] [registry.go:256] calling componentGlobalsRegistry.AddFlags more than once, the registry will be set by the latest flags
2025-01-29 18:36:41,995 INFO c.h.h.t.HelmChartContainer - [K3S] [INFO] Server node token is available at /var/lib/rancher/k3s/server/token
2025-01-29 18:36:41,995 INFO c.h.h.t.HelmChartContainer - [K3S] [INFO] To join server node to cluster: k3s server -s https://172.18.0.2:6443 -t ${SERVER_NODE_TOKEN}
2025-01-29 18:36:41,995 INFO c.h.h.t.HelmChartContainer - [K3S] [options.go:238] external host was not specified, using 172.18.0.2
2025-01-29 18:36:41,996 INFO c.h.h.t.HelmChartContainer - [K3S] [INFO] Agent node token is available at /var/lib/rancher/k3s/server/agent-token
2025-01-29 18:36:41,996 INFO c.h.h.t.HelmChartContainer - [K3S] [INFO] To join agent node to cluster: k3s agent -s https://172.18.0.2:6443 -t ${AGENT_NODE_TOKEN}
2025-01-29 18:36:41,996 INFO c.h.h.t.HelmChartContainer - [K3S] [INFO] Wrote kubeconfig /etc/rancher/k3s/k3s.yaml
2025-01-29 18:36:41,996 INFO c.h.h.t.HelmChartContainer - [K3S] [INFO] Run: k3s kubectl
2025-01-29 18:36:41,996 INFO c.h.h.t.HelmChartContainer - [K3S] [server.go:151] Version: v1.32.1+k3s1
2025-01-29 18:36:41,996 INFO c.h.h.t.HelmChartContainer - [K3S] [server.go:153] "Golang settings" GOGC="" GOMAXPROCS="" GOTRACEBACK=""
2025-01-29 18:36:42,346 INFO c.h.h.t.HelmChartContainer - [K3S] [plugins.go:157] Loaded 13 mutating admission controller(s) successfully in the following order: NamespaceLifecycle,LimitRanger,ServiceAccount,NodeRestriction,TaintNodesByCondition,Priority,DefaultTolerationSeconds,DefaultStorageClass,StorageObjectInUseProtection,RuntimeClass,DefaultIngressClass,MutatingAdmissionPolicy,MutatingAdmissionWebhook.
2025-01-29 18:36:42,346 INFO c.h.h.t.HelmChartContainer - [K3S] [plugins.go:160] Loaded 13 validating admission controller(s) successfully in the following order: LimitRanger,ServiceAccount,PodSecurity,Priority,PersistentVolumeClaimResize,RuntimeClass,CertificateApproval,CertificateSigning,ClusterTrustBundleAttest,CertificateSubjectRestriction,ValidatingAdmissionPolicy,ValidatingAdmissionWebhook,ResourceQuota.
2025-01-29 18:36:42,346 INFO c.h.h.t.HelmChartContainer - [K3S] [instance.go:233] Using reconciler: lease
2025-01-29 18:36:42,412 INFO c.h.h.t.HelmChartContainer - [K3S] [apis.go:106] API group "internal.apiserver.k8s.io" is not enabled, skipping.
2025-01-29 18:36:42,461 INFO c.h.h.t.HelmChartContainer - [K3S] [apis.go:106] API group "storagemigration.k8s.io" is not enabled, skipping.
2025-01-29 18:36:42,495 INFO c.h.h.t.HelmChartContainer - [K3S] [apis.go:106] API group "resource.k8s.io" is not enabled, skipping.
2025-01-29 18:36:42,569 INFO c.h.h.t.HelmChartContainer - [K3S] [INFO] Password verified locally for node 90e6ebb001dc
2025-01-29 18:36:42,834 INFO c.h.h.t.HelmChartContainer - [K3S] [dynamic_cafile_content.go:161] "Starting controller" name="request-header::/var/lib/rancher/k3s/server/tls/request-header-ca.crt"
2025-01-29 18:36:42,835 INFO c.h.h.t.HelmChartContainer - [K3S] [dynamic_cafile_content.go:161] "Starting controller" name="client-ca-bundle::/var/lib/rancher/k3s/server/tls/client-ca.crt"
2025-01-29 18:36:42,835 INFO c.h.h.t.HelmChartContainer - [K3S] [dynamic_serving_content.go:135] "Starting controller" name="serving-cert::/var/lib/rancher/k3s/server/tls/serving-kube-apiserver.crt::/var/lib/rancher/k3s/server/tls/serving-kube-apiserver.key"
2025-01-29 18:36:42,835 INFO c.h.h.t.HelmChartContainer - [K3S] [secure_serving.go:213] Serving securely on 127.0.0.1:6444
2025-01-29 18:36:42,836 INFO c.h.h.t.HelmChartContainer - [K3S] [tlsconfig.go:243] "Starting DynamicServingCertificateController"
2025-01-29 18:36:42,836 INFO c.h.h.t.HelmChartContainer - [K3S] [apiservice_controller.go:100] Starting APIServiceRegistrationController
2025-01-29 18:36:42,836 INFO c.h.h.t.HelmChartContainer - [K3S] [dynamic_serving_content.go:135] "Starting controller" name="aggregator-proxy-cert::/var/lib/rancher/k3s/server/tls/client-auth-proxy.crt::/var/lib/rancher/k3s/server/tls/client-auth-proxy.key"
2025-01-29 18:36:42,836 INFO c.h.h.t.HelmChartContainer - [K3S] [remote_available_controller.go:411] Starting RemoteAvailability controller
2025-01-29 18:36:42,836 INFO c.h.h.t.HelmChartContainer - [K3S] [customresource_discovery_controller.go:292] Starting DiscoveryController
2025-01-29 18:36:42,837 INFO c.h.h.t.HelmChartContainer - [K3S] [local_available_controller.go:156] Starting LocalAvailability controller
2025-01-29 18:36:42,837 INFO c.h.h.t.HelmChartContainer - [K3S] [aggregator.go:169] waiting for initial CRD sync...
2025-01-29 18:36:42,837 INFO c.h.h.t.HelmChartContainer - [K3S] [controller.go:78] Starting OpenAPI AggregationController
2025-01-29 18:36:42,837 INFO c.h.h.t.HelmChartContainer - [K3S] [system_namespaces_controller.go:66] Starting system namespaces controller
2025-01-29 18:36:42,837 INFO c.h.h.t.HelmChartContainer - [K3S] [gc_controller.go:78] Starting apiserver lease garbage collector
2025-01-29 18:36:42,841 INFO c.h.h.t.HelmChartContainer - [K3S] [crdregistration_controller.go:114] Starting crd-autoregister controller
2025-01-29 18:36:42,841 INFO c.h.h.t.HelmChartContainer - [K3S] [controller.go:119] Starting legacy_token_tracking_controller
2025-01-29 18:36:42,847 INFO c.h.h.t.HelmChartContainer - [K3S] [apf_controller.go:377] Starting API Priority and Fairness config controller
2025-01-29 18:36:42,847 INFO c.h.h.t.HelmChartContainer - [K3S] [controller.go:142] Starting OpenAPI controller
2025-01-29 18:36:42,847 INFO c.h.h.t.HelmChartContainer - [K3S] [controller.go:90] Starting OpenAPI V3 controller
2025-01-29 18:36:42,847 INFO c.h.h.t.HelmChartContainer - [K3S] [naming_controller.go:294] Starting NamingConditionController
2025-01-29 18:36:42,847 INFO c.h.h.t.HelmChartContainer - [K3S] [establishing_controller.go:81] Starting EstablishingController
2025-01-29 18:36:42,848 INFO c.h.h.t.HelmChartContainer - [K3S] [nonstructuralschema_controller.go:195] Starting NonStructuralSchemaConditionController
2025-01-29 18:36:42,848 INFO c.h.h.t.HelmChartContainer - [K3S] [apiapproval_controller.go:189] Starting KubernetesAPIApprovalPolicyConformantConditionController
2025-01-29 18:36:42,848 INFO c.h.h.t.HelmChartContainer - [K3S] [crd_finalizer.go:269] Starting CRDFinalizer
2025-01-29 18:36:42,848 INFO c.h.h.t.HelmChartContainer - [K3S] [cluster_authentication_trust_controller.go:462] Starting cluster_authentication_trust_controller controller
2025-01-29 18:36:42,848 INFO c.h.h.t.HelmChartContainer - [K3S] [controller.go:80] Starting OpenAPI V3 AggregationController
2025-01-29 18:36:42,848 INFO c.h.h.t.HelmChartContainer - [K3S] [dynamic_cafile_content.go:161] "Starting controller" name="client-ca-bundle::/var/lib/rancher/k3s/server/tls/client-ca.crt"
2025-01-29 18:36:42,848 INFO c.h.h.t.HelmChartContainer - [K3S] [dynamic_cafile_content.go:161] "Starting controller" name="request-header::/var/lib/rancher/k3s/server/tls/request-header-ca.crt"
2025-01-29 18:36:42,914 INFO c.h.h.t.HelmChartContainer - [K3S] [controller.go:145] "Failed to ensure lease exists, will retry" err="namespaces \"kube-system\" not found" interval="200ms"
2025-01-29 18:36:42,935 INFO c.h.h.t.HelmChartContainer - [K3S] [aggregator.go:171] initial CRD sync complete...
2025-01-29 18:36:42,937 INFO c.h.h.t.HelmChartContainer - [K3S] [autoregister_controller.go:144] Starting autoregister controller
2025-01-29 18:36:42,937 INFO c.h.h.t.HelmChartContainer - [K3S] [handler_discovery.go:451] Starting ResourceDiscoveryManager
2025-01-29 18:36:42,939 INFO c.h.h.t.HelmChartContainer - [K3S] [apf_controller.go:382] Running API Priority and Fairness config worker
2025-01-29 18:36:42,939 INFO c.h.h.t.HelmChartContainer - [K3S] [apf_controller.go:385] Running API Priority and Fairness periodic rebalancing process
2025-01-29 18:36:42,940 INFO c.h.h.t.HelmChartContainer - [K3S] [policy_source.go:240] refreshing policies
2025-01-29 18:36:42,995 INFO c.h.h.t.HelmChartContainer - [K3S] [controller.go:95] Unable to perform initial Kubernetes service initialization: namespaces "default" not found
2025-01-29 18:36:43,116 INFO c.h.h.t.HelmChartContainer - [K3S] [WARNING] Host resolv.conf includes loopback or multicast nameservers - kubelet will use autogenerated resolv.conf with nameserver 8.8.8.8
2025-01-29 18:36:43,127 INFO c.h.h.t.HelmChartContainer - [K3S] [INFO] Module overlay was already loaded
2025-01-29 18:36:43,127 INFO c.h.h.t.HelmChartContainer - [K3S] [INFO] Module nf_conntrack was already loaded
2025-01-29 18:36:43,128 INFO c.h.h.t.HelmChartContainer - [K3S] [INFO] Module br_netfilter was already loaded
2025-01-29 18:36:43,132 INFO c.h.h.t.HelmChartContainer - [K3S] [INFO] Set sysctl 'net/netfilter/nf_conntrack_max' to 131072
2025-01-29 18:36:43,132 INFO c.h.h.t.HelmChartContainer - [K3S] [INFO] Set sysctl 'net/netfilter/nf_conntrack_tcp_timeout_established' to 86400
2025-01-29 18:36:43,132 INFO c.h.h.t.HelmChartContainer - [K3S] [INFO] Set sysctl 'net/netfilter/nf_conntrack_tcp_timeout_close_wait' to 3600
2025-01-29 18:36:43,134 INFO c.h.h.t.HelmChartContainer - [K3S] [INFO] Logging containerd to /var/lib/rancher/k3s/agent/containerd/containerd.log
2025-01-29 18:36:43,134 INFO c.h.h.t.HelmChartContainer - [K3S] [INFO] Running containerd -c /var/lib/rancher/k3s/agent/etc/containerd/config.toml -a /run/k3s/containerd/containerd.sock --state /run/k3s/containerd --root /var/lib/rancher/k3s/agent/containerd
2025-01-29 18:36:43,843 INFO c.h.h.t.HelmChartContainer - [K3S] [storage_scheduling.go:95] created PriorityClass system-node-critical with value 2000001000
2025-01-29 18:36:43,847 INFO c.h.h.t.HelmChartContainer - [K3S] [storage_scheduling.go:95] created PriorityClass system-cluster-critical with value 2000000000
2025-01-29 18:36:43,847 INFO c.h.h.t.HelmChartContainer - [K3S] [storage_scheduling.go:111] all system priority classes are created successfully or already exist.
2025-01-29 18:36:44,139 INFO c.h.h.t.HelmChartContainer - [K3S] [INFO] containerd is now running
2025-01-29 18:36:44,144 INFO c.h.h.t.HelmChartContainer - [K3S] [INFO] Connecting to proxy" url="wss://127.0.0.1:6443/v1-k3s/connect
2025-01-29 18:36:44,145 INFO c.h.h.t.HelmChartContainer - [K3S] [INFO] Creating k3s-cert-monitor event broadcaster
2025-01-29 18:36:44,145 INFO c.h.h.t.HelmChartContainer - [K3S] [INFO] Running kubelet --cloud-provider=external --config-dir=/var/lib/rancher/k3s/agent/etc/kubelet.conf.d --containerd=/run/k3s/containerd/containerd.sock --hostname-override=90e6ebb001dc --kubeconfig=/var/lib/rancher/k3s/agent/kubelet.kubeconfig --node-ip=172.18.0.2 --node-labels=
2025-01-29 18:36:44,147 INFO c.h.h.t.HelmChartContainer - [K3S] [INFO] Handling backend connection request [90e6ebb001dc]
2025-01-29 18:36:44,147 INFO c.h.h.t.HelmChartContainer - [K3S] [INFO] Remotedialer connected to proxy" url="wss://127.0.0.1:6443/v1-k3s/connect
2025-01-29 18:36:44,245 INFO c.h.h.t.HelmChartContainer - [K3S] [ERROR] Sending HTTP/1.1 503 response to 127.0.0.1:44196: runtime core not ready
2025-01-29 18:36:44,305 INFO c.h.h.t.HelmChartContainer - [K3S] [alloc.go:330] "allocated clusterIPs" service="default/kubernetes" clusterIPs={"IPv4":"10.43.0.1"}
2025-01-29 18:36:44,311 INFO c.h.h.t.HelmChartContainer - [K3S] [lease.go:265] Resetting endpoints for master service "kubernetes" to [172.18.0.2]
2025-01-29 18:36:44,340 INFO c.h.h.t.HelmChartContainer - [K3S] [INFO] Running kube-proxy --cluster-cidr=10.42.0.0/16 --conntrack-max-per-core=0 --conntrack-tcp-timeout-close-wait=0s --conntrack-tcp-timeout-established=0s --healthz-bind-address=127.0.0.1 --hostname-override=90e6ebb001dc --kubeconfig=/var/lib/rancher/k3s/agent/kubeproxy.kubeconfig --proxy-mode=iptables
2025-01-29 18:36:44,375 INFO c.h.h.t.HelmChartContainer - [K3S] [server.go:687] "Failed to retrieve node info" err="nodes \"90e6ebb001dc\" not found"
2025-01-29 18:36:44,994 INFO c.h.h.t.HelmChartContainer - [K3S] [INFO] Waiting for untainted node
2025-01-29 18:36:44,995 INFO c.h.h.t.HelmChartContainer - [K3S] [INFO] Kube API server is now running
2025-01-29 18:36:44,995 INFO c.h.h.t.HelmChartContainer - [K3S] [INFO] ETCD server is now running
2025-01-29 18:36:44,995 INFO c.h.h.t.HelmChartContainer - [K3S] [INFO] k3s is up and running
2025-01-29 18:36:44,995 INFO c.h.h.t.HelmChartContainer - [K3S] [INFO] Waiting for cloud-controller-manager privileges to become available
2025-01-29 18:36:44,995 INFO c.h.h.t.HelmChartContainer - [K3S] [INFO] Creating k3s-supervisor event broadcaster
2025-01-29 18:36:45,002 INFO c.h.h.t.HelmChartContainer - [K3S] [INFO] Applying CRD addons.k3s.cattle.io
2025-01-29 18:36:45,012 INFO c.h.h.t.HelmChartContainer - [K3S] [INFO] Applying CRD etcdsnapshotfiles.k3s.cattle.io
2025-01-29 18:36:45,024 INFO c.h.h.t.HelmChartContainer - [K3S] [INFO] Applying CRD helmcharts.helm.cattle.io
2025-01-29 18:36:45,037 INFO c.h.h.t.HelmChartContainer - [K3S] [INFO] Applying CRD helmchartconfigs.helm.cattle.io
2025-01-29 18:36:45,057 INFO c.h.h.t.HelmChartContainer - [K3S] [INFO] Waiting for CRD helmchartconfigs.helm.cattle.io to become available
2025-01-29 18:36:45,153 INFO c.h.h.t.HelmChartContainer - [K3S] Flag --containerd has been deprecated, This is a cadvisor flag that was mistakenly registered with the Kubelet. Due to legacy concerns, it will follow the standard CLI deprecation timeline before being removed.
2025-01-29 18:36:45,157 INFO c.h.h.t.HelmChartContainer - [K3S] [server.go:515] "Kubelet version" kubeletVersion="v1.32.1+k3s1"
2025-01-29 18:36:45,157 INFO c.h.h.t.HelmChartContainer - [K3S] [server.go:517] "Golang settings" GOGC="" GOMAXPROCS="" GOTRACEBACK=""
2025-01-29 18:36:45,160 INFO c.h.h.t.HelmChartContainer - [K3S] [dynamic_cafile_content.go:161] "Starting controller" name="client-ca-bundle::/var/lib/rancher/k3s/agent/client-ca.crt"
2025-01-29 18:36:45,162 INFO c.h.h.t.HelmChartContainer - [K3S] [log.go:32] "RuntimeConfig from runtime service failed" err="rpc error: code = Unimplemented desc = method RuntimeConfig not implemented"
2025-01-29 18:36:45,162 INFO c.h.h.t.HelmChartContainer - [K3S] [server.go:1416] "CRI implementation should be updated to support RuntimeConfig when KubeletCgroupDriverFromCRI feature gate has been enabled. Falling back to using cgroupDriver from kubelet config."
2025-01-29 18:36:45,167 INFO c.h.h.t.HelmChartContainer - [K3S] [info.go:53] Couldn't collect info from any of the files in "/etc/machine-id,/var/lib/dbus/machine-id"
2025-01-29 18:36:45,167 INFO c.h.h.t.HelmChartContainer - [K3S] [server.go:767] "--cgroups-per-qos enabled, but --cgroup-root was not specified.  defaulting to /"
2025-01-29 18:36:45,167 INFO c.h.h.t.HelmChartContainer - [K3S] [server.go:836] "NoSwap is set due to memorySwapBehavior not specified" memorySwapBehavior="" FailSwapOn=false
2025-01-29 18:36:45,168 INFO c.h.h.t.HelmChartContainer - [K3S] [swap_util.go:115] "Swap is on" /proc/swaps contents=<
2025-01-29 18:36:45,168 INFO c.h.h.t.HelmChartContainer - [K3S] 	Filename				Type		Size		Used		Priority
2025-01-29 18:36:45,168 INFO c.h.h.t.HelmChartContainer - [K3S] 	/mnt/swapfile                           file		4194300		0		-2
2025-01-29 18:36:45,169 INFO c.h.h.t.HelmChartContainer - [K3S]  >
2025-01-29 18:36:45,169 INFO c.h.h.t.HelmChartContainer - [K3S] [container_manager_linux.go:268] "Container manager verified user specified cgroup-root exists" cgroupRoot=[]
2025-01-29 18:36:45,169 INFO c.h.h.t.HelmChartContainer - [K3S] [container_manager_linux.go:273] "Creating Container Manager object based on Node Config" nodeConfig={"NodeName":"90e6ebb001dc","RuntimeCgroupsName":"","SystemCgroupsName":"","KubeletCgroupsName":"/k3s","KubeletOOMScoreAdj":-999,"ContainerRuntime":"","CgroupsPerQOS":true,"CgroupRoot":"/","CgroupDriver":"cgroupfs","KubeletRootDir":"/var/lib/kubelet","ProtectKernelDefaults":false,"KubeReservedCgroupName":"","SystemReservedCgroupName":"","ReservedSystemCPUs":{},"EnforceNodeAllocatable":{"pods":{}},"KubeReserved":null,"SystemReserved":null,"HardEvictionThresholds":[{"Signal":"imagefs.available","Operator":"LessThan","Value":{"Quantity":null,"Percentage":0.05},"GracePeriod":0,"MinReclaim":null},{"Signal":"nodefs.available","Operator":"LessThan","Value":{"Quantity":null,"Percentage":0.05},"GracePeriod":0,"MinReclaim":null}],"QOSReserved":{},"CPUManagerPolicy":"none","CPUManagerPolicyOptions":null,"TopologyManagerScope":"container","CPUManagerReconcilePeriod":10000000000,"ExperimentalMemoryManagerPolicy":"None","ExperimentalMemoryManagerReservedMemory":null,"PodPidsLimit":-1,"EnforceCPULimits":true,"CPUCFSQuotaPeriod":100000000,"TopologyManagerPolicy":"none","TopologyManagerPolicyOptions":null,"CgroupVersion":2}
2025-01-29 18:36:45,169 INFO c.h.h.t.HelmChartContainer - [K3S] [topology_manager.go:138] "Creating topology manager with none policy"
2025-01-29 18:36:45,169 INFO c.h.h.t.HelmChartContainer - [K3S] [container_manager_linux.go:304] "Creating device plugin manager"
2025-01-29 18:36:45,169 INFO c.h.h.t.HelmChartContainer - [K3S] [state_mem.go:36] "Initialized new in-memory state store"
2025-01-29 18:36:45,169 INFO c.h.h.t.HelmChartContainer - [K3S] [kubelet.go:446] "Attempting to sync node with API server"
2025-01-29 18:36:45,169 INFO c.h.h.t.HelmChartContainer - [K3S] [kubelet.go:341] "Adding static pod path" path="/var/lib/rancher/k3s/agent/pod-manifests"
2025-01-29 18:36:45,169 INFO c.h.h.t.HelmChartContainer - [K3S] [kubelet.go:352] "Adding apiserver pod source"
2025-01-29 18:36:45,169 INFO c.h.h.t.HelmChartContainer - [K3S] [apiserver.go:42] "Waiting for node sync before watching apiserver pods"
2025-01-29 18:36:45,172 INFO c.h.h.t.HelmChartContainer - [K3S] [kuberuntime_manager.go:269] "Container runtime initialized" containerRuntime="containerd" version="v1.7.23-k3s2" apiVersion="v1"
2025-01-29 18:36:45,173 INFO c.h.h.t.HelmChartContainer - [K3S] [kubelet.go:890] "Not starting ClusterTrustBundle informer because we are in static kubelet mode"
2025-01-29 18:36:45,173 INFO c.h.h.t.HelmChartContainer - [K3S] [probe.go:272] Flexvolume plugin directory at /usr/libexec/kubernetes/kubelet-plugins/volume/exec/ does not exist. Recreating.
2025-01-29 18:36:45,175 INFO c.h.h.t.HelmChartContainer - [K3S] [watchdog_linux.go:99] "Systemd watchdog is not enabled"
2025-01-29 18:36:45,176 INFO c.h.h.t.HelmChartContainer - [K3S] [server.go:1282] "Started kubelet"
2025-01-29 18:36:45,180 INFO c.h.h.t.HelmChartContainer - [K3S] [fs_resource_analyzer.go:67] "Starting FS ResourceAnalyzer"
2025-01-29 18:36:45,186 INFO c.h.h.t.HelmChartContainer - [K3S] [volume_manager.go:297] "Starting Kubelet Volume Manager"
2025-01-29 18:36:45,187 INFO c.h.h.t.HelmChartContainer - [K3S] [kubelet_node_status.go:467] "Error getting the current node from lister" err="node \"90e6ebb001dc\" not found"
2025-01-29 18:36:45,189 INFO c.h.h.t.HelmChartContainer - [K3S] [server.go:169] "Starting to listen" address="0.0.0.0" port=10250
2025-01-29 18:36:45,194 INFO c.h.h.t.HelmChartContainer - [K3S] [factory.go:221] Registration of the systemd container factory successfully
2025-01-29 18:36:45,194 INFO c.h.h.t.HelmChartContainer - [K3S] [factory.go:219] Registration of the crio container factory failed: Get "http://%2Fvar%2Frun%2Fcrio%2Fcrio.sock/info": dial unix /var/run/crio/crio.sock: connect: no such file or directory
2025-01-29 18:36:45,195 INFO c.h.h.t.HelmChartContainer - [K3S] [server.go:490] "Adding debug handlers to kubelet server"
2025-01-29 18:36:45,195 INFO c.h.h.t.HelmChartContainer - [K3S] [server.go:208] "Starting to listen read-only" address="0.0.0.0" port=10255
2025-01-29 18:36:45,195 INFO c.h.h.t.HelmChartContainer - [K3S] [desired_state_of_world_populator.go:149] "Desired state populator starts to run"
2025-01-29 18:36:45,195 INFO c.h.h.t.HelmChartContainer - [K3S] [reconciler.go:26] "Reconciler: start to sync state"
2025-01-29 18:36:45,195 INFO c.h.h.t.HelmChartContainer - [K3S] [ratelimit.go:55] "Setting rate limiting for endpoint" service="podresources" qps=100 burstTokens=10
2025-01-29 18:36:45,195 INFO c.h.h.t.HelmChartContainer - [K3S] [server.go:243] "Starting to serve the podresources API" endpoint="unix:/var/lib/kubelet/pod-resources/kubelet.sock"
2025-01-29 18:36:45,195 INFO c.h.h.t.HelmChartContainer - [K3S] [dynamic_serving_content.go:135] "Starting controller" name="kubelet-server-cert-files::/var/lib/rancher/k3s/agent/serving-kubelet.crt::/var/lib/rancher/k3s/agent/serving-kubelet.key"
2025-01-29 18:36:45,195 INFO c.h.h.t.HelmChartContainer - [K3S] [kubelet.go:1561] "Image garbage collection failed once. Stats initialization may not have completed yet" err="invalid capacity 0 on image filesystem"
2025-01-29 18:36:45,200 INFO c.h.h.t.HelmChartContainer - [K3S] [factory.go:221] Registration of the containerd container factory successfully
2025-01-29 18:36:45,211 INFO c.h.h.t.HelmChartContainer - [K3S] [kubelet_network_linux.go:50] "Initialized iptables rules." protocol="IPv4"
2025-01-29 18:36:45,212 INFO c.h.h.t.HelmChartContainer - [K3S] [kubelet_network_linux.go:50] "Initialized iptables rules." protocol="IPv6"
2025-01-29 18:36:45,212 INFO c.h.h.t.HelmChartContainer - [K3S] [status_manager.go:227] "Starting to sync pod status with apiserver"
2025-01-29 18:36:45,212 INFO c.h.h.t.HelmChartContainer - [K3S] [watchdog_linux.go:127] "Systemd watchdog is not enabled or the interval is invalid, so health checking will not be started."
2025-01-29 18:36:45,212 INFO c.h.h.t.HelmChartContainer - [K3S] [kubelet.go:2388] "Starting kubelet main sync loop"
2025-01-29 18:36:45,212 INFO c.h.h.t.HelmChartContainer - [K3S] [kubelet.go:2412] "Skipping pod synchronization" err="[container runtime status check may not have completed yet, PLEG is not healthy: pleg has yet to be successful]"
2025-01-29 18:36:45,219 INFO c.h.h.t.HelmChartContainer - [K3S] [nodelease.go:49] "Failed to get node when trying to set owner ref to the node lease" err="nodes \"90e6ebb001dc\" not found" node="90e6ebb001dc"
2025-01-29 18:36:45,230 INFO c.h.h.t.HelmChartContainer - [K3S] [cpu_manager.go:221] "Starting CPU manager" policy="none"
2025-01-29 18:36:45,231 INFO c.h.h.t.HelmChartContainer - [K3S] [cpu_manager.go:222] "Reconciling" reconcilePeriod="10s"
2025-01-29 18:36:45,231 INFO c.h.h.t.HelmChartContainer - [K3S] [state_mem.go:36] "Initialized new in-memory state store"
2025-01-29 18:36:45,232 INFO c.h.h.t.HelmChartContainer - [K3S] [policy_none.go:49] "None policy: Start"
2025-01-29 18:36:45,232 INFO c.h.h.t.HelmChartContainer - [K3S] [memory_manager.go:186] "Starting memorymanager" policy="None"
2025-01-29 18:36:45,232 INFO c.h.h.t.HelmChartContainer - [K3S] [state_mem.go:35] "Initializing new in-memory state store"
2025-01-29 18:36:45,236 INFO c.h.h.t.HelmChartContainer - [K3S] [manager.go:519] "Failed to read data from checkpoint" checkpoint="kubelet_internal_checkpoint" err="checkpoint is not found"
2025-01-29 18:36:45,237 INFO c.h.h.t.HelmChartContainer - [K3S] [eviction_manager.go:189] "Eviction manager: starting control loop"
2025-01-29 18:36:45,237 INFO c.h.h.t.HelmChartContainer - [K3S] [container_log_manager.go:189] "Initializing container log rotate workers" workers=1 monitorPeriod="10s"
2025-01-29 18:36:45,238 INFO c.h.h.t.HelmChartContainer - [K3S] [plugin_manager.go:118] "Starting Kubelet Plugin Manager"
2025-01-29 18:36:45,240 INFO c.h.h.t.HelmChartContainer - [K3S] [eviction_manager.go:267] "eviction manager: failed to check if we have separate container filesystem. Ignoring." err="no imagefs label for configured runtime"
2025-01-29 18:36:45,240 INFO c.h.h.t.HelmChartContainer - [K3S] [eviction_manager.go:292] "Eviction manager: failed to get summary stats" err="failed to get node info: node \"90e6ebb001dc\" not found"
2025-01-29 18:36:45,305 INFO c.h.h.t.HelmChartContainer - [K3S] [serving.go:392] Generated self-signed cert in-memory
2025-01-29 18:36:45,337 INFO c.h.h.t.HelmChartContainer - [K3S] [kubelet_node_status.go:76] "Attempting to register node" node="90e6ebb001dc"
2025-01-29 18:36:45,343 INFO c.h.h.t.HelmChartContainer - [K3S] [kubelet_node_status.go:79] "Successfully registered node" node="90e6ebb001dc"
2025-01-29 18:36:45,344 INFO c.h.h.t.HelmChartContainer - [K3S] [kubelet_node_status.go:549] "Error updating node status, will retry" err="error getting node \"90e6ebb001dc\": node \"90e6ebb001dc\" not found"
2025-01-29 18:36:45,346 INFO c.h.h.t.HelmChartContainer - [K3S] [INFO] Annotations and labels have been set successfully on node: 90e6ebb001dc
2025-01-29 18:36:45,347 INFO c.h.h.t.HelmChartContainer - [K3S] [INFO] Starting flannel with backend vxlan
2025-01-29 18:36:45,401 INFO c.h.h.t.HelmChartContainer - [K3S] [server.go:698] "Successfully retrieved node IP(s)" IPs=["172.18.0.2"]
2025-01-29 18:36:45,401 INFO c.h.h.t.HelmChartContainer - [K3S] [server.go:234] "Kube-proxy configuration may be incomplete or incorrect" err="nodePortAddresses is unset; NodePort connections will be accepted on all local IPs. Consider using `--nodeport-addresses primary`"
2025-01-29 18:36:45,404 INFO c.h.h.t.HelmChartContainer - [K3S] [server.go:243] "kube-proxy running in dual-stack mode" primary ipFamily="IPv4"
2025-01-29 18:36:45,405 INFO c.h.h.t.HelmChartContainer - [K3S] [server_linux.go:170] "Using iptables Proxier"
2025-01-29 18:36:45,406 INFO c.h.h.t.HelmChartContainer - [K3S] [proxier.go:255] "Setting route_localnet=1 to allow node-ports on localhost; to change this either disable iptables.localhostNodePorts (--iptables-localhost-nodeports) or set nodePortAddresses (--nodeport-addresses) to filter loopback addresses"
2025-01-29 18:36:45,410 INFO c.h.h.t.HelmChartContainer - [K3S] [server.go:497] "Version info" version="v1.32.1+k3s1"
2025-01-29 18:36:45,410 INFO c.h.h.t.HelmChartContainer - [K3S] [server.go:499] "Golang settings" GOGC="" GOMAXPROCS="" GOTRACEBACK=""
2025-01-29 18:36:45,411 INFO c.h.h.t.HelmChartContainer - [K3S] [config.go:199] "Starting service config controller"
2025-01-29 18:36:45,413 INFO c.h.h.t.HelmChartContainer - [K3S] [config.go:105] "Starting endpoint slice config controller"
2025-01-29 18:36:45,413 INFO c.h.h.t.HelmChartContainer - [K3S] [config.go:329] "Starting node config controller"
2025-01-29 18:36:45,557 INFO c.h.h.t.HelmChartContainer - [K3S] [INFO] Done waiting for CRD helmchartconfigs.helm.cattle.io to become available
2025-01-29 18:36:45,557 INFO c.h.h.t.HelmChartContainer - [K3S] [INFO] Writing static file: /var/lib/rancher/k3s/server/static/charts/traefik-27.0.201+up27.0.2.tgz
2025-01-29 18:36:45,558 INFO c.h.h.t.HelmChartContainer - [K3S] [INFO] Writing static file: /var/lib/rancher/k3s/server/static/charts/traefik-crd-27.0.201+up27.0.2.tgz
2025-01-29 18:36:45,558 INFO c.h.h.t.HelmChartContainer - [K3S] [INFO] Writing manifest: /var/lib/rancher/k3s/server/manifests/runtimes.yaml
2025-01-29 18:36:45,558 INFO c.h.h.t.HelmChartContainer - [K3S] [INFO] Writing manifest: /var/lib/rancher/k3s/server/manifests/ccm.yaml
2025-01-29 18:36:45,559 INFO c.h.h.t.HelmChartContainer - [K3S] [INFO] Writing manifest: /var/lib/rancher/k3s/server/manifests/metrics-server/metrics-apiservice.yaml
2025-01-29 18:36:45,559 INFO c.h.h.t.HelmChartContainer - [K3S] [INFO] Writing manifest: /var/lib/rancher/k3s/server/manifests/metrics-server/metrics-server-deployment.yaml
2025-01-29 18:36:45,559 INFO c.h.h.t.HelmChartContainer - [K3S] [INFO] Writing manifest: /var/lib/rancher/k3s/server/manifests/metrics-server/metrics-server-service.yaml
2025-01-29 18:36:45,560 INFO c.h.h.t.HelmChartContainer - [K3S] [INFO] Writing manifest: /var/lib/rancher/k3s/server/manifests/rolebindings.yaml
2025-01-29 18:36:45,560 INFO c.h.h.t.HelmChartContainer - [K3S] [INFO] Writing manifest: /var/lib/rancher/k3s/server/manifests/metrics-server/resource-reader.yaml
2025-01-29 18:36:45,560 INFO c.h.h.t.HelmChartContainer - [K3S] [INFO] Writing manifest: /var/lib/rancher/k3s/server/manifests/coredns.yaml
2025-01-29 18:36:45,560 INFO c.h.h.t.HelmChartContainer - [K3S] [INFO] Writing manifest: /var/lib/rancher/k3s/server/manifests/local-storage.yaml
2025-01-29 18:36:45,561 INFO c.h.h.t.HelmChartContainer - [K3S] [INFO] Writing manifest: /var/lib/rancher/k3s/server/manifests/metrics-server/aggregated-metrics-reader.yaml
2025-01-29 18:36:45,561 INFO c.h.h.t.HelmChartContainer - [K3S] [INFO] Writing manifest: /var/lib/rancher/k3s/server/manifests/metrics-server/auth-delegator.yaml
2025-01-29 18:36:45,561 INFO c.h.h.t.HelmChartContainer - [K3S] [INFO] Writing manifest: /var/lib/rancher/k3s/server/manifests/metrics-server/auth-reader.yaml
2025-01-29 18:36:45,561 INFO c.h.h.t.HelmChartContainer - [K3S] [INFO] Starting dynamiclistener CN filter node controller with SANs: [localhost 127.0.0.1 ::1 localhost 90e6ebb001dc 172.18.0.2 10.43.0.1 kubernetes kubernetes.default kubernetes.default.svc kubernetes.default.svc.cluster.local]
2025-01-29 18:36:45,561 INFO c.h.h.t.HelmChartContainer - [K3S] [INFO] Tunnel server egress proxy mode: agent
2025-01-29 18:36:45,617 INFO c.h.h.t.HelmChartContainer - [K3S] [controllermanager.go:185] "Starting" version="v1.32.1+k3s1"
2025-01-29 18:36:45,617 INFO c.h.h.t.HelmChartContainer - [K3S] [controllermanager.go:187] "Golang settings" GOGC="" GOMAXPROCS="" GOTRACEBACK=""
2025-01-29 18:36:45,620 INFO c.h.h.t.HelmChartContainer - [K3S] [requestheader_controller.go:180] Starting RequestHeaderAuthRequestController
2025-01-29 18:36:45,622 INFO c.h.h.t.HelmChartContainer - [K3S] [configmap_cafile_content.go:205] "Starting controller" name="client-ca::kube-system::extension-apiserver-authentication::requestheader-client-ca-file"
2025-01-29 18:36:45,622 INFO c.h.h.t.HelmChartContainer - [K3S] [configmap_cafile_content.go:205] "Starting controller" name="client-ca::kube-system::extension-apiserver-authentication::client-ca-file"
2025-01-29 18:36:45,622 INFO c.h.h.t.HelmChartContainer - [K3S] [secure_serving.go:213] Serving securely on 127.0.0.1:10257
2025-01-29 18:36:45,622 INFO c.h.h.t.HelmChartContainer - [K3S] [tlsconfig.go:243] "Starting DynamicServingCertificateController"
2025-01-29 18:36:45,626 INFO c.h.h.t.HelmChartContainer - [K3S] [controllermanager.go:765] "Started controller" controller="serviceaccount-token-controller"
2025-01-29 18:36:45,633 INFO c.h.h.t.HelmChartContainer - [K3S] [controllermanager.go:765] "Started controller" controller="job-controller"
2025-01-29 18:36:45,633 INFO c.h.h.t.HelmChartContainer - [K3S] [controllermanager.go:723] "Skipping a cloud provider controller" controller="service-lb-controller"
2025-01-29 18:36:45,634 INFO c.h.h.t.HelmChartContainer - [K3S] [controllermanager.go:723] "Skipping a cloud provider controller" controller="node-route-controller"
2025-01-29 18:36:45,634 INFO c.h.h.t.HelmChartContainer - [K3S] [job_controller.go:243] "Starting job controller"
2025-01-29 18:36:45,640 INFO c.h.h.t.HelmChartContainer - [K3S] [controllermanager.go:765] "Started controller" controller="taint-eviction-controller"
2025-01-29 18:36:45,640 INFO c.h.h.t.HelmChartContainer - [K3S] [taint_eviction.go:281] "Starting" controller="taint-eviction-controller"
2025-01-29 18:36:45,640 INFO c.h.h.t.HelmChartContainer - [K3S] [taint_eviction.go:287] "Sending events to api server"
2025-01-29 18:36:45,650 INFO c.h.h.t.HelmChartContainer - [K3S] [kubelet_node_status.go:502] "Fast updating node status as it just became ready"
2025-01-29 18:36:45,650 INFO c.h.h.t.HelmChartContainer - [K3S] [controllermanager.go:765] "Started controller" controller="horizontal-pod-autoscaler-controller"
2025-01-29 18:36:45,650 INFO c.h.h.t.HelmChartContainer - [K3S] [horizontal.go:201] "Starting HPA controller"
2025-01-29 18:36:45,656 INFO c.h.h.t.HelmChartContainer - [K3S] [controllermanager.go:765] "Started controller" controller="legacy-serviceaccount-token-cleaner-controller"
2025-01-29 18:36:45,656 INFO c.h.h.t.HelmChartContainer - [K3S] [legacy_serviceaccount_token_cleaner.go:103] "Starting legacy service account token cleaner controller"
2025-01-29 18:36:45,661 INFO c.h.h.t.HelmChartContainer - [K3S] [controllermanager.go:765] "Started controller" controller="persistentvolumeclaim-protection-controller"
2025-01-29 18:36:45,662 INFO c.h.h.t.HelmChartContainer - [K3S] [pvc_protection_controller.go:168] "Starting PVC protection controller"
2025-01-29 18:36:45,667 INFO c.h.h.t.HelmChartContainer - [K3S] [controllermanager.go:765] "Started controller" controller="ttl-after-finished-controller"
2025-01-29 18:36:45,668 INFO c.h.h.t.HelmChartContainer - [K3S] [INFO] Starting k3s.cattle.io/v1, Kind=Addon controller
2025-01-29 18:36:45,668 INFO c.h.h.t.HelmChartContainer - [K3S] [INFO] Creating deploy event broadcaster
2025-01-29 18:36:45,668 INFO c.h.h.t.HelmChartContainer - [K3S] [ttlafterfinished_controller.go:112] "Starting TTL after finished controller"
2025-01-29 18:36:45,674 INFO c.h.h.t.HelmChartContainer - [K3S] [controllermanager.go:765] "Started controller" controller="replicationcontroller-controller"
2025-01-29 18:36:45,674 INFO c.h.h.t.HelmChartContainer - [K3S] [replica_set.go:217] "Starting controller" name="replicationcontroller"
2025-01-29 18:36:45,679 INFO c.h.h.t.HelmChartContainer - [K3S] [controllermanager.go:765] "Started controller" controller="replicaset-controller"
2025-01-29 18:36:45,680 INFO c.h.h.t.HelmChartContainer - [K3S] [replica_set.go:217] "Starting controller" name="replicaset"
2025-01-29 18:36:45,680 INFO c.h.h.t.HelmChartContainer - [K3S] [controllermanager.go:723] "Skipping a cloud provider controller" controller="cloud-node-lifecycle-controller"
2025-01-29 18:36:45,684 INFO c.h.h.t.HelmChartContainer - [K3S] [controllermanager.go:765] "Started controller" controller="clusterrole-aggregation-controller"
2025-01-29 18:36:45,685 INFO c.h.h.t.HelmChartContainer - [K3S] [controllermanager.go:717] "Controller is disabled by a feature gate" controller="service-cidr-controller" requiredFeatureGates=["MultiCIDRServiceAllocator"]
2025-01-29 18:36:45,685 INFO c.h.h.t.HelmChartContainer - [K3S] [clusterroleaggregation_controller.go:194] "Starting ClusterRoleAggregator controller"
2025-01-29 18:36:45,771 INFO c.h.h.t.HelmChartContainer - [K3S] [INFO] Starting /v1, Kind=Node controller
2025-01-29 18:36:45,772 INFO c.h.h.t.HelmChartContainer - [K3S] [INFO] Creating helm-controller event broadcaster
2025-01-29 18:36:45,779 INFO c.h.h.t.HelmChartContainer - [K3S] [INFO] Cluster dns configmap has been set successfully
2025-01-29 18:36:45,781 INFO c.h.h.t.HelmChartContainer - [K3S] [controllermanager.go:765] "Started controller" controller="endpointslice-mirroring-controller"
2025-01-29 18:36:45,781 INFO c.h.h.t.HelmChartContainer - [K3S] [endpointslicemirroring_controller.go:227] "Starting EndpointSliceMirroring controller"
2025-01-29 18:36:45,824 INFO c.h.h.t.HelmChartContainer - [K3S] [INFO] Starting /v1, Kind=Secret controller
2025-01-29 18:36:45,825 INFO c.h.h.t.HelmChartContainer - [K3S] [INFO] Starting /v1, Kind=ConfigMap controller
2025-01-29 18:36:45,825 INFO c.h.h.t.HelmChartContainer - [K3S] [INFO] Starting /v1, Kind=ServiceAccount controller
2025-01-29 18:36:45,830 INFO c.h.h.t.HelmChartContainer - [K3S] [INFO] Updating TLS secret for kube-system/k3s-serving (count: 10): map[listener.cattle.io/cn-10.43.0.1:10.43.0.1 listener.cattle.io/cn-127.0.0.1:127.0.0.1 listener.cattle.io/cn-172.18.0.2:172.18.0.2 listener.cattle.io/cn-90e6ebb001dc:90e6ebb001dc listener.cattle.io/cn-__1-f16284:::1 listener.cattle.io/cn-kubernetes:kubernetes listener.cattle.io/cn-kubernetes.default:kubernetes.default listener.cattle.io/cn-kubernetes.default.svc:kubernetes.default.svc listener.cattle.io/cn-kubernetes.default.svc.cluster.local:kubernetes.default.svc.cluster.local listener.cattle.io/cn-localhost:localhost listener.cattle.io/fingerprint:SHA1=F90BBEC64BE9E3387EAC440EEEA292809FEB7652]
2025-01-29 18:36:45,833 INFO c.h.h.t.HelmChartContainer - [K3S] [INFO] Active TLS secret kube-system/k3s-serving (ver=239) (count 10): map[listener.cattle.io/cn-10.43.0.1:10.43.0.1 listener.cattle.io/cn-127.0.0.1:127.0.0.1 listener.cattle.io/cn-172.18.0.2:172.18.0.2 listener.cattle.io/cn-90e6ebb001dc:90e6ebb001dc listener.cattle.io/cn-__1-f16284:::1 listener.cattle.io/cn-kubernetes:kubernetes listener.cattle.io/cn-kubernetes.default:kubernetes.default listener.cattle.io/cn-kubernetes.default.svc:kubernetes.default.svc listener.cattle.io/cn-kubernetes.default.svc.cluster.local:kubernetes.default.svc.cluster.local listener.cattle.io/cn-localhost:localhost listener.cattle.io/fingerprint:SHA1=F90BBEC64BE9E3387EAC440EEEA292809FEB7652]
2025-01-29 18:36:45,880 INFO c.h.h.t.HelmChartContainer - [K3S] [INFO] Starting helm.cattle.io/v1, Kind=HelmChart controller
2025-01-29 18:36:45,881 INFO c.h.h.t.HelmChartContainer - [K3S] [INFO] Starting helm.cattle.io/v1, Kind=HelmChartConfig controller
2025-01-29 18:36:45,883 INFO c.h.h.t.HelmChartContainer - [K3S] [INFO] Starting rbac.authorization.k8s.io/v1, Kind=ClusterRoleBinding controller
2025-01-29 18:36:45,885 INFO c.h.h.t.HelmChartContainer - [K3S] [INFO] Starting batch/v1, Kind=Job controller
2025-01-29 18:36:45,927 INFO c.h.h.t.HelmChartContainer - [K3S] [INFO] Updating TLS secret for kube-system/k3s-serving (count: 10): map[listener.cattle.io/cn-10.43.0.1:10.43.0.1 listener.cattle.io/cn-127.0.0.1:127.0.0.1 listener.cattle.io/cn-172.18.0.2:172.18.0.2 listener.cattle.io/cn-90e6ebb001dc:90e6ebb001dc listener.cattle.io/cn-__1-f16284:::1 listener.cattle.io/cn-kubernetes:kubernetes listener.cattle.io/cn-kubernetes.default:kubernetes.default listener.cattle.io/cn-kubernetes.default.svc:kubernetes.default.svc listener.cattle.io/cn-kubernetes.default.svc.cluster.local:kubernetes.default.svc.cluster.local listener.cattle.io/cn-localhost:localhost listener.cattle.io/fingerprint:SHA1=F90BBEC64BE9E3387EAC440EEEA292809FEB7652]
2025-01-29 18:36:46,029 INFO c.h.h.t.HelmChartContainer - [K3S] [graph_builder.go:351] "Running" component="GraphBuilder"
2025-01-29 18:36:46,029 INFO c.h.h.t.HelmChartContainer - [K3S] [controllermanager.go:765] "Started controller" controller="garbage-collector-controller"
2025-01-29 18:36:46,170 INFO c.h.h.t.HelmChartContainer - [K3S] [apiserver.go:52] "Watching apiserver"
2025-01-29 18:36:46,193 INFO c.h.h.t.HelmChartContainer - [K3S] [desired_state_of_world_populator.go:157] "Finished populating initial desired state of world"
2025-01-29 18:36:46,280 INFO c.h.h.t.HelmChartContainer - [K3S] [controllermanager.go:765] "Started controller" controller="persistentvolume-attach-detach-controller"
2025-01-29 18:36:46,281 INFO c.h.h.t.HelmChartContainer - [K3S] [attach_detach_controller.go:338] "Starting attach detach controller"
2025-01-29 18:36:46,436 INFO c.h.h.t.HelmChartContainer - [K3S] [controllermanager.go:765] "Started controller" controller="persistentvolume-protection-controller"
2025-01-29 18:36:46,436 INFO c.h.h.t.HelmChartContainer - [K3S] [pv_protection_controller.go:81] "Starting PV protection controller"
2025-01-29 18:36:46,579 INFO c.h.h.t.HelmChartContainer - [K3S] [controllermanager.go:765] "Started controller" controller="persistentvolume-expander-controller"
2025-01-29 18:36:46,580 INFO c.h.h.t.HelmChartContainer - [K3S] [expand_controller.go:329] "Starting expand controller"
2025-01-29 18:36:46,729 INFO c.h.h.t.HelmChartContainer - [K3S] [controllermanager.go:765] "Started controller" controller="root-ca-certificate-publisher-controller"
2025-01-29 18:36:46,729 INFO c.h.h.t.HelmChartContainer - [K3S] [publisher.go:107] "Starting root CA cert publisher controller"
2025-01-29 18:36:46,796 INFO c.h.h.t.HelmChartContainer - [K3S] [INFO] Labels and annotations have been set successfully on node: 90e6ebb001dc
2025-01-29 18:36:46,983 INFO c.h.h.t.HelmChartContainer - [K3S] [controllermanager.go:765] "Started controller" controller="namespace-controller"
2025-01-29 18:36:46,983 INFO c.h.h.t.HelmChartContainer - [K3S] [namespace_controller.go:202] "Starting namespace controller"
2025-01-29 18:36:47,129 INFO c.h.h.t.HelmChartContainer - [K3S] [controllermanager.go:765] "Started controller" controller="certificatesigningrequest-cleaner-controller"
2025-01-29 18:36:47,129 INFO c.h.h.t.HelmChartContainer - [K3S] [cleaner.go:83] "Starting CSR cleaner controller"
2025-01-29 18:36:47,280 INFO c.h.h.t.HelmChartContainer - [K3S] [controllermanager.go:765] "Started controller" controller="ttl-controller"
2025-01-29 18:36:47,280 INFO c.h.h.t.HelmChartContainer - [K3S] [ttl_controller.go:127] "Starting TTL controller"
2025-01-29 18:36:47,429 INFO c.h.h.t.HelmChartContainer - [K3S] [controllermanager.go:765] "Started controller" controller="persistentvolume-binder-controller"
2025-01-29 18:36:47,430 INFO c.h.h.t.HelmChartContainer - [K3S] [pv_controller_base.go:308] "Starting persistent volume controller"
2025-01-29 18:36:47,632 INFO c.h.h.t.HelmChartContainer - [K3S] [controllermanager.go:765] "Started controller" controller="disruption-controller"
2025-01-29 18:36:47,632 INFO c.h.h.t.HelmChartContainer - [K3S] [disruption.go:452] "Sending events to api server."
2025-01-29 18:36:47,632 INFO c.h.h.t.HelmChartContainer - [K3S] [disruption.go:463] "Starting disruption controller"
2025-01-29 18:36:47,670 INFO c.h.h.t.HelmChartContainer - [K3S] [event.go:389] "Event occurred" object="90e6ebb001dc" fieldPath="" kind="Node" apiVersion="" type="Normal" reason="NodePasswordValidationComplete" message="Deferred node password secret validation complete"
2025-01-29 18:36:47,673 INFO c.h.h.t.HelmChartContainer - [K3S] [event.go:389] "Event occurred" object="kube-system/ccm" fieldPath="" kind="Addon" apiVersion="k3s.cattle.io/v1" type="Normal" reason="ApplyingManifest" message="Applying manifest at \"/var/lib/rancher/k3s/server/manifests/ccm.yaml\""
2025-01-29 18:36:47,691 INFO c.h.h.t.HelmChartContainer - [K3S] [event.go:389] "Event occurred" object="kube-system/ccm" fieldPath="" kind="Addon" apiVersion="k3s.cattle.io/v1" type="Normal" reason="AppliedManifest" message="Applied manifest at \"/var/lib/rancher/k3s/server/manifests/ccm.yaml\""
2025-01-29 18:36:47,699 INFO c.h.h.t.HelmChartContainer - [K3S] [event.go:389] "Event occurred" object="kube-system/coredns" fieldPath="" kind="Addon" apiVersion="k3s.cattle.io/v1" type="Normal" reason="ApplyingManifest" message="Applying manifest at \"/var/lib/rancher/k3s/server/manifests/coredns.yaml\""
2025-01-29 18:36:47,780 INFO c.h.h.t.HelmChartContainer - [K3S] [controllermanager.go:765] "Started controller" controller="token-cleaner-controller"
2025-01-29 18:36:47,780 INFO c.h.h.t.HelmChartContainer - [K3S] [controllermanager.go:717] "Controller is disabled by a feature gate" controller="kube-apiserver-serving-clustertrustbundle-publisher-controller" requiredFeatureGates=["ClusterTrustBundle"]
2025-01-29 18:36:47,780 INFO c.h.h.t.HelmChartContainer - [K3S] [tokencleaner.go:117] "Starting token cleaner controller"
2025-01-29 18:36:47,806 INFO c.h.h.t.HelmChartContainer - [K3S] [alloc.go:330] "allocated clusterIPs" service="kube-system/kube-dns" clusterIPs={"IPv4":"10.43.0.10"}
2025-01-29 18:36:47,807 INFO c.h.h.t.HelmChartContainer - [K3S] [event.go:389] "Event occurred" object="kube-system/coredns" fieldPath="" kind="Addon" apiVersion="k3s.cattle.io/v1" type="Normal" reason="AppliedManifest" message="Applied manifest at \"/var/lib/rancher/k3s/server/manifests/coredns.yaml\""
2025-01-29 18:36:47,816 INFO c.h.h.t.HelmChartContainer - [K3S] [event.go:389] "Event occurred" object="kube-system/local-storage" fieldPath="" kind="Addon" apiVersion="k3s.cattle.io/v1" type="Normal" reason="ApplyingManifest" message="Applying manifest at \"/var/lib/rancher/k3s/server/manifests/local-storage.yaml\""
2025-01-29 18:36:47,905 INFO c.h.h.t.HelmChartContainer - [K3S] [event.go:389] "Event occurred" object="kube-system/local-storage" fieldPath="" kind="Addon" apiVersion="k3s.cattle.io/v1" type="Normal" reason="AppliedManifest" message="Applied manifest at \"/var/lib/rancher/k3s/server/manifests/local-storage.yaml\""
2025-01-29 18:36:47,911 INFO c.h.h.t.HelmChartContainer - [K3S] [event.go:389] "Event occurred" object="kube-system/aggregated-metrics-reader" fieldPath="" kind="Addon" apiVersion="k3s.cattle.io/v1" type="Normal" reason="ApplyingManifest" message="Applying manifest at \"/var/lib/rancher/k3s/server/manifests/metrics-server/aggregated-metrics-reader.yaml\""
2025-01-29 18:36:47,916 INFO c.h.h.t.HelmChartContainer - [K3S] [event.go:389] "Event occurred" object="kube-system/aggregated-metrics-reader" fieldPath="" kind="Addon" apiVersion="k3s.cattle.io/v1" type="Normal" reason="AppliedManifest" message="Applied manifest at \"/var/lib/rancher/k3s/server/manifests/metrics-server/aggregated-metrics-reader.yaml\""
2025-01-29 18:36:47,921 INFO c.h.h.t.HelmChartContainer - [K3S] [event.go:389] "Event occurred" object="kube-system/auth-delegator" fieldPath="" kind="Addon" apiVersion="k3s.cattle.io/v1" type="Normal" reason="ApplyingManifest" message="Applying manifest at \"/var/lib/rancher/k3s/server/manifests/metrics-server/auth-delegator.yaml\""
2025-01-29 18:36:47,929 INFO c.h.h.t.HelmChartContainer - [K3S] [controllermanager.go:765] "Started controller" controller="ephemeral-volume-controller"
2025-01-29 18:36:47,929 INFO c.h.h.t.HelmChartContainer - [K3S] [controller.go:173] "Starting ephemeral volume controller"
2025-01-29 18:36:47,987 INFO c.h.h.t.HelmChartContainer - [K3S] [event.go:389] "Event occurred" object="kube-system/auth-delegator" fieldPath="" kind="Addon" apiVersion="k3s.cattle.io/v1" type="Normal" reason="AppliedManifest" message="Applied manifest at \"/var/lib/rancher/k3s/server/manifests/metrics-server/auth-delegator.yaml\""
2025-01-29 18:36:47,992 INFO c.h.h.t.HelmChartContainer - [K3S] [event.go:389] "Event occurred" object="kube-system/auth-reader" fieldPath="" kind="Addon" apiVersion="k3s.cattle.io/v1" type="Normal" reason="ApplyingManifest" message="Applying manifest at \"/var/lib/rancher/k3s/server/manifests/metrics-server/auth-reader.yaml\""
2025-01-29 18:36:47,997 INFO c.h.h.t.HelmChartContainer - [K3S] [event.go:389] "Event occurred" object="kube-system/auth-reader" fieldPath="" kind="Addon" apiVersion="k3s.cattle.io/v1" type="Normal" reason="AppliedManifest" message="Applied manifest at \"/var/lib/rancher/k3s/server/manifests/metrics-server/auth-reader.yaml\""
2025-01-29 18:36:48,004 INFO c.h.h.t.HelmChartContainer - [K3S] [event.go:389] "Event occurred" object="kube-system/metrics-apiservice" fieldPath="" kind="Addon" apiVersion="k3s.cattle.io/v1" type="Normal" reason="ApplyingManifest" message="Applying manifest at \"/var/lib/rancher/k3s/server/manifests/metrics-server/metrics-apiservice.yaml\""
2025-01-29 18:36:48,010 INFO c.h.h.t.HelmChartContainer - [K3S] [event.go:389] "Event occurred" object="kube-system/metrics-apiservice" fieldPath="" kind="Addon" apiVersion="k3s.cattle.io/v1" type="Normal" reason="AppliedManifest" message="Applied manifest at \"/var/lib/rancher/k3s/server/manifests/metrics-server/metrics-apiservice.yaml\""
2025-01-29 18:36:48,015 INFO c.h.h.t.HelmChartContainer - [K3S] [handler_proxy.go:99] no RequestInfo found in the context
2025-01-29 18:36:48,016 INFO c.h.h.t.HelmChartContainer - [K3S] [controller.go:146] "Unhandled Error" err=<
2025-01-29 18:36:48,016 INFO c.h.h.t.HelmChartContainer - [K3S] 	, Header: map[Content-Type:[text/plain; charset=utf-8] X-Content-Type-Options:[nosniff]]
2025-01-29 18:36:48,016 INFO c.h.h.t.HelmChartContainer - [K3S]  >
2025-01-29 18:36:48,016 INFO c.h.h.t.HelmChartContainer - [K3S] [handler_proxy.go:143] error resolving kube-system/metrics-server: service "metrics-server" not found
2025-01-29 18:36:48,019 INFO c.h.h.t.HelmChartContainer - [K3S] [event.go:389] "Event occurred" object="kube-system/metrics-server-deployment" fieldPath="" kind="Addon" apiVersion="k3s.cattle.io/v1" type="Normal" reason="ApplyingManifest" message="Applying manifest at \"/var/lib/rancher/k3s/server/manifests/metrics-server/metrics-server-deployment.yaml\""
2025-01-29 18:36:48,030 INFO c.h.h.t.HelmChartContainer - [K3S] [event.go:389] "Event occurred" object="kube-system/metrics-server-deployment" fieldPath="" kind="Addon" apiVersion="k3s.cattle.io/v1" type="Normal" reason="AppliedManifest" message="Applied manifest at \"/var/lib/rancher/k3s/server/manifests/metrics-server/metrics-server-deployment.yaml\""
2025-01-29 18:36:48,035 INFO c.h.h.t.HelmChartContainer - [K3S] [event.go:389] "Event occurred" object="kube-system/metrics-server-service" fieldPath="" kind="Addon" apiVersion="k3s.cattle.io/v1" type="Normal" reason="ApplyingManifest" message="Applying manifest at \"/var/lib/rancher/k3s/server/manifests/metrics-server/metrics-server-service.yaml\""
2025-01-29 18:36:48,042 INFO c.h.h.t.HelmChartContainer - [K3S] [alloc.go:330] "allocated clusterIPs" service="kube-system/metrics-server" clusterIPs={"IPv4":"10.43.42.52"}
2025-01-29 18:36:48,043 INFO c.h.h.t.HelmChartContainer - [K3S] [event.go:389] "Event occurred" object="kube-system/metrics-server-service" fieldPath="" kind="Addon" apiVersion="k3s.cattle.io/v1" type="Normal" reason="AppliedManifest" message="Applied manifest at \"/var/lib/rancher/k3s/server/manifests/metrics-server/metrics-server-service.yaml\""
2025-01-29 18:36:48,049 INFO c.h.h.t.HelmChartContainer - [K3S] [handler_proxy.go:99] no RequestInfo found in the context
2025-01-29 18:36:48,049 INFO c.h.h.t.HelmChartContainer - [K3S] [controller.go:146] "Unhandled Error" err=<
2025-01-29 18:36:48,049 INFO c.h.h.t.HelmChartContainer - [K3S] 	, Header: map[Content-Type:[text/plain; charset=utf-8] X-Content-Type-Options:[nosniff]]
2025-01-29 18:36:48,049 INFO c.h.h.t.HelmChartContainer - [K3S]  >
2025-01-29 18:36:48,050 INFO c.h.h.t.HelmChartContainer - [K3S] [handler_proxy.go:143] error resolving kube-system/metrics-server: endpoints "metrics-server" not found
2025-01-29 18:36:48,053 INFO c.h.h.t.HelmChartContainer - [K3S] [event.go:389] "Event occurred" object="kube-system/resource-reader" fieldPath="" kind="Addon" apiVersion="k3s.cattle.io/v1" type="Normal" reason="ApplyingManifest" message="Applying manifest at \"/var/lib/rancher/k3s/server/manifests/metrics-server/resource-reader.yaml\""
2025-01-29 18:36:48,080 INFO c.h.h.t.HelmChartContainer - [K3S] [controllermanager.go:765] "Started controller" controller="endpointslice-controller"
2025-01-29 18:36:48,081 INFO c.h.h.t.HelmChartContainer - [K3S] [endpointslice_controller.go:281] "Starting endpoint slice controller"
2025-01-29 18:36:48,087 INFO c.h.h.t.HelmChartContainer - [K3S] [event.go:389] "Event occurred" object="kube-system/resource-reader" fieldPath="" kind="Addon" apiVersion="k3s.cattle.io/v1" type="Normal" reason="AppliedManifest" message="Applied manifest at \"/var/lib/rancher/k3s/server/manifests/metrics-server/resource-reader.yaml\""
2025-01-29 18:36:48,093 INFO c.h.h.t.HelmChartContainer - [K3S] [event.go:389] "Event occurred" object="kube-system/rolebindings" fieldPath="" kind="Addon" apiVersion="k3s.cattle.io/v1" type="Normal" reason="ApplyingManifest" message="Applying manifest at \"/var/lib/rancher/k3s/server/manifests/rolebindings.yaml\""
2025-01-29 18:36:48,202 INFO c.h.h.t.HelmChartContainer - [K3S] [event.go:389] "Event occurred" object="kube-system/rolebindings" fieldPath="" kind="Addon" apiVersion="k3s.cattle.io/v1" type="Normal" reason="AppliedManifest" message="Applied manifest at \"/var/lib/rancher/k3s/server/manifests/rolebindings.yaml\""
2025-01-29 18:36:48,208 INFO c.h.h.t.HelmChartContainer - [K3S] [event.go:389] "Event occurred" object="kube-system/runtimes" fieldPath="" kind="Addon" apiVersion="k3s.cattle.io/v1" type="Normal" reason="ApplyingManifest" message="Applying manifest at \"/var/lib/rancher/k3s/server/manifests/runtimes.yaml\""
2025-01-29 18:36:48,234 INFO c.h.h.t.HelmChartContainer - [K3S] [event.go:389] "Event occurred" object="kube-system/runtimes" fieldPath="" kind="Addon" apiVersion="k3s.cattle.io/v1" type="Normal" reason="AppliedManifest" message="Applied manifest at \"/var/lib/rancher/k3s/server/manifests/runtimes.yaml\""
2025-01-29 18:36:48,272 INFO c.h.h.t.HelmChartContainer - [K3S] [serving.go:392] Generated self-signed cert in-memory
2025-01-29 18:36:48,387 INFO c.h.h.t.HelmChartContainer - [K3S] [controllermanager.go:765] "Started controller" controller="resourcequota-controller"
2025-01-29 18:36:48,387 INFO c.h.h.t.HelmChartContainer - [K3S] [resource_quota_controller.go:300] "Starting resource quota controller"
2025-01-29 18:36:48,530 INFO c.h.h.t.HelmChartContainer - [K3S] [controllermanager.go:765] "Started controller" controller="daemonset-controller"
2025-01-29 18:36:48,530 INFO c.h.h.t.HelmChartContainer - [K3S] [controllermanager.go:717] "Controller is disabled by a feature gate" controller="selinux-warning-controller" requiredFeatureGates=["SELinuxChangePolicy"]
2025-01-29 18:36:48,530 INFO c.h.h.t.HelmChartContainer - [K3S] [controllermanager.go:717] "Controller is disabled by a feature gate" controller="storageversion-garbage-collector-controller" requiredFeatureGates=["APIServerIdentity","StorageVersionAPI"]
2025-01-29 18:36:48,530 INFO c.h.h.t.HelmChartContainer - [K3S] [controllermanager.go:717] "Controller is disabled by a feature gate" controller="resourceclaim-controller" requiredFeatureGates=["DynamicResourceAllocation"]
2025-01-29 18:36:48,530 INFO c.h.h.t.HelmChartContainer - [K3S] [daemon_controller.go:294] "Starting daemon sets controller"
2025-01-29 18:36:48,682 INFO c.h.h.t.HelmChartContainer - [K3S] [controllermanager.go:765] "Started controller" controller="pod-garbage-collector-controller"
2025-01-29 18:36:48,682 INFO c.h.h.t.HelmChartContainer - [K3S] [gc_controller.go:99] "Starting GC controller"
2025-01-29 18:36:48,830 INFO c.h.h.t.HelmChartContainer - [K3S] [controllermanager.go:765] "Started controller" controller="deployment-controller"
2025-01-29 18:36:48,832 INFO c.h.h.t.HelmChartContainer - [K3S] [deployment_controller.go:173] "Starting controller" controller="deployment"
2025-01-29 18:36:48,887 INFO c.h.h.t.HelmChartContainer - [K3S] [serving.go:392] Generated self-signed cert in-memory
2025-01-29 18:36:48,980 INFO c.h.h.t.HelmChartContainer - [K3S] [controllermanager.go:765] "Started controller" controller="cronjob-controller"
2025-01-29 18:36:48,980 INFO c.h.h.t.HelmChartContainer - [K3S] [cronjob_controllerv2.go:145] "Starting cronjob controller v2"
2025-01-29 18:36:49,011 INFO c.h.h.t.HelmChartContainer - [K3S] [handler_proxy.go:99] no RequestInfo found in the context
2025-01-29 18:36:49,011 INFO c.h.h.t.HelmChartContainer - [K3S] [handler_proxy.go:99] no RequestInfo found in the context
2025-01-29 18:36:49,011 INFO c.h.h.t.HelmChartContainer - [K3S] [controller.go:102] "Unhandled Error" err=<
2025-01-29 18:36:49,011 INFO c.h.h.t.HelmChartContainer - [K3S] 	, Header: map[Content-Type:[text/plain; charset=utf-8] X-Content-Type-Options:[nosniff]]
2025-01-29 18:36:49,011 INFO c.h.h.t.HelmChartContainer - [K3S]  >
2025-01-29 18:36:49,029 INFO c.h.h.t.HelmChartContainer - [K3S] [controllermanager.go:765] "Started controller" controller="certificatesigningrequest-approving-controller"
2025-01-29 18:36:49,030 INFO c.h.h.t.HelmChartContainer - [K3S] [controllermanager.go:728] "Warning: controller is disabled" controller="bootstrap-signer-controller"
2025-01-29 18:36:49,030 INFO c.h.h.t.HelmChartContainer - [K3S] [certificate_controller.go:120] "Starting certificate controller" name="csrapproving"
2025-01-29 18:36:49,049 INFO c.h.h.t.HelmChartContainer - [K3S] [controllermanager.go:160] Version: v1.32.1+k3s1
2025-01-29 18:36:49,052 INFO c.h.h.t.HelmChartContainer - [K3S] [requestheader_controller.go:180] Starting RequestHeaderAuthRequestController
2025-01-29 18:36:49,052 INFO c.h.h.t.HelmChartContainer - [K3S] [configmap_cafile_content.go:205] "Starting controller" name="client-ca::kube-system::extension-apiserver-authentication::client-ca-file"
2025-01-29 18:36:49,053 INFO c.h.h.t.HelmChartContainer - [K3S] [configmap_cafile_content.go:205] "Starting controller" name="client-ca::kube-system::extension-apiserver-authentication::requestheader-client-ca-file"
2025-01-29 18:36:49,053 INFO c.h.h.t.HelmChartContainer - [K3S] [secure_serving.go:213] Serving securely on 127.0.0.1:10258
2025-01-29 18:36:49,053 INFO c.h.h.t.HelmChartContainer - [K3S] [tlsconfig.go:243] "Starting DynamicServingCertificateController"
2025-01-29 18:36:49,056 INFO c.h.h.t.HelmChartContainer - [K3S] [INFO] Creating service-lb-controller event broadcaster
2025-01-29 18:36:49,154 INFO c.h.h.t.HelmChartContainer - [K3S] [INFO] Tunnel authorizer set Kubelet Port 0.0.0.0:10250
2025-01-29 18:36:49,168 INFO c.h.h.t.HelmChartContainer - [K3S] [INFO] Starting /v1, Kind=Node controller
2025-01-29 18:36:49,171 INFO c.h.h.t.HelmChartContainer - [K3S] [INFO] Starting /v1, Kind=Pod controller
2025-01-29 18:36:49,174 INFO c.h.h.t.HelmChartContainer - [K3S] [INFO] Starting apps/v1, Kind=DaemonSet controller
2025-01-29 18:36:49,179 INFO c.h.h.t.HelmChartContainer - [K3S] [INFO] Starting discovery.k8s.io/v1, Kind=EndpointSlice controller
2025-01-29 18:36:49,179 INFO c.h.h.t.HelmChartContainer - [K3S] [controllermanager.go:329] Started "cloud-node-controller"
2025-01-29 18:36:49,179 INFO c.h.h.t.HelmChartContainer - [K3S] [controllermanager.go:329] Started "cloud-node-lifecycle-controller"
2025-01-29 18:36:49,179 INFO c.h.h.t.HelmChartContainer - [K3S] [controllermanager.go:329] Started "service-lb-controller"
2025-01-29 18:36:49,179 INFO c.h.h.t.HelmChartContainer - [K3S] [controllermanager.go:306] "node-route-controller" is disabled
2025-01-29 18:36:49,179 INFO c.h.h.t.HelmChartContainer - [K3S] [node_controller.go:176] Sending events to api server.
2025-01-29 18:36:49,179 INFO c.h.h.t.HelmChartContainer - [K3S] [node_lifecycle_controller.go:112] Sending events to api server
2025-01-29 18:36:49,180 INFO c.h.h.t.HelmChartContainer - [K3S] [node_controller.go:185] Waiting for informer caches to sync
2025-01-29 18:36:49,180 INFO c.h.h.t.HelmChartContainer - [K3S] [controller.go:234] Starting service controller
2025-01-29 18:36:49,183 INFO c.h.h.t.HelmChartContainer - [K3S] [range_allocator.go:112] "No Secondary Service CIDR provided. Skipping filtering out secondary service addresses"
2025-01-29 18:36:49,183 INFO c.h.h.t.HelmChartContainer - [K3S] [controllermanager.go:765] "Started controller" controller="node-ipam-controller"
2025-01-29 18:36:49,183 INFO c.h.h.t.HelmChartContainer - [K3S] [node_ipam_controller.go:141] "Starting ipam controller"
2025-01-29 18:36:49,229 INFO c.h.h.t.HelmChartContainer - [K3S] [node_lifecycle_controller.go:432] "Controller will reconcile labels"
2025-01-29 18:36:49,230 INFO c.h.h.t.HelmChartContainer - [K3S] [controllermanager.go:765] "Started controller" controller="node-lifecycle-controller"
2025-01-29 18:36:49,230 INFO c.h.h.t.HelmChartContainer - [K3S] [controllermanager.go:717] "Controller is disabled by a feature gate" controller="volumeattributesclass-protection-controller" requiredFeatureGates=["VolumeAttributesClass"]
2025-01-29 18:36:49,230 INFO c.h.h.t.HelmChartContainer - [K3S] [node_lifecycle_controller.go:466] "Sending events to api server"
2025-01-29 18:36:49,230 INFO c.h.h.t.HelmChartContainer - [K3S] [node_lifecycle_controller.go:477] "Starting node controller"
2025-01-29 18:36:49,279 INFO c.h.h.t.HelmChartContainer - [K3S] [node_controller.go:429] Initializing node 90e6ebb001dc with cloud provider
2025-01-29 18:36:49,283 INFO c.h.h.t.HelmChartContainer - [K3S] [node_controller.go:474] Successfully initialized node 90e6ebb001dc with cloud provider
2025-01-29 18:36:49,283 INFO c.h.h.t.HelmChartContainer - [K3S] [event.go:389] "Event occurred" object="90e6ebb001dc" fieldPath="" kind="Node" apiVersion="v1" type="Normal" reason="Synced" message="Node synced successfully"
2025-01-29 18:36:49,291 INFO c.h.h.t.HelmChartContainer - [K3S] [INFO] Updated coredns NodeHosts entry for 90e6ebb001dc
2025-01-29 18:36:49,385 INFO c.h.h.t.HelmChartContainer - [K3S] [controllermanager.go:765] "Started controller" controller="endpoints-controller"
2025-01-29 18:36:49,386 INFO c.h.h.t.HelmChartContainer - [K3S] [endpoints_controller.go:182] "Starting endpoint controller"
2025-01-29 18:36:49,466 INFO c.h.h.t.HelmChartContainer - [K3S] [serving.go:392] Generated self-signed cert in-memory
2025-01-29 18:36:49,529 INFO c.h.h.t.HelmChartContainer - [K3S] [controllermanager.go:765] "Started controller" controller="serviceaccount-controller"
2025-01-29 18:36:49,530 INFO c.h.h.t.HelmChartContainer - [K3S] [serviceaccounts_controller.go:114] "Starting service account controller"
2025-01-29 18:36:49,656 INFO c.h.h.t.HelmChartContainer - [K3S] [server.go:164] "Starting Kubernetes Scheduler" version="v1.32.1+k3s1"
2025-01-29 18:36:49,656 INFO c.h.h.t.HelmChartContainer - [K3S] [server.go:166] "Golang settings" GOGC="" GOMAXPROCS="" GOTRACEBACK=""
2025-01-29 18:36:49,659 INFO c.h.h.t.HelmChartContainer - [K3S] [requestheader_controller.go:180] Starting RequestHeaderAuthRequestController
2025-01-29 18:36:49,659 INFO c.h.h.t.HelmChartContainer - [K3S] [configmap_cafile_content.go:205] "Starting controller" name="client-ca::kube-system::extension-apiserver-authentication::requestheader-client-ca-file"
2025-01-29 18:36:49,659 INFO c.h.h.t.HelmChartContainer - [K3S] [configmap_cafile_content.go:205] "Starting controller" name="client-ca::kube-system::extension-apiserver-authentication::client-ca-file"
2025-01-29 18:36:49,659 INFO c.h.h.t.HelmChartContainer - [K3S] [secure_serving.go:213] Serving securely on 127.0.0.1:10259
2025-01-29 18:36:49,660 INFO c.h.h.t.HelmChartContainer - [K3S] [tlsconfig.go:243] "Starting DynamicServingCertificateController"
2025-01-29 18:36:49,686 INFO c.h.h.t.HelmChartContainer - [K3S] [controllermanager.go:765] "Started controller" controller="statefulset-controller"
2025-01-29 18:36:49,688 INFO c.h.h.t.HelmChartContainer - [K3S] [stateful_set.go:166] "Starting stateful set controller"
2025-01-29 18:36:49,729 INFO c.h.h.t.HelmChartContainer - [K3S] [certificate_controller.go:120] "Starting certificate controller" name="csrsigning-kubelet-serving"
2025-01-29 18:36:49,729 INFO c.h.h.t.HelmChartContainer - [K3S] [dynamic_serving_content.go:135] "Starting controller" name="csr-controller::/var/lib/rancher/k3s/server/tls/server-ca.nochain.crt::/var/lib/rancher/k3s/server/tls/server-ca.key"
2025-01-29 18:36:49,730 INFO c.h.h.t.HelmChartContainer - [K3S] [certificate_controller.go:120] "Starting certificate controller" name="csrsigning-kubelet-client"
2025-01-29 18:36:49,730 INFO c.h.h.t.HelmChartContainer - [K3S] [dynamic_serving_content.go:135] "Starting controller" name="csr-controller::/var/lib/rancher/k3s/server/tls/client-ca.nochain.crt::/var/lib/rancher/k3s/server/tls/client-ca.key"
2025-01-29 18:36:49,730 INFO c.h.h.t.HelmChartContainer - [K3S] [dynamic_serving_content.go:135] "Starting controller" name="csr-controller::/var/lib/rancher/k3s/server/tls/client-ca.nochain.crt::/var/lib/rancher/k3s/server/tls/client-ca.key"
2025-01-29 18:36:49,730 INFO c.h.h.t.HelmChartContainer - [K3S] [certificate_controller.go:120] "Starting certificate controller" name="csrsigning-kube-apiserver-client"
2025-01-29 18:36:49,730 INFO c.h.h.t.HelmChartContainer - [K3S] [controllermanager.go:765] "Started controller" controller="certificatesigningrequest-signing-controller"
2025-01-29 18:36:49,730 INFO c.h.h.t.HelmChartContainer - [K3S] [certificate_controller.go:120] "Starting certificate controller" name="csrsigning-legacy-unknown"
2025-01-29 18:36:49,730 INFO c.h.h.t.HelmChartContainer - [K3S] [dynamic_serving_content.go:135] "Starting controller" name="csr-controller::/var/lib/rancher/k3s/server/tls/server-ca.nochain.crt::/var/lib/rancher/k3s/server/tls/server-ca.key"
2025-01-29 18:36:49,929 INFO c.h.h.t.HelmChartContainer - [K3S] [controllermanager.go:765] "Started controller" controller="validatingadmissionpolicy-status-controller"
2025-01-29 18:36:49,929 INFO c.h.h.t.HelmChartContainer - [K3S] [controllermanager.go:743] "Warning: skipping controller" controller="storage-version-migrator-controller"
2025-01-29 18:36:50,154 INFO c.h.h.t.HelmChartContainer - [K3S] [INFO] Started tunnel to 172.18.0.2:6443
2025-01-29 18:36:50,154 INFO c.h.h.t.HelmChartContainer - [K3S] [INFO] Stopped tunnel to 127.0.0.1:6443
2025-01-29 18:36:50,154 INFO c.h.h.t.HelmChartContainer - [K3S] [INFO] Connecting to proxy" url="wss://172.18.0.2:6443/v1-k3s/connect
2025-01-29 18:36:50,154 INFO c.h.h.t.HelmChartContainer - [K3S] [INFO] Proxy done" err="context canceled" url="wss://127.0.0.1:6443/v1-k3s/connect
2025-01-29 18:36:50,154 INFO c.h.h.t.HelmChartContainer - [K3S] [INFO] error in remotedialer server [400]: websocket: close 1006 (abnormal closure): unexpected EOF
2025-01-29 18:36:50,157 INFO c.h.h.t.HelmChartContainer - [K3S] [INFO] Handling backend connection request [90e6ebb001dc]
2025-01-29 18:36:50,157 INFO c.h.h.t.HelmChartContainer - [K3S] [INFO] Remotedialer connected to proxy" url="wss://172.18.0.2:6443/v1-k3s/connect
2025-01-29 18:36:50,184 INFO c.h.h.t.HelmChartContainer - [K3S] [actual_state_of_world.go:541] "Failed to update statusUpdateNeeded field in actual state of world" err="Failed to set statusUpdateNeeded to needed true, because nodeName=\"90e6ebb001dc\" does not exist"
2025-01-29 18:36:50,184 INFO c.h.h.t.HelmChartContainer - [K3S] [range_allocator.go:177] "Sending events to api server"
2025-01-29 18:36:50,184 INFO c.h.h.t.HelmChartContainer - [K3S] [range_allocator.go:183] "Starting range CIDR allocator"
2025-01-29 18:36:50,187 INFO c.h.h.t.HelmChartContainer - [K3S] [range_allocator.go:428] "Set node PodCIDR" node="90e6ebb001dc" podCIDRs=["10.42.0.0/24"]
2025-01-29 18:36:50,187 INFO c.h.h.t.HelmChartContainer - [K3S] [range_allocator.go:247] "Successfully synced" key="90e6ebb001dc"
2025-01-29 18:36:50,187 INFO c.h.h.t.HelmChartContainer - [K3S] [range_allocator.go:247] "Successfully synced" key="90e6ebb001dc"
2025-01-29 18:36:50,188 INFO c.h.h.t.HelmChartContainer - [K3S] [INFO] Flannel found PodCIDR assigned for node 90e6ebb001dc
2025-01-29 18:36:50,188 INFO c.h.h.t.HelmChartContainer - [K3S] [INFO] The interface eth0 with ipv4 address 172.18.0.2 will be used by flannel
2025-01-29 18:36:50,189 INFO c.h.h.t.HelmChartContainer - [K3S] [kube.go:139] Waiting 10m0s for node controller to sync
2025-01-29 18:36:50,189 INFO c.h.h.t.HelmChartContainer - [K3S] [kube.go:469] Starting kube subnet manager
2025-01-29 18:36:50,230 INFO c.h.h.t.HelmChartContainer - [K3S] [node_lifecycle_controller.go:1234] "Initializing eviction metric for zone" zone=""
2025-01-29 18:36:50,230 INFO c.h.h.t.HelmChartContainer - [K3S] [node_lifecycle_controller.go:886] "Missing timestamp for Node. Assuming now as a timestamp" node="90e6ebb001dc"
2025-01-29 18:36:50,230 INFO c.h.h.t.HelmChartContainer - [K3S] [node_lifecycle_controller.go:1080] "Controller detected that zone is now in new state" zone="" newState="Normal"
2025-01-29 18:36:50,235 INFO c.h.h.t.HelmChartContainer - [K3S] [range_allocator.go:247] "Successfully synced" key="90e6ebb001dc"
2025-01-29 18:36:50,299 INFO c.h.h.t.HelmChartContainer - [K3S] [INFO] Starting network policy controller version v2.2.1, built on 2025-01-28T18:27:08Z, go1.23.4
2025-01-29 18:36:50,299 INFO c.h.h.t.HelmChartContainer - [K3S] [network_policy_controller.go:164] Starting network policy controller
2025-01-29 18:36:50,326 INFO c.h.h.t.HelmChartContainer - [K3S] [network_policy_controller.go:176] Starting network policy controller full sync goroutine
2025-01-29 18:36:50,338 INFO c.h.h.t.HelmChartContainer - [K3S] [handler_proxy.go:99] no RequestInfo found in the context
2025-01-29 18:36:50,339 INFO c.h.h.t.HelmChartContainer - [K3S] [controller.go:146] "Unhandled Error" err=<
2025-01-29 18:36:50,339 INFO c.h.h.t.HelmChartContainer - [K3S] 	, Header: map[Content-Type:[text/plain; charset=utf-8] X-Content-Type-Options:[nosniff]]
2025-01-29 18:36:50,339 INFO c.h.h.t.HelmChartContainer - [K3S]  >
2025-01-29 18:36:50,340 INFO c.h.h.t.HelmChartContainer - [K3S] [handler_proxy.go:143] error resolving kube-system/metrics-server: no endpoints available for service "metrics-server"
2025-01-29 18:36:50,734 INFO c.h.h.t.HelmChartContainer - [K3S] [range_allocator.go:247] "Successfully synced" key="90e6ebb001dc"
2025-01-29 18:36:50,840 INFO c.h.h.t.HelmChartContainer - [K3S] [replica_set.go:679] "Finished syncing" kind="ReplicaSet" key="kube-system/local-path-provisioner-698b58967b" duration="454.537628ms"
2025-01-29 18:36:50,842 INFO c.h.h.t.HelmChartContainer - [K3S] [replica_set.go:679] "Finished syncing" kind="ReplicaSet" key="kube-system/coredns-ff8999cc5" duration="456.813795ms"
2025-01-29 18:36:50,848 INFO c.h.h.t.HelmChartContainer - [K3S] [replica_set.go:679] "Finished syncing" kind="ReplicaSet" key="kube-system/metrics-server-8584b5786c" duration="463.400559ms"
2025-01-29 18:36:50,867 INFO c.h.h.t.HelmChartContainer - [K3S] [replica_set.go:679] "Finished syncing" kind="ReplicaSet" key="kube-system/coredns-ff8999cc5" duration="23.73952ms"
2025-01-29 18:36:50,867 INFO c.h.h.t.HelmChartContainer - [K3S] [replica_set.go:679] "Finished syncing" kind="ReplicaSet" key="kube-system/coredns-ff8999cc5" duration="33.352µs"
2025-01-29 18:36:50,867 INFO c.h.h.t.HelmChartContainer - [K3S] [replica_set.go:679] "Finished syncing" kind="ReplicaSet" key="kube-system/metrics-server-8584b5786c" duration="17.393657ms"
2025-01-29 18:36:50,867 INFO c.h.h.t.HelmChartContainer - [K3S] [replica_set.go:679] "Finished syncing" kind="ReplicaSet" key="kube-system/metrics-server-8584b5786c" duration="22.993µs"
2025-01-29 18:36:50,871 INFO c.h.h.t.HelmChartContainer - [K3S] [replica_set.go:679] "Finished syncing" kind="ReplicaSet" key="kube-system/local-path-provisioner-698b58967b" duration="31.660599ms"
2025-01-29 18:36:50,872 INFO c.h.h.t.HelmChartContainer - [K3S] [replica_set.go:679] "Finished syncing" kind="ReplicaSet" key="kube-system/local-path-provisioner-698b58967b" duration="27.291µs"
2025-01-29 18:36:50,882 INFO c.h.h.t.HelmChartContainer - [K3S] [replica_set.go:679] "Finished syncing" kind="ReplicaSet" key="kube-system/metrics-server-8584b5786c" duration="34.434µs"
2025-01-29 18:36:50,891 INFO c.h.h.t.HelmChartContainer - [K3S] [replica_set.go:679] "Finished syncing" kind="ReplicaSet" key="kube-system/coredns-ff8999cc5" duration="42.319µs"
2025-01-29 18:36:51,021 INFO c.h.h.t.HelmChartContainer - [K3S] [reconciler_common.go:251] "operationExecutor.VerifyControllerAttachedVolume started for volume \"kube-api-access-zsd7x\" (UniqueName: \"kubernetes.io/projected/1f683220-38f6-445e-8df1-5b32d1ab44bb-kube-api-access-zsd7x\") pod \"metrics-server-8584b5786c-62c4k\" (UID: \"1f683220-38f6-445e-8df1-5b32d1ab44bb\") " pod="kube-system/metrics-server-8584b5786c-62c4k"
2025-01-29 18:36:51,021 INFO c.h.h.t.HelmChartContainer - [K3S] [reconciler_common.go:251] "operationExecutor.VerifyControllerAttachedVolume started for volume \"config-volume\" (UniqueName: \"kubernetes.io/configmap/1d14c2a7-e2ff-40dc-96b0-9144cb3fc071-config-volume\") pod \"coredns-ff8999cc5-hgpts\" (UID: \"1d14c2a7-e2ff-40dc-96b0-9144cb3fc071\") " pod="kube-system/coredns-ff8999cc5-hgpts"
2025-01-29 18:36:51,021 INFO c.h.h.t.HelmChartContainer - [K3S] [reconciler_common.go:251] "operationExecutor.VerifyControllerAttachedVolume started for volume \"custom-config-volume\" (UniqueName: \"kubernetes.io/configmap/1d14c2a7-e2ff-40dc-96b0-9144cb3fc071-custom-config-volume\") pod \"coredns-ff8999cc5-hgpts\" (UID: \"1d14c2a7-e2ff-40dc-96b0-9144cb3fc071\") " pod="kube-system/coredns-ff8999cc5-hgpts"
2025-01-29 18:36:51,021 INFO c.h.h.t.HelmChartContainer - [K3S] [reconciler_common.go:251] "operationExecutor.VerifyControllerAttachedVolume started for volume \"kube-api-access-mk5nd\" (UniqueName: \"kubernetes.io/projected/1d14c2a7-e2ff-40dc-96b0-9144cb3fc071-kube-api-access-mk5nd\") pod \"coredns-ff8999cc5-hgpts\" (UID: \"1d14c2a7-e2ff-40dc-96b0-9144cb3fc071\") " pod="kube-system/coredns-ff8999cc5-hgpts"
2025-01-29 18:36:51,022 INFO c.h.h.t.HelmChartContainer - [K3S] [reconciler_common.go:251] "operationExecutor.VerifyControllerAttachedVolume started for volume \"config-volume\" (UniqueName: \"kubernetes.io/configmap/264192a0-fb56-4600-8027-19a89f98bd73-config-volume\") pod \"local-path-provisioner-698b58967b-4vkrc\" (UID: \"264192a0-fb56-4600-8027-19a89f98bd73\") " pod="kube-system/local-path-provisioner-698b58967b-4vkrc"
2025-01-29 18:36:51,022 INFO c.h.h.t.HelmChartContainer - [K3S] [reconciler_common.go:251] "operationExecutor.VerifyControllerAttachedVolume started for volume \"kube-api-access-jl26q\" (UniqueName: \"kubernetes.io/projected/264192a0-fb56-4600-8027-19a89f98bd73-kube-api-access-jl26q\") pod \"local-path-provisioner-698b58967b-4vkrc\" (UID: \"264192a0-fb56-4600-8027-19a89f98bd73\") " pod="kube-system/local-path-provisioner-698b58967b-4vkrc"
2025-01-29 18:36:51,022 INFO c.h.h.t.HelmChartContainer - [K3S] [reconciler_common.go:251] "operationExecutor.VerifyControllerAttachedVolume started for volume \"tmp-dir\" (UniqueName: \"kubernetes.io/empty-dir/1f683220-38f6-445e-8df1-5b32d1ab44bb-tmp-dir\") pod \"metrics-server-8584b5786c-62c4k\" (UID: \"1f683220-38f6-445e-8df1-5b32d1ab44bb\") " pod="kube-system/metrics-server-8584b5786c-62c4k"
2025-01-29 18:36:51,190 INFO c.h.h.t.HelmChartContainer - [K3S] [kube.go:146] Node controller sync successful
2025-01-29 18:36:51,190 INFO c.h.h.t.HelmChartContainer - [K3S] [vxlan.go:141] VXLAN config: VNI=1 Port=0 GBP=false Learning=false DirectRouting=false
2025-01-29 18:36:51,193 INFO c.h.h.t.HelmChartContainer - [K3S] [kube.go:636] List of node(90e6ebb001dc) annotations: map[string]string{"alpha.kubernetes.io/provided-node-ip":"172.18.0.2", "k3s.io/hostname":"90e6ebb001dc", "k3s.io/internal-ip":"172.18.0.2", "k3s.io/node-args":"[\"server\",\"--etcd-arg\",\"unsafe-no-fsync\",\"--etcd-arg\",\"snapshot-count=10000\",\"--etcd-arg\",\"auto-compaction-mode=revision\",\"--etcd-arg\",\"auto-compaction-retention=1000000\",\"--kube-apiserver-arg\",\"etcd-compaction-interval=0s\",\"--disable\",\"traefik\",\"--tls-san\",\"localhost\"]", "k3s.io/node-config-hash":"2QNNT5M5XUBFOLO5XPGEVGOM5UDLHHTIVMSRUPAUHE5DU3HUYQUQ====", "k3s.io/node-env":"{}", "node.alpha.kubernetes.io/ttl":"0", "volumes.kubernetes.io/controller-managed-attach-detach":"true"}
2025-01-29 18:36:51,198 INFO c.h.h.t.HelmChartContainer - [K3S] [range_allocator.go:247] "Successfully synced" key="90e6ebb001dc"
2025-01-29 18:36:51,198 INFO c.h.h.t.HelmChartContainer - [K3S] [kube.go:490] Creating the node lease for IPv4. This is the n.Spec.PodCIDRs: [10.42.0.0/24]
2025-01-29 18:36:51,200 INFO c.h.h.t.HelmChartContainer - [K3S] [iptables.go:51] Starting flannel in iptables mode...
2025-01-29 18:36:51,200 INFO c.h.h.t.HelmChartContainer - [K3S] [WARNING] no subnet found for key: FLANNEL_NETWORK in file: /run/flannel/subnet.env
2025-01-29 18:36:51,200 INFO c.h.h.t.HelmChartContainer - [K3S] [WARNING] no subnet found for key: FLANNEL_SUBNET in file: /run/flannel/subnet.env
2025-01-29 18:36:51,201 INFO c.h.h.t.HelmChartContainer - [K3S] [WARNING] no subnet found for key: FLANNEL_IPV6_NETWORK in file: /run/flannel/subnet.env
2025-01-29 18:36:51,201 INFO c.h.h.t.HelmChartContainer - [K3S] [WARNING] no subnet found for key: FLANNEL_IPV6_SUBNET in file: /run/flannel/subnet.env
2025-01-29 18:36:51,201 INFO c.h.h.t.HelmChartContainer - [K3S] [iptables.go:115] Current network or subnet (10.42.0.0/16, 10.42.0.0/24) is not equal to previous one (0.0.0.0/0, 0.0.0.0/0), trying to recycle old iptables rules
2025-01-29 18:36:51,207 INFO c.h.h.t.HelmChartContainer - [K3S] [iptables.go:125] Setting up masking rules
2025-01-29 18:36:51,210 INFO c.h.h.t.HelmChartContainer - [K3S] [iptables.go:226] Changing default FORWARD chain policy to ACCEPT
2025-01-29 18:36:51,212 INFO c.h.h.t.HelmChartContainer - [K3S] [INFO] Wrote flannel subnet file to /run/flannel/subnet.env
2025-01-29 18:36:51,212 INFO c.h.h.t.HelmChartContainer - [K3S] [INFO] Running flannel backend.
2025-01-29 18:36:51,212 INFO c.h.h.t.HelmChartContainer - [K3S] [vxlan_network.go:65] watching for new subnet leases
2025-01-29 18:36:51,222 INFO c.h.h.t.HelmChartContainer - [K3S] [iptables.go:372] bootstrap done
2025-01-29 18:36:51,231 INFO c.h.h.t.HelmChartContainer - [K3S] [iptables.go:372] bootstrap done
2025-01-29 18:36:51,341 INFO c.h.h.t.HelmChartContainer - [K3S] [handler_proxy.go:99] no RequestInfo found in the context
2025-01-29 18:36:51,341 INFO c.h.h.t.HelmChartContainer - [K3S] [handler_proxy.go:99] no RequestInfo found in the context
2025-01-29 18:36:51,343 INFO c.h.h.t.HelmChartContainer - [K3S] [controller.go:102] "Unhandled Error" err=<
2025-01-29 18:36:51,344 INFO c.h.h.t.HelmChartContainer - [K3S] 	, Header: map[Content-Type:[text/plain; charset=utf-8] X-Content-Type-Options:[nosniff]]
2025-01-29 18:36:51,344 INFO c.h.h.t.HelmChartContainer - [K3S]  >
2025-01-29 18:36:54,260 INFO c.h.h.t.HelmChartContainer - [K3S] [replica_set.go:679] "Finished syncing" kind="ReplicaSet" key="kube-system/local-path-provisioner-698b58967b" duration="5.642687ms"
2025-01-29 18:36:54,262 INFO c.h.h.t.HelmChartContainer - [K3S] [replica_set.go:679] "Finished syncing" kind="ReplicaSet" key="kube-system/local-path-provisioner-698b58967b" duration="28.814µs"
2025-01-29 18:36:55,262 INFO c.h.h.t.HelmChartContainer - [K3S] [replica_set.go:679] "Finished syncing" kind="ReplicaSet" key="kube-system/coredns-ff8999cc5" duration="40.816µs"
2025-01-29 18:36:55,277 INFO c.h.h.t.HelmChartContainer - [K3S] [replica_set.go:679] "Finished syncing" kind="ReplicaSet" key="kube-system/metrics-server-8584b5786c" duration="36.298µs"
2025-01-29 18:36:55,307 INFO c.h.h.t.HelmChartContainer - [K3S] [replica_set.go:679] "Finished syncing" kind="ReplicaSet" key="kube-system/coredns-ff8999cc5" duration="14.281595ms"
2025-01-29 18:36:55,307 INFO c.h.h.t.HelmChartContainer - [K3S] [replica_set.go:679] "Finished syncing" kind="ReplicaSet" key="kube-system/coredns-ff8999cc5" duration="41.538µs"
2025-01-29 18:36:55,449 DEBUG c.h.h.t.HelmChartContainer - Image file loaded 'hivemq-platform-operator.tar'
2025-01-29 18:36:55,460 INFO c.h.h.t.HelmChartContainer - [K3S] [kuberuntime_manager.go:1702] "Updating runtime config through cri with podcidr" CIDR="10.42.0.0/24"
2025-01-29 18:36:55,461 INFO c.h.h.t.HelmChartContainer - [K3S] [kubelet_network.go:61] "Updating Pod CIDR" originalPodCIDR="" newPodCIDR="10.42.0.0/24"
2025-01-29 18:36:55,469 INFO c.h.h.t.HelmChartContainer - [K3S] [range_allocator.go:247] "Successfully synced" key="90e6ebb001dc"
2025-01-29 18:36:55,951 DEBUG c.h.h.t.HelmChartContainer - Image file loaded 'hivemq-platform-operator-init.tar'
2025-01-29 18:37:01,989 DEBUG c.h.h.t.HelmChartContainer - Image file loaded 'hivemq-platform.tar'
2025-01-29 18:37:01,989 DEBUG c.h.h.t.HelmChartContainer - Successful Helm chart Container startup
2025-01-29 18:37:02,003 INFO t.localhost/testcontainers/m8vihndh3pah6njs:latest - Container localhost/testcontainers/m8vihndh3pah6njs:latest started in PT21.979764608S
2025-01-29 18:37:02,013 DEBUG c.h.h.t.HelmChartContainer - Executing helm command: /bin/helm --kubeconfig /etc/rancher/k3s/k3s.yaml repo add hivemq https://hivemq.github.io/helm-charts
2025-01-29 18:37:03,516 INFO c.h.h.t.HelmChartContainer - [EVENT] Normal [Starting] Starting kubelet. [null:90e6ebb001dc]
2025-01-29 18:37:03,520 INFO c.h.h.t.HelmChartContainer - [EVENT] Warning [InvalidDiskCapacity] invalid capacity 0 on image filesystem [null:90e6ebb001dc]
2025-01-29 18:37:03,520 INFO c.h.h.t.HelmChartContainer - [EVENT] Normal [NodeHasSufficientMemory] Node 90e6ebb001dc status is now: NodeHasSufficientMemory [null:90e6ebb001dc]
2025-01-29 18:37:03,521 INFO c.h.h.t.HelmChartContainer - [EVENT] Normal [NodeHasNoDiskPressure] Node 90e6ebb001dc status is now: NodeHasNoDiskPressure [null:90e6ebb001dc]
2025-01-29 18:37:03,521 INFO c.h.h.t.HelmChartContainer - [EVENT] Normal [NodeHasSufficientPID] Node 90e6ebb001dc status is now: NodeHasSufficientPID [null:90e6ebb001dc]
2025-01-29 18:37:03,521 INFO c.h.h.t.HelmChartContainer - [EVENT] Normal [NodeAllocatableEnforced] Updated Node Allocatable limit across pods [null:90e6ebb001dc]
2025-01-29 18:37:03,524 INFO c.h.h.t.HelmChartContainer - [EVENT] Normal [NodeReady] Node 90e6ebb001dc status is now: NodeReady [null:90e6ebb001dc]
2025-01-29 18:37:03,525 INFO c.h.h.t.HelmChartContainer - Saved kubeconfig file on /tmp/kubeconfig-567070148434649845.yaml
2025-01-29 18:37:03,525 INFO c.h.h.t.HelmChartContainer - HelmChartContainer is started
2025-01-29 18:37:03,527 INFO c.h.h.t.HelmChartContainer - [EVENT] Normal [NodePasswordValidationComplete] Deferred node password secret validation complete [null:90e6ebb001dc]
2025-01-29 18:37:03,528 INFO c.h.h.t.HelmChartContainer - [EVENT] Normal [Synced] Node synced successfully [null:90e6ebb001dc]
2025-01-29 18:37:03,528 INFO c.h.h.t.HelmChartContainer - [EVENT] Normal [RegisteredNode] Node 90e6ebb001dc event: Registered Node 90e6ebb001dc in Controller [null:90e6ebb001dc]
]]></system-out>
  <system-err><![CDATA[]]></system-err>
</testsuite>
