<?xml version="1.0" encoding="UTF-8"?>
<testsuite name="com.hivemq.helmcharts.LocalHelmChartDeploymentIT" tests="1" skipped="0" failures="0" errors="0" timestamp="2025-06-30T07:51:32" hostname="fv-az802-13" time="127.047">
  <properties/>
  <testcase name="withLocalImages_mqttMessagePublishedReceived()" classname="com.hivemq.helmcharts.LocalHelmChartDeploymentIT" time="127.047"/>
</testsuite>
