<?xml version="1.0" encoding="UTF-8"?>
<testsuite name="com.hivemq.helmcharts.services.HelmMetricsServiceIT" tests="2" skipped="0" failures="0" errors="0" timestamp="2025-01-29T18:40:32" hostname="fv-az1308-968" time="202.192">
  <properties/>
  <testcase name="platformChart_withCustomServiceName_thenMetricsAvailable()" classname="com.hivemq.helmcharts.services.HelmMetricsServiceIT" time="103.842">
    <system-out><![CDATA[2025-01-29 18:40:32,628 INFO c.h.h.t.HelmChartContainer - Creating namespace 'helmmetricsserviceit-operator'...
2025-01-29 18:40:32,638 INFO c.h.h.t.HelmChartContainer - Namespace 'helmmetricsserviceit-operator' created
2025-01-29 18:40:32,638 INFO c.h.h.t.HelmChartContainer - Creating namespace 'helmmetricsserviceit'...
2025-01-29 18:40:32,738 INFO c.h.h.t.HelmChartContainer - Namespace 'helmmetricsserviceit' created
2025-01-29 18:40:32,807 DEBUG c.h.h.t.HelmChartContainer - Executing helm command: /bin/helm --kubeconfig /etc/rancher/k3s/k3s.yaml install test-hivemq-platform-operator /charts/hivemq-platform-operator --wait --timeout 5m0s --set image.repository=docker.io/hivemq --set image.name=hivemq-platform-operator-test --set image.initImageName=hivemq-platform-operator-init-test --set image.tag=snapshot --set image.pullPolicy=Never --set logLevel=DEBUG --set resources.cpu=512m --namespace helmmetricsserviceit-operator
2025-01-29 18:40:33,111 INFO c.h.h.t.HelmChartContainer - [K3S] [alloc.go:330] "allocated clusterIPs" service="helmmetricsserviceit-operator/hivemq-platform-operator-test-hivemq-platform-operator" clusterIPs={"IPv4":"10.43.67.178"}
2025-01-29 18:40:33,123 INFO c.h.h.t.HelmChartContainer - [EVENT] Normal [ScalingReplicaSet] Scaled up replica set hivemq-test-hivemq-platform-operator-6966f96d65 from 0 to 1 [helmmetricsserviceit-operator:hivemq-test-hivemq-platform-operator]
2025-01-29 18:40:33,128 INFO c.h.h.t.HelmChartContainer - [POD] hivemq-test-hivemq-platform-operator-6966f96d65-8hfm8 [4dcf278f-8791-4cfe-97ec-c6e5a9cf4e41] in helmmetricsserviceit-operator was ADDED
2025-01-29 18:40:33,133 INFO c.h.h.t.HelmChartContainer - [K3S] [replica_set.go:679] "Finished syncing" kind="ReplicaSet" key="helmmetricsserviceit-operator/hivemq-test-hivemq-platform-operator-6966f96d65" duration="12.832002ms"
2025-01-29 18:40:33,136 INFO c.h.h.t.HelmChartContainer - [EVENT] Normal [SuccessfulCreate] Created pod: hivemq-test-hivemq-platform-operator-6966f96d65-8hfm8 [helmmetricsserviceit-operator:hivemq-test-hivemq-platform-operator-6966f96d65]
2025-01-29 18:40:33,140 INFO c.h.h.t.HelmChartContainer - [K3S] [memory_manager.go:355] "RemoveStaleState removing state" podUID="77d34434-5f65-4faa-a3a5-15ed18ba8387" containerName="config-reloader"
2025-01-29 18:40:33,140 INFO c.h.h.t.HelmChartContainer - [K3S] [memory_manager.go:355] "RemoveStaleState removing state" podUID="1f1dff25-48c3-419b-8637-b35a1fa9494c" containerName="hivemq"
2025-01-29 18:40:33,140 INFO c.h.h.t.HelmChartContainer - [K3S] [memory_manager.go:355] "RemoveStaleState removing state" podUID="ea3f7b79-e5e2-4553-afd6-aff0f1578db1" containerName="grafana-sc-datasources"
2025-01-29 18:40:33,140 INFO c.h.h.t.HelmChartContainer - [K3S] [memory_manager.go:355] "RemoveStaleState removing state" podUID="59ebd1f2-5598-49d2-a94e-10ec8ff39597" containerName="prometheus"
2025-01-29 18:40:33,140 INFO c.h.h.t.HelmChartContainer - [K3S] [memory_manager.go:355] "RemoveStaleState removing state" podUID="59ebd1f2-5598-49d2-a94e-10ec8ff39597" containerName="config-reloader"
2025-01-29 18:40:33,140 INFO c.h.h.t.HelmChartContainer - [K3S] [memory_manager.go:355] "RemoveStaleState removing state" podUID="1c9e7db7-5490-40b3-afea-ef46a574bb3a" containerName="hivemq-platform-operator"
2025-01-29 18:40:33,140 INFO c.h.h.t.HelmChartContainer - [K3S] [memory_manager.go:355] "RemoveStaleState removing state" podUID="de59beac-4e9e-4d2e-b311-77ea11c384b3" containerName="node-exporter"
2025-01-29 18:40:33,140 INFO c.h.h.t.HelmChartContainer - [K3S] [memory_manager.go:355] "RemoveStaleState removing state" podUID="ea3f7b79-e5e2-4553-afd6-aff0f1578db1" containerName="grafana-sc-dashboard"
2025-01-29 18:40:33,140 INFO c.h.h.t.HelmChartContainer - [K3S] [memory_manager.go:355] "RemoveStaleState removing state" podUID="ea3f7b79-e5e2-4553-afd6-aff0f1578db1" containerName="grafana"
2025-01-29 18:40:33,140 INFO c.h.h.t.HelmChartContainer - [K3S] [memory_manager.go:355] "RemoveStaleState removing state" podUID="88c8de80-c7d7-445f-a27a-1e1c07666ba9" containerName="hivemq"
2025-01-29 18:40:33,140 INFO c.h.h.t.HelmChartContainer - [K3S] [memory_manager.go:355] "RemoveStaleState removing state" podUID="cf6dfa45-fc24-4375-9311-4f502c48e2e2" containerName="kube-state-metrics"
2025-01-29 18:40:33,141 INFO c.h.h.t.HelmChartContainer - [K3S] [memory_manager.go:355] "RemoveStaleState removing state" podUID="a9f6f66a-97b9-4e98-95f7-3398935064a9" containerName="kube-prometheus-stack"
2025-01-29 18:40:33,141 INFO c.h.h.t.HelmChartContainer - [K3S] [memory_manager.go:355] "RemoveStaleState removing state" podUID="77d34434-5f65-4faa-a3a5-15ed18ba8387" containerName="alertmanager"
2025-01-29 18:40:33,142 INFO c.h.h.t.HelmChartContainer - [POD] hivemq-test-hivemq-platform-operator-6966f96d65-8hfm8 [4dcf278f-8791-4cfe-97ec-c6e5a9cf4e41] in helmmetricsserviceit-operator was MODIFIED
2025-01-29 18:40:33,144 INFO c.h.h.t.HelmChartContainer - [K3S] [replica_set.go:679] "Finished syncing" kind="ReplicaSet" key="helmmetricsserviceit-operator/hivemq-test-hivemq-platform-operator-6966f96d65" duration="10.916795ms"
2025-01-29 18:40:33,144 INFO c.h.h.t.HelmChartContainer - [K3S] [replica_set.go:679] "Finished syncing" kind="ReplicaSet" key="helmmetricsserviceit-operator/hivemq-test-hivemq-platform-operator-6966f96d65" duration="186.877µs"
2025-01-29 18:40:33,147 INFO c.h.h.t.HelmChartContainer - [EVENT] Normal [Scheduled] Successfully assigned helmmetricsserviceit-operator/hivemq-test-hivemq-platform-operator-6966f96d65-8hfm8 to 04e65d37069a [helmmetricsserviceit-operator:hivemq-test-hivemq-platform-operator-6966f96d65-8hfm8]
2025-01-29 18:40:33,154 INFO c.h.h.t.HelmChartContainer - [K3S] [replica_set.go:679] "Finished syncing" kind="ReplicaSet" key="helmmetricsserviceit-operator/hivemq-test-hivemq-platform-operator-6966f96d65" duration="30.647µs"
2025-01-29 18:40:33,157 INFO c.h.h.t.HelmChartContainer - [POD] hivemq-test-hivemq-platform-operator-6966f96d65-8hfm8 [4dcf278f-8791-4cfe-97ec-c6e5a9cf4e41] in helmmetricsserviceit-operator was MODIFIED
2025-01-29 18:40:33,190 INFO c.h.h.t.HelmChartContainer - [K3S] [reconciler_common.go:251] "operationExecutor.VerifyControllerAttachedVolume started for volume \"kube-api-access-w6z9v\" (UniqueName: \"kubernetes.io/projected/4dcf278f-8791-4cfe-97ec-c6e5a9cf4e41-kube-api-access-w6z9v\") pod \"hivemq-test-hivemq-platform-operator-6966f96d65-8hfm8\" (UID: \"4dcf278f-8791-4cfe-97ec-c6e5a9cf4e41\") " pod="helmmetricsserviceit-operator/hivemq-test-hivemq-platform-operator-6966f96d65-8hfm8"
2025-01-29 18:40:33,546 INFO c.h.h.t.HelmChartContainer - [EVENT] Normal [Pulled] Container image "docker.io/hivemq/hivemq-platform-operator-test:snapshot" already present on machine [helmmetricsserviceit-operator:hivemq-test-hivemq-platform-operator-6966f96d65-8hfm8]
2025-01-29 18:40:33,547 INFO c.h.h.t.HelmChartContainer - Received Pulled event for container hivemq-platform-operator in pod hivemq-test-hivemq-platform-operator-6966f96d65-8hfm8 [4dcf278f-8791-4cfe-97ec-c6e5a9cf4e41]
2025-01-29 18:40:35,020 INFO c.h.h.t.HelmChartContainer - [EVENT] Normal [Created] Created container: hivemq-platform-operator [helmmetricsserviceit-operator:hivemq-test-hivemq-platform-operator-6966f96d65-8hfm8]
2025-01-29 18:40:35,020 INFO c.h.h.t.HelmChartContainer - Received Created event for container hivemq-platform-operator in pod hivemq-test-hivemq-platform-operator-6966f96d65-8hfm8 [4dcf278f-8791-4cfe-97ec-c6e5a9cf4e41]
2025-01-29 18:40:35,481 INFO c.h.h.t.HelmChartContainer - [K3S] [replica_set.go:679] "Finished syncing" kind="ReplicaSet" key="helmmetricsserviceit-operator/hivemq-test-hivemq-platform-operator-6966f96d65" duration="43.982µs"
2025-01-29 18:40:35,483 INFO c.h.h.t.HelmChartContainer - [POD] hivemq-test-hivemq-platform-operator-6966f96d65-8hfm8 [4dcf278f-8791-4cfe-97ec-c6e5a9cf4e41] in helmmetricsserviceit-operator was MODIFIED
2025-01-29 18:40:35,491 INFO c.h.h.t.HelmChartContainer - Started log watcher for hivemq-platform-operator in pod hivemq-test-hivemq-platform-operator-6966f96d65-8hfm8 [4dcf278f-8791-4cfe-97ec-c6e5a9cf4e41]
2025-01-29 18:40:35,491 INFO c.h.h.t.HelmChartContainer - [EVENT] Normal [Started] Started container hivemq-platform-operator [helmmetricsserviceit-operator:hivemq-test-hivemq-platform-operator-6966f96d65-8hfm8]
2025-01-29 18:40:35,491 INFO c.h.h.t.HelmChartContainer - Received Started event for container hivemq-platform-operator in pod hivemq-test-hivemq-platform-operator-6966f96d65-8hfm8 [4dcf278f-8791-4cfe-97ec-c6e5a9cf4e41]
2025-01-29 18:40:35,492 INFO c.h.h.t.HelmChartContainer - [hivemq-test-hivemq-platform] [hivemq-platform-operator] [4dcf278f] -------------------------------------------------------------------------
2025-01-29 18:40:35,492 INFO c.h.h.t.HelmChartContainer - [hivemq-test-hivemq-platform] [hivemq-platform-operator] [4dcf278f] 
2025-01-29 18:40:35,492 INFO c.h.h.t.HelmChartContainer - [hivemq-test-hivemq-platform] [hivemq-platform-operator] [4dcf278f]                   _    _  _              __  __   ____
2025-01-29 18:40:35,492 INFO c.h.h.t.HelmChartContainer - [hivemq-test-hivemq-platform] [hivemq-platform-operator] [4dcf278f]                  | |  | |(_)            |  \/  | / __ \
2025-01-29 18:40:35,492 INFO c.h.h.t.HelmChartContainer - [hivemq-test-hivemq-platform] [hivemq-platform-operator] [4dcf278f]                  | |__| | _ __   __ ___ | \  / || |  | |
2025-01-29 18:40:35,492 INFO c.h.h.t.HelmChartContainer - [hivemq-test-hivemq-platform] [hivemq-platform-operator] [4dcf278f]                  |  __  || |\ \ / // _ \| |\/| || |  | |
2025-01-29 18:40:35,492 INFO c.h.h.t.HelmChartContainer - [hivemq-test-hivemq-platform] [hivemq-platform-operator] [4dcf278f]                  | |  | || | \ V /|  __/| |  | || |__| |
2025-01-29 18:40:35,492 INFO c.h.h.t.HelmChartContainer - [hivemq-test-hivemq-platform] [hivemq-platform-operator] [4dcf278f]                  |_|  |_||_|  \_/  \___||_|  |_| \___\_\
2025-01-29 18:40:35,492 INFO c.h.h.t.HelmChartContainer - [hivemq-test-hivemq-platform] [hivemq-platform-operator] [4dcf278f] 
2025-01-29 18:40:35,492 INFO c.h.h.t.HelmChartContainer - [hivemq-test-hivemq-platform] [hivemq-platform-operator] [4dcf278f] -------------------------------------------------------------------------
2025-01-29 18:40:35,492 INFO c.h.h.t.HelmChartContainer - [hivemq-test-hivemq-platform] [hivemq-platform-operator] [4dcf278f] 
2025-01-29 18:40:35,492 INFO c.h.h.t.HelmChartContainer - [hivemq-test-hivemq-platform] [hivemq-platform-operator] [4dcf278f]   HiveMQ Platform Operator Start Script v1.0
2025-01-29 18:40:35,492 INFO c.h.h.t.HelmChartContainer - [hivemq-test-hivemq-platform] [hivemq-platform-operator] [4dcf278f] 
2025-01-29 18:40:35,492 INFO c.h.h.t.HelmChartContainer - [hivemq-test-hivemq-platform] [hivemq-platform-operator] [4dcf278f] -------------------------------------------------------------------------
2025-01-29 18:40:35,492 INFO c.h.h.t.HelmChartContainer - [hivemq-test-hivemq-platform] [hivemq-platform-operator] [4dcf278f] 
2025-01-29 18:40:35,492 INFO c.h.h.t.HelmChartContainer - [hivemq-test-hivemq-platform] [hivemq-platform-operator] [4dcf278f]   JAVA_OPTS: -XX:+UnlockExperimentalVMOptions -XX:InitialRAMPercentage=75 -XX:MaxRAMPercentage=75 -Duser.language=en -Duser.region=US
2025-01-29 18:40:35,492 INFO c.h.h.t.HelmChartContainer - [hivemq-test-hivemq-platform] [hivemq-platform-operator] [4dcf278f] 
2025-01-29 18:40:35,492 INFO c.h.h.t.HelmChartContainer - [hivemq-test-hivemq-platform] [hivemq-platform-operator] [4dcf278f]   JAVA_VERSION: 21
2025-01-29 18:40:35,492 INFO c.h.h.t.HelmChartContainer - [hivemq-test-hivemq-platform] [hivemq-platform-operator] [4dcf278f] 
2025-01-29 18:40:35,492 INFO c.h.h.t.HelmChartContainer - [hivemq-test-hivemq-platform] [hivemq-platform-operator] [4dcf278f] -------------------------------------------------------------------------
2025-01-29 18:40:35,492 INFO c.h.h.t.HelmChartContainer - [hivemq-test-hivemq-platform] [hivemq-platform-operator] [4dcf278f] 
2025-01-29 18:40:38,231 INFO c.h.h.t.HelmChartContainer - [hivemq-test-hivemq-platform] [hivemq-platform-operator] [4dcf278f] 18:40:38.229 [main] DEBUG org.jboss.logging - Logging Provider: org.jboss.logging.Slf4jLoggerProvider
2025-01-29 18:40:38,336 INFO c.h.h.t.HelmChartContainer - [hivemq-test-hivemq-platform] [hivemq-platform-operator] [4dcf278f] 18:40:38.335 [main] DEBUG io.smallrye.config - SRCFG01006: Loaded ConfigSource SysPropConfigSource with ordinal 400
2025-01-29 18:40:38,337 INFO c.h.h.t.HelmChartContainer - [hivemq-test-hivemq-platform] [hivemq-platform-operator] [4dcf278f] 18:40:38.335 [main] DEBUG io.smallrye.config - SRCFG01006: Loaded ConfigSource EnvConfigSource with ordinal 300
2025-01-29 18:40:38,337 INFO c.h.h.t.HelmChartContainer - [hivemq-test-hivemq-platform] [hivemq-platform-operator] [4dcf278f] 18:40:38.335 [main] DEBUG io.smallrye.config - SRCFG01006: Loaded ConfigSource PropertiesConfigSource[source=jar:file:///opt/hivemq-platform-operator/bin/hivemq-platform-operator.jar!/hivemq-platform-operator.properties] with ordinal 100
2025-01-29 18:40:38,337 INFO c.h.h.t.HelmChartContainer - [hivemq-test-hivemq-platform] [hivemq-platform-operator] [4dcf278f] 18:40:38.335 [main] DEBUG io.smallrye.config - SRCFG01006: Loaded ConfigSource DefaultValuesConfigSource with ordinal -2147483648
2025-01-29 18:40:38,442 INFO c.h.h.t.HelmChartContainer - [hivemq-test-hivemq-platform] [hivemq-platform-operator] [4dcf278f] 18:40:38.441 [main] DEBUG i.m.c.u.i.l.InternalLoggerFactory - Using SLF4J as the default logging framework
2025-01-29 18:40:38,630 INFO c.h.h.t.HelmChartContainer - [hivemq-test-hivemq-platform] [hivemq-platform-operator] [4dcf278f] 18:40:38.544 [main] INFO  c.h.p.o.HiveMQPlatformOperatorApplication - HiveMQ Platform Operator 1.7.0-SNAPSHOT (commit: b1b9591 on branch: HEAD) built on Wed Jan 29 18:32:18 UTC 2025
2025-01-29 18:40:38,631 INFO c.h.h.t.HelmChartContainer - [hivemq-test-hivemq-platform] [hivemq-platform-operator] [4dcf278f] 18:40:38.630 [main] INFO  c.h.p.o.HiveMQPlatformOperatorApplication - HiveMQ Platform Operator is running in namespace: helmmetricsserviceit-operator
2025-01-29 18:40:38,631 INFO c.h.h.t.HelmChartContainer - [hivemq-test-hivemq-platform] [hivemq-platform-operator] [4dcf278f] 18:40:38.630 [main] INFO  c.h.p.o.HiveMQPlatformOperatorApplication - Watching all namespaces
2025-01-29 18:40:38,631 INFO c.h.h.t.HelmChartContainer - [hivemq-test-hivemq-platform] [hivemq-platform-operator] [4dcf278f] 18:40:38.630 [main] INFO  c.h.p.o.HiveMQPlatformOperatorApplication - Log level: DEBUG
2025-01-29 18:40:38,631 INFO c.h.h.t.HelmChartContainer - [hivemq-test-hivemq-platform] [hivemq-platform-operator] [4dcf278f] 18:40:38.630 [main] INFO  c.h.p.o.HiveMQPlatformOperatorApplication - Release name: test-hivemq-platform-operator
2025-01-29 18:40:38,631 INFO c.h.h.t.HelmChartContainer - [hivemq-test-hivemq-platform] [hivemq-platform-operator] [4dcf278f] 18:40:38.630 [main] INFO  c.h.p.o.HiveMQPlatformOperatorApplication - HiveMQ Platform Operator Init image: docker.io/hivemq/hivemq-platform-operator-init-test:snapshot
2025-01-29 18:40:38,631 INFO c.h.h.t.HelmChartContainer - [hivemq-test-hivemq-platform] [hivemq-platform-operator] [4dcf278f] 18:40:38.630 [main] INFO  c.h.p.o.HiveMQPlatformOperatorApplication - HiveMQ Platform Operator Init App update URL: http://hivemq-platform-operator-test-hivemq-platform-operator.helmmetricsserviceit-operator.svc:8080/initAppUpdate/hivemq-platform-operator-init-app-1.7.0-SNAPSHOT.jar
2025-01-29 18:40:38,631 INFO c.h.h.t.HelmChartContainer - [hivemq-test-hivemq-platform] [hivemq-platform-operator] [4dcf278f] 18:40:38.630 [main] INFO  c.h.p.o.HiveMQPlatformOperatorApplication - Additional imagePullSecret for all Platform deployments: none
2025-01-29 18:40:38,631 INFO c.h.h.t.HelmChartContainer - [hivemq-test-hivemq-platform] [hivemq-platform-operator] [4dcf278f] 18:40:38.630 [main] INFO  c.h.p.o.HiveMQPlatformOperatorApplication - Apply HiveMQ Platform CRD: true
2025-01-29 18:40:38,631 INFO c.h.h.t.HelmChartContainer - [hivemq-test-hivemq-platform] [hivemq-platform-operator] [4dcf278f] 18:40:38.630 [main] INFO  c.h.p.o.HiveMQPlatformOperatorApplication - Create Platform ServiceAccount: true
2025-01-29 18:40:38,631 INFO c.h.h.t.HelmChartContainer - [hivemq-test-hivemq-platform] [hivemq-platform-operator] [4dcf278f] 18:40:38.630 [main] INFO  c.h.p.o.HiveMQPlatformOperatorApplication - Create Platform ServiceAccount permissions: true
2025-01-29 18:40:38,631 INFO c.h.h.t.HelmChartContainer - [hivemq-test-hivemq-platform] [hivemq-platform-operator] [4dcf278f] 18:40:38.630 [main] INFO  c.h.p.o.HiveMQPlatformOperatorApplication - Validate Platform ServiceAccount: true
2025-01-29 18:40:38,631 INFO c.h.h.t.HelmChartContainer - [hivemq-test-hivemq-platform] [hivemq-platform-operator] [4dcf278f] 18:40:38.630 [main] INFO  c.h.p.o.HiveMQPlatformOperatorApplication - Validate Platform ServiceAccount permissions: true
2025-01-29 18:40:38,752 INFO c.h.h.t.HelmChartContainer - [hivemq-test-hivemq-platform] [hivemq-platform-operator] [4dcf278f] 18:40:38.751 [main] INFO  c.h.platform.operator.util.CRDUtil - Verifying deployed HiveMQ Platform CRD...
2025-01-29 18:40:41,137 INFO c.h.h.t.HelmChartContainer - [hivemq-test-hivemq-platform] [hivemq-platform-operator] [4dcf278f] 18:40:41.136 [main] DEBUG c.h.platform.operator.util.CRDUtil - HiveMQ Platform CRD version v1 is up to date
2025-01-29 18:40:41,139 INFO c.h.h.t.HelmChartContainer - [hivemq-test-hivemq-platform] [hivemq-platform-operator] [4dcf278f] 18:40:41.137 [main] INFO  c.h.platform.operator.util.CRDUtil - HiveMQ Platform CRD is up to date (version: V1_6_0)
2025-01-29 18:40:41,139 INFO c.h.h.t.HelmChartContainer - [hivemq-test-hivemq-platform] [hivemq-platform-operator] [4dcf278f] 18:40:41.137 [main] INFO  c.h.platform.operator.util.CRDUtil - Waiting 10000 ms for HiveMQ Platform CRD 'hivemq-platforms.hivemq.com' to become ready...
2025-01-29 18:40:41,441 INFO c.h.h.t.HelmChartContainer - [hivemq-test-hivemq-platform] [hivemq-platform-operator] [4dcf278f] 18:40:41.440 [vert.x-eventloop-thread-1] DEBUG c.h.platform.operator.util.CRDUtil - Checking CRD condition 'NamesAccepted' (status: 'True')
2025-01-29 18:40:41,443 INFO c.h.h.t.HelmChartContainer - [hivemq-test-hivemq-platform] [hivemq-platform-operator] [4dcf278f] 18:40:41.441 [vert.x-eventloop-thread-1] DEBUG c.h.platform.operator.util.CRDUtil - Checking CRD condition 'Established' (status: 'True')
2025-01-29 18:40:41,443 INFO c.h.h.t.HelmChartContainer - [hivemq-test-hivemq-platform] [hivemq-platform-operator] [4dcf278f] 18:40:41.441 [main] INFO  c.h.platform.operator.util.CRDUtil - HiveMQ Platform CRD 'hivemq-platforms.hivemq.com' is ready
2025-01-29 18:40:41,641 INFO c.h.h.t.HelmChartContainer - [hivemq-test-hivemq-platform] [hivemq-platform-operator] [4dcf278f] 18:40:41.641 [main] INFO  c.h.p.o.HiveMQPlatformReconciler - HiveMQ Platform Operator is starting...
2025-01-29 18:40:41,745 INFO c.h.h.t.HelmChartContainer - [hivemq-test-hivemq-platform] [hivemq-platform-operator] [4dcf278f] 18:40:41.744 [main] WARN  Default ConfigurationService implementation - Configuration for reconciler 'hivemq-controller' was not found. Known reconcilers: None.
2025-01-29 18:40:41,828 INFO c.h.h.t.HelmChartContainer - [hivemq-test-hivemq-platform] [hivemq-platform-operator] [4dcf278f] 18:40:41.827 [main] INFO  Default ConfigurationService implementation - Created configuration for reconciler com.hivemq.platform.operator.HiveMQPlatformReconciler with name hivemq-controller
2025-01-29 18:40:41,931 INFO c.h.h.t.HelmChartContainer - [hivemq-test-hivemq-platform] [hivemq-platform-operator] [4dcf278f] 18:40:41.930 [main] DEBUG c.h.p.o.HiveMQPlatformReconciler - HiveMQ Platform Operator is preparing EventSources
2025-01-29 18:40:41,943 INFO c.h.h.t.HelmChartContainer - [hivemq-test-hivemq-platform] [hivemq-platform-operator] [4dcf278f] 18:40:41.942 [main] INFO  i.javaoperatorsdk.operator.Operator - Registered reconciler: 'hivemq-controller' for resource: 'class com.hivemq.platform.operator.v1.HiveMQPlatform' for namespace(s): [all namespaces]
2025-01-29 18:40:42,547 INFO c.h.h.t.HelmChartContainer - [hivemq-test-hivemq-platform] [hivemq-platform-operator] [4dcf278f] 18:40:42.546 [main] INFO  c.h.p.operator.webserver.JettyServer - Starting Jetty server on port 8080
2025-01-29 18:40:42,643 INFO c.h.h.t.HelmChartContainer - [hivemq-test-hivemq-platform] [hivemq-platform-operator] [4dcf278f] 18:40:42.642 [main] INFO  i.javaoperatorsdk.operator.Operator - Operator SDK 4.9.7 (commit: 2133d28) built on Wed Nov 20 12:56:20 UTC 2024 starting...
2025-01-29 18:40:42,644 INFO c.h.h.t.HelmChartContainer - [hivemq-test-hivemq-platform] [hivemq-platform-operator] [4dcf278f] 18:40:42.642 [main] INFO  i.javaoperatorsdk.operator.Operator - Client version: 6.13.5
2025-01-29 18:40:42,645 INFO c.h.h.t.HelmChartContainer - [hivemq-test-hivemq-platform] [hivemq-platform-operator] [4dcf278f] 18:40:42.644 [Controller Starter for: hivemq-controller] INFO  i.j.operator.processing.Controller - Starting 'hivemq-controller' controller for reconciler: com.hivemq.platform.operator.HiveMQPlatformReconciler, resource: com.hivemq.platform.operator.v1.HiveMQPlatform
2025-01-29 18:40:44,929 INFO c.h.h.t.HelmChartContainer - [hivemq-test-hivemq-platform] [hivemq-platform-operator] [4dcf278f] 18:40:44.927 [Controller Starter for: hivemq-controller] INFO  i.j.operator.processing.Controller - 'hivemq-controller' controller started
2025-01-29 18:40:44,929 INFO c.h.h.t.HelmChartContainer - [hivemq-test-hivemq-platform] [hivemq-platform-operator] [4dcf278f] 18:40:44.928 [main] INFO  c.h.p.o.HiveMQPlatformOperatorApplication - HiveMQ Platform Operator 1.7.0-SNAPSHOT started in 6384 ms
2025-01-29 18:40:46,495 INFO c.h.h.t.HelmChartContainer - [POD] hivemq-test-hivemq-platform-operator-6966f96d65-8hfm8 [4dcf278f-8791-4cfe-97ec-c6e5a9cf4e41] in helmmetricsserviceit-operator was MODIFIED
2025-01-29 18:40:46,500 INFO c.h.h.t.HelmChartContainer - [K3S] [replica_set.go:679] "Finished syncing" kind="ReplicaSet" key="helmmetricsserviceit-operator/hivemq-test-hivemq-platform-operator-6966f96d65" duration="11.281303ms"
2025-01-29 18:40:46,500 INFO c.h.h.t.HelmChartContainer - [K3S] [replica_set.go:679] "Finished syncing" kind="ReplicaSet" key="helmmetricsserviceit-operator/hivemq-test-hivemq-platform-operator-6966f96d65" duration="32.981µs"
2025-01-29 18:40:47,258 DEBUG c.h.h.t.HelmChartContainer - Executing helm command: /bin/helm --kubeconfig /etc/rancher/k3s/k3s.yaml install test-hivemq-platform /charts/hivemq-platform --wait --timeout 5m0s --set image.repository=docker.io/hivemq --set image.tag=4.36.0 --set image.pullPolicy=Never --set nodes.resources.cpu=512m -f /files/custom-service-names-values.yaml --namespace helmmetricsserviceit
2025-01-29 18:40:47,504 INFO c.h.h.t.HelmChartContainer - [hivemq-test-hivemq-platform] [hivemq-platform-operator] [4dcf278f] 18:40:47.503 [-2082509879-pool-1-thread-3] WARN  i.m.p.PrometheusMeterRegistry - The meter (MeterId{name='operator.sdk.events.received', tags=[tag(action=ADDED),tag(event=ResourceEvent),tag(group=hivemq.com),tag(kind=HiveMQPlatform),tag(name=test-hivemq-platform),tag(namespace=helmmetricsserviceit),tag(scope=namespace),tag(version=v1)]}) registration has failed: Prometheus requires that all meters with the same name have the same set of tag keys. There is already an existing meter named 'operator.sdk.events.received' containing tag keys [event, group, kind, name, namespace, scope, version]. The meter you are attempting to register has keys [action, event, group, kind, name, namespace, scope, version]. Note that subsequent logs will be logged at debug level.
2025-01-29 18:40:47,928 INFO c.h.h.t.HelmChartContainer - [hivemq-test-hivemq-platform] [hivemq-platform-operator] [4dcf278f] 18:40:47.926 [pool-6-thread-3] DEBUG c.h.p.o.dependants.PodInfoConfigMap - [helmmetr] Desired PodInfo ConfigMap (1 extensions) (1 enabled)
2025-01-29 18:40:47,929 INFO c.h.h.t.HelmChartContainer - [hivemq-test-hivemq-platform] [hivemq-platform-operator] [4dcf278f] 18:40:47.927 [pool-6-thread-3] DEBUG c.h.p.o.dependants.PodInfoConfigMap - [helmmetr] Desired PodInfo ConfigMap (metrics port: 9399) (metrics path: /)
2025-01-29 18:40:47,930 INFO c.h.h.t.HelmChartContainer - [hivemq-test-hivemq-platform] [hivemq-platform-operator] [4dcf278f] 18:40:47.927 [pool-6-thread-3] DEBUG c.h.p.o.dependants.PodInfoConfigMap - [helmmetr] Desired PodInfo ConfigMap (extension state hash: -1817474005)
2025-01-29 18:40:47,930 INFO c.h.h.t.HelmChartContainer - [hivemq-test-hivemq-platform] [hivemq-platform-operator] [4dcf278f] 18:40:47.929 [pool-6-thread-3] DEBUG c.h.p.o.dependants.PodInfoConfigMap - [helmmetr] Create PodInfo ConfigMap
2025-01-29 18:40:48,033 INFO c.h.h.t.HelmChartContainer - [hivemq-test-hivemq-platform] [hivemq-platform-operator] [4dcf278f] 18:40:48.030 [pool-6-thread-5] DEBUG c.h.p.o.dependants.PodRoleResource - [helmmetr] Create Role: Role(apiVersion=rbac.authorization.k8s.io/v1, kind=Role, metadata=ObjectMeta(annotations={meta.helm.sh/release-name=test-hivemq-platform, meta.helm.sh/release-namespace=helmmetricsserviceit}, creationTimestamp=null, deletionGracePeriodSeconds=null, deletionTimestamp=null, finalizers=[], generateName=null, generation=null, labels={helm.sh/chart=hivemq-platform-0.2.32, app.kubernetes.io/managed-by=Helm, app.kubernetes.io/name=hivemq-platform, hivemq-platform=test-hivemq-platform, app.kubernetes.io/instance=test-hivemq-platform, app.kubernetes.io/version=4.36.0}, managedFields=[], name=hivemq-platform-role-test-hivemq-platform, namespace=helmmetricsserviceit, ownerReferences=[OwnerReference(apiVersion=hivemq.com/v1, blockOwnerDeletion=null, controller=null, kind=HiveMQPlatform, name=test-hivemq-platform, uid=ac8b3144-7693-4c0b-83fb-7061b62b2959, additionalProperties={})], resourceVersion=null, selfLink=null, uid=null, additionalProperties={}), rules=[PolicyRule(apiGroups=[], nonResourceURLs=[], resourceNames=[], resources=[pods], verbs=[get, patch, update], additionalProperties={})], additionalProperties={})
2025-01-29 18:40:48,140 INFO c.h.h.t.HelmChartContainer - [hivemq-test-hivemq-platform] [hivemq-platform-operator] [4dcf278f] 18:40:48.136 [pool-6-thread-7] DEBUG c.h.p.o.d.PodServiceAccountResource - [helmmetr] Desired PodServiceAccountResource (serviceAccountName: hivemq-platform-pod-test-hivemq-platform)
2025-01-29 18:40:48,140 INFO c.h.h.t.HelmChartContainer - [hivemq-test-hivemq-platform] [hivemq-platform-operator] [4dcf278f] 18:40:48.137 [pool-6-thread-7] DEBUG c.h.p.o.d.PodServiceAccountResource - [helmmetr] Create ServiceAccount 'hivemq-platform-pod-test-hivemq-platform'
2025-01-29 18:40:48,327 INFO c.h.h.t.HelmChartContainer - [hivemq-test-hivemq-platform] [hivemq-platform-operator] [4dcf278f] 18:40:48.326 [pool-6-thread-10] DEBUG c.h.p.o.d.PodRoleBindingResource - [helmmetr] Create RoleBinding: RoleBinding(apiVersion=rbac.authorization.k8s.io/v1, kind=RoleBinding, metadata=ObjectMeta(annotations={meta.helm.sh/release-name=test-hivemq-platform, meta.helm.sh/release-namespace=helmmetricsserviceit}, creationTimestamp=null, deletionGracePeriodSeconds=null, deletionTimestamp=null, finalizers=[], generateName=null, generation=null, labels={helm.sh/chart=hivemq-platform-0.2.32, app.kubernetes.io/managed-by=Helm, app.kubernetes.io/name=hivemq-platform, hivemq-platform=test-hivemq-platform, app.kubernetes.io/instance=test-hivemq-platform, app.kubernetes.io/version=4.36.0}, managedFields=[], name=hivemq-platform-role-binding-test-hivemq-platform, namespace=helmmetricsserviceit, ownerReferences=[OwnerReference(apiVersion=hivemq.com/v1, blockOwnerDeletion=null, controller=null, kind=HiveMQPlatform, name=test-hivemq-platform, uid=ac8b3144-7693-4c0b-83fb-7061b62b2959, additionalProperties={})], resourceVersion=null, selfLink=null, uid=null, additionalProperties={}), roleRef=RoleRef(apiGroup=rbac.authorization.k8s.io, kind=Role, name=hivemq-platform-role-test-hivemq-platform, additionalProperties={}), subjects=[Subject(apiGroup=null, kind=ServiceAccount, name=hivemq-platform-pod-test-hivemq-platform, namespace=helmmetricsserviceit, additionalProperties={})], additionalProperties={})
2025-01-29 18:40:48,345 INFO c.h.h.t.HelmChartContainer - [hivemq-test-hivemq-platform] [hivemq-platform-operator] [4dcf278f] 18:40:48.344 [ReconcilerExecutor-hivemq-controller-53] INFO  c.h.p.o.HiveMQPlatformReconciler - [helmmetr] Reconciling HiveMQ Platform 'test-hivemq-platform' in namespace 'helmmetricsserviceit'
2025-01-29 18:40:48,345 INFO c.h.h.t.HelmChartContainer - [hivemq-test-hivemq-platform] [hivemq-platform-operator] [4dcf278f] 18:40:48.344 [ReconcilerExecutor-hivemq-controller-53] DEBUG c.h.p.o.HiveMQPlatformReconciler - [helmmetr] Custom Resource Status CREATED - HiveMQ Platform was created (READY)
2025-01-29 18:40:48,345 INFO c.h.h.t.HelmChartContainer - [hivemq-test-hivemq-platform] [hivemq-platform-operator] [4dcf278f] 18:40:48.344 [ReconcilerExecutor-hivemq-controller-53] DEBUG c.h.p.o.HiveMQPlatformReconciler - [helmmetr] Custom Resource Spec (replicas: 1) (extensions: 1)
2025-01-29 18:40:48,348 INFO c.h.h.t.HelmChartContainer - [hivemq-test-hivemq-platform] [hivemq-platform-operator] [4dcf278f] 18:40:48.348 [ReconcilerExecutor-hivemq-controller-53] INFO  c.h.p.o.h.HiveMQPlatformReconcilerBaseHandler - [helmmetr] HiveMQ Platform is starting
2025-01-29 18:40:48,449 INFO c.h.h.t.HelmChartContainer - [hivemq-test-hivemq-platform] [hivemq-platform-operator] [4dcf278f] 18:40:48.448 [ReconcilerExecutor-hivemq-controller-53] DEBUG c.h.p.operator.event.EventSender - [helmmetr] Creating K8s event hivemq-platform-starting: [Start] HiveMQ Platform is starting
2025-01-29 18:40:48,531 INFO c.h.h.t.HelmChartContainer - [EVENT] Normal [Start] HiveMQ Platform is starting [helmmetricsserviceit:test-hivemq-platform]
2025-01-29 18:40:48,536 INFO c.h.h.t.HelmChartContainer - [hivemq-test-hivemq-platform] [hivemq-platform-operator] [4dcf278f] 18:40:48.534 [ReconcilerExecutor-hivemq-controller-53] INFO  c.h.p.o.h.AbstractHiveMQReconcilerStateHandler - [helmmetr] Update HiveMQ Platform Status (CREATED [READY] -> STARTING [READY]): HiveMQ Platform is starting
2025-01-29 18:40:48,561 DEBUG com.hivemq.helmcharts.util.K8sUtil - Comparing actual state 'STARTING' and waiting for 'RUNNING'
2025-01-29 18:40:58,632 INFO c.h.h.t.HelmChartContainer - [hivemq-test-hivemq-platform] [hivemq-platform-operator] [4dcf278f] 18:40:58.631 [pool-6-thread-12] DEBUG c.h.p.o.d.PlatformServiceResource - [helmmetr] Desired Platform services (4 services)
2025-01-29 18:40:58,636 INFO c.h.h.t.HelmChartContainer - [hivemq-test-hivemq-platform] [hivemq-platform-operator] [4dcf278f] 18:40:58.634 [pool-6-thread-13] DEBUG c.h.p.o.dependants.PodInfoConfigMap - [helmmetr] Desired PodInfo ConfigMap (1 extensions) (1 enabled)
2025-01-29 18:40:58,636 INFO c.h.h.t.HelmChartContainer - [hivemq-test-hivemq-platform] [hivemq-platform-operator] [4dcf278f] 18:40:58.634 [pool-6-thread-13] DEBUG c.h.p.o.dependants.PodInfoConfigMap - [helmmetr] Desired PodInfo ConfigMap (metrics port: 9399) (metrics path: /)
2025-01-29 18:40:58,636 INFO c.h.h.t.HelmChartContainer - [hivemq-test-hivemq-platform] [hivemq-platform-operator] [4dcf278f] 18:40:58.634 [pool-6-thread-13] DEBUG c.h.p.o.dependants.PodInfoConfigMap - [helmmetr] Desired PodInfo ConfigMap (extension state hash: -1817474005)
2025-01-29 18:40:58,638 INFO c.h.h.t.HelmChartContainer - [hivemq-test-hivemq-platform] [hivemq-platform-operator] [4dcf278f] 18:40:58.636 [pool-6-thread-17] DEBUG c.h.p.o.d.PodServiceAccountResource - [helmmetr] Desired PodServiceAccountResource (serviceAccountName: hivemq-platform-pod-test-hivemq-platform)
2025-01-29 18:40:58,642 INFO c.h.h.t.HelmChartContainer - [hivemq-test-hivemq-platform] [hivemq-platform-operator] [4dcf278f] 18:40:58.641 [pool-6-thread-13] DEBUG c.h.p.o.dependants.PodInfoConfigMap - [helmmetr] Update PodInfo ConfigMap
2025-01-29 18:40:58,648 INFO c.h.h.t.HelmChartContainer - [K3S] [alloc.go:330] "allocated clusterIPs" service="helmmetricsserviceit/mqtt-service" clusterIPs={"IPv4":"10.43.235.177"}
2025-01-29 18:40:58,740 INFO c.h.h.t.HelmChartContainer - [K3S] [alloc.go:330] "allocated clusterIPs" service="helmmetricsserviceit/control-center-service" clusterIPs={"IPv4":"10.43.52.239"}
2025-01-29 18:40:58,833 INFO c.h.h.t.HelmChartContainer - [K3S] [alloc.go:330] "allocated clusterIPs" service="helmmetricsserviceit/rest-api-service" clusterIPs={"IPv4":"10.43.83.156"}
2025-01-29 18:40:58,844 INFO c.h.h.t.HelmChartContainer - [K3S] [alloc.go:330] "allocated clusterIPs" service="helmmetricsserviceit/metrics-service" clusterIPs={"IPv4":"10.43.144.232"}
2025-01-29 18:40:58,928 INFO c.h.h.t.HelmChartContainer - [hivemq-test-hivemq-platform] [hivemq-platform-operator] [4dcf278f] 18:40:58.926 [pool-6-thread-20] DEBUG c.h.p.o.d.StatefulSetResource - [helmmetr] Desired StatefulSet (1 replicas) for status STARTING (READY)
2025-01-29 18:40:58,939 INFO c.h.h.t.HelmChartContainer - [hivemq-test-hivemq-platform] [hivemq-platform-operator] [4dcf278f] 18:40:58.938 [pool-6-thread-20] DEBUG c.h.p.o.d.StatefulSetResource - [helmmetr] Create StatefulSet
2025-01-29 18:40:59,045 INFO c.h.h.t.HelmChartContainer - [hivemq-test-hivemq-platform] [hivemq-platform-operator] [4dcf278f] 18:40:59.042 [ReconcilerExecutor-hivemq-controller-64] INFO  c.h.p.o.HiveMQPlatformReconciler - [helmmetr] Reconciling HiveMQ Platform 'test-hivemq-platform' in namespace 'helmmetricsserviceit'
2025-01-29 18:40:59,049 INFO c.h.h.t.HelmChartContainer - [hivemq-test-hivemq-platform] [hivemq-platform-operator] [4dcf278f] 18:40:59.043 [ReconcilerExecutor-hivemq-controller-64] DEBUG c.h.p.o.HiveMQPlatformReconciler - [helmmetr] Custom Resource Status STARTING - HiveMQ Platform is starting (READY)
2025-01-29 18:40:59,049 INFO c.h.h.t.HelmChartContainer - [hivemq-test-hivemq-platform] [hivemq-platform-operator] [4dcf278f] 18:40:59.043 [ReconcilerExecutor-hivemq-controller-64] DEBUG c.h.p.o.HiveMQPlatformReconciler - [helmmetr] Custom Resource Spec (replicas: 1) (extensions: 1)
2025-01-29 18:40:59,049 INFO c.h.h.t.HelmChartContainer - [hivemq-test-hivemq-platform] [hivemq-platform-operator] [4dcf278f] 18:40:59.048 [ReconcilerExecutor-hivemq-controller-64] DEBUG c.h.p.o.HiveMQPlatformReconciler - [helmmetr] StatefulSet Status (revision: null, replicas: 0, available: 0, ready: 0, current: 0, updated: 0)
2025-01-29 18:40:59,049 INFO c.h.h.t.HelmChartContainer - [hivemq-test-hivemq-platform] [hivemq-platform-operator] [4dcf278f] 18:40:59.048 [ReconcilerExecutor-hivemq-controller-64] DEBUG c.h.p.o.HiveMQPlatformReconciler - [helmmetr] StatefulSet Spec (replicas: 1, init containers: 1, containers: 1, volumes: 3)
2025-01-29 18:40:59,049 INFO c.h.h.t.HelmChartContainer - [POD] test-hivemq-platform-0 [7f140441-e483-4731-90c3-cd879347caf4] in helmmetricsserviceit was ADDED
2025-01-29 18:40:59,053 INFO c.h.h.t.HelmChartContainer - [EVENT] Normal [SuccessfulCreate] create Pod test-hivemq-platform-0 in StatefulSet test-hivemq-platform successful [helmmetricsserviceit:test-hivemq-platform]
2025-01-29 18:40:59,054 INFO c.h.h.t.HelmChartContainer - [POD] test-hivemq-platform-0 [7f140441-e483-4731-90c3-cd879347caf4] in helmmetricsserviceit was MODIFIED
2025-01-29 18:40:59,057 INFO c.h.h.t.HelmChartContainer - [EVENT] Normal [Scheduled] Successfully assigned helmmetricsserviceit/test-hivemq-platform-0 to 04e65d37069a [helmmetricsserviceit:test-hivemq-platform-0]
2025-01-29 18:40:59,064 INFO c.h.h.t.HelmChartContainer - [POD] test-hivemq-platform-0 [7f140441-e483-4731-90c3-cd879347caf4] in helmmetricsserviceit was MODIFIED
2025-01-29 18:40:59,134 INFO c.h.h.t.HelmChartContainer - [K3S] [reconciler_common.go:251] "operationExecutor.VerifyControllerAttachedVolume started for volume \"operator-init\" (UniqueName: \"kubernetes.io/empty-dir/7f140441-e483-4731-90c3-cd879347caf4-operator-init\") pod \"test-hivemq-platform-0\" (UID: \"7f140441-e483-4731-90c3-cd879347caf4\") " pod="helmmetricsserviceit/test-hivemq-platform-0"
2025-01-29 18:40:59,134 INFO c.h.h.t.HelmChartContainer - [hivemq-test-hivemq-platform] [hivemq-platform-operator] [4dcf278f] 18:40:59.128 [ReconcilerExecutor-hivemq-controller-64] INFO  c.h.p.o.h.HiveMQPlatformReconcilerBaseHandler - [helmmetr] HiveMQ Platform is starting, 0 of 1 replicas are ready
2025-01-29 18:40:59,135 INFO c.h.h.t.HelmChartContainer - [K3S] [reconciler_common.go:251] "operationExecutor.VerifyControllerAttachedVolume started for volume \"broker-configuration\" (UniqueName: \"kubernetes.io/configmap/7f140441-e483-4731-90c3-cd879347caf4-broker-configuration\") pod \"test-hivemq-platform-0\" (UID: \"7f140441-e483-4731-90c3-cd879347caf4\") " pod="helmmetricsserviceit/test-hivemq-platform-0"
2025-01-29 18:40:59,135 INFO c.h.h.t.HelmChartContainer - [K3S] [reconciler_common.go:251] "operationExecutor.VerifyControllerAttachedVolume started for volume \"kube-api-access-vqxmm\" (UniqueName: \"kubernetes.io/projected/7f140441-e483-4731-90c3-cd879347caf4-kube-api-access-vqxmm\") pod \"test-hivemq-platform-0\" (UID: \"7f140441-e483-4731-90c3-cd879347caf4\") " pod="helmmetricsserviceit/test-hivemq-platform-0"
2025-01-29 18:40:59,136 INFO c.h.h.t.HelmChartContainer - [K3S] [reconciler_common.go:251] "operationExecutor.VerifyControllerAttachedVolume started for volume \"pod-info\" (UniqueName: \"kubernetes.io/configmap/7f140441-e483-4731-90c3-cd879347caf4-pod-info\") pod \"test-hivemq-platform-0\" (UID: \"7f140441-e483-4731-90c3-cd879347caf4\") " pod="helmmetricsserviceit/test-hivemq-platform-0"
2025-01-29 18:40:59,140 INFO c.h.h.t.HelmChartContainer - [hivemq-test-hivemq-platform] [hivemq-platform-operator] [4dcf278f] 18:40:59.138 [pool-6-thread-22] DEBUG c.h.p.o.d.PlatformServiceResource - [helmmetr] Desired Platform services (4 services)
2025-01-29 18:40:59,232 INFO c.h.h.t.HelmChartContainer - [hivemq-test-hivemq-platform] [hivemq-platform-operator] [4dcf278f] 18:40:59.227 [pool-6-thread-23] DEBUG c.h.p.o.dependants.PodInfoConfigMap - [helmmetr] Desired PodInfo ConfigMap (1 extensions) (1 enabled)
2025-01-29 18:40:59,232 INFO c.h.h.t.HelmChartContainer - [hivemq-test-hivemq-platform] [hivemq-platform-operator] [4dcf278f] 18:40:59.228 [pool-6-thread-23] DEBUG c.h.p.o.dependants.PodInfoConfigMap - [helmmetr] Desired PodInfo ConfigMap (metrics port: 9399) (metrics path: /)
2025-01-29 18:40:59,232 INFO c.h.h.t.HelmChartContainer - [hivemq-test-hivemq-platform] [hivemq-platform-operator] [4dcf278f] 18:40:59.228 [pool-6-thread-23] DEBUG c.h.p.o.dependants.PodInfoConfigMap - [helmmetr] Desired PodInfo ConfigMap (extension state hash: -1817474005)
2025-01-29 18:40:59,232 INFO c.h.h.t.HelmChartContainer - [hivemq-test-hivemq-platform] [hivemq-platform-operator] [4dcf278f] 18:40:59.230 [pool-6-thread-27] DEBUG c.h.p.o.d.PodServiceAccountResource - [helmmetr] Desired PodServiceAccountResource (serviceAccountName: hivemq-platform-pod-test-hivemq-platform)
2025-01-29 18:40:59,241 INFO c.h.h.t.HelmChartContainer - [hivemq-test-hivemq-platform] [hivemq-platform-operator] [4dcf278f] 18:40:59.240 [pool-6-thread-30] DEBUG c.h.p.o.d.StatefulSetResource - [helmmetr] Desired StatefulSet (1 replicas) for status STARTING (READY)
2025-01-29 18:40:59,331 INFO c.h.h.t.HelmChartContainer - [hivemq-test-hivemq-platform] [hivemq-platform-operator] [4dcf278f] 18:40:59.330 [ReconcilerExecutor-hivemq-controller-75] INFO  c.h.p.o.HiveMQPlatformReconciler - [helmmetr] Reconciling HiveMQ Platform 'test-hivemq-platform' in namespace 'helmmetricsserviceit'
2025-01-29 18:40:59,332 INFO c.h.h.t.HelmChartContainer - [hivemq-test-hivemq-platform] [hivemq-platform-operator] [4dcf278f] 18:40:59.330 [ReconcilerExecutor-hivemq-controller-75] DEBUG c.h.p.o.HiveMQPlatformReconciler - [helmmetr] Custom Resource Status STARTING - HiveMQ Platform is starting (READY)
2025-01-29 18:40:59,332 INFO c.h.h.t.HelmChartContainer - [hivemq-test-hivemq-platform] [hivemq-platform-operator] [4dcf278f] 18:40:59.330 [ReconcilerExecutor-hivemq-controller-75] DEBUG c.h.p.o.HiveMQPlatformReconciler - [helmmetr] Custom Resource Spec (replicas: 1) (extensions: 1)
2025-01-29 18:40:59,335 INFO c.h.h.t.HelmChartContainer - [hivemq-test-hivemq-platform] [hivemq-platform-operator] [4dcf278f] 18:40:59.334 [ReconcilerExecutor-hivemq-controller-75] DEBUG c.h.p.o.HiveMQPlatformReconciler - [helmmetr] StatefulSet Status (revision: test-hivemq-platform-69f859d85d, replicas: 1, available: 0, ready: 0, current: 1, updated: 1)
2025-01-29 18:40:59,335 INFO c.h.h.t.HelmChartContainer - [hivemq-test-hivemq-platform] [hivemq-platform-operator] [4dcf278f] 18:40:59.334 [ReconcilerExecutor-hivemq-controller-75] DEBUG c.h.p.o.HiveMQPlatformReconciler - [helmmetr] StatefulSet Spec (replicas: 1, init containers: 1, containers: 1, volumes: 3)
2025-01-29 18:40:59,435 INFO c.h.h.t.HelmChartContainer - [hivemq-test-hivemq-platform] [hivemq-platform-operator] [4dcf278f] 18:40:59.430 [ReconcilerExecutor-hivemq-controller-75] DEBUG c.h.p.o.h.HiveMQPlatformReconcilerErrorHandler - [helmmetr] Pod 'test-hivemq-platform-0' phase Pending
2025-01-29 18:40:59,435 INFO c.h.h.t.HelmChartContainer - [hivemq-test-hivemq-platform] [hivemq-platform-operator] [4dcf278f] 18:40:59.431 [ReconcilerExecutor-hivemq-controller-75] DEBUG c.h.p.o.h.HiveMQPlatformReconcilerErrorHandler - [helmmetr] Pod 'test-hivemq-platform-0' condition 'PodReadyToStartContainers': False
2025-01-29 18:40:59,435 INFO c.h.h.t.HelmChartContainer - [hivemq-test-hivemq-platform] [hivemq-platform-operator] [4dcf278f] 18:40:59.431 [ReconcilerExecutor-hivemq-controller-75] DEBUG c.h.p.o.h.HiveMQPlatformReconcilerErrorHandler - [helmmetr] Pod 'test-hivemq-platform-0' condition 'Initialized': False
2025-01-29 18:40:59,435 INFO c.h.h.t.HelmChartContainer - [hivemq-test-hivemq-platform] [hivemq-platform-operator] [4dcf278f] 18:40:59.431 [ReconcilerExecutor-hivemq-controller-75] DEBUG c.h.p.o.h.HiveMQPlatformReconcilerErrorHandler - [helmmetr] Pod 'test-hivemq-platform-0' condition 'Ready': False
2025-01-29 18:40:59,435 INFO c.h.h.t.HelmChartContainer - [hivemq-test-hivemq-platform] [hivemq-platform-operator] [4dcf278f] 18:40:59.431 [ReconcilerExecutor-hivemq-controller-75] DEBUG c.h.p.o.h.HiveMQPlatformReconcilerErrorHandler - [helmmetr] Pod 'test-hivemq-platform-0' condition 'ContainersReady': False
2025-01-29 18:40:59,435 INFO c.h.h.t.HelmChartContainer - [hivemq-test-hivemq-platform] [hivemq-platform-operator] [4dcf278f] 18:40:59.431 [ReconcilerExecutor-hivemq-controller-75] DEBUG c.h.p.o.h.HiveMQPlatformReconcilerErrorHandler - [helmmetr] Pod 'test-hivemq-platform-0' condition 'PodScheduled': True
2025-01-29 18:40:59,435 INFO c.h.h.t.HelmChartContainer - [hivemq-test-hivemq-platform] [hivemq-platform-operator] [4dcf278f] 18:40:59.432 [ReconcilerExecutor-hivemq-controller-75] DEBUG c.h.p.o.h.HiveMQPlatformReconcilerErrorHandler - [helmmetr] Pod 'test-hivemq-platform-0' containerStatus 'hivemq' (started: false) (ready: false) (waiting: [PodInitializing] null)
2025-01-29 18:40:59,435 INFO c.h.h.t.HelmChartContainer - [hivemq-test-hivemq-platform] [hivemq-platform-operator] [4dcf278f] 18:40:59.433 [ReconcilerExecutor-hivemq-controller-75] INFO  c.h.p.o.h.HiveMQPlatformReconcilerBaseHandler - [helmmetr] HiveMQ Platform is starting, 0 of 1 replicas are ready
2025-01-29 18:40:59,441 INFO c.h.h.t.HelmChartContainer - [hivemq-test-hivemq-platform] [hivemq-platform-operator] [4dcf278f] 18:40:59.440 [pool-6-thread-32] DEBUG c.h.p.o.d.PlatformServiceResource - [helmmetr] Desired Platform services (4 services)
2025-01-29 18:40:59,446 INFO c.h.h.t.HelmChartContainer - [hivemq-test-hivemq-platform] [hivemq-platform-operator] [4dcf278f] 18:40:59.443 [pool-6-thread-33] DEBUG c.h.p.o.dependants.PodInfoConfigMap - [helmmetr] Desired PodInfo ConfigMap (1 extensions) (1 enabled)
2025-01-29 18:40:59,450 INFO c.h.h.t.HelmChartContainer - [hivemq-test-hivemq-platform] [hivemq-platform-operator] [4dcf278f] 18:40:59.444 [pool-6-thread-33] DEBUG c.h.p.o.dependants.PodInfoConfigMap - [helmmetr] Desired PodInfo ConfigMap (metrics port: 9399) (metrics path: /)
2025-01-29 18:40:59,450 INFO c.h.h.t.HelmChartContainer - [hivemq-test-hivemq-platform] [hivemq-platform-operator] [4dcf278f] 18:40:59.444 [pool-6-thread-33] DEBUG c.h.p.o.dependants.PodInfoConfigMap - [helmmetr] Desired PodInfo ConfigMap (extension state hash: -1817474005)
2025-01-29 18:40:59,458 INFO c.h.h.t.HelmChartContainer - [EVENT] Normal [Pulled] Container image "docker.io/hivemq/hivemq-platform-operator-init-test:snapshot" already present on machine [helmmetricsserviceit:test-hivemq-platform-0]
2025-01-29 18:40:59,531 INFO c.h.h.t.HelmChartContainer - [hivemq-test-hivemq-platform] [hivemq-platform-operator] [4dcf278f] 18:40:59.529 [pool-6-thread-37] DEBUG c.h.p.o.d.PodServiceAccountResource - [helmmetr] Desired PodServiceAccountResource (serviceAccountName: hivemq-platform-pod-test-hivemq-platform)
2025-01-29 18:40:59,537 INFO c.h.h.t.HelmChartContainer - [hivemq-test-hivemq-platform] [hivemq-platform-operator] [4dcf278f] 18:40:59.535 [pool-6-thread-40] DEBUG c.h.p.o.d.StatefulSetResource - [helmmetr] Desired StatefulSet (1 replicas) for status STARTING (READY)
2025-01-29 18:40:59,543 INFO c.h.h.t.HelmChartContainer - [hivemq-test-hivemq-platform] [hivemq-platform-operator] [4dcf278f] 18:40:59.539 [ReconcilerExecutor-hivemq-controller-86] INFO  c.h.p.o.HiveMQPlatformReconciler - [helmmetr] Reconciling HiveMQ Platform 'test-hivemq-platform' in namespace 'helmmetricsserviceit'
2025-01-29 18:40:59,544 INFO c.h.h.t.HelmChartContainer - [hivemq-test-hivemq-platform] [hivemq-platform-operator] [4dcf278f] 18:40:59.540 [ReconcilerExecutor-hivemq-controller-86] DEBUG c.h.p.o.HiveMQPlatformReconciler - [helmmetr] Custom Resource Status STARTING - HiveMQ Platform is starting (READY)
2025-01-29 18:40:59,544 INFO c.h.h.t.HelmChartContainer - [hivemq-test-hivemq-platform] [hivemq-platform-operator] [4dcf278f] 18:40:59.540 [ReconcilerExecutor-hivemq-controller-86] DEBUG c.h.p.o.HiveMQPlatformReconciler - [helmmetr] Custom Resource Spec (replicas: 1) (extensions: 1)
2025-01-29 18:40:59,545 INFO c.h.h.t.HelmChartContainer - [hivemq-test-hivemq-platform] [hivemq-platform-operator] [4dcf278f] 18:40:59.542 [ReconcilerExecutor-hivemq-controller-86] DEBUG c.h.p.o.HiveMQPlatformReconciler - [helmmetr] StatefulSet Status (revision: test-hivemq-platform-69f859d85d, replicas: 1, available: 0, ready: 0, current: 1, updated: 1)
2025-01-29 18:40:59,545 INFO c.h.h.t.HelmChartContainer - [hivemq-test-hivemq-platform] [hivemq-platform-operator] [4dcf278f] 18:40:59.543 [ReconcilerExecutor-hivemq-controller-86] DEBUG c.h.p.o.HiveMQPlatformReconciler - [helmmetr] StatefulSet Spec (replicas: 1, init containers: 1, containers: 1, volumes: 3)
2025-01-29 18:40:59,617 INFO c.h.h.t.HelmChartContainer - [EVENT] Normal [Created] Created container: hivemq-platform-operator-init [helmmetricsserviceit:test-hivemq-platform-0]
2025-01-29 18:40:59,630 INFO c.h.h.t.HelmChartContainer - [hivemq-test-hivemq-platform] [hivemq-platform-operator] [4dcf278f] 18:40:59.627 [ReconcilerExecutor-hivemq-controller-86] DEBUG c.h.p.o.h.HiveMQPlatformReconcilerErrorHandler - [helmmetr] Pod 'test-hivemq-platform-0' phase Pending
2025-01-29 18:40:59,631 INFO c.h.h.t.HelmChartContainer - [hivemq-test-hivemq-platform] [hivemq-platform-operator] [4dcf278f] 18:40:59.627 [ReconcilerExecutor-hivemq-controller-86] DEBUG c.h.p.o.h.HiveMQPlatformReconcilerErrorHandler - [helmmetr] Pod 'test-hivemq-platform-0' condition 'PodReadyToStartContainers': False
2025-01-29 18:40:59,631 INFO c.h.h.t.HelmChartContainer - [hivemq-test-hivemq-platform] [hivemq-platform-operator] [4dcf278f] 18:40:59.628 [ReconcilerExecutor-hivemq-controller-86] DEBUG c.h.p.o.h.HiveMQPlatformReconcilerErrorHandler - [helmmetr] Pod 'test-hivemq-platform-0' condition 'Initialized': False
2025-01-29 18:40:59,631 INFO c.h.h.t.HelmChartContainer - [hivemq-test-hivemq-platform] [hivemq-platform-operator] [4dcf278f] 18:40:59.628 [ReconcilerExecutor-hivemq-controller-86] DEBUG c.h.p.o.h.HiveMQPlatformReconcilerErrorHandler - [helmmetr] Pod 'test-hivemq-platform-0' condition 'Ready': False
2025-01-29 18:40:59,631 INFO c.h.h.t.HelmChartContainer - [hivemq-test-hivemq-platform] [hivemq-platform-operator] [4dcf278f] 18:40:59.628 [ReconcilerExecutor-hivemq-controller-86] DEBUG c.h.p.o.h.HiveMQPlatformReconcilerErrorHandler - [helmmetr] Pod 'test-hivemq-platform-0' condition 'ContainersReady': False
2025-01-29 18:40:59,631 INFO c.h.h.t.HelmChartContainer - [hivemq-test-hivemq-platform] [hivemq-platform-operator] [4dcf278f] 18:40:59.628 [ReconcilerExecutor-hivemq-controller-86] DEBUG c.h.p.o.h.HiveMQPlatformReconcilerErrorHandler - [helmmetr] Pod 'test-hivemq-platform-0' condition 'PodScheduled': True
2025-01-29 18:40:59,631 INFO c.h.h.t.HelmChartContainer - [hivemq-test-hivemq-platform] [hivemq-platform-operator] [4dcf278f] 18:40:59.628 [ReconcilerExecutor-hivemq-controller-86] DEBUG c.h.p.o.h.HiveMQPlatformReconcilerErrorHandler - [helmmetr] Pod 'test-hivemq-platform-0' containerStatus 'hivemq' (started: false) (ready: false) (waiting: [PodInitializing] null)
2025-01-29 18:40:59,631 INFO c.h.h.t.HelmChartContainer - [hivemq-test-hivemq-platform] [hivemq-platform-operator] [4dcf278f] 18:40:59.629 [ReconcilerExecutor-hivemq-controller-86] INFO  c.h.p.o.h.HiveMQPlatformReconcilerBaseHandler - [helmmetr] HiveMQ Platform is starting, 0 of 1 replicas are ready
2025-01-29 18:40:59,659 INFO c.h.h.t.HelmChartContainer - [EVENT] Normal [Started] Started container hivemq-platform-operator-init [helmmetricsserviceit:test-hivemq-platform-0]
2025-01-29 18:41:00,522 INFO c.h.h.t.HelmChartContainer - [EVENT] Normal [Pulled] Container image "docker.io/hivemq/hivemq4:4.36.0" already present on machine [helmmetricsserviceit:test-hivemq-platform-0]
2025-01-29 18:41:00,522 INFO c.h.h.t.HelmChartContainer - Received Pulled event for container hivemq in pod test-hivemq-platform-0 [7f140441-e483-4731-90c3-cd879347caf4]
2025-01-29 18:41:00,542 INFO c.h.h.t.HelmChartContainer - [POD] test-hivemq-platform-0 [7f140441-e483-4731-90c3-cd879347caf4] in helmmetricsserviceit was MODIFIED
2025-01-29 18:41:00,560 INFO c.h.h.t.HelmChartContainer - [hivemq-test-hivemq-platform] [hivemq-platform-operator] [4dcf278f] 18:41:00.547 [pool-6-thread-42] DEBUG c.h.p.o.d.PlatformServiceResource - [helmmetr] Desired Platform services (4 services)
2025-01-29 18:41:00,560 INFO c.h.h.t.HelmChartContainer - [hivemq-test-hivemq-platform] [hivemq-platform-operator] [4dcf278f] 18:41:00.551 [pool-6-thread-43] DEBUG c.h.p.o.dependants.PodInfoConfigMap - [helmmetr] Desired PodInfo ConfigMap (1 extensions) (1 enabled)
2025-01-29 18:41:00,560 INFO c.h.h.t.HelmChartContainer - [hivemq-test-hivemq-platform] [hivemq-platform-operator] [4dcf278f] 18:41:00.551 [pool-6-thread-43] DEBUG c.h.p.o.dependants.PodInfoConfigMap - [helmmetr] Desired PodInfo ConfigMap (metrics port: 9399) (metrics path: /)
2025-01-29 18:41:00,560 INFO c.h.h.t.HelmChartContainer - [hivemq-test-hivemq-platform] [hivemq-platform-operator] [4dcf278f] 18:41:00.551 [pool-6-thread-43] DEBUG c.h.p.o.dependants.PodInfoConfigMap - [helmmetr] Desired PodInfo ConfigMap (extension state hash: -1817474005)
2025-01-29 18:41:00,563 INFO c.h.h.t.HelmChartContainer - [hivemq-test-hivemq-platform] [hivemq-platform-operator] [4dcf278f] 18:41:00.556 [pool-6-thread-47] DEBUG c.h.p.o.d.PodServiceAccountResource - [helmmetr] Desired PodServiceAccountResource (serviceAccountName: hivemq-platform-pod-test-hivemq-platform)
2025-01-29 18:41:00,632 INFO c.h.h.t.HelmChartContainer - [hivemq-test-hivemq-platform] [hivemq-platform-operator] [4dcf278f] 18:41:00.628 [pool-6-thread-50] DEBUG c.h.p.o.d.StatefulSetResource - [helmmetr] Desired StatefulSet (1 replicas) for status STARTING (READY)
2025-01-29 18:41:00,634 INFO c.h.h.t.HelmChartContainer - [hivemq-test-hivemq-platform] [hivemq-platform-operator] [4dcf278f] 18:41:00.633 [ReconcilerExecutor-hivemq-controller-97] INFO  c.h.p.o.HiveMQPlatformReconciler - [helmmetr] Reconciling HiveMQ Platform 'test-hivemq-platform' in namespace 'helmmetricsserviceit'
2025-01-29 18:41:00,634 INFO c.h.h.t.HelmChartContainer - [hivemq-test-hivemq-platform] [hivemq-platform-operator] [4dcf278f] 18:41:00.634 [ReconcilerExecutor-hivemq-controller-97] DEBUG c.h.p.o.HiveMQPlatformReconciler - [helmmetr] Custom Resource Status STARTING - HiveMQ Platform is starting (READY)
2025-01-29 18:41:00,636 INFO c.h.h.t.HelmChartContainer - [hivemq-test-hivemq-platform] [hivemq-platform-operator] [4dcf278f] 18:41:00.634 [ReconcilerExecutor-hivemq-controller-97] DEBUG c.h.p.o.HiveMQPlatformReconciler - [helmmetr] Custom Resource Spec (replicas: 1) (extensions: 1)
2025-01-29 18:41:00,637 INFO c.h.h.t.HelmChartContainer - [hivemq-test-hivemq-platform] [hivemq-platform-operator] [4dcf278f] 18:41:00.636 [ReconcilerExecutor-hivemq-controller-97] DEBUG c.h.p.o.HiveMQPlatformReconciler - [helmmetr] StatefulSet Status (revision: test-hivemq-platform-69f859d85d, replicas: 1, available: 0, ready: 0, current: 1, updated: 1)
2025-01-29 18:41:00,637 INFO c.h.h.t.HelmChartContainer - [hivemq-test-hivemq-platform] [hivemq-platform-operator] [4dcf278f] 18:41:00.636 [ReconcilerExecutor-hivemq-controller-97] DEBUG c.h.p.o.HiveMQPlatformReconciler - [helmmetr] StatefulSet Spec (replicas: 1, init containers: 1, containers: 1, volumes: 3)
2025-01-29 18:41:00,640 INFO c.h.h.t.HelmChartContainer - [hivemq-test-hivemq-platform] [hivemq-platform-operator] [4dcf278f] 18:41:00.639 [ReconcilerExecutor-hivemq-controller-97] DEBUG c.h.p.o.h.HiveMQPlatformReconcilerErrorHandler - [helmmetr] Pod 'test-hivemq-platform-0' phase Pending
2025-01-29 18:41:00,641 INFO c.h.h.t.HelmChartContainer - [hivemq-test-hivemq-platform] [hivemq-platform-operator] [4dcf278f] 18:41:00.639 [ReconcilerExecutor-hivemq-controller-97] DEBUG c.h.p.o.h.HiveMQPlatformReconcilerErrorHandler - [helmmetr] Pod 'test-hivemq-platform-0' condition 'PodReadyToStartContainers': True
2025-01-29 18:41:00,642 INFO c.h.h.t.HelmChartContainer - [hivemq-test-hivemq-platform] [hivemq-platform-operator] [4dcf278f] 18:41:00.639 [ReconcilerExecutor-hivemq-controller-97] DEBUG c.h.p.o.h.HiveMQPlatformReconcilerErrorHandler - [helmmetr] Pod 'test-hivemq-platform-0' condition 'Initialized': True
2025-01-29 18:41:00,642 INFO c.h.h.t.HelmChartContainer - [hivemq-test-hivemq-platform] [hivemq-platform-operator] [4dcf278f] 18:41:00.639 [ReconcilerExecutor-hivemq-controller-97] DEBUG c.h.p.o.h.HiveMQPlatformReconcilerErrorHandler - [helmmetr] Pod 'test-hivemq-platform-0' condition 'Ready': False
2025-01-29 18:41:00,643 INFO c.h.h.t.HelmChartContainer - [hivemq-test-hivemq-platform] [hivemq-platform-operator] [4dcf278f] 18:41:00.640 [ReconcilerExecutor-hivemq-controller-97] DEBUG c.h.p.o.h.HiveMQPlatformReconcilerErrorHandler - [helmmetr] Pod 'test-hivemq-platform-0' condition 'ContainersReady': False
2025-01-29 18:41:00,643 INFO c.h.h.t.HelmChartContainer - [hivemq-test-hivemq-platform] [hivemq-platform-operator] [4dcf278f] 18:41:00.640 [ReconcilerExecutor-hivemq-controller-97] DEBUG c.h.p.o.h.HiveMQPlatformReconcilerErrorHandler - [helmmetr] Pod 'test-hivemq-platform-0' condition 'PodScheduled': True
2025-01-29 18:41:00,643 INFO c.h.h.t.HelmChartContainer - [hivemq-test-hivemq-platform] [hivemq-platform-operator] [4dcf278f] 18:41:00.640 [ReconcilerExecutor-hivemq-controller-97] DEBUG c.h.p.o.h.HiveMQPlatformReconcilerErrorHandler - [helmmetr] Pod 'test-hivemq-platform-0' containerStatus 'hivemq' (started: false) (ready: false) (waiting: [PodInitializing] null)
2025-01-29 18:41:00,643 INFO c.h.h.t.HelmChartContainer - [hivemq-test-hivemq-platform] [hivemq-platform-operator] [4dcf278f] 18:41:00.641 [ReconcilerExecutor-hivemq-controller-97] INFO  c.h.p.o.h.HiveMQPlatformReconcilerBaseHandler - [helmmetr] HiveMQ Platform is starting, 0 of 1 replicas are ready
2025-01-29 18:41:02,282 INFO c.h.h.t.HelmChartContainer - [EVENT] Normal [Created] Created container: hivemq [helmmetricsserviceit:test-hivemq-platform-0]
2025-01-29 18:41:02,282 INFO c.h.h.t.HelmChartContainer - Received Created event for container hivemq in pod test-hivemq-platform-0 [7f140441-e483-4731-90c3-cd879347caf4]
2025-01-29 18:41:02,536 INFO c.h.h.t.HelmChartContainer - [POD] test-hivemq-platform-0 [7f140441-e483-4731-90c3-cd879347caf4] in helmmetricsserviceit was MODIFIED
2025-01-29 18:41:02,546 INFO c.h.h.t.HelmChartContainer - Started log watcher for hivemq in pod test-hivemq-platform-0 [7f140441-e483-4731-90c3-cd879347caf4]
2025-01-29 18:41:02,548 INFO c.h.h.t.HelmChartContainer - [EVENT] Normal [Started] Started container hivemq [helmmetricsserviceit:test-hivemq-platform-0]
2025-01-29 18:41:02,548 INFO c.h.h.t.HelmChartContainer - Received Started event for container hivemq in pod test-hivemq-platform-0 [7f140441-e483-4731-90c3-cd879347caf4]
2025-01-29 18:41:02,548 INFO c.h.h.t.HelmChartContainer - [test-hivemq-platform] [hivemq] [7f140441] Adding pre-installed HiveMQ Platform Operator extensions
2025-01-29 18:41:02,548 INFO c.h.h.t.HelmChartContainer - [test-hivemq-platform] [hivemq] [7f140441] Running as user 10000
2025-01-29 18:41:02,548 INFO c.h.h.t.HelmChartContainer - [test-hivemq-platform] [hivemq] [7f140441] Starting HiveMQ Platform Operator Init
2025-01-29 18:41:02,551 INFO c.h.h.t.HelmChartContainer - [hivemq-test-hivemq-platform] [hivemq-platform-operator] [4dcf278f] 18:41:02.545 [pool-6-thread-8] DEBUG c.h.p.o.d.PlatformServiceResource - [helmmetr] Desired Platform services (4 services)
2025-01-29 18:41:02,553 INFO c.h.h.t.HelmChartContainer - [hivemq-test-hivemq-platform] [hivemq-platform-operator] [4dcf278f] 18:41:02.552 [pool-6-thread-2] DEBUG c.h.p.o.d.PodServiceAccountResource - [helmmetr] Desired PodServiceAccountResource (serviceAccountName: hivemq-platform-pod-test-hivemq-platform)
2025-01-29 18:41:02,561 INFO c.h.h.t.HelmChartContainer - [hivemq-test-hivemq-platform] [hivemq-platform-operator] [4dcf278f] 18:41:02.560 [pool-6-thread-9] DEBUG c.h.p.o.dependants.PodInfoConfigMap - [helmmetr] Desired PodInfo ConfigMap (1 extensions) (1 enabled)
2025-01-29 18:41:02,562 INFO c.h.h.t.HelmChartContainer - [hivemq-test-hivemq-platform] [hivemq-platform-operator] [4dcf278f] 18:41:02.561 [pool-6-thread-9] DEBUG c.h.p.o.dependants.PodInfoConfigMap - [helmmetr] Desired PodInfo ConfigMap (metrics port: 9399) (metrics path: /)
2025-01-29 18:41:02,562 INFO c.h.h.t.HelmChartContainer - [hivemq-test-hivemq-platform] [hivemq-platform-operator] [4dcf278f] 18:41:02.561 [pool-6-thread-9] DEBUG c.h.p.o.dependants.PodInfoConfigMap - [helmmetr] Desired PodInfo ConfigMap (extension state hash: -1817474005)
2025-01-29 18:41:02,633 INFO c.h.h.t.HelmChartContainer - [hivemq-test-hivemq-platform] [hivemq-platform-operator] [4dcf278f] 18:41:02.628 [pool-6-thread-2] DEBUG c.h.p.o.d.StatefulSetResource - [helmmetr] Desired StatefulSet (1 replicas) for status STARTING (READY)
2025-01-29 18:41:02,636 INFO c.h.h.t.HelmChartContainer - [hivemq-test-hivemq-platform] [hivemq-platform-operator] [4dcf278f] 18:41:02.633 [ReconcilerExecutor-hivemq-controller-108] INFO  c.h.p.o.HiveMQPlatformReconciler - [helmmetr] Reconciling HiveMQ Platform 'test-hivemq-platform' in namespace 'helmmetricsserviceit'
2025-01-29 18:41:02,636 INFO c.h.h.t.HelmChartContainer - [hivemq-test-hivemq-platform] [hivemq-platform-operator] [4dcf278f] 18:41:02.633 [ReconcilerExecutor-hivemq-controller-108] DEBUG c.h.p.o.HiveMQPlatformReconciler - [helmmetr] Custom Resource Status STARTING - HiveMQ Platform is starting (READY)
2025-01-29 18:41:02,636 INFO c.h.h.t.HelmChartContainer - [hivemq-test-hivemq-platform] [hivemq-platform-operator] [4dcf278f] 18:41:02.633 [ReconcilerExecutor-hivemq-controller-108] DEBUG c.h.p.o.HiveMQPlatformReconciler - [helmmetr] Custom Resource Spec (replicas: 1) (extensions: 1)
2025-01-29 18:41:02,636 INFO c.h.h.t.HelmChartContainer - [hivemq-test-hivemq-platform] [hivemq-platform-operator] [4dcf278f] 18:41:02.635 [ReconcilerExecutor-hivemq-controller-108] DEBUG c.h.p.o.HiveMQPlatformReconciler - [helmmetr] StatefulSet Status (revision: test-hivemq-platform-69f859d85d, replicas: 1, available: 0, ready: 0, current: 1, updated: 1)
2025-01-29 18:41:02,636 INFO c.h.h.t.HelmChartContainer - [hivemq-test-hivemq-platform] [hivemq-platform-operator] [4dcf278f] 18:41:02.635 [ReconcilerExecutor-hivemq-controller-108] DEBUG c.h.p.o.HiveMQPlatformReconciler - [helmmetr] StatefulSet Spec (replicas: 1, init containers: 1, containers: 1, volumes: 3)
2025-01-29 18:41:02,639 INFO c.h.h.t.HelmChartContainer - [hivemq-test-hivemq-platform] [hivemq-platform-operator] [4dcf278f] 18:41:02.638 [ReconcilerExecutor-hivemq-controller-108] DEBUG c.h.p.o.h.HiveMQPlatformReconcilerErrorHandler - [helmmetr] Pod 'test-hivemq-platform-0' phase Running
2025-01-29 18:41:02,641 INFO c.h.h.t.HelmChartContainer - [hivemq-test-hivemq-platform] [hivemq-platform-operator] [4dcf278f] 18:41:02.640 [ReconcilerExecutor-hivemq-controller-108] INFO  c.h.p.o.h.HiveMQPlatformReconcilerBaseHandler - [helmmetr] HiveMQ Platform is starting, 0 of 1 replicas are ready
2025-01-29 18:41:03,456 INFO c.h.h.t.HelmChartContainer - [test-hivemq-platform] [hivemq] [7f140441] INFO  - [HiveMQ Platform Operator Init 1.7.0-SNAPSHOT] HiveMQ Platform Operator Init 1.7.0-SNAPSHOT (commit: b1b9591 on branch: HEAD) built on Wed Jan 29 18:32:18 UTC 2025
2025-01-29 18:41:04,650 INFO c.h.h.t.HelmChartContainer - [test-hivemq-platform] [hivemq] [7f140441] INFO  - [HiveMQ Platform Operator Init App 1.7.0-SNAPSHOT] Using bind address 10.42.0.16 from environment variable
2025-01-29 18:41:05,638 INFO c.h.h.t.HelmChartContainer - [test-hivemq-platform] [hivemq] [7f140441] INFO  - [HiveMQ Platform Operator Init App 1.7.0-SNAPSHOT] HiveMQ Platform Operator Init App 1.7.0-SNAPSHOT (commit: b1b9591 on branch: HEAD) built on Wed Jan 29 18:32:18 UTC 2025
2025-01-29 18:41:05,638 INFO c.h.h.t.HelmChartContainer - [test-hivemq-platform] [hivemq] [7f140441] INFO  - [HiveMQ Platform Operator Init App 1.7.0-SNAPSHOT] PodInfo ConfigMap directory: /etc/podinfo
2025-01-29 18:41:05,638 INFO c.h.h.t.HelmChartContainer - [test-hivemq-platform] [hivemq] [7f140441] INFO  - [HiveMQ Platform Operator Init App 1.7.0-SNAPSHOT] HiveMQ home directory: /opt/hivemq
2025-01-29 18:41:05,638 INFO c.h.h.t.HelmChartContainer - [test-hivemq-platform] [hivemq] [7f140441] INFO  - [HiveMQ Platform Operator Init App 1.7.0-SNAPSHOT] HiveMQ Logback folder: /opt/hivemq/conf
2025-01-29 18:41:05,638 INFO c.h.h.t.HelmChartContainer - [test-hivemq-platform] [hivemq] [7f140441] INFO  - [HiveMQ Platform Operator Init App 1.7.0-SNAPSHOT] HiveMQ Config folder: /opt/hivemq/conf-k8s
2025-01-29 18:41:05,639 INFO c.h.h.t.HelmChartContainer - [test-hivemq-platform] [hivemq] [7f140441] INFO  - [HiveMQ Platform Operator Init App 1.7.0-SNAPSHOT] Starting HiveMQ Platform Operator Init App
2025-01-29 18:41:05,639 INFO c.h.h.t.HelmChartContainer - [test-hivemq-platform] [hivemq] [7f140441] INFO  - [HiveMQ Platform Operator Init App 1.7.0-SNAPSHOT] Starting Pod reconciler
2025-01-29 18:41:06,935 INFO c.h.h.t.HelmChartContainer - [test-hivemq-platform] [hivemq] [7f140441] INFO  - [HiveMQ Platform Operator Init App 1.7.0-SNAPSHOT] Pod reconciler is scheduled (interval: 5000 ms)
2025-01-29 18:41:06,936 INFO c.h.h.t.HelmChartContainer - [test-hivemq-platform] [hivemq] [7f140441] INFO  - [HiveMQ Platform Operator Init App 1.7.0-SNAPSHOT] Starting the REST API on 10.42.0.16:7979
2025-01-29 18:41:06,938 INFO c.h.h.t.HelmChartContainer - [test-hivemq-platform] [hivemq] [7f140441] INFO  - [HiveMQ Platform Operator Init App 1.7.0-SNAPSHOT] Waiting up to 600s for at most 1 HiveMQ nodes in cluster service hivemq-test-hivemq-platform-cluster.helmmetricsserviceit.svc
2025-01-29 18:41:07,323 INFO c.h.h.t.HelmChartContainer - [test-hivemq-platform] [hivemq] [7f140441] INFO  - [HiveMQ Platform Operator Init App 1.7.0-SNAPSHOT] Resolved 1 IP addresses: [10.42.0.16]
2025-01-29 18:41:07,324 INFO c.h.h.t.HelmChartContainer - [test-hivemq-platform] [hivemq] [7f140441] INFO  - [HiveMQ Platform Operator Init App 1.7.0-SNAPSHOT] HiveMQ node count of 1 is within threshold of 1
2025-01-29 18:41:07,324 INFO c.h.h.t.HelmChartContainer - [test-hivemq-platform] [hivemq] [7f140441] INFO  - [HiveMQ Platform Operator Init App 1.7.0-SNAPSHOT] Proceeding with container start
2025-01-29 18:41:07,426 INFO c.h.h.t.HelmChartContainer - [test-hivemq-platform] [hivemq] [7f140441] INFO  - [HiveMQ Platform Operator Init App 1.7.0-SNAPSHOT] Initializing HiveMQ Platform extensions with initial configuration: {hivemq-allow-all-extension={start-priority=-1, skip-https-hostname-verification=false, restart=true, config-version=0, header-version=0, c-uri=, priority=-1, uri=preinstalled, skip-https-certificate-validation=false, enabled=true}, hivemq-prometheus-extension={priority=-1, restart=true, enabled=true, request-header-path=no-request-headers, uri=preinstalled, skip-https-certificate-validation=false, skip-https-hostname-verification=false, c-uri=, start-priority=-1}}
2025-01-29 18:41:07,832 INFO c.h.h.t.HelmChartContainer - [test-hivemq-platform] [hivemq] [7f140441] INFO  - [HiveMQ Platform Operator Init App 1.7.0-SNAPSHOT] Extension hivemq-allow-all-extension was already enabled
2025-01-29 18:41:07,926 INFO c.h.h.t.HelmChartContainer - [test-hivemq-platform] [hivemq] [7f140441] INFO  - [HiveMQ Platform Operator Init App 1.7.0-SNAPSHOT] Successfully enabled extension hivemq-prometheus-extension
2025-01-29 18:41:07,929 INFO c.h.h.t.HelmChartContainer - [test-hivemq-platform] [hivemq] [7f140441] INFO  - [HiveMQ Platform Operator Init App 1.7.0-SNAPSHOT] Starting HiveMQ Platform version 4.36.0 (4.36.0)
2025-01-29 18:41:07,929 INFO c.h.h.t.HelmChartContainer - [test-hivemq-platform] [hivemq] [7f140441] INFO  - [HiveMQ Platform Operator Init App 1.7.0-SNAPSHOT] Configuring the HiveMQ Platform
2025-01-29 18:41:07,937 INFO c.h.h.t.HelmChartContainer - [test-hivemq-platform] [hivemq] [7f140441] INFO  - [HiveMQ Platform Operator Init App 1.7.0-SNAPSHOT] Changed logback.xml file scan period to 20 seconds
2025-01-29 18:41:08,032 INFO c.h.h.t.HelmChartContainer - [test-hivemq-platform] [hivemq] [7f140441] INFO  - [HiveMQ Platform Operator Init App 1.7.0-SNAPSHOT] Starting the HiveMQ Platform
2025-01-29 18:41:08,034 INFO c.h.h.t.HelmChartContainer - [test-hivemq-platform] [hivemq] [7f140441] -------------------------------------------------------------------------
2025-01-29 18:41:08,035 INFO c.h.h.t.HelmChartContainer - [test-hivemq-platform] [hivemq] [7f140441] 
2025-01-29 18:41:08,035 INFO c.h.h.t.HelmChartContainer - [test-hivemq-platform] [hivemq] [7f140441]                   _    _  _              __  __   ____
2025-01-29 18:41:08,035 INFO c.h.h.t.HelmChartContainer - [test-hivemq-platform] [hivemq] [7f140441]                  | |  | |(_)            |  \/  | / __ \
2025-01-29 18:41:08,035 INFO c.h.h.t.HelmChartContainer - [test-hivemq-platform] [hivemq] [7f140441]                  | |__| | _ __   __ ___ | \  / || |  | |
2025-01-29 18:41:08,035 INFO c.h.h.t.HelmChartContainer - [test-hivemq-platform] [hivemq] [7f140441]                  |  __  || |\ \ / // _ \| |\/| || |  | |
2025-01-29 18:41:08,035 INFO c.h.h.t.HelmChartContainer - [test-hivemq-platform] [hivemq] [7f140441]                  | |  | || | \ V /|  __/| |  | || |__| |
2025-01-29 18:41:08,035 INFO c.h.h.t.HelmChartContainer - [test-hivemq-platform] [hivemq] [7f140441]                  |_|  |_||_|  \_/  \___||_|  |_| \___\_\
2025-01-29 18:41:08,035 INFO c.h.h.t.HelmChartContainer - [test-hivemq-platform] [hivemq] [7f140441] 
2025-01-29 18:41:08,035 INFO c.h.h.t.HelmChartContainer - [test-hivemq-platform] [hivemq] [7f140441] -------------------------------------------------------------------------
2025-01-29 18:41:08,035 INFO c.h.h.t.HelmChartContainer - [test-hivemq-platform] [hivemq] [7f140441] 
2025-01-29 18:41:08,035 INFO c.h.h.t.HelmChartContainer - [test-hivemq-platform] [hivemq] [7f140441]   HiveMQ Start Script for Linux/Unix v1.14
2025-01-29 18:41:08,035 INFO c.h.h.t.HelmChartContainer - [test-hivemq-platform] [hivemq] [7f140441] 
2025-01-29 18:41:08,134 INFO c.h.h.t.HelmChartContainer - [test-hivemq-platform] [hivemq] [7f140441] -------------------------------------------------------------------------
2025-01-29 18:41:08,134 INFO c.h.h.t.HelmChartContainer - [test-hivemq-platform] [hivemq] [7f140441] 
2025-01-29 18:41:08,134 INFO c.h.h.t.HelmChartContainer - [test-hivemq-platform] [hivemq] [7f140441]   HIVEMQ_HOME: /opt/hivemq
2025-01-29 18:41:08,134 INFO c.h.h.t.HelmChartContainer - [test-hivemq-platform] [hivemq] [7f140441] 
2025-01-29 18:41:08,134 INFO c.h.h.t.HelmChartContainer - [test-hivemq-platform] [hivemq] [7f140441]   JAVA_OPTS: -XX:+UnlockExperimentalVMOptions -XX:InitialRAMPercentage=50 -XX:MaxRAMPercentage=50 -Djava.net.preferIPv4Stack=true --add-opens java.base/java.lang=ALL-UNNAMED --add-opens java.base/java.nio=ALL-UNNAMED --add-opens java.base/sun.nio.ch=ALL-UNNAMED --add-opens jdk.management/com.sun.management.internal=ALL-UNNAMED --add-exports java.base/jdk.internal.misc=ALL-UNNAMED -Djava.security.egd=file:/dev/./urandom -Dcom.sun.management.jmxremote -Dcom.sun.management.jmxremote.port=9010 -Dcom.sun.management.jmxremote.local.only=false -Dcom.sun.management.jmxremote.authenticate=false -Dcom.sun.management.jmxremote.ssl=false -Duser.language=en -Duser.region=US -XX:+CrashOnOutOfMemoryError -XX:+HeapDumpOnOutOfMemoryError
2025-01-29 18:41:08,134 INFO c.h.h.t.HelmChartContainer - [test-hivemq-platform] [hivemq] [7f140441] 
2025-01-29 18:41:08,134 INFO c.h.h.t.HelmChartContainer - [test-hivemq-platform] [hivemq] [7f140441]   JAVA_VERSION: 21
2025-01-29 18:41:08,134 INFO c.h.h.t.HelmChartContainer - [test-hivemq-platform] [hivemq] [7f140441] 
2025-01-29 18:41:08,134 INFO c.h.h.t.HelmChartContainer - [test-hivemq-platform] [hivemq] [7f140441] -------------------------------------------------------------------------
2025-01-29 18:41:08,134 INFO c.h.h.t.HelmChartContainer - [test-hivemq-platform] [hivemq] [7f140441] 
2025-01-29 18:41:08,558 INFO c.h.h.t.HelmChartContainer - [test-hivemq-platform] [hivemq] [7f140441] INFO  - [HiveMQ Platform Operator Init App 1.7.0-SNAPSHOT] Returning default Health API response 503 for readiness
2025-01-29 18:41:08,861 INFO c.h.h.t.HelmChartContainer - [EVENT] Warning [Unhealthy] Readiness probe failed: HTTP probe failed with statuscode: 503 [helmmetricsserviceit:test-hivemq-platform-0]
2025-01-29 18:41:08,861 INFO c.h.h.t.HelmChartContainer - Received Unhealthy event for container hivemq in pod test-hivemq-platform-0 [7f140441-e483-4731-90c3-cd879347caf4]
2025-01-29 18:41:10,757 INFO c.h.h.t.HelmChartContainer - [test-hivemq-platform] [hivemq] [7f140441] INFO  - Starting HiveMQ Enterprise Server
2025-01-29 18:41:10,825 INFO c.h.h.t.HelmChartContainer - [test-hivemq-platform] [hivemq] [7f140441] INFO  - HiveMQ version: 4.36.0
2025-01-29 18:41:10,825 INFO c.h.h.t.HelmChartContainer - [test-hivemq-platform] [hivemq] [7f140441] INFO  - HiveMQ home directory: /opt/hivemq
2025-01-29 18:41:10,825 INFO c.h.h.t.HelmChartContainer - [test-hivemq-platform] [hivemq] [7f140441] INFO  - Log Configuration was overridden by /opt/hivemq/conf/logback.xml
2025-01-29 18:41:12,127 INFO c.h.h.t.HelmChartContainer - [test-hivemq-platform] [hivemq] [7f140441] INFO  - Successfully loaded configuration from '/opt/hivemq/conf-k8s/config.xml'.
2025-01-29 18:41:12,646 INFO c.h.h.t.HelmChartContainer - [hivemq-test-hivemq-platform] [hivemq-platform-operator] [4dcf278f] 18:41:12.642 [pool-6-thread-11] DEBUG c.h.p.o.d.PlatformServiceResource - [helmmetr] Desired Platform services (4 services)
2025-01-29 18:41:12,646 INFO c.h.h.t.HelmChartContainer - [hivemq-test-hivemq-platform] [hivemq-platform-operator] [4dcf278f] 18:41:12.643 [pool-6-thread-14] DEBUG c.h.p.o.dependants.PodInfoConfigMap - [helmmetr] Desired PodInfo ConfigMap (1 extensions) (1 enabled)
2025-01-29 18:41:12,646 INFO c.h.h.t.HelmChartContainer - [hivemq-test-hivemq-platform] [hivemq-platform-operator] [4dcf278f] 18:41:12.645 [pool-6-thread-14] DEBUG c.h.p.o.dependants.PodInfoConfigMap - [helmmetr] Desired PodInfo ConfigMap (metrics port: 9399) (metrics path: /)
2025-01-29 18:41:12,646 INFO c.h.h.t.HelmChartContainer - [hivemq-test-hivemq-platform] [hivemq-platform-operator] [4dcf278f] 18:41:12.645 [pool-6-thread-14] DEBUG c.h.p.o.dependants.PodInfoConfigMap - [helmmetr] Desired PodInfo ConfigMap (extension state hash: -1817474005)
2025-01-29 18:41:12,647 INFO c.h.h.t.HelmChartContainer - [hivemq-test-hivemq-platform] [hivemq-platform-operator] [4dcf278f] 18:41:12.644 [pool-6-thread-16] DEBUG c.h.p.o.d.PodServiceAccountResource - [helmmetr] Desired PodServiceAccountResource (serviceAccountName: hivemq-platform-pod-test-hivemq-platform)
2025-01-29 18:41:12,652 INFO c.h.h.t.HelmChartContainer - [hivemq-test-hivemq-platform] [hivemq-platform-operator] [4dcf278f] 18:41:12.651 [pool-6-thread-11] DEBUG c.h.p.o.d.StatefulSetResource - [helmmetr] Desired StatefulSet (1 replicas) for status STARTING (READY)
2025-01-29 18:41:12,656 INFO c.h.h.t.HelmChartContainer - [hivemq-test-hivemq-platform] [hivemq-platform-operator] [4dcf278f] 18:41:12.655 [ReconcilerExecutor-hivemq-controller-109] INFO  c.h.p.o.HiveMQPlatformReconciler - [helmmetr] Reconciling HiveMQ Platform 'test-hivemq-platform' in namespace 'helmmetricsserviceit'
2025-01-29 18:41:12,657 INFO c.h.h.t.HelmChartContainer - [hivemq-test-hivemq-platform] [hivemq-platform-operator] [4dcf278f] 18:41:12.655 [ReconcilerExecutor-hivemq-controller-109] DEBUG c.h.p.o.HiveMQPlatformReconciler - [helmmetr] Custom Resource Status STARTING - HiveMQ Platform is starting (READY)
2025-01-29 18:41:12,658 INFO c.h.h.t.HelmChartContainer - [hivemq-test-hivemq-platform] [hivemq-platform-operator] [4dcf278f] 18:41:12.655 [ReconcilerExecutor-hivemq-controller-109] DEBUG c.h.p.o.HiveMQPlatformReconciler - [helmmetr] Custom Resource Spec (replicas: 1) (extensions: 1)
2025-01-29 18:41:12,658 INFO c.h.h.t.HelmChartContainer - [hivemq-test-hivemq-platform] [hivemq-platform-operator] [4dcf278f] 18:41:12.657 [ReconcilerExecutor-hivemq-controller-109] DEBUG c.h.p.o.HiveMQPlatformReconciler - [helmmetr] StatefulSet Status (revision: test-hivemq-platform-69f859d85d, replicas: 1, available: 0, ready: 0, current: 1, updated: 1)
2025-01-29 18:41:12,659 INFO c.h.h.t.HelmChartContainer - [hivemq-test-hivemq-platform] [hivemq-platform-operator] [4dcf278f] 18:41:12.657 [ReconcilerExecutor-hivemq-controller-109] DEBUG c.h.p.o.HiveMQPlatformReconciler - [helmmetr] StatefulSet Spec (replicas: 1, init containers: 1, containers: 1, volumes: 3)
2025-01-29 18:41:12,660 INFO c.h.h.t.HelmChartContainer - [hivemq-test-hivemq-platform] [hivemq-platform-operator] [4dcf278f] 18:41:12.659 [ReconcilerExecutor-hivemq-controller-109] DEBUG c.h.p.o.h.HiveMQPlatformReconcilerErrorHandler - [helmmetr] Pod 'test-hivemq-platform-0' phase Running
2025-01-29 18:41:12,661 INFO c.h.h.t.HelmChartContainer - [hivemq-test-hivemq-platform] [hivemq-platform-operator] [4dcf278f] 18:41:12.660 [ReconcilerExecutor-hivemq-controller-109] INFO  c.h.p.o.h.HiveMQPlatformReconcilerBaseHandler - [helmmetr] HiveMQ Platform is starting, 0 of 1 replicas are ready
2025-01-29 18:41:12,833 INFO c.h.h.t.HelmChartContainer - [test-hivemq-platform] [hivemq] [7f140441] INFO  - This node's ID is oq4H4
2025-01-29 18:41:12,833 INFO c.h.h.t.HelmChartContainer - [test-hivemq-platform] [hivemq] [7f140441] INFO  - Clustering is enabled
2025-01-29 18:41:14,055 INFO c.h.h.t.HelmChartContainer - [test-hivemq-platform] [hivemq] [7f140441] WARN  - [HiveMQ Platform Operator Init App 1.7.0-SNAPSHOT] Cannot connect to Health API for readiness: null
2025-01-29 18:41:14,129 INFO c.h.h.t.HelmChartContainer - [EVENT] Warning [Unhealthy] Readiness probe failed: HTTP probe failed with statuscode: 503 [helmmetricsserviceit:test-hivemq-platform-0]
2025-01-29 18:41:14,130 INFO c.h.h.t.HelmChartContainer - Received Unhealthy event for container hivemq in pod test-hivemq-platform-0 [7f140441-e483-4731-90c3-cd879347caf4]
2025-01-29 18:41:17,155 INFO c.h.h.t.HelmChartContainer - [test-hivemq-platform] [hivemq] [7f140441] Jan 29, 2025 6:41:17 PM io.vertx.core.impl.BlockedThreadChecker
2025-01-29 18:41:17,155 INFO c.h.h.t.HelmChartContainer - [test-hivemq-platform] [hivemq] [7f140441] WARNING: Thread Thread[vert.x-eventloop-thread-1,5,main] has been blocked for 2305 ms, time limit is 2000 ms
2025-01-29 18:41:17,924 INFO c.h.h.t.HelmChartContainer - [test-hivemq-platform] [hivemq] [7f140441] INFO  - [HiveMQ Platform Operator Init App 1.7.0-SNAPSHOT] Updating Pod HiveMQ Platform Operator Init App version annotation (version: 1.7.0-SNAPSHOT)
2025-01-29 18:41:18,457 INFO c.h.h.t.HelmChartContainer - [POD] test-hivemq-platform-0 [7f140441-e483-4731-90c3-cd879347caf4] in helmmetricsserviceit was MODIFIED
2025-01-29 18:41:18,467 INFO c.h.h.t.HelmChartContainer - [hivemq-test-hivemq-platform] [hivemq-platform-operator] [4dcf278f] 18:41:18.464 [pool-6-thread-26] DEBUG c.h.p.o.d.PlatformServiceResource - [helmmetr] Desired Platform services (4 services)
2025-01-29 18:41:18,468 INFO c.h.h.t.HelmChartContainer - [hivemq-test-hivemq-platform] [hivemq-platform-operator] [4dcf278f] 18:41:18.465 [pool-6-thread-27] DEBUG c.h.p.o.dependants.PodInfoConfigMap - [helmmetr] Desired PodInfo ConfigMap (1 extensions) (1 enabled)
2025-01-29 18:41:18,468 INFO c.h.h.t.HelmChartContainer - [hivemq-test-hivemq-platform] [hivemq-platform-operator] [4dcf278f] 18:41:18.465 [pool-6-thread-27] DEBUG c.h.p.o.dependants.PodInfoConfigMap - [helmmetr] Desired PodInfo ConfigMap (metrics port: 9399) (metrics path: /)
2025-01-29 18:41:18,469 INFO c.h.h.t.HelmChartContainer - [hivemq-test-hivemq-platform] [hivemq-platform-operator] [4dcf278f] 18:41:18.465 [pool-6-thread-27] DEBUG c.h.p.o.dependants.PodInfoConfigMap - [helmmetr] Desired PodInfo ConfigMap (extension state hash: -1817474005)
2025-01-29 18:41:18,469 INFO c.h.h.t.HelmChartContainer - [hivemq-test-hivemq-platform] [hivemq-platform-operator] [4dcf278f] 18:41:18.465 [pool-6-thread-23] DEBUG c.h.p.o.d.PodServiceAccountResource - [helmmetr] Desired PodServiceAccountResource (serviceAccountName: hivemq-platform-pod-test-hivemq-platform)
2025-01-29 18:41:18,473 INFO c.h.h.t.HelmChartContainer - [hivemq-test-hivemq-platform] [hivemq-platform-operator] [4dcf278f] 18:41:18.472 [pool-6-thread-30] DEBUG c.h.p.o.d.StatefulSetResource - [helmmetr] Desired StatefulSet (1 replicas) for status STARTING (READY)
2025-01-29 18:41:18,528 INFO c.h.h.t.HelmChartContainer - [test-hivemq-platform] [hivemq] [7f140441] WARN  - [HiveMQ Platform Operator Init App 1.7.0-SNAPSHOT] Cannot connect to Health API for readiness: null
2025-01-29 18:41:18,529 INFO c.h.h.t.HelmChartContainer - [hivemq-test-hivemq-platform] [hivemq-platform-operator] [4dcf278f] 18:41:18.526 [ReconcilerExecutor-hivemq-controller-110] INFO  c.h.p.o.HiveMQPlatformReconciler - [helmmetr] Reconciling HiveMQ Platform 'test-hivemq-platform' in namespace 'helmmetricsserviceit'
2025-01-29 18:41:18,530 INFO c.h.h.t.HelmChartContainer - [hivemq-test-hivemq-platform] [hivemq-platform-operator] [4dcf278f] 18:41:18.527 [ReconcilerExecutor-hivemq-controller-110] DEBUG c.h.p.o.HiveMQPlatformReconciler - [helmmetr] Custom Resource Status STARTING - HiveMQ Platform is starting (READY)
2025-01-29 18:41:18,532 INFO c.h.h.t.HelmChartContainer - [hivemq-test-hivemq-platform] [hivemq-platform-operator] [4dcf278f] 18:41:18.528 [ReconcilerExecutor-hivemq-controller-110] DEBUG c.h.p.o.HiveMQPlatformReconciler - [helmmetr] Custom Resource Spec (replicas: 1) (extensions: 1)
2025-01-29 18:41:18,538 INFO c.h.h.t.HelmChartContainer - [hivemq-test-hivemq-platform] [hivemq-platform-operator] [4dcf278f] 18:41:18.530 [ReconcilerExecutor-hivemq-controller-110] DEBUG c.h.p.o.HiveMQPlatformReconciler - [helmmetr] StatefulSet Status (revision: test-hivemq-platform-69f859d85d, replicas: 1, available: 0, ready: 0, current: 1, updated: 1)
2025-01-29 18:41:18,538 INFO c.h.h.t.HelmChartContainer - [hivemq-test-hivemq-platform] [hivemq-platform-operator] [4dcf278f] 18:41:18.530 [ReconcilerExecutor-hivemq-controller-110] DEBUG c.h.p.o.HiveMQPlatformReconciler - [helmmetr] StatefulSet Spec (replicas: 1, init containers: 1, containers: 1, volumes: 3)
2025-01-29 18:41:18,538 INFO c.h.h.t.HelmChartContainer - [hivemq-test-hivemq-platform] [hivemq-platform-operator] [4dcf278f] 18:41:18.532 [ReconcilerExecutor-hivemq-controller-110] DEBUG c.h.p.o.h.HiveMQPlatformReconcilerErrorHandler - [helmmetr] Pod 'test-hivemq-platform-0' phase Running
2025-01-29 18:41:18,538 INFO c.h.h.t.HelmChartContainer - [hivemq-test-hivemq-platform] [hivemq-platform-operator] [4dcf278f] 18:41:18.535 [ReconcilerExecutor-hivemq-controller-110] INFO  c.h.p.o.h.HiveMQPlatformReconcilerBaseHandler - [helmmetr] HiveMQ Platform is starting, 0 of 1 replicas are ready
2025-01-29 18:41:18,540 INFO c.h.h.t.HelmChartContainer - [test-hivemq-platform] [hivemq] [7f140441] INFO  - [HiveMQ Platform Operator Init App 1.7.0-SNAPSHOT] Successfully updated Pod HiveMQ Platform Operator Init App version annotation (version: 1.7.0-SNAPSHOT)
2025-01-29 18:41:18,544 INFO c.h.h.t.HelmChartContainer - [EVENT] Warning [Unhealthy] Readiness probe failed: HTTP probe failed with statuscode: 503 [helmmetricsserviceit:test-hivemq-platform-0]
2025-01-29 18:41:18,545 INFO c.h.h.t.HelmChartContainer - Received Unhealthy event for container hivemq in pod test-hivemq-platform-0 [7f140441-e483-4731-90c3-cd879347caf4]
2025-01-29 18:41:23,525 INFO c.h.h.t.HelmChartContainer - [test-hivemq-platform] [hivemq] [7f140441] WARN  - [HiveMQ Platform Operator Init App 1.7.0-SNAPSHOT] Cannot connect to Health API for readiness: null
2025-01-29 18:41:23,529 INFO c.h.h.t.HelmChartContainer - [EVENT] Warning [Unhealthy] Readiness probe failed: HTTP probe failed with statuscode: 503 [helmmetricsserviceit:test-hivemq-platform-0]
2025-01-29 18:41:23,529 INFO c.h.h.t.HelmChartContainer - Received Unhealthy event for container hivemq in pod test-hivemq-platform-0 [7f140441-e483-4731-90c3-cd879347caf4]
2025-01-29 18:41:28,526 INFO c.h.h.t.HelmChartContainer - [test-hivemq-platform] [hivemq] [7f140441] WARN  - [HiveMQ Platform Operator Init App 1.7.0-SNAPSHOT] Cannot connect to Health API for readiness: null
2025-01-29 18:41:28,529 INFO c.h.h.t.HelmChartContainer - [EVENT] Warning [Unhealthy] Readiness probe failed: HTTP probe failed with statuscode: 503 [helmmetricsserviceit:test-hivemq-platform-0]
2025-01-29 18:41:28,529 INFO c.h.h.t.HelmChartContainer - Received Unhealthy event for container hivemq in pod test-hivemq-platform-0 [7f140441-e483-4731-90c3-cd879347caf4]
2025-01-29 18:41:28,541 INFO c.h.h.t.HelmChartContainer - [hivemq-test-hivemq-platform] [hivemq-platform-operator] [4dcf278f] 18:41:28.539 [pool-6-thread-31] DEBUG c.h.p.o.d.PodServiceAccountResource - [helmmetr] Desired PodServiceAccountResource (serviceAccountName: hivemq-platform-pod-test-hivemq-platform)
2025-01-29 18:41:28,542 INFO c.h.h.t.HelmChartContainer - [hivemq-test-hivemq-platform] [hivemq-platform-operator] [4dcf278f] 18:41:28.540 [pool-6-thread-36] DEBUG c.h.p.o.d.PlatformServiceResource - [helmmetr] Desired Platform services (4 services)
2025-01-29 18:41:28,543 INFO c.h.h.t.HelmChartContainer - [hivemq-test-hivemq-platform] [hivemq-platform-operator] [4dcf278f] 18:41:28.542 [pool-6-thread-34] DEBUG c.h.p.o.dependants.PodInfoConfigMap - [helmmetr] Desired PodInfo ConfigMap (1 extensions) (1 enabled)
2025-01-29 18:41:28,544 INFO c.h.h.t.HelmChartContainer - [hivemq-test-hivemq-platform] [hivemq-platform-operator] [4dcf278f] 18:41:28.542 [pool-6-thread-34] DEBUG c.h.p.o.dependants.PodInfoConfigMap - [helmmetr] Desired PodInfo ConfigMap (metrics port: 9399) (metrics path: /)
2025-01-29 18:41:28,545 INFO c.h.h.t.HelmChartContainer - [hivemq-test-hivemq-platform] [hivemq-platform-operator] [4dcf278f] 18:41:28.544 [pool-6-thread-34] DEBUG c.h.p.o.dependants.PodInfoConfigMap - [helmmetr] Desired PodInfo ConfigMap (extension state hash: -1817474005)
2025-01-29 18:41:28,550 INFO c.h.h.t.HelmChartContainer - [hivemq-test-hivemq-platform] [hivemq-platform-operator] [4dcf278f] 18:41:28.549 [pool-6-thread-36] DEBUG c.h.p.o.d.StatefulSetResource - [helmmetr] Desired StatefulSet (1 replicas) for status STARTING (READY)
2025-01-29 18:41:28,553 INFO c.h.h.t.HelmChartContainer - [hivemq-test-hivemq-platform] [hivemq-platform-operator] [4dcf278f] 18:41:28.552 [ReconcilerExecutor-hivemq-controller-111] INFO  c.h.p.o.HiveMQPlatformReconciler - [helmmetr] Reconciling HiveMQ Platform 'test-hivemq-platform' in namespace 'helmmetricsserviceit'
2025-01-29 18:41:28,556 INFO c.h.h.t.HelmChartContainer - [hivemq-test-hivemq-platform] [hivemq-platform-operator] [4dcf278f] 18:41:28.552 [ReconcilerExecutor-hivemq-controller-111] DEBUG c.h.p.o.HiveMQPlatformReconciler - [helmmetr] Custom Resource Status STARTING - HiveMQ Platform is starting (READY)
2025-01-29 18:41:28,556 INFO c.h.h.t.HelmChartContainer - [hivemq-test-hivemq-platform] [hivemq-platform-operator] [4dcf278f] 18:41:28.553 [ReconcilerExecutor-hivemq-controller-111] DEBUG c.h.p.o.HiveMQPlatformReconciler - [helmmetr] Custom Resource Spec (replicas: 1) (extensions: 1)
2025-01-29 18:41:28,556 INFO c.h.h.t.HelmChartContainer - [hivemq-test-hivemq-platform] [hivemq-platform-operator] [4dcf278f] 18:41:28.554 [ReconcilerExecutor-hivemq-controller-111] DEBUG c.h.p.o.HiveMQPlatformReconciler - [helmmetr] StatefulSet Status (revision: test-hivemq-platform-69f859d85d, replicas: 1, available: 0, ready: 0, current: 1, updated: 1)
2025-01-29 18:41:28,556 INFO c.h.h.t.HelmChartContainer - [hivemq-test-hivemq-platform] [hivemq-platform-operator] [4dcf278f] 18:41:28.554 [ReconcilerExecutor-hivemq-controller-111] DEBUG c.h.p.o.HiveMQPlatformReconciler - [helmmetr] StatefulSet Spec (replicas: 1, init containers: 1, containers: 1, volumes: 3)
2025-01-29 18:41:28,557 INFO c.h.h.t.HelmChartContainer - [hivemq-test-hivemq-platform] [hivemq-platform-operator] [4dcf278f] 18:41:28.557 [ReconcilerExecutor-hivemq-controller-111] DEBUG c.h.p.o.h.HiveMQPlatformReconcilerErrorHandler - [helmmetr] Pod 'test-hivemq-platform-0' phase Running
2025-01-29 18:41:28,631 INFO c.h.h.t.HelmChartContainer - [hivemq-test-hivemq-platform] [hivemq-platform-operator] [4dcf278f] 18:41:28.626 [ReconcilerExecutor-hivemq-controller-111] INFO  c.h.p.o.h.HiveMQPlatformReconcilerBaseHandler - [helmmetr] HiveMQ Platform is starting, 0 of 1 replicas are ready
2025-01-29 18:41:29,122 INFO c.h.h.t.HelmChartContainer - [test-hivemq-platform] [hivemq] [7f140441] INFO  - No valid license file found. Using trial license, restricted to 25 connections.
2025-01-29 18:41:29,424 INFO c.h.h.t.HelmChartContainer - [test-hivemq-platform] [hivemq] [7f140441] WARN  - [HiveMQ Platform Operator Init App 1.7.0-SNAPSHOT] Cannot connect to Health API for liveness: null
2025-01-29 18:41:29,424 INFO c.h.h.t.HelmChartContainer - [test-hivemq-platform] [hivemq] [7f140441] INFO  - [HiveMQ Platform Operator Init App 1.7.0-SNAPSHOT] Returning default Health API response 200 for liveness
2025-01-29 18:41:32,927 INFO c.h.h.t.HelmChartContainer - [test-hivemq-platform] [hivemq] [7f140441] INFO  - No valid license file for Data Hub found. Using free license, restricted to 1 policy.
2025-01-29 18:41:33,446 INFO c.h.h.t.HelmChartContainer - [K3S] [INFO] COMPACT compactRev=0 targetCompactRev=2 currentRev=1844
2025-01-29 18:41:33,446 INFO c.h.h.t.HelmChartContainer - [K3S] [INFO] COMPACT deleted 0 rows from 2 revisions in 384.946µs - compacted to 2/1844
2025-01-29 18:41:33,446 INFO c.h.h.t.HelmChartContainer - [K3S] [INFO] COMPACT compacted from 0 to 2 in 1 transactions over 1ms
2025-01-29 18:41:33,461 INFO c.h.h.t.HelmChartContainer - [test-hivemq-platform] [hivemq] [7f140441] WARN  - [HiveMQ Platform Operator Init App 1.7.0-SNAPSHOT] Cannot connect to Health API for readiness: null
2025-01-29 18:41:33,465 INFO c.h.h.t.HelmChartContainer - [EVENT] Warning [Unhealthy] Readiness probe failed: HTTP probe failed with statuscode: 503 [helmmetricsserviceit:test-hivemq-platform-0]
2025-01-29 18:41:33,465 INFO c.h.h.t.HelmChartContainer - Received Unhealthy event for container hivemq in pod test-hivemq-platform-0 [7f140441-e483-4731-90c3-cd879347caf4]
2025-01-29 18:41:34,124 INFO c.h.h.t.HelmChartContainer - [test-hivemq-platform] [hivemq] [7f140441] INFO  - Audit Logger started.
2025-01-29 18:41:34,347 INFO c.h.h.t.HelmChartContainer - [test-hivemq-platform] [hivemq] [7f140441] INFO  - This node uses '1' CPU cores.
2025-01-29 18:41:34,355 INFO c.h.h.t.HelmChartContainer - [test-hivemq-platform] [hivemq] [7f140441] INFO  - Starting HiveMQ Health API on address 0.0.0.0 and port 8889
2025-01-29 18:41:35,157 INFO c.h.h.t.HelmChartContainer - [test-hivemq-platform] [hivemq] [7f140441] INFO  - Started HiveMQ Health API in 802ms
2025-01-29 18:41:35,738 INFO c.h.h.t.HelmChartContainer - [test-hivemq-platform] [hivemq] [7f140441] INFO  - Starting HiveMQ extension system.
2025-01-29 18:41:35,956 INFO c.h.h.t.HelmChartContainer - [test-hivemq-platform] [hivemq] [7f140441] INFO  - Starting extension with id "hivemq-dns-cluster-discovery" at /opt/hivemq/extensions/hivemq-dns-cluster-discovery
2025-01-29 18:41:36,459 INFO c.h.h.t.HelmChartContainer - [test-hivemq-platform] [hivemq] [7f140441] INFO  - Extension "DNS Cluster Discovery Extension" version 4.3.2 started successfully.
2025-01-29 18:41:36,459 INFO c.h.h.t.HelmChartContainer - [test-hivemq-platform] [hivemq] [7f140441] INFO  - Starting extension with id "hivemq-prometheus-extension" at /opt/hivemq/extensions/hivemq-prometheus-extension
2025-01-29 18:41:36,531 INFO c.h.h.t.HelmChartContainer - [test-hivemq-platform] [hivemq] [7f140441] INFO  - Using TCP cluster transport on address 10.42.0.16 and port 7000
2025-01-29 18:41:36,625 INFO c.h.h.t.HelmChartContainer - [test-hivemq-platform] [hivemq] [7f140441] INFO  - Using extension cluster discovery
2025-01-29 18:41:36,947 INFO c.h.h.t.HelmChartContainer - [K3S] [info.go:53] Couldn't collect info from any of the files in "/etc/machine-id,/var/lib/dbus/machine-id"
2025-01-29 18:41:37,525 INFO c.h.h.t.HelmChartContainer - [test-hivemq-platform] [hivemq] [7f140441] INFO  - Started Jetty Server exposing Prometheus Servlet on URI http://0.0.0.0:9399/
2025-01-29 18:41:37,526 INFO c.h.h.t.HelmChartContainer - [test-hivemq-platform] [hivemq] [7f140441] INFO  - Extension "Prometheus Monitoring Extension" version 4.0.12 started successfully.
2025-01-29 18:41:37,526 INFO c.h.h.t.HelmChartContainer - [test-hivemq-platform] [hivemq] [7f140441] INFO  - Starting extension with id "hivemq-allow-all-extension" at /opt/hivemq/extensions/hivemq-allow-all-extension
2025-01-29 18:41:37,526 INFO c.h.h.t.HelmChartContainer - [test-hivemq-platform] [hivemq] [7f140441] WARN  - 
2025-01-29 18:41:37,526 INFO c.h.h.t.HelmChartContainer - [test-hivemq-platform] [hivemq] [7f140441] ################################################################################################################
2025-01-29 18:41:37,526 INFO c.h.h.t.HelmChartContainer - [test-hivemq-platform] [hivemq] [7f140441] # This HiveMQ deployment is not secure! You are lacking Authentication and Authorization.                      #
2025-01-29 18:41:37,526 INFO c.h.h.t.HelmChartContainer - [test-hivemq-platform] [hivemq] [7f140441] # Right now any MQTT client can connect to the broker with a full set of permissions.                          #
2025-01-29 18:41:37,526 INFO c.h.h.t.HelmChartContainer - [test-hivemq-platform] [hivemq] [7f140441] # For production usage, add an appropriate security extension and remove the hivemq-allow-all extension.       #
2025-01-29 18:41:37,527 INFO c.h.h.t.HelmChartContainer - [test-hivemq-platform] [hivemq] [7f140441] # You can download security extensions from the HiveMQ Marketplace (https://www.hivemq.com/extensions/).       #
2025-01-29 18:41:37,527 INFO c.h.h.t.HelmChartContainer - [test-hivemq-platform] [hivemq] [7f140441] ################################################################################################################
2025-01-29 18:41:37,527 INFO c.h.h.t.HelmChartContainer - [test-hivemq-platform] [hivemq] [7f140441] INFO  - Extension "Allow All Extension" version 1.1.1 started successfully.
2025-01-29 18:41:38,635 INFO c.h.h.t.HelmChartContainer - [hivemq-test-hivemq-platform] [hivemq-platform-operator] [4dcf278f] 18:41:38.630 [pool-6-thread-42] DEBUG c.h.p.o.d.PlatformServiceResource - [helmmetr] Desired Platform services (4 services)
2025-01-29 18:41:38,635 INFO c.h.h.t.HelmChartContainer - [hivemq-test-hivemq-platform] [hivemq-platform-operator] [4dcf278f] 18:41:38.631 [pool-6-thread-44] DEBUG c.h.p.o.dependants.PodInfoConfigMap - [helmmetr] Desired PodInfo ConfigMap (1 extensions) (1 enabled)
2025-01-29 18:41:38,635 INFO c.h.h.t.HelmChartContainer - [hivemq-test-hivemq-platform] [hivemq-platform-operator] [4dcf278f] 18:41:38.631 [pool-6-thread-44] DEBUG c.h.p.o.dependants.PodInfoConfigMap - [helmmetr] Desired PodInfo ConfigMap (metrics port: 9399) (metrics path: /)
2025-01-29 18:41:38,635 INFO c.h.h.t.HelmChartContainer - [hivemq-test-hivemq-platform] [hivemq-platform-operator] [4dcf278f] 18:41:38.631 [pool-6-thread-44] DEBUG c.h.p.o.dependants.PodInfoConfigMap - [helmmetr] Desired PodInfo ConfigMap (extension state hash: -1817474005)
2025-01-29 18:41:38,635 INFO c.h.h.t.HelmChartContainer - [hivemq-test-hivemq-platform] [hivemq-platform-operator] [4dcf278f] 18:41:38.632 [pool-6-thread-44] DEBUG c.h.p.o.d.PodServiceAccountResource - [helmmetr] Desired PodServiceAccountResource (serviceAccountName: hivemq-platform-pod-test-hivemq-platform)
2025-01-29 18:41:38,638 INFO c.h.h.t.HelmChartContainer - [hivemq-test-hivemq-platform] [hivemq-platform-operator] [4dcf278f] 18:41:38.637 [pool-6-thread-42] DEBUG c.h.p.o.d.StatefulSetResource - [helmmetr] Desired StatefulSet (1 replicas) for status STARTING (READY)
2025-01-29 18:41:38,730 INFO c.h.h.t.HelmChartContainer - [hivemq-test-hivemq-platform] [hivemq-platform-operator] [4dcf278f] 18:41:38.728 [ReconcilerExecutor-hivemq-controller-112] INFO  c.h.p.o.HiveMQPlatformReconciler - [helmmetr] Reconciling HiveMQ Platform 'test-hivemq-platform' in namespace 'helmmetricsserviceit'
2025-01-29 18:41:38,730 INFO c.h.h.t.HelmChartContainer - [hivemq-test-hivemq-platform] [hivemq-platform-operator] [4dcf278f] 18:41:38.728 [ReconcilerExecutor-hivemq-controller-112] DEBUG c.h.p.o.HiveMQPlatformReconciler - [helmmetr] Custom Resource Status STARTING - HiveMQ Platform is starting (READY)
2025-01-29 18:41:38,732 INFO c.h.h.t.HelmChartContainer - [hivemq-test-hivemq-platform] [hivemq-platform-operator] [4dcf278f] 18:41:38.728 [ReconcilerExecutor-hivemq-controller-112] DEBUG c.h.p.o.HiveMQPlatformReconciler - [helmmetr] Custom Resource Spec (replicas: 1) (extensions: 1)
2025-01-29 18:41:38,733 INFO c.h.h.t.HelmChartContainer - [hivemq-test-hivemq-platform] [hivemq-platform-operator] [4dcf278f] 18:41:38.730 [ReconcilerExecutor-hivemq-controller-112] DEBUG c.h.p.o.HiveMQPlatformReconciler - [helmmetr] StatefulSet Status (revision: test-hivemq-platform-69f859d85d, replicas: 1, available: 0, ready: 0, current: 1, updated: 1)
2025-01-29 18:41:38,733 INFO c.h.h.t.HelmChartContainer - [hivemq-test-hivemq-platform] [hivemq-platform-operator] [4dcf278f] 18:41:38.730 [ReconcilerExecutor-hivemq-controller-112] DEBUG c.h.p.o.HiveMQPlatformReconciler - [helmmetr] StatefulSet Spec (replicas: 1, init containers: 1, containers: 1, volumes: 3)
2025-01-29 18:41:38,735 INFO c.h.h.t.HelmChartContainer - [hivemq-test-hivemq-platform] [hivemq-platform-operator] [4dcf278f] 18:41:38.734 [ReconcilerExecutor-hivemq-controller-112] DEBUG c.h.p.o.h.HiveMQPlatformReconcilerErrorHandler - [helmmetr] Pod 'test-hivemq-platform-0' phase Running
2025-01-29 18:41:38,736 INFO c.h.h.t.HelmChartContainer - [hivemq-test-hivemq-platform] [hivemq-platform-operator] [4dcf278f] 18:41:38.735 [ReconcilerExecutor-hivemq-controller-112] INFO  c.h.p.o.h.HiveMQPlatformReconcilerBaseHandler - [helmmetr] HiveMQ Platform is starting, 0 of 1 replicas are ready
2025-01-29 18:41:38,865 INFO c.h.h.t.HelmChartContainer - [test-hivemq-platform] [hivemq] [7f140441] INFO  - [HiveMQ Platform Operator Init App 1.7.0-SNAPSHOT] Returning Health API response 503 for readiness
2025-01-29 18:41:38,870 INFO c.h.h.t.HelmChartContainer - [EVENT] Warning [Unhealthy] Readiness probe failed: HTTP probe failed with statuscode: 503 [helmmetricsserviceit:test-hivemq-platform-0]
2025-01-29 18:41:38,870 INFO c.h.h.t.HelmChartContainer - Received Unhealthy event for container hivemq in pod test-hivemq-platform-0 [7f140441-e483-4731-90c3-cd879347caf4]
2025-01-29 18:41:39,525 INFO c.h.h.t.HelmChartContainer - [test-hivemq-platform] [hivemq] [7f140441] INFO  - oq4H4: no members discovered after 2270 ms: creating cluster as first member
2025-01-29 18:41:39,530 INFO c.h.h.t.HelmChartContainer - [test-hivemq-platform] [hivemq] [7f140441] INFO  - Cluster nodes found by discovery: [oq4H4|0] (1) [oq4H4].
2025-01-29 18:41:39,624 INFO c.h.h.t.HelmChartContainer - [test-hivemq-platform] [hivemq] [7f140441] INFO  - Starting HiveMQ REST API on address 0.0.0.0 and port 8890
2025-01-29 18:41:40,027 INFO c.h.h.t.HelmChartContainer - [test-hivemq-platform] [hivemq] [7f140441] INFO  - Started HiveMQ REST API in 404ms
2025-01-29 18:41:40,029 INFO c.h.h.t.HelmChartContainer - [test-hivemq-platform] [hivemq] [7f140441] WARN  - No user for HiveMQ Control Center configured. Starting with default user
2025-01-29 18:41:40,029 INFO c.h.h.t.HelmChartContainer - [test-hivemq-platform] [hivemq] [7f140441] INFO  - Starting HiveMQ Control Center on address 0.0.0.0 and port 8081
2025-01-29 18:41:40,031 INFO c.h.h.t.HelmChartContainer - [test-hivemq-platform] [hivemq] [7f140441] INFO  - Mounting HiveMQ Control Center V2 Preview
2025-01-29 18:41:40,626 INFO c.h.h.t.HelmChartContainer - [test-hivemq-platform] [hivemq] [7f140441] INFO  - Started HiveMQ Control Center in 598ms
2025-01-29 18:41:40,640 INFO c.h.h.t.HelmChartContainer - [test-hivemq-platform] [hivemq] [7f140441] INFO  - Starting TCP listener on address 0.0.0.0 and port 1883
2025-01-29 18:41:40,653 INFO c.h.h.t.HelmChartContainer - [test-hivemq-platform] [hivemq] [7f140441] INFO  - Started TCP Listener on address 0.0.0.0 and on port 1883.
2025-01-29 18:41:40,653 INFO c.h.h.t.HelmChartContainer - [test-hivemq-platform] [hivemq] [7f140441] INFO  - Started HiveMQ in 30224ms
2025-01-29 18:41:43,463 INFO c.h.h.t.HelmChartContainer - [test-hivemq-platform] [hivemq] [7f140441] INFO  - [HiveMQ Platform Operator Init App 1.7.0-SNAPSHOT] Returning Health API response 200 for readiness
2025-01-29 18:41:43,477 INFO c.h.h.t.HelmChartContainer - [POD] test-hivemq-platform-0 [7f140441-e483-4731-90c3-cd879347caf4] in helmmetricsserviceit was MODIFIED
2025-01-29 18:41:43,492 INFO c.h.h.t.HelmChartContainer - [hivemq-test-hivemq-platform] [hivemq-platform-operator] [4dcf278f] 18:41:43.488 [pool-6-thread-3] DEBUG c.h.p.o.dependants.PodInfoConfigMap - [helmmetr] Desired PodInfo ConfigMap (1 extensions) (1 enabled)
2025-01-29 18:41:43,494 INFO c.h.h.t.HelmChartContainer - [hivemq-test-hivemq-platform] [hivemq-platform-operator] [4dcf278f] 18:41:43.491 [pool-6-thread-3] DEBUG c.h.p.o.dependants.PodInfoConfigMap - [helmmetr] Desired PodInfo ConfigMap (metrics port: 9399) (metrics path: /)
2025-01-29 18:41:43,494 INFO c.h.h.t.HelmChartContainer - [hivemq-test-hivemq-platform] [hivemq-platform-operator] [4dcf278f] 18:41:43.490 [pool-6-thread-6] DEBUG c.h.p.o.d.PlatformServiceResource - [helmmetr] Desired Platform services (4 services)
2025-01-29 18:41:43,496 INFO c.h.h.t.HelmChartContainer - [hivemq-test-hivemq-platform] [hivemq-platform-operator] [4dcf278f] 18:41:43.491 [pool-6-thread-3] DEBUG c.h.p.o.dependants.PodInfoConfigMap - [helmmetr] Desired PodInfo ConfigMap (extension state hash: -1817474005)
2025-01-29 18:41:43,496 INFO c.h.h.t.HelmChartContainer - [hivemq-test-hivemq-platform] [hivemq-platform-operator] [4dcf278f] 18:41:43.492 [pool-6-thread-9] DEBUG c.h.p.o.d.PodServiceAccountResource - [helmmetr] Desired PodServiceAccountResource (serviceAccountName: hivemq-platform-pod-test-hivemq-platform)
2025-01-29 18:41:43,503 INFO c.h.h.t.HelmChartContainer - [hivemq-test-hivemq-platform] [hivemq-platform-operator] [4dcf278f] 18:41:43.501 [pool-6-thread-6] DEBUG c.h.p.o.d.StatefulSetResource - [helmmetr] Desired StatefulSet (1 replicas) for status STARTING (READY)
2025-01-29 18:41:43,528 INFO c.h.h.t.HelmChartContainer - [hivemq-test-hivemq-platform] [hivemq-platform-operator] [4dcf278f] 18:41:43.525 [ReconcilerExecutor-hivemq-controller-113] INFO  c.h.p.o.HiveMQPlatformReconciler - [helmmetr] Reconciling HiveMQ Platform 'test-hivemq-platform' in namespace 'helmmetricsserviceit'
2025-01-29 18:41:43,528 INFO c.h.h.t.HelmChartContainer - [hivemq-test-hivemq-platform] [hivemq-platform-operator] [4dcf278f] 18:41:43.525 [ReconcilerExecutor-hivemq-controller-113] DEBUG c.h.p.o.HiveMQPlatformReconciler - [helmmetr] Custom Resource Status STARTING - HiveMQ Platform is starting (READY)
2025-01-29 18:41:43,528 INFO c.h.h.t.HelmChartContainer - [hivemq-test-hivemq-platform] [hivemq-platform-operator] [4dcf278f] 18:41:43.526 [ReconcilerExecutor-hivemq-controller-113] DEBUG c.h.p.o.HiveMQPlatformReconciler - [helmmetr] Custom Resource Spec (replicas: 1) (extensions: 1)
2025-01-29 18:41:43,530 INFO c.h.h.t.HelmChartContainer - [hivemq-test-hivemq-platform] [hivemq-platform-operator] [4dcf278f] 18:41:43.527 [ReconcilerExecutor-hivemq-controller-113] DEBUG c.h.p.o.HiveMQPlatformReconciler - [helmmetr] StatefulSet Status (revision: test-hivemq-platform-69f859d85d, replicas: 1, available: 1, ready: 1, current: 1, updated: 1)
2025-01-29 18:41:43,530 INFO c.h.h.t.HelmChartContainer - [hivemq-test-hivemq-platform] [hivemq-platform-operator] [4dcf278f] 18:41:43.527 [ReconcilerExecutor-hivemq-controller-113] DEBUG c.h.p.o.HiveMQPlatformReconciler - [helmmetr] StatefulSet Spec (replicas: 1, init containers: 1, containers: 1, volumes: 3)
2025-01-29 18:41:43,535 INFO c.h.h.t.HelmChartContainer - [hivemq-test-hivemq-platform] [hivemq-platform-operator] [4dcf278f] 18:41:43.532 [ReconcilerExecutor-hivemq-controller-113] DEBUG c.h.p.o.h.HiveMQPlatformReconcilerErrorHandler - [helmmetr] Pod 'test-hivemq-platform-0' phase Running
2025-01-29 18:41:43,535 INFO c.h.h.t.HelmChartContainer - [hivemq-test-hivemq-platform] [hivemq-platform-operator] [4dcf278f] 18:41:43.532 [ReconcilerExecutor-hivemq-controller-113] INFO  c.h.p.o.h.HiveMQPlatformReconcilerBaseHandler - [helmmetr] HiveMQ Platform started successfully
2025-01-29 18:41:43,632 INFO c.h.h.t.HelmChartContainer - [hivemq-test-hivemq-platform] [hivemq-platform-operator] [4dcf278f] 18:41:43.630 [ReconcilerExecutor-hivemq-controller-113] DEBUG c.h.p.operator.event.EventSender - [helmmetr] Creating K8s event hivemq-platform-ready: [Ready] HiveMQ Platform is ready
2025-01-29 18:41:43,635 INFO c.h.h.t.HelmChartContainer - [EVENT] Normal [Ready] HiveMQ Platform is ready [helmmetricsserviceit:test-hivemq-platform]
2025-01-29 18:41:43,637 INFO c.h.h.t.HelmChartContainer - [hivemq-test-hivemq-platform] [hivemq-platform-operator] [4dcf278f] 18:41:43.636 [ReconcilerExecutor-hivemq-controller-113] INFO  c.h.p.o.h.AbstractHiveMQReconcilerStateHandler - [helmmetr] Update HiveMQ Platform Status (STARTING [READY] -> RUNNING [READY]): HiveMQ Platform is ready
2025-01-29 18:41:43,645 DEBUG com.hivemq.helmcharts.util.K8sUtil - Comparing actual state 'RUNNING' and waiting for 'RUNNING'
2025-01-29 18:41:43,730 INFO c.h.h.t.HelmChartContainer - [hivemq-test-hivemq-platform] [hivemq-platform-operator] [4dcf278f] 18:41:43.727 [pool-6-thread-15] DEBUG c.h.p.o.d.PlatformServiceResource - [helmmetr] Desired Platform services (4 services)
2025-01-29 18:41:43,735 INFO c.h.h.t.HelmChartContainer - [hivemq-test-hivemq-platform] [hivemq-platform-operator] [4dcf278f] 18:41:43.731 [pool-6-thread-19] DEBUG c.h.p.o.dependants.PodInfoConfigMap - [helmmetr] Desired PodInfo ConfigMap (1 extensions) (1 enabled)
2025-01-29 18:41:43,735 INFO c.h.h.t.HelmChartContainer - [hivemq-test-hivemq-platform] [hivemq-platform-operator] [4dcf278f] 18:41:43.731 [pool-6-thread-19] DEBUG c.h.p.o.dependants.PodInfoConfigMap - [helmmetr] Desired PodInfo ConfigMap (metrics port: 9399) (metrics path: /)
2025-01-29 18:41:43,735 INFO c.h.h.t.HelmChartContainer - [hivemq-test-hivemq-platform] [hivemq-platform-operator] [4dcf278f] 18:41:43.731 [pool-6-thread-19] DEBUG c.h.p.o.dependants.PodInfoConfigMap - [helmmetr] Desired PodInfo ConfigMap (extension state hash: -1817474005)
2025-01-29 18:41:43,735 INFO c.h.h.t.HelmChartContainer - [hivemq-test-hivemq-platform] [hivemq-platform-operator] [4dcf278f] 18:41:43.732 [pool-6-thread-19] DEBUG c.h.p.o.dependants.PodInfoConfigMap - [helmmetr] Update PodInfo ConfigMap
2025-01-29 18:41:43,735 INFO c.h.h.t.HelmChartContainer - [hivemq-test-hivemq-platform] [hivemq-platform-operator] [4dcf278f] 18:41:43.732 [pool-6-thread-13] DEBUG c.h.p.o.d.PodServiceAccountResource - [helmmetr] Desired PodServiceAccountResource (serviceAccountName: hivemq-platform-pod-test-hivemq-platform)
2025-01-29 18:41:43,747 INFO c.h.h.t.HelmChartContainer - [hivemq-test-hivemq-platform] [hivemq-platform-operator] [4dcf278f] 18:41:43.746 [pool-6-thread-19] DEBUG c.h.p.o.d.StatefulSetResource - [helmmetr] Desired StatefulSet (1 replicas) for status RUNNING (READY)
2025-01-29 18:41:43,836 INFO c.h.h.t.HelmChartContainer - [hivemq-test-hivemq-platform] [hivemq-platform-operator] [4dcf278f] 18:41:43.828 [ReconcilerExecutor-hivemq-controller-114] INFO  c.h.p.o.HiveMQPlatformReconciler - [helmmetr] Reconciling HiveMQ Platform 'test-hivemq-platform' in namespace 'helmmetricsserviceit'
2025-01-29 18:41:43,839 INFO c.h.h.t.HelmChartContainer - [hivemq-test-hivemq-platform] [hivemq-platform-operator] [4dcf278f] 18:41:43.828 [ReconcilerExecutor-hivemq-controller-114] DEBUG c.h.p.o.HiveMQPlatformReconciler - [helmmetr] Custom Resource Status RUNNING - HiveMQ Platform is ready (READY)
2025-01-29 18:41:43,840 INFO c.h.h.t.HelmChartContainer - [hivemq-test-hivemq-platform] [hivemq-platform-operator] [4dcf278f] 18:41:43.828 [ReconcilerExecutor-hivemq-controller-114] DEBUG c.h.p.o.HiveMQPlatformReconciler - [helmmetr] Custom Resource Spec (replicas: 1) (extensions: 1)
2025-01-29 18:41:43,840 INFO c.h.h.t.HelmChartContainer - [hivemq-test-hivemq-platform] [hivemq-platform-operator] [4dcf278f] 18:41:43.830 [ReconcilerExecutor-hivemq-controller-114] DEBUG c.h.p.o.HiveMQPlatformReconciler - [helmmetr] StatefulSet Status (revision: test-hivemq-platform-69f859d85d, replicas: 1, available: 1, ready: 1, current: 1, updated: 1)
2025-01-29 18:41:43,840 INFO c.h.h.t.HelmChartContainer - [hivemq-test-hivemq-platform] [hivemq-platform-operator] [4dcf278f] 18:41:43.830 [ReconcilerExecutor-hivemq-controller-114] DEBUG c.h.p.o.HiveMQPlatformReconciler - [helmmetr] StatefulSet Spec (replicas: 1, init containers: 1, containers: 1, volumes: 3)
2025-01-29 18:41:43,841 INFO c.h.h.t.HelmChartContainer - [hivemq-test-hivemq-platform] [hivemq-platform-operator] [4dcf278f] 18:41:43.834 [ReconcilerExecutor-hivemq-controller-114] DEBUG c.h.p.o.h.HiveMQPlatformReconcilerErrorHandler - [helmmetr] Pod 'test-hivemq-platform-0' phase Running
2025-01-29 18:41:47,028 INFO c.h.helmcharts.util.MonitoringUtil - Asserting Prometheus subscribes metrics...
2025-01-29 18:41:47,888 INFO c.h.helmcharts.util.MonitoringUtil - Asserted subscribes metrics (859 ms)
2025-01-29 18:41:47,888 INFO c.h.helmcharts.util.MonitoringUtil - Asserting Prometheus publishes metrics...
2025-01-29 18:41:48,195 INFO c.h.helmcharts.util.MonitoringUtil - Asserted publishes metrics (307 ms)
2025-01-29 18:41:48,196 INFO c.h.h.t.HelmChartContainer - Uninstalling release 'test-hivemq-platform' in namespace 'helmmetricsserviceit'...
2025-01-29 18:41:48,196 DEBUG c.h.h.t.HelmChartContainer - Executing helm command: /bin/helm --kubeconfig /etc/rancher/k3s/k3s.yaml uninstall test-hivemq-platform  --wait --timeout 5m0s --cascade foreground --namespace helmmetricsserviceit
2025-01-29 18:41:48,400 INFO c.h.h.t.HelmChartContainer - [hivemq-test-hivemq-platform] [hivemq-platform-operator] [4dcf278f] 18:41:48.396 [pool-6-thread-24] DEBUG c.h.p.o.d.PlatformServiceResource - [helmmetr] Desired Platform services (4 services)
2025-01-29 18:41:48,404 INFO c.h.h.t.HelmChartContainer - [hivemq-test-hivemq-platform] [hivemq-platform-operator] [4dcf278f] 18:41:48.396 [pool-6-thread-27] DEBUG c.h.p.o.dependants.PodInfoConfigMap - [helmmetr] Desired PodInfo ConfigMap (1 extensions) (1 enabled)
2025-01-29 18:41:48,404 INFO c.h.h.t.HelmChartContainer - [hivemq-test-hivemq-platform] [hivemq-platform-operator] [4dcf278f] 18:41:48.396 [pool-6-thread-27] DEBUG c.h.p.o.dependants.PodInfoConfigMap - [helmmetr] Desired PodInfo ConfigMap (metrics port: 9399) (metrics path: /)
2025-01-29 18:41:48,405 INFO c.h.h.t.HelmChartContainer - [hivemq-test-hivemq-platform] [hivemq-platform-operator] [4dcf278f] 18:41:48.396 [pool-6-thread-27] DEBUG c.h.p.o.dependants.PodInfoConfigMap - [helmmetr] Desired PodInfo ConfigMap (extension state hash: -1817474005)
2025-01-29 18:41:48,405 INFO c.h.h.t.HelmChartContainer - [hivemq-test-hivemq-platform] [hivemq-platform-operator] [4dcf278f] 18:41:48.400 [pool-6-thread-21] DEBUG c.h.p.o.d.PodServiceAccountResource - [helmmetr] Desired PodServiceAccountResource (serviceAccountName: hivemq-platform-pod-test-hivemq-platform)
2025-01-29 18:41:48,411 INFO c.h.h.t.HelmChartContainer - [hivemq-test-hivemq-platform] [hivemq-platform-operator] [4dcf278f] 18:41:48.408 [pool-6-thread-24] DEBUG c.h.p.o.d.StatefulSetResource - [helmmetr] Desired StatefulSet (1 replicas) for status RUNNING (READY)
2025-01-29 18:41:48,438 INFO c.h.h.t.HelmChartContainer - [hivemq-test-hivemq-platform] [hivemq-platform-operator] [4dcf278f] 18:41:48.430 [ReconcilerExecutor-hivemq-controller-115] INFO  c.h.p.o.HiveMQPlatformReconciler - [helmmetr] Reconciling HiveMQ Platform 'test-hivemq-platform' in namespace 'helmmetricsserviceit'
2025-01-29 18:41:48,444 INFO c.h.h.t.HelmChartContainer - [hivemq-test-hivemq-platform] [hivemq-platform-operator] [4dcf278f] 18:41:48.431 [ReconcilerExecutor-hivemq-controller-115] DEBUG c.h.p.o.HiveMQPlatformReconciler - [helmmetr] Custom Resource Status RUNNING - HiveMQ Platform is ready (READY)
2025-01-29 18:41:48,444 INFO c.h.h.t.HelmChartContainer - [hivemq-test-hivemq-platform] [hivemq-platform-operator] [4dcf278f] 18:41:48.431 [ReconcilerExecutor-hivemq-controller-115] DEBUG c.h.p.o.HiveMQPlatformReconciler - [helmmetr] Custom Resource Spec (replicas: 1) (extensions: 1)
2025-01-29 18:41:48,444 INFO c.h.h.t.HelmChartContainer - [hivemq-test-hivemq-platform] [hivemq-platform-operator] [4dcf278f] 18:41:48.432 [ReconcilerExecutor-hivemq-controller-115] WARN  c.h.p.o.h.HiveMQPlatformReconcilerErrorHandler - [helmmetr] Could not find ConfigMap 'hivemq-configuration-test-hivemq-platform' for HiveMQ Platform configuration
2025-01-29 18:41:48,629 INFO c.h.h.t.HelmChartContainer - [hivemq-test-hivemq-platform] [hivemq-platform-operator] [4dcf278f] 18:41:48.627 [ReconcilerExecutor-hivemq-controller-115] DEBUG c.h.p.operator.event.EventSender - [helmmetr] Creating K8s event hivemq-platform-invalid-configuration: [Start] Could not find ConfigMap 'hivemq-configuration-test-hivemq-platform' for HiveMQ Platform configuration
2025-01-29 18:41:48,634 INFO c.h.h.t.HelmChartContainer - [EVENT] Warning [Start] Could not find ConfigMap 'hivemq-configuration-test-hivemq-platform' for HiveMQ Platform configuration [helmmetricsserviceit:test-hivemq-platform]
2025-01-29 18:41:48,635 INFO c.h.h.t.HelmChartContainer - [hivemq-test-hivemq-platform] [hivemq-platform-operator] [4dcf278f] 18:41:48.634 [ReconcilerExecutor-hivemq-controller-115] INFO  c.h.p.o.h.AbstractHiveMQReconcilerStateHandler - [helmmetr] Update HiveMQ Platform Status (RUNNING [READY] -> ERROR [INVALID_CONFIG_MAP]): Could not find ConfigMap 'hivemq-configuration-test-hivemq-platform' for HiveMQ Platform configuration
2025-01-29 18:41:48,645 INFO c.h.h.t.HelmChartContainer - [hivemq-test-hivemq-platform] [hivemq-platform-operator] [4dcf278f] 18:41:48.642 [ReconcilerExecutor-hivemq-controller-115] ERROR i.j.o.p.event.EventProcessor - Error during event processing ExecutionScope{ resource id: ResourceID{name='test-hivemq-platform', namespace='helmmetricsserviceit'}, version: 1863}
2025-01-29 18:41:48,646 INFO c.h.h.t.HelmChartContainer - [hivemq-test-hivemq-platform] [hivemq-platform-operator] [4dcf278f] io.fabric8.kubernetes.client.KubernetesClientException: Failure executing: PUT at: https://10.43.0.1:443/apis/hivemq.com/v1/namespaces/helmmetricsserviceit/hivemq-platforms/test-hivemq-platform/status. Message: Operation cannot be fulfilled on hivemq-platforms.hivemq.com "test-hivemq-platform": the object has been modified; please apply your changes to the latest version and try again. Received status: Status(apiVersion=v1, code=409, details=StatusDetails(causes=[], group=hivemq.com, kind=hivemq-platforms, name=test-hivemq-platform, retryAfterSeconds=null, uid=null, additionalProperties={}), kind=Status, message=Operation cannot be fulfilled on hivemq-platforms.hivemq.com "test-hivemq-platform": the object has been modified; please apply your changes to the latest version and try again, metadata=ListMeta(_continue=null, remainingItemCount=null, resourceVersion=null, selfLink=null, additionalProperties={}), reason=Conflict, status=Failure, additionalProperties={}).
2025-01-29 18:41:48,646 INFO c.h.h.t.HelmChartContainer - [hivemq-test-hivemq-platform] [hivemq-platform-operator] [4dcf278f] 	at io.fabric8.kubernetes.client.KubernetesClientException.copyAsCause(KubernetesClientException.java:238)
2025-01-29 18:41:48,646 INFO c.h.h.t.HelmChartContainer - [hivemq-test-hivemq-platform] [hivemq-platform-operator] [4dcf278f] 	at io.fabric8.kubernetes.client.dsl.internal.OperationSupport.waitForResult(OperationSupport.java:507)
2025-01-29 18:41:48,646 INFO c.h.h.t.HelmChartContainer - [hivemq-test-hivemq-platform] [hivemq-platform-operator] [4dcf278f] 	at io.fabric8.kubernetes.client.dsl.internal.OperationSupport.handleResponse(OperationSupport.java:524)
2025-01-29 18:41:48,646 INFO c.h.h.t.HelmChartContainer - [hivemq-test-hivemq-platform] [hivemq-platform-operator] [4dcf278f] 	at io.fabric8.kubernetes.client.dsl.internal.OperationSupport.handleUpdate(OperationSupport.java:358)
2025-01-29 18:41:48,646 INFO c.h.h.t.HelmChartContainer - [hivemq-test-hivemq-platform] [hivemq-platform-operator] [4dcf278f] 	at io.fabric8.kubernetes.client.dsl.internal.BaseOperation.handleUpdate(BaseOperation.java:759)
2025-01-29 18:41:48,646 INFO c.h.h.t.HelmChartContainer - [hivemq-test-hivemq-platform] [hivemq-platform-operator] [4dcf278f] 	at io.fabric8.kubernetes.client.dsl.internal.HasMetadataOperation.update(HasMetadataOperation.java:138)
2025-01-29 18:41:48,646 INFO c.h.h.t.HelmChartContainer - [hivemq-test-hivemq-platform] [hivemq-platform-operator] [4dcf278f] 	at io.fabric8.kubernetes.client.dsl.internal.HasMetadataOperation.update(HasMetadataOperation.java:121)
2025-01-29 18:41:48,646 INFO c.h.h.t.HelmChartContainer - [hivemq-test-hivemq-platform] [hivemq-platform-operator] [4dcf278f] 	at io.fabric8.kubernetes.client.dsl.internal.HasMetadataOperation.updateStatus(HasMetadataOperation.java:126)
2025-01-29 18:41:48,646 INFO c.h.h.t.HelmChartContainer - [hivemq-test-hivemq-platform] [hivemq-platform-operator] [4dcf278f] 	at io.fabric8.kubernetes.client.dsl.internal.HasMetadataOperation.updateStatus(HasMetadataOperation.java:44)
2025-01-29 18:41:48,646 INFO c.h.h.t.HelmChartContainer - [hivemq-test-hivemq-platform] [hivemq-platform-operator] [4dcf278f] 	at io.javaoperatorsdk.operator.processing.event.ReconciliationDispatcher$CustomResourceFacade.updateStatus(ReconciliationDispatcher.java:408)
2025-01-29 18:41:48,646 INFO c.h.h.t.HelmChartContainer - [hivemq-test-hivemq-platform] [hivemq-platform-operator] [4dcf278f] 	at io.javaoperatorsdk.operator.processing.event.ReconciliationDispatcher.updateStatusGenerationAware(ReconciliationDispatcher.java:228)
2025-01-29 18:41:48,646 INFO c.h.h.t.HelmChartContainer - [hivemq-test-hivemq-platform] [hivemq-platform-operator] [4dcf278f] 	at io.javaoperatorsdk.operator.processing.event.ReconciliationDispatcher.reconcileExecution(ReconciliationDispatcher.java:150)
2025-01-29 18:41:48,646 INFO c.h.h.t.HelmChartContainer - [hivemq-test-hivemq-platform] [hivemq-platform-operator] [4dcf278f] 	at io.javaoperatorsdk.operator.processing.event.ReconciliationDispatcher.handleReconcile(ReconciliationDispatcher.java:117)
2025-01-29 18:41:48,646 INFO c.h.h.t.HelmChartContainer - [hivemq-test-hivemq-platform] [hivemq-platform-operator] [4dcf278f] 	at io.javaoperatorsdk.operator.processing.event.ReconciliationDispatcher.handleDispatch(ReconciliationDispatcher.java:91)
2025-01-29 18:41:48,647 INFO c.h.h.t.HelmChartContainer - [hivemq-test-hivemq-platform] [hivemq-platform-operator] [4dcf278f] 	at io.javaoperatorsdk.operator.processing.event.ReconciliationDispatcher.handleExecution(ReconciliationDispatcher.java:64)
2025-01-29 18:41:48,647 INFO c.h.h.t.HelmChartContainer - [hivemq-test-hivemq-platform] [hivemq-platform-operator] [4dcf278f] 	at io.javaoperatorsdk.operator.processing.event.EventProcessor$ReconcilerExecutor.run(EventProcessor.java:452)
2025-01-29 18:41:48,647 INFO c.h.h.t.HelmChartContainer - [hivemq-test-hivemq-platform] [hivemq-platform-operator] [4dcf278f] 	at java.base/java.util.concurrent.ThreadPoolExecutor.runWorker(Unknown Source)
2025-01-29 18:41:48,647 INFO c.h.h.t.HelmChartContainer - [hivemq-test-hivemq-platform] [hivemq-platform-operator] [4dcf278f] 	at java.base/java.util.concurrent.ThreadPoolExecutor$Worker.run(Unknown Source)
2025-01-29 18:41:48,647 INFO c.h.h.t.HelmChartContainer - [hivemq-test-hivemq-platform] [hivemq-platform-operator] [4dcf278f] 	at java.base/java.lang.Thread.run(Unknown Source)
2025-01-29 18:41:48,647 INFO c.h.h.t.HelmChartContainer - [hivemq-test-hivemq-platform] [hivemq-platform-operator] [4dcf278f] Caused by: io.fabric8.kubernetes.client.KubernetesClientException: Failure executing: PUT at: https://10.43.0.1:443/apis/hivemq.com/v1/namespaces/helmmetricsserviceit/hivemq-platforms/test-hivemq-platform/status. Message: Operation cannot be fulfilled on hivemq-platforms.hivemq.com "test-hivemq-platform": the object has been modified; please apply your changes to the latest version and try again. Received status: Status(apiVersion=v1, code=409, details=StatusDetails(causes=[], group=hivemq.com, kind=hivemq-platforms, name=test-hivemq-platform, retryAfterSeconds=null, uid=null, additionalProperties={}), kind=Status, message=Operation cannot be fulfilled on hivemq-platforms.hivemq.com "test-hivemq-platform": the object has been modified; please apply your changes to the latest version and try again, metadata=ListMeta(_continue=null, remainingItemCount=null, resourceVersion=null, selfLink=null, additionalProperties={}), reason=Conflict, status=Failure, additionalProperties={}).
2025-01-29 18:41:48,647 INFO c.h.h.t.HelmChartContainer - [hivemq-test-hivemq-platform] [hivemq-platform-operator] [4dcf278f] 	at io.fabric8.kubernetes.client.dsl.internal.OperationSupport.requestFailure(OperationSupport.java:660)
2025-01-29 18:41:48,647 INFO c.h.h.t.HelmChartContainer - [hivemq-test-hivemq-platform] [hivemq-platform-operator] [4dcf278f] 	at io.fabric8.kubernetes.client.dsl.internal.OperationSupport.requestFailure(OperationSupport.java:640)
2025-01-29 18:41:48,647 INFO c.h.h.t.HelmChartContainer - [hivemq-test-hivemq-platform] [hivemq-platform-operator] [4dcf278f] 	at io.fabric8.kubernetes.client.dsl.internal.OperationSupport.assertResponseCode(OperationSupport.java:589)
2025-01-29 18:41:48,647 INFO c.h.h.t.HelmChartContainer - [hivemq-test-hivemq-platform] [hivemq-platform-operator] [4dcf278f] 	at io.fabric8.kubernetes.client.dsl.internal.OperationSupport.lambda$handleResponse$0(OperationSupport.java:549)
2025-01-29 18:41:48,647 INFO c.h.h.t.HelmChartContainer - [hivemq-test-hivemq-platform] [hivemq-platform-operator] [4dcf278f] 	at java.base/java.util.concurrent.CompletableFuture$UniApply.tryFire(Unknown Source)
2025-01-29 18:41:48,647 INFO c.h.h.t.HelmChartContainer - [hivemq-test-hivemq-platform] [hivemq-platform-operator] [4dcf278f] 	at java.base/java.util.concurrent.CompletableFuture.postComplete(Unknown Source)
2025-01-29 18:41:48,647 INFO c.h.h.t.HelmChartContainer - [hivemq-test-hivemq-platform] [hivemq-platform-operator] [4dcf278f] 	at java.base/java.util.concurrent.CompletableFuture.complete(Unknown Source)
2025-01-29 18:41:48,647 INFO c.h.h.t.HelmChartContainer - [hivemq-test-hivemq-platform] [hivemq-platform-operator] [4dcf278f] 	at io.fabric8.kubernetes.client.http.StandardHttpClient.lambda$completeOrCancel$10(StandardHttpClient.java:141)
2025-01-29 18:41:48,647 INFO c.h.h.t.HelmChartContainer - [hivemq-test-hivemq-platform] [hivemq-platform-operator] [4dcf278f] 	at java.base/java.util.concurrent.CompletableFuture.uniWhenComplete(Unknown Source)
2025-01-29 18:41:48,647 INFO c.h.h.t.HelmChartContainer - [hivemq-test-hivemq-platform] [hivemq-platform-operator] [4dcf278f] 	at java.base/java.util.concurrent.CompletableFuture$UniWhenComplete.tryFire(Unknown Source)
2025-01-29 18:41:48,647 INFO c.h.h.t.HelmChartContainer - [hivemq-test-hivemq-platform] [hivemq-platform-operator] [4dcf278f] 	at java.base/java.util.concurrent.CompletableFuture.postComplete(Unknown Source)
2025-01-29 18:41:48,647 INFO c.h.h.t.HelmChartContainer - [hivemq-test-hivemq-platform] [hivemq-platform-operator] [4dcf278f] 	at java.base/java.util.concurrent.CompletableFuture.complete(Unknown Source)
2025-01-29 18:41:48,647 INFO c.h.h.t.HelmChartContainer - [hivemq-test-hivemq-platform] [hivemq-platform-operator] [4dcf278f] 	at io.fabric8.kubernetes.client.http.ByteArrayBodyHandler.onBodyDone(ByteArrayBodyHandler.java:51)
2025-01-29 18:41:48,647 INFO c.h.h.t.HelmChartContainer - [hivemq-test-hivemq-platform] [hivemq-platform-operator] [4dcf278f] 	at java.base/java.util.concurrent.CompletableFuture.uniWhenComplete(Unknown Source)
2025-01-29 18:41:48,647 INFO c.h.h.t.HelmChartContainer - [hivemq-test-hivemq-platform] [hivemq-platform-operator] [4dcf278f] 	at java.base/java.util.concurrent.CompletableFuture$UniWhenComplete.tryFire(Unknown Source)
2025-01-29 18:41:48,648 INFO c.h.h.t.HelmChartContainer - [hivemq-test-hivemq-platform] [hivemq-platform-operator] [4dcf278f] 	at java.base/java.util.concurrent.CompletableFuture.postComplete(Unknown Source)
2025-01-29 18:41:48,648 INFO c.h.h.t.HelmChartContainer - [hivemq-test-hivemq-platform] [hivemq-platform-operator] [4dcf278f] 	at java.base/java.util.concurrent.CompletableFuture.complete(Unknown Source)
2025-01-29 18:41:48,648 INFO c.h.h.t.HelmChartContainer - [hivemq-test-hivemq-platform] [hivemq-platform-operator] [4dcf278f] 	at io.fabric8.kubernetes.client.vertx.VertxHttpRequest.lambda$null$1(VertxHttpRequest.java:121)
2025-01-29 18:41:48,648 INFO c.h.h.t.HelmChartContainer - [hivemq-test-hivemq-platform] [hivemq-platform-operator] [4dcf278f] 	at io.vertx.core.impl.ContextInternal.dispatch(ContextInternal.java:279)
2025-01-29 18:41:48,648 INFO c.h.h.t.HelmChartContainer - [hivemq-test-hivemq-platform] [hivemq-platform-operator] [4dcf278f] 	at io.vertx.core.impl.ContextInternal.dispatch(ContextInternal.java:261)
2025-01-29 18:41:48,648 INFO c.h.h.t.HelmChartContainer - [hivemq-test-hivemq-platform] [hivemq-platform-operator] [4dcf278f] 	at io.vertx.core.http.impl.HttpEventHandler.handleEnd(HttpEventHandler.java:76)
2025-01-29 18:41:48,648 INFO c.h.h.t.HelmChartContainer - [hivemq-test-hivemq-platform] [hivemq-platform-operator] [4dcf278f] 	at io.vertx.core.http.impl.HttpClientResponseImpl.handleEnd(HttpClientResponseImpl.java:250)
2025-01-29 18:41:48,648 INFO c.h.h.t.HelmChartContainer - [hivemq-test-hivemq-platform] [hivemq-platform-operator] [4dcf278f] 	at io.vertx.core.http.impl.Http1xClientConnection$StreamImpl.lambda$new$0(Http1xClientConnection.java:421)
2025-01-29 18:41:48,648 INFO c.h.h.t.HelmChartContainer - [hivemq-test-hivemq-platform] [hivemq-platform-operator] [4dcf278f] 	at io.vertx.core.streams.impl.InboundBuffer.handleEvent(InboundBuffer.java:279)
2025-01-29 18:41:48,648 INFO c.h.h.t.HelmChartContainer - [hivemq-test-hivemq-platform] [hivemq-platform-operator] [4dcf278f] 	at io.vertx.core.streams.impl.InboundBuffer.write(InboundBuffer.java:157)
2025-01-29 18:41:48,648 INFO c.h.h.t.HelmChartContainer - [hivemq-test-hivemq-platform] [hivemq-platform-operator] [4dcf278f] 	at io.vertx.core.http.impl.Http1xClientConnection$StreamImpl.handleEnd(Http1xClientConnection.java:709)
2025-01-29 18:41:48,648 INFO c.h.h.t.HelmChartContainer - [hivemq-test-hivemq-platform] [hivemq-platform-operator] [4dcf278f] 	at io.vertx.core.impl.ContextImpl.lambda$execute$4(ContextImpl.java:315)
2025-01-29 18:41:48,648 INFO c.h.h.t.HelmChartContainer - [hivemq-test-hivemq-platform] [hivemq-platform-operator] [4dcf278f] 	at io.netty.util.concurrent.AbstractEventExecutor.runTask(AbstractEventExecutor.java:173)
2025-01-29 18:41:48,648 INFO c.h.h.t.HelmChartContainer - [hivemq-test-hivemq-platform] [hivemq-platform-operator] [4dcf278f] 	at io.netty.util.concurrent.AbstractEventExecutor.safeExecute(AbstractEventExecutor.java:166)
2025-01-29 18:41:48,648 INFO c.h.h.t.HelmChartContainer - [hivemq-test-hivemq-platform] [hivemq-platform-operator] [4dcf278f] 	at io.netty.util.concurrent.SingleThreadEventExecutor.runAllTasks(SingleThreadEventExecutor.java:472)
2025-01-29 18:41:48,648 INFO c.h.h.t.HelmChartContainer - [hivemq-test-hivemq-platform] [hivemq-platform-operator] [4dcf278f] 	at io.netty.channel.nio.NioEventLoop.run(NioEventLoop.java:569)
2025-01-29 18:41:48,648 INFO c.h.h.t.HelmChartContainer - [hivemq-test-hivemq-platform] [hivemq-platform-operator] [4dcf278f] 	at io.netty.util.concurrent.SingleThreadEventExecutor$4.run(SingleThreadEventExecutor.java:997)
2025-01-29 18:41:48,648 INFO c.h.h.t.HelmChartContainer - [hivemq-test-hivemq-platform] [hivemq-platform-operator] [4dcf278f] 	at io.netty.util.internal.ThreadExecutorMap$2.run(ThreadExecutorMap.java:74)
2025-01-29 18:41:48,648 INFO c.h.h.t.HelmChartContainer - [hivemq-test-hivemq-platform] [hivemq-platform-operator] [4dcf278f] 	at io.netty.util.concurrent.FastThreadLocalRunnable.run(FastThreadLocalRunnable.java:30)
2025-01-29 18:41:48,648 INFO c.h.h.t.HelmChartContainer - [hivemq-test-hivemq-platform] [hivemq-platform-operator] [4dcf278f] 	... 1 common frames omitted
2025-01-29 18:41:48,650 INFO c.h.h.t.HelmChartContainer - [hivemq-test-hivemq-platform] [hivemq-platform-operator] [4dcf278f] 18:41:48.648 [ReconcilerExecutor-hivemq-controller-117] INFO  c.h.p.o.HiveMQPlatformReconciler - [helmmetr] Cleanup test-hivemq-platform - helmmetricsserviceit HiveMQ Platform is shut down
2025-01-29 18:41:48,879 INFO c.h.h.t.HelmChartContainer - [K3S] [authentication.go:74] "Unable to authenticate the request" err="[invalid bearer token, serviceaccounts \"hivemq-platform-pod-test-hivemq-platform\" not found]"
2025-01-29 18:41:48,894 INFO c.h.h.t.HelmChartContainer - [K3S] [authentication.go:74] "Unable to authenticate the request" err="[invalid bearer token, serviceaccounts \"hivemq-platform-pod-test-hivemq-platform\" not found]"
2025-01-29 18:41:48,961 INFO c.h.h.t.HelmChartContainer - [test-hivemq-platform] [hivemq] [7f140441] WARN  - [HiveMQ Platform Operator Init App 1.7.0-SNAPSHOT] Could not update Pod annotations: Failure executing: GET at: https://10.43.0.1:443/api/v1/namespaces/helmmetricsserviceit/pods/test-hivemq-platform-0. Message: Unauthorized. Received status: Status(apiVersion=v1, code=401, details=null, kind=Status, message=Unauthorized, metadata=ListMeta(_continue=null, remainingItemCount=null, resourceVersion=null, selfLink=null, additionalProperties={}), reason=Unauthorized, status=Failure, additionalProperties={}).
2025-01-29 18:41:49,303 INFO c.h.h.t.HelmChartContainer - [POD] test-hivemq-platform-0 [7f140441-e483-4731-90c3-cd879347caf4] in helmmetricsserviceit was MODIFIED
2025-01-29 18:41:49,309 INFO c.h.h.t.HelmChartContainer - [EVENT] Normal [Killing] Stopping container hivemq [helmmetricsserviceit:test-hivemq-platform-0]
2025-01-29 18:41:49,309 INFO c.h.h.t.HelmChartContainer - Received Killing event for container hivemq in pod test-hivemq-platform-0 [7f140441-e483-4731-90c3-cd879347caf4]
2025-01-29 18:41:49,309 INFO c.h.h.t.HelmChartContainer - Container [test-hivemq-platform-0] [hivemq] [7f140441-e483-4731-90c3-cd879347caf4] was terminated
2025-01-29 18:41:49,309 INFO c.h.h.t.HelmChartContainer - Stopped log watcher for hivemq in pod test-hivemq-platform-0 [7f140441-e483-4731-90c3-cd879347caf4]
2025-01-29 18:41:49,322 INFO c.h.h.t.HelmChartContainer - [test-hivemq-platform] [hivemq] [7f140441] INFO  - [HiveMQ Platform Operator Init App 1.7.0-SNAPSHOT] Shutting down
2025-01-29 18:41:49,327 INFO c.h.h.t.HelmChartContainer - [test-hivemq-platform] [hivemq] [7f140441] INFO  - [HiveMQ Platform Operator Init App 1.7.0-SNAPSHOT] Stopping the HiveMQ Platform
2025-01-29 18:41:49,441 INFO c.h.h.t.HelmChartContainer - [test-hivemq-platform] [hivemq] [7f140441] INFO  - Shutting down HiveMQ. Please wait, this could take a while...
2025-01-29 18:41:49,532 INFO c.h.h.t.HelmChartContainer - [test-hivemq-platform] [hivemq] [7f140441] INFO  - Shutting down listeners and clients
2025-01-29 18:41:49,533 INFO c.h.h.t.HelmChartContainer - [test-hivemq-platform] [hivemq] [7f140441] INFO  - Shutdown of listeners is done
2025-01-29 18:41:49,533 INFO c.h.h.t.HelmChartContainer - [test-hivemq-platform] [hivemq] [7f140441] INFO  - No clients are connected, proceeding with shutdown
2025-01-29 18:41:50,454 INFO c.h.h.t.HelmChartContainer - Deleting namespace 'helmmetricsserviceit'...
2025-01-29 18:41:52,826 INFO c.h.h.t.HelmChartContainer - [test-hivemq-platform] [hivemq] [7f140441] INFO  - Shutting down extension system
2025-01-29 18:41:52,829 INFO c.h.h.t.HelmChartContainer - [test-hivemq-platform] [hivemq] [7f140441] INFO  - Stopping extension with id hivemq-dns-cluster-discovery
2025-01-29 18:41:52,830 INFO c.h.h.t.HelmChartContainer - [test-hivemq-platform] [hivemq] [7f140441] INFO  - Extension "DNS Cluster Discovery Extension" version 4.3.2 stopped successfully.
2025-01-29 18:41:52,830 INFO c.h.h.t.HelmChartContainer - [test-hivemq-platform] [hivemq] [7f140441] INFO  - Stopping extension with id hivemq-prometheus-extension
2025-01-29 18:41:52,833 INFO c.h.h.t.HelmChartContainer - [test-hivemq-platform] [hivemq] [7f140441] INFO  - Extension "Prometheus Monitoring Extension" version 4.0.12 stopped successfully.
2025-01-29 18:41:52,834 INFO c.h.h.t.HelmChartContainer - [test-hivemq-platform] [hivemq] [7f140441] INFO  - Stopping extension with id hivemq-allow-all-extension
2025-01-29 18:41:52,834 INFO c.h.h.t.HelmChartContainer - [test-hivemq-platform] [hivemq] [7f140441] INFO  - Extension "Allow All Extension" version 1.1.1 stopped successfully.
2025-01-29 18:41:53,458 INFO c.h.h.t.HelmChartContainer - [test-hivemq-platform] [hivemq] [7f140441] INFO  - [HiveMQ Platform Operator Init App 1.7.0-SNAPSHOT] Returning shutdown Health API response 503 for readiness
2025-01-29 18:41:53,462 INFO c.h.h.t.HelmChartContainer - [EVENT] Warning [Unhealthy] Readiness probe failed: HTTP probe failed with statuscode: 503 [helmmetricsserviceit:test-hivemq-platform-0]
2025-01-29 18:41:53,462 INFO c.h.h.t.HelmChartContainer - Received Unhealthy event for container hivemq in pod test-hivemq-platform-0 [7f140441-e483-4731-90c3-cd879347caf4]
2025-01-29 18:41:53,965 INFO c.h.h.t.HelmChartContainer - [K3S] [authentication.go:74] "Unable to authenticate the request" err="[invalid bearer token, serviceaccounts \"hivemq-platform-pod-test-hivemq-platform\" not found]"
2025-01-29 18:41:53,976 INFO c.h.h.t.HelmChartContainer - [K3S] [authentication.go:74] "Unable to authenticate the request" err="[invalid bearer token, serviceaccounts \"hivemq-platform-pod-test-hivemq-platform\" not found]"
2025-01-29 18:41:53,978 INFO c.h.h.t.HelmChartContainer - [test-hivemq-platform] [hivemq] [7f140441] WARN  - [HiveMQ Platform Operator Init App 1.7.0-SNAPSHOT] Could not update Pod annotations: Failure executing: GET at: https://10.43.0.1:443/api/v1/namespaces/helmmetricsserviceit/pods/test-hivemq-platform-0. Message: Unauthorized. Received status: Status(apiVersion=v1, code=401, details=null, kind=Status, message=Unauthorized, metadata=ListMeta(_continue=null, remainingItemCount=null, resourceVersion=null, selfLink=null, additionalProperties={}), reason=Unauthorized, status=Failure, additionalProperties={}).
2025-01-29 18:41:55,069 INFO c.h.h.t.HelmChartContainer - [test-hivemq-platform] [hivemq] [7f140441] INFO  - Shutdown completed.
2025-01-29 18:41:55,417 INFO c.h.h.t.HelmChartContainer - [test-hivemq-platform] [hivemq] [7f140441] INFO  - [HiveMQ Platform Operator Init App 1.7.0-SNAPSHOT] The HiveMQ Platform exited with code 143
2025-01-29 18:41:55,417 INFO c.h.h.t.HelmChartContainer - [test-hivemq-platform] [hivemq] [7f140441] INFO  - [HiveMQ Platform Operator Init App 1.7.0-SNAPSHOT] Stopping the REST API
2025-01-29 18:41:55,423 INFO c.h.h.t.HelmChartContainer - [test-hivemq-platform] [hivemq] [7f140441] INFO  - [HiveMQ Platform Operator Init App 1.7.0-SNAPSHOT] Shutdown complete
2025-01-29 18:41:55,594 INFO c.h.h.t.HelmChartContainer - [K3S] [stateful_set.go:466] "StatefulSet has been deleted" key="helmmetricsserviceit/test-hivemq-platform"
2025-01-29 18:41:55,916 INFO c.h.h.t.HelmChartContainer - [POD] test-hivemq-platform-0 [7f140441-e483-4731-90c3-cd879347caf4] in helmmetricsserviceit was MODIFIED
2025-01-29 18:41:55,971 INFO c.h.h.t.HelmChartContainer - [K3S] [reconciler_common.go:162] "operationExecutor.UnmountVolume started for volume \"broker-configuration\" (UniqueName: \"kubernetes.io/configmap/7f140441-e483-4731-90c3-cd879347caf4-broker-configuration\") pod \"7f140441-e483-4731-90c3-cd879347caf4\" (UID: \"7f140441-e483-4731-90c3-cd879347caf4\") "
2025-01-29 18:41:55,971 INFO c.h.h.t.HelmChartContainer - [K3S] [reconciler_common.go:162] "operationExecutor.UnmountVolume started for volume \"kube-api-access-vqxmm\" (UniqueName: \"kubernetes.io/projected/7f140441-e483-4731-90c3-cd879347caf4-kube-api-access-vqxmm\") pod \"7f140441-e483-4731-90c3-cd879347caf4\" (UID: \"7f140441-e483-4731-90c3-cd879347caf4\") "
2025-01-29 18:41:55,971 INFO c.h.h.t.HelmChartContainer - [K3S] [reconciler_common.go:162] "operationExecutor.UnmountVolume started for volume \"operator-init\" (UniqueName: \"kubernetes.io/empty-dir/7f140441-e483-4731-90c3-cd879347caf4-operator-init\") pod \"7f140441-e483-4731-90c3-cd879347caf4\" (UID: \"7f140441-e483-4731-90c3-cd879347caf4\") "
2025-01-29 18:41:55,971 INFO c.h.h.t.HelmChartContainer - [K3S] [reconciler_common.go:162] "operationExecutor.UnmountVolume started for volume \"pod-info\" (UniqueName: \"kubernetes.io/configmap/7f140441-e483-4731-90c3-cd879347caf4-pod-info\") pod \"7f140441-e483-4731-90c3-cd879347caf4\" (UID: \"7f140441-e483-4731-90c3-cd879347caf4\") "
2025-01-29 18:41:56,071 INFO c.h.h.t.HelmChartContainer - [K3S] [reconciler_common.go:299] "Volume detached for volume \"operator-init\" (UniqueName: \"kubernetes.io/empty-dir/7f140441-e483-4731-90c3-cd879347caf4-operator-init\") on node \"04e65d37069a\" DevicePath \"\""
2025-01-29 18:41:56,071 INFO c.h.h.t.HelmChartContainer - [K3S] [reconciler_common.go:299] "Volume detached for volume \"pod-info\" (UniqueName: \"kubernetes.io/configmap/7f140441-e483-4731-90c3-cd879347caf4-pod-info\") on node \"04e65d37069a\" DevicePath \"\""
2025-01-29 18:41:56,071 INFO c.h.h.t.HelmChartContainer - [K3S] [reconciler_common.go:299] "Volume detached for volume \"broker-configuration\" (UniqueName: \"kubernetes.io/configmap/7f140441-e483-4731-90c3-cd879347caf4-broker-configuration\") on node \"04e65d37069a\" DevicePath \"\""
2025-01-29 18:41:56,072 INFO c.h.h.t.HelmChartContainer - [K3S] [reconciler_common.go:299] "Volume detached for volume \"kube-api-access-vqxmm\" (UniqueName: \"kubernetes.io/projected/7f140441-e483-4731-90c3-cd879347caf4-kube-api-access-vqxmm\") on node \"04e65d37069a\" DevicePath \"\""
2025-01-29 18:41:56,600 INFO c.h.h.t.HelmChartContainer - [K3S] [scope.go:117] "RemoveContainer" containerID="ed234a405e7164baecb9a844c68bd59543b3d4dcb1917e3fae1c40850165e1ff"
2025-01-29 18:41:56,616 INFO c.h.h.t.HelmChartContainer - [POD] test-hivemq-platform-0 [7f140441-e483-4731-90c3-cd879347caf4] in helmmetricsserviceit was MODIFIED
2025-01-29 18:41:56,619 INFO c.h.h.t.HelmChartContainer - [POD] test-hivemq-platform-0 [7f140441-e483-4731-90c3-cd879347caf4] in helmmetricsserviceit was DELETED
2025-01-29 18:41:56,699 INFO c.h.h.t.HelmChartContainer - [K3S] [scope.go:117] "RemoveContainer" containerID="9ef21c9a82d7561a07d46e10046fbc9fbf58d1881030c5f73266c6588d6626ac"
2025-01-29 18:41:56,702 INFO c.h.h.t.HelmChartContainer - [K3S] [scope.go:117] "RemoveContainer" containerID="ed234a405e7164baecb9a844c68bd59543b3d4dcb1917e3fae1c40850165e1ff"
2025-01-29 18:41:56,703 INFO c.h.h.t.HelmChartContainer - [K3S] [scope.go:117] "RemoveContainer" containerID="9ef21c9a82d7561a07d46e10046fbc9fbf58d1881030c5f73266c6588d6626ac"
2025-01-29 18:41:56,951 INFO c.h.h.t.HelmChartContainer - [K3S] [kubelet_volumes.go:163] "Cleaned up orphaned pod volumes dir" podUID="7f140441-e483-4731-90c3-cd879347caf4" path="/var/lib/kubelet/pods/7f140441-e483-4731-90c3-cd879347caf4/volumes"
2025-01-29 18:42:00,784 INFO c.h.h.t.HelmChartContainer - Namespace 'helmmetricsserviceit' deleted
2025-01-29 18:42:00,784 INFO c.h.h.t.HelmChartContainer - Release 'test-hivemq-platform' in namespace 'helmmetricsserviceit' is uninstalled
2025-01-29 18:42:00,784 INFO c.h.h.t.HelmChartContainer - Uninstalling release 'test-hivemq-platform-operator' in namespace 'helmmetricsserviceit-operator'...
2025-01-29 18:42:00,784 DEBUG c.h.h.t.HelmChartContainer - Executing helm command: /bin/helm --kubeconfig /etc/rancher/k3s/k3s.yaml uninstall test-hivemq-platform-operator  --wait --timeout 5m0s --cascade foreground --namespace helmmetricsserviceit-operator
2025-01-29 18:42:00,947 INFO c.h.h.t.HelmChartContainer - [K3S] [replica_set.go:679] "Finished syncing" kind="ReplicaSet" key="helmmetricsserviceit-operator/hivemq-test-hivemq-platform-operator-6966f96d65" duration="8.515385ms"
2025-01-29 18:42:00,948 INFO c.h.h.t.HelmChartContainer - [K3S] [replica_set.go:679] "Finished syncing" kind="ReplicaSet" key="helmmetricsserviceit-operator/hivemq-test-hivemq-platform-operator-6966f96d65" duration="32.23µs"
2025-01-29 18:42:00,971 INFO c.h.h.t.HelmChartContainer - [POD] hivemq-test-hivemq-platform-operator-6966f96d65-8hfm8 [4dcf278f-8791-4cfe-97ec-c6e5a9cf4e41] in helmmetricsserviceit-operator was MODIFIED
2025-01-29 18:42:00,978 INFO c.h.h.t.HelmChartContainer - [K3S] [replica_set.go:679] "Finished syncing" kind="ReplicaSet" key="helmmetricsserviceit-operator/hivemq-test-hivemq-platform-operator-6966f96d65" duration="9.259809ms"
2025-01-29 18:42:00,979 INFO c.h.h.t.HelmChartContainer - [K3S] [replica_set.go:679] "Finished syncing" kind="ReplicaSet" key="helmmetricsserviceit-operator/hivemq-test-hivemq-platform-operator-6966f96d65" duration="129.12µs"
2025-01-29 18:42:00,988 INFO c.h.h.t.HelmChartContainer - [EVENT] Normal [Killing] Stopping container hivemq-platform-operator [helmmetricsserviceit-operator:hivemq-test-hivemq-platform-operator-6966f96d65-8hfm8]
2025-01-29 18:42:00,988 INFO c.h.h.t.HelmChartContainer - Received Killing event for container hivemq-platform-operator in pod hivemq-test-hivemq-platform-operator-6966f96d65-8hfm8 [4dcf278f-8791-4cfe-97ec-c6e5a9cf4e41]
2025-01-29 18:42:00,988 INFO c.h.h.t.HelmChartContainer - Container [hivemq-test-hivemq-platform-operator-6966f96d65-8hfm8] [hivemq-platform-operator] [4dcf278f-8791-4cfe-97ec-c6e5a9cf4e41] was terminated
2025-01-29 18:42:00,988 INFO c.h.h.t.HelmChartContainer - Stopped log watcher for hivemq-platform-operator in pod hivemq-test-hivemq-platform-operator-6966f96d65-8hfm8 [4dcf278f-8791-4cfe-97ec-c6e5a9cf4e41]
2025-01-29 18:42:00,994 INFO c.h.h.t.HelmChartContainer - [hivemq-test-hivemq-platform] [hivemq-platform-operator] [4dcf278f] 18:42:00.993 [application-shutdown-thread] INFO  c.h.p.o.HiveMQPlatformOperatorApplication - HiveMQ Platform Operator is stopping...
2025-01-29 18:42:00,994 INFO c.h.h.t.HelmChartContainer - [hivemq-test-hivemq-platform] [hivemq-platform-operator] [4dcf278f] 18:42:00.994 [application-shutdown-thread] INFO  i.javaoperatorsdk.operator.Operator - Operator SDK 4.9.7 is shutting down...
2025-01-29 18:42:01,580 INFO c.h.h.t.HelmChartContainer - [K3S] [replica_set.go:679] "Finished syncing" kind="ReplicaSet" key="helmmetricsserviceit-operator/hivemq-test-hivemq-platform-operator-6966f96d65" duration="44.473µs"
2025-01-29 18:42:01,581 INFO c.h.h.t.HelmChartContainer - [POD] hivemq-test-hivemq-platform-operator-6966f96d65-8hfm8 [4dcf278f-8791-4cfe-97ec-c6e5a9cf4e41] in helmmetricsserviceit-operator was MODIFIED
2025-01-29 18:42:01,609 INFO c.h.h.t.HelmChartContainer - [K3S] [scope.go:117] "RemoveContainer" containerID="a384bd1c1549d156aeab551921ce0832fc9e2d6aae6f2e49a28a5a6e7ad8e422"
2025-01-29 18:42:01,613 INFO c.h.h.t.HelmChartContainer - [K3S] [scope.go:117] "RemoveContainer" containerID="a384bd1c1549d156aeab551921ce0832fc9e2d6aae6f2e49a28a5a6e7ad8e422"
2025-01-29 18:42:01,708 INFO c.h.h.t.HelmChartContainer - [K3S] [reconciler_common.go:162] "operationExecutor.UnmountVolume started for volume \"kube-api-access-w6z9v\" (UniqueName: \"kubernetes.io/projected/4dcf278f-8791-4cfe-97ec-c6e5a9cf4e41-kube-api-access-w6z9v\") pod \"4dcf278f-8791-4cfe-97ec-c6e5a9cf4e41\" (UID: \"4dcf278f-8791-4cfe-97ec-c6e5a9cf4e41\") "
2025-01-29 18:42:01,808 INFO c.h.h.t.HelmChartContainer - [K3S] [reconciler_common.go:299] "Volume detached for volume \"kube-api-access-w6z9v\" (UniqueName: \"kubernetes.io/projected/4dcf278f-8791-4cfe-97ec-c6e5a9cf4e41-kube-api-access-w6z9v\") on node \"04e65d37069a\" DevicePath \"\""
2025-01-29 18:42:01,921 INFO c.h.h.t.HelmChartContainer - [K3S] [replica_set.go:679] "Finished syncing" kind="ReplicaSet" key="helmmetricsserviceit-operator/hivemq-test-hivemq-platform-operator-6966f96d65" duration="43.561µs"
2025-01-29 18:42:01,921 INFO c.h.h.t.HelmChartContainer - [POD] hivemq-test-hivemq-platform-operator-6966f96d65-8hfm8 [4dcf278f-8791-4cfe-97ec-c6e5a9cf4e41] in helmmetricsserviceit-operator was MODIFIED
2025-01-29 18:42:01,923 INFO c.h.h.t.HelmChartContainer - [K3S] [replica_set.go:679] "Finished syncing" kind="ReplicaSet" key="helmmetricsserviceit-operator/hivemq-test-hivemq-platform-operator-6966f96d65" duration="29.815µs"
2025-01-29 18:42:01,923 INFO c.h.h.t.HelmChartContainer - [POD] hivemq-test-hivemq-platform-operator-6966f96d65-8hfm8 [4dcf278f-8791-4cfe-97ec-c6e5a9cf4e41] in helmmetricsserviceit-operator was DELETED
2025-01-29 18:42:01,935 INFO c.h.h.t.HelmChartContainer - [K3S] [replica_set.go:679] "Finished syncing" kind="ReplicaSet" key="helmmetricsserviceit-operator/hivemq-test-hivemq-platform-operator-6966f96d65" duration="4.428µs"
2025-01-29 18:42:02,951 INFO c.h.h.t.HelmChartContainer - [K3S] [kubelet_volumes.go:163] "Cleaned up orphaned pod volumes dir" podUID="4dcf278f-8791-4cfe-97ec-c6e5a9cf4e41" path="/var/lib/kubelet/pods/4dcf278f-8791-4cfe-97ec-c6e5a9cf4e41/volumes"
2025-01-29 18:42:02,979 INFO c.h.h.t.HelmChartContainer - Deleting namespace 'helmmetricsserviceit-operator'...
2025-01-29 18:42:05,747 INFO c.h.h.t.HelmChartContainer - [K3S] [namespace_controller.go:187] "Namespace has been deleted" namespace="helmmetricsserviceit"
2025-01-29 18:42:08,195 INFO c.h.h.t.HelmChartContainer - Namespace 'helmmetricsserviceit-operator' deleted
2025-01-29 18:42:08,195 INFO c.h.h.t.HelmChartContainer - Release 'test-hivemq-platform-operator' in namespace 'helmmetricsserviceit-operator' is uninstalled
2025-01-29 18:42:08,911 INFO c.h.helmcharts.AbstractHelmChartIT - Removed unused containers:

2025-01-29 18:42:13,133 INFO c.h.h.t.HelmChartContainer - [K3S] [namespace_controller.go:187] "Namespace has been deleted" namespace="helmmetricsserviceit-operator"
2025-01-29 18:42:16,468 INFO c.h.helmcharts.AbstractHelmChartIT - Removed unused snapshots:
Removing snapshot sha256:03af251906410714c5aef9fa705b63f6bbc39c4a5e787de7361eeb18886c2ed2
Removing snapshot sha256:0c46b3b43cce082ce5ec34ffc6c294e0417d17b9d1e6f366d114b6aadc4f96dc
Removing snapshot sha256:0ce761beee59082d6ed5bcebd3a805b8ddd9b3426b617e4809e7fb7c6587ffec
Removing snapshot sha256:0df91287303208332c8ff6ba40ae4710105201739addbfbddfb955f1ad593664
Removing snapshot sha256:1021ef88c7974bfff89c5a0ec4fd3160daac6c48a075f74cff721f85dd104e68
Removing snapshot sha256:10aba4953ddc18145dd38e3704709bc464aa20af60b56fe52caaff4b68411e62
Removing snapshot sha256:19bbee0f21c442cf607c045ed0afe1ed991e9579adde315dcf435cbcdcc53e4c
Removing snapshot sha256:2573e0d8158209ed54ab25c87bcdcb00bd3d2539246960a3d592a1c599d70465
Removing snapshot sha256:362a8a37f8bbc31925a8146adcf7cf51f9882f5c1dcbef67c5baa03a297543c0
Removing snapshot sha256:3fa4ad33f0ddc8fd45b39b6b4640f82a3a83619606cd975bfe89d8710ad2d4cd
Removing snapshot sha256:43a7c979bbaba6838bc3102d6b10a1459f3ab050b87ccdfef84ef90cf43d3058
Removing snapshot sha256:4ab04491cdf0d3267f08206fe30bd48f49f94b9cab2f016d6739220f722a64af
Removing snapshot sha256:4b6068250e89c96f263060261819c7d912855bfbd64b3eb4c4a8483299b8c295
Removing snapshot sha256:580e69a0a8034ede1921139bbd2bfb72a69ebf276d008281896c32dd8bf74775
Removing snapshot sha256:5d30ba46b27fe37484567ccc5242cadc78217b8da605f3f195ef25cbf7487904
Removing snapshot sha256:63ca1fbb43ae5034640e5e6cb3e083e05c290072c5366fcaa9d62435a4cced85
Removing snapshot sha256:67f702c6baae873bceb19487c8b1f27bd2b86077e4f2f0e480e6d60ab508b8f5
Removing snapshot sha256:6864348dd42806d552efdec384f1274be15e2d0c10ce44c1f04347af004c10a9
Removing snapshot sha256:6c7dee8f2c39b84b7dc2711c01d33de93514d9055499173e9290176fbe484b6c
Removing snapshot sha256:82753493a6d61ded36556292f02f31841a14c20d2f279f19eaad65afb661d5cd
Removing snapshot sha256:85e06a30f76f0b41c4a218b111fcc72d8ec84d350ff3e7d9ea0be00f0d902d91
Removing snapshot sha256:8a10d3db42c505ee0fcfa98417bdd7e39b304f6bcc0a06bb1b220797ff2cc63c
Removing snapshot sha256:a21e5b12dbac529ad45d976eb9ce45c881f3bedcc500fb30aba1e52aa1813418
Removing snapshot sha256:b921e6c28969094157f9b8e7244677780319637afd14450b7cb6b2fdea558a0c
Removing snapshot sha256:bc27ecb5769a00e309cf99ebc763c4a4b958b618d1decc96ffac5bc05f02f5b7
Removing snapshot sha256:be3ccb6627a5332e309d45ef461d09b4879dd870c7394d89323d0ebc6ca6aa8a
Removing snapshot sha256:c261f7cbbc64211ee175ee47273acdb7b1a36a4450b397a064a8f2c026490095
Removing snapshot sha256:c34d9393647eea0c9e3557ab988efaf59f61d10a2a5613b439ef0958cca5ec10
Removing snapshot sha256:ccf3c4a0fa967a41c1c83497a2ce6fa5787965859df0adb32c4ca2cf7490bc2b
Removing snapshot sha256:cf92d33f869417309692088c341cd0f223c178ea78a125f757317b22aa8f90e9
Removing snapshot sha256:d0037344cf2fb078884f1849f6a1f8cf9a33a3b6139b6a85833e5ee528e1f9a8
Removing snapshot sha256:d3b36d5b79273b1e98e7700470eaeff05a882e777124d84cebcc1505b85ecb36
Removing snapshot sha256:d65a44a37914602d12c611e5e22a50f11451d847e63015cc1c2aef92dee777a4
Removing snapshot sha256:e2dc0bae2455930f23ae570e019b7f32edc75c0f2d71cab084db837ff9051796
Removing snapshot sha256:eccbd24a99c60cd9e86ee5305dbfc4a4dc89f5ab4fb1f06c8d64797cecedef34
Removing snapshot sha256:f144bb4c7c7f0d2aa7eeffd36d934ec40db1ee167be727e326aad9fdc616f475

]]></system-out>
  </testcase>
  <testcase name="platformChart_withCustomMetrics_thenMetricsAvailable()" classname="com.hivemq.helmcharts.services.HelmMetricsServiceIT" time="98.35">
    <system-out><![CDATA[2025-01-29 18:42:16,470 INFO c.h.h.t.HelmChartContainer - Creating namespace 'helmmetricsserviceit-operator'...
2025-01-29 18:42:16,476 INFO c.h.h.t.HelmChartContainer - Namespace 'helmmetricsserviceit-operator' created
2025-01-29 18:42:16,476 INFO c.h.h.t.HelmChartContainer - Creating namespace 'helmmetricsserviceit'...
2025-01-29 18:42:16,483 INFO c.h.h.t.HelmChartContainer - Namespace 'helmmetricsserviceit' created
2025-01-29 18:42:16,549 DEBUG c.h.h.t.HelmChartContainer - Executing helm command: /bin/helm --kubeconfig /etc/rancher/k3s/k3s.yaml install test-hivemq-platform-operator /charts/hivemq-platform-operator --wait --timeout 5m0s --set image.repository=docker.io/hivemq --set image.name=hivemq-platform-operator-test --set image.initImageName=hivemq-platform-operator-init-test --set image.tag=snapshot --set image.pullPolicy=Never --set logLevel=DEBUG --set resources.cpu=512m --namespace helmmetricsserviceit-operator
2025-01-29 18:42:16,862 INFO c.h.h.t.HelmChartContainer - [K3S] [alloc.go:330] "allocated clusterIPs" service="helmmetricsserviceit-operator/hivemq-platform-operator-test-hivemq-platform-operator" clusterIPs={"IPv4":"10.43.229.126"}
2025-01-29 18:42:16,881 INFO c.h.h.t.HelmChartContainer - [EVENT] Normal [ScalingReplicaSet] Scaled up replica set hivemq-test-hivemq-platform-operator-6966f96d65 from 0 to 1 [helmmetricsserviceit-operator:hivemq-test-hivemq-platform-operator]
2025-01-29 18:42:16,890 INFO c.h.h.t.HelmChartContainer - [POD] hivemq-test-hivemq-platform-operator-6966f96d65-5rb4f [a545c016-161e-416e-9fce-5ee84972ec87] in helmmetricsserviceit-operator was ADDED
2025-01-29 18:42:16,897 INFO c.h.h.t.HelmChartContainer - [K3S] [memory_manager.go:355] "RemoveStaleState removing state" podUID="4dcf278f-8791-4cfe-97ec-c6e5a9cf4e41" containerName="hivemq-platform-operator"
2025-01-29 18:42:16,897 INFO c.h.h.t.HelmChartContainer - [K3S] [memory_manager.go:355] "RemoveStaleState removing state" podUID="7f140441-e483-4731-90c3-cd879347caf4" containerName="hivemq"
2025-01-29 18:42:16,897 INFO c.h.h.t.HelmChartContainer - [POD] hivemq-test-hivemq-platform-operator-6966f96d65-5rb4f [a545c016-161e-416e-9fce-5ee84972ec87] in helmmetricsserviceit-operator was MODIFIED
2025-01-29 18:42:16,904 INFO c.h.h.t.HelmChartContainer - [EVENT] Normal [SuccessfulCreate] Created pod: hivemq-test-hivemq-platform-operator-6966f96d65-5rb4f [helmmetricsserviceit-operator:hivemq-test-hivemq-platform-operator-6966f96d65]
2025-01-29 18:42:16,908 INFO c.h.h.t.HelmChartContainer - [EVENT] Normal [Scheduled] Successfully assigned helmmetricsserviceit-operator/hivemq-test-hivemq-platform-operator-6966f96d65-5rb4f to 04e65d37069a [helmmetricsserviceit-operator:hivemq-test-hivemq-platform-operator-6966f96d65-5rb4f]
2025-01-29 18:42:16,910 INFO c.h.h.t.HelmChartContainer - [K3S] [replica_set.go:679] "Finished syncing" kind="ReplicaSet" key="helmmetricsserviceit-operator/hivemq-test-hivemq-platform-operator-6966f96d65" duration="30.758746ms"
2025-01-29 18:42:16,914 INFO c.h.h.t.HelmChartContainer - [POD] hivemq-test-hivemq-platform-operator-6966f96d65-5rb4f [a545c016-161e-416e-9fce-5ee84972ec87] in helmmetricsserviceit-operator was MODIFIED
2025-01-29 18:42:16,916 INFO c.h.h.t.HelmChartContainer - [K3S] [replica_set.go:679] "Finished syncing" kind="ReplicaSet" key="helmmetricsserviceit-operator/hivemq-test-hivemq-platform-operator-6966f96d65" duration="8.286653ms"
2025-01-29 18:42:16,929 INFO c.h.h.t.HelmChartContainer - [K3S] [replica_set.go:679] "Finished syncing" kind="ReplicaSet" key="helmmetricsserviceit-operator/hivemq-test-hivemq-platform-operator-6966f96d65" duration="13.828094ms"
2025-01-29 18:42:16,930 INFO c.h.h.t.HelmChartContainer - [K3S] [replica_set.go:679] "Finished syncing" kind="ReplicaSet" key="helmmetricsserviceit-operator/hivemq-test-hivemq-platform-operator-6966f96d65" duration="60.653µs"
2025-01-29 18:42:16,997 INFO c.h.h.t.HelmChartContainer - [K3S] [reconciler_common.go:251] "operationExecutor.VerifyControllerAttachedVolume started for volume \"kube-api-access-wx7zj\" (UniqueName: \"kubernetes.io/projected/a545c016-161e-416e-9fce-5ee84972ec87-kube-api-access-wx7zj\") pod \"hivemq-test-hivemq-platform-operator-6966f96d65-5rb4f\" (UID: \"a545c016-161e-416e-9fce-5ee84972ec87\") " pod="helmmetricsserviceit-operator/hivemq-test-hivemq-platform-operator-6966f96d65-5rb4f"
2025-01-29 18:42:17,289 INFO c.h.h.t.HelmChartContainer - [EVENT] Normal [Pulled] Container image "docker.io/hivemq/hivemq-platform-operator-test:snapshot" already present on machine [helmmetricsserviceit-operator:hivemq-test-hivemq-platform-operator-6966f96d65-5rb4f]
2025-01-29 18:42:17,289 INFO c.h.h.t.HelmChartContainer - Received Pulled event for container hivemq-platform-operator in pod hivemq-test-hivemq-platform-operator-6966f96d65-5rb4f [a545c016-161e-416e-9fce-5ee84972ec87]
2025-01-29 18:42:18,544 INFO c.h.h.t.HelmChartContainer - [EVENT] Normal [Created] Created container: hivemq-platform-operator [helmmetricsserviceit-operator:hivemq-test-hivemq-platform-operator-6966f96d65-5rb4f]
2025-01-29 18:42:18,545 INFO c.h.h.t.HelmChartContainer - Received Created event for container hivemq-platform-operator in pod hivemq-test-hivemq-platform-operator-6966f96d65-5rb4f [a545c016-161e-416e-9fce-5ee84972ec87]
2025-01-29 18:42:18,644 INFO c.h.h.t.HelmChartContainer - [K3S] [replica_set.go:679] "Finished syncing" kind="ReplicaSet" key="helmmetricsserviceit-operator/hivemq-test-hivemq-platform-operator-6966f96d65" duration="38.071µs"
2025-01-29 18:42:18,646 INFO c.h.h.t.HelmChartContainer - [POD] hivemq-test-hivemq-platform-operator-6966f96d65-5rb4f [a545c016-161e-416e-9fce-5ee84972ec87] in helmmetricsserviceit-operator was MODIFIED
2025-01-29 18:42:18,655 INFO c.h.h.t.HelmChartContainer - Started log watcher for hivemq-platform-operator in pod hivemq-test-hivemq-platform-operator-6966f96d65-5rb4f [a545c016-161e-416e-9fce-5ee84972ec87]
2025-01-29 18:42:18,655 INFO c.h.h.t.HelmChartContainer - [EVENT] Normal [Started] Started container hivemq-platform-operator [helmmetricsserviceit-operator:hivemq-test-hivemq-platform-operator-6966f96d65-5rb4f]
2025-01-29 18:42:18,655 INFO c.h.h.t.HelmChartContainer - Received Started event for container hivemq-platform-operator in pod hivemq-test-hivemq-platform-operator-6966f96d65-5rb4f [a545c016-161e-416e-9fce-5ee84972ec87]
2025-01-29 18:42:18,656 INFO c.h.h.t.HelmChartContainer - [hivemq-test-hivemq-platform] [hivemq-platform-operator] [a545c016] -------------------------------------------------------------------------
2025-01-29 18:42:18,656 INFO c.h.h.t.HelmChartContainer - [hivemq-test-hivemq-platform] [hivemq-platform-operator] [a545c016] 
2025-01-29 18:42:18,656 INFO c.h.h.t.HelmChartContainer - [hivemq-test-hivemq-platform] [hivemq-platform-operator] [a545c016]                   _    _  _              __  __   ____
2025-01-29 18:42:18,656 INFO c.h.h.t.HelmChartContainer - [hivemq-test-hivemq-platform] [hivemq-platform-operator] [a545c016]                  | |  | |(_)            |  \/  | / __ \
2025-01-29 18:42:18,656 INFO c.h.h.t.HelmChartContainer - [hivemq-test-hivemq-platform] [hivemq-platform-operator] [a545c016]                  | |__| | _ __   __ ___ | \  / || |  | |
2025-01-29 18:42:18,656 INFO c.h.h.t.HelmChartContainer - [hivemq-test-hivemq-platform] [hivemq-platform-operator] [a545c016]                  |  __  || |\ \ / // _ \| |\/| || |  | |
2025-01-29 18:42:18,656 INFO c.h.h.t.HelmChartContainer - [hivemq-test-hivemq-platform] [hivemq-platform-operator] [a545c016]                  | |  | || | \ V /|  __/| |  | || |__| |
2025-01-29 18:42:18,656 INFO c.h.h.t.HelmChartContainer - [hivemq-test-hivemq-platform] [hivemq-platform-operator] [a545c016]                  |_|  |_||_|  \_/  \___||_|  |_| \___\_\
2025-01-29 18:42:18,656 INFO c.h.h.t.HelmChartContainer - [hivemq-test-hivemq-platform] [hivemq-platform-operator] [a545c016] 
2025-01-29 18:42:18,656 INFO c.h.h.t.HelmChartContainer - [hivemq-test-hivemq-platform] [hivemq-platform-operator] [a545c016] -------------------------------------------------------------------------
2025-01-29 18:42:18,656 INFO c.h.h.t.HelmChartContainer - [hivemq-test-hivemq-platform] [hivemq-platform-operator] [a545c016] 
2025-01-29 18:42:18,656 INFO c.h.h.t.HelmChartContainer - [hivemq-test-hivemq-platform] [hivemq-platform-operator] [a545c016]   HiveMQ Platform Operator Start Script v1.0
2025-01-29 18:42:18,656 INFO c.h.h.t.HelmChartContainer - [hivemq-test-hivemq-platform] [hivemq-platform-operator] [a545c016] 
2025-01-29 18:42:18,656 INFO c.h.h.t.HelmChartContainer - [hivemq-test-hivemq-platform] [hivemq-platform-operator] [a545c016] -------------------------------------------------------------------------
2025-01-29 18:42:18,656 INFO c.h.h.t.HelmChartContainer - [hivemq-test-hivemq-platform] [hivemq-platform-operator] [a545c016] 
2025-01-29 18:42:18,656 INFO c.h.h.t.HelmChartContainer - [hivemq-test-hivemq-platform] [hivemq-platform-operator] [a545c016]   JAVA_OPTS: -XX:+UnlockExperimentalVMOptions -XX:InitialRAMPercentage=75 -XX:MaxRAMPercentage=75 -Duser.language=en -Duser.region=US
2025-01-29 18:42:18,656 INFO c.h.h.t.HelmChartContainer - [hivemq-test-hivemq-platform] [hivemq-platform-operator] [a545c016] 
2025-01-29 18:42:18,656 INFO c.h.h.t.HelmChartContainer - [hivemq-test-hivemq-platform] [hivemq-platform-operator] [a545c016]   JAVA_VERSION: 21
2025-01-29 18:42:18,656 INFO c.h.h.t.HelmChartContainer - [hivemq-test-hivemq-platform] [hivemq-platform-operator] [a545c016] 
2025-01-29 18:42:18,656 INFO c.h.h.t.HelmChartContainer - [hivemq-test-hivemq-platform] [hivemq-platform-operator] [a545c016] -------------------------------------------------------------------------
2025-01-29 18:42:18,656 INFO c.h.h.t.HelmChartContainer - [hivemq-test-hivemq-platform] [hivemq-platform-operator] [a545c016] 
2025-01-29 18:42:21,873 INFO c.h.h.t.HelmChartContainer - [hivemq-test-hivemq-platform] [hivemq-platform-operator] [a545c016] 18:42:21.871 [main] DEBUG org.jboss.logging - Logging Provider: org.jboss.logging.Slf4jLoggerProvider
2025-01-29 18:42:21,971 INFO c.h.h.t.HelmChartContainer - [hivemq-test-hivemq-platform] [hivemq-platform-operator] [a545c016] 18:42:21.970 [main] DEBUG io.smallrye.config - SRCFG01006: Loaded ConfigSource SysPropConfigSource with ordinal 400
2025-01-29 18:42:21,972 INFO c.h.h.t.HelmChartContainer - [hivemq-test-hivemq-platform] [hivemq-platform-operator] [a545c016] 18:42:21.970 [main] DEBUG io.smallrye.config - SRCFG01006: Loaded ConfigSource EnvConfigSource with ordinal 300
2025-01-29 18:42:21,972 INFO c.h.h.t.HelmChartContainer - [hivemq-test-hivemq-platform] [hivemq-platform-operator] [a545c016] 18:42:21.970 [main] DEBUG io.smallrye.config - SRCFG01006: Loaded ConfigSource PropertiesConfigSource[source=jar:file:///opt/hivemq-platform-operator/bin/hivemq-platform-operator.jar!/hivemq-platform-operator.properties] with ordinal 100
2025-01-29 18:42:21,972 INFO c.h.h.t.HelmChartContainer - [hivemq-test-hivemq-platform] [hivemq-platform-operator] [a545c016] 18:42:21.970 [main] DEBUG io.smallrye.config - SRCFG01006: Loaded ConfigSource DefaultValuesConfigSource with ordinal -2147483648
2025-01-29 18:42:22,083 INFO c.h.h.t.HelmChartContainer - [hivemq-test-hivemq-platform] [hivemq-platform-operator] [a545c016] 18:42:22.081 [main] DEBUG i.m.c.u.i.l.InternalLoggerFactory - Using SLF4J as the default logging framework
2025-01-29 18:42:22,265 INFO c.h.h.t.HelmChartContainer - [hivemq-test-hivemq-platform] [hivemq-platform-operator] [a545c016] 18:42:22.179 [main] INFO  c.h.p.o.HiveMQPlatformOperatorApplication - HiveMQ Platform Operator 1.7.0-SNAPSHOT (commit: b1b9591 on branch: HEAD) built on Wed Jan 29 18:32:18 UTC 2025
2025-01-29 18:42:22,266 INFO c.h.h.t.HelmChartContainer - [hivemq-test-hivemq-platform] [hivemq-platform-operator] [a545c016] 18:42:22.264 [main] INFO  c.h.p.o.HiveMQPlatformOperatorApplication - HiveMQ Platform Operator is running in namespace: helmmetricsserviceit-operator
2025-01-29 18:42:22,266 INFO c.h.h.t.HelmChartContainer - [hivemq-test-hivemq-platform] [hivemq-platform-operator] [a545c016] 18:42:22.264 [main] INFO  c.h.p.o.HiveMQPlatformOperatorApplication - Watching all namespaces
2025-01-29 18:42:22,266 INFO c.h.h.t.HelmChartContainer - [hivemq-test-hivemq-platform] [hivemq-platform-operator] [a545c016] 18:42:22.264 [main] INFO  c.h.p.o.HiveMQPlatformOperatorApplication - Log level: DEBUG
2025-01-29 18:42:22,266 INFO c.h.h.t.HelmChartContainer - [hivemq-test-hivemq-platform] [hivemq-platform-operator] [a545c016] 18:42:22.265 [main] INFO  c.h.p.o.HiveMQPlatformOperatorApplication - Release name: test-hivemq-platform-operator
2025-01-29 18:42:22,266 INFO c.h.h.t.HelmChartContainer - [hivemq-test-hivemq-platform] [hivemq-platform-operator] [a545c016] 18:42:22.265 [main] INFO  c.h.p.o.HiveMQPlatformOperatorApplication - HiveMQ Platform Operator Init image: docker.io/hivemq/hivemq-platform-operator-init-test:snapshot
2025-01-29 18:42:22,266 INFO c.h.h.t.HelmChartContainer - [hivemq-test-hivemq-platform] [hivemq-platform-operator] [a545c016] 18:42:22.265 [main] INFO  c.h.p.o.HiveMQPlatformOperatorApplication - HiveMQ Platform Operator Init App update URL: http://hivemq-platform-operator-test-hivemq-platform-operator.helmmetricsserviceit-operator.svc:8080/initAppUpdate/hivemq-platform-operator-init-app-1.7.0-SNAPSHOT.jar
2025-01-29 18:42:22,266 INFO c.h.h.t.HelmChartContainer - [hivemq-test-hivemq-platform] [hivemq-platform-operator] [a545c016] 18:42:22.265 [main] INFO  c.h.p.o.HiveMQPlatformOperatorApplication - Additional imagePullSecret for all Platform deployments: none
2025-01-29 18:42:22,266 INFO c.h.h.t.HelmChartContainer - [hivemq-test-hivemq-platform] [hivemq-platform-operator] [a545c016] 18:42:22.265 [main] INFO  c.h.p.o.HiveMQPlatformOperatorApplication - Apply HiveMQ Platform CRD: true
2025-01-29 18:42:22,266 INFO c.h.h.t.HelmChartContainer - [hivemq-test-hivemq-platform] [hivemq-platform-operator] [a545c016] 18:42:22.265 [main] INFO  c.h.p.o.HiveMQPlatformOperatorApplication - Create Platform ServiceAccount: true
2025-01-29 18:42:22,266 INFO c.h.h.t.HelmChartContainer - [hivemq-test-hivemq-platform] [hivemq-platform-operator] [a545c016] 18:42:22.265 [main] INFO  c.h.p.o.HiveMQPlatformOperatorApplication - Create Platform ServiceAccount permissions: true
2025-01-29 18:42:22,266 INFO c.h.h.t.HelmChartContainer - [hivemq-test-hivemq-platform] [hivemq-platform-operator] [a545c016] 18:42:22.265 [main] INFO  c.h.p.o.HiveMQPlatformOperatorApplication - Validate Platform ServiceAccount: true
2025-01-29 18:42:22,266 INFO c.h.h.t.HelmChartContainer - [hivemq-test-hivemq-platform] [hivemq-platform-operator] [a545c016] 18:42:22.265 [main] INFO  c.h.p.o.HiveMQPlatformOperatorApplication - Validate Platform ServiceAccount permissions: true
2025-01-29 18:42:22,385 INFO c.h.h.t.HelmChartContainer - [hivemq-test-hivemq-platform] [hivemq-platform-operator] [a545c016] 18:42:22.384 [main] INFO  c.h.platform.operator.util.CRDUtil - Verifying deployed HiveMQ Platform CRD...
2025-01-29 18:42:24,867 INFO c.h.h.t.HelmChartContainer - [hivemq-test-hivemq-platform] [hivemq-platform-operator] [a545c016] 18:42:24.865 [main] DEBUG c.h.platform.operator.util.CRDUtil - HiveMQ Platform CRD version v1 is up to date
2025-01-29 18:42:24,867 INFO c.h.h.t.HelmChartContainer - [hivemq-test-hivemq-platform] [hivemq-platform-operator] [a545c016] 18:42:24.865 [main] INFO  c.h.platform.operator.util.CRDUtil - HiveMQ Platform CRD is up to date (version: V1_6_0)
2025-01-29 18:42:24,867 INFO c.h.h.t.HelmChartContainer - [hivemq-test-hivemq-platform] [hivemq-platform-operator] [a545c016] 18:42:24.865 [main] INFO  c.h.platform.operator.util.CRDUtil - Waiting 10000 ms for HiveMQ Platform CRD 'hivemq-platforms.hivemq.com' to become ready...
2025-01-29 18:42:25,174 INFO c.h.h.t.HelmChartContainer - [hivemq-test-hivemq-platform] [hivemq-platform-operator] [a545c016] 18:42:25.173 [vert.x-eventloop-thread-1] DEBUG c.h.platform.operator.util.CRDUtil - Checking CRD condition 'NamesAccepted' (status: 'True')
2025-01-29 18:42:25,176 INFO c.h.h.t.HelmChartContainer - [hivemq-test-hivemq-platform] [hivemq-platform-operator] [a545c016] 18:42:25.174 [vert.x-eventloop-thread-1] DEBUG c.h.platform.operator.util.CRDUtil - Checking CRD condition 'Established' (status: 'True')
2025-01-29 18:42:25,176 INFO c.h.h.t.HelmChartContainer - [hivemq-test-hivemq-platform] [hivemq-platform-operator] [a545c016] 18:42:25.174 [main] INFO  c.h.platform.operator.util.CRDUtil - HiveMQ Platform CRD 'hivemq-platforms.hivemq.com' is ready
2025-01-29 18:42:25,364 INFO c.h.h.t.HelmChartContainer - [hivemq-test-hivemq-platform] [hivemq-platform-operator] [a545c016] 18:42:25.363 [main] INFO  c.h.p.o.HiveMQPlatformReconciler - HiveMQ Platform Operator is starting...
2025-01-29 18:42:25,470 INFO c.h.h.t.HelmChartContainer - [hivemq-test-hivemq-platform] [hivemq-platform-operator] [a545c016] 18:42:25.469 [main] WARN  Default ConfigurationService implementation - Configuration for reconciler 'hivemq-controller' was not found. Known reconcilers: None.
2025-01-29 18:42:25,479 INFO c.h.h.t.HelmChartContainer - [hivemq-test-hivemq-platform] [hivemq-platform-operator] [a545c016] 18:42:25.478 [main] INFO  Default ConfigurationService implementation - Created configuration for reconciler com.hivemq.platform.operator.HiveMQPlatformReconciler with name hivemq-controller
2025-01-29 18:42:25,665 INFO c.h.h.t.HelmChartContainer - [hivemq-test-hivemq-platform] [hivemq-platform-operator] [a545c016] 18:42:25.664 [main] DEBUG c.h.p.o.HiveMQPlatformReconciler - HiveMQ Platform Operator is preparing EventSources
2025-01-29 18:42:25,678 INFO c.h.h.t.HelmChartContainer - [hivemq-test-hivemq-platform] [hivemq-platform-operator] [a545c016] 18:42:25.677 [main] INFO  i.javaoperatorsdk.operator.Operator - Registered reconciler: 'hivemq-controller' for resource: 'class com.hivemq.platform.operator.v1.HiveMQPlatform' for namespace(s): [all namespaces]
2025-01-29 18:42:26,370 INFO c.h.h.t.HelmChartContainer - [hivemq-test-hivemq-platform] [hivemq-platform-operator] [a545c016] 18:42:26.369 [main] INFO  c.h.p.operator.webserver.JettyServer - Starting Jetty server on port 8080
2025-01-29 18:42:26,463 INFO c.h.h.t.HelmChartContainer - [hivemq-test-hivemq-platform] [hivemq-platform-operator] [a545c016] 18:42:26.462 [main] INFO  i.javaoperatorsdk.operator.Operator - Operator SDK 4.9.7 (commit: 2133d28) built on Wed Nov 20 12:56:20 UTC 2024 starting...
2025-01-29 18:42:26,464 INFO c.h.h.t.HelmChartContainer - [hivemq-test-hivemq-platform] [hivemq-platform-operator] [a545c016] 18:42:26.463 [main] INFO  i.javaoperatorsdk.operator.Operator - Client version: 6.13.5
2025-01-29 18:42:26,466 INFO c.h.h.t.HelmChartContainer - [hivemq-test-hivemq-platform] [hivemq-platform-operator] [a545c016] 18:42:26.464 [Controller Starter for: hivemq-controller] INFO  i.j.operator.processing.Controller - Starting 'hivemq-controller' controller for reconciler: com.hivemq.platform.operator.HiveMQPlatformReconciler, resource: com.hivemq.platform.operator.v1.HiveMQPlatform
2025-01-29 18:42:28,863 INFO c.h.h.t.HelmChartContainer - [hivemq-test-hivemq-platform] [hivemq-platform-operator] [a545c016] 18:42:28.862 [Controller Starter for: hivemq-controller] INFO  i.j.operator.processing.Controller - 'hivemq-controller' controller started
2025-01-29 18:42:28,864 INFO c.h.h.t.HelmChartContainer - [hivemq-test-hivemq-platform] [hivemq-platform-operator] [a545c016] 18:42:28.862 [main] INFO  c.h.p.o.HiveMQPlatformOperatorApplication - HiveMQ Platform Operator 1.7.0-SNAPSHOT started in 6683 ms
2025-01-29 18:42:29,654 INFO c.h.h.t.HelmChartContainer - [POD] hivemq-test-hivemq-platform-operator-6966f96d65-5rb4f [a545c016-161e-416e-9fce-5ee84972ec87] in helmmetricsserviceit-operator was MODIFIED
2025-01-29 18:42:29,660 INFO c.h.h.t.HelmChartContainer - [K3S] [replica_set.go:679] "Finished syncing" kind="ReplicaSet" key="helmmetricsserviceit-operator/hivemq-test-hivemq-platform-operator-6966f96d65" duration="10.386427ms"
2025-01-29 18:42:29,660 INFO c.h.h.t.HelmChartContainer - [K3S] [replica_set.go:679] "Finished syncing" kind="ReplicaSet" key="helmmetricsserviceit-operator/hivemq-test-hivemq-platform-operator-6966f96d65" duration="36.548µs"
2025-01-29 18:42:30,996 DEBUG c.h.h.t.HelmChartContainer - Executing helm command: /bin/helm --kubeconfig /etc/rancher/k3s/k3s.yaml install test-hivemq-platform /charts/hivemq-platform --wait --timeout 5m0s --set image.repository=docker.io/hivemq --set image.tag=4.36.0 --set image.pullPolicy=Never --set nodes.resources.cpu=512m -f /files/metrics-values.yaml --namespace helmmetricsserviceit
2025-01-29 18:42:31,227 INFO c.h.h.t.HelmChartContainer - [hivemq-test-hivemq-platform] [hivemq-platform-operator] [a545c016] 18:42:31.226 [-2082509879-pool-1-thread-4] WARN  i.m.p.PrometheusMeterRegistry - The meter (MeterId{name='operator.sdk.events.received', tags=[tag(action=ADDED),tag(event=ResourceEvent),tag(group=hivemq.com),tag(kind=HiveMQPlatform),tag(name=test-hivemq-platform),tag(namespace=helmmetricsserviceit),tag(scope=namespace),tag(version=v1)]}) registration has failed: Prometheus requires that all meters with the same name have the same set of tag keys. There is already an existing meter named 'operator.sdk.events.received' containing tag keys [event, group, kind, name, namespace, scope, version]. The meter you are attempting to register has keys [action, event, group, kind, name, namespace, scope, version]. Note that subsequent logs will be logged at debug level.
2025-01-29 18:42:31,670 INFO c.h.h.t.HelmChartContainer - [hivemq-test-hivemq-platform] [hivemq-platform-operator] [a545c016] 18:42:31.668 [pool-6-thread-3] DEBUG c.h.p.o.dependants.PodInfoConfigMap - [helmmetr] Desired PodInfo ConfigMap (1 extensions) (1 enabled)
2025-01-29 18:42:31,670 INFO c.h.h.t.HelmChartContainer - [hivemq-test-hivemq-platform] [hivemq-platform-operator] [a545c016] 18:42:31.669 [pool-6-thread-3] DEBUG c.h.p.o.dependants.PodInfoConfigMap - [helmmetr] Desired PodInfo ConfigMap (metrics port: 9499) (metrics path: /metrics)
2025-01-29 18:42:31,670 INFO c.h.h.t.HelmChartContainer - [hivemq-test-hivemq-platform] [hivemq-platform-operator] [a545c016] 18:42:31.669 [pool-6-thread-3] DEBUG c.h.p.o.dependants.PodInfoConfigMap - [helmmetr] Desired PodInfo ConfigMap (extension state hash: 1243513115)
2025-01-29 18:42:31,671 INFO c.h.h.t.HelmChartContainer - [hivemq-test-hivemq-platform] [hivemq-platform-operator] [a545c016] 18:42:31.671 [pool-6-thread-3] DEBUG c.h.p.o.dependants.PodInfoConfigMap - [helmmetr] Create PodInfo ConfigMap
2025-01-29 18:42:31,774 INFO c.h.h.t.HelmChartContainer - [hivemq-test-hivemq-platform] [hivemq-platform-operator] [a545c016] 18:42:31.771 [pool-6-thread-5] DEBUG c.h.p.o.dependants.PodRoleResource - [helmmetr] Create Role: Role(apiVersion=rbac.authorization.k8s.io/v1, kind=Role, metadata=ObjectMeta(annotations={meta.helm.sh/release-name=test-hivemq-platform, meta.helm.sh/release-namespace=helmmetricsserviceit}, creationTimestamp=null, deletionGracePeriodSeconds=null, deletionTimestamp=null, finalizers=[], generateName=null, generation=null, labels={helm.sh/chart=hivemq-platform-0.2.32, app.kubernetes.io/managed-by=Helm, app.kubernetes.io/name=hivemq-platform, hivemq-platform=test-hivemq-platform, app.kubernetes.io/instance=test-hivemq-platform, app.kubernetes.io/version=4.36.0}, managedFields=[], name=hivemq-platform-role-test-hivemq-platform, namespace=helmmetricsserviceit, ownerReferences=[OwnerReference(apiVersion=hivemq.com/v1, blockOwnerDeletion=null, controller=null, kind=HiveMQPlatform, name=test-hivemq-platform, uid=2dc15fa6-1c02-48cf-9f00-e5c480205a3b, additionalProperties={})], resourceVersion=null, selfLink=null, uid=null, additionalProperties={}), rules=[PolicyRule(apiGroups=[], nonResourceURLs=[], resourceNames=[], resources=[pods], verbs=[get, patch, update], additionalProperties={})], additionalProperties={})
2025-01-29 18:42:31,969 INFO c.h.h.t.HelmChartContainer - [hivemq-test-hivemq-platform] [hivemq-platform-operator] [a545c016] 18:42:31.966 [pool-6-thread-7] DEBUG c.h.p.o.d.PodServiceAccountResource - [helmmetr] Desired PodServiceAccountResource (serviceAccountName: hivemq-platform-pod-test-hivemq-platform)
2025-01-29 18:42:31,969 INFO c.h.h.t.HelmChartContainer - [hivemq-test-hivemq-platform] [hivemq-platform-operator] [a545c016] 18:42:31.967 [pool-6-thread-7] DEBUG c.h.p.o.d.PodServiceAccountResource - [helmmetr] Create ServiceAccount 'hivemq-platform-pod-test-hivemq-platform'
2025-01-29 18:42:32,076 INFO c.h.h.t.HelmChartContainer - [hivemq-test-hivemq-platform] [hivemq-platform-operator] [a545c016] 18:42:32.075 [pool-6-thread-10] DEBUG c.h.p.o.d.PodRoleBindingResource - [helmmetr] Create RoleBinding: RoleBinding(apiVersion=rbac.authorization.k8s.io/v1, kind=RoleBinding, metadata=ObjectMeta(annotations={meta.helm.sh/release-name=test-hivemq-platform, meta.helm.sh/release-namespace=helmmetricsserviceit}, creationTimestamp=null, deletionGracePeriodSeconds=null, deletionTimestamp=null, finalizers=[], generateName=null, generation=null, labels={helm.sh/chart=hivemq-platform-0.2.32, app.kubernetes.io/managed-by=Helm, app.kubernetes.io/name=hivemq-platform, hivemq-platform=test-hivemq-platform, app.kubernetes.io/instance=test-hivemq-platform, app.kubernetes.io/version=4.36.0}, managedFields=[], name=hivemq-platform-role-binding-test-hivemq-platform, namespace=helmmetricsserviceit, ownerReferences=[OwnerReference(apiVersion=hivemq.com/v1, blockOwnerDeletion=null, controller=null, kind=HiveMQPlatform, name=test-hivemq-platform, uid=2dc15fa6-1c02-48cf-9f00-e5c480205a3b, additionalProperties={})], resourceVersion=null, selfLink=null, uid=null, additionalProperties={}), roleRef=RoleRef(apiGroup=rbac.authorization.k8s.io, kind=Role, name=hivemq-platform-role-test-hivemq-platform, additionalProperties={}), subjects=[Subject(apiGroup=null, kind=ServiceAccount, name=hivemq-platform-pod-test-hivemq-platform, namespace=helmmetricsserviceit, additionalProperties={})], additionalProperties={})
2025-01-29 18:42:32,178 INFO c.h.h.t.HelmChartContainer - [hivemq-test-hivemq-platform] [hivemq-platform-operator] [a545c016] 18:42:32.177 [ReconcilerExecutor-hivemq-controller-55] INFO  c.h.p.o.HiveMQPlatformReconciler - [helmmetr] Reconciling HiveMQ Platform 'test-hivemq-platform' in namespace 'helmmetricsserviceit'
2025-01-29 18:42:32,178 INFO c.h.h.t.HelmChartContainer - [hivemq-test-hivemq-platform] [hivemq-platform-operator] [a545c016] 18:42:32.178 [ReconcilerExecutor-hivemq-controller-55] DEBUG c.h.p.o.HiveMQPlatformReconciler - [helmmetr] Custom Resource Status CREATED - HiveMQ Platform was created (READY)
2025-01-29 18:42:32,179 INFO c.h.h.t.HelmChartContainer - [hivemq-test-hivemq-platform] [hivemq-platform-operator] [a545c016] 18:42:32.178 [ReconcilerExecutor-hivemq-controller-55] DEBUG c.h.p.o.HiveMQPlatformReconciler - [helmmetr] Custom Resource Spec (replicas: 1) (extensions: 1)
2025-01-29 18:42:32,183 INFO c.h.h.t.HelmChartContainer - [hivemq-test-hivemq-platform] [hivemq-platform-operator] [a545c016] 18:42:32.182 [ReconcilerExecutor-hivemq-controller-55] INFO  c.h.p.o.h.HiveMQPlatformReconcilerBaseHandler - [helmmetr] HiveMQ Platform is starting
2025-01-29 18:42:32,362 INFO c.h.h.t.HelmChartContainer - [hivemq-test-hivemq-platform] [hivemq-platform-operator] [a545c016] 18:42:32.361 [ReconcilerExecutor-hivemq-controller-55] DEBUG c.h.p.operator.event.EventSender - [helmmetr] Creating K8s event hivemq-platform-starting: [Start] HiveMQ Platform is starting
2025-01-29 18:42:32,371 INFO c.h.h.t.HelmChartContainer - [EVENT] Normal [Start] HiveMQ Platform is starting [helmmetricsserviceit:test-hivemq-platform]
2025-01-29 18:42:32,376 INFO c.h.h.t.HelmChartContainer - [hivemq-test-hivemq-platform] [hivemq-platform-operator] [a545c016] 18:42:32.374 [ReconcilerExecutor-hivemq-controller-55] INFO  c.h.p.o.h.AbstractHiveMQReconcilerStateHandler - [helmmetr] Update HiveMQ Platform Status (CREATED [READY] -> STARTING [READY]): HiveMQ Platform is starting
2025-01-29 18:42:32,471 DEBUG com.hivemq.helmcharts.util.K8sUtil - Comparing actual state 'STARTING' and waiting for 'RUNNING'
2025-01-29 18:42:42,484 INFO c.h.h.t.HelmChartContainer - [hivemq-test-hivemq-platform] [hivemq-platform-operator] [a545c016] 18:42:42.480 [pool-6-thread-12] DEBUG c.h.p.o.d.PlatformServiceResource - [helmmetr] Desired Platform services (2 services)
2025-01-29 18:42:42,484 INFO c.h.h.t.HelmChartContainer - [hivemq-test-hivemq-platform] [hivemq-platform-operator] [a545c016] 18:42:42.482 [pool-6-thread-13] DEBUG c.h.p.o.dependants.PodInfoConfigMap - [helmmetr] Desired PodInfo ConfigMap (1 extensions) (1 enabled)
2025-01-29 18:42:42,484 INFO c.h.h.t.HelmChartContainer - [hivemq-test-hivemq-platform] [hivemq-platform-operator] [a545c016] 18:42:42.482 [pool-6-thread-13] DEBUG c.h.p.o.dependants.PodInfoConfigMap - [helmmetr] Desired PodInfo ConfigMap (metrics port: 9499) (metrics path: /metrics)
2025-01-29 18:42:42,484 INFO c.h.h.t.HelmChartContainer - [hivemq-test-hivemq-platform] [hivemq-platform-operator] [a545c016] 18:42:42.482 [pool-6-thread-13] DEBUG c.h.p.o.dependants.PodInfoConfigMap - [helmmetr] Desired PodInfo ConfigMap (extension state hash: 1243513115)
2025-01-29 18:42:42,490 INFO c.h.h.t.HelmChartContainer - [hivemq-test-hivemq-platform] [hivemq-platform-operator] [a545c016] 18:42:42.489 [pool-6-thread-17] DEBUG c.h.p.o.d.PodServiceAccountResource - [helmmetr] Desired PodServiceAccountResource (serviceAccountName: hivemq-platform-pod-test-hivemq-platform)
2025-01-29 18:42:42,491 INFO c.h.h.t.HelmChartContainer - [hivemq-test-hivemq-platform] [hivemq-platform-operator] [a545c016] 18:42:42.490 [pool-6-thread-13] DEBUG c.h.p.o.dependants.PodInfoConfigMap - [helmmetr] Update PodInfo ConfigMap
2025-01-29 18:42:42,580 INFO c.h.h.t.HelmChartContainer - [K3S] [alloc.go:330] "allocated clusterIPs" service="helmmetricsserviceit/hivemq-test-hivemq-platform-mqtt-1883" clusterIPs={"IPv4":"10.43.208.140"}
2025-01-29 18:42:42,670 INFO c.h.h.t.HelmChartContainer - [K3S] [alloc.go:330] "allocated clusterIPs" service="helmmetricsserviceit/hivemq-test-hivemq-platform-metrics-9499" clusterIPs={"IPv4":"10.43.217.119"}
2025-01-29 18:42:42,679 INFO c.h.h.t.HelmChartContainer - [hivemq-test-hivemq-platform] [hivemq-platform-operator] [a545c016] 18:42:42.677 [pool-6-thread-20] DEBUG c.h.p.o.d.StatefulSetResource - [helmmetr] Desired StatefulSet (1 replicas) for status STARTING (READY)
2025-01-29 18:42:42,766 INFO c.h.h.t.HelmChartContainer - [hivemq-test-hivemq-platform] [hivemq-platform-operator] [a545c016] 18:42:42.765 [pool-6-thread-20] DEBUG c.h.p.o.d.StatefulSetResource - [helmmetr] Create StatefulSet
2025-01-29 18:42:42,804 INFO c.h.h.t.HelmChartContainer - [POD] test-hivemq-platform-0 [50d66a13-79ef-41e8-a125-b4b31f6557b6] in helmmetricsserviceit was ADDED
2025-01-29 18:42:42,805 INFO c.h.h.t.HelmChartContainer - [EVENT] Normal [SuccessfulCreate] create Pod test-hivemq-platform-0 in StatefulSet test-hivemq-platform successful [helmmetricsserviceit:test-hivemq-platform]
2025-01-29 18:42:42,810 INFO c.h.h.t.HelmChartContainer - [POD] test-hivemq-platform-0 [50d66a13-79ef-41e8-a125-b4b31f6557b6] in helmmetricsserviceit was MODIFIED
2025-01-29 18:42:42,813 INFO c.h.h.t.HelmChartContainer - [EVENT] Normal [Scheduled] Successfully assigned helmmetricsserviceit/test-hivemq-platform-0 to 04e65d37069a [helmmetricsserviceit:test-hivemq-platform-0]
2025-01-29 18:42:42,820 INFO c.h.h.t.HelmChartContainer - [POD] test-hivemq-platform-0 [50d66a13-79ef-41e8-a125-b4b31f6557b6] in helmmetricsserviceit was MODIFIED
2025-01-29 18:42:42,852 INFO c.h.h.t.HelmChartContainer - [K3S] [reconciler_common.go:251] "operationExecutor.VerifyControllerAttachedVolume started for volume \"operator-init\" (UniqueName: \"kubernetes.io/empty-dir/50d66a13-79ef-41e8-a125-b4b31f6557b6-operator-init\") pod \"test-hivemq-platform-0\" (UID: \"50d66a13-79ef-41e8-a125-b4b31f6557b6\") " pod="helmmetricsserviceit/test-hivemq-platform-0"
2025-01-29 18:42:42,852 INFO c.h.h.t.HelmChartContainer - [K3S] [reconciler_common.go:251] "operationExecutor.VerifyControllerAttachedVolume started for volume \"pod-info\" (UniqueName: \"kubernetes.io/configmap/50d66a13-79ef-41e8-a125-b4b31f6557b6-pod-info\") pod \"test-hivemq-platform-0\" (UID: \"50d66a13-79ef-41e8-a125-b4b31f6557b6\") " pod="helmmetricsserviceit/test-hivemq-platform-0"
2025-01-29 18:42:42,852 INFO c.h.h.t.HelmChartContainer - [K3S] [reconciler_common.go:251] "operationExecutor.VerifyControllerAttachedVolume started for volume \"kube-api-access-nc7bx\" (UniqueName: \"kubernetes.io/projected/50d66a13-79ef-41e8-a125-b4b31f6557b6-kube-api-access-nc7bx\") pod \"test-hivemq-platform-0\" (UID: \"50d66a13-79ef-41e8-a125-b4b31f6557b6\") " pod="helmmetricsserviceit/test-hivemq-platform-0"
2025-01-29 18:42:42,852 INFO c.h.h.t.HelmChartContainer - [K3S] [reconciler_common.go:251] "operationExecutor.VerifyControllerAttachedVolume started for volume \"broker-configuration\" (UniqueName: \"kubernetes.io/configmap/50d66a13-79ef-41e8-a125-b4b31f6557b6-broker-configuration\") pod \"test-hivemq-platform-0\" (UID: \"50d66a13-79ef-41e8-a125-b4b31f6557b6\") " pod="helmmetricsserviceit/test-hivemq-platform-0"
2025-01-29 18:42:42,867 INFO c.h.h.t.HelmChartContainer - [hivemq-test-hivemq-platform] [hivemq-platform-operator] [a545c016] 18:42:42.863 [ReconcilerExecutor-hivemq-controller-66] INFO  c.h.p.o.HiveMQPlatformReconciler - [helmmetr] Reconciling HiveMQ Platform 'test-hivemq-platform' in namespace 'helmmetricsserviceit'
2025-01-29 18:42:42,868 INFO c.h.h.t.HelmChartContainer - [hivemq-test-hivemq-platform] [hivemq-platform-operator] [a545c016] 18:42:42.863 [ReconcilerExecutor-hivemq-controller-66] DEBUG c.h.p.o.HiveMQPlatformReconciler - [helmmetr] Custom Resource Status STARTING - HiveMQ Platform is starting (READY)
2025-01-29 18:42:42,868 INFO c.h.h.t.HelmChartContainer - [hivemq-test-hivemq-platform] [hivemq-platform-operator] [a545c016] 18:42:42.864 [ReconcilerExecutor-hivemq-controller-66] DEBUG c.h.p.o.HiveMQPlatformReconciler - [helmmetr] Custom Resource Spec (replicas: 1) (extensions: 1)
2025-01-29 18:42:42,870 INFO c.h.h.t.HelmChartContainer - [hivemq-test-hivemq-platform] [hivemq-platform-operator] [a545c016] 18:42:42.869 [ReconcilerExecutor-hivemq-controller-66] DEBUG c.h.p.o.HiveMQPlatformReconciler - [helmmetr] StatefulSet Status (revision: null, replicas: 0, available: 0, ready: 0, current: 0, updated: 0)
2025-01-29 18:42:42,871 INFO c.h.h.t.HelmChartContainer - [hivemq-test-hivemq-platform] [hivemq-platform-operator] [a545c016] 18:42:42.869 [ReconcilerExecutor-hivemq-controller-66] DEBUG c.h.p.o.HiveMQPlatformReconciler - [helmmetr] StatefulSet Spec (replicas: 1, init containers: 1, containers: 1, volumes: 3)
2025-01-29 18:42:42,973 INFO c.h.h.t.HelmChartContainer - [hivemq-test-hivemq-platform] [hivemq-platform-operator] [a545c016] 18:42:42.972 [ReconcilerExecutor-hivemq-controller-66] DEBUG c.h.p.o.h.HiveMQPlatformReconcilerErrorHandler - [helmmetr] Pod 'test-hivemq-platform-0' phase Pending
2025-01-29 18:42:42,976 INFO c.h.h.t.HelmChartContainer - [hivemq-test-hivemq-platform] [hivemq-platform-operator] [a545c016] 18:42:42.973 [ReconcilerExecutor-hivemq-controller-66] DEBUG c.h.p.o.h.HiveMQPlatformReconcilerErrorHandler - [helmmetr] Pod 'test-hivemq-platform-0' condition 'PodReadyToStartContainers': False
2025-01-29 18:42:42,977 INFO c.h.h.t.HelmChartContainer - [hivemq-test-hivemq-platform] [hivemq-platform-operator] [a545c016] 18:42:42.974 [ReconcilerExecutor-hivemq-controller-66] DEBUG c.h.p.o.h.HiveMQPlatformReconcilerErrorHandler - [helmmetr] Pod 'test-hivemq-platform-0' condition 'Initialized': False
2025-01-29 18:42:42,977 INFO c.h.h.t.HelmChartContainer - [hivemq-test-hivemq-platform] [hivemq-platform-operator] [a545c016] 18:42:42.974 [ReconcilerExecutor-hivemq-controller-66] DEBUG c.h.p.o.h.HiveMQPlatformReconcilerErrorHandler - [helmmetr] Pod 'test-hivemq-platform-0' condition 'Ready': False
2025-01-29 18:42:42,977 INFO c.h.h.t.HelmChartContainer - [hivemq-test-hivemq-platform] [hivemq-platform-operator] [a545c016] 18:42:42.975 [ReconcilerExecutor-hivemq-controller-66] DEBUG c.h.p.o.h.HiveMQPlatformReconcilerErrorHandler - [helmmetr] Pod 'test-hivemq-platform-0' condition 'ContainersReady': False
2025-01-29 18:42:42,977 INFO c.h.h.t.HelmChartContainer - [hivemq-test-hivemq-platform] [hivemq-platform-operator] [a545c016] 18:42:42.975 [ReconcilerExecutor-hivemq-controller-66] DEBUG c.h.p.o.h.HiveMQPlatformReconcilerErrorHandler - [helmmetr] Pod 'test-hivemq-platform-0' condition 'PodScheduled': True
2025-01-29 18:42:42,977 INFO c.h.h.t.HelmChartContainer - [hivemq-test-hivemq-platform] [hivemq-platform-operator] [a545c016] 18:42:42.975 [ReconcilerExecutor-hivemq-controller-66] DEBUG c.h.p.o.h.HiveMQPlatformReconcilerErrorHandler - [helmmetr] Pod 'test-hivemq-platform-0' containerStatus 'hivemq' (started: false) (ready: false) (waiting: [PodInitializing] null)
2025-01-29 18:42:42,980 INFO c.h.h.t.HelmChartContainer - [hivemq-test-hivemq-platform] [hivemq-platform-operator] [a545c016] 18:42:42.978 [ReconcilerExecutor-hivemq-controller-66] INFO  c.h.p.o.h.HiveMQPlatformReconcilerBaseHandler - [helmmetr] HiveMQ Platform is starting, 0 of 1 replicas are ready
2025-01-29 18:42:43,067 INFO c.h.h.t.HelmChartContainer - [hivemq-test-hivemq-platform] [hivemq-platform-operator] [a545c016] 18:42:43.064 [pool-6-thread-22] DEBUG c.h.p.o.d.PlatformServiceResource - [helmmetr] Desired Platform services (2 services)
2025-01-29 18:42:43,068 INFO c.h.h.t.HelmChartContainer - [hivemq-test-hivemq-platform] [hivemq-platform-operator] [a545c016] 18:42:43.065 [pool-6-thread-23] DEBUG c.h.p.o.dependants.PodInfoConfigMap - [helmmetr] Desired PodInfo ConfigMap (1 extensions) (1 enabled)
2025-01-29 18:42:43,068 INFO c.h.h.t.HelmChartContainer - [hivemq-test-hivemq-platform] [hivemq-platform-operator] [a545c016] 18:42:43.066 [pool-6-thread-23] DEBUG c.h.p.o.dependants.PodInfoConfigMap - [helmmetr] Desired PodInfo ConfigMap (metrics port: 9499) (metrics path: /metrics)
2025-01-29 18:42:43,068 INFO c.h.h.t.HelmChartContainer - [hivemq-test-hivemq-platform] [hivemq-platform-operator] [a545c016] 18:42:43.066 [pool-6-thread-23] DEBUG c.h.p.o.dependants.PodInfoConfigMap - [helmmetr] Desired PodInfo ConfigMap (extension state hash: 1243513115)
2025-01-29 18:42:43,072 INFO c.h.h.t.HelmChartContainer - [hivemq-test-hivemq-platform] [hivemq-platform-operator] [a545c016] 18:42:43.071 [pool-6-thread-27] DEBUG c.h.p.o.d.PodServiceAccountResource - [helmmetr] Desired PodServiceAccountResource (serviceAccountName: hivemq-platform-pod-test-hivemq-platform)
2025-01-29 18:42:43,078 INFO c.h.h.t.HelmChartContainer - [hivemq-test-hivemq-platform] [hivemq-platform-operator] [a545c016] 18:42:43.077 [pool-6-thread-30] DEBUG c.h.p.o.d.StatefulSetResource - [helmmetr] Desired StatefulSet (1 replicas) for status STARTING (READY)
2025-01-29 18:42:43,171 INFO c.h.h.t.HelmChartContainer - [hivemq-test-hivemq-platform] [hivemq-platform-operator] [a545c016] 18:42:43.166 [ReconcilerExecutor-hivemq-controller-77] INFO  c.h.p.o.HiveMQPlatformReconciler - [helmmetr] Reconciling HiveMQ Platform 'test-hivemq-platform' in namespace 'helmmetricsserviceit'
2025-01-29 18:42:43,171 INFO c.h.h.t.HelmChartContainer - [hivemq-test-hivemq-platform] [hivemq-platform-operator] [a545c016] 18:42:43.167 [ReconcilerExecutor-hivemq-controller-77] DEBUG c.h.p.o.HiveMQPlatformReconciler - [helmmetr] Custom Resource Status STARTING - HiveMQ Platform is starting (READY)
2025-01-29 18:42:43,171 INFO c.h.h.t.HelmChartContainer - [hivemq-test-hivemq-platform] [hivemq-platform-operator] [a545c016] 18:42:43.167 [ReconcilerExecutor-hivemq-controller-77] DEBUG c.h.p.o.HiveMQPlatformReconciler - [helmmetr] Custom Resource Spec (replicas: 1) (extensions: 1)
2025-01-29 18:42:43,172 INFO c.h.h.t.HelmChartContainer - [hivemq-test-hivemq-platform] [hivemq-platform-operator] [a545c016] 18:42:43.170 [ReconcilerExecutor-hivemq-controller-77] DEBUG c.h.p.o.HiveMQPlatformReconciler - [helmmetr] StatefulSet Status (revision: test-hivemq-platform-84f6684d79, replicas: 1, available: 0, ready: 0, current: 1, updated: 1)
2025-01-29 18:42:43,172 INFO c.h.h.t.HelmChartContainer - [hivemq-test-hivemq-platform] [hivemq-platform-operator] [a545c016] 18:42:43.170 [ReconcilerExecutor-hivemq-controller-77] DEBUG c.h.p.o.HiveMQPlatformReconciler - [helmmetr] StatefulSet Spec (replicas: 1, init containers: 1, containers: 1, volumes: 3)
2025-01-29 18:42:43,172 INFO c.h.h.t.HelmChartContainer - [hivemq-test-hivemq-platform] [hivemq-platform-operator] [a545c016] 18:42:43.172 [ReconcilerExecutor-hivemq-controller-77] DEBUG c.h.p.o.h.HiveMQPlatformReconcilerErrorHandler - [helmmetr] Pod 'test-hivemq-platform-0' phase Pending
2025-01-29 18:42:43,173 INFO c.h.h.t.HelmChartContainer - [hivemq-test-hivemq-platform] [hivemq-platform-operator] [a545c016] 18:42:43.172 [ReconcilerExecutor-hivemq-controller-77] DEBUG c.h.p.o.h.HiveMQPlatformReconcilerErrorHandler - [helmmetr] Pod 'test-hivemq-platform-0' condition 'PodReadyToStartContainers': False
2025-01-29 18:42:43,174 INFO c.h.h.t.HelmChartContainer - [hivemq-test-hivemq-platform] [hivemq-platform-operator] [a545c016] 18:42:43.172 [ReconcilerExecutor-hivemq-controller-77] DEBUG c.h.p.o.h.HiveMQPlatformReconcilerErrorHandler - [helmmetr] Pod 'test-hivemq-platform-0' condition 'Initialized': False
2025-01-29 18:42:43,174 INFO c.h.h.t.HelmChartContainer - [hivemq-test-hivemq-platform] [hivemq-platform-operator] [a545c016] 18:42:43.172 [ReconcilerExecutor-hivemq-controller-77] DEBUG c.h.p.o.h.HiveMQPlatformReconcilerErrorHandler - [helmmetr] Pod 'test-hivemq-platform-0' condition 'Ready': False
2025-01-29 18:42:43,174 INFO c.h.h.t.HelmChartContainer - [hivemq-test-hivemq-platform] [hivemq-platform-operator] [a545c016] 18:42:43.172 [ReconcilerExecutor-hivemq-controller-77] DEBUG c.h.p.o.h.HiveMQPlatformReconcilerErrorHandler - [helmmetr] Pod 'test-hivemq-platform-0' condition 'ContainersReady': False
2025-01-29 18:42:43,174 INFO c.h.h.t.HelmChartContainer - [hivemq-test-hivemq-platform] [hivemq-platform-operator] [a545c016] 18:42:43.172 [ReconcilerExecutor-hivemq-controller-77] DEBUG c.h.p.o.h.HiveMQPlatformReconcilerErrorHandler - [helmmetr] Pod 'test-hivemq-platform-0' condition 'PodScheduled': True
2025-01-29 18:42:43,174 INFO c.h.h.t.HelmChartContainer - [hivemq-test-hivemq-platform] [hivemq-platform-operator] [a545c016] 18:42:43.172 [ReconcilerExecutor-hivemq-controller-77] DEBUG c.h.p.o.h.HiveMQPlatformReconcilerErrorHandler - [helmmetr] Pod 'test-hivemq-platform-0' containerStatus 'hivemq' (started: false) (ready: false) (waiting: [PodInitializing] null)
2025-01-29 18:42:43,175 INFO c.h.h.t.HelmChartContainer - [hivemq-test-hivemq-platform] [hivemq-platform-operator] [a545c016] 18:42:43.173 [ReconcilerExecutor-hivemq-controller-77] INFO  c.h.p.o.h.HiveMQPlatformReconcilerBaseHandler - [helmmetr] HiveMQ Platform is starting, 0 of 1 replicas are ready
2025-01-29 18:42:43,211 INFO c.h.h.t.HelmChartContainer - [EVENT] Normal [Pulled] Container image "docker.io/hivemq/hivemq-platform-operator-init-test:snapshot" already present on machine [helmmetricsserviceit:test-hivemq-platform-0]
2025-01-29 18:42:43,325 INFO c.h.h.t.HelmChartContainer - [EVENT] Normal [Created] Created container: hivemq-platform-operator-init [helmmetricsserviceit:test-hivemq-platform-0]
2025-01-29 18:42:43,365 INFO c.h.h.t.HelmChartContainer - [EVENT] Normal [Started] Started container hivemq-platform-operator-init [helmmetricsserviceit:test-hivemq-platform-0]
2025-01-29 18:42:43,680 INFO c.h.h.t.HelmChartContainer - [POD] test-hivemq-platform-0 [50d66a13-79ef-41e8-a125-b4b31f6557b6] in helmmetricsserviceit was MODIFIED
2025-01-29 18:42:43,698 INFO c.h.h.t.HelmChartContainer - [hivemq-test-hivemq-platform] [hivemq-platform-operator] [a545c016] 18:42:43.697 [pool-6-thread-32] DEBUG c.h.p.o.d.PlatformServiceResource - [helmmetr] Desired Platform services (2 services)
2025-01-29 18:42:43,699 INFO c.h.h.t.HelmChartContainer - [hivemq-test-hivemq-platform] [hivemq-platform-operator] [a545c016] 18:42:43.698 [pool-6-thread-33] DEBUG c.h.p.o.dependants.PodInfoConfigMap - [helmmetr] Desired PodInfo ConfigMap (1 extensions) (1 enabled)
2025-01-29 18:42:43,699 INFO c.h.h.t.HelmChartContainer - [hivemq-test-hivemq-platform] [hivemq-platform-operator] [a545c016] 18:42:43.698 [pool-6-thread-33] DEBUG c.h.p.o.dependants.PodInfoConfigMap - [helmmetr] Desired PodInfo ConfigMap (metrics port: 9499) (metrics path: /metrics)
2025-01-29 18:42:43,703 INFO c.h.h.t.HelmChartContainer - [hivemq-test-hivemq-platform] [hivemq-platform-operator] [a545c016] 18:42:43.702 [pool-6-thread-33] DEBUG c.h.p.o.dependants.PodInfoConfigMap - [helmmetr] Desired PodInfo ConfigMap (extension state hash: 1243513115)
2025-01-29 18:42:43,705 INFO c.h.h.t.HelmChartContainer - [hivemq-test-hivemq-platform] [hivemq-platform-operator] [a545c016] 18:42:43.705 [pool-6-thread-37] DEBUG c.h.p.o.d.PodServiceAccountResource - [helmmetr] Desired PodServiceAccountResource (serviceAccountName: hivemq-platform-pod-test-hivemq-platform)
2025-01-29 18:42:43,765 INFO c.h.h.t.HelmChartContainer - [hivemq-test-hivemq-platform] [hivemq-platform-operator] [a545c016] 18:42:43.764 [pool-6-thread-40] DEBUG c.h.p.o.d.StatefulSetResource - [helmmetr] Desired StatefulSet (1 replicas) for status STARTING (READY)
2025-01-29 18:42:43,771 INFO c.h.h.t.HelmChartContainer - [hivemq-test-hivemq-platform] [hivemq-platform-operator] [a545c016] 18:42:43.770 [ReconcilerExecutor-hivemq-controller-88] INFO  c.h.p.o.HiveMQPlatformReconciler - [helmmetr] Reconciling HiveMQ Platform 'test-hivemq-platform' in namespace 'helmmetricsserviceit'
2025-01-29 18:42:43,771 INFO c.h.h.t.HelmChartContainer - [hivemq-test-hivemq-platform] [hivemq-platform-operator] [a545c016] 18:42:43.770 [ReconcilerExecutor-hivemq-controller-88] DEBUG c.h.p.o.HiveMQPlatformReconciler - [helmmetr] Custom Resource Status STARTING - HiveMQ Platform is starting (READY)
2025-01-29 18:42:43,771 INFO c.h.h.t.HelmChartContainer - [hivemq-test-hivemq-platform] [hivemq-platform-operator] [a545c016] 18:42:43.770 [ReconcilerExecutor-hivemq-controller-88] DEBUG c.h.p.o.HiveMQPlatformReconciler - [helmmetr] Custom Resource Spec (replicas: 1) (extensions: 1)
2025-01-29 18:42:43,773 INFO c.h.h.t.HelmChartContainer - [hivemq-test-hivemq-platform] [hivemq-platform-operator] [a545c016] 18:42:43.773 [ReconcilerExecutor-hivemq-controller-88] DEBUG c.h.p.o.HiveMQPlatformReconciler - [helmmetr] StatefulSet Status (revision: test-hivemq-platform-84f6684d79, replicas: 1, available: 0, ready: 0, current: 1, updated: 1)
2025-01-29 18:42:43,774 INFO c.h.h.t.HelmChartContainer - [hivemq-test-hivemq-platform] [hivemq-platform-operator] [a545c016] 18:42:43.773 [ReconcilerExecutor-hivemq-controller-88] DEBUG c.h.p.o.HiveMQPlatformReconciler - [helmmetr] StatefulSet Spec (replicas: 1, init containers: 1, containers: 1, volumes: 3)
2025-01-29 18:42:43,777 INFO c.h.h.t.HelmChartContainer - [hivemq-test-hivemq-platform] [hivemq-platform-operator] [a545c016] 18:42:43.776 [ReconcilerExecutor-hivemq-controller-88] DEBUG c.h.p.o.h.HiveMQPlatformReconcilerErrorHandler - [helmmetr] Pod 'test-hivemq-platform-0' phase Pending
2025-01-29 18:42:43,777 INFO c.h.h.t.HelmChartContainer - [hivemq-test-hivemq-platform] [hivemq-platform-operator] [a545c016] 18:42:43.777 [ReconcilerExecutor-hivemq-controller-88] DEBUG c.h.p.o.h.HiveMQPlatformReconcilerErrorHandler - [helmmetr] Pod 'test-hivemq-platform-0' condition 'PodReadyToStartContainers': True
2025-01-29 18:42:43,778 INFO c.h.h.t.HelmChartContainer - [hivemq-test-hivemq-platform] [hivemq-platform-operator] [a545c016] 18:42:43.777 [ReconcilerExecutor-hivemq-controller-88] DEBUG c.h.p.o.h.HiveMQPlatformReconcilerErrorHandler - [helmmetr] Pod 'test-hivemq-platform-0' condition 'Initialized': False
2025-01-29 18:42:43,778 INFO c.h.h.t.HelmChartContainer - [hivemq-test-hivemq-platform] [hivemq-platform-operator] [a545c016] 18:42:43.777 [ReconcilerExecutor-hivemq-controller-88] DEBUG c.h.p.o.h.HiveMQPlatformReconcilerErrorHandler - [helmmetr] Pod 'test-hivemq-platform-0' condition 'Ready': False
2025-01-29 18:42:43,779 INFO c.h.h.t.HelmChartContainer - [hivemq-test-hivemq-platform] [hivemq-platform-operator] [a545c016] 18:42:43.778 [ReconcilerExecutor-hivemq-controller-88] DEBUG c.h.p.o.h.HiveMQPlatformReconcilerErrorHandler - [helmmetr] Pod 'test-hivemq-platform-0' condition 'ContainersReady': False
2025-01-29 18:42:43,779 INFO c.h.h.t.HelmChartContainer - [hivemq-test-hivemq-platform] [hivemq-platform-operator] [a545c016] 18:42:43.778 [ReconcilerExecutor-hivemq-controller-88] DEBUG c.h.p.o.h.HiveMQPlatformReconcilerErrorHandler - [helmmetr] Pod 'test-hivemq-platform-0' condition 'PodScheduled': True
2025-01-29 18:42:43,779 INFO c.h.h.t.HelmChartContainer - [hivemq-test-hivemq-platform] [hivemq-platform-operator] [a545c016] 18:42:43.778 [ReconcilerExecutor-hivemq-controller-88] DEBUG c.h.p.o.h.HiveMQPlatformReconcilerErrorHandler - [helmmetr] Pod 'test-hivemq-platform-0' containerStatus 'hivemq' (started: false) (ready: false) (waiting: [PodInitializing] null)
2025-01-29 18:42:43,781 INFO c.h.h.t.HelmChartContainer - [hivemq-test-hivemq-platform] [hivemq-platform-operator] [a545c016] 18:42:43.780 [ReconcilerExecutor-hivemq-controller-88] INFO  c.h.p.o.h.HiveMQPlatformReconcilerBaseHandler - [helmmetr] HiveMQ Platform is starting, 0 of 1 replicas are ready
2025-01-29 18:42:44,676 INFO c.h.h.t.HelmChartContainer - [EVENT] Normal [Pulled] Container image "docker.io/hivemq/hivemq4:4.36.0" already present on machine [helmmetricsserviceit:test-hivemq-platform-0]
2025-01-29 18:42:44,676 INFO c.h.h.t.HelmChartContainer - Received Pulled event for container hivemq in pod test-hivemq-platform-0 [50d66a13-79ef-41e8-a125-b4b31f6557b6]
2025-01-29 18:42:44,684 INFO c.h.h.t.HelmChartContainer - [POD] test-hivemq-platform-0 [50d66a13-79ef-41e8-a125-b4b31f6557b6] in helmmetricsserviceit was MODIFIED
2025-01-29 18:42:44,698 INFO c.h.h.t.HelmChartContainer - [hivemq-test-hivemq-platform] [hivemq-platform-operator] [a545c016] 18:42:44.697 [pool-6-thread-42] DEBUG c.h.p.o.d.PlatformServiceResource - [helmmetr] Desired Platform services (2 services)
2025-01-29 18:42:44,701 INFO c.h.h.t.HelmChartContainer - [hivemq-test-hivemq-platform] [hivemq-platform-operator] [a545c016] 18:42:44.699 [pool-6-thread-47] DEBUG c.h.p.o.d.PodServiceAccountResource - [helmmetr] Desired PodServiceAccountResource (serviceAccountName: hivemq-platform-pod-test-hivemq-platform)
2025-01-29 18:42:44,702 INFO c.h.h.t.HelmChartContainer - [hivemq-test-hivemq-platform] [hivemq-platform-operator] [a545c016] 18:42:44.700 [pool-6-thread-43] DEBUG c.h.p.o.dependants.PodInfoConfigMap - [helmmetr] Desired PodInfo ConfigMap (1 extensions) (1 enabled)
2025-01-29 18:42:44,703 INFO c.h.h.t.HelmChartContainer - [hivemq-test-hivemq-platform] [hivemq-platform-operator] [a545c016] 18:42:44.702 [pool-6-thread-43] DEBUG c.h.p.o.dependants.PodInfoConfigMap - [helmmetr] Desired PodInfo ConfigMap (metrics port: 9499) (metrics path: /metrics)
2025-01-29 18:42:44,707 INFO c.h.h.t.HelmChartContainer - [hivemq-test-hivemq-platform] [hivemq-platform-operator] [a545c016] 18:42:44.704 [pool-6-thread-43] DEBUG c.h.p.o.dependants.PodInfoConfigMap - [helmmetr] Desired PodInfo ConfigMap (extension state hash: 1243513115)
2025-01-29 18:42:44,711 INFO c.h.h.t.HelmChartContainer - [hivemq-test-hivemq-platform] [hivemq-platform-operator] [a545c016] 18:42:44.710 [pool-6-thread-50] DEBUG c.h.p.o.d.StatefulSetResource - [helmmetr] Desired StatefulSet (1 replicas) for status STARTING (READY)
2025-01-29 18:42:44,767 INFO c.h.h.t.HelmChartContainer - [hivemq-test-hivemq-platform] [hivemq-platform-operator] [a545c016] 18:42:44.765 [ReconcilerExecutor-hivemq-controller-99] INFO  c.h.p.o.HiveMQPlatformReconciler - [helmmetr] Reconciling HiveMQ Platform 'test-hivemq-platform' in namespace 'helmmetricsserviceit'
2025-01-29 18:42:44,767 INFO c.h.h.t.HelmChartContainer - [hivemq-test-hivemq-platform] [hivemq-platform-operator] [a545c016] 18:42:44.765 [ReconcilerExecutor-hivemq-controller-99] DEBUG c.h.p.o.HiveMQPlatformReconciler - [helmmetr] Custom Resource Status STARTING - HiveMQ Platform is starting (READY)
2025-01-29 18:42:44,767 INFO c.h.h.t.HelmChartContainer - [hivemq-test-hivemq-platform] [hivemq-platform-operator] [a545c016] 18:42:44.765 [ReconcilerExecutor-hivemq-controller-99] DEBUG c.h.p.o.HiveMQPlatformReconciler - [helmmetr] Custom Resource Spec (replicas: 1) (extensions: 1)
2025-01-29 18:42:44,769 INFO c.h.h.t.HelmChartContainer - [hivemq-test-hivemq-platform] [hivemq-platform-operator] [a545c016] 18:42:44.768 [ReconcilerExecutor-hivemq-controller-99] DEBUG c.h.p.o.HiveMQPlatformReconciler - [helmmetr] StatefulSet Status (revision: test-hivemq-platform-84f6684d79, replicas: 1, available: 0, ready: 0, current: 1, updated: 1)
2025-01-29 18:42:44,770 INFO c.h.h.t.HelmChartContainer - [hivemq-test-hivemq-platform] [hivemq-platform-operator] [a545c016] 18:42:44.768 [ReconcilerExecutor-hivemq-controller-99] DEBUG c.h.p.o.HiveMQPlatformReconciler - [helmmetr] StatefulSet Spec (replicas: 1, init containers: 1, containers: 1, volumes: 3)
2025-01-29 18:42:44,773 INFO c.h.h.t.HelmChartContainer - [hivemq-test-hivemq-platform] [hivemq-platform-operator] [a545c016] 18:42:44.771 [ReconcilerExecutor-hivemq-controller-99] DEBUG c.h.p.o.h.HiveMQPlatformReconcilerErrorHandler - [helmmetr] Pod 'test-hivemq-platform-0' phase Pending
2025-01-29 18:42:44,774 INFO c.h.h.t.HelmChartContainer - [hivemq-test-hivemq-platform] [hivemq-platform-operator] [a545c016] 18:42:44.771 [ReconcilerExecutor-hivemq-controller-99] DEBUG c.h.p.o.h.HiveMQPlatformReconcilerErrorHandler - [helmmetr] Pod 'test-hivemq-platform-0' condition 'PodReadyToStartContainers': True
2025-01-29 18:42:44,774 INFO c.h.h.t.HelmChartContainer - [hivemq-test-hivemq-platform] [hivemq-platform-operator] [a545c016] 18:42:44.771 [ReconcilerExecutor-hivemq-controller-99] DEBUG c.h.p.o.h.HiveMQPlatformReconcilerErrorHandler - [helmmetr] Pod 'test-hivemq-platform-0' condition 'Initialized': True
2025-01-29 18:42:44,774 INFO c.h.h.t.HelmChartContainer - [hivemq-test-hivemq-platform] [hivemq-platform-operator] [a545c016] 18:42:44.771 [ReconcilerExecutor-hivemq-controller-99] DEBUG c.h.p.o.h.HiveMQPlatformReconcilerErrorHandler - [helmmetr] Pod 'test-hivemq-platform-0' condition 'Ready': False
2025-01-29 18:42:44,774 INFO c.h.h.t.HelmChartContainer - [hivemq-test-hivemq-platform] [hivemq-platform-operator] [a545c016] 18:42:44.771 [ReconcilerExecutor-hivemq-controller-99] DEBUG c.h.p.o.h.HiveMQPlatformReconcilerErrorHandler - [helmmetr] Pod 'test-hivemq-platform-0' condition 'ContainersReady': False
2025-01-29 18:42:44,774 INFO c.h.h.t.HelmChartContainer - [hivemq-test-hivemq-platform] [hivemq-platform-operator] [a545c016] 18:42:44.771 [ReconcilerExecutor-hivemq-controller-99] DEBUG c.h.p.o.h.HiveMQPlatformReconcilerErrorHandler - [helmmetr] Pod 'test-hivemq-platform-0' condition 'PodScheduled': True
2025-01-29 18:42:44,774 INFO c.h.h.t.HelmChartContainer - [hivemq-test-hivemq-platform] [hivemq-platform-operator] [a545c016] 18:42:44.772 [ReconcilerExecutor-hivemq-controller-99] DEBUG c.h.p.o.h.HiveMQPlatformReconcilerErrorHandler - [helmmetr] Pod 'test-hivemq-platform-0' containerStatus 'hivemq' (started: false) (ready: false) (waiting: [PodInitializing] null)
2025-01-29 18:42:44,774 INFO c.h.h.t.HelmChartContainer - [hivemq-test-hivemq-platform] [hivemq-platform-operator] [a545c016] 18:42:44.773 [ReconcilerExecutor-hivemq-controller-99] INFO  c.h.p.o.h.HiveMQPlatformReconcilerBaseHandler - [helmmetr] HiveMQ Platform is starting, 0 of 1 replicas are ready
2025-01-29 18:42:45,743 INFO c.h.h.t.HelmChartContainer - [EVENT] Normal [Created] Created container: hivemq [helmmetricsserviceit:test-hivemq-platform-0]
2025-01-29 18:42:45,743 INFO c.h.h.t.HelmChartContainer - Received Created event for container hivemq in pod test-hivemq-platform-0 [50d66a13-79ef-41e8-a125-b4b31f6557b6]
2025-01-29 18:42:46,689 INFO c.h.h.t.HelmChartContainer - [POD] test-hivemq-platform-0 [50d66a13-79ef-41e8-a125-b4b31f6557b6] in helmmetricsserviceit was MODIFIED
2025-01-29 18:42:46,698 INFO c.h.h.t.HelmChartContainer - [hivemq-test-hivemq-platform] [hivemq-platform-operator] [a545c016] 18:42:46.697 [pool-6-thread-8] DEBUG c.h.p.o.d.PlatformServiceResource - [helmmetr] Desired Platform services (2 services)
2025-01-29 18:42:46,700 INFO c.h.h.t.HelmChartContainer - Started log watcher for hivemq in pod test-hivemq-platform-0 [50d66a13-79ef-41e8-a125-b4b31f6557b6]
2025-01-29 18:42:46,701 INFO c.h.h.t.HelmChartContainer - [EVENT] Normal [Started] Started container hivemq [helmmetricsserviceit:test-hivemq-platform-0]
2025-01-29 18:42:46,701 INFO c.h.h.t.HelmChartContainer - Received Started event for container hivemq in pod test-hivemq-platform-0 [50d66a13-79ef-41e8-a125-b4b31f6557b6]
2025-01-29 18:42:46,701 INFO c.h.h.t.HelmChartContainer - [test-hivemq-platform] [hivemq] [50d66a13] Adding pre-installed HiveMQ Platform Operator extensions
2025-01-29 18:42:46,701 INFO c.h.h.t.HelmChartContainer - [test-hivemq-platform] [hivemq] [50d66a13] Running as user 10000
2025-01-29 18:42:46,701 INFO c.h.h.t.HelmChartContainer - [test-hivemq-platform] [hivemq] [50d66a13] Starting HiveMQ Platform Operator Init
2025-01-29 18:42:46,702 INFO c.h.h.t.HelmChartContainer - [hivemq-test-hivemq-platform] [hivemq-platform-operator] [a545c016] 18:42:46.699 [pool-6-thread-9] DEBUG c.h.p.o.dependants.PodInfoConfigMap - [helmmetr] Desired PodInfo ConfigMap (1 extensions) (1 enabled)
2025-01-29 18:42:46,708 INFO c.h.h.t.HelmChartContainer - [hivemq-test-hivemq-platform] [hivemq-platform-operator] [a545c016] 18:42:46.704 [pool-6-thread-6] DEBUG c.h.p.o.d.PodServiceAccountResource - [helmmetr] Desired PodServiceAccountResource (serviceAccountName: hivemq-platform-pod-test-hivemq-platform)
2025-01-29 18:42:46,710 INFO c.h.h.t.HelmChartContainer - [hivemq-test-hivemq-platform] [hivemq-platform-operator] [a545c016] 18:42:46.706 [pool-6-thread-9] DEBUG c.h.p.o.dependants.PodInfoConfigMap - [helmmetr] Desired PodInfo ConfigMap (metrics port: 9499) (metrics path: /metrics)
2025-01-29 18:42:46,710 INFO c.h.h.t.HelmChartContainer - [hivemq-test-hivemq-platform] [hivemq-platform-operator] [a545c016] 18:42:46.707 [pool-6-thread-9] DEBUG c.h.p.o.dependants.PodInfoConfigMap - [helmmetr] Desired PodInfo ConfigMap (extension state hash: 1243513115)
2025-01-29 18:42:46,768 INFO c.h.h.t.HelmChartContainer - [hivemq-test-hivemq-platform] [hivemq-platform-operator] [a545c016] 18:42:46.763 [pool-6-thread-4] DEBUG c.h.p.o.d.StatefulSetResource - [helmmetr] Desired StatefulSet (1 replicas) for status STARTING (READY)
2025-01-29 18:42:46,769 INFO c.h.h.t.HelmChartContainer - [hivemq-test-hivemq-platform] [hivemq-platform-operator] [a545c016] 18:42:46.769 [ReconcilerExecutor-hivemq-controller-110] INFO  c.h.p.o.HiveMQPlatformReconciler - [helmmetr] Reconciling HiveMQ Platform 'test-hivemq-platform' in namespace 'helmmetricsserviceit'
2025-01-29 18:42:46,771 INFO c.h.h.t.HelmChartContainer - [hivemq-test-hivemq-platform] [hivemq-platform-operator] [a545c016] 18:42:46.769 [ReconcilerExecutor-hivemq-controller-110] DEBUG c.h.p.o.HiveMQPlatformReconciler - [helmmetr] Custom Resource Status STARTING - HiveMQ Platform is starting (READY)
2025-01-29 18:42:46,771 INFO c.h.h.t.HelmChartContainer - [hivemq-test-hivemq-platform] [hivemq-platform-operator] [a545c016] 18:42:46.769 [ReconcilerExecutor-hivemq-controller-110] DEBUG c.h.p.o.HiveMQPlatformReconciler - [helmmetr] Custom Resource Spec (replicas: 1) (extensions: 1)
2025-01-29 18:42:46,774 INFO c.h.h.t.HelmChartContainer - [hivemq-test-hivemq-platform] [hivemq-platform-operator] [a545c016] 18:42:46.773 [ReconcilerExecutor-hivemq-controller-110] DEBUG c.h.p.o.HiveMQPlatformReconciler - [helmmetr] StatefulSet Status (revision: test-hivemq-platform-84f6684d79, replicas: 1, available: 0, ready: 0, current: 1, updated: 1)
2025-01-29 18:42:46,775 INFO c.h.h.t.HelmChartContainer - [hivemq-test-hivemq-platform] [hivemq-platform-operator] [a545c016] 18:42:46.774 [ReconcilerExecutor-hivemq-controller-110] DEBUG c.h.p.o.HiveMQPlatformReconciler - [helmmetr] StatefulSet Spec (replicas: 1, init containers: 1, containers: 1, volumes: 3)
2025-01-29 18:42:46,777 INFO c.h.h.t.HelmChartContainer - [hivemq-test-hivemq-platform] [hivemq-platform-operator] [a545c016] 18:42:46.776 [ReconcilerExecutor-hivemq-controller-110] DEBUG c.h.p.o.h.HiveMQPlatformReconcilerErrorHandler - [helmmetr] Pod 'test-hivemq-platform-0' phase Running
2025-01-29 18:42:46,779 INFO c.h.h.t.HelmChartContainer - [hivemq-test-hivemq-platform] [hivemq-platform-operator] [a545c016] 18:42:46.778 [ReconcilerExecutor-hivemq-controller-110] INFO  c.h.p.o.h.HiveMQPlatformReconcilerBaseHandler - [helmmetr] HiveMQ Platform is starting, 0 of 1 replicas are ready
2025-01-29 18:42:46,978 INFO c.h.h.t.HelmChartContainer - [test-hivemq-platform] [hivemq] [50d66a13] INFO  - [HiveMQ Platform Operator Init 1.7.0-SNAPSHOT] HiveMQ Platform Operator Init 1.7.0-SNAPSHOT (commit: b1b9591 on branch: HEAD) built on Wed Jan 29 18:32:18 UTC 2025
2025-01-29 18:42:48,107 INFO c.h.h.t.HelmChartContainer - [test-hivemq-platform] [hivemq] [50d66a13] INFO  - [HiveMQ Platform Operator Init App 1.7.0-SNAPSHOT] Using bind address 10.42.0.18 from environment variable
2025-01-29 18:42:49,087 INFO c.h.h.t.HelmChartContainer - [test-hivemq-platform] [hivemq] [50d66a13] INFO  - [HiveMQ Platform Operator Init App 1.7.0-SNAPSHOT] HiveMQ Platform Operator Init App 1.7.0-SNAPSHOT (commit: b1b9591 on branch: HEAD) built on Wed Jan 29 18:32:18 UTC 2025
2025-01-29 18:42:49,087 INFO c.h.h.t.HelmChartContainer - [test-hivemq-platform] [hivemq] [50d66a13] INFO  - [HiveMQ Platform Operator Init App 1.7.0-SNAPSHOT] PodInfo ConfigMap directory: /etc/podinfo
2025-01-29 18:42:49,087 INFO c.h.h.t.HelmChartContainer - [test-hivemq-platform] [hivemq] [50d66a13] INFO  - [HiveMQ Platform Operator Init App 1.7.0-SNAPSHOT] HiveMQ home directory: /opt/hivemq
2025-01-29 18:42:49,087 INFO c.h.h.t.HelmChartContainer - [test-hivemq-platform] [hivemq] [50d66a13] INFO  - [HiveMQ Platform Operator Init App 1.7.0-SNAPSHOT] HiveMQ Logback folder: /opt/hivemq/conf
2025-01-29 18:42:49,087 INFO c.h.h.t.HelmChartContainer - [test-hivemq-platform] [hivemq] [50d66a13] INFO  - [HiveMQ Platform Operator Init App 1.7.0-SNAPSHOT] HiveMQ Config folder: /opt/hivemq/conf-k8s
2025-01-29 18:42:49,088 INFO c.h.h.t.HelmChartContainer - [test-hivemq-platform] [hivemq] [50d66a13] INFO  - [HiveMQ Platform Operator Init App 1.7.0-SNAPSHOT] Starting HiveMQ Platform Operator Init App
2025-01-29 18:42:49,088 INFO c.h.h.t.HelmChartContainer - [test-hivemq-platform] [hivemq] [50d66a13] INFO  - [HiveMQ Platform Operator Init App 1.7.0-SNAPSHOT] Starting Pod reconciler
2025-01-29 18:42:50,382 INFO c.h.h.t.HelmChartContainer - [test-hivemq-platform] [hivemq] [50d66a13] INFO  - [HiveMQ Platform Operator Init App 1.7.0-SNAPSHOT] Pod reconciler is scheduled (interval: 5000 ms)
2025-01-29 18:42:50,383 INFO c.h.h.t.HelmChartContainer - [test-hivemq-platform] [hivemq] [50d66a13] INFO  - [HiveMQ Platform Operator Init App 1.7.0-SNAPSHOT] Starting the REST API on 10.42.0.18:7979
2025-01-29 18:42:50,386 INFO c.h.h.t.HelmChartContainer - [test-hivemq-platform] [hivemq] [50d66a13] INFO  - [HiveMQ Platform Operator Init App 1.7.0-SNAPSHOT] Waiting up to 600s for at most 1 HiveMQ nodes in cluster service hivemq-test-hivemq-platform-cluster.helmmetricsserviceit.svc
2025-01-29 18:42:50,766 INFO c.h.h.t.HelmChartContainer - [test-hivemq-platform] [hivemq] [50d66a13] INFO  - [HiveMQ Platform Operator Init App 1.7.0-SNAPSHOT] Resolved 1 IP addresses: [10.42.0.18]
2025-01-29 18:42:50,766 INFO c.h.h.t.HelmChartContainer - [test-hivemq-platform] [hivemq] [50d66a13] INFO  - [HiveMQ Platform Operator Init App 1.7.0-SNAPSHOT] HiveMQ node count of 1 is within threshold of 1
2025-01-29 18:42:50,766 INFO c.h.h.t.HelmChartContainer - [test-hivemq-platform] [hivemq] [50d66a13] INFO  - [HiveMQ Platform Operator Init App 1.7.0-SNAPSHOT] Proceeding with container start
2025-01-29 18:42:50,789 INFO c.h.h.t.HelmChartContainer - [test-hivemq-platform] [hivemq] [50d66a13] INFO  - [HiveMQ Platform Operator Init App 1.7.0-SNAPSHOT] Initializing HiveMQ Platform extensions with initial configuration: {hivemq-allow-all-extension={start-priority=-1, skip-https-hostname-verification=false, restart=true, config-version=0, header-version=0, c-uri=, priority=-1, uri=preinstalled, skip-https-certificate-validation=false, enabled=true}, hivemq-prometheus-extension={priority=-1, restart=true, enabled=true, request-header-path=no-request-headers, uri=preinstalled, skip-https-certificate-validation=false, skip-https-hostname-verification=false, c-uri=, start-priority=-1}}
2025-01-29 18:42:51,277 INFO c.h.h.t.HelmChartContainer - [test-hivemq-platform] [hivemq] [50d66a13] INFO  - [HiveMQ Platform Operator Init App 1.7.0-SNAPSHOT] Extension hivemq-allow-all-extension was already enabled
2025-01-29 18:42:51,364 INFO c.h.h.t.HelmChartContainer - [test-hivemq-platform] [hivemq] [50d66a13] INFO  - [HiveMQ Platform Operator Init App 1.7.0-SNAPSHOT] Successfully enabled extension hivemq-prometheus-extension
2025-01-29 18:42:51,366 INFO c.h.h.t.HelmChartContainer - [test-hivemq-platform] [hivemq] [50d66a13] INFO  - [HiveMQ Platform Operator Init App 1.7.0-SNAPSHOT] Starting HiveMQ Platform version 4.36.0 (4.36.0)
2025-01-29 18:42:51,366 INFO c.h.h.t.HelmChartContainer - [test-hivemq-platform] [hivemq] [50d66a13] INFO  - [HiveMQ Platform Operator Init App 1.7.0-SNAPSHOT] Configuring the HiveMQ Platform
2025-01-29 18:42:51,377 INFO c.h.h.t.HelmChartContainer - [test-hivemq-platform] [hivemq] [50d66a13] INFO  - [HiveMQ Platform Operator Init App 1.7.0-SNAPSHOT] Changed logback.xml file scan period to 20 seconds
2025-01-29 18:42:51,475 INFO c.h.h.t.HelmChartContainer - [test-hivemq-platform] [hivemq] [50d66a13] INFO  - [HiveMQ Platform Operator Init App 1.7.0-SNAPSHOT] Starting the HiveMQ Platform
2025-01-29 18:42:51,477 INFO c.h.h.t.HelmChartContainer - [test-hivemq-platform] [hivemq] [50d66a13] -------------------------------------------------------------------------
2025-01-29 18:42:51,477 INFO c.h.h.t.HelmChartContainer - [test-hivemq-platform] [hivemq] [50d66a13] 
2025-01-29 18:42:51,477 INFO c.h.h.t.HelmChartContainer - [test-hivemq-platform] [hivemq] [50d66a13]                   _    _  _              __  __   ____
2025-01-29 18:42:51,478 INFO c.h.h.t.HelmChartContainer - [test-hivemq-platform] [hivemq] [50d66a13]                  | |  | |(_)            |  \/  | / __ \
2025-01-29 18:42:51,478 INFO c.h.h.t.HelmChartContainer - [test-hivemq-platform] [hivemq] [50d66a13]                  | |__| | _ __   __ ___ | \  / || |  | |
2025-01-29 18:42:51,478 INFO c.h.h.t.HelmChartContainer - [test-hivemq-platform] [hivemq] [50d66a13]                  |  __  || |\ \ / // _ \| |\/| || |  | |
2025-01-29 18:42:51,478 INFO c.h.h.t.HelmChartContainer - [test-hivemq-platform] [hivemq] [50d66a13]                  | |  | || | \ V /|  __/| |  | || |__| |
2025-01-29 18:42:51,478 INFO c.h.h.t.HelmChartContainer - [test-hivemq-platform] [hivemq] [50d66a13]                  |_|  |_||_|  \_/  \___||_|  |_| \___\_\
2025-01-29 18:42:51,479 INFO c.h.h.t.HelmChartContainer - [test-hivemq-platform] [hivemq] [50d66a13] 
2025-01-29 18:42:51,479 INFO c.h.h.t.HelmChartContainer - [test-hivemq-platform] [hivemq] [50d66a13] -------------------------------------------------------------------------
2025-01-29 18:42:51,479 INFO c.h.h.t.HelmChartContainer - [test-hivemq-platform] [hivemq] [50d66a13] 
2025-01-29 18:42:51,479 INFO c.h.h.t.HelmChartContainer - [test-hivemq-platform] [hivemq] [50d66a13]   HiveMQ Start Script for Linux/Unix v1.14
2025-01-29 18:42:51,479 INFO c.h.h.t.HelmChartContainer - [test-hivemq-platform] [hivemq] [50d66a13] 
2025-01-29 18:42:51,581 INFO c.h.h.t.HelmChartContainer - [test-hivemq-platform] [hivemq] [50d66a13] -------------------------------------------------------------------------
2025-01-29 18:42:51,581 INFO c.h.h.t.HelmChartContainer - [test-hivemq-platform] [hivemq] [50d66a13] 
2025-01-29 18:42:51,581 INFO c.h.h.t.HelmChartContainer - [test-hivemq-platform] [hivemq] [50d66a13]   HIVEMQ_HOME: /opt/hivemq
2025-01-29 18:42:51,581 INFO c.h.h.t.HelmChartContainer - [test-hivemq-platform] [hivemq] [50d66a13] 
2025-01-29 18:42:51,581 INFO c.h.h.t.HelmChartContainer - [test-hivemq-platform] [hivemq] [50d66a13]   JAVA_OPTS: -XX:+UnlockExperimentalVMOptions -XX:InitialRAMPercentage=50 -XX:MaxRAMPercentage=50 -Djava.net.preferIPv4Stack=true --add-opens java.base/java.lang=ALL-UNNAMED --add-opens java.base/java.nio=ALL-UNNAMED --add-opens java.base/sun.nio.ch=ALL-UNNAMED --add-opens jdk.management/com.sun.management.internal=ALL-UNNAMED --add-exports java.base/jdk.internal.misc=ALL-UNNAMED -Djava.security.egd=file:/dev/./urandom -Dcom.sun.management.jmxremote -Dcom.sun.management.jmxremote.port=9010 -Dcom.sun.management.jmxremote.local.only=false -Dcom.sun.management.jmxremote.authenticate=false -Dcom.sun.management.jmxremote.ssl=false -Duser.language=en -Duser.region=US -XX:+CrashOnOutOfMemoryError -XX:+HeapDumpOnOutOfMemoryError
2025-01-29 18:42:51,581 INFO c.h.h.t.HelmChartContainer - [test-hivemq-platform] [hivemq] [50d66a13] 
2025-01-29 18:42:51,581 INFO c.h.h.t.HelmChartContainer - [test-hivemq-platform] [hivemq] [50d66a13]   JAVA_VERSION: 21
2025-01-29 18:42:51,581 INFO c.h.h.t.HelmChartContainer - [test-hivemq-platform] [hivemq] [50d66a13] 
2025-01-29 18:42:51,581 INFO c.h.h.t.HelmChartContainer - [test-hivemq-platform] [hivemq] [50d66a13] -------------------------------------------------------------------------
2025-01-29 18:42:51,581 INFO c.h.h.t.HelmChartContainer - [test-hivemq-platform] [hivemq] [50d66a13] 
2025-01-29 18:42:52,768 INFO c.h.h.t.HelmChartContainer - [test-hivemq-platform] [hivemq] [50d66a13] INFO  - [HiveMQ Platform Operator Init App 1.7.0-SNAPSHOT] Returning default Health API response 503 for readiness
2025-01-29 18:42:53,073 INFO c.h.h.t.HelmChartContainer - [EVENT] Warning [Unhealthy] Readiness probe failed: HTTP probe failed with statuscode: 503 [helmmetricsserviceit:test-hivemq-platform-0]
2025-01-29 18:42:53,074 INFO c.h.h.t.HelmChartContainer - Received Unhealthy event for container hivemq in pod test-hivemq-platform-0 [50d66a13-79ef-41e8-a125-b4b31f6557b6]
2025-01-29 18:42:54,269 INFO c.h.h.t.HelmChartContainer - [test-hivemq-platform] [hivemq] [50d66a13] INFO  - Starting HiveMQ Enterprise Server
2025-01-29 18:42:54,274 INFO c.h.h.t.HelmChartContainer - [test-hivemq-platform] [hivemq] [50d66a13] INFO  - HiveMQ version: 4.36.0
2025-01-29 18:42:54,274 INFO c.h.h.t.HelmChartContainer - [test-hivemq-platform] [hivemq] [50d66a13] INFO  - HiveMQ home directory: /opt/hivemq
2025-01-29 18:42:54,275 INFO c.h.h.t.HelmChartContainer - [test-hivemq-platform] [hivemq] [50d66a13] INFO  - Log Configuration was overridden by /opt/hivemq/conf/logback.xml
2025-01-29 18:42:55,567 INFO c.h.h.t.HelmChartContainer - [test-hivemq-platform] [hivemq] [50d66a13] INFO  - Successfully loaded configuration from '/opt/hivemq/conf-k8s/config.xml'.
2025-01-29 18:42:56,375 INFO c.h.h.t.HelmChartContainer - [test-hivemq-platform] [hivemq] [50d66a13] INFO  - This node's ID is LeIHI
2025-01-29 18:42:56,467 INFO c.h.h.t.HelmChartContainer - [test-hivemq-platform] [hivemq] [50d66a13] INFO  - Clustering is enabled
2025-01-29 18:42:56,785 INFO c.h.h.t.HelmChartContainer - [hivemq-test-hivemq-platform] [hivemq-platform-operator] [a545c016] 18:42:56.782 [pool-6-thread-16] DEBUG c.h.p.o.d.PlatformServiceResource - [helmmetr] Desired Platform services (2 services)
2025-01-29 18:42:56,785 INFO c.h.h.t.HelmChartContainer - [hivemq-test-hivemq-platform] [hivemq-platform-operator] [a545c016] 18:42:56.783 [pool-6-thread-11] DEBUG c.h.p.o.dependants.PodInfoConfigMap - [helmmetr] Desired PodInfo ConfigMap (1 extensions) (1 enabled)
2025-01-29 18:42:56,785 INFO c.h.h.t.HelmChartContainer - [hivemq-test-hivemq-platform] [hivemq-platform-operator] [a545c016] 18:42:56.783 [pool-6-thread-11] DEBUG c.h.p.o.dependants.PodInfoConfigMap - [helmmetr] Desired PodInfo ConfigMap (metrics port: 9499) (metrics path: /metrics)
2025-01-29 18:42:56,785 INFO c.h.h.t.HelmChartContainer - [hivemq-test-hivemq-platform] [hivemq-platform-operator] [a545c016] 18:42:56.783 [pool-6-thread-11] DEBUG c.h.p.o.dependants.PodInfoConfigMap - [helmmetr] Desired PodInfo ConfigMap (extension state hash: 1243513115)
2025-01-29 18:42:56,785 INFO c.h.h.t.HelmChartContainer - [hivemq-test-hivemq-platform] [hivemq-platform-operator] [a545c016] 18:42:56.783 [pool-6-thread-18] DEBUG c.h.p.o.d.PodServiceAccountResource - [helmmetr] Desired PodServiceAccountResource (serviceAccountName: hivemq-platform-pod-test-hivemq-platform)
2025-01-29 18:42:56,791 INFO c.h.h.t.HelmChartContainer - [hivemq-test-hivemq-platform] [hivemq-platform-operator] [a545c016] 18:42:56.790 [pool-6-thread-13] DEBUG c.h.p.o.d.StatefulSetResource - [helmmetr] Desired StatefulSet (1 replicas) for status STARTING (READY)
2025-01-29 18:42:56,795 INFO c.h.h.t.HelmChartContainer - [hivemq-test-hivemq-platform] [hivemq-platform-operator] [a545c016] 18:42:56.794 [ReconcilerExecutor-hivemq-controller-111] INFO  c.h.p.o.HiveMQPlatformReconciler - [helmmetr] Reconciling HiveMQ Platform 'test-hivemq-platform' in namespace 'helmmetricsserviceit'
2025-01-29 18:42:56,795 INFO c.h.h.t.HelmChartContainer - [hivemq-test-hivemq-platform] [hivemq-platform-operator] [a545c016] 18:42:56.794 [ReconcilerExecutor-hivemq-controller-111] DEBUG c.h.p.o.HiveMQPlatformReconciler - [helmmetr] Custom Resource Status STARTING - HiveMQ Platform is starting (READY)
2025-01-29 18:42:56,795 INFO c.h.h.t.HelmChartContainer - [hivemq-test-hivemq-platform] [hivemq-platform-operator] [a545c016] 18:42:56.795 [ReconcilerExecutor-hivemq-controller-111] DEBUG c.h.p.o.HiveMQPlatformReconciler - [helmmetr] Custom Resource Spec (replicas: 1) (extensions: 1)
2025-01-29 18:42:56,865 INFO c.h.h.t.HelmChartContainer - [hivemq-test-hivemq-platform] [hivemq-platform-operator] [a545c016] 18:42:56.862 [ReconcilerExecutor-hivemq-controller-111] DEBUG c.h.p.o.HiveMQPlatformReconciler - [helmmetr] StatefulSet Status (revision: test-hivemq-platform-84f6684d79, replicas: 1, available: 0, ready: 0, current: 1, updated: 1)
2025-01-29 18:42:56,866 INFO c.h.h.t.HelmChartContainer - [hivemq-test-hivemq-platform] [hivemq-platform-operator] [a545c016] 18:42:56.862 [ReconcilerExecutor-hivemq-controller-111] DEBUG c.h.p.o.HiveMQPlatformReconciler - [helmmetr] StatefulSet Spec (replicas: 1, init containers: 1, containers: 1, volumes: 3)
2025-01-29 18:42:56,869 INFO c.h.h.t.HelmChartContainer - [hivemq-test-hivemq-platform] [hivemq-platform-operator] [a545c016] 18:42:56.868 [ReconcilerExecutor-hivemq-controller-111] DEBUG c.h.p.o.h.HiveMQPlatformReconcilerErrorHandler - [helmmetr] Pod 'test-hivemq-platform-0' phase Running
2025-01-29 18:42:56,870 INFO c.h.h.t.HelmChartContainer - [hivemq-test-hivemq-platform] [hivemq-platform-operator] [a545c016] 18:42:56.869 [ReconcilerExecutor-hivemq-controller-111] INFO  c.h.p.o.h.HiveMQPlatformReconcilerBaseHandler - [helmmetr] HiveMQ Platform is starting, 0 of 1 replicas are ready
2025-01-29 18:42:58,171 INFO c.h.h.t.HelmChartContainer - [test-hivemq-platform] [hivemq] [50d66a13] WARN  - [HiveMQ Platform Operator Init App 1.7.0-SNAPSHOT] Cannot connect to Health API for readiness: null
2025-01-29 18:42:58,176 INFO c.h.h.t.HelmChartContainer - [EVENT] Warning [Unhealthy] Readiness probe failed: HTTP probe failed with statuscode: 503 [helmmetricsserviceit:test-hivemq-platform-0]
2025-01-29 18:42:58,176 INFO c.h.h.t.HelmChartContainer - Received Unhealthy event for container hivemq in pod test-hivemq-platform-0 [50d66a13-79ef-41e8-a125-b4b31f6557b6]
2025-01-29 18:43:00,669 INFO c.h.h.t.HelmChartContainer - [test-hivemq-platform] [hivemq] [50d66a13] Jan 29, 2025 6:43:00 PM io.vertx.core.impl.BlockedThreadChecker
2025-01-29 18:43:00,669 INFO c.h.h.t.HelmChartContainer - [test-hivemq-platform] [hivemq] [50d66a13] WARNING: Thread Thread[vert.x-eventloop-thread-1,5,main] has been blocked for 2206 ms, time limit is 2000 ms
2025-01-29 18:43:01,174 INFO c.h.h.t.HelmChartContainer - [test-hivemq-platform] [hivemq] [50d66a13] INFO  - [HiveMQ Platform Operator Init App 1.7.0-SNAPSHOT] Updating Pod HiveMQ Platform Operator Init App version annotation (version: 1.7.0-SNAPSHOT)
2025-01-29 18:43:01,977 INFO c.h.h.t.HelmChartContainer - [POD] test-hivemq-platform-0 [50d66a13-79ef-41e8-a125-b4b31f6557b6] in helmmetricsserviceit was MODIFIED
2025-01-29 18:43:01,989 INFO c.h.h.t.HelmChartContainer - [hivemq-test-hivemq-platform] [hivemq-platform-operator] [a545c016] 18:43:01.988 [pool-6-thread-27] DEBUG c.h.p.o.d.PlatformServiceResource - [helmmetr] Desired Platform services (2 services)
2025-01-29 18:43:01,994 INFO c.h.h.t.HelmChartContainer - [hivemq-test-hivemq-platform] [hivemq-platform-operator] [a545c016] 18:43:01.990 [pool-6-thread-25] DEBUG c.h.p.o.dependants.PodInfoConfigMap - [helmmetr] Desired PodInfo ConfigMap (1 extensions) (1 enabled)
2025-01-29 18:43:01,994 INFO c.h.h.t.HelmChartContainer - [hivemq-test-hivemq-platform] [hivemq-platform-operator] [a545c016] 18:43:01.991 [pool-6-thread-25] DEBUG c.h.p.o.dependants.PodInfoConfigMap - [helmmetr] Desired PodInfo ConfigMap (metrics port: 9499) (metrics path: /metrics)
2025-01-29 18:43:01,994 INFO c.h.h.t.HelmChartContainer - [hivemq-test-hivemq-platform] [hivemq-platform-operator] [a545c016] 18:43:01.991 [pool-6-thread-25] DEBUG c.h.p.o.dependants.PodInfoConfigMap - [helmmetr] Desired PodInfo ConfigMap (extension state hash: 1243513115)
2025-01-29 18:43:01,994 INFO c.h.h.t.HelmChartContainer - [hivemq-test-hivemq-platform] [hivemq-platform-operator] [a545c016] 18:43:01.993 [pool-6-thread-27] DEBUG c.h.p.o.d.PodServiceAccountResource - [helmmetr] Desired PodServiceAccountResource (serviceAccountName: hivemq-platform-pod-test-hivemq-platform)
2025-01-29 18:43:01,998 INFO c.h.h.t.HelmChartContainer - [hivemq-test-hivemq-platform] [hivemq-platform-operator] [a545c016] 18:43:01.997 [pool-6-thread-24] DEBUG c.h.p.o.d.StatefulSetResource - [helmmetr] Desired StatefulSet (1 replicas) for status STARTING (READY)
2025-01-29 18:43:02,064 INFO c.h.h.t.HelmChartContainer - [hivemq-test-hivemq-platform] [hivemq-platform-operator] [a545c016] 18:43:02.062 [ReconcilerExecutor-hivemq-controller-112] INFO  c.h.p.o.HiveMQPlatformReconciler - [helmmetr] Reconciling HiveMQ Platform 'test-hivemq-platform' in namespace 'helmmetricsserviceit'
2025-01-29 18:43:02,064 INFO c.h.h.t.HelmChartContainer - [hivemq-test-hivemq-platform] [hivemq-platform-operator] [a545c016] 18:43:02.062 [ReconcilerExecutor-hivemq-controller-112] DEBUG c.h.p.o.HiveMQPlatformReconciler - [helmmetr] Custom Resource Status STARTING - HiveMQ Platform is starting (READY)
2025-01-29 18:43:02,064 INFO c.h.h.t.HelmChartContainer - [hivemq-test-hivemq-platform] [hivemq-platform-operator] [a545c016] 18:43:02.062 [ReconcilerExecutor-hivemq-controller-112] DEBUG c.h.p.o.HiveMQPlatformReconciler - [helmmetr] Custom Resource Spec (replicas: 1) (extensions: 1)
2025-01-29 18:43:02,065 INFO c.h.h.t.HelmChartContainer - [hivemq-test-hivemq-platform] [hivemq-platform-operator] [a545c016] 18:43:02.064 [ReconcilerExecutor-hivemq-controller-112] DEBUG c.h.p.o.HiveMQPlatformReconciler - [helmmetr] StatefulSet Status (revision: test-hivemq-platform-84f6684d79, replicas: 1, available: 0, ready: 0, current: 1, updated: 1)
2025-01-29 18:43:02,066 INFO c.h.h.t.HelmChartContainer - [hivemq-test-hivemq-platform] [hivemq-platform-operator] [a545c016] 18:43:02.065 [ReconcilerExecutor-hivemq-controller-112] DEBUG c.h.p.o.HiveMQPlatformReconciler - [helmmetr] StatefulSet Spec (replicas: 1, init containers: 1, containers: 1, volumes: 3)
2025-01-29 18:43:02,067 INFO c.h.h.t.HelmChartContainer - [hivemq-test-hivemq-platform] [hivemq-platform-operator] [a545c016] 18:43:02.066 [ReconcilerExecutor-hivemq-controller-112] DEBUG c.h.p.o.h.HiveMQPlatformReconcilerErrorHandler - [helmmetr] Pod 'test-hivemq-platform-0' phase Running
2025-01-29 18:43:02,069 INFO c.h.h.t.HelmChartContainer - [hivemq-test-hivemq-platform] [hivemq-platform-operator] [a545c016] 18:43:02.068 [ReconcilerExecutor-hivemq-controller-112] INFO  c.h.p.o.h.HiveMQPlatformReconcilerBaseHandler - [helmmetr] HiveMQ Platform is starting, 0 of 1 replicas are ready
2025-01-29 18:43:02,070 INFO c.h.h.t.HelmChartContainer - [test-hivemq-platform] [hivemq] [50d66a13] INFO  - [HiveMQ Platform Operator Init App 1.7.0-SNAPSHOT] Successfully updated Pod HiveMQ Platform Operator Init App version annotation (version: 1.7.0-SNAPSHOT)
2025-01-29 18:43:02,071 INFO c.h.h.t.HelmChartContainer - [test-hivemq-platform] [hivemq] [50d66a13] WARN  - [HiveMQ Platform Operator Init App 1.7.0-SNAPSHOT] Cannot connect to Health API for readiness: null
2025-01-29 18:43:02,080 INFO c.h.h.t.HelmChartContainer - [EVENT] Warning [Unhealthy] Readiness probe failed: HTTP probe failed with statuscode: 503 [helmmetricsserviceit:test-hivemq-platform-0]
2025-01-29 18:43:02,080 INFO c.h.h.t.HelmChartContainer - Received Unhealthy event for container hivemq in pod test-hivemq-platform-0 [50d66a13-79ef-41e8-a125-b4b31f6557b6]
2025-01-29 18:43:06,982 INFO c.h.h.t.HelmChartContainer - [test-hivemq-platform] [hivemq] [50d66a13] WARN  - [HiveMQ Platform Operator Init App 1.7.0-SNAPSHOT] Cannot connect to Health API for readiness: null
2025-01-29 18:43:06,988 INFO c.h.h.t.HelmChartContainer - [EVENT] Warning [Unhealthy] Readiness probe failed: HTTP probe failed with statuscode: 503 [helmmetricsserviceit:test-hivemq-platform-0]
2025-01-29 18:43:06,988 INFO c.h.h.t.HelmChartContainer - Received Unhealthy event for container hivemq in pod test-hivemq-platform-0 [50d66a13-79ef-41e8-a125-b4b31f6557b6]
2025-01-29 18:43:11,982 INFO c.h.h.t.HelmChartContainer - [test-hivemq-platform] [hivemq] [50d66a13] WARN  - [HiveMQ Platform Operator Init App 1.7.0-SNAPSHOT] Cannot connect to Health API for readiness: null
2025-01-29 18:43:11,987 INFO c.h.h.t.HelmChartContainer - [EVENT] Warning [Unhealthy] Readiness probe failed: HTTP probe failed with statuscode: 503 [helmmetricsserviceit:test-hivemq-platform-0]
2025-01-29 18:43:11,987 INFO c.h.h.t.HelmChartContainer - Received Unhealthy event for container hivemq in pod test-hivemq-platform-0 [50d66a13-79ef-41e8-a125-b4b31f6557b6]
2025-01-29 18:43:12,081 INFO c.h.h.t.HelmChartContainer - [hivemq-test-hivemq-platform] [hivemq-platform-operator] [a545c016] 18:43:12.076 [pool-6-thread-33] DEBUG c.h.p.o.d.PlatformServiceResource - [helmmetr] Desired Platform services (2 services)
2025-01-29 18:43:12,081 INFO c.h.h.t.HelmChartContainer - [hivemq-test-hivemq-platform] [hivemq-platform-operator] [a545c016] 18:43:12.078 [pool-6-thread-34] DEBUG c.h.p.o.dependants.PodInfoConfigMap - [helmmetr] Desired PodInfo ConfigMap (1 extensions) (1 enabled)
2025-01-29 18:43:12,081 INFO c.h.h.t.HelmChartContainer - [hivemq-test-hivemq-platform] [hivemq-platform-operator] [a545c016] 18:43:12.078 [pool-6-thread-34] DEBUG c.h.p.o.dependants.PodInfoConfigMap - [helmmetr] Desired PodInfo ConfigMap (metrics port: 9499) (metrics path: /metrics)
2025-01-29 18:43:12,081 INFO c.h.h.t.HelmChartContainer - [hivemq-test-hivemq-platform] [hivemq-platform-operator] [a545c016] 18:43:12.078 [pool-6-thread-34] DEBUG c.h.p.o.dependants.PodInfoConfigMap - [helmmetr] Desired PodInfo ConfigMap (extension state hash: 1243513115)
2025-01-29 18:43:12,082 INFO c.h.h.t.HelmChartContainer - [hivemq-test-hivemq-platform] [hivemq-platform-operator] [a545c016] 18:43:12.080 [pool-6-thread-33] DEBUG c.h.p.o.d.PodServiceAccountResource - [helmmetr] Desired PodServiceAccountResource (serviceAccountName: hivemq-platform-pod-test-hivemq-platform)
2025-01-29 18:43:12,085 INFO c.h.h.t.HelmChartContainer - [hivemq-test-hivemq-platform] [hivemq-platform-operator] [a545c016] 18:43:12.084 [pool-6-thread-33] DEBUG c.h.p.o.d.StatefulSetResource - [helmmetr] Desired StatefulSet (1 replicas) for status STARTING (READY)
2025-01-29 18:43:12,088 INFO c.h.h.t.HelmChartContainer - [hivemq-test-hivemq-platform] [hivemq-platform-operator] [a545c016] 18:43:12.087 [ReconcilerExecutor-hivemq-controller-113] INFO  c.h.p.o.HiveMQPlatformReconciler - [helmmetr] Reconciling HiveMQ Platform 'test-hivemq-platform' in namespace 'helmmetricsserviceit'
2025-01-29 18:43:12,088 INFO c.h.h.t.HelmChartContainer - [hivemq-test-hivemq-platform] [hivemq-platform-operator] [a545c016] 18:43:12.087 [ReconcilerExecutor-hivemq-controller-113] DEBUG c.h.p.o.HiveMQPlatformReconciler - [helmmetr] Custom Resource Status STARTING - HiveMQ Platform is starting (READY)
2025-01-29 18:43:12,089 INFO c.h.h.t.HelmChartContainer - [hivemq-test-hivemq-platform] [hivemq-platform-operator] [a545c016] 18:43:12.087 [ReconcilerExecutor-hivemq-controller-113] DEBUG c.h.p.o.HiveMQPlatformReconciler - [helmmetr] Custom Resource Spec (replicas: 1) (extensions: 1)
2025-01-29 18:43:12,089 INFO c.h.h.t.HelmChartContainer - [hivemq-test-hivemq-platform] [hivemq-platform-operator] [a545c016] 18:43:12.088 [ReconcilerExecutor-hivemq-controller-113] DEBUG c.h.p.o.HiveMQPlatformReconciler - [helmmetr] StatefulSet Status (revision: test-hivemq-platform-84f6684d79, replicas: 1, available: 0, ready: 0, current: 1, updated: 1)
2025-01-29 18:43:12,090 INFO c.h.h.t.HelmChartContainer - [hivemq-test-hivemq-platform] [hivemq-platform-operator] [a545c016] 18:43:12.089 [ReconcilerExecutor-hivemq-controller-113] DEBUG c.h.p.o.HiveMQPlatformReconciler - [helmmetr] StatefulSet Spec (replicas: 1, init containers: 1, containers: 1, volumes: 3)
2025-01-29 18:43:12,092 INFO c.h.h.t.HelmChartContainer - [hivemq-test-hivemq-platform] [hivemq-platform-operator] [a545c016] 18:43:12.091 [ReconcilerExecutor-hivemq-controller-113] DEBUG c.h.p.o.h.HiveMQPlatformReconcilerErrorHandler - [helmmetr] Pod 'test-hivemq-platform-0' phase Running
2025-01-29 18:43:12,093 INFO c.h.h.t.HelmChartContainer - [hivemq-test-hivemq-platform] [hivemq-platform-operator] [a545c016] 18:43:12.092 [ReconcilerExecutor-hivemq-controller-113] INFO  c.h.p.o.h.HiveMQPlatformReconcilerBaseHandler - [helmmetr] HiveMQ Platform is starting, 0 of 1 replicas are ready
2025-01-29 18:43:13,166 INFO c.h.h.t.HelmChartContainer - [test-hivemq-platform] [hivemq] [50d66a13] WARN  - [HiveMQ Platform Operator Init App 1.7.0-SNAPSHOT] Cannot connect to Health API for liveness: null
2025-01-29 18:43:13,166 INFO c.h.h.t.HelmChartContainer - [test-hivemq-platform] [hivemq] [50d66a13] INFO  - [HiveMQ Platform Operator Init App 1.7.0-SNAPSHOT] Returning default Health API response 200 for liveness
2025-01-29 18:43:13,657 INFO c.h.h.t.HelmChartContainer - [test-hivemq-platform] [hivemq] [50d66a13] INFO  - No valid license file found. Using trial license, restricted to 25 connections.
2025-01-29 18:43:16,377 INFO c.h.h.t.HelmChartContainer - [test-hivemq-platform] [hivemq] [50d66a13] INFO  - No valid license file for Data Hub found. Using free license, restricted to 1 policy.
2025-01-29 18:43:16,982 INFO c.h.h.t.HelmChartContainer - [test-hivemq-platform] [hivemq] [50d66a13] WARN  - [HiveMQ Platform Operator Init App 1.7.0-SNAPSHOT] Cannot connect to Health API for readiness: null
2025-01-29 18:43:16,986 INFO c.h.h.t.HelmChartContainer - [EVENT] Warning [Unhealthy] Readiness probe failed: HTTP probe failed with statuscode: 503 [helmmetricsserviceit:test-hivemq-platform-0]
2025-01-29 18:43:16,986 INFO c.h.h.t.HelmChartContainer - Received Unhealthy event for container hivemq in pod test-hivemq-platform-0 [50d66a13-79ef-41e8-a125-b4b31f6557b6]
2025-01-29 18:43:17,481 INFO c.h.h.t.HelmChartContainer - [test-hivemq-platform] [hivemq] [50d66a13] INFO  - Audit Logger started.
2025-01-29 18:43:17,773 INFO c.h.h.t.HelmChartContainer - [test-hivemq-platform] [hivemq] [50d66a13] INFO  - This node uses '1' CPU cores.
2025-01-29 18:43:17,778 INFO c.h.h.t.HelmChartContainer - [test-hivemq-platform] [hivemq] [50d66a13] INFO  - Starting HiveMQ Health API on address 0.0.0.0 and port 8889
2025-01-29 18:43:18,481 INFO c.h.h.t.HelmChartContainer - [test-hivemq-platform] [hivemq] [50d66a13] INFO  - Started HiveMQ Health API in 703ms
2025-01-29 18:43:19,182 INFO c.h.h.t.HelmChartContainer - [test-hivemq-platform] [hivemq] [50d66a13] INFO  - Starting HiveMQ extension system.
2025-01-29 18:43:19,475 INFO c.h.h.t.HelmChartContainer - [test-hivemq-platform] [hivemq] [50d66a13] INFO  - Starting extension with id "hivemq-dns-cluster-discovery" at /opt/hivemq/extensions/hivemq-dns-cluster-discovery
2025-01-29 18:43:19,972 INFO c.h.h.t.HelmChartContainer - [test-hivemq-platform] [hivemq] [50d66a13] INFO  - Using TCP cluster transport on address 10.42.0.18 and port 7000
2025-01-29 18:43:19,973 INFO c.h.h.t.HelmChartContainer - [test-hivemq-platform] [hivemq] [50d66a13] INFO  - Extension "DNS Cluster Discovery Extension" version 4.3.2 started successfully.
2025-01-29 18:43:19,973 INFO c.h.h.t.HelmChartContainer - [test-hivemq-platform] [hivemq] [50d66a13] INFO  - Starting extension with id "hivemq-prometheus-extension" at /opt/hivemq/extensions/hivemq-prometheus-extension
2025-01-29 18:43:19,977 INFO c.h.h.t.HelmChartContainer - [test-hivemq-platform] [hivemq] [50d66a13] INFO  - Using extension cluster discovery
2025-01-29 18:43:20,876 INFO c.h.h.t.HelmChartContainer - [test-hivemq-platform] [hivemq] [50d66a13] INFO  - Started Jetty Server exposing Prometheus Servlet on URI http://0.0.0.0:9499/metrics
2025-01-29 18:43:20,876 INFO c.h.h.t.HelmChartContainer - [test-hivemq-platform] [hivemq] [50d66a13] INFO  - Extension "Prometheus Monitoring Extension" version 4.0.12 started successfully.
2025-01-29 18:43:20,876 INFO c.h.h.t.HelmChartContainer - [test-hivemq-platform] [hivemq] [50d66a13] INFO  - Starting extension with id "hivemq-allow-all-extension" at /opt/hivemq/extensions/hivemq-allow-all-extension
2025-01-29 18:43:20,877 INFO c.h.h.t.HelmChartContainer - [test-hivemq-platform] [hivemq] [50d66a13] WARN  - 
2025-01-29 18:43:20,877 INFO c.h.h.t.HelmChartContainer - [test-hivemq-platform] [hivemq] [50d66a13] ################################################################################################################
2025-01-29 18:43:20,877 INFO c.h.h.t.HelmChartContainer - [test-hivemq-platform] [hivemq] [50d66a13] # This HiveMQ deployment is not secure! You are lacking Authentication and Authorization.                      #
2025-01-29 18:43:20,877 INFO c.h.h.t.HelmChartContainer - [test-hivemq-platform] [hivemq] [50d66a13] # Right now any MQTT client can connect to the broker with a full set of permissions.                          #
2025-01-29 18:43:20,877 INFO c.h.h.t.HelmChartContainer - [test-hivemq-platform] [hivemq] [50d66a13] # For production usage, add an appropriate security extension and remove the hivemq-allow-all extension.       #
2025-01-29 18:43:20,877 INFO c.h.h.t.HelmChartContainer - [test-hivemq-platform] [hivemq] [50d66a13] # You can download security extensions from the HiveMQ Marketplace (https://www.hivemq.com/extensions/).       #
2025-01-29 18:43:20,877 INFO c.h.h.t.HelmChartContainer - [test-hivemq-platform] [hivemq] [50d66a13] ################################################################################################################
2025-01-29 18:43:20,877 INFO c.h.h.t.HelmChartContainer - [test-hivemq-platform] [hivemq] [50d66a13] INFO  - Extension "Allow All Extension" version 1.1.1 started successfully.
2025-01-29 18:43:22,098 INFO c.h.h.t.HelmChartContainer - [hivemq-test-hivemq-platform] [hivemq-platform-operator] [a545c016] 18:43:22.095 [pool-6-thread-42] DEBUG c.h.p.o.d.PlatformServiceResource - [helmmetr] Desired Platform services (2 services)
2025-01-29 18:43:22,100 INFO c.h.h.t.HelmChartContainer - [hivemq-test-hivemq-platform] [hivemq-platform-operator] [a545c016] 18:43:22.096 [pool-6-thread-47] DEBUG c.h.p.o.d.PodServiceAccountResource - [helmmetr] Desired PodServiceAccountResource (serviceAccountName: hivemq-platform-pod-test-hivemq-platform)
2025-01-29 18:43:22,100 INFO c.h.h.t.HelmChartContainer - [hivemq-test-hivemq-platform] [hivemq-platform-operator] [a545c016] 18:43:22.097 [pool-6-thread-46] DEBUG c.h.p.o.dependants.PodInfoConfigMap - [helmmetr] Desired PodInfo ConfigMap (1 extensions) (1 enabled)
2025-01-29 18:43:22,100 INFO c.h.h.t.HelmChartContainer - [hivemq-test-hivemq-platform] [hivemq-platform-operator] [a545c016] 18:43:22.097 [pool-6-thread-46] DEBUG c.h.p.o.dependants.PodInfoConfigMap - [helmmetr] Desired PodInfo ConfigMap (metrics port: 9499) (metrics path: /metrics)
2025-01-29 18:43:22,100 INFO c.h.h.t.HelmChartContainer - [hivemq-test-hivemq-platform] [hivemq-platform-operator] [a545c016] 18:43:22.097 [pool-6-thread-46] DEBUG c.h.p.o.dependants.PodInfoConfigMap - [helmmetr] Desired PodInfo ConfigMap (extension state hash: 1243513115)
2025-01-29 18:43:22,108 INFO c.h.h.t.HelmChartContainer - [hivemq-test-hivemq-platform] [hivemq-platform-operator] [a545c016] 18:43:22.106 [pool-6-thread-42] DEBUG c.h.p.o.d.StatefulSetResource - [helmmetr] Desired StatefulSet (1 replicas) for status STARTING (READY)
2025-01-29 18:43:22,166 INFO c.h.h.t.HelmChartContainer - [hivemq-test-hivemq-platform] [hivemq-platform-operator] [a545c016] 18:43:22.161 [ReconcilerExecutor-hivemq-controller-114] INFO  c.h.p.o.HiveMQPlatformReconciler - [helmmetr] Reconciling HiveMQ Platform 'test-hivemq-platform' in namespace 'helmmetricsserviceit'
2025-01-29 18:43:22,166 INFO c.h.h.t.HelmChartContainer - [hivemq-test-hivemq-platform] [hivemq-platform-operator] [a545c016] 18:43:22.161 [ReconcilerExecutor-hivemq-controller-114] DEBUG c.h.p.o.HiveMQPlatformReconciler - [helmmetr] Custom Resource Status STARTING - HiveMQ Platform is starting (READY)
2025-01-29 18:43:22,166 INFO c.h.h.t.HelmChartContainer - [hivemq-test-hivemq-platform] [hivemq-platform-operator] [a545c016] 18:43:22.161 [ReconcilerExecutor-hivemq-controller-114] DEBUG c.h.p.o.HiveMQPlatformReconciler - [helmmetr] Custom Resource Spec (replicas: 1) (extensions: 1)
2025-01-29 18:43:22,168 INFO c.h.h.t.HelmChartContainer - [hivemq-test-hivemq-platform] [hivemq-platform-operator] [a545c016] 18:43:22.165 [ReconcilerExecutor-hivemq-controller-114] DEBUG c.h.p.o.HiveMQPlatformReconciler - [helmmetr] StatefulSet Status (revision: test-hivemq-platform-84f6684d79, replicas: 1, available: 0, ready: 0, current: 1, updated: 1)
2025-01-29 18:43:22,168 INFO c.h.h.t.HelmChartContainer - [hivemq-test-hivemq-platform] [hivemq-platform-operator] [a545c016] 18:43:22.165 [ReconcilerExecutor-hivemq-controller-114] DEBUG c.h.p.o.HiveMQPlatformReconciler - [helmmetr] StatefulSet Spec (replicas: 1, init containers: 1, containers: 1, volumes: 3)
2025-01-29 18:43:22,169 INFO c.h.h.t.HelmChartContainer - [hivemq-test-hivemq-platform] [hivemq-platform-operator] [a545c016] 18:43:22.168 [ReconcilerExecutor-hivemq-controller-114] DEBUG c.h.p.o.h.HiveMQPlatformReconcilerErrorHandler - [helmmetr] Pod 'test-hivemq-platform-0' phase Running
2025-01-29 18:43:22,171 INFO c.h.h.t.HelmChartContainer - [hivemq-test-hivemq-platform] [hivemq-platform-operator] [a545c016] 18:43:22.170 [ReconcilerExecutor-hivemq-controller-114] INFO  c.h.p.o.h.HiveMQPlatformReconcilerBaseHandler - [helmmetr] HiveMQ Platform is starting, 0 of 1 replicas are ready
2025-01-29 18:43:22,379 INFO c.h.h.t.HelmChartContainer - [test-hivemq-platform] [hivemq] [50d66a13] INFO  - [HiveMQ Platform Operator Init App 1.7.0-SNAPSHOT] Returning Health API response 503 for readiness
2025-01-29 18:43:22,383 INFO c.h.h.t.HelmChartContainer - [EVENT] Warning [Unhealthy] Readiness probe failed: HTTP probe failed with statuscode: 503 [helmmetricsserviceit:test-hivemq-platform-0]
2025-01-29 18:43:22,383 INFO c.h.h.t.HelmChartContainer - Received Unhealthy event for container hivemq in pod test-hivemq-platform-0 [50d66a13-79ef-41e8-a125-b4b31f6557b6]
2025-01-29 18:43:22,972 INFO c.h.h.t.HelmChartContainer - [test-hivemq-platform] [hivemq] [50d66a13] INFO  - LeIHI: no members discovered after 2307 ms: creating cluster as first member
2025-01-29 18:43:22,979 INFO c.h.h.t.HelmChartContainer - [test-hivemq-platform] [hivemq] [50d66a13] INFO  - Cluster nodes found by discovery: [LeIHI|0] (1) [LeIHI].
2025-01-29 18:43:22,998 INFO c.h.h.t.HelmChartContainer - [test-hivemq-platform] [hivemq] [50d66a13] WARN  - No user for HiveMQ Control Center configured. Starting with default user
2025-01-29 18:43:22,998 INFO c.h.h.t.HelmChartContainer - [test-hivemq-platform] [hivemq] [50d66a13] INFO  - Starting HiveMQ Control Center on address 127.0.0.1 and port 8080
2025-01-29 18:43:22,999 INFO c.h.h.t.HelmChartContainer - [test-hivemq-platform] [hivemq] [50d66a13] INFO  - Mounting HiveMQ Control Center V2 Preview
2025-01-29 18:43:23,675 INFO c.h.h.t.HelmChartContainer - [test-hivemq-platform] [hivemq] [50d66a13] INFO  - Started HiveMQ Control Center in 677ms
2025-01-29 18:43:23,766 INFO c.h.h.t.HelmChartContainer - [test-hivemq-platform] [hivemq] [50d66a13] INFO  - Starting TCP listener on address 0.0.0.0 and port 1883
2025-01-29 18:43:23,781 INFO c.h.h.t.HelmChartContainer - [test-hivemq-platform] [hivemq] [50d66a13] INFO  - Started TCP Listener on address 0.0.0.0 and on port 1883.
2025-01-29 18:43:23,781 INFO c.h.h.t.HelmChartContainer - [test-hivemq-platform] [hivemq] [50d66a13] INFO  - Started HiveMQ in 29893ms
2025-01-29 18:43:26,984 INFO c.h.h.t.HelmChartContainer - [test-hivemq-platform] [hivemq] [50d66a13] INFO  - [HiveMQ Platform Operator Init App 1.7.0-SNAPSHOT] Returning Health API response 200 for readiness
2025-01-29 18:43:26,995 INFO c.h.h.t.HelmChartContainer - [POD] test-hivemq-platform-0 [50d66a13-79ef-41e8-a125-b4b31f6557b6] in helmmetricsserviceit was MODIFIED
2025-01-29 18:43:27,006 INFO c.h.h.t.HelmChartContainer - [hivemq-test-hivemq-platform] [hivemq-platform-operator] [a545c016] 18:43:27.002 [pool-6-thread-3] DEBUG c.h.p.o.d.PlatformServiceResource - [helmmetr] Desired Platform services (2 services)
2025-01-29 18:43:27,006 INFO c.h.h.t.HelmChartContainer - [hivemq-test-hivemq-platform] [hivemq-platform-operator] [a545c016] 18:43:27.004 [pool-6-thread-1] DEBUG c.h.p.o.dependants.PodInfoConfigMap - [helmmetr] Desired PodInfo ConfigMap (1 extensions) (1 enabled)
2025-01-29 18:43:27,006 INFO c.h.h.t.HelmChartContainer - [hivemq-test-hivemq-platform] [hivemq-platform-operator] [a545c016] 18:43:27.004 [pool-6-thread-1] DEBUG c.h.p.o.dependants.PodInfoConfigMap - [helmmetr] Desired PodInfo ConfigMap (metrics port: 9499) (metrics path: /metrics)
2025-01-29 18:43:27,006 INFO c.h.h.t.HelmChartContainer - [hivemq-test-hivemq-platform] [hivemq-platform-operator] [a545c016] 18:43:27.004 [pool-6-thread-1] DEBUG c.h.p.o.dependants.PodInfoConfigMap - [helmmetr] Desired PodInfo ConfigMap (extension state hash: 1243513115)
2025-01-29 18:43:27,010 INFO c.h.h.t.HelmChartContainer - [hivemq-test-hivemq-platform] [hivemq-platform-operator] [a545c016] 18:43:27.009 [pool-6-thread-2] DEBUG c.h.p.o.d.PodServiceAccountResource - [helmmetr] Desired PodServiceAccountResource (serviceAccountName: hivemq-platform-pod-test-hivemq-platform)
2025-01-29 18:43:27,016 INFO c.h.h.t.HelmChartContainer - [hivemq-test-hivemq-platform] [hivemq-platform-operator] [a545c016] 18:43:27.013 [pool-6-thread-3] DEBUG c.h.p.o.d.StatefulSetResource - [helmmetr] Desired StatefulSet (1 replicas) for status STARTING (READY)
2025-01-29 18:43:27,063 INFO c.h.h.t.HelmChartContainer - [hivemq-test-hivemq-platform] [hivemq-platform-operator] [a545c016] 18:43:27.062 [ReconcilerExecutor-hivemq-controller-115] INFO  c.h.p.o.HiveMQPlatformReconciler - [helmmetr] Reconciling HiveMQ Platform 'test-hivemq-platform' in namespace 'helmmetricsserviceit'
2025-01-29 18:43:27,064 INFO c.h.h.t.HelmChartContainer - [hivemq-test-hivemq-platform] [hivemq-platform-operator] [a545c016] 18:43:27.062 [ReconcilerExecutor-hivemq-controller-115] DEBUG c.h.p.o.HiveMQPlatformReconciler - [helmmetr] Custom Resource Status STARTING - HiveMQ Platform is starting (READY)
2025-01-29 18:43:27,064 INFO c.h.h.t.HelmChartContainer - [hivemq-test-hivemq-platform] [hivemq-platform-operator] [a545c016] 18:43:27.062 [ReconcilerExecutor-hivemq-controller-115] DEBUG c.h.p.o.HiveMQPlatformReconciler - [helmmetr] Custom Resource Spec (replicas: 1) (extensions: 1)
2025-01-29 18:43:27,065 INFO c.h.h.t.HelmChartContainer - [hivemq-test-hivemq-platform] [hivemq-platform-operator] [a545c016] 18:43:27.064 [ReconcilerExecutor-hivemq-controller-115] DEBUG c.h.p.o.HiveMQPlatformReconciler - [helmmetr] StatefulSet Status (revision: test-hivemq-platform-84f6684d79, replicas: 1, available: 1, ready: 1, current: 1, updated: 1)
2025-01-29 18:43:27,065 INFO c.h.h.t.HelmChartContainer - [hivemq-test-hivemq-platform] [hivemq-platform-operator] [a545c016] 18:43:27.064 [ReconcilerExecutor-hivemq-controller-115] DEBUG c.h.p.o.HiveMQPlatformReconciler - [helmmetr] StatefulSet Spec (replicas: 1, init containers: 1, containers: 1, volumes: 3)
2025-01-29 18:43:27,067 INFO c.h.h.t.HelmChartContainer - [hivemq-test-hivemq-platform] [hivemq-platform-operator] [a545c016] 18:43:27.065 [ReconcilerExecutor-hivemq-controller-115] DEBUG c.h.p.o.h.HiveMQPlatformReconcilerErrorHandler - [helmmetr] Pod 'test-hivemq-platform-0' phase Running
2025-01-29 18:43:27,068 INFO c.h.h.t.HelmChartContainer - [hivemq-test-hivemq-platform] [hivemq-platform-operator] [a545c016] 18:43:27.066 [ReconcilerExecutor-hivemq-controller-115] INFO  c.h.p.o.h.HiveMQPlatformReconcilerBaseHandler - [helmmetr] HiveMQ Platform started successfully
2025-01-29 18:43:27,163 INFO c.h.h.t.HelmChartContainer - [hivemq-test-hivemq-platform] [hivemq-platform-operator] [a545c016] 18:43:27.162 [ReconcilerExecutor-hivemq-controller-115] DEBUG c.h.p.operator.event.EventSender - [helmmetr] Creating K8s event hivemq-platform-ready: [Ready] HiveMQ Platform is ready
2025-01-29 18:43:27,167 INFO c.h.h.t.HelmChartContainer - [EVENT] Normal [Ready] HiveMQ Platform is ready [helmmetricsserviceit:test-hivemq-platform]
2025-01-29 18:43:27,169 INFO c.h.h.t.HelmChartContainer - [hivemq-test-hivemq-platform] [hivemq-platform-operator] [a545c016] 18:43:27.168 [ReconcilerExecutor-hivemq-controller-115] INFO  c.h.p.o.h.AbstractHiveMQReconcilerStateHandler - [helmmetr] Update HiveMQ Platform Status (STARTING [READY] -> RUNNING [READY]): HiveMQ Platform is ready
2025-01-29 18:43:27,176 DEBUG com.hivemq.helmcharts.util.K8sUtil - Comparing actual state 'RUNNING' and waiting for 'RUNNING'
2025-01-29 18:43:27,182 INFO c.h.h.t.HelmChartContainer - [hivemq-test-hivemq-platform] [hivemq-platform-operator] [a545c016] 18:43:27.179 [pool-6-thread-15] DEBUG c.h.p.o.d.PlatformServiceResource - [helmmetr] Desired Platform services (2 services)
2025-01-29 18:43:27,182 INFO c.h.h.t.HelmChartContainer - [hivemq-test-hivemq-platform] [hivemq-platform-operator] [a545c016] 18:43:27.180 [pool-6-thread-11] DEBUG c.h.p.o.dependants.PodInfoConfigMap - [helmmetr] Desired PodInfo ConfigMap (1 extensions) (1 enabled)
2025-01-29 18:43:27,182 INFO c.h.h.t.HelmChartContainer - [hivemq-test-hivemq-platform] [hivemq-platform-operator] [a545c016] 18:43:27.180 [pool-6-thread-11] DEBUG c.h.p.o.dependants.PodInfoConfigMap - [helmmetr] Desired PodInfo ConfigMap (metrics port: 9499) (metrics path: /metrics)
2025-01-29 18:43:27,182 INFO c.h.h.t.HelmChartContainer - [hivemq-test-hivemq-platform] [hivemq-platform-operator] [a545c016] 18:43:27.180 [pool-6-thread-11] DEBUG c.h.p.o.dependants.PodInfoConfigMap - [helmmetr] Desired PodInfo ConfigMap (extension state hash: 1243513115)
2025-01-29 18:43:27,182 INFO c.h.h.t.HelmChartContainer - [hivemq-test-hivemq-platform] [hivemq-platform-operator] [a545c016] 18:43:27.181 [pool-6-thread-11] DEBUG c.h.p.o.dependants.PodInfoConfigMap - [helmmetr] Update PodInfo ConfigMap
2025-01-29 18:43:27,184 INFO c.h.h.t.HelmChartContainer - [hivemq-test-hivemq-platform] [hivemq-platform-operator] [a545c016] 18:43:27.183 [pool-6-thread-17] DEBUG c.h.p.o.d.PodServiceAccountResource - [helmmetr] Desired PodServiceAccountResource (serviceAccountName: hivemq-platform-pod-test-hivemq-platform)
2025-01-29 18:43:27,275 INFO c.h.h.t.HelmChartContainer - [hivemq-test-hivemq-platform] [hivemq-platform-operator] [a545c016] 18:43:27.272 [pool-6-thread-11] DEBUG c.h.p.o.d.StatefulSetResource - [helmmetr] Desired StatefulSet (1 replicas) for status RUNNING (READY)
2025-01-29 18:43:27,278 INFO c.h.h.t.HelmChartContainer - [hivemq-test-hivemq-platform] [hivemq-platform-operator] [a545c016] 18:43:27.277 [ReconcilerExecutor-hivemq-controller-116] INFO  c.h.p.o.HiveMQPlatformReconciler - [helmmetr] Reconciling HiveMQ Platform 'test-hivemq-platform' in namespace 'helmmetricsserviceit'
2025-01-29 18:43:27,278 INFO c.h.h.t.HelmChartContainer - [hivemq-test-hivemq-platform] [hivemq-platform-operator] [a545c016] 18:43:27.277 [ReconcilerExecutor-hivemq-controller-116] DEBUG c.h.p.o.HiveMQPlatformReconciler - [helmmetr] Custom Resource Status RUNNING - HiveMQ Platform is ready (READY)
2025-01-29 18:43:27,278 INFO c.h.h.t.HelmChartContainer - [hivemq-test-hivemq-platform] [hivemq-platform-operator] [a545c016] 18:43:27.277 [ReconcilerExecutor-hivemq-controller-116] DEBUG c.h.p.o.HiveMQPlatformReconciler - [helmmetr] Custom Resource Spec (replicas: 1) (extensions: 1)
2025-01-29 18:43:27,285 INFO c.h.h.t.HelmChartContainer - [hivemq-test-hivemq-platform] [hivemq-platform-operator] [a545c016] 18:43:27.282 [ReconcilerExecutor-hivemq-controller-116] DEBUG c.h.p.o.HiveMQPlatformReconciler - [helmmetr] StatefulSet Status (revision: test-hivemq-platform-84f6684d79, replicas: 1, available: 1, ready: 1, current: 1, updated: 1)
2025-01-29 18:43:27,285 INFO c.h.h.t.HelmChartContainer - [hivemq-test-hivemq-platform] [hivemq-platform-operator] [a545c016] 18:43:27.282 [ReconcilerExecutor-hivemq-controller-116] DEBUG c.h.p.o.HiveMQPlatformReconciler - [helmmetr] StatefulSet Spec (replicas: 1, init containers: 1, containers: 1, volumes: 3)
2025-01-29 18:43:27,285 INFO c.h.h.t.HelmChartContainer - [hivemq-test-hivemq-platform] [hivemq-platform-operator] [a545c016] 18:43:27.284 [ReconcilerExecutor-hivemq-controller-116] DEBUG c.h.p.o.h.HiveMQPlatformReconcilerErrorHandler - [helmmetr] Pod 'test-hivemq-platform-0' phase Running
2025-01-29 18:43:30,184 INFO c.h.helmcharts.util.MonitoringUtil - Asserting Prometheus subscribes metrics...
2025-01-29 18:43:30,888 INFO c.h.helmcharts.util.MonitoringUtil - Asserted subscribes metrics (703 ms)
2025-01-29 18:43:30,888 INFO c.h.helmcharts.util.MonitoringUtil - Asserting Prometheus publishes metrics...
2025-01-29 18:43:31,277 INFO c.h.helmcharts.util.MonitoringUtil - Asserted publishes metrics (387 ms)
2025-01-29 18:43:31,277 INFO c.h.h.t.HelmChartContainer - Uninstalling release 'test-hivemq-platform' in namespace 'helmmetricsserviceit'...
2025-01-29 18:43:31,277 DEBUG c.h.h.t.HelmChartContainer - Executing helm command: /bin/helm --kubeconfig /etc/rancher/k3s/k3s.yaml uninstall test-hivemq-platform  --wait --timeout 5m0s --cascade foreground --namespace helmmetricsserviceit
2025-01-29 18:43:31,463 INFO c.h.h.t.HelmChartContainer - [hivemq-test-hivemq-platform] [hivemq-platform-operator] [a545c016] 18:43:31.458 [pool-6-thread-26] DEBUG c.h.p.o.d.PlatformServiceResource - [helmmetr] Desired Platform services (2 services)
2025-01-29 18:43:31,463 INFO c.h.h.t.HelmChartContainer - [hivemq-test-hivemq-platform] [hivemq-platform-operator] [a545c016] 18:43:31.459 [pool-6-thread-27] DEBUG c.h.p.o.dependants.PodInfoConfigMap - [helmmetr] Desired PodInfo ConfigMap (1 extensions) (1 enabled)
2025-01-29 18:43:31,463 INFO c.h.h.t.HelmChartContainer - [hivemq-test-hivemq-platform] [hivemq-platform-operator] [a545c016] 18:43:31.460 [pool-6-thread-27] DEBUG c.h.p.o.dependants.PodInfoConfigMap - [helmmetr] Desired PodInfo ConfigMap (metrics port: 9499) (metrics path: /metrics)
2025-01-29 18:43:31,463 INFO c.h.h.t.HelmChartContainer - [hivemq-test-hivemq-platform] [hivemq-platform-operator] [a545c016] 18:43:31.460 [pool-6-thread-27] DEBUG c.h.p.o.dependants.PodInfoConfigMap - [helmmetr] Desired PodInfo ConfigMap (extension state hash: 1243513115)
2025-01-29 18:43:31,472 INFO c.h.h.t.HelmChartContainer - [hivemq-test-hivemq-platform] [hivemq-platform-operator] [a545c016] 18:43:31.462 [pool-6-thread-26] DEBUG c.h.p.o.d.PodServiceAccountResource - [helmmetr] Desired PodServiceAccountResource (serviceAccountName: hivemq-platform-pod-test-hivemq-platform)
2025-01-29 18:43:31,472 INFO c.h.h.t.HelmChartContainer - [hivemq-test-hivemq-platform] [hivemq-platform-operator] [a545c016] 18:43:31.467 [pool-6-thread-25] DEBUG c.h.p.o.d.StatefulSetResource - [helmmetr] Desired StatefulSet (1 replicas) for status RUNNING (READY)
2025-01-29 18:43:31,479 INFO c.h.h.t.HelmChartContainer - [hivemq-test-hivemq-platform] [hivemq-platform-operator] [a545c016] 18:43:31.472 [ReconcilerExecutor-hivemq-controller-117] INFO  c.h.p.o.HiveMQPlatformReconciler - [helmmetr] Reconciling HiveMQ Platform 'test-hivemq-platform' in namespace 'helmmetricsserviceit'
2025-01-29 18:43:31,479 INFO c.h.h.t.HelmChartContainer - [hivemq-test-hivemq-platform] [hivemq-platform-operator] [a545c016] 18:43:31.473 [ReconcilerExecutor-hivemq-controller-117] DEBUG c.h.p.o.HiveMQPlatformReconciler - [helmmetr] Custom Resource Status RUNNING - HiveMQ Platform is ready (READY)
2025-01-29 18:43:31,479 INFO c.h.h.t.HelmChartContainer - [hivemq-test-hivemq-platform] [hivemq-platform-operator] [a545c016] 18:43:31.473 [ReconcilerExecutor-hivemq-controller-117] DEBUG c.h.p.o.HiveMQPlatformReconciler - [helmmetr] Custom Resource Spec (replicas: 1) (extensions: 1)
2025-01-29 18:43:31,479 INFO c.h.h.t.HelmChartContainer - [hivemq-test-hivemq-platform] [hivemq-platform-operator] [a545c016] 18:43:31.474 [ReconcilerExecutor-hivemq-controller-117] DEBUG c.h.p.o.HiveMQPlatformReconciler - [helmmetr] StatefulSet Status (revision: test-hivemq-platform-84f6684d79, replicas: 1, available: 1, ready: 1, current: 1, updated: 1)
2025-01-29 18:43:31,479 INFO c.h.h.t.HelmChartContainer - [hivemq-test-hivemq-platform] [hivemq-platform-operator] [a545c016] 18:43:31.474 [ReconcilerExecutor-hivemq-controller-117] DEBUG c.h.p.o.HiveMQPlatformReconciler - [helmmetr] StatefulSet Spec (replicas: 1, init containers: 1, containers: 1, volumes: 3)
2025-01-29 18:43:31,479 INFO c.h.h.t.HelmChartContainer - [hivemq-test-hivemq-platform] [hivemq-platform-operator] [a545c016] 18:43:31.475 [ReconcilerExecutor-hivemq-controller-117] DEBUG c.h.p.o.h.HiveMQPlatformReconcilerErrorHandler - [helmmetr] Pod 'test-hivemq-platform-0' phase Running
2025-01-29 18:43:31,499 INFO c.h.h.t.HelmChartContainer - [hivemq-test-hivemq-platform] [hivemq-platform-operator] [a545c016] 18:43:31.492 [ReconcilerExecutor-hivemq-controller-118] INFO  c.h.p.o.HiveMQPlatformReconciler - [helmmetr] Cleanup test-hivemq-platform - helmmetricsserviceit HiveMQ Platform is shut down
2025-01-29 18:43:32,044 INFO c.h.h.t.HelmChartContainer - [POD] test-hivemq-platform-0 [50d66a13-79ef-41e8-a125-b4b31f6557b6] in helmmetricsserviceit was MODIFIED
2025-01-29 18:43:32,050 INFO c.h.h.t.HelmChartContainer - [test-hivemq-platform] [hivemq] [50d66a13] INFO  - [HiveMQ Platform Operator Init App 1.7.0-SNAPSHOT] Shutting down
2025-01-29 18:43:32,052 INFO c.h.h.t.HelmChartContainer - [test-hivemq-platform] [hivemq] [50d66a13] INFO  - [HiveMQ Platform Operator Init App 1.7.0-SNAPSHOT] Stopping the HiveMQ Platform
2025-01-29 18:43:32,056 INFO c.h.h.t.HelmChartContainer - [EVENT] Normal [Killing] Stopping container hivemq [helmmetricsserviceit:test-hivemq-platform-0]
2025-01-29 18:43:32,056 INFO c.h.h.t.HelmChartContainer - Received Killing event for container hivemq in pod test-hivemq-platform-0 [50d66a13-79ef-41e8-a125-b4b31f6557b6]
2025-01-29 18:43:32,056 INFO c.h.h.t.HelmChartContainer - Container [test-hivemq-platform-0] [hivemq] [50d66a13-79ef-41e8-a125-b4b31f6557b6] was terminated
2025-01-29 18:43:32,057 INFO c.h.h.t.HelmChartContainer - Stopped log watcher for hivemq in pod test-hivemq-platform-0 [50d66a13-79ef-41e8-a125-b4b31f6557b6]
2025-01-29 18:43:32,173 INFO c.h.h.t.HelmChartContainer - [test-hivemq-platform] [hivemq] [50d66a13] INFO  - Shutting down HiveMQ. Please wait, this could take a while...
2025-01-29 18:43:32,256 INFO c.h.h.t.HelmChartContainer - [test-hivemq-platform] [hivemq] [50d66a13] INFO  - Shutting down listeners and clients
2025-01-29 18:43:32,258 INFO c.h.h.t.HelmChartContainer - [test-hivemq-platform] [hivemq] [50d66a13] INFO  - Shutdown of listeners is done
2025-01-29 18:43:32,258 INFO c.h.h.t.HelmChartContainer - [test-hivemq-platform] [hivemq] [50d66a13] INFO  - No clients are connected, proceeding with shutdown
2025-01-29 18:43:32,469 INFO c.h.h.t.HelmChartContainer - [K3S] [authentication.go:74] "Unable to authenticate the request" err="[invalid bearer token, serviceaccounts \"hivemq-platform-pod-test-hivemq-platform\" not found]"
2025-01-29 18:43:32,490 INFO c.h.h.t.HelmChartContainer - [K3S] [authentication.go:74] "Unable to authenticate the request" err="[invalid bearer token, serviceaccounts \"hivemq-platform-pod-test-hivemq-platform\" not found]"
2025-01-29 18:43:32,568 INFO c.h.h.t.HelmChartContainer - [test-hivemq-platform] [hivemq] [50d66a13] WARN  - [HiveMQ Platform Operator Init App 1.7.0-SNAPSHOT] Could not update Pod annotations: Failure executing: GET at: https://10.43.0.1:443/api/v1/namespaces/helmmetricsserviceit/pods/test-hivemq-platform-0. Message: Unauthorized. Received status: Status(apiVersion=v1, code=401, details=null, kind=Status, message=Unauthorized, metadata=ListMeta(_continue=null, remainingItemCount=null, resourceVersion=null, selfLink=null, additionalProperties={}), reason=Unauthorized, status=Failure, additionalProperties={}).
2025-01-29 18:43:33,507 INFO c.h.h.t.HelmChartContainer - Deleting namespace 'helmmetricsserviceit'...
2025-01-29 18:43:35,271 INFO c.h.h.t.HelmChartContainer - [test-hivemq-platform] [hivemq] [50d66a13] INFO  - Shutting down extension system
2025-01-29 18:43:35,273 INFO c.h.h.t.HelmChartContainer - [test-hivemq-platform] [hivemq] [50d66a13] INFO  - Stopping extension with id hivemq-dns-cluster-discovery
2025-01-29 18:43:35,274 INFO c.h.h.t.HelmChartContainer - [test-hivemq-platform] [hivemq] [50d66a13] INFO  - Extension "DNS Cluster Discovery Extension" version 4.3.2 stopped successfully.
2025-01-29 18:43:35,274 INFO c.h.h.t.HelmChartContainer - [test-hivemq-platform] [hivemq] [50d66a13] INFO  - Stopping extension with id hivemq-prometheus-extension
2025-01-29 18:43:35,278 INFO c.h.h.t.HelmChartContainer - [test-hivemq-platform] [hivemq] [50d66a13] INFO  - Extension "Prometheus Monitoring Extension" version 4.0.12 stopped successfully.
2025-01-29 18:43:35,279 INFO c.h.h.t.HelmChartContainer - [test-hivemq-platform] [hivemq] [50d66a13] INFO  - Stopping extension with id hivemq-allow-all-extension
2025-01-29 18:43:35,279 INFO c.h.h.t.HelmChartContainer - [test-hivemq-platform] [hivemq] [50d66a13] INFO  - Extension "Allow All Extension" version 1.1.1 stopped successfully.
2025-01-29 18:43:36,980 INFO c.h.h.t.HelmChartContainer - [test-hivemq-platform] [hivemq] [50d66a13] INFO  - [HiveMQ Platform Operator Init App 1.7.0-SNAPSHOT] Returning shutdown Health API response 503 for readiness
2025-01-29 18:43:36,984 INFO c.h.h.t.HelmChartContainer - [EVENT] Warning [Unhealthy] Readiness probe failed: HTTP probe failed with statuscode: 503 [helmmetricsserviceit:test-hivemq-platform-0]
2025-01-29 18:43:36,984 INFO c.h.h.t.HelmChartContainer - Received Unhealthy event for container hivemq in pod test-hivemq-platform-0 [50d66a13-79ef-41e8-a125-b4b31f6557b6]
2025-01-29 18:43:37,558 INFO c.h.h.t.HelmChartContainer - [test-hivemq-platform] [hivemq] [50d66a13] INFO  - Shutdown completed.
2025-01-29 18:43:37,572 INFO c.h.h.t.HelmChartContainer - [K3S] [authentication.go:74] "Unable to authenticate the request" err="[invalid bearer token, serviceaccounts \"hivemq-platform-pod-test-hivemq-platform\" not found]"
2025-01-29 18:43:37,584 INFO c.h.h.t.HelmChartContainer - [K3S] [authentication.go:74] "Unable to authenticate the request" err="[invalid bearer token, serviceaccounts \"hivemq-platform-pod-test-hivemq-platform\" not found]"
2025-01-29 18:43:37,585 INFO c.h.h.t.HelmChartContainer - [test-hivemq-platform] [hivemq] [50d66a13] WARN  - [HiveMQ Platform Operator Init App 1.7.0-SNAPSHOT] Could not update Pod annotations: Failure executing: GET at: https://10.43.0.1:443/api/v1/namespaces/helmmetricsserviceit/pods/test-hivemq-platform-0. Message: Unauthorized. Received status: Status(apiVersion=v1, code=401, details=null, kind=Status, message=Unauthorized, metadata=ListMeta(_continue=null, remainingItemCount=null, resourceVersion=null, selfLink=null, additionalProperties={}), reason=Unauthorized, status=Failure, additionalProperties={}).
2025-01-29 18:43:37,905 INFO c.h.h.t.HelmChartContainer - [test-hivemq-platform] [hivemq] [50d66a13] INFO  - [HiveMQ Platform Operator Init App 1.7.0-SNAPSHOT] The HiveMQ Platform exited with code 143
2025-01-29 18:43:37,905 INFO c.h.h.t.HelmChartContainer - [test-hivemq-platform] [hivemq] [50d66a13] INFO  - [HiveMQ Platform Operator Init App 1.7.0-SNAPSHOT] Stopping the REST API
2025-01-29 18:43:37,914 INFO c.h.h.t.HelmChartContainer - [test-hivemq-platform] [hivemq] [50d66a13] INFO  - [HiveMQ Platform Operator Init App 1.7.0-SNAPSHOT] Shutdown complete
2025-01-29 18:43:38,413 INFO c.h.h.t.HelmChartContainer - [POD] test-hivemq-platform-0 [50d66a13-79ef-41e8-a125-b4b31f6557b6] in helmmetricsserviceit was MODIFIED
2025-01-29 18:43:38,415 INFO c.h.h.t.HelmChartContainer - [K3S] [stateful_set.go:438] "Unhandled Error" err="error syncing StatefulSet helmmetricsserviceit/test-hivemq-platform, requeuing: controllerrevisions.apps \"test-hivemq-platform-84f6684d79\" is forbidden: unable to create new content in namespace helmmetricsserviceit because it is being terminated"
2025-01-29 18:43:38,423 INFO c.h.h.t.HelmChartContainer - [K3S] [stateful_set.go:438] "Unhandled Error" err="error syncing StatefulSet helmmetricsserviceit/test-hivemq-platform, requeuing: controllerrevisions.apps \"test-hivemq-platform-84f6684d79\" is forbidden: unable to create new content in namespace helmmetricsserviceit because it is being terminated"
2025-01-29 18:43:38,436 INFO c.h.h.t.HelmChartContainer - [K3S] [stateful_set.go:438] "Unhandled Error" err="error syncing StatefulSet helmmetricsserviceit/test-hivemq-platform, requeuing: controllerrevisions.apps \"test-hivemq-platform-84f6684d79\" is forbidden: unable to create new content in namespace helmmetricsserviceit because it is being terminated"
2025-01-29 18:43:38,460 INFO c.h.h.t.HelmChartContainer - [K3S] [stateful_set.go:438] "Unhandled Error" err="error syncing StatefulSet helmmetricsserviceit/test-hivemq-platform, requeuing: controllerrevisions.apps \"test-hivemq-platform-84f6684d79\" is forbidden: unable to create new content in namespace helmmetricsserviceit because it is being terminated"
2025-01-29 18:43:38,482 INFO c.h.h.t.HelmChartContainer - [K3S] [reconciler_common.go:162] "operationExecutor.UnmountVolume started for volume \"broker-configuration\" (UniqueName: \"kubernetes.io/configmap/50d66a13-79ef-41e8-a125-b4b31f6557b6-broker-configuration\") pod \"50d66a13-79ef-41e8-a125-b4b31f6557b6\" (UID: \"50d66a13-79ef-41e8-a125-b4b31f6557b6\") "
2025-01-29 18:43:38,482 INFO c.h.h.t.HelmChartContainer - [K3S] [reconciler_common.go:162] "operationExecutor.UnmountVolume started for volume \"kube-api-access-nc7bx\" (UniqueName: \"kubernetes.io/projected/50d66a13-79ef-41e8-a125-b4b31f6557b6-kube-api-access-nc7bx\") pod \"50d66a13-79ef-41e8-a125-b4b31f6557b6\" (UID: \"50d66a13-79ef-41e8-a125-b4b31f6557b6\") "
2025-01-29 18:43:38,482 INFO c.h.h.t.HelmChartContainer - [K3S] [reconciler_common.go:162] "operationExecutor.UnmountVolume started for volume \"pod-info\" (UniqueName: \"kubernetes.io/configmap/50d66a13-79ef-41e8-a125-b4b31f6557b6-pod-info\") pod \"50d66a13-79ef-41e8-a125-b4b31f6557b6\" (UID: \"50d66a13-79ef-41e8-a125-b4b31f6557b6\") "
2025-01-29 18:43:38,482 INFO c.h.h.t.HelmChartContainer - [K3S] [reconciler_common.go:162] "operationExecutor.UnmountVolume started for volume \"operator-init\" (UniqueName: \"kubernetes.io/empty-dir/50d66a13-79ef-41e8-a125-b4b31f6557b6-operator-init\") pod \"50d66a13-79ef-41e8-a125-b4b31f6557b6\" (UID: \"50d66a13-79ef-41e8-a125-b4b31f6557b6\") "
2025-01-29 18:43:38,503 INFO c.h.h.t.HelmChartContainer - [K3S] [stateful_set.go:438] "Unhandled Error" err="error syncing StatefulSet helmmetricsserviceit/test-hivemq-platform, requeuing: controllerrevisions.apps \"test-hivemq-platform-84f6684d79\" is forbidden: unable to create new content in namespace helmmetricsserviceit because it is being terminated"
2025-01-29 18:43:38,582 INFO c.h.h.t.HelmChartContainer - [K3S] [reconciler_common.go:299] "Volume detached for volume \"kube-api-access-nc7bx\" (UniqueName: \"kubernetes.io/projected/50d66a13-79ef-41e8-a125-b4b31f6557b6-kube-api-access-nc7bx\") on node \"04e65d37069a\" DevicePath \"\""
2025-01-29 18:43:38,582 INFO c.h.h.t.HelmChartContainer - [K3S] [reconciler_common.go:299] "Volume detached for volume \"pod-info\" (UniqueName: \"kubernetes.io/configmap/50d66a13-79ef-41e8-a125-b4b31f6557b6-pod-info\") on node \"04e65d37069a\" DevicePath \"\""
2025-01-29 18:43:38,582 INFO c.h.h.t.HelmChartContainer - [K3S] [reconciler_common.go:299] "Volume detached for volume \"operator-init\" (UniqueName: \"kubernetes.io/empty-dir/50d66a13-79ef-41e8-a125-b4b31f6557b6-operator-init\") on node \"04e65d37069a\" DevicePath \"\""
2025-01-29 18:43:38,582 INFO c.h.h.t.HelmChartContainer - [K3S] [reconciler_common.go:299] "Volume detached for volume \"broker-configuration\" (UniqueName: \"kubernetes.io/configmap/50d66a13-79ef-41e8-a125-b4b31f6557b6-broker-configuration\") on node \"04e65d37069a\" DevicePath \"\""
2025-01-29 18:43:38,586 INFO c.h.h.t.HelmChartContainer - [K3S] [stateful_set.go:438] "Unhandled Error" err="error syncing StatefulSet helmmetricsserviceit/test-hivemq-platform, requeuing: controllerrevisions.apps \"test-hivemq-platform-84f6684d79\" is forbidden: unable to create new content in namespace helmmetricsserviceit because it is being terminated"
2025-01-29 18:43:38,628 INFO c.h.h.t.HelmChartContainer - [K3S] [stateful_set.go:466] "StatefulSet has been deleted" key="helmmetricsserviceit/test-hivemq-platform"
2025-01-29 18:43:38,710 INFO c.h.h.t.HelmChartContainer - [K3S] [namespace_controller.go:164] "Unhandled Error" err="deletion of namespace helmmetricsserviceit failed: unexpected items still remain in namespace: helmmetricsserviceit for gvr: /v1, Resource=pods"
2025-01-29 18:43:38,747 INFO c.h.h.t.HelmChartContainer - [K3S] [stateful_set.go:466] "StatefulSet has been deleted" key="helmmetricsserviceit/test-hivemq-platform"
2025-01-29 18:43:38,752 INFO c.h.h.t.HelmChartContainer - [K3S] [scope.go:117] "RemoveContainer" containerID="2ae59a7eacab73083e5e4a3e99a9f1eeda62aa82f0e2561b887e40327d14e773"
2025-01-29 18:43:38,766 INFO c.h.h.t.HelmChartContainer - [POD] test-hivemq-platform-0 [50d66a13-79ef-41e8-a125-b4b31f6557b6] in helmmetricsserviceit was MODIFIED
2025-01-29 18:43:38,769 INFO c.h.h.t.HelmChartContainer - [POD] test-hivemq-platform-0 [50d66a13-79ef-41e8-a125-b4b31f6557b6] in helmmetricsserviceit was DELETED
2025-01-29 18:43:38,861 INFO c.h.h.t.HelmChartContainer - [K3S] [scope.go:117] "RemoveContainer" containerID="7dd23e2156acef94bb9413113f212dea181ac81809c8119a5cbb912ebac3c68f"
2025-01-29 18:43:38,864 INFO c.h.h.t.HelmChartContainer - [K3S] [scope.go:117] "RemoveContainer" containerID="2ae59a7eacab73083e5e4a3e99a9f1eeda62aa82f0e2561b887e40327d14e773"
2025-01-29 18:43:38,865 INFO c.h.h.t.HelmChartContainer - [K3S] [scope.go:117] "RemoveContainer" containerID="7dd23e2156acef94bb9413113f212dea181ac81809c8119a5cbb912ebac3c68f"
2025-01-29 18:43:38,951 INFO c.h.h.t.HelmChartContainer - [K3S] [kubelet_volumes.go:163] "Cleaned up orphaned pod volumes dir" podUID="50d66a13-79ef-41e8-a125-b4b31f6557b6" path="/var/lib/kubelet/pods/50d66a13-79ef-41e8-a125-b4b31f6557b6/volumes"
2025-01-29 18:43:39,029 INFO c.h.h.t.HelmChartContainer - Namespace 'helmmetricsserviceit' deleted
2025-01-29 18:43:39,029 INFO c.h.h.t.HelmChartContainer - Release 'test-hivemq-platform' in namespace 'helmmetricsserviceit' is uninstalled
2025-01-29 18:43:39,029 INFO c.h.h.t.HelmChartContainer - Uninstalling release 'test-hivemq-platform-operator' in namespace 'helmmetricsserviceit-operator'...
2025-01-29 18:43:39,029 DEBUG c.h.h.t.HelmChartContainer - Executing helm command: /bin/helm --kubeconfig /etc/rancher/k3s/k3s.yaml uninstall test-hivemq-platform-operator  --wait --timeout 5m0s --cascade foreground --namespace helmmetricsserviceit-operator
2025-01-29 18:43:39,202 INFO c.h.h.t.HelmChartContainer - [K3S] [replica_set.go:679] "Finished syncing" kind="ReplicaSet" key="helmmetricsserviceit-operator/hivemq-test-hivemq-platform-operator-6966f96d65" duration="23.175631ms"
2025-01-29 18:43:39,203 INFO c.h.h.t.HelmChartContainer - [K3S] [replica_set.go:679] "Finished syncing" kind="ReplicaSet" key="helmmetricsserviceit-operator/hivemq-test-hivemq-platform-operator-6966f96d65" duration="70.06µs"
2025-01-29 18:43:39,210 INFO c.h.h.t.HelmChartContainer - [POD] hivemq-test-hivemq-platform-operator-6966f96d65-5rb4f [a545c016-161e-416e-9fce-5ee84972ec87] in helmmetricsserviceit-operator was MODIFIED
2025-01-29 18:43:39,221 INFO c.h.h.t.HelmChartContainer - [hivemq-test-hivemq-platform] [hivemq-platform-operator] [a545c016] 18:43:39.219 [application-shutdown-thread] INFO  c.h.p.o.HiveMQPlatformOperatorApplication - HiveMQ Platform Operator is stopping...
2025-01-29 18:43:39,222 INFO c.h.h.t.HelmChartContainer - [EVENT] Normal [Killing] Stopping container hivemq-platform-operator [helmmetricsserviceit-operator:hivemq-test-hivemq-platform-operator-6966f96d65-5rb4f]
2025-01-29 18:43:39,223 INFO c.h.h.t.HelmChartContainer - Received Killing event for container hivemq-platform-operator in pod hivemq-test-hivemq-platform-operator-6966f96d65-5rb4f [a545c016-161e-416e-9fce-5ee84972ec87]
2025-01-29 18:43:39,223 INFO c.h.h.t.HelmChartContainer - Container [hivemq-test-hivemq-platform-operator-6966f96d65-5rb4f] [hivemq-platform-operator] [a545c016-161e-416e-9fce-5ee84972ec87] was terminated
2025-01-29 18:43:39,223 INFO c.h.h.t.HelmChartContainer - Stopped log watcher for hivemq-platform-operator in pod hivemq-test-hivemq-platform-operator-6966f96d65-5rb4f [a545c016-161e-416e-9fce-5ee84972ec87]
2025-01-29 18:43:39,223 INFO c.h.h.t.HelmChartContainer - [hivemq-test-hivemq-platform] [hivemq-platform-operator] [a545c016] 18:43:39.219 [application-shutdown-thread] INFO  i.javaoperatorsdk.operator.Operator - Operator SDK 4.9.7 is shutting down...
2025-01-29 18:43:39,228 INFO c.h.h.t.HelmChartContainer - [K3S] [replica_set.go:679] "Finished syncing" kind="ReplicaSet" key="helmmetricsserviceit-operator/hivemq-test-hivemq-platform-operator-6966f96d65" duration="18.987983ms"
2025-01-29 18:43:39,228 INFO c.h.h.t.HelmChartContainer - [K3S] [replica_set.go:679] "Finished syncing" kind="ReplicaSet" key="helmmetricsserviceit-operator/hivemq-test-hivemq-platform-operator-6966f96d65" duration="39.022µs"
2025-01-29 18:43:39,495 INFO c.h.h.t.HelmChartContainer - [K3S] [replica_set.go:679] "Finished syncing" kind="ReplicaSet" key="helmmetricsserviceit-operator/hivemq-test-hivemq-platform-operator-6966f96d65" duration="39.744µs"
2025-01-29 18:43:39,496 INFO c.h.h.t.HelmChartContainer - [POD] hivemq-test-hivemq-platform-operator-6966f96d65-5rb4f [a545c016-161e-416e-9fce-5ee84972ec87] in helmmetricsserviceit-operator was MODIFIED
2025-01-29 18:43:39,586 INFO c.h.h.t.HelmChartContainer - [K3S] [reconciler_common.go:162] "operationExecutor.UnmountVolume started for volume \"kube-api-access-wx7zj\" (UniqueName: \"kubernetes.io/projected/a545c016-161e-416e-9fce-5ee84972ec87-kube-api-access-wx7zj\") pod \"a545c016-161e-416e-9fce-5ee84972ec87\" (UID: \"a545c016-161e-416e-9fce-5ee84972ec87\") "
2025-01-29 18:43:39,686 INFO c.h.h.t.HelmChartContainer - [K3S] [reconciler_common.go:299] "Volume detached for volume \"kube-api-access-wx7zj\" (UniqueName: \"kubernetes.io/projected/a545c016-161e-416e-9fce-5ee84972ec87-kube-api-access-wx7zj\") on node \"04e65d37069a\" DevicePath \"\""
2025-01-29 18:43:39,761 INFO c.h.h.t.HelmChartContainer - [K3S] [scope.go:117] "RemoveContainer" containerID="fcd9ba1d49144f45741fa1784b52203c21542bccd3c9989634465a0904bae1a1"
2025-01-29 18:43:39,766 INFO c.h.h.t.HelmChartContainer - [K3S] [scope.go:117] "RemoveContainer" containerID="fcd9ba1d49144f45741fa1784b52203c21542bccd3c9989634465a0904bae1a1"
2025-01-29 18:43:39,772 INFO c.h.h.t.HelmChartContainer - [K3S] [replica_set.go:679] "Finished syncing" kind="ReplicaSet" key="helmmetricsserviceit-operator/hivemq-test-hivemq-platform-operator-6966f96d65" duration="46.116µs"
2025-01-29 18:43:39,773 INFO c.h.h.t.HelmChartContainer - [POD] hivemq-test-hivemq-platform-operator-6966f96d65-5rb4f [a545c016-161e-416e-9fce-5ee84972ec87] in helmmetricsserviceit-operator was MODIFIED
2025-01-29 18:43:39,775 INFO c.h.h.t.HelmChartContainer - [K3S] [replica_set.go:679] "Finished syncing" kind="ReplicaSet" key="helmmetricsserviceit-operator/hivemq-test-hivemq-platform-operator-6966f96d65" duration="32.5µs"
2025-01-29 18:43:39,775 INFO c.h.h.t.HelmChartContainer - [POD] hivemq-test-hivemq-platform-operator-6966f96d65-5rb4f [a545c016-161e-416e-9fce-5ee84972ec87] in helmmetricsserviceit-operator was DELETED
2025-01-29 18:43:39,784 INFO c.h.h.t.HelmChartContainer - [K3S] [replica_set.go:679] "Finished syncing" kind="ReplicaSet" key="helmmetricsserviceit-operator/hivemq-test-hivemq-platform-operator-6966f96d65" duration="6.582µs"
2025-01-29 18:43:40,951 INFO c.h.h.t.HelmChartContainer - [K3S] [kubelet_volumes.go:163] "Cleaned up orphaned pod volumes dir" podUID="a545c016-161e-416e-9fce-5ee84972ec87" path="/var/lib/kubelet/pods/a545c016-161e-416e-9fce-5ee84972ec87/volumes"
2025-01-29 18:43:41,230 INFO c.h.h.t.HelmChartContainer - Deleting namespace 'helmmetricsserviceit-operator'...
2025-01-29 18:43:43,947 INFO c.h.h.t.HelmChartContainer - [K3S] [namespace_controller.go:187] "Namespace has been deleted" namespace="helmmetricsserviceit"
2025-01-29 18:43:46,446 INFO c.h.h.t.HelmChartContainer - Namespace 'helmmetricsserviceit-operator' deleted
2025-01-29 18:43:46,446 INFO c.h.h.t.HelmChartContainer - Release 'test-hivemq-platform-operator' in namespace 'helmmetricsserviceit-operator' is uninstalled
2025-01-29 18:43:47,156 INFO c.h.helmcharts.AbstractHelmChartIT - Removed unused containers:

2025-01-29 18:43:51,396 INFO c.h.h.t.HelmChartContainer - [K3S] [namespace_controller.go:187] "Namespace has been deleted" namespace="helmmetricsserviceit-operator"
2025-01-29 18:43:54,818 INFO c.h.helmcharts.AbstractHelmChartIT - Removed unused snapshots:
Removing snapshot sha256:03af251906410714c5aef9fa705b63f6bbc39c4a5e787de7361eeb18886c2ed2
Removing snapshot sha256:0c46b3b43cce082ce5ec34ffc6c294e0417d17b9d1e6f366d114b6aadc4f96dc
Removing snapshot sha256:0ce761beee59082d6ed5bcebd3a805b8ddd9b3426b617e4809e7fb7c6587ffec
Removing snapshot sha256:0df91287303208332c8ff6ba40ae4710105201739addbfbddfb955f1ad593664
Removing snapshot sha256:1021ef88c7974bfff89c5a0ec4fd3160daac6c48a075f74cff721f85dd104e68
Removing snapshot sha256:10aba4953ddc18145dd38e3704709bc464aa20af60b56fe52caaff4b68411e62
Removing snapshot sha256:19bbee0f21c442cf607c045ed0afe1ed991e9579adde315dcf435cbcdcc53e4c
Removing snapshot sha256:2573e0d8158209ed54ab25c87bcdcb00bd3d2539246960a3d592a1c599d70465
Removing snapshot sha256:362a8a37f8bbc31925a8146adcf7cf51f9882f5c1dcbef67c5baa03a297543c0
Removing snapshot sha256:3fa4ad33f0ddc8fd45b39b6b4640f82a3a83619606cd975bfe89d8710ad2d4cd
Removing snapshot sha256:43a7c979bbaba6838bc3102d6b10a1459f3ab050b87ccdfef84ef90cf43d3058
Removing snapshot sha256:4ab04491cdf0d3267f08206fe30bd48f49f94b9cab2f016d6739220f722a64af
Removing snapshot sha256:4b6068250e89c96f263060261819c7d912855bfbd64b3eb4c4a8483299b8c295
Removing snapshot sha256:580e69a0a8034ede1921139bbd2bfb72a69ebf276d008281896c32dd8bf74775
Removing snapshot sha256:5d30ba46b27fe37484567ccc5242cadc78217b8da605f3f195ef25cbf7487904
Removing snapshot sha256:63ca1fbb43ae5034640e5e6cb3e083e05c290072c5366fcaa9d62435a4cced85
Removing snapshot sha256:67f702c6baae873bceb19487c8b1f27bd2b86077e4f2f0e480e6d60ab508b8f5
Removing snapshot sha256:6864348dd42806d552efdec384f1274be15e2d0c10ce44c1f04347af004c10a9
Removing snapshot sha256:6c7dee8f2c39b84b7dc2711c01d33de93514d9055499173e9290176fbe484b6c
Removing snapshot sha256:82753493a6d61ded36556292f02f31841a14c20d2f279f19eaad65afb661d5cd
Removing snapshot sha256:85e06a30f76f0b41c4a218b111fcc72d8ec84d350ff3e7d9ea0be00f0d902d91
Removing snapshot sha256:8a10d3db42c505ee0fcfa98417bdd7e39b304f6bcc0a06bb1b220797ff2cc63c
Removing snapshot sha256:a21e5b12dbac529ad45d976eb9ce45c881f3bedcc500fb30aba1e52aa1813418
Removing snapshot sha256:b921e6c28969094157f9b8e7244677780319637afd14450b7cb6b2fdea558a0c
Removing snapshot sha256:bc27ecb5769a00e309cf99ebc763c4a4b958b618d1decc96ffac5bc05f02f5b7
Removing snapshot sha256:be3ccb6627a5332e309d45ef461d09b4879dd870c7394d89323d0ebc6ca6aa8a
Removing snapshot sha256:c261f7cbbc64211ee175ee47273acdb7b1a36a4450b397a064a8f2c026490095
Removing snapshot sha256:c34d9393647eea0c9e3557ab988efaf59f61d10a2a5613b439ef0958cca5ec10
Removing snapshot sha256:ccf3c4a0fa967a41c1c83497a2ce6fa5787965859df0adb32c4ca2cf7490bc2b
Removing snapshot sha256:cf92d33f869417309692088c341cd0f223c178ea78a125f757317b22aa8f90e9
Removing snapshot sha256:d0037344cf2fb078884f1849f6a1f8cf9a33a3b6139b6a85833e5ee528e1f9a8
Removing snapshot sha256:d3b36d5b79273b1e98e7700470eaeff05a882e777124d84cebcc1505b85ecb36
Removing snapshot sha256:d65a44a37914602d12c611e5e22a50f11451d847e63015cc1c2aef92dee777a4
Removing snapshot sha256:e2dc0bae2455930f23ae570e019b7f32edc75c0f2d71cab084db837ff9051796
Removing snapshot sha256:eccbd24a99c60cd9e86ee5305dbfc4a4dc89f5ab4fb1f06c8d64797cecedef34
Removing snapshot sha256:f144bb4c7c7f0d2aa7eeffd36d934ec40db1ee167be727e326aad9fdc616f475

]]></system-out>
  </testcase>
  <system-out><![CDATA[2025-01-29 18:40:32,627 INFO c.h.h.t.HelmChartContainerExtension - Using cached HelmChartContainer instance
]]></system-out>
  <system-err><![CDATA[]]></system-err>
</testsuite>
