<?xml version="1.0" encoding="UTF-8"?>
<testsuite name="com.hivemq.helmcharts.services.HelmMqttIT" tests="5" skipped="0" failures="0" errors="0" timestamp="2025-01-30T18:13:20" hostname="fv-az1945-329" time="500.741">
  <properties/>
  <testcase name="platformChart_withCustomServiceName_thenSendsReceivesMessage()" classname="com.hivemq.helmcharts.services.HelmMqttIT" time="104.89">
    <system-out><![CDATA[2025-01-30 18:13:20,347 INFO c.h.h.t.HelmChartContainer - Creating namespace 'helmmqttit-operator'...
2025-01-30 18:13:20,576 INFO c.h.h.t.HelmChartContainer - Namespace 'helmmqttit-operator' created
2025-01-30 18:13:20,576 INFO c.h.h.t.HelmChartContainer - Creating namespace 'helmmqttit'...
2025-01-30 18:13:20,577 INFO c.h.h.t.HelmChartContainer - [POD] coredns-ff8999cc5-5ndxn [be5db313-012b-4d92-a7e5-d08b1ac1a155] in kube-system was ADDED
2025-01-30 18:13:20,579 INFO c.h.h.t.HelmChartContainer - [POD] local-path-provisioner-698b58967b-dpphv [f87ac2ef-9cd4-4f20-a534-7a6b9a45e347] in kube-system was ADDED
2025-01-30 18:13:20,581 INFO c.h.h.t.HelmChartContainer - [POD] metrics-server-8584b5786c-pqxkv [ce02d137-351d-49bc-9573-f4f7ef5905c9] in kube-system was ADDED
2025-01-30 18:13:20,587 INFO c.h.h.t.HelmChartContainer - Namespace 'helmmqttit' created
2025-01-30 18:13:20,655 DEBUG c.h.h.t.HelmChartContainer - Executing helm command: /bin/helm --kubeconfig /etc/rancher/k3s/k3s.yaml install test-hivemq-platform-operator /charts/hivemq-platform-operator --wait --timeout 5m0s --set image.repository=docker.io/hivemq --set image.name=hivemq-platform-operator-test --set image.initImageName=hivemq-platform-operator-init-test --set image.tag=snapshot --set image.pullPolicy=Never --set logLevel=DEBUG --set resources.cpu=512m --namespace helmmqttit-operator
2025-01-30 18:13:23,059 INFO c.h.h.t.HelmChartContainer - [K3S] [alloc.go:330] "allocated clusterIPs" service="helmmqttit-operator/hivemq-platform-operator-test-hivemq-platform-operator" clusterIPs={"IPv4":"10.43.121.95"}
2025-01-30 18:13:23,075 INFO c.h.h.t.HelmChartContainer - [EVENT] Normal [ScalingReplicaSet] Scaled up replica set hivemq-test-hivemq-platform-operator-6966f96d65 from 0 to 1 [helmmqttit-operator:hivemq-test-hivemq-platform-operator]
2025-01-30 18:13:23,084 INFO c.h.h.t.HelmChartContainer - [POD] hivemq-test-hivemq-platform-operator-6966f96d65-4nhkg [ef7feeec-a0ae-4dcb-8889-bf667a9371eb] in helmmqttit-operator was ADDED
2025-01-30 18:13:23,088 INFO c.h.h.t.HelmChartContainer - [EVENT] Normal [SuccessfulCreate] Created pod: hivemq-test-hivemq-platform-operator-6966f96d65-4nhkg [helmmqttit-operator:hivemq-test-hivemq-platform-operator-6966f96d65]
2025-01-30 18:13:23,092 INFO c.h.h.t.HelmChartContainer - [K3S] [replica_set.go:679] "Finished syncing" kind="ReplicaSet" key="helmmqttit-operator/hivemq-test-hivemq-platform-operator-6966f96d65" duration="21.68541ms"
2025-01-30 18:13:23,097 INFO c.h.h.t.HelmChartContainer - [POD] hivemq-test-hivemq-platform-operator-6966f96d65-4nhkg [ef7feeec-a0ae-4dcb-8889-bf667a9371eb] in helmmqttit-operator was MODIFIED
2025-01-30 18:13:23,103 INFO c.h.h.t.HelmChartContainer - [EVENT] Normal [Scheduled] Successfully assigned helmmqttit-operator/hivemq-test-hivemq-platform-operator-6966f96d65-4nhkg to 0019a1e396a2 [helmmqttit-operator:hivemq-test-hivemq-platform-operator-6966f96d65-4nhkg]
2025-01-30 18:13:23,110 INFO c.h.h.t.HelmChartContainer - [K3S] [reconciler_common.go:251] "operationExecutor.VerifyControllerAttachedVolume started for volume \"kube-api-access-vplpn\" (UniqueName: \"kubernetes.io/projected/ef7feeec-a0ae-4dcb-8889-bf667a9371eb-kube-api-access-vplpn\") pod \"hivemq-test-hivemq-platform-operator-6966f96d65-4nhkg\" (UID: \"ef7feeec-a0ae-4dcb-8889-bf667a9371eb\") " pod="helmmqttit-operator/hivemq-test-hivemq-platform-operator-6966f96d65-4nhkg"
2025-01-30 18:13:23,111 INFO c.h.h.t.HelmChartContainer - [K3S] [replica_set.go:679] "Finished syncing" kind="ReplicaSet" key="helmmqttit-operator/hivemq-test-hivemq-platform-operator-6966f96d65" duration="18.028276ms"
2025-01-30 18:13:23,116 INFO c.h.h.t.HelmChartContainer - [POD] hivemq-test-hivemq-platform-operator-6966f96d65-4nhkg [ef7feeec-a0ae-4dcb-8889-bf667a9371eb] in helmmqttit-operator was MODIFIED
2025-01-30 18:13:23,122 INFO c.h.h.t.HelmChartContainer - [K3S] [replica_set.go:679] "Finished syncing" kind="ReplicaSet" key="helmmqttit-operator/hivemq-test-hivemq-platform-operator-6966f96d65" duration="11.345582ms"
2025-01-30 18:13:23,122 INFO c.h.h.t.HelmChartContainer - [K3S] [replica_set.go:679] "Finished syncing" kind="ReplicaSet" key="helmmqttit-operator/hivemq-test-hivemq-platform-operator-6966f96d65" duration="40.325µs"
2025-01-30 18:13:23,487 INFO c.h.h.t.HelmChartContainer - [EVENT] Normal [Pulled] Container image "docker.io/hivemq/hivemq-platform-operator-test:snapshot" already present on machine [helmmqttit-operator:hivemq-test-hivemq-platform-operator-6966f96d65-4nhkg]
2025-01-30 18:13:23,488 INFO c.h.h.t.HelmChartContainer - Received Pulled event for container hivemq-platform-operator in pod hivemq-test-hivemq-platform-operator-6966f96d65-4nhkg [ef7feeec-a0ae-4dcb-8889-bf667a9371eb]
2025-01-30 18:13:23,494 INFO c.h.h.t.HelmChartContainer - [EVENT] Normal [Created] Created container: hivemq-platform-operator [helmmqttit-operator:hivemq-test-hivemq-platform-operator-6966f96d65-4nhkg]
2025-01-30 18:13:23,494 INFO c.h.h.t.HelmChartContainer - Received Created event for container hivemq-platform-operator in pod hivemq-test-hivemq-platform-operator-6966f96d65-4nhkg [ef7feeec-a0ae-4dcb-8889-bf667a9371eb]
2025-01-30 18:13:24,207 INFO c.h.h.t.HelmChartContainer - [POD] hivemq-test-hivemq-platform-operator-6966f96d65-4nhkg [ef7feeec-a0ae-4dcb-8889-bf667a9371eb] in helmmqttit-operator was MODIFIED
2025-01-30 18:13:24,210 INFO c.h.h.t.HelmChartContainer - [K3S] [replica_set.go:679] "Finished syncing" kind="ReplicaSet" key="helmmqttit-operator/hivemq-test-hivemq-platform-operator-6966f96d65" duration="64.12µs"
2025-01-30 18:13:24,226 INFO c.h.h.t.HelmChartContainer - Started log watcher for hivemq-platform-operator in pod hivemq-test-hivemq-platform-operator-6966f96d65-4nhkg [ef7feeec-a0ae-4dcb-8889-bf667a9371eb]
2025-01-30 18:13:24,226 INFO c.h.h.t.HelmChartContainer - [EVENT] Normal [Started] Started container hivemq-platform-operator [helmmqttit-operator:hivemq-test-hivemq-platform-operator-6966f96d65-4nhkg]
2025-01-30 18:13:24,226 INFO c.h.h.t.HelmChartContainer - Received Started event for container hivemq-platform-operator in pod hivemq-test-hivemq-platform-operator-6966f96d65-4nhkg [ef7feeec-a0ae-4dcb-8889-bf667a9371eb]
2025-01-30 18:13:24,226 INFO c.h.h.t.HelmChartContainer - [hivemq-test-hivemq-platform] [hivemq-platform-operator] [ef7feeec] -------------------------------------------------------------------------
2025-01-30 18:13:24,226 INFO c.h.h.t.HelmChartContainer - [hivemq-test-hivemq-platform] [hivemq-platform-operator] [ef7feeec] 
2025-01-30 18:13:24,226 INFO c.h.h.t.HelmChartContainer - [hivemq-test-hivemq-platform] [hivemq-platform-operator] [ef7feeec]                   _    _  _              __  __   ____
2025-01-30 18:13:24,226 INFO c.h.h.t.HelmChartContainer - [hivemq-test-hivemq-platform] [hivemq-platform-operator] [ef7feeec]                  | |  | |(_)            |  \/  | / __ \
2025-01-30 18:13:24,226 INFO c.h.h.t.HelmChartContainer - [hivemq-test-hivemq-platform] [hivemq-platform-operator] [ef7feeec]                  | |__| | _ __   __ ___ | \  / || |  | |
2025-01-30 18:13:24,226 INFO c.h.h.t.HelmChartContainer - [hivemq-test-hivemq-platform] [hivemq-platform-operator] [ef7feeec]                  |  __  || |\ \ / // _ \| |\/| || |  | |
2025-01-30 18:13:24,226 INFO c.h.h.t.HelmChartContainer - [hivemq-test-hivemq-platform] [hivemq-platform-operator] [ef7feeec]                  | |  | || | \ V /|  __/| |  | || |__| |
2025-01-30 18:13:24,226 INFO c.h.h.t.HelmChartContainer - [hivemq-test-hivemq-platform] [hivemq-platform-operator] [ef7feeec]                  |_|  |_||_|  \_/  \___||_|  |_| \___\_\
2025-01-30 18:13:24,226 INFO c.h.h.t.HelmChartContainer - [hivemq-test-hivemq-platform] [hivemq-platform-operator] [ef7feeec] 
2025-01-30 18:13:24,226 INFO c.h.h.t.HelmChartContainer - [hivemq-test-hivemq-platform] [hivemq-platform-operator] [ef7feeec] -------------------------------------------------------------------------
2025-01-30 18:13:24,226 INFO c.h.h.t.HelmChartContainer - [hivemq-test-hivemq-platform] [hivemq-platform-operator] [ef7feeec] 
2025-01-30 18:13:24,226 INFO c.h.h.t.HelmChartContainer - [hivemq-test-hivemq-platform] [hivemq-platform-operator] [ef7feeec]   HiveMQ Platform Operator Start Script v1.0
2025-01-30 18:13:24,226 INFO c.h.h.t.HelmChartContainer - [hivemq-test-hivemq-platform] [hivemq-platform-operator] [ef7feeec] 
2025-01-30 18:13:24,226 INFO c.h.h.t.HelmChartContainer - [hivemq-test-hivemq-platform] [hivemq-platform-operator] [ef7feeec] -------------------------------------------------------------------------
2025-01-30 18:13:24,226 INFO c.h.h.t.HelmChartContainer - [hivemq-test-hivemq-platform] [hivemq-platform-operator] [ef7feeec] 
2025-01-30 18:13:24,226 INFO c.h.h.t.HelmChartContainer - [hivemq-test-hivemq-platform] [hivemq-platform-operator] [ef7feeec]   JAVA_OPTS: -XX:+UnlockExperimentalVMOptions -XX:InitialRAMPercentage=75 -XX:MaxRAMPercentage=75 -Duser.language=en -Duser.region=US
2025-01-30 18:13:24,226 INFO c.h.h.t.HelmChartContainer - [hivemq-test-hivemq-platform] [hivemq-platform-operator] [ef7feeec] 
2025-01-30 18:13:24,227 INFO c.h.h.t.HelmChartContainer - [hivemq-test-hivemq-platform] [hivemq-platform-operator] [ef7feeec]   JAVA_VERSION: 21
2025-01-30 18:13:24,227 INFO c.h.h.t.HelmChartContainer - [hivemq-test-hivemq-platform] [hivemq-platform-operator] [ef7feeec] 
2025-01-30 18:13:24,227 INFO c.h.h.t.HelmChartContainer - [hivemq-test-hivemq-platform] [hivemq-platform-operator] [ef7feeec] -------------------------------------------------------------------------
2025-01-30 18:13:24,227 INFO c.h.h.t.HelmChartContainer - [hivemq-test-hivemq-platform] [hivemq-platform-operator] [ef7feeec] 
2025-01-30 18:13:26,951 INFO c.h.h.t.HelmChartContainer - [hivemq-test-hivemq-platform] [hivemq-platform-operator] [ef7feeec] 18:13:26.948 [main] DEBUG org.jboss.logging - Logging Provider: org.jboss.logging.Slf4jLoggerProvider
2025-01-30 18:13:27,058 INFO c.h.h.t.HelmChartContainer - [hivemq-test-hivemq-platform] [hivemq-platform-operator] [ef7feeec] 18:13:27.057 [main] DEBUG io.smallrye.config - SRCFG01006: Loaded ConfigSource SysPropConfigSource with ordinal 400
2025-01-30 18:13:27,058 INFO c.h.h.t.HelmChartContainer - [hivemq-test-hivemq-platform] [hivemq-platform-operator] [ef7feeec] 18:13:27.057 [main] DEBUG io.smallrye.config - SRCFG01006: Loaded ConfigSource EnvConfigSource with ordinal 300
2025-01-30 18:13:27,058 INFO c.h.h.t.HelmChartContainer - [hivemq-test-hivemq-platform] [hivemq-platform-operator] [ef7feeec] 18:13:27.057 [main] DEBUG io.smallrye.config - SRCFG01006: Loaded ConfigSource PropertiesConfigSource[source=jar:file:///opt/hivemq-platform-operator/bin/hivemq-platform-operator.jar!/hivemq-platform-operator.properties] with ordinal 100
2025-01-30 18:13:27,060 INFO c.h.h.t.HelmChartContainer - [hivemq-test-hivemq-platform] [hivemq-platform-operator] [ef7feeec] 18:13:27.057 [main] DEBUG io.smallrye.config - SRCFG01006: Loaded ConfigSource DefaultValuesConfigSource with ordinal -2147483648
2025-01-30 18:13:27,156 INFO c.h.h.t.HelmChartContainer - [hivemq-test-hivemq-platform] [hivemq-platform-operator] [ef7feeec] 18:13:27.154 [main] DEBUG i.m.c.u.i.l.InternalLoggerFactory - Using SLF4J as the default logging framework
2025-01-30 18:13:27,273 INFO c.h.h.t.HelmChartContainer - [hivemq-test-hivemq-platform] [hivemq-platform-operator] [ef7feeec] 18:13:27.255 [main] INFO  c.h.p.o.HiveMQPlatformOperatorApplication - HiveMQ Platform Operator 1.7.0-SNAPSHOT (commit: 47e3375 on branch: HEAD) built on Thu Jan 30 03:55:50 UTC 2025
2025-01-30 18:13:27,274 INFO c.h.h.t.HelmChartContainer - [hivemq-test-hivemq-platform] [hivemq-platform-operator] [ef7feeec] 18:13:27.273 [main] INFO  c.h.p.o.HiveMQPlatformOperatorApplication - HiveMQ Platform Operator is running in namespace: helmmqttit-operator
2025-01-30 18:13:27,275 INFO c.h.h.t.HelmChartContainer - [hivemq-test-hivemq-platform] [hivemq-platform-operator] [ef7feeec] 18:13:27.273 [main] INFO  c.h.p.o.HiveMQPlatformOperatorApplication - Watching all namespaces
2025-01-30 18:13:27,275 INFO c.h.h.t.HelmChartContainer - [hivemq-test-hivemq-platform] [hivemq-platform-operator] [ef7feeec] 18:13:27.273 [main] INFO  c.h.p.o.HiveMQPlatformOperatorApplication - Log level: DEBUG
2025-01-30 18:13:27,275 INFO c.h.h.t.HelmChartContainer - [hivemq-test-hivemq-platform] [hivemq-platform-operator] [ef7feeec] 18:13:27.273 [main] INFO  c.h.p.o.HiveMQPlatformOperatorApplication - Release name: test-hivemq-platform-operator
2025-01-30 18:13:27,275 INFO c.h.h.t.HelmChartContainer - [hivemq-test-hivemq-platform] [hivemq-platform-operator] [ef7feeec] 18:13:27.273 [main] INFO  c.h.p.o.HiveMQPlatformOperatorApplication - HiveMQ Platform Operator Init image: docker.io/hivemq/hivemq-platform-operator-init-test:snapshot
2025-01-30 18:13:27,275 INFO c.h.h.t.HelmChartContainer - [hivemq-test-hivemq-platform] [hivemq-platform-operator] [ef7feeec] 18:13:27.273 [main] INFO  c.h.p.o.HiveMQPlatformOperatorApplication - HiveMQ Platform Operator Init App update URL: http://hivemq-platform-operator-test-hivemq-platform-operator.helmmqttit-operator.svc:8080/initAppUpdate/hivemq-platform-operator-init-app-1.7.0-SNAPSHOT.jar
2025-01-30 18:13:27,275 INFO c.h.h.t.HelmChartContainer - [hivemq-test-hivemq-platform] [hivemq-platform-operator] [ef7feeec] 18:13:27.273 [main] INFO  c.h.p.o.HiveMQPlatformOperatorApplication - Additional imagePullSecret for all Platform deployments: none
2025-01-30 18:13:27,275 INFO c.h.h.t.HelmChartContainer - [hivemq-test-hivemq-platform] [hivemq-platform-operator] [ef7feeec] 18:13:27.273 [main] INFO  c.h.p.o.HiveMQPlatformOperatorApplication - Apply HiveMQ Platform CRD: true
2025-01-30 18:13:27,275 INFO c.h.h.t.HelmChartContainer - [hivemq-test-hivemq-platform] [hivemq-platform-operator] [ef7feeec] 18:13:27.273 [main] INFO  c.h.p.o.HiveMQPlatformOperatorApplication - Create Platform ServiceAccount: true
2025-01-30 18:13:27,275 INFO c.h.h.t.HelmChartContainer - [hivemq-test-hivemq-platform] [hivemq-platform-operator] [ef7feeec] 18:13:27.273 [main] INFO  c.h.p.o.HiveMQPlatformOperatorApplication - Create Platform ServiceAccount permissions: true
2025-01-30 18:13:27,275 INFO c.h.h.t.HelmChartContainer - [hivemq-test-hivemq-platform] [hivemq-platform-operator] [ef7feeec] 18:13:27.273 [main] INFO  c.h.p.o.HiveMQPlatformOperatorApplication - Validate Platform ServiceAccount: true
2025-01-30 18:13:27,276 INFO c.h.h.t.HelmChartContainer - [hivemq-test-hivemq-platform] [hivemq-platform-operator] [ef7feeec] 18:13:27.273 [main] INFO  c.h.p.o.HiveMQPlatformOperatorApplication - Validate Platform ServiceAccount permissions: true
2025-01-30 18:13:27,453 INFO c.h.h.t.HelmChartContainer - [hivemq-test-hivemq-platform] [hivemq-platform-operator] [ef7feeec] 18:13:27.451 [main] INFO  c.h.platform.operator.util.CRDUtil - Verifying deployed HiveMQ Platform CRD...
2025-01-30 18:13:30,050 INFO c.h.h.t.HelmChartContainer - [hivemq-test-hivemq-platform] [hivemq-platform-operator] [ef7feeec] 18:13:30.049 [main] DEBUG c.h.platform.operator.util.CRDUtil - HiveMQ Platform CRD version v1 is up to date
2025-01-30 18:13:30,050 INFO c.h.h.t.HelmChartContainer - [hivemq-test-hivemq-platform] [hivemq-platform-operator] [ef7feeec] 18:13:30.049 [main] INFO  c.h.platform.operator.util.CRDUtil - HiveMQ Platform CRD is up to date (version: V1_6_0)
2025-01-30 18:13:30,051 INFO c.h.h.t.HelmChartContainer - [hivemq-test-hivemq-platform] [hivemq-platform-operator] [ef7feeec] 18:13:30.049 [main] INFO  c.h.platform.operator.util.CRDUtil - Waiting 10000 ms for HiveMQ Platform CRD 'hivemq-platforms.hivemq.com' to become ready...
2025-01-30 18:13:30,199 INFO c.h.h.t.HelmChartContainer - [POD] metrics-server-8584b5786c-pqxkv [ce02d137-351d-49bc-9573-f4f7ef5905c9] in kube-system was MODIFIED
2025-01-30 18:13:30,202 INFO c.h.h.t.HelmChartContainer - [K3S] [replica_set.go:679] "Finished syncing" kind="ReplicaSet" key="kube-system/metrics-server-8584b5786c" duration="6.020035ms"
2025-01-30 18:13:30,207 INFO c.h.h.t.HelmChartContainer - [K3S] [replica_set.go:679] "Finished syncing" kind="ReplicaSet" key="kube-system/metrics-server-8584b5786c" duration="31.007µs"
2025-01-30 18:13:30,278 INFO c.h.h.t.HelmChartContainer - [hivemq-test-hivemq-platform] [hivemq-platform-operator] [ef7feeec] 18:13:30.276 [vert.x-eventloop-thread-1] DEBUG c.h.platform.operator.util.CRDUtil - Checking CRD condition 'NamesAccepted' (status: 'True')
2025-01-30 18:13:30,278 INFO c.h.h.t.HelmChartContainer - [hivemq-test-hivemq-platform] [hivemq-platform-operator] [ef7feeec] 18:13:30.277 [vert.x-eventloop-thread-1] DEBUG c.h.platform.operator.util.CRDUtil - Checking CRD condition 'Established' (status: 'True')
2025-01-30 18:13:30,279 INFO c.h.h.t.HelmChartContainer - [hivemq-test-hivemq-platform] [hivemq-platform-operator] [ef7feeec] 18:13:30.277 [main] INFO  c.h.platform.operator.util.CRDUtil - HiveMQ Platform CRD 'hivemq-platforms.hivemq.com' is ready
2025-01-30 18:13:30,470 INFO c.h.h.t.HelmChartContainer - [hivemq-test-hivemq-platform] [hivemq-platform-operator] [ef7feeec] 18:13:30.469 [main] INFO  c.h.p.o.HiveMQPlatformReconciler - HiveMQ Platform Operator is starting...
2025-01-30 18:13:30,574 INFO c.h.h.t.HelmChartContainer - [hivemq-test-hivemq-platform] [hivemq-platform-operator] [ef7feeec] 18:13:30.572 [main] WARN  Default ConfigurationService implementation - Configuration for reconciler 'hivemq-controller' was not found. Known reconcilers: None.
2025-01-30 18:13:30,581 INFO c.h.h.t.HelmChartContainer - [hivemq-test-hivemq-platform] [hivemq-platform-operator] [ef7feeec] 18:13:30.580 [main] INFO  Default ConfigurationService implementation - Created configuration for reconciler com.hivemq.platform.operator.HiveMQPlatformReconciler with name hivemq-controller
2025-01-30 18:13:30,753 INFO c.h.h.t.HelmChartContainer - [hivemq-test-hivemq-platform] [hivemq-platform-operator] [ef7feeec] 18:13:30.752 [main] DEBUG c.h.p.o.HiveMQPlatformReconciler - HiveMQ Platform Operator is preparing EventSources
2025-01-30 18:13:30,775 INFO c.h.h.t.HelmChartContainer - [hivemq-test-hivemq-platform] [hivemq-platform-operator] [ef7feeec] 18:13:30.773 [main] INFO  i.javaoperatorsdk.operator.Operator - Registered reconciler: 'hivemq-controller' for resource: 'class com.hivemq.platform.operator.v1.HiveMQPlatform' for namespace(s): [all namespaces]
2025-01-30 18:13:31,471 INFO c.h.h.t.HelmChartContainer - [hivemq-test-hivemq-platform] [hivemq-platform-operator] [ef7feeec] 18:13:31.469 [main] INFO  c.h.p.operator.webserver.JettyServer - Starting Jetty server on port 8080
2025-01-30 18:13:31,555 INFO c.h.h.t.HelmChartContainer - [hivemq-test-hivemq-platform] [hivemq-platform-operator] [ef7feeec] 18:13:31.554 [main] INFO  i.javaoperatorsdk.operator.Operator - Operator SDK 4.9.7 (commit: 2133d28) built on Wed Nov 20 12:56:20 UTC 2024 starting...
2025-01-30 18:13:31,555 INFO c.h.h.t.HelmChartContainer - [hivemq-test-hivemq-platform] [hivemq-platform-operator] [ef7feeec] 18:13:31.554 [main] INFO  i.javaoperatorsdk.operator.Operator - Client version: 6.13.5
2025-01-30 18:13:31,557 INFO c.h.h.t.HelmChartContainer - [hivemq-test-hivemq-platform] [hivemq-platform-operator] [ef7feeec] 18:13:31.555 [Controller Starter for: hivemq-controller] INFO  i.j.operator.processing.Controller - Starting 'hivemq-controller' controller for reconciler: com.hivemq.platform.operator.HiveMQPlatformReconciler, resource: com.hivemq.platform.operator.v1.HiveMQPlatform
2025-01-30 18:13:32,915 INFO c.h.h.t.HelmChartContainer - [K3S] [range_allocator.go:247] "Successfully synced" key="0019a1e396a2"
2025-01-30 18:13:33,886 INFO c.h.h.t.HelmChartContainer - [hivemq-test-hivemq-platform] [hivemq-platform-operator] [ef7feeec] 18:13:33.885 [Controller Starter for: hivemq-controller] INFO  i.j.operator.processing.Controller - 'hivemq-controller' controller started
2025-01-30 18:13:33,950 INFO c.h.h.t.HelmChartContainer - [hivemq-test-hivemq-platform] [hivemq-platform-operator] [ef7feeec] 18:13:33.948 [main] INFO  c.h.p.o.HiveMQPlatformOperatorApplication - HiveMQ Platform Operator 1.7.0-SNAPSHOT started in 6693 ms
2025-01-30 18:13:35,217 INFO c.h.h.t.HelmChartContainer - [POD] hivemq-test-hivemq-platform-operator-6966f96d65-4nhkg [ef7feeec-a0ae-4dcb-8889-bf667a9371eb] in helmmqttit-operator was MODIFIED
2025-01-30 18:13:35,221 INFO c.h.h.t.HelmChartContainer - [K3S] [replica_set.go:679] "Finished syncing" kind="ReplicaSet" key="helmmqttit-operator/hivemq-test-hivemq-platform-operator-6966f96d65" duration="8.701399ms"
2025-01-30 18:13:35,223 INFO c.h.h.t.HelmChartContainer - [K3S] [replica_set.go:679] "Finished syncing" kind="ReplicaSet" key="helmmqttit-operator/hivemq-test-hivemq-platform-operator-6966f96d65" duration="45.595µs"
2025-01-30 18:13:37,198 DEBUG c.h.h.t.HelmChartContainer - Executing helm command: /bin/helm --kubeconfig /etc/rancher/k3s/k3s.yaml install test-hivemq-platform /charts/hivemq-platform --wait --timeout 5m0s --set image.repository=docker.io/hivemq --set image.tag=4.36.0 --set image.pullPolicy=Never --set nodes.resources.cpu=512m -f /files/custom-service-names-values.yaml --namespace helmmqttit
2025-01-30 18:13:37,443 INFO c.h.h.t.HelmChartContainer - [hivemq-test-hivemq-platform] [hivemq-platform-operator] [ef7feeec] 18:13:37.441 [-2082509879-pool-1-thread-1] WARN  i.m.p.PrometheusMeterRegistry - The meter (MeterId{name='operator.sdk.events.received', tags=[tag(action=ADDED),tag(event=ResourceEvent),tag(group=hivemq.com),tag(kind=HiveMQPlatform),tag(name=test-hivemq-platform),tag(namespace=helmmqttit),tag(scope=namespace),tag(version=v1)]}) registration has failed: Prometheus requires that all meters with the same name have the same set of tag keys. There is already an existing meter named 'operator.sdk.events.received' containing tag keys [event, group, kind, name, namespace, scope, version]. The meter you are attempting to register has keys [action, event, group, kind, name, namespace, scope, version]. Note that subsequent logs will be logged at debug level.
2025-01-30 18:13:37,880 INFO c.h.h.t.HelmChartContainer - [hivemq-test-hivemq-platform] [hivemq-platform-operator] [ef7feeec] 18:13:37.878 [pool-6-thread-3] DEBUG c.h.p.o.dependants.PodInfoConfigMap - [helmmqtt] Desired PodInfo ConfigMap (1 extensions) (1 enabled)
2025-01-30 18:13:37,880 INFO c.h.h.t.HelmChartContainer - [hivemq-test-hivemq-platform] [hivemq-platform-operator] [ef7feeec] 18:13:37.878 [pool-6-thread-3] DEBUG c.h.p.o.dependants.PodInfoConfigMap - [helmmqtt] Desired PodInfo ConfigMap (metrics port: 9399) (metrics path: /)
2025-01-30 18:13:37,880 INFO c.h.h.t.HelmChartContainer - [hivemq-test-hivemq-platform] [hivemq-platform-operator] [ef7feeec] 18:13:37.878 [pool-6-thread-3] DEBUG c.h.p.o.dependants.PodInfoConfigMap - [helmmqtt] Desired PodInfo ConfigMap (extension state hash: -1817474005)
2025-01-30 18:13:37,882 INFO c.h.h.t.HelmChartContainer - [hivemq-test-hivemq-platform] [hivemq-platform-operator] [ef7feeec] 18:13:37.881 [pool-6-thread-3] DEBUG c.h.p.o.dependants.PodInfoConfigMap - [helmmqtt] Create PodInfo ConfigMap
2025-01-30 18:13:37,984 INFO c.h.h.t.HelmChartContainer - [hivemq-test-hivemq-platform] [hivemq-platform-operator] [ef7feeec] 18:13:37.980 [pool-6-thread-5] DEBUG c.h.p.o.dependants.PodRoleResource - [helmmqtt] Create Role: Role(apiVersion=rbac.authorization.k8s.io/v1, kind=Role, metadata=ObjectMeta(annotations={meta.helm.sh/release-name=test-hivemq-platform, meta.helm.sh/release-namespace=helmmqttit}, creationTimestamp=null, deletionGracePeriodSeconds=null, deletionTimestamp=null, finalizers=[], generateName=null, generation=null, labels={helm.sh/chart=hivemq-platform-0.2.32, app.kubernetes.io/managed-by=Helm, app.kubernetes.io/name=hivemq-platform, hivemq-platform=test-hivemq-platform, app.kubernetes.io/instance=test-hivemq-platform, app.kubernetes.io/version=4.36.0}, managedFields=[], name=hivemq-platform-role-test-hivemq-platform, namespace=helmmqttit, ownerReferences=[OwnerReference(apiVersion=hivemq.com/v1, blockOwnerDeletion=null, controller=null, kind=HiveMQPlatform, name=test-hivemq-platform, uid=6d094739-4891-4540-9bfb-dda9fe0bc710, additionalProperties={})], resourceVersion=null, selfLink=null, uid=null, additionalProperties={}), rules=[PolicyRule(apiGroups=[], nonResourceURLs=[], resourceNames=[], resources=[pods], verbs=[get, patch, update], additionalProperties={})], additionalProperties={})
2025-01-30 18:13:38,090 INFO c.h.h.t.HelmChartContainer - [hivemq-test-hivemq-platform] [hivemq-platform-operator] [ef7feeec] 18:13:38.088 [pool-6-thread-7] DEBUG c.h.p.o.d.PodServiceAccountResource - [helmmqtt] Desired PodServiceAccountResource (serviceAccountName: hivemq-platform-pod-test-hivemq-platform)
2025-01-30 18:13:38,090 INFO c.h.h.t.HelmChartContainer - [hivemq-test-hivemq-platform] [hivemq-platform-operator] [ef7feeec] 18:13:38.089 [pool-6-thread-7] DEBUG c.h.p.o.d.PodServiceAccountResource - [helmmqtt] Create ServiceAccount 'hivemq-platform-pod-test-hivemq-platform'
2025-01-30 18:13:38,275 INFO c.h.h.t.HelmChartContainer - [hivemq-test-hivemq-platform] [hivemq-platform-operator] [ef7feeec] 18:13:38.273 [pool-6-thread-10] DEBUG c.h.p.o.d.PodRoleBindingResource - [helmmqtt] Create RoleBinding: RoleBinding(apiVersion=rbac.authorization.k8s.io/v1, kind=RoleBinding, metadata=ObjectMeta(annotations={meta.helm.sh/release-name=test-hivemq-platform, meta.helm.sh/release-namespace=helmmqttit}, creationTimestamp=null, deletionGracePeriodSeconds=null, deletionTimestamp=null, finalizers=[], generateName=null, generation=null, labels={helm.sh/chart=hivemq-platform-0.2.32, app.kubernetes.io/managed-by=Helm, app.kubernetes.io/name=hivemq-platform, hivemq-platform=test-hivemq-platform, app.kubernetes.io/instance=test-hivemq-platform, app.kubernetes.io/version=4.36.0}, managedFields=[], name=hivemq-platform-role-binding-test-hivemq-platform, namespace=helmmqttit, ownerReferences=[OwnerReference(apiVersion=hivemq.com/v1, blockOwnerDeletion=null, controller=null, kind=HiveMQPlatform, name=test-hivemq-platform, uid=6d094739-4891-4540-9bfb-dda9fe0bc710, additionalProperties={})], resourceVersion=null, selfLink=null, uid=null, additionalProperties={}), roleRef=RoleRef(apiGroup=rbac.authorization.k8s.io, kind=Role, name=hivemq-platform-role-test-hivemq-platform, additionalProperties={}), subjects=[Subject(apiGroup=null, kind=ServiceAccount, name=hivemq-platform-pod-test-hivemq-platform, namespace=helmmqttit, additionalProperties={})], additionalProperties={})
2025-01-30 18:13:38,290 INFO c.h.h.t.HelmChartContainer - [hivemq-test-hivemq-platform] [hivemq-platform-operator] [ef7feeec] 18:13:38.290 [ReconcilerExecutor-hivemq-controller-54] INFO  c.h.p.o.HiveMQPlatformReconciler - [helmmqtt] Reconciling HiveMQ Platform 'test-hivemq-platform' in namespace 'helmmqttit'
2025-01-30 18:13:38,291 INFO c.h.h.t.HelmChartContainer - [hivemq-test-hivemq-platform] [hivemq-platform-operator] [ef7feeec] 18:13:38.290 [ReconcilerExecutor-hivemq-controller-54] DEBUG c.h.p.o.HiveMQPlatformReconciler - [helmmqtt] Custom Resource Status CREATED - HiveMQ Platform was created (READY)
2025-01-30 18:13:38,292 INFO c.h.h.t.HelmChartContainer - [hivemq-test-hivemq-platform] [hivemq-platform-operator] [ef7feeec] 18:13:38.290 [ReconcilerExecutor-hivemq-controller-54] DEBUG c.h.p.o.HiveMQPlatformReconciler - [helmmqtt] Custom Resource Spec (replicas: 1) (extensions: 1)
2025-01-30 18:13:38,371 INFO c.h.h.t.HelmChartContainer - [hivemq-test-hivemq-platform] [hivemq-platform-operator] [ef7feeec] 18:13:38.370 [ReconcilerExecutor-hivemq-controller-54] INFO  c.h.p.o.h.HiveMQPlatformReconcilerBaseHandler - [helmmqtt] HiveMQ Platform is starting
2025-01-30 18:13:38,471 INFO c.h.h.t.HelmChartContainer - [hivemq-test-hivemq-platform] [hivemq-platform-operator] [ef7feeec] 18:13:38.470 [ReconcilerExecutor-hivemq-controller-54] DEBUG c.h.p.operator.event.EventSender - [helmmqtt] Creating K8s event hivemq-platform-starting: [Start] HiveMQ Platform is starting
2025-01-30 18:13:38,480 INFO c.h.h.t.HelmChartContainer - [EVENT] Normal [Start] HiveMQ Platform is starting [helmmqttit:test-hivemq-platform]
2025-01-30 18:13:38,486 INFO c.h.h.t.HelmChartContainer - [hivemq-test-hivemq-platform] [hivemq-platform-operator] [ef7feeec] 18:13:38.483 [ReconcilerExecutor-hivemq-controller-54] INFO  c.h.p.o.h.AbstractHiveMQReconcilerStateHandler - [helmmqtt] Update HiveMQ Platform Status (CREATED [READY] -> STARTING [READY]): HiveMQ Platform is starting
2025-01-30 18:13:38,576 DEBUG com.hivemq.helmcharts.util.K8sUtil - Comparing actual state 'STARTING' and waiting for 'RUNNING'
2025-01-30 18:13:48,588 INFO c.h.h.t.HelmChartContainer - [hivemq-test-hivemq-platform] [hivemq-platform-operator] [ef7feeec] 18:13:48.585 [pool-6-thread-12] DEBUG c.h.p.o.d.PlatformServiceResource - [helmmqtt] Desired Platform services (4 services)
2025-01-30 18:13:48,588 INFO c.h.h.t.HelmChartContainer - [hivemq-test-hivemq-platform] [hivemq-platform-operator] [ef7feeec] 18:13:48.586 [pool-6-thread-13] DEBUG c.h.p.o.dependants.PodInfoConfigMap - [helmmqtt] Desired PodInfo ConfigMap (1 extensions) (1 enabled)
2025-01-30 18:13:48,588 INFO c.h.h.t.HelmChartContainer - [hivemq-test-hivemq-platform] [hivemq-platform-operator] [ef7feeec] 18:13:48.586 [pool-6-thread-13] DEBUG c.h.p.o.dependants.PodInfoConfigMap - [helmmqtt] Desired PodInfo ConfigMap (metrics port: 9399) (metrics path: /)
2025-01-30 18:13:48,588 INFO c.h.h.t.HelmChartContainer - [hivemq-test-hivemq-platform] [hivemq-platform-operator] [ef7feeec] 18:13:48.586 [pool-6-thread-13] DEBUG c.h.p.o.dependants.PodInfoConfigMap - [helmmqtt] Desired PodInfo ConfigMap (extension state hash: -1817474005)
2025-01-30 18:13:48,591 INFO c.h.h.t.HelmChartContainer - [hivemq-test-hivemq-platform] [hivemq-platform-operator] [ef7feeec] 18:13:48.590 [pool-6-thread-17] DEBUG c.h.p.o.d.PodServiceAccountResource - [helmmqtt] Desired PodServiceAccountResource (serviceAccountName: hivemq-platform-pod-test-hivemq-platform)
2025-01-30 18:13:48,673 INFO c.h.h.t.HelmChartContainer - [hivemq-test-hivemq-platform] [hivemq-platform-operator] [ef7feeec] 18:13:48.668 [pool-6-thread-13] DEBUG c.h.p.o.dependants.PodInfoConfigMap - [helmmqtt] Update PodInfo ConfigMap
2025-01-30 18:13:48,682 INFO c.h.h.t.HelmChartContainer - [K3S] [alloc.go:330] "allocated clusterIPs" service="helmmqttit/mqtt-service" clusterIPs={"IPv4":"10.43.227.131"}
2025-01-30 18:13:48,774 INFO c.h.h.t.HelmChartContainer - [K3S] [alloc.go:330] "allocated clusterIPs" service="helmmqttit/control-center-service" clusterIPs={"IPv4":"10.43.226.224"}
2025-01-30 18:13:48,790 INFO c.h.h.t.HelmChartContainer - [K3S] [alloc.go:330] "allocated clusterIPs" service="helmmqttit/rest-api-service" clusterIPs={"IPv4":"10.43.219.158"}
2025-01-30 18:13:48,800 INFO c.h.h.t.HelmChartContainer - [K3S] [alloc.go:330] "allocated clusterIPs" service="helmmqttit/metrics-service" clusterIPs={"IPv4":"10.43.83.217"}
2025-01-30 18:13:48,873 INFO c.h.h.t.HelmChartContainer - [hivemq-test-hivemq-platform] [hivemq-platform-operator] [ef7feeec] 18:13:48.870 [pool-6-thread-20] DEBUG c.h.p.o.d.StatefulSetResource - [helmmqtt] Desired StatefulSet (1 replicas) for status STARTING (READY)
2025-01-30 18:13:48,883 INFO c.h.h.t.HelmChartContainer - [hivemq-test-hivemq-platform] [hivemq-platform-operator] [ef7feeec] 18:13:48.882 [pool-6-thread-20] DEBUG c.h.p.o.d.StatefulSetResource - [helmmqtt] Create StatefulSet
2025-01-30 18:13:49,005 INFO c.h.h.t.HelmChartContainer - [POD] test-hivemq-platform-0 [b7c8cf04-8313-4cc1-87af-729fbe9e401b] in helmmqttit was ADDED
2025-01-30 18:13:49,008 INFO c.h.h.t.HelmChartContainer - [POD] test-hivemq-platform-0 [b7c8cf04-8313-4cc1-87af-729fbe9e401b] in helmmqttit was MODIFIED
2025-01-30 18:13:49,010 INFO c.h.h.t.HelmChartContainer - [EVENT] Normal [SuccessfulCreate] create Pod test-hivemq-platform-0 in StatefulSet test-hivemq-platform successful [helmmqttit:test-hivemq-platform]
2025-01-30 18:13:49,011 INFO c.h.h.t.HelmChartContainer - [EVENT] Normal [Scheduled] Successfully assigned helmmqttit/test-hivemq-platform-0 to 0019a1e396a2 [helmmqttit:test-hivemq-platform-0]
2025-01-30 18:13:49,021 INFO c.h.h.t.HelmChartContainer - [POD] test-hivemq-platform-0 [b7c8cf04-8313-4cc1-87af-729fbe9e401b] in helmmqttit was MODIFIED
2025-01-30 18:13:49,065 INFO c.h.h.t.HelmChartContainer - [K3S] [reconciler_common.go:251] "operationExecutor.VerifyControllerAttachedVolume started for volume \"kube-api-access-z6sd5\" (UniqueName: \"kubernetes.io/projected/b7c8cf04-8313-4cc1-87af-729fbe9e401b-kube-api-access-z6sd5\") pod \"test-hivemq-platform-0\" (UID: \"b7c8cf04-8313-4cc1-87af-729fbe9e401b\") " pod="helmmqttit/test-hivemq-platform-0"
2025-01-30 18:13:49,065 INFO c.h.h.t.HelmChartContainer - [K3S] [reconciler_common.go:251] "operationExecutor.VerifyControllerAttachedVolume started for volume \"pod-info\" (UniqueName: \"kubernetes.io/configmap/b7c8cf04-8313-4cc1-87af-729fbe9e401b-pod-info\") pod \"test-hivemq-platform-0\" (UID: \"b7c8cf04-8313-4cc1-87af-729fbe9e401b\") " pod="helmmqttit/test-hivemq-platform-0"
2025-01-30 18:13:49,065 INFO c.h.h.t.HelmChartContainer - [K3S] [reconciler_common.go:251] "operationExecutor.VerifyControllerAttachedVolume started for volume \"broker-configuration\" (UniqueName: \"kubernetes.io/configmap/b7c8cf04-8313-4cc1-87af-729fbe9e401b-broker-configuration\") pod \"test-hivemq-platform-0\" (UID: \"b7c8cf04-8313-4cc1-87af-729fbe9e401b\") " pod="helmmqttit/test-hivemq-platform-0"
2025-01-30 18:13:49,065 INFO c.h.h.t.HelmChartContainer - [K3S] [reconciler_common.go:251] "operationExecutor.VerifyControllerAttachedVolume started for volume \"operator-init\" (UniqueName: \"kubernetes.io/empty-dir/b7c8cf04-8313-4cc1-87af-729fbe9e401b-operator-init\") pod \"test-hivemq-platform-0\" (UID: \"b7c8cf04-8313-4cc1-87af-729fbe9e401b\") " pod="helmmqttit/test-hivemq-platform-0"
2025-01-30 18:13:49,075 INFO c.h.h.t.HelmChartContainer - [hivemq-test-hivemq-platform] [hivemq-platform-operator] [ef7feeec] 18:13:49.073 [ReconcilerExecutor-hivemq-controller-65] INFO  c.h.p.o.HiveMQPlatformReconciler - [helmmqtt] Reconciling HiveMQ Platform 'test-hivemq-platform' in namespace 'helmmqttit'
2025-01-30 18:13:49,076 INFO c.h.h.t.HelmChartContainer - [hivemq-test-hivemq-platform] [hivemq-platform-operator] [ef7feeec] 18:13:49.073 [ReconcilerExecutor-hivemq-controller-65] DEBUG c.h.p.o.HiveMQPlatformReconciler - [helmmqtt] Custom Resource Status STARTING - HiveMQ Platform is starting (READY)
2025-01-30 18:13:49,080 INFO c.h.h.t.HelmChartContainer - [hivemq-test-hivemq-platform] [hivemq-platform-operator] [ef7feeec] 18:13:49.073 [ReconcilerExecutor-hivemq-controller-65] DEBUG c.h.p.o.HiveMQPlatformReconciler - [helmmqtt] Custom Resource Spec (replicas: 1) (extensions: 1)
2025-01-30 18:13:49,080 INFO c.h.h.t.HelmChartContainer - [hivemq-test-hivemq-platform] [hivemq-platform-operator] [ef7feeec] 18:13:49.079 [ReconcilerExecutor-hivemq-controller-65] DEBUG c.h.p.o.HiveMQPlatformReconciler - [helmmqtt] StatefulSet Status (revision: null, replicas: 0, available: 0, ready: 0, current: 0, updated: 0)
2025-01-30 18:13:49,082 INFO c.h.h.t.HelmChartContainer - [hivemq-test-hivemq-platform] [hivemq-platform-operator] [ef7feeec] 18:13:49.081 [ReconcilerExecutor-hivemq-controller-65] DEBUG c.h.p.o.HiveMQPlatformReconciler - [helmmqtt] StatefulSet Spec (replicas: 1, init containers: 1, containers: 1, volumes: 3)
2025-01-30 18:13:49,176 INFO c.h.h.t.HelmChartContainer - [hivemq-test-hivemq-platform] [hivemq-platform-operator] [ef7feeec] 18:13:49.175 [ReconcilerExecutor-hivemq-controller-65] DEBUG c.h.p.o.h.HiveMQPlatformReconcilerErrorHandler - [helmmqtt] Pod 'test-hivemq-platform-0' phase Pending
2025-01-30 18:13:49,177 INFO c.h.h.t.HelmChartContainer - [hivemq-test-hivemq-platform] [hivemq-platform-operator] [ef7feeec] 18:13:49.175 [ReconcilerExecutor-hivemq-controller-65] DEBUG c.h.p.o.h.HiveMQPlatformReconcilerErrorHandler - [helmmqtt] Pod 'test-hivemq-platform-0' condition 'PodReadyToStartContainers': False
2025-01-30 18:13:49,178 INFO c.h.h.t.HelmChartContainer - [hivemq-test-hivemq-platform] [hivemq-platform-operator] [ef7feeec] 18:13:49.176 [ReconcilerExecutor-hivemq-controller-65] DEBUG c.h.p.o.h.HiveMQPlatformReconcilerErrorHandler - [helmmqtt] Pod 'test-hivemq-platform-0' condition 'Initialized': False
2025-01-30 18:13:49,178 INFO c.h.h.t.HelmChartContainer - [hivemq-test-hivemq-platform] [hivemq-platform-operator] [ef7feeec] 18:13:49.176 [ReconcilerExecutor-hivemq-controller-65] DEBUG c.h.p.o.h.HiveMQPlatformReconcilerErrorHandler - [helmmqtt] Pod 'test-hivemq-platform-0' condition 'Ready': False
2025-01-30 18:13:49,178 INFO c.h.h.t.HelmChartContainer - [hivemq-test-hivemq-platform] [hivemq-platform-operator] [ef7feeec] 18:13:49.176 [ReconcilerExecutor-hivemq-controller-65] DEBUG c.h.p.o.h.HiveMQPlatformReconcilerErrorHandler - [helmmqtt] Pod 'test-hivemq-platform-0' condition 'ContainersReady': False
2025-01-30 18:13:49,178 INFO c.h.h.t.HelmChartContainer - [hivemq-test-hivemq-platform] [hivemq-platform-operator] [ef7feeec] 18:13:49.176 [ReconcilerExecutor-hivemq-controller-65] DEBUG c.h.p.o.h.HiveMQPlatformReconcilerErrorHandler - [helmmqtt] Pod 'test-hivemq-platform-0' condition 'PodScheduled': True
2025-01-30 18:13:49,179 INFO c.h.h.t.HelmChartContainer - [hivemq-test-hivemq-platform] [hivemq-platform-operator] [ef7feeec] 18:13:49.176 [ReconcilerExecutor-hivemq-controller-65] DEBUG c.h.p.o.h.HiveMQPlatformReconcilerErrorHandler - [helmmqtt] Pod 'test-hivemq-platform-0' containerStatus 'hivemq' (started: false) (ready: false) (waiting: [PodInitializing] null)
2025-01-30 18:13:49,180 INFO c.h.h.t.HelmChartContainer - [hivemq-test-hivemq-platform] [hivemq-platform-operator] [ef7feeec] 18:13:49.179 [ReconcilerExecutor-hivemq-controller-65] INFO  c.h.p.o.h.HiveMQPlatformReconcilerBaseHandler - [helmmqtt] HiveMQ Platform is starting, 0 of 1 replicas are ready
2025-01-30 18:13:49,186 INFO c.h.h.t.HelmChartContainer - [hivemq-test-hivemq-platform] [hivemq-platform-operator] [ef7feeec] 18:13:49.184 [pool-6-thread-22] DEBUG c.h.p.o.d.PlatformServiceResource - [helmmqtt] Desired Platform services (4 services)
2025-01-30 18:13:49,272 INFO c.h.h.t.HelmChartContainer - [hivemq-test-hivemq-platform] [hivemq-platform-operator] [ef7feeec] 18:13:49.268 [pool-6-thread-23] DEBUG c.h.p.o.dependants.PodInfoConfigMap - [helmmqtt] Desired PodInfo ConfigMap (1 extensions) (1 enabled)
2025-01-30 18:13:49,272 INFO c.h.h.t.HelmChartContainer - [hivemq-test-hivemq-platform] [hivemq-platform-operator] [ef7feeec] 18:13:49.269 [pool-6-thread-23] DEBUG c.h.p.o.dependants.PodInfoConfigMap - [helmmqtt] Desired PodInfo ConfigMap (metrics port: 9399) (metrics path: /)
2025-01-30 18:13:49,272 INFO c.h.h.t.HelmChartContainer - [hivemq-test-hivemq-platform] [hivemq-platform-operator] [ef7feeec] 18:13:49.269 [pool-6-thread-23] DEBUG c.h.p.o.dependants.PodInfoConfigMap - [helmmqtt] Desired PodInfo ConfigMap (extension state hash: -1817474005)
2025-01-30 18:13:49,273 INFO c.h.h.t.HelmChartContainer - [hivemq-test-hivemq-platform] [hivemq-platform-operator] [ef7feeec] 18:13:49.271 [pool-6-thread-27] DEBUG c.h.p.o.d.PodServiceAccountResource - [helmmqtt] Desired PodServiceAccountResource (serviceAccountName: hivemq-platform-pod-test-hivemq-platform)
2025-01-30 18:13:49,282 INFO c.h.h.t.HelmChartContainer - [hivemq-test-hivemq-platform] [hivemq-platform-operator] [ef7feeec] 18:13:49.281 [pool-6-thread-30] DEBUG c.h.p.o.d.StatefulSetResource - [helmmqtt] Desired StatefulSet (1 replicas) for status STARTING (READY)
2025-01-30 18:13:49,376 INFO c.h.h.t.HelmChartContainer - [hivemq-test-hivemq-platform] [hivemq-platform-operator] [ef7feeec] 18:13:49.374 [ReconcilerExecutor-hivemq-controller-76] INFO  c.h.p.o.HiveMQPlatformReconciler - [helmmqtt] Reconciling HiveMQ Platform 'test-hivemq-platform' in namespace 'helmmqttit'
2025-01-30 18:13:49,376 INFO c.h.h.t.HelmChartContainer - [hivemq-test-hivemq-platform] [hivemq-platform-operator] [ef7feeec] 18:13:49.374 [ReconcilerExecutor-hivemq-controller-76] DEBUG c.h.p.o.HiveMQPlatformReconciler - [helmmqtt] Custom Resource Status STARTING - HiveMQ Platform is starting (READY)
2025-01-30 18:13:49,376 INFO c.h.h.t.HelmChartContainer - [hivemq-test-hivemq-platform] [hivemq-platform-operator] [ef7feeec] 18:13:49.374 [ReconcilerExecutor-hivemq-controller-76] DEBUG c.h.p.o.HiveMQPlatformReconciler - [helmmqtt] Custom Resource Spec (replicas: 1) (extensions: 1)
2025-01-30 18:13:49,378 INFO c.h.h.t.HelmChartContainer - [hivemq-test-hivemq-platform] [hivemq-platform-operator] [ef7feeec] 18:13:49.377 [ReconcilerExecutor-hivemq-controller-76] DEBUG c.h.p.o.HiveMQPlatformReconciler - [helmmqtt] StatefulSet Status (revision: test-hivemq-platform-6c4dd86f88, replicas: 1, available: 0, ready: 0, current: 1, updated: 1)
2025-01-30 18:13:49,379 INFO c.h.h.t.HelmChartContainer - [hivemq-test-hivemq-platform] [hivemq-platform-operator] [ef7feeec] 18:13:49.377 [ReconcilerExecutor-hivemq-controller-76] DEBUG c.h.p.o.HiveMQPlatformReconciler - [helmmqtt] StatefulSet Spec (replicas: 1, init containers: 1, containers: 1, volumes: 3)
2025-01-30 18:13:49,383 INFO c.h.h.t.HelmChartContainer - [hivemq-test-hivemq-platform] [hivemq-platform-operator] [ef7feeec] 18:13:49.379 [ReconcilerExecutor-hivemq-controller-76] DEBUG c.h.p.o.h.HiveMQPlatformReconcilerErrorHandler - [helmmqtt] Pod 'test-hivemq-platform-0' phase Pending
2025-01-30 18:13:49,383 INFO c.h.h.t.HelmChartContainer - [hivemq-test-hivemq-platform] [hivemq-platform-operator] [ef7feeec] 18:13:49.379 [ReconcilerExecutor-hivemq-controller-76] DEBUG c.h.p.o.h.HiveMQPlatformReconcilerErrorHandler - [helmmqtt] Pod 'test-hivemq-platform-0' condition 'PodReadyToStartContainers': False
2025-01-30 18:13:49,383 INFO c.h.h.t.HelmChartContainer - [hivemq-test-hivemq-platform] [hivemq-platform-operator] [ef7feeec] 18:13:49.379 [ReconcilerExecutor-hivemq-controller-76] DEBUG c.h.p.o.h.HiveMQPlatformReconcilerErrorHandler - [helmmqtt] Pod 'test-hivemq-platform-0' condition 'Initialized': False
2025-01-30 18:13:49,383 INFO c.h.h.t.HelmChartContainer - [hivemq-test-hivemq-platform] [hivemq-platform-operator] [ef7feeec] 18:13:49.379 [ReconcilerExecutor-hivemq-controller-76] DEBUG c.h.p.o.h.HiveMQPlatformReconcilerErrorHandler - [helmmqtt] Pod 'test-hivemq-platform-0' condition 'Ready': False
2025-01-30 18:13:49,383 INFO c.h.h.t.HelmChartContainer - [hivemq-test-hivemq-platform] [hivemq-platform-operator] [ef7feeec] 18:13:49.379 [ReconcilerExecutor-hivemq-controller-76] DEBUG c.h.p.o.h.HiveMQPlatformReconcilerErrorHandler - [helmmqtt] Pod 'test-hivemq-platform-0' condition 'ContainersReady': False
2025-01-30 18:13:49,383 INFO c.h.h.t.HelmChartContainer - [hivemq-test-hivemq-platform] [hivemq-platform-operator] [ef7feeec] 18:13:49.380 [ReconcilerExecutor-hivemq-controller-76] DEBUG c.h.p.o.h.HiveMQPlatformReconcilerErrorHandler - [helmmqtt] Pod 'test-hivemq-platform-0' condition 'PodScheduled': True
2025-01-30 18:13:49,383 INFO c.h.h.t.HelmChartContainer - [hivemq-test-hivemq-platform] [hivemq-platform-operator] [ef7feeec] 18:13:49.380 [ReconcilerExecutor-hivemq-controller-76] DEBUG c.h.p.o.h.HiveMQPlatformReconcilerErrorHandler - [helmmqtt] Pod 'test-hivemq-platform-0' containerStatus 'hivemq' (started: false) (ready: false) (waiting: [PodInitializing] null)
2025-01-30 18:13:49,383 INFO c.h.h.t.HelmChartContainer - [hivemq-test-hivemq-platform] [hivemq-platform-operator] [ef7feeec] 18:13:49.381 [ReconcilerExecutor-hivemq-controller-76] INFO  c.h.p.o.h.HiveMQPlatformReconcilerBaseHandler - [helmmqtt] HiveMQ Platform is starting, 0 of 1 replicas are ready
2025-01-30 18:13:49,402 INFO c.h.h.t.HelmChartContainer - [EVENT] Normal [Pulled] Container image "docker.io/hivemq/hivemq-platform-operator-init-test:snapshot" already present on machine [helmmqttit:test-hivemq-platform-0]
2025-01-30 18:13:49,408 INFO c.h.h.t.HelmChartContainer - [EVENT] Normal [Created] Created container: hivemq-platform-operator-init [helmmqttit:test-hivemq-platform-0]
2025-01-30 18:13:49,460 INFO c.h.h.t.HelmChartContainer - [EVENT] Normal [Started] Started container hivemq-platform-operator-init [helmmqttit:test-hivemq-platform-0]
2025-01-30 18:13:50,237 INFO c.h.h.t.HelmChartContainer - [EVENT] Normal [Pulled] Container image "docker.io/hivemq/hivemq4:4.36.0" already present on machine [helmmqttit:test-hivemq-platform-0]
2025-01-30 18:13:50,238 INFO c.h.h.t.HelmChartContainer - Received Pulled event for container hivemq in pod test-hivemq-platform-0 [b7c8cf04-8313-4cc1-87af-729fbe9e401b]
2025-01-30 18:13:50,258 INFO c.h.h.t.HelmChartContainer - [POD] test-hivemq-platform-0 [b7c8cf04-8313-4cc1-87af-729fbe9e401b] in helmmqttit was MODIFIED
2025-01-30 18:13:50,266 INFO c.h.h.t.HelmChartContainer - [EVENT] Normal [Created] Created container: hivemq [helmmqttit:test-hivemq-platform-0]
2025-01-30 18:13:50,267 INFO c.h.h.t.HelmChartContainer - Received Created event for container hivemq in pod test-hivemq-platform-0 [b7c8cf04-8313-4cc1-87af-729fbe9e401b]
2025-01-30 18:13:50,275 INFO c.h.h.t.HelmChartContainer - [hivemq-test-hivemq-platform] [hivemq-platform-operator] [ef7feeec] 18:13:50.256 [pool-6-thread-32] DEBUG c.h.p.o.d.PlatformServiceResource - [helmmqtt] Desired Platform services (4 services)
2025-01-30 18:13:50,275 INFO c.h.h.t.HelmChartContainer - [hivemq-test-hivemq-platform] [hivemq-platform-operator] [ef7feeec] 18:13:50.263 [pool-6-thread-33] DEBUG c.h.p.o.dependants.PodInfoConfigMap - [helmmqtt] Desired PodInfo ConfigMap (1 extensions) (1 enabled)
2025-01-30 18:13:50,275 INFO c.h.h.t.HelmChartContainer - [hivemq-test-hivemq-platform] [hivemq-platform-operator] [ef7feeec] 18:13:50.263 [pool-6-thread-33] DEBUG c.h.p.o.dependants.PodInfoConfigMap - [helmmqtt] Desired PodInfo ConfigMap (metrics port: 9399) (metrics path: /)
2025-01-30 18:13:50,276 INFO c.h.h.t.HelmChartContainer - [hivemq-test-hivemq-platform] [hivemq-platform-operator] [ef7feeec] 18:13:50.264 [pool-6-thread-33] DEBUG c.h.p.o.dependants.PodInfoConfigMap - [helmmqtt] Desired PodInfo ConfigMap (extension state hash: -1817474005)
2025-01-30 18:13:50,276 INFO c.h.h.t.HelmChartContainer - [hivemq-test-hivemq-platform] [hivemq-platform-operator] [ef7feeec] 18:13:50.269 [pool-6-thread-37] DEBUG c.h.p.o.d.PodServiceAccountResource - [helmmqtt] Desired PodServiceAccountResource (serviceAccountName: hivemq-platform-pod-test-hivemq-platform)
2025-01-30 18:13:50,352 INFO c.h.h.t.HelmChartContainer - [hivemq-test-hivemq-platform] [hivemq-platform-operator] [ef7feeec] 18:13:50.350 [pool-6-thread-40] DEBUG c.h.p.o.d.StatefulSetResource - [helmmqtt] Desired StatefulSet (1 replicas) for status STARTING (READY)
2025-01-30 18:13:50,374 INFO c.h.h.t.HelmChartContainer - [hivemq-test-hivemq-platform] [hivemq-platform-operator] [ef7feeec] 18:13:50.369 [ReconcilerExecutor-hivemq-controller-87] INFO  c.h.p.o.HiveMQPlatformReconciler - [helmmqtt] Reconciling HiveMQ Platform 'test-hivemq-platform' in namespace 'helmmqttit'
2025-01-30 18:13:50,374 INFO c.h.h.t.HelmChartContainer - [hivemq-test-hivemq-platform] [hivemq-platform-operator] [ef7feeec] 18:13:50.369 [ReconcilerExecutor-hivemq-controller-87] DEBUG c.h.p.o.HiveMQPlatformReconciler - [helmmqtt] Custom Resource Status STARTING - HiveMQ Platform is starting (READY)
2025-01-30 18:13:50,374 INFO c.h.h.t.HelmChartContainer - [hivemq-test-hivemq-platform] [hivemq-platform-operator] [ef7feeec] 18:13:50.369 [ReconcilerExecutor-hivemq-controller-87] DEBUG c.h.p.o.HiveMQPlatformReconciler - [helmmqtt] Custom Resource Spec (replicas: 1) (extensions: 1)
2025-01-30 18:13:50,378 INFO c.h.h.t.HelmChartContainer - [hivemq-test-hivemq-platform] [hivemq-platform-operator] [ef7feeec] 18:13:50.374 [ReconcilerExecutor-hivemq-controller-87] DEBUG c.h.p.o.HiveMQPlatformReconciler - [helmmqtt] StatefulSet Status (revision: test-hivemq-platform-6c4dd86f88, replicas: 1, available: 0, ready: 0, current: 1, updated: 1)
2025-01-30 18:13:50,379 INFO c.h.h.t.HelmChartContainer - [hivemq-test-hivemq-platform] [hivemq-platform-operator] [ef7feeec] 18:13:50.375 [ReconcilerExecutor-hivemq-controller-87] DEBUG c.h.p.o.HiveMQPlatformReconciler - [helmmqtt] StatefulSet Spec (replicas: 1, init containers: 1, containers: 1, volumes: 3)
2025-01-30 18:13:50,380 INFO c.h.h.t.HelmChartContainer - [hivemq-test-hivemq-platform] [hivemq-platform-operator] [ef7feeec] 18:13:50.379 [ReconcilerExecutor-hivemq-controller-87] DEBUG c.h.p.o.h.HiveMQPlatformReconcilerErrorHandler - [helmmqtt] Pod 'test-hivemq-platform-0' phase Pending
2025-01-30 18:13:50,381 INFO c.h.h.t.HelmChartContainer - [hivemq-test-hivemq-platform] [hivemq-platform-operator] [ef7feeec] 18:13:50.380 [ReconcilerExecutor-hivemq-controller-87] DEBUG c.h.p.o.h.HiveMQPlatformReconcilerErrorHandler - [helmmqtt] Pod 'test-hivemq-platform-0' condition 'PodReadyToStartContainers': True
2025-01-30 18:13:50,382 INFO c.h.h.t.HelmChartContainer - [hivemq-test-hivemq-platform] [hivemq-platform-operator] [ef7feeec] 18:13:50.381 [ReconcilerExecutor-hivemq-controller-87] DEBUG c.h.p.o.h.HiveMQPlatformReconcilerErrorHandler - [helmmqtt] Pod 'test-hivemq-platform-0' condition 'Initialized': True
2025-01-30 18:13:50,384 INFO c.h.h.t.HelmChartContainer - [hivemq-test-hivemq-platform] [hivemq-platform-operator] [ef7feeec] 18:13:50.382 [ReconcilerExecutor-hivemq-controller-87] DEBUG c.h.p.o.h.HiveMQPlatformReconcilerErrorHandler - [helmmqtt] Pod 'test-hivemq-platform-0' condition 'Ready': False
2025-01-30 18:13:50,386 INFO c.h.h.t.HelmChartContainer - [hivemq-test-hivemq-platform] [hivemq-platform-operator] [ef7feeec] 18:13:50.383 [ReconcilerExecutor-hivemq-controller-87] DEBUG c.h.p.o.h.HiveMQPlatformReconcilerErrorHandler - [helmmqtt] Pod 'test-hivemq-platform-0' condition 'ContainersReady': False
2025-01-30 18:13:50,386 INFO c.h.h.t.HelmChartContainer - [hivemq-test-hivemq-platform] [hivemq-platform-operator] [ef7feeec] 18:13:50.383 [ReconcilerExecutor-hivemq-controller-87] DEBUG c.h.p.o.h.HiveMQPlatformReconcilerErrorHandler - [helmmqtt] Pod 'test-hivemq-platform-0' condition 'PodScheduled': True
2025-01-30 18:13:50,389 INFO c.h.h.t.HelmChartContainer - [hivemq-test-hivemq-platform] [hivemq-platform-operator] [ef7feeec] 18:13:50.386 [ReconcilerExecutor-hivemq-controller-87] DEBUG c.h.p.o.h.HiveMQPlatformReconcilerErrorHandler - [helmmqtt] Pod 'test-hivemq-platform-0' containerStatus 'hivemq' (started: false) (ready: false) (waiting: [PodInitializing] null)
2025-01-30 18:13:50,389 INFO c.h.h.t.HelmChartContainer - [hivemq-test-hivemq-platform] [hivemq-platform-operator] [ef7feeec] 18:13:50.387 [ReconcilerExecutor-hivemq-controller-87] INFO  c.h.p.o.h.HiveMQPlatformReconcilerBaseHandler - [helmmqtt] HiveMQ Platform is starting, 0 of 1 replicas are ready
2025-01-30 18:13:51,254 INFO c.h.h.t.HelmChartContainer - [POD] test-hivemq-platform-0 [b7c8cf04-8313-4cc1-87af-729fbe9e401b] in helmmqttit was MODIFIED
2025-01-30 18:13:51,260 INFO c.h.h.t.HelmChartContainer - [EVENT] Normal [Started] Started container hivemq [helmmqttit:test-hivemq-platform-0]
2025-01-30 18:13:51,260 INFO c.h.h.t.HelmChartContainer - Started log watcher for hivemq in pod test-hivemq-platform-0 [b7c8cf04-8313-4cc1-87af-729fbe9e401b]
2025-01-30 18:13:51,260 INFO c.h.h.t.HelmChartContainer - Received Started event for container hivemq in pod test-hivemq-platform-0 [b7c8cf04-8313-4cc1-87af-729fbe9e401b]
2025-01-30 18:13:51,260 INFO c.h.h.t.HelmChartContainer - [test-hivemq-platform] [hivemq] [b7c8cf04] Adding pre-installed HiveMQ Platform Operator extensions
2025-01-30 18:13:51,260 INFO c.h.h.t.HelmChartContainer - [test-hivemq-platform] [hivemq] [b7c8cf04] Running as user 10000
2025-01-30 18:13:51,260 INFO c.h.h.t.HelmChartContainer - [test-hivemq-platform] [hivemq] [b7c8cf04] Starting HiveMQ Platform Operator Init
2025-01-30 18:13:51,276 INFO c.h.h.t.HelmChartContainer - [hivemq-test-hivemq-platform] [hivemq-platform-operator] [ef7feeec] 18:13:51.266 [pool-6-thread-42] DEBUG c.h.p.o.d.PlatformServiceResource - [helmmqtt] Desired Platform services (4 services)
2025-01-30 18:13:51,276 INFO c.h.h.t.HelmChartContainer - [hivemq-test-hivemq-platform] [hivemq-platform-operator] [ef7feeec] 18:13:51.270 [pool-6-thread-43] DEBUG c.h.p.o.dependants.PodInfoConfigMap - [helmmqtt] Desired PodInfo ConfigMap (1 extensions) (1 enabled)
2025-01-30 18:13:51,276 INFO c.h.h.t.HelmChartContainer - [hivemq-test-hivemq-platform] [hivemq-platform-operator] [ef7feeec] 18:13:51.270 [pool-6-thread-43] DEBUG c.h.p.o.dependants.PodInfoConfigMap - [helmmqtt] Desired PodInfo ConfigMap (metrics port: 9399) (metrics path: /)
2025-01-30 18:13:51,276 INFO c.h.h.t.HelmChartContainer - [hivemq-test-hivemq-platform] [hivemq-platform-operator] [ef7feeec] 18:13:51.270 [pool-6-thread-43] DEBUG c.h.p.o.dependants.PodInfoConfigMap - [helmmqtt] Desired PodInfo ConfigMap (extension state hash: -1817474005)
2025-01-30 18:13:51,280 INFO c.h.h.t.HelmChartContainer - [hivemq-test-hivemq-platform] [hivemq-platform-operator] [ef7feeec] 18:13:51.278 [pool-6-thread-47] DEBUG c.h.p.o.d.PodServiceAccountResource - [helmmqtt] Desired PodServiceAccountResource (serviceAccountName: hivemq-platform-pod-test-hivemq-platform)
2025-01-30 18:13:51,357 INFO c.h.h.t.HelmChartContainer - [hivemq-test-hivemq-platform] [hivemq-platform-operator] [ef7feeec] 18:13:51.356 [pool-6-thread-50] DEBUG c.h.p.o.d.StatefulSetResource - [helmmqtt] Desired StatefulSet (1 replicas) for status STARTING (READY)
2025-01-30 18:13:51,361 INFO c.h.h.t.HelmChartContainer - [hivemq-test-hivemq-platform] [hivemq-platform-operator] [ef7feeec] 18:13:51.360 [ReconcilerExecutor-hivemq-controller-98] INFO  c.h.p.o.HiveMQPlatformReconciler - [helmmqtt] Reconciling HiveMQ Platform 'test-hivemq-platform' in namespace 'helmmqttit'
2025-01-30 18:13:51,362 INFO c.h.h.t.HelmChartContainer - [hivemq-test-hivemq-platform] [hivemq-platform-operator] [ef7feeec] 18:13:51.360 [ReconcilerExecutor-hivemq-controller-98] DEBUG c.h.p.o.HiveMQPlatformReconciler - [helmmqtt] Custom Resource Status STARTING - HiveMQ Platform is starting (READY)
2025-01-30 18:13:51,362 INFO c.h.h.t.HelmChartContainer - [hivemq-test-hivemq-platform] [hivemq-platform-operator] [ef7feeec] 18:13:51.361 [ReconcilerExecutor-hivemq-controller-98] DEBUG c.h.p.o.HiveMQPlatformReconciler - [helmmqtt] Custom Resource Spec (replicas: 1) (extensions: 1)
2025-01-30 18:13:51,371 INFO c.h.h.t.HelmChartContainer - [hivemq-test-hivemq-platform] [hivemq-platform-operator] [ef7feeec] 18:13:51.369 [ReconcilerExecutor-hivemq-controller-98] DEBUG c.h.p.o.HiveMQPlatformReconciler - [helmmqtt] StatefulSet Status (revision: test-hivemq-platform-6c4dd86f88, replicas: 1, available: 0, ready: 0, current: 1, updated: 1)
2025-01-30 18:13:51,373 INFO c.h.h.t.HelmChartContainer - [hivemq-test-hivemq-platform] [hivemq-platform-operator] [ef7feeec] 18:13:51.369 [ReconcilerExecutor-hivemq-controller-98] DEBUG c.h.p.o.HiveMQPlatformReconciler - [helmmqtt] StatefulSet Spec (replicas: 1, init containers: 1, containers: 1, volumes: 3)
2025-01-30 18:13:51,375 INFO c.h.h.t.HelmChartContainer - [hivemq-test-hivemq-platform] [hivemq-platform-operator] [ef7feeec] 18:13:51.372 [ReconcilerExecutor-hivemq-controller-98] DEBUG c.h.p.o.h.HiveMQPlatformReconcilerErrorHandler - [helmmqtt] Pod 'test-hivemq-platform-0' phase Running
2025-01-30 18:13:51,376 INFO c.h.h.t.HelmChartContainer - [hivemq-test-hivemq-platform] [hivemq-platform-operator] [ef7feeec] 18:13:51.374 [ReconcilerExecutor-hivemq-controller-98] INFO  c.h.p.o.h.HiveMQPlatformReconcilerBaseHandler - [helmmqtt] HiveMQ Platform is starting, 0 of 1 replicas are ready
2025-01-30 18:13:51,484 INFO c.h.h.t.HelmChartContainer - [test-hivemq-platform] [hivemq] [b7c8cf04] INFO  - [HiveMQ Platform Operator Init 1.7.0-SNAPSHOT] HiveMQ Platform Operator Init 1.7.0-SNAPSHOT (commit: 47e3375 on branch: HEAD) built on Thu Jan 30 03:55:50 UTC 2025
2025-01-30 18:13:52,678 INFO c.h.h.t.HelmChartContainer - [test-hivemq-platform] [hivemq] [b7c8cf04] INFO  - [HiveMQ Platform Operator Init App 1.7.0-SNAPSHOT] Using bind address 10.42.0.6 from environment variable
2025-01-30 18:13:53,651 INFO c.h.h.t.HelmChartContainer - [test-hivemq-platform] [hivemq] [b7c8cf04] INFO  - [HiveMQ Platform Operator Init App 1.7.0-SNAPSHOT] HiveMQ Platform Operator Init App 1.7.0-SNAPSHOT (commit: 47e3375 on branch: HEAD) built on Thu Jan 30 03:55:50 UTC 2025
2025-01-30 18:13:53,652 INFO c.h.h.t.HelmChartContainer - [test-hivemq-platform] [hivemq] [b7c8cf04] INFO  - [HiveMQ Platform Operator Init App 1.7.0-SNAPSHOT] PodInfo ConfigMap directory: /etc/podinfo
2025-01-30 18:13:53,652 INFO c.h.h.t.HelmChartContainer - [test-hivemq-platform] [hivemq] [b7c8cf04] INFO  - [HiveMQ Platform Operator Init App 1.7.0-SNAPSHOT] HiveMQ home directory: /opt/hivemq
2025-01-30 18:13:53,652 INFO c.h.h.t.HelmChartContainer - [test-hivemq-platform] [hivemq] [b7c8cf04] INFO  - [HiveMQ Platform Operator Init App 1.7.0-SNAPSHOT] HiveMQ Logback folder: /opt/hivemq/conf
2025-01-30 18:13:53,652 INFO c.h.h.t.HelmChartContainer - [test-hivemq-platform] [hivemq] [b7c8cf04] INFO  - [HiveMQ Platform Operator Init App 1.7.0-SNAPSHOT] HiveMQ Config folder: /opt/hivemq/conf-k8s
2025-01-30 18:13:53,652 INFO c.h.h.t.HelmChartContainer - [test-hivemq-platform] [hivemq] [b7c8cf04] INFO  - [HiveMQ Platform Operator Init App 1.7.0-SNAPSHOT] Starting HiveMQ Platform Operator Init App
2025-01-30 18:13:53,652 INFO c.h.h.t.HelmChartContainer - [test-hivemq-platform] [hivemq] [b7c8cf04] INFO  - [HiveMQ Platform Operator Init App 1.7.0-SNAPSHOT] Starting Pod reconciler
2025-01-30 18:13:54,872 INFO c.h.h.t.HelmChartContainer - [test-hivemq-platform] [hivemq] [b7c8cf04] INFO  - [HiveMQ Platform Operator Init App 1.7.0-SNAPSHOT] Pod reconciler is scheduled (interval: 5000 ms)
2025-01-30 18:13:54,873 INFO c.h.h.t.HelmChartContainer - [test-hivemq-platform] [hivemq] [b7c8cf04] INFO  - [HiveMQ Platform Operator Init App 1.7.0-SNAPSHOT] Starting the REST API on 10.42.0.6:7979
2025-01-30 18:13:54,875 INFO c.h.h.t.HelmChartContainer - [test-hivemq-platform] [hivemq] [b7c8cf04] INFO  - [HiveMQ Platform Operator Init App 1.7.0-SNAPSHOT] Waiting up to 600s for at most 1 HiveMQ nodes in cluster service hivemq-test-hivemq-platform-cluster.helmmqttit.svc
2025-01-30 18:13:55,186 INFO c.h.h.t.HelmChartContainer - [test-hivemq-platform] [hivemq] [b7c8cf04] INFO  - [HiveMQ Platform Operator Init App 1.7.0-SNAPSHOT] Resolved 1 IP addresses: [10.42.0.6]
2025-01-30 18:13:55,186 INFO c.h.h.t.HelmChartContainer - [test-hivemq-platform] [hivemq] [b7c8cf04] INFO  - [HiveMQ Platform Operator Init App 1.7.0-SNAPSHOT] HiveMQ node count of 1 is within threshold of 1
2025-01-30 18:13:55,186 INFO c.h.h.t.HelmChartContainer - [test-hivemq-platform] [hivemq] [b7c8cf04] INFO  - [HiveMQ Platform Operator Init App 1.7.0-SNAPSHOT] Proceeding with container start
2025-01-30 18:13:55,273 INFO c.h.h.t.HelmChartContainer - [test-hivemq-platform] [hivemq] [b7c8cf04] INFO  - [HiveMQ Platform Operator Init App 1.7.0-SNAPSHOT] Initializing HiveMQ Platform extensions with initial configuration: {hivemq-allow-all-extension={start-priority=-1, skip-https-hostname-verification=false, restart=true, config-version=0, header-version=0, c-uri=, priority=-1, uri=preinstalled, skip-https-certificate-validation=false, enabled=true}, hivemq-prometheus-extension={restart=true, priority=-1, start-priority=-1, c-uri=, skip-https-hostname-verification=false, skip-https-certificate-validation=false, uri=preinstalled, request-header-path=no-request-headers, enabled=true}}
2025-01-30 18:13:55,748 INFO c.h.h.t.HelmChartContainer - [test-hivemq-platform] [hivemq] [b7c8cf04] INFO  - [HiveMQ Platform Operator Init App 1.7.0-SNAPSHOT] Extension hivemq-allow-all-extension was already enabled
2025-01-30 18:13:55,774 INFO c.h.h.t.HelmChartContainer - [test-hivemq-platform] [hivemq] [b7c8cf04] INFO  - [HiveMQ Platform Operator Init App 1.7.0-SNAPSHOT] Successfully enabled extension hivemq-prometheus-extension
2025-01-30 18:13:55,776 INFO c.h.h.t.HelmChartContainer - [test-hivemq-platform] [hivemq] [b7c8cf04] INFO  - [HiveMQ Platform Operator Init App 1.7.0-SNAPSHOT] Starting HiveMQ Platform version 4.36.0 (4.36.0)
2025-01-30 18:13:55,777 INFO c.h.h.t.HelmChartContainer - [test-hivemq-platform] [hivemq] [b7c8cf04] INFO  - [HiveMQ Platform Operator Init App 1.7.0-SNAPSHOT] Configuring the HiveMQ Platform
2025-01-30 18:13:55,849 INFO c.h.h.t.HelmChartContainer - [test-hivemq-platform] [hivemq] [b7c8cf04] INFO  - [HiveMQ Platform Operator Init App 1.7.0-SNAPSHOT] Changed logback.xml file scan period to 20 seconds
2025-01-30 18:13:55,876 INFO c.h.h.t.HelmChartContainer - [test-hivemq-platform] [hivemq] [b7c8cf04] INFO  - [HiveMQ Platform Operator Init App 1.7.0-SNAPSHOT] Starting the HiveMQ Platform
2025-01-30 18:13:55,946 INFO c.h.h.t.HelmChartContainer - [test-hivemq-platform] [hivemq] [b7c8cf04] -------------------------------------------------------------------------
2025-01-30 18:13:55,946 INFO c.h.h.t.HelmChartContainer - [test-hivemq-platform] [hivemq] [b7c8cf04] 
2025-01-30 18:13:55,946 INFO c.h.h.t.HelmChartContainer - [test-hivemq-platform] [hivemq] [b7c8cf04]                   _    _  _              __  __   ____
2025-01-30 18:13:55,946 INFO c.h.h.t.HelmChartContainer - [test-hivemq-platform] [hivemq] [b7c8cf04]                  | |  | |(_)            |  \/  | / __ \
2025-01-30 18:13:55,946 INFO c.h.h.t.HelmChartContainer - [test-hivemq-platform] [hivemq] [b7c8cf04]                  | |__| | _ __   __ ___ | \  / || |  | |
2025-01-30 18:13:55,946 INFO c.h.h.t.HelmChartContainer - [test-hivemq-platform] [hivemq] [b7c8cf04]                  |  __  || |\ \ / // _ \| |\/| || |  | |
2025-01-30 18:13:55,946 INFO c.h.h.t.HelmChartContainer - [test-hivemq-platform] [hivemq] [b7c8cf04]                  | |  | || | \ V /|  __/| |  | || |__| |
2025-01-30 18:13:55,946 INFO c.h.h.t.HelmChartContainer - [test-hivemq-platform] [hivemq] [b7c8cf04]                  |_|  |_||_|  \_/  \___||_|  |_| \___\_\
2025-01-30 18:13:55,946 INFO c.h.h.t.HelmChartContainer - [test-hivemq-platform] [hivemq] [b7c8cf04] 
2025-01-30 18:13:55,947 INFO c.h.h.t.HelmChartContainer - [test-hivemq-platform] [hivemq] [b7c8cf04] -------------------------------------------------------------------------
2025-01-30 18:13:55,948 INFO c.h.h.t.HelmChartContainer - [test-hivemq-platform] [hivemq] [b7c8cf04] 
2025-01-30 18:13:55,948 INFO c.h.h.t.HelmChartContainer - [test-hivemq-platform] [hivemq] [b7c8cf04]   HiveMQ Start Script for Linux/Unix v1.14
2025-01-30 18:13:55,948 INFO c.h.h.t.HelmChartContainer - [test-hivemq-platform] [hivemq] [b7c8cf04] 
2025-01-30 18:13:55,980 INFO c.h.h.t.HelmChartContainer - [test-hivemq-platform] [hivemq] [b7c8cf04] -------------------------------------------------------------------------
2025-01-30 18:13:55,980 INFO c.h.h.t.HelmChartContainer - [test-hivemq-platform] [hivemq] [b7c8cf04] 
2025-01-30 18:13:55,980 INFO c.h.h.t.HelmChartContainer - [test-hivemq-platform] [hivemq] [b7c8cf04]   HIVEMQ_HOME: /opt/hivemq
2025-01-30 18:13:55,980 INFO c.h.h.t.HelmChartContainer - [test-hivemq-platform] [hivemq] [b7c8cf04] 
2025-01-30 18:13:55,980 INFO c.h.h.t.HelmChartContainer - [test-hivemq-platform] [hivemq] [b7c8cf04]   JAVA_OPTS: -XX:+UnlockExperimentalVMOptions -XX:InitialRAMPercentage=50 -XX:MaxRAMPercentage=50 -Djava.net.preferIPv4Stack=true --add-opens java.base/java.lang=ALL-UNNAMED --add-opens java.base/java.nio=ALL-UNNAMED --add-opens java.base/sun.nio.ch=ALL-UNNAMED --add-opens jdk.management/com.sun.management.internal=ALL-UNNAMED --add-exports java.base/jdk.internal.misc=ALL-UNNAMED -Djava.security.egd=file:/dev/./urandom -Dcom.sun.management.jmxremote -Dcom.sun.management.jmxremote.port=9010 -Dcom.sun.management.jmxremote.local.only=false -Dcom.sun.management.jmxremote.authenticate=false -Dcom.sun.management.jmxremote.ssl=false -Duser.language=en -Duser.region=US -XX:+CrashOnOutOfMemoryError -XX:+HeapDumpOnOutOfMemoryError
2025-01-30 18:13:55,980 INFO c.h.h.t.HelmChartContainer - [test-hivemq-platform] [hivemq] [b7c8cf04] 
2025-01-30 18:13:55,980 INFO c.h.h.t.HelmChartContainer - [test-hivemq-platform] [hivemq] [b7c8cf04]   JAVA_VERSION: 21
2025-01-30 18:13:55,980 INFO c.h.h.t.HelmChartContainer - [test-hivemq-platform] [hivemq] [b7c8cf04] 
2025-01-30 18:13:55,980 INFO c.h.h.t.HelmChartContainer - [test-hivemq-platform] [hivemq] [b7c8cf04] -------------------------------------------------------------------------
2025-01-30 18:13:55,980 INFO c.h.h.t.HelmChartContainer - [test-hivemq-platform] [hivemq] [b7c8cf04] 
2025-01-30 18:13:57,272 INFO c.h.h.t.HelmChartContainer - [test-hivemq-platform] [hivemq] [b7c8cf04] INFO  - [HiveMQ Platform Operator Init App 1.7.0-SNAPSHOT] Returning default Health API response 503 for readiness
2025-01-30 18:13:57,750 INFO c.h.h.t.HelmChartContainer - [EVENT] Warning [Unhealthy] Readiness probe failed: HTTP probe failed with statuscode: 503 [helmmqttit:test-hivemq-platform-0]
2025-01-30 18:13:57,750 INFO c.h.h.t.HelmChartContainer - Received Unhealthy event for container hivemq in pod test-hivemq-platform-0 [b7c8cf04-8313-4cc1-87af-729fbe9e401b]
2025-01-30 18:13:58,649 INFO c.h.h.t.HelmChartContainer - [test-hivemq-platform] [hivemq] [b7c8cf04] INFO  - Starting HiveMQ Enterprise Server
2025-01-30 18:13:58,655 INFO c.h.h.t.HelmChartContainer - [test-hivemq-platform] [hivemq] [b7c8cf04] INFO  - HiveMQ version: 4.36.0
2025-01-30 18:13:58,656 INFO c.h.h.t.HelmChartContainer - [test-hivemq-platform] [hivemq] [b7c8cf04] INFO  - HiveMQ home directory: /opt/hivemq
2025-01-30 18:13:58,656 INFO c.h.h.t.HelmChartContainer - [test-hivemq-platform] [hivemq] [b7c8cf04] INFO  - Log Configuration was overridden by /opt/hivemq/conf/logback.xml
2025-01-30 18:13:59,858 INFO c.h.h.t.HelmChartContainer - [test-hivemq-platform] [hivemq] [b7c8cf04] INFO  - Successfully loaded configuration from '/opt/hivemq/conf-k8s/config.xml'.
2025-01-30 18:14:00,449 INFO c.h.h.t.HelmChartContainer - [test-hivemq-platform] [hivemq] [b7c8cf04] INFO  - This node's ID is 21kZM
2025-01-30 18:14:00,449 INFO c.h.h.t.HelmChartContainer - [test-hivemq-platform] [hivemq] [b7c8cf04] INFO  - Clustering is enabled
2025-01-30 18:14:01,383 INFO c.h.h.t.HelmChartContainer - [hivemq-test-hivemq-platform] [hivemq-platform-operator] [ef7feeec] 18:14:01.379 [pool-6-thread-9] DEBUG c.h.p.o.d.PlatformServiceResource - [helmmqtt] Desired Platform services (4 services)
2025-01-30 18:14:01,383 INFO c.h.h.t.HelmChartContainer - [hivemq-test-hivemq-platform] [hivemq-platform-operator] [ef7feeec] 18:14:01.380 [pool-6-thread-1] DEBUG c.h.p.o.d.PodServiceAccountResource - [helmmqtt] Desired PodServiceAccountResource (serviceAccountName: hivemq-platform-pod-test-hivemq-platform)
2025-01-30 18:14:01,384 INFO c.h.h.t.HelmChartContainer - [hivemq-test-hivemq-platform] [hivemq-platform-operator] [ef7feeec] 18:14:01.383 [pool-6-thread-6] DEBUG c.h.p.o.dependants.PodInfoConfigMap - [helmmqtt] Desired PodInfo ConfigMap (1 extensions) (1 enabled)
2025-01-30 18:14:01,385 INFO c.h.h.t.HelmChartContainer - [hivemq-test-hivemq-platform] [hivemq-platform-operator] [ef7feeec] 18:14:01.383 [pool-6-thread-6] DEBUG c.h.p.o.dependants.PodInfoConfigMap - [helmmqtt] Desired PodInfo ConfigMap (metrics port: 9399) (metrics path: /)
2025-01-30 18:14:01,385 INFO c.h.h.t.HelmChartContainer - [hivemq-test-hivemq-platform] [hivemq-platform-operator] [ef7feeec] 18:14:01.383 [pool-6-thread-6] DEBUG c.h.p.o.dependants.PodInfoConfigMap - [helmmqtt] Desired PodInfo ConfigMap (extension state hash: -1817474005)
2025-01-30 18:14:01,390 INFO c.h.h.t.HelmChartContainer - [hivemq-test-hivemq-platform] [hivemq-platform-operator] [ef7feeec] 18:14:01.389 [pool-6-thread-9] DEBUG c.h.p.o.d.StatefulSetResource - [helmmqtt] Desired StatefulSet (1 replicas) for status STARTING (READY)
2025-01-30 18:14:01,471 INFO c.h.h.t.HelmChartContainer - [hivemq-test-hivemq-platform] [hivemq-platform-operator] [ef7feeec] 18:14:01.468 [ReconcilerExecutor-hivemq-controller-109] INFO  c.h.p.o.HiveMQPlatformReconciler - [helmmqtt] Reconciling HiveMQ Platform 'test-hivemq-platform' in namespace 'helmmqttit'
2025-01-30 18:14:01,471 INFO c.h.h.t.HelmChartContainer - [hivemq-test-hivemq-platform] [hivemq-platform-operator] [ef7feeec] 18:14:01.469 [ReconcilerExecutor-hivemq-controller-109] DEBUG c.h.p.o.HiveMQPlatformReconciler - [helmmqtt] Custom Resource Status STARTING - HiveMQ Platform is starting (READY)
2025-01-30 18:14:01,471 INFO c.h.h.t.HelmChartContainer - [hivemq-test-hivemq-platform] [hivemq-platform-operator] [ef7feeec] 18:14:01.469 [ReconcilerExecutor-hivemq-controller-109] DEBUG c.h.p.o.HiveMQPlatformReconciler - [helmmqtt] Custom Resource Spec (replicas: 1) (extensions: 1)
2025-01-30 18:14:01,477 INFO c.h.h.t.HelmChartContainer - [hivemq-test-hivemq-platform] [hivemq-platform-operator] [ef7feeec] 18:14:01.476 [ReconcilerExecutor-hivemq-controller-109] DEBUG c.h.p.o.HiveMQPlatformReconciler - [helmmqtt] StatefulSet Status (revision: test-hivemq-platform-6c4dd86f88, replicas: 1, available: 0, ready: 0, current: 1, updated: 1)
2025-01-30 18:14:01,477 INFO c.h.h.t.HelmChartContainer - [hivemq-test-hivemq-platform] [hivemq-platform-operator] [ef7feeec] 18:14:01.476 [ReconcilerExecutor-hivemq-controller-109] DEBUG c.h.p.o.HiveMQPlatformReconciler - [helmmqtt] StatefulSet Spec (replicas: 1, init containers: 1, containers: 1, volumes: 3)
2025-01-30 18:14:01,478 INFO c.h.h.t.HelmChartContainer - [hivemq-test-hivemq-platform] [hivemq-platform-operator] [ef7feeec] 18:14:01.478 [ReconcilerExecutor-hivemq-controller-109] DEBUG c.h.p.o.h.HiveMQPlatformReconcilerErrorHandler - [helmmqtt] Pod 'test-hivemq-platform-0' phase Running
2025-01-30 18:14:01,480 INFO c.h.h.t.HelmChartContainer - [hivemq-test-hivemq-platform] [hivemq-platform-operator] [ef7feeec] 18:14:01.479 [ReconcilerExecutor-hivemq-controller-109] INFO  c.h.p.o.h.HiveMQPlatformReconcilerBaseHandler - [helmmqtt] HiveMQ Platform is starting, 0 of 1 replicas are ready
2025-01-30 18:14:02,751 INFO c.h.h.t.HelmChartContainer - [test-hivemq-platform] [hivemq] [b7c8cf04] WARN  - [HiveMQ Platform Operator Init App 1.7.0-SNAPSHOT] Cannot connect to Health API for readiness: null
2025-01-30 18:14:02,756 INFO c.h.h.t.HelmChartContainer - [EVENT] Warning [Unhealthy] Readiness probe failed: HTTP probe failed with statuscode: 503 [helmmqttit:test-hivemq-platform-0]
2025-01-30 18:14:02,756 INFO c.h.h.t.HelmChartContainer - Received Unhealthy event for container hivemq in pod test-hivemq-platform-0 [b7c8cf04-8313-4cc1-87af-729fbe9e401b]
2025-01-30 18:14:05,247 INFO c.h.h.t.HelmChartContainer - [test-hivemq-platform] [hivemq] [b7c8cf04] Jan 30, 2025 6:14:05 PM io.vertx.core.impl.BlockedThreadChecker
2025-01-30 18:14:05,247 INFO c.h.h.t.HelmChartContainer - [test-hivemq-platform] [hivemq] [b7c8cf04] WARNING: Thread Thread[vert.x-eventloop-thread-1,5,main] has been blocked for 2223 ms, time limit is 2000 ms
2025-01-30 18:14:05,946 INFO c.h.h.t.HelmChartContainer - [test-hivemq-platform] [hivemq] [b7c8cf04] INFO  - [HiveMQ Platform Operator Init App 1.7.0-SNAPSHOT] Updating Pod HiveMQ Platform Operator Init App version annotation (version: 1.7.0-SNAPSHOT)
2025-01-30 18:14:06,485 INFO c.h.h.t.HelmChartContainer - [POD] test-hivemq-platform-0 [b7c8cf04-8313-4cc1-87af-729fbe9e401b] in helmmqttit was MODIFIED
2025-01-30 18:14:06,489 INFO c.h.h.t.HelmChartContainer - [hivemq-test-hivemq-platform] [hivemq-platform-operator] [ef7feeec] 18:14:06.488 [pool-6-thread-14] DEBUG c.h.p.o.d.PlatformServiceResource - [helmmqtt] Desired Platform services (4 services)
2025-01-30 18:14:06,493 INFO c.h.h.t.HelmChartContainer - [hivemq-test-hivemq-platform] [hivemq-platform-operator] [ef7feeec] 18:14:06.490 [pool-6-thread-16] DEBUG c.h.p.o.dependants.PodInfoConfigMap - [helmmqtt] Desired PodInfo ConfigMap (1 extensions) (1 enabled)
2025-01-30 18:14:06,493 INFO c.h.h.t.HelmChartContainer - [hivemq-test-hivemq-platform] [hivemq-platform-operator] [ef7feeec] 18:14:06.490 [pool-6-thread-16] DEBUG c.h.p.o.dependants.PodInfoConfigMap - [helmmqtt] Desired PodInfo ConfigMap (metrics port: 9399) (metrics path: /)
2025-01-30 18:14:06,493 INFO c.h.h.t.HelmChartContainer - [hivemq-test-hivemq-platform] [hivemq-platform-operator] [ef7feeec] 18:14:06.490 [pool-6-thread-16] DEBUG c.h.p.o.dependants.PodInfoConfigMap - [helmmqtt] Desired PodInfo ConfigMap (extension state hash: -1817474005)
2025-01-30 18:14:06,493 INFO c.h.h.t.HelmChartContainer - [hivemq-test-hivemq-platform] [hivemq-platform-operator] [ef7feeec] 18:14:06.491 [pool-6-thread-15] DEBUG c.h.p.o.d.PodServiceAccountResource - [helmmqtt] Desired PodServiceAccountResource (serviceAccountName: hivemq-platform-pod-test-hivemq-platform)
2025-01-30 18:14:06,501 INFO c.h.h.t.HelmChartContainer - [hivemq-test-hivemq-platform] [hivemq-platform-operator] [ef7feeec] 18:14:06.499 [pool-6-thread-14] DEBUG c.h.p.o.d.StatefulSetResource - [helmmqtt] Desired StatefulSet (1 replicas) for status STARTING (READY)
2025-01-30 18:14:06,504 INFO c.h.h.t.HelmChartContainer - [hivemq-test-hivemq-platform] [hivemq-platform-operator] [ef7feeec] 18:14:06.503 [ReconcilerExecutor-hivemq-controller-110] INFO  c.h.p.o.HiveMQPlatformReconciler - [helmmqtt] Reconciling HiveMQ Platform 'test-hivemq-platform' in namespace 'helmmqttit'
2025-01-30 18:14:06,504 INFO c.h.h.t.HelmChartContainer - [hivemq-test-hivemq-platform] [hivemq-platform-operator] [ef7feeec] 18:14:06.503 [ReconcilerExecutor-hivemq-controller-110] DEBUG c.h.p.o.HiveMQPlatformReconciler - [helmmqtt] Custom Resource Status STARTING - HiveMQ Platform is starting (READY)
2025-01-30 18:14:06,504 INFO c.h.h.t.HelmChartContainer - [hivemq-test-hivemq-platform] [hivemq-platform-operator] [ef7feeec] 18:14:06.503 [ReconcilerExecutor-hivemq-controller-110] DEBUG c.h.p.o.HiveMQPlatformReconciler - [helmmqtt] Custom Resource Spec (replicas: 1) (extensions: 1)
2025-01-30 18:14:06,506 INFO c.h.h.t.HelmChartContainer - [hivemq-test-hivemq-platform] [hivemq-platform-operator] [ef7feeec] 18:14:06.505 [ReconcilerExecutor-hivemq-controller-110] DEBUG c.h.p.o.HiveMQPlatformReconciler - [helmmqtt] StatefulSet Status (revision: test-hivemq-platform-6c4dd86f88, replicas: 1, available: 0, ready: 0, current: 1, updated: 1)
2025-01-30 18:14:06,506 INFO c.h.h.t.HelmChartContainer - [hivemq-test-hivemq-platform] [hivemq-platform-operator] [ef7feeec] 18:14:06.505 [ReconcilerExecutor-hivemq-controller-110] DEBUG c.h.p.o.HiveMQPlatformReconciler - [helmmqtt] StatefulSet Spec (replicas: 1, init containers: 1, containers: 1, volumes: 3)
2025-01-30 18:14:06,551 INFO c.h.h.t.HelmChartContainer - [test-hivemq-platform] [hivemq] [b7c8cf04] WARN  - [HiveMQ Platform Operator Init App 1.7.0-SNAPSHOT] Cannot connect to Health API for readiness: null
2025-01-30 18:14:06,555 INFO c.h.h.t.HelmChartContainer - [EVENT] Warning [Unhealthy] Readiness probe failed: HTTP probe failed with statuscode: 503 [helmmqttit:test-hivemq-platform-0]
2025-01-30 18:14:06,555 INFO c.h.h.t.HelmChartContainer - Received Unhealthy event for container hivemq in pod test-hivemq-platform-0 [b7c8cf04-8313-4cc1-87af-729fbe9e401b]
2025-01-30 18:14:06,572 INFO c.h.h.t.HelmChartContainer - [hivemq-test-hivemq-platform] [hivemq-platform-operator] [ef7feeec] 18:14:06.570 [ReconcilerExecutor-hivemq-controller-110] DEBUG c.h.p.o.h.HiveMQPlatformReconcilerErrorHandler - [helmmqtt] Pod 'test-hivemq-platform-0' phase Running
2025-01-30 18:14:06,572 INFO c.h.h.t.HelmChartContainer - [hivemq-test-hivemq-platform] [hivemq-platform-operator] [ef7feeec] 18:14:06.571 [ReconcilerExecutor-hivemq-controller-110] INFO  c.h.p.o.h.HiveMQPlatformReconcilerBaseHandler - [helmmqtt] HiveMQ Platform is starting, 0 of 1 replicas are ready
2025-01-30 18:14:06,573 INFO c.h.h.t.HelmChartContainer - [test-hivemq-platform] [hivemq] [b7c8cf04] INFO  - [HiveMQ Platform Operator Init App 1.7.0-SNAPSHOT] Successfully updated Pod HiveMQ Platform Operator Init App version annotation (version: 1.7.0-SNAPSHOT)
2025-01-30 18:14:11,549 INFO c.h.h.t.HelmChartContainer - [test-hivemq-platform] [hivemq] [b7c8cf04] WARN  - [HiveMQ Platform Operator Init App 1.7.0-SNAPSHOT] Cannot connect to Health API for readiness: null
2025-01-30 18:14:11,554 INFO c.h.h.t.HelmChartContainer - [EVENT] Warning [Unhealthy] Readiness probe failed: HTTP probe failed with statuscode: 503 [helmmqttit:test-hivemq-platform-0]
2025-01-30 18:14:11,554 INFO c.h.h.t.HelmChartContainer - Received Unhealthy event for container hivemq in pod test-hivemq-platform-0 [b7c8cf04-8313-4cc1-87af-729fbe9e401b]
2025-01-30 18:14:16,571 INFO c.h.h.t.HelmChartContainer - [test-hivemq-platform] [hivemq] [b7c8cf04] WARN  - [HiveMQ Platform Operator Init App 1.7.0-SNAPSHOT] Cannot connect to Health API for readiness: null
2025-01-30 18:14:16,580 INFO c.h.h.t.HelmChartContainer - [EVENT] Warning [Unhealthy] Readiness probe failed: HTTP probe failed with statuscode: 503 [helmmqttit:test-hivemq-platform-0]
2025-01-30 18:14:16,580 INFO c.h.h.t.HelmChartContainer - Received Unhealthy event for container hivemq in pod test-hivemq-platform-0 [b7c8cf04-8313-4cc1-87af-729fbe9e401b]
2025-01-30 18:14:16,583 INFO c.h.h.t.HelmChartContainer - [hivemq-test-hivemq-platform] [hivemq-platform-operator] [ef7feeec] 18:14:16.581 [pool-6-thread-25] DEBUG c.h.p.o.d.PlatformServiceResource - [helmmqtt] Desired Platform services (4 services)
2025-01-30 18:14:16,585 INFO c.h.h.t.HelmChartContainer - [hivemq-test-hivemq-platform] [hivemq-platform-operator] [ef7feeec] 18:14:16.584 [pool-6-thread-26] DEBUG c.h.p.o.d.PodServiceAccountResource - [helmmqtt] Desired PodServiceAccountResource (serviceAccountName: hivemq-platform-pod-test-hivemq-platform)
2025-01-30 18:14:16,588 INFO c.h.h.t.HelmChartContainer - [hivemq-test-hivemq-platform] [hivemq-platform-operator] [ef7feeec] 18:14:16.586 [pool-6-thread-27] DEBUG c.h.p.o.dependants.PodInfoConfigMap - [helmmqtt] Desired PodInfo ConfigMap (1 extensions) (1 enabled)
2025-01-30 18:14:16,588 INFO c.h.h.t.HelmChartContainer - [hivemq-test-hivemq-platform] [hivemq-platform-operator] [ef7feeec] 18:14:16.587 [pool-6-thread-27] DEBUG c.h.p.o.dependants.PodInfoConfigMap - [helmmqtt] Desired PodInfo ConfigMap (metrics port: 9399) (metrics path: /)
2025-01-30 18:14:16,589 INFO c.h.h.t.HelmChartContainer - [hivemq-test-hivemq-platform] [hivemq-platform-operator] [ef7feeec] 18:14:16.587 [pool-6-thread-27] DEBUG c.h.p.o.dependants.PodInfoConfigMap - [helmmqtt] Desired PodInfo ConfigMap (extension state hash: -1817474005)
2025-01-30 18:14:16,590 INFO c.h.h.t.HelmChartContainer - [hivemq-test-hivemq-platform] [hivemq-platform-operator] [ef7feeec] 18:14:16.589 [pool-6-thread-27] DEBUG c.h.p.o.d.StatefulSetResource - [helmmqtt] Desired StatefulSet (1 replicas) for status STARTING (READY)
2025-01-30 18:14:16,596 INFO c.h.h.t.HelmChartContainer - [hivemq-test-hivemq-platform] [hivemq-platform-operator] [ef7feeec] 18:14:16.592 [ReconcilerExecutor-hivemq-controller-111] INFO  c.h.p.o.HiveMQPlatformReconciler - [helmmqtt] Reconciling HiveMQ Platform 'test-hivemq-platform' in namespace 'helmmqttit'
2025-01-30 18:14:16,596 INFO c.h.h.t.HelmChartContainer - [hivemq-test-hivemq-platform] [hivemq-platform-operator] [ef7feeec] 18:14:16.592 [ReconcilerExecutor-hivemq-controller-111] DEBUG c.h.p.o.HiveMQPlatformReconciler - [helmmqtt] Custom Resource Status STARTING - HiveMQ Platform is starting (READY)
2025-01-30 18:14:16,596 INFO c.h.h.t.HelmChartContainer - [hivemq-test-hivemq-platform] [hivemq-platform-operator] [ef7feeec] 18:14:16.592 [ReconcilerExecutor-hivemq-controller-111] DEBUG c.h.p.o.HiveMQPlatformReconciler - [helmmqtt] Custom Resource Spec (replicas: 1) (extensions: 1)
2025-01-30 18:14:16,596 INFO c.h.h.t.HelmChartContainer - [hivemq-test-hivemq-platform] [hivemq-platform-operator] [ef7feeec] 18:14:16.594 [ReconcilerExecutor-hivemq-controller-111] DEBUG c.h.p.o.HiveMQPlatformReconciler - [helmmqtt] StatefulSet Status (revision: test-hivemq-platform-6c4dd86f88, replicas: 1, available: 0, ready: 0, current: 1, updated: 1)
2025-01-30 18:14:16,596 INFO c.h.h.t.HelmChartContainer - [hivemq-test-hivemq-platform] [hivemq-platform-operator] [ef7feeec] 18:14:16.594 [ReconcilerExecutor-hivemq-controller-111] DEBUG c.h.p.o.HiveMQPlatformReconciler - [helmmqtt] StatefulSet Spec (replicas: 1, init containers: 1, containers: 1, volumes: 3)
2025-01-30 18:14:16,597 INFO c.h.h.t.HelmChartContainer - [hivemq-test-hivemq-platform] [hivemq-platform-operator] [ef7feeec] 18:14:16.595 [ReconcilerExecutor-hivemq-controller-111] DEBUG c.h.p.o.h.HiveMQPlatformReconcilerErrorHandler - [helmmqtt] Pod 'test-hivemq-platform-0' phase Running
2025-01-30 18:14:16,598 INFO c.h.h.t.HelmChartContainer - [hivemq-test-hivemq-platform] [hivemq-platform-operator] [ef7feeec] 18:14:16.597 [ReconcilerExecutor-hivemq-controller-111] INFO  c.h.p.o.h.HiveMQPlatformReconcilerBaseHandler - [helmmqtt] HiveMQ Platform is starting, 0 of 1 replicas are ready
2025-01-30 18:14:17,752 INFO c.h.h.t.HelmChartContainer - [test-hivemq-platform] [hivemq] [b7c8cf04] INFO  - No valid license file found. Using trial license, restricted to 25 connections.
2025-01-30 18:14:19,347 INFO c.h.h.t.HelmChartContainer - [test-hivemq-platform] [hivemq] [b7c8cf04] WARN  - [HiveMQ Platform Operator Init App 1.7.0-SNAPSHOT] Cannot connect to Health API for liveness: null
2025-01-30 18:14:19,347 INFO c.h.h.t.HelmChartContainer - [test-hivemq-platform] [hivemq] [b7c8cf04] INFO  - [HiveMQ Platform Operator Init App 1.7.0-SNAPSHOT] Returning default Health API response 200 for liveness
2025-01-30 18:14:20,980 INFO c.h.h.t.HelmChartContainer - [test-hivemq-platform] [hivemq] [b7c8cf04] INFO  - No valid license file for Data Hub found. Using free license, restricted to 1 policy.
2025-01-30 18:14:21,573 INFO c.h.h.t.HelmChartContainer - [test-hivemq-platform] [hivemq] [b7c8cf04] WARN  - [HiveMQ Platform Operator Init App 1.7.0-SNAPSHOT] Cannot connect to Health API for readiness: null
2025-01-30 18:14:21,577 INFO c.h.h.t.HelmChartContainer - [EVENT] Warning [Unhealthy] Readiness probe failed: HTTP probe failed with statuscode: 503 [helmmqttit:test-hivemq-platform-0]
2025-01-30 18:14:21,577 INFO c.h.h.t.HelmChartContainer - Received Unhealthy event for container hivemq in pod test-hivemq-platform-0 [b7c8cf04-8313-4cc1-87af-729fbe9e401b]
2025-01-30 18:14:22,177 INFO c.h.h.t.HelmChartContainer - [test-hivemq-platform] [hivemq] [b7c8cf04] INFO  - Audit Logger started.
2025-01-30 18:14:22,458 INFO c.h.h.t.HelmChartContainer - [test-hivemq-platform] [hivemq] [b7c8cf04] INFO  - This node uses '1' CPU cores.
2025-01-30 18:14:22,471 INFO c.h.h.t.HelmChartContainer - [test-hivemq-platform] [hivemq] [b7c8cf04] INFO  - Starting HiveMQ Health API on address 0.0.0.0 and port 8889
2025-01-30 18:14:23,276 INFO c.h.h.t.HelmChartContainer - [test-hivemq-platform] [hivemq] [b7c8cf04] INFO  - Started HiveMQ Health API in 805ms
2025-01-30 18:14:23,958 INFO c.h.h.t.HelmChartContainer - [test-hivemq-platform] [hivemq] [b7c8cf04] INFO  - Starting HiveMQ extension system.
2025-01-30 18:14:24,247 INFO c.h.h.t.HelmChartContainer - [test-hivemq-platform] [hivemq] [b7c8cf04] INFO  - Starting extension with id "hivemq-dns-cluster-discovery" at /opt/hivemq/extensions/hivemq-dns-cluster-discovery
2025-01-30 18:14:24,654 INFO c.h.h.t.HelmChartContainer - [test-hivemq-platform] [hivemq] [b7c8cf04] INFO  - Extension "DNS Cluster Discovery Extension" version 4.3.2 started successfully.
2025-01-30 18:14:24,654 INFO c.h.h.t.HelmChartContainer - [test-hivemq-platform] [hivemq] [b7c8cf04] INFO  - Starting extension with id "hivemq-prometheus-extension" at /opt/hivemq/extensions/hivemq-prometheus-extension
2025-01-30 18:14:24,747 INFO c.h.h.t.HelmChartContainer - [test-hivemq-platform] [hivemq] [b7c8cf04] INFO  - Using TCP cluster transport on address 10.42.0.6 and port 7000
2025-01-30 18:14:24,775 INFO c.h.h.t.HelmChartContainer - [test-hivemq-platform] [hivemq] [b7c8cf04] INFO  - Using extension cluster discovery
2025-01-30 18:14:25,574 INFO c.h.h.t.HelmChartContainer - [test-hivemq-platform] [hivemq] [b7c8cf04] INFO  - Started Jetty Server exposing Prometheus Servlet on URI http://0.0.0.0:9399/
2025-01-30 18:14:25,574 INFO c.h.h.t.HelmChartContainer - [test-hivemq-platform] [hivemq] [b7c8cf04] INFO  - Extension "Prometheus Monitoring Extension" version 4.0.12 started successfully.
2025-01-30 18:14:25,574 INFO c.h.h.t.HelmChartContainer - [test-hivemq-platform] [hivemq] [b7c8cf04] INFO  - Starting extension with id "hivemq-allow-all-extension" at /opt/hivemq/extensions/hivemq-allow-all-extension
2025-01-30 18:14:25,574 INFO c.h.h.t.HelmChartContainer - [test-hivemq-platform] [hivemq] [b7c8cf04] WARN  - 
2025-01-30 18:14:25,574 INFO c.h.h.t.HelmChartContainer - [test-hivemq-platform] [hivemq] [b7c8cf04] ################################################################################################################
2025-01-30 18:14:25,574 INFO c.h.h.t.HelmChartContainer - [test-hivemq-platform] [hivemq] [b7c8cf04] # This HiveMQ deployment is not secure! You are lacking Authentication and Authorization.                      #
2025-01-30 18:14:25,574 INFO c.h.h.t.HelmChartContainer - [test-hivemq-platform] [hivemq] [b7c8cf04] # Right now any MQTT client can connect to the broker with a full set of permissions.                          #
2025-01-30 18:14:25,574 INFO c.h.h.t.HelmChartContainer - [test-hivemq-platform] [hivemq] [b7c8cf04] # For production usage, add an appropriate security extension and remove the hivemq-allow-all extension.       #
2025-01-30 18:14:25,575 INFO c.h.h.t.HelmChartContainer - [test-hivemq-platform] [hivemq] [b7c8cf04] # You can download security extensions from the HiveMQ Marketplace (https://www.hivemq.com/extensions/).       #
2025-01-30 18:14:25,575 INFO c.h.h.t.HelmChartContainer - [test-hivemq-platform] [hivemq] [b7c8cf04] ################################################################################################################
2025-01-30 18:14:25,575 INFO c.h.h.t.HelmChartContainer - [test-hivemq-platform] [hivemq] [b7c8cf04] INFO  - Extension "Allow All Extension" version 1.1.1 started successfully.
2025-01-30 18:14:26,603 INFO c.h.h.t.HelmChartContainer - [hivemq-test-hivemq-platform] [hivemq-platform-operator] [ef7feeec] 18:14:26.601 [pool-6-thread-33] DEBUG c.h.p.o.d.PlatformServiceResource - [helmmqtt] Desired Platform services (4 services)
2025-01-30 18:14:26,604 INFO c.h.h.t.HelmChartContainer - [hivemq-test-hivemq-platform] [hivemq-platform-operator] [ef7feeec] 18:14:26.602 [pool-6-thread-36] DEBUG c.h.p.o.dependants.PodInfoConfigMap - [helmmqtt] Desired PodInfo ConfigMap (1 extensions) (1 enabled)
2025-01-30 18:14:26,604 INFO c.h.h.t.HelmChartContainer - [hivemq-test-hivemq-platform] [hivemq-platform-operator] [ef7feeec] 18:14:26.602 [pool-6-thread-36] DEBUG c.h.p.o.dependants.PodInfoConfigMap - [helmmqtt] Desired PodInfo ConfigMap (metrics port: 9399) (metrics path: /)
2025-01-30 18:14:26,607 INFO c.h.h.t.HelmChartContainer - [hivemq-test-hivemq-platform] [hivemq-platform-operator] [ef7feeec] 18:14:26.602 [pool-6-thread-36] DEBUG c.h.p.o.dependants.PodInfoConfigMap - [helmmqtt] Desired PodInfo ConfigMap (extension state hash: -1817474005)
2025-01-30 18:14:26,608 INFO c.h.h.t.HelmChartContainer - [hivemq-test-hivemq-platform] [hivemq-platform-operator] [ef7feeec] 18:14:26.605 [pool-6-thread-37] DEBUG c.h.p.o.d.PodServiceAccountResource - [helmmqtt] Desired PodServiceAccountResource (serviceAccountName: hivemq-platform-pod-test-hivemq-platform)
2025-01-30 18:14:26,611 INFO c.h.h.t.HelmChartContainer - [hivemq-test-hivemq-platform] [hivemq-platform-operator] [ef7feeec] 18:14:26.611 [pool-6-thread-33] DEBUG c.h.p.o.d.StatefulSetResource - [helmmqtt] Desired StatefulSet (1 replicas) for status STARTING (READY)
2025-01-30 18:14:26,616 INFO c.h.h.t.HelmChartContainer - [hivemq-test-hivemq-platform] [hivemq-platform-operator] [ef7feeec] 18:14:26.614 [ReconcilerExecutor-hivemq-controller-112] INFO  c.h.p.o.HiveMQPlatformReconciler - [helmmqtt] Reconciling HiveMQ Platform 'test-hivemq-platform' in namespace 'helmmqttit'
2025-01-30 18:14:26,616 INFO c.h.h.t.HelmChartContainer - [hivemq-test-hivemq-platform] [hivemq-platform-operator] [ef7feeec] 18:14:26.614 [ReconcilerExecutor-hivemq-controller-112] DEBUG c.h.p.o.HiveMQPlatformReconciler - [helmmqtt] Custom Resource Status STARTING - HiveMQ Platform is starting (READY)
2025-01-30 18:14:26,616 INFO c.h.h.t.HelmChartContainer - [hivemq-test-hivemq-platform] [hivemq-platform-operator] [ef7feeec] 18:14:26.614 [ReconcilerExecutor-hivemq-controller-112] DEBUG c.h.p.o.HiveMQPlatformReconciler - [helmmqtt] Custom Resource Spec (replicas: 1) (extensions: 1)
2025-01-30 18:14:26,670 INFO c.h.h.t.HelmChartContainer - [hivemq-test-hivemq-platform] [hivemq-platform-operator] [ef7feeec] 18:14:26.668 [ReconcilerExecutor-hivemq-controller-112] DEBUG c.h.p.o.HiveMQPlatformReconciler - [helmmqtt] StatefulSet Status (revision: test-hivemq-platform-6c4dd86f88, replicas: 1, available: 0, ready: 0, current: 1, updated: 1)
2025-01-30 18:14:26,671 INFO c.h.h.t.HelmChartContainer - [hivemq-test-hivemq-platform] [hivemq-platform-operator] [ef7feeec] 18:14:26.668 [ReconcilerExecutor-hivemq-controller-112] DEBUG c.h.p.o.HiveMQPlatformReconciler - [helmmqtt] StatefulSet Spec (replicas: 1, init containers: 1, containers: 1, volumes: 3)
2025-01-30 18:14:26,674 INFO c.h.h.t.HelmChartContainer - [hivemq-test-hivemq-platform] [hivemq-platform-operator] [ef7feeec] 18:14:26.671 [ReconcilerExecutor-hivemq-controller-112] DEBUG c.h.p.o.h.HiveMQPlatformReconcilerErrorHandler - [helmmqtt] Pod 'test-hivemq-platform-0' phase Running
2025-01-30 18:14:26,675 INFO c.h.h.t.HelmChartContainer - [hivemq-test-hivemq-platform] [hivemq-platform-operator] [ef7feeec] 18:14:26.672 [ReconcilerExecutor-hivemq-controller-112] INFO  c.h.p.o.h.HiveMQPlatformReconcilerBaseHandler - [helmmqtt] HiveMQ Platform is starting, 0 of 1 replicas are ready
2025-01-30 18:14:26,873 INFO c.h.h.t.HelmChartContainer - [test-hivemq-platform] [hivemq] [b7c8cf04] INFO  - [HiveMQ Platform Operator Init App 1.7.0-SNAPSHOT] Returning Health API response 503 for readiness
2025-01-30 18:14:26,877 INFO c.h.h.t.HelmChartContainer - [EVENT] Warning [Unhealthy] Readiness probe failed: HTTP probe failed with statuscode: 503 [helmmqttit:test-hivemq-platform-0]
2025-01-30 18:14:26,877 INFO c.h.h.t.HelmChartContainer - Received Unhealthy event for container hivemq in pod test-hivemq-platform-0 [b7c8cf04-8313-4cc1-87af-729fbe9e401b]
2025-01-30 18:14:27,646 INFO c.h.h.t.HelmChartContainer - [test-hivemq-platform] [hivemq] [b7c8cf04] INFO  - 21kZM: no members discovered after 2373 ms: creating cluster as first member
2025-01-30 18:14:27,652 INFO c.h.h.t.HelmChartContainer - [test-hivemq-platform] [hivemq] [b7c8cf04] INFO  - Cluster nodes found by discovery: [21kZM|0] (1) [21kZM].
2025-01-30 18:14:27,746 INFO c.h.h.t.HelmChartContainer - [test-hivemq-platform] [hivemq] [b7c8cf04] INFO  - Starting HiveMQ REST API on address 0.0.0.0 and port 8890
2025-01-30 18:14:28,147 INFO c.h.h.t.HelmChartContainer - [test-hivemq-platform] [hivemq] [b7c8cf04] INFO  - Started HiveMQ REST API in 400ms
2025-01-30 18:14:28,148 INFO c.h.h.t.HelmChartContainer - [test-hivemq-platform] [hivemq] [b7c8cf04] WARN  - No user for HiveMQ Control Center configured. Starting with default user
2025-01-30 18:14:28,148 INFO c.h.h.t.HelmChartContainer - [test-hivemq-platform] [hivemq] [b7c8cf04] INFO  - Starting HiveMQ Control Center on address 0.0.0.0 and port 8081
2025-01-30 18:14:28,151 INFO c.h.h.t.HelmChartContainer - [test-hivemq-platform] [hivemq] [b7c8cf04] INFO  - Mounting HiveMQ Control Center V2 Preview
2025-01-30 18:14:28,557 INFO c.h.h.t.HelmChartContainer - [test-hivemq-platform] [hivemq] [b7c8cf04] INFO  - Started HiveMQ Control Center in 411ms
2025-01-30 18:14:28,575 INFO c.h.h.t.HelmChartContainer - [test-hivemq-platform] [hivemq] [b7c8cf04] INFO  - Starting TCP listener on address 0.0.0.0 and port 1883
2025-01-30 18:14:28,662 INFO c.h.h.t.HelmChartContainer - [test-hivemq-platform] [hivemq] [b7c8cf04] INFO  - Started TCP Listener on address 0.0.0.0 and on port 1883.
2025-01-30 18:14:28,662 INFO c.h.h.t.HelmChartContainer - [test-hivemq-platform] [hivemq] [b7c8cf04] INFO  - Started HiveMQ in 30406ms
2025-01-30 18:14:31,488 INFO c.h.h.t.HelmChartContainer - [test-hivemq-platform] [hivemq] [b7c8cf04] INFO  - [HiveMQ Platform Operator Init App 1.7.0-SNAPSHOT] Returning Health API response 200 for readiness
2025-01-30 18:14:31,506 INFO c.h.h.t.HelmChartContainer - [POD] test-hivemq-platform-0 [b7c8cf04-8313-4cc1-87af-729fbe9e401b] in helmmqttit was MODIFIED
2025-01-30 18:14:31,518 INFO c.h.h.t.HelmChartContainer - [hivemq-test-hivemq-platform] [hivemq-platform-operator] [ef7feeec] 18:14:31.515 [pool-6-thread-46] DEBUG c.h.p.o.d.PlatformServiceResource - [helmmqtt] Desired Platform services (4 services)
2025-01-30 18:14:31,520 INFO c.h.h.t.HelmChartContainer - [hivemq-test-hivemq-platform] [hivemq-platform-operator] [ef7feeec] 18:14:31.517 [pool-6-thread-45] DEBUG c.h.p.o.d.PodServiceAccountResource - [helmmqtt] Desired PodServiceAccountResource (serviceAccountName: hivemq-platform-pod-test-hivemq-platform)
2025-01-30 18:14:31,521 INFO c.h.h.t.HelmChartContainer - [hivemq-test-hivemq-platform] [hivemq-platform-operator] [ef7feeec] 18:14:31.519 [pool-6-thread-47] DEBUG c.h.p.o.dependants.PodInfoConfigMap - [helmmqtt] Desired PodInfo ConfigMap (1 extensions) (1 enabled)
2025-01-30 18:14:31,521 INFO c.h.h.t.HelmChartContainer - [hivemq-test-hivemq-platform] [hivemq-platform-operator] [ef7feeec] 18:14:31.519 [pool-6-thread-47] DEBUG c.h.p.o.dependants.PodInfoConfigMap - [helmmqtt] Desired PodInfo ConfigMap (metrics port: 9399) (metrics path: /)
2025-01-30 18:14:31,521 INFO c.h.h.t.HelmChartContainer - [hivemq-test-hivemq-platform] [hivemq-platform-operator] [ef7feeec] 18:14:31.519 [pool-6-thread-47] DEBUG c.h.p.o.dependants.PodInfoConfigMap - [helmmqtt] Desired PodInfo ConfigMap (extension state hash: -1817474005)
2025-01-30 18:14:31,577 INFO c.h.h.t.HelmChartContainer - [hivemq-test-hivemq-platform] [hivemq-platform-operator] [ef7feeec] 18:14:31.576 [pool-6-thread-45] DEBUG c.h.p.o.d.StatefulSetResource - [helmmqtt] Desired StatefulSet (1 replicas) for status STARTING (READY)
2025-01-30 18:14:31,581 INFO c.h.h.t.HelmChartContainer - [hivemq-test-hivemq-platform] [hivemq-platform-operator] [ef7feeec] 18:14:31.580 [ReconcilerExecutor-hivemq-controller-113] INFO  c.h.p.o.HiveMQPlatformReconciler - [helmmqtt] Reconciling HiveMQ Platform 'test-hivemq-platform' in namespace 'helmmqttit'
2025-01-30 18:14:31,581 INFO c.h.h.t.HelmChartContainer - [hivemq-test-hivemq-platform] [hivemq-platform-operator] [ef7feeec] 18:14:31.580 [ReconcilerExecutor-hivemq-controller-113] DEBUG c.h.p.o.HiveMQPlatformReconciler - [helmmqtt] Custom Resource Status STARTING - HiveMQ Platform is starting (READY)
2025-01-30 18:14:31,583 INFO c.h.h.t.HelmChartContainer - [hivemq-test-hivemq-platform] [hivemq-platform-operator] [ef7feeec] 18:14:31.580 [ReconcilerExecutor-hivemq-controller-113] DEBUG c.h.p.o.HiveMQPlatformReconciler - [helmmqtt] Custom Resource Spec (replicas: 1) (extensions: 1)
2025-01-30 18:14:31,585 INFO c.h.h.t.HelmChartContainer - [hivemq-test-hivemq-platform] [hivemq-platform-operator] [ef7feeec] 18:14:31.581 [ReconcilerExecutor-hivemq-controller-113] DEBUG c.h.p.o.HiveMQPlatformReconciler - [helmmqtt] StatefulSet Status (revision: test-hivemq-platform-6c4dd86f88, replicas: 1, available: 1, ready: 1, current: 1, updated: 1)
2025-01-30 18:14:31,585 INFO c.h.h.t.HelmChartContainer - [hivemq-test-hivemq-platform] [hivemq-platform-operator] [ef7feeec] 18:14:31.581 [ReconcilerExecutor-hivemq-controller-113] DEBUG c.h.p.o.HiveMQPlatformReconciler - [helmmqtt] StatefulSet Spec (replicas: 1, init containers: 1, containers: 1, volumes: 3)
2025-01-30 18:14:31,586 INFO c.h.h.t.HelmChartContainer - [hivemq-test-hivemq-platform] [hivemq-platform-operator] [ef7feeec] 18:14:31.583 [ReconcilerExecutor-hivemq-controller-113] DEBUG c.h.p.o.h.HiveMQPlatformReconcilerErrorHandler - [helmmqtt] Pod 'test-hivemq-platform-0' phase Running
2025-01-30 18:14:31,586 INFO c.h.h.t.HelmChartContainer - [hivemq-test-hivemq-platform] [hivemq-platform-operator] [ef7feeec] 18:14:31.583 [ReconcilerExecutor-hivemq-controller-113] INFO  c.h.p.o.h.HiveMQPlatformReconcilerBaseHandler - [helmmqtt] HiveMQ Platform started successfully
2025-01-30 18:14:31,682 INFO c.h.h.t.HelmChartContainer - [hivemq-test-hivemq-platform] [hivemq-platform-operator] [ef7feeec] 18:14:31.680 [ReconcilerExecutor-hivemq-controller-113] DEBUG c.h.p.operator.event.EventSender - [helmmqtt] Creating K8s event hivemq-platform-ready: [Ready] HiveMQ Platform is ready
2025-01-30 18:14:31,686 INFO c.h.h.t.HelmChartContainer - [EVENT] Normal [Ready] HiveMQ Platform is ready [helmmqttit:test-hivemq-platform]
2025-01-30 18:14:31,687 INFO c.h.h.t.HelmChartContainer - [hivemq-test-hivemq-platform] [hivemq-platform-operator] [ef7feeec] 18:14:31.685 [ReconcilerExecutor-hivemq-controller-113] INFO  c.h.p.o.h.AbstractHiveMQReconcilerStateHandler - [helmmqtt] Update HiveMQ Platform Status (STARTING [READY] -> RUNNING [READY]): HiveMQ Platform is ready
2025-01-30 18:14:31,695 DEBUG com.hivemq.helmcharts.util.K8sUtil - Comparing actual state 'RUNNING' and waiting for 'RUNNING'
2025-01-30 18:14:31,772 INFO c.h.h.t.HelmChartContainer - [hivemq-test-hivemq-platform] [hivemq-platform-operator] [ef7feeec] 18:14:31.771 [pool-6-thread-3] DEBUG c.h.p.o.d.PlatformServiceResource - [helmmqtt] Desired Platform services (4 services)
2025-01-30 18:14:31,778 INFO c.h.h.t.HelmChartContainer - [hivemq-test-hivemq-platform] [hivemq-platform-operator] [ef7feeec] 18:14:31.773 [pool-6-thread-1] DEBUG c.h.p.o.d.PodServiceAccountResource - [helmmqtt] Desired PodServiceAccountResource (serviceAccountName: hivemq-platform-pod-test-hivemq-platform)
2025-01-30 18:14:31,778 INFO c.h.h.t.HelmChartContainer - [hivemq-test-hivemq-platform] [hivemq-platform-operator] [ef7feeec] 18:14:31.774 [pool-6-thread-8] DEBUG c.h.p.o.dependants.PodInfoConfigMap - [helmmqtt] Desired PodInfo ConfigMap (1 extensions) (1 enabled)
2025-01-30 18:14:31,778 INFO c.h.h.t.HelmChartContainer - [hivemq-test-hivemq-platform] [hivemq-platform-operator] [ef7feeec] 18:14:31.774 [pool-6-thread-8] DEBUG c.h.p.o.dependants.PodInfoConfigMap - [helmmqtt] Desired PodInfo ConfigMap (metrics port: 9399) (metrics path: /)
2025-01-30 18:14:31,778 INFO c.h.h.t.HelmChartContainer - [hivemq-test-hivemq-platform] [hivemq-platform-operator] [ef7feeec] 18:14:31.774 [pool-6-thread-8] DEBUG c.h.p.o.dependants.PodInfoConfigMap - [helmmqtt] Desired PodInfo ConfigMap (extension state hash: -1817474005)
2025-01-30 18:14:31,778 INFO c.h.h.t.HelmChartContainer - [hivemq-test-hivemq-platform] [hivemq-platform-operator] [ef7feeec] 18:14:31.775 [pool-6-thread-8] DEBUG c.h.p.o.dependants.PodInfoConfigMap - [helmmqtt] Update PodInfo ConfigMap
2025-01-30 18:14:31,787 INFO c.h.h.t.HelmChartContainer - [hivemq-test-hivemq-platform] [hivemq-platform-operator] [ef7feeec] 18:14:31.786 [pool-6-thread-8] DEBUG c.h.p.o.d.StatefulSetResource - [helmmqtt] Desired StatefulSet (1 replicas) for status RUNNING (READY)
2025-01-30 18:14:31,873 INFO c.h.h.t.HelmChartContainer - [hivemq-test-hivemq-platform] [hivemq-platform-operator] [ef7feeec] 18:14:31.868 [ReconcilerExecutor-hivemq-controller-114] INFO  c.h.p.o.HiveMQPlatformReconciler - [helmmqtt] Reconciling HiveMQ Platform 'test-hivemq-platform' in namespace 'helmmqttit'
2025-01-30 18:14:31,873 INFO c.h.h.t.HelmChartContainer - [hivemq-test-hivemq-platform] [hivemq-platform-operator] [ef7feeec] 18:14:31.868 [ReconcilerExecutor-hivemq-controller-114] DEBUG c.h.p.o.HiveMQPlatformReconciler - [helmmqtt] Custom Resource Status RUNNING - HiveMQ Platform is ready (READY)
2025-01-30 18:14:31,873 INFO c.h.h.t.HelmChartContainer - [hivemq-test-hivemq-platform] [hivemq-platform-operator] [ef7feeec] 18:14:31.868 [ReconcilerExecutor-hivemq-controller-114] DEBUG c.h.p.o.HiveMQPlatformReconciler - [helmmqtt] Custom Resource Spec (replicas: 1) (extensions: 1)
2025-01-30 18:14:31,873 INFO c.h.h.t.HelmChartContainer - [hivemq-test-hivemq-platform] [hivemq-platform-operator] [ef7feeec] 18:14:31.870 [ReconcilerExecutor-hivemq-controller-114] DEBUG c.h.p.o.HiveMQPlatformReconciler - [helmmqtt] StatefulSet Status (revision: test-hivemq-platform-6c4dd86f88, replicas: 1, available: 1, ready: 1, current: 1, updated: 1)
2025-01-30 18:14:31,873 INFO c.h.h.t.HelmChartContainer - [hivemq-test-hivemq-platform] [hivemq-platform-operator] [ef7feeec] 18:14:31.870 [ReconcilerExecutor-hivemq-controller-114] DEBUG c.h.p.o.HiveMQPlatformReconciler - [helmmqtt] StatefulSet Spec (replicas: 1, init containers: 1, containers: 1, volumes: 3)
2025-01-30 18:14:31,874 INFO c.h.h.t.HelmChartContainer - [hivemq-test-hivemq-platform] [hivemq-platform-operator] [ef7feeec] 18:14:31.871 [ReconcilerExecutor-hivemq-controller-114] DEBUG c.h.p.o.h.HiveMQPlatformReconcilerErrorHandler - [helmmqtt] Pod 'test-hivemq-platform-0' phase Running
2025-01-30 18:14:36,798 INFO c.h.h.t.HelmChartContainer - Uninstalling release 'test-hivemq-platform' in namespace 'helmmqttit'...
2025-01-30 18:14:36,798 DEBUG c.h.h.t.HelmChartContainer - Executing helm command: /bin/helm --kubeconfig /etc/rancher/k3s/k3s.yaml uninstall test-hivemq-platform  --wait --timeout 5m0s --cascade foreground --namespace helmmqttit
2025-01-30 18:14:37,016 INFO c.h.h.t.HelmChartContainer - [hivemq-test-hivemq-platform] [hivemq-platform-operator] [ef7feeec] 18:14:37.004 [pool-6-thread-17] DEBUG c.h.p.o.dependants.PodInfoConfigMap - [helmmqtt] Desired PodInfo ConfigMap (1 extensions) (1 enabled)
2025-01-30 18:14:37,017 INFO c.h.h.t.HelmChartContainer - [hivemq-test-hivemq-platform] [hivemq-platform-operator] [ef7feeec] 18:14:37.004 [pool-6-thread-17] DEBUG c.h.p.o.dependants.PodInfoConfigMap - [helmmqtt] Desired PodInfo ConfigMap (metrics port: 9399) (metrics path: /)
2025-01-30 18:14:37,017 INFO c.h.h.t.HelmChartContainer - [hivemq-test-hivemq-platform] [hivemq-platform-operator] [ef7feeec] 18:14:37.004 [pool-6-thread-17] DEBUG c.h.p.o.dependants.PodInfoConfigMap - [helmmqtt] Desired PodInfo ConfigMap (extension state hash: -1817474005)
2025-01-30 18:14:37,017 INFO c.h.h.t.HelmChartContainer - [hivemq-test-hivemq-platform] [hivemq-platform-operator] [ef7feeec] 18:14:37.005 [pool-6-thread-17] DEBUG c.h.p.o.d.PodServiceAccountResource - [helmmqtt] Desired PodServiceAccountResource (serviceAccountName: hivemq-platform-pod-test-hivemq-platform)
2025-01-30 18:14:37,017 INFO c.h.h.t.HelmChartContainer - [hivemq-test-hivemq-platform] [hivemq-platform-operator] [ef7feeec] 18:14:37.008 [pool-6-thread-19] DEBUG c.h.p.o.d.PlatformServiceResource - [helmmqtt] Desired Platform services (4 services)
2025-01-30 18:14:37,084 INFO c.h.h.t.HelmChartContainer - [hivemq-test-hivemq-platform] [hivemq-platform-operator] [ef7feeec] 18:14:37.082 [pool-6-thread-19] DEBUG c.h.p.o.d.StatefulSetResource - [helmmqtt] Desired StatefulSet (1 replicas) for status RUNNING (READY)
2025-01-30 18:14:37,090 INFO c.h.h.t.HelmChartContainer - [hivemq-test-hivemq-platform] [hivemq-platform-operator] [ef7feeec] 18:14:37.088 [pool-6-thread-19] DEBUG c.h.p.o.d.StatefulSetResource - [helmmqtt] Update StatefulSet (replicas: 1 -> 1)
2025-01-30 18:14:37,090 INFO c.h.h.t.HelmChartContainer - [hivemq-test-hivemq-platform] [hivemq-platform-operator] [ef7feeec] 18:14:37.089 [pool-6-thread-19] DEBUG c.h.p.o.d.StatefulSetResource - [helmmqtt] Detected change in StatefulSet specification (path: /template/metadata/annotations/kubernetes-resource-versions) (actual value: {broker-configuration-v2=-382267829}) (target value: {broker-configuration-v2=0})
2025-01-30 18:14:37,091 INFO c.h.h.t.HelmChartContainer - [hivemq-test-hivemq-platform] [hivemq-platform-operator] [ef7feeec] 18:14:37.089 [pool-6-thread-19] INFO  c.h.p.o.d.StatefulSetResource - [helmmqtt] StatefulSet spec was updated, triggering rolling restart
2025-01-30 18:14:37,187 INFO c.h.h.t.HelmChartContainer - [hivemq-test-hivemq-platform] [hivemq-platform-operator] [ef7feeec] 18:14:37.184 [ReconcilerExecutor-hivemq-controller-115] INFO  c.h.p.o.HiveMQPlatformReconciler - [helmmqtt] Reconciling HiveMQ Platform 'test-hivemq-platform' in namespace 'helmmqttit'
2025-01-30 18:14:37,187 INFO c.h.h.t.HelmChartContainer - [hivemq-test-hivemq-platform] [hivemq-platform-operator] [ef7feeec] 18:14:37.185 [ReconcilerExecutor-hivemq-controller-115] DEBUG c.h.p.o.HiveMQPlatformReconciler - [helmmqtt] Custom Resource Status RUNNING - HiveMQ Platform is ready (READY) (reconciliation requests: REQUESTS_UPDATED, ROLLING_RESTART)
2025-01-30 18:14:37,187 INFO c.h.h.t.HelmChartContainer - [hivemq-test-hivemq-platform] [hivemq-platform-operator] [ef7feeec] 18:14:37.185 [ReconcilerExecutor-hivemq-controller-115] DEBUG c.h.p.o.HiveMQPlatformReconciler - [helmmqtt] Custom Resource Spec (replicas: 1) (extensions: 1)
2025-01-30 18:14:37,187 INFO c.h.h.t.HelmChartContainer - [hivemq-test-hivemq-platform] [hivemq-platform-operator] [ef7feeec] 18:14:37.186 [ReconcilerExecutor-hivemq-controller-115] WARN  c.h.p.o.h.HiveMQPlatformReconcilerErrorHandler - [helmmqtt] Could not find ConfigMap 'hivemq-configuration-test-hivemq-platform' for HiveMQ Platform configuration
2025-01-30 18:14:37,285 INFO c.h.h.t.HelmChartContainer - [hivemq-test-hivemq-platform] [hivemq-platform-operator] [ef7feeec] 18:14:37.284 [ReconcilerExecutor-hivemq-controller-115] DEBUG c.h.p.operator.event.EventSender - [helmmqtt] Creating K8s event hivemq-platform-invalid-configuration: [Start] Could not find ConfigMap 'hivemq-configuration-test-hivemq-platform' for HiveMQ Platform configuration
2025-01-30 18:14:37,373 INFO c.h.h.t.HelmChartContainer - [EVENT] Warning [Start] Could not find ConfigMap 'hivemq-configuration-test-hivemq-platform' for HiveMQ Platform configuration [helmmqttit:test-hivemq-platform]
2025-01-30 18:14:37,374 INFO c.h.h.t.HelmChartContainer - [hivemq-test-hivemq-platform] [hivemq-platform-operator] [ef7feeec] 18:14:37.373 [ReconcilerExecutor-hivemq-controller-115] INFO  c.h.p.o.h.AbstractHiveMQReconcilerStateHandler - [helmmqtt] Update HiveMQ Platform Status (RUNNING [READY] -> ERROR [INVALID_CONFIG_MAP]): Could not find ConfigMap 'hivemq-configuration-test-hivemq-platform' for HiveMQ Platform configuration (reconciliation requests: ROLLING_RESTART)
2025-01-30 18:14:37,386 INFO c.h.h.t.HelmChartContainer - [hivemq-test-hivemq-platform] [hivemq-platform-operator] [ef7feeec] 18:14:37.381 [ReconcilerExecutor-hivemq-controller-115] ERROR i.j.o.p.event.EventProcessor - Error during event processing ExecutionScope{ resource id: ResourceID{name='test-hivemq-platform', namespace='helmmqttit'}, version: 607}
2025-01-30 18:14:37,386 INFO c.h.h.t.HelmChartContainer - [hivemq-test-hivemq-platform] [hivemq-platform-operator] [ef7feeec] io.fabric8.kubernetes.client.KubernetesClientException: Failure executing: PUT at: https://10.43.0.1:443/apis/hivemq.com/v1/namespaces/helmmqttit/hivemq-platforms/test-hivemq-platform/status. Message: Operation cannot be fulfilled on hivemq-platforms.hivemq.com "test-hivemq-platform": the object has been modified; please apply your changes to the latest version and try again. Received status: Status(apiVersion=v1, code=409, details=StatusDetails(causes=[], group=hivemq.com, kind=hivemq-platforms, name=test-hivemq-platform, retryAfterSeconds=null, uid=null, additionalProperties={}), kind=Status, message=Operation cannot be fulfilled on hivemq-platforms.hivemq.com "test-hivemq-platform": the object has been modified; please apply your changes to the latest version and try again, metadata=ListMeta(_continue=null, remainingItemCount=null, resourceVersion=null, selfLink=null, additionalProperties={}), reason=Conflict, status=Failure, additionalProperties={}).
2025-01-30 18:14:37,386 INFO c.h.h.t.HelmChartContainer - [hivemq-test-hivemq-platform] [hivemq-platform-operator] [ef7feeec] 	at io.fabric8.kubernetes.client.KubernetesClientException.copyAsCause(KubernetesClientException.java:238)
2025-01-30 18:14:37,386 INFO c.h.h.t.HelmChartContainer - [hivemq-test-hivemq-platform] [hivemq-platform-operator] [ef7feeec] 	at io.fabric8.kubernetes.client.dsl.internal.OperationSupport.waitForResult(OperationSupport.java:507)
2025-01-30 18:14:37,386 INFO c.h.h.t.HelmChartContainer - [hivemq-test-hivemq-platform] [hivemq-platform-operator] [ef7feeec] 	at io.fabric8.kubernetes.client.dsl.internal.OperationSupport.handleResponse(OperationSupport.java:524)
2025-01-30 18:14:37,386 INFO c.h.h.t.HelmChartContainer - [hivemq-test-hivemq-platform] [hivemq-platform-operator] [ef7feeec] 	at io.fabric8.kubernetes.client.dsl.internal.OperationSupport.handleUpdate(OperationSupport.java:358)
2025-01-30 18:14:37,386 INFO c.h.h.t.HelmChartContainer - [hivemq-test-hivemq-platform] [hivemq-platform-operator] [ef7feeec] 	at io.fabric8.kubernetes.client.dsl.internal.BaseOperation.handleUpdate(BaseOperation.java:759)
2025-01-30 18:14:37,386 INFO c.h.h.t.HelmChartContainer - [hivemq-test-hivemq-platform] [hivemq-platform-operator] [ef7feeec] 	at io.fabric8.kubernetes.client.dsl.internal.HasMetadataOperation.update(HasMetadataOperation.java:138)
2025-01-30 18:14:37,387 INFO c.h.h.t.HelmChartContainer - [hivemq-test-hivemq-platform] [hivemq-platform-operator] [ef7feeec] 	at io.fabric8.kubernetes.client.dsl.internal.HasMetadataOperation.update(HasMetadataOperation.java:121)
2025-01-30 18:14:37,387 INFO c.h.h.t.HelmChartContainer - [hivemq-test-hivemq-platform] [hivemq-platform-operator] [ef7feeec] 	at io.fabric8.kubernetes.client.dsl.internal.HasMetadataOperation.updateStatus(HasMetadataOperation.java:126)
2025-01-30 18:14:37,387 INFO c.h.h.t.HelmChartContainer - [hivemq-test-hivemq-platform] [hivemq-platform-operator] [ef7feeec] 	at io.fabric8.kubernetes.client.dsl.internal.HasMetadataOperation.updateStatus(HasMetadataOperation.java:44)
2025-01-30 18:14:37,387 INFO c.h.h.t.HelmChartContainer - [hivemq-test-hivemq-platform] [hivemq-platform-operator] [ef7feeec] 	at io.javaoperatorsdk.operator.processing.event.ReconciliationDispatcher$CustomResourceFacade.updateStatus(ReconciliationDispatcher.java:408)
2025-01-30 18:14:37,387 INFO c.h.h.t.HelmChartContainer - [hivemq-test-hivemq-platform] [hivemq-platform-operator] [ef7feeec] 	at io.javaoperatorsdk.operator.processing.event.ReconciliationDispatcher.updateStatusGenerationAware(ReconciliationDispatcher.java:228)
2025-01-30 18:14:37,387 INFO c.h.h.t.HelmChartContainer - [hivemq-test-hivemq-platform] [hivemq-platform-operator] [ef7feeec] 	at io.javaoperatorsdk.operator.processing.event.ReconciliationDispatcher.reconcileExecution(ReconciliationDispatcher.java:150)
2025-01-30 18:14:37,387 INFO c.h.h.t.HelmChartContainer - [hivemq-test-hivemq-platform] [hivemq-platform-operator] [ef7feeec] 	at io.javaoperatorsdk.operator.processing.event.ReconciliationDispatcher.handleReconcile(ReconciliationDispatcher.java:117)
2025-01-30 18:14:37,387 INFO c.h.h.t.HelmChartContainer - [hivemq-test-hivemq-platform] [hivemq-platform-operator] [ef7feeec] 	at io.javaoperatorsdk.operator.processing.event.ReconciliationDispatcher.handleDispatch(ReconciliationDispatcher.java:91)
2025-01-30 18:14:37,387 INFO c.h.h.t.HelmChartContainer - [hivemq-test-hivemq-platform] [hivemq-platform-operator] [ef7feeec] 	at io.javaoperatorsdk.operator.processing.event.ReconciliationDispatcher.handleExecution(ReconciliationDispatcher.java:64)
2025-01-30 18:14:37,387 INFO c.h.h.t.HelmChartContainer - [hivemq-test-hivemq-platform] [hivemq-platform-operator] [ef7feeec] 	at io.javaoperatorsdk.operator.processing.event.EventProcessor$ReconcilerExecutor.run(EventProcessor.java:452)
2025-01-30 18:14:37,387 INFO c.h.h.t.HelmChartContainer - [hivemq-test-hivemq-platform] [hivemq-platform-operator] [ef7feeec] 	at java.base/java.util.concurrent.ThreadPoolExecutor.runWorker(Unknown Source)
2025-01-30 18:14:37,387 INFO c.h.h.t.HelmChartContainer - [hivemq-test-hivemq-platform] [hivemq-platform-operator] [ef7feeec] 	at java.base/java.util.concurrent.ThreadPoolExecutor$Worker.run(Unknown Source)
2025-01-30 18:14:37,387 INFO c.h.h.t.HelmChartContainer - [hivemq-test-hivemq-platform] [hivemq-platform-operator] [ef7feeec] 	at java.base/java.lang.Thread.run(Unknown Source)
2025-01-30 18:14:37,387 INFO c.h.h.t.HelmChartContainer - [hivemq-test-hivemq-platform] [hivemq-platform-operator] [ef7feeec] Caused by: io.fabric8.kubernetes.client.KubernetesClientException: Failure executing: PUT at: https://10.43.0.1:443/apis/hivemq.com/v1/namespaces/helmmqttit/hivemq-platforms/test-hivemq-platform/status. Message: Operation cannot be fulfilled on hivemq-platforms.hivemq.com "test-hivemq-platform": the object has been modified; please apply your changes to the latest version and try again. Received status: Status(apiVersion=v1, code=409, details=StatusDetails(causes=[], group=hivemq.com, kind=hivemq-platforms, name=test-hivemq-platform, retryAfterSeconds=null, uid=null, additionalProperties={}), kind=Status, message=Operation cannot be fulfilled on hivemq-platforms.hivemq.com "test-hivemq-platform": the object has been modified; please apply your changes to the latest version and try again, metadata=ListMeta(_continue=null, remainingItemCount=null, resourceVersion=null, selfLink=null, additionalProperties={}), reason=Conflict, status=Failure, additionalProperties={}).
2025-01-30 18:14:37,387 INFO c.h.h.t.HelmChartContainer - [hivemq-test-hivemq-platform] [hivemq-platform-operator] [ef7feeec] 	at io.fabric8.kubernetes.client.dsl.internal.OperationSupport.requestFailure(OperationSupport.java:660)
2025-01-30 18:14:37,387 INFO c.h.h.t.HelmChartContainer - [hivemq-test-hivemq-platform] [hivemq-platform-operator] [ef7feeec] 	at io.fabric8.kubernetes.client.dsl.internal.OperationSupport.requestFailure(OperationSupport.java:640)
2025-01-30 18:14:37,387 INFO c.h.h.t.HelmChartContainer - [hivemq-test-hivemq-platform] [hivemq-platform-operator] [ef7feeec] 	at io.fabric8.kubernetes.client.dsl.internal.OperationSupport.assertResponseCode(OperationSupport.java:589)
2025-01-30 18:14:37,387 INFO c.h.h.t.HelmChartContainer - [hivemq-test-hivemq-platform] [hivemq-platform-operator] [ef7feeec] 	at io.fabric8.kubernetes.client.dsl.internal.OperationSupport.lambda$handleResponse$0(OperationSupport.java:549)
2025-01-30 18:14:37,387 INFO c.h.h.t.HelmChartContainer - [hivemq-test-hivemq-platform] [hivemq-platform-operator] [ef7feeec] 	at java.base/java.util.concurrent.CompletableFuture$UniApply.tryFire(Unknown Source)
2025-01-30 18:14:37,387 INFO c.h.h.t.HelmChartContainer - [hivemq-test-hivemq-platform] [hivemq-platform-operator] [ef7feeec] 	at java.base/java.util.concurrent.CompletableFuture.postComplete(Unknown Source)
2025-01-30 18:14:37,387 INFO c.h.h.t.HelmChartContainer - [hivemq-test-hivemq-platform] [hivemq-platform-operator] [ef7feeec] 	at java.base/java.util.concurrent.CompletableFuture.complete(Unknown Source)
2025-01-30 18:14:37,387 INFO c.h.h.t.HelmChartContainer - [hivemq-test-hivemq-platform] [hivemq-platform-operator] [ef7feeec] 	at io.fabric8.kubernetes.client.http.StandardHttpClient.lambda$completeOrCancel$10(StandardHttpClient.java:141)
2025-01-30 18:14:37,387 INFO c.h.h.t.HelmChartContainer - [hivemq-test-hivemq-platform] [hivemq-platform-operator] [ef7feeec] 	at java.base/java.util.concurrent.CompletableFuture.uniWhenComplete(Unknown Source)
2025-01-30 18:14:37,387 INFO c.h.h.t.HelmChartContainer - [hivemq-test-hivemq-platform] [hivemq-platform-operator] [ef7feeec] 	at java.base/java.util.concurrent.CompletableFuture$UniWhenComplete.tryFire(Unknown Source)
2025-01-30 18:14:37,387 INFO c.h.h.t.HelmChartContainer - [hivemq-test-hivemq-platform] [hivemq-platform-operator] [ef7feeec] 	at java.base/java.util.concurrent.CompletableFuture.postComplete(Unknown Source)
2025-01-30 18:14:37,387 INFO c.h.h.t.HelmChartContainer - [hivemq-test-hivemq-platform] [hivemq-platform-operator] [ef7feeec] 	at java.base/java.util.concurrent.CompletableFuture.complete(Unknown Source)
2025-01-30 18:14:37,387 INFO c.h.h.t.HelmChartContainer - [hivemq-test-hivemq-platform] [hivemq-platform-operator] [ef7feeec] 	at io.fabric8.kubernetes.client.http.ByteArrayBodyHandler.onBodyDone(ByteArrayBodyHandler.java:51)
2025-01-30 18:14:37,387 INFO c.h.h.t.HelmChartContainer - [hivemq-test-hivemq-platform] [hivemq-platform-operator] [ef7feeec] 	at java.base/java.util.concurrent.CompletableFuture.uniWhenComplete(Unknown Source)
2025-01-30 18:14:37,387 INFO c.h.h.t.HelmChartContainer - [hivemq-test-hivemq-platform] [hivemq-platform-operator] [ef7feeec] 	at java.base/java.util.concurrent.CompletableFuture$UniWhenComplete.tryFire(Unknown Source)
2025-01-30 18:14:37,387 INFO c.h.h.t.HelmChartContainer - [hivemq-test-hivemq-platform] [hivemq-platform-operator] [ef7feeec] 	at java.base/java.util.concurrent.CompletableFuture.postComplete(Unknown Source)
2025-01-30 18:14:37,387 INFO c.h.h.t.HelmChartContainer - [hivemq-test-hivemq-platform] [hivemq-platform-operator] [ef7feeec] 	at java.base/java.util.concurrent.CompletableFuture.complete(Unknown Source)
2025-01-30 18:14:37,387 INFO c.h.h.t.HelmChartContainer - [hivemq-test-hivemq-platform] [hivemq-platform-operator] [ef7feeec] 	at io.fabric8.kubernetes.client.vertx.VertxHttpRequest.lambda$null$1(VertxHttpRequest.java:121)
2025-01-30 18:14:37,387 INFO c.h.h.t.HelmChartContainer - [hivemq-test-hivemq-platform] [hivemq-platform-operator] [ef7feeec] 	at io.vertx.core.impl.ContextInternal.dispatch(ContextInternal.java:279)
2025-01-30 18:14:37,387 INFO c.h.h.t.HelmChartContainer - [hivemq-test-hivemq-platform] [hivemq-platform-operator] [ef7feeec] 	at io.vertx.core.impl.ContextInternal.dispatch(ContextInternal.java:261)
2025-01-30 18:14:37,387 INFO c.h.h.t.HelmChartContainer - [hivemq-test-hivemq-platform] [hivemq-platform-operator] [ef7feeec] 	at io.vertx.core.http.impl.HttpEventHandler.handleEnd(HttpEventHandler.java:76)
2025-01-30 18:14:37,387 INFO c.h.h.t.HelmChartContainer - [hivemq-test-hivemq-platform] [hivemq-platform-operator] [ef7feeec] 	at io.vertx.core.http.impl.HttpClientResponseImpl.handleEnd(HttpClientResponseImpl.java:250)
2025-01-30 18:14:37,387 INFO c.h.h.t.HelmChartContainer - [hivemq-test-hivemq-platform] [hivemq-platform-operator] [ef7feeec] 	at io.vertx.core.http.impl.Http1xClientConnection$StreamImpl.lambda$new$0(Http1xClientConnection.java:421)
2025-01-30 18:14:37,387 INFO c.h.h.t.HelmChartContainer - [hivemq-test-hivemq-platform] [hivemq-platform-operator] [ef7feeec] 	at io.vertx.core.streams.impl.InboundBuffer.handleEvent(InboundBuffer.java:279)
2025-01-30 18:14:37,387 INFO c.h.h.t.HelmChartContainer - [hivemq-test-hivemq-platform] [hivemq-platform-operator] [ef7feeec] 	at io.vertx.core.streams.impl.InboundBuffer.write(InboundBuffer.java:157)
2025-01-30 18:14:37,387 INFO c.h.h.t.HelmChartContainer - [hivemq-test-hivemq-platform] [hivemq-platform-operator] [ef7feeec] 	at io.vertx.core.http.impl.Http1xClientConnection$StreamImpl.handleEnd(Http1xClientConnection.java:709)
2025-01-30 18:14:37,387 INFO c.h.h.t.HelmChartContainer - [hivemq-test-hivemq-platform] [hivemq-platform-operator] [ef7feeec] 	at io.vertx.core.impl.ContextImpl.execute(ContextImpl.java:313)
2025-01-30 18:14:37,387 INFO c.h.h.t.HelmChartContainer - [hivemq-test-hivemq-platform] [hivemq-platform-operator] [ef7feeec] 	at io.vertx.core.impl.ContextImpl.execute(ContextImpl.java:293)
2025-01-30 18:14:37,387 INFO c.h.h.t.HelmChartContainer - [hivemq-test-hivemq-platform] [hivemq-platform-operator] [ef7feeec] 	at io.vertx.core.http.impl.Http1xClientConnection.handleResponseEnd(Http1xClientConnection.java:940)
2025-01-30 18:14:37,387 INFO c.h.h.t.HelmChartContainer - [hivemq-test-hivemq-platform] [hivemq-platform-operator] [ef7feeec] 	at io.vertx.core.http.impl.Http1xClientConnection.handleHttpMessage(Http1xClientConnection.java:810)
2025-01-30 18:14:37,387 INFO c.h.h.t.HelmChartContainer - [hivemq-test-hivemq-platform] [hivemq-platform-operator] [ef7feeec] 	at io.vertx.core.http.impl.Http1xClientConnection.handleMessage(Http1xClientConnection.java:774)
2025-01-30 18:14:37,387 INFO c.h.h.t.HelmChartContainer - [hivemq-test-hivemq-platform] [hivemq-platform-operator] [ef7feeec] 	at io.vertx.core.net.impl.ConnectionBase.read(ConnectionBase.java:159)
2025-01-30 18:14:37,387 INFO c.h.h.t.HelmChartContainer - [hivemq-test-hivemq-platform] [hivemq-platform-operator] [ef7feeec] 	at io.vertx.core.net.impl.VertxHandler.channelRead(VertxHandler.java:153)
2025-01-30 18:14:37,387 INFO c.h.h.t.HelmChartContainer - [hivemq-test-hivemq-platform] [hivemq-platform-operator] [ef7feeec] 	at io.netty.channel.AbstractChannelHandlerContext.invokeChannelRead(AbstractChannelHandlerContext.java:442)
2025-01-30 18:14:37,387 INFO c.h.h.t.HelmChartContainer - [hivemq-test-hivemq-platform] [hivemq-platform-operator] [ef7feeec] 	at io.netty.channel.AbstractChannelHandlerContext.invokeChannelRead(AbstractChannelHandlerContext.java:420)
2025-01-30 18:14:37,387 INFO c.h.h.t.HelmChartContainer - [hivemq-test-hivemq-platform] [hivemq-platform-operator] [ef7feeec] 	at io.netty.channel.AbstractChannelHandlerContext.fireChannelRead(AbstractChannelHandlerContext.java:412)
2025-01-30 18:14:37,387 INFO c.h.h.t.HelmChartContainer - [hivemq-test-hivemq-platform] [hivemq-platform-operator] [ef7feeec] 	at io.netty.channel.CombinedChannelDuplexHandler$DelegatingChannelHandlerContext.fireChannelRead(CombinedChannelDuplexHandler.java:436)
2025-01-30 18:14:37,387 INFO c.h.h.t.HelmChartContainer - [hivemq-test-hivemq-platform] [hivemq-platform-operator] [ef7feeec] 	at io.netty.handler.codec.ByteToMessageDecoder.fireChannelRead(ByteToMessageDecoder.java:346)
2025-01-30 18:14:37,387 INFO c.h.h.t.HelmChartContainer - [hivemq-test-hivemq-platform] [hivemq-platform-operator] [ef7feeec] 	at io.netty.handler.codec.ByteToMessageDecoder.channelRead(ByteToMessageDecoder.java:318)
2025-01-30 18:14:37,387 INFO c.h.h.t.HelmChartContainer - [hivemq-test-hivemq-platform] [hivemq-platform-operator] [ef7feeec] 	at io.netty.channel.CombinedChannelDuplexHandler.channelRead(CombinedChannelDuplexHandler.java:251)
2025-01-30 18:14:37,387 INFO c.h.h.t.HelmChartContainer - [hivemq-test-hivemq-platform] [hivemq-platform-operator] [ef7feeec] 	at io.netty.channel.AbstractChannelHandlerContext.invokeChannelRead(AbstractChannelHandlerContext.java:442)
2025-01-30 18:14:37,387 INFO c.h.h.t.HelmChartContainer - [hivemq-test-hivemq-platform] [hivemq-platform-operator] [ef7feeec] 	at io.netty.channel.AbstractChannelHandlerContext.invokeChannelRead(AbstractChannelHandlerContext.java:420)
2025-01-30 18:14:37,391 INFO c.h.h.t.HelmChartContainer - [hivemq-test-hivemq-platform] [hivemq-platform-operator] [ef7feeec] 	at io.netty.channel.AbstractChannelHandlerContext.fireChannelRead(AbstractChannelHandlerContext.java:412)
2025-01-30 18:14:37,391 INFO c.h.h.t.HelmChartContainer - [hivemq-test-hivemq-platform] [hivemq-platform-operator] [ef7feeec] 	at io.netty.handler.ssl.SslHandler.unwrap(SslHandler.java:1475)
2025-01-30 18:14:37,391 INFO c.h.h.t.HelmChartContainer - [hivemq-test-hivemq-platform] [hivemq-platform-operator] [ef7feeec] 	at io.netty.handler.ssl.SslHandler.decodeJdkCompatible(SslHandler.java:1338)
2025-01-30 18:14:37,391 INFO c.h.h.t.HelmChartContainer - [hivemq-test-hivemq-platform] [hivemq-platform-operator] [ef7feeec] 	at io.netty.handler.ssl.SslHandler.decode(SslHandler.java:1387)
2025-01-30 18:14:37,391 INFO c.h.h.t.HelmChartContainer - [hivemq-test-hivemq-platform] [hivemq-platform-operator] [ef7feeec] 	at io.netty.handler.codec.ByteToMessageDecoder.decodeRemovalReentryProtection(ByteToMessageDecoder.java:530)
2025-01-30 18:14:37,391 INFO c.h.h.t.HelmChartContainer - [hivemq-test-hivemq-platform] [hivemq-platform-operator] [ef7feeec] 	at io.netty.handler.codec.ByteToMessageDecoder.callDecode(ByteToMessageDecoder.java:469)
2025-01-30 18:14:37,391 INFO c.h.h.t.HelmChartContainer - [hivemq-test-hivemq-platform] [hivemq-platform-operator] [ef7feeec] 	at io.netty.handler.codec.ByteToMessageDecoder.channelRead(ByteToMessageDecoder.java:290)
2025-01-30 18:14:37,391 INFO c.h.h.t.HelmChartContainer - [hivemq-test-hivemq-platform] [hivemq-platform-operator] [ef7feeec] 	at io.netty.channel.AbstractChannelHandlerContext.invokeChannelRead(AbstractChannelHandlerContext.java:444)
2025-01-30 18:14:37,391 INFO c.h.h.t.HelmChartContainer - [hivemq-test-hivemq-platform] [hivemq-platform-operator] [ef7feeec] 	at io.netty.channel.AbstractChannelHandlerContext.invokeChannelRead(AbstractChannelHandlerContext.java:420)
2025-01-30 18:14:37,391 INFO c.h.h.t.HelmChartContainer - [hivemq-test-hivemq-platform] [hivemq-platform-operator] [ef7feeec] 	at io.netty.channel.AbstractChannelHandlerContext.fireChannelRead(AbstractChannelHandlerContext.java:412)
2025-01-30 18:14:37,391 INFO c.h.h.t.HelmChartContainer - [hivemq-test-hivemq-platform] [hivemq-platform-operator] [ef7feeec] 	at io.netty.channel.DefaultChannelPipeline$HeadContext.channelRead(DefaultChannelPipeline.java:1407)
2025-01-30 18:14:37,391 INFO c.h.h.t.HelmChartContainer - [hivemq-test-hivemq-platform] [hivemq-platform-operator] [ef7feeec] 	at io.netty.channel.AbstractChannelHandlerContext.invokeChannelRead(AbstractChannelHandlerContext.java:440)
2025-01-30 18:14:37,391 INFO c.h.h.t.HelmChartContainer - [hivemq-test-hivemq-platform] [hivemq-platform-operator] [ef7feeec] 	at io.netty.channel.AbstractChannelHandlerContext.invokeChannelRead(AbstractChannelHandlerContext.java:420)
2025-01-30 18:14:37,391 INFO c.h.h.t.HelmChartContainer - [hivemq-test-hivemq-platform] [hivemq-platform-operator] [ef7feeec] 	at io.netty.channel.DefaultChannelPipeline.fireChannelRead(DefaultChannelPipeline.java:918)
2025-01-30 18:14:37,391 INFO c.h.h.t.HelmChartContainer - [hivemq-test-hivemq-platform] [hivemq-platform-operator] [ef7feeec] 	at io.netty.channel.nio.AbstractNioByteChannel$NioByteUnsafe.read(AbstractNioByteChannel.java:166)
2025-01-30 18:14:37,391 INFO c.h.h.t.HelmChartContainer - [hivemq-test-hivemq-platform] [hivemq-platform-operator] [ef7feeec] 	at io.netty.channel.nio.NioEventLoop.processSelectedKey(NioEventLoop.java:788)
2025-01-30 18:14:37,391 INFO c.h.h.t.HelmChartContainer - [hivemq-test-hivemq-platform] [hivemq-platform-operator] [ef7feeec] 	at io.netty.channel.nio.NioEventLoop.processSelectedKeysOptimized(NioEventLoop.java:724)
2025-01-30 18:14:37,391 INFO c.h.h.t.HelmChartContainer - [hivemq-test-hivemq-platform] [hivemq-platform-operator] [ef7feeec] 	at io.netty.channel.nio.NioEventLoop.processSelectedKeys(NioEventLoop.java:650)
2025-01-30 18:14:37,391 INFO c.h.h.t.HelmChartContainer - [hivemq-test-hivemq-platform] [hivemq-platform-operator] [ef7feeec] 	at io.netty.channel.nio.NioEventLoop.run(NioEventLoop.java:562)
2025-01-30 18:14:37,391 INFO c.h.h.t.HelmChartContainer - [hivemq-test-hivemq-platform] [hivemq-platform-operator] [ef7feeec] 	at io.netty.util.concurrent.SingleThreadEventExecutor$4.run(SingleThreadEventExecutor.java:997)
2025-01-30 18:14:37,391 INFO c.h.h.t.HelmChartContainer - [hivemq-test-hivemq-platform] [hivemq-platform-operator] [ef7feeec] 	at io.netty.util.internal.ThreadExecutorMap$2.run(ThreadExecutorMap.java:74)
2025-01-30 18:14:37,391 INFO c.h.h.t.HelmChartContainer - [hivemq-test-hivemq-platform] [hivemq-platform-operator] [ef7feeec] 	at io.netty.util.concurrent.FastThreadLocalRunnable.run(FastThreadLocalRunnable.java:30)
2025-01-30 18:14:37,391 INFO c.h.h.t.HelmChartContainer - [hivemq-test-hivemq-platform] [hivemq-platform-operator] [ef7feeec] 	... 1 common frames omitted
2025-01-30 18:14:37,391 INFO c.h.h.t.HelmChartContainer - [hivemq-test-hivemq-platform] [hivemq-platform-operator] [ef7feeec] 18:14:37.388 [ReconcilerExecutor-hivemq-controller-120] INFO  c.h.p.o.HiveMQPlatformReconciler - [helmmqtt] Cleanup test-hivemq-platform - helmmqttit HiveMQ Platform is shut down
2025-01-30 18:14:38,021 INFO c.h.h.t.HelmChartContainer - [EVENT] Normal [Killing] Stopping container hivemq [helmmqttit:test-hivemq-platform-0]
2025-01-30 18:14:38,021 INFO c.h.h.t.HelmChartContainer - Received Killing event for container hivemq in pod test-hivemq-platform-0 [b7c8cf04-8313-4cc1-87af-729fbe9e401b]
2025-01-30 18:14:38,021 INFO c.h.h.t.HelmChartContainer - Container [test-hivemq-platform-0] [hivemq] [b7c8cf04-8313-4cc1-87af-729fbe9e401b] was terminated
2025-01-30 18:14:38,022 INFO c.h.h.t.HelmChartContainer - Stopped log watcher for hivemq in pod test-hivemq-platform-0 [b7c8cf04-8313-4cc1-87af-729fbe9e401b]
2025-01-30 18:14:38,023 INFO c.h.h.t.HelmChartContainer - [POD] test-hivemq-platform-0 [b7c8cf04-8313-4cc1-87af-729fbe9e401b] in helmmqttit was MODIFIED
2025-01-30 18:14:38,027 INFO c.h.h.t.HelmChartContainer - [test-hivemq-platform] [hivemq] [b7c8cf04] INFO  - [HiveMQ Platform Operator Init App 1.7.0-SNAPSHOT] Shutting down
2025-01-30 18:14:38,027 INFO c.h.h.t.HelmChartContainer - [test-hivemq-platform] [hivemq] [b7c8cf04] INFO  - [HiveMQ Platform Operator Init App 1.7.0-SNAPSHOT] Stopping the HiveMQ Platform
2025-01-30 18:14:38,085 INFO c.h.h.t.HelmChartContainer - [test-hivemq-platform] [hivemq] [b7c8cf04] INFO  - Shutting down HiveMQ. Please wait, this could take a while...
2025-01-30 18:14:38,175 INFO c.h.h.t.HelmChartContainer - [test-hivemq-platform] [hivemq] [b7c8cf04] INFO  - Shutting down listeners and clients
2025-01-30 18:14:38,175 INFO c.h.h.t.HelmChartContainer - [test-hivemq-platform] [hivemq] [b7c8cf04] INFO  - Shutdown of listeners is done
2025-01-30 18:14:38,175 INFO c.h.h.t.HelmChartContainer - [test-hivemq-platform] [hivemq] [b7c8cf04] INFO  - No clients are connected, proceeding with shutdown
2025-01-30 18:14:39,054 INFO c.h.h.t.HelmChartContainer - Deleting namespace 'helmmqttit'...
2025-01-30 18:14:41,483 INFO c.h.h.t.HelmChartContainer - [test-hivemq-platform] [hivemq] [b7c8cf04] INFO  - [HiveMQ Platform Operator Init App 1.7.0-SNAPSHOT] Returning shutdown Health API response 503 for readiness
2025-01-30 18:14:41,487 INFO c.h.h.t.HelmChartContainer - [EVENT] Warning [Unhealthy] Readiness probe failed: HTTP probe failed with statuscode: 503 [helmmqttit:test-hivemq-platform-0]
2025-01-30 18:14:41,487 INFO c.h.h.t.HelmChartContainer - Received Unhealthy event for container hivemq in pod test-hivemq-platform-0 [b7c8cf04-8313-4cc1-87af-729fbe9e401b]
2025-01-30 18:14:41,912 INFO c.h.h.t.HelmChartContainer - [test-hivemq-platform] [hivemq] [b7c8cf04] WARN  - [HiveMQ Platform Operator Init App 1.7.0-SNAPSHOT] Could not update Pod annotations: Failure executing: GET at: https://10.43.0.1:443/api/v1/namespaces/helmmqttit/pods/test-hivemq-platform-0. Message: pods "test-hivemq-platform-0" is forbidden: User "system:serviceaccount:helmmqttit:hivemq-platform-pod-test-hivemq-platform" cannot get resource "pods" in API group "" in the namespace "helmmqttit". Received status: Status(apiVersion=v1, code=403, details=StatusDetails(causes=[], group=null, kind=pods, name=test-hivemq-platform-0, retryAfterSeconds=null, uid=null, additionalProperties={}), kind=Status, message=pods "test-hivemq-platform-0" is forbidden: User "system:serviceaccount:helmmqttit:hivemq-platform-pod-test-hivemq-platform" cannot get resource "pods" in API group "" in the namespace "helmmqttit", metadata=ListMeta(_continue=null, remainingItemCount=null, resourceVersion=null, selfLink=null, additionalProperties={}), reason=Forbidden, status=Failure, additionalProperties={}).
2025-01-30 18:14:41,976 INFO c.h.h.t.HelmChartContainer - [test-hivemq-platform] [hivemq] [b7c8cf04] INFO  - Shutting down extension system
2025-01-30 18:14:41,978 INFO c.h.h.t.HelmChartContainer - [test-hivemq-platform] [hivemq] [b7c8cf04] INFO  - Stopping extension with id hivemq-dns-cluster-discovery
2025-01-30 18:14:41,979 INFO c.h.h.t.HelmChartContainer - [test-hivemq-platform] [hivemq] [b7c8cf04] INFO  - Extension "DNS Cluster Discovery Extension" version 4.3.2 stopped successfully.
2025-01-30 18:14:41,980 INFO c.h.h.t.HelmChartContainer - [test-hivemq-platform] [hivemq] [b7c8cf04] INFO  - Stopping extension with id hivemq-prometheus-extension
2025-01-30 18:14:41,983 INFO c.h.h.t.HelmChartContainer - [test-hivemq-platform] [hivemq] [b7c8cf04] INFO  - Extension "Prometheus Monitoring Extension" version 4.0.12 stopped successfully.
2025-01-30 18:14:41,984 INFO c.h.h.t.HelmChartContainer - [test-hivemq-platform] [hivemq] [b7c8cf04] INFO  - Stopping extension with id hivemq-allow-all-extension
2025-01-30 18:14:41,985 INFO c.h.h.t.HelmChartContainer - [test-hivemq-platform] [hivemq] [b7c8cf04] INFO  - Extension "Allow All Extension" version 1.1.1 stopped successfully.
2025-01-30 18:14:44,139 INFO c.h.h.t.HelmChartContainer - [K3S] [stateful_set.go:466] "StatefulSet has been deleted" key="helmmqttit/test-hivemq-platform"
2025-01-30 18:14:44,271 INFO c.h.h.t.HelmChartContainer - [test-hivemq-platform] [hivemq] [b7c8cf04] INFO  - Shutdown completed.
2025-01-30 18:14:44,619 INFO c.h.h.t.HelmChartContainer - [test-hivemq-platform] [hivemq] [b7c8cf04] INFO  - [HiveMQ Platform Operator Init App 1.7.0-SNAPSHOT] The HiveMQ Platform exited with code 143
2025-01-30 18:14:44,619 INFO c.h.h.t.HelmChartContainer - [test-hivemq-platform] [hivemq] [b7c8cf04] INFO  - [HiveMQ Platform Operator Init App 1.7.0-SNAPSHOT] Stopping the REST API
2025-01-30 18:14:44,625 INFO c.h.h.t.HelmChartContainer - [test-hivemq-platform] [hivemq] [b7c8cf04] INFO  - [HiveMQ Platform Operator Init App 1.7.0-SNAPSHOT] Shutdown complete
2025-01-30 18:14:45,107 INFO c.h.h.t.HelmChartContainer - [POD] test-hivemq-platform-0 [b7c8cf04-8313-4cc1-87af-729fbe9e401b] in helmmqttit was MODIFIED
2025-01-30 18:14:45,189 INFO c.h.h.t.HelmChartContainer - [K3S] [reconciler_common.go:162] "operationExecutor.UnmountVolume started for volume \"broker-configuration\" (UniqueName: \"kubernetes.io/configmap/b7c8cf04-8313-4cc1-87af-729fbe9e401b-broker-configuration\") pod \"b7c8cf04-8313-4cc1-87af-729fbe9e401b\" (UID: \"b7c8cf04-8313-4cc1-87af-729fbe9e401b\") "
2025-01-30 18:14:45,189 INFO c.h.h.t.HelmChartContainer - [K3S] [reconciler_common.go:162] "operationExecutor.UnmountVolume started for volume \"operator-init\" (UniqueName: \"kubernetes.io/empty-dir/b7c8cf04-8313-4cc1-87af-729fbe9e401b-operator-init\") pod \"b7c8cf04-8313-4cc1-87af-729fbe9e401b\" (UID: \"b7c8cf04-8313-4cc1-87af-729fbe9e401b\") "
2025-01-30 18:14:45,189 INFO c.h.h.t.HelmChartContainer - [K3S] [reconciler_common.go:162] "operationExecutor.UnmountVolume started for volume \"kube-api-access-z6sd5\" (UniqueName: \"kubernetes.io/projected/b7c8cf04-8313-4cc1-87af-729fbe9e401b-kube-api-access-z6sd5\") pod \"b7c8cf04-8313-4cc1-87af-729fbe9e401b\" (UID: \"b7c8cf04-8313-4cc1-87af-729fbe9e401b\") "
2025-01-30 18:14:45,189 INFO c.h.h.t.HelmChartContainer - [K3S] [reconciler_common.go:162] "operationExecutor.UnmountVolume started for volume \"pod-info\" (UniqueName: \"kubernetes.io/configmap/b7c8cf04-8313-4cc1-87af-729fbe9e401b-pod-info\") pod \"b7c8cf04-8313-4cc1-87af-729fbe9e401b\" (UID: \"b7c8cf04-8313-4cc1-87af-729fbe9e401b\") "
2025-01-30 18:14:45,290 INFO c.h.h.t.HelmChartContainer - [K3S] [reconciler_common.go:299] "Volume detached for volume \"broker-configuration\" (UniqueName: \"kubernetes.io/configmap/b7c8cf04-8313-4cc1-87af-729fbe9e401b-broker-configuration\") on node \"0019a1e396a2\" DevicePath \"\""
2025-01-30 18:14:45,290 INFO c.h.h.t.HelmChartContainer - [K3S] [reconciler_common.go:299] "Volume detached for volume \"pod-info\" (UniqueName: \"kubernetes.io/configmap/b7c8cf04-8313-4cc1-87af-729fbe9e401b-pod-info\") on node \"0019a1e396a2\" DevicePath \"\""
2025-01-30 18:14:45,290 INFO c.h.h.t.HelmChartContainer - [K3S] [reconciler_common.go:299] "Volume detached for volume \"operator-init\" (UniqueName: \"kubernetes.io/empty-dir/b7c8cf04-8313-4cc1-87af-729fbe9e401b-operator-init\") on node \"0019a1e396a2\" DevicePath \"\""
2025-01-30 18:14:45,290 INFO c.h.h.t.HelmChartContainer - [K3S] [reconciler_common.go:299] "Volume detached for volume \"kube-api-access-z6sd5\" (UniqueName: \"kubernetes.io/projected/b7c8cf04-8313-4cc1-87af-729fbe9e401b-kube-api-access-z6sd5\") on node \"0019a1e396a2\" DevicePath \"\""
2025-01-30 18:14:45,313 INFO c.h.h.t.HelmChartContainer - [K3S] [scope.go:117] "RemoveContainer" containerID="a48c2f0bd63cf7f6cf307be0562b6cc114a9b589f979481a0083e0ee4da30e41"
2025-01-30 18:14:45,329 INFO c.h.h.t.HelmChartContainer - [POD] test-hivemq-platform-0 [b7c8cf04-8313-4cc1-87af-729fbe9e401b] in helmmqttit was MODIFIED
2025-01-30 18:14:45,336 INFO c.h.h.t.HelmChartContainer - [POD] test-hivemq-platform-0 [b7c8cf04-8313-4cc1-87af-729fbe9e401b] in helmmqttit was DELETED
2025-01-30 18:14:45,424 INFO c.h.h.t.HelmChartContainer - [K3S] [scope.go:117] "RemoveContainer" containerID="839b22bb37087ed4b070526b8e381e62234d93f4ad56851f0f5bc030988b36f9"
2025-01-30 18:14:45,427 INFO c.h.h.t.HelmChartContainer - [K3S] [scope.go:117] "RemoveContainer" containerID="a48c2f0bd63cf7f6cf307be0562b6cc114a9b589f979481a0083e0ee4da30e41"
2025-01-30 18:14:45,428 INFO c.h.h.t.HelmChartContainer - [K3S] [scope.go:117] "RemoveContainer" containerID="839b22bb37087ed4b070526b8e381e62234d93f4ad56851f0f5bc030988b36f9"
2025-01-30 18:14:46,129 INFO c.h.h.t.HelmChartContainer - [K3S] [kubelet_volumes.go:163] "Cleaned up orphaned pod volumes dir" podUID="b7c8cf04-8313-4cc1-87af-729fbe9e401b" path="/var/lib/kubelet/pods/b7c8cf04-8313-4cc1-87af-729fbe9e401b/volumes"
2025-01-30 18:14:49,392 INFO c.h.h.t.HelmChartContainer - Namespace 'helmmqttit' deleted
2025-01-30 18:14:49,392 INFO c.h.h.t.HelmChartContainer - Release 'test-hivemq-platform' in namespace 'helmmqttit' is uninstalled
2025-01-30 18:14:49,392 INFO c.h.h.t.HelmChartContainer - Uninstalling release 'test-hivemq-platform-operator' in namespace 'helmmqttit-operator'...
2025-01-30 18:14:49,392 DEBUG c.h.h.t.HelmChartContainer - Executing helm command: /bin/helm --kubeconfig /etc/rancher/k3s/k3s.yaml uninstall test-hivemq-platform-operator  --wait --timeout 5m0s --cascade foreground --namespace helmmqttit-operator
2025-01-30 18:14:49,557 INFO c.h.h.t.HelmChartContainer - [K3S] [replica_set.go:679] "Finished syncing" kind="ReplicaSet" key="helmmqttit-operator/hivemq-test-hivemq-platform-operator-6966f96d65" duration="9.211929ms"
2025-01-30 18:14:49,559 INFO c.h.h.t.HelmChartContainer - [K3S] [replica_set.go:679] "Finished syncing" kind="ReplicaSet" key="helmmqttit-operator/hivemq-test-hivemq-platform-operator-6966f96d65" duration="46.587µs"
2025-01-30 18:14:49,566 INFO c.h.h.t.HelmChartContainer - [POD] hivemq-test-hivemq-platform-operator-6966f96d65-4nhkg [ef7feeec-a0ae-4dcb-8889-bf667a9371eb] in helmmqttit-operator was MODIFIED
2025-01-30 18:14:49,587 INFO c.h.h.t.HelmChartContainer - [EVENT] Normal [Killing] Stopping container hivemq-platform-operator [helmmqttit-operator:hivemq-test-hivemq-platform-operator-6966f96d65-4nhkg]
2025-01-30 18:14:49,587 INFO c.h.h.t.HelmChartContainer - Received Killing event for container hivemq-platform-operator in pod hivemq-test-hivemq-platform-operator-6966f96d65-4nhkg [ef7feeec-a0ae-4dcb-8889-bf667a9371eb]
2025-01-30 18:14:49,587 INFO c.h.h.t.HelmChartContainer - Container [hivemq-test-hivemq-platform-operator-6966f96d65-4nhkg] [hivemq-platform-operator] [ef7feeec-a0ae-4dcb-8889-bf667a9371eb] was terminated
2025-01-30 18:14:49,587 INFO c.h.h.t.HelmChartContainer - Stopped log watcher for hivemq-platform-operator in pod hivemq-test-hivemq-platform-operator-6966f96d65-4nhkg [ef7feeec-a0ae-4dcb-8889-bf667a9371eb]
2025-01-30 18:14:49,591 INFO c.h.h.t.HelmChartContainer - [hivemq-test-hivemq-platform] [hivemq-platform-operator] [ef7feeec] 18:14:49.585 [application-shutdown-thread] INFO  c.h.p.o.HiveMQPlatformOperatorApplication - HiveMQ Platform Operator is stopping...
2025-01-30 18:14:49,591 INFO c.h.h.t.HelmChartContainer - [hivemq-test-hivemq-platform] [hivemq-platform-operator] [ef7feeec] 18:14:49.586 [application-shutdown-thread] INFO  i.javaoperatorsdk.operator.Operator - Operator SDK 4.9.7 is shutting down...
2025-01-30 18:14:49,593 INFO c.h.h.t.HelmChartContainer - [K3S] [replica_set.go:679] "Finished syncing" kind="ReplicaSet" key="helmmqttit-operator/hivemq-test-hivemq-platform-operator-6966f96d65" duration="21.222919ms"
2025-01-30 18:14:49,593 INFO c.h.h.t.HelmChartContainer - [K3S] [replica_set.go:679] "Finished syncing" kind="ReplicaSet" key="helmmqttit-operator/hivemq-test-hivemq-platform-operator-6966f96d65" duration="41.307µs"
2025-01-30 18:14:50,204 INFO c.h.h.t.HelmChartContainer - [K3S] [replica_set.go:679] "Finished syncing" kind="ReplicaSet" key="helmmqttit-operator/hivemq-test-hivemq-platform-operator-6966f96d65" duration="42.059µs"
2025-01-30 18:14:50,205 INFO c.h.h.t.HelmChartContainer - [POD] hivemq-test-hivemq-platform-operator-6966f96d65-4nhkg [ef7feeec-a0ae-4dcb-8889-bf667a9371eb] in helmmqttit-operator was MODIFIED
2025-01-30 18:14:50,220 INFO c.h.h.t.HelmChartContainer - [K3S] [reconciler_common.go:162] "operationExecutor.UnmountVolume started for volume \"kube-api-access-vplpn\" (UniqueName: \"kubernetes.io/projected/ef7feeec-a0ae-4dcb-8889-bf667a9371eb-kube-api-access-vplpn\") pod \"ef7feeec-a0ae-4dcb-8889-bf667a9371eb\" (UID: \"ef7feeec-a0ae-4dcb-8889-bf667a9371eb\") "
2025-01-30 18:14:50,320 INFO c.h.h.t.HelmChartContainer - [K3S] [reconciler_common.go:299] "Volume detached for volume \"kube-api-access-vplpn\" (UniqueName: \"kubernetes.io/projected/ef7feeec-a0ae-4dcb-8889-bf667a9371eb-kube-api-access-vplpn\") on node \"0019a1e396a2\" DevicePath \"\""
2025-01-30 18:14:50,321 INFO c.h.h.t.HelmChartContainer - [K3S] [scope.go:117] "RemoveContainer" containerID="4c4de736db81d20ad491f9563d49680c622f8c88c805364ca3146caba572c27d"
2025-01-30 18:14:50,324 INFO c.h.h.t.HelmChartContainer - [K3S] [scope.go:117] "RemoveContainer" containerID="4c4de736db81d20ad491f9563d49680c622f8c88c805364ca3146caba572c27d"
2025-01-30 18:14:50,332 INFO c.h.h.t.HelmChartContainer - [K3S] [replica_set.go:679] "Finished syncing" kind="ReplicaSet" key="helmmqttit-operator/hivemq-test-hivemq-platform-operator-6966f96d65" duration="40.847µs"
2025-01-30 18:14:50,333 INFO c.h.h.t.HelmChartContainer - [POD] hivemq-test-hivemq-platform-operator-6966f96d65-4nhkg [ef7feeec-a0ae-4dcb-8889-bf667a9371eb] in helmmqttit-operator was MODIFIED
2025-01-30 18:14:50,336 INFO c.h.h.t.HelmChartContainer - [K3S] [replica_set.go:679] "Finished syncing" kind="ReplicaSet" key="helmmqttit-operator/hivemq-test-hivemq-platform-operator-6966f96d65" duration="35.777µs"
2025-01-30 18:14:50,337 INFO c.h.h.t.HelmChartContainer - [POD] hivemq-test-hivemq-platform-operator-6966f96d65-4nhkg [ef7feeec-a0ae-4dcb-8889-bf667a9371eb] in helmmqttit-operator was DELETED
2025-01-30 18:14:50,347 INFO c.h.h.t.HelmChartContainer - [K3S] [replica_set.go:679] "Finished syncing" kind="ReplicaSet" key="helmmqttit-operator/hivemq-test-hivemq-platform-operator-6966f96d65" duration="5.881µs"
2025-01-30 18:14:51,617 INFO c.h.h.t.HelmChartContainer - Deleting namespace 'helmmqttit-operator'...
2025-01-30 18:14:52,128 INFO c.h.h.t.HelmChartContainer - [K3S] [kubelet_volumes.go:163] "Cleaned up orphaned pod volumes dir" podUID="ef7feeec-a0ae-4dcb-8889-bf667a9371eb" path="/var/lib/kubelet/pods/ef7feeec-a0ae-4dcb-8889-bf667a9371eb/volumes"
2025-01-30 18:14:54,300 INFO c.h.h.t.HelmChartContainer - [K3S] [namespace_controller.go:187] "Namespace has been deleted" namespace="helmmqttit"
2025-01-30 18:14:56,834 INFO c.h.h.t.HelmChartContainer - Namespace 'helmmqttit-operator' deleted
2025-01-30 18:14:56,834 INFO c.h.h.t.HelmChartContainer - Release 'test-hivemq-platform-operator' in namespace 'helmmqttit-operator' is uninstalled
2025-01-30 18:14:57,542 INFO c.h.helmcharts.AbstractHelmChartIT - Removed unused containers:

2025-01-30 18:15:01,735 INFO c.h.h.t.HelmChartContainer - [K3S] [namespace_controller.go:187] "Namespace has been deleted" namespace="helmmqttit-operator"
2025-01-30 18:15:05,224 INFO c.h.helmcharts.AbstractHelmChartIT - Removed unused snapshots:
Removing snapshot sha256:03af251906410714c5aef9fa705b63f6bbc39c4a5e787de7361eeb18886c2ed2
Removing snapshot sha256:0c46b3b43cce082ce5ec34ffc6c294e0417d17b9d1e6f366d114b6aadc4f96dc
Removing snapshot sha256:0ce761beee59082d6ed5bcebd3a805b8ddd9b3426b617e4809e7fb7c6587ffec
Removing snapshot sha256:0df91287303208332c8ff6ba40ae4710105201739addbfbddfb955f1ad593664
Removing snapshot sha256:1021ef88c7974bfff89c5a0ec4fd3160daac6c48a075f74cff721f85dd104e68
Removing snapshot sha256:10aba4953ddc18145dd38e3704709bc464aa20af60b56fe52caaff4b68411e62
Removing snapshot sha256:2573e0d8158209ed54ab25c87bcdcb00bd3d2539246960a3d592a1c599d70465
Removing snapshot sha256:362a8a37f8bbc31925a8146adcf7cf51f9882f5c1dcbef67c5baa03a297543c0
Removing snapshot sha256:3fa4ad33f0ddc8fd45b39b6b4640f82a3a83619606cd975bfe89d8710ad2d4cd
Removing snapshot sha256:43a7c979bbaba6838bc3102d6b10a1459f3ab050b87ccdfef84ef90cf43d3058
Removing snapshot sha256:4ab04491cdf0d3267f08206fe30bd48f49f94b9cab2f016d6739220f722a64af
Removing snapshot sha256:4b6068250e89c96f263060261819c7d912855bfbd64b3eb4c4a8483299b8c295
Removing snapshot sha256:580e69a0a8034ede1921139bbd2bfb72a69ebf276d008281896c32dd8bf74775
Removing snapshot sha256:5d30ba46b27fe37484567ccc5242cadc78217b8da605f3f195ef25cbf7487904
Removing snapshot sha256:63ca1fbb43ae5034640e5e6cb3e083e05c290072c5366fcaa9d62435a4cced85
Removing snapshot sha256:67f702c6baae873bceb19487c8b1f27bd2b86077e4f2f0e480e6d60ab508b8f5
Removing snapshot sha256:6864348dd42806d552efdec384f1274be15e2d0c10ce44c1f04347af004c10a9
Removing snapshot sha256:6c7dee8f2c39b84b7dc2711c01d33de93514d9055499173e9290176fbe484b6c
Removing snapshot sha256:82753493a6d61ded36556292f02f31841a14c20d2f279f19eaad65afb661d5cd
Removing snapshot sha256:8a10d3db42c505ee0fcfa98417bdd7e39b304f6bcc0a06bb1b220797ff2cc63c
Removing snapshot sha256:a0904247e36a7726c03c71ee48f3e64462021c88dafeb13f37fdaf613b27f11c
Removing snapshot sha256:a21e5b12dbac529ad45d976eb9ce45c881f3bedcc500fb30aba1e52aa1813418
Removing snapshot sha256:aa37166c0822aa2162072e7c3f1731266f83910910e696842698285a03ec5cd7
Removing snapshot sha256:ad214592929a35624a2a848ab8b542cdbf58835d94dd238468d8842ff203e097
Removing snapshot sha256:b921e6c28969094157f9b8e7244677780319637afd14450b7cb6b2fdea558a0c
Removing snapshot sha256:bc27ecb5769a00e309cf99ebc763c4a4b958b618d1decc96ffac5bc05f02f5b7
Removing snapshot sha256:be3ccb6627a5332e309d45ef461d09b4879dd870c7394d89323d0ebc6ca6aa8a
Removing snapshot sha256:c261f7cbbc64211ee175ee47273acdb7b1a36a4450b397a064a8f2c026490095
Removing snapshot sha256:c34d9393647eea0c9e3557ab988efaf59f61d10a2a5613b439ef0958cca5ec10
Removing snapshot sha256:ccf3c4a0fa967a41c1c83497a2ce6fa5787965859df0adb32c4ca2cf7490bc2b
Removing snapshot sha256:cf92d33f869417309692088c341cd0f223c178ea78a125f757317b22aa8f90e9
Removing snapshot sha256:d0037344cf2fb078884f1849f6a1f8cf9a33a3b6139b6a85833e5ee528e1f9a8
Removing snapshot sha256:d3b36d5b79273b1e98e7700470eaeff05a882e777124d84cebcc1505b85ecb36
Removing snapshot sha256:d65a44a37914602d12c611e5e22a50f11451d847e63015cc1c2aef92dee777a4
Removing snapshot sha256:e2dc0bae2455930f23ae570e019b7f32edc75c0f2d71cab084db837ff9051796
Removing snapshot sha256:eccbd24a99c60cd9e86ee5305dbfc4a4dc89f5ab4fb1f06c8d64797cecedef34
Removing snapshot sha256:f144bb4c7c7f0d2aa7eeffd36d934ec40db1ee167be727e326aad9fdc616f475

]]></system-out>
  </testcase>
  <testcase name="platformChart_whenMqttNodePortEnabled_thenSendsReceivesMessage()" classname="com.hivemq.helmcharts.services.HelmMqttIT" time="98.253">
    <system-out><![CDATA[2025-01-30 18:15:05,232 INFO c.h.h.t.HelmChartContainer - Creating namespace 'helmmqttit-operator'...
2025-01-30 18:15:05,238 INFO c.h.h.t.HelmChartContainer - Namespace 'helmmqttit-operator' created
2025-01-30 18:15:05,238 INFO c.h.h.t.HelmChartContainer - Creating namespace 'helmmqttit'...
2025-01-30 18:15:05,242 INFO c.h.h.t.HelmChartContainer - Namespace 'helmmqttit' created
2025-01-30 18:15:05,314 DEBUG c.h.h.t.HelmChartContainer - Executing helm command: /bin/helm --kubeconfig /etc/rancher/k3s/k3s.yaml install test-hivemq-platform-operator /charts/hivemq-platform-operator --wait --timeout 5m0s --set image.repository=docker.io/hivemq --set image.name=hivemq-platform-operator-test --set image.initImageName=hivemq-platform-operator-init-test --set image.tag=snapshot --set image.pullPolicy=Never --set logLevel=DEBUG --set resources.cpu=512m --namespace helmmqttit-operator
2025-01-30 18:15:05,622 INFO c.h.h.t.HelmChartContainer - [K3S] [alloc.go:330] "allocated clusterIPs" service="helmmqttit-operator/hivemq-platform-operator-test-hivemq-platform-operator" clusterIPs={"IPv4":"10.43.199.104"}
2025-01-30 18:15:05,652 INFO c.h.h.t.HelmChartContainer - [EVENT] Normal [ScalingReplicaSet] Scaled up replica set hivemq-test-hivemq-platform-operator-6966f96d65 from 0 to 1 [helmmqttit-operator:hivemq-test-hivemq-platform-operator]
2025-01-30 18:15:05,658 INFO c.h.h.t.HelmChartContainer - [POD] hivemq-test-hivemq-platform-operator-6966f96d65-jxj7l [db503ef7-62d4-4975-86d9-afe08b8d97e1] in helmmqttit-operator was ADDED
2025-01-30 18:15:05,672 INFO c.h.h.t.HelmChartContainer - [K3S] [memory_manager.go:355] "RemoveStaleState removing state" podUID="b7c8cf04-8313-4cc1-87af-729fbe9e401b" containerName="hivemq"
2025-01-30 18:15:05,672 INFO c.h.h.t.HelmChartContainer - [K3S] [memory_manager.go:355] "RemoveStaleState removing state" podUID="ef7feeec-a0ae-4dcb-8889-bf667a9371eb" containerName="hivemq-platform-operator"
2025-01-30 18:15:05,674 INFO c.h.h.t.HelmChartContainer - [EVENT] Normal [SuccessfulCreate] Created pod: hivemq-test-hivemq-platform-operator-6966f96d65-jxj7l [helmmqttit-operator:hivemq-test-hivemq-platform-operator-6966f96d65]
2025-01-30 18:15:05,674 INFO c.h.h.t.HelmChartContainer - [POD] hivemq-test-hivemq-platform-operator-6966f96d65-jxj7l [db503ef7-62d4-4975-86d9-afe08b8d97e1] in helmmqttit-operator was MODIFIED
2025-01-30 18:15:05,675 INFO c.h.h.t.HelmChartContainer - [K3S] [replica_set.go:679] "Finished syncing" kind="ReplicaSet" key="helmmqttit-operator/hivemq-test-hivemq-platform-operator-6966f96d65" duration="29.833794ms"
2025-01-30 18:15:05,684 INFO c.h.h.t.HelmChartContainer - [EVENT] Normal [Scheduled] Successfully assigned helmmqttit-operator/hivemq-test-hivemq-platform-operator-6966f96d65-jxj7l to 0019a1e396a2 [helmmqttit-operator:hivemq-test-hivemq-platform-operator-6966f96d65-jxj7l]
2025-01-30 18:15:05,699 INFO c.h.h.t.HelmChartContainer - [POD] hivemq-test-hivemq-platform-operator-6966f96d65-jxj7l [db503ef7-62d4-4975-86d9-afe08b8d97e1] in helmmqttit-operator was MODIFIED
2025-01-30 18:15:05,705 INFO c.h.h.t.HelmChartContainer - [K3S] [replica_set.go:679] "Finished syncing" kind="ReplicaSet" key="helmmqttit-operator/hivemq-test-hivemq-platform-operator-6966f96d65" duration="29.800821ms"
2025-01-30 18:15:05,714 INFO c.h.h.t.HelmChartContainer - [K3S] [reconciler_common.go:251] "operationExecutor.VerifyControllerAttachedVolume started for volume \"kube-api-access-wtwwg\" (UniqueName: \"kubernetes.io/projected/db503ef7-62d4-4975-86d9-afe08b8d97e1-kube-api-access-wtwwg\") pod \"hivemq-test-hivemq-platform-operator-6966f96d65-jxj7l\" (UID: \"db503ef7-62d4-4975-86d9-afe08b8d97e1\") " pod="helmmqttit-operator/hivemq-test-hivemq-platform-operator-6966f96d65-jxj7l"
2025-01-30 18:15:05,720 INFO c.h.h.t.HelmChartContainer - [K3S] [replica_set.go:679] "Finished syncing" kind="ReplicaSet" key="helmmqttit-operator/hivemq-test-hivemq-platform-operator-6966f96d65" duration="15.079731ms"
2025-01-30 18:15:05,720 INFO c.h.h.t.HelmChartContainer - [K3S] [replica_set.go:679] "Finished syncing" kind="ReplicaSet" key="helmmqttit-operator/hivemq-test-hivemq-platform-operator-6966f96d65" duration="86.661µs"
2025-01-30 18:15:06,064 INFO c.h.h.t.HelmChartContainer - [EVENT] Normal [Pulled] Container image "docker.io/hivemq/hivemq-platform-operator-test:snapshot" already present on machine [helmmqttit-operator:hivemq-test-hivemq-platform-operator-6966f96d65-jxj7l]
2025-01-30 18:15:06,064 INFO c.h.h.t.HelmChartContainer - Received Pulled event for container hivemq-platform-operator in pod hivemq-test-hivemq-platform-operator-6966f96d65-jxj7l [db503ef7-62d4-4975-86d9-afe08b8d97e1]
2025-01-30 18:15:07,322 INFO c.h.h.t.HelmChartContainer - [EVENT] Normal [Created] Created container: hivemq-platform-operator [helmmqttit-operator:hivemq-test-hivemq-platform-operator-6966f96d65-jxj7l]
2025-01-30 18:15:07,323 INFO c.h.h.t.HelmChartContainer - Received Created event for container hivemq-platform-operator in pod hivemq-test-hivemq-platform-operator-6966f96d65-jxj7l [db503ef7-62d4-4975-86d9-afe08b8d97e1]
2025-01-30 18:15:08,365 INFO c.h.h.t.HelmChartContainer - [K3S] [replica_set.go:679] "Finished syncing" kind="ReplicaSet" key="helmmqttit-operator/hivemq-test-hivemq-platform-operator-6966f96d65" duration="47.639µs"
2025-01-30 18:15:08,369 INFO c.h.h.t.HelmChartContainer - [POD] hivemq-test-hivemq-platform-operator-6966f96d65-jxj7l [db503ef7-62d4-4975-86d9-afe08b8d97e1] in helmmqttit-operator was MODIFIED
2025-01-30 18:15:08,374 INFO c.h.h.t.HelmChartContainer - Started log watcher for hivemq-platform-operator in pod hivemq-test-hivemq-platform-operator-6966f96d65-jxj7l [db503ef7-62d4-4975-86d9-afe08b8d97e1]
2025-01-30 18:15:08,374 INFO c.h.h.t.HelmChartContainer - [EVENT] Normal [Started] Started container hivemq-platform-operator [helmmqttit-operator:hivemq-test-hivemq-platform-operator-6966f96d65-jxj7l]
2025-01-30 18:15:08,374 INFO c.h.h.t.HelmChartContainer - Received Started event for container hivemq-platform-operator in pod hivemq-test-hivemq-platform-operator-6966f96d65-jxj7l [db503ef7-62d4-4975-86d9-afe08b8d97e1]
2025-01-30 18:15:08,376 INFO c.h.h.t.HelmChartContainer - [hivemq-test-hivemq-platform] [hivemq-platform-operator] [db503ef7] -------------------------------------------------------------------------
2025-01-30 18:15:08,376 INFO c.h.h.t.HelmChartContainer - [hivemq-test-hivemq-platform] [hivemq-platform-operator] [db503ef7] 
2025-01-30 18:15:08,376 INFO c.h.h.t.HelmChartContainer - [hivemq-test-hivemq-platform] [hivemq-platform-operator] [db503ef7]                   _    _  _              __  __   ____
2025-01-30 18:15:08,376 INFO c.h.h.t.HelmChartContainer - [hivemq-test-hivemq-platform] [hivemq-platform-operator] [db503ef7]                  | |  | |(_)            |  \/  | / __ \
2025-01-30 18:15:08,376 INFO c.h.h.t.HelmChartContainer - [hivemq-test-hivemq-platform] [hivemq-platform-operator] [db503ef7]                  | |__| | _ __   __ ___ | \  / || |  | |
2025-01-30 18:15:08,376 INFO c.h.h.t.HelmChartContainer - [hivemq-test-hivemq-platform] [hivemq-platform-operator] [db503ef7]                  |  __  || |\ \ / // _ \| |\/| || |  | |
2025-01-30 18:15:08,376 INFO c.h.h.t.HelmChartContainer - [hivemq-test-hivemq-platform] [hivemq-platform-operator] [db503ef7]                  | |  | || | \ V /|  __/| |  | || |__| |
2025-01-30 18:15:08,376 INFO c.h.h.t.HelmChartContainer - [hivemq-test-hivemq-platform] [hivemq-platform-operator] [db503ef7]                  |_|  |_||_|  \_/  \___||_|  |_| \___\_\
2025-01-30 18:15:08,376 INFO c.h.h.t.HelmChartContainer - [hivemq-test-hivemq-platform] [hivemq-platform-operator] [db503ef7] 
2025-01-30 18:15:08,376 INFO c.h.h.t.HelmChartContainer - [hivemq-test-hivemq-platform] [hivemq-platform-operator] [db503ef7] -------------------------------------------------------------------------
2025-01-30 18:15:08,376 INFO c.h.h.t.HelmChartContainer - [hivemq-test-hivemq-platform] [hivemq-platform-operator] [db503ef7] 
2025-01-30 18:15:08,376 INFO c.h.h.t.HelmChartContainer - [hivemq-test-hivemq-platform] [hivemq-platform-operator] [db503ef7]   HiveMQ Platform Operator Start Script v1.0
2025-01-30 18:15:08,376 INFO c.h.h.t.HelmChartContainer - [hivemq-test-hivemq-platform] [hivemq-platform-operator] [db503ef7] 
2025-01-30 18:15:08,376 INFO c.h.h.t.HelmChartContainer - [hivemq-test-hivemq-platform] [hivemq-platform-operator] [db503ef7] -------------------------------------------------------------------------
2025-01-30 18:15:08,376 INFO c.h.h.t.HelmChartContainer - [hivemq-test-hivemq-platform] [hivemq-platform-operator] [db503ef7] 
2025-01-30 18:15:08,376 INFO c.h.h.t.HelmChartContainer - [hivemq-test-hivemq-platform] [hivemq-platform-operator] [db503ef7]   JAVA_OPTS: -XX:+UnlockExperimentalVMOptions -XX:InitialRAMPercentage=75 -XX:MaxRAMPercentage=75 -Duser.language=en -Duser.region=US
2025-01-30 18:15:08,376 INFO c.h.h.t.HelmChartContainer - [hivemq-test-hivemq-platform] [hivemq-platform-operator] [db503ef7] 
2025-01-30 18:15:08,376 INFO c.h.h.t.HelmChartContainer - [hivemq-test-hivemq-platform] [hivemq-platform-operator] [db503ef7]   JAVA_VERSION: 21
2025-01-30 18:15:08,376 INFO c.h.h.t.HelmChartContainer - [hivemq-test-hivemq-platform] [hivemq-platform-operator] [db503ef7] 
2025-01-30 18:15:08,376 INFO c.h.h.t.HelmChartContainer - [hivemq-test-hivemq-platform] [hivemq-platform-operator] [db503ef7] -------------------------------------------------------------------------
2025-01-30 18:15:08,376 INFO c.h.h.t.HelmChartContainer - [hivemq-test-hivemq-platform] [hivemq-platform-operator] [db503ef7] 
2025-01-30 18:15:10,656 INFO c.h.h.t.HelmChartContainer - [hivemq-test-hivemq-platform] [hivemq-platform-operator] [db503ef7] 18:15:10.653 [main] DEBUG org.jboss.logging - Logging Provider: org.jboss.logging.Slf4jLoggerProvider
2025-01-30 18:15:10,759 INFO c.h.h.t.HelmChartContainer - [hivemq-test-hivemq-platform] [hivemq-platform-operator] [db503ef7] 18:15:10.757 [main] DEBUG io.smallrye.config - SRCFG01006: Loaded ConfigSource SysPropConfigSource with ordinal 400
2025-01-30 18:15:10,760 INFO c.h.h.t.HelmChartContainer - [hivemq-test-hivemq-platform] [hivemq-platform-operator] [db503ef7] 18:15:10.757 [main] DEBUG io.smallrye.config - SRCFG01006: Loaded ConfigSource EnvConfigSource with ordinal 300
2025-01-30 18:15:10,760 INFO c.h.h.t.HelmChartContainer - [hivemq-test-hivemq-platform] [hivemq-platform-operator] [db503ef7] 18:15:10.757 [main] DEBUG io.smallrye.config - SRCFG01006: Loaded ConfigSource PropertiesConfigSource[source=jar:file:///opt/hivemq-platform-operator/bin/hivemq-platform-operator.jar!/hivemq-platform-operator.properties] with ordinal 100
2025-01-30 18:15:10,760 INFO c.h.h.t.HelmChartContainer - [hivemq-test-hivemq-platform] [hivemq-platform-operator] [db503ef7] 18:15:10.758 [main] DEBUG io.smallrye.config - SRCFG01006: Loaded ConfigSource DefaultValuesConfigSource with ordinal -2147483648
2025-01-30 18:15:10,869 INFO c.h.h.t.HelmChartContainer - [hivemq-test-hivemq-platform] [hivemq-platform-operator] [db503ef7] 18:15:10.867 [main] DEBUG i.m.c.u.i.l.InternalLoggerFactory - Using SLF4J as the default logging framework
2025-01-30 18:15:11,050 INFO c.h.h.t.HelmChartContainer - [hivemq-test-hivemq-platform] [hivemq-platform-operator] [db503ef7] 18:15:11.043 [main] INFO  c.h.p.o.HiveMQPlatformOperatorApplication - HiveMQ Platform Operator 1.7.0-SNAPSHOT (commit: 47e3375 on branch: HEAD) built on Thu Jan 30 03:55:50 UTC 2025
2025-01-30 18:15:11,051 INFO c.h.h.t.HelmChartContainer - [hivemq-test-hivemq-platform] [hivemq-platform-operator] [db503ef7] 18:15:11.050 [main] INFO  c.h.p.o.HiveMQPlatformOperatorApplication - HiveMQ Platform Operator is running in namespace: helmmqttit-operator
2025-01-30 18:15:11,051 INFO c.h.h.t.HelmChartContainer - [hivemq-test-hivemq-platform] [hivemq-platform-operator] [db503ef7] 18:15:11.050 [main] INFO  c.h.p.o.HiveMQPlatformOperatorApplication - Watching all namespaces
2025-01-30 18:15:11,051 INFO c.h.h.t.HelmChartContainer - [hivemq-test-hivemq-platform] [hivemq-platform-operator] [db503ef7] 18:15:11.050 [main] INFO  c.h.p.o.HiveMQPlatformOperatorApplication - Log level: DEBUG
2025-01-30 18:15:11,052 INFO c.h.h.t.HelmChartContainer - [hivemq-test-hivemq-platform] [hivemq-platform-operator] [db503ef7] 18:15:11.050 [main] INFO  c.h.p.o.HiveMQPlatformOperatorApplication - Release name: test-hivemq-platform-operator
2025-01-30 18:15:11,052 INFO c.h.h.t.HelmChartContainer - [hivemq-test-hivemq-platform] [hivemq-platform-operator] [db503ef7] 18:15:11.050 [main] INFO  c.h.p.o.HiveMQPlatformOperatorApplication - HiveMQ Platform Operator Init image: docker.io/hivemq/hivemq-platform-operator-init-test:snapshot
2025-01-30 18:15:11,052 INFO c.h.h.t.HelmChartContainer - [hivemq-test-hivemq-platform] [hivemq-platform-operator] [db503ef7] 18:15:11.050 [main] INFO  c.h.p.o.HiveMQPlatformOperatorApplication - HiveMQ Platform Operator Init App update URL: http://hivemq-platform-operator-test-hivemq-platform-operator.helmmqttit-operator.svc:8080/initAppUpdate/hivemq-platform-operator-init-app-1.7.0-SNAPSHOT.jar
2025-01-30 18:15:11,052 INFO c.h.h.t.HelmChartContainer - [hivemq-test-hivemq-platform] [hivemq-platform-operator] [db503ef7] 18:15:11.050 [main] INFO  c.h.p.o.HiveMQPlatformOperatorApplication - Additional imagePullSecret for all Platform deployments: none
2025-01-30 18:15:11,052 INFO c.h.h.t.HelmChartContainer - [hivemq-test-hivemq-platform] [hivemq-platform-operator] [db503ef7] 18:15:11.050 [main] INFO  c.h.p.o.HiveMQPlatformOperatorApplication - Apply HiveMQ Platform CRD: true
2025-01-30 18:15:11,053 INFO c.h.h.t.HelmChartContainer - [hivemq-test-hivemq-platform] [hivemq-platform-operator] [db503ef7] 18:15:11.050 [main] INFO  c.h.p.o.HiveMQPlatformOperatorApplication - Create Platform ServiceAccount: true
2025-01-30 18:15:11,053 INFO c.h.h.t.HelmChartContainer - [hivemq-test-hivemq-platform] [hivemq-platform-operator] [db503ef7] 18:15:11.050 [main] INFO  c.h.p.o.HiveMQPlatformOperatorApplication - Create Platform ServiceAccount permissions: true
2025-01-30 18:15:11,053 INFO c.h.h.t.HelmChartContainer - [hivemq-test-hivemq-platform] [hivemq-platform-operator] [db503ef7] 18:15:11.050 [main] INFO  c.h.p.o.HiveMQPlatformOperatorApplication - Validate Platform ServiceAccount: true
2025-01-30 18:15:11,053 INFO c.h.h.t.HelmChartContainer - [hivemq-test-hivemq-platform] [hivemq-platform-operator] [db503ef7] 18:15:11.050 [main] INFO  c.h.p.o.HiveMQPlatformOperatorApplication - Validate Platform ServiceAccount permissions: true
2025-01-30 18:15:11,174 INFO c.h.h.t.HelmChartContainer - [hivemq-test-hivemq-platform] [hivemq-platform-operator] [db503ef7] 18:15:11.173 [main] INFO  c.h.platform.operator.util.CRDUtil - Verifying deployed HiveMQ Platform CRD...
2025-01-30 18:15:13,643 INFO c.h.h.t.HelmChartContainer - [hivemq-test-hivemq-platform] [hivemq-platform-operator] [db503ef7] 18:15:13.641 [main] DEBUG c.h.platform.operator.util.CRDUtil - HiveMQ Platform CRD version v1 is up to date
2025-01-30 18:15:13,643 INFO c.h.h.t.HelmChartContainer - [hivemq-test-hivemq-platform] [hivemq-platform-operator] [db503ef7] 18:15:13.641 [main] INFO  c.h.platform.operator.util.CRDUtil - HiveMQ Platform CRD is up to date (version: V1_6_0)
2025-01-30 18:15:13,643 INFO c.h.h.t.HelmChartContainer - [hivemq-test-hivemq-platform] [hivemq-platform-operator] [db503ef7] 18:15:13.641 [main] INFO  c.h.platform.operator.util.CRDUtil - Waiting 10000 ms for HiveMQ Platform CRD 'hivemq-platforms.hivemq.com' to become ready...
2025-01-30 18:15:13,951 INFO c.h.h.t.HelmChartContainer - [hivemq-test-hivemq-platform] [hivemq-platform-operator] [db503ef7] 18:15:13.949 [vert.x-eventloop-thread-1] DEBUG c.h.platform.operator.util.CRDUtil - Checking CRD condition 'NamesAccepted' (status: 'True')
2025-01-30 18:15:13,951 INFO c.h.h.t.HelmChartContainer - [hivemq-test-hivemq-platform] [hivemq-platform-operator] [db503ef7] 18:15:13.950 [vert.x-eventloop-thread-1] DEBUG c.h.platform.operator.util.CRDUtil - Checking CRD condition 'Established' (status: 'True')
2025-01-30 18:15:13,952 INFO c.h.h.t.HelmChartContainer - [hivemq-test-hivemq-platform] [hivemq-platform-operator] [db503ef7] 18:15:13.951 [main] INFO  c.h.platform.operator.util.CRDUtil - HiveMQ Platform CRD 'hivemq-platforms.hivemq.com' is ready
2025-01-30 18:15:14,150 INFO c.h.h.t.HelmChartContainer - [hivemq-test-hivemq-platform] [hivemq-platform-operator] [db503ef7] 18:15:14.149 [main] INFO  c.h.p.o.HiveMQPlatformReconciler - HiveMQ Platform Operator is starting...
2025-01-30 18:15:14,251 INFO c.h.h.t.HelmChartContainer - [hivemq-test-hivemq-platform] [hivemq-platform-operator] [db503ef7] 18:15:14.250 [main] WARN  Default ConfigurationService implementation - Configuration for reconciler 'hivemq-controller' was not found. Known reconcilers: None.
2025-01-30 18:15:14,258 INFO c.h.h.t.HelmChartContainer - [hivemq-test-hivemq-platform] [hivemq-platform-operator] [db503ef7] 18:15:14.257 [main] INFO  Default ConfigurationService implementation - Created configuration for reconciler com.hivemq.platform.operator.HiveMQPlatformReconciler with name hivemq-controller
2025-01-30 18:15:14,361 INFO c.h.h.t.HelmChartContainer - [hivemq-test-hivemq-platform] [hivemq-platform-operator] [db503ef7] 18:15:14.360 [main] DEBUG c.h.p.o.HiveMQPlatformReconciler - HiveMQ Platform Operator is preparing EventSources
2025-01-30 18:15:14,451 INFO c.h.h.t.HelmChartContainer - [hivemq-test-hivemq-platform] [hivemq-platform-operator] [db503ef7] 18:15:14.450 [main] INFO  i.javaoperatorsdk.operator.Operator - Registered reconciler: 'hivemq-controller' for resource: 'class com.hivemq.platform.operator.v1.HiveMQPlatform' for namespace(s): [all namespaces]
2025-01-30 18:15:15,042 INFO c.h.h.t.HelmChartContainer - [hivemq-test-hivemq-platform] [hivemq-platform-operator] [db503ef7] 18:15:15.041 [main] INFO  c.h.p.operator.webserver.JettyServer - Starting Jetty server on port 8080
2025-01-30 18:15:15,060 INFO c.h.h.t.HelmChartContainer - [hivemq-test-hivemq-platform] [hivemq-platform-operator] [db503ef7] 18:15:15.059 [main] INFO  i.javaoperatorsdk.operator.Operator - Operator SDK 4.9.7 (commit: 2133d28) built on Wed Nov 20 12:56:20 UTC 2024 starting...
2025-01-30 18:15:15,061 INFO c.h.h.t.HelmChartContainer - [hivemq-test-hivemq-platform] [hivemq-platform-operator] [db503ef7] 18:15:15.059 [main] INFO  i.javaoperatorsdk.operator.Operator - Client version: 6.13.5
2025-01-30 18:15:15,062 INFO c.h.h.t.HelmChartContainer - [hivemq-test-hivemq-platform] [hivemq-platform-operator] [db503ef7] 18:15:15.061 [Controller Starter for: hivemq-controller] INFO  i.j.operator.processing.Controller - Starting 'hivemq-controller' controller for reconciler: com.hivemq.platform.operator.HiveMQPlatformReconciler, resource: com.hivemq.platform.operator.v1.HiveMQPlatform
2025-01-30 18:15:17,447 INFO c.h.h.t.HelmChartContainer - [hivemq-test-hivemq-platform] [hivemq-platform-operator] [db503ef7] 18:15:17.446 [Controller Starter for: hivemq-controller] INFO  i.j.operator.processing.Controller - 'hivemq-controller' controller started
2025-01-30 18:15:17,447 INFO c.h.h.t.HelmChartContainer - [hivemq-test-hivemq-platform] [hivemq-platform-operator] [db503ef7] 18:15:17.446 [main] INFO  c.h.p.o.HiveMQPlatformOperatorApplication - HiveMQ Platform Operator 1.7.0-SNAPSHOT started in 6403 ms
2025-01-30 18:15:19,368 INFO c.h.h.t.HelmChartContainer - [POD] hivemq-test-hivemq-platform-operator-6966f96d65-jxj7l [db503ef7-62d4-4975-86d9-afe08b8d97e1] in helmmqttit-operator was MODIFIED
2025-01-30 18:15:19,376 INFO c.h.h.t.HelmChartContainer - [K3S] [replica_set.go:679] "Finished syncing" kind="ReplicaSet" key="helmmqttit-operator/hivemq-test-hivemq-platform-operator-6966f96d65" duration="11.253103ms"
2025-01-30 18:15:19,376 INFO c.h.h.t.HelmChartContainer - [K3S] [replica_set.go:679] "Finished syncing" kind="ReplicaSet" key="helmmqttit-operator/hivemq-test-hivemq-platform-operator-6966f96d65" duration="36.438µs"
2025-01-30 18:15:19,771 DEBUG c.h.h.t.HelmChartContainer - Executing helm command: /bin/helm --kubeconfig /etc/rancher/k3s/k3s.yaml install test-hivemq-platform /charts/hivemq-platform --wait --timeout 5m0s --set image.repository=docker.io/hivemq --set image.tag=4.36.0 --set image.pullPolicy=Never --set nodes.resources.cpu=512m -f /files/mqtt-node-port-values.yaml --namespace helmmqttit
2025-01-30 18:15:20,146 INFO c.h.h.t.HelmChartContainer - [hivemq-test-hivemq-platform] [hivemq-platform-operator] [db503ef7] 18:15:20.144 [-2082509879-pool-1-thread-2] WARN  i.m.p.PrometheusMeterRegistry - The meter (MeterId{name='operator.sdk.events.received', tags=[tag(action=ADDED),tag(event=ResourceEvent),tag(group=hivemq.com),tag(kind=HiveMQPlatform),tag(name=test-hivemq-platform),tag(namespace=helmmqttit),tag(scope=namespace),tag(version=v1)]}) registration has failed: Prometheus requires that all meters with the same name have the same set of tag keys. There is already an existing meter named 'operator.sdk.events.received' containing tag keys [event, group, kind, name, namespace, scope, version]. The meter you are attempting to register has keys [action, event, group, kind, name, namespace, scope, version]. Note that subsequent logs will be logged at debug level.
2025-01-30 18:15:20,552 INFO c.h.h.t.HelmChartContainer - [hivemq-test-hivemq-platform] [hivemq-platform-operator] [db503ef7] 18:15:20.549 [pool-6-thread-3] DEBUG c.h.p.o.dependants.PodInfoConfigMap - [helmmqtt] Desired PodInfo ConfigMap (1 extensions) (1 enabled)
2025-01-30 18:15:20,552 INFO c.h.h.t.HelmChartContainer - [hivemq-test-hivemq-platform] [hivemq-platform-operator] [db503ef7] 18:15:20.550 [pool-6-thread-3] DEBUG c.h.p.o.dependants.PodInfoConfigMap - [helmmqtt] Desired PodInfo ConfigMap (metrics port: 9399) (metrics path: /)
2025-01-30 18:15:20,552 INFO c.h.h.t.HelmChartContainer - [hivemq-test-hivemq-platform] [hivemq-platform-operator] [db503ef7] 18:15:20.550 [pool-6-thread-3] DEBUG c.h.p.o.dependants.PodInfoConfigMap - [helmmqtt] Desired PodInfo ConfigMap (extension state hash: -1817474005)
2025-01-30 18:15:20,553 INFO c.h.h.t.HelmChartContainer - [hivemq-test-hivemq-platform] [hivemq-platform-operator] [db503ef7] 18:15:20.552 [pool-6-thread-3] DEBUG c.h.p.o.dependants.PodInfoConfigMap - [helmmqtt] Create PodInfo ConfigMap
2025-01-30 18:15:20,655 INFO c.h.h.t.HelmChartContainer - [hivemq-test-hivemq-platform] [hivemq-platform-operator] [db503ef7] 18:15:20.653 [pool-6-thread-5] DEBUG c.h.p.o.dependants.PodRoleResource - [helmmqtt] Create Role: Role(apiVersion=rbac.authorization.k8s.io/v1, kind=Role, metadata=ObjectMeta(annotations={meta.helm.sh/release-name=test-hivemq-platform, meta.helm.sh/release-namespace=helmmqttit}, creationTimestamp=null, deletionGracePeriodSeconds=null, deletionTimestamp=null, finalizers=[], generateName=null, generation=null, labels={helm.sh/chart=hivemq-platform-0.2.32, app.kubernetes.io/managed-by=Helm, app.kubernetes.io/name=hivemq-platform, hivemq-platform=test-hivemq-platform, app.kubernetes.io/instance=test-hivemq-platform, app.kubernetes.io/version=4.36.0}, managedFields=[], name=hivemq-platform-role-test-hivemq-platform, namespace=helmmqttit, ownerReferences=[OwnerReference(apiVersion=hivemq.com/v1, blockOwnerDeletion=null, controller=null, kind=HiveMQPlatform, name=test-hivemq-platform, uid=708820ff-71b0-4dac-9eec-dbc96e26119c, additionalProperties={})], resourceVersion=null, selfLink=null, uid=null, additionalProperties={}), rules=[PolicyRule(apiGroups=[], nonResourceURLs=[], resourceNames=[], resources=[pods], verbs=[get, patch, update], additionalProperties={})], additionalProperties={})
2025-01-30 18:15:20,843 INFO c.h.h.t.HelmChartContainer - [hivemq-test-hivemq-platform] [hivemq-platform-operator] [db503ef7] 18:15:20.841 [pool-6-thread-7] DEBUG c.h.p.o.d.PodServiceAccountResource - [helmmqtt] Desired PodServiceAccountResource (serviceAccountName: hivemq-platform-pod-test-hivemq-platform)
2025-01-30 18:15:20,844 INFO c.h.h.t.HelmChartContainer - [hivemq-test-hivemq-platform] [hivemq-platform-operator] [db503ef7] 18:15:20.842 [pool-6-thread-7] DEBUG c.h.p.o.d.PodServiceAccountResource - [helmmqtt] Create ServiceAccount 'hivemq-platform-pod-test-hivemq-platform'
2025-01-30 18:15:20,951 INFO c.h.h.t.HelmChartContainer - [hivemq-test-hivemq-platform] [hivemq-platform-operator] [db503ef7] 18:15:20.949 [pool-6-thread-10] DEBUG c.h.p.o.d.PodRoleBindingResource - [helmmqtt] Create RoleBinding: RoleBinding(apiVersion=rbac.authorization.k8s.io/v1, kind=RoleBinding, metadata=ObjectMeta(annotations={meta.helm.sh/release-name=test-hivemq-platform, meta.helm.sh/release-namespace=helmmqttit}, creationTimestamp=null, deletionGracePeriodSeconds=null, deletionTimestamp=null, finalizers=[], generateName=null, generation=null, labels={helm.sh/chart=hivemq-platform-0.2.32, app.kubernetes.io/managed-by=Helm, app.kubernetes.io/name=hivemq-platform, hivemq-platform=test-hivemq-platform, app.kubernetes.io/instance=test-hivemq-platform, app.kubernetes.io/version=4.36.0}, managedFields=[], name=hivemq-platform-role-binding-test-hivemq-platform, namespace=helmmqttit, ownerReferences=[OwnerReference(apiVersion=hivemq.com/v1, blockOwnerDeletion=null, controller=null, kind=HiveMQPlatform, name=test-hivemq-platform, uid=708820ff-71b0-4dac-9eec-dbc96e26119c, additionalProperties={})], resourceVersion=null, selfLink=null, uid=null, additionalProperties={}), roleRef=RoleRef(apiGroup=rbac.authorization.k8s.io, kind=Role, name=hivemq-platform-role-test-hivemq-platform, additionalProperties={}), subjects=[Subject(apiGroup=null, kind=ServiceAccount, name=hivemq-platform-pod-test-hivemq-platform, namespace=helmmqttit, additionalProperties={})], additionalProperties={})
2025-01-30 18:15:21,044 INFO c.h.h.t.HelmChartContainer - [hivemq-test-hivemq-platform] [hivemq-platform-operator] [db503ef7] 18:15:21.042 [ReconcilerExecutor-hivemq-controller-53] INFO  c.h.p.o.HiveMQPlatformReconciler - [helmmqtt] Reconciling HiveMQ Platform 'test-hivemq-platform' in namespace 'helmmqttit'
2025-01-30 18:15:21,044 INFO c.h.h.t.HelmChartContainer - [hivemq-test-hivemq-platform] [hivemq-platform-operator] [db503ef7] 18:15:21.042 [ReconcilerExecutor-hivemq-controller-53] DEBUG c.h.p.o.HiveMQPlatformReconciler - [helmmqtt] Custom Resource Status CREATED - HiveMQ Platform was created (READY)
2025-01-30 18:15:21,044 INFO c.h.h.t.HelmChartContainer - [hivemq-test-hivemq-platform] [hivemq-platform-operator] [db503ef7] 18:15:21.042 [ReconcilerExecutor-hivemq-controller-53] DEBUG c.h.p.o.HiveMQPlatformReconciler - [helmmqtt] Custom Resource Spec (replicas: 1) (extensions: 1)
2025-01-30 18:15:21,046 INFO c.h.h.t.HelmChartContainer - [hivemq-test-hivemq-platform] [hivemq-platform-operator] [db503ef7] 18:15:21.045 [ReconcilerExecutor-hivemq-controller-53] INFO  c.h.p.o.h.HiveMQPlatformReconcilerBaseHandler - [helmmqtt] HiveMQ Platform is starting
2025-01-30 18:15:21,150 INFO c.h.h.t.HelmChartContainer - [hivemq-test-hivemq-platform] [hivemq-platform-operator] [db503ef7] 18:15:21.149 [ReconcilerExecutor-hivemq-controller-53] DEBUG c.h.p.operator.event.EventSender - [helmmqtt] Creating K8s event hivemq-platform-starting: [Start] HiveMQ Platform is starting
2025-01-30 18:15:21,159 INFO c.h.h.t.HelmChartContainer - [EVENT] Normal [Start] HiveMQ Platform is starting [helmmqttit:test-hivemq-platform]
2025-01-30 18:15:21,242 INFO c.h.h.t.HelmChartContainer - [hivemq-test-hivemq-platform] [hivemq-platform-operator] [db503ef7] 18:15:21.240 [ReconcilerExecutor-hivemq-controller-53] INFO  c.h.p.o.h.AbstractHiveMQReconcilerStateHandler - [helmmqtt] Update HiveMQ Platform Status (CREATED [READY] -> STARTING [READY]): HiveMQ Platform is starting
2025-01-30 18:15:21,260 DEBUG com.hivemq.helmcharts.util.K8sUtil - Comparing actual state 'STARTING' and waiting for 'RUNNING'
2025-01-30 18:15:31,267 INFO c.h.h.t.HelmChartContainer - [hivemq-test-hivemq-platform] [hivemq-platform-operator] [db503ef7] 18:15:31.264 [pool-6-thread-12] DEBUG c.h.p.o.d.PlatformServiceResource - [helmmqtt] Desired Platform services (2 services)
2025-01-30 18:15:31,267 INFO c.h.h.t.HelmChartContainer - [hivemq-test-hivemq-platform] [hivemq-platform-operator] [db503ef7] 18:15:31.266 [pool-6-thread-13] DEBUG c.h.p.o.dependants.PodInfoConfigMap - [helmmqtt] Desired PodInfo ConfigMap (1 extensions) (1 enabled)
2025-01-30 18:15:31,267 INFO c.h.h.t.HelmChartContainer - [hivemq-test-hivemq-platform] [hivemq-platform-operator] [db503ef7] 18:15:31.266 [pool-6-thread-13] DEBUG c.h.p.o.dependants.PodInfoConfigMap - [helmmqtt] Desired PodInfo ConfigMap (metrics port: 9399) (metrics path: /)
2025-01-30 18:15:31,267 INFO c.h.h.t.HelmChartContainer - [hivemq-test-hivemq-platform] [hivemq-platform-operator] [db503ef7] 18:15:31.266 [pool-6-thread-13] DEBUG c.h.p.o.dependants.PodInfoConfigMap - [helmmqtt] Desired PodInfo ConfigMap (extension state hash: -1817474005)
2025-01-30 18:15:31,270 INFO c.h.h.t.HelmChartContainer - [hivemq-test-hivemq-platform] [hivemq-platform-operator] [db503ef7] 18:15:31.270 [pool-6-thread-17] DEBUG c.h.p.o.d.PodServiceAccountResource - [helmmqtt] Desired PodServiceAccountResource (serviceAccountName: hivemq-platform-pod-test-hivemq-platform)
2025-01-30 18:15:31,275 INFO c.h.h.t.HelmChartContainer - [hivemq-test-hivemq-platform] [hivemq-platform-operator] [db503ef7] 18:15:31.275 [pool-6-thread-13] DEBUG c.h.p.o.dependants.PodInfoConfigMap - [helmmqtt] Update PodInfo ConfigMap
2025-01-30 18:15:31,358 INFO c.h.h.t.HelmChartContainer - [K3S] [alloc.go:330] "allocated clusterIPs" service="helmmqttit/hivemq-test-hivemq-platform-metrics-9399" clusterIPs={"IPv4":"10.43.171.168"}
2025-01-30 18:15:31,447 INFO c.h.h.t.HelmChartContainer - [K3S] [alloc.go:330] "allocated clusterIPs" service="helmmqttit/hivemq-test-hivemq-platform-mqtt-1884" clusterIPs={"IPv4":"10.43.129.133"}
2025-01-30 18:15:31,455 INFO c.h.h.t.HelmChartContainer - [hivemq-test-hivemq-platform] [hivemq-platform-operator] [db503ef7] 18:15:31.453 [pool-6-thread-20] DEBUG c.h.p.o.d.StatefulSetResource - [helmmqtt] Desired StatefulSet (1 replicas) for status STARTING (READY)
2025-01-30 18:15:31,545 INFO c.h.h.t.HelmChartContainer - [hivemq-test-hivemq-platform] [hivemq-platform-operator] [db503ef7] 18:15:31.543 [pool-6-thread-20] DEBUG c.h.p.o.d.StatefulSetResource - [helmmqtt] Create StatefulSet
2025-01-30 18:15:31,564 INFO c.h.h.t.HelmChartContainer - [hivemq-test-hivemq-platform] [hivemq-platform-operator] [db503ef7] 18:15:31.561 [ReconcilerExecutor-hivemq-controller-64] INFO  c.h.p.o.HiveMQPlatformReconciler - [helmmqtt] Reconciling HiveMQ Platform 'test-hivemq-platform' in namespace 'helmmqttit'
2025-01-30 18:15:31,565 INFO c.h.h.t.HelmChartContainer - [hivemq-test-hivemq-platform] [hivemq-platform-operator] [db503ef7] 18:15:31.561 [ReconcilerExecutor-hivemq-controller-64] DEBUG c.h.p.o.HiveMQPlatformReconciler - [helmmqtt] Custom Resource Status STARTING - HiveMQ Platform is starting (READY)
2025-01-30 18:15:31,565 INFO c.h.h.t.HelmChartContainer - [hivemq-test-hivemq-platform] [hivemq-platform-operator] [db503ef7] 18:15:31.561 [ReconcilerExecutor-hivemq-controller-64] DEBUG c.h.p.o.HiveMQPlatformReconciler - [helmmqtt] Custom Resource Spec (replicas: 1) (extensions: 1)
2025-01-30 18:15:31,571 INFO c.h.h.t.HelmChartContainer - [POD] test-hivemq-platform-0 [e1fa1cbd-71e9-4830-8237-101c73dcb8a2] in helmmqttit was ADDED
2025-01-30 18:15:31,579 INFO c.h.h.t.HelmChartContainer - [POD] test-hivemq-platform-0 [e1fa1cbd-71e9-4830-8237-101c73dcb8a2] in helmmqttit was MODIFIED
2025-01-30 18:15:31,579 INFO c.h.h.t.HelmChartContainer - [EVENT] Normal [SuccessfulCreate] create Pod test-hivemq-platform-0 in StatefulSet test-hivemq-platform successful [helmmqttit:test-hivemq-platform]
2025-01-30 18:15:31,582 INFO c.h.h.t.HelmChartContainer - [EVENT] Normal [Scheduled] Successfully assigned helmmqttit/test-hivemq-platform-0 to 0019a1e396a2 [helmmqttit:test-hivemq-platform-0]
2025-01-30 18:15:31,590 INFO c.h.h.t.HelmChartContainer - [POD] test-hivemq-platform-0 [e1fa1cbd-71e9-4830-8237-101c73dcb8a2] in helmmqttit was MODIFIED
2025-01-30 18:15:31,654 INFO c.h.h.t.HelmChartContainer - [hivemq-test-hivemq-platform] [hivemq-platform-operator] [db503ef7] 18:15:31.653 [ReconcilerExecutor-hivemq-controller-64] DEBUG c.h.p.o.HiveMQPlatformReconciler - [helmmqtt] StatefulSet Status (revision: null, replicas: 0, available: 0, ready: 0, current: 0, updated: 0)
2025-01-30 18:15:31,657 INFO c.h.h.t.HelmChartContainer - [hivemq-test-hivemq-platform] [hivemq-platform-operator] [db503ef7] 18:15:31.653 [ReconcilerExecutor-hivemq-controller-64] DEBUG c.h.p.o.HiveMQPlatformReconciler - [helmmqtt] StatefulSet Spec (replicas: 1, init containers: 1, containers: 1, volumes: 3)
2025-01-30 18:15:31,671 INFO c.h.h.t.HelmChartContainer - [K3S] [reconciler_common.go:251] "operationExecutor.VerifyControllerAttachedVolume started for volume \"pod-info\" (UniqueName: \"kubernetes.io/configmap/e1fa1cbd-71e9-4830-8237-101c73dcb8a2-pod-info\") pod \"test-hivemq-platform-0\" (UID: \"e1fa1cbd-71e9-4830-8237-101c73dcb8a2\") " pod="helmmqttit/test-hivemq-platform-0"
2025-01-30 18:15:31,671 INFO c.h.h.t.HelmChartContainer - [K3S] [reconciler_common.go:251] "operationExecutor.VerifyControllerAttachedVolume started for volume \"operator-init\" (UniqueName: \"kubernetes.io/empty-dir/e1fa1cbd-71e9-4830-8237-101c73dcb8a2-operator-init\") pod \"test-hivemq-platform-0\" (UID: \"e1fa1cbd-71e9-4830-8237-101c73dcb8a2\") " pod="helmmqttit/test-hivemq-platform-0"
2025-01-30 18:15:31,671 INFO c.h.h.t.HelmChartContainer - [K3S] [reconciler_common.go:251] "operationExecutor.VerifyControllerAttachedVolume started for volume \"kube-api-access-lw5p8\" (UniqueName: \"kubernetes.io/projected/e1fa1cbd-71e9-4830-8237-101c73dcb8a2-kube-api-access-lw5p8\") pod \"test-hivemq-platform-0\" (UID: \"e1fa1cbd-71e9-4830-8237-101c73dcb8a2\") " pod="helmmqttit/test-hivemq-platform-0"
2025-01-30 18:15:31,671 INFO c.h.h.t.HelmChartContainer - [K3S] [reconciler_common.go:251] "operationExecutor.VerifyControllerAttachedVolume started for volume \"broker-configuration\" (UniqueName: \"kubernetes.io/configmap/e1fa1cbd-71e9-4830-8237-101c73dcb8a2-broker-configuration\") pod \"test-hivemq-platform-0\" (UID: \"e1fa1cbd-71e9-4830-8237-101c73dcb8a2\") " pod="helmmqttit/test-hivemq-platform-0"
2025-01-30 18:15:31,752 INFO c.h.h.t.HelmChartContainer - [hivemq-test-hivemq-platform] [hivemq-platform-operator] [db503ef7] 18:15:31.750 [ReconcilerExecutor-hivemq-controller-64] DEBUG c.h.p.o.h.HiveMQPlatformReconcilerErrorHandler - [helmmqtt] Pod 'test-hivemq-platform-0' phase Pending
2025-01-30 18:15:31,752 INFO c.h.h.t.HelmChartContainer - [hivemq-test-hivemq-platform] [hivemq-platform-operator] [db503ef7] 18:15:31.751 [ReconcilerExecutor-hivemq-controller-64] DEBUG c.h.p.o.h.HiveMQPlatformReconcilerErrorHandler - [helmmqtt] Pod 'test-hivemq-platform-0' condition 'PodReadyToStartContainers': False
2025-01-30 18:15:31,753 INFO c.h.h.t.HelmChartContainer - [hivemq-test-hivemq-platform] [hivemq-platform-operator] [db503ef7] 18:15:31.752 [ReconcilerExecutor-hivemq-controller-64] DEBUG c.h.p.o.h.HiveMQPlatformReconcilerErrorHandler - [helmmqtt] Pod 'test-hivemq-platform-0' condition 'Initialized': False
2025-01-30 18:15:31,753 INFO c.h.h.t.HelmChartContainer - [hivemq-test-hivemq-platform] [hivemq-platform-operator] [db503ef7] 18:15:31.752 [ReconcilerExecutor-hivemq-controller-64] DEBUG c.h.p.o.h.HiveMQPlatformReconcilerErrorHandler - [helmmqtt] Pod 'test-hivemq-platform-0' condition 'Ready': False
2025-01-30 18:15:31,756 INFO c.h.h.t.HelmChartContainer - [hivemq-test-hivemq-platform] [hivemq-platform-operator] [db503ef7] 18:15:31.752 [ReconcilerExecutor-hivemq-controller-64] DEBUG c.h.p.o.h.HiveMQPlatformReconcilerErrorHandler - [helmmqtt] Pod 'test-hivemq-platform-0' condition 'ContainersReady': False
2025-01-30 18:15:31,756 INFO c.h.h.t.HelmChartContainer - [hivemq-test-hivemq-platform] [hivemq-platform-operator] [db503ef7] 18:15:31.752 [ReconcilerExecutor-hivemq-controller-64] DEBUG c.h.p.o.h.HiveMQPlatformReconcilerErrorHandler - [helmmqtt] Pod 'test-hivemq-platform-0' condition 'PodScheduled': True
2025-01-30 18:15:31,756 INFO c.h.h.t.HelmChartContainer - [hivemq-test-hivemq-platform] [hivemq-platform-operator] [db503ef7] 18:15:31.752 [ReconcilerExecutor-hivemq-controller-64] DEBUG c.h.p.o.h.HiveMQPlatformReconcilerErrorHandler - [helmmqtt] Pod 'test-hivemq-platform-0' containerStatus 'hivemq' (started: false) (ready: false) (waiting: [PodInitializing] null)
2025-01-30 18:15:31,757 INFO c.h.h.t.HelmChartContainer - [hivemq-test-hivemq-platform] [hivemq-platform-operator] [db503ef7] 18:15:31.756 [ReconcilerExecutor-hivemq-controller-64] INFO  c.h.p.o.h.HiveMQPlatformReconcilerBaseHandler - [helmmqtt] HiveMQ Platform is starting, 0 of 1 replicas are ready
2025-01-30 18:15:31,846 INFO c.h.h.t.HelmChartContainer - [hivemq-test-hivemq-platform] [hivemq-platform-operator] [db503ef7] 18:15:31.842 [pool-6-thread-22] DEBUG c.h.p.o.d.PlatformServiceResource - [helmmqtt] Desired Platform services (2 services)
2025-01-30 18:15:31,846 INFO c.h.h.t.HelmChartContainer - [hivemq-test-hivemq-platform] [hivemq-platform-operator] [db503ef7] 18:15:31.843 [pool-6-thread-23] DEBUG c.h.p.o.dependants.PodInfoConfigMap - [helmmqtt] Desired PodInfo ConfigMap (1 extensions) (1 enabled)
2025-01-30 18:15:31,846 INFO c.h.h.t.HelmChartContainer - [hivemq-test-hivemq-platform] [hivemq-platform-operator] [db503ef7] 18:15:31.843 [pool-6-thread-23] DEBUG c.h.p.o.dependants.PodInfoConfigMap - [helmmqtt] Desired PodInfo ConfigMap (metrics port: 9399) (metrics path: /)
2025-01-30 18:15:31,846 INFO c.h.h.t.HelmChartContainer - [hivemq-test-hivemq-platform] [hivemq-platform-operator] [db503ef7] 18:15:31.844 [pool-6-thread-23] DEBUG c.h.p.o.dependants.PodInfoConfigMap - [helmmqtt] Desired PodInfo ConfigMap (extension state hash: -1817474005)
2025-01-30 18:15:31,850 INFO c.h.h.t.HelmChartContainer - [hivemq-test-hivemq-platform] [hivemq-platform-operator] [db503ef7] 18:15:31.848 [pool-6-thread-27] DEBUG c.h.p.o.d.PodServiceAccountResource - [helmmqtt] Desired PodServiceAccountResource (serviceAccountName: hivemq-platform-pod-test-hivemq-platform)
2025-01-30 18:15:31,855 INFO c.h.h.t.HelmChartContainer - [hivemq-test-hivemq-platform] [hivemq-platform-operator] [db503ef7] 18:15:31.854 [pool-6-thread-30] DEBUG c.h.p.o.d.StatefulSetResource - [helmmqtt] Desired StatefulSet (1 replicas) for status STARTING (READY)
2025-01-30 18:15:31,946 INFO c.h.h.t.HelmChartContainer - [hivemq-test-hivemq-platform] [hivemq-platform-operator] [db503ef7] 18:15:31.943 [ReconcilerExecutor-hivemq-controller-75] INFO  c.h.p.o.HiveMQPlatformReconciler - [helmmqtt] Reconciling HiveMQ Platform 'test-hivemq-platform' in namespace 'helmmqttit'
2025-01-30 18:15:31,946 INFO c.h.h.t.HelmChartContainer - [hivemq-test-hivemq-platform] [hivemq-platform-operator] [db503ef7] 18:15:31.944 [ReconcilerExecutor-hivemq-controller-75] DEBUG c.h.p.o.HiveMQPlatformReconciler - [helmmqtt] Custom Resource Status STARTING - HiveMQ Platform is starting (READY)
2025-01-30 18:15:31,946 INFO c.h.h.t.HelmChartContainer - [hivemq-test-hivemq-platform] [hivemq-platform-operator] [db503ef7] 18:15:31.944 [ReconcilerExecutor-hivemq-controller-75] DEBUG c.h.p.o.HiveMQPlatformReconciler - [helmmqtt] Custom Resource Spec (replicas: 1) (extensions: 1)
2025-01-30 18:15:31,953 INFO c.h.h.t.HelmChartContainer - [hivemq-test-hivemq-platform] [hivemq-platform-operator] [db503ef7] 18:15:31.947 [ReconcilerExecutor-hivemq-controller-75] DEBUG c.h.p.o.HiveMQPlatformReconciler - [helmmqtt] StatefulSet Status (revision: test-hivemq-platform-7bbc5894fb, replicas: 1, available: 0, ready: 0, current: 1, updated: 1)
2025-01-30 18:15:31,954 INFO c.h.h.t.HelmChartContainer - [hivemq-test-hivemq-platform] [hivemq-platform-operator] [db503ef7] 18:15:31.947 [ReconcilerExecutor-hivemq-controller-75] DEBUG c.h.p.o.HiveMQPlatformReconciler - [helmmqtt] StatefulSet Spec (replicas: 1, init containers: 1, containers: 1, volumes: 3)
2025-01-30 18:15:31,954 INFO c.h.h.t.HelmChartContainer - [hivemq-test-hivemq-platform] [hivemq-platform-operator] [db503ef7] 18:15:31.951 [ReconcilerExecutor-hivemq-controller-75] DEBUG c.h.p.o.h.HiveMQPlatformReconcilerErrorHandler - [helmmqtt] Pod 'test-hivemq-platform-0' phase Pending
2025-01-30 18:15:31,954 INFO c.h.h.t.HelmChartContainer - [hivemq-test-hivemq-platform] [hivemq-platform-operator] [db503ef7] 18:15:31.951 [ReconcilerExecutor-hivemq-controller-75] DEBUG c.h.p.o.h.HiveMQPlatformReconcilerErrorHandler - [helmmqtt] Pod 'test-hivemq-platform-0' condition 'PodReadyToStartContainers': False
2025-01-30 18:15:31,955 INFO c.h.h.t.HelmChartContainer - [hivemq-test-hivemq-platform] [hivemq-platform-operator] [db503ef7] 18:15:31.952 [ReconcilerExecutor-hivemq-controller-75] DEBUG c.h.p.o.h.HiveMQPlatformReconcilerErrorHandler - [helmmqtt] Pod 'test-hivemq-platform-0' condition 'Initialized': False
2025-01-30 18:15:31,956 INFO c.h.h.t.HelmChartContainer - [hivemq-test-hivemq-platform] [hivemq-platform-operator] [db503ef7] 18:15:31.952 [ReconcilerExecutor-hivemq-controller-75] DEBUG c.h.p.o.h.HiveMQPlatformReconcilerErrorHandler - [helmmqtt] Pod 'test-hivemq-platform-0' condition 'Ready': False
2025-01-30 18:15:31,957 INFO c.h.h.t.HelmChartContainer - [hivemq-test-hivemq-platform] [hivemq-platform-operator] [db503ef7] 18:15:31.952 [ReconcilerExecutor-hivemq-controller-75] DEBUG c.h.p.o.h.HiveMQPlatformReconcilerErrorHandler - [helmmqtt] Pod 'test-hivemq-platform-0' condition 'ContainersReady': False
2025-01-30 18:15:31,957 INFO c.h.h.t.HelmChartContainer - [hivemq-test-hivemq-platform] [hivemq-platform-operator] [db503ef7] 18:15:31.952 [ReconcilerExecutor-hivemq-controller-75] DEBUG c.h.p.o.h.HiveMQPlatformReconcilerErrorHandler - [helmmqtt] Pod 'test-hivemq-platform-0' condition 'PodScheduled': True
2025-01-30 18:15:31,957 INFO c.h.h.t.HelmChartContainer - [hivemq-test-hivemq-platform] [hivemq-platform-operator] [db503ef7] 18:15:31.952 [ReconcilerExecutor-hivemq-controller-75] DEBUG c.h.p.o.h.HiveMQPlatformReconcilerErrorHandler - [helmmqtt] Pod 'test-hivemq-platform-0' containerStatus 'hivemq' (started: false) (ready: false) (waiting: [PodInitializing] null)
2025-01-30 18:15:31,957 INFO c.h.h.t.HelmChartContainer - [hivemq-test-hivemq-platform] [hivemq-platform-operator] [db503ef7] 18:15:31.953 [ReconcilerExecutor-hivemq-controller-75] INFO  c.h.p.o.h.HiveMQPlatformReconcilerBaseHandler - [helmmqtt] HiveMQ Platform is starting, 0 of 1 replicas are ready
2025-01-30 18:15:31,975 INFO c.h.h.t.HelmChartContainer - [EVENT] Normal [Pulled] Container image "docker.io/hivemq/hivemq-platform-operator-init-test:snapshot" already present on machine [helmmqttit:test-hivemq-platform-0]
2025-01-30 18:15:32,108 INFO c.h.h.t.HelmChartContainer - [EVENT] Normal [Created] Created container: hivemq-platform-operator-init [helmmqttit:test-hivemq-platform-0]
2025-01-30 18:15:32,146 INFO c.h.h.t.HelmChartContainer - [EVENT] Normal [Started] Started container hivemq-platform-operator-init [helmmqttit:test-hivemq-platform-0]
2025-01-30 18:15:32,389 INFO c.h.h.t.HelmChartContainer - [EVENT] Normal [Pulled] Container image "docker.io/hivemq/hivemq4:4.36.0" already present on machine [helmmqttit:test-hivemq-platform-0]
2025-01-30 18:15:32,389 INFO c.h.h.t.HelmChartContainer - Received Pulled event for container hivemq in pod test-hivemq-platform-0 [e1fa1cbd-71e9-4830-8237-101c73dcb8a2]
2025-01-30 18:15:32,405 INFO c.h.h.t.HelmChartContainer - [POD] test-hivemq-platform-0 [e1fa1cbd-71e9-4830-8237-101c73dcb8a2] in helmmqttit was MODIFIED
2025-01-30 18:15:32,421 INFO c.h.h.t.HelmChartContainer - [hivemq-test-hivemq-platform] [hivemq-platform-operator] [db503ef7] 18:15:32.414 [pool-6-thread-32] DEBUG c.h.p.o.d.PlatformServiceResource - [helmmqtt] Desired Platform services (2 services)
2025-01-30 18:15:32,423 INFO c.h.h.t.HelmChartContainer - [hivemq-test-hivemq-platform] [hivemq-platform-operator] [db503ef7] 18:15:32.422 [pool-6-thread-37] DEBUG c.h.p.o.d.PodServiceAccountResource - [helmmqtt] Desired PodServiceAccountResource (serviceAccountName: hivemq-platform-pod-test-hivemq-platform)
2025-01-30 18:15:32,428 INFO c.h.h.t.HelmChartContainer - [hivemq-test-hivemq-platform] [hivemq-platform-operator] [db503ef7] 18:15:32.427 [pool-6-thread-33] DEBUG c.h.p.o.dependants.PodInfoConfigMap - [helmmqtt] Desired PodInfo ConfigMap (1 extensions) (1 enabled)
2025-01-30 18:15:32,429 INFO c.h.h.t.HelmChartContainer - [hivemq-test-hivemq-platform] [hivemq-platform-operator] [db503ef7] 18:15:32.427 [pool-6-thread-33] DEBUG c.h.p.o.dependants.PodInfoConfigMap - [helmmqtt] Desired PodInfo ConfigMap (metrics port: 9399) (metrics path: /)
2025-01-30 18:15:32,429 INFO c.h.h.t.HelmChartContainer - [hivemq-test-hivemq-platform] [hivemq-platform-operator] [db503ef7] 18:15:32.427 [pool-6-thread-33] DEBUG c.h.p.o.dependants.PodInfoConfigMap - [helmmqtt] Desired PodInfo ConfigMap (extension state hash: -1817474005)
2025-01-30 18:15:32,450 INFO c.h.h.t.HelmChartContainer - [hivemq-test-hivemq-platform] [hivemq-platform-operator] [db503ef7] 18:15:32.448 [pool-6-thread-40] DEBUG c.h.p.o.d.StatefulSetResource - [helmmqtt] Desired StatefulSet (1 replicas) for status STARTING (READY)
2025-01-30 18:15:32,454 INFO c.h.h.t.HelmChartContainer - [hivemq-test-hivemq-platform] [hivemq-platform-operator] [db503ef7] 18:15:32.453 [ReconcilerExecutor-hivemq-controller-86] INFO  c.h.p.o.HiveMQPlatformReconciler - [helmmqtt] Reconciling HiveMQ Platform 'test-hivemq-platform' in namespace 'helmmqttit'
2025-01-30 18:15:32,455 INFO c.h.h.t.HelmChartContainer - [hivemq-test-hivemq-platform] [hivemq-platform-operator] [db503ef7] 18:15:32.453 [ReconcilerExecutor-hivemq-controller-86] DEBUG c.h.p.o.HiveMQPlatformReconciler - [helmmqtt] Custom Resource Status STARTING - HiveMQ Platform is starting (READY)
2025-01-30 18:15:32,455 INFO c.h.h.t.HelmChartContainer - [hivemq-test-hivemq-platform] [hivemq-platform-operator] [db503ef7] 18:15:32.453 [ReconcilerExecutor-hivemq-controller-86] DEBUG c.h.p.o.HiveMQPlatformReconciler - [helmmqtt] Custom Resource Spec (replicas: 1) (extensions: 1)
2025-01-30 18:15:32,459 INFO c.h.h.t.HelmChartContainer - [hivemq-test-hivemq-platform] [hivemq-platform-operator] [db503ef7] 18:15:32.458 [ReconcilerExecutor-hivemq-controller-86] DEBUG c.h.p.o.HiveMQPlatformReconciler - [helmmqtt] StatefulSet Status (revision: test-hivemq-platform-7bbc5894fb, replicas: 1, available: 0, ready: 0, current: 1, updated: 1)
2025-01-30 18:15:32,461 INFO c.h.h.t.HelmChartContainer - [hivemq-test-hivemq-platform] [hivemq-platform-operator] [db503ef7] 18:15:32.458 [ReconcilerExecutor-hivemq-controller-86] DEBUG c.h.p.o.HiveMQPlatformReconciler - [helmmqtt] StatefulSet Spec (replicas: 1, init containers: 1, containers: 1, volumes: 3)
2025-01-30 18:15:32,463 INFO c.h.h.t.HelmChartContainer - [hivemq-test-hivemq-platform] [hivemq-platform-operator] [db503ef7] 18:15:32.461 [ReconcilerExecutor-hivemq-controller-86] DEBUG c.h.p.o.h.HiveMQPlatformReconcilerErrorHandler - [helmmqtt] Pod 'test-hivemq-platform-0' phase Pending
2025-01-30 18:15:32,463 INFO c.h.h.t.HelmChartContainer - [hivemq-test-hivemq-platform] [hivemq-platform-operator] [db503ef7] 18:15:32.462 [ReconcilerExecutor-hivemq-controller-86] DEBUG c.h.p.o.h.HiveMQPlatformReconcilerErrorHandler - [helmmqtt] Pod 'test-hivemq-platform-0' condition 'PodReadyToStartContainers': True
2025-01-30 18:15:32,464 INFO c.h.h.t.HelmChartContainer - [hivemq-test-hivemq-platform] [hivemq-platform-operator] [db503ef7] 18:15:32.462 [ReconcilerExecutor-hivemq-controller-86] DEBUG c.h.p.o.h.HiveMQPlatformReconcilerErrorHandler - [helmmqtt] Pod 'test-hivemq-platform-0' condition 'Initialized': True
2025-01-30 18:15:32,464 INFO c.h.h.t.HelmChartContainer - [hivemq-test-hivemq-platform] [hivemq-platform-operator] [db503ef7] 18:15:32.463 [ReconcilerExecutor-hivemq-controller-86] DEBUG c.h.p.o.h.HiveMQPlatformReconcilerErrorHandler - [helmmqtt] Pod 'test-hivemq-platform-0' condition 'Ready': False
2025-01-30 18:15:32,465 INFO c.h.h.t.HelmChartContainer - [hivemq-test-hivemq-platform] [hivemq-platform-operator] [db503ef7] 18:15:32.464 [ReconcilerExecutor-hivemq-controller-86] DEBUG c.h.p.o.h.HiveMQPlatformReconcilerErrorHandler - [helmmqtt] Pod 'test-hivemq-platform-0' condition 'ContainersReady': False
2025-01-30 18:15:32,466 INFO c.h.h.t.HelmChartContainer - [hivemq-test-hivemq-platform] [hivemq-platform-operator] [db503ef7] 18:15:32.464 [ReconcilerExecutor-hivemq-controller-86] DEBUG c.h.p.o.h.HiveMQPlatformReconcilerErrorHandler - [helmmqtt] Pod 'test-hivemq-platform-0' condition 'PodScheduled': True
2025-01-30 18:15:32,466 INFO c.h.h.t.HelmChartContainer - [hivemq-test-hivemq-platform] [hivemq-platform-operator] [db503ef7] 18:15:32.464 [ReconcilerExecutor-hivemq-controller-86] DEBUG c.h.p.o.h.HiveMQPlatformReconcilerErrorHandler - [helmmqtt] Pod 'test-hivemq-platform-0' containerStatus 'hivemq' (started: false) (ready: false) (waiting: [PodInitializing] null)
2025-01-30 18:15:32,542 INFO c.h.h.t.HelmChartContainer - [hivemq-test-hivemq-platform] [hivemq-platform-operator] [db503ef7] 18:15:32.541 [ReconcilerExecutor-hivemq-controller-86] INFO  c.h.p.o.h.HiveMQPlatformReconcilerBaseHandler - [helmmqtt] HiveMQ Platform is starting, 0 of 1 replicas are ready
2025-01-30 18:15:33,782 INFO c.h.h.t.HelmChartContainer - [EVENT] Normal [Created] Created container: hivemq [helmmqttit:test-hivemq-platform-0]
2025-01-30 18:15:33,782 INFO c.h.h.t.HelmChartContainer - Received Created event for container hivemq in pod test-hivemq-platform-0 [e1fa1cbd-71e9-4830-8237-101c73dcb8a2]
2025-01-30 18:15:34,403 INFO c.h.h.t.HelmChartContainer - [POD] test-hivemq-platform-0 [e1fa1cbd-71e9-4830-8237-101c73dcb8a2] in helmmqttit was MODIFIED
2025-01-30 18:15:34,410 INFO c.h.h.t.HelmChartContainer - [EVENT] Normal [Started] Started container hivemq [helmmqttit:test-hivemq-platform-0]
2025-01-30 18:15:34,410 INFO c.h.h.t.HelmChartContainer - Received Started event for container hivemq in pod test-hivemq-platform-0 [e1fa1cbd-71e9-4830-8237-101c73dcb8a2]
2025-01-30 18:15:34,410 INFO c.h.h.t.HelmChartContainer - Started log watcher for hivemq in pod test-hivemq-platform-0 [e1fa1cbd-71e9-4830-8237-101c73dcb8a2]
2025-01-30 18:15:34,410 INFO c.h.h.t.HelmChartContainer - [hivemq-test-hivemq-platform] [hivemq-platform-operator] [db503ef7] 18:15:34.408 [pool-6-thread-42] DEBUG c.h.p.o.d.PlatformServiceResource - [helmmqtt] Desired Platform services (2 services)
2025-01-30 18:15:34,411 INFO c.h.h.t.HelmChartContainer - [hivemq-test-hivemq-platform] [hivemq-platform-operator] [db503ef7] 18:15:34.409 [pool-6-thread-43] DEBUG c.h.p.o.dependants.PodInfoConfigMap - [helmmqtt] Desired PodInfo ConfigMap (1 extensions) (1 enabled)
2025-01-30 18:15:34,411 INFO c.h.h.t.HelmChartContainer - [hivemq-test-hivemq-platform] [hivemq-platform-operator] [db503ef7] 18:15:34.409 [pool-6-thread-43] DEBUG c.h.p.o.dependants.PodInfoConfigMap - [helmmqtt] Desired PodInfo ConfigMap (metrics port: 9399) (metrics path: /)
2025-01-30 18:15:34,411 INFO c.h.h.t.HelmChartContainer - [hivemq-test-hivemq-platform] [hivemq-platform-operator] [db503ef7] 18:15:34.409 [pool-6-thread-43] DEBUG c.h.p.o.dependants.PodInfoConfigMap - [helmmqtt] Desired PodInfo ConfigMap (extension state hash: -1817474005)
2025-01-30 18:15:34,412 INFO c.h.h.t.HelmChartContainer - [test-hivemq-platform] [hivemq] [e1fa1cbd] Adding pre-installed HiveMQ Platform Operator extensions
2025-01-30 18:15:34,413 INFO c.h.h.t.HelmChartContainer - [test-hivemq-platform] [hivemq] [e1fa1cbd] Running as user 10000
2025-01-30 18:15:34,413 INFO c.h.h.t.HelmChartContainer - [test-hivemq-platform] [hivemq] [e1fa1cbd] Starting HiveMQ Platform Operator Init
2025-01-30 18:15:34,415 INFO c.h.h.t.HelmChartContainer - [hivemq-test-hivemq-platform] [hivemq-platform-operator] [db503ef7] 18:15:34.413 [pool-6-thread-47] DEBUG c.h.p.o.d.PodServiceAccountResource - [helmmqtt] Desired PodServiceAccountResource (serviceAccountName: hivemq-platform-pod-test-hivemq-platform)
2025-01-30 18:15:34,422 INFO c.h.h.t.HelmChartContainer - [hivemq-test-hivemq-platform] [hivemq-platform-operator] [db503ef7] 18:15:34.420 [pool-6-thread-50] DEBUG c.h.p.o.d.StatefulSetResource - [helmmqtt] Desired StatefulSet (1 replicas) for status STARTING (READY)
2025-01-30 18:15:34,424 INFO c.h.h.t.HelmChartContainer - [hivemq-test-hivemq-platform] [hivemq-platform-operator] [db503ef7] 18:15:34.423 [ReconcilerExecutor-hivemq-controller-97] INFO  c.h.p.o.HiveMQPlatformReconciler - [helmmqtt] Reconciling HiveMQ Platform 'test-hivemq-platform' in namespace 'helmmqttit'
2025-01-30 18:15:34,426 INFO c.h.h.t.HelmChartContainer - [hivemq-test-hivemq-platform] [hivemq-platform-operator] [db503ef7] 18:15:34.424 [ReconcilerExecutor-hivemq-controller-97] DEBUG c.h.p.o.HiveMQPlatformReconciler - [helmmqtt] Custom Resource Status STARTING - HiveMQ Platform is starting (READY)
2025-01-30 18:15:34,426 INFO c.h.h.t.HelmChartContainer - [hivemq-test-hivemq-platform] [hivemq-platform-operator] [db503ef7] 18:15:34.425 [ReconcilerExecutor-hivemq-controller-97] DEBUG c.h.p.o.HiveMQPlatformReconciler - [helmmqtt] Custom Resource Spec (replicas: 1) (extensions: 1)
2025-01-30 18:15:34,444 INFO c.h.h.t.HelmChartContainer - [hivemq-test-hivemq-platform] [hivemq-platform-operator] [db503ef7] 18:15:34.442 [ReconcilerExecutor-hivemq-controller-97] DEBUG c.h.p.o.HiveMQPlatformReconciler - [helmmqtt] StatefulSet Status (revision: test-hivemq-platform-7bbc5894fb, replicas: 1, available: 0, ready: 0, current: 1, updated: 1)
2025-01-30 18:15:34,444 INFO c.h.h.t.HelmChartContainer - [hivemq-test-hivemq-platform] [hivemq-platform-operator] [db503ef7] 18:15:34.442 [ReconcilerExecutor-hivemq-controller-97] DEBUG c.h.p.o.HiveMQPlatformReconciler - [helmmqtt] StatefulSet Spec (replicas: 1, init containers: 1, containers: 1, volumes: 3)
2025-01-30 18:15:34,448 INFO c.h.h.t.HelmChartContainer - [hivemq-test-hivemq-platform] [hivemq-platform-operator] [db503ef7] 18:15:34.447 [ReconcilerExecutor-hivemq-controller-97] DEBUG c.h.p.o.h.HiveMQPlatformReconcilerErrorHandler - [helmmqtt] Pod 'test-hivemq-platform-0' phase Running
2025-01-30 18:15:34,451 INFO c.h.h.t.HelmChartContainer - [hivemq-test-hivemq-platform] [hivemq-platform-operator] [db503ef7] 18:15:34.451 [ReconcilerExecutor-hivemq-controller-97] INFO  c.h.p.o.h.HiveMQPlatformReconcilerBaseHandler - [helmmqtt] HiveMQ Platform is starting, 0 of 1 replicas are ready
2025-01-30 18:15:35,128 INFO c.h.h.t.HelmChartContainer - [test-hivemq-platform] [hivemq] [e1fa1cbd] INFO  - [HiveMQ Platform Operator Init 1.7.0-SNAPSHOT] HiveMQ Platform Operator Init 1.7.0-SNAPSHOT (commit: 47e3375 on branch: HEAD) built on Thu Jan 30 03:55:50 UTC 2025
2025-01-30 18:15:36,324 INFO c.h.h.t.HelmChartContainer - [test-hivemq-platform] [hivemq] [e1fa1cbd] INFO  - [HiveMQ Platform Operator Init App 1.7.0-SNAPSHOT] Using bind address 10.42.0.8 from environment variable
2025-01-30 18:15:37,233 INFO c.h.h.t.HelmChartContainer - [test-hivemq-platform] [hivemq] [e1fa1cbd] INFO  - [HiveMQ Platform Operator Init App 1.7.0-SNAPSHOT] HiveMQ Platform Operator Init App 1.7.0-SNAPSHOT (commit: 47e3375 on branch: HEAD) built on Thu Jan 30 03:55:50 UTC 2025
2025-01-30 18:15:37,233 INFO c.h.h.t.HelmChartContainer - [test-hivemq-platform] [hivemq] [e1fa1cbd] INFO  - [HiveMQ Platform Operator Init App 1.7.0-SNAPSHOT] PodInfo ConfigMap directory: /etc/podinfo
2025-01-30 18:15:37,233 INFO c.h.h.t.HelmChartContainer - [test-hivemq-platform] [hivemq] [e1fa1cbd] INFO  - [HiveMQ Platform Operator Init App 1.7.0-SNAPSHOT] HiveMQ home directory: /opt/hivemq
2025-01-30 18:15:37,233 INFO c.h.h.t.HelmChartContainer - [test-hivemq-platform] [hivemq] [e1fa1cbd] INFO  - [HiveMQ Platform Operator Init App 1.7.0-SNAPSHOT] HiveMQ Logback folder: /opt/hivemq/conf
2025-01-30 18:15:37,233 INFO c.h.h.t.HelmChartContainer - [test-hivemq-platform] [hivemq] [e1fa1cbd] INFO  - [HiveMQ Platform Operator Init App 1.7.0-SNAPSHOT] HiveMQ Config folder: /opt/hivemq/conf-k8s
2025-01-30 18:15:37,234 INFO c.h.h.t.HelmChartContainer - [test-hivemq-platform] [hivemq] [e1fa1cbd] INFO  - [HiveMQ Platform Operator Init App 1.7.0-SNAPSHOT] Starting HiveMQ Platform Operator Init App
2025-01-30 18:15:37,234 INFO c.h.h.t.HelmChartContainer - [test-hivemq-platform] [hivemq] [e1fa1cbd] INFO  - [HiveMQ Platform Operator Init App 1.7.0-SNAPSHOT] Starting Pod reconciler
2025-01-30 18:15:38,344 INFO c.h.h.t.HelmChartContainer - [test-hivemq-platform] [hivemq] [e1fa1cbd] INFO  - [HiveMQ Platform Operator Init App 1.7.0-SNAPSHOT] Pod reconciler is scheduled (interval: 5000 ms)
2025-01-30 18:15:38,345 INFO c.h.h.t.HelmChartContainer - [test-hivemq-platform] [hivemq] [e1fa1cbd] INFO  - [HiveMQ Platform Operator Init App 1.7.0-SNAPSHOT] Starting the REST API on 10.42.0.8:7979
2025-01-30 18:15:38,348 INFO c.h.h.t.HelmChartContainer - [test-hivemq-platform] [hivemq] [e1fa1cbd] INFO  - [HiveMQ Platform Operator Init App 1.7.0-SNAPSHOT] Waiting up to 600s for at most 1 HiveMQ nodes in cluster service hivemq-test-hivemq-platform-cluster.helmmqttit.svc
2025-01-30 18:15:38,723 INFO c.h.h.t.HelmChartContainer - [test-hivemq-platform] [hivemq] [e1fa1cbd] INFO  - [HiveMQ Platform Operator Init App 1.7.0-SNAPSHOT] Resolved 1 IP addresses: [10.42.0.8]
2025-01-30 18:15:38,723 INFO c.h.h.t.HelmChartContainer - [test-hivemq-platform] [hivemq] [e1fa1cbd] INFO  - [HiveMQ Platform Operator Init App 1.7.0-SNAPSHOT] HiveMQ node count of 1 is within threshold of 1
2025-01-30 18:15:38,723 INFO c.h.h.t.HelmChartContainer - [test-hivemq-platform] [hivemq] [e1fa1cbd] INFO  - [HiveMQ Platform Operator Init App 1.7.0-SNAPSHOT] Proceeding with container start
2025-01-30 18:15:38,746 INFO c.h.h.t.HelmChartContainer - [test-hivemq-platform] [hivemq] [e1fa1cbd] INFO  - [HiveMQ Platform Operator Init App 1.7.0-SNAPSHOT] Initializing HiveMQ Platform extensions with initial configuration: {hivemq-allow-all-extension={start-priority=-1, skip-https-hostname-verification=false, restart=true, config-version=0, header-version=0, c-uri=, priority=-1, uri=preinstalled, skip-https-certificate-validation=false, enabled=true}, hivemq-prometheus-extension={request-header-path=no-request-headers, uri=preinstalled, skip-https-certificate-validation=false, skip-https-hostname-verification=false, c-uri=, start-priority=-1, priority=-1, restart=true, enabled=true}}
2025-01-30 18:15:39,234 INFO c.h.h.t.HelmChartContainer - [test-hivemq-platform] [hivemq] [e1fa1cbd] INFO  - [HiveMQ Platform Operator Init App 1.7.0-SNAPSHOT] Extension hivemq-allow-all-extension was already enabled
2025-01-30 18:15:39,326 INFO c.h.h.t.HelmChartContainer - [test-hivemq-platform] [hivemq] [e1fa1cbd] INFO  - [HiveMQ Platform Operator Init App 1.7.0-SNAPSHOT] Successfully enabled extension hivemq-prometheus-extension
2025-01-30 18:15:39,327 INFO c.h.h.t.HelmChartContainer - [test-hivemq-platform] [hivemq] [e1fa1cbd] INFO  - [HiveMQ Platform Operator Init App 1.7.0-SNAPSHOT] Starting HiveMQ Platform version 4.36.0 (4.36.0)
2025-01-30 18:15:39,327 INFO c.h.h.t.HelmChartContainer - [test-hivemq-platform] [hivemq] [e1fa1cbd] INFO  - [HiveMQ Platform Operator Init App 1.7.0-SNAPSHOT] Configuring the HiveMQ Platform
2025-01-30 18:15:39,337 INFO c.h.h.t.HelmChartContainer - [test-hivemq-platform] [hivemq] [e1fa1cbd] INFO  - [HiveMQ Platform Operator Init App 1.7.0-SNAPSHOT] Changed logback.xml file scan period to 20 seconds
2025-01-30 18:15:39,429 INFO c.h.h.t.HelmChartContainer - [test-hivemq-platform] [hivemq] [e1fa1cbd] INFO  - [HiveMQ Platform Operator Init App 1.7.0-SNAPSHOT] Starting the HiveMQ Platform
2025-01-30 18:15:39,431 INFO c.h.h.t.HelmChartContainer - [test-hivemq-platform] [hivemq] [e1fa1cbd] -------------------------------------------------------------------------
2025-01-30 18:15:39,432 INFO c.h.h.t.HelmChartContainer - [test-hivemq-platform] [hivemq] [e1fa1cbd] 
2025-01-30 18:15:39,432 INFO c.h.h.t.HelmChartContainer - [test-hivemq-platform] [hivemq] [e1fa1cbd]                   _    _  _              __  __   ____
2025-01-30 18:15:39,432 INFO c.h.h.t.HelmChartContainer - [test-hivemq-platform] [hivemq] [e1fa1cbd]                  | |  | |(_)            |  \/  | / __ \
2025-01-30 18:15:39,432 INFO c.h.h.t.HelmChartContainer - [test-hivemq-platform] [hivemq] [e1fa1cbd]                  | |__| | _ __   __ ___ | \  / || |  | |
2025-01-30 18:15:39,432 INFO c.h.h.t.HelmChartContainer - [test-hivemq-platform] [hivemq] [e1fa1cbd]                  |  __  || |\ \ / // _ \| |\/| || |  | |
2025-01-30 18:15:39,432 INFO c.h.h.t.HelmChartContainer - [test-hivemq-platform] [hivemq] [e1fa1cbd]                  | |  | || | \ V /|  __/| |  | || |__| |
2025-01-30 18:15:39,432 INFO c.h.h.t.HelmChartContainer - [test-hivemq-platform] [hivemq] [e1fa1cbd]                  |_|  |_||_|  \_/  \___||_|  |_| \___\_\
2025-01-30 18:15:39,432 INFO c.h.h.t.HelmChartContainer - [test-hivemq-platform] [hivemq] [e1fa1cbd] 
2025-01-30 18:15:39,432 INFO c.h.h.t.HelmChartContainer - [test-hivemq-platform] [hivemq] [e1fa1cbd] -------------------------------------------------------------------------
2025-01-30 18:15:39,432 INFO c.h.h.t.HelmChartContainer - [test-hivemq-platform] [hivemq] [e1fa1cbd] 
2025-01-30 18:15:39,432 INFO c.h.h.t.HelmChartContainer - [test-hivemq-platform] [hivemq] [e1fa1cbd]   HiveMQ Start Script for Linux/Unix v1.14
2025-01-30 18:15:39,432 INFO c.h.h.t.HelmChartContainer - [test-hivemq-platform] [hivemq] [e1fa1cbd] 
2025-01-30 18:15:39,538 INFO c.h.h.t.HelmChartContainer - [test-hivemq-platform] [hivemq] [e1fa1cbd] -------------------------------------------------------------------------
2025-01-30 18:15:39,538 INFO c.h.h.t.HelmChartContainer - [test-hivemq-platform] [hivemq] [e1fa1cbd] 
2025-01-30 18:15:39,538 INFO c.h.h.t.HelmChartContainer - [test-hivemq-platform] [hivemq] [e1fa1cbd]   HIVEMQ_HOME: /opt/hivemq
2025-01-30 18:15:39,538 INFO c.h.h.t.HelmChartContainer - [test-hivemq-platform] [hivemq] [e1fa1cbd] 
2025-01-30 18:15:39,538 INFO c.h.h.t.HelmChartContainer - [test-hivemq-platform] [hivemq] [e1fa1cbd]   JAVA_OPTS: -XX:+UnlockExperimentalVMOptions -XX:InitialRAMPercentage=50 -XX:MaxRAMPercentage=50 -Djava.net.preferIPv4Stack=true --add-opens java.base/java.lang=ALL-UNNAMED --add-opens java.base/java.nio=ALL-UNNAMED --add-opens java.base/sun.nio.ch=ALL-UNNAMED --add-opens jdk.management/com.sun.management.internal=ALL-UNNAMED --add-exports java.base/jdk.internal.misc=ALL-UNNAMED -Djava.security.egd=file:/dev/./urandom -Dcom.sun.management.jmxremote -Dcom.sun.management.jmxremote.port=9010 -Dcom.sun.management.jmxremote.local.only=false -Dcom.sun.management.jmxremote.authenticate=false -Dcom.sun.management.jmxremote.ssl=false -Duser.language=en -Duser.region=US -XX:+CrashOnOutOfMemoryError -XX:+HeapDumpOnOutOfMemoryError
2025-01-30 18:15:39,538 INFO c.h.h.t.HelmChartContainer - [test-hivemq-platform] [hivemq] [e1fa1cbd] 
2025-01-30 18:15:39,538 INFO c.h.h.t.HelmChartContainer - [test-hivemq-platform] [hivemq] [e1fa1cbd]   JAVA_VERSION: 21
2025-01-30 18:15:39,538 INFO c.h.h.t.HelmChartContainer - [test-hivemq-platform] [hivemq] [e1fa1cbd] 
2025-01-30 18:15:39,538 INFO c.h.h.t.HelmChartContainer - [test-hivemq-platform] [hivemq] [e1fa1cbd] -------------------------------------------------------------------------
2025-01-30 18:15:39,538 INFO c.h.h.t.HelmChartContainer - [test-hivemq-platform] [hivemq] [e1fa1cbd] 
2025-01-30 18:15:40,427 INFO c.h.h.t.HelmChartContainer - [test-hivemq-platform] [hivemq] [e1fa1cbd] INFO  - [HiveMQ Platform Operator Init App 1.7.0-SNAPSHOT] Returning default Health API response 503 for readiness
2025-01-30 18:15:40,832 INFO c.h.h.t.HelmChartContainer - [EVENT] Warning [Unhealthy] Readiness probe failed: HTTP probe failed with statuscode: 503 [helmmqttit:test-hivemq-platform-0]
2025-01-30 18:15:40,832 INFO c.h.h.t.HelmChartContainer - Received Unhealthy event for container hivemq in pod test-hivemq-platform-0 [e1fa1cbd-71e9-4830-8237-101c73dcb8a2]
2025-01-30 18:15:42,135 INFO c.h.h.t.HelmChartContainer - [test-hivemq-platform] [hivemq] [e1fa1cbd] INFO  - Starting HiveMQ Enterprise Server
2025-01-30 18:15:42,221 INFO c.h.h.t.HelmChartContainer - [test-hivemq-platform] [hivemq] [e1fa1cbd] INFO  - HiveMQ version: 4.36.0
2025-01-30 18:15:42,221 INFO c.h.h.t.HelmChartContainer - [test-hivemq-platform] [hivemq] [e1fa1cbd] INFO  - HiveMQ home directory: /opt/hivemq
2025-01-30 18:15:42,221 INFO c.h.h.t.HelmChartContainer - [test-hivemq-platform] [hivemq] [e1fa1cbd] INFO  - Log Configuration was overridden by /opt/hivemq/conf/logback.xml
2025-01-30 18:15:43,523 INFO c.h.h.t.HelmChartContainer - [test-hivemq-platform] [hivemq] [e1fa1cbd] INFO  - Successfully loaded configuration from '/opt/hivemq/conf-k8s/config.xml'.
2025-01-30 18:15:44,230 INFO c.h.h.t.HelmChartContainer - [test-hivemq-platform] [hivemq] [e1fa1cbd] INFO  - This node's ID is iyS61
2025-01-30 18:15:44,230 INFO c.h.h.t.HelmChartContainer - [test-hivemq-platform] [hivemq] [e1fa1cbd] INFO  - Clustering is enabled
2025-01-30 18:15:44,456 INFO c.h.h.t.HelmChartContainer - [hivemq-test-hivemq-platform] [hivemq-platform-operator] [db503ef7] 18:15:44.455 [pool-6-thread-6] DEBUG c.h.p.o.d.PlatformServiceResource - [helmmqtt] Desired Platform services (2 services)
2025-01-30 18:15:44,459 INFO c.h.h.t.HelmChartContainer - [hivemq-test-hivemq-platform] [hivemq-platform-operator] [db503ef7] 18:15:44.457 [pool-6-thread-3] DEBUG c.h.p.o.dependants.PodInfoConfigMap - [helmmqtt] Desired PodInfo ConfigMap (1 extensions) (1 enabled)
2025-01-30 18:15:44,460 INFO c.h.h.t.HelmChartContainer - [hivemq-test-hivemq-platform] [hivemq-platform-operator] [db503ef7] 18:15:44.457 [pool-6-thread-3] DEBUG c.h.p.o.dependants.PodInfoConfigMap - [helmmqtt] Desired PodInfo ConfigMap (metrics port: 9399) (metrics path: /)
2025-01-30 18:15:44,460 INFO c.h.h.t.HelmChartContainer - [hivemq-test-hivemq-platform] [hivemq-platform-operator] [db503ef7] 18:15:44.457 [pool-6-thread-3] DEBUG c.h.p.o.dependants.PodInfoConfigMap - [helmmqtt] Desired PodInfo ConfigMap (extension state hash: -1817474005)
2025-01-30 18:15:44,460 INFO c.h.h.t.HelmChartContainer - [hivemq-test-hivemq-platform] [hivemq-platform-operator] [db503ef7] 18:15:44.458 [pool-6-thread-2] DEBUG c.h.p.o.d.PodServiceAccountResource - [helmmqtt] Desired PodServiceAccountResource (serviceAccountName: hivemq-platform-pod-test-hivemq-platform)
2025-01-30 18:15:44,465 INFO c.h.h.t.HelmChartContainer - [hivemq-test-hivemq-platform] [hivemq-platform-operator] [db503ef7] 18:15:44.464 [pool-6-thread-6] DEBUG c.h.p.o.d.StatefulSetResource - [helmmqtt] Desired StatefulSet (1 replicas) for status STARTING (READY)
2025-01-30 18:15:44,471 INFO c.h.h.t.HelmChartContainer - [hivemq-test-hivemq-platform] [hivemq-platform-operator] [db503ef7] 18:15:44.469 [ReconcilerExecutor-hivemq-controller-108] INFO  c.h.p.o.HiveMQPlatformReconciler - [helmmqtt] Reconciling HiveMQ Platform 'test-hivemq-platform' in namespace 'helmmqttit'
2025-01-30 18:15:44,471 INFO c.h.h.t.HelmChartContainer - [hivemq-test-hivemq-platform] [hivemq-platform-operator] [db503ef7] 18:15:44.469 [ReconcilerExecutor-hivemq-controller-108] DEBUG c.h.p.o.HiveMQPlatformReconciler - [helmmqtt] Custom Resource Status STARTING - HiveMQ Platform is starting (READY)
2025-01-30 18:15:44,471 INFO c.h.h.t.HelmChartContainer - [hivemq-test-hivemq-platform] [hivemq-platform-operator] [db503ef7] 18:15:44.469 [ReconcilerExecutor-hivemq-controller-108] DEBUG c.h.p.o.HiveMQPlatformReconciler - [helmmqtt] Custom Resource Spec (replicas: 1) (extensions: 1)
2025-01-30 18:15:44,472 INFO c.h.h.t.HelmChartContainer - [hivemq-test-hivemq-platform] [hivemq-platform-operator] [db503ef7] 18:15:44.471 [ReconcilerExecutor-hivemq-controller-108] DEBUG c.h.p.o.HiveMQPlatformReconciler - [helmmqtt] StatefulSet Status (revision: test-hivemq-platform-7bbc5894fb, replicas: 1, available: 0, ready: 0, current: 1, updated: 1)
2025-01-30 18:15:44,472 INFO c.h.h.t.HelmChartContainer - [hivemq-test-hivemq-platform] [hivemq-platform-operator] [db503ef7] 18:15:44.471 [ReconcilerExecutor-hivemq-controller-108] DEBUG c.h.p.o.HiveMQPlatformReconciler - [helmmqtt] StatefulSet Spec (replicas: 1, init containers: 1, containers: 1, volumes: 3)
2025-01-30 18:15:44,543 INFO c.h.h.t.HelmChartContainer - [hivemq-test-hivemq-platform] [hivemq-platform-operator] [db503ef7] 18:15:44.542 [ReconcilerExecutor-hivemq-controller-108] DEBUG c.h.p.o.h.HiveMQPlatformReconcilerErrorHandler - [helmmqtt] Pod 'test-hivemq-platform-0' phase Running
2025-01-30 18:15:44,545 INFO c.h.h.t.HelmChartContainer - [hivemq-test-hivemq-platform] [hivemq-platform-operator] [db503ef7] 18:15:44.544 [ReconcilerExecutor-hivemq-controller-108] INFO  c.h.p.o.h.HiveMQPlatformReconcilerBaseHandler - [helmmqtt] HiveMQ Platform is starting, 0 of 1 replicas are ready
2025-01-30 18:15:45,822 INFO c.h.h.t.HelmChartContainer - [test-hivemq-platform] [hivemq] [e1fa1cbd] WARN  - [HiveMQ Platform Operator Init App 1.7.0-SNAPSHOT] Cannot connect to Health API for readiness: null
2025-01-30 18:15:45,827 INFO c.h.h.t.HelmChartContainer - [EVENT] Warning [Unhealthy] Readiness probe failed: HTTP probe failed with statuscode: 503 [helmmqttit:test-hivemq-platform-0]
2025-01-30 18:15:45,828 INFO c.h.h.t.HelmChartContainer - Received Unhealthy event for container hivemq in pod test-hivemq-platform-0 [e1fa1cbd-71e9-4830-8237-101c73dcb8a2]
2025-01-30 18:15:48,723 INFO c.h.h.t.HelmChartContainer - [test-hivemq-platform] [hivemq] [e1fa1cbd] Jan 30, 2025 6:15:48 PM io.vertx.core.impl.BlockedThreadChecker
2025-01-30 18:15:48,723 INFO c.h.h.t.HelmChartContainer - [test-hivemq-platform] [hivemq] [e1fa1cbd] WARNING: Thread Thread[vert.x-eventloop-thread-1,5,main] has been blocked for 2463 ms, time limit is 2000 ms
2025-01-30 18:15:48,821 INFO c.h.h.t.HelmChartContainer - [test-hivemq-platform] [hivemq] [e1fa1cbd] INFO  - [HiveMQ Platform Operator Init App 1.7.0-SNAPSHOT] Updating Pod HiveMQ Platform Operator Init App version annotation (version: 1.7.0-SNAPSHOT)
2025-01-30 18:15:49,633 INFO c.h.h.t.HelmChartContainer - [POD] test-hivemq-platform-0 [e1fa1cbd-71e9-4830-8237-101c73dcb8a2] in helmmqttit was MODIFIED
2025-01-30 18:15:49,642 INFO c.h.h.t.HelmChartContainer - [hivemq-test-hivemq-platform] [hivemq-platform-operator] [db503ef7] 18:15:49.640 [pool-6-thread-15] DEBUG c.h.p.o.d.PlatformServiceResource - [helmmqtt] Desired Platform services (2 services)
2025-01-30 18:15:49,645 INFO c.h.h.t.HelmChartContainer - [hivemq-test-hivemq-platform] [hivemq-platform-operator] [db503ef7] 18:15:49.641 [pool-6-thread-16] DEBUG c.h.p.o.d.PodServiceAccountResource - [helmmqtt] Desired PodServiceAccountResource (serviceAccountName: hivemq-platform-pod-test-hivemq-platform)
2025-01-30 18:15:49,646 INFO c.h.h.t.HelmChartContainer - [hivemq-test-hivemq-platform] [hivemq-platform-operator] [db503ef7] 18:15:49.643 [pool-6-thread-17] DEBUG c.h.p.o.dependants.PodInfoConfigMap - [helmmqtt] Desired PodInfo ConfigMap (1 extensions) (1 enabled)
2025-01-30 18:15:49,647 INFO c.h.h.t.HelmChartContainer - [hivemq-test-hivemq-platform] [hivemq-platform-operator] [db503ef7] 18:15:49.644 [pool-6-thread-17] DEBUG c.h.p.o.dependants.PodInfoConfigMap - [helmmqtt] Desired PodInfo ConfigMap (metrics port: 9399) (metrics path: /)
2025-01-30 18:15:49,647 INFO c.h.h.t.HelmChartContainer - [hivemq-test-hivemq-platform] [hivemq-platform-operator] [db503ef7] 18:15:49.644 [pool-6-thread-17] DEBUG c.h.p.o.dependants.PodInfoConfigMap - [helmmqtt] Desired PodInfo ConfigMap (extension state hash: -1817474005)
2025-01-30 18:15:49,650 INFO c.h.h.t.HelmChartContainer - [hivemq-test-hivemq-platform] [hivemq-platform-operator] [db503ef7] 18:15:49.648 [pool-6-thread-15] DEBUG c.h.p.o.d.StatefulSetResource - [helmmqtt] Desired StatefulSet (1 replicas) for status STARTING (READY)
2025-01-30 18:15:49,653 INFO c.h.h.t.HelmChartContainer - [hivemq-test-hivemq-platform] [hivemq-platform-operator] [db503ef7] 18:15:49.652 [ReconcilerExecutor-hivemq-controller-109] INFO  c.h.p.o.HiveMQPlatformReconciler - [helmmqtt] Reconciling HiveMQ Platform 'test-hivemq-platform' in namespace 'helmmqttit'
2025-01-30 18:15:49,654 INFO c.h.h.t.HelmChartContainer - [hivemq-test-hivemq-platform] [hivemq-platform-operator] [db503ef7] 18:15:49.652 [ReconcilerExecutor-hivemq-controller-109] DEBUG c.h.p.o.HiveMQPlatformReconciler - [helmmqtt] Custom Resource Status STARTING - HiveMQ Platform is starting (READY)
2025-01-30 18:15:49,654 INFO c.h.h.t.HelmChartContainer - [hivemq-test-hivemq-platform] [hivemq-platform-operator] [db503ef7] 18:15:49.652 [ReconcilerExecutor-hivemq-controller-109] DEBUG c.h.p.o.HiveMQPlatformReconciler - [helmmqtt] Custom Resource Spec (replicas: 1) (extensions: 1)
2025-01-30 18:15:49,655 INFO c.h.h.t.HelmChartContainer - [hivemq-test-hivemq-platform] [hivemq-platform-operator] [db503ef7] 18:15:49.654 [ReconcilerExecutor-hivemq-controller-109] DEBUG c.h.p.o.HiveMQPlatformReconciler - [helmmqtt] StatefulSet Status (revision: test-hivemq-platform-7bbc5894fb, replicas: 1, available: 0, ready: 0, current: 1, updated: 1)
2025-01-30 18:15:49,655 INFO c.h.h.t.HelmChartContainer - [hivemq-test-hivemq-platform] [hivemq-platform-operator] [db503ef7] 18:15:49.654 [ReconcilerExecutor-hivemq-controller-109] DEBUG c.h.p.o.HiveMQPlatformReconciler - [helmmqtt] StatefulSet Spec (replicas: 1, init containers: 1, containers: 1, volumes: 3)
2025-01-30 18:15:49,724 INFO c.h.h.t.HelmChartContainer - [test-hivemq-platform] [hivemq] [e1fa1cbd] WARN  - [HiveMQ Platform Operator Init App 1.7.0-SNAPSHOT] Cannot connect to Health API for readiness: null
2025-01-30 18:15:49,728 INFO c.h.h.t.HelmChartContainer - [test-hivemq-platform] [hivemq] [e1fa1cbd] INFO  - [HiveMQ Platform Operator Init App 1.7.0-SNAPSHOT] Successfully updated Pod HiveMQ Platform Operator Init App version annotation (version: 1.7.0-SNAPSHOT)
2025-01-30 18:15:49,731 INFO c.h.h.t.HelmChartContainer - [EVENT] Warning [Unhealthy] Readiness probe failed: HTTP probe failed with statuscode: 503 [helmmqttit:test-hivemq-platform-0]
2025-01-30 18:15:49,731 INFO c.h.h.t.HelmChartContainer - Received Unhealthy event for container hivemq in pod test-hivemq-platform-0 [e1fa1cbd-71e9-4830-8237-101c73dcb8a2]
2025-01-30 18:15:49,784 INFO c.h.h.t.HelmChartContainer - [hivemq-test-hivemq-platform] [hivemq-platform-operator] [db503ef7] 18:15:49.736 [ReconcilerExecutor-hivemq-controller-109] DEBUG c.h.p.o.h.HiveMQPlatformReconcilerErrorHandler - [helmmqtt] Pod 'test-hivemq-platform-0' phase Running
2025-01-30 18:15:49,785 INFO c.h.h.t.HelmChartContainer - [hivemq-test-hivemq-platform] [hivemq-platform-operator] [db503ef7] 18:15:49.741 [ReconcilerExecutor-hivemq-controller-109] INFO  c.h.p.o.h.HiveMQPlatformReconcilerBaseHandler - [helmmqtt] HiveMQ Platform is starting, 0 of 1 replicas are ready
2025-01-30 18:15:54,638 INFO c.h.h.t.HelmChartContainer - [test-hivemq-platform] [hivemq] [e1fa1cbd] WARN  - [HiveMQ Platform Operator Init App 1.7.0-SNAPSHOT] Cannot connect to Health API for readiness: null
2025-01-30 18:15:54,642 INFO c.h.h.t.HelmChartContainer - [EVENT] Warning [Unhealthy] Readiness probe failed: HTTP probe failed with statuscode: 503 [helmmqttit:test-hivemq-platform-0]
2025-01-30 18:15:54,642 INFO c.h.h.t.HelmChartContainer - Received Unhealthy event for container hivemq in pod test-hivemq-platform-0 [e1fa1cbd-71e9-4830-8237-101c73dcb8a2]
2025-01-30 18:15:59,718 INFO c.h.h.t.HelmChartContainer - [test-hivemq-platform] [hivemq] [e1fa1cbd] WARN  - [HiveMQ Platform Operator Init App 1.7.0-SNAPSHOT] Cannot connect to Health API for readiness: null
2025-01-30 18:15:59,725 INFO c.h.h.t.HelmChartContainer - [EVENT] Warning [Unhealthy] Readiness probe failed: HTTP probe failed with statuscode: 503 [helmmqttit:test-hivemq-platform-0]
2025-01-30 18:15:59,725 INFO c.h.h.t.HelmChartContainer - Received Unhealthy event for container hivemq in pod test-hivemq-platform-0 [e1fa1cbd-71e9-4830-8237-101c73dcb8a2]
2025-01-30 18:15:59,747 INFO c.h.h.t.HelmChartContainer - [hivemq-test-hivemq-platform] [hivemq-platform-operator] [db503ef7] 18:15:59.746 [pool-6-thread-22] DEBUG c.h.p.o.d.PlatformServiceResource - [helmmqtt] Desired Platform services (2 services)
2025-01-30 18:15:59,749 INFO c.h.h.t.HelmChartContainer - [hivemq-test-hivemq-platform] [hivemq-platform-operator] [db503ef7] 18:15:59.747 [pool-6-thread-27] DEBUG c.h.p.o.dependants.PodInfoConfigMap - [helmmqtt] Desired PodInfo ConfigMap (1 extensions) (1 enabled)
2025-01-30 18:15:59,749 INFO c.h.h.t.HelmChartContainer - [hivemq-test-hivemq-platform] [hivemq-platform-operator] [db503ef7] 18:15:59.747 [pool-6-thread-27] DEBUG c.h.p.o.dependants.PodInfoConfigMap - [helmmqtt] Desired PodInfo ConfigMap (metrics port: 9399) (metrics path: /)
2025-01-30 18:15:59,749 INFO c.h.h.t.HelmChartContainer - [hivemq-test-hivemq-platform] [hivemq-platform-operator] [db503ef7] 18:15:59.747 [pool-6-thread-27] DEBUG c.h.p.o.dependants.PodInfoConfigMap - [helmmqtt] Desired PodInfo ConfigMap (extension state hash: -1817474005)
2025-01-30 18:15:59,750 INFO c.h.h.t.HelmChartContainer - [hivemq-test-hivemq-platform] [hivemq-platform-operator] [db503ef7] 18:15:59.748 [pool-6-thread-23] DEBUG c.h.p.o.d.PodServiceAccountResource - [helmmqtt] Desired PodServiceAccountResource (serviceAccountName: hivemq-platform-pod-test-hivemq-platform)
2025-01-30 18:15:59,756 INFO c.h.h.t.HelmChartContainer - [hivemq-test-hivemq-platform] [hivemq-platform-operator] [db503ef7] 18:15:59.755 [pool-6-thread-22] DEBUG c.h.p.o.d.StatefulSetResource - [helmmqtt] Desired StatefulSet (1 replicas) for status STARTING (READY)
2025-01-30 18:15:59,760 INFO c.h.h.t.HelmChartContainer - [hivemq-test-hivemq-platform] [hivemq-platform-operator] [db503ef7] 18:15:59.759 [ReconcilerExecutor-hivemq-controller-110] INFO  c.h.p.o.HiveMQPlatformReconciler - [helmmqtt] Reconciling HiveMQ Platform 'test-hivemq-platform' in namespace 'helmmqttit'
2025-01-30 18:15:59,760 INFO c.h.h.t.HelmChartContainer - [hivemq-test-hivemq-platform] [hivemq-platform-operator] [db503ef7] 18:15:59.759 [ReconcilerExecutor-hivemq-controller-110] DEBUG c.h.p.o.HiveMQPlatformReconciler - [helmmqtt] Custom Resource Status STARTING - HiveMQ Platform is starting (READY)
2025-01-30 18:15:59,760 INFO c.h.h.t.HelmChartContainer - [hivemq-test-hivemq-platform] [hivemq-platform-operator] [db503ef7] 18:15:59.759 [ReconcilerExecutor-hivemq-controller-110] DEBUG c.h.p.o.HiveMQPlatformReconciler - [helmmqtt] Custom Resource Spec (replicas: 1) (extensions: 1)
2025-01-30 18:15:59,761 INFO c.h.h.t.HelmChartContainer - [hivemq-test-hivemq-platform] [hivemq-platform-operator] [db503ef7] 18:15:59.760 [ReconcilerExecutor-hivemq-controller-110] DEBUG c.h.p.o.HiveMQPlatformReconciler - [helmmqtt] StatefulSet Status (revision: test-hivemq-platform-7bbc5894fb, replicas: 1, available: 0, ready: 0, current: 1, updated: 1)
2025-01-30 18:15:59,762 INFO c.h.h.t.HelmChartContainer - [hivemq-test-hivemq-platform] [hivemq-platform-operator] [db503ef7] 18:15:59.760 [ReconcilerExecutor-hivemq-controller-110] DEBUG c.h.p.o.HiveMQPlatformReconciler - [helmmqtt] StatefulSet Spec (replicas: 1, init containers: 1, containers: 1, volumes: 3)
2025-01-30 18:15:59,763 INFO c.h.h.t.HelmChartContainer - [hivemq-test-hivemq-platform] [hivemq-platform-operator] [db503ef7] 18:15:59.762 [ReconcilerExecutor-hivemq-controller-110] DEBUG c.h.p.o.h.HiveMQPlatformReconcilerErrorHandler - [helmmqtt] Pod 'test-hivemq-platform-0' phase Running
2025-01-30 18:15:59,763 INFO c.h.h.t.HelmChartContainer - [hivemq-test-hivemq-platform] [hivemq-platform-operator] [db503ef7] 18:15:59.762 [ReconcilerExecutor-hivemq-controller-110] INFO  c.h.p.o.h.HiveMQPlatformReconcilerBaseHandler - [helmmqtt] HiveMQ Platform is starting, 0 of 1 replicas are ready
2025-01-30 18:16:01,921 INFO c.h.h.t.HelmChartContainer - [test-hivemq-platform] [hivemq] [e1fa1cbd] WARN  - [HiveMQ Platform Operator Init App 1.7.0-SNAPSHOT] Cannot connect to Health API for liveness: null
2025-01-30 18:16:01,922 INFO c.h.h.t.HelmChartContainer - [test-hivemq-platform] [hivemq] [e1fa1cbd] INFO  - [HiveMQ Platform Operator Init App 1.7.0-SNAPSHOT] Returning default Health API response 200 for liveness
2025-01-30 18:16:02,225 INFO c.h.h.t.HelmChartContainer - [test-hivemq-platform] [hivemq] [e1fa1cbd] INFO  - No valid license file found. Using trial license, restricted to 25 connections.
2025-01-30 18:16:04,636 INFO c.h.h.t.HelmChartContainer - [test-hivemq-platform] [hivemq] [e1fa1cbd] WARN  - [HiveMQ Platform Operator Init App 1.7.0-SNAPSHOT] Cannot connect to Health API for readiness: null
2025-01-30 18:16:04,642 INFO c.h.h.t.HelmChartContainer - [EVENT] Warning [Unhealthy] Readiness probe failed: HTTP probe failed with statuscode: 503 [helmmqttit:test-hivemq-platform-0]
2025-01-30 18:16:04,642 INFO c.h.h.t.HelmChartContainer - Received Unhealthy event for container hivemq in pod test-hivemq-platform-0 [e1fa1cbd-71e9-4830-8237-101c73dcb8a2]
2025-01-30 18:16:05,719 INFO c.h.h.t.HelmChartContainer - [test-hivemq-platform] [hivemq] [e1fa1cbd] INFO  - No valid license file for Data Hub found. Using free license, restricted to 1 policy.
2025-01-30 18:16:06,920 INFO c.h.h.t.HelmChartContainer - [test-hivemq-platform] [hivemq] [e1fa1cbd] INFO  - Audit Logger started.
2025-01-30 18:16:07,155 INFO c.h.h.t.HelmChartContainer - [test-hivemq-platform] [hivemq] [e1fa1cbd] INFO  - This node uses '1' CPU cores.
2025-01-30 18:16:07,159 INFO c.h.h.t.HelmChartContainer - [test-hivemq-platform] [hivemq] [e1fa1cbd] INFO  - Starting HiveMQ Health API on address 0.0.0.0 and port 8889
2025-01-30 18:16:07,927 INFO c.h.h.t.HelmChartContainer - [test-hivemq-platform] [hivemq] [e1fa1cbd] INFO  - Started HiveMQ Health API in 768ms
2025-01-30 18:16:08,519 INFO c.h.h.t.HelmChartContainer - [test-hivemq-platform] [hivemq] [e1fa1cbd] INFO  - Starting HiveMQ extension system.
2025-01-30 18:16:08,722 INFO c.h.h.t.HelmChartContainer - [test-hivemq-platform] [hivemq] [e1fa1cbd] INFO  - Starting extension with id "hivemq-dns-cluster-discovery" at /opt/hivemq/extensions/hivemq-dns-cluster-discovery
2025-01-30 18:16:09,222 INFO c.h.h.t.HelmChartContainer - [test-hivemq-platform] [hivemq] [e1fa1cbd] INFO  - Extension "DNS Cluster Discovery Extension" version 4.3.2 started successfully.
2025-01-30 18:16:09,222 INFO c.h.h.t.HelmChartContainer - [test-hivemq-platform] [hivemq] [e1fa1cbd] INFO  - Starting extension with id "hivemq-prometheus-extension" at /opt/hivemq/extensions/hivemq-prometheus-extension
2025-01-30 18:16:09,230 INFO c.h.h.t.HelmChartContainer - [test-hivemq-platform] [hivemq] [e1fa1cbd] INFO  - Using TCP cluster transport on address 10.42.0.8 and port 7000
2025-01-30 18:16:09,320 INFO c.h.h.t.HelmChartContainer - [test-hivemq-platform] [hivemq] [e1fa1cbd] INFO  - Using extension cluster discovery
2025-01-30 18:16:09,770 INFO c.h.h.t.HelmChartContainer - [hivemq-test-hivemq-platform] [hivemq-platform-operator] [db503ef7] 18:16:09.767 [pool-6-thread-32] DEBUG c.h.p.o.d.PlatformServiceResource - [helmmqtt] Desired Platform services (2 services)
2025-01-30 18:16:09,771 INFO c.h.h.t.HelmChartContainer - [hivemq-test-hivemq-platform] [hivemq-platform-operator] [db503ef7] 18:16:09.768 [pool-6-thread-36] DEBUG c.h.p.o.dependants.PodInfoConfigMap - [helmmqtt] Desired PodInfo ConfigMap (1 extensions) (1 enabled)
2025-01-30 18:16:09,771 INFO c.h.h.t.HelmChartContainer - [hivemq-test-hivemq-platform] [hivemq-platform-operator] [db503ef7] 18:16:09.769 [pool-6-thread-33] DEBUG c.h.p.o.d.PodServiceAccountResource - [helmmqtt] Desired PodServiceAccountResource (serviceAccountName: hivemq-platform-pod-test-hivemq-platform)
2025-01-30 18:16:09,771 INFO c.h.h.t.HelmChartContainer - [hivemq-test-hivemq-platform] [hivemq-platform-operator] [db503ef7] 18:16:09.770 [pool-6-thread-36] DEBUG c.h.p.o.dependants.PodInfoConfigMap - [helmmqtt] Desired PodInfo ConfigMap (metrics port: 9399) (metrics path: /)
2025-01-30 18:16:09,772 INFO c.h.h.t.HelmChartContainer - [hivemq-test-hivemq-platform] [hivemq-platform-operator] [db503ef7] 18:16:09.771 [pool-6-thread-36] DEBUG c.h.p.o.dependants.PodInfoConfigMap - [helmmqtt] Desired PodInfo ConfigMap (extension state hash: -1817474005)
2025-01-30 18:16:09,773 INFO c.h.h.t.HelmChartContainer - [hivemq-test-hivemq-platform] [hivemq-platform-operator] [db503ef7] 18:16:09.773 [pool-6-thread-36] DEBUG c.h.p.o.d.StatefulSetResource - [helmmqtt] Desired StatefulSet (1 replicas) for status STARTING (READY)
2025-01-30 18:16:09,776 INFO c.h.h.t.HelmChartContainer - [hivemq-test-hivemq-platform] [hivemq-platform-operator] [db503ef7] 18:16:09.776 [ReconcilerExecutor-hivemq-controller-111] INFO  c.h.p.o.HiveMQPlatformReconciler - [helmmqtt] Reconciling HiveMQ Platform 'test-hivemq-platform' in namespace 'helmmqttit'
2025-01-30 18:16:09,777 INFO c.h.h.t.HelmChartContainer - [hivemq-test-hivemq-platform] [hivemq-platform-operator] [db503ef7] 18:16:09.776 [ReconcilerExecutor-hivemq-controller-111] DEBUG c.h.p.o.HiveMQPlatformReconciler - [helmmqtt] Custom Resource Status STARTING - HiveMQ Platform is starting (READY)
2025-01-30 18:16:09,779 INFO c.h.h.t.HelmChartContainer - [hivemq-test-hivemq-platform] [hivemq-platform-operator] [db503ef7] 18:16:09.776 [ReconcilerExecutor-hivemq-controller-111] DEBUG c.h.p.o.HiveMQPlatformReconciler - [helmmqtt] Custom Resource Spec (replicas: 1) (extensions: 1)
2025-01-30 18:16:09,779 INFO c.h.h.t.HelmChartContainer - [hivemq-test-hivemq-platform] [hivemq-platform-operator] [db503ef7] 18:16:09.778 [ReconcilerExecutor-hivemq-controller-111] DEBUG c.h.p.o.HiveMQPlatformReconciler - [helmmqtt] StatefulSet Status (revision: test-hivemq-platform-7bbc5894fb, replicas: 1, available: 0, ready: 0, current: 1, updated: 1)
2025-01-30 18:16:09,780 INFO c.h.h.t.HelmChartContainer - [hivemq-test-hivemq-platform] [hivemq-platform-operator] [db503ef7] 18:16:09.778 [ReconcilerExecutor-hivemq-controller-111] DEBUG c.h.p.o.HiveMQPlatformReconciler - [helmmqtt] StatefulSet Spec (replicas: 1, init containers: 1, containers: 1, volumes: 3)
2025-01-30 18:16:09,783 INFO c.h.h.t.HelmChartContainer - [hivemq-test-hivemq-platform] [hivemq-platform-operator] [db503ef7] 18:16:09.781 [ReconcilerExecutor-hivemq-controller-111] DEBUG c.h.p.o.h.HiveMQPlatformReconcilerErrorHandler - [helmmqtt] Pod 'test-hivemq-platform-0' phase Running
2025-01-30 18:16:09,783 INFO c.h.h.t.HelmChartContainer - [hivemq-test-hivemq-platform] [hivemq-platform-operator] [db503ef7] 18:16:09.781 [ReconcilerExecutor-hivemq-controller-111] INFO  c.h.p.o.h.HiveMQPlatformReconcilerBaseHandler - [helmmqtt] HiveMQ Platform is starting, 0 of 1 replicas are ready
2025-01-30 18:16:10,523 INFO c.h.h.t.HelmChartContainer - [test-hivemq-platform] [hivemq] [e1fa1cbd] INFO  - Started Jetty Server exposing Prometheus Servlet on URI http://0.0.0.0:9399/
2025-01-30 18:16:10,524 INFO c.h.h.t.HelmChartContainer - [test-hivemq-platform] [hivemq] [e1fa1cbd] INFO  - Extension "Prometheus Monitoring Extension" version 4.0.12 started successfully.
2025-01-30 18:16:10,525 INFO c.h.h.t.HelmChartContainer - [test-hivemq-platform] [hivemq] [e1fa1cbd] INFO  - Starting extension with id "hivemq-allow-all-extension" at /opt/hivemq/extensions/hivemq-allow-all-extension
2025-01-30 18:16:10,526 INFO c.h.h.t.HelmChartContainer - [test-hivemq-platform] [hivemq] [e1fa1cbd] WARN  - 
2025-01-30 18:16:10,526 INFO c.h.h.t.HelmChartContainer - [test-hivemq-platform] [hivemq] [e1fa1cbd] ################################################################################################################
2025-01-30 18:16:10,526 INFO c.h.h.t.HelmChartContainer - [test-hivemq-platform] [hivemq] [e1fa1cbd] # This HiveMQ deployment is not secure! You are lacking Authentication and Authorization.                      #
2025-01-30 18:16:10,526 INFO c.h.h.t.HelmChartContainer - [test-hivemq-platform] [hivemq] [e1fa1cbd] # Right now any MQTT client can connect to the broker with a full set of permissions.                          #
2025-01-30 18:16:10,526 INFO c.h.h.t.HelmChartContainer - [test-hivemq-platform] [hivemq] [e1fa1cbd] # For production usage, add an appropriate security extension and remove the hivemq-allow-all extension.       #
2025-01-30 18:16:10,526 INFO c.h.h.t.HelmChartContainer - [test-hivemq-platform] [hivemq] [e1fa1cbd] # You can download security extensions from the HiveMQ Marketplace (https://www.hivemq.com/extensions/).       #
2025-01-30 18:16:10,526 INFO c.h.h.t.HelmChartContainer - [test-hivemq-platform] [hivemq] [e1fa1cbd] ################################################################################################################
2025-01-30 18:16:10,526 INFO c.h.h.t.HelmChartContainer - [test-hivemq-platform] [hivemq] [e1fa1cbd] INFO  - Extension "Allow All Extension" version 1.1.1 started successfully.
2025-01-30 18:16:10,676 INFO c.h.h.t.HelmChartContainer - [EVENT] Warning [Unhealthy] Readiness probe failed: Get "http://10.42.0.8:7979/readiness": context deadline exceeded (Client.Timeout exceeded while awaiting headers) [helmmqttit:test-hivemq-platform-0]
2025-01-30 18:16:10,676 INFO c.h.h.t.HelmChartContainer - Received Unhealthy event for container hivemq in pod test-hivemq-platform-0 [e1fa1cbd-71e9-4830-8237-101c73dcb8a2]
2025-01-30 18:16:10,829 INFO c.h.h.t.HelmChartContainer - [test-hivemq-platform] [hivemq] [e1fa1cbd] INFO  - [HiveMQ Platform Operator Init App 1.7.0-SNAPSHOT] Returning Health API response 503 for readiness
2025-01-30 18:16:12,532 INFO c.h.h.t.HelmChartContainer - [test-hivemq-platform] [hivemq] [e1fa1cbd] INFO  - iyS61: no members discovered after 2608 ms: creating cluster as first member
2025-01-30 18:16:12,538 INFO c.h.h.t.HelmChartContainer - [test-hivemq-platform] [hivemq] [e1fa1cbd] INFO  - Cluster nodes found by discovery: [iyS61|0] (1) [iyS61].
2025-01-30 18:16:12,555 INFO c.h.h.t.HelmChartContainer - [test-hivemq-platform] [hivemq] [e1fa1cbd] WARN  - No user for HiveMQ Control Center configured. Starting with default user
2025-01-30 18:16:12,556 INFO c.h.h.t.HelmChartContainer - [test-hivemq-platform] [hivemq] [e1fa1cbd] INFO  - Starting HiveMQ Control Center on address 127.0.0.1 and port 8080
2025-01-30 18:16:12,619 INFO c.h.h.t.HelmChartContainer - [test-hivemq-platform] [hivemq] [e1fa1cbd] INFO  - Mounting HiveMQ Control Center V2 Preview
2025-01-30 18:16:13,240 INFO c.h.h.t.HelmChartContainer - [test-hivemq-platform] [hivemq] [e1fa1cbd] INFO  - Started HiveMQ Control Center in 684ms
2025-01-30 18:16:13,330 INFO c.h.h.t.HelmChartContainer - [test-hivemq-platform] [hivemq] [e1fa1cbd] INFO  - Starting TCP listener on address 0.0.0.0 and port 1884
2025-01-30 18:16:13,346 INFO c.h.h.t.HelmChartContainer - [test-hivemq-platform] [hivemq] [e1fa1cbd] INFO  - Started TCP Listener on address 0.0.0.0 and on port 1884.
2025-01-30 18:16:13,346 INFO c.h.h.t.HelmChartContainer - [test-hivemq-platform] [hivemq] [e1fa1cbd] INFO  - Started HiveMQ in 31518ms
2025-01-30 18:16:14,637 INFO c.h.h.t.HelmChartContainer - [test-hivemq-platform] [hivemq] [e1fa1cbd] INFO  - [HiveMQ Platform Operator Init App 1.7.0-SNAPSHOT] Returning Health API response 200 for readiness
2025-01-30 18:16:14,647 INFO c.h.h.t.HelmChartContainer - [POD] test-hivemq-platform-0 [e1fa1cbd-71e9-4830-8237-101c73dcb8a2] in helmmqttit was MODIFIED
2025-01-30 18:16:14,663 INFO c.h.h.t.HelmChartContainer - [hivemq-test-hivemq-platform] [hivemq-platform-operator] [db503ef7] 18:16:14.657 [pool-6-thread-42] DEBUG c.h.p.o.d.PlatformServiceResource - [helmmqtt] Desired Platform services (2 services)
2025-01-30 18:16:14,663 INFO c.h.h.t.HelmChartContainer - [hivemq-test-hivemq-platform] [hivemq-platform-operator] [db503ef7] 18:16:14.659 [pool-6-thread-45] DEBUG c.h.p.o.dependants.PodInfoConfigMap - [helmmqtt] Desired PodInfo ConfigMap (1 extensions) (1 enabled)
2025-01-30 18:16:14,663 INFO c.h.h.t.HelmChartContainer - [hivemq-test-hivemq-platform] [hivemq-platform-operator] [db503ef7] 18:16:14.661 [pool-6-thread-45] DEBUG c.h.p.o.dependants.PodInfoConfigMap - [helmmqtt] Desired PodInfo ConfigMap (metrics port: 9399) (metrics path: /)
2025-01-30 18:16:14,663 INFO c.h.h.t.HelmChartContainer - [hivemq-test-hivemq-platform] [hivemq-platform-operator] [db503ef7] 18:16:14.660 [pool-6-thread-43] DEBUG c.h.p.o.d.PodServiceAccountResource - [helmmqtt] Desired PodServiceAccountResource (serviceAccountName: hivemq-platform-pod-test-hivemq-platform)
2025-01-30 18:16:14,663 INFO c.h.h.t.HelmChartContainer - [hivemq-test-hivemq-platform] [hivemq-platform-operator] [db503ef7] 18:16:14.661 [pool-6-thread-45] DEBUG c.h.p.o.dependants.PodInfoConfigMap - [helmmqtt] Desired PodInfo ConfigMap (extension state hash: -1817474005)
2025-01-30 18:16:14,665 INFO c.h.h.t.HelmChartContainer - [hivemq-test-hivemq-platform] [hivemq-platform-operator] [db503ef7] 18:16:14.664 [pool-6-thread-42] DEBUG c.h.p.o.d.StatefulSetResource - [helmmqtt] Desired StatefulSet (1 replicas) for status STARTING (READY)
2025-01-30 18:16:14,748 INFO c.h.h.t.HelmChartContainer - [hivemq-test-hivemq-platform] [hivemq-platform-operator] [db503ef7] 18:16:14.746 [ReconcilerExecutor-hivemq-controller-112] INFO  c.h.p.o.HiveMQPlatformReconciler - [helmmqtt] Reconciling HiveMQ Platform 'test-hivemq-platform' in namespace 'helmmqttit'
2025-01-30 18:16:14,749 INFO c.h.h.t.HelmChartContainer - [hivemq-test-hivemq-platform] [hivemq-platform-operator] [db503ef7] 18:16:14.746 [ReconcilerExecutor-hivemq-controller-112] DEBUG c.h.p.o.HiveMQPlatformReconciler - [helmmqtt] Custom Resource Status STARTING - HiveMQ Platform is starting (READY)
2025-01-30 18:16:14,749 INFO c.h.h.t.HelmChartContainer - [hivemq-test-hivemq-platform] [hivemq-platform-operator] [db503ef7] 18:16:14.746 [ReconcilerExecutor-hivemq-controller-112] DEBUG c.h.p.o.HiveMQPlatformReconciler - [helmmqtt] Custom Resource Spec (replicas: 1) (extensions: 1)
2025-01-30 18:16:14,751 INFO c.h.h.t.HelmChartContainer - [hivemq-test-hivemq-platform] [hivemq-platform-operator] [db503ef7] 18:16:14.749 [ReconcilerExecutor-hivemq-controller-112] DEBUG c.h.p.o.HiveMQPlatformReconciler - [helmmqtt] StatefulSet Status (revision: test-hivemq-platform-7bbc5894fb, replicas: 1, available: 1, ready: 1, current: 1, updated: 1)
2025-01-30 18:16:14,753 INFO c.h.h.t.HelmChartContainer - [hivemq-test-hivemq-platform] [hivemq-platform-operator] [db503ef7] 18:16:14.750 [ReconcilerExecutor-hivemq-controller-112] DEBUG c.h.p.o.HiveMQPlatformReconciler - [helmmqtt] StatefulSet Spec (replicas: 1, init containers: 1, containers: 1, volumes: 3)
2025-01-30 18:16:14,754 INFO c.h.h.t.HelmChartContainer - [hivemq-test-hivemq-platform] [hivemq-platform-operator] [db503ef7] 18:16:14.752 [ReconcilerExecutor-hivemq-controller-112] DEBUG c.h.p.o.h.HiveMQPlatformReconcilerErrorHandler - [helmmqtt] Pod 'test-hivemq-platform-0' phase Running
2025-01-30 18:16:14,755 INFO c.h.h.t.HelmChartContainer - [hivemq-test-hivemq-platform] [hivemq-platform-operator] [db503ef7] 18:16:14.753 [ReconcilerExecutor-hivemq-controller-112] INFO  c.h.p.o.h.HiveMQPlatformReconcilerBaseHandler - [helmmqtt] HiveMQ Platform started successfully
2025-01-30 18:16:14,853 INFO c.h.h.t.HelmChartContainer - [hivemq-test-hivemq-platform] [hivemq-platform-operator] [db503ef7] 18:16:14.852 [ReconcilerExecutor-hivemq-controller-112] DEBUG c.h.p.operator.event.EventSender - [helmmqtt] Creating K8s event hivemq-platform-ready: [Ready] HiveMQ Platform is ready
2025-01-30 18:16:14,856 INFO c.h.h.t.HelmChartContainer - [EVENT] Normal [Ready] HiveMQ Platform is ready [helmmqttit:test-hivemq-platform]
2025-01-30 18:16:14,857 INFO c.h.h.t.HelmChartContainer - [hivemq-test-hivemq-platform] [hivemq-platform-operator] [db503ef7] 18:16:14.856 [ReconcilerExecutor-hivemq-controller-112] INFO  c.h.p.o.h.AbstractHiveMQReconcilerStateHandler - [helmmqtt] Update HiveMQ Platform Status (STARTING [READY] -> RUNNING [READY]): HiveMQ Platform is ready
2025-01-30 18:16:14,864 DEBUG com.hivemq.helmcharts.util.K8sUtil - Comparing actual state 'RUNNING' and waiting for 'RUNNING'
2025-01-30 18:16:14,867 INFO c.h.h.t.HelmChartContainer - [hivemq-test-hivemq-platform] [hivemq-platform-operator] [db503ef7] 18:16:14.866 [pool-6-thread-1] DEBUG c.h.p.o.d.PlatformServiceResource - [helmmqtt] Desired Platform services (2 services)
2025-01-30 18:16:14,869 INFO c.h.h.t.HelmChartContainer - [hivemq-test-hivemq-platform] [hivemq-platform-operator] [db503ef7] 18:16:14.868 [pool-6-thread-3] DEBUG c.h.p.o.dependants.PodInfoConfigMap - [helmmqtt] Desired PodInfo ConfigMap (1 extensions) (1 enabled)
2025-01-30 18:16:14,870 INFO c.h.h.t.HelmChartContainer - [hivemq-test-hivemq-platform] [hivemq-platform-operator] [db503ef7] 18:16:14.868 [pool-6-thread-3] DEBUG c.h.p.o.dependants.PodInfoConfigMap - [helmmqtt] Desired PodInfo ConfigMap (metrics port: 9399) (metrics path: /)
2025-01-30 18:16:14,871 INFO c.h.h.t.HelmChartContainer - [hivemq-test-hivemq-platform] [hivemq-platform-operator] [db503ef7] 18:16:14.868 [pool-6-thread-3] DEBUG c.h.p.o.dependants.PodInfoConfigMap - [helmmqtt] Desired PodInfo ConfigMap (extension state hash: -1817474005)
2025-01-30 18:16:14,945 INFO c.h.h.t.HelmChartContainer - [hivemq-test-hivemq-platform] [hivemq-platform-operator] [db503ef7] 18:16:14.870 [pool-6-thread-4] DEBUG c.h.p.o.d.PodServiceAccountResource - [helmmqtt] Desired PodServiceAccountResource (serviceAccountName: hivemq-platform-pod-test-hivemq-platform)
2025-01-30 18:16:14,946 INFO c.h.h.t.HelmChartContainer - [hivemq-test-hivemq-platform] [hivemq-platform-operator] [db503ef7] 18:16:14.944 [pool-6-thread-3] DEBUG c.h.p.o.dependants.PodInfoConfigMap - [helmmqtt] Update PodInfo ConfigMap
2025-01-30 18:16:14,956 INFO c.h.h.t.HelmChartContainer - [hivemq-test-hivemq-platform] [hivemq-platform-operator] [db503ef7] 18:16:14.955 [pool-6-thread-3] DEBUG c.h.p.o.d.StatefulSetResource - [helmmqtt] Desired StatefulSet (1 replicas) for status RUNNING (READY)
2025-01-30 18:16:15,042 INFO c.h.h.t.HelmChartContainer - [hivemq-test-hivemq-platform] [hivemq-platform-operator] [db503ef7] 18:16:15.041 [ReconcilerExecutor-hivemq-controller-113] INFO  c.h.p.o.HiveMQPlatformReconciler - [helmmqtt] Reconciling HiveMQ Platform 'test-hivemq-platform' in namespace 'helmmqttit'
2025-01-30 18:16:15,042 INFO c.h.h.t.HelmChartContainer - [hivemq-test-hivemq-platform] [hivemq-platform-operator] [db503ef7] 18:16:15.041 [ReconcilerExecutor-hivemq-controller-113] DEBUG c.h.p.o.HiveMQPlatformReconciler - [helmmqtt] Custom Resource Status RUNNING - HiveMQ Platform is ready (READY)
2025-01-30 18:16:15,042 INFO c.h.h.t.HelmChartContainer - [hivemq-test-hivemq-platform] [hivemq-platform-operator] [db503ef7] 18:16:15.041 [ReconcilerExecutor-hivemq-controller-113] DEBUG c.h.p.o.HiveMQPlatformReconciler - [helmmqtt] Custom Resource Spec (replicas: 1) (extensions: 1)
2025-01-30 18:16:15,046 INFO c.h.h.t.HelmChartContainer - [hivemq-test-hivemq-platform] [hivemq-platform-operator] [db503ef7] 18:16:15.043 [ReconcilerExecutor-hivemq-controller-113] DEBUG c.h.p.o.HiveMQPlatformReconciler - [helmmqtt] StatefulSet Status (revision: test-hivemq-platform-7bbc5894fb, replicas: 1, available: 1, ready: 1, current: 1, updated: 1)
2025-01-30 18:16:15,047 INFO c.h.h.t.HelmChartContainer - [hivemq-test-hivemq-platform] [hivemq-platform-operator] [db503ef7] 18:16:15.043 [ReconcilerExecutor-hivemq-controller-113] DEBUG c.h.p.o.HiveMQPlatformReconciler - [helmmqtt] StatefulSet Spec (replicas: 1, init containers: 1, containers: 1, volumes: 3)
2025-01-30 18:16:15,047 INFO c.h.h.t.HelmChartContainer - [hivemq-test-hivemq-platform] [hivemq-platform-operator] [db503ef7] 18:16:15.045 [ReconcilerExecutor-hivemq-controller-113] DEBUG c.h.p.o.h.HiveMQPlatformReconcilerErrorHandler - [helmmqtt] Pod 'test-hivemq-platform-0' phase Running
2025-01-30 18:16:19,857 INFO c.h.h.t.HelmChartContainer - Uninstalling release 'test-hivemq-platform' in namespace 'helmmqttit'...
2025-01-30 18:16:19,858 DEBUG c.h.h.t.HelmChartContainer - Executing helm command: /bin/helm --kubeconfig /etc/rancher/k3s/k3s.yaml uninstall test-hivemq-platform  --wait --timeout 5m0s --cascade foreground --namespace helmmqttit
2025-01-30 18:16:20,068 INFO c.h.h.t.HelmChartContainer - [hivemq-test-hivemq-platform] [hivemq-platform-operator] [db503ef7] 18:16:20.063 [pool-6-thread-13] DEBUG c.h.p.o.d.PlatformServiceResource - [helmmqtt] Desired Platform services (2 services)
2025-01-30 18:16:20,136 INFO c.h.h.t.HelmChartContainer - [hivemq-test-hivemq-platform] [hivemq-platform-operator] [db503ef7] 18:16:20.069 [pool-6-thread-18] DEBUG c.h.p.o.dependants.PodInfoConfigMap - [helmmqtt] Desired PodInfo ConfigMap (1 extensions) (1 enabled)
2025-01-30 18:16:20,136 INFO c.h.h.t.HelmChartContainer - [hivemq-test-hivemq-platform] [hivemq-platform-operator] [db503ef7] 18:16:20.134 [pool-6-thread-18] DEBUG c.h.p.o.dependants.PodInfoConfigMap - [helmmqtt] Desired PodInfo ConfigMap (metrics port: 9399) (metrics path: /)
2025-01-30 18:16:20,136 INFO c.h.h.t.HelmChartContainer - [hivemq-test-hivemq-platform] [hivemq-platform-operator] [db503ef7] 18:16:20.134 [pool-6-thread-18] DEBUG c.h.p.o.dependants.PodInfoConfigMap - [helmmqtt] Desired PodInfo ConfigMap (extension state hash: -1817474005)
2025-01-30 18:16:20,145 INFO c.h.h.t.HelmChartContainer - [hivemq-test-hivemq-platform] [hivemq-platform-operator] [db503ef7] 18:16:20.142 [pool-6-thread-14] DEBUG c.h.p.o.d.StatefulSetResource - [helmmqtt] Desired StatefulSet (1 replicas) for status RUNNING (READY)
2025-01-30 18:16:20,145 INFO c.h.h.t.HelmChartContainer - [hivemq-test-hivemq-platform] [hivemq-platform-operator] [db503ef7] 18:16:20.142 [pool-6-thread-12] DEBUG c.h.p.o.d.PodServiceAccountResource - [helmmqtt] Desired PodServiceAccountResource (serviceAccountName: hivemq-platform-pod-test-hivemq-platform)
2025-01-30 18:16:20,145 INFO c.h.h.t.HelmChartContainer - [hivemq-test-hivemq-platform] [hivemq-platform-operator] [db503ef7] 18:16:20.143 [pool-6-thread-12] DEBUG c.h.p.o.d.PodServiceAccountResource - [helmmqtt] Create ServiceAccount 'hivemq-platform-pod-test-hivemq-platform'
2025-01-30 18:16:20,150 INFO c.h.h.t.HelmChartContainer - [hivemq-test-hivemq-platform] [hivemq-platform-operator] [db503ef7] 18:16:20.149 [pool-6-thread-14] DEBUG c.h.p.o.d.StatefulSetResource - [helmmqtt] Update StatefulSet (replicas: 1 -> 1)
2025-01-30 18:16:20,151 INFO c.h.h.t.HelmChartContainer - [hivemq-test-hivemq-platform] [hivemq-platform-operator] [db503ef7] 18:16:20.150 [pool-6-thread-14] DEBUG c.h.p.o.d.StatefulSetResource - [helmmqtt] Detected change in StatefulSet specification (path: /template/metadata/annotations/kubernetes-resource-versions) (actual value: {broker-configuration-v2=319910904}) (target value: {broker-configuration-v2=0})
2025-01-30 18:16:20,151 INFO c.h.h.t.HelmChartContainer - [hivemq-test-hivemq-platform] [hivemq-platform-operator] [db503ef7] 18:16:20.150 [pool-6-thread-14] INFO  c.h.p.o.d.StatefulSetResource - [helmmqtt] StatefulSet spec was updated, triggering rolling restart
2025-01-30 18:16:20,336 INFO c.h.h.t.HelmChartContainer - [hivemq-test-hivemq-platform] [hivemq-platform-operator] [db503ef7] 18:16:20.334 [ReconcilerExecutor-hivemq-controller-114] INFO  c.h.p.o.HiveMQPlatformReconciler - [helmmqtt] Reconciling HiveMQ Platform 'test-hivemq-platform' in namespace 'helmmqttit'
2025-01-30 18:16:20,336 INFO c.h.h.t.HelmChartContainer - [hivemq-test-hivemq-platform] [hivemq-platform-operator] [db503ef7] 18:16:20.334 [ReconcilerExecutor-hivemq-controller-114] DEBUG c.h.p.o.HiveMQPlatformReconciler - [helmmqtt] Custom Resource Status RUNNING - HiveMQ Platform is ready (READY) (reconciliation requests: ROLLING_RESTART, REQUESTS_UPDATED)
2025-01-30 18:16:20,336 INFO c.h.h.t.HelmChartContainer - [hivemq-test-hivemq-platform] [hivemq-platform-operator] [db503ef7] 18:16:20.334 [ReconcilerExecutor-hivemq-controller-114] DEBUG c.h.p.o.HiveMQPlatformReconciler - [helmmqtt] Custom Resource Spec (replicas: 1) (extensions: 1)
2025-01-30 18:16:20,336 INFO c.h.h.t.HelmChartContainer - [hivemq-test-hivemq-platform] [hivemq-platform-operator] [db503ef7] 18:16:20.335 [ReconcilerExecutor-hivemq-controller-114] WARN  c.h.p.o.h.HiveMQPlatformReconcilerErrorHandler - [helmmqtt] Could not find ConfigMap 'hivemq-configuration-test-hivemq-platform' for HiveMQ Platform configuration
2025-01-30 18:16:20,352 INFO c.h.h.t.HelmChartContainer - [hivemq-test-hivemq-platform] [hivemq-platform-operator] [db503ef7] 18:16:20.351 [ReconcilerExecutor-hivemq-controller-114] DEBUG c.h.p.operator.event.EventSender - [helmmqtt] Creating K8s event hivemq-platform-invalid-configuration: [Start] Could not find ConfigMap 'hivemq-configuration-test-hivemq-platform' for HiveMQ Platform configuration
2025-01-30 18:16:20,355 INFO c.h.h.t.HelmChartContainer - [EVENT] Warning [Start] Could not find ConfigMap 'hivemq-configuration-test-hivemq-platform' for HiveMQ Platform configuration [helmmqttit:test-hivemq-platform]
2025-01-30 18:16:20,357 INFO c.h.h.t.HelmChartContainer - [hivemq-test-hivemq-platform] [hivemq-platform-operator] [db503ef7] 18:16:20.356 [ReconcilerExecutor-hivemq-controller-114] INFO  c.h.p.o.h.AbstractHiveMQReconcilerStateHandler - [helmmqtt] Update HiveMQ Platform Status (RUNNING [READY] -> ERROR [INVALID_CONFIG_MAP]): Could not find ConfigMap 'hivemq-configuration-test-hivemq-platform' for HiveMQ Platform configuration (reconciliation requests: ROLLING_RESTART)
2025-01-30 18:16:20,444 INFO c.h.h.t.HelmChartContainer - [hivemq-test-hivemq-platform] [hivemq-platform-operator] [db503ef7] 18:16:20.441 [ReconcilerExecutor-hivemq-controller-114] ERROR i.j.o.p.event.EventProcessor - Error during event processing ExecutionScope{ resource id: ResourceID{name='test-hivemq-platform', namespace='helmmqttit'}, version: 861}
2025-01-30 18:16:20,444 INFO c.h.h.t.HelmChartContainer - [hivemq-test-hivemq-platform] [hivemq-platform-operator] [db503ef7] io.fabric8.kubernetes.client.KubernetesClientException: Failure executing: PUT at: https://10.43.0.1:443/apis/hivemq.com/v1/namespaces/helmmqttit/hivemq-platforms/test-hivemq-platform/status. Message: Operation cannot be fulfilled on hivemq-platforms.hivemq.com "test-hivemq-platform": the object has been modified; please apply your changes to the latest version and try again. Received status: Status(apiVersion=v1, code=409, details=StatusDetails(causes=[], group=hivemq.com, kind=hivemq-platforms, name=test-hivemq-platform, retryAfterSeconds=null, uid=null, additionalProperties={}), kind=Status, message=Operation cannot be fulfilled on hivemq-platforms.hivemq.com "test-hivemq-platform": the object has been modified; please apply your changes to the latest version and try again, metadata=ListMeta(_continue=null, remainingItemCount=null, resourceVersion=null, selfLink=null, additionalProperties={}), reason=Conflict, status=Failure, additionalProperties={}).
2025-01-30 18:16:20,444 INFO c.h.h.t.HelmChartContainer - [hivemq-test-hivemq-platform] [hivemq-platform-operator] [db503ef7] 	at io.fabric8.kubernetes.client.KubernetesClientException.copyAsCause(KubernetesClientException.java:238)
2025-01-30 18:16:20,444 INFO c.h.h.t.HelmChartContainer - [hivemq-test-hivemq-platform] [hivemq-platform-operator] [db503ef7] 	at io.fabric8.kubernetes.client.dsl.internal.OperationSupport.waitForResult(OperationSupport.java:507)
2025-01-30 18:16:20,445 INFO c.h.h.t.HelmChartContainer - [hivemq-test-hivemq-platform] [hivemq-platform-operator] [db503ef7] 	at io.fabric8.kubernetes.client.dsl.internal.OperationSupport.handleResponse(OperationSupport.java:524)
2025-01-30 18:16:20,445 INFO c.h.h.t.HelmChartContainer - [hivemq-test-hivemq-platform] [hivemq-platform-operator] [db503ef7] 	at io.fabric8.kubernetes.client.dsl.internal.OperationSupport.handleUpdate(OperationSupport.java:358)
2025-01-30 18:16:20,445 INFO c.h.h.t.HelmChartContainer - [hivemq-test-hivemq-platform] [hivemq-platform-operator] [db503ef7] 	at io.fabric8.kubernetes.client.dsl.internal.BaseOperation.handleUpdate(BaseOperation.java:759)
2025-01-30 18:16:20,445 INFO c.h.h.t.HelmChartContainer - [hivemq-test-hivemq-platform] [hivemq-platform-operator] [db503ef7] 	at io.fabric8.kubernetes.client.dsl.internal.HasMetadataOperation.update(HasMetadataOperation.java:138)
2025-01-30 18:16:20,445 INFO c.h.h.t.HelmChartContainer - [hivemq-test-hivemq-platform] [hivemq-platform-operator] [db503ef7] 	at io.fabric8.kubernetes.client.dsl.internal.HasMetadataOperation.update(HasMetadataOperation.java:121)
2025-01-30 18:16:20,445 INFO c.h.h.t.HelmChartContainer - [hivemq-test-hivemq-platform] [hivemq-platform-operator] [db503ef7] 	at io.fabric8.kubernetes.client.dsl.internal.HasMetadataOperation.updateStatus(HasMetadataOperation.java:126)
2025-01-30 18:16:20,445 INFO c.h.h.t.HelmChartContainer - [hivemq-test-hivemq-platform] [hivemq-platform-operator] [db503ef7] 	at io.fabric8.kubernetes.client.dsl.internal.HasMetadataOperation.updateStatus(HasMetadataOperation.java:44)
2025-01-30 18:16:20,445 INFO c.h.h.t.HelmChartContainer - [hivemq-test-hivemq-platform] [hivemq-platform-operator] [db503ef7] 	at io.javaoperatorsdk.operator.processing.event.ReconciliationDispatcher$CustomResourceFacade.updateStatus(ReconciliationDispatcher.java:408)
2025-01-30 18:16:20,445 INFO c.h.h.t.HelmChartContainer - [hivemq-test-hivemq-platform] [hivemq-platform-operator] [db503ef7] 	at io.javaoperatorsdk.operator.processing.event.ReconciliationDispatcher.updateStatusGenerationAware(ReconciliationDispatcher.java:228)
2025-01-30 18:16:20,445 INFO c.h.h.t.HelmChartContainer - [hivemq-test-hivemq-platform] [hivemq-platform-operator] [db503ef7] 	at io.javaoperatorsdk.operator.processing.event.ReconciliationDispatcher.reconcileExecution(ReconciliationDispatcher.java:150)
2025-01-30 18:16:20,445 INFO c.h.h.t.HelmChartContainer - [hivemq-test-hivemq-platform] [hivemq-platform-operator] [db503ef7] 	at io.javaoperatorsdk.operator.processing.event.ReconciliationDispatcher.handleReconcile(ReconciliationDispatcher.java:117)
2025-01-30 18:16:20,445 INFO c.h.h.t.HelmChartContainer - [hivemq-test-hivemq-platform] [hivemq-platform-operator] [db503ef7] 	at io.javaoperatorsdk.operator.processing.event.ReconciliationDispatcher.handleDispatch(ReconciliationDispatcher.java:91)
2025-01-30 18:16:20,445 INFO c.h.h.t.HelmChartContainer - [hivemq-test-hivemq-platform] [hivemq-platform-operator] [db503ef7] 	at io.javaoperatorsdk.operator.processing.event.ReconciliationDispatcher.handleExecution(ReconciliationDispatcher.java:64)
2025-01-30 18:16:20,445 INFO c.h.h.t.HelmChartContainer - [hivemq-test-hivemq-platform] [hivemq-platform-operator] [db503ef7] 	at io.javaoperatorsdk.operator.processing.event.EventProcessor$ReconcilerExecutor.run(EventProcessor.java:452)
2025-01-30 18:16:20,445 INFO c.h.h.t.HelmChartContainer - [hivemq-test-hivemq-platform] [hivemq-platform-operator] [db503ef7] 	at java.base/java.util.concurrent.ThreadPoolExecutor.runWorker(Unknown Source)
2025-01-30 18:16:20,445 INFO c.h.h.t.HelmChartContainer - [hivemq-test-hivemq-platform] [hivemq-platform-operator] [db503ef7] 	at java.base/java.util.concurrent.ThreadPoolExecutor$Worker.run(Unknown Source)
2025-01-30 18:16:20,445 INFO c.h.h.t.HelmChartContainer - [hivemq-test-hivemq-platform] [hivemq-platform-operator] [db503ef7] 	at java.base/java.lang.Thread.run(Unknown Source)
2025-01-30 18:16:20,445 INFO c.h.h.t.HelmChartContainer - [hivemq-test-hivemq-platform] [hivemq-platform-operator] [db503ef7] Caused by: io.fabric8.kubernetes.client.KubernetesClientException: Failure executing: PUT at: https://10.43.0.1:443/apis/hivemq.com/v1/namespaces/helmmqttit/hivemq-platforms/test-hivemq-platform/status. Message: Operation cannot be fulfilled on hivemq-platforms.hivemq.com "test-hivemq-platform": the object has been modified; please apply your changes to the latest version and try again. Received status: Status(apiVersion=v1, code=409, details=StatusDetails(causes=[], group=hivemq.com, kind=hivemq-platforms, name=test-hivemq-platform, retryAfterSeconds=null, uid=null, additionalProperties={}), kind=Status, message=Operation cannot be fulfilled on hivemq-platforms.hivemq.com "test-hivemq-platform": the object has been modified; please apply your changes to the latest version and try again, metadata=ListMeta(_continue=null, remainingItemCount=null, resourceVersion=null, selfLink=null, additionalProperties={}), reason=Conflict, status=Failure, additionalProperties={}).
2025-01-30 18:16:20,445 INFO c.h.h.t.HelmChartContainer - [hivemq-test-hivemq-platform] [hivemq-platform-operator] [db503ef7] 	at io.fabric8.kubernetes.client.dsl.internal.OperationSupport.requestFailure(OperationSupport.java:660)
2025-01-30 18:16:20,445 INFO c.h.h.t.HelmChartContainer - [hivemq-test-hivemq-platform] [hivemq-platform-operator] [db503ef7] 	at io.fabric8.kubernetes.client.dsl.internal.OperationSupport.requestFailure(OperationSupport.java:640)
2025-01-30 18:16:20,445 INFO c.h.h.t.HelmChartContainer - [hivemq-test-hivemq-platform] [hivemq-platform-operator] [db503ef7] 	at io.fabric8.kubernetes.client.dsl.internal.OperationSupport.assertResponseCode(OperationSupport.java:589)
2025-01-30 18:16:20,445 INFO c.h.h.t.HelmChartContainer - [hivemq-test-hivemq-platform] [hivemq-platform-operator] [db503ef7] 	at io.fabric8.kubernetes.client.dsl.internal.OperationSupport.lambda$handleResponse$0(OperationSupport.java:549)
2025-01-30 18:16:20,445 INFO c.h.h.t.HelmChartContainer - [hivemq-test-hivemq-platform] [hivemq-platform-operator] [db503ef7] 	at java.base/java.util.concurrent.CompletableFuture$UniApply.tryFire(Unknown Source)
2025-01-30 18:16:20,445 INFO c.h.h.t.HelmChartContainer - [hivemq-test-hivemq-platform] [hivemq-platform-operator] [db503ef7] 	at java.base/java.util.concurrent.CompletableFuture.postComplete(Unknown Source)
2025-01-30 18:16:20,445 INFO c.h.h.t.HelmChartContainer - [hivemq-test-hivemq-platform] [hivemq-platform-operator] [db503ef7] 	at java.base/java.util.concurrent.CompletableFuture.complete(Unknown Source)
2025-01-30 18:16:20,445 INFO c.h.h.t.HelmChartContainer - [hivemq-test-hivemq-platform] [hivemq-platform-operator] [db503ef7] 	at io.fabric8.kubernetes.client.http.StandardHttpClient.lambda$completeOrCancel$10(StandardHttpClient.java:141)
2025-01-30 18:16:20,445 INFO c.h.h.t.HelmChartContainer - [hivemq-test-hivemq-platform] [hivemq-platform-operator] [db503ef7] 	at java.base/java.util.concurrent.CompletableFuture.uniWhenComplete(Unknown Source)
2025-01-30 18:16:20,445 INFO c.h.h.t.HelmChartContainer - [hivemq-test-hivemq-platform] [hivemq-platform-operator] [db503ef7] 	at java.base/java.util.concurrent.CompletableFuture$UniWhenComplete.tryFire(Unknown Source)
2025-01-30 18:16:20,445 INFO c.h.h.t.HelmChartContainer - [hivemq-test-hivemq-platform] [hivemq-platform-operator] [db503ef7] 	at java.base/java.util.concurrent.CompletableFuture.postComplete(Unknown Source)
2025-01-30 18:16:20,445 INFO c.h.h.t.HelmChartContainer - [hivemq-test-hivemq-platform] [hivemq-platform-operator] [db503ef7] 	at java.base/java.util.concurrent.CompletableFuture.complete(Unknown Source)
2025-01-30 18:16:20,445 INFO c.h.h.t.HelmChartContainer - [hivemq-test-hivemq-platform] [hivemq-platform-operator] [db503ef7] 	at io.fabric8.kubernetes.client.http.ByteArrayBodyHandler.onBodyDone(ByteArrayBodyHandler.java:51)
2025-01-30 18:16:20,445 INFO c.h.h.t.HelmChartContainer - [hivemq-test-hivemq-platform] [hivemq-platform-operator] [db503ef7] 	at java.base/java.util.concurrent.CompletableFuture.uniWhenComplete(Unknown Source)
2025-01-30 18:16:20,445 INFO c.h.h.t.HelmChartContainer - [hivemq-test-hivemq-platform] [hivemq-platform-operator] [db503ef7] 	at java.base/java.util.concurrent.CompletableFuture$UniWhenComplete.tryFire(Unknown Source)
2025-01-30 18:16:20,445 INFO c.h.h.t.HelmChartContainer - [hivemq-test-hivemq-platform] [hivemq-platform-operator] [db503ef7] 	at java.base/java.util.concurrent.CompletableFuture.postComplete(Unknown Source)
2025-01-30 18:16:20,445 INFO c.h.h.t.HelmChartContainer - [hivemq-test-hivemq-platform] [hivemq-platform-operator] [db503ef7] 	at java.base/java.util.concurrent.CompletableFuture.complete(Unknown Source)
2025-01-30 18:16:20,445 INFO c.h.h.t.HelmChartContainer - [hivemq-test-hivemq-platform] [hivemq-platform-operator] [db503ef7] 	at io.fabric8.kubernetes.client.vertx.VertxHttpRequest.lambda$null$1(VertxHttpRequest.java:121)
2025-01-30 18:16:20,445 INFO c.h.h.t.HelmChartContainer - [hivemq-test-hivemq-platform] [hivemq-platform-operator] [db503ef7] 	at io.vertx.core.impl.ContextInternal.dispatch(ContextInternal.java:279)
2025-01-30 18:16:20,445 INFO c.h.h.t.HelmChartContainer - [hivemq-test-hivemq-platform] [hivemq-platform-operator] [db503ef7] 	at io.vertx.core.impl.ContextInternal.dispatch(ContextInternal.java:261)
2025-01-30 18:16:20,445 INFO c.h.h.t.HelmChartContainer - [hivemq-test-hivemq-platform] [hivemq-platform-operator] [db503ef7] 	at io.vertx.core.http.impl.HttpEventHandler.handleEnd(HttpEventHandler.java:76)
2025-01-30 18:16:20,445 INFO c.h.h.t.HelmChartContainer - [hivemq-test-hivemq-platform] [hivemq-platform-operator] [db503ef7] 	at io.vertx.core.http.impl.HttpClientResponseImpl.handleEnd(HttpClientResponseImpl.java:250)
2025-01-30 18:16:20,445 INFO c.h.h.t.HelmChartContainer - [hivemq-test-hivemq-platform] [hivemq-platform-operator] [db503ef7] 	at io.vertx.core.http.impl.Http1xClientConnection$StreamImpl.lambda$new$0(Http1xClientConnection.java:421)
2025-01-30 18:16:20,445 INFO c.h.h.t.HelmChartContainer - [hivemq-test-hivemq-platform] [hivemq-platform-operator] [db503ef7] 	at io.vertx.core.streams.impl.InboundBuffer.handleEvent(InboundBuffer.java:279)
2025-01-30 18:16:20,445 INFO c.h.h.t.HelmChartContainer - [hivemq-test-hivemq-platform] [hivemq-platform-operator] [db503ef7] 	at io.vertx.core.streams.impl.InboundBuffer.write(InboundBuffer.java:157)
2025-01-30 18:16:20,445 INFO c.h.h.t.HelmChartContainer - [hivemq-test-hivemq-platform] [hivemq-platform-operator] [db503ef7] 	at io.vertx.core.http.impl.Http1xClientConnection$StreamImpl.handleEnd(Http1xClientConnection.java:709)
2025-01-30 18:16:20,445 INFO c.h.h.t.HelmChartContainer - [hivemq-test-hivemq-platform] [hivemq-platform-operator] [db503ef7] 	at io.vertx.core.impl.ContextImpl.lambda$execute$4(ContextImpl.java:315)
2025-01-30 18:16:20,445 INFO c.h.h.t.HelmChartContainer - [hivemq-test-hivemq-platform] [hivemq-platform-operator] [db503ef7] 	at io.netty.util.concurrent.AbstractEventExecutor.runTask(AbstractEventExecutor.java:173)
2025-01-30 18:16:20,445 INFO c.h.h.t.HelmChartContainer - [hivemq-test-hivemq-platform] [hivemq-platform-operator] [db503ef7] 	at io.netty.util.concurrent.AbstractEventExecutor.safeExecute(AbstractEventExecutor.java:166)
2025-01-30 18:16:20,445 INFO c.h.h.t.HelmChartContainer - [hivemq-test-hivemq-platform] [hivemq-platform-operator] [db503ef7] 	at io.netty.util.concurrent.SingleThreadEventExecutor.runAllTasks(SingleThreadEventExecutor.java:472)
2025-01-30 18:16:20,445 INFO c.h.h.t.HelmChartContainer - [hivemq-test-hivemq-platform] [hivemq-platform-operator] [db503ef7] 	at io.netty.channel.nio.NioEventLoop.run(NioEventLoop.java:569)
2025-01-30 18:16:20,445 INFO c.h.h.t.HelmChartContainer - [hivemq-test-hivemq-platform] [hivemq-platform-operator] [db503ef7] 	at io.netty.util.concurrent.SingleThreadEventExecutor$4.run(SingleThreadEventExecutor.java:997)
2025-01-30 18:16:20,445 INFO c.h.h.t.HelmChartContainer - [hivemq-test-hivemq-platform] [hivemq-platform-operator] [db503ef7] 	at io.netty.util.internal.ThreadExecutorMap$2.run(ThreadExecutorMap.java:74)
2025-01-30 18:16:20,445 INFO c.h.h.t.HelmChartContainer - [hivemq-test-hivemq-platform] [hivemq-platform-operator] [db503ef7] 	at io.netty.util.concurrent.FastThreadLocalRunnable.run(FastThreadLocalRunnable.java:30)
2025-01-30 18:16:20,445 INFO c.h.h.t.HelmChartContainer - [hivemq-test-hivemq-platform] [hivemq-platform-operator] [db503ef7] 	... 1 common frames omitted
2025-01-30 18:16:20,451 INFO c.h.h.t.HelmChartContainer - [hivemq-test-hivemq-platform] [hivemq-platform-operator] [db503ef7] 18:16:20.448 [ReconcilerExecutor-hivemq-controller-121] INFO  c.h.p.o.HiveMQPlatformReconciler - [helmmqtt] Cleanup test-hivemq-platform - helmmqttit HiveMQ Platform is shut down
2025-01-30 18:16:20,471 INFO c.h.h.t.HelmChartContainer - [POD] test-hivemq-platform-0 [e1fa1cbd-71e9-4830-8237-101c73dcb8a2] in helmmqttit was MODIFIED
2025-01-30 18:16:20,474 INFO c.h.h.t.HelmChartContainer - [EVENT] Normal [Killing] Stopping container hivemq [helmmqttit:test-hivemq-platform-0]
2025-01-30 18:16:20,475 INFO c.h.h.t.HelmChartContainer - Received Killing event for container hivemq in pod test-hivemq-platform-0 [e1fa1cbd-71e9-4830-8237-101c73dcb8a2]
2025-01-30 18:16:20,475 INFO c.h.h.t.HelmChartContainer - Container [test-hivemq-platform-0] [hivemq] [e1fa1cbd-71e9-4830-8237-101c73dcb8a2] was terminated
2025-01-30 18:16:20,475 INFO c.h.h.t.HelmChartContainer - Stopped log watcher for hivemq in pod test-hivemq-platform-0 [e1fa1cbd-71e9-4830-8237-101c73dcb8a2]
2025-01-30 18:16:20,481 INFO c.h.h.t.HelmChartContainer - [test-hivemq-platform] [hivemq] [e1fa1cbd] INFO  - [HiveMQ Platform Operator Init App 1.7.0-SNAPSHOT] Shutting down
2025-01-30 18:16:20,481 INFO c.h.h.t.HelmChartContainer - [test-hivemq-platform] [hivemq] [e1fa1cbd] INFO  - [HiveMQ Platform Operator Init App 1.7.0-SNAPSHOT] Stopping the HiveMQ Platform
2025-01-30 18:16:20,591 INFO c.h.h.t.HelmChartContainer - [test-hivemq-platform] [hivemq] [e1fa1cbd] INFO  - Shutting down HiveMQ. Please wait, this could take a while...
2025-01-30 18:16:20,619 INFO c.h.h.t.HelmChartContainer - [test-hivemq-platform] [hivemq] [e1fa1cbd] INFO  - Shutting down listeners and clients
2025-01-30 18:16:20,620 INFO c.h.h.t.HelmChartContainer - [test-hivemq-platform] [hivemq] [e1fa1cbd] INFO  - Shutdown of listeners is done
2025-01-30 18:16:20,621 INFO c.h.h.t.HelmChartContainer - [test-hivemq-platform] [hivemq] [e1fa1cbd] INFO  - No clients are connected, proceeding with shutdown
2025-01-30 18:16:22,118 INFO c.h.h.t.HelmChartContainer - Deleting namespace 'helmmqttit'...
2025-01-30 18:16:23,526 INFO c.h.h.t.HelmChartContainer - [test-hivemq-platform] [hivemq] [e1fa1cbd] INFO  - Shutting down extension system
2025-01-30 18:16:23,533 INFO c.h.h.t.HelmChartContainer - [test-hivemq-platform] [hivemq] [e1fa1cbd] INFO  - Stopping extension with id hivemq-dns-cluster-discovery
2025-01-30 18:16:23,534 INFO c.h.h.t.HelmChartContainer - [test-hivemq-platform] [hivemq] [e1fa1cbd] INFO  - Extension "DNS Cluster Discovery Extension" version 4.3.2 stopped successfully.
2025-01-30 18:16:23,535 INFO c.h.h.t.HelmChartContainer - [test-hivemq-platform] [hivemq] [e1fa1cbd] INFO  - Stopping extension with id hivemq-prometheus-extension
2025-01-30 18:16:23,538 INFO c.h.h.t.HelmChartContainer - [test-hivemq-platform] [hivemq] [e1fa1cbd] INFO  - Extension "Prometheus Monitoring Extension" version 4.0.12 stopped successfully.
2025-01-30 18:16:23,540 INFO c.h.h.t.HelmChartContainer - [test-hivemq-platform] [hivemq] [e1fa1cbd] INFO  - Stopping extension with id hivemq-allow-all-extension
2025-01-30 18:16:23,540 INFO c.h.h.t.HelmChartContainer - [test-hivemq-platform] [hivemq] [e1fa1cbd] INFO  - Extension "Allow All Extension" version 1.1.1 stopped successfully.
2025-01-30 18:16:24,633 INFO c.h.h.t.HelmChartContainer - [test-hivemq-platform] [hivemq] [e1fa1cbd] INFO  - [HiveMQ Platform Operator Init App 1.7.0-SNAPSHOT] Returning shutdown Health API response 503 for readiness
2025-01-30 18:16:24,637 INFO c.h.h.t.HelmChartContainer - [EVENT] Warning [Unhealthy] Readiness probe failed: HTTP probe failed with statuscode: 503 [helmmqttit:test-hivemq-platform-0]
2025-01-30 18:16:24,637 INFO c.h.h.t.HelmChartContainer - Received Unhealthy event for container hivemq in pod test-hivemq-platform-0 [e1fa1cbd-71e9-4830-8237-101c73dcb8a2]
2025-01-30 18:16:25,060 INFO c.h.h.t.HelmChartContainer - [test-hivemq-platform] [hivemq] [e1fa1cbd] WARN  - [HiveMQ Platform Operator Init App 1.7.0-SNAPSHOT] Could not update Pod annotations: Failure executing: GET at: https://10.43.0.1:443/api/v1/namespaces/helmmqttit/pods/test-hivemq-platform-0. Message: pods "test-hivemq-platform-0" is forbidden: User "system:serviceaccount:helmmqttit:hivemq-platform-pod-test-hivemq-platform" cannot get resource "pods" in API group "" in the namespace "helmmqttit". Received status: Status(apiVersion=v1, code=403, details=StatusDetails(causes=[], group=null, kind=pods, name=test-hivemq-platform-0, retryAfterSeconds=null, uid=null, additionalProperties={}), kind=Status, message=pods "test-hivemq-platform-0" is forbidden: User "system:serviceaccount:helmmqttit:hivemq-platform-pod-test-hivemq-platform" cannot get resource "pods" in API group "" in the namespace "helmmqttit", metadata=ListMeta(_continue=null, remainingItemCount=null, resourceVersion=null, selfLink=null, additionalProperties={}), reason=Forbidden, status=Failure, additionalProperties={}).
2025-01-30 18:16:25,887 INFO c.h.h.t.HelmChartContainer - [test-hivemq-platform] [hivemq] [e1fa1cbd] INFO  - Shutdown completed.
2025-01-30 18:16:26,233 INFO c.h.h.t.HelmChartContainer - [test-hivemq-platform] [hivemq] [e1fa1cbd] INFO  - [HiveMQ Platform Operator Init App 1.7.0-SNAPSHOT] The HiveMQ Platform exited with code 143
2025-01-30 18:16:26,233 INFO c.h.h.t.HelmChartContainer - [test-hivemq-platform] [hivemq] [e1fa1cbd] INFO  - [HiveMQ Platform Operator Init App 1.7.0-SNAPSHOT] Stopping the REST API
2025-01-30 18:16:26,240 INFO c.h.h.t.HelmChartContainer - [test-hivemq-platform] [hivemq] [e1fa1cbd] INFO  - [HiveMQ Platform Operator Init App 1.7.0-SNAPSHOT] Shutdown complete
2025-01-30 18:16:26,678 INFO c.h.h.t.HelmChartContainer - [POD] test-hivemq-platform-0 [e1fa1cbd-71e9-4830-8237-101c73dcb8a2] in helmmqttit was MODIFIED
2025-01-30 18:16:26,680 INFO c.h.h.t.HelmChartContainer - [K3S] [stateful_set.go:438] "Unhandled Error" err="error syncing StatefulSet helmmqttit/test-hivemq-platform, requeuing: controllerrevisions.apps \"test-hivemq-platform-86c78c5c66\" is forbidden: unable to create new content in namespace helmmqttit because it is being terminated"
2025-01-30 18:16:26,687 INFO c.h.h.t.HelmChartContainer - [K3S] [stateful_set.go:438] "Unhandled Error" err="error syncing StatefulSet helmmqttit/test-hivemq-platform, requeuing: controllerrevisions.apps \"test-hivemq-platform-86c78c5c66\" is forbidden: unable to create new content in namespace helmmqttit because it is being terminated"
2025-01-30 18:16:26,699 INFO c.h.h.t.HelmChartContainer - [K3S] [stateful_set.go:438] "Unhandled Error" err="error syncing StatefulSet helmmqttit/test-hivemq-platform, requeuing: controllerrevisions.apps \"test-hivemq-platform-86c78c5c66\" is forbidden: unable to create new content in namespace helmmqttit because it is being terminated"
2025-01-30 18:16:26,723 INFO c.h.h.t.HelmChartContainer - [K3S] [stateful_set.go:438] "Unhandled Error" err="error syncing StatefulSet helmmqttit/test-hivemq-platform, requeuing: controllerrevisions.apps \"test-hivemq-platform-86c78c5c66\" is forbidden: unable to create new content in namespace helmmqttit because it is being terminated"
2025-01-30 18:16:26,766 INFO c.h.h.t.HelmChartContainer - [K3S] [stateful_set.go:438] "Unhandled Error" err="error syncing StatefulSet helmmqttit/test-hivemq-platform, requeuing: controllerrevisions.apps \"test-hivemq-platform-86c78c5c66\" is forbidden: unable to create new content in namespace helmmqttit because it is being terminated"
2025-01-30 18:16:26,791 INFO c.h.h.t.HelmChartContainer - [K3S] [reconciler_common.go:162] "operationExecutor.UnmountVolume started for volume \"broker-configuration\" (UniqueName: \"kubernetes.io/configmap/e1fa1cbd-71e9-4830-8237-101c73dcb8a2-broker-configuration\") pod \"e1fa1cbd-71e9-4830-8237-101c73dcb8a2\" (UID: \"e1fa1cbd-71e9-4830-8237-101c73dcb8a2\") "
2025-01-30 18:16:26,791 INFO c.h.h.t.HelmChartContainer - [K3S] [reconciler_common.go:162] "operationExecutor.UnmountVolume started for volume \"operator-init\" (UniqueName: \"kubernetes.io/empty-dir/e1fa1cbd-71e9-4830-8237-101c73dcb8a2-operator-init\") pod \"e1fa1cbd-71e9-4830-8237-101c73dcb8a2\" (UID: \"e1fa1cbd-71e9-4830-8237-101c73dcb8a2\") "
2025-01-30 18:16:26,791 INFO c.h.h.t.HelmChartContainer - [K3S] [reconciler_common.go:162] "operationExecutor.UnmountVolume started for volume \"kube-api-access-lw5p8\" (UniqueName: \"kubernetes.io/projected/e1fa1cbd-71e9-4830-8237-101c73dcb8a2-kube-api-access-lw5p8\") pod \"e1fa1cbd-71e9-4830-8237-101c73dcb8a2\" (UID: \"e1fa1cbd-71e9-4830-8237-101c73dcb8a2\") "
2025-01-30 18:16:26,792 INFO c.h.h.t.HelmChartContainer - [K3S] [reconciler_common.go:162] "operationExecutor.UnmountVolume started for volume \"pod-info\" (UniqueName: \"kubernetes.io/configmap/e1fa1cbd-71e9-4830-8237-101c73dcb8a2-pod-info\") pod \"e1fa1cbd-71e9-4830-8237-101c73dcb8a2\" (UID: \"e1fa1cbd-71e9-4830-8237-101c73dcb8a2\") "
2025-01-30 18:16:26,849 INFO c.h.h.t.HelmChartContainer - [K3S] [stateful_set.go:438] "Unhandled Error" err="error syncing StatefulSet helmmqttit/test-hivemq-platform, requeuing: controllerrevisions.apps \"test-hivemq-platform-86c78c5c66\" is forbidden: unable to create new content in namespace helmmqttit because it is being terminated"
2025-01-30 18:16:26,891 INFO c.h.h.t.HelmChartContainer - [K3S] [reconciler_common.go:299] "Volume detached for volume \"broker-configuration\" (UniqueName: \"kubernetes.io/configmap/e1fa1cbd-71e9-4830-8237-101c73dcb8a2-broker-configuration\") on node \"0019a1e396a2\" DevicePath \"\""
2025-01-30 18:16:26,891 INFO c.h.h.t.HelmChartContainer - [K3S] [reconciler_common.go:299] "Volume detached for volume \"operator-init\" (UniqueName: \"kubernetes.io/empty-dir/e1fa1cbd-71e9-4830-8237-101c73dcb8a2-operator-init\") on node \"0019a1e396a2\" DevicePath \"\""
2025-01-30 18:16:26,891 INFO c.h.h.t.HelmChartContainer - [K3S] [reconciler_common.go:299] "Volume detached for volume \"kube-api-access-lw5p8\" (UniqueName: \"kubernetes.io/projected/e1fa1cbd-71e9-4830-8237-101c73dcb8a2-kube-api-access-lw5p8\") on node \"0019a1e396a2\" DevicePath \"\""
2025-01-30 18:16:26,891 INFO c.h.h.t.HelmChartContainer - [K3S] [reconciler_common.go:299] "Volume detached for volume \"pod-info\" (UniqueName: \"kubernetes.io/configmap/e1fa1cbd-71e9-4830-8237-101c73dcb8a2-pod-info\") on node \"0019a1e396a2\" DevicePath \"\""
2025-01-30 18:16:27,012 INFO c.h.h.t.HelmChartContainer - [K3S] [stateful_set.go:438] "Unhandled Error" err="error syncing StatefulSet helmmqttit/test-hivemq-platform, requeuing: controllerrevisions.apps \"test-hivemq-platform-86c78c5c66\" is forbidden: unable to create new content in namespace helmmqttit because it is being terminated"
2025-01-30 18:16:27,137 INFO c.h.h.t.HelmChartContainer - [K3S] [stateful_set.go:466] "StatefulSet has been deleted" key="helmmqttit/test-hivemq-platform"
2025-01-30 18:16:27,294 INFO c.h.h.t.HelmChartContainer - [K3S] [namespace_controller.go:164] "Unhandled Error" err="deletion of namespace helmmqttit failed: unexpected items still remain in namespace: helmmqttit for gvr: /v1, Resource=pods"
2025-01-30 18:16:27,334 INFO c.h.h.t.HelmChartContainer - [K3S] [stateful_set.go:466] "StatefulSet has been deleted" key="helmmqttit/test-hivemq-platform"
2025-01-30 18:16:27,459 INFO c.h.h.t.HelmChartContainer - [K3S] [scope.go:117] "RemoveContainer" containerID="78ec46c9436f06857b341833a5227c141ef8bd0069596c3a0bcbc8483c9f49c6"
2025-01-30 18:16:27,460 INFO c.h.h.t.HelmChartContainer - [K3S] [namespace_controller.go:164] "Unhandled Error" err="deletion of namespace helmmqttit failed: unexpected items still remain in namespace: helmmqttit for gvr: /v1, Resource=pods"
2025-01-30 18:16:27,473 INFO c.h.h.t.HelmChartContainer - [POD] test-hivemq-platform-0 [e1fa1cbd-71e9-4830-8237-101c73dcb8a2] in helmmqttit was MODIFIED
2025-01-30 18:16:27,477 INFO c.h.h.t.HelmChartContainer - [POD] test-hivemq-platform-0 [e1fa1cbd-71e9-4830-8237-101c73dcb8a2] in helmmqttit was DELETED
2025-01-30 18:16:27,566 INFO c.h.h.t.HelmChartContainer - [K3S] [scope.go:117] "RemoveContainer" containerID="da255cf9f29bb426ef62dbf9bc1f5458d0b9e3d0fa7f6cb5d53d3437b1d104fa"
2025-01-30 18:16:27,570 INFO c.h.h.t.HelmChartContainer - [K3S] [scope.go:117] "RemoveContainer" containerID="78ec46c9436f06857b341833a5227c141ef8bd0069596c3a0bcbc8483c9f49c6"
2025-01-30 18:16:27,570 INFO c.h.h.t.HelmChartContainer - [K3S] [scope.go:117] "RemoveContainer" containerID="da255cf9f29bb426ef62dbf9bc1f5458d0b9e3d0fa7f6cb5d53d3437b1d104fa"
2025-01-30 18:16:27,641 INFO c.h.h.t.HelmChartContainer - Namespace 'helmmqttit' deleted
2025-01-30 18:16:27,641 INFO c.h.h.t.HelmChartContainer - Release 'test-hivemq-platform' in namespace 'helmmqttit' is uninstalled
2025-01-30 18:16:27,641 INFO c.h.h.t.HelmChartContainer - Uninstalling release 'test-hivemq-platform-operator' in namespace 'helmmqttit-operator'...
2025-01-30 18:16:27,641 DEBUG c.h.h.t.HelmChartContainer - Executing helm command: /bin/helm --kubeconfig /etc/rancher/k3s/k3s.yaml uninstall test-hivemq-platform-operator  --wait --timeout 5m0s --cascade foreground --namespace helmmqttit-operator
2025-01-30 18:16:27,812 INFO c.h.h.t.HelmChartContainer - [K3S] [replica_set.go:679] "Finished syncing" kind="ReplicaSet" key="helmmqttit-operator/hivemq-test-hivemq-platform-operator-6966f96d65" duration="9.957442ms"
2025-01-30 18:16:27,813 INFO c.h.h.t.HelmChartContainer - [K3S] [replica_set.go:679] "Finished syncing" kind="ReplicaSet" key="helmmqttit-operator/hivemq-test-hivemq-platform-operator-6966f96d65" duration="34.475µs"
2025-01-30 18:16:27,825 INFO c.h.h.t.HelmChartContainer - [POD] hivemq-test-hivemq-platform-operator-6966f96d65-jxj7l [db503ef7-62d4-4975-86d9-afe08b8d97e1] in helmmqttit-operator was MODIFIED
2025-01-30 18:16:27,832 INFO c.h.h.t.HelmChartContainer - [EVENT] Normal [Killing] Stopping container hivemq-platform-operator [helmmqttit-operator:hivemq-test-hivemq-platform-operator-6966f96d65-jxj7l]
2025-01-30 18:16:27,832 INFO c.h.h.t.HelmChartContainer - Received Killing event for container hivemq-platform-operator in pod hivemq-test-hivemq-platform-operator-6966f96d65-jxj7l [db503ef7-62d4-4975-86d9-afe08b8d97e1]
2025-01-30 18:16:27,832 INFO c.h.h.t.HelmChartContainer - Container [hivemq-test-hivemq-platform-operator-6966f96d65-jxj7l] [hivemq-platform-operator] [db503ef7-62d4-4975-86d9-afe08b8d97e1] was terminated
2025-01-30 18:16:27,832 INFO c.h.h.t.HelmChartContainer - Stopped log watcher for hivemq-platform-operator in pod hivemq-test-hivemq-platform-operator-6966f96d65-jxj7l [db503ef7-62d4-4975-86d9-afe08b8d97e1]
2025-01-30 18:16:27,834 INFO c.h.h.t.HelmChartContainer - [K3S] [replica_set.go:679] "Finished syncing" kind="ReplicaSet" key="helmmqttit-operator/hivemq-test-hivemq-platform-operator-6966f96d65" duration="9.796911ms"
2025-01-30 18:16:27,837 INFO c.h.h.t.HelmChartContainer - [K3S] [replica_set.go:679] "Finished syncing" kind="ReplicaSet" key="helmmqttit-operator/hivemq-test-hivemq-platform-operator-6966f96d65" duration="43.341µs"
2025-01-30 18:16:27,841 INFO c.h.h.t.HelmChartContainer - [hivemq-test-hivemq-platform] [hivemq-platform-operator] [db503ef7] 18:16:27.838 [application-shutdown-thread] INFO  c.h.p.o.HiveMQPlatformOperatorApplication - HiveMQ Platform Operator is stopping...
2025-01-30 18:16:27,841 INFO c.h.h.t.HelmChartContainer - [hivemq-test-hivemq-platform] [hivemq-platform-operator] [db503ef7] 18:16:27.838 [application-shutdown-thread] INFO  i.javaoperatorsdk.operator.Operator - Operator SDK 4.9.7 is shutting down...
2025-01-30 18:16:28,128 INFO c.h.h.t.HelmChartContainer - [K3S] [kubelet_volumes.go:163] "Cleaned up orphaned pod volumes dir" podUID="e1fa1cbd-71e9-4830-8237-101c73dcb8a2" path="/var/lib/kubelet/pods/e1fa1cbd-71e9-4830-8237-101c73dcb8a2/volumes"
2025-01-30 18:16:28,373 INFO c.h.h.t.HelmChartContainer - [K3S] [replica_set.go:679] "Finished syncing" kind="ReplicaSet" key="helmmqttit-operator/hivemq-test-hivemq-platform-operator-6966f96d65" duration="38.592µs"
2025-01-30 18:16:28,375 INFO c.h.h.t.HelmChartContainer - [POD] hivemq-test-hivemq-platform-operator-6966f96d65-jxj7l [db503ef7-62d4-4975-86d9-afe08b8d97e1] in helmmqttit-operator was MODIFIED
2025-01-30 18:16:28,413 INFO c.h.h.t.HelmChartContainer - [K3S] [reconciler_common.go:162] "operationExecutor.UnmountVolume started for volume \"kube-api-access-wtwwg\" (UniqueName: \"kubernetes.io/projected/db503ef7-62d4-4975-86d9-afe08b8d97e1-kube-api-access-wtwwg\") pod \"db503ef7-62d4-4975-86d9-afe08b8d97e1\" (UID: \"db503ef7-62d4-4975-86d9-afe08b8d97e1\") "
2025-01-30 18:16:28,461 INFO c.h.h.t.HelmChartContainer - [K3S] [scope.go:117] "RemoveContainer" containerID="57d8c1ee3a6ad3022b9e33de072f52e71e91bcb2ff179c9640ba36991d38bb04"
2025-01-30 18:16:28,465 INFO c.h.h.t.HelmChartContainer - [K3S] [scope.go:117] "RemoveContainer" containerID="57d8c1ee3a6ad3022b9e33de072f52e71e91bcb2ff179c9640ba36991d38bb04"
2025-01-30 18:16:28,473 INFO c.h.h.t.HelmChartContainer - [K3S] [replica_set.go:679] "Finished syncing" kind="ReplicaSet" key="helmmqttit-operator/hivemq-test-hivemq-platform-operator-6966f96d65" duration="46.156µs"
2025-01-30 18:16:28,473 INFO c.h.h.t.HelmChartContainer - [POD] hivemq-test-hivemq-platform-operator-6966f96d65-jxj7l [db503ef7-62d4-4975-86d9-afe08b8d97e1] in helmmqttit-operator was MODIFIED
2025-01-30 18:16:28,475 INFO c.h.h.t.HelmChartContainer - [POD] hivemq-test-hivemq-platform-operator-6966f96d65-jxj7l [db503ef7-62d4-4975-86d9-afe08b8d97e1] in helmmqttit-operator was DELETED
2025-01-30 18:16:28,476 INFO c.h.h.t.HelmChartContainer - [K3S] [replica_set.go:679] "Finished syncing" kind="ReplicaSet" key="helmmqttit-operator/hivemq-test-hivemq-platform-operator-6966f96d65" duration="35.106µs"
2025-01-30 18:16:28,484 INFO c.h.h.t.HelmChartContainer - [K3S] [replica_set.go:679] "Finished syncing" kind="ReplicaSet" key="helmmqttit-operator/hivemq-test-hivemq-platform-operator-6966f96d65" duration="6.252µs"
2025-01-30 18:16:28,513 INFO c.h.h.t.HelmChartContainer - [K3S] [reconciler_common.go:299] "Volume detached for volume \"kube-api-access-wtwwg\" (UniqueName: \"kubernetes.io/projected/db503ef7-62d4-4975-86d9-afe08b8d97e1-kube-api-access-wtwwg\") on node \"0019a1e396a2\" DevicePath \"\""
2025-01-30 18:16:29,844 INFO c.h.h.t.HelmChartContainer - Deleting namespace 'helmmqttit-operator'...
2025-01-30 18:16:30,129 INFO c.h.h.t.HelmChartContainer - [K3S] [kubelet_volumes.go:163] "Cleaned up orphaned pod volumes dir" podUID="db503ef7-62d4-4975-86d9-afe08b8d97e1" path="/var/lib/kubelet/pods/db503ef7-62d4-4975-86d9-afe08b8d97e1/volumes"
2025-01-30 18:16:32,630 INFO c.h.h.t.HelmChartContainer - [K3S] [namespace_controller.go:187] "Namespace has been deleted" namespace="helmmqttit"
2025-01-30 18:16:35,061 INFO c.h.h.t.HelmChartContainer - Namespace 'helmmqttit-operator' deleted
2025-01-30 18:16:35,061 INFO c.h.h.t.HelmChartContainer - Release 'test-hivemq-platform-operator' in namespace 'helmmqttit-operator' is uninstalled
2025-01-30 18:16:35,800 INFO c.h.helmcharts.AbstractHelmChartIT - Removed unused containers:

2025-01-30 18:16:39,961 INFO c.h.h.t.HelmChartContainer - [K3S] [namespace_controller.go:187] "Namespace has been deleted" namespace="helmmqttit-operator"
2025-01-30 18:16:43,483 INFO c.h.helmcharts.AbstractHelmChartIT - Removed unused snapshots:
Removing snapshot sha256:03af251906410714c5aef9fa705b63f6bbc39c4a5e787de7361eeb18886c2ed2
Removing snapshot sha256:0c46b3b43cce082ce5ec34ffc6c294e0417d17b9d1e6f366d114b6aadc4f96dc
Removing snapshot sha256:0ce761beee59082d6ed5bcebd3a805b8ddd9b3426b617e4809e7fb7c6587ffec
Removing snapshot sha256:0df91287303208332c8ff6ba40ae4710105201739addbfbddfb955f1ad593664
Removing snapshot sha256:1021ef88c7974bfff89c5a0ec4fd3160daac6c48a075f74cff721f85dd104e68
Removing snapshot sha256:10aba4953ddc18145dd38e3704709bc464aa20af60b56fe52caaff4b68411e62
Removing snapshot sha256:2573e0d8158209ed54ab25c87bcdcb00bd3d2539246960a3d592a1c599d70465
Removing snapshot sha256:362a8a37f8bbc31925a8146adcf7cf51f9882f5c1dcbef67c5baa03a297543c0
Removing snapshot sha256:3fa4ad33f0ddc8fd45b39b6b4640f82a3a83619606cd975bfe89d8710ad2d4cd
Removing snapshot sha256:43a7c979bbaba6838bc3102d6b10a1459f3ab050b87ccdfef84ef90cf43d3058
Removing snapshot sha256:4ab04491cdf0d3267f08206fe30bd48f49f94b9cab2f016d6739220f722a64af
Removing snapshot sha256:4b6068250e89c96f263060261819c7d912855bfbd64b3eb4c4a8483299b8c295
Removing snapshot sha256:580e69a0a8034ede1921139bbd2bfb72a69ebf276d008281896c32dd8bf74775
Removing snapshot sha256:5d30ba46b27fe37484567ccc5242cadc78217b8da605f3f195ef25cbf7487904
Removing snapshot sha256:63ca1fbb43ae5034640e5e6cb3e083e05c290072c5366fcaa9d62435a4cced85
Removing snapshot sha256:67f702c6baae873bceb19487c8b1f27bd2b86077e4f2f0e480e6d60ab508b8f5
Removing snapshot sha256:6864348dd42806d552efdec384f1274be15e2d0c10ce44c1f04347af004c10a9
Removing snapshot sha256:6c7dee8f2c39b84b7dc2711c01d33de93514d9055499173e9290176fbe484b6c
Removing snapshot sha256:82753493a6d61ded36556292f02f31841a14c20d2f279f19eaad65afb661d5cd
Removing snapshot sha256:8a10d3db42c505ee0fcfa98417bdd7e39b304f6bcc0a06bb1b220797ff2cc63c
Removing snapshot sha256:a0904247e36a7726c03c71ee48f3e64462021c88dafeb13f37fdaf613b27f11c
Removing snapshot sha256:a21e5b12dbac529ad45d976eb9ce45c881f3bedcc500fb30aba1e52aa1813418
Removing snapshot sha256:aa37166c0822aa2162072e7c3f1731266f83910910e696842698285a03ec5cd7
Removing snapshot sha256:ad214592929a35624a2a848ab8b542cdbf58835d94dd238468d8842ff203e097
Removing snapshot sha256:b921e6c28969094157f9b8e7244677780319637afd14450b7cb6b2fdea558a0c
Removing snapshot sha256:bc27ecb5769a00e309cf99ebc763c4a4b958b618d1decc96ffac5bc05f02f5b7
Removing snapshot sha256:be3ccb6627a5332e309d45ef461d09b4879dd870c7394d89323d0ebc6ca6aa8a
Removing snapshot sha256:c261f7cbbc64211ee175ee47273acdb7b1a36a4450b397a064a8f2c026490095
Removing snapshot sha256:c34d9393647eea0c9e3557ab988efaf59f61d10a2a5613b439ef0958cca5ec10
Removing snapshot sha256:ccf3c4a0fa967a41c1c83497a2ce6fa5787965859df0adb32c4ca2cf7490bc2b
Removing snapshot sha256:cf92d33f869417309692088c341cd0f223c178ea78a125f757317b22aa8f90e9
Removing snapshot sha256:d0037344cf2fb078884f1849f6a1f8cf9a33a3b6139b6a85833e5ee528e1f9a8
Removing snapshot sha256:d3b36d5b79273b1e98e7700470eaeff05a882e777124d84cebcc1505b85ecb36
Removing snapshot sha256:d65a44a37914602d12c611e5e22a50f11451d847e63015cc1c2aef92dee777a4
Removing snapshot sha256:e2dc0bae2455930f23ae570e019b7f32edc75c0f2d71cab084db837ff9051796
Removing snapshot sha256:eccbd24a99c60cd9e86ee5305dbfc4a4dc89f5ab4fb1f06c8d64797cecedef34
Removing snapshot sha256:f144bb4c7c7f0d2aa7eeffd36d934ec40db1ee167be727e326aad9fdc616f475

]]></system-out>
  </testcase>
  <testcase name="platformChart_whenMqttLoadBalancerEnabled_thenSendsReceivesMessage()" classname="com.hivemq.helmcharts.services.HelmMqttIT" time="99.537">
    <system-out><![CDATA[2025-01-30 18:16:43,485 INFO c.h.h.t.HelmChartContainer - Creating namespace 'helmmqttit-operator'...
2025-01-30 18:16:43,491 INFO c.h.h.t.HelmChartContainer - Namespace 'helmmqttit-operator' created
2025-01-30 18:16:43,491 INFO c.h.h.t.HelmChartContainer - Creating namespace 'helmmqttit'...
2025-01-30 18:16:43,496 INFO c.h.h.t.HelmChartContainer - Namespace 'helmmqttit' created
2025-01-30 18:16:43,562 DEBUG c.h.h.t.HelmChartContainer - Executing helm command: /bin/helm --kubeconfig /etc/rancher/k3s/k3s.yaml install test-hivemq-platform-operator /charts/hivemq-platform-operator --wait --timeout 5m0s --set image.repository=docker.io/hivemq --set image.name=hivemq-platform-operator-test --set image.initImageName=hivemq-platform-operator-init-test --set image.tag=snapshot --set image.pullPolicy=Never --set logLevel=DEBUG --set resources.cpu=512m --namespace helmmqttit-operator
2025-01-30 18:16:43,868 INFO c.h.h.t.HelmChartContainer - [K3S] [alloc.go:330] "allocated clusterIPs" service="helmmqttit-operator/hivemq-platform-operator-test-hivemq-platform-operator" clusterIPs={"IPv4":"10.43.170.212"}
2025-01-30 18:16:43,889 INFO c.h.h.t.HelmChartContainer - [EVENT] Normal [ScalingReplicaSet] Scaled up replica set hivemq-test-hivemq-platform-operator-6966f96d65 from 0 to 1 [helmmqttit-operator:hivemq-test-hivemq-platform-operator]
2025-01-30 18:16:43,894 INFO c.h.h.t.HelmChartContainer - [POD] hivemq-test-hivemq-platform-operator-6966f96d65-m7pkk [206a570b-7b85-4864-8a36-19b3a4ecaa8b] in helmmqttit-operator was ADDED
2025-01-30 18:16:43,900 INFO c.h.h.t.HelmChartContainer - [EVENT] Normal [SuccessfulCreate] Created pod: hivemq-test-hivemq-platform-operator-6966f96d65-m7pkk [helmmqttit-operator:hivemq-test-hivemq-platform-operator-6966f96d65]
2025-01-30 18:16:43,901 INFO c.h.h.t.HelmChartContainer - [K3S] [replica_set.go:679] "Finished syncing" kind="ReplicaSet" key="helmmqttit-operator/hivemq-test-hivemq-platform-operator-6966f96d65" duration="19.836334ms"
2025-01-30 18:16:43,905 INFO c.h.h.t.HelmChartContainer - [K3S] [memory_manager.go:355] "RemoveStaleState removing state" podUID="db503ef7-62d4-4975-86d9-afe08b8d97e1" containerName="hivemq-platform-operator"
2025-01-30 18:16:43,905 INFO c.h.h.t.HelmChartContainer - [K3S] [memory_manager.go:355] "RemoveStaleState removing state" podUID="e1fa1cbd-71e9-4830-8237-101c73dcb8a2" containerName="hivemq"
2025-01-30 18:16:43,905 INFO c.h.h.t.HelmChartContainer - [POD] hivemq-test-hivemq-platform-operator-6966f96d65-m7pkk [206a570b-7b85-4864-8a36-19b3a4ecaa8b] in helmmqttit-operator was MODIFIED
2025-01-30 18:16:43,912 INFO c.h.h.t.HelmChartContainer - [EVENT] Normal [Scheduled] Successfully assigned helmmqttit-operator/hivemq-test-hivemq-platform-operator-6966f96d65-m7pkk to 0019a1e396a2 [helmmqttit-operator:hivemq-test-hivemq-platform-operator-6966f96d65-m7pkk]
2025-01-30 18:16:43,919 INFO c.h.h.t.HelmChartContainer - [POD] hivemq-test-hivemq-platform-operator-6966f96d65-m7pkk [206a570b-7b85-4864-8a36-19b3a4ecaa8b] in helmmqttit-operator was MODIFIED
2025-01-30 18:16:43,921 INFO c.h.h.t.HelmChartContainer - [K3S] [replica_set.go:679] "Finished syncing" kind="ReplicaSet" key="helmmqttit-operator/hivemq-test-hivemq-platform-operator-6966f96d65" duration="19.941482ms"
2025-01-30 18:16:43,921 INFO c.h.h.t.HelmChartContainer - [K3S] [replica_set.go:679] "Finished syncing" kind="ReplicaSet" key="helmmqttit-operator/hivemq-test-hivemq-platform-operator-6966f96d65" duration="25.478µs"
2025-01-30 18:16:43,998 INFO c.h.h.t.HelmChartContainer - [K3S] [reconciler_common.go:251] "operationExecutor.VerifyControllerAttachedVolume started for volume \"kube-api-access-pwdxc\" (UniqueName: \"kubernetes.io/projected/206a570b-7b85-4864-8a36-19b3a4ecaa8b-kube-api-access-pwdxc\") pod \"hivemq-test-hivemq-platform-operator-6966f96d65-m7pkk\" (UID: \"206a570b-7b85-4864-8a36-19b3a4ecaa8b\") " pod="helmmqttit-operator/hivemq-test-hivemq-platform-operator-6966f96d65-m7pkk"
2025-01-30 18:16:44,303 INFO c.h.h.t.HelmChartContainer - [EVENT] Normal [Pulled] Container image "docker.io/hivemq/hivemq-platform-operator-test:snapshot" already present on machine [helmmqttit-operator:hivemq-test-hivemq-platform-operator-6966f96d65-m7pkk]
2025-01-30 18:16:44,303 INFO c.h.h.t.HelmChartContainer - Received Pulled event for container hivemq-platform-operator in pod hivemq-test-hivemq-platform-operator-6966f96d65-m7pkk [206a570b-7b85-4864-8a36-19b3a4ecaa8b]
2025-01-30 18:16:45,539 INFO c.h.h.t.HelmChartContainer - [EVENT] Normal [Created] Created container: hivemq-platform-operator [helmmqttit-operator:hivemq-test-hivemq-platform-operator-6966f96d65-m7pkk]
2025-01-30 18:16:45,539 INFO c.h.h.t.HelmChartContainer - Received Created event for container hivemq-platform-operator in pod hivemq-test-hivemq-platform-operator-6966f96d65-m7pkk [206a570b-7b85-4864-8a36-19b3a4ecaa8b]
2025-01-30 18:16:46,503 INFO c.h.h.t.HelmChartContainer - [K3S] [replica_set.go:679] "Finished syncing" kind="ReplicaSet" key="helmmqttit-operator/hivemq-test-hivemq-platform-operator-6966f96d65" duration="39.374µs"
2025-01-30 18:16:46,505 INFO c.h.h.t.HelmChartContainer - [POD] hivemq-test-hivemq-platform-operator-6966f96d65-m7pkk [206a570b-7b85-4864-8a36-19b3a4ecaa8b] in helmmqttit-operator was MODIFIED
2025-01-30 18:16:46,518 INFO c.h.h.t.HelmChartContainer - Started log watcher for hivemq-platform-operator in pod hivemq-test-hivemq-platform-operator-6966f96d65-m7pkk [206a570b-7b85-4864-8a36-19b3a4ecaa8b]
2025-01-30 18:16:46,518 INFO c.h.h.t.HelmChartContainer - [EVENT] Normal [Started] Started container hivemq-platform-operator [helmmqttit-operator:hivemq-test-hivemq-platform-operator-6966f96d65-m7pkk]
2025-01-30 18:16:46,518 INFO c.h.h.t.HelmChartContainer - Received Started event for container hivemq-platform-operator in pod hivemq-test-hivemq-platform-operator-6966f96d65-m7pkk [206a570b-7b85-4864-8a36-19b3a4ecaa8b]
2025-01-30 18:16:46,519 INFO c.h.h.t.HelmChartContainer - [hivemq-test-hivemq-platform] [hivemq-platform-operator] [206a570b] -------------------------------------------------------------------------
2025-01-30 18:16:46,519 INFO c.h.h.t.HelmChartContainer - [hivemq-test-hivemq-platform] [hivemq-platform-operator] [206a570b] 
2025-01-30 18:16:46,519 INFO c.h.h.t.HelmChartContainer - [hivemq-test-hivemq-platform] [hivemq-platform-operator] [206a570b]                   _    _  _              __  __   ____
2025-01-30 18:16:46,519 INFO c.h.h.t.HelmChartContainer - [hivemq-test-hivemq-platform] [hivemq-platform-operator] [206a570b]                  | |  | |(_)            |  \/  | / __ \
2025-01-30 18:16:46,519 INFO c.h.h.t.HelmChartContainer - [hivemq-test-hivemq-platform] [hivemq-platform-operator] [206a570b]                  | |__| | _ __   __ ___ | \  / || |  | |
2025-01-30 18:16:46,519 INFO c.h.h.t.HelmChartContainer - [hivemq-test-hivemq-platform] [hivemq-platform-operator] [206a570b]                  |  __  || |\ \ / // _ \| |\/| || |  | |
2025-01-30 18:16:46,519 INFO c.h.h.t.HelmChartContainer - [hivemq-test-hivemq-platform] [hivemq-platform-operator] [206a570b]                  | |  | || | \ V /|  __/| |  | || |__| |
2025-01-30 18:16:46,519 INFO c.h.h.t.HelmChartContainer - [hivemq-test-hivemq-platform] [hivemq-platform-operator] [206a570b]                  |_|  |_||_|  \_/  \___||_|  |_| \___\_\
2025-01-30 18:16:46,519 INFO c.h.h.t.HelmChartContainer - [hivemq-test-hivemq-platform] [hivemq-platform-operator] [206a570b] 
2025-01-30 18:16:46,519 INFO c.h.h.t.HelmChartContainer - [hivemq-test-hivemq-platform] [hivemq-platform-operator] [206a570b] -------------------------------------------------------------------------
2025-01-30 18:16:46,519 INFO c.h.h.t.HelmChartContainer - [hivemq-test-hivemq-platform] [hivemq-platform-operator] [206a570b] 
2025-01-30 18:16:46,519 INFO c.h.h.t.HelmChartContainer - [hivemq-test-hivemq-platform] [hivemq-platform-operator] [206a570b]   HiveMQ Platform Operator Start Script v1.0
2025-01-30 18:16:46,519 INFO c.h.h.t.HelmChartContainer - [hivemq-test-hivemq-platform] [hivemq-platform-operator] [206a570b] 
2025-01-30 18:16:46,519 INFO c.h.h.t.HelmChartContainer - [hivemq-test-hivemq-platform] [hivemq-platform-operator] [206a570b] -------------------------------------------------------------------------
2025-01-30 18:16:46,519 INFO c.h.h.t.HelmChartContainer - [hivemq-test-hivemq-platform] [hivemq-platform-operator] [206a570b] 
2025-01-30 18:16:46,519 INFO c.h.h.t.HelmChartContainer - [hivemq-test-hivemq-platform] [hivemq-platform-operator] [206a570b]   JAVA_OPTS: -XX:+UnlockExperimentalVMOptions -XX:InitialRAMPercentage=75 -XX:MaxRAMPercentage=75 -Duser.language=en -Duser.region=US
2025-01-30 18:16:46,519 INFO c.h.h.t.HelmChartContainer - [hivemq-test-hivemq-platform] [hivemq-platform-operator] [206a570b] 
2025-01-30 18:16:46,519 INFO c.h.h.t.HelmChartContainer - [hivemq-test-hivemq-platform] [hivemq-platform-operator] [206a570b]   JAVA_VERSION: 21
2025-01-30 18:16:46,519 INFO c.h.h.t.HelmChartContainer - [hivemq-test-hivemq-platform] [hivemq-platform-operator] [206a570b] 
2025-01-30 18:16:46,519 INFO c.h.h.t.HelmChartContainer - [hivemq-test-hivemq-platform] [hivemq-platform-operator] [206a570b] -------------------------------------------------------------------------
2025-01-30 18:16:46,519 INFO c.h.h.t.HelmChartContainer - [hivemq-test-hivemq-platform] [hivemq-platform-operator] [206a570b] 
2025-01-30 18:16:48,710 INFO c.h.h.t.HelmChartContainer - [hivemq-test-hivemq-platform] [hivemq-platform-operator] [206a570b] 18:16:48.707 [main] DEBUG org.jboss.logging - Logging Provider: org.jboss.logging.Slf4jLoggerProvider
2025-01-30 18:16:48,812 INFO c.h.h.t.HelmChartContainer - [hivemq-test-hivemq-platform] [hivemq-platform-operator] [206a570b] 18:16:48.811 [main] DEBUG io.smallrye.config - SRCFG01006: Loaded ConfigSource SysPropConfigSource with ordinal 400
2025-01-30 18:16:48,812 INFO c.h.h.t.HelmChartContainer - [hivemq-test-hivemq-platform] [hivemq-platform-operator] [206a570b] 18:16:48.811 [main] DEBUG io.smallrye.config - SRCFG01006: Loaded ConfigSource EnvConfigSource with ordinal 300
2025-01-30 18:16:48,813 INFO c.h.h.t.HelmChartContainer - [hivemq-test-hivemq-platform] [hivemq-platform-operator] [206a570b] 18:16:48.811 [main] DEBUG io.smallrye.config - SRCFG01006: Loaded ConfigSource PropertiesConfigSource[source=jar:file:///opt/hivemq-platform-operator/bin/hivemq-platform-operator.jar!/hivemq-platform-operator.properties] with ordinal 100
2025-01-30 18:16:48,813 INFO c.h.h.t.HelmChartContainer - [hivemq-test-hivemq-platform] [hivemq-platform-operator] [206a570b] 18:16:48.811 [main] DEBUG io.smallrye.config - SRCFG01006: Loaded ConfigSource DefaultValuesConfigSource with ordinal -2147483648
2025-01-30 18:16:48,923 INFO c.h.h.t.HelmChartContainer - [hivemq-test-hivemq-platform] [hivemq-platform-operator] [206a570b] 18:16:48.922 [main] DEBUG i.m.c.u.i.l.InternalLoggerFactory - Using SLF4J as the default logging framework
2025-01-30 18:16:49,113 INFO c.h.h.t.HelmChartContainer - [hivemq-test-hivemq-platform] [hivemq-platform-operator] [206a570b] 18:16:49.104 [main] INFO  c.h.p.o.HiveMQPlatformOperatorApplication - HiveMQ Platform Operator 1.7.0-SNAPSHOT (commit: 47e3375 on branch: HEAD) built on Thu Jan 30 03:55:50 UTC 2025
2025-01-30 18:16:49,113 INFO c.h.h.t.HelmChartContainer - [hivemq-test-hivemq-platform] [hivemq-platform-operator] [206a570b] 18:16:49.112 [main] INFO  c.h.p.o.HiveMQPlatformOperatorApplication - HiveMQ Platform Operator is running in namespace: helmmqttit-operator
2025-01-30 18:16:49,114 INFO c.h.h.t.HelmChartContainer - [hivemq-test-hivemq-platform] [hivemq-platform-operator] [206a570b] 18:16:49.112 [main] INFO  c.h.p.o.HiveMQPlatformOperatorApplication - Watching all namespaces
2025-01-30 18:16:49,114 INFO c.h.h.t.HelmChartContainer - [hivemq-test-hivemq-platform] [hivemq-platform-operator] [206a570b] 18:16:49.112 [main] INFO  c.h.p.o.HiveMQPlatformOperatorApplication - Log level: DEBUG
2025-01-30 18:16:49,114 INFO c.h.h.t.HelmChartContainer - [hivemq-test-hivemq-platform] [hivemq-platform-operator] [206a570b] 18:16:49.112 [main] INFO  c.h.p.o.HiveMQPlatformOperatorApplication - Release name: test-hivemq-platform-operator
2025-01-30 18:16:49,114 INFO c.h.h.t.HelmChartContainer - [hivemq-test-hivemq-platform] [hivemq-platform-operator] [206a570b] 18:16:49.112 [main] INFO  c.h.p.o.HiveMQPlatformOperatorApplication - HiveMQ Platform Operator Init image: docker.io/hivemq/hivemq-platform-operator-init-test:snapshot
2025-01-30 18:16:49,114 INFO c.h.h.t.HelmChartContainer - [hivemq-test-hivemq-platform] [hivemq-platform-operator] [206a570b] 18:16:49.112 [main] INFO  c.h.p.o.HiveMQPlatformOperatorApplication - HiveMQ Platform Operator Init App update URL: http://hivemq-platform-operator-test-hivemq-platform-operator.helmmqttit-operator.svc:8080/initAppUpdate/hivemq-platform-operator-init-app-1.7.0-SNAPSHOT.jar
2025-01-30 18:16:49,114 INFO c.h.h.t.HelmChartContainer - [hivemq-test-hivemq-platform] [hivemq-platform-operator] [206a570b] 18:16:49.112 [main] INFO  c.h.p.o.HiveMQPlatformOperatorApplication - Additional imagePullSecret for all Platform deployments: none
2025-01-30 18:16:49,114 INFO c.h.h.t.HelmChartContainer - [hivemq-test-hivemq-platform] [hivemq-platform-operator] [206a570b] 18:16:49.112 [main] INFO  c.h.p.o.HiveMQPlatformOperatorApplication - Apply HiveMQ Platform CRD: true
2025-01-30 18:16:49,114 INFO c.h.h.t.HelmChartContainer - [hivemq-test-hivemq-platform] [hivemq-platform-operator] [206a570b] 18:16:49.112 [main] INFO  c.h.p.o.HiveMQPlatformOperatorApplication - Create Platform ServiceAccount: true
2025-01-30 18:16:49,114 INFO c.h.h.t.HelmChartContainer - [hivemq-test-hivemq-platform] [hivemq-platform-operator] [206a570b] 18:16:49.112 [main] INFO  c.h.p.o.HiveMQPlatformOperatorApplication - Create Platform ServiceAccount permissions: true
2025-01-30 18:16:49,114 INFO c.h.h.t.HelmChartContainer - [hivemq-test-hivemq-platform] [hivemq-platform-operator] [206a570b] 18:16:49.112 [main] INFO  c.h.p.o.HiveMQPlatformOperatorApplication - Validate Platform ServiceAccount: true
2025-01-30 18:16:49,114 INFO c.h.h.t.HelmChartContainer - [hivemq-test-hivemq-platform] [hivemq-platform-operator] [206a570b] 18:16:49.112 [main] INFO  c.h.p.o.HiveMQPlatformOperatorApplication - Validate Platform ServiceAccount permissions: true
2025-01-30 18:16:49,232 INFO c.h.h.t.HelmChartContainer - [hivemq-test-hivemq-platform] [hivemq-platform-operator] [206a570b] 18:16:49.231 [main] INFO  c.h.platform.operator.util.CRDUtil - Verifying deployed HiveMQ Platform CRD...
2025-01-30 18:16:51,610 INFO c.h.h.t.HelmChartContainer - [hivemq-test-hivemq-platform] [hivemq-platform-operator] [206a570b] 18:16:51.608 [main] DEBUG c.h.platform.operator.util.CRDUtil - HiveMQ Platform CRD version v1 is up to date
2025-01-30 18:16:51,610 INFO c.h.h.t.HelmChartContainer - [hivemq-test-hivemq-platform] [hivemq-platform-operator] [206a570b] 18:16:51.609 [main] INFO  c.h.platform.operator.util.CRDUtil - HiveMQ Platform CRD is up to date (version: V1_6_0)
2025-01-30 18:16:51,611 INFO c.h.h.t.HelmChartContainer - [hivemq-test-hivemq-platform] [hivemq-platform-operator] [206a570b] 18:16:51.609 [main] INFO  c.h.platform.operator.util.CRDUtil - Waiting 10000 ms for HiveMQ Platform CRD 'hivemq-platforms.hivemq.com' to become ready...
2025-01-30 18:16:51,915 INFO c.h.h.t.HelmChartContainer - [hivemq-test-hivemq-platform] [hivemq-platform-operator] [206a570b] 18:16:51.913 [vert.x-eventloop-thread-1] DEBUG c.h.platform.operator.util.CRDUtil - Checking CRD condition 'NamesAccepted' (status: 'True')
2025-01-30 18:16:51,915 INFO c.h.h.t.HelmChartContainer - [hivemq-test-hivemq-platform] [hivemq-platform-operator] [206a570b] 18:16:51.913 [vert.x-eventloop-thread-1] DEBUG c.h.platform.operator.util.CRDUtil - Checking CRD condition 'Established' (status: 'True')
2025-01-30 18:16:51,916 INFO c.h.h.t.HelmChartContainer - [hivemq-test-hivemq-platform] [hivemq-platform-operator] [206a570b] 18:16:51.914 [main] INFO  c.h.platform.operator.util.CRDUtil - HiveMQ Platform CRD 'hivemq-platforms.hivemq.com' is ready
2025-01-30 18:16:52,115 INFO c.h.h.t.HelmChartContainer - [hivemq-test-hivemq-platform] [hivemq-platform-operator] [206a570b] 18:16:52.113 [main] INFO  c.h.p.o.HiveMQPlatformReconciler - HiveMQ Platform Operator is starting...
2025-01-30 18:16:52,218 INFO c.h.h.t.HelmChartContainer - [hivemq-test-hivemq-platform] [hivemq-platform-operator] [206a570b] 18:16:52.217 [main] WARN  Default ConfigurationService implementation - Configuration for reconciler 'hivemq-controller' was not found. Known reconcilers: None.
2025-01-30 18:16:52,306 INFO c.h.h.t.HelmChartContainer - [hivemq-test-hivemq-platform] [hivemq-platform-operator] [206a570b] 18:16:52.305 [main] INFO  Default ConfigurationService implementation - Created configuration for reconciler com.hivemq.platform.operator.HiveMQPlatformReconciler with name hivemq-controller
2025-01-30 18:16:52,406 INFO c.h.h.t.HelmChartContainer - [hivemq-test-hivemq-platform] [hivemq-platform-operator] [206a570b] 18:16:52.405 [main] DEBUG c.h.p.o.HiveMQPlatformReconciler - HiveMQ Platform Operator is preparing EventSources
2025-01-30 18:16:52,419 INFO c.h.h.t.HelmChartContainer - [hivemq-test-hivemq-platform] [hivemq-platform-operator] [206a570b] 18:16:52.417 [main] INFO  i.javaoperatorsdk.operator.Operator - Registered reconciler: 'hivemq-controller' for resource: 'class com.hivemq.platform.operator.v1.HiveMQPlatform' for namespace(s): [all namespaces]
2025-01-30 18:16:53,003 INFO c.h.h.t.HelmChartContainer - [hivemq-test-hivemq-platform] [hivemq-platform-operator] [206a570b] 18:16:53.001 [main] INFO  c.h.p.operator.webserver.JettyServer - Starting Jetty server on port 8080
2025-01-30 18:16:53,020 INFO c.h.h.t.HelmChartContainer - [hivemq-test-hivemq-platform] [hivemq-platform-operator] [206a570b] 18:16:53.019 [main] INFO  i.javaoperatorsdk.operator.Operator - Operator SDK 4.9.7 (commit: 2133d28) built on Wed Nov 20 12:56:20 UTC 2024 starting...
2025-01-30 18:16:53,021 INFO c.h.h.t.HelmChartContainer - [hivemq-test-hivemq-platform] [hivemq-platform-operator] [206a570b] 18:16:53.019 [main] INFO  i.javaoperatorsdk.operator.Operator - Client version: 6.13.5
2025-01-30 18:16:53,022 INFO c.h.h.t.HelmChartContainer - [hivemq-test-hivemq-platform] [hivemq-platform-operator] [206a570b] 18:16:53.020 [Controller Starter for: hivemq-controller] INFO  i.j.operator.processing.Controller - Starting 'hivemq-controller' controller for reconciler: com.hivemq.platform.operator.HiveMQPlatformReconciler, resource: com.hivemq.platform.operator.v1.HiveMQPlatform
2025-01-30 18:16:55,415 INFO c.h.h.t.HelmChartContainer - [hivemq-test-hivemq-platform] [hivemq-platform-operator] [206a570b] 18:16:55.414 [Controller Starter for: hivemq-controller] INFO  i.j.operator.processing.Controller - 'hivemq-controller' controller started
2025-01-30 18:16:55,416 INFO c.h.h.t.HelmChartContainer - [hivemq-test-hivemq-platform] [hivemq-platform-operator] [206a570b] 18:16:55.414 [main] INFO  c.h.p.o.HiveMQPlatformOperatorApplication - HiveMQ Platform Operator 1.7.0-SNAPSHOT started in 6310 ms
2025-01-30 18:16:57,509 INFO c.h.h.t.HelmChartContainer - [POD] hivemq-test-hivemq-platform-operator-6966f96d65-m7pkk [206a570b-7b85-4864-8a36-19b3a4ecaa8b] in helmmqttit-operator was MODIFIED
2025-01-30 18:16:57,519 INFO c.h.h.t.HelmChartContainer - [K3S] [replica_set.go:679] "Finished syncing" kind="ReplicaSet" key="helmmqttit-operator/hivemq-test-hivemq-platform-operator-6966f96d65" duration="9.746596ms"
2025-01-30 18:16:57,520 INFO c.h.h.t.HelmChartContainer - [K3S] [replica_set.go:679] "Finished syncing" kind="ReplicaSet" key="helmmqttit-operator/hivemq-test-hivemq-platform-operator-6966f96d65" duration="39.524µs"
2025-01-30 18:16:58,034 DEBUG c.h.h.t.HelmChartContainer - Executing helm command: /bin/helm --kubeconfig /etc/rancher/k3s/k3s.yaml install test-hivemq-platform /charts/hivemq-platform --wait --timeout 5m0s --set image.repository=docker.io/hivemq --set image.tag=4.36.0 --set image.pullPolicy=Never --set nodes.resources.cpu=512m -f /files/mqtt-load-balancer-values.yaml --namespace helmmqttit
2025-01-30 18:16:58,405 INFO c.h.h.t.HelmChartContainer - [hivemq-test-hivemq-platform] [hivemq-platform-operator] [206a570b] 18:16:58.404 [-2082509879-pool-1-thread-2] WARN  i.m.p.PrometheusMeterRegistry - The meter (MeterId{name='operator.sdk.events.received', tags=[tag(action=ADDED),tag(event=ResourceEvent),tag(group=hivemq.com),tag(kind=HiveMQPlatform),tag(name=test-hivemq-platform),tag(namespace=helmmqttit),tag(scope=namespace),tag(version=v1)]}) registration has failed: Prometheus requires that all meters with the same name have the same set of tag keys. There is already an existing meter named 'operator.sdk.events.received' containing tag keys [event, group, kind, name, namespace, scope, version]. The meter you are attempting to register has keys [action, event, group, kind, name, namespace, scope, version]. Note that subsequent logs will be logged at debug level.
2025-01-30 18:16:58,813 INFO c.h.h.t.HelmChartContainer - [hivemq-test-hivemq-platform] [hivemq-platform-operator] [206a570b] 18:16:58.808 [pool-6-thread-3] DEBUG c.h.p.o.dependants.PodInfoConfigMap - [helmmqtt] Desired PodInfo ConfigMap (1 extensions) (1 enabled)
2025-01-30 18:16:58,813 INFO c.h.h.t.HelmChartContainer - [hivemq-test-hivemq-platform] [hivemq-platform-operator] [206a570b] 18:16:58.809 [pool-6-thread-3] DEBUG c.h.p.o.dependants.PodInfoConfigMap - [helmmqtt] Desired PodInfo ConfigMap (metrics port: 9399) (metrics path: /)
2025-01-30 18:16:58,813 INFO c.h.h.t.HelmChartContainer - [hivemq-test-hivemq-platform] [hivemq-platform-operator] [206a570b] 18:16:58.809 [pool-6-thread-3] DEBUG c.h.p.o.dependants.PodInfoConfigMap - [helmmqtt] Desired PodInfo ConfigMap (extension state hash: -1817474005)
2025-01-30 18:16:58,813 INFO c.h.h.t.HelmChartContainer - [hivemq-test-hivemq-platform] [hivemq-platform-operator] [206a570b] 18:16:58.810 [pool-6-thread-3] DEBUG c.h.p.o.dependants.PodInfoConfigMap - [helmmqtt] Create PodInfo ConfigMap
2025-01-30 18:16:59,004 INFO c.h.h.t.HelmChartContainer - [hivemq-test-hivemq-platform] [hivemq-platform-operator] [206a570b] 18:16:59.000 [pool-6-thread-5] DEBUG c.h.p.o.dependants.PodRoleResource - [helmmqtt] Create Role: Role(apiVersion=rbac.authorization.k8s.io/v1, kind=Role, metadata=ObjectMeta(annotations={meta.helm.sh/release-name=test-hivemq-platform, meta.helm.sh/release-namespace=helmmqttit}, creationTimestamp=null, deletionGracePeriodSeconds=null, deletionTimestamp=null, finalizers=[], generateName=null, generation=null, labels={helm.sh/chart=hivemq-platform-0.2.32, app.kubernetes.io/managed-by=Helm, app.kubernetes.io/name=hivemq-platform, hivemq-platform=test-hivemq-platform, app.kubernetes.io/instance=test-hivemq-platform, app.kubernetes.io/version=4.36.0}, managedFields=[], name=hivemq-platform-role-test-hivemq-platform, namespace=helmmqttit, ownerReferences=[OwnerReference(apiVersion=hivemq.com/v1, blockOwnerDeletion=null, controller=null, kind=HiveMQPlatform, name=test-hivemq-platform, uid=cdfeeb65-bebd-4a92-af04-8448d58b70eb, additionalProperties={})], resourceVersion=null, selfLink=null, uid=null, additionalProperties={}), rules=[PolicyRule(apiGroups=[], nonResourceURLs=[], resourceNames=[], resources=[pods], verbs=[get, patch, update], additionalProperties={})], additionalProperties={})
2025-01-30 18:16:59,103 INFO c.h.h.t.HelmChartContainer - [hivemq-test-hivemq-platform] [hivemq-platform-operator] [206a570b] 18:16:59.101 [pool-6-thread-7] DEBUG c.h.p.o.d.PodServiceAccountResource - [helmmqtt] Desired PodServiceAccountResource (serviceAccountName: hivemq-platform-pod-test-hivemq-platform)
2025-01-30 18:16:59,104 INFO c.h.h.t.HelmChartContainer - [hivemq-test-hivemq-platform] [hivemq-platform-operator] [206a570b] 18:16:59.102 [pool-6-thread-7] DEBUG c.h.p.o.d.PodServiceAccountResource - [helmmqtt] Create ServiceAccount 'hivemq-platform-pod-test-hivemq-platform'
2025-01-30 18:16:59,210 INFO c.h.h.t.HelmChartContainer - [hivemq-test-hivemq-platform] [hivemq-platform-operator] [206a570b] 18:16:59.209 [pool-6-thread-9] DEBUG c.h.p.o.d.PodRoleBindingResource - [helmmqtt] Create RoleBinding: RoleBinding(apiVersion=rbac.authorization.k8s.io/v1, kind=RoleBinding, metadata=ObjectMeta(annotations={meta.helm.sh/release-name=test-hivemq-platform, meta.helm.sh/release-namespace=helmmqttit}, creationTimestamp=null, deletionGracePeriodSeconds=null, deletionTimestamp=null, finalizers=[], generateName=null, generation=null, labels={helm.sh/chart=hivemq-platform-0.2.32, app.kubernetes.io/managed-by=Helm, app.kubernetes.io/name=hivemq-platform, hivemq-platform=test-hivemq-platform, app.kubernetes.io/instance=test-hivemq-platform, app.kubernetes.io/version=4.36.0}, managedFields=[], name=hivemq-platform-role-binding-test-hivemq-platform, namespace=helmmqttit, ownerReferences=[OwnerReference(apiVersion=hivemq.com/v1, blockOwnerDeletion=null, controller=null, kind=HiveMQPlatform, name=test-hivemq-platform, uid=cdfeeb65-bebd-4a92-af04-8448d58b70eb, additionalProperties={})], resourceVersion=null, selfLink=null, uid=null, additionalProperties={}), roleRef=RoleRef(apiGroup=rbac.authorization.k8s.io, kind=Role, name=hivemq-platform-role-test-hivemq-platform, additionalProperties={}), subjects=[Subject(apiGroup=null, kind=ServiceAccount, name=hivemq-platform-pod-test-hivemq-platform, namespace=helmmqttit, additionalProperties={})], additionalProperties={})
2025-01-30 18:16:59,303 INFO c.h.h.t.HelmChartContainer - [hivemq-test-hivemq-platform] [hivemq-platform-operator] [206a570b] 18:16:59.302 [ReconcilerExecutor-hivemq-controller-53] INFO  c.h.p.o.HiveMQPlatformReconciler - [helmmqtt] Reconciling HiveMQ Platform 'test-hivemq-platform' in namespace 'helmmqttit'
2025-01-30 18:16:59,303 INFO c.h.h.t.HelmChartContainer - [hivemq-test-hivemq-platform] [hivemq-platform-operator] [206a570b] 18:16:59.302 [ReconcilerExecutor-hivemq-controller-53] DEBUG c.h.p.o.HiveMQPlatformReconciler - [helmmqtt] Custom Resource Status CREATED - HiveMQ Platform was created (READY)
2025-01-30 18:16:59,304 INFO c.h.h.t.HelmChartContainer - [hivemq-test-hivemq-platform] [hivemq-platform-operator] [206a570b] 18:16:59.302 [ReconcilerExecutor-hivemq-controller-53] DEBUG c.h.p.o.HiveMQPlatformReconciler - [helmmqtt] Custom Resource Spec (replicas: 1) (extensions: 1)
2025-01-30 18:16:59,307 INFO c.h.h.t.HelmChartContainer - [hivemq-test-hivemq-platform] [hivemq-platform-operator] [206a570b] 18:16:59.306 [ReconcilerExecutor-hivemq-controller-53] INFO  c.h.p.o.h.HiveMQPlatformReconcilerBaseHandler - [helmmqtt] HiveMQ Platform is starting
2025-01-30 18:16:59,412 INFO c.h.h.t.HelmChartContainer - [hivemq-test-hivemq-platform] [hivemq-platform-operator] [206a570b] 18:16:59.411 [ReconcilerExecutor-hivemq-controller-53] DEBUG c.h.p.operator.event.EventSender - [helmmqtt] Creating K8s event hivemq-platform-starting: [Start] HiveMQ Platform is starting
2025-01-30 18:16:59,420 INFO c.h.h.t.HelmChartContainer - [EVENT] Normal [Start] HiveMQ Platform is starting [helmmqttit:test-hivemq-platform]
2025-01-30 18:16:59,505 INFO c.h.h.t.HelmChartContainer - [hivemq-test-hivemq-platform] [hivemq-platform-operator] [206a570b] 18:16:59.503 [ReconcilerExecutor-hivemq-controller-53] INFO  c.h.p.o.h.AbstractHiveMQReconcilerStateHandler - [helmmqtt] Update HiveMQ Platform Status (CREATED [READY] -> STARTING [READY]): HiveMQ Platform is starting
2025-01-30 18:16:59,518 DEBUG com.hivemq.helmcharts.util.K8sUtil - Comparing actual state 'STARTING' and waiting for 'RUNNING'
2025-01-30 18:17:09,614 INFO c.h.h.t.HelmChartContainer - [hivemq-test-hivemq-platform] [hivemq-platform-operator] [206a570b] 18:17:09.608 [pool-6-thread-12] DEBUG c.h.p.o.d.PlatformServiceResource - [helmmqtt] Desired Platform services (2 services)
2025-01-30 18:17:09,615 INFO c.h.h.t.HelmChartContainer - [hivemq-test-hivemq-platform] [hivemq-platform-operator] [206a570b] 18:17:09.610 [pool-6-thread-13] DEBUG c.h.p.o.dependants.PodInfoConfigMap - [helmmqtt] Desired PodInfo ConfigMap (1 extensions) (1 enabled)
2025-01-30 18:17:09,615 INFO c.h.h.t.HelmChartContainer - [hivemq-test-hivemq-platform] [hivemq-platform-operator] [206a570b] 18:17:09.610 [pool-6-thread-13] DEBUG c.h.p.o.dependants.PodInfoConfigMap - [helmmqtt] Desired PodInfo ConfigMap (metrics port: 9399) (metrics path: /)
2025-01-30 18:17:09,615 INFO c.h.h.t.HelmChartContainer - [hivemq-test-hivemq-platform] [hivemq-platform-operator] [206a570b] 18:17:09.610 [pool-6-thread-13] DEBUG c.h.p.o.dependants.PodInfoConfigMap - [helmmqtt] Desired PodInfo ConfigMap (extension state hash: -1817474005)
2025-01-30 18:17:09,704 INFO c.h.h.t.HelmChartContainer - [hivemq-test-hivemq-platform] [hivemq-platform-operator] [206a570b] 18:17:09.701 [pool-6-thread-17] DEBUG c.h.p.o.d.PodServiceAccountResource - [helmmqtt] Desired PodServiceAccountResource (serviceAccountName: hivemq-platform-pod-test-hivemq-platform)
2025-01-30 18:17:09,706 INFO c.h.h.t.HelmChartContainer - [hivemq-test-hivemq-platform] [hivemq-platform-operator] [206a570b] 18:17:09.703 [pool-6-thread-13] DEBUG c.h.p.o.dependants.PodInfoConfigMap - [helmmqtt] Update PodInfo ConfigMap
2025-01-30 18:17:09,715 INFO c.h.h.t.HelmChartContainer - [K3S] [alloc.go:330] "allocated clusterIPs" service="helmmqttit/hivemq-test-hivemq-platform-metrics-9399" clusterIPs={"IPv4":"10.43.104.154"}
2025-01-30 18:17:09,814 INFO c.h.h.t.HelmChartContainer - [K3S] [alloc.go:330] "allocated clusterIPs" service="helmmqttit/hivemq-test-hivemq-platform-mqtt-1884" clusterIPs={"IPv4":"10.43.63.123"}
2025-01-30 18:17:09,818 INFO c.h.h.t.HelmChartContainer - [K3S] [event.go:389] "Event occurred" object="helmmqttit/hivemq-test-hivemq-platform-mqtt-1884" fieldPath="" kind="Service" apiVersion="v1" type="Normal" reason="EnsuringLoadBalancer" message="Ensuring load balancer"
2025-01-30 18:17:09,826 INFO c.h.h.t.HelmChartContainer - [EVENT] Normal [EnsuringLoadBalancer] Ensuring load balancer [helmmqttit:hivemq-test-hivemq-platform-mqtt-1884]
2025-01-30 18:17:09,826 INFO c.h.h.t.HelmChartContainer - [hivemq-test-hivemq-platform] [hivemq-platform-operator] [206a570b] 18:17:09.819 [pool-6-thread-20] DEBUG c.h.p.o.d.StatefulSetResource - [helmmqtt] Desired StatefulSet (1 replicas) for status STARTING (READY)
2025-01-30 18:17:09,831 INFO c.h.h.t.HelmChartContainer - [EVENT] Warning [FailedToCreateEndpoint] Failed to create endpoint for service helmmqttit/hivemq-test-hivemq-platform-mqtt-1884: endpoints "hivemq-test-hivemq-platform-mqtt-1884" already exists [null:hivemq-test-hivemq-platform-mqtt-1884]
2025-01-30 18:17:09,833 INFO c.h.h.t.HelmChartContainer - [K3S] [event.go:389] "Event occurred" object="helmmqttit/hivemq-test-hivemq-platform-mqtt-1884" fieldPath="" kind="Service" apiVersion="v1" type="Normal" reason="AppliedDaemonSet" message="Applied LoadBalancer DaemonSet kube-system/svclb-hivemq-test-hivemq-platform-mqtt-1884-7378d45a"
2025-01-30 18:17:09,836 INFO c.h.h.t.HelmChartContainer - [EVENT] Normal [AppliedDaemonSet] Applied LoadBalancer DaemonSet kube-system/svclb-hivemq-test-hivemq-platform-mqtt-1884-7378d45a [helmmqttit:hivemq-test-hivemq-platform-mqtt-1884]
2025-01-30 18:17:09,848 INFO c.h.h.t.HelmChartContainer - [POD] svclb-hivemq-test-hivemq-platform-mqtt-1884-7378d45a-mkzrl [d7f4c30d-3ac6-476d-bad1-8d043c5d2e3e] in kube-system was ADDED
2025-01-30 18:17:09,852 INFO c.h.h.t.HelmChartContainer - [POD] svclb-hivemq-test-hivemq-platform-mqtt-1884-7378d45a-mkzrl [d7f4c30d-3ac6-476d-bad1-8d043c5d2e3e] in kube-system was MODIFIED
2025-01-30 18:17:09,864 INFO c.h.h.t.HelmChartContainer - [POD] svclb-hivemq-test-hivemq-platform-mqtt-1884-7378d45a-mkzrl [d7f4c30d-3ac6-476d-bad1-8d043c5d2e3e] in kube-system was MODIFIED
2025-01-30 18:17:10,003 INFO c.h.h.t.HelmChartContainer - [hivemq-test-hivemq-platform] [hivemq-platform-operator] [206a570b] 18:17:10.002 [pool-6-thread-20] DEBUG c.h.p.o.d.StatefulSetResource - [helmmqtt] Create StatefulSet
2025-01-30 18:17:10,030 INFO c.h.h.t.HelmChartContainer - [EVENT] Normal [SuccessfulCreate] create Pod test-hivemq-platform-0 in StatefulSet test-hivemq-platform successful [helmmqttit:test-hivemq-platform]
2025-01-30 18:17:10,033 INFO c.h.h.t.HelmChartContainer - [POD] test-hivemq-platform-0 [23ed6897-cea8-4cf5-9d34-8f26aba2e1c4] in helmmqttit was ADDED
2025-01-30 18:17:10,036 INFO c.h.h.t.HelmChartContainer - [POD] test-hivemq-platform-0 [23ed6897-cea8-4cf5-9d34-8f26aba2e1c4] in helmmqttit was MODIFIED
2025-01-30 18:17:10,037 INFO c.h.h.t.HelmChartContainer - [EVENT] Normal [Scheduled] Successfully assigned helmmqttit/test-hivemq-platform-0 to 0019a1e396a2 [helmmqttit:test-hivemq-platform-0]
2025-01-30 18:17:10,044 INFO c.h.h.t.HelmChartContainer - [POD] test-hivemq-platform-0 [23ed6897-cea8-4cf5-9d34-8f26aba2e1c4] in helmmqttit was MODIFIED
2025-01-30 18:17:10,106 INFO c.h.h.t.HelmChartContainer - [hivemq-test-hivemq-platform] [hivemq-platform-operator] [206a570b] 18:17:10.104 [ReconcilerExecutor-hivemq-controller-64] INFO  c.h.p.o.HiveMQPlatformReconciler - [helmmqtt] Reconciling HiveMQ Platform 'test-hivemq-platform' in namespace 'helmmqttit'
2025-01-30 18:17:10,106 INFO c.h.h.t.HelmChartContainer - [hivemq-test-hivemq-platform] [hivemq-platform-operator] [206a570b] 18:17:10.104 [ReconcilerExecutor-hivemq-controller-64] DEBUG c.h.p.o.HiveMQPlatformReconciler - [helmmqtt] Custom Resource Status STARTING - HiveMQ Platform is starting (READY)
2025-01-30 18:17:10,106 INFO c.h.h.t.HelmChartContainer - [hivemq-test-hivemq-platform] [hivemq-platform-operator] [206a570b] 18:17:10.104 [ReconcilerExecutor-hivemq-controller-64] DEBUG c.h.p.o.HiveMQPlatformReconciler - [helmmqtt] Custom Resource Spec (replicas: 1) (extensions: 1)
2025-01-30 18:17:10,112 INFO c.h.h.t.HelmChartContainer - [hivemq-test-hivemq-platform] [hivemq-platform-operator] [206a570b] 18:17:10.110 [ReconcilerExecutor-hivemq-controller-64] DEBUG c.h.p.o.HiveMQPlatformReconciler - [helmmqtt] StatefulSet Status (revision: null, replicas: 0, available: 0, ready: 0, current: 0, updated: 0)
2025-01-30 18:17:10,113 INFO c.h.h.t.HelmChartContainer - [hivemq-test-hivemq-platform] [hivemq-platform-operator] [206a570b] 18:17:10.110 [ReconcilerExecutor-hivemq-controller-64] DEBUG c.h.p.o.HiveMQPlatformReconciler - [helmmqtt] StatefulSet Spec (replicas: 1, init containers: 1, containers: 1, volumes: 3)
2025-01-30 18:17:10,160 INFO c.h.h.t.HelmChartContainer - [K3S] [reconciler_common.go:251] "operationExecutor.VerifyControllerAttachedVolume started for volume \"broker-configuration\" (UniqueName: \"kubernetes.io/configmap/23ed6897-cea8-4cf5-9d34-8f26aba2e1c4-broker-configuration\") pod \"test-hivemq-platform-0\" (UID: \"23ed6897-cea8-4cf5-9d34-8f26aba2e1c4\") " pod="helmmqttit/test-hivemq-platform-0"
2025-01-30 18:17:10,160 INFO c.h.h.t.HelmChartContainer - [K3S] [reconciler_common.go:251] "operationExecutor.VerifyControllerAttachedVolume started for volume \"pod-info\" (UniqueName: \"kubernetes.io/configmap/23ed6897-cea8-4cf5-9d34-8f26aba2e1c4-pod-info\") pod \"test-hivemq-platform-0\" (UID: \"23ed6897-cea8-4cf5-9d34-8f26aba2e1c4\") " pod="helmmqttit/test-hivemq-platform-0"
2025-01-30 18:17:10,160 INFO c.h.h.t.HelmChartContainer - [K3S] [reconciler_common.go:251] "operationExecutor.VerifyControllerAttachedVolume started for volume \"operator-init\" (UniqueName: \"kubernetes.io/empty-dir/23ed6897-cea8-4cf5-9d34-8f26aba2e1c4-operator-init\") pod \"test-hivemq-platform-0\" (UID: \"23ed6897-cea8-4cf5-9d34-8f26aba2e1c4\") " pod="helmmqttit/test-hivemq-platform-0"
2025-01-30 18:17:10,160 INFO c.h.h.t.HelmChartContainer - [K3S] [reconciler_common.go:251] "operationExecutor.VerifyControllerAttachedVolume started for volume \"kube-api-access-dq8l4\" (UniqueName: \"kubernetes.io/projected/23ed6897-cea8-4cf5-9d34-8f26aba2e1c4-kube-api-access-dq8l4\") pod \"test-hivemq-platform-0\" (UID: \"23ed6897-cea8-4cf5-9d34-8f26aba2e1c4\") " pod="helmmqttit/test-hivemq-platform-0"
2025-01-30 18:17:10,208 INFO c.h.h.t.HelmChartContainer - [hivemq-test-hivemq-platform] [hivemq-platform-operator] [206a570b] 18:17:10.207 [ReconcilerExecutor-hivemq-controller-64] DEBUG c.h.p.o.h.HiveMQPlatformReconcilerErrorHandler - [helmmqtt] Pod 'test-hivemq-platform-0' phase Pending
2025-01-30 18:17:10,209 INFO c.h.h.t.HelmChartContainer - [hivemq-test-hivemq-platform] [hivemq-platform-operator] [206a570b] 18:17:10.207 [ReconcilerExecutor-hivemq-controller-64] DEBUG c.h.p.o.h.HiveMQPlatformReconcilerErrorHandler - [helmmqtt] Pod 'test-hivemq-platform-0' condition 'PodReadyToStartContainers': False
2025-01-30 18:17:10,209 INFO c.h.h.t.HelmChartContainer - [hivemq-test-hivemq-platform] [hivemq-platform-operator] [206a570b] 18:17:10.208 [ReconcilerExecutor-hivemq-controller-64] DEBUG c.h.p.o.h.HiveMQPlatformReconcilerErrorHandler - [helmmqtt] Pod 'test-hivemq-platform-0' condition 'Initialized': False
2025-01-30 18:17:10,209 INFO c.h.h.t.HelmChartContainer - [hivemq-test-hivemq-platform] [hivemq-platform-operator] [206a570b] 18:17:10.208 [ReconcilerExecutor-hivemq-controller-64] DEBUG c.h.p.o.h.HiveMQPlatformReconcilerErrorHandler - [helmmqtt] Pod 'test-hivemq-platform-0' condition 'Ready': False
2025-01-30 18:17:10,209 INFO c.h.h.t.HelmChartContainer - [hivemq-test-hivemq-platform] [hivemq-platform-operator] [206a570b] 18:17:10.208 [ReconcilerExecutor-hivemq-controller-64] DEBUG c.h.p.o.h.HiveMQPlatformReconcilerErrorHandler - [helmmqtt] Pod 'test-hivemq-platform-0' condition 'ContainersReady': False
2025-01-30 18:17:10,209 INFO c.h.h.t.HelmChartContainer - [hivemq-test-hivemq-platform] [hivemq-platform-operator] [206a570b] 18:17:10.208 [ReconcilerExecutor-hivemq-controller-64] DEBUG c.h.p.o.h.HiveMQPlatformReconcilerErrorHandler - [helmmqtt] Pod 'test-hivemq-platform-0' condition 'PodScheduled': True
2025-01-30 18:17:10,210 INFO c.h.h.t.HelmChartContainer - [hivemq-test-hivemq-platform] [hivemq-platform-operator] [206a570b] 18:17:10.209 [ReconcilerExecutor-hivemq-controller-64] DEBUG c.h.p.o.h.HiveMQPlatformReconcilerErrorHandler - [helmmqtt] Pod 'test-hivemq-platform-0' containerStatus 'hivemq' (started: false) (ready: false) (waiting: [PodInitializing] null)
2025-01-30 18:17:10,212 INFO c.h.h.t.HelmChartContainer - [hivemq-test-hivemq-platform] [hivemq-platform-operator] [206a570b] 18:17:10.211 [ReconcilerExecutor-hivemq-controller-64] INFO  c.h.p.o.h.HiveMQPlatformReconcilerBaseHandler - [helmmqtt] HiveMQ Platform is starting, 0 of 1 replicas are ready
2025-01-30 18:17:10,217 INFO c.h.h.t.HelmChartContainer - [hivemq-test-hivemq-platform] [hivemq-platform-operator] [206a570b] 18:17:10.215 [pool-6-thread-22] DEBUG c.h.p.o.d.PlatformServiceResource - [helmmqtt] Desired Platform services (2 services)
2025-01-30 18:17:10,218 INFO c.h.h.t.HelmChartContainer - [hivemq-test-hivemq-platform] [hivemq-platform-operator] [206a570b] 18:17:10.216 [pool-6-thread-23] DEBUG c.h.p.o.dependants.PodInfoConfigMap - [helmmqtt] Desired PodInfo ConfigMap (1 extensions) (1 enabled)
2025-01-30 18:17:10,218 INFO c.h.h.t.HelmChartContainer - [hivemq-test-hivemq-platform] [hivemq-platform-operator] [206a570b] 18:17:10.216 [pool-6-thread-23] DEBUG c.h.p.o.dependants.PodInfoConfigMap - [helmmqtt] Desired PodInfo ConfigMap (metrics port: 9399) (metrics path: /)
2025-01-30 18:17:10,218 INFO c.h.h.t.HelmChartContainer - [hivemq-test-hivemq-platform] [hivemq-platform-operator] [206a570b] 18:17:10.216 [pool-6-thread-23] DEBUG c.h.p.o.dependants.PodInfoConfigMap - [helmmqtt] Desired PodInfo ConfigMap (extension state hash: -1817474005)
2025-01-30 18:17:10,304 INFO c.h.h.t.HelmChartContainer - [hivemq-test-hivemq-platform] [hivemq-platform-operator] [206a570b] 18:17:10.303 [pool-6-thread-27] DEBUG c.h.p.o.d.PodServiceAccountResource - [helmmqtt] Desired PodServiceAccountResource (serviceAccountName: hivemq-platform-pod-test-hivemq-platform)
2025-01-30 18:17:10,310 INFO c.h.h.t.HelmChartContainer - [hivemq-test-hivemq-platform] [hivemq-platform-operator] [206a570b] 18:17:10.309 [pool-6-thread-30] DEBUG c.h.p.o.d.StatefulSetResource - [helmmqtt] Desired StatefulSet (1 replicas) for status STARTING (READY)
2025-01-30 18:17:10,317 INFO c.h.h.t.HelmChartContainer - [hivemq-test-hivemq-platform] [hivemq-platform-operator] [206a570b] 18:17:10.316 [ReconcilerExecutor-hivemq-controller-75] INFO  c.h.p.o.HiveMQPlatformReconciler - [helmmqtt] Reconciling HiveMQ Platform 'test-hivemq-platform' in namespace 'helmmqttit'
2025-01-30 18:17:10,317 INFO c.h.h.t.HelmChartContainer - [hivemq-test-hivemq-platform] [hivemq-platform-operator] [206a570b] 18:17:10.316 [ReconcilerExecutor-hivemq-controller-75] DEBUG c.h.p.o.HiveMQPlatformReconciler - [helmmqtt] Custom Resource Status STARTING - HiveMQ Platform is starting (READY)
2025-01-30 18:17:10,317 INFO c.h.h.t.HelmChartContainer - [hivemq-test-hivemq-platform] [hivemq-platform-operator] [206a570b] 18:17:10.316 [ReconcilerExecutor-hivemq-controller-75] DEBUG c.h.p.o.HiveMQPlatformReconciler - [helmmqtt] Custom Resource Spec (replicas: 1) (extensions: 1)
2025-01-30 18:17:10,404 INFO c.h.h.t.HelmChartContainer - [hivemq-test-hivemq-platform] [hivemq-platform-operator] [206a570b] 18:17:10.401 [ReconcilerExecutor-hivemq-controller-75] DEBUG c.h.p.o.HiveMQPlatformReconciler - [helmmqtt] StatefulSet Status (revision: test-hivemq-platform-7bbc5894fb, replicas: 1, available: 0, ready: 0, current: 1, updated: 1)
2025-01-30 18:17:10,404 INFO c.h.h.t.HelmChartContainer - [hivemq-test-hivemq-platform] [hivemq-platform-operator] [206a570b] 18:17:10.401 [ReconcilerExecutor-hivemq-controller-75] DEBUG c.h.p.o.HiveMQPlatformReconciler - [helmmqtt] StatefulSet Spec (replicas: 1, init containers: 1, containers: 1, volumes: 3)
2025-01-30 18:17:10,404 INFO c.h.h.t.HelmChartContainer - [hivemq-test-hivemq-platform] [hivemq-platform-operator] [206a570b] 18:17:10.404 [ReconcilerExecutor-hivemq-controller-75] DEBUG c.h.p.o.h.HiveMQPlatformReconcilerErrorHandler - [helmmqtt] Pod 'test-hivemq-platform-0' phase Pending
2025-01-30 18:17:10,425 INFO c.h.h.t.HelmChartContainer - [hivemq-test-hivemq-platform] [hivemq-platform-operator] [206a570b] 18:17:10.404 [ReconcilerExecutor-hivemq-controller-75] DEBUG c.h.p.o.h.HiveMQPlatformReconcilerErrorHandler - [helmmqtt] Pod 'test-hivemq-platform-0' condition 'PodReadyToStartContainers': False
2025-01-30 18:17:10,425 INFO c.h.h.t.HelmChartContainer - [hivemq-test-hivemq-platform] [hivemq-platform-operator] [206a570b] 18:17:10.404 [ReconcilerExecutor-hivemq-controller-75] DEBUG c.h.p.o.h.HiveMQPlatformReconcilerErrorHandler - [helmmqtt] Pod 'test-hivemq-platform-0' condition 'Initialized': False
2025-01-30 18:17:10,425 INFO c.h.h.t.HelmChartContainer - [hivemq-test-hivemq-platform] [hivemq-platform-operator] [206a570b] 18:17:10.404 [ReconcilerExecutor-hivemq-controller-75] DEBUG c.h.p.o.h.HiveMQPlatformReconcilerErrorHandler - [helmmqtt] Pod 'test-hivemq-platform-0' condition 'Ready': False
2025-01-30 18:17:10,425 INFO c.h.h.t.HelmChartContainer - [hivemq-test-hivemq-platform] [hivemq-platform-operator] [206a570b] 18:17:10.404 [ReconcilerExecutor-hivemq-controller-75] DEBUG c.h.p.o.h.HiveMQPlatformReconcilerErrorHandler - [helmmqtt] Pod 'test-hivemq-platform-0' condition 'ContainersReady': False
2025-01-30 18:17:10,425 INFO c.h.h.t.HelmChartContainer - [hivemq-test-hivemq-platform] [hivemq-platform-operator] [206a570b] 18:17:10.404 [ReconcilerExecutor-hivemq-controller-75] DEBUG c.h.p.o.h.HiveMQPlatformReconcilerErrorHandler - [helmmqtt] Pod 'test-hivemq-platform-0' condition 'PodScheduled': True
2025-01-30 18:17:10,425 INFO c.h.h.t.HelmChartContainer - [hivemq-test-hivemq-platform] [hivemq-platform-operator] [206a570b] 18:17:10.404 [ReconcilerExecutor-hivemq-controller-75] DEBUG c.h.p.o.h.HiveMQPlatformReconcilerErrorHandler - [helmmqtt] Pod 'test-hivemq-platform-0' containerStatus 'hivemq' (started: false) (ready: false) (waiting: [PodInitializing] null)
2025-01-30 18:17:10,425 INFO c.h.h.t.HelmChartContainer - [hivemq-test-hivemq-platform] [hivemq-platform-operator] [206a570b] 18:17:10.407 [ReconcilerExecutor-hivemq-controller-75] INFO  c.h.p.o.h.HiveMQPlatformReconcilerBaseHandler - [helmmqtt] HiveMQ Platform is starting, 0 of 1 replicas are ready
2025-01-30 18:17:10,435 INFO c.h.h.t.HelmChartContainer - [EVENT] Normal [Pulled] Container image "docker.io/hivemq/hivemq-platform-operator-init-test:snapshot" already present on machine [helmmqttit:test-hivemq-platform-0]
2025-01-30 18:17:10,542 INFO c.h.h.t.HelmChartContainer - [EVENT] Normal [Created] Created container: hivemq-platform-operator-init [helmmqttit:test-hivemq-platform-0]
2025-01-30 18:17:10,581 INFO c.h.h.t.HelmChartContainer - [EVENT] Normal [Started] Started container hivemq-platform-operator-init [helmmqttit:test-hivemq-platform-0]
2025-01-30 18:17:11,535 INFO c.h.h.t.HelmChartContainer - [EVENT] Normal [Pulled] Container image "docker.io/hivemq/hivemq4:4.36.0" already present on machine [helmmqttit:test-hivemq-platform-0]
2025-01-30 18:17:11,536 INFO c.h.h.t.HelmChartContainer - Received Pulled event for container hivemq in pod test-hivemq-platform-0 [23ed6897-cea8-4cf5-9d34-8f26aba2e1c4]
2025-01-30 18:17:11,557 INFO c.h.h.t.HelmChartContainer - [POD] test-hivemq-platform-0 [23ed6897-cea8-4cf5-9d34-8f26aba2e1c4] in helmmqttit was MODIFIED
2025-01-30 18:17:11,579 INFO c.h.h.t.HelmChartContainer - [hivemq-test-hivemq-platform] [hivemq-platform-operator] [206a570b] 18:17:11.574 [pool-6-thread-32] DEBUG c.h.p.o.d.PlatformServiceResource - [helmmqtt] Desired Platform services (2 services)
2025-01-30 18:17:11,579 INFO c.h.h.t.HelmChartContainer - [hivemq-test-hivemq-platform] [hivemq-platform-operator] [206a570b] 18:17:11.577 [pool-6-thread-33] DEBUG c.h.p.o.dependants.PodInfoConfigMap - [helmmqtt] Desired PodInfo ConfigMap (1 extensions) (1 enabled)
2025-01-30 18:17:11,584 INFO c.h.h.t.HelmChartContainer - [hivemq-test-hivemq-platform] [hivemq-platform-operator] [206a570b] 18:17:11.582 [pool-6-thread-33] DEBUG c.h.p.o.dependants.PodInfoConfigMap - [helmmqtt] Desired PodInfo ConfigMap (metrics port: 9399) (metrics path: /)
2025-01-30 18:17:11,584 INFO c.h.h.t.HelmChartContainer - [hivemq-test-hivemq-platform] [hivemq-platform-operator] [206a570b] 18:17:11.583 [pool-6-thread-33] DEBUG c.h.p.o.dependants.PodInfoConfigMap - [helmmqtt] Desired PodInfo ConfigMap (extension state hash: -1817474005)
2025-01-30 18:17:11,592 INFO c.h.h.t.HelmChartContainer - [hivemq-test-hivemq-platform] [hivemq-platform-operator] [206a570b] 18:17:11.585 [pool-6-thread-37] DEBUG c.h.p.o.d.PodServiceAccountResource - [helmmqtt] Desired PodServiceAccountResource (serviceAccountName: hivemq-platform-pod-test-hivemq-platform)
2025-01-30 18:17:11,608 INFO c.h.h.t.HelmChartContainer - [hivemq-test-hivemq-platform] [hivemq-platform-operator] [206a570b] 18:17:11.603 [pool-6-thread-39] DEBUG c.h.p.o.d.StatefulSetResource - [helmmqtt] Desired StatefulSet (1 replicas) for status STARTING (READY)
2025-01-30 18:17:11,612 INFO c.h.h.t.HelmChartContainer - [hivemq-test-hivemq-platform] [hivemq-platform-operator] [206a570b] 18:17:11.609 [ReconcilerExecutor-hivemq-controller-86] INFO  c.h.p.o.HiveMQPlatformReconciler - [helmmqtt] Reconciling HiveMQ Platform 'test-hivemq-platform' in namespace 'helmmqttit'
2025-01-30 18:17:11,618 INFO c.h.h.t.HelmChartContainer - [hivemq-test-hivemq-platform] [hivemq-platform-operator] [206a570b] 18:17:11.609 [ReconcilerExecutor-hivemq-controller-86] DEBUG c.h.p.o.HiveMQPlatformReconciler - [helmmqtt] Custom Resource Status STARTING - HiveMQ Platform is starting (READY)
2025-01-30 18:17:11,619 INFO c.h.h.t.HelmChartContainer - [hivemq-test-hivemq-platform] [hivemq-platform-operator] [206a570b] 18:17:11.609 [ReconcilerExecutor-hivemq-controller-86] DEBUG c.h.p.o.HiveMQPlatformReconciler - [helmmqtt] Custom Resource Spec (replicas: 1) (extensions: 1)
2025-01-30 18:17:11,619 INFO c.h.h.t.HelmChartContainer - [hivemq-test-hivemq-platform] [hivemq-platform-operator] [206a570b] 18:17:11.612 [ReconcilerExecutor-hivemq-controller-86] DEBUG c.h.p.o.HiveMQPlatformReconciler - [helmmqtt] StatefulSet Status (revision: test-hivemq-platform-7bbc5894fb, replicas: 1, available: 0, ready: 0, current: 1, updated: 1)
2025-01-30 18:17:11,620 INFO c.h.h.t.HelmChartContainer - [hivemq-test-hivemq-platform] [hivemq-platform-operator] [206a570b] 18:17:11.612 [ReconcilerExecutor-hivemq-controller-86] DEBUG c.h.p.o.HiveMQPlatformReconciler - [helmmqtt] StatefulSet Spec (replicas: 1, init containers: 1, containers: 1, volumes: 3)
2025-01-30 18:17:11,620 INFO c.h.h.t.HelmChartContainer - [hivemq-test-hivemq-platform] [hivemq-platform-operator] [206a570b] 18:17:11.615 [ReconcilerExecutor-hivemq-controller-86] DEBUG c.h.p.o.h.HiveMQPlatformReconcilerErrorHandler - [helmmqtt] Pod 'test-hivemq-platform-0' phase Pending
2025-01-30 18:17:11,620 INFO c.h.h.t.HelmChartContainer - [hivemq-test-hivemq-platform] [hivemq-platform-operator] [206a570b] 18:17:11.616 [ReconcilerExecutor-hivemq-controller-86] DEBUG c.h.p.o.h.HiveMQPlatformReconcilerErrorHandler - [helmmqtt] Pod 'test-hivemq-platform-0' condition 'PodReadyToStartContainers': True
2025-01-30 18:17:11,620 INFO c.h.h.t.HelmChartContainer - [hivemq-test-hivemq-platform] [hivemq-platform-operator] [206a570b] 18:17:11.616 [ReconcilerExecutor-hivemq-controller-86] DEBUG c.h.p.o.h.HiveMQPlatformReconcilerErrorHandler - [helmmqtt] Pod 'test-hivemq-platform-0' condition 'Initialized': True
2025-01-30 18:17:11,620 INFO c.h.h.t.HelmChartContainer - [hivemq-test-hivemq-platform] [hivemq-platform-operator] [206a570b] 18:17:11.616 [ReconcilerExecutor-hivemq-controller-86] DEBUG c.h.p.o.h.HiveMQPlatformReconcilerErrorHandler - [helmmqtt] Pod 'test-hivemq-platform-0' condition 'Ready': False
2025-01-30 18:17:11,620 INFO c.h.h.t.HelmChartContainer - [hivemq-test-hivemq-platform] [hivemq-platform-operator] [206a570b] 18:17:11.616 [ReconcilerExecutor-hivemq-controller-86] DEBUG c.h.p.o.h.HiveMQPlatformReconcilerErrorHandler - [helmmqtt] Pod 'test-hivemq-platform-0' condition 'ContainersReady': False
2025-01-30 18:17:11,620 INFO c.h.h.t.HelmChartContainer - [hivemq-test-hivemq-platform] [hivemq-platform-operator] [206a570b] 18:17:11.616 [ReconcilerExecutor-hivemq-controller-86] DEBUG c.h.p.o.h.HiveMQPlatformReconcilerErrorHandler - [helmmqtt] Pod 'test-hivemq-platform-0' condition 'PodScheduled': True
2025-01-30 18:17:11,620 INFO c.h.h.t.HelmChartContainer - [hivemq-test-hivemq-platform] [hivemq-platform-operator] [206a570b] 18:17:11.616 [ReconcilerExecutor-hivemq-controller-86] DEBUG c.h.p.o.h.HiveMQPlatformReconcilerErrorHandler - [helmmqtt] Pod 'test-hivemq-platform-0' containerStatus 'hivemq' (started: false) (ready: false) (waiting: [PodInitializing] null)
2025-01-30 18:17:11,620 INFO c.h.h.t.HelmChartContainer - [hivemq-test-hivemq-platform] [hivemq-platform-operator] [206a570b] 18:17:11.617 [ReconcilerExecutor-hivemq-controller-86] INFO  c.h.p.o.h.HiveMQPlatformReconcilerBaseHandler - [helmmqtt] HiveMQ Platform is starting, 0 of 1 replicas are ready
2025-01-30 18:17:12,547 INFO c.h.h.t.HelmChartContainer - [POD] svclb-hivemq-test-hivemq-platform-mqtt-1884-7378d45a-mkzrl [d7f4c30d-3ac6-476d-bad1-8d043c5d2e3e] in kube-system was MODIFIED
2025-01-30 18:17:12,558 INFO c.h.h.t.HelmChartContainer - [K3S] [event.go:389] "Event occurred" object="helmmqttit/hivemq-test-hivemq-platform-mqtt-1884" fieldPath="" kind="Service" apiVersion="v1" type="Normal" reason="UpdatedLoadBalancer" message="Updated LoadBalancer with new IPs: [] -> [172.18.0.2]"
2025-01-30 18:17:12,566 INFO c.h.h.t.HelmChartContainer - [EVENT] Normal [UpdatedLoadBalancer] Updated LoadBalancer with new IPs: [] -> [172.18.0.2] [helmmqttit:hivemq-test-hivemq-platform-mqtt-1884]
2025-01-30 18:17:12,578 INFO c.h.h.t.HelmChartContainer - [hivemq-test-hivemq-platform] [hivemq-platform-operator] [206a570b] 18:17:12.573 [pool-6-thread-43] DEBUG c.h.p.o.dependants.PodInfoConfigMap - [helmmqtt] Desired PodInfo ConfigMap (1 extensions) (1 enabled)
2025-01-30 18:17:12,580 INFO c.h.h.t.HelmChartContainer - [hivemq-test-hivemq-platform] [hivemq-platform-operator] [206a570b] 18:17:12.576 [pool-6-thread-42] DEBUG c.h.p.o.d.PlatformServiceResource - [helmmqtt] Desired Platform services (2 services)
2025-01-30 18:17:12,580 INFO c.h.h.t.HelmChartContainer - [hivemq-test-hivemq-platform] [hivemq-platform-operator] [206a570b] 18:17:12.577 [pool-6-thread-43] DEBUG c.h.p.o.dependants.PodInfoConfigMap - [helmmqtt] Desired PodInfo ConfigMap (metrics port: 9399) (metrics path: /)
2025-01-30 18:17:12,580 INFO c.h.h.t.HelmChartContainer - [hivemq-test-hivemq-platform] [hivemq-platform-operator] [206a570b] 18:17:12.578 [pool-6-thread-43] DEBUG c.h.p.o.dependants.PodInfoConfigMap - [helmmqtt] Desired PodInfo ConfigMap (extension state hash: -1817474005)
2025-01-30 18:17:12,582 INFO c.h.h.t.HelmChartContainer - [hivemq-test-hivemq-platform] [hivemq-platform-operator] [206a570b] 18:17:12.578 [pool-6-thread-47] DEBUG c.h.p.o.d.PodServiceAccountResource - [helmmqtt] Desired PodServiceAccountResource (serviceAccountName: hivemq-platform-pod-test-hivemq-platform)
2025-01-30 18:17:12,612 INFO c.h.h.t.HelmChartContainer - [hivemq-test-hivemq-platform] [hivemq-platform-operator] [206a570b] 18:17:12.606 [pool-6-thread-50] DEBUG c.h.p.o.d.StatefulSetResource - [helmmqtt] Desired StatefulSet (1 replicas) for status STARTING (READY)
2025-01-30 18:17:12,617 INFO c.h.h.t.HelmChartContainer - [hivemq-test-hivemq-platform] [hivemq-platform-operator] [206a570b] 18:17:12.615 [ReconcilerExecutor-hivemq-controller-97] INFO  c.h.p.o.HiveMQPlatformReconciler - [helmmqtt] Reconciling HiveMQ Platform 'test-hivemq-platform' in namespace 'helmmqttit'
2025-01-30 18:17:12,617 INFO c.h.h.t.HelmChartContainer - [hivemq-test-hivemq-platform] [hivemq-platform-operator] [206a570b] 18:17:12.615 [ReconcilerExecutor-hivemq-controller-97] DEBUG c.h.p.o.HiveMQPlatformReconciler - [helmmqtt] Custom Resource Status STARTING - HiveMQ Platform is starting (READY)
2025-01-30 18:17:12,618 INFO c.h.h.t.HelmChartContainer - [hivemq-test-hivemq-platform] [hivemq-platform-operator] [206a570b] 18:17:12.615 [ReconcilerExecutor-hivemq-controller-97] DEBUG c.h.p.o.HiveMQPlatformReconciler - [helmmqtt] Custom Resource Spec (replicas: 1) (extensions: 1)
2025-01-30 18:17:12,622 INFO c.h.h.t.HelmChartContainer - [hivemq-test-hivemq-platform] [hivemq-platform-operator] [206a570b] 18:17:12.620 [ReconcilerExecutor-hivemq-controller-97] DEBUG c.h.p.o.HiveMQPlatformReconciler - [helmmqtt] StatefulSet Status (revision: test-hivemq-platform-7bbc5894fb, replicas: 1, available: 0, ready: 0, current: 1, updated: 1)
2025-01-30 18:17:12,622 INFO c.h.h.t.HelmChartContainer - [hivemq-test-hivemq-platform] [hivemq-platform-operator] [206a570b] 18:17:12.621 [ReconcilerExecutor-hivemq-controller-97] DEBUG c.h.p.o.HiveMQPlatformReconciler - [helmmqtt] StatefulSet Spec (replicas: 1, init containers: 1, containers: 1, volumes: 3)
2025-01-30 18:17:12,625 INFO c.h.h.t.HelmChartContainer - [hivemq-test-hivemq-platform] [hivemq-platform-operator] [206a570b] 18:17:12.624 [ReconcilerExecutor-hivemq-controller-97] DEBUG c.h.p.o.h.HiveMQPlatformReconcilerErrorHandler - [helmmqtt] Pod 'test-hivemq-platform-0' phase Pending
2025-01-30 18:17:12,626 INFO c.h.h.t.HelmChartContainer - [hivemq-test-hivemq-platform] [hivemq-platform-operator] [206a570b] 18:17:12.626 [ReconcilerExecutor-hivemq-controller-97] DEBUG c.h.p.o.h.HiveMQPlatformReconcilerErrorHandler - [helmmqtt] Pod 'test-hivemq-platform-0' condition 'PodReadyToStartContainers': True
2025-01-30 18:17:12,626 INFO c.h.h.t.HelmChartContainer - [hivemq-test-hivemq-platform] [hivemq-platform-operator] [206a570b] 18:17:12.626 [ReconcilerExecutor-hivemq-controller-97] DEBUG c.h.p.o.h.HiveMQPlatformReconcilerErrorHandler - [helmmqtt] Pod 'test-hivemq-platform-0' condition 'Initialized': True
2025-01-30 18:17:12,629 INFO c.h.h.t.HelmChartContainer - [hivemq-test-hivemq-platform] [hivemq-platform-operator] [206a570b] 18:17:12.626 [ReconcilerExecutor-hivemq-controller-97] DEBUG c.h.p.o.h.HiveMQPlatformReconcilerErrorHandler - [helmmqtt] Pod 'test-hivemq-platform-0' condition 'Ready': False
2025-01-30 18:17:12,629 INFO c.h.h.t.HelmChartContainer - [hivemq-test-hivemq-platform] [hivemq-platform-operator] [206a570b] 18:17:12.626 [ReconcilerExecutor-hivemq-controller-97] DEBUG c.h.p.o.h.HiveMQPlatformReconcilerErrorHandler - [helmmqtt] Pod 'test-hivemq-platform-0' condition 'ContainersReady': False
2025-01-30 18:17:12,629 INFO c.h.h.t.HelmChartContainer - [hivemq-test-hivemq-platform] [hivemq-platform-operator] [206a570b] 18:17:12.626 [ReconcilerExecutor-hivemq-controller-97] DEBUG c.h.p.o.h.HiveMQPlatformReconcilerErrorHandler - [helmmqtt] Pod 'test-hivemq-platform-0' condition 'PodScheduled': True
2025-01-30 18:17:12,629 INFO c.h.h.t.HelmChartContainer - [hivemq-test-hivemq-platform] [hivemq-platform-operator] [206a570b] 18:17:12.627 [ReconcilerExecutor-hivemq-controller-97] DEBUG c.h.p.o.h.HiveMQPlatformReconcilerErrorHandler - [helmmqtt] Pod 'test-hivemq-platform-0' containerStatus 'hivemq' (started: false) (ready: false) (waiting: [PodInitializing] null)
2025-01-30 18:17:12,629 INFO c.h.h.t.HelmChartContainer - [hivemq-test-hivemq-platform] [hivemq-platform-operator] [206a570b] 18:17:12.627 [ReconcilerExecutor-hivemq-controller-97] INFO  c.h.p.o.h.HiveMQPlatformReconcilerBaseHandler - [helmmqtt] HiveMQ Platform is starting, 0 of 1 replicas are ready
2025-01-30 18:17:12,703 INFO c.h.h.t.HelmChartContainer - [hivemq-test-hivemq-platform] [hivemq-platform-operator] [206a570b] 18:17:12.701 [pool-6-thread-6] DEBUG c.h.p.o.d.PlatformServiceResource - [helmmqtt] Desired Platform services (2 services)
2025-01-30 18:17:12,706 INFO c.h.h.t.HelmChartContainer - [hivemq-test-hivemq-platform] [hivemq-platform-operator] [206a570b] 18:17:12.702 [pool-6-thread-5] DEBUG c.h.p.o.dependants.PodInfoConfigMap - [helmmqtt] Desired PodInfo ConfigMap (1 extensions) (1 enabled)
2025-01-30 18:17:12,706 INFO c.h.h.t.HelmChartContainer - [hivemq-test-hivemq-platform] [hivemq-platform-operator] [206a570b] 18:17:12.702 [pool-6-thread-5] DEBUG c.h.p.o.dependants.PodInfoConfigMap - [helmmqtt] Desired PodInfo ConfigMap (metrics port: 9399) (metrics path: /)
2025-01-30 18:17:12,706 INFO c.h.h.t.HelmChartContainer - [hivemq-test-hivemq-platform] [hivemq-platform-operator] [206a570b] 18:17:12.702 [pool-6-thread-5] DEBUG c.h.p.o.dependants.PodInfoConfigMap - [helmmqtt] Desired PodInfo ConfigMap (extension state hash: -1817474005)
2025-01-30 18:17:12,707 INFO c.h.h.t.HelmChartContainer - [hivemq-test-hivemq-platform] [hivemq-platform-operator] [206a570b] 18:17:12.706 [pool-6-thread-5] DEBUG c.h.p.o.d.PodServiceAccountResource - [helmmqtt] Desired PodServiceAccountResource (serviceAccountName: hivemq-platform-pod-test-hivemq-platform)
2025-01-30 18:17:12,714 INFO c.h.h.t.HelmChartContainer - [hivemq-test-hivemq-platform] [hivemq-platform-operator] [206a570b] 18:17:12.714 [pool-6-thread-6] DEBUG c.h.p.o.d.StatefulSetResource - [helmmqtt] Desired StatefulSet (1 replicas) for status STARTING (READY)
2025-01-30 18:17:12,719 INFO c.h.h.t.HelmChartContainer - [hivemq-test-hivemq-platform] [hivemq-platform-operator] [206a570b] 18:17:12.718 [ReconcilerExecutor-hivemq-controller-108] INFO  c.h.p.o.HiveMQPlatformReconciler - [helmmqtt] Reconciling HiveMQ Platform 'test-hivemq-platform' in namespace 'helmmqttit'
2025-01-30 18:17:12,721 INFO c.h.h.t.HelmChartContainer - [hivemq-test-hivemq-platform] [hivemq-platform-operator] [206a570b] 18:17:12.718 [ReconcilerExecutor-hivemq-controller-108] DEBUG c.h.p.o.HiveMQPlatformReconciler - [helmmqtt] Custom Resource Status STARTING - HiveMQ Platform is starting (READY)
2025-01-30 18:17:12,721 INFO c.h.h.t.HelmChartContainer - [hivemq-test-hivemq-platform] [hivemq-platform-operator] [206a570b] 18:17:12.718 [ReconcilerExecutor-hivemq-controller-108] DEBUG c.h.p.o.HiveMQPlatformReconciler - [helmmqtt] Custom Resource Spec (replicas: 1) (extensions: 1)
2025-01-30 18:17:12,803 INFO c.h.h.t.HelmChartContainer - [hivemq-test-hivemq-platform] [hivemq-platform-operator] [206a570b] 18:17:12.800 [ReconcilerExecutor-hivemq-controller-108] DEBUG c.h.p.o.HiveMQPlatformReconciler - [helmmqtt] StatefulSet Status (revision: test-hivemq-platform-7bbc5894fb, replicas: 1, available: 0, ready: 0, current: 1, updated: 1)
2025-01-30 18:17:12,804 INFO c.h.h.t.HelmChartContainer - [hivemq-test-hivemq-platform] [hivemq-platform-operator] [206a570b] 18:17:12.800 [ReconcilerExecutor-hivemq-controller-108] DEBUG c.h.p.o.HiveMQPlatformReconciler - [helmmqtt] StatefulSet Spec (replicas: 1, init containers: 1, containers: 1, volumes: 3)
2025-01-30 18:17:12,805 INFO c.h.h.t.HelmChartContainer - [hivemq-test-hivemq-platform] [hivemq-platform-operator] [206a570b] 18:17:12.803 [ReconcilerExecutor-hivemq-controller-108] DEBUG c.h.p.o.h.HiveMQPlatformReconcilerErrorHandler - [helmmqtt] Pod 'test-hivemq-platform-0' phase Pending
2025-01-30 18:17:12,805 INFO c.h.h.t.HelmChartContainer - [hivemq-test-hivemq-platform] [hivemq-platform-operator] [206a570b] 18:17:12.803 [ReconcilerExecutor-hivemq-controller-108] DEBUG c.h.p.o.h.HiveMQPlatformReconcilerErrorHandler - [helmmqtt] Pod 'test-hivemq-platform-0' condition 'PodReadyToStartContainers': True
2025-01-30 18:17:12,807 INFO c.h.h.t.HelmChartContainer - [hivemq-test-hivemq-platform] [hivemq-platform-operator] [206a570b] 18:17:12.803 [ReconcilerExecutor-hivemq-controller-108] DEBUG c.h.p.o.h.HiveMQPlatformReconcilerErrorHandler - [helmmqtt] Pod 'test-hivemq-platform-0' condition 'Initialized': True
2025-01-30 18:17:12,807 INFO c.h.h.t.HelmChartContainer - [hivemq-test-hivemq-platform] [hivemq-platform-operator] [206a570b] 18:17:12.803 [ReconcilerExecutor-hivemq-controller-108] DEBUG c.h.p.o.h.HiveMQPlatformReconcilerErrorHandler - [helmmqtt] Pod 'test-hivemq-platform-0' condition 'Ready': False
2025-01-30 18:17:12,807 INFO c.h.h.t.HelmChartContainer - [hivemq-test-hivemq-platform] [hivemq-platform-operator] [206a570b] 18:17:12.803 [ReconcilerExecutor-hivemq-controller-108] DEBUG c.h.p.o.h.HiveMQPlatformReconcilerErrorHandler - [helmmqtt] Pod 'test-hivemq-platform-0' condition 'ContainersReady': False
2025-01-30 18:17:12,807 INFO c.h.h.t.HelmChartContainer - [hivemq-test-hivemq-platform] [hivemq-platform-operator] [206a570b] 18:17:12.803 [ReconcilerExecutor-hivemq-controller-108] DEBUG c.h.p.o.h.HiveMQPlatformReconcilerErrorHandler - [helmmqtt] Pod 'test-hivemq-platform-0' condition 'PodScheduled': True
2025-01-30 18:17:12,807 INFO c.h.h.t.HelmChartContainer - [hivemq-test-hivemq-platform] [hivemq-platform-operator] [206a570b] 18:17:12.803 [ReconcilerExecutor-hivemq-controller-108] DEBUG c.h.p.o.h.HiveMQPlatformReconcilerErrorHandler - [helmmqtt] Pod 'test-hivemq-platform-0' containerStatus 'hivemq' (started: false) (ready: false) (waiting: [PodInitializing] null)
2025-01-30 18:17:12,807 INFO c.h.h.t.HelmChartContainer - [hivemq-test-hivemq-platform] [hivemq-platform-operator] [206a570b] 18:17:12.804 [ReconcilerExecutor-hivemq-controller-108] INFO  c.h.p.o.h.HiveMQPlatformReconcilerBaseHandler - [helmmqtt] HiveMQ Platform is starting, 0 of 1 replicas are ready
2025-01-30 18:17:12,855 INFO c.h.h.t.HelmChartContainer - [EVENT] Normal [Created] Created container: hivemq [helmmqttit:test-hivemq-platform-0]
2025-01-30 18:17:12,855 INFO c.h.h.t.HelmChartContainer - Received Created event for container hivemq in pod test-hivemq-platform-0 [23ed6897-cea8-4cf5-9d34-8f26aba2e1c4]
2025-01-30 18:17:13,551 INFO c.h.h.t.HelmChartContainer - [POD] test-hivemq-platform-0 [23ed6897-cea8-4cf5-9d34-8f26aba2e1c4] in helmmqttit was MODIFIED
2025-01-30 18:17:13,560 INFO c.h.h.t.HelmChartContainer - [hivemq-test-hivemq-platform] [hivemq-platform-operator] [206a570b] 18:17:13.556 [pool-6-thread-16] DEBUG c.h.p.o.d.PlatformServiceResource - [helmmqtt] Desired Platform services (2 services)
2025-01-30 18:17:13,560 INFO c.h.h.t.HelmChartContainer - [hivemq-test-hivemq-platform] [hivemq-platform-operator] [206a570b] 18:17:13.557 [pool-6-thread-15] DEBUG c.h.p.o.dependants.PodInfoConfigMap - [helmmqtt] Desired PodInfo ConfigMap (1 extensions) (1 enabled)
2025-01-30 18:17:13,560 INFO c.h.h.t.HelmChartContainer - [hivemq-test-hivemq-platform] [hivemq-platform-operator] [206a570b] 18:17:13.557 [pool-6-thread-15] DEBUG c.h.p.o.dependants.PodInfoConfigMap - [helmmqtt] Desired PodInfo ConfigMap (metrics port: 9399) (metrics path: /)
2025-01-30 18:17:13,560 INFO c.h.h.t.HelmChartContainer - [hivemq-test-hivemq-platform] [hivemq-platform-operator] [206a570b] 18:17:13.557 [pool-6-thread-15] DEBUG c.h.p.o.dependants.PodInfoConfigMap - [helmmqtt] Desired PodInfo ConfigMap (extension state hash: -1817474005)
2025-01-30 18:17:13,560 INFO c.h.h.t.HelmChartContainer - [hivemq-test-hivemq-platform] [hivemq-platform-operator] [206a570b] 18:17:13.559 [pool-6-thread-19] DEBUG c.h.p.o.d.PodServiceAccountResource - [helmmqtt] Desired PodServiceAccountResource (serviceAccountName: hivemq-platform-pod-test-hivemq-platform)
2025-01-30 18:17:13,566 INFO c.h.h.t.HelmChartContainer - Started log watcher for hivemq in pod test-hivemq-platform-0 [23ed6897-cea8-4cf5-9d34-8f26aba2e1c4]
2025-01-30 18:17:13,566 INFO c.h.h.t.HelmChartContainer - [EVENT] Normal [Started] Started container hivemq [helmmqttit:test-hivemq-platform-0]
2025-01-30 18:17:13,566 INFO c.h.h.t.HelmChartContainer - Received Started event for container hivemq in pod test-hivemq-platform-0 [23ed6897-cea8-4cf5-9d34-8f26aba2e1c4]
2025-01-30 18:17:13,566 INFO c.h.h.t.HelmChartContainer - [test-hivemq-platform] [hivemq] [23ed6897] Adding pre-installed HiveMQ Platform Operator extensions
2025-01-30 18:17:13,567 INFO c.h.h.t.HelmChartContainer - [test-hivemq-platform] [hivemq] [23ed6897] Running as user 10000
2025-01-30 18:17:13,567 INFO c.h.h.t.HelmChartContainer - [test-hivemq-platform] [hivemq] [23ed6897] Starting HiveMQ Platform Operator Init
2025-01-30 18:17:13,569 INFO c.h.h.t.HelmChartContainer - [hivemq-test-hivemq-platform] [hivemq-platform-operator] [206a570b] 18:17:13.568 [pool-6-thread-16] DEBUG c.h.p.o.d.StatefulSetResource - [helmmqtt] Desired StatefulSet (1 replicas) for status STARTING (READY)
2025-01-30 18:17:13,573 INFO c.h.h.t.HelmChartContainer - [hivemq-test-hivemq-platform] [hivemq-platform-operator] [206a570b] 18:17:13.572 [ReconcilerExecutor-hivemq-controller-109] INFO  c.h.p.o.HiveMQPlatformReconciler - [helmmqtt] Reconciling HiveMQ Platform 'test-hivemq-platform' in namespace 'helmmqttit'
2025-01-30 18:17:13,574 INFO c.h.h.t.HelmChartContainer - [hivemq-test-hivemq-platform] [hivemq-platform-operator] [206a570b] 18:17:13.572 [ReconcilerExecutor-hivemq-controller-109] DEBUG c.h.p.o.HiveMQPlatformReconciler - [helmmqtt] Custom Resource Status STARTING - HiveMQ Platform is starting (READY)
2025-01-30 18:17:13,574 INFO c.h.h.t.HelmChartContainer - [hivemq-test-hivemq-platform] [hivemq-platform-operator] [206a570b] 18:17:13.572 [ReconcilerExecutor-hivemq-controller-109] DEBUG c.h.p.o.HiveMQPlatformReconciler - [helmmqtt] Custom Resource Spec (replicas: 1) (extensions: 1)
2025-01-30 18:17:13,604 INFO c.h.h.t.HelmChartContainer - [hivemq-test-hivemq-platform] [hivemq-platform-operator] [206a570b] 18:17:13.602 [ReconcilerExecutor-hivemq-controller-109] DEBUG c.h.p.o.HiveMQPlatformReconciler - [helmmqtt] StatefulSet Status (revision: test-hivemq-platform-7bbc5894fb, replicas: 1, available: 0, ready: 0, current: 1, updated: 1)
2025-01-30 18:17:13,604 INFO c.h.h.t.HelmChartContainer - [hivemq-test-hivemq-platform] [hivemq-platform-operator] [206a570b] 18:17:13.602 [ReconcilerExecutor-hivemq-controller-109] DEBUG c.h.p.o.HiveMQPlatformReconciler - [helmmqtt] StatefulSet Spec (replicas: 1, init containers: 1, containers: 1, volumes: 3)
2025-01-30 18:17:13,610 INFO c.h.h.t.HelmChartContainer - [hivemq-test-hivemq-platform] [hivemq-platform-operator] [206a570b] 18:17:13.607 [ReconcilerExecutor-hivemq-controller-109] DEBUG c.h.p.o.h.HiveMQPlatformReconcilerErrorHandler - [helmmqtt] Pod 'test-hivemq-platform-0' phase Running
2025-01-30 18:17:13,610 INFO c.h.h.t.HelmChartContainer - [hivemq-test-hivemq-platform] [hivemq-platform-operator] [206a570b] 18:17:13.609 [ReconcilerExecutor-hivemq-controller-109] INFO  c.h.p.o.h.HiveMQPlatformReconcilerBaseHandler - [helmmqtt] HiveMQ Platform is starting, 0 of 1 replicas are ready
2025-01-30 18:17:14,109 INFO c.h.h.t.HelmChartContainer - [test-hivemq-platform] [hivemq] [23ed6897] INFO  - [HiveMQ Platform Operator Init 1.7.0-SNAPSHOT] HiveMQ Platform Operator Init 1.7.0-SNAPSHOT (commit: 47e3375 on branch: HEAD) built on Thu Jan 30 03:55:50 UTC 2025
2025-01-30 18:17:15,244 INFO c.h.h.t.HelmChartContainer - [test-hivemq-platform] [hivemq] [23ed6897] INFO  - [HiveMQ Platform Operator Init App 1.7.0-SNAPSHOT] Using bind address 10.42.0.11 from environment variable
2025-01-30 18:17:16,200 INFO c.h.h.t.HelmChartContainer - [test-hivemq-platform] [hivemq] [23ed6897] INFO  - [HiveMQ Platform Operator Init App 1.7.0-SNAPSHOT] HiveMQ Platform Operator Init App 1.7.0-SNAPSHOT (commit: 47e3375 on branch: HEAD) built on Thu Jan 30 03:55:50 UTC 2025
2025-01-30 18:17:16,200 INFO c.h.h.t.HelmChartContainer - [test-hivemq-platform] [hivemq] [23ed6897] INFO  - [HiveMQ Platform Operator Init App 1.7.0-SNAPSHOT] PodInfo ConfigMap directory: /etc/podinfo
2025-01-30 18:17:16,200 INFO c.h.h.t.HelmChartContainer - [test-hivemq-platform] [hivemq] [23ed6897] INFO  - [HiveMQ Platform Operator Init App 1.7.0-SNAPSHOT] HiveMQ home directory: /opt/hivemq
2025-01-30 18:17:16,200 INFO c.h.h.t.HelmChartContainer - [test-hivemq-platform] [hivemq] [23ed6897] INFO  - [HiveMQ Platform Operator Init App 1.7.0-SNAPSHOT] HiveMQ Logback folder: /opt/hivemq/conf
2025-01-30 18:17:16,200 INFO c.h.h.t.HelmChartContainer - [test-hivemq-platform] [hivemq] [23ed6897] INFO  - [HiveMQ Platform Operator Init App 1.7.0-SNAPSHOT] HiveMQ Config folder: /opt/hivemq/conf-k8s
2025-01-30 18:17:16,201 INFO c.h.h.t.HelmChartContainer - [test-hivemq-platform] [hivemq] [23ed6897] INFO  - [HiveMQ Platform Operator Init App 1.7.0-SNAPSHOT] Starting HiveMQ Platform Operator Init App
2025-01-30 18:17:16,201 INFO c.h.h.t.HelmChartContainer - [test-hivemq-platform] [hivemq] [23ed6897] INFO  - [HiveMQ Platform Operator Init App 1.7.0-SNAPSHOT] Starting Pod reconciler
2025-01-30 18:17:16,587 INFO c.h.h.t.HelmChartContainer - [EVENT] Warning [Unhealthy] Readiness probe failed: Get "http://10.42.0.11:7979/readiness": context deadline exceeded (Client.Timeout exceeded while awaiting headers) [helmmqttit:test-hivemq-platform-0]
2025-01-30 18:17:16,587 INFO c.h.h.t.HelmChartContainer - Received Unhealthy event for container hivemq in pod test-hivemq-platform-0 [23ed6897-cea8-4cf5-9d34-8f26aba2e1c4]
2025-01-30 18:17:17,314 INFO c.h.h.t.HelmChartContainer - [test-hivemq-platform] [hivemq] [23ed6897] INFO  - [HiveMQ Platform Operator Init App 1.7.0-SNAPSHOT] Pod reconciler is scheduled (interval: 5000 ms)
2025-01-30 18:17:17,315 INFO c.h.h.t.HelmChartContainer - [test-hivemq-platform] [hivemq] [23ed6897] INFO  - [HiveMQ Platform Operator Init App 1.7.0-SNAPSHOT] Starting the REST API on 10.42.0.11:7979
2025-01-30 18:17:17,340 INFO c.h.h.t.HelmChartContainer - [test-hivemq-platform] [hivemq] [23ed6897] INFO  - [HiveMQ Platform Operator Init App 1.7.0-SNAPSHOT] Waiting up to 600s for at most 1 HiveMQ nodes in cluster service hivemq-test-hivemq-platform-cluster.helmmqttit.svc
2025-01-30 18:17:17,406 INFO c.h.h.t.HelmChartContainer - [test-hivemq-platform] [hivemq] [23ed6897] INFO  - [HiveMQ Platform Operator Init App 1.7.0-SNAPSHOT] Returning default Health API response 503 for readiness
2025-01-30 18:17:17,915 INFO c.h.h.t.HelmChartContainer - [test-hivemq-platform] [hivemq] [23ed6897] INFO  - [HiveMQ Platform Operator Init App 1.7.0-SNAPSHOT] Resolved 1 IP addresses: [10.42.0.11]
2025-01-30 18:17:17,915 INFO c.h.h.t.HelmChartContainer - [test-hivemq-platform] [hivemq] [23ed6897] INFO  - [HiveMQ Platform Operator Init App 1.7.0-SNAPSHOT] HiveMQ node count of 1 is within threshold of 1
2025-01-30 18:17:17,915 INFO c.h.h.t.HelmChartContainer - [test-hivemq-platform] [hivemq] [23ed6897] INFO  - [HiveMQ Platform Operator Init App 1.7.0-SNAPSHOT] Proceeding with container start
2025-01-30 18:17:17,945 INFO c.h.h.t.HelmChartContainer - [test-hivemq-platform] [hivemq] [23ed6897] INFO  - [HiveMQ Platform Operator Init App 1.7.0-SNAPSHOT] Initializing HiveMQ Platform extensions with initial configuration: {hivemq-allow-all-extension={start-priority=-1, skip-https-hostname-verification=false, restart=true, config-version=0, header-version=0, c-uri=, priority=-1, uri=preinstalled, skip-https-certificate-validation=false, enabled=true}, hivemq-prometheus-extension={restart=true, enabled=true, request-header-path=no-request-headers, uri=preinstalled, skip-https-certificate-validation=false, skip-https-hostname-verification=false, c-uri=, start-priority=-1, priority=-1}}
2025-01-30 18:17:18,442 INFO c.h.h.t.HelmChartContainer - [test-hivemq-platform] [hivemq] [23ed6897] INFO  - [HiveMQ Platform Operator Init App 1.7.0-SNAPSHOT] Extension hivemq-allow-all-extension was already enabled
2025-01-30 18:17:18,509 INFO c.h.h.t.HelmChartContainer - [test-hivemq-platform] [hivemq] [23ed6897] INFO  - [HiveMQ Platform Operator Init App 1.7.0-SNAPSHOT] Successfully enabled extension hivemq-prometheus-extension
2025-01-30 18:17:18,511 INFO c.h.h.t.HelmChartContainer - [test-hivemq-platform] [hivemq] [23ed6897] INFO  - [HiveMQ Platform Operator Init App 1.7.0-SNAPSHOT] Starting HiveMQ Platform version 4.36.0 (4.36.0)
2025-01-30 18:17:18,511 INFO c.h.h.t.HelmChartContainer - [test-hivemq-platform] [hivemq] [23ed6897] INFO  - [HiveMQ Platform Operator Init App 1.7.0-SNAPSHOT] Configuring the HiveMQ Platform
2025-01-30 18:17:18,603 INFO c.h.h.t.HelmChartContainer - [test-hivemq-platform] [hivemq] [23ed6897] INFO  - [HiveMQ Platform Operator Init App 1.7.0-SNAPSHOT] Changed logback.xml file scan period to 20 seconds
2025-01-30 18:17:18,700 INFO c.h.h.t.HelmChartContainer - [test-hivemq-platform] [hivemq] [23ed6897] INFO  - [HiveMQ Platform Operator Init App 1.7.0-SNAPSHOT] Starting the HiveMQ Platform
2025-01-30 18:17:18,703 INFO c.h.h.t.HelmChartContainer - [test-hivemq-platform] [hivemq] [23ed6897] -------------------------------------------------------------------------
2025-01-30 18:17:18,703 INFO c.h.h.t.HelmChartContainer - [test-hivemq-platform] [hivemq] [23ed6897] 
2025-01-30 18:17:18,703 INFO c.h.h.t.HelmChartContainer - [test-hivemq-platform] [hivemq] [23ed6897]                   _    _  _              __  __   ____
2025-01-30 18:17:18,703 INFO c.h.h.t.HelmChartContainer - [test-hivemq-platform] [hivemq] [23ed6897]                  | |  | |(_)            |  \/  | / __ \
2025-01-30 18:17:18,703 INFO c.h.h.t.HelmChartContainer - [test-hivemq-platform] [hivemq] [23ed6897]                  | |__| | _ __   __ ___ | \  / || |  | |
2025-01-30 18:17:18,704 INFO c.h.h.t.HelmChartContainer - [test-hivemq-platform] [hivemq] [23ed6897]                  |  __  || |\ \ / // _ \| |\/| || |  | |
2025-01-30 18:17:18,704 INFO c.h.h.t.HelmChartContainer - [test-hivemq-platform] [hivemq] [23ed6897]                  | |  | || | \ V /|  __/| |  | || |__| |
2025-01-30 18:17:18,704 INFO c.h.h.t.HelmChartContainer - [test-hivemq-platform] [hivemq] [23ed6897]                  |_|  |_||_|  \_/  \___||_|  |_| \___\_\
2025-01-30 18:17:18,704 INFO c.h.h.t.HelmChartContainer - [test-hivemq-platform] [hivemq] [23ed6897] 
2025-01-30 18:17:18,704 INFO c.h.h.t.HelmChartContainer - [test-hivemq-platform] [hivemq] [23ed6897] -------------------------------------------------------------------------
2025-01-30 18:17:18,704 INFO c.h.h.t.HelmChartContainer - [test-hivemq-platform] [hivemq] [23ed6897] 
2025-01-30 18:17:18,704 INFO c.h.h.t.HelmChartContainer - [test-hivemq-platform] [hivemq] [23ed6897]   HiveMQ Start Script for Linux/Unix v1.14
2025-01-30 18:17:18,704 INFO c.h.h.t.HelmChartContainer - [test-hivemq-platform] [hivemq] [23ed6897] 
2025-01-30 18:17:18,745 INFO c.h.h.t.HelmChartContainer - [test-hivemq-platform] [hivemq] [23ed6897] -------------------------------------------------------------------------
2025-01-30 18:17:18,746 INFO c.h.h.t.HelmChartContainer - [test-hivemq-platform] [hivemq] [23ed6897] 
2025-01-30 18:17:18,746 INFO c.h.h.t.HelmChartContainer - [test-hivemq-platform] [hivemq] [23ed6897]   HIVEMQ_HOME: /opt/hivemq
2025-01-30 18:17:18,746 INFO c.h.h.t.HelmChartContainer - [test-hivemq-platform] [hivemq] [23ed6897] 
2025-01-30 18:17:18,746 INFO c.h.h.t.HelmChartContainer - [test-hivemq-platform] [hivemq] [23ed6897]   JAVA_OPTS: -XX:+UnlockExperimentalVMOptions -XX:InitialRAMPercentage=50 -XX:MaxRAMPercentage=50 -Djava.net.preferIPv4Stack=true --add-opens java.base/java.lang=ALL-UNNAMED --add-opens java.base/java.nio=ALL-UNNAMED --add-opens java.base/sun.nio.ch=ALL-UNNAMED --add-opens jdk.management/com.sun.management.internal=ALL-UNNAMED --add-exports java.base/jdk.internal.misc=ALL-UNNAMED -Djava.security.egd=file:/dev/./urandom -Dcom.sun.management.jmxremote -Dcom.sun.management.jmxremote.port=9010 -Dcom.sun.management.jmxremote.local.only=false -Dcom.sun.management.jmxremote.authenticate=false -Dcom.sun.management.jmxremote.ssl=false -Duser.language=en -Duser.region=US -XX:+CrashOnOutOfMemoryError -XX:+HeapDumpOnOutOfMemoryError
2025-01-30 18:17:18,746 INFO c.h.h.t.HelmChartContainer - [test-hivemq-platform] [hivemq] [23ed6897] 
2025-01-30 18:17:18,746 INFO c.h.h.t.HelmChartContainer - [test-hivemq-platform] [hivemq] [23ed6897]   JAVA_VERSION: 21
2025-01-30 18:17:18,746 INFO c.h.h.t.HelmChartContainer - [test-hivemq-platform] [hivemq] [23ed6897] 
2025-01-30 18:17:18,746 INFO c.h.h.t.HelmChartContainer - [test-hivemq-platform] [hivemq] [23ed6897] -------------------------------------------------------------------------
2025-01-30 18:17:18,746 INFO c.h.h.t.HelmChartContainer - [test-hivemq-platform] [hivemq] [23ed6897] 
2025-01-30 18:17:20,546 INFO c.h.h.t.HelmChartContainer - [EVENT] Warning [Unhealthy] Readiness probe failed: HTTP probe failed with statuscode: 503 [helmmqttit:test-hivemq-platform-0]
2025-01-30 18:17:20,546 INFO c.h.h.t.HelmChartContainer - Received Unhealthy event for container hivemq in pod test-hivemq-platform-0 [23ed6897-cea8-4cf5-9d34-8f26aba2e1c4]
2025-01-30 18:17:21,210 INFO c.h.h.t.HelmChartContainer - [test-hivemq-platform] [hivemq] [23ed6897] INFO  - Starting HiveMQ Enterprise Server
2025-01-30 18:17:21,217 INFO c.h.h.t.HelmChartContainer - [test-hivemq-platform] [hivemq] [23ed6897] INFO  - HiveMQ version: 4.36.0
2025-01-30 18:17:21,218 INFO c.h.h.t.HelmChartContainer - [test-hivemq-platform] [hivemq] [23ed6897] INFO  - HiveMQ home directory: /opt/hivemq
2025-01-30 18:17:21,218 INFO c.h.h.t.HelmChartContainer - [test-hivemq-platform] [hivemq] [23ed6897] INFO  - Log Configuration was overridden by /opt/hivemq/conf/logback.xml
2025-01-30 18:17:22,508 INFO c.h.h.t.HelmChartContainer - [test-hivemq-platform] [hivemq] [23ed6897] INFO  - Successfully loaded configuration from '/opt/hivemq/conf-k8s/config.xml'.
2025-01-30 18:17:23,408 INFO c.h.h.t.HelmChartContainer - [test-hivemq-platform] [hivemq] [23ed6897] INFO  - This node's ID is YIraC
2025-01-30 18:17:23,408 INFO c.h.h.t.HelmChartContainer - [test-hivemq-platform] [hivemq] [23ed6897] INFO  - Clustering is enabled
2025-01-30 18:17:23,616 INFO c.h.h.t.HelmChartContainer - [hivemq-test-hivemq-platform] [hivemq-platform-operator] [206a570b] 18:17:23.614 [pool-6-thread-22] DEBUG c.h.p.o.d.PlatformServiceResource - [helmmqtt] Desired Platform services (2 services)
2025-01-30 18:17:23,618 INFO c.h.h.t.HelmChartContainer - [hivemq-test-hivemq-platform] [hivemq-platform-operator] [206a570b] 18:17:23.614 [pool-6-thread-26] DEBUG c.h.p.o.dependants.PodInfoConfigMap - [helmmqtt] Desired PodInfo ConfigMap (1 extensions) (1 enabled)
2025-01-30 18:17:23,618 INFO c.h.h.t.HelmChartContainer - [hivemq-test-hivemq-platform] [hivemq-platform-operator] [206a570b] 18:17:23.615 [pool-6-thread-26] DEBUG c.h.p.o.dependants.PodInfoConfigMap - [helmmqtt] Desired PodInfo ConfigMap (metrics port: 9399) (metrics path: /)
2025-01-30 18:17:23,618 INFO c.h.h.t.HelmChartContainer - [hivemq-test-hivemq-platform] [hivemq-platform-operator] [206a570b] 18:17:23.615 [pool-6-thread-26] DEBUG c.h.p.o.dependants.PodInfoConfigMap - [helmmqtt] Desired PodInfo ConfigMap (extension state hash: -1817474005)
2025-01-30 18:17:23,618 INFO c.h.h.t.HelmChartContainer - [hivemq-test-hivemq-platform] [hivemq-platform-operator] [206a570b] 18:17:23.616 [pool-6-thread-27] DEBUG c.h.p.o.d.PodServiceAccountResource - [helmmqtt] Desired PodServiceAccountResource (serviceAccountName: hivemq-platform-pod-test-hivemq-platform)
2025-01-30 18:17:23,621 INFO c.h.h.t.HelmChartContainer - [hivemq-test-hivemq-platform] [hivemq-platform-operator] [206a570b] 18:17:23.620 [pool-6-thread-22] DEBUG c.h.p.o.d.StatefulSetResource - [helmmqtt] Desired StatefulSet (1 replicas) for status STARTING (READY)
2025-01-30 18:17:23,626 INFO c.h.h.t.HelmChartContainer - [hivemq-test-hivemq-platform] [hivemq-platform-operator] [206a570b] 18:17:23.624 [ReconcilerExecutor-hivemq-controller-110] INFO  c.h.p.o.HiveMQPlatformReconciler - [helmmqtt] Reconciling HiveMQ Platform 'test-hivemq-platform' in namespace 'helmmqttit'
2025-01-30 18:17:23,626 INFO c.h.h.t.HelmChartContainer - [hivemq-test-hivemq-platform] [hivemq-platform-operator] [206a570b] 18:17:23.624 [ReconcilerExecutor-hivemq-controller-110] DEBUG c.h.p.o.HiveMQPlatformReconciler - [helmmqtt] Custom Resource Status STARTING - HiveMQ Platform is starting (READY)
2025-01-30 18:17:23,626 INFO c.h.h.t.HelmChartContainer - [hivemq-test-hivemq-platform] [hivemq-platform-operator] [206a570b] 18:17:23.624 [ReconcilerExecutor-hivemq-controller-110] DEBUG c.h.p.o.HiveMQPlatformReconciler - [helmmqtt] Custom Resource Spec (replicas: 1) (extensions: 1)
2025-01-30 18:17:23,629 INFO c.h.h.t.HelmChartContainer - [hivemq-test-hivemq-platform] [hivemq-platform-operator] [206a570b] 18:17:23.626 [ReconcilerExecutor-hivemq-controller-110] DEBUG c.h.p.o.HiveMQPlatformReconciler - [helmmqtt] StatefulSet Status (revision: test-hivemq-platform-7bbc5894fb, replicas: 1, available: 0, ready: 0, current: 1, updated: 1)
2025-01-30 18:17:23,629 INFO c.h.h.t.HelmChartContainer - [hivemq-test-hivemq-platform] [hivemq-platform-operator] [206a570b] 18:17:23.626 [ReconcilerExecutor-hivemq-controller-110] DEBUG c.h.p.o.HiveMQPlatformReconciler - [helmmqtt] StatefulSet Spec (replicas: 1, init containers: 1, containers: 1, volumes: 3)
2025-01-30 18:17:23,629 INFO c.h.h.t.HelmChartContainer - [hivemq-test-hivemq-platform] [hivemq-platform-operator] [206a570b] 18:17:23.628 [ReconcilerExecutor-hivemq-controller-110] DEBUG c.h.p.o.h.HiveMQPlatformReconcilerErrorHandler - [helmmqtt] Pod 'test-hivemq-platform-0' phase Running
2025-01-30 18:17:23,630 INFO c.h.h.t.HelmChartContainer - [hivemq-test-hivemq-platform] [hivemq-platform-operator] [206a570b] 18:17:23.628 [ReconcilerExecutor-hivemq-controller-110] INFO  c.h.p.o.h.HiveMQPlatformReconcilerBaseHandler - [helmmqtt] HiveMQ Platform is starting, 0 of 1 replicas are ready
2025-01-30 18:17:26,106 INFO c.h.h.t.HelmChartContainer - [test-hivemq-platform] [hivemq] [23ed6897] WARN  - [HiveMQ Platform Operator Init App 1.7.0-SNAPSHOT] Cannot connect to Health API for readiness: null
2025-01-30 18:17:26,111 INFO c.h.h.t.HelmChartContainer - [EVENT] Warning [Unhealthy] Readiness probe failed: HTTP probe failed with statuscode: 503 [helmmqttit:test-hivemq-platform-0]
2025-01-30 18:17:26,111 INFO c.h.h.t.HelmChartContainer - Received Unhealthy event for container hivemq in pod test-hivemq-platform-0 [23ed6897-cea8-4cf5-9d34-8f26aba2e1c4]
2025-01-30 18:17:27,703 INFO c.h.h.t.HelmChartContainer - [test-hivemq-platform] [hivemq] [23ed6897] Jan 30, 2025 6:17:27 PM io.vertx.core.impl.BlockedThreadChecker
2025-01-30 18:17:27,703 INFO c.h.h.t.HelmChartContainer - [test-hivemq-platform] [hivemq] [23ed6897] WARNING: Thread Thread[vert.x-eventloop-thread-1,5,main] has been blocked for 2297 ms, time limit is 2000 ms
2025-01-30 18:17:28,441 INFO c.h.h.t.HelmChartContainer - [test-hivemq-platform] [hivemq] [23ed6897] INFO  - [HiveMQ Platform Operator Init App 1.7.0-SNAPSHOT] Updating Pod HiveMQ Platform Operator Init App version annotation (version: 1.7.0-SNAPSHOT)
2025-01-30 18:17:29,321 INFO c.h.h.t.HelmChartContainer - [POD] test-hivemq-platform-0 [23ed6897-cea8-4cf5-9d34-8f26aba2e1c4] in helmmqttit was MODIFIED
2025-01-30 18:17:29,339 INFO c.h.h.t.HelmChartContainer - [hivemq-test-hivemq-platform] [hivemq-platform-operator] [206a570b] 18:17:29.336 [pool-6-thread-38] DEBUG c.h.p.o.d.PlatformServiceResource - [helmmqtt] Desired Platform services (2 services)
2025-01-30 18:17:29,347 INFO c.h.h.t.HelmChartContainer - [hivemq-test-hivemq-platform] [hivemq-platform-operator] [206a570b] 18:17:29.337 [pool-6-thread-33] DEBUG c.h.p.o.dependants.PodInfoConfigMap - [helmmqtt] Desired PodInfo ConfigMap (1 extensions) (1 enabled)
2025-01-30 18:17:29,348 INFO c.h.h.t.HelmChartContainer - [hivemq-test-hivemq-platform] [hivemq-platform-operator] [206a570b] 18:17:29.347 [pool-6-thread-33] DEBUG c.h.p.o.dependants.PodInfoConfigMap - [helmmqtt] Desired PodInfo ConfigMap (metrics port: 9399) (metrics path: /)
2025-01-30 18:17:29,348 INFO c.h.h.t.HelmChartContainer - [hivemq-test-hivemq-platform] [hivemq-platform-operator] [206a570b] 18:17:29.347 [pool-6-thread-33] DEBUG c.h.p.o.dependants.PodInfoConfigMap - [helmmqtt] Desired PodInfo ConfigMap (extension state hash: -1817474005)
2025-01-30 18:17:29,350 INFO c.h.h.t.HelmChartContainer - [hivemq-test-hivemq-platform] [hivemq-platform-operator] [206a570b] 18:17:29.349 [pool-6-thread-32] DEBUG c.h.p.o.d.PodServiceAccountResource - [helmmqtt] Desired PodServiceAccountResource (serviceAccountName: hivemq-platform-pod-test-hivemq-platform)
2025-01-30 18:17:29,357 INFO c.h.h.t.HelmChartContainer - [hivemq-test-hivemq-platform] [hivemq-platform-operator] [206a570b] 18:17:29.357 [pool-6-thread-38] DEBUG c.h.p.o.d.StatefulSetResource - [helmmqtt] Desired StatefulSet (1 replicas) for status STARTING (READY)
2025-01-30 18:17:29,372 INFO c.h.h.t.HelmChartContainer - [hivemq-test-hivemq-platform] [hivemq-platform-operator] [206a570b] 18:17:29.370 [ReconcilerExecutor-hivemq-controller-111] INFO  c.h.p.o.HiveMQPlatformReconciler - [helmmqtt] Reconciling HiveMQ Platform 'test-hivemq-platform' in namespace 'helmmqttit'
2025-01-30 18:17:29,372 INFO c.h.h.t.HelmChartContainer - [hivemq-test-hivemq-platform] [hivemq-platform-operator] [206a570b] 18:17:29.371 [ReconcilerExecutor-hivemq-controller-111] DEBUG c.h.p.o.HiveMQPlatformReconciler - [helmmqtt] Custom Resource Status STARTING - HiveMQ Platform is starting (READY)
2025-01-30 18:17:29,372 INFO c.h.h.t.HelmChartContainer - [hivemq-test-hivemq-platform] [hivemq-platform-operator] [206a570b] 18:17:29.371 [ReconcilerExecutor-hivemq-controller-111] DEBUG c.h.p.o.HiveMQPlatformReconciler - [helmmqtt] Custom Resource Spec (replicas: 1) (extensions: 1)
2025-01-30 18:17:29,373 INFO c.h.h.t.HelmChartContainer - [hivemq-test-hivemq-platform] [hivemq-platform-operator] [206a570b] 18:17:29.372 [ReconcilerExecutor-hivemq-controller-111] DEBUG c.h.p.o.HiveMQPlatformReconciler - [helmmqtt] StatefulSet Status (revision: test-hivemq-platform-7bbc5894fb, replicas: 1, available: 0, ready: 0, current: 1, updated: 1)
2025-01-30 18:17:29,373 INFO c.h.h.t.HelmChartContainer - [hivemq-test-hivemq-platform] [hivemq-platform-operator] [206a570b] 18:17:29.373 [ReconcilerExecutor-hivemq-controller-111] DEBUG c.h.p.o.HiveMQPlatformReconciler - [helmmqtt] StatefulSet Spec (replicas: 1, init containers: 1, containers: 1, volumes: 3)
2025-01-30 18:17:29,400 INFO c.h.h.t.HelmChartContainer - [test-hivemq-platform] [hivemq] [23ed6897] INFO  - [HiveMQ Platform Operator Init App 1.7.0-SNAPSHOT] Successfully updated Pod HiveMQ Platform Operator Init App version annotation (version: 1.7.0-SNAPSHOT)
2025-01-30 18:17:29,403 INFO c.h.h.t.HelmChartContainer - [hivemq-test-hivemq-platform] [hivemq-platform-operator] [206a570b] 18:17:29.401 [ReconcilerExecutor-hivemq-controller-111] DEBUG c.h.p.o.h.HiveMQPlatformReconcilerErrorHandler - [helmmqtt] Pod 'test-hivemq-platform-0' phase Running
2025-01-30 18:17:29,403 INFO c.h.h.t.HelmChartContainer - [hivemq-test-hivemq-platform] [hivemq-platform-operator] [206a570b] 18:17:29.402 [ReconcilerExecutor-hivemq-controller-111] INFO  c.h.p.o.h.HiveMQPlatformReconcilerBaseHandler - [helmmqtt] HiveMQ Platform is starting, 0 of 1 replicas are ready
2025-01-30 18:17:29,405 INFO c.h.h.t.HelmChartContainer - [test-hivemq-platform] [hivemq] [23ed6897] WARN  - [HiveMQ Platform Operator Init App 1.7.0-SNAPSHOT] Cannot connect to Health API for readiness: null
2025-01-30 18:17:29,412 INFO c.h.h.t.HelmChartContainer - [EVENT] Warning [Unhealthy] Readiness probe failed: HTTP probe failed with statuscode: 503 [helmmqttit:test-hivemq-platform-0]
2025-01-30 18:17:29,412 INFO c.h.h.t.HelmChartContainer - Received Unhealthy event for container hivemq in pod test-hivemq-platform-0 [23ed6897-cea8-4cf5-9d34-8f26aba2e1c4]
2025-01-30 18:17:34,405 INFO c.h.h.t.HelmChartContainer - [EVENT] Warning [Unhealthy] Readiness probe failed: HTTP probe failed with statuscode: 503 [helmmqttit:test-hivemq-platform-0]
2025-01-30 18:17:34,405 INFO c.h.h.t.HelmChartContainer - Received Unhealthy event for container hivemq in pod test-hivemq-platform-0 [23ed6897-cea8-4cf5-9d34-8f26aba2e1c4]
2025-01-30 18:17:34,406 INFO c.h.h.t.HelmChartContainer - [test-hivemq-platform] [hivemq] [23ed6897] WARN  - [HiveMQ Platform Operator Init App 1.7.0-SNAPSHOT] Cannot connect to Health API for readiness: null
2025-01-30 18:17:38,378 INFO c.h.h.t.HelmChartContainer - [K3S] [range_allocator.go:247] "Successfully synced" key="0019a1e396a2"
2025-01-30 18:17:39,399 INFO c.h.h.t.HelmChartContainer - [test-hivemq-platform] [hivemq] [23ed6897] WARN  - [HiveMQ Platform Operator Init App 1.7.0-SNAPSHOT] Cannot connect to Health API for readiness: null
2025-01-30 18:17:39,407 INFO c.h.h.t.HelmChartContainer - [EVENT] Warning [Unhealthy] Readiness probe failed: HTTP probe failed with statuscode: 503 [helmmqttit:test-hivemq-platform-0]
2025-01-30 18:17:39,407 INFO c.h.h.t.HelmChartContainer - Received Unhealthy event for container hivemq in pod test-hivemq-platform-0 [23ed6897-cea8-4cf5-9d34-8f26aba2e1c4]
2025-01-30 18:17:39,416 INFO c.h.h.t.HelmChartContainer - [hivemq-test-hivemq-platform] [hivemq-platform-operator] [206a570b] 18:17:39.410 [pool-6-thread-45] DEBUG c.h.p.o.d.PlatformServiceResource - [helmmqtt] Desired Platform services (2 services)
2025-01-30 18:17:39,416 INFO c.h.h.t.HelmChartContainer - [hivemq-test-hivemq-platform] [hivemq-platform-operator] [206a570b] 18:17:39.411 [pool-6-thread-44] DEBUG c.h.p.o.dependants.PodInfoConfigMap - [helmmqtt] Desired PodInfo ConfigMap (1 extensions) (1 enabled)
2025-01-30 18:17:39,416 INFO c.h.h.t.HelmChartContainer - [hivemq-test-hivemq-platform] [hivemq-platform-operator] [206a570b] 18:17:39.412 [pool-6-thread-44] DEBUG c.h.p.o.dependants.PodInfoConfigMap - [helmmqtt] Desired PodInfo ConfigMap (metrics port: 9399) (metrics path: /)
2025-01-30 18:17:39,416 INFO c.h.h.t.HelmChartContainer - [hivemq-test-hivemq-platform] [hivemq-platform-operator] [206a570b] 18:17:39.412 [pool-6-thread-44] DEBUG c.h.p.o.dependants.PodInfoConfigMap - [helmmqtt] Desired PodInfo ConfigMap (extension state hash: -1817474005)
2025-01-30 18:17:39,417 INFO c.h.h.t.HelmChartContainer - [hivemq-test-hivemq-platform] [hivemq-platform-operator] [206a570b] 18:17:39.413 [pool-6-thread-44] DEBUG c.h.p.o.d.PodServiceAccountResource - [helmmqtt] Desired PodServiceAccountResource (serviceAccountName: hivemq-platform-pod-test-hivemq-platform)
2025-01-30 18:17:39,510 INFO c.h.h.t.HelmChartContainer - [hivemq-test-hivemq-platform] [hivemq-platform-operator] [206a570b] 18:17:39.509 [pool-6-thread-45] DEBUG c.h.p.o.d.StatefulSetResource - [helmmqtt] Desired StatefulSet (1 replicas) for status STARTING (READY)
2025-01-30 18:17:39,517 INFO c.h.h.t.HelmChartContainer - [hivemq-test-hivemq-platform] [hivemq-platform-operator] [206a570b] 18:17:39.513 [ReconcilerExecutor-hivemq-controller-112] INFO  c.h.p.o.HiveMQPlatformReconciler - [helmmqtt] Reconciling HiveMQ Platform 'test-hivemq-platform' in namespace 'helmmqttit'
2025-01-30 18:17:39,517 INFO c.h.h.t.HelmChartContainer - [hivemq-test-hivemq-platform] [hivemq-platform-operator] [206a570b] 18:17:39.514 [ReconcilerExecutor-hivemq-controller-112] DEBUG c.h.p.o.HiveMQPlatformReconciler - [helmmqtt] Custom Resource Status STARTING - HiveMQ Platform is starting (READY)
2025-01-30 18:17:39,517 INFO c.h.h.t.HelmChartContainer - [hivemq-test-hivemq-platform] [hivemq-platform-operator] [206a570b] 18:17:39.514 [ReconcilerExecutor-hivemq-controller-112] DEBUG c.h.p.o.HiveMQPlatformReconciler - [helmmqtt] Custom Resource Spec (replicas: 1) (extensions: 1)
2025-01-30 18:17:39,517 INFO c.h.h.t.HelmChartContainer - [hivemq-test-hivemq-platform] [hivemq-platform-operator] [206a570b] 18:17:39.515 [ReconcilerExecutor-hivemq-controller-112] DEBUG c.h.p.o.HiveMQPlatformReconciler - [helmmqtt] StatefulSet Status (revision: test-hivemq-platform-7bbc5894fb, replicas: 1, available: 0, ready: 0, current: 1, updated: 1)
2025-01-30 18:17:39,517 INFO c.h.h.t.HelmChartContainer - [hivemq-test-hivemq-platform] [hivemq-platform-operator] [206a570b] 18:17:39.515 [ReconcilerExecutor-hivemq-controller-112] DEBUG c.h.p.o.HiveMQPlatformReconciler - [helmmqtt] StatefulSet Spec (replicas: 1, init containers: 1, containers: 1, volumes: 3)
2025-01-30 18:17:39,517 INFO c.h.h.t.HelmChartContainer - [hivemq-test-hivemq-platform] [hivemq-platform-operator] [206a570b] 18:17:39.517 [ReconcilerExecutor-hivemq-controller-112] DEBUG c.h.p.o.h.HiveMQPlatformReconcilerErrorHandler - [helmmqtt] Pod 'test-hivemq-platform-0' phase Running
2025-01-30 18:17:39,518 INFO c.h.h.t.HelmChartContainer - [hivemq-test-hivemq-platform] [hivemq-platform-operator] [206a570b] 18:17:39.517 [ReconcilerExecutor-hivemq-controller-112] INFO  c.h.p.o.h.HiveMQPlatformReconcilerBaseHandler - [helmmqtt] HiveMQ Platform is starting, 0 of 1 replicas are ready
2025-01-30 18:17:40,139 INFO c.h.h.t.HelmChartContainer - [test-hivemq-platform] [hivemq] [23ed6897] INFO  - No valid license file found. Using trial license, restricted to 25 connections.
2025-01-30 18:17:40,398 INFO c.h.h.t.HelmChartContainer - [test-hivemq-platform] [hivemq] [23ed6897] WARN  - [HiveMQ Platform Operator Init App 1.7.0-SNAPSHOT] Cannot connect to Health API for liveness: null
2025-01-30 18:17:40,399 INFO c.h.h.t.HelmChartContainer - [test-hivemq-platform] [hivemq] [23ed6897] INFO  - [HiveMQ Platform Operator Init App 1.7.0-SNAPSHOT] Returning default Health API response 200 for liveness
2025-01-30 18:17:42,704 INFO c.h.h.t.HelmChartContainer - [test-hivemq-platform] [hivemq] [23ed6897] INFO  - No valid license file for Data Hub found. Using free license, restricted to 1 policy.
2025-01-30 18:17:43,910 INFO c.h.h.t.HelmChartContainer - [test-hivemq-platform] [hivemq] [23ed6897] INFO  - Audit Logger started.
2025-01-30 18:17:44,158 INFO c.h.h.t.HelmChartContainer - [test-hivemq-platform] [hivemq] [23ed6897] INFO  - This node uses '1' CPU cores.
2025-01-30 18:17:44,202 INFO c.h.h.t.HelmChartContainer - [test-hivemq-platform] [hivemq] [23ed6897] INFO  - Starting HiveMQ Health API on address 0.0.0.0 and port 8889
2025-01-30 18:17:44,399 INFO c.h.h.t.HelmChartContainer - [test-hivemq-platform] [hivemq] [23ed6897] WARN  - [HiveMQ Platform Operator Init App 1.7.0-SNAPSHOT] Cannot connect to Health API for readiness: null
2025-01-30 18:17:44,404 INFO c.h.h.t.HelmChartContainer - [EVENT] Warning [Unhealthy] Readiness probe failed: HTTP probe failed with statuscode: 503 [helmmqttit:test-hivemq-platform-0]
2025-01-30 18:17:44,404 INFO c.h.h.t.HelmChartContainer - Received Unhealthy event for container hivemq in pod test-hivemq-platform-0 [23ed6897-cea8-4cf5-9d34-8f26aba2e1c4]
2025-01-30 18:17:45,201 INFO c.h.h.t.HelmChartContainer - [test-hivemq-platform] [hivemq] [23ed6897] INFO  - Started HiveMQ Health API in 999ms
2025-01-30 18:17:45,845 INFO c.h.h.t.HelmChartContainer - [test-hivemq-platform] [hivemq] [23ed6897] INFO  - Starting HiveMQ extension system.
2025-01-30 18:17:46,141 INFO c.h.h.t.HelmChartContainer - [test-hivemq-platform] [hivemq] [23ed6897] INFO  - Starting extension with id "hivemq-dns-cluster-discovery" at /opt/hivemq/extensions/hivemq-dns-cluster-discovery
2025-01-30 18:17:46,603 INFO c.h.h.t.HelmChartContainer - [test-hivemq-platform] [hivemq] [23ed6897] INFO  - Using TCP cluster transport on address 10.42.0.11 and port 7000
2025-01-30 18:17:46,608 INFO c.h.h.t.HelmChartContainer - [test-hivemq-platform] [hivemq] [23ed6897] INFO  - Using extension cluster discovery
2025-01-30 18:17:46,707 INFO c.h.h.t.HelmChartContainer - [test-hivemq-platform] [hivemq] [23ed6897] INFO  - Extension "DNS Cluster Discovery Extension" version 4.3.2 started successfully.
2025-01-30 18:17:46,742 INFO c.h.h.t.HelmChartContainer - [test-hivemq-platform] [hivemq] [23ed6897] INFO  - Starting extension with id "hivemq-prometheus-extension" at /opt/hivemq/extensions/hivemq-prometheus-extension
2025-01-30 18:17:47,605 INFO c.h.h.t.HelmChartContainer - [test-hivemq-platform] [hivemq] [23ed6897] INFO  - Started Jetty Server exposing Prometheus Servlet on URI http://0.0.0.0:9399/
2025-01-30 18:17:47,605 INFO c.h.h.t.HelmChartContainer - [test-hivemq-platform] [hivemq] [23ed6897] INFO  - Extension "Prometheus Monitoring Extension" version 4.0.12 started successfully.
2025-01-30 18:17:47,605 INFO c.h.h.t.HelmChartContainer - [test-hivemq-platform] [hivemq] [23ed6897] INFO  - Starting extension with id "hivemq-allow-all-extension" at /opt/hivemq/extensions/hivemq-allow-all-extension
2025-01-30 18:17:47,605 INFO c.h.h.t.HelmChartContainer - [test-hivemq-platform] [hivemq] [23ed6897] WARN  - 
2025-01-30 18:17:47,605 INFO c.h.h.t.HelmChartContainer - [test-hivemq-platform] [hivemq] [23ed6897] ################################################################################################################
2025-01-30 18:17:47,605 INFO c.h.h.t.HelmChartContainer - [test-hivemq-platform] [hivemq] [23ed6897] # This HiveMQ deployment is not secure! You are lacking Authentication and Authorization.                      #
2025-01-30 18:17:47,605 INFO c.h.h.t.HelmChartContainer - [test-hivemq-platform] [hivemq] [23ed6897] # Right now any MQTT client can connect to the broker with a full set of permissions.                          #
2025-01-30 18:17:47,605 INFO c.h.h.t.HelmChartContainer - [test-hivemq-platform] [hivemq] [23ed6897] # For production usage, add an appropriate security extension and remove the hivemq-allow-all extension.       #
2025-01-30 18:17:47,605 INFO c.h.h.t.HelmChartContainer - [test-hivemq-platform] [hivemq] [23ed6897] # You can download security extensions from the HiveMQ Marketplace (https://www.hivemq.com/extensions/).       #
2025-01-30 18:17:47,605 INFO c.h.h.t.HelmChartContainer - [test-hivemq-platform] [hivemq] [23ed6897] ################################################################################################################
2025-01-30 18:17:47,605 INFO c.h.h.t.HelmChartContainer - [test-hivemq-platform] [hivemq] [23ed6897] INFO  - Extension "Allow All Extension" version 1.1.1 started successfully.
2025-01-30 18:17:49,526 INFO c.h.h.t.HelmChartContainer - [hivemq-test-hivemq-platform] [hivemq-platform-operator] [206a570b] 18:17:49.521 [pool-6-thread-3] DEBUG c.h.p.o.d.PlatformServiceResource - [helmmqtt] Desired Platform services (2 services)
2025-01-30 18:17:49,526 INFO c.h.h.t.HelmChartContainer - [hivemq-test-hivemq-platform] [hivemq-platform-operator] [206a570b] 18:17:49.523 [pool-6-thread-2] DEBUG c.h.p.o.d.PodServiceAccountResource - [helmmqtt] Desired PodServiceAccountResource (serviceAccountName: hivemq-platform-pod-test-hivemq-platform)
2025-01-30 18:17:49,526 INFO c.h.h.t.HelmChartContainer - [hivemq-test-hivemq-platform] [hivemq-platform-operator] [206a570b] 18:17:49.523 [pool-6-thread-1] DEBUG c.h.p.o.dependants.PodInfoConfigMap - [helmmqtt] Desired PodInfo ConfigMap (1 extensions) (1 enabled)
2025-01-30 18:17:49,526 INFO c.h.h.t.HelmChartContainer - [hivemq-test-hivemq-platform] [hivemq-platform-operator] [206a570b] 18:17:49.523 [pool-6-thread-1] DEBUG c.h.p.o.dependants.PodInfoConfigMap - [helmmqtt] Desired PodInfo ConfigMap (metrics port: 9399) (metrics path: /)
2025-01-30 18:17:49,526 INFO c.h.h.t.HelmChartContainer - [hivemq-test-hivemq-platform] [hivemq-platform-operator] [206a570b] 18:17:49.523 [pool-6-thread-1] DEBUG c.h.p.o.dependants.PodInfoConfigMap - [helmmqtt] Desired PodInfo ConfigMap (extension state hash: -1817474005)
2025-01-30 18:17:49,528 INFO c.h.h.t.HelmChartContainer - [hivemq-test-hivemq-platform] [hivemq-platform-operator] [206a570b] 18:17:49.527 [pool-6-thread-3] DEBUG c.h.p.o.d.StatefulSetResource - [helmmqtt] Desired StatefulSet (1 replicas) for status STARTING (READY)
2025-01-30 18:17:49,531 INFO c.h.h.t.HelmChartContainer - [hivemq-test-hivemq-platform] [hivemq-platform-operator] [206a570b] 18:17:49.531 [ReconcilerExecutor-hivemq-controller-113] INFO  c.h.p.o.HiveMQPlatformReconciler - [helmmqtt] Reconciling HiveMQ Platform 'test-hivemq-platform' in namespace 'helmmqttit'
2025-01-30 18:17:49,532 INFO c.h.h.t.HelmChartContainer - [hivemq-test-hivemq-platform] [hivemq-platform-operator] [206a570b] 18:17:49.531 [ReconcilerExecutor-hivemq-controller-113] DEBUG c.h.p.o.HiveMQPlatformReconciler - [helmmqtt] Custom Resource Status STARTING - HiveMQ Platform is starting (READY)
2025-01-30 18:17:49,533 INFO c.h.h.t.HelmChartContainer - [hivemq-test-hivemq-platform] [hivemq-platform-operator] [206a570b] 18:17:49.531 [ReconcilerExecutor-hivemq-controller-113] DEBUG c.h.p.o.HiveMQPlatformReconciler - [helmmqtt] Custom Resource Spec (replicas: 1) (extensions: 1)
2025-01-30 18:17:49,534 INFO c.h.h.t.HelmChartContainer - [hivemq-test-hivemq-platform] [hivemq-platform-operator] [206a570b] 18:17:49.533 [ReconcilerExecutor-hivemq-controller-113] DEBUG c.h.p.o.HiveMQPlatformReconciler - [helmmqtt] StatefulSet Status (revision: test-hivemq-platform-7bbc5894fb, replicas: 1, available: 0, ready: 0, current: 1, updated: 1)
2025-01-30 18:17:49,534 INFO c.h.h.t.HelmChartContainer - [hivemq-test-hivemq-platform] [hivemq-platform-operator] [206a570b] 18:17:49.533 [ReconcilerExecutor-hivemq-controller-113] DEBUG c.h.p.o.HiveMQPlatformReconciler - [helmmqtt] StatefulSet Spec (replicas: 1, init containers: 1, containers: 1, volumes: 3)
2025-01-30 18:17:49,535 INFO c.h.h.t.HelmChartContainer - [hivemq-test-hivemq-platform] [hivemq-platform-operator] [206a570b] 18:17:49.534 [ReconcilerExecutor-hivemq-controller-113] DEBUG c.h.p.o.h.HiveMQPlatformReconcilerErrorHandler - [helmmqtt] Pod 'test-hivemq-platform-0' phase Running
2025-01-30 18:17:49,536 INFO c.h.h.t.HelmChartContainer - [hivemq-test-hivemq-platform] [hivemq-platform-operator] [206a570b] 18:17:49.535 [ReconcilerExecutor-hivemq-controller-113] INFO  c.h.p.o.h.HiveMQPlatformReconcilerBaseHandler - [helmmqtt] HiveMQ Platform is starting, 0 of 1 replicas are ready
2025-01-30 18:17:49,743 INFO c.h.h.t.HelmChartContainer - [test-hivemq-platform] [hivemq] [23ed6897] INFO  - YIraC: no members discovered after 2443 ms: creating cluster as first member
2025-01-30 18:17:49,805 INFO c.h.h.t.HelmChartContainer - [test-hivemq-platform] [hivemq] [23ed6897] INFO  - Cluster nodes found by discovery: [YIraC|0] (1) [YIraC].
2025-01-30 18:17:49,901 INFO c.h.h.t.HelmChartContainer - [test-hivemq-platform] [hivemq] [23ed6897] INFO  - [HiveMQ Platform Operator Init App 1.7.0-SNAPSHOT] Returning Health API response 503 for readiness
2025-01-30 18:17:49,905 INFO c.h.h.t.HelmChartContainer - [EVENT] Warning [Unhealthy] Readiness probe failed: HTTP probe failed with statuscode: 503 [helmmqttit:test-hivemq-platform-0]
2025-01-30 18:17:49,905 INFO c.h.h.t.HelmChartContainer - Received Unhealthy event for container hivemq in pod test-hivemq-platform-0 [23ed6897-cea8-4cf5-9d34-8f26aba2e1c4]
2025-01-30 18:17:50,000 INFO c.h.h.t.HelmChartContainer - [test-hivemq-platform] [hivemq] [23ed6897] WARN  - No user for HiveMQ Control Center configured. Starting with default user
2025-01-30 18:17:50,000 INFO c.h.h.t.HelmChartContainer - [test-hivemq-platform] [hivemq] [23ed6897] INFO  - Starting HiveMQ Control Center on address 127.0.0.1 and port 8080
2025-01-30 18:17:50,001 INFO c.h.h.t.HelmChartContainer - [test-hivemq-platform] [hivemq] [23ed6897] INFO  - Mounting HiveMQ Control Center V2 Preview
2025-01-30 18:17:50,842 INFO c.h.h.t.HelmChartContainer - [test-hivemq-platform] [hivemq] [23ed6897] INFO  - Started HiveMQ Control Center in 841ms
2025-01-30 18:17:50,905 INFO c.h.h.t.HelmChartContainer - [test-hivemq-platform] [hivemq] [23ed6897] INFO  - Starting TCP listener on address 0.0.0.0 and port 1884
2025-01-30 18:17:50,947 INFO c.h.h.t.HelmChartContainer - [test-hivemq-platform] [hivemq] [23ed6897] INFO  - Started TCP Listener on address 0.0.0.0 and on port 1884.
2025-01-30 18:17:50,948 INFO c.h.h.t.HelmChartContainer - [test-hivemq-platform] [hivemq] [23ed6897] INFO  - Started HiveMQ in 30133ms
2025-01-30 18:17:54,332 INFO c.h.h.t.HelmChartContainer - [test-hivemq-platform] [hivemq] [23ed6897] INFO  - [HiveMQ Platform Operator Init App 1.7.0-SNAPSHOT] Returning Health API response 200 for readiness
2025-01-30 18:17:54,344 INFO c.h.h.t.HelmChartContainer - [POD] test-hivemq-platform-0 [23ed6897-cea8-4cf5-9d34-8f26aba2e1c4] in helmmqttit was MODIFIED
2025-01-30 18:17:54,355 INFO c.h.h.t.HelmChartContainer - [hivemq-test-hivemq-platform] [hivemq-platform-operator] [206a570b] 18:17:54.351 [pool-6-thread-18] DEBUG c.h.p.o.dependants.PodInfoConfigMap - [helmmqtt] Desired PodInfo ConfigMap (1 extensions) (1 enabled)
2025-01-30 18:17:54,366 INFO c.h.h.t.HelmChartContainer - [hivemq-test-hivemq-platform] [hivemq-platform-operator] [206a570b] 18:17:54.354 [pool-6-thread-18] DEBUG c.h.p.o.dependants.PodInfoConfigMap - [helmmqtt] Desired PodInfo ConfigMap (metrics port: 9399) (metrics path: /)
2025-01-30 18:17:54,366 INFO c.h.h.t.HelmChartContainer - [hivemq-test-hivemq-platform] [hivemq-platform-operator] [206a570b] 18:17:54.355 [pool-6-thread-18] DEBUG c.h.p.o.dependants.PodInfoConfigMap - [helmmqtt] Desired PodInfo ConfigMap (extension state hash: -1817474005)
2025-01-30 18:17:54,366 INFO c.h.h.t.HelmChartContainer - [hivemq-test-hivemq-platform] [hivemq-platform-operator] [206a570b] 18:17:54.351 [pool-6-thread-17] DEBUG c.h.p.o.d.PlatformServiceResource - [helmmqtt] Desired Platform services (2 services)
2025-01-30 18:17:54,366 INFO c.h.h.t.HelmChartContainer - [hivemq-test-hivemq-platform] [hivemq-platform-operator] [206a570b] 18:17:54.352 [pool-6-thread-14] DEBUG c.h.p.o.d.PodServiceAccountResource - [helmmqtt] Desired PodServiceAccountResource (serviceAccountName: hivemq-platform-pod-test-hivemq-platform)
2025-01-30 18:17:54,367 INFO c.h.h.t.HelmChartContainer - [hivemq-test-hivemq-platform] [hivemq-platform-operator] [206a570b] 18:17:54.362 [pool-6-thread-16] DEBUG c.h.p.o.d.StatefulSetResource - [helmmqtt] Desired StatefulSet (1 replicas) for status STARTING (READY)
2025-01-30 18:17:54,369 INFO c.h.h.t.HelmChartContainer - [hivemq-test-hivemq-platform] [hivemq-platform-operator] [206a570b] 18:17:54.367 [ReconcilerExecutor-hivemq-controller-114] INFO  c.h.p.o.HiveMQPlatformReconciler - [helmmqtt] Reconciling HiveMQ Platform 'test-hivemq-platform' in namespace 'helmmqttit'
2025-01-30 18:17:54,369 INFO c.h.h.t.HelmChartContainer - [hivemq-test-hivemq-platform] [hivemq-platform-operator] [206a570b] 18:17:54.368 [ReconcilerExecutor-hivemq-controller-114] DEBUG c.h.p.o.HiveMQPlatformReconciler - [helmmqtt] Custom Resource Status STARTING - HiveMQ Platform is starting (READY)
2025-01-30 18:17:54,369 INFO c.h.h.t.HelmChartContainer - [hivemq-test-hivemq-platform] [hivemq-platform-operator] [206a570b] 18:17:54.368 [ReconcilerExecutor-hivemq-controller-114] DEBUG c.h.p.o.HiveMQPlatformReconciler - [helmmqtt] Custom Resource Spec (replicas: 1) (extensions: 1)
2025-01-30 18:17:54,373 INFO c.h.h.t.HelmChartContainer - [hivemq-test-hivemq-platform] [hivemq-platform-operator] [206a570b] 18:17:54.369 [ReconcilerExecutor-hivemq-controller-114] DEBUG c.h.p.o.HiveMQPlatformReconciler - [helmmqtt] StatefulSet Status (revision: test-hivemq-platform-7bbc5894fb, replicas: 1, available: 1, ready: 1, current: 1, updated: 1)
2025-01-30 18:17:54,373 INFO c.h.h.t.HelmChartContainer - [hivemq-test-hivemq-platform] [hivemq-platform-operator] [206a570b] 18:17:54.369 [ReconcilerExecutor-hivemq-controller-114] DEBUG c.h.p.o.HiveMQPlatformReconciler - [helmmqtt] StatefulSet Spec (replicas: 1, init containers: 1, containers: 1, volumes: 3)
2025-01-30 18:17:54,373 INFO c.h.h.t.HelmChartContainer - [hivemq-test-hivemq-platform] [hivemq-platform-operator] [206a570b] 18:17:54.371 [ReconcilerExecutor-hivemq-controller-114] DEBUG c.h.p.o.h.HiveMQPlatformReconcilerErrorHandler - [helmmqtt] Pod 'test-hivemq-platform-0' phase Running
2025-01-30 18:17:54,373 INFO c.h.h.t.HelmChartContainer - [K3S] [event.go:389] "Event occurred" object="helmmqttit/hivemq-test-hivemq-platform-mqtt-1884" fieldPath="" kind="Service" apiVersion="v1" type="Normal" reason="UpdatedLoadBalancer" message="Updated LoadBalancer with new IPs: [172.18.0.2] -> [172.18.0.2]"
2025-01-30 18:17:54,375 INFO c.h.h.t.HelmChartContainer - [EVENT] Normal [UpdatedLoadBalancer] Updated LoadBalancer with new IPs: [172.18.0.2] -> [172.18.0.2] [helmmqttit:hivemq-test-hivemq-platform-mqtt-1884]
2025-01-30 18:17:54,402 INFO c.h.h.t.HelmChartContainer - [hivemq-test-hivemq-platform] [hivemq-platform-operator] [206a570b] 18:17:54.372 [ReconcilerExecutor-hivemq-controller-114] INFO  c.h.p.o.h.HiveMQPlatformReconcilerBaseHandler - [helmmqtt] HiveMQ Platform started successfully
2025-01-30 18:17:54,417 INFO c.h.h.t.HelmChartContainer - [hivemq-test-hivemq-platform] [hivemq-platform-operator] [206a570b] 18:17:54.416 [ReconcilerExecutor-hivemq-controller-114] DEBUG c.h.p.operator.event.EventSender - [helmmqtt] Creating K8s event hivemq-platform-ready: [Ready] HiveMQ Platform is ready
2025-01-30 18:17:54,421 INFO c.h.h.t.HelmChartContainer - [EVENT] Normal [Ready] HiveMQ Platform is ready [helmmqttit:test-hivemq-platform]
2025-01-30 18:17:54,422 INFO c.h.h.t.HelmChartContainer - [hivemq-test-hivemq-platform] [hivemq-platform-operator] [206a570b] 18:17:54.421 [ReconcilerExecutor-hivemq-controller-114] INFO  c.h.p.o.h.AbstractHiveMQReconcilerStateHandler - [helmmqtt] Update HiveMQ Platform Status (STARTING [READY] -> RUNNING [READY]): HiveMQ Platform is ready
2025-01-30 18:17:54,429 DEBUG com.hivemq.helmcharts.util.K8sUtil - Comparing actual state 'RUNNING' and waiting for 'RUNNING'
2025-01-30 18:17:54,505 INFO c.h.h.t.HelmChartContainer - [hivemq-test-hivemq-platform] [hivemq-platform-operator] [206a570b] 18:17:54.503 [pool-6-thread-27] DEBUG c.h.p.o.d.PlatformServiceResource - [helmmqtt] Desired Platform services (2 services)
2025-01-30 18:17:54,508 INFO c.h.h.t.HelmChartContainer - [hivemq-test-hivemq-platform] [hivemq-platform-operator] [206a570b] 18:17:54.503 [pool-6-thread-25] DEBUG c.h.p.o.dependants.PodInfoConfigMap - [helmmqtt] Desired PodInfo ConfigMap (1 extensions) (1 enabled)
2025-01-30 18:17:54,509 INFO c.h.h.t.HelmChartContainer - [hivemq-test-hivemq-platform] [hivemq-platform-operator] [206a570b] 18:17:54.503 [pool-6-thread-25] DEBUG c.h.p.o.dependants.PodInfoConfigMap - [helmmqtt] Desired PodInfo ConfigMap (metrics port: 9399) (metrics path: /)
2025-01-30 18:17:54,509 INFO c.h.h.t.HelmChartContainer - [hivemq-test-hivemq-platform] [hivemq-platform-operator] [206a570b] 18:17:54.503 [pool-6-thread-25] DEBUG c.h.p.o.dependants.PodInfoConfigMap - [helmmqtt] Desired PodInfo ConfigMap (extension state hash: -1817474005)
2025-01-30 18:17:54,509 INFO c.h.h.t.HelmChartContainer - [hivemq-test-hivemq-platform] [hivemq-platform-operator] [206a570b] 18:17:54.504 [pool-6-thread-25] DEBUG c.h.p.o.dependants.PodInfoConfigMap - [helmmqtt] Update PodInfo ConfigMap
2025-01-30 18:17:54,509 INFO c.h.h.t.HelmChartContainer - [hivemq-test-hivemq-platform] [hivemq-platform-operator] [206a570b] 18:17:54.504 [pool-6-thread-24] DEBUG c.h.p.o.d.PodServiceAccountResource - [helmmqtt] Desired PodServiceAccountResource (serviceAccountName: hivemq-platform-pod-test-hivemq-platform)
2025-01-30 18:17:54,604 INFO c.h.h.t.HelmChartContainer - [hivemq-test-hivemq-platform] [hivemq-platform-operator] [206a570b] 18:17:54.602 [pool-6-thread-25] DEBUG c.h.p.o.d.StatefulSetResource - [helmmqtt] Desired StatefulSet (1 replicas) for status RUNNING (READY)
2025-01-30 18:17:54,607 INFO c.h.h.t.HelmChartContainer - [hivemq-test-hivemq-platform] [hivemq-platform-operator] [206a570b] 18:17:54.606 [ReconcilerExecutor-hivemq-controller-115] INFO  c.h.p.o.HiveMQPlatformReconciler - [helmmqtt] Reconciling HiveMQ Platform 'test-hivemq-platform' in namespace 'helmmqttit'
2025-01-30 18:17:54,610 INFO c.h.h.t.HelmChartContainer - [hivemq-test-hivemq-platform] [hivemq-platform-operator] [206a570b] 18:17:54.606 [ReconcilerExecutor-hivemq-controller-115] DEBUG c.h.p.o.HiveMQPlatformReconciler - [helmmqtt] Custom Resource Status RUNNING - HiveMQ Platform is ready (READY)
2025-01-30 18:17:54,611 INFO c.h.h.t.HelmChartContainer - [hivemq-test-hivemq-platform] [hivemq-platform-operator] [206a570b] 18:17:54.606 [ReconcilerExecutor-hivemq-controller-115] DEBUG c.h.p.o.HiveMQPlatformReconciler - [helmmqtt] Custom Resource Spec (replicas: 1) (extensions: 1)
2025-01-30 18:17:54,611 INFO c.h.h.t.HelmChartContainer - [hivemq-test-hivemq-platform] [hivemq-platform-operator] [206a570b] 18:17:54.609 [ReconcilerExecutor-hivemq-controller-115] DEBUG c.h.p.o.HiveMQPlatformReconciler - [helmmqtt] StatefulSet Status (revision: test-hivemq-platform-7bbc5894fb, replicas: 1, available: 1, ready: 1, current: 1, updated: 1)
2025-01-30 18:17:54,611 INFO c.h.h.t.HelmChartContainer - [hivemq-test-hivemq-platform] [hivemq-platform-operator] [206a570b] 18:17:54.609 [ReconcilerExecutor-hivemq-controller-115] DEBUG c.h.p.o.HiveMQPlatformReconciler - [helmmqtt] StatefulSet Spec (replicas: 1, init containers: 1, containers: 1, volumes: 3)
2025-01-30 18:17:54,612 INFO c.h.h.t.HelmChartContainer - [hivemq-test-hivemq-platform] [hivemq-platform-operator] [206a570b] 18:17:54.611 [ReconcilerExecutor-hivemq-controller-115] DEBUG c.h.p.o.h.HiveMQPlatformReconcilerErrorHandler - [helmmqtt] Pod 'test-hivemq-platform-0' phase Running
2025-01-30 18:17:59,241 INFO c.h.h.t.HelmChartContainer - Uninstalling release 'test-hivemq-platform' in namespace 'helmmqttit'...
2025-01-30 18:17:59,241 DEBUG c.h.h.t.HelmChartContainer - Executing helm command: /bin/helm --kubeconfig /etc/rancher/k3s/k3s.yaml uninstall test-hivemq-platform  --wait --timeout 5m0s --cascade foreground --namespace helmmqttit
2025-01-30 18:17:59,423 INFO c.h.h.t.HelmChartContainer - [hivemq-test-hivemq-platform] [hivemq-platform-operator] [206a570b] 18:17:59.419 [pool-6-thread-32] DEBUG c.h.p.o.d.PlatformServiceResource - [helmmqtt] Desired Platform services (2 services)
2025-01-30 18:17:59,428 INFO c.h.h.t.HelmChartContainer - [hivemq-test-hivemq-platform] [hivemq-platform-operator] [206a570b] 18:17:59.424 [pool-6-thread-36] DEBUG c.h.p.o.dependants.PodInfoConfigMap - [helmmqtt] Desired PodInfo ConfigMap (1 extensions) (1 enabled)
2025-01-30 18:17:59,428 INFO c.h.h.t.HelmChartContainer - [hivemq-test-hivemq-platform] [hivemq-platform-operator] [206a570b] 18:17:59.424 [pool-6-thread-36] DEBUG c.h.p.o.dependants.PodInfoConfigMap - [helmmqtt] Desired PodInfo ConfigMap (metrics port: 9399) (metrics path: /)
2025-01-30 18:17:59,428 INFO c.h.h.t.HelmChartContainer - [hivemq-test-hivemq-platform] [hivemq-platform-operator] [206a570b] 18:17:59.424 [pool-6-thread-36] DEBUG c.h.p.o.dependants.PodInfoConfigMap - [helmmqtt] Desired PodInfo ConfigMap (extension state hash: -1817474005)
2025-01-30 18:17:59,428 INFO c.h.h.t.HelmChartContainer - [hivemq-test-hivemq-platform] [hivemq-platform-operator] [206a570b] 18:17:59.426 [pool-6-thread-36] DEBUG c.h.p.o.d.PodServiceAccountResource - [helmmqtt] Desired PodServiceAccountResource (serviceAccountName: hivemq-platform-pod-test-hivemq-platform)
2025-01-30 18:17:59,470 INFO c.h.h.t.HelmChartContainer - [K3S] [event.go:389] "Event occurred" object="helmmqttit/hivemq-test-hivemq-platform-mqtt-1884" fieldPath="" kind="Service" apiVersion="v1" type="Normal" reason="DeletingLoadBalancer" message="Deleting load balancer"
2025-01-30 18:17:59,473 INFO c.h.h.t.HelmChartContainer - [EVENT] Normal [DeletingLoadBalancer] Deleting load balancer [helmmqttit:hivemq-test-hivemq-platform-mqtt-1884]
2025-01-30 18:17:59,474 INFO c.h.h.t.HelmChartContainer - [K3S] [event.go:389] "Event occurred" object="helmmqttit/hivemq-test-hivemq-platform-mqtt-1884" fieldPath="" kind="Service" apiVersion="v1" type="Normal" reason="DeletedDaemonSet" message="Deleted LoadBalancer DaemonSet kube-system/svclb-hivemq-test-hivemq-platform-mqtt-1884-7378d45a"
2025-01-30 18:17:59,476 INFO c.h.h.t.HelmChartContainer - [EVENT] Normal [DeletedDaemonSet] Deleted LoadBalancer DaemonSet kube-system/svclb-hivemq-test-hivemq-platform-mqtt-1884-7378d45a [helmmqttit:hivemq-test-hivemq-platform-mqtt-1884]
2025-01-30 18:17:59,477 INFO c.h.h.t.HelmChartContainer - [K3S] [event.go:389] "Event occurred" object="helmmqttit/hivemq-test-hivemq-platform-mqtt-1884" fieldPath="" kind="Service" apiVersion="v1" type="Normal" reason="DeletedLoadBalancer" message="Deleted load balancer"
2025-01-30 18:17:59,479 INFO c.h.h.t.HelmChartContainer - [EVENT] Normal [DeletedLoadBalancer] Deleted load balancer [helmmqttit:hivemq-test-hivemq-platform-mqtt-1884]
2025-01-30 18:17:59,506 INFO c.h.h.t.HelmChartContainer - [hivemq-test-hivemq-platform] [hivemq-platform-operator] [206a570b] 18:17:59.502 [pool-6-thread-35] DEBUG c.h.p.o.d.StatefulSetResource - [helmmqtt] Desired StatefulSet (1 replicas) for status RUNNING (READY)
2025-01-30 18:17:59,514 INFO c.h.h.t.HelmChartContainer - [hivemq-test-hivemq-platform] [hivemq-platform-operator] [206a570b] 18:17:59.512 [pool-6-thread-35] DEBUG c.h.p.o.d.StatefulSetResource - [helmmqtt] Update StatefulSet (replicas: 1 -> 1)
2025-01-30 18:17:59,514 INFO c.h.h.t.HelmChartContainer - [hivemq-test-hivemq-platform] [hivemq-platform-operator] [206a570b] 18:17:59.512 [pool-6-thread-35] DEBUG c.h.p.o.d.StatefulSetResource - [helmmqtt] Detected change in StatefulSet specification (path: /template/metadata/annotations/kubernetes-resource-versions) (actual value: {broker-configuration-v2=319910904}) (target value: {broker-configuration-v2=0})
2025-01-30 18:17:59,514 INFO c.h.h.t.HelmChartContainer - [hivemq-test-hivemq-platform] [hivemq-platform-operator] [206a570b] 18:17:59.512 [pool-6-thread-35] INFO  c.h.p.o.d.StatefulSetResource - [helmmqtt] StatefulSet spec was updated, triggering rolling restart
2025-01-30 18:17:59,605 INFO c.h.h.t.HelmChartContainer - [K3S] [INFO] COMPACT compactRev=0 targetCompactRev=2 currentRev=1155
2025-01-30 18:17:59,606 INFO c.h.h.t.HelmChartContainer - [K3S] [INFO] COMPACT deleted 0 rows from 2 revisions in 580.173µs - compacted to 2/1155
2025-01-30 18:17:59,606 INFO c.h.h.t.HelmChartContainer - [K3S] [INFO] COMPACT compacted from 0 to 2 in 1 transactions over 1ms
2025-01-30 18:17:59,706 INFO c.h.h.t.HelmChartContainer - [hivemq-test-hivemq-platform] [hivemq-platform-operator] [206a570b] 18:17:59.705 [ReconcilerExecutor-hivemq-controller-116] INFO  c.h.p.o.HiveMQPlatformReconciler - [helmmqtt] Reconciling HiveMQ Platform 'test-hivemq-platform' in namespace 'helmmqttit'
2025-01-30 18:17:59,707 INFO c.h.h.t.HelmChartContainer - [hivemq-test-hivemq-platform] [hivemq-platform-operator] [206a570b] 18:17:59.706 [ReconcilerExecutor-hivemq-controller-116] DEBUG c.h.p.o.HiveMQPlatformReconciler - [helmmqtt] Custom Resource Status RUNNING - HiveMQ Platform is ready (READY) (reconciliation requests: ROLLING_RESTART, REQUESTS_UPDATED)
2025-01-30 18:17:59,707 INFO c.h.h.t.HelmChartContainer - [hivemq-test-hivemq-platform] [hivemq-platform-operator] [206a570b] 18:17:59.706 [ReconcilerExecutor-hivemq-controller-116] DEBUG c.h.p.o.HiveMQPlatformReconciler - [helmmqtt] Custom Resource Spec (replicas: 1) (extensions: 1)
2025-01-30 18:17:59,708 INFO c.h.h.t.HelmChartContainer - [hivemq-test-hivemq-platform] [hivemq-platform-operator] [206a570b] 18:17:59.707 [ReconcilerExecutor-hivemq-controller-116] WARN  c.h.p.o.h.HiveMQPlatformReconcilerErrorHandler - [helmmqtt] Could not find ConfigMap 'hivemq-configuration-test-hivemq-platform' for HiveMQ Platform configuration
2025-01-30 18:17:59,714 INFO c.h.h.t.HelmChartContainer - [K3S] [authentication.go:74] "Unable to authenticate the request" err="[invalid bearer token, serviceaccounts \"hivemq-platform-pod-test-hivemq-platform\" not found]"
2025-01-30 18:17:59,737 INFO c.h.h.t.HelmChartContainer - [K3S] [authentication.go:74] "Unable to authenticate the request" err="[invalid bearer token, serviceaccounts \"hivemq-platform-pod-test-hivemq-platform\" not found]"
2025-01-30 18:17:59,810 INFO c.h.h.t.HelmChartContainer - [test-hivemq-platform] [hivemq] [23ed6897] WARN  - [HiveMQ Platform Operator Init App 1.7.0-SNAPSHOT] Could not update Pod annotations: Failure executing: GET at: https://10.43.0.1:443/api/v1/namespaces/helmmqttit/pods/test-hivemq-platform-0. Message: Unauthorized. Received status: Status(apiVersion=v1, code=401, details=null, kind=Status, message=Unauthorized, metadata=ListMeta(_continue=null, remainingItemCount=null, resourceVersion=null, selfLink=null, additionalProperties={}), reason=Unauthorized, status=Failure, additionalProperties={}).
2025-01-30 18:17:59,812 INFO c.h.h.t.HelmChartContainer - [hivemq-test-hivemq-platform] [hivemq-platform-operator] [206a570b] 18:17:59.810 [ReconcilerExecutor-hivemq-controller-116] DEBUG c.h.p.operator.event.EventSender - [helmmqtt] Creating K8s event hivemq-platform-invalid-configuration: [Start] Could not find ConfigMap 'hivemq-configuration-test-hivemq-platform' for HiveMQ Platform configuration
2025-01-30 18:17:59,817 INFO c.h.h.t.HelmChartContainer - [EVENT] Warning [Start] Could not find ConfigMap 'hivemq-configuration-test-hivemq-platform' for HiveMQ Platform configuration [helmmqttit:test-hivemq-platform]
2025-01-30 18:17:59,819 INFO c.h.h.t.HelmChartContainer - [hivemq-test-hivemq-platform] [hivemq-platform-operator] [206a570b] 18:17:59.818 [ReconcilerExecutor-hivemq-controller-116] INFO  c.h.p.o.h.AbstractHiveMQReconcilerStateHandler - [helmmqtt] Update HiveMQ Platform Status (RUNNING [READY] -> ERROR [INVALID_CONFIG_MAP]): Could not find ConfigMap 'hivemq-configuration-test-hivemq-platform' for HiveMQ Platform configuration (reconciliation requests: ROLLING_RESTART)
2025-01-30 18:17:59,830 INFO c.h.h.t.HelmChartContainer - [hivemq-test-hivemq-platform] [hivemq-platform-operator] [206a570b] 18:17:59.826 [ReconcilerExecutor-hivemq-controller-116] ERROR i.j.o.p.event.EventProcessor - Error during event processing ExecutionScope{ resource id: ResourceID{name='test-hivemq-platform', namespace='helmmqttit'}, version: 1131}
2025-01-30 18:17:59,830 INFO c.h.h.t.HelmChartContainer - [hivemq-test-hivemq-platform] [hivemq-platform-operator] [206a570b] io.fabric8.kubernetes.client.KubernetesClientException: Failure executing: PUT at: https://10.43.0.1:443/apis/hivemq.com/v1/namespaces/helmmqttit/hivemq-platforms/test-hivemq-platform/status. Message: Operation cannot be fulfilled on hivemq-platforms.hivemq.com "test-hivemq-platform": the object has been modified; please apply your changes to the latest version and try again. Received status: Status(apiVersion=v1, code=409, details=StatusDetails(causes=[], group=hivemq.com, kind=hivemq-platforms, name=test-hivemq-platform, retryAfterSeconds=null, uid=null, additionalProperties={}), kind=Status, message=Operation cannot be fulfilled on hivemq-platforms.hivemq.com "test-hivemq-platform": the object has been modified; please apply your changes to the latest version and try again, metadata=ListMeta(_continue=null, remainingItemCount=null, resourceVersion=null, selfLink=null, additionalProperties={}), reason=Conflict, status=Failure, additionalProperties={}).
2025-01-30 18:17:59,830 INFO c.h.h.t.HelmChartContainer - [hivemq-test-hivemq-platform] [hivemq-platform-operator] [206a570b] 	at io.fabric8.kubernetes.client.KubernetesClientException.copyAsCause(KubernetesClientException.java:238)
2025-01-30 18:17:59,830 INFO c.h.h.t.HelmChartContainer - [hivemq-test-hivemq-platform] [hivemq-platform-operator] [206a570b] 	at io.fabric8.kubernetes.client.dsl.internal.OperationSupport.waitForResult(OperationSupport.java:507)
2025-01-30 18:17:59,830 INFO c.h.h.t.HelmChartContainer - [hivemq-test-hivemq-platform] [hivemq-platform-operator] [206a570b] 	at io.fabric8.kubernetes.client.dsl.internal.OperationSupport.handleResponse(OperationSupport.java:524)
2025-01-30 18:17:59,830 INFO c.h.h.t.HelmChartContainer - [hivemq-test-hivemq-platform] [hivemq-platform-operator] [206a570b] 	at io.fabric8.kubernetes.client.dsl.internal.OperationSupport.handleUpdate(OperationSupport.java:358)
2025-01-30 18:17:59,830 INFO c.h.h.t.HelmChartContainer - [hivemq-test-hivemq-platform] [hivemq-platform-operator] [206a570b] 	at io.fabric8.kubernetes.client.dsl.internal.BaseOperation.handleUpdate(BaseOperation.java:759)
2025-01-30 18:17:59,830 INFO c.h.h.t.HelmChartContainer - [hivemq-test-hivemq-platform] [hivemq-platform-operator] [206a570b] 	at io.fabric8.kubernetes.client.dsl.internal.HasMetadataOperation.update(HasMetadataOperation.java:138)
2025-01-30 18:17:59,830 INFO c.h.h.t.HelmChartContainer - [hivemq-test-hivemq-platform] [hivemq-platform-operator] [206a570b] 	at io.fabric8.kubernetes.client.dsl.internal.HasMetadataOperation.update(HasMetadataOperation.java:121)
2025-01-30 18:17:59,830 INFO c.h.h.t.HelmChartContainer - [hivemq-test-hivemq-platform] [hivemq-platform-operator] [206a570b] 	at io.fabric8.kubernetes.client.dsl.internal.HasMetadataOperation.updateStatus(HasMetadataOperation.java:126)
2025-01-30 18:17:59,830 INFO c.h.h.t.HelmChartContainer - [hivemq-test-hivemq-platform] [hivemq-platform-operator] [206a570b] 	at io.fabric8.kubernetes.client.dsl.internal.HasMetadataOperation.updateStatus(HasMetadataOperation.java:44)
2025-01-30 18:17:59,830 INFO c.h.h.t.HelmChartContainer - [hivemq-test-hivemq-platform] [hivemq-platform-operator] [206a570b] 	at io.javaoperatorsdk.operator.processing.event.ReconciliationDispatcher$CustomResourceFacade.updateStatus(ReconciliationDispatcher.java:408)
2025-01-30 18:17:59,830 INFO c.h.h.t.HelmChartContainer - [hivemq-test-hivemq-platform] [hivemq-platform-operator] [206a570b] 	at io.javaoperatorsdk.operator.processing.event.ReconciliationDispatcher.updateStatusGenerationAware(ReconciliationDispatcher.java:228)
2025-01-30 18:17:59,830 INFO c.h.h.t.HelmChartContainer - [hivemq-test-hivemq-platform] [hivemq-platform-operator] [206a570b] 	at io.javaoperatorsdk.operator.processing.event.ReconciliationDispatcher.reconcileExecution(ReconciliationDispatcher.java:150)
2025-01-30 18:17:59,830 INFO c.h.h.t.HelmChartContainer - [hivemq-test-hivemq-platform] [hivemq-platform-operator] [206a570b] 	at io.javaoperatorsdk.operator.processing.event.ReconciliationDispatcher.handleReconcile(ReconciliationDispatcher.java:117)
2025-01-30 18:17:59,830 INFO c.h.h.t.HelmChartContainer - [hivemq-test-hivemq-platform] [hivemq-platform-operator] [206a570b] 	at io.javaoperatorsdk.operator.processing.event.ReconciliationDispatcher.handleDispatch(ReconciliationDispatcher.java:91)
2025-01-30 18:17:59,830 INFO c.h.h.t.HelmChartContainer - [hivemq-test-hivemq-platform] [hivemq-platform-operator] [206a570b] 	at io.javaoperatorsdk.operator.processing.event.ReconciliationDispatcher.handleExecution(ReconciliationDispatcher.java:64)
2025-01-30 18:17:59,830 INFO c.h.h.t.HelmChartContainer - [hivemq-test-hivemq-platform] [hivemq-platform-operator] [206a570b] 	at io.javaoperatorsdk.operator.processing.event.EventProcessor$ReconcilerExecutor.run(EventProcessor.java:452)
2025-01-30 18:17:59,830 INFO c.h.h.t.HelmChartContainer - [hivemq-test-hivemq-platform] [hivemq-platform-operator] [206a570b] 	at java.base/java.util.concurrent.ThreadPoolExecutor.runWorker(Unknown Source)
2025-01-30 18:17:59,830 INFO c.h.h.t.HelmChartContainer - [hivemq-test-hivemq-platform] [hivemq-platform-operator] [206a570b] 	at java.base/java.util.concurrent.ThreadPoolExecutor$Worker.run(Unknown Source)
2025-01-30 18:17:59,830 INFO c.h.h.t.HelmChartContainer - [hivemq-test-hivemq-platform] [hivemq-platform-operator] [206a570b] 	at java.base/java.lang.Thread.run(Unknown Source)
2025-01-30 18:17:59,830 INFO c.h.h.t.HelmChartContainer - [hivemq-test-hivemq-platform] [hivemq-platform-operator] [206a570b] Caused by: io.fabric8.kubernetes.client.KubernetesClientException: Failure executing: PUT at: https://10.43.0.1:443/apis/hivemq.com/v1/namespaces/helmmqttit/hivemq-platforms/test-hivemq-platform/status. Message: Operation cannot be fulfilled on hivemq-platforms.hivemq.com "test-hivemq-platform": the object has been modified; please apply your changes to the latest version and try again. Received status: Status(apiVersion=v1, code=409, details=StatusDetails(causes=[], group=hivemq.com, kind=hivemq-platforms, name=test-hivemq-platform, retryAfterSeconds=null, uid=null, additionalProperties={}), kind=Status, message=Operation cannot be fulfilled on hivemq-platforms.hivemq.com "test-hivemq-platform": the object has been modified; please apply your changes to the latest version and try again, metadata=ListMeta(_continue=null, remainingItemCount=null, resourceVersion=null, selfLink=null, additionalProperties={}), reason=Conflict, status=Failure, additionalProperties={}).
2025-01-30 18:17:59,830 INFO c.h.h.t.HelmChartContainer - [hivemq-test-hivemq-platform] [hivemq-platform-operator] [206a570b] 	at io.fabric8.kubernetes.client.dsl.internal.OperationSupport.requestFailure(OperationSupport.java:660)
2025-01-30 18:17:59,830 INFO c.h.h.t.HelmChartContainer - [hivemq-test-hivemq-platform] [hivemq-platform-operator] [206a570b] 	at io.fabric8.kubernetes.client.dsl.internal.OperationSupport.requestFailure(OperationSupport.java:640)
2025-01-30 18:17:59,830 INFO c.h.h.t.HelmChartContainer - [hivemq-test-hivemq-platform] [hivemq-platform-operator] [206a570b] 	at io.fabric8.kubernetes.client.dsl.internal.OperationSupport.assertResponseCode(OperationSupport.java:589)
2025-01-30 18:17:59,830 INFO c.h.h.t.HelmChartContainer - [hivemq-test-hivemq-platform] [hivemq-platform-operator] [206a570b] 	at io.fabric8.kubernetes.client.dsl.internal.OperationSupport.lambda$handleResponse$0(OperationSupport.java:549)
2025-01-30 18:17:59,830 INFO c.h.h.t.HelmChartContainer - [hivemq-test-hivemq-platform] [hivemq-platform-operator] [206a570b] 	at java.base/java.util.concurrent.CompletableFuture$UniApply.tryFire(Unknown Source)
2025-01-30 18:17:59,830 INFO c.h.h.t.HelmChartContainer - [hivemq-test-hivemq-platform] [hivemq-platform-operator] [206a570b] 	at java.base/java.util.concurrent.CompletableFuture.postComplete(Unknown Source)
2025-01-30 18:17:59,830 INFO c.h.h.t.HelmChartContainer - [hivemq-test-hivemq-platform] [hivemq-platform-operator] [206a570b] 	at java.base/java.util.concurrent.CompletableFuture.complete(Unknown Source)
2025-01-30 18:17:59,830 INFO c.h.h.t.HelmChartContainer - [hivemq-test-hivemq-platform] [hivemq-platform-operator] [206a570b] 	at io.fabric8.kubernetes.client.http.StandardHttpClient.lambda$completeOrCancel$10(StandardHttpClient.java:141)
2025-01-30 18:17:59,830 INFO c.h.h.t.HelmChartContainer - [hivemq-test-hivemq-platform] [hivemq-platform-operator] [206a570b] 	at java.base/java.util.concurrent.CompletableFuture.uniWhenComplete(Unknown Source)
2025-01-30 18:17:59,830 INFO c.h.h.t.HelmChartContainer - [hivemq-test-hivemq-platform] [hivemq-platform-operator] [206a570b] 	at java.base/java.util.concurrent.CompletableFuture$UniWhenComplete.tryFire(Unknown Source)
2025-01-30 18:17:59,830 INFO c.h.h.t.HelmChartContainer - [hivemq-test-hivemq-platform] [hivemq-platform-operator] [206a570b] 	at java.base/java.util.concurrent.CompletableFuture.postComplete(Unknown Source)
2025-01-30 18:17:59,830 INFO c.h.h.t.HelmChartContainer - [hivemq-test-hivemq-platform] [hivemq-platform-operator] [206a570b] 	at java.base/java.util.concurrent.CompletableFuture.complete(Unknown Source)
2025-01-30 18:17:59,830 INFO c.h.h.t.HelmChartContainer - [hivemq-test-hivemq-platform] [hivemq-platform-operator] [206a570b] 	at io.fabric8.kubernetes.client.http.ByteArrayBodyHandler.onBodyDone(ByteArrayBodyHandler.java:51)
2025-01-30 18:17:59,830 INFO c.h.h.t.HelmChartContainer - [hivemq-test-hivemq-platform] [hivemq-platform-operator] [206a570b] 	at java.base/java.util.concurrent.CompletableFuture.uniWhenComplete(Unknown Source)
2025-01-30 18:17:59,830 INFO c.h.h.t.HelmChartContainer - [hivemq-test-hivemq-platform] [hivemq-platform-operator] [206a570b] 	at java.base/java.util.concurrent.CompletableFuture$UniWhenComplete.tryFire(Unknown Source)
2025-01-30 18:17:59,830 INFO c.h.h.t.HelmChartContainer - [hivemq-test-hivemq-platform] [hivemq-platform-operator] [206a570b] 	at java.base/java.util.concurrent.CompletableFuture.postComplete(Unknown Source)
2025-01-30 18:17:59,830 INFO c.h.h.t.HelmChartContainer - [hivemq-test-hivemq-platform] [hivemq-platform-operator] [206a570b] 	at java.base/java.util.concurrent.CompletableFuture.complete(Unknown Source)
2025-01-30 18:17:59,830 INFO c.h.h.t.HelmChartContainer - [hivemq-test-hivemq-platform] [hivemq-platform-operator] [206a570b] 	at io.fabric8.kubernetes.client.vertx.VertxHttpRequest.lambda$null$1(VertxHttpRequest.java:121)
2025-01-30 18:17:59,830 INFO c.h.h.t.HelmChartContainer - [hivemq-test-hivemq-platform] [hivemq-platform-operator] [206a570b] 	at io.vertx.core.impl.ContextInternal.dispatch(ContextInternal.java:279)
2025-01-30 18:17:59,830 INFO c.h.h.t.HelmChartContainer - [hivemq-test-hivemq-platform] [hivemq-platform-operator] [206a570b] 	at io.vertx.core.impl.ContextInternal.dispatch(ContextInternal.java:261)
2025-01-30 18:17:59,830 INFO c.h.h.t.HelmChartContainer - [hivemq-test-hivemq-platform] [hivemq-platform-operator] [206a570b] 	at io.vertx.core.http.impl.HttpEventHandler.handleEnd(HttpEventHandler.java:76)
2025-01-30 18:17:59,830 INFO c.h.h.t.HelmChartContainer - [hivemq-test-hivemq-platform] [hivemq-platform-operator] [206a570b] 	at io.vertx.core.http.impl.HttpClientResponseImpl.handleEnd(HttpClientResponseImpl.java:250)
2025-01-30 18:17:59,830 INFO c.h.h.t.HelmChartContainer - [hivemq-test-hivemq-platform] [hivemq-platform-operator] [206a570b] 	at io.vertx.core.http.impl.Http1xClientConnection$StreamImpl.lambda$new$0(Http1xClientConnection.java:421)
2025-01-30 18:17:59,830 INFO c.h.h.t.HelmChartContainer - [hivemq-test-hivemq-platform] [hivemq-platform-operator] [206a570b] 	at io.vertx.core.streams.impl.InboundBuffer.handleEvent(InboundBuffer.java:279)
2025-01-30 18:17:59,830 INFO c.h.h.t.HelmChartContainer - [hivemq-test-hivemq-platform] [hivemq-platform-operator] [206a570b] 	at io.vertx.core.streams.impl.InboundBuffer.write(InboundBuffer.java:157)
2025-01-30 18:17:59,830 INFO c.h.h.t.HelmChartContainer - [hivemq-test-hivemq-platform] [hivemq-platform-operator] [206a570b] 	at io.vertx.core.http.impl.Http1xClientConnection$StreamImpl.handleEnd(Http1xClientConnection.java:709)
2025-01-30 18:17:59,830 INFO c.h.h.t.HelmChartContainer - [hivemq-test-hivemq-platform] [hivemq-platform-operator] [206a570b] 	at io.vertx.core.impl.ContextImpl.lambda$execute$4(ContextImpl.java:315)
2025-01-30 18:17:59,830 INFO c.h.h.t.HelmChartContainer - [hivemq-test-hivemq-platform] [hivemq-platform-operator] [206a570b] 	at io.netty.util.concurrent.AbstractEventExecutor.runTask(AbstractEventExecutor.java:173)
2025-01-30 18:17:59,830 INFO c.h.h.t.HelmChartContainer - [hivemq-test-hivemq-platform] [hivemq-platform-operator] [206a570b] 	at io.netty.util.concurrent.AbstractEventExecutor.safeExecute(AbstractEventExecutor.java:166)
2025-01-30 18:17:59,830 INFO c.h.h.t.HelmChartContainer - [hivemq-test-hivemq-platform] [hivemq-platform-operator] [206a570b] 	at io.netty.util.concurrent.SingleThreadEventExecutor.runAllTasks(SingleThreadEventExecutor.java:472)
2025-01-30 18:17:59,830 INFO c.h.h.t.HelmChartContainer - [hivemq-test-hivemq-platform] [hivemq-platform-operator] [206a570b] 	at io.netty.channel.nio.NioEventLoop.run(NioEventLoop.java:569)
2025-01-30 18:17:59,830 INFO c.h.h.t.HelmChartContainer - [hivemq-test-hivemq-platform] [hivemq-platform-operator] [206a570b] 	at io.netty.util.concurrent.SingleThreadEventExecutor$4.run(SingleThreadEventExecutor.java:997)
2025-01-30 18:17:59,830 INFO c.h.h.t.HelmChartContainer - [hivemq-test-hivemq-platform] [hivemq-platform-operator] [206a570b] 	at io.netty.util.internal.ThreadExecutorMap$2.run(ThreadExecutorMap.java:74)
2025-01-30 18:17:59,830 INFO c.h.h.t.HelmChartContainer - [hivemq-test-hivemq-platform] [hivemq-platform-operator] [206a570b] 	at io.netty.util.concurrent.FastThreadLocalRunnable.run(FastThreadLocalRunnable.java:30)
2025-01-30 18:17:59,830 INFO c.h.h.t.HelmChartContainer - [hivemq-test-hivemq-platform] [hivemq-platform-operator] [206a570b] 	... 1 common frames omitted
2025-01-30 18:17:59,903 INFO c.h.h.t.HelmChartContainer - [hivemq-test-hivemq-platform] [hivemq-platform-operator] [206a570b] 18:17:59.902 [ReconcilerExecutor-hivemq-controller-119] INFO  c.h.p.o.HiveMQPlatformReconciler - [helmmqtt] Cleanup test-hivemq-platform - helmmqttit HiveMQ Platform is shut down
2025-01-30 18:17:59,947 INFO c.h.h.t.HelmChartContainer - [POD] svclb-hivemq-test-hivemq-platform-mqtt-1884-7378d45a-mkzrl [d7f4c30d-3ac6-476d-bad1-8d043c5d2e3e] in kube-system was MODIFIED
2025-01-30 18:17:59,954 INFO c.h.h.t.HelmChartContainer - [K3S] [event.go:389] "Event occurred" object="helmmqttit/hivemq-test-hivemq-platform-mqtt-1884" fieldPath="" kind="Service" apiVersion="v1" type="Normal" reason="UpdatedLoadBalancer" message="Updated LoadBalancer with new IPs: [] -> [172.18.0.2]"
2025-01-30 18:17:59,959 INFO c.h.h.t.HelmChartContainer - [EVENT] Normal [UpdatedLoadBalancer] Updated LoadBalancer with new IPs: [] -> [172.18.0.2] [helmmqttit:hivemq-test-hivemq-platform-mqtt-1884]
2025-01-30 18:18:00,082 INFO c.h.h.t.HelmChartContainer - [POD] test-hivemq-platform-0 [23ed6897-cea8-4cf5-9d34-8f26aba2e1c4] in helmmqttit was MODIFIED
2025-01-30 18:18:00,087 INFO c.h.h.t.HelmChartContainer - [EVENT] Normal [Killing] Stopping container hivemq [helmmqttit:test-hivemq-platform-0]
2025-01-30 18:18:00,087 INFO c.h.h.t.HelmChartContainer - Received Killing event for container hivemq in pod test-hivemq-platform-0 [23ed6897-cea8-4cf5-9d34-8f26aba2e1c4]
2025-01-30 18:18:00,088 INFO c.h.h.t.HelmChartContainer - Container [test-hivemq-platform-0] [hivemq] [23ed6897-cea8-4cf5-9d34-8f26aba2e1c4] was terminated
2025-01-30 18:18:00,088 INFO c.h.h.t.HelmChartContainer - Stopped log watcher for hivemq in pod test-hivemq-platform-0 [23ed6897-cea8-4cf5-9d34-8f26aba2e1c4]
2025-01-30 18:18:00,097 INFO c.h.h.t.HelmChartContainer - [test-hivemq-platform] [hivemq] [23ed6897] INFO  - [HiveMQ Platform Operator Init App 1.7.0-SNAPSHOT] Shutting down
2025-01-30 18:18:00,097 INFO c.h.h.t.HelmChartContainer - [test-hivemq-platform] [hivemq] [23ed6897] INFO  - [HiveMQ Platform Operator Init App 1.7.0-SNAPSHOT] Stopping the HiveMQ Platform
2025-01-30 18:18:00,107 INFO c.h.h.t.HelmChartContainer - [K3S] [event.go:389] "Event occurred" object="helmmqttit/hivemq-test-hivemq-platform-mqtt-1884" fieldPath="" kind="Service" apiVersion="v1" type="Normal" reason="UpdatedLoadBalancer" message="Updated LoadBalancer with new IPs: [172.18.0.2] -> [172.18.0.2]"
2025-01-30 18:18:00,111 INFO c.h.h.t.HelmChartContainer - [EVENT] Normal [UpdatedLoadBalancer] Updated LoadBalancer with new IPs: [172.18.0.2] -> [172.18.0.2] [helmmqttit:hivemq-test-hivemq-platform-mqtt-1884]
2025-01-30 18:18:00,141 INFO c.h.h.t.HelmChartContainer - [POD] svclb-hivemq-test-hivemq-platform-mqtt-1884-7378d45a-mkzrl [d7f4c30d-3ac6-476d-bad1-8d043c5d2e3e] in kube-system was MODIFIED
2025-01-30 18:18:00,152 INFO c.h.h.t.HelmChartContainer - [K3S] [event.go:389] "Event occurred" object="helmmqttit/hivemq-test-hivemq-platform-mqtt-1884" fieldPath="" kind="Service" apiVersion="v1" type="Warning" reason="UnAvailableLoadBalancer" message="There are no available nodes for LoadBalancer"
2025-01-30 18:18:00,156 INFO c.h.h.t.HelmChartContainer - [EVENT] Warning [UnAvailableLoadBalancer] There are no available nodes for LoadBalancer [helmmqttit:hivemq-test-hivemq-platform-mqtt-1884]
2025-01-30 18:18:00,241 INFO c.h.h.t.HelmChartContainer - [test-hivemq-platform] [hivemq] [23ed6897] INFO  - Shutting down HiveMQ. Please wait, this could take a while...
2025-01-30 18:18:00,303 INFO c.h.h.t.HelmChartContainer - [test-hivemq-platform] [hivemq] [23ed6897] INFO  - Shutting down listeners and clients
2025-01-30 18:18:00,303 INFO c.h.h.t.HelmChartContainer - [test-hivemq-platform] [hivemq] [23ed6897] INFO  - Shutdown of listeners is done
2025-01-30 18:18:00,304 INFO c.h.h.t.HelmChartContainer - [test-hivemq-platform] [hivemq] [23ed6897] INFO  - No clients are connected, proceeding with shutdown
2025-01-30 18:18:00,605 INFO c.h.h.t.HelmChartContainer - [K3S] [scope.go:117] "RemoveContainer" containerID="828ad1bb5febdba159a812561029909a0ab14fc19f7a38ed8d9d948b34b3b6f0"
2025-01-30 18:18:00,609 INFO c.h.h.t.HelmChartContainer - [K3S] [scope.go:117] "RemoveContainer" containerID="828ad1bb5febdba159a812561029909a0ab14fc19f7a38ed8d9d948b34b3b6f0"
2025-01-30 18:18:00,615 INFO c.h.h.t.HelmChartContainer - [POD] svclb-hivemq-test-hivemq-platform-mqtt-1884-7378d45a-mkzrl [d7f4c30d-3ac6-476d-bad1-8d043c5d2e3e] in kube-system was MODIFIED
2025-01-30 18:18:00,623 INFO c.h.h.t.HelmChartContainer - [POD] svclb-hivemq-test-hivemq-platform-mqtt-1884-7378d45a-mkzrl [d7f4c30d-3ac6-476d-bad1-8d043c5d2e3e] in kube-system was DELETED
2025-01-30 18:18:01,497 INFO c.h.h.t.HelmChartContainer - Deleting namespace 'helmmqttit'...
2025-01-30 18:18:02,114 INFO c.h.h.t.HelmChartContainer - [K3S] [info.go:53] Couldn't collect info from any of the files in "/etc/machine-id,/var/lib/dbus/machine-id"
2025-01-30 18:18:02,128 INFO c.h.h.t.HelmChartContainer - [K3S] [kubelet_volumes.go:163] "Cleaned up orphaned pod volumes dir" podUID="d7f4c30d-3ac6-476d-bad1-8d043c5d2e3e" path="/var/lib/kubelet/pods/d7f4c30d-3ac6-476d-bad1-8d043c5d2e3e/volumes"
2025-01-30 18:18:02,906 INFO c.h.h.t.HelmChartContainer - [test-hivemq-platform] [hivemq] [23ed6897] INFO  - Shutting down extension system
2025-01-30 18:18:02,908 INFO c.h.h.t.HelmChartContainer - [test-hivemq-platform] [hivemq] [23ed6897] INFO  - Stopping extension with id hivemq-dns-cluster-discovery
2025-01-30 18:18:02,909 INFO c.h.h.t.HelmChartContainer - [test-hivemq-platform] [hivemq] [23ed6897] INFO  - Extension "DNS Cluster Discovery Extension" version 4.3.2 stopped successfully.
2025-01-30 18:18:02,910 INFO c.h.h.t.HelmChartContainer - [test-hivemq-platform] [hivemq] [23ed6897] INFO  - Stopping extension with id hivemq-prometheus-extension
2025-01-30 18:18:02,914 INFO c.h.h.t.HelmChartContainer - [test-hivemq-platform] [hivemq] [23ed6897] INFO  - Extension "Prometheus Monitoring Extension" version 4.0.12 stopped successfully.
2025-01-30 18:18:02,914 INFO c.h.h.t.HelmChartContainer - [test-hivemq-platform] [hivemq] [23ed6897] INFO  - Stopping extension with id hivemq-allow-all-extension
2025-01-30 18:18:02,914 INFO c.h.h.t.HelmChartContainer - [test-hivemq-platform] [hivemq] [23ed6897] INFO  - Extension "Allow All Extension" version 1.1.1 stopped successfully.
2025-01-30 18:18:04,327 INFO c.h.h.t.HelmChartContainer - [test-hivemq-platform] [hivemq] [23ed6897] INFO  - [HiveMQ Platform Operator Init App 1.7.0-SNAPSHOT] Returning shutdown Health API response 503 for readiness
2025-01-30 18:18:04,331 INFO c.h.h.t.HelmChartContainer - [EVENT] Warning [Unhealthy] Readiness probe failed: HTTP probe failed with statuscode: 503 [helmmqttit:test-hivemq-platform-0]
2025-01-30 18:18:04,331 INFO c.h.h.t.HelmChartContainer - Received Unhealthy event for container hivemq in pod test-hivemq-platform-0 [23ed6897-cea8-4cf5-9d34-8f26aba2e1c4]
2025-01-30 18:18:04,814 INFO c.h.h.t.HelmChartContainer - [K3S] [authentication.go:74] "Unable to authenticate the request" err="[invalid bearer token, serviceaccounts \"hivemq-platform-pod-test-hivemq-platform\" not found]"
2025-01-30 18:18:04,824 INFO c.h.h.t.HelmChartContainer - [K3S] [authentication.go:74] "Unable to authenticate the request" err="[invalid bearer token, serviceaccounts \"hivemq-platform-pod-test-hivemq-platform\" not found]"
2025-01-30 18:18:04,826 INFO c.h.h.t.HelmChartContainer - [test-hivemq-platform] [hivemq] [23ed6897] WARN  - [HiveMQ Platform Operator Init App 1.7.0-SNAPSHOT] Could not update Pod annotations: Failure executing: GET at: https://10.43.0.1:443/api/v1/namespaces/helmmqttit/pods/test-hivemq-platform-0. Message: Unauthorized. Received status: Status(apiVersion=v1, code=401, details=null, kind=Status, message=Unauthorized, metadata=ListMeta(_continue=null, remainingItemCount=null, resourceVersion=null, selfLink=null, additionalProperties={}), reason=Unauthorized, status=Failure, additionalProperties={}).
2025-01-30 18:18:05,200 INFO c.h.h.t.HelmChartContainer - [test-hivemq-platform] [hivemq] [23ed6897] INFO  - Shutdown completed.
2025-01-30 18:18:05,547 INFO c.h.h.t.HelmChartContainer - [test-hivemq-platform] [hivemq] [23ed6897] INFO  - [HiveMQ Platform Operator Init App 1.7.0-SNAPSHOT] The HiveMQ Platform exited with code 143
2025-01-30 18:18:05,547 INFO c.h.h.t.HelmChartContainer - [test-hivemq-platform] [hivemq] [23ed6897] INFO  - [HiveMQ Platform Operator Init App 1.7.0-SNAPSHOT] Stopping the REST API
2025-01-30 18:18:05,554 INFO c.h.h.t.HelmChartContainer - [test-hivemq-platform] [hivemq] [23ed6897] INFO  - [HiveMQ Platform Operator Init App 1.7.0-SNAPSHOT] Shutdown complete
2025-01-30 18:18:06,031 INFO c.h.h.t.HelmChartContainer - [K3S] [stateful_set.go:438] "Unhandled Error" err="error syncing StatefulSet helmmqttit/test-hivemq-platform, requeuing: controllerrevisions.apps \"test-hivemq-platform-86c78c5c66\" is forbidden: unable to create new content in namespace helmmqttit because it is being terminated"
2025-01-30 18:18:06,031 INFO c.h.h.t.HelmChartContainer - [POD] test-hivemq-platform-0 [23ed6897-cea8-4cf5-9d34-8f26aba2e1c4] in helmmqttit was MODIFIED
2025-01-30 18:18:06,039 INFO c.h.h.t.HelmChartContainer - [K3S] [stateful_set.go:438] "Unhandled Error" err="error syncing StatefulSet helmmqttit/test-hivemq-platform, requeuing: controllerrevisions.apps \"test-hivemq-platform-86c78c5c66\" is forbidden: unable to create new content in namespace helmmqttit because it is being terminated"
2025-01-30 18:18:06,052 INFO c.h.h.t.HelmChartContainer - [K3S] [stateful_set.go:438] "Unhandled Error" err="error syncing StatefulSet helmmqttit/test-hivemq-platform, requeuing: controllerrevisions.apps \"test-hivemq-platform-86c78c5c66\" is forbidden: unable to create new content in namespace helmmqttit because it is being terminated"
2025-01-30 18:18:06,075 INFO c.h.h.t.HelmChartContainer - [K3S] [stateful_set.go:438] "Unhandled Error" err="error syncing StatefulSet helmmqttit/test-hivemq-platform, requeuing: controllerrevisions.apps \"test-hivemq-platform-86c78c5c66\" is forbidden: unable to create new content in namespace helmmqttit because it is being terminated"
2025-01-30 18:18:06,081 INFO c.h.h.t.HelmChartContainer - [K3S] [reconciler_common.go:162] "operationExecutor.UnmountVolume started for volume \"operator-init\" (UniqueName: \"kubernetes.io/empty-dir/23ed6897-cea8-4cf5-9d34-8f26aba2e1c4-operator-init\") pod \"23ed6897-cea8-4cf5-9d34-8f26aba2e1c4\" (UID: \"23ed6897-cea8-4cf5-9d34-8f26aba2e1c4\") "
2025-01-30 18:18:06,081 INFO c.h.h.t.HelmChartContainer - [K3S] [reconciler_common.go:162] "operationExecutor.UnmountVolume started for volume \"pod-info\" (UniqueName: \"kubernetes.io/configmap/23ed6897-cea8-4cf5-9d34-8f26aba2e1c4-pod-info\") pod \"23ed6897-cea8-4cf5-9d34-8f26aba2e1c4\" (UID: \"23ed6897-cea8-4cf5-9d34-8f26aba2e1c4\") "
2025-01-30 18:18:06,081 INFO c.h.h.t.HelmChartContainer - [K3S] [reconciler_common.go:162] "operationExecutor.UnmountVolume started for volume \"kube-api-access-dq8l4\" (UniqueName: \"kubernetes.io/projected/23ed6897-cea8-4cf5-9d34-8f26aba2e1c4-kube-api-access-dq8l4\") pod \"23ed6897-cea8-4cf5-9d34-8f26aba2e1c4\" (UID: \"23ed6897-cea8-4cf5-9d34-8f26aba2e1c4\") "
2025-01-30 18:18:06,081 INFO c.h.h.t.HelmChartContainer - [K3S] [reconciler_common.go:162] "operationExecutor.UnmountVolume started for volume \"broker-configuration\" (UniqueName: \"kubernetes.io/configmap/23ed6897-cea8-4cf5-9d34-8f26aba2e1c4-broker-configuration\") pod \"23ed6897-cea8-4cf5-9d34-8f26aba2e1c4\" (UID: \"23ed6897-cea8-4cf5-9d34-8f26aba2e1c4\") "
2025-01-30 18:18:06,119 INFO c.h.h.t.HelmChartContainer - [K3S] [stateful_set.go:438] "Unhandled Error" err="error syncing StatefulSet helmmqttit/test-hivemq-platform, requeuing: controllerrevisions.apps \"test-hivemq-platform-86c78c5c66\" is forbidden: unable to create new content in namespace helmmqttit because it is being terminated"
2025-01-30 18:18:06,181 INFO c.h.h.t.HelmChartContainer - [K3S] [reconciler_common.go:299] "Volume detached for volume \"pod-info\" (UniqueName: \"kubernetes.io/configmap/23ed6897-cea8-4cf5-9d34-8f26aba2e1c4-pod-info\") on node \"0019a1e396a2\" DevicePath \"\""
2025-01-30 18:18:06,182 INFO c.h.h.t.HelmChartContainer - [K3S] [reconciler_common.go:299] "Volume detached for volume \"kube-api-access-dq8l4\" (UniqueName: \"kubernetes.io/projected/23ed6897-cea8-4cf5-9d34-8f26aba2e1c4-kube-api-access-dq8l4\") on node \"0019a1e396a2\" DevicePath \"\""
2025-01-30 18:18:06,182 INFO c.h.h.t.HelmChartContainer - [K3S] [reconciler_common.go:299] "Volume detached for volume \"broker-configuration\" (UniqueName: \"kubernetes.io/configmap/23ed6897-cea8-4cf5-9d34-8f26aba2e1c4-broker-configuration\") on node \"0019a1e396a2\" DevicePath \"\""
2025-01-30 18:18:06,182 INFO c.h.h.t.HelmChartContainer - [K3S] [reconciler_common.go:299] "Volume detached for volume \"operator-init\" (UniqueName: \"kubernetes.io/empty-dir/23ed6897-cea8-4cf5-9d34-8f26aba2e1c4-operator-init\") on node \"0019a1e396a2\" DevicePath \"\""
2025-01-30 18:18:06,202 INFO c.h.h.t.HelmChartContainer - [K3S] [stateful_set.go:438] "Unhandled Error" err="error syncing StatefulSet helmmqttit/test-hivemq-platform, requeuing: controllerrevisions.apps \"test-hivemq-platform-86c78c5c66\" is forbidden: unable to create new content in namespace helmmqttit because it is being terminated"
2025-01-30 18:18:06,365 INFO c.h.h.t.HelmChartContainer - [K3S] [stateful_set.go:438] "Unhandled Error" err="error syncing StatefulSet helmmqttit/test-hivemq-platform, requeuing: controllerrevisions.apps \"test-hivemq-platform-86c78c5c66\" is forbidden: unable to create new content in namespace helmmqttit because it is being terminated"
2025-01-30 18:18:06,563 INFO c.h.h.t.HelmChartContainer - [K3S] [stateful_set.go:466] "StatefulSet has been deleted" key="helmmqttit/test-hivemq-platform"
2025-01-30 18:18:06,618 INFO c.h.h.t.HelmChartContainer - [K3S] [scope.go:117] "RemoveContainer" containerID="49365d99bbb8eafb25e3037eee0646d9e135707b590fba080fc6d667a22fd5a7"
2025-01-30 18:18:06,627 INFO c.h.h.t.HelmChartContainer - [POD] test-hivemq-platform-0 [23ed6897-cea8-4cf5-9d34-8f26aba2e1c4] in helmmqttit was MODIFIED
2025-01-30 18:18:06,631 INFO c.h.h.t.HelmChartContainer - [POD] test-hivemq-platform-0 [23ed6897-cea8-4cf5-9d34-8f26aba2e1c4] in helmmqttit was DELETED
2025-01-30 18:18:06,686 INFO c.h.h.t.HelmChartContainer - [K3S] [stateful_set.go:466] "StatefulSet has been deleted" key="helmmqttit/test-hivemq-platform"
2025-01-30 18:18:06,711 INFO c.h.h.t.HelmChartContainer - [K3S] [namespace_controller.go:164] "Unhandled Error" err="deletion of namespace helmmqttit failed: [unexpected items still remain in namespace: helmmqttit for gvr: /v1, Resource=pods, unexpected items still remain in namespace: helmmqttit for gvr: events.k8s.io/v1, Resource=events]"
2025-01-30 18:18:06,735 INFO c.h.h.t.HelmChartContainer - [K3S] [scope.go:117] "RemoveContainer" containerID="0b3681a27269bf99bb3a5e89cb7de3ee41bd28db9a4b50dc06f65e4db22981fc"
2025-01-30 18:18:06,738 INFO c.h.h.t.HelmChartContainer - [K3S] [scope.go:117] "RemoveContainer" containerID="49365d99bbb8eafb25e3037eee0646d9e135707b590fba080fc6d667a22fd5a7"
2025-01-30 18:18:06,738 INFO c.h.h.t.HelmChartContainer - [K3S] [scope.go:117] "RemoveContainer" containerID="0b3681a27269bf99bb3a5e89cb7de3ee41bd28db9a4b50dc06f65e4db22981fc"
2025-01-30 18:18:06,948 INFO c.h.h.t.HelmChartContainer - Namespace 'helmmqttit' deleted
2025-01-30 18:18:06,948 INFO c.h.h.t.HelmChartContainer - Release 'test-hivemq-platform' in namespace 'helmmqttit' is uninstalled
2025-01-30 18:18:06,948 INFO c.h.h.t.HelmChartContainer - Uninstalling release 'test-hivemq-platform-operator' in namespace 'helmmqttit-operator'...
2025-01-30 18:18:06,948 DEBUG c.h.h.t.HelmChartContainer - Executing helm command: /bin/helm --kubeconfig /etc/rancher/k3s/k3s.yaml uninstall test-hivemq-platform-operator  --wait --timeout 5m0s --cascade foreground --namespace helmmqttit-operator
2025-01-30 18:18:07,107 INFO c.h.h.t.HelmChartContainer - [K3S] [replica_set.go:679] "Finished syncing" kind="ReplicaSet" key="helmmqttit-operator/hivemq-test-hivemq-platform-operator-6966f96d65" duration="7.73816ms"
2025-01-30 18:18:07,115 INFO c.h.h.t.HelmChartContainer - [K3S] [replica_set.go:679] "Finished syncing" kind="ReplicaSet" key="helmmqttit-operator/hivemq-test-hivemq-platform-operator-6966f96d65" duration="38.592µs"
2025-01-30 18:18:07,132 INFO c.h.h.t.HelmChartContainer - [POD] hivemq-test-hivemq-platform-operator-6966f96d65-m7pkk [206a570b-7b85-4864-8a36-19b3a4ecaa8b] in helmmqttit-operator was MODIFIED
2025-01-30 18:18:07,148 INFO c.h.h.t.HelmChartContainer - [K3S] [replica_set.go:679] "Finished syncing" kind="ReplicaSet" key="helmmqttit-operator/hivemq-test-hivemq-platform-operator-6966f96d65" duration="14.979809ms"
2025-01-30 18:18:07,149 INFO c.h.h.t.HelmChartContainer - [EVENT] Normal [Killing] Stopping container hivemq-platform-operator [helmmqttit-operator:hivemq-test-hivemq-platform-operator-6966f96d65-m7pkk]
2025-01-30 18:18:07,149 INFO c.h.h.t.HelmChartContainer - Received Killing event for container hivemq-platform-operator in pod hivemq-test-hivemq-platform-operator-6966f96d65-m7pkk [206a570b-7b85-4864-8a36-19b3a4ecaa8b]
2025-01-30 18:18:07,149 INFO c.h.h.t.HelmChartContainer - Container [hivemq-test-hivemq-platform-operator-6966f96d65-m7pkk] [hivemq-platform-operator] [206a570b-7b85-4864-8a36-19b3a4ecaa8b] was terminated
2025-01-30 18:18:07,149 INFO c.h.h.t.HelmChartContainer - Stopped log watcher for hivemq-platform-operator in pod hivemq-test-hivemq-platform-operator-6966f96d65-m7pkk [206a570b-7b85-4864-8a36-19b3a4ecaa8b]
2025-01-30 18:18:07,149 INFO c.h.h.t.HelmChartContainer - [K3S] [replica_set.go:679] "Finished syncing" kind="ReplicaSet" key="helmmqttit-operator/hivemq-test-hivemq-platform-operator-6966f96d65" duration="35.707µs"
2025-01-30 18:18:07,151 INFO c.h.h.t.HelmChartContainer - [hivemq-test-hivemq-platform] [hivemq-platform-operator] [206a570b] 18:18:07.149 [application-shutdown-thread] INFO  c.h.p.o.HiveMQPlatformOperatorApplication - HiveMQ Platform Operator is stopping...
2025-01-30 18:18:07,152 INFO c.h.h.t.HelmChartContainer - [hivemq-test-hivemq-platform] [hivemq-platform-operator] [206a570b] 18:18:07.149 [application-shutdown-thread] INFO  i.javaoperatorsdk.operator.Operator - Operator SDK 4.9.7 is shutting down...
2025-01-30 18:18:07,497 INFO c.h.h.t.HelmChartContainer - [EVENT] Warning [Unhealthy] Readiness probe failed: Get "http://10.42.0.9:8080/health/readiness": dial tcp 10.42.0.9:8080: connect: connection refused [helmmqttit-operator:hivemq-test-hivemq-platform-operator-6966f96d65-m7pkk]
2025-01-30 18:18:07,497 INFO c.h.h.t.HelmChartContainer - Received Unhealthy event for container hivemq-platform-operator in pod hivemq-test-hivemq-platform-operator-6966f96d65-m7pkk [206a570b-7b85-4864-8a36-19b3a4ecaa8b]
2025-01-30 18:18:07,734 INFO c.h.h.t.HelmChartContainer - [K3S] [replica_set.go:679] "Finished syncing" kind="ReplicaSet" key="helmmqttit-operator/hivemq-test-hivemq-platform-operator-6966f96d65" duration="40.095µs"
2025-01-30 18:18:07,736 INFO c.h.h.t.HelmChartContainer - [POD] hivemq-test-hivemq-platform-operator-6966f96d65-m7pkk [206a570b-7b85-4864-8a36-19b3a4ecaa8b] in helmmqttit-operator was MODIFIED
2025-01-30 18:18:07,789 INFO c.h.h.t.HelmChartContainer - [K3S] [reconciler_common.go:162] "operationExecutor.UnmountVolume started for volume \"kube-api-access-pwdxc\" (UniqueName: \"kubernetes.io/projected/206a570b-7b85-4864-8a36-19b3a4ecaa8b-kube-api-access-pwdxc\") pod \"206a570b-7b85-4864-8a36-19b3a4ecaa8b\" (UID: \"206a570b-7b85-4864-8a36-19b3a4ecaa8b\") "
2025-01-30 18:18:07,890 INFO c.h.h.t.HelmChartContainer - [K3S] [reconciler_common.go:299] "Volume detached for volume \"kube-api-access-pwdxc\" (UniqueName: \"kubernetes.io/projected/206a570b-7b85-4864-8a36-19b3a4ecaa8b-kube-api-access-pwdxc\") on node \"0019a1e396a2\" DevicePath \"\""
2025-01-30 18:18:08,129 INFO c.h.h.t.HelmChartContainer - [K3S] [kubelet_volumes.go:163] "Cleaned up orphaned pod volumes dir" podUID="23ed6897-cea8-4cf5-9d34-8f26aba2e1c4" path="/var/lib/kubelet/pods/23ed6897-cea8-4cf5-9d34-8f26aba2e1c4/volumes"
2025-01-30 18:18:08,622 INFO c.h.h.t.HelmChartContainer - [K3S] [scope.go:117] "RemoveContainer" containerID="95b2ced0db5b902398f8e881a5dbd7880ecffd38bb5528a2e76cc6d61cda5df9"
2025-01-30 18:18:08,629 INFO c.h.h.t.HelmChartContainer - [K3S] [scope.go:117] "RemoveContainer" containerID="95b2ced0db5b902398f8e881a5dbd7880ecffd38bb5528a2e76cc6d61cda5df9"
2025-01-30 18:18:08,635 INFO c.h.h.t.HelmChartContainer - [K3S] [replica_set.go:679] "Finished syncing" kind="ReplicaSet" key="helmmqttit-operator/hivemq-test-hivemq-platform-operator-6966f96d65" duration="49.542µs"
2025-01-30 18:18:08,639 INFO c.h.h.t.HelmChartContainer - [K3S] [replica_set.go:679] "Finished syncing" kind="ReplicaSet" key="helmmqttit-operator/hivemq-test-hivemq-platform-operator-6966f96d65" duration="27.451µs"
2025-01-30 18:18:08,641 INFO c.h.h.t.HelmChartContainer - [POD] hivemq-test-hivemq-platform-operator-6966f96d65-m7pkk [206a570b-7b85-4864-8a36-19b3a4ecaa8b] in helmmqttit-operator was MODIFIED
2025-01-30 18:18:08,642 INFO c.h.h.t.HelmChartContainer - [POD] hivemq-test-hivemq-platform-operator-6966f96d65-m7pkk [206a570b-7b85-4864-8a36-19b3a4ecaa8b] in helmmqttit-operator was DELETED
2025-01-30 18:18:08,651 INFO c.h.h.t.HelmChartContainer - [K3S] [replica_set.go:679] "Finished syncing" kind="ReplicaSet" key="helmmqttit-operator/hivemq-test-hivemq-platform-operator-6966f96d65" duration="5.47µs"
2025-01-30 18:18:09,156 INFO c.h.h.t.HelmChartContainer - Deleting namespace 'helmmqttit-operator'...
2025-01-30 18:18:10,128 INFO c.h.h.t.HelmChartContainer - [K3S] [kubelet_volumes.go:163] "Cleaned up orphaned pod volumes dir" podUID="206a570b-7b85-4864-8a36-19b3a4ecaa8b" path="/var/lib/kubelet/pods/206a570b-7b85-4864-8a36-19b3a4ecaa8b/volumes"
2025-01-30 18:18:11,889 INFO c.h.h.t.HelmChartContainer - [K3S] [namespace_controller.go:187] "Namespace has been deleted" namespace="helmmqttit"
2025-01-30 18:18:14,371 INFO c.h.h.t.HelmChartContainer - Namespace 'helmmqttit-operator' deleted
2025-01-30 18:18:14,371 INFO c.h.h.t.HelmChartContainer - Release 'test-hivemq-platform-operator' in namespace 'helmmqttit-operator' is uninstalled
2025-01-30 18:18:15,087 INFO c.h.helmcharts.AbstractHelmChartIT - Removed unused containers:

2025-01-30 18:18:19,286 INFO c.h.h.t.HelmChartContainer - [K3S] [namespace_controller.go:187] "Namespace has been deleted" namespace="helmmqttit-operator"
2025-01-30 18:18:23,020 INFO c.h.helmcharts.AbstractHelmChartIT - Removed unused snapshots:
Removing snapshot sha256:03af251906410714c5aef9fa705b63f6bbc39c4a5e787de7361eeb18886c2ed2
Removing snapshot sha256:0c46b3b43cce082ce5ec34ffc6c294e0417d17b9d1e6f366d114b6aadc4f96dc
Removing snapshot sha256:0ce761beee59082d6ed5bcebd3a805b8ddd9b3426b617e4809e7fb7c6587ffec
Removing snapshot sha256:0df91287303208332c8ff6ba40ae4710105201739addbfbddfb955f1ad593664
Removing snapshot sha256:1021ef88c7974bfff89c5a0ec4fd3160daac6c48a075f74cff721f85dd104e68
Removing snapshot sha256:10aba4953ddc18145dd38e3704709bc464aa20af60b56fe52caaff4b68411e62
Removing snapshot sha256:2573e0d8158209ed54ab25c87bcdcb00bd3d2539246960a3d592a1c599d70465
Removing snapshot sha256:362a8a37f8bbc31925a8146adcf7cf51f9882f5c1dcbef67c5baa03a297543c0
Removing snapshot sha256:3fa4ad33f0ddc8fd45b39b6b4640f82a3a83619606cd975bfe89d8710ad2d4cd
Removing snapshot sha256:43a7c979bbaba6838bc3102d6b10a1459f3ab050b87ccdfef84ef90cf43d3058
Removing snapshot sha256:4ab04491cdf0d3267f08206fe30bd48f49f94b9cab2f016d6739220f722a64af
Removing snapshot sha256:4b6068250e89c96f263060261819c7d912855bfbd64b3eb4c4a8483299b8c295
Removing snapshot sha256:57f3eb95f971d7bc40368e9b7dc83376c215da5fbd14ec8fde3439512f60314d
Removing snapshot sha256:580e69a0a8034ede1921139bbd2bfb72a69ebf276d008281896c32dd8bf74775
Removing snapshot sha256:5d30ba46b27fe37484567ccc5242cadc78217b8da605f3f195ef25cbf7487904
Removing snapshot sha256:63ca1fbb43ae5034640e5e6cb3e083e05c290072c5366fcaa9d62435a4cced85
Removing snapshot sha256:67f702c6baae873bceb19487c8b1f27bd2b86077e4f2f0e480e6d60ab508b8f5
Removing snapshot sha256:6864348dd42806d552efdec384f1274be15e2d0c10ce44c1f04347af004c10a9
Removing snapshot sha256:6c7dee8f2c39b84b7dc2711c01d33de93514d9055499173e9290176fbe484b6c
Removing snapshot sha256:82753493a6d61ded36556292f02f31841a14c20d2f279f19eaad65afb661d5cd
Removing snapshot sha256:8a10d3db42c505ee0fcfa98417bdd7e39b304f6bcc0a06bb1b220797ff2cc63c
Removing snapshot sha256:a0904247e36a7726c03c71ee48f3e64462021c88dafeb13f37fdaf613b27f11c
Removing snapshot sha256:a21e5b12dbac529ad45d976eb9ce45c881f3bedcc500fb30aba1e52aa1813418
Removing snapshot sha256:aa37166c0822aa2162072e7c3f1731266f83910910e696842698285a03ec5cd7
Removing snapshot sha256:ad214592929a35624a2a848ab8b542cdbf58835d94dd238468d8842ff203e097
Removing snapshot sha256:b921e6c28969094157f9b8e7244677780319637afd14450b7cb6b2fdea558a0c
Removing snapshot sha256:bc27ecb5769a00e309cf99ebc763c4a4b958b618d1decc96ffac5bc05f02f5b7
Removing snapshot sha256:be3ccb6627a5332e309d45ef461d09b4879dd870c7394d89323d0ebc6ca6aa8a
Removing snapshot sha256:c261f7cbbc64211ee175ee47273acdb7b1a36a4450b397a064a8f2c026490095
Removing snapshot sha256:c34d9393647eea0c9e3557ab988efaf59f61d10a2a5613b439ef0958cca5ec10
Removing snapshot sha256:ccf3c4a0fa967a41c1c83497a2ce6fa5787965859df0adb32c4ca2cf7490bc2b
Removing snapshot sha256:cf92d33f869417309692088c341cd0f223c178ea78a125f757317b22aa8f90e9
Removing snapshot sha256:d0037344cf2fb078884f1849f6a1f8cf9a33a3b6139b6a85833e5ee528e1f9a8
Removing snapshot sha256:d3b36d5b79273b1e98e7700470eaeff05a882e777124d84cebcc1505b85ecb36
Removing snapshot sha256:d65a44a37914602d12c611e5e22a50f11451d847e63015cc1c2aef92dee777a4
Removing snapshot sha256:e2dc0bae2455930f23ae570e019b7f32edc75c0f2d71cab084db837ff9051796
Removing snapshot sha256:eccbd24a99c60cd9e86ee5305dbfc4a4dc89f5ab4fb1f06c8d64797cecedef34
Removing snapshot sha256:f144bb4c7c7f0d2aa7eeffd36d934ec40db1ee167be727e326aad9fdc616f475

]]></system-out>
  </testcase>
  <testcase name="platformChart_whenMqttAnnotationsEnabled_thenAnnotationsExist()" classname="com.hivemq.helmcharts.services.HelmMqttIT" time="98.9">
    <system-out><![CDATA[2025-01-30 18:18:23,022 INFO c.h.h.t.HelmChartContainer - Creating namespace 'helmmqttit-operator'...
2025-01-30 18:18:23,026 INFO c.h.h.t.HelmChartContainer - Namespace 'helmmqttit-operator' created
2025-01-30 18:18:23,026 INFO c.h.h.t.HelmChartContainer - Creating namespace 'helmmqttit'...
2025-01-30 18:18:23,034 INFO c.h.h.t.HelmChartContainer - Namespace 'helmmqttit' created
2025-01-30 18:18:23,099 DEBUG c.h.h.t.HelmChartContainer - Executing helm command: /bin/helm --kubeconfig /etc/rancher/k3s/k3s.yaml install test-hivemq-platform-operator /charts/hivemq-platform-operator --wait --timeout 5m0s --set image.repository=docker.io/hivemq --set image.name=hivemq-platform-operator-test --set image.initImageName=hivemq-platform-operator-init-test --set image.tag=snapshot --set image.pullPolicy=Never --set logLevel=DEBUG --set resources.cpu=512m --namespace helmmqttit-operator
2025-01-30 18:18:23,397 INFO c.h.h.t.HelmChartContainer - [K3S] [alloc.go:330] "allocated clusterIPs" service="helmmqttit-operator/hivemq-platform-operator-test-hivemq-platform-operator" clusterIPs={"IPv4":"10.43.134.210"}
2025-01-30 18:18:23,415 INFO c.h.h.t.HelmChartContainer - [EVENT] Normal [ScalingReplicaSet] Scaled up replica set hivemq-test-hivemq-platform-operator-6966f96d65 from 0 to 1 [helmmqttit-operator:hivemq-test-hivemq-platform-operator]
2025-01-30 18:18:23,420 INFO c.h.h.t.HelmChartContainer - [POD] hivemq-test-hivemq-platform-operator-6966f96d65-6pm4j [7d37f848-26af-4392-a605-171b6226f123] in helmmqttit-operator was ADDED
2025-01-30 18:18:23,430 INFO c.h.h.t.HelmChartContainer - [K3S] [memory_manager.go:355] "RemoveStaleState removing state" podUID="d7f4c30d-3ac6-476d-bad1-8d043c5d2e3e" containerName="lb-tcp-1884"
2025-01-30 18:18:23,430 INFO c.h.h.t.HelmChartContainer - [K3S] [memory_manager.go:355] "RemoveStaleState removing state" podUID="23ed6897-cea8-4cf5-9d34-8f26aba2e1c4" containerName="hivemq"
2025-01-30 18:18:23,430 INFO c.h.h.t.HelmChartContainer - [K3S] [memory_manager.go:355] "RemoveStaleState removing state" podUID="206a570b-7b85-4864-8a36-19b3a4ecaa8b" containerName="hivemq-platform-operator"
2025-01-30 18:18:23,431 INFO c.h.h.t.HelmChartContainer - [EVENT] Normal [SuccessfulCreate] Created pod: hivemq-test-hivemq-platform-operator-6966f96d65-6pm4j [helmmqttit-operator:hivemq-test-hivemq-platform-operator-6966f96d65]
2025-01-30 18:18:23,431 INFO c.h.h.t.HelmChartContainer - [POD] hivemq-test-hivemq-platform-operator-6966f96d65-6pm4j [7d37f848-26af-4392-a605-171b6226f123] in helmmqttit-operator was MODIFIED
2025-01-30 18:18:23,435 INFO c.h.h.t.HelmChartContainer - [K3S] [replica_set.go:679] "Finished syncing" kind="ReplicaSet" key="helmmqttit-operator/hivemq-test-hivemq-platform-operator-6966f96d65" duration="25.7286ms"
2025-01-30 18:18:23,436 INFO c.h.h.t.HelmChartContainer - [EVENT] Normal [Scheduled] Successfully assigned helmmqttit-operator/hivemq-test-hivemq-platform-operator-6966f96d65-6pm4j to 0019a1e396a2 [helmmqttit-operator:hivemq-test-hivemq-platform-operator-6966f96d65-6pm4j]
2025-01-30 18:18:23,445 INFO c.h.h.t.HelmChartContainer - [POD] hivemq-test-hivemq-platform-operator-6966f96d65-6pm4j [7d37f848-26af-4392-a605-171b6226f123] in helmmqttit-operator was MODIFIED
2025-01-30 18:18:23,453 INFO c.h.h.t.HelmChartContainer - [K3S] [replica_set.go:679] "Finished syncing" kind="ReplicaSet" key="helmmqttit-operator/hivemq-test-hivemq-platform-operator-6966f96d65" duration="17.399062ms"
2025-01-30 18:18:23,466 INFO c.h.h.t.HelmChartContainer - [K3S] [replica_set.go:679] "Finished syncing" kind="ReplicaSet" key="helmmqttit-operator/hivemq-test-hivemq-platform-operator-6966f96d65" duration="13.123142ms"
2025-01-30 18:18:23,466 INFO c.h.h.t.HelmChartContainer - [K3S] [replica_set.go:679] "Finished syncing" kind="ReplicaSet" key="helmmqttit-operator/hivemq-test-hivemq-platform-operator-6966f96d65" duration="35.216µs"
2025-01-30 18:18:23,576 INFO c.h.h.t.HelmChartContainer - [K3S] [reconciler_common.go:251] "operationExecutor.VerifyControllerAttachedVolume started for volume \"kube-api-access-xltlq\" (UniqueName: \"kubernetes.io/projected/7d37f848-26af-4392-a605-171b6226f123-kube-api-access-xltlq\") pod \"hivemq-test-hivemq-platform-operator-6966f96d65-6pm4j\" (UID: \"7d37f848-26af-4392-a605-171b6226f123\") " pod="helmmqttit-operator/hivemq-test-hivemq-platform-operator-6966f96d65-6pm4j"
2025-01-30 18:18:23,829 INFO c.h.h.t.HelmChartContainer - [EVENT] Normal [Pulled] Container image "docker.io/hivemq/hivemq-platform-operator-test:snapshot" already present on machine [helmmqttit-operator:hivemq-test-hivemq-platform-operator-6966f96d65-6pm4j]
2025-01-30 18:18:23,829 INFO c.h.h.t.HelmChartContainer - Received Pulled event for container hivemq-platform-operator in pod hivemq-test-hivemq-platform-operator-6966f96d65-6pm4j [7d37f848-26af-4392-a605-171b6226f123]
2025-01-30 18:18:25,095 INFO c.h.h.t.HelmChartContainer - [EVENT] Normal [Created] Created container: hivemq-platform-operator [helmmqttit-operator:hivemq-test-hivemq-platform-operator-6966f96d65-6pm4j]
2025-01-30 18:18:25,095 INFO c.h.h.t.HelmChartContainer - Received Created event for container hivemq-platform-operator in pod hivemq-test-hivemq-platform-operator-6966f96d65-6pm4j [7d37f848-26af-4392-a605-171b6226f123]
2025-01-30 18:18:25,656 INFO c.h.h.t.HelmChartContainer - [K3S] [replica_set.go:679] "Finished syncing" kind="ReplicaSet" key="helmmqttit-operator/hivemq-test-hivemq-platform-operator-6966f96d65" duration="36.318µs"
2025-01-30 18:18:25,656 INFO c.h.h.t.HelmChartContainer - [POD] hivemq-test-hivemq-platform-operator-6966f96d65-6pm4j [7d37f848-26af-4392-a605-171b6226f123] in helmmqttit-operator was MODIFIED
2025-01-30 18:18:25,665 INFO c.h.h.t.HelmChartContainer - Started log watcher for hivemq-platform-operator in pod hivemq-test-hivemq-platform-operator-6966f96d65-6pm4j [7d37f848-26af-4392-a605-171b6226f123]
2025-01-30 18:18:25,665 INFO c.h.h.t.HelmChartContainer - [EVENT] Normal [Started] Started container hivemq-platform-operator [helmmqttit-operator:hivemq-test-hivemq-platform-operator-6966f96d65-6pm4j]
2025-01-30 18:18:25,666 INFO c.h.h.t.HelmChartContainer - Received Started event for container hivemq-platform-operator in pod hivemq-test-hivemq-platform-operator-6966f96d65-6pm4j [7d37f848-26af-4392-a605-171b6226f123]
2025-01-30 18:18:25,667 INFO c.h.h.t.HelmChartContainer - [hivemq-test-hivemq-platform] [hivemq-platform-operator] [7d37f848] -------------------------------------------------------------------------
2025-01-30 18:18:25,667 INFO c.h.h.t.HelmChartContainer - [hivemq-test-hivemq-platform] [hivemq-platform-operator] [7d37f848] 
2025-01-30 18:18:25,667 INFO c.h.h.t.HelmChartContainer - [hivemq-test-hivemq-platform] [hivemq-platform-operator] [7d37f848]                   _    _  _              __  __   ____
2025-01-30 18:18:25,667 INFO c.h.h.t.HelmChartContainer - [hivemq-test-hivemq-platform] [hivemq-platform-operator] [7d37f848]                  | |  | |(_)            |  \/  | / __ \
2025-01-30 18:18:25,667 INFO c.h.h.t.HelmChartContainer - [hivemq-test-hivemq-platform] [hivemq-platform-operator] [7d37f848]                  | |__| | _ __   __ ___ | \  / || |  | |
2025-01-30 18:18:25,667 INFO c.h.h.t.HelmChartContainer - [hivemq-test-hivemq-platform] [hivemq-platform-operator] [7d37f848]                  |  __  || |\ \ / // _ \| |\/| || |  | |
2025-01-30 18:18:25,667 INFO c.h.h.t.HelmChartContainer - [hivemq-test-hivemq-platform] [hivemq-platform-operator] [7d37f848]                  | |  | || | \ V /|  __/| |  | || |__| |
2025-01-30 18:18:25,667 INFO c.h.h.t.HelmChartContainer - [hivemq-test-hivemq-platform] [hivemq-platform-operator] [7d37f848]                  |_|  |_||_|  \_/  \___||_|  |_| \___\_\
2025-01-30 18:18:25,667 INFO c.h.h.t.HelmChartContainer - [hivemq-test-hivemq-platform] [hivemq-platform-operator] [7d37f848] 
2025-01-30 18:18:25,667 INFO c.h.h.t.HelmChartContainer - [hivemq-test-hivemq-platform] [hivemq-platform-operator] [7d37f848] -------------------------------------------------------------------------
2025-01-30 18:18:25,667 INFO c.h.h.t.HelmChartContainer - [hivemq-test-hivemq-platform] [hivemq-platform-operator] [7d37f848] 
2025-01-30 18:18:25,667 INFO c.h.h.t.HelmChartContainer - [hivemq-test-hivemq-platform] [hivemq-platform-operator] [7d37f848]   HiveMQ Platform Operator Start Script v1.0
2025-01-30 18:18:25,667 INFO c.h.h.t.HelmChartContainer - [hivemq-test-hivemq-platform] [hivemq-platform-operator] [7d37f848] 
2025-01-30 18:18:25,667 INFO c.h.h.t.HelmChartContainer - [hivemq-test-hivemq-platform] [hivemq-platform-operator] [7d37f848] -------------------------------------------------------------------------
2025-01-30 18:18:25,667 INFO c.h.h.t.HelmChartContainer - [hivemq-test-hivemq-platform] [hivemq-platform-operator] [7d37f848] 
2025-01-30 18:18:25,667 INFO c.h.h.t.HelmChartContainer - [hivemq-test-hivemq-platform] [hivemq-platform-operator] [7d37f848]   JAVA_OPTS: -XX:+UnlockExperimentalVMOptions -XX:InitialRAMPercentage=75 -XX:MaxRAMPercentage=75 -Duser.language=en -Duser.region=US
2025-01-30 18:18:25,667 INFO c.h.h.t.HelmChartContainer - [hivemq-test-hivemq-platform] [hivemq-platform-operator] [7d37f848] 
2025-01-30 18:18:25,667 INFO c.h.h.t.HelmChartContainer - [hivemq-test-hivemq-platform] [hivemq-platform-operator] [7d37f848]   JAVA_VERSION: 21
2025-01-30 18:18:25,667 INFO c.h.h.t.HelmChartContainer - [hivemq-test-hivemq-platform] [hivemq-platform-operator] [7d37f848] 
2025-01-30 18:18:25,667 INFO c.h.h.t.HelmChartContainer - [hivemq-test-hivemq-platform] [hivemq-platform-operator] [7d37f848] -------------------------------------------------------------------------
2025-01-30 18:18:25,667 INFO c.h.h.t.HelmChartContainer - [hivemq-test-hivemq-platform] [hivemq-platform-operator] [7d37f848] 
2025-01-30 18:18:28,328 INFO c.h.h.t.HelmChartContainer - [hivemq-test-hivemq-platform] [hivemq-platform-operator] [7d37f848] 18:18:28.325 [main] DEBUG org.jboss.logging - Logging Provider: org.jboss.logging.Slf4jLoggerProvider
2025-01-30 18:18:28,438 INFO c.h.h.t.HelmChartContainer - [hivemq-test-hivemq-platform] [hivemq-platform-operator] [7d37f848] 18:18:28.437 [main] DEBUG io.smallrye.config - SRCFG01006: Loaded ConfigSource SysPropConfigSource with ordinal 400
2025-01-30 18:18:28,438 INFO c.h.h.t.HelmChartContainer - [hivemq-test-hivemq-platform] [hivemq-platform-operator] [7d37f848] 18:18:28.437 [main] DEBUG io.smallrye.config - SRCFG01006: Loaded ConfigSource EnvConfigSource with ordinal 300
2025-01-30 18:18:28,438 INFO c.h.h.t.HelmChartContainer - [hivemq-test-hivemq-platform] [hivemq-platform-operator] [7d37f848] 18:18:28.437 [main] DEBUG io.smallrye.config - SRCFG01006: Loaded ConfigSource PropertiesConfigSource[source=jar:file:///opt/hivemq-platform-operator/bin/hivemq-platform-operator.jar!/hivemq-platform-operator.properties] with ordinal 100
2025-01-30 18:18:28,439 INFO c.h.h.t.HelmChartContainer - [hivemq-test-hivemq-platform] [hivemq-platform-operator] [7d37f848] 18:18:28.437 [main] DEBUG io.smallrye.config - SRCFG01006: Loaded ConfigSource DefaultValuesConfigSource with ordinal -2147483648
2025-01-30 18:18:28,540 INFO c.h.h.t.HelmChartContainer - [hivemq-test-hivemq-platform] [hivemq-platform-operator] [7d37f848] 18:18:28.539 [main] DEBUG i.m.c.u.i.l.InternalLoggerFactory - Using SLF4J as the default logging framework
2025-01-30 18:18:28,730 INFO c.h.h.t.HelmChartContainer - [hivemq-test-hivemq-platform] [hivemq-platform-operator] [7d37f848] 18:18:28.642 [main] INFO  c.h.p.o.HiveMQPlatformOperatorApplication - HiveMQ Platform Operator 1.7.0-SNAPSHOT (commit: 47e3375 on branch: HEAD) built on Thu Jan 30 03:55:50 UTC 2025
2025-01-30 18:18:28,730 INFO c.h.h.t.HelmChartContainer - [hivemq-test-hivemq-platform] [hivemq-platform-operator] [7d37f848] 18:18:28.729 [main] INFO  c.h.p.o.HiveMQPlatformOperatorApplication - HiveMQ Platform Operator is running in namespace: helmmqttit-operator
2025-01-30 18:18:28,731 INFO c.h.h.t.HelmChartContainer - [hivemq-test-hivemq-platform] [hivemq-platform-operator] [7d37f848] 18:18:28.729 [main] INFO  c.h.p.o.HiveMQPlatformOperatorApplication - Watching all namespaces
2025-01-30 18:18:28,731 INFO c.h.h.t.HelmChartContainer - [hivemq-test-hivemq-platform] [hivemq-platform-operator] [7d37f848] 18:18:28.729 [main] INFO  c.h.p.o.HiveMQPlatformOperatorApplication - Log level: DEBUG
2025-01-30 18:18:28,731 INFO c.h.h.t.HelmChartContainer - [hivemq-test-hivemq-platform] [hivemq-platform-operator] [7d37f848] 18:18:28.729 [main] INFO  c.h.p.o.HiveMQPlatformOperatorApplication - Release name: test-hivemq-platform-operator
2025-01-30 18:18:28,731 INFO c.h.h.t.HelmChartContainer - [hivemq-test-hivemq-platform] [hivemq-platform-operator] [7d37f848] 18:18:28.729 [main] INFO  c.h.p.o.HiveMQPlatformOperatorApplication - HiveMQ Platform Operator Init image: docker.io/hivemq/hivemq-platform-operator-init-test:snapshot
2025-01-30 18:18:28,731 INFO c.h.h.t.HelmChartContainer - [hivemq-test-hivemq-platform] [hivemq-platform-operator] [7d37f848] 18:18:28.729 [main] INFO  c.h.p.o.HiveMQPlatformOperatorApplication - HiveMQ Platform Operator Init App update URL: http://hivemq-platform-operator-test-hivemq-platform-operator.helmmqttit-operator.svc:8080/initAppUpdate/hivemq-platform-operator-init-app-1.7.0-SNAPSHOT.jar
2025-01-30 18:18:28,731 INFO c.h.h.t.HelmChartContainer - [hivemq-test-hivemq-platform] [hivemq-platform-operator] [7d37f848] 18:18:28.729 [main] INFO  c.h.p.o.HiveMQPlatformOperatorApplication - Additional imagePullSecret for all Platform deployments: none
2025-01-30 18:18:28,731 INFO c.h.h.t.HelmChartContainer - [hivemq-test-hivemq-platform] [hivemq-platform-operator] [7d37f848] 18:18:28.729 [main] INFO  c.h.p.o.HiveMQPlatformOperatorApplication - Apply HiveMQ Platform CRD: true
2025-01-30 18:18:28,731 INFO c.h.h.t.HelmChartContainer - [hivemq-test-hivemq-platform] [hivemq-platform-operator] [7d37f848] 18:18:28.729 [main] INFO  c.h.p.o.HiveMQPlatformOperatorApplication - Create Platform ServiceAccount: true
2025-01-30 18:18:28,731 INFO c.h.h.t.HelmChartContainer - [hivemq-test-hivemq-platform] [hivemq-platform-operator] [7d37f848] 18:18:28.730 [main] INFO  c.h.p.o.HiveMQPlatformOperatorApplication - Create Platform ServiceAccount permissions: true
2025-01-30 18:18:28,731 INFO c.h.h.t.HelmChartContainer - [hivemq-test-hivemq-platform] [hivemq-platform-operator] [7d37f848] 18:18:28.730 [main] INFO  c.h.p.o.HiveMQPlatformOperatorApplication - Validate Platform ServiceAccount: true
2025-01-30 18:18:28,731 INFO c.h.h.t.HelmChartContainer - [hivemq-test-hivemq-platform] [hivemq-platform-operator] [7d37f848] 18:18:28.730 [main] INFO  c.h.p.o.HiveMQPlatformOperatorApplication - Validate Platform ServiceAccount permissions: true
2025-01-30 18:18:28,927 INFO c.h.h.t.HelmChartContainer - [hivemq-test-hivemq-platform] [hivemq-platform-operator] [7d37f848] 18:18:28.926 [main] INFO  c.h.platform.operator.util.CRDUtil - Verifying deployed HiveMQ Platform CRD...
2025-01-30 18:18:31,343 INFO c.h.h.t.HelmChartContainer - [hivemq-test-hivemq-platform] [hivemq-platform-operator] [7d37f848] 18:18:31.342 [main] DEBUG c.h.platform.operator.util.CRDUtil - HiveMQ Platform CRD version v1 is up to date
2025-01-30 18:18:31,344 INFO c.h.h.t.HelmChartContainer - [hivemq-test-hivemq-platform] [hivemq-platform-operator] [7d37f848] 18:18:31.342 [main] INFO  c.h.platform.operator.util.CRDUtil - HiveMQ Platform CRD is up to date (version: V1_6_0)
2025-01-30 18:18:31,425 INFO c.h.h.t.HelmChartContainer - [hivemq-test-hivemq-platform] [hivemq-platform-operator] [7d37f848] 18:18:31.424 [main] INFO  c.h.platform.operator.util.CRDUtil - Waiting 10000 ms for HiveMQ Platform CRD 'hivemq-platforms.hivemq.com' to become ready...
2025-01-30 18:18:31,732 INFO c.h.h.t.HelmChartContainer - [hivemq-test-hivemq-platform] [hivemq-platform-operator] [7d37f848] 18:18:31.731 [vert.x-eventloop-thread-1] DEBUG c.h.platform.operator.util.CRDUtil - Checking CRD condition 'NamesAccepted' (status: 'True')
2025-01-30 18:18:31,734 INFO c.h.h.t.HelmChartContainer - [hivemq-test-hivemq-platform] [hivemq-platform-operator] [7d37f848] 18:18:31.731 [vert.x-eventloop-thread-1] DEBUG c.h.platform.operator.util.CRDUtil - Checking CRD condition 'Established' (status: 'True')
2025-01-30 18:18:31,734 INFO c.h.h.t.HelmChartContainer - [hivemq-test-hivemq-platform] [hivemq-platform-operator] [7d37f848] 18:18:31.732 [main] INFO  c.h.platform.operator.util.CRDUtil - HiveMQ Platform CRD 'hivemq-platforms.hivemq.com' is ready
2025-01-30 18:18:31,845 INFO c.h.h.t.HelmChartContainer - [hivemq-test-hivemq-platform] [hivemq-platform-operator] [7d37f848] 18:18:31.844 [main] INFO  c.h.p.o.HiveMQPlatformReconciler - HiveMQ Platform Operator is starting...
2025-01-30 18:18:31,946 INFO c.h.h.t.HelmChartContainer - [hivemq-test-hivemq-platform] [hivemq-platform-operator] [7d37f848] 18:18:31.945 [main] WARN  Default ConfigurationService implementation - Configuration for reconciler 'hivemq-controller' was not found. Known reconcilers: None.
2025-01-30 18:18:32,031 INFO c.h.h.t.HelmChartContainer - [hivemq-test-hivemq-platform] [hivemq-platform-operator] [7d37f848] 18:18:32.030 [main] INFO  Default ConfigurationService implementation - Created configuration for reconciler com.hivemq.platform.operator.HiveMQPlatformReconciler with name hivemq-controller
2025-01-30 18:18:32,134 INFO c.h.h.t.HelmChartContainer - [hivemq-test-hivemq-platform] [hivemq-platform-operator] [7d37f848] 18:18:32.133 [main] DEBUG c.h.p.o.HiveMQPlatformReconciler - HiveMQ Platform Operator is preparing EventSources
2025-01-30 18:18:32,146 INFO c.h.h.t.HelmChartContainer - [hivemq-test-hivemq-platform] [hivemq-platform-operator] [7d37f848] 18:18:32.145 [main] INFO  i.javaoperatorsdk.operator.Operator - Registered reconciler: 'hivemq-controller' for resource: 'class com.hivemq.platform.operator.v1.HiveMQPlatform' for namespace(s): [all namespaces]
2025-01-30 18:18:32,832 INFO c.h.h.t.HelmChartContainer - [hivemq-test-hivemq-platform] [hivemq-platform-operator] [7d37f848] 18:18:32.831 [main] INFO  c.h.p.operator.webserver.JettyServer - Starting Jetty server on port 8080
2025-01-30 18:18:32,926 INFO c.h.h.t.HelmChartContainer - [hivemq-test-hivemq-platform] [hivemq-platform-operator] [7d37f848] 18:18:32.925 [main] INFO  i.javaoperatorsdk.operator.Operator - Operator SDK 4.9.7 (commit: 2133d28) built on Wed Nov 20 12:56:20 UTC 2024 starting...
2025-01-30 18:18:32,926 INFO c.h.h.t.HelmChartContainer - [hivemq-test-hivemq-platform] [hivemq-platform-operator] [7d37f848] 18:18:32.925 [main] INFO  i.javaoperatorsdk.operator.Operator - Client version: 6.13.5
2025-01-30 18:18:32,928 INFO c.h.h.t.HelmChartContainer - [hivemq-test-hivemq-platform] [hivemq-platform-operator] [7d37f848] 18:18:32.927 [Controller Starter for: hivemq-controller] INFO  i.j.operator.processing.Controller - Starting 'hivemq-controller' controller for reconciler: com.hivemq.platform.operator.HiveMQPlatformReconciler, resource: com.hivemq.platform.operator.v1.HiveMQPlatform
2025-01-30 18:18:35,237 INFO c.h.h.t.HelmChartContainer - [hivemq-test-hivemq-platform] [hivemq-platform-operator] [7d37f848] 18:18:35.236 [Controller Starter for: hivemq-controller] INFO  i.j.operator.processing.Controller - 'hivemq-controller' controller started
2025-01-30 18:18:35,237 INFO c.h.h.t.HelmChartContainer - [hivemq-test-hivemq-platform] [hivemq-platform-operator] [7d37f848] 18:18:35.236 [main] INFO  c.h.p.o.HiveMQPlatformOperatorApplication - HiveMQ Platform Operator 1.7.0-SNAPSHOT started in 6593 ms
2025-01-30 18:18:36,673 INFO c.h.h.t.HelmChartContainer - [POD] hivemq-test-hivemq-platform-operator-6966f96d65-6pm4j [7d37f848-26af-4392-a605-171b6226f123] in helmmqttit-operator was MODIFIED
2025-01-30 18:18:36,676 INFO c.h.h.t.HelmChartContainer - [K3S] [replica_set.go:679] "Finished syncing" kind="ReplicaSet" key="helmmqttit-operator/hivemq-test-hivemq-platform-operator-6966f96d65" duration="7.637306ms"
2025-01-30 18:18:36,678 INFO c.h.h.t.HelmChartContainer - [K3S] [replica_set.go:679] "Finished syncing" kind="ReplicaSet" key="helmmqttit-operator/hivemq-test-hivemq-platform-operator-6966f96d65" duration="37.079µs"
2025-01-30 18:18:37,532 DEBUG c.h.h.t.HelmChartContainer - Executing helm command: /bin/helm --kubeconfig /etc/rancher/k3s/k3s.yaml install test-hivemq-platform /charts/hivemq-platform --wait --timeout 5m0s --set image.repository=docker.io/hivemq --set image.tag=4.36.0 --set image.pullPolicy=Never --set nodes.resources.cpu=512m -f /files/mqtt-annotations-values.yaml --namespace helmmqttit
2025-01-30 18:18:37,765 INFO c.h.h.t.HelmChartContainer - [hivemq-test-hivemq-platform] [hivemq-platform-operator] [7d37f848] 18:18:37.764 [-2082509879-pool-1-thread-3] WARN  i.m.p.PrometheusMeterRegistry - The meter (MeterId{name='operator.sdk.events.received', tags=[tag(action=ADDED),tag(event=ResourceEvent),tag(group=hivemq.com),tag(kind=HiveMQPlatform),tag(name=test-hivemq-platform),tag(namespace=helmmqttit),tag(scope=namespace),tag(version=v1)]}) registration has failed: Prometheus requires that all meters with the same name have the same set of tag keys. There is already an existing meter named 'operator.sdk.events.received' containing tag keys [event, group, kind, name, namespace, scope, version]. The meter you are attempting to register has keys [action, event, group, kind, name, namespace, scope, version]. Note that subsequent logs will be logged at debug level.
2025-01-30 18:18:38,228 INFO c.h.h.t.HelmChartContainer - [hivemq-test-hivemq-platform] [hivemq-platform-operator] [7d37f848] 18:18:38.225 [pool-6-thread-3] DEBUG c.h.p.o.dependants.PodInfoConfigMap - [helmmqtt] Desired PodInfo ConfigMap (1 extensions) (1 enabled)
2025-01-30 18:18:38,229 INFO c.h.h.t.HelmChartContainer - [hivemq-test-hivemq-platform] [hivemq-platform-operator] [7d37f848] 18:18:38.225 [pool-6-thread-3] DEBUG c.h.p.o.dependants.PodInfoConfigMap - [helmmqtt] Desired PodInfo ConfigMap (metrics port: 9399) (metrics path: /)
2025-01-30 18:18:38,229 INFO c.h.h.t.HelmChartContainer - [hivemq-test-hivemq-platform] [hivemq-platform-operator] [7d37f848] 18:18:38.226 [pool-6-thread-3] DEBUG c.h.p.o.dependants.PodInfoConfigMap - [helmmqtt] Desired PodInfo ConfigMap (extension state hash: -1817474005)
2025-01-30 18:18:38,229 INFO c.h.h.t.HelmChartContainer - [hivemq-test-hivemq-platform] [hivemq-platform-operator] [7d37f848] 18:18:38.227 [pool-6-thread-3] DEBUG c.h.p.o.dependants.PodInfoConfigMap - [helmmqtt] Create PodInfo ConfigMap
2025-01-30 18:18:38,336 INFO c.h.h.t.HelmChartContainer - [hivemq-test-hivemq-platform] [hivemq-platform-operator] [7d37f848] 18:18:38.332 [pool-6-thread-5] DEBUG c.h.p.o.dependants.PodRoleResource - [helmmqtt] Create Role: Role(apiVersion=rbac.authorization.k8s.io/v1, kind=Role, metadata=ObjectMeta(annotations={meta.helm.sh/release-name=test-hivemq-platform, meta.helm.sh/release-namespace=helmmqttit}, creationTimestamp=null, deletionGracePeriodSeconds=null, deletionTimestamp=null, finalizers=[], generateName=null, generation=null, labels={helm.sh/chart=hivemq-platform-0.2.32, app.kubernetes.io/managed-by=Helm, app.kubernetes.io/name=hivemq-platform, hivemq-platform=test-hivemq-platform, app.kubernetes.io/instance=test-hivemq-platform, app.kubernetes.io/version=4.36.0}, managedFields=[], name=hivemq-platform-role-test-hivemq-platform, namespace=helmmqttit, ownerReferences=[OwnerReference(apiVersion=hivemq.com/v1, blockOwnerDeletion=null, controller=null, kind=HiveMQPlatform, name=test-hivemq-platform, uid=5514e792-add6-4ed5-81e9-65d335561546, additionalProperties={})], resourceVersion=null, selfLink=null, uid=null, additionalProperties={}), rules=[PolicyRule(apiGroups=[], nonResourceURLs=[], resourceNames=[], resources=[pods], verbs=[get, patch, update], additionalProperties={})], additionalProperties={})
2025-01-30 18:18:38,435 INFO c.h.h.t.HelmChartContainer - [hivemq-test-hivemq-platform] [hivemq-platform-operator] [7d37f848] 18:18:38.432 [pool-6-thread-7] DEBUG c.h.p.o.d.PodServiceAccountResource - [helmmqtt] Desired PodServiceAccountResource (serviceAccountName: hivemq-platform-pod-test-hivemq-platform)
2025-01-30 18:18:38,436 INFO c.h.h.t.HelmChartContainer - [hivemq-test-hivemq-platform] [hivemq-platform-operator] [7d37f848] 18:18:38.433 [pool-6-thread-7] DEBUG c.h.p.o.d.PodServiceAccountResource - [helmmqtt] Create ServiceAccount 'hivemq-platform-pod-test-hivemq-platform'
2025-01-30 18:18:38,538 INFO c.h.h.t.HelmChartContainer - [hivemq-test-hivemq-platform] [hivemq-platform-operator] [7d37f848] 18:18:38.537 [pool-6-thread-10] DEBUG c.h.p.o.d.PodRoleBindingResource - [helmmqtt] Create RoleBinding: RoleBinding(apiVersion=rbac.authorization.k8s.io/v1, kind=RoleBinding, metadata=ObjectMeta(annotations={meta.helm.sh/release-name=test-hivemq-platform, meta.helm.sh/release-namespace=helmmqttit}, creationTimestamp=null, deletionGracePeriodSeconds=null, deletionTimestamp=null, finalizers=[], generateName=null, generation=null, labels={helm.sh/chart=hivemq-platform-0.2.32, app.kubernetes.io/managed-by=Helm, app.kubernetes.io/name=hivemq-platform, hivemq-platform=test-hivemq-platform, app.kubernetes.io/instance=test-hivemq-platform, app.kubernetes.io/version=4.36.0}, managedFields=[], name=hivemq-platform-role-binding-test-hivemq-platform, namespace=helmmqttit, ownerReferences=[OwnerReference(apiVersion=hivemq.com/v1, blockOwnerDeletion=null, controller=null, kind=HiveMQPlatform, name=test-hivemq-platform, uid=5514e792-add6-4ed5-81e9-65d335561546, additionalProperties={})], resourceVersion=null, selfLink=null, uid=null, additionalProperties={}), roleRef=RoleRef(apiGroup=rbac.authorization.k8s.io, kind=Role, name=hivemq-platform-role-test-hivemq-platform, additionalProperties={}), subjects=[Subject(apiGroup=null, kind=ServiceAccount, name=hivemq-platform-pod-test-hivemq-platform, namespace=helmmqttit, additionalProperties={})], additionalProperties={})
2025-01-30 18:18:38,554 INFO c.h.h.t.HelmChartContainer - [hivemq-test-hivemq-platform] [hivemq-platform-operator] [7d37f848] 18:18:38.553 [ReconcilerExecutor-hivemq-controller-53] INFO  c.h.p.o.HiveMQPlatformReconciler - [helmmqtt] Reconciling HiveMQ Platform 'test-hivemq-platform' in namespace 'helmmqttit'
2025-01-30 18:18:38,554 INFO c.h.h.t.HelmChartContainer - [hivemq-test-hivemq-platform] [hivemq-platform-operator] [7d37f848] 18:18:38.553 [ReconcilerExecutor-hivemq-controller-53] DEBUG c.h.p.o.HiveMQPlatformReconciler - [helmmqtt] Custom Resource Status CREATED - HiveMQ Platform was created (READY)
2025-01-30 18:18:38,554 INFO c.h.h.t.HelmChartContainer - [hivemq-test-hivemq-platform] [hivemq-platform-operator] [7d37f848] 18:18:38.553 [ReconcilerExecutor-hivemq-controller-53] DEBUG c.h.p.o.HiveMQPlatformReconciler - [helmmqtt] Custom Resource Spec (replicas: 1) (extensions: 1)
2025-01-30 18:18:38,627 INFO c.h.h.t.HelmChartContainer - [hivemq-test-hivemq-platform] [hivemq-platform-operator] [7d37f848] 18:18:38.626 [ReconcilerExecutor-hivemq-controller-53] INFO  c.h.p.o.h.HiveMQPlatformReconcilerBaseHandler - [helmmqtt] HiveMQ Platform is starting
2025-01-30 18:18:38,730 INFO c.h.h.t.HelmChartContainer - [hivemq-test-hivemq-platform] [hivemq-platform-operator] [7d37f848] 18:18:38.729 [ReconcilerExecutor-hivemq-controller-53] DEBUG c.h.p.operator.event.EventSender - [helmmqtt] Creating K8s event hivemq-platform-starting: [Start] HiveMQ Platform is starting
2025-01-30 18:18:38,738 INFO c.h.h.t.HelmChartContainer - [EVENT] Normal [Start] HiveMQ Platform is starting [helmmqttit:test-hivemq-platform]
2025-01-30 18:18:38,742 INFO c.h.h.t.HelmChartContainer - [hivemq-test-hivemq-platform] [hivemq-platform-operator] [7d37f848] 18:18:38.741 [ReconcilerExecutor-hivemq-controller-53] INFO  c.h.p.o.h.AbstractHiveMQReconcilerStateHandler - [helmmqtt] Update HiveMQ Platform Status (CREATED [READY] -> STARTING [READY]): HiveMQ Platform is starting
2025-01-30 18:18:38,837 DEBUG com.hivemq.helmcharts.util.K8sUtil - Comparing actual state 'STARTING' and waiting for 'RUNNING'
2025-01-30 18:18:48,849 INFO c.h.h.t.HelmChartContainer - [hivemq-test-hivemq-platform] [hivemq-platform-operator] [7d37f848] 18:18:48.845 [pool-6-thread-12] DEBUG c.h.p.o.d.PlatformServiceResource - [helmmqtt] Desired Platform services (2 services)
2025-01-30 18:18:48,850 INFO c.h.h.t.HelmChartContainer - [hivemq-test-hivemq-platform] [hivemq-platform-operator] [7d37f848] 18:18:48.846 [pool-6-thread-13] DEBUG c.h.p.o.dependants.PodInfoConfigMap - [helmmqtt] Desired PodInfo ConfigMap (1 extensions) (1 enabled)
2025-01-30 18:18:48,850 INFO c.h.h.t.HelmChartContainer - [hivemq-test-hivemq-platform] [hivemq-platform-operator] [7d37f848] 18:18:48.846 [pool-6-thread-13] DEBUG c.h.p.o.dependants.PodInfoConfigMap - [helmmqtt] Desired PodInfo ConfigMap (metrics port: 9399) (metrics path: /)
2025-01-30 18:18:48,850 INFO c.h.h.t.HelmChartContainer - [hivemq-test-hivemq-platform] [hivemq-platform-operator] [7d37f848] 18:18:48.846 [pool-6-thread-13] DEBUG c.h.p.o.dependants.PodInfoConfigMap - [helmmqtt] Desired PodInfo ConfigMap (extension state hash: -1817474005)
2025-01-30 18:18:48,852 INFO c.h.h.t.HelmChartContainer - [hivemq-test-hivemq-platform] [hivemq-platform-operator] [7d37f848] 18:18:48.851 [pool-6-thread-13] DEBUG c.h.p.o.dependants.PodInfoConfigMap - [helmmqtt] Update PodInfo ConfigMap
2025-01-30 18:18:48,855 INFO c.h.h.t.HelmChartContainer - [hivemq-test-hivemq-platform] [hivemq-platform-operator] [7d37f848] 18:18:48.854 [pool-6-thread-17] DEBUG c.h.p.o.d.PodServiceAccountResource - [helmmqtt] Desired PodServiceAccountResource (serviceAccountName: hivemq-platform-pod-test-hivemq-platform)
2025-01-30 18:18:48,861 INFO c.h.h.t.HelmChartContainer - [K3S] [alloc.go:330] "allocated clusterIPs" service="helmmqttit/hivemq-test-hivemq-platform-metrics-9399" clusterIPs={"IPv4":"10.43.118.239"}
2025-01-30 18:18:48,943 INFO c.h.h.t.HelmChartContainer - [K3S] [alloc.go:330] "allocated clusterIPs" service="helmmqttit/hivemq-test-hivemq-platform-mqtt-1884" clusterIPs={"IPv4":"10.43.93.231"}
2025-01-30 18:18:49,030 INFO c.h.h.t.HelmChartContainer - [hivemq-test-hivemq-platform] [hivemq-platform-operator] [7d37f848] 18:18:49.028 [pool-6-thread-20] DEBUG c.h.p.o.d.StatefulSetResource - [helmmqtt] Desired StatefulSet (1 replicas) for status STARTING (READY)
2025-01-30 18:18:49,041 INFO c.h.h.t.HelmChartContainer - [hivemq-test-hivemq-platform] [hivemq-platform-operator] [7d37f848] 18:18:49.040 [pool-6-thread-20] DEBUG c.h.p.o.d.StatefulSetResource - [helmmqtt] Create StatefulSet
2025-01-30 18:18:49,148 INFO c.h.h.t.HelmChartContainer - [POD] test-hivemq-platform-0 [091cc9d2-543d-4a14-af9a-814d45c434fc] in helmmqttit was ADDED
2025-01-30 18:18:49,149 INFO c.h.h.t.HelmChartContainer - [EVENT] Normal [SuccessfulCreate] create Pod test-hivemq-platform-0 in StatefulSet test-hivemq-platform successful [helmmqttit:test-hivemq-platform]
2025-01-30 18:18:49,153 INFO c.h.h.t.HelmChartContainer - [EVENT] Normal [Scheduled] Successfully assigned helmmqttit/test-hivemq-platform-0 to 0019a1e396a2 [helmmqttit:test-hivemq-platform-0]
2025-01-30 18:18:49,157 INFO c.h.h.t.HelmChartContainer - [POD] test-hivemq-platform-0 [091cc9d2-543d-4a14-af9a-814d45c434fc] in helmmqttit was MODIFIED
2025-01-30 18:18:49,162 INFO c.h.h.t.HelmChartContainer - [POD] test-hivemq-platform-0 [091cc9d2-543d-4a14-af9a-814d45c434fc] in helmmqttit was MODIFIED
2025-01-30 18:18:49,221 INFO c.h.h.t.HelmChartContainer - [K3S] [reconciler_common.go:251] "operationExecutor.VerifyControllerAttachedVolume started for volume \"pod-info\" (UniqueName: \"kubernetes.io/configmap/091cc9d2-543d-4a14-af9a-814d45c434fc-pod-info\") pod \"test-hivemq-platform-0\" (UID: \"091cc9d2-543d-4a14-af9a-814d45c434fc\") " pod="helmmqttit/test-hivemq-platform-0"
2025-01-30 18:18:49,221 INFO c.h.h.t.HelmChartContainer - [K3S] [reconciler_common.go:251] "operationExecutor.VerifyControllerAttachedVolume started for volume \"broker-configuration\" (UniqueName: \"kubernetes.io/configmap/091cc9d2-543d-4a14-af9a-814d45c434fc-broker-configuration\") pod \"test-hivemq-platform-0\" (UID: \"091cc9d2-543d-4a14-af9a-814d45c434fc\") " pod="helmmqttit/test-hivemq-platform-0"
2025-01-30 18:18:49,221 INFO c.h.h.t.HelmChartContainer - [K3S] [reconciler_common.go:251] "operationExecutor.VerifyControllerAttachedVolume started for volume \"operator-init\" (UniqueName: \"kubernetes.io/empty-dir/091cc9d2-543d-4a14-af9a-814d45c434fc-operator-init\") pod \"test-hivemq-platform-0\" (UID: \"091cc9d2-543d-4a14-af9a-814d45c434fc\") " pod="helmmqttit/test-hivemq-platform-0"
2025-01-30 18:18:49,221 INFO c.h.h.t.HelmChartContainer - [K3S] [reconciler_common.go:251] "operationExecutor.VerifyControllerAttachedVolume started for volume \"kube-api-access-fjsmx\" (UniqueName: \"kubernetes.io/projected/091cc9d2-543d-4a14-af9a-814d45c434fc-kube-api-access-fjsmx\") pod \"test-hivemq-platform-0\" (UID: \"091cc9d2-543d-4a14-af9a-814d45c434fc\") " pod="helmmqttit/test-hivemq-platform-0"
2025-01-30 18:18:49,231 INFO c.h.h.t.HelmChartContainer - [hivemq-test-hivemq-platform] [hivemq-platform-operator] [7d37f848] 18:18:49.225 [ReconcilerExecutor-hivemq-controller-64] INFO  c.h.p.o.HiveMQPlatformReconciler - [helmmqtt] Reconciling HiveMQ Platform 'test-hivemq-platform' in namespace 'helmmqttit'
2025-01-30 18:18:49,231 INFO c.h.h.t.HelmChartContainer - [hivemq-test-hivemq-platform] [hivemq-platform-operator] [7d37f848] 18:18:49.226 [ReconcilerExecutor-hivemq-controller-64] DEBUG c.h.p.o.HiveMQPlatformReconciler - [helmmqtt] Custom Resource Status STARTING - HiveMQ Platform is starting (READY)
2025-01-30 18:18:49,231 INFO c.h.h.t.HelmChartContainer - [hivemq-test-hivemq-platform] [hivemq-platform-operator] [7d37f848] 18:18:49.226 [ReconcilerExecutor-hivemq-controller-64] DEBUG c.h.p.o.HiveMQPlatformReconciler - [helmmqtt] Custom Resource Spec (replicas: 1) (extensions: 1)
2025-01-30 18:18:49,234 INFO c.h.h.t.HelmChartContainer - [hivemq-test-hivemq-platform] [hivemq-platform-operator] [7d37f848] 18:18:49.233 [ReconcilerExecutor-hivemq-controller-64] DEBUG c.h.p.o.HiveMQPlatformReconciler - [helmmqtt] StatefulSet Status (revision: null, replicas: 0, available: 0, ready: 0, current: 0, updated: 0)
2025-01-30 18:18:49,234 INFO c.h.h.t.HelmChartContainer - [hivemq-test-hivemq-platform] [hivemq-platform-operator] [7d37f848] 18:18:49.233 [ReconcilerExecutor-hivemq-controller-64] DEBUG c.h.p.o.HiveMQPlatformReconciler - [helmmqtt] StatefulSet Spec (replicas: 1, init containers: 1, containers: 1, volumes: 3)
2025-01-30 18:18:49,334 INFO c.h.h.t.HelmChartContainer - [hivemq-test-hivemq-platform] [hivemq-platform-operator] [7d37f848] 18:18:49.332 [ReconcilerExecutor-hivemq-controller-64] DEBUG c.h.p.o.h.HiveMQPlatformReconcilerErrorHandler - [helmmqtt] Pod 'test-hivemq-platform-0' phase Pending
2025-01-30 18:18:49,335 INFO c.h.h.t.HelmChartContainer - [hivemq-test-hivemq-platform] [hivemq-platform-operator] [7d37f848] 18:18:49.333 [ReconcilerExecutor-hivemq-controller-64] DEBUG c.h.p.o.h.HiveMQPlatformReconcilerErrorHandler - [helmmqtt] Pod 'test-hivemq-platform-0' condition 'PodReadyToStartContainers': False
2025-01-30 18:18:49,335 INFO c.h.h.t.HelmChartContainer - [hivemq-test-hivemq-platform] [hivemq-platform-operator] [7d37f848] 18:18:49.333 [ReconcilerExecutor-hivemq-controller-64] DEBUG c.h.p.o.h.HiveMQPlatformReconcilerErrorHandler - [helmmqtt] Pod 'test-hivemq-platform-0' condition 'Initialized': False
2025-01-30 18:18:49,335 INFO c.h.h.t.HelmChartContainer - [hivemq-test-hivemq-platform] [hivemq-platform-operator] [7d37f848] 18:18:49.333 [ReconcilerExecutor-hivemq-controller-64] DEBUG c.h.p.o.h.HiveMQPlatformReconcilerErrorHandler - [helmmqtt] Pod 'test-hivemq-platform-0' condition 'Ready': False
2025-01-30 18:18:49,335 INFO c.h.h.t.HelmChartContainer - [hivemq-test-hivemq-platform] [hivemq-platform-operator] [7d37f848] 18:18:49.333 [ReconcilerExecutor-hivemq-controller-64] DEBUG c.h.p.o.h.HiveMQPlatformReconcilerErrorHandler - [helmmqtt] Pod 'test-hivemq-platform-0' condition 'ContainersReady': False
2025-01-30 18:18:49,335 INFO c.h.h.t.HelmChartContainer - [hivemq-test-hivemq-platform] [hivemq-platform-operator] [7d37f848] 18:18:49.333 [ReconcilerExecutor-hivemq-controller-64] DEBUG c.h.p.o.h.HiveMQPlatformReconcilerErrorHandler - [helmmqtt] Pod 'test-hivemq-platform-0' condition 'PodScheduled': True
2025-01-30 18:18:49,335 INFO c.h.h.t.HelmChartContainer - [hivemq-test-hivemq-platform] [hivemq-platform-operator] [7d37f848] 18:18:49.334 [ReconcilerExecutor-hivemq-controller-64] DEBUG c.h.p.o.h.HiveMQPlatformReconcilerErrorHandler - [helmmqtt] Pod 'test-hivemq-platform-0' containerStatus 'hivemq' (started: false) (ready: false) (waiting: [PodInitializing] null)
2025-01-30 18:18:49,337 INFO c.h.h.t.HelmChartContainer - [hivemq-test-hivemq-platform] [hivemq-platform-operator] [7d37f848] 18:18:49.336 [ReconcilerExecutor-hivemq-controller-64] INFO  c.h.p.o.h.HiveMQPlatformReconcilerBaseHandler - [helmmqtt] HiveMQ Platform is starting, 0 of 1 replicas are ready
2025-01-30 18:18:49,341 INFO c.h.h.t.HelmChartContainer - [hivemq-test-hivemq-platform] [hivemq-platform-operator] [7d37f848] 18:18:49.340 [pool-6-thread-22] DEBUG c.h.p.o.d.PlatformServiceResource - [helmmqtt] Desired Platform services (2 services)
2025-01-30 18:18:49,343 INFO c.h.h.t.HelmChartContainer - [hivemq-test-hivemq-platform] [hivemq-platform-operator] [7d37f848] 18:18:49.342 [pool-6-thread-23] DEBUG c.h.p.o.dependants.PodInfoConfigMap - [helmmqtt] Desired PodInfo ConfigMap (1 extensions) (1 enabled)
2025-01-30 18:18:49,427 INFO c.h.h.t.HelmChartContainer - [hivemq-test-hivemq-platform] [hivemq-platform-operator] [7d37f848] 18:18:49.425 [pool-6-thread-23] DEBUG c.h.p.o.dependants.PodInfoConfigMap - [helmmqtt] Desired PodInfo ConfigMap (metrics port: 9399) (metrics path: /)
2025-01-30 18:18:49,427 INFO c.h.h.t.HelmChartContainer - [hivemq-test-hivemq-platform] [hivemq-platform-operator] [7d37f848] 18:18:49.425 [pool-6-thread-23] DEBUG c.h.p.o.dependants.PodInfoConfigMap - [helmmqtt] Desired PodInfo ConfigMap (extension state hash: -1817474005)
2025-01-30 18:18:49,427 INFO c.h.h.t.HelmChartContainer - [hivemq-test-hivemq-platform] [hivemq-platform-operator] [7d37f848] 18:18:49.425 [pool-6-thread-27] DEBUG c.h.p.o.d.PodServiceAccountResource - [helmmqtt] Desired PodServiceAccountResource (serviceAccountName: hivemq-platform-pod-test-hivemq-platform)
2025-01-30 18:18:49,433 INFO c.h.h.t.HelmChartContainer - [hivemq-test-hivemq-platform] [hivemq-platform-operator] [7d37f848] 18:18:49.432 [pool-6-thread-30] DEBUG c.h.p.o.d.StatefulSetResource - [helmmqtt] Desired StatefulSet (1 replicas) for status STARTING (READY)
2025-01-30 18:18:49,438 INFO c.h.h.t.HelmChartContainer - [hivemq-test-hivemq-platform] [hivemq-platform-operator] [7d37f848] 18:18:49.437 [ReconcilerExecutor-hivemq-controller-75] INFO  c.h.p.o.HiveMQPlatformReconciler - [helmmqtt] Reconciling HiveMQ Platform 'test-hivemq-platform' in namespace 'helmmqttit'
2025-01-30 18:18:49,438 INFO c.h.h.t.HelmChartContainer - [hivemq-test-hivemq-platform] [hivemq-platform-operator] [7d37f848] 18:18:49.437 [ReconcilerExecutor-hivemq-controller-75] DEBUG c.h.p.o.HiveMQPlatformReconciler - [helmmqtt] Custom Resource Status STARTING - HiveMQ Platform is starting (READY)
2025-01-30 18:18:49,438 INFO c.h.h.t.HelmChartContainer - [hivemq-test-hivemq-platform] [hivemq-platform-operator] [7d37f848] 18:18:49.437 [ReconcilerExecutor-hivemq-controller-75] DEBUG c.h.p.o.HiveMQPlatformReconciler - [helmmqtt] Custom Resource Spec (replicas: 1) (extensions: 1)
2025-01-30 18:18:49,441 INFO c.h.h.t.HelmChartContainer - [hivemq-test-hivemq-platform] [hivemq-platform-operator] [7d37f848] 18:18:49.440 [ReconcilerExecutor-hivemq-controller-75] DEBUG c.h.p.o.HiveMQPlatformReconciler - [helmmqtt] StatefulSet Status (revision: test-hivemq-platform-7bbc5894fb, replicas: 1, available: 0, ready: 0, current: 1, updated: 1)
2025-01-30 18:18:49,441 INFO c.h.h.t.HelmChartContainer - [hivemq-test-hivemq-platform] [hivemq-platform-operator] [7d37f848] 18:18:49.440 [ReconcilerExecutor-hivemq-controller-75] DEBUG c.h.p.o.HiveMQPlatformReconciler - [helmmqtt] StatefulSet Spec (replicas: 1, init containers: 1, containers: 1, volumes: 3)
2025-01-30 18:18:49,442 INFO c.h.h.t.HelmChartContainer - [hivemq-test-hivemq-platform] [hivemq-platform-operator] [7d37f848] 18:18:49.442 [ReconcilerExecutor-hivemq-controller-75] DEBUG c.h.p.o.h.HiveMQPlatformReconcilerErrorHandler - [helmmqtt] Pod 'test-hivemq-platform-0' phase Pending
2025-01-30 18:18:49,528 INFO c.h.h.t.HelmChartContainer - [hivemq-test-hivemq-platform] [hivemq-platform-operator] [7d37f848] 18:18:49.525 [ReconcilerExecutor-hivemq-controller-75] DEBUG c.h.p.o.h.HiveMQPlatformReconcilerErrorHandler - [helmmqtt] Pod 'test-hivemq-platform-0' condition 'PodReadyToStartContainers': False
2025-01-30 18:18:49,528 INFO c.h.h.t.HelmChartContainer - [hivemq-test-hivemq-platform] [hivemq-platform-operator] [7d37f848] 18:18:49.525 [ReconcilerExecutor-hivemq-controller-75] DEBUG c.h.p.o.h.HiveMQPlatformReconcilerErrorHandler - [helmmqtt] Pod 'test-hivemq-platform-0' condition 'Initialized': False
2025-01-30 18:18:49,528 INFO c.h.h.t.HelmChartContainer - [hivemq-test-hivemq-platform] [hivemq-platform-operator] [7d37f848] 18:18:49.525 [ReconcilerExecutor-hivemq-controller-75] DEBUG c.h.p.o.h.HiveMQPlatformReconcilerErrorHandler - [helmmqtt] Pod 'test-hivemq-platform-0' condition 'Ready': False
2025-01-30 18:18:49,528 INFO c.h.h.t.HelmChartContainer - [hivemq-test-hivemq-platform] [hivemq-platform-operator] [7d37f848] 18:18:49.525 [ReconcilerExecutor-hivemq-controller-75] DEBUG c.h.p.o.h.HiveMQPlatformReconcilerErrorHandler - [helmmqtt] Pod 'test-hivemq-platform-0' condition 'ContainersReady': False
2025-01-30 18:18:49,528 INFO c.h.h.t.HelmChartContainer - [hivemq-test-hivemq-platform] [hivemq-platform-operator] [7d37f848] 18:18:49.525 [ReconcilerExecutor-hivemq-controller-75] DEBUG c.h.p.o.h.HiveMQPlatformReconcilerErrorHandler - [helmmqtt] Pod 'test-hivemq-platform-0' condition 'PodScheduled': True
2025-01-30 18:18:49,528 INFO c.h.h.t.HelmChartContainer - [hivemq-test-hivemq-platform] [hivemq-platform-operator] [7d37f848] 18:18:49.525 [ReconcilerExecutor-hivemq-controller-75] DEBUG c.h.p.o.h.HiveMQPlatformReconcilerErrorHandler - [helmmqtt] Pod 'test-hivemq-platform-0' containerStatus 'hivemq' (started: false) (ready: false) (waiting: [PodInitializing] null)
2025-01-30 18:18:49,528 INFO c.h.h.t.HelmChartContainer - [hivemq-test-hivemq-platform] [hivemq-platform-operator] [7d37f848] 18:18:49.527 [ReconcilerExecutor-hivemq-controller-75] INFO  c.h.p.o.h.HiveMQPlatformReconcilerBaseHandler - [helmmqtt] HiveMQ Platform is starting, 0 of 1 replicas are ready
2025-01-30 18:18:49,553 INFO c.h.h.t.HelmChartContainer - [EVENT] Normal [Pulled] Container image "docker.io/hivemq/hivemq-platform-operator-init-test:snapshot" already present on machine [helmmqttit:test-hivemq-platform-0]
2025-01-30 18:18:49,677 INFO c.h.h.t.HelmChartContainer - [EVENT] Normal [Created] Created container: hivemq-platform-operator-init [helmmqttit:test-hivemq-platform-0]
2025-01-30 18:18:49,717 INFO c.h.h.t.HelmChartContainer - [EVENT] Normal [Started] Started container hivemq-platform-operator-init [helmmqttit:test-hivemq-platform-0]
2025-01-30 18:18:50,685 INFO c.h.h.t.HelmChartContainer - [EVENT] Normal [Pulled] Container image "docker.io/hivemq/hivemq4:4.36.0" already present on machine [helmmqttit:test-hivemq-platform-0]
2025-01-30 18:18:50,685 INFO c.h.h.t.HelmChartContainer - Received Pulled event for container hivemq in pod test-hivemq-platform-0 [091cc9d2-543d-4a14-af9a-814d45c434fc]
2025-01-30 18:18:50,695 INFO c.h.h.t.HelmChartContainer - [POD] test-hivemq-platform-0 [091cc9d2-543d-4a14-af9a-814d45c434fc] in helmmqttit was MODIFIED
2025-01-30 18:18:50,714 INFO c.h.h.t.HelmChartContainer - [hivemq-test-hivemq-platform] [hivemq-platform-operator] [7d37f848] 18:18:50.707 [pool-6-thread-32] DEBUG c.h.p.o.d.PlatformServiceResource - [helmmqtt] Desired Platform services (2 services)
2025-01-30 18:18:50,714 INFO c.h.h.t.HelmChartContainer - [hivemq-test-hivemq-platform] [hivemq-platform-operator] [7d37f848] 18:18:50.709 [pool-6-thread-33] DEBUG c.h.p.o.dependants.PodInfoConfigMap - [helmmqtt] Desired PodInfo ConfigMap (1 extensions) (1 enabled)
2025-01-30 18:18:50,714 INFO c.h.h.t.HelmChartContainer - [hivemq-test-hivemq-platform] [hivemq-platform-operator] [7d37f848] 18:18:50.709 [pool-6-thread-33] DEBUG c.h.p.o.dependants.PodInfoConfigMap - [helmmqtt] Desired PodInfo ConfigMap (metrics port: 9399) (metrics path: /)
2025-01-30 18:18:50,714 INFO c.h.h.t.HelmChartContainer - [hivemq-test-hivemq-platform] [hivemq-platform-operator] [7d37f848] 18:18:50.709 [pool-6-thread-33] DEBUG c.h.p.o.dependants.PodInfoConfigMap - [helmmqtt] Desired PodInfo ConfigMap (extension state hash: -1817474005)
2025-01-30 18:18:50,721 INFO c.h.h.t.HelmChartContainer - [hivemq-test-hivemq-platform] [hivemq-platform-operator] [7d37f848] 18:18:50.719 [pool-6-thread-37] DEBUG c.h.p.o.d.PodServiceAccountResource - [helmmqtt] Desired PodServiceAccountResource (serviceAccountName: hivemq-platform-pod-test-hivemq-platform)
2025-01-30 18:18:50,736 INFO c.h.h.t.HelmChartContainer - [hivemq-test-hivemq-platform] [hivemq-platform-operator] [7d37f848] 18:18:50.732 [pool-6-thread-39] DEBUG c.h.p.o.d.StatefulSetResource - [helmmqtt] Desired StatefulSet (1 replicas) for status STARTING (READY)
2025-01-30 18:18:50,742 INFO c.h.h.t.HelmChartContainer - [hivemq-test-hivemq-platform] [hivemq-platform-operator] [7d37f848] 18:18:50.740 [ReconcilerExecutor-hivemq-controller-86] INFO  c.h.p.o.HiveMQPlatformReconciler - [helmmqtt] Reconciling HiveMQ Platform 'test-hivemq-platform' in namespace 'helmmqttit'
2025-01-30 18:18:50,743 INFO c.h.h.t.HelmChartContainer - [hivemq-test-hivemq-platform] [hivemq-platform-operator] [7d37f848] 18:18:50.740 [ReconcilerExecutor-hivemq-controller-86] DEBUG c.h.p.o.HiveMQPlatformReconciler - [helmmqtt] Custom Resource Status STARTING - HiveMQ Platform is starting (READY)
2025-01-30 18:18:50,743 INFO c.h.h.t.HelmChartContainer - [hivemq-test-hivemq-platform] [hivemq-platform-operator] [7d37f848] 18:18:50.741 [ReconcilerExecutor-hivemq-controller-86] DEBUG c.h.p.o.HiveMQPlatformReconciler - [helmmqtt] Custom Resource Spec (replicas: 1) (extensions: 1)
2025-01-30 18:18:50,749 INFO c.h.h.t.HelmChartContainer - [hivemq-test-hivemq-platform] [hivemq-platform-operator] [7d37f848] 18:18:50.747 [ReconcilerExecutor-hivemq-controller-86] DEBUG c.h.p.o.HiveMQPlatformReconciler - [helmmqtt] StatefulSet Status (revision: test-hivemq-platform-7bbc5894fb, replicas: 1, available: 0, ready: 0, current: 1, updated: 1)
2025-01-30 18:18:50,750 INFO c.h.h.t.HelmChartContainer - [hivemq-test-hivemq-platform] [hivemq-platform-operator] [7d37f848] 18:18:50.749 [ReconcilerExecutor-hivemq-controller-86] DEBUG c.h.p.o.HiveMQPlatformReconciler - [helmmqtt] StatefulSet Spec (replicas: 1, init containers: 1, containers: 1, volumes: 3)
2025-01-30 18:18:50,755 INFO c.h.h.t.HelmChartContainer - [hivemq-test-hivemq-platform] [hivemq-platform-operator] [7d37f848] 18:18:50.754 [ReconcilerExecutor-hivemq-controller-86] DEBUG c.h.p.o.h.HiveMQPlatformReconcilerErrorHandler - [helmmqtt] Pod 'test-hivemq-platform-0' phase Pending
2025-01-30 18:18:50,755 INFO c.h.h.t.HelmChartContainer - [hivemq-test-hivemq-platform] [hivemq-platform-operator] [7d37f848] 18:18:50.754 [ReconcilerExecutor-hivemq-controller-86] DEBUG c.h.p.o.h.HiveMQPlatformReconcilerErrorHandler - [helmmqtt] Pod 'test-hivemq-platform-0' condition 'PodReadyToStartContainers': True
2025-01-30 18:18:50,755 INFO c.h.h.t.HelmChartContainer - [hivemq-test-hivemq-platform] [hivemq-platform-operator] [7d37f848] 18:18:50.754 [ReconcilerExecutor-hivemq-controller-86] DEBUG c.h.p.o.h.HiveMQPlatformReconcilerErrorHandler - [helmmqtt] Pod 'test-hivemq-platform-0' condition 'Initialized': True
2025-01-30 18:18:50,755 INFO c.h.h.t.HelmChartContainer - [hivemq-test-hivemq-platform] [hivemq-platform-operator] [7d37f848] 18:18:50.754 [ReconcilerExecutor-hivemq-controller-86] DEBUG c.h.p.o.h.HiveMQPlatformReconcilerErrorHandler - [helmmqtt] Pod 'test-hivemq-platform-0' condition 'Ready': False
2025-01-30 18:18:50,755 INFO c.h.h.t.HelmChartContainer - [hivemq-test-hivemq-platform] [hivemq-platform-operator] [7d37f848] 18:18:50.754 [ReconcilerExecutor-hivemq-controller-86] DEBUG c.h.p.o.h.HiveMQPlatformReconcilerErrorHandler - [helmmqtt] Pod 'test-hivemq-platform-0' condition 'ContainersReady': False
2025-01-30 18:18:50,755 INFO c.h.h.t.HelmChartContainer - [hivemq-test-hivemq-platform] [hivemq-platform-operator] [7d37f848] 18:18:50.754 [ReconcilerExecutor-hivemq-controller-86] DEBUG c.h.p.o.h.HiveMQPlatformReconcilerErrorHandler - [helmmqtt] Pod 'test-hivemq-platform-0' condition 'PodScheduled': True
2025-01-30 18:18:50,756 INFO c.h.h.t.HelmChartContainer - [hivemq-test-hivemq-platform] [hivemq-platform-operator] [7d37f848] 18:18:50.754 [ReconcilerExecutor-hivemq-controller-86] DEBUG c.h.p.o.h.HiveMQPlatformReconcilerErrorHandler - [helmmqtt] Pod 'test-hivemq-platform-0' containerStatus 'hivemq' (started: false) (ready: false) (waiting: [PodInitializing] null)
2025-01-30 18:18:50,756 INFO c.h.h.t.HelmChartContainer - [hivemq-test-hivemq-platform] [hivemq-platform-operator] [7d37f848] 18:18:50.756 [ReconcilerExecutor-hivemq-controller-86] INFO  c.h.p.o.h.HiveMQPlatformReconcilerBaseHandler - [helmmqtt] HiveMQ Platform is starting, 0 of 1 replicas are ready
2025-01-30 18:18:51,856 INFO c.h.h.t.HelmChartContainer - [EVENT] Normal [Created] Created container: hivemq [helmmqttit:test-hivemq-platform-0]
2025-01-30 18:18:51,856 INFO c.h.h.t.HelmChartContainer - Received Created event for container hivemq in pod test-hivemq-platform-0 [091cc9d2-543d-4a14-af9a-814d45c434fc]
2025-01-30 18:18:52,697 INFO c.h.h.t.HelmChartContainer - [POD] test-hivemq-platform-0 [091cc9d2-543d-4a14-af9a-814d45c434fc] in helmmqttit was MODIFIED
2025-01-30 18:18:52,706 INFO c.h.h.t.HelmChartContainer - [EVENT] Normal [Started] Started container hivemq [helmmqttit:test-hivemq-platform-0]
2025-01-30 18:18:52,706 INFO c.h.h.t.HelmChartContainer - Received Started event for container hivemq in pod test-hivemq-platform-0 [091cc9d2-543d-4a14-af9a-814d45c434fc]
2025-01-30 18:18:52,706 INFO c.h.h.t.HelmChartContainer - Started log watcher for hivemq in pod test-hivemq-platform-0 [091cc9d2-543d-4a14-af9a-814d45c434fc]
2025-01-30 18:18:52,707 INFO c.h.h.t.HelmChartContainer - [test-hivemq-platform] [hivemq] [091cc9d2] Adding pre-installed HiveMQ Platform Operator extensions
2025-01-30 18:18:52,707 INFO c.h.h.t.HelmChartContainer - [test-hivemq-platform] [hivemq] [091cc9d2] Running as user 10000
2025-01-30 18:18:52,707 INFO c.h.h.t.HelmChartContainer - [test-hivemq-platform] [hivemq] [091cc9d2] Starting HiveMQ Platform Operator Init
2025-01-30 18:18:52,709 INFO c.h.h.t.HelmChartContainer - [hivemq-test-hivemq-platform] [hivemq-platform-operator] [7d37f848] 18:18:52.706 [pool-6-thread-42] DEBUG c.h.p.o.d.PlatformServiceResource - [helmmqtt] Desired Platform services (2 services)
2025-01-30 18:18:52,709 INFO c.h.h.t.HelmChartContainer - [hivemq-test-hivemq-platform] [hivemq-platform-operator] [7d37f848] 18:18:52.707 [pool-6-thread-43] DEBUG c.h.p.o.dependants.PodInfoConfigMap - [helmmqtt] Desired PodInfo ConfigMap (1 extensions) (1 enabled)
2025-01-30 18:18:52,709 INFO c.h.h.t.HelmChartContainer - [hivemq-test-hivemq-platform] [hivemq-platform-operator] [7d37f848] 18:18:52.707 [pool-6-thread-43] DEBUG c.h.p.o.dependants.PodInfoConfigMap - [helmmqtt] Desired PodInfo ConfigMap (metrics port: 9399) (metrics path: /)
2025-01-30 18:18:52,709 INFO c.h.h.t.HelmChartContainer - [hivemq-test-hivemq-platform] [hivemq-platform-operator] [7d37f848] 18:18:52.707 [pool-6-thread-43] DEBUG c.h.p.o.dependants.PodInfoConfigMap - [helmmqtt] Desired PodInfo ConfigMap (extension state hash: -1817474005)
2025-01-30 18:18:52,717 INFO c.h.h.t.HelmChartContainer - [hivemq-test-hivemq-platform] [hivemq-platform-operator] [7d37f848] 18:18:52.716 [pool-6-thread-47] DEBUG c.h.p.o.d.PodServiceAccountResource - [helmmqtt] Desired PodServiceAccountResource (serviceAccountName: hivemq-platform-pod-test-hivemq-platform)
2025-01-30 18:18:52,723 INFO c.h.h.t.HelmChartContainer - [hivemq-test-hivemq-platform] [hivemq-platform-operator] [7d37f848] 18:18:52.722 [pool-6-thread-49] DEBUG c.h.p.o.d.StatefulSetResource - [helmmqtt] Desired StatefulSet (1 replicas) for status STARTING (READY)
2025-01-30 18:18:52,731 INFO c.h.h.t.HelmChartContainer - [hivemq-test-hivemq-platform] [hivemq-platform-operator] [7d37f848] 18:18:52.729 [ReconcilerExecutor-hivemq-controller-97] INFO  c.h.p.o.HiveMQPlatformReconciler - [helmmqtt] Reconciling HiveMQ Platform 'test-hivemq-platform' in namespace 'helmmqttit'
2025-01-30 18:18:52,731 INFO c.h.h.t.HelmChartContainer - [hivemq-test-hivemq-platform] [hivemq-platform-operator] [7d37f848] 18:18:52.729 [ReconcilerExecutor-hivemq-controller-97] DEBUG c.h.p.o.HiveMQPlatformReconciler - [helmmqtt] Custom Resource Status STARTING - HiveMQ Platform is starting (READY)
2025-01-30 18:18:52,731 INFO c.h.h.t.HelmChartContainer - [hivemq-test-hivemq-platform] [hivemq-platform-operator] [7d37f848] 18:18:52.730 [ReconcilerExecutor-hivemq-controller-97] DEBUG c.h.p.o.HiveMQPlatformReconciler - [helmmqtt] Custom Resource Spec (replicas: 1) (extensions: 1)
2025-01-30 18:18:52,735 INFO c.h.h.t.HelmChartContainer - [hivemq-test-hivemq-platform] [hivemq-platform-operator] [7d37f848] 18:18:52.734 [ReconcilerExecutor-hivemq-controller-97] DEBUG c.h.p.o.HiveMQPlatformReconciler - [helmmqtt] StatefulSet Status (revision: test-hivemq-platform-7bbc5894fb, replicas: 1, available: 0, ready: 0, current: 1, updated: 1)
2025-01-30 18:18:52,735 INFO c.h.h.t.HelmChartContainer - [hivemq-test-hivemq-platform] [hivemq-platform-operator] [7d37f848] 18:18:52.734 [ReconcilerExecutor-hivemq-controller-97] DEBUG c.h.p.o.HiveMQPlatformReconciler - [helmmqtt] StatefulSet Spec (replicas: 1, init containers: 1, containers: 1, volumes: 3)
2025-01-30 18:18:52,738 INFO c.h.h.t.HelmChartContainer - [hivemq-test-hivemq-platform] [hivemq-platform-operator] [7d37f848] 18:18:52.737 [ReconcilerExecutor-hivemq-controller-97] DEBUG c.h.p.o.h.HiveMQPlatformReconcilerErrorHandler - [helmmqtt] Pod 'test-hivemq-platform-0' phase Running
2025-01-30 18:18:52,739 INFO c.h.h.t.HelmChartContainer - [hivemq-test-hivemq-platform] [hivemq-platform-operator] [7d37f848] 18:18:52.738 [ReconcilerExecutor-hivemq-controller-97] INFO  c.h.p.o.h.HiveMQPlatformReconcilerBaseHandler - [helmmqtt] HiveMQ Platform is starting, 0 of 1 replicas are ready
2025-01-30 18:18:53,091 INFO c.h.h.t.HelmChartContainer - [test-hivemq-platform] [hivemq] [091cc9d2] INFO  - [HiveMQ Platform Operator Init 1.7.0-SNAPSHOT] HiveMQ Platform Operator Init 1.7.0-SNAPSHOT (commit: 47e3375 on branch: HEAD) built on Thu Jan 30 03:55:50 UTC 2025
2025-01-30 18:18:54,282 INFO c.h.h.t.HelmChartContainer - [test-hivemq-platform] [hivemq] [091cc9d2] INFO  - [HiveMQ Platform Operator Init App 1.7.0-SNAPSHOT] Using bind address 10.42.0.13 from environment variable
2025-01-30 18:18:55,184 INFO c.h.h.t.HelmChartContainer - [test-hivemq-platform] [hivemq] [091cc9d2] INFO  - [HiveMQ Platform Operator Init App 1.7.0-SNAPSHOT] HiveMQ Platform Operator Init App 1.7.0-SNAPSHOT (commit: 47e3375 on branch: HEAD) built on Thu Jan 30 03:55:50 UTC 2025
2025-01-30 18:18:55,184 INFO c.h.h.t.HelmChartContainer - [test-hivemq-platform] [hivemq] [091cc9d2] INFO  - [HiveMQ Platform Operator Init App 1.7.0-SNAPSHOT] PodInfo ConfigMap directory: /etc/podinfo
2025-01-30 18:18:55,184 INFO c.h.h.t.HelmChartContainer - [test-hivemq-platform] [hivemq] [091cc9d2] INFO  - [HiveMQ Platform Operator Init App 1.7.0-SNAPSHOT] HiveMQ home directory: /opt/hivemq
2025-01-30 18:18:55,184 INFO c.h.h.t.HelmChartContainer - [test-hivemq-platform] [hivemq] [091cc9d2] INFO  - [HiveMQ Platform Operator Init App 1.7.0-SNAPSHOT] HiveMQ Logback folder: /opt/hivemq/conf
2025-01-30 18:18:55,184 INFO c.h.h.t.HelmChartContainer - [test-hivemq-platform] [hivemq] [091cc9d2] INFO  - [HiveMQ Platform Operator Init App 1.7.0-SNAPSHOT] HiveMQ Config folder: /opt/hivemq/conf-k8s
2025-01-30 18:18:55,184 INFO c.h.h.t.HelmChartContainer - [test-hivemq-platform] [hivemq] [091cc9d2] INFO  - [HiveMQ Platform Operator Init App 1.7.0-SNAPSHOT] Starting HiveMQ Platform Operator Init App
2025-01-30 18:18:55,184 INFO c.h.h.t.HelmChartContainer - [test-hivemq-platform] [hivemq] [091cc9d2] INFO  - [HiveMQ Platform Operator Init App 1.7.0-SNAPSHOT] Starting Pod reconciler
2025-01-30 18:18:56,318 INFO c.h.h.t.HelmChartContainer - [test-hivemq-platform] [hivemq] [091cc9d2] INFO  - [HiveMQ Platform Operator Init App 1.7.0-SNAPSHOT] Pod reconciler is scheduled (interval: 5000 ms)
2025-01-30 18:18:56,319 INFO c.h.h.t.HelmChartContainer - [test-hivemq-platform] [hivemq] [091cc9d2] INFO  - [HiveMQ Platform Operator Init App 1.7.0-SNAPSHOT] Starting the REST API on 10.42.0.13:7979
2025-01-30 18:18:56,321 INFO c.h.h.t.HelmChartContainer - [test-hivemq-platform] [hivemq] [091cc9d2] INFO  - [HiveMQ Platform Operator Init App 1.7.0-SNAPSHOT] Waiting up to 600s for at most 1 HiveMQ nodes in cluster service hivemq-test-hivemq-platform-cluster.helmmqttit.svc
2025-01-30 18:18:56,690 INFO c.h.h.t.HelmChartContainer - [test-hivemq-platform] [hivemq] [091cc9d2] INFO  - [HiveMQ Platform Operator Init App 1.7.0-SNAPSHOT] Resolved 1 IP addresses: [10.42.0.13]
2025-01-30 18:18:56,691 INFO c.h.h.t.HelmChartContainer - [test-hivemq-platform] [hivemq] [091cc9d2] INFO  - [HiveMQ Platform Operator Init App 1.7.0-SNAPSHOT] HiveMQ node count of 1 is within threshold of 1
2025-01-30 18:18:56,691 INFO c.h.h.t.HelmChartContainer - [test-hivemq-platform] [hivemq] [091cc9d2] INFO  - [HiveMQ Platform Operator Init App 1.7.0-SNAPSHOT] Proceeding with container start
2025-01-30 18:18:56,782 INFO c.h.h.t.HelmChartContainer - [test-hivemq-platform] [hivemq] [091cc9d2] INFO  - [HiveMQ Platform Operator Init App 1.7.0-SNAPSHOT] Initializing HiveMQ Platform extensions with initial configuration: {hivemq-allow-all-extension={start-priority=-1, skip-https-hostname-verification=false, restart=true, config-version=0, header-version=0, c-uri=, priority=-1, uri=preinstalled, skip-https-certificate-validation=false, enabled=true}, hivemq-prometheus-extension={restart=true, enabled=true, request-header-path=no-request-headers, uri=preinstalled, skip-https-certificate-validation=false, skip-https-hostname-verification=false, c-uri=, start-priority=-1, priority=-1}}
2025-01-30 18:18:57,214 INFO c.h.h.t.HelmChartContainer - [test-hivemq-platform] [hivemq] [091cc9d2] INFO  - [HiveMQ Platform Operator Init App 1.7.0-SNAPSHOT] Extension hivemq-allow-all-extension was already enabled
2025-01-30 18:18:57,282 INFO c.h.h.t.HelmChartContainer - [test-hivemq-platform] [hivemq] [091cc9d2] INFO  - [HiveMQ Platform Operator Init App 1.7.0-SNAPSHOT] Successfully enabled extension hivemq-prometheus-extension
2025-01-30 18:18:57,285 INFO c.h.h.t.HelmChartContainer - [test-hivemq-platform] [hivemq] [091cc9d2] INFO  - [HiveMQ Platform Operator Init App 1.7.0-SNAPSHOT] Starting HiveMQ Platform version 4.36.0 (4.36.0)
2025-01-30 18:18:57,285 INFO c.h.h.t.HelmChartContainer - [test-hivemq-platform] [hivemq] [091cc9d2] INFO  - [HiveMQ Platform Operator Init App 1.7.0-SNAPSHOT] Configuring the HiveMQ Platform
2025-01-30 18:18:57,314 INFO c.h.h.t.HelmChartContainer - [test-hivemq-platform] [hivemq] [091cc9d2] INFO  - [HiveMQ Platform Operator Init App 1.7.0-SNAPSHOT] Changed logback.xml file scan period to 20 seconds
2025-01-30 18:18:57,387 INFO c.h.h.t.HelmChartContainer - [test-hivemq-platform] [hivemq] [091cc9d2] INFO  - [HiveMQ Platform Operator Init App 1.7.0-SNAPSHOT] Starting the HiveMQ Platform
2025-01-30 18:18:57,410 INFO c.h.h.t.HelmChartContainer - [test-hivemq-platform] [hivemq] [091cc9d2] -------------------------------------------------------------------------
2025-01-30 18:18:57,410 INFO c.h.h.t.HelmChartContainer - [test-hivemq-platform] [hivemq] [091cc9d2] 
2025-01-30 18:18:57,410 INFO c.h.h.t.HelmChartContainer - [test-hivemq-platform] [hivemq] [091cc9d2]                   _    _  _              __  __   ____
2025-01-30 18:18:57,410 INFO c.h.h.t.HelmChartContainer - [test-hivemq-platform] [hivemq] [091cc9d2]                  | |  | |(_)            |  \/  | / __ \
2025-01-30 18:18:57,410 INFO c.h.h.t.HelmChartContainer - [test-hivemq-platform] [hivemq] [091cc9d2]                  | |__| | _ __   __ ___ | \  / || |  | |
2025-01-30 18:18:57,410 INFO c.h.h.t.HelmChartContainer - [test-hivemq-platform] [hivemq] [091cc9d2]                  |  __  || |\ \ / // _ \| |\/| || |  | |
2025-01-30 18:18:57,411 INFO c.h.h.t.HelmChartContainer - [test-hivemq-platform] [hivemq] [091cc9d2]                  | |  | || | \ V /|  __/| |  | || |__| |
2025-01-30 18:18:57,411 INFO c.h.h.t.HelmChartContainer - [test-hivemq-platform] [hivemq] [091cc9d2]                  |_|  |_||_|  \_/  \___||_|  |_| \___\_\
2025-01-30 18:18:57,411 INFO c.h.h.t.HelmChartContainer - [test-hivemq-platform] [hivemq] [091cc9d2] 
2025-01-30 18:18:57,411 INFO c.h.h.t.HelmChartContainer - [test-hivemq-platform] [hivemq] [091cc9d2] -------------------------------------------------------------------------
2025-01-30 18:18:57,411 INFO c.h.h.t.HelmChartContainer - [test-hivemq-platform] [hivemq] [091cc9d2] 
2025-01-30 18:18:57,411 INFO c.h.h.t.HelmChartContainer - [test-hivemq-platform] [hivemq] [091cc9d2]   HiveMQ Start Script for Linux/Unix v1.14
2025-01-30 18:18:57,411 INFO c.h.h.t.HelmChartContainer - [test-hivemq-platform] [hivemq] [091cc9d2] 
2025-01-30 18:18:57,494 INFO c.h.h.t.HelmChartContainer - [test-hivemq-platform] [hivemq] [091cc9d2] -------------------------------------------------------------------------
2025-01-30 18:18:57,494 INFO c.h.h.t.HelmChartContainer - [test-hivemq-platform] [hivemq] [091cc9d2] 
2025-01-30 18:18:57,494 INFO c.h.h.t.HelmChartContainer - [test-hivemq-platform] [hivemq] [091cc9d2]   HIVEMQ_HOME: /opt/hivemq
2025-01-30 18:18:57,494 INFO c.h.h.t.HelmChartContainer - [test-hivemq-platform] [hivemq] [091cc9d2] 
2025-01-30 18:18:57,494 INFO c.h.h.t.HelmChartContainer - [test-hivemq-platform] [hivemq] [091cc9d2]   JAVA_OPTS: -XX:+UnlockExperimentalVMOptions -XX:InitialRAMPercentage=50 -XX:MaxRAMPercentage=50 -Djava.net.preferIPv4Stack=true --add-opens java.base/java.lang=ALL-UNNAMED --add-opens java.base/java.nio=ALL-UNNAMED --add-opens java.base/sun.nio.ch=ALL-UNNAMED --add-opens jdk.management/com.sun.management.internal=ALL-UNNAMED --add-exports java.base/jdk.internal.misc=ALL-UNNAMED -Djava.security.egd=file:/dev/./urandom -Dcom.sun.management.jmxremote -Dcom.sun.management.jmxremote.port=9010 -Dcom.sun.management.jmxremote.local.only=false -Dcom.sun.management.jmxremote.authenticate=false -Dcom.sun.management.jmxremote.ssl=false -Duser.language=en -Duser.region=US -XX:+CrashOnOutOfMemoryError -XX:+HeapDumpOnOutOfMemoryError
2025-01-30 18:18:57,494 INFO c.h.h.t.HelmChartContainer - [test-hivemq-platform] [hivemq] [091cc9d2] 
2025-01-30 18:18:57,494 INFO c.h.h.t.HelmChartContainer - [test-hivemq-platform] [hivemq] [091cc9d2]   JAVA_VERSION: 21
2025-01-30 18:18:57,494 INFO c.h.h.t.HelmChartContainer - [test-hivemq-platform] [hivemq] [091cc9d2] 
2025-01-30 18:18:57,494 INFO c.h.h.t.HelmChartContainer - [test-hivemq-platform] [hivemq] [091cc9d2] -------------------------------------------------------------------------
2025-01-30 18:18:57,495 INFO c.h.h.t.HelmChartContainer - [test-hivemq-platform] [hivemq] [091cc9d2] 
2025-01-30 18:18:58,779 INFO c.h.h.t.HelmChartContainer - [test-hivemq-platform] [hivemq] [091cc9d2] INFO  - [HiveMQ Platform Operator Init App 1.7.0-SNAPSHOT] Returning default Health API response 503 for readiness
2025-01-30 18:18:59,187 INFO c.h.h.t.HelmChartContainer - [EVENT] Warning [Unhealthy] Readiness probe failed: HTTP probe failed with statuscode: 503 [helmmqttit:test-hivemq-platform-0]
2025-01-30 18:18:59,187 INFO c.h.h.t.HelmChartContainer - Received Unhealthy event for container hivemq in pod test-hivemq-platform-0 [091cc9d2-543d-4a14-af9a-814d45c434fc]
2025-01-30 18:19:00,089 INFO c.h.h.t.HelmChartContainer - [test-hivemq-platform] [hivemq] [091cc9d2] INFO  - Starting HiveMQ Enterprise Server
2025-01-30 18:19:00,111 INFO c.h.h.t.HelmChartContainer - [test-hivemq-platform] [hivemq] [091cc9d2] INFO  - HiveMQ version: 4.36.0
2025-01-30 18:19:00,111 INFO c.h.h.t.HelmChartContainer - [test-hivemq-platform] [hivemq] [091cc9d2] INFO  - HiveMQ home directory: /opt/hivemq
2025-01-30 18:19:00,112 INFO c.h.h.t.HelmChartContainer - [test-hivemq-platform] [hivemq] [091cc9d2] INFO  - Log Configuration was overridden by /opt/hivemq/conf/logback.xml
2025-01-30 18:19:01,295 INFO c.h.h.t.HelmChartContainer - [test-hivemq-platform] [hivemq] [091cc9d2] INFO  - Successfully loaded configuration from '/opt/hivemq/conf-k8s/config.xml'.
2025-01-30 18:19:02,180 INFO c.h.h.t.HelmChartContainer - [test-hivemq-platform] [hivemq] [091cc9d2] INFO  - This node's ID is iMVKY
2025-01-30 18:19:02,180 INFO c.h.h.t.HelmChartContainer - [test-hivemq-platform] [hivemq] [091cc9d2] INFO  - Clustering is enabled
2025-01-30 18:19:02,744 INFO c.h.h.t.HelmChartContainer - [hivemq-test-hivemq-platform] [hivemq-platform-operator] [7d37f848] 18:19:02.742 [pool-6-thread-5] DEBUG c.h.p.o.d.PlatformServiceResource - [helmmqtt] Desired Platform services (2 services)
2025-01-30 18:19:02,746 INFO c.h.h.t.HelmChartContainer - [hivemq-test-hivemq-platform] [hivemq-platform-operator] [7d37f848] 18:19:02.744 [pool-6-thread-6] DEBUG c.h.p.o.dependants.PodInfoConfigMap - [helmmqtt] Desired PodInfo ConfigMap (1 extensions) (1 enabled)
2025-01-30 18:19:02,746 INFO c.h.h.t.HelmChartContainer - [hivemq-test-hivemq-platform] [hivemq-platform-operator] [7d37f848] 18:19:02.744 [pool-6-thread-6] DEBUG c.h.p.o.dependants.PodInfoConfigMap - [helmmqtt] Desired PodInfo ConfigMap (metrics port: 9399) (metrics path: /)
2025-01-30 18:19:02,746 INFO c.h.h.t.HelmChartContainer - [hivemq-test-hivemq-platform] [hivemq-platform-operator] [7d37f848] 18:19:02.744 [pool-6-thread-6] DEBUG c.h.p.o.dependants.PodInfoConfigMap - [helmmqtt] Desired PodInfo ConfigMap (extension state hash: -1817474005)
2025-01-30 18:19:02,746 INFO c.h.h.t.HelmChartContainer - [hivemq-test-hivemq-platform] [hivemq-platform-operator] [7d37f848] 18:19:02.745 [pool-6-thread-4] DEBUG c.h.p.o.d.PodServiceAccountResource - [helmmqtt] Desired PodServiceAccountResource (serviceAccountName: hivemq-platform-pod-test-hivemq-platform)
2025-01-30 18:19:02,752 INFO c.h.h.t.HelmChartContainer - [hivemq-test-hivemq-platform] [hivemq-platform-operator] [7d37f848] 18:19:02.751 [pool-6-thread-4] DEBUG c.h.p.o.d.StatefulSetResource - [helmmqtt] Desired StatefulSet (1 replicas) for status STARTING (READY)
2025-01-30 18:19:02,755 INFO c.h.h.t.HelmChartContainer - [hivemq-test-hivemq-platform] [hivemq-platform-operator] [7d37f848] 18:19:02.755 [ReconcilerExecutor-hivemq-controller-108] INFO  c.h.p.o.HiveMQPlatformReconciler - [helmmqtt] Reconciling HiveMQ Platform 'test-hivemq-platform' in namespace 'helmmqttit'
2025-01-30 18:19:02,756 INFO c.h.h.t.HelmChartContainer - [hivemq-test-hivemq-platform] [hivemq-platform-operator] [7d37f848] 18:19:02.755 [ReconcilerExecutor-hivemq-controller-108] DEBUG c.h.p.o.HiveMQPlatformReconciler - [helmmqtt] Custom Resource Status STARTING - HiveMQ Platform is starting (READY)
2025-01-30 18:19:02,757 INFO c.h.h.t.HelmChartContainer - [hivemq-test-hivemq-platform] [hivemq-platform-operator] [7d37f848] 18:19:02.755 [ReconcilerExecutor-hivemq-controller-108] DEBUG c.h.p.o.HiveMQPlatformReconciler - [helmmqtt] Custom Resource Spec (replicas: 1) (extensions: 1)
2025-01-30 18:19:02,758 INFO c.h.h.t.HelmChartContainer - [hivemq-test-hivemq-platform] [hivemq-platform-operator] [7d37f848] 18:19:02.757 [ReconcilerExecutor-hivemq-controller-108] DEBUG c.h.p.o.HiveMQPlatformReconciler - [helmmqtt] StatefulSet Status (revision: test-hivemq-platform-7bbc5894fb, replicas: 1, available: 0, ready: 0, current: 1, updated: 1)
2025-01-30 18:19:02,758 INFO c.h.h.t.HelmChartContainer - [hivemq-test-hivemq-platform] [hivemq-platform-operator] [7d37f848] 18:19:02.757 [ReconcilerExecutor-hivemq-controller-108] DEBUG c.h.p.o.HiveMQPlatformReconciler - [helmmqtt] StatefulSet Spec (replicas: 1, init containers: 1, containers: 1, volumes: 3)
2025-01-30 18:19:02,826 INFO c.h.h.t.HelmChartContainer - [hivemq-test-hivemq-platform] [hivemq-platform-operator] [7d37f848] 18:19:02.824 [ReconcilerExecutor-hivemq-controller-108] DEBUG c.h.p.o.h.HiveMQPlatformReconcilerErrorHandler - [helmmqtt] Pod 'test-hivemq-platform-0' phase Running
2025-01-30 18:19:02,827 INFO c.h.h.t.HelmChartContainer - [hivemq-test-hivemq-platform] [hivemq-platform-operator] [7d37f848] 18:19:02.826 [ReconcilerExecutor-hivemq-controller-108] INFO  c.h.p.o.h.HiveMQPlatformReconcilerBaseHandler - [helmmqtt] HiveMQ Platform is starting, 0 of 1 replicas are ready
2025-01-30 18:19:04,184 INFO c.h.h.t.HelmChartContainer - [test-hivemq-platform] [hivemq] [091cc9d2] WARN  - [HiveMQ Platform Operator Init App 1.7.0-SNAPSHOT] Cannot connect to Health API for readiness: null
2025-01-30 18:19:04,190 INFO c.h.h.t.HelmChartContainer - [EVENT] Warning [Unhealthy] Readiness probe failed: HTTP probe failed with statuscode: 503 [helmmqttit:test-hivemq-platform-0]
2025-01-30 18:19:04,191 INFO c.h.h.t.HelmChartContainer - Received Unhealthy event for container hivemq in pod test-hivemq-platform-0 [091cc9d2-543d-4a14-af9a-814d45c434fc]
2025-01-30 18:19:06,612 INFO c.h.h.t.HelmChartContainer - [test-hivemq-platform] [hivemq] [091cc9d2] Jan 30, 2025 6:19:06 PM io.vertx.core.impl.BlockedThreadChecker
2025-01-30 18:19:06,612 INFO c.h.h.t.HelmChartContainer - [test-hivemq-platform] [hivemq] [091cc9d2] WARNING: Thread Thread[vert.x-eventloop-thread-1,5,main] has been blocked for 2298 ms, time limit is 2000 ms
2025-01-30 18:19:07,280 INFO c.h.h.t.HelmChartContainer - [test-hivemq-platform] [hivemq] [091cc9d2] INFO  - [HiveMQ Platform Operator Init App 1.7.0-SNAPSHOT] Updating Pod HiveMQ Platform Operator Init App version annotation (version: 1.7.0-SNAPSHOT)
2025-01-30 18:19:07,894 INFO c.h.h.t.HelmChartContainer - [POD] test-hivemq-platform-0 [091cc9d2-543d-4a14-af9a-814d45c434fc] in helmmqttit was MODIFIED
2025-01-30 18:19:07,901 INFO c.h.h.t.HelmChartContainer - [hivemq-test-hivemq-platform] [hivemq-platform-operator] [7d37f848] 18:19:07.900 [pool-6-thread-14] DEBUG c.h.p.o.d.PlatformServiceResource - [helmmqtt] Desired Platform services (2 services)
2025-01-30 18:19:07,903 INFO c.h.h.t.HelmChartContainer - [hivemq-test-hivemq-platform] [hivemq-platform-operator] [7d37f848] 18:19:07.901 [pool-6-thread-11] DEBUG c.h.p.o.dependants.PodInfoConfigMap - [helmmqtt] Desired PodInfo ConfigMap (1 extensions) (1 enabled)
2025-01-30 18:19:07,903 INFO c.h.h.t.HelmChartContainer - [hivemq-test-hivemq-platform] [hivemq-platform-operator] [7d37f848] 18:19:07.901 [pool-6-thread-11] DEBUG c.h.p.o.dependants.PodInfoConfigMap - [helmmqtt] Desired PodInfo ConfigMap (metrics port: 9399) (metrics path: /)
2025-01-30 18:19:07,903 INFO c.h.h.t.HelmChartContainer - [hivemq-test-hivemq-platform] [hivemq-platform-operator] [7d37f848] 18:19:07.901 [pool-6-thread-11] DEBUG c.h.p.o.dependants.PodInfoConfigMap - [helmmqtt] Desired PodInfo ConfigMap (extension state hash: -1817474005)
2025-01-30 18:19:07,904 INFO c.h.h.t.HelmChartContainer - [hivemq-test-hivemq-platform] [hivemq-platform-operator] [7d37f848] 18:19:07.903 [pool-6-thread-18] DEBUG c.h.p.o.d.PodServiceAccountResource - [helmmqtt] Desired PodServiceAccountResource (serviceAccountName: hivemq-platform-pod-test-hivemq-platform)
2025-01-30 18:19:07,908 INFO c.h.h.t.HelmChartContainer - [hivemq-test-hivemq-platform] [hivemq-platform-operator] [7d37f848] 18:19:07.907 [pool-6-thread-14] DEBUG c.h.p.o.d.StatefulSetResource - [helmmqtt] Desired StatefulSet (1 replicas) for status STARTING (READY)
2025-01-30 18:19:07,914 INFO c.h.h.t.HelmChartContainer - [hivemq-test-hivemq-platform] [hivemq-platform-operator] [7d37f848] 18:19:07.912 [ReconcilerExecutor-hivemq-controller-109] INFO  c.h.p.o.HiveMQPlatformReconciler - [helmmqtt] Reconciling HiveMQ Platform 'test-hivemq-platform' in namespace 'helmmqttit'
2025-01-30 18:19:07,914 INFO c.h.h.t.HelmChartContainer - [hivemq-test-hivemq-platform] [hivemq-platform-operator] [7d37f848] 18:19:07.913 [ReconcilerExecutor-hivemq-controller-109] DEBUG c.h.p.o.HiveMQPlatformReconciler - [helmmqtt] Custom Resource Status STARTING - HiveMQ Platform is starting (READY)
2025-01-30 18:19:07,914 INFO c.h.h.t.HelmChartContainer - [hivemq-test-hivemq-platform] [hivemq-platform-operator] [7d37f848] 18:19:07.913 [ReconcilerExecutor-hivemq-controller-109] DEBUG c.h.p.o.HiveMQPlatformReconciler - [helmmqtt] Custom Resource Spec (replicas: 1) (extensions: 1)
2025-01-30 18:19:07,914 INFO c.h.h.t.HelmChartContainer - [hivemq-test-hivemq-platform] [hivemq-platform-operator] [7d37f848] 18:19:07.914 [ReconcilerExecutor-hivemq-controller-109] DEBUG c.h.p.o.HiveMQPlatformReconciler - [helmmqtt] StatefulSet Status (revision: test-hivemq-platform-7bbc5894fb, replicas: 1, available: 0, ready: 0, current: 1, updated: 1)
2025-01-30 18:19:07,915 INFO c.h.h.t.HelmChartContainer - [hivemq-test-hivemq-platform] [hivemq-platform-operator] [7d37f848] 18:19:07.914 [ReconcilerExecutor-hivemq-controller-109] DEBUG c.h.p.o.HiveMQPlatformReconciler - [helmmqtt] StatefulSet Spec (replicas: 1, init containers: 1, containers: 1, volumes: 3)
2025-01-30 18:19:07,926 INFO c.h.h.t.HelmChartContainer - [hivemq-test-hivemq-platform] [hivemq-platform-operator] [7d37f848] 18:19:07.925 [ReconcilerExecutor-hivemq-controller-109] DEBUG c.h.p.o.h.HiveMQPlatformReconcilerErrorHandler - [helmmqtt] Pod 'test-hivemq-platform-0' phase Running
2025-01-30 18:19:07,927 INFO c.h.h.t.HelmChartContainer - [hivemq-test-hivemq-platform] [hivemq-platform-operator] [7d37f848] 18:19:07.926 [ReconcilerExecutor-hivemq-controller-109] INFO  c.h.p.o.h.HiveMQPlatformReconcilerBaseHandler - [helmmqtt] HiveMQ Platform is starting, 0 of 1 replicas are ready
2025-01-30 18:19:07,987 INFO c.h.h.t.HelmChartContainer - [test-hivemq-platform] [hivemq] [091cc9d2] WARN  - [HiveMQ Platform Operator Init App 1.7.0-SNAPSHOT] Cannot connect to Health API for readiness: null
2025-01-30 18:19:07,988 INFO c.h.h.t.HelmChartContainer - [test-hivemq-platform] [hivemq] [091cc9d2] INFO  - [HiveMQ Platform Operator Init App 1.7.0-SNAPSHOT] Successfully updated Pod HiveMQ Platform Operator Init App version annotation (version: 1.7.0-SNAPSHOT)
2025-01-30 18:19:07,992 INFO c.h.h.t.HelmChartContainer - [EVENT] Warning [Unhealthy] Readiness probe failed: HTTP probe failed with statuscode: 503 [helmmqttit:test-hivemq-platform-0]
2025-01-30 18:19:07,992 INFO c.h.h.t.HelmChartContainer - Received Unhealthy event for container hivemq in pod test-hivemq-platform-0 [091cc9d2-543d-4a14-af9a-814d45c434fc]
2025-01-30 18:19:12,981 INFO c.h.h.t.HelmChartContainer - [test-hivemq-platform] [hivemq] [091cc9d2] WARN  - [HiveMQ Platform Operator Init App 1.7.0-SNAPSHOT] Cannot connect to Health API for readiness: null
2025-01-30 18:19:12,985 INFO c.h.h.t.HelmChartContainer - [EVENT] Warning [Unhealthy] Readiness probe failed: HTTP probe failed with statuscode: 503 [helmmqttit:test-hivemq-platform-0]
2025-01-30 18:19:12,986 INFO c.h.h.t.HelmChartContainer - Received Unhealthy event for container hivemq in pod test-hivemq-platform-0 [091cc9d2-543d-4a14-af9a-814d45c434fc]
2025-01-30 18:19:17,933 INFO c.h.h.t.HelmChartContainer - [hivemq-test-hivemq-platform] [hivemq-platform-operator] [7d37f848] 18:19:17.930 [pool-6-thread-26] DEBUG c.h.p.o.d.PlatformServiceResource - [helmmqtt] Desired Platform services (2 services)
2025-01-30 18:19:17,933 INFO c.h.h.t.HelmChartContainer - [hivemq-test-hivemq-platform] [hivemq-platform-operator] [7d37f848] 18:19:17.930 [pool-6-thread-27] DEBUG c.h.p.o.dependants.PodInfoConfigMap - [helmmqtt] Desired PodInfo ConfigMap (1 extensions) (1 enabled)
2025-01-30 18:19:17,933 INFO c.h.h.t.HelmChartContainer - [hivemq-test-hivemq-platform] [hivemq-platform-operator] [7d37f848] 18:19:17.930 [pool-6-thread-27] DEBUG c.h.p.o.dependants.PodInfoConfigMap - [helmmqtt] Desired PodInfo ConfigMap (metrics port: 9399) (metrics path: /)
2025-01-30 18:19:17,933 INFO c.h.h.t.HelmChartContainer - [hivemq-test-hivemq-platform] [hivemq-platform-operator] [7d37f848] 18:19:17.931 [pool-6-thread-27] DEBUG c.h.p.o.dependants.PodInfoConfigMap - [helmmqtt] Desired PodInfo ConfigMap (extension state hash: -1817474005)
2025-01-30 18:19:17,933 INFO c.h.h.t.HelmChartContainer - [hivemq-test-hivemq-platform] [hivemq-platform-operator] [7d37f848] 18:19:17.932 [pool-6-thread-27] DEBUG c.h.p.o.d.PodServiceAccountResource - [helmmqtt] Desired PodServiceAccountResource (serviceAccountName: hivemq-platform-pod-test-hivemq-platform)
2025-01-30 18:19:17,937 INFO c.h.h.t.HelmChartContainer - [hivemq-test-hivemq-platform] [hivemq-platform-operator] [7d37f848] 18:19:17.936 [pool-6-thread-28] DEBUG c.h.p.o.d.StatefulSetResource - [helmmqtt] Desired StatefulSet (1 replicas) for status STARTING (READY)
2025-01-30 18:19:17,941 INFO c.h.h.t.HelmChartContainer - [hivemq-test-hivemq-platform] [hivemq-platform-operator] [7d37f848] 18:19:17.940 [ReconcilerExecutor-hivemq-controller-110] INFO  c.h.p.o.HiveMQPlatformReconciler - [helmmqtt] Reconciling HiveMQ Platform 'test-hivemq-platform' in namespace 'helmmqttit'
2025-01-30 18:19:17,941 INFO c.h.h.t.HelmChartContainer - [hivemq-test-hivemq-platform] [hivemq-platform-operator] [7d37f848] 18:19:17.940 [ReconcilerExecutor-hivemq-controller-110] DEBUG c.h.p.o.HiveMQPlatformReconciler - [helmmqtt] Custom Resource Status STARTING - HiveMQ Platform is starting (READY)
2025-01-30 18:19:17,942 INFO c.h.h.t.HelmChartContainer - [hivemq-test-hivemq-platform] [hivemq-platform-operator] [7d37f848] 18:19:17.940 [ReconcilerExecutor-hivemq-controller-110] DEBUG c.h.p.o.HiveMQPlatformReconciler - [helmmqtt] Custom Resource Spec (replicas: 1) (extensions: 1)
2025-01-30 18:19:17,943 INFO c.h.h.t.HelmChartContainer - [hivemq-test-hivemq-platform] [hivemq-platform-operator] [7d37f848] 18:19:17.942 [ReconcilerExecutor-hivemq-controller-110] DEBUG c.h.p.o.HiveMQPlatformReconciler - [helmmqtt] StatefulSet Status (revision: test-hivemq-platform-7bbc5894fb, replicas: 1, available: 0, ready: 0, current: 1, updated: 1)
2025-01-30 18:19:17,944 INFO c.h.h.t.HelmChartContainer - [hivemq-test-hivemq-platform] [hivemq-platform-operator] [7d37f848] 18:19:17.942 [ReconcilerExecutor-hivemq-controller-110] DEBUG c.h.p.o.HiveMQPlatformReconciler - [helmmqtt] StatefulSet Spec (replicas: 1, init containers: 1, containers: 1, volumes: 3)
2025-01-30 18:19:17,944 INFO c.h.h.t.HelmChartContainer - [hivemq-test-hivemq-platform] [hivemq-platform-operator] [7d37f848] 18:19:17.943 [ReconcilerExecutor-hivemq-controller-110] DEBUG c.h.p.o.h.HiveMQPlatformReconcilerErrorHandler - [helmmqtt] Pod 'test-hivemq-platform-0' phase Running
2025-01-30 18:19:17,945 INFO c.h.h.t.HelmChartContainer - [hivemq-test-hivemq-platform] [hivemq-platform-operator] [7d37f848] 18:19:17.944 [ReconcilerExecutor-hivemq-controller-110] INFO  c.h.p.o.h.HiveMQPlatformReconcilerBaseHandler - [helmmqtt] HiveMQ Platform is starting, 0 of 1 replicas are ready
2025-01-30 18:19:17,982 INFO c.h.h.t.HelmChartContainer - [test-hivemq-platform] [hivemq] [091cc9d2] WARN  - [HiveMQ Platform Operator Init App 1.7.0-SNAPSHOT] Cannot connect to Health API for readiness: null
2025-01-30 18:19:17,991 INFO c.h.h.t.HelmChartContainer - [EVENT] Warning [Unhealthy] Readiness probe failed: HTTP probe failed with statuscode: 503 [helmmqttit:test-hivemq-platform-0]
2025-01-30 18:19:17,991 INFO c.h.h.t.HelmChartContainer - Received Unhealthy event for container hivemq in pod test-hivemq-platform-0 [091cc9d2-543d-4a14-af9a-814d45c434fc]
2025-01-30 18:19:19,016 INFO c.h.h.t.HelmChartContainer - [test-hivemq-platform] [hivemq] [091cc9d2] INFO  - No valid license file found. Using trial license, restricted to 25 connections.
2025-01-30 18:19:19,482 INFO c.h.h.t.HelmChartContainer - [test-hivemq-platform] [hivemq] [091cc9d2] WARN  - [HiveMQ Platform Operator Init App 1.7.0-SNAPSHOT] Cannot connect to Health API for liveness: null
2025-01-30 18:19:19,483 INFO c.h.h.t.HelmChartContainer - [test-hivemq-platform] [hivemq] [091cc9d2] INFO  - [HiveMQ Platform Operator Init App 1.7.0-SNAPSHOT] Returning default Health API response 200 for liveness
2025-01-30 18:19:22,490 INFO c.h.h.t.HelmChartContainer - [test-hivemq-platform] [hivemq] [091cc9d2] INFO  - No valid license file for Data Hub found. Using free license, restricted to 1 policy.
2025-01-30 18:19:22,982 INFO c.h.h.t.HelmChartContainer - [test-hivemq-platform] [hivemq] [091cc9d2] WARN  - [HiveMQ Platform Operator Init App 1.7.0-SNAPSHOT] Cannot connect to Health API for readiness: null
2025-01-30 18:19:22,997 INFO c.h.h.t.HelmChartContainer - [EVENT] Warning [Unhealthy] Readiness probe failed: HTTP probe failed with statuscode: 503 [helmmqttit:test-hivemq-platform-0]
2025-01-30 18:19:22,997 INFO c.h.h.t.HelmChartContainer - Received Unhealthy event for container hivemq in pod test-hivemq-platform-0 [091cc9d2-543d-4a14-af9a-814d45c434fc]
2025-01-30 18:19:23,716 INFO c.h.h.t.HelmChartContainer - [test-hivemq-platform] [hivemq] [091cc9d2] INFO  - Audit Logger started.
2025-01-30 18:19:23,992 INFO c.h.h.t.HelmChartContainer - [test-hivemq-platform] [hivemq] [091cc9d2] INFO  - This node uses '1' CPU cores.
2025-01-30 18:19:23,997 INFO c.h.h.t.HelmChartContainer - [test-hivemq-platform] [hivemq] [091cc9d2] INFO  - Starting HiveMQ Health API on address 0.0.0.0 and port 8889
2025-01-30 18:19:24,812 INFO c.h.h.t.HelmChartContainer - [test-hivemq-platform] [hivemq] [091cc9d2] INFO  - Started HiveMQ Health API in 815ms
2025-01-30 18:19:25,681 INFO c.h.h.t.HelmChartContainer - [test-hivemq-platform] [hivemq] [091cc9d2] INFO  - Starting HiveMQ extension system.
2025-01-30 18:19:25,980 INFO c.h.h.t.HelmChartContainer - [test-hivemq-platform] [hivemq] [091cc9d2] INFO  - Starting extension with id "hivemq-dns-cluster-discovery" at /opt/hivemq/extensions/hivemq-dns-cluster-discovery
2025-01-30 18:19:26,486 INFO c.h.h.t.HelmChartContainer - [test-hivemq-platform] [hivemq] [091cc9d2] INFO  - Extension "DNS Cluster Discovery Extension" version 4.3.2 started successfully.
2025-01-30 18:19:26,486 INFO c.h.h.t.HelmChartContainer - [test-hivemq-platform] [hivemq] [091cc9d2] INFO  - Starting extension with id "hivemq-prometheus-extension" at /opt/hivemq/extensions/hivemq-prometheus-extension
2025-01-30 18:19:26,487 INFO c.h.h.t.HelmChartContainer - [test-hivemq-platform] [hivemq] [091cc9d2] INFO  - Using TCP cluster transport on address 10.42.0.13 and port 7000
2025-01-30 18:19:26,585 INFO c.h.h.t.HelmChartContainer - [test-hivemq-platform] [hivemq] [091cc9d2] INFO  - Using extension cluster discovery
2025-01-30 18:19:27,483 INFO c.h.h.t.HelmChartContainer - [test-hivemq-platform] [hivemq] [091cc9d2] INFO  - Started Jetty Server exposing Prometheus Servlet on URI http://0.0.0.0:9399/
2025-01-30 18:19:27,483 INFO c.h.h.t.HelmChartContainer - [test-hivemq-platform] [hivemq] [091cc9d2] INFO  - Extension "Prometheus Monitoring Extension" version 4.0.12 started successfully.
2025-01-30 18:19:27,483 INFO c.h.h.t.HelmChartContainer - [test-hivemq-platform] [hivemq] [091cc9d2] INFO  - Starting extension with id "hivemq-allow-all-extension" at /opt/hivemq/extensions/hivemq-allow-all-extension
2025-01-30 18:19:27,484 INFO c.h.h.t.HelmChartContainer - [test-hivemq-platform] [hivemq] [091cc9d2] WARN  - 
2025-01-30 18:19:27,484 INFO c.h.h.t.HelmChartContainer - [test-hivemq-platform] [hivemq] [091cc9d2] ################################################################################################################
2025-01-30 18:19:27,484 INFO c.h.h.t.HelmChartContainer - [test-hivemq-platform] [hivemq] [091cc9d2] # This HiveMQ deployment is not secure! You are lacking Authentication and Authorization.                      #
2025-01-30 18:19:27,484 INFO c.h.h.t.HelmChartContainer - [test-hivemq-platform] [hivemq] [091cc9d2] # Right now any MQTT client can connect to the broker with a full set of permissions.                          #
2025-01-30 18:19:27,484 INFO c.h.h.t.HelmChartContainer - [test-hivemq-platform] [hivemq] [091cc9d2] # For production usage, add an appropriate security extension and remove the hivemq-allow-all extension.       #
2025-01-30 18:19:27,484 INFO c.h.h.t.HelmChartContainer - [test-hivemq-platform] [hivemq] [091cc9d2] # You can download security extensions from the HiveMQ Marketplace (https://www.hivemq.com/extensions/).       #
2025-01-30 18:19:27,484 INFO c.h.h.t.HelmChartContainer - [test-hivemq-platform] [hivemq] [091cc9d2] ################################################################################################################
2025-01-30 18:19:27,484 INFO c.h.h.t.HelmChartContainer - [test-hivemq-platform] [hivemq] [091cc9d2] INFO  - Extension "Allow All Extension" version 1.1.1 started successfully.
2025-01-30 18:19:27,950 INFO c.h.h.t.HelmChartContainer - [hivemq-test-hivemq-platform] [hivemq-platform-operator] [7d37f848] 18:19:27.947 [pool-6-thread-36] DEBUG c.h.p.o.d.PlatformServiceResource - [helmmqtt] Desired Platform services (2 services)
2025-01-30 18:19:27,951 INFO c.h.h.t.HelmChartContainer - [hivemq-test-hivemq-platform] [hivemq-platform-operator] [7d37f848] 18:19:27.949 [pool-6-thread-38] DEBUG c.h.p.o.dependants.PodInfoConfigMap - [helmmqtt] Desired PodInfo ConfigMap (1 extensions) (1 enabled)
2025-01-30 18:19:27,951 INFO c.h.h.t.HelmChartContainer - [hivemq-test-hivemq-platform] [hivemq-platform-operator] [7d37f848] 18:19:27.949 [pool-6-thread-38] DEBUG c.h.p.o.dependants.PodInfoConfigMap - [helmmqtt] Desired PodInfo ConfigMap (metrics port: 9399) (metrics path: /)
2025-01-30 18:19:27,951 INFO c.h.h.t.HelmChartContainer - [hivemq-test-hivemq-platform] [hivemq-platform-operator] [7d37f848] 18:19:27.949 [pool-6-thread-38] DEBUG c.h.p.o.dependants.PodInfoConfigMap - [helmmqtt] Desired PodInfo ConfigMap (extension state hash: -1817474005)
2025-01-30 18:19:27,951 INFO c.h.h.t.HelmChartContainer - [hivemq-test-hivemq-platform] [hivemq-platform-operator] [7d37f848] 18:19:27.950 [pool-6-thread-32] DEBUG c.h.p.o.d.PodServiceAccountResource - [helmmqtt] Desired PodServiceAccountResource (serviceAccountName: hivemq-platform-pod-test-hivemq-platform)
2025-01-30 18:19:27,954 INFO c.h.h.t.HelmChartContainer - [hivemq-test-hivemq-platform] [hivemq-platform-operator] [7d37f848] 18:19:27.953 [pool-6-thread-36] DEBUG c.h.p.o.d.StatefulSetResource - [helmmqtt] Desired StatefulSet (1 replicas) for status STARTING (READY)
2025-01-30 18:19:27,958 INFO c.h.h.t.HelmChartContainer - [hivemq-test-hivemq-platform] [hivemq-platform-operator] [7d37f848] 18:19:27.957 [ReconcilerExecutor-hivemq-controller-111] INFO  c.h.p.o.HiveMQPlatformReconciler - [helmmqtt] Reconciling HiveMQ Platform 'test-hivemq-platform' in namespace 'helmmqttit'
2025-01-30 18:19:27,958 INFO c.h.h.t.HelmChartContainer - [hivemq-test-hivemq-platform] [hivemq-platform-operator] [7d37f848] 18:19:27.957 [ReconcilerExecutor-hivemq-controller-111] DEBUG c.h.p.o.HiveMQPlatformReconciler - [helmmqtt] Custom Resource Status STARTING - HiveMQ Platform is starting (READY)
2025-01-30 18:19:27,961 INFO c.h.h.t.HelmChartContainer - [hivemq-test-hivemq-platform] [hivemq-platform-operator] [7d37f848] 18:19:27.957 [ReconcilerExecutor-hivemq-controller-111] DEBUG c.h.p.o.HiveMQPlatformReconciler - [helmmqtt] Custom Resource Spec (replicas: 1) (extensions: 1)
2025-01-30 18:19:27,961 INFO c.h.h.t.HelmChartContainer - [hivemq-test-hivemq-platform] [hivemq-platform-operator] [7d37f848] 18:19:27.959 [ReconcilerExecutor-hivemq-controller-111] DEBUG c.h.p.o.HiveMQPlatformReconciler - [helmmqtt] StatefulSet Status (revision: test-hivemq-platform-7bbc5894fb, replicas: 1, available: 0, ready: 0, current: 1, updated: 1)
2025-01-30 18:19:27,961 INFO c.h.h.t.HelmChartContainer - [hivemq-test-hivemq-platform] [hivemq-platform-operator] [7d37f848] 18:19:27.959 [ReconcilerExecutor-hivemq-controller-111] DEBUG c.h.p.o.HiveMQPlatformReconciler - [helmmqtt] StatefulSet Spec (replicas: 1, init containers: 1, containers: 1, volumes: 3)
2025-01-30 18:19:27,962 INFO c.h.h.t.HelmChartContainer - [hivemq-test-hivemq-platform] [hivemq-platform-operator] [7d37f848] 18:19:27.960 [ReconcilerExecutor-hivemq-controller-111] DEBUG c.h.p.o.h.HiveMQPlatformReconcilerErrorHandler - [helmmqtt] Pod 'test-hivemq-platform-0' phase Running
2025-01-30 18:19:27,963 INFO c.h.h.t.HelmChartContainer - [hivemq-test-hivemq-platform] [hivemq-platform-operator] [7d37f848] 18:19:27.961 [ReconcilerExecutor-hivemq-controller-111] INFO  c.h.p.o.h.HiveMQPlatformReconcilerBaseHandler - [helmmqtt] HiveMQ Platform is starting, 0 of 1 replicas are ready
2025-01-30 18:19:28,384 INFO c.h.h.t.HelmChartContainer - [test-hivemq-platform] [hivemq] [091cc9d2] INFO  - [HiveMQ Platform Operator Init App 1.7.0-SNAPSHOT] Returning Health API response 503 for readiness
2025-01-30 18:19:28,389 INFO c.h.h.t.HelmChartContainer - [EVENT] Warning [Unhealthy] Readiness probe failed: HTTP probe failed with statuscode: 503 [helmmqttit:test-hivemq-platform-0]
2025-01-30 18:19:28,389 INFO c.h.h.t.HelmChartContainer - Received Unhealthy event for container hivemq in pod test-hivemq-platform-0 [091cc9d2-543d-4a14-af9a-814d45c434fc]
2025-01-30 18:19:29,511 INFO c.h.h.t.HelmChartContainer - [test-hivemq-platform] [hivemq] [091cc9d2] INFO  - iMVKY: no members discovered after 2198 ms: creating cluster as first member
2025-01-30 18:19:29,517 INFO c.h.h.t.HelmChartContainer - [test-hivemq-platform] [hivemq] [091cc9d2] INFO  - Cluster nodes found by discovery: [iMVKY|0] (1) [iMVKY].
2025-01-30 18:19:29,614 INFO c.h.h.t.HelmChartContainer - [test-hivemq-platform] [hivemq] [091cc9d2] WARN  - No user for HiveMQ Control Center configured. Starting with default user
2025-01-30 18:19:29,616 INFO c.h.h.t.HelmChartContainer - [test-hivemq-platform] [hivemq] [091cc9d2] INFO  - Starting HiveMQ Control Center on address 127.0.0.1 and port 8080
2025-01-30 18:19:29,616 INFO c.h.h.t.HelmChartContainer - [test-hivemq-platform] [hivemq] [091cc9d2] INFO  - Mounting HiveMQ Control Center V2 Preview
2025-01-30 18:19:30,225 INFO c.h.h.t.HelmChartContainer - [test-hivemq-platform] [hivemq] [091cc9d2] INFO  - Started HiveMQ Control Center in 610ms
2025-01-30 18:19:30,319 INFO c.h.h.t.HelmChartContainer - [test-hivemq-platform] [hivemq] [091cc9d2] INFO  - Starting TCP listener on address 0.0.0.0 and port 1884
2025-01-30 18:19:30,411 INFO c.h.h.t.HelmChartContainer - [test-hivemq-platform] [hivemq] [091cc9d2] INFO  - Started TCP Listener on address 0.0.0.0 and on port 1884.
2025-01-30 18:19:30,411 INFO c.h.h.t.HelmChartContainer - [test-hivemq-platform] [hivemq] [091cc9d2] INFO  - Started HiveMQ in 30620ms
2025-01-30 18:19:32,901 INFO c.h.h.t.HelmChartContainer - [test-hivemq-platform] [hivemq] [091cc9d2] INFO  - [HiveMQ Platform Operator Init App 1.7.0-SNAPSHOT] Returning Health API response 200 for readiness
2025-01-30 18:19:32,913 INFO c.h.h.t.HelmChartContainer - [POD] test-hivemq-platform-0 [091cc9d2-543d-4a14-af9a-814d45c434fc] in helmmqttit was MODIFIED
2025-01-30 18:19:32,925 INFO c.h.h.t.HelmChartContainer - [hivemq-test-hivemq-platform] [hivemq-platform-operator] [7d37f848] 18:19:32.921 [pool-6-thread-45] DEBUG c.h.p.o.d.PodServiceAccountResource - [helmmqtt] Desired PodServiceAccountResource (serviceAccountName: hivemq-platform-pod-test-hivemq-platform)
2025-01-30 18:19:32,925 INFO c.h.h.t.HelmChartContainer - [hivemq-test-hivemq-platform] [hivemq-platform-operator] [7d37f848] 18:19:32.922 [pool-6-thread-47] DEBUG c.h.p.o.dependants.PodInfoConfigMap - [helmmqtt] Desired PodInfo ConfigMap (1 extensions) (1 enabled)
2025-01-30 18:19:32,925 INFO c.h.h.t.HelmChartContainer - [hivemq-test-hivemq-platform] [hivemq-platform-operator] [7d37f848] 18:19:32.922 [pool-6-thread-48] DEBUG c.h.p.o.d.PlatformServiceResource - [helmmqtt] Desired Platform services (2 services)
2025-01-30 18:19:32,925 INFO c.h.h.t.HelmChartContainer - [hivemq-test-hivemq-platform] [hivemq-platform-operator] [7d37f848] 18:19:32.923 [pool-6-thread-47] DEBUG c.h.p.o.dependants.PodInfoConfigMap - [helmmqtt] Desired PodInfo ConfigMap (metrics port: 9399) (metrics path: /)
2025-01-30 18:19:32,927 INFO c.h.h.t.HelmChartContainer - [hivemq-test-hivemq-platform] [hivemq-platform-operator] [7d37f848] 18:19:32.924 [pool-6-thread-47] DEBUG c.h.p.o.dependants.PodInfoConfigMap - [helmmqtt] Desired PodInfo ConfigMap (extension state hash: -1817474005)
2025-01-30 18:19:32,935 INFO c.h.h.t.HelmChartContainer - [hivemq-test-hivemq-platform] [hivemq-platform-operator] [7d37f848] 18:19:32.934 [pool-6-thread-48] DEBUG c.h.p.o.d.StatefulSetResource - [helmmqtt] Desired StatefulSet (1 replicas) for status STARTING (READY)
2025-01-30 18:19:32,943 INFO c.h.h.t.HelmChartContainer - [hivemq-test-hivemq-platform] [hivemq-platform-operator] [7d37f848] 18:19:32.942 [ReconcilerExecutor-hivemq-controller-112] INFO  c.h.p.o.HiveMQPlatformReconciler - [helmmqtt] Reconciling HiveMQ Platform 'test-hivemq-platform' in namespace 'helmmqttit'
2025-01-30 18:19:32,943 INFO c.h.h.t.HelmChartContainer - [hivemq-test-hivemq-platform] [hivemq-platform-operator] [7d37f848] 18:19:32.942 [ReconcilerExecutor-hivemq-controller-112] DEBUG c.h.p.o.HiveMQPlatformReconciler - [helmmqtt] Custom Resource Status STARTING - HiveMQ Platform is starting (READY)
2025-01-30 18:19:32,944 INFO c.h.h.t.HelmChartContainer - [hivemq-test-hivemq-platform] [hivemq-platform-operator] [7d37f848] 18:19:32.942 [ReconcilerExecutor-hivemq-controller-112] DEBUG c.h.p.o.HiveMQPlatformReconciler - [helmmqtt] Custom Resource Spec (replicas: 1) (extensions: 1)
2025-01-30 18:19:32,944 INFO c.h.h.t.HelmChartContainer - [hivemq-test-hivemq-platform] [hivemq-platform-operator] [7d37f848] 18:19:32.943 [ReconcilerExecutor-hivemq-controller-112] DEBUG c.h.p.o.HiveMQPlatformReconciler - [helmmqtt] StatefulSet Status (revision: test-hivemq-platform-7bbc5894fb, replicas: 1, available: 1, ready: 1, current: 1, updated: 1)
2025-01-30 18:19:32,945 INFO c.h.h.t.HelmChartContainer - [hivemq-test-hivemq-platform] [hivemq-platform-operator] [7d37f848] 18:19:32.944 [ReconcilerExecutor-hivemq-controller-112] DEBUG c.h.p.o.HiveMQPlatformReconciler - [helmmqtt] StatefulSet Spec (replicas: 1, init containers: 1, containers: 1, volumes: 3)
2025-01-30 18:19:32,946 INFO c.h.h.t.HelmChartContainer - [hivemq-test-hivemq-platform] [hivemq-platform-operator] [7d37f848] 18:19:32.945 [ReconcilerExecutor-hivemq-controller-112] DEBUG c.h.p.o.h.HiveMQPlatformReconcilerErrorHandler - [helmmqtt] Pod 'test-hivemq-platform-0' phase Running
2025-01-30 18:19:32,947 INFO c.h.h.t.HelmChartContainer - [hivemq-test-hivemq-platform] [hivemq-platform-operator] [7d37f848] 18:19:32.946 [ReconcilerExecutor-hivemq-controller-112] INFO  c.h.p.o.h.HiveMQPlatformReconcilerBaseHandler - [helmmqtt] HiveMQ Platform started successfully
2025-01-30 18:19:33,039 INFO c.h.h.t.HelmChartContainer - [hivemq-test-hivemq-platform] [hivemq-platform-operator] [7d37f848] 18:19:33.038 [ReconcilerExecutor-hivemq-controller-112] DEBUG c.h.p.operator.event.EventSender - [helmmqtt] Creating K8s event hivemq-platform-ready: [Ready] HiveMQ Platform is ready
2025-01-30 18:19:33,043 INFO c.h.h.t.HelmChartContainer - [EVENT] Normal [Ready] HiveMQ Platform is ready [helmmqttit:test-hivemq-platform]
2025-01-30 18:19:33,044 INFO c.h.h.t.HelmChartContainer - [hivemq-test-hivemq-platform] [hivemq-platform-operator] [7d37f848] 18:19:33.043 [ReconcilerExecutor-hivemq-controller-112] INFO  c.h.p.o.h.AbstractHiveMQReconcilerStateHandler - [helmmqtt] Update HiveMQ Platform Status (STARTING [READY] -> RUNNING [READY]): HiveMQ Platform is ready
2025-01-30 18:19:33,052 DEBUG com.hivemq.helmcharts.util.K8sUtil - Comparing actual state 'RUNNING' and waiting for 'RUNNING'
2025-01-30 18:19:33,129 INFO c.h.h.t.HelmChartContainer - [hivemq-test-hivemq-platform] [hivemq-platform-operator] [7d37f848] 18:19:33.128 [pool-6-thread-2] DEBUG c.h.p.o.d.PlatformServiceResource - [helmmqtt] Desired Platform services (2 services)
2025-01-30 18:19:33,130 INFO c.h.h.t.HelmChartContainer - [hivemq-test-hivemq-platform] [hivemq-platform-operator] [7d37f848] 18:19:33.129 [pool-6-thread-9] DEBUG c.h.p.o.dependants.PodInfoConfigMap - [helmmqtt] Desired PodInfo ConfigMap (1 extensions) (1 enabled)
2025-01-30 18:19:33,130 INFO c.h.h.t.HelmChartContainer - [hivemq-test-hivemq-platform] [hivemq-platform-operator] [7d37f848] 18:19:33.129 [pool-6-thread-9] DEBUG c.h.p.o.dependants.PodInfoConfigMap - [helmmqtt] Desired PodInfo ConfigMap (metrics port: 9399) (metrics path: /)
2025-01-30 18:19:33,130 INFO c.h.h.t.HelmChartContainer - [hivemq-test-hivemq-platform] [hivemq-platform-operator] [7d37f848] 18:19:33.129 [pool-6-thread-9] DEBUG c.h.p.o.dependants.PodInfoConfigMap - [helmmqtt] Desired PodInfo ConfigMap (extension state hash: -1817474005)
2025-01-30 18:19:33,130 INFO c.h.h.t.HelmChartContainer - [hivemq-test-hivemq-platform] [hivemq-platform-operator] [7d37f848] 18:19:33.129 [pool-6-thread-9] DEBUG c.h.p.o.dependants.PodInfoConfigMap - [helmmqtt] Update PodInfo ConfigMap
2025-01-30 18:19:33,131 INFO c.h.h.t.HelmChartContainer - [hivemq-test-hivemq-platform] [hivemq-platform-operator] [7d37f848] 18:19:33.130 [pool-6-thread-3] DEBUG c.h.p.o.d.PodServiceAccountResource - [helmmqtt] Desired PodServiceAccountResource (serviceAccountName: hivemq-platform-pod-test-hivemq-platform)
2025-01-30 18:19:33,142 INFO c.h.h.t.HelmChartContainer - [hivemq-test-hivemq-platform] [hivemq-platform-operator] [7d37f848] 18:19:33.141 [pool-6-thread-9] DEBUG c.h.p.o.d.StatefulSetResource - [helmmqtt] Desired StatefulSet (1 replicas) for status RUNNING (READY)
2025-01-30 18:19:33,225 INFO c.h.h.t.HelmChartContainer - [hivemq-test-hivemq-platform] [hivemq-platform-operator] [7d37f848] 18:19:33.225 [ReconcilerExecutor-hivemq-controller-113] INFO  c.h.p.o.HiveMQPlatformReconciler - [helmmqtt] Reconciling HiveMQ Platform 'test-hivemq-platform' in namespace 'helmmqttit'
2025-01-30 18:19:33,227 INFO c.h.h.t.HelmChartContainer - [hivemq-test-hivemq-platform] [hivemq-platform-operator] [7d37f848] 18:19:33.225 [ReconcilerExecutor-hivemq-controller-113] DEBUG c.h.p.o.HiveMQPlatformReconciler - [helmmqtt] Custom Resource Status RUNNING - HiveMQ Platform is ready (READY)
2025-01-30 18:19:33,227 INFO c.h.h.t.HelmChartContainer - [hivemq-test-hivemq-platform] [hivemq-platform-operator] [7d37f848] 18:19:33.225 [ReconcilerExecutor-hivemq-controller-113] DEBUG c.h.p.o.HiveMQPlatformReconciler - [helmmqtt] Custom Resource Spec (replicas: 1) (extensions: 1)
2025-01-30 18:19:33,228 INFO c.h.h.t.HelmChartContainer - [hivemq-test-hivemq-platform] [hivemq-platform-operator] [7d37f848] 18:19:33.227 [ReconcilerExecutor-hivemq-controller-113] DEBUG c.h.p.o.HiveMQPlatformReconciler - [helmmqtt] StatefulSet Status (revision: test-hivemq-platform-7bbc5894fb, replicas: 1, available: 1, ready: 1, current: 1, updated: 1)
2025-01-30 18:19:33,228 INFO c.h.h.t.HelmChartContainer - [hivemq-test-hivemq-platform] [hivemq-platform-operator] [7d37f848] 18:19:33.227 [ReconcilerExecutor-hivemq-controller-113] DEBUG c.h.p.o.HiveMQPlatformReconciler - [helmmqtt] StatefulSet Spec (replicas: 1, init containers: 1, containers: 1, volumes: 3)
2025-01-30 18:19:33,229 INFO c.h.h.t.HelmChartContainer - [hivemq-test-hivemq-platform] [hivemq-platform-operator] [7d37f848] 18:19:33.228 [ReconcilerExecutor-hivemq-controller-113] DEBUG c.h.p.o.h.HiveMQPlatformReconcilerErrorHandler - [helmmqtt] Pod 'test-hivemq-platform-0' phase Running
2025-01-30 18:19:38,049 INFO c.h.h.t.HelmChartContainer - Uninstalling release 'test-hivemq-platform' in namespace 'helmmqttit'...
2025-01-30 18:19:38,049 DEBUG c.h.h.t.HelmChartContainer - Executing helm command: /bin/helm --kubeconfig /etc/rancher/k3s/k3s.yaml uninstall test-hivemq-platform  --wait --timeout 5m0s --cascade foreground --namespace helmmqttit
2025-01-30 18:19:38,226 INFO c.h.h.t.HelmChartContainer - [hivemq-test-hivemq-platform] [hivemq-platform-operator] [7d37f848] 18:19:38.223 [pool-6-thread-13] DEBUG c.h.p.o.d.PlatformServiceResource - [helmmqtt] Desired Platform services (2 services)
2025-01-30 18:19:38,229 INFO c.h.h.t.HelmChartContainer - [hivemq-test-hivemq-platform] [hivemq-platform-operator] [7d37f848] 18:19:38.225 [pool-6-thread-15] DEBUG c.h.p.o.d.PodServiceAccountResource - [helmmqtt] Desired PodServiceAccountResource (serviceAccountName: hivemq-platform-pod-test-hivemq-platform)
2025-01-30 18:19:38,230 INFO c.h.h.t.HelmChartContainer - [hivemq-test-hivemq-platform] [hivemq-platform-operator] [7d37f848] 18:19:38.225 [pool-6-thread-19] DEBUG c.h.p.o.dependants.PodInfoConfigMap - [helmmqtt] Desired PodInfo ConfigMap (1 extensions) (1 enabled)
2025-01-30 18:19:38,230 INFO c.h.h.t.HelmChartContainer - [hivemq-test-hivemq-platform] [hivemq-platform-operator] [7d37f848] 18:19:38.226 [pool-6-thread-19] DEBUG c.h.p.o.dependants.PodInfoConfigMap - [helmmqtt] Desired PodInfo ConfigMap (metrics port: 9399) (metrics path: /)
2025-01-30 18:19:38,230 INFO c.h.h.t.HelmChartContainer - [hivemq-test-hivemq-platform] [hivemq-platform-operator] [7d37f848] 18:19:38.226 [pool-6-thread-19] DEBUG c.h.p.o.dependants.PodInfoConfigMap - [helmmqtt] Desired PodInfo ConfigMap (extension state hash: -1817474005)
2025-01-30 18:19:38,242 INFO c.h.h.t.HelmChartContainer - [hivemq-test-hivemq-platform] [hivemq-platform-operator] [7d37f848] 18:19:38.238 [pool-6-thread-13] DEBUG c.h.p.o.d.StatefulSetResource - [helmmqtt] Desired StatefulSet (1 replicas) for status RUNNING (READY)
2025-01-30 18:19:38,244 INFO c.h.h.t.HelmChartContainer - [hivemq-test-hivemq-platform] [hivemq-platform-operator] [7d37f848] 18:19:38.242 [ReconcilerExecutor-hivemq-controller-114] INFO  c.h.p.o.HiveMQPlatformReconciler - [helmmqtt] Reconciling HiveMQ Platform 'test-hivemq-platform' in namespace 'helmmqttit'
2025-01-30 18:19:38,244 INFO c.h.h.t.HelmChartContainer - [hivemq-test-hivemq-platform] [hivemq-platform-operator] [7d37f848] 18:19:38.242 [ReconcilerExecutor-hivemq-controller-114] DEBUG c.h.p.o.HiveMQPlatformReconciler - [helmmqtt] Custom Resource Status RUNNING - HiveMQ Platform is ready (READY)
2025-01-30 18:19:38,244 INFO c.h.h.t.HelmChartContainer - [hivemq-test-hivemq-platform] [hivemq-platform-operator] [7d37f848] 18:19:38.242 [ReconcilerExecutor-hivemq-controller-114] DEBUG c.h.p.o.HiveMQPlatformReconciler - [helmmqtt] Custom Resource Spec (replicas: 1) (extensions: 1)
2025-01-30 18:19:38,258 INFO c.h.h.t.HelmChartContainer - [hivemq-test-hivemq-platform] [hivemq-platform-operator] [7d37f848] 18:19:38.243 [ReconcilerExecutor-hivemq-controller-114] DEBUG c.h.p.o.HiveMQPlatformReconciler - [helmmqtt] StatefulSet Status (revision: test-hivemq-platform-7bbc5894fb, replicas: 1, available: 1, ready: 1, current: 1, updated: 1)
2025-01-30 18:19:38,258 INFO c.h.h.t.HelmChartContainer - [hivemq-test-hivemq-platform] [hivemq-platform-operator] [7d37f848] 18:19:38.243 [ReconcilerExecutor-hivemq-controller-114] DEBUG c.h.p.o.HiveMQPlatformReconciler - [helmmqtt] StatefulSet Spec (replicas: 1, init containers: 1, containers: 1, volumes: 3)
2025-01-30 18:19:38,258 INFO c.h.h.t.HelmChartContainer - [hivemq-test-hivemq-platform] [hivemq-platform-operator] [7d37f848] 18:19:38.244 [ReconcilerExecutor-hivemq-controller-114] DEBUG c.h.p.o.h.HiveMQPlatformReconcilerErrorHandler - [helmmqtt] Pod 'test-hivemq-platform-0' phase Running
2025-01-30 18:19:38,258 INFO c.h.h.t.HelmChartContainer - [hivemq-test-hivemq-platform] [hivemq-platform-operator] [7d37f848] 18:19:38.248 [ReconcilerExecutor-hivemq-controller-115] INFO  c.h.p.o.HiveMQPlatformReconciler - [helmmqtt] Cleanup test-hivemq-platform - helmmqttit HiveMQ Platform is shut down
2025-01-30 18:19:38,322 INFO c.h.h.t.HelmChartContainer - [K3S] [authentication.go:74] "Unable to authenticate the request" err="[invalid bearer token, serviceaccounts \"hivemq-platform-pod-test-hivemq-platform\" not found]"
2025-01-30 18:19:38,350 INFO c.h.h.t.HelmChartContainer - [K3S] [authentication.go:74] "Unable to authenticate the request" err="[invalid bearer token, serviceaccounts \"hivemq-platform-pod-test-hivemq-platform\" not found]"
2025-01-30 18:19:38,419 INFO c.h.h.t.HelmChartContainer - [test-hivemq-platform] [hivemq] [091cc9d2] WARN  - [HiveMQ Platform Operator Init App 1.7.0-SNAPSHOT] Could not update Pod annotations: Failure executing: GET at: https://10.43.0.1:443/api/v1/namespaces/helmmqttit/pods/test-hivemq-platform-0. Message: Unauthorized. Received status: Status(apiVersion=v1, code=401, details=null, kind=Status, message=Unauthorized, metadata=ListMeta(_continue=null, remainingItemCount=null, resourceVersion=null, selfLink=null, additionalProperties={}), reason=Unauthorized, status=Failure, additionalProperties={}).
2025-01-30 18:19:38,750 INFO c.h.h.t.HelmChartContainer - [K3S] [stateful_set.go:466] "StatefulSet has been deleted" key="helmmqttit/test-hivemq-platform"
2025-01-30 18:19:39,030 INFO c.h.h.t.HelmChartContainer - [POD] test-hivemq-platform-0 [091cc9d2-543d-4a14-af9a-814d45c434fc] in helmmqttit was MODIFIED
2025-01-30 18:19:39,032 INFO c.h.h.t.HelmChartContainer - [EVENT] Normal [Killing] Stopping container hivemq [helmmqttit:test-hivemq-platform-0]
2025-01-30 18:19:39,033 INFO c.h.h.t.HelmChartContainer - Received Killing event for container hivemq in pod test-hivemq-platform-0 [091cc9d2-543d-4a14-af9a-814d45c434fc]
2025-01-30 18:19:39,033 INFO c.h.h.t.HelmChartContainer - Container [test-hivemq-platform-0] [hivemq] [091cc9d2-543d-4a14-af9a-814d45c434fc] was terminated
2025-01-30 18:19:39,033 INFO c.h.h.t.HelmChartContainer - Stopped log watcher for hivemq in pod test-hivemq-platform-0 [091cc9d2-543d-4a14-af9a-814d45c434fc]
2025-01-30 18:19:39,036 INFO c.h.h.t.HelmChartContainer - [test-hivemq-platform] [hivemq] [091cc9d2] INFO  - [HiveMQ Platform Operator Init App 1.7.0-SNAPSHOT] Shutting down
2025-01-30 18:19:39,037 INFO c.h.h.t.HelmChartContainer - [test-hivemq-platform] [hivemq] [091cc9d2] INFO  - [HiveMQ Platform Operator Init App 1.7.0-SNAPSHOT] Stopping the HiveMQ Platform
2025-01-30 18:19:39,121 INFO c.h.h.t.HelmChartContainer - [test-hivemq-platform] [hivemq] [091cc9d2] INFO  - Shutting down HiveMQ. Please wait, this could take a while...
2025-01-30 18:19:39,126 INFO c.h.h.t.HelmChartContainer - [test-hivemq-platform] [hivemq] [091cc9d2] INFO  - Shutting down listeners and clients
2025-01-30 18:19:39,179 INFO c.h.h.t.HelmChartContainer - [test-hivemq-platform] [hivemq] [091cc9d2] INFO  - Shutdown of listeners is done
2025-01-30 18:19:39,179 INFO c.h.h.t.HelmChartContainer - [test-hivemq-platform] [hivemq] [091cc9d2] INFO  - No clients are connected, proceeding with shutdown
2025-01-30 18:19:40,277 INFO c.h.h.t.HelmChartContainer - Deleting namespace 'helmmqttit'...
2025-01-30 18:19:41,717 INFO c.h.h.t.HelmChartContainer - [test-hivemq-platform] [hivemq] [091cc9d2] INFO  - Shutting down extension system
2025-01-30 18:19:41,719 INFO c.h.h.t.HelmChartContainer - [test-hivemq-platform] [hivemq] [091cc9d2] INFO  - Stopping extension with id hivemq-dns-cluster-discovery
2025-01-30 18:19:41,719 INFO c.h.h.t.HelmChartContainer - [test-hivemq-platform] [hivemq] [091cc9d2] INFO  - Extension "DNS Cluster Discovery Extension" version 4.3.2 stopped successfully.
2025-01-30 18:19:41,720 INFO c.h.h.t.HelmChartContainer - [test-hivemq-platform] [hivemq] [091cc9d2] INFO  - Stopping extension with id hivemq-prometheus-extension
2025-01-30 18:19:41,724 INFO c.h.h.t.HelmChartContainer - [test-hivemq-platform] [hivemq] [091cc9d2] INFO  - Extension "Prometheus Monitoring Extension" version 4.0.12 stopped successfully.
2025-01-30 18:19:41,724 INFO c.h.h.t.HelmChartContainer - [test-hivemq-platform] [hivemq] [091cc9d2] INFO  - Stopping extension with id hivemq-allow-all-extension
2025-01-30 18:19:41,724 INFO c.h.h.t.HelmChartContainer - [test-hivemq-platform] [hivemq] [091cc9d2] INFO  - Extension "Allow All Extension" version 1.1.1 stopped successfully.
2025-01-30 18:19:42,897 INFO c.h.h.t.HelmChartContainer - [test-hivemq-platform] [hivemq] [091cc9d2] INFO  - [HiveMQ Platform Operator Init App 1.7.0-SNAPSHOT] Returning shutdown Health API response 503 for readiness
2025-01-30 18:19:42,901 INFO c.h.h.t.HelmChartContainer - [EVENT] Warning [Unhealthy] Readiness probe failed: HTTP probe failed with statuscode: 503 [helmmqttit:test-hivemq-platform-0]
2025-01-30 18:19:42,901 INFO c.h.h.t.HelmChartContainer - Received Unhealthy event for container hivemq in pod test-hivemq-platform-0 [091cc9d2-543d-4a14-af9a-814d45c434fc]
2025-01-30 18:19:43,423 INFO c.h.h.t.HelmChartContainer - [K3S] [authentication.go:74] "Unable to authenticate the request" err="[invalid bearer token, serviceaccounts \"hivemq-platform-pod-test-hivemq-platform\" not found]"
2025-01-30 18:19:43,439 INFO c.h.h.t.HelmChartContainer - [K3S] [authentication.go:74] "Unable to authenticate the request" err="[invalid bearer token, serviceaccounts \"hivemq-platform-pod-test-hivemq-platform\" not found]"
2025-01-30 18:19:43,441 INFO c.h.h.t.HelmChartContainer - [test-hivemq-platform] [hivemq] [091cc9d2] WARN  - [HiveMQ Platform Operator Init App 1.7.0-SNAPSHOT] Could not update Pod annotations: Failure executing: GET at: https://10.43.0.1:443/api/v1/namespaces/helmmqttit/pods/test-hivemq-platform-0. Message: Unauthorized. Received status: Status(apiVersion=v1, code=401, details=null, kind=Status, message=Unauthorized, metadata=ListMeta(_continue=null, remainingItemCount=null, resourceVersion=null, selfLink=null, additionalProperties={}), reason=Unauthorized, status=Failure, additionalProperties={}).
2025-01-30 18:19:44,316 INFO c.h.h.t.HelmChartContainer - [test-hivemq-platform] [hivemq] [091cc9d2] INFO  - Shutdown completed.
2025-01-30 18:19:44,736 INFO c.h.h.t.HelmChartContainer - [test-hivemq-platform] [hivemq] [091cc9d2] INFO  - [HiveMQ Platform Operator Init App 1.7.0-SNAPSHOT] The HiveMQ Platform exited with code 143
2025-01-30 18:19:44,736 INFO c.h.h.t.HelmChartContainer - [test-hivemq-platform] [hivemq] [091cc9d2] INFO  - [HiveMQ Platform Operator Init App 1.7.0-SNAPSHOT] Stopping the REST API
2025-01-30 18:19:44,741 INFO c.h.h.t.HelmChartContainer - [test-hivemq-platform] [hivemq] [091cc9d2] INFO  - [HiveMQ Platform Operator Init App 1.7.0-SNAPSHOT] Shutdown complete
2025-01-30 18:19:45,270 INFO c.h.h.t.HelmChartContainer - [POD] test-hivemq-platform-0 [091cc9d2-543d-4a14-af9a-814d45c434fc] in helmmqttit was MODIFIED
2025-01-30 18:19:45,363 INFO c.h.h.t.HelmChartContainer - [K3S] [reconciler_common.go:162] "operationExecutor.UnmountVolume started for volume \"pod-info\" (UniqueName: \"kubernetes.io/configmap/091cc9d2-543d-4a14-af9a-814d45c434fc-pod-info\") pod \"091cc9d2-543d-4a14-af9a-814d45c434fc\" (UID: \"091cc9d2-543d-4a14-af9a-814d45c434fc\") "
2025-01-30 18:19:45,363 INFO c.h.h.t.HelmChartContainer - [K3S] [reconciler_common.go:162] "operationExecutor.UnmountVolume started for volume \"operator-init\" (UniqueName: \"kubernetes.io/empty-dir/091cc9d2-543d-4a14-af9a-814d45c434fc-operator-init\") pod \"091cc9d2-543d-4a14-af9a-814d45c434fc\" (UID: \"091cc9d2-543d-4a14-af9a-814d45c434fc\") "
2025-01-30 18:19:45,363 INFO c.h.h.t.HelmChartContainer - [K3S] [reconciler_common.go:162] "operationExecutor.UnmountVolume started for volume \"broker-configuration\" (UniqueName: \"kubernetes.io/configmap/091cc9d2-543d-4a14-af9a-814d45c434fc-broker-configuration\") pod \"091cc9d2-543d-4a14-af9a-814d45c434fc\" (UID: \"091cc9d2-543d-4a14-af9a-814d45c434fc\") "
2025-01-30 18:19:45,364 INFO c.h.h.t.HelmChartContainer - [K3S] [reconciler_common.go:162] "operationExecutor.UnmountVolume started for volume \"kube-api-access-fjsmx\" (UniqueName: \"kubernetes.io/projected/091cc9d2-543d-4a14-af9a-814d45c434fc-kube-api-access-fjsmx\") pod \"091cc9d2-543d-4a14-af9a-814d45c434fc\" (UID: \"091cc9d2-543d-4a14-af9a-814d45c434fc\") "
2025-01-30 18:19:45,419 INFO c.h.h.t.HelmChartContainer - [K3S] [namespace_controller.go:164] "Unhandled Error" err="deletion of namespace helmmqttit failed: unexpected items still remain in namespace: helmmqttit for gvr: /v1, Resource=pods"
2025-01-30 18:19:45,463 INFO c.h.h.t.HelmChartContainer - [K3S] [reconciler_common.go:299] "Volume detached for volume \"operator-init\" (UniqueName: \"kubernetes.io/empty-dir/091cc9d2-543d-4a14-af9a-814d45c434fc-operator-init\") on node \"0019a1e396a2\" DevicePath \"\""
2025-01-30 18:19:45,463 INFO c.h.h.t.HelmChartContainer - [K3S] [reconciler_common.go:299] "Volume detached for volume \"broker-configuration\" (UniqueName: \"kubernetes.io/configmap/091cc9d2-543d-4a14-af9a-814d45c434fc-broker-configuration\") on node \"0019a1e396a2\" DevicePath \"\""
2025-01-30 18:19:45,463 INFO c.h.h.t.HelmChartContainer - [K3S] [reconciler_common.go:299] "Volume detached for volume \"kube-api-access-fjsmx\" (UniqueName: \"kubernetes.io/projected/091cc9d2-543d-4a14-af9a-814d45c434fc-kube-api-access-fjsmx\") on node \"0019a1e396a2\" DevicePath \"\""
2025-01-30 18:19:45,463 INFO c.h.h.t.HelmChartContainer - [K3S] [reconciler_common.go:299] "Volume detached for volume \"pod-info\" (UniqueName: \"kubernetes.io/configmap/091cc9d2-543d-4a14-af9a-814d45c434fc-pod-info\") on node \"0019a1e396a2\" DevicePath \"\""
2025-01-30 18:19:45,603 INFO c.h.h.t.HelmChartContainer - [K3S] [namespace_controller.go:164] "Unhandled Error" err="deletion of namespace helmmqttit failed: unexpected items still remain in namespace: helmmqttit for gvr: /v1, Resource=pods"
2025-01-30 18:19:45,700 INFO c.h.h.t.HelmChartContainer - [K3S] [namespace_controller.go:164] "Unhandled Error" err="deletion of namespace helmmqttit failed: unexpected items still remain in namespace: helmmqttit for gvr: /v1, Resource=pods"
2025-01-30 18:19:45,763 INFO c.h.h.t.HelmChartContainer - [K3S] [scope.go:117] "RemoveContainer" containerID="eb820604a0972cae270f1568704cba78bb8e293df81ad3bdc29df70fe0474ef8"
2025-01-30 18:19:45,781 INFO c.h.h.t.HelmChartContainer - [POD] test-hivemq-platform-0 [091cc9d2-543d-4a14-af9a-814d45c434fc] in helmmqttit was MODIFIED
2025-01-30 18:19:45,794 INFO c.h.h.t.HelmChartContainer - [POD] test-hivemq-platform-0 [091cc9d2-543d-4a14-af9a-814d45c434fc] in helmmqttit was DELETED
2025-01-30 18:19:45,847 INFO c.h.h.t.HelmChartContainer - [K3S] [namespace_controller.go:164] "Unhandled Error" err="deletion of namespace helmmqttit failed: unexpected items still remain in namespace: helmmqttit for gvr: /v1, Resource=pods"
2025-01-30 18:19:45,884 INFO c.h.h.t.HelmChartContainer - [K3S] [scope.go:117] "RemoveContainer" containerID="ed9a5f8ff2f2d56e7c9c9e95c52d19ccfb523d5884fd64f514e4c3cf4b806dcb"
2025-01-30 18:19:45,887 INFO c.h.h.t.HelmChartContainer - [K3S] [scope.go:117] "RemoveContainer" containerID="eb820604a0972cae270f1568704cba78bb8e293df81ad3bdc29df70fe0474ef8"
2025-01-30 18:19:45,887 INFO c.h.h.t.HelmChartContainer - [K3S] [scope.go:117] "RemoveContainer" containerID="ed9a5f8ff2f2d56e7c9c9e95c52d19ccfb523d5884fd64f514e4c3cf4b806dcb"
2025-01-30 18:19:45,997 INFO c.h.h.t.HelmChartContainer - Namespace 'helmmqttit' deleted
2025-01-30 18:19:45,997 INFO c.h.h.t.HelmChartContainer - Release 'test-hivemq-platform' in namespace 'helmmqttit' is uninstalled
2025-01-30 18:19:45,997 INFO c.h.h.t.HelmChartContainer - Uninstalling release 'test-hivemq-platform-operator' in namespace 'helmmqttit-operator'...
2025-01-30 18:19:45,997 DEBUG c.h.h.t.HelmChartContainer - Executing helm command: /bin/helm --kubeconfig /etc/rancher/k3s/k3s.yaml uninstall test-hivemq-platform-operator  --wait --timeout 5m0s --cascade foreground --namespace helmmqttit-operator
2025-01-30 18:19:46,129 INFO c.h.h.t.HelmChartContainer - [K3S] [kubelet_volumes.go:163] "Cleaned up orphaned pod volumes dir" podUID="091cc9d2-543d-4a14-af9a-814d45c434fc" path="/var/lib/kubelet/pods/091cc9d2-543d-4a14-af9a-814d45c434fc/volumes"
2025-01-30 18:19:46,175 INFO c.h.h.t.HelmChartContainer - [K3S] [replica_set.go:679] "Finished syncing" kind="ReplicaSet" key="helmmqttit-operator/hivemq-test-hivemq-platform-operator-6966f96d65" duration="9.398281ms"
2025-01-30 18:19:46,175 INFO c.h.h.t.HelmChartContainer - [K3S] [replica_set.go:679] "Finished syncing" kind="ReplicaSet" key="helmmqttit-operator/hivemq-test-hivemq-platform-operator-6966f96d65" duration="50.054µs"
2025-01-30 18:19:46,199 INFO c.h.h.t.HelmChartContainer - [POD] hivemq-test-hivemq-platform-operator-6966f96d65-6pm4j [7d37f848-26af-4392-a605-171b6226f123] in helmmqttit-operator was MODIFIED
2025-01-30 18:19:46,208 INFO c.h.h.t.HelmChartContainer - [K3S] [replica_set.go:679] "Finished syncing" kind="ReplicaSet" key="helmmqttit-operator/hivemq-test-hivemq-platform-operator-6966f96d65" duration="10.276781ms"
2025-01-30 18:19:46,210 INFO c.h.h.t.HelmChartContainer - [EVENT] Normal [Killing] Stopping container hivemq-platform-operator [helmmqttit-operator:hivemq-test-hivemq-platform-operator-6966f96d65-6pm4j]
2025-01-30 18:19:46,210 INFO c.h.h.t.HelmChartContainer - [K3S] [replica_set.go:679] "Finished syncing" kind="ReplicaSet" key="helmmqttit-operator/hivemq-test-hivemq-platform-operator-6966f96d65" duration="34.344µs"
2025-01-30 18:19:46,210 INFO c.h.h.t.HelmChartContainer - Received Killing event for container hivemq-platform-operator in pod hivemq-test-hivemq-platform-operator-6966f96d65-6pm4j [7d37f848-26af-4392-a605-171b6226f123]
2025-01-30 18:19:46,210 INFO c.h.h.t.HelmChartContainer - Container [hivemq-test-hivemq-platform-operator-6966f96d65-6pm4j] [hivemq-platform-operator] [7d37f848-26af-4392-a605-171b6226f123] was terminated
2025-01-30 18:19:46,210 INFO c.h.h.t.HelmChartContainer - Stopped log watcher for hivemq-platform-operator in pod hivemq-test-hivemq-platform-operator-6966f96d65-6pm4j [7d37f848-26af-4392-a605-171b6226f123]
2025-01-30 18:19:46,213 INFO c.h.h.t.HelmChartContainer - [hivemq-test-hivemq-platform] [hivemq-platform-operator] [7d37f848] 18:19:46.211 [application-shutdown-thread] INFO  c.h.p.o.HiveMQPlatformOperatorApplication - HiveMQ Platform Operator is stopping...
2025-01-30 18:19:46,213 INFO c.h.h.t.HelmChartContainer - [hivemq-test-hivemq-platform] [hivemq-platform-operator] [7d37f848] 18:19:46.212 [application-shutdown-thread] INFO  i.javaoperatorsdk.operator.Operator - Operator SDK 4.9.7 is shutting down...
2025-01-30 18:19:46,651 INFO c.h.h.t.HelmChartContainer - [EVENT] Warning [Unhealthy] Readiness probe failed: Get "http://10.42.0.12:8080/health/readiness": dial tcp 10.42.0.12:8080: connect: connection refused [helmmqttit-operator:hivemq-test-hivemq-platform-operator-6966f96d65-6pm4j]
2025-01-30 18:19:46,651 INFO c.h.h.t.HelmChartContainer - Received Unhealthy event for container hivemq-platform-operator in pod hivemq-test-hivemq-platform-operator-6966f96d65-6pm4j [7d37f848-26af-4392-a605-171b6226f123]
2025-01-30 18:19:46,759 INFO c.h.h.t.HelmChartContainer - [K3S] [replica_set.go:679] "Finished syncing" kind="ReplicaSet" key="helmmqttit-operator/hivemq-test-hivemq-platform-operator-6966f96d65" duration="40.706µs"
2025-01-30 18:19:46,760 INFO c.h.h.t.HelmChartContainer - [POD] hivemq-test-hivemq-platform-operator-6966f96d65-6pm4j [7d37f848-26af-4392-a605-171b6226f123] in helmmqttit-operator was MODIFIED
2025-01-30 18:19:46,765 INFO c.h.h.t.HelmChartContainer - [K3S] [scope.go:117] "RemoveContainer" containerID="445234313f577d3edb002df3342c522d10fdc0d689ee95147a777aeb23e30864"
2025-01-30 18:19:46,770 INFO c.h.h.t.HelmChartContainer - [K3S] [scope.go:117] "RemoveContainer" containerID="445234313f577d3edb002df3342c522d10fdc0d689ee95147a777aeb23e30864"
2025-01-30 18:19:46,868 INFO c.h.h.t.HelmChartContainer - [K3S] [reconciler_common.go:162] "operationExecutor.UnmountVolume started for volume \"kube-api-access-xltlq\" (UniqueName: \"kubernetes.io/projected/7d37f848-26af-4392-a605-171b6226f123-kube-api-access-xltlq\") pod \"7d37f848-26af-4392-a605-171b6226f123\" (UID: \"7d37f848-26af-4392-a605-171b6226f123\") "
2025-01-30 18:19:46,969 INFO c.h.h.t.HelmChartContainer - [K3S] [reconciler_common.go:299] "Volume detached for volume \"kube-api-access-xltlq\" (UniqueName: \"kubernetes.io/projected/7d37f848-26af-4392-a605-171b6226f123-kube-api-access-xltlq\") on node \"0019a1e396a2\" DevicePath \"\""
2025-01-30 18:19:47,076 INFO c.h.h.t.HelmChartContainer - [K3S] [replica_set.go:679] "Finished syncing" kind="ReplicaSet" key="helmmqttit-operator/hivemq-test-hivemq-platform-operator-6966f96d65" duration="43.24µs"
2025-01-30 18:19:47,077 INFO c.h.h.t.HelmChartContainer - [POD] hivemq-test-hivemq-platform-operator-6966f96d65-6pm4j [7d37f848-26af-4392-a605-171b6226f123] in helmmqttit-operator was MODIFIED
2025-01-30 18:19:47,080 INFO c.h.h.t.HelmChartContainer - [POD] hivemq-test-hivemq-platform-operator-6966f96d65-6pm4j [7d37f848-26af-4392-a605-171b6226f123] in helmmqttit-operator was DELETED
2025-01-30 18:19:47,080 INFO c.h.h.t.HelmChartContainer - [K3S] [replica_set.go:679] "Finished syncing" kind="ReplicaSet" key="helmmqttit-operator/hivemq-test-hivemq-platform-operator-6966f96d65" duration="33.202µs"
2025-01-30 18:19:47,089 INFO c.h.h.t.HelmChartContainer - [K3S] [replica_set.go:679] "Finished syncing" kind="ReplicaSet" key="helmmqttit-operator/hivemq-test-hivemq-platform-operator-6966f96d65" duration="17.733µs"
2025-01-30 18:19:48,129 INFO c.h.h.t.HelmChartContainer - [K3S] [kubelet_volumes.go:163] "Cleaned up orphaned pod volumes dir" podUID="7d37f848-26af-4392-a605-171b6226f123" path="/var/lib/kubelet/pods/7d37f848-26af-4392-a605-171b6226f123/volumes"
2025-01-30 18:19:48,231 INFO c.h.h.t.HelmChartContainer - Deleting namespace 'helmmqttit-operator'...
2025-01-30 18:19:50,978 INFO c.h.h.t.HelmChartContainer - [K3S] [namespace_controller.go:187] "Namespace has been deleted" namespace="helmmqttit"
2025-01-30 18:19:53,452 INFO c.h.h.t.HelmChartContainer - Namespace 'helmmqttit-operator' deleted
2025-01-30 18:19:53,452 INFO c.h.h.t.HelmChartContainer - Release 'test-hivemq-platform-operator' in namespace 'helmmqttit-operator' is uninstalled
2025-01-30 18:19:54,176 INFO c.h.helmcharts.AbstractHelmChartIT - Removed unused containers:

2025-01-30 18:19:58,360 INFO c.h.h.t.HelmChartContainer - [K3S] [namespace_controller.go:187] "Namespace has been deleted" namespace="helmmqttit-operator"
2025-01-30 18:20:01,918 INFO c.h.helmcharts.AbstractHelmChartIT - Removed unused snapshots:
Removing snapshot sha256:03af251906410714c5aef9fa705b63f6bbc39c4a5e787de7361eeb18886c2ed2
Removing snapshot sha256:0c46b3b43cce082ce5ec34ffc6c294e0417d17b9d1e6f366d114b6aadc4f96dc
Removing snapshot sha256:0ce761beee59082d6ed5bcebd3a805b8ddd9b3426b617e4809e7fb7c6587ffec
Removing snapshot sha256:0df91287303208332c8ff6ba40ae4710105201739addbfbddfb955f1ad593664
Removing snapshot sha256:1021ef88c7974bfff89c5a0ec4fd3160daac6c48a075f74cff721f85dd104e68
Removing snapshot sha256:10aba4953ddc18145dd38e3704709bc464aa20af60b56fe52caaff4b68411e62
Removing snapshot sha256:2573e0d8158209ed54ab25c87bcdcb00bd3d2539246960a3d592a1c599d70465
Removing snapshot sha256:362a8a37f8bbc31925a8146adcf7cf51f9882f5c1dcbef67c5baa03a297543c0
Removing snapshot sha256:3fa4ad33f0ddc8fd45b39b6b4640f82a3a83619606cd975bfe89d8710ad2d4cd
Removing snapshot sha256:43a7c979bbaba6838bc3102d6b10a1459f3ab050b87ccdfef84ef90cf43d3058
Removing snapshot sha256:4ab04491cdf0d3267f08206fe30bd48f49f94b9cab2f016d6739220f722a64af
Removing snapshot sha256:4b6068250e89c96f263060261819c7d912855bfbd64b3eb4c4a8483299b8c295
Removing snapshot sha256:580e69a0a8034ede1921139bbd2bfb72a69ebf276d008281896c32dd8bf74775
Removing snapshot sha256:5d30ba46b27fe37484567ccc5242cadc78217b8da605f3f195ef25cbf7487904
Removing snapshot sha256:63ca1fbb43ae5034640e5e6cb3e083e05c290072c5366fcaa9d62435a4cced85
Removing snapshot sha256:67f702c6baae873bceb19487c8b1f27bd2b86077e4f2f0e480e6d60ab508b8f5
Removing snapshot sha256:6864348dd42806d552efdec384f1274be15e2d0c10ce44c1f04347af004c10a9
Removing snapshot sha256:6c7dee8f2c39b84b7dc2711c01d33de93514d9055499173e9290176fbe484b6c
Removing snapshot sha256:82753493a6d61ded36556292f02f31841a14c20d2f279f19eaad65afb661d5cd
Removing snapshot sha256:8a10d3db42c505ee0fcfa98417bdd7e39b304f6bcc0a06bb1b220797ff2cc63c
Removing snapshot sha256:a0904247e36a7726c03c71ee48f3e64462021c88dafeb13f37fdaf613b27f11c
Removing snapshot sha256:a21e5b12dbac529ad45d976eb9ce45c881f3bedcc500fb30aba1e52aa1813418
Removing snapshot sha256:aa37166c0822aa2162072e7c3f1731266f83910910e696842698285a03ec5cd7
Removing snapshot sha256:ad214592929a35624a2a848ab8b542cdbf58835d94dd238468d8842ff203e097
Removing snapshot sha256:b921e6c28969094157f9b8e7244677780319637afd14450b7cb6b2fdea558a0c
Removing snapshot sha256:bc27ecb5769a00e309cf99ebc763c4a4b958b618d1decc96ffac5bc05f02f5b7
Removing snapshot sha256:be3ccb6627a5332e309d45ef461d09b4879dd870c7394d89323d0ebc6ca6aa8a
Removing snapshot sha256:c261f7cbbc64211ee175ee47273acdb7b1a36a4450b397a064a8f2c026490095
Removing snapshot sha256:c34d9393647eea0c9e3557ab988efaf59f61d10a2a5613b439ef0958cca5ec10
Removing snapshot sha256:ccf3c4a0fa967a41c1c83497a2ce6fa5787965859df0adb32c4ca2cf7490bc2b
Removing snapshot sha256:cf92d33f869417309692088c341cd0f223c178ea78a125f757317b22aa8f90e9
Removing snapshot sha256:d0037344cf2fb078884f1849f6a1f8cf9a33a3b6139b6a85833e5ee528e1f9a8
Removing snapshot sha256:d3b36d5b79273b1e98e7700470eaeff05a882e777124d84cebcc1505b85ecb36
Removing snapshot sha256:d65a44a37914602d12c611e5e22a50f11451d847e63015cc1c2aef92dee777a4
Removing snapshot sha256:e2dc0bae2455930f23ae570e019b7f32edc75c0f2d71cab084db837ff9051796
Removing snapshot sha256:eccbd24a99c60cd9e86ee5305dbfc4a4dc89f5ab4fb1f06c8d64797cecedef34
Removing snapshot sha256:f144bb4c7c7f0d2aa7eeffd36d934ec40db1ee167be727e326aad9fdc616f475

]]></system-out>
  </testcase>
  <testcase name="platformChart_whenMqttEnabled_thenSendsReceivesMessage()" classname="com.hivemq.helmcharts.services.HelmMqttIT" time="99.159">
    <system-out><![CDATA[2025-01-30 18:20:01,922 INFO c.h.h.t.HelmChartContainer - Creating namespace 'helmmqttit-operator'...
2025-01-30 18:20:01,930 INFO c.h.h.t.HelmChartContainer - Namespace 'helmmqttit-operator' created
2025-01-30 18:20:01,930 INFO c.h.h.t.HelmChartContainer - Creating namespace 'helmmqttit'...
2025-01-30 18:20:01,938 INFO c.h.h.t.HelmChartContainer - Namespace 'helmmqttit' created
2025-01-30 18:20:02,022 DEBUG c.h.h.t.HelmChartContainer - Executing helm command: /bin/helm --kubeconfig /etc/rancher/k3s/k3s.yaml install test-hivemq-platform-operator /charts/hivemq-platform-operator --wait --timeout 5m0s --set image.repository=docker.io/hivemq --set image.name=hivemq-platform-operator-test --set image.initImageName=hivemq-platform-operator-init-test --set image.tag=snapshot --set image.pullPolicy=Never --set logLevel=DEBUG --set resources.cpu=512m --namespace helmmqttit-operator
2025-01-30 18:20:02,336 INFO c.h.h.t.HelmChartContainer - [K3S] [alloc.go:330] "allocated clusterIPs" service="helmmqttit-operator/hivemq-platform-operator-test-hivemq-platform-operator" clusterIPs={"IPv4":"10.43.199.27"}
2025-01-30 18:20:02,355 INFO c.h.h.t.HelmChartContainer - [EVENT] Normal [ScalingReplicaSet] Scaled up replica set hivemq-test-hivemq-platform-operator-6966f96d65 from 0 to 1 [helmmqttit-operator:hivemq-test-hivemq-platform-operator]
2025-01-30 18:20:02,361 INFO c.h.h.t.HelmChartContainer - [POD] hivemq-test-hivemq-platform-operator-6966f96d65-5vscg [a5bf7744-adf1-458d-8dec-07a7103fe087] in helmmqttit-operator was ADDED
2025-01-30 18:20:02,368 INFO c.h.h.t.HelmChartContainer - [POD] hivemq-test-hivemq-platform-operator-6966f96d65-5vscg [a5bf7744-adf1-458d-8dec-07a7103fe087] in helmmqttit-operator was MODIFIED
2025-01-30 18:20:02,369 INFO c.h.h.t.HelmChartContainer - [K3S] [memory_manager.go:355] "RemoveStaleState removing state" podUID="7d37f848-26af-4392-a605-171b6226f123" containerName="hivemq-platform-operator"
2025-01-30 18:20:02,369 INFO c.h.h.t.HelmChartContainer - [K3S] [memory_manager.go:355] "RemoveStaleState removing state" podUID="091cc9d2-543d-4a14-af9a-814d45c434fc" containerName="hivemq"
2025-01-30 18:20:02,371 INFO c.h.h.t.HelmChartContainer - [EVENT] Normal [SuccessfulCreate] Created pod: hivemq-test-hivemq-platform-operator-6966f96d65-5vscg [helmmqttit-operator:hivemq-test-hivemq-platform-operator-6966f96d65]
2025-01-30 18:20:02,374 INFO c.h.h.t.HelmChartContainer - [K3S] [replica_set.go:679] "Finished syncing" kind="ReplicaSet" key="helmmqttit-operator/hivemq-test-hivemq-platform-operator-6966f96d65" duration="25.370219ms"
2025-01-30 18:20:02,377 INFO c.h.h.t.HelmChartContainer - [EVENT] Normal [Scheduled] Successfully assigned helmmqttit-operator/hivemq-test-hivemq-platform-operator-6966f96d65-5vscg to 0019a1e396a2 [helmmqttit-operator:hivemq-test-hivemq-platform-operator-6966f96d65-5vscg]
2025-01-30 18:20:02,383 INFO c.h.h.t.HelmChartContainer - [POD] hivemq-test-hivemq-platform-operator-6966f96d65-5vscg [a5bf7744-adf1-458d-8dec-07a7103fe087] in helmmqttit-operator was MODIFIED
2025-01-30 18:20:02,387 INFO c.h.h.t.HelmChartContainer - [K3S] [replica_set.go:679] "Finished syncing" kind="ReplicaSet" key="helmmqttit-operator/hivemq-test-hivemq-platform-operator-6966f96d65" duration="13.27345ms"
2025-01-30 18:20:02,400 INFO c.h.h.t.HelmChartContainer - [K3S] [replica_set.go:679] "Finished syncing" kind="ReplicaSet" key="helmmqttit-operator/hivemq-test-hivemq-platform-operator-6966f96d65" duration="12.680251ms"
2025-01-30 18:20:02,400 INFO c.h.h.t.HelmChartContainer - [K3S] [replica_set.go:679] "Finished syncing" kind="ReplicaSet" key="helmmqttit-operator/hivemq-test-hivemq-platform-operator-6966f96d65" duration="35.646µs"
2025-01-30 18:20:02,463 INFO c.h.h.t.HelmChartContainer - [K3S] [reconciler_common.go:251] "operationExecutor.VerifyControllerAttachedVolume started for volume \"kube-api-access-nlrrm\" (UniqueName: \"kubernetes.io/projected/a5bf7744-adf1-458d-8dec-07a7103fe087-kube-api-access-nlrrm\") pod \"hivemq-test-hivemq-platform-operator-6966f96d65-5vscg\" (UID: \"a5bf7744-adf1-458d-8dec-07a7103fe087\") " pod="helmmqttit-operator/hivemq-test-hivemq-platform-operator-6966f96d65-5vscg"
2025-01-30 18:20:02,772 INFO c.h.h.t.HelmChartContainer - [EVENT] Normal [Pulled] Container image "docker.io/hivemq/hivemq-platform-operator-test:snapshot" already present on machine [helmmqttit-operator:hivemq-test-hivemq-platform-operator-6966f96d65-5vscg]
2025-01-30 18:20:02,772 INFO c.h.h.t.HelmChartContainer - Received Pulled event for container hivemq-platform-operator in pod hivemq-test-hivemq-platform-operator-6966f96d65-5vscg [a5bf7744-adf1-458d-8dec-07a7103fe087]
2025-01-30 18:20:04,008 INFO c.h.h.t.HelmChartContainer - [EVENT] Normal [Created] Created container: hivemq-platform-operator [helmmqttit-operator:hivemq-test-hivemq-platform-operator-6966f96d65-5vscg]
2025-01-30 18:20:04,008 INFO c.h.h.t.HelmChartContainer - Received Created event for container hivemq-platform-operator in pod hivemq-test-hivemq-platform-operator-6966f96d65-5vscg [a5bf7744-adf1-458d-8dec-07a7103fe087]
2025-01-30 18:20:04,803 INFO c.h.h.t.HelmChartContainer - [K3S] [replica_set.go:679] "Finished syncing" kind="ReplicaSet" key="helmmqttit-operator/hivemq-test-hivemq-platform-operator-6966f96d65" duration="52.407µs"
2025-01-30 18:20:04,803 INFO c.h.h.t.HelmChartContainer - [POD] hivemq-test-hivemq-platform-operator-6966f96d65-5vscg [a5bf7744-adf1-458d-8dec-07a7103fe087] in helmmqttit-operator was MODIFIED
2025-01-30 18:20:04,811 INFO c.h.h.t.HelmChartContainer - Started log watcher for hivemq-platform-operator in pod hivemq-test-hivemq-platform-operator-6966f96d65-5vscg [a5bf7744-adf1-458d-8dec-07a7103fe087]
2025-01-30 18:20:04,811 INFO c.h.h.t.HelmChartContainer - [EVENT] Normal [Started] Started container hivemq-platform-operator [helmmqttit-operator:hivemq-test-hivemq-platform-operator-6966f96d65-5vscg]
2025-01-30 18:20:04,811 INFO c.h.h.t.HelmChartContainer - Received Started event for container hivemq-platform-operator in pod hivemq-test-hivemq-platform-operator-6966f96d65-5vscg [a5bf7744-adf1-458d-8dec-07a7103fe087]
2025-01-30 18:20:04,812 INFO c.h.h.t.HelmChartContainer - [hivemq-test-hivemq-platform] [hivemq-platform-operator] [a5bf7744] -------------------------------------------------------------------------
2025-01-30 18:20:04,812 INFO c.h.h.t.HelmChartContainer - [hivemq-test-hivemq-platform] [hivemq-platform-operator] [a5bf7744] 
2025-01-30 18:20:04,812 INFO c.h.h.t.HelmChartContainer - [hivemq-test-hivemq-platform] [hivemq-platform-operator] [a5bf7744]                   _    _  _              __  __   ____
2025-01-30 18:20:04,812 INFO c.h.h.t.HelmChartContainer - [hivemq-test-hivemq-platform] [hivemq-platform-operator] [a5bf7744]                  | |  | |(_)            |  \/  | / __ \
2025-01-30 18:20:04,812 INFO c.h.h.t.HelmChartContainer - [hivemq-test-hivemq-platform] [hivemq-platform-operator] [a5bf7744]                  | |__| | _ __   __ ___ | \  / || |  | |
2025-01-30 18:20:04,812 INFO c.h.h.t.HelmChartContainer - [hivemq-test-hivemq-platform] [hivemq-platform-operator] [a5bf7744]                  |  __  || |\ \ / // _ \| |\/| || |  | |
2025-01-30 18:20:04,812 INFO c.h.h.t.HelmChartContainer - [hivemq-test-hivemq-platform] [hivemq-platform-operator] [a5bf7744]                  | |  | || | \ V /|  __/| |  | || |__| |
2025-01-30 18:20:04,812 INFO c.h.h.t.HelmChartContainer - [hivemq-test-hivemq-platform] [hivemq-platform-operator] [a5bf7744]                  |_|  |_||_|  \_/  \___||_|  |_| \___\_\
2025-01-30 18:20:04,812 INFO c.h.h.t.HelmChartContainer - [hivemq-test-hivemq-platform] [hivemq-platform-operator] [a5bf7744] 
2025-01-30 18:20:04,812 INFO c.h.h.t.HelmChartContainer - [hivemq-test-hivemq-platform] [hivemq-platform-operator] [a5bf7744] -------------------------------------------------------------------------
2025-01-30 18:20:04,812 INFO c.h.h.t.HelmChartContainer - [hivemq-test-hivemq-platform] [hivemq-platform-operator] [a5bf7744] 
2025-01-30 18:20:04,812 INFO c.h.h.t.HelmChartContainer - [hivemq-test-hivemq-platform] [hivemq-platform-operator] [a5bf7744]   HiveMQ Platform Operator Start Script v1.0
2025-01-30 18:20:04,812 INFO c.h.h.t.HelmChartContainer - [hivemq-test-hivemq-platform] [hivemq-platform-operator] [a5bf7744] 
2025-01-30 18:20:04,812 INFO c.h.h.t.HelmChartContainer - [hivemq-test-hivemq-platform] [hivemq-platform-operator] [a5bf7744] -------------------------------------------------------------------------
2025-01-30 18:20:04,812 INFO c.h.h.t.HelmChartContainer - [hivemq-test-hivemq-platform] [hivemq-platform-operator] [a5bf7744] 
2025-01-30 18:20:04,812 INFO c.h.h.t.HelmChartContainer - [hivemq-test-hivemq-platform] [hivemq-platform-operator] [a5bf7744]   JAVA_OPTS: -XX:+UnlockExperimentalVMOptions -XX:InitialRAMPercentage=75 -XX:MaxRAMPercentage=75 -Duser.language=en -Duser.region=US
2025-01-30 18:20:04,812 INFO c.h.h.t.HelmChartContainer - [hivemq-test-hivemq-platform] [hivemq-platform-operator] [a5bf7744] 
2025-01-30 18:20:04,812 INFO c.h.h.t.HelmChartContainer - [hivemq-test-hivemq-platform] [hivemq-platform-operator] [a5bf7744]   JAVA_VERSION: 21
2025-01-30 18:20:04,812 INFO c.h.h.t.HelmChartContainer - [hivemq-test-hivemq-platform] [hivemq-platform-operator] [a5bf7744] 
2025-01-30 18:20:04,812 INFO c.h.h.t.HelmChartContainer - [hivemq-test-hivemq-platform] [hivemq-platform-operator] [a5bf7744] -------------------------------------------------------------------------
2025-01-30 18:20:04,812 INFO c.h.h.t.HelmChartContainer - [hivemq-test-hivemq-platform] [hivemq-platform-operator] [a5bf7744] 
2025-01-30 18:20:07,277 INFO c.h.h.t.HelmChartContainer - [hivemq-test-hivemq-platform] [hivemq-platform-operator] [a5bf7744] 18:20:07.275 [main] DEBUG org.jboss.logging - Logging Provider: org.jboss.logging.Slf4jLoggerProvider
2025-01-30 18:20:07,455 INFO c.h.h.t.HelmChartContainer - [hivemq-test-hivemq-platform] [hivemq-platform-operator] [a5bf7744] 18:20:07.454 [main] DEBUG io.smallrye.config - SRCFG01006: Loaded ConfigSource SysPropConfigSource with ordinal 400
2025-01-30 18:20:07,455 INFO c.h.h.t.HelmChartContainer - [hivemq-test-hivemq-platform] [hivemq-platform-operator] [a5bf7744] 18:20:07.454 [main] DEBUG io.smallrye.config - SRCFG01006: Loaded ConfigSource EnvConfigSource with ordinal 300
2025-01-30 18:20:07,455 INFO c.h.h.t.HelmChartContainer - [hivemq-test-hivemq-platform] [hivemq-platform-operator] [a5bf7744] 18:20:07.454 [main] DEBUG io.smallrye.config - SRCFG01006: Loaded ConfigSource PropertiesConfigSource[source=jar:file:///opt/hivemq-platform-operator/bin/hivemq-platform-operator.jar!/hivemq-platform-operator.properties] with ordinal 100
2025-01-30 18:20:07,456 INFO c.h.h.t.HelmChartContainer - [hivemq-test-hivemq-platform] [hivemq-platform-operator] [a5bf7744] 18:20:07.454 [main] DEBUG io.smallrye.config - SRCFG01006: Loaded ConfigSource DefaultValuesConfigSource with ordinal -2147483648
2025-01-30 18:20:07,554 INFO c.h.h.t.HelmChartContainer - [hivemq-test-hivemq-platform] [hivemq-platform-operator] [a5bf7744] 18:20:07.553 [main] DEBUG i.m.c.u.i.l.InternalLoggerFactory - Using SLF4J as the default logging framework
2025-01-30 18:20:07,668 INFO c.h.h.t.HelmChartContainer - [hivemq-test-hivemq-platform] [hivemq-platform-operator] [a5bf7744] 18:20:07.653 [main] INFO  c.h.p.o.HiveMQPlatformOperatorApplication - HiveMQ Platform Operator 1.7.0-SNAPSHOT (commit: 47e3375 on branch: HEAD) built on Thu Jan 30 03:55:50 UTC 2025
2025-01-30 18:20:07,668 INFO c.h.h.t.HelmChartContainer - [hivemq-test-hivemq-platform] [hivemq-platform-operator] [a5bf7744] 18:20:07.667 [main] INFO  c.h.p.o.HiveMQPlatformOperatorApplication - HiveMQ Platform Operator is running in namespace: helmmqttit-operator
2025-01-30 18:20:07,669 INFO c.h.h.t.HelmChartContainer - [hivemq-test-hivemq-platform] [hivemq-platform-operator] [a5bf7744] 18:20:07.667 [main] INFO  c.h.p.o.HiveMQPlatformOperatorApplication - Watching all namespaces
2025-01-30 18:20:07,669 INFO c.h.h.t.HelmChartContainer - [hivemq-test-hivemq-platform] [hivemq-platform-operator] [a5bf7744] 18:20:07.667 [main] INFO  c.h.p.o.HiveMQPlatformOperatorApplication - Log level: DEBUG
2025-01-30 18:20:07,669 INFO c.h.h.t.HelmChartContainer - [hivemq-test-hivemq-platform] [hivemq-platform-operator] [a5bf7744] 18:20:07.667 [main] INFO  c.h.p.o.HiveMQPlatformOperatorApplication - Release name: test-hivemq-platform-operator
2025-01-30 18:20:07,669 INFO c.h.h.t.HelmChartContainer - [hivemq-test-hivemq-platform] [hivemq-platform-operator] [a5bf7744] 18:20:07.667 [main] INFO  c.h.p.o.HiveMQPlatformOperatorApplication - HiveMQ Platform Operator Init image: docker.io/hivemq/hivemq-platform-operator-init-test:snapshot
2025-01-30 18:20:07,669 INFO c.h.h.t.HelmChartContainer - [hivemq-test-hivemq-platform] [hivemq-platform-operator] [a5bf7744] 18:20:07.667 [main] INFO  c.h.p.o.HiveMQPlatformOperatorApplication - HiveMQ Platform Operator Init App update URL: http://hivemq-platform-operator-test-hivemq-platform-operator.helmmqttit-operator.svc:8080/initAppUpdate/hivemq-platform-operator-init-app-1.7.0-SNAPSHOT.jar
2025-01-30 18:20:07,669 INFO c.h.h.t.HelmChartContainer - [hivemq-test-hivemq-platform] [hivemq-platform-operator] [a5bf7744] 18:20:07.667 [main] INFO  c.h.p.o.HiveMQPlatformOperatorApplication - Additional imagePullSecret for all Platform deployments: none
2025-01-30 18:20:07,669 INFO c.h.h.t.HelmChartContainer - [hivemq-test-hivemq-platform] [hivemq-platform-operator] [a5bf7744] 18:20:07.667 [main] INFO  c.h.p.o.HiveMQPlatformOperatorApplication - Apply HiveMQ Platform CRD: true
2025-01-30 18:20:07,669 INFO c.h.h.t.HelmChartContainer - [hivemq-test-hivemq-platform] [hivemq-platform-operator] [a5bf7744] 18:20:07.667 [main] INFO  c.h.p.o.HiveMQPlatformOperatorApplication - Create Platform ServiceAccount: true
2025-01-30 18:20:07,669 INFO c.h.h.t.HelmChartContainer - [hivemq-test-hivemq-platform] [hivemq-platform-operator] [a5bf7744] 18:20:07.667 [main] INFO  c.h.p.o.HiveMQPlatformOperatorApplication - Create Platform ServiceAccount permissions: true
2025-01-30 18:20:07,669 INFO c.h.h.t.HelmChartContainer - [hivemq-test-hivemq-platform] [hivemq-platform-operator] [a5bf7744] 18:20:07.667 [main] INFO  c.h.p.o.HiveMQPlatformOperatorApplication - Validate Platform ServiceAccount: true
2025-01-30 18:20:07,669 INFO c.h.h.t.HelmChartContainer - [hivemq-test-hivemq-platform] [hivemq-platform-operator] [a5bf7744] 18:20:07.667 [main] INFO  c.h.p.o.HiveMQPlatformOperatorApplication - Validate Platform ServiceAccount permissions: true
2025-01-30 18:20:07,864 INFO c.h.h.t.HelmChartContainer - [hivemq-test-hivemq-platform] [hivemq-platform-operator] [a5bf7744] 18:20:07.863 [main] INFO  c.h.platform.operator.util.CRDUtil - Verifying deployed HiveMQ Platform CRD...
2025-01-30 18:20:10,355 INFO c.h.h.t.HelmChartContainer - [hivemq-test-hivemq-platform] [hivemq-platform-operator] [a5bf7744] 18:20:10.354 [main] DEBUG c.h.platform.operator.util.CRDUtil - HiveMQ Platform CRD version v1 is up to date
2025-01-30 18:20:10,355 INFO c.h.h.t.HelmChartContainer - [hivemq-test-hivemq-platform] [hivemq-platform-operator] [a5bf7744] 18:20:10.354 [main] INFO  c.h.platform.operator.util.CRDUtil - HiveMQ Platform CRD is up to date (version: V1_6_0)
2025-01-30 18:20:10,355 INFO c.h.h.t.HelmChartContainer - [hivemq-test-hivemq-platform] [hivemq-platform-operator] [a5bf7744] 18:20:10.354 [main] INFO  c.h.platform.operator.util.CRDUtil - Waiting 10000 ms for HiveMQ Platform CRD 'hivemq-platforms.hivemq.com' to become ready...
2025-01-30 18:20:10,652 INFO c.h.h.t.HelmChartContainer - [hivemq-test-hivemq-platform] [hivemq-platform-operator] [a5bf7744] 18:20:10.650 [vert.x-eventloop-thread-1] DEBUG c.h.platform.operator.util.CRDUtil - Checking CRD condition 'NamesAccepted' (status: 'True')
2025-01-30 18:20:10,654 INFO c.h.h.t.HelmChartContainer - [hivemq-test-hivemq-platform] [hivemq-platform-operator] [a5bf7744] 18:20:10.651 [vert.x-eventloop-thread-1] DEBUG c.h.platform.operator.util.CRDUtil - Checking CRD condition 'Established' (status: 'True')
2025-01-30 18:20:10,654 INFO c.h.h.t.HelmChartContainer - [hivemq-test-hivemq-platform] [hivemq-platform-operator] [a5bf7744] 18:20:10.651 [main] INFO  c.h.platform.operator.util.CRDUtil - HiveMQ Platform CRD 'hivemq-platforms.hivemq.com' is ready
2025-01-30 18:20:10,852 INFO c.h.h.t.HelmChartContainer - [hivemq-test-hivemq-platform] [hivemq-platform-operator] [a5bf7744] 18:20:10.851 [main] INFO  c.h.p.o.HiveMQPlatformReconciler - HiveMQ Platform Operator is starting...
2025-01-30 18:20:10,969 INFO c.h.h.t.HelmChartContainer - [hivemq-test-hivemq-platform] [hivemq-platform-operator] [a5bf7744] 18:20:10.967 [main] WARN  Default ConfigurationService implementation - Configuration for reconciler 'hivemq-controller' was not found. Known reconcilers: None.
2025-01-30 18:20:10,976 INFO c.h.h.t.HelmChartContainer - [hivemq-test-hivemq-platform] [hivemq-platform-operator] [a5bf7744] 18:20:10.976 [main] INFO  Default ConfigurationService implementation - Created configuration for reconciler com.hivemq.platform.operator.HiveMQPlatformReconciler with name hivemq-controller
2025-01-30 18:20:11,153 INFO c.h.h.t.HelmChartContainer - [hivemq-test-hivemq-platform] [hivemq-platform-operator] [a5bf7744] 18:20:11.152 [main] DEBUG c.h.p.o.HiveMQPlatformReconciler - HiveMQ Platform Operator is preparing EventSources
2025-01-30 18:20:11,176 INFO c.h.h.t.HelmChartContainer - [hivemq-test-hivemq-platform] [hivemq-platform-operator] [a5bf7744] 18:20:11.175 [main] INFO  i.javaoperatorsdk.operator.Operator - Registered reconciler: 'hivemq-controller' for resource: 'class com.hivemq.platform.operator.v1.HiveMQPlatform' for namespace(s): [all namespaces]
2025-01-30 18:20:11,853 INFO c.h.h.t.HelmChartContainer - [hivemq-test-hivemq-platform] [hivemq-platform-operator] [a5bf7744] 18:20:11.852 [main] INFO  c.h.p.operator.webserver.JettyServer - Starting Jetty server on port 8080
2025-01-30 18:20:11,879 INFO c.h.h.t.HelmChartContainer - [hivemq-test-hivemq-platform] [hivemq-platform-operator] [a5bf7744] 18:20:11.878 [main] INFO  i.javaoperatorsdk.operator.Operator - Operator SDK 4.9.7 (commit: 2133d28) built on Wed Nov 20 12:56:20 UTC 2024 starting...
2025-01-30 18:20:11,879 INFO c.h.h.t.HelmChartContainer - [hivemq-test-hivemq-platform] [hivemq-platform-operator] [a5bf7744] 18:20:11.878 [main] INFO  i.javaoperatorsdk.operator.Operator - Client version: 6.13.5
2025-01-30 18:20:11,951 INFO c.h.h.t.HelmChartContainer - [hivemq-test-hivemq-platform] [hivemq-platform-operator] [a5bf7744] 18:20:11.949 [Controller Starter for: hivemq-controller] INFO  i.j.operator.processing.Controller - Starting 'hivemq-controller' controller for reconciler: com.hivemq.platform.operator.HiveMQPlatformReconciler, resource: com.hivemq.platform.operator.v1.HiveMQPlatform
2025-01-30 18:20:14,374 INFO c.h.h.t.HelmChartContainer - [hivemq-test-hivemq-platform] [hivemq-platform-operator] [a5bf7744] 18:20:14.373 [Controller Starter for: hivemq-controller] INFO  i.j.operator.processing.Controller - 'hivemq-controller' controller started
2025-01-30 18:20:14,374 INFO c.h.h.t.HelmChartContainer - [hivemq-test-hivemq-platform] [hivemq-platform-operator] [a5bf7744] 18:20:14.373 [main] INFO  c.h.p.o.HiveMQPlatformOperatorApplication - HiveMQ Platform Operator 1.7.0-SNAPSHOT started in 6720 ms
2025-01-30 18:20:15,809 INFO c.h.h.t.HelmChartContainer - [POD] hivemq-test-hivemq-platform-operator-6966f96d65-5vscg [a5bf7744-adf1-458d-8dec-07a7103fe087] in helmmqttit-operator was MODIFIED
2025-01-30 18:20:15,823 INFO c.h.h.t.HelmChartContainer - [K3S] [replica_set.go:679] "Finished syncing" kind="ReplicaSet" key="helmmqttit-operator/hivemq-test-hivemq-platform-operator-6966f96d65" duration="14.830706ms"
2025-01-30 18:20:15,823 INFO c.h.h.t.HelmChartContainer - [K3S] [replica_set.go:679] "Finished syncing" kind="ReplicaSet" key="helmmqttit-operator/hivemq-test-hivemq-platform-operator-6966f96d65" duration="29.014µs"
2025-01-30 18:20:16,473 DEBUG c.h.h.t.HelmChartContainer - Executing helm command: /bin/helm --kubeconfig /etc/rancher/k3s/k3s.yaml install test-hivemq-platform /charts/hivemq-platform --wait --timeout 5m0s --set image.repository=docker.io/hivemq --set image.tag=4.36.0 --set image.pullPolicy=Never --set nodes.resources.cpu=512m -f /files/mqtt-values.yaml --namespace helmmqttit
2025-01-30 18:20:16,777 INFO c.h.h.t.HelmChartContainer - [hivemq-test-hivemq-platform] [hivemq-platform-operator] [a5bf7744] 18:20:16.776 [-2082509879-pool-1-thread-2] WARN  i.m.p.PrometheusMeterRegistry - The meter (MeterId{name='operator.sdk.events.received', tags=[tag(action=ADDED),tag(event=ResourceEvent),tag(group=hivemq.com),tag(kind=HiveMQPlatform),tag(name=test-hivemq-platform),tag(namespace=helmmqttit),tag(scope=namespace),tag(version=v1)]}) registration has failed: Prometheus requires that all meters with the same name have the same set of tag keys. There is already an existing meter named 'operator.sdk.events.received' containing tag keys [event, group, kind, name, namespace, scope, version]. The meter you are attempting to register has keys [action, event, group, kind, name, namespace, scope, version]. Note that subsequent logs will be logged at debug level.
2025-01-30 18:20:17,272 INFO c.h.h.t.HelmChartContainer - [hivemq-test-hivemq-platform] [hivemq-platform-operator] [a5bf7744] 18:20:17.271 [pool-6-thread-3] DEBUG c.h.p.o.dependants.PodInfoConfigMap - [helmmqtt] Desired PodInfo ConfigMap (1 extensions) (1 enabled)
2025-01-30 18:20:17,275 INFO c.h.h.t.HelmChartContainer - [hivemq-test-hivemq-platform] [hivemq-platform-operator] [a5bf7744] 18:20:17.272 [pool-6-thread-3] DEBUG c.h.p.o.dependants.PodInfoConfigMap - [helmmqtt] Desired PodInfo ConfigMap (metrics port: 9399) (metrics path: /)
2025-01-30 18:20:17,275 INFO c.h.h.t.HelmChartContainer - [hivemq-test-hivemq-platform] [hivemq-platform-operator] [a5bf7744] 18:20:17.272 [pool-6-thread-3] DEBUG c.h.p.o.dependants.PodInfoConfigMap - [helmmqtt] Desired PodInfo ConfigMap (extension state hash: -1817474005)
2025-01-30 18:20:17,276 INFO c.h.h.t.HelmChartContainer - [hivemq-test-hivemq-platform] [hivemq-platform-operator] [a5bf7744] 18:20:17.275 [pool-6-thread-3] DEBUG c.h.p.o.dependants.PodInfoConfigMap - [helmmqtt] Create PodInfo ConfigMap
2025-01-30 18:20:17,377 INFO c.h.h.t.HelmChartContainer - [hivemq-test-hivemq-platform] [hivemq-platform-operator] [a5bf7744] 18:20:17.372 [pool-6-thread-5] DEBUG c.h.p.o.dependants.PodRoleResource - [helmmqtt] Create Role: Role(apiVersion=rbac.authorization.k8s.io/v1, kind=Role, metadata=ObjectMeta(annotations={meta.helm.sh/release-name=test-hivemq-platform, meta.helm.sh/release-namespace=helmmqttit}, creationTimestamp=null, deletionGracePeriodSeconds=null, deletionTimestamp=null, finalizers=[], generateName=null, generation=null, labels={helm.sh/chart=hivemq-platform-0.2.32, app.kubernetes.io/managed-by=Helm, app.kubernetes.io/name=hivemq-platform, hivemq-platform=test-hivemq-platform, app.kubernetes.io/instance=test-hivemq-platform, app.kubernetes.io/version=4.36.0}, managedFields=[], name=hivemq-platform-role-test-hivemq-platform, namespace=helmmqttit, ownerReferences=[OwnerReference(apiVersion=hivemq.com/v1, blockOwnerDeletion=null, controller=null, kind=HiveMQPlatform, name=test-hivemq-platform, uid=d638b71a-c16c-436e-89a2-9ed9ac5af137, additionalProperties={})], resourceVersion=null, selfLink=null, uid=null, additionalProperties={}), rules=[PolicyRule(apiGroups=[], nonResourceURLs=[], resourceNames=[], resources=[pods], verbs=[get, patch, update], additionalProperties={})], additionalProperties={})
2025-01-30 18:20:17,566 INFO c.h.h.t.HelmChartContainer - [hivemq-test-hivemq-platform] [hivemq-platform-operator] [a5bf7744] 18:20:17.565 [pool-6-thread-7] DEBUG c.h.p.o.d.PodServiceAccountResource - [helmmqtt] Desired PodServiceAccountResource (serviceAccountName: hivemq-platform-pod-test-hivemq-platform)
2025-01-30 18:20:17,571 INFO c.h.h.t.HelmChartContainer - [hivemq-test-hivemq-platform] [hivemq-platform-operator] [a5bf7744] 18:20:17.565 [pool-6-thread-7] DEBUG c.h.p.o.d.PodServiceAccountResource - [helmmqtt] Create ServiceAccount 'hivemq-platform-pod-test-hivemq-platform'
2025-01-30 18:20:17,668 INFO c.h.h.t.HelmChartContainer - [hivemq-test-hivemq-platform] [hivemq-platform-operator] [a5bf7744] 18:20:17.667 [pool-6-thread-10] DEBUG c.h.p.o.d.PodRoleBindingResource - [helmmqtt] Create RoleBinding: RoleBinding(apiVersion=rbac.authorization.k8s.io/v1, kind=RoleBinding, metadata=ObjectMeta(annotations={meta.helm.sh/release-name=test-hivemq-platform, meta.helm.sh/release-namespace=helmmqttit}, creationTimestamp=null, deletionGracePeriodSeconds=null, deletionTimestamp=null, finalizers=[], generateName=null, generation=null, labels={helm.sh/chart=hivemq-platform-0.2.32, app.kubernetes.io/managed-by=Helm, app.kubernetes.io/name=hivemq-platform, hivemq-platform=test-hivemq-platform, app.kubernetes.io/instance=test-hivemq-platform, app.kubernetes.io/version=4.36.0}, managedFields=[], name=hivemq-platform-role-binding-test-hivemq-platform, namespace=helmmqttit, ownerReferences=[OwnerReference(apiVersion=hivemq.com/v1, blockOwnerDeletion=null, controller=null, kind=HiveMQPlatform, name=test-hivemq-platform, uid=d638b71a-c16c-436e-89a2-9ed9ac5af137, additionalProperties={})], resourceVersion=null, selfLink=null, uid=null, additionalProperties={}), roleRef=RoleRef(apiGroup=rbac.authorization.k8s.io, kind=Role, name=hivemq-platform-role-test-hivemq-platform, additionalProperties={}), subjects=[Subject(apiGroup=null, kind=ServiceAccount, name=hivemq-platform-pod-test-hivemq-platform, namespace=helmmqttit, additionalProperties={})], additionalProperties={})
2025-01-30 18:20:17,765 INFO c.h.h.t.HelmChartContainer - [hivemq-test-hivemq-platform] [hivemq-platform-operator] [a5bf7744] 18:20:17.685 [ReconcilerExecutor-hivemq-controller-54] INFO  c.h.p.o.HiveMQPlatformReconciler - [helmmqtt] Reconciling HiveMQ Platform 'test-hivemq-platform' in namespace 'helmmqttit'
2025-01-30 18:20:17,766 INFO c.h.h.t.HelmChartContainer - [hivemq-test-hivemq-platform] [hivemq-platform-operator] [a5bf7744] 18:20:17.764 [ReconcilerExecutor-hivemq-controller-54] DEBUG c.h.p.o.HiveMQPlatformReconciler - [helmmqtt] Custom Resource Status CREATED - HiveMQ Platform was created (READY)
2025-01-30 18:20:17,766 INFO c.h.h.t.HelmChartContainer - [hivemq-test-hivemq-platform] [hivemq-platform-operator] [a5bf7744] 18:20:17.765 [ReconcilerExecutor-hivemq-controller-54] DEBUG c.h.p.o.HiveMQPlatformReconciler - [helmmqtt] Custom Resource Spec (replicas: 1) (extensions: 1)
2025-01-30 18:20:17,769 INFO c.h.h.t.HelmChartContainer - [hivemq-test-hivemq-platform] [hivemq-platform-operator] [a5bf7744] 18:20:17.768 [ReconcilerExecutor-hivemq-controller-54] INFO  c.h.p.o.h.HiveMQPlatformReconcilerBaseHandler - [helmmqtt] HiveMQ Platform is starting
2025-01-30 18:20:17,871 INFO c.h.h.t.HelmChartContainer - [hivemq-test-hivemq-platform] [hivemq-platform-operator] [a5bf7744] 18:20:17.870 [ReconcilerExecutor-hivemq-controller-54] DEBUG c.h.p.operator.event.EventSender - [helmmqtt] Creating K8s event hivemq-platform-starting: [Start] HiveMQ Platform is starting
2025-01-30 18:20:17,880 INFO c.h.h.t.HelmChartContainer - [EVENT] Normal [Start] HiveMQ Platform is starting [helmmqttit:test-hivemq-platform]
2025-01-30 18:20:17,885 INFO c.h.h.t.HelmChartContainer - [hivemq-test-hivemq-platform] [hivemq-platform-operator] [a5bf7744] 18:20:17.884 [ReconcilerExecutor-hivemq-controller-54] INFO  c.h.p.o.h.AbstractHiveMQReconcilerStateHandler - [helmmqtt] Update HiveMQ Platform Status (CREATED [READY] -> STARTING [READY]): HiveMQ Platform is starting
2025-01-30 18:20:17,988 DEBUG com.hivemq.helmcharts.util.K8sUtil - Comparing actual state 'STARTING' and waiting for 'RUNNING'
2025-01-30 18:20:28,009 INFO c.h.h.t.HelmChartContainer - [hivemq-test-hivemq-platform] [hivemq-platform-operator] [a5bf7744] 18:20:28.007 [pool-6-thread-12] DEBUG c.h.p.o.d.PlatformServiceResource - [helmmqtt] Desired Platform services (2 services)
2025-01-30 18:20:28,011 INFO c.h.h.t.HelmChartContainer - [hivemq-test-hivemq-platform] [hivemq-platform-operator] [a5bf7744] 18:20:28.010 [pool-6-thread-13] DEBUG c.h.p.o.dependants.PodInfoConfigMap - [helmmqtt] Desired PodInfo ConfigMap (1 extensions) (1 enabled)
2025-01-30 18:20:28,013 INFO c.h.h.t.HelmChartContainer - [hivemq-test-hivemq-platform] [hivemq-platform-operator] [a5bf7744] 18:20:28.010 [pool-6-thread-13] DEBUG c.h.p.o.dependants.PodInfoConfigMap - [helmmqtt] Desired PodInfo ConfigMap (metrics port: 9399) (metrics path: /)
2025-01-30 18:20:28,013 INFO c.h.h.t.HelmChartContainer - [hivemq-test-hivemq-platform] [hivemq-platform-operator] [a5bf7744] 18:20:28.010 [pool-6-thread-13] DEBUG c.h.p.o.dependants.PodInfoConfigMap - [helmmqtt] Desired PodInfo ConfigMap (extension state hash: -1817474005)
2025-01-30 18:20:28,013 INFO c.h.h.t.HelmChartContainer - [hivemq-test-hivemq-platform] [hivemq-platform-operator] [a5bf7744] 18:20:28.011 [pool-6-thread-17] DEBUG c.h.p.o.d.PodServiceAccountResource - [helmmqtt] Desired PodServiceAccountResource (serviceAccountName: hivemq-platform-pod-test-hivemq-platform)
2025-01-30 18:20:28,017 INFO c.h.h.t.HelmChartContainer - [hivemq-test-hivemq-platform] [hivemq-platform-operator] [a5bf7744] 18:20:28.017 [pool-6-thread-13] DEBUG c.h.p.o.dependants.PodInfoConfigMap - [helmmqtt] Update PodInfo ConfigMap
2025-01-30 18:20:28,023 INFO c.h.h.t.HelmChartContainer - [K3S] [alloc.go:330] "allocated clusterIPs" service="helmmqttit/hivemq-test-hivemq-platform-metrics-9399" clusterIPs={"IPv4":"10.43.210.27"}
2025-01-30 18:20:28,080 INFO c.h.h.t.HelmChartContainer - [K3S] [alloc.go:330] "allocated clusterIPs" service="helmmqttit/hivemq-test-hivemq-platform-mqtt-1884" clusterIPs={"IPv4":"10.43.190.185"}
2025-01-30 18:20:28,168 INFO c.h.h.t.HelmChartContainer - [hivemq-test-hivemq-platform] [hivemq-platform-operator] [a5bf7744] 18:20:28.167 [pool-6-thread-20] DEBUG c.h.p.o.d.StatefulSetResource - [helmmqtt] Desired StatefulSet (1 replicas) for status STARTING (READY)
2025-01-30 18:20:28,181 INFO c.h.h.t.HelmChartContainer - [hivemq-test-hivemq-platform] [hivemq-platform-operator] [a5bf7744] 18:20:28.181 [pool-6-thread-20] DEBUG c.h.p.o.d.StatefulSetResource - [helmmqtt] Create StatefulSet
2025-01-30 18:20:28,206 INFO c.h.h.t.HelmChartContainer - [POD] test-hivemq-platform-0 [3cc2c195-3eda-4ce6-aac7-b1aa79f91265] in helmmqttit was ADDED
2025-01-30 18:20:28,208 INFO c.h.h.t.HelmChartContainer - [POD] test-hivemq-platform-0 [3cc2c195-3eda-4ce6-aac7-b1aa79f91265] in helmmqttit was MODIFIED
2025-01-30 18:20:28,209 INFO c.h.h.t.HelmChartContainer - [EVENT] Normal [SuccessfulCreate] create Pod test-hivemq-platform-0 in StatefulSet test-hivemq-platform successful [helmmqttit:test-hivemq-platform]
2025-01-30 18:20:28,211 INFO c.h.h.t.HelmChartContainer - [EVENT] Normal [Scheduled] Successfully assigned helmmqttit/test-hivemq-platform-0 to 0019a1e396a2 [helmmqttit:test-hivemq-platform-0]
2025-01-30 18:20:28,219 INFO c.h.h.t.HelmChartContainer - [POD] test-hivemq-platform-0 [3cc2c195-3eda-4ce6-aac7-b1aa79f91265] in helmmqttit was MODIFIED
2025-01-30 18:20:28,276 INFO c.h.h.t.HelmChartContainer - [hivemq-test-hivemq-platform] [hivemq-platform-operator] [a5bf7744] 18:20:28.273 [ReconcilerExecutor-hivemq-controller-65] INFO  c.h.p.o.HiveMQPlatformReconciler - [helmmqtt] Reconciling HiveMQ Platform 'test-hivemq-platform' in namespace 'helmmqttit'
2025-01-30 18:20:28,276 INFO c.h.h.t.HelmChartContainer - [hivemq-test-hivemq-platform] [hivemq-platform-operator] [a5bf7744] 18:20:28.273 [ReconcilerExecutor-hivemq-controller-65] DEBUG c.h.p.o.HiveMQPlatformReconciler - [helmmqtt] Custom Resource Status STARTING - HiveMQ Platform is starting (READY)
2025-01-30 18:20:28,276 INFO c.h.h.t.HelmChartContainer - [hivemq-test-hivemq-platform] [hivemq-platform-operator] [a5bf7744] 18:20:28.273 [ReconcilerExecutor-hivemq-controller-65] DEBUG c.h.p.o.HiveMQPlatformReconciler - [helmmqtt] Custom Resource Spec (replicas: 1) (extensions: 1)
2025-01-30 18:20:28,279 INFO c.h.h.t.HelmChartContainer - [hivemq-test-hivemq-platform] [hivemq-platform-operator] [a5bf7744] 18:20:28.278 [ReconcilerExecutor-hivemq-controller-65] DEBUG c.h.p.o.HiveMQPlatformReconciler - [helmmqtt] StatefulSet Status (revision: test-hivemq-platform-7bbc5894fb, replicas: 1, available: 0, ready: 0, current: 1, updated: 1)
2025-01-30 18:20:28,279 INFO c.h.h.t.HelmChartContainer - [hivemq-test-hivemq-platform] [hivemq-platform-operator] [a5bf7744] 18:20:28.278 [ReconcilerExecutor-hivemq-controller-65] DEBUG c.h.p.o.HiveMQPlatformReconciler - [helmmqtt] StatefulSet Spec (replicas: 1, init containers: 1, containers: 1, volumes: 3)
2025-01-30 18:20:28,318 INFO c.h.h.t.HelmChartContainer - [K3S] [reconciler_common.go:251] "operationExecutor.VerifyControllerAttachedVolume started for volume \"pod-info\" (UniqueName: \"kubernetes.io/configmap/3cc2c195-3eda-4ce6-aac7-b1aa79f91265-pod-info\") pod \"test-hivemq-platform-0\" (UID: \"3cc2c195-3eda-4ce6-aac7-b1aa79f91265\") " pod="helmmqttit/test-hivemq-platform-0"
2025-01-30 18:20:28,318 INFO c.h.h.t.HelmChartContainer - [K3S] [reconciler_common.go:251] "operationExecutor.VerifyControllerAttachedVolume started for volume \"broker-configuration\" (UniqueName: \"kubernetes.io/configmap/3cc2c195-3eda-4ce6-aac7-b1aa79f91265-broker-configuration\") pod \"test-hivemq-platform-0\" (UID: \"3cc2c195-3eda-4ce6-aac7-b1aa79f91265\") " pod="helmmqttit/test-hivemq-platform-0"
2025-01-30 18:20:28,318 INFO c.h.h.t.HelmChartContainer - [K3S] [reconciler_common.go:251] "operationExecutor.VerifyControllerAttachedVolume started for volume \"operator-init\" (UniqueName: \"kubernetes.io/empty-dir/3cc2c195-3eda-4ce6-aac7-b1aa79f91265-operator-init\") pod \"test-hivemq-platform-0\" (UID: \"3cc2c195-3eda-4ce6-aac7-b1aa79f91265\") " pod="helmmqttit/test-hivemq-platform-0"
2025-01-30 18:20:28,318 INFO c.h.h.t.HelmChartContainer - [K3S] [reconciler_common.go:251] "operationExecutor.VerifyControllerAttachedVolume started for volume \"kube-api-access-jvznp\" (UniqueName: \"kubernetes.io/projected/3cc2c195-3eda-4ce6-aac7-b1aa79f91265-kube-api-access-jvznp\") pod \"test-hivemq-platform-0\" (UID: \"3cc2c195-3eda-4ce6-aac7-b1aa79f91265\") " pod="helmmqttit/test-hivemq-platform-0"
2025-01-30 18:20:28,376 INFO c.h.h.t.HelmChartContainer - [hivemq-test-hivemq-platform] [hivemq-platform-operator] [a5bf7744] 18:20:28.374 [ReconcilerExecutor-hivemq-controller-65] DEBUG c.h.p.o.h.HiveMQPlatformReconcilerErrorHandler - [helmmqtt] Pod 'test-hivemq-platform-0' phase Pending
2025-01-30 18:20:28,377 INFO c.h.h.t.HelmChartContainer - [hivemq-test-hivemq-platform] [hivemq-platform-operator] [a5bf7744] 18:20:28.375 [ReconcilerExecutor-hivemq-controller-65] DEBUG c.h.p.o.h.HiveMQPlatformReconcilerErrorHandler - [helmmqtt] Pod 'test-hivemq-platform-0' condition 'PodReadyToStartContainers': False
2025-01-30 18:20:28,377 INFO c.h.h.t.HelmChartContainer - [hivemq-test-hivemq-platform] [hivemq-platform-operator] [a5bf7744] 18:20:28.375 [ReconcilerExecutor-hivemq-controller-65] DEBUG c.h.p.o.h.HiveMQPlatformReconcilerErrorHandler - [helmmqtt] Pod 'test-hivemq-platform-0' condition 'Initialized': False
2025-01-30 18:20:28,377 INFO c.h.h.t.HelmChartContainer - [hivemq-test-hivemq-platform] [hivemq-platform-operator] [a5bf7744] 18:20:28.375 [ReconcilerExecutor-hivemq-controller-65] DEBUG c.h.p.o.h.HiveMQPlatformReconcilerErrorHandler - [helmmqtt] Pod 'test-hivemq-platform-0' condition 'Ready': False
2025-01-30 18:20:28,377 INFO c.h.h.t.HelmChartContainer - [hivemq-test-hivemq-platform] [hivemq-platform-operator] [a5bf7744] 18:20:28.375 [ReconcilerExecutor-hivemq-controller-65] DEBUG c.h.p.o.h.HiveMQPlatformReconcilerErrorHandler - [helmmqtt] Pod 'test-hivemq-platform-0' condition 'ContainersReady': False
2025-01-30 18:20:28,377 INFO c.h.h.t.HelmChartContainer - [hivemq-test-hivemq-platform] [hivemq-platform-operator] [a5bf7744] 18:20:28.375 [ReconcilerExecutor-hivemq-controller-65] DEBUG c.h.p.o.h.HiveMQPlatformReconcilerErrorHandler - [helmmqtt] Pod 'test-hivemq-platform-0' condition 'PodScheduled': True
2025-01-30 18:20:28,378 INFO c.h.h.t.HelmChartContainer - [hivemq-test-hivemq-platform] [hivemq-platform-operator] [a5bf7744] 18:20:28.376 [ReconcilerExecutor-hivemq-controller-65] DEBUG c.h.p.o.h.HiveMQPlatformReconcilerErrorHandler - [helmmqtt] Pod 'test-hivemq-platform-0' containerStatus 'hivemq' (started: false) (ready: false) (waiting: [PodInitializing] null)
2025-01-30 18:20:28,379 INFO c.h.h.t.HelmChartContainer - [hivemq-test-hivemq-platform] [hivemq-platform-operator] [a5bf7744] 18:20:28.378 [ReconcilerExecutor-hivemq-controller-65] INFO  c.h.p.o.h.HiveMQPlatformReconcilerBaseHandler - [helmmqtt] HiveMQ Platform is starting, 0 of 1 replicas are ready
2025-01-30 18:20:28,467 INFO c.h.h.t.HelmChartContainer - [hivemq-test-hivemq-platform] [hivemq-platform-operator] [a5bf7744] 18:20:28.465 [pool-6-thread-22] DEBUG c.h.p.o.d.PlatformServiceResource - [helmmqtt] Desired Platform services (2 services)
2025-01-30 18:20:28,469 INFO c.h.h.t.HelmChartContainer - [hivemq-test-hivemq-platform] [hivemq-platform-operator] [a5bf7744] 18:20:28.468 [pool-6-thread-23] DEBUG c.h.p.o.dependants.PodInfoConfigMap - [helmmqtt] Desired PodInfo ConfigMap (1 extensions) (1 enabled)
2025-01-30 18:20:28,469 INFO c.h.h.t.HelmChartContainer - [hivemq-test-hivemq-platform] [hivemq-platform-operator] [a5bf7744] 18:20:28.468 [pool-6-thread-23] DEBUG c.h.p.o.dependants.PodInfoConfigMap - [helmmqtt] Desired PodInfo ConfigMap (metrics port: 9399) (metrics path: /)
2025-01-30 18:20:28,470 INFO c.h.h.t.HelmChartContainer - [hivemq-test-hivemq-platform] [hivemq-platform-operator] [a5bf7744] 18:20:28.468 [pool-6-thread-23] DEBUG c.h.p.o.dependants.PodInfoConfigMap - [helmmqtt] Desired PodInfo ConfigMap (extension state hash: -1817474005)
2025-01-30 18:20:28,471 INFO c.h.h.t.HelmChartContainer - [hivemq-test-hivemq-platform] [hivemq-platform-operator] [a5bf7744] 18:20:28.470 [pool-6-thread-27] DEBUG c.h.p.o.d.PodServiceAccountResource - [helmmqtt] Desired PodServiceAccountResource (serviceAccountName: hivemq-platform-pod-test-hivemq-platform)
2025-01-30 18:20:28,476 INFO c.h.h.t.HelmChartContainer - [hivemq-test-hivemq-platform] [hivemq-platform-operator] [a5bf7744] 18:20:28.475 [pool-6-thread-30] DEBUG c.h.p.o.d.StatefulSetResource - [helmmqtt] Desired StatefulSet (1 replicas) for status STARTING (READY)
2025-01-30 18:20:28,569 INFO c.h.h.t.HelmChartContainer - [hivemq-test-hivemq-platform] [hivemq-platform-operator] [a5bf7744] 18:20:28.566 [ReconcilerExecutor-hivemq-controller-76] INFO  c.h.p.o.HiveMQPlatformReconciler - [helmmqtt] Reconciling HiveMQ Platform 'test-hivemq-platform' in namespace 'helmmqttit'
2025-01-30 18:20:28,569 INFO c.h.h.t.HelmChartContainer - [hivemq-test-hivemq-platform] [hivemq-platform-operator] [a5bf7744] 18:20:28.566 [ReconcilerExecutor-hivemq-controller-76] DEBUG c.h.p.o.HiveMQPlatformReconciler - [helmmqtt] Custom Resource Status STARTING - HiveMQ Platform is starting (READY)
2025-01-30 18:20:28,569 INFO c.h.h.t.HelmChartContainer - [hivemq-test-hivemq-platform] [hivemq-platform-operator] [a5bf7744] 18:20:28.566 [ReconcilerExecutor-hivemq-controller-76] DEBUG c.h.p.o.HiveMQPlatformReconciler - [helmmqtt] Custom Resource Spec (replicas: 1) (extensions: 1)
2025-01-30 18:20:28,571 INFO c.h.h.t.HelmChartContainer - [hivemq-test-hivemq-platform] [hivemq-platform-operator] [a5bf7744] 18:20:28.570 [ReconcilerExecutor-hivemq-controller-76] DEBUG c.h.p.o.HiveMQPlatformReconciler - [helmmqtt] StatefulSet Status (revision: test-hivemq-platform-7bbc5894fb, replicas: 1, available: 0, ready: 0, current: 1, updated: 1)
2025-01-30 18:20:28,573 INFO c.h.h.t.HelmChartContainer - [hivemq-test-hivemq-platform] [hivemq-platform-operator] [a5bf7744] 18:20:28.571 [ReconcilerExecutor-hivemq-controller-76] DEBUG c.h.p.o.HiveMQPlatformReconciler - [helmmqtt] StatefulSet Spec (replicas: 1, init containers: 1, containers: 1, volumes: 3)
2025-01-30 18:20:28,574 INFO c.h.h.t.HelmChartContainer - [hivemq-test-hivemq-platform] [hivemq-platform-operator] [a5bf7744] 18:20:28.573 [ReconcilerExecutor-hivemq-controller-76] DEBUG c.h.p.o.h.HiveMQPlatformReconcilerErrorHandler - [helmmqtt] Pod 'test-hivemq-platform-0' phase Pending
2025-01-30 18:20:28,576 INFO c.h.h.t.HelmChartContainer - [hivemq-test-hivemq-platform] [hivemq-platform-operator] [a5bf7744] 18:20:28.573 [ReconcilerExecutor-hivemq-controller-76] DEBUG c.h.p.o.h.HiveMQPlatformReconcilerErrorHandler - [helmmqtt] Pod 'test-hivemq-platform-0' condition 'PodReadyToStartContainers': False
2025-01-30 18:20:28,576 INFO c.h.h.t.HelmChartContainer - [hivemq-test-hivemq-platform] [hivemq-platform-operator] [a5bf7744] 18:20:28.575 [ReconcilerExecutor-hivemq-controller-76] DEBUG c.h.p.o.h.HiveMQPlatformReconcilerErrorHandler - [helmmqtt] Pod 'test-hivemq-platform-0' condition 'Initialized': False
2025-01-30 18:20:28,576 INFO c.h.h.t.HelmChartContainer - [hivemq-test-hivemq-platform] [hivemq-platform-operator] [a5bf7744] 18:20:28.575 [ReconcilerExecutor-hivemq-controller-76] DEBUG c.h.p.o.h.HiveMQPlatformReconcilerErrorHandler - [helmmqtt] Pod 'test-hivemq-platform-0' condition 'Ready': False
2025-01-30 18:20:28,576 INFO c.h.h.t.HelmChartContainer - [hivemq-test-hivemq-platform] [hivemq-platform-operator] [a5bf7744] 18:20:28.575 [ReconcilerExecutor-hivemq-controller-76] DEBUG c.h.p.o.h.HiveMQPlatformReconcilerErrorHandler - [helmmqtt] Pod 'test-hivemq-platform-0' condition 'ContainersReady': False
2025-01-30 18:20:28,576 INFO c.h.h.t.HelmChartContainer - [hivemq-test-hivemq-platform] [hivemq-platform-operator] [a5bf7744] 18:20:28.575 [ReconcilerExecutor-hivemq-controller-76] DEBUG c.h.p.o.h.HiveMQPlatformReconcilerErrorHandler - [helmmqtt] Pod 'test-hivemq-platform-0' condition 'PodScheduled': True
2025-01-30 18:20:28,576 INFO c.h.h.t.HelmChartContainer - [hivemq-test-hivemq-platform] [hivemq-platform-operator] [a5bf7744] 18:20:28.575 [ReconcilerExecutor-hivemq-controller-76] DEBUG c.h.p.o.h.HiveMQPlatformReconcilerErrorHandler - [helmmqtt] Pod 'test-hivemq-platform-0' containerStatus 'hivemq' (started: false) (ready: false) (waiting: [PodInitializing] null)
2025-01-30 18:20:28,578 INFO c.h.h.t.HelmChartContainer - [hivemq-test-hivemq-platform] [hivemq-platform-operator] [a5bf7744] 18:20:28.577 [ReconcilerExecutor-hivemq-controller-76] INFO  c.h.p.o.h.HiveMQPlatformReconcilerBaseHandler - [helmmqtt] HiveMQ Platform is starting, 0 of 1 replicas are ready
2025-01-30 18:20:28,603 INFO c.h.h.t.HelmChartContainer - [EVENT] Normal [Pulled] Container image "docker.io/hivemq/hivemq-platform-operator-init-test:snapshot" already present on machine [helmmqttit:test-hivemq-platform-0]
2025-01-30 18:20:28,715 INFO c.h.h.t.HelmChartContainer - [EVENT] Normal [Created] Created container: hivemq-platform-operator-init [helmmqttit:test-hivemq-platform-0]
2025-01-30 18:20:28,752 INFO c.h.h.t.HelmChartContainer - [EVENT] Normal [Started] Started container hivemq-platform-operator-init [helmmqttit:test-hivemq-platform-0]
2025-01-30 18:20:28,840 INFO c.h.h.t.HelmChartContainer - [POD] test-hivemq-platform-0 [3cc2c195-3eda-4ce6-aac7-b1aa79f91265] in helmmqttit was MODIFIED
2025-01-30 18:20:28,866 INFO c.h.h.t.HelmChartContainer - [hivemq-test-hivemq-platform] [hivemq-platform-operator] [a5bf7744] 18:20:28.862 [pool-6-thread-32] DEBUG c.h.p.o.d.PlatformServiceResource - [helmmqtt] Desired Platform services (2 services)
2025-01-30 18:20:28,872 INFO c.h.h.t.HelmChartContainer - [hivemq-test-hivemq-platform] [hivemq-platform-operator] [a5bf7744] 18:20:28.868 [pool-6-thread-37] DEBUG c.h.p.o.d.PodServiceAccountResource - [helmmqtt] Desired PodServiceAccountResource (serviceAccountName: hivemq-platform-pod-test-hivemq-platform)
2025-01-30 18:20:28,872 INFO c.h.h.t.HelmChartContainer - [hivemq-test-hivemq-platform] [hivemq-platform-operator] [a5bf7744] 18:20:28.870 [pool-6-thread-33] DEBUG c.h.p.o.dependants.PodInfoConfigMap - [helmmqtt] Desired PodInfo ConfigMap (1 extensions) (1 enabled)
2025-01-30 18:20:28,872 INFO c.h.h.t.HelmChartContainer - [hivemq-test-hivemq-platform] [hivemq-platform-operator] [a5bf7744] 18:20:28.870 [pool-6-thread-33] DEBUG c.h.p.o.dependants.PodInfoConfigMap - [helmmqtt] Desired PodInfo ConfigMap (metrics port: 9399) (metrics path: /)
2025-01-30 18:20:28,872 INFO c.h.h.t.HelmChartContainer - [hivemq-test-hivemq-platform] [hivemq-platform-operator] [a5bf7744] 18:20:28.870 [pool-6-thread-33] DEBUG c.h.p.o.dependants.PodInfoConfigMap - [helmmqtt] Desired PodInfo ConfigMap (extension state hash: -1817474005)
2025-01-30 18:20:28,954 INFO c.h.h.t.HelmChartContainer - [hivemq-test-hivemq-platform] [hivemq-platform-operator] [a5bf7744] 18:20:28.951 [pool-6-thread-40] DEBUG c.h.p.o.d.StatefulSetResource - [helmmqtt] Desired StatefulSet (1 replicas) for status STARTING (READY)
2025-01-30 18:20:28,970 INFO c.h.h.t.HelmChartContainer - [hivemq-test-hivemq-platform] [hivemq-platform-operator] [a5bf7744] 18:20:28.965 [ReconcilerExecutor-hivemq-controller-87] INFO  c.h.p.o.HiveMQPlatformReconciler - [helmmqtt] Reconciling HiveMQ Platform 'test-hivemq-platform' in namespace 'helmmqttit'
2025-01-30 18:20:28,970 INFO c.h.h.t.HelmChartContainer - [hivemq-test-hivemq-platform] [hivemq-platform-operator] [a5bf7744] 18:20:28.965 [ReconcilerExecutor-hivemq-controller-87] DEBUG c.h.p.o.HiveMQPlatformReconciler - [helmmqtt] Custom Resource Status STARTING - HiveMQ Platform is starting (READY)
2025-01-30 18:20:28,970 INFO c.h.h.t.HelmChartContainer - [hivemq-test-hivemq-platform] [hivemq-platform-operator] [a5bf7744] 18:20:28.965 [ReconcilerExecutor-hivemq-controller-87] DEBUG c.h.p.o.HiveMQPlatformReconciler - [helmmqtt] Custom Resource Spec (replicas: 1) (extensions: 1)
2025-01-30 18:20:28,970 INFO c.h.h.t.HelmChartContainer - [hivemq-test-hivemq-platform] [hivemq-platform-operator] [a5bf7744] 18:20:28.967 [ReconcilerExecutor-hivemq-controller-87] DEBUG c.h.p.o.HiveMQPlatformReconciler - [helmmqtt] StatefulSet Status (revision: test-hivemq-platform-7bbc5894fb, replicas: 1, available: 0, ready: 0, current: 1, updated: 1)
2025-01-30 18:20:28,970 INFO c.h.h.t.HelmChartContainer - [hivemq-test-hivemq-platform] [hivemq-platform-operator] [a5bf7744] 18:20:28.967 [ReconcilerExecutor-hivemq-controller-87] DEBUG c.h.p.o.HiveMQPlatformReconciler - [helmmqtt] StatefulSet Spec (replicas: 1, init containers: 1, containers: 1, volumes: 3)
2025-01-30 18:20:28,971 INFO c.h.h.t.HelmChartContainer - [hivemq-test-hivemq-platform] [hivemq-platform-operator] [a5bf7744] 18:20:28.970 [ReconcilerExecutor-hivemq-controller-87] DEBUG c.h.p.o.h.HiveMQPlatformReconcilerErrorHandler - [helmmqtt] Pod 'test-hivemq-platform-0' phase Pending
2025-01-30 18:20:28,972 INFO c.h.h.t.HelmChartContainer - [hivemq-test-hivemq-platform] [hivemq-platform-operator] [a5bf7744] 18:20:28.971 [ReconcilerExecutor-hivemq-controller-87] DEBUG c.h.p.o.h.HiveMQPlatformReconcilerErrorHandler - [helmmqtt] Pod 'test-hivemq-platform-0' condition 'PodReadyToStartContainers': True
2025-01-30 18:20:28,973 INFO c.h.h.t.HelmChartContainer - [hivemq-test-hivemq-platform] [hivemq-platform-operator] [a5bf7744] 18:20:28.972 [ReconcilerExecutor-hivemq-controller-87] DEBUG c.h.p.o.h.HiveMQPlatformReconcilerErrorHandler - [helmmqtt] Pod 'test-hivemq-platform-0' condition 'Initialized': False
2025-01-30 18:20:28,974 INFO c.h.h.t.HelmChartContainer - [hivemq-test-hivemq-platform] [hivemq-platform-operator] [a5bf7744] 18:20:28.972 [ReconcilerExecutor-hivemq-controller-87] DEBUG c.h.p.o.h.HiveMQPlatformReconcilerErrorHandler - [helmmqtt] Pod 'test-hivemq-platform-0' condition 'Ready': False
2025-01-30 18:20:28,975 INFO c.h.h.t.HelmChartContainer - [hivemq-test-hivemq-platform] [hivemq-platform-operator] [a5bf7744] 18:20:28.973 [ReconcilerExecutor-hivemq-controller-87] DEBUG c.h.p.o.h.HiveMQPlatformReconcilerErrorHandler - [helmmqtt] Pod 'test-hivemq-platform-0' condition 'ContainersReady': False
2025-01-30 18:20:28,975 INFO c.h.h.t.HelmChartContainer - [hivemq-test-hivemq-platform] [hivemq-platform-operator] [a5bf7744] 18:20:28.973 [ReconcilerExecutor-hivemq-controller-87] DEBUG c.h.p.o.h.HiveMQPlatformReconcilerErrorHandler - [helmmqtt] Pod 'test-hivemq-platform-0' condition 'PodScheduled': True
2025-01-30 18:20:28,975 INFO c.h.h.t.HelmChartContainer - [hivemq-test-hivemq-platform] [hivemq-platform-operator] [a5bf7744] 18:20:28.973 [ReconcilerExecutor-hivemq-controller-87] DEBUG c.h.p.o.h.HiveMQPlatformReconcilerErrorHandler - [helmmqtt] Pod 'test-hivemq-platform-0' containerStatus 'hivemq' (started: false) (ready: false) (waiting: [PodInitializing] null)
2025-01-30 18:20:28,975 INFO c.h.h.t.HelmChartContainer - [hivemq-test-hivemq-platform] [hivemq-platform-operator] [a5bf7744] 18:20:28.974 [ReconcilerExecutor-hivemq-controller-87] INFO  c.h.p.o.h.HiveMQPlatformReconcilerBaseHandler - [helmmqtt] HiveMQ Platform is starting, 0 of 1 replicas are ready
2025-01-30 18:20:29,834 INFO c.h.h.t.HelmChartContainer - [EVENT] Normal [Pulled] Container image "docker.io/hivemq/hivemq4:4.36.0" already present on machine [helmmqttit:test-hivemq-platform-0]
2025-01-30 18:20:29,834 INFO c.h.h.t.HelmChartContainer - Received Pulled event for container hivemq in pod test-hivemq-platform-0 [3cc2c195-3eda-4ce6-aac7-b1aa79f91265]
2025-01-30 18:20:29,840 INFO c.h.h.t.HelmChartContainer - [POD] test-hivemq-platform-0 [3cc2c195-3eda-4ce6-aac7-b1aa79f91265] in helmmqttit was MODIFIED
2025-01-30 18:20:29,853 INFO c.h.h.t.HelmChartContainer - [hivemq-test-hivemq-platform] [hivemq-platform-operator] [a5bf7744] 18:20:29.848 [pool-6-thread-42] DEBUG c.h.p.o.d.PlatformServiceResource - [helmmqtt] Desired Platform services (2 services)
2025-01-30 18:20:29,853 INFO c.h.h.t.HelmChartContainer - [hivemq-test-hivemq-platform] [hivemq-platform-operator] [a5bf7744] 18:20:29.849 [pool-6-thread-43] DEBUG c.h.p.o.dependants.PodInfoConfigMap - [helmmqtt] Desired PodInfo ConfigMap (1 extensions) (1 enabled)
2025-01-30 18:20:29,853 INFO c.h.h.t.HelmChartContainer - [hivemq-test-hivemq-platform] [hivemq-platform-operator] [a5bf7744] 18:20:29.850 [pool-6-thread-43] DEBUG c.h.p.o.dependants.PodInfoConfigMap - [helmmqtt] Desired PodInfo ConfigMap (metrics port: 9399) (metrics path: /)
2025-01-30 18:20:29,853 INFO c.h.h.t.HelmChartContainer - [hivemq-test-hivemq-platform] [hivemq-platform-operator] [a5bf7744] 18:20:29.850 [pool-6-thread-43] DEBUG c.h.p.o.dependants.PodInfoConfigMap - [helmmqtt] Desired PodInfo ConfigMap (extension state hash: -1817474005)
2025-01-30 18:20:29,857 INFO c.h.h.t.HelmChartContainer - [hivemq-test-hivemq-platform] [hivemq-platform-operator] [a5bf7744] 18:20:29.855 [pool-6-thread-47] DEBUG c.h.p.o.d.PodServiceAccountResource - [helmmqtt] Desired PodServiceAccountResource (serviceAccountName: hivemq-platform-pod-test-hivemq-platform)
2025-01-30 18:20:29,868 INFO c.h.h.t.HelmChartContainer - [hivemq-test-hivemq-platform] [hivemq-platform-operator] [a5bf7744] 18:20:29.865 [pool-6-thread-50] DEBUG c.h.p.o.d.StatefulSetResource - [helmmqtt] Desired StatefulSet (1 replicas) for status STARTING (READY)
2025-01-30 18:20:29,871 INFO c.h.h.t.HelmChartContainer - [hivemq-test-hivemq-platform] [hivemq-platform-operator] [a5bf7744] 18:20:29.870 [ReconcilerExecutor-hivemq-controller-98] INFO  c.h.p.o.HiveMQPlatformReconciler - [helmmqtt] Reconciling HiveMQ Platform 'test-hivemq-platform' in namespace 'helmmqttit'
2025-01-30 18:20:29,872 INFO c.h.h.t.HelmChartContainer - [hivemq-test-hivemq-platform] [hivemq-platform-operator] [a5bf7744] 18:20:29.871 [ReconcilerExecutor-hivemq-controller-98] DEBUG c.h.p.o.HiveMQPlatformReconciler - [helmmqtt] Custom Resource Status STARTING - HiveMQ Platform is starting (READY)
2025-01-30 18:20:29,872 INFO c.h.h.t.HelmChartContainer - [hivemq-test-hivemq-platform] [hivemq-platform-operator] [a5bf7744] 18:20:29.871 [ReconcilerExecutor-hivemq-controller-98] DEBUG c.h.p.o.HiveMQPlatformReconciler - [helmmqtt] Custom Resource Spec (replicas: 1) (extensions: 1)
2025-01-30 18:20:29,952 INFO c.h.h.t.HelmChartContainer - [hivemq-test-hivemq-platform] [hivemq-platform-operator] [a5bf7744] 18:20:29.950 [ReconcilerExecutor-hivemq-controller-98] DEBUG c.h.p.o.HiveMQPlatformReconciler - [helmmqtt] StatefulSet Status (revision: test-hivemq-platform-7bbc5894fb, replicas: 1, available: 0, ready: 0, current: 1, updated: 1)
2025-01-30 18:20:29,952 INFO c.h.h.t.HelmChartContainer - [hivemq-test-hivemq-platform] [hivemq-platform-operator] [a5bf7744] 18:20:29.951 [ReconcilerExecutor-hivemq-controller-98] DEBUG c.h.p.o.HiveMQPlatformReconciler - [helmmqtt] StatefulSet Spec (replicas: 1, init containers: 1, containers: 1, volumes: 3)
2025-01-30 18:20:29,955 INFO c.h.h.t.HelmChartContainer - [hivemq-test-hivemq-platform] [hivemq-platform-operator] [a5bf7744] 18:20:29.954 [ReconcilerExecutor-hivemq-controller-98] DEBUG c.h.p.o.h.HiveMQPlatformReconcilerErrorHandler - [helmmqtt] Pod 'test-hivemq-platform-0' phase Pending
2025-01-30 18:20:29,956 INFO c.h.h.t.HelmChartContainer - [hivemq-test-hivemq-platform] [hivemq-platform-operator] [a5bf7744] 18:20:29.955 [ReconcilerExecutor-hivemq-controller-98] DEBUG c.h.p.o.h.HiveMQPlatformReconcilerErrorHandler - [helmmqtt] Pod 'test-hivemq-platform-0' condition 'PodReadyToStartContainers': True
2025-01-30 18:20:29,958 INFO c.h.h.t.HelmChartContainer - [hivemq-test-hivemq-platform] [hivemq-platform-operator] [a5bf7744] 18:20:29.956 [ReconcilerExecutor-hivemq-controller-98] DEBUG c.h.p.o.h.HiveMQPlatformReconcilerErrorHandler - [helmmqtt] Pod 'test-hivemq-platform-0' condition 'Initialized': True
2025-01-30 18:20:29,958 INFO c.h.h.t.HelmChartContainer - [hivemq-test-hivemq-platform] [hivemq-platform-operator] [a5bf7744] 18:20:29.956 [ReconcilerExecutor-hivemq-controller-98] DEBUG c.h.p.o.h.HiveMQPlatformReconcilerErrorHandler - [helmmqtt] Pod 'test-hivemq-platform-0' condition 'Ready': False
2025-01-30 18:20:29,958 INFO c.h.h.t.HelmChartContainer - [hivemq-test-hivemq-platform] [hivemq-platform-operator] [a5bf7744] 18:20:29.956 [ReconcilerExecutor-hivemq-controller-98] DEBUG c.h.p.o.h.HiveMQPlatformReconcilerErrorHandler - [helmmqtt] Pod 'test-hivemq-platform-0' condition 'ContainersReady': False
2025-01-30 18:20:29,959 INFO c.h.h.t.HelmChartContainer - [hivemq-test-hivemq-platform] [hivemq-platform-operator] [a5bf7744] 18:20:29.956 [ReconcilerExecutor-hivemq-controller-98] DEBUG c.h.p.o.h.HiveMQPlatformReconcilerErrorHandler - [helmmqtt] Pod 'test-hivemq-platform-0' condition 'PodScheduled': True
2025-01-30 18:20:29,960 INFO c.h.h.t.HelmChartContainer - [hivemq-test-hivemq-platform] [hivemq-platform-operator] [a5bf7744] 18:20:29.957 [ReconcilerExecutor-hivemq-controller-98] DEBUG c.h.p.o.h.HiveMQPlatformReconcilerErrorHandler - [helmmqtt] Pod 'test-hivemq-platform-0' containerStatus 'hivemq' (started: false) (ready: false) (waiting: [PodInitializing] null)
2025-01-30 18:20:29,960 INFO c.h.h.t.HelmChartContainer - [hivemq-test-hivemq-platform] [hivemq-platform-operator] [a5bf7744] 18:20:29.959 [ReconcilerExecutor-hivemq-controller-98] INFO  c.h.p.o.h.HiveMQPlatformReconcilerBaseHandler - [helmmqtt] HiveMQ Platform is starting, 0 of 1 replicas are ready
2025-01-30 18:20:30,894 INFO c.h.h.t.HelmChartContainer - [EVENT] Normal [Created] Created container: hivemq [helmmqttit:test-hivemq-platform-0]
2025-01-30 18:20:30,894 INFO c.h.h.t.HelmChartContainer - Received Created event for container hivemq in pod test-hivemq-platform-0 [3cc2c195-3eda-4ce6-aac7-b1aa79f91265]
2025-01-30 18:20:31,848 INFO c.h.h.t.HelmChartContainer - [POD] test-hivemq-platform-0 [3cc2c195-3eda-4ce6-aac7-b1aa79f91265] in helmmqttit was MODIFIED
2025-01-30 18:20:31,856 INFO c.h.h.t.HelmChartContainer - [hivemq-test-hivemq-platform] [hivemq-platform-operator] [a5bf7744] 18:20:31.850 [pool-6-thread-3] DEBUG c.h.p.o.d.PlatformServiceResource - [helmmqtt] Desired Platform services (2 services)
2025-01-30 18:20:31,858 INFO c.h.h.t.HelmChartContainer - [hivemq-test-hivemq-platform] [hivemq-platform-operator] [a5bf7744] 18:20:31.856 [pool-6-thread-2] DEBUG c.h.p.o.d.PodServiceAccountResource - [helmmqtt] Desired PodServiceAccountResource (serviceAccountName: hivemq-platform-pod-test-hivemq-platform)
2025-01-30 18:20:31,861 INFO c.h.h.t.HelmChartContainer - Started log watcher for hivemq in pod test-hivemq-platform-0 [3cc2c195-3eda-4ce6-aac7-b1aa79f91265]
2025-01-30 18:20:31,863 INFO c.h.h.t.HelmChartContainer - [EVENT] Normal [Started] Started container hivemq [helmmqttit:test-hivemq-platform-0]
2025-01-30 18:20:31,864 INFO c.h.h.t.HelmChartContainer - [hivemq-test-hivemq-platform] [hivemq-platform-operator] [a5bf7744] 18:20:31.860 [pool-6-thread-6] DEBUG c.h.p.o.dependants.PodInfoConfigMap - [helmmqtt] Desired PodInfo ConfigMap (1 extensions) (1 enabled)
2025-01-30 18:20:31,864 INFO c.h.h.t.HelmChartContainer - Received Started event for container hivemq in pod test-hivemq-platform-0 [3cc2c195-3eda-4ce6-aac7-b1aa79f91265]
2025-01-30 18:20:31,865 INFO c.h.h.t.HelmChartContainer - [test-hivemq-platform] [hivemq] [3cc2c195] Adding pre-installed HiveMQ Platform Operator extensions
2025-01-30 18:20:31,865 INFO c.h.h.t.HelmChartContainer - [test-hivemq-platform] [hivemq] [3cc2c195] Running as user 10000
2025-01-30 18:20:31,865 INFO c.h.h.t.HelmChartContainer - [test-hivemq-platform] [hivemq] [3cc2c195] Starting HiveMQ Platform Operator Init
2025-01-30 18:20:31,871 INFO c.h.h.t.HelmChartContainer - [hivemq-test-hivemq-platform] [hivemq-platform-operator] [a5bf7744] 18:20:31.866 [pool-6-thread-6] DEBUG c.h.p.o.dependants.PodInfoConfigMap - [helmmqtt] Desired PodInfo ConfigMap (metrics port: 9399) (metrics path: /)
2025-01-30 18:20:31,872 INFO c.h.h.t.HelmChartContainer - [hivemq-test-hivemq-platform] [hivemq-platform-operator] [a5bf7744] 18:20:31.867 [pool-6-thread-6] DEBUG c.h.p.o.dependants.PodInfoConfigMap - [helmmqtt] Desired PodInfo ConfigMap (extension state hash: -1817474005)
2025-01-30 18:20:31,875 INFO c.h.h.t.HelmChartContainer - [hivemq-test-hivemq-platform] [hivemq-platform-operator] [a5bf7744] 18:20:31.873 [pool-6-thread-3] DEBUG c.h.p.o.d.StatefulSetResource - [helmmqtt] Desired StatefulSet (1 replicas) for status STARTING (READY)
2025-01-30 18:20:31,887 INFO c.h.h.t.HelmChartContainer - [hivemq-test-hivemq-platform] [hivemq-platform-operator] [a5bf7744] 18:20:31.886 [ReconcilerExecutor-hivemq-controller-109] INFO  c.h.p.o.HiveMQPlatformReconciler - [helmmqtt] Reconciling HiveMQ Platform 'test-hivemq-platform' in namespace 'helmmqttit'
2025-01-30 18:20:31,950 INFO c.h.h.t.HelmChartContainer - [hivemq-test-hivemq-platform] [hivemq-platform-operator] [a5bf7744] 18:20:31.949 [ReconcilerExecutor-hivemq-controller-109] DEBUG c.h.p.o.HiveMQPlatformReconciler - [helmmqtt] Custom Resource Status STARTING - HiveMQ Platform is starting (READY)
2025-01-30 18:20:31,952 INFO c.h.h.t.HelmChartContainer - [hivemq-test-hivemq-platform] [hivemq-platform-operator] [a5bf7744] 18:20:31.949 [ReconcilerExecutor-hivemq-controller-109] DEBUG c.h.p.o.HiveMQPlatformReconciler - [helmmqtt] Custom Resource Spec (replicas: 1) (extensions: 1)
2025-01-30 18:20:31,952 INFO c.h.h.t.HelmChartContainer - [hivemq-test-hivemq-platform] [hivemq-platform-operator] [a5bf7744] 18:20:31.951 [ReconcilerExecutor-hivemq-controller-109] DEBUG c.h.p.o.HiveMQPlatformReconciler - [helmmqtt] StatefulSet Status (revision: test-hivemq-platform-7bbc5894fb, replicas: 1, available: 0, ready: 0, current: 1, updated: 1)
2025-01-30 18:20:31,952 INFO c.h.h.t.HelmChartContainer - [hivemq-test-hivemq-platform] [hivemq-platform-operator] [a5bf7744] 18:20:31.951 [ReconcilerExecutor-hivemq-controller-109] DEBUG c.h.p.o.HiveMQPlatformReconciler - [helmmqtt] StatefulSet Spec (replicas: 1, init containers: 1, containers: 1, volumes: 3)
2025-01-30 18:20:31,956 INFO c.h.h.t.HelmChartContainer - [hivemq-test-hivemq-platform] [hivemq-platform-operator] [a5bf7744] 18:20:31.955 [ReconcilerExecutor-hivemq-controller-109] DEBUG c.h.p.o.h.HiveMQPlatformReconcilerErrorHandler - [helmmqtt] Pod 'test-hivemq-platform-0' phase Running
2025-01-30 18:20:31,957 INFO c.h.h.t.HelmChartContainer - [hivemq-test-hivemq-platform] [hivemq-platform-operator] [a5bf7744] 18:20:31.957 [ReconcilerExecutor-hivemq-controller-109] INFO  c.h.p.o.h.HiveMQPlatformReconcilerBaseHandler - [helmmqtt] HiveMQ Platform is starting, 0 of 1 replicas are ready
2025-01-30 18:20:32,165 INFO c.h.h.t.HelmChartContainer - [test-hivemq-platform] [hivemq] [3cc2c195] INFO  - [HiveMQ Platform Operator Init 1.7.0-SNAPSHOT] HiveMQ Platform Operator Init 1.7.0-SNAPSHOT (commit: 47e3375 on branch: HEAD) built on Thu Jan 30 03:55:50 UTC 2025
2025-01-30 18:20:33,331 INFO c.h.h.t.HelmChartContainer - [test-hivemq-platform] [hivemq] [3cc2c195] INFO  - [HiveMQ Platform Operator Init App 1.7.0-SNAPSHOT] Using bind address 10.42.0.15 from environment variable
2025-01-30 18:20:34,220 INFO c.h.h.t.HelmChartContainer - [test-hivemq-platform] [hivemq] [3cc2c195] INFO  - [HiveMQ Platform Operator Init App 1.7.0-SNAPSHOT] HiveMQ Platform Operator Init App 1.7.0-SNAPSHOT (commit: 47e3375 on branch: HEAD) built on Thu Jan 30 03:55:50 UTC 2025
2025-01-30 18:20:34,221 INFO c.h.h.t.HelmChartContainer - [test-hivemq-platform] [hivemq] [3cc2c195] INFO  - [HiveMQ Platform Operator Init App 1.7.0-SNAPSHOT] PodInfo ConfigMap directory: /etc/podinfo
2025-01-30 18:20:34,221 INFO c.h.h.t.HelmChartContainer - [test-hivemq-platform] [hivemq] [3cc2c195] INFO  - [HiveMQ Platform Operator Init App 1.7.0-SNAPSHOT] HiveMQ home directory: /opt/hivemq
2025-01-30 18:20:34,221 INFO c.h.h.t.HelmChartContainer - [test-hivemq-platform] [hivemq] [3cc2c195] INFO  - [HiveMQ Platform Operator Init App 1.7.0-SNAPSHOT] HiveMQ Logback folder: /opt/hivemq/conf
2025-01-30 18:20:34,221 INFO c.h.h.t.HelmChartContainer - [test-hivemq-platform] [hivemq] [3cc2c195] INFO  - [HiveMQ Platform Operator Init App 1.7.0-SNAPSHOT] HiveMQ Config folder: /opt/hivemq/conf-k8s
2025-01-30 18:20:34,221 INFO c.h.h.t.HelmChartContainer - [test-hivemq-platform] [hivemq] [3cc2c195] INFO  - [HiveMQ Platform Operator Init App 1.7.0-SNAPSHOT] Starting HiveMQ Platform Operator Init App
2025-01-30 18:20:34,222 INFO c.h.h.t.HelmChartContainer - [test-hivemq-platform] [hivemq] [3cc2c195] INFO  - [HiveMQ Platform Operator Init App 1.7.0-SNAPSHOT] Starting Pod reconciler
2025-01-30 18:20:35,412 INFO c.h.h.t.HelmChartContainer - [test-hivemq-platform] [hivemq] [3cc2c195] INFO  - [HiveMQ Platform Operator Init App 1.7.0-SNAPSHOT] Pod reconciler is scheduled (interval: 5000 ms)
2025-01-30 18:20:35,413 INFO c.h.h.t.HelmChartContainer - [test-hivemq-platform] [hivemq] [3cc2c195] INFO  - [HiveMQ Platform Operator Init App 1.7.0-SNAPSHOT] Starting the REST API on 10.42.0.15:7979
2025-01-30 18:20:35,415 INFO c.h.h.t.HelmChartContainer - [test-hivemq-platform] [hivemq] [3cc2c195] INFO  - [HiveMQ Platform Operator Init App 1.7.0-SNAPSHOT] Waiting up to 600s for at most 1 HiveMQ nodes in cluster service hivemq-test-hivemq-platform-cluster.helmmqttit.svc
2025-01-30 18:20:35,808 INFO c.h.h.t.HelmChartContainer - [test-hivemq-platform] [hivemq] [3cc2c195] INFO  - [HiveMQ Platform Operator Init App 1.7.0-SNAPSHOT] Resolved 1 IP addresses: [10.42.0.15]
2025-01-30 18:20:35,808 INFO c.h.h.t.HelmChartContainer - [test-hivemq-platform] [hivemq] [3cc2c195] INFO  - [HiveMQ Platform Operator Init App 1.7.0-SNAPSHOT] HiveMQ node count of 1 is within threshold of 1
2025-01-30 18:20:35,808 INFO c.h.h.t.HelmChartContainer - [test-hivemq-platform] [hivemq] [3cc2c195] INFO  - [HiveMQ Platform Operator Init App 1.7.0-SNAPSHOT] Proceeding with container start
2025-01-30 18:20:35,833 INFO c.h.h.t.HelmChartContainer - [test-hivemq-platform] [hivemq] [3cc2c195] INFO  - [HiveMQ Platform Operator Init App 1.7.0-SNAPSHOT] Initializing HiveMQ Platform extensions with initial configuration: {hivemq-allow-all-extension={start-priority=-1, skip-https-hostname-verification=false, restart=true, config-version=0, header-version=0, c-uri=, priority=-1, uri=preinstalled, skip-https-certificate-validation=false, enabled=true}, hivemq-prometheus-extension={priority=-1, start-priority=-1, c-uri=, skip-https-hostname-verification=false, skip-https-certificate-validation=false, uri=preinstalled, request-header-path=no-request-headers, enabled=true, restart=true}}
2025-01-30 18:20:36,513 INFO c.h.h.t.HelmChartContainer - [test-hivemq-platform] [hivemq] [3cc2c195] INFO  - [HiveMQ Platform Operator Init App 1.7.0-SNAPSHOT] Extension hivemq-allow-all-extension was already enabled
2025-01-30 18:20:36,606 INFO c.h.h.t.HelmChartContainer - [test-hivemq-platform] [hivemq] [3cc2c195] INFO  - [HiveMQ Platform Operator Init App 1.7.0-SNAPSHOT] Successfully enabled extension hivemq-prometheus-extension
2025-01-30 18:20:36,606 INFO c.h.h.t.HelmChartContainer - [test-hivemq-platform] [hivemq] [3cc2c195] INFO  - [HiveMQ Platform Operator Init App 1.7.0-SNAPSHOT] Starting HiveMQ Platform version 4.36.0 (4.36.0)
2025-01-30 18:20:36,606 INFO c.h.h.t.HelmChartContainer - [test-hivemq-platform] [hivemq] [3cc2c195] INFO  - [HiveMQ Platform Operator Init App 1.7.0-SNAPSHOT] Configuring the HiveMQ Platform
2025-01-30 18:20:36,618 INFO c.h.h.t.HelmChartContainer - [test-hivemq-platform] [hivemq] [3cc2c195] INFO  - [HiveMQ Platform Operator Init App 1.7.0-SNAPSHOT] Changed logback.xml file scan period to 20 seconds
2025-01-30 18:20:36,713 INFO c.h.h.t.HelmChartContainer - [test-hivemq-platform] [hivemq] [3cc2c195] INFO  - [HiveMQ Platform Operator Init App 1.7.0-SNAPSHOT] Starting the HiveMQ Platform
2025-01-30 18:20:36,716 INFO c.h.h.t.HelmChartContainer - [test-hivemq-platform] [hivemq] [3cc2c195] -------------------------------------------------------------------------
2025-01-30 18:20:36,716 INFO c.h.h.t.HelmChartContainer - [test-hivemq-platform] [hivemq] [3cc2c195] 
2025-01-30 18:20:36,716 INFO c.h.h.t.HelmChartContainer - [test-hivemq-platform] [hivemq] [3cc2c195]                   _    _  _              __  __   ____
2025-01-30 18:20:36,716 INFO c.h.h.t.HelmChartContainer - [test-hivemq-platform] [hivemq] [3cc2c195]                  | |  | |(_)            |  \/  | / __ \
2025-01-30 18:20:36,716 INFO c.h.h.t.HelmChartContainer - [test-hivemq-platform] [hivemq] [3cc2c195]                  | |__| | _ __   __ ___ | \  / || |  | |
2025-01-30 18:20:36,716 INFO c.h.h.t.HelmChartContainer - [test-hivemq-platform] [hivemq] [3cc2c195]                  |  __  || |\ \ / // _ \| |\/| || |  | |
2025-01-30 18:20:36,716 INFO c.h.h.t.HelmChartContainer - [test-hivemq-platform] [hivemq] [3cc2c195]                  | |  | || | \ V /|  __/| |  | || |__| |
2025-01-30 18:20:36,716 INFO c.h.h.t.HelmChartContainer - [test-hivemq-platform] [hivemq] [3cc2c195]                  |_|  |_||_|  \_/  \___||_|  |_| \___\_\
2025-01-30 18:20:36,716 INFO c.h.h.t.HelmChartContainer - [test-hivemq-platform] [hivemq] [3cc2c195] 
2025-01-30 18:20:36,716 INFO c.h.h.t.HelmChartContainer - [test-hivemq-platform] [hivemq] [3cc2c195] -------------------------------------------------------------------------
2025-01-30 18:20:36,716 INFO c.h.h.t.HelmChartContainer - [test-hivemq-platform] [hivemq] [3cc2c195] 
2025-01-30 18:20:36,716 INFO c.h.h.t.HelmChartContainer - [test-hivemq-platform] [hivemq] [3cc2c195]   HiveMQ Start Script for Linux/Unix v1.14
2025-01-30 18:20:36,716 INFO c.h.h.t.HelmChartContainer - [test-hivemq-platform] [hivemq] [3cc2c195] 
2025-01-30 18:20:36,910 INFO c.h.h.t.HelmChartContainer - [test-hivemq-platform] [hivemq] [3cc2c195] -------------------------------------------------------------------------
2025-01-30 18:20:36,910 INFO c.h.h.t.HelmChartContainer - [test-hivemq-platform] [hivemq] [3cc2c195] 
2025-01-30 18:20:36,910 INFO c.h.h.t.HelmChartContainer - [test-hivemq-platform] [hivemq] [3cc2c195]   HIVEMQ_HOME: /opt/hivemq
2025-01-30 18:20:36,910 INFO c.h.h.t.HelmChartContainer - [test-hivemq-platform] [hivemq] [3cc2c195] 
2025-01-30 18:20:36,910 INFO c.h.h.t.HelmChartContainer - [test-hivemq-platform] [hivemq] [3cc2c195]   JAVA_OPTS: -XX:+UnlockExperimentalVMOptions -XX:InitialRAMPercentage=50 -XX:MaxRAMPercentage=50 -Djava.net.preferIPv4Stack=true --add-opens java.base/java.lang=ALL-UNNAMED --add-opens java.base/java.nio=ALL-UNNAMED --add-opens java.base/sun.nio.ch=ALL-UNNAMED --add-opens jdk.management/com.sun.management.internal=ALL-UNNAMED --add-exports java.base/jdk.internal.misc=ALL-UNNAMED -Djava.security.egd=file:/dev/./urandom -Dcom.sun.management.jmxremote -Dcom.sun.management.jmxremote.port=9010 -Dcom.sun.management.jmxremote.local.only=false -Dcom.sun.management.jmxremote.authenticate=false -Dcom.sun.management.jmxremote.ssl=false -Duser.language=en -Duser.region=US -XX:+CrashOnOutOfMemoryError -XX:+HeapDumpOnOutOfMemoryError
2025-01-30 18:20:36,910 INFO c.h.h.t.HelmChartContainer - [test-hivemq-platform] [hivemq] [3cc2c195] 
2025-01-30 18:20:36,910 INFO c.h.h.t.HelmChartContainer - [test-hivemq-platform] [hivemq] [3cc2c195]   JAVA_VERSION: 21
2025-01-30 18:20:36,910 INFO c.h.h.t.HelmChartContainer - [test-hivemq-platform] [hivemq] [3cc2c195] 
2025-01-30 18:20:36,910 INFO c.h.h.t.HelmChartContainer - [test-hivemq-platform] [hivemq] [3cc2c195] -------------------------------------------------------------------------
2025-01-30 18:20:36,910 INFO c.h.h.t.HelmChartContainer - [test-hivemq-platform] [hivemq] [3cc2c195] 
2025-01-30 18:20:37,913 INFO c.h.h.t.HelmChartContainer - [test-hivemq-platform] [hivemq] [3cc2c195] INFO  - [HiveMQ Platform Operator Init App 1.7.0-SNAPSHOT] Returning default Health API response 503 for readiness
2025-01-30 18:20:38,207 INFO c.h.h.t.HelmChartContainer - [EVENT] Warning [Unhealthy] Readiness probe failed: HTTP probe failed with statuscode: 503 [helmmqttit:test-hivemq-platform-0]
2025-01-30 18:20:38,208 INFO c.h.h.t.HelmChartContainer - Received Unhealthy event for container hivemq in pod test-hivemq-platform-0 [3cc2c195-3eda-4ce6-aac7-b1aa79f91265]
2025-01-30 18:20:39,462 INFO c.h.h.t.HelmChartContainer - [test-hivemq-platform] [hivemq] [3cc2c195] INFO  - Starting HiveMQ Enterprise Server
2025-01-30 18:20:39,507 INFO c.h.h.t.HelmChartContainer - [test-hivemq-platform] [hivemq] [3cc2c195] INFO  - HiveMQ version: 4.36.0
2025-01-30 18:20:39,507 INFO c.h.h.t.HelmChartContainer - [test-hivemq-platform] [hivemq] [3cc2c195] INFO  - HiveMQ home directory: /opt/hivemq
2025-01-30 18:20:39,507 INFO c.h.h.t.HelmChartContainer - [test-hivemq-platform] [hivemq] [3cc2c195] INFO  - Log Configuration was overridden by /opt/hivemq/conf/logback.xml
2025-01-30 18:20:41,207 INFO c.h.h.t.HelmChartContainer - [test-hivemq-platform] [hivemq] [3cc2c195] INFO  - Successfully loaded configuration from '/opt/hivemq/conf-k8s/config.xml'.
2025-01-30 18:20:41,964 INFO c.h.h.t.HelmChartContainer - [test-hivemq-platform] [hivemq] [3cc2c195] INFO  - This node's ID is wMwsm
2025-01-30 18:20:41,964 INFO c.h.h.t.HelmChartContainer - [test-hivemq-platform] [hivemq] [3cc2c195] INFO  - Clustering is enabled
2025-01-30 18:20:41,964 INFO c.h.h.t.HelmChartContainer - [hivemq-test-hivemq-platform] [hivemq-platform-operator] [a5bf7744] 18:20:41.960 [pool-6-thread-11] DEBUG c.h.p.o.d.PlatformServiceResource - [helmmqtt] Desired Platform services (2 services)
2025-01-30 18:20:41,965 INFO c.h.h.t.HelmChartContainer - [hivemq-test-hivemq-platform] [hivemq-platform-operator] [a5bf7744] 18:20:41.962 [pool-6-thread-14] DEBUG c.h.p.o.dependants.PodInfoConfigMap - [helmmqtt] Desired PodInfo ConfigMap (1 extensions) (1 enabled)
2025-01-30 18:20:41,965 INFO c.h.h.t.HelmChartContainer - [hivemq-test-hivemq-platform] [hivemq-platform-operator] [a5bf7744] 18:20:41.962 [pool-6-thread-14] DEBUG c.h.p.o.dependants.PodInfoConfigMap - [helmmqtt] Desired PodInfo ConfigMap (metrics port: 9399) (metrics path: /)
2025-01-30 18:20:41,965 INFO c.h.h.t.HelmChartContainer - [hivemq-test-hivemq-platform] [hivemq-platform-operator] [a5bf7744] 18:20:41.962 [pool-6-thread-14] DEBUG c.h.p.o.dependants.PodInfoConfigMap - [helmmqtt] Desired PodInfo ConfigMap (extension state hash: -1817474005)
2025-01-30 18:20:41,968 INFO c.h.h.t.HelmChartContainer - [hivemq-test-hivemq-platform] [hivemq-platform-operator] [a5bf7744] 18:20:41.965 [pool-6-thread-17] DEBUG c.h.p.o.d.PodServiceAccountResource - [helmmqtt] Desired PodServiceAccountResource (serviceAccountName: hivemq-platform-pod-test-hivemq-platform)
2025-01-30 18:20:41,971 INFO c.h.h.t.HelmChartContainer - [hivemq-test-hivemq-platform] [hivemq-platform-operator] [a5bf7744] 18:20:41.970 [pool-6-thread-11] DEBUG c.h.p.o.d.StatefulSetResource - [helmmqtt] Desired StatefulSet (1 replicas) for status STARTING (READY)
2025-01-30 18:20:41,977 INFO c.h.h.t.HelmChartContainer - [hivemq-test-hivemq-platform] [hivemq-platform-operator] [a5bf7744] 18:20:41.975 [ReconcilerExecutor-hivemq-controller-110] INFO  c.h.p.o.HiveMQPlatformReconciler - [helmmqtt] Reconciling HiveMQ Platform 'test-hivemq-platform' in namespace 'helmmqttit'
2025-01-30 18:20:41,977 INFO c.h.h.t.HelmChartContainer - [hivemq-test-hivemq-platform] [hivemq-platform-operator] [a5bf7744] 18:20:41.975 [ReconcilerExecutor-hivemq-controller-110] DEBUG c.h.p.o.HiveMQPlatformReconciler - [helmmqtt] Custom Resource Status STARTING - HiveMQ Platform is starting (READY)
2025-01-30 18:20:41,977 INFO c.h.h.t.HelmChartContainer - [hivemq-test-hivemq-platform] [hivemq-platform-operator] [a5bf7744] 18:20:41.975 [ReconcilerExecutor-hivemq-controller-110] DEBUG c.h.p.o.HiveMQPlatformReconciler - [helmmqtt] Custom Resource Spec (replicas: 1) (extensions: 1)
2025-01-30 18:20:41,978 INFO c.h.h.t.HelmChartContainer - [hivemq-test-hivemq-platform] [hivemq-platform-operator] [a5bf7744] 18:20:41.977 [ReconcilerExecutor-hivemq-controller-110] DEBUG c.h.p.o.HiveMQPlatformReconciler - [helmmqtt] StatefulSet Status (revision: test-hivemq-platform-7bbc5894fb, replicas: 1, available: 0, ready: 0, current: 1, updated: 1)
2025-01-30 18:20:41,978 INFO c.h.h.t.HelmChartContainer - [hivemq-test-hivemq-platform] [hivemq-platform-operator] [a5bf7744] 18:20:41.977 [ReconcilerExecutor-hivemq-controller-110] DEBUG c.h.p.o.HiveMQPlatformReconciler - [helmmqtt] StatefulSet Spec (replicas: 1, init containers: 1, containers: 1, volumes: 3)
2025-01-30 18:20:41,980 INFO c.h.h.t.HelmChartContainer - [hivemq-test-hivemq-platform] [hivemq-platform-operator] [a5bf7744] 18:20:41.979 [ReconcilerExecutor-hivemq-controller-110] DEBUG c.h.p.o.h.HiveMQPlatformReconcilerErrorHandler - [helmmqtt] Pod 'test-hivemq-platform-0' phase Running
2025-01-30 18:20:42,050 INFO c.h.h.t.HelmChartContainer - [hivemq-test-hivemq-platform] [hivemq-platform-operator] [a5bf7744] 18:20:42.048 [ReconcilerExecutor-hivemq-controller-110] INFO  c.h.p.o.h.HiveMQPlatformReconcilerBaseHandler - [helmmqtt] HiveMQ Platform is starting, 0 of 1 replicas are ready
2025-01-30 18:20:43,311 INFO c.h.h.t.HelmChartContainer - [test-hivemq-platform] [hivemq] [3cc2c195] WARN  - [HiveMQ Platform Operator Init App 1.7.0-SNAPSHOT] Cannot connect to Health API for readiness: null
2025-01-30 18:20:43,324 INFO c.h.h.t.HelmChartContainer - [EVENT] Warning [Unhealthy] Readiness probe failed: HTTP probe failed with statuscode: 503 [helmmqttit:test-hivemq-platform-0]
2025-01-30 18:20:43,324 INFO c.h.h.t.HelmChartContainer - Received Unhealthy event for container hivemq in pod test-hivemq-platform-0 [3cc2c195-3eda-4ce6-aac7-b1aa79f91265]
2025-01-30 18:20:45,804 INFO c.h.h.t.HelmChartContainer - [test-hivemq-platform] [hivemq] [3cc2c195] Jan 30, 2025 6:20:45 PM io.vertx.core.impl.BlockedThreadChecker
2025-01-30 18:20:45,804 INFO c.h.h.t.HelmChartContainer - [test-hivemq-platform] [hivemq] [3cc2c195] WARNING: Thread Thread[vert.x-eventloop-thread-1,5,main] has been blocked for 2101 ms, time limit is 2000 ms
2025-01-30 18:20:46,509 INFO c.h.h.t.HelmChartContainer - [test-hivemq-platform] [hivemq] [3cc2c195] INFO  - [HiveMQ Platform Operator Init App 1.7.0-SNAPSHOT] Updating Pod HiveMQ Platform Operator Init App version annotation (version: 1.7.0-SNAPSHOT)
2025-01-30 18:20:47,318 INFO c.h.h.t.HelmChartContainer - [POD] test-hivemq-platform-0 [3cc2c195-3eda-4ce6-aac7-b1aa79f91265] in helmmqttit was MODIFIED
2025-01-30 18:20:47,329 INFO c.h.h.t.HelmChartContainer - [hivemq-test-hivemq-platform] [hivemq-platform-operator] [a5bf7744] 18:20:47.328 [pool-6-thread-22] DEBUG c.h.p.o.d.PlatformServiceResource - [helmmqtt] Desired Platform services (2 services)
2025-01-30 18:20:47,330 INFO c.h.h.t.HelmChartContainer - [hivemq-test-hivemq-platform] [hivemq-platform-operator] [a5bf7744] 18:20:47.329 [pool-6-thread-24] DEBUG c.h.p.o.d.PodServiceAccountResource - [helmmqtt] Desired PodServiceAccountResource (serviceAccountName: hivemq-platform-pod-test-hivemq-platform)
2025-01-30 18:20:47,332 INFO c.h.h.t.HelmChartContainer - [hivemq-test-hivemq-platform] [hivemq-platform-operator] [a5bf7744] 18:20:47.332 [pool-6-thread-27] DEBUG c.h.p.o.dependants.PodInfoConfigMap - [helmmqtt] Desired PodInfo ConfigMap (1 extensions) (1 enabled)
2025-01-30 18:20:47,333 INFO c.h.h.t.HelmChartContainer - [hivemq-test-hivemq-platform] [hivemq-platform-operator] [a5bf7744] 18:20:47.333 [pool-6-thread-27] DEBUG c.h.p.o.dependants.PodInfoConfigMap - [helmmqtt] Desired PodInfo ConfigMap (metrics port: 9399) (metrics path: /)
2025-01-30 18:20:47,335 INFO c.h.h.t.HelmChartContainer - [hivemq-test-hivemq-platform] [hivemq-platform-operator] [a5bf7744] 18:20:47.334 [pool-6-thread-27] DEBUG c.h.p.o.dependants.PodInfoConfigMap - [helmmqtt] Desired PodInfo ConfigMap (extension state hash: -1817474005)
2025-01-30 18:20:47,338 INFO c.h.h.t.HelmChartContainer - [hivemq-test-hivemq-platform] [hivemq-platform-operator] [a5bf7744] 18:20:47.337 [pool-6-thread-27] DEBUG c.h.p.o.d.StatefulSetResource - [helmmqtt] Desired StatefulSet (1 replicas) for status STARTING (READY)
2025-01-30 18:20:47,366 INFO c.h.h.t.HelmChartContainer - [hivemq-test-hivemq-platform] [hivemq-platform-operator] [a5bf7744] 18:20:47.365 [ReconcilerExecutor-hivemq-controller-111] INFO  c.h.p.o.HiveMQPlatformReconciler - [helmmqtt] Reconciling HiveMQ Platform 'test-hivemq-platform' in namespace 'helmmqttit'
2025-01-30 18:20:47,366 INFO c.h.h.t.HelmChartContainer - [hivemq-test-hivemq-platform] [hivemq-platform-operator] [a5bf7744] 18:20:47.365 [ReconcilerExecutor-hivemq-controller-111] DEBUG c.h.p.o.HiveMQPlatformReconciler - [helmmqtt] Custom Resource Status STARTING - HiveMQ Platform is starting (READY)
2025-01-30 18:20:47,367 INFO c.h.h.t.HelmChartContainer - [hivemq-test-hivemq-platform] [hivemq-platform-operator] [a5bf7744] 18:20:47.365 [ReconcilerExecutor-hivemq-controller-111] DEBUG c.h.p.o.HiveMQPlatformReconciler - [helmmqtt] Custom Resource Spec (replicas: 1) (extensions: 1)
2025-01-30 18:20:47,369 INFO c.h.h.t.HelmChartContainer - [hivemq-test-hivemq-platform] [hivemq-platform-operator] [a5bf7744] 18:20:47.368 [ReconcilerExecutor-hivemq-controller-111] DEBUG c.h.p.o.HiveMQPlatformReconciler - [helmmqtt] StatefulSet Status (revision: test-hivemq-platform-7bbc5894fb, replicas: 1, available: 0, ready: 0, current: 1, updated: 1)
2025-01-30 18:20:47,371 INFO c.h.h.t.HelmChartContainer - [hivemq-test-hivemq-platform] [hivemq-platform-operator] [a5bf7744] 18:20:47.369 [ReconcilerExecutor-hivemq-controller-111] DEBUG c.h.p.o.HiveMQPlatformReconciler - [helmmqtt] StatefulSet Spec (replicas: 1, init containers: 1, containers: 1, volumes: 3)
2025-01-30 18:20:47,371 INFO c.h.h.t.HelmChartContainer - [hivemq-test-hivemq-platform] [hivemq-platform-operator] [a5bf7744] 18:20:47.370 [ReconcilerExecutor-hivemq-controller-111] DEBUG c.h.p.o.h.HiveMQPlatformReconcilerErrorHandler - [helmmqtt] Pod 'test-hivemq-platform-0' phase Running
2025-01-30 18:20:47,377 INFO c.h.h.t.HelmChartContainer - [hivemq-test-hivemq-platform] [hivemq-platform-operator] [a5bf7744] 18:20:47.371 [ReconcilerExecutor-hivemq-controller-111] INFO  c.h.p.o.h.HiveMQPlatformReconcilerBaseHandler - [helmmqtt] HiveMQ Platform is starting, 0 of 1 replicas are ready
2025-01-30 18:20:47,408 INFO c.h.h.t.HelmChartContainer - [test-hivemq-platform] [hivemq] [3cc2c195] WARN  - [HiveMQ Platform Operator Init App 1.7.0-SNAPSHOT] Cannot connect to Health API for readiness: null
2025-01-30 18:20:47,408 INFO c.h.h.t.HelmChartContainer - [test-hivemq-platform] [hivemq] [3cc2c195] INFO  - [HiveMQ Platform Operator Init App 1.7.0-SNAPSHOT] Successfully updated Pod HiveMQ Platform Operator Init App version annotation (version: 1.7.0-SNAPSHOT)
2025-01-30 18:20:47,414 INFO c.h.h.t.HelmChartContainer - [EVENT] Warning [Unhealthy] Readiness probe failed: HTTP probe failed with statuscode: 503 [helmmqttit:test-hivemq-platform-0]
2025-01-30 18:20:47,415 INFO c.h.h.t.HelmChartContainer - Received Unhealthy event for container hivemq in pod test-hivemq-platform-0 [3cc2c195-3eda-4ce6-aac7-b1aa79f91265]
2025-01-30 18:20:52,320 INFO c.h.h.t.HelmChartContainer - [test-hivemq-platform] [hivemq] [3cc2c195] WARN  - [HiveMQ Platform Operator Init App 1.7.0-SNAPSHOT] Cannot connect to Health API for readiness: null
2025-01-30 18:20:52,360 INFO c.h.h.t.HelmChartContainer - [EVENT] Warning [Unhealthy] Readiness probe failed: HTTP probe failed with statuscode: 503 [helmmqttit:test-hivemq-platform-0]
2025-01-30 18:20:52,360 INFO c.h.h.t.HelmChartContainer - Received Unhealthy event for container hivemq in pod test-hivemq-platform-0 [3cc2c195-3eda-4ce6-aac7-b1aa79f91265]
2025-01-30 18:20:57,320 INFO c.h.h.t.HelmChartContainer - [test-hivemq-platform] [hivemq] [3cc2c195] WARN  - [HiveMQ Platform Operator Init App 1.7.0-SNAPSHOT] Cannot connect to Health API for readiness: null
2025-01-30 18:20:57,327 INFO c.h.h.t.HelmChartContainer - [EVENT] Warning [Unhealthy] Readiness probe failed: HTTP probe failed with statuscode: 503 [helmmqttit:test-hivemq-platform-0]
2025-01-30 18:20:57,327 INFO c.h.h.t.HelmChartContainer - Received Unhealthy event for container hivemq in pod test-hivemq-platform-0 [3cc2c195-3eda-4ce6-aac7-b1aa79f91265]
2025-01-30 18:20:57,381 INFO c.h.h.t.HelmChartContainer - [hivemq-test-hivemq-platform] [hivemq-platform-operator] [a5bf7744] 18:20:57.378 [pool-6-thread-31] DEBUG c.h.p.o.d.PlatformServiceResource - [helmmqtt] Desired Platform services (2 services)
2025-01-30 18:20:57,381 INFO c.h.h.t.HelmChartContainer - [hivemq-test-hivemq-platform] [hivemq-platform-operator] [a5bf7744] 18:20:57.379 [pool-6-thread-35] DEBUG c.h.p.o.dependants.PodInfoConfigMap - [helmmqtt] Desired PodInfo ConfigMap (1 extensions) (1 enabled)
2025-01-30 18:20:57,381 INFO c.h.h.t.HelmChartContainer - [hivemq-test-hivemq-platform] [hivemq-platform-operator] [a5bf7744] 18:20:57.379 [pool-6-thread-35] DEBUG c.h.p.o.dependants.PodInfoConfigMap - [helmmqtt] Desired PodInfo ConfigMap (metrics port: 9399) (metrics path: /)
2025-01-30 18:20:57,381 INFO c.h.h.t.HelmChartContainer - [hivemq-test-hivemq-platform] [hivemq-platform-operator] [a5bf7744] 18:20:57.379 [pool-6-thread-35] DEBUG c.h.p.o.dependants.PodInfoConfigMap - [helmmqtt] Desired PodInfo ConfigMap (extension state hash: -1817474005)
2025-01-30 18:20:57,382 INFO c.h.h.t.HelmChartContainer - [hivemq-test-hivemq-platform] [hivemq-platform-operator] [a5bf7744] 18:20:57.381 [pool-6-thread-37] DEBUG c.h.p.o.d.PodServiceAccountResource - [helmmqtt] Desired PodServiceAccountResource (serviceAccountName: hivemq-platform-pod-test-hivemq-platform)
2025-01-30 18:20:57,386 INFO c.h.h.t.HelmChartContainer - [hivemq-test-hivemq-platform] [hivemq-platform-operator] [a5bf7744] 18:20:57.384 [pool-6-thread-31] DEBUG c.h.p.o.d.StatefulSetResource - [helmmqtt] Desired StatefulSet (1 replicas) for status STARTING (READY)
2025-01-30 18:20:57,390 INFO c.h.h.t.HelmChartContainer - [hivemq-test-hivemq-platform] [hivemq-platform-operator] [a5bf7744] 18:20:57.388 [ReconcilerExecutor-hivemq-controller-112] INFO  c.h.p.o.HiveMQPlatformReconciler - [helmmqtt] Reconciling HiveMQ Platform 'test-hivemq-platform' in namespace 'helmmqttit'
2025-01-30 18:20:57,390 INFO c.h.h.t.HelmChartContainer - [hivemq-test-hivemq-platform] [hivemq-platform-operator] [a5bf7744] 18:20:57.389 [ReconcilerExecutor-hivemq-controller-112] DEBUG c.h.p.o.HiveMQPlatformReconciler - [helmmqtt] Custom Resource Status STARTING - HiveMQ Platform is starting (READY)
2025-01-30 18:20:57,390 INFO c.h.h.t.HelmChartContainer - [hivemq-test-hivemq-platform] [hivemq-platform-operator] [a5bf7744] 18:20:57.389 [ReconcilerExecutor-hivemq-controller-112] DEBUG c.h.p.o.HiveMQPlatformReconciler - [helmmqtt] Custom Resource Spec (replicas: 1) (extensions: 1)
2025-01-30 18:20:57,392 INFO c.h.h.t.HelmChartContainer - [hivemq-test-hivemq-platform] [hivemq-platform-operator] [a5bf7744] 18:20:57.391 [ReconcilerExecutor-hivemq-controller-112] DEBUG c.h.p.o.HiveMQPlatformReconciler - [helmmqtt] StatefulSet Status (revision: test-hivemq-platform-7bbc5894fb, replicas: 1, available: 0, ready: 0, current: 1, updated: 1)
2025-01-30 18:20:57,392 INFO c.h.h.t.HelmChartContainer - [hivemq-test-hivemq-platform] [hivemq-platform-operator] [a5bf7744] 18:20:57.391 [ReconcilerExecutor-hivemq-controller-112] DEBUG c.h.p.o.HiveMQPlatformReconciler - [helmmqtt] StatefulSet Spec (replicas: 1, init containers: 1, containers: 1, volumes: 3)
2025-01-30 18:20:57,394 INFO c.h.h.t.HelmChartContainer - [hivemq-test-hivemq-platform] [hivemq-platform-operator] [a5bf7744] 18:20:57.393 [ReconcilerExecutor-hivemq-controller-112] DEBUG c.h.p.o.h.HiveMQPlatformReconcilerErrorHandler - [helmmqtt] Pod 'test-hivemq-platform-0' phase Running
2025-01-30 18:20:57,395 INFO c.h.h.t.HelmChartContainer - [hivemq-test-hivemq-platform] [hivemq-platform-operator] [a5bf7744] 18:20:57.394 [ReconcilerExecutor-hivemq-controller-112] INFO  c.h.p.o.h.HiveMQPlatformReconcilerBaseHandler - [helmmqtt] HiveMQ Platform is starting, 0 of 1 replicas are ready
2025-01-30 18:20:58,517 INFO c.h.h.t.HelmChartContainer - [test-hivemq-platform] [hivemq] [3cc2c195] WARN  - [HiveMQ Platform Operator Init App 1.7.0-SNAPSHOT] Cannot connect to Health API for liveness: null
2025-01-30 18:20:58,517 INFO c.h.h.t.HelmChartContainer - [test-hivemq-platform] [hivemq] [3cc2c195] INFO  - [HiveMQ Platform Operator Init App 1.7.0-SNAPSHOT] Returning default Health API response 200 for liveness
2025-01-30 18:20:58,528 INFO c.h.h.t.HelmChartContainer - [test-hivemq-platform] [hivemq] [3cc2c195] INFO  - No valid license file found. Using trial license, restricted to 25 connections.
2025-01-30 18:21:02,011 INFO c.h.h.t.HelmChartContainer - [test-hivemq-platform] [hivemq] [3cc2c195] INFO  - No valid license file for Data Hub found. Using free license, restricted to 1 policy.
2025-01-30 18:21:02,403 INFO c.h.h.t.HelmChartContainer - [test-hivemq-platform] [hivemq] [3cc2c195] WARN  - [HiveMQ Platform Operator Init App 1.7.0-SNAPSHOT] Cannot connect to Health API for readiness: null
2025-01-30 18:21:02,408 INFO c.h.h.t.HelmChartContainer - [EVENT] Warning [Unhealthy] Readiness probe failed: HTTP probe failed with statuscode: 503 [helmmqttit:test-hivemq-platform-0]
2025-01-30 18:21:02,408 INFO c.h.h.t.HelmChartContainer - Received Unhealthy event for container hivemq in pod test-hivemq-platform-0 [3cc2c195-3eda-4ce6-aac7-b1aa79f91265]
2025-01-30 18:21:03,407 INFO c.h.h.t.HelmChartContainer - [test-hivemq-platform] [hivemq] [3cc2c195] INFO  - Audit Logger started.
2025-01-30 18:21:03,803 INFO c.h.h.t.HelmChartContainer - [test-hivemq-platform] [hivemq] [3cc2c195] INFO  - This node uses '1' CPU cores.
2025-01-30 18:21:03,809 INFO c.h.h.t.HelmChartContainer - [test-hivemq-platform] [hivemq] [3cc2c195] INFO  - Starting HiveMQ Health API on address 0.0.0.0 and port 8889
2025-01-30 18:21:04,606 INFO c.h.h.t.HelmChartContainer - [test-hivemq-platform] [hivemq] [3cc2c195] INFO  - Started HiveMQ Health API in 798ms
2025-01-30 18:21:05,204 INFO c.h.h.t.HelmChartContainer - [test-hivemq-platform] [hivemq] [3cc2c195] INFO  - Starting HiveMQ extension system.
2025-01-30 18:21:05,460 INFO c.h.h.t.HelmChartContainer - [test-hivemq-platform] [hivemq] [3cc2c195] INFO  - Starting extension with id "hivemq-dns-cluster-discovery" at /opt/hivemq/extensions/hivemq-dns-cluster-discovery
2025-01-30 18:21:05,914 INFO c.h.h.t.HelmChartContainer - [test-hivemq-platform] [hivemq] [3cc2c195] INFO  - Extension "DNS Cluster Discovery Extension" version 4.3.2 started successfully.
2025-01-30 18:21:05,915 INFO c.h.h.t.HelmChartContainer - [test-hivemq-platform] [hivemq] [3cc2c195] INFO  - Starting extension with id "hivemq-prometheus-extension" at /opt/hivemq/extensions/hivemq-prometheus-extension
2025-01-30 18:21:06,010 INFO c.h.h.t.HelmChartContainer - [test-hivemq-platform] [hivemq] [3cc2c195] INFO  - Using TCP cluster transport on address 10.42.0.15 and port 7000
2025-01-30 18:21:06,104 INFO c.h.h.t.HelmChartContainer - [test-hivemq-platform] [hivemq] [3cc2c195] INFO  - Using extension cluster discovery
2025-01-30 18:21:07,011 INFO c.h.h.t.HelmChartContainer - [test-hivemq-platform] [hivemq] [3cc2c195] INFO  - Started Jetty Server exposing Prometheus Servlet on URI http://0.0.0.0:9399/
2025-01-30 18:21:07,012 INFO c.h.h.t.HelmChartContainer - [test-hivemq-platform] [hivemq] [3cc2c195] INFO  - Extension "Prometheus Monitoring Extension" version 4.0.12 started successfully.
2025-01-30 18:21:07,013 INFO c.h.h.t.HelmChartContainer - [test-hivemq-platform] [hivemq] [3cc2c195] INFO  - Starting extension with id "hivemq-allow-all-extension" at /opt/hivemq/extensions/hivemq-allow-all-extension
2025-01-30 18:21:07,013 INFO c.h.h.t.HelmChartContainer - [test-hivemq-platform] [hivemq] [3cc2c195] WARN  - 
2025-01-30 18:21:07,013 INFO c.h.h.t.HelmChartContainer - [test-hivemq-platform] [hivemq] [3cc2c195] ################################################################################################################
2025-01-30 18:21:07,013 INFO c.h.h.t.HelmChartContainer - [test-hivemq-platform] [hivemq] [3cc2c195] # This HiveMQ deployment is not secure! You are lacking Authentication and Authorization.                      #
2025-01-30 18:21:07,013 INFO c.h.h.t.HelmChartContainer - [test-hivemq-platform] [hivemq] [3cc2c195] # Right now any MQTT client can connect to the broker with a full set of permissions.                          #
2025-01-30 18:21:07,013 INFO c.h.h.t.HelmChartContainer - [test-hivemq-platform] [hivemq] [3cc2c195] # For production usage, add an appropriate security extension and remove the hivemq-allow-all extension.       #
2025-01-30 18:21:07,013 INFO c.h.h.t.HelmChartContainer - [test-hivemq-platform] [hivemq] [3cc2c195] # You can download security extensions from the HiveMQ Marketplace (https://www.hivemq.com/extensions/).       #
2025-01-30 18:21:07,013 INFO c.h.h.t.HelmChartContainer - [test-hivemq-platform] [hivemq] [3cc2c195] ################################################################################################################
2025-01-30 18:21:07,013 INFO c.h.h.t.HelmChartContainer - [test-hivemq-platform] [hivemq] [3cc2c195] INFO  - Extension "Allow All Extension" version 1.1.1 started successfully.
2025-01-30 18:21:07,399 INFO c.h.h.t.HelmChartContainer - [hivemq-test-hivemq-platform] [hivemq-platform-operator] [a5bf7744] 18:21:07.398 [pool-6-thread-45] DEBUG c.h.p.o.d.PlatformServiceResource - [helmmqtt] Desired Platform services (2 services)
2025-01-30 18:21:07,403 INFO c.h.h.t.HelmChartContainer - [hivemq-test-hivemq-platform] [hivemq-platform-operator] [a5bf7744] 18:21:07.401 [pool-6-thread-49] DEBUG c.h.p.o.d.PodServiceAccountResource - [helmmqtt] Desired PodServiceAccountResource (serviceAccountName: hivemq-platform-pod-test-hivemq-platform)
2025-01-30 18:21:07,405 INFO c.h.h.t.HelmChartContainer - [hivemq-test-hivemq-platform] [hivemq-platform-operator] [a5bf7744] 18:21:07.400 [pool-6-thread-46] DEBUG c.h.p.o.dependants.PodInfoConfigMap - [helmmqtt] Desired PodInfo ConfigMap (1 extensions) (1 enabled)
2025-01-30 18:21:07,405 INFO c.h.h.t.HelmChartContainer - [hivemq-test-hivemq-platform] [hivemq-platform-operator] [a5bf7744] 18:21:07.401 [pool-6-thread-46] DEBUG c.h.p.o.dependants.PodInfoConfigMap - [helmmqtt] Desired PodInfo ConfigMap (metrics port: 9399) (metrics path: /)
2025-01-30 18:21:07,405 INFO c.h.h.t.HelmChartContainer - [hivemq-test-hivemq-platform] [hivemq-platform-operator] [a5bf7744] 18:21:07.401 [pool-6-thread-46] DEBUG c.h.p.o.dependants.PodInfoConfigMap - [helmmqtt] Desired PodInfo ConfigMap (extension state hash: -1817474005)
2025-01-30 18:21:07,408 INFO c.h.h.t.HelmChartContainer - [hivemq-test-hivemq-platform] [hivemq-platform-operator] [a5bf7744] 18:21:07.408 [pool-6-thread-46] DEBUG c.h.p.o.d.StatefulSetResource - [helmmqtt] Desired StatefulSet (1 replicas) for status STARTING (READY)
2025-01-30 18:21:07,425 INFO c.h.h.t.HelmChartContainer - [hivemq-test-hivemq-platform] [hivemq-platform-operator] [a5bf7744] 18:21:07.424 [ReconcilerExecutor-hivemq-controller-113] INFO  c.h.p.o.HiveMQPlatformReconciler - [helmmqtt] Reconciling HiveMQ Platform 'test-hivemq-platform' in namespace 'helmmqttit'
2025-01-30 18:21:07,425 INFO c.h.h.t.HelmChartContainer - [hivemq-test-hivemq-platform] [hivemq-platform-operator] [a5bf7744] 18:21:07.424 [ReconcilerExecutor-hivemq-controller-113] DEBUG c.h.p.o.HiveMQPlatformReconciler - [helmmqtt] Custom Resource Status STARTING - HiveMQ Platform is starting (READY)
2025-01-30 18:21:07,425 INFO c.h.h.t.HelmChartContainer - [hivemq-test-hivemq-platform] [hivemq-platform-operator] [a5bf7744] 18:21:07.424 [ReconcilerExecutor-hivemq-controller-113] DEBUG c.h.p.o.HiveMQPlatformReconciler - [helmmqtt] Custom Resource Spec (replicas: 1) (extensions: 1)
2025-01-30 18:21:07,467 INFO c.h.h.t.HelmChartContainer - [hivemq-test-hivemq-platform] [hivemq-platform-operator] [a5bf7744] 18:21:07.465 [ReconcilerExecutor-hivemq-controller-113] DEBUG c.h.p.o.HiveMQPlatformReconciler - [helmmqtt] StatefulSet Status (revision: test-hivemq-platform-7bbc5894fb, replicas: 1, available: 0, ready: 0, current: 1, updated: 1)
2025-01-30 18:21:07,467 INFO c.h.h.t.HelmChartContainer - [hivemq-test-hivemq-platform] [hivemq-platform-operator] [a5bf7744] 18:21:07.465 [ReconcilerExecutor-hivemq-controller-113] DEBUG c.h.p.o.HiveMQPlatformReconciler - [helmmqtt] StatefulSet Spec (replicas: 1, init containers: 1, containers: 1, volumes: 3)
2025-01-30 18:21:07,468 INFO c.h.h.t.HelmChartContainer - [hivemq-test-hivemq-platform] [hivemq-platform-operator] [a5bf7744] 18:21:07.467 [ReconcilerExecutor-hivemq-controller-113] DEBUG c.h.p.o.h.HiveMQPlatformReconcilerErrorHandler - [helmmqtt] Pod 'test-hivemq-platform-0' phase Running
2025-01-30 18:21:07,469 INFO c.h.h.t.HelmChartContainer - [hivemq-test-hivemq-platform] [hivemq-platform-operator] [a5bf7744] 18:21:07.468 [ReconcilerExecutor-hivemq-controller-113] INFO  c.h.p.o.h.HiveMQPlatformReconcilerBaseHandler - [helmmqtt] HiveMQ Platform is starting, 0 of 1 replicas are ready
2025-01-30 18:21:07,912 INFO c.h.h.t.HelmChartContainer - [test-hivemq-platform] [hivemq] [3cc2c195] INFO  - [HiveMQ Platform Operator Init App 1.7.0-SNAPSHOT] Returning Health API response 503 for readiness
2025-01-30 18:21:07,916 INFO c.h.h.t.HelmChartContainer - [EVENT] Warning [Unhealthy] Readiness probe failed: HTTP probe failed with statuscode: 503 [helmmqttit:test-hivemq-platform-0]
2025-01-30 18:21:07,916 INFO c.h.h.t.HelmChartContainer - Received Unhealthy event for container hivemq in pod test-hivemq-platform-0 [3cc2c195-3eda-4ce6-aac7-b1aa79f91265]
2025-01-30 18:21:09,008 INFO c.h.h.t.HelmChartContainer - [test-hivemq-platform] [hivemq] [3cc2c195] INFO  - wMwsm: no members discovered after 2197 ms: creating cluster as first member
2025-01-30 18:21:09,014 INFO c.h.h.t.HelmChartContainer - [test-hivemq-platform] [hivemq] [3cc2c195] INFO  - Cluster nodes found by discovery: [wMwsm|0] (1) [wMwsm].
2025-01-30 18:21:09,031 INFO c.h.h.t.HelmChartContainer - [test-hivemq-platform] [hivemq] [3cc2c195] WARN  - No user for HiveMQ Control Center configured. Starting with default user
2025-01-30 18:21:09,031 INFO c.h.h.t.HelmChartContainer - [test-hivemq-platform] [hivemq] [3cc2c195] INFO  - Starting HiveMQ Control Center on address 127.0.0.1 and port 8080
2025-01-30 18:21:09,032 INFO c.h.h.t.HelmChartContainer - [test-hivemq-platform] [hivemq] [3cc2c195] INFO  - Mounting HiveMQ Control Center V2 Preview
2025-01-30 18:21:09,717 INFO c.h.h.t.HelmChartContainer - [test-hivemq-platform] [hivemq] [3cc2c195] INFO  - Started HiveMQ Control Center in 685ms
2025-01-30 18:21:09,813 INFO c.h.h.t.HelmChartContainer - [test-hivemq-platform] [hivemq] [3cc2c195] INFO  - Starting TCP listener on address 0.0.0.0 and port 1884
2025-01-30 18:21:09,904 INFO c.h.h.t.HelmChartContainer - [test-hivemq-platform] [hivemq] [3cc2c195] INFO  - Started TCP Listener on address 0.0.0.0 and on port 1884.
2025-01-30 18:21:09,905 INFO c.h.h.t.HelmChartContainer - [test-hivemq-platform] [hivemq] [3cc2c195] INFO  - Started HiveMQ in 30790ms
2025-01-30 18:21:12,320 INFO c.h.h.t.HelmChartContainer - [test-hivemq-platform] [hivemq] [3cc2c195] INFO  - [HiveMQ Platform Operator Init App 1.7.0-SNAPSHOT] Returning Health API response 200 for readiness
2025-01-30 18:21:12,334 INFO c.h.h.t.HelmChartContainer - [POD] test-hivemq-platform-0 [3cc2c195-3eda-4ce6-aac7-b1aa79f91265] in helmmqttit was MODIFIED
2025-01-30 18:21:12,347 INFO c.h.h.t.HelmChartContainer - [hivemq-test-hivemq-platform] [hivemq-platform-operator] [a5bf7744] 18:21:12.339 [pool-6-thread-9] DEBUG c.h.p.o.d.PlatformServiceResource - [helmmqtt] Desired Platform services (2 services)
2025-01-30 18:21:12,347 INFO c.h.h.t.HelmChartContainer - [hivemq-test-hivemq-platform] [hivemq-platform-operator] [a5bf7744] 18:21:12.340 [pool-6-thread-8] DEBUG c.h.p.o.dependants.PodInfoConfigMap - [helmmqtt] Desired PodInfo ConfigMap (1 extensions) (1 enabled)
2025-01-30 18:21:12,347 INFO c.h.h.t.HelmChartContainer - [hivemq-test-hivemq-platform] [hivemq-platform-operator] [a5bf7744] 18:21:12.340 [pool-6-thread-8] DEBUG c.h.p.o.dependants.PodInfoConfigMap - [helmmqtt] Desired PodInfo ConfigMap (metrics port: 9399) (metrics path: /)
2025-01-30 18:21:12,347 INFO c.h.h.t.HelmChartContainer - [hivemq-test-hivemq-platform] [hivemq-platform-operator] [a5bf7744] 18:21:12.340 [pool-6-thread-8] DEBUG c.h.p.o.dependants.PodInfoConfigMap - [helmmqtt] Desired PodInfo ConfigMap (extension state hash: -1817474005)
2025-01-30 18:21:12,347 INFO c.h.h.t.HelmChartContainer - [hivemq-test-hivemq-platform] [hivemq-platform-operator] [a5bf7744] 18:21:12.342 [pool-6-thread-2] DEBUG c.h.p.o.d.PodServiceAccountResource - [helmmqtt] Desired PodServiceAccountResource (serviceAccountName: hivemq-platform-pod-test-hivemq-platform)
2025-01-30 18:21:12,353 INFO c.h.h.t.HelmChartContainer - [hivemq-test-hivemq-platform] [hivemq-platform-operator] [a5bf7744] 18:21:12.350 [pool-6-thread-9] DEBUG c.h.p.o.d.StatefulSetResource - [helmmqtt] Desired StatefulSet (1 replicas) for status STARTING (READY)
2025-01-30 18:21:12,356 INFO c.h.h.t.HelmChartContainer - [hivemq-test-hivemq-platform] [hivemq-platform-operator] [a5bf7744] 18:21:12.355 [ReconcilerExecutor-hivemq-controller-114] INFO  c.h.p.o.HiveMQPlatformReconciler - [helmmqtt] Reconciling HiveMQ Platform 'test-hivemq-platform' in namespace 'helmmqttit'
2025-01-30 18:21:12,356 INFO c.h.h.t.HelmChartContainer - [hivemq-test-hivemq-platform] [hivemq-platform-operator] [a5bf7744] 18:21:12.355 [ReconcilerExecutor-hivemq-controller-114] DEBUG c.h.p.o.HiveMQPlatformReconciler - [helmmqtt] Custom Resource Status STARTING - HiveMQ Platform is starting (READY)
2025-01-30 18:21:12,357 INFO c.h.h.t.HelmChartContainer - [hivemq-test-hivemq-platform] [hivemq-platform-operator] [a5bf7744] 18:21:12.355 [ReconcilerExecutor-hivemq-controller-114] DEBUG c.h.p.o.HiveMQPlatformReconciler - [helmmqtt] Custom Resource Spec (replicas: 1) (extensions: 1)
2025-01-30 18:21:12,369 INFO c.h.h.t.HelmChartContainer - [hivemq-test-hivemq-platform] [hivemq-platform-operator] [a5bf7744] 18:21:12.364 [ReconcilerExecutor-hivemq-controller-114] DEBUG c.h.p.o.HiveMQPlatformReconciler - [helmmqtt] StatefulSet Status (revision: test-hivemq-platform-7bbc5894fb, replicas: 1, available: 1, ready: 1, current: 1, updated: 1)
2025-01-30 18:21:12,369 INFO c.h.h.t.HelmChartContainer - [hivemq-test-hivemq-platform] [hivemq-platform-operator] [a5bf7744] 18:21:12.364 [ReconcilerExecutor-hivemq-controller-114] DEBUG c.h.p.o.HiveMQPlatformReconciler - [helmmqtt] StatefulSet Spec (replicas: 1, init containers: 1, containers: 1, volumes: 3)
2025-01-30 18:21:12,369 INFO c.h.h.t.HelmChartContainer - [hivemq-test-hivemq-platform] [hivemq-platform-operator] [a5bf7744] 18:21:12.366 [ReconcilerExecutor-hivemq-controller-114] DEBUG c.h.p.o.h.HiveMQPlatformReconcilerErrorHandler - [helmmqtt] Pod 'test-hivemq-platform-0' phase Running
2025-01-30 18:21:12,369 INFO c.h.h.t.HelmChartContainer - [hivemq-test-hivemq-platform] [hivemq-platform-operator] [a5bf7744] 18:21:12.366 [ReconcilerExecutor-hivemq-controller-114] INFO  c.h.p.o.h.HiveMQPlatformReconcilerBaseHandler - [helmmqtt] HiveMQ Platform started successfully
2025-01-30 18:21:12,450 INFO c.h.h.t.HelmChartContainer - [hivemq-test-hivemq-platform] [hivemq-platform-operator] [a5bf7744] 18:21:12.449 [ReconcilerExecutor-hivemq-controller-114] DEBUG c.h.p.operator.event.EventSender - [helmmqtt] Creating K8s event hivemq-platform-ready: [Ready] HiveMQ Platform is ready
2025-01-30 18:21:12,468 INFO c.h.h.t.HelmChartContainer - [EVENT] Normal [Ready] HiveMQ Platform is ready [helmmqttit:test-hivemq-platform]
2025-01-30 18:21:12,469 INFO c.h.h.t.HelmChartContainer - [hivemq-test-hivemq-platform] [hivemq-platform-operator] [a5bf7744] 18:21:12.469 [ReconcilerExecutor-hivemq-controller-114] INFO  c.h.p.o.h.AbstractHiveMQReconcilerStateHandler - [helmmqtt] Update HiveMQ Platform Status (STARTING [READY] -> RUNNING [READY]): HiveMQ Platform is ready
2025-01-30 18:21:12,478 DEBUG com.hivemq.helmcharts.util.K8sUtil - Comparing actual state 'RUNNING' and waiting for 'RUNNING'
2025-01-30 18:21:12,481 INFO c.h.h.t.HelmChartContainer - [hivemq-test-hivemq-platform] [hivemq-platform-operator] [a5bf7744] 18:21:12.479 [pool-6-thread-19] DEBUG c.h.p.o.d.PlatformServiceResource - [helmmqtt] Desired Platform services (2 services)
2025-01-30 18:21:12,482 INFO c.h.h.t.HelmChartContainer - [hivemq-test-hivemq-platform] [hivemq-platform-operator] [a5bf7744] 18:21:12.480 [pool-6-thread-14] DEBUG c.h.p.o.dependants.PodInfoConfigMap - [helmmqtt] Desired PodInfo ConfigMap (1 extensions) (1 enabled)
2025-01-30 18:21:12,483 INFO c.h.h.t.HelmChartContainer - [hivemq-test-hivemq-platform] [hivemq-platform-operator] [a5bf7744] 18:21:12.480 [pool-6-thread-14] DEBUG c.h.p.o.dependants.PodInfoConfigMap - [helmmqtt] Desired PodInfo ConfigMap (metrics port: 9399) (metrics path: /)
2025-01-30 18:21:12,483 INFO c.h.h.t.HelmChartContainer - [hivemq-test-hivemq-platform] [hivemq-platform-operator] [a5bf7744] 18:21:12.480 [pool-6-thread-14] DEBUG c.h.p.o.dependants.PodInfoConfigMap - [helmmqtt] Desired PodInfo ConfigMap (extension state hash: -1817474005)
2025-01-30 18:21:12,483 INFO c.h.h.t.HelmChartContainer - [hivemq-test-hivemq-platform] [hivemq-platform-operator] [a5bf7744] 18:21:12.481 [pool-6-thread-13] DEBUG c.h.p.o.d.PodServiceAccountResource - [helmmqtt] Desired PodServiceAccountResource (serviceAccountName: hivemq-platform-pod-test-hivemq-platform)
2025-01-30 18:21:12,487 INFO c.h.h.t.HelmChartContainer - [hivemq-test-hivemq-platform] [hivemq-platform-operator] [a5bf7744] 18:21:12.481 [pool-6-thread-14] DEBUG c.h.p.o.dependants.PodInfoConfigMap - [helmmqtt] Update PodInfo ConfigMap
2025-01-30 18:21:12,551 INFO c.h.h.t.HelmChartContainer - [hivemq-test-hivemq-platform] [hivemq-platform-operator] [a5bf7744] 18:21:12.550 [pool-6-thread-14] DEBUG c.h.p.o.d.StatefulSetResource - [helmmqtt] Desired StatefulSet (1 replicas) for status RUNNING (READY)
2025-01-30 18:21:12,553 INFO c.h.h.t.HelmChartContainer - [hivemq-test-hivemq-platform] [hivemq-platform-operator] [a5bf7744] 18:21:12.553 [ReconcilerExecutor-hivemq-controller-115] INFO  c.h.p.o.HiveMQPlatformReconciler - [helmmqtt] Reconciling HiveMQ Platform 'test-hivemq-platform' in namespace 'helmmqttit'
2025-01-30 18:21:12,553 INFO c.h.h.t.HelmChartContainer - [hivemq-test-hivemq-platform] [hivemq-platform-operator] [a5bf7744] 18:21:12.553 [ReconcilerExecutor-hivemq-controller-115] DEBUG c.h.p.o.HiveMQPlatformReconciler - [helmmqtt] Custom Resource Status RUNNING - HiveMQ Platform is ready (READY)
2025-01-30 18:21:12,553 INFO c.h.h.t.HelmChartContainer - [hivemq-test-hivemq-platform] [hivemq-platform-operator] [a5bf7744] 18:21:12.553 [ReconcilerExecutor-hivemq-controller-115] DEBUG c.h.p.o.HiveMQPlatformReconciler - [helmmqtt] Custom Resource Spec (replicas: 1) (extensions: 1)
2025-01-30 18:21:12,567 INFO c.h.h.t.HelmChartContainer - [hivemq-test-hivemq-platform] [hivemq-platform-operator] [a5bf7744] 18:21:12.565 [ReconcilerExecutor-hivemq-controller-115] DEBUG c.h.p.o.HiveMQPlatformReconciler - [helmmqtt] StatefulSet Status (revision: test-hivemq-platform-7bbc5894fb, replicas: 1, available: 1, ready: 1, current: 1, updated: 1)
2025-01-30 18:21:12,567 INFO c.h.h.t.HelmChartContainer - [hivemq-test-hivemq-platform] [hivemq-platform-operator] [a5bf7744] 18:21:12.566 [ReconcilerExecutor-hivemq-controller-115] DEBUG c.h.p.o.HiveMQPlatformReconciler - [helmmqtt] StatefulSet Spec (replicas: 1, init containers: 1, containers: 1, volumes: 3)
2025-01-30 18:21:12,568 INFO c.h.h.t.HelmChartContainer - [hivemq-test-hivemq-platform] [hivemq-platform-operator] [a5bf7744] 18:21:12.567 [ReconcilerExecutor-hivemq-controller-115] DEBUG c.h.p.o.h.HiveMQPlatformReconcilerErrorHandler - [helmmqtt] Pod 'test-hivemq-platform-0' phase Running
2025-01-30 18:21:17,556 INFO c.h.h.t.HelmChartContainer - Uninstalling release 'test-hivemq-platform' in namespace 'helmmqttit'...
2025-01-30 18:21:17,556 DEBUG c.h.h.t.HelmChartContainer - Executing helm command: /bin/helm --kubeconfig /etc/rancher/k3s/k3s.yaml uninstall test-hivemq-platform  --wait --timeout 5m0s --cascade foreground --namespace helmmqttit
2025-01-30 18:21:17,742 INFO c.h.h.t.HelmChartContainer - [hivemq-test-hivemq-platform] [hivemq-platform-operator] [a5bf7744] 18:21:17.740 [pool-6-thread-29] DEBUG c.h.p.o.d.PlatformServiceResource - [helmmqtt] Desired Platform services (2 services)
2025-01-30 18:21:17,754 INFO c.h.h.t.HelmChartContainer - [hivemq-test-hivemq-platform] [hivemq-platform-operator] [a5bf7744] 18:21:17.743 [pool-6-thread-28] DEBUG c.h.p.o.dependants.PodInfoConfigMap - [helmmqtt] Desired PodInfo ConfigMap (1 extensions) (1 enabled)
2025-01-30 18:21:17,754 INFO c.h.h.t.HelmChartContainer - [hivemq-test-hivemq-platform] [hivemq-platform-operator] [a5bf7744] 18:21:17.744 [pool-6-thread-28] DEBUG c.h.p.o.dependants.PodInfoConfigMap - [helmmqtt] Desired PodInfo ConfigMap (metrics port: 9399) (metrics path: /)
2025-01-30 18:21:17,754 INFO c.h.h.t.HelmChartContainer - [hivemq-test-hivemq-platform] [hivemq-platform-operator] [a5bf7744] 18:21:17.744 [pool-6-thread-28] DEBUG c.h.p.o.dependants.PodInfoConfigMap - [helmmqtt] Desired PodInfo ConfigMap (extension state hash: -1817474005)
2025-01-30 18:21:17,755 INFO c.h.h.t.HelmChartContainer - [hivemq-test-hivemq-platform] [hivemq-platform-operator] [a5bf7744] 18:21:17.745 [pool-6-thread-21] DEBUG c.h.p.o.d.PodServiceAccountResource - [helmmqtt] Desired PodServiceAccountResource (serviceAccountName: hivemq-platform-pod-test-hivemq-platform)
2025-01-30 18:21:17,755 INFO c.h.h.t.HelmChartContainer - [hivemq-test-hivemq-platform] [hivemq-platform-operator] [a5bf7744] 18:21:17.751 [pool-6-thread-29] DEBUG c.h.p.o.d.StatefulSetResource - [helmmqtt] Desired StatefulSet (1 replicas) for status RUNNING (READY)
2025-01-30 18:21:17,785 INFO c.h.h.t.HelmChartContainer - [hivemq-test-hivemq-platform] [hivemq-platform-operator] [a5bf7744] 18:21:17.768 [ReconcilerExecutor-hivemq-controller-116] INFO  c.h.p.o.HiveMQPlatformReconciler - [helmmqtt] Reconciling HiveMQ Platform 'test-hivemq-platform' in namespace 'helmmqttit'
2025-01-30 18:21:17,786 INFO c.h.h.t.HelmChartContainer - [hivemq-test-hivemq-platform] [hivemq-platform-operator] [a5bf7744] 18:21:17.769 [ReconcilerExecutor-hivemq-controller-116] DEBUG c.h.p.o.HiveMQPlatformReconciler - [helmmqtt] Custom Resource Status RUNNING - HiveMQ Platform is ready (READY)
2025-01-30 18:21:17,786 INFO c.h.h.t.HelmChartContainer - [hivemq-test-hivemq-platform] [hivemq-platform-operator] [a5bf7744] 18:21:17.769 [ReconcilerExecutor-hivemq-controller-116] DEBUG c.h.p.o.HiveMQPlatformReconciler - [helmmqtt] Custom Resource Spec (replicas: 1) (extensions: 1)
2025-01-30 18:21:17,786 INFO c.h.h.t.HelmChartContainer - [hivemq-test-hivemq-platform] [hivemq-platform-operator] [a5bf7744] 18:21:17.771 [ReconcilerExecutor-hivemq-controller-116] DEBUG c.h.p.o.HiveMQPlatformReconciler - [helmmqtt] StatefulSet Status (revision: test-hivemq-platform-7bbc5894fb, replicas: 1, available: 1, ready: 1, current: 1, updated: 1)
2025-01-30 18:21:17,786 INFO c.h.h.t.HelmChartContainer - [hivemq-test-hivemq-platform] [hivemq-platform-operator] [a5bf7744] 18:21:17.771 [ReconcilerExecutor-hivemq-controller-116] DEBUG c.h.p.o.HiveMQPlatformReconciler - [helmmqtt] StatefulSet Spec (replicas: 1, init containers: 1, containers: 1, volumes: 3)
2025-01-30 18:21:17,786 INFO c.h.h.t.HelmChartContainer - [hivemq-test-hivemq-platform] [hivemq-platform-operator] [a5bf7744] 18:21:17.772 [ReconcilerExecutor-hivemq-controller-116] DEBUG c.h.p.o.h.HiveMQPlatformReconcilerErrorHandler - [helmmqtt] Pod 'test-hivemq-platform-0' phase Running
2025-01-30 18:21:17,787 INFO c.h.h.t.HelmChartContainer - [hivemq-test-hivemq-platform] [hivemq-platform-operator] [a5bf7744] 18:21:17.777 [ReconcilerExecutor-hivemq-controller-117] INFO  c.h.p.o.HiveMQPlatformReconciler - [helmmqtt] Cleanup test-hivemq-platform - helmmqttit HiveMQ Platform is shut down
2025-01-30 18:21:18,325 INFO c.h.h.t.HelmChartContainer - [POD] test-hivemq-platform-0 [3cc2c195-3eda-4ce6-aac7-b1aa79f91265] in helmmqttit was MODIFIED
2025-01-30 18:21:18,328 INFO c.h.h.t.HelmChartContainer - [EVENT] Normal [Killing] Stopping container hivemq [helmmqttit:test-hivemq-platform-0]
2025-01-30 18:21:18,328 INFO c.h.h.t.HelmChartContainer - Received Killing event for container hivemq in pod test-hivemq-platform-0 [3cc2c195-3eda-4ce6-aac7-b1aa79f91265]
2025-01-30 18:21:18,328 INFO c.h.h.t.HelmChartContainer - Container [test-hivemq-platform-0] [hivemq] [3cc2c195-3eda-4ce6-aac7-b1aa79f91265] was terminated
2025-01-30 18:21:18,328 INFO c.h.h.t.HelmChartContainer - Stopped log watcher for hivemq in pod test-hivemq-platform-0 [3cc2c195-3eda-4ce6-aac7-b1aa79f91265]
2025-01-30 18:21:18,339 INFO c.h.h.t.HelmChartContainer - [test-hivemq-platform] [hivemq] [3cc2c195] INFO  - [HiveMQ Platform Operator Init App 1.7.0-SNAPSHOT] Shutting down
2025-01-30 18:21:18,339 INFO c.h.h.t.HelmChartContainer - [test-hivemq-platform] [hivemq] [3cc2c195] INFO  - [HiveMQ Platform Operator Init App 1.7.0-SNAPSHOT] Stopping the HiveMQ Platform
2025-01-30 18:21:18,414 INFO c.h.h.t.HelmChartContainer - [test-hivemq-platform] [hivemq] [3cc2c195] INFO  - Shutting down HiveMQ. Please wait, this could take a while...
2025-01-30 18:21:18,463 INFO c.h.h.t.HelmChartContainer - [test-hivemq-platform] [hivemq] [3cc2c195] INFO  - Shutting down listeners and clients
2025-01-30 18:21:18,464 INFO c.h.h.t.HelmChartContainer - [test-hivemq-platform] [hivemq] [3cc2c195] INFO  - Shutdown of listeners is done
2025-01-30 18:21:18,464 INFO c.h.h.t.HelmChartContainer - [test-hivemq-platform] [hivemq] [3cc2c195] INFO  - No clients are connected, proceeding with shutdown
2025-01-30 18:21:19,795 INFO c.h.h.t.HelmChartContainer - Deleting namespace 'helmmqttit'...
2025-01-30 18:21:21,265 INFO c.h.h.t.HelmChartContainer - [test-hivemq-platform] [hivemq] [3cc2c195] INFO  - Shutting down extension system
2025-01-30 18:21:21,271 INFO c.h.h.t.HelmChartContainer - [test-hivemq-platform] [hivemq] [3cc2c195] INFO  - Stopping extension with id hivemq-dns-cluster-discovery
2025-01-30 18:21:21,272 INFO c.h.h.t.HelmChartContainer - [test-hivemq-platform] [hivemq] [3cc2c195] INFO  - Extension "DNS Cluster Discovery Extension" version 4.3.2 stopped successfully.
2025-01-30 18:21:21,273 INFO c.h.h.t.HelmChartContainer - [test-hivemq-platform] [hivemq] [3cc2c195] INFO  - Stopping extension with id hivemq-prometheus-extension
2025-01-30 18:21:21,277 INFO c.h.h.t.HelmChartContainer - [test-hivemq-platform] [hivemq] [3cc2c195] INFO  - Extension "Prometheus Monitoring Extension" version 4.0.12 stopped successfully.
2025-01-30 18:21:21,278 INFO c.h.h.t.HelmChartContainer - [test-hivemq-platform] [hivemq] [3cc2c195] INFO  - Stopping extension with id hivemq-allow-all-extension
2025-01-30 18:21:21,278 INFO c.h.h.t.HelmChartContainer - [test-hivemq-platform] [hivemq] [3cc2c195] INFO  - Extension "Allow All Extension" version 1.1.1 stopped successfully.
2025-01-30 18:21:22,317 INFO c.h.h.t.HelmChartContainer - [test-hivemq-platform] [hivemq] [3cc2c195] INFO  - [HiveMQ Platform Operator Init App 1.7.0-SNAPSHOT] Returning shutdown Health API response 503 for readiness
2025-01-30 18:21:22,321 INFO c.h.h.t.HelmChartContainer - [EVENT] Warning [Unhealthy] Readiness probe failed: HTTP probe failed with statuscode: 503 [helmmqttit:test-hivemq-platform-0]
2025-01-30 18:21:22,321 INFO c.h.h.t.HelmChartContainer - Received Unhealthy event for container hivemq in pod test-hivemq-platform-0 [3cc2c195-3eda-4ce6-aac7-b1aa79f91265]
2025-01-30 18:21:22,741 INFO c.h.h.t.HelmChartContainer - [test-hivemq-platform] [hivemq] [3cc2c195] WARN  - [HiveMQ Platform Operator Init App 1.7.0-SNAPSHOT] Could not update Pod annotations: Failure executing: GET at: https://10.43.0.1:443/api/v1/namespaces/helmmqttit/pods/test-hivemq-platform-0. Message: pods "test-hivemq-platform-0" is forbidden: User "system:serviceaccount:helmmqttit:hivemq-platform-pod-test-hivemq-platform" cannot get resource "pods" in API group "" in the namespace "helmmqttit". Received status: Status(apiVersion=v1, code=403, details=StatusDetails(causes=[], group=null, kind=pods, name=test-hivemq-platform-0, retryAfterSeconds=null, uid=null, additionalProperties={}), kind=Status, message=pods "test-hivemq-platform-0" is forbidden: User "system:serviceaccount:helmmqttit:hivemq-platform-pod-test-hivemq-platform" cannot get resource "pods" in API group "" in the namespace "helmmqttit", metadata=ListMeta(_continue=null, remainingItemCount=null, resourceVersion=null, selfLink=null, additionalProperties={}), reason=Forbidden, status=Failure, additionalProperties={}).
2025-01-30 18:21:23,562 INFO c.h.h.t.HelmChartContainer - [test-hivemq-platform] [hivemq] [3cc2c195] INFO  - Shutdown completed.
2025-01-30 18:21:23,909 INFO c.h.h.t.HelmChartContainer - [test-hivemq-platform] [hivemq] [3cc2c195] INFO  - [HiveMQ Platform Operator Init App 1.7.0-SNAPSHOT] The HiveMQ Platform exited with code 143
2025-01-30 18:21:23,909 INFO c.h.h.t.HelmChartContainer - [test-hivemq-platform] [hivemq] [3cc2c195] INFO  - [HiveMQ Platform Operator Init App 1.7.0-SNAPSHOT] Stopping the REST API
2025-01-30 18:21:23,915 INFO c.h.h.t.HelmChartContainer - [test-hivemq-platform] [hivemq] [3cc2c195] INFO  - [HiveMQ Platform Operator Init App 1.7.0-SNAPSHOT] Shutdown complete
2025-01-30 18:21:24,376 INFO c.h.h.t.HelmChartContainer - [K3S] [stateful_set.go:438] "Unhandled Error" err="error syncing StatefulSet helmmqttit/test-hivemq-platform, requeuing: controllerrevisions.apps \"test-hivemq-platform-7bbc5894fb\" is forbidden: unable to create new content in namespace helmmqttit because it is being terminated"
2025-01-30 18:21:24,376 INFO c.h.h.t.HelmChartContainer - [POD] test-hivemq-platform-0 [3cc2c195-3eda-4ce6-aac7-b1aa79f91265] in helmmqttit was MODIFIED
2025-01-30 18:21:24,383 INFO c.h.h.t.HelmChartContainer - [K3S] [stateful_set.go:438] "Unhandled Error" err="error syncing StatefulSet helmmqttit/test-hivemq-platform, requeuing: controllerrevisions.apps \"test-hivemq-platform-7bbc5894fb\" is forbidden: unable to create new content in namespace helmmqttit because it is being terminated"
2025-01-30 18:21:24,396 INFO c.h.h.t.HelmChartContainer - [K3S] [stateful_set.go:438] "Unhandled Error" err="error syncing StatefulSet helmmqttit/test-hivemq-platform, requeuing: controllerrevisions.apps \"test-hivemq-platform-7bbc5894fb\" is forbidden: unable to create new content in namespace helmmqttit because it is being terminated"
2025-01-30 18:21:24,419 INFO c.h.h.t.HelmChartContainer - [K3S] [stateful_set.go:438] "Unhandled Error" err="error syncing StatefulSet helmmqttit/test-hivemq-platform, requeuing: controllerrevisions.apps \"test-hivemq-platform-7bbc5894fb\" is forbidden: unable to create new content in namespace helmmqttit because it is being terminated"
2025-01-30 18:21:24,445 INFO c.h.h.t.HelmChartContainer - [K3S] [reconciler_common.go:162] "operationExecutor.UnmountVolume started for volume \"pod-info\" (UniqueName: \"kubernetes.io/configmap/3cc2c195-3eda-4ce6-aac7-b1aa79f91265-pod-info\") pod \"3cc2c195-3eda-4ce6-aac7-b1aa79f91265\" (UID: \"3cc2c195-3eda-4ce6-aac7-b1aa79f91265\") "
2025-01-30 18:21:24,445 INFO c.h.h.t.HelmChartContainer - [K3S] [reconciler_common.go:162] "operationExecutor.UnmountVolume started for volume \"operator-init\" (UniqueName: \"kubernetes.io/empty-dir/3cc2c195-3eda-4ce6-aac7-b1aa79f91265-operator-init\") pod \"3cc2c195-3eda-4ce6-aac7-b1aa79f91265\" (UID: \"3cc2c195-3eda-4ce6-aac7-b1aa79f91265\") "
2025-01-30 18:21:24,445 INFO c.h.h.t.HelmChartContainer - [K3S] [reconciler_common.go:162] "operationExecutor.UnmountVolume started for volume \"broker-configuration\" (UniqueName: \"kubernetes.io/configmap/3cc2c195-3eda-4ce6-aac7-b1aa79f91265-broker-configuration\") pod \"3cc2c195-3eda-4ce6-aac7-b1aa79f91265\" (UID: \"3cc2c195-3eda-4ce6-aac7-b1aa79f91265\") "
2025-01-30 18:21:24,445 INFO c.h.h.t.HelmChartContainer - [K3S] [reconciler_common.go:162] "operationExecutor.UnmountVolume started for volume \"kube-api-access-jvznp\" (UniqueName: \"kubernetes.io/projected/3cc2c195-3eda-4ce6-aac7-b1aa79f91265-kube-api-access-jvznp\") pod \"3cc2c195-3eda-4ce6-aac7-b1aa79f91265\" (UID: \"3cc2c195-3eda-4ce6-aac7-b1aa79f91265\") "
2025-01-30 18:21:24,462 INFO c.h.h.t.HelmChartContainer - [K3S] [stateful_set.go:438] "Unhandled Error" err="error syncing StatefulSet helmmqttit/test-hivemq-platform, requeuing: controllerrevisions.apps \"test-hivemq-platform-7bbc5894fb\" is forbidden: unable to create new content in namespace helmmqttit because it is being terminated"
2025-01-30 18:21:24,545 INFO c.h.h.t.HelmChartContainer - [K3S] [reconciler_common.go:299] "Volume detached for volume \"pod-info\" (UniqueName: \"kubernetes.io/configmap/3cc2c195-3eda-4ce6-aac7-b1aa79f91265-pod-info\") on node \"0019a1e396a2\" DevicePath \"\""
2025-01-30 18:21:24,545 INFO c.h.h.t.HelmChartContainer - [K3S] [reconciler_common.go:299] "Volume detached for volume \"operator-init\" (UniqueName: \"kubernetes.io/empty-dir/3cc2c195-3eda-4ce6-aac7-b1aa79f91265-operator-init\") on node \"0019a1e396a2\" DevicePath \"\""
2025-01-30 18:21:24,545 INFO c.h.h.t.HelmChartContainer - [K3S] [reconciler_common.go:299] "Volume detached for volume \"broker-configuration\" (UniqueName: \"kubernetes.io/configmap/3cc2c195-3eda-4ce6-aac7-b1aa79f91265-broker-configuration\") on node \"0019a1e396a2\" DevicePath \"\""
2025-01-30 18:21:24,546 INFO c.h.h.t.HelmChartContainer - [K3S] [reconciler_common.go:299] "Volume detached for volume \"kube-api-access-jvznp\" (UniqueName: \"kubernetes.io/projected/3cc2c195-3eda-4ce6-aac7-b1aa79f91265-kube-api-access-jvznp\") on node \"0019a1e396a2\" DevicePath \"\""
2025-01-30 18:21:24,546 INFO c.h.h.t.HelmChartContainer - [K3S] [stateful_set.go:438] "Unhandled Error" err="error syncing StatefulSet helmmqttit/test-hivemq-platform, requeuing: controllerrevisions.apps \"test-hivemq-platform-7bbc5894fb\" is forbidden: unable to create new content in namespace helmmqttit because it is being terminated"
2025-01-30 18:21:24,709 INFO c.h.h.t.HelmChartContainer - [K3S] [stateful_set.go:438] "Unhandled Error" err="error syncing StatefulSet helmmqttit/test-hivemq-platform, requeuing: controllerrevisions.apps \"test-hivemq-platform-7bbc5894fb\" is forbidden: unable to create new content in namespace helmmqttit because it is being terminated"
2025-01-30 18:21:24,907 INFO c.h.h.t.HelmChartContainer - [K3S] [scope.go:117] "RemoveContainer" containerID="625f4b7cc53fbcc29a87aabc764cd7e250ef317b6f30eb0992cd2c9d0a84ec4d"
2025-01-30 18:21:24,917 INFO c.h.h.t.HelmChartContainer - [K3S] [stateful_set.go:466] "StatefulSet has been deleted" key="helmmqttit/test-hivemq-platform"
2025-01-30 18:21:24,925 INFO c.h.h.t.HelmChartContainer - [POD] test-hivemq-platform-0 [3cc2c195-3eda-4ce6-aac7-b1aa79f91265] in helmmqttit was MODIFIED
2025-01-30 18:21:24,928 INFO c.h.h.t.HelmChartContainer - [POD] test-hivemq-platform-0 [3cc2c195-3eda-4ce6-aac7-b1aa79f91265] in helmmqttit was DELETED
2025-01-30 18:21:25,009 INFO c.h.h.t.HelmChartContainer - [K3S] [scope.go:117] "RemoveContainer" containerID="8db28ee364a3658eeb6d0065d3bea01417b178bbfead2a8cdcf9fd50d7f3a034"
2025-01-30 18:21:25,013 INFO c.h.h.t.HelmChartContainer - [K3S] [scope.go:117] "RemoveContainer" containerID="625f4b7cc53fbcc29a87aabc764cd7e250ef317b6f30eb0992cd2c9d0a84ec4d"
2025-01-30 18:21:25,013 INFO c.h.h.t.HelmChartContainer - [K3S] [scope.go:117] "RemoveContainer" containerID="8db28ee364a3658eeb6d0065d3bea01417b178bbfead2a8cdcf9fd50d7f3a034"
2025-01-30 18:21:25,030 INFO c.h.h.t.HelmChartContainer - [K3S] [stateful_set.go:466] "StatefulSet has been deleted" key="helmmqttit/test-hivemq-platform"
2025-01-30 18:21:25,125 INFO c.h.h.t.HelmChartContainer - Namespace 'helmmqttit' deleted
2025-01-30 18:21:25,125 INFO c.h.h.t.HelmChartContainer - Release 'test-hivemq-platform' in namespace 'helmmqttit' is uninstalled
2025-01-30 18:21:25,125 INFO c.h.h.t.HelmChartContainer - Uninstalling release 'test-hivemq-platform-operator' in namespace 'helmmqttit-operator'...
2025-01-30 18:21:25,126 DEBUG c.h.h.t.HelmChartContainer - Executing helm command: /bin/helm --kubeconfig /etc/rancher/k3s/k3s.yaml uninstall test-hivemq-platform-operator  --wait --timeout 5m0s --cascade foreground --namespace helmmqttit-operator
2025-01-30 18:21:25,311 INFO c.h.h.t.HelmChartContainer - [K3S] [replica_set.go:679] "Finished syncing" kind="ReplicaSet" key="helmmqttit-operator/hivemq-test-hivemq-platform-operator-6966f96d65" duration="8.462873ms"
2025-01-30 18:21:25,315 INFO c.h.h.t.HelmChartContainer - [K3S] [replica_set.go:679] "Finished syncing" kind="ReplicaSet" key="helmmqttit-operator/hivemq-test-hivemq-platform-operator-6966f96d65" duration="39.744µs"
2025-01-30 18:21:25,329 INFO c.h.h.t.HelmChartContainer - [POD] hivemq-test-hivemq-platform-operator-6966f96d65-5vscg [a5bf7744-adf1-458d-8dec-07a7103fe087] in helmmqttit-operator was MODIFIED
2025-01-30 18:21:25,331 INFO c.h.h.t.HelmChartContainer - [EVENT] Normal [Killing] Stopping container hivemq-platform-operator [helmmqttit-operator:hivemq-test-hivemq-platform-operator-6966f96d65-5vscg]
2025-01-30 18:21:25,331 INFO c.h.h.t.HelmChartContainer - Received Killing event for container hivemq-platform-operator in pod hivemq-test-hivemq-platform-operator-6966f96d65-5vscg [a5bf7744-adf1-458d-8dec-07a7103fe087]
2025-01-30 18:21:25,331 INFO c.h.h.t.HelmChartContainer - Container [hivemq-test-hivemq-platform-operator-6966f96d65-5vscg] [hivemq-platform-operator] [a5bf7744-adf1-458d-8dec-07a7103fe087] was terminated
2025-01-30 18:21:25,332 INFO c.h.h.t.HelmChartContainer - Stopped log watcher for hivemq-platform-operator in pod hivemq-test-hivemq-platform-operator-6966f96d65-5vscg [a5bf7744-adf1-458d-8dec-07a7103fe087]
2025-01-30 18:21:25,335 INFO c.h.h.t.HelmChartContainer - [hivemq-test-hivemq-platform] [hivemq-platform-operator] [a5bf7744] 18:21:25.334 [application-shutdown-thread] INFO  c.h.p.o.HiveMQPlatformOperatorApplication - HiveMQ Platform Operator is stopping...
2025-01-30 18:21:25,335 INFO c.h.h.t.HelmChartContainer - [hivemq-test-hivemq-platform] [hivemq-platform-operator] [a5bf7744] 18:21:25.335 [application-shutdown-thread] INFO  i.javaoperatorsdk.operator.Operator - Operator SDK 4.9.7 is shutting down...
2025-01-30 18:21:25,338 INFO c.h.h.t.HelmChartContainer - [K3S] [replica_set.go:679] "Finished syncing" kind="ReplicaSet" key="helmmqttit-operator/hivemq-test-hivemq-platform-operator-6966f96d65" duration="12.347202ms"
2025-01-30 18:21:25,338 INFO c.h.h.t.HelmChartContainer - [K3S] [replica_set.go:679] "Finished syncing" kind="ReplicaSet" key="helmmqttit-operator/hivemq-test-hivemq-platform-operator-6966f96d65" duration="47.108µs"
2025-01-30 18:21:25,584 INFO c.h.h.t.HelmChartContainer - [K3S] [replica_set.go:679] "Finished syncing" kind="ReplicaSet" key="helmmqttit-operator/hivemq-test-hivemq-platform-operator-6966f96d65" duration="41.938µs"
2025-01-30 18:21:25,586 INFO c.h.h.t.HelmChartContainer - [POD] hivemq-test-hivemq-platform-operator-6966f96d65-5vscg [a5bf7744-adf1-458d-8dec-07a7103fe087] in helmmqttit-operator was MODIFIED
2025-01-30 18:21:25,651 INFO c.h.h.t.HelmChartContainer - [K3S] [reconciler_common.go:162] "operationExecutor.UnmountVolume started for volume \"kube-api-access-nlrrm\" (UniqueName: \"kubernetes.io/projected/a5bf7744-adf1-458d-8dec-07a7103fe087-kube-api-access-nlrrm\") pod \"a5bf7744-adf1-458d-8dec-07a7103fe087\" (UID: \"a5bf7744-adf1-458d-8dec-07a7103fe087\") "
2025-01-30 18:21:25,751 INFO c.h.h.t.HelmChartContainer - [K3S] [reconciler_common.go:299] "Volume detached for volume \"kube-api-access-nlrrm\" (UniqueName: \"kubernetes.io/projected/a5bf7744-adf1-458d-8dec-07a7103fe087-kube-api-access-nlrrm\") on node \"0019a1e396a2\" DevicePath \"\""
2025-01-30 18:21:25,910 INFO c.h.h.t.HelmChartContainer - [K3S] [scope.go:117] "RemoveContainer" containerID="ef0b26ccedae2bc65974087d32f0d396d5ba9526fa131ff3c7705680917b7581"
2025-01-30 18:21:25,914 INFO c.h.h.t.HelmChartContainer - [K3S] [scope.go:117] "RemoveContainer" containerID="ef0b26ccedae2bc65974087d32f0d396d5ba9526fa131ff3c7705680917b7581"
2025-01-30 18:21:25,922 INFO c.h.h.t.HelmChartContainer - [K3S] [replica_set.go:679] "Finished syncing" kind="ReplicaSet" key="helmmqttit-operator/hivemq-test-hivemq-platform-operator-6966f96d65" duration="43.522µs"
2025-01-30 18:21:25,926 INFO c.h.h.t.HelmChartContainer - [K3S] [replica_set.go:679] "Finished syncing" kind="ReplicaSet" key="helmmqttit-operator/hivemq-test-hivemq-platform-operator-6966f96d65" duration="49.572µs"
2025-01-30 18:21:25,928 INFO c.h.h.t.HelmChartContainer - [POD] hivemq-test-hivemq-platform-operator-6966f96d65-5vscg [a5bf7744-adf1-458d-8dec-07a7103fe087] in helmmqttit-operator was MODIFIED
2025-01-30 18:21:25,928 INFO c.h.h.t.HelmChartContainer - [POD] hivemq-test-hivemq-platform-operator-6966f96d65-5vscg [a5bf7744-adf1-458d-8dec-07a7103fe087] in helmmqttit-operator was DELETED
2025-01-30 18:21:25,937 INFO c.h.h.t.HelmChartContainer - [K3S] [replica_set.go:679] "Finished syncing" kind="ReplicaSet" key="helmmqttit-operator/hivemq-test-hivemq-platform-operator-6966f96d65" duration="6.102µs"
2025-01-30 18:21:26,129 INFO c.h.h.t.HelmChartContainer - [K3S] [kubelet_volumes.go:163] "Cleaned up orphaned pod volumes dir" podUID="3cc2c195-3eda-4ce6-aac7-b1aa79f91265" path="/var/lib/kubelet/pods/3cc2c195-3eda-4ce6-aac7-b1aa79f91265/volumes"
2025-01-30 18:21:26,130 INFO c.h.h.t.HelmChartContainer - [K3S] [kubelet_volumes.go:163] "Cleaned up orphaned pod volumes dir" podUID="a5bf7744-adf1-458d-8dec-07a7103fe087" path="/var/lib/kubelet/pods/a5bf7744-adf1-458d-8dec-07a7103fe087/volumes"
2025-01-30 18:21:27,352 INFO c.h.h.t.HelmChartContainer - Deleting namespace 'helmmqttit-operator'...
2025-01-30 18:21:30,055 INFO c.h.h.t.HelmChartContainer - [K3S] [namespace_controller.go:187] "Namespace has been deleted" namespace="helmmqttit"
2025-01-30 18:21:32,569 INFO c.h.h.t.HelmChartContainer - Namespace 'helmmqttit-operator' deleted
2025-01-30 18:21:32,569 INFO c.h.h.t.HelmChartContainer - Release 'test-hivemq-platform-operator' in namespace 'helmmqttit-operator' is uninstalled
2025-01-30 18:21:33,283 INFO c.h.helmcharts.AbstractHelmChartIT - Removed unused containers:

2025-01-30 18:21:37,476 INFO c.h.h.t.HelmChartContainer - [K3S] [namespace_controller.go:187] "Namespace has been deleted" namespace="helmmqttit-operator"
2025-01-30 18:21:41,080 INFO c.h.helmcharts.AbstractHelmChartIT - Removed unused snapshots:
Removing snapshot sha256:03af251906410714c5aef9fa705b63f6bbc39c4a5e787de7361eeb18886c2ed2
Removing snapshot sha256:0c46b3b43cce082ce5ec34ffc6c294e0417d17b9d1e6f366d114b6aadc4f96dc
Removing snapshot sha256:0ce761beee59082d6ed5bcebd3a805b8ddd9b3426b617e4809e7fb7c6587ffec
Removing snapshot sha256:0df91287303208332c8ff6ba40ae4710105201739addbfbddfb955f1ad593664
Removing snapshot sha256:1021ef88c7974bfff89c5a0ec4fd3160daac6c48a075f74cff721f85dd104e68
Removing snapshot sha256:10aba4953ddc18145dd38e3704709bc464aa20af60b56fe52caaff4b68411e62
Removing snapshot sha256:2573e0d8158209ed54ab25c87bcdcb00bd3d2539246960a3d592a1c599d70465
Removing snapshot sha256:362a8a37f8bbc31925a8146adcf7cf51f9882f5c1dcbef67c5baa03a297543c0
Removing snapshot sha256:3fa4ad33f0ddc8fd45b39b6b4640f82a3a83619606cd975bfe89d8710ad2d4cd
Removing snapshot sha256:43a7c979bbaba6838bc3102d6b10a1459f3ab050b87ccdfef84ef90cf43d3058
Removing snapshot sha256:4ab04491cdf0d3267f08206fe30bd48f49f94b9cab2f016d6739220f722a64af
Removing snapshot sha256:4b6068250e89c96f263060261819c7d912855bfbd64b3eb4c4a8483299b8c295
Removing snapshot sha256:580e69a0a8034ede1921139bbd2bfb72a69ebf276d008281896c32dd8bf74775
Removing snapshot sha256:5d30ba46b27fe37484567ccc5242cadc78217b8da605f3f195ef25cbf7487904
Removing snapshot sha256:63ca1fbb43ae5034640e5e6cb3e083e05c290072c5366fcaa9d62435a4cced85
Removing snapshot sha256:67f702c6baae873bceb19487c8b1f27bd2b86077e4f2f0e480e6d60ab508b8f5
Removing snapshot sha256:6864348dd42806d552efdec384f1274be15e2d0c10ce44c1f04347af004c10a9
Removing snapshot sha256:6c7dee8f2c39b84b7dc2711c01d33de93514d9055499173e9290176fbe484b6c
Removing snapshot sha256:82753493a6d61ded36556292f02f31841a14c20d2f279f19eaad65afb661d5cd
Removing snapshot sha256:8a10d3db42c505ee0fcfa98417bdd7e39b304f6bcc0a06bb1b220797ff2cc63c
Removing snapshot sha256:a0904247e36a7726c03c71ee48f3e64462021c88dafeb13f37fdaf613b27f11c
Removing snapshot sha256:a21e5b12dbac529ad45d976eb9ce45c881f3bedcc500fb30aba1e52aa1813418
Removing snapshot sha256:aa37166c0822aa2162072e7c3f1731266f83910910e696842698285a03ec5cd7
Removing snapshot sha256:ad214592929a35624a2a848ab8b542cdbf58835d94dd238468d8842ff203e097
Removing snapshot sha256:b921e6c28969094157f9b8e7244677780319637afd14450b7cb6b2fdea558a0c
Removing snapshot sha256:bc27ecb5769a00e309cf99ebc763c4a4b958b618d1decc96ffac5bc05f02f5b7
Removing snapshot sha256:be3ccb6627a5332e309d45ef461d09b4879dd870c7394d89323d0ebc6ca6aa8a
Removing snapshot sha256:c261f7cbbc64211ee175ee47273acdb7b1a36a4450b397a064a8f2c026490095
Removing snapshot sha256:c34d9393647eea0c9e3557ab988efaf59f61d10a2a5613b439ef0958cca5ec10
Removing snapshot sha256:ccf3c4a0fa967a41c1c83497a2ce6fa5787965859df0adb32c4ca2cf7490bc2b
Removing snapshot sha256:cf92d33f869417309692088c341cd0f223c178ea78a125f757317b22aa8f90e9
Removing snapshot sha256:d0037344cf2fb078884f1849f6a1f8cf9a33a3b6139b6a85833e5ee528e1f9a8
Removing snapshot sha256:d3b36d5b79273b1e98e7700470eaeff05a882e777124d84cebcc1505b85ecb36
Removing snapshot sha256:d65a44a37914602d12c611e5e22a50f11451d847e63015cc1c2aef92dee777a4
Removing snapshot sha256:e2dc0bae2455930f23ae570e019b7f32edc75c0f2d71cab084db837ff9051796
Removing snapshot sha256:eccbd24a99c60cd9e86ee5305dbfc4a4dc89f5ab4fb1f06c8d64797cecedef34
Removing snapshot sha256:f144bb4c7c7f0d2aa7eeffd36d934ec40db1ee167be727e326aad9fdc616f475

]]></system-out>
  </testcase>
  <system-out><![CDATA[2025-01-30 18:12:32,239 INFO c.h.h.t.HelmChartContainerExtension - Using cached HelmChartContainer instance
2025-01-30 18:12:32,245 INFO c.h.h.t.HelmChartContainerExtension - Creating cached HelmChartContainer instance
2025-01-30 18:12:32,265 INFO o.testcontainers.DockerClientFactory - Testcontainers version: 1.20.4
2025-01-30 18:12:32,673 INFO o.t.d.DockerClientProviderStrategy - Found Docker environment with local Unix socket (unix:///var/run/docker.sock)
2025-01-30 18:12:32,684 INFO o.testcontainers.DockerClientFactory - Docker host IP address is localhost
2025-01-30 18:12:32,700 INFO o.testcontainers.DockerClientFactory - Connected to docker: 
  Server Version: 26.1.3
  API Version: 1.45
  Operating System: Ubuntu 24.04.1 LTS
  Total Memory: 15990 MB
2025-01-30 18:12:32,707 INFO o.testcontainers.images.PullPolicy - Image pull policy will be performed by: DefaultPullPolicy()
2025-01-30 18:12:32,709 INFO o.t.utility.ImageNameSubstitutor - Image name substitution will be performed by: DefaultImageNameSubstitutor (composite of 'ConfigurationFileImageNameSubstitutor' and 'PrefixingImageNameSubstitutor')
2025-01-30 18:12:32,736 INFO tc.testcontainers/ryuk:0.11.0 - Pulling docker image: testcontainers/ryuk:0.11.0. Please be patient; this may take some time but only needs to be done once.
2025-01-30 18:12:33,596 INFO tc.testcontainers/ryuk:0.11.0 - Starting to pull image
2025-01-30 18:12:33,614 INFO tc.testcontainers/ryuk:0.11.0 - Pulling image layers:  0 pending,  0 downloaded,  0 extracted, (0 bytes/0 bytes)
2025-01-30 18:12:34,194 INFO tc.testcontainers/ryuk:0.11.0 - Pulling image layers:  2 pending,  1 downloaded,  0 extracted, (116 KB/? MB)
2025-01-30 18:12:34,272 INFO tc.testcontainers/ryuk:0.11.0 - Pulling image layers:  1 pending,  2 downloaded,  0 extracted, (4 MB/? MB)
2025-01-30 18:12:34,305 INFO tc.testcontainers/ryuk:0.11.0 - Pulling image layers:  0 pending,  3 downloaded,  0 extracted, (4 MB/10 MB)
2025-01-30 18:12:34,372 INFO tc.testcontainers/ryuk:0.11.0 - Pulling image layers:  0 pending,  3 downloaded,  1 extracted, (5 MB/10 MB)
2025-01-30 18:12:34,516 INFO tc.testcontainers/ryuk:0.11.0 - Pulling image layers:  0 pending,  3 downloaded,  2 extracted, (6 MB/10 MB)
2025-01-30 18:12:34,555 INFO tc.testcontainers/ryuk:0.11.0 - Pulling image layers:  0 pending,  3 downloaded,  3 extracted, (10 MB/10 MB)
2025-01-30 18:12:34,561 INFO tc.testcontainers/ryuk:0.11.0 - Image testcontainers/ryuk:0.11.0 pull took PT1.825002792S
2025-01-30 18:12:34,584 INFO tc.testcontainers/ryuk:0.11.0 - Creating container for image: testcontainers/ryuk:0.11.0
2025-01-30 18:12:34,645 INFO tc.testcontainers/ryuk:0.11.0 - Container testcontainers/ryuk:0.11.0 is starting: ea8e54fd7667cdf0900c515b22b2f6dc3c66a9a49fd0205ccc4867ffc1e5c3be
2025-01-30 18:12:34,978 INFO tc.testcontainers/ryuk:0.11.0 - Container testcontainers/ryuk:0.11.0 started in PT0.393967973S
2025-01-30 18:12:34,982 INFO o.t.utility.RyukResourceReaper - Ryuk started - will monitor and terminate Testcontainers containers on JVM exit
2025-01-30 18:12:34,982 INFO o.testcontainers.DockerClientFactory - Checking the system...
2025-01-30 18:12:34,982 INFO o.testcontainers.DockerClientFactory - ✔︎ Docker server version should be at least 1.6.0
2025-01-30 18:12:35,058 INFO o.t.i.builder.ImageFromDockerfile - Pre-emptively checking local images for 'ubuntu:noble-20241118.1@sha256:80dd3c3b9c6cecb9f1667e9290b3bc61b78c2678c02cbdae5f0fea92cc6734ab', referenced via a Dockerfile. If not available, it will be pulled.
2025-01-30 18:12:35,061 INFO t.u.1@sha256:80dd3c... - Pulling docker image: ubuntu:noble-20241118.1@sha256:80dd3c3b9c6cecb9f1667e9290b3bc61b78c2678c02cbdae5f0fea92cc6734ab. Please be patient; this may take some time but only needs to be done once.
2025-01-30 18:12:35,660 INFO t.u.1@sha256:80dd3c... - Starting to pull image
2025-01-30 18:12:35,661 INFO t.u.1@sha256:80dd3c... - Pulling image layers:  0 pending,  0 downloaded,  0 extracted, (0 bytes/0 bytes)
2025-01-30 18:12:36,931 INFO t.u.1@sha256:80dd3c... - Pulling image layers:  0 pending,  1 downloaded,  0 extracted, (27 MB/28 MB)
2025-01-30 18:12:37,856 INFO t.u.1@sha256:80dd3c... - Pulling image layers:  0 pending,  1 downloaded,  1 extracted, (28 MB/28 MB)
2025-01-30 18:12:37,862 INFO t.u.1@sha256:80dd3c... - Image ubuntu:noble-20241118.1@sha256:80dd3c3b9c6cecb9f1667e9290b3bc61b78c2678c02cbdae5f0fea92cc6734ab pull took PT2.800678952S
2025-01-30 18:12:37,862 INFO t.u.1@sha256:80dd3c... - Pull complete. 1 layers, pulled in 2s (downloaded 28 MB at 14 MB/s)
2025-01-30 18:12:37,865 INFO o.t.i.builder.ImageFromDockerfile - Pre-emptively checking local images for 'rancher/k3s:v1.32.1-k3s1', referenced via a Dockerfile. If not available, it will be pulled.
2025-01-30 18:12:37,866 INFO tc.rancher/k3s:v1.32.1-k3s1 - Pulling docker image: rancher/k3s:v1.32.1-k3s1. Please be patient; this may take some time but only needs to be done once.
2025-01-30 18:12:38,711 INFO tc.rancher/k3s:v1.32.1-k3s1 - Starting to pull image
2025-01-30 18:12:38,712 INFO tc.rancher/k3s:v1.32.1-k3s1 - Pulling image layers:  0 pending,  0 downloaded,  0 extracted, (0 bytes/0 bytes)
2025-01-30 18:12:40,328 INFO tc.rancher/k3s:v1.32.1-k3s1 - Pulling image layers:  0 pending,  1 downloaded,  0 extracted, (66 MB/71 MB)
2025-01-30 18:12:41,374 INFO tc.rancher/k3s:v1.32.1-k3s1 - Pulling image layers:  0 pending,  1 downloaded,  1 extracted, (71 MB/71 MB)
2025-01-30 18:12:41,379 INFO tc.rancher/k3s:v1.32.1-k3s1 - Image rancher/k3s:v1.32.1-k3s1 pull took PT3.513202757S
2025-01-30 18:12:41,379 INFO tc.rancher/k3s:v1.32.1-k3s1 - Pull complete. 1 layers, pulled in 2s (downloaded 71 MB at 35 MB/s)
2025-01-30 18:12:41,385 INFO o.t.i.builder.ImageFromDockerfile - Transferred 0 bytes to Docker daemon
2025-01-30 18:12:57,017 INFO c.h.h.t.HelmChartContainer - Starting HelmChartContainer...
2025-01-30 18:12:57,020 INFO t.localhost/testcontainers/vqgddyrnt6h9dvf9:latest - Creating container for image: localhost/testcontainers/vqgddyrnt6h9dvf9:latest
2025-01-30 18:12:57,101 INFO tc.alpine:3.17 - Pulling docker image: alpine:3.17. Please be patient; this may take some time but only needs to be done once.
2025-01-30 18:12:57,913 INFO tc.alpine:3.17 - Starting to pull image
2025-01-30 18:12:57,913 INFO tc.alpine:3.17 - Pulling image layers:  0 pending,  0 downloaded,  0 extracted, (0 bytes/0 bytes)
2025-01-30 18:12:58,604 INFO tc.alpine:3.17 - Pulling image layers:  0 pending,  1 downloaded,  0 extracted, (1 MB/3 MB)
2025-01-30 18:12:58,699 INFO tc.alpine:3.17 - Pulling image layers:  0 pending,  1 downloaded,  1 extracted, (3 MB/3 MB)
2025-01-30 18:12:58,705 INFO tc.alpine:3.17 - Image alpine:3.17 pull took PT1.603412354S
2025-01-30 18:12:59,239 INFO t.localhost/testcontainers/vqgddyrnt6h9dvf9:latest - Container localhost/testcontainers/vqgddyrnt6h9dvf9:latest is starting: 0019a1e396a26501fd63ddc59f177c135f9339ec1a437799fb02e882b49bc83b
2025-01-30 18:12:59,591 INFO c.h.h.t.HelmChartContainer - [K3S] [INFO] Starting k3s v1.32.1+k3s1 (6a322f12)
2025-01-30 18:12:59,594 INFO c.h.h.t.HelmChartContainer - [K3S] [INFO] Configuring sqlite3 database connection pooling: maxIdleConns=2, maxOpenConns=0, connMaxLifetime=0s
2025-01-30 18:12:59,595 INFO c.h.h.t.HelmChartContainer - [K3S] [INFO] Configuring database table schema and indexes, this may take a moment...
2025-01-30 18:12:59,598 INFO c.h.h.t.HelmChartContainer - [K3S] [INFO] Database tables and indexes are up to date
2025-01-30 18:12:59,601 INFO c.h.h.t.HelmChartContainer - [K3S] [INFO] Kine available at unix://kine.sock
2025-01-30 18:12:59,729 INFO c.h.h.t.HelmChartContainer - [K3S] [INFO] Saving cluster bootstrap data to datastore
2025-01-30 18:12:59,730 INFO c.h.h.t.HelmChartContainer - [K3S] [WARNING] dynamiclistener [::]:6443: no cached certificate available for preload - deferring certificate load until storage initialization or first client request
2025-01-30 18:12:59,734 INFO c.h.h.t.HelmChartContainer - [K3S] [INFO] Active TLS secret / (ver=) (count 10): map[listener.cattle.io/cn-0019a1e396a2:0019a1e396a2 listener.cattle.io/cn-10.43.0.1:10.43.0.1 listener.cattle.io/cn-127.0.0.1:127.0.0.1 listener.cattle.io/cn-172.18.0.2:172.18.0.2 listener.cattle.io/cn-__1-f16284:::1 listener.cattle.io/cn-kubernetes:kubernetes listener.cattle.io/cn-kubernetes.default:kubernetes.default listener.cattle.io/cn-kubernetes.default.svc:kubernetes.default.svc listener.cattle.io/cn-kubernetes.default.svc.cluster.local:kubernetes.default.svc.cluster.local listener.cattle.io/cn-localhost:localhost listener.cattle.io/fingerprint:SHA1=CFE049967BF5B800F57343DE5776762AC64D8201]
2025-01-30 18:12:59,900 INFO c.h.h.t.HelmChartContainer - [K3S] [INFO] Running kube-apiserver --advertise-port=6443 --allow-privileged=true --anonymous-auth=false --api-audiences=https://kubernetes.default.svc.cluster.local,k3s --authorization-mode=Node,RBAC --bind-address=127.0.0.1 --cert-dir=/var/lib/rancher/k3s/server/tls/temporary-certs --client-ca-file=/var/lib/rancher/k3s/server/tls/client-ca.crt --egress-selector-config-file=/var/lib/rancher/k3s/server/etc/egress-selector-config.yaml --enable-admission-plugins=NodeRestriction --enable-aggregator-routing=true --enable-bootstrap-token-auth=true --etcd-compaction-interval=0s --etcd-servers=unix://kine.sock --kubelet-certificate-authority=/var/lib/rancher/k3s/server/tls/server-ca.crt --kubelet-client-certificate=/var/lib/rancher/k3s/server/tls/client-kube-apiserver.crt --kubelet-client-key=/var/lib/rancher/k3s/server/tls/client-kube-apiserver.key --kubelet-preferred-address-types=InternalIP,ExternalIP,Hostname --profiling=false --proxy-client-cert-file=/var/lib/rancher/k3s/server/tls/client-auth-proxy.crt --proxy-client-key-file=/var/lib/rancher/k3s/server/tls/client-auth-proxy.key --requestheader-allowed-names=system:auth-proxy --requestheader-client-ca-file=/var/lib/rancher/k3s/server/tls/request-header-ca.crt --requestheader-extra-headers-prefix=X-Remote-Extra- --requestheader-group-headers=X-Remote-Group --requestheader-username-headers=X-Remote-User --secure-port=6444 --service-account-issuer=https://kubernetes.default.svc.cluster.local --service-account-key-file=/var/lib/rancher/k3s/server/tls/service.key --service-account-signing-key-file=/var/lib/rancher/k3s/server/tls/service.current.key --service-cluster-ip-range=10.43.0.0/16 --service-node-port-range=30000-32767 --storage-backend=etcd3 --tls-cert-file=/var/lib/rancher/k3s/server/tls/serving-kube-apiserver.crt --tls-cipher-suites=TLS_ECDHE_ECDSA_WITH_AES_256_GCM_SHA384,TLS_ECDHE_RSA_WITH_AES_256_GCM_SHA384,TLS_ECDHE_ECDSA_WITH_AES_128_GCM_SHA256,TLS_ECDHE_RSA_WITH_AES_128_GCM_SHA256,TLS_ECDHE_ECDSA_WITH_CHACHA20_POLY1305,TLS_ECDHE_RSA_WITH_CHACHA20_POLY1305 --tls-private-key-file=/var/lib/rancher/k3s/server/tls/serving-kube-apiserver.key
2025-01-30 18:12:59,904 INFO c.h.h.t.HelmChartContainer - [K3S] [INFO] Running kube-scheduler --authentication-kubeconfig=/var/lib/rancher/k3s/server/cred/scheduler.kubeconfig --authorization-kubeconfig=/var/lib/rancher/k3s/server/cred/scheduler.kubeconfig --bind-address=127.0.0.1 --kubeconfig=/var/lib/rancher/k3s/server/cred/scheduler.kubeconfig --leader-elect=false --profiling=false --secure-port=10259
2025-01-30 18:12:59,904 INFO c.h.h.t.HelmChartContainer - [K3S] [registry.go:256] calling componentGlobalsRegistry.AddFlags more than once, the registry will be set by the latest flags
2025-01-30 18:12:59,904 INFO c.h.h.t.HelmChartContainer - [K3S] [INFO] Waiting for API server to become available
2025-01-30 18:12:59,905 INFO c.h.h.t.HelmChartContainer - [K3S] [INFO] Running kube-controller-manager --allocate-node-cidrs=true --authentication-kubeconfig=/var/lib/rancher/k3s/server/cred/controller.kubeconfig --authorization-kubeconfig=/var/lib/rancher/k3s/server/cred/controller.kubeconfig --bind-address=127.0.0.1 --cluster-cidr=10.42.0.0/16 --cluster-signing-kube-apiserver-client-cert-file=/var/lib/rancher/k3s/server/tls/client-ca.nochain.crt --cluster-signing-kube-apiserver-client-key-file=/var/lib/rancher/k3s/server/tls/client-ca.key --cluster-signing-kubelet-client-cert-file=/var/lib/rancher/k3s/server/tls/client-ca.nochain.crt --cluster-signing-kubelet-client-key-file=/var/lib/rancher/k3s/server/tls/client-ca.key --cluster-signing-kubelet-serving-cert-file=/var/lib/rancher/k3s/server/tls/server-ca.nochain.crt --cluster-signing-kubelet-serving-key-file=/var/lib/rancher/k3s/server/tls/server-ca.key --cluster-signing-legacy-unknown-cert-file=/var/lib/rancher/k3s/server/tls/server-ca.nochain.crt --cluster-signing-legacy-unknown-key-file=/var/lib/rancher/k3s/server/tls/server-ca.key --configure-cloud-routes=false --controllers=*,tokencleaner,-service,-route,-cloud-node-lifecycle --kubeconfig=/var/lib/rancher/k3s/server/cred/controller.kubeconfig --leader-elect=false --profiling=false --root-ca-file=/var/lib/rancher/k3s/server/tls/server-ca.crt --secure-port=10257 --service-account-private-key-file=/var/lib/rancher/k3s/server/tls/service.current.key --service-cluster-ip-range=10.43.0.0/16 --use-service-account-credentials=true
2025-01-30 18:12:59,905 INFO c.h.h.t.HelmChartContainer - [K3S] [options.go:299] unable to set WatchListClient feature gate, err: cannot override default for feature "WatchListClient": gates already added to a flag set
2025-01-30 18:12:59,905 INFO c.h.h.t.HelmChartContainer - [K3S] [registry.go:256] calling componentGlobalsRegistry.AddFlags more than once, the registry will be set by the latest flags
2025-01-30 18:12:59,908 INFO c.h.h.t.HelmChartContainer - [K3S] [INFO] Running cloud-controller-manager --allocate-node-cidrs=true --authentication-kubeconfig=/var/lib/rancher/k3s/server/cred/cloud-controller.kubeconfig --authorization-kubeconfig=/var/lib/rancher/k3s/server/cred/cloud-controller.kubeconfig --bind-address=127.0.0.1 --cloud-config=/var/lib/rancher/k3s/server/etc/cloud-config.yaml --cloud-provider=k3s --cluster-cidr=10.42.0.0/16 --configure-cloud-routes=false --controllers=*,-route --kubeconfig=/var/lib/rancher/k3s/server/cred/cloud-controller.kubeconfig --leader-elect=false --leader-elect-resource-name=k3s-cloud-controller-manager --node-status-update-frequency=1m0s --profiling=false
2025-01-30 18:12:59,908 INFO c.h.h.t.HelmChartContainer - [K3S] [registry.go:256] calling componentGlobalsRegistry.AddFlags more than once, the registry will be set by the latest flags
2025-01-30 18:12:59,908 INFO c.h.h.t.HelmChartContainer - [K3S] [INFO] Server node token is available at /var/lib/rancher/k3s/server/token
2025-01-30 18:12:59,908 INFO c.h.h.t.HelmChartContainer - [K3S] [INFO] To join server node to cluster: k3s server -s https://172.18.0.2:6443 -t ${SERVER_NODE_TOKEN}
2025-01-30 18:12:59,908 INFO c.h.h.t.HelmChartContainer - [K3S] [INFO] Agent node token is available at /var/lib/rancher/k3s/server/agent-token
2025-01-30 18:12:59,909 INFO c.h.h.t.HelmChartContainer - [K3S] [options.go:238] external host was not specified, using 172.18.0.2
2025-01-30 18:12:59,909 INFO c.h.h.t.HelmChartContainer - [K3S] [INFO] To join agent node to cluster: k3s agent -s https://172.18.0.2:6443 -t ${AGENT_NODE_TOKEN}
2025-01-30 18:12:59,909 INFO c.h.h.t.HelmChartContainer - [K3S] [INFO] Wrote kubeconfig /etc/rancher/k3s/k3s.yaml
2025-01-30 18:12:59,909 INFO c.h.h.t.HelmChartContainer - [K3S] [INFO] Run: k3s kubectl
2025-01-30 18:12:59,909 INFO c.h.h.t.HelmChartContainer - [K3S] [server.go:151] Version: v1.32.1+k3s1
2025-01-30 18:12:59,909 INFO c.h.h.t.HelmChartContainer - [K3S] [server.go:153] "Golang settings" GOGC="" GOMAXPROCS="" GOTRACEBACK=""
2025-01-30 18:13:00,108 INFO c.h.h.t.HelmChartContainer - [K3S] [plugins.go:157] Loaded 13 mutating admission controller(s) successfully in the following order: NamespaceLifecycle,LimitRanger,ServiceAccount,NodeRestriction,TaintNodesByCondition,Priority,DefaultTolerationSeconds,DefaultStorageClass,StorageObjectInUseProtection,RuntimeClass,DefaultIngressClass,MutatingAdmissionPolicy,MutatingAdmissionWebhook.
2025-01-30 18:13:00,109 INFO c.h.h.t.HelmChartContainer - [K3S] [plugins.go:160] Loaded 13 validating admission controller(s) successfully in the following order: LimitRanger,ServiceAccount,PodSecurity,Priority,PersistentVolumeClaimResize,RuntimeClass,CertificateApproval,CertificateSigning,ClusterTrustBundleAttest,CertificateSubjectRestriction,ValidatingAdmissionPolicy,ValidatingAdmissionWebhook,ResourceQuota.
2025-01-30 18:13:00,109 INFO c.h.h.t.HelmChartContainer - [K3S] [instance.go:233] Using reconciler: lease
2025-01-30 18:13:00,180 INFO c.h.h.t.HelmChartContainer - [K3S] [apis.go:106] API group "internal.apiserver.k8s.io" is not enabled, skipping.
2025-01-30 18:13:00,234 INFO c.h.h.t.HelmChartContainer - [K3S] [apis.go:106] API group "storagemigration.k8s.io" is not enabled, skipping.
2025-01-30 18:13:00,265 INFO c.h.h.t.HelmChartContainer - [K3S] [apis.go:106] API group "resource.k8s.io" is not enabled, skipping.
2025-01-30 18:13:00,534 INFO c.h.h.t.HelmChartContainer - [K3S] [INFO] Password verified locally for node 0019a1e396a2
2025-01-30 18:13:00,576 INFO c.h.h.t.HelmChartContainer - [K3S] [dynamic_cafile_content.go:161] "Starting controller" name="request-header::/var/lib/rancher/k3s/server/tls/request-header-ca.crt"
2025-01-30 18:13:00,581 INFO c.h.h.t.HelmChartContainer - [K3S] [dynamic_cafile_content.go:161] "Starting controller" name="client-ca-bundle::/var/lib/rancher/k3s/server/tls/client-ca.crt"
2025-01-30 18:13:00,581 INFO c.h.h.t.HelmChartContainer - [K3S] [secure_serving.go:213] Serving securely on 127.0.0.1:6444
2025-01-30 18:13:00,581 INFO c.h.h.t.HelmChartContainer - [K3S] [dynamic_serving_content.go:135] "Starting controller" name="serving-cert::/var/lib/rancher/k3s/server/tls/serving-kube-apiserver.crt::/var/lib/rancher/k3s/server/tls/serving-kube-apiserver.key"
2025-01-30 18:13:00,581 INFO c.h.h.t.HelmChartContainer - [K3S] [tlsconfig.go:243] "Starting DynamicServingCertificateController"
2025-01-30 18:13:00,581 INFO c.h.h.t.HelmChartContainer - [K3S] [customresource_discovery_controller.go:292] Starting DiscoveryController
2025-01-30 18:13:00,581 INFO c.h.h.t.HelmChartContainer - [K3S] [controller.go:80] Starting OpenAPI V3 AggregationController
2025-01-30 18:13:00,581 INFO c.h.h.t.HelmChartContainer - [K3S] [cluster_authentication_trust_controller.go:462] Starting cluster_authentication_trust_controller controller
2025-01-30 18:13:00,581 INFO c.h.h.t.HelmChartContainer - [K3S] [controller.go:119] Starting legacy_token_tracking_controller
2025-01-30 18:13:00,581 INFO c.h.h.t.HelmChartContainer - [K3S] [controller.go:78] Starting OpenAPI AggregationController
2025-01-30 18:13:00,582 INFO c.h.h.t.HelmChartContainer - [K3S] [gc_controller.go:78] Starting apiserver lease garbage collector
2025-01-30 18:13:00,582 INFO c.h.h.t.HelmChartContainer - [K3S] [dynamic_serving_content.go:135] "Starting controller" name="aggregator-proxy-cert::/var/lib/rancher/k3s/server/tls/client-auth-proxy.crt::/var/lib/rancher/k3s/server/tls/client-auth-proxy.key"
2025-01-30 18:13:00,582 INFO c.h.h.t.HelmChartContainer - [K3S] [controller.go:142] Starting OpenAPI controller
2025-01-30 18:13:00,582 INFO c.h.h.t.HelmChartContainer - [K3S] [controller.go:90] Starting OpenAPI V3 controller
2025-01-30 18:13:00,582 INFO c.h.h.t.HelmChartContainer - [K3S] [naming_controller.go:294] Starting NamingConditionController
2025-01-30 18:13:00,582 INFO c.h.h.t.HelmChartContainer - [K3S] [establishing_controller.go:81] Starting EstablishingController
2025-01-30 18:13:00,582 INFO c.h.h.t.HelmChartContainer - [K3S] [nonstructuralschema_controller.go:195] Starting NonStructuralSchemaConditionController
2025-01-30 18:13:00,582 INFO c.h.h.t.HelmChartContainer - [K3S] [apiapproval_controller.go:189] Starting KubernetesAPIApprovalPolicyConformantConditionController
2025-01-30 18:13:00,582 INFO c.h.h.t.HelmChartContainer - [K3S] [crd_finalizer.go:269] Starting CRDFinalizer
2025-01-30 18:13:00,582 INFO c.h.h.t.HelmChartContainer - [K3S] [dynamic_cafile_content.go:161] "Starting controller" name="client-ca-bundle::/var/lib/rancher/k3s/server/tls/client-ca.crt"
2025-01-30 18:13:00,586 INFO c.h.h.t.HelmChartContainer - [K3S] [dynamic_cafile_content.go:161] "Starting controller" name="request-header::/var/lib/rancher/k3s/server/tls/request-header-ca.crt"
2025-01-30 18:13:00,586 INFO c.h.h.t.HelmChartContainer - [K3S] [system_namespaces_controller.go:66] Starting system namespaces controller
2025-01-30 18:13:00,586 INFO c.h.h.t.HelmChartContainer - [K3S] [remote_available_controller.go:411] Starting RemoteAvailability controller
2025-01-30 18:13:00,586 INFO c.h.h.t.HelmChartContainer - [K3S] [apiservice_controller.go:100] Starting APIServiceRegistrationController
2025-01-30 18:13:00,586 INFO c.h.h.t.HelmChartContainer - [K3S] [aggregator.go:169] waiting for initial CRD sync...
2025-01-30 18:13:00,587 INFO c.h.h.t.HelmChartContainer - [K3S] [local_available_controller.go:156] Starting LocalAvailability controller
2025-01-30 18:13:00,587 INFO c.h.h.t.HelmChartContainer - [K3S] [apf_controller.go:377] Starting API Priority and Fairness config controller
2025-01-30 18:13:00,587 INFO c.h.h.t.HelmChartContainer - [K3S] [crdregistration_controller.go:114] Starting crd-autoregister controller
2025-01-30 18:13:00,677 INFO c.h.h.t.HelmChartContainer - [K3S] [handler_discovery.go:451] Starting ResourceDiscoveryManager
2025-01-30 18:13:00,679 INFO c.h.h.t.HelmChartContainer - [K3S] [aggregator.go:171] initial CRD sync complete...
2025-01-30 18:13:00,679 INFO c.h.h.t.HelmChartContainer - [K3S] [autoregister_controller.go:144] Starting autoregister controller
2025-01-30 18:13:00,680 INFO c.h.h.t.HelmChartContainer - [K3S] [apf_controller.go:382] Running API Priority and Fairness config worker
2025-01-30 18:13:00,680 INFO c.h.h.t.HelmChartContainer - [K3S] [apf_controller.go:385] Running API Priority and Fairness periodic rebalancing process
2025-01-30 18:13:00,704 INFO c.h.h.t.HelmChartContainer - [K3S] [policy_source.go:240] refreshing policies
2025-01-30 18:13:00,733 INFO c.h.h.t.HelmChartContainer - [K3S] [controller.go:148] "Unhandled Error" err="while syncing ConfigMap \"kube-system/kube-apiserver-legacy-service-account-token-tracking\", err: namespaces \"kube-system\" not found" logger="UnhandledError"
2025-01-30 18:13:00,733 INFO c.h.h.t.HelmChartContainer - [K3S] [controller.go:95] Unable to perform initial Kubernetes service initialization: namespaces "default" not found
2025-01-30 18:13:00,760 INFO c.h.h.t.HelmChartContainer - [K3S] [controller.go:145] "Failed to ensure lease exists, will retry" err="namespaces \"kube-system\" not found" interval="200ms"
2025-01-30 18:13:01,026 INFO c.h.h.t.HelmChartContainer - [K3S] [WARNING] Host resolv.conf includes loopback or multicast nameservers - kubelet will use autogenerated resolv.conf with nameserver 8.8.8.8
2025-01-30 18:13:01,035 INFO c.h.h.t.HelmChartContainer - [K3S] [INFO] Module overlay was already loaded
2025-01-30 18:13:01,035 INFO c.h.h.t.HelmChartContainer - [K3S] [INFO] Module nf_conntrack was already loaded
2025-01-30 18:13:01,035 INFO c.h.h.t.HelmChartContainer - [K3S] [INFO] Module br_netfilter was already loaded
2025-01-30 18:13:01,040 INFO c.h.h.t.HelmChartContainer - [K3S] [INFO] Set sysctl 'net/netfilter/nf_conntrack_max' to 131072
2025-01-30 18:13:01,040 INFO c.h.h.t.HelmChartContainer - [K3S] [INFO] Set sysctl 'net/netfilter/nf_conntrack_tcp_timeout_established' to 86400
2025-01-30 18:13:01,041 INFO c.h.h.t.HelmChartContainer - [K3S] [INFO] Set sysctl 'net/netfilter/nf_conntrack_tcp_timeout_close_wait' to 3600
2025-01-30 18:13:01,042 INFO c.h.h.t.HelmChartContainer - [K3S] [INFO] Logging containerd to /var/lib/rancher/k3s/agent/containerd/containerd.log
2025-01-30 18:13:01,042 INFO c.h.h.t.HelmChartContainer - [K3S] [INFO] Running containerd -c /var/lib/rancher/k3s/agent/etc/containerd/config.toml -a /run/k3s/containerd/containerd.sock --state /run/k3s/containerd --root /var/lib/rancher/k3s/agent/containerd
2025-01-30 18:13:01,579 INFO c.h.h.t.HelmChartContainer - [K3S] [storage_scheduling.go:95] created PriorityClass system-node-critical with value 2000001000
2025-01-30 18:13:01,582 INFO c.h.h.t.HelmChartContainer - [K3S] [storage_scheduling.go:95] created PriorityClass system-cluster-critical with value 2000000000
2025-01-30 18:13:01,582 INFO c.h.h.t.HelmChartContainer - [K3S] [storage_scheduling.go:111] all system priority classes are created successfully or already exist.
2025-01-30 18:13:01,938 INFO c.h.h.t.HelmChartContainer - [K3S] [alloc.go:330] "allocated clusterIPs" service="default/kubernetes" clusterIPs={"IPv4":"10.43.0.1"}
2025-01-30 18:13:01,942 INFO c.h.h.t.HelmChartContainer - [K3S] [lease.go:265] Resetting endpoints for master service "kubernetes" to [172.18.0.2]
2025-01-30 18:13:02,047 INFO c.h.h.t.HelmChartContainer - [K3S] [INFO] containerd is now running
2025-01-30 18:13:02,051 INFO c.h.h.t.HelmChartContainer - [K3S] [INFO] Connecting to proxy" url="wss://127.0.0.1:6443/v1-k3s/connect
2025-01-30 18:13:02,053 INFO c.h.h.t.HelmChartContainer - [K3S] [INFO] Creating k3s-cert-monitor event broadcaster
2025-01-30 18:13:02,058 INFO c.h.h.t.HelmChartContainer - [K3S] [INFO] Running kubelet --cloud-provider=external --config-dir=/var/lib/rancher/k3s/agent/etc/kubelet.conf.d --containerd=/run/k3s/containerd/containerd.sock --hostname-override=0019a1e396a2 --kubeconfig=/var/lib/rancher/k3s/agent/kubelet.kubeconfig --node-ip=172.18.0.2 --node-labels=
2025-01-30 18:13:02,058 INFO c.h.h.t.HelmChartContainer - [K3S] [INFO] Handling backend connection request [0019a1e396a2]
2025-01-30 18:13:02,058 INFO c.h.h.t.HelmChartContainer - [K3S] [INFO] Remotedialer connected to proxy" url="wss://127.0.0.1:6443/v1-k3s/connect
2025-01-30 18:13:02,058 INFO c.h.h.t.HelmChartContainer - [K3S] Flag --containerd has been deprecated, This is a cadvisor flag that was mistakenly registered with the Kubelet. Due to legacy concerns, it will follow the standard CLI deprecation timeline before being removed.
2025-01-30 18:13:02,062 INFO c.h.h.t.HelmChartContainer - [K3S] [server.go:515] "Kubelet version" kubeletVersion="v1.32.1+k3s1"
2025-01-30 18:13:02,062 INFO c.h.h.t.HelmChartContainer - [K3S] [server.go:517] "Golang settings" GOGC="" GOMAXPROCS="" GOTRACEBACK=""
2025-01-30 18:13:02,063 INFO c.h.h.t.HelmChartContainer - [K3S] [dynamic_cafile_content.go:161] "Starting controller" name="client-ca-bundle::/var/lib/rancher/k3s/agent/client-ca.crt"
2025-01-30 18:13:02,066 INFO c.h.h.t.HelmChartContainer - [K3S] [log.go:32] "RuntimeConfig from runtime service failed" err="rpc error: code = Unimplemented desc = method RuntimeConfig not implemented"
2025-01-30 18:13:02,066 INFO c.h.h.t.HelmChartContainer - [K3S] [server.go:1416] "CRI implementation should be updated to support RuntimeConfig when KubeletCgroupDriverFromCRI feature gate has been enabled. Falling back to using cgroupDriver from kubelet config."
2025-01-30 18:13:02,069 INFO c.h.h.t.HelmChartContainer - [K3S] [info.go:53] Couldn't collect info from any of the files in "/etc/machine-id,/var/lib/dbus/machine-id"
2025-01-30 18:13:02,069 INFO c.h.h.t.HelmChartContainer - [K3S] [server.go:767] "--cgroups-per-qos enabled, but --cgroup-root was not specified.  defaulting to /"
2025-01-30 18:13:02,069 INFO c.h.h.t.HelmChartContainer - [K3S] [server.go:836] "NoSwap is set due to memorySwapBehavior not specified" memorySwapBehavior="" FailSwapOn=false
2025-01-30 18:13:02,070 INFO c.h.h.t.HelmChartContainer - [K3S] [swap_util.go:115] "Swap is on" /proc/swaps contents=<
2025-01-30 18:13:02,070 INFO c.h.h.t.HelmChartContainer - [K3S] 	Filename				Type		Size		Used		Priority
2025-01-30 18:13:02,070 INFO c.h.h.t.HelmChartContainer - [K3S] 	/mnt/swapfile                           file		4194300		0		-2
2025-01-30 18:13:02,070 INFO c.h.h.t.HelmChartContainer - [K3S]  >
2025-01-30 18:13:02,070 INFO c.h.h.t.HelmChartContainer - [K3S] [container_manager_linux.go:268] "Container manager verified user specified cgroup-root exists" cgroupRoot=[]
2025-01-30 18:13:02,071 INFO c.h.h.t.HelmChartContainer - [K3S] [container_manager_linux.go:273] "Creating Container Manager object based on Node Config" nodeConfig={"NodeName":"0019a1e396a2","RuntimeCgroupsName":"","SystemCgroupsName":"","KubeletCgroupsName":"/k3s","KubeletOOMScoreAdj":-999,"ContainerRuntime":"","CgroupsPerQOS":true,"CgroupRoot":"/","CgroupDriver":"cgroupfs","KubeletRootDir":"/var/lib/kubelet","ProtectKernelDefaults":false,"KubeReservedCgroupName":"","SystemReservedCgroupName":"","ReservedSystemCPUs":{},"EnforceNodeAllocatable":{"pods":{}},"KubeReserved":null,"SystemReserved":null,"HardEvictionThresholds":[{"Signal":"imagefs.available","Operator":"LessThan","Value":{"Quantity":null,"Percentage":0.05},"GracePeriod":0,"MinReclaim":null},{"Signal":"nodefs.available","Operator":"LessThan","Value":{"Quantity":null,"Percentage":0.05},"GracePeriod":0,"MinReclaim":null}],"QOSReserved":{},"CPUManagerPolicy":"none","CPUManagerPolicyOptions":null,"TopologyManagerScope":"container","CPUManagerReconcilePeriod":10000000000,"ExperimentalMemoryManagerPolicy":"None","ExperimentalMemoryManagerReservedMemory":null,"PodPidsLimit":-1,"EnforceCPULimits":true,"CPUCFSQuotaPeriod":100000000,"TopologyManagerPolicy":"none","TopologyManagerPolicyOptions":null,"CgroupVersion":2}
2025-01-30 18:13:02,071 INFO c.h.h.t.HelmChartContainer - [K3S] [topology_manager.go:138] "Creating topology manager with none policy"
2025-01-30 18:13:02,071 INFO c.h.h.t.HelmChartContainer - [K3S] [container_manager_linux.go:304] "Creating device plugin manager"
2025-01-30 18:13:02,071 INFO c.h.h.t.HelmChartContainer - [K3S] [state_mem.go:36] "Initialized new in-memory state store"
2025-01-30 18:13:02,071 INFO c.h.h.t.HelmChartContainer - [K3S] [kubelet.go:446] "Attempting to sync node with API server"
2025-01-30 18:13:02,072 INFO c.h.h.t.HelmChartContainer - [K3S] [kubelet.go:341] "Adding static pod path" path="/var/lib/rancher/k3s/agent/pod-manifests"
2025-01-30 18:13:02,072 INFO c.h.h.t.HelmChartContainer - [K3S] [kubelet.go:352] "Adding apiserver pod source"
2025-01-30 18:13:02,072 INFO c.h.h.t.HelmChartContainer - [K3S] [apiserver.go:42] "Waiting for node sync before watching apiserver pods"
2025-01-30 18:13:02,075 INFO c.h.h.t.HelmChartContainer - [K3S] [kuberuntime_manager.go:269] "Container runtime initialized" containerRuntime="containerd" version="v1.7.23-k3s2" apiVersion="v1"
2025-01-30 18:13:02,075 INFO c.h.h.t.HelmChartContainer - [K3S] [kubelet.go:890] "Not starting ClusterTrustBundle informer because we are in static kubelet mode"
2025-01-30 18:13:02,075 INFO c.h.h.t.HelmChartContainer - [K3S] [probe.go:272] Flexvolume plugin directory at /usr/libexec/kubernetes/kubelet-plugins/volume/exec/ does not exist. Recreating.
2025-01-30 18:13:02,076 INFO c.h.h.t.HelmChartContainer - [K3S] [watchdog_linux.go:99] "Systemd watchdog is not enabled"
2025-01-30 18:13:02,076 INFO c.h.h.t.HelmChartContainer - [K3S] [server.go:1282] "Started kubelet"
2025-01-30 18:13:02,076 INFO c.h.h.t.HelmChartContainer - [K3S] [ratelimit.go:55] "Setting rate limiting for endpoint" service="podresources" qps=100 burstTokens=10
2025-01-30 18:13:02,077 INFO c.h.h.t.HelmChartContainer - [K3S] [server.go:243] "Starting to serve the podresources API" endpoint="unix:/var/lib/kubelet/pod-resources/kubelet.sock"
2025-01-30 18:13:02,077 INFO c.h.h.t.HelmChartContainer - [K3S] [server.go:169] "Starting to listen" address="0.0.0.0" port=10250
2025-01-30 18:13:02,077 INFO c.h.h.t.HelmChartContainer - [K3S] [server.go:490] "Adding debug handlers to kubelet server"
2025-01-30 18:13:02,080 INFO c.h.h.t.HelmChartContainer - [K3S] [fs_resource_analyzer.go:67] "Starting FS ResourceAnalyzer"
2025-01-30 18:13:02,080 INFO c.h.h.t.HelmChartContainer - [K3S] [server.go:208] "Starting to listen read-only" address="0.0.0.0" port=10255
2025-01-30 18:13:02,080 INFO c.h.h.t.HelmChartContainer - [K3S] [dynamic_serving_content.go:135] "Starting controller" name="kubelet-server-cert-files::/var/lib/rancher/k3s/agent/serving-kubelet.crt::/var/lib/rancher/k3s/agent/serving-kubelet.key"
2025-01-30 18:13:02,080 INFO c.h.h.t.HelmChartContainer - [K3S] [volume_manager.go:297] "Starting Kubelet Volume Manager"
2025-01-30 18:13:02,082 INFO c.h.h.t.HelmChartContainer - [K3S] [kubelet_node_status.go:467] "Error getting the current node from lister" err="node \"0019a1e396a2\" not found"
2025-01-30 18:13:02,082 INFO c.h.h.t.HelmChartContainer - [K3S] [kubelet.go:1561] "Image garbage collection failed once. Stats initialization may not have completed yet" err="invalid capacity 0 on image filesystem"
2025-01-30 18:13:02,082 INFO c.h.h.t.HelmChartContainer - [K3S] [factory.go:221] Registration of the systemd container factory successfully
2025-01-30 18:13:02,084 INFO c.h.h.t.HelmChartContainer - [K3S] [factory.go:219] Registration of the crio container factory failed: Get "http://%2Fvar%2Frun%2Fcrio%2Fcrio.sock/info": dial unix /var/run/crio/crio.sock: connect: no such file or directory
2025-01-30 18:13:02,087 INFO c.h.h.t.HelmChartContainer - [K3S] [factory.go:221] Registration of the containerd container factory successfully
2025-01-30 18:13:02,089 INFO c.h.h.t.HelmChartContainer - [K3S] [desired_state_of_world_populator.go:149] "Desired state populator starts to run"
2025-01-30 18:13:02,092 INFO c.h.h.t.HelmChartContainer - [K3S] [reconciler.go:26] "Reconciler: start to sync state"
2025-01-30 18:13:02,107 INFO c.h.h.t.HelmChartContainer - [K3S] [nodelease.go:49] "Failed to get node when trying to set owner ref to the node lease" err="nodes \"0019a1e396a2\" not found" node="0019a1e396a2"
2025-01-30 18:13:02,115 INFO c.h.h.t.HelmChartContainer - [K3S] [cpu_manager.go:221] "Starting CPU manager" policy="none"
2025-01-30 18:13:02,115 INFO c.h.h.t.HelmChartContainer - [K3S] [cpu_manager.go:222] "Reconciling" reconcilePeriod="10s"
2025-01-30 18:13:02,116 INFO c.h.h.t.HelmChartContainer - [K3S] [state_mem.go:36] "Initialized new in-memory state store"
2025-01-30 18:13:02,118 INFO c.h.h.t.HelmChartContainer - [K3S] [policy_none.go:49] "None policy: Start"
2025-01-30 18:13:02,119 INFO c.h.h.t.HelmChartContainer - [K3S] [memory_manager.go:186] "Starting memorymanager" policy="None"
2025-01-30 18:13:02,119 INFO c.h.h.t.HelmChartContainer - [K3S] [state_mem.go:35] "Initializing new in-memory state store"
2025-01-30 18:13:02,122 INFO c.h.h.t.HelmChartContainer - [K3S] [kubelet_network_linux.go:50] "Initialized iptables rules." protocol="IPv4"
2025-01-30 18:13:02,124 INFO c.h.h.t.HelmChartContainer - [K3S] [manager.go:519] "Failed to read data from checkpoint" checkpoint="kubelet_internal_checkpoint" err="checkpoint is not found"
2025-01-30 18:13:02,127 INFO c.h.h.t.HelmChartContainer - [K3S] [eviction_manager.go:189] "Eviction manager: starting control loop"
2025-01-30 18:13:02,128 INFO c.h.h.t.HelmChartContainer - [K3S] [container_log_manager.go:189] "Initializing container log rotate workers" workers=1 monitorPeriod="10s"
2025-01-30 18:13:02,128 INFO c.h.h.t.HelmChartContainer - [K3S] [kubelet_network_linux.go:50] "Initialized iptables rules." protocol="IPv6"
2025-01-30 18:13:02,128 INFO c.h.h.t.HelmChartContainer - [K3S] [status_manager.go:227] "Starting to sync pod status with apiserver"
2025-01-30 18:13:02,128 INFO c.h.h.t.HelmChartContainer - [K3S] [watchdog_linux.go:127] "Systemd watchdog is not enabled or the interval is invalid, so health checking will not be started."
2025-01-30 18:13:02,128 INFO c.h.h.t.HelmChartContainer - [K3S] [kubelet.go:2388] "Starting kubelet main sync loop"
2025-01-30 18:13:02,128 INFO c.h.h.t.HelmChartContainer - [K3S] [kubelet.go:2412] "Skipping pod synchronization" err="PLEG is not healthy: pleg has yet to be successful"
2025-01-30 18:13:02,137 INFO c.h.h.t.HelmChartContainer - [K3S] [plugin_manager.go:118] "Starting Kubelet Plugin Manager"
2025-01-30 18:13:02,140 INFO c.h.h.t.HelmChartContainer - [K3S] [eviction_manager.go:267] "eviction manager: failed to check if we have separate container filesystem. Ignoring." err="no imagefs label for configured runtime"
2025-01-30 18:13:02,140 INFO c.h.h.t.HelmChartContainer - [K3S] [eviction_manager.go:292] "Eviction manager: failed to get summary stats" err="failed to get node info: node \"0019a1e396a2\" not found"
2025-01-30 18:13:02,198 INFO c.h.h.t.HelmChartContainer - [K3S] [ERROR] Sending HTTP/1.1 503 response to 127.0.0.1:42230: runtime core not ready
2025-01-30 18:13:02,226 INFO c.h.h.t.HelmChartContainer - [K3S] [kubelet_node_status.go:76] "Attempting to register node" node="0019a1e396a2"
2025-01-30 18:13:02,233 INFO c.h.h.t.HelmChartContainer - [K3S] [kubelet_node_status.go:79] "Successfully registered node" node="0019a1e396a2"
2025-01-30 18:13:02,233 INFO c.h.h.t.HelmChartContainer - [K3S] [kubelet_node_status.go:549] "Error updating node status, will retry" err="error getting node \"0019a1e396a2\": node \"0019a1e396a2\" not found"
2025-01-30 18:13:02,234 INFO c.h.h.t.HelmChartContainer - [K3S] [INFO] Annotations and labels have been set successfully on node: 0019a1e396a2
2025-01-30 18:13:02,234 INFO c.h.h.t.HelmChartContainer - [K3S] [INFO] Starting flannel with backend vxlan
2025-01-30 18:13:02,279 INFO c.h.h.t.HelmChartContainer - [K3S] [INFO] Running kube-proxy --cluster-cidr=10.42.0.0/16 --conntrack-max-per-core=0 --conntrack-tcp-timeout-close-wait=0s --conntrack-tcp-timeout-established=0s --healthz-bind-address=127.0.0.1 --hostname-override=0019a1e396a2 --kubeconfig=/var/lib/rancher/k3s/agent/kubeproxy.kubeconfig --proxy-mode=iptables
2025-01-30 18:13:02,316 INFO c.h.h.t.HelmChartContainer - [K3S] [server.go:698] "Successfully retrieved node IP(s)" IPs=["172.18.0.2"]
2025-01-30 18:13:02,316 INFO c.h.h.t.HelmChartContainer - [K3S] [server.go:234] "Kube-proxy configuration may be incomplete or incorrect" err="nodePortAddresses is unset; NodePort connections will be accepted on all local IPs. Consider using `--nodeport-addresses primary`"
2025-01-30 18:13:02,318 INFO c.h.h.t.HelmChartContainer - [K3S] [server.go:243] "kube-proxy running in dual-stack mode" primary ipFamily="IPv4"
2025-01-30 18:13:02,318 INFO c.h.h.t.HelmChartContainer - [K3S] [server_linux.go:170] "Using iptables Proxier"
2025-01-30 18:13:02,319 INFO c.h.h.t.HelmChartContainer - [K3S] [proxier.go:255] "Setting route_localnet=1 to allow node-ports on localhost; to change this either disable iptables.localhostNodePorts (--iptables-localhost-nodeports) or set nodePortAddresses (--nodeport-addresses) to filter loopback addresses"
2025-01-30 18:13:02,324 INFO c.h.h.t.HelmChartContainer - [K3S] [server.go:497] "Version info" version="v1.32.1+k3s1"
2025-01-30 18:13:02,324 INFO c.h.h.t.HelmChartContainer - [K3S] [server.go:499] "Golang settings" GOGC="" GOMAXPROCS="" GOTRACEBACK=""
2025-01-30 18:13:02,324 INFO c.h.h.t.HelmChartContainer - [K3S] [config.go:329] "Starting node config controller"
2025-01-30 18:13:02,325 INFO c.h.h.t.HelmChartContainer - [K3S] [config.go:199] "Starting service config controller"
2025-01-30 18:13:02,325 INFO c.h.h.t.HelmChartContainer - [K3S] [config.go:105] "Starting endpoint slice config controller"
2025-01-30 18:13:02,538 INFO c.h.h.t.HelmChartContainer - [K3S] [kubelet_node_status.go:502] "Fast updating node status as it just became ready"
2025-01-30 18:13:02,906 INFO c.h.h.t.HelmChartContainer - [K3S] [INFO] Waiting for untainted node
2025-01-30 18:13:02,908 INFO c.h.h.t.HelmChartContainer - [K3S] [INFO] Kube API server is now running
2025-01-30 18:13:02,908 INFO c.h.h.t.HelmChartContainer - [K3S] [INFO] ETCD server is now running
2025-01-30 18:13:02,908 INFO c.h.h.t.HelmChartContainer - [K3S] [INFO] k3s is up and running
2025-01-30 18:13:02,908 INFO c.h.h.t.HelmChartContainer - [K3S] [INFO] Waiting for cloud-controller-manager privileges to become available
2025-01-30 18:13:02,908 INFO c.h.h.t.HelmChartContainer - [K3S] [INFO] Creating k3s-supervisor event broadcaster
2025-01-30 18:13:02,913 INFO c.h.h.t.HelmChartContainer - [K3S] [INFO] Applying CRD addons.k3s.cattle.io
2025-01-30 18:13:02,923 INFO c.h.h.t.HelmChartContainer - [K3S] [INFO] Applying CRD etcdsnapshotfiles.k3s.cattle.io
2025-01-30 18:13:02,931 INFO c.h.h.t.HelmChartContainer - [K3S] [INFO] Applying CRD helmcharts.helm.cattle.io
2025-01-30 18:13:02,943 INFO c.h.h.t.HelmChartContainer - [K3S] [INFO] Applying CRD helmchartconfigs.helm.cattle.io
2025-01-30 18:13:02,957 INFO c.h.h.t.HelmChartContainer - [K3S] [INFO] Waiting for CRD helmchartconfigs.helm.cattle.io to become available
2025-01-30 18:13:03,071 INFO c.h.h.t.HelmChartContainer - [K3S] [apiserver.go:52] "Watching apiserver"
2025-01-30 18:13:03,091 INFO c.h.h.t.HelmChartContainer - [K3S] [desired_state_of_world_populator.go:157] "Finished populating initial desired state of world"
2025-01-30 18:13:03,185 INFO c.h.h.t.HelmChartContainer - [K3S] [serving.go:392] Generated self-signed cert in-memory
2025-01-30 18:13:03,394 INFO c.h.h.t.HelmChartContainer - [K3S] [controllermanager.go:185] "Starting" version="v1.32.1+k3s1"
2025-01-30 18:13:03,394 INFO c.h.h.t.HelmChartContainer - [K3S] [controllermanager.go:187] "Golang settings" GOGC="" GOMAXPROCS="" GOTRACEBACK=""
2025-01-30 18:13:03,396 INFO c.h.h.t.HelmChartContainer - [K3S] [requestheader_controller.go:180] Starting RequestHeaderAuthRequestController
2025-01-30 18:13:03,396 INFO c.h.h.t.HelmChartContainer - [K3S] [configmap_cafile_content.go:205] "Starting controller" name="client-ca::kube-system::extension-apiserver-authentication::client-ca-file"
2025-01-30 18:13:03,396 INFO c.h.h.t.HelmChartContainer - [K3S] [configmap_cafile_content.go:205] "Starting controller" name="client-ca::kube-system::extension-apiserver-authentication::requestheader-client-ca-file"
2025-01-30 18:13:03,398 INFO c.h.h.t.HelmChartContainer - [K3S] [secure_serving.go:213] Serving securely on 127.0.0.1:10257
2025-01-30 18:13:03,398 INFO c.h.h.t.HelmChartContainer - [K3S] [tlsconfig.go:243] "Starting DynamicServingCertificateController"
2025-01-30 18:13:03,401 INFO c.h.h.t.HelmChartContainer - [K3S] [controllermanager.go:765] "Started controller" controller="serviceaccount-token-controller"
2025-01-30 18:13:03,409 INFO c.h.h.t.HelmChartContainer - [K3S] [controllermanager.go:765] "Started controller" controller="disruption-controller"
2025-01-30 18:13:03,409 INFO c.h.h.t.HelmChartContainer - [K3S] [disruption.go:452] "Sending events to api server."
2025-01-30 18:13:03,409 INFO c.h.h.t.HelmChartContainer - [K3S] [disruption.go:463] "Starting disruption controller"
2025-01-30 18:13:03,414 INFO c.h.h.t.HelmChartContainer - [K3S] [certificate_controller.go:120] "Starting certificate controller" name="csrsigning-kubelet-serving"
2025-01-30 18:13:03,414 INFO c.h.h.t.HelmChartContainer - [K3S] [dynamic_serving_content.go:135] "Starting controller" name="csr-controller::/var/lib/rancher/k3s/server/tls/server-ca.nochain.crt::/var/lib/rancher/k3s/server/tls/server-ca.key"
2025-01-30 18:13:03,415 INFO c.h.h.t.HelmChartContainer - [K3S] [certificate_controller.go:120] "Starting certificate controller" name="csrsigning-kubelet-client"
2025-01-30 18:13:03,415 INFO c.h.h.t.HelmChartContainer - [K3S] [dynamic_serving_content.go:135] "Starting controller" name="csr-controller::/var/lib/rancher/k3s/server/tls/client-ca.nochain.crt::/var/lib/rancher/k3s/server/tls/client-ca.key"
2025-01-30 18:13:03,415 INFO c.h.h.t.HelmChartContainer - [K3S] [certificate_controller.go:120] "Starting certificate controller" name="csrsigning-kube-apiserver-client"
2025-01-30 18:13:03,415 INFO c.h.h.t.HelmChartContainer - [K3S] [dynamic_serving_content.go:135] "Starting controller" name="csr-controller::/var/lib/rancher/k3s/server/tls/client-ca.nochain.crt::/var/lib/rancher/k3s/server/tls/client-ca.key"
2025-01-30 18:13:03,415 INFO c.h.h.t.HelmChartContainer - [K3S] [controllermanager.go:765] "Started controller" controller="certificatesigningrequest-signing-controller"
2025-01-30 18:13:03,415 INFO c.h.h.t.HelmChartContainer - [K3S] [certificate_controller.go:120] "Starting certificate controller" name="csrsigning-legacy-unknown"
2025-01-30 18:13:03,415 INFO c.h.h.t.HelmChartContainer - [K3S] [dynamic_serving_content.go:135] "Starting controller" name="csr-controller::/var/lib/rancher/k3s/server/tls/server-ca.nochain.crt::/var/lib/rancher/k3s/server/tls/server-ca.key"
2025-01-30 18:13:03,421 INFO c.h.h.t.HelmChartContainer - [K3S] [controllermanager.go:765] "Started controller" controller="persistentvolume-attach-detach-controller"
2025-01-30 18:13:03,421 INFO c.h.h.t.HelmChartContainer - [K3S] [attach_detach_controller.go:338] "Starting attach detach controller"
2025-01-30 18:13:03,426 INFO c.h.h.t.HelmChartContainer - [K3S] [controllermanager.go:765] "Started controller" controller="ephemeral-volume-controller"
2025-01-30 18:13:03,426 INFO c.h.h.t.HelmChartContainer - [K3S] [controller.go:173] "Starting ephemeral volume controller"
2025-01-30 18:13:03,431 INFO c.h.h.t.HelmChartContainer - [K3S] [controllermanager.go:765] "Started controller" controller="replicationcontroller-controller"
2025-01-30 18:13:03,431 INFO c.h.h.t.HelmChartContainer - [K3S] [replica_set.go:217] "Starting controller" name="replicationcontroller"
2025-01-30 18:13:03,436 INFO c.h.h.t.HelmChartContainer - [K3S] [controllermanager.go:765] "Started controller" controller="serviceaccount-controller"
2025-01-30 18:13:03,436 INFO c.h.h.t.HelmChartContainer - [K3S] [serviceaccounts_controller.go:114] "Starting service account controller"
2025-01-30 18:13:03,440 INFO c.h.h.t.HelmChartContainer - [K3S] [controllermanager.go:765] "Started controller" controller="replicaset-controller"
2025-01-30 18:13:03,441 INFO c.h.h.t.HelmChartContainer - [K3S] [replica_set.go:217] "Starting controller" name="replicaset"
2025-01-30 18:13:03,452 INFO c.h.h.t.HelmChartContainer - [K3S] [controllermanager.go:765] "Started controller" controller="validatingadmissionpolicy-status-controller"
2025-01-30 18:13:03,452 INFO c.h.h.t.HelmChartContainer - [K3S] [controllermanager.go:717] "Controller is disabled by a feature gate" controller="service-cidr-controller" requiredFeatureGates=["MultiCIDRServiceAllocator"]
2025-01-30 18:13:03,457 INFO c.h.h.t.HelmChartContainer - [K3S] [controllermanager.go:765] "Started controller" controller="endpoints-controller"
2025-01-30 18:13:03,457 INFO c.h.h.t.HelmChartContainer - [K3S] [endpoints_controller.go:182] "Starting endpoint controller"
2025-01-30 18:13:03,459 INFO c.h.h.t.HelmChartContainer - [K3S] [INFO] Done waiting for CRD helmchartconfigs.helm.cattle.io to become available
2025-01-30 18:13:03,460 INFO c.h.h.t.HelmChartContainer - [K3S] [INFO] Writing static file: /var/lib/rancher/k3s/server/static/charts/traefik-crd-27.0.201+up27.0.2.tgz
2025-01-30 18:13:03,460 INFO c.h.h.t.HelmChartContainer - [K3S] [INFO] Writing static file: /var/lib/rancher/k3s/server/static/charts/traefik-27.0.201+up27.0.2.tgz
2025-01-30 18:13:03,461 INFO c.h.h.t.HelmChartContainer - [K3S] [INFO] Writing manifest: /var/lib/rancher/k3s/server/manifests/ccm.yaml
2025-01-30 18:13:03,461 INFO c.h.h.t.HelmChartContainer - [K3S] [INFO] Writing manifest: /var/lib/rancher/k3s/server/manifests/coredns.yaml
2025-01-30 18:13:03,461 INFO c.h.h.t.HelmChartContainer - [K3S] [INFO] Writing manifest: /var/lib/rancher/k3s/server/manifests/local-storage.yaml
2025-01-30 18:13:03,461 INFO c.h.h.t.HelmChartContainer - [K3S] [INFO] Writing manifest: /var/lib/rancher/k3s/server/manifests/metrics-server/metrics-apiservice.yaml
2025-01-30 18:13:03,461 INFO c.h.h.t.HelmChartContainer - [K3S] [INFO] Writing manifest: /var/lib/rancher/k3s/server/manifests/metrics-server/metrics-server-service.yaml
2025-01-30 18:13:03,462 INFO c.h.h.t.HelmChartContainer - [K3S] [INFO] Writing manifest: /var/lib/rancher/k3s/server/manifests/metrics-server/resource-reader.yaml
2025-01-30 18:13:03,462 INFO c.h.h.t.HelmChartContainer - [K3S] [INFO] Writing manifest: /var/lib/rancher/k3s/server/manifests/metrics-server/aggregated-metrics-reader.yaml
2025-01-30 18:13:03,462 INFO c.h.h.t.HelmChartContainer - [K3S] [INFO] Writing manifest: /var/lib/rancher/k3s/server/manifests/metrics-server/auth-delegator.yaml
2025-01-30 18:13:03,462 INFO c.h.h.t.HelmChartContainer - [K3S] [INFO] Writing manifest: /var/lib/rancher/k3s/server/manifests/metrics-server/auth-reader.yaml
2025-01-30 18:13:03,462 INFO c.h.h.t.HelmChartContainer - [K3S] [INFO] Writing manifest: /var/lib/rancher/k3s/server/manifests/metrics-server/metrics-server-deployment.yaml
2025-01-30 18:13:03,462 INFO c.h.h.t.HelmChartContainer - [K3S] [INFO] Writing manifest: /var/lib/rancher/k3s/server/manifests/rolebindings.yaml
2025-01-30 18:13:03,462 INFO c.h.h.t.HelmChartContainer - [K3S] [INFO] Writing manifest: /var/lib/rancher/k3s/server/manifests/runtimes.yaml
2025-01-30 18:13:03,463 INFO c.h.h.t.HelmChartContainer - [K3S] [INFO] Starting dynamiclistener CN filter node controller with SANs: [localhost 127.0.0.1 ::1 localhost 0019a1e396a2 172.18.0.2 10.43.0.1 kubernetes kubernetes.default kubernetes.default.svc kubernetes.default.svc.cluster.local]
2025-01-30 18:13:03,463 INFO c.h.h.t.HelmChartContainer - [K3S] [INFO] Tunnel server egress proxy mode: agent
2025-01-30 18:13:03,503 INFO c.h.h.t.HelmChartContainer - [K3S] [controllermanager.go:765] "Started controller" controller="token-cleaner-controller"
2025-01-30 18:13:03,503 INFO c.h.h.t.HelmChartContainer - [K3S] [tokencleaner.go:117] "Starting token cleaner controller"
2025-01-30 18:13:03,568 INFO c.h.h.t.HelmChartContainer - [K3S] [INFO] Starting k3s.cattle.io/v1, Kind=Addon controller
2025-01-30 18:13:03,568 INFO c.h.h.t.HelmChartContainer - [K3S] [INFO] Creating deploy event broadcaster
2025-01-30 18:13:03,654 INFO c.h.h.t.HelmChartContainer - [K3S] [controllermanager.go:765] "Started controller" controller="persistentvolume-binder-controller"
2025-01-30 18:13:03,654 INFO c.h.h.t.HelmChartContainer - [K3S] [pv_controller_base.go:308] "Starting persistent volume controller"
2025-01-30 18:13:03,672 INFO c.h.h.t.HelmChartContainer - [K3S] [INFO] Starting /v1, Kind=Node controller
2025-01-30 18:13:03,673 INFO c.h.h.t.HelmChartContainer - [K3S] [INFO] Creating helm-controller event broadcaster
2025-01-30 18:13:03,687 INFO c.h.h.t.HelmChartContainer - [K3S] [INFO] Cluster dns configmap has been set successfully
2025-01-30 18:13:03,701 INFO c.h.h.t.HelmChartContainer - [K3S] [INFO] Labels and annotations have been set successfully on node: 0019a1e396a2
2025-01-30 18:13:03,734 INFO c.h.h.t.HelmChartContainer - [K3S] [INFO] Starting /v1, Kind=ServiceAccount controller
2025-01-30 18:13:03,734 INFO c.h.h.t.HelmChartContainer - [K3S] [INFO] Starting /v1, Kind=Secret controller
2025-01-30 18:13:03,734 INFO c.h.h.t.HelmChartContainer - [K3S] [INFO] Starting /v1, Kind=ConfigMap controller
2025-01-30 18:13:03,739 INFO c.h.h.t.HelmChartContainer - [K3S] [INFO] Updating TLS secret for kube-system/k3s-serving (count: 10): map[listener.cattle.io/cn-0019a1e396a2:0019a1e396a2 listener.cattle.io/cn-10.43.0.1:10.43.0.1 listener.cattle.io/cn-127.0.0.1:127.0.0.1 listener.cattle.io/cn-172.18.0.2:172.18.0.2 listener.cattle.io/cn-__1-f16284:::1 listener.cattle.io/cn-kubernetes:kubernetes listener.cattle.io/cn-kubernetes.default:kubernetes.default listener.cattle.io/cn-kubernetes.default.svc:kubernetes.default.svc listener.cattle.io/cn-kubernetes.default.svc.cluster.local:kubernetes.default.svc.cluster.local listener.cattle.io/cn-localhost:localhost listener.cattle.io/fingerprint:SHA1=CFE049967BF5B800F57343DE5776762AC64D8201]
2025-01-30 18:13:03,742 INFO c.h.h.t.HelmChartContainer - [K3S] [INFO] Active TLS secret kube-system/k3s-serving (ver=241) (count 10): map[listener.cattle.io/cn-0019a1e396a2:0019a1e396a2 listener.cattle.io/cn-10.43.0.1:10.43.0.1 listener.cattle.io/cn-127.0.0.1:127.0.0.1 listener.cattle.io/cn-172.18.0.2:172.18.0.2 listener.cattle.io/cn-__1-f16284:::1 listener.cattle.io/cn-kubernetes:kubernetes listener.cattle.io/cn-kubernetes.default:kubernetes.default listener.cattle.io/cn-kubernetes.default.svc:kubernetes.default.svc listener.cattle.io/cn-kubernetes.default.svc.cluster.local:kubernetes.default.svc.cluster.local listener.cattle.io/cn-localhost:localhost listener.cattle.io/fingerprint:SHA1=CFE049967BF5B800F57343DE5776762AC64D8201]
2025-01-30 18:13:03,780 INFO c.h.h.t.HelmChartContainer - [K3S] [INFO] Starting helm.cattle.io/v1, Kind=HelmChart controller
2025-01-30 18:13:03,780 INFO c.h.h.t.HelmChartContainer - [K3S] [INFO] Starting helm.cattle.io/v1, Kind=HelmChartConfig controller
2025-01-30 18:13:03,783 INFO c.h.h.t.HelmChartContainer - [K3S] [INFO] Starting rbac.authorization.k8s.io/v1, Kind=ClusterRoleBinding controller
2025-01-30 18:13:03,785 INFO c.h.h.t.HelmChartContainer - [K3S] [INFO] Starting batch/v1, Kind=Job controller
2025-01-30 18:13:03,803 INFO c.h.h.t.HelmChartContainer - [K3S] [controllermanager.go:765] "Started controller" controller="taint-eviction-controller"
2025-01-30 18:13:03,804 INFO c.h.h.t.HelmChartContainer - [K3S] [controllermanager.go:717] "Controller is disabled by a feature gate" controller="selinux-warning-controller" requiredFeatureGates=["SELinuxChangePolicy"]
2025-01-30 18:13:03,804 INFO c.h.h.t.HelmChartContainer - [K3S] [taint_eviction.go:281] "Starting" controller="taint-eviction-controller"
2025-01-30 18:13:03,804 INFO c.h.h.t.HelmChartContainer - [K3S] [taint_eviction.go:287] "Sending events to api server"
2025-01-30 18:13:03,832 INFO c.h.h.t.HelmChartContainer - [K3S] [INFO] Updating TLS secret for kube-system/k3s-serving (count: 10): map[listener.cattle.io/cn-0019a1e396a2:0019a1e396a2 listener.cattle.io/cn-10.43.0.1:10.43.0.1 listener.cattle.io/cn-127.0.0.1:127.0.0.1 listener.cattle.io/cn-172.18.0.2:172.18.0.2 listener.cattle.io/cn-__1-f16284:::1 listener.cattle.io/cn-kubernetes:kubernetes listener.cattle.io/cn-kubernetes.default:kubernetes.default listener.cattle.io/cn-kubernetes.default.svc:kubernetes.default.svc listener.cattle.io/cn-kubernetes.default.svc.cluster.local:kubernetes.default.svc.cluster.local listener.cattle.io/cn-localhost:localhost listener.cattle.io/fingerprint:SHA1=CFE049967BF5B800F57343DE5776762AC64D8201]
2025-01-30 18:13:04,058 INFO c.h.h.t.HelmChartContainer - [K3S] [controllermanager.go:765] "Started controller" controller="namespace-controller"
2025-01-30 18:13:04,059 INFO c.h.h.t.HelmChartContainer - [K3S] [namespace_controller.go:202] "Starting namespace controller"
2025-01-30 18:13:04,104 INFO c.h.h.t.HelmChartContainer - [K3S] [controllermanager.go:765] "Started controller" controller="certificatesigningrequest-cleaner-controller"
2025-01-30 18:13:04,104 INFO c.h.h.t.HelmChartContainer - [K3S] [controllermanager.go:717] "Controller is disabled by a feature gate" controller="volumeattributesclass-protection-controller" requiredFeatureGates=["VolumeAttributesClass"]
2025-01-30 18:13:04,104 INFO c.h.h.t.HelmChartContainer - [K3S] [controllermanager.go:717] "Controller is disabled by a feature gate" controller="kube-apiserver-serving-clustertrustbundle-publisher-controller" requiredFeatureGates=["ClusterTrustBundle"]
2025-01-30 18:13:04,104 INFO c.h.h.t.HelmChartContainer - [K3S] [cleaner.go:83] "Starting CSR cleaner controller"
2025-01-30 18:13:04,407 INFO c.h.h.t.HelmChartContainer - [K3S] [controllermanager.go:765] "Started controller" controller="resourcequota-controller"
2025-01-30 18:13:04,407 INFO c.h.h.t.HelmChartContainer - [K3S] [resource_quota_controller.go:300] "Starting resource quota controller"
2025-01-30 18:13:04,554 INFO c.h.h.t.HelmChartContainer - [K3S] [controllermanager.go:765] "Started controller" controller="statefulset-controller"
2025-01-30 18:13:04,554 INFO c.h.h.t.HelmChartContainer - [K3S] [controllermanager.go:728] "Warning: controller is disabled" controller="bootstrap-signer-controller"
2025-01-30 18:13:04,554 INFO c.h.h.t.HelmChartContainer - [K3S] [stateful_set.go:166] "Starting stateful set controller"
2025-01-30 18:13:04,704 INFO c.h.h.t.HelmChartContainer - [K3S] [controllermanager.go:765] "Started controller" controller="ttl-after-finished-controller"
2025-01-30 18:13:04,704 INFO c.h.h.t.HelmChartContainer - [K3S] [ttlafterfinished_controller.go:112] "Starting TTL after finished controller"
2025-01-30 18:13:04,854 INFO c.h.h.t.HelmChartContainer - [K3S] [controllermanager.go:765] "Started controller" controller="persistentvolume-protection-controller"
2025-01-30 18:13:04,854 INFO c.h.h.t.HelmChartContainer - [K3S] [pv_protection_controller.go:81] "Starting PV protection controller"
2025-01-30 18:13:05,003 INFO c.h.h.t.HelmChartContainer - [K3S] [controllermanager.go:765] "Started controller" controller="legacy-serviceaccount-token-cleaner-controller"
2025-01-30 18:13:05,004 INFO c.h.h.t.HelmChartContainer - [K3S] [legacy_serviceaccount_token_cleaner.go:103] "Starting legacy service account token cleaner controller"
2025-01-30 18:13:05,154 INFO c.h.h.t.HelmChartContainer - [K3S] [controllermanager.go:765] "Started controller" controller="endpointslice-mirroring-controller"
2025-01-30 18:13:05,155 INFO c.h.h.t.HelmChartContainer - [K3S] [endpointslicemirroring_controller.go:227] "Starting EndpointSliceMirroring controller"
2025-01-30 18:13:05,304 INFO c.h.h.t.HelmChartContainer - [K3S] [controllermanager.go:765] "Started controller" controller="pod-garbage-collector-controller"
2025-01-30 18:13:05,304 INFO c.h.h.t.HelmChartContainer - [K3S] [gc_controller.go:99] "Starting GC controller"
2025-01-30 18:13:05,454 INFO c.h.h.t.HelmChartContainer - [K3S] [controllermanager.go:765] "Started controller" controller="cronjob-controller"
2025-01-30 18:13:05,454 INFO c.h.h.t.HelmChartContainer - [K3S] [controllermanager.go:723] "Skipping a cloud provider controller" controller="service-lb-controller"
2025-01-30 18:13:05,454 INFO c.h.h.t.HelmChartContainer - [K3S] [cronjob_controllerv2.go:145] "Starting cronjob controller v2"
2025-01-30 18:13:05,574 INFO c.h.h.t.HelmChartContainer - [K3S] [event.go:389] "Event occurred" object="kube-system/ccm" fieldPath="" kind="Addon" apiVersion="k3s.cattle.io/v1" type="Normal" reason="ApplyingManifest" message="Applying manifest at \"/var/lib/rancher/k3s/server/manifests/ccm.yaml\""
2025-01-30 18:13:05,596 INFO c.h.h.t.HelmChartContainer - [K3S] [event.go:389] "Event occurred" object="kube-system/ccm" fieldPath="" kind="Addon" apiVersion="k3s.cattle.io/v1" type="Normal" reason="AppliedManifest" message="Applied manifest at \"/var/lib/rancher/k3s/server/manifests/ccm.yaml\""
2025-01-30 18:13:05,606 INFO c.h.h.t.HelmChartContainer - [K3S] [event.go:389] "Event occurred" object="kube-system/coredns" fieldPath="" kind="Addon" apiVersion="k3s.cattle.io/v1" type="Normal" reason="ApplyingManifest" message="Applying manifest at \"/var/lib/rancher/k3s/server/manifests/coredns.yaml\""
2025-01-30 18:13:05,608 INFO c.h.h.t.HelmChartContainer - [K3S] [controllermanager.go:765] "Started controller" controller="endpointslice-controller"
2025-01-30 18:13:05,608 INFO c.h.h.t.HelmChartContainer - [K3S] [endpointslice_controller.go:281] "Starting endpoint slice controller"
2025-01-30 18:13:05,635 INFO c.h.h.t.HelmChartContainer - [K3S] [event.go:389] "Event occurred" object="0019a1e396a2" fieldPath="" kind="Node" apiVersion="" type="Normal" reason="NodePasswordValidationComplete" message="Deferred node password secret validation complete"
2025-01-30 18:13:05,707 INFO c.h.h.t.HelmChartContainer - [K3S] [alloc.go:330] "allocated clusterIPs" service="kube-system/kube-dns" clusterIPs={"IPv4":"10.43.0.10"}
2025-01-30 18:13:05,708 INFO c.h.h.t.HelmChartContainer - [K3S] [event.go:389] "Event occurred" object="kube-system/coredns" fieldPath="" kind="Addon" apiVersion="k3s.cattle.io/v1" type="Normal" reason="AppliedManifest" message="Applied manifest at \"/var/lib/rancher/k3s/server/manifests/coredns.yaml\""
2025-01-30 18:13:05,715 INFO c.h.h.t.HelmChartContainer - [K3S] [event.go:389] "Event occurred" object="kube-system/local-storage" fieldPath="" kind="Addon" apiVersion="k3s.cattle.io/v1" type="Normal" reason="ApplyingManifest" message="Applying manifest at \"/var/lib/rancher/k3s/server/manifests/local-storage.yaml\""
2025-01-30 18:13:05,804 INFO c.h.h.t.HelmChartContainer - [K3S] [event.go:389] "Event occurred" object="kube-system/local-storage" fieldPath="" kind="Addon" apiVersion="k3s.cattle.io/v1" type="Normal" reason="AppliedManifest" message="Applied manifest at \"/var/lib/rancher/k3s/server/manifests/local-storage.yaml\""
2025-01-30 18:13:05,811 INFO c.h.h.t.HelmChartContainer - [K3S] [event.go:389] "Event occurred" object="kube-system/aggregated-metrics-reader" fieldPath="" kind="Addon" apiVersion="k3s.cattle.io/v1" type="Normal" reason="ApplyingManifest" message="Applying manifest at \"/var/lib/rancher/k3s/server/manifests/metrics-server/aggregated-metrics-reader.yaml\""
2025-01-30 18:13:05,854 INFO c.h.h.t.HelmChartContainer - [K3S] [graph_builder.go:351] "Running" component="GraphBuilder"
2025-01-30 18:13:05,854 INFO c.h.h.t.HelmChartContainer - [K3S] [controllermanager.go:765] "Started controller" controller="garbage-collector-controller"
2025-01-30 18:13:05,881 INFO c.h.h.t.HelmChartContainer - [K3S] [event.go:389] "Event occurred" object="kube-system/aggregated-metrics-reader" fieldPath="" kind="Addon" apiVersion="k3s.cattle.io/v1" type="Normal" reason="AppliedManifest" message="Applied manifest at \"/var/lib/rancher/k3s/server/manifests/metrics-server/aggregated-metrics-reader.yaml\""
2025-01-30 18:13:05,887 INFO c.h.h.t.HelmChartContainer - [K3S] [event.go:389] "Event occurred" object="kube-system/auth-delegator" fieldPath="" kind="Addon" apiVersion="k3s.cattle.io/v1" type="Normal" reason="ApplyingManifest" message="Applying manifest at \"/var/lib/rancher/k3s/server/manifests/metrics-server/auth-delegator.yaml\""
2025-01-30 18:13:05,895 INFO c.h.h.t.HelmChartContainer - [K3S] [event.go:389] "Event occurred" object="kube-system/auth-delegator" fieldPath="" kind="Addon" apiVersion="k3s.cattle.io/v1" type="Normal" reason="AppliedManifest" message="Applied manifest at \"/var/lib/rancher/k3s/server/manifests/metrics-server/auth-delegator.yaml\""
2025-01-30 18:13:05,902 INFO c.h.h.t.HelmChartContainer - [K3S] [event.go:389] "Event occurred" object="kube-system/auth-reader" fieldPath="" kind="Addon" apiVersion="k3s.cattle.io/v1" type="Normal" reason="ApplyingManifest" message="Applying manifest at \"/var/lib/rancher/k3s/server/manifests/metrics-server/auth-reader.yaml\""
2025-01-30 18:13:05,908 INFO c.h.h.t.HelmChartContainer - [K3S] [event.go:389] "Event occurred" object="kube-system/auth-reader" fieldPath="" kind="Addon" apiVersion="k3s.cattle.io/v1" type="Normal" reason="AppliedManifest" message="Applied manifest at \"/var/lib/rancher/k3s/server/manifests/metrics-server/auth-reader.yaml\""
2025-01-30 18:13:05,913 INFO c.h.h.t.HelmChartContainer - [K3S] [event.go:389] "Event occurred" object="kube-system/metrics-apiservice" fieldPath="" kind="Addon" apiVersion="k3s.cattle.io/v1" type="Normal" reason="ApplyingManifest" message="Applying manifest at \"/var/lib/rancher/k3s/server/manifests/metrics-server/metrics-apiservice.yaml\""
2025-01-30 18:13:05,921 INFO c.h.h.t.HelmChartContainer - [K3S] [event.go:389] "Event occurred" object="kube-system/metrics-apiservice" fieldPath="" kind="Addon" apiVersion="k3s.cattle.io/v1" type="Normal" reason="AppliedManifest" message="Applied manifest at \"/var/lib/rancher/k3s/server/manifests/metrics-server/metrics-apiservice.yaml\""
2025-01-30 18:13:05,924 INFO c.h.h.t.HelmChartContainer - [K3S] [handler_proxy.go:99] no RequestInfo found in the context
2025-01-30 18:13:05,924 INFO c.h.h.t.HelmChartContainer - [K3S] [controller.go:146] "Unhandled Error" err=<
2025-01-30 18:13:05,926 INFO c.h.h.t.HelmChartContainer - [K3S] 	, Header: map[Content-Type:[text/plain; charset=utf-8] X-Content-Type-Options:[nosniff]]
2025-01-30 18:13:05,926 INFO c.h.h.t.HelmChartContainer - [K3S]  >
2025-01-30 18:13:05,927 INFO c.h.h.t.HelmChartContainer - [K3S] [handler_proxy.go:143] error resolving kube-system/metrics-server: service "metrics-server" not found
2025-01-30 18:13:05,929 INFO c.h.h.t.HelmChartContainer - [K3S] [event.go:389] "Event occurred" object="kube-system/metrics-server-deployment" fieldPath="" kind="Addon" apiVersion="k3s.cattle.io/v1" type="Normal" reason="ApplyingManifest" message="Applying manifest at \"/var/lib/rancher/k3s/server/manifests/metrics-server/metrics-server-deployment.yaml\""
2025-01-30 18:13:05,947 INFO c.h.h.t.HelmChartContainer - [K3S] [event.go:389] "Event occurred" object="kube-system/metrics-server-deployment" fieldPath="" kind="Addon" apiVersion="k3s.cattle.io/v1" type="Normal" reason="AppliedManifest" message="Applied manifest at \"/var/lib/rancher/k3s/server/manifests/metrics-server/metrics-server-deployment.yaml\""
2025-01-30 18:13:05,954 INFO c.h.h.t.HelmChartContainer - [K3S] [event.go:389] "Event occurred" object="kube-system/metrics-server-service" fieldPath="" kind="Addon" apiVersion="k3s.cattle.io/v1" type="Normal" reason="ApplyingManifest" message="Applying manifest at \"/var/lib/rancher/k3s/server/manifests/metrics-server/metrics-server-service.yaml\""
2025-01-30 18:13:05,964 INFO c.h.h.t.HelmChartContainer - [K3S] [alloc.go:330] "allocated clusterIPs" service="kube-system/metrics-server" clusterIPs={"IPv4":"10.43.69.37"}
2025-01-30 18:13:05,966 INFO c.h.h.t.HelmChartContainer - [K3S] [event.go:389] "Event occurred" object="kube-system/metrics-server-service" fieldPath="" kind="Addon" apiVersion="k3s.cattle.io/v1" type="Normal" reason="AppliedManifest" message="Applied manifest at \"/var/lib/rancher/k3s/server/manifests/metrics-server/metrics-server-service.yaml\""
2025-01-30 18:13:05,970 INFO c.h.h.t.HelmChartContainer - [K3S] [handler_proxy.go:99] no RequestInfo found in the context
2025-01-30 18:13:05,971 INFO c.h.h.t.HelmChartContainer - [K3S] [controller.go:146] "Unhandled Error" err=<
2025-01-30 18:13:05,971 INFO c.h.h.t.HelmChartContainer - [K3S] 	, Header: map[Content-Type:[text/plain; charset=utf-8] X-Content-Type-Options:[nosniff]]
2025-01-30 18:13:05,971 INFO c.h.h.t.HelmChartContainer - [K3S]  >
2025-01-30 18:13:05,972 INFO c.h.h.t.HelmChartContainer - [K3S] [handler_proxy.go:143] error resolving kube-system/metrics-server: endpoints "metrics-server" not found
2025-01-30 18:13:05,975 INFO c.h.h.t.HelmChartContainer - [K3S] [event.go:389] "Event occurred" object="kube-system/resource-reader" fieldPath="" kind="Addon" apiVersion="k3s.cattle.io/v1" type="Normal" reason="ApplyingManifest" message="Applying manifest at \"/var/lib/rancher/k3s/server/manifests/metrics-server/resource-reader.yaml\""
2025-01-30 18:13:05,995 INFO c.h.h.t.HelmChartContainer - [K3S] [event.go:389] "Event occurred" object="kube-system/resource-reader" fieldPath="" kind="Addon" apiVersion="k3s.cattle.io/v1" type="Normal" reason="AppliedManifest" message="Applied manifest at \"/var/lib/rancher/k3s/server/manifests/metrics-server/resource-reader.yaml\""
2025-01-30 18:13:06,002 INFO c.h.h.t.HelmChartContainer - [K3S] [event.go:389] "Event occurred" object="kube-system/rolebindings" fieldPath="" kind="Addon" apiVersion="k3s.cattle.io/v1" type="Normal" reason="ApplyingManifest" message="Applying manifest at \"/var/lib/rancher/k3s/server/manifests/rolebindings.yaml\""
2025-01-30 18:13:06,104 INFO c.h.h.t.HelmChartContainer - [K3S] [controllermanager.go:765] "Started controller" controller="daemonset-controller"
2025-01-30 18:13:06,105 INFO c.h.h.t.HelmChartContainer - [K3S] [daemon_controller.go:294] "Starting daemon sets controller"
2025-01-30 18:13:06,108 INFO c.h.h.t.HelmChartContainer - [K3S] [event.go:389] "Event occurred" object="kube-system/rolebindings" fieldPath="" kind="Addon" apiVersion="k3s.cattle.io/v1" type="Normal" reason="AppliedManifest" message="Applied manifest at \"/var/lib/rancher/k3s/server/manifests/rolebindings.yaml\""
2025-01-30 18:13:06,117 INFO c.h.h.t.HelmChartContainer - [K3S] [event.go:389] "Event occurred" object="kube-system/runtimes" fieldPath="" kind="Addon" apiVersion="k3s.cattle.io/v1" type="Normal" reason="ApplyingManifest" message="Applying manifest at \"/var/lib/rancher/k3s/server/manifests/runtimes.yaml\""
2025-01-30 18:13:06,178 INFO c.h.h.t.HelmChartContainer - [K3S] [event.go:389] "Event occurred" object="kube-system/runtimes" fieldPath="" kind="Addon" apiVersion="k3s.cattle.io/v1" type="Normal" reason="AppliedManifest" message="Applied manifest at \"/var/lib/rancher/k3s/server/manifests/runtimes.yaml\""
2025-01-30 18:13:06,255 INFO c.h.h.t.HelmChartContainer - [K3S] [controllermanager.go:765] "Started controller" controller="job-controller"
2025-01-30 18:13:06,255 INFO c.h.h.t.HelmChartContainer - [K3S] [controllermanager.go:717] "Controller is disabled by a feature gate" controller="storageversion-garbage-collector-controller" requiredFeatureGates=["APIServerIdentity","StorageVersionAPI"]
2025-01-30 18:13:06,256 INFO c.h.h.t.HelmChartContainer - [K3S] [controllermanager.go:743] "Warning: skipping controller" controller="storage-version-migrator-controller"
2025-01-30 18:13:06,256 INFO c.h.h.t.HelmChartContainer - [K3S] [job_controller.go:243] "Starting job controller"
2025-01-30 18:13:06,267 INFO c.h.h.t.HelmChartContainer - [K3S] [serving.go:392] Generated self-signed cert in-memory
2025-01-30 18:13:06,543 INFO c.h.h.t.HelmChartContainer - [K3S] [serving.go:392] Generated self-signed cert in-memory
2025-01-30 18:13:06,553 INFO c.h.h.t.HelmChartContainer - [K3S] [controllermanager.go:765] "Started controller" controller="horizontal-pod-autoscaler-controller"
2025-01-30 18:13:06,553 INFO c.h.h.t.HelmChartContainer - [K3S] [horizontal.go:201] "Starting HPA controller"
2025-01-30 18:13:06,704 INFO c.h.h.t.HelmChartContainer - [K3S] [controllermanager.go:765] "Started controller" controller="ttl-controller"
2025-01-30 18:13:06,704 INFO c.h.h.t.HelmChartContainer - [K3S] [controllermanager.go:723] "Skipping a cloud provider controller" controller="node-route-controller"
2025-01-30 18:13:06,705 INFO c.h.h.t.HelmChartContainer - [K3S] [ttl_controller.go:127] "Starting TTL controller"
2025-01-30 18:13:06,744 INFO c.h.h.t.HelmChartContainer - [K3S] [controllermanager.go:160] Version: v1.32.1+k3s1
2025-01-30 18:13:06,747 INFO c.h.h.t.HelmChartContainer - [K3S] [requestheader_controller.go:180] Starting RequestHeaderAuthRequestController
2025-01-30 18:13:06,748 INFO c.h.h.t.HelmChartContainer - [K3S] [configmap_cafile_content.go:205] "Starting controller" name="client-ca::kube-system::extension-apiserver-authentication::requestheader-client-ca-file"
2025-01-30 18:13:06,748 INFO c.h.h.t.HelmChartContainer - [K3S] [secure_serving.go:213] Serving securely on 127.0.0.1:10258
2025-01-30 18:13:06,748 INFO c.h.h.t.HelmChartContainer - [K3S] [tlsconfig.go:243] "Starting DynamicServingCertificateController"
2025-01-30 18:13:06,748 INFO c.h.h.t.HelmChartContainer - [K3S] [configmap_cafile_content.go:205] "Starting controller" name="client-ca::kube-system::extension-apiserver-authentication::client-ca-file"
2025-01-30 18:13:06,750 INFO c.h.h.t.HelmChartContainer - [K3S] [INFO] Creating service-lb-controller event broadcaster
2025-01-30 18:13:06,854 INFO c.h.h.t.HelmChartContainer - [K3S] [controllermanager.go:765] "Started controller" controller="persistentvolumeclaim-protection-controller"
2025-01-30 18:13:06,855 INFO c.h.h.t.HelmChartContainer - [K3S] [controllermanager.go:723] "Skipping a cloud provider controller" controller="cloud-node-lifecycle-controller"
2025-01-30 18:13:06,855 INFO c.h.h.t.HelmChartContainer - [K3S] [pvc_protection_controller.go:168] "Starting PVC protection controller"
2025-01-30 18:13:06,869 INFO c.h.h.t.HelmChartContainer - [K3S] [INFO] Starting /v1, Kind=Node controller
2025-01-30 18:13:06,871 INFO c.h.h.t.HelmChartContainer - [K3S] [INFO] Starting /v1, Kind=Pod controller
2025-01-30 18:13:06,874 INFO c.h.h.t.HelmChartContainer - [K3S] [INFO] Starting apps/v1, Kind=DaemonSet controller
2025-01-30 18:13:06,877 INFO c.h.h.t.HelmChartContainer - [K3S] [INFO] Starting discovery.k8s.io/v1, Kind=EndpointSlice controller
2025-01-30 18:13:06,878 INFO c.h.h.t.HelmChartContainer - [K3S] [controllermanager.go:329] Started "cloud-node-controller"
2025-01-30 18:13:06,878 INFO c.h.h.t.HelmChartContainer - [K3S] [node_controller.go:176] Sending events to api server.
2025-01-30 18:13:06,878 INFO c.h.h.t.HelmChartContainer - [K3S] [node_controller.go:185] Waiting for informer caches to sync
2025-01-30 18:13:06,879 INFO c.h.h.t.HelmChartContainer - [K3S] [controllermanager.go:329] Started "cloud-node-lifecycle-controller"
2025-01-30 18:13:06,879 INFO c.h.h.t.HelmChartContainer - [K3S] [node_lifecycle_controller.go:112] Sending events to api server
2025-01-30 18:13:06,879 INFO c.h.h.t.HelmChartContainer - [K3S] [controllermanager.go:329] Started "service-lb-controller"
2025-01-30 18:13:06,879 INFO c.h.h.t.HelmChartContainer - [K3S] [controllermanager.go:306] "node-route-controller" is disabled
2025-01-30 18:13:06,879 INFO c.h.h.t.HelmChartContainer - [K3S] [controller.go:234] Starting service controller
2025-01-30 18:13:06,920 INFO c.h.h.t.HelmChartContainer - [K3S] [handler_proxy.go:99] no RequestInfo found in the context
2025-01-30 18:13:06,920 INFO c.h.h.t.HelmChartContainer - [K3S] [handler_proxy.go:99] no RequestInfo found in the context
2025-01-30 18:13:06,920 INFO c.h.h.t.HelmChartContainer - [K3S] [controller.go:102] "Unhandled Error" err=<
2025-01-30 18:13:06,920 INFO c.h.h.t.HelmChartContainer - [K3S] 	, Header: map[Content-Type:[text/plain; charset=utf-8] X-Content-Type-Options:[nosniff]]
2025-01-30 18:13:06,920 INFO c.h.h.t.HelmChartContainer - [K3S]  >
2025-01-30 18:13:06,979 INFO c.h.h.t.HelmChartContainer - [K3S] [node_controller.go:429] Initializing node 0019a1e396a2 with cloud provider
2025-01-30 18:13:06,984 INFO c.h.h.t.HelmChartContainer - [K3S] [node_controller.go:474] Successfully initialized node 0019a1e396a2 with cloud provider
2025-01-30 18:13:06,984 INFO c.h.h.t.HelmChartContainer - [K3S] [event.go:389] "Event occurred" object="0019a1e396a2" fieldPath="" kind="Node" apiVersion="v1" type="Normal" reason="Synced" message="Node synced successfully"
2025-01-30 18:13:06,997 INFO c.h.h.t.HelmChartContainer - [K3S] [INFO] Updated coredns NodeHosts entry for 0019a1e396a2
2025-01-30 18:13:07,006 INFO c.h.h.t.HelmChartContainer - [K3S] [controllermanager.go:765] "Started controller" controller="persistentvolume-expander-controller"
2025-01-30 18:13:07,006 INFO c.h.h.t.HelmChartContainer - [K3S] [expand_controller.go:329] "Starting expand controller"
2025-01-30 18:13:07,060 INFO c.h.h.t.HelmChartContainer - [K3S] [INFO] Tunnel authorizer set Kubelet Port 0.0.0.0:10250
2025-01-30 18:13:07,156 INFO c.h.h.t.HelmChartContainer - [K3S] [controllermanager.go:765] "Started controller" controller="clusterrole-aggregation-controller"
2025-01-30 18:13:07,156 INFO c.h.h.t.HelmChartContainer - [K3S] [clusterroleaggregation_controller.go:194] "Starting ClusterRoleAggregator controller"
2025-01-30 18:13:07,304 INFO c.h.h.t.HelmChartContainer - [K3S] [controllermanager.go:765] "Started controller" controller="root-ca-certificate-publisher-controller"
2025-01-30 18:13:07,305 INFO c.h.h.t.HelmChartContainer - [K3S] [publisher.go:107] "Starting root CA cert publisher controller"
2025-01-30 18:13:07,320 INFO c.h.h.t.HelmChartContainer - [K3S] [serving.go:392] Generated self-signed cert in-memory
2025-01-30 18:13:07,454 INFO c.h.h.t.HelmChartContainer - [K3S] [controllermanager.go:765] "Started controller" controller="deployment-controller"
2025-01-30 18:13:07,454 INFO c.h.h.t.HelmChartContainer - [K3S] [deployment_controller.go:173] "Starting controller" controller="deployment"
2025-01-30 18:13:07,503 INFO c.h.h.t.HelmChartContainer - [K3S] [controllermanager.go:765] "Started controller" controller="certificatesigningrequest-approving-controller"
2025-01-30 18:13:07,504 INFO c.h.h.t.HelmChartContainer - [K3S] [certificate_controller.go:120] "Starting certificate controller" name="csrapproving"
2025-01-30 18:13:07,637 INFO c.h.h.t.HelmChartContainer - [K3S] [server.go:164] "Starting Kubernetes Scheduler" version="v1.32.1+k3s1"
2025-01-30 18:13:07,637 INFO c.h.h.t.HelmChartContainer - [K3S] [server.go:166] "Golang settings" GOGC="" GOMAXPROCS="" GOTRACEBACK=""
2025-01-30 18:13:07,642 INFO c.h.h.t.HelmChartContainer - [K3S] [requestheader_controller.go:180] Starting RequestHeaderAuthRequestController
2025-01-30 18:13:07,643 INFO c.h.h.t.HelmChartContainer - [K3S] [configmap_cafile_content.go:205] "Starting controller" name="client-ca::kube-system::extension-apiserver-authentication::client-ca-file"
2025-01-30 18:13:07,643 INFO c.h.h.t.HelmChartContainer - [K3S] [configmap_cafile_content.go:205] "Starting controller" name="client-ca::kube-system::extension-apiserver-authentication::requestheader-client-ca-file"
2025-01-30 18:13:07,643 INFO c.h.h.t.HelmChartContainer - [K3S] [secure_serving.go:213] Serving securely on 127.0.0.1:10259
2025-01-30 18:13:07,643 INFO c.h.h.t.HelmChartContainer - [K3S] [tlsconfig.go:243] "Starting DynamicServingCertificateController"
2025-01-30 18:13:07,656 INFO c.h.h.t.HelmChartContainer - [K3S] [range_allocator.go:112] "No Secondary Service CIDR provided. Skipping filtering out secondary service addresses"
2025-01-30 18:13:07,657 INFO c.h.h.t.HelmChartContainer - [K3S] [controllermanager.go:765] "Started controller" controller="node-ipam-controller"
2025-01-30 18:13:07,657 INFO c.h.h.t.HelmChartContainer - [K3S] [node_ipam_controller.go:141] "Starting ipam controller"
2025-01-30 18:13:07,703 INFO c.h.h.t.HelmChartContainer - [K3S] [node_lifecycle_controller.go:432] "Controller will reconcile labels"
2025-01-30 18:13:07,704 INFO c.h.h.t.HelmChartContainer - [K3S] [controllermanager.go:765] "Started controller" controller="node-lifecycle-controller"
2025-01-30 18:13:07,704 INFO c.h.h.t.HelmChartContainer - [K3S] [controllermanager.go:717] "Controller is disabled by a feature gate" controller="resourceclaim-controller" requiredFeatureGates=["DynamicResourceAllocation"]
2025-01-30 18:13:07,704 INFO c.h.h.t.HelmChartContainer - [K3S] [node_lifecycle_controller.go:466] "Sending events to api server"
2025-01-30 18:13:07,704 INFO c.h.h.t.HelmChartContainer - [K3S] [node_lifecycle_controller.go:477] "Starting node controller"
2025-01-30 18:13:07,714 INFO c.h.h.t.HelmChartContainer - [K3S] [actual_state_of_world.go:541] "Failed to update statusUpdateNeeded field in actual state of world" err="Failed to set statusUpdateNeeded to needed true, because nodeName=\"0019a1e396a2\" does not exist"
2025-01-30 18:13:07,757 INFO c.h.h.t.HelmChartContainer - [K3S] [range_allocator.go:177] "Sending events to api server"
2025-01-30 18:13:07,757 INFO c.h.h.t.HelmChartContainer - [K3S] [range_allocator.go:183] "Starting range CIDR allocator"
2025-01-30 18:13:07,761 INFO c.h.h.t.HelmChartContainer - [K3S] [range_allocator.go:428] "Set node PodCIDR" node="0019a1e396a2" podCIDRs=["10.42.0.0/24"]
2025-01-30 18:13:07,761 INFO c.h.h.t.HelmChartContainer - [K3S] [range_allocator.go:247] "Successfully synced" key="0019a1e396a2"
2025-01-30 18:13:07,762 INFO c.h.h.t.HelmChartContainer - [K3S] [range_allocator.go:247] "Successfully synced" key="0019a1e396a2"
2025-01-30 18:13:07,762 INFO c.h.h.t.HelmChartContainer - [K3S] [INFO] Flannel found PodCIDR assigned for node 0019a1e396a2
2025-01-30 18:13:07,763 INFO c.h.h.t.HelmChartContainer - [K3S] [INFO] The interface eth0 with ipv4 address 172.18.0.2 will be used by flannel
2025-01-30 18:13:07,764 INFO c.h.h.t.HelmChartContainer - [K3S] [kube.go:139] Waiting 10m0s for node controller to sync
2025-01-30 18:13:07,765 INFO c.h.h.t.HelmChartContainer - [K3S] [kube.go:469] Starting kube subnet manager
2025-01-30 18:13:07,805 INFO c.h.h.t.HelmChartContainer - [K3S] [node_lifecycle_controller.go:1234] "Initializing eviction metric for zone" zone=""
2025-01-30 18:13:07,805 INFO c.h.h.t.HelmChartContainer - [K3S] [node_lifecycle_controller.go:886] "Missing timestamp for Node. Assuming now as a timestamp" node="0019a1e396a2"
2025-01-30 18:13:07,805 INFO c.h.h.t.HelmChartContainer - [K3S] [node_lifecycle_controller.go:1080] "Controller detected that zone is now in new state" zone="" newState="Normal"
2025-01-30 18:13:07,813 INFO c.h.h.t.HelmChartContainer - [K3S] [range_allocator.go:247] "Successfully synced" key="0019a1e396a2"
2025-01-30 18:13:07,873 INFO c.h.h.t.HelmChartContainer - [K3S] [INFO] Starting network policy controller version v2.2.1, built on 2025-01-28T18:27:08Z, go1.23.4
2025-01-30 18:13:07,873 INFO c.h.h.t.HelmChartContainer - [K3S] [network_policy_controller.go:164] Starting network policy controller
2025-01-30 18:13:07,899 INFO c.h.h.t.HelmChartContainer - [K3S] [network_policy_controller.go:176] Starting network policy controller full sync goroutine
2025-01-30 18:13:08,060 INFO c.h.h.t.HelmChartContainer - [K3S] [INFO] Started tunnel to 172.18.0.2:6443
2025-01-30 18:13:08,060 INFO c.h.h.t.HelmChartContainer - [K3S] [INFO] Stopped tunnel to 127.0.0.1:6443
2025-01-30 18:13:08,061 INFO c.h.h.t.HelmChartContainer - [K3S] [INFO] Connecting to proxy" url="wss://172.18.0.2:6443/v1-k3s/connect
2025-01-30 18:13:08,061 INFO c.h.h.t.HelmChartContainer - [K3S] [INFO] Proxy done" err="context canceled" url="wss://127.0.0.1:6443/v1-k3s/connect
2025-01-30 18:13:08,061 INFO c.h.h.t.HelmChartContainer - [K3S] [INFO] error in remotedialer server [400]: websocket: close 1006 (abnormal closure): unexpected EOF
2025-01-30 18:13:08,062 INFO c.h.h.t.HelmChartContainer - [K3S] [INFO] Handling backend connection request [0019a1e396a2]
2025-01-30 18:13:08,063 INFO c.h.h.t.HelmChartContainer - [K3S] [INFO] Remotedialer connected to proxy" url="wss://172.18.0.2:6443/v1-k3s/connect
2025-01-30 18:13:08,312 INFO c.h.h.t.HelmChartContainer - [K3S] [handler_proxy.go:99] no RequestInfo found in the context
2025-01-30 18:13:08,312 INFO c.h.h.t.HelmChartContainer - [K3S] [controller.go:146] "Unhandled Error" err=<
2025-01-30 18:13:08,313 INFO c.h.h.t.HelmChartContainer - [K3S] 	, Header: map[Content-Type:[text/plain; charset=utf-8] X-Content-Type-Options:[nosniff]]
2025-01-30 18:13:08,313 INFO c.h.h.t.HelmChartContainer - [K3S]  >
2025-01-30 18:13:08,313 INFO c.h.h.t.HelmChartContainer - [K3S] [handler_proxy.go:143] error resolving kube-system/metrics-server: no endpoints available for service "metrics-server"
2025-01-30 18:13:08,409 INFO c.h.h.t.HelmChartContainer - [K3S] [range_allocator.go:247] "Successfully synced" key="0019a1e396a2"
2025-01-30 18:13:08,621 INFO c.h.h.t.HelmChartContainer - [K3S] [replica_set.go:679] "Finished syncing" kind="ReplicaSet" key="kube-system/coredns-ff8999cc5" duration="507.909922ms"
2025-01-30 18:13:08,626 INFO c.h.h.t.HelmChartContainer - [K3S] [replica_set.go:679] "Finished syncing" kind="ReplicaSet" key="kube-system/metrics-server-8584b5786c" duration="507.958694ms"
2025-01-30 18:13:08,626 INFO c.h.h.t.HelmChartContainer - [K3S] [replica_set.go:679] "Finished syncing" kind="ReplicaSet" key="kube-system/local-path-provisioner-698b58967b" duration="512.023658ms"
2025-01-30 18:13:08,651 INFO c.h.h.t.HelmChartContainer - [K3S] [replica_set.go:679] "Finished syncing" kind="ReplicaSet" key="kube-system/local-path-provisioner-698b58967b" duration="25.989966ms"
2025-01-30 18:13:08,660 INFO c.h.h.t.HelmChartContainer - [K3S] [replica_set.go:679] "Finished syncing" kind="ReplicaSet" key="kube-system/metrics-server-8584b5786c" duration="37.825729ms"
2025-01-30 18:13:08,660 INFO c.h.h.t.HelmChartContainer - [K3S] [replica_set.go:679] "Finished syncing" kind="ReplicaSet" key="kube-system/metrics-server-8584b5786c" duration="28.303µs"
2025-01-30 18:13:08,666 INFO c.h.h.t.HelmChartContainer - [K3S] [replica_set.go:679] "Finished syncing" kind="ReplicaSet" key="kube-system/coredns-ff8999cc5" duration="42.96177ms"
2025-01-30 18:13:08,685 INFO c.h.h.t.HelmChartContainer - [K3S] [replica_set.go:679] "Finished syncing" kind="ReplicaSet" key="kube-system/local-path-provisioner-698b58967b" duration="33.71205ms"
2025-01-30 18:13:08,685 INFO c.h.h.t.HelmChartContainer - [K3S] [replica_set.go:679] "Finished syncing" kind="ReplicaSet" key="kube-system/local-path-provisioner-698b58967b" duration="36.519µs"
2025-01-30 18:13:08,689 INFO c.h.h.t.HelmChartContainer - [K3S] [replica_set.go:679] "Finished syncing" kind="ReplicaSet" key="kube-system/metrics-server-8584b5786c" duration="41.468µs"
2025-01-30 18:13:08,694 INFO c.h.h.t.HelmChartContainer - [K3S] [replica_set.go:679] "Finished syncing" kind="ReplicaSet" key="kube-system/coredns-ff8999cc5" duration="29.957218ms"
2025-01-30 18:13:08,694 INFO c.h.h.t.HelmChartContainer - [K3S] [replica_set.go:679] "Finished syncing" kind="ReplicaSet" key="kube-system/coredns-ff8999cc5" duration="35.285µs"
2025-01-30 18:13:08,700 INFO c.h.h.t.HelmChartContainer - [K3S] [replica_set.go:679] "Finished syncing" kind="ReplicaSet" key="kube-system/local-path-provisioner-698b58967b" duration="29.966µs"
2025-01-30 18:13:08,718 INFO c.h.h.t.HelmChartContainer - [K3S] [reconciler_common.go:251] "operationExecutor.VerifyControllerAttachedVolume started for volume \"kube-api-access-wlzqk\" (UniqueName: \"kubernetes.io/projected/be5db313-012b-4d92-a7e5-d08b1ac1a155-kube-api-access-wlzqk\") pod \"coredns-ff8999cc5-5ndxn\" (UID: \"be5db313-012b-4d92-a7e5-d08b1ac1a155\") " pod="kube-system/coredns-ff8999cc5-5ndxn"
2025-01-30 18:13:08,719 INFO c.h.h.t.HelmChartContainer - [K3S] [reconciler_common.go:251] "operationExecutor.VerifyControllerAttachedVolume started for volume \"config-volume\" (UniqueName: \"kubernetes.io/configmap/f87ac2ef-9cd4-4f20-a534-7a6b9a45e347-config-volume\") pod \"local-path-provisioner-698b58967b-dpphv\" (UID: \"f87ac2ef-9cd4-4f20-a534-7a6b9a45e347\") " pod="kube-system/local-path-provisioner-698b58967b-dpphv"
2025-01-30 18:13:08,719 INFO c.h.h.t.HelmChartContainer - [K3S] [reconciler_common.go:251] "operationExecutor.VerifyControllerAttachedVolume started for volume \"kube-api-access-hjln7\" (UniqueName: \"kubernetes.io/projected/f87ac2ef-9cd4-4f20-a534-7a6b9a45e347-kube-api-access-hjln7\") pod \"local-path-provisioner-698b58967b-dpphv\" (UID: \"f87ac2ef-9cd4-4f20-a534-7a6b9a45e347\") " pod="kube-system/local-path-provisioner-698b58967b-dpphv"
2025-01-30 18:13:08,719 INFO c.h.h.t.HelmChartContainer - [K3S] [reconciler_common.go:251] "operationExecutor.VerifyControllerAttachedVolume started for volume \"tmp-dir\" (UniqueName: \"kubernetes.io/empty-dir/ce02d137-351d-49bc-9573-f4f7ef5905c9-tmp-dir\") pod \"metrics-server-8584b5786c-pqxkv\" (UID: \"ce02d137-351d-49bc-9573-f4f7ef5905c9\") " pod="kube-system/metrics-server-8584b5786c-pqxkv"
2025-01-30 18:13:08,720 INFO c.h.h.t.HelmChartContainer - [K3S] [reconciler_common.go:251] "operationExecutor.VerifyControllerAttachedVolume started for volume \"kube-api-access-nzqt9\" (UniqueName: \"kubernetes.io/projected/ce02d137-351d-49bc-9573-f4f7ef5905c9-kube-api-access-nzqt9\") pod \"metrics-server-8584b5786c-pqxkv\" (UID: \"ce02d137-351d-49bc-9573-f4f7ef5905c9\") " pod="kube-system/metrics-server-8584b5786c-pqxkv"
2025-01-30 18:13:08,721 INFO c.h.h.t.HelmChartContainer - [K3S] [reconciler_common.go:251] "operationExecutor.VerifyControllerAttachedVolume started for volume \"config-volume\" (UniqueName: \"kubernetes.io/configmap/be5db313-012b-4d92-a7e5-d08b1ac1a155-config-volume\") pod \"coredns-ff8999cc5-5ndxn\" (UID: \"be5db313-012b-4d92-a7e5-d08b1ac1a155\") " pod="kube-system/coredns-ff8999cc5-5ndxn"
2025-01-30 18:13:08,721 INFO c.h.h.t.HelmChartContainer - [K3S] [reconciler_common.go:251] "operationExecutor.VerifyControllerAttachedVolume started for volume \"custom-config-volume\" (UniqueName: \"kubernetes.io/configmap/be5db313-012b-4d92-a7e5-d08b1ac1a155-custom-config-volume\") pod \"coredns-ff8999cc5-5ndxn\" (UID: \"be5db313-012b-4d92-a7e5-d08b1ac1a155\") " pod="kube-system/coredns-ff8999cc5-5ndxn"
2025-01-30 18:13:08,764 INFO c.h.h.t.HelmChartContainer - [K3S] [kube.go:146] Node controller sync successful
2025-01-30 18:13:08,765 INFO c.h.h.t.HelmChartContainer - [K3S] [vxlan.go:141] VXLAN config: VNI=1 Port=0 GBP=false Learning=false DirectRouting=false
2025-01-30 18:13:08,767 INFO c.h.h.t.HelmChartContainer - [K3S] [kube.go:636] List of node(0019a1e396a2) annotations: map[string]string{"alpha.kubernetes.io/provided-node-ip":"172.18.0.2", "k3s.io/hostname":"0019a1e396a2", "k3s.io/internal-ip":"172.18.0.2", "k3s.io/node-args":"[\"server\",\"--etcd-arg\",\"unsafe-no-fsync\",\"--etcd-arg\",\"snapshot-count=10000\",\"--etcd-arg\",\"auto-compaction-mode=revision\",\"--etcd-arg\",\"auto-compaction-retention=1000000\",\"--kube-apiserver-arg\",\"etcd-compaction-interval=0s\",\"--disable\",\"traefik\",\"--tls-san\",\"localhost\"]", "k3s.io/node-config-hash":"2QNNT5M5XUBFOLO5XPGEVGOM5UDLHHTIVMSRUPAUHE5DU3HUYQUQ====", "k3s.io/node-env":"{}", "node.alpha.kubernetes.io/ttl":"0", "volumes.kubernetes.io/controller-managed-attach-detach":"true"}
2025-01-30 18:13:08,772 INFO c.h.h.t.HelmChartContainer - [K3S] [kube.go:490] Creating the node lease for IPv4. This is the n.Spec.PodCIDRs: [10.42.0.0/24]
2025-01-30 18:13:08,772 INFO c.h.h.t.HelmChartContainer - [K3S] [iptables.go:51] Starting flannel in iptables mode...
2025-01-30 18:13:08,772 INFO c.h.h.t.HelmChartContainer - [K3S] [WARNING] no subnet found for key: FLANNEL_NETWORK in file: /run/flannel/subnet.env
2025-01-30 18:13:08,773 INFO c.h.h.t.HelmChartContainer - [K3S] [WARNING] no subnet found for key: FLANNEL_SUBNET in file: /run/flannel/subnet.env
2025-01-30 18:13:08,773 INFO c.h.h.t.HelmChartContainer - [K3S] [WARNING] no subnet found for key: FLANNEL_IPV6_NETWORK in file: /run/flannel/subnet.env
2025-01-30 18:13:08,773 INFO c.h.h.t.HelmChartContainer - [K3S] [WARNING] no subnet found for key: FLANNEL_IPV6_SUBNET in file: /run/flannel/subnet.env
2025-01-30 18:13:08,773 INFO c.h.h.t.HelmChartContainer - [K3S] [iptables.go:115] Current network or subnet (10.42.0.0/16, 10.42.0.0/24) is not equal to previous one (0.0.0.0/0, 0.0.0.0/0), trying to recycle old iptables rules
2025-01-30 18:13:08,773 INFO c.h.h.t.HelmChartContainer - [K3S] [range_allocator.go:247] "Successfully synced" key="0019a1e396a2"
2025-01-30 18:13:08,779 INFO c.h.h.t.HelmChartContainer - [K3S] [iptables.go:125] Setting up masking rules
2025-01-30 18:13:08,782 INFO c.h.h.t.HelmChartContainer - [K3S] [iptables.go:226] Changing default FORWARD chain policy to ACCEPT
2025-01-30 18:13:08,784 INFO c.h.h.t.HelmChartContainer - [K3S] [INFO] Wrote flannel subnet file to /run/flannel/subnet.env
2025-01-30 18:13:08,784 INFO c.h.h.t.HelmChartContainer - [K3S] [INFO] Running flannel backend.
2025-01-30 18:13:08,784 INFO c.h.h.t.HelmChartContainer - [K3S] [vxlan_network.go:65] watching for new subnet leases
2025-01-30 18:13:08,799 INFO c.h.h.t.HelmChartContainer - [K3S] [iptables.go:372] bootstrap done
2025-01-30 18:13:08,807 INFO c.h.h.t.HelmChartContainer - [K3S] [iptables.go:372] bootstrap done
2025-01-30 18:13:09,314 INFO c.h.h.t.HelmChartContainer - [K3S] [handler_proxy.go:99] no RequestInfo found in the context
2025-01-30 18:13:09,315 INFO c.h.h.t.HelmChartContainer - [K3S] [handler_proxy.go:99] no RequestInfo found in the context
2025-01-30 18:13:09,315 INFO c.h.h.t.HelmChartContainer - [K3S] [controller.go:102] "Unhandled Error" err=<
2025-01-30 18:13:09,315 INFO c.h.h.t.HelmChartContainer - [K3S] 	, Header: map[Content-Type:[text/plain; charset=utf-8] X-Content-Type-Options:[nosniff]]
2025-01-30 18:13:09,315 INFO c.h.h.t.HelmChartContainer - [K3S]  >
2025-01-30 18:13:12,025 DEBUG c.h.h.t.HelmChartContainer - Image file loaded 'hivemq-platform-operator.tar'
2025-01-30 18:13:12,549 INFO c.h.h.t.HelmChartContainer - [K3S] [kuberuntime_manager.go:1702] "Updating runtime config through cri with podcidr" CIDR="10.42.0.0/24"
2025-01-30 18:13:12,550 INFO c.h.h.t.HelmChartContainer - [K3S] [kubelet_network.go:61] "Updating Pod CIDR" originalPodCIDR="" newPodCIDR="10.42.0.0/24"
2025-01-30 18:13:12,559 INFO c.h.h.t.HelmChartContainer - [K3S] [range_allocator.go:247] "Successfully synced" key="0019a1e396a2"
2025-01-30 18:13:12,658 DEBUG c.h.h.t.HelmChartContainer - Image file loaded 'hivemq-platform-operator-init.tar'
2025-01-30 18:13:14,203 INFO c.h.h.t.HelmChartContainer - [K3S] [replica_set.go:679] "Finished syncing" kind="ReplicaSet" key="kube-system/metrics-server-8584b5786c" duration="36.499µs"
2025-01-30 18:13:14,224 INFO c.h.h.t.HelmChartContainer - [K3S] [replica_set.go:679] "Finished syncing" kind="ReplicaSet" key="kube-system/local-path-provisioner-698b58967b" duration="7.082263ms"
2025-01-30 18:13:14,224 INFO c.h.h.t.HelmChartContainer - [K3S] [replica_set.go:679] "Finished syncing" kind="ReplicaSet" key="kube-system/local-path-provisioner-698b58967b" duration="29.946µs"
2025-01-30 18:13:14,254 INFO c.h.h.t.HelmChartContainer - [K3S] [replica_set.go:679] "Finished syncing" kind="ReplicaSet" key="kube-system/coredns-ff8999cc5" duration="21.689909ms"
2025-01-30 18:13:14,255 INFO c.h.h.t.HelmChartContainer - [K3S] [replica_set.go:679] "Finished syncing" kind="ReplicaSet" key="kube-system/coredns-ff8999cc5" duration="914.343µs"
2025-01-30 18:13:18,953 DEBUG c.h.h.t.HelmChartContainer - Image file loaded 'hivemq-platform.tar'
2025-01-30 18:13:18,953 DEBUG c.h.h.t.HelmChartContainer - Successful Helm chart Container startup
2025-01-30 18:13:18,966 INFO t.localhost/testcontainers/vqgddyrnt6h9dvf9:latest - Container localhost/testcontainers/vqgddyrnt6h9dvf9:latest started in PT21.946784618S
2025-01-30 18:13:18,974 DEBUG c.h.h.t.HelmChartContainer - Executing helm command: /bin/helm --kubeconfig /etc/rancher/k3s/k3s.yaml repo add hivemq https://hivemq.github.io/helm-charts
2025-01-30 18:13:20,315 INFO c.h.h.t.HelmChartContainer - Saved kubeconfig file on /tmp/kubeconfig-6731875727366365836.yaml
2025-01-30 18:13:20,315 INFO c.h.h.t.HelmChartContainer - HelmChartContainer is started
2025-01-30 18:13:20,316 INFO c.h.h.t.HelmChartContainer - [EVENT] Normal [Starting] Starting kubelet. [null:0019a1e396a2]
2025-01-30 18:13:20,319 INFO c.h.h.t.HelmChartContainer - [EVENT] Warning [InvalidDiskCapacity] invalid capacity 0 on image filesystem [null:0019a1e396a2]
2025-01-30 18:13:20,320 INFO c.h.h.t.HelmChartContainer - [EVENT] Normal [NodeHasSufficientMemory] Node 0019a1e396a2 status is now: NodeHasSufficientMemory [null:0019a1e396a2]
2025-01-30 18:13:20,320 INFO c.h.h.t.HelmChartContainer - [EVENT] Normal [NodeHasNoDiskPressure] Node 0019a1e396a2 status is now: NodeHasNoDiskPressure [null:0019a1e396a2]
2025-01-30 18:13:20,320 INFO c.h.h.t.HelmChartContainer - [EVENT] Normal [NodeHasSufficientPID] Node 0019a1e396a2 status is now: NodeHasSufficientPID [null:0019a1e396a2]
2025-01-30 18:13:20,320 INFO c.h.h.t.HelmChartContainer - [EVENT] Normal [NodeAllocatableEnforced] Updated Node Allocatable limit across pods [null:0019a1e396a2]
2025-01-30 18:13:20,321 INFO c.h.h.t.HelmChartContainer - [EVENT] Normal [NodeReady] Node 0019a1e396a2 status is now: NodeReady [null:0019a1e396a2]
2025-01-30 18:13:20,322 INFO c.h.h.t.HelmChartContainer - [EVENT] Normal [NodePasswordValidationComplete] Deferred node password secret validation complete [null:0019a1e396a2]
2025-01-30 18:13:20,323 INFO c.h.h.t.HelmChartContainer - [EVENT] Normal [Synced] Node synced successfully [null:0019a1e396a2]
2025-01-30 18:13:20,324 INFO c.h.h.t.HelmChartContainer - [EVENT] Normal [RegisteredNode] Node 0019a1e396a2 event: Registered Node 0019a1e396a2 in Controller [null:0019a1e396a2]
]]></system-out>
  <system-err><![CDATA[]]></system-err>
</testsuite>
