<?xml version="1.0" encoding="UTF-8"?>
<testsuite name="com.hivemq.helmcharts.extensions.HelmCustomExtensionIT" tests="3" skipped="0" failures="0" errors="0" timestamp="2025-01-30T04:01:31" hostname="fv-az1440-86" time="320.536">
  <properties/>
  <testcase name="platformChart_whenCustomExtensionIsConfigured_withHttpBasicAuth_thenStartsUpSuccessfully()" classname="com.hivemq.helmcharts.extensions.HelmCustomExtensionIT" time="108.772">
    <system-out><![CDATA[2025-01-30 04:01:31,068 INFO c.h.h.t.HelmChartContainer - Creating namespace 'helmcustomextensionit-operator'...
2025-01-30 04:01:31,078 INFO c.h.h.t.HelmChartContainer - Namespace 'helmcustomextensionit-operator' created
2025-01-30 04:01:31,078 INFO c.h.h.t.HelmChartContainer - Creating namespace 'helmcustomextensionit'...
2025-01-30 04:01:31,176 INFO c.h.h.t.HelmChartContainer - Namespace 'helmcustomextensionit' created
2025-01-30 04:01:31,237 DEBUG c.h.h.t.HelmChartContainer - Executing helm command: /bin/helm --kubeconfig /etc/rancher/k3s/k3s.yaml install test-hivemq-platform-operator /charts/hivemq-platform-operator --wait --timeout 5m0s --set image.repository=docker.io/hivemq --set image.name=hivemq-platform-operator-test --set image.initImageName=hivemq-platform-operator-init-test --set image.tag=snapshot --set image.pullPolicy=Never --set logLevel=DEBUG --set resources.cpu=512m --namespace helmcustomextensionit-operator
2025-01-30 04:01:31,527 INFO c.h.h.t.HelmChartContainer - [K3S] [alloc.go:330] "allocated clusterIPs" service="helmcustomextensionit-operator/hivemq-platform-operator-test-hivemq-platform-operator" clusterIPs={"IPv4":"10.43.187.145"}
2025-01-30 04:01:31,542 INFO c.h.h.t.HelmChartContainer - [EVENT] Normal [ScalingReplicaSet] Scaled up replica set hivemq-test-hivemq-platform-operator-6966f96d65 from 0 to 1 [helmcustomextensionit-operator:hivemq-test-hivemq-platform-operator]
2025-01-30 04:01:31,548 INFO c.h.h.t.HelmChartContainer - [POD] hivemq-test-hivemq-platform-operator-6966f96d65-cqzbs [270c128d-e147-4b32-aae1-a33269eb7cb8] in helmcustomextensionit-operator was ADDED
2025-01-30 04:01:31,549 INFO c.h.h.t.HelmChartContainer - [EVENT] Normal [SuccessfulCreate] Created pod: hivemq-test-hivemq-platform-operator-6966f96d65-cqzbs [helmcustomextensionit-operator:hivemq-test-hivemq-platform-operator-6966f96d65]
2025-01-30 04:01:31,553 INFO c.h.h.t.HelmChartContainer - [K3S] [memory_manager.go:355] "RemoveStaleState removing state" podUID="a8f065b4-2fa9-45fa-92fa-9ca9c8c78032" containerName="hivemq-platform-operator"
2025-01-30 04:01:31,553 INFO c.h.h.t.HelmChartContainer - [K3S] [memory_manager.go:355] "RemoveStaleState removing state" podUID="9271b21c-9ef3-43ab-af56-5505727c6660" containerName="consul-template-container"
2025-01-30 04:01:31,553 INFO c.h.h.t.HelmChartContainer - [K3S] [memory_manager.go:355] "RemoveStaleState removing state" podUID="9271b21c-9ef3-43ab-af56-5505727c6660" containerName="hivemq"
2025-01-30 04:01:31,555 INFO c.h.h.t.HelmChartContainer - [POD] hivemq-test-hivemq-platform-operator-6966f96d65-cqzbs [270c128d-e147-4b32-aae1-a33269eb7cb8] in helmcustomextensionit-operator was MODIFIED
2025-01-30 04:01:31,556 INFO c.h.h.t.HelmChartContainer - [K3S] [replica_set.go:679] "Finished syncing" kind="ReplicaSet" key="helmcustomextensionit-operator/hivemq-test-hivemq-platform-operator-6966f96d65" duration="18.596361ms"
2025-01-30 04:01:31,558 INFO c.h.h.t.HelmChartContainer - [EVENT] Normal [Scheduled] Successfully assigned helmcustomextensionit-operator/hivemq-test-hivemq-platform-operator-6966f96d65-cqzbs to 19066f879d23 [helmcustomextensionit-operator:hivemq-test-hivemq-platform-operator-6966f96d65-cqzbs]
2025-01-30 04:01:31,562 INFO c.h.h.t.HelmChartContainer - [K3S] [replica_set.go:679] "Finished syncing" kind="ReplicaSet" key="helmcustomextensionit-operator/hivemq-test-hivemq-platform-operator-6966f96d65" duration="6.810474ms"
2025-01-30 04:01:31,562 INFO c.h.h.t.HelmChartContainer - [K3S] [replica_set.go:679] "Finished syncing" kind="ReplicaSet" key="helmcustomextensionit-operator/hivemq-test-hivemq-platform-operator-6966f96d65" duration="34.314µs"
2025-01-30 04:01:31,569 INFO c.h.h.t.HelmChartContainer - [K3S] [replica_set.go:679] "Finished syncing" kind="ReplicaSet" key="helmcustomextensionit-operator/hivemq-test-hivemq-platform-operator-6966f96d65" duration="21.561µs"
2025-01-30 04:01:31,570 INFO c.h.h.t.HelmChartContainer - [POD] hivemq-test-hivemq-platform-operator-6966f96d65-cqzbs [270c128d-e147-4b32-aae1-a33269eb7cb8] in helmcustomextensionit-operator was MODIFIED
2025-01-30 04:01:31,626 INFO c.h.h.t.HelmChartContainer - [K3S] [reconciler_common.go:251] "operationExecutor.VerifyControllerAttachedVolume started for volume \"kube-api-access-2h7cs\" (UniqueName: \"kubernetes.io/projected/270c128d-e147-4b32-aae1-a33269eb7cb8-kube-api-access-2h7cs\") pod \"hivemq-test-hivemq-platform-operator-6966f96d65-cqzbs\" (UID: \"270c128d-e147-4b32-aae1-a33269eb7cb8\") " pod="helmcustomextensionit-operator/hivemq-test-hivemq-platform-operator-6966f96d65-cqzbs"
2025-01-30 04:01:31,950 INFO c.h.h.t.HelmChartContainer - [EVENT] Normal [Pulled] Container image "docker.io/hivemq/hivemq-platform-operator-test:snapshot" already present on machine [helmcustomextensionit-operator:hivemq-test-hivemq-platform-operator-6966f96d65-cqzbs]
2025-01-30 04:01:31,950 INFO c.h.h.t.HelmChartContainer - Received Pulled event for container hivemq-platform-operator in pod hivemq-test-hivemq-platform-operator-6966f96d65-cqzbs [270c128d-e147-4b32-aae1-a33269eb7cb8]
2025-01-30 04:01:33,222 INFO c.h.h.t.HelmChartContainer - [EVENT] Normal [Created] Created container: hivemq-platform-operator [helmcustomextensionit-operator:hivemq-test-hivemq-platform-operator-6966f96d65-cqzbs]
2025-01-30 04:01:33,222 INFO c.h.h.t.HelmChartContainer - Received Created event for container hivemq-platform-operator in pod hivemq-test-hivemq-platform-operator-6966f96d65-cqzbs [270c128d-e147-4b32-aae1-a33269eb7cb8]
2025-01-30 04:01:34,262 INFO c.h.h.t.HelmChartContainer - [K3S] [replica_set.go:679] "Finished syncing" kind="ReplicaSet" key="helmcustomextensionit-operator/hivemq-test-hivemq-platform-operator-6966f96d65" duration="43.872µs"
2025-01-30 04:01:34,272 INFO c.h.h.t.HelmChartContainer - [POD] hivemq-test-hivemq-platform-operator-6966f96d65-cqzbs [270c128d-e147-4b32-aae1-a33269eb7cb8] in helmcustomextensionit-operator was MODIFIED
2025-01-30 04:01:34,280 INFO c.h.h.t.HelmChartContainer - Started log watcher for hivemq-platform-operator in pod hivemq-test-hivemq-platform-operator-6966f96d65-cqzbs [270c128d-e147-4b32-aae1-a33269eb7cb8]
2025-01-30 04:01:34,281 INFO c.h.h.t.HelmChartContainer - [hivemq-test-hivemq-platform] [hivemq-platform-operator] [270c128d] -------------------------------------------------------------------------
2025-01-30 04:01:34,281 INFO c.h.h.t.HelmChartContainer - [hivemq-test-hivemq-platform] [hivemq-platform-operator] [270c128d] 
2025-01-30 04:01:34,281 INFO c.h.h.t.HelmChartContainer - [hivemq-test-hivemq-platform] [hivemq-platform-operator] [270c128d]                   _    _  _              __  __   ____
2025-01-30 04:01:34,281 INFO c.h.h.t.HelmChartContainer - [hivemq-test-hivemq-platform] [hivemq-platform-operator] [270c128d]                  | |  | |(_)            |  \/  | / __ \
2025-01-30 04:01:34,281 INFO c.h.h.t.HelmChartContainer - [hivemq-test-hivemq-platform] [hivemq-platform-operator] [270c128d]                  | |__| | _ __   __ ___ | \  / || |  | |
2025-01-30 04:01:34,281 INFO c.h.h.t.HelmChartContainer - [hivemq-test-hivemq-platform] [hivemq-platform-operator] [270c128d]                  |  __  || |\ \ / // _ \| |\/| || |  | |
2025-01-30 04:01:34,281 INFO c.h.h.t.HelmChartContainer - [hivemq-test-hivemq-platform] [hivemq-platform-operator] [270c128d]                  | |  | || | \ V /|  __/| |  | || |__| |
2025-01-30 04:01:34,281 INFO c.h.h.t.HelmChartContainer - [hivemq-test-hivemq-platform] [hivemq-platform-operator] [270c128d]                  |_|  |_||_|  \_/  \___||_|  |_| \___\_\
2025-01-30 04:01:34,281 INFO c.h.h.t.HelmChartContainer - [hivemq-test-hivemq-platform] [hivemq-platform-operator] [270c128d] 
2025-01-30 04:01:34,281 INFO c.h.h.t.HelmChartContainer - [hivemq-test-hivemq-platform] [hivemq-platform-operator] [270c128d] -------------------------------------------------------------------------
2025-01-30 04:01:34,281 INFO c.h.h.t.HelmChartContainer - [hivemq-test-hivemq-platform] [hivemq-platform-operator] [270c128d] 
2025-01-30 04:01:34,281 INFO c.h.h.t.HelmChartContainer - [hivemq-test-hivemq-platform] [hivemq-platform-operator] [270c128d]   HiveMQ Platform Operator Start Script v1.0
2025-01-30 04:01:34,281 INFO c.h.h.t.HelmChartContainer - [hivemq-test-hivemq-platform] [hivemq-platform-operator] [270c128d] 
2025-01-30 04:01:34,281 INFO c.h.h.t.HelmChartContainer - [hivemq-test-hivemq-platform] [hivemq-platform-operator] [270c128d] -------------------------------------------------------------------------
2025-01-30 04:01:34,281 INFO c.h.h.t.HelmChartContainer - [hivemq-test-hivemq-platform] [hivemq-platform-operator] [270c128d] 
2025-01-30 04:01:34,281 INFO c.h.h.t.HelmChartContainer - [hivemq-test-hivemq-platform] [hivemq-platform-operator] [270c128d]   JAVA_OPTS: -XX:+UnlockExperimentalVMOptions -XX:InitialRAMPercentage=75 -XX:MaxRAMPercentage=75 -Duser.language=en -Duser.region=US
2025-01-30 04:01:34,281 INFO c.h.h.t.HelmChartContainer - [hivemq-test-hivemq-platform] [hivemq-platform-operator] [270c128d] 
2025-01-30 04:01:34,281 INFO c.h.h.t.HelmChartContainer - [hivemq-test-hivemq-platform] [hivemq-platform-operator] [270c128d]   JAVA_VERSION: 21
2025-01-30 04:01:34,281 INFO c.h.h.t.HelmChartContainer - [hivemq-test-hivemq-platform] [hivemq-platform-operator] [270c128d] 
2025-01-30 04:01:34,281 INFO c.h.h.t.HelmChartContainer - [hivemq-test-hivemq-platform] [hivemq-platform-operator] [270c128d] -------------------------------------------------------------------------
2025-01-30 04:01:34,281 INFO c.h.h.t.HelmChartContainer - [hivemq-test-hivemq-platform] [hivemq-platform-operator] [270c128d] 
2025-01-30 04:01:34,281 INFO c.h.h.t.HelmChartContainer - [EVENT] Normal [Started] Started container hivemq-platform-operator [helmcustomextensionit-operator:hivemq-test-hivemq-platform-operator-6966f96d65-cqzbs]
2025-01-30 04:01:34,282 INFO c.h.h.t.HelmChartContainer - Received Started event for container hivemq-platform-operator in pod hivemq-test-hivemq-platform-operator-6966f96d65-cqzbs [270c128d-e147-4b32-aae1-a33269eb7cb8]
2025-01-30 04:01:36,577 INFO c.h.h.t.HelmChartContainer - [hivemq-test-hivemq-platform] [hivemq-platform-operator] [270c128d] 04:01:36.574 [main] DEBUG org.jboss.logging - Logging Provider: org.jboss.logging.Slf4jLoggerProvider
2025-01-30 04:01:36,680 INFO c.h.h.t.HelmChartContainer - [hivemq-test-hivemq-platform] [hivemq-platform-operator] [270c128d] 04:01:36.679 [main] DEBUG io.smallrye.config - SRCFG01006: Loaded ConfigSource SysPropConfigSource with ordinal 400
2025-01-30 04:01:36,680 INFO c.h.h.t.HelmChartContainer - [hivemq-test-hivemq-platform] [hivemq-platform-operator] [270c128d] 04:01:36.679 [main] DEBUG io.smallrye.config - SRCFG01006: Loaded ConfigSource EnvConfigSource with ordinal 300
2025-01-30 04:01:36,760 INFO c.h.h.t.HelmChartContainer - [hivemq-test-hivemq-platform] [hivemq-platform-operator] [270c128d] 04:01:36.759 [main] DEBUG io.smallrye.config - SRCFG01006: Loaded ConfigSource PropertiesConfigSource[source=jar:file:///opt/hivemq-platform-operator/bin/hivemq-platform-operator.jar!/hivemq-platform-operator.properties] with ordinal 100
2025-01-30 04:01:36,760 INFO c.h.h.t.HelmChartContainer - [hivemq-test-hivemq-platform] [hivemq-platform-operator] [270c128d] 04:01:36.759 [main] DEBUG io.smallrye.config - SRCFG01006: Loaded ConfigSource DefaultValuesConfigSource with ordinal -2147483648
2025-01-30 04:01:36,860 INFO c.h.h.t.HelmChartContainer - [hivemq-test-hivemq-platform] [hivemq-platform-operator] [270c128d] 04:01:36.859 [main] DEBUG i.m.c.u.i.l.InternalLoggerFactory - Using SLF4J as the default logging framework
2025-01-30 04:01:36,974 INFO c.h.h.t.HelmChartContainer - [hivemq-test-hivemq-platform] [hivemq-platform-operator] [270c128d] 04:01:36.967 [main] INFO  c.h.p.o.HiveMQPlatformOperatorApplication - HiveMQ Platform Operator 1.7.0-SNAPSHOT (commit: 47e3375 on branch: HEAD) built on Thu Jan 30 03:55:50 UTC 2025
2025-01-30 04:01:36,975 INFO c.h.h.t.HelmChartContainer - [hivemq-test-hivemq-platform] [hivemq-platform-operator] [270c128d] 04:01:36.973 [main] INFO  c.h.p.o.HiveMQPlatformOperatorApplication - HiveMQ Platform Operator is running in namespace: helmcustomextensionit-operator
2025-01-30 04:01:36,975 INFO c.h.h.t.HelmChartContainer - [hivemq-test-hivemq-platform] [hivemq-platform-operator] [270c128d] 04:01:36.973 [main] INFO  c.h.p.o.HiveMQPlatformOperatorApplication - Watching all namespaces
2025-01-30 04:01:36,976 INFO c.h.h.t.HelmChartContainer - [hivemq-test-hivemq-platform] [hivemq-platform-operator] [270c128d] 04:01:36.973 [main] INFO  c.h.p.o.HiveMQPlatformOperatorApplication - Log level: DEBUG
2025-01-30 04:01:36,976 INFO c.h.h.t.HelmChartContainer - [hivemq-test-hivemq-platform] [hivemq-platform-operator] [270c128d] 04:01:36.973 [main] INFO  c.h.p.o.HiveMQPlatformOperatorApplication - Release name: test-hivemq-platform-operator
2025-01-30 04:01:36,976 INFO c.h.h.t.HelmChartContainer - [hivemq-test-hivemq-platform] [hivemq-platform-operator] [270c128d] 04:01:36.973 [main] INFO  c.h.p.o.HiveMQPlatformOperatorApplication - HiveMQ Platform Operator Init image: docker.io/hivemq/hivemq-platform-operator-init-test:snapshot
2025-01-30 04:01:36,976 INFO c.h.h.t.HelmChartContainer - [hivemq-test-hivemq-platform] [hivemq-platform-operator] [270c128d] 04:01:36.973 [main] INFO  c.h.p.o.HiveMQPlatformOperatorApplication - HiveMQ Platform Operator Init App update URL: http://hivemq-platform-operator-test-hivemq-platform-operator.helmcustomextensionit-operator.svc:8080/initAppUpdate/hivemq-platform-operator-init-app-1.7.0-SNAPSHOT.jar
2025-01-30 04:01:36,976 INFO c.h.h.t.HelmChartContainer - [hivemq-test-hivemq-platform] [hivemq-platform-operator] [270c128d] 04:01:36.973 [main] INFO  c.h.p.o.HiveMQPlatformOperatorApplication - Additional imagePullSecret for all Platform deployments: none
2025-01-30 04:01:36,976 INFO c.h.h.t.HelmChartContainer - [hivemq-test-hivemq-platform] [hivemq-platform-operator] [270c128d] 04:01:36.973 [main] INFO  c.h.p.o.HiveMQPlatformOperatorApplication - Apply HiveMQ Platform CRD: true
2025-01-30 04:01:36,976 INFO c.h.h.t.HelmChartContainer - [hivemq-test-hivemq-platform] [hivemq-platform-operator] [270c128d] 04:01:36.973 [main] INFO  c.h.p.o.HiveMQPlatformOperatorApplication - Create Platform ServiceAccount: true
2025-01-30 04:01:36,976 INFO c.h.h.t.HelmChartContainer - [hivemq-test-hivemq-platform] [hivemq-platform-operator] [270c128d] 04:01:36.974 [main] INFO  c.h.p.o.HiveMQPlatformOperatorApplication - Create Platform ServiceAccount permissions: true
2025-01-30 04:01:36,976 INFO c.h.h.t.HelmChartContainer - [hivemq-test-hivemq-platform] [hivemq-platform-operator] [270c128d] 04:01:36.974 [main] INFO  c.h.p.o.HiveMQPlatformOperatorApplication - Validate Platform ServiceAccount: true
2025-01-30 04:01:36,976 INFO c.h.h.t.HelmChartContainer - [hivemq-test-hivemq-platform] [hivemq-platform-operator] [270c128d] 04:01:36.974 [main] INFO  c.h.p.o.HiveMQPlatformOperatorApplication - Validate Platform ServiceAccount permissions: true
2025-01-30 04:01:37,169 INFO c.h.h.t.HelmChartContainer - [hivemq-test-hivemq-platform] [hivemq-platform-operator] [270c128d] 04:01:37.167 [main] INFO  c.h.platform.operator.util.CRDUtil - Verifying deployed HiveMQ Platform CRD...
2025-01-30 04:01:39,566 INFO c.h.h.t.HelmChartContainer - [hivemq-test-hivemq-platform] [hivemq-platform-operator] [270c128d] 04:01:39.565 [main] DEBUG c.h.platform.operator.util.CRDUtil - HiveMQ Platform CRD version v1 is up to date
2025-01-30 04:01:39,566 INFO c.h.h.t.HelmChartContainer - [hivemq-test-hivemq-platform] [hivemq-platform-operator] [270c128d] 04:01:39.565 [main] INFO  c.h.platform.operator.util.CRDUtil - HiveMQ Platform CRD is up to date (version: V1_6_0)
2025-01-30 04:01:39,568 INFO c.h.h.t.HelmChartContainer - [hivemq-test-hivemq-platform] [hivemq-platform-operator] [270c128d] 04:01:39.565 [main] INFO  c.h.platform.operator.util.CRDUtil - Waiting 10000 ms for HiveMQ Platform CRD 'hivemq-platforms.hivemq.com' to become ready...
2025-01-30 04:01:39,867 INFO c.h.h.t.HelmChartContainer - [hivemq-test-hivemq-platform] [hivemq-platform-operator] [270c128d] 04:01:39.866 [vert.x-eventloop-thread-1] DEBUG c.h.platform.operator.util.CRDUtil - Checking CRD condition 'NamesAccepted' (status: 'True')
2025-01-30 04:01:39,869 INFO c.h.h.t.HelmChartContainer - [hivemq-test-hivemq-platform] [hivemq-platform-operator] [270c128d] 04:01:39.866 [vert.x-eventloop-thread-1] DEBUG c.h.platform.operator.util.CRDUtil - Checking CRD condition 'Established' (status: 'True')
2025-01-30 04:01:39,870 INFO c.h.h.t.HelmChartContainer - [hivemq-test-hivemq-platform] [hivemq-platform-operator] [270c128d] 04:01:39.867 [main] INFO  c.h.platform.operator.util.CRDUtil - HiveMQ Platform CRD 'hivemq-platforms.hivemq.com' is ready
2025-01-30 04:01:39,988 INFO c.h.h.t.HelmChartContainer - [hivemq-test-hivemq-platform] [hivemq-platform-operator] [270c128d] 04:01:39.988 [main] INFO  c.h.p.o.HiveMQPlatformReconciler - HiveMQ Platform Operator is starting...
2025-01-30 04:01:40,090 INFO c.h.h.t.HelmChartContainer - [hivemq-test-hivemq-platform] [hivemq-platform-operator] [270c128d] 04:01:40.089 [main] WARN  Default ConfigurationService implementation - Configuration for reconciler 'hivemq-controller' was not found. Known reconcilers: None.
2025-01-30 04:01:40,169 INFO c.h.h.t.HelmChartContainer - [hivemq-test-hivemq-platform] [hivemq-platform-operator] [270c128d] 04:01:40.168 [main] INFO  Default ConfigurationService implementation - Created configuration for reconciler com.hivemq.platform.operator.HiveMQPlatformReconciler with name hivemq-controller
2025-01-30 04:01:40,274 INFO c.h.h.t.HelmChartContainer - [hivemq-test-hivemq-platform] [hivemq-platform-operator] [270c128d] 04:01:40.272 [main] DEBUG c.h.p.o.HiveMQPlatformReconciler - HiveMQ Platform Operator is preparing EventSources
2025-01-30 04:01:40,364 INFO c.h.h.t.HelmChartContainer - [hivemq-test-hivemq-platform] [hivemq-platform-operator] [270c128d] 04:01:40.287 [main] INFO  i.javaoperatorsdk.operator.Operator - Registered reconciler: 'hivemq-controller' for resource: 'class com.hivemq.platform.operator.v1.HiveMQPlatform' for namespace(s): [all namespaces]
2025-01-30 04:01:40,960 INFO c.h.h.t.HelmChartContainer - [hivemq-test-hivemq-platform] [hivemq-platform-operator] [270c128d] 04:01:40.884 [main] INFO  c.h.p.operator.webserver.JettyServer - Starting Jetty server on port 8080
2025-01-30 04:01:40,981 INFO c.h.h.t.HelmChartContainer - [hivemq-test-hivemq-platform] [hivemq-platform-operator] [270c128d] 04:01:40.980 [main] INFO  i.javaoperatorsdk.operator.Operator - Operator SDK 4.9.7 (commit: 2133d28) built on Wed Nov 20 12:56:20 UTC 2024 starting...
2025-01-30 04:01:40,982 INFO c.h.h.t.HelmChartContainer - [hivemq-test-hivemq-platform] [hivemq-platform-operator] [270c128d] 04:01:40.981 [main] INFO  i.javaoperatorsdk.operator.Operator - Client version: 6.13.5
2025-01-30 04:01:40,983 INFO c.h.h.t.HelmChartContainer - [hivemq-test-hivemq-platform] [hivemq-platform-operator] [270c128d] 04:01:40.982 [Controller Starter for: hivemq-controller] INFO  i.j.operator.processing.Controller - Starting 'hivemq-controller' controller for reconciler: com.hivemq.platform.operator.HiveMQPlatformReconciler, resource: com.hivemq.platform.operator.v1.HiveMQPlatform
2025-01-30 04:01:43,374 INFO c.h.h.t.HelmChartContainer - [hivemq-test-hivemq-platform] [hivemq-platform-operator] [270c128d] 04:01:43.373 [Controller Starter for: hivemq-controller] INFO  i.j.operator.processing.Controller - 'hivemq-controller' controller started
2025-01-30 04:01:43,375 INFO c.h.h.t.HelmChartContainer - [hivemq-test-hivemq-platform] [hivemq-platform-operator] [270c128d] 04:01:43.374 [main] INFO  c.h.p.o.HiveMQPlatformOperatorApplication - HiveMQ Platform Operator 1.7.0-SNAPSHOT started in 6406 ms
2025-01-30 04:01:45,273 INFO c.h.h.t.HelmChartContainer - [POD] hivemq-test-hivemq-platform-operator-6966f96d65-cqzbs [270c128d-e147-4b32-aae1-a33269eb7cb8] in helmcustomextensionit-operator was MODIFIED
2025-01-30 04:01:45,280 INFO c.h.h.t.HelmChartContainer - [K3S] [replica_set.go:679] "Finished syncing" kind="ReplicaSet" key="helmcustomextensionit-operator/hivemq-test-hivemq-platform-operator-6966f96d65" duration="11.343665ms"
2025-01-30 04:01:45,280 INFO c.h.h.t.HelmChartContainer - [K3S] [replica_set.go:679] "Finished syncing" kind="ReplicaSet" key="helmcustomextensionit-operator/hivemq-test-hivemq-platform-operator-6966f96d65" duration="45.956µs"
2025-01-30 04:01:45,670 DEBUG c.h.helmcharts.util.HiveMQExtension - Trying to package class 'org.slf4j.Logger' into extension 'hivemq-custom-test-extension'
2025-01-30 04:01:45,675 DEBUG c.h.helmcharts.util.HiveMQExtension - Trying to package class 'com.hivemq.extension.sdk.api.ExtensionMain' into extension 'hivemq-custom-test-extension'
2025-01-30 04:01:45,676 DEBUG c.h.helmcharts.util.HiveMQExtension - Trying to compile class '/home/runner/work/helm-charts/helm-charts/helm-charts/tests-hivemq-platform-operator/src/integrationTest/java/com/hivemq/helmcharts/extensions/custom/CustomTestExtensionMain.java' into extension 'hivemq-custom-test-extension'
2025-01-30 04:01:46,536 DEBUG c.h.helmcharts.util.HiveMQExtension - Trying to package class 'org.slf4j.LoggerFactory' into extension 'hivemq-custom-test-extension'
2025-01-30 04:01:46,604 INFO c.h.h.t.HelmChartContainer - [EVENT] Normal [ScalingReplicaSet] Scaled up replica set nginx-9476f8bf6 from 0 to 1 [helmcustomextensionit:nginx]
2025-01-30 04:01:46,632 INFO c.h.h.t.HelmChartContainer - [K3S] [replica_set.go:679] "Finished syncing" kind="ReplicaSet" key="helmcustomextensionit/nginx-9476f8bf6" duration="29.247434ms"
2025-01-30 04:01:46,635 INFO c.h.h.t.HelmChartContainer - [POD] nginx-9476f8bf6-2t4wt [27035290-d69d-4f26-a6b5-8bd13bd000e3] in helmcustomextensionit was ADDED
2025-01-30 04:01:46,635 INFO c.h.h.t.HelmChartContainer - [EVENT] Normal [SuccessfulCreate] Created pod: nginx-9476f8bf6-2t4wt [helmcustomextensionit:nginx-9476f8bf6]
2025-01-30 04:01:46,643 INFO c.h.h.t.HelmChartContainer - [K3S] [replica_set.go:679] "Finished syncing" kind="ReplicaSet" key="helmcustomextensionit/nginx-9476f8bf6" duration="12.777776ms"
2025-01-30 04:01:46,647 INFO c.h.h.t.HelmChartContainer - [POD] nginx-9476f8bf6-2t4wt [27035290-d69d-4f26-a6b5-8bd13bd000e3] in helmcustomextensionit was MODIFIED
2025-01-30 04:01:46,659 INFO c.h.h.t.HelmChartContainer - [EVENT] Normal [Scheduled] Successfully assigned helmcustomextensionit/nginx-9476f8bf6-2t4wt to 19066f879d23 [helmcustomextensionit:nginx-9476f8bf6-2t4wt]
2025-01-30 04:01:46,664 INFO c.h.h.t.HelmChartContainer - [K3S] [replica_set.go:679] "Finished syncing" kind="ReplicaSet" key="helmcustomextensionit/nginx-9476f8bf6" duration="19.918668ms"
2025-01-30 04:01:46,664 INFO c.h.h.t.HelmChartContainer - [K3S] [replica_set.go:679] "Finished syncing" kind="ReplicaSet" key="helmcustomextensionit/nginx-9476f8bf6" duration="34.174µs"
2025-01-30 04:01:46,664 INFO c.h.h.t.HelmChartContainer - [K3S] [alloc.go:330] "allocated clusterIPs" service="helmcustomextensionit/nginx-service" clusterIPs={"IPv4":"10.43.200.230"}
2025-01-30 04:01:46,667 INFO c.h.h.t.HelmChartContainer - [K3S] [replica_set.go:679] "Finished syncing" kind="ReplicaSet" key="helmcustomextensionit/nginx-9476f8bf6" duration="27.351µs"
2025-01-30 04:01:46,668 INFO c.h.h.t.HelmChartContainer - [POD] nginx-9476f8bf6-2t4wt [27035290-d69d-4f26-a6b5-8bd13bd000e3] in helmcustomextensionit was MODIFIED
2025-01-30 04:01:46,724 INFO c.h.h.t.HelmChartContainer - [K3S] [reconciler_common.go:251] "operationExecutor.VerifyControllerAttachedVolume started for volume \"kube-api-access-zw2lp\" (UniqueName: \"kubernetes.io/projected/27035290-d69d-4f26-a6b5-8bd13bd000e3-kube-api-access-zw2lp\") pod \"nginx-9476f8bf6-2t4wt\" (UID: \"27035290-d69d-4f26-a6b5-8bd13bd000e3\") " pod="helmcustomextensionit/nginx-9476f8bf6-2t4wt"
2025-01-30 04:01:46,724 INFO c.h.h.t.HelmChartContainer - [K3S] [reconciler_common.go:251] "operationExecutor.VerifyControllerAttachedVolume started for volume \"volume-hivemq-custom-test-extension-200\" (UniqueName: \"kubernetes.io/host-path/27035290-d69d-4f26-a6b5-8bd13bd000e3-volume-hivemq-custom-test-extension-200\") pod \"nginx-9476f8bf6-2t4wt\" (UID: \"27035290-d69d-4f26-a6b5-8bd13bd000e3\") " pod="helmcustomextensionit/nginx-9476f8bf6-2t4wt"
2025-01-30 04:01:46,724 INFO c.h.h.t.HelmChartContainer - [K3S] [reconciler_common.go:251] "operationExecutor.VerifyControllerAttachedVolume started for volume \"nginx-htpasswd\" (UniqueName: \"kubernetes.io/host-path/27035290-d69d-4f26-a6b5-8bd13bd000e3-nginx-htpasswd\") pod \"nginx-9476f8bf6-2t4wt\" (UID: \"27035290-d69d-4f26-a6b5-8bd13bd000e3\") " pod="helmcustomextensionit/nginx-9476f8bf6-2t4wt"
2025-01-30 04:01:46,724 INFO c.h.h.t.HelmChartContainer - [K3S] [reconciler_common.go:251] "operationExecutor.VerifyControllerAttachedVolume started for volume \"nginx-basic-auth-conf\" (UniqueName: \"kubernetes.io/host-path/27035290-d69d-4f26-a6b5-8bd13bd000e3-nginx-basic-auth-conf\") pod \"nginx-9476f8bf6-2t4wt\" (UID: \"27035290-d69d-4f26-a6b5-8bd13bd000e3\") " pod="helmcustomextensionit/nginx-9476f8bf6-2t4wt"
2025-01-30 04:01:47,039 INFO c.h.h.t.HelmChartContainer - [EVENT] Normal [Pulling] Pulling image "nginx:1.27.3" [helmcustomextensionit:nginx-9476f8bf6-2t4wt]
2025-01-30 04:01:47,039 INFO c.h.h.t.HelmChartContainer - Received Pulling event for container nginx in pod nginx-9476f8bf6-2t4wt [27035290-d69d-4f26-a6b5-8bd13bd000e3]
2025-01-30 04:01:49,010 INFO c.h.h.t.HelmChartContainer - [EVENT] Normal [Pulled] Successfully pulled image "nginx:1.27.3" in 1.971s (1.971s including waiting). Image size: 72080558 bytes. [helmcustomextensionit:nginx-9476f8bf6-2t4wt]
2025-01-30 04:01:49,010 INFO c.h.h.t.HelmChartContainer - Received Pulled event for container nginx in pod nginx-9476f8bf6-2t4wt [27035290-d69d-4f26-a6b5-8bd13bd000e3]
2025-01-30 04:01:49,022 INFO c.h.h.t.HelmChartContainer - [EVENT] Normal [Created] Created container: nginx [helmcustomextensionit:nginx-9476f8bf6-2t4wt]
2025-01-30 04:01:49,022 INFO c.h.h.t.HelmChartContainer - Received Created event for container nginx in pod nginx-9476f8bf6-2t4wt [27035290-d69d-4f26-a6b5-8bd13bd000e3]
2025-01-30 04:01:49,289 INFO c.h.h.t.HelmChartContainer - [POD] nginx-9476f8bf6-2t4wt [27035290-d69d-4f26-a6b5-8bd13bd000e3] in helmcustomextensionit was MODIFIED
2025-01-30 04:01:49,297 INFO c.h.h.t.HelmChartContainer - [K3S] [replica_set.go:679] "Finished syncing" kind="ReplicaSet" key="helmcustomextensionit/nginx-9476f8bf6" duration="10.514419ms"
2025-01-30 04:01:49,297 INFO c.h.h.t.HelmChartContainer - [K3S] [replica_set.go:679] "Finished syncing" kind="ReplicaSet" key="helmcustomextensionit/nginx-9476f8bf6" duration="39.324µs"
2025-01-30 04:01:49,304 INFO c.h.h.t.HelmChartContainer - [EVENT] Normal [Started] Started container nginx [helmcustomextensionit:nginx-9476f8bf6-2t4wt]
2025-01-30 04:01:49,305 INFO c.h.h.t.HelmChartContainer - Received Started event for container nginx in pod nginx-9476f8bf6-2t4wt [27035290-d69d-4f26-a6b5-8bd13bd000e3]
2025-01-30 04:01:49,305 INFO c.h.h.t.HelmChartContainer - Started log watcher for nginx in pod nginx-9476f8bf6-2t4wt [27035290-d69d-4f26-a6b5-8bd13bd000e3]
2025-01-30 04:01:49,305 INFO c.h.h.t.HelmChartContainer - [nginx-9476f8bf6-2t4w] [nginx] [27035290] /docker-entrypoint.sh: /docker-entrypoint.d/ is not empty, will attempt to perform configuration
2025-01-30 04:01:49,305 INFO c.h.h.t.HelmChartContainer - [nginx-9476f8bf6-2t4w] [nginx] [27035290] /docker-entrypoint.sh: Looking for shell scripts in /docker-entrypoint.d/
2025-01-30 04:01:49,305 INFO c.h.h.t.HelmChartContainer - [nginx-9476f8bf6-2t4w] [nginx] [27035290] /docker-entrypoint.sh: Launching /docker-entrypoint.d/10-listen-on-ipv6-by-default.sh
2025-01-30 04:01:49,305 INFO c.h.h.t.HelmChartContainer - [nginx-9476f8bf6-2t4w] [nginx] [27035290] 10-listen-on-ipv6-by-default.sh: info: IPv6 listen already enabled
2025-01-30 04:01:49,305 INFO c.h.h.t.HelmChartContainer - [nginx-9476f8bf6-2t4w] [nginx] [27035290] /docker-entrypoint.sh: Sourcing /docker-entrypoint.d/15-local-resolvers.envsh
2025-01-30 04:01:49,305 INFO c.h.h.t.HelmChartContainer - [nginx-9476f8bf6-2t4w] [nginx] [27035290] /docker-entrypoint.sh: Launching /docker-entrypoint.d/20-envsubst-on-templates.sh
2025-01-30 04:01:49,305 INFO c.h.h.t.HelmChartContainer - [nginx-9476f8bf6-2t4w] [nginx] [27035290] /docker-entrypoint.sh: Launching /docker-entrypoint.d/30-tune-worker-processes.sh
2025-01-30 04:01:49,305 INFO c.h.h.t.HelmChartContainer - [nginx-9476f8bf6-2t4w] [nginx] [27035290] /docker-entrypoint.sh: Configuration complete; ready for start up
2025-01-30 04:01:49,305 INFO c.h.h.t.HelmChartContainer - [nginx-9476f8bf6-2t4w] [nginx] [27035290] 2025/01/30 04:01:49 [notice] 1#1: using the "epoll" event method
2025-01-30 04:01:49,305 INFO c.h.h.t.HelmChartContainer - [nginx-9476f8bf6-2t4w] [nginx] [27035290] 2025/01/30 04:01:49 [notice] 1#1: nginx/1.27.3
2025-01-30 04:01:49,305 INFO c.h.h.t.HelmChartContainer - [nginx-9476f8bf6-2t4w] [nginx] [27035290] 2025/01/30 04:01:49 [notice] 1#1: built by gcc 12.2.0 (Debian 12.2.0-14) 
2025-01-30 04:01:49,305 INFO c.h.h.t.HelmChartContainer - [nginx-9476f8bf6-2t4w] [nginx] [27035290] 2025/01/30 04:01:49 [notice] 1#1: OS: Linux 6.8.0-1020-azure
2025-01-30 04:01:49,305 INFO c.h.h.t.HelmChartContainer - [nginx-9476f8bf6-2t4w] [nginx] [27035290] 2025/01/30 04:01:49 [notice] 1#1: getrlimit(RLIMIT_NOFILE): 1048576:1048576
2025-01-30 04:01:49,305 INFO c.h.h.t.HelmChartContainer - [nginx-9476f8bf6-2t4w] [nginx] [27035290] 2025/01/30 04:01:49 [notice] 1#1: start worker processes
2025-01-30 04:01:49,305 INFO c.h.h.t.HelmChartContainer - [nginx-9476f8bf6-2t4w] [nginx] [27035290] 2025/01/30 04:01:49 [notice] 1#1: start worker process 22
2025-01-30 04:01:49,305 INFO c.h.h.t.HelmChartContainer - [nginx-9476f8bf6-2t4w] [nginx] [27035290] 2025/01/30 04:01:49 [notice] 1#1: start worker process 23
2025-01-30 04:01:49,305 INFO c.h.h.t.HelmChartContainer - [nginx-9476f8bf6-2t4w] [nginx] [27035290] 2025/01/30 04:01:49 [notice] 1#1: start worker process 24
2025-01-30 04:01:49,305 INFO c.h.h.t.HelmChartContainer - [nginx-9476f8bf6-2t4w] [nginx] [27035290] 2025/01/30 04:01:49 [notice] 1#1: start worker process 25
2025-01-30 04:01:50,707 INFO c.h.h.testcontainer.LogWaiterUtil - TEST Waiting for log pattern on 'test-hivemq-platform-0': .*Extension "HiveMQ Custom Test Extension" version 2.0.0 started successfully.
2025-01-30 04:01:50,767 DEBUG c.h.h.t.HelmChartContainer - Executing helm command: /bin/helm --kubeconfig /etc/rancher/k3s/k3s.yaml install test-hivemq-platform /charts/hivemq-platform --wait --timeout 5m0s --set image.repository=docker.io/hivemq --set image.tag=4.36.0 --set image.pullPolicy=Never --set nodes.resources.cpu=512m -f /files/custom-extension-values-with-request-headers-secret.yaml --namespace helmcustomextensionit
2025-01-30 04:01:50,996 INFO c.h.h.t.HelmChartContainer - [hivemq-test-hivemq-platform] [hivemq-platform-operator] [270c128d] 04:01:50.994 [-2082509879-pool-1-thread-2] WARN  i.m.p.PrometheusMeterRegistry - The meter (MeterId{name='operator.sdk.events.received', tags=[tag(action=ADDED),tag(event=ResourceEvent),tag(group=hivemq.com),tag(kind=HiveMQPlatform),tag(name=test-hivemq-platform),tag(namespace=helmcustomextensionit),tag(scope=namespace),tag(version=v1)]}) registration has failed: Prometheus requires that all meters with the same name have the same set of tag keys. There is already an existing meter named 'operator.sdk.events.received' containing tag keys [event, group, kind, name, namespace, scope, version]. The meter you are attempting to register has keys [action, event, group, kind, name, namespace, scope, version]. Note that subsequent logs will be logged at debug level.
2025-01-30 04:01:51,472 INFO c.h.h.t.HelmChartContainer - [hivemq-test-hivemq-platform] [hivemq-platform-operator] [270c128d] 04:01:51.471 [pool-6-thread-3] DEBUG c.h.p.o.dependants.PodInfoConfigMap - [helmcust] Desired PodInfo ConfigMap (1 extensions) (1 enabled)
2025-01-30 04:01:51,474 INFO c.h.h.t.HelmChartContainer - [hivemq-test-hivemq-platform] [hivemq-platform-operator] [270c128d] 04:01:51.473 [pool-6-thread-3] DEBUG c.h.p.o.dependants.PodInfoConfigMap - [helmcust] Desired PodInfo ConfigMap (metrics port: 9399) (metrics path: /)
2025-01-30 04:01:51,474 INFO c.h.h.t.HelmChartContainer - [hivemq-test-hivemq-platform] [hivemq-platform-operator] [270c128d] 04:01:51.473 [pool-6-thread-3] DEBUG c.h.p.o.dependants.PodInfoConfigMap - [helmcust] Desired PodInfo ConfigMap (extension state hash: -773291941)
2025-01-30 04:01:51,476 INFO c.h.h.t.HelmChartContainer - [hivemq-test-hivemq-platform] [hivemq-platform-operator] [270c128d] 04:01:51.475 [pool-6-thread-3] DEBUG c.h.p.o.dependants.PodInfoConfigMap - [helmcust] Create PodInfo ConfigMap
2025-01-30 04:01:51,573 INFO c.h.h.t.HelmChartContainer - [hivemq-test-hivemq-platform] [hivemq-platform-operator] [270c128d] 04:01:51.568 [pool-6-thread-5] DEBUG c.h.p.o.dependants.PodRoleResource - [helmcust] Create Role: Role(apiVersion=rbac.authorization.k8s.io/v1, kind=Role, metadata=ObjectMeta(annotations={meta.helm.sh/release-name=test-hivemq-platform, meta.helm.sh/release-namespace=helmcustomextensionit}, creationTimestamp=null, deletionGracePeriodSeconds=null, deletionTimestamp=null, finalizers=[], generateName=null, generation=null, labels={helm.sh/chart=hivemq-platform-0.2.32, app.kubernetes.io/managed-by=Helm, app.kubernetes.io/name=hivemq-platform, hivemq-platform=test-hivemq-platform, app.kubernetes.io/instance=test-hivemq-platform, app.kubernetes.io/version=4.36.0}, managedFields=[], name=hivemq-platform-role-test-hivemq-platform, namespace=helmcustomextensionit, ownerReferences=[OwnerReference(apiVersion=hivemq.com/v1, blockOwnerDeletion=null, controller=null, kind=HiveMQPlatform, name=test-hivemq-platform, uid=ff834916-da55-414e-9ffc-411ba1d7208d, additionalProperties={})], resourceVersion=null, selfLink=null, uid=null, additionalProperties={}), rules=[PolicyRule(apiGroups=[], nonResourceURLs=[], resourceNames=[], resources=[pods], verbs=[get, patch, update], additionalProperties={})], additionalProperties={})
2025-01-30 04:01:51,678 INFO c.h.h.t.HelmChartContainer - [hivemq-test-hivemq-platform] [hivemq-platform-operator] [270c128d] 04:01:51.677 [pool-6-thread-7] DEBUG c.h.p.o.d.PodServiceAccountResource - [helmcust] Desired PodServiceAccountResource (serviceAccountName: hivemq-platform-pod-test-hivemq-platform)
2025-01-30 04:01:51,679 INFO c.h.h.t.HelmChartContainer - [hivemq-test-hivemq-platform] [hivemq-platform-operator] [270c128d] 04:01:51.677 [pool-6-thread-7] DEBUG c.h.p.o.d.PodServiceAccountResource - [helmcust] Create ServiceAccount 'hivemq-platform-pod-test-hivemq-platform'
2025-01-30 04:01:51,865 INFO c.h.h.t.HelmChartContainer - [hivemq-test-hivemq-platform] [hivemq-platform-operator] [270c128d] 04:01:51.781 [pool-6-thread-10] DEBUG c.h.p.o.d.PodRoleBindingResource - [helmcust] Create RoleBinding: RoleBinding(apiVersion=rbac.authorization.k8s.io/v1, kind=RoleBinding, metadata=ObjectMeta(annotations={meta.helm.sh/release-name=test-hivemq-platform, meta.helm.sh/release-namespace=helmcustomextensionit}, creationTimestamp=null, deletionGracePeriodSeconds=null, deletionTimestamp=null, finalizers=[], generateName=null, generation=null, labels={helm.sh/chart=hivemq-platform-0.2.32, app.kubernetes.io/managed-by=Helm, app.kubernetes.io/name=hivemq-platform, hivemq-platform=test-hivemq-platform, app.kubernetes.io/instance=test-hivemq-platform, app.kubernetes.io/version=4.36.0}, managedFields=[], name=hivemq-platform-role-binding-test-hivemq-platform, namespace=helmcustomextensionit, ownerReferences=[OwnerReference(apiVersion=hivemq.com/v1, blockOwnerDeletion=null, controller=null, kind=HiveMQPlatform, name=test-hivemq-platform, uid=ff834916-da55-414e-9ffc-411ba1d7208d, additionalProperties={})], resourceVersion=null, selfLink=null, uid=null, additionalProperties={}), roleRef=RoleRef(apiGroup=rbac.authorization.k8s.io, kind=Role, name=hivemq-platform-role-test-hivemq-platform, additionalProperties={}), subjects=[Subject(apiGroup=null, kind=ServiceAccount, name=hivemq-platform-pod-test-hivemq-platform, namespace=helmcustomextensionit, additionalProperties={})], additionalProperties={})
2025-01-30 04:01:51,882 INFO c.h.h.t.HelmChartContainer - [hivemq-test-hivemq-platform] [hivemq-platform-operator] [270c128d] 04:01:51.881 [ReconcilerExecutor-hivemq-controller-52] INFO  c.h.p.o.HiveMQPlatformReconciler - [helmcust] Reconciling HiveMQ Platform 'test-hivemq-platform' in namespace 'helmcustomextensionit'
2025-01-30 04:01:51,882 INFO c.h.h.t.HelmChartContainer - [hivemq-test-hivemq-platform] [hivemq-platform-operator] [270c128d] 04:01:51.881 [ReconcilerExecutor-hivemq-controller-52] DEBUG c.h.p.o.HiveMQPlatformReconciler - [helmcust] Custom Resource Status CREATED - HiveMQ Platform was created (READY)
2025-01-30 04:01:51,883 INFO c.h.h.t.HelmChartContainer - [hivemq-test-hivemq-platform] [hivemq-platform-operator] [270c128d] 04:01:51.881 [ReconcilerExecutor-hivemq-controller-52] DEBUG c.h.p.o.HiveMQPlatformReconciler - [helmcust] Custom Resource Spec (replicas: 1) (extensions: 1)
2025-01-30 04:01:51,885 INFO c.h.h.t.HelmChartContainer - [hivemq-test-hivemq-platform] [hivemq-platform-operator] [270c128d] 04:01:51.884 [ReconcilerExecutor-hivemq-controller-52] INFO  c.h.p.o.h.HiveMQPlatformReconcilerBaseHandler - [helmcust] HiveMQ Platform is starting
2025-01-30 04:01:51,982 INFO c.h.h.t.HelmChartContainer - [hivemq-test-hivemq-platform] [hivemq-platform-operator] [270c128d] 04:01:51.980 [ReconcilerExecutor-hivemq-controller-52] DEBUG c.h.p.operator.event.EventSender - [helmcust] Creating K8s event hivemq-platform-starting: [Start] HiveMQ Platform is starting
2025-01-30 04:01:52,069 INFO c.h.h.t.HelmChartContainer - [EVENT] Normal [Start] HiveMQ Platform is starting [helmcustomextensionit:test-hivemq-platform]
2025-01-30 04:01:52,075 INFO c.h.h.t.HelmChartContainer - [hivemq-test-hivemq-platform] [hivemq-platform-operator] [270c128d] 04:01:52.073 [ReconcilerExecutor-hivemq-controller-52] INFO  c.h.p.o.h.AbstractHiveMQReconcilerStateHandler - [helmcust] Update HiveMQ Platform Status (CREATED [READY] -> STARTING [READY]): HiveMQ Platform is starting
2025-01-30 04:01:52,087 DEBUG com.hivemq.helmcharts.util.K8sUtil - Comparing actual state 'STARTING' and waiting for 'RUNNING'
2025-01-30 04:02:02,172 INFO c.h.h.t.HelmChartContainer - [hivemq-test-hivemq-platform] [hivemq-platform-operator] [270c128d] 04:02:02.171 [pool-6-thread-12] DEBUG c.h.p.o.d.PlatformServiceResource - [helmcust] Desired Platform services (3 services)
2025-01-30 04:02:02,177 INFO c.h.h.t.HelmChartContainer - [hivemq-test-hivemq-platform] [hivemq-platform-operator] [270c128d] 04:02:02.174 [pool-6-thread-13] DEBUG c.h.p.o.dependants.PodInfoConfigMap - [helmcust] Desired PodInfo ConfigMap (1 extensions) (1 enabled)
2025-01-30 04:02:02,177 INFO c.h.h.t.HelmChartContainer - [hivemq-test-hivemq-platform] [hivemq-platform-operator] [270c128d] 04:02:02.174 [pool-6-thread-13] DEBUG c.h.p.o.dependants.PodInfoConfigMap - [helmcust] Desired PodInfo ConfigMap (metrics port: 9399) (metrics path: /)
2025-01-30 04:02:02,177 INFO c.h.h.t.HelmChartContainer - [hivemq-test-hivemq-platform] [hivemq-platform-operator] [270c128d] 04:02:02.174 [pool-6-thread-13] DEBUG c.h.p.o.dependants.PodInfoConfigMap - [helmcust] Desired PodInfo ConfigMap (extension state hash: -773291941)
2025-01-30 04:02:02,178 INFO c.h.h.t.HelmChartContainer - [hivemq-test-hivemq-platform] [hivemq-platform-operator] [270c128d] 04:02:02.177 [pool-6-thread-17] DEBUG c.h.p.o.d.PodServiceAccountResource - [helmcust] Desired PodServiceAccountResource (serviceAccountName: hivemq-platform-pod-test-hivemq-platform)
2025-01-30 04:02:02,180 INFO c.h.h.t.HelmChartContainer - [hivemq-test-hivemq-platform] [hivemq-platform-operator] [270c128d] 04:02:02.180 [pool-6-thread-13] DEBUG c.h.p.o.dependants.PodInfoConfigMap - [helmcust] Update PodInfo ConfigMap
2025-01-30 04:02:02,275 INFO c.h.h.t.HelmChartContainer - [K3S] [alloc.go:330] "allocated clusterIPs" service="helmcustomextensionit/hivemq-test-hivemq-platform-cc-8080" clusterIPs={"IPv4":"10.43.141.65"}
2025-01-30 04:02:02,371 INFO c.h.h.t.HelmChartContainer - [K3S] [alloc.go:330] "allocated clusterIPs" service="helmcustomextensionit/hivemq-test-hivemq-platform-mqtt-1883" clusterIPs={"IPv4":"10.43.226.2"}
2025-01-30 04:02:02,383 INFO c.h.h.t.HelmChartContainer - [K3S] [alloc.go:330] "allocated clusterIPs" service="helmcustomextensionit/hivemq-test-hivemq-platform-metrics-9399" clusterIPs={"IPv4":"10.43.5.184"}
2025-01-30 04:02:02,392 INFO c.h.h.t.HelmChartContainer - [hivemq-test-hivemq-platform] [hivemq-platform-operator] [270c128d] 04:02:02.391 [pool-6-thread-20] DEBUG c.h.p.o.d.StatefulSetResource - [helmcust] Desired StatefulSet (1 replicas) for status STARTING (READY)
2025-01-30 04:02:02,475 INFO c.h.h.t.HelmChartContainer - [hivemq-test-hivemq-platform] [hivemq-platform-operator] [270c128d] 04:02:02.474 [pool-6-thread-20] DEBUG c.h.p.o.d.StatefulSetResource - [helmcust] Create StatefulSet
2025-01-30 04:02:02,577 INFO c.h.h.t.HelmChartContainer - [hivemq-test-hivemq-platform] [hivemq-platform-operator] [270c128d] 04:02:02.576 [ReconcilerExecutor-hivemq-controller-63] INFO  c.h.p.o.HiveMQPlatformReconciler - [helmcust] Reconciling HiveMQ Platform 'test-hivemq-platform' in namespace 'helmcustomextensionit'
2025-01-30 04:02:02,577 INFO c.h.h.t.HelmChartContainer - [hivemq-test-hivemq-platform] [hivemq-platform-operator] [270c128d] 04:02:02.576 [ReconcilerExecutor-hivemq-controller-63] DEBUG c.h.p.o.HiveMQPlatformReconciler - [helmcust] Custom Resource Status STARTING - HiveMQ Platform is starting (READY)
2025-01-30 04:02:02,577 INFO c.h.h.t.HelmChartContainer - [hivemq-test-hivemq-platform] [hivemq-platform-operator] [270c128d] 04:02:02.576 [ReconcilerExecutor-hivemq-controller-63] DEBUG c.h.p.o.HiveMQPlatformReconciler - [helmcust] Custom Resource Spec (replicas: 1) (extensions: 1)
2025-01-30 04:02:02,587 INFO c.h.h.t.HelmChartContainer - [POD] test-hivemq-platform-0 [68431e1c-e002-455d-b579-3ae0078893b9] in helmcustomextensionit was ADDED
2025-01-30 04:02:02,591 INFO c.h.h.t.HelmChartContainer - [POD] test-hivemq-platform-0 [68431e1c-e002-455d-b579-3ae0078893b9] in helmcustomextensionit was MODIFIED
2025-01-30 04:02:02,598 INFO c.h.h.t.HelmChartContainer - [EVENT] Normal [SuccessfulCreate] create Pod test-hivemq-platform-0 in StatefulSet test-hivemq-platform successful [helmcustomextensionit:test-hivemq-platform]
2025-01-30 04:02:02,599 INFO c.h.h.t.HelmChartContainer - [EVENT] Normal [Scheduled] Successfully assigned helmcustomextensionit/test-hivemq-platform-0 to 19066f879d23 [helmcustomextensionit:test-hivemq-platform-0]
2025-01-30 04:02:02,607 INFO c.h.h.t.HelmChartContainer - [POD] test-hivemq-platform-0 [68431e1c-e002-455d-b579-3ae0078893b9] in helmcustomextensionit was MODIFIED
2025-01-30 04:02:02,669 INFO c.h.h.t.HelmChartContainer - [hivemq-test-hivemq-platform] [hivemq-platform-operator] [270c128d] 04:02:02.666 [ReconcilerExecutor-hivemq-controller-63] DEBUG c.h.p.o.HiveMQPlatformReconciler - [helmcust] StatefulSet Status (revision: null, replicas: 0, available: 0, ready: 0, current: 0, updated: 0)
2025-01-30 04:02:02,669 INFO c.h.h.t.HelmChartContainer - [hivemq-test-hivemq-platform] [hivemq-platform-operator] [270c128d] 04:02:02.666 [ReconcilerExecutor-hivemq-controller-63] DEBUG c.h.p.o.HiveMQPlatformReconciler - [helmcust] StatefulSet Spec (replicas: 1, init containers: 1, containers: 1, volumes: 4)
2025-01-30 04:02:02,724 INFO c.h.h.t.HelmChartContainer - [K3S] [reconciler_common.go:251] "operationExecutor.VerifyControllerAttachedVolume started for volume \"pod-info\" (UniqueName: \"kubernetes.io/configmap/68431e1c-e002-455d-b579-3ae0078893b9-pod-info\") pod \"test-hivemq-platform-0\" (UID: \"68431e1c-e002-455d-b579-3ae0078893b9\") " pod="helmcustomextensionit/test-hivemq-platform-0"
2025-01-30 04:02:02,724 INFO c.h.h.t.HelmChartContainer - [K3S] [reconciler_common.go:251] "operationExecutor.VerifyControllerAttachedVolume started for volume \"kube-api-access-9h7xq\" (UniqueName: \"kubernetes.io/projected/68431e1c-e002-455d-b579-3ae0078893b9-kube-api-access-9h7xq\") pod \"test-hivemq-platform-0\" (UID: \"68431e1c-e002-455d-b579-3ae0078893b9\") " pod="helmcustomextensionit/test-hivemq-platform-0"
2025-01-30 04:02:02,724 INFO c.h.h.t.HelmChartContainer - [K3S] [reconciler_common.go:251] "operationExecutor.VerifyControllerAttachedVolume started for volume \"broker-configuration\" (UniqueName: \"kubernetes.io/configmap/68431e1c-e002-455d-b579-3ae0078893b9-broker-configuration\") pod \"test-hivemq-platform-0\" (UID: \"68431e1c-e002-455d-b579-3ae0078893b9\") " pod="helmcustomextensionit/test-hivemq-platform-0"
2025-01-30 04:02:02,724 INFO c.h.h.t.HelmChartContainer - [K3S] [reconciler_common.go:251] "operationExecutor.VerifyControllerAttachedVolume started for volume \"extension-request-header-custom-extension-auth-secret\" (UniqueName: \"kubernetes.io/secret/68431e1c-e002-455d-b579-3ae0078893b9-extension-request-header-custom-extension-auth-secret\") pod \"test-hivemq-platform-0\" (UID: \"68431e1c-e002-455d-b579-3ae0078893b9\") " pod="helmcustomextensionit/test-hivemq-platform-0"
2025-01-30 04:02:02,724 INFO c.h.h.t.HelmChartContainer - [K3S] [reconciler_common.go:251] "operationExecutor.VerifyControllerAttachedVolume started for volume \"operator-init\" (UniqueName: \"kubernetes.io/empty-dir/68431e1c-e002-455d-b579-3ae0078893b9-operator-init\") pod \"test-hivemq-platform-0\" (UID: \"68431e1c-e002-455d-b579-3ae0078893b9\") " pod="helmcustomextensionit/test-hivemq-platform-0"
2025-01-30 04:02:02,765 INFO c.h.h.t.HelmChartContainer - [hivemq-test-hivemq-platform] [hivemq-platform-operator] [270c128d] 04:02:02.763 [ReconcilerExecutor-hivemq-controller-63] DEBUG c.h.p.o.h.HiveMQPlatformReconcilerErrorHandler - [helmcust] Pod 'test-hivemq-platform-0' phase Pending
2025-01-30 04:02:02,767 INFO c.h.h.t.HelmChartContainer - [hivemq-test-hivemq-platform] [hivemq-platform-operator] [270c128d] 04:02:02.766 [ReconcilerExecutor-hivemq-controller-63] INFO  c.h.p.o.h.HiveMQPlatformReconcilerBaseHandler - [helmcust] HiveMQ Platform is starting, 0 of 1 replicas are ready
2025-01-30 04:02:02,773 INFO c.h.h.t.HelmChartContainer - [hivemq-test-hivemq-platform] [hivemq-platform-operator] [270c128d] 04:02:02.770 [pool-6-thread-22] DEBUG c.h.p.o.d.PlatformServiceResource - [helmcust] Desired Platform services (3 services)
2025-01-30 04:02:02,775 INFO c.h.h.t.HelmChartContainer - [hivemq-test-hivemq-platform] [hivemq-platform-operator] [270c128d] 04:02:02.771 [pool-6-thread-23] DEBUG c.h.p.o.dependants.PodInfoConfigMap - [helmcust] Desired PodInfo ConfigMap (1 extensions) (1 enabled)
2025-01-30 04:02:02,775 INFO c.h.h.t.HelmChartContainer - [hivemq-test-hivemq-platform] [hivemq-platform-operator] [270c128d] 04:02:02.771 [pool-6-thread-23] DEBUG c.h.p.o.dependants.PodInfoConfigMap - [helmcust] Desired PodInfo ConfigMap (metrics port: 9399) (metrics path: /)
2025-01-30 04:02:02,775 INFO c.h.h.t.HelmChartContainer - [hivemq-test-hivemq-platform] [hivemq-platform-operator] [270c128d] 04:02:02.771 [pool-6-thread-23] DEBUG c.h.p.o.dependants.PodInfoConfigMap - [helmcust] Desired PodInfo ConfigMap (extension state hash: -773291941)
2025-01-30 04:02:02,776 INFO c.h.h.t.HelmChartContainer - [hivemq-test-hivemq-platform] [hivemq-platform-operator] [270c128d] 04:02:02.774 [pool-6-thread-27] DEBUG c.h.p.o.d.PodServiceAccountResource - [helmcust] Desired PodServiceAccountResource (serviceAccountName: hivemq-platform-pod-test-hivemq-platform)
2025-01-30 04:02:02,870 INFO c.h.h.t.HelmChartContainer - [hivemq-test-hivemq-platform] [hivemq-platform-operator] [270c128d] 04:02:02.869 [pool-6-thread-30] DEBUG c.h.p.o.d.StatefulSetResource - [helmcust] Desired StatefulSet (1 replicas) for status STARTING (READY)
2025-01-30 04:02:02,876 INFO c.h.h.t.HelmChartContainer - [hivemq-test-hivemq-platform] [hivemq-platform-operator] [270c128d] 04:02:02.875 [ReconcilerExecutor-hivemq-controller-74] INFO  c.h.p.o.HiveMQPlatformReconciler - [helmcust] Reconciling HiveMQ Platform 'test-hivemq-platform' in namespace 'helmcustomextensionit'
2025-01-30 04:02:02,877 INFO c.h.h.t.HelmChartContainer - [hivemq-test-hivemq-platform] [hivemq-platform-operator] [270c128d] 04:02:02.875 [ReconcilerExecutor-hivemq-controller-74] DEBUG c.h.p.o.HiveMQPlatformReconciler - [helmcust] Custom Resource Status STARTING - HiveMQ Platform is starting (READY)
2025-01-30 04:02:02,877 INFO c.h.h.t.HelmChartContainer - [hivemq-test-hivemq-platform] [hivemq-platform-operator] [270c128d] 04:02:02.875 [ReconcilerExecutor-hivemq-controller-74] DEBUG c.h.p.o.HiveMQPlatformReconciler - [helmcust] Custom Resource Spec (replicas: 1) (extensions: 1)
2025-01-30 04:02:02,881 INFO c.h.h.t.HelmChartContainer - [hivemq-test-hivemq-platform] [hivemq-platform-operator] [270c128d] 04:02:02.880 [ReconcilerExecutor-hivemq-controller-74] DEBUG c.h.p.o.HiveMQPlatformReconciler - [helmcust] StatefulSet Status (revision: test-hivemq-platform-58d745f97c, replicas: 1, available: 0, ready: 0, current: 1, updated: 1)
2025-01-30 04:02:02,881 INFO c.h.h.t.HelmChartContainer - [hivemq-test-hivemq-platform] [hivemq-platform-operator] [270c128d] 04:02:02.880 [ReconcilerExecutor-hivemq-controller-74] DEBUG c.h.p.o.HiveMQPlatformReconciler - [helmcust] StatefulSet Spec (replicas: 1, init containers: 1, containers: 1, volumes: 4)
2025-01-30 04:02:02,969 INFO c.h.h.t.HelmChartContainer - [hivemq-test-hivemq-platform] [hivemq-platform-operator] [270c128d] 04:02:02.967 [ReconcilerExecutor-hivemq-controller-74] DEBUG c.h.p.o.h.HiveMQPlatformReconcilerErrorHandler - [helmcust] Pod 'test-hivemq-platform-0' phase Pending
2025-01-30 04:02:02,969 INFO c.h.h.t.HelmChartContainer - [hivemq-test-hivemq-platform] [hivemq-platform-operator] [270c128d] 04:02:02.967 [ReconcilerExecutor-hivemq-controller-74] DEBUG c.h.p.o.h.HiveMQPlatformReconcilerErrorHandler - [helmcust] Pod 'test-hivemq-platform-0' condition 'PodReadyToStartContainers': False
2025-01-30 04:02:02,970 INFO c.h.h.t.HelmChartContainer - [hivemq-test-hivemq-platform] [hivemq-platform-operator] [270c128d] 04:02:02.967 [ReconcilerExecutor-hivemq-controller-74] DEBUG c.h.p.o.h.HiveMQPlatformReconcilerErrorHandler - [helmcust] Pod 'test-hivemq-platform-0' condition 'Initialized': False
2025-01-30 04:02:02,970 INFO c.h.h.t.HelmChartContainer - [hivemq-test-hivemq-platform] [hivemq-platform-operator] [270c128d] 04:02:02.967 [ReconcilerExecutor-hivemq-controller-74] DEBUG c.h.p.o.h.HiveMQPlatformReconcilerErrorHandler - [helmcust] Pod 'test-hivemq-platform-0' condition 'Ready': False
2025-01-30 04:02:02,970 INFO c.h.h.t.HelmChartContainer - [hivemq-test-hivemq-platform] [hivemq-platform-operator] [270c128d] 04:02:02.967 [ReconcilerExecutor-hivemq-controller-74] DEBUG c.h.p.o.h.HiveMQPlatformReconcilerErrorHandler - [helmcust] Pod 'test-hivemq-platform-0' condition 'ContainersReady': False
2025-01-30 04:02:02,970 INFO c.h.h.t.HelmChartContainer - [hivemq-test-hivemq-platform] [hivemq-platform-operator] [270c128d] 04:02:02.968 [ReconcilerExecutor-hivemq-controller-74] DEBUG c.h.p.o.h.HiveMQPlatformReconcilerErrorHandler - [helmcust] Pod 'test-hivemq-platform-0' condition 'PodScheduled': True
2025-01-30 04:02:02,970 INFO c.h.h.t.HelmChartContainer - [hivemq-test-hivemq-platform] [hivemq-platform-operator] [270c128d] 04:02:02.968 [ReconcilerExecutor-hivemq-controller-74] DEBUG c.h.p.o.h.HiveMQPlatformReconcilerErrorHandler - [helmcust] Pod 'test-hivemq-platform-0' containerStatus 'hivemq' (started: false) (ready: false) (waiting: [PodInitializing] null)
2025-01-30 04:02:02,972 INFO c.h.h.t.HelmChartContainer - [hivemq-test-hivemq-platform] [hivemq-platform-operator] [270c128d] 04:02:02.970 [ReconcilerExecutor-hivemq-controller-74] INFO  c.h.p.o.h.HiveMQPlatformReconcilerBaseHandler - [helmcust] HiveMQ Platform is starting, 0 of 1 replicas are ready
2025-01-30 04:02:02,995 INFO c.h.h.t.HelmChartContainer - [EVENT] Normal [Pulled] Container image "docker.io/hivemq/hivemq-platform-operator-init-test:snapshot" already present on machine [helmcustomextensionit:test-hivemq-platform-0]
2025-01-30 04:02:03,141 INFO c.h.h.t.HelmChartContainer - [EVENT] Normal [Created] Created container: hivemq-platform-operator-init [helmcustomextensionit:test-hivemq-platform-0]
2025-01-30 04:02:03,180 INFO c.h.h.t.HelmChartContainer - [EVENT] Normal [Started] Started container hivemq-platform-operator-init [helmcustomextensionit:test-hivemq-platform-0]
2025-01-30 04:02:03,316 INFO c.h.h.t.HelmChartContainer - [POD] test-hivemq-platform-0 [68431e1c-e002-455d-b579-3ae0078893b9] in helmcustomextensionit was MODIFIED
2025-01-30 04:02:03,339 INFO c.h.h.t.HelmChartContainer - [hivemq-test-hivemq-platform] [hivemq-platform-operator] [270c128d] 04:02:03.331 [pool-6-thread-32] DEBUG c.h.p.o.d.PlatformServiceResource - [helmcust] Desired Platform services (3 services)
2025-01-30 04:02:03,339 INFO c.h.h.t.HelmChartContainer - [hivemq-test-hivemq-platform] [hivemq-platform-operator] [270c128d] 04:02:03.333 [pool-6-thread-33] DEBUG c.h.p.o.dependants.PodInfoConfigMap - [helmcust] Desired PodInfo ConfigMap (1 extensions) (1 enabled)
2025-01-30 04:02:03,349 INFO c.h.h.t.HelmChartContainer - [hivemq-test-hivemq-platform] [hivemq-platform-operator] [270c128d] 04:02:03.341 [pool-6-thread-33] DEBUG c.h.p.o.dependants.PodInfoConfigMap - [helmcust] Desired PodInfo ConfigMap (metrics port: 9399) (metrics path: /)
2025-01-30 04:02:03,350 INFO c.h.h.t.HelmChartContainer - [hivemq-test-hivemq-platform] [hivemq-platform-operator] [270c128d] 04:02:03.341 [pool-6-thread-33] DEBUG c.h.p.o.dependants.PodInfoConfigMap - [helmcust] Desired PodInfo ConfigMap (extension state hash: -773291941)
2025-01-30 04:02:03,350 INFO c.h.h.t.HelmChartContainer - [hivemq-test-hivemq-platform] [hivemq-platform-operator] [270c128d] 04:02:03.341 [pool-6-thread-37] DEBUG c.h.p.o.d.PodServiceAccountResource - [helmcust] Desired PodServiceAccountResource (serviceAccountName: hivemq-platform-pod-test-hivemq-platform)
2025-01-30 04:02:03,368 INFO c.h.h.t.HelmChartContainer - [hivemq-test-hivemq-platform] [hivemq-platform-operator] [270c128d] 04:02:03.367 [pool-6-thread-40] DEBUG c.h.p.o.d.StatefulSetResource - [helmcust] Desired StatefulSet (1 replicas) for status STARTING (READY)
2025-01-30 04:02:03,374 INFO c.h.h.t.HelmChartContainer - [hivemq-test-hivemq-platform] [hivemq-platform-operator] [270c128d] 04:02:03.372 [ReconcilerExecutor-hivemq-controller-85] INFO  c.h.p.o.HiveMQPlatformReconciler - [helmcust] Reconciling HiveMQ Platform 'test-hivemq-platform' in namespace 'helmcustomextensionit'
2025-01-30 04:02:03,374 INFO c.h.h.t.HelmChartContainer - [hivemq-test-hivemq-platform] [hivemq-platform-operator] [270c128d] 04:02:03.373 [ReconcilerExecutor-hivemq-controller-85] DEBUG c.h.p.o.HiveMQPlatformReconciler - [helmcust] Custom Resource Status STARTING - HiveMQ Platform is starting (READY)
2025-01-30 04:02:03,374 INFO c.h.h.t.HelmChartContainer - [hivemq-test-hivemq-platform] [hivemq-platform-operator] [270c128d] 04:02:03.373 [ReconcilerExecutor-hivemq-controller-85] DEBUG c.h.p.o.HiveMQPlatformReconciler - [helmcust] Custom Resource Spec (replicas: 1) (extensions: 1)
2025-01-30 04:02:03,377 INFO c.h.h.t.HelmChartContainer - [hivemq-test-hivemq-platform] [hivemq-platform-operator] [270c128d] 04:02:03.376 [ReconcilerExecutor-hivemq-controller-85] DEBUG c.h.p.o.HiveMQPlatformReconciler - [helmcust] StatefulSet Status (revision: test-hivemq-platform-58d745f97c, replicas: 1, available: 0, ready: 0, current: 1, updated: 1)
2025-01-30 04:02:03,380 INFO c.h.h.t.HelmChartContainer - [hivemq-test-hivemq-platform] [hivemq-platform-operator] [270c128d] 04:02:03.377 [ReconcilerExecutor-hivemq-controller-85] DEBUG c.h.p.o.HiveMQPlatformReconciler - [helmcust] StatefulSet Spec (replicas: 1, init containers: 1, containers: 1, volumes: 4)
2025-01-30 04:02:03,384 INFO c.h.h.t.HelmChartContainer - [hivemq-test-hivemq-platform] [hivemq-platform-operator] [270c128d] 04:02:03.383 [ReconcilerExecutor-hivemq-controller-85] DEBUG c.h.p.o.h.HiveMQPlatformReconcilerErrorHandler - [helmcust] Pod 'test-hivemq-platform-0' phase Pending
2025-01-30 04:02:03,388 INFO c.h.h.t.HelmChartContainer - [hivemq-test-hivemq-platform] [hivemq-platform-operator] [270c128d] 04:02:03.383 [ReconcilerExecutor-hivemq-controller-85] DEBUG c.h.p.o.h.HiveMQPlatformReconcilerErrorHandler - [helmcust] Pod 'test-hivemq-platform-0' condition 'PodReadyToStartContainers': True
2025-01-30 04:02:03,388 INFO c.h.h.t.HelmChartContainer - [hivemq-test-hivemq-platform] [hivemq-platform-operator] [270c128d] 04:02:03.383 [ReconcilerExecutor-hivemq-controller-85] DEBUG c.h.p.o.h.HiveMQPlatformReconcilerErrorHandler - [helmcust] Pod 'test-hivemq-platform-0' condition 'Initialized': False
2025-01-30 04:02:03,388 INFO c.h.h.t.HelmChartContainer - [hivemq-test-hivemq-platform] [hivemq-platform-operator] [270c128d] 04:02:03.383 [ReconcilerExecutor-hivemq-controller-85] DEBUG c.h.p.o.h.HiveMQPlatformReconcilerErrorHandler - [helmcust] Pod 'test-hivemq-platform-0' condition 'Ready': False
2025-01-30 04:02:03,388 INFO c.h.h.t.HelmChartContainer - [hivemq-test-hivemq-platform] [hivemq-platform-operator] [270c128d] 04:02:03.383 [ReconcilerExecutor-hivemq-controller-85] DEBUG c.h.p.o.h.HiveMQPlatformReconcilerErrorHandler - [helmcust] Pod 'test-hivemq-platform-0' condition 'ContainersReady': False
2025-01-30 04:02:03,388 INFO c.h.h.t.HelmChartContainer - [hivemq-test-hivemq-platform] [hivemq-platform-operator] [270c128d] 04:02:03.383 [ReconcilerExecutor-hivemq-controller-85] DEBUG c.h.p.o.h.HiveMQPlatformReconcilerErrorHandler - [helmcust] Pod 'test-hivemq-platform-0' condition 'PodScheduled': True
2025-01-30 04:02:03,388 INFO c.h.h.t.HelmChartContainer - [hivemq-test-hivemq-platform] [hivemq-platform-operator] [270c128d] 04:02:03.384 [ReconcilerExecutor-hivemq-controller-85] DEBUG c.h.p.o.h.HiveMQPlatformReconcilerErrorHandler - [helmcust] Pod 'test-hivemq-platform-0' containerStatus 'hivemq' (started: false) (ready: false) (waiting: [PodInitializing] null)
2025-01-30 04:02:03,388 INFO c.h.h.t.HelmChartContainer - [hivemq-test-hivemq-platform] [hivemq-platform-operator] [270c128d] 04:02:03.386 [ReconcilerExecutor-hivemq-controller-85] INFO  c.h.p.o.h.HiveMQPlatformReconcilerBaseHandler - [helmcust] HiveMQ Platform is starting, 0 of 1 replicas are ready
2025-01-30 04:02:05,305 INFO c.h.h.t.HelmChartContainer - [EVENT] Normal [Pulled] Container image "docker.io/hivemq/hivemq4:4.36.0" already present on machine [helmcustomextensionit:test-hivemq-platform-0]
2025-01-30 04:02:05,305 INFO c.h.h.t.HelmChartContainer - Received Pulled event for container hivemq in pod test-hivemq-platform-0 [68431e1c-e002-455d-b579-3ae0078893b9]
2025-01-30 04:02:05,313 INFO c.h.h.t.HelmChartContainer - [POD] test-hivemq-platform-0 [68431e1c-e002-455d-b579-3ae0078893b9] in helmcustomextensionit was MODIFIED
2025-01-30 04:02:05,327 INFO c.h.h.t.HelmChartContainer - [hivemq-test-hivemq-platform] [hivemq-platform-operator] [270c128d] 04:02:05.325 [pool-6-thread-42] DEBUG c.h.p.o.d.PlatformServiceResource - [helmcust] Desired Platform services (3 services)
2025-01-30 04:02:05,328 INFO c.h.h.t.HelmChartContainer - [hivemq-test-hivemq-platform] [hivemq-platform-operator] [270c128d] 04:02:05.327 [pool-6-thread-43] DEBUG c.h.p.o.dependants.PodInfoConfigMap - [helmcust] Desired PodInfo ConfigMap (1 extensions) (1 enabled)
2025-01-30 04:02:05,330 INFO c.h.h.t.HelmChartContainer - [hivemq-test-hivemq-platform] [hivemq-platform-operator] [270c128d] 04:02:05.329 [pool-6-thread-43] DEBUG c.h.p.o.dependants.PodInfoConfigMap - [helmcust] Desired PodInfo ConfigMap (metrics port: 9399) (metrics path: /)
2025-01-30 04:02:05,330 INFO c.h.h.t.HelmChartContainer - [hivemq-test-hivemq-platform] [hivemq-platform-operator] [270c128d] 04:02:05.329 [pool-6-thread-43] DEBUG c.h.p.o.dependants.PodInfoConfigMap - [helmcust] Desired PodInfo ConfigMap (extension state hash: -773291941)
2025-01-30 04:02:05,334 INFO c.h.h.t.HelmChartContainer - [hivemq-test-hivemq-platform] [hivemq-platform-operator] [270c128d] 04:02:05.332 [pool-6-thread-47] DEBUG c.h.p.o.d.PodServiceAccountResource - [helmcust] Desired PodServiceAccountResource (serviceAccountName: hivemq-platform-pod-test-hivemq-platform)
2025-01-30 04:02:05,368 INFO c.h.h.t.HelmChartContainer - [hivemq-test-hivemq-platform] [hivemq-platform-operator] [270c128d] 04:02:05.366 [pool-6-thread-49] DEBUG c.h.p.o.d.StatefulSetResource - [helmcust] Desired StatefulSet (1 replicas) for status STARTING (READY)
2025-01-30 04:02:05,373 INFO c.h.h.t.HelmChartContainer - [hivemq-test-hivemq-platform] [hivemq-platform-operator] [270c128d] 04:02:05.371 [ReconcilerExecutor-hivemq-controller-96] INFO  c.h.p.o.HiveMQPlatformReconciler - [helmcust] Reconciling HiveMQ Platform 'test-hivemq-platform' in namespace 'helmcustomextensionit'
2025-01-30 04:02:05,374 INFO c.h.h.t.HelmChartContainer - [hivemq-test-hivemq-platform] [hivemq-platform-operator] [270c128d] 04:02:05.371 [ReconcilerExecutor-hivemq-controller-96] DEBUG c.h.p.o.HiveMQPlatformReconciler - [helmcust] Custom Resource Status STARTING - HiveMQ Platform is starting (READY)
2025-01-30 04:02:05,376 INFO c.h.h.t.HelmChartContainer - [hivemq-test-hivemq-platform] [hivemq-platform-operator] [270c128d] 04:02:05.371 [ReconcilerExecutor-hivemq-controller-96] DEBUG c.h.p.o.HiveMQPlatformReconciler - [helmcust] Custom Resource Spec (replicas: 1) (extensions: 1)
2025-01-30 04:02:05,376 INFO c.h.h.t.HelmChartContainer - [hivemq-test-hivemq-platform] [hivemq-platform-operator] [270c128d] 04:02:05.373 [ReconcilerExecutor-hivemq-controller-96] DEBUG c.h.p.o.HiveMQPlatformReconciler - [helmcust] StatefulSet Status (revision: test-hivemq-platform-58d745f97c, replicas: 1, available: 0, ready: 0, current: 1, updated: 1)
2025-01-30 04:02:05,377 INFO c.h.h.t.HelmChartContainer - [hivemq-test-hivemq-platform] [hivemq-platform-operator] [270c128d] 04:02:05.374 [ReconcilerExecutor-hivemq-controller-96] DEBUG c.h.p.o.HiveMQPlatformReconciler - [helmcust] StatefulSet Spec (replicas: 1, init containers: 1, containers: 1, volumes: 4)
2025-01-30 04:02:05,379 INFO c.h.h.t.HelmChartContainer - [hivemq-test-hivemq-platform] [hivemq-platform-operator] [270c128d] 04:02:05.378 [ReconcilerExecutor-hivemq-controller-96] DEBUG c.h.p.o.h.HiveMQPlatformReconcilerErrorHandler - [helmcust] Pod 'test-hivemq-platform-0' phase Pending
2025-01-30 04:02:05,380 INFO c.h.h.t.HelmChartContainer - [hivemq-test-hivemq-platform] [hivemq-platform-operator] [270c128d] 04:02:05.379 [ReconcilerExecutor-hivemq-controller-96] DEBUG c.h.p.o.h.HiveMQPlatformReconcilerErrorHandler - [helmcust] Pod 'test-hivemq-platform-0' condition 'PodReadyToStartContainers': True
2025-01-30 04:02:05,380 INFO c.h.h.t.HelmChartContainer - [hivemq-test-hivemq-platform] [hivemq-platform-operator] [270c128d] 04:02:05.379 [ReconcilerExecutor-hivemq-controller-96] DEBUG c.h.p.o.h.HiveMQPlatformReconcilerErrorHandler - [helmcust] Pod 'test-hivemq-platform-0' condition 'Initialized': True
2025-01-30 04:02:05,380 INFO c.h.h.t.HelmChartContainer - [hivemq-test-hivemq-platform] [hivemq-platform-operator] [270c128d] 04:02:05.379 [ReconcilerExecutor-hivemq-controller-96] DEBUG c.h.p.o.h.HiveMQPlatformReconcilerErrorHandler - [helmcust] Pod 'test-hivemq-platform-0' condition 'Ready': False
2025-01-30 04:02:05,382 INFO c.h.h.t.HelmChartContainer - [hivemq-test-hivemq-platform] [hivemq-platform-operator] [270c128d] 04:02:05.379 [ReconcilerExecutor-hivemq-controller-96] DEBUG c.h.p.o.h.HiveMQPlatformReconcilerErrorHandler - [helmcust] Pod 'test-hivemq-platform-0' condition 'ContainersReady': False
2025-01-30 04:02:05,382 INFO c.h.h.t.HelmChartContainer - [hivemq-test-hivemq-platform] [hivemq-platform-operator] [270c128d] 04:02:05.380 [ReconcilerExecutor-hivemq-controller-96] DEBUG c.h.p.o.h.HiveMQPlatformReconcilerErrorHandler - [helmcust] Pod 'test-hivemq-platform-0' condition 'PodScheduled': True
2025-01-30 04:02:05,382 INFO c.h.h.t.HelmChartContainer - [hivemq-test-hivemq-platform] [hivemq-platform-operator] [270c128d] 04:02:05.380 [ReconcilerExecutor-hivemq-controller-96] DEBUG c.h.p.o.h.HiveMQPlatformReconcilerErrorHandler - [helmcust] Pod 'test-hivemq-platform-0' containerStatus 'hivemq' (started: false) (ready: false) (waiting: [PodInitializing] null)
2025-01-30 04:02:05,384 INFO c.h.h.t.HelmChartContainer - [hivemq-test-hivemq-platform] [hivemq-platform-operator] [270c128d] 04:02:05.383 [ReconcilerExecutor-hivemq-controller-96] INFO  c.h.p.o.h.HiveMQPlatformReconcilerBaseHandler - [helmcust] HiveMQ Platform is starting, 0 of 1 replicas are ready
2025-01-30 04:02:06,560 INFO c.h.h.t.HelmChartContainer - [EVENT] Normal [Created] Created container: hivemq [helmcustomextensionit:test-hivemq-platform-0]
2025-01-30 04:02:06,561 INFO c.h.h.t.HelmChartContainer - Received Created event for container hivemq in pod test-hivemq-platform-0 [68431e1c-e002-455d-b579-3ae0078893b9]
2025-01-30 04:02:07,321 INFO c.h.h.t.HelmChartContainer - [POD] test-hivemq-platform-0 [68431e1c-e002-455d-b579-3ae0078893b9] in helmcustomextensionit was MODIFIED
2025-01-30 04:02:07,331 INFO c.h.h.t.HelmChartContainer - Started log watcher for hivemq in pod test-hivemq-platform-0 [68431e1c-e002-455d-b579-3ae0078893b9]
2025-01-30 04:02:07,331 INFO c.h.h.t.HelmChartContainer - [EVENT] Normal [Started] Started container hivemq [helmcustomextensionit:test-hivemq-platform-0]
2025-01-30 04:02:07,331 INFO c.h.h.t.HelmChartContainer - Received Started event for container hivemq in pod test-hivemq-platform-0 [68431e1c-e002-455d-b579-3ae0078893b9]
2025-01-30 04:02:07,333 INFO c.h.h.t.HelmChartContainer - [test-hivemq-platform] [hivemq] [68431e1c] Adding pre-installed HiveMQ Platform Operator extensions
2025-01-30 04:02:07,333 INFO c.h.h.t.HelmChartContainer - [test-hivemq-platform] [hivemq] [68431e1c] Running as user 10000
2025-01-30 04:02:07,334 INFO c.h.h.t.HelmChartContainer - [test-hivemq-platform] [hivemq] [68431e1c] Starting HiveMQ Platform Operator Init
2025-01-30 04:02:07,339 INFO c.h.h.t.HelmChartContainer - [hivemq-test-hivemq-platform] [hivemq-platform-operator] [270c128d] 04:02:07.335 [pool-6-thread-8] DEBUG c.h.p.o.d.PlatformServiceResource - [helmcust] Desired Platform services (3 services)
2025-01-30 04:02:07,339 INFO c.h.h.t.HelmChartContainer - [hivemq-test-hivemq-platform] [hivemq-platform-operator] [270c128d] 04:02:07.336 [pool-6-thread-9] DEBUG c.h.p.o.dependants.PodInfoConfigMap - [helmcust] Desired PodInfo ConfigMap (1 extensions) (1 enabled)
2025-01-30 04:02:07,339 INFO c.h.h.t.HelmChartContainer - [hivemq-test-hivemq-platform] [hivemq-platform-operator] [270c128d] 04:02:07.337 [pool-6-thread-9] DEBUG c.h.p.o.dependants.PodInfoConfigMap - [helmcust] Desired PodInfo ConfigMap (metrics port: 9399) (metrics path: /)
2025-01-30 04:02:07,340 INFO c.h.h.t.HelmChartContainer - [hivemq-test-hivemq-platform] [hivemq-platform-operator] [270c128d] 04:02:07.337 [pool-6-thread-9] DEBUG c.h.p.o.dependants.PodInfoConfigMap - [helmcust] Desired PodInfo ConfigMap (extension state hash: -773291941)
2025-01-30 04:02:07,341 INFO c.h.h.t.HelmChartContainer - [hivemq-test-hivemq-platform] [hivemq-platform-operator] [270c128d] 04:02:07.340 [pool-6-thread-9] DEBUG c.h.p.o.d.PodServiceAccountResource - [helmcust] Desired PodServiceAccountResource (serviceAccountName: hivemq-platform-pod-test-hivemq-platform)
2025-01-30 04:02:07,346 INFO c.h.h.t.HelmChartContainer - [hivemq-test-hivemq-platform] [hivemq-platform-operator] [270c128d] 04:02:07.345 [pool-6-thread-8] DEBUG c.h.p.o.d.StatefulSetResource - [helmcust] Desired StatefulSet (1 replicas) for status STARTING (READY)
2025-01-30 04:02:07,374 INFO c.h.h.t.HelmChartContainer - [hivemq-test-hivemq-platform] [hivemq-platform-operator] [270c128d] 04:02:07.371 [ReconcilerExecutor-hivemq-controller-107] INFO  c.h.p.o.HiveMQPlatformReconciler - [helmcust] Reconciling HiveMQ Platform 'test-hivemq-platform' in namespace 'helmcustomextensionit'
2025-01-30 04:02:07,374 INFO c.h.h.t.HelmChartContainer - [hivemq-test-hivemq-platform] [hivemq-platform-operator] [270c128d] 04:02:07.371 [ReconcilerExecutor-hivemq-controller-107] DEBUG c.h.p.o.HiveMQPlatformReconciler - [helmcust] Custom Resource Status STARTING - HiveMQ Platform is starting (READY)
2025-01-30 04:02:07,374 INFO c.h.h.t.HelmChartContainer - [hivemq-test-hivemq-platform] [hivemq-platform-operator] [270c128d] 04:02:07.371 [ReconcilerExecutor-hivemq-controller-107] DEBUG c.h.p.o.HiveMQPlatformReconciler - [helmcust] Custom Resource Spec (replicas: 1) (extensions: 1)
2025-01-30 04:02:07,376 INFO c.h.h.t.HelmChartContainer - [hivemq-test-hivemq-platform] [hivemq-platform-operator] [270c128d] 04:02:07.375 [ReconcilerExecutor-hivemq-controller-107] DEBUG c.h.p.o.HiveMQPlatformReconciler - [helmcust] StatefulSet Status (revision: test-hivemq-platform-58d745f97c, replicas: 1, available: 0, ready: 0, current: 1, updated: 1)
2025-01-30 04:02:07,377 INFO c.h.h.t.HelmChartContainer - [hivemq-test-hivemq-platform] [hivemq-platform-operator] [270c128d] 04:02:07.375 [ReconcilerExecutor-hivemq-controller-107] DEBUG c.h.p.o.HiveMQPlatformReconciler - [helmcust] StatefulSet Spec (replicas: 1, init containers: 1, containers: 1, volumes: 4)
2025-01-30 04:02:07,380 INFO c.h.h.t.HelmChartContainer - [hivemq-test-hivemq-platform] [hivemq-platform-operator] [270c128d] 04:02:07.379 [ReconcilerExecutor-hivemq-controller-107] DEBUG c.h.p.o.h.HiveMQPlatformReconcilerErrorHandler - [helmcust] Pod 'test-hivemq-platform-0' phase Running
2025-01-30 04:02:07,384 INFO c.h.h.t.HelmChartContainer - [hivemq-test-hivemq-platform] [hivemq-platform-operator] [270c128d] 04:02:07.383 [ReconcilerExecutor-hivemq-controller-107] INFO  c.h.p.o.h.HiveMQPlatformReconcilerBaseHandler - [helmcust] HiveMQ Platform is starting, 0 of 1 replicas are ready
2025-01-30 04:02:07,585 INFO c.h.h.t.HelmChartContainer - [K3S] [range_allocator.go:247] "Successfully synced" key="19066f879d23"
2025-01-30 04:02:07,775 INFO c.h.h.t.HelmChartContainer - [test-hivemq-platform] [hivemq] [68431e1c] INFO  - [HiveMQ Platform Operator Init 1.7.0-SNAPSHOT] HiveMQ Platform Operator Init 1.7.0-SNAPSHOT (commit: 47e3375 on branch: HEAD) built on Thu Jan 30 03:55:50 UTC 2025
2025-01-30 04:02:09,000 INFO c.h.h.t.HelmChartContainer - [test-hivemq-platform] [hivemq] [68431e1c] INFO  - [HiveMQ Platform Operator Init App 1.7.0-SNAPSHOT] Using bind address 10.42.0.9 from environment variable
2025-01-30 04:02:09,880 INFO c.h.h.t.HelmChartContainer - [test-hivemq-platform] [hivemq] [68431e1c] INFO  - [HiveMQ Platform Operator Init App 1.7.0-SNAPSHOT] HiveMQ Platform Operator Init App 1.7.0-SNAPSHOT (commit: 47e3375 on branch: HEAD) built on Thu Jan 30 03:55:50 UTC 2025
2025-01-30 04:02:09,881 INFO c.h.h.t.HelmChartContainer - [test-hivemq-platform] [hivemq] [68431e1c] INFO  - [HiveMQ Platform Operator Init App 1.7.0-SNAPSHOT] PodInfo ConfigMap directory: /etc/podinfo
2025-01-30 04:02:09,881 INFO c.h.h.t.HelmChartContainer - [test-hivemq-platform] [hivemq] [68431e1c] INFO  - [HiveMQ Platform Operator Init App 1.7.0-SNAPSHOT] HiveMQ home directory: /opt/hivemq
2025-01-30 04:02:09,881 INFO c.h.h.t.HelmChartContainer - [test-hivemq-platform] [hivemq] [68431e1c] INFO  - [HiveMQ Platform Operator Init App 1.7.0-SNAPSHOT] HiveMQ Logback folder: /opt/hivemq/conf
2025-01-30 04:02:09,881 INFO c.h.h.t.HelmChartContainer - [test-hivemq-platform] [hivemq] [68431e1c] INFO  - [HiveMQ Platform Operator Init App 1.7.0-SNAPSHOT] HiveMQ Config folder: /opt/hivemq/conf-k8s
2025-01-30 04:02:09,881 INFO c.h.h.t.HelmChartContainer - [test-hivemq-platform] [hivemq] [68431e1c] INFO  - [HiveMQ Platform Operator Init App 1.7.0-SNAPSHOT] Starting HiveMQ Platform Operator Init App
2025-01-30 04:02:09,881 INFO c.h.h.t.HelmChartContainer - [test-hivemq-platform] [hivemq] [68431e1c] INFO  - [HiveMQ Platform Operator Init App 1.7.0-SNAPSHOT] Starting Pod reconciler
2025-01-30 04:02:11,176 INFO c.h.h.t.HelmChartContainer - [test-hivemq-platform] [hivemq] [68431e1c] INFO  - [HiveMQ Platform Operator Init App 1.7.0-SNAPSHOT] Pod reconciler is scheduled (interval: 5000 ms)
2025-01-30 04:02:11,177 INFO c.h.h.t.HelmChartContainer - [test-hivemq-platform] [hivemq] [68431e1c] INFO  - [HiveMQ Platform Operator Init App 1.7.0-SNAPSHOT] Starting the REST API on 10.42.0.9:7979
2025-01-30 04:02:11,180 INFO c.h.h.t.HelmChartContainer - [test-hivemq-platform] [hivemq] [68431e1c] INFO  - [HiveMQ Platform Operator Init App 1.7.0-SNAPSHOT] Waiting up to 600s for at most 1 HiveMQ nodes in cluster service hivemq-test-hivemq-platform-cluster.helmcustomextensionit.svc
2025-01-30 04:02:11,477 INFO c.h.h.t.HelmChartContainer - [test-hivemq-platform] [hivemq] [68431e1c] INFO  - [HiveMQ Platform Operator Init App 1.7.0-SNAPSHOT] Resolved 1 IP addresses: [10.42.0.9]
2025-01-30 04:02:11,477 INFO c.h.h.t.HelmChartContainer - [test-hivemq-platform] [hivemq] [68431e1c] INFO  - [HiveMQ Platform Operator Init App 1.7.0-SNAPSHOT] HiveMQ node count of 1 is within threshold of 1
2025-01-30 04:02:11,477 INFO c.h.h.t.HelmChartContainer - [test-hivemq-platform] [hivemq] [68431e1c] INFO  - [HiveMQ Platform Operator Init App 1.7.0-SNAPSHOT] Proceeding with container start
2025-01-30 04:02:11,573 INFO c.h.h.t.HelmChartContainer - [test-hivemq-platform] [hivemq] [68431e1c] INFO  - [HiveMQ Platform Operator Init App 1.7.0-SNAPSHOT] Initializing HiveMQ Platform extensions with initial configuration: {hivemq-custom-test-extension={start-priority=-1, skip-https-hostname-verification=false, restart=true, config-version=0, header-version=803, request-header-path=/opt/hivemq/operator/secrets/custom-extension-auth-secret/, c-uri=, priority=-1, uri=http://nginx-service/hivemq-custom-test-extension-2.0.0.zip, skip-https-certificate-validation=false, enabled=true}, hivemq-prometheus-extension={restart=true, priority=-1, start-priority=-1, c-uri=, skip-https-hostname-verification=false, skip-https-certificate-validation=false, uri=preinstalled, request-header-path=no-request-headers, enabled=true}}
2025-01-30 04:02:11,574 INFO c.h.h.t.HelmChartContainer - [test-hivemq-platform] [hivemq] [68431e1c] INFO  - [HiveMQ Platform Operator Init App 1.7.0-SNAPSHOT] Installing custom extension hivemq-custom-test-extension from URL http://nginx-service/hivemq-custom-test-extension-2.0.0.zip
2025-01-30 04:02:11,576 INFO c.h.h.t.HelmChartContainer - [test-hivemq-platform] [hivemq] [68431e1c] INFO  - [HiveMQ Platform Operator Init App 1.7.0-SNAPSHOT] Downloading custom extension hivemq-custom-test-extension into '/tmp/hivemq-custom-test-extension12265351592606948881/extension.zip'
2025-01-30 04:02:11,577 INFO c.h.h.t.HelmChartContainer - [test-hivemq-platform] [hivemq] [68431e1c] INFO  - [HiveMQ Platform Operator Init App 1.7.0-SNAPSHOT] Adding 'Authorization' request header for custom extension hivemq-custom-test-extension
2025-01-30 04:02:11,677 INFO c.h.h.t.HelmChartContainer - [nginx-9476f8bf6-2t4w] [nginx] [27035290] 10.42.0.9 - admin [30/Jan/2025:04:02:11 +0000] "GET /hivemq-custom-test-extension-2.0.0.zip HTTP/1.1" 200 11637 "-" "Java-http-client/21.0.5" "-"
2025-01-30 04:02:11,769 INFO c.h.h.t.HelmChartContainer - [test-hivemq-platform] [hivemq] [68431e1c] INFO  - [HiveMQ Platform Operator Init App 1.7.0-SNAPSHOT] Copy extension from '/tmp/hivemq-custom-test-extension12265351592606948881/hivemq-custom-test-extension' to '/opt/hivemq/extensions/hivemq-custom-test-extension'
2025-01-30 04:02:11,770 INFO c.h.h.t.HelmChartContainer - [test-hivemq-platform] [hivemq] [68431e1c] INFO  - [HiveMQ Platform Operator Init App 1.7.0-SNAPSHOT] Found hivemq-extension.xml in folder '/tmp/hivemq-custom-test-extension12265351592606948881/hivemq-custom-test-extension/hivemq-custom-test-extension'
2025-01-30 04:02:12,173 INFO c.h.h.t.HelmChartContainer - [test-hivemq-platform] [hivemq] [68431e1c] INFO  - [HiveMQ Platform Operator Init App 1.7.0-SNAPSHOT] Extension hivemq-custom-test-extension was already enabled
2025-01-30 04:02:12,186 INFO c.h.h.t.HelmChartContainer - [test-hivemq-platform] [hivemq] [68431e1c] INFO  - [HiveMQ Platform Operator Init App 1.7.0-SNAPSHOT] Successfully enabled extension hivemq-prometheus-extension
2025-01-30 04:02:12,264 INFO c.h.h.t.HelmChartContainer - [test-hivemq-platform] [hivemq] [68431e1c] INFO  - [HiveMQ Platform Operator Init App 1.7.0-SNAPSHOT] Starting HiveMQ Platform version 4.36.0 (4.36.0)
2025-01-30 04:02:12,264 INFO c.h.h.t.HelmChartContainer - [test-hivemq-platform] [hivemq] [68431e1c] INFO  - [HiveMQ Platform Operator Init App 1.7.0-SNAPSHOT] Configuring the HiveMQ Platform
2025-01-30 04:02:12,275 INFO c.h.h.t.HelmChartContainer - [test-hivemq-platform] [hivemq] [68431e1c] INFO  - [HiveMQ Platform Operator Init App 1.7.0-SNAPSHOT] Changed logback.xml file scan period to 20 seconds
2025-01-30 04:02:12,375 INFO c.h.h.t.HelmChartContainer - [test-hivemq-platform] [hivemq] [68431e1c] INFO  - [HiveMQ Platform Operator Init App 1.7.0-SNAPSHOT] Starting the HiveMQ Platform
2025-01-30 04:02:12,378 INFO c.h.h.t.HelmChartContainer - [test-hivemq-platform] [hivemq] [68431e1c] -------------------------------------------------------------------------
2025-01-30 04:02:12,379 INFO c.h.h.t.HelmChartContainer - [test-hivemq-platform] [hivemq] [68431e1c] 
2025-01-30 04:02:12,379 INFO c.h.h.t.HelmChartContainer - [test-hivemq-platform] [hivemq] [68431e1c]                   _    _  _              __  __   ____
2025-01-30 04:02:12,379 INFO c.h.h.t.HelmChartContainer - [test-hivemq-platform] [hivemq] [68431e1c]                  | |  | |(_)            |  \/  | / __ \
2025-01-30 04:02:12,379 INFO c.h.h.t.HelmChartContainer - [test-hivemq-platform] [hivemq] [68431e1c]                  | |__| | _ __   __ ___ | \  / || |  | |
2025-01-30 04:02:12,379 INFO c.h.h.t.HelmChartContainer - [test-hivemq-platform] [hivemq] [68431e1c]                  |  __  || |\ \ / // _ \| |\/| || |  | |
2025-01-30 04:02:12,379 INFO c.h.h.t.HelmChartContainer - [test-hivemq-platform] [hivemq] [68431e1c]                  | |  | || | \ V /|  __/| |  | || |__| |
2025-01-30 04:02:12,379 INFO c.h.h.t.HelmChartContainer - [test-hivemq-platform] [hivemq] [68431e1c]                  |_|  |_||_|  \_/  \___||_|  |_| \___\_\
2025-01-30 04:02:12,379 INFO c.h.h.t.HelmChartContainer - [test-hivemq-platform] [hivemq] [68431e1c] 
2025-01-30 04:02:12,379 INFO c.h.h.t.HelmChartContainer - [test-hivemq-platform] [hivemq] [68431e1c] -------------------------------------------------------------------------
2025-01-30 04:02:12,379 INFO c.h.h.t.HelmChartContainer - [test-hivemq-platform] [hivemq] [68431e1c] 
2025-01-30 04:02:12,379 INFO c.h.h.t.HelmChartContainer - [test-hivemq-platform] [hivemq] [68431e1c]   HiveMQ Start Script for Linux/Unix v1.14
2025-01-30 04:02:12,380 INFO c.h.h.t.HelmChartContainer - [test-hivemq-platform] [hivemq] [68431e1c] 
2025-01-30 04:02:12,481 INFO c.h.h.t.HelmChartContainer - [test-hivemq-platform] [hivemq] [68431e1c] -------------------------------------------------------------------------
2025-01-30 04:02:12,481 INFO c.h.h.t.HelmChartContainer - [test-hivemq-platform] [hivemq] [68431e1c] 
2025-01-30 04:02:12,481 INFO c.h.h.t.HelmChartContainer - [test-hivemq-platform] [hivemq] [68431e1c]   HIVEMQ_HOME: /opt/hivemq
2025-01-30 04:02:12,481 INFO c.h.h.t.HelmChartContainer - [test-hivemq-platform] [hivemq] [68431e1c] 
2025-01-30 04:02:12,481 INFO c.h.h.t.HelmChartContainer - [test-hivemq-platform] [hivemq] [68431e1c]   JAVA_OPTS: -XX:+UnlockExperimentalVMOptions -XX:InitialRAMPercentage=50 -XX:MaxRAMPercentage=50 -Djava.net.preferIPv4Stack=true --add-opens java.base/java.lang=ALL-UNNAMED --add-opens java.base/java.nio=ALL-UNNAMED --add-opens java.base/sun.nio.ch=ALL-UNNAMED --add-opens jdk.management/com.sun.management.internal=ALL-UNNAMED --add-exports java.base/jdk.internal.misc=ALL-UNNAMED -Djava.security.egd=file:/dev/./urandom -Dcom.sun.management.jmxremote -Dcom.sun.management.jmxremote.port=9010 -Dcom.sun.management.jmxremote.local.only=false -Dcom.sun.management.jmxremote.authenticate=false -Dcom.sun.management.jmxremote.ssl=false -Duser.language=en -Duser.region=US -XX:+CrashOnOutOfMemoryError -XX:+HeapDumpOnOutOfMemoryError
2025-01-30 04:02:12,481 INFO c.h.h.t.HelmChartContainer - [test-hivemq-platform] [hivemq] [68431e1c] 
2025-01-30 04:02:12,481 INFO c.h.h.t.HelmChartContainer - [test-hivemq-platform] [hivemq] [68431e1c]   JAVA_VERSION: 21
2025-01-30 04:02:12,482 INFO c.h.h.t.HelmChartContainer - [test-hivemq-platform] [hivemq] [68431e1c] 
2025-01-30 04:02:12,482 INFO c.h.h.t.HelmChartContainer - [test-hivemq-platform] [hivemq] [68431e1c] -------------------------------------------------------------------------
2025-01-30 04:02:12,482 INFO c.h.h.t.HelmChartContainer - [test-hivemq-platform] [hivemq] [68431e1c] 
2025-01-30 04:02:13,372 INFO c.h.h.t.HelmChartContainer - [test-hivemq-platform] [hivemq] [68431e1c] INFO  - [HiveMQ Platform Operator Init App 1.7.0-SNAPSHOT] Returning default Health API response 503 for readiness
2025-01-30 04:02:13,678 INFO c.h.h.t.HelmChartContainer - [EVENT] Warning [Unhealthy] Readiness probe failed: HTTP probe failed with statuscode: 503 [helmcustomextensionit:test-hivemq-platform-0]
2025-01-30 04:02:13,678 INFO c.h.h.t.HelmChartContainer - Received Unhealthy event for container hivemq in pod test-hivemq-platform-0 [68431e1c-e002-455d-b579-3ae0078893b9]
2025-01-30 04:02:15,076 INFO c.h.h.t.HelmChartContainer - [test-hivemq-platform] [hivemq] [68431e1c] INFO  - Starting HiveMQ Enterprise Server
2025-01-30 04:02:15,082 INFO c.h.h.t.HelmChartContainer - [test-hivemq-platform] [hivemq] [68431e1c] INFO  - HiveMQ version: 4.36.0
2025-01-30 04:02:15,083 INFO c.h.h.t.HelmChartContainer - [test-hivemq-platform] [hivemq] [68431e1c] INFO  - HiveMQ home directory: /opt/hivemq
2025-01-30 04:02:15,083 INFO c.h.h.t.HelmChartContainer - [test-hivemq-platform] [hivemq] [68431e1c] INFO  - Log Configuration was overridden by /opt/hivemq/conf/logback.xml
2025-01-30 04:02:16,288 INFO c.h.h.t.HelmChartContainer - [test-hivemq-platform] [hivemq] [68431e1c] INFO  - Successfully loaded configuration from '/opt/hivemq/conf-k8s/config.xml'.
2025-01-30 04:02:16,778 INFO c.h.h.t.HelmChartContainer - [nginx-9476f8bf6-2t4w] [nginx] [27035290] 2025/01/30 04:02:16 [info] 22#22: *1 client 10.42.0.9 closed keepalive connection
2025-01-30 04:02:17,068 INFO c.h.h.t.HelmChartContainer - [test-hivemq-platform] [hivemq] [68431e1c] INFO  - This node's ID is v4neQ
2025-01-30 04:02:17,069 INFO c.h.h.t.HelmChartContainer - [test-hivemq-platform] [hivemq] [68431e1c] INFO  - Clustering is enabled
2025-01-30 04:02:17,391 INFO c.h.h.t.HelmChartContainer - [hivemq-test-hivemq-platform] [hivemq-platform-operator] [270c128d] 04:02:17.387 [pool-6-thread-14] DEBUG c.h.p.o.d.PlatformServiceResource - [helmcust] Desired Platform services (3 services)
2025-01-30 04:02:17,391 INFO c.h.h.t.HelmChartContainer - [hivemq-test-hivemq-platform] [hivemq-platform-operator] [270c128d] 04:02:17.388 [pool-6-thread-16] DEBUG c.h.p.o.dependants.PodInfoConfigMap - [helmcust] Desired PodInfo ConfigMap (1 extensions) (1 enabled)
2025-01-30 04:02:17,391 INFO c.h.h.t.HelmChartContainer - [hivemq-test-hivemq-platform] [hivemq-platform-operator] [270c128d] 04:02:17.388 [pool-6-thread-16] DEBUG c.h.p.o.dependants.PodInfoConfigMap - [helmcust] Desired PodInfo ConfigMap (metrics port: 9399) (metrics path: /)
2025-01-30 04:02:17,391 INFO c.h.h.t.HelmChartContainer - [hivemq-test-hivemq-platform] [hivemq-platform-operator] [270c128d] 04:02:17.388 [pool-6-thread-16] DEBUG c.h.p.o.dependants.PodInfoConfigMap - [helmcust] Desired PodInfo ConfigMap (extension state hash: -773291941)
2025-01-30 04:02:17,391 INFO c.h.h.t.HelmChartContainer - [hivemq-test-hivemq-platform] [hivemq-platform-operator] [270c128d] 04:02:17.389 [pool-6-thread-11] DEBUG c.h.p.o.d.PodServiceAccountResource - [helmcust] Desired PodServiceAccountResource (serviceAccountName: hivemq-platform-pod-test-hivemq-platform)
2025-01-30 04:02:17,395 INFO c.h.h.t.HelmChartContainer - [hivemq-test-hivemq-platform] [hivemq-platform-operator] [270c128d] 04:02:17.394 [pool-6-thread-14] DEBUG c.h.p.o.d.StatefulSetResource - [helmcust] Desired StatefulSet (1 replicas) for status STARTING (READY)
2025-01-30 04:02:17,398 INFO c.h.h.t.HelmChartContainer - [hivemq-test-hivemq-platform] [hivemq-platform-operator] [270c128d] 04:02:17.397 [ReconcilerExecutor-hivemq-controller-108] INFO  c.h.p.o.HiveMQPlatformReconciler - [helmcust] Reconciling HiveMQ Platform 'test-hivemq-platform' in namespace 'helmcustomextensionit'
2025-01-30 04:02:17,399 INFO c.h.h.t.HelmChartContainer - [hivemq-test-hivemq-platform] [hivemq-platform-operator] [270c128d] 04:02:17.397 [ReconcilerExecutor-hivemq-controller-108] DEBUG c.h.p.o.HiveMQPlatformReconciler - [helmcust] Custom Resource Status STARTING - HiveMQ Platform is starting (READY)
2025-01-30 04:02:17,400 INFO c.h.h.t.HelmChartContainer - [hivemq-test-hivemq-platform] [hivemq-platform-operator] [270c128d] 04:02:17.397 [ReconcilerExecutor-hivemq-controller-108] DEBUG c.h.p.o.HiveMQPlatformReconciler - [helmcust] Custom Resource Spec (replicas: 1) (extensions: 1)
2025-01-30 04:02:17,400 INFO c.h.h.t.HelmChartContainer - [hivemq-test-hivemq-platform] [hivemq-platform-operator] [270c128d] 04:02:17.399 [ReconcilerExecutor-hivemq-controller-108] DEBUG c.h.p.o.HiveMQPlatformReconciler - [helmcust] StatefulSet Status (revision: test-hivemq-platform-58d745f97c, replicas: 1, available: 0, ready: 0, current: 1, updated: 1)
2025-01-30 04:02:17,400 INFO c.h.h.t.HelmChartContainer - [hivemq-test-hivemq-platform] [hivemq-platform-operator] [270c128d] 04:02:17.399 [ReconcilerExecutor-hivemq-controller-108] DEBUG c.h.p.o.HiveMQPlatformReconciler - [helmcust] StatefulSet Spec (replicas: 1, init containers: 1, containers: 1, volumes: 4)
2025-01-30 04:02:17,402 INFO c.h.h.t.HelmChartContainer - [hivemq-test-hivemq-platform] [hivemq-platform-operator] [270c128d] 04:02:17.400 [ReconcilerExecutor-hivemq-controller-108] DEBUG c.h.p.o.h.HiveMQPlatformReconcilerErrorHandler - [helmcust] Pod 'test-hivemq-platform-0' phase Running
2025-01-30 04:02:17,402 INFO c.h.h.t.HelmChartContainer - [hivemq-test-hivemq-platform] [hivemq-platform-operator] [270c128d] 04:02:17.401 [ReconcilerExecutor-hivemq-controller-108] INFO  c.h.p.o.h.HiveMQPlatformReconcilerBaseHandler - [helmcust] HiveMQ Platform is starting, 0 of 1 replicas are ready
2025-01-30 04:02:18,376 INFO c.h.h.t.HelmChartContainer - [test-hivemq-platform] [hivemq] [68431e1c] WARN  - [HiveMQ Platform Operator Init App 1.7.0-SNAPSHOT] Cannot connect to Health API for readiness: null
2025-01-30 04:02:18,381 INFO c.h.h.t.HelmChartContainer - [EVENT] Warning [Unhealthy] Readiness probe failed: HTTP probe failed with statuscode: 503 [helmcustomextensionit:test-hivemq-platform-0]
2025-01-30 04:02:18,381 INFO c.h.h.t.HelmChartContainer - Received Unhealthy event for container hivemq in pod test-hivemq-platform-0 [68431e1c-e002-455d-b579-3ae0078893b9]
2025-01-30 04:02:21,570 INFO c.h.h.t.HelmChartContainer - [test-hivemq-platform] [hivemq] [68431e1c] Jan 30, 2025 4:02:21 AM io.vertx.core.impl.BlockedThreadChecker
2025-01-30 04:02:21,571 INFO c.h.h.t.HelmChartContainer - [test-hivemq-platform] [hivemq] [68431e1c] WARNING: Thread Thread[vert.x-eventloop-thread-1,5,main] has been blocked for 2400 ms, time limit is 2000 ms
2025-01-30 04:02:22,169 INFO c.h.h.t.HelmChartContainer - [test-hivemq-platform] [hivemq] [68431e1c] INFO  - [HiveMQ Platform Operator Init App 1.7.0-SNAPSHOT] Updating Pod HiveMQ Platform Operator Init App version annotation (version: 1.7.0-SNAPSHOT)
2025-01-30 04:02:22,853 INFO c.h.h.t.HelmChartContainer - [POD] test-hivemq-platform-0 [68431e1c-e002-455d-b579-3ae0078893b9] in helmcustomextensionit was MODIFIED
2025-01-30 04:02:22,858 INFO c.h.h.t.HelmChartContainer - [hivemq-test-hivemq-platform] [hivemq-platform-operator] [270c128d] 04:02:22.856 [pool-6-thread-21] DEBUG c.h.p.o.d.PlatformServiceResource - [helmcust] Desired Platform services (3 services)
2025-01-30 04:02:22,861 INFO c.h.h.t.HelmChartContainer - [hivemq-test-hivemq-platform] [hivemq-platform-operator] [270c128d] 04:02:22.858 [pool-6-thread-23] DEBUG c.h.p.o.dependants.PodInfoConfigMap - [helmcust] Desired PodInfo ConfigMap (1 extensions) (1 enabled)
2025-01-30 04:02:22,862 INFO c.h.h.t.HelmChartContainer - [hivemq-test-hivemq-platform] [hivemq-platform-operator] [270c128d] 04:02:22.858 [pool-6-thread-23] DEBUG c.h.p.o.dependants.PodInfoConfigMap - [helmcust] Desired PodInfo ConfigMap (metrics port: 9399) (metrics path: /)
2025-01-30 04:02:22,862 INFO c.h.h.t.HelmChartContainer - [hivemq-test-hivemq-platform] [hivemq-platform-operator] [270c128d] 04:02:22.858 [pool-6-thread-23] DEBUG c.h.p.o.dependants.PodInfoConfigMap - [helmcust] Desired PodInfo ConfigMap (extension state hash: -773291941)
2025-01-30 04:02:22,862 INFO c.h.h.t.HelmChartContainer - [hivemq-test-hivemq-platform] [hivemq-platform-operator] [270c128d] 04:02:22.859 [pool-6-thread-25] DEBUG c.h.p.o.d.PodServiceAccountResource - [helmcust] Desired PodServiceAccountResource (serviceAccountName: hivemq-platform-pod-test-hivemq-platform)
2025-01-30 04:02:22,869 INFO c.h.h.t.HelmChartContainer - [test-hivemq-platform] [hivemq] [68431e1c] WARN  - [HiveMQ Platform Operator Init App 1.7.0-SNAPSHOT] Cannot connect to Health API for readiness: null
2025-01-30 04:02:22,872 INFO c.h.h.t.HelmChartContainer - [hivemq-test-hivemq-platform] [hivemq-platform-operator] [270c128d] 04:02:22.868 [pool-6-thread-21] DEBUG c.h.p.o.d.StatefulSetResource - [helmcust] Desired StatefulSet (1 replicas) for status STARTING (READY)
2025-01-30 04:02:22,876 INFO c.h.h.t.HelmChartContainer - [test-hivemq-platform] [hivemq] [68431e1c] INFO  - [HiveMQ Platform Operator Init App 1.7.0-SNAPSHOT] Successfully updated Pod HiveMQ Platform Operator Init App version annotation (version: 1.7.0-SNAPSHOT)
2025-01-30 04:02:22,882 INFO c.h.h.t.HelmChartContainer - [EVENT] Warning [Unhealthy] Readiness probe failed: HTTP probe failed with statuscode: 503 [helmcustomextensionit:test-hivemq-platform-0]
2025-01-30 04:02:22,882 INFO c.h.h.t.HelmChartContainer - Received Unhealthy event for container hivemq in pod test-hivemq-platform-0 [68431e1c-e002-455d-b579-3ae0078893b9]
2025-01-30 04:02:22,888 INFO c.h.h.t.HelmChartContainer - [hivemq-test-hivemq-platform] [hivemq-platform-operator] [270c128d] 04:02:22.885 [ReconcilerExecutor-hivemq-controller-109] INFO  c.h.p.o.HiveMQPlatformReconciler - [helmcust] Reconciling HiveMQ Platform 'test-hivemq-platform' in namespace 'helmcustomextensionit'
2025-01-30 04:02:22,888 INFO c.h.h.t.HelmChartContainer - [hivemq-test-hivemq-platform] [hivemq-platform-operator] [270c128d] 04:02:22.885 [ReconcilerExecutor-hivemq-controller-109] DEBUG c.h.p.o.HiveMQPlatformReconciler - [helmcust] Custom Resource Status STARTING - HiveMQ Platform is starting (READY)
2025-01-30 04:02:22,888 INFO c.h.h.t.HelmChartContainer - [hivemq-test-hivemq-platform] [hivemq-platform-operator] [270c128d] 04:02:22.885 [ReconcilerExecutor-hivemq-controller-109] DEBUG c.h.p.o.HiveMQPlatformReconciler - [helmcust] Custom Resource Spec (replicas: 1) (extensions: 1)
2025-01-30 04:02:22,890 INFO c.h.h.t.HelmChartContainer - [hivemq-test-hivemq-platform] [hivemq-platform-operator] [270c128d] 04:02:22.889 [ReconcilerExecutor-hivemq-controller-109] DEBUG c.h.p.o.HiveMQPlatformReconciler - [helmcust] StatefulSet Status (revision: test-hivemq-platform-58d745f97c, replicas: 1, available: 0, ready: 0, current: 1, updated: 1)
2025-01-30 04:02:22,893 INFO c.h.h.t.HelmChartContainer - [hivemq-test-hivemq-platform] [hivemq-platform-operator] [270c128d] 04:02:22.889 [ReconcilerExecutor-hivemq-controller-109] DEBUG c.h.p.o.HiveMQPlatformReconciler - [helmcust] StatefulSet Spec (replicas: 1, init containers: 1, containers: 1, volumes: 4)
2025-01-30 04:02:22,893 INFO c.h.h.t.HelmChartContainer - [hivemq-test-hivemq-platform] [hivemq-platform-operator] [270c128d] 04:02:22.892 [ReconcilerExecutor-hivemq-controller-109] DEBUG c.h.p.o.h.HiveMQPlatformReconcilerErrorHandler - [helmcust] Pod 'test-hivemq-platform-0' phase Running
2025-01-30 04:02:22,895 INFO c.h.h.t.HelmChartContainer - [hivemq-test-hivemq-platform] [hivemq-platform-operator] [270c128d] 04:02:22.894 [ReconcilerExecutor-hivemq-controller-109] INFO  c.h.p.o.h.HiveMQPlatformReconcilerBaseHandler - [helmcust] HiveMQ Platform is starting, 0 of 1 replicas are ready
2025-01-30 04:02:27,870 INFO c.h.h.t.HelmChartContainer - [test-hivemq-platform] [hivemq] [68431e1c] WARN  - [HiveMQ Platform Operator Init App 1.7.0-SNAPSHOT] Cannot connect to Health API for readiness: null
2025-01-30 04:02:27,875 INFO c.h.h.t.HelmChartContainer - [EVENT] Warning [Unhealthy] Readiness probe failed: HTTP probe failed with statuscode: 503 [helmcustomextensionit:test-hivemq-platform-0]
2025-01-30 04:02:27,875 INFO c.h.h.t.HelmChartContainer - Received Unhealthy event for container hivemq in pod test-hivemq-platform-0 [68431e1c-e002-455d-b579-3ae0078893b9]
2025-01-30 04:02:32,868 INFO c.h.h.t.HelmChartContainer - [test-hivemq-platform] [hivemq] [68431e1c] WARN  - [HiveMQ Platform Operator Init App 1.7.0-SNAPSHOT] Cannot connect to Health API for readiness: null
2025-01-30 04:02:32,874 INFO c.h.h.t.HelmChartContainer - [EVENT] Warning [Unhealthy] Readiness probe failed: HTTP probe failed with statuscode: 503 [helmcustomextensionit:test-hivemq-platform-0]
2025-01-30 04:02:32,874 INFO c.h.h.t.HelmChartContainer - Received Unhealthy event for container hivemq in pod test-hivemq-platform-0 [68431e1c-e002-455d-b579-3ae0078893b9]
2025-01-30 04:02:32,899 INFO c.h.h.t.HelmChartContainer - [hivemq-test-hivemq-platform] [hivemq-platform-operator] [270c128d] 04:02:32.897 [pool-6-thread-37] DEBUG c.h.p.o.d.PlatformServiceResource - [helmcust] Desired Platform services (3 services)
2025-01-30 04:02:32,899 INFO c.h.h.t.HelmChartContainer - [hivemq-test-hivemq-platform] [hivemq-platform-operator] [270c128d] 04:02:32.897 [pool-6-thread-36] DEBUG c.h.p.o.dependants.PodInfoConfigMap - [helmcust] Desired PodInfo ConfigMap (1 extensions) (1 enabled)
2025-01-30 04:02:32,899 INFO c.h.h.t.HelmChartContainer - [hivemq-test-hivemq-platform] [hivemq-platform-operator] [270c128d] 04:02:32.898 [pool-6-thread-36] DEBUG c.h.p.o.dependants.PodInfoConfigMap - [helmcust] Desired PodInfo ConfigMap (metrics port: 9399) (metrics path: /)
2025-01-30 04:02:32,899 INFO c.h.h.t.HelmChartContainer - [hivemq-test-hivemq-platform] [hivemq-platform-operator] [270c128d] 04:02:32.898 [pool-6-thread-36] DEBUG c.h.p.o.dependants.PodInfoConfigMap - [helmcust] Desired PodInfo ConfigMap (extension state hash: -773291941)
2025-01-30 04:02:32,902 INFO c.h.h.t.HelmChartContainer - [hivemq-test-hivemq-platform] [hivemq-platform-operator] [270c128d] 04:02:32.899 [pool-6-thread-36] DEBUG c.h.p.o.d.PodServiceAccountResource - [helmcust] Desired PodServiceAccountResource (serviceAccountName: hivemq-platform-pod-test-hivemq-platform)
2025-01-30 04:02:32,905 INFO c.h.h.t.HelmChartContainer - [hivemq-test-hivemq-platform] [hivemq-platform-operator] [270c128d] 04:02:32.905 [pool-6-thread-32] DEBUG c.h.p.o.d.StatefulSetResource - [helmcust] Desired StatefulSet (1 replicas) for status STARTING (READY)
2025-01-30 04:02:32,911 INFO c.h.h.t.HelmChartContainer - [hivemq-test-hivemq-platform] [hivemq-platform-operator] [270c128d] 04:02:32.909 [ReconcilerExecutor-hivemq-controller-110] INFO  c.h.p.o.HiveMQPlatformReconciler - [helmcust] Reconciling HiveMQ Platform 'test-hivemq-platform' in namespace 'helmcustomextensionit'
2025-01-30 04:02:32,912 INFO c.h.h.t.HelmChartContainer - [hivemq-test-hivemq-platform] [hivemq-platform-operator] [270c128d] 04:02:32.909 [ReconcilerExecutor-hivemq-controller-110] DEBUG c.h.p.o.HiveMQPlatformReconciler - [helmcust] Custom Resource Status STARTING - HiveMQ Platform is starting (READY)
2025-01-30 04:02:32,912 INFO c.h.h.t.HelmChartContainer - [hivemq-test-hivemq-platform] [hivemq-platform-operator] [270c128d] 04:02:32.909 [ReconcilerExecutor-hivemq-controller-110] DEBUG c.h.p.o.HiveMQPlatformReconciler - [helmcust] Custom Resource Spec (replicas: 1) (extensions: 1)
2025-01-30 04:02:32,912 INFO c.h.h.t.HelmChartContainer - [hivemq-test-hivemq-platform] [hivemq-platform-operator] [270c128d] 04:02:32.910 [ReconcilerExecutor-hivemq-controller-110] DEBUG c.h.p.o.HiveMQPlatformReconciler - [helmcust] StatefulSet Status (revision: test-hivemq-platform-58d745f97c, replicas: 1, available: 0, ready: 0, current: 1, updated: 1)
2025-01-30 04:02:32,912 INFO c.h.h.t.HelmChartContainer - [hivemq-test-hivemq-platform] [hivemq-platform-operator] [270c128d] 04:02:32.910 [ReconcilerExecutor-hivemq-controller-110] DEBUG c.h.p.o.HiveMQPlatformReconciler - [helmcust] StatefulSet Spec (replicas: 1, init containers: 1, containers: 1, volumes: 4)
2025-01-30 04:02:32,912 INFO c.h.h.t.HelmChartContainer - [hivemq-test-hivemq-platform] [hivemq-platform-operator] [270c128d] 04:02:32.912 [ReconcilerExecutor-hivemq-controller-110] DEBUG c.h.p.o.h.HiveMQPlatformReconcilerErrorHandler - [helmcust] Pod 'test-hivemq-platform-0' phase Running
2025-01-30 04:02:32,913 INFO c.h.h.t.HelmChartContainer - [hivemq-test-hivemq-platform] [hivemq-platform-operator] [270c128d] 04:02:32.913 [ReconcilerExecutor-hivemq-controller-110] INFO  c.h.p.o.h.HiveMQPlatformReconcilerBaseHandler - [helmcust] HiveMQ Platform is starting, 0 of 1 replicas are ready
2025-01-30 04:02:32,979 INFO c.h.h.t.HelmChartContainer - [test-hivemq-platform] [hivemq] [68431e1c] WARN  - [HiveMQ Platform Operator Init App 1.7.0-SNAPSHOT] Cannot connect to Health API for liveness: null
2025-01-30 04:02:32,980 INFO c.h.h.t.HelmChartContainer - [test-hivemq-platform] [hivemq] [68431e1c] INFO  - [HiveMQ Platform Operator Init App 1.7.0-SNAPSHOT] Returning default Health API response 200 for liveness
2025-01-30 04:02:33,666 INFO c.h.h.t.HelmChartContainer - [test-hivemq-platform] [hivemq] [68431e1c] INFO  - No valid license file found. Using trial license, restricted to 25 connections.
2025-01-30 04:02:36,777 INFO c.h.h.t.HelmChartContainer - [test-hivemq-platform] [hivemq] [68431e1c] INFO  - No valid license file for Data Hub found. Using free license, restricted to 1 policy.
2025-01-30 04:02:37,868 INFO c.h.h.t.HelmChartContainer - [test-hivemq-platform] [hivemq] [68431e1c] WARN  - [HiveMQ Platform Operator Init App 1.7.0-SNAPSHOT] Cannot connect to Health API for readiness: null
2025-01-30 04:02:37,873 INFO c.h.h.t.HelmChartContainer - [EVENT] Warning [Unhealthy] Readiness probe failed: HTTP probe failed with statuscode: 503 [helmcustomextensionit:test-hivemq-platform-0]
2025-01-30 04:02:37,873 INFO c.h.h.t.HelmChartContainer - Received Unhealthy event for container hivemq in pod test-hivemq-platform-0 [68431e1c-e002-455d-b579-3ae0078893b9]
2025-01-30 04:02:37,965 INFO c.h.h.t.HelmChartContainer - [test-hivemq-platform] [hivemq] [68431e1c] INFO  - Audit Logger started.
2025-01-30 04:02:38,271 INFO c.h.h.t.HelmChartContainer - [test-hivemq-platform] [hivemq] [68431e1c] INFO  - This node uses '1' CPU cores.
2025-01-30 04:02:38,277 INFO c.h.h.t.HelmChartContainer - [test-hivemq-platform] [hivemq] [68431e1c] INFO  - Starting HiveMQ Health API on address 0.0.0.0 and port 8889
2025-01-30 04:02:39,066 INFO c.h.h.t.HelmChartContainer - [test-hivemq-platform] [hivemq] [68431e1c] INFO  - Started HiveMQ Health API in 789ms
2025-01-30 04:02:39,593 INFO c.h.h.t.HelmChartContainer - [test-hivemq-platform] [hivemq] [68431e1c] INFO  - Starting HiveMQ extension system.
2025-01-30 04:02:39,879 INFO c.h.h.t.HelmChartContainer - [test-hivemq-platform] [hivemq] [68431e1c] INFO  - Starting extension with id "hivemq-dns-cluster-discovery" at /opt/hivemq/extensions/hivemq-dns-cluster-discovery
2025-01-30 04:02:40,371 INFO c.h.h.t.HelmChartContainer - [test-hivemq-platform] [hivemq] [68431e1c] INFO  - Extension "DNS Cluster Discovery Extension" version 4.3.2 started successfully.
2025-01-30 04:02:40,371 INFO c.h.h.t.HelmChartContainer - [test-hivemq-platform] [hivemq] [68431e1c] INFO  - Starting extension with id "hivemq-custom-test-extension" at /opt/hivemq/extensions/hivemq-custom-test-extension
2025-01-30 04:02:40,371 INFO c.h.h.t.HelmChartContainer - [test-hivemq-platform] [hivemq] [68431e1c] INFO  - HiveMQ Custom Test Extension started
2025-01-30 04:02:40,371 INFO c.h.h.t.HelmChartContainer - [test-hivemq-platform] [hivemq] [68431e1c] INFO  - Extension "HiveMQ Custom Test Extension" version 2.0.0 started successfully.
2025-01-30 04:02:40,371 INFO c.h.h.testcontainer.LogWaiterUtil - TEST Found log pattern on 'test-hivemq-platform-0': .*Extension "HiveMQ Custom Test Extension" version 2.0.0 started successfully.
2025-01-30 04:02:40,372 INFO c.h.h.t.HelmChartContainer - [test-hivemq-platform] [hivemq] [68431e1c] INFO  - Starting extension with id "hivemq-prometheus-extension" at /opt/hivemq/extensions/hivemq-prometheus-extension
2025-01-30 04:02:40,452 INFO c.h.h.t.HelmChartContainer - [test-hivemq-platform] [hivemq] [68431e1c] INFO  - Using TCP cluster transport on address 10.42.0.9 and port 7000
2025-01-30 04:02:40,470 INFO c.h.h.t.HelmChartContainer - [test-hivemq-platform] [hivemq] [68431e1c] INFO  - Using extension cluster discovery
2025-01-30 04:02:41,275 INFO c.h.h.t.HelmChartContainer - [test-hivemq-platform] [hivemq] [68431e1c] INFO  - Started Jetty Server exposing Prometheus Servlet on URI http://0.0.0.0:9399/
2025-01-30 04:02:41,276 INFO c.h.h.t.HelmChartContainer - [test-hivemq-platform] [hivemq] [68431e1c] INFO  - Extension "Prometheus Monitoring Extension" version 4.0.12 started successfully.
2025-01-30 04:02:41,276 INFO c.h.h.t.HelmChartContainer - [test-hivemq-platform] [hivemq] [68431e1c] INFO  - Starting extension with id "hivemq-allow-all-extension" at /opt/hivemq/extensions/hivemq-allow-all-extension
2025-01-30 04:02:41,277 INFO c.h.h.t.HelmChartContainer - [test-hivemq-platform] [hivemq] [68431e1c] WARN  - 
2025-01-30 04:02:41,277 INFO c.h.h.t.HelmChartContainer - [test-hivemq-platform] [hivemq] [68431e1c] ################################################################################################################
2025-01-30 04:02:41,277 INFO c.h.h.t.HelmChartContainer - [test-hivemq-platform] [hivemq] [68431e1c] # This HiveMQ deployment is not secure! You are lacking Authentication and Authorization.                      #
2025-01-30 04:02:41,277 INFO c.h.h.t.HelmChartContainer - [test-hivemq-platform] [hivemq] [68431e1c] # Right now any MQTT client can connect to the broker with a full set of permissions.                          #
2025-01-30 04:02:41,277 INFO c.h.h.t.HelmChartContainer - [test-hivemq-platform] [hivemq] [68431e1c] # For production usage, add an appropriate security extension and remove the hivemq-allow-all extension.       #
2025-01-30 04:02:41,277 INFO c.h.h.t.HelmChartContainer - [test-hivemq-platform] [hivemq] [68431e1c] # You can download security extensions from the HiveMQ Marketplace (https://www.hivemq.com/extensions/).       #
2025-01-30 04:02:41,277 INFO c.h.h.t.HelmChartContainer - [test-hivemq-platform] [hivemq] [68431e1c] ################################################################################################################
2025-01-30 04:02:41,277 INFO c.h.h.t.HelmChartContainer - [test-hivemq-platform] [hivemq] [68431e1c] INFO  - Extension "Allow All Extension" version 1.1.1 started successfully.
2025-01-30 04:02:42,918 INFO c.h.h.t.HelmChartContainer - [hivemq-test-hivemq-platform] [hivemq-platform-operator] [270c128d] 04:02:42.916 [pool-6-thread-46] DEBUG c.h.p.o.d.PlatformServiceResource - [helmcust] Desired Platform services (3 services)
2025-01-30 04:02:42,919 INFO c.h.h.t.HelmChartContainer - [hivemq-test-hivemq-platform] [hivemq-platform-operator] [270c128d] 04:02:42.916 [pool-6-thread-42] DEBUG c.h.p.o.dependants.PodInfoConfigMap - [helmcust] Desired PodInfo ConfigMap (1 extensions) (1 enabled)
2025-01-30 04:02:42,919 INFO c.h.h.t.HelmChartContainer - [hivemq-test-hivemq-platform] [hivemq-platform-operator] [270c128d] 04:02:42.917 [pool-6-thread-42] DEBUG c.h.p.o.dependants.PodInfoConfigMap - [helmcust] Desired PodInfo ConfigMap (metrics port: 9399) (metrics path: /)
2025-01-30 04:02:42,919 INFO c.h.h.t.HelmChartContainer - [hivemq-test-hivemq-platform] [hivemq-platform-operator] [270c128d] 04:02:42.917 [pool-6-thread-42] DEBUG c.h.p.o.dependants.PodInfoConfigMap - [helmcust] Desired PodInfo ConfigMap (extension state hash: -773291941)
2025-01-30 04:02:42,920 INFO c.h.h.t.HelmChartContainer - [hivemq-test-hivemq-platform] [hivemq-platform-operator] [270c128d] 04:02:42.917 [pool-6-thread-45] DEBUG c.h.p.o.d.PodServiceAccountResource - [helmcust] Desired PodServiceAccountResource (serviceAccountName: hivemq-platform-pod-test-hivemq-platform)
2025-01-30 04:02:42,924 INFO c.h.h.t.HelmChartContainer - [hivemq-test-hivemq-platform] [hivemq-platform-operator] [270c128d] 04:02:42.923 [pool-6-thread-50] DEBUG c.h.p.o.d.StatefulSetResource - [helmcust] Desired StatefulSet (1 replicas) for status STARTING (READY)
2025-01-30 04:02:42,968 INFO c.h.h.t.HelmChartContainer - [hivemq-test-hivemq-platform] [hivemq-platform-operator] [270c128d] 04:02:42.965 [ReconcilerExecutor-hivemq-controller-111] INFO  c.h.p.o.HiveMQPlatformReconciler - [helmcust] Reconciling HiveMQ Platform 'test-hivemq-platform' in namespace 'helmcustomextensionit'
2025-01-30 04:02:42,968 INFO c.h.h.t.HelmChartContainer - [hivemq-test-hivemq-platform] [hivemq-platform-operator] [270c128d] 04:02:42.965 [ReconcilerExecutor-hivemq-controller-111] DEBUG c.h.p.o.HiveMQPlatformReconciler - [helmcust] Custom Resource Status STARTING - HiveMQ Platform is starting (READY)
2025-01-30 04:02:42,968 INFO c.h.h.t.HelmChartContainer - [hivemq-test-hivemq-platform] [hivemq-platform-operator] [270c128d] 04:02:42.965 [ReconcilerExecutor-hivemq-controller-111] DEBUG c.h.p.o.HiveMQPlatformReconciler - [helmcust] Custom Resource Spec (replicas: 1) (extensions: 1)
2025-01-30 04:02:42,975 INFO c.h.h.t.HelmChartContainer - [hivemq-test-hivemq-platform] [hivemq-platform-operator] [270c128d] 04:02:42.972 [ReconcilerExecutor-hivemq-controller-111] DEBUG c.h.p.o.HiveMQPlatformReconciler - [helmcust] StatefulSet Status (revision: test-hivemq-platform-58d745f97c, replicas: 1, available: 0, ready: 0, current: 1, updated: 1)
2025-01-30 04:02:42,975 INFO c.h.h.t.HelmChartContainer - [hivemq-test-hivemq-platform] [hivemq-platform-operator] [270c128d] 04:02:42.972 [ReconcilerExecutor-hivemq-controller-111] DEBUG c.h.p.o.HiveMQPlatformReconciler - [helmcust] StatefulSet Spec (replicas: 1, init containers: 1, containers: 1, volumes: 4)
2025-01-30 04:02:42,975 INFO c.h.h.t.HelmChartContainer - [hivemq-test-hivemq-platform] [hivemq-platform-operator] [270c128d] 04:02:42.974 [ReconcilerExecutor-hivemq-controller-111] DEBUG c.h.p.o.h.HiveMQPlatformReconcilerErrorHandler - [helmcust] Pod 'test-hivemq-platform-0' phase Running
2025-01-30 04:02:42,978 INFO c.h.h.t.HelmChartContainer - [hivemq-test-hivemq-platform] [hivemq-platform-operator] [270c128d] 04:02:42.975 [ReconcilerExecutor-hivemq-controller-111] INFO  c.h.p.o.h.HiveMQPlatformReconcilerBaseHandler - [helmcust] HiveMQ Platform is starting, 0 of 1 replicas are ready
2025-01-30 04:02:43,272 INFO c.h.h.t.HelmChartContainer - [test-hivemq-platform] [hivemq] [68431e1c] INFO  - [HiveMQ Platform Operator Init App 1.7.0-SNAPSHOT] Returning Health API response 503 for readiness
2025-01-30 04:02:43,276 INFO c.h.h.t.HelmChartContainer - [EVENT] Warning [Unhealthy] Readiness probe failed: HTTP probe failed with statuscode: 503 [helmcustomextensionit:test-hivemq-platform-0]
2025-01-30 04:02:43,276 INFO c.h.h.t.HelmChartContainer - Received Unhealthy event for container hivemq in pod test-hivemq-platform-0 [68431e1c-e002-455d-b579-3ae0078893b9]
2025-01-30 04:02:43,373 INFO c.h.h.t.HelmChartContainer - [test-hivemq-platform] [hivemq] [68431e1c] INFO  - v4neQ: no members discovered after 2304 ms: creating cluster as first member
2025-01-30 04:02:43,379 INFO c.h.h.t.HelmChartContainer - [test-hivemq-platform] [hivemq] [68431e1c] INFO  - Cluster nodes found by discovery: [v4neQ|0] (1) [v4neQ].
2025-01-30 04:02:43,465 INFO c.h.h.t.HelmChartContainer - [test-hivemq-platform] [hivemq] [68431e1c] WARN  - No user for HiveMQ Control Center configured. Starting with default user
2025-01-30 04:02:43,466 INFO c.h.h.t.HelmChartContainer - [test-hivemq-platform] [hivemq] [68431e1c] INFO  - Starting HiveMQ Control Center on address 0.0.0.0 and port 8080
2025-01-30 04:02:43,468 INFO c.h.h.t.HelmChartContainer - [test-hivemq-platform] [hivemq] [68431e1c] INFO  - Mounting HiveMQ Control Center V2 Preview
2025-01-30 04:02:44,071 INFO c.h.h.t.HelmChartContainer - [test-hivemq-platform] [hivemq] [68431e1c] INFO  - Started HiveMQ Control Center in 671ms
2025-01-30 04:02:44,085 INFO c.h.h.t.HelmChartContainer - [test-hivemq-platform] [hivemq] [68431e1c] INFO  - Starting TCP listener on address 0.0.0.0 and port 1883
2025-01-30 04:02:44,098 INFO c.h.h.t.HelmChartContainer - [test-hivemq-platform] [hivemq] [68431e1c] INFO  - Started TCP Listener on address 0.0.0.0 and on port 1883.
2025-01-30 04:02:44,098 INFO c.h.h.t.HelmChartContainer - [test-hivemq-platform] [hivemq] [68431e1c] INFO  - Started HiveMQ in 29419ms
2025-01-30 04:02:47,857 INFO c.h.h.t.HelmChartContainer - [test-hivemq-platform] [hivemq] [68431e1c] INFO  - [HiveMQ Platform Operator Init App 1.7.0-SNAPSHOT] Returning Health API response 200 for readiness
2025-01-30 04:02:47,870 INFO c.h.h.t.HelmChartContainer - [POD] test-hivemq-platform-0 [68431e1c-e002-455d-b579-3ae0078893b9] in helmcustomextensionit was MODIFIED
2025-01-30 04:02:47,880 INFO c.h.h.t.HelmChartContainer - [hivemq-test-hivemq-platform] [hivemq-platform-operator] [270c128d] 04:02:47.876 [pool-6-thread-6] DEBUG c.h.p.o.d.PlatformServiceResource - [helmcust] Desired Platform services (3 services)
2025-01-30 04:02:47,892 INFO c.h.h.t.HelmChartContainer - [hivemq-test-hivemq-platform] [hivemq-platform-operator] [270c128d] 04:02:47.882 [pool-6-thread-5] DEBUG c.h.p.o.dependants.PodInfoConfigMap - [helmcust] Desired PodInfo ConfigMap (1 extensions) (1 enabled)
2025-01-30 04:02:47,892 INFO c.h.h.t.HelmChartContainer - [hivemq-test-hivemq-platform] [hivemq-platform-operator] [270c128d] 04:02:47.882 [pool-6-thread-5] DEBUG c.h.p.o.dependants.PodInfoConfigMap - [helmcust] Desired PodInfo ConfigMap (metrics port: 9399) (metrics path: /)
2025-01-30 04:02:47,892 INFO c.h.h.t.HelmChartContainer - [hivemq-test-hivemq-platform] [hivemq-platform-operator] [270c128d] 04:02:47.882 [pool-6-thread-5] DEBUG c.h.p.o.dependants.PodInfoConfigMap - [helmcust] Desired PodInfo ConfigMap (extension state hash: -773291941)
2025-01-30 04:02:47,892 INFO c.h.h.t.HelmChartContainer - [hivemq-test-hivemq-platform] [hivemq-platform-operator] [270c128d] 04:02:47.883 [pool-6-thread-5] DEBUG c.h.p.o.d.PodServiceAccountResource - [helmcust] Desired PodServiceAccountResource (serviceAccountName: hivemq-platform-pod-test-hivemq-platform)
2025-01-30 04:02:47,892 INFO c.h.h.t.HelmChartContainer - [hivemq-test-hivemq-platform] [hivemq-platform-operator] [270c128d] 04:02:47.887 [pool-6-thread-5] DEBUG c.h.p.o.d.StatefulSetResource - [helmcust] Desired StatefulSet (1 replicas) for status STARTING (READY)
2025-01-30 04:02:47,893 INFO c.h.h.t.HelmChartContainer - [hivemq-test-hivemq-platform] [hivemq-platform-operator] [270c128d] 04:02:47.890 [ReconcilerExecutor-hivemq-controller-112] INFO  c.h.p.o.HiveMQPlatformReconciler - [helmcust] Reconciling HiveMQ Platform 'test-hivemq-platform' in namespace 'helmcustomextensionit'
2025-01-30 04:02:47,893 INFO c.h.h.t.HelmChartContainer - [hivemq-test-hivemq-platform] [hivemq-platform-operator] [270c128d] 04:02:47.890 [ReconcilerExecutor-hivemq-controller-112] DEBUG c.h.p.o.HiveMQPlatformReconciler - [helmcust] Custom Resource Status STARTING - HiveMQ Platform is starting (READY)
2025-01-30 04:02:47,893 INFO c.h.h.t.HelmChartContainer - [hivemq-test-hivemq-platform] [hivemq-platform-operator] [270c128d] 04:02:47.890 [ReconcilerExecutor-hivemq-controller-112] DEBUG c.h.p.o.HiveMQPlatformReconciler - [helmcust] Custom Resource Spec (replicas: 1) (extensions: 1)
2025-01-30 04:02:47,960 INFO c.h.h.t.HelmChartContainer - [hivemq-test-hivemq-platform] [hivemq-platform-operator] [270c128d] 04:02:47.959 [ReconcilerExecutor-hivemq-controller-112] DEBUG c.h.p.o.HiveMQPlatformReconciler - [helmcust] StatefulSet Status (revision: test-hivemq-platform-58d745f97c, replicas: 1, available: 0, ready: 0, current: 1, updated: 1)
2025-01-30 04:02:47,961 INFO c.h.h.t.HelmChartContainer - [hivemq-test-hivemq-platform] [hivemq-platform-operator] [270c128d] 04:02:47.959 [ReconcilerExecutor-hivemq-controller-112] DEBUG c.h.p.o.HiveMQPlatformReconciler - [helmcust] StatefulSet Spec (replicas: 1, init containers: 1, containers: 1, volumes: 4)
2025-01-30 04:02:47,964 INFO c.h.h.t.HelmChartContainer - [hivemq-test-hivemq-platform] [hivemq-platform-operator] [270c128d] 04:02:47.963 [ReconcilerExecutor-hivemq-controller-112] DEBUG c.h.p.o.h.HiveMQPlatformReconcilerErrorHandler - [helmcust] Pod 'test-hivemq-platform-0' phase Running
2025-01-30 04:02:47,966 INFO c.h.h.t.HelmChartContainer - [hivemq-test-hivemq-platform] [hivemq-platform-operator] [270c128d] 04:02:47.964 [ReconcilerExecutor-hivemq-controller-112] INFO  c.h.p.o.h.HiveMQPlatformReconcilerBaseHandler - [helmcust] HiveMQ Platform is starting, 0 of 1 replicas are ready
2025-01-30 04:02:47,968 INFO c.h.h.t.HelmChartContainer - [hivemq-test-hivemq-platform] [hivemq-platform-operator] [270c128d] 04:02:47.967 [pool-6-thread-13] DEBUG c.h.p.o.d.PlatformServiceResource - [helmcust] Desired Platform services (3 services)
2025-01-30 04:02:47,970 INFO c.h.h.t.HelmChartContainer - [hivemq-test-hivemq-platform] [hivemq-platform-operator] [270c128d] 04:02:47.969 [pool-6-thread-19] DEBUG c.h.p.o.d.PodServiceAccountResource - [helmcust] Desired PodServiceAccountResource (serviceAccountName: hivemq-platform-pod-test-hivemq-platform)
2025-01-30 04:02:47,973 INFO c.h.h.t.HelmChartContainer - [hivemq-test-hivemq-platform] [hivemq-platform-operator] [270c128d] 04:02:47.971 [pool-6-thread-11] DEBUG c.h.p.o.dependants.PodInfoConfigMap - [helmcust] Desired PodInfo ConfigMap (1 extensions) (1 enabled)
2025-01-30 04:02:47,973 INFO c.h.h.t.HelmChartContainer - [hivemq-test-hivemq-platform] [hivemq-platform-operator] [270c128d] 04:02:47.972 [pool-6-thread-11] DEBUG c.h.p.o.dependants.PodInfoConfigMap - [helmcust] Desired PodInfo ConfigMap (metrics port: 9399) (metrics path: /)
2025-01-30 04:02:47,974 INFO c.h.h.t.HelmChartContainer - [hivemq-test-hivemq-platform] [hivemq-platform-operator] [270c128d] 04:02:47.972 [pool-6-thread-11] DEBUG c.h.p.o.dependants.PodInfoConfigMap - [helmcust] Desired PodInfo ConfigMap (extension state hash: -773291941)
2025-01-30 04:02:47,977 INFO c.h.h.t.HelmChartContainer - [hivemq-test-hivemq-platform] [hivemq-platform-operator] [270c128d] 04:02:47.976 [pool-6-thread-15] DEBUG c.h.p.o.d.StatefulSetResource - [helmcust] Desired StatefulSet (1 replicas) for status STARTING (READY)
2025-01-30 04:02:47,981 INFO c.h.h.t.HelmChartContainer - [hivemq-test-hivemq-platform] [hivemq-platform-operator] [270c128d] 04:02:47.980 [ReconcilerExecutor-hivemq-controller-113] INFO  c.h.p.o.HiveMQPlatformReconciler - [helmcust] Reconciling HiveMQ Platform 'test-hivemq-platform' in namespace 'helmcustomextensionit'
2025-01-30 04:02:47,981 INFO c.h.h.t.HelmChartContainer - [hivemq-test-hivemq-platform] [hivemq-platform-operator] [270c128d] 04:02:47.980 [ReconcilerExecutor-hivemq-controller-113] DEBUG c.h.p.o.HiveMQPlatformReconciler - [helmcust] Custom Resource Status STARTING - HiveMQ Platform is starting (READY)
2025-01-30 04:02:48,064 INFO c.h.h.t.HelmChartContainer - [hivemq-test-hivemq-platform] [hivemq-platform-operator] [270c128d] 04:02:48.063 [ReconcilerExecutor-hivemq-controller-113] DEBUG c.h.p.o.HiveMQPlatformReconciler - [helmcust] Custom Resource Spec (replicas: 1) (extensions: 1)
2025-01-30 04:02:48,066 INFO c.h.h.t.HelmChartContainer - [hivemq-test-hivemq-platform] [hivemq-platform-operator] [270c128d] 04:02:48.065 [ReconcilerExecutor-hivemq-controller-113] DEBUG c.h.p.o.HiveMQPlatformReconciler - [helmcust] StatefulSet Status (revision: test-hivemq-platform-58d745f97c, replicas: 1, available: 1, ready: 1, current: 1, updated: 1)
2025-01-30 04:02:48,066 INFO c.h.h.t.HelmChartContainer - [hivemq-test-hivemq-platform] [hivemq-platform-operator] [270c128d] 04:02:48.065 [ReconcilerExecutor-hivemq-controller-113] DEBUG c.h.p.o.HiveMQPlatformReconciler - [helmcust] StatefulSet Spec (replicas: 1, init containers: 1, containers: 1, volumes: 4)
2025-01-30 04:02:48,068 INFO c.h.h.t.HelmChartContainer - [hivemq-test-hivemq-platform] [hivemq-platform-operator] [270c128d] 04:02:48.067 [ReconcilerExecutor-hivemq-controller-113] DEBUG c.h.p.o.h.HiveMQPlatformReconcilerErrorHandler - [helmcust] Pod 'test-hivemq-platform-0' phase Running
2025-01-30 04:02:48,070 INFO c.h.h.t.HelmChartContainer - [hivemq-test-hivemq-platform] [hivemq-platform-operator] [270c128d] 04:02:48.068 [ReconcilerExecutor-hivemq-controller-113] INFO  c.h.p.o.h.HiveMQPlatformReconcilerBaseHandler - [helmcust] HiveMQ Platform started successfully
2025-01-30 04:02:48,165 INFO c.h.h.t.HelmChartContainer - [hivemq-test-hivemq-platform] [hivemq-platform-operator] [270c128d] 04:02:48.163 [ReconcilerExecutor-hivemq-controller-113] DEBUG c.h.p.operator.event.EventSender - [helmcust] Creating K8s event hivemq-platform-ready: [Ready] HiveMQ Platform is ready
2025-01-30 04:02:48,169 INFO c.h.h.t.HelmChartContainer - [EVENT] Normal [Ready] HiveMQ Platform is ready [helmcustomextensionit:test-hivemq-platform]
2025-01-30 04:02:48,171 INFO c.h.h.t.HelmChartContainer - [hivemq-test-hivemq-platform] [hivemq-platform-operator] [270c128d] 04:02:48.170 [ReconcilerExecutor-hivemq-controller-113] INFO  c.h.p.o.h.AbstractHiveMQReconcilerStateHandler - [helmcust] Update HiveMQ Platform Status (STARTING [READY] -> RUNNING [READY]): HiveMQ Platform is ready
2025-01-30 04:02:48,180 DEBUG com.hivemq.helmcharts.util.K8sUtil - Comparing actual state 'RUNNING' and waiting for 'RUNNING'
2025-01-30 04:02:50,191 INFO c.h.h.t.HelmChartContainer - Uninstalling release 'test-hivemq-platform' in namespace 'helmcustomextensionit'...
2025-01-30 04:02:50,191 DEBUG c.h.h.t.HelmChartContainer - Executing helm command: /bin/helm --kubeconfig /etc/rancher/k3s/k3s.yaml uninstall test-hivemq-platform  --wait --timeout 5m0s --cascade foreground --namespace helmcustomextensionit
2025-01-30 04:02:50,381 INFO c.h.h.t.HelmChartContainer - [hivemq-test-hivemq-platform] [hivemq-platform-operator] [270c128d] 04:02:50.374 [pool-6-thread-27] DEBUG c.h.p.o.d.PlatformServiceResource - [helmcust] Desired Platform services (3 services)
2025-01-30 04:02:50,383 INFO c.h.h.t.HelmChartContainer - [hivemq-test-hivemq-platform] [hivemq-platform-operator] [270c128d] 04:02:50.376 [pool-6-thread-29] DEBUG c.h.p.o.d.PodServiceAccountResource - [helmcust] Desired PodServiceAccountResource (serviceAccountName: hivemq-platform-pod-test-hivemq-platform)
2025-01-30 04:02:50,383 INFO c.h.h.t.HelmChartContainer - [hivemq-test-hivemq-platform] [hivemq-platform-operator] [270c128d] 04:02:50.378 [pool-6-thread-24] DEBUG c.h.p.o.dependants.PodInfoConfigMap - [helmcust] Desired PodInfo ConfigMap (1 extensions) (1 enabled)
2025-01-30 04:02:50,383 INFO c.h.h.t.HelmChartContainer - [hivemq-test-hivemq-platform] [hivemq-platform-operator] [270c128d] 04:02:50.378 [pool-6-thread-24] DEBUG c.h.p.o.dependants.PodInfoConfigMap - [helmcust] Desired PodInfo ConfigMap (metrics port: 9399) (metrics path: /)
2025-01-30 04:02:50,383 INFO c.h.h.t.HelmChartContainer - [hivemq-test-hivemq-platform] [hivemq-platform-operator] [270c128d] 04:02:50.378 [pool-6-thread-24] DEBUG c.h.p.o.dependants.PodInfoConfigMap - [helmcust] Desired PodInfo ConfigMap (extension state hash: -773291941)
2025-01-30 04:02:50,383 INFO c.h.h.t.HelmChartContainer - [hivemq-test-hivemq-platform] [hivemq-platform-operator] [270c128d] 04:02:50.378 [pool-6-thread-24] DEBUG c.h.p.o.dependants.PodInfoConfigMap - [helmcust] Update PodInfo ConfigMap
2025-01-30 04:02:50,566 INFO c.h.h.t.HelmChartContainer - [hivemq-test-hivemq-platform] [hivemq-platform-operator] [270c128d] 04:02:50.561 [ReconcilerExecutor-hivemq-controller-114] ERROR i.j.o.p.event.EventProcessor - Error during event processing ExecutionScope{ resource id: ResourceID{name='test-hivemq-platform', namespace='helmcustomextensionit'}, version: 893}
2025-01-30 04:02:50,567 INFO c.h.h.t.HelmChartContainer - [hivemq-test-hivemq-platform] [hivemq-platform-operator] [270c128d] io.javaoperatorsdk.operator.OperatorException: io.javaoperatorsdk.operator.AggregatedOperatorException: Exception(s) during workflow execution. Details:
2025-01-30 04:02:50,581 INFO c.h.h.t.HelmChartContainer - [hivemq-test-hivemq-platform] [hivemq-platform-operator] [270c128d]  - com.hivemq.platform.operator.dependants.PodInfoConfigMap -> io.fabric8.kubernetes.client.KubernetesClientException: Failure executing: PUT at: https://10.43.0.1:443/api/v1/namespaces/helmcustomextensionit/configmaps/hivemq-platform-test-hivemq-platform-dynamic-state. Message: Operation cannot be fulfilled on configmaps "hivemq-platform-test-hivemq-platform-dynamic-state": StorageError: invalid object, Code: 4, Key: /registry/configmaps/helmcustomextensionit/hivemq-platform-test-hivemq-platform-dynamic-state, ResourceVersion: 0, AdditionalErrorMsg: Precondition failed: UID in precondition: 0da049ef-8055-4a4e-9dd2-7ef691cc7c9e, UID in object meta: . Received status: Status(apiVersion=v1, code=409, details=StatusDetails(causes=[], group=null, kind=configmaps, name=hivemq-platform-test-hivemq-platform-dynamic-state, retryAfterSeconds=null, uid=null, additionalProperties={}), kind=Status, message=Operation cannot be fulfilled on configmaps "hivemq-platform-test-hivemq-platform-dynamic-state": StorageError: invalid object, Code: 4, Key: /registry/configmaps/helmcustomextensionit/hivemq-platform-test-hivemq-platform-dynamic-state, ResourceVersion: 0, AdditionalErrorMsg: Precondition failed: UID in precondition: 0da049ef-8055-4a4e-9dd2-7ef691cc7c9e, UID in object meta: , metadata=ListMeta(_continue=null, remainingItemCount=null, resourceVersion=null, selfLink=null, additionalProperties={}), reason=Conflict, status=Failure, additionalProperties={}).
2025-01-30 04:02:50,581 INFO c.h.h.t.HelmChartContainer - [hivemq-test-hivemq-platform] [hivemq-platform-operator] [270c128d] 	at io.fabric8.kubernetes.client.KubernetesClientException.copyAsCause(KubernetesClientException.java:238)
2025-01-30 04:02:50,581 INFO c.h.h.t.HelmChartContainer - [hivemq-test-hivemq-platform] [hivemq-platform-operator] [270c128d] 	at io.fabric8.kubernetes.client.dsl.internal.OperationSupport.waitForResult(OperationSupport.java:507)
2025-01-30 04:02:50,581 INFO c.h.h.t.HelmChartContainer - [hivemq-test-hivemq-platform] [hivemq-platform-operator] [270c128d] 	at io.fabric8.kubernetes.client.dsl.internal.OperationSupport.handleResponse(OperationSupport.java:524)
2025-01-30 04:02:50,581 INFO c.h.h.t.HelmChartContainer - [hivemq-test-hivemq-platform] [hivemq-platform-operator] [270c128d] 	at io.fabric8.kubernetes.client.dsl.internal.OperationSupport.handleUpdate(OperationSupport.java:358)
2025-01-30 04:02:50,581 INFO c.h.h.t.HelmChartContainer - [hivemq-test-hivemq-platform] [hivemq-platform-operator] [270c128d] 	at io.fabric8.kubernetes.client.dsl.internal.BaseOperation.handleUpdate(BaseOperation.java:759)
2025-01-30 04:02:50,581 INFO c.h.h.t.HelmChartContainer - [hivemq-test-hivemq-platform] [hivemq-platform-operator] [270c128d] 	at io.fabric8.kubernetes.client.dsl.internal.HasMetadataOperation.update(HasMetadataOperation.java:138)
2025-01-30 04:02:50,581 INFO c.h.h.t.HelmChartContainer - [hivemq-test-hivemq-platform] [hivemq-platform-operator] [270c128d] 	at io.fabric8.kubernetes.client.dsl.internal.HasMetadataOperation.update(HasMetadataOperation.java:121)
2025-01-30 04:02:50,581 INFO c.h.h.t.HelmChartContainer - [hivemq-test-hivemq-platform] [hivemq-platform-operator] [270c128d] 	at io.fabric8.kubernetes.client.dsl.internal.HasMetadataOperation.update(HasMetadataOperation.java:44)
2025-01-30 04:02:50,581 INFO c.h.h.t.HelmChartContainer - [hivemq-test-hivemq-platform] [hivemq-platform-operator] [270c128d] 	at io.fabric8.kubernetes.client.extension.ResourceAdapter.update(ResourceAdapter.java:345)
2025-01-30 04:02:50,582 INFO c.h.h.t.HelmChartContainer - [hivemq-test-hivemq-platform] [hivemq-platform-operator] [270c128d] 	at io.javaoperatorsdk.operator.processing.dependent.kubernetes.KubernetesDependentResource.update(KubernetesDependentResource.java:140)
2025-01-30 04:02:50,582 INFO c.h.h.t.HelmChartContainer - [hivemq-test-hivemq-platform] [hivemq-platform-operator] [270c128d] 	at com.hivemq.platform.operator.dependants.PodInfoConfigMap.update(PodInfoConfigMap.java:167)
2025-01-30 04:02:50,582 INFO c.h.h.t.HelmChartContainer - [hivemq-test-hivemq-platform] [hivemq-platform-operator] [270c128d] 	at com.hivemq.platform.operator.dependants.PodInfoConfigMap.update(PodInfoConfigMap.java:39)
2025-01-30 04:02:50,582 INFO c.h.h.t.HelmChartContainer - [hivemq-test-hivemq-platform] [hivemq-platform-operator] [270c128d] 	at io.javaoperatorsdk.operator.processing.dependent.AbstractDependentResource.handleUpdate(AbstractDependentResource.java:148)
2025-01-30 04:02:50,582 INFO c.h.h.t.HelmChartContainer - [hivemq-test-hivemq-platform] [hivemq-platform-operator] [270c128d] 	at io.javaoperatorsdk.operator.processing.dependent.AbstractDependentResource.reconcile(AbstractDependentResource.java:72)
2025-01-30 04:02:50,582 INFO c.h.h.t.HelmChartContainer - [hivemq-test-hivemq-platform] [hivemq-platform-operator] [270c128d] 	at io.javaoperatorsdk.operator.processing.dependent.SingleDependentResourceReconciler.reconcile(SingleDependentResourceReconciler.java:19)
2025-01-30 04:02:50,582 INFO c.h.h.t.HelmChartContainer - [hivemq-test-hivemq-platform] [hivemq-platform-operator] [270c128d] 	at io.javaoperatorsdk.operator.processing.dependent.AbstractDependentResource.reconcile(AbstractDependentResource.java:52)
2025-01-30 04:02:50,582 INFO c.h.h.t.HelmChartContainer - [hivemq-test-hivemq-platform] [hivemq-platform-operator] [270c128d] 	at com.hivemq.platform.operator.dependants.PodInfoConfigMap.reconcile(PodInfoConfigMap.java:74)
2025-01-30 04:02:50,582 INFO c.h.h.t.HelmChartContainer - [hivemq-test-hivemq-platform] [hivemq-platform-operator] [270c128d] 	at com.hivemq.platform.operator.dependants.PodInfoConfigMap.reconcile(PodInfoConfigMap.java:39)
2025-01-30 04:02:50,582 INFO c.h.h.t.HelmChartContainer - [hivemq-test-hivemq-platform] [hivemq-platform-operator] [270c128d] 	at io.javaoperatorsdk.operator.processing.dependent.workflow.WorkflowReconcileExecutor$NodeReconcileExecutor.doRun(WorkflowReconcileExecutor.java:123)
2025-01-30 04:02:50,582 INFO c.h.h.t.HelmChartContainer - [hivemq-test-hivemq-platform] [hivemq-platform-operator] [270c128d] 	at io.javaoperatorsdk.operator.processing.dependent.workflow.NodeExecutor.run(NodeExecutor.java:22)
2025-01-30 04:02:50,582 INFO c.h.h.t.HelmChartContainer - [hivemq-test-hivemq-platform] [hivemq-platform-operator] [270c128d] 	at java.base/java.util.concurrent.Executors$RunnableAdapter.call(Unknown Source)
2025-01-30 04:02:50,582 INFO c.h.h.t.HelmChartContainer - [hivemq-test-hivemq-platform] [hivemq-platform-operator] [270c128d] 	at java.base/java.util.concurrent.FutureTask.run(Unknown Source)
2025-01-30 04:02:50,582 INFO c.h.h.t.HelmChartContainer - [hivemq-test-hivemq-platform] [hivemq-platform-operator] [270c128d] 	at java.base/java.util.concurrent.ThreadPoolExecutor.runWorker(Unknown Source)
2025-01-30 04:02:50,582 INFO c.h.h.t.HelmChartContainer - [hivemq-test-hivemq-platform] [hivemq-platform-operator] [270c128d] 	at java.base/java.util.concurrent.ThreadPoolExecutor$Worker.run(Unknown Source)
2025-01-30 04:02:50,582 INFO c.h.h.t.HelmChartContainer - [hivemq-test-hivemq-platform] [hivemq-platform-operator] [270c128d] 	at java.base/java.lang.Thread.run(Unknown Source)
2025-01-30 04:02:50,582 INFO c.h.h.t.HelmChartContainer - [hivemq-test-hivemq-platform] [hivemq-platform-operator] [270c128d] Caused by: io.fabric8.kubernetes.client.KubernetesClientException: Failure executing: PUT at: https://10.43.0.1:443/api/v1/namespaces/helmcustomextensionit/configmaps/hivemq-platform-test-hivemq-platform-dynamic-state. Message: Operation cannot be fulfilled on configmaps "hivemq-platform-test-hivemq-platform-dynamic-state": StorageError: invalid object, Code: 4, Key: /registry/configmaps/helmcustomextensionit/hivemq-platform-test-hivemq-platform-dynamic-state, ResourceVersion: 0, AdditionalErrorMsg: Precondition failed: UID in precondition: 0da049ef-8055-4a4e-9dd2-7ef691cc7c9e, UID in object meta: . Received status: Status(apiVersion=v1, code=409, details=StatusDetails(causes=[], group=null, kind=configmaps, name=hivemq-platform-test-hivemq-platform-dynamic-state, retryAfterSeconds=null, uid=null, additionalProperties={}), kind=Status, message=Operation cannot be fulfilled on configmaps "hivemq-platform-test-hivemq-platform-dynamic-state": StorageError: invalid object, Code: 4, Key: /registry/configmaps/helmcustomextensionit/hivemq-platform-test-hivemq-platform-dynamic-state, ResourceVersion: 0, AdditionalErrorMsg: Precondition failed: UID in precondition: 0da049ef-8055-4a4e-9dd2-7ef691cc7c9e, UID in object meta: , metadata=ListMeta(_continue=null, remainingItemCount=null, resourceVersion=null, selfLink=null, additionalProperties={}), reason=Conflict, status=Failure, additionalProperties={}).
2025-01-30 04:02:50,582 INFO c.h.h.t.HelmChartContainer - [hivemq-test-hivemq-platform] [hivemq-platform-operator] [270c128d] 	at io.fabric8.kubernetes.client.dsl.internal.OperationSupport.requestFailure(OperationSupport.java:660)
2025-01-30 04:02:50,582 INFO c.h.h.t.HelmChartContainer - [hivemq-test-hivemq-platform] [hivemq-platform-operator] [270c128d] 	at io.fabric8.kubernetes.client.dsl.internal.OperationSupport.requestFailure(OperationSupport.java:640)
2025-01-30 04:02:50,582 INFO c.h.h.t.HelmChartContainer - [hivemq-test-hivemq-platform] [hivemq-platform-operator] [270c128d] 	at io.fabric8.kubernetes.client.dsl.internal.OperationSupport.assertResponseCode(OperationSupport.java:589)
2025-01-30 04:02:50,582 INFO c.h.h.t.HelmChartContainer - [hivemq-test-hivemq-platform] [hivemq-platform-operator] [270c128d] 	at io.fabric8.kubernetes.client.dsl.internal.OperationSupport.lambda$handleResponse$0(OperationSupport.java:549)
2025-01-30 04:02:50,582 INFO c.h.h.t.HelmChartContainer - [hivemq-test-hivemq-platform] [hivemq-platform-operator] [270c128d] 	at java.base/java.util.concurrent.CompletableFuture$UniApply.tryFire(Unknown Source)
2025-01-30 04:02:50,582 INFO c.h.h.t.HelmChartContainer - [hivemq-test-hivemq-platform] [hivemq-platform-operator] [270c128d] 	at java.base/java.util.concurrent.CompletableFuture.postComplete(Unknown Source)
2025-01-30 04:02:50,582 INFO c.h.h.t.HelmChartContainer - [hivemq-test-hivemq-platform] [hivemq-platform-operator] [270c128d] 	at java.base/java.util.concurrent.CompletableFuture.complete(Unknown Source)
2025-01-30 04:02:50,582 INFO c.h.h.t.HelmChartContainer - [hivemq-test-hivemq-platform] [hivemq-platform-operator] [270c128d] 	at io.fabric8.kubernetes.client.http.StandardHttpClient.lambda$completeOrCancel$10(StandardHttpClient.java:141)
2025-01-30 04:02:50,582 INFO c.h.h.t.HelmChartContainer - [hivemq-test-hivemq-platform] [hivemq-platform-operator] [270c128d] 	at java.base/java.util.concurrent.CompletableFuture.uniWhenComplete(Unknown Source)
2025-01-30 04:02:50,582 INFO c.h.h.t.HelmChartContainer - [hivemq-test-hivemq-platform] [hivemq-platform-operator] [270c128d] 	at java.base/java.util.concurrent.CompletableFuture$UniWhenComplete.tryFire(Unknown Source)
2025-01-30 04:02:50,582 INFO c.h.h.t.HelmChartContainer - [hivemq-test-hivemq-platform] [hivemq-platform-operator] [270c128d] 	at java.base/java.util.concurrent.CompletableFuture.postComplete(Unknown Source)
2025-01-30 04:02:50,582 INFO c.h.h.t.HelmChartContainer - [hivemq-test-hivemq-platform] [hivemq-platform-operator] [270c128d] 	at java.base/java.util.concurrent.CompletableFuture.complete(Unknown Source)
2025-01-30 04:02:50,582 INFO c.h.h.t.HelmChartContainer - [hivemq-test-hivemq-platform] [hivemq-platform-operator] [270c128d] 	at io.fabric8.kubernetes.client.http.ByteArrayBodyHandler.onBodyDone(ByteArrayBodyHandler.java:51)
2025-01-30 04:02:50,582 INFO c.h.h.t.HelmChartContainer - [hivemq-test-hivemq-platform] [hivemq-platform-operator] [270c128d] 	at java.base/java.util.concurrent.CompletableFuture.uniWhenComplete(Unknown Source)
2025-01-30 04:02:50,582 INFO c.h.h.t.HelmChartContainer - [hivemq-test-hivemq-platform] [hivemq-platform-operator] [270c128d] 	at java.base/java.util.concurrent.CompletableFuture$UniWhenComplete.tryFire(Unknown Source)
2025-01-30 04:02:50,582 INFO c.h.h.t.HelmChartContainer - [hivemq-test-hivemq-platform] [hivemq-platform-operator] [270c128d] 	at java.base/java.util.concurrent.CompletableFuture.postComplete(Unknown Source)
2025-01-30 04:02:50,582 INFO c.h.h.t.HelmChartContainer - [hivemq-test-hivemq-platform] [hivemq-platform-operator] [270c128d] 	at java.base/java.util.concurrent.CompletableFuture.complete(Unknown Source)
2025-01-30 04:02:50,582 INFO c.h.h.t.HelmChartContainer - [hivemq-test-hivemq-platform] [hivemq-platform-operator] [270c128d] 	at io.fabric8.kubernetes.client.vertx.VertxHttpRequest.lambda$null$1(VertxHttpRequest.java:121)
2025-01-30 04:02:50,582 INFO c.h.h.t.HelmChartContainer - [hivemq-test-hivemq-platform] [hivemq-platform-operator] [270c128d] 	at io.vertx.core.impl.ContextInternal.dispatch(ContextInternal.java:279)
2025-01-30 04:02:50,584 INFO c.h.h.t.HelmChartContainer - [hivemq-test-hivemq-platform] [hivemq-platform-operator] [270c128d] 	at io.vertx.core.impl.ContextInternal.dispatch(ContextInternal.java:261)
2025-01-30 04:02:50,584 INFO c.h.h.t.HelmChartContainer - [hivemq-test-hivemq-platform] [hivemq-platform-operator] [270c128d] 	at io.vertx.core.http.impl.HttpEventHandler.handleEnd(HttpEventHandler.java:76)
2025-01-30 04:02:50,584 INFO c.h.h.t.HelmChartContainer - [hivemq-test-hivemq-platform] [hivemq-platform-operator] [270c128d] 	at io.vertx.core.http.impl.HttpClientResponseImpl.handleEnd(HttpClientResponseImpl.java:250)
2025-01-30 04:02:50,584 INFO c.h.h.t.HelmChartContainer - [hivemq-test-hivemq-platform] [hivemq-platform-operator] [270c128d] 	at io.vertx.core.http.impl.Http1xClientConnection$StreamImpl.lambda$new$0(Http1xClientConnection.java:421)
2025-01-30 04:02:50,584 INFO c.h.h.t.HelmChartContainer - [hivemq-test-hivemq-platform] [hivemq-platform-operator] [270c128d] 	at io.vertx.core.streams.impl.InboundBuffer.handleEvent(InboundBuffer.java:279)
2025-01-30 04:02:50,584 INFO c.h.h.t.HelmChartContainer - [hivemq-test-hivemq-platform] [hivemq-platform-operator] [270c128d] 	at io.vertx.core.streams.impl.InboundBuffer.write(InboundBuffer.java:157)
2025-01-30 04:02:50,584 INFO c.h.h.t.HelmChartContainer - [hivemq-test-hivemq-platform] [hivemq-platform-operator] [270c128d] 	at io.vertx.core.http.impl.Http1xClientConnection$StreamImpl.handleEnd(Http1xClientConnection.java:709)
2025-01-30 04:02:50,584 INFO c.h.h.t.HelmChartContainer - [hivemq-test-hivemq-platform] [hivemq-platform-operator] [270c128d] 	at io.vertx.core.impl.ContextImpl.execute(ContextImpl.java:313)
2025-01-30 04:02:50,584 INFO c.h.h.t.HelmChartContainer - [hivemq-test-hivemq-platform] [hivemq-platform-operator] [270c128d] 	at io.vertx.core.impl.ContextImpl.execute(ContextImpl.java:293)
2025-01-30 04:02:50,584 INFO c.h.h.t.HelmChartContainer - [hivemq-test-hivemq-platform] [hivemq-platform-operator] [270c128d] 	at io.vertx.core.http.impl.Http1xClientConnection.handleResponseEnd(Http1xClientConnection.java:940)
2025-01-30 04:02:50,584 INFO c.h.h.t.HelmChartContainer - [hivemq-test-hivemq-platform] [hivemq-platform-operator] [270c128d] 	at io.vertx.core.http.impl.Http1xClientConnection.handleHttpMessage(Http1xClientConnection.java:810)
2025-01-30 04:02:50,584 INFO c.h.h.t.HelmChartContainer - [hivemq-test-hivemq-platform] [hivemq-platform-operator] [270c128d] 	at io.vertx.core.http.impl.Http1xClientConnection.handleMessage(Http1xClientConnection.java:774)
2025-01-30 04:02:50,584 INFO c.h.h.t.HelmChartContainer - [hivemq-test-hivemq-platform] [hivemq-platform-operator] [270c128d] 	at io.vertx.core.net.impl.ConnectionBase.read(ConnectionBase.java:159)
2025-01-30 04:02:50,584 INFO c.h.h.t.HelmChartContainer - [hivemq-test-hivemq-platform] [hivemq-platform-operator] [270c128d] 	at io.vertx.core.net.impl.VertxHandler.channelRead(VertxHandler.java:153)
2025-01-30 04:02:50,584 INFO c.h.h.t.HelmChartContainer - [hivemq-test-hivemq-platform] [hivemq-platform-operator] [270c128d] 	at io.netty.channel.AbstractChannelHandlerContext.invokeChannelRead(AbstractChannelHandlerContext.java:442)
2025-01-30 04:02:50,584 INFO c.h.h.t.HelmChartContainer - [hivemq-test-hivemq-platform] [hivemq-platform-operator] [270c128d] 	at io.netty.channel.AbstractChannelHandlerContext.invokeChannelRead(AbstractChannelHandlerContext.java:420)
2025-01-30 04:02:50,584 INFO c.h.h.t.HelmChartContainer - [hivemq-test-hivemq-platform] [hivemq-platform-operator] [270c128d] 	at io.netty.channel.AbstractChannelHandlerContext.fireChannelRead(AbstractChannelHandlerContext.java:412)
2025-01-30 04:02:50,584 INFO c.h.h.t.HelmChartContainer - [hivemq-test-hivemq-platform] [hivemq-platform-operator] [270c128d] 	at io.netty.channel.CombinedChannelDuplexHandler$DelegatingChannelHandlerContext.fireChannelRead(CombinedChannelDuplexHandler.java:436)
2025-01-30 04:02:50,584 INFO c.h.h.t.HelmChartContainer - [hivemq-test-hivemq-platform] [hivemq-platform-operator] [270c128d] 	at io.netty.handler.codec.ByteToMessageDecoder.fireChannelRead(ByteToMessageDecoder.java:346)
2025-01-30 04:02:50,584 INFO c.h.h.t.HelmChartContainer - [hivemq-test-hivemq-platform] [hivemq-platform-operator] [270c128d] 	at io.netty.handler.codec.ByteToMessageDecoder.channelRead(ByteToMessageDecoder.java:318)
2025-01-30 04:02:50,584 INFO c.h.h.t.HelmChartContainer - [hivemq-test-hivemq-platform] [hivemq-platform-operator] [270c128d] 	at io.netty.channel.CombinedChannelDuplexHandler.channelRead(CombinedChannelDuplexHandler.java:251)
2025-01-30 04:02:50,584 INFO c.h.h.t.HelmChartContainer - [hivemq-test-hivemq-platform] [hivemq-platform-operator] [270c128d] 	at io.netty.channel.AbstractChannelHandlerContext.invokeChannelRead(AbstractChannelHandlerContext.java:442)
2025-01-30 04:02:50,584 INFO c.h.h.t.HelmChartContainer - [hivemq-test-hivemq-platform] [hivemq-platform-operator] [270c128d] 	at io.netty.channel.AbstractChannelHandlerContext.invokeChannelRead(AbstractChannelHandlerContext.java:420)
2025-01-30 04:02:50,584 INFO c.h.h.t.HelmChartContainer - [hivemq-test-hivemq-platform] [hivemq-platform-operator] [270c128d] 	at io.netty.channel.AbstractChannelHandlerContext.fireChannelRead(AbstractChannelHandlerContext.java:412)
2025-01-30 04:02:50,584 INFO c.h.h.t.HelmChartContainer - [hivemq-test-hivemq-platform] [hivemq-platform-operator] [270c128d] 	at io.netty.handler.ssl.SslHandler.unwrap(SslHandler.java:1475)
2025-01-30 04:02:50,584 INFO c.h.h.t.HelmChartContainer - [hivemq-test-hivemq-platform] [hivemq-platform-operator] [270c128d] 	at io.netty.handler.ssl.SslHandler.decodeJdkCompatible(SslHandler.java:1338)
2025-01-30 04:02:50,584 INFO c.h.h.t.HelmChartContainer - [hivemq-test-hivemq-platform] [hivemq-platform-operator] [270c128d] 	at io.netty.handler.ssl.SslHandler.decode(SslHandler.java:1387)
2025-01-30 04:02:50,584 INFO c.h.h.t.HelmChartContainer - [hivemq-test-hivemq-platform] [hivemq-platform-operator] [270c128d] 	at io.netty.handler.codec.ByteToMessageDecoder.decodeRemovalReentryProtection(ByteToMessageDecoder.java:530)
2025-01-30 04:02:50,584 INFO c.h.h.t.HelmChartContainer - [hivemq-test-hivemq-platform] [hivemq-platform-operator] [270c128d] 	at io.netty.handler.codec.ByteToMessageDecoder.callDecode(ByteToMessageDecoder.java:469)
2025-01-30 04:02:50,584 INFO c.h.h.t.HelmChartContainer - [hivemq-test-hivemq-platform] [hivemq-platform-operator] [270c128d] 	at io.netty.handler.codec.ByteToMessageDecoder.channelRead(ByteToMessageDecoder.java:290)
2025-01-30 04:02:50,584 INFO c.h.h.t.HelmChartContainer - [hivemq-test-hivemq-platform] [hivemq-platform-operator] [270c128d] 	at io.netty.channel.AbstractChannelHandlerContext.invokeChannelRead(AbstractChannelHandlerContext.java:444)
2025-01-30 04:02:50,584 INFO c.h.h.t.HelmChartContainer - [hivemq-test-hivemq-platform] [hivemq-platform-operator] [270c128d] 	at io.netty.channel.AbstractChannelHandlerContext.invokeChannelRead(AbstractChannelHandlerContext.java:420)
2025-01-30 04:02:50,584 INFO c.h.h.t.HelmChartContainer - [hivemq-test-hivemq-platform] [hivemq-platform-operator] [270c128d] 	at io.netty.channel.AbstractChannelHandlerContext.fireChannelRead(AbstractChannelHandlerContext.java:412)
2025-01-30 04:02:50,584 INFO c.h.h.t.HelmChartContainer - [hivemq-test-hivemq-platform] [hivemq-platform-operator] [270c128d] 	at io.netty.channel.DefaultChannelPipeline$HeadContext.channelRead(DefaultChannelPipeline.java:1407)
2025-01-30 04:02:50,584 INFO c.h.h.t.HelmChartContainer - [hivemq-test-hivemq-platform] [hivemq-platform-operator] [270c128d] 	at io.netty.channel.AbstractChannelHandlerContext.invokeChannelRead(AbstractChannelHandlerContext.java:440)
2025-01-30 04:02:50,584 INFO c.h.h.t.HelmChartContainer - [hivemq-test-hivemq-platform] [hivemq-platform-operator] [270c128d] 	at io.netty.channel.AbstractChannelHandlerContext.invokeChannelRead(AbstractChannelHandlerContext.java:420)
2025-01-30 04:02:50,584 INFO c.h.h.t.HelmChartContainer - [hivemq-test-hivemq-platform] [hivemq-platform-operator] [270c128d] 	at io.netty.channel.DefaultChannelPipeline.fireChannelRead(DefaultChannelPipeline.java:918)
2025-01-30 04:02:50,584 INFO c.h.h.t.HelmChartContainer - [hivemq-test-hivemq-platform] [hivemq-platform-operator] [270c128d] 	at io.netty.channel.nio.AbstractNioByteChannel$NioByteUnsafe.read(AbstractNioByteChannel.java:166)
2025-01-30 04:02:50,584 INFO c.h.h.t.HelmChartContainer - [hivemq-test-hivemq-platform] [hivemq-platform-operator] [270c128d] 	at io.netty.channel.nio.NioEventLoop.processSelectedKey(NioEventLoop.java:788)
2025-01-30 04:02:50,584 INFO c.h.h.t.HelmChartContainer - [hivemq-test-hivemq-platform] [hivemq-platform-operator] [270c128d] 	at io.netty.channel.nio.NioEventLoop.processSelectedKeysOptimized(NioEventLoop.java:724)
2025-01-30 04:02:50,584 INFO c.h.h.t.HelmChartContainer - [hivemq-test-hivemq-platform] [hivemq-platform-operator] [270c128d] 	at io.netty.channel.nio.NioEventLoop.processSelectedKeys(NioEventLoop.java:650)
2025-01-30 04:02:50,584 INFO c.h.h.t.HelmChartContainer - [hivemq-test-hivemq-platform] [hivemq-platform-operator] [270c128d] 	at io.netty.channel.nio.NioEventLoop.run(NioEventLoop.java:562)
2025-01-30 04:02:50,584 INFO c.h.h.t.HelmChartContainer - [hivemq-test-hivemq-platform] [hivemq-platform-operator] [270c128d] 	at io.netty.util.concurrent.SingleThreadEventExecutor$4.run(SingleThreadEventExecutor.java:997)
2025-01-30 04:02:50,584 INFO c.h.h.t.HelmChartContainer - [hivemq-test-hivemq-platform] [hivemq-platform-operator] [270c128d] 	at io.netty.util.internal.ThreadExecutorMap$2.run(ThreadExecutorMap.java:74)
2025-01-30 04:02:50,584 INFO c.h.h.t.HelmChartContainer - [hivemq-test-hivemq-platform] [hivemq-platform-operator] [270c128d] 	at io.netty.util.concurrent.FastThreadLocalRunnable.run(FastThreadLocalRunnable.java:30)
2025-01-30 04:02:50,584 INFO c.h.h.t.HelmChartContainer - [hivemq-test-hivemq-platform] [hivemq-platform-operator] [270c128d] 	... 1 more
2025-01-30 04:02:50,584 INFO c.h.h.t.HelmChartContainer - [hivemq-test-hivemq-platform] [hivemq-platform-operator] [270c128d] 
2025-01-30 04:02:50,584 INFO c.h.h.t.HelmChartContainer - [hivemq-test-hivemq-platform] [hivemq-platform-operator] [270c128d] 	at io.javaoperatorsdk.operator.monitoring.micrometer.MicrometerMetrics.lambda$timeControllerExecution$0(MicrometerMetrics.java:165)
2025-01-30 04:02:50,584 INFO c.h.h.t.HelmChartContainer - [hivemq-test-hivemq-platform] [hivemq-platform-operator] [270c128d] 	at io.micrometer.core.instrument.AbstractTimer.record(AbstractTimer.java:190)
2025-01-30 04:02:50,584 INFO c.h.h.t.HelmChartContainer - [hivemq-test-hivemq-platform] [hivemq-platform-operator] [270c128d] 	at io.javaoperatorsdk.operator.monitoring.micrometer.MicrometerMetrics.timeControllerExecution(MicrometerMetrics.java:161)
2025-01-30 04:02:50,584 INFO c.h.h.t.HelmChartContainer - [hivemq-test-hivemq-platform] [hivemq-platform-operator] [270c128d] 	at io.javaoperatorsdk.operator.processing.Controller.reconcile(Controller.java:109)
2025-01-30 04:02:50,584 INFO c.h.h.t.HelmChartContainer - [hivemq-test-hivemq-platform] [hivemq-platform-operator] [270c128d] 	at io.javaoperatorsdk.operator.processing.event.ReconciliationDispatcher.reconcileExecution(ReconciliationDispatcher.java:136)
2025-01-30 04:02:50,584 INFO c.h.h.t.HelmChartContainer - [hivemq-test-hivemq-platform] [hivemq-platform-operator] [270c128d] 	at io.javaoperatorsdk.operator.processing.event.ReconciliationDispatcher.handleReconcile(ReconciliationDispatcher.java:117)
2025-01-30 04:02:50,584 INFO c.h.h.t.HelmChartContainer - [hivemq-test-hivemq-platform] [hivemq-platform-operator] [270c128d] 	at io.javaoperatorsdk.operator.processing.event.ReconciliationDispatcher.handleDispatch(ReconciliationDispatcher.java:91)
2025-01-30 04:02:50,584 INFO c.h.h.t.HelmChartContainer - [hivemq-test-hivemq-platform] [hivemq-platform-operator] [270c128d] 	at io.javaoperatorsdk.operator.processing.event.ReconciliationDispatcher.handleExecution(ReconciliationDispatcher.java:64)
2025-01-30 04:02:50,584 INFO c.h.h.t.HelmChartContainer - [hivemq-test-hivemq-platform] [hivemq-platform-operator] [270c128d] 	at io.javaoperatorsdk.operator.processing.event.EventProcessor$ReconcilerExecutor.run(EventProcessor.java:452)
2025-01-30 04:02:50,584 INFO c.h.h.t.HelmChartContainer - [hivemq-test-hivemq-platform] [hivemq-platform-operator] [270c128d] 	at java.base/java.util.concurrent.ThreadPoolExecutor.runWorker(Unknown Source)
2025-01-30 04:02:50,584 INFO c.h.h.t.HelmChartContainer - [hivemq-test-hivemq-platform] [hivemq-platform-operator] [270c128d] 	at java.base/java.util.concurrent.ThreadPoolExecutor$Worker.run(Unknown Source)
2025-01-30 04:02:50,584 INFO c.h.h.t.HelmChartContainer - [hivemq-test-hivemq-platform] [hivemq-platform-operator] [270c128d] 	at java.base/java.lang.Thread.run(Unknown Source)
2025-01-30 04:02:50,584 INFO c.h.h.t.HelmChartContainer - [hivemq-test-hivemq-platform] [hivemq-platform-operator] [270c128d] Caused by: io.javaoperatorsdk.operator.AggregatedOperatorException: Exception(s) during workflow execution. Details:
2025-01-30 04:02:50,585 INFO c.h.h.t.HelmChartContainer - [hivemq-test-hivemq-platform] [hivemq-platform-operator] [270c128d]  - com.hivemq.platform.operator.dependants.PodInfoConfigMap -> io.fabric8.kubernetes.client.KubernetesClientException: Failure executing: PUT at: https://10.43.0.1:443/api/v1/namespaces/helmcustomextensionit/configmaps/hivemq-platform-test-hivemq-platform-dynamic-state. Message: Operation cannot be fulfilled on configmaps "hivemq-platform-test-hivemq-platform-dynamic-state": StorageError: invalid object, Code: 4, Key: /registry/configmaps/helmcustomextensionit/hivemq-platform-test-hivemq-platform-dynamic-state, ResourceVersion: 0, AdditionalErrorMsg: Precondition failed: UID in precondition: 0da049ef-8055-4a4e-9dd2-7ef691cc7c9e, UID in object meta: . Received status: Status(apiVersion=v1, code=409, details=StatusDetails(causes=[], group=null, kind=configmaps, name=hivemq-platform-test-hivemq-platform-dynamic-state, retryAfterSeconds=null, uid=null, additionalProperties={}), kind=Status, message=Operation cannot be fulfilled on configmaps "hivemq-platform-test-hivemq-platform-dynamic-state": StorageError: invalid object, Code: 4, Key: /registry/configmaps/helmcustomextensionit/hivemq-platform-test-hivemq-platform-dynamic-state, ResourceVersion: 0, AdditionalErrorMsg: Precondition failed: UID in precondition: 0da049ef-8055-4a4e-9dd2-7ef691cc7c9e, UID in object meta: , metadata=ListMeta(_continue=null, remainingItemCount=null, resourceVersion=null, selfLink=null, additionalProperties={}), reason=Conflict, status=Failure, additionalProperties={}).
2025-01-30 04:02:50,585 INFO c.h.h.t.HelmChartContainer - [hivemq-test-hivemq-platform] [hivemq-platform-operator] [270c128d] 	at io.fabric8.kubernetes.client.KubernetesClientException.copyAsCause(KubernetesClientException.java:238)
2025-01-30 04:02:50,585 INFO c.h.h.t.HelmChartContainer - [hivemq-test-hivemq-platform] [hivemq-platform-operator] [270c128d] 	at io.fabric8.kubernetes.client.dsl.internal.OperationSupport.waitForResult(OperationSupport.java:507)
2025-01-30 04:02:50,585 INFO c.h.h.t.HelmChartContainer - [hivemq-test-hivemq-platform] [hivemq-platform-operator] [270c128d] 	at io.fabric8.kubernetes.client.dsl.internal.OperationSupport.handleResponse(OperationSupport.java:524)
2025-01-30 04:02:50,585 INFO c.h.h.t.HelmChartContainer - [hivemq-test-hivemq-platform] [hivemq-platform-operator] [270c128d] 	at io.fabric8.kubernetes.client.dsl.internal.OperationSupport.handleUpdate(OperationSupport.java:358)
2025-01-30 04:02:50,585 INFO c.h.h.t.HelmChartContainer - [hivemq-test-hivemq-platform] [hivemq-platform-operator] [270c128d] 	at io.fabric8.kubernetes.client.dsl.internal.BaseOperation.handleUpdate(BaseOperation.java:759)
2025-01-30 04:02:50,585 INFO c.h.h.t.HelmChartContainer - [hivemq-test-hivemq-platform] [hivemq-platform-operator] [270c128d] 	at io.fabric8.kubernetes.client.dsl.internal.HasMetadataOperation.update(HasMetadataOperation.java:138)
2025-01-30 04:02:50,585 INFO c.h.h.t.HelmChartContainer - [hivemq-test-hivemq-platform] [hivemq-platform-operator] [270c128d] 	at io.fabric8.kubernetes.client.dsl.internal.HasMetadataOperation.update(HasMetadataOperation.java:121)
2025-01-30 04:02:50,585 INFO c.h.h.t.HelmChartContainer - [hivemq-test-hivemq-platform] [hivemq-platform-operator] [270c128d] 	at io.fabric8.kubernetes.client.dsl.internal.HasMetadataOperation.update(HasMetadataOperation.java:44)
2025-01-30 04:02:50,585 INFO c.h.h.t.HelmChartContainer - [hivemq-test-hivemq-platform] [hivemq-platform-operator] [270c128d] 	at io.fabric8.kubernetes.client.extension.ResourceAdapter.update(ResourceAdapter.java:345)
2025-01-30 04:02:50,585 INFO c.h.h.t.HelmChartContainer - [hivemq-test-hivemq-platform] [hivemq-platform-operator] [270c128d] 	at io.javaoperatorsdk.operator.processing.dependent.kubernetes.KubernetesDependentResource.update(KubernetesDependentResource.java:140)
2025-01-30 04:02:50,585 INFO c.h.h.t.HelmChartContainer - [hivemq-test-hivemq-platform] [hivemq-platform-operator] [270c128d] 	at com.hivemq.platform.operator.dependants.PodInfoConfigMap.update(PodInfoConfigMap.java:167)
2025-01-30 04:02:50,585 INFO c.h.h.t.HelmChartContainer - [hivemq-test-hivemq-platform] [hivemq-platform-operator] [270c128d] 	at com.hivemq.platform.operator.dependants.PodInfoConfigMap.update(PodInfoConfigMap.java:39)
2025-01-30 04:02:50,585 INFO c.h.h.t.HelmChartContainer - [hivemq-test-hivemq-platform] [hivemq-platform-operator] [270c128d] 	at io.javaoperatorsdk.operator.processing.dependent.AbstractDependentResource.handleUpdate(AbstractDependentResource.java:148)
2025-01-30 04:02:50,585 INFO c.h.h.t.HelmChartContainer - [hivemq-test-hivemq-platform] [hivemq-platform-operator] [270c128d] 	at io.javaoperatorsdk.operator.processing.dependent.AbstractDependentResource.reconcile(AbstractDependentResource.java:72)
2025-01-30 04:02:50,585 INFO c.h.h.t.HelmChartContainer - [hivemq-test-hivemq-platform] [hivemq-platform-operator] [270c128d] 	at io.javaoperatorsdk.operator.processing.dependent.SingleDependentResourceReconciler.reconcile(SingleDependentResourceReconciler.java:19)
2025-01-30 04:02:50,585 INFO c.h.h.t.HelmChartContainer - [hivemq-test-hivemq-platform] [hivemq-platform-operator] [270c128d] 	at io.javaoperatorsdk.operator.processing.dependent.AbstractDependentResource.reconcile(AbstractDependentResource.java:52)
2025-01-30 04:02:50,585 INFO c.h.h.t.HelmChartContainer - [hivemq-test-hivemq-platform] [hivemq-platform-operator] [270c128d] 	at com.hivemq.platform.operator.dependants.PodInfoConfigMap.reconcile(PodInfoConfigMap.java:74)
2025-01-30 04:02:50,585 INFO c.h.h.t.HelmChartContainer - [hivemq-test-hivemq-platform] [hivemq-platform-operator] [270c128d] 	at com.hivemq.platform.operator.dependants.PodInfoConfigMap.reconcile(PodInfoConfigMap.java:39)
2025-01-30 04:02:50,585 INFO c.h.h.t.HelmChartContainer - [hivemq-test-hivemq-platform] [hivemq-platform-operator] [270c128d] 	at io.javaoperatorsdk.operator.processing.dependent.workflow.WorkflowReconcileExecutor$NodeReconcileExecutor.doRun(WorkflowReconcileExecutor.java:123)
2025-01-30 04:02:50,585 INFO c.h.h.t.HelmChartContainer - [hivemq-test-hivemq-platform] [hivemq-platform-operator] [270c128d] 	at io.javaoperatorsdk.operator.processing.dependent.workflow.NodeExecutor.run(NodeExecutor.java:22)
2025-01-30 04:02:50,585 INFO c.h.h.t.HelmChartContainer - [hivemq-test-hivemq-platform] [hivemq-platform-operator] [270c128d] 	at java.base/java.util.concurrent.Executors$RunnableAdapter.call(Unknown Source)
2025-01-30 04:02:50,585 INFO c.h.h.t.HelmChartContainer - [hivemq-test-hivemq-platform] [hivemq-platform-operator] [270c128d] 	at java.base/java.util.concurrent.FutureTask.run(Unknown Source)
2025-01-30 04:02:50,585 INFO c.h.h.t.HelmChartContainer - [hivemq-test-hivemq-platform] [hivemq-platform-operator] [270c128d] 	at java.base/java.util.concurrent.ThreadPoolExecutor.runWorker(Unknown Source)
2025-01-30 04:02:50,585 INFO c.h.h.t.HelmChartContainer - [hivemq-test-hivemq-platform] [hivemq-platform-operator] [270c128d] 	at java.base/java.util.concurrent.ThreadPoolExecutor$Worker.run(Unknown Source)
2025-01-30 04:02:50,586 INFO c.h.h.t.HelmChartContainer - [hivemq-test-hivemq-platform] [hivemq-platform-operator] [270c128d] 	at java.base/java.lang.Thread.run(Unknown Source)
2025-01-30 04:02:50,586 INFO c.h.h.t.HelmChartContainer - [hivemq-test-hivemq-platform] [hivemq-platform-operator] [270c128d] Caused by: io.fabric8.kubernetes.client.KubernetesClientException: Failure executing: PUT at: https://10.43.0.1:443/api/v1/namespaces/helmcustomextensionit/configmaps/hivemq-platform-test-hivemq-platform-dynamic-state. Message: Operation cannot be fulfilled on configmaps "hivemq-platform-test-hivemq-platform-dynamic-state": StorageError: invalid object, Code: 4, Key: /registry/configmaps/helmcustomextensionit/hivemq-platform-test-hivemq-platform-dynamic-state, ResourceVersion: 0, AdditionalErrorMsg: Precondition failed: UID in precondition: 0da049ef-8055-4a4e-9dd2-7ef691cc7c9e, UID in object meta: . Received status: Status(apiVersion=v1, code=409, details=StatusDetails(causes=[], group=null, kind=configmaps, name=hivemq-platform-test-hivemq-platform-dynamic-state, retryAfterSeconds=null, uid=null, additionalProperties={}), kind=Status, message=Operation cannot be fulfilled on configmaps "hivemq-platform-test-hivemq-platform-dynamic-state": StorageError: invalid object, Code: 4, Key: /registry/configmaps/helmcustomextensionit/hivemq-platform-test-hivemq-platform-dynamic-state, ResourceVersion: 0, AdditionalErrorMsg: Precondition failed: UID in precondition: 0da049ef-8055-4a4e-9dd2-7ef691cc7c9e, UID in object meta: , metadata=ListMeta(_continue=null, remainingItemCount=null, resourceVersion=null, selfLink=null, additionalProperties={}), reason=Conflict, status=Failure, additionalProperties={}).
2025-01-30 04:02:50,586 INFO c.h.h.t.HelmChartContainer - [hivemq-test-hivemq-platform] [hivemq-platform-operator] [270c128d] 	at io.fabric8.kubernetes.client.dsl.internal.OperationSupport.requestFailure(OperationSupport.java:660)
2025-01-30 04:02:50,586 INFO c.h.h.t.HelmChartContainer - [hivemq-test-hivemq-platform] [hivemq-platform-operator] [270c128d] 	at io.fabric8.kubernetes.client.dsl.internal.OperationSupport.requestFailure(OperationSupport.java:640)
2025-01-30 04:02:50,586 INFO c.h.h.t.HelmChartContainer - [hivemq-test-hivemq-platform] [hivemq-platform-operator] [270c128d] 	at io.fabric8.kubernetes.client.dsl.internal.OperationSupport.assertResponseCode(OperationSupport.java:589)
2025-01-30 04:02:50,586 INFO c.h.h.t.HelmChartContainer - [hivemq-test-hivemq-platform] [hivemq-platform-operator] [270c128d] 	at io.fabric8.kubernetes.client.dsl.internal.OperationSupport.lambda$handleResponse$0(OperationSupport.java:549)
2025-01-30 04:02:50,586 INFO c.h.h.t.HelmChartContainer - [hivemq-test-hivemq-platform] [hivemq-platform-operator] [270c128d] 	at java.base/java.util.concurrent.CompletableFuture$UniApply.tryFire(Unknown Source)
2025-01-30 04:02:50,586 INFO c.h.h.t.HelmChartContainer - [hivemq-test-hivemq-platform] [hivemq-platform-operator] [270c128d] 	at java.base/java.util.concurrent.CompletableFuture.postComplete(Unknown Source)
2025-01-30 04:02:50,586 INFO c.h.h.t.HelmChartContainer - [hivemq-test-hivemq-platform] [hivemq-platform-operator] [270c128d] 	at java.base/java.util.concurrent.CompletableFuture.complete(Unknown Source)
2025-01-30 04:02:50,586 INFO c.h.h.t.HelmChartContainer - [hivemq-test-hivemq-platform] [hivemq-platform-operator] [270c128d] 	at io.fabric8.kubernetes.client.http.StandardHttpClient.lambda$completeOrCancel$10(StandardHttpClient.java:141)
2025-01-30 04:02:50,586 INFO c.h.h.t.HelmChartContainer - [hivemq-test-hivemq-platform] [hivemq-platform-operator] [270c128d] 	at java.base/java.util.concurrent.CompletableFuture.uniWhenComplete(Unknown Source)
2025-01-30 04:02:50,586 INFO c.h.h.t.HelmChartContainer - [hivemq-test-hivemq-platform] [hivemq-platform-operator] [270c128d] 	at java.base/java.util.concurrent.CompletableFuture$UniWhenComplete.tryFire(Unknown Source)
2025-01-30 04:02:50,586 INFO c.h.h.t.HelmChartContainer - [hivemq-test-hivemq-platform] [hivemq-platform-operator] [270c128d] 	at java.base/java.util.concurrent.CompletableFuture.postComplete(Unknown Source)
2025-01-30 04:02:50,586 INFO c.h.h.t.HelmChartContainer - [hivemq-test-hivemq-platform] [hivemq-platform-operator] [270c128d] 	at java.base/java.util.concurrent.CompletableFuture.complete(Unknown Source)
2025-01-30 04:02:50,586 INFO c.h.h.t.HelmChartContainer - [hivemq-test-hivemq-platform] [hivemq-platform-operator] [270c128d] 	at io.fabric8.kubernetes.client.http.ByteArrayBodyHandler.onBodyDone(ByteArrayBodyHandler.java:51)
2025-01-30 04:02:50,586 INFO c.h.h.t.HelmChartContainer - [hivemq-test-hivemq-platform] [hivemq-platform-operator] [270c128d] 	at java.base/java.util.concurrent.CompletableFuture.uniWhenComplete(Unknown Source)
2025-01-30 04:02:50,586 INFO c.h.h.t.HelmChartContainer - [hivemq-test-hivemq-platform] [hivemq-platform-operator] [270c128d] 	at java.base/java.util.concurrent.CompletableFuture$UniWhenComplete.tryFire(Unknown Source)
2025-01-30 04:02:50,586 INFO c.h.h.t.HelmChartContainer - [hivemq-test-hivemq-platform] [hivemq-platform-operator] [270c128d] 	at java.base/java.util.concurrent.CompletableFuture.postComplete(Unknown Source)
2025-01-30 04:02:50,586 INFO c.h.h.t.HelmChartContainer - [hivemq-test-hivemq-platform] [hivemq-platform-operator] [270c128d] 	at java.base/java.util.concurrent.CompletableFuture.complete(Unknown Source)
2025-01-30 04:02:50,586 INFO c.h.h.t.HelmChartContainer - [hivemq-test-hivemq-platform] [hivemq-platform-operator] [270c128d] 	at io.fabric8.kubernetes.client.vertx.VertxHttpRequest.lambda$null$1(VertxHttpRequest.java:121)
2025-01-30 04:02:50,586 INFO c.h.h.t.HelmChartContainer - [hivemq-test-hivemq-platform] [hivemq-platform-operator] [270c128d] 	at io.vertx.core.impl.ContextInternal.dispatch(ContextInternal.java:279)
2025-01-30 04:02:50,586 INFO c.h.h.t.HelmChartContainer - [hivemq-test-hivemq-platform] [hivemq-platform-operator] [270c128d] 	at io.vertx.core.impl.ContextInternal.dispatch(ContextInternal.java:261)
2025-01-30 04:02:50,586 INFO c.h.h.t.HelmChartContainer - [hivemq-test-hivemq-platform] [hivemq-platform-operator] [270c128d] 	at io.vertx.core.http.impl.HttpEventHandler.handleEnd(HttpEventHandler.java:76)
2025-01-30 04:02:50,586 INFO c.h.h.t.HelmChartContainer - [hivemq-test-hivemq-platform] [hivemq-platform-operator] [270c128d] 	at io.vertx.core.http.impl.HttpClientResponseImpl.handleEnd(HttpClientResponseImpl.java:250)
2025-01-30 04:02:50,586 INFO c.h.h.t.HelmChartContainer - [hivemq-test-hivemq-platform] [hivemq-platform-operator] [270c128d] 	at io.vertx.core.http.impl.Http1xClientConnection$StreamImpl.lambda$new$0(Http1xClientConnection.java:421)
2025-01-30 04:02:50,586 INFO c.h.h.t.HelmChartContainer - [hivemq-test-hivemq-platform] [hivemq-platform-operator] [270c128d] 	at io.vertx.core.streams.impl.InboundBuffer.handleEvent(InboundBuffer.java:279)
2025-01-30 04:02:50,586 INFO c.h.h.t.HelmChartContainer - [hivemq-test-hivemq-platform] [hivemq-platform-operator] [270c128d] 	at io.vertx.core.streams.impl.InboundBuffer.write(InboundBuffer.java:157)
2025-01-30 04:02:50,586 INFO c.h.h.t.HelmChartContainer - [hivemq-test-hivemq-platform] [hivemq-platform-operator] [270c128d] 	at io.vertx.core.http.impl.Http1xClientConnection$StreamImpl.handleEnd(Http1xClientConnection.java:709)
2025-01-30 04:02:50,586 INFO c.h.h.t.HelmChartContainer - [hivemq-test-hivemq-platform] [hivemq-platform-operator] [270c128d] 	at io.vertx.core.impl.ContextImpl.execute(ContextImpl.java:313)
2025-01-30 04:02:50,586 INFO c.h.h.t.HelmChartContainer - [hivemq-test-hivemq-platform] [hivemq-platform-operator] [270c128d] 	at io.vertx.core.impl.ContextImpl.execute(ContextImpl.java:293)
2025-01-30 04:02:50,586 INFO c.h.h.t.HelmChartContainer - [hivemq-test-hivemq-platform] [hivemq-platform-operator] [270c128d] 	at io.vertx.core.http.impl.Http1xClientConnection.handleResponseEnd(Http1xClientConnection.java:940)
2025-01-30 04:02:50,586 INFO c.h.h.t.HelmChartContainer - [hivemq-test-hivemq-platform] [hivemq-platform-operator] [270c128d] 	at io.vertx.core.http.impl.Http1xClientConnection.handleHttpMessage(Http1xClientConnection.java:810)
2025-01-30 04:02:50,586 INFO c.h.h.t.HelmChartContainer - [hivemq-test-hivemq-platform] [hivemq-platform-operator] [270c128d] 	at io.vertx.core.http.impl.Http1xClientConnection.handleMessage(Http1xClientConnection.java:774)
2025-01-30 04:02:50,586 INFO c.h.h.t.HelmChartContainer - [hivemq-test-hivemq-platform] [hivemq-platform-operator] [270c128d] 	at io.vertx.core.net.impl.ConnectionBase.read(ConnectionBase.java:159)
2025-01-30 04:02:50,586 INFO c.h.h.t.HelmChartContainer - [hivemq-test-hivemq-platform] [hivemq-platform-operator] [270c128d] 	at io.vertx.core.net.impl.VertxHandler.channelRead(VertxHandler.java:153)
2025-01-30 04:02:50,586 INFO c.h.h.t.HelmChartContainer - [hivemq-test-hivemq-platform] [hivemq-platform-operator] [270c128d] 	at io.netty.channel.AbstractChannelHandlerContext.invokeChannelRead(AbstractChannelHandlerContext.java:442)
2025-01-30 04:02:50,586 INFO c.h.h.t.HelmChartContainer - [hivemq-test-hivemq-platform] [hivemq-platform-operator] [270c128d] 	at io.netty.channel.AbstractChannelHandlerContext.invokeChannelRead(AbstractChannelHandlerContext.java:420)
2025-01-30 04:02:50,586 INFO c.h.h.t.HelmChartContainer - [hivemq-test-hivemq-platform] [hivemq-platform-operator] [270c128d] 	at io.netty.channel.AbstractChannelHandlerContext.fireChannelRead(AbstractChannelHandlerContext.java:412)
2025-01-30 04:02:50,586 INFO c.h.h.t.HelmChartContainer - [hivemq-test-hivemq-platform] [hivemq-platform-operator] [270c128d] 	at io.netty.channel.CombinedChannelDuplexHandler$DelegatingChannelHandlerContext.fireChannelRead(CombinedChannelDuplexHandler.java:436)
2025-01-30 04:02:50,586 INFO c.h.h.t.HelmChartContainer - [hivemq-test-hivemq-platform] [hivemq-platform-operator] [270c128d] 	at io.netty.handler.codec.ByteToMessageDecoder.fireChannelRead(ByteToMessageDecoder.java:346)
2025-01-30 04:02:50,586 INFO c.h.h.t.HelmChartContainer - [hivemq-test-hivemq-platform] [hivemq-platform-operator] [270c128d] 	at io.netty.handler.codec.ByteToMessageDecoder.channelRead(ByteToMessageDecoder.java:318)
2025-01-30 04:02:50,586 INFO c.h.h.t.HelmChartContainer - [hivemq-test-hivemq-platform] [hivemq-platform-operator] [270c128d] 	at io.netty.channel.CombinedChannelDuplexHandler.channelRead(CombinedChannelDuplexHandler.java:251)
2025-01-30 04:02:50,586 INFO c.h.h.t.HelmChartContainer - [hivemq-test-hivemq-platform] [hivemq-platform-operator] [270c128d] 	at io.netty.channel.AbstractChannelHandlerContext.invokeChannelRead(AbstractChannelHandlerContext.java:442)
2025-01-30 04:02:50,586 INFO c.h.h.t.HelmChartContainer - [hivemq-test-hivemq-platform] [hivemq-platform-operator] [270c128d] 	at io.netty.channel.AbstractChannelHandlerContext.invokeChannelRead(AbstractChannelHandlerContext.java:420)
2025-01-30 04:02:50,586 INFO c.h.h.t.HelmChartContainer - [hivemq-test-hivemq-platform] [hivemq-platform-operator] [270c128d] 	at io.netty.channel.AbstractChannelHandlerContext.fireChannelRead(AbstractChannelHandlerContext.java:412)
2025-01-30 04:02:50,586 INFO c.h.h.t.HelmChartContainer - [hivemq-test-hivemq-platform] [hivemq-platform-operator] [270c128d] 	at io.netty.handler.ssl.SslHandler.unwrap(SslHandler.java:1475)
2025-01-30 04:02:50,586 INFO c.h.h.t.HelmChartContainer - [hivemq-test-hivemq-platform] [hivemq-platform-operator] [270c128d] 	at io.netty.handler.ssl.SslHandler.decodeJdkCompatible(SslHandler.java:1338)
2025-01-30 04:02:50,586 INFO c.h.h.t.HelmChartContainer - [hivemq-test-hivemq-platform] [hivemq-platform-operator] [270c128d] 	at io.netty.handler.ssl.SslHandler.decode(SslHandler.java:1387)
2025-01-30 04:02:50,586 INFO c.h.h.t.HelmChartContainer - [hivemq-test-hivemq-platform] [hivemq-platform-operator] [270c128d] 	at io.netty.handler.codec.ByteToMessageDecoder.decodeRemovalReentryProtection(ByteToMessageDecoder.java:530)
2025-01-30 04:02:50,586 INFO c.h.h.t.HelmChartContainer - [hivemq-test-hivemq-platform] [hivemq-platform-operator] [270c128d] 	at io.netty.handler.codec.ByteToMessageDecoder.callDecode(ByteToMessageDecoder.java:469)
2025-01-30 04:02:50,586 INFO c.h.h.t.HelmChartContainer - [hivemq-test-hivemq-platform] [hivemq-platform-operator] [270c128d] 	at io.netty.handler.codec.ByteToMessageDecoder.channelRead(ByteToMessageDecoder.java:290)
2025-01-30 04:02:50,586 INFO c.h.h.t.HelmChartContainer - [hivemq-test-hivemq-platform] [hivemq-platform-operator] [270c128d] 	at io.netty.channel.AbstractChannelHandlerContext.invokeChannelRead(AbstractChannelHandlerContext.java:444)
2025-01-30 04:02:50,586 INFO c.h.h.t.HelmChartContainer - [hivemq-test-hivemq-platform] [hivemq-platform-operator] [270c128d] 	at io.netty.channel.AbstractChannelHandlerContext.invokeChannelRead(AbstractChannelHandlerContext.java:420)
2025-01-30 04:02:50,586 INFO c.h.h.t.HelmChartContainer - [hivemq-test-hivemq-platform] [hivemq-platform-operator] [270c128d] 	at io.netty.channel.AbstractChannelHandlerContext.fireChannelRead(AbstractChannelHandlerContext.java:412)
2025-01-30 04:02:50,586 INFO c.h.h.t.HelmChartContainer - [hivemq-test-hivemq-platform] [hivemq-platform-operator] [270c128d] 	at io.netty.channel.DefaultChannelPipeline$HeadContext.channelRead(DefaultChannelPipeline.java:1407)
2025-01-30 04:02:50,586 INFO c.h.h.t.HelmChartContainer - [hivemq-test-hivemq-platform] [hivemq-platform-operator] [270c128d] 	at io.netty.channel.AbstractChannelHandlerContext.invokeChannelRead(AbstractChannelHandlerContext.java:440)
2025-01-30 04:02:50,586 INFO c.h.h.t.HelmChartContainer - [hivemq-test-hivemq-platform] [hivemq-platform-operator] [270c128d] 	at io.netty.channel.AbstractChannelHandlerContext.invokeChannelRead(AbstractChannelHandlerContext.java:420)
2025-01-30 04:02:50,586 INFO c.h.h.t.HelmChartContainer - [hivemq-test-hivemq-platform] [hivemq-platform-operator] [270c128d] 	at io.netty.channel.DefaultChannelPipeline.fireChannelRead(DefaultChannelPipeline.java:918)
2025-01-30 04:02:50,586 INFO c.h.h.t.HelmChartContainer - [hivemq-test-hivemq-platform] [hivemq-platform-operator] [270c128d] 	at io.netty.channel.nio.AbstractNioByteChannel$NioByteUnsafe.read(AbstractNioByteChannel.java:166)
2025-01-30 04:02:50,587 INFO c.h.h.t.HelmChartContainer - [hivemq-test-hivemq-platform] [hivemq-platform-operator] [270c128d] 	at io.netty.channel.nio.NioEventLoop.processSelectedKey(NioEventLoop.java:788)
2025-01-30 04:02:50,587 INFO c.h.h.t.HelmChartContainer - [hivemq-test-hivemq-platform] [hivemq-platform-operator] [270c128d] 	at io.netty.channel.nio.NioEventLoop.processSelectedKeysOptimized(NioEventLoop.java:724)
2025-01-30 04:02:50,587 INFO c.h.h.t.HelmChartContainer - [hivemq-test-hivemq-platform] [hivemq-platform-operator] [270c128d] 	at io.netty.channel.nio.NioEventLoop.processSelectedKeys(NioEventLoop.java:650)
2025-01-30 04:02:50,587 INFO c.h.h.t.HelmChartContainer - [hivemq-test-hivemq-platform] [hivemq-platform-operator] [270c128d] 	at io.netty.channel.nio.NioEventLoop.run(NioEventLoop.java:562)
2025-01-30 04:02:50,587 INFO c.h.h.t.HelmChartContainer - [hivemq-test-hivemq-platform] [hivemq-platform-operator] [270c128d] 	at io.netty.util.concurrent.SingleThreadEventExecutor$4.run(SingleThreadEventExecutor.java:997)
2025-01-30 04:02:50,587 INFO c.h.h.t.HelmChartContainer - [hivemq-test-hivemq-platform] [hivemq-platform-operator] [270c128d] 	at io.netty.util.internal.ThreadExecutorMap$2.run(ThreadExecutorMap.java:74)
2025-01-30 04:02:50,587 INFO c.h.h.t.HelmChartContainer - [hivemq-test-hivemq-platform] [hivemq-platform-operator] [270c128d] 	at io.netty.util.concurrent.FastThreadLocalRunnable.run(FastThreadLocalRunnable.java:30)
2025-01-30 04:02:50,587 INFO c.h.h.t.HelmChartContainer - [hivemq-test-hivemq-platform] [hivemq-platform-operator] [270c128d] 	... 1 more
2025-01-30 04:02:50,587 INFO c.h.h.t.HelmChartContainer - [hivemq-test-hivemq-platform] [hivemq-platform-operator] [270c128d] 
2025-01-30 04:02:50,587 INFO c.h.h.t.HelmChartContainer - [hivemq-test-hivemq-platform] [hivemq-platform-operator] [270c128d] 	at io.javaoperatorsdk.operator.processing.dependent.workflow.WorkflowResult.throwAggregateExceptionIfErrorsPresent(WorkflowResult.java:54)
2025-01-30 04:02:50,587 INFO c.h.h.t.HelmChartContainer - [hivemq-test-hivemq-platform] [hivemq-platform-operator] [270c128d] 	at io.javaoperatorsdk.operator.processing.dependent.workflow.WorkflowReconcileResult.throwAggregateExceptionIfErrorsPresent(WorkflowReconcileResult.java:9)
2025-01-30 04:02:50,587 INFO c.h.h.t.HelmChartContainer - [hivemq-test-hivemq-platform] [hivemq-platform-operator] [270c128d] 	at io.javaoperatorsdk.operator.processing.dependent.workflow.DefaultWorkflow.reconcile(DefaultWorkflow.java:98)
2025-01-30 04:02:50,587 INFO c.h.h.t.HelmChartContainer - [hivemq-test-hivemq-platform] [hivemq-platform-operator] [270c128d] 	at io.javaoperatorsdk.operator.processing.Controller$1.execute(Controller.java:147)
2025-01-30 04:02:50,587 INFO c.h.h.t.HelmChartContainer - [hivemq-test-hivemq-platform] [hivemq-platform-operator] [270c128d] 	at io.javaoperatorsdk.operator.processing.Controller$1.execute(Controller.java:110)
2025-01-30 04:02:50,587 INFO c.h.h.t.HelmChartContainer - [hivemq-test-hivemq-platform] [hivemq-platform-operator] [270c128d] 	at io.javaoperatorsdk.operator.monitoring.micrometer.MicrometerMetrics.lambda$timeControllerExecution$0(MicrometerMetrics.java:163)
2025-01-30 04:02:50,588 INFO c.h.h.t.HelmChartContainer - [hivemq-test-hivemq-platform] [hivemq-platform-operator] [270c128d] 	... 11 common frames omitted
2025-01-30 04:02:50,588 INFO c.h.h.t.HelmChartContainer - [hivemq-test-hivemq-platform] [hivemq-platform-operator] [270c128d] 04:02:50.571 [ReconcilerExecutor-hivemq-controller-121] INFO  c.h.p.o.HiveMQPlatformReconciler - [helmcust] Cleanup test-hivemq-platform - helmcustomextensionit HiveMQ Platform is shut down
2025-01-30 04:02:51,206 INFO c.h.h.t.HelmChartContainer - [POD] test-hivemq-platform-0 [68431e1c-e002-455d-b579-3ae0078893b9] in helmcustomextensionit was MODIFIED
2025-01-30 04:02:51,214 INFO c.h.h.t.HelmChartContainer - [EVENT] Normal [Killing] Stopping container hivemq [helmcustomextensionit:test-hivemq-platform-0]
2025-01-30 04:02:51,214 INFO c.h.h.t.HelmChartContainer - Received Killing event for container hivemq in pod test-hivemq-platform-0 [68431e1c-e002-455d-b579-3ae0078893b9]
2025-01-30 04:02:51,214 INFO c.h.h.t.HelmChartContainer - Container [test-hivemq-platform-0] [hivemq] [68431e1c-e002-455d-b579-3ae0078893b9] was terminated
2025-01-30 04:02:51,214 INFO c.h.h.t.HelmChartContainer - Stopped log watcher for hivemq in pod test-hivemq-platform-0 [68431e1c-e002-455d-b579-3ae0078893b9]
2025-01-30 04:02:51,216 INFO c.h.h.t.HelmChartContainer - [test-hivemq-platform] [hivemq] [68431e1c] INFO  - [HiveMQ Platform Operator Init App 1.7.0-SNAPSHOT] Shutting down
2025-01-30 04:02:51,217 INFO c.h.h.t.HelmChartContainer - [test-hivemq-platform] [hivemq] [68431e1c] INFO  - [HiveMQ Platform Operator Init App 1.7.0-SNAPSHOT] Stopping the HiveMQ Platform
2025-01-30 04:02:51,364 INFO c.h.h.t.HelmChartContainer - [test-hivemq-platform] [hivemq] [68431e1c] INFO  - Shutting down HiveMQ. Please wait, this could take a while...
2025-01-30 04:02:51,368 INFO c.h.h.t.HelmChartContainer - [test-hivemq-platform] [hivemq] [68431e1c] INFO  - Shutting down listeners and clients
2025-01-30 04:02:51,369 INFO c.h.h.t.HelmChartContainer - [test-hivemq-platform] [hivemq] [68431e1c] INFO  - Shutdown of listeners is done
2025-01-30 04:02:51,370 INFO c.h.h.t.HelmChartContainer - [test-hivemq-platform] [hivemq] [68431e1c] INFO  - No clients are connected, proceeding with shutdown
2025-01-30 04:02:52,441 INFO c.h.h.t.HelmChartContainer - Deleting namespace 'helmcustomextensionit'...
2025-01-30 04:02:52,852 INFO c.h.h.t.HelmChartContainer - [test-hivemq-platform] [hivemq] [68431e1c] INFO  - [HiveMQ Platform Operator Init App 1.7.0-SNAPSHOT] Returning shutdown Health API response 503 for readiness
2025-01-30 04:02:52,856 INFO c.h.h.t.HelmChartContainer - [EVENT] Warning [Unhealthy] Readiness probe failed: HTTP probe failed with statuscode: 503 [helmcustomextensionit:test-hivemq-platform-0]
2025-01-30 04:02:52,856 INFO c.h.h.t.HelmChartContainer - Received Unhealthy event for container hivemq in pod test-hivemq-platform-0 [68431e1c-e002-455d-b579-3ae0078893b9]
2025-01-30 04:02:53,183 INFO c.h.h.t.HelmChartContainer - [K3S] [authentication.go:74] "Unable to authenticate the request" err="[invalid bearer token, serviceaccounts \"hivemq-platform-pod-test-hivemq-platform\" not found]"
2025-01-30 04:02:53,198 INFO c.h.h.t.HelmChartContainer - [K3S] [authentication.go:74] "Unable to authenticate the request" err="[invalid bearer token, serviceaccounts \"hivemq-platform-pod-test-hivemq-platform\" not found]"
2025-01-30 04:02:53,267 INFO c.h.h.t.HelmChartContainer - [test-hivemq-platform] [hivemq] [68431e1c] WARN  - [HiveMQ Platform Operator Init App 1.7.0-SNAPSHOT] Could not update Pod annotations: Failure executing: GET at: https://10.43.0.1:443/api/v1/namespaces/helmcustomextensionit/pods/test-hivemq-platform-0. Message: Unauthorized. Received status: Status(apiVersion=v1, code=401, details=null, kind=Status, message=Unauthorized, metadata=ListMeta(_continue=null, remainingItemCount=null, resourceVersion=null, selfLink=null, additionalProperties={}), reason=Unauthorized, status=Failure, additionalProperties={}).
2025-01-30 04:02:54,670 INFO c.h.h.t.HelmChartContainer - [test-hivemq-platform] [hivemq] [68431e1c] INFO  - Shutting down extension system
2025-01-30 04:02:54,680 INFO c.h.h.t.HelmChartContainer - [test-hivemq-platform] [hivemq] [68431e1c] INFO  - Stopping extension with id hivemq-dns-cluster-discovery
2025-01-30 04:02:54,680 INFO c.h.h.t.HelmChartContainer - [test-hivemq-platform] [hivemq] [68431e1c] INFO  - Extension "DNS Cluster Discovery Extension" version 4.3.2 stopped successfully.
2025-01-30 04:02:54,680 INFO c.h.h.t.HelmChartContainer - [test-hivemq-platform] [hivemq] [68431e1c] INFO  - Stopping extension with id hivemq-custom-test-extension
2025-01-30 04:02:54,681 INFO c.h.h.t.HelmChartContainer - [test-hivemq-platform] [hivemq] [68431e1c] INFO  - HiveMQ Custom Test Extension stopped
2025-01-30 04:02:54,681 INFO c.h.h.t.HelmChartContainer - [test-hivemq-platform] [hivemq] [68431e1c] INFO  - Extension "HiveMQ Custom Test Extension" version 2.0.0 stopped successfully.
2025-01-30 04:02:54,681 INFO c.h.h.t.HelmChartContainer - [test-hivemq-platform] [hivemq] [68431e1c] INFO  - Stopping extension with id hivemq-prometheus-extension
2025-01-30 04:02:54,684 INFO c.h.h.t.HelmChartContainer - [test-hivemq-platform] [hivemq] [68431e1c] INFO  - Extension "Prometheus Monitoring Extension" version 4.0.12 stopped successfully.
2025-01-30 04:02:54,684 INFO c.h.h.t.HelmChartContainer - [test-hivemq-platform] [hivemq] [68431e1c] INFO  - Stopping extension with id hivemq-allow-all-extension
2025-01-30 04:02:54,684 INFO c.h.h.t.HelmChartContainer - [test-hivemq-platform] [hivemq] [68431e1c] INFO  - Extension "Allow All Extension" version 1.1.1 stopped successfully.
2025-01-30 04:02:56,973 INFO c.h.h.t.HelmChartContainer - [test-hivemq-platform] [hivemq] [68431e1c] INFO  - Shutdown completed.
2025-01-30 04:02:57,322 INFO c.h.h.t.HelmChartContainer - [test-hivemq-platform] [hivemq] [68431e1c] INFO  - [HiveMQ Platform Operator Init App 1.7.0-SNAPSHOT] The HiveMQ Platform exited with code 143
2025-01-30 04:02:57,322 INFO c.h.h.t.HelmChartContainer - [test-hivemq-platform] [hivemq] [68431e1c] INFO  - [HiveMQ Platform Operator Init App 1.7.0-SNAPSHOT] Stopping the REST API
2025-01-30 04:02:57,364 INFO c.h.h.t.HelmChartContainer - [test-hivemq-platform] [hivemq] [68431e1c] INFO  - [HiveMQ Platform Operator Init App 1.7.0-SNAPSHOT] Shutdown complete
2025-01-30 04:02:57,554 INFO c.h.h.t.HelmChartContainer - [K3S] [replica_set.go:679] "Finished syncing" kind="ReplicaSet" key="helmcustomextensionit/nginx-9476f8bf6" duration="5.33µs"
2025-01-30 04:02:57,562 INFO c.h.h.t.HelmChartContainer - [POD] nginx-9476f8bf6-2t4wt [27035290-d69d-4f26-a6b5-8bd13bd000e3] in helmcustomextensionit was MODIFIED
2025-01-30 04:02:57,570 INFO c.h.h.t.HelmChartContainer - [nginx-9476f8bf6-2t4w] [nginx] [27035290] 2025/01/30 04:02:57 [notice] 1#1: signal 3 (SIGQUIT) received, shutting down
2025-01-30 04:02:57,570 INFO c.h.h.t.HelmChartContainer - [nginx-9476f8bf6-2t4w] [nginx] [27035290] 2025/01/30 04:02:57 [notice] 22#22: gracefully shutting down
2025-01-30 04:02:57,570 INFO c.h.h.t.HelmChartContainer - [nginx-9476f8bf6-2t4w] [nginx] [27035290] 2025/01/30 04:02:57 [notice] 24#24: gracefully shutting down
2025-01-30 04:02:57,570 INFO c.h.h.t.HelmChartContainer - [nginx-9476f8bf6-2t4w] [nginx] [27035290] 2025/01/30 04:02:57 [notice] 22#22: exiting
2025-01-30 04:02:57,570 INFO c.h.h.t.HelmChartContainer - [nginx-9476f8bf6-2t4w] [nginx] [27035290] 2025/01/30 04:02:57 [notice] 24#24: exiting
2025-01-30 04:02:57,570 INFO c.h.h.t.HelmChartContainer - [nginx-9476f8bf6-2t4w] [nginx] [27035290] 2025/01/30 04:02:57 [notice] 22#22: exit
2025-01-30 04:02:57,570 INFO c.h.h.t.HelmChartContainer - [nginx-9476f8bf6-2t4w] [nginx] [27035290] 2025/01/30 04:02:57 [notice] 24#24: exit
2025-01-30 04:02:57,570 INFO c.h.h.t.HelmChartContainer - [nginx-9476f8bf6-2t4w] [nginx] [27035290] 2025/01/30 04:02:57 [notice] 23#23: gracefully shutting down
2025-01-30 04:02:57,570 INFO c.h.h.t.HelmChartContainer - [nginx-9476f8bf6-2t4w] [nginx] [27035290] 2025/01/30 04:02:57 [notice] 23#23: exiting
2025-01-30 04:02:57,570 INFO c.h.h.t.HelmChartContainer - [nginx-9476f8bf6-2t4w] [nginx] [27035290] 2025/01/30 04:02:57 [notice] 23#23: exit
2025-01-30 04:02:57,571 INFO c.h.h.t.HelmChartContainer - [nginx-9476f8bf6-2t4w] [nginx] [27035290] 2025/01/30 04:02:57 [notice] 25#25: gracefully shutting down
2025-01-30 04:02:57,571 INFO c.h.h.t.HelmChartContainer - [nginx-9476f8bf6-2t4w] [nginx] [27035290] 2025/01/30 04:02:57 [notice] 25#25: exiting
2025-01-30 04:02:57,571 INFO c.h.h.t.HelmChartContainer - [nginx-9476f8bf6-2t4w] [nginx] [27035290] 2025/01/30 04:02:57 [notice] 25#25: exit
2025-01-30 04:02:57,581 INFO c.h.h.t.HelmChartContainer - [nginx-9476f8bf6-2t4w] [nginx] [27035290] 2025/01/30 04:02:57 [notice] 1#1: signal 17 (SIGCHLD) received from 24
2025-01-30 04:02:57,581 INFO c.h.h.t.HelmChartContainer - [nginx-9476f8bf6-2t4w] [nginx] [27035290] 2025/01/30 04:02:57 [notice] 1#1: worker process 22 exited with code 0
2025-01-30 04:02:57,581 INFO c.h.h.t.HelmChartContainer - [nginx-9476f8bf6-2t4w] [nginx] [27035290] 2025/01/30 04:02:57 [notice] 1#1: worker process 24 exited with code 0
2025-01-30 04:02:57,582 INFO c.h.h.t.HelmChartContainer - [nginx-9476f8bf6-2t4w] [nginx] [27035290] 2025/01/30 04:02:57 [notice] 1#1: worker process 25 exited with code 0
2025-01-30 04:02:57,582 INFO c.h.h.t.HelmChartContainer - [nginx-9476f8bf6-2t4w] [nginx] [27035290] 2025/01/30 04:02:57 [notice] 1#1: signal 29 (SIGIO) received
2025-01-30 04:02:57,582 INFO c.h.h.t.HelmChartContainer - [nginx-9476f8bf6-2t4w] [nginx] [27035290] 2025/01/30 04:02:57 [notice] 1#1: signal 17 (SIGCHLD) received from 23
2025-01-30 04:02:57,583 INFO c.h.h.t.HelmChartContainer - [nginx-9476f8bf6-2t4w] [nginx] [27035290] 2025/01/30 04:02:57 [notice] 1#1: worker process 23 exited with code 0
2025-01-30 04:02:57,583 INFO c.h.h.t.HelmChartContainer - [nginx-9476f8bf6-2t4w] [nginx] [27035290] 2025/01/30 04:02:57 [notice] 1#1: exit
2025-01-30 04:02:57,608 INFO c.h.h.t.HelmChartContainer - [K3S] [stateful_set.go:466] "StatefulSet has been deleted" key="helmcustomextensionit/test-hivemq-platform"
2025-01-30 04:02:57,712 INFO c.h.h.t.HelmChartContainer - [POD] nginx-9476f8bf6-2t4wt [27035290-d69d-4f26-a6b5-8bd13bd000e3] in helmcustomextensionit was MODIFIED
2025-01-30 04:02:57,799 INFO c.h.h.t.HelmChartContainer - [POD] test-hivemq-platform-0 [68431e1c-e002-455d-b579-3ae0078893b9] in helmcustomextensionit was MODIFIED
2025-01-30 04:02:57,867 INFO c.h.h.t.HelmChartContainer - [K3S] [reconciler_common.go:162] "operationExecutor.UnmountVolume started for volume \"nginx-basic-auth-conf\" (UniqueName: \"kubernetes.io/host-path/27035290-d69d-4f26-a6b5-8bd13bd000e3-nginx-basic-auth-conf\") pod \"27035290-d69d-4f26-a6b5-8bd13bd000e3\" (UID: \"27035290-d69d-4f26-a6b5-8bd13bd000e3\") "
2025-01-30 04:02:57,867 INFO c.h.h.t.HelmChartContainer - [K3S] [reconciler_common.go:162] "operationExecutor.UnmountVolume started for volume \"kube-api-access-zw2lp\" (UniqueName: \"kubernetes.io/projected/27035290-d69d-4f26-a6b5-8bd13bd000e3-kube-api-access-zw2lp\") pod \"27035290-d69d-4f26-a6b5-8bd13bd000e3\" (UID: \"27035290-d69d-4f26-a6b5-8bd13bd000e3\") "
2025-01-30 04:02:57,867 INFO c.h.h.t.HelmChartContainer - [K3S] [reconciler_common.go:162] "operationExecutor.UnmountVolume started for volume \"volume-hivemq-custom-test-extension-200\" (UniqueName: \"kubernetes.io/host-path/27035290-d69d-4f26-a6b5-8bd13bd000e3-volume-hivemq-custom-test-extension-200\") pod \"27035290-d69d-4f26-a6b5-8bd13bd000e3\" (UID: \"27035290-d69d-4f26-a6b5-8bd13bd000e3\") "
2025-01-30 04:02:57,867 INFO c.h.h.t.HelmChartContainer - [K3S] [reconciler_common.go:162] "operationExecutor.UnmountVolume started for volume \"nginx-htpasswd\" (UniqueName: \"kubernetes.io/host-path/27035290-d69d-4f26-a6b5-8bd13bd000e3-nginx-htpasswd\") pod \"27035290-d69d-4f26-a6b5-8bd13bd000e3\" (UID: \"27035290-d69d-4f26-a6b5-8bd13bd000e3\") "
2025-01-30 04:02:57,968 INFO c.h.h.t.HelmChartContainer - [K3S] [reconciler_common.go:162] "operationExecutor.UnmountVolume started for volume \"broker-configuration\" (UniqueName: \"kubernetes.io/configmap/68431e1c-e002-455d-b579-3ae0078893b9-broker-configuration\") pod \"68431e1c-e002-455d-b579-3ae0078893b9\" (UID: \"68431e1c-e002-455d-b579-3ae0078893b9\") "
2025-01-30 04:02:57,968 INFO c.h.h.t.HelmChartContainer - [K3S] [reconciler_common.go:162] "operationExecutor.UnmountVolume started for volume \"extension-request-header-custom-extension-auth-secret\" (UniqueName: \"kubernetes.io/secret/68431e1c-e002-455d-b579-3ae0078893b9-extension-request-header-custom-extension-auth-secret\") pod \"68431e1c-e002-455d-b579-3ae0078893b9\" (UID: \"68431e1c-e002-455d-b579-3ae0078893b9\") "
2025-01-30 04:02:57,968 INFO c.h.h.t.HelmChartContainer - [K3S] [reconciler_common.go:162] "operationExecutor.UnmountVolume started for volume \"kube-api-access-9h7xq\" (UniqueName: \"kubernetes.io/projected/68431e1c-e002-455d-b579-3ae0078893b9-kube-api-access-9h7xq\") pod \"68431e1c-e002-455d-b579-3ae0078893b9\" (UID: \"68431e1c-e002-455d-b579-3ae0078893b9\") "
2025-01-30 04:02:57,969 INFO c.h.h.t.HelmChartContainer - [K3S] [reconciler_common.go:162] "operationExecutor.UnmountVolume started for volume \"pod-info\" (UniqueName: \"kubernetes.io/configmap/68431e1c-e002-455d-b579-3ae0078893b9-pod-info\") pod \"68431e1c-e002-455d-b579-3ae0078893b9\" (UID: \"68431e1c-e002-455d-b579-3ae0078893b9\") "
2025-01-30 04:02:57,969 INFO c.h.h.t.HelmChartContainer - [K3S] [reconciler_common.go:162] "operationExecutor.UnmountVolume started for volume \"operator-init\" (UniqueName: \"kubernetes.io/empty-dir/68431e1c-e002-455d-b579-3ae0078893b9-operator-init\") pod \"68431e1c-e002-455d-b579-3ae0078893b9\" (UID: \"68431e1c-e002-455d-b579-3ae0078893b9\") "
2025-01-30 04:02:57,969 INFO c.h.h.t.HelmChartContainer - [K3S] [reconciler_common.go:299] "Volume detached for volume \"volume-hivemq-custom-test-extension-200\" (UniqueName: \"kubernetes.io/host-path/27035290-d69d-4f26-a6b5-8bd13bd000e3-volume-hivemq-custom-test-extension-200\") on node \"19066f879d23\" DevicePath \"\""
2025-01-30 04:02:57,969 INFO c.h.h.t.HelmChartContainer - [K3S] [reconciler_common.go:299] "Volume detached for volume \"nginx-htpasswd\" (UniqueName: \"kubernetes.io/host-path/27035290-d69d-4f26-a6b5-8bd13bd000e3-nginx-htpasswd\") on node \"19066f879d23\" DevicePath \"\""
2025-01-30 04:02:57,969 INFO c.h.h.t.HelmChartContainer - [K3S] [reconciler_common.go:299] "Volume detached for volume \"nginx-basic-auth-conf\" (UniqueName: \"kubernetes.io/host-path/27035290-d69d-4f26-a6b5-8bd13bd000e3-nginx-basic-auth-conf\") on node \"19066f879d23\" DevicePath \"\""
2025-01-30 04:02:57,969 INFO c.h.h.t.HelmChartContainer - [K3S] [reconciler_common.go:299] "Volume detached for volume \"kube-api-access-zw2lp\" (UniqueName: \"kubernetes.io/projected/27035290-d69d-4f26-a6b5-8bd13bd000e3-kube-api-access-zw2lp\") on node \"19066f879d23\" DevicePath \"\""
2025-01-30 04:02:58,069 INFO c.h.h.t.HelmChartContainer - [K3S] [reconciler_common.go:299] "Volume detached for volume \"operator-init\" (UniqueName: \"kubernetes.io/empty-dir/68431e1c-e002-455d-b579-3ae0078893b9-operator-init\") on node \"19066f879d23\" DevicePath \"\""
2025-01-30 04:02:58,069 INFO c.h.h.t.HelmChartContainer - [K3S] [reconciler_common.go:299] "Volume detached for volume \"broker-configuration\" (UniqueName: \"kubernetes.io/configmap/68431e1c-e002-455d-b579-3ae0078893b9-broker-configuration\") on node \"19066f879d23\" DevicePath \"\""
2025-01-30 04:02:58,069 INFO c.h.h.t.HelmChartContainer - [K3S] [reconciler_common.go:299] "Volume detached for volume \"extension-request-header-custom-extension-auth-secret\" (UniqueName: \"kubernetes.io/secret/68431e1c-e002-455d-b579-3ae0078893b9-extension-request-header-custom-extension-auth-secret\") on node \"19066f879d23\" DevicePath \"\""
2025-01-30 04:02:58,069 INFO c.h.h.t.HelmChartContainer - [K3S] [reconciler_common.go:299] "Volume detached for volume \"kube-api-access-9h7xq\" (UniqueName: \"kubernetes.io/projected/68431e1c-e002-455d-b579-3ae0078893b9-kube-api-access-9h7xq\") on node \"19066f879d23\" DevicePath \"\""
2025-01-30 04:02:58,069 INFO c.h.h.t.HelmChartContainer - [K3S] [reconciler_common.go:299] "Volume detached for volume \"pod-info\" (UniqueName: \"kubernetes.io/configmap/68431e1c-e002-455d-b579-3ae0078893b9-pod-info\") on node \"19066f879d23\" DevicePath \"\""
2025-01-30 04:02:58,378 INFO c.h.h.t.HelmChartContainer - [K3S] [scope.go:117] "RemoveContainer" containerID="bd706778004c3bac3a89510d94c80402ebca7587bc04ac35879b8cf7c265f093"
2025-01-30 04:02:58,380 INFO c.h.h.t.HelmChartContainer - Stopped log watcher for nginx in pod nginx-9476f8bf6-2t4wt [27035290-d69d-4f26-a6b5-8bd13bd000e3]
2025-01-30 04:02:58,382 INFO c.h.h.t.HelmChartContainer - [K3S] [scope.go:117] "RemoveContainer" containerID="bd706778004c3bac3a89510d94c80402ebca7587bc04ac35879b8cf7c265f093"
2025-01-30 04:02:58,383 INFO c.h.h.t.HelmChartContainer - [K3S] [scope.go:117] "RemoveContainer" containerID="5d3368138307a75db22a57229f483da93b409b3661775613a2aa56c9d969c5dc"
2025-01-30 04:02:58,393 INFO c.h.h.t.HelmChartContainer - [POD] nginx-9476f8bf6-2t4wt [27035290-d69d-4f26-a6b5-8bd13bd000e3] in helmcustomextensionit was MODIFIED
2025-01-30 04:02:58,398 INFO c.h.h.t.HelmChartContainer - [POD] nginx-9476f8bf6-2t4wt [27035290-d69d-4f26-a6b5-8bd13bd000e3] in helmcustomextensionit was DELETED
2025-01-30 04:02:58,409 INFO c.h.h.t.HelmChartContainer - [POD] test-hivemq-platform-0 [68431e1c-e002-455d-b579-3ae0078893b9] in helmcustomextensionit was MODIFIED
2025-01-30 04:02:58,412 INFO c.h.h.t.HelmChartContainer - [POD] test-hivemq-platform-0 [68431e1c-e002-455d-b579-3ae0078893b9] in helmcustomextensionit was DELETED
2025-01-30 04:02:58,495 INFO c.h.h.t.HelmChartContainer - [K3S] [scope.go:117] "RemoveContainer" containerID="a28e5d4ddb45ce0ce6d8432bb0c15e68bc84f87bba2ac9950a11008339e61cd0"
2025-01-30 04:02:58,498 INFO c.h.h.t.HelmChartContainer - [K3S] [scope.go:117] "RemoveContainer" containerID="5d3368138307a75db22a57229f483da93b409b3661775613a2aa56c9d969c5dc"
2025-01-30 04:02:58,498 INFO c.h.h.t.HelmChartContainer - [K3S] [scope.go:117] "RemoveContainer" containerID="a28e5d4ddb45ce0ce6d8432bb0c15e68bc84f87bba2ac9950a11008339e61cd0"
2025-01-30 04:02:59,009 INFO c.h.h.t.HelmChartContainer - [K3S] [kubelet_volumes.go:163] "Cleaned up orphaned pod volumes dir" podUID="27035290-d69d-4f26-a6b5-8bd13bd000e3" path="/var/lib/kubelet/pods/27035290-d69d-4f26-a6b5-8bd13bd000e3/volumes"
2025-01-30 04:02:59,010 INFO c.h.h.t.HelmChartContainer - [K3S] [kubelet_volumes.go:163] "Cleaned up orphaned pod volumes dir" podUID="68431e1c-e002-455d-b579-3ae0078893b9" path="/var/lib/kubelet/pods/68431e1c-e002-455d-b579-3ae0078893b9/volumes"
2025-01-30 04:03:02,880 INFO c.h.h.t.HelmChartContainer - Namespace 'helmcustomextensionit' deleted
2025-01-30 04:03:02,880 INFO c.h.h.t.HelmChartContainer - Release 'test-hivemq-platform' in namespace 'helmcustomextensionit' is uninstalled
2025-01-30 04:03:02,880 INFO c.h.h.t.HelmChartContainer - Uninstalling release 'test-hivemq-platform-operator' in namespace 'helmcustomextensionit-operator'...
2025-01-30 04:03:02,880 DEBUG c.h.h.t.HelmChartContainer - Executing helm command: /bin/helm --kubeconfig /etc/rancher/k3s/k3s.yaml uninstall test-hivemq-platform-operator  --wait --timeout 5m0s --cascade foreground --namespace helmcustomextensionit-operator
2025-01-30 04:03:03,087 INFO c.h.h.t.HelmChartContainer - [POD] hivemq-test-hivemq-platform-operator-6966f96d65-cqzbs [270c128d-e147-4b32-aae1-a33269eb7cb8] in helmcustomextensionit-operator was MODIFIED
2025-01-30 04:03:03,104 INFO c.h.h.t.HelmChartContainer - [EVENT] Normal [Killing] Stopping container hivemq-platform-operator [helmcustomextensionit-operator:hivemq-test-hivemq-platform-operator-6966f96d65-cqzbs]
2025-01-30 04:03:03,104 INFO c.h.h.t.HelmChartContainer - Received Killing event for container hivemq-platform-operator in pod hivemq-test-hivemq-platform-operator-6966f96d65-cqzbs [270c128d-e147-4b32-aae1-a33269eb7cb8]
2025-01-30 04:03:03,104 INFO c.h.h.t.HelmChartContainer - Container [hivemq-test-hivemq-platform-operator-6966f96d65-cqzbs] [hivemq-platform-operator] [270c128d-e147-4b32-aae1-a33269eb7cb8] was terminated
2025-01-30 04:03:03,104 INFO c.h.h.t.HelmChartContainer - Stopped log watcher for hivemq-platform-operator in pod hivemq-test-hivemq-platform-operator-6966f96d65-cqzbs [270c128d-e147-4b32-aae1-a33269eb7cb8]
2025-01-30 04:03:03,115 INFO c.h.h.t.HelmChartContainer - [K3S] [replica_set.go:679] "Finished syncing" kind="ReplicaSet" key="helmcustomextensionit-operator/hivemq-test-hivemq-platform-operator-6966f96d65" duration="74.243588ms"
2025-01-30 04:03:03,140 INFO c.h.h.t.HelmChartContainer - [K3S] [replica_set.go:679] "Finished syncing" kind="ReplicaSet" key="helmcustomextensionit-operator/hivemq-test-hivemq-platform-operator-6966f96d65" duration="23.748757ms"
2025-01-30 04:03:03,150 INFO c.h.h.t.HelmChartContainer - [K3S] [replica_set.go:679] "Finished syncing" kind="ReplicaSet" key="helmcustomextensionit-operator/hivemq-test-hivemq-platform-operator-6966f96d65" duration="10.607376ms"
2025-01-30 04:03:03,151 INFO c.h.h.t.HelmChartContainer - [K3S] [replica_set.go:679] "Finished syncing" kind="ReplicaSet" key="helmcustomextensionit-operator/hivemq-test-hivemq-platform-operator-6966f96d65" duration="33.523µs"
2025-01-30 04:03:03,178 INFO c.h.h.t.HelmChartContainer - [hivemq-test-hivemq-platform] [hivemq-platform-operator] [270c128d] 04:03:03.174 [application-shutdown-thread] INFO  c.h.p.o.HiveMQPlatformOperatorApplication - HiveMQ Platform Operator is stopping...
2025-01-30 04:03:03,179 INFO c.h.h.t.HelmChartContainer - [hivemq-test-hivemq-platform] [hivemq-platform-operator] [270c128d] 04:03:03.174 [application-shutdown-thread] INFO  i.javaoperatorsdk.operator.Operator - Operator SDK 4.9.7 is shutting down...
2025-01-30 04:03:03,513 INFO c.h.h.t.HelmChartContainer - [K3S] [replica_set.go:679] "Finished syncing" kind="ReplicaSet" key="helmcustomextensionit-operator/hivemq-test-hivemq-platform-operator-6966f96d65" duration="43.572µs"
2025-01-30 04:03:03,515 INFO c.h.h.t.HelmChartContainer - [POD] hivemq-test-hivemq-platform-operator-6966f96d65-cqzbs [270c128d-e147-4b32-aae1-a33269eb7cb8] in helmcustomextensionit-operator was MODIFIED
2025-01-30 04:03:03,700 INFO c.h.h.t.HelmChartContainer - [K3S] [reconciler_common.go:162] "operationExecutor.UnmountVolume started for volume \"kube-api-access-2h7cs\" (UniqueName: \"kubernetes.io/projected/270c128d-e147-4b32-aae1-a33269eb7cb8-kube-api-access-2h7cs\") pod \"270c128d-e147-4b32-aae1-a33269eb7cb8\" (UID: \"270c128d-e147-4b32-aae1-a33269eb7cb8\") "
2025-01-30 04:03:03,800 INFO c.h.h.t.HelmChartContainer - [K3S] [reconciler_common.go:299] "Volume detached for volume \"kube-api-access-2h7cs\" (UniqueName: \"kubernetes.io/projected/270c128d-e147-4b32-aae1-a33269eb7cb8-kube-api-access-2h7cs\") on node \"19066f879d23\" DevicePath \"\""
2025-01-30 04:03:04,392 INFO c.h.h.t.HelmChartContainer - [K3S] [scope.go:117] "RemoveContainer" containerID="461a0fd35fc5b78cb238a553d7650f0a312a71b9df9ce2b78d4904d8f52836b9"
2025-01-30 04:03:04,396 INFO c.h.h.t.HelmChartContainer - [K3S] [scope.go:117] "RemoveContainer" containerID="461a0fd35fc5b78cb238a553d7650f0a312a71b9df9ce2b78d4904d8f52836b9"
2025-01-30 04:03:04,404 INFO c.h.h.t.HelmChartContainer - [K3S] [replica_set.go:679] "Finished syncing" kind="ReplicaSet" key="helmcustomextensionit-operator/hivemq-test-hivemq-platform-operator-6966f96d65" duration="46.076µs"
2025-01-30 04:03:04,405 INFO c.h.h.t.HelmChartContainer - [POD] hivemq-test-hivemq-platform-operator-6966f96d65-cqzbs [270c128d-e147-4b32-aae1-a33269eb7cb8] in helmcustomextensionit-operator was MODIFIED
2025-01-30 04:03:04,406 INFO c.h.h.t.HelmChartContainer - [K3S] [replica_set.go:679] "Finished syncing" kind="ReplicaSet" key="helmcustomextensionit-operator/hivemq-test-hivemq-platform-operator-6966f96d65" duration="27.461µs"
2025-01-30 04:03:04,407 INFO c.h.h.t.HelmChartContainer - [POD] hivemq-test-hivemq-platform-operator-6966f96d65-cqzbs [270c128d-e147-4b32-aae1-a33269eb7cb8] in helmcustomextensionit-operator was DELETED
2025-01-30 04:03:04,418 INFO c.h.h.t.HelmChartContainer - [K3S] [replica_set.go:679] "Finished syncing" kind="ReplicaSet" key="helmcustomextensionit-operator/hivemq-test-hivemq-platform-operator-6966f96d65" duration="6.312µs"
2025-01-30 04:03:05,009 INFO c.h.h.t.HelmChartContainer - [K3S] [kubelet_volumes.go:163] "Cleaned up orphaned pod volumes dir" podUID="270c128d-e147-4b32-aae1-a33269eb7cb8" path="/var/lib/kubelet/pods/270c128d-e147-4b32-aae1-a33269eb7cb8/volumes"
2025-01-30 04:03:05,098 INFO c.h.h.t.HelmChartContainer - Deleting namespace 'helmcustomextensionit-operator'...
2025-01-30 04:03:07,831 INFO c.h.h.t.HelmChartContainer - [K3S] [namespace_controller.go:187] "Namespace has been deleted" namespace="helmcustomextensionit"
2025-01-30 04:03:10,314 INFO c.h.h.t.HelmChartContainer - Namespace 'helmcustomextensionit-operator' deleted
2025-01-30 04:03:10,314 INFO c.h.h.t.HelmChartContainer - Release 'test-hivemq-platform-operator' in namespace 'helmcustomextensionit-operator' is uninstalled
2025-01-30 04:03:11,120 INFO c.h.helmcharts.AbstractHelmChartIT - Removed unused containers:

2025-01-30 04:03:15,229 INFO c.h.h.t.HelmChartContainer - [K3S] [namespace_controller.go:187] "Namespace has been deleted" namespace="helmcustomextensionit-operator"
2025-01-30 04:03:19,832 INFO c.h.helmcharts.AbstractHelmChartIT - Removed unused snapshots:
Removing snapshot sha256:03af251906410714c5aef9fa705b63f6bbc39c4a5e787de7361eeb18886c2ed2
Removing snapshot sha256:0c46b3b43cce082ce5ec34ffc6c294e0417d17b9d1e6f366d114b6aadc4f96dc
Removing snapshot sha256:0ce761beee59082d6ed5bcebd3a805b8ddd9b3426b617e4809e7fb7c6587ffec
Removing snapshot sha256:0df91287303208332c8ff6ba40ae4710105201739addbfbddfb955f1ad593664
Removing snapshot sha256:1021ef88c7974bfff89c5a0ec4fd3160daac6c48a075f74cff721f85dd104e68
Removing snapshot sha256:10aba4953ddc18145dd38e3704709bc464aa20af60b56fe52caaff4b68411e62
Removing snapshot sha256:2573e0d8158209ed54ab25c87bcdcb00bd3d2539246960a3d592a1c599d70465
Removing snapshot sha256:362a8a37f8bbc31925a8146adcf7cf51f9882f5c1dcbef67c5baa03a297543c0
Removing snapshot sha256:3fa4ad33f0ddc8fd45b39b6b4640f82a3a83619606cd975bfe89d8710ad2d4cd
Removing snapshot sha256:43a7c979bbaba6838bc3102d6b10a1459f3ab050b87ccdfef84ef90cf43d3058
Removing snapshot sha256:4ab04491cdf0d3267f08206fe30bd48f49f94b9cab2f016d6739220f722a64af
Removing snapshot sha256:4b27ea114c2c9f1c30082ffbbb4a706e9d205938a1bdf4cd60f5c5dd8da7e598
Removing snapshot sha256:4b6068250e89c96f263060261819c7d912855bfbd64b3eb4c4a8483299b8c295
Removing snapshot sha256:580e69a0a8034ede1921139bbd2bfb72a69ebf276d008281896c32dd8bf74775
Removing snapshot sha256:5d30ba46b27fe37484567ccc5242cadc78217b8da605f3f195ef25cbf7487904
Removing snapshot sha256:5ec183755d09a0a54d0f83e5a705f28f1606fe75660c13148fe125e4f12af39f
Removing snapshot sha256:63ca1fbb43ae5034640e5e6cb3e083e05c290072c5366fcaa9d62435a4cced85
Removing snapshot sha256:67f702c6baae873bceb19487c8b1f27bd2b86077e4f2f0e480e6d60ab508b8f5
Removing snapshot sha256:6864348dd42806d552efdec384f1274be15e2d0c10ce44c1f04347af004c10a9
Removing snapshot sha256:6c7dee8f2c39b84b7dc2711c01d33de93514d9055499173e9290176fbe484b6c
Removing snapshot sha256:82753493a6d61ded36556292f02f31841a14c20d2f279f19eaad65afb661d5cd
Removing snapshot sha256:8a10d3db42c505ee0fcfa98417bdd7e39b304f6bcc0a06bb1b220797ff2cc63c
Removing snapshot sha256:8ad081ee0d46efdea0492cd0bb527c50a8891276fd408ec1269522ac9d6d5580
Removing snapshot sha256:8f81ebdd022257df6bc855669b6b434b7963b58622aedec6fd241412030e8161
Removing snapshot sha256:a21e5b12dbac529ad45d976eb9ce45c881f3bedcc500fb30aba1e52aa1813418
Removing snapshot sha256:a8d62a6e94dbe8920ecfafa3b3aff0ef70aa26ca929f90b110db998eec09bab5
Removing snapshot sha256:ad858b4eee2d8f479065d1b8c650e13c815e75b2e4503c05a67cdc8880b0975a
Removing snapshot sha256:b921e6c28969094157f9b8e7244677780319637afd14450b7cb6b2fdea558a0c
Removing snapshot sha256:bc27ecb5769a00e309cf99ebc763c4a4b958b618d1decc96ffac5bc05f02f5b7
Removing snapshot sha256:be3ccb6627a5332e309d45ef461d09b4879dd870c7394d89323d0ebc6ca6aa8a
Removing snapshot sha256:c261f7cbbc64211ee175ee47273acdb7b1a36a4450b397a064a8f2c026490095
Removing snapshot sha256:c34d9393647eea0c9e3557ab988efaf59f61d10a2a5613b439ef0958cca5ec10
Removing snapshot sha256:ccf3c4a0fa967a41c1c83497a2ce6fa5787965859df0adb32c4ca2cf7490bc2b
Removing snapshot sha256:cf92d33f869417309692088c341cd0f223c178ea78a125f757317b22aa8f90e9
Removing snapshot sha256:d0037344cf2fb078884f1849f6a1f8cf9a33a3b6139b6a85833e5ee528e1f9a8
Removing snapshot sha256:d3b36d5b79273b1e98e7700470eaeff05a882e777124d84cebcc1505b85ecb36
Removing snapshot sha256:d65a44a37914602d12c611e5e22a50f11451d847e63015cc1c2aef92dee777a4
Removing snapshot sha256:e2dc0bae2455930f23ae570e019b7f32edc75c0f2d71cab084db837ff9051796
Removing snapshot sha256:eccbd24a99c60cd9e86ee5305dbfc4a4dc89f5ab4fb1f06c8d64797cecedef34
Removing snapshot sha256:f144bb4c7c7f0d2aa7eeffd36d934ec40db1ee167be727e326aad9fdc616f475

]]></system-out>
  </testcase>
  <testcase name="platformChart_whenCustomExtensionIsConfigured_withHttp_thenStartsUpSuccessfully()" classname="com.hivemq.helmcharts.extensions.HelmCustomExtensionIT" time="106.423">
    <system-out><![CDATA[2025-01-30 04:03:19,837 INFO c.h.h.t.HelmChartContainer - Creating namespace 'helmcustomextensionit-operator'...
2025-01-30 04:03:19,843 INFO c.h.h.t.HelmChartContainer - Namespace 'helmcustomextensionit-operator' created
2025-01-30 04:03:19,843 INFO c.h.h.t.HelmChartContainer - Creating namespace 'helmcustomextensionit'...
2025-01-30 04:03:19,852 INFO c.h.h.t.HelmChartContainer - Namespace 'helmcustomextensionit' created
2025-01-30 04:03:19,929 DEBUG c.h.h.t.HelmChartContainer - Executing helm command: /bin/helm --kubeconfig /etc/rancher/k3s/k3s.yaml install test-hivemq-platform-operator /charts/hivemq-platform-operator --wait --timeout 5m0s --set image.repository=docker.io/hivemq --set image.name=hivemq-platform-operator-test --set image.initImageName=hivemq-platform-operator-init-test --set image.tag=snapshot --set image.pullPolicy=Never --set logLevel=DEBUG --set resources.cpu=512m --namespace helmcustomextensionit-operator
2025-01-30 04:03:20,274 INFO c.h.h.t.HelmChartContainer - [K3S] [alloc.go:330] "allocated clusterIPs" service="helmcustomextensionit-operator/hivemq-platform-operator-test-hivemq-platform-operator" clusterIPs={"IPv4":"10.43.53.146"}
2025-01-30 04:03:20,292 INFO c.h.h.t.HelmChartContainer - [EVENT] Normal [ScalingReplicaSet] Scaled up replica set hivemq-test-hivemq-platform-operator-6966f96d65 from 0 to 1 [helmcustomextensionit-operator:hivemq-test-hivemq-platform-operator]
2025-01-30 04:03:20,299 INFO c.h.h.t.HelmChartContainer - [POD] hivemq-test-hivemq-platform-operator-6966f96d65-kfql7 [82d9d207-8a13-4b93-9eb9-c42b7c0a7115] in helmcustomextensionit-operator was ADDED
2025-01-30 04:03:20,306 INFO c.h.h.t.HelmChartContainer - [K3S] [replica_set.go:679] "Finished syncing" kind="ReplicaSet" key="helmcustomextensionit-operator/hivemq-test-hivemq-platform-operator-6966f96d65" duration="19.850842ms"
2025-01-30 04:03:20,308 INFO c.h.h.t.HelmChartContainer - [K3S] [memory_manager.go:355] "RemoveStaleState removing state" podUID="270c128d-e147-4b32-aae1-a33269eb7cb8" containerName="hivemq-platform-operator"
2025-01-30 04:03:20,308 INFO c.h.h.t.HelmChartContainer - [K3S] [memory_manager.go:355] "RemoveStaleState removing state" podUID="27035290-d69d-4f26-a6b5-8bd13bd000e3" containerName="nginx"
2025-01-30 04:03:20,309 INFO c.h.h.t.HelmChartContainer - [K3S] [memory_manager.go:355] "RemoveStaleState removing state" podUID="68431e1c-e002-455d-b579-3ae0078893b9" containerName="hivemq"
2025-01-30 04:03:20,309 INFO c.h.h.t.HelmChartContainer - [EVENT] Normal [SuccessfulCreate] Created pod: hivemq-test-hivemq-platform-operator-6966f96d65-kfql7 [helmcustomextensionit-operator:hivemq-test-hivemq-platform-operator-6966f96d65]
2025-01-30 04:03:20,310 INFO c.h.h.t.HelmChartContainer - [POD] hivemq-test-hivemq-platform-operator-6966f96d65-kfql7 [82d9d207-8a13-4b93-9eb9-c42b7c0a7115] in helmcustomextensionit-operator was MODIFIED
2025-01-30 04:03:20,320 INFO c.h.h.t.HelmChartContainer - [EVENT] Normal [Scheduled] Successfully assigned helmcustomextensionit-operator/hivemq-test-hivemq-platform-operator-6966f96d65-kfql7 to 19066f879d23 [helmcustomextensionit-operator:hivemq-test-hivemq-platform-operator-6966f96d65-kfql7]
2025-01-30 04:03:20,324 INFO c.h.h.t.HelmChartContainer - [K3S] [replica_set.go:679] "Finished syncing" kind="ReplicaSet" key="helmcustomextensionit-operator/hivemq-test-hivemq-platform-operator-6966f96d65" duration="15.564745ms"
2025-01-30 04:03:20,335 INFO c.h.h.t.HelmChartContainer - [POD] hivemq-test-hivemq-platform-operator-6966f96d65-kfql7 [82d9d207-8a13-4b93-9eb9-c42b7c0a7115] in helmcustomextensionit-operator was MODIFIED
2025-01-30 04:03:20,342 INFO c.h.h.t.HelmChartContainer - [K3S] [replica_set.go:679] "Finished syncing" kind="ReplicaSet" key="helmcustomextensionit-operator/hivemq-test-hivemq-platform-operator-6966f96d65" duration="18.766477ms"
2025-01-30 04:03:20,342 INFO c.h.h.t.HelmChartContainer - [K3S] [replica_set.go:679] "Finished syncing" kind="ReplicaSet" key="helmcustomextensionit-operator/hivemq-test-hivemq-platform-operator-6966f96d65" duration="37.229µs"
2025-01-30 04:03:20,494 INFO c.h.h.t.HelmChartContainer - [K3S] [reconciler_common.go:251] "operationExecutor.VerifyControllerAttachedVolume started for volume \"kube-api-access-8q4h4\" (UniqueName: \"kubernetes.io/projected/82d9d207-8a13-4b93-9eb9-c42b7c0a7115-kube-api-access-8q4h4\") pod \"hivemq-test-hivemq-platform-operator-6966f96d65-kfql7\" (UID: \"82d9d207-8a13-4b93-9eb9-c42b7c0a7115\") " pod="helmcustomextensionit-operator/hivemq-test-hivemq-platform-operator-6966f96d65-kfql7"
2025-01-30 04:03:20,710 INFO c.h.h.t.HelmChartContainer - [EVENT] Normal [Pulled] Container image "docker.io/hivemq/hivemq-platform-operator-test:snapshot" already present on machine [helmcustomextensionit-operator:hivemq-test-hivemq-platform-operator-6966f96d65-kfql7]
2025-01-30 04:03:20,710 INFO c.h.h.t.HelmChartContainer - Received Pulled event for container hivemq-platform-operator in pod hivemq-test-hivemq-platform-operator-6966f96d65-kfql7 [82d9d207-8a13-4b93-9eb9-c42b7c0a7115]
2025-01-30 04:03:21,941 INFO c.h.h.t.HelmChartContainer - [EVENT] Normal [Created] Created container: hivemq-platform-operator [helmcustomextensionit-operator:hivemq-test-hivemq-platform-operator-6966f96d65-kfql7]
2025-01-30 04:03:21,941 INFO c.h.h.t.HelmChartContainer - Received Created event for container hivemq-platform-operator in pod hivemq-test-hivemq-platform-operator-6966f96d65-kfql7 [82d9d207-8a13-4b93-9eb9-c42b7c0a7115]
2025-01-30 04:03:22,428 INFO c.h.h.t.HelmChartContainer - [K3S] [replica_set.go:679] "Finished syncing" kind="ReplicaSet" key="helmcustomextensionit-operator/hivemq-test-hivemq-platform-operator-6966f96d65" duration="44.563µs"
2025-01-30 04:03:22,433 INFO c.h.h.t.HelmChartContainer - [POD] hivemq-test-hivemq-platform-operator-6966f96d65-kfql7 [82d9d207-8a13-4b93-9eb9-c42b7c0a7115] in helmcustomextensionit-operator was MODIFIED
2025-01-30 04:03:22,443 INFO c.h.h.t.HelmChartContainer - Started log watcher for hivemq-platform-operator in pod hivemq-test-hivemq-platform-operator-6966f96d65-kfql7 [82d9d207-8a13-4b93-9eb9-c42b7c0a7115]
2025-01-30 04:03:22,444 INFO c.h.h.t.HelmChartContainer - [EVENT] Normal [Started] Started container hivemq-platform-operator [helmcustomextensionit-operator:hivemq-test-hivemq-platform-operator-6966f96d65-kfql7]
2025-01-30 04:03:22,444 INFO c.h.h.t.HelmChartContainer - Received Started event for container hivemq-platform-operator in pod hivemq-test-hivemq-platform-operator-6966f96d65-kfql7 [82d9d207-8a13-4b93-9eb9-c42b7c0a7115]
2025-01-30 04:03:22,444 INFO c.h.h.t.HelmChartContainer - [hivemq-test-hivemq-platform] [hivemq-platform-operator] [82d9d207] -------------------------------------------------------------------------
2025-01-30 04:03:22,444 INFO c.h.h.t.HelmChartContainer - [hivemq-test-hivemq-platform] [hivemq-platform-operator] [82d9d207] 
2025-01-30 04:03:22,444 INFO c.h.h.t.HelmChartContainer - [hivemq-test-hivemq-platform] [hivemq-platform-operator] [82d9d207]                   _    _  _              __  __   ____
2025-01-30 04:03:22,444 INFO c.h.h.t.HelmChartContainer - [hivemq-test-hivemq-platform] [hivemq-platform-operator] [82d9d207]                  | |  | |(_)            |  \/  | / __ \
2025-01-30 04:03:22,444 INFO c.h.h.t.HelmChartContainer - [hivemq-test-hivemq-platform] [hivemq-platform-operator] [82d9d207]                  | |__| | _ __   __ ___ | \  / || |  | |
2025-01-30 04:03:22,444 INFO c.h.h.t.HelmChartContainer - [hivemq-test-hivemq-platform] [hivemq-platform-operator] [82d9d207]                  |  __  || |\ \ / // _ \| |\/| || |  | |
2025-01-30 04:03:22,444 INFO c.h.h.t.HelmChartContainer - [hivemq-test-hivemq-platform] [hivemq-platform-operator] [82d9d207]                  | |  | || | \ V /|  __/| |  | || |__| |
2025-01-30 04:03:22,444 INFO c.h.h.t.HelmChartContainer - [hivemq-test-hivemq-platform] [hivemq-platform-operator] [82d9d207]                  |_|  |_||_|  \_/  \___||_|  |_| \___\_\
2025-01-30 04:03:22,444 INFO c.h.h.t.HelmChartContainer - [hivemq-test-hivemq-platform] [hivemq-platform-operator] [82d9d207] 
2025-01-30 04:03:22,444 INFO c.h.h.t.HelmChartContainer - [hivemq-test-hivemq-platform] [hivemq-platform-operator] [82d9d207] -------------------------------------------------------------------------
2025-01-30 04:03:22,444 INFO c.h.h.t.HelmChartContainer - [hivemq-test-hivemq-platform] [hivemq-platform-operator] [82d9d207] 
2025-01-30 04:03:22,444 INFO c.h.h.t.HelmChartContainer - [hivemq-test-hivemq-platform] [hivemq-platform-operator] [82d9d207]   HiveMQ Platform Operator Start Script v1.0
2025-01-30 04:03:22,444 INFO c.h.h.t.HelmChartContainer - [hivemq-test-hivemq-platform] [hivemq-platform-operator] [82d9d207] 
2025-01-30 04:03:22,444 INFO c.h.h.t.HelmChartContainer - [hivemq-test-hivemq-platform] [hivemq-platform-operator] [82d9d207] -------------------------------------------------------------------------
2025-01-30 04:03:22,444 INFO c.h.h.t.HelmChartContainer - [hivemq-test-hivemq-platform] [hivemq-platform-operator] [82d9d207] 
2025-01-30 04:03:22,444 INFO c.h.h.t.HelmChartContainer - [hivemq-test-hivemq-platform] [hivemq-platform-operator] [82d9d207]   JAVA_OPTS: -XX:+UnlockExperimentalVMOptions -XX:InitialRAMPercentage=75 -XX:MaxRAMPercentage=75 -Duser.language=en -Duser.region=US
2025-01-30 04:03:22,444 INFO c.h.h.t.HelmChartContainer - [hivemq-test-hivemq-platform] [hivemq-platform-operator] [82d9d207] 
2025-01-30 04:03:22,445 INFO c.h.h.t.HelmChartContainer - [hivemq-test-hivemq-platform] [hivemq-platform-operator] [82d9d207]   JAVA_VERSION: 21
2025-01-30 04:03:22,445 INFO c.h.h.t.HelmChartContainer - [hivemq-test-hivemq-platform] [hivemq-platform-operator] [82d9d207] 
2025-01-30 04:03:22,445 INFO c.h.h.t.HelmChartContainer - [hivemq-test-hivemq-platform] [hivemq-platform-operator] [82d9d207] -------------------------------------------------------------------------
2025-01-30 04:03:22,445 INFO c.h.h.t.HelmChartContainer - [hivemq-test-hivemq-platform] [hivemq-platform-operator] [82d9d207] 
2025-01-30 04:03:25,296 INFO c.h.h.t.HelmChartContainer - [hivemq-test-hivemq-platform] [hivemq-platform-operator] [82d9d207] 04:03:25.293 [main] DEBUG org.jboss.logging - Logging Provider: org.jboss.logging.Slf4jLoggerProvider
2025-01-30 04:03:25,397 INFO c.h.h.t.HelmChartContainer - [hivemq-test-hivemq-platform] [hivemq-platform-operator] [82d9d207] 04:03:25.396 [main] DEBUG io.smallrye.config - SRCFG01006: Loaded ConfigSource SysPropConfigSource with ordinal 400
2025-01-30 04:03:25,398 INFO c.h.h.t.HelmChartContainer - [hivemq-test-hivemq-platform] [hivemq-platform-operator] [82d9d207] 04:03:25.396 [main] DEBUG io.smallrye.config - SRCFG01006: Loaded ConfigSource EnvConfigSource with ordinal 300
2025-01-30 04:03:25,398 INFO c.h.h.t.HelmChartContainer - [hivemq-test-hivemq-platform] [hivemq-platform-operator] [82d9d207] 04:03:25.397 [main] DEBUG io.smallrye.config - SRCFG01006: Loaded ConfigSource PropertiesConfigSource[source=jar:file:///opt/hivemq-platform-operator/bin/hivemq-platform-operator.jar!/hivemq-platform-operator.properties] with ordinal 100
2025-01-30 04:03:25,399 INFO c.h.h.t.HelmChartContainer - [hivemq-test-hivemq-platform] [hivemq-platform-operator] [82d9d207] 04:03:25.397 [main] DEBUG io.smallrye.config - SRCFG01006: Loaded ConfigSource DefaultValuesConfigSource with ordinal -2147483648
2025-01-30 04:03:25,506 INFO c.h.h.t.HelmChartContainer - [hivemq-test-hivemq-platform] [hivemq-platform-operator] [82d9d207] 04:03:25.505 [main] DEBUG i.m.c.u.i.l.InternalLoggerFactory - Using SLF4J as the default logging framework
2025-01-30 04:03:25,639 INFO c.h.h.t.HelmChartContainer - [hivemq-test-hivemq-platform] [hivemq-platform-operator] [82d9d207] 04:03:25.602 [main] INFO  c.h.p.o.HiveMQPlatformOperatorApplication - HiveMQ Platform Operator 1.7.0-SNAPSHOT (commit: 47e3375 on branch: HEAD) built on Thu Jan 30 03:55:50 UTC 2025
2025-01-30 04:03:25,685 INFO c.h.h.t.HelmChartContainer - [hivemq-test-hivemq-platform] [hivemq-platform-operator] [82d9d207] 04:03:25.682 [main] INFO  c.h.p.o.HiveMQPlatformOperatorApplication - HiveMQ Platform Operator is running in namespace: helmcustomextensionit-operator
2025-01-30 04:03:25,685 INFO c.h.h.t.HelmChartContainer - [hivemq-test-hivemq-platform] [hivemq-platform-operator] [82d9d207] 04:03:25.682 [main] INFO  c.h.p.o.HiveMQPlatformOperatorApplication - Watching all namespaces
2025-01-30 04:03:25,685 INFO c.h.h.t.HelmChartContainer - [hivemq-test-hivemq-platform] [hivemq-platform-operator] [82d9d207] 04:03:25.682 [main] INFO  c.h.p.o.HiveMQPlatformOperatorApplication - Log level: DEBUG
2025-01-30 04:03:25,685 INFO c.h.h.t.HelmChartContainer - [hivemq-test-hivemq-platform] [hivemq-platform-operator] [82d9d207] 04:03:25.682 [main] INFO  c.h.p.o.HiveMQPlatformOperatorApplication - Release name: test-hivemq-platform-operator
2025-01-30 04:03:25,685 INFO c.h.h.t.HelmChartContainer - [hivemq-test-hivemq-platform] [hivemq-platform-operator] [82d9d207] 04:03:25.682 [main] INFO  c.h.p.o.HiveMQPlatformOperatorApplication - HiveMQ Platform Operator Init image: docker.io/hivemq/hivemq-platform-operator-init-test:snapshot
2025-01-30 04:03:25,685 INFO c.h.h.t.HelmChartContainer - [hivemq-test-hivemq-platform] [hivemq-platform-operator] [82d9d207] 04:03:25.682 [main] INFO  c.h.p.o.HiveMQPlatformOperatorApplication - HiveMQ Platform Operator Init App update URL: http://hivemq-platform-operator-test-hivemq-platform-operator.helmcustomextensionit-operator.svc:8080/initAppUpdate/hivemq-platform-operator-init-app-1.7.0-SNAPSHOT.jar
2025-01-30 04:03:25,685 INFO c.h.h.t.HelmChartContainer - [hivemq-test-hivemq-platform] [hivemq-platform-operator] [82d9d207] 04:03:25.682 [main] INFO  c.h.p.o.HiveMQPlatformOperatorApplication - Additional imagePullSecret for all Platform deployments: none
2025-01-30 04:03:25,685 INFO c.h.h.t.HelmChartContainer - [hivemq-test-hivemq-platform] [hivemq-platform-operator] [82d9d207] 04:03:25.682 [main] INFO  c.h.p.o.HiveMQPlatformOperatorApplication - Apply HiveMQ Platform CRD: true
2025-01-30 04:03:25,685 INFO c.h.h.t.HelmChartContainer - [hivemq-test-hivemq-platform] [hivemq-platform-operator] [82d9d207] 04:03:25.682 [main] INFO  c.h.p.o.HiveMQPlatformOperatorApplication - Create Platform ServiceAccount: true
2025-01-30 04:03:25,685 INFO c.h.h.t.HelmChartContainer - [hivemq-test-hivemq-platform] [hivemq-platform-operator] [82d9d207] 04:03:25.683 [main] INFO  c.h.p.o.HiveMQPlatformOperatorApplication - Create Platform ServiceAccount permissions: true
2025-01-30 04:03:25,685 INFO c.h.h.t.HelmChartContainer - [hivemq-test-hivemq-platform] [hivemq-platform-operator] [82d9d207] 04:03:25.683 [main] INFO  c.h.p.o.HiveMQPlatformOperatorApplication - Validate Platform ServiceAccount: true
2025-01-30 04:03:25,685 INFO c.h.h.t.HelmChartContainer - [hivemq-test-hivemq-platform] [hivemq-platform-operator] [82d9d207] 04:03:25.683 [main] INFO  c.h.p.o.HiveMQPlatformOperatorApplication - Validate Platform ServiceAccount permissions: true
2025-01-30 04:03:25,793 INFO c.h.h.t.HelmChartContainer - [hivemq-test-hivemq-platform] [hivemq-platform-operator] [82d9d207] 04:03:25.792 [main] INFO  c.h.platform.operator.util.CRDUtil - Verifying deployed HiveMQ Platform CRD...
2025-01-30 04:03:28,397 INFO c.h.h.t.HelmChartContainer - [hivemq-test-hivemq-platform] [hivemq-platform-operator] [82d9d207] 04:03:28.396 [main] DEBUG c.h.platform.operator.util.CRDUtil - HiveMQ Platform CRD version v1 is up to date
2025-01-30 04:03:28,398 INFO c.h.h.t.HelmChartContainer - [hivemq-test-hivemq-platform] [hivemq-platform-operator] [82d9d207] 04:03:28.396 [main] INFO  c.h.platform.operator.util.CRDUtil - HiveMQ Platform CRD is up to date (version: V1_6_0)
2025-01-30 04:03:28,398 INFO c.h.h.t.HelmChartContainer - [hivemq-test-hivemq-platform] [hivemq-platform-operator] [82d9d207] 04:03:28.397 [main] INFO  c.h.platform.operator.util.CRDUtil - Waiting 10000 ms for HiveMQ Platform CRD 'hivemq-platforms.hivemq.com' to become ready...
2025-01-30 04:03:28,741 INFO c.h.h.t.HelmChartContainer - [hivemq-test-hivemq-platform] [hivemq-platform-operator] [82d9d207] 04:03:28.740 [vert.x-eventloop-thread-1] DEBUG c.h.platform.operator.util.CRDUtil - Checking CRD condition 'NamesAccepted' (status: 'True')
2025-01-30 04:03:28,742 INFO c.h.h.t.HelmChartContainer - [hivemq-test-hivemq-platform] [hivemq-platform-operator] [82d9d207] 04:03:28.740 [vert.x-eventloop-thread-1] DEBUG c.h.platform.operator.util.CRDUtil - Checking CRD condition 'Established' (status: 'True')
2025-01-30 04:03:28,742 INFO c.h.h.t.HelmChartContainer - [hivemq-test-hivemq-platform] [hivemq-platform-operator] [82d9d207] 04:03:28.742 [main] INFO  c.h.platform.operator.util.CRDUtil - HiveMQ Platform CRD 'hivemq-platforms.hivemq.com' is ready
2025-01-30 04:03:28,900 INFO c.h.h.t.HelmChartContainer - [hivemq-test-hivemq-platform] [hivemq-platform-operator] [82d9d207] 04:03:28.899 [main] INFO  c.h.p.o.HiveMQPlatformReconciler - HiveMQ Platform Operator is starting...
2025-01-30 04:03:28,991 INFO c.h.h.t.HelmChartContainer - [hivemq-test-hivemq-platform] [hivemq-platform-operator] [82d9d207] 04:03:28.990 [main] WARN  Default ConfigurationService implementation - Configuration for reconciler 'hivemq-controller' was not found. Known reconcilers: None.
2025-01-30 04:03:28,999 INFO c.h.h.t.HelmChartContainer - [hivemq-test-hivemq-platform] [hivemq-platform-operator] [82d9d207] 04:03:28.998 [main] INFO  Default ConfigurationService implementation - Created configuration for reconciler com.hivemq.platform.operator.HiveMQPlatformReconciler with name hivemq-controller
2025-01-30 04:03:29,097 INFO c.h.h.t.HelmChartContainer - [hivemq-test-hivemq-platform] [hivemq-platform-operator] [82d9d207] 04:03:29.096 [main] DEBUG c.h.p.o.HiveMQPlatformReconciler - HiveMQ Platform Operator is preparing EventSources
2025-01-30 04:03:29,184 INFO c.h.h.t.HelmChartContainer - [hivemq-test-hivemq-platform] [hivemq-platform-operator] [82d9d207] 04:03:29.184 [main] INFO  i.javaoperatorsdk.operator.Operator - Registered reconciler: 'hivemq-controller' for resource: 'class com.hivemq.platform.operator.v1.HiveMQPlatform' for namespace(s): [all namespaces]
2025-01-30 04:03:29,639 INFO c.h.h.t.HelmChartContainer - [hivemq-test-hivemq-platform] [hivemq-platform-operator] [82d9d207] 04:03:29.637 [main] INFO  c.h.p.operator.webserver.JettyServer - Starting Jetty server on port 8080
2025-01-30 04:03:29,741 INFO c.h.h.t.HelmChartContainer - [hivemq-test-hivemq-platform] [hivemq-platform-operator] [82d9d207] 04:03:29.740 [main] INFO  i.javaoperatorsdk.operator.Operator - Operator SDK 4.9.7 (commit: 2133d28) built on Wed Nov 20 12:56:20 UTC 2024 starting...
2025-01-30 04:03:29,742 INFO c.h.h.t.HelmChartContainer - [hivemq-test-hivemq-platform] [hivemq-platform-operator] [82d9d207] 04:03:29.741 [main] INFO  i.javaoperatorsdk.operator.Operator - Client version: 6.13.5
2025-01-30 04:03:29,743 INFO c.h.h.t.HelmChartContainer - [hivemq-test-hivemq-platform] [hivemq-platform-operator] [82d9d207] 04:03:29.742 [Controller Starter for: hivemq-controller] INFO  i.j.operator.processing.Controller - Starting 'hivemq-controller' controller for reconciler: com.hivemq.platform.operator.HiveMQPlatformReconciler, resource: com.hivemq.platform.operator.v1.HiveMQPlatform
2025-01-30 04:03:32,238 INFO c.h.h.t.HelmChartContainer - [hivemq-test-hivemq-platform] [hivemq-platform-operator] [82d9d207] 04:03:32.237 [Controller Starter for: hivemq-controller] INFO  i.j.operator.processing.Controller - 'hivemq-controller' controller started
2025-01-30 04:03:32,239 INFO c.h.h.t.HelmChartContainer - [hivemq-test-hivemq-platform] [hivemq-platform-operator] [82d9d207] 04:03:32.238 [main] INFO  c.h.p.o.HiveMQPlatformOperatorApplication - HiveMQ Platform Operator 1.7.0-SNAPSHOT started in 6636 ms
2025-01-30 04:03:33,440 INFO c.h.h.t.HelmChartContainer - [POD] hivemq-test-hivemq-platform-operator-6966f96d65-kfql7 [82d9d207-8a13-4b93-9eb9-c42b7c0a7115] in helmcustomextensionit-operator was MODIFIED
2025-01-30 04:03:33,445 INFO c.h.h.t.HelmChartContainer - [K3S] [replica_set.go:679] "Finished syncing" kind="ReplicaSet" key="helmcustomextensionit-operator/hivemq-test-hivemq-platform-operator-6966f96d65" duration="10.562212ms"
2025-01-30 04:03:33,446 INFO c.h.h.t.HelmChartContainer - [K3S] [replica_set.go:679] "Finished syncing" kind="ReplicaSet" key="helmcustomextensionit-operator/hivemq-test-hivemq-platform-operator-6966f96d65" duration="250.478µs"
2025-01-30 04:03:34,350 DEBUG c.h.helmcharts.util.HiveMQExtension - Trying to package class 'org.slf4j.Logger' into extension 'hivemq-custom-test-extension'
2025-01-30 04:03:34,351 DEBUG c.h.helmcharts.util.HiveMQExtension - Trying to package class 'com.hivemq.extension.sdk.api.ExtensionMain' into extension 'hivemq-custom-test-extension'
2025-01-30 04:03:34,352 DEBUG c.h.helmcharts.util.HiveMQExtension - Trying to compile class '/home/runner/work/helm-charts/helm-charts/helm-charts/tests-hivemq-platform-operator/src/integrationTest/java/com/hivemq/helmcharts/extensions/custom/CustomTestExtensionMain.java' into extension 'hivemq-custom-test-extension'
2025-01-30 04:03:34,601 DEBUG c.h.helmcharts.util.HiveMQExtension - Trying to package class 'org.slf4j.LoggerFactory' into extension 'hivemq-custom-test-extension'
2025-01-30 04:03:34,635 INFO c.h.h.t.HelmChartContainer - [EVENT] Normal [ScalingReplicaSet] Scaled up replica set nginx-85bd77b68d from 0 to 1 [helmcustomextensionit:nginx]
2025-01-30 04:03:34,637 INFO c.h.h.t.HelmChartContainer - [K3S] [alloc.go:330] "allocated clusterIPs" service="helmcustomextensionit/nginx-service" clusterIPs={"IPv4":"10.43.3.95"}
2025-01-30 04:03:34,641 INFO c.h.h.t.HelmChartContainer - [POD] nginx-85bd77b68d-gkjqx [4be17dfd-837e-4d82-8b83-a07ecbd67059] in helmcustomextensionit was ADDED
2025-01-30 04:03:34,651 INFO c.h.h.t.HelmChartContainer - [K3S] [replica_set.go:679] "Finished syncing" kind="ReplicaSet" key="helmcustomextensionit/nginx-85bd77b68d" duration="23.504042ms"
2025-01-30 04:03:34,651 INFO c.h.h.t.HelmChartContainer - [K3S] [endpointslice_controller.go:344] "Error syncing endpoint slices for service, retrying" key="helmcustomextensionit/nginx-service" err="EndpointSlice informer cache is out of date"
2025-01-30 04:03:34,654 INFO c.h.h.t.HelmChartContainer - [EVENT] Normal [SuccessfulCreate] Created pod: nginx-85bd77b68d-gkjqx [helmcustomextensionit:nginx-85bd77b68d]
2025-01-30 04:03:34,658 INFO c.h.h.t.HelmChartContainer - [POD] nginx-85bd77b68d-gkjqx [4be17dfd-837e-4d82-8b83-a07ecbd67059] in helmcustomextensionit was MODIFIED
2025-01-30 04:03:34,666 INFO c.h.h.t.HelmChartContainer - [K3S] [replica_set.go:679] "Finished syncing" kind="ReplicaSet" key="helmcustomextensionit/nginx-85bd77b68d" duration="16.234377ms"
2025-01-30 04:03:34,666 INFO c.h.h.t.HelmChartContainer - [K3S] [replica_set.go:679] "Finished syncing" kind="ReplicaSet" key="helmcustomextensionit/nginx-85bd77b68d" duration="31.469µs"
2025-01-30 04:03:34,675 INFO c.h.h.t.HelmChartContainer - [K3S] [reconciler_common.go:251] "operationExecutor.VerifyControllerAttachedVolume started for volume \"kube-api-access-gplv9\" (UniqueName: \"kubernetes.io/projected/4be17dfd-837e-4d82-8b83-a07ecbd67059-kube-api-access-gplv9\") pod \"nginx-85bd77b68d-gkjqx\" (UID: \"4be17dfd-837e-4d82-8b83-a07ecbd67059\") " pod="helmcustomextensionit/nginx-85bd77b68d-gkjqx"
2025-01-30 04:03:34,675 INFO c.h.h.t.HelmChartContainer - [K3S] [reconciler_common.go:251] "operationExecutor.VerifyControllerAttachedVolume started for volume \"volume-hivemq-custom-test-extension-100\" (UniqueName: \"kubernetes.io/host-path/4be17dfd-837e-4d82-8b83-a07ecbd67059-volume-hivemq-custom-test-extension-100\") pod \"nginx-85bd77b68d-gkjqx\" (UID: \"4be17dfd-837e-4d82-8b83-a07ecbd67059\") " pod="helmcustomextensionit/nginx-85bd77b68d-gkjqx"
2025-01-30 04:03:34,681 INFO c.h.h.t.HelmChartContainer - [EVENT] Warning [FailedToCreateEndpoint] Failed to create endpoint for service helmcustomextensionit/nginx-service: endpoints "nginx-service" already exists [null:nginx-service]
2025-01-30 04:03:34,684 INFO c.h.h.t.HelmChartContainer - [EVENT] Normal [Scheduled] Successfully assigned helmcustomextensionit/nginx-85bd77b68d-gkjqx to 19066f879d23 [helmcustomextensionit:nginx-85bd77b68d-gkjqx]
2025-01-30 04:03:34,685 INFO c.h.h.t.HelmChartContainer - [K3S] [replica_set.go:679] "Finished syncing" kind="ReplicaSet" key="helmcustomextensionit/nginx-85bd77b68d" duration="33.403µs"
2025-01-30 04:03:34,687 INFO c.h.h.t.HelmChartContainer - [POD] nginx-85bd77b68d-gkjqx [4be17dfd-837e-4d82-8b83-a07ecbd67059] in helmcustomextensionit was MODIFIED
2025-01-30 04:03:35,061 INFO c.h.h.t.HelmChartContainer - [EVENT] Normal [Pulled] Container image "nginx:1.27.3" already present on machine [helmcustomextensionit:nginx-85bd77b68d-gkjqx]
2025-01-30 04:03:35,062 INFO c.h.h.t.HelmChartContainer - Received Pulled event for container nginx in pod nginx-85bd77b68d-gkjqx [4be17dfd-837e-4d82-8b83-a07ecbd67059]
2025-01-30 04:03:36,493 INFO c.h.h.t.HelmChartContainer - [EVENT] Normal [Created] Created container: nginx [helmcustomextensionit:nginx-85bd77b68d-gkjqx]
2025-01-30 04:03:36,494 INFO c.h.h.t.HelmChartContainer - Received Created event for container nginx in pod nginx-85bd77b68d-gkjqx [4be17dfd-837e-4d82-8b83-a07ecbd67059]
2025-01-30 04:03:37,459 INFO c.h.h.t.HelmChartContainer - [POD] nginx-85bd77b68d-gkjqx [4be17dfd-837e-4d82-8b83-a07ecbd67059] in helmcustomextensionit was MODIFIED
2025-01-30 04:03:37,479 INFO c.h.h.t.HelmChartContainer - [EVENT] Normal [Started] Started container nginx [helmcustomextensionit:nginx-85bd77b68d-gkjqx]
2025-01-30 04:03:37,480 INFO c.h.h.t.HelmChartContainer - Received Started event for container nginx in pod nginx-85bd77b68d-gkjqx [4be17dfd-837e-4d82-8b83-a07ecbd67059]
2025-01-30 04:03:37,479 INFO c.h.h.t.HelmChartContainer - Started log watcher for nginx in pod nginx-85bd77b68d-gkjqx [4be17dfd-837e-4d82-8b83-a07ecbd67059]
2025-01-30 04:03:37,480 INFO c.h.h.t.HelmChartContainer - [nginx-85bd77b68d-gkj] [nginx] [4be17dfd] /docker-entrypoint.sh: /docker-entrypoint.d/ is not empty, will attempt to perform configuration
2025-01-30 04:03:37,484 INFO c.h.h.t.HelmChartContainer - [K3S] [replica_set.go:679] "Finished syncing" kind="ReplicaSet" key="helmcustomextensionit/nginx-85bd77b68d" duration="24.325372ms"
2025-01-30 04:03:37,484 INFO c.h.h.t.HelmChartContainer - [K3S] [replica_set.go:679] "Finished syncing" kind="ReplicaSet" key="helmcustomextensionit/nginx-85bd77b68d" duration="60.192µs"
2025-01-30 04:03:37,488 INFO c.h.h.t.HelmChartContainer - [nginx-85bd77b68d-gkj] [nginx] [4be17dfd] /docker-entrypoint.sh: Looking for shell scripts in /docker-entrypoint.d/
2025-01-30 04:03:37,488 INFO c.h.h.t.HelmChartContainer - [nginx-85bd77b68d-gkj] [nginx] [4be17dfd] /docker-entrypoint.sh: Launching /docker-entrypoint.d/10-listen-on-ipv6-by-default.sh
2025-01-30 04:03:37,488 INFO c.h.h.t.HelmChartContainer - [nginx-85bd77b68d-gkj] [nginx] [4be17dfd] 10-listen-on-ipv6-by-default.sh: info: Getting the checksum of /etc/nginx/conf.d/default.conf
2025-01-30 04:03:37,488 INFO c.h.h.t.HelmChartContainer - [nginx-85bd77b68d-gkj] [nginx] [4be17dfd] 10-listen-on-ipv6-by-default.sh: info: Enabled listen on IPv6 in /etc/nginx/conf.d/default.conf
2025-01-30 04:03:37,488 INFO c.h.h.t.HelmChartContainer - [nginx-85bd77b68d-gkj] [nginx] [4be17dfd] /docker-entrypoint.sh: Sourcing /docker-entrypoint.d/15-local-resolvers.envsh
2025-01-30 04:03:37,488 INFO c.h.h.t.HelmChartContainer - [nginx-85bd77b68d-gkj] [nginx] [4be17dfd] /docker-entrypoint.sh: Launching /docker-entrypoint.d/20-envsubst-on-templates.sh
2025-01-30 04:03:37,488 INFO c.h.h.t.HelmChartContainer - [nginx-85bd77b68d-gkj] [nginx] [4be17dfd] /docker-entrypoint.sh: Launching /docker-entrypoint.d/30-tune-worker-processes.sh
2025-01-30 04:03:37,488 INFO c.h.h.t.HelmChartContainer - [nginx-85bd77b68d-gkj] [nginx] [4be17dfd] /docker-entrypoint.sh: Configuration complete; ready for start up
2025-01-30 04:03:37,488 INFO c.h.h.t.HelmChartContainer - [nginx-85bd77b68d-gkj] [nginx] [4be17dfd] 2025/01/30 04:03:36 [notice] 1#1: using the "epoll" event method
2025-01-30 04:03:37,488 INFO c.h.h.t.HelmChartContainer - [nginx-85bd77b68d-gkj] [nginx] [4be17dfd] 2025/01/30 04:03:36 [notice] 1#1: nginx/1.27.3
2025-01-30 04:03:37,490 INFO c.h.h.t.HelmChartContainer - [nginx-85bd77b68d-gkj] [nginx] [4be17dfd] 2025/01/30 04:03:36 [notice] 1#1: built by gcc 12.2.0 (Debian 12.2.0-14) 
2025-01-30 04:03:37,490 INFO c.h.h.t.HelmChartContainer - [nginx-85bd77b68d-gkj] [nginx] [4be17dfd] 2025/01/30 04:03:36 [notice] 1#1: OS: Linux 6.8.0-1020-azure
2025-01-30 04:03:37,490 INFO c.h.h.t.HelmChartContainer - [nginx-85bd77b68d-gkj] [nginx] [4be17dfd] 2025/01/30 04:03:36 [notice] 1#1: getrlimit(RLIMIT_NOFILE): 1048576:1048576
2025-01-30 04:03:37,490 INFO c.h.h.t.HelmChartContainer - [nginx-85bd77b68d-gkj] [nginx] [4be17dfd] 2025/01/30 04:03:36 [notice] 1#1: start worker processes
2025-01-30 04:03:37,490 INFO c.h.h.t.HelmChartContainer - [nginx-85bd77b68d-gkj] [nginx] [4be17dfd] 2025/01/30 04:03:36 [notice] 1#1: start worker process 29
2025-01-30 04:03:37,490 INFO c.h.h.t.HelmChartContainer - [nginx-85bd77b68d-gkj] [nginx] [4be17dfd] 2025/01/30 04:03:36 [notice] 1#1: start worker process 30
2025-01-30 04:03:37,490 INFO c.h.h.t.HelmChartContainer - [nginx-85bd77b68d-gkj] [nginx] [4be17dfd] 2025/01/30 04:03:36 [notice] 1#1: start worker process 31
2025-01-30 04:03:37,490 INFO c.h.h.t.HelmChartContainer - [nginx-85bd77b68d-gkj] [nginx] [4be17dfd] 2025/01/30 04:03:36 [notice] 1#1: start worker process 32
2025-01-30 04:03:38,649 INFO c.h.h.testcontainer.LogWaiterUtil - TEST Waiting for log pattern on 'test-hivemq-platform-0': .*Extension "HiveMQ Custom Test Extension" version 1.0.0 started successfully.
2025-01-30 04:03:38,708 DEBUG c.h.h.t.HelmChartContainer - Executing helm command: /bin/helm --kubeconfig /etc/rancher/k3s/k3s.yaml install test-hivemq-platform /charts/hivemq-platform --wait --timeout 5m0s --set image.repository=docker.io/hivemq --set image.tag=4.36.0 --set image.pullPolicy=Never --set nodes.resources.cpu=512m -f /files/custom-extension-values.yaml --namespace helmcustomextensionit
2025-01-30 04:03:38,984 INFO c.h.h.t.HelmChartContainer - [hivemq-test-hivemq-platform] [hivemq-platform-operator] [82d9d207] 04:03:38.983 [-2082509879-pool-1-thread-3] WARN  i.m.p.PrometheusMeterRegistry - The meter (MeterId{name='operator.sdk.events.received', tags=[tag(action=ADDED),tag(event=ResourceEvent),tag(group=hivemq.com),tag(kind=HiveMQPlatform),tag(name=test-hivemq-platform),tag(namespace=helmcustomextensionit),tag(scope=namespace),tag(version=v1)]}) registration has failed: Prometheus requires that all meters with the same name have the same set of tag keys. There is already an existing meter named 'operator.sdk.events.received' containing tag keys [event, group, kind, name, namespace, scope, version]. The meter you are attempting to register has keys [action, event, group, kind, name, namespace, scope, version]. Note that subsequent logs will be logged at debug level.
2025-01-30 04:03:39,384 INFO c.h.h.t.HelmChartContainer - [hivemq-test-hivemq-platform] [hivemq-platform-operator] [82d9d207] 04:03:39.382 [pool-6-thread-3] DEBUG c.h.p.o.dependants.PodInfoConfigMap - [helmcust] Desired PodInfo ConfigMap (1 extensions) (1 enabled)
2025-01-30 04:03:39,385 INFO c.h.h.t.HelmChartContainer - [hivemq-test-hivemq-platform] [hivemq-platform-operator] [82d9d207] 04:03:39.383 [pool-6-thread-3] DEBUG c.h.p.o.dependants.PodInfoConfigMap - [helmcust] Desired PodInfo ConfigMap (metrics port: 9399) (metrics path: /)
2025-01-30 04:03:39,385 INFO c.h.h.t.HelmChartContainer - [hivemq-test-hivemq-platform] [hivemq-platform-operator] [82d9d207] 04:03:39.383 [pool-6-thread-3] DEBUG c.h.p.o.dependants.PodInfoConfigMap - [helmcust] Desired PodInfo ConfigMap (extension state hash: -2048767907)
2025-01-30 04:03:39,386 INFO c.h.h.t.HelmChartContainer - [hivemq-test-hivemq-platform] [hivemq-platform-operator] [82d9d207] 04:03:39.385 [pool-6-thread-3] DEBUG c.h.p.o.dependants.PodInfoConfigMap - [helmcust] Create PodInfo ConfigMap
2025-01-30 04:03:39,541 INFO c.h.h.t.HelmChartContainer - [hivemq-test-hivemq-platform] [hivemq-platform-operator] [82d9d207] 04:03:39.487 [pool-6-thread-5] DEBUG c.h.p.o.dependants.PodRoleResource - [helmcust] Create Role: Role(apiVersion=rbac.authorization.k8s.io/v1, kind=Role, metadata=ObjectMeta(annotations={meta.helm.sh/release-name=test-hivemq-platform, meta.helm.sh/release-namespace=helmcustomextensionit}, creationTimestamp=null, deletionGracePeriodSeconds=null, deletionTimestamp=null, finalizers=[], generateName=null, generation=null, labels={helm.sh/chart=hivemq-platform-0.2.32, app.kubernetes.io/managed-by=Helm, app.kubernetes.io/name=hivemq-platform, hivemq-platform=test-hivemq-platform, app.kubernetes.io/instance=test-hivemq-platform, app.kubernetes.io/version=4.36.0}, managedFields=[], name=hivemq-platform-role-test-hivemq-platform, namespace=helmcustomextensionit, ownerReferences=[OwnerReference(apiVersion=hivemq.com/v1, blockOwnerDeletion=null, controller=null, kind=HiveMQPlatform, name=test-hivemq-platform, uid=bc6f0dae-ae51-4afe-98ca-8ca7dc67cf33, additionalProperties={})], resourceVersion=null, selfLink=null, uid=null, additionalProperties={}), rules=[PolicyRule(apiGroups=[], nonResourceURLs=[], resourceNames=[], resources=[pods], verbs=[get, patch, update], additionalProperties={})], additionalProperties={})
2025-01-30 04:03:39,643 INFO c.h.h.t.HelmChartContainer - [hivemq-test-hivemq-platform] [hivemq-platform-operator] [82d9d207] 04:03:39.640 [pool-6-thread-7] DEBUG c.h.p.o.d.PodServiceAccountResource - [helmcust] Desired PodServiceAccountResource (serviceAccountName: hivemq-platform-pod-test-hivemq-platform)
2025-01-30 04:03:39,644 INFO c.h.h.t.HelmChartContainer - [hivemq-test-hivemq-platform] [hivemq-platform-operator] [82d9d207] 04:03:39.641 [pool-6-thread-7] DEBUG c.h.p.o.d.PodServiceAccountResource - [helmcust] Create ServiceAccount 'hivemq-platform-pod-test-hivemq-platform'
2025-01-30 04:03:39,743 INFO c.h.h.t.HelmChartContainer - [hivemq-test-hivemq-platform] [hivemq-platform-operator] [82d9d207] 04:03:39.742 [pool-6-thread-10] DEBUG c.h.p.o.d.PodRoleBindingResource - [helmcust] Create RoleBinding: RoleBinding(apiVersion=rbac.authorization.k8s.io/v1, kind=RoleBinding, metadata=ObjectMeta(annotations={meta.helm.sh/release-name=test-hivemq-platform, meta.helm.sh/release-namespace=helmcustomextensionit}, creationTimestamp=null, deletionGracePeriodSeconds=null, deletionTimestamp=null, finalizers=[], generateName=null, generation=null, labels={helm.sh/chart=hivemq-platform-0.2.32, app.kubernetes.io/managed-by=Helm, app.kubernetes.io/name=hivemq-platform, hivemq-platform=test-hivemq-platform, app.kubernetes.io/instance=test-hivemq-platform, app.kubernetes.io/version=4.36.0}, managedFields=[], name=hivemq-platform-role-binding-test-hivemq-platform, namespace=helmcustomextensionit, ownerReferences=[OwnerReference(apiVersion=hivemq.com/v1, blockOwnerDeletion=null, controller=null, kind=HiveMQPlatform, name=test-hivemq-platform, uid=bc6f0dae-ae51-4afe-98ca-8ca7dc67cf33, additionalProperties={})], resourceVersion=null, selfLink=null, uid=null, additionalProperties={}), roleRef=RoleRef(apiGroup=rbac.authorization.k8s.io, kind=Role, name=hivemq-platform-role-test-hivemq-platform, additionalProperties={}), subjects=[Subject(apiGroup=null, kind=ServiceAccount, name=hivemq-platform-pod-test-hivemq-platform, namespace=helmcustomextensionit, additionalProperties={})], additionalProperties={})
2025-01-30 04:03:39,786 INFO c.h.h.t.HelmChartContainer - [hivemq-test-hivemq-platform] [hivemq-platform-operator] [82d9d207] 04:03:39.785 [ReconcilerExecutor-hivemq-controller-54] INFO  c.h.p.o.HiveMQPlatformReconciler - [helmcust] Reconciling HiveMQ Platform 'test-hivemq-platform' in namespace 'helmcustomextensionit'
2025-01-30 04:03:39,786 INFO c.h.h.t.HelmChartContainer - [hivemq-test-hivemq-platform] [hivemq-platform-operator] [82d9d207] 04:03:39.785 [ReconcilerExecutor-hivemq-controller-54] DEBUG c.h.p.o.HiveMQPlatformReconciler - [helmcust] Custom Resource Status CREATED - HiveMQ Platform was created (READY)
2025-01-30 04:03:39,788 INFO c.h.h.t.HelmChartContainer - [hivemq-test-hivemq-platform] [hivemq-platform-operator] [82d9d207] 04:03:39.785 [ReconcilerExecutor-hivemq-controller-54] DEBUG c.h.p.o.HiveMQPlatformReconciler - [helmcust] Custom Resource Spec (replicas: 1) (extensions: 1)
2025-01-30 04:03:39,790 INFO c.h.h.t.HelmChartContainer - [hivemq-test-hivemq-platform] [hivemq-platform-operator] [82d9d207] 04:03:39.789 [ReconcilerExecutor-hivemq-controller-54] INFO  c.h.p.o.h.HiveMQPlatformReconcilerBaseHandler - [helmcust] HiveMQ Platform is starting
2025-01-30 04:03:39,943 INFO c.h.h.t.HelmChartContainer - [hivemq-test-hivemq-platform] [hivemq-platform-operator] [82d9d207] 04:03:39.942 [ReconcilerExecutor-hivemq-controller-54] DEBUG c.h.p.operator.event.EventSender - [helmcust] Creating K8s event hivemq-platform-starting: [Start] HiveMQ Platform is starting
2025-01-30 04:03:39,952 INFO c.h.h.t.HelmChartContainer - [EVENT] Normal [Start] HiveMQ Platform is starting [helmcustomextensionit:test-hivemq-platform]
2025-01-30 04:03:39,987 INFO c.h.h.t.HelmChartContainer - [hivemq-test-hivemq-platform] [hivemq-platform-operator] [82d9d207] 04:03:39.986 [ReconcilerExecutor-hivemq-controller-54] INFO  c.h.p.o.h.AbstractHiveMQReconcilerStateHandler - [helmcust] Update HiveMQ Platform Status (CREATED [READY] -> STARTING [READY]): HiveMQ Platform is starting
2025-01-30 04:03:40,050 DEBUG com.hivemq.helmcharts.util.K8sUtil - Comparing actual state 'STARTING' and waiting for 'RUNNING'
2025-01-30 04:03:50,093 INFO c.h.h.t.HelmChartContainer - [hivemq-test-hivemq-platform] [hivemq-platform-operator] [82d9d207] 04:03:50.091 [pool-6-thread-12] DEBUG c.h.p.o.d.PlatformServiceResource - [helmcust] Desired Platform services (3 services)
2025-01-30 04:03:50,096 INFO c.h.h.t.HelmChartContainer - [hivemq-test-hivemq-platform] [hivemq-platform-operator] [82d9d207] 04:03:50.095 [pool-6-thread-13] DEBUG c.h.p.o.dependants.PodInfoConfigMap - [helmcust] Desired PodInfo ConfigMap (1 extensions) (1 enabled)
2025-01-30 04:03:50,096 INFO c.h.h.t.HelmChartContainer - [hivemq-test-hivemq-platform] [hivemq-platform-operator] [82d9d207] 04:03:50.095 [pool-6-thread-13] DEBUG c.h.p.o.dependants.PodInfoConfigMap - [helmcust] Desired PodInfo ConfigMap (metrics port: 9399) (metrics path: /)
2025-01-30 04:03:50,096 INFO c.h.h.t.HelmChartContainer - [hivemq-test-hivemq-platform] [hivemq-platform-operator] [82d9d207] 04:03:50.095 [pool-6-thread-13] DEBUG c.h.p.o.dependants.PodInfoConfigMap - [helmcust] Desired PodInfo ConfigMap (extension state hash: -2048767907)
2025-01-30 04:03:50,100 INFO c.h.h.t.HelmChartContainer - [hivemq-test-hivemq-platform] [hivemq-platform-operator] [82d9d207] 04:03:50.099 [pool-6-thread-13] DEBUG c.h.p.o.dependants.PodInfoConfigMap - [helmcust] Update PodInfo ConfigMap
2025-01-30 04:03:50,187 INFO c.h.h.t.HelmChartContainer - [hivemq-test-hivemq-platform] [hivemq-platform-operator] [82d9d207] 04:03:50.184 [pool-6-thread-17] DEBUG c.h.p.o.d.PodServiceAccountResource - [helmcust] Desired PodServiceAccountResource (serviceAccountName: hivemq-platform-pod-test-hivemq-platform)
2025-01-30 04:03:50,194 INFO c.h.h.t.HelmChartContainer - [K3S] [alloc.go:330] "allocated clusterIPs" service="helmcustomextensionit/hivemq-test-hivemq-platform-cc-8080" clusterIPs={"IPv4":"10.43.118.174"}
2025-01-30 04:03:50,207 INFO c.h.h.t.HelmChartContainer - [K3S] [alloc.go:330] "allocated clusterIPs" service="helmcustomextensionit/hivemq-test-hivemq-platform-mqtt-1883" clusterIPs={"IPv4":"10.43.209.104"}
2025-01-30 04:03:50,291 INFO c.h.h.t.HelmChartContainer - [K3S] [alloc.go:330] "allocated clusterIPs" service="helmcustomextensionit/hivemq-test-hivemq-platform-metrics-9399" clusterIPs={"IPv4":"10.43.128.205"}
2025-01-30 04:03:50,300 INFO c.h.h.t.HelmChartContainer - [hivemq-test-hivemq-platform] [hivemq-platform-operator] [82d9d207] 04:03:50.297 [pool-6-thread-20] DEBUG c.h.p.o.d.StatefulSetResource - [helmcust] Desired StatefulSet (1 replicas) for status STARTING (READY)
2025-01-30 04:03:50,389 INFO c.h.h.t.HelmChartContainer - [hivemq-test-hivemq-platform] [hivemq-platform-operator] [82d9d207] 04:03:50.388 [pool-6-thread-20] DEBUG c.h.p.o.d.StatefulSetResource - [helmcust] Create StatefulSet
2025-01-30 04:03:50,415 INFO c.h.h.t.HelmChartContainer - [POD] test-hivemq-platform-0 [e8d7c48e-cbef-43d9-9b6a-ba750c2c7e17] in helmcustomextensionit was ADDED
2025-01-30 04:03:50,431 INFO c.h.h.t.HelmChartContainer - [POD] test-hivemq-platform-0 [e8d7c48e-cbef-43d9-9b6a-ba750c2c7e17] in helmcustomextensionit was MODIFIED
2025-01-30 04:03:50,431 INFO c.h.h.t.HelmChartContainer - [EVENT] Normal [SuccessfulCreate] create Pod test-hivemq-platform-0 in StatefulSet test-hivemq-platform successful [helmcustomextensionit:test-hivemq-platform]
2025-01-30 04:03:50,431 INFO c.h.h.t.HelmChartContainer - [EVENT] Normal [Scheduled] Successfully assigned helmcustomextensionit/test-hivemq-platform-0 to 19066f879d23 [helmcustomextensionit:test-hivemq-platform-0]
2025-01-30 04:03:50,439 INFO c.h.h.t.HelmChartContainer - [POD] test-hivemq-platform-0 [e8d7c48e-cbef-43d9-9b6a-ba750c2c7e17] in helmcustomextensionit was MODIFIED
2025-01-30 04:03:50,465 INFO c.h.h.t.HelmChartContainer - [K3S] [reconciler_common.go:251] "operationExecutor.VerifyControllerAttachedVolume started for volume \"pod-info\" (UniqueName: \"kubernetes.io/configmap/e8d7c48e-cbef-43d9-9b6a-ba750c2c7e17-pod-info\") pod \"test-hivemq-platform-0\" (UID: \"e8d7c48e-cbef-43d9-9b6a-ba750c2c7e17\") " pod="helmcustomextensionit/test-hivemq-platform-0"
2025-01-30 04:03:50,465 INFO c.h.h.t.HelmChartContainer - [K3S] [reconciler_common.go:251] "operationExecutor.VerifyControllerAttachedVolume started for volume \"operator-init\" (UniqueName: \"kubernetes.io/empty-dir/e8d7c48e-cbef-43d9-9b6a-ba750c2c7e17-operator-init\") pod \"test-hivemq-platform-0\" (UID: \"e8d7c48e-cbef-43d9-9b6a-ba750c2c7e17\") " pod="helmcustomextensionit/test-hivemq-platform-0"
2025-01-30 04:03:50,465 INFO c.h.h.t.HelmChartContainer - [K3S] [reconciler_common.go:251] "operationExecutor.VerifyControllerAttachedVolume started for volume \"kube-api-access-xdx6c\" (UniqueName: \"kubernetes.io/projected/e8d7c48e-cbef-43d9-9b6a-ba750c2c7e17-kube-api-access-xdx6c\") pod \"test-hivemq-platform-0\" (UID: \"e8d7c48e-cbef-43d9-9b6a-ba750c2c7e17\") " pod="helmcustomextensionit/test-hivemq-platform-0"
2025-01-30 04:03:50,465 INFO c.h.h.t.HelmChartContainer - [K3S] [reconciler_common.go:251] "operationExecutor.VerifyControllerAttachedVolume started for volume \"broker-configuration\" (UniqueName: \"kubernetes.io/configmap/e8d7c48e-cbef-43d9-9b6a-ba750c2c7e17-broker-configuration\") pod \"test-hivemq-platform-0\" (UID: \"e8d7c48e-cbef-43d9-9b6a-ba750c2c7e17\") " pod="helmcustomextensionit/test-hivemq-platform-0"
2025-01-30 04:03:50,487 INFO c.h.h.t.HelmChartContainer - [hivemq-test-hivemq-platform] [hivemq-platform-operator] [82d9d207] 04:03:50.484 [ReconcilerExecutor-hivemq-controller-65] INFO  c.h.p.o.HiveMQPlatformReconciler - [helmcust] Reconciling HiveMQ Platform 'test-hivemq-platform' in namespace 'helmcustomextensionit'
2025-01-30 04:03:50,488 INFO c.h.h.t.HelmChartContainer - [hivemq-test-hivemq-platform] [hivemq-platform-operator] [82d9d207] 04:03:50.485 [ReconcilerExecutor-hivemq-controller-65] DEBUG c.h.p.o.HiveMQPlatformReconciler - [helmcust] Custom Resource Status STARTING - HiveMQ Platform is starting (READY)
2025-01-30 04:03:50,488 INFO c.h.h.t.HelmChartContainer - [hivemq-test-hivemq-platform] [hivemq-platform-operator] [82d9d207] 04:03:50.485 [ReconcilerExecutor-hivemq-controller-65] DEBUG c.h.p.o.HiveMQPlatformReconciler - [helmcust] Custom Resource Spec (replicas: 1) (extensions: 1)
2025-01-30 04:03:50,584 INFO c.h.h.t.HelmChartContainer - [hivemq-test-hivemq-platform] [hivemq-platform-operator] [82d9d207] 04:03:50.583 [ReconcilerExecutor-hivemq-controller-65] DEBUG c.h.p.o.HiveMQPlatformReconciler - [helmcust] StatefulSet Status (revision: test-hivemq-platform-796ccc778, replicas: 1, available: 0, ready: 0, current: 1, updated: 1)
2025-01-30 04:03:50,584 INFO c.h.h.t.HelmChartContainer - [hivemq-test-hivemq-platform] [hivemq-platform-operator] [82d9d207] 04:03:50.583 [ReconcilerExecutor-hivemq-controller-65] DEBUG c.h.p.o.HiveMQPlatformReconciler - [helmcust] StatefulSet Spec (replicas: 1, init containers: 1, containers: 1, volumes: 3)
2025-01-30 04:03:50,599 INFO c.h.h.t.HelmChartContainer - [hivemq-test-hivemq-platform] [hivemq-platform-operator] [82d9d207] 04:03:50.597 [ReconcilerExecutor-hivemq-controller-65] DEBUG c.h.p.o.h.HiveMQPlatformReconcilerErrorHandler - [helmcust] Pod 'test-hivemq-platform-0' phase Pending
2025-01-30 04:03:50,685 INFO c.h.h.t.HelmChartContainer - [hivemq-test-hivemq-platform] [hivemq-platform-operator] [82d9d207] 04:03:50.682 [ReconcilerExecutor-hivemq-controller-65] DEBUG c.h.p.o.h.HiveMQPlatformReconcilerErrorHandler - [helmcust] Pod 'test-hivemq-platform-0' condition 'PodReadyToStartContainers': False
2025-01-30 04:03:50,685 INFO c.h.h.t.HelmChartContainer - [hivemq-test-hivemq-platform] [hivemq-platform-operator] [82d9d207] 04:03:50.682 [ReconcilerExecutor-hivemq-controller-65] DEBUG c.h.p.o.h.HiveMQPlatformReconcilerErrorHandler - [helmcust] Pod 'test-hivemq-platform-0' condition 'Initialized': False
2025-01-30 04:03:50,685 INFO c.h.h.t.HelmChartContainer - [hivemq-test-hivemq-platform] [hivemq-platform-operator] [82d9d207] 04:03:50.683 [ReconcilerExecutor-hivemq-controller-65] DEBUG c.h.p.o.h.HiveMQPlatformReconcilerErrorHandler - [helmcust] Pod 'test-hivemq-platform-0' condition 'Ready': False
2025-01-30 04:03:50,685 INFO c.h.h.t.HelmChartContainer - [hivemq-test-hivemq-platform] [hivemq-platform-operator] [82d9d207] 04:03:50.683 [ReconcilerExecutor-hivemq-controller-65] DEBUG c.h.p.o.h.HiveMQPlatformReconcilerErrorHandler - [helmcust] Pod 'test-hivemq-platform-0' condition 'ContainersReady': False
2025-01-30 04:03:50,685 INFO c.h.h.t.HelmChartContainer - [hivemq-test-hivemq-platform] [hivemq-platform-operator] [82d9d207] 04:03:50.683 [ReconcilerExecutor-hivemq-controller-65] DEBUG c.h.p.o.h.HiveMQPlatformReconcilerErrorHandler - [helmcust] Pod 'test-hivemq-platform-0' condition 'PodScheduled': True
2025-01-30 04:03:50,685 INFO c.h.h.t.HelmChartContainer - [hivemq-test-hivemq-platform] [hivemq-platform-operator] [82d9d207] 04:03:50.683 [ReconcilerExecutor-hivemq-controller-65] DEBUG c.h.p.o.h.HiveMQPlatformReconcilerErrorHandler - [helmcust] Pod 'test-hivemq-platform-0' containerStatus 'hivemq' (started: false) (ready: false) (waiting: [PodInitializing] null)
2025-01-30 04:03:50,686 INFO c.h.h.t.HelmChartContainer - [hivemq-test-hivemq-platform] [hivemq-platform-operator] [82d9d207] 04:03:50.686 [ReconcilerExecutor-hivemq-controller-65] INFO  c.h.p.o.h.HiveMQPlatformReconcilerBaseHandler - [helmcust] HiveMQ Platform is starting, 0 of 1 replicas are ready
2025-01-30 04:03:50,692 INFO c.h.h.t.HelmChartContainer - [hivemq-test-hivemq-platform] [hivemq-platform-operator] [82d9d207] 04:03:50.690 [pool-6-thread-22] DEBUG c.h.p.o.d.PlatformServiceResource - [helmcust] Desired Platform services (3 services)
2025-01-30 04:03:50,695 INFO c.h.h.t.HelmChartContainer - [hivemq-test-hivemq-platform] [hivemq-platform-operator] [82d9d207] 04:03:50.691 [pool-6-thread-23] DEBUG c.h.p.o.dependants.PodInfoConfigMap - [helmcust] Desired PodInfo ConfigMap (1 extensions) (1 enabled)
2025-01-30 04:03:50,695 INFO c.h.h.t.HelmChartContainer - [hivemq-test-hivemq-platform] [hivemq-platform-operator] [82d9d207] 04:03:50.691 [pool-6-thread-23] DEBUG c.h.p.o.dependants.PodInfoConfigMap - [helmcust] Desired PodInfo ConfigMap (metrics port: 9399) (metrics path: /)
2025-01-30 04:03:50,695 INFO c.h.h.t.HelmChartContainer - [hivemq-test-hivemq-platform] [hivemq-platform-operator] [82d9d207] 04:03:50.692 [pool-6-thread-23] DEBUG c.h.p.o.dependants.PodInfoConfigMap - [helmcust] Desired PodInfo ConfigMap (extension state hash: -2048767907)
2025-01-30 04:03:50,698 INFO c.h.h.t.HelmChartContainer - [hivemq-test-hivemq-platform] [hivemq-platform-operator] [82d9d207] 04:03:50.697 [pool-6-thread-27] DEBUG c.h.p.o.d.PodServiceAccountResource - [helmcust] Desired PodServiceAccountResource (serviceAccountName: hivemq-platform-pod-test-hivemq-platform)
2025-01-30 04:03:50,797 INFO c.h.h.t.HelmChartContainer - [hivemq-test-hivemq-platform] [hivemq-platform-operator] [82d9d207] 04:03:50.789 [pool-6-thread-30] DEBUG c.h.p.o.d.StatefulSetResource - [helmcust] Desired StatefulSet (1 replicas) for status STARTING (READY)
2025-01-30 04:03:50,801 INFO c.h.h.t.HelmChartContainer - [hivemq-test-hivemq-platform] [hivemq-platform-operator] [82d9d207] 04:03:50.800 [ReconcilerExecutor-hivemq-controller-76] INFO  c.h.p.o.HiveMQPlatformReconciler - [helmcust] Reconciling HiveMQ Platform 'test-hivemq-platform' in namespace 'helmcustomextensionit'
2025-01-30 04:03:50,802 INFO c.h.h.t.HelmChartContainer - [hivemq-test-hivemq-platform] [hivemq-platform-operator] [82d9d207] 04:03:50.800 [ReconcilerExecutor-hivemq-controller-76] DEBUG c.h.p.o.HiveMQPlatformReconciler - [helmcust] Custom Resource Status STARTING - HiveMQ Platform is starting (READY)
2025-01-30 04:03:50,802 INFO c.h.h.t.HelmChartContainer - [hivemq-test-hivemq-platform] [hivemq-platform-operator] [82d9d207] 04:03:50.800 [ReconcilerExecutor-hivemq-controller-76] DEBUG c.h.p.o.HiveMQPlatformReconciler - [helmcust] Custom Resource Spec (replicas: 1) (extensions: 1)
2025-01-30 04:03:50,820 INFO c.h.h.t.HelmChartContainer - [EVENT] Normal [Pulled] Container image "docker.io/hivemq/hivemq-platform-operator-init-test:snapshot" already present on machine [helmcustomextensionit:test-hivemq-platform-0]
2025-01-30 04:03:50,886 INFO c.h.h.t.HelmChartContainer - [hivemq-test-hivemq-platform] [hivemq-platform-operator] [82d9d207] 04:03:50.883 [ReconcilerExecutor-hivemq-controller-76] DEBUG c.h.p.o.HiveMQPlatformReconciler - [helmcust] StatefulSet Status (revision: test-hivemq-platform-796ccc778, replicas: 1, available: 0, ready: 0, current: 1, updated: 1)
2025-01-30 04:03:50,886 INFO c.h.h.t.HelmChartContainer - [hivemq-test-hivemq-platform] [hivemq-platform-operator] [82d9d207] 04:03:50.883 [ReconcilerExecutor-hivemq-controller-76] DEBUG c.h.p.o.HiveMQPlatformReconciler - [helmcust] StatefulSet Spec (replicas: 1, init containers: 1, containers: 1, volumes: 3)
2025-01-30 04:03:50,889 INFO c.h.h.t.HelmChartContainer - [hivemq-test-hivemq-platform] [hivemq-platform-operator] [82d9d207] 04:03:50.887 [ReconcilerExecutor-hivemq-controller-76] DEBUG c.h.p.o.h.HiveMQPlatformReconcilerErrorHandler - [helmcust] Pod 'test-hivemq-platform-0' phase Pending
2025-01-30 04:03:50,889 INFO c.h.h.t.HelmChartContainer - [hivemq-test-hivemq-platform] [hivemq-platform-operator] [82d9d207] 04:03:50.887 [ReconcilerExecutor-hivemq-controller-76] DEBUG c.h.p.o.h.HiveMQPlatformReconcilerErrorHandler - [helmcust] Pod 'test-hivemq-platform-0' condition 'PodReadyToStartContainers': False
2025-01-30 04:03:50,889 INFO c.h.h.t.HelmChartContainer - [hivemq-test-hivemq-platform] [hivemq-platform-operator] [82d9d207] 04:03:50.887 [ReconcilerExecutor-hivemq-controller-76] DEBUG c.h.p.o.h.HiveMQPlatformReconcilerErrorHandler - [helmcust] Pod 'test-hivemq-platform-0' condition 'Initialized': False
2025-01-30 04:03:50,889 INFO c.h.h.t.HelmChartContainer - [hivemq-test-hivemq-platform] [hivemq-platform-operator] [82d9d207] 04:03:50.887 [ReconcilerExecutor-hivemq-controller-76] DEBUG c.h.p.o.h.HiveMQPlatformReconcilerErrorHandler - [helmcust] Pod 'test-hivemq-platform-0' condition 'Ready': False
2025-01-30 04:03:50,889 INFO c.h.h.t.HelmChartContainer - [hivemq-test-hivemq-platform] [hivemq-platform-operator] [82d9d207] 04:03:50.887 [ReconcilerExecutor-hivemq-controller-76] DEBUG c.h.p.o.h.HiveMQPlatformReconcilerErrorHandler - [helmcust] Pod 'test-hivemq-platform-0' condition 'ContainersReady': False
2025-01-30 04:03:50,890 INFO c.h.h.t.HelmChartContainer - [hivemq-test-hivemq-platform] [hivemq-platform-operator] [82d9d207] 04:03:50.887 [ReconcilerExecutor-hivemq-controller-76] DEBUG c.h.p.o.h.HiveMQPlatformReconcilerErrorHandler - [helmcust] Pod 'test-hivemq-platform-0' condition 'PodScheduled': True
2025-01-30 04:03:50,891 INFO c.h.h.t.HelmChartContainer - [hivemq-test-hivemq-platform] [hivemq-platform-operator] [82d9d207] 04:03:50.887 [ReconcilerExecutor-hivemq-controller-76] DEBUG c.h.p.o.h.HiveMQPlatformReconcilerErrorHandler - [helmcust] Pod 'test-hivemq-platform-0' containerStatus 'hivemq' (started: false) (ready: false) (waiting: [PodInitializing] null)
2025-01-30 04:03:50,891 INFO c.h.h.t.HelmChartContainer - [hivemq-test-hivemq-platform] [hivemq-platform-operator] [82d9d207] 04:03:50.888 [ReconcilerExecutor-hivemq-controller-76] INFO  c.h.p.o.h.HiveMQPlatformReconcilerBaseHandler - [helmcust] HiveMQ Platform is starting, 0 of 1 replicas are ready
2025-01-30 04:03:50,932 INFO c.h.h.t.HelmChartContainer - [EVENT] Normal [Created] Created container: hivemq-platform-operator-init [helmcustomextensionit:test-hivemq-platform-0]
2025-01-30 04:03:50,971 INFO c.h.h.t.HelmChartContainer - [EVENT] Normal [Started] Started container hivemq-platform-operator-init [helmcustomextensionit:test-hivemq-platform-0]
2025-01-30 04:03:51,469 INFO c.h.h.t.HelmChartContainer - [EVENT] Normal [Pulled] Container image "docker.io/hivemq/hivemq4:4.36.0" already present on machine [helmcustomextensionit:test-hivemq-platform-0]
2025-01-30 04:03:51,470 INFO c.h.h.t.HelmChartContainer - Received Pulled event for container hivemq in pod test-hivemq-platform-0 [e8d7c48e-cbef-43d9-9b6a-ba750c2c7e17]
2025-01-30 04:03:51,491 INFO c.h.h.t.HelmChartContainer - [POD] test-hivemq-platform-0 [e8d7c48e-cbef-43d9-9b6a-ba750c2c7e17] in helmcustomextensionit was MODIFIED
2025-01-30 04:03:51,503 INFO c.h.h.t.HelmChartContainer - [hivemq-test-hivemq-platform] [hivemq-platform-operator] [82d9d207] 04:03:51.490 [pool-6-thread-32] DEBUG c.h.p.o.d.PlatformServiceResource - [helmcust] Desired Platform services (3 services)
2025-01-30 04:03:51,503 INFO c.h.h.t.HelmChartContainer - [hivemq-test-hivemq-platform] [hivemq-platform-operator] [82d9d207] 04:03:51.492 [pool-6-thread-33] DEBUG c.h.p.o.dependants.PodInfoConfigMap - [helmcust] Desired PodInfo ConfigMap (1 extensions) (1 enabled)
2025-01-30 04:03:51,503 INFO c.h.h.t.HelmChartContainer - [hivemq-test-hivemq-platform] [hivemq-platform-operator] [82d9d207] 04:03:51.492 [pool-6-thread-33] DEBUG c.h.p.o.dependants.PodInfoConfigMap - [helmcust] Desired PodInfo ConfigMap (metrics port: 9399) (metrics path: /)
2025-01-30 04:03:51,503 INFO c.h.h.t.HelmChartContainer - [hivemq-test-hivemq-platform] [hivemq-platform-operator] [82d9d207] 04:03:51.492 [pool-6-thread-33] DEBUG c.h.p.o.dependants.PodInfoConfigMap - [helmcust] Desired PodInfo ConfigMap (extension state hash: -2048767907)
2025-01-30 04:03:51,512 INFO c.h.h.t.HelmChartContainer - [hivemq-test-hivemq-platform] [hivemq-platform-operator] [82d9d207] 04:03:51.502 [pool-6-thread-37] DEBUG c.h.p.o.d.PodServiceAccountResource - [helmcust] Desired PodServiceAccountResource (serviceAccountName: hivemq-platform-pod-test-hivemq-platform)
2025-01-30 04:03:51,519 INFO c.h.h.t.HelmChartContainer - [hivemq-test-hivemq-platform] [hivemq-platform-operator] [82d9d207] 04:03:51.518 [pool-6-thread-40] DEBUG c.h.p.o.d.StatefulSetResource - [helmcust] Desired StatefulSet (1 replicas) for status STARTING (READY)
2025-01-30 04:03:51,588 INFO c.h.h.t.HelmChartContainer - [hivemq-test-hivemq-platform] [hivemq-platform-operator] [82d9d207] 04:03:51.586 [ReconcilerExecutor-hivemq-controller-87] INFO  c.h.p.o.HiveMQPlatformReconciler - [helmcust] Reconciling HiveMQ Platform 'test-hivemq-platform' in namespace 'helmcustomextensionit'
2025-01-30 04:03:51,588 INFO c.h.h.t.HelmChartContainer - [hivemq-test-hivemq-platform] [hivemq-platform-operator] [82d9d207] 04:03:51.586 [ReconcilerExecutor-hivemq-controller-87] DEBUG c.h.p.o.HiveMQPlatformReconciler - [helmcust] Custom Resource Status STARTING - HiveMQ Platform is starting (READY)
2025-01-30 04:03:51,588 INFO c.h.h.t.HelmChartContainer - [hivemq-test-hivemq-platform] [hivemq-platform-operator] [82d9d207] 04:03:51.586 [ReconcilerExecutor-hivemq-controller-87] DEBUG c.h.p.o.HiveMQPlatformReconciler - [helmcust] Custom Resource Spec (replicas: 1) (extensions: 1)
2025-01-30 04:03:51,590 INFO c.h.h.t.HelmChartContainer - [hivemq-test-hivemq-platform] [hivemq-platform-operator] [82d9d207] 04:03:51.589 [ReconcilerExecutor-hivemq-controller-87] DEBUG c.h.p.o.HiveMQPlatformReconciler - [helmcust] StatefulSet Status (revision: test-hivemq-platform-796ccc778, replicas: 1, available: 0, ready: 0, current: 1, updated: 1)
2025-01-30 04:03:51,590 INFO c.h.h.t.HelmChartContainer - [hivemq-test-hivemq-platform] [hivemq-platform-operator] [82d9d207] 04:03:51.589 [ReconcilerExecutor-hivemq-controller-87] DEBUG c.h.p.o.HiveMQPlatformReconciler - [helmcust] StatefulSet Spec (replicas: 1, init containers: 1, containers: 1, volumes: 3)
2025-01-30 04:03:51,593 INFO c.h.h.t.HelmChartContainer - [hivemq-test-hivemq-platform] [hivemq-platform-operator] [82d9d207] 04:03:51.593 [ReconcilerExecutor-hivemq-controller-87] DEBUG c.h.p.o.h.HiveMQPlatformReconcilerErrorHandler - [helmcust] Pod 'test-hivemq-platform-0' phase Pending
2025-01-30 04:03:51,595 INFO c.h.h.t.HelmChartContainer - [hivemq-test-hivemq-platform] [hivemq-platform-operator] [82d9d207] 04:03:51.594 [ReconcilerExecutor-hivemq-controller-87] DEBUG c.h.p.o.h.HiveMQPlatformReconcilerErrorHandler - [helmcust] Pod 'test-hivemq-platform-0' condition 'PodReadyToStartContainers': True
2025-01-30 04:03:51,596 INFO c.h.h.t.HelmChartContainer - [hivemq-test-hivemq-platform] [hivemq-platform-operator] [82d9d207] 04:03:51.594 [ReconcilerExecutor-hivemq-controller-87] DEBUG c.h.p.o.h.HiveMQPlatformReconcilerErrorHandler - [helmcust] Pod 'test-hivemq-platform-0' condition 'Initialized': True
2025-01-30 04:03:51,596 INFO c.h.h.t.HelmChartContainer - [hivemq-test-hivemq-platform] [hivemq-platform-operator] [82d9d207] 04:03:51.594 [ReconcilerExecutor-hivemq-controller-87] DEBUG c.h.p.o.h.HiveMQPlatformReconcilerErrorHandler - [helmcust] Pod 'test-hivemq-platform-0' condition 'Ready': False
2025-01-30 04:03:51,596 INFO c.h.h.t.HelmChartContainer - [hivemq-test-hivemq-platform] [hivemq-platform-operator] [82d9d207] 04:03:51.594 [ReconcilerExecutor-hivemq-controller-87] DEBUG c.h.p.o.h.HiveMQPlatformReconcilerErrorHandler - [helmcust] Pod 'test-hivemq-platform-0' condition 'ContainersReady': False
2025-01-30 04:03:51,596 INFO c.h.h.t.HelmChartContainer - [hivemq-test-hivemq-platform] [hivemq-platform-operator] [82d9d207] 04:03:51.594 [ReconcilerExecutor-hivemq-controller-87] DEBUG c.h.p.o.h.HiveMQPlatformReconcilerErrorHandler - [helmcust] Pod 'test-hivemq-platform-0' condition 'PodScheduled': True
2025-01-30 04:03:51,596 INFO c.h.h.t.HelmChartContainer - [hivemq-test-hivemq-platform] [hivemq-platform-operator] [82d9d207] 04:03:51.594 [ReconcilerExecutor-hivemq-controller-87] DEBUG c.h.p.o.h.HiveMQPlatformReconcilerErrorHandler - [helmcust] Pod 'test-hivemq-platform-0' containerStatus 'hivemq' (started: false) (ready: false) (waiting: [PodInitializing] null)
2025-01-30 04:03:51,596 INFO c.h.h.t.HelmChartContainer - [hivemq-test-hivemq-platform] [hivemq-platform-operator] [82d9d207] 04:03:51.595 [ReconcilerExecutor-hivemq-controller-87] INFO  c.h.p.o.h.HiveMQPlatformReconcilerBaseHandler - [helmcust] HiveMQ Platform is starting, 0 of 1 replicas are ready
2025-01-30 04:03:52,907 INFO c.h.h.t.HelmChartContainer - [EVENT] Normal [Created] Created container: hivemq [helmcustomextensionit:test-hivemq-platform-0]
2025-01-30 04:03:52,907 INFO c.h.h.t.HelmChartContainer - Received Created event for container hivemq in pod test-hivemq-platform-0 [e8d7c48e-cbef-43d9-9b6a-ba750c2c7e17]
2025-01-30 04:03:53,480 INFO c.h.h.t.HelmChartContainer - [POD] test-hivemq-platform-0 [e8d7c48e-cbef-43d9-9b6a-ba750c2c7e17] in helmcustomextensionit was MODIFIED
2025-01-30 04:03:53,489 INFO c.h.h.t.HelmChartContainer - [EVENT] Normal [Started] Started container hivemq [helmcustomextensionit:test-hivemq-platform-0]
2025-01-30 04:03:53,489 INFO c.h.h.t.HelmChartContainer - Received Started event for container hivemq in pod test-hivemq-platform-0 [e8d7c48e-cbef-43d9-9b6a-ba750c2c7e17]
2025-01-30 04:03:53,490 INFO c.h.h.t.HelmChartContainer - Started log watcher for hivemq in pod test-hivemq-platform-0 [e8d7c48e-cbef-43d9-9b6a-ba750c2c7e17]
2025-01-30 04:03:53,490 INFO c.h.h.t.HelmChartContainer - [test-hivemq-platform] [hivemq] [e8d7c48e] Adding pre-installed HiveMQ Platform Operator extensions
2025-01-30 04:03:53,490 INFO c.h.h.t.HelmChartContainer - [test-hivemq-platform] [hivemq] [e8d7c48e] Running as user 10000
2025-01-30 04:03:53,490 INFO c.h.h.t.HelmChartContainer - [test-hivemq-platform] [hivemq] [e8d7c48e] Starting HiveMQ Platform Operator Init
2025-01-30 04:03:53,492 INFO c.h.h.t.HelmChartContainer - [hivemq-test-hivemq-platform] [hivemq-platform-operator] [82d9d207] 04:03:53.489 [pool-6-thread-42] DEBUG c.h.p.o.d.PlatformServiceResource - [helmcust] Desired Platform services (3 services)
2025-01-30 04:03:53,494 INFO c.h.h.t.HelmChartContainer - [hivemq-test-hivemq-platform] [hivemq-platform-operator] [82d9d207] 04:03:53.493 [pool-6-thread-43] DEBUG c.h.p.o.dependants.PodInfoConfigMap - [helmcust] Desired PodInfo ConfigMap (1 extensions) (1 enabled)
2025-01-30 04:03:53,498 INFO c.h.h.t.HelmChartContainer - [hivemq-test-hivemq-platform] [hivemq-platform-operator] [82d9d207] 04:03:53.496 [pool-6-thread-43] DEBUG c.h.p.o.dependants.PodInfoConfigMap - [helmcust] Desired PodInfo ConfigMap (metrics port: 9399) (metrics path: /)
2025-01-30 04:03:53,499 INFO c.h.h.t.HelmChartContainer - [hivemq-test-hivemq-platform] [hivemq-platform-operator] [82d9d207] 04:03:53.497 [pool-6-thread-43] DEBUG c.h.p.o.dependants.PodInfoConfigMap - [helmcust] Desired PodInfo ConfigMap (extension state hash: -2048767907)
2025-01-30 04:03:53,502 INFO c.h.h.t.HelmChartContainer - [hivemq-test-hivemq-platform] [hivemq-platform-operator] [82d9d207] 04:03:53.500 [pool-6-thread-47] DEBUG c.h.p.o.d.PodServiceAccountResource - [helmcust] Desired PodServiceAccountResource (serviceAccountName: hivemq-platform-pod-test-hivemq-platform)
2025-01-30 04:03:53,507 INFO c.h.h.t.HelmChartContainer - [hivemq-test-hivemq-platform] [hivemq-platform-operator] [82d9d207] 04:03:53.506 [pool-6-thread-50] DEBUG c.h.p.o.d.StatefulSetResource - [helmcust] Desired StatefulSet (1 replicas) for status STARTING (READY)
2025-01-30 04:03:53,583 INFO c.h.h.t.HelmChartContainer - [hivemq-test-hivemq-platform] [hivemq-platform-operator] [82d9d207] 04:03:53.582 [ReconcilerExecutor-hivemq-controller-98] INFO  c.h.p.o.HiveMQPlatformReconciler - [helmcust] Reconciling HiveMQ Platform 'test-hivemq-platform' in namespace 'helmcustomextensionit'
2025-01-30 04:03:53,584 INFO c.h.h.t.HelmChartContainer - [hivemq-test-hivemq-platform] [hivemq-platform-operator] [82d9d207] 04:03:53.582 [ReconcilerExecutor-hivemq-controller-98] DEBUG c.h.p.o.HiveMQPlatformReconciler - [helmcust] Custom Resource Status STARTING - HiveMQ Platform is starting (READY)
2025-01-30 04:03:53,585 INFO c.h.h.t.HelmChartContainer - [hivemq-test-hivemq-platform] [hivemq-platform-operator] [82d9d207] 04:03:53.582 [ReconcilerExecutor-hivemq-controller-98] DEBUG c.h.p.o.HiveMQPlatformReconciler - [helmcust] Custom Resource Spec (replicas: 1) (extensions: 1)
2025-01-30 04:03:53,586 INFO c.h.h.t.HelmChartContainer - [hivemq-test-hivemq-platform] [hivemq-platform-operator] [82d9d207] 04:03:53.585 [ReconcilerExecutor-hivemq-controller-98] DEBUG c.h.p.o.HiveMQPlatformReconciler - [helmcust] StatefulSet Status (revision: test-hivemq-platform-796ccc778, replicas: 1, available: 0, ready: 0, current: 1, updated: 1)
2025-01-30 04:03:53,587 INFO c.h.h.t.HelmChartContainer - [hivemq-test-hivemq-platform] [hivemq-platform-operator] [82d9d207] 04:03:53.585 [ReconcilerExecutor-hivemq-controller-98] DEBUG c.h.p.o.HiveMQPlatformReconciler - [helmcust] StatefulSet Spec (replicas: 1, init containers: 1, containers: 1, volumes: 3)
2025-01-30 04:03:53,589 INFO c.h.h.t.HelmChartContainer - [hivemq-test-hivemq-platform] [hivemq-platform-operator] [82d9d207] 04:03:53.588 [ReconcilerExecutor-hivemq-controller-98] DEBUG c.h.p.o.h.HiveMQPlatformReconcilerErrorHandler - [helmcust] Pod 'test-hivemq-platform-0' phase Running
2025-01-30 04:03:53,592 INFO c.h.h.t.HelmChartContainer - [hivemq-test-hivemq-platform] [hivemq-platform-operator] [82d9d207] 04:03:53.591 [ReconcilerExecutor-hivemq-controller-98] INFO  c.h.p.o.h.HiveMQPlatformReconcilerBaseHandler - [helmcust] HiveMQ Platform is starting, 0 of 1 replicas are ready
2025-01-30 04:03:54,255 INFO c.h.h.t.HelmChartContainer - [test-hivemq-platform] [hivemq] [e8d7c48e] INFO  - [HiveMQ Platform Operator Init 1.7.0-SNAPSHOT] HiveMQ Platform Operator Init 1.7.0-SNAPSHOT (commit: 47e3375 on branch: HEAD) built on Thu Jan 30 03:55:50 UTC 2025
2025-01-30 04:03:55,375 INFO c.h.h.t.HelmChartContainer - [test-hivemq-platform] [hivemq] [e8d7c48e] INFO  - [HiveMQ Platform Operator Init App 1.7.0-SNAPSHOT] Using bind address 10.42.0.12 from environment variable
2025-01-30 04:03:56,255 INFO c.h.h.t.HelmChartContainer - [test-hivemq-platform] [hivemq] [e8d7c48e] INFO  - [HiveMQ Platform Operator Init App 1.7.0-SNAPSHOT] HiveMQ Platform Operator Init App 1.7.0-SNAPSHOT (commit: 47e3375 on branch: HEAD) built on Thu Jan 30 03:55:50 UTC 2025
2025-01-30 04:03:56,255 INFO c.h.h.t.HelmChartContainer - [test-hivemq-platform] [hivemq] [e8d7c48e] INFO  - [HiveMQ Platform Operator Init App 1.7.0-SNAPSHOT] PodInfo ConfigMap directory: /etc/podinfo
2025-01-30 04:03:56,255 INFO c.h.h.t.HelmChartContainer - [test-hivemq-platform] [hivemq] [e8d7c48e] INFO  - [HiveMQ Platform Operator Init App 1.7.0-SNAPSHOT] HiveMQ home directory: /opt/hivemq
2025-01-30 04:03:56,255 INFO c.h.h.t.HelmChartContainer - [test-hivemq-platform] [hivemq] [e8d7c48e] INFO  - [HiveMQ Platform Operator Init App 1.7.0-SNAPSHOT] HiveMQ Logback folder: /opt/hivemq/conf
2025-01-30 04:03:56,255 INFO c.h.h.t.HelmChartContainer - [test-hivemq-platform] [hivemq] [e8d7c48e] INFO  - [HiveMQ Platform Operator Init App 1.7.0-SNAPSHOT] HiveMQ Config folder: /opt/hivemq/conf-k8s
2025-01-30 04:03:56,256 INFO c.h.h.t.HelmChartContainer - [test-hivemq-platform] [hivemq] [e8d7c48e] INFO  - [HiveMQ Platform Operator Init App 1.7.0-SNAPSHOT] Starting HiveMQ Platform Operator Init App
2025-01-30 04:03:56,256 INFO c.h.h.t.HelmChartContainer - [test-hivemq-platform] [hivemq] [e8d7c48e] INFO  - [HiveMQ Platform Operator Init App 1.7.0-SNAPSHOT] Starting Pod reconciler
2025-01-30 04:03:57,364 INFO c.h.h.t.HelmChartContainer - [test-hivemq-platform] [hivemq] [e8d7c48e] INFO  - [HiveMQ Platform Operator Init App 1.7.0-SNAPSHOT] Pod reconciler is scheduled (interval: 5000 ms)
2025-01-30 04:03:57,365 INFO c.h.h.t.HelmChartContainer - [test-hivemq-platform] [hivemq] [e8d7c48e] INFO  - [HiveMQ Platform Operator Init App 1.7.0-SNAPSHOT] Starting the REST API on 10.42.0.12:7979
2025-01-30 04:03:57,367 INFO c.h.h.t.HelmChartContainer - [test-hivemq-platform] [hivemq] [e8d7c48e] INFO  - [HiveMQ Platform Operator Init App 1.7.0-SNAPSHOT] Waiting up to 600s for at most 1 HiveMQ nodes in cluster service hivemq-test-hivemq-platform-cluster.helmcustomextensionit.svc
2025-01-30 04:03:57,763 INFO c.h.h.t.HelmChartContainer - [test-hivemq-platform] [hivemq] [e8d7c48e] INFO  - [HiveMQ Platform Operator Init App 1.7.0-SNAPSHOT] Resolved 1 IP addresses: [10.42.0.12]
2025-01-30 04:03:57,763 INFO c.h.h.t.HelmChartContainer - [test-hivemq-platform] [hivemq] [e8d7c48e] INFO  - [HiveMQ Platform Operator Init App 1.7.0-SNAPSHOT] HiveMQ node count of 1 is within threshold of 1
2025-01-30 04:03:57,763 INFO c.h.h.t.HelmChartContainer - [test-hivemq-platform] [hivemq] [e8d7c48e] INFO  - [HiveMQ Platform Operator Init App 1.7.0-SNAPSHOT] Proceeding with container start
2025-01-30 04:03:57,862 INFO c.h.h.t.HelmChartContainer - [test-hivemq-platform] [hivemq] [e8d7c48e] INFO  - [HiveMQ Platform Operator Init App 1.7.0-SNAPSHOT] Initializing HiveMQ Platform extensions with initial configuration: {hivemq-custom-test-extension={start-priority=-1, skip-https-hostname-verification=false, restart=true, config-version=0, header-version=0, c-uri=, priority=-1, uri=http://nginx-service/hivemq-custom-test-extension-1.0.0.zip, skip-https-certificate-validation=false, enabled=true}, hivemq-prometheus-extension={skip-https-certificate-validation=false, uri=preinstalled, request-header-path=no-request-headers, enabled=true, restart=true, priority=-1, start-priority=-1, c-uri=, skip-https-hostname-verification=false}}
2025-01-30 04:03:57,863 INFO c.h.h.t.HelmChartContainer - [test-hivemq-platform] [hivemq] [e8d7c48e] INFO  - [HiveMQ Platform Operator Init App 1.7.0-SNAPSHOT] Installing custom extension hivemq-custom-test-extension from URL http://nginx-service/hivemq-custom-test-extension-1.0.0.zip
2025-01-30 04:03:57,865 INFO c.h.h.t.HelmChartContainer - [test-hivemq-platform] [hivemq] [e8d7c48e] INFO  - [HiveMQ Platform Operator Init App 1.7.0-SNAPSHOT] Downloading custom extension hivemq-custom-test-extension into '/tmp/hivemq-custom-test-extension9268786152542964925/extension.zip'
2025-01-30 04:03:58,059 INFO c.h.h.t.HelmChartContainer - [nginx-85bd77b68d-gkj] [nginx] [4be17dfd] 10.42.0.12 - - [30/Jan/2025:04:03:58 +0000] "GET /hivemq-custom-test-extension-1.0.0.zip HTTP/1.1" 200 11637 "-" "Java-http-client/21.0.5" "-"
2025-01-30 04:03:58,157 INFO c.h.h.t.HelmChartContainer - [test-hivemq-platform] [hivemq] [e8d7c48e] INFO  - [HiveMQ Platform Operator Init App 1.7.0-SNAPSHOT] Copy extension from '/tmp/hivemq-custom-test-extension9268786152542964925/hivemq-custom-test-extension' to '/opt/hivemq/extensions/hivemq-custom-test-extension'
2025-01-30 04:03:58,158 INFO c.h.h.t.HelmChartContainer - [test-hivemq-platform] [hivemq] [e8d7c48e] INFO  - [HiveMQ Platform Operator Init App 1.7.0-SNAPSHOT] Found hivemq-extension.xml in folder '/tmp/hivemq-custom-test-extension9268786152542964925/hivemq-custom-test-extension/hivemq-custom-test-extension'
2025-01-30 04:03:58,650 INFO c.h.h.t.HelmChartContainer - [test-hivemq-platform] [hivemq] [e8d7c48e] INFO  - [HiveMQ Platform Operator Init App 1.7.0-SNAPSHOT] Extension hivemq-custom-test-extension was already enabled
2025-01-30 04:03:58,664 INFO c.h.h.t.HelmChartContainer - [test-hivemq-platform] [hivemq] [e8d7c48e] INFO  - [HiveMQ Platform Operator Init App 1.7.0-SNAPSHOT] Successfully enabled extension hivemq-prometheus-extension
2025-01-30 04:03:58,665 INFO c.h.h.t.HelmChartContainer - [test-hivemq-platform] [hivemq] [e8d7c48e] INFO  - [HiveMQ Platform Operator Init App 1.7.0-SNAPSHOT] Starting HiveMQ Platform version 4.36.0 (4.36.0)
2025-01-30 04:03:58,666 INFO c.h.h.t.HelmChartContainer - [test-hivemq-platform] [hivemq] [e8d7c48e] INFO  - [HiveMQ Platform Operator Init App 1.7.0-SNAPSHOT] Configuring the HiveMQ Platform
2025-01-30 04:03:58,755 INFO c.h.h.t.HelmChartContainer - [test-hivemq-platform] [hivemq] [e8d7c48e] INFO  - [HiveMQ Platform Operator Init App 1.7.0-SNAPSHOT] Changed logback.xml file scan period to 20 seconds
2025-01-30 04:03:58,787 INFO c.h.h.t.HelmChartContainer - [test-hivemq-platform] [hivemq] [e8d7c48e] INFO  - [HiveMQ Platform Operator Init App 1.7.0-SNAPSHOT] Starting the HiveMQ Platform
2025-01-30 04:03:58,853 INFO c.h.h.t.HelmChartContainer - [test-hivemq-platform] [hivemq] [e8d7c48e] -------------------------------------------------------------------------
2025-01-30 04:03:58,853 INFO c.h.h.t.HelmChartContainer - [test-hivemq-platform] [hivemq] [e8d7c48e] 
2025-01-30 04:03:58,853 INFO c.h.h.t.HelmChartContainer - [test-hivemq-platform] [hivemq] [e8d7c48e]                   _    _  _              __  __   ____
2025-01-30 04:03:58,853 INFO c.h.h.t.HelmChartContainer - [test-hivemq-platform] [hivemq] [e8d7c48e]                  | |  | |(_)            |  \/  | / __ \
2025-01-30 04:03:58,853 INFO c.h.h.t.HelmChartContainer - [test-hivemq-platform] [hivemq] [e8d7c48e]                  | |__| | _ __   __ ___ | \  / || |  | |
2025-01-30 04:03:58,853 INFO c.h.h.t.HelmChartContainer - [test-hivemq-platform] [hivemq] [e8d7c48e]                  |  __  || |\ \ / // _ \| |\/| || |  | |
2025-01-30 04:03:58,853 INFO c.h.h.t.HelmChartContainer - [test-hivemq-platform] [hivemq] [e8d7c48e]                  | |  | || | \ V /|  __/| |  | || |__| |
2025-01-30 04:03:58,853 INFO c.h.h.t.HelmChartContainer - [test-hivemq-platform] [hivemq] [e8d7c48e]                  |_|  |_||_|  \_/  \___||_|  |_| \___\_\
2025-01-30 04:03:58,853 INFO c.h.h.t.HelmChartContainer - [test-hivemq-platform] [hivemq] [e8d7c48e] 
2025-01-30 04:03:58,853 INFO c.h.h.t.HelmChartContainer - [test-hivemq-platform] [hivemq] [e8d7c48e] -------------------------------------------------------------------------
2025-01-30 04:03:58,853 INFO c.h.h.t.HelmChartContainer - [test-hivemq-platform] [hivemq] [e8d7c48e] 
2025-01-30 04:03:58,853 INFO c.h.h.t.HelmChartContainer - [test-hivemq-platform] [hivemq] [e8d7c48e]   HiveMQ Start Script for Linux/Unix v1.14
2025-01-30 04:03:58,853 INFO c.h.h.t.HelmChartContainer - [test-hivemq-platform] [hivemq] [e8d7c48e] 
2025-01-30 04:03:58,950 INFO c.h.h.t.HelmChartContainer - [test-hivemq-platform] [hivemq] [e8d7c48e] -------------------------------------------------------------------------
2025-01-30 04:03:58,950 INFO c.h.h.t.HelmChartContainer - [test-hivemq-platform] [hivemq] [e8d7c48e] 
2025-01-30 04:03:58,950 INFO c.h.h.t.HelmChartContainer - [test-hivemq-platform] [hivemq] [e8d7c48e]   HIVEMQ_HOME: /opt/hivemq
2025-01-30 04:03:58,950 INFO c.h.h.t.HelmChartContainer - [test-hivemq-platform] [hivemq] [e8d7c48e] 
2025-01-30 04:03:58,950 INFO c.h.h.t.HelmChartContainer - [test-hivemq-platform] [hivemq] [e8d7c48e]   JAVA_OPTS: -XX:+UnlockExperimentalVMOptions -XX:InitialRAMPercentage=50 -XX:MaxRAMPercentage=50 -Djava.net.preferIPv4Stack=true --add-opens java.base/java.lang=ALL-UNNAMED --add-opens java.base/java.nio=ALL-UNNAMED --add-opens java.base/sun.nio.ch=ALL-UNNAMED --add-opens jdk.management/com.sun.management.internal=ALL-UNNAMED --add-exports java.base/jdk.internal.misc=ALL-UNNAMED -Djava.security.egd=file:/dev/./urandom -Dcom.sun.management.jmxremote -Dcom.sun.management.jmxremote.port=9010 -Dcom.sun.management.jmxremote.local.only=false -Dcom.sun.management.jmxremote.authenticate=false -Dcom.sun.management.jmxremote.ssl=false -Duser.language=en -Duser.region=US -XX:+CrashOnOutOfMemoryError -XX:+HeapDumpOnOutOfMemoryError
2025-01-30 04:03:58,950 INFO c.h.h.t.HelmChartContainer - [test-hivemq-platform] [hivemq] [e8d7c48e] 
2025-01-30 04:03:58,950 INFO c.h.h.t.HelmChartContainer - [test-hivemq-platform] [hivemq] [e8d7c48e]   JAVA_VERSION: 21
2025-01-30 04:03:58,950 INFO c.h.h.t.HelmChartContainer - [test-hivemq-platform] [hivemq] [e8d7c48e] 
2025-01-30 04:03:58,950 INFO c.h.h.t.HelmChartContainer - [test-hivemq-platform] [hivemq] [e8d7c48e] -------------------------------------------------------------------------
2025-01-30 04:03:58,951 INFO c.h.h.t.HelmChartContainer - [test-hivemq-platform] [hivemq] [e8d7c48e] 
2025-01-30 04:03:59,557 INFO c.h.h.t.HelmChartContainer - [test-hivemq-platform] [hivemq] [e8d7c48e] INFO  - [HiveMQ Platform Operator Init App 1.7.0-SNAPSHOT] Returning default Health API response 503 for readiness
2025-01-30 04:03:59,955 INFO c.h.h.t.HelmChartContainer - [EVENT] Warning [Unhealthy] Readiness probe failed: HTTP probe failed with statuscode: 503 [helmcustomextensionit:test-hivemq-platform-0]
2025-01-30 04:03:59,955 INFO c.h.h.t.HelmChartContainer - Received Unhealthy event for container hivemq in pod test-hivemq-platform-0 [e8d7c48e-cbef-43d9-9b6a-ba750c2c7e17]
2025-01-30 04:04:01,556 INFO c.h.h.t.HelmChartContainer - [test-hivemq-platform] [hivemq] [e8d7c48e] INFO  - Starting HiveMQ Enterprise Server
2025-01-30 04:04:01,563 INFO c.h.h.t.HelmChartContainer - [test-hivemq-platform] [hivemq] [e8d7c48e] INFO  - HiveMQ version: 4.36.0
2025-01-30 04:04:01,563 INFO c.h.h.t.HelmChartContainer - [test-hivemq-platform] [hivemq] [e8d7c48e] INFO  - HiveMQ home directory: /opt/hivemq
2025-01-30 04:04:01,563 INFO c.h.h.t.HelmChartContainer - [test-hivemq-platform] [hivemq] [e8d7c48e] INFO  - Log Configuration was overridden by /opt/hivemq/conf/logback.xml
2025-01-30 04:04:03,264 INFO c.h.h.t.HelmChartContainer - [test-hivemq-platform] [hivemq] [e8d7c48e] INFO  - Successfully loaded configuration from '/opt/hivemq/conf-k8s/config.xml'.
2025-01-30 04:04:03,598 INFO c.h.h.t.HelmChartContainer - [hivemq-test-hivemq-platform] [hivemq-platform-operator] [82d9d207] 04:04:03.595 [pool-6-thread-5] DEBUG c.h.p.o.d.PlatformServiceResource - [helmcust] Desired Platform services (3 services)
2025-01-30 04:04:03,599 INFO c.h.h.t.HelmChartContainer - [hivemq-test-hivemq-platform] [hivemq-platform-operator] [82d9d207] 04:04:03.597 [pool-6-thread-1] DEBUG c.h.p.o.d.PodServiceAccountResource - [helmcust] Desired PodServiceAccountResource (serviceAccountName: hivemq-platform-pod-test-hivemq-platform)
2025-01-30 04:04:03,600 INFO c.h.h.t.HelmChartContainer - [hivemq-test-hivemq-platform] [hivemq-platform-operator] [82d9d207] 04:04:03.596 [pool-6-thread-6] DEBUG c.h.p.o.dependants.PodInfoConfigMap - [helmcust] Desired PodInfo ConfigMap (1 extensions) (1 enabled)
2025-01-30 04:04:03,600 INFO c.h.h.t.HelmChartContainer - [hivemq-test-hivemq-platform] [hivemq-platform-operator] [82d9d207] 04:04:03.597 [pool-6-thread-6] DEBUG c.h.p.o.dependants.PodInfoConfigMap - [helmcust] Desired PodInfo ConfigMap (metrics port: 9399) (metrics path: /)
2025-01-30 04:04:03,600 INFO c.h.h.t.HelmChartContainer - [hivemq-test-hivemq-platform] [hivemq-platform-operator] [82d9d207] 04:04:03.598 [pool-6-thread-6] DEBUG c.h.p.o.dependants.PodInfoConfigMap - [helmcust] Desired PodInfo ConfigMap (extension state hash: -2048767907)
2025-01-30 04:04:03,605 INFO c.h.h.t.HelmChartContainer - [hivemq-test-hivemq-platform] [hivemq-platform-operator] [82d9d207] 04:04:03.604 [pool-6-thread-5] DEBUG c.h.p.o.d.StatefulSetResource - [helmcust] Desired StatefulSet (1 replicas) for status STARTING (READY)
2025-01-30 04:04:03,611 INFO c.h.h.t.HelmChartContainer - [hivemq-test-hivemq-platform] [hivemq-platform-operator] [82d9d207] 04:04:03.610 [ReconcilerExecutor-hivemq-controller-109] INFO  c.h.p.o.HiveMQPlatformReconciler - [helmcust] Reconciling HiveMQ Platform 'test-hivemq-platform' in namespace 'helmcustomextensionit'
2025-01-30 04:04:03,611 INFO c.h.h.t.HelmChartContainer - [hivemq-test-hivemq-platform] [hivemq-platform-operator] [82d9d207] 04:04:03.610 [ReconcilerExecutor-hivemq-controller-109] DEBUG c.h.p.o.HiveMQPlatformReconciler - [helmcust] Custom Resource Status STARTING - HiveMQ Platform is starting (READY)
2025-01-30 04:04:03,611 INFO c.h.h.t.HelmChartContainer - [hivemq-test-hivemq-platform] [hivemq-platform-operator] [82d9d207] 04:04:03.610 [ReconcilerExecutor-hivemq-controller-109] DEBUG c.h.p.o.HiveMQPlatformReconciler - [helmcust] Custom Resource Spec (replicas: 1) (extensions: 1)
2025-01-30 04:04:03,612 INFO c.h.h.t.HelmChartContainer - [hivemq-test-hivemq-platform] [hivemq-platform-operator] [82d9d207] 04:04:03.612 [ReconcilerExecutor-hivemq-controller-109] DEBUG c.h.p.o.HiveMQPlatformReconciler - [helmcust] StatefulSet Status (revision: test-hivemq-platform-796ccc778, replicas: 1, available: 0, ready: 0, current: 1, updated: 1)
2025-01-30 04:04:03,613 INFO c.h.h.t.HelmChartContainer - [hivemq-test-hivemq-platform] [hivemq-platform-operator] [82d9d207] 04:04:03.612 [ReconcilerExecutor-hivemq-controller-109] DEBUG c.h.p.o.HiveMQPlatformReconciler - [helmcust] StatefulSet Spec (replicas: 1, init containers: 1, containers: 1, volumes: 3)
2025-01-30 04:04:03,686 INFO c.h.h.t.HelmChartContainer - [hivemq-test-hivemq-platform] [hivemq-platform-operator] [82d9d207] 04:04:03.685 [ReconcilerExecutor-hivemq-controller-109] DEBUG c.h.p.o.h.HiveMQPlatformReconcilerErrorHandler - [helmcust] Pod 'test-hivemq-platform-0' phase Running
2025-01-30 04:04:03,687 INFO c.h.h.t.HelmChartContainer - [hivemq-test-hivemq-platform] [hivemq-platform-operator] [82d9d207] 04:04:03.686 [ReconcilerExecutor-hivemq-controller-109] INFO  c.h.p.o.h.HiveMQPlatformReconcilerBaseHandler - [helmcust] HiveMQ Platform is starting, 0 of 1 replicas are ready
2025-01-30 04:04:04,255 INFO c.h.h.t.HelmChartContainer - [test-hivemq-platform] [hivemq] [e8d7c48e] INFO  - This node's ID is 3ezKA
2025-01-30 04:04:04,255 INFO c.h.h.t.HelmChartContainer - [test-hivemq-platform] [hivemq] [e8d7c48e] INFO  - Clustering is enabled
2025-01-30 04:04:04,559 INFO c.h.h.t.HelmChartContainer - [test-hivemq-platform] [hivemq] [e8d7c48e] WARN  - [HiveMQ Platform Operator Init App 1.7.0-SNAPSHOT] Cannot connect to Health API for readiness: null
2025-01-30 04:04:04,562 INFO c.h.h.t.HelmChartContainer - [EVENT] Warning [Unhealthy] Readiness probe failed: HTTP probe failed with statuscode: 503 [helmcustomextensionit:test-hivemq-platform-0]
2025-01-30 04:04:04,563 INFO c.h.h.t.HelmChartContainer - Received Unhealthy event for container hivemq in pod test-hivemq-platform-0 [e8d7c48e-cbef-43d9-9b6a-ba750c2c7e17]
2025-01-30 04:04:07,759 INFO c.h.h.t.HelmChartContainer - [test-hivemq-platform] [hivemq] [e8d7c48e] Jan 30, 2025 4:04:07 AM io.vertx.core.impl.BlockedThreadChecker
2025-01-30 04:04:07,759 INFO c.h.h.t.HelmChartContainer - [test-hivemq-platform] [hivemq] [e8d7c48e] WARNING: Thread Thread[vert.x-eventloop-thread-1,5,main] has been blocked for 2400 ms, time limit is 2000 ms
2025-01-30 04:04:08,457 INFO c.h.h.t.HelmChartContainer - [test-hivemq-platform] [hivemq] [e8d7c48e] INFO  - [HiveMQ Platform Operator Init App 1.7.0-SNAPSHOT] Updating Pod HiveMQ Platform Operator Init App version annotation (version: 1.7.0-SNAPSHOT)
2025-01-30 04:04:09,371 INFO c.h.h.t.HelmChartContainer - [POD] test-hivemq-platform-0 [e8d7c48e-cbef-43d9-9b6a-ba750c2c7e17] in helmcustomextensionit was MODIFIED
2025-01-30 04:04:09,376 INFO c.h.h.t.HelmChartContainer - [hivemq-test-hivemq-platform] [hivemq-platform-operator] [82d9d207] 04:04:09.374 [pool-6-thread-14] DEBUG c.h.p.o.d.PlatformServiceResource - [helmcust] Desired Platform services (3 services)
2025-01-30 04:04:09,377 INFO c.h.h.t.HelmChartContainer - [hivemq-test-hivemq-platform] [hivemq-platform-operator] [82d9d207] 04:04:09.375 [pool-6-thread-16] DEBUG c.h.p.o.dependants.PodInfoConfigMap - [helmcust] Desired PodInfo ConfigMap (1 extensions) (1 enabled)
2025-01-30 04:04:09,379 INFO c.h.h.t.HelmChartContainer - [hivemq-test-hivemq-platform] [hivemq-platform-operator] [82d9d207] 04:04:09.377 [pool-6-thread-16] DEBUG c.h.p.o.dependants.PodInfoConfigMap - [helmcust] Desired PodInfo ConfigMap (metrics port: 9399) (metrics path: /)
2025-01-30 04:04:09,379 INFO c.h.h.t.HelmChartContainer - [hivemq-test-hivemq-platform] [hivemq-platform-operator] [82d9d207] 04:04:09.377 [pool-6-thread-16] DEBUG c.h.p.o.dependants.PodInfoConfigMap - [helmcust] Desired PodInfo ConfigMap (extension state hash: -2048767907)
2025-01-30 04:04:09,379 INFO c.h.h.t.HelmChartContainer - [hivemq-test-hivemq-platform] [hivemq-platform-operator] [82d9d207] 04:04:09.377 [pool-6-thread-18] DEBUG c.h.p.o.d.PodServiceAccountResource - [helmcust] Desired PodServiceAccountResource (serviceAccountName: hivemq-platform-pod-test-hivemq-platform)
2025-01-30 04:04:09,383 INFO c.h.h.t.HelmChartContainer - [hivemq-test-hivemq-platform] [hivemq-platform-operator] [82d9d207] 04:04:09.383 [pool-6-thread-14] DEBUG c.h.p.o.d.StatefulSetResource - [helmcust] Desired StatefulSet (1 replicas) for status STARTING (READY)
2025-01-30 04:04:09,388 INFO c.h.h.t.HelmChartContainer - [hivemq-test-hivemq-platform] [hivemq-platform-operator] [82d9d207] 04:04:09.386 [ReconcilerExecutor-hivemq-controller-110] INFO  c.h.p.o.HiveMQPlatformReconciler - [helmcust] Reconciling HiveMQ Platform 'test-hivemq-platform' in namespace 'helmcustomextensionit'
2025-01-30 04:04:09,388 INFO c.h.h.t.HelmChartContainer - [hivemq-test-hivemq-platform] [hivemq-platform-operator] [82d9d207] 04:04:09.386 [ReconcilerExecutor-hivemq-controller-110] DEBUG c.h.p.o.HiveMQPlatformReconciler - [helmcust] Custom Resource Status STARTING - HiveMQ Platform is starting (READY)
2025-01-30 04:04:09,388 INFO c.h.h.t.HelmChartContainer - [hivemq-test-hivemq-platform] [hivemq-platform-operator] [82d9d207] 04:04:09.386 [ReconcilerExecutor-hivemq-controller-110] DEBUG c.h.p.o.HiveMQPlatformReconciler - [helmcust] Custom Resource Spec (replicas: 1) (extensions: 1)
2025-01-30 04:04:09,439 INFO c.h.h.t.HelmChartContainer - [hivemq-test-hivemq-platform] [hivemq-platform-operator] [82d9d207] 04:04:09.438 [ReconcilerExecutor-hivemq-controller-110] DEBUG c.h.p.o.HiveMQPlatformReconciler - [helmcust] StatefulSet Status (revision: test-hivemq-platform-796ccc778, replicas: 1, available: 0, ready: 0, current: 1, updated: 1)
2025-01-30 04:04:09,441 INFO c.h.h.t.HelmChartContainer - [hivemq-test-hivemq-platform] [hivemq-platform-operator] [82d9d207] 04:04:09.438 [ReconcilerExecutor-hivemq-controller-110] DEBUG c.h.p.o.HiveMQPlatformReconciler - [helmcust] StatefulSet Spec (replicas: 1, init containers: 1, containers: 1, volumes: 3)
2025-01-30 04:04:09,441 INFO c.h.h.t.HelmChartContainer - [hivemq-test-hivemq-platform] [hivemq-platform-operator] [82d9d207] 04:04:09.439 [ReconcilerExecutor-hivemq-controller-110] DEBUG c.h.p.o.h.HiveMQPlatformReconcilerErrorHandler - [helmcust] Pod 'test-hivemq-platform-0' phase Running
2025-01-30 04:04:09,442 INFO c.h.h.t.HelmChartContainer - [hivemq-test-hivemq-platform] [hivemq-platform-operator] [82d9d207] 04:04:09.441 [ReconcilerExecutor-hivemq-controller-110] INFO  c.h.p.o.h.HiveMQPlatformReconcilerBaseHandler - [helmcust] HiveMQ Platform is starting, 0 of 1 replicas are ready
2025-01-30 04:04:09,456 INFO c.h.h.t.HelmChartContainer - [test-hivemq-platform] [hivemq] [e8d7c48e] WARN  - [HiveMQ Platform Operator Init App 1.7.0-SNAPSHOT] Cannot connect to Health API for readiness: null
2025-01-30 04:04:09,463 INFO c.h.h.t.HelmChartContainer - [EVENT] Warning [Unhealthy] Readiness probe failed: HTTP probe failed with statuscode: 503 [helmcustomextensionit:test-hivemq-platform-0]
2025-01-30 04:04:09,463 INFO c.h.h.t.HelmChartContainer - Received Unhealthy event for container hivemq in pod test-hivemq-platform-0 [e8d7c48e-cbef-43d9-9b6a-ba750c2c7e17]
2025-01-30 04:04:09,557 INFO c.h.h.t.HelmChartContainer - [test-hivemq-platform] [hivemq] [e8d7c48e] INFO  - [HiveMQ Platform Operator Init App 1.7.0-SNAPSHOT] Successfully updated Pod HiveMQ Platform Operator Init App version annotation (version: 1.7.0-SNAPSHOT)
2025-01-30 04:04:14,391 INFO c.h.h.t.HelmChartContainer - [test-hivemq-platform] [hivemq] [e8d7c48e] WARN  - [HiveMQ Platform Operator Init App 1.7.0-SNAPSHOT] Cannot connect to Health API for readiness: null
2025-01-30 04:04:14,395 INFO c.h.h.t.HelmChartContainer - [EVENT] Warning [Unhealthy] Readiness probe failed: HTTP probe failed with statuscode: 503 [helmcustomextensionit:test-hivemq-platform-0]
2025-01-30 04:04:14,396 INFO c.h.h.t.HelmChartContainer - Received Unhealthy event for container hivemq in pod test-hivemq-platform-0 [e8d7c48e-cbef-43d9-9b6a-ba750c2c7e17]
2025-01-30 04:04:19,392 INFO c.h.h.t.HelmChartContainer - [test-hivemq-platform] [hivemq] [e8d7c48e] WARN  - [HiveMQ Platform Operator Init App 1.7.0-SNAPSHOT] Cannot connect to Health API for readiness: null
2025-01-30 04:04:19,396 INFO c.h.h.t.HelmChartContainer - [EVENT] Warning [Unhealthy] Readiness probe failed: HTTP probe failed with statuscode: 503 [helmcustomextensionit:test-hivemq-platform-0]
2025-01-30 04:04:19,396 INFO c.h.h.t.HelmChartContainer - Received Unhealthy event for container hivemq in pod test-hivemq-platform-0 [e8d7c48e-cbef-43d9-9b6a-ba750c2c7e17]
2025-01-30 04:04:19,449 INFO c.h.h.t.HelmChartContainer - [hivemq-test-hivemq-platform] [hivemq-platform-operator] [82d9d207] 04:04:19.445 [pool-6-thread-27] DEBUG c.h.p.o.d.PlatformServiceResource - [helmcust] Desired Platform services (3 services)
2025-01-30 04:04:19,449 INFO c.h.h.t.HelmChartContainer - [hivemq-test-hivemq-platform] [hivemq-platform-operator] [82d9d207] 04:04:19.446 [pool-6-thread-22] DEBUG c.h.p.o.dependants.PodInfoConfigMap - [helmcust] Desired PodInfo ConfigMap (1 extensions) (1 enabled)
2025-01-30 04:04:19,449 INFO c.h.h.t.HelmChartContainer - [hivemq-test-hivemq-platform] [hivemq-platform-operator] [82d9d207] 04:04:19.446 [pool-6-thread-22] DEBUG c.h.p.o.dependants.PodInfoConfigMap - [helmcust] Desired PodInfo ConfigMap (metrics port: 9399) (metrics path: /)
2025-01-30 04:04:19,449 INFO c.h.h.t.HelmChartContainer - [hivemq-test-hivemq-platform] [hivemq-platform-operator] [82d9d207] 04:04:19.446 [pool-6-thread-22] DEBUG c.h.p.o.dependants.PodInfoConfigMap - [helmcust] Desired PodInfo ConfigMap (extension state hash: -2048767907)
2025-01-30 04:04:19,449 INFO c.h.h.t.HelmChartContainer - [hivemq-test-hivemq-platform] [hivemq-platform-operator] [82d9d207] 04:04:19.447 [pool-6-thread-21] DEBUG c.h.p.o.d.PodServiceAccountResource - [helmcust] Desired PodServiceAccountResource (serviceAccountName: hivemq-platform-pod-test-hivemq-platform)
2025-01-30 04:04:19,456 INFO c.h.h.t.HelmChartContainer - [hivemq-test-hivemq-platform] [hivemq-platform-operator] [82d9d207] 04:04:19.456 [pool-6-thread-21] DEBUG c.h.p.o.d.StatefulSetResource - [helmcust] Desired StatefulSet (1 replicas) for status STARTING (READY)
2025-01-30 04:04:19,463 INFO c.h.h.t.HelmChartContainer - [hivemq-test-hivemq-platform] [hivemq-platform-operator] [82d9d207] 04:04:19.463 [ReconcilerExecutor-hivemq-controller-111] INFO  c.h.p.o.HiveMQPlatformReconciler - [helmcust] Reconciling HiveMQ Platform 'test-hivemq-platform' in namespace 'helmcustomextensionit'
2025-01-30 04:04:19,463 INFO c.h.h.t.HelmChartContainer - [hivemq-test-hivemq-platform] [hivemq-platform-operator] [82d9d207] 04:04:19.463 [ReconcilerExecutor-hivemq-controller-111] DEBUG c.h.p.o.HiveMQPlatformReconciler - [helmcust] Custom Resource Status STARTING - HiveMQ Platform is starting (READY)
2025-01-30 04:04:19,464 INFO c.h.h.t.HelmChartContainer - [hivemq-test-hivemq-platform] [hivemq-platform-operator] [82d9d207] 04:04:19.463 [ReconcilerExecutor-hivemq-controller-111] DEBUG c.h.p.o.HiveMQPlatformReconciler - [helmcust] Custom Resource Spec (replicas: 1) (extensions: 1)
2025-01-30 04:04:19,466 INFO c.h.h.t.HelmChartContainer - [hivemq-test-hivemq-platform] [hivemq-platform-operator] [82d9d207] 04:04:19.465 [ReconcilerExecutor-hivemq-controller-111] DEBUG c.h.p.o.HiveMQPlatformReconciler - [helmcust] StatefulSet Status (revision: test-hivemq-platform-796ccc778, replicas: 1, available: 0, ready: 0, current: 1, updated: 1)
2025-01-30 04:04:19,466 INFO c.h.h.t.HelmChartContainer - [hivemq-test-hivemq-platform] [hivemq-platform-operator] [82d9d207] 04:04:19.465 [ReconcilerExecutor-hivemq-controller-111] DEBUG c.h.p.o.HiveMQPlatformReconciler - [helmcust] StatefulSet Spec (replicas: 1, init containers: 1, containers: 1, volumes: 3)
2025-01-30 04:04:19,538 INFO c.h.h.t.HelmChartContainer - [hivemq-test-hivemq-platform] [hivemq-platform-operator] [82d9d207] 04:04:19.537 [ReconcilerExecutor-hivemq-controller-111] DEBUG c.h.p.o.h.HiveMQPlatformReconcilerErrorHandler - [helmcust] Pod 'test-hivemq-platform-0' phase Running
2025-01-30 04:04:19,539 INFO c.h.h.t.HelmChartContainer - [hivemq-test-hivemq-platform] [hivemq-platform-operator] [82d9d207] 04:04:19.538 [ReconcilerExecutor-hivemq-controller-111] INFO  c.h.p.o.h.HiveMQPlatformReconcilerBaseHandler - [helmcust] HiveMQ Platform is starting, 0 of 1 replicas are ready
2025-01-30 04:04:20,756 INFO c.h.h.t.HelmChartContainer - [test-hivemq-platform] [hivemq] [e8d7c48e] WARN  - [HiveMQ Platform Operator Init App 1.7.0-SNAPSHOT] Cannot connect to Health API for liveness: null
2025-01-30 04:04:20,756 INFO c.h.h.t.HelmChartContainer - [test-hivemq-platform] [hivemq] [e8d7c48e] INFO  - [HiveMQ Platform Operator Init App 1.7.0-SNAPSHOT] Returning default Health API response 200 for liveness
2025-01-30 04:04:21,294 INFO c.h.h.t.HelmChartContainer - [test-hivemq-platform] [hivemq] [e8d7c48e] INFO  - No valid license file found. Using trial license, restricted to 25 connections.
2025-01-30 04:04:24,390 INFO c.h.h.t.HelmChartContainer - [test-hivemq-platform] [hivemq] [e8d7c48e] WARN  - [HiveMQ Platform Operator Init App 1.7.0-SNAPSHOT] Cannot connect to Health API for readiness: null
2025-01-30 04:04:24,395 INFO c.h.h.t.HelmChartContainer - [EVENT] Warning [Unhealthy] Readiness probe failed: HTTP probe failed with statuscode: 503 [helmcustomextensionit:test-hivemq-platform-0]
2025-01-30 04:04:24,395 INFO c.h.h.t.HelmChartContainer - Received Unhealthy event for container hivemq in pod test-hivemq-platform-0 [e8d7c48e-cbef-43d9-9b6a-ba750c2c7e17]
2025-01-30 04:04:24,752 INFO c.h.h.t.HelmChartContainer - [test-hivemq-platform] [hivemq] [e8d7c48e] INFO  - No valid license file for Data Hub found. Using free license, restricted to 1 policy.
2025-01-30 04:04:26,152 INFO c.h.h.t.HelmChartContainer - [test-hivemq-platform] [hivemq] [e8d7c48e] INFO  - Audit Logger started.
2025-01-30 04:04:26,460 INFO c.h.h.t.HelmChartContainer - [test-hivemq-platform] [hivemq] [e8d7c48e] INFO  - This node uses '1' CPU cores.
2025-01-30 04:04:26,464 INFO c.h.h.t.HelmChartContainer - [test-hivemq-platform] [hivemq] [e8d7c48e] INFO  - Starting HiveMQ Health API on address 0.0.0.0 and port 8889
2025-01-30 04:04:27,393 INFO c.h.h.t.HelmChartContainer - [test-hivemq-platform] [hivemq] [e8d7c48e] INFO  - Started HiveMQ Health API in 928ms
2025-01-30 04:04:27,955 INFO c.h.h.t.HelmChartContainer - [test-hivemq-platform] [hivemq] [e8d7c48e] INFO  - Starting HiveMQ extension system.
2025-01-30 04:04:28,190 INFO c.h.h.t.HelmChartContainer - [test-hivemq-platform] [hivemq] [e8d7c48e] INFO  - Starting extension with id "hivemq-dns-cluster-discovery" at /opt/hivemq/extensions/hivemq-dns-cluster-discovery
2025-01-30 04:04:28,693 INFO c.h.h.t.HelmChartContainer - [test-hivemq-platform] [hivemq] [e8d7c48e] INFO  - Using TCP cluster transport on address 10.42.0.12 and port 7000
2025-01-30 04:04:28,754 INFO c.h.h.t.HelmChartContainer - [test-hivemq-platform] [hivemq] [e8d7c48e] INFO  - Using extension cluster discovery
2025-01-30 04:04:28,789 INFO c.h.h.t.HelmChartContainer - [test-hivemq-platform] [hivemq] [e8d7c48e] INFO  - Extension "DNS Cluster Discovery Extension" version 4.3.2 started successfully.
2025-01-30 04:04:28,789 INFO c.h.h.t.HelmChartContainer - [test-hivemq-platform] [hivemq] [e8d7c48e] INFO  - Starting extension with id "hivemq-custom-test-extension" at /opt/hivemq/extensions/hivemq-custom-test-extension
2025-01-30 04:04:28,789 INFO c.h.h.t.HelmChartContainer - [test-hivemq-platform] [hivemq] [e8d7c48e] INFO  - HiveMQ Custom Test Extension started
2025-01-30 04:04:28,789 INFO c.h.h.t.HelmChartContainer - [test-hivemq-platform] [hivemq] [e8d7c48e] INFO  - Extension "HiveMQ Custom Test Extension" version 1.0.0 started successfully.
2025-01-30 04:04:28,789 INFO c.h.h.testcontainer.LogWaiterUtil - TEST Found log pattern on 'test-hivemq-platform-0': .*Extension "HiveMQ Custom Test Extension" version 1.0.0 started successfully.
2025-01-30 04:04:28,789 INFO c.h.h.t.HelmChartContainer - [test-hivemq-platform] [hivemq] [e8d7c48e] INFO  - Starting extension with id "hivemq-prometheus-extension" at /opt/hivemq/extensions/hivemq-prometheus-extension
2025-01-30 04:04:29,546 INFO c.h.h.t.HelmChartContainer - [hivemq-test-hivemq-platform] [hivemq-platform-operator] [82d9d207] 04:04:29.543 [pool-6-thread-32] DEBUG c.h.p.o.d.PlatformServiceResource - [helmcust] Desired Platform services (3 services)
2025-01-30 04:04:29,546 INFO c.h.h.t.HelmChartContainer - [hivemq-test-hivemq-platform] [hivemq-platform-operator] [82d9d207] 04:04:29.543 [pool-6-thread-36] DEBUG c.h.p.o.dependants.PodInfoConfigMap - [helmcust] Desired PodInfo ConfigMap (1 extensions) (1 enabled)
2025-01-30 04:04:29,546 INFO c.h.h.t.HelmChartContainer - [hivemq-test-hivemq-platform] [hivemq-platform-operator] [82d9d207] 04:04:29.543 [pool-6-thread-36] DEBUG c.h.p.o.dependants.PodInfoConfigMap - [helmcust] Desired PodInfo ConfigMap (metrics port: 9399) (metrics path: /)
2025-01-30 04:04:29,546 INFO c.h.h.t.HelmChartContainer - [hivemq-test-hivemq-platform] [hivemq-platform-operator] [82d9d207] 04:04:29.544 [pool-6-thread-36] DEBUG c.h.p.o.dependants.PodInfoConfigMap - [helmcust] Desired PodInfo ConfigMap (extension state hash: -2048767907)
2025-01-30 04:04:29,546 INFO c.h.h.t.HelmChartContainer - [hivemq-test-hivemq-platform] [hivemq-platform-operator] [82d9d207] 04:04:29.544 [pool-6-thread-36] DEBUG c.h.p.o.d.PodServiceAccountResource - [helmcust] Desired PodServiceAccountResource (serviceAccountName: hivemq-platform-pod-test-hivemq-platform)
2025-01-30 04:04:29,554 INFO c.h.h.t.HelmChartContainer - [hivemq-test-hivemq-platform] [hivemq-platform-operator] [82d9d207] 04:04:29.550 [pool-6-thread-32] DEBUG c.h.p.o.d.StatefulSetResource - [helmcust] Desired StatefulSet (1 replicas) for status STARTING (READY)
2025-01-30 04:04:29,555 INFO c.h.h.t.HelmChartContainer - [hivemq-test-hivemq-platform] [hivemq-platform-operator] [82d9d207] 04:04:29.554 [ReconcilerExecutor-hivemq-controller-112] INFO  c.h.p.o.HiveMQPlatformReconciler - [helmcust] Reconciling HiveMQ Platform 'test-hivemq-platform' in namespace 'helmcustomextensionit'
2025-01-30 04:04:29,556 INFO c.h.h.t.HelmChartContainer - [hivemq-test-hivemq-platform] [hivemq-platform-operator] [82d9d207] 04:04:29.555 [ReconcilerExecutor-hivemq-controller-112] DEBUG c.h.p.o.HiveMQPlatformReconciler - [helmcust] Custom Resource Status STARTING - HiveMQ Platform is starting (READY)
2025-01-30 04:04:29,556 INFO c.h.h.t.HelmChartContainer - [hivemq-test-hivemq-platform] [hivemq-platform-operator] [82d9d207] 04:04:29.555 [ReconcilerExecutor-hivemq-controller-112] DEBUG c.h.p.o.HiveMQPlatformReconciler - [helmcust] Custom Resource Spec (replicas: 1) (extensions: 1)
2025-01-30 04:04:29,557 INFO c.h.h.t.HelmChartContainer - [hivemq-test-hivemq-platform] [hivemq-platform-operator] [82d9d207] 04:04:29.556 [ReconcilerExecutor-hivemq-controller-112] DEBUG c.h.p.o.HiveMQPlatformReconciler - [helmcust] StatefulSet Status (revision: test-hivemq-platform-796ccc778, replicas: 1, available: 0, ready: 0, current: 1, updated: 1)
2025-01-30 04:04:29,558 INFO c.h.h.t.HelmChartContainer - [hivemq-test-hivemq-platform] [hivemq-platform-operator] [82d9d207] 04:04:29.556 [ReconcilerExecutor-hivemq-controller-112] DEBUG c.h.p.o.HiveMQPlatformReconciler - [helmcust] StatefulSet Spec (replicas: 1, init containers: 1, containers: 1, volumes: 3)
2025-01-30 04:04:29,559 INFO c.h.h.t.HelmChartContainer - [hivemq-test-hivemq-platform] [hivemq-platform-operator] [82d9d207] 04:04:29.558 [ReconcilerExecutor-hivemq-controller-112] DEBUG c.h.p.o.h.HiveMQPlatformReconcilerErrorHandler - [helmcust] Pod 'test-hivemq-platform-0' phase Running
2025-01-30 04:04:29,562 INFO c.h.h.t.HelmChartContainer - [hivemq-test-hivemq-platform] [hivemq-platform-operator] [82d9d207] 04:04:29.559 [ReconcilerExecutor-hivemq-controller-112] INFO  c.h.p.o.h.HiveMQPlatformReconcilerBaseHandler - [helmcust] HiveMQ Platform is starting, 0 of 1 replicas are ready
2025-01-30 04:04:29,692 INFO c.h.h.t.HelmChartContainer - [test-hivemq-platform] [hivemq] [e8d7c48e] INFO  - Started Jetty Server exposing Prometheus Servlet on URI http://0.0.0.0:9399/
2025-01-30 04:04:29,692 INFO c.h.h.t.HelmChartContainer - [test-hivemq-platform] [hivemq] [e8d7c48e] INFO  - Extension "Prometheus Monitoring Extension" version 4.0.12 started successfully.
2025-01-30 04:04:29,693 INFO c.h.h.t.HelmChartContainer - [test-hivemq-platform] [hivemq] [e8d7c48e] INFO  - Starting extension with id "hivemq-allow-all-extension" at /opt/hivemq/extensions/hivemq-allow-all-extension
2025-01-30 04:04:29,694 INFO c.h.h.t.HelmChartContainer - [test-hivemq-platform] [hivemq] [e8d7c48e] WARN  - 
2025-01-30 04:04:29,694 INFO c.h.h.t.HelmChartContainer - [test-hivemq-platform] [hivemq] [e8d7c48e] ################################################################################################################
2025-01-30 04:04:29,694 INFO c.h.h.t.HelmChartContainer - [test-hivemq-platform] [hivemq] [e8d7c48e] # This HiveMQ deployment is not secure! You are lacking Authentication and Authorization.                      #
2025-01-30 04:04:29,694 INFO c.h.h.t.HelmChartContainer - [test-hivemq-platform] [hivemq] [e8d7c48e] # Right now any MQTT client can connect to the broker with a full set of permissions.                          #
2025-01-30 04:04:29,694 INFO c.h.h.t.HelmChartContainer - [test-hivemq-platform] [hivemq] [e8d7c48e] # For production usage, add an appropriate security extension and remove the hivemq-allow-all extension.       #
2025-01-30 04:04:29,694 INFO c.h.h.t.HelmChartContainer - [test-hivemq-platform] [hivemq] [e8d7c48e] # You can download security extensions from the HiveMQ Marketplace (https://www.hivemq.com/extensions/).       #
2025-01-30 04:04:29,694 INFO c.h.h.t.HelmChartContainer - [test-hivemq-platform] [hivemq] [e8d7c48e] ################################################################################################################
2025-01-30 04:04:29,751 INFO c.h.h.t.HelmChartContainer - [test-hivemq-platform] [hivemq] [e8d7c48e] INFO  - Extension "Allow All Extension" version 1.1.1 started successfully.
2025-01-30 04:04:30,296 INFO c.h.h.t.HelmChartContainer - [test-hivemq-platform] [hivemq] [e8d7c48e] INFO  - [HiveMQ Platform Operator Init App 1.7.0-SNAPSHOT] Returning Health API response 503 for readiness
2025-01-30 04:04:30,300 INFO c.h.h.t.HelmChartContainer - [EVENT] Warning [Unhealthy] Readiness probe failed: HTTP probe failed with statuscode: 503 [helmcustomextensionit:test-hivemq-platform-0]
2025-01-30 04:04:30,300 INFO c.h.h.t.HelmChartContainer - Received Unhealthy event for container hivemq in pod test-hivemq-platform-0 [e8d7c48e-cbef-43d9-9b6a-ba750c2c7e17]
2025-01-30 04:04:32,187 INFO c.h.h.t.HelmChartContainer - [test-hivemq-platform] [hivemq] [e8d7c48e] INFO  - 3ezKA: no members discovered after 2799 ms: creating cluster as first member
2025-01-30 04:04:32,193 INFO c.h.h.t.HelmChartContainer - [test-hivemq-platform] [hivemq] [e8d7c48e] INFO  - Cluster nodes found by discovery: [3ezKA|0] (1) [3ezKA].
2025-01-30 04:04:32,292 INFO c.h.h.t.HelmChartContainer - [test-hivemq-platform] [hivemq] [e8d7c48e] WARN  - No user for HiveMQ Control Center configured. Starting with default user
2025-01-30 04:04:32,292 INFO c.h.h.t.HelmChartContainer - [test-hivemq-platform] [hivemq] [e8d7c48e] INFO  - Starting HiveMQ Control Center on address 0.0.0.0 and port 8080
2025-01-30 04:04:32,294 INFO c.h.h.t.HelmChartContainer - [test-hivemq-platform] [hivemq] [e8d7c48e] INFO  - Mounting HiveMQ Control Center V2 Preview
2025-01-30 04:04:32,385 INFO c.h.h.t.HelmChartContainer - [K3S] [INFO] COMPACT compactRev=0 targetCompactRev=2 currentRev=1176
2025-01-30 04:04:32,386 INFO c.h.h.t.HelmChartContainer - [K3S] [INFO] COMPACT deleted 0 rows from 2 revisions in 552.001µs - compacted to 2/1176
2025-01-30 04:04:32,386 INFO c.h.h.t.HelmChartContainer - [K3S] [INFO] COMPACT compacted from 0 to 2 in 1 transactions over 1ms
2025-01-30 04:04:32,988 INFO c.h.h.t.HelmChartContainer - [test-hivemq-platform] [hivemq] [e8d7c48e] INFO  - Started HiveMQ Control Center in 697ms
2025-01-30 04:04:33,001 INFO c.h.h.t.HelmChartContainer - [test-hivemq-platform] [hivemq] [e8d7c48e] INFO  - Starting TCP listener on address 0.0.0.0 and port 1883
2025-01-30 04:04:33,087 INFO c.h.h.t.HelmChartContainer - [test-hivemq-platform] [hivemq] [e8d7c48e] INFO  - Started TCP Listener on address 0.0.0.0 and on port 1883.
2025-01-30 04:04:33,087 INFO c.h.h.t.HelmChartContainer - [test-hivemq-platform] [hivemq] [e8d7c48e] INFO  - Started HiveMQ in 31923ms
2025-01-30 04:04:34,375 INFO c.h.h.t.HelmChartContainer - [test-hivemq-platform] [hivemq] [e8d7c48e] INFO  - [HiveMQ Platform Operator Init App 1.7.0-SNAPSHOT] Returning Health API response 200 for readiness
2025-01-30 04:04:34,385 INFO c.h.h.t.HelmChartContainer - [POD] test-hivemq-platform-0 [e8d7c48e-cbef-43d9-9b6a-ba750c2c7e17] in helmcustomextensionit was MODIFIED
2025-01-30 04:04:34,401 INFO c.h.h.t.HelmChartContainer - [hivemq-test-hivemq-platform] [hivemq-platform-operator] [82d9d207] 04:04:34.393 [pool-6-thread-45] DEBUG c.h.p.o.dependants.PodInfoConfigMap - [helmcust] Desired PodInfo ConfigMap (1 extensions) (1 enabled)
2025-01-30 04:04:34,401 INFO c.h.h.t.HelmChartContainer - [hivemq-test-hivemq-platform] [hivemq-platform-operator] [82d9d207] 04:04:34.394 [pool-6-thread-45] DEBUG c.h.p.o.dependants.PodInfoConfigMap - [helmcust] Desired PodInfo ConfigMap (metrics port: 9399) (metrics path: /)
2025-01-30 04:04:34,401 INFO c.h.h.t.HelmChartContainer - [hivemq-test-hivemq-platform] [hivemq-platform-operator] [82d9d207] 04:04:34.397 [pool-6-thread-45] DEBUG c.h.p.o.dependants.PodInfoConfigMap - [helmcust] Desired PodInfo ConfigMap (extension state hash: -2048767907)
2025-01-30 04:04:34,403 INFO c.h.h.t.HelmChartContainer - [hivemq-test-hivemq-platform] [hivemq-platform-operator] [82d9d207] 04:04:34.398 [pool-6-thread-47] DEBUG c.h.p.o.d.PlatformServiceResource - [helmcust] Desired Platform services (3 services)
2025-01-30 04:04:34,404 INFO c.h.h.t.HelmChartContainer - [hivemq-test-hivemq-platform] [hivemq-platform-operator] [82d9d207] 04:04:34.394 [pool-6-thread-43] DEBUG c.h.p.o.d.PodServiceAccountResource - [helmcust] Desired PodServiceAccountResource (serviceAccountName: hivemq-platform-pod-test-hivemq-platform)
2025-01-30 04:04:34,410 INFO c.h.h.t.HelmChartContainer - [hivemq-test-hivemq-platform] [hivemq-platform-operator] [82d9d207] 04:04:34.407 [pool-6-thread-47] DEBUG c.h.p.o.d.StatefulSetResource - [helmcust] Desired StatefulSet (1 replicas) for status STARTING (READY)
2025-01-30 04:04:34,495 INFO c.h.h.t.HelmChartContainer - [hivemq-test-hivemq-platform] [hivemq-platform-operator] [82d9d207] 04:04:34.492 [ReconcilerExecutor-hivemq-controller-113] INFO  c.h.p.o.HiveMQPlatformReconciler - [helmcust] Reconciling HiveMQ Platform 'test-hivemq-platform' in namespace 'helmcustomextensionit'
2025-01-30 04:04:34,495 INFO c.h.h.t.HelmChartContainer - [hivemq-test-hivemq-platform] [hivemq-platform-operator] [82d9d207] 04:04:34.492 [ReconcilerExecutor-hivemq-controller-113] DEBUG c.h.p.o.HiveMQPlatformReconciler - [helmcust] Custom Resource Status STARTING - HiveMQ Platform is starting (READY)
2025-01-30 04:04:34,495 INFO c.h.h.t.HelmChartContainer - [hivemq-test-hivemq-platform] [hivemq-platform-operator] [82d9d207] 04:04:34.492 [ReconcilerExecutor-hivemq-controller-113] DEBUG c.h.p.o.HiveMQPlatformReconciler - [helmcust] Custom Resource Spec (replicas: 1) (extensions: 1)
2025-01-30 04:04:34,495 INFO c.h.h.t.HelmChartContainer - [hivemq-test-hivemq-platform] [hivemq-platform-operator] [82d9d207] 04:04:34.494 [ReconcilerExecutor-hivemq-controller-113] DEBUG c.h.p.o.HiveMQPlatformReconciler - [helmcust] StatefulSet Status (revision: test-hivemq-platform-796ccc778, replicas: 1, available: 1, ready: 1, current: 1, updated: 1)
2025-01-30 04:04:34,495 INFO c.h.h.t.HelmChartContainer - [hivemq-test-hivemq-platform] [hivemq-platform-operator] [82d9d207] 04:04:34.494 [ReconcilerExecutor-hivemq-controller-113] DEBUG c.h.p.o.HiveMQPlatformReconciler - [helmcust] StatefulSet Spec (replicas: 1, init containers: 1, containers: 1, volumes: 3)
2025-01-30 04:04:34,498 INFO c.h.h.t.HelmChartContainer - [hivemq-test-hivemq-platform] [hivemq-platform-operator] [82d9d207] 04:04:34.498 [ReconcilerExecutor-hivemq-controller-113] DEBUG c.h.p.o.h.HiveMQPlatformReconcilerErrorHandler - [helmcust] Pod 'test-hivemq-platform-0' phase Running
2025-01-30 04:04:34,582 INFO c.h.h.t.HelmChartContainer - [hivemq-test-hivemq-platform] [hivemq-platform-operator] [82d9d207] 04:04:34.499 [ReconcilerExecutor-hivemq-controller-113] INFO  c.h.p.o.h.HiveMQPlatformReconcilerBaseHandler - [helmcust] HiveMQ Platform started successfully
2025-01-30 04:04:34,601 INFO c.h.h.t.HelmChartContainer - [hivemq-test-hivemq-platform] [hivemq-platform-operator] [82d9d207] 04:04:34.600 [ReconcilerExecutor-hivemq-controller-113] DEBUG c.h.p.operator.event.EventSender - [helmcust] Creating K8s event hivemq-platform-ready: [Ready] HiveMQ Platform is ready
2025-01-30 04:04:34,605 INFO c.h.h.t.HelmChartContainer - [EVENT] Normal [Ready] HiveMQ Platform is ready [helmcustomextensionit:test-hivemq-platform]
2025-01-30 04:04:34,606 INFO c.h.h.t.HelmChartContainer - [hivemq-test-hivemq-platform] [hivemq-platform-operator] [82d9d207] 04:04:34.605 [ReconcilerExecutor-hivemq-controller-113] INFO  c.h.p.o.h.AbstractHiveMQReconcilerStateHandler - [helmcust] Update HiveMQ Platform Status (STARTING [READY] -> RUNNING [READY]): HiveMQ Platform is ready
2025-01-30 04:04:34,614 DEBUG com.hivemq.helmcharts.util.K8sUtil - Comparing actual state 'RUNNING' and waiting for 'RUNNING'
2025-01-30 04:04:34,690 INFO c.h.h.t.HelmChartContainer - [hivemq-test-hivemq-platform] [hivemq-platform-operator] [82d9d207] 04:04:34.687 [pool-6-thread-4] DEBUG c.h.p.o.d.PlatformServiceResource - [helmcust] Desired Platform services (3 services)
2025-01-30 04:04:34,692 INFO c.h.h.t.HelmChartContainer - [hivemq-test-hivemq-platform] [hivemq-platform-operator] [82d9d207] 04:04:34.689 [pool-6-thread-7] DEBUG c.h.p.o.d.PodServiceAccountResource - [helmcust] Desired PodServiceAccountResource (serviceAccountName: hivemq-platform-pod-test-hivemq-platform)
2025-01-30 04:04:34,692 INFO c.h.h.t.HelmChartContainer - [hivemq-test-hivemq-platform] [hivemq-platform-operator] [82d9d207] 04:04:34.690 [pool-6-thread-9] DEBUG c.h.p.o.dependants.PodInfoConfigMap - [helmcust] Desired PodInfo ConfigMap (1 extensions) (1 enabled)
2025-01-30 04:04:34,693 INFO c.h.h.t.HelmChartContainer - [hivemq-test-hivemq-platform] [hivemq-platform-operator] [82d9d207] 04:04:34.691 [pool-6-thread-9] DEBUG c.h.p.o.dependants.PodInfoConfigMap - [helmcust] Desired PodInfo ConfigMap (metrics port: 9399) (metrics path: /)
2025-01-30 04:04:34,695 INFO c.h.h.t.HelmChartContainer - [hivemq-test-hivemq-platform] [hivemq-platform-operator] [82d9d207] 04:04:34.691 [pool-6-thread-9] DEBUG c.h.p.o.dependants.PodInfoConfigMap - [helmcust] Desired PodInfo ConfigMap (extension state hash: -2048767907)
2025-01-30 04:04:34,695 INFO c.h.h.t.HelmChartContainer - [hivemq-test-hivemq-platform] [hivemq-platform-operator] [82d9d207] 04:04:34.692 [pool-6-thread-9] DEBUG c.h.p.o.dependants.PodInfoConfigMap - [helmcust] Update PodInfo ConfigMap
2025-01-30 04:04:34,785 INFO c.h.h.t.HelmChartContainer - [hivemq-test-hivemq-platform] [hivemq-platform-operator] [82d9d207] 04:04:34.784 [pool-6-thread-9] DEBUG c.h.p.o.d.StatefulSetResource - [helmcust] Desired StatefulSet (1 replicas) for status RUNNING (READY)
2025-01-30 04:04:34,789 INFO c.h.h.t.HelmChartContainer - [hivemq-test-hivemq-platform] [hivemq-platform-operator] [82d9d207] 04:04:34.788 [ReconcilerExecutor-hivemq-controller-114] INFO  c.h.p.o.HiveMQPlatformReconciler - [helmcust] Reconciling HiveMQ Platform 'test-hivemq-platform' in namespace 'helmcustomextensionit'
2025-01-30 04:04:34,791 INFO c.h.h.t.HelmChartContainer - [hivemq-test-hivemq-platform] [hivemq-platform-operator] [82d9d207] 04:04:34.788 [ReconcilerExecutor-hivemq-controller-114] DEBUG c.h.p.o.HiveMQPlatformReconciler - [helmcust] Custom Resource Status RUNNING - HiveMQ Platform is ready (READY)
2025-01-30 04:04:34,792 INFO c.h.h.t.HelmChartContainer - [hivemq-test-hivemq-platform] [hivemq-platform-operator] [82d9d207] 04:04:34.788 [ReconcilerExecutor-hivemq-controller-114] DEBUG c.h.p.o.HiveMQPlatformReconciler - [helmcust] Custom Resource Spec (replicas: 1) (extensions: 1)
2025-01-30 04:04:34,793 INFO c.h.h.t.HelmChartContainer - [hivemq-test-hivemq-platform] [hivemq-platform-operator] [82d9d207] 04:04:34.790 [ReconcilerExecutor-hivemq-controller-114] DEBUG c.h.p.o.HiveMQPlatformReconciler - [helmcust] StatefulSet Status (revision: test-hivemq-platform-796ccc778, replicas: 1, available: 1, ready: 1, current: 1, updated: 1)
2025-01-30 04:04:34,793 INFO c.h.h.t.HelmChartContainer - [hivemq-test-hivemq-platform] [hivemq-platform-operator] [82d9d207] 04:04:34.791 [ReconcilerExecutor-hivemq-controller-114] DEBUG c.h.p.o.HiveMQPlatformReconciler - [helmcust] StatefulSet Spec (replicas: 1, init containers: 1, containers: 1, volumes: 3)
2025-01-30 04:04:34,793 INFO c.h.h.t.HelmChartContainer - [hivemq-test-hivemq-platform] [hivemq-platform-operator] [82d9d207] 04:04:34.792 [ReconcilerExecutor-hivemq-controller-114] DEBUG c.h.p.o.h.HiveMQPlatformReconcilerErrorHandler - [helmcust] Pod 'test-hivemq-platform-0' phase Running
2025-01-30 04:04:35,018 INFO c.h.h.t.HelmChartContainer - [K3S] [info.go:53] Couldn't collect info from any of the files in "/etc/machine-id,/var/lib/dbus/machine-id"
2025-01-30 04:04:36,622 INFO c.h.h.t.HelmChartContainer - Uninstalling release 'test-hivemq-platform' in namespace 'helmcustomextensionit'...
2025-01-30 04:04:36,622 DEBUG c.h.h.t.HelmChartContainer - Executing helm command: /bin/helm --kubeconfig /etc/rancher/k3s/k3s.yaml uninstall test-hivemq-platform  --wait --timeout 5m0s --cascade foreground --namespace helmcustomextensionit
2025-01-30 04:04:36,807 INFO c.h.h.t.HelmChartContainer - [hivemq-test-hivemq-platform] [hivemq-platform-operator] [82d9d207] 04:04:36.804 [pool-6-thread-11] DEBUG c.h.p.o.dependants.PodInfoConfigMap - [helmcust] Desired PodInfo ConfigMap (1 extensions) (1 enabled)
2025-01-30 04:04:36,814 INFO c.h.h.t.HelmChartContainer - [hivemq-test-hivemq-platform] [hivemq-platform-operator] [82d9d207] 04:04:36.806 [pool-6-thread-18] DEBUG c.h.p.o.d.PlatformServiceResource - [helmcust] Desired Platform services (3 services)
2025-01-30 04:04:36,817 INFO c.h.h.t.HelmChartContainer - [hivemq-test-hivemq-platform] [hivemq-platform-operator] [82d9d207] 04:04:36.806 [pool-6-thread-11] DEBUG c.h.p.o.dependants.PodInfoConfigMap - [helmcust] Desired PodInfo ConfigMap (metrics port: 9399) (metrics path: /)
2025-01-30 04:04:36,818 INFO c.h.h.t.HelmChartContainer - [hivemq-test-hivemq-platform] [hivemq-platform-operator] [82d9d207] 04:04:36.809 [pool-6-thread-11] DEBUG c.h.p.o.dependants.PodInfoConfigMap - [helmcust] Desired PodInfo ConfigMap (extension state hash: -2048767907)
2025-01-30 04:04:36,818 INFO c.h.h.t.HelmChartContainer - [hivemq-test-hivemq-platform] [hivemq-platform-operator] [82d9d207] 04:04:36.810 [pool-6-thread-13] DEBUG c.h.p.o.d.PodServiceAccountResource - [helmcust] Desired PodServiceAccountResource (serviceAccountName: hivemq-platform-pod-test-hivemq-platform)
2025-01-30 04:04:36,895 INFO c.h.h.t.HelmChartContainer - [hivemq-test-hivemq-platform] [hivemq-platform-operator] [82d9d207] 04:04:36.890 [pool-6-thread-18] DEBUG c.h.p.o.d.StatefulSetResource - [helmcust] Desired StatefulSet (1 replicas) for status RUNNING (READY)
2025-01-30 04:04:36,895 INFO c.h.h.t.HelmChartContainer - [hivemq-test-hivemq-platform] [hivemq-platform-operator] [82d9d207] 04:04:36.893 [pool-6-thread-18] DEBUG c.h.p.o.d.StatefulSetResource - [helmcust] Update StatefulSet (replicas: 1 -> 1)
2025-01-30 04:04:36,897 INFO c.h.h.t.HelmChartContainer - [hivemq-test-hivemq-platform] [hivemq-platform-operator] [82d9d207] 04:04:36.896 [pool-6-thread-18] DEBUG c.h.p.o.d.StatefulSetResource - [helmcust] Detected change in StatefulSet specification (path: /template/metadata/annotations/kubernetes-resource-versions) (actual value: {broker-configuration-v2=-2089688360}) (target value: {broker-configuration-v2=0})
2025-01-30 04:04:36,897 INFO c.h.h.t.HelmChartContainer - [hivemq-test-hivemq-platform] [hivemq-platform-operator] [82d9d207] 04:04:36.896 [pool-6-thread-18] INFO  c.h.p.o.d.StatefulSetResource - [helmcust] StatefulSet spec was updated, triggering rolling restart
2025-01-30 04:04:36,997 INFO c.h.h.t.HelmChartContainer - [hivemq-test-hivemq-platform] [hivemq-platform-operator] [82d9d207] 04:04:36.996 [ReconcilerExecutor-hivemq-controller-115] INFO  c.h.p.o.HiveMQPlatformReconciler - [helmcust] Reconciling HiveMQ Platform 'test-hivemq-platform' in namespace 'helmcustomextensionit'
2025-01-30 04:04:36,999 INFO c.h.h.t.HelmChartContainer - [hivemq-test-hivemq-platform] [hivemq-platform-operator] [82d9d207] 04:04:36.996 [ReconcilerExecutor-hivemq-controller-115] DEBUG c.h.p.o.HiveMQPlatformReconciler - [helmcust] Custom Resource Status RUNNING - HiveMQ Platform is ready (READY) (reconciliation requests: ROLLING_RESTART, REQUESTS_UPDATED)
2025-01-30 04:04:36,999 INFO c.h.h.t.HelmChartContainer - [hivemq-test-hivemq-platform] [hivemq-platform-operator] [82d9d207] 04:04:36.996 [ReconcilerExecutor-hivemq-controller-115] DEBUG c.h.p.o.HiveMQPlatformReconciler - [helmcust] Custom Resource Spec (replicas: 1) (extensions: 1)
2025-01-30 04:04:36,999 INFO c.h.h.t.HelmChartContainer - [hivemq-test-hivemq-platform] [hivemq-platform-operator] [82d9d207] 04:04:36.996 [ReconcilerExecutor-hivemq-controller-115] WARN  c.h.p.o.h.HiveMQPlatformReconcilerErrorHandler - [helmcust] Could not find ConfigMap 'hivemq-configuration-test-hivemq-platform' for HiveMQ Platform configuration
2025-01-30 04:04:37,091 INFO c.h.h.t.HelmChartContainer - [hivemq-test-hivemq-platform] [hivemq-platform-operator] [82d9d207] 04:04:37.090 [ReconcilerExecutor-hivemq-controller-115] DEBUG c.h.p.operator.event.EventSender - [helmcust] Creating K8s event hivemq-platform-invalid-configuration: [Start] Could not find ConfigMap 'hivemq-configuration-test-hivemq-platform' for HiveMQ Platform configuration
2025-01-30 04:04:37,095 INFO c.h.h.t.HelmChartContainer - [EVENT] Warning [Start] Could not find ConfigMap 'hivemq-configuration-test-hivemq-platform' for HiveMQ Platform configuration [helmcustomextensionit:test-hivemq-platform]
2025-01-30 04:04:37,096 INFO c.h.h.t.HelmChartContainer - [hivemq-test-hivemq-platform] [hivemq-platform-operator] [82d9d207] 04:04:37.095 [ReconcilerExecutor-hivemq-controller-115] INFO  c.h.p.o.h.AbstractHiveMQReconcilerStateHandler - [helmcust] Update HiveMQ Platform Status (RUNNING [READY] -> ERROR [INVALID_CONFIG_MAP]): Could not find ConfigMap 'hivemq-configuration-test-hivemq-platform' for HiveMQ Platform configuration (reconciliation requests: ROLLING_RESTART)
2025-01-30 04:04:37,106 INFO c.h.h.t.HelmChartContainer - [hivemq-test-hivemq-platform] [hivemq-platform-operator] [82d9d207] 04:04:37.102 [ReconcilerExecutor-hivemq-controller-115] ERROR i.j.o.p.event.EventProcessor - Error during event processing ExecutionScope{ resource id: ResourceID{name='test-hivemq-platform', namespace='helmcustomextensionit'}, version: 1187}
2025-01-30 04:04:37,106 INFO c.h.h.t.HelmChartContainer - [hivemq-test-hivemq-platform] [hivemq-platform-operator] [82d9d207] io.fabric8.kubernetes.client.KubernetesClientException: Failure executing: PUT at: https://10.43.0.1:443/apis/hivemq.com/v1/namespaces/helmcustomextensionit/hivemq-platforms/test-hivemq-platform/status. Message: Operation cannot be fulfilled on hivemq-platforms.hivemq.com "test-hivemq-platform": the object has been modified; please apply your changes to the latest version and try again. Received status: Status(apiVersion=v1, code=409, details=StatusDetails(causes=[], group=hivemq.com, kind=hivemq-platforms, name=test-hivemq-platform, retryAfterSeconds=null, uid=null, additionalProperties={}), kind=Status, message=Operation cannot be fulfilled on hivemq-platforms.hivemq.com "test-hivemq-platform": the object has been modified; please apply your changes to the latest version and try again, metadata=ListMeta(_continue=null, remainingItemCount=null, resourceVersion=null, selfLink=null, additionalProperties={}), reason=Conflict, status=Failure, additionalProperties={}).
2025-01-30 04:04:37,106 INFO c.h.h.t.HelmChartContainer - [hivemq-test-hivemq-platform] [hivemq-platform-operator] [82d9d207] 	at io.fabric8.kubernetes.client.KubernetesClientException.copyAsCause(KubernetesClientException.java:238)
2025-01-30 04:04:37,106 INFO c.h.h.t.HelmChartContainer - [hivemq-test-hivemq-platform] [hivemq-platform-operator] [82d9d207] 	at io.fabric8.kubernetes.client.dsl.internal.OperationSupport.waitForResult(OperationSupport.java:507)
2025-01-30 04:04:37,106 INFO c.h.h.t.HelmChartContainer - [hivemq-test-hivemq-platform] [hivemq-platform-operator] [82d9d207] 	at io.fabric8.kubernetes.client.dsl.internal.OperationSupport.handleResponse(OperationSupport.java:524)
2025-01-30 04:04:37,106 INFO c.h.h.t.HelmChartContainer - [hivemq-test-hivemq-platform] [hivemq-platform-operator] [82d9d207] 	at io.fabric8.kubernetes.client.dsl.internal.OperationSupport.handleUpdate(OperationSupport.java:358)
2025-01-30 04:04:37,106 INFO c.h.h.t.HelmChartContainer - [hivemq-test-hivemq-platform] [hivemq-platform-operator] [82d9d207] 	at io.fabric8.kubernetes.client.dsl.internal.BaseOperation.handleUpdate(BaseOperation.java:759)
2025-01-30 04:04:37,106 INFO c.h.h.t.HelmChartContainer - [hivemq-test-hivemq-platform] [hivemq-platform-operator] [82d9d207] 	at io.fabric8.kubernetes.client.dsl.internal.HasMetadataOperation.update(HasMetadataOperation.java:138)
2025-01-30 04:04:37,106 INFO c.h.h.t.HelmChartContainer - [hivemq-test-hivemq-platform] [hivemq-platform-operator] [82d9d207] 	at io.fabric8.kubernetes.client.dsl.internal.HasMetadataOperation.update(HasMetadataOperation.java:121)
2025-01-30 04:04:37,106 INFO c.h.h.t.HelmChartContainer - [hivemq-test-hivemq-platform] [hivemq-platform-operator] [82d9d207] 	at io.fabric8.kubernetes.client.dsl.internal.HasMetadataOperation.updateStatus(HasMetadataOperation.java:126)
2025-01-30 04:04:37,106 INFO c.h.h.t.HelmChartContainer - [hivemq-test-hivemq-platform] [hivemq-platform-operator] [82d9d207] 	at io.fabric8.kubernetes.client.dsl.internal.HasMetadataOperation.updateStatus(HasMetadataOperation.java:44)
2025-01-30 04:04:37,106 INFO c.h.h.t.HelmChartContainer - [hivemq-test-hivemq-platform] [hivemq-platform-operator] [82d9d207] 	at io.javaoperatorsdk.operator.processing.event.ReconciliationDispatcher$CustomResourceFacade.updateStatus(ReconciliationDispatcher.java:408)
2025-01-30 04:04:37,106 INFO c.h.h.t.HelmChartContainer - [hivemq-test-hivemq-platform] [hivemq-platform-operator] [82d9d207] 	at io.javaoperatorsdk.operator.processing.event.ReconciliationDispatcher.updateStatusGenerationAware(ReconciliationDispatcher.java:228)
2025-01-30 04:04:37,106 INFO c.h.h.t.HelmChartContainer - [hivemq-test-hivemq-platform] [hivemq-platform-operator] [82d9d207] 	at io.javaoperatorsdk.operator.processing.event.ReconciliationDispatcher.reconcileExecution(ReconciliationDispatcher.java:150)
2025-01-30 04:04:37,106 INFO c.h.h.t.HelmChartContainer - [hivemq-test-hivemq-platform] [hivemq-platform-operator] [82d9d207] 	at io.javaoperatorsdk.operator.processing.event.ReconciliationDispatcher.handleReconcile(ReconciliationDispatcher.java:117)
2025-01-30 04:04:37,106 INFO c.h.h.t.HelmChartContainer - [hivemq-test-hivemq-platform] [hivemq-platform-operator] [82d9d207] 	at io.javaoperatorsdk.operator.processing.event.ReconciliationDispatcher.handleDispatch(ReconciliationDispatcher.java:91)
2025-01-30 04:04:37,106 INFO c.h.h.t.HelmChartContainer - [hivemq-test-hivemq-platform] [hivemq-platform-operator] [82d9d207] 	at io.javaoperatorsdk.operator.processing.event.ReconciliationDispatcher.handleExecution(ReconciliationDispatcher.java:64)
2025-01-30 04:04:37,106 INFO c.h.h.t.HelmChartContainer - [hivemq-test-hivemq-platform] [hivemq-platform-operator] [82d9d207] 	at io.javaoperatorsdk.operator.processing.event.EventProcessor$ReconcilerExecutor.run(EventProcessor.java:452)
2025-01-30 04:04:37,106 INFO c.h.h.t.HelmChartContainer - [hivemq-test-hivemq-platform] [hivemq-platform-operator] [82d9d207] 	at java.base/java.util.concurrent.ThreadPoolExecutor.runWorker(Unknown Source)
2025-01-30 04:04:37,106 INFO c.h.h.t.HelmChartContainer - [hivemq-test-hivemq-platform] [hivemq-platform-operator] [82d9d207] 	at java.base/java.util.concurrent.ThreadPoolExecutor$Worker.run(Unknown Source)
2025-01-30 04:04:37,106 INFO c.h.h.t.HelmChartContainer - [hivemq-test-hivemq-platform] [hivemq-platform-operator] [82d9d207] 	at java.base/java.lang.Thread.run(Unknown Source)
2025-01-30 04:04:37,106 INFO c.h.h.t.HelmChartContainer - [hivemq-test-hivemq-platform] [hivemq-platform-operator] [82d9d207] Caused by: io.fabric8.kubernetes.client.KubernetesClientException: Failure executing: PUT at: https://10.43.0.1:443/apis/hivemq.com/v1/namespaces/helmcustomextensionit/hivemq-platforms/test-hivemq-platform/status. Message: Operation cannot be fulfilled on hivemq-platforms.hivemq.com "test-hivemq-platform": the object has been modified; please apply your changes to the latest version and try again. Received status: Status(apiVersion=v1, code=409, details=StatusDetails(causes=[], group=hivemq.com, kind=hivemq-platforms, name=test-hivemq-platform, retryAfterSeconds=null, uid=null, additionalProperties={}), kind=Status, message=Operation cannot be fulfilled on hivemq-platforms.hivemq.com "test-hivemq-platform": the object has been modified; please apply your changes to the latest version and try again, metadata=ListMeta(_continue=null, remainingItemCount=null, resourceVersion=null, selfLink=null, additionalProperties={}), reason=Conflict, status=Failure, additionalProperties={}).
2025-01-30 04:04:37,106 INFO c.h.h.t.HelmChartContainer - [hivemq-test-hivemq-platform] [hivemq-platform-operator] [82d9d207] 	at io.fabric8.kubernetes.client.dsl.internal.OperationSupport.requestFailure(OperationSupport.java:660)
2025-01-30 04:04:37,106 INFO c.h.h.t.HelmChartContainer - [hivemq-test-hivemq-platform] [hivemq-platform-operator] [82d9d207] 	at io.fabric8.kubernetes.client.dsl.internal.OperationSupport.requestFailure(OperationSupport.java:640)
2025-01-30 04:04:37,106 INFO c.h.h.t.HelmChartContainer - [hivemq-test-hivemq-platform] [hivemq-platform-operator] [82d9d207] 	at io.fabric8.kubernetes.client.dsl.internal.OperationSupport.assertResponseCode(OperationSupport.java:589)
2025-01-30 04:04:37,106 INFO c.h.h.t.HelmChartContainer - [hivemq-test-hivemq-platform] [hivemq-platform-operator] [82d9d207] 	at io.fabric8.kubernetes.client.dsl.internal.OperationSupport.lambda$handleResponse$0(OperationSupport.java:549)
2025-01-30 04:04:37,106 INFO c.h.h.t.HelmChartContainer - [hivemq-test-hivemq-platform] [hivemq-platform-operator] [82d9d207] 	at java.base/java.util.concurrent.CompletableFuture$UniApply.tryFire(Unknown Source)
2025-01-30 04:04:37,106 INFO c.h.h.t.HelmChartContainer - [hivemq-test-hivemq-platform] [hivemq-platform-operator] [82d9d207] 	at java.base/java.util.concurrent.CompletableFuture.postComplete(Unknown Source)
2025-01-30 04:04:37,106 INFO c.h.h.t.HelmChartContainer - [hivemq-test-hivemq-platform] [hivemq-platform-operator] [82d9d207] 	at java.base/java.util.concurrent.CompletableFuture.complete(Unknown Source)
2025-01-30 04:04:37,106 INFO c.h.h.t.HelmChartContainer - [hivemq-test-hivemq-platform] [hivemq-platform-operator] [82d9d207] 	at io.fabric8.kubernetes.client.http.StandardHttpClient.lambda$completeOrCancel$10(StandardHttpClient.java:141)
2025-01-30 04:04:37,106 INFO c.h.h.t.HelmChartContainer - [hivemq-test-hivemq-platform] [hivemq-platform-operator] [82d9d207] 	at java.base/java.util.concurrent.CompletableFuture.uniWhenComplete(Unknown Source)
2025-01-30 04:04:37,106 INFO c.h.h.t.HelmChartContainer - [hivemq-test-hivemq-platform] [hivemq-platform-operator] [82d9d207] 	at java.base/java.util.concurrent.CompletableFuture$UniWhenComplete.tryFire(Unknown Source)
2025-01-30 04:04:37,106 INFO c.h.h.t.HelmChartContainer - [hivemq-test-hivemq-platform] [hivemq-platform-operator] [82d9d207] 	at java.base/java.util.concurrent.CompletableFuture.postComplete(Unknown Source)
2025-01-30 04:04:37,106 INFO c.h.h.t.HelmChartContainer - [hivemq-test-hivemq-platform] [hivemq-platform-operator] [82d9d207] 	at java.base/java.util.concurrent.CompletableFuture.complete(Unknown Source)
2025-01-30 04:04:37,106 INFO c.h.h.t.HelmChartContainer - [hivemq-test-hivemq-platform] [hivemq-platform-operator] [82d9d207] 	at io.fabric8.kubernetes.client.http.ByteArrayBodyHandler.onBodyDone(ByteArrayBodyHandler.java:51)
2025-01-30 04:04:37,106 INFO c.h.h.t.HelmChartContainer - [hivemq-test-hivemq-platform] [hivemq-platform-operator] [82d9d207] 	at java.base/java.util.concurrent.CompletableFuture.uniWhenComplete(Unknown Source)
2025-01-30 04:04:37,106 INFO c.h.h.t.HelmChartContainer - [hivemq-test-hivemq-platform] [hivemq-platform-operator] [82d9d207] 	at java.base/java.util.concurrent.CompletableFuture$UniWhenComplete.tryFire(Unknown Source)
2025-01-30 04:04:37,107 INFO c.h.h.t.HelmChartContainer - [hivemq-test-hivemq-platform] [hivemq-platform-operator] [82d9d207] 	at java.base/java.util.concurrent.CompletableFuture.postComplete(Unknown Source)
2025-01-30 04:04:37,107 INFO c.h.h.t.HelmChartContainer - [hivemq-test-hivemq-platform] [hivemq-platform-operator] [82d9d207] 	at java.base/java.util.concurrent.CompletableFuture.complete(Unknown Source)
2025-01-30 04:04:37,107 INFO c.h.h.t.HelmChartContainer - [hivemq-test-hivemq-platform] [hivemq-platform-operator] [82d9d207] 	at io.fabric8.kubernetes.client.vertx.VertxHttpRequest.lambda$null$1(VertxHttpRequest.java:121)
2025-01-30 04:04:37,107 INFO c.h.h.t.HelmChartContainer - [hivemq-test-hivemq-platform] [hivemq-platform-operator] [82d9d207] 	at io.vertx.core.impl.ContextInternal.dispatch(ContextInternal.java:279)
2025-01-30 04:04:37,107 INFO c.h.h.t.HelmChartContainer - [hivemq-test-hivemq-platform] [hivemq-platform-operator] [82d9d207] 	at io.vertx.core.impl.ContextInternal.dispatch(ContextInternal.java:261)
2025-01-30 04:04:37,107 INFO c.h.h.t.HelmChartContainer - [hivemq-test-hivemq-platform] [hivemq-platform-operator] [82d9d207] 	at io.vertx.core.http.impl.HttpEventHandler.handleEnd(HttpEventHandler.java:76)
2025-01-30 04:04:37,107 INFO c.h.h.t.HelmChartContainer - [hivemq-test-hivemq-platform] [hivemq-platform-operator] [82d9d207] 	at io.vertx.core.http.impl.HttpClientResponseImpl.handleEnd(HttpClientResponseImpl.java:250)
2025-01-30 04:04:37,107 INFO c.h.h.t.HelmChartContainer - [hivemq-test-hivemq-platform] [hivemq-platform-operator] [82d9d207] 	at io.vertx.core.http.impl.Http1xClientConnection$StreamImpl.lambda$new$0(Http1xClientConnection.java:421)
2025-01-30 04:04:37,107 INFO c.h.h.t.HelmChartContainer - [hivemq-test-hivemq-platform] [hivemq-platform-operator] [82d9d207] 	at io.vertx.core.streams.impl.InboundBuffer.handleEvent(InboundBuffer.java:279)
2025-01-30 04:04:37,107 INFO c.h.h.t.HelmChartContainer - [hivemq-test-hivemq-platform] [hivemq-platform-operator] [82d9d207] 	at io.vertx.core.streams.impl.InboundBuffer.write(InboundBuffer.java:157)
2025-01-30 04:04:37,107 INFO c.h.h.t.HelmChartContainer - [hivemq-test-hivemq-platform] [hivemq-platform-operator] [82d9d207] 	at io.vertx.core.http.impl.Http1xClientConnection$StreamImpl.handleEnd(Http1xClientConnection.java:709)
2025-01-30 04:04:37,107 INFO c.h.h.t.HelmChartContainer - [hivemq-test-hivemq-platform] [hivemq-platform-operator] [82d9d207] 	at io.vertx.core.impl.ContextImpl.lambda$execute$4(ContextImpl.java:315)
2025-01-30 04:04:37,107 INFO c.h.h.t.HelmChartContainer - [hivemq-test-hivemq-platform] [hivemq-platform-operator] [82d9d207] 	at io.netty.util.concurrent.AbstractEventExecutor.runTask(AbstractEventExecutor.java:173)
2025-01-30 04:04:37,107 INFO c.h.h.t.HelmChartContainer - [hivemq-test-hivemq-platform] [hivemq-platform-operator] [82d9d207] 	at io.netty.util.concurrent.AbstractEventExecutor.safeExecute(AbstractEventExecutor.java:166)
2025-01-30 04:04:37,107 INFO c.h.h.t.HelmChartContainer - [hivemq-test-hivemq-platform] [hivemq-platform-operator] [82d9d207] 	at io.netty.util.concurrent.SingleThreadEventExecutor.runAllTasks(SingleThreadEventExecutor.java:472)
2025-01-30 04:04:37,107 INFO c.h.h.t.HelmChartContainer - [hivemq-test-hivemq-platform] [hivemq-platform-operator] [82d9d207] 	at io.netty.channel.nio.NioEventLoop.run(NioEventLoop.java:569)
2025-01-30 04:04:37,107 INFO c.h.h.t.HelmChartContainer - [hivemq-test-hivemq-platform] [hivemq-platform-operator] [82d9d207] 	at io.netty.util.concurrent.SingleThreadEventExecutor$4.run(SingleThreadEventExecutor.java:997)
2025-01-30 04:04:37,107 INFO c.h.h.t.HelmChartContainer - [hivemq-test-hivemq-platform] [hivemq-platform-operator] [82d9d207] 	at io.netty.util.internal.ThreadExecutorMap$2.run(ThreadExecutorMap.java:74)
2025-01-30 04:04:37,107 INFO c.h.h.t.HelmChartContainer - [hivemq-test-hivemq-platform] [hivemq-platform-operator] [82d9d207] 	at io.netty.util.concurrent.FastThreadLocalRunnable.run(FastThreadLocalRunnable.java:30)
2025-01-30 04:04:37,107 INFO c.h.h.t.HelmChartContainer - [hivemq-test-hivemq-platform] [hivemq-platform-operator] [82d9d207] 	... 1 common frames omitted
2025-01-30 04:04:37,189 INFO c.h.h.t.HelmChartContainer - [hivemq-test-hivemq-platform] [hivemq-platform-operator] [82d9d207] 04:04:37.188 [ReconcilerExecutor-hivemq-controller-119] INFO  c.h.p.o.HiveMQPlatformReconciler - [helmcust] Cleanup test-hivemq-platform - helmcustomextensionit HiveMQ Platform is shut down
2025-01-30 04:04:37,586 INFO c.h.h.t.HelmChartContainer - [POD] test-hivemq-platform-0 [e8d7c48e-cbef-43d9-9b6a-ba750c2c7e17] in helmcustomextensionit was MODIFIED
2025-01-30 04:04:37,590 INFO c.h.h.t.HelmChartContainer - [EVENT] Normal [Killing] Stopping container hivemq [helmcustomextensionit:test-hivemq-platform-0]
2025-01-30 04:04:37,590 INFO c.h.h.t.HelmChartContainer - Received Killing event for container hivemq in pod test-hivemq-platform-0 [e8d7c48e-cbef-43d9-9b6a-ba750c2c7e17]
2025-01-30 04:04:37,590 INFO c.h.h.t.HelmChartContainer - Container [test-hivemq-platform-0] [hivemq] [e8d7c48e-cbef-43d9-9b6a-ba750c2c7e17] was terminated
2025-01-30 04:04:37,590 INFO c.h.h.t.HelmChartContainer - Stopped log watcher for hivemq in pod test-hivemq-platform-0 [e8d7c48e-cbef-43d9-9b6a-ba750c2c7e17]
2025-01-30 04:04:37,600 INFO c.h.h.t.HelmChartContainer - [test-hivemq-platform] [hivemq] [e8d7c48e] INFO  - [HiveMQ Platform Operator Init App 1.7.0-SNAPSHOT] Shutting down
2025-01-30 04:04:37,601 INFO c.h.h.t.HelmChartContainer - [test-hivemq-platform] [hivemq] [e8d7c48e] INFO  - [HiveMQ Platform Operator Init App 1.7.0-SNAPSHOT] Stopping the HiveMQ Platform
2025-01-30 04:04:37,703 INFO c.h.h.t.HelmChartContainer - [test-hivemq-platform] [hivemq] [e8d7c48e] INFO  - Shutting down HiveMQ. Please wait, this could take a while...
2025-01-30 04:04:37,789 INFO c.h.h.t.HelmChartContainer - [test-hivemq-platform] [hivemq] [e8d7c48e] INFO  - Shutting down listeners and clients
2025-01-30 04:04:37,790 INFO c.h.h.t.HelmChartContainer - [test-hivemq-platform] [hivemq] [e8d7c48e] INFO  - Shutdown of listeners is done
2025-01-30 04:04:37,790 INFO c.h.h.t.HelmChartContainer - [test-hivemq-platform] [hivemq] [e8d7c48e] INFO  - No clients are connected, proceeding with shutdown
2025-01-30 04:04:38,851 INFO c.h.h.t.HelmChartContainer - Deleting namespace 'helmcustomextensionit'...
2025-01-30 04:04:39,370 INFO c.h.h.t.HelmChartContainer - [test-hivemq-platform] [hivemq] [e8d7c48e] INFO  - [HiveMQ Platform Operator Init App 1.7.0-SNAPSHOT] Returning shutdown Health API response 503 for readiness
2025-01-30 04:04:39,374 INFO c.h.h.t.HelmChartContainer - [EVENT] Warning [Unhealthy] Readiness probe failed: HTTP probe failed with statuscode: 503 [helmcustomextensionit:test-hivemq-platform-0]
2025-01-30 04:04:39,375 INFO c.h.h.t.HelmChartContainer - Received Unhealthy event for container hivemq in pod test-hivemq-platform-0 [e8d7c48e-cbef-43d9-9b6a-ba750c2c7e17]
2025-01-30 04:04:39,900 INFO c.h.h.t.HelmChartContainer - [K3S] [authentication.go:74] "Unable to authenticate the request" err="[invalid bearer token, serviceaccounts \"hivemq-platform-pod-test-hivemq-platform\" not found]"
2025-01-30 04:04:39,916 INFO c.h.h.t.HelmChartContainer - [K3S] [authentication.go:74] "Unable to authenticate the request" err="[invalid bearer token, serviceaccounts \"hivemq-platform-pod-test-hivemq-platform\" not found]"
2025-01-30 04:04:39,994 INFO c.h.h.t.HelmChartContainer - [test-hivemq-platform] [hivemq] [e8d7c48e] WARN  - [HiveMQ Platform Operator Init App 1.7.0-SNAPSHOT] Could not update Pod annotations: Failure executing: GET at: https://10.43.0.1:443/api/v1/namespaces/helmcustomextensionit/pods/test-hivemq-platform-0. Message: Unauthorized. Received status: Status(apiVersion=v1, code=401, details=null, kind=Status, message=Unauthorized, metadata=ListMeta(_continue=null, remainingItemCount=null, resourceVersion=null, selfLink=null, additionalProperties={}), reason=Unauthorized, status=Failure, additionalProperties={}).
2025-01-30 04:04:40,994 INFO c.h.h.t.HelmChartContainer - [test-hivemq-platform] [hivemq] [e8d7c48e] INFO  - Shutting down extension system
2025-01-30 04:04:40,996 INFO c.h.h.t.HelmChartContainer - [test-hivemq-platform] [hivemq] [e8d7c48e] INFO  - Stopping extension with id hivemq-dns-cluster-discovery
2025-01-30 04:04:40,997 INFO c.h.h.t.HelmChartContainer - [test-hivemq-platform] [hivemq] [e8d7c48e] INFO  - Extension "DNS Cluster Discovery Extension" version 4.3.2 stopped successfully.
2025-01-30 04:04:40,998 INFO c.h.h.t.HelmChartContainer - [test-hivemq-platform] [hivemq] [e8d7c48e] INFO  - Stopping extension with id hivemq-custom-test-extension
2025-01-30 04:04:40,998 INFO c.h.h.t.HelmChartContainer - [test-hivemq-platform] [hivemq] [e8d7c48e] INFO  - HiveMQ Custom Test Extension stopped
2025-01-30 04:04:40,998 INFO c.h.h.t.HelmChartContainer - [test-hivemq-platform] [hivemq] [e8d7c48e] INFO  - Extension "HiveMQ Custom Test Extension" version 1.0.0 stopped successfully.
2025-01-30 04:04:40,998 INFO c.h.h.t.HelmChartContainer - [test-hivemq-platform] [hivemq] [e8d7c48e] INFO  - Stopping extension with id hivemq-prometheus-extension
2025-01-30 04:04:41,002 INFO c.h.h.t.HelmChartContainer - [test-hivemq-platform] [hivemq] [e8d7c48e] INFO  - Extension "Prometheus Monitoring Extension" version 4.0.12 stopped successfully.
2025-01-30 04:04:41,002 INFO c.h.h.t.HelmChartContainer - [test-hivemq-platform] [hivemq] [e8d7c48e] INFO  - Stopping extension with id hivemq-allow-all-extension
2025-01-30 04:04:41,002 INFO c.h.h.t.HelmChartContainer - [test-hivemq-platform] [hivemq] [e8d7c48e] INFO  - Extension "Allow All Extension" version 1.1.1 stopped successfully.
2025-01-30 04:04:43,294 INFO c.h.h.t.HelmChartContainer - [test-hivemq-platform] [hivemq] [e8d7c48e] INFO  - Shutdown completed.
2025-01-30 04:04:43,695 INFO c.h.h.t.HelmChartContainer - [test-hivemq-platform] [hivemq] [e8d7c48e] INFO  - [HiveMQ Platform Operator Init App 1.7.0-SNAPSHOT] The HiveMQ Platform exited with code 143
2025-01-30 04:04:43,695 INFO c.h.h.t.HelmChartContainer - [test-hivemq-platform] [hivemq] [e8d7c48e] INFO  - [HiveMQ Platform Operator Init App 1.7.0-SNAPSHOT] Stopping the REST API
2025-01-30 04:04:43,704 INFO c.h.h.t.HelmChartContainer - [test-hivemq-platform] [hivemq] [e8d7c48e] INFO  - [HiveMQ Platform Operator Init App 1.7.0-SNAPSHOT] Shutdown complete
2025-01-30 04:04:43,995 INFO c.h.h.t.HelmChartContainer - [POD] nginx-85bd77b68d-gkjqx [4be17dfd-837e-4d82-8b83-a07ecbd67059] in helmcustomextensionit was MODIFIED
2025-01-30 04:04:43,996 INFO c.h.h.t.HelmChartContainer - [K3S] [replica_set.go:679] "Finished syncing" kind="ReplicaSet" key="helmcustomextensionit/nginx-85bd77b68d" duration="6.611322ms"
2025-01-30 04:04:43,996 INFO c.h.h.t.HelmChartContainer - [K3S] [replica_set.go:679] "Finished syncing" kind="ReplicaSet" key="helmcustomextensionit/nginx-85bd77b68d" duration="35.577µs"
2025-01-30 04:04:44,002 INFO c.h.h.t.HelmChartContainer - [nginx-85bd77b68d-gkj] [nginx] [4be17dfd] 2025/01/30 04:04:43 [notice] 1#1: signal 3 (SIGQUIT) received, shutting down
2025-01-30 04:04:44,002 INFO c.h.h.t.HelmChartContainer - [nginx-85bd77b68d-gkj] [nginx] [4be17dfd] 2025/01/30 04:04:44 [notice] 29#29: gracefully shutting down
2025-01-30 04:04:44,002 INFO c.h.h.t.HelmChartContainer - [nginx-85bd77b68d-gkj] [nginx] [4be17dfd] 2025/01/30 04:04:44 [notice] 29#29: exiting
2025-01-30 04:04:44,003 INFO c.h.h.t.HelmChartContainer - [nginx-85bd77b68d-gkj] [nginx] [4be17dfd] 2025/01/30 04:04:44 [notice] 31#31: gracefully shutting down
2025-01-30 04:04:44,003 INFO c.h.h.t.HelmChartContainer - [nginx-85bd77b68d-gkj] [nginx] [4be17dfd] 2025/01/30 04:04:44 [notice] 31#31: exiting
2025-01-30 04:04:44,003 INFO c.h.h.t.HelmChartContainer - [nginx-85bd77b68d-gkj] [nginx] [4be17dfd] 2025/01/30 04:04:44 [notice] 31#31: exit
2025-01-30 04:04:44,003 INFO c.h.h.t.HelmChartContainer - [nginx-85bd77b68d-gkj] [nginx] [4be17dfd] 2025/01/30 04:04:44 [notice] 30#30: gracefully shutting down
2025-01-30 04:04:44,003 INFO c.h.h.t.HelmChartContainer - [nginx-85bd77b68d-gkj] [nginx] [4be17dfd] 2025/01/30 04:04:44 [notice] 32#32: gracefully shutting down
2025-01-30 04:04:44,003 INFO c.h.h.t.HelmChartContainer - [nginx-85bd77b68d-gkj] [nginx] [4be17dfd] 2025/01/30 04:04:44 [notice] 30#30: exiting
2025-01-30 04:04:44,003 INFO c.h.h.t.HelmChartContainer - [nginx-85bd77b68d-gkj] [nginx] [4be17dfd] 2025/01/30 04:04:44 [notice] 30#30: exit
2025-01-30 04:04:44,004 INFO c.h.h.t.HelmChartContainer - [nginx-85bd77b68d-gkj] [nginx] [4be17dfd] 2025/01/30 04:04:44 [notice] 32#32: exiting
2025-01-30 04:04:44,004 INFO c.h.h.t.HelmChartContainer - [nginx-85bd77b68d-gkj] [nginx] [4be17dfd] 2025/01/30 04:04:44 [notice] 29#29: exit
2025-01-30 04:04:44,004 INFO c.h.h.t.HelmChartContainer - [nginx-85bd77b68d-gkj] [nginx] [4be17dfd] 2025/01/30 04:04:44 [notice] 32#32: exit
2025-01-30 04:04:44,012 INFO c.h.h.t.HelmChartContainer - [nginx-85bd77b68d-gkj] [nginx] [4be17dfd] 2025/01/30 04:04:44 [notice] 1#1: signal 17 (SIGCHLD) received from 30
2025-01-30 04:04:44,012 INFO c.h.h.t.HelmChartContainer - [nginx-85bd77b68d-gkj] [nginx] [4be17dfd] 2025/01/30 04:04:44 [notice] 1#1: worker process 30 exited with code 0
2025-01-30 04:04:44,013 INFO c.h.h.t.HelmChartContainer - [nginx-85bd77b68d-gkj] [nginx] [4be17dfd] 2025/01/30 04:04:44 [notice] 1#1: worker process 31 exited with code 0
2025-01-30 04:04:44,013 INFO c.h.h.t.HelmChartContainer - [nginx-85bd77b68d-gkj] [nginx] [4be17dfd] 2025/01/30 04:04:44 [notice] 1#1: signal 29 (SIGIO) received
2025-01-30 04:04:44,013 INFO c.h.h.t.HelmChartContainer - [nginx-85bd77b68d-gkj] [nginx] [4be17dfd] 2025/01/30 04:04:44 [notice] 1#1: signal 17 (SIGCHLD) received from 31
2025-01-30 04:04:44,014 INFO c.h.h.t.HelmChartContainer - [nginx-85bd77b68d-gkj] [nginx] [4be17dfd] 2025/01/30 04:04:44 [notice] 1#1: signal 17 (SIGCHLD) received from 29
2025-01-30 04:04:44,014 INFO c.h.h.t.HelmChartContainer - [nginx-85bd77b68d-gkj] [nginx] [4be17dfd] 2025/01/30 04:04:44 [notice] 1#1: worker process 29 exited with code 0
2025-01-30 04:04:44,014 INFO c.h.h.t.HelmChartContainer - [nginx-85bd77b68d-gkj] [nginx] [4be17dfd] 2025/01/30 04:04:44 [notice] 1#1: signal 29 (SIGIO) received
2025-01-30 04:04:44,015 INFO c.h.h.t.HelmChartContainer - [nginx-85bd77b68d-gkj] [nginx] [4be17dfd] 2025/01/30 04:04:44 [notice] 1#1: signal 17 (SIGCHLD) received from 32
2025-01-30 04:04:44,015 INFO c.h.h.t.HelmChartContainer - [nginx-85bd77b68d-gkj] [nginx] [4be17dfd] 2025/01/30 04:04:44 [notice] 1#1: worker process 32 exited with code 0
2025-01-30 04:04:44,016 INFO c.h.h.t.HelmChartContainer - [nginx-85bd77b68d-gkj] [nginx] [4be17dfd] 2025/01/30 04:04:44 [notice] 1#1: exit
2025-01-30 04:04:44,130 INFO c.h.h.t.HelmChartContainer - [K3S] [replica_set.go:679] "Finished syncing" kind="ReplicaSet" key="helmcustomextensionit/nginx-85bd77b68d" duration="5.29µs"
2025-01-30 04:04:44,195 INFO c.h.h.t.HelmChartContainer - [K3S] [stateful_set.go:466] "StatefulSet has been deleted" key="helmcustomextensionit/test-hivemq-platform"
2025-01-30 04:04:44,212 INFO c.h.h.t.HelmChartContainer - [POD] test-hivemq-platform-0 [e8d7c48e-cbef-43d9-9b6a-ba750c2c7e17] in helmcustomextensionit was MODIFIED
2025-01-30 04:04:44,226 INFO c.h.h.t.HelmChartContainer - [POD] nginx-85bd77b68d-gkjqx [4be17dfd-837e-4d82-8b83-a07ecbd67059] in helmcustomextensionit was MODIFIED
2025-01-30 04:04:44,287 INFO c.h.h.t.HelmChartContainer - [K3S] [reconciler_common.go:162] "operationExecutor.UnmountVolume started for volume \"pod-info\" (UniqueName: \"kubernetes.io/configmap/e8d7c48e-cbef-43d9-9b6a-ba750c2c7e17-pod-info\") pod \"e8d7c48e-cbef-43d9-9b6a-ba750c2c7e17\" (UID: \"e8d7c48e-cbef-43d9-9b6a-ba750c2c7e17\") "
2025-01-30 04:04:44,287 INFO c.h.h.t.HelmChartContainer - [K3S] [reconciler_common.go:162] "operationExecutor.UnmountVolume started for volume \"kube-api-access-gplv9\" (UniqueName: \"kubernetes.io/projected/4be17dfd-837e-4d82-8b83-a07ecbd67059-kube-api-access-gplv9\") pod \"4be17dfd-837e-4d82-8b83-a07ecbd67059\" (UID: \"4be17dfd-837e-4d82-8b83-a07ecbd67059\") "
2025-01-30 04:04:44,287 INFO c.h.h.t.HelmChartContainer - [K3S] [reconciler_common.go:162] "operationExecutor.UnmountVolume started for volume \"broker-configuration\" (UniqueName: \"kubernetes.io/configmap/e8d7c48e-cbef-43d9-9b6a-ba750c2c7e17-broker-configuration\") pod \"e8d7c48e-cbef-43d9-9b6a-ba750c2c7e17\" (UID: \"e8d7c48e-cbef-43d9-9b6a-ba750c2c7e17\") "
2025-01-30 04:04:44,287 INFO c.h.h.t.HelmChartContainer - [K3S] [reconciler_common.go:162] "operationExecutor.UnmountVolume started for volume \"operator-init\" (UniqueName: \"kubernetes.io/empty-dir/e8d7c48e-cbef-43d9-9b6a-ba750c2c7e17-operator-init\") pod \"e8d7c48e-cbef-43d9-9b6a-ba750c2c7e17\" (UID: \"e8d7c48e-cbef-43d9-9b6a-ba750c2c7e17\") "
2025-01-30 04:04:44,287 INFO c.h.h.t.HelmChartContainer - [K3S] [reconciler_common.go:162] "operationExecutor.UnmountVolume started for volume \"volume-hivemq-custom-test-extension-100\" (UniqueName: \"kubernetes.io/host-path/4be17dfd-837e-4d82-8b83-a07ecbd67059-volume-hivemq-custom-test-extension-100\") pod \"4be17dfd-837e-4d82-8b83-a07ecbd67059\" (UID: \"4be17dfd-837e-4d82-8b83-a07ecbd67059\") "
2025-01-30 04:04:44,287 INFO c.h.h.t.HelmChartContainer - [K3S] [reconciler_common.go:162] "operationExecutor.UnmountVolume started for volume \"kube-api-access-xdx6c\" (UniqueName: \"kubernetes.io/projected/e8d7c48e-cbef-43d9-9b6a-ba750c2c7e17-kube-api-access-xdx6c\") pod \"e8d7c48e-cbef-43d9-9b6a-ba750c2c7e17\" (UID: \"e8d7c48e-cbef-43d9-9b6a-ba750c2c7e17\") "
2025-01-30 04:04:44,388 INFO c.h.h.t.HelmChartContainer - [K3S] [reconciler_common.go:299] "Volume detached for volume \"volume-hivemq-custom-test-extension-100\" (UniqueName: \"kubernetes.io/host-path/4be17dfd-837e-4d82-8b83-a07ecbd67059-volume-hivemq-custom-test-extension-100\") on node \"19066f879d23\" DevicePath \"\""
2025-01-30 04:04:44,388 INFO c.h.h.t.HelmChartContainer - [K3S] [reconciler_common.go:299] "Volume detached for volume \"kube-api-access-xdx6c\" (UniqueName: \"kubernetes.io/projected/e8d7c48e-cbef-43d9-9b6a-ba750c2c7e17-kube-api-access-xdx6c\") on node \"19066f879d23\" DevicePath \"\""
2025-01-30 04:04:44,388 INFO c.h.h.t.HelmChartContainer - [K3S] [reconciler_common.go:299] "Volume detached for volume \"pod-info\" (UniqueName: \"kubernetes.io/configmap/e8d7c48e-cbef-43d9-9b6a-ba750c2c7e17-pod-info\") on node \"19066f879d23\" DevicePath \"\""
2025-01-30 04:04:44,388 INFO c.h.h.t.HelmChartContainer - [K3S] [reconciler_common.go:299] "Volume detached for volume \"kube-api-access-gplv9\" (UniqueName: \"kubernetes.io/projected/4be17dfd-837e-4d82-8b83-a07ecbd67059-kube-api-access-gplv9\") on node \"19066f879d23\" DevicePath \"\""
2025-01-30 04:04:44,388 INFO c.h.h.t.HelmChartContainer - [K3S] [reconciler_common.go:299] "Volume detached for volume \"broker-configuration\" (UniqueName: \"kubernetes.io/configmap/e8d7c48e-cbef-43d9-9b6a-ba750c2c7e17-broker-configuration\") on node \"19066f879d23\" DevicePath \"\""
2025-01-30 04:04:44,388 INFO c.h.h.t.HelmChartContainer - [K3S] [reconciler_common.go:299] "Volume detached for volume \"operator-init\" (UniqueName: \"kubernetes.io/empty-dir/e8d7c48e-cbef-43d9-9b6a-ba750c2c7e17-operator-init\") on node \"19066f879d23\" DevicePath \"\""
2025-01-30 04:04:44,542 INFO c.h.h.t.HelmChartContainer - [K3S] [scope.go:117] "RemoveContainer" containerID="b9f4aa640bf906535f3bf617f8222cf773d4df03cc463215bdf7f0b486cda20a"
2025-01-30 04:04:44,547 INFO c.h.h.t.HelmChartContainer - [K3S] [scope.go:117] "RemoveContainer" containerID="b9f4aa640bf906535f3bf617f8222cf773d4df03cc463215bdf7f0b486cda20a"
2025-01-30 04:04:44,548 INFO c.h.h.t.HelmChartContainer - Stopped log watcher for nginx in pod nginx-85bd77b68d-gkjqx [4be17dfd-837e-4d82-8b83-a07ecbd67059]
2025-01-30 04:04:44,548 INFO c.h.h.t.HelmChartContainer - [K3S] [scope.go:117] "RemoveContainer" containerID="26bd7bfaee32364e2eaf2da53b261a4d1fa0edefd72fa2124cb43c9ba80469e9"
2025-01-30 04:04:44,557 INFO c.h.h.t.HelmChartContainer - [POD] nginx-85bd77b68d-gkjqx [4be17dfd-837e-4d82-8b83-a07ecbd67059] in helmcustomextensionit was MODIFIED
2025-01-30 04:04:44,563 INFO c.h.h.t.HelmChartContainer - [POD] nginx-85bd77b68d-gkjqx [4be17dfd-837e-4d82-8b83-a07ecbd67059] in helmcustomextensionit was DELETED
2025-01-30 04:04:44,575 INFO c.h.h.t.HelmChartContainer - [POD] test-hivemq-platform-0 [e8d7c48e-cbef-43d9-9b6a-ba750c2c7e17] in helmcustomextensionit was MODIFIED
2025-01-30 04:04:44,580 INFO c.h.h.t.HelmChartContainer - [POD] test-hivemq-platform-0 [e8d7c48e-cbef-43d9-9b6a-ba750c2c7e17] in helmcustomextensionit was DELETED
2025-01-30 04:04:44,653 INFO c.h.h.t.HelmChartContainer - [K3S] [scope.go:117] "RemoveContainer" containerID="323cf942c76ebf202f33d5a58615a395e3eb2afef64639f021d83d88d7b454d4"
2025-01-30 04:04:44,656 INFO c.h.h.t.HelmChartContainer - [K3S] [scope.go:117] "RemoveContainer" containerID="26bd7bfaee32364e2eaf2da53b261a4d1fa0edefd72fa2124cb43c9ba80469e9"
2025-01-30 04:04:44,657 INFO c.h.h.t.HelmChartContainer - [K3S] [scope.go:117] "RemoveContainer" containerID="323cf942c76ebf202f33d5a58615a395e3eb2afef64639f021d83d88d7b454d4"
2025-01-30 04:04:45,010 INFO c.h.h.t.HelmChartContainer - [K3S] [kubelet_volumes.go:163] "Cleaned up orphaned pod volumes dir" podUID="4be17dfd-837e-4d82-8b83-a07ecbd67059" path="/var/lib/kubelet/pods/4be17dfd-837e-4d82-8b83-a07ecbd67059/volumes"
2025-01-30 04:04:45,010 INFO c.h.h.t.HelmChartContainer - [K3S] [kubelet_volumes.go:163] "Cleaned up orphaned pod volumes dir" podUID="e8d7c48e-cbef-43d9-9b6a-ba750c2c7e17" path="/var/lib/kubelet/pods/e8d7c48e-cbef-43d9-9b6a-ba750c2c7e17/volumes"
2025-01-30 04:04:49,384 INFO c.h.h.t.HelmChartContainer - Namespace 'helmcustomextensionit' deleted
2025-01-30 04:04:49,384 INFO c.h.h.t.HelmChartContainer - Release 'test-hivemq-platform' in namespace 'helmcustomextensionit' is uninstalled
2025-01-30 04:04:49,384 INFO c.h.h.t.HelmChartContainer - Uninstalling release 'test-hivemq-platform-operator' in namespace 'helmcustomextensionit-operator'...
2025-01-30 04:04:49,384 DEBUG c.h.h.t.HelmChartContainer - Executing helm command: /bin/helm --kubeconfig /etc/rancher/k3s/k3s.yaml uninstall test-hivemq-platform-operator  --wait --timeout 5m0s --cascade foreground --namespace helmcustomextensionit-operator
2025-01-30 04:04:49,542 INFO c.h.h.t.HelmChartContainer - [K3S] [replica_set.go:679] "Finished syncing" kind="ReplicaSet" key="helmcustomextensionit-operator/hivemq-test-hivemq-platform-operator-6966f96d65" duration="13.120529ms"
2025-01-30 04:04:49,543 INFO c.h.h.t.HelmChartContainer - [K3S] [replica_set.go:679] "Finished syncing" kind="ReplicaSet" key="helmcustomextensionit-operator/hivemq-test-hivemq-platform-operator-6966f96d65" duration="39.895µs"
2025-01-30 04:04:49,553 INFO c.h.h.t.HelmChartContainer - [POD] hivemq-test-hivemq-platform-operator-6966f96d65-kfql7 [82d9d207-8a13-4b93-9eb9-c42b7c0a7115] in helmcustomextensionit-operator was MODIFIED
2025-01-30 04:04:49,558 INFO c.h.h.t.HelmChartContainer - [EVENT] Normal [Killing] Stopping container hivemq-platform-operator [helmcustomextensionit-operator:hivemq-test-hivemq-platform-operator-6966f96d65-kfql7]
2025-01-30 04:04:49,558 INFO c.h.h.t.HelmChartContainer - Received Killing event for container hivemq-platform-operator in pod hivemq-test-hivemq-platform-operator-6966f96d65-kfql7 [82d9d207-8a13-4b93-9eb9-c42b7c0a7115]
2025-01-30 04:04:49,558 INFO c.h.h.t.HelmChartContainer - Container [hivemq-test-hivemq-platform-operator-6966f96d65-kfql7] [hivemq-platform-operator] [82d9d207-8a13-4b93-9eb9-c42b7c0a7115] was terminated
2025-01-30 04:04:49,558 INFO c.h.h.t.HelmChartContainer - Stopped log watcher for hivemq-platform-operator in pod hivemq-test-hivemq-platform-operator-6966f96d65-kfql7 [82d9d207-8a13-4b93-9eb9-c42b7c0a7115]
2025-01-30 04:04:49,563 INFO c.h.h.t.HelmChartContainer - [hivemq-test-hivemq-platform] [hivemq-platform-operator] [82d9d207] 04:04:49.560 [application-shutdown-thread] INFO  c.h.p.o.HiveMQPlatformOperatorApplication - HiveMQ Platform Operator is stopping...
2025-01-30 04:04:49,563 INFO c.h.h.t.HelmChartContainer - [hivemq-test-hivemq-platform] [hivemq-platform-operator] [82d9d207] 04:04:49.560 [application-shutdown-thread] INFO  i.javaoperatorsdk.operator.Operator - Operator SDK 4.9.7 is shutting down...
2025-01-30 04:04:49,572 INFO c.h.h.t.HelmChartContainer - [K3S] [replica_set.go:679] "Finished syncing" kind="ReplicaSet" key="helmcustomextensionit-operator/hivemq-test-hivemq-platform-operator-6966f96d65" duration="19.688015ms"
2025-01-30 04:04:49,572 INFO c.h.h.t.HelmChartContainer - [K3S] [replica_set.go:679] "Finished syncing" kind="ReplicaSet" key="helmcustomextensionit-operator/hivemq-test-hivemq-platform-operator-6966f96d65" duration="51.957µs"
2025-01-30 04:04:49,882 INFO c.h.h.t.HelmChartContainer - [K3S] [replica_set.go:679] "Finished syncing" kind="ReplicaSet" key="helmcustomextensionit-operator/hivemq-test-hivemq-platform-operator-6966f96d65" duration="43.621µs"
2025-01-30 04:04:49,883 INFO c.h.h.t.HelmChartContainer - [POD] hivemq-test-hivemq-platform-operator-6966f96d65-kfql7 [82d9d207-8a13-4b93-9eb9-c42b7c0a7115] in helmcustomextensionit-operator was MODIFIED
2025-01-30 04:04:49,916 INFO c.h.h.t.HelmChartContainer - [K3S] [reconciler_common.go:162] "operationExecutor.UnmountVolume started for volume \"kube-api-access-8q4h4\" (UniqueName: \"kubernetes.io/projected/82d9d207-8a13-4b93-9eb9-c42b7c0a7115-kube-api-access-8q4h4\") pod \"82d9d207-8a13-4b93-9eb9-c42b7c0a7115\" (UID: \"82d9d207-8a13-4b93-9eb9-c42b7c0a7115\") "
2025-01-30 04:04:50,017 INFO c.h.h.t.HelmChartContainer - [K3S] [reconciler_common.go:299] "Volume detached for volume \"kube-api-access-8q4h4\" (UniqueName: \"kubernetes.io/projected/82d9d207-8a13-4b93-9eb9-c42b7c0a7115-kube-api-access-8q4h4\") on node \"19066f879d23\" DevicePath \"\""
2025-01-30 04:04:50,565 INFO c.h.h.t.HelmChartContainer - [K3S] [scope.go:117] "RemoveContainer" containerID="df3b72d6ee22058cb1aa6b19a2880298f989a4706da2ea637109ee01eeabd7a5"
2025-01-30 04:04:50,568 INFO c.h.h.t.HelmChartContainer - [K3S] [scope.go:117] "RemoveContainer" containerID="df3b72d6ee22058cb1aa6b19a2880298f989a4706da2ea637109ee01eeabd7a5"
2025-01-30 04:04:50,576 INFO c.h.h.t.HelmChartContainer - [K3S] [replica_set.go:679] "Finished syncing" kind="ReplicaSet" key="helmcustomextensionit-operator/hivemq-test-hivemq-platform-operator-6966f96d65" duration="30.878µs"
2025-01-30 04:04:50,577 INFO c.h.h.t.HelmChartContainer - [POD] hivemq-test-hivemq-platform-operator-6966f96d65-kfql7 [82d9d207-8a13-4b93-9eb9-c42b7c0a7115] in helmcustomextensionit-operator was MODIFIED
2025-01-30 04:04:50,581 INFO c.h.h.t.HelmChartContainer - [POD] hivemq-test-hivemq-platform-operator-6966f96d65-kfql7 [82d9d207-8a13-4b93-9eb9-c42b7c0a7115] in helmcustomextensionit-operator was DELETED
2025-01-30 04:04:50,582 INFO c.h.h.t.HelmChartContainer - [K3S] [replica_set.go:679] "Finished syncing" kind="ReplicaSet" key="helmcustomextensionit-operator/hivemq-test-hivemq-platform-operator-6966f96d65" duration="3.448528ms"
2025-01-30 04:04:50,611 INFO c.h.h.t.HelmChartContainer - [K3S] [replica_set.go:679] "Finished syncing" kind="ReplicaSet" key="helmcustomextensionit-operator/hivemq-test-hivemq-platform-operator-6966f96d65" duration="7.965µs"
2025-01-30 04:04:51,009 INFO c.h.h.t.HelmChartContainer - [K3S] [kubelet_volumes.go:163] "Cleaned up orphaned pod volumes dir" podUID="82d9d207-8a13-4b93-9eb9-c42b7c0a7115" path="/var/lib/kubelet/pods/82d9d207-8a13-4b93-9eb9-c42b7c0a7115/volumes"
2025-01-30 04:04:51,583 INFO c.h.h.t.HelmChartContainer - Deleting namespace 'helmcustomextensionit-operator'...
2025-01-30 04:04:54,318 INFO c.h.h.t.HelmChartContainer - [K3S] [namespace_controller.go:187] "Namespace has been deleted" namespace="helmcustomextensionit"
2025-01-30 04:04:56,799 INFO c.h.h.t.HelmChartContainer - Namespace 'helmcustomextensionit-operator' deleted
2025-01-30 04:04:56,799 INFO c.h.h.t.HelmChartContainer - Release 'test-hivemq-platform-operator' in namespace 'helmcustomextensionit-operator' is uninstalled
2025-01-30 04:04:57,582 INFO c.h.helmcharts.AbstractHelmChartIT - Removed unused containers:

2025-01-30 04:05:01,705 INFO c.h.h.t.HelmChartContainer - [K3S] [namespace_controller.go:187] "Namespace has been deleted" namespace="helmcustomextensionit-operator"
2025-01-30 04:05:06,257 INFO c.h.helmcharts.AbstractHelmChartIT - Removed unused snapshots:
Removing snapshot sha256:03af251906410714c5aef9fa705b63f6bbc39c4a5e787de7361eeb18886c2ed2
Removing snapshot sha256:0c46b3b43cce082ce5ec34ffc6c294e0417d17b9d1e6f366d114b6aadc4f96dc
Removing snapshot sha256:0ce761beee59082d6ed5bcebd3a805b8ddd9b3426b617e4809e7fb7c6587ffec
Removing snapshot sha256:0df91287303208332c8ff6ba40ae4710105201739addbfbddfb955f1ad593664
Removing snapshot sha256:1021ef88c7974bfff89c5a0ec4fd3160daac6c48a075f74cff721f85dd104e68
Removing snapshot sha256:10aba4953ddc18145dd38e3704709bc464aa20af60b56fe52caaff4b68411e62
Removing snapshot sha256:2573e0d8158209ed54ab25c87bcdcb00bd3d2539246960a3d592a1c599d70465
Removing snapshot sha256:362a8a37f8bbc31925a8146adcf7cf51f9882f5c1dcbef67c5baa03a297543c0
Removing snapshot sha256:3fa4ad33f0ddc8fd45b39b6b4640f82a3a83619606cd975bfe89d8710ad2d4cd
Removing snapshot sha256:43a7c979bbaba6838bc3102d6b10a1459f3ab050b87ccdfef84ef90cf43d3058
Removing snapshot sha256:4ab04491cdf0d3267f08206fe30bd48f49f94b9cab2f016d6739220f722a64af
Removing snapshot sha256:4b27ea114c2c9f1c30082ffbbb4a706e9d205938a1bdf4cd60f5c5dd8da7e598
Removing snapshot sha256:4b6068250e89c96f263060261819c7d912855bfbd64b3eb4c4a8483299b8c295
Removing snapshot sha256:580e69a0a8034ede1921139bbd2bfb72a69ebf276d008281896c32dd8bf74775
Removing snapshot sha256:5d30ba46b27fe37484567ccc5242cadc78217b8da605f3f195ef25cbf7487904
Removing snapshot sha256:5ec183755d09a0a54d0f83e5a705f28f1606fe75660c13148fe125e4f12af39f
Removing snapshot sha256:63ca1fbb43ae5034640e5e6cb3e083e05c290072c5366fcaa9d62435a4cced85
Removing snapshot sha256:67f702c6baae873bceb19487c8b1f27bd2b86077e4f2f0e480e6d60ab508b8f5
Removing snapshot sha256:6864348dd42806d552efdec384f1274be15e2d0c10ce44c1f04347af004c10a9
Removing snapshot sha256:6c7dee8f2c39b84b7dc2711c01d33de93514d9055499173e9290176fbe484b6c
Removing snapshot sha256:82753493a6d61ded36556292f02f31841a14c20d2f279f19eaad65afb661d5cd
Removing snapshot sha256:8a10d3db42c505ee0fcfa98417bdd7e39b304f6bcc0a06bb1b220797ff2cc63c
Removing snapshot sha256:8ad081ee0d46efdea0492cd0bb527c50a8891276fd408ec1269522ac9d6d5580
Removing snapshot sha256:8f81ebdd022257df6bc855669b6b434b7963b58622aedec6fd241412030e8161
Removing snapshot sha256:a21e5b12dbac529ad45d976eb9ce45c881f3bedcc500fb30aba1e52aa1813418
Removing snapshot sha256:a8d62a6e94dbe8920ecfafa3b3aff0ef70aa26ca929f90b110db998eec09bab5
Removing snapshot sha256:ad858b4eee2d8f479065d1b8c650e13c815e75b2e4503c05a67cdc8880b0975a
Removing snapshot sha256:b921e6c28969094157f9b8e7244677780319637afd14450b7cb6b2fdea558a0c
Removing snapshot sha256:bc27ecb5769a00e309cf99ebc763c4a4b958b618d1decc96ffac5bc05f02f5b7
Removing snapshot sha256:be3ccb6627a5332e309d45ef461d09b4879dd870c7394d89323d0ebc6ca6aa8a
Removing snapshot sha256:c261f7cbbc64211ee175ee47273acdb7b1a36a4450b397a064a8f2c026490095
Removing snapshot sha256:c34d9393647eea0c9e3557ab988efaf59f61d10a2a5613b439ef0958cca5ec10
Removing snapshot sha256:ccf3c4a0fa967a41c1c83497a2ce6fa5787965859df0adb32c4ca2cf7490bc2b
Removing snapshot sha256:cf92d33f869417309692088c341cd0f223c178ea78a125f757317b22aa8f90e9
Removing snapshot sha256:d0037344cf2fb078884f1849f6a1f8cf9a33a3b6139b6a85833e5ee528e1f9a8
Removing snapshot sha256:d3b36d5b79273b1e98e7700470eaeff05a882e777124d84cebcc1505b85ecb36
Removing snapshot sha256:d65a44a37914602d12c611e5e22a50f11451d847e63015cc1c2aef92dee777a4
Removing snapshot sha256:e2dc0bae2455930f23ae570e019b7f32edc75c0f2d71cab084db837ff9051796
Removing snapshot sha256:eccbd24a99c60cd9e86ee5305dbfc4a4dc89f5ab4fb1f06c8d64797cecedef34
Removing snapshot sha256:f144bb4c7c7f0d2aa7eeffd36d934ec40db1ee167be727e326aad9fdc616f475

]]></system-out>
  </testcase>
  <testcase name="platformChart_whenCustomExtensionIsConfigured_withHttps_thenStartsUpSuccessfully()" classname="com.hivemq.helmcharts.extensions.HelmCustomExtensionIT" time="105.341">
    <system-out><![CDATA[2025-01-30 04:05:06,260 INFO c.h.h.t.HelmChartContainer - Creating namespace 'helmcustomextensionit-operator'...
2025-01-30 04:05:06,266 INFO c.h.h.t.HelmChartContainer - Namespace 'helmcustomextensionit-operator' created
2025-01-30 04:05:06,266 INFO c.h.h.t.HelmChartContainer - Creating namespace 'helmcustomextensionit'...
2025-01-30 04:05:06,271 INFO c.h.h.t.HelmChartContainer - Namespace 'helmcustomextensionit' created
2025-01-30 04:05:06,338 DEBUG c.h.h.t.HelmChartContainer - Executing helm command: /bin/helm --kubeconfig /etc/rancher/k3s/k3s.yaml install test-hivemq-platform-operator /charts/hivemq-platform-operator --wait --timeout 5m0s --set image.repository=docker.io/hivemq --set image.name=hivemq-platform-operator-test --set image.initImageName=hivemq-platform-operator-init-test --set image.tag=snapshot --set image.pullPolicy=Never --set logLevel=DEBUG --set resources.cpu=512m --namespace helmcustomextensionit-operator
2025-01-30 04:05:06,645 INFO c.h.h.t.HelmChartContainer - [K3S] [alloc.go:330] "allocated clusterIPs" service="helmcustomextensionit-operator/hivemq-platform-operator-test-hivemq-platform-operator" clusterIPs={"IPv4":"10.43.248.197"}
2025-01-30 04:05:06,669 INFO c.h.h.t.HelmChartContainer - [EVENT] Normal [ScalingReplicaSet] Scaled up replica set hivemq-test-hivemq-platform-operator-6966f96d65 from 0 to 1 [helmcustomextensionit-operator:hivemq-test-hivemq-platform-operator]
2025-01-30 04:05:06,670 INFO c.h.h.t.HelmChartContainer - [POD] hivemq-test-hivemq-platform-operator-6966f96d65-4xvvc [917d9e9c-20f4-4e7e-afbf-085e630e8489] in helmcustomextensionit-operator was ADDED
2025-01-30 04:05:06,680 INFO c.h.h.t.HelmChartContainer - [EVENT] Normal [SuccessfulCreate] Created pod: hivemq-test-hivemq-platform-operator-6966f96d65-4xvvc [helmcustomextensionit-operator:hivemq-test-hivemq-platform-operator-6966f96d65]
2025-01-30 04:05:06,680 INFO c.h.h.t.HelmChartContainer - [K3S] [memory_manager.go:355] "RemoveStaleState removing state" podUID="e8d7c48e-cbef-43d9-9b6a-ba750c2c7e17" containerName="hivemq"
2025-01-30 04:05:06,681 INFO c.h.h.t.HelmChartContainer - [POD] hivemq-test-hivemq-platform-operator-6966f96d65-4xvvc [917d9e9c-20f4-4e7e-afbf-085e630e8489] in helmcustomextensionit-operator was MODIFIED
2025-01-30 04:05:06,681 INFO c.h.h.t.HelmChartContainer - [K3S] [memory_manager.go:355] "RemoveStaleState removing state" podUID="82d9d207-8a13-4b93-9eb9-c42b7c0a7115" containerName="hivemq-platform-operator"
2025-01-30 04:05:06,681 INFO c.h.h.t.HelmChartContainer - [K3S] [memory_manager.go:355] "RemoveStaleState removing state" podUID="4be17dfd-837e-4d82-8b83-a07ecbd67059" containerName="nginx"
2025-01-30 04:05:06,682 INFO c.h.h.t.HelmChartContainer - [K3S] [replica_set.go:679] "Finished syncing" kind="ReplicaSet" key="helmcustomextensionit-operator/hivemq-test-hivemq-platform-operator-6966f96d65" duration="22.091993ms"
2025-01-30 04:05:06,685 INFO c.h.h.t.HelmChartContainer - [EVENT] Normal [Scheduled] Successfully assigned helmcustomextensionit-operator/hivemq-test-hivemq-platform-operator-6966f96d65-4xvvc to 19066f879d23 [helmcustomextensionit-operator:hivemq-test-hivemq-platform-operator-6966f96d65-4xvvc]
2025-01-30 04:05:06,695 INFO c.h.h.t.HelmChartContainer - [POD] hivemq-test-hivemq-platform-operator-6966f96d65-4xvvc [917d9e9c-20f4-4e7e-afbf-085e630e8489] in helmcustomextensionit-operator was MODIFIED
2025-01-30 04:05:06,697 INFO c.h.h.t.HelmChartContainer - [K3S] [replica_set.go:679] "Finished syncing" kind="ReplicaSet" key="helmcustomextensionit-operator/hivemq-test-hivemq-platform-operator-6966f96d65" duration="15.629112ms"
2025-01-30 04:05:06,710 INFO c.h.h.t.HelmChartContainer - [K3S] [replica_set.go:679] "Finished syncing" kind="ReplicaSet" key="helmcustomextensionit-operator/hivemq-test-hivemq-platform-operator-6966f96d65" duration="12.456339ms"
2025-01-30 04:05:06,710 INFO c.h.h.t.HelmChartContainer - [K3S] [replica_set.go:679] "Finished syncing" kind="ReplicaSet" key="helmcustomextensionit-operator/hivemq-test-hivemq-platform-operator-6966f96d65" duration="54.643µs"
2025-01-30 04:05:06,722 INFO c.h.h.t.HelmChartContainer - [K3S] [reconciler_common.go:251] "operationExecutor.VerifyControllerAttachedVolume started for volume \"kube-api-access-qx2tr\" (UniqueName: \"kubernetes.io/projected/917d9e9c-20f4-4e7e-afbf-085e630e8489-kube-api-access-qx2tr\") pod \"hivemq-test-hivemq-platform-operator-6966f96d65-4xvvc\" (UID: \"917d9e9c-20f4-4e7e-afbf-085e630e8489\") " pod="helmcustomextensionit-operator/hivemq-test-hivemq-platform-operator-6966f96d65-4xvvc"
2025-01-30 04:05:07,086 INFO c.h.h.t.HelmChartContainer - [EVENT] Normal [Pulled] Container image "docker.io/hivemq/hivemq-platform-operator-test:snapshot" already present on machine [helmcustomextensionit-operator:hivemq-test-hivemq-platform-operator-6966f96d65-4xvvc]
2025-01-30 04:05:07,086 INFO c.h.h.t.HelmChartContainer - Received Pulled event for container hivemq-platform-operator in pod hivemq-test-hivemq-platform-operator-6966f96d65-4xvvc [917d9e9c-20f4-4e7e-afbf-085e630e8489]
2025-01-30 04:05:08,344 INFO c.h.h.t.HelmChartContainer - [EVENT] Normal [Created] Created container: hivemq-platform-operator [helmcustomextensionit-operator:hivemq-test-hivemq-platform-operator-6966f96d65-4xvvc]
2025-01-30 04:05:08,344 INFO c.h.h.t.HelmChartContainer - Received Created event for container hivemq-platform-operator in pod hivemq-test-hivemq-platform-operator-6966f96d65-4xvvc [917d9e9c-20f4-4e7e-afbf-085e630e8489]
2025-01-30 04:05:08,608 INFO c.h.h.t.HelmChartContainer - [K3S] [replica_set.go:679] "Finished syncing" kind="ReplicaSet" key="helmcustomextensionit-operator/hivemq-test-hivemq-platform-operator-6966f96d65" duration="39.444µs"
2025-01-30 04:05:08,610 INFO c.h.h.t.HelmChartContainer - [POD] hivemq-test-hivemq-platform-operator-6966f96d65-4xvvc [917d9e9c-20f4-4e7e-afbf-085e630e8489] in helmcustomextensionit-operator was MODIFIED
2025-01-30 04:05:08,620 INFO c.h.h.t.HelmChartContainer - [EVENT] Normal [Started] Started container hivemq-platform-operator [helmcustomextensionit-operator:hivemq-test-hivemq-platform-operator-6966f96d65-4xvvc]
2025-01-30 04:05:08,621 INFO c.h.h.t.HelmChartContainer - Started log watcher for hivemq-platform-operator in pod hivemq-test-hivemq-platform-operator-6966f96d65-4xvvc [917d9e9c-20f4-4e7e-afbf-085e630e8489]
2025-01-30 04:05:08,621 INFO c.h.h.t.HelmChartContainer - [hivemq-test-hivemq-platform] [hivemq-platform-operator] [917d9e9c] -------------------------------------------------------------------------
2025-01-30 04:05:08,621 INFO c.h.h.t.HelmChartContainer - [hivemq-test-hivemq-platform] [hivemq-platform-operator] [917d9e9c] 
2025-01-30 04:05:08,621 INFO c.h.h.t.HelmChartContainer - [hivemq-test-hivemq-platform] [hivemq-platform-operator] [917d9e9c]                   _    _  _              __  __   ____
2025-01-30 04:05:08,621 INFO c.h.h.t.HelmChartContainer - [hivemq-test-hivemq-platform] [hivemq-platform-operator] [917d9e9c]                  | |  | |(_)            |  \/  | / __ \
2025-01-30 04:05:08,621 INFO c.h.h.t.HelmChartContainer - [hivemq-test-hivemq-platform] [hivemq-platform-operator] [917d9e9c]                  | |__| | _ __   __ ___ | \  / || |  | |
2025-01-30 04:05:08,621 INFO c.h.h.t.HelmChartContainer - [hivemq-test-hivemq-platform] [hivemq-platform-operator] [917d9e9c]                  |  __  || |\ \ / // _ \| |\/| || |  | |
2025-01-30 04:05:08,621 INFO c.h.h.t.HelmChartContainer - [hivemq-test-hivemq-platform] [hivemq-platform-operator] [917d9e9c]                  | |  | || | \ V /|  __/| |  | || |__| |
2025-01-30 04:05:08,621 INFO c.h.h.t.HelmChartContainer - [hivemq-test-hivemq-platform] [hivemq-platform-operator] [917d9e9c]                  |_|  |_||_|  \_/  \___||_|  |_| \___\_\
2025-01-30 04:05:08,621 INFO c.h.h.t.HelmChartContainer - [hivemq-test-hivemq-platform] [hivemq-platform-operator] [917d9e9c] 
2025-01-30 04:05:08,621 INFO c.h.h.t.HelmChartContainer - [hivemq-test-hivemq-platform] [hivemq-platform-operator] [917d9e9c] -------------------------------------------------------------------------
2025-01-30 04:05:08,621 INFO c.h.h.t.HelmChartContainer - [hivemq-test-hivemq-platform] [hivemq-platform-operator] [917d9e9c] 
2025-01-30 04:05:08,621 INFO c.h.h.t.HelmChartContainer - [hivemq-test-hivemq-platform] [hivemq-platform-operator] [917d9e9c]   HiveMQ Platform Operator Start Script v1.0
2025-01-30 04:05:08,621 INFO c.h.h.t.HelmChartContainer - [hivemq-test-hivemq-platform] [hivemq-platform-operator] [917d9e9c] 
2025-01-30 04:05:08,621 INFO c.h.h.t.HelmChartContainer - [hivemq-test-hivemq-platform] [hivemq-platform-operator] [917d9e9c] -------------------------------------------------------------------------
2025-01-30 04:05:08,621 INFO c.h.h.t.HelmChartContainer - [hivemq-test-hivemq-platform] [hivemq-platform-operator] [917d9e9c] 
2025-01-30 04:05:08,621 INFO c.h.h.t.HelmChartContainer - [hivemq-test-hivemq-platform] [hivemq-platform-operator] [917d9e9c]   JAVA_OPTS: -XX:+UnlockExperimentalVMOptions -XX:InitialRAMPercentage=75 -XX:MaxRAMPercentage=75 -Duser.language=en -Duser.region=US
2025-01-30 04:05:08,621 INFO c.h.h.t.HelmChartContainer - [hivemq-test-hivemq-platform] [hivemq-platform-operator] [917d9e9c] 
2025-01-30 04:05:08,621 INFO c.h.h.t.HelmChartContainer - [hivemq-test-hivemq-platform] [hivemq-platform-operator] [917d9e9c]   JAVA_VERSION: 21
2025-01-30 04:05:08,621 INFO c.h.h.t.HelmChartContainer - [hivemq-test-hivemq-platform] [hivemq-platform-operator] [917d9e9c] 
2025-01-30 04:05:08,621 INFO c.h.h.t.HelmChartContainer - [hivemq-test-hivemq-platform] [hivemq-platform-operator] [917d9e9c] -------------------------------------------------------------------------
2025-01-30 04:05:08,621 INFO c.h.h.t.HelmChartContainer - [hivemq-test-hivemq-platform] [hivemq-platform-operator] [917d9e9c] 
2025-01-30 04:05:08,621 INFO c.h.h.t.HelmChartContainer - Received Started event for container hivemq-platform-operator in pod hivemq-test-hivemq-platform-operator-6966f96d65-4xvvc [917d9e9c-20f4-4e7e-afbf-085e630e8489]
2025-01-30 04:05:11,649 INFO c.h.h.t.HelmChartContainer - [hivemq-test-hivemq-platform] [hivemq-platform-operator] [917d9e9c] 04:05:11.602 [main] DEBUG org.jboss.logging - Logging Provider: org.jboss.logging.Slf4jLoggerProvider
2025-01-30 04:05:11,792 INFO c.h.h.t.HelmChartContainer - [hivemq-test-hivemq-platform] [hivemq-platform-operator] [917d9e9c] 04:05:11.791 [main] DEBUG io.smallrye.config - SRCFG01006: Loaded ConfigSource SysPropConfigSource with ordinal 400
2025-01-30 04:05:11,793 INFO c.h.h.t.HelmChartContainer - [hivemq-test-hivemq-platform] [hivemq-platform-operator] [917d9e9c] 04:05:11.791 [main] DEBUG io.smallrye.config - SRCFG01006: Loaded ConfigSource EnvConfigSource with ordinal 300
2025-01-30 04:05:11,793 INFO c.h.h.t.HelmChartContainer - [hivemq-test-hivemq-platform] [hivemq-platform-operator] [917d9e9c] 04:05:11.791 [main] DEBUG io.smallrye.config - SRCFG01006: Loaded ConfigSource PropertiesConfigSource[source=jar:file:///opt/hivemq-platform-operator/bin/hivemq-platform-operator.jar!/hivemq-platform-operator.properties] with ordinal 100
2025-01-30 04:05:11,793 INFO c.h.h.t.HelmChartContainer - [hivemq-test-hivemq-platform] [hivemq-platform-operator] [917d9e9c] 04:05:11.791 [main] DEBUG io.smallrye.config - SRCFG01006: Loaded ConfigSource DefaultValuesConfigSource with ordinal -2147483648
2025-01-30 04:05:11,854 INFO c.h.h.t.HelmChartContainer - [hivemq-test-hivemq-platform] [hivemq-platform-operator] [917d9e9c] 04:05:11.853 [main] DEBUG i.m.c.u.i.l.InternalLoggerFactory - Using SLF4J as the default logging framework
2025-01-30 04:05:12,002 INFO c.h.h.t.HelmChartContainer - [hivemq-test-hivemq-platform] [hivemq-platform-operator] [917d9e9c] 04:05:11.993 [main] INFO  c.h.p.o.HiveMQPlatformOperatorApplication - HiveMQ Platform Operator 1.7.0-SNAPSHOT (commit: 47e3375 on branch: HEAD) built on Thu Jan 30 03:55:50 UTC 2025
2025-01-30 04:05:12,002 INFO c.h.h.t.HelmChartContainer - [hivemq-test-hivemq-platform] [hivemq-platform-operator] [917d9e9c] 04:05:12.000 [main] INFO  c.h.p.o.HiveMQPlatformOperatorApplication - HiveMQ Platform Operator is running in namespace: helmcustomextensionit-operator
2025-01-30 04:05:12,002 INFO c.h.h.t.HelmChartContainer - [hivemq-test-hivemq-platform] [hivemq-platform-operator] [917d9e9c] 04:05:12.000 [main] INFO  c.h.p.o.HiveMQPlatformOperatorApplication - Watching all namespaces
2025-01-30 04:05:12,002 INFO c.h.h.t.HelmChartContainer - [hivemq-test-hivemq-platform] [hivemq-platform-operator] [917d9e9c] 04:05:12.001 [main] INFO  c.h.p.o.HiveMQPlatformOperatorApplication - Log level: DEBUG
2025-01-30 04:05:12,002 INFO c.h.h.t.HelmChartContainer - [hivemq-test-hivemq-platform] [hivemq-platform-operator] [917d9e9c] 04:05:12.001 [main] INFO  c.h.p.o.HiveMQPlatformOperatorApplication - Release name: test-hivemq-platform-operator
2025-01-30 04:05:12,002 INFO c.h.h.t.HelmChartContainer - [hivemq-test-hivemq-platform] [hivemq-platform-operator] [917d9e9c] 04:05:12.001 [main] INFO  c.h.p.o.HiveMQPlatformOperatorApplication - HiveMQ Platform Operator Init image: docker.io/hivemq/hivemq-platform-operator-init-test:snapshot
2025-01-30 04:05:12,002 INFO c.h.h.t.HelmChartContainer - [hivemq-test-hivemq-platform] [hivemq-platform-operator] [917d9e9c] 04:05:12.001 [main] INFO  c.h.p.o.HiveMQPlatformOperatorApplication - HiveMQ Platform Operator Init App update URL: http://hivemq-platform-operator-test-hivemq-platform-operator.helmcustomextensionit-operator.svc:8080/initAppUpdate/hivemq-platform-operator-init-app-1.7.0-SNAPSHOT.jar
2025-01-30 04:05:12,002 INFO c.h.h.t.HelmChartContainer - [hivemq-test-hivemq-platform] [hivemq-platform-operator] [917d9e9c] 04:05:12.001 [main] INFO  c.h.p.o.HiveMQPlatformOperatorApplication - Additional imagePullSecret for all Platform deployments: none
2025-01-30 04:05:12,002 INFO c.h.h.t.HelmChartContainer - [hivemq-test-hivemq-platform] [hivemq-platform-operator] [917d9e9c] 04:05:12.001 [main] INFO  c.h.p.o.HiveMQPlatformOperatorApplication - Apply HiveMQ Platform CRD: true
2025-01-30 04:05:12,002 INFO c.h.h.t.HelmChartContainer - [hivemq-test-hivemq-platform] [hivemq-platform-operator] [917d9e9c] 04:05:12.001 [main] INFO  c.h.p.o.HiveMQPlatformOperatorApplication - Create Platform ServiceAccount: true
2025-01-30 04:05:12,002 INFO c.h.h.t.HelmChartContainer - [hivemq-test-hivemq-platform] [hivemq-platform-operator] [917d9e9c] 04:05:12.001 [main] INFO  c.h.p.o.HiveMQPlatformOperatorApplication - Create Platform ServiceAccount permissions: true
2025-01-30 04:05:12,002 INFO c.h.h.t.HelmChartContainer - [hivemq-test-hivemq-platform] [hivemq-platform-operator] [917d9e9c] 04:05:12.001 [main] INFO  c.h.p.o.HiveMQPlatformOperatorApplication - Validate Platform ServiceAccount: true
2025-01-30 04:05:12,002 INFO c.h.h.t.HelmChartContainer - [hivemq-test-hivemq-platform] [hivemq-platform-operator] [917d9e9c] 04:05:12.001 [main] INFO  c.h.p.o.HiveMQPlatformOperatorApplication - Validate Platform ServiceAccount permissions: true
2025-01-30 04:05:12,189 INFO c.h.h.t.HelmChartContainer - [hivemq-test-hivemq-platform] [hivemq-platform-operator] [917d9e9c] 04:05:12.187 [main] INFO  c.h.platform.operator.util.CRDUtil - Verifying deployed HiveMQ Platform CRD...
2025-01-30 04:05:14,590 INFO c.h.h.t.HelmChartContainer - [hivemq-test-hivemq-platform] [hivemq-platform-operator] [917d9e9c] 04:05:14.588 [main] DEBUG c.h.platform.operator.util.CRDUtil - HiveMQ Platform CRD version v1 is up to date
2025-01-30 04:05:14,590 INFO c.h.h.t.HelmChartContainer - [hivemq-test-hivemq-platform] [hivemq-platform-operator] [917d9e9c] 04:05:14.589 [main] INFO  c.h.platform.operator.util.CRDUtil - HiveMQ Platform CRD is up to date (version: V1_6_0)
2025-01-30 04:05:14,592 INFO c.h.h.t.HelmChartContainer - [hivemq-test-hivemq-platform] [hivemq-platform-operator] [917d9e9c] 04:05:14.589 [main] INFO  c.h.platform.operator.util.CRDUtil - Waiting 10000 ms for HiveMQ Platform CRD 'hivemq-platforms.hivemq.com' to become ready...
2025-01-30 04:05:14,900 INFO c.h.h.t.HelmChartContainer - [hivemq-test-hivemq-platform] [hivemq-platform-operator] [917d9e9c] 04:05:14.899 [vert.x-eventloop-thread-1] DEBUG c.h.platform.operator.util.CRDUtil - Checking CRD condition 'NamesAccepted' (status: 'True')
2025-01-30 04:05:14,901 INFO c.h.h.t.HelmChartContainer - [hivemq-test-hivemq-platform] [hivemq-platform-operator] [917d9e9c] 04:05:14.900 [vert.x-eventloop-thread-1] DEBUG c.h.platform.operator.util.CRDUtil - Checking CRD condition 'Established' (status: 'True')
2025-01-30 04:05:14,902 INFO c.h.h.t.HelmChartContainer - [hivemq-test-hivemq-platform] [hivemq-platform-operator] [917d9e9c] 04:05:14.901 [main] INFO  c.h.platform.operator.util.CRDUtil - HiveMQ Platform CRD 'hivemq-platforms.hivemq.com' is ready
2025-01-30 04:05:15,103 INFO c.h.h.t.HelmChartContainer - [hivemq-test-hivemq-platform] [hivemq-platform-operator] [917d9e9c] 04:05:15.102 [main] INFO  c.h.p.o.HiveMQPlatformReconciler - HiveMQ Platform Operator is starting...
2025-01-30 04:05:15,196 INFO c.h.h.t.HelmChartContainer - [hivemq-test-hivemq-platform] [hivemq-platform-operator] [917d9e9c] 04:05:15.195 [main] WARN  Default ConfigurationService implementation - Configuration for reconciler 'hivemq-controller' was not found. Known reconcilers: None.
2025-01-30 04:05:15,203 INFO c.h.h.t.HelmChartContainer - [hivemq-test-hivemq-platform] [hivemq-platform-operator] [917d9e9c] 04:05:15.203 [main] INFO  Default ConfigurationService implementation - Created configuration for reconciler com.hivemq.platform.operator.HiveMQPlatformReconciler with name hivemq-controller
2025-01-30 04:05:15,306 INFO c.h.h.t.HelmChartContainer - [hivemq-test-hivemq-platform] [hivemq-platform-operator] [917d9e9c] 04:05:15.305 [main] DEBUG c.h.p.o.HiveMQPlatformReconciler - HiveMQ Platform Operator is preparing EventSources
2025-01-30 04:05:15,394 INFO c.h.h.t.HelmChartContainer - [hivemq-test-hivemq-platform] [hivemq-platform-operator] [917d9e9c] 04:05:15.393 [main] INFO  i.javaoperatorsdk.operator.Operator - Registered reconciler: 'hivemq-controller' for resource: 'class com.hivemq.platform.operator.v1.HiveMQPlatform' for namespace(s): [all namespaces]
2025-01-30 04:05:15,903 INFO c.h.h.t.HelmChartContainer - [hivemq-test-hivemq-platform] [hivemq-platform-operator] [917d9e9c] 04:05:15.902 [main] INFO  c.h.p.operator.webserver.JettyServer - Starting Jetty server on port 8080
2025-01-30 04:05:15,999 INFO c.h.h.t.HelmChartContainer - [hivemq-test-hivemq-platform] [hivemq-platform-operator] [917d9e9c] 04:05:15.998 [main] INFO  i.javaoperatorsdk.operator.Operator - Operator SDK 4.9.7 (commit: 2133d28) built on Wed Nov 20 12:56:20 UTC 2024 starting...
2025-01-30 04:05:15,999 INFO c.h.h.t.HelmChartContainer - [hivemq-test-hivemq-platform] [hivemq-platform-operator] [917d9e9c] 04:05:15.998 [main] INFO  i.javaoperatorsdk.operator.Operator - Client version: 6.13.5
2025-01-30 04:05:16,000 INFO c.h.h.t.HelmChartContainer - [hivemq-test-hivemq-platform] [hivemq-platform-operator] [917d9e9c] 04:05:16.000 [Controller Starter for: hivemq-controller] INFO  i.j.operator.processing.Controller - Starting 'hivemq-controller' controller for reconciler: com.hivemq.platform.operator.HiveMQPlatformReconciler, resource: com.hivemq.platform.operator.v1.HiveMQPlatform
2025-01-30 04:05:18,699 INFO c.h.h.t.HelmChartContainer - [hivemq-test-hivemq-platform] [hivemq-platform-operator] [917d9e9c] 04:05:18.699 [Controller Starter for: hivemq-controller] INFO  i.j.operator.processing.Controller - 'hivemq-controller' controller started
2025-01-30 04:05:18,700 INFO c.h.h.t.HelmChartContainer - [hivemq-test-hivemq-platform] [hivemq-platform-operator] [917d9e9c] 04:05:18.699 [main] INFO  c.h.p.o.HiveMQPlatformOperatorApplication - HiveMQ Platform Operator 1.7.0-SNAPSHOT started in 6706 ms
2025-01-30 04:05:19,613 INFO c.h.h.t.HelmChartContainer - [POD] hivemq-test-hivemq-platform-operator-6966f96d65-4xvvc [917d9e9c-20f4-4e7e-afbf-085e630e8489] in helmcustomextensionit-operator was MODIFIED
2025-01-30 04:05:19,622 INFO c.h.h.t.HelmChartContainer - [K3S] [replica_set.go:679] "Finished syncing" kind="ReplicaSet" key="helmcustomextensionit-operator/hivemq-test-hivemq-platform-operator-6966f96d65" duration="9.413807ms"
2025-01-30 04:05:19,624 INFO c.h.h.t.HelmChartContainer - [K3S] [replica_set.go:679] "Finished syncing" kind="ReplicaSet" key="helmcustomextensionit-operator/hivemq-test-hivemq-platform-operator-6966f96d65" duration="32.331µs"
2025-01-30 04:05:20,714 DEBUG c.h.helmcharts.util.HiveMQExtension - Trying to package class 'org.slf4j.Logger' into extension 'hivemq-custom-test-extension'
2025-01-30 04:05:20,716 DEBUG c.h.helmcharts.util.HiveMQExtension - Trying to package class 'com.hivemq.extension.sdk.api.ExtensionMain' into extension 'hivemq-custom-test-extension'
2025-01-30 04:05:20,717 DEBUG c.h.helmcharts.util.HiveMQExtension - Trying to compile class '/home/runner/work/helm-charts/helm-charts/helm-charts/tests-hivemq-platform-operator/src/integrationTest/java/com/hivemq/helmcharts/extensions/custom/CustomTestExtensionMain.java' into extension 'hivemq-custom-test-extension'
2025-01-30 04:05:20,912 DEBUG c.h.helmcharts.util.HiveMQExtension - Trying to package class 'org.slf4j.LoggerFactory' into extension 'hivemq-custom-test-extension'
2025-01-30 04:05:20,956 INFO c.h.h.t.HelmChartContainer - [K3S] [alloc.go:330] "allocated clusterIPs" service="helmcustomextensionit/nginx-service" clusterIPs={"IPv4":"10.43.25.236"}
2025-01-30 04:05:20,964 INFO c.h.h.t.HelmChartContainer - [EVENT] Normal [ScalingReplicaSet] Scaled up replica set nginx-5fcd8786bb from 0 to 1 [helmcustomextensionit:nginx]
2025-01-30 04:05:20,967 INFO c.h.h.t.HelmChartContainer - [POD] nginx-5fcd8786bb-khxvh [154366aa-f26a-4615-879d-c1c09b918513] in helmcustomextensionit was ADDED
2025-01-30 04:05:20,973 INFO c.h.h.t.HelmChartContainer - [EVENT] Normal [SuccessfulCreate] Created pod: nginx-5fcd8786bb-khxvh [helmcustomextensionit:nginx-5fcd8786bb]
2025-01-30 04:05:20,976 INFO c.h.h.t.HelmChartContainer - [POD] nginx-5fcd8786bb-khxvh [154366aa-f26a-4615-879d-c1c09b918513] in helmcustomextensionit was MODIFIED
2025-01-30 04:05:20,981 INFO c.h.h.t.HelmChartContainer - [K3S] [replica_set.go:679] "Finished syncing" kind="ReplicaSet" key="helmcustomextensionit/nginx-5fcd8786bb" duration="26.854903ms"
2025-01-30 04:05:20,983 INFO c.h.h.t.HelmChartContainer - [EVENT] Normal [Scheduled] Successfully assigned helmcustomextensionit/nginx-5fcd8786bb-khxvh to 19066f879d23 [helmcustomextensionit:nginx-5fcd8786bb-khxvh]
2025-01-30 04:05:20,994 INFO c.h.h.t.HelmChartContainer - [POD] nginx-5fcd8786bb-khxvh [154366aa-f26a-4615-879d-c1c09b918513] in helmcustomextensionit was MODIFIED
2025-01-30 04:05:20,996 INFO c.h.h.t.HelmChartContainer - [K3S] [replica_set.go:679] "Finished syncing" kind="ReplicaSet" key="helmcustomextensionit/nginx-5fcd8786bb" duration="12.499133ms"
2025-01-30 04:05:21,005 INFO c.h.h.t.HelmChartContainer - [K3S] [replica_set.go:679] "Finished syncing" kind="ReplicaSet" key="helmcustomextensionit/nginx-5fcd8786bb" duration="11.569401ms"
2025-01-30 04:05:21,005 INFO c.h.h.t.HelmChartContainer - [K3S] [replica_set.go:679] "Finished syncing" kind="ReplicaSet" key="helmcustomextensionit/nginx-5fcd8786bb" duration="28.002µs"
2025-01-30 04:05:21,006 INFO c.h.h.t.HelmChartContainer - [K3S] [reconciler_common.go:251] "operationExecutor.VerifyControllerAttachedVolume started for volume \"volume-hivemq-custom-test-extension-300\" (UniqueName: \"kubernetes.io/host-path/154366aa-f26a-4615-879d-c1c09b918513-volume-hivemq-custom-test-extension-300\") pod \"nginx-5fcd8786bb-khxvh\" (UID: \"154366aa-f26a-4615-879d-c1c09b918513\") " pod="helmcustomextensionit/nginx-5fcd8786bb-khxvh"
2025-01-30 04:05:21,006 INFO c.h.h.t.HelmChartContainer - [K3S] [reconciler_common.go:251] "operationExecutor.VerifyControllerAttachedVolume started for volume \"nginx-certificates\" (UniqueName: \"kubernetes.io/secret/154366aa-f26a-4615-879d-c1c09b918513-nginx-certificates\") pod \"nginx-5fcd8786bb-khxvh\" (UID: \"154366aa-f26a-4615-879d-c1c09b918513\") " pod="helmcustomextensionit/nginx-5fcd8786bb-khxvh"
2025-01-30 04:05:21,006 INFO c.h.h.t.HelmChartContainer - [K3S] [reconciler_common.go:251] "operationExecutor.VerifyControllerAttachedVolume started for volume \"kube-api-access-fn2mg\" (UniqueName: \"kubernetes.io/projected/154366aa-f26a-4615-879d-c1c09b918513-kube-api-access-fn2mg\") pod \"nginx-5fcd8786bb-khxvh\" (UID: \"154366aa-f26a-4615-879d-c1c09b918513\") " pod="helmcustomextensionit/nginx-5fcd8786bb-khxvh"
2025-01-30 04:05:21,006 INFO c.h.h.t.HelmChartContainer - [K3S] [reconciler_common.go:251] "operationExecutor.VerifyControllerAttachedVolume started for volume \"nginx-https-conf\" (UniqueName: \"kubernetes.io/host-path/154366aa-f26a-4615-879d-c1c09b918513-nginx-https-conf\") pod \"nginx-5fcd8786bb-khxvh\" (UID: \"154366aa-f26a-4615-879d-c1c09b918513\") " pod="helmcustomextensionit/nginx-5fcd8786bb-khxvh"
2025-01-30 04:05:21,362 INFO c.h.h.t.HelmChartContainer - [EVENT] Normal [Pulled] Container image "nginx:1.27.3" already present on machine [helmcustomextensionit:nginx-5fcd8786bb-khxvh]
2025-01-30 04:05:21,362 INFO c.h.h.t.HelmChartContainer - Received Pulled event for container nginx in pod nginx-5fcd8786bb-khxvh [154366aa-f26a-4615-879d-c1c09b918513]
2025-01-30 04:05:22,787 INFO c.h.h.t.HelmChartContainer - [EVENT] Normal [Created] Created container: nginx [helmcustomextensionit:nginx-5fcd8786bb-khxvh]
2025-01-30 04:05:22,787 INFO c.h.h.t.HelmChartContainer - Received Created event for container nginx in pod nginx-5fcd8786bb-khxvh [154366aa-f26a-4615-879d-c1c09b918513]
2025-01-30 04:05:23,631 INFO c.h.h.t.HelmChartContainer - [POD] nginx-5fcd8786bb-khxvh [154366aa-f26a-4615-879d-c1c09b918513] in helmcustomextensionit was MODIFIED
2025-01-30 04:05:23,645 INFO c.h.h.t.HelmChartContainer - [K3S] [replica_set.go:679] "Finished syncing" kind="ReplicaSet" key="helmcustomextensionit/nginx-5fcd8786bb" duration="13.924677ms"
2025-01-30 04:05:23,645 INFO c.h.h.t.HelmChartContainer - [K3S] [replica_set.go:679] "Finished syncing" kind="ReplicaSet" key="helmcustomextensionit/nginx-5fcd8786bb" duration="29.986µs"
2025-01-30 04:05:23,647 INFO c.h.h.t.HelmChartContainer - Started log watcher for nginx in pod nginx-5fcd8786bb-khxvh [154366aa-f26a-4615-879d-c1c09b918513]
2025-01-30 04:05:23,647 INFO c.h.h.t.HelmChartContainer - [nginx-5fcd8786bb-khx] [nginx] [154366aa] /docker-entrypoint.sh: /docker-entrypoint.d/ is not empty, will attempt to perform configuration
2025-01-30 04:05:23,647 INFO c.h.h.t.HelmChartContainer - [nginx-5fcd8786bb-khx] [nginx] [154366aa] /docker-entrypoint.sh: Looking for shell scripts in /docker-entrypoint.d/
2025-01-30 04:05:23,647 INFO c.h.h.t.HelmChartContainer - [nginx-5fcd8786bb-khx] [nginx] [154366aa] /docker-entrypoint.sh: Launching /docker-entrypoint.d/10-listen-on-ipv6-by-default.sh
2025-01-30 04:05:23,647 INFO c.h.h.t.HelmChartContainer - [nginx-5fcd8786bb-khx] [nginx] [154366aa] 10-listen-on-ipv6-by-default.sh: info: IPv6 listen already enabled
2025-01-30 04:05:23,647 INFO c.h.h.t.HelmChartContainer - [nginx-5fcd8786bb-khx] [nginx] [154366aa] /docker-entrypoint.sh: Sourcing /docker-entrypoint.d/15-local-resolvers.envsh
2025-01-30 04:05:23,647 INFO c.h.h.t.HelmChartContainer - [nginx-5fcd8786bb-khx] [nginx] [154366aa] /docker-entrypoint.sh: Launching /docker-entrypoint.d/20-envsubst-on-templates.sh
2025-01-30 04:05:23,647 INFO c.h.h.t.HelmChartContainer - [nginx-5fcd8786bb-khx] [nginx] [154366aa] /docker-entrypoint.sh: Launching /docker-entrypoint.d/30-tune-worker-processes.sh
2025-01-30 04:05:23,648 INFO c.h.h.t.HelmChartContainer - [EVENT] Normal [Started] Started container nginx [helmcustomextensionit:nginx-5fcd8786bb-khxvh]
2025-01-30 04:05:23,648 INFO c.h.h.t.HelmChartContainer - Received Started event for container nginx in pod nginx-5fcd8786bb-khxvh [154366aa-f26a-4615-879d-c1c09b918513]
2025-01-30 04:05:23,647 INFO c.h.h.t.HelmChartContainer - [nginx-5fcd8786bb-khx] [nginx] [154366aa] /docker-entrypoint.sh: Configuration complete; ready for start up
2025-01-30 04:05:23,650 INFO c.h.h.t.HelmChartContainer - [nginx-5fcd8786bb-khx] [nginx] [154366aa] 2025/01/30 04:05:22 [notice] 1#1: using the "epoll" event method
2025-01-30 04:05:23,650 INFO c.h.h.t.HelmChartContainer - [nginx-5fcd8786bb-khx] [nginx] [154366aa] 2025/01/30 04:05:22 [notice] 1#1: nginx/1.27.3
2025-01-30 04:05:23,650 INFO c.h.h.t.HelmChartContainer - [nginx-5fcd8786bb-khx] [nginx] [154366aa] 2025/01/30 04:05:22 [notice] 1#1: built by gcc 12.2.0 (Debian 12.2.0-14) 
2025-01-30 04:05:23,650 INFO c.h.h.t.HelmChartContainer - [nginx-5fcd8786bb-khx] [nginx] [154366aa] 2025/01/30 04:05:22 [notice] 1#1: OS: Linux 6.8.0-1020-azure
2025-01-30 04:05:23,650 INFO c.h.h.t.HelmChartContainer - [nginx-5fcd8786bb-khx] [nginx] [154366aa] 2025/01/30 04:05:22 [notice] 1#1: getrlimit(RLIMIT_NOFILE): 1048576:1048576
2025-01-30 04:05:23,650 INFO c.h.h.t.HelmChartContainer - [nginx-5fcd8786bb-khx] [nginx] [154366aa] 2025/01/30 04:05:22 [notice] 1#1: start worker processes
2025-01-30 04:05:23,650 INFO c.h.h.t.HelmChartContainer - [nginx-5fcd8786bb-khx] [nginx] [154366aa] 2025/01/30 04:05:22 [notice] 1#1: start worker process 22
2025-01-30 04:05:23,650 INFO c.h.h.t.HelmChartContainer - [nginx-5fcd8786bb-khx] [nginx] [154366aa] 2025/01/30 04:05:22 [notice] 1#1: start worker process 23
2025-01-30 04:05:23,650 INFO c.h.h.t.HelmChartContainer - [nginx-5fcd8786bb-khx] [nginx] [154366aa] 2025/01/30 04:05:22 [notice] 1#1: start worker process 24
2025-01-30 04:05:23,650 INFO c.h.h.t.HelmChartContainer - [nginx-5fcd8786bb-khx] [nginx] [154366aa] 2025/01/30 04:05:22 [notice] 1#1: start worker process 25
2025-01-30 04:05:24,963 INFO c.h.h.testcontainer.LogWaiterUtil - TEST Waiting for log pattern on 'test-hivemq-platform-0': .*Extension "HiveMQ Custom Test Extension" version 3.0.0 started successfully.
2025-01-30 04:05:25,021 DEBUG c.h.h.t.HelmChartContainer - Executing helm command: /bin/helm --kubeconfig /etc/rancher/k3s/k3s.yaml install test-hivemq-platform /charts/hivemq-platform --wait --timeout 5m0s --set image.repository=docker.io/hivemq --set image.tag=4.36.0 --set image.pullPolicy=Never --set nodes.resources.cpu=512m -f /files/custom-extension-values-with-https.yaml --namespace helmcustomextensionit
2025-01-30 04:05:25,356 INFO c.h.h.t.HelmChartContainer - [hivemq-test-hivemq-platform] [hivemq-platform-operator] [917d9e9c] 04:05:25.351 [-2082509879-pool-1-thread-4] WARN  i.m.p.PrometheusMeterRegistry - The meter (MeterId{name='operator.sdk.events.received', tags=[tag(action=ADDED),tag(event=ResourceEvent),tag(group=hivemq.com),tag(kind=HiveMQPlatform),tag(name=test-hivemq-platform),tag(namespace=helmcustomextensionit),tag(scope=namespace),tag(version=v1)]}) registration has failed: Prometheus requires that all meters with the same name have the same set of tag keys. There is already an existing meter named 'operator.sdk.events.received' containing tag keys [event, group, kind, name, namespace, scope, version]. The meter you are attempting to register has keys [action, event, group, kind, name, namespace, scope, version]. Note that subsequent logs will be logged at debug level.
2025-01-30 04:05:25,758 INFO c.h.h.t.HelmChartContainer - [hivemq-test-hivemq-platform] [hivemq-platform-operator] [917d9e9c] 04:05:25.756 [pool-6-thread-3] DEBUG c.h.p.o.dependants.PodInfoConfigMap - [helmcust] Desired PodInfo ConfigMap (1 extensions) (1 enabled)
2025-01-30 04:05:25,759 INFO c.h.h.t.HelmChartContainer - [hivemq-test-hivemq-platform] [hivemq-platform-operator] [917d9e9c] 04:05:25.757 [pool-6-thread-3] DEBUG c.h.p.o.dependants.PodInfoConfigMap - [helmcust] Desired PodInfo ConfigMap (metrics port: 9399) (metrics path: /)
2025-01-30 04:05:25,759 INFO c.h.h.t.HelmChartContainer - [hivemq-test-hivemq-platform] [hivemq-platform-operator] [917d9e9c] 04:05:25.757 [pool-6-thread-3] DEBUG c.h.p.o.dependants.PodInfoConfigMap - [helmcust] Desired PodInfo ConfigMap (extension state hash: -1287821691)
2025-01-30 04:05:25,759 INFO c.h.h.t.HelmChartContainer - [hivemq-test-hivemq-platform] [hivemq-platform-operator] [917d9e9c] 04:05:25.758 [pool-6-thread-3] DEBUG c.h.p.o.dependants.PodInfoConfigMap - [helmcust] Create PodInfo ConfigMap
2025-01-30 04:05:25,856 INFO c.h.h.t.HelmChartContainer - [hivemq-test-hivemq-platform] [hivemq-platform-operator] [917d9e9c] 04:05:25.854 [pool-6-thread-5] DEBUG c.h.p.o.dependants.PodRoleResource - [helmcust] Create Role: Role(apiVersion=rbac.authorization.k8s.io/v1, kind=Role, metadata=ObjectMeta(annotations={meta.helm.sh/release-name=test-hivemq-platform, meta.helm.sh/release-namespace=helmcustomextensionit}, creationTimestamp=null, deletionGracePeriodSeconds=null, deletionTimestamp=null, finalizers=[], generateName=null, generation=null, labels={helm.sh/chart=hivemq-platform-0.2.32, app.kubernetes.io/managed-by=Helm, app.kubernetes.io/name=hivemq-platform, hivemq-platform=test-hivemq-platform, app.kubernetes.io/instance=test-hivemq-platform, app.kubernetes.io/version=4.36.0}, managedFields=[], name=hivemq-platform-role-test-hivemq-platform, namespace=helmcustomextensionit, ownerReferences=[OwnerReference(apiVersion=hivemq.com/v1, blockOwnerDeletion=null, controller=null, kind=HiveMQPlatform, name=test-hivemq-platform, uid=f10ec6a6-53d2-46cb-9bdd-fb10f48eca43, additionalProperties={})], resourceVersion=null, selfLink=null, uid=null, additionalProperties={}), rules=[PolicyRule(apiGroups=[], nonResourceURLs=[], resourceNames=[], resources=[pods], verbs=[get, patch, update], additionalProperties={})], additionalProperties={})
2025-01-30 04:05:25,961 INFO c.h.h.t.HelmChartContainer - [hivemq-test-hivemq-platform] [hivemq-platform-operator] [917d9e9c] 04:05:25.960 [pool-6-thread-7] DEBUG c.h.p.o.d.PodServiceAccountResource - [helmcust] Desired PodServiceAccountResource (serviceAccountName: hivemq-platform-pod-test-hivemq-platform)
2025-01-30 04:05:25,962 INFO c.h.h.t.HelmChartContainer - [hivemq-test-hivemq-platform] [hivemq-platform-operator] [917d9e9c] 04:05:25.961 [pool-6-thread-7] DEBUG c.h.p.o.d.PodServiceAccountResource - [helmcust] Create ServiceAccount 'hivemq-platform-pod-test-hivemq-platform'
2025-01-30 04:05:26,150 INFO c.h.h.t.HelmChartContainer - [hivemq-test-hivemq-platform] [hivemq-platform-operator] [917d9e9c] 04:05:26.148 [pool-6-thread-10] DEBUG c.h.p.o.d.PodRoleBindingResource - [helmcust] Create RoleBinding: RoleBinding(apiVersion=rbac.authorization.k8s.io/v1, kind=RoleBinding, metadata=ObjectMeta(annotations={meta.helm.sh/release-name=test-hivemq-platform, meta.helm.sh/release-namespace=helmcustomextensionit}, creationTimestamp=null, deletionGracePeriodSeconds=null, deletionTimestamp=null, finalizers=[], generateName=null, generation=null, labels={helm.sh/chart=hivemq-platform-0.2.32, app.kubernetes.io/managed-by=Helm, app.kubernetes.io/name=hivemq-platform, hivemq-platform=test-hivemq-platform, app.kubernetes.io/instance=test-hivemq-platform, app.kubernetes.io/version=4.36.0}, managedFields=[], name=hivemq-platform-role-binding-test-hivemq-platform, namespace=helmcustomextensionit, ownerReferences=[OwnerReference(apiVersion=hivemq.com/v1, blockOwnerDeletion=null, controller=null, kind=HiveMQPlatform, name=test-hivemq-platform, uid=f10ec6a6-53d2-46cb-9bdd-fb10f48eca43, additionalProperties={})], resourceVersion=null, selfLink=null, uid=null, additionalProperties={}), roleRef=RoleRef(apiGroup=rbac.authorization.k8s.io, kind=Role, name=hivemq-platform-role-test-hivemq-platform, additionalProperties={}), subjects=[Subject(apiGroup=null, kind=ServiceAccount, name=hivemq-platform-pod-test-hivemq-platform, namespace=helmcustomextensionit, additionalProperties={})], additionalProperties={})
2025-01-30 04:05:26,168 INFO c.h.h.t.HelmChartContainer - [hivemq-test-hivemq-platform] [hivemq-platform-operator] [917d9e9c] 04:05:26.167 [ReconcilerExecutor-hivemq-controller-53] INFO  c.h.p.o.HiveMQPlatformReconciler - [helmcust] Reconciling HiveMQ Platform 'test-hivemq-platform' in namespace 'helmcustomextensionit'
2025-01-30 04:05:26,168 INFO c.h.h.t.HelmChartContainer - [hivemq-test-hivemq-platform] [hivemq-platform-operator] [917d9e9c] 04:05:26.167 [ReconcilerExecutor-hivemq-controller-53] DEBUG c.h.p.o.HiveMQPlatformReconciler - [helmcust] Custom Resource Status CREATED - HiveMQ Platform was created (READY)
2025-01-30 04:05:26,168 INFO c.h.h.t.HelmChartContainer - [hivemq-test-hivemq-platform] [hivemq-platform-operator] [917d9e9c] 04:05:26.167 [ReconcilerExecutor-hivemq-controller-53] DEBUG c.h.p.o.HiveMQPlatformReconciler - [helmcust] Custom Resource Spec (replicas: 1) (extensions: 1)
2025-01-30 04:05:26,171 INFO c.h.h.t.HelmChartContainer - [hivemq-test-hivemq-platform] [hivemq-platform-operator] [917d9e9c] 04:05:26.171 [ReconcilerExecutor-hivemq-controller-53] INFO  c.h.p.o.h.HiveMQPlatformReconcilerBaseHandler - [helmcust] HiveMQ Platform is starting
2025-01-30 04:05:26,264 INFO c.h.h.t.HelmChartContainer - [hivemq-test-hivemq-platform] [hivemq-platform-operator] [917d9e9c] 04:05:26.262 [ReconcilerExecutor-hivemq-controller-53] DEBUG c.h.p.operator.event.EventSender - [helmcust] Creating K8s event hivemq-platform-starting: [Start] HiveMQ Platform is starting
2025-01-30 04:05:26,294 INFO c.h.h.t.HelmChartContainer - [EVENT] Normal [Start] HiveMQ Platform is starting [helmcustomextensionit:test-hivemq-platform]
2025-01-30 04:05:26,354 INFO c.h.h.t.HelmChartContainer - [hivemq-test-hivemq-platform] [hivemq-platform-operator] [917d9e9c] 04:05:26.352 [ReconcilerExecutor-hivemq-controller-53] INFO  c.h.p.o.h.AbstractHiveMQReconcilerStateHandler - [helmcust] Update HiveMQ Platform Status (CREATED [READY] -> STARTING [READY]): HiveMQ Platform is starting
2025-01-30 04:05:26,368 DEBUG com.hivemq.helmcharts.util.K8sUtil - Comparing actual state 'STARTING' and waiting for 'RUNNING'
2025-01-30 04:05:36,457 INFO c.h.h.t.HelmChartContainer - [hivemq-test-hivemq-platform] [hivemq-platform-operator] [917d9e9c] 04:05:36.456 [pool-6-thread-12] DEBUG c.h.p.o.d.PlatformServiceResource - [helmcust] Desired Platform services (3 services)
2025-01-30 04:05:36,463 INFO c.h.h.t.HelmChartContainer - [hivemq-test-hivemq-platform] [hivemq-platform-operator] [917d9e9c] 04:05:36.460 [pool-6-thread-17] DEBUG c.h.p.o.d.PodServiceAccountResource - [helmcust] Desired PodServiceAccountResource (serviceAccountName: hivemq-platform-pod-test-hivemq-platform)
2025-01-30 04:05:36,463 INFO c.h.h.t.HelmChartContainer - [hivemq-test-hivemq-platform] [hivemq-platform-operator] [917d9e9c] 04:05:36.461 [pool-6-thread-13] DEBUG c.h.p.o.dependants.PodInfoConfigMap - [helmcust] Desired PodInfo ConfigMap (1 extensions) (1 enabled)
2025-01-30 04:05:36,463 INFO c.h.h.t.HelmChartContainer - [hivemq-test-hivemq-platform] [hivemq-platform-operator] [917d9e9c] 04:05:36.461 [pool-6-thread-13] DEBUG c.h.p.o.dependants.PodInfoConfigMap - [helmcust] Desired PodInfo ConfigMap (metrics port: 9399) (metrics path: /)
2025-01-30 04:05:36,463 INFO c.h.h.t.HelmChartContainer - [hivemq-test-hivemq-platform] [hivemq-platform-operator] [917d9e9c] 04:05:36.461 [pool-6-thread-13] DEBUG c.h.p.o.dependants.PodInfoConfigMap - [helmcust] Desired PodInfo ConfigMap (extension state hash: -1287821691)
2025-01-30 04:05:36,553 INFO c.h.h.t.HelmChartContainer - [hivemq-test-hivemq-platform] [hivemq-platform-operator] [917d9e9c] 04:05:36.549 [pool-6-thread-13] DEBUG c.h.p.o.dependants.PodInfoConfigMap - [helmcust] Update PodInfo ConfigMap
2025-01-30 04:05:36,559 INFO c.h.h.t.HelmChartContainer - [K3S] [alloc.go:330] "allocated clusterIPs" service="helmcustomextensionit/hivemq-test-hivemq-platform-cc-8080" clusterIPs={"IPv4":"10.43.99.235"}
2025-01-30 04:05:36,657 INFO c.h.h.t.HelmChartContainer - [K3S] [alloc.go:330] "allocated clusterIPs" service="helmcustomextensionit/hivemq-test-hivemq-platform-mqtt-1883" clusterIPs={"IPv4":"10.43.173.178"}
2025-01-30 04:05:36,669 INFO c.h.h.t.HelmChartContainer - [K3S] [alloc.go:330] "allocated clusterIPs" service="helmcustomextensionit/hivemq-test-hivemq-platform-metrics-9399" clusterIPs={"IPv4":"10.43.182.4"}
2025-01-30 04:05:36,753 INFO c.h.h.t.HelmChartContainer - [hivemq-test-hivemq-platform] [hivemq-platform-operator] [917d9e9c] 04:05:36.752 [pool-6-thread-20] DEBUG c.h.p.o.d.StatefulSetResource - [helmcust] Desired StatefulSet (1 replicas) for status STARTING (READY)
2025-01-30 04:05:36,766 INFO c.h.h.t.HelmChartContainer - [hivemq-test-hivemq-platform] [hivemq-platform-operator] [917d9e9c] 04:05:36.765 [pool-6-thread-20] DEBUG c.h.p.o.d.StatefulSetResource - [helmcust] Create StatefulSet
2025-01-30 04:05:36,863 INFO c.h.h.t.HelmChartContainer - [hivemq-test-hivemq-platform] [hivemq-platform-operator] [917d9e9c] 04:05:36.861 [ReconcilerExecutor-hivemq-controller-64] INFO  c.h.p.o.HiveMQPlatformReconciler - [helmcust] Reconciling HiveMQ Platform 'test-hivemq-platform' in namespace 'helmcustomextensionit'
2025-01-30 04:05:36,864 INFO c.h.h.t.HelmChartContainer - [hivemq-test-hivemq-platform] [hivemq-platform-operator] [917d9e9c] 04:05:36.862 [ReconcilerExecutor-hivemq-controller-64] DEBUG c.h.p.o.HiveMQPlatformReconciler - [helmcust] Custom Resource Status STARTING - HiveMQ Platform is starting (READY)
2025-01-30 04:05:36,864 INFO c.h.h.t.HelmChartContainer - [hivemq-test-hivemq-platform] [hivemq-platform-operator] [917d9e9c] 04:05:36.862 [ReconcilerExecutor-hivemq-controller-64] DEBUG c.h.p.o.HiveMQPlatformReconciler - [helmcust] Custom Resource Spec (replicas: 1) (extensions: 1)
2025-01-30 04:05:36,870 INFO c.h.h.t.HelmChartContainer - [hivemq-test-hivemq-platform] [hivemq-platform-operator] [917d9e9c] 04:05:36.869 [ReconcilerExecutor-hivemq-controller-64] DEBUG c.h.p.o.HiveMQPlatformReconciler - [helmcust] StatefulSet Status (revision: null, replicas: 0, available: 0, ready: 0, current: 0, updated: 0)
2025-01-30 04:05:36,870 INFO c.h.h.t.HelmChartContainer - [hivemq-test-hivemq-platform] [hivemq-platform-operator] [917d9e9c] 04:05:36.869 [ReconcilerExecutor-hivemq-controller-64] DEBUG c.h.p.o.HiveMQPlatformReconciler - [helmcust] StatefulSet Spec (replicas: 1, init containers: 1, containers: 1, volumes: 3)
2025-01-30 04:05:36,871 INFO c.h.h.t.HelmChartContainer - [POD] test-hivemq-platform-0 [cbf864c9-99f2-4080-9671-76caf5b3bfc1] in helmcustomextensionit was ADDED
2025-01-30 04:05:36,875 INFO c.h.h.t.HelmChartContainer - [EVENT] Normal [SuccessfulCreate] create Pod test-hivemq-platform-0 in StatefulSet test-hivemq-platform successful [helmcustomextensionit:test-hivemq-platform]
2025-01-30 04:05:36,877 INFO c.h.h.t.HelmChartContainer - [POD] test-hivemq-platform-0 [cbf864c9-99f2-4080-9671-76caf5b3bfc1] in helmcustomextensionit was MODIFIED
2025-01-30 04:05:36,880 INFO c.h.h.t.HelmChartContainer - [EVENT] Normal [Scheduled] Successfully assigned helmcustomextensionit/test-hivemq-platform-0 to 19066f879d23 [helmcustomextensionit:test-hivemq-platform-0]
2025-01-30 04:05:36,887 INFO c.h.h.t.HelmChartContainer - [POD] test-hivemq-platform-0 [cbf864c9-99f2-4080-9671-76caf5b3bfc1] in helmcustomextensionit was MODIFIED
2025-01-30 04:05:36,952 INFO c.h.h.t.HelmChartContainer - [hivemq-test-hivemq-platform] [hivemq-platform-operator] [917d9e9c] 04:05:36.950 [ReconcilerExecutor-hivemq-controller-64] INFO  c.h.p.o.h.HiveMQPlatformReconcilerBaseHandler - [helmcust] HiveMQ Platform is starting, 0 of 1 replicas are ready
2025-01-30 04:05:36,960 INFO c.h.h.t.HelmChartContainer - [hivemq-test-hivemq-platform] [hivemq-platform-operator] [917d9e9c] 04:05:36.958 [pool-6-thread-22] DEBUG c.h.p.o.d.PlatformServiceResource - [helmcust] Desired Platform services (3 services)
2025-01-30 04:05:36,963 INFO c.h.h.t.HelmChartContainer - [hivemq-test-hivemq-platform] [hivemq-platform-operator] [917d9e9c] 04:05:36.962 [pool-6-thread-23] DEBUG c.h.p.o.dependants.PodInfoConfigMap - [helmcust] Desired PodInfo ConfigMap (1 extensions) (1 enabled)
2025-01-30 04:05:36,963 INFO c.h.h.t.HelmChartContainer - [hivemq-test-hivemq-platform] [hivemq-platform-operator] [917d9e9c] 04:05:36.962 [pool-6-thread-23] DEBUG c.h.p.o.dependants.PodInfoConfigMap - [helmcust] Desired PodInfo ConfigMap (metrics port: 9399) (metrics path: /)
2025-01-30 04:05:36,963 INFO c.h.h.t.HelmChartContainer - [hivemq-test-hivemq-platform] [hivemq-platform-operator] [917d9e9c] 04:05:36.962 [pool-6-thread-23] DEBUG c.h.p.o.dependants.PodInfoConfigMap - [helmcust] Desired PodInfo ConfigMap (extension state hash: -1287821691)
2025-01-30 04:05:37,002 INFO c.h.h.t.HelmChartContainer - [K3S] [reconciler_common.go:251] "operationExecutor.VerifyControllerAttachedVolume started for volume \"pod-info\" (UniqueName: \"kubernetes.io/configmap/cbf864c9-99f2-4080-9671-76caf5b3bfc1-pod-info\") pod \"test-hivemq-platform-0\" (UID: \"cbf864c9-99f2-4080-9671-76caf5b3bfc1\") " pod="helmcustomextensionit/test-hivemq-platform-0"
2025-01-30 04:05:37,003 INFO c.h.h.t.HelmChartContainer - [K3S] [reconciler_common.go:251] "operationExecutor.VerifyControllerAttachedVolume started for volume \"broker-configuration\" (UniqueName: \"kubernetes.io/configmap/cbf864c9-99f2-4080-9671-76caf5b3bfc1-broker-configuration\") pod \"test-hivemq-platform-0\" (UID: \"cbf864c9-99f2-4080-9671-76caf5b3bfc1\") " pod="helmcustomextensionit/test-hivemq-platform-0"
2025-01-30 04:05:37,003 INFO c.h.h.t.HelmChartContainer - [K3S] [reconciler_common.go:251] "operationExecutor.VerifyControllerAttachedVolume started for volume \"operator-init\" (UniqueName: \"kubernetes.io/empty-dir/cbf864c9-99f2-4080-9671-76caf5b3bfc1-operator-init\") pod \"test-hivemq-platform-0\" (UID: \"cbf864c9-99f2-4080-9671-76caf5b3bfc1\") " pod="helmcustomextensionit/test-hivemq-platform-0"
2025-01-30 04:05:37,003 INFO c.h.h.t.HelmChartContainer - [K3S] [reconciler_common.go:251] "operationExecutor.VerifyControllerAttachedVolume started for volume \"kube-api-access-87s2r\" (UniqueName: \"kubernetes.io/projected/cbf864c9-99f2-4080-9671-76caf5b3bfc1-kube-api-access-87s2r\") pod \"test-hivemq-platform-0\" (UID: \"cbf864c9-99f2-4080-9671-76caf5b3bfc1\") " pod="helmcustomextensionit/test-hivemq-platform-0"
2025-01-30 04:05:37,056 INFO c.h.h.t.HelmChartContainer - [hivemq-test-hivemq-platform] [hivemq-platform-operator] [917d9e9c] 04:05:37.054 [pool-6-thread-27] DEBUG c.h.p.o.d.PodServiceAccountResource - [helmcust] Desired PodServiceAccountResource (serviceAccountName: hivemq-platform-pod-test-hivemq-platform)
2025-01-30 04:05:37,060 INFO c.h.h.t.HelmChartContainer - [hivemq-test-hivemq-platform] [hivemq-platform-operator] [917d9e9c] 04:05:37.059 [pool-6-thread-30] DEBUG c.h.p.o.d.StatefulSetResource - [helmcust] Desired StatefulSet (1 replicas) for status STARTING (READY)
2025-01-30 04:05:37,150 INFO c.h.h.t.HelmChartContainer - [hivemq-test-hivemq-platform] [hivemq-platform-operator] [917d9e9c] 04:05:37.148 [ReconcilerExecutor-hivemq-controller-75] INFO  c.h.p.o.HiveMQPlatformReconciler - [helmcust] Reconciling HiveMQ Platform 'test-hivemq-platform' in namespace 'helmcustomextensionit'
2025-01-30 04:05:37,150 INFO c.h.h.t.HelmChartContainer - [hivemq-test-hivemq-platform] [hivemq-platform-operator] [917d9e9c] 04:05:37.148 [ReconcilerExecutor-hivemq-controller-75] DEBUG c.h.p.o.HiveMQPlatformReconciler - [helmcust] Custom Resource Status STARTING - HiveMQ Platform is starting (READY)
2025-01-30 04:05:37,150 INFO c.h.h.t.HelmChartContainer - [hivemq-test-hivemq-platform] [hivemq-platform-operator] [917d9e9c] 04:05:37.148 [ReconcilerExecutor-hivemq-controller-75] DEBUG c.h.p.o.HiveMQPlatformReconciler - [helmcust] Custom Resource Spec (replicas: 1) (extensions: 1)
2025-01-30 04:05:37,156 INFO c.h.h.t.HelmChartContainer - [hivemq-test-hivemq-platform] [hivemq-platform-operator] [917d9e9c] 04:05:37.153 [ReconcilerExecutor-hivemq-controller-75] DEBUG c.h.p.o.HiveMQPlatformReconciler - [helmcust] StatefulSet Status (revision: test-hivemq-platform-796ccc778, replicas: 1, available: 0, ready: 0, current: 1, updated: 1)
2025-01-30 04:05:37,156 INFO c.h.h.t.HelmChartContainer - [hivemq-test-hivemq-platform] [hivemq-platform-operator] [917d9e9c] 04:05:37.154 [ReconcilerExecutor-hivemq-controller-75] DEBUG c.h.p.o.HiveMQPlatformReconciler - [helmcust] StatefulSet Spec (replicas: 1, init containers: 1, containers: 1, volumes: 3)
2025-01-30 04:05:37,167 INFO c.h.h.t.HelmChartContainer - [hivemq-test-hivemq-platform] [hivemq-platform-operator] [917d9e9c] 04:05:37.166 [ReconcilerExecutor-hivemq-controller-75] DEBUG c.h.p.o.h.HiveMQPlatformReconcilerErrorHandler - [helmcust] Pod 'test-hivemq-platform-0' phase Pending
2025-01-30 04:05:37,250 INFO c.h.h.t.HelmChartContainer - [hivemq-test-hivemq-platform] [hivemq-platform-operator] [917d9e9c] 04:05:37.248 [ReconcilerExecutor-hivemq-controller-75] DEBUG c.h.p.o.h.HiveMQPlatformReconcilerErrorHandler - [helmcust] Pod 'test-hivemq-platform-0' condition 'PodReadyToStartContainers': False
2025-01-30 04:05:37,251 INFO c.h.h.t.HelmChartContainer - [hivemq-test-hivemq-platform] [hivemq-platform-operator] [917d9e9c] 04:05:37.250 [ReconcilerExecutor-hivemq-controller-75] DEBUG c.h.p.o.h.HiveMQPlatformReconcilerErrorHandler - [helmcust] Pod 'test-hivemq-platform-0' condition 'Initialized': False
2025-01-30 04:05:37,251 INFO c.h.h.t.HelmChartContainer - [hivemq-test-hivemq-platform] [hivemq-platform-operator] [917d9e9c] 04:05:37.250 [ReconcilerExecutor-hivemq-controller-75] DEBUG c.h.p.o.h.HiveMQPlatformReconcilerErrorHandler - [helmcust] Pod 'test-hivemq-platform-0' condition 'Ready': False
2025-01-30 04:05:37,252 INFO c.h.h.t.HelmChartContainer - [hivemq-test-hivemq-platform] [hivemq-platform-operator] [917d9e9c] 04:05:37.250 [ReconcilerExecutor-hivemq-controller-75] DEBUG c.h.p.o.h.HiveMQPlatformReconcilerErrorHandler - [helmcust] Pod 'test-hivemq-platform-0' condition 'ContainersReady': False
2025-01-30 04:05:37,252 INFO c.h.h.t.HelmChartContainer - [hivemq-test-hivemq-platform] [hivemq-platform-operator] [917d9e9c] 04:05:37.250 [ReconcilerExecutor-hivemq-controller-75] DEBUG c.h.p.o.h.HiveMQPlatformReconcilerErrorHandler - [helmcust] Pod 'test-hivemq-platform-0' condition 'PodScheduled': True
2025-01-30 04:05:37,252 INFO c.h.h.t.HelmChartContainer - [hivemq-test-hivemq-platform] [hivemq-platform-operator] [917d9e9c] 04:05:37.250 [ReconcilerExecutor-hivemq-controller-75] DEBUG c.h.p.o.h.HiveMQPlatformReconcilerErrorHandler - [helmcust] Pod 'test-hivemq-platform-0' containerStatus 'hivemq' (started: false) (ready: false) (waiting: [PodInitializing] null)
2025-01-30 04:05:37,254 INFO c.h.h.t.HelmChartContainer - [hivemq-test-hivemq-platform] [hivemq-platform-operator] [917d9e9c] 04:05:37.253 [ReconcilerExecutor-hivemq-controller-75] INFO  c.h.p.o.h.HiveMQPlatformReconcilerBaseHandler - [helmcust] HiveMQ Platform is starting, 0 of 1 replicas are ready
2025-01-30 04:05:37,260 INFO c.h.h.t.HelmChartContainer - [hivemq-test-hivemq-platform] [hivemq-platform-operator] [917d9e9c] 04:05:37.258 [pool-6-thread-32] DEBUG c.h.p.o.d.PlatformServiceResource - [helmcust] Desired Platform services (3 services)
2025-01-30 04:05:37,262 INFO c.h.h.t.HelmChartContainer - [hivemq-test-hivemq-platform] [hivemq-platform-operator] [917d9e9c] 04:05:37.260 [pool-6-thread-33] DEBUG c.h.p.o.dependants.PodInfoConfigMap - [helmcust] Desired PodInfo ConfigMap (1 extensions) (1 enabled)
2025-01-30 04:05:37,262 INFO c.h.h.t.HelmChartContainer - [hivemq-test-hivemq-platform] [hivemq-platform-operator] [917d9e9c] 04:05:37.260 [pool-6-thread-33] DEBUG c.h.p.o.dependants.PodInfoConfigMap - [helmcust] Desired PodInfo ConfigMap (metrics port: 9399) (metrics path: /)
2025-01-30 04:05:37,262 INFO c.h.h.t.HelmChartContainer - [hivemq-test-hivemq-platform] [hivemq-platform-operator] [917d9e9c] 04:05:37.260 [pool-6-thread-33] DEBUG c.h.p.o.dependants.PodInfoConfigMap - [helmcust] Desired PodInfo ConfigMap (extension state hash: -1287821691)
2025-01-30 04:05:37,269 INFO c.h.h.t.HelmChartContainer - [hivemq-test-hivemq-platform] [hivemq-platform-operator] [917d9e9c] 04:05:37.267 [pool-6-thread-37] DEBUG c.h.p.o.d.PodServiceAccountResource - [helmcust] Desired PodServiceAccountResource (serviceAccountName: hivemq-platform-pod-test-hivemq-platform)
2025-01-30 04:05:37,279 INFO c.h.h.t.HelmChartContainer - [EVENT] Normal [Pulled] Container image "docker.io/hivemq/hivemq-platform-operator-init-test:snapshot" already present on machine [helmcustomextensionit:test-hivemq-platform-0]
2025-01-30 04:05:37,351 INFO c.h.h.t.HelmChartContainer - [hivemq-test-hivemq-platform] [hivemq-platform-operator] [917d9e9c] 04:05:37.350 [pool-6-thread-40] DEBUG c.h.p.o.d.StatefulSetResource - [helmcust] Desired StatefulSet (1 replicas) for status STARTING (READY)
2025-01-30 04:05:37,355 INFO c.h.h.t.HelmChartContainer - [hivemq-test-hivemq-platform] [hivemq-platform-operator] [917d9e9c] 04:05:37.355 [ReconcilerExecutor-hivemq-controller-86] INFO  c.h.p.o.HiveMQPlatformReconciler - [helmcust] Reconciling HiveMQ Platform 'test-hivemq-platform' in namespace 'helmcustomextensionit'
2025-01-30 04:05:37,357 INFO c.h.h.t.HelmChartContainer - [hivemq-test-hivemq-platform] [hivemq-platform-operator] [917d9e9c] 04:05:37.355 [ReconcilerExecutor-hivemq-controller-86] DEBUG c.h.p.o.HiveMQPlatformReconciler - [helmcust] Custom Resource Status STARTING - HiveMQ Platform is starting (READY)
2025-01-30 04:05:37,357 INFO c.h.h.t.HelmChartContainer - [hivemq-test-hivemq-platform] [hivemq-platform-operator] [917d9e9c] 04:05:37.355 [ReconcilerExecutor-hivemq-controller-86] DEBUG c.h.p.o.HiveMQPlatformReconciler - [helmcust] Custom Resource Spec (replicas: 1) (extensions: 1)
2025-01-30 04:05:37,359 INFO c.h.h.t.HelmChartContainer - [hivemq-test-hivemq-platform] [hivemq-platform-operator] [917d9e9c] 04:05:37.359 [ReconcilerExecutor-hivemq-controller-86] DEBUG c.h.p.o.HiveMQPlatformReconciler - [helmcust] StatefulSet Status (revision: test-hivemq-platform-796ccc778, replicas: 1, available: 0, ready: 0, current: 1, updated: 1)
2025-01-30 04:05:37,361 INFO c.h.h.t.HelmChartContainer - [hivemq-test-hivemq-platform] [hivemq-platform-operator] [917d9e9c] 04:05:37.359 [ReconcilerExecutor-hivemq-controller-86] DEBUG c.h.p.o.HiveMQPlatformReconciler - [helmcust] StatefulSet Spec (replicas: 1, init containers: 1, containers: 1, volumes: 3)
2025-01-30 04:05:37,362 INFO c.h.h.t.HelmChartContainer - [hivemq-test-hivemq-platform] [hivemq-platform-operator] [917d9e9c] 04:05:37.360 [ReconcilerExecutor-hivemq-controller-86] DEBUG c.h.p.o.h.HiveMQPlatformReconcilerErrorHandler - [helmcust] Pod 'test-hivemq-platform-0' phase Pending
2025-01-30 04:05:37,363 INFO c.h.h.t.HelmChartContainer - [hivemq-test-hivemq-platform] [hivemq-platform-operator] [917d9e9c] 04:05:37.360 [ReconcilerExecutor-hivemq-controller-86] DEBUG c.h.p.o.h.HiveMQPlatformReconcilerErrorHandler - [helmcust] Pod 'test-hivemq-platform-0' condition 'PodReadyToStartContainers': False
2025-01-30 04:05:37,363 INFO c.h.h.t.HelmChartContainer - [hivemq-test-hivemq-platform] [hivemq-platform-operator] [917d9e9c] 04:05:37.360 [ReconcilerExecutor-hivemq-controller-86] DEBUG c.h.p.o.h.HiveMQPlatformReconcilerErrorHandler - [helmcust] Pod 'test-hivemq-platform-0' condition 'Initialized': False
2025-01-30 04:05:37,363 INFO c.h.h.t.HelmChartContainer - [hivemq-test-hivemq-platform] [hivemq-platform-operator] [917d9e9c] 04:05:37.360 [ReconcilerExecutor-hivemq-controller-86] DEBUG c.h.p.o.h.HiveMQPlatformReconcilerErrorHandler - [helmcust] Pod 'test-hivemq-platform-0' condition 'Ready': False
2025-01-30 04:05:37,363 INFO c.h.h.t.HelmChartContainer - [hivemq-test-hivemq-platform] [hivemq-platform-operator] [917d9e9c] 04:05:37.361 [ReconcilerExecutor-hivemq-controller-86] DEBUG c.h.p.o.h.HiveMQPlatformReconcilerErrorHandler - [helmcust] Pod 'test-hivemq-platform-0' condition 'ContainersReady': False
2025-01-30 04:05:37,363 INFO c.h.h.t.HelmChartContainer - [hivemq-test-hivemq-platform] [hivemq-platform-operator] [917d9e9c] 04:05:37.361 [ReconcilerExecutor-hivemq-controller-86] DEBUG c.h.p.o.h.HiveMQPlatformReconcilerErrorHandler - [helmcust] Pod 'test-hivemq-platform-0' condition 'PodScheduled': True
2025-01-30 04:05:37,363 INFO c.h.h.t.HelmChartContainer - [hivemq-test-hivemq-platform] [hivemq-platform-operator] [917d9e9c] 04:05:37.361 [ReconcilerExecutor-hivemq-controller-86] DEBUG c.h.p.o.h.HiveMQPlatformReconcilerErrorHandler - [helmcust] Pod 'test-hivemq-platform-0' containerStatus 'hivemq' (started: false) (ready: false) (waiting: [PodInitializing] null)
2025-01-30 04:05:37,364 INFO c.h.h.t.HelmChartContainer - [hivemq-test-hivemq-platform] [hivemq-platform-operator] [917d9e9c] 04:05:37.364 [ReconcilerExecutor-hivemq-controller-86] INFO  c.h.p.o.h.HiveMQPlatformReconcilerBaseHandler - [helmcust] HiveMQ Platform is starting, 0 of 1 replicas are ready
2025-01-30 04:05:37,422 INFO c.h.h.t.HelmChartContainer - [EVENT] Normal [Created] Created container: hivemq-platform-operator-init [helmcustomextensionit:test-hivemq-platform-0]
2025-01-30 04:05:37,469 INFO c.h.h.t.HelmChartContainer - [EVENT] Normal [Started] Started container hivemq-platform-operator-init [helmcustomextensionit:test-hivemq-platform-0]
2025-01-30 04:05:37,713 INFO c.h.h.t.HelmChartContainer - [POD] test-hivemq-platform-0 [cbf864c9-99f2-4080-9671-76caf5b3bfc1] in helmcustomextensionit was MODIFIED
2025-01-30 04:05:37,754 INFO c.h.h.t.HelmChartContainer - [hivemq-test-hivemq-platform] [hivemq-platform-operator] [917d9e9c] 04:05:37.752 [pool-6-thread-42] DEBUG c.h.p.o.d.PlatformServiceResource - [helmcust] Desired Platform services (3 services)
2025-01-30 04:05:37,758 INFO c.h.h.t.HelmChartContainer - [hivemq-test-hivemq-platform] [hivemq-platform-operator] [917d9e9c] 04:05:37.756 [pool-6-thread-43] DEBUG c.h.p.o.dependants.PodInfoConfigMap - [helmcust] Desired PodInfo ConfigMap (1 extensions) (1 enabled)
2025-01-30 04:05:37,758 INFO c.h.h.t.HelmChartContainer - [hivemq-test-hivemq-platform] [hivemq-platform-operator] [917d9e9c] 04:05:37.757 [pool-6-thread-43] DEBUG c.h.p.o.dependants.PodInfoConfigMap - [helmcust] Desired PodInfo ConfigMap (metrics port: 9399) (metrics path: /)
2025-01-30 04:05:37,758 INFO c.h.h.t.HelmChartContainer - [hivemq-test-hivemq-platform] [hivemq-platform-operator] [917d9e9c] 04:05:37.757 [pool-6-thread-43] DEBUG c.h.p.o.dependants.PodInfoConfigMap - [helmcust] Desired PodInfo ConfigMap (extension state hash: -1287821691)
2025-01-30 04:05:37,762 INFO c.h.h.t.HelmChartContainer - [hivemq-test-hivemq-platform] [hivemq-platform-operator] [917d9e9c] 04:05:37.761 [pool-6-thread-47] DEBUG c.h.p.o.d.PodServiceAccountResource - [helmcust] Desired PodServiceAccountResource (serviceAccountName: hivemq-platform-pod-test-hivemq-platform)
2025-01-30 04:05:37,790 INFO c.h.h.t.HelmChartContainer - [hivemq-test-hivemq-platform] [hivemq-platform-operator] [917d9e9c] 04:05:37.789 [pool-6-thread-50] DEBUG c.h.p.o.d.StatefulSetResource - [helmcust] Desired StatefulSet (1 replicas) for status STARTING (READY)
2025-01-30 04:05:37,853 INFO c.h.h.t.HelmChartContainer - [hivemq-test-hivemq-platform] [hivemq-platform-operator] [917d9e9c] 04:05:37.851 [ReconcilerExecutor-hivemq-controller-97] INFO  c.h.p.o.HiveMQPlatformReconciler - [helmcust] Reconciling HiveMQ Platform 'test-hivemq-platform' in namespace 'helmcustomextensionit'
2025-01-30 04:05:37,853 INFO c.h.h.t.HelmChartContainer - [hivemq-test-hivemq-platform] [hivemq-platform-operator] [917d9e9c] 04:05:37.852 [ReconcilerExecutor-hivemq-controller-97] DEBUG c.h.p.o.HiveMQPlatformReconciler - [helmcust] Custom Resource Status STARTING - HiveMQ Platform is starting (READY)
2025-01-30 04:05:37,853 INFO c.h.h.t.HelmChartContainer - [hivemq-test-hivemq-platform] [hivemq-platform-operator] [917d9e9c] 04:05:37.852 [ReconcilerExecutor-hivemq-controller-97] DEBUG c.h.p.o.HiveMQPlatformReconciler - [helmcust] Custom Resource Spec (replicas: 1) (extensions: 1)
2025-01-30 04:05:37,856 INFO c.h.h.t.HelmChartContainer - [hivemq-test-hivemq-platform] [hivemq-platform-operator] [917d9e9c] 04:05:37.855 [ReconcilerExecutor-hivemq-controller-97] DEBUG c.h.p.o.HiveMQPlatformReconciler - [helmcust] StatefulSet Status (revision: test-hivemq-platform-796ccc778, replicas: 1, available: 0, ready: 0, current: 1, updated: 1)
2025-01-30 04:05:37,856 INFO c.h.h.t.HelmChartContainer - [hivemq-test-hivemq-platform] [hivemq-platform-operator] [917d9e9c] 04:05:37.855 [ReconcilerExecutor-hivemq-controller-97] DEBUG c.h.p.o.HiveMQPlatformReconciler - [helmcust] StatefulSet Spec (replicas: 1, init containers: 1, containers: 1, volumes: 3)
2025-01-30 04:05:37,859 INFO c.h.h.t.HelmChartContainer - [hivemq-test-hivemq-platform] [hivemq-platform-operator] [917d9e9c] 04:05:37.858 [ReconcilerExecutor-hivemq-controller-97] DEBUG c.h.p.o.h.HiveMQPlatformReconcilerErrorHandler - [helmcust] Pod 'test-hivemq-platform-0' phase Pending
2025-01-30 04:05:37,860 INFO c.h.h.t.HelmChartContainer - [hivemq-test-hivemq-platform] [hivemq-platform-operator] [917d9e9c] 04:05:37.858 [ReconcilerExecutor-hivemq-controller-97] DEBUG c.h.p.o.h.HiveMQPlatformReconcilerErrorHandler - [helmcust] Pod 'test-hivemq-platform-0' condition 'PodReadyToStartContainers': True
2025-01-30 04:05:37,860 INFO c.h.h.t.HelmChartContainer - [hivemq-test-hivemq-platform] [hivemq-platform-operator] [917d9e9c] 04:05:37.858 [ReconcilerExecutor-hivemq-controller-97] DEBUG c.h.p.o.h.HiveMQPlatformReconcilerErrorHandler - [helmcust] Pod 'test-hivemq-platform-0' condition 'Initialized': False
2025-01-30 04:05:37,860 INFO c.h.h.t.HelmChartContainer - [hivemq-test-hivemq-platform] [hivemq-platform-operator] [917d9e9c] 04:05:37.858 [ReconcilerExecutor-hivemq-controller-97] DEBUG c.h.p.o.h.HiveMQPlatformReconcilerErrorHandler - [helmcust] Pod 'test-hivemq-platform-0' condition 'Ready': False
2025-01-30 04:05:37,860 INFO c.h.h.t.HelmChartContainer - [hivemq-test-hivemq-platform] [hivemq-platform-operator] [917d9e9c] 04:05:37.858 [ReconcilerExecutor-hivemq-controller-97] DEBUG c.h.p.o.h.HiveMQPlatformReconcilerErrorHandler - [helmcust] Pod 'test-hivemq-platform-0' condition 'ContainersReady': False
2025-01-30 04:05:37,860 INFO c.h.h.t.HelmChartContainer - [hivemq-test-hivemq-platform] [hivemq-platform-operator] [917d9e9c] 04:05:37.858 [ReconcilerExecutor-hivemq-controller-97] DEBUG c.h.p.o.h.HiveMQPlatformReconcilerErrorHandler - [helmcust] Pod 'test-hivemq-platform-0' condition 'PodScheduled': True
2025-01-30 04:05:37,860 INFO c.h.h.t.HelmChartContainer - [hivemq-test-hivemq-platform] [hivemq-platform-operator] [917d9e9c] 04:05:37.858 [ReconcilerExecutor-hivemq-controller-97] DEBUG c.h.p.o.h.HiveMQPlatformReconcilerErrorHandler - [helmcust] Pod 'test-hivemq-platform-0' containerStatus 'hivemq' (started: false) (ready: false) (waiting: [PodInitializing] null)
2025-01-30 04:05:37,860 INFO c.h.h.t.HelmChartContainer - [hivemq-test-hivemq-platform] [hivemq-platform-operator] [917d9e9c] 04:05:37.859 [ReconcilerExecutor-hivemq-controller-97] INFO  c.h.p.o.h.HiveMQPlatformReconcilerBaseHandler - [helmcust] HiveMQ Platform is starting, 0 of 1 replicas are ready
2025-01-30 04:05:38,649 INFO c.h.h.t.HelmChartContainer - [EVENT] Normal [Pulled] Container image "docker.io/hivemq/hivemq4:4.36.0" already present on machine [helmcustomextensionit:test-hivemq-platform-0]
2025-01-30 04:05:38,649 INFO c.h.h.t.HelmChartContainer - Received Pulled event for container hivemq in pod test-hivemq-platform-0 [cbf864c9-99f2-4080-9671-76caf5b3bfc1]
2025-01-30 04:05:38,658 INFO c.h.h.t.HelmChartContainer - [POD] test-hivemq-platform-0 [cbf864c9-99f2-4080-9671-76caf5b3bfc1] in helmcustomextensionit was MODIFIED
2025-01-30 04:05:38,671 INFO c.h.h.t.HelmChartContainer - [hivemq-test-hivemq-platform] [hivemq-platform-operator] [917d9e9c] 04:05:38.666 [pool-6-thread-9] DEBUG c.h.p.o.d.PlatformServiceResource - [helmcust] Desired Platform services (3 services)
2025-01-30 04:05:38,671 INFO c.h.h.t.HelmChartContainer - [hivemq-test-hivemq-platform] [hivemq-platform-operator] [917d9e9c] 04:05:38.667 [pool-6-thread-8] DEBUG c.h.p.o.dependants.PodInfoConfigMap - [helmcust] Desired PodInfo ConfigMap (1 extensions) (1 enabled)
2025-01-30 04:05:38,671 INFO c.h.h.t.HelmChartContainer - [hivemq-test-hivemq-platform] [hivemq-platform-operator] [917d9e9c] 04:05:38.667 [pool-6-thread-8] DEBUG c.h.p.o.dependants.PodInfoConfigMap - [helmcust] Desired PodInfo ConfigMap (metrics port: 9399) (metrics path: /)
2025-01-30 04:05:38,671 INFO c.h.h.t.HelmChartContainer - [hivemq-test-hivemq-platform] [hivemq-platform-operator] [917d9e9c] 04:05:38.667 [pool-6-thread-8] DEBUG c.h.p.o.dependants.PodInfoConfigMap - [helmcust] Desired PodInfo ConfigMap (extension state hash: -1287821691)
2025-01-30 04:05:38,671 INFO c.h.h.t.HelmChartContainer - [hivemq-test-hivemq-platform] [hivemq-platform-operator] [917d9e9c] 04:05:38.670 [pool-6-thread-6] DEBUG c.h.p.o.d.PodServiceAccountResource - [helmcust] Desired PodServiceAccountResource (serviceAccountName: hivemq-platform-pod-test-hivemq-platform)
2025-01-30 04:05:38,676 INFO c.h.h.t.HelmChartContainer - [hivemq-test-hivemq-platform] [hivemq-platform-operator] [917d9e9c] 04:05:38.676 [pool-6-thread-3] DEBUG c.h.p.o.d.StatefulSetResource - [helmcust] Desired StatefulSet (1 replicas) for status STARTING (READY)
2025-01-30 04:05:38,753 INFO c.h.h.t.HelmChartContainer - [hivemq-test-hivemq-platform] [hivemq-platform-operator] [917d9e9c] 04:05:38.750 [ReconcilerExecutor-hivemq-controller-108] INFO  c.h.p.o.HiveMQPlatformReconciler - [helmcust] Reconciling HiveMQ Platform 'test-hivemq-platform' in namespace 'helmcustomextensionit'
2025-01-30 04:05:38,753 INFO c.h.h.t.HelmChartContainer - [hivemq-test-hivemq-platform] [hivemq-platform-operator] [917d9e9c] 04:05:38.750 [ReconcilerExecutor-hivemq-controller-108] DEBUG c.h.p.o.HiveMQPlatformReconciler - [helmcust] Custom Resource Status STARTING - HiveMQ Platform is starting (READY)
2025-01-30 04:05:38,753 INFO c.h.h.t.HelmChartContainer - [hivemq-test-hivemq-platform] [hivemq-platform-operator] [917d9e9c] 04:05:38.750 [ReconcilerExecutor-hivemq-controller-108] DEBUG c.h.p.o.HiveMQPlatformReconciler - [helmcust] Custom Resource Spec (replicas: 1) (extensions: 1)
2025-01-30 04:05:38,753 INFO c.h.h.t.HelmChartContainer - [hivemq-test-hivemq-platform] [hivemq-platform-operator] [917d9e9c] 04:05:38.752 [ReconcilerExecutor-hivemq-controller-108] DEBUG c.h.p.o.HiveMQPlatformReconciler - [helmcust] StatefulSet Status (revision: test-hivemq-platform-796ccc778, replicas: 1, available: 0, ready: 0, current: 1, updated: 1)
2025-01-30 04:05:38,755 INFO c.h.h.t.HelmChartContainer - [hivemq-test-hivemq-platform] [hivemq-platform-operator] [917d9e9c] 04:05:38.752 [ReconcilerExecutor-hivemq-controller-108] DEBUG c.h.p.o.HiveMQPlatformReconciler - [helmcust] StatefulSet Spec (replicas: 1, init containers: 1, containers: 1, volumes: 3)
2025-01-30 04:05:38,756 INFO c.h.h.t.HelmChartContainer - [hivemq-test-hivemq-platform] [hivemq-platform-operator] [917d9e9c] 04:05:38.756 [ReconcilerExecutor-hivemq-controller-108] DEBUG c.h.p.o.h.HiveMQPlatformReconcilerErrorHandler - [helmcust] Pod 'test-hivemq-platform-0' phase Pending
2025-01-30 04:05:38,757 INFO c.h.h.t.HelmChartContainer - [hivemq-test-hivemq-platform] [hivemq-platform-operator] [917d9e9c] 04:05:38.756 [ReconcilerExecutor-hivemq-controller-108] DEBUG c.h.p.o.h.HiveMQPlatformReconcilerErrorHandler - [helmcust] Pod 'test-hivemq-platform-0' condition 'PodReadyToStartContainers': True
2025-01-30 04:05:38,758 INFO c.h.h.t.HelmChartContainer - [hivemq-test-hivemq-platform] [hivemq-platform-operator] [917d9e9c] 04:05:38.756 [ReconcilerExecutor-hivemq-controller-108] DEBUG c.h.p.o.h.HiveMQPlatformReconcilerErrorHandler - [helmcust] Pod 'test-hivemq-platform-0' condition 'Initialized': True
2025-01-30 04:05:38,758 INFO c.h.h.t.HelmChartContainer - [hivemq-test-hivemq-platform] [hivemq-platform-operator] [917d9e9c] 04:05:38.756 [ReconcilerExecutor-hivemq-controller-108] DEBUG c.h.p.o.h.HiveMQPlatformReconcilerErrorHandler - [helmcust] Pod 'test-hivemq-platform-0' condition 'Ready': False
2025-01-30 04:05:38,758 INFO c.h.h.t.HelmChartContainer - [hivemq-test-hivemq-platform] [hivemq-platform-operator] [917d9e9c] 04:05:38.756 [ReconcilerExecutor-hivemq-controller-108] DEBUG c.h.p.o.h.HiveMQPlatformReconcilerErrorHandler - [helmcust] Pod 'test-hivemq-platform-0' condition 'ContainersReady': False
2025-01-30 04:05:38,758 INFO c.h.h.t.HelmChartContainer - [hivemq-test-hivemq-platform] [hivemq-platform-operator] [917d9e9c] 04:05:38.756 [ReconcilerExecutor-hivemq-controller-108] DEBUG c.h.p.o.h.HiveMQPlatformReconcilerErrorHandler - [helmcust] Pod 'test-hivemq-platform-0' condition 'PodScheduled': True
2025-01-30 04:05:38,758 INFO c.h.h.t.HelmChartContainer - [hivemq-test-hivemq-platform] [hivemq-platform-operator] [917d9e9c] 04:05:38.756 [ReconcilerExecutor-hivemq-controller-108] DEBUG c.h.p.o.h.HiveMQPlatformReconcilerErrorHandler - [helmcust] Pod 'test-hivemq-platform-0' containerStatus 'hivemq' (started: false) (ready: false) (waiting: [PodInitializing] null)
2025-01-30 04:05:38,758 INFO c.h.h.t.HelmChartContainer - [hivemq-test-hivemq-platform] [hivemq-platform-operator] [917d9e9c] 04:05:38.757 [ReconcilerExecutor-hivemq-controller-108] INFO  c.h.p.o.h.HiveMQPlatformReconcilerBaseHandler - [helmcust] HiveMQ Platform is starting, 0 of 1 replicas are ready
2025-01-30 04:05:39,829 INFO c.h.h.t.HelmChartContainer - [EVENT] Normal [Created] Created container: hivemq [helmcustomextensionit:test-hivemq-platform-0]
2025-01-30 04:05:39,829 INFO c.h.h.t.HelmChartContainer - Received Created event for container hivemq in pod test-hivemq-platform-0 [cbf864c9-99f2-4080-9671-76caf5b3bfc1]
2025-01-30 04:05:40,666 INFO c.h.h.t.HelmChartContainer - [POD] test-hivemq-platform-0 [cbf864c9-99f2-4080-9671-76caf5b3bfc1] in helmcustomextensionit was MODIFIED
2025-01-30 04:05:40,672 INFO c.h.h.t.HelmChartContainer - [EVENT] Normal [Started] Started container hivemq [helmcustomextensionit:test-hivemq-platform-0]
2025-01-30 04:05:40,673 INFO c.h.h.t.HelmChartContainer - Received Started event for container hivemq in pod test-hivemq-platform-0 [cbf864c9-99f2-4080-9671-76caf5b3bfc1]
2025-01-30 04:05:40,674 INFO c.h.h.t.HelmChartContainer - Started log watcher for hivemq in pod test-hivemq-platform-0 [cbf864c9-99f2-4080-9671-76caf5b3bfc1]
2025-01-30 04:05:40,674 INFO c.h.h.t.HelmChartContainer - [test-hivemq-platform] [hivemq] [cbf864c9] Adding pre-installed HiveMQ Platform Operator extensions
2025-01-30 04:05:40,674 INFO c.h.h.t.HelmChartContainer - [test-hivemq-platform] [hivemq] [cbf864c9] Running as user 10000
2025-01-30 04:05:40,674 INFO c.h.h.t.HelmChartContainer - [test-hivemq-platform] [hivemq] [cbf864c9] Starting HiveMQ Platform Operator Init
2025-01-30 04:05:40,674 INFO c.h.h.t.HelmChartContainer - [hivemq-test-hivemq-platform] [hivemq-platform-operator] [917d9e9c] 04:05:40.673 [pool-6-thread-11] DEBUG c.h.p.o.d.PlatformServiceResource - [helmcust] Desired Platform services (3 services)
2025-01-30 04:05:40,678 INFO c.h.h.t.HelmChartContainer - [hivemq-test-hivemq-platform] [hivemq-platform-operator] [917d9e9c] 04:05:40.676 [pool-6-thread-17] DEBUG c.h.p.o.d.PodServiceAccountResource - [helmcust] Desired PodServiceAccountResource (serviceAccountName: hivemq-platform-pod-test-hivemq-platform)
2025-01-30 04:05:40,680 INFO c.h.h.t.HelmChartContainer - [hivemq-test-hivemq-platform] [hivemq-platform-operator] [917d9e9c] 04:05:40.677 [pool-6-thread-16] DEBUG c.h.p.o.dependants.PodInfoConfigMap - [helmcust] Desired PodInfo ConfigMap (1 extensions) (1 enabled)
2025-01-30 04:05:40,681 INFO c.h.h.t.HelmChartContainer - [hivemq-test-hivemq-platform] [hivemq-platform-operator] [917d9e9c] 04:05:40.680 [pool-6-thread-16] DEBUG c.h.p.o.dependants.PodInfoConfigMap - [helmcust] Desired PodInfo ConfigMap (metrics port: 9399) (metrics path: /)
2025-01-30 04:05:40,682 INFO c.h.h.t.HelmChartContainer - [hivemq-test-hivemq-platform] [hivemq-platform-operator] [917d9e9c] 04:05:40.680 [pool-6-thread-16] DEBUG c.h.p.o.dependants.PodInfoConfigMap - [helmcust] Desired PodInfo ConfigMap (extension state hash: -1287821691)
2025-01-30 04:05:40,686 INFO c.h.h.t.HelmChartContainer - [hivemq-test-hivemq-platform] [hivemq-platform-operator] [917d9e9c] 04:05:40.684 [pool-6-thread-11] DEBUG c.h.p.o.d.StatefulSetResource - [helmcust] Desired StatefulSet (1 replicas) for status STARTING (READY)
2025-01-30 04:05:40,754 INFO c.h.h.t.HelmChartContainer - [hivemq-test-hivemq-platform] [hivemq-platform-operator] [917d9e9c] 04:05:40.750 [ReconcilerExecutor-hivemq-controller-109] INFO  c.h.p.o.HiveMQPlatformReconciler - [helmcust] Reconciling HiveMQ Platform 'test-hivemq-platform' in namespace 'helmcustomextensionit'
2025-01-30 04:05:40,755 INFO c.h.h.t.HelmChartContainer - [hivemq-test-hivemq-platform] [hivemq-platform-operator] [917d9e9c] 04:05:40.750 [ReconcilerExecutor-hivemq-controller-109] DEBUG c.h.p.o.HiveMQPlatformReconciler - [helmcust] Custom Resource Status STARTING - HiveMQ Platform is starting (READY)
2025-01-30 04:05:40,755 INFO c.h.h.t.HelmChartContainer - [hivemq-test-hivemq-platform] [hivemq-platform-operator] [917d9e9c] 04:05:40.750 [ReconcilerExecutor-hivemq-controller-109] DEBUG c.h.p.o.HiveMQPlatformReconciler - [helmcust] Custom Resource Spec (replicas: 1) (extensions: 1)
2025-01-30 04:05:40,755 INFO c.h.h.t.HelmChartContainer - [hivemq-test-hivemq-platform] [hivemq-platform-operator] [917d9e9c] 04:05:40.753 [ReconcilerExecutor-hivemq-controller-109] DEBUG c.h.p.o.HiveMQPlatformReconciler - [helmcust] StatefulSet Status (revision: test-hivemq-platform-796ccc778, replicas: 1, available: 0, ready: 0, current: 1, updated: 1)
2025-01-30 04:05:40,755 INFO c.h.h.t.HelmChartContainer - [hivemq-test-hivemq-platform] [hivemq-platform-operator] [917d9e9c] 04:05:40.753 [ReconcilerExecutor-hivemq-controller-109] DEBUG c.h.p.o.HiveMQPlatformReconciler - [helmcust] StatefulSet Spec (replicas: 1, init containers: 1, containers: 1, volumes: 3)
2025-01-30 04:05:40,758 INFO c.h.h.t.HelmChartContainer - [hivemq-test-hivemq-platform] [hivemq-platform-operator] [917d9e9c] 04:05:40.757 [ReconcilerExecutor-hivemq-controller-109] DEBUG c.h.p.o.h.HiveMQPlatformReconcilerErrorHandler - [helmcust] Pod 'test-hivemq-platform-0' phase Running
2025-01-30 04:05:40,760 INFO c.h.h.t.HelmChartContainer - [hivemq-test-hivemq-platform] [hivemq-platform-operator] [917d9e9c] 04:05:40.759 [ReconcilerExecutor-hivemq-controller-109] INFO  c.h.p.o.h.HiveMQPlatformReconcilerBaseHandler - [helmcust] HiveMQ Platform is starting, 0 of 1 replicas are ready
2025-01-30 04:05:41,152 INFO c.h.h.t.HelmChartContainer - [test-hivemq-platform] [hivemq] [cbf864c9] INFO  - [HiveMQ Platform Operator Init 1.7.0-SNAPSHOT] HiveMQ Platform Operator Init 1.7.0-SNAPSHOT (commit: 47e3375 on branch: HEAD) built on Thu Jan 30 03:55:50 UTC 2025
2025-01-30 04:05:42,347 INFO c.h.h.t.HelmChartContainer - [test-hivemq-platform] [hivemq] [cbf864c9] INFO  - [HiveMQ Platform Operator Init App 1.7.0-SNAPSHOT] Using bind address 10.42.0.15 from environment variable
2025-01-30 04:05:43,252 INFO c.h.h.t.HelmChartContainer - [test-hivemq-platform] [hivemq] [cbf864c9] INFO  - [HiveMQ Platform Operator Init App 1.7.0-SNAPSHOT] HiveMQ Platform Operator Init App 1.7.0-SNAPSHOT (commit: 47e3375 on branch: HEAD) built on Thu Jan 30 03:55:50 UTC 2025
2025-01-30 04:05:43,253 INFO c.h.h.t.HelmChartContainer - [test-hivemq-platform] [hivemq] [cbf864c9] INFO  - [HiveMQ Platform Operator Init App 1.7.0-SNAPSHOT] PodInfo ConfigMap directory: /etc/podinfo
2025-01-30 04:05:43,253 INFO c.h.h.t.HelmChartContainer - [test-hivemq-platform] [hivemq] [cbf864c9] INFO  - [HiveMQ Platform Operator Init App 1.7.0-SNAPSHOT] HiveMQ home directory: /opt/hivemq
2025-01-30 04:05:43,253 INFO c.h.h.t.HelmChartContainer - [test-hivemq-platform] [hivemq] [cbf864c9] INFO  - [HiveMQ Platform Operator Init App 1.7.0-SNAPSHOT] HiveMQ Logback folder: /opt/hivemq/conf
2025-01-30 04:05:43,254 INFO c.h.h.t.HelmChartContainer - [test-hivemq-platform] [hivemq] [cbf864c9] INFO  - [HiveMQ Platform Operator Init App 1.7.0-SNAPSHOT] HiveMQ Config folder: /opt/hivemq/conf-k8s
2025-01-30 04:05:43,254 INFO c.h.h.t.HelmChartContainer - [test-hivemq-platform] [hivemq] [cbf864c9] INFO  - [HiveMQ Platform Operator Init App 1.7.0-SNAPSHOT] Starting HiveMQ Platform Operator Init App
2025-01-30 04:05:43,254 INFO c.h.h.t.HelmChartContainer - [test-hivemq-platform] [hivemq] [cbf864c9] INFO  - [HiveMQ Platform Operator Init App 1.7.0-SNAPSHOT] Starting Pod reconciler
2025-01-30 04:05:44,452 INFO c.h.h.t.HelmChartContainer - [test-hivemq-platform] [hivemq] [cbf864c9] INFO  - [HiveMQ Platform Operator Init App 1.7.0-SNAPSHOT] Pod reconciler is scheduled (interval: 5000 ms)
2025-01-30 04:05:44,452 INFO c.h.h.t.HelmChartContainer - [test-hivemq-platform] [hivemq] [cbf864c9] INFO  - [HiveMQ Platform Operator Init App 1.7.0-SNAPSHOT] Starting the REST API on 10.42.0.15:7979
2025-01-30 04:05:44,455 INFO c.h.h.t.HelmChartContainer - [test-hivemq-platform] [hivemq] [cbf864c9] INFO  - [HiveMQ Platform Operator Init App 1.7.0-SNAPSHOT] Waiting up to 600s for at most 1 HiveMQ nodes in cluster service hivemq-test-hivemq-platform-cluster.helmcustomextensionit.svc
2025-01-30 04:05:44,848 INFO c.h.h.t.HelmChartContainer - [test-hivemq-platform] [hivemq] [cbf864c9] INFO  - [HiveMQ Platform Operator Init App 1.7.0-SNAPSHOT] Resolved 1 IP addresses: [10.42.0.15]
2025-01-30 04:05:44,848 INFO c.h.h.t.HelmChartContainer - [test-hivemq-platform] [hivemq] [cbf864c9] INFO  - [HiveMQ Platform Operator Init App 1.7.0-SNAPSHOT] HiveMQ node count of 1 is within threshold of 1
2025-01-30 04:05:44,848 INFO c.h.h.t.HelmChartContainer - [test-hivemq-platform] [hivemq] [cbf864c9] INFO  - [HiveMQ Platform Operator Init App 1.7.0-SNAPSHOT] Proceeding with container start
2025-01-30 04:05:44,900 INFO c.h.h.t.HelmChartContainer - [test-hivemq-platform] [hivemq] [cbf864c9] INFO  - [HiveMQ Platform Operator Init App 1.7.0-SNAPSHOT] Initializing HiveMQ Platform extensions with initial configuration: {hivemq-custom-test-extension={start-priority=-1, skip-https-hostname-verification=true, restart=true, config-version=0, header-version=0, c-uri=, priority=-1, uri=https://nginx-service/hivemq-custom-test-extension-3.0.0.zip, skip-https-certificate-validation=true, enabled=true}, hivemq-prometheus-extension={request-header-path=no-request-headers, uri=preinstalled, skip-https-certificate-validation=false, skip-https-hostname-verification=false, c-uri=, start-priority=-1, priority=-1, restart=true, enabled=true}}
2025-01-30 04:05:44,901 INFO c.h.h.t.HelmChartContainer - [test-hivemq-platform] [hivemq] [cbf864c9] INFO  - [HiveMQ Platform Operator Init App 1.7.0-SNAPSHOT] Installing custom extension hivemq-custom-test-extension from URL https://nginx-service/hivemq-custom-test-extension-3.0.0.zip
2025-01-30 04:05:44,903 INFO c.h.h.t.HelmChartContainer - [test-hivemq-platform] [hivemq] [cbf864c9] INFO  - [HiveMQ Platform Operator Init App 1.7.0-SNAPSHOT] Downloading custom extension hivemq-custom-test-extension into '/tmp/hivemq-custom-test-extension7819929814754752811/extension.zip'
2025-01-30 04:05:45,501 INFO c.h.h.t.HelmChartContainer - [nginx-5fcd8786bb-khx] [nginx] [154366aa] 10.42.0.15 - - [30/Jan/2025:04:05:45 +0000] "GET /hivemq-custom-test-extension-3.0.0.zip HTTP/1.1" 200 11637 "-" "Java-http-client/21.0.5" "-"
2025-01-30 04:05:45,602 INFO c.h.h.t.HelmChartContainer - [test-hivemq-platform] [hivemq] [cbf864c9] INFO  - [HiveMQ Platform Operator Init App 1.7.0-SNAPSHOT] Copy extension from '/tmp/hivemq-custom-test-extension7819929814754752811/hivemq-custom-test-extension' to '/opt/hivemq/extensions/hivemq-custom-test-extension'
2025-01-30 04:05:45,604 INFO c.h.h.t.HelmChartContainer - [test-hivemq-platform] [hivemq] [cbf864c9] INFO  - [HiveMQ Platform Operator Init App 1.7.0-SNAPSHOT] Found hivemq-extension.xml in folder '/tmp/hivemq-custom-test-extension7819929814754752811/hivemq-custom-test-extension/hivemq-custom-test-extension'
2025-01-30 04:05:46,097 INFO c.h.h.t.HelmChartContainer - [test-hivemq-platform] [hivemq] [cbf864c9] INFO  - [HiveMQ Platform Operator Init App 1.7.0-SNAPSHOT] Extension hivemq-custom-test-extension was already enabled
2025-01-30 04:05:46,155 INFO c.h.h.t.HelmChartContainer - [test-hivemq-platform] [hivemq] [cbf864c9] INFO  - [HiveMQ Platform Operator Init App 1.7.0-SNAPSHOT] Successfully enabled extension hivemq-prometheus-extension
2025-01-30 04:05:46,156 INFO c.h.h.t.HelmChartContainer - [test-hivemq-platform] [hivemq] [cbf864c9] INFO  - [HiveMQ Platform Operator Init App 1.7.0-SNAPSHOT] Starting HiveMQ Platform version 4.36.0 (4.36.0)
2025-01-30 04:05:46,156 INFO c.h.h.t.HelmChartContainer - [test-hivemq-platform] [hivemq] [cbf864c9] INFO  - [HiveMQ Platform Operator Init App 1.7.0-SNAPSHOT] Configuring the HiveMQ Platform
2025-01-30 04:05:46,248 INFO c.h.h.t.HelmChartContainer - [test-hivemq-platform] [hivemq] [cbf864c9] INFO  - [HiveMQ Platform Operator Init App 1.7.0-SNAPSHOT] Changed logback.xml file scan period to 20 seconds
2025-01-30 04:05:46,298 INFO c.h.h.t.HelmChartContainer - [test-hivemq-platform] [hivemq] [cbf864c9] INFO  - [HiveMQ Platform Operator Init App 1.7.0-SNAPSHOT] Starting the HiveMQ Platform
2025-01-30 04:05:46,301 INFO c.h.h.t.HelmChartContainer - [test-hivemq-platform] [hivemq] [cbf864c9] -------------------------------------------------------------------------
2025-01-30 04:05:46,301 INFO c.h.h.t.HelmChartContainer - [test-hivemq-platform] [hivemq] [cbf864c9] 
2025-01-30 04:05:46,301 INFO c.h.h.t.HelmChartContainer - [test-hivemq-platform] [hivemq] [cbf864c9]                   _    _  _              __  __   ____
2025-01-30 04:05:46,301 INFO c.h.h.t.HelmChartContainer - [test-hivemq-platform] [hivemq] [cbf864c9]                  | |  | |(_)            |  \/  | / __ \
2025-01-30 04:05:46,301 INFO c.h.h.t.HelmChartContainer - [test-hivemq-platform] [hivemq] [cbf864c9]                  | |__| | _ __   __ ___ | \  / || |  | |
2025-01-30 04:05:46,301 INFO c.h.h.t.HelmChartContainer - [test-hivemq-platform] [hivemq] [cbf864c9]                  |  __  || |\ \ / // _ \| |\/| || |  | |
2025-01-30 04:05:46,301 INFO c.h.h.t.HelmChartContainer - [test-hivemq-platform] [hivemq] [cbf864c9]                  | |  | || | \ V /|  __/| |  | || |__| |
2025-01-30 04:05:46,301 INFO c.h.h.t.HelmChartContainer - [test-hivemq-platform] [hivemq] [cbf864c9]                  |_|  |_||_|  \_/  \___||_|  |_| \___\_\
2025-01-30 04:05:46,301 INFO c.h.h.t.HelmChartContainer - [test-hivemq-platform] [hivemq] [cbf864c9] 
2025-01-30 04:05:46,301 INFO c.h.h.t.HelmChartContainer - [test-hivemq-platform] [hivemq] [cbf864c9] -------------------------------------------------------------------------
2025-01-30 04:05:46,301 INFO c.h.h.t.HelmChartContainer - [test-hivemq-platform] [hivemq] [cbf864c9] 
2025-01-30 04:05:46,301 INFO c.h.h.t.HelmChartContainer - [test-hivemq-platform] [hivemq] [cbf864c9]   HiveMQ Start Script for Linux/Unix v1.14
2025-01-30 04:05:46,301 INFO c.h.h.t.HelmChartContainer - [test-hivemq-platform] [hivemq] [cbf864c9] 
2025-01-30 04:05:46,398 INFO c.h.h.t.HelmChartContainer - [test-hivemq-platform] [hivemq] [cbf864c9] -------------------------------------------------------------------------
2025-01-30 04:05:46,398 INFO c.h.h.t.HelmChartContainer - [test-hivemq-platform] [hivemq] [cbf864c9] 
2025-01-30 04:05:46,398 INFO c.h.h.t.HelmChartContainer - [test-hivemq-platform] [hivemq] [cbf864c9]   HIVEMQ_HOME: /opt/hivemq
2025-01-30 04:05:46,398 INFO c.h.h.t.HelmChartContainer - [test-hivemq-platform] [hivemq] [cbf864c9] 
2025-01-30 04:05:46,398 INFO c.h.h.t.HelmChartContainer - [test-hivemq-platform] [hivemq] [cbf864c9]   JAVA_OPTS: -XX:+UnlockExperimentalVMOptions -XX:InitialRAMPercentage=50 -XX:MaxRAMPercentage=50 -Djava.net.preferIPv4Stack=true --add-opens java.base/java.lang=ALL-UNNAMED --add-opens java.base/java.nio=ALL-UNNAMED --add-opens java.base/sun.nio.ch=ALL-UNNAMED --add-opens jdk.management/com.sun.management.internal=ALL-UNNAMED --add-exports java.base/jdk.internal.misc=ALL-UNNAMED -Djava.security.egd=file:/dev/./urandom -Dcom.sun.management.jmxremote -Dcom.sun.management.jmxremote.port=9010 -Dcom.sun.management.jmxremote.local.only=false -Dcom.sun.management.jmxremote.authenticate=false -Dcom.sun.management.jmxremote.ssl=false -Duser.language=en -Duser.region=US -XX:+CrashOnOutOfMemoryError -XX:+HeapDumpOnOutOfMemoryError
2025-01-30 04:05:46,398 INFO c.h.h.t.HelmChartContainer - [test-hivemq-platform] [hivemq] [cbf864c9] 
2025-01-30 04:05:46,398 INFO c.h.h.t.HelmChartContainer - [test-hivemq-platform] [hivemq] [cbf864c9]   JAVA_VERSION: 21
2025-01-30 04:05:46,398 INFO c.h.h.t.HelmChartContainer - [test-hivemq-platform] [hivemq] [cbf864c9] 
2025-01-30 04:05:46,398 INFO c.h.h.t.HelmChartContainer - [test-hivemq-platform] [hivemq] [cbf864c9] -------------------------------------------------------------------------
2025-01-30 04:05:46,398 INFO c.h.h.t.HelmChartContainer - [test-hivemq-platform] [hivemq] [cbf864c9] 
2025-01-30 04:05:46,696 INFO c.h.h.t.HelmChartContainer - [test-hivemq-platform] [hivemq] [cbf864c9] INFO  - [HiveMQ Platform Operator Init App 1.7.0-SNAPSHOT] Returning default Health API response 503 for readiness
2025-01-30 04:05:46,992 INFO c.h.h.t.HelmChartContainer - [nginx-5fcd8786bb-khx] [nginx] [154366aa] 2025/01/30 04:05:46 [info] 22#22: *1 client 10.42.0.15 closed keepalive connection
2025-01-30 04:05:47,297 INFO c.h.h.t.HelmChartContainer - [EVENT] Warning [Unhealthy] Readiness probe failed: HTTP probe failed with statuscode: 503 [helmcustomextensionit:test-hivemq-platform-0]
2025-01-30 04:05:47,297 INFO c.h.h.t.HelmChartContainer - Received Unhealthy event for container hivemq in pod test-hivemq-platform-0 [cbf864c9-99f2-4080-9671-76caf5b3bfc1]
2025-01-30 04:05:49,349 INFO c.h.h.t.HelmChartContainer - [test-hivemq-platform] [hivemq] [cbf864c9] INFO  - Starting HiveMQ Enterprise Server
2025-01-30 04:05:49,355 INFO c.h.h.t.HelmChartContainer - [test-hivemq-platform] [hivemq] [cbf864c9] INFO  - HiveMQ version: 4.36.0
2025-01-30 04:05:49,355 INFO c.h.h.t.HelmChartContainer - [test-hivemq-platform] [hivemq] [cbf864c9] INFO  - HiveMQ home directory: /opt/hivemq
2025-01-30 04:05:49,356 INFO c.h.h.t.HelmChartContainer - [test-hivemq-platform] [hivemq] [cbf864c9] INFO  - Log Configuration was overridden by /opt/hivemq/conf/logback.xml
2025-01-30 04:05:50,765 INFO c.h.h.t.HelmChartContainer - [hivemq-test-hivemq-platform] [hivemq-platform-operator] [917d9e9c] 04:05:50.764 [pool-6-thread-25] DEBUG c.h.p.o.d.PlatformServiceResource - [helmcust] Desired Platform services (3 services)
2025-01-30 04:05:50,766 INFO c.h.h.t.HelmChartContainer - [hivemq-test-hivemq-platform] [hivemq-platform-operator] [917d9e9c] 04:05:50.765 [pool-6-thread-26] DEBUG c.h.p.o.dependants.PodInfoConfigMap - [helmcust] Desired PodInfo ConfigMap (1 extensions) (1 enabled)
2025-01-30 04:05:50,767 INFO c.h.h.t.HelmChartContainer - [hivemq-test-hivemq-platform] [hivemq-platform-operator] [917d9e9c] 04:05:50.765 [pool-6-thread-26] DEBUG c.h.p.o.dependants.PodInfoConfigMap - [helmcust] Desired PodInfo ConfigMap (metrics port: 9399) (metrics path: /)
2025-01-30 04:05:50,768 INFO c.h.h.t.HelmChartContainer - [hivemq-test-hivemq-platform] [hivemq-platform-operator] [917d9e9c] 04:05:50.765 [pool-6-thread-26] DEBUG c.h.p.o.dependants.PodInfoConfigMap - [helmcust] Desired PodInfo ConfigMap (extension state hash: -1287821691)
2025-01-30 04:05:50,769 INFO c.h.h.t.HelmChartContainer - [hivemq-test-hivemq-platform] [hivemq-platform-operator] [917d9e9c] 04:05:50.765 [pool-6-thread-24] DEBUG c.h.p.o.d.PodServiceAccountResource - [helmcust] Desired PodServiceAccountResource (serviceAccountName: hivemq-platform-pod-test-hivemq-platform)
2025-01-30 04:05:50,771 INFO c.h.h.t.HelmChartContainer - [hivemq-test-hivemq-platform] [hivemq-platform-operator] [917d9e9c] 04:05:50.770 [pool-6-thread-25] DEBUG c.h.p.o.d.StatefulSetResource - [helmcust] Desired StatefulSet (1 replicas) for status STARTING (READY)
2025-01-30 04:05:50,777 INFO c.h.h.t.HelmChartContainer - [hivemq-test-hivemq-platform] [hivemq-platform-operator] [917d9e9c] 04:05:50.777 [ReconcilerExecutor-hivemq-controller-110] INFO  c.h.p.o.HiveMQPlatformReconciler - [helmcust] Reconciling HiveMQ Platform 'test-hivemq-platform' in namespace 'helmcustomextensionit'
2025-01-30 04:05:50,778 INFO c.h.h.t.HelmChartContainer - [hivemq-test-hivemq-platform] [hivemq-platform-operator] [917d9e9c] 04:05:50.777 [ReconcilerExecutor-hivemq-controller-110] DEBUG c.h.p.o.HiveMQPlatformReconciler - [helmcust] Custom Resource Status STARTING - HiveMQ Platform is starting (READY)
2025-01-30 04:05:50,779 INFO c.h.h.t.HelmChartContainer - [hivemq-test-hivemq-platform] [hivemq-platform-operator] [917d9e9c] 04:05:50.777 [ReconcilerExecutor-hivemq-controller-110] DEBUG c.h.p.o.HiveMQPlatformReconciler - [helmcust] Custom Resource Spec (replicas: 1) (extensions: 1)
2025-01-30 04:05:50,781 INFO c.h.h.t.HelmChartContainer - [hivemq-test-hivemq-platform] [hivemq-platform-operator] [917d9e9c] 04:05:50.780 [ReconcilerExecutor-hivemq-controller-110] DEBUG c.h.p.o.HiveMQPlatformReconciler - [helmcust] StatefulSet Status (revision: test-hivemq-platform-796ccc778, replicas: 1, available: 0, ready: 0, current: 1, updated: 1)
2025-01-30 04:05:50,781 INFO c.h.h.t.HelmChartContainer - [hivemq-test-hivemq-platform] [hivemq-platform-operator] [917d9e9c] 04:05:50.780 [ReconcilerExecutor-hivemq-controller-110] DEBUG c.h.p.o.HiveMQPlatformReconciler - [helmcust] StatefulSet Spec (replicas: 1, init containers: 1, containers: 1, volumes: 3)
2025-01-30 04:05:50,781 INFO c.h.h.t.HelmChartContainer - [hivemq-test-hivemq-platform] [hivemq-platform-operator] [917d9e9c] 04:05:50.781 [ReconcilerExecutor-hivemq-controller-110] DEBUG c.h.p.o.h.HiveMQPlatformReconcilerErrorHandler - [helmcust] Pod 'test-hivemq-platform-0' phase Running
2025-01-30 04:05:50,782 INFO c.h.h.t.HelmChartContainer - [hivemq-test-hivemq-platform] [hivemq-platform-operator] [917d9e9c] 04:05:50.781 [ReconcilerExecutor-hivemq-controller-110] INFO  c.h.p.o.h.HiveMQPlatformReconcilerBaseHandler - [helmcust] HiveMQ Platform is starting, 0 of 1 replicas are ready
2025-01-30 04:05:51,749 INFO c.h.h.t.HelmChartContainer - [test-hivemq-platform] [hivemq] [cbf864c9] WARN  - [HiveMQ Platform Operator Init App 1.7.0-SNAPSHOT] Cannot connect to Health API for readiness: null
2025-01-30 04:05:51,755 INFO c.h.h.t.HelmChartContainer - [EVENT] Warning [Unhealthy] Readiness probe failed: HTTP probe failed with statuscode: 503 [helmcustomextensionit:test-hivemq-platform-0]
2025-01-30 04:05:51,755 INFO c.h.h.t.HelmChartContainer - Received Unhealthy event for container hivemq in pod test-hivemq-platform-0 [cbf864c9-99f2-4080-9671-76caf5b3bfc1]
2025-01-30 04:05:51,799 INFO c.h.h.t.HelmChartContainer - [test-hivemq-platform] [hivemq] [cbf864c9] INFO  - Successfully loaded configuration from '/opt/hivemq/conf-k8s/config.xml'.
2025-01-30 04:05:52,649 INFO c.h.h.t.HelmChartContainer - [test-hivemq-platform] [hivemq] [cbf864c9] INFO  - This node's ID is wVgtx
2025-01-30 04:05:52,649 INFO c.h.h.t.HelmChartContainer - [test-hivemq-platform] [hivemq] [cbf864c9] INFO  - Clustering is enabled
2025-01-30 04:05:53,793 INFO c.h.h.t.HelmChartContainer - [test-hivemq-platform] [hivemq] [cbf864c9] Jan 30, 2025 4:05:53 AM io.vertx.core.impl.BlockedThreadChecker
2025-01-30 04:05:53,794 INFO c.h.h.t.HelmChartContainer - [test-hivemq-platform] [hivemq] [cbf864c9] WARNING: Thread Thread[vert.x-eventloop-thread-1,5,main] has been blocked for 2600 ms, time limit is 2000 ms
2025-01-30 04:05:54,199 INFO c.h.h.t.HelmChartContainer - [test-hivemq-platform] [hivemq] [cbf864c9] INFO  - [HiveMQ Platform Operator Init App 1.7.0-SNAPSHOT] Updating Pod HiveMQ Platform Operator Init App version annotation (version: 1.7.0-SNAPSHOT)
2025-01-30 04:05:54,856 INFO c.h.h.t.HelmChartContainer - [POD] test-hivemq-platform-0 [cbf864c9-99f2-4080-9671-76caf5b3bfc1] in helmcustomextensionit was MODIFIED
2025-01-30 04:05:54,867 INFO c.h.h.t.HelmChartContainer - [hivemq-test-hivemq-platform] [hivemq-platform-operator] [917d9e9c] 04:05:54.861 [pool-6-thread-35] DEBUG c.h.p.o.d.PlatformServiceResource - [helmcust] Desired Platform services (3 services)
2025-01-30 04:05:54,867 INFO c.h.h.t.HelmChartContainer - [hivemq-test-hivemq-platform] [hivemq-platform-operator] [917d9e9c] 04:05:54.864 [pool-6-thread-38] DEBUG c.h.p.o.d.PodServiceAccountResource - [helmcust] Desired PodServiceAccountResource (serviceAccountName: hivemq-platform-pod-test-hivemq-platform)
2025-01-30 04:05:54,867 INFO c.h.h.t.HelmChartContainer - [hivemq-test-hivemq-platform] [hivemq-platform-operator] [917d9e9c] 04:05:54.865 [pool-6-thread-37] DEBUG c.h.p.o.dependants.PodInfoConfigMap - [helmcust] Desired PodInfo ConfigMap (1 extensions) (1 enabled)
2025-01-30 04:05:54,867 INFO c.h.h.t.HelmChartContainer - [hivemq-test-hivemq-platform] [hivemq-platform-operator] [917d9e9c] 04:05:54.865 [pool-6-thread-37] DEBUG c.h.p.o.dependants.PodInfoConfigMap - [helmcust] Desired PodInfo ConfigMap (metrics port: 9399) (metrics path: /)
2025-01-30 04:05:54,867 INFO c.h.h.t.HelmChartContainer - [hivemq-test-hivemq-platform] [hivemq-platform-operator] [917d9e9c] 04:05:54.865 [pool-6-thread-37] DEBUG c.h.p.o.dependants.PodInfoConfigMap - [helmcust] Desired PodInfo ConfigMap (extension state hash: -1287821691)
2025-01-30 04:05:54,869 INFO c.h.h.t.HelmChartContainer - [hivemq-test-hivemq-platform] [hivemq-platform-operator] [917d9e9c] 04:05:54.869 [pool-6-thread-37] DEBUG c.h.p.o.d.StatefulSetResource - [helmcust] Desired StatefulSet (1 replicas) for status STARTING (READY)
2025-01-30 04:05:54,874 INFO c.h.h.t.HelmChartContainer - [hivemq-test-hivemq-platform] [hivemq-platform-operator] [917d9e9c] 04:05:54.873 [ReconcilerExecutor-hivemq-controller-111] INFO  c.h.p.o.HiveMQPlatformReconciler - [helmcust] Reconciling HiveMQ Platform 'test-hivemq-platform' in namespace 'helmcustomextensionit'
2025-01-30 04:05:54,875 INFO c.h.h.t.HelmChartContainer - [hivemq-test-hivemq-platform] [hivemq-platform-operator] [917d9e9c] 04:05:54.874 [ReconcilerExecutor-hivemq-controller-111] DEBUG c.h.p.o.HiveMQPlatformReconciler - [helmcust] Custom Resource Status STARTING - HiveMQ Platform is starting (READY)
2025-01-30 04:05:54,876 INFO c.h.h.t.HelmChartContainer - [hivemq-test-hivemq-platform] [hivemq-platform-operator] [917d9e9c] 04:05:54.874 [ReconcilerExecutor-hivemq-controller-111] DEBUG c.h.p.o.HiveMQPlatformReconciler - [helmcust] Custom Resource Spec (replicas: 1) (extensions: 1)
2025-01-30 04:05:54,877 INFO c.h.h.t.HelmChartContainer - [hivemq-test-hivemq-platform] [hivemq-platform-operator] [917d9e9c] 04:05:54.876 [ReconcilerExecutor-hivemq-controller-111] DEBUG c.h.p.o.HiveMQPlatformReconciler - [helmcust] StatefulSet Status (revision: test-hivemq-platform-796ccc778, replicas: 1, available: 0, ready: 0, current: 1, updated: 1)
2025-01-30 04:05:54,878 INFO c.h.h.t.HelmChartContainer - [hivemq-test-hivemq-platform] [hivemq-platform-operator] [917d9e9c] 04:05:54.877 [ReconcilerExecutor-hivemq-controller-111] DEBUG c.h.p.o.HiveMQPlatformReconciler - [helmcust] StatefulSet Spec (replicas: 1, init containers: 1, containers: 1, volumes: 3)
2025-01-30 04:05:54,878 INFO c.h.h.t.HelmChartContainer - [hivemq-test-hivemq-platform] [hivemq-platform-operator] [917d9e9c] 04:05:54.878 [ReconcilerExecutor-hivemq-controller-111] DEBUG c.h.p.o.h.HiveMQPlatformReconcilerErrorHandler - [helmcust] Pod 'test-hivemq-platform-0' phase Running
2025-01-30 04:05:54,895 INFO c.h.h.t.HelmChartContainer - [test-hivemq-platform] [hivemq] [cbf864c9] WARN  - [HiveMQ Platform Operator Init App 1.7.0-SNAPSHOT] Cannot connect to Health API for readiness: null
2025-01-30 04:05:54,904 INFO c.h.h.t.HelmChartContainer - [EVENT] Warning [Unhealthy] Readiness probe failed: HTTP probe failed with statuscode: 503 [helmcustomextensionit:test-hivemq-platform-0]
2025-01-30 04:05:54,904 INFO c.h.h.t.HelmChartContainer - Received Unhealthy event for container hivemq in pod test-hivemq-platform-0 [cbf864c9-99f2-4080-9671-76caf5b3bfc1]
2025-01-30 04:05:54,951 INFO c.h.h.t.HelmChartContainer - [hivemq-test-hivemq-platform] [hivemq-platform-operator] [917d9e9c] 04:05:54.949 [ReconcilerExecutor-hivemq-controller-111] INFO  c.h.p.o.h.HiveMQPlatformReconcilerBaseHandler - [helmcust] HiveMQ Platform is starting, 0 of 1 replicas are ready
2025-01-30 04:05:54,991 INFO c.h.h.t.HelmChartContainer - [test-hivemq-platform] [hivemq] [cbf864c9] INFO  - [HiveMQ Platform Operator Init App 1.7.0-SNAPSHOT] Successfully updated Pod HiveMQ Platform Operator Init App version annotation (version: 1.7.0-SNAPSHOT)
2025-01-30 04:05:59,862 INFO c.h.h.t.HelmChartContainer - [EVENT] Warning [Unhealthy] Readiness probe failed: HTTP probe failed with statuscode: 503 [helmcustomextensionit:test-hivemq-platform-0]
2025-01-30 04:05:59,862 INFO c.h.h.t.HelmChartContainer - Received Unhealthy event for container hivemq in pod test-hivemq-platform-0 [cbf864c9-99f2-4080-9671-76caf5b3bfc1]
2025-01-30 04:05:59,890 INFO c.h.h.t.HelmChartContainer - [test-hivemq-platform] [hivemq] [cbf864c9] WARN  - [HiveMQ Platform Operator Init App 1.7.0-SNAPSHOT] Cannot connect to Health API for readiness: null
2025-01-30 04:06:04,861 INFO c.h.h.t.HelmChartContainer - [test-hivemq-platform] [hivemq] [cbf864c9] WARN  - [HiveMQ Platform Operator Init App 1.7.0-SNAPSHOT] Cannot connect to Health API for readiness: null
2025-01-30 04:06:04,865 INFO c.h.h.t.HelmChartContainer - [EVENT] Warning [Unhealthy] Readiness probe failed: HTTP probe failed with statuscode: 503 [helmcustomextensionit:test-hivemq-platform-0]
2025-01-30 04:06:04,865 INFO c.h.h.t.HelmChartContainer - Received Unhealthy event for container hivemq in pod test-hivemq-platform-0 [cbf864c9-99f2-4080-9671-76caf5b3bfc1]
2025-01-30 04:06:04,959 INFO c.h.h.t.HelmChartContainer - [hivemq-test-hivemq-platform] [hivemq-platform-operator] [917d9e9c] 04:06:04.957 [pool-6-thread-45] DEBUG c.h.p.o.d.PlatformServiceResource - [helmcust] Desired Platform services (3 services)
2025-01-30 04:06:04,965 INFO c.h.h.t.HelmChartContainer - [hivemq-test-hivemq-platform] [hivemq-platform-operator] [917d9e9c] 04:06:04.961 [pool-6-thread-44] DEBUG c.h.p.o.dependants.PodInfoConfigMap - [helmcust] Desired PodInfo ConfigMap (1 extensions) (1 enabled)
2025-01-30 04:06:04,965 INFO c.h.h.t.HelmChartContainer - [hivemq-test-hivemq-platform] [hivemq-platform-operator] [917d9e9c] 04:06:04.962 [pool-6-thread-44] DEBUG c.h.p.o.dependants.PodInfoConfigMap - [helmcust] Desired PodInfo ConfigMap (metrics port: 9399) (metrics path: /)
2025-01-30 04:06:04,966 INFO c.h.h.t.HelmChartContainer - [hivemq-test-hivemq-platform] [hivemq-platform-operator] [917d9e9c] 04:06:04.962 [pool-6-thread-44] DEBUG c.h.p.o.dependants.PodInfoConfigMap - [helmcust] Desired PodInfo ConfigMap (extension state hash: -1287821691)
2025-01-30 04:06:04,966 INFO c.h.h.t.HelmChartContainer - [hivemq-test-hivemq-platform] [hivemq-platform-operator] [917d9e9c] 04:06:04.963 [pool-6-thread-41] DEBUG c.h.p.o.d.PodServiceAccountResource - [helmcust] Desired PodServiceAccountResource (serviceAccountName: hivemq-platform-pod-test-hivemq-platform)
2025-01-30 04:06:04,970 INFO c.h.h.t.HelmChartContainer - [hivemq-test-hivemq-platform] [hivemq-platform-operator] [917d9e9c] 04:06:04.969 [pool-6-thread-45] DEBUG c.h.p.o.d.StatefulSetResource - [helmcust] Desired StatefulSet (1 replicas) for status STARTING (READY)
2025-01-30 04:06:04,975 INFO c.h.h.t.HelmChartContainer - [hivemq-test-hivemq-platform] [hivemq-platform-operator] [917d9e9c] 04:06:04.973 [ReconcilerExecutor-hivemq-controller-112] INFO  c.h.p.o.HiveMQPlatformReconciler - [helmcust] Reconciling HiveMQ Platform 'test-hivemq-platform' in namespace 'helmcustomextensionit'
2025-01-30 04:06:04,975 INFO c.h.h.t.HelmChartContainer - [hivemq-test-hivemq-platform] [hivemq-platform-operator] [917d9e9c] 04:06:04.973 [ReconcilerExecutor-hivemq-controller-112] DEBUG c.h.p.o.HiveMQPlatformReconciler - [helmcust] Custom Resource Status STARTING - HiveMQ Platform is starting (READY)
2025-01-30 04:06:04,975 INFO c.h.h.t.HelmChartContainer - [hivemq-test-hivemq-platform] [hivemq-platform-operator] [917d9e9c] 04:06:04.973 [ReconcilerExecutor-hivemq-controller-112] DEBUG c.h.p.o.HiveMQPlatformReconciler - [helmcust] Custom Resource Spec (replicas: 1) (extensions: 1)
2025-01-30 04:06:05,068 INFO c.h.h.t.HelmChartContainer - [hivemq-test-hivemq-platform] [hivemq-platform-operator] [917d9e9c] 04:06:05.063 [ReconcilerExecutor-hivemq-controller-112] DEBUG c.h.p.o.HiveMQPlatformReconciler - [helmcust] StatefulSet Status (revision: test-hivemq-platform-796ccc778, replicas: 1, available: 0, ready: 0, current: 1, updated: 1)
2025-01-30 04:06:05,068 INFO c.h.h.t.HelmChartContainer - [hivemq-test-hivemq-platform] [hivemq-platform-operator] [917d9e9c] 04:06:05.063 [ReconcilerExecutor-hivemq-controller-112] DEBUG c.h.p.o.HiveMQPlatformReconciler - [helmcust] StatefulSet Spec (replicas: 1, init containers: 1, containers: 1, volumes: 3)
2025-01-30 04:06:05,068 INFO c.h.h.t.HelmChartContainer - [hivemq-test-hivemq-platform] [hivemq-platform-operator] [917d9e9c] 04:06:05.067 [ReconcilerExecutor-hivemq-controller-112] DEBUG c.h.p.o.h.HiveMQPlatformReconcilerErrorHandler - [helmcust] Pod 'test-hivemq-platform-0' phase Running
2025-01-30 04:06:05,072 INFO c.h.h.t.HelmChartContainer - [hivemq-test-hivemq-platform] [hivemq-platform-operator] [917d9e9c] 04:06:05.071 [ReconcilerExecutor-hivemq-controller-112] INFO  c.h.p.o.h.HiveMQPlatformReconcilerBaseHandler - [helmcust] HiveMQ Platform is starting, 0 of 1 replicas are ready
2025-01-30 04:06:07,248 INFO c.h.h.t.HelmChartContainer - [test-hivemq-platform] [hivemq] [cbf864c9] WARN  - [HiveMQ Platform Operator Init App 1.7.0-SNAPSHOT] Cannot connect to Health API for liveness: null
2025-01-30 04:06:07,249 INFO c.h.h.t.HelmChartContainer - [test-hivemq-platform] [hivemq] [cbf864c9] INFO  - [HiveMQ Platform Operator Init App 1.7.0-SNAPSHOT] Returning default Health API response 200 for liveness
2025-01-30 04:06:07,469 INFO c.h.h.t.HelmChartContainer - [test-hivemq-platform] [hivemq] [cbf864c9] INFO  - No valid license file found. Using trial license, restricted to 25 connections.
2025-01-30 04:06:09,859 INFO c.h.h.t.HelmChartContainer - [test-hivemq-platform] [hivemq] [cbf864c9] WARN  - [HiveMQ Platform Operator Init App 1.7.0-SNAPSHOT] Cannot connect to Health API for readiness: null
2025-01-30 04:06:09,864 INFO c.h.h.t.HelmChartContainer - [EVENT] Warning [Unhealthy] Readiness probe failed: HTTP probe failed with statuscode: 503 [helmcustomextensionit:test-hivemq-platform-0]
2025-01-30 04:06:09,864 INFO c.h.h.t.HelmChartContainer - Received Unhealthy event for container hivemq in pod test-hivemq-platform-0 [cbf864c9-99f2-4080-9671-76caf5b3bfc1]
2025-01-30 04:06:11,258 INFO c.h.h.t.HelmChartContainer - [test-hivemq-platform] [hivemq] [cbf864c9] INFO  - No valid license file for Data Hub found. Using free license, restricted to 1 policy.
2025-01-30 04:06:12,660 INFO c.h.h.t.HelmChartContainer - [test-hivemq-platform] [hivemq] [cbf864c9] INFO  - Audit Logger started.
2025-01-30 04:06:12,965 INFO c.h.h.t.HelmChartContainer - [test-hivemq-platform] [hivemq] [cbf864c9] INFO  - This node uses '1' CPU cores.
2025-01-30 04:06:12,970 INFO c.h.h.t.HelmChartContainer - [test-hivemq-platform] [hivemq] [cbf864c9] INFO  - Starting HiveMQ Health API on address 0.0.0.0 and port 8889
2025-01-30 04:06:13,756 INFO c.h.h.t.HelmChartContainer - [test-hivemq-platform] [hivemq] [cbf864c9] INFO  - Started HiveMQ Health API in 785ms
2025-01-30 04:06:14,559 INFO c.h.h.t.HelmChartContainer - [test-hivemq-platform] [hivemq] [cbf864c9] INFO  - Starting HiveMQ extension system.
2025-01-30 04:06:14,850 INFO c.h.h.t.HelmChartContainer - [test-hivemq-platform] [hivemq] [cbf864c9] INFO  - Starting extension with id "hivemq-dns-cluster-discovery" at /opt/hivemq/extensions/hivemq-dns-cluster-discovery
2025-01-30 04:06:15,078 INFO c.h.h.t.HelmChartContainer - [hivemq-test-hivemq-platform] [hivemq-platform-operator] [917d9e9c] 04:06:15.075 [pool-6-thread-1] DEBUG c.h.p.o.d.PlatformServiceResource - [helmcust] Desired Platform services (3 services)
2025-01-30 04:06:15,078 INFO c.h.h.t.HelmChartContainer - [hivemq-test-hivemq-platform] [hivemq-platform-operator] [917d9e9c] 04:06:15.076 [pool-6-thread-4] DEBUG c.h.p.o.dependants.PodInfoConfigMap - [helmcust] Desired PodInfo ConfigMap (1 extensions) (1 enabled)
2025-01-30 04:06:15,078 INFO c.h.h.t.HelmChartContainer - [hivemq-test-hivemq-platform] [hivemq-platform-operator] [917d9e9c] 04:06:15.077 [pool-6-thread-4] DEBUG c.h.p.o.dependants.PodInfoConfigMap - [helmcust] Desired PodInfo ConfigMap (metrics port: 9399) (metrics path: /)
2025-01-30 04:06:15,078 INFO c.h.h.t.HelmChartContainer - [hivemq-test-hivemq-platform] [hivemq-platform-operator] [917d9e9c] 04:06:15.077 [pool-6-thread-4] DEBUG c.h.p.o.dependants.PodInfoConfigMap - [helmcust] Desired PodInfo ConfigMap (extension state hash: -1287821691)
2025-01-30 04:06:15,080 INFO c.h.h.t.HelmChartContainer - [hivemq-test-hivemq-platform] [hivemq-platform-operator] [917d9e9c] 04:06:15.078 [pool-6-thread-4] DEBUG c.h.p.o.d.PodServiceAccountResource - [helmcust] Desired PodServiceAccountResource (serviceAccountName: hivemq-platform-pod-test-hivemq-platform)
2025-01-30 04:06:15,084 INFO c.h.h.t.HelmChartContainer - [hivemq-test-hivemq-platform] [hivemq-platform-operator] [917d9e9c] 04:06:15.084 [pool-6-thread-1] DEBUG c.h.p.o.d.StatefulSetResource - [helmcust] Desired StatefulSet (1 replicas) for status STARTING (READY)
2025-01-30 04:06:15,087 INFO c.h.h.t.HelmChartContainer - [hivemq-test-hivemq-platform] [hivemq-platform-operator] [917d9e9c] 04:06:15.086 [ReconcilerExecutor-hivemq-controller-113] INFO  c.h.p.o.HiveMQPlatformReconciler - [helmcust] Reconciling HiveMQ Platform 'test-hivemq-platform' in namespace 'helmcustomextensionit'
2025-01-30 04:06:15,087 INFO c.h.h.t.HelmChartContainer - [hivemq-test-hivemq-platform] [hivemq-platform-operator] [917d9e9c] 04:06:15.086 [ReconcilerExecutor-hivemq-controller-113] DEBUG c.h.p.o.HiveMQPlatformReconciler - [helmcust] Custom Resource Status STARTING - HiveMQ Platform is starting (READY)
2025-01-30 04:06:15,087 INFO c.h.h.t.HelmChartContainer - [hivemq-test-hivemq-platform] [hivemq-platform-operator] [917d9e9c] 04:06:15.087 [ReconcilerExecutor-hivemq-controller-113] DEBUG c.h.p.o.HiveMQPlatformReconciler - [helmcust] Custom Resource Spec (replicas: 1) (extensions: 1)
2025-01-30 04:06:15,088 INFO c.h.h.t.HelmChartContainer - [hivemq-test-hivemq-platform] [hivemq-platform-operator] [917d9e9c] 04:06:15.088 [ReconcilerExecutor-hivemq-controller-113] DEBUG c.h.p.o.HiveMQPlatformReconciler - [helmcust] StatefulSet Status (revision: test-hivemq-platform-796ccc778, replicas: 1, available: 0, ready: 0, current: 1, updated: 1)
2025-01-30 04:06:15,088 INFO c.h.h.t.HelmChartContainer - [hivemq-test-hivemq-platform] [hivemq-platform-operator] [917d9e9c] 04:06:15.088 [ReconcilerExecutor-hivemq-controller-113] DEBUG c.h.p.o.HiveMQPlatformReconciler - [helmcust] StatefulSet Spec (replicas: 1, init containers: 1, containers: 1, volumes: 3)
2025-01-30 04:06:15,090 INFO c.h.h.t.HelmChartContainer - [hivemq-test-hivemq-platform] [hivemq-platform-operator] [917d9e9c] 04:06:15.089 [ReconcilerExecutor-hivemq-controller-113] DEBUG c.h.p.o.h.HiveMQPlatformReconcilerErrorHandler - [helmcust] Pod 'test-hivemq-platform-0' phase Running
2025-01-30 04:06:15,091 INFO c.h.h.t.HelmChartContainer - [hivemq-test-hivemq-platform] [hivemq-platform-operator] [917d9e9c] 04:06:15.090 [ReconcilerExecutor-hivemq-controller-113] INFO  c.h.p.o.h.HiveMQPlatformReconcilerBaseHandler - [helmcust] HiveMQ Platform is starting, 0 of 1 replicas are ready
2025-01-30 04:06:15,591 INFO c.h.h.t.HelmChartContainer - [test-hivemq-platform] [hivemq] [cbf864c9] INFO  - Using TCP cluster transport on address 10.42.0.15 and port 7000
2025-01-30 04:06:15,649 INFO c.h.h.t.HelmChartContainer - [test-hivemq-platform] [hivemq] [cbf864c9] INFO  - Using extension cluster discovery
2025-01-30 04:06:15,750 INFO c.h.h.t.HelmChartContainer - [test-hivemq-platform] [hivemq] [cbf864c9] INFO  - Extension "DNS Cluster Discovery Extension" version 4.3.2 started successfully.
2025-01-30 04:06:15,755 INFO c.h.h.t.HelmChartContainer - [test-hivemq-platform] [hivemq] [cbf864c9] INFO  - Starting extension with id "hivemq-custom-test-extension" at /opt/hivemq/extensions/hivemq-custom-test-extension
2025-01-30 04:06:15,756 INFO c.h.h.t.HelmChartContainer - [test-hivemq-platform] [hivemq] [cbf864c9] INFO  - HiveMQ Custom Test Extension started
2025-01-30 04:06:15,756 INFO c.h.h.t.HelmChartContainer - [test-hivemq-platform] [hivemq] [cbf864c9] INFO  - Extension "HiveMQ Custom Test Extension" version 3.0.0 started successfully.
2025-01-30 04:06:15,756 INFO c.h.h.testcontainer.LogWaiterUtil - TEST Found log pattern on 'test-hivemq-platform-0': .*Extension "HiveMQ Custom Test Extension" version 3.0.0 started successfully.
2025-01-30 04:06:15,756 INFO c.h.h.t.HelmChartContainer - [test-hivemq-platform] [hivemq] [cbf864c9] INFO  - Starting extension with id "hivemq-prometheus-extension" at /opt/hivemq/extensions/hivemq-prometheus-extension
2025-01-30 04:06:15,900 INFO c.h.h.t.HelmChartContainer - [EVENT] Warning [Unhealthy] Readiness probe failed: Get "http://10.42.0.15:7979/readiness": context deadline exceeded (Client.Timeout exceeded while awaiting headers) [helmcustomextensionit:test-hivemq-platform-0]
2025-01-30 04:06:15,900 INFO c.h.h.t.HelmChartContainer - Received Unhealthy event for container hivemq in pod test-hivemq-platform-0 [cbf864c9-99f2-4080-9671-76caf5b3bfc1]
2025-01-30 04:06:16,250 INFO c.h.h.t.HelmChartContainer - [test-hivemq-platform] [hivemq] [cbf864c9] INFO  - [HiveMQ Platform Operator Init App 1.7.0-SNAPSHOT] Returning Health API response 503 for readiness
2025-01-30 04:06:16,650 INFO c.h.h.t.HelmChartContainer - [test-hivemq-platform] [hivemq] [cbf864c9] INFO  - Started Jetty Server exposing Prometheus Servlet on URI http://0.0.0.0:9399/
2025-01-30 04:06:16,651 INFO c.h.h.t.HelmChartContainer - [test-hivemq-platform] [hivemq] [cbf864c9] INFO  - Extension "Prometheus Monitoring Extension" version 4.0.12 started successfully.
2025-01-30 04:06:16,652 INFO c.h.h.t.HelmChartContainer - [test-hivemq-platform] [hivemq] [cbf864c9] INFO  - Starting extension with id "hivemq-allow-all-extension" at /opt/hivemq/extensions/hivemq-allow-all-extension
2025-01-30 04:06:16,652 INFO c.h.h.t.HelmChartContainer - [test-hivemq-platform] [hivemq] [cbf864c9] WARN  - 
2025-01-30 04:06:16,652 INFO c.h.h.t.HelmChartContainer - [test-hivemq-platform] [hivemq] [cbf864c9] ################################################################################################################
2025-01-30 04:06:16,652 INFO c.h.h.t.HelmChartContainer - [test-hivemq-platform] [hivemq] [cbf864c9] # This HiveMQ deployment is not secure! You are lacking Authentication and Authorization.                      #
2025-01-30 04:06:16,652 INFO c.h.h.t.HelmChartContainer - [test-hivemq-platform] [hivemq] [cbf864c9] # Right now any MQTT client can connect to the broker with a full set of permissions.                          #
2025-01-30 04:06:16,652 INFO c.h.h.t.HelmChartContainer - [test-hivemq-platform] [hivemq] [cbf864c9] # For production usage, add an appropriate security extension and remove the hivemq-allow-all extension.       #
2025-01-30 04:06:16,652 INFO c.h.h.t.HelmChartContainer - [test-hivemq-platform] [hivemq] [cbf864c9] # You can download security extensions from the HiveMQ Marketplace (https://www.hivemq.com/extensions/).       #
2025-01-30 04:06:16,652 INFO c.h.h.t.HelmChartContainer - [test-hivemq-platform] [hivemq] [cbf864c9] ################################################################################################################
2025-01-30 04:06:16,654 INFO c.h.h.t.HelmChartContainer - [test-hivemq-platform] [hivemq] [cbf864c9] INFO  - Extension "Allow All Extension" version 1.1.1 started successfully.
2025-01-30 04:06:18,848 INFO c.h.h.t.HelmChartContainer - [test-hivemq-platform] [hivemq] [cbf864c9] INFO  - wVgtx: no members discovered after 2494 ms: creating cluster as first member
2025-01-30 04:06:18,853 INFO c.h.h.t.HelmChartContainer - [test-hivemq-platform] [hivemq] [cbf864c9] INFO  - Cluster nodes found by discovery: [wVgtx|0] (1) [wVgtx].
2025-01-30 04:06:18,872 INFO c.h.h.t.HelmChartContainer - [test-hivemq-platform] [hivemq] [cbf864c9] WARN  - No user for HiveMQ Control Center configured. Starting with default user
2025-01-30 04:06:18,872 INFO c.h.h.t.HelmChartContainer - [test-hivemq-platform] [hivemq] [cbf864c9] INFO  - Starting HiveMQ Control Center on address 0.0.0.0 and port 8080
2025-01-30 04:06:18,948 INFO c.h.h.t.HelmChartContainer - [test-hivemq-platform] [hivemq] [cbf864c9] INFO  - Mounting HiveMQ Control Center V2 Preview
2025-01-30 04:06:19,556 INFO c.h.h.t.HelmChartContainer - [test-hivemq-platform] [hivemq] [cbf864c9] INFO  - Started HiveMQ Control Center in 684ms
2025-01-30 04:06:19,570 INFO c.h.h.t.HelmChartContainer - [test-hivemq-platform] [hivemq] [cbf864c9] INFO  - Starting TCP listener on address 0.0.0.0 and port 1883
2025-01-30 04:06:19,649 INFO c.h.h.t.HelmChartContainer - [test-hivemq-platform] [hivemq] [cbf864c9] INFO  - Started TCP Listener on address 0.0.0.0 and on port 1883.
2025-01-30 04:06:19,649 INFO c.h.h.t.HelmChartContainer - [test-hivemq-platform] [hivemq] [cbf864c9] INFO  - Started HiveMQ in 30750ms
2025-01-30 04:06:19,861 INFO c.h.h.t.HelmChartContainer - [test-hivemq-platform] [hivemq] [cbf864c9] INFO  - [HiveMQ Platform Operator Init App 1.7.0-SNAPSHOT] Returning Health API response 200 for readiness
2025-01-30 04:06:19,871 INFO c.h.h.t.HelmChartContainer - [POD] test-hivemq-platform-0 [cbf864c9-99f2-4080-9671-76caf5b3bfc1] in helmcustomextensionit was MODIFIED
2025-01-30 04:06:19,882 INFO c.h.h.t.HelmChartContainer - [hivemq-test-hivemq-platform] [hivemq-platform-operator] [917d9e9c] 04:06:19.878 [pool-6-thread-18] DEBUG c.h.p.o.d.PlatformServiceResource - [helmcust] Desired Platform services (3 services)
2025-01-30 04:06:19,885 INFO c.h.h.t.HelmChartContainer - [hivemq-test-hivemq-platform] [hivemq-platform-operator] [917d9e9c] 04:06:19.879 [pool-6-thread-14] DEBUG c.h.p.o.dependants.PodInfoConfigMap - [helmcust] Desired PodInfo ConfigMap (1 extensions) (1 enabled)
2025-01-30 04:06:19,885 INFO c.h.h.t.HelmChartContainer - [hivemq-test-hivemq-platform] [hivemq-platform-operator] [917d9e9c] 04:06:19.882 [pool-6-thread-14] DEBUG c.h.p.o.dependants.PodInfoConfigMap - [helmcust] Desired PodInfo ConfigMap (metrics port: 9399) (metrics path: /)
2025-01-30 04:06:19,886 INFO c.h.h.t.HelmChartContainer - [hivemq-test-hivemq-platform] [hivemq-platform-operator] [917d9e9c] 04:06:19.884 [pool-6-thread-14] DEBUG c.h.p.o.dependants.PodInfoConfigMap - [helmcust] Desired PodInfo ConfigMap (extension state hash: -1287821691)
2025-01-30 04:06:19,888 INFO c.h.h.t.HelmChartContainer - [hivemq-test-hivemq-platform] [hivemq-platform-operator] [917d9e9c] 04:06:19.883 [pool-6-thread-19] DEBUG c.h.p.o.d.PodServiceAccountResource - [helmcust] Desired PodServiceAccountResource (serviceAccountName: hivemq-platform-pod-test-hivemq-platform)
2025-01-30 04:06:19,897 INFO c.h.h.t.HelmChartContainer - [hivemq-test-hivemq-platform] [hivemq-platform-operator] [917d9e9c] 04:06:19.896 [pool-6-thread-18] DEBUG c.h.p.o.d.StatefulSetResource - [helmcust] Desired StatefulSet (1 replicas) for status STARTING (READY)
2025-01-30 04:06:19,951 INFO c.h.h.t.HelmChartContainer - [hivemq-test-hivemq-platform] [hivemq-platform-operator] [917d9e9c] 04:06:19.950 [ReconcilerExecutor-hivemq-controller-114] INFO  c.h.p.o.HiveMQPlatformReconciler - [helmcust] Reconciling HiveMQ Platform 'test-hivemq-platform' in namespace 'helmcustomextensionit'
2025-01-30 04:06:19,952 INFO c.h.h.t.HelmChartContainer - [hivemq-test-hivemq-platform] [hivemq-platform-operator] [917d9e9c] 04:06:19.950 [ReconcilerExecutor-hivemq-controller-114] DEBUG c.h.p.o.HiveMQPlatformReconciler - [helmcust] Custom Resource Status STARTING - HiveMQ Platform is starting (READY)
2025-01-30 04:06:19,952 INFO c.h.h.t.HelmChartContainer - [hivemq-test-hivemq-platform] [hivemq-platform-operator] [917d9e9c] 04:06:19.950 [ReconcilerExecutor-hivemq-controller-114] DEBUG c.h.p.o.HiveMQPlatformReconciler - [helmcust] Custom Resource Spec (replicas: 1) (extensions: 1)
2025-01-30 04:06:19,953 INFO c.h.h.t.HelmChartContainer - [hivemq-test-hivemq-platform] [hivemq-platform-operator] [917d9e9c] 04:06:19.952 [ReconcilerExecutor-hivemq-controller-114] DEBUG c.h.p.o.HiveMQPlatformReconciler - [helmcust] StatefulSet Status (revision: test-hivemq-platform-796ccc778, replicas: 1, available: 1, ready: 1, current: 1, updated: 1)
2025-01-30 04:06:19,953 INFO c.h.h.t.HelmChartContainer - [hivemq-test-hivemq-platform] [hivemq-platform-operator] [917d9e9c] 04:06:19.952 [ReconcilerExecutor-hivemq-controller-114] DEBUG c.h.p.o.HiveMQPlatformReconciler - [helmcust] StatefulSet Spec (replicas: 1, init containers: 1, containers: 1, volumes: 3)
2025-01-30 04:06:19,955 INFO c.h.h.t.HelmChartContainer - [hivemq-test-hivemq-platform] [hivemq-platform-operator] [917d9e9c] 04:06:19.954 [ReconcilerExecutor-hivemq-controller-114] DEBUG c.h.p.o.h.HiveMQPlatformReconcilerErrorHandler - [helmcust] Pod 'test-hivemq-platform-0' phase Running
2025-01-30 04:06:19,956 INFO c.h.h.t.HelmChartContainer - [hivemq-test-hivemq-platform] [hivemq-platform-operator] [917d9e9c] 04:06:19.954 [ReconcilerExecutor-hivemq-controller-114] INFO  c.h.p.o.h.HiveMQPlatformReconcilerBaseHandler - [helmcust] HiveMQ Platform started successfully
2025-01-30 04:06:20,052 INFO c.h.h.t.HelmChartContainer - [hivemq-test-hivemq-platform] [hivemq-platform-operator] [917d9e9c] 04:06:20.051 [ReconcilerExecutor-hivemq-controller-114] DEBUG c.h.p.operator.event.EventSender - [helmcust] Creating K8s event hivemq-platform-ready: [Ready] HiveMQ Platform is ready
2025-01-30 04:06:20,056 INFO c.h.h.t.HelmChartContainer - [EVENT] Normal [Ready] HiveMQ Platform is ready [helmcustomextensionit:test-hivemq-platform]
2025-01-30 04:06:20,058 INFO c.h.h.t.HelmChartContainer - [hivemq-test-hivemq-platform] [hivemq-platform-operator] [917d9e9c] 04:06:20.057 [ReconcilerExecutor-hivemq-controller-114] INFO  c.h.p.o.h.AbstractHiveMQReconcilerStateHandler - [helmcust] Update HiveMQ Platform Status (STARTING [READY] -> RUNNING [READY]): HiveMQ Platform is ready
2025-01-30 04:06:20,067 DEBUG com.hivemq.helmcharts.util.K8sUtil - Comparing actual state 'RUNNING' and waiting for 'RUNNING'
2025-01-30 04:06:20,092 INFO c.h.h.t.HelmChartContainer - [hivemq-test-hivemq-platform] [hivemq-platform-operator] [917d9e9c] 04:06:20.090 [pool-6-thread-29] DEBUG c.h.p.o.d.PlatformServiceResource - [helmcust] Desired Platform services (3 services)
2025-01-30 04:06:20,092 INFO c.h.h.t.HelmChartContainer - [hivemq-test-hivemq-platform] [hivemq-platform-operator] [917d9e9c] 04:06:20.091 [pool-6-thread-27] DEBUG c.h.p.o.dependants.PodInfoConfigMap - [helmcust] Desired PodInfo ConfigMap (1 extensions) (1 enabled)
2025-01-30 04:06:20,092 INFO c.h.h.t.HelmChartContainer - [hivemq-test-hivemq-platform] [hivemq-platform-operator] [917d9e9c] 04:06:20.091 [pool-6-thread-27] DEBUG c.h.p.o.dependants.PodInfoConfigMap - [helmcust] Desired PodInfo ConfigMap (metrics port: 9399) (metrics path: /)
2025-01-30 04:06:20,092 INFO c.h.h.t.HelmChartContainer - [hivemq-test-hivemq-platform] [hivemq-platform-operator] [917d9e9c] 04:06:20.091 [pool-6-thread-27] DEBUG c.h.p.o.dependants.PodInfoConfigMap - [helmcust] Desired PodInfo ConfigMap (extension state hash: -1287821691)
2025-01-30 04:06:20,153 INFO c.h.h.t.HelmChartContainer - [hivemq-test-hivemq-platform] [hivemq-platform-operator] [917d9e9c] 04:06:20.149 [pool-6-thread-28] DEBUG c.h.p.o.d.PodServiceAccountResource - [helmcust] Desired PodServiceAccountResource (serviceAccountName: hivemq-platform-pod-test-hivemq-platform)
2025-01-30 04:06:20,153 INFO c.h.h.t.HelmChartContainer - [hivemq-test-hivemq-platform] [hivemq-platform-operator] [917d9e9c] 04:06:20.150 [pool-6-thread-27] DEBUG c.h.p.o.dependants.PodInfoConfigMap - [helmcust] Update PodInfo ConfigMap
2025-01-30 04:06:20,189 INFO c.h.h.t.HelmChartContainer - [hivemq-test-hivemq-platform] [hivemq-platform-operator] [917d9e9c] 04:06:20.188 [pool-6-thread-27] DEBUG c.h.p.o.d.StatefulSetResource - [helmcust] Desired StatefulSet (1 replicas) for status RUNNING (READY)
2025-01-30 04:06:20,251 INFO c.h.h.t.HelmChartContainer - [hivemq-test-hivemq-platform] [hivemq-platform-operator] [917d9e9c] 04:06:20.249 [ReconcilerExecutor-hivemq-controller-115] INFO  c.h.p.o.HiveMQPlatformReconciler - [helmcust] Reconciling HiveMQ Platform 'test-hivemq-platform' in namespace 'helmcustomextensionit'
2025-01-30 04:06:20,251 INFO c.h.h.t.HelmChartContainer - [hivemq-test-hivemq-platform] [hivemq-platform-operator] [917d9e9c] 04:06:20.249 [ReconcilerExecutor-hivemq-controller-115] DEBUG c.h.p.o.HiveMQPlatformReconciler - [helmcust] Custom Resource Status RUNNING - HiveMQ Platform is ready (READY)
2025-01-30 04:06:20,251 INFO c.h.h.t.HelmChartContainer - [hivemq-test-hivemq-platform] [hivemq-platform-operator] [917d9e9c] 04:06:20.249 [ReconcilerExecutor-hivemq-controller-115] DEBUG c.h.p.o.HiveMQPlatformReconciler - [helmcust] Custom Resource Spec (replicas: 1) (extensions: 1)
2025-01-30 04:06:20,252 INFO c.h.h.t.HelmChartContainer - [hivemq-test-hivemq-platform] [hivemq-platform-operator] [917d9e9c] 04:06:20.251 [ReconcilerExecutor-hivemq-controller-115] DEBUG c.h.p.o.HiveMQPlatformReconciler - [helmcust] StatefulSet Status (revision: test-hivemq-platform-796ccc778, replicas: 1, available: 1, ready: 1, current: 1, updated: 1)
2025-01-30 04:06:20,253 INFO c.h.h.t.HelmChartContainer - [hivemq-test-hivemq-platform] [hivemq-platform-operator] [917d9e9c] 04:06:20.251 [ReconcilerExecutor-hivemq-controller-115] DEBUG c.h.p.o.HiveMQPlatformReconciler - [helmcust] StatefulSet Spec (replicas: 1, init containers: 1, containers: 1, volumes: 3)
2025-01-30 04:06:20,253 INFO c.h.h.t.HelmChartContainer - [hivemq-test-hivemq-platform] [hivemq-platform-operator] [917d9e9c] 04:06:20.253 [ReconcilerExecutor-hivemq-controller-115] DEBUG c.h.p.o.h.HiveMQPlatformReconcilerErrorHandler - [helmcust] Pod 'test-hivemq-platform-0' phase Running
2025-01-30 04:06:22,077 INFO c.h.h.t.HelmChartContainer - Uninstalling release 'test-hivemq-platform' in namespace 'helmcustomextensionit'...
2025-01-30 04:06:22,077 DEBUG c.h.h.t.HelmChartContainer - Executing helm command: /bin/helm --kubeconfig /etc/rancher/k3s/k3s.yaml uninstall test-hivemq-platform  --wait --timeout 5m0s --cascade foreground --namespace helmcustomextensionit
2025-01-30 04:06:22,290 INFO c.h.h.t.HelmChartContainer - [hivemq-test-hivemq-platform] [hivemq-platform-operator] [917d9e9c] 04:06:22.289 [pool-6-thread-31] DEBUG c.h.p.o.d.PlatformServiceResource - [helmcust] Desired Platform services (3 services)
2025-01-30 04:06:22,303 INFO c.h.h.t.HelmChartContainer - [hivemq-test-hivemq-platform] [hivemq-platform-operator] [917d9e9c] 04:06:22.295 [pool-6-thread-39] DEBUG c.h.p.o.dependants.PodInfoConfigMap - [helmcust] Desired PodInfo ConfigMap (1 extensions) (1 enabled)
2025-01-30 04:06:22,356 INFO c.h.h.t.HelmChartContainer - [hivemq-test-hivemq-platform] [hivemq-platform-operator] [917d9e9c] 04:06:22.349 [pool-6-thread-39] DEBUG c.h.p.o.dependants.PodInfoConfigMap - [helmcust] Desired PodInfo ConfigMap (metrics port: 9399) (metrics path: /)
2025-01-30 04:06:22,356 INFO c.h.h.t.HelmChartContainer - [hivemq-test-hivemq-platform] [hivemq-platform-operator] [917d9e9c] 04:06:22.350 [pool-6-thread-39] DEBUG c.h.p.o.dependants.PodInfoConfigMap - [helmcust] Desired PodInfo ConfigMap (extension state hash: -1287821691)
2025-01-30 04:06:22,356 INFO c.h.h.t.HelmChartContainer - [hivemq-test-hivemq-platform] [hivemq-platform-operator] [917d9e9c] 04:06:22.303 [pool-6-thread-35] DEBUG c.h.p.o.d.PodServiceAccountResource - [helmcust] Desired PodServiceAccountResource (serviceAccountName: hivemq-platform-pod-test-hivemq-platform)
2025-01-30 04:06:22,364 INFO c.h.h.t.HelmChartContainer - [hivemq-test-hivemq-platform] [hivemq-platform-operator] [917d9e9c] 04:06:22.362 [pool-6-thread-31] DEBUG c.h.p.o.d.StatefulSetResource - [helmcust] Desired StatefulSet (1 replicas) for status RUNNING (READY)
2025-01-30 04:06:22,389 INFO c.h.h.t.HelmChartContainer - [hivemq-test-hivemq-platform] [hivemq-platform-operator] [917d9e9c] 04:06:22.388 [pool-6-thread-31] DEBUG c.h.p.o.d.StatefulSetResource - [helmcust] Update StatefulSet (replicas: 1 -> 1)
2025-01-30 04:06:22,390 INFO c.h.h.t.HelmChartContainer - [hivemq-test-hivemq-platform] [hivemq-platform-operator] [917d9e9c] 04:06:22.389 [pool-6-thread-31] DEBUG c.h.p.o.d.StatefulSetResource - [helmcust] Detected change in StatefulSet specification (path: /template/metadata/annotations/kubernetes-resource-versions) (actual value: {broker-configuration-v2=-2089688360}) (target value: {broker-configuration-v2=0})
2025-01-30 04:06:22,390 INFO c.h.h.t.HelmChartContainer - [hivemq-test-hivemq-platform] [hivemq-platform-operator] [917d9e9c] 04:06:22.389 [pool-6-thread-31] INFO  c.h.p.o.d.StatefulSetResource - [helmcust] StatefulSet spec was updated, triggering rolling restart
2025-01-30 04:06:22,551 INFO c.h.h.t.HelmChartContainer - [hivemq-test-hivemq-platform] [hivemq-platform-operator] [917d9e9c] 04:06:22.550 [ReconcilerExecutor-hivemq-controller-116] INFO  c.h.p.o.HiveMQPlatformReconciler - [helmcust] Reconciling HiveMQ Platform 'test-hivemq-platform' in namespace 'helmcustomextensionit'
2025-01-30 04:06:22,552 INFO c.h.h.t.HelmChartContainer - [hivemq-test-hivemq-platform] [hivemq-platform-operator] [917d9e9c] 04:06:22.550 [ReconcilerExecutor-hivemq-controller-116] DEBUG c.h.p.o.HiveMQPlatformReconciler - [helmcust] Custom Resource Status RUNNING - HiveMQ Platform is ready (READY) (reconciliation requests: REQUESTS_UPDATED, ROLLING_RESTART)
2025-01-30 04:06:22,552 INFO c.h.h.t.HelmChartContainer - [hivemq-test-hivemq-platform] [hivemq-platform-operator] [917d9e9c] 04:06:22.550 [ReconcilerExecutor-hivemq-controller-116] DEBUG c.h.p.o.HiveMQPlatformReconciler - [helmcust] Custom Resource Spec (replicas: 1) (extensions: 1)
2025-01-30 04:06:22,552 INFO c.h.h.t.HelmChartContainer - [hivemq-test-hivemq-platform] [hivemq-platform-operator] [917d9e9c] 04:06:22.551 [ReconcilerExecutor-hivemq-controller-116] WARN  c.h.p.o.h.HiveMQPlatformReconcilerErrorHandler - [helmcust] Could not find ConfigMap 'hivemq-configuration-test-hivemq-platform' for HiveMQ Platform configuration
2025-01-30 04:06:22,590 INFO c.h.h.t.HelmChartContainer - [hivemq-test-hivemq-platform] [hivemq-platform-operator] [917d9e9c] 04:06:22.589 [ReconcilerExecutor-hivemq-controller-116] DEBUG c.h.p.operator.event.EventSender - [helmcust] Creating K8s event hivemq-platform-invalid-configuration: [Start] Could not find ConfigMap 'hivemq-configuration-test-hivemq-platform' for HiveMQ Platform configuration
2025-01-30 04:06:22,594 INFO c.h.h.t.HelmChartContainer - [EVENT] Warning [Start] Could not find ConfigMap 'hivemq-configuration-test-hivemq-platform' for HiveMQ Platform configuration [helmcustomextensionit:test-hivemq-platform]
2025-01-30 04:06:22,595 INFO c.h.h.t.HelmChartContainer - [hivemq-test-hivemq-platform] [hivemq-platform-operator] [917d9e9c] 04:06:22.594 [ReconcilerExecutor-hivemq-controller-116] INFO  c.h.p.o.h.AbstractHiveMQReconcilerStateHandler - [helmcust] Update HiveMQ Platform Status (RUNNING [READY] -> ERROR [INVALID_CONFIG_MAP]): Could not find ConfigMap 'hivemq-configuration-test-hivemq-platform' for HiveMQ Platform configuration (reconciliation requests: ROLLING_RESTART)
2025-01-30 04:06:22,658 INFO c.h.h.t.HelmChartContainer - [hivemq-test-hivemq-platform] [hivemq-platform-operator] [917d9e9c] 04:06:22.655 [ReconcilerExecutor-hivemq-controller-116] ERROR i.j.o.p.event.EventProcessor - Error during event processing ExecutionScope{ resource id: ResourceID{name='test-hivemq-platform', namespace='helmcustomextensionit'}, version: 1488}
2025-01-30 04:06:22,658 INFO c.h.h.t.HelmChartContainer - [hivemq-test-hivemq-platform] [hivemq-platform-operator] [917d9e9c] io.fabric8.kubernetes.client.KubernetesClientException: Failure executing: PUT at: https://10.43.0.1:443/apis/hivemq.com/v1/namespaces/helmcustomextensionit/hivemq-platforms/test-hivemq-platform/status. Message: Operation cannot be fulfilled on hivemq-platforms.hivemq.com "test-hivemq-platform": the object has been modified; please apply your changes to the latest version and try again. Received status: Status(apiVersion=v1, code=409, details=StatusDetails(causes=[], group=hivemq.com, kind=hivemq-platforms, name=test-hivemq-platform, retryAfterSeconds=null, uid=null, additionalProperties={}), kind=Status, message=Operation cannot be fulfilled on hivemq-platforms.hivemq.com "test-hivemq-platform": the object has been modified; please apply your changes to the latest version and try again, metadata=ListMeta(_continue=null, remainingItemCount=null, resourceVersion=null, selfLink=null, additionalProperties={}), reason=Conflict, status=Failure, additionalProperties={}).
2025-01-30 04:06:22,658 INFO c.h.h.t.HelmChartContainer - [hivemq-test-hivemq-platform] [hivemq-platform-operator] [917d9e9c] 	at io.fabric8.kubernetes.client.KubernetesClientException.copyAsCause(KubernetesClientException.java:238)
2025-01-30 04:06:22,658 INFO c.h.h.t.HelmChartContainer - [hivemq-test-hivemq-platform] [hivemq-platform-operator] [917d9e9c] 	at io.fabric8.kubernetes.client.dsl.internal.OperationSupport.waitForResult(OperationSupport.java:507)
2025-01-30 04:06:22,658 INFO c.h.h.t.HelmChartContainer - [hivemq-test-hivemq-platform] [hivemq-platform-operator] [917d9e9c] 	at io.fabric8.kubernetes.client.dsl.internal.OperationSupport.handleResponse(OperationSupport.java:524)
2025-01-30 04:06:22,658 INFO c.h.h.t.HelmChartContainer - [hivemq-test-hivemq-platform] [hivemq-platform-operator] [917d9e9c] 	at io.fabric8.kubernetes.client.dsl.internal.OperationSupport.handleUpdate(OperationSupport.java:358)
2025-01-30 04:06:22,658 INFO c.h.h.t.HelmChartContainer - [hivemq-test-hivemq-platform] [hivemq-platform-operator] [917d9e9c] 	at io.fabric8.kubernetes.client.dsl.internal.BaseOperation.handleUpdate(BaseOperation.java:759)
2025-01-30 04:06:22,658 INFO c.h.h.t.HelmChartContainer - [hivemq-test-hivemq-platform] [hivemq-platform-operator] [917d9e9c] 	at io.fabric8.kubernetes.client.dsl.internal.HasMetadataOperation.update(HasMetadataOperation.java:138)
2025-01-30 04:06:22,658 INFO c.h.h.t.HelmChartContainer - [hivemq-test-hivemq-platform] [hivemq-platform-operator] [917d9e9c] 	at io.fabric8.kubernetes.client.dsl.internal.HasMetadataOperation.update(HasMetadataOperation.java:121)
2025-01-30 04:06:22,658 INFO c.h.h.t.HelmChartContainer - [hivemq-test-hivemq-platform] [hivemq-platform-operator] [917d9e9c] 	at io.fabric8.kubernetes.client.dsl.internal.HasMetadataOperation.updateStatus(HasMetadataOperation.java:126)
2025-01-30 04:06:22,658 INFO c.h.h.t.HelmChartContainer - [hivemq-test-hivemq-platform] [hivemq-platform-operator] [917d9e9c] 	at io.fabric8.kubernetes.client.dsl.internal.HasMetadataOperation.updateStatus(HasMetadataOperation.java:44)
2025-01-30 04:06:22,658 INFO c.h.h.t.HelmChartContainer - [hivemq-test-hivemq-platform] [hivemq-platform-operator] [917d9e9c] 	at io.javaoperatorsdk.operator.processing.event.ReconciliationDispatcher$CustomResourceFacade.updateStatus(ReconciliationDispatcher.java:408)
2025-01-30 04:06:22,658 INFO c.h.h.t.HelmChartContainer - [hivemq-test-hivemq-platform] [hivemq-platform-operator] [917d9e9c] 	at io.javaoperatorsdk.operator.processing.event.ReconciliationDispatcher.updateStatusGenerationAware(ReconciliationDispatcher.java:228)
2025-01-30 04:06:22,658 INFO c.h.h.t.HelmChartContainer - [hivemq-test-hivemq-platform] [hivemq-platform-operator] [917d9e9c] 	at io.javaoperatorsdk.operator.processing.event.ReconciliationDispatcher.reconcileExecution(ReconciliationDispatcher.java:150)
2025-01-30 04:06:22,658 INFO c.h.h.t.HelmChartContainer - [hivemq-test-hivemq-platform] [hivemq-platform-operator] [917d9e9c] 	at io.javaoperatorsdk.operator.processing.event.ReconciliationDispatcher.handleReconcile(ReconciliationDispatcher.java:117)
2025-01-30 04:06:22,658 INFO c.h.h.t.HelmChartContainer - [hivemq-test-hivemq-platform] [hivemq-platform-operator] [917d9e9c] 	at io.javaoperatorsdk.operator.processing.event.ReconciliationDispatcher.handleDispatch(ReconciliationDispatcher.java:91)
2025-01-30 04:06:22,658 INFO c.h.h.t.HelmChartContainer - [hivemq-test-hivemq-platform] [hivemq-platform-operator] [917d9e9c] 	at io.javaoperatorsdk.operator.processing.event.ReconciliationDispatcher.handleExecution(ReconciliationDispatcher.java:64)
2025-01-30 04:06:22,658 INFO c.h.h.t.HelmChartContainer - [hivemq-test-hivemq-platform] [hivemq-platform-operator] [917d9e9c] 	at io.javaoperatorsdk.operator.processing.event.EventProcessor$ReconcilerExecutor.run(EventProcessor.java:452)
2025-01-30 04:06:22,658 INFO c.h.h.t.HelmChartContainer - [hivemq-test-hivemq-platform] [hivemq-platform-operator] [917d9e9c] 	at java.base/java.util.concurrent.ThreadPoolExecutor.runWorker(Unknown Source)
2025-01-30 04:06:22,658 INFO c.h.h.t.HelmChartContainer - [hivemq-test-hivemq-platform] [hivemq-platform-operator] [917d9e9c] 	at java.base/java.util.concurrent.ThreadPoolExecutor$Worker.run(Unknown Source)
2025-01-30 04:06:22,658 INFO c.h.h.t.HelmChartContainer - [hivemq-test-hivemq-platform] [hivemq-platform-operator] [917d9e9c] 	at java.base/java.lang.Thread.run(Unknown Source)
2025-01-30 04:06:22,658 INFO c.h.h.t.HelmChartContainer - [hivemq-test-hivemq-platform] [hivemq-platform-operator] [917d9e9c] Caused by: io.fabric8.kubernetes.client.KubernetesClientException: Failure executing: PUT at: https://10.43.0.1:443/apis/hivemq.com/v1/namespaces/helmcustomextensionit/hivemq-platforms/test-hivemq-platform/status. Message: Operation cannot be fulfilled on hivemq-platforms.hivemq.com "test-hivemq-platform": the object has been modified; please apply your changes to the latest version and try again. Received status: Status(apiVersion=v1, code=409, details=StatusDetails(causes=[], group=hivemq.com, kind=hivemq-platforms, name=test-hivemq-platform, retryAfterSeconds=null, uid=null, additionalProperties={}), kind=Status, message=Operation cannot be fulfilled on hivemq-platforms.hivemq.com "test-hivemq-platform": the object has been modified; please apply your changes to the latest version and try again, metadata=ListMeta(_continue=null, remainingItemCount=null, resourceVersion=null, selfLink=null, additionalProperties={}), reason=Conflict, status=Failure, additionalProperties={}).
2025-01-30 04:06:22,658 INFO c.h.h.t.HelmChartContainer - [hivemq-test-hivemq-platform] [hivemq-platform-operator] [917d9e9c] 	at io.fabric8.kubernetes.client.dsl.internal.OperationSupport.requestFailure(OperationSupport.java:660)
2025-01-30 04:06:22,658 INFO c.h.h.t.HelmChartContainer - [hivemq-test-hivemq-platform] [hivemq-platform-operator] [917d9e9c] 	at io.fabric8.kubernetes.client.dsl.internal.OperationSupport.requestFailure(OperationSupport.java:640)
2025-01-30 04:06:22,658 INFO c.h.h.t.HelmChartContainer - [hivemq-test-hivemq-platform] [hivemq-platform-operator] [917d9e9c] 	at io.fabric8.kubernetes.client.dsl.internal.OperationSupport.assertResponseCode(OperationSupport.java:589)
2025-01-30 04:06:22,659 INFO c.h.h.t.HelmChartContainer - [hivemq-test-hivemq-platform] [hivemq-platform-operator] [917d9e9c] 	at io.fabric8.kubernetes.client.dsl.internal.OperationSupport.lambda$handleResponse$0(OperationSupport.java:549)
2025-01-30 04:06:22,659 INFO c.h.h.t.HelmChartContainer - [hivemq-test-hivemq-platform] [hivemq-platform-operator] [917d9e9c] 	at java.base/java.util.concurrent.CompletableFuture$UniApply.tryFire(Unknown Source)
2025-01-30 04:06:22,659 INFO c.h.h.t.HelmChartContainer - [hivemq-test-hivemq-platform] [hivemq-platform-operator] [917d9e9c] 	at java.base/java.util.concurrent.CompletableFuture.postComplete(Unknown Source)
2025-01-30 04:06:22,659 INFO c.h.h.t.HelmChartContainer - [hivemq-test-hivemq-platform] [hivemq-platform-operator] [917d9e9c] 	at java.base/java.util.concurrent.CompletableFuture.complete(Unknown Source)
2025-01-30 04:06:22,659 INFO c.h.h.t.HelmChartContainer - [hivemq-test-hivemq-platform] [hivemq-platform-operator] [917d9e9c] 	at io.fabric8.kubernetes.client.http.StandardHttpClient.lambda$completeOrCancel$10(StandardHttpClient.java:141)
2025-01-30 04:06:22,659 INFO c.h.h.t.HelmChartContainer - [hivemq-test-hivemq-platform] [hivemq-platform-operator] [917d9e9c] 	at java.base/java.util.concurrent.CompletableFuture.uniWhenComplete(Unknown Source)
2025-01-30 04:06:22,659 INFO c.h.h.t.HelmChartContainer - [hivemq-test-hivemq-platform] [hivemq-platform-operator] [917d9e9c] 	at java.base/java.util.concurrent.CompletableFuture$UniWhenComplete.tryFire(Unknown Source)
2025-01-30 04:06:22,659 INFO c.h.h.t.HelmChartContainer - [hivemq-test-hivemq-platform] [hivemq-platform-operator] [917d9e9c] 	at java.base/java.util.concurrent.CompletableFuture.postComplete(Unknown Source)
2025-01-30 04:06:22,659 INFO c.h.h.t.HelmChartContainer - [hivemq-test-hivemq-platform] [hivemq-platform-operator] [917d9e9c] 	at java.base/java.util.concurrent.CompletableFuture.complete(Unknown Source)
2025-01-30 04:06:22,659 INFO c.h.h.t.HelmChartContainer - [hivemq-test-hivemq-platform] [hivemq-platform-operator] [917d9e9c] 	at io.fabric8.kubernetes.client.http.ByteArrayBodyHandler.onBodyDone(ByteArrayBodyHandler.java:51)
2025-01-30 04:06:22,659 INFO c.h.h.t.HelmChartContainer - [hivemq-test-hivemq-platform] [hivemq-platform-operator] [917d9e9c] 	at java.base/java.util.concurrent.CompletableFuture.uniWhenComplete(Unknown Source)
2025-01-30 04:06:22,659 INFO c.h.h.t.HelmChartContainer - [hivemq-test-hivemq-platform] [hivemq-platform-operator] [917d9e9c] 	at java.base/java.util.concurrent.CompletableFuture$UniWhenComplete.tryFire(Unknown Source)
2025-01-30 04:06:22,659 INFO c.h.h.t.HelmChartContainer - [hivemq-test-hivemq-platform] [hivemq-platform-operator] [917d9e9c] 	at java.base/java.util.concurrent.CompletableFuture.postComplete(Unknown Source)
2025-01-30 04:06:22,659 INFO c.h.h.t.HelmChartContainer - [hivemq-test-hivemq-platform] [hivemq-platform-operator] [917d9e9c] 	at java.base/java.util.concurrent.CompletableFuture.complete(Unknown Source)
2025-01-30 04:06:22,659 INFO c.h.h.t.HelmChartContainer - [hivemq-test-hivemq-platform] [hivemq-platform-operator] [917d9e9c] 	at io.fabric8.kubernetes.client.vertx.VertxHttpRequest.lambda$null$1(VertxHttpRequest.java:121)
2025-01-30 04:06:22,659 INFO c.h.h.t.HelmChartContainer - [hivemq-test-hivemq-platform] [hivemq-platform-operator] [917d9e9c] 	at io.vertx.core.impl.ContextInternal.dispatch(ContextInternal.java:279)
2025-01-30 04:06:22,659 INFO c.h.h.t.HelmChartContainer - [hivemq-test-hivemq-platform] [hivemq-platform-operator] [917d9e9c] 	at io.vertx.core.impl.ContextInternal.dispatch(ContextInternal.java:261)
2025-01-30 04:06:22,659 INFO c.h.h.t.HelmChartContainer - [hivemq-test-hivemq-platform] [hivemq-platform-operator] [917d9e9c] 	at io.vertx.core.http.impl.HttpEventHandler.handleEnd(HttpEventHandler.java:76)
2025-01-30 04:06:22,659 INFO c.h.h.t.HelmChartContainer - [hivemq-test-hivemq-platform] [hivemq-platform-operator] [917d9e9c] 	at io.vertx.core.http.impl.HttpClientResponseImpl.handleEnd(HttpClientResponseImpl.java:250)
2025-01-30 04:06:22,660 INFO c.h.h.t.HelmChartContainer - [hivemq-test-hivemq-platform] [hivemq-platform-operator] [917d9e9c] 	at io.vertx.core.http.impl.Http1xClientConnection$StreamImpl.lambda$new$0(Http1xClientConnection.java:421)
2025-01-30 04:06:22,661 INFO c.h.h.t.HelmChartContainer - [hivemq-test-hivemq-platform] [hivemq-platform-operator] [917d9e9c] 	at io.vertx.core.streams.impl.InboundBuffer.handleEvent(InboundBuffer.java:279)
2025-01-30 04:06:22,661 INFO c.h.h.t.HelmChartContainer - [hivemq-test-hivemq-platform] [hivemq-platform-operator] [917d9e9c] 	at io.vertx.core.streams.impl.InboundBuffer.write(InboundBuffer.java:157)
2025-01-30 04:06:22,662 INFO c.h.h.t.HelmChartContainer - [hivemq-test-hivemq-platform] [hivemq-platform-operator] [917d9e9c] 	at io.vertx.core.http.impl.Http1xClientConnection$StreamImpl.handleEnd(Http1xClientConnection.java:709)
2025-01-30 04:06:22,662 INFO c.h.h.t.HelmChartContainer - [hivemq-test-hivemq-platform] [hivemq-platform-operator] [917d9e9c] 	at io.vertx.core.impl.ContextImpl.execute(ContextImpl.java:313)
2025-01-30 04:06:22,662 INFO c.h.h.t.HelmChartContainer - [hivemq-test-hivemq-platform] [hivemq-platform-operator] [917d9e9c] 	at io.vertx.core.impl.ContextImpl.execute(ContextImpl.java:293)
2025-01-30 04:06:22,662 INFO c.h.h.t.HelmChartContainer - [hivemq-test-hivemq-platform] [hivemq-platform-operator] [917d9e9c] 	at io.vertx.core.http.impl.Http1xClientConnection.handleResponseEnd(Http1xClientConnection.java:940)
2025-01-30 04:06:22,662 INFO c.h.h.t.HelmChartContainer - [hivemq-test-hivemq-platform] [hivemq-platform-operator] [917d9e9c] 	at io.vertx.core.http.impl.Http1xClientConnection.handleHttpMessage(Http1xClientConnection.java:810)
2025-01-30 04:06:22,662 INFO c.h.h.t.HelmChartContainer - [hivemq-test-hivemq-platform] [hivemq-platform-operator] [917d9e9c] 	at io.vertx.core.http.impl.Http1xClientConnection.handleMessage(Http1xClientConnection.java:774)
2025-01-30 04:06:22,662 INFO c.h.h.t.HelmChartContainer - [hivemq-test-hivemq-platform] [hivemq-platform-operator] [917d9e9c] 	at io.vertx.core.net.impl.ConnectionBase.read(ConnectionBase.java:159)
2025-01-30 04:06:22,662 INFO c.h.h.t.HelmChartContainer - [hivemq-test-hivemq-platform] [hivemq-platform-operator] [917d9e9c] 	at io.vertx.core.net.impl.VertxHandler.channelRead(VertxHandler.java:153)
2025-01-30 04:06:22,662 INFO c.h.h.t.HelmChartContainer - [hivemq-test-hivemq-platform] [hivemq-platform-operator] [917d9e9c] 	at io.netty.channel.AbstractChannelHandlerContext.invokeChannelRead(AbstractChannelHandlerContext.java:442)
2025-01-30 04:06:22,662 INFO c.h.h.t.HelmChartContainer - [hivemq-test-hivemq-platform] [hivemq-platform-operator] [917d9e9c] 	at io.netty.channel.AbstractChannelHandlerContext.invokeChannelRead(AbstractChannelHandlerContext.java:420)
2025-01-30 04:06:22,662 INFO c.h.h.t.HelmChartContainer - [hivemq-test-hivemq-platform] [hivemq-platform-operator] [917d9e9c] 	at io.netty.channel.AbstractChannelHandlerContext.fireChannelRead(AbstractChannelHandlerContext.java:412)
2025-01-30 04:06:22,663 INFO c.h.h.t.HelmChartContainer - [hivemq-test-hivemq-platform] [hivemq-platform-operator] [917d9e9c] 	at io.netty.channel.CombinedChannelDuplexHandler$DelegatingChannelHandlerContext.fireChannelRead(CombinedChannelDuplexHandler.java:436)
2025-01-30 04:06:22,663 INFO c.h.h.t.HelmChartContainer - [hivemq-test-hivemq-platform] [hivemq-platform-operator] [917d9e9c] 	at io.netty.handler.codec.ByteToMessageDecoder.fireChannelRead(ByteToMessageDecoder.java:346)
2025-01-30 04:06:22,663 INFO c.h.h.t.HelmChartContainer - [hivemq-test-hivemq-platform] [hivemq-platform-operator] [917d9e9c] 	at io.netty.handler.codec.ByteToMessageDecoder.channelRead(ByteToMessageDecoder.java:318)
2025-01-30 04:06:22,663 INFO c.h.h.t.HelmChartContainer - [hivemq-test-hivemq-platform] [hivemq-platform-operator] [917d9e9c] 	at io.netty.channel.CombinedChannelDuplexHandler.channelRead(CombinedChannelDuplexHandler.java:251)
2025-01-30 04:06:22,663 INFO c.h.h.t.HelmChartContainer - [hivemq-test-hivemq-platform] [hivemq-platform-operator] [917d9e9c] 	at io.netty.channel.AbstractChannelHandlerContext.invokeChannelRead(AbstractChannelHandlerContext.java:442)
2025-01-30 04:06:22,663 INFO c.h.h.t.HelmChartContainer - [hivemq-test-hivemq-platform] [hivemq-platform-operator] [917d9e9c] 	at io.netty.channel.AbstractChannelHandlerContext.invokeChannelRead(AbstractChannelHandlerContext.java:420)
2025-01-30 04:06:22,663 INFO c.h.h.t.HelmChartContainer - [hivemq-test-hivemq-platform] [hivemq-platform-operator] [917d9e9c] 	at io.netty.channel.AbstractChannelHandlerContext.fireChannelRead(AbstractChannelHandlerContext.java:412)
2025-01-30 04:06:22,663 INFO c.h.h.t.HelmChartContainer - [hivemq-test-hivemq-platform] [hivemq-platform-operator] [917d9e9c] 	at io.netty.handler.ssl.SslHandler.unwrap(SslHandler.java:1475)
2025-01-30 04:06:22,663 INFO c.h.h.t.HelmChartContainer - [hivemq-test-hivemq-platform] [hivemq-platform-operator] [917d9e9c] 	at io.netty.handler.ssl.SslHandler.decodeJdkCompatible(SslHandler.java:1338)
2025-01-30 04:06:22,663 INFO c.h.h.t.HelmChartContainer - [hivemq-test-hivemq-platform] [hivemq-platform-operator] [917d9e9c] 	at io.netty.handler.ssl.SslHandler.decode(SslHandler.java:1387)
2025-01-30 04:06:22,663 INFO c.h.h.t.HelmChartContainer - [hivemq-test-hivemq-platform] [hivemq-platform-operator] [917d9e9c] 	at io.netty.handler.codec.ByteToMessageDecoder.decodeRemovalReentryProtection(ByteToMessageDecoder.java:530)
2025-01-30 04:06:22,663 INFO c.h.h.t.HelmChartContainer - [hivemq-test-hivemq-platform] [hivemq-platform-operator] [917d9e9c] 	at io.netty.handler.codec.ByteToMessageDecoder.callDecode(ByteToMessageDecoder.java:469)
2025-01-30 04:06:22,663 INFO c.h.h.t.HelmChartContainer - [hivemq-test-hivemq-platform] [hivemq-platform-operator] [917d9e9c] 	at io.netty.handler.codec.ByteToMessageDecoder.channelRead(ByteToMessageDecoder.java:290)
2025-01-30 04:06:22,663 INFO c.h.h.t.HelmChartContainer - [hivemq-test-hivemq-platform] [hivemq-platform-operator] [917d9e9c] 	at io.netty.channel.AbstractChannelHandlerContext.invokeChannelRead(AbstractChannelHandlerContext.java:444)
2025-01-30 04:06:22,663 INFO c.h.h.t.HelmChartContainer - [hivemq-test-hivemq-platform] [hivemq-platform-operator] [917d9e9c] 	at io.netty.channel.AbstractChannelHandlerContext.invokeChannelRead(AbstractChannelHandlerContext.java:420)
2025-01-30 04:06:22,663 INFO c.h.h.t.HelmChartContainer - [hivemq-test-hivemq-platform] [hivemq-platform-operator] [917d9e9c] 	at io.netty.channel.AbstractChannelHandlerContext.fireChannelRead(AbstractChannelHandlerContext.java:412)
2025-01-30 04:06:22,663 INFO c.h.h.t.HelmChartContainer - [hivemq-test-hivemq-platform] [hivemq-platform-operator] [917d9e9c] 	at io.netty.channel.DefaultChannelPipeline$HeadContext.channelRead(DefaultChannelPipeline.java:1407)
2025-01-30 04:06:22,663 INFO c.h.h.t.HelmChartContainer - [hivemq-test-hivemq-platform] [hivemq-platform-operator] [917d9e9c] 	at io.netty.channel.AbstractChannelHandlerContext.invokeChannelRead(AbstractChannelHandlerContext.java:440)
2025-01-30 04:06:22,663 INFO c.h.h.t.HelmChartContainer - [hivemq-test-hivemq-platform] [hivemq-platform-operator] [917d9e9c] 	at io.netty.channel.AbstractChannelHandlerContext.invokeChannelRead(AbstractChannelHandlerContext.java:420)
2025-01-30 04:06:22,663 INFO c.h.h.t.HelmChartContainer - [hivemq-test-hivemq-platform] [hivemq-platform-operator] [917d9e9c] 	at io.netty.channel.DefaultChannelPipeline.fireChannelRead(DefaultChannelPipeline.java:918)
2025-01-30 04:06:22,663 INFO c.h.h.t.HelmChartContainer - [hivemq-test-hivemq-platform] [hivemq-platform-operator] [917d9e9c] 	at io.netty.channel.nio.AbstractNioByteChannel$NioByteUnsafe.read(AbstractNioByteChannel.java:166)
2025-01-30 04:06:22,663 INFO c.h.h.t.HelmChartContainer - [hivemq-test-hivemq-platform] [hivemq-platform-operator] [917d9e9c] 	at io.netty.channel.nio.NioEventLoop.processSelectedKey(NioEventLoop.java:788)
2025-01-30 04:06:22,663 INFO c.h.h.t.HelmChartContainer - [hivemq-test-hivemq-platform] [hivemq-platform-operator] [917d9e9c] 	at io.netty.channel.nio.NioEventLoop.processSelectedKeysOptimized(NioEventLoop.java:724)
2025-01-30 04:06:22,663 INFO c.h.h.t.HelmChartContainer - [hivemq-test-hivemq-platform] [hivemq-platform-operator] [917d9e9c] 	at io.netty.channel.nio.NioEventLoop.processSelectedKeys(NioEventLoop.java:650)
2025-01-30 04:06:22,663 INFO c.h.h.t.HelmChartContainer - [hivemq-test-hivemq-platform] [hivemq-platform-operator] [917d9e9c] 	at io.netty.channel.nio.NioEventLoop.run(NioEventLoop.java:562)
2025-01-30 04:06:22,663 INFO c.h.h.t.HelmChartContainer - [hivemq-test-hivemq-platform] [hivemq-platform-operator] [917d9e9c] 	at io.netty.util.concurrent.SingleThreadEventExecutor$4.run(SingleThreadEventExecutor.java:997)
2025-01-30 04:06:22,663 INFO c.h.h.t.HelmChartContainer - [hivemq-test-hivemq-platform] [hivemq-platform-operator] [917d9e9c] 	at io.netty.util.internal.ThreadExecutorMap$2.run(ThreadExecutorMap.java:74)
2025-01-30 04:06:22,663 INFO c.h.h.t.HelmChartContainer - [hivemq-test-hivemq-platform] [hivemq-platform-operator] [917d9e9c] 	at io.netty.util.concurrent.FastThreadLocalRunnable.run(FastThreadLocalRunnable.java:30)
2025-01-30 04:06:22,663 INFO c.h.h.t.HelmChartContainer - [hivemq-test-hivemq-platform] [hivemq-platform-operator] [917d9e9c] 	... 1 common frames omitted
2025-01-30 04:06:22,665 INFO c.h.h.t.HelmChartContainer - [hivemq-test-hivemq-platform] [hivemq-platform-operator] [917d9e9c] 04:06:22.663 [ReconcilerExecutor-hivemq-controller-122] INFO  c.h.p.o.HiveMQPlatformReconciler - [helmcust] Cleanup test-hivemq-platform - helmcustomextensionit HiveMQ Platform is shut down
2025-01-30 04:06:23,115 INFO c.h.h.t.HelmChartContainer - [POD] test-hivemq-platform-0 [cbf864c9-99f2-4080-9671-76caf5b3bfc1] in helmcustomextensionit was MODIFIED
2025-01-30 04:06:23,123 INFO c.h.h.t.HelmChartContainer - [EVENT] Normal [Killing] Stopping container hivemq [helmcustomextensionit:test-hivemq-platform-0]
2025-01-30 04:06:23,123 INFO c.h.h.t.HelmChartContainer - Received Killing event for container hivemq in pod test-hivemq-platform-0 [cbf864c9-99f2-4080-9671-76caf5b3bfc1]
2025-01-30 04:06:23,123 INFO c.h.h.t.HelmChartContainer - Container [test-hivemq-platform-0] [hivemq] [cbf864c9-99f2-4080-9671-76caf5b3bfc1] was terminated
2025-01-30 04:06:23,123 INFO c.h.h.t.HelmChartContainer - Stopped log watcher for hivemq in pod test-hivemq-platform-0 [cbf864c9-99f2-4080-9671-76caf5b3bfc1]
2025-01-30 04:06:23,133 INFO c.h.h.t.HelmChartContainer - [test-hivemq-platform] [hivemq] [cbf864c9] INFO  - [HiveMQ Platform Operator Init App 1.7.0-SNAPSHOT] Shutting down
2025-01-30 04:06:23,133 INFO c.h.h.t.HelmChartContainer - [test-hivemq-platform] [hivemq] [cbf864c9] INFO  - [HiveMQ Platform Operator Init App 1.7.0-SNAPSHOT] Stopping the HiveMQ Platform
2025-01-30 04:06:23,246 INFO c.h.h.t.HelmChartContainer - [test-hivemq-platform] [hivemq] [cbf864c9] INFO  - Shutting down HiveMQ. Please wait, this could take a while...
2025-01-30 04:06:23,251 INFO c.h.h.t.HelmChartContainer - [test-hivemq-platform] [hivemq] [cbf864c9] INFO  - Shutting down listeners and clients
2025-01-30 04:06:23,252 INFO c.h.h.t.HelmChartContainer - [test-hivemq-platform] [hivemq] [cbf864c9] INFO  - Shutdown of listeners is done
2025-01-30 04:06:23,290 INFO c.h.h.t.HelmChartContainer - [test-hivemq-platform] [hivemq] [cbf864c9] INFO  - No clients are connected, proceeding with shutdown
2025-01-30 04:06:24,346 INFO c.h.h.t.HelmChartContainer - Deleting namespace 'helmcustomextensionit'...
2025-01-30 04:06:24,857 INFO c.h.h.t.HelmChartContainer - [test-hivemq-platform] [hivemq] [cbf864c9] INFO  - [HiveMQ Platform Operator Init App 1.7.0-SNAPSHOT] Returning shutdown Health API response 503 for readiness
2025-01-30 04:06:24,861 INFO c.h.h.t.HelmChartContainer - [EVENT] Warning [Unhealthy] Readiness probe failed: HTTP probe failed with statuscode: 503 [helmcustomextensionit:test-hivemq-platform-0]
2025-01-30 04:06:24,861 INFO c.h.h.t.HelmChartContainer - Received Unhealthy event for container hivemq in pod test-hivemq-platform-0 [cbf864c9-99f2-4080-9671-76caf5b3bfc1]
2025-01-30 04:06:25,464 INFO c.h.h.t.HelmChartContainer - [K3S] [authentication.go:74] "Unable to authenticate the request" err="[invalid bearer token, serviceaccounts \"hivemq-platform-pod-test-hivemq-platform\" not found]"
2025-01-30 04:06:25,486 INFO c.h.h.t.HelmChartContainer - [K3S] [authentication.go:74] "Unable to authenticate the request" err="[invalid bearer token, serviceaccounts \"hivemq-platform-pod-test-hivemq-platform\" not found]"
2025-01-30 04:06:25,557 INFO c.h.h.t.HelmChartContainer - [test-hivemq-platform] [hivemq] [cbf864c9] WARN  - [HiveMQ Platform Operator Init App 1.7.0-SNAPSHOT] Could not update Pod annotations: Failure executing: GET at: https://10.43.0.1:443/api/v1/namespaces/helmcustomextensionit/pods/test-hivemq-platform-0. Message: Unauthorized. Received status: Status(apiVersion=v1, code=401, details=null, kind=Status, message=Unauthorized, metadata=ListMeta(_continue=null, remainingItemCount=null, resourceVersion=null, selfLink=null, additionalProperties={}), reason=Unauthorized, status=Failure, additionalProperties={}).
2025-01-30 04:06:26,654 INFO c.h.h.t.HelmChartContainer - [test-hivemq-platform] [hivemq] [cbf864c9] INFO  - Shutting down extension system
2025-01-30 04:06:26,655 INFO c.h.h.t.HelmChartContainer - [test-hivemq-platform] [hivemq] [cbf864c9] INFO  - Stopping extension with id hivemq-dns-cluster-discovery
2025-01-30 04:06:26,656 INFO c.h.h.t.HelmChartContainer - [test-hivemq-platform] [hivemq] [cbf864c9] INFO  - Extension "DNS Cluster Discovery Extension" version 4.3.2 stopped successfully.
2025-01-30 04:06:26,657 INFO c.h.h.t.HelmChartContainer - [test-hivemq-platform] [hivemq] [cbf864c9] INFO  - Stopping extension with id hivemq-custom-test-extension
2025-01-30 04:06:26,657 INFO c.h.h.t.HelmChartContainer - [test-hivemq-platform] [hivemq] [cbf864c9] INFO  - HiveMQ Custom Test Extension stopped
2025-01-30 04:06:26,658 INFO c.h.h.t.HelmChartContainer - [test-hivemq-platform] [hivemq] [cbf864c9] INFO  - Extension "HiveMQ Custom Test Extension" version 3.0.0 stopped successfully.
2025-01-30 04:06:26,658 INFO c.h.h.t.HelmChartContainer - [test-hivemq-platform] [hivemq] [cbf864c9] INFO  - Stopping extension with id hivemq-prometheus-extension
2025-01-30 04:06:26,662 INFO c.h.h.t.HelmChartContainer - [test-hivemq-platform] [hivemq] [cbf864c9] INFO  - Extension "Prometheus Monitoring Extension" version 4.0.12 stopped successfully.
2025-01-30 04:06:26,662 INFO c.h.h.t.HelmChartContainer - [test-hivemq-platform] [hivemq] [cbf864c9] INFO  - Stopping extension with id hivemq-allow-all-extension
2025-01-30 04:06:26,663 INFO c.h.h.t.HelmChartContainer - [test-hivemq-platform] [hivemq] [cbf864c9] INFO  - Extension "Allow All Extension" version 1.1.1 stopped successfully.
2025-01-30 04:06:28,949 INFO c.h.h.t.HelmChartContainer - [test-hivemq-platform] [hivemq] [cbf864c9] INFO  - Shutdown completed.
2025-01-30 04:06:29,299 INFO c.h.h.t.HelmChartContainer - [test-hivemq-platform] [hivemq] [cbf864c9] INFO  - [HiveMQ Platform Operator Init App 1.7.0-SNAPSHOT] The HiveMQ Platform exited with code 143
2025-01-30 04:06:29,299 INFO c.h.h.t.HelmChartContainer - [test-hivemq-platform] [hivemq] [cbf864c9] INFO  - [HiveMQ Platform Operator Init App 1.7.0-SNAPSHOT] Stopping the REST API
2025-01-30 04:06:29,309 INFO c.h.h.t.HelmChartContainer - [test-hivemq-platform] [hivemq] [cbf864c9] INFO  - [HiveMQ Platform Operator Init App 1.7.0-SNAPSHOT] Shutdown complete
2025-01-30 04:06:29,366 INFO c.h.h.t.HelmChartContainer - [K3S] [replica_set.go:679] "Finished syncing" kind="ReplicaSet" key="helmcustomextensionit/nginx-5fcd8786bb" duration="7.163µs"
2025-01-30 04:06:29,377 INFO c.h.h.t.HelmChartContainer - [POD] nginx-5fcd8786bb-khxvh [154366aa-f26a-4615-879d-c1c09b918513] in helmcustomextensionit was MODIFIED
2025-01-30 04:06:29,384 INFO c.h.h.t.HelmChartContainer - [nginx-5fcd8786bb-khx] [nginx] [154366aa] 2025/01/30 04:06:29 [notice] 1#1: signal 3 (SIGQUIT) received, shutting down
2025-01-30 04:06:29,384 INFO c.h.h.t.HelmChartContainer - [nginx-5fcd8786bb-khx] [nginx] [154366aa] 2025/01/30 04:06:29 [notice] 22#22: gracefully shutting down
2025-01-30 04:06:29,384 INFO c.h.h.t.HelmChartContainer - [nginx-5fcd8786bb-khx] [nginx] [154366aa] 2025/01/30 04:06:29 [notice] 23#23: gracefully shutting down
2025-01-30 04:06:29,386 INFO c.h.h.t.HelmChartContainer - [nginx-5fcd8786bb-khx] [nginx] [154366aa] 2025/01/30 04:06:29 [notice] 24#24: gracefully shutting down
2025-01-30 04:06:29,386 INFO c.h.h.t.HelmChartContainer - [nginx-5fcd8786bb-khx] [nginx] [154366aa] 2025/01/30 04:06:29 [notice] 22#22: exiting
2025-01-30 04:06:29,387 INFO c.h.h.t.HelmChartContainer - [nginx-5fcd8786bb-khx] [nginx] [154366aa] 2025/01/30 04:06:29 [notice] 25#25: gracefully shutting down
2025-01-30 04:06:29,387 INFO c.h.h.t.HelmChartContainer - [nginx-5fcd8786bb-khx] [nginx] [154366aa] 2025/01/30 04:06:29 [notice] 25#25: exiting
2025-01-30 04:06:29,387 INFO c.h.h.t.HelmChartContainer - [nginx-5fcd8786bb-khx] [nginx] [154366aa] 2025/01/30 04:06:29 [notice] 23#23: exiting
2025-01-30 04:06:29,387 INFO c.h.h.t.HelmChartContainer - [nginx-5fcd8786bb-khx] [nginx] [154366aa] 2025/01/30 04:06:29 [notice] 25#25: exit
2025-01-30 04:06:29,387 INFO c.h.h.t.HelmChartContainer - [nginx-5fcd8786bb-khx] [nginx] [154366aa] 2025/01/30 04:06:29 [notice] 23#23: exit
2025-01-30 04:06:29,387 INFO c.h.h.t.HelmChartContainer - [nginx-5fcd8786bb-khx] [nginx] [154366aa] 2025/01/30 04:06:29 [notice] 24#24: exiting
2025-01-30 04:06:29,387 INFO c.h.h.t.HelmChartContainer - [nginx-5fcd8786bb-khx] [nginx] [154366aa] 2025/01/30 04:06:29 [notice] 24#24: exit
2025-01-30 04:06:29,387 INFO c.h.h.t.HelmChartContainer - [nginx-5fcd8786bb-khx] [nginx] [154366aa] 2025/01/30 04:06:29 [notice] 22#22: exit
2025-01-30 04:06:29,394 INFO c.h.h.t.HelmChartContainer - [nginx-5fcd8786bb-khx] [nginx] [154366aa] 2025/01/30 04:06:29 [notice] 1#1: signal 17 (SIGCHLD) received from 25
2025-01-30 04:06:29,394 INFO c.h.h.t.HelmChartContainer - [nginx-5fcd8786bb-khx] [nginx] [154366aa] 2025/01/30 04:06:29 [notice] 1#1: worker process 22 exited with code 0
2025-01-30 04:06:29,394 INFO c.h.h.t.HelmChartContainer - [nginx-5fcd8786bb-khx] [nginx] [154366aa] 2025/01/30 04:06:29 [notice] 1#1: worker process 23 exited with code 0
2025-01-30 04:06:29,395 INFO c.h.h.t.HelmChartContainer - [nginx-5fcd8786bb-khx] [nginx] [154366aa] 2025/01/30 04:06:29 [notice] 1#1: worker process 25 exited with code 0
2025-01-30 04:06:29,395 INFO c.h.h.t.HelmChartContainer - [nginx-5fcd8786bb-khx] [nginx] [154366aa] 2025/01/30 04:06:29 [notice] 1#1: signal 29 (SIGIO) received
2025-01-30 04:06:29,395 INFO c.h.h.t.HelmChartContainer - [nginx-5fcd8786bb-khx] [nginx] [154366aa] 2025/01/30 04:06:29 [notice] 1#1: signal 17 (SIGCHLD) received from 24
2025-01-30 04:06:29,395 INFO c.h.h.t.HelmChartContainer - [nginx-5fcd8786bb-khx] [nginx] [154366aa] 2025/01/30 04:06:29 [notice] 1#1: worker process 24 exited with code 0
2025-01-30 04:06:29,395 INFO c.h.h.t.HelmChartContainer - [nginx-5fcd8786bb-khx] [nginx] [154366aa] 2025/01/30 04:06:29 [notice] 1#1: exit
2025-01-30 04:06:29,556 INFO c.h.h.t.HelmChartContainer - [POD] nginx-5fcd8786bb-khxvh [154366aa-f26a-4615-879d-c1c09b918513] in helmcustomextensionit was MODIFIED
2025-01-30 04:06:29,612 INFO c.h.h.t.HelmChartContainer - [K3S] [reconciler_common.go:162] "operationExecutor.UnmountVolume started for volume \"nginx-https-conf\" (UniqueName: \"kubernetes.io/host-path/154366aa-f26a-4615-879d-c1c09b918513-nginx-https-conf\") pod \"154366aa-f26a-4615-879d-c1c09b918513\" (UID: \"154366aa-f26a-4615-879d-c1c09b918513\") "
2025-01-30 04:06:29,612 INFO c.h.h.t.HelmChartContainer - [K3S] [reconciler_common.go:162] "operationExecutor.UnmountVolume started for volume \"volume-hivemq-custom-test-extension-300\" (UniqueName: \"kubernetes.io/host-path/154366aa-f26a-4615-879d-c1c09b918513-volume-hivemq-custom-test-extension-300\") pod \"154366aa-f26a-4615-879d-c1c09b918513\" (UID: \"154366aa-f26a-4615-879d-c1c09b918513\") "
2025-01-30 04:06:29,612 INFO c.h.h.t.HelmChartContainer - [K3S] [reconciler_common.go:162] "operationExecutor.UnmountVolume started for volume \"kube-api-access-fn2mg\" (UniqueName: \"kubernetes.io/projected/154366aa-f26a-4615-879d-c1c09b918513-kube-api-access-fn2mg\") pod \"154366aa-f26a-4615-879d-c1c09b918513\" (UID: \"154366aa-f26a-4615-879d-c1c09b918513\") "
2025-01-30 04:06:29,612 INFO c.h.h.t.HelmChartContainer - [K3S] [reconciler_common.go:162] "operationExecutor.UnmountVolume started for volume \"nginx-certificates\" (UniqueName: \"kubernetes.io/secret/154366aa-f26a-4615-879d-c1c09b918513-nginx-certificates\") pod \"154366aa-f26a-4615-879d-c1c09b918513\" (UID: \"154366aa-f26a-4615-879d-c1c09b918513\") "
2025-01-30 04:06:29,662 INFO c.h.h.t.HelmChartContainer - [K3S] [stateful_set.go:466] "StatefulSet has been deleted" key="helmcustomextensionit/test-hivemq-platform"
2025-01-30 04:06:29,712 INFO c.h.h.t.HelmChartContainer - [K3S] [reconciler_common.go:299] "Volume detached for volume \"nginx-certificates\" (UniqueName: \"kubernetes.io/secret/154366aa-f26a-4615-879d-c1c09b918513-nginx-certificates\") on node \"19066f879d23\" DevicePath \"\""
2025-01-30 04:06:29,713 INFO c.h.h.t.HelmChartContainer - [K3S] [reconciler_common.go:299] "Volume detached for volume \"kube-api-access-fn2mg\" (UniqueName: \"kubernetes.io/projected/154366aa-f26a-4615-879d-c1c09b918513-kube-api-access-fn2mg\") on node \"19066f879d23\" DevicePath \"\""
2025-01-30 04:06:29,713 INFO c.h.h.t.HelmChartContainer - [K3S] [reconciler_common.go:299] "Volume detached for volume \"nginx-https-conf\" (UniqueName: \"kubernetes.io/host-path/154366aa-f26a-4615-879d-c1c09b918513-nginx-https-conf\") on node \"19066f879d23\" DevicePath \"\""
2025-01-30 04:06:29,713 INFO c.h.h.t.HelmChartContainer - [K3S] [reconciler_common.go:299] "Volume detached for volume \"volume-hivemq-custom-test-extension-300\" (UniqueName: \"kubernetes.io/host-path/154366aa-f26a-4615-879d-c1c09b918513-volume-hivemq-custom-test-extension-300\") on node \"19066f879d23\" DevicePath \"\""
2025-01-30 04:06:29,724 INFO c.h.h.t.HelmChartContainer - [K3S] [pod_container_deletor.go:80] "Container not found in pod's containers" containerID="b58f5dcb77f75cd2a57fc15d70615f90f4f09dcd0513ad6d33efe09e8b8db0bb"
2025-01-30 04:06:29,727 INFO c.h.h.t.HelmChartContainer - [K3S] [scope.go:117] "RemoveContainer" containerID="b093b30456b444eb7a066fcc683f19436d37cce8291a79968bf48071827ca8f0"
2025-01-30 04:06:29,730 INFO c.h.h.t.HelmChartContainer - Stopped log watcher for nginx in pod nginx-5fcd8786bb-khxvh [154366aa-f26a-4615-879d-c1c09b918513]
2025-01-30 04:06:29,732 INFO c.h.h.t.HelmChartContainer - [K3S] [scope.go:117] "RemoveContainer" containerID="b093b30456b444eb7a066fcc683f19436d37cce8291a79968bf48071827ca8f0"
2025-01-30 04:06:29,741 INFO c.h.h.t.HelmChartContainer - [POD] test-hivemq-platform-0 [cbf864c9-99f2-4080-9671-76caf5b3bfc1] in helmcustomextensionit was MODIFIED
2025-01-30 04:06:29,750 INFO c.h.h.t.HelmChartContainer - [POD] nginx-5fcd8786bb-khxvh [154366aa-f26a-4615-879d-c1c09b918513] in helmcustomextensionit was MODIFIED
2025-01-30 04:06:29,752 INFO c.h.h.t.HelmChartContainer - [POD] nginx-5fcd8786bb-khxvh [154366aa-f26a-4615-879d-c1c09b918513] in helmcustomextensionit was DELETED
2025-01-30 04:06:29,814 INFO c.h.h.t.HelmChartContainer - [K3S] [reconciler_common.go:162] "operationExecutor.UnmountVolume started for volume \"kube-api-access-87s2r\" (UniqueName: \"kubernetes.io/projected/cbf864c9-99f2-4080-9671-76caf5b3bfc1-kube-api-access-87s2r\") pod \"cbf864c9-99f2-4080-9671-76caf5b3bfc1\" (UID: \"cbf864c9-99f2-4080-9671-76caf5b3bfc1\") "
2025-01-30 04:06:29,814 INFO c.h.h.t.HelmChartContainer - [K3S] [reconciler_common.go:162] "operationExecutor.UnmountVolume started for volume \"operator-init\" (UniqueName: \"kubernetes.io/empty-dir/cbf864c9-99f2-4080-9671-76caf5b3bfc1-operator-init\") pod \"cbf864c9-99f2-4080-9671-76caf5b3bfc1\" (UID: \"cbf864c9-99f2-4080-9671-76caf5b3bfc1\") "
2025-01-30 04:06:29,815 INFO c.h.h.t.HelmChartContainer - [K3S] [reconciler_common.go:162] "operationExecutor.UnmountVolume started for volume \"pod-info\" (UniqueName: \"kubernetes.io/configmap/cbf864c9-99f2-4080-9671-76caf5b3bfc1-pod-info\") pod \"cbf864c9-99f2-4080-9671-76caf5b3bfc1\" (UID: \"cbf864c9-99f2-4080-9671-76caf5b3bfc1\") "
2025-01-30 04:06:29,815 INFO c.h.h.t.HelmChartContainer - [K3S] [reconciler_common.go:162] "operationExecutor.UnmountVolume started for volume \"broker-configuration\" (UniqueName: \"kubernetes.io/configmap/cbf864c9-99f2-4080-9671-76caf5b3bfc1-broker-configuration\") pod \"cbf864c9-99f2-4080-9671-76caf5b3bfc1\" (UID: \"cbf864c9-99f2-4080-9671-76caf5b3bfc1\") "
2025-01-30 04:06:29,914 INFO c.h.h.t.HelmChartContainer - [K3S] [reconciler_common.go:299] "Volume detached for volume \"pod-info\" (UniqueName: \"kubernetes.io/configmap/cbf864c9-99f2-4080-9671-76caf5b3bfc1-pod-info\") on node \"19066f879d23\" DevicePath \"\""
2025-01-30 04:06:29,914 INFO c.h.h.t.HelmChartContainer - [K3S] [reconciler_common.go:299] "Volume detached for volume \"kube-api-access-87s2r\" (UniqueName: \"kubernetes.io/projected/cbf864c9-99f2-4080-9671-76caf5b3bfc1-kube-api-access-87s2r\") on node \"19066f879d23\" DevicePath \"\""
2025-01-30 04:06:29,914 INFO c.h.h.t.HelmChartContainer - [K3S] [reconciler_common.go:299] "Volume detached for volume \"operator-init\" (UniqueName: \"kubernetes.io/empty-dir/cbf864c9-99f2-4080-9671-76caf5b3bfc1-operator-init\") on node \"19066f879d23\" DevicePath \"\""
2025-01-30 04:06:29,914 INFO c.h.h.t.HelmChartContainer - [K3S] [reconciler_common.go:299] "Volume detached for volume \"broker-configuration\" (UniqueName: \"kubernetes.io/configmap/cbf864c9-99f2-4080-9671-76caf5b3bfc1-broker-configuration\") on node \"19066f879d23\" DevicePath \"\""
2025-01-30 04:06:30,741 INFO c.h.h.t.HelmChartContainer - [POD] test-hivemq-platform-0 [cbf864c9-99f2-4080-9671-76caf5b3bfc1] in helmcustomextensionit was MODIFIED
2025-01-30 04:06:30,747 INFO c.h.h.t.HelmChartContainer - [POD] test-hivemq-platform-0 [cbf864c9-99f2-4080-9671-76caf5b3bfc1] in helmcustomextensionit was DELETED
2025-01-30 04:06:31,009 INFO c.h.h.t.HelmChartContainer - [K3S] [kubelet_volumes.go:163] "Cleaned up orphaned pod volumes dir" podUID="154366aa-f26a-4615-879d-c1c09b918513" path="/var/lib/kubelet/pods/154366aa-f26a-4615-879d-c1c09b918513/volumes"
2025-01-30 04:06:31,010 INFO c.h.h.t.HelmChartContainer - [K3S] [kubelet_volumes.go:163] "Cleaned up orphaned pod volumes dir" podUID="cbf864c9-99f2-4080-9671-76caf5b3bfc1" path="/var/lib/kubelet/pods/cbf864c9-99f2-4080-9671-76caf5b3bfc1/volumes"
2025-01-30 04:06:34,971 INFO c.h.h.t.HelmChartContainer - Namespace 'helmcustomextensionit' deleted
2025-01-30 04:06:34,972 INFO c.h.h.t.HelmChartContainer - Release 'test-hivemq-platform' in namespace 'helmcustomextensionit' is uninstalled
2025-01-30 04:06:34,972 INFO c.h.h.t.HelmChartContainer - Uninstalling release 'test-hivemq-platform-operator' in namespace 'helmcustomextensionit-operator'...
2025-01-30 04:06:34,972 DEBUG c.h.h.t.HelmChartContainer - Executing helm command: /bin/helm --kubeconfig /etc/rancher/k3s/k3s.yaml uninstall test-hivemq-platform-operator  --wait --timeout 5m0s --cascade foreground --namespace helmcustomextensionit-operator
2025-01-30 04:06:35,129 INFO c.h.h.t.HelmChartContainer - [K3S] [replica_set.go:679] "Finished syncing" kind="ReplicaSet" key="helmcustomextensionit-operator/hivemq-test-hivemq-platform-operator-6966f96d65" duration="8.951776ms"
2025-01-30 04:06:35,129 INFO c.h.h.t.HelmChartContainer - [K3S] [replica_set.go:679] "Finished syncing" kind="ReplicaSet" key="helmcustomextensionit-operator/hivemq-test-hivemq-platform-operator-6966f96d65" duration="63.709µs"
2025-01-30 04:06:35,146 INFO c.h.h.t.HelmChartContainer - [POD] hivemq-test-hivemq-platform-operator-6966f96d65-4xvvc [917d9e9c-20f4-4e7e-afbf-085e630e8489] in helmcustomextensionit-operator was MODIFIED
2025-01-30 04:06:35,153 INFO c.h.h.t.HelmChartContainer - [EVENT] Normal [Killing] Stopping container hivemq-platform-operator [helmcustomextensionit-operator:hivemq-test-hivemq-platform-operator-6966f96d65-4xvvc]
2025-01-30 04:06:35,153 INFO c.h.h.t.HelmChartContainer - Received Killing event for container hivemq-platform-operator in pod hivemq-test-hivemq-platform-operator-6966f96d65-4xvvc [917d9e9c-20f4-4e7e-afbf-085e630e8489]
2025-01-30 04:06:35,153 INFO c.h.h.t.HelmChartContainer - Container [hivemq-test-hivemq-platform-operator-6966f96d65-4xvvc] [hivemq-platform-operator] [917d9e9c-20f4-4e7e-afbf-085e630e8489] was terminated
2025-01-30 04:06:35,153 INFO c.h.h.t.HelmChartContainer - Stopped log watcher for hivemq-platform-operator in pod hivemq-test-hivemq-platform-operator-6966f96d65-4xvvc [917d9e9c-20f4-4e7e-afbf-085e630e8489]
2025-01-30 04:06:35,161 INFO c.h.h.t.HelmChartContainer - [K3S] [replica_set.go:679] "Finished syncing" kind="ReplicaSet" key="helmcustomextensionit-operator/hivemq-test-hivemq-platform-operator-6966f96d65" duration="18.54944ms"
2025-01-30 04:06:35,164 INFO c.h.h.t.HelmChartContainer - [hivemq-test-hivemq-platform] [hivemq-platform-operator] [917d9e9c] 04:06:35.161 [application-shutdown-thread] INFO  c.h.p.o.HiveMQPlatformOperatorApplication - HiveMQ Platform Operator is stopping...
2025-01-30 04:06:35,164 INFO c.h.h.t.HelmChartContainer - [hivemq-test-hivemq-platform] [hivemq-platform-operator] [917d9e9c] 04:06:35.161 [application-shutdown-thread] INFO  i.javaoperatorsdk.operator.Operator - Operator SDK 4.9.7 is shutting down...
2025-01-30 04:06:35,167 INFO c.h.h.t.HelmChartContainer - [K3S] [replica_set.go:679] "Finished syncing" kind="ReplicaSet" key="helmcustomextensionit-operator/hivemq-test-hivemq-platform-operator-6966f96d65" duration="43.08µs"
2025-01-30 04:06:35,186 INFO c.h.h.t.HelmChartContainer - [K3S] [scope.go:117] "RemoveContainer" containerID="84c2011b0c9fc6499f84a736a1e7f1c92d25065cd740fcf0f4cd92e0aa353d60"
2025-01-30 04:06:35,190 INFO c.h.h.t.HelmChartContainer - [K3S] [scope.go:117] "RemoveContainer" containerID="71bc6e4700dd5f1b1b5fa72983a63754a5448631567c8d1cc57a1fb2056b3a6c"
2025-01-30 04:06:35,791 INFO c.h.h.t.HelmChartContainer - [K3S] [replica_set.go:679] "Finished syncing" kind="ReplicaSet" key="helmcustomextensionit-operator/hivemq-test-hivemq-platform-operator-6966f96d65" duration="42.881µs"
2025-01-30 04:06:35,792 INFO c.h.h.t.HelmChartContainer - [POD] hivemq-test-hivemq-platform-operator-6966f96d65-4xvvc [917d9e9c-20f4-4e7e-afbf-085e630e8489] in helmcustomextensionit-operator was MODIFIED
2025-01-30 04:06:35,846 INFO c.h.h.t.HelmChartContainer - [K3S] [reconciler_common.go:162] "operationExecutor.UnmountVolume started for volume \"kube-api-access-qx2tr\" (UniqueName: \"kubernetes.io/projected/917d9e9c-20f4-4e7e-afbf-085e630e8489-kube-api-access-qx2tr\") pod \"917d9e9c-20f4-4e7e-afbf-085e630e8489\" (UID: \"917d9e9c-20f4-4e7e-afbf-085e630e8489\") "
2025-01-30 04:06:35,947 INFO c.h.h.t.HelmChartContainer - [K3S] [reconciler_common.go:299] "Volume detached for volume \"kube-api-access-qx2tr\" (UniqueName: \"kubernetes.io/projected/917d9e9c-20f4-4e7e-afbf-085e630e8489-kube-api-access-qx2tr\") on node \"19066f879d23\" DevicePath \"\""
2025-01-30 04:06:36,739 INFO c.h.h.t.HelmChartContainer - [K3S] [scope.go:117] "RemoveContainer" containerID="5389907127068989cb36d1f3b535672d55afb4d8602891063760d41f9360c8a9"
2025-01-30 04:06:36,750 INFO c.h.h.t.HelmChartContainer - [K3S] [replica_set.go:679] "Finished syncing" kind="ReplicaSet" key="helmcustomextensionit-operator/hivemq-test-hivemq-platform-operator-6966f96d65" duration="54.512µs"
2025-01-30 04:06:36,751 INFO c.h.h.t.HelmChartContainer - [POD] hivemq-test-hivemq-platform-operator-6966f96d65-4xvvc [917d9e9c-20f4-4e7e-afbf-085e630e8489] in helmcustomextensionit-operator was MODIFIED
2025-01-30 04:06:36,754 INFO c.h.h.t.HelmChartContainer - [K3S] [replica_set.go:679] "Finished syncing" kind="ReplicaSet" key="helmcustomextensionit-operator/hivemq-test-hivemq-platform-operator-6966f96d65" duration="29.536µs"
2025-01-30 04:06:36,754 INFO c.h.h.t.HelmChartContainer - [POD] hivemq-test-hivemq-platform-operator-6966f96d65-4xvvc [917d9e9c-20f4-4e7e-afbf-085e630e8489] in helmcustomextensionit-operator was DELETED
2025-01-30 04:06:36,766 INFO c.h.h.t.HelmChartContainer - [K3S] [replica_set.go:679] "Finished syncing" kind="ReplicaSet" key="helmcustomextensionit-operator/hivemq-test-hivemq-platform-operator-6966f96d65" duration="19.055µs"
2025-01-30 04:06:37,010 INFO c.h.h.t.HelmChartContainer - [K3S] [kubelet_volumes.go:163] "Cleaned up orphaned pod volumes dir" podUID="917d9e9c-20f4-4e7e-afbf-085e630e8489" path="/var/lib/kubelet/pods/917d9e9c-20f4-4e7e-afbf-085e630e8489/volumes"
2025-01-30 04:06:37,173 INFO c.h.h.t.HelmChartContainer - Deleting namespace 'helmcustomextensionit-operator'...
2025-01-30 04:06:39,948 INFO c.h.h.t.HelmChartContainer - [K3S] [namespace_controller.go:187] "Namespace has been deleted" namespace="helmcustomextensionit"
2025-01-30 04:06:42,389 INFO c.h.h.t.HelmChartContainer - Namespace 'helmcustomextensionit-operator' deleted
2025-01-30 04:06:42,389 INFO c.h.h.t.HelmChartContainer - Release 'test-hivemq-platform-operator' in namespace 'helmcustomextensionit-operator' is uninstalled
2025-01-30 04:06:43,039 INFO c.h.helmcharts.AbstractHelmChartIT - Removed unused containers:

2025-01-30 04:06:47,296 INFO c.h.h.t.HelmChartContainer - [K3S] [namespace_controller.go:187] "Namespace has been deleted" namespace="helmcustomextensionit-operator"
2025-01-30 04:06:51,598 INFO c.h.helmcharts.AbstractHelmChartIT - Removed unused snapshots:
Removing snapshot sha256:03af251906410714c5aef9fa705b63f6bbc39c4a5e787de7361eeb18886c2ed2
Removing snapshot sha256:0c46b3b43cce082ce5ec34ffc6c294e0417d17b9d1e6f366d114b6aadc4f96dc
Removing snapshot sha256:0ce761beee59082d6ed5bcebd3a805b8ddd9b3426b617e4809e7fb7c6587ffec
Removing snapshot sha256:0df91287303208332c8ff6ba40ae4710105201739addbfbddfb955f1ad593664
Removing snapshot sha256:1021ef88c7974bfff89c5a0ec4fd3160daac6c48a075f74cff721f85dd104e68
Removing snapshot sha256:10aba4953ddc18145dd38e3704709bc464aa20af60b56fe52caaff4b68411e62
Removing snapshot sha256:2573e0d8158209ed54ab25c87bcdcb00bd3d2539246960a3d592a1c599d70465
Removing snapshot sha256:362a8a37f8bbc31925a8146adcf7cf51f9882f5c1dcbef67c5baa03a297543c0
Removing snapshot sha256:3fa4ad33f0ddc8fd45b39b6b4640f82a3a83619606cd975bfe89d8710ad2d4cd
Removing snapshot sha256:43a7c979bbaba6838bc3102d6b10a1459f3ab050b87ccdfef84ef90cf43d3058
Removing snapshot sha256:4ab04491cdf0d3267f08206fe30bd48f49f94b9cab2f016d6739220f722a64af
Removing snapshot sha256:4b27ea114c2c9f1c30082ffbbb4a706e9d205938a1bdf4cd60f5c5dd8da7e598
Removing snapshot sha256:4b6068250e89c96f263060261819c7d912855bfbd64b3eb4c4a8483299b8c295
Removing snapshot sha256:580e69a0a8034ede1921139bbd2bfb72a69ebf276d008281896c32dd8bf74775
Removing snapshot sha256:5d30ba46b27fe37484567ccc5242cadc78217b8da605f3f195ef25cbf7487904
Removing snapshot sha256:5ec183755d09a0a54d0f83e5a705f28f1606fe75660c13148fe125e4f12af39f
Removing snapshot sha256:63ca1fbb43ae5034640e5e6cb3e083e05c290072c5366fcaa9d62435a4cced85
Removing snapshot sha256:67f702c6baae873bceb19487c8b1f27bd2b86077e4f2f0e480e6d60ab508b8f5
Removing snapshot sha256:6864348dd42806d552efdec384f1274be15e2d0c10ce44c1f04347af004c10a9
Removing snapshot sha256:6c7dee8f2c39b84b7dc2711c01d33de93514d9055499173e9290176fbe484b6c
Removing snapshot sha256:82753493a6d61ded36556292f02f31841a14c20d2f279f19eaad65afb661d5cd
Removing snapshot sha256:8a10d3db42c505ee0fcfa98417bdd7e39b304f6bcc0a06bb1b220797ff2cc63c
Removing snapshot sha256:8ad081ee0d46efdea0492cd0bb527c50a8891276fd408ec1269522ac9d6d5580
Removing snapshot sha256:8f81ebdd022257df6bc855669b6b434b7963b58622aedec6fd241412030e8161
Removing snapshot sha256:a21e5b12dbac529ad45d976eb9ce45c881f3bedcc500fb30aba1e52aa1813418
Removing snapshot sha256:a8d62a6e94dbe8920ecfafa3b3aff0ef70aa26ca929f90b110db998eec09bab5
Removing snapshot sha256:ad858b4eee2d8f479065d1b8c650e13c815e75b2e4503c05a67cdc8880b0975a
Removing snapshot sha256:b921e6c28969094157f9b8e7244677780319637afd14450b7cb6b2fdea558a0c
Removing snapshot sha256:bc27ecb5769a00e309cf99ebc763c4a4b958b618d1decc96ffac5bc05f02f5b7
Removing snapshot sha256:be3ccb6627a5332e309d45ef461d09b4879dd870c7394d89323d0ebc6ca6aa8a
Removing snapshot sha256:c261f7cbbc64211ee175ee47273acdb7b1a36a4450b397a064a8f2c026490095
Removing snapshot sha256:c34d9393647eea0c9e3557ab988efaf59f61d10a2a5613b439ef0958cca5ec10
Removing snapshot sha256:ccf3c4a0fa967a41c1c83497a2ce6fa5787965859df0adb32c4ca2cf7490bc2b
Removing snapshot sha256:cf92d33f869417309692088c341cd0f223c178ea78a125f757317b22aa8f90e9
Removing snapshot sha256:d0037344cf2fb078884f1849f6a1f8cf9a33a3b6139b6a85833e5ee528e1f9a8
Removing snapshot sha256:d3b36d5b79273b1e98e7700470eaeff05a882e777124d84cebcc1505b85ecb36
Removing snapshot sha256:d65a44a37914602d12c611e5e22a50f11451d847e63015cc1c2aef92dee777a4
Removing snapshot sha256:e2dc0bae2455930f23ae570e019b7f32edc75c0f2d71cab084db837ff9051796
Removing snapshot sha256:eccbd24a99c60cd9e86ee5305dbfc4a4dc89f5ab4fb1f06c8d64797cecedef34
Removing snapshot sha256:f144bb4c7c7f0d2aa7eeffd36d934ec40db1ee167be727e326aad9fdc616f475

]]></system-out>
  </testcase>
  <system-out><![CDATA[2025-01-30 04:01:31,064 INFO c.h.h.t.HelmChartContainerExtension - Using cached HelmChartContainer instance
]]></system-out>
  <system-err><![CDATA[]]></system-err>
</testsuite>
