<?xml version="1.0" encoding="UTF-8"?>
<testsuite name="com.hivemq.helmcharts.extensions.HelmCustomExtensionWithHttpBasicAuthIT" tests="1" skipped="0" failures="0" errors="0" timestamp="2025-09-25T12:24:48" hostname="runnervm3ublj" time="107.517">
  <properties/>
  <testcase name="platformChart_whenCustomExtensionIsConfigured_withHttpBasicAuth_thenStartsUpSuccessfully()" classname="com.hivemq.helmcharts.extensions.HelmCustomExtensionWithHttpBasicAuthIT" time="107.517"/>
</testsuite>
