<?xml version="1.0" encoding="UTF-8"?>
<testsuite name="com.hivemq.helmcharts.volumes.HelmVolumeClaimTemplatesIT" tests="1" skipped="0" failures="0" errors="0" timestamp="2025-01-29T13:39:26" hostname="fv-az1049-229" time="346.709">
  <properties/>
  <testcase name="platform_whenVolumeClaimTemplateIsConfigured_withAdditionalVolumes_thenPersistentVolumeClaimsCreated()" classname="com.hivemq.helmcharts.volumes.HelmVolumeClaimTemplatesIT" time="346.709">
    <system-out><![CDATA[2025-01-29 13:39:26,789 INFO c.h.h.t.HelmChartContainer - Creating namespace 'helmvolumeclaimtemplatesit-operator'...
2025-01-29 13:39:26,796 INFO c.h.h.t.HelmChartContainer - Namespace 'helmvolumeclaimtemplatesit-operator' created
2025-01-29 13:39:26,796 INFO c.h.h.t.HelmChartContainer - Creating namespace 'helmvolumeclaimtemplatesit'...
2025-01-29 13:39:26,803 INFO c.h.h.t.HelmChartContainer - Namespace 'helmvolumeclaimtemplatesit' created
2025-01-29 13:39:26,866 DEBUG c.h.h.t.HelmChartContainer - Executing helm command: /bin/helm --kubeconfig /etc/rancher/k3s/k3s.yaml install test-hivemq-platform-operator /charts/hivemq-platform-operator --wait --timeout 5m0s --set image.repository=docker.io/hivemq --set image.name=hivemq-platform-operator-test --set image.initImageName=hivemq-platform-operator-init-test --set image.tag=snapshot --set image.pullPolicy=Never --set logLevel=DEBUG --set resources.cpu=512m --namespace helmvolumeclaimtemplatesit-operator
2025-01-29 13:39:27,157 INFO c.h.h.t.HelmChartContainer - [K3S] [alloc.go:330] "allocated clusterIPs" service="helmvolumeclaimtemplatesit-operator/hivemq-platform-operator-test-hivemq-platform-operator" clusterIPs={"IPv4":"10.43.189.201"}
2025-01-29 13:39:27,170 INFO c.h.h.t.HelmChartContainer - [EVENT] Normal [ScalingReplicaSet] Scaled up replica set hivemq-test-hivemq-platform-operator-6966f96d65 from 0 to 1 [helmvolumeclaimtemplatesit-operator:hivemq-test-hivemq-platform-operator]
2025-01-29 13:39:27,182 INFO c.h.h.t.HelmChartContainer - [POD] hivemq-test-hivemq-platform-operator-6966f96d65-qkwhz [7b38861f-9a87-412c-a08f-56e226225474] in helmvolumeclaimtemplatesit-operator was ADDED
2025-01-29 13:39:27,184 INFO c.h.h.t.HelmChartContainer - [K3S] [replica_set.go:679] "Finished syncing" kind="ReplicaSet" key="helmvolumeclaimtemplatesit-operator/hivemq-test-hivemq-platform-operator-6966f96d65" duration="17.56513ms"
2025-01-29 13:39:27,192 INFO c.h.h.t.HelmChartContainer - [K3S] [memory_manager.go:355] "RemoveStaleState removing state" podUID="c4a6074f-f2bd-45c9-af5e-398a990742f5" containerName="hivemq-platform-operator"
2025-01-29 13:39:27,193 INFO c.h.h.t.HelmChartContainer - [K3S] [memory_manager.go:355] "RemoveStaleState removing state" podUID="eb40ffeb-aac3-4ca0-bcc0-189e459a1698" containerName="consul-template-container"
2025-01-29 13:39:27,193 INFO c.h.h.t.HelmChartContainer - [K3S] [memory_manager.go:355] "RemoveStaleState removing state" podUID="eb40ffeb-aac3-4ca0-bcc0-189e459a1698" containerName="hivemq"
2025-01-29 13:39:27,193 INFO c.h.h.t.HelmChartContainer - [POD] hivemq-test-hivemq-platform-operator-6966f96d65-qkwhz [7b38861f-9a87-412c-a08f-56e226225474] in helmvolumeclaimtemplatesit-operator was MODIFIED
2025-01-29 13:39:27,194 INFO c.h.h.t.HelmChartContainer - [EVENT] Normal [SuccessfulCreate] Created pod: hivemq-test-hivemq-platform-operator-6966f96d65-qkwhz [helmvolumeclaimtemplatesit-operator:hivemq-test-hivemq-platform-operator-6966f96d65]
2025-01-29 13:39:27,196 INFO c.h.h.t.HelmChartContainer - [EVENT] Normal [Scheduled] Successfully assigned helmvolumeclaimtemplatesit-operator/hivemq-test-hivemq-platform-operator-6966f96d65-qkwhz to b5478828a543 [helmvolumeclaimtemplatesit-operator:hivemq-test-hivemq-platform-operator-6966f96d65-qkwhz]
2025-01-29 13:39:27,200 INFO c.h.h.t.HelmChartContainer - [K3S] [replica_set.go:679] "Finished syncing" kind="ReplicaSet" key="helmvolumeclaimtemplatesit-operator/hivemq-test-hivemq-platform-operator-6966f96d65" duration="16.534831ms"
2025-01-29 13:39:27,206 INFO c.h.h.t.HelmChartContainer - [POD] hivemq-test-hivemq-platform-operator-6966f96d65-qkwhz [7b38861f-9a87-412c-a08f-56e226225474] in helmvolumeclaimtemplatesit-operator was MODIFIED
2025-01-29 13:39:27,211 INFO c.h.h.t.HelmChartContainer - [K3S] [replica_set.go:679] "Finished syncing" kind="ReplicaSet" key="helmvolumeclaimtemplatesit-operator/hivemq-test-hivemq-platform-operator-6966f96d65" duration="10.560367ms"
2025-01-29 13:39:27,211 INFO c.h.h.t.HelmChartContainer - [K3S] [replica_set.go:679] "Finished syncing" kind="ReplicaSet" key="helmvolumeclaimtemplatesit-operator/hivemq-test-hivemq-platform-operator-6966f96d65" duration="48.313µs"
2025-01-29 13:39:27,367 INFO c.h.h.t.HelmChartContainer - [K3S] [reconciler_common.go:251] "operationExecutor.VerifyControllerAttachedVolume started for volume \"kube-api-access-bmzgf\" (UniqueName: \"kubernetes.io/projected/7b38861f-9a87-412c-a08f-56e226225474-kube-api-access-bmzgf\") pod \"hivemq-test-hivemq-platform-operator-6966f96d65-qkwhz\" (UID: \"7b38861f-9a87-412c-a08f-56e226225474\") " pod="helmvolumeclaimtemplatesit-operator/hivemq-test-hivemq-platform-operator-6966f96d65-qkwhz"
2025-01-29 13:39:27,590 INFO c.h.h.t.HelmChartContainer - [EVENT] Normal [Pulled] Container image "docker.io/hivemq/hivemq-platform-operator-test:snapshot" already present on machine [helmvolumeclaimtemplatesit-operator:hivemq-test-hivemq-platform-operator-6966f96d65-qkwhz]
2025-01-29 13:39:27,590 INFO c.h.h.t.HelmChartContainer - Received Pulled event for container hivemq-platform-operator in pod hivemq-test-hivemq-platform-operator-6966f96d65-qkwhz [7b38861f-9a87-412c-a08f-56e226225474]
2025-01-29 13:39:29,007 INFO c.h.h.t.HelmChartContainer - [EVENT] Normal [Created] Created container: hivemq-platform-operator [helmvolumeclaimtemplatesit-operator:hivemq-test-hivemq-platform-operator-6966f96d65-qkwhz]
2025-01-29 13:39:29,007 INFO c.h.h.t.HelmChartContainer - Received Created event for container hivemq-platform-operator in pod hivemq-test-hivemq-platform-operator-6966f96d65-qkwhz [7b38861f-9a87-412c-a08f-56e226225474]
2025-01-29 13:39:29,390 INFO c.h.h.t.HelmChartContainer - [K3S] [replica_set.go:679] "Finished syncing" kind="ReplicaSet" key="helmvolumeclaimtemplatesit-operator/hivemq-test-hivemq-platform-operator-6966f96d65" duration="43.681µs"
2025-01-29 13:39:29,394 INFO c.h.h.t.HelmChartContainer - [POD] hivemq-test-hivemq-platform-operator-6966f96d65-qkwhz [7b38861f-9a87-412c-a08f-56e226225474] in helmvolumeclaimtemplatesit-operator was MODIFIED
2025-01-29 13:39:29,401 INFO c.h.h.t.HelmChartContainer - Started log watcher for hivemq-platform-operator in pod hivemq-test-hivemq-platform-operator-6966f96d65-qkwhz [7b38861f-9a87-412c-a08f-56e226225474]
2025-01-29 13:39:29,402 INFO c.h.h.t.HelmChartContainer - [EVENT] Normal [Started] Started container hivemq-platform-operator [helmvolumeclaimtemplatesit-operator:hivemq-test-hivemq-platform-operator-6966f96d65-qkwhz]
2025-01-29 13:39:29,402 INFO c.h.h.t.HelmChartContainer - Received Started event for container hivemq-platform-operator in pod hivemq-test-hivemq-platform-operator-6966f96d65-qkwhz [7b38861f-9a87-412c-a08f-56e226225474]
2025-01-29 13:39:29,403 INFO c.h.h.t.HelmChartContainer - [hivemq-test-hivemq-platform] [hivemq-platform-operator] [7b38861f] -------------------------------------------------------------------------
2025-01-29 13:39:29,404 INFO c.h.h.t.HelmChartContainer - [hivemq-test-hivemq-platform] [hivemq-platform-operator] [7b38861f] 
2025-01-29 13:39:29,404 INFO c.h.h.t.HelmChartContainer - [hivemq-test-hivemq-platform] [hivemq-platform-operator] [7b38861f]                   _    _  _              __  __   ____
2025-01-29 13:39:29,404 INFO c.h.h.t.HelmChartContainer - [hivemq-test-hivemq-platform] [hivemq-platform-operator] [7b38861f]                  | |  | |(_)            |  \/  | / __ \
2025-01-29 13:39:29,404 INFO c.h.h.t.HelmChartContainer - [hivemq-test-hivemq-platform] [hivemq-platform-operator] [7b38861f]                  | |__| | _ __   __ ___ | \  / || |  | |
2025-01-29 13:39:29,404 INFO c.h.h.t.HelmChartContainer - [hivemq-test-hivemq-platform] [hivemq-platform-operator] [7b38861f]                  |  __  || |\ \ / // _ \| |\/| || |  | |
2025-01-29 13:39:29,404 INFO c.h.h.t.HelmChartContainer - [hivemq-test-hivemq-platform] [hivemq-platform-operator] [7b38861f]                  | |  | || | \ V /|  __/| |  | || |__| |
2025-01-29 13:39:29,404 INFO c.h.h.t.HelmChartContainer - [hivemq-test-hivemq-platform] [hivemq-platform-operator] [7b38861f]                  |_|  |_||_|  \_/  \___||_|  |_| \___\_\
2025-01-29 13:39:29,404 INFO c.h.h.t.HelmChartContainer - [hivemq-test-hivemq-platform] [hivemq-platform-operator] [7b38861f] 
2025-01-29 13:39:29,404 INFO c.h.h.t.HelmChartContainer - [hivemq-test-hivemq-platform] [hivemq-platform-operator] [7b38861f] -------------------------------------------------------------------------
2025-01-29 13:39:29,404 INFO c.h.h.t.HelmChartContainer - [hivemq-test-hivemq-platform] [hivemq-platform-operator] [7b38861f] 
2025-01-29 13:39:29,404 INFO c.h.h.t.HelmChartContainer - [hivemq-test-hivemq-platform] [hivemq-platform-operator] [7b38861f]   HiveMQ Platform Operator Start Script v1.0
2025-01-29 13:39:29,404 INFO c.h.h.t.HelmChartContainer - [hivemq-test-hivemq-platform] [hivemq-platform-operator] [7b38861f] 
2025-01-29 13:39:29,404 INFO c.h.h.t.HelmChartContainer - [hivemq-test-hivemq-platform] [hivemq-platform-operator] [7b38861f] -------------------------------------------------------------------------
2025-01-29 13:39:29,404 INFO c.h.h.t.HelmChartContainer - [hivemq-test-hivemq-platform] [hivemq-platform-operator] [7b38861f] 
2025-01-29 13:39:29,404 INFO c.h.h.t.HelmChartContainer - [hivemq-test-hivemq-platform] [hivemq-platform-operator] [7b38861f]   JAVA_OPTS: -XX:+UnlockExperimentalVMOptions -XX:InitialRAMPercentage=75 -XX:MaxRAMPercentage=75 -Duser.language=en -Duser.region=US
2025-01-29 13:39:29,404 INFO c.h.h.t.HelmChartContainer - [hivemq-test-hivemq-platform] [hivemq-platform-operator] [7b38861f] 
2025-01-29 13:39:29,404 INFO c.h.h.t.HelmChartContainer - [hivemq-test-hivemq-platform] [hivemq-platform-operator] [7b38861f]   JAVA_VERSION: 21
2025-01-29 13:39:29,404 INFO c.h.h.t.HelmChartContainer - [hivemq-test-hivemq-platform] [hivemq-platform-operator] [7b38861f] 
2025-01-29 13:39:29,404 INFO c.h.h.t.HelmChartContainer - [hivemq-test-hivemq-platform] [hivemq-platform-operator] [7b38861f] -------------------------------------------------------------------------
2025-01-29 13:39:29,404 INFO c.h.h.t.HelmChartContainer - [hivemq-test-hivemq-platform] [hivemq-platform-operator] [7b38861f] 
2025-01-29 13:39:32,343 INFO c.h.h.t.HelmChartContainer - [hivemq-test-hivemq-platform] [hivemq-platform-operator] [7b38861f] 13:39:32.340 [main] DEBUG org.jboss.logging - Logging Provider: org.jboss.logging.Slf4jLoggerProvider
2025-01-29 13:39:32,448 INFO c.h.h.t.HelmChartContainer - [hivemq-test-hivemq-platform] [hivemq-platform-operator] [7b38861f] 13:39:32.446 [main] DEBUG io.smallrye.config - SRCFG01006: Loaded ConfigSource SysPropConfigSource with ordinal 400
2025-01-29 13:39:32,448 INFO c.h.h.t.HelmChartContainer - [hivemq-test-hivemq-platform] [hivemq-platform-operator] [7b38861f] 13:39:32.447 [main] DEBUG io.smallrye.config - SRCFG01006: Loaded ConfigSource EnvConfigSource with ordinal 300
2025-01-29 13:39:32,448 INFO c.h.h.t.HelmChartContainer - [hivemq-test-hivemq-platform] [hivemq-platform-operator] [7b38861f] 13:39:32.447 [main] DEBUG io.smallrye.config - SRCFG01006: Loaded ConfigSource PropertiesConfigSource[source=jar:file:///opt/hivemq-platform-operator/bin/hivemq-platform-operator.jar!/hivemq-platform-operator.properties] with ordinal 100
2025-01-29 13:39:32,449 INFO c.h.h.t.HelmChartContainer - [hivemq-test-hivemq-platform] [hivemq-platform-operator] [7b38861f] 13:39:32.447 [main] DEBUG io.smallrye.config - SRCFG01006: Loaded ConfigSource DefaultValuesConfigSource with ordinal -2147483648
2025-01-29 13:39:32,546 INFO c.h.h.t.HelmChartContainer - [hivemq-test-hivemq-platform] [hivemq-platform-operator] [7b38861f] 13:39:32.545 [main] DEBUG i.m.c.u.i.l.InternalLoggerFactory - Using SLF4J as the default logging framework
2025-01-29 13:39:32,671 INFO c.h.h.t.HelmChartContainer - [hivemq-test-hivemq-platform] [hivemq-platform-operator] [7b38861f] 13:39:32.663 [main] INFO  c.h.p.o.HiveMQPlatformOperatorApplication - HiveMQ Platform Operator 1.7.0-SNAPSHOT (commit: bebf408 on branch: HEAD) built on Sun Jan 26 20:47:47 UTC 2025
2025-01-29 13:39:32,672 INFO c.h.h.t.HelmChartContainer - [hivemq-test-hivemq-platform] [hivemq-platform-operator] [7b38861f] 13:39:32.670 [main] INFO  c.h.p.o.HiveMQPlatformOperatorApplication - HiveMQ Platform Operator is running in namespace: helmvolumeclaimtemplatesit-operator
2025-01-29 13:39:32,672 INFO c.h.h.t.HelmChartContainer - [hivemq-test-hivemq-platform] [hivemq-platform-operator] [7b38861f] 13:39:32.671 [main] INFO  c.h.p.o.HiveMQPlatformOperatorApplication - Watching all namespaces
2025-01-29 13:39:32,672 INFO c.h.h.t.HelmChartContainer - [hivemq-test-hivemq-platform] [hivemq-platform-operator] [7b38861f] 13:39:32.671 [main] INFO  c.h.p.o.HiveMQPlatformOperatorApplication - Log level: DEBUG
2025-01-29 13:39:32,672 INFO c.h.h.t.HelmChartContainer - [hivemq-test-hivemq-platform] [hivemq-platform-operator] [7b38861f] 13:39:32.671 [main] INFO  c.h.p.o.HiveMQPlatformOperatorApplication - Release name: test-hivemq-platform-operator
2025-01-29 13:39:32,672 INFO c.h.h.t.HelmChartContainer - [hivemq-test-hivemq-platform] [hivemq-platform-operator] [7b38861f] 13:39:32.671 [main] INFO  c.h.p.o.HiveMQPlatformOperatorApplication - HiveMQ Platform Operator Init image: docker.io/hivemq/hivemq-platform-operator-init-test:snapshot
2025-01-29 13:39:32,672 INFO c.h.h.t.HelmChartContainer - [hivemq-test-hivemq-platform] [hivemq-platform-operator] [7b38861f] 13:39:32.671 [main] INFO  c.h.p.o.HiveMQPlatformOperatorApplication - HiveMQ Platform Operator Init App update URL: http://hivemq-platform-operator-test-hivemq-platform-operator.helmvolumeclaimtemplatesit-operator.svc:8080/initAppUpdate/hivemq-platform-operator-init-app-1.7.0-SNAPSHOT.jar
2025-01-29 13:39:32,672 INFO c.h.h.t.HelmChartContainer - [hivemq-test-hivemq-platform] [hivemq-platform-operator] [7b38861f] 13:39:32.671 [main] INFO  c.h.p.o.HiveMQPlatformOperatorApplication - Additional imagePullSecret for all Platform deployments: none
2025-01-29 13:39:32,672 INFO c.h.h.t.HelmChartContainer - [hivemq-test-hivemq-platform] [hivemq-platform-operator] [7b38861f] 13:39:32.671 [main] INFO  c.h.p.o.HiveMQPlatformOperatorApplication - Apply HiveMQ Platform CRD: true
2025-01-29 13:39:32,672 INFO c.h.h.t.HelmChartContainer - [hivemq-test-hivemq-platform] [hivemq-platform-operator] [7b38861f] 13:39:32.671 [main] INFO  c.h.p.o.HiveMQPlatformOperatorApplication - Create Platform ServiceAccount: true
2025-01-29 13:39:32,672 INFO c.h.h.t.HelmChartContainer - [hivemq-test-hivemq-platform] [hivemq-platform-operator] [7b38861f] 13:39:32.671 [main] INFO  c.h.p.o.HiveMQPlatformOperatorApplication - Create Platform ServiceAccount permissions: true
2025-01-29 13:39:32,672 INFO c.h.h.t.HelmChartContainer - [hivemq-test-hivemq-platform] [hivemq-platform-operator] [7b38861f] 13:39:32.671 [main] INFO  c.h.p.o.HiveMQPlatformOperatorApplication - Validate Platform ServiceAccount: true
2025-01-29 13:39:32,672 INFO c.h.h.t.HelmChartContainer - [hivemq-test-hivemq-platform] [hivemq-platform-operator] [7b38861f] 13:39:32.671 [main] INFO  c.h.p.o.HiveMQPlatformOperatorApplication - Validate Platform ServiceAccount permissions: true
2025-01-29 13:39:32,859 INFO c.h.h.t.HelmChartContainer - [hivemq-test-hivemq-platform] [hivemq-platform-operator] [7b38861f] 13:39:32.858 [main] INFO  c.h.platform.operator.util.CRDUtil - Verifying deployed HiveMQ Platform CRD...
2025-01-29 13:39:35,172 INFO c.h.h.t.HelmChartContainer - [hivemq-test-hivemq-platform] [hivemq-platform-operator] [7b38861f] 13:39:35.170 [main] DEBUG c.h.platform.operator.util.CRDUtil - HiveMQ Platform CRD version v1 is up to date
2025-01-29 13:39:35,172 INFO c.h.h.t.HelmChartContainer - [hivemq-test-hivemq-platform] [hivemq-platform-operator] [7b38861f] 13:39:35.171 [main] INFO  c.h.platform.operator.util.CRDUtil - HiveMQ Platform CRD is up to date (version: V1_6_0)
2025-01-29 13:39:35,172 INFO c.h.h.t.HelmChartContainer - [hivemq-test-hivemq-platform] [hivemq-platform-operator] [7b38861f] 13:39:35.171 [main] INFO  c.h.platform.operator.util.CRDUtil - Waiting 10000 ms for HiveMQ Platform CRD 'hivemq-platforms.hivemq.com' to become ready...
2025-01-29 13:39:35,466 INFO c.h.h.t.HelmChartContainer - [hivemq-test-hivemq-platform] [hivemq-platform-operator] [7b38861f] 13:39:35.463 [vert.x-eventloop-thread-1] DEBUG c.h.platform.operator.util.CRDUtil - Checking CRD condition 'NamesAccepted' (status: 'True')
2025-01-29 13:39:35,466 INFO c.h.h.t.HelmChartContainer - [hivemq-test-hivemq-platform] [hivemq-platform-operator] [7b38861f] 13:39:35.463 [vert.x-eventloop-thread-1] DEBUG c.h.platform.operator.util.CRDUtil - Checking CRD condition 'Established' (status: 'True')
2025-01-29 13:39:35,466 INFO c.h.h.t.HelmChartContainer - [hivemq-test-hivemq-platform] [hivemq-platform-operator] [7b38861f] 13:39:35.464 [main] INFO  c.h.platform.operator.util.CRDUtil - HiveMQ Platform CRD 'hivemq-platforms.hivemq.com' is ready
2025-01-29 13:39:35,580 INFO c.h.h.t.HelmChartContainer - [hivemq-test-hivemq-platform] [hivemq-platform-operator] [7b38861f] 13:39:35.579 [main] INFO  c.h.p.o.HiveMQPlatformReconciler - HiveMQ Platform Operator is starting...
2025-01-29 13:39:35,672 INFO c.h.h.t.HelmChartContainer - [hivemq-test-hivemq-platform] [hivemq-platform-operator] [7b38861f] 13:39:35.671 [main] WARN  Default ConfigurationService implementation - Configuration for reconciler 'hivemq-controller' was not found. Known reconcilers: None.
2025-01-29 13:39:35,679 INFO c.h.h.t.HelmChartContainer - [hivemq-test-hivemq-platform] [hivemq-platform-operator] [7b38861f] 13:39:35.678 [main] INFO  Default ConfigurationService implementation - Created configuration for reconciler com.hivemq.platform.operator.HiveMQPlatformReconciler with name hivemq-controller
2025-01-29 13:39:35,775 INFO c.h.h.t.HelmChartContainer - [hivemq-test-hivemq-platform] [hivemq-platform-operator] [7b38861f] 13:39:35.774 [main] DEBUG c.h.p.o.HiveMQPlatformReconciler - HiveMQ Platform Operator is preparing EventSources
2025-01-29 13:39:35,864 INFO c.h.h.t.HelmChartContainer - [hivemq-test-hivemq-platform] [hivemq-platform-operator] [7b38861f] 13:39:35.863 [main] INFO  i.javaoperatorsdk.operator.Operator - Registered reconciler: 'hivemq-controller' for resource: 'class com.hivemq.platform.operator.v1.HiveMQPlatform' for namespace(s): [all namespaces]
2025-01-29 13:39:36,460 INFO c.h.h.t.HelmChartContainer - [hivemq-test-hivemq-platform] [hivemq-platform-operator] [7b38861f] 13:39:36.459 [main] INFO  c.h.p.operator.webserver.JettyServer - Starting Jetty server on port 8080
2025-01-29 13:39:36,540 INFO c.h.h.t.HelmChartContainer - [hivemq-test-hivemq-platform] [hivemq-platform-operator] [7b38861f] 13:39:36.478 [main] INFO  i.javaoperatorsdk.operator.Operator - Operator SDK 4.9.7 (commit: 2133d28) built on Wed Nov 20 12:56:20 UTC 2024 starting...
2025-01-29 13:39:36,540 INFO c.h.h.t.HelmChartContainer - [hivemq-test-hivemq-platform] [hivemq-platform-operator] [7b38861f] 13:39:36.539 [main] INFO  i.javaoperatorsdk.operator.Operator - Client version: 6.13.4
2025-01-29 13:39:36,541 INFO c.h.h.t.HelmChartContainer - [hivemq-test-hivemq-platform] [hivemq-platform-operator] [7b38861f] 13:39:36.540 [Controller Starter for: hivemq-controller] INFO  i.j.operator.processing.Controller - Starting 'hivemq-controller' controller for reconciler: com.hivemq.platform.operator.HiveMQPlatformReconciler, resource: com.hivemq.platform.operator.v1.HiveMQPlatform
2025-01-29 13:39:38,967 INFO c.h.h.t.HelmChartContainer - [hivemq-test-hivemq-platform] [hivemq-platform-operator] [7b38861f] 13:39:38.966 [Controller Starter for: hivemq-controller] INFO  i.j.operator.processing.Controller - 'hivemq-controller' controller started
2025-01-29 13:39:38,968 INFO c.h.h.t.HelmChartContainer - [hivemq-test-hivemq-platform] [hivemq-platform-operator] [7b38861f] 13:39:38.967 [main] INFO  c.h.p.o.HiveMQPlatformOperatorApplication - HiveMQ Platform Operator 1.7.0-SNAPSHOT started in 6303 ms
2025-01-29 13:39:40,397 INFO c.h.h.t.HelmChartContainer - [POD] hivemq-test-hivemq-platform-operator-6966f96d65-qkwhz [7b38861f-9a87-412c-a08f-56e226225474] in helmvolumeclaimtemplatesit-operator was MODIFIED
2025-01-29 13:39:40,403 INFO c.h.h.t.HelmChartContainer - [K3S] [replica_set.go:679] "Finished syncing" kind="ReplicaSet" key="helmvolumeclaimtemplatesit-operator/hivemq-test-hivemq-platform-operator-6966f96d65" duration="8.066906ms"
2025-01-29 13:39:40,407 INFO c.h.h.t.HelmChartContainer - [K3S] [replica_set.go:679] "Finished syncing" kind="ReplicaSet" key="helmvolumeclaimtemplatesit-operator/hivemq-test-hivemq-platform-operator-6966f96d65" duration="36.448µs"
2025-01-29 13:39:41,316 DEBUG c.h.h.t.HelmChartContainer - Executing helm command: /bin/helm --kubeconfig /etc/rancher/k3s/k3s.yaml install test-hivemq-platform /charts/hivemq-platform --wait --timeout 5m0s --set image.repository=docker.io/hivemq --set image.tag=4.36.0 --set image.pullPolicy=Never --set nodes.resources.cpu=512m -f /files/volumes-claim-templates-values.yaml --namespace helmvolumeclaimtemplatesit
2025-01-29 13:39:41,539 INFO c.h.h.t.HelmChartContainer - [hivemq-test-hivemq-platform] [hivemq-platform-operator] [7b38861f] 13:39:41.537 [-373097727-pool-1-thread-1] WARN  i.m.p.PrometheusMeterRegistry - The meter (MeterId{name='operator.sdk.events.received', tags=[tag(action=ADDED),tag(event=ResourceEvent),tag(group=hivemq.com),tag(kind=HiveMQPlatform),tag(name=test-hivemq-platform),tag(namespace=helmvolumeclaimtemplatesit),tag(scope=namespace),tag(version=v1)]}) registration has failed: Prometheus requires that all meters with the same name have the same set of tag keys. There is already an existing meter named 'operator.sdk.events.received' containing tag keys [event, group, kind, name, namespace, scope, version]. The meter you are attempting to register has keys [action, event, group, kind, name, namespace, scope, version]. Note that subsequent logs will be logged at debug level.
2025-01-29 13:39:41,970 INFO c.h.h.t.HelmChartContainer - [hivemq-test-hivemq-platform] [hivemq-platform-operator] [7b38861f] 13:39:41.969 [pool-6-thread-3] DEBUG c.h.p.o.dependants.PodInfoConfigMap - [helmvolu] Desired PodInfo ConfigMap (1 extensions) (1 enabled)
2025-01-29 13:39:41,971 INFO c.h.h.t.HelmChartContainer - [hivemq-test-hivemq-platform] [hivemq-platform-operator] [7b38861f] 13:39:41.970 [pool-6-thread-3] DEBUG c.h.p.o.dependants.PodInfoConfigMap - [helmvolu] Desired PodInfo ConfigMap (metrics port: 9399) (metrics path: /)
2025-01-29 13:39:41,971 INFO c.h.h.t.HelmChartContainer - [hivemq-test-hivemq-platform] [hivemq-platform-operator] [7b38861f] 13:39:41.970 [pool-6-thread-3] DEBUG c.h.p.o.dependants.PodInfoConfigMap - [helmvolu] Desired PodInfo ConfigMap (extension state hash: -1817474005)
2025-01-29 13:39:41,973 INFO c.h.h.t.HelmChartContainer - [hivemq-test-hivemq-platform] [hivemq-platform-operator] [7b38861f] 13:39:41.973 [pool-6-thread-3] DEBUG c.h.p.o.dependants.PodInfoConfigMap - [helmvolu] Create PodInfo ConfigMap
2025-01-29 13:39:42,071 INFO c.h.h.t.HelmChartContainer - [hivemq-test-hivemq-platform] [hivemq-platform-operator] [7b38861f] 13:39:42.068 [pool-6-thread-5] DEBUG c.h.p.o.dependants.PodRoleResource - [helmvolu] Create Role: Role(apiVersion=rbac.authorization.k8s.io/v1, kind=Role, metadata=ObjectMeta(annotations={meta.helm.sh/release-name=test-hivemq-platform, meta.helm.sh/release-namespace=helmvolumeclaimtemplatesit}, creationTimestamp=null, deletionGracePeriodSeconds=null, deletionTimestamp=null, finalizers=[], generateName=null, generation=null, labels={helm.sh/chart=hivemq-platform-0.2.32, app.kubernetes.io/managed-by=Helm, app.kubernetes.io/name=hivemq-platform, hivemq-platform=test-hivemq-platform, app.kubernetes.io/instance=test-hivemq-platform, app.kubernetes.io/version=4.36.0}, managedFields=[], name=hivemq-platform-role-test-hivemq-platform, namespace=helmvolumeclaimtemplatesit, ownerReferences=[OwnerReference(apiVersion=hivemq.com/v1, blockOwnerDeletion=null, controller=null, kind=HiveMQPlatform, name=test-hivemq-platform, uid=a8d152de-5c93-4507-9302-8adca814a408, additionalProperties={})], resourceVersion=null, selfLink=null, uid=null, additionalProperties={}), rules=[PolicyRule(apiGroups=[], nonResourceURLs=[], resourceNames=[], resources=[pods], verbs=[get, patch, update], additionalProperties={})], additionalProperties={})
2025-01-29 13:39:42,265 INFO c.h.h.t.HelmChartContainer - [hivemq-test-hivemq-platform] [hivemq-platform-operator] [7b38861f] 13:39:42.262 [pool-6-thread-7] DEBUG c.h.p.o.d.PodServiceAccountResource - [helmvolu] Desired PodServiceAccountResource (serviceAccountName: hivemq-platform-pod-test-hivemq-platform)
2025-01-29 13:39:42,265 INFO c.h.h.t.HelmChartContainer - [hivemq-test-hivemq-platform] [hivemq-platform-operator] [7b38861f] 13:39:42.262 [pool-6-thread-7] DEBUG c.h.p.o.d.PodServiceAccountResource - [helmvolu] Create ServiceAccount 'hivemq-platform-pod-test-hivemq-platform'
2025-01-29 13:39:42,366 INFO c.h.h.t.HelmChartContainer - [hivemq-test-hivemq-platform] [hivemq-platform-operator] [7b38861f] 13:39:42.365 [pool-6-thread-9] DEBUG c.h.p.o.d.PodRoleBindingResource - [helmvolu] Create RoleBinding: RoleBinding(apiVersion=rbac.authorization.k8s.io/v1, kind=RoleBinding, metadata=ObjectMeta(annotations={meta.helm.sh/release-name=test-hivemq-platform, meta.helm.sh/release-namespace=helmvolumeclaimtemplatesit}, creationTimestamp=null, deletionGracePeriodSeconds=null, deletionTimestamp=null, finalizers=[], generateName=null, generation=null, labels={helm.sh/chart=hivemq-platform-0.2.32, app.kubernetes.io/managed-by=Helm, app.kubernetes.io/name=hivemq-platform, hivemq-platform=test-hivemq-platform, app.kubernetes.io/instance=test-hivemq-platform, app.kubernetes.io/version=4.36.0}, managedFields=[], name=hivemq-platform-role-binding-test-hivemq-platform, namespace=helmvolumeclaimtemplatesit, ownerReferences=[OwnerReference(apiVersion=hivemq.com/v1, blockOwnerDeletion=null, controller=null, kind=HiveMQPlatform, name=test-hivemq-platform, uid=a8d152de-5c93-4507-9302-8adca814a408, additionalProperties={})], resourceVersion=null, selfLink=null, uid=null, additionalProperties={}), roleRef=RoleRef(apiGroup=rbac.authorization.k8s.io, kind=Role, name=hivemq-platform-role-test-hivemq-platform, additionalProperties={}), subjects=[Subject(apiGroup=null, kind=ServiceAccount, name=hivemq-platform-pod-test-hivemq-platform, namespace=helmvolumeclaimtemplatesit, additionalProperties={})], additionalProperties={})
2025-01-29 13:39:42,461 INFO c.h.h.t.HelmChartContainer - [hivemq-test-hivemq-platform] [hivemq-platform-operator] [7b38861f] 13:39:42.459 [ReconcilerExecutor-hivemq-controller-54] INFO  c.h.p.o.HiveMQPlatformReconciler - [helmvolu] Reconciling HiveMQ Platform 'test-hivemq-platform' in namespace 'helmvolumeclaimtemplatesit'
2025-01-29 13:39:42,461 INFO c.h.h.t.HelmChartContainer - [hivemq-test-hivemq-platform] [hivemq-platform-operator] [7b38861f] 13:39:42.459 [ReconcilerExecutor-hivemq-controller-54] DEBUG c.h.p.o.HiveMQPlatformReconciler - [helmvolu] Custom Resource Status CREATED - HiveMQ Platform was created (READY)
2025-01-29 13:39:42,461 INFO c.h.h.t.HelmChartContainer - [hivemq-test-hivemq-platform] [hivemq-platform-operator] [7b38861f] 13:39:42.460 [ReconcilerExecutor-hivemq-controller-54] DEBUG c.h.p.o.HiveMQPlatformReconciler - [helmvolu] Custom Resource Spec (replicas: 2) (extensions: 1)
2025-01-29 13:39:42,464 INFO c.h.h.t.HelmChartContainer - [hivemq-test-hivemq-platform] [hivemq-platform-operator] [7b38861f] 13:39:42.463 [ReconcilerExecutor-hivemq-controller-54] INFO  c.h.p.o.h.HiveMQPlatformReconcilerBaseHandler - [helmvolu] HiveMQ Platform is starting
2025-01-29 13:39:42,565 INFO c.h.h.t.HelmChartContainer - [hivemq-test-hivemq-platform] [hivemq-platform-operator] [7b38861f] 13:39:42.564 [ReconcilerExecutor-hivemq-controller-54] DEBUG c.h.p.operator.event.EventSender - [helmvolu] Creating K8s event hivemq-platform-starting: [Start] HiveMQ Platform is starting
2025-01-29 13:39:42,573 INFO c.h.h.t.HelmChartContainer - [EVENT] Normal [Start] HiveMQ Platform is starting [helmvolumeclaimtemplatesit:test-hivemq-platform]
2025-01-29 13:39:42,577 INFO c.h.h.t.HelmChartContainer - [hivemq-test-hivemq-platform] [hivemq-platform-operator] [7b38861f] 13:39:42.575 [ReconcilerExecutor-hivemq-controller-54] INFO  c.h.p.o.h.AbstractHiveMQReconcilerStateHandler - [helmvolu] Update HiveMQ Platform Status (CREATED [READY] -> STARTING [READY]): HiveMQ Platform is starting
2025-01-29 13:39:42,674 DEBUG com.hivemq.helmcharts.util.K8sUtil - Comparing actual state 'STARTING' and waiting for 'RUNNING'
2025-01-29 13:39:52,770 INFO c.h.h.t.HelmChartContainer - [hivemq-test-hivemq-platform] [hivemq-platform-operator] [7b38861f] 13:39:52.764 [pool-6-thread-12] DEBUG c.h.p.o.d.PlatformServiceResource - [helmvolu] Desired Platform services (3 services)
2025-01-29 13:39:52,770 INFO c.h.h.t.HelmChartContainer - [hivemq-test-hivemq-platform] [hivemq-platform-operator] [7b38861f] 13:39:52.765 [pool-6-thread-13] DEBUG c.h.p.o.dependants.PodInfoConfigMap - [helmvolu] Desired PodInfo ConfigMap (1 extensions) (1 enabled)
2025-01-29 13:39:52,770 INFO c.h.h.t.HelmChartContainer - [hivemq-test-hivemq-platform] [hivemq-platform-operator] [7b38861f] 13:39:52.765 [pool-6-thread-13] DEBUG c.h.p.o.dependants.PodInfoConfigMap - [helmvolu] Desired PodInfo ConfigMap (metrics port: 9399) (metrics path: /)
2025-01-29 13:39:52,770 INFO c.h.h.t.HelmChartContainer - [hivemq-test-hivemq-platform] [hivemq-platform-operator] [7b38861f] 13:39:52.765 [pool-6-thread-13] DEBUG c.h.p.o.dependants.PodInfoConfigMap - [helmvolu] Desired PodInfo ConfigMap (extension state hash: -1817474005)
2025-01-29 13:39:52,770 INFO c.h.h.t.HelmChartContainer - [hivemq-test-hivemq-platform] [hivemq-platform-operator] [7b38861f] 13:39:52.769 [pool-6-thread-17] DEBUG c.h.p.o.d.PodServiceAccountResource - [helmvolu] Desired PodServiceAccountResource (serviceAccountName: hivemq-platform-pod-test-hivemq-platform)
2025-01-29 13:39:52,771 INFO c.h.h.t.HelmChartContainer - [hivemq-test-hivemq-platform] [hivemq-platform-operator] [7b38861f] 13:39:52.771 [pool-6-thread-13] DEBUG c.h.p.o.dependants.PodInfoConfigMap - [helmvolu] Update PodInfo ConfigMap
2025-01-29 13:39:52,868 INFO c.h.h.t.HelmChartContainer - [K3S] [alloc.go:330] "allocated clusterIPs" service="helmvolumeclaimtemplatesit/hivemq-test-hivemq-platform-cc-8080" clusterIPs={"IPv4":"10.43.2.49"}
2025-01-29 13:39:52,886 INFO c.h.h.t.HelmChartContainer - [K3S] [alloc.go:330] "allocated clusterIPs" service="helmvolumeclaimtemplatesit/hivemq-test-hivemq-platform-metrics-9399" clusterIPs={"IPv4":"10.43.240.126"}
2025-01-29 13:39:52,964 INFO c.h.h.t.HelmChartContainer - [K3S] [alloc.go:330] "allocated clusterIPs" service="helmvolumeclaimtemplatesit/hivemq-test-hivemq-platform-mqtt-1883" clusterIPs={"IPv4":"10.43.120.182"}
2025-01-29 13:39:52,971 INFO c.h.h.t.HelmChartContainer - [hivemq-test-hivemq-platform] [hivemq-platform-operator] [7b38861f] 13:39:52.969 [pool-6-thread-20] DEBUG c.h.p.o.d.StatefulSetResource - [helmvolu] Desired StatefulSet (2 replicas) for status STARTING (READY)
2025-01-29 13:39:52,982 INFO c.h.h.t.HelmChartContainer - [hivemq-test-hivemq-platform] [hivemq-platform-operator] [7b38861f] 13:39:52.982 [pool-6-thread-20] DEBUG c.h.p.o.d.StatefulSetResource - [helmvolu] Create StatefulSet
2025-01-29 13:39:53,085 INFO c.h.h.t.HelmChartContainer - [EVENT] Normal [SuccessfulCreate] create Claim hivemq-pvc-data-test-hivemq-platform-0 Pod test-hivemq-platform-0 in StatefulSet test-hivemq-platform success [helmvolumeclaimtemplatesit:test-hivemq-platform]
2025-01-29 13:39:53,089 INFO c.h.h.t.HelmChartContainer - [POD] test-hivemq-platform-0 [99c34a2c-b495-46b7-b7ca-fc9029b09f09] in helmvolumeclaimtemplatesit was ADDED
2025-01-29 13:39:53,089 INFO c.h.h.t.HelmChartContainer - [EVENT] Normal [SuccessfulCreate] create Pod test-hivemq-platform-0 in StatefulSet test-hivemq-platform successful [helmvolumeclaimtemplatesit:test-hivemq-platform]
2025-01-29 13:39:53,095 INFO c.h.h.t.HelmChartContainer - [EVENT] Normal [WaitForFirstConsumer] waiting for first consumer to be created before binding [helmvolumeclaimtemplatesit:hivemq-pvc-data-test-hivemq-platform-0]
2025-01-29 13:39:53,097 INFO c.h.h.t.HelmChartContainer - [EVENT] Normal [ExternalProvisioning] Waiting for a volume to be created either by the external provisioner 'rancher.io/local-path' or manually by the system administrator. If volume creation is delayed, please verify that the provisioner is running and correctly registered. [helmvolumeclaimtemplatesit:hivemq-pvc-data-test-hivemq-platform-0]
2025-01-29 13:39:53,100 INFO c.h.h.t.HelmChartContainer - [EVENT] Normal [ExternalProvisioning] Waiting for a volume to be created either by the external provisioner 'rancher.io/local-path' or manually by the system administrator. If volume creation is delayed, please verify that the provisioner is running and correctly registered. [helmvolumeclaimtemplatesit:hivemq-pvc-data-test-hivemq-platform-0]
2025-01-29 13:39:53,103 INFO c.h.h.t.HelmChartContainer - [EVENT] Normal [Provisioning] External provisioner is provisioning volume for claim "helmvolumeclaimtemplatesit/hivemq-pvc-data-test-hivemq-platform-0" [helmvolumeclaimtemplatesit:hivemq-pvc-data-test-hivemq-platform-0]
2025-01-29 13:39:53,161 INFO c.h.h.t.HelmChartContainer - [hivemq-test-hivemq-platform] [hivemq-platform-operator] [7b38861f] 13:39:53.158 [ReconcilerExecutor-hivemq-controller-65] INFO  c.h.p.o.HiveMQPlatformReconciler - [helmvolu] Reconciling HiveMQ Platform 'test-hivemq-platform' in namespace 'helmvolumeclaimtemplatesit'
2025-01-29 13:39:53,161 INFO c.h.h.t.HelmChartContainer - [hivemq-test-hivemq-platform] [hivemq-platform-operator] [7b38861f] 13:39:53.158 [ReconcilerExecutor-hivemq-controller-65] DEBUG c.h.p.o.HiveMQPlatformReconciler - [helmvolu] Custom Resource Status STARTING - HiveMQ Platform is starting (READY)
2025-01-29 13:39:53,161 INFO c.h.h.t.HelmChartContainer - [hivemq-test-hivemq-platform] [hivemq-platform-operator] [7b38861f] 13:39:53.158 [ReconcilerExecutor-hivemq-controller-65] DEBUG c.h.p.o.HiveMQPlatformReconciler - [helmvolu] Custom Resource Spec (replicas: 2) (extensions: 1)
2025-01-29 13:39:53,166 INFO c.h.h.t.HelmChartContainer - [hivemq-test-hivemq-platform] [hivemq-platform-operator] [7b38861f] 13:39:53.165 [ReconcilerExecutor-hivemq-controller-65] DEBUG c.h.p.o.HiveMQPlatformReconciler - [helmvolu] StatefulSet Status (revision: null, replicas: 0, available: 0, ready: 0, current: 0, updated: 0)
2025-01-29 13:39:53,168 INFO c.h.h.t.HelmChartContainer - [hivemq-test-hivemq-platform] [hivemq-platform-operator] [7b38861f] 13:39:53.165 [ReconcilerExecutor-hivemq-controller-65] DEBUG c.h.p.o.HiveMQPlatformReconciler - [helmvolu] StatefulSet Spec (replicas: 2, init containers: 1, containers: 1, volumes: 4)
2025-01-29 13:39:53,186 INFO c.h.h.t.HelmChartContainer - [POD] helper-pod-create-pvc-d6d12b1a-9533-40db-910f-1c38d2dba68f [72946c09-1126-437b-a373-34f1e8d9e149] in kube-system was ADDED
2025-01-29 13:39:53,192 INFO c.h.h.t.HelmChartContainer - [POD] helper-pod-create-pvc-d6d12b1a-9533-40db-910f-1c38d2dba68f [72946c09-1126-437b-a373-34f1e8d9e149] in kube-system was MODIFIED
2025-01-29 13:39:53,262 INFO c.h.h.t.HelmChartContainer - [hivemq-test-hivemq-platform] [hivemq-platform-operator] [7b38861f] 13:39:53.259 [ReconcilerExecutor-hivemq-controller-65] DEBUG c.h.p.o.h.HiveMQPlatformReconcilerErrorHandler - [helmvolu] Pod 'test-hivemq-platform-0' phase Pending
2025-01-29 13:39:53,263 INFO c.h.h.t.HelmChartContainer - [hivemq-test-hivemq-platform] [hivemq-platform-operator] [7b38861f] 13:39:53.262 [ReconcilerExecutor-hivemq-controller-65] INFO  c.h.p.o.h.HiveMQPlatformReconcilerBaseHandler - [helmvolu] HiveMQ Platform is starting, 0 of 2 replicas are ready
2025-01-29 13:39:53,269 INFO c.h.h.t.HelmChartContainer - [hivemq-test-hivemq-platform] [hivemq-platform-operator] [7b38861f] 13:39:53.267 [pool-6-thread-22] DEBUG c.h.p.o.d.PlatformServiceResource - [helmvolu] Desired Platform services (3 services)
2025-01-29 13:39:53,270 INFO c.h.h.t.HelmChartContainer - [hivemq-test-hivemq-platform] [hivemq-platform-operator] [7b38861f] 13:39:53.269 [pool-6-thread-23] DEBUG c.h.p.o.dependants.PodInfoConfigMap - [helmvolu] Desired PodInfo ConfigMap (1 extensions) (1 enabled)
2025-01-29 13:39:53,270 INFO c.h.h.t.HelmChartContainer - [hivemq-test-hivemq-platform] [hivemq-platform-operator] [7b38861f] 13:39:53.269 [pool-6-thread-23] DEBUG c.h.p.o.dependants.PodInfoConfigMap - [helmvolu] Desired PodInfo ConfigMap (metrics port: 9399) (metrics path: /)
2025-01-29 13:39:53,270 INFO c.h.h.t.HelmChartContainer - [hivemq-test-hivemq-platform] [hivemq-platform-operator] [7b38861f] 13:39:53.269 [pool-6-thread-23] DEBUG c.h.p.o.dependants.PodInfoConfigMap - [helmvolu] Desired PodInfo ConfigMap (extension state hash: -1817474005)
2025-01-29 13:39:53,280 INFO c.h.h.t.HelmChartContainer - [hivemq-test-hivemq-platform] [hivemq-platform-operator] [7b38861f] 13:39:53.279 [pool-6-thread-27] DEBUG c.h.p.o.d.PodServiceAccountResource - [helmvolu] Desired PodServiceAccountResource (serviceAccountName: hivemq-platform-pod-test-hivemq-platform)
2025-01-29 13:39:53,336 INFO c.h.h.t.HelmChartContainer - [K3S] [reconciler_common.go:251] "operationExecutor.VerifyControllerAttachedVolume started for volume \"script\" (UniqueName: \"kubernetes.io/configmap/72946c09-1126-437b-a373-34f1e8d9e149-script\") pod \"helper-pod-create-pvc-d6d12b1a-9533-40db-910f-1c38d2dba68f\" (UID: \"72946c09-1126-437b-a373-34f1e8d9e149\") " pod="kube-system/helper-pod-create-pvc-d6d12b1a-9533-40db-910f-1c38d2dba68f"
2025-01-29 13:39:53,336 INFO c.h.h.t.HelmChartContainer - [K3S] [reconciler_common.go:251] "operationExecutor.VerifyControllerAttachedVolume started for volume \"kube-api-access-mktmb\" (UniqueName: \"kubernetes.io/projected/72946c09-1126-437b-a373-34f1e8d9e149-kube-api-access-mktmb\") pod \"helper-pod-create-pvc-d6d12b1a-9533-40db-910f-1c38d2dba68f\" (UID: \"72946c09-1126-437b-a373-34f1e8d9e149\") " pod="kube-system/helper-pod-create-pvc-d6d12b1a-9533-40db-910f-1c38d2dba68f"
2025-01-29 13:39:53,336 INFO c.h.h.t.HelmChartContainer - [K3S] [reconciler_common.go:251] "operationExecutor.VerifyControllerAttachedVolume started for volume \"data\" (UniqueName: \"kubernetes.io/host-path/72946c09-1126-437b-a373-34f1e8d9e149-data\") pod \"helper-pod-create-pvc-d6d12b1a-9533-40db-910f-1c38d2dba68f\" (UID: \"72946c09-1126-437b-a373-34f1e8d9e149\") " pod="kube-system/helper-pod-create-pvc-d6d12b1a-9533-40db-910f-1c38d2dba68f"
2025-01-29 13:39:53,364 INFO c.h.h.t.HelmChartContainer - [hivemq-test-hivemq-platform] [hivemq-platform-operator] [7b38861f] 13:39:53.363 [pool-6-thread-30] DEBUG c.h.p.o.d.StatefulSetResource - [helmvolu] Desired StatefulSet (2 replicas) for status STARTING (READY)
2025-01-29 13:39:53,373 INFO c.h.h.t.HelmChartContainer - [hivemq-test-hivemq-platform] [hivemq-platform-operator] [7b38861f] 13:39:53.369 [ReconcilerExecutor-hivemq-controller-76] INFO  c.h.p.o.HiveMQPlatformReconciler - [helmvolu] Reconciling HiveMQ Platform 'test-hivemq-platform' in namespace 'helmvolumeclaimtemplatesit'
2025-01-29 13:39:53,373 INFO c.h.h.t.HelmChartContainer - [hivemq-test-hivemq-platform] [hivemq-platform-operator] [7b38861f] 13:39:53.369 [ReconcilerExecutor-hivemq-controller-76] DEBUG c.h.p.o.HiveMQPlatformReconciler - [helmvolu] Custom Resource Status STARTING - HiveMQ Platform is starting (READY)
2025-01-29 13:39:53,373 INFO c.h.h.t.HelmChartContainer - [hivemq-test-hivemq-platform] [hivemq-platform-operator] [7b38861f] 13:39:53.369 [ReconcilerExecutor-hivemq-controller-76] DEBUG c.h.p.o.HiveMQPlatformReconciler - [helmvolu] Custom Resource Spec (replicas: 2) (extensions: 1)
2025-01-29 13:39:53,373 INFO c.h.h.t.HelmChartContainer - [hivemq-test-hivemq-platform] [hivemq-platform-operator] [7b38861f] 13:39:53.372 [ReconcilerExecutor-hivemq-controller-76] DEBUG c.h.p.o.HiveMQPlatformReconciler - [helmvolu] StatefulSet Status (revision: test-hivemq-platform-6c7bb94cbd, replicas: 1, available: 0, ready: 0, current: 1, updated: 1)
2025-01-29 13:39:53,373 INFO c.h.h.t.HelmChartContainer - [hivemq-test-hivemq-platform] [hivemq-platform-operator] [7b38861f] 13:39:53.372 [ReconcilerExecutor-hivemq-controller-76] DEBUG c.h.p.o.HiveMQPlatformReconciler - [helmvolu] StatefulSet Spec (replicas: 2, init containers: 1, containers: 1, volumes: 4)
2025-01-29 13:39:53,375 INFO c.h.h.t.HelmChartContainer - [hivemq-test-hivemq-platform] [hivemq-platform-operator] [7b38861f] 13:39:53.374 [ReconcilerExecutor-hivemq-controller-76] DEBUG c.h.p.o.h.HiveMQPlatformReconcilerErrorHandler - [helmvolu] Pod 'test-hivemq-platform-0' phase Pending
2025-01-29 13:39:53,459 INFO c.h.h.t.HelmChartContainer - [hivemq-test-hivemq-platform] [hivemq-platform-operator] [7b38861f] 13:39:53.458 [ReconcilerExecutor-hivemq-controller-76] INFO  c.h.p.o.h.HiveMQPlatformReconcilerBaseHandler - [helmvolu] HiveMQ Platform is starting, 0 of 2 replicas are ready
2025-01-29 13:39:54,423 INFO c.h.h.t.HelmChartContainer - [POD] helper-pod-create-pvc-d6d12b1a-9533-40db-910f-1c38d2dba68f [72946c09-1126-437b-a373-34f1e8d9e149] in kube-system was MODIFIED
2025-01-29 13:39:55,495 INFO c.h.h.t.HelmChartContainer - [POD] helper-pod-create-pvc-d6d12b1a-9533-40db-910f-1c38d2dba68f [72946c09-1126-437b-a373-34f1e8d9e149] in kube-system was MODIFIED
2025-01-29 13:39:55,551 INFO c.h.h.t.HelmChartContainer - [K3S] [reconciler_common.go:162] "operationExecutor.UnmountVolume started for volume \"script\" (UniqueName: \"kubernetes.io/configmap/72946c09-1126-437b-a373-34f1e8d9e149-script\") pod \"72946c09-1126-437b-a373-34f1e8d9e149\" (UID: \"72946c09-1126-437b-a373-34f1e8d9e149\") "
2025-01-29 13:39:55,551 INFO c.h.h.t.HelmChartContainer - [K3S] [reconciler_common.go:162] "operationExecutor.UnmountVolume started for volume \"kube-api-access-mktmb\" (UniqueName: \"kubernetes.io/projected/72946c09-1126-437b-a373-34f1e8d9e149-kube-api-access-mktmb\") pod \"72946c09-1126-437b-a373-34f1e8d9e149\" (UID: \"72946c09-1126-437b-a373-34f1e8d9e149\") "
2025-01-29 13:39:55,551 INFO c.h.h.t.HelmChartContainer - [K3S] [reconciler_common.go:162] "operationExecutor.UnmountVolume started for volume \"data\" (UniqueName: \"kubernetes.io/host-path/72946c09-1126-437b-a373-34f1e8d9e149-data\") pod \"72946c09-1126-437b-a373-34f1e8d9e149\" (UID: \"72946c09-1126-437b-a373-34f1e8d9e149\") "
2025-01-29 13:39:55,651 INFO c.h.h.t.HelmChartContainer - [K3S] [reconciler_common.go:299] "Volume detached for volume \"script\" (UniqueName: \"kubernetes.io/configmap/72946c09-1126-437b-a373-34f1e8d9e149-script\") on node \"b5478828a543\" DevicePath \"\""
2025-01-29 13:39:55,652 INFO c.h.h.t.HelmChartContainer - [K3S] [reconciler_common.go:299] "Volume detached for volume \"kube-api-access-mktmb\" (UniqueName: \"kubernetes.io/projected/72946c09-1126-437b-a373-34f1e8d9e149-kube-api-access-mktmb\") on node \"b5478828a543\" DevicePath \"\""
2025-01-29 13:39:55,652 INFO c.h.h.t.HelmChartContainer - [K3S] [reconciler_common.go:299] "Volume detached for volume \"data\" (UniqueName: \"kubernetes.io/host-path/72946c09-1126-437b-a373-34f1e8d9e149-data\") on node \"b5478828a543\" DevicePath \"\""
2025-01-29 13:39:56,207 INFO c.h.h.t.HelmChartContainer - [POD] helper-pod-create-pvc-d6d12b1a-9533-40db-910f-1c38d2dba68f [72946c09-1126-437b-a373-34f1e8d9e149] in kube-system was MODIFIED
2025-01-29 13:39:56,209 INFO c.h.h.t.HelmChartContainer - [POD] helper-pod-create-pvc-d6d12b1a-9533-40db-910f-1c38d2dba68f [72946c09-1126-437b-a373-34f1e8d9e149] in kube-system was DELETED
2025-01-29 13:39:56,228 INFO c.h.h.t.HelmChartContainer - [EVENT] Normal [ProvisioningSucceeded] Successfully provisioned volume pvc-d6d12b1a-9533-40db-910f-1c38d2dba68f [helmvolumeclaimtemplatesit:hivemq-pvc-data-test-hivemq-platform-0]
2025-01-29 13:39:56,419 INFO c.h.h.t.HelmChartContainer - [K3S] [pod_container_deletor.go:80] "Container not found in pod's containers" containerID="86fdd7163eaf0a1f01d8cbada81a03a3a4dc704d2212332a843b0fd0b9fc5052"
2025-01-29 13:39:56,424 INFO c.h.h.t.HelmChartContainer - [K3S] [status_manager.go:890] "Failed to get status for pod" podUID="72946c09-1126-437b-a373-34f1e8d9e149" pod="kube-system/helper-pod-create-pvc-d6d12b1a-9533-40db-910f-1c38d2dba68f" err="pods \"helper-pod-create-pvc-d6d12b1a-9533-40db-910f-1c38d2dba68f\" is forbidden: User \"system:node:b5478828a543\" cannot get resource \"pods\" in API group \"\" in the namespace \"kube-system\": no relationship found between node 'b5478828a543' and this object"
2025-01-29 13:39:57,097 INFO c.h.h.t.HelmChartContainer - [POD] test-hivemq-platform-0 [99c34a2c-b495-46b7-b7ca-fc9029b09f09] in helmvolumeclaimtemplatesit was MODIFIED
2025-01-29 13:39:57,097 INFO c.h.h.t.HelmChartContainer - [K3S] [memory_manager.go:355] "RemoveStaleState removing state" podUID="72946c09-1126-437b-a373-34f1e8d9e149" containerName="helper-pod"
2025-01-29 13:39:57,098 INFO c.h.h.t.HelmChartContainer - [K3S] [status_manager.go:890] "Failed to get status for pod" podUID="72946c09-1126-437b-a373-34f1e8d9e149" pod="kube-system/helper-pod-create-pvc-d6d12b1a-9533-40db-910f-1c38d2dba68f" err="pods \"helper-pod-create-pvc-d6d12b1a-9533-40db-910f-1c38d2dba68f\" is forbidden: User \"system:node:b5478828a543\" cannot get resource \"pods\" in API group \"\" in the namespace \"kube-system\": no relationship found between node 'b5478828a543' and this object"
2025-01-29 13:39:57,098 INFO c.h.h.t.HelmChartContainer - [EVENT] Normal [Scheduled] Successfully assigned helmvolumeclaimtemplatesit/test-hivemq-platform-0 to b5478828a543 [helmvolumeclaimtemplatesit:test-hivemq-platform-0]
2025-01-29 13:39:57,112 INFO c.h.h.t.HelmChartContainer - [hivemq-test-hivemq-platform] [hivemq-platform-operator] [7b38861f] 13:39:57.107 [pool-6-thread-32] DEBUG c.h.p.o.d.PlatformServiceResource - [helmvolu] Desired Platform services (3 services)
2025-01-29 13:39:57,113 INFO c.h.h.t.HelmChartContainer - [hivemq-test-hivemq-platform] [hivemq-platform-operator] [7b38861f] 13:39:57.109 [pool-6-thread-33] DEBUG c.h.p.o.dependants.PodInfoConfigMap - [helmvolu] Desired PodInfo ConfigMap (1 extensions) (1 enabled)
2025-01-29 13:39:57,113 INFO c.h.h.t.HelmChartContainer - [hivemq-test-hivemq-platform] [hivemq-platform-operator] [7b38861f] 13:39:57.109 [pool-6-thread-33] DEBUG c.h.p.o.dependants.PodInfoConfigMap - [helmvolu] Desired PodInfo ConfigMap (metrics port: 9399) (metrics path: /)
2025-01-29 13:39:57,113 INFO c.h.h.t.HelmChartContainer - [hivemq-test-hivemq-platform] [hivemq-platform-operator] [7b38861f] 13:39:57.109 [pool-6-thread-33] DEBUG c.h.p.o.dependants.PodInfoConfigMap - [helmvolu] Desired PodInfo ConfigMap (extension state hash: -1817474005)
2025-01-29 13:39:57,117 INFO c.h.h.t.HelmChartContainer - [hivemq-test-hivemq-platform] [hivemq-platform-operator] [7b38861f] 13:39:57.113 [pool-6-thread-37] DEBUG c.h.p.o.d.PodServiceAccountResource - [helmvolu] Desired PodServiceAccountResource (serviceAccountName: hivemq-platform-pod-test-hivemq-platform)
2025-01-29 13:39:57,118 INFO c.h.h.t.HelmChartContainer - [POD] test-hivemq-platform-0 [99c34a2c-b495-46b7-b7ca-fc9029b09f09] in helmvolumeclaimtemplatesit was MODIFIED
2025-01-29 13:39:57,162 INFO c.h.h.t.HelmChartContainer - [K3S] [reconciler_common.go:251] "operationExecutor.VerifyControllerAttachedVolume started for volume \"pvc-d6d12b1a-9533-40db-910f-1c38d2dba68f\" (UniqueName: \"kubernetes.io/local-volume/pvc-d6d12b1a-9533-40db-910f-1c38d2dba68f\") pod \"test-hivemq-platform-0\" (UID: \"99c34a2c-b495-46b7-b7ca-fc9029b09f09\") " pod="helmvolumeclaimtemplatesit/test-hivemq-platform-0"
2025-01-29 13:39:57,162 INFO c.h.h.t.HelmChartContainer - [K3S] [reconciler_common.go:251] "operationExecutor.VerifyControllerAttachedVolume started for volume \"broker-configuration\" (UniqueName: \"kubernetes.io/configmap/99c34a2c-b495-46b7-b7ca-fc9029b09f09-broker-configuration\") pod \"test-hivemq-platform-0\" (UID: \"99c34a2c-b495-46b7-b7ca-fc9029b09f09\") " pod="helmvolumeclaimtemplatesit/test-hivemq-platform-0"
2025-01-29 13:39:57,172 INFO c.h.h.t.HelmChartContainer - [K3S] [reconciler_common.go:251] "operationExecutor.VerifyControllerAttachedVolume started for volume \"operator-init\" (UniqueName: \"kubernetes.io/empty-dir/99c34a2c-b495-46b7-b7ca-fc9029b09f09-operator-init\") pod \"test-hivemq-platform-0\" (UID: \"99c34a2c-b495-46b7-b7ca-fc9029b09f09\") " pod="helmvolumeclaimtemplatesit/test-hivemq-platform-0"
2025-01-29 13:39:57,172 INFO c.h.h.t.HelmChartContainer - [K3S] [reconciler_common.go:251] "operationExecutor.VerifyControllerAttachedVolume started for volume \"kube-api-access-mcjp2\" (UniqueName: \"kubernetes.io/projected/99c34a2c-b495-46b7-b7ca-fc9029b09f09-kube-api-access-mcjp2\") pod \"test-hivemq-platform-0\" (UID: \"99c34a2c-b495-46b7-b7ca-fc9029b09f09\") " pod="helmvolumeclaimtemplatesit/test-hivemq-platform-0"
2025-01-29 13:39:57,172 INFO c.h.h.t.HelmChartContainer - [K3S] [reconciler_common.go:251] "operationExecutor.VerifyControllerAttachedVolume started for volume \"pod-info\" (UniqueName: \"kubernetes.io/configmap/99c34a2c-b495-46b7-b7ca-fc9029b09f09-pod-info\") pod \"test-hivemq-platform-0\" (UID: \"99c34a2c-b495-46b7-b7ca-fc9029b09f09\") " pod="helmvolumeclaimtemplatesit/test-hivemq-platform-0"
2025-01-29 13:39:57,172 INFO c.h.h.t.HelmChartContainer - [hivemq-test-hivemq-platform] [hivemq-platform-operator] [7b38861f] 13:39:57.166 [pool-6-thread-40] DEBUG c.h.p.o.d.StatefulSetResource - [helmvolu] Desired StatefulSet (2 replicas) for status STARTING (READY)
2025-01-29 13:39:57,176 INFO c.h.h.t.HelmChartContainer - [hivemq-test-hivemq-platform] [hivemq-platform-operator] [7b38861f] 13:39:57.175 [ReconcilerExecutor-hivemq-controller-87] INFO  c.h.p.o.HiveMQPlatformReconciler - [helmvolu] Reconciling HiveMQ Platform 'test-hivemq-platform' in namespace 'helmvolumeclaimtemplatesit'
2025-01-29 13:39:57,176 INFO c.h.h.t.HelmChartContainer - [hivemq-test-hivemq-platform] [hivemq-platform-operator] [7b38861f] 13:39:57.176 [ReconcilerExecutor-hivemq-controller-87] DEBUG c.h.p.o.HiveMQPlatformReconciler - [helmvolu] Custom Resource Status STARTING - HiveMQ Platform is starting (READY)
2025-01-29 13:39:57,176 INFO c.h.h.t.HelmChartContainer - [hivemq-test-hivemq-platform] [hivemq-platform-operator] [7b38861f] 13:39:57.176 [ReconcilerExecutor-hivemq-controller-87] DEBUG c.h.p.o.HiveMQPlatformReconciler - [helmvolu] Custom Resource Spec (replicas: 2) (extensions: 1)
2025-01-29 13:39:57,179 INFO c.h.h.t.HelmChartContainer - [hivemq-test-hivemq-platform] [hivemq-platform-operator] [7b38861f] 13:39:57.178 [ReconcilerExecutor-hivemq-controller-87] DEBUG c.h.p.o.HiveMQPlatformReconciler - [helmvolu] StatefulSet Status (revision: test-hivemq-platform-6c7bb94cbd, replicas: 1, available: 0, ready: 0, current: 1, updated: 1)
2025-01-29 13:39:57,179 INFO c.h.h.t.HelmChartContainer - [hivemq-test-hivemq-platform] [hivemq-platform-operator] [7b38861f] 13:39:57.178 [ReconcilerExecutor-hivemq-controller-87] DEBUG c.h.p.o.HiveMQPlatformReconciler - [helmvolu] StatefulSet Spec (replicas: 2, init containers: 1, containers: 1, volumes: 4)
2025-01-29 13:39:57,185 INFO c.h.h.t.HelmChartContainer - [K3S] [kubelet_volumes.go:163] "Cleaned up orphaned pod volumes dir" podUID="72946c09-1126-437b-a373-34f1e8d9e149" path="/var/lib/kubelet/pods/72946c09-1126-437b-a373-34f1e8d9e149/volumes"
2025-01-29 13:39:57,264 INFO c.h.h.t.HelmChartContainer - [hivemq-test-hivemq-platform] [hivemq-platform-operator] [7b38861f] 13:39:57.262 [ReconcilerExecutor-hivemq-controller-87] DEBUG c.h.p.o.h.HiveMQPlatformReconcilerErrorHandler - [helmvolu] Pod 'test-hivemq-platform-0' phase Pending
2025-01-29 13:39:57,265 INFO c.h.h.t.HelmChartContainer - [hivemq-test-hivemq-platform] [hivemq-platform-operator] [7b38861f] 13:39:57.262 [ReconcilerExecutor-hivemq-controller-87] DEBUG c.h.p.o.h.HiveMQPlatformReconcilerErrorHandler - [helmvolu] Pod 'test-hivemq-platform-0' condition 'PodReadyToStartContainers': False
2025-01-29 13:39:57,265 INFO c.h.h.t.HelmChartContainer - [hivemq-test-hivemq-platform] [hivemq-platform-operator] [7b38861f] 13:39:57.263 [ReconcilerExecutor-hivemq-controller-87] DEBUG c.h.p.o.h.HiveMQPlatformReconcilerErrorHandler - [helmvolu] Pod 'test-hivemq-platform-0' condition 'Initialized': False
2025-01-29 13:39:57,266 INFO c.h.h.t.HelmChartContainer - [hivemq-test-hivemq-platform] [hivemq-platform-operator] [7b38861f] 13:39:57.263 [ReconcilerExecutor-hivemq-controller-87] DEBUG c.h.p.o.h.HiveMQPlatformReconcilerErrorHandler - [helmvolu] Pod 'test-hivemq-platform-0' condition 'Ready': False
2025-01-29 13:39:57,266 INFO c.h.h.t.HelmChartContainer - [hivemq-test-hivemq-platform] [hivemq-platform-operator] [7b38861f] 13:39:57.263 [ReconcilerExecutor-hivemq-controller-87] DEBUG c.h.p.o.h.HiveMQPlatformReconcilerErrorHandler - [helmvolu] Pod 'test-hivemq-platform-0' condition 'ContainersReady': False
2025-01-29 13:39:57,266 INFO c.h.h.t.HelmChartContainer - [hivemq-test-hivemq-platform] [hivemq-platform-operator] [7b38861f] 13:39:57.263 [ReconcilerExecutor-hivemq-controller-87] DEBUG c.h.p.o.h.HiveMQPlatformReconcilerErrorHandler - [helmvolu] Pod 'test-hivemq-platform-0' condition 'PodScheduled': True
2025-01-29 13:39:57,266 INFO c.h.h.t.HelmChartContainer - [hivemq-test-hivemq-platform] [hivemq-platform-operator] [7b38861f] 13:39:57.264 [ReconcilerExecutor-hivemq-controller-87] DEBUG c.h.p.o.h.HiveMQPlatformReconcilerErrorHandler - [helmvolu] Pod 'test-hivemq-platform-0' containerStatus 'hivemq' (started: false) (ready: false) (waiting: [PodInitializing] null)
2025-01-29 13:39:57,267 INFO c.h.h.t.HelmChartContainer - [hivemq-test-hivemq-platform] [hivemq-platform-operator] [7b38861f] 13:39:57.266 [ReconcilerExecutor-hivemq-controller-87] INFO  c.h.p.o.h.HiveMQPlatformReconcilerBaseHandler - [helmvolu] HiveMQ Platform is starting, 0 of 2 replicas are ready
2025-01-29 13:39:57,276 INFO c.h.h.t.HelmChartContainer - [hivemq-test-hivemq-platform] [hivemq-platform-operator] [7b38861f] 13:39:57.274 [pool-6-thread-43] DEBUG c.h.p.o.dependants.PodInfoConfigMap - [helmvolu] Desired PodInfo ConfigMap (1 extensions) (1 enabled)
2025-01-29 13:39:57,276 INFO c.h.h.t.HelmChartContainer - [hivemq-test-hivemq-platform] [hivemq-platform-operator] [7b38861f] 13:39:57.274 [pool-6-thread-43] DEBUG c.h.p.o.dependants.PodInfoConfigMap - [helmvolu] Desired PodInfo ConfigMap (metrics port: 9399) (metrics path: /)
2025-01-29 13:39:57,276 INFO c.h.h.t.HelmChartContainer - [hivemq-test-hivemq-platform] [hivemq-platform-operator] [7b38861f] 13:39:57.274 [pool-6-thread-43] DEBUG c.h.p.o.dependants.PodInfoConfigMap - [helmvolu] Desired PodInfo ConfigMap (extension state hash: -1817474005)
2025-01-29 13:39:57,362 INFO c.h.h.t.HelmChartContainer - [hivemq-test-hivemq-platform] [hivemq-platform-operator] [7b38861f] 13:39:57.358 [pool-6-thread-42] DEBUG c.h.p.o.d.PlatformServiceResource - [helmvolu] Desired Platform services (3 services)
2025-01-29 13:39:57,363 INFO c.h.h.t.HelmChartContainer - [hivemq-test-hivemq-platform] [hivemq-platform-operator] [7b38861f] 13:39:57.359 [pool-6-thread-47] DEBUG c.h.p.o.d.PodServiceAccountResource - [helmvolu] Desired PodServiceAccountResource (serviceAccountName: hivemq-platform-pod-test-hivemq-platform)
2025-01-29 13:39:57,368 INFO c.h.h.t.HelmChartContainer - [hivemq-test-hivemq-platform] [hivemq-platform-operator] [7b38861f] 13:39:57.367 [pool-6-thread-50] DEBUG c.h.p.o.d.StatefulSetResource - [helmvolu] Desired StatefulSet (2 replicas) for status STARTING (READY)
2025-01-29 13:39:57,373 INFO c.h.h.t.HelmChartContainer - [hivemq-test-hivemq-platform] [hivemq-platform-operator] [7b38861f] 13:39:57.372 [ReconcilerExecutor-hivemq-controller-98] INFO  c.h.p.o.HiveMQPlatformReconciler - [helmvolu] Reconciling HiveMQ Platform 'test-hivemq-platform' in namespace 'helmvolumeclaimtemplatesit'
2025-01-29 13:39:57,373 INFO c.h.h.t.HelmChartContainer - [hivemq-test-hivemq-platform] [hivemq-platform-operator] [7b38861f] 13:39:57.372 [ReconcilerExecutor-hivemq-controller-98] DEBUG c.h.p.o.HiveMQPlatformReconciler - [helmvolu] Custom Resource Status STARTING - HiveMQ Platform is starting (READY)
2025-01-29 13:39:57,373 INFO c.h.h.t.HelmChartContainer - [hivemq-test-hivemq-platform] [hivemq-platform-operator] [7b38861f] 13:39:57.372 [ReconcilerExecutor-hivemq-controller-98] DEBUG c.h.p.o.HiveMQPlatformReconciler - [helmvolu] Custom Resource Spec (replicas: 2) (extensions: 1)
2025-01-29 13:39:57,462 INFO c.h.h.t.HelmChartContainer - [hivemq-test-hivemq-platform] [hivemq-platform-operator] [7b38861f] 13:39:57.459 [ReconcilerExecutor-hivemq-controller-98] DEBUG c.h.p.o.HiveMQPlatformReconciler - [helmvolu] StatefulSet Status (revision: test-hivemq-platform-6c7bb94cbd, replicas: 1, available: 0, ready: 0, current: 1, updated: 1)
2025-01-29 13:39:57,463 INFO c.h.h.t.HelmChartContainer - [hivemq-test-hivemq-platform] [hivemq-platform-operator] [7b38861f] 13:39:57.459 [ReconcilerExecutor-hivemq-controller-98] DEBUG c.h.p.o.HiveMQPlatformReconciler - [helmvolu] StatefulSet Spec (replicas: 2, init containers: 1, containers: 1, volumes: 4)
2025-01-29 13:39:57,464 INFO c.h.h.t.HelmChartContainer - [hivemq-test-hivemq-platform] [hivemq-platform-operator] [7b38861f] 13:39:57.463 [ReconcilerExecutor-hivemq-controller-98] DEBUG c.h.p.o.h.HiveMQPlatformReconcilerErrorHandler - [helmvolu] Pod 'test-hivemq-platform-0' phase Pending
2025-01-29 13:39:57,464 INFO c.h.h.t.HelmChartContainer - [hivemq-test-hivemq-platform] [hivemq-platform-operator] [7b38861f] 13:39:57.464 [ReconcilerExecutor-hivemq-controller-98] DEBUG c.h.p.o.h.HiveMQPlatformReconcilerErrorHandler - [helmvolu] Pod 'test-hivemq-platform-0' condition 'PodReadyToStartContainers': False
2025-01-29 13:39:57,465 INFO c.h.h.t.HelmChartContainer - [hivemq-test-hivemq-platform] [hivemq-platform-operator] [7b38861f] 13:39:57.464 [ReconcilerExecutor-hivemq-controller-98] DEBUG c.h.p.o.h.HiveMQPlatformReconcilerErrorHandler - [helmvolu] Pod 'test-hivemq-platform-0' condition 'Initialized': False
2025-01-29 13:39:57,466 INFO c.h.h.t.HelmChartContainer - [hivemq-test-hivemq-platform] [hivemq-platform-operator] [7b38861f] 13:39:57.464 [ReconcilerExecutor-hivemq-controller-98] DEBUG c.h.p.o.h.HiveMQPlatformReconcilerErrorHandler - [helmvolu] Pod 'test-hivemq-platform-0' condition 'Ready': False
2025-01-29 13:39:57,466 INFO c.h.h.t.HelmChartContainer - [hivemq-test-hivemq-platform] [hivemq-platform-operator] [7b38861f] 13:39:57.464 [ReconcilerExecutor-hivemq-controller-98] DEBUG c.h.p.o.h.HiveMQPlatformReconcilerErrorHandler - [helmvolu] Pod 'test-hivemq-platform-0' condition 'ContainersReady': False
2025-01-29 13:39:57,468 INFO c.h.h.t.HelmChartContainer - [hivemq-test-hivemq-platform] [hivemq-platform-operator] [7b38861f] 13:39:57.464 [ReconcilerExecutor-hivemq-controller-98] DEBUG c.h.p.o.h.HiveMQPlatformReconcilerErrorHandler - [helmvolu] Pod 'test-hivemq-platform-0' condition 'PodScheduled': True
2025-01-29 13:39:57,468 INFO c.h.h.t.HelmChartContainer - [hivemq-test-hivemq-platform] [hivemq-platform-operator] [7b38861f] 13:39:57.464 [ReconcilerExecutor-hivemq-controller-98] DEBUG c.h.p.o.h.HiveMQPlatformReconcilerErrorHandler - [helmvolu] Pod 'test-hivemq-platform-0' containerStatus 'hivemq' (started: false) (ready: false) (waiting: [PodInitializing] null)
2025-01-29 13:39:57,468 INFO c.h.h.t.HelmChartContainer - [hivemq-test-hivemq-platform] [hivemq-platform-operator] [7b38861f] 13:39:57.465 [ReconcilerExecutor-hivemq-controller-98] INFO  c.h.p.o.h.HiveMQPlatformReconcilerBaseHandler - [helmvolu] HiveMQ Platform is starting, 0 of 2 replicas are ready
2025-01-29 13:39:57,483 INFO c.h.h.t.HelmChartContainer - [EVENT] Normal [Pulled] Container image "docker.io/hivemq/hivemq-platform-operator-init-test:snapshot" already present on machine [helmvolumeclaimtemplatesit:test-hivemq-platform-0]
2025-01-29 13:39:57,635 INFO c.h.h.t.HelmChartContainer - [EVENT] Normal [Created] Created container: hivemq-platform-operator-init [helmvolumeclaimtemplatesit:test-hivemq-platform-0]
2025-01-29 13:39:57,674 INFO c.h.h.t.HelmChartContainer - [EVENT] Normal [Started] Started container hivemq-platform-operator-init [helmvolumeclaimtemplatesit:test-hivemq-platform-0]
2025-01-29 13:39:58,427 INFO c.h.h.t.HelmChartContainer - [EVENT] Normal [Pulled] Container image "docker.io/hivemq/hivemq4:4.36.0" already present on machine [helmvolumeclaimtemplatesit:test-hivemq-platform-0]
2025-01-29 13:39:58,427 INFO c.h.h.t.HelmChartContainer - Received Pulled event for container hivemq in pod test-hivemq-platform-0 [99c34a2c-b495-46b7-b7ca-fc9029b09f09]
2025-01-29 13:39:58,442 INFO c.h.h.t.HelmChartContainer - [POD] test-hivemq-platform-0 [99c34a2c-b495-46b7-b7ca-fc9029b09f09] in helmvolumeclaimtemplatesit was MODIFIED
2025-01-29 13:39:58,457 INFO c.h.h.t.HelmChartContainer - [hivemq-test-hivemq-platform] [hivemq-platform-operator] [7b38861f] 13:39:58.454 [pool-6-thread-5] DEBUG c.h.p.o.d.PlatformServiceResource - [helmvolu] Desired Platform services (3 services)
2025-01-29 13:39:58,457 INFO c.h.h.t.HelmChartContainer - [hivemq-test-hivemq-platform] [hivemq-platform-operator] [7b38861f] 13:39:58.455 [pool-6-thread-3] DEBUG c.h.p.o.dependants.PodInfoConfigMap - [helmvolu] Desired PodInfo ConfigMap (1 extensions) (1 enabled)
2025-01-29 13:39:58,457 INFO c.h.h.t.HelmChartContainer - [hivemq-test-hivemq-platform] [hivemq-platform-operator] [7b38861f] 13:39:58.455 [pool-6-thread-3] DEBUG c.h.p.o.dependants.PodInfoConfigMap - [helmvolu] Desired PodInfo ConfigMap (metrics port: 9399) (metrics path: /)
2025-01-29 13:39:58,457 INFO c.h.h.t.HelmChartContainer - [hivemq-test-hivemq-platform] [hivemq-platform-operator] [7b38861f] 13:39:58.455 [pool-6-thread-3] DEBUG c.h.p.o.dependants.PodInfoConfigMap - [helmvolu] Desired PodInfo ConfigMap (extension state hash: -1817474005)
2025-01-29 13:39:58,461 INFO c.h.h.t.HelmChartContainer - [hivemq-test-hivemq-platform] [hivemq-platform-operator] [7b38861f] 13:39:58.460 [pool-6-thread-6] DEBUG c.h.p.o.d.PodServiceAccountResource - [helmvolu] Desired PodServiceAccountResource (serviceAccountName: hivemq-platform-pod-test-hivemq-platform)
2025-01-29 13:39:58,470 INFO c.h.h.t.HelmChartContainer - [hivemq-test-hivemq-platform] [hivemq-platform-operator] [7b38861f] 13:39:58.468 [pool-6-thread-1] DEBUG c.h.p.o.d.StatefulSetResource - [helmvolu] Desired StatefulSet (2 replicas) for status STARTING (READY)
2025-01-29 13:39:58,547 INFO c.h.h.t.HelmChartContainer - [hivemq-test-hivemq-platform] [hivemq-platform-operator] [7b38861f] 13:39:58.544 [ReconcilerExecutor-hivemq-controller-109] INFO  c.h.p.o.HiveMQPlatformReconciler - [helmvolu] Reconciling HiveMQ Platform 'test-hivemq-platform' in namespace 'helmvolumeclaimtemplatesit'
2025-01-29 13:39:58,547 INFO c.h.h.t.HelmChartContainer - [hivemq-test-hivemq-platform] [hivemq-platform-operator] [7b38861f] 13:39:58.544 [ReconcilerExecutor-hivemq-controller-109] DEBUG c.h.p.o.HiveMQPlatformReconciler - [helmvolu] Custom Resource Status STARTING - HiveMQ Platform is starting (READY)
2025-01-29 13:39:58,547 INFO c.h.h.t.HelmChartContainer - [hivemq-test-hivemq-platform] [hivemq-platform-operator] [7b38861f] 13:39:58.544 [ReconcilerExecutor-hivemq-controller-109] DEBUG c.h.p.o.HiveMQPlatformReconciler - [helmvolu] Custom Resource Spec (replicas: 2) (extensions: 1)
2025-01-29 13:39:58,551 INFO c.h.h.t.HelmChartContainer - [hivemq-test-hivemq-platform] [hivemq-platform-operator] [7b38861f] 13:39:58.550 [ReconcilerExecutor-hivemq-controller-109] DEBUG c.h.p.o.HiveMQPlatformReconciler - [helmvolu] StatefulSet Status (revision: test-hivemq-platform-6c7bb94cbd, replicas: 1, available: 0, ready: 0, current: 1, updated: 1)
2025-01-29 13:39:58,553 INFO c.h.h.t.HelmChartContainer - [hivemq-test-hivemq-platform] [hivemq-platform-operator] [7b38861f] 13:39:58.551 [ReconcilerExecutor-hivemq-controller-109] DEBUG c.h.p.o.HiveMQPlatformReconciler - [helmvolu] StatefulSet Spec (replicas: 2, init containers: 1, containers: 1, volumes: 4)
2025-01-29 13:39:58,561 INFO c.h.h.t.HelmChartContainer - [hivemq-test-hivemq-platform] [hivemq-platform-operator] [7b38861f] 13:39:58.559 [ReconcilerExecutor-hivemq-controller-109] DEBUG c.h.p.o.h.HiveMQPlatformReconcilerErrorHandler - [helmvolu] Pod 'test-hivemq-platform-0' phase Pending
2025-01-29 13:39:58,562 INFO c.h.h.t.HelmChartContainer - [hivemq-test-hivemq-platform] [hivemq-platform-operator] [7b38861f] 13:39:58.559 [ReconcilerExecutor-hivemq-controller-109] DEBUG c.h.p.o.h.HiveMQPlatformReconcilerErrorHandler - [helmvolu] Pod 'test-hivemq-platform-0' condition 'PodReadyToStartContainers': True
2025-01-29 13:39:58,562 INFO c.h.h.t.HelmChartContainer - [hivemq-test-hivemq-platform] [hivemq-platform-operator] [7b38861f] 13:39:58.559 [ReconcilerExecutor-hivemq-controller-109] DEBUG c.h.p.o.h.HiveMQPlatformReconcilerErrorHandler - [helmvolu] Pod 'test-hivemq-platform-0' condition 'Initialized': True
2025-01-29 13:39:58,562 INFO c.h.h.t.HelmChartContainer - [hivemq-test-hivemq-platform] [hivemq-platform-operator] [7b38861f] 13:39:58.559 [ReconcilerExecutor-hivemq-controller-109] DEBUG c.h.p.o.h.HiveMQPlatformReconcilerErrorHandler - [helmvolu] Pod 'test-hivemq-platform-0' condition 'Ready': False
2025-01-29 13:39:58,562 INFO c.h.h.t.HelmChartContainer - [hivemq-test-hivemq-platform] [hivemq-platform-operator] [7b38861f] 13:39:58.559 [ReconcilerExecutor-hivemq-controller-109] DEBUG c.h.p.o.h.HiveMQPlatformReconcilerErrorHandler - [helmvolu] Pod 'test-hivemq-platform-0' condition 'ContainersReady': False
2025-01-29 13:39:58,562 INFO c.h.h.t.HelmChartContainer - [hivemq-test-hivemq-platform] [hivemq-platform-operator] [7b38861f] 13:39:58.559 [ReconcilerExecutor-hivemq-controller-109] DEBUG c.h.p.o.h.HiveMQPlatformReconcilerErrorHandler - [helmvolu] Pod 'test-hivemq-platform-0' condition 'PodScheduled': True
2025-01-29 13:39:58,562 INFO c.h.h.t.HelmChartContainer - [hivemq-test-hivemq-platform] [hivemq-platform-operator] [7b38861f] 13:39:58.560 [ReconcilerExecutor-hivemq-controller-109] DEBUG c.h.p.o.h.HiveMQPlatformReconcilerErrorHandler - [helmvolu] Pod 'test-hivemq-platform-0' containerStatus 'hivemq' (started: false) (ready: false) (waiting: [PodInitializing] null)
2025-01-29 13:39:58,562 INFO c.h.h.t.HelmChartContainer - [hivemq-test-hivemq-platform] [hivemq-platform-operator] [7b38861f] 13:39:58.560 [ReconcilerExecutor-hivemq-controller-109] INFO  c.h.p.o.h.HiveMQPlatformReconcilerBaseHandler - [helmvolu] HiveMQ Platform is starting, 0 of 2 replicas are ready
2025-01-29 13:39:59,995 INFO c.h.h.t.HelmChartContainer - [EVENT] Normal [Created] Created container: hivemq [helmvolumeclaimtemplatesit:test-hivemq-platform-0]
2025-01-29 13:39:59,995 INFO c.h.h.t.HelmChartContainer - Received Created event for container hivemq in pod test-hivemq-platform-0 [99c34a2c-b495-46b7-b7ca-fc9029b09f09]
2025-01-29 13:40:00,442 INFO c.h.h.t.HelmChartContainer - [POD] test-hivemq-platform-0 [99c34a2c-b495-46b7-b7ca-fc9029b09f09] in helmvolumeclaimtemplatesit was MODIFIED
2025-01-29 13:40:00,450 INFO c.h.h.t.HelmChartContainer - [hivemq-test-hivemq-platform] [hivemq-platform-operator] [7b38861f] 13:40:00.448 [pool-6-thread-16] DEBUG c.h.p.o.d.PlatformServiceResource - [helmvolu] Desired Platform services (3 services)
2025-01-29 13:40:00,453 INFO c.h.h.t.HelmChartContainer - [hivemq-test-hivemq-platform] [hivemq-platform-operator] [7b38861f] 13:40:00.452 [pool-6-thread-14] DEBUG c.h.p.o.dependants.PodInfoConfigMap - [helmvolu] Desired PodInfo ConfigMap (1 extensions) (1 enabled)
2025-01-29 13:40:00,454 INFO c.h.h.t.HelmChartContainer - [hivemq-test-hivemq-platform] [hivemq-platform-operator] [7b38861f] 13:40:00.452 [pool-6-thread-14] DEBUG c.h.p.o.dependants.PodInfoConfigMap - [helmvolu] Desired PodInfo ConfigMap (metrics port: 9399) (metrics path: /)
2025-01-29 13:40:00,456 INFO c.h.h.t.HelmChartContainer - [hivemq-test-hivemq-platform] [hivemq-platform-operator] [7b38861f] 13:40:00.452 [pool-6-thread-14] DEBUG c.h.p.o.dependants.PodInfoConfigMap - [helmvolu] Desired PodInfo ConfigMap (extension state hash: -1817474005)
2025-01-29 13:40:00,456 INFO c.h.h.t.HelmChartContainer - [hivemq-test-hivemq-platform] [hivemq-platform-operator] [7b38861f] 13:40:00.453 [pool-6-thread-14] DEBUG c.h.p.o.d.PodServiceAccountResource - [helmvolu] Desired PodServiceAccountResource (serviceAccountName: hivemq-platform-pod-test-hivemq-platform)
2025-01-29 13:40:00,458 INFO c.h.h.t.HelmChartContainer - [EVENT] Normal [Started] Started container hivemq [helmvolumeclaimtemplatesit:test-hivemq-platform-0]
2025-01-29 13:40:00,458 INFO c.h.h.t.HelmChartContainer - Received Started event for container hivemq in pod test-hivemq-platform-0 [99c34a2c-b495-46b7-b7ca-fc9029b09f09]
2025-01-29 13:40:00,458 INFO c.h.h.t.HelmChartContainer - Started log watcher for hivemq in pod test-hivemq-platform-0 [99c34a2c-b495-46b7-b7ca-fc9029b09f09]
2025-01-29 13:40:00,458 INFO c.h.h.t.HelmChartContainer - [test-hivemq-platform] [hivemq] [99c34a2c] Adding pre-installed HiveMQ Platform Operator extensions
2025-01-29 13:40:00,458 INFO c.h.h.t.HelmChartContainer - [test-hivemq-platform] [hivemq] [99c34a2c] Running as user 10000
2025-01-29 13:40:00,458 INFO c.h.h.t.HelmChartContainer - [test-hivemq-platform] [hivemq] [99c34a2c] Starting HiveMQ Platform Operator Init
2025-01-29 13:40:00,461 INFO c.h.h.t.HelmChartContainer - [hivemq-test-hivemq-platform] [hivemq-platform-operator] [7b38861f] 13:40:00.460 [pool-6-thread-16] DEBUG c.h.p.o.d.StatefulSetResource - [helmvolu] Desired StatefulSet (2 replicas) for status STARTING (READY)
2025-01-29 13:40:00,467 INFO c.h.h.t.HelmChartContainer - [hivemq-test-hivemq-platform] [hivemq-platform-operator] [7b38861f] 13:40:00.466 [ReconcilerExecutor-hivemq-controller-110] INFO  c.h.p.o.HiveMQPlatformReconciler - [helmvolu] Reconciling HiveMQ Platform 'test-hivemq-platform' in namespace 'helmvolumeclaimtemplatesit'
2025-01-29 13:40:00,470 INFO c.h.h.t.HelmChartContainer - [hivemq-test-hivemq-platform] [hivemq-platform-operator] [7b38861f] 13:40:00.467 [ReconcilerExecutor-hivemq-controller-110] DEBUG c.h.p.o.HiveMQPlatformReconciler - [helmvolu] Custom Resource Status STARTING - HiveMQ Platform is starting (READY)
2025-01-29 13:40:00,470 INFO c.h.h.t.HelmChartContainer - [hivemq-test-hivemq-platform] [hivemq-platform-operator] [7b38861f] 13:40:00.468 [ReconcilerExecutor-hivemq-controller-110] DEBUG c.h.p.o.HiveMQPlatformReconciler - [helmvolu] Custom Resource Spec (replicas: 2) (extensions: 1)
2025-01-29 13:40:00,472 INFO c.h.h.t.HelmChartContainer - [hivemq-test-hivemq-platform] [hivemq-platform-operator] [7b38861f] 13:40:00.471 [ReconcilerExecutor-hivemq-controller-110] DEBUG c.h.p.o.HiveMQPlatformReconciler - [helmvolu] StatefulSet Status (revision: test-hivemq-platform-6c7bb94cbd, replicas: 1, available: 0, ready: 0, current: 1, updated: 1)
2025-01-29 13:40:00,472 INFO c.h.h.t.HelmChartContainer - [hivemq-test-hivemq-platform] [hivemq-platform-operator] [7b38861f] 13:40:00.471 [ReconcilerExecutor-hivemq-controller-110] DEBUG c.h.p.o.HiveMQPlatformReconciler - [helmvolu] StatefulSet Spec (replicas: 2, init containers: 1, containers: 1, volumes: 4)
2025-01-29 13:40:00,547 INFO c.h.h.t.HelmChartContainer - [hivemq-test-hivemq-platform] [hivemq-platform-operator] [7b38861f] 13:40:00.544 [ReconcilerExecutor-hivemq-controller-110] DEBUG c.h.p.o.h.HiveMQPlatformReconcilerErrorHandler - [helmvolu] Pod 'test-hivemq-platform-0' phase Running
2025-01-29 13:40:00,547 INFO c.h.h.t.HelmChartContainer - [hivemq-test-hivemq-platform] [hivemq-platform-operator] [7b38861f] 13:40:00.546 [ReconcilerExecutor-hivemq-controller-110] INFO  c.h.p.o.h.HiveMQPlatformReconcilerBaseHandler - [helmvolu] HiveMQ Platform is starting, 0 of 2 replicas are ready
2025-01-29 13:40:01,228 INFO c.h.h.t.HelmChartContainer - [test-hivemq-platform] [hivemq] [99c34a2c] INFO  - [HiveMQ Platform Operator Init 1.7.0-SNAPSHOT] HiveMQ Platform Operator Init 1.7.0-SNAPSHOT (commit: bebf408 on branch: HEAD) built on Sun Jan 26 20:47:47 UTC 2025
2025-01-29 13:40:01,695 INFO c.h.h.t.HelmChartContainer - [K3S] [range_allocator.go:247] "Successfully synced" key="b5478828a543"
2025-01-29 13:40:02,348 INFO c.h.h.t.HelmChartContainer - [test-hivemq-platform] [hivemq] [99c34a2c] INFO  - [HiveMQ Platform Operator Init App 1.7.0-SNAPSHOT] Using bind address 10.42.0.9 from environment variable
2025-01-29 13:40:03,229 INFO c.h.h.t.HelmChartContainer - [test-hivemq-platform] [hivemq] [99c34a2c] INFO  - [HiveMQ Platform Operator Init App 1.7.0-SNAPSHOT] HiveMQ Platform Operator Init App 1.7.0-SNAPSHOT (commit: bebf408 on branch: HEAD) built on Sun Jan 26 20:47:47 UTC 2025
2025-01-29 13:40:03,230 INFO c.h.h.t.HelmChartContainer - [test-hivemq-platform] [hivemq] [99c34a2c] INFO  - [HiveMQ Platform Operator Init App 1.7.0-SNAPSHOT] PodInfo ConfigMap directory: /etc/podinfo
2025-01-29 13:40:03,230 INFO c.h.h.t.HelmChartContainer - [test-hivemq-platform] [hivemq] [99c34a2c] INFO  - [HiveMQ Platform Operator Init App 1.7.0-SNAPSHOT] HiveMQ home directory: /opt/hivemq
2025-01-29 13:40:03,230 INFO c.h.h.t.HelmChartContainer - [test-hivemq-platform] [hivemq] [99c34a2c] INFO  - [HiveMQ Platform Operator Init App 1.7.0-SNAPSHOT] HiveMQ Logback folder: /opt/hivemq/conf
2025-01-29 13:40:03,230 INFO c.h.h.t.HelmChartContainer - [test-hivemq-platform] [hivemq] [99c34a2c] INFO  - [HiveMQ Platform Operator Init App 1.7.0-SNAPSHOT] HiveMQ Config folder: /opt/hivemq/conf-k8s
2025-01-29 13:40:03,230 INFO c.h.h.t.HelmChartContainer - [test-hivemq-platform] [hivemq] [99c34a2c] INFO  - [HiveMQ Platform Operator Init App 1.7.0-SNAPSHOT] Starting HiveMQ Platform Operator Init App
2025-01-29 13:40:03,230 INFO c.h.h.t.HelmChartContainer - [test-hivemq-platform] [hivemq] [99c34a2c] INFO  - [HiveMQ Platform Operator Init App 1.7.0-SNAPSHOT] Starting Pod reconciler
2025-01-29 13:40:04,433 INFO c.h.h.t.HelmChartContainer - [test-hivemq-platform] [hivemq] [99c34a2c] INFO  - [HiveMQ Platform Operator Init App 1.7.0-SNAPSHOT] Pod reconciler is scheduled (interval: 5000 ms)
2025-01-29 13:40:04,433 INFO c.h.h.t.HelmChartContainer - [test-hivemq-platform] [hivemq] [99c34a2c] INFO  - [HiveMQ Platform Operator Init App 1.7.0-SNAPSHOT] Starting the REST API on 10.42.0.9:7979
2025-01-29 13:40:04,436 INFO c.h.h.t.HelmChartContainer - [test-hivemq-platform] [hivemq] [99c34a2c] INFO  - [HiveMQ Platform Operator Init App 1.7.0-SNAPSHOT] Waiting up to 600s for at most 2 HiveMQ nodes in cluster service hivemq-test-hivemq-platform-cluster.helmvolumeclaimtemplatesit.svc
2025-01-29 13:40:04,739 INFO c.h.h.t.HelmChartContainer - [test-hivemq-platform] [hivemq] [99c34a2c] INFO  - [HiveMQ Platform Operator Init App 1.7.0-SNAPSHOT] Resolved 1 IP addresses: [10.42.0.9]
2025-01-29 13:40:04,739 INFO c.h.h.t.HelmChartContainer - [test-hivemq-platform] [hivemq] [99c34a2c] INFO  - [HiveMQ Platform Operator Init App 1.7.0-SNAPSHOT] HiveMQ node count of 1 is within threshold of 2
2025-01-29 13:40:04,739 INFO c.h.h.t.HelmChartContainer - [test-hivemq-platform] [hivemq] [99c34a2c] INFO  - [HiveMQ Platform Operator Init App 1.7.0-SNAPSHOT] Proceeding with container start
2025-01-29 13:40:04,837 INFO c.h.h.t.HelmChartContainer - [test-hivemq-platform] [hivemq] [99c34a2c] INFO  - [HiveMQ Platform Operator Init App 1.7.0-SNAPSHOT] Initializing HiveMQ Platform extensions with initial configuration: {hivemq-allow-all-extension={start-priority=-1, skip-https-hostname-verification=false, restart=true, config-version=0, header-version=0, c-uri=, priority=-1, uri=preinstalled, skip-https-certificate-validation=false, enabled=true}, hivemq-prometheus-extension={priority=-1, start-priority=-1, c-uri=, skip-https-hostname-verification=false, skip-https-certificate-validation=false, uri=preinstalled, request-header-path=no-request-headers, enabled=true, restart=true}}
2025-01-29 13:40:05,233 INFO c.h.h.t.HelmChartContainer - [test-hivemq-platform] [hivemq] [99c34a2c] INFO  - [HiveMQ Platform Operator Init App 1.7.0-SNAPSHOT] Extension hivemq-allow-all-extension was already enabled
2025-01-29 13:40:05,321 INFO c.h.h.t.HelmChartContainer - [test-hivemq-platform] [hivemq] [99c34a2c] INFO  - [HiveMQ Platform Operator Init App 1.7.0-SNAPSHOT] Successfully enabled extension hivemq-prometheus-extension
2025-01-29 13:40:05,323 INFO c.h.h.t.HelmChartContainer - [test-hivemq-platform] [hivemq] [99c34a2c] INFO  - [HiveMQ Platform Operator Init App 1.7.0-SNAPSHOT] Starting HiveMQ Platform version 4.36.0 (4.36.0)
2025-01-29 13:40:05,323 INFO c.h.h.t.HelmChartContainer - [test-hivemq-platform] [hivemq] [99c34a2c] INFO  - [HiveMQ Platform Operator Init App 1.7.0-SNAPSHOT] Configuring the HiveMQ Platform
2025-01-29 13:40:05,334 INFO c.h.h.t.HelmChartContainer - [test-hivemq-platform] [hivemq] [99c34a2c] INFO  - [HiveMQ Platform Operator Init App 1.7.0-SNAPSHOT] Changed logback.xml file scan period to 20 seconds
2025-01-29 13:40:05,427 INFO c.h.h.t.HelmChartContainer - [test-hivemq-platform] [hivemq] [99c34a2c] INFO  - [HiveMQ Platform Operator Init App 1.7.0-SNAPSHOT] Starting the HiveMQ Platform
2025-01-29 13:40:05,431 INFO c.h.h.t.HelmChartContainer - [test-hivemq-platform] [hivemq] [99c34a2c] -------------------------------------------------------------------------
2025-01-29 13:40:05,431 INFO c.h.h.t.HelmChartContainer - [test-hivemq-platform] [hivemq] [99c34a2c] 
2025-01-29 13:40:05,431 INFO c.h.h.t.HelmChartContainer - [test-hivemq-platform] [hivemq] [99c34a2c]                   _    _  _              __  __   ____
2025-01-29 13:40:05,431 INFO c.h.h.t.HelmChartContainer - [test-hivemq-platform] [hivemq] [99c34a2c]                  | |  | |(_)            |  \/  | / __ \
2025-01-29 13:40:05,431 INFO c.h.h.t.HelmChartContainer - [test-hivemq-platform] [hivemq] [99c34a2c]                  | |__| | _ __   __ ___ | \  / || |  | |
2025-01-29 13:40:05,431 INFO c.h.h.t.HelmChartContainer - [test-hivemq-platform] [hivemq] [99c34a2c]                  |  __  || |\ \ / // _ \| |\/| || |  | |
2025-01-29 13:40:05,431 INFO c.h.h.t.HelmChartContainer - [test-hivemq-platform] [hivemq] [99c34a2c]                  | |  | || | \ V /|  __/| |  | || |__| |
2025-01-29 13:40:05,431 INFO c.h.h.t.HelmChartContainer - [test-hivemq-platform] [hivemq] [99c34a2c]                  |_|  |_||_|  \_/  \___||_|  |_| \___\_\
2025-01-29 13:40:05,431 INFO c.h.h.t.HelmChartContainer - [test-hivemq-platform] [hivemq] [99c34a2c] 
2025-01-29 13:40:05,431 INFO c.h.h.t.HelmChartContainer - [test-hivemq-platform] [hivemq] [99c34a2c] -------------------------------------------------------------------------
2025-01-29 13:40:05,431 INFO c.h.h.t.HelmChartContainer - [test-hivemq-platform] [hivemq] [99c34a2c] 
2025-01-29 13:40:05,431 INFO c.h.h.t.HelmChartContainer - [test-hivemq-platform] [hivemq] [99c34a2c]   HiveMQ Start Script for Linux/Unix v1.14
2025-01-29 13:40:05,432 INFO c.h.h.t.HelmChartContainer - [test-hivemq-platform] [hivemq] [99c34a2c] 
2025-01-29 13:40:05,535 INFO c.h.h.t.HelmChartContainer - [test-hivemq-platform] [hivemq] [99c34a2c] -------------------------------------------------------------------------
2025-01-29 13:40:05,535 INFO c.h.h.t.HelmChartContainer - [test-hivemq-platform] [hivemq] [99c34a2c] 
2025-01-29 13:40:05,535 INFO c.h.h.t.HelmChartContainer - [test-hivemq-platform] [hivemq] [99c34a2c]   HIVEMQ_HOME: /opt/hivemq
2025-01-29 13:40:05,535 INFO c.h.h.t.HelmChartContainer - [test-hivemq-platform] [hivemq] [99c34a2c] 
2025-01-29 13:40:05,535 INFO c.h.h.t.HelmChartContainer - [test-hivemq-platform] [hivemq] [99c34a2c]   JAVA_OPTS: -XX:+UnlockExperimentalVMOptions -XX:InitialRAMPercentage=50 -XX:MaxRAMPercentage=50 -Djava.net.preferIPv4Stack=true --add-opens java.base/java.lang=ALL-UNNAMED --add-opens java.base/java.nio=ALL-UNNAMED --add-opens java.base/sun.nio.ch=ALL-UNNAMED --add-opens jdk.management/com.sun.management.internal=ALL-UNNAMED --add-exports java.base/jdk.internal.misc=ALL-UNNAMED -Djava.security.egd=file:/dev/./urandom -Dcom.sun.management.jmxremote -Dcom.sun.management.jmxremote.port=9010 -Dcom.sun.management.jmxremote.local.only=false -Dcom.sun.management.jmxremote.authenticate=false -Dcom.sun.management.jmxremote.ssl=false -Duser.language=en -Duser.region=US -XX:+CrashOnOutOfMemoryError -XX:+HeapDumpOnOutOfMemoryError
2025-01-29 13:40:05,535 INFO c.h.h.t.HelmChartContainer - [test-hivemq-platform] [hivemq] [99c34a2c] 
2025-01-29 13:40:05,535 INFO c.h.h.t.HelmChartContainer - [test-hivemq-platform] [hivemq] [99c34a2c]   JAVA_VERSION: 21
2025-01-29 13:40:05,535 INFO c.h.h.t.HelmChartContainer - [test-hivemq-platform] [hivemq] [99c34a2c] 
2025-01-29 13:40:05,535 INFO c.h.h.t.HelmChartContainer - [test-hivemq-platform] [hivemq] [99c34a2c] -------------------------------------------------------------------------
2025-01-29 13:40:05,535 INFO c.h.h.t.HelmChartContainer - [test-hivemq-platform] [hivemq] [99c34a2c] 
2025-01-29 13:40:06,523 INFO c.h.h.t.HelmChartContainer - [test-hivemq-platform] [hivemq] [99c34a2c] INFO  - [HiveMQ Platform Operator Init App 1.7.0-SNAPSHOT] Returning default Health API response 503 for readiness
2025-01-29 13:40:06,925 INFO c.h.h.t.HelmChartContainer - [EVENT] Warning [Unhealthy] Readiness probe failed: HTTP probe failed with statuscode: 503 [helmvolumeclaimtemplatesit:test-hivemq-platform-0]
2025-01-29 13:40:06,925 INFO c.h.h.t.HelmChartContainer - Received Unhealthy event for container hivemq in pod test-hivemq-platform-0 [99c34a2c-b495-46b7-b7ca-fc9029b09f09]
2025-01-29 13:40:08,027 INFO c.h.h.t.HelmChartContainer - [test-hivemq-platform] [hivemq] [99c34a2c] INFO  - Starting HiveMQ Enterprise Server
2025-01-29 13:40:08,034 INFO c.h.h.t.HelmChartContainer - [test-hivemq-platform] [hivemq] [99c34a2c] INFO  - HiveMQ version: 4.36.0
2025-01-29 13:40:08,034 INFO c.h.h.t.HelmChartContainer - [test-hivemq-platform] [hivemq] [99c34a2c] INFO  - HiveMQ home directory: /opt/hivemq
2025-01-29 13:40:08,035 INFO c.h.h.t.HelmChartContainer - [test-hivemq-platform] [hivemq] [99c34a2c] INFO  - Log Configuration was overridden by /opt/hivemq/conf/logback.xml
2025-01-29 13:40:09,332 INFO c.h.h.t.HelmChartContainer - [test-hivemq-platform] [hivemq] [99c34a2c] INFO  - Successfully loaded configuration from '/opt/hivemq/conf-k8s/config.xml'.
2025-01-29 13:40:09,925 INFO c.h.h.t.HelmChartContainer - [test-hivemq-platform] [hivemq] [99c34a2c] INFO  - This node's ID is Dp4V6
2025-01-29 13:40:09,925 INFO c.h.h.t.HelmChartContainer - [test-hivemq-platform] [hivemq] [99c34a2c] INFO  - Clustering is enabled
2025-01-29 13:40:10,553 INFO c.h.h.t.HelmChartContainer - [hivemq-test-hivemq-platform] [hivemq-platform-operator] [7b38861f] 13:40:10.549 [pool-6-thread-26] DEBUG c.h.p.o.d.PlatformServiceResource - [helmvolu] Desired Platform services (3 services)
2025-01-29 13:40:10,555 INFO c.h.h.t.HelmChartContainer - [hivemq-test-hivemq-platform] [hivemq-platform-operator] [7b38861f] 13:40:10.551 [pool-6-thread-27] DEBUG c.h.p.o.dependants.PodInfoConfigMap - [helmvolu] Desired PodInfo ConfigMap (1 extensions) (1 enabled)
2025-01-29 13:40:10,555 INFO c.h.h.t.HelmChartContainer - [hivemq-test-hivemq-platform] [hivemq-platform-operator] [7b38861f] 13:40:10.551 [pool-6-thread-27] DEBUG c.h.p.o.dependants.PodInfoConfigMap - [helmvolu] Desired PodInfo ConfigMap (metrics port: 9399) (metrics path: /)
2025-01-29 13:40:10,555 INFO c.h.h.t.HelmChartContainer - [hivemq-test-hivemq-platform] [hivemq-platform-operator] [7b38861f] 13:40:10.552 [pool-6-thread-27] DEBUG c.h.p.o.dependants.PodInfoConfigMap - [helmvolu] Desired PodInfo ConfigMap (extension state hash: -1817474005)
2025-01-29 13:40:10,555 INFO c.h.h.t.HelmChartContainer - [hivemq-test-hivemq-platform] [hivemq-platform-operator] [7b38861f] 13:40:10.552 [pool-6-thread-25] DEBUG c.h.p.o.d.PodServiceAccountResource - [helmvolu] Desired PodServiceAccountResource (serviceAccountName: hivemq-platform-pod-test-hivemq-platform)
2025-01-29 13:40:10,557 INFO c.h.h.t.HelmChartContainer - [hivemq-test-hivemq-platform] [hivemq-platform-operator] [7b38861f] 13:40:10.556 [pool-6-thread-27] DEBUG c.h.p.o.d.StatefulSetResource - [helmvolu] Desired StatefulSet (2 replicas) for status STARTING (READY)
2025-01-29 13:40:10,560 INFO c.h.h.t.HelmChartContainer - [hivemq-test-hivemq-platform] [hivemq-platform-operator] [7b38861f] 13:40:10.559 [ReconcilerExecutor-hivemq-controller-111] INFO  c.h.p.o.HiveMQPlatformReconciler - [helmvolu] Reconciling HiveMQ Platform 'test-hivemq-platform' in namespace 'helmvolumeclaimtemplatesit'
2025-01-29 13:40:10,561 INFO c.h.h.t.HelmChartContainer - [hivemq-test-hivemq-platform] [hivemq-platform-operator] [7b38861f] 13:40:10.559 [ReconcilerExecutor-hivemq-controller-111] DEBUG c.h.p.o.HiveMQPlatformReconciler - [helmvolu] Custom Resource Status STARTING - HiveMQ Platform is starting (READY)
2025-01-29 13:40:10,561 INFO c.h.h.t.HelmChartContainer - [hivemq-test-hivemq-platform] [hivemq-platform-operator] [7b38861f] 13:40:10.559 [ReconcilerExecutor-hivemq-controller-111] DEBUG c.h.p.o.HiveMQPlatformReconciler - [helmvolu] Custom Resource Spec (replicas: 2) (extensions: 1)
2025-01-29 13:40:10,563 INFO c.h.h.t.HelmChartContainer - [hivemq-test-hivemq-platform] [hivemq-platform-operator] [7b38861f] 13:40:10.562 [ReconcilerExecutor-hivemq-controller-111] DEBUG c.h.p.o.HiveMQPlatformReconciler - [helmvolu] StatefulSet Status (revision: test-hivemq-platform-6c7bb94cbd, replicas: 1, available: 0, ready: 0, current: 1, updated: 1)
2025-01-29 13:40:10,563 INFO c.h.h.t.HelmChartContainer - [hivemq-test-hivemq-platform] [hivemq-platform-operator] [7b38861f] 13:40:10.562 [ReconcilerExecutor-hivemq-controller-111] DEBUG c.h.p.o.HiveMQPlatformReconciler - [helmvolu] StatefulSet Spec (replicas: 2, init containers: 1, containers: 1, volumes: 4)
2025-01-29 13:40:10,642 INFO c.h.h.t.HelmChartContainer - [hivemq-test-hivemq-platform] [hivemq-platform-operator] [7b38861f] 13:40:10.639 [ReconcilerExecutor-hivemq-controller-111] DEBUG c.h.p.o.h.HiveMQPlatformReconcilerErrorHandler - [helmvolu] Pod 'test-hivemq-platform-0' phase Running
2025-01-29 13:40:10,642 INFO c.h.h.t.HelmChartContainer - [hivemq-test-hivemq-platform] [hivemq-platform-operator] [7b38861f] 13:40:10.640 [ReconcilerExecutor-hivemq-controller-111] INFO  c.h.p.o.h.HiveMQPlatformReconcilerBaseHandler - [helmvolu] HiveMQ Platform is starting, 0 of 2 replicas are ready
2025-01-29 13:40:11,830 INFO c.h.h.t.HelmChartContainer - [test-hivemq-platform] [hivemq] [99c34a2c] WARN  - [HiveMQ Platform Operator Init App 1.7.0-SNAPSHOT] Cannot connect to Health API for readiness: null
2025-01-29 13:40:11,835 INFO c.h.h.t.HelmChartContainer - [EVENT] Warning [Unhealthy] Readiness probe failed: HTTP probe failed with statuscode: 503 [helmvolumeclaimtemplatesit:test-hivemq-platform-0]
2025-01-29 13:40:11,835 INFO c.h.h.t.HelmChartContainer - Received Unhealthy event for container hivemq in pod test-hivemq-platform-0 [99c34a2c-b495-46b7-b7ca-fc9029b09f09]
2025-01-29 13:40:14,820 INFO c.h.h.t.HelmChartContainer - [test-hivemq-platform] [hivemq] [99c34a2c] Jan 29, 2025 1:40:14 PM io.vertx.core.impl.BlockedThreadChecker
2025-01-29 13:40:14,821 INFO c.h.h.t.HelmChartContainer - [test-hivemq-platform] [hivemq] [99c34a2c] WARNING: Thread Thread[vert.x-eventloop-thread-1,5,main] has been blocked for 2204 ms, time limit is 2000 ms
2025-01-29 13:40:15,285 INFO c.h.h.t.HelmChartContainer - [test-hivemq-platform] [hivemq] [99c34a2c] INFO  - [HiveMQ Platform Operator Init App 1.7.0-SNAPSHOT] Updating Pod HiveMQ Platform Operator Init App version annotation (version: 1.7.0-SNAPSHOT)
2025-01-29 13:40:15,939 INFO c.h.h.t.HelmChartContainer - [POD] test-hivemq-platform-0 [99c34a2c-b495-46b7-b7ca-fc9029b09f09] in helmvolumeclaimtemplatesit was MODIFIED
2025-01-29 13:40:15,943 INFO c.h.h.t.HelmChartContainer - [hivemq-test-hivemq-platform] [hivemq-platform-operator] [7b38861f] 13:40:15.942 [pool-6-thread-31] DEBUG c.h.p.o.d.PlatformServiceResource - [helmvolu] Desired Platform services (3 services)
2025-01-29 13:40:15,944 INFO c.h.h.t.HelmChartContainer - [hivemq-test-hivemq-platform] [hivemq-platform-operator] [7b38861f] 13:40:15.943 [pool-6-thread-36] DEBUG c.h.p.o.dependants.PodInfoConfigMap - [helmvolu] Desired PodInfo ConfigMap (1 extensions) (1 enabled)
2025-01-29 13:40:15,946 INFO c.h.h.t.HelmChartContainer - [hivemq-test-hivemq-platform] [hivemq-platform-operator] [7b38861f] 13:40:15.944 [pool-6-thread-36] DEBUG c.h.p.o.dependants.PodInfoConfigMap - [helmvolu] Desired PodInfo ConfigMap (metrics port: 9399) (metrics path: /)
2025-01-29 13:40:15,946 INFO c.h.h.t.HelmChartContainer - [hivemq-test-hivemq-platform] [hivemq-platform-operator] [7b38861f] 13:40:15.944 [pool-6-thread-36] DEBUG c.h.p.o.dependants.PodInfoConfigMap - [helmvolu] Desired PodInfo ConfigMap (extension state hash: -1817474005)
2025-01-29 13:40:15,949 INFO c.h.h.t.HelmChartContainer - [hivemq-test-hivemq-platform] [hivemq-platform-operator] [7b38861f] 13:40:15.946 [pool-6-thread-32] DEBUG c.h.p.o.d.PodServiceAccountResource - [helmvolu] Desired PodServiceAccountResource (serviceAccountName: hivemq-platform-pod-test-hivemq-platform)
2025-01-29 13:40:15,952 INFO c.h.h.t.HelmChartContainer - [hivemq-test-hivemq-platform] [hivemq-platform-operator] [7b38861f] 13:40:15.951 [pool-6-thread-31] DEBUG c.h.p.o.d.StatefulSetResource - [helmvolu] Desired StatefulSet (2 replicas) for status STARTING (READY)
2025-01-29 13:40:15,956 INFO c.h.h.t.HelmChartContainer - [hivemq-test-hivemq-platform] [hivemq-platform-operator] [7b38861f] 13:40:15.955 [ReconcilerExecutor-hivemq-controller-112] INFO  c.h.p.o.HiveMQPlatformReconciler - [helmvolu] Reconciling HiveMQ Platform 'test-hivemq-platform' in namespace 'helmvolumeclaimtemplatesit'
2025-01-29 13:40:15,957 INFO c.h.h.t.HelmChartContainer - [hivemq-test-hivemq-platform] [hivemq-platform-operator] [7b38861f] 13:40:15.955 [ReconcilerExecutor-hivemq-controller-112] DEBUG c.h.p.o.HiveMQPlatformReconciler - [helmvolu] Custom Resource Status STARTING - HiveMQ Platform is starting (READY)
2025-01-29 13:40:15,958 INFO c.h.h.t.HelmChartContainer - [hivemq-test-hivemq-platform] [hivemq-platform-operator] [7b38861f] 13:40:15.956 [ReconcilerExecutor-hivemq-controller-112] DEBUG c.h.p.o.HiveMQPlatformReconciler - [helmvolu] Custom Resource Spec (replicas: 2) (extensions: 1)
2025-01-29 13:40:15,958 INFO c.h.h.t.HelmChartContainer - [hivemq-test-hivemq-platform] [hivemq-platform-operator] [7b38861f] 13:40:15.956 [ReconcilerExecutor-hivemq-controller-112] DEBUG c.h.p.o.HiveMQPlatformReconciler - [helmvolu] StatefulSet Status (revision: test-hivemq-platform-6c7bb94cbd, replicas: 1, available: 0, ready: 0, current: 1, updated: 1)
2025-01-29 13:40:15,958 INFO c.h.h.t.HelmChartContainer - [hivemq-test-hivemq-platform] [hivemq-platform-operator] [7b38861f] 13:40:15.956 [ReconcilerExecutor-hivemq-controller-112] DEBUG c.h.p.o.HiveMQPlatformReconciler - [helmvolu] StatefulSet Spec (replicas: 2, init containers: 1, containers: 1, volumes: 4)
2025-01-29 13:40:15,961 INFO c.h.h.t.HelmChartContainer - [hivemq-test-hivemq-platform] [hivemq-platform-operator] [7b38861f] 13:40:15.959 [ReconcilerExecutor-hivemq-controller-112] DEBUG c.h.p.o.h.HiveMQPlatformReconcilerErrorHandler - [helmvolu] Pod 'test-hivemq-platform-0' phase Running
2025-01-29 13:40:15,961 INFO c.h.h.t.HelmChartContainer - [hivemq-test-hivemq-platform] [hivemq-platform-operator] [7b38861f] 13:40:15.959 [ReconcilerExecutor-hivemq-controller-112] INFO  c.h.p.o.h.HiveMQPlatformReconcilerBaseHandler - [helmvolu] HiveMQ Platform is starting, 0 of 2 replicas are ready
2025-01-29 13:40:16,023 INFO c.h.h.t.HelmChartContainer - [test-hivemq-platform] [hivemq] [99c34a2c] WARN  - [HiveMQ Platform Operator Init App 1.7.0-SNAPSHOT] Cannot connect to Health API for readiness: null
2025-01-29 13:40:16,028 INFO c.h.h.t.HelmChartContainer - [EVENT] Warning [Unhealthy] Readiness probe failed: HTTP probe failed with statuscode: 503 [helmvolumeclaimtemplatesit:test-hivemq-platform-0]
2025-01-29 13:40:16,028 INFO c.h.h.t.HelmChartContainer - Received Unhealthy event for container hivemq in pod test-hivemq-platform-0 [99c34a2c-b495-46b7-b7ca-fc9029b09f09]
2025-01-29 13:40:16,082 INFO c.h.h.t.HelmChartContainer - [test-hivemq-platform] [hivemq] [99c34a2c] INFO  - [HiveMQ Platform Operator Init App 1.7.0-SNAPSHOT] Successfully updated Pod HiveMQ Platform Operator Init App version annotation (version: 1.7.0-SNAPSHOT)
2025-01-29 13:40:21,021 INFO c.h.h.t.HelmChartContainer - [test-hivemq-platform] [hivemq] [99c34a2c] WARN  - [HiveMQ Platform Operator Init App 1.7.0-SNAPSHOT] Cannot connect to Health API for readiness: null
2025-01-29 13:40:21,031 INFO c.h.h.t.HelmChartContainer - [EVENT] Warning [Unhealthy] Readiness probe failed: HTTP probe failed with statuscode: 503 [helmvolumeclaimtemplatesit:test-hivemq-platform-0]
2025-01-29 13:40:21,031 INFO c.h.h.t.HelmChartContainer - Received Unhealthy event for container hivemq in pod test-hivemq-platform-0 [99c34a2c-b495-46b7-b7ca-fc9029b09f09]
2025-01-29 13:40:25,966 INFO c.h.h.t.HelmChartContainer - [hivemq-test-hivemq-platform] [hivemq-platform-operator] [7b38861f] 13:40:25.965 [pool-6-thread-48] DEBUG c.h.p.o.d.PlatformServiceResource - [helmvolu] Desired Platform services (3 services)
2025-01-29 13:40:25,968 INFO c.h.h.t.HelmChartContainer - [hivemq-test-hivemq-platform] [hivemq-platform-operator] [7b38861f] 13:40:25.967 [pool-6-thread-43] DEBUG c.h.p.o.dependants.PodInfoConfigMap - [helmvolu] Desired PodInfo ConfigMap (1 extensions) (1 enabled)
2025-01-29 13:40:25,971 INFO c.h.h.t.HelmChartContainer - [hivemq-test-hivemq-platform] [hivemq-platform-operator] [7b38861f] 13:40:25.968 [pool-6-thread-43] DEBUG c.h.p.o.dependants.PodInfoConfigMap - [helmvolu] Desired PodInfo ConfigMap (metrics port: 9399) (metrics path: /)
2025-01-29 13:40:25,971 INFO c.h.h.t.HelmChartContainer - [hivemq-test-hivemq-platform] [hivemq-platform-operator] [7b38861f] 13:40:25.969 [pool-6-thread-48] DEBUG c.h.p.o.d.PodServiceAccountResource - [helmvolu] Desired PodServiceAccountResource (serviceAccountName: hivemq-platform-pod-test-hivemq-platform)
2025-01-29 13:40:25,971 INFO c.h.h.t.HelmChartContainer - [hivemq-test-hivemq-platform] [hivemq-platform-operator] [7b38861f] 13:40:25.969 [pool-6-thread-43] DEBUG c.h.p.o.dependants.PodInfoConfigMap - [helmvolu] Desired PodInfo ConfigMap (extension state hash: -1817474005)
2025-01-29 13:40:25,974 INFO c.h.h.t.HelmChartContainer - [hivemq-test-hivemq-platform] [hivemq-platform-operator] [7b38861f] 13:40:25.972 [pool-6-thread-47] DEBUG c.h.p.o.d.StatefulSetResource - [helmvolu] Desired StatefulSet (2 replicas) for status STARTING (READY)
2025-01-29 13:40:26,022 INFO c.h.h.t.HelmChartContainer - [test-hivemq-platform] [hivemq] [99c34a2c] WARN  - [HiveMQ Platform Operator Init App 1.7.0-SNAPSHOT] Cannot connect to Health API for readiness: null
2025-01-29 13:40:26,028 INFO c.h.h.t.HelmChartContainer - [EVENT] Warning [Unhealthy] Readiness probe failed: HTTP probe failed with statuscode: 503 [helmvolumeclaimtemplatesit:test-hivemq-platform-0]
2025-01-29 13:40:26,028 INFO c.h.h.t.HelmChartContainer - Received Unhealthy event for container hivemq in pod test-hivemq-platform-0 [99c34a2c-b495-46b7-b7ca-fc9029b09f09]
2025-01-29 13:40:26,063 INFO c.h.h.t.HelmChartContainer - [hivemq-test-hivemq-platform] [hivemq-platform-operator] [7b38861f] 13:40:26.061 [ReconcilerExecutor-hivemq-controller-113] INFO  c.h.p.o.HiveMQPlatformReconciler - [helmvolu] Reconciling HiveMQ Platform 'test-hivemq-platform' in namespace 'helmvolumeclaimtemplatesit'
2025-01-29 13:40:26,063 INFO c.h.h.t.HelmChartContainer - [hivemq-test-hivemq-platform] [hivemq-platform-operator] [7b38861f] 13:40:26.061 [ReconcilerExecutor-hivemq-controller-113] DEBUG c.h.p.o.HiveMQPlatformReconciler - [helmvolu] Custom Resource Status STARTING - HiveMQ Platform is starting (READY)
2025-01-29 13:40:26,063 INFO c.h.h.t.HelmChartContainer - [hivemq-test-hivemq-platform] [hivemq-platform-operator] [7b38861f] 13:40:26.061 [ReconcilerExecutor-hivemq-controller-113] DEBUG c.h.p.o.HiveMQPlatformReconciler - [helmvolu] Custom Resource Spec (replicas: 2) (extensions: 1)
2025-01-29 13:40:26,065 INFO c.h.h.t.HelmChartContainer - [hivemq-test-hivemq-platform] [hivemq-platform-operator] [7b38861f] 13:40:26.064 [ReconcilerExecutor-hivemq-controller-113] DEBUG c.h.p.o.HiveMQPlatformReconciler - [helmvolu] StatefulSet Status (revision: test-hivemq-platform-6c7bb94cbd, replicas: 1, available: 0, ready: 0, current: 1, updated: 1)
2025-01-29 13:40:26,066 INFO c.h.h.t.HelmChartContainer - [hivemq-test-hivemq-platform] [hivemq-platform-operator] [7b38861f] 13:40:26.064 [ReconcilerExecutor-hivemq-controller-113] DEBUG c.h.p.o.HiveMQPlatformReconciler - [helmvolu] StatefulSet Spec (replicas: 2, init containers: 1, containers: 1, volumes: 4)
2025-01-29 13:40:26,066 INFO c.h.h.t.HelmChartContainer - [hivemq-test-hivemq-platform] [hivemq-platform-operator] [7b38861f] 13:40:26.065 [ReconcilerExecutor-hivemq-controller-113] DEBUG c.h.p.o.h.HiveMQPlatformReconcilerErrorHandler - [helmvolu] Pod 'test-hivemq-platform-0' phase Running
2025-01-29 13:40:26,067 INFO c.h.h.t.HelmChartContainer - [hivemq-test-hivemq-platform] [hivemq-platform-operator] [7b38861f] 13:40:26.066 [ReconcilerExecutor-hivemq-controller-113] INFO  c.h.p.o.h.HiveMQPlatformReconcilerBaseHandler - [helmvolu] HiveMQ Platform is starting, 0 of 2 replicas are ready
2025-01-29 13:40:27,423 INFO c.h.h.t.HelmChartContainer - [test-hivemq-platform] [hivemq] [99c34a2c] WARN  - [HiveMQ Platform Operator Init App 1.7.0-SNAPSHOT] Cannot connect to Health API for liveness: null
2025-01-29 13:40:27,423 INFO c.h.h.t.HelmChartContainer - [test-hivemq-platform] [hivemq] [99c34a2c] INFO  - [HiveMQ Platform Operator Init App 1.7.0-SNAPSHOT] Returning default Health API response 200 for liveness
2025-01-29 13:40:27,526 INFO c.h.h.t.HelmChartContainer - [test-hivemq-platform] [hivemq] [99c34a2c] INFO  - No valid license file found. Using trial license, restricted to 25 connections.
2025-01-29 13:40:29,200 INFO c.h.h.t.HelmChartContainer - [K3S] [scope.go:117] "RemoveContainer" containerID="34b5ae99428c7689b3d4ba5234ade43860c58d023102a205d1c118e2b5130577"
2025-01-29 13:40:30,821 INFO c.h.h.t.HelmChartContainer - [test-hivemq-platform] [hivemq] [99c34a2c] INFO  - No valid license file for Data Hub found. Using free license, restricted to 1 policy.
2025-01-29 13:40:31,024 INFO c.h.h.t.HelmChartContainer - [test-hivemq-platform] [hivemq] [99c34a2c] WARN  - [HiveMQ Platform Operator Init App 1.7.0-SNAPSHOT] Cannot connect to Health API for readiness: null
2025-01-29 13:40:31,028 INFO c.h.h.t.HelmChartContainer - [EVENT] Warning [Unhealthy] Readiness probe failed: HTTP probe failed with statuscode: 503 [helmvolumeclaimtemplatesit:test-hivemq-platform-0]
2025-01-29 13:40:31,028 INFO c.h.h.t.HelmChartContainer - Received Unhealthy event for container hivemq in pod test-hivemq-platform-0 [99c34a2c-b495-46b7-b7ca-fc9029b09f09]
2025-01-29 13:40:32,228 INFO c.h.h.t.HelmChartContainer - [test-hivemq-platform] [hivemq] [99c34a2c] INFO  - Audit Logger started.
2025-01-29 13:40:32,520 INFO c.h.h.t.HelmChartContainer - [test-hivemq-platform] [hivemq] [99c34a2c] INFO  - This node uses '1' CPU cores.
2025-01-29 13:40:32,526 INFO c.h.h.t.HelmChartContainer - [test-hivemq-platform] [hivemq] [99c34a2c] INFO  - Starting HiveMQ Health API on address 0.0.0.0 and port 8889
2025-01-29 13:40:33,337 INFO c.h.h.t.HelmChartContainer - [test-hivemq-platform] [hivemq] [99c34a2c] INFO  - Started HiveMQ Health API in 811ms
2025-01-29 13:40:33,931 INFO c.h.h.t.HelmChartContainer - [test-hivemq-platform] [hivemq] [99c34a2c] INFO  - Starting HiveMQ extension system.
2025-01-29 13:40:34,133 INFO c.h.h.t.HelmChartContainer - [test-hivemq-platform] [hivemq] [99c34a2c] INFO  - Starting extension with id "hivemq-dns-cluster-discovery" at /opt/hivemq/extensions/hivemq-dns-cluster-discovery
2025-01-29 13:40:34,724 INFO c.h.h.t.HelmChartContainer - [test-hivemq-platform] [hivemq] [99c34a2c] INFO  - Extension "DNS Cluster Discovery Extension" version 4.3.2 started successfully.
2025-01-29 13:40:34,724 INFO c.h.h.t.HelmChartContainer - [test-hivemq-platform] [hivemq] [99c34a2c] INFO  - Starting extension with id "hivemq-prometheus-extension" at /opt/hivemq/extensions/hivemq-prometheus-extension
2025-01-29 13:40:34,826 INFO c.h.h.t.HelmChartContainer - [test-hivemq-platform] [hivemq] [99c34a2c] INFO  - Using TCP cluster transport on address 10.42.0.9 and port 7000
2025-01-29 13:40:34,882 INFO c.h.h.t.HelmChartContainer - [test-hivemq-platform] [hivemq] [99c34a2c] INFO  - Using extension cluster discovery
2025-01-29 13:40:35,729 INFO c.h.h.t.HelmChartContainer - [test-hivemq-platform] [hivemq] [99c34a2c] INFO  - Started Jetty Server exposing Prometheus Servlet on URI http://0.0.0.0:9399/
2025-01-29 13:40:35,729 INFO c.h.h.t.HelmChartContainer - [test-hivemq-platform] [hivemq] [99c34a2c] INFO  - Extension "Prometheus Monitoring Extension" version 4.0.12 started successfully.
2025-01-29 13:40:35,729 INFO c.h.h.t.HelmChartContainer - [test-hivemq-platform] [hivemq] [99c34a2c] INFO  - Starting extension with id "hivemq-allow-all-extension" at /opt/hivemq/extensions/hivemq-allow-all-extension
2025-01-29 13:40:35,729 INFO c.h.h.t.HelmChartContainer - [test-hivemq-platform] [hivemq] [99c34a2c] WARN  - 
2025-01-29 13:40:35,729 INFO c.h.h.t.HelmChartContainer - [test-hivemq-platform] [hivemq] [99c34a2c] ################################################################################################################
2025-01-29 13:40:35,729 INFO c.h.h.t.HelmChartContainer - [test-hivemq-platform] [hivemq] [99c34a2c] # This HiveMQ deployment is not secure! You are lacking Authentication and Authorization.                      #
2025-01-29 13:40:35,729 INFO c.h.h.t.HelmChartContainer - [test-hivemq-platform] [hivemq] [99c34a2c] # Right now any MQTT client can connect to the broker with a full set of permissions.                          #
2025-01-29 13:40:35,729 INFO c.h.h.t.HelmChartContainer - [test-hivemq-platform] [hivemq] [99c34a2c] # For production usage, add an appropriate security extension and remove the hivemq-allow-all extension.       #
2025-01-29 13:40:35,729 INFO c.h.h.t.HelmChartContainer - [test-hivemq-platform] [hivemq] [99c34a2c] # You can download security extensions from the HiveMQ Marketplace (https://www.hivemq.com/extensions/).       #
2025-01-29 13:40:35,729 INFO c.h.h.t.HelmChartContainer - [test-hivemq-platform] [hivemq] [99c34a2c] ################################################################################################################
2025-01-29 13:40:35,730 INFO c.h.h.t.HelmChartContainer - [test-hivemq-platform] [hivemq] [99c34a2c] INFO  - Extension "Allow All Extension" version 1.1.1 started successfully.
2025-01-29 13:40:36,073 INFO c.h.h.t.HelmChartContainer - [hivemq-test-hivemq-platform] [hivemq-platform-operator] [7b38861f] 13:40:36.070 [pool-6-thread-4] DEBUG c.h.p.o.d.PlatformServiceResource - [helmvolu] Desired Platform services (3 services)
2025-01-29 13:40:36,073 INFO c.h.h.t.HelmChartContainer - [hivemq-test-hivemq-platform] [hivemq-platform-operator] [7b38861f] 13:40:36.071 [pool-6-thread-6] DEBUG c.h.p.o.dependants.PodInfoConfigMap - [helmvolu] Desired PodInfo ConfigMap (1 extensions) (1 enabled)
2025-01-29 13:40:36,077 INFO c.h.h.t.HelmChartContainer - [hivemq-test-hivemq-platform] [hivemq-platform-operator] [7b38861f] 13:40:36.075 [pool-6-thread-2] DEBUG c.h.p.o.d.PodServiceAccountResource - [helmvolu] Desired PodServiceAccountResource (serviceAccountName: hivemq-platform-pod-test-hivemq-platform)
2025-01-29 13:40:36,080 INFO c.h.h.t.HelmChartContainer - [hivemq-test-hivemq-platform] [hivemq-platform-operator] [7b38861f] 13:40:36.075 [pool-6-thread-6] DEBUG c.h.p.o.dependants.PodInfoConfigMap - [helmvolu] Desired PodInfo ConfigMap (metrics port: 9399) (metrics path: /)
2025-01-29 13:40:36,080 INFO c.h.h.t.HelmChartContainer - [hivemq-test-hivemq-platform] [hivemq-platform-operator] [7b38861f] 13:40:36.077 [pool-6-thread-6] DEBUG c.h.p.o.dependants.PodInfoConfigMap - [helmvolu] Desired PodInfo ConfigMap (extension state hash: -1817474005)
2025-01-29 13:40:36,081 INFO c.h.h.t.HelmChartContainer - [hivemq-test-hivemq-platform] [hivemq-platform-operator] [7b38861f] 13:40:36.080 [pool-6-thread-6] DEBUG c.h.p.o.d.StatefulSetResource - [helmvolu] Desired StatefulSet (2 replicas) for status STARTING (READY)
2025-01-29 13:40:36,084 INFO c.h.h.t.HelmChartContainer - [hivemq-test-hivemq-platform] [hivemq-platform-operator] [7b38861f] 13:40:36.083 [ReconcilerExecutor-hivemq-controller-114] INFO  c.h.p.o.HiveMQPlatformReconciler - [helmvolu] Reconciling HiveMQ Platform 'test-hivemq-platform' in namespace 'helmvolumeclaimtemplatesit'
2025-01-29 13:40:36,085 INFO c.h.h.t.HelmChartContainer - [hivemq-test-hivemq-platform] [hivemq-platform-operator] [7b38861f] 13:40:36.084 [ReconcilerExecutor-hivemq-controller-114] DEBUG c.h.p.o.HiveMQPlatformReconciler - [helmvolu] Custom Resource Status STARTING - HiveMQ Platform is starting (READY)
2025-01-29 13:40:36,085 INFO c.h.h.t.HelmChartContainer - [hivemq-test-hivemq-platform] [hivemq-platform-operator] [7b38861f] 13:40:36.084 [ReconcilerExecutor-hivemq-controller-114] DEBUG c.h.p.o.HiveMQPlatformReconciler - [helmvolu] Custom Resource Spec (replicas: 2) (extensions: 1)
2025-01-29 13:40:36,087 INFO c.h.h.t.HelmChartContainer - [hivemq-test-hivemq-platform] [hivemq-platform-operator] [7b38861f] 13:40:36.086 [ReconcilerExecutor-hivemq-controller-114] DEBUG c.h.p.o.HiveMQPlatformReconciler - [helmvolu] StatefulSet Status (revision: test-hivemq-platform-6c7bb94cbd, replicas: 1, available: 0, ready: 0, current: 1, updated: 1)
2025-01-29 13:40:36,088 INFO c.h.h.t.HelmChartContainer - [hivemq-test-hivemq-platform] [hivemq-platform-operator] [7b38861f] 13:40:36.086 [ReconcilerExecutor-hivemq-controller-114] DEBUG c.h.p.o.HiveMQPlatformReconciler - [helmvolu] StatefulSet Spec (replicas: 2, init containers: 1, containers: 1, volumes: 4)
2025-01-29 13:40:36,160 INFO c.h.h.t.HelmChartContainer - [hivemq-test-hivemq-platform] [hivemq-platform-operator] [7b38861f] 13:40:36.159 [ReconcilerExecutor-hivemq-controller-114] DEBUG c.h.p.o.h.HiveMQPlatformReconcilerErrorHandler - [helmvolu] Pod 'test-hivemq-platform-0' phase Running
2025-01-29 13:40:36,162 INFO c.h.h.t.HelmChartContainer - [hivemq-test-hivemq-platform] [hivemq-platform-operator] [7b38861f] 13:40:36.160 [ReconcilerExecutor-hivemq-controller-114] INFO  c.h.p.o.h.HiveMQPlatformReconcilerBaseHandler - [helmvolu] HiveMQ Platform is starting, 0 of 2 replicas are ready
2025-01-29 13:40:36,426 INFO c.h.h.t.HelmChartContainer - [test-hivemq-platform] [hivemq] [99c34a2c] INFO  - [HiveMQ Platform Operator Init App 1.7.0-SNAPSHOT] Returning Health API response 503 for readiness
2025-01-29 13:40:36,430 INFO c.h.h.t.HelmChartContainer - [EVENT] Warning [Unhealthy] Readiness probe failed: HTTP probe failed with statuscode: 503 [helmvolumeclaimtemplatesit:test-hivemq-platform-0]
2025-01-29 13:40:36,430 INFO c.h.h.t.HelmChartContainer - Received Unhealthy event for container hivemq in pod test-hivemq-platform-0 [99c34a2c-b495-46b7-b7ca-fc9029b09f09]
2025-01-29 13:40:37,726 INFO c.h.h.t.HelmChartContainer - [test-hivemq-platform] [hivemq] [99c34a2c] INFO  - Dp4V6: no members discovered after 2195 ms: creating cluster as first member
2025-01-29 13:40:37,732 INFO c.h.h.t.HelmChartContainer - [test-hivemq-platform] [hivemq] [99c34a2c] INFO  - Cluster nodes found by discovery: [Dp4V6|0] (1) [Dp4V6].
2025-01-29 13:40:37,820 INFO c.h.h.t.HelmChartContainer - [test-hivemq-platform] [hivemq] [99c34a2c] WARN  - No user for HiveMQ Control Center configured. Starting with default user
2025-01-29 13:40:37,821 INFO c.h.h.t.HelmChartContainer - [test-hivemq-platform] [hivemq] [99c34a2c] INFO  - Starting HiveMQ Control Center on address 0.0.0.0 and port 8080
2025-01-29 13:40:37,824 INFO c.h.h.t.HelmChartContainer - [test-hivemq-platform] [hivemq] [99c34a2c] INFO  - Mounting HiveMQ Control Center V2 Preview
2025-01-29 13:40:38,431 INFO c.h.h.t.HelmChartContainer - [test-hivemq-platform] [hivemq] [99c34a2c] INFO  - Started HiveMQ Control Center in 680ms
2025-01-29 13:40:38,445 INFO c.h.h.t.HelmChartContainer - [test-hivemq-platform] [hivemq] [99c34a2c] INFO  - Starting TCP listener on address 0.0.0.0 and port 1883
2025-01-29 13:40:38,524 INFO c.h.h.t.HelmChartContainer - [test-hivemq-platform] [hivemq] [99c34a2c] INFO  - Started TCP Listener on address 0.0.0.0 and on port 1883.
2025-01-29 13:40:38,525 INFO c.h.h.t.HelmChartContainer - [test-hivemq-platform] [hivemq] [99c34a2c] INFO  - Started HiveMQ in 30804ms
2025-01-29 13:40:40,943 INFO c.h.h.t.HelmChartContainer - [test-hivemq-platform] [hivemq] [99c34a2c] INFO  - [HiveMQ Platform Operator Init App 1.7.0-SNAPSHOT] Returning Health API response 200 for readiness
2025-01-29 13:40:40,957 INFO c.h.h.t.HelmChartContainer - [POD] test-hivemq-platform-0 [99c34a2c-b495-46b7-b7ca-fc9029b09f09] in helmvolumeclaimtemplatesit was MODIFIED
2025-01-29 13:40:40,969 INFO c.h.h.t.HelmChartContainer - [hivemq-test-hivemq-platform] [hivemq-platform-operator] [7b38861f] 13:40:40.962 [pool-6-thread-11] DEBUG c.h.p.o.d.PlatformServiceResource - [helmvolu] Desired Platform services (3 services)
2025-01-29 13:40:40,969 INFO c.h.h.t.HelmChartContainer - [hivemq-test-hivemq-platform] [hivemq-platform-operator] [7b38861f] 13:40:40.965 [pool-6-thread-19] DEBUG c.h.p.o.d.PodServiceAccountResource - [helmvolu] Desired PodServiceAccountResource (serviceAccountName: hivemq-platform-pod-test-hivemq-platform)
2025-01-29 13:40:40,972 INFO c.h.h.t.HelmChartContainer - [hivemq-test-hivemq-platform] [hivemq-platform-operator] [7b38861f] 13:40:40.970 [pool-6-thread-14] DEBUG c.h.p.o.dependants.PodInfoConfigMap - [helmvolu] Desired PodInfo ConfigMap (1 extensions) (1 enabled)
2025-01-29 13:40:40,972 INFO c.h.h.t.HelmChartContainer - [hivemq-test-hivemq-platform] [hivemq-platform-operator] [7b38861f] 13:40:40.970 [pool-6-thread-14] DEBUG c.h.p.o.dependants.PodInfoConfigMap - [helmvolu] Desired PodInfo ConfigMap (metrics port: 9399) (metrics path: /)
2025-01-29 13:40:40,972 INFO c.h.h.t.HelmChartContainer - [hivemq-test-hivemq-platform] [hivemq-platform-operator] [7b38861f] 13:40:40.971 [pool-6-thread-14] DEBUG c.h.p.o.dependants.PodInfoConfigMap - [helmvolu] Desired PodInfo ConfigMap (extension state hash: -1817474005)
2025-01-29 13:40:40,976 INFO c.h.h.t.HelmChartContainer - [hivemq-test-hivemq-platform] [hivemq-platform-operator] [7b38861f] 13:40:40.974 [pool-6-thread-14] DEBUG c.h.p.o.d.StatefulSetResource - [helmvolu] Desired StatefulSet (2 replicas) for status STARTING (READY)
2025-01-29 13:40:40,982 INFO c.h.h.t.HelmChartContainer - [EVENT] Normal [SuccessfulCreate] create Claim hivemq-pvc-data-test-hivemq-platform-1 Pod test-hivemq-platform-1 in StatefulSet test-hivemq-platform success [helmvolumeclaimtemplatesit:test-hivemq-platform]
2025-01-29 13:40:40,985 INFO c.h.h.t.HelmChartContainer - [EVENT] Normal [WaitForFirstConsumer] waiting for first consumer to be created before binding [helmvolumeclaimtemplatesit:hivemq-pvc-data-test-hivemq-platform-1]
2025-01-29 13:40:40,986 INFO c.h.h.t.HelmChartContainer - [hivemq-test-hivemq-platform] [hivemq-platform-operator] [7b38861f] 13:40:40.982 [ReconcilerExecutor-hivemq-controller-115] INFO  c.h.p.o.HiveMQPlatformReconciler - [helmvolu] Reconciling HiveMQ Platform 'test-hivemq-platform' in namespace 'helmvolumeclaimtemplatesit'
2025-01-29 13:40:40,987 INFO c.h.h.t.HelmChartContainer - [hivemq-test-hivemq-platform] [hivemq-platform-operator] [7b38861f] 13:40:40.983 [ReconcilerExecutor-hivemq-controller-115] DEBUG c.h.p.o.HiveMQPlatformReconciler - [helmvolu] Custom Resource Status STARTING - HiveMQ Platform is starting (READY)
2025-01-29 13:40:40,987 INFO c.h.h.t.HelmChartContainer - [hivemq-test-hivemq-platform] [hivemq-platform-operator] [7b38861f] 13:40:40.983 [ReconcilerExecutor-hivemq-controller-115] DEBUG c.h.p.o.HiveMQPlatformReconciler - [helmvolu] Custom Resource Spec (replicas: 2) (extensions: 1)
2025-01-29 13:40:40,987 INFO c.h.h.t.HelmChartContainer - [hivemq-test-hivemq-platform] [hivemq-platform-operator] [7b38861f] 13:40:40.985 [ReconcilerExecutor-hivemq-controller-115] DEBUG c.h.p.o.HiveMQPlatformReconciler - [helmvolu] StatefulSet Status (revision: test-hivemq-platform-6c7bb94cbd, replicas: 1, available: 0, ready: 0, current: 1, updated: 1)
2025-01-29 13:40:40,989 INFO c.h.h.t.HelmChartContainer - [EVENT] Normal [SuccessfulCreate] create Pod test-hivemq-platform-1 in StatefulSet test-hivemq-platform successful [helmvolumeclaimtemplatesit:test-hivemq-platform]
2025-01-29 13:40:40,989 INFO c.h.h.t.HelmChartContainer - [POD] test-hivemq-platform-1 [1b3b4c7a-0329-45d7-a19e-e65445c5f794] in helmvolumeclaimtemplatesit was ADDED
2025-01-29 13:40:41,001 INFO c.h.h.t.HelmChartContainer - [EVENT] Normal [ExternalProvisioning] Waiting for a volume to be created either by the external provisioner 'rancher.io/local-path' or manually by the system administrator. If volume creation is delayed, please verify that the provisioner is running and correctly registered. [helmvolumeclaimtemplatesit:hivemq-pvc-data-test-hivemq-platform-1]
2025-01-29 13:40:41,007 INFO c.h.h.t.HelmChartContainer - [EVENT] Normal [ExternalProvisioning] Waiting for a volume to be created either by the external provisioner 'rancher.io/local-path' or manually by the system administrator. If volume creation is delayed, please verify that the provisioner is running and correctly registered. [helmvolumeclaimtemplatesit:hivemq-pvc-data-test-hivemq-platform-1]
2025-01-29 13:40:41,008 INFO c.h.h.t.HelmChartContainer - [EVENT] Normal [Provisioning] External provisioner is provisioning volume for claim "helmvolumeclaimtemplatesit/hivemq-pvc-data-test-hivemq-platform-1" [helmvolumeclaimtemplatesit:hivemq-pvc-data-test-hivemq-platform-1]
2025-01-29 13:40:41,041 INFO c.h.h.t.HelmChartContainer - [hivemq-test-hivemq-platform] [hivemq-platform-operator] [7b38861f] 13:40:40.985 [ReconcilerExecutor-hivemq-controller-115] DEBUG c.h.p.o.HiveMQPlatformReconciler - [helmvolu] StatefulSet Spec (replicas: 2, init containers: 1, containers: 1, volumes: 4)
2025-01-29 13:40:41,061 INFO c.h.h.t.HelmChartContainer - [hivemq-test-hivemq-platform] [hivemq-platform-operator] [7b38861f] 13:40:41.041 [ReconcilerExecutor-hivemq-controller-115] DEBUG c.h.p.o.h.HiveMQPlatformReconcilerErrorHandler - [helmvolu] Pod 'test-hivemq-platform-0' phase Running
2025-01-29 13:40:41,062 INFO c.h.h.t.HelmChartContainer - [hivemq-test-hivemq-platform] [hivemq-platform-operator] [7b38861f] 13:40:41.058 [ReconcilerExecutor-hivemq-controller-115] INFO  c.h.p.o.h.HiveMQPlatformReconcilerBaseHandler - [helmvolu] HiveMQ Platform is starting, 0 of 2 replicas are ready
2025-01-29 13:40:41,063 INFO c.h.h.t.HelmChartContainer - [hivemq-test-hivemq-platform] [hivemq-platform-operator] [7b38861f] 13:40:41.062 [pool-6-thread-21] DEBUG c.h.p.o.d.PlatformServiceResource - [helmvolu] Desired Platform services (3 services)
2025-01-29 13:40:41,065 INFO c.h.h.t.HelmChartContainer - [hivemq-test-hivemq-platform] [hivemq-platform-operator] [7b38861f] 13:40:41.064 [pool-6-thread-23] DEBUG c.h.p.o.dependants.PodInfoConfigMap - [helmvolu] Desired PodInfo ConfigMap (1 extensions) (1 enabled)
2025-01-29 13:40:41,065 INFO c.h.h.t.HelmChartContainer - [hivemq-test-hivemq-platform] [hivemq-platform-operator] [7b38861f] 13:40:41.064 [pool-6-thread-23] DEBUG c.h.p.o.dependants.PodInfoConfigMap - [helmvolu] Desired PodInfo ConfigMap (metrics port: 9399) (metrics path: /)
2025-01-29 13:40:41,069 INFO c.h.h.t.HelmChartContainer - [hivemq-test-hivemq-platform] [hivemq-platform-operator] [7b38861f] 13:40:41.064 [pool-6-thread-23] DEBUG c.h.p.o.dependants.PodInfoConfigMap - [helmvolu] Desired PodInfo ConfigMap (extension state hash: -1817474005)
2025-01-29 13:40:41,069 INFO c.h.h.t.HelmChartContainer - [hivemq-test-hivemq-platform] [hivemq-platform-operator] [7b38861f] 13:40:41.066 [pool-6-thread-23] DEBUG c.h.p.o.d.PodServiceAccountResource - [helmvolu] Desired PodServiceAccountResource (serviceAccountName: hivemq-platform-pod-test-hivemq-platform)
2025-01-29 13:40:41,076 INFO c.h.h.t.HelmChartContainer - [POD] helper-pod-create-pvc-ae4e1a82-0bc4-4931-8940-d3d75c820b11 [9d807047-cc25-4eb7-8e0e-23ae38147edf] in kube-system was ADDED
2025-01-29 13:40:41,082 INFO c.h.h.t.HelmChartContainer - [POD] helper-pod-create-pvc-ae4e1a82-0bc4-4931-8940-d3d75c820b11 [9d807047-cc25-4eb7-8e0e-23ae38147edf] in kube-system was MODIFIED
2025-01-29 13:40:41,141 INFO c.h.h.t.HelmChartContainer - [hivemq-test-hivemq-platform] [hivemq-platform-operator] [7b38861f] 13:40:41.139 [pool-6-thread-21] DEBUG c.h.p.o.d.StatefulSetResource - [helmvolu] Desired StatefulSet (2 replicas) for status STARTING (READY)
2025-01-29 13:40:41,161 INFO c.h.h.t.HelmChartContainer - [hivemq-test-hivemq-platform] [hivemq-platform-operator] [7b38861f] 13:40:41.160 [ReconcilerExecutor-hivemq-controller-116] INFO  c.h.p.o.HiveMQPlatformReconciler - [helmvolu] Reconciling HiveMQ Platform 'test-hivemq-platform' in namespace 'helmvolumeclaimtemplatesit'
2025-01-29 13:40:41,161 INFO c.h.h.t.HelmChartContainer - [hivemq-test-hivemq-platform] [hivemq-platform-operator] [7b38861f] 13:40:41.160 [ReconcilerExecutor-hivemq-controller-116] DEBUG c.h.p.o.HiveMQPlatformReconciler - [helmvolu] Custom Resource Status STARTING - HiveMQ Platform is starting (READY)
2025-01-29 13:40:41,161 INFO c.h.h.t.HelmChartContainer - [hivemq-test-hivemq-platform] [hivemq-platform-operator] [7b38861f] 13:40:41.160 [ReconcilerExecutor-hivemq-controller-116] DEBUG c.h.p.o.HiveMQPlatformReconciler - [helmvolu] Custom Resource Spec (replicas: 2) (extensions: 1)
2025-01-29 13:40:41,162 INFO c.h.h.t.HelmChartContainer - [hivemq-test-hivemq-platform] [hivemq-platform-operator] [7b38861f] 13:40:41.162 [ReconcilerExecutor-hivemq-controller-116] DEBUG c.h.p.o.HiveMQPlatformReconciler - [helmvolu] StatefulSet Status (revision: test-hivemq-platform-6c7bb94cbd, replicas: 2, available: 1, ready: 1, current: 2, updated: 2)
2025-01-29 13:40:41,163 INFO c.h.h.t.HelmChartContainer - [hivemq-test-hivemq-platform] [hivemq-platform-operator] [7b38861f] 13:40:41.162 [ReconcilerExecutor-hivemq-controller-116] DEBUG c.h.p.o.HiveMQPlatformReconciler - [helmvolu] StatefulSet Spec (replicas: 2, init containers: 1, containers: 1, volumes: 4)
2025-01-29 13:40:41,164 INFO c.h.h.t.HelmChartContainer - [hivemq-test-hivemq-platform] [hivemq-platform-operator] [7b38861f] 13:40:41.163 [ReconcilerExecutor-hivemq-controller-116] DEBUG c.h.p.o.h.HiveMQPlatformReconcilerErrorHandler - [helmvolu] Pod 'test-hivemq-platform-1' phase Pending
2025-01-29 13:40:41,166 INFO c.h.h.t.HelmChartContainer - [hivemq-test-hivemq-platform] [hivemq-platform-operator] [7b38861f] 13:40:41.165 [ReconcilerExecutor-hivemq-controller-116] DEBUG c.h.p.o.h.HiveMQPlatformReconcilerErrorHandler - [helmvolu] Pod 'test-hivemq-platform-0' phase Running
2025-01-29 13:40:41,167 INFO c.h.h.t.HelmChartContainer - [hivemq-test-hivemq-platform] [hivemq-platform-operator] [7b38861f] 13:40:41.166 [ReconcilerExecutor-hivemq-controller-116] INFO  c.h.p.o.h.HiveMQPlatformReconcilerBaseHandler - [helmvolu] HiveMQ Platform is starting, 1 of 2 replicas are ready
2025-01-29 13:40:41,171 INFO c.h.h.t.HelmChartContainer - [hivemq-test-hivemq-platform] [hivemq-platform-operator] [7b38861f] 13:40:41.169 [pool-6-thread-35] DEBUG c.h.p.o.d.PlatformServiceResource - [helmvolu] Desired Platform services (3 services)
2025-01-29 13:40:41,172 INFO c.h.h.t.HelmChartContainer - [hivemq-test-hivemq-platform] [hivemq-platform-operator] [7b38861f] 13:40:41.170 [pool-6-thread-34] DEBUG c.h.p.o.dependants.PodInfoConfigMap - [helmvolu] Desired PodInfo ConfigMap (1 extensions) (1 enabled)
2025-01-29 13:40:41,172 INFO c.h.h.t.HelmChartContainer - [hivemq-test-hivemq-platform] [hivemq-platform-operator] [7b38861f] 13:40:41.170 [pool-6-thread-34] DEBUG c.h.p.o.dependants.PodInfoConfigMap - [helmvolu] Desired PodInfo ConfigMap (metrics port: 9399) (metrics path: /)
2025-01-29 13:40:41,172 INFO c.h.h.t.HelmChartContainer - [hivemq-test-hivemq-platform] [hivemq-platform-operator] [7b38861f] 13:40:41.170 [pool-6-thread-34] DEBUG c.h.p.o.dependants.PodInfoConfigMap - [helmvolu] Desired PodInfo ConfigMap (extension state hash: -1817474005)
2025-01-29 13:40:41,172 INFO c.h.h.t.HelmChartContainer - [hivemq-test-hivemq-platform] [hivemq-platform-operator] [7b38861f] 13:40:41.171 [pool-6-thread-32] DEBUG c.h.p.o.d.PodServiceAccountResource - [helmvolu] Desired PodServiceAccountResource (serviceAccountName: hivemq-platform-pod-test-hivemq-platform)
2025-01-29 13:40:41,230 INFO c.h.h.t.HelmChartContainer - [K3S] [reconciler_common.go:251] "operationExecutor.VerifyControllerAttachedVolume started for volume \"data\" (UniqueName: \"kubernetes.io/host-path/9d807047-cc25-4eb7-8e0e-23ae38147edf-data\") pod \"helper-pod-create-pvc-ae4e1a82-0bc4-4931-8940-d3d75c820b11\" (UID: \"9d807047-cc25-4eb7-8e0e-23ae38147edf\") " pod="kube-system/helper-pod-create-pvc-ae4e1a82-0bc4-4931-8940-d3d75c820b11"
2025-01-29 13:40:41,230 INFO c.h.h.t.HelmChartContainer - [K3S] [reconciler_common.go:251] "operationExecutor.VerifyControllerAttachedVolume started for volume \"kube-api-access-jnhtc\" (UniqueName: \"kubernetes.io/projected/9d807047-cc25-4eb7-8e0e-23ae38147edf-kube-api-access-jnhtc\") pod \"helper-pod-create-pvc-ae4e1a82-0bc4-4931-8940-d3d75c820b11\" (UID: \"9d807047-cc25-4eb7-8e0e-23ae38147edf\") " pod="kube-system/helper-pod-create-pvc-ae4e1a82-0bc4-4931-8940-d3d75c820b11"
2025-01-29 13:40:41,230 INFO c.h.h.t.HelmChartContainer - [K3S] [reconciler_common.go:251] "operationExecutor.VerifyControllerAttachedVolume started for volume \"script\" (UniqueName: \"kubernetes.io/configmap/9d807047-cc25-4eb7-8e0e-23ae38147edf-script\") pod \"helper-pod-create-pvc-ae4e1a82-0bc4-4931-8940-d3d75c820b11\" (UID: \"9d807047-cc25-4eb7-8e0e-23ae38147edf\") " pod="kube-system/helper-pod-create-pvc-ae4e1a82-0bc4-4931-8940-d3d75c820b11"
2025-01-29 13:40:41,260 INFO c.h.h.t.HelmChartContainer - [hivemq-test-hivemq-platform] [hivemq-platform-operator] [7b38861f] 13:40:41.259 [pool-6-thread-34] DEBUG c.h.p.o.d.StatefulSetResource - [helmvolu] Desired StatefulSet (2 replicas) for status STARTING (READY)
2025-01-29 13:40:41,263 INFO c.h.h.t.HelmChartContainer - [hivemq-test-hivemq-platform] [hivemq-platform-operator] [7b38861f] 13:40:41.262 [ReconcilerExecutor-hivemq-controller-117] INFO  c.h.p.o.HiveMQPlatformReconciler - [helmvolu] Reconciling HiveMQ Platform 'test-hivemq-platform' in namespace 'helmvolumeclaimtemplatesit'
2025-01-29 13:40:41,263 INFO c.h.h.t.HelmChartContainer - [hivemq-test-hivemq-platform] [hivemq-platform-operator] [7b38861f] 13:40:41.262 [ReconcilerExecutor-hivemq-controller-117] DEBUG c.h.p.o.HiveMQPlatformReconciler - [helmvolu] Custom Resource Status STARTING - HiveMQ Platform is starting (READY)
2025-01-29 13:40:41,263 INFO c.h.h.t.HelmChartContainer - [hivemq-test-hivemq-platform] [hivemq-platform-operator] [7b38861f] 13:40:41.262 [ReconcilerExecutor-hivemq-controller-117] DEBUG c.h.p.o.HiveMQPlatformReconciler - [helmvolu] Custom Resource Spec (replicas: 2) (extensions: 1)
2025-01-29 13:40:41,267 INFO c.h.h.t.HelmChartContainer - [hivemq-test-hivemq-platform] [hivemq-platform-operator] [7b38861f] 13:40:41.266 [ReconcilerExecutor-hivemq-controller-117] DEBUG c.h.p.o.HiveMQPlatformReconciler - [helmvolu] StatefulSet Status (revision: test-hivemq-platform-6c7bb94cbd, replicas: 2, available: 1, ready: 1, current: 2, updated: 2)
2025-01-29 13:40:41,267 INFO c.h.h.t.HelmChartContainer - [hivemq-test-hivemq-platform] [hivemq-platform-operator] [7b38861f] 13:40:41.266 [ReconcilerExecutor-hivemq-controller-117] DEBUG c.h.p.o.HiveMQPlatformReconciler - [helmvolu] StatefulSet Spec (replicas: 2, init containers: 1, containers: 1, volumes: 4)
2025-01-29 13:40:41,268 INFO c.h.h.t.HelmChartContainer - [hivemq-test-hivemq-platform] [hivemq-platform-operator] [7b38861f] 13:40:41.267 [ReconcilerExecutor-hivemq-controller-117] DEBUG c.h.p.o.h.HiveMQPlatformReconcilerErrorHandler - [helmvolu] Pod 'test-hivemq-platform-1' phase Pending
2025-01-29 13:40:41,269 INFO c.h.h.t.HelmChartContainer - [hivemq-test-hivemq-platform] [hivemq-platform-operator] [7b38861f] 13:40:41.268 [ReconcilerExecutor-hivemq-controller-117] DEBUG c.h.p.o.h.HiveMQPlatformReconcilerErrorHandler - [helmvolu] Pod 'test-hivemq-platform-0' phase Running
2025-01-29 13:40:41,270 INFO c.h.h.t.HelmChartContainer - [hivemq-test-hivemq-platform] [hivemq-platform-operator] [7b38861f] 13:40:41.269 [ReconcilerExecutor-hivemq-controller-117] INFO  c.h.p.o.h.HiveMQPlatformReconcilerBaseHandler - [helmvolu] HiveMQ Platform is starting, 1 of 2 replicas are ready
2025-01-29 13:40:42,499 INFO c.h.h.t.HelmChartContainer - [POD] helper-pod-create-pvc-ae4e1a82-0bc4-4931-8940-d3d75c820b11 [9d807047-cc25-4eb7-8e0e-23ae38147edf] in kube-system was MODIFIED
2025-01-29 13:40:43,559 INFO c.h.h.t.HelmChartContainer - [POD] helper-pod-create-pvc-ae4e1a82-0bc4-4931-8940-d3d75c820b11 [9d807047-cc25-4eb7-8e0e-23ae38147edf] in kube-system was MODIFIED
2025-01-29 13:40:43,645 INFO c.h.h.t.HelmChartContainer - [K3S] [reconciler_common.go:162] "operationExecutor.UnmountVolume started for volume \"kube-api-access-jnhtc\" (UniqueName: \"kubernetes.io/projected/9d807047-cc25-4eb7-8e0e-23ae38147edf-kube-api-access-jnhtc\") pod \"9d807047-cc25-4eb7-8e0e-23ae38147edf\" (UID: \"9d807047-cc25-4eb7-8e0e-23ae38147edf\") "
2025-01-29 13:40:43,645 INFO c.h.h.t.HelmChartContainer - [K3S] [reconciler_common.go:162] "operationExecutor.UnmountVolume started for volume \"script\" (UniqueName: \"kubernetes.io/configmap/9d807047-cc25-4eb7-8e0e-23ae38147edf-script\") pod \"9d807047-cc25-4eb7-8e0e-23ae38147edf\" (UID: \"9d807047-cc25-4eb7-8e0e-23ae38147edf\") "
2025-01-29 13:40:43,645 INFO c.h.h.t.HelmChartContainer - [K3S] [reconciler_common.go:162] "operationExecutor.UnmountVolume started for volume \"data\" (UniqueName: \"kubernetes.io/host-path/9d807047-cc25-4eb7-8e0e-23ae38147edf-data\") pod \"9d807047-cc25-4eb7-8e0e-23ae38147edf\" (UID: \"9d807047-cc25-4eb7-8e0e-23ae38147edf\") "
2025-01-29 13:40:43,745 INFO c.h.h.t.HelmChartContainer - [K3S] [reconciler_common.go:299] "Volume detached for volume \"script\" (UniqueName: \"kubernetes.io/configmap/9d807047-cc25-4eb7-8e0e-23ae38147edf-script\") on node \"b5478828a543\" DevicePath \"\""
2025-01-29 13:40:43,745 INFO c.h.h.t.HelmChartContainer - [K3S] [reconciler_common.go:299] "Volume detached for volume \"kube-api-access-jnhtc\" (UniqueName: \"kubernetes.io/projected/9d807047-cc25-4eb7-8e0e-23ae38147edf-kube-api-access-jnhtc\") on node \"b5478828a543\" DevicePath \"\""
2025-01-29 13:40:43,745 INFO c.h.h.t.HelmChartContainer - [K3S] [reconciler_common.go:299] "Volume detached for volume \"data\" (UniqueName: \"kubernetes.io/host-path/9d807047-cc25-4eb7-8e0e-23ae38147edf-data\") on node \"b5478828a543\" DevicePath \"\""
2025-01-29 13:40:44,094 INFO c.h.h.t.HelmChartContainer - [POD] helper-pod-create-pvc-ae4e1a82-0bc4-4931-8940-d3d75c820b11 [9d807047-cc25-4eb7-8e0e-23ae38147edf] in kube-system was MODIFIED
2025-01-29 13:40:44,102 INFO c.h.h.t.HelmChartContainer - [POD] helper-pod-create-pvc-ae4e1a82-0bc4-4931-8940-d3d75c820b11 [9d807047-cc25-4eb7-8e0e-23ae38147edf] in kube-system was DELETED
2025-01-29 13:40:44,110 INFO c.h.h.t.HelmChartContainer - [EVENT] Normal [ProvisioningSucceeded] Successfully provisioned volume pvc-ae4e1a82-0bc4-4931-8940-d3d75c820b11 [helmvolumeclaimtemplatesit:hivemq-pvc-data-test-hivemq-platform-1]
2025-01-29 13:40:44,494 INFO c.h.h.t.HelmChartContainer - [K3S] [pod_container_deletor.go:80] "Container not found in pod's containers" containerID="e91fe1c4d606736dfd718e2613d3e5257b4eaf3e341d7f38cef3804f47200122"
2025-01-29 13:40:44,500 INFO c.h.h.t.HelmChartContainer - [K3S] [status_manager.go:890] "Failed to get status for pod" podUID="9d807047-cc25-4eb7-8e0e-23ae38147edf" pod="kube-system/helper-pod-create-pvc-ae4e1a82-0bc4-4931-8940-d3d75c820b11" err="pods \"helper-pod-create-pvc-ae4e1a82-0bc4-4931-8940-d3d75c820b11\" is forbidden: User \"system:node:b5478828a543\" cannot get resource \"pods\" in API group \"\" in the namespace \"kube-system\": no relationship found between node 'b5478828a543' and this object"
2025-01-29 13:40:44,999 INFO c.h.h.t.HelmChartContainer - [K3S] [memory_manager.go:355] "RemoveStaleState removing state" podUID="9d807047-cc25-4eb7-8e0e-23ae38147edf" containerName="helper-pod"
2025-01-29 13:40:45,000 INFO c.h.h.t.HelmChartContainer - [K3S] [status_manager.go:890] "Failed to get status for pod" podUID="9d807047-cc25-4eb7-8e0e-23ae38147edf" pod="kube-system/helper-pod-create-pvc-ae4e1a82-0bc4-4931-8940-d3d75c820b11" err="pods \"helper-pod-create-pvc-ae4e1a82-0bc4-4931-8940-d3d75c820b11\" is forbidden: User \"system:node:b5478828a543\" cannot get resource \"pods\" in API group \"\" in the namespace \"kube-system\": no relationship found between node 'b5478828a543' and this object"
2025-01-29 13:40:45,002 INFO c.h.h.t.HelmChartContainer - [EVENT] Normal [Scheduled] Successfully assigned helmvolumeclaimtemplatesit/test-hivemq-platform-1 to b5478828a543 [helmvolumeclaimtemplatesit:test-hivemq-platform-1]
2025-01-29 13:40:45,002 INFO c.h.h.t.HelmChartContainer - [POD] test-hivemq-platform-1 [1b3b4c7a-0329-45d7-a19e-e65445c5f794] in helmvolumeclaimtemplatesit was MODIFIED
2025-01-29 13:40:45,016 INFO c.h.h.t.HelmChartContainer - [POD] test-hivemq-platform-1 [1b3b4c7a-0329-45d7-a19e-e65445c5f794] in helmvolumeclaimtemplatesit was MODIFIED
2025-01-29 13:40:45,021 INFO c.h.h.t.HelmChartContainer - [hivemq-test-hivemq-platform] [hivemq-platform-operator] [7b38861f] 13:40:45.012 [pool-6-thread-43] DEBUG c.h.p.o.d.PlatformServiceResource - [helmvolu] Desired Platform services (3 services)
2025-01-29 13:40:45,022 INFO c.h.h.t.HelmChartContainer - [hivemq-test-hivemq-platform] [hivemq-platform-operator] [7b38861f] 13:40:45.018 [pool-6-thread-46] DEBUG c.h.p.o.d.PodServiceAccountResource - [helmvolu] Desired PodServiceAccountResource (serviceAccountName: hivemq-platform-pod-test-hivemq-platform)
2025-01-29 13:40:45,022 INFO c.h.h.t.HelmChartContainer - [hivemq-test-hivemq-platform] [hivemq-platform-operator] [7b38861f] 13:40:45.018 [pool-6-thread-48] DEBUG c.h.p.o.dependants.PodInfoConfigMap - [helmvolu] Desired PodInfo ConfigMap (1 extensions) (1 enabled)
2025-01-29 13:40:45,023 INFO c.h.h.t.HelmChartContainer - [hivemq-test-hivemq-platform] [hivemq-platform-operator] [7b38861f] 13:40:45.021 [pool-6-thread-48] DEBUG c.h.p.o.dependants.PodInfoConfigMap - [helmvolu] Desired PodInfo ConfigMap (metrics port: 9399) (metrics path: /)
2025-01-29 13:40:45,023 INFO c.h.h.t.HelmChartContainer - [hivemq-test-hivemq-platform] [hivemq-platform-operator] [7b38861f] 13:40:45.021 [pool-6-thread-48] DEBUG c.h.p.o.dependants.PodInfoConfigMap - [helmvolu] Desired PodInfo ConfigMap (extension state hash: -1817474005)
2025-01-29 13:40:45,061 INFO c.h.h.t.HelmChartContainer - [hivemq-test-hivemq-platform] [hivemq-platform-operator] [7b38861f] 13:40:45.060 [pool-6-thread-46] DEBUG c.h.p.o.d.StatefulSetResource - [helmvolu] Desired StatefulSet (2 replicas) for status STARTING (READY)
2025-01-29 13:40:45,065 INFO c.h.h.t.HelmChartContainer - [hivemq-test-hivemq-platform] [hivemq-platform-operator] [7b38861f] 13:40:45.064 [ReconcilerExecutor-hivemq-controller-118] INFO  c.h.p.o.HiveMQPlatformReconciler - [helmvolu] Reconciling HiveMQ Platform 'test-hivemq-platform' in namespace 'helmvolumeclaimtemplatesit'
2025-01-29 13:40:45,066 INFO c.h.h.t.HelmChartContainer - [hivemq-test-hivemq-platform] [hivemq-platform-operator] [7b38861f] 13:40:45.064 [ReconcilerExecutor-hivemq-controller-118] DEBUG c.h.p.o.HiveMQPlatformReconciler - [helmvolu] Custom Resource Status STARTING - HiveMQ Platform is starting (READY)
2025-01-29 13:40:45,066 INFO c.h.h.t.HelmChartContainer - [hivemq-test-hivemq-platform] [hivemq-platform-operator] [7b38861f] 13:40:45.064 [ReconcilerExecutor-hivemq-controller-118] DEBUG c.h.p.o.HiveMQPlatformReconciler - [helmvolu] Custom Resource Spec (replicas: 2) (extensions: 1)
2025-01-29 13:40:45,066 INFO c.h.h.t.HelmChartContainer - [hivemq-test-hivemq-platform] [hivemq-platform-operator] [7b38861f] 13:40:45.065 [ReconcilerExecutor-hivemq-controller-118] DEBUG c.h.p.o.HiveMQPlatformReconciler - [helmvolu] StatefulSet Status (revision: test-hivemq-platform-6c7bb94cbd, replicas: 2, available: 1, ready: 1, current: 2, updated: 2)
2025-01-29 13:40:45,066 INFO c.h.h.t.HelmChartContainer - [hivemq-test-hivemq-platform] [hivemq-platform-operator] [7b38861f] 13:40:45.065 [ReconcilerExecutor-hivemq-controller-118] DEBUG c.h.p.o.HiveMQPlatformReconciler - [helmvolu] StatefulSet Spec (replicas: 2, init containers: 1, containers: 1, volumes: 4)
2025-01-29 13:40:45,070 INFO c.h.h.t.HelmChartContainer - [hivemq-test-hivemq-platform] [hivemq-platform-operator] [7b38861f] 13:40:45.070 [ReconcilerExecutor-hivemq-controller-118] DEBUG c.h.p.o.h.HiveMQPlatformReconcilerErrorHandler - [helmvolu] Pod 'test-hivemq-platform-1' phase Pending
2025-01-29 13:40:45,072 INFO c.h.h.t.HelmChartContainer - [hivemq-test-hivemq-platform] [hivemq-platform-operator] [7b38861f] 13:40:45.070 [ReconcilerExecutor-hivemq-controller-118] DEBUG c.h.p.o.h.HiveMQPlatformReconcilerErrorHandler - [helmvolu] Pod 'test-hivemq-platform-1' condition 'PodReadyToStartContainers': False
2025-01-29 13:40:45,072 INFO c.h.h.t.HelmChartContainer - [hivemq-test-hivemq-platform] [hivemq-platform-operator] [7b38861f] 13:40:45.070 [ReconcilerExecutor-hivemq-controller-118] DEBUG c.h.p.o.h.HiveMQPlatformReconcilerErrorHandler - [helmvolu] Pod 'test-hivemq-platform-1' condition 'Initialized': False
2025-01-29 13:40:45,072 INFO c.h.h.t.HelmChartContainer - [hivemq-test-hivemq-platform] [hivemq-platform-operator] [7b38861f] 13:40:45.070 [ReconcilerExecutor-hivemq-controller-118] DEBUG c.h.p.o.h.HiveMQPlatformReconcilerErrorHandler - [helmvolu] Pod 'test-hivemq-platform-1' condition 'Ready': False
2025-01-29 13:40:45,072 INFO c.h.h.t.HelmChartContainer - [hivemq-test-hivemq-platform] [hivemq-platform-operator] [7b38861f] 13:40:45.070 [ReconcilerExecutor-hivemq-controller-118] DEBUG c.h.p.o.h.HiveMQPlatformReconcilerErrorHandler - [helmvolu] Pod 'test-hivemq-platform-1' condition 'ContainersReady': False
2025-01-29 13:40:45,072 INFO c.h.h.t.HelmChartContainer - [hivemq-test-hivemq-platform] [hivemq-platform-operator] [7b38861f] 13:40:45.070 [ReconcilerExecutor-hivemq-controller-118] DEBUG c.h.p.o.h.HiveMQPlatformReconcilerErrorHandler - [helmvolu] Pod 'test-hivemq-platform-1' condition 'PodScheduled': True
2025-01-29 13:40:45,072 INFO c.h.h.t.HelmChartContainer - [hivemq-test-hivemq-platform] [hivemq-platform-operator] [7b38861f] 13:40:45.070 [ReconcilerExecutor-hivemq-controller-118] DEBUG c.h.p.o.h.HiveMQPlatformReconcilerErrorHandler - [helmvolu] Pod 'test-hivemq-platform-1' containerStatus 'hivemq' (started: false) (ready: false) (waiting: [PodInitializing] null)
2025-01-29 13:40:45,074 INFO c.h.h.t.HelmChartContainer - [hivemq-test-hivemq-platform] [hivemq-platform-operator] [7b38861f] 13:40:45.072 [ReconcilerExecutor-hivemq-controller-118] DEBUG c.h.p.o.h.HiveMQPlatformReconcilerErrorHandler - [helmvolu] Pod 'test-hivemq-platform-0' phase Running
2025-01-29 13:40:45,075 INFO c.h.h.t.HelmChartContainer - [hivemq-test-hivemq-platform] [hivemq-platform-operator] [7b38861f] 13:40:45.073 [ReconcilerExecutor-hivemq-controller-118] INFO  c.h.p.o.h.HiveMQPlatformReconcilerBaseHandler - [helmvolu] HiveMQ Platform is starting, 1 of 2 replicas are ready
2025-01-29 13:40:45,153 INFO c.h.h.t.HelmChartContainer - [K3S] [reconciler_common.go:251] "operationExecutor.VerifyControllerAttachedVolume started for volume \"pod-info\" (UniqueName: \"kubernetes.io/configmap/1b3b4c7a-0329-45d7-a19e-e65445c5f794-pod-info\") pod \"test-hivemq-platform-1\" (UID: \"1b3b4c7a-0329-45d7-a19e-e65445c5f794\") " pod="helmvolumeclaimtemplatesit/test-hivemq-platform-1"
2025-01-29 13:40:45,153 INFO c.h.h.t.HelmChartContainer - [K3S] [reconciler_common.go:251] "operationExecutor.VerifyControllerAttachedVolume started for volume \"kube-api-access-t94dz\" (UniqueName: \"kubernetes.io/projected/1b3b4c7a-0329-45d7-a19e-e65445c5f794-kube-api-access-t94dz\") pod \"test-hivemq-platform-1\" (UID: \"1b3b4c7a-0329-45d7-a19e-e65445c5f794\") " pod="helmvolumeclaimtemplatesit/test-hivemq-platform-1"
2025-01-29 13:40:45,153 INFO c.h.h.t.HelmChartContainer - [K3S] [reconciler_common.go:251] "operationExecutor.VerifyControllerAttachedVolume started for volume \"broker-configuration\" (UniqueName: \"kubernetes.io/configmap/1b3b4c7a-0329-45d7-a19e-e65445c5f794-broker-configuration\") pod \"test-hivemq-platform-1\" (UID: \"1b3b4c7a-0329-45d7-a19e-e65445c5f794\") " pod="helmvolumeclaimtemplatesit/test-hivemq-platform-1"
2025-01-29 13:40:45,153 INFO c.h.h.t.HelmChartContainer - [K3S] [reconciler_common.go:251] "operationExecutor.VerifyControllerAttachedVolume started for volume \"pvc-ae4e1a82-0bc4-4931-8940-d3d75c820b11\" (UniqueName: \"kubernetes.io/local-volume/pvc-ae4e1a82-0bc4-4931-8940-d3d75c820b11\") pod \"test-hivemq-platform-1\" (UID: \"1b3b4c7a-0329-45d7-a19e-e65445c5f794\") " pod="helmvolumeclaimtemplatesit/test-hivemq-platform-1"
2025-01-29 13:40:45,153 INFO c.h.h.t.HelmChartContainer - [K3S] [reconciler_common.go:251] "operationExecutor.VerifyControllerAttachedVolume started for volume \"operator-init\" (UniqueName: \"kubernetes.io/empty-dir/1b3b4c7a-0329-45d7-a19e-e65445c5f794-operator-init\") pod \"test-hivemq-platform-1\" (UID: \"1b3b4c7a-0329-45d7-a19e-e65445c5f794\") " pod="helmvolumeclaimtemplatesit/test-hivemq-platform-1"
2025-01-29 13:40:45,161 INFO c.h.h.t.HelmChartContainer - [hivemq-test-hivemq-platform] [hivemq-platform-operator] [7b38861f] 13:40:45.158 [pool-6-thread-7] DEBUG c.h.p.o.d.PlatformServiceResource - [helmvolu] Desired Platform services (3 services)
2025-01-29 13:40:45,163 INFO c.h.h.t.HelmChartContainer - [hivemq-test-hivemq-platform] [hivemq-platform-operator] [7b38861f] 13:40:45.161 [pool-6-thread-9] DEBUG c.h.p.o.d.PodServiceAccountResource - [helmvolu] Desired PodServiceAccountResource (serviceAccountName: hivemq-platform-pod-test-hivemq-platform)
2025-01-29 13:40:45,165 INFO c.h.h.t.HelmChartContainer - [hivemq-test-hivemq-platform] [hivemq-platform-operator] [7b38861f] 13:40:45.164 [pool-6-thread-10] DEBUG c.h.p.o.dependants.PodInfoConfigMap - [helmvolu] Desired PodInfo ConfigMap (1 extensions) (1 enabled)
2025-01-29 13:40:45,165 INFO c.h.h.t.HelmChartContainer - [hivemq-test-hivemq-platform] [hivemq-platform-operator] [7b38861f] 13:40:45.164 [pool-6-thread-10] DEBUG c.h.p.o.dependants.PodInfoConfigMap - [helmvolu] Desired PodInfo ConfigMap (metrics port: 9399) (metrics path: /)
2025-01-29 13:40:45,165 INFO c.h.h.t.HelmChartContainer - [hivemq-test-hivemq-platform] [hivemq-platform-operator] [7b38861f] 13:40:45.164 [pool-6-thread-10] DEBUG c.h.p.o.dependants.PodInfoConfigMap - [helmvolu] Desired PodInfo ConfigMap (extension state hash: -1817474005)
2025-01-29 13:40:45,168 INFO c.h.h.t.HelmChartContainer - [hivemq-test-hivemq-platform] [hivemq-platform-operator] [7b38861f] 13:40:45.167 [pool-6-thread-10] DEBUG c.h.p.o.d.StatefulSetResource - [helmvolu] Desired StatefulSet (2 replicas) for status STARTING (READY)
2025-01-29 13:40:45,172 INFO c.h.h.t.HelmChartContainer - [hivemq-test-hivemq-platform] [hivemq-platform-operator] [7b38861f] 13:40:45.171 [ReconcilerExecutor-hivemq-controller-119] INFO  c.h.p.o.HiveMQPlatformReconciler - [helmvolu] Reconciling HiveMQ Platform 'test-hivemq-platform' in namespace 'helmvolumeclaimtemplatesit'
2025-01-29 13:40:45,173 INFO c.h.h.t.HelmChartContainer - [hivemq-test-hivemq-platform] [hivemq-platform-operator] [7b38861f] 13:40:45.171 [ReconcilerExecutor-hivemq-controller-119] DEBUG c.h.p.o.HiveMQPlatformReconciler - [helmvolu] Custom Resource Status STARTING - HiveMQ Platform is starting (READY)
2025-01-29 13:40:45,173 INFO c.h.h.t.HelmChartContainer - [hivemq-test-hivemq-platform] [hivemq-platform-operator] [7b38861f] 13:40:45.171 [ReconcilerExecutor-hivemq-controller-119] DEBUG c.h.p.o.HiveMQPlatformReconciler - [helmvolu] Custom Resource Spec (replicas: 2) (extensions: 1)
2025-01-29 13:40:45,174 INFO c.h.h.t.HelmChartContainer - [hivemq-test-hivemq-platform] [hivemq-platform-operator] [7b38861f] 13:40:45.173 [ReconcilerExecutor-hivemq-controller-119] DEBUG c.h.p.o.HiveMQPlatformReconciler - [helmvolu] StatefulSet Status (revision: test-hivemq-platform-6c7bb94cbd, replicas: 2, available: 1, ready: 1, current: 2, updated: 2)
2025-01-29 13:40:45,174 INFO c.h.h.t.HelmChartContainer - [hivemq-test-hivemq-platform] [hivemq-platform-operator] [7b38861f] 13:40:45.173 [ReconcilerExecutor-hivemq-controller-119] DEBUG c.h.p.o.HiveMQPlatformReconciler - [helmvolu] StatefulSet Spec (replicas: 2, init containers: 1, containers: 1, volumes: 4)
2025-01-29 13:40:45,176 INFO c.h.h.t.HelmChartContainer - [hivemq-test-hivemq-platform] [hivemq-platform-operator] [7b38861f] 13:40:45.175 [ReconcilerExecutor-hivemq-controller-119] DEBUG c.h.p.o.h.HiveMQPlatformReconcilerErrorHandler - [helmvolu] Pod 'test-hivemq-platform-1' phase Pending
2025-01-29 13:40:45,176 INFO c.h.h.t.HelmChartContainer - [hivemq-test-hivemq-platform] [hivemq-platform-operator] [7b38861f] 13:40:45.175 [ReconcilerExecutor-hivemq-controller-119] DEBUG c.h.p.o.h.HiveMQPlatformReconcilerErrorHandler - [helmvolu] Pod 'test-hivemq-platform-1' condition 'PodReadyToStartContainers': False
2025-01-29 13:40:45,177 INFO c.h.h.t.HelmChartContainer - [hivemq-test-hivemq-platform] [hivemq-platform-operator] [7b38861f] 13:40:45.175 [ReconcilerExecutor-hivemq-controller-119] DEBUG c.h.p.o.h.HiveMQPlatformReconcilerErrorHandler - [helmvolu] Pod 'test-hivemq-platform-1' condition 'Initialized': False
2025-01-29 13:40:45,177 INFO c.h.h.t.HelmChartContainer - [hivemq-test-hivemq-platform] [hivemq-platform-operator] [7b38861f] 13:40:45.175 [ReconcilerExecutor-hivemq-controller-119] DEBUG c.h.p.o.h.HiveMQPlatformReconcilerErrorHandler - [helmvolu] Pod 'test-hivemq-platform-1' condition 'Ready': False
2025-01-29 13:40:45,178 INFO c.h.h.t.HelmChartContainer - [hivemq-test-hivemq-platform] [hivemq-platform-operator] [7b38861f] 13:40:45.175 [ReconcilerExecutor-hivemq-controller-119] DEBUG c.h.p.o.h.HiveMQPlatformReconcilerErrorHandler - [helmvolu] Pod 'test-hivemq-platform-1' condition 'ContainersReady': False
2025-01-29 13:40:45,178 INFO c.h.h.t.HelmChartContainer - [hivemq-test-hivemq-platform] [hivemq-platform-operator] [7b38861f] 13:40:45.175 [ReconcilerExecutor-hivemq-controller-119] DEBUG c.h.p.o.h.HiveMQPlatformReconcilerErrorHandler - [helmvolu] Pod 'test-hivemq-platform-1' condition 'PodScheduled': True
2025-01-29 13:40:45,178 INFO c.h.h.t.HelmChartContainer - [hivemq-test-hivemq-platform] [hivemq-platform-operator] [7b38861f] 13:40:45.175 [ReconcilerExecutor-hivemq-controller-119] DEBUG c.h.p.o.h.HiveMQPlatformReconcilerErrorHandler - [helmvolu] Pod 'test-hivemq-platform-1' containerStatus 'hivemq' (started: false) (ready: false) (waiting: [PodInitializing] null)
2025-01-29 13:40:45,178 INFO c.h.h.t.HelmChartContainer - [hivemq-test-hivemq-platform] [hivemq-platform-operator] [7b38861f] 13:40:45.177 [ReconcilerExecutor-hivemq-controller-119] DEBUG c.h.p.o.h.HiveMQPlatformReconcilerErrorHandler - [helmvolu] Pod 'test-hivemq-platform-0' phase Running
2025-01-29 13:40:45,179 INFO c.h.h.t.HelmChartContainer - [hivemq-test-hivemq-platform] [hivemq-platform-operator] [7b38861f] 13:40:45.178 [ReconcilerExecutor-hivemq-controller-119] INFO  c.h.p.o.h.HiveMQPlatformReconcilerBaseHandler - [helmvolu] HiveMQ Platform is starting, 1 of 2 replicas are ready
2025-01-29 13:40:45,186 INFO c.h.h.t.HelmChartContainer - [K3S] [kubelet_volumes.go:163] "Cleaned up orphaned pod volumes dir" podUID="9d807047-cc25-4eb7-8e0e-23ae38147edf" path="/var/lib/kubelet/pods/9d807047-cc25-4eb7-8e0e-23ae38147edf/volumes"
2025-01-29 13:40:45,383 INFO c.h.h.t.HelmChartContainer - [EVENT] Normal [Pulled] Container image "docker.io/hivemq/hivemq-platform-operator-init-test:snapshot" already present on machine [helmvolumeclaimtemplatesit:test-hivemq-platform-1]
2025-01-29 13:40:45,388 INFO c.h.h.t.HelmChartContainer - [EVENT] Normal [Created] Created container: hivemq-platform-operator-init [helmvolumeclaimtemplatesit:test-hivemq-platform-1]
2025-01-29 13:40:45,427 INFO c.h.h.t.HelmChartContainer - [EVENT] Normal [Started] Started container hivemq-platform-operator-init [helmvolumeclaimtemplatesit:test-hivemq-platform-1]
2025-01-29 13:40:45,513 INFO c.h.h.t.HelmChartContainer - [POD] test-hivemq-platform-1 [1b3b4c7a-0329-45d7-a19e-e65445c5f794] in helmvolumeclaimtemplatesit was MODIFIED
2025-01-29 13:40:45,530 INFO c.h.h.t.HelmChartContainer - [hivemq-test-hivemq-platform] [hivemq-platform-operator] [7b38861f] 13:40:45.527 [pool-6-thread-19] DEBUG c.h.p.o.d.PlatformServiceResource - [helmvolu] Desired Platform services (3 services)
2025-01-29 13:40:45,540 INFO c.h.h.t.HelmChartContainer - [hivemq-test-hivemq-platform] [hivemq-platform-operator] [7b38861f] 13:40:45.529 [pool-6-thread-18] DEBUG c.h.p.o.d.PodServiceAccountResource - [helmvolu] Desired PodServiceAccountResource (serviceAccountName: hivemq-platform-pod-test-hivemq-platform)
2025-01-29 13:40:45,540 INFO c.h.h.t.HelmChartContainer - [hivemq-test-hivemq-platform] [hivemq-platform-operator] [7b38861f] 13:40:45.531 [pool-6-thread-17] DEBUG c.h.p.o.dependants.PodInfoConfigMap - [helmvolu] Desired PodInfo ConfigMap (1 extensions) (1 enabled)
2025-01-29 13:40:45,540 INFO c.h.h.t.HelmChartContainer - [hivemq-test-hivemq-platform] [hivemq-platform-operator] [7b38861f] 13:40:45.531 [pool-6-thread-17] DEBUG c.h.p.o.dependants.PodInfoConfigMap - [helmvolu] Desired PodInfo ConfigMap (metrics port: 9399) (metrics path: /)
2025-01-29 13:40:45,543 INFO c.h.h.t.HelmChartContainer - [hivemq-test-hivemq-platform] [hivemq-platform-operator] [7b38861f] 13:40:45.531 [pool-6-thread-17] DEBUG c.h.p.o.dependants.PodInfoConfigMap - [helmvolu] Desired PodInfo ConfigMap (extension state hash: -1817474005)
2025-01-29 13:40:45,548 INFO c.h.h.t.HelmChartContainer - [hivemq-test-hivemq-platform] [hivemq-platform-operator] [7b38861f] 13:40:45.540 [pool-6-thread-14] DEBUG c.h.p.o.d.StatefulSetResource - [helmvolu] Desired StatefulSet (2 replicas) for status STARTING (READY)
2025-01-29 13:40:45,564 INFO c.h.h.t.HelmChartContainer - [hivemq-test-hivemq-platform] [hivemq-platform-operator] [7b38861f] 13:40:45.560 [ReconcilerExecutor-hivemq-controller-120] INFO  c.h.p.o.HiveMQPlatformReconciler - [helmvolu] Reconciling HiveMQ Platform 'test-hivemq-platform' in namespace 'helmvolumeclaimtemplatesit'
2025-01-29 13:40:45,564 INFO c.h.h.t.HelmChartContainer - [hivemq-test-hivemq-platform] [hivemq-platform-operator] [7b38861f] 13:40:45.560 [ReconcilerExecutor-hivemq-controller-120] DEBUG c.h.p.o.HiveMQPlatformReconciler - [helmvolu] Custom Resource Status STARTING - HiveMQ Platform is starting (READY)
2025-01-29 13:40:45,564 INFO c.h.h.t.HelmChartContainer - [hivemq-test-hivemq-platform] [hivemq-platform-operator] [7b38861f] 13:40:45.560 [ReconcilerExecutor-hivemq-controller-120] DEBUG c.h.p.o.HiveMQPlatformReconciler - [helmvolu] Custom Resource Spec (replicas: 2) (extensions: 1)
2025-01-29 13:40:45,564 INFO c.h.h.t.HelmChartContainer - [hivemq-test-hivemq-platform] [hivemq-platform-operator] [7b38861f] 13:40:45.562 [ReconcilerExecutor-hivemq-controller-120] DEBUG c.h.p.o.HiveMQPlatformReconciler - [helmvolu] StatefulSet Status (revision: test-hivemq-platform-6c7bb94cbd, replicas: 2, available: 1, ready: 1, current: 2, updated: 2)
2025-01-29 13:40:45,564 INFO c.h.h.t.HelmChartContainer - [hivemq-test-hivemq-platform] [hivemq-platform-operator] [7b38861f] 13:40:45.562 [ReconcilerExecutor-hivemq-controller-120] DEBUG c.h.p.o.HiveMQPlatformReconciler - [helmvolu] StatefulSet Spec (replicas: 2, init containers: 1, containers: 1, volumes: 4)
2025-01-29 13:40:45,567 INFO c.h.h.t.HelmChartContainer - [hivemq-test-hivemq-platform] [hivemq-platform-operator] [7b38861f] 13:40:45.564 [ReconcilerExecutor-hivemq-controller-120] DEBUG c.h.p.o.h.HiveMQPlatformReconcilerErrorHandler - [helmvolu] Pod 'test-hivemq-platform-1' phase Pending
2025-01-29 13:40:45,567 INFO c.h.h.t.HelmChartContainer - [hivemq-test-hivemq-platform] [hivemq-platform-operator] [7b38861f] 13:40:45.564 [ReconcilerExecutor-hivemq-controller-120] DEBUG c.h.p.o.h.HiveMQPlatformReconcilerErrorHandler - [helmvolu] Pod 'test-hivemq-platform-1' condition 'PodReadyToStartContainers': True
2025-01-29 13:40:45,567 INFO c.h.h.t.HelmChartContainer - [hivemq-test-hivemq-platform] [hivemq-platform-operator] [7b38861f] 13:40:45.564 [ReconcilerExecutor-hivemq-controller-120] DEBUG c.h.p.o.h.HiveMQPlatformReconcilerErrorHandler - [helmvolu] Pod 'test-hivemq-platform-1' condition 'Initialized': False
2025-01-29 13:40:45,568 INFO c.h.h.t.HelmChartContainer - [hivemq-test-hivemq-platform] [hivemq-platform-operator] [7b38861f] 13:40:45.564 [ReconcilerExecutor-hivemq-controller-120] DEBUG c.h.p.o.h.HiveMQPlatformReconcilerErrorHandler - [helmvolu] Pod 'test-hivemq-platform-1' condition 'Ready': False
2025-01-29 13:40:45,568 INFO c.h.h.t.HelmChartContainer - [hivemq-test-hivemq-platform] [hivemq-platform-operator] [7b38861f] 13:40:45.564 [ReconcilerExecutor-hivemq-controller-120] DEBUG c.h.p.o.h.HiveMQPlatformReconcilerErrorHandler - [helmvolu] Pod 'test-hivemq-platform-1' condition 'ContainersReady': False
2025-01-29 13:40:45,568 INFO c.h.h.t.HelmChartContainer - [hivemq-test-hivemq-platform] [hivemq-platform-operator] [7b38861f] 13:40:45.564 [ReconcilerExecutor-hivemq-controller-120] DEBUG c.h.p.o.h.HiveMQPlatformReconcilerErrorHandler - [helmvolu] Pod 'test-hivemq-platform-1' condition 'PodScheduled': True
2025-01-29 13:40:45,568 INFO c.h.h.t.HelmChartContainer - [hivemq-test-hivemq-platform] [hivemq-platform-operator] [7b38861f] 13:40:45.564 [ReconcilerExecutor-hivemq-controller-120] DEBUG c.h.p.o.h.HiveMQPlatformReconcilerErrorHandler - [helmvolu] Pod 'test-hivemq-platform-1' containerStatus 'hivemq' (started: false) (ready: false) (waiting: [PodInitializing] null)
2025-01-29 13:40:45,569 INFO c.h.h.t.HelmChartContainer - [hivemq-test-hivemq-platform] [hivemq-platform-operator] [7b38861f] 13:40:45.566 [ReconcilerExecutor-hivemq-controller-120] DEBUG c.h.p.o.h.HiveMQPlatformReconcilerErrorHandler - [helmvolu] Pod 'test-hivemq-platform-0' phase Running
2025-01-29 13:40:45,569 INFO c.h.h.t.HelmChartContainer - [hivemq-test-hivemq-platform] [hivemq-platform-operator] [7b38861f] 13:40:45.566 [ReconcilerExecutor-hivemq-controller-120] INFO  c.h.p.o.h.HiveMQPlatformReconcilerBaseHandler - [helmvolu] HiveMQ Platform is starting, 1 of 2 replicas are ready
2025-01-29 13:40:46,504 INFO c.h.h.t.HelmChartContainer - [EVENT] Normal [Pulled] Container image "docker.io/hivemq/hivemq4:4.36.0" already present on machine [helmvolumeclaimtemplatesit:test-hivemq-platform-1]
2025-01-29 13:40:46,504 INFO c.h.h.t.HelmChartContainer - Received Pulled event for container hivemq in pod test-hivemq-platform-1 [1b3b4c7a-0329-45d7-a19e-e65445c5f794]
2025-01-29 13:40:46,511 INFO c.h.h.t.HelmChartContainer - [POD] test-hivemq-platform-1 [1b3b4c7a-0329-45d7-a19e-e65445c5f794] in helmvolumeclaimtemplatesit was MODIFIED
2025-01-29 13:40:46,512 INFO c.h.h.t.HelmChartContainer - [EVENT] Normal [Created] Created container: hivemq [helmvolumeclaimtemplatesit:test-hivemq-platform-1]
2025-01-29 13:40:46,512 INFO c.h.h.t.HelmChartContainer - Received Created event for container hivemq in pod test-hivemq-platform-1 [1b3b4c7a-0329-45d7-a19e-e65445c5f794]
2025-01-29 13:40:46,524 INFO c.h.h.t.HelmChartContainer - [hivemq-test-hivemq-platform] [hivemq-platform-operator] [7b38861f] 13:40:46.520 [pool-6-thread-23] DEBUG c.h.p.o.d.PlatformServiceResource - [helmvolu] Desired Platform services (3 services)
2025-01-29 13:40:46,524 INFO c.h.h.t.HelmChartContainer - [hivemq-test-hivemq-platform] [hivemq-platform-operator] [7b38861f] 13:40:46.522 [pool-6-thread-24] DEBUG c.h.p.o.d.PodServiceAccountResource - [helmvolu] Desired PodServiceAccountResource (serviceAccountName: hivemq-platform-pod-test-hivemq-platform)
2025-01-29 13:40:46,524 INFO c.h.h.t.HelmChartContainer - [hivemq-test-hivemq-platform] [hivemq-platform-operator] [7b38861f] 13:40:46.523 [pool-6-thread-25] DEBUG c.h.p.o.dependants.PodInfoConfigMap - [helmvolu] Desired PodInfo ConfigMap (1 extensions) (1 enabled)
2025-01-29 13:40:46,524 INFO c.h.h.t.HelmChartContainer - [hivemq-test-hivemq-platform] [hivemq-platform-operator] [7b38861f] 13:40:46.523 [pool-6-thread-25] DEBUG c.h.p.o.dependants.PodInfoConfigMap - [helmvolu] Desired PodInfo ConfigMap (metrics port: 9399) (metrics path: /)
2025-01-29 13:40:46,524 INFO c.h.h.t.HelmChartContainer - [hivemq-test-hivemq-platform] [hivemq-platform-operator] [7b38861f] 13:40:46.523 [pool-6-thread-25] DEBUG c.h.p.o.dependants.PodInfoConfigMap - [helmvolu] Desired PodInfo ConfigMap (extension state hash: -1817474005)
2025-01-29 13:40:46,532 INFO c.h.h.t.HelmChartContainer - [hivemq-test-hivemq-platform] [hivemq-platform-operator] [7b38861f] 13:40:46.529 [pool-6-thread-23] DEBUG c.h.p.o.d.StatefulSetResource - [helmvolu] Desired StatefulSet (2 replicas) for status STARTING (READY)
2025-01-29 13:40:46,535 INFO c.h.h.t.HelmChartContainer - [hivemq-test-hivemq-platform] [hivemq-platform-operator] [7b38861f] 13:40:46.533 [ReconcilerExecutor-hivemq-controller-121] INFO  c.h.p.o.HiveMQPlatformReconciler - [helmvolu] Reconciling HiveMQ Platform 'test-hivemq-platform' in namespace 'helmvolumeclaimtemplatesit'
2025-01-29 13:40:46,537 INFO c.h.h.t.HelmChartContainer - [hivemq-test-hivemq-platform] [hivemq-platform-operator] [7b38861f] 13:40:46.533 [ReconcilerExecutor-hivemq-controller-121] DEBUG c.h.p.o.HiveMQPlatformReconciler - [helmvolu] Custom Resource Status STARTING - HiveMQ Platform is starting (READY)
2025-01-29 13:40:46,538 INFO c.h.h.t.HelmChartContainer - [hivemq-test-hivemq-platform] [hivemq-platform-operator] [7b38861f] 13:40:46.533 [ReconcilerExecutor-hivemq-controller-121] DEBUG c.h.p.o.HiveMQPlatformReconciler - [helmvolu] Custom Resource Spec (replicas: 2) (extensions: 1)
2025-01-29 13:40:46,539 INFO c.h.h.t.HelmChartContainer - [hivemq-test-hivemq-platform] [hivemq-platform-operator] [7b38861f] 13:40:46.534 [ReconcilerExecutor-hivemq-controller-121] DEBUG c.h.p.o.HiveMQPlatformReconciler - [helmvolu] StatefulSet Status (revision: test-hivemq-platform-6c7bb94cbd, replicas: 2, available: 1, ready: 1, current: 2, updated: 2)
2025-01-29 13:40:46,539 INFO c.h.h.t.HelmChartContainer - [hivemq-test-hivemq-platform] [hivemq-platform-operator] [7b38861f] 13:40:46.534 [ReconcilerExecutor-hivemq-controller-121] DEBUG c.h.p.o.HiveMQPlatformReconciler - [helmvolu] StatefulSet Spec (replicas: 2, init containers: 1, containers: 1, volumes: 4)
2025-01-29 13:40:46,539 INFO c.h.h.t.HelmChartContainer - [hivemq-test-hivemq-platform] [hivemq-platform-operator] [7b38861f] 13:40:46.536 [ReconcilerExecutor-hivemq-controller-121] DEBUG c.h.p.o.h.HiveMQPlatformReconcilerErrorHandler - [helmvolu] Pod 'test-hivemq-platform-1' phase Pending
2025-01-29 13:40:46,539 INFO c.h.h.t.HelmChartContainer - [hivemq-test-hivemq-platform] [hivemq-platform-operator] [7b38861f] 13:40:46.536 [ReconcilerExecutor-hivemq-controller-121] DEBUG c.h.p.o.h.HiveMQPlatformReconcilerErrorHandler - [helmvolu] Pod 'test-hivemq-platform-1' condition 'PodReadyToStartContainers': True
2025-01-29 13:40:46,539 INFO c.h.h.t.HelmChartContainer - [hivemq-test-hivemq-platform] [hivemq-platform-operator] [7b38861f] 13:40:46.536 [ReconcilerExecutor-hivemq-controller-121] DEBUG c.h.p.o.h.HiveMQPlatformReconcilerErrorHandler - [helmvolu] Pod 'test-hivemq-platform-1' condition 'Initialized': True
2025-01-29 13:40:46,539 INFO c.h.h.t.HelmChartContainer - [hivemq-test-hivemq-platform] [hivemq-platform-operator] [7b38861f] 13:40:46.536 [ReconcilerExecutor-hivemq-controller-121] DEBUG c.h.p.o.h.HiveMQPlatformReconcilerErrorHandler - [helmvolu] Pod 'test-hivemq-platform-1' condition 'Ready': False
2025-01-29 13:40:46,539 INFO c.h.h.t.HelmChartContainer - [hivemq-test-hivemq-platform] [hivemq-platform-operator] [7b38861f] 13:40:46.536 [ReconcilerExecutor-hivemq-controller-121] DEBUG c.h.p.o.h.HiveMQPlatformReconcilerErrorHandler - [helmvolu] Pod 'test-hivemq-platform-1' condition 'ContainersReady': False
2025-01-29 13:40:46,539 INFO c.h.h.t.HelmChartContainer - [hivemq-test-hivemq-platform] [hivemq-platform-operator] [7b38861f] 13:40:46.536 [ReconcilerExecutor-hivemq-controller-121] DEBUG c.h.p.o.h.HiveMQPlatformReconcilerErrorHandler - [helmvolu] Pod 'test-hivemq-platform-1' condition 'PodScheduled': True
2025-01-29 13:40:46,539 INFO c.h.h.t.HelmChartContainer - [hivemq-test-hivemq-platform] [hivemq-platform-operator] [7b38861f] 13:40:46.537 [ReconcilerExecutor-hivemq-controller-121] DEBUG c.h.p.o.h.HiveMQPlatformReconcilerErrorHandler - [helmvolu] Pod 'test-hivemq-platform-1' containerStatus 'hivemq' (started: false) (ready: false) (waiting: [PodInitializing] null)
2025-01-29 13:40:46,561 INFO c.h.h.t.HelmChartContainer - [hivemq-test-hivemq-platform] [hivemq-platform-operator] [7b38861f] 13:40:46.559 [ReconcilerExecutor-hivemq-controller-121] DEBUG c.h.p.o.h.HiveMQPlatformReconcilerErrorHandler - [helmvolu] Pod 'test-hivemq-platform-0' phase Running
2025-01-29 13:40:46,562 INFO c.h.h.t.HelmChartContainer - [hivemq-test-hivemq-platform] [hivemq-platform-operator] [7b38861f] 13:40:46.561 [ReconcilerExecutor-hivemq-controller-121] INFO  c.h.p.o.h.HiveMQPlatformReconcilerBaseHandler - [helmvolu] HiveMQ Platform is starting, 1 of 2 replicas are ready
2025-01-29 13:40:47,517 INFO c.h.h.t.HelmChartContainer - [POD] test-hivemq-platform-1 [1b3b4c7a-0329-45d7-a19e-e65445c5f794] in helmvolumeclaimtemplatesit was MODIFIED
2025-01-29 13:40:47,522 INFO c.h.h.t.HelmChartContainer - [hivemq-test-hivemq-platform] [hivemq-platform-operator] [7b38861f] 13:40:47.521 [pool-6-thread-37] DEBUG c.h.p.o.d.PlatformServiceResource - [helmvolu] Desired Platform services (3 services)
2025-01-29 13:40:47,528 INFO c.h.h.t.HelmChartContainer - [EVENT] Normal [Started] Started container hivemq [helmvolumeclaimtemplatesit:test-hivemq-platform-1]
2025-01-29 13:40:47,528 INFO c.h.h.t.HelmChartContainer - Started log watcher for hivemq in pod test-hivemq-platform-1 [1b3b4c7a-0329-45d7-a19e-e65445c5f794]
2025-01-29 13:40:47,528 INFO c.h.h.t.HelmChartContainer - Received Started event for container hivemq in pod test-hivemq-platform-1 [1b3b4c7a-0329-45d7-a19e-e65445c5f794]
2025-01-29 13:40:47,536 INFO c.h.h.t.HelmChartContainer - [hivemq-test-hivemq-platform] [hivemq-platform-operator] [7b38861f] 13:40:47.525 [pool-6-thread-39] DEBUG c.h.p.o.d.PodServiceAccountResource - [helmvolu] Desired PodServiceAccountResource (serviceAccountName: hivemq-platform-pod-test-hivemq-platform)
2025-01-29 13:40:47,536 INFO c.h.h.t.HelmChartContainer - [hivemq-test-hivemq-platform] [hivemq-platform-operator] [7b38861f] 13:40:47.530 [pool-6-thread-33] DEBUG c.h.p.o.dependants.PodInfoConfigMap - [helmvolu] Desired PodInfo ConfigMap (1 extensions) (1 enabled)
2025-01-29 13:40:47,536 INFO c.h.h.t.HelmChartContainer - [hivemq-test-hivemq-platform] [hivemq-platform-operator] [7b38861f] 13:40:47.530 [pool-6-thread-33] DEBUG c.h.p.o.dependants.PodInfoConfigMap - [helmvolu] Desired PodInfo ConfigMap (metrics port: 9399) (metrics path: /)
2025-01-29 13:40:47,536 INFO c.h.h.t.HelmChartContainer - [hivemq-test-hivemq-platform] [hivemq-platform-operator] [7b38861f] 13:40:47.530 [pool-6-thread-33] DEBUG c.h.p.o.dependants.PodInfoConfigMap - [helmvolu] Desired PodInfo ConfigMap (extension state hash: -1817474005)
2025-01-29 13:40:47,537 INFO c.h.h.t.HelmChartContainer - [test-hivemq-platform] [hivemq] [1b3b4c7a] Adding pre-installed HiveMQ Platform Operator extensions
2025-01-29 13:40:47,537 INFO c.h.h.t.HelmChartContainer - [test-hivemq-platform] [hivemq] [1b3b4c7a] Running as user 10000
2025-01-29 13:40:47,537 INFO c.h.h.t.HelmChartContainer - [test-hivemq-platform] [hivemq] [1b3b4c7a] Starting HiveMQ Platform Operator Init
2025-01-29 13:40:47,538 INFO c.h.h.t.HelmChartContainer - [hivemq-test-hivemq-platform] [hivemq-platform-operator] [7b38861f] 13:40:47.536 [pool-6-thread-39] DEBUG c.h.p.o.d.StatefulSetResource - [helmvolu] Desired StatefulSet (2 replicas) for status STARTING (READY)
2025-01-29 13:40:47,546 INFO c.h.h.t.HelmChartContainer - [hivemq-test-hivemq-platform] [hivemq-platform-operator] [7b38861f] 13:40:47.543 [ReconcilerExecutor-hivemq-controller-122] INFO  c.h.p.o.HiveMQPlatformReconciler - [helmvolu] Reconciling HiveMQ Platform 'test-hivemq-platform' in namespace 'helmvolumeclaimtemplatesit'
2025-01-29 13:40:47,546 INFO c.h.h.t.HelmChartContainer - [hivemq-test-hivemq-platform] [hivemq-platform-operator] [7b38861f] 13:40:47.543 [ReconcilerExecutor-hivemq-controller-122] DEBUG c.h.p.o.HiveMQPlatformReconciler - [helmvolu] Custom Resource Status STARTING - HiveMQ Platform is starting (READY)
2025-01-29 13:40:47,546 INFO c.h.h.t.HelmChartContainer - [hivemq-test-hivemq-platform] [hivemq-platform-operator] [7b38861f] 13:40:47.544 [ReconcilerExecutor-hivemq-controller-122] DEBUG c.h.p.o.HiveMQPlatformReconciler - [helmvolu] Custom Resource Spec (replicas: 2) (extensions: 1)
2025-01-29 13:40:47,560 INFO c.h.h.t.HelmChartContainer - [hivemq-test-hivemq-platform] [hivemq-platform-operator] [7b38861f] 13:40:47.545 [ReconcilerExecutor-hivemq-controller-122] DEBUG c.h.p.o.HiveMQPlatformReconciler - [helmvolu] StatefulSet Status (revision: test-hivemq-platform-6c7bb94cbd, replicas: 2, available: 1, ready: 1, current: 2, updated: 2)
2025-01-29 13:40:47,561 INFO c.h.h.t.HelmChartContainer - [hivemq-test-hivemq-platform] [hivemq-platform-operator] [7b38861f] 13:40:47.558 [ReconcilerExecutor-hivemq-controller-122] DEBUG c.h.p.o.HiveMQPlatformReconciler - [helmvolu] StatefulSet Spec (replicas: 2, init containers: 1, containers: 1, volumes: 4)
2025-01-29 13:40:47,561 INFO c.h.h.t.HelmChartContainer - [hivemq-test-hivemq-platform] [hivemq-platform-operator] [7b38861f] 13:40:47.560 [ReconcilerExecutor-hivemq-controller-122] DEBUG c.h.p.o.h.HiveMQPlatformReconcilerErrorHandler - [helmvolu] Pod 'test-hivemq-platform-1' phase Running
2025-01-29 13:40:47,563 INFO c.h.h.t.HelmChartContainer - [hivemq-test-hivemq-platform] [hivemq-platform-operator] [7b38861f] 13:40:47.562 [ReconcilerExecutor-hivemq-controller-122] DEBUG c.h.p.o.h.HiveMQPlatformReconcilerErrorHandler - [helmvolu] Pod 'test-hivemq-platform-0' phase Running
2025-01-29 13:40:47,565 INFO c.h.h.t.HelmChartContainer - [hivemq-test-hivemq-platform] [hivemq-platform-operator] [7b38861f] 13:40:47.564 [ReconcilerExecutor-hivemq-controller-122] INFO  c.h.p.o.h.HiveMQPlatformReconcilerBaseHandler - [helmvolu] HiveMQ Platform is starting, 1 of 2 replicas are ready
2025-01-29 13:40:47,770 INFO c.h.h.t.HelmChartContainer - [test-hivemq-platform] [hivemq] [1b3b4c7a] INFO  - [HiveMQ Platform Operator Init 1.7.0-SNAPSHOT] HiveMQ Platform Operator Init 1.7.0-SNAPSHOT (commit: bebf408 on branch: HEAD) built on Sun Jan 26 20:47:47 UTC 2025
2025-01-29 13:40:48,884 INFO c.h.h.t.HelmChartContainer - [test-hivemq-platform] [hivemq] [1b3b4c7a] INFO  - [HiveMQ Platform Operator Init App 1.7.0-SNAPSHOT] Using bind address 10.42.0.11 from environment variable
2025-01-29 13:40:49,779 INFO c.h.h.t.HelmChartContainer - [test-hivemq-platform] [hivemq] [1b3b4c7a] INFO  - [HiveMQ Platform Operator Init App 1.7.0-SNAPSHOT] HiveMQ Platform Operator Init App 1.7.0-SNAPSHOT (commit: bebf408 on branch: HEAD) built on Sun Jan 26 20:47:47 UTC 2025
2025-01-29 13:40:49,780 INFO c.h.h.t.HelmChartContainer - [test-hivemq-platform] [hivemq] [1b3b4c7a] INFO  - [HiveMQ Platform Operator Init App 1.7.0-SNAPSHOT] PodInfo ConfigMap directory: /etc/podinfo
2025-01-29 13:40:49,780 INFO c.h.h.t.HelmChartContainer - [test-hivemq-platform] [hivemq] [1b3b4c7a] INFO  - [HiveMQ Platform Operator Init App 1.7.0-SNAPSHOT] HiveMQ home directory: /opt/hivemq
2025-01-29 13:40:49,780 INFO c.h.h.t.HelmChartContainer - [test-hivemq-platform] [hivemq] [1b3b4c7a] INFO  - [HiveMQ Platform Operator Init App 1.7.0-SNAPSHOT] HiveMQ Logback folder: /opt/hivemq/conf
2025-01-29 13:40:49,780 INFO c.h.h.t.HelmChartContainer - [test-hivemq-platform] [hivemq] [1b3b4c7a] INFO  - [HiveMQ Platform Operator Init App 1.7.0-SNAPSHOT] HiveMQ Config folder: /opt/hivemq/conf-k8s
2025-01-29 13:40:49,780 INFO c.h.h.t.HelmChartContainer - [test-hivemq-platform] [hivemq] [1b3b4c7a] INFO  - [HiveMQ Platform Operator Init App 1.7.0-SNAPSHOT] Starting HiveMQ Platform Operator Init App
2025-01-29 13:40:49,780 INFO c.h.h.t.HelmChartContainer - [test-hivemq-platform] [hivemq] [1b3b4c7a] INFO  - [HiveMQ Platform Operator Init App 1.7.0-SNAPSHOT] Starting Pod reconciler
2025-01-29 13:40:51,027 INFO c.h.h.t.HelmChartContainer - [test-hivemq-platform] [hivemq] [1b3b4c7a] INFO  - [HiveMQ Platform Operator Init App 1.7.0-SNAPSHOT] Pod reconciler is scheduled (interval: 5000 ms)
2025-01-29 13:40:51,027 INFO c.h.h.t.HelmChartContainer - [test-hivemq-platform] [hivemq] [1b3b4c7a] INFO  - [HiveMQ Platform Operator Init App 1.7.0-SNAPSHOT] Starting the REST API on 10.42.0.11:7979
2025-01-29 13:40:51,031 INFO c.h.h.t.HelmChartContainer - [test-hivemq-platform] [hivemq] [1b3b4c7a] INFO  - [HiveMQ Platform Operator Init App 1.7.0-SNAPSHOT] Waiting up to 600s for at most 2 HiveMQ nodes in cluster service hivemq-test-hivemq-platform-cluster.helmvolumeclaimtemplatesit.svc
2025-01-29 13:40:51,376 INFO c.h.h.t.HelmChartContainer - [test-hivemq-platform] [hivemq] [1b3b4c7a] INFO  - [HiveMQ Platform Operator Init App 1.7.0-SNAPSHOT] Resolved 2 IP addresses: [10.42.0.11, 10.42.0.9]
2025-01-29 13:40:51,377 INFO c.h.h.t.HelmChartContainer - [test-hivemq-platform] [hivemq] [1b3b4c7a] INFO  - [HiveMQ Platform Operator Init App 1.7.0-SNAPSHOT] HiveMQ node count of 2 is within threshold of 2
2025-01-29 13:40:51,377 INFO c.h.h.t.HelmChartContainer - [test-hivemq-platform] [hivemq] [1b3b4c7a] INFO  - [HiveMQ Platform Operator Init App 1.7.0-SNAPSHOT] Proceeding with container start
2025-01-29 13:40:51,472 INFO c.h.h.t.HelmChartContainer - [test-hivemq-platform] [hivemq] [1b3b4c7a] INFO  - [HiveMQ Platform Operator Init App 1.7.0-SNAPSHOT] Initializing HiveMQ Platform extensions with initial configuration: {hivemq-allow-all-extension={start-priority=-1, skip-https-hostname-verification=false, restart=true, config-version=0, header-version=0, c-uri=, priority=-1, uri=preinstalled, skip-https-certificate-validation=false, enabled=true}, hivemq-prometheus-extension={request-header-path=no-request-headers, enabled=true, restart=true, priority=-1, start-priority=-1, c-uri=, skip-https-hostname-verification=false, skip-https-certificate-validation=false, uri=preinstalled}}
2025-01-29 13:40:51,872 INFO c.h.h.t.HelmChartContainer - [test-hivemq-platform] [hivemq] [1b3b4c7a] INFO  - [HiveMQ Platform Operator Init App 1.7.0-SNAPSHOT] Extension hivemq-allow-all-extension was already enabled
2025-01-29 13:40:51,962 INFO c.h.h.t.HelmChartContainer - [test-hivemq-platform] [hivemq] [1b3b4c7a] INFO  - [HiveMQ Platform Operator Init App 1.7.0-SNAPSHOT] Successfully enabled extension hivemq-prometheus-extension
2025-01-29 13:40:51,963 INFO c.h.h.t.HelmChartContainer - [test-hivemq-platform] [hivemq] [1b3b4c7a] INFO  - [HiveMQ Platform Operator Init App 1.7.0-SNAPSHOT] Starting HiveMQ Platform version 4.36.0 (4.36.0)
2025-01-29 13:40:51,963 INFO c.h.h.t.HelmChartContainer - [test-hivemq-platform] [hivemq] [1b3b4c7a] INFO  - [HiveMQ Platform Operator Init App 1.7.0-SNAPSHOT] Configuring the HiveMQ Platform
2025-01-29 13:40:52,063 INFO c.h.h.t.HelmChartContainer - [test-hivemq-platform] [hivemq] [1b3b4c7a] INFO  - [HiveMQ Platform Operator Init App 1.7.0-SNAPSHOT] Changed logback.xml file scan period to 20 seconds
2025-01-29 13:40:52,127 INFO c.h.h.t.HelmChartContainer - [test-hivemq-platform] [hivemq] [1b3b4c7a] INFO  - [HiveMQ Platform Operator Init App 1.7.0-SNAPSHOT] Starting the HiveMQ Platform
2025-01-29 13:40:52,160 INFO c.h.h.t.HelmChartContainer - [test-hivemq-platform] [hivemq] [1b3b4c7a] -------------------------------------------------------------------------
2025-01-29 13:40:52,160 INFO c.h.h.t.HelmChartContainer - [test-hivemq-platform] [hivemq] [1b3b4c7a] 
2025-01-29 13:40:52,160 INFO c.h.h.t.HelmChartContainer - [test-hivemq-platform] [hivemq] [1b3b4c7a]                   _    _  _              __  __   ____
2025-01-29 13:40:52,160 INFO c.h.h.t.HelmChartContainer - [test-hivemq-platform] [hivemq] [1b3b4c7a]                  | |  | |(_)            |  \/  | / __ \
2025-01-29 13:40:52,160 INFO c.h.h.t.HelmChartContainer - [test-hivemq-platform] [hivemq] [1b3b4c7a]                  | |__| | _ __   __ ___ | \  / || |  | |
2025-01-29 13:40:52,160 INFO c.h.h.t.HelmChartContainer - [test-hivemq-platform] [hivemq] [1b3b4c7a]                  |  __  || |\ \ / // _ \| |\/| || |  | |
2025-01-29 13:40:52,160 INFO c.h.h.t.HelmChartContainer - [test-hivemq-platform] [hivemq] [1b3b4c7a]                  | |  | || | \ V /|  __/| |  | || |__| |
2025-01-29 13:40:52,160 INFO c.h.h.t.HelmChartContainer - [test-hivemq-platform] [hivemq] [1b3b4c7a]                  |_|  |_||_|  \_/  \___||_|  |_| \___\_\
2025-01-29 13:40:52,160 INFO c.h.h.t.HelmChartContainer - [test-hivemq-platform] [hivemq] [1b3b4c7a] 
2025-01-29 13:40:52,160 INFO c.h.h.t.HelmChartContainer - [test-hivemq-platform] [hivemq] [1b3b4c7a] -------------------------------------------------------------------------
2025-01-29 13:40:52,160 INFO c.h.h.t.HelmChartContainer - [test-hivemq-platform] [hivemq] [1b3b4c7a] 
2025-01-29 13:40:52,160 INFO c.h.h.t.HelmChartContainer - [test-hivemq-platform] [hivemq] [1b3b4c7a]   HiveMQ Start Script for Linux/Unix v1.14
2025-01-29 13:40:52,160 INFO c.h.h.t.HelmChartContainer - [test-hivemq-platform] [hivemq] [1b3b4c7a] 
2025-01-29 13:40:52,188 INFO c.h.h.t.HelmChartContainer - [test-hivemq-platform] [hivemq] [1b3b4c7a] -------------------------------------------------------------------------
2025-01-29 13:40:52,189 INFO c.h.h.t.HelmChartContainer - [test-hivemq-platform] [hivemq] [1b3b4c7a] 
2025-01-29 13:40:52,189 INFO c.h.h.t.HelmChartContainer - [test-hivemq-platform] [hivemq] [1b3b4c7a]   HIVEMQ_HOME: /opt/hivemq
2025-01-29 13:40:52,189 INFO c.h.h.t.HelmChartContainer - [test-hivemq-platform] [hivemq] [1b3b4c7a] 
2025-01-29 13:40:52,189 INFO c.h.h.t.HelmChartContainer - [test-hivemq-platform] [hivemq] [1b3b4c7a]   JAVA_OPTS: -XX:+UnlockExperimentalVMOptions -XX:InitialRAMPercentage=50 -XX:MaxRAMPercentage=50 -Djava.net.preferIPv4Stack=true --add-opens java.base/java.lang=ALL-UNNAMED --add-opens java.base/java.nio=ALL-UNNAMED --add-opens java.base/sun.nio.ch=ALL-UNNAMED --add-opens jdk.management/com.sun.management.internal=ALL-UNNAMED --add-exports java.base/jdk.internal.misc=ALL-UNNAMED -Djava.security.egd=file:/dev/./urandom -Dcom.sun.management.jmxremote -Dcom.sun.management.jmxremote.port=9010 -Dcom.sun.management.jmxremote.local.only=false -Dcom.sun.management.jmxremote.authenticate=false -Dcom.sun.management.jmxremote.ssl=false -Duser.language=en -Duser.region=US -XX:+CrashOnOutOfMemoryError -XX:+HeapDumpOnOutOfMemoryError
2025-01-29 13:40:52,189 INFO c.h.h.t.HelmChartContainer - [test-hivemq-platform] [hivemq] [1b3b4c7a] 
2025-01-29 13:40:52,189 INFO c.h.h.t.HelmChartContainer - [test-hivemq-platform] [hivemq] [1b3b4c7a]   JAVA_VERSION: 21
2025-01-29 13:40:52,189 INFO c.h.h.t.HelmChartContainer - [test-hivemq-platform] [hivemq] [1b3b4c7a] 
2025-01-29 13:40:52,189 INFO c.h.h.t.HelmChartContainer - [test-hivemq-platform] [hivemq] [1b3b4c7a] -------------------------------------------------------------------------
2025-01-29 13:40:52,189 INFO c.h.h.t.HelmChartContainer - [test-hivemq-platform] [hivemq] [1b3b4c7a] 
2025-01-29 13:40:53,568 INFO c.h.h.t.HelmChartContainer - [test-hivemq-platform] [hivemq] [1b3b4c7a] INFO  - [HiveMQ Platform Operator Init App 1.7.0-SNAPSHOT] Returning default Health API response 503 for readiness
2025-01-29 13:40:53,962 INFO c.h.h.t.HelmChartContainer - [EVENT] Warning [Unhealthy] Readiness probe failed: HTTP probe failed with statuscode: 503 [helmvolumeclaimtemplatesit:test-hivemq-platform-1]
2025-01-29 13:40:53,962 INFO c.h.h.t.HelmChartContainer - Received Unhealthy event for container hivemq in pod test-hivemq-platform-1 [1b3b4c7a-0329-45d7-a19e-e65445c5f794]
2025-01-29 13:40:54,862 INFO c.h.h.t.HelmChartContainer - [test-hivemq-platform] [hivemq] [1b3b4c7a] INFO  - Starting HiveMQ Enterprise Server
2025-01-29 13:40:54,867 INFO c.h.h.t.HelmChartContainer - [test-hivemq-platform] [hivemq] [1b3b4c7a] INFO  - HiveMQ version: 4.36.0
2025-01-29 13:40:54,867 INFO c.h.h.t.HelmChartContainer - [test-hivemq-platform] [hivemq] [1b3b4c7a] INFO  - HiveMQ home directory: /opt/hivemq
2025-01-29 13:40:54,868 INFO c.h.h.t.HelmChartContainer - [test-hivemq-platform] [hivemq] [1b3b4c7a] INFO  - Log Configuration was overridden by /opt/hivemq/conf/logback.xml
2025-01-29 13:40:55,964 INFO c.h.h.t.HelmChartContainer - [test-hivemq-platform] [hivemq] [1b3b4c7a] INFO  - Successfully loaded configuration from '/opt/hivemq/conf-k8s/config.xml'.
2025-01-29 13:40:56,466 INFO c.h.h.t.HelmChartContainer - [test-hivemq-platform] [hivemq] [1b3b4c7a] INFO  - This node's ID is QqLEU
2025-01-29 13:40:56,468 INFO c.h.h.t.HelmChartContainer - [test-hivemq-platform] [hivemq] [1b3b4c7a] INFO  - Clustering is enabled
2025-01-29 13:40:57,404 INFO c.h.h.t.HelmChartContainer - [test-hivemq-platform] [hivemq] [99c34a2c] INFO  - [HiveMQ Platform Operator Init App 1.7.0-SNAPSHOT] Returning Health API response 200 for liveness
2025-01-29 13:40:57,572 INFO c.h.h.t.HelmChartContainer - [hivemq-test-hivemq-platform] [hivemq-platform-operator] [7b38861f] 13:40:57.569 [pool-6-thread-48] DEBUG c.h.p.o.dependants.PodInfoConfigMap - [helmvolu] Desired PodInfo ConfigMap (1 extensions) (1 enabled)
2025-01-29 13:40:57,572 INFO c.h.h.t.HelmChartContainer - [hivemq-test-hivemq-platform] [hivemq-platform-operator] [7b38861f] 13:40:57.569 [pool-6-thread-48] DEBUG c.h.p.o.dependants.PodInfoConfigMap - [helmvolu] Desired PodInfo ConfigMap (metrics port: 9399) (metrics path: /)
2025-01-29 13:40:57,572 INFO c.h.h.t.HelmChartContainer - [hivemq-test-hivemq-platform] [hivemq-platform-operator] [7b38861f] 13:40:57.569 [pool-6-thread-48] DEBUG c.h.p.o.dependants.PodInfoConfigMap - [helmvolu] Desired PodInfo ConfigMap (extension state hash: -1817474005)
2025-01-29 13:40:57,572 INFO c.h.h.t.HelmChartContainer - [hivemq-test-hivemq-platform] [hivemq-platform-operator] [7b38861f] 13:40:57.569 [pool-6-thread-44] DEBUG c.h.p.o.d.PodServiceAccountResource - [helmvolu] Desired PodServiceAccountResource (serviceAccountName: hivemq-platform-pod-test-hivemq-platform)
2025-01-29 13:40:57,572 INFO c.h.h.t.HelmChartContainer - [hivemq-test-hivemq-platform] [hivemq-platform-operator] [7b38861f] 13:40:57.569 [pool-6-thread-49] DEBUG c.h.p.o.d.PlatformServiceResource - [helmvolu] Desired Platform services (3 services)
2025-01-29 13:40:57,574 INFO c.h.h.t.HelmChartContainer - [hivemq-test-hivemq-platform] [hivemq-platform-operator] [7b38861f] 13:40:57.574 [pool-6-thread-49] DEBUG c.h.p.o.d.StatefulSetResource - [helmvolu] Desired StatefulSet (2 replicas) for status STARTING (READY)
2025-01-29 13:40:57,577 INFO c.h.h.t.HelmChartContainer - [hivemq-test-hivemq-platform] [hivemq-platform-operator] [7b38861f] 13:40:57.577 [ReconcilerExecutor-hivemq-controller-123] INFO  c.h.p.o.HiveMQPlatformReconciler - [helmvolu] Reconciling HiveMQ Platform 'test-hivemq-platform' in namespace 'helmvolumeclaimtemplatesit'
2025-01-29 13:40:57,577 INFO c.h.h.t.HelmChartContainer - [hivemq-test-hivemq-platform] [hivemq-platform-operator] [7b38861f] 13:40:57.577 [ReconcilerExecutor-hivemq-controller-123] DEBUG c.h.p.o.HiveMQPlatformReconciler - [helmvolu] Custom Resource Status STARTING - HiveMQ Platform is starting (READY)
2025-01-29 13:40:57,578 INFO c.h.h.t.HelmChartContainer - [hivemq-test-hivemq-platform] [hivemq-platform-operator] [7b38861f] 13:40:57.577 [ReconcilerExecutor-hivemq-controller-123] DEBUG c.h.p.o.HiveMQPlatformReconciler - [helmvolu] Custom Resource Spec (replicas: 2) (extensions: 1)
2025-01-29 13:40:57,579 INFO c.h.h.t.HelmChartContainer - [hivemq-test-hivemq-platform] [hivemq-platform-operator] [7b38861f] 13:40:57.579 [ReconcilerExecutor-hivemq-controller-123] DEBUG c.h.p.o.HiveMQPlatformReconciler - [helmvolu] StatefulSet Status (revision: test-hivemq-platform-6c7bb94cbd, replicas: 2, available: 1, ready: 1, current: 2, updated: 2)
2025-01-29 13:40:57,580 INFO c.h.h.t.HelmChartContainer - [hivemq-test-hivemq-platform] [hivemq-platform-operator] [7b38861f] 13:40:57.579 [ReconcilerExecutor-hivemq-controller-123] DEBUG c.h.p.o.HiveMQPlatformReconciler - [helmvolu] StatefulSet Spec (replicas: 2, init containers: 1, containers: 1, volumes: 4)
2025-01-29 13:40:57,581 INFO c.h.h.t.HelmChartContainer - [hivemq-test-hivemq-platform] [hivemq-platform-operator] [7b38861f] 13:40:57.580 [ReconcilerExecutor-hivemq-controller-123] DEBUG c.h.p.o.h.HiveMQPlatformReconcilerErrorHandler - [helmvolu] Pod 'test-hivemq-platform-1' phase Running
2025-01-29 13:40:57,582 INFO c.h.h.t.HelmChartContainer - [hivemq-test-hivemq-platform] [hivemq-platform-operator] [7b38861f] 13:40:57.581 [ReconcilerExecutor-hivemq-controller-123] DEBUG c.h.p.o.h.HiveMQPlatformReconcilerErrorHandler - [helmvolu] Pod 'test-hivemq-platform-0' phase Running
2025-01-29 13:40:57,583 INFO c.h.h.t.HelmChartContainer - [hivemq-test-hivemq-platform] [hivemq-platform-operator] [7b38861f] 13:40:57.582 [ReconcilerExecutor-hivemq-controller-123] INFO  c.h.p.o.h.HiveMQPlatformReconcilerBaseHandler - [helmvolu] HiveMQ Platform is starting, 1 of 2 replicas are ready
2025-01-29 13:40:58,969 INFO c.h.h.t.HelmChartContainer - [test-hivemq-platform] [hivemq] [1b3b4c7a] WARN  - [HiveMQ Platform Operator Init App 1.7.0-SNAPSHOT] Cannot connect to Health API for readiness: null
2025-01-29 13:40:59,071 INFO c.h.h.t.HelmChartContainer - [EVENT] Warning [Unhealthy] Readiness probe failed: HTTP probe failed with statuscode: 503 [helmvolumeclaimtemplatesit:test-hivemq-platform-1]
2025-01-29 13:40:59,071 INFO c.h.h.t.HelmChartContainer - Received Unhealthy event for container hivemq in pod test-hivemq-platform-1 [1b3b4c7a-0329-45d7-a19e-e65445c5f794]
2025-01-29 13:41:02,269 INFO c.h.h.t.HelmChartContainer - [test-hivemq-platform] [hivemq] [1b3b4c7a] Jan 29, 2025 1:41:02 PM io.vertx.core.impl.BlockedThreadChecker
2025-01-29 13:41:02,269 INFO c.h.h.t.HelmChartContainer - [test-hivemq-platform] [hivemq] [1b3b4c7a] WARNING: Thread Thread[vert.x-eventloop-thread-1,5,main] has been blocked for 2738 ms, time limit is 2000 ms
2025-01-29 13:41:02,861 INFO c.h.h.t.HelmChartContainer - [test-hivemq-platform] [hivemq] [1b3b4c7a] INFO  - [HiveMQ Platform Operator Init App 1.7.0-SNAPSHOT] Updating Pod HiveMQ Platform Operator Init App version annotation (version: 1.7.0-SNAPSHOT)
2025-01-29 13:41:03,567 INFO c.h.h.t.HelmChartContainer - [test-hivemq-platform] [hivemq] [1b3b4c7a] WARN  - [HiveMQ Platform Operator Init App 1.7.0-SNAPSHOT] Cannot connect to Health API for readiness: null
2025-01-29 13:41:03,574 INFO c.h.h.t.HelmChartContainer - [POD] test-hivemq-platform-1 [1b3b4c7a-0329-45d7-a19e-e65445c5f794] in helmvolumeclaimtemplatesit was MODIFIED
2025-01-29 13:41:03,575 INFO c.h.h.t.HelmChartContainer - [EVENT] Warning [Unhealthy] Readiness probe failed: HTTP probe failed with statuscode: 503 [helmvolumeclaimtemplatesit:test-hivemq-platform-1]
2025-01-29 13:41:03,576 INFO c.h.h.t.HelmChartContainer - Received Unhealthy event for container hivemq in pod test-hivemq-platform-1 [1b3b4c7a-0329-45d7-a19e-e65445c5f794]
2025-01-29 13:41:03,582 INFO c.h.h.t.HelmChartContainer - [hivemq-test-hivemq-platform] [hivemq-platform-operator] [7b38861f] 13:41:03.580 [pool-6-thread-4] DEBUG c.h.p.o.d.PlatformServiceResource - [helmvolu] Desired Platform services (3 services)
2025-01-29 13:41:03,582 INFO c.h.h.t.HelmChartContainer - [hivemq-test-hivemq-platform] [hivemq-platform-operator] [7b38861f] 13:41:03.581 [pool-6-thread-5] DEBUG c.h.p.o.dependants.PodInfoConfigMap - [helmvolu] Desired PodInfo ConfigMap (1 extensions) (1 enabled)
2025-01-29 13:41:03,582 INFO c.h.h.t.HelmChartContainer - [hivemq-test-hivemq-platform] [hivemq-platform-operator] [7b38861f] 13:41:03.581 [pool-6-thread-5] DEBUG c.h.p.o.dependants.PodInfoConfigMap - [helmvolu] Desired PodInfo ConfigMap (metrics port: 9399) (metrics path: /)
2025-01-29 13:41:03,584 INFO c.h.h.t.HelmChartContainer - [hivemq-test-hivemq-platform] [hivemq-platform-operator] [7b38861f] 13:41:03.583 [pool-6-thread-1] DEBUG c.h.p.o.d.PodServiceAccountResource - [helmvolu] Desired PodServiceAccountResource (serviceAccountName: hivemq-platform-pod-test-hivemq-platform)
2025-01-29 13:41:03,585 INFO c.h.h.t.HelmChartContainer - [hivemq-test-hivemq-platform] [hivemq-platform-operator] [7b38861f] 13:41:03.582 [pool-6-thread-5] DEBUG c.h.p.o.dependants.PodInfoConfigMap - [helmvolu] Desired PodInfo ConfigMap (extension state hash: -1817474005)
2025-01-29 13:41:03,588 INFO c.h.h.t.HelmChartContainer - [hivemq-test-hivemq-platform] [hivemq-platform-operator] [7b38861f] 13:41:03.586 [pool-6-thread-3] DEBUG c.h.p.o.d.StatefulSetResource - [helmvolu] Desired StatefulSet (2 replicas) for status STARTING (READY)
2025-01-29 13:41:03,590 INFO c.h.h.t.HelmChartContainer - [hivemq-test-hivemq-platform] [hivemq-platform-operator] [7b38861f] 13:41:03.589 [ReconcilerExecutor-hivemq-controller-124] INFO  c.h.p.o.HiveMQPlatformReconciler - [helmvolu] Reconciling HiveMQ Platform 'test-hivemq-platform' in namespace 'helmvolumeclaimtemplatesit'
2025-01-29 13:41:03,591 INFO c.h.h.t.HelmChartContainer - [hivemq-test-hivemq-platform] [hivemq-platform-operator] [7b38861f] 13:41:03.589 [ReconcilerExecutor-hivemq-controller-124] DEBUG c.h.p.o.HiveMQPlatformReconciler - [helmvolu] Custom Resource Status STARTING - HiveMQ Platform is starting (READY)
2025-01-29 13:41:03,591 INFO c.h.h.t.HelmChartContainer - [hivemq-test-hivemq-platform] [hivemq-platform-operator] [7b38861f] 13:41:03.589 [ReconcilerExecutor-hivemq-controller-124] DEBUG c.h.p.o.HiveMQPlatformReconciler - [helmvolu] Custom Resource Spec (replicas: 2) (extensions: 1)
2025-01-29 13:41:03,591 INFO c.h.h.t.HelmChartContainer - [hivemq-test-hivemq-platform] [hivemq-platform-operator] [7b38861f] 13:41:03.591 [ReconcilerExecutor-hivemq-controller-124] DEBUG c.h.p.o.HiveMQPlatformReconciler - [helmvolu] StatefulSet Status (revision: test-hivemq-platform-6c7bb94cbd, replicas: 2, available: 1, ready: 1, current: 2, updated: 2)
2025-01-29 13:41:03,592 INFO c.h.h.t.HelmChartContainer - [hivemq-test-hivemq-platform] [hivemq-platform-operator] [7b38861f] 13:41:03.591 [ReconcilerExecutor-hivemq-controller-124] DEBUG c.h.p.o.HiveMQPlatformReconciler - [helmvolu] StatefulSet Spec (replicas: 2, init containers: 1, containers: 1, volumes: 4)
2025-01-29 13:41:03,593 INFO c.h.h.t.HelmChartContainer - [hivemq-test-hivemq-platform] [hivemq-platform-operator] [7b38861f] 13:41:03.592 [ReconcilerExecutor-hivemq-controller-124] DEBUG c.h.p.o.h.HiveMQPlatformReconcilerErrorHandler - [helmvolu] Pod 'test-hivemq-platform-1' phase Running
2025-01-29 13:41:03,593 INFO c.h.h.t.HelmChartContainer - [hivemq-test-hivemq-platform] [hivemq-platform-operator] [7b38861f] 13:41:03.593 [ReconcilerExecutor-hivemq-controller-124] DEBUG c.h.p.o.h.HiveMQPlatformReconcilerErrorHandler - [helmvolu] Pod 'test-hivemq-platform-0' phase Running
2025-01-29 13:41:03,594 INFO c.h.h.t.HelmChartContainer - [hivemq-test-hivemq-platform] [hivemq-platform-operator] [7b38861f] 13:41:03.593 [ReconcilerExecutor-hivemq-controller-124] INFO  c.h.p.o.h.HiveMQPlatformReconcilerBaseHandler - [helmvolu] HiveMQ Platform is starting, 1 of 2 replicas are ready
2025-01-29 13:41:03,663 INFO c.h.h.t.HelmChartContainer - [test-hivemq-platform] [hivemq] [1b3b4c7a] WARN  - [HiveMQ Platform Operator Init App 1.7.0-SNAPSHOT] Cannot connect to Health API for readiness: null
2025-01-29 13:41:03,671 INFO c.h.h.t.HelmChartContainer - [test-hivemq-platform] [hivemq] [1b3b4c7a] INFO  - [HiveMQ Platform Operator Init App 1.7.0-SNAPSHOT] Successfully updated Pod HiveMQ Platform Operator Init App version annotation (version: 1.7.0-SNAPSHOT)
2025-01-29 13:41:03,673 INFO c.h.h.t.HelmChartContainer - [EVENT] Warning [Unhealthy] Readiness probe failed: HTTP probe failed with statuscode: 503 [helmvolumeclaimtemplatesit:test-hivemq-platform-1]
2025-01-29 13:41:03,673 INFO c.h.h.t.HelmChartContainer - Received Unhealthy event for container hivemq in pod test-hivemq-platform-1 [1b3b4c7a-0329-45d7-a19e-e65445c5f794]
2025-01-29 13:41:08,627 INFO c.h.h.t.HelmChartContainer - [test-hivemq-platform] [hivemq] [1b3b4c7a] WARN  - [HiveMQ Platform Operator Init App 1.7.0-SNAPSHOT] Cannot connect to Health API for readiness: null
2025-01-29 13:41:08,632 INFO c.h.h.t.HelmChartContainer - [EVENT] Warning [Unhealthy] Readiness probe failed: HTTP probe failed with statuscode: 503 [helmvolumeclaimtemplatesit:test-hivemq-platform-1]
2025-01-29 13:41:08,632 INFO c.h.h.t.HelmChartContainer - Received Unhealthy event for container hivemq in pod test-hivemq-platform-1 [1b3b4c7a-0329-45d7-a19e-e65445c5f794]
2025-01-29 13:41:13,602 INFO c.h.h.t.HelmChartContainer - [hivemq-test-hivemq-platform] [hivemq-platform-operator] [7b38861f] 13:41:13.597 [pool-6-thread-15] DEBUG c.h.p.o.d.PlatformServiceResource - [helmvolu] Desired Platform services (3 services)
2025-01-29 13:41:13,602 INFO c.h.h.t.HelmChartContainer - [hivemq-test-hivemq-platform] [hivemq-platform-operator] [7b38861f] 13:41:13.598 [pool-6-thread-12] DEBUG c.h.p.o.dependants.PodInfoConfigMap - [helmvolu] Desired PodInfo ConfigMap (1 extensions) (1 enabled)
2025-01-29 13:41:13,602 INFO c.h.h.t.HelmChartContainer - [hivemq-test-hivemq-platform] [hivemq-platform-operator] [7b38861f] 13:41:13.598 [pool-6-thread-12] DEBUG c.h.p.o.dependants.PodInfoConfigMap - [helmvolu] Desired PodInfo ConfigMap (metrics port: 9399) (metrics path: /)
2025-01-29 13:41:13,602 INFO c.h.h.t.HelmChartContainer - [hivemq-test-hivemq-platform] [hivemq-platform-operator] [7b38861f] 13:41:13.598 [pool-6-thread-12] DEBUG c.h.p.o.dependants.PodInfoConfigMap - [helmvolu] Desired PodInfo ConfigMap (extension state hash: -1817474005)
2025-01-29 13:41:13,602 INFO c.h.h.t.HelmChartContainer - [hivemq-test-hivemq-platform] [hivemq-platform-operator] [7b38861f] 13:41:13.599 [pool-6-thread-12] DEBUG c.h.p.o.d.PodServiceAccountResource - [helmvolu] Desired PodServiceAccountResource (serviceAccountName: hivemq-platform-pod-test-hivemq-platform)
2025-01-29 13:41:13,605 INFO c.h.h.t.HelmChartContainer - [hivemq-test-hivemq-platform] [hivemq-platform-operator] [7b38861f] 13:41:13.603 [pool-6-thread-14] DEBUG c.h.p.o.d.StatefulSetResource - [helmvolu] Desired StatefulSet (2 replicas) for status STARTING (READY)
2025-01-29 13:41:13,627 INFO c.h.h.t.HelmChartContainer - [test-hivemq-platform] [hivemq] [1b3b4c7a] WARN  - [HiveMQ Platform Operator Init App 1.7.0-SNAPSHOT] Cannot connect to Health API for readiness: null
2025-01-29 13:41:13,633 INFO c.h.h.t.HelmChartContainer - [EVENT] Warning [Unhealthy] Readiness probe failed: HTTP probe failed with statuscode: 503 [helmvolumeclaimtemplatesit:test-hivemq-platform-1]
2025-01-29 13:41:13,633 INFO c.h.h.t.HelmChartContainer - Received Unhealthy event for container hivemq in pod test-hivemq-platform-1 [1b3b4c7a-0329-45d7-a19e-e65445c5f794]
2025-01-29 13:41:13,676 INFO c.h.h.t.HelmChartContainer - [hivemq-test-hivemq-platform] [hivemq-platform-operator] [7b38861f] 13:41:13.673 [ReconcilerExecutor-hivemq-controller-125] INFO  c.h.p.o.HiveMQPlatformReconciler - [helmvolu] Reconciling HiveMQ Platform 'test-hivemq-platform' in namespace 'helmvolumeclaimtemplatesit'
2025-01-29 13:41:13,676 INFO c.h.h.t.HelmChartContainer - [hivemq-test-hivemq-platform] [hivemq-platform-operator] [7b38861f] 13:41:13.674 [ReconcilerExecutor-hivemq-controller-125] DEBUG c.h.p.o.HiveMQPlatformReconciler - [helmvolu] Custom Resource Status STARTING - HiveMQ Platform is starting (READY)
2025-01-29 13:41:13,676 INFO c.h.h.t.HelmChartContainer - [hivemq-test-hivemq-platform] [hivemq-platform-operator] [7b38861f] 13:41:13.674 [ReconcilerExecutor-hivemq-controller-125] DEBUG c.h.p.o.HiveMQPlatformReconciler - [helmvolu] Custom Resource Spec (replicas: 2) (extensions: 1)
2025-01-29 13:41:13,678 INFO c.h.h.t.HelmChartContainer - [hivemq-test-hivemq-platform] [hivemq-platform-operator] [7b38861f] 13:41:13.676 [ReconcilerExecutor-hivemq-controller-125] DEBUG c.h.p.o.HiveMQPlatformReconciler - [helmvolu] StatefulSet Status (revision: test-hivemq-platform-6c7bb94cbd, replicas: 2, available: 1, ready: 1, current: 2, updated: 2)
2025-01-29 13:41:13,678 INFO c.h.h.t.HelmChartContainer - [hivemq-test-hivemq-platform] [hivemq-platform-operator] [7b38861f] 13:41:13.677 [ReconcilerExecutor-hivemq-controller-125] DEBUG c.h.p.o.HiveMQPlatformReconciler - [helmvolu] StatefulSet Spec (replicas: 2, init containers: 1, containers: 1, volumes: 4)
2025-01-29 13:41:13,680 INFO c.h.h.t.HelmChartContainer - [hivemq-test-hivemq-platform] [hivemq-platform-operator] [7b38861f] 13:41:13.679 [ReconcilerExecutor-hivemq-controller-125] DEBUG c.h.p.o.h.HiveMQPlatformReconcilerErrorHandler - [helmvolu] Pod 'test-hivemq-platform-1' phase Running
2025-01-29 13:41:13,681 INFO c.h.h.t.HelmChartContainer - [hivemq-test-hivemq-platform] [hivemq-platform-operator] [7b38861f] 13:41:13.681 [ReconcilerExecutor-hivemq-controller-125] DEBUG c.h.p.o.h.HiveMQPlatformReconcilerErrorHandler - [helmvolu] Pod 'test-hivemq-platform-0' phase Running
2025-01-29 13:41:13,683 INFO c.h.h.t.HelmChartContainer - [hivemq-test-hivemq-platform] [hivemq-platform-operator] [7b38861f] 13:41:13.682 [ReconcilerExecutor-hivemq-controller-125] INFO  c.h.p.o.h.HiveMQPlatformReconcilerBaseHandler - [helmvolu] HiveMQ Platform is starting, 1 of 2 replicas are ready
2025-01-29 13:41:15,257 INFO c.h.h.t.HelmChartContainer - [test-hivemq-platform] [hivemq] [1b3b4c7a] INFO  - No valid license file found. Using trial license, restricted to 25 connections.
2025-01-29 13:41:15,359 INFO c.h.h.t.HelmChartContainer - [test-hivemq-platform] [hivemq] [1b3b4c7a] WARN  - [HiveMQ Platform Operator Init App 1.7.0-SNAPSHOT] Cannot connect to Health API for liveness: null
2025-01-29 13:41:15,359 INFO c.h.h.t.HelmChartContainer - [test-hivemq-platform] [hivemq] [1b3b4c7a] INFO  - [HiveMQ Platform Operator Init App 1.7.0-SNAPSHOT] Returning default Health API response 200 for liveness
2025-01-29 13:41:18,658 INFO c.h.h.t.HelmChartContainer - [test-hivemq-platform] [hivemq] [1b3b4c7a] WARN  - [HiveMQ Platform Operator Init App 1.7.0-SNAPSHOT] Cannot connect to Health API for readiness: null
2025-01-29 13:41:18,664 INFO c.h.h.t.HelmChartContainer - [EVENT] Warning [Unhealthy] Readiness probe failed: HTTP probe failed with statuscode: 503 [helmvolumeclaimtemplatesit:test-hivemq-platform-1]
2025-01-29 13:41:18,664 INFO c.h.h.t.HelmChartContainer - Received Unhealthy event for container hivemq in pod test-hivemq-platform-1 [1b3b4c7a-0329-45d7-a19e-e65445c5f794]
2025-01-29 13:41:19,363 INFO c.h.h.t.HelmChartContainer - [test-hivemq-platform] [hivemq] [1b3b4c7a] INFO  - No valid license file for Data Hub found. Using free license, restricted to 1 policy.
2025-01-29 13:41:20,469 INFO c.h.h.t.HelmChartContainer - [test-hivemq-platform] [hivemq] [1b3b4c7a] INFO  - Audit Logger started.
2025-01-29 13:41:20,692 INFO c.h.h.t.HelmChartContainer - [test-hivemq-platform] [hivemq] [1b3b4c7a] INFO  - This node uses '1' CPU cores.
2025-01-29 13:41:20,760 INFO c.h.h.t.HelmChartContainer - [test-hivemq-platform] [hivemq] [1b3b4c7a] INFO  - Starting HiveMQ Health API on address 0.0.0.0 and port 8889
2025-01-29 13:41:21,658 INFO c.h.h.t.HelmChartContainer - [test-hivemq-platform] [hivemq] [1b3b4c7a] INFO  - Started HiveMQ Health API in 899ms
2025-01-29 13:41:22,158 INFO c.h.h.t.HelmChartContainer - [test-hivemq-platform] [hivemq] [1b3b4c7a] INFO  - Starting HiveMQ extension system.
2025-01-29 13:41:22,459 INFO c.h.h.t.HelmChartContainer - [test-hivemq-platform] [hivemq] [1b3b4c7a] INFO  - Starting extension with id "hivemq-dns-cluster-discovery" at /opt/hivemq/extensions/hivemq-dns-cluster-discovery
2025-01-29 13:41:22,963 INFO c.h.h.t.HelmChartContainer - [test-hivemq-platform] [hivemq] [1b3b4c7a] INFO  - Extension "DNS Cluster Discovery Extension" version 4.3.2 started successfully.
2025-01-29 13:41:22,963 INFO c.h.h.t.HelmChartContainer - [test-hivemq-platform] [hivemq] [1b3b4c7a] INFO  - Starting extension with id "hivemq-prometheus-extension" at /opt/hivemq/extensions/hivemq-prometheus-extension
2025-01-29 13:41:22,965 INFO c.h.h.t.HelmChartContainer - [test-hivemq-platform] [hivemq] [1b3b4c7a] INFO  - Using TCP cluster transport on address 10.42.0.11 and port 7000
2025-01-29 13:41:23,060 INFO c.h.h.t.HelmChartContainer - [test-hivemq-platform] [hivemq] [1b3b4c7a] INFO  - Using extension cluster discovery
2025-01-29 13:41:23,688 INFO c.h.h.t.HelmChartContainer - [hivemq-test-hivemq-platform] [hivemq-platform-operator] [7b38861f] 13:41:23.685 [pool-6-thread-25] DEBUG c.h.p.o.d.PlatformServiceResource - [helmvolu] Desired Platform services (3 services)
2025-01-29 13:41:23,688 INFO c.h.h.t.HelmChartContainer - [hivemq-test-hivemq-platform] [hivemq-platform-operator] [7b38861f] 13:41:23.685 [pool-6-thread-24] DEBUG c.h.p.o.d.PodServiceAccountResource - [helmvolu] Desired PodServiceAccountResource (serviceAccountName: hivemq-platform-pod-test-hivemq-platform)
2025-01-29 13:41:23,689 INFO c.h.h.t.HelmChartContainer - [hivemq-test-hivemq-platform] [hivemq-platform-operator] [7b38861f] 13:41:23.687 [pool-6-thread-22] DEBUG c.h.p.o.dependants.PodInfoConfigMap - [helmvolu] Desired PodInfo ConfigMap (1 extensions) (1 enabled)
2025-01-29 13:41:23,689 INFO c.h.h.t.HelmChartContainer - [hivemq-test-hivemq-platform] [hivemq-platform-operator] [7b38861f] 13:41:23.687 [pool-6-thread-22] DEBUG c.h.p.o.dependants.PodInfoConfigMap - [helmvolu] Desired PodInfo ConfigMap (metrics port: 9399) (metrics path: /)
2025-01-29 13:41:23,689 INFO c.h.h.t.HelmChartContainer - [hivemq-test-hivemq-platform] [hivemq-platform-operator] [7b38861f] 13:41:23.687 [pool-6-thread-22] DEBUG c.h.p.o.dependants.PodInfoConfigMap - [helmvolu] Desired PodInfo ConfigMap (extension state hash: -1817474005)
2025-01-29 13:41:23,691 INFO c.h.h.t.HelmChartContainer - [hivemq-test-hivemq-platform] [hivemq-platform-operator] [7b38861f] 13:41:23.690 [pool-6-thread-25] DEBUG c.h.p.o.d.StatefulSetResource - [helmvolu] Desired StatefulSet (2 replicas) for status STARTING (READY)
2025-01-29 13:41:23,693 INFO c.h.h.t.HelmChartContainer - [hivemq-test-hivemq-platform] [hivemq-platform-operator] [7b38861f] 13:41:23.692 [ReconcilerExecutor-hivemq-controller-126] INFO  c.h.p.o.HiveMQPlatformReconciler - [helmvolu] Reconciling HiveMQ Platform 'test-hivemq-platform' in namespace 'helmvolumeclaimtemplatesit'
2025-01-29 13:41:23,694 INFO c.h.h.t.HelmChartContainer - [hivemq-test-hivemq-platform] [hivemq-platform-operator] [7b38861f] 13:41:23.692 [ReconcilerExecutor-hivemq-controller-126] DEBUG c.h.p.o.HiveMQPlatformReconciler - [helmvolu] Custom Resource Status STARTING - HiveMQ Platform is starting (READY)
2025-01-29 13:41:23,695 INFO c.h.h.t.HelmChartContainer - [hivemq-test-hivemq-platform] [hivemq-platform-operator] [7b38861f] 13:41:23.692 [ReconcilerExecutor-hivemq-controller-126] DEBUG c.h.p.o.HiveMQPlatformReconciler - [helmvolu] Custom Resource Spec (replicas: 2) (extensions: 1)
2025-01-29 13:41:23,695 INFO c.h.h.t.HelmChartContainer - [hivemq-test-hivemq-platform] [hivemq-platform-operator] [7b38861f] 13:41:23.694 [ReconcilerExecutor-hivemq-controller-126] DEBUG c.h.p.o.HiveMQPlatformReconciler - [helmvolu] StatefulSet Status (revision: test-hivemq-platform-6c7bb94cbd, replicas: 2, available: 1, ready: 1, current: 2, updated: 2)
2025-01-29 13:41:23,695 INFO c.h.h.t.HelmChartContainer - [hivemq-test-hivemq-platform] [hivemq-platform-operator] [7b38861f] 13:41:23.694 [ReconcilerExecutor-hivemq-controller-126] DEBUG c.h.p.o.HiveMQPlatformReconciler - [helmvolu] StatefulSet Spec (replicas: 2, init containers: 1, containers: 1, volumes: 4)
2025-01-29 13:41:23,697 INFO c.h.h.t.HelmChartContainer - [hivemq-test-hivemq-platform] [hivemq-platform-operator] [7b38861f] 13:41:23.696 [ReconcilerExecutor-hivemq-controller-126] DEBUG c.h.p.o.h.HiveMQPlatformReconcilerErrorHandler - [helmvolu] Pod 'test-hivemq-platform-1' phase Running
2025-01-29 13:41:23,698 INFO c.h.h.t.HelmChartContainer - [hivemq-test-hivemq-platform] [hivemq-platform-operator] [7b38861f] 13:41:23.697 [ReconcilerExecutor-hivemq-controller-126] DEBUG c.h.p.o.h.HiveMQPlatformReconcilerErrorHandler - [helmvolu] Pod 'test-hivemq-platform-0' phase Running
2025-01-29 13:41:23,699 INFO c.h.h.t.HelmChartContainer - [hivemq-test-hivemq-platform] [hivemq-platform-operator] [7b38861f] 13:41:23.698 [ReconcilerExecutor-hivemq-controller-126] INFO  c.h.p.o.h.HiveMQPlatformReconcilerBaseHandler - [helmvolu] HiveMQ Platform is starting, 1 of 2 replicas are ready
2025-01-29 13:41:24,263 INFO c.h.h.t.HelmChartContainer - [test-hivemq-platform] [hivemq] [1b3b4c7a] INFO  - Started Jetty Server exposing Prometheus Servlet on URI http://0.0.0.0:9399/
2025-01-29 13:41:24,263 INFO c.h.h.t.HelmChartContainer - [test-hivemq-platform] [hivemq] [1b3b4c7a] INFO  - Extension "Prometheus Monitoring Extension" version 4.0.12 started successfully.
2025-01-29 13:41:24,264 INFO c.h.h.t.HelmChartContainer - [test-hivemq-platform] [hivemq] [1b3b4c7a] INFO  - Starting extension with id "hivemq-allow-all-extension" at /opt/hivemq/extensions/hivemq-allow-all-extension
2025-01-29 13:41:24,264 INFO c.h.h.t.HelmChartContainer - [test-hivemq-platform] [hivemq] [1b3b4c7a] WARN  - 
2025-01-29 13:41:24,264 INFO c.h.h.t.HelmChartContainer - [test-hivemq-platform] [hivemq] [1b3b4c7a] ################################################################################################################
2025-01-29 13:41:24,264 INFO c.h.h.t.HelmChartContainer - [test-hivemq-platform] [hivemq] [1b3b4c7a] # This HiveMQ deployment is not secure! You are lacking Authentication and Authorization.                      #
2025-01-29 13:41:24,264 INFO c.h.h.t.HelmChartContainer - [test-hivemq-platform] [hivemq] [1b3b4c7a] # Right now any MQTT client can connect to the broker with a full set of permissions.                          #
2025-01-29 13:41:24,264 INFO c.h.h.t.HelmChartContainer - [test-hivemq-platform] [hivemq] [1b3b4c7a] # For production usage, add an appropriate security extension and remove the hivemq-allow-all extension.       #
2025-01-29 13:41:24,264 INFO c.h.h.t.HelmChartContainer - [test-hivemq-platform] [hivemq] [1b3b4c7a] # You can download security extensions from the HiveMQ Marketplace (https://www.hivemq.com/extensions/).       #
2025-01-29 13:41:24,264 INFO c.h.h.t.HelmChartContainer - [test-hivemq-platform] [hivemq] [1b3b4c7a] ################################################################################################################
2025-01-29 13:41:24,265 INFO c.h.h.t.HelmChartContainer - [test-hivemq-platform] [hivemq] [1b3b4c7a] INFO  - Extension "Allow All Extension" version 1.1.1 started successfully.
2025-01-29 13:41:24,272 INFO c.h.h.t.HelmChartContainer - [test-hivemq-platform] [hivemq] [99c34a2c] INFO  - Cluster nodes found by discovery: [Dp4V6|1] (2) [Dp4V6, QqLEU].
2025-01-29 13:41:24,368 INFO c.h.h.t.HelmChartContainer - [test-hivemq-platform] [hivemq] [1b3b4c7a] INFO  - Cluster nodes found by discovery: [Dp4V6|1] (2) [Dp4V6, QqLEU].
2025-01-29 13:41:24,618 INFO c.h.h.t.HelmChartContainer - [EVENT] Warning [Unhealthy] Readiness probe failed: Get "http://10.42.0.11:7979/readiness": context deadline exceeded (Client.Timeout exceeded while awaiting headers) [helmvolumeclaimtemplatesit:test-hivemq-platform-1]
2025-01-29 13:41:24,618 INFO c.h.h.t.HelmChartContainer - Received Unhealthy event for container hivemq in pod test-hivemq-platform-1 [1b3b4c7a-0329-45d7-a19e-e65445c5f794]
2025-01-29 13:41:24,667 INFO c.h.h.t.HelmChartContainer - [test-hivemq-platform] [hivemq] [1b3b4c7a] INFO  - Cluster size = 1, members : [Dp4V6].
2025-01-29 13:41:24,962 INFO c.h.h.t.HelmChartContainer - [test-hivemq-platform] [hivemq] [1b3b4c7a] INFO  - [HiveMQ Platform Operator Init App 1.7.0-SNAPSHOT] Returning Health API response 503 for readiness
2025-01-29 13:41:25,225 INFO c.h.h.t.HelmChartContainer - [test-hivemq-platform] [hivemq] [1b3b4c7a] INFO  - Starting cluster join process. This may take a while. Please do not shut down HiveMQ.
2025-01-29 13:41:25,228 INFO c.h.h.t.HelmChartContainer - [test-hivemq-platform] [hivemq] [1b3b4c7a] INFO  - Cluster join process is still ongoing. Please do not shut down HiveMQ.
2025-01-29 13:41:27,238 INFO c.h.h.t.HelmChartContainer - [test-hivemq-platform] [hivemq] [99c34a2c] INFO  - Cluster size = 2, members : [QqLEU, Dp4V6].
2025-01-29 13:41:27,252 INFO c.h.h.t.HelmChartContainer - [test-hivemq-platform] [hivemq] [1b3b4c7a] INFO  - Cluster size = 2, members : [QqLEU, Dp4V6].
2025-01-29 13:41:27,261 INFO c.h.h.t.HelmChartContainer - [test-hivemq-platform] [hivemq] [1b3b4c7a] INFO  - Finished cluster join process successfully.
2025-01-29 13:41:27,263 INFO c.h.h.t.HelmChartContainer - [test-hivemq-platform] [hivemq] [1b3b4c7a] WARN  - No user for HiveMQ Control Center configured. Starting with default user
2025-01-29 13:41:27,264 INFO c.h.h.t.HelmChartContainer - [test-hivemq-platform] [hivemq] [1b3b4c7a] INFO  - Starting HiveMQ Control Center on address 0.0.0.0 and port 8080
2025-01-29 13:41:27,268 INFO c.h.h.t.HelmChartContainer - [test-hivemq-platform] [hivemq] [1b3b4c7a] INFO  - Mounting HiveMQ Control Center V2 Preview
2025-01-29 13:41:28,026 INFO c.h.h.t.HelmChartContainer - [test-hivemq-platform] [hivemq] [1b3b4c7a] INFO  - Started HiveMQ Control Center in 763ms
2025-01-29 13:41:28,039 INFO c.h.h.t.HelmChartContainer - [test-hivemq-platform] [hivemq] [1b3b4c7a] INFO  - Starting TCP listener on address 0.0.0.0 and port 1883
2025-01-29 13:41:28,129 INFO c.h.h.t.HelmChartContainer - [test-hivemq-platform] [hivemq] [1b3b4c7a] INFO  - Started TCP Listener on address 0.0.0.0 and on port 1883.
2025-01-29 13:41:28,129 INFO c.h.h.t.HelmChartContainer - [test-hivemq-platform] [hivemq] [1b3b4c7a] INFO  - Started HiveMQ in 33659ms
2025-01-29 13:41:28,580 INFO c.h.h.t.HelmChartContainer - [test-hivemq-platform] [hivemq] [1b3b4c7a] INFO  - [HiveMQ Platform Operator Init App 1.7.0-SNAPSHOT] Returning Health API response 200 for readiness
2025-01-29 13:41:28,595 INFO c.h.h.t.HelmChartContainer - [POD] test-hivemq-platform-1 [1b3b4c7a-0329-45d7-a19e-e65445c5f794] in helmvolumeclaimtemplatesit was MODIFIED
2025-01-29 13:41:28,601 INFO c.h.h.t.HelmChartContainer - [hivemq-test-hivemq-platform] [hivemq-platform-operator] [7b38861f] 13:41:28.600 [pool-6-thread-35] DEBUG c.h.p.o.d.PlatformServiceResource - [helmvolu] Desired Platform services (3 services)
2025-01-29 13:41:28,605 INFO c.h.h.t.HelmChartContainer - [hivemq-test-hivemq-platform] [hivemq-platform-operator] [7b38861f] 13:41:28.602 [pool-6-thread-37] DEBUG c.h.p.o.dependants.PodInfoConfigMap - [helmvolu] Desired PodInfo ConfigMap (1 extensions) (1 enabled)
2025-01-29 13:41:28,606 INFO c.h.h.t.HelmChartContainer - [hivemq-test-hivemq-platform] [hivemq-platform-operator] [7b38861f] 13:41:28.604 [pool-6-thread-37] DEBUG c.h.p.o.dependants.PodInfoConfigMap - [helmvolu] Desired PodInfo ConfigMap (metrics port: 9399) (metrics path: /)
2025-01-29 13:41:28,606 INFO c.h.h.t.HelmChartContainer - [hivemq-test-hivemq-platform] [hivemq-platform-operator] [7b38861f] 13:41:28.604 [pool-6-thread-37] DEBUG c.h.p.o.dependants.PodInfoConfigMap - [helmvolu] Desired PodInfo ConfigMap (extension state hash: -1817474005)
2025-01-29 13:41:28,609 INFO c.h.h.t.HelmChartContainer - [hivemq-test-hivemq-platform] [hivemq-platform-operator] [7b38861f] 13:41:28.606 [pool-6-thread-37] DEBUG c.h.p.o.d.PodServiceAccountResource - [helmvolu] Desired PodServiceAccountResource (serviceAccountName: hivemq-platform-pod-test-hivemq-platform)
2025-01-29 13:41:28,614 INFO c.h.h.t.HelmChartContainer - [hivemq-test-hivemq-platform] [hivemq-platform-operator] [7b38861f] 13:41:28.611 [pool-6-thread-37] DEBUG c.h.p.o.d.StatefulSetResource - [helmvolu] Desired StatefulSet (2 replicas) for status STARTING (READY)
2025-01-29 13:41:28,614 INFO c.h.h.t.HelmChartContainer - [hivemq-test-hivemq-platform] [hivemq-platform-operator] [7b38861f] 13:41:28.614 [ReconcilerExecutor-hivemq-controller-127] INFO  c.h.p.o.HiveMQPlatformReconciler - [helmvolu] Reconciling HiveMQ Platform 'test-hivemq-platform' in namespace 'helmvolumeclaimtemplatesit'
2025-01-29 13:41:28,615 INFO c.h.h.t.HelmChartContainer - [hivemq-test-hivemq-platform] [hivemq-platform-operator] [7b38861f] 13:41:28.614 [ReconcilerExecutor-hivemq-controller-127] DEBUG c.h.p.o.HiveMQPlatformReconciler - [helmvolu] Custom Resource Status STARTING - HiveMQ Platform is starting (READY)
2025-01-29 13:41:28,615 INFO c.h.h.t.HelmChartContainer - [hivemq-test-hivemq-platform] [hivemq-platform-operator] [7b38861f] 13:41:28.614 [ReconcilerExecutor-hivemq-controller-127] DEBUG c.h.p.o.HiveMQPlatformReconciler - [helmvolu] Custom Resource Spec (replicas: 2) (extensions: 1)
2025-01-29 13:41:28,620 INFO c.h.h.t.HelmChartContainer - [hivemq-test-hivemq-platform] [hivemq-platform-operator] [7b38861f] 13:41:28.616 [ReconcilerExecutor-hivemq-controller-127] DEBUG c.h.p.o.HiveMQPlatformReconciler - [helmvolu] StatefulSet Status (revision: test-hivemq-platform-6c7bb94cbd, replicas: 2, available: 2, ready: 2, current: 2, updated: 2)
2025-01-29 13:41:28,620 INFO c.h.h.t.HelmChartContainer - [hivemq-test-hivemq-platform] [hivemq-platform-operator] [7b38861f] 13:41:28.616 [ReconcilerExecutor-hivemq-controller-127] DEBUG c.h.p.o.HiveMQPlatformReconciler - [helmvolu] StatefulSet Spec (replicas: 2, init containers: 1, containers: 1, volumes: 4)
2025-01-29 13:41:28,620 INFO c.h.h.t.HelmChartContainer - [hivemq-test-hivemq-platform] [hivemq-platform-operator] [7b38861f] 13:41:28.617 [ReconcilerExecutor-hivemq-controller-127] DEBUG c.h.p.o.h.HiveMQPlatformReconcilerErrorHandler - [helmvolu] Pod 'test-hivemq-platform-1' phase Running
2025-01-29 13:41:28,661 INFO c.h.h.t.HelmChartContainer - [hivemq-test-hivemq-platform] [hivemq-platform-operator] [7b38861f] 13:41:28.659 [ReconcilerExecutor-hivemq-controller-127] DEBUG c.h.p.o.h.HiveMQPlatformReconcilerErrorHandler - [helmvolu] Pod 'test-hivemq-platform-0' phase Running
2025-01-29 13:41:28,662 INFO c.h.h.t.HelmChartContainer - [hivemq-test-hivemq-platform] [hivemq-platform-operator] [7b38861f] 13:41:28.660 [ReconcilerExecutor-hivemq-controller-127] INFO  c.h.p.o.h.HiveMQPlatformReconcilerBaseHandler - [helmvolu] HiveMQ Platform started successfully
2025-01-29 13:41:28,763 INFO c.h.h.t.HelmChartContainer - [hivemq-test-hivemq-platform] [hivemq-platform-operator] [7b38861f] 13:41:28.763 [ReconcilerExecutor-hivemq-controller-127] DEBUG c.h.p.operator.event.EventSender - [helmvolu] Creating K8s event hivemq-platform-ready: [Ready] HiveMQ Platform is ready
2025-01-29 13:41:28,767 INFO c.h.h.t.HelmChartContainer - [EVENT] Normal [Ready] HiveMQ Platform is ready [helmvolumeclaimtemplatesit:test-hivemq-platform]
2025-01-29 13:41:28,769 INFO c.h.h.t.HelmChartContainer - [hivemq-test-hivemq-platform] [hivemq-platform-operator] [7b38861f] 13:41:28.768 [ReconcilerExecutor-hivemq-controller-127] INFO  c.h.p.o.h.AbstractHiveMQReconcilerStateHandler - [helmvolu] Update HiveMQ Platform Status (STARTING [READY] -> RUNNING [READY]): HiveMQ Platform is ready
2025-01-29 13:41:28,777 DEBUG com.hivemq.helmcharts.util.K8sUtil - Comparing actual state 'RUNNING' and waiting for 'RUNNING'
2025-01-29 13:41:28,861 INFO c.h.h.t.HelmChartContainer - [hivemq-test-hivemq-platform] [hivemq-platform-operator] [7b38861f] 13:41:28.859 [pool-6-thread-42] DEBUG c.h.p.o.d.PlatformServiceResource - [helmvolu] Desired Platform services (3 services)
2025-01-29 13:41:28,861 INFO c.h.h.t.HelmChartContainer - [hivemq-test-hivemq-platform] [hivemq-platform-operator] [7b38861f] 13:41:28.859 [pool-6-thread-45] DEBUG c.h.p.o.d.PodServiceAccountResource - [helmvolu] Desired PodServiceAccountResource (serviceAccountName: hivemq-platform-pod-test-hivemq-platform)
2025-01-29 13:41:28,864 INFO c.h.h.t.HelmChartContainer - [hivemq-test-hivemq-platform] [hivemq-platform-operator] [7b38861f] 13:41:28.861 [pool-6-thread-41] DEBUG c.h.p.o.dependants.PodInfoConfigMap - [helmvolu] Desired PodInfo ConfigMap (1 extensions) (1 enabled)
2025-01-29 13:41:28,864 INFO c.h.h.t.HelmChartContainer - [hivemq-test-hivemq-platform] [hivemq-platform-operator] [7b38861f] 13:41:28.862 [pool-6-thread-41] DEBUG c.h.p.o.dependants.PodInfoConfigMap - [helmvolu] Desired PodInfo ConfigMap (metrics port: 9399) (metrics path: /)
2025-01-29 13:41:28,864 INFO c.h.h.t.HelmChartContainer - [hivemq-test-hivemq-platform] [hivemq-platform-operator] [7b38861f] 13:41:28.862 [pool-6-thread-41] DEBUG c.h.p.o.dependants.PodInfoConfigMap - [helmvolu] Desired PodInfo ConfigMap (extension state hash: -1817474005)
2025-01-29 13:41:28,864 INFO c.h.h.t.HelmChartContainer - [hivemq-test-hivemq-platform] [hivemq-platform-operator] [7b38861f] 13:41:28.863 [pool-6-thread-41] DEBUG c.h.p.o.dependants.PodInfoConfigMap - [helmvolu] Update PodInfo ConfigMap
2025-01-29 13:41:28,873 INFO c.h.h.t.HelmChartContainer - [hivemq-test-hivemq-platform] [hivemq-platform-operator] [7b38861f] 13:41:28.871 [pool-6-thread-41] DEBUG c.h.p.o.d.StatefulSetResource - [helmvolu] Desired StatefulSet (2 replicas) for status RUNNING (READY)
2025-01-29 13:41:28,877 INFO c.h.h.t.HelmChartContainer - [hivemq-test-hivemq-platform] [hivemq-platform-operator] [7b38861f] 13:41:28.875 [ReconcilerExecutor-hivemq-controller-128] INFO  c.h.p.o.HiveMQPlatformReconciler - [helmvolu] Reconciling HiveMQ Platform 'test-hivemq-platform' in namespace 'helmvolumeclaimtemplatesit'
2025-01-29 13:41:28,877 INFO c.h.h.t.HelmChartContainer - [hivemq-test-hivemq-platform] [hivemq-platform-operator] [7b38861f] 13:41:28.875 [ReconcilerExecutor-hivemq-controller-128] DEBUG c.h.p.o.HiveMQPlatformReconciler - [helmvolu] Custom Resource Status RUNNING - HiveMQ Platform is ready (READY)
2025-01-29 13:41:28,877 INFO c.h.h.t.HelmChartContainer - [hivemq-test-hivemq-platform] [hivemq-platform-operator] [7b38861f] 13:41:28.876 [ReconcilerExecutor-hivemq-controller-128] DEBUG c.h.p.o.HiveMQPlatformReconciler - [helmvolu] Custom Resource Spec (replicas: 2) (extensions: 1)
2025-01-29 13:41:28,878 INFO c.h.h.t.HelmChartContainer - [hivemq-test-hivemq-platform] [hivemq-platform-operator] [7b38861f] 13:41:28.877 [ReconcilerExecutor-hivemq-controller-128] DEBUG c.h.p.o.HiveMQPlatformReconciler - [helmvolu] StatefulSet Status (revision: test-hivemq-platform-6c7bb94cbd, replicas: 2, available: 2, ready: 2, current: 2, updated: 2)
2025-01-29 13:41:28,878 INFO c.h.h.t.HelmChartContainer - [hivemq-test-hivemq-platform] [hivemq-platform-operator] [7b38861f] 13:41:28.877 [ReconcilerExecutor-hivemq-controller-128] DEBUG c.h.p.o.HiveMQPlatformReconciler - [helmvolu] StatefulSet Spec (replicas: 2, init containers: 1, containers: 1, volumes: 4)
2025-01-29 13:41:28,960 INFO c.h.h.t.HelmChartContainer - [hivemq-test-hivemq-platform] [hivemq-platform-operator] [7b38861f] 13:41:28.959 [ReconcilerExecutor-hivemq-controller-128] DEBUG c.h.p.o.h.HiveMQPlatformReconcilerErrorHandler - [helmvolu] Pod 'test-hivemq-platform-1' phase Running
2025-01-29 13:41:28,962 INFO c.h.h.t.HelmChartContainer - [hivemq-test-hivemq-platform] [hivemq-platform-operator] [7b38861f] 13:41:28.960 [ReconcilerExecutor-hivemq-controller-128] DEBUG c.h.p.o.h.HiveMQPlatformReconcilerErrorHandler - [helmvolu] Pod 'test-hivemq-platform-0' phase Running
2025-01-29 13:41:29,236 INFO c.h.h.t.HelmChartContainer - [K3S] [scope.go:117] "RemoveContainer" containerID="fa280b2fa650a13af04f9be2e1bdba46b3ceba6df19f4624195e7e147fb67e1f"
2025-01-29 13:41:30,895 DEBUG com.hivemq.helmcharts.util.PodUtil - Received status for command '[touch, /opt/hivemq/data/test-hivemq-platform-0.txt]' on pod 'test-hivemq-platform-0' (exit code: 0)
2025-01-29 13:41:30,980 DEBUG com.hivemq.helmcharts.util.PodUtil - Received status for command '[sh, -c, echo -n 'Persisted content for pod test-hivemq-platform-0' >> /opt/hivemq/data/test-hivemq-platform-0.txt]' on pod 'test-hivemq-platform-0' (exit code: 0)
2025-01-29 13:41:31,066 DEBUG com.hivemq.helmcharts.util.PodUtil - Received status for command '[touch, /opt/hivemq/data/test-hivemq-platform-1.txt]' on pod 'test-hivemq-platform-1' (exit code: 0)
2025-01-29 13:41:31,150 DEBUG com.hivemq.helmcharts.util.PodUtil - Received status for command '[sh, -c, echo -n 'Persisted content for pod test-hivemq-platform-1' >> /opt/hivemq/data/test-hivemq-platform-1.txt]' on pod 'test-hivemq-platform-1' (exit code: 0)
2025-01-29 13:41:31,167 DEBUG com.hivemq.helmcharts.util.K8sUtil - Comparing actual state 'RUNNING' and waiting for 'ROLLING_RESTART'
2025-01-29 13:41:31,169 INFO c.h.h.t.HelmChartContainer - [hivemq-test-hivemq-platform] [hivemq-platform-operator] [7b38861f] 13:41:31.167 [pool-6-thread-5] DEBUG c.h.p.o.d.PlatformServiceResource - [helmvolu] Desired Platform services (3 services)
2025-01-29 13:41:31,170 INFO c.h.h.t.HelmChartContainer - [hivemq-test-hivemq-platform] [hivemq-platform-operator] [7b38861f] 13:41:31.168 [pool-6-thread-4] DEBUG c.h.p.o.dependants.PodInfoConfigMap - [helmvolu] Desired PodInfo ConfigMap (1 extensions) (1 enabled)
2025-01-29 13:41:31,170 INFO c.h.h.t.HelmChartContainer - [hivemq-test-hivemq-platform] [hivemq-platform-operator] [7b38861f] 13:41:31.168 [pool-6-thread-4] DEBUG c.h.p.o.dependants.PodInfoConfigMap - [helmvolu] Desired PodInfo ConfigMap (metrics port: 9399) (metrics path: /)
2025-01-29 13:41:31,170 INFO c.h.h.t.HelmChartContainer - [hivemq-test-hivemq-platform] [hivemq-platform-operator] [7b38861f] 13:41:31.168 [pool-6-thread-4] DEBUG c.h.p.o.dependants.PodInfoConfigMap - [helmvolu] Desired PodInfo ConfigMap (extension state hash: -1817474005)
2025-01-29 13:41:31,174 INFO c.h.h.t.HelmChartContainer - [hivemq-test-hivemq-platform] [hivemq-platform-operator] [7b38861f] 13:41:31.171 [pool-6-thread-4] DEBUG c.h.p.o.d.PodServiceAccountResource - [helmvolu] Desired PodServiceAccountResource (serviceAccountName: hivemq-platform-pod-test-hivemq-platform)
2025-01-29 13:41:31,175 INFO c.h.h.t.HelmChartContainer - [hivemq-test-hivemq-platform] [hivemq-platform-operator] [7b38861f] 13:41:31.175 [pool-6-thread-5] DEBUG c.h.p.o.d.StatefulSetResource - [helmvolu] Desired StatefulSet (2 replicas) for status RUNNING (READY)
2025-01-29 13:41:31,179 INFO c.h.h.t.HelmChartContainer - [hivemq-test-hivemq-platform] [hivemq-platform-operator] [7b38861f] 13:41:31.178 [pool-6-thread-5] DEBUG c.h.p.o.d.StatefulSetResource - [helmvolu] Update StatefulSet (replicas: 2 -> 2)
2025-01-29 13:41:31,179 INFO c.h.h.t.HelmChartContainer - [hivemq-test-hivemq-platform] [hivemq-platform-operator] [7b38861f] 13:41:31.179 [pool-6-thread-5] DEBUG c.h.p.o.d.StatefulSetResource - [helmvolu] Detected change in StatefulSet specification (path: /template/metadata/annotations/kubernetes-resource-versions) (actual value: {broker-configuration-v2=-2089688360}) (target value: {broker-configuration-v2=1242811043})
2025-01-29 13:41:31,179 INFO c.h.h.t.HelmChartContainer - [hivemq-test-hivemq-platform] [hivemq-platform-operator] [7b38861f] 13:41:31.179 [pool-6-thread-5] INFO  c.h.p.o.d.StatefulSetResource - [helmvolu] StatefulSet spec was updated, triggering rolling restart
2025-01-29 13:41:31,261 INFO c.h.h.t.HelmChartContainer - [hivemq-test-hivemq-platform] [hivemq-platform-operator] [7b38861f] 13:41:31.258 [ReconcilerExecutor-hivemq-controller-129] INFO  c.h.p.o.HiveMQPlatformReconciler - [helmvolu] Reconciling HiveMQ Platform 'test-hivemq-platform' in namespace 'helmvolumeclaimtemplatesit'
2025-01-29 13:41:31,262 INFO c.h.h.t.HelmChartContainer - [hivemq-test-hivemq-platform] [hivemq-platform-operator] [7b38861f] 13:41:31.258 [ReconcilerExecutor-hivemq-controller-129] DEBUG c.h.p.o.HiveMQPlatformReconciler - [helmvolu] Custom Resource Status RUNNING - HiveMQ Platform is ready (READY) (reconciliation requests: REQUESTS_UPDATED, ROLLING_RESTART)
2025-01-29 13:41:31,262 INFO c.h.h.t.HelmChartContainer - [hivemq-test-hivemq-platform] [hivemq-platform-operator] [7b38861f] 13:41:31.258 [ReconcilerExecutor-hivemq-controller-129] DEBUG c.h.p.o.HiveMQPlatformReconciler - [helmvolu] Custom Resource Spec (replicas: 2) (extensions: 1)
2025-01-29 13:41:31,262 INFO c.h.h.t.HelmChartContainer - [hivemq-test-hivemq-platform] [hivemq-platform-operator] [7b38861f] 13:41:31.259 [ReconcilerExecutor-hivemq-controller-129] DEBUG c.h.p.o.HiveMQPlatformReconciler - [helmvolu] StatefulSet Status (revision: test-hivemq-platform-6c7bb94cbd, replicas: 2, available: 2, ready: 2, current: 2, updated: 2)
2025-01-29 13:41:31,262 INFO c.h.h.t.HelmChartContainer - [hivemq-test-hivemq-platform] [hivemq-platform-operator] [7b38861f] 13:41:31.259 [ReconcilerExecutor-hivemq-controller-129] DEBUG c.h.p.o.HiveMQPlatformReconciler - [helmvolu] StatefulSet Spec (replicas: 2, init containers: 1, containers: 1, volumes: 4)
2025-01-29 13:41:31,262 INFO c.h.h.t.HelmChartContainer - [hivemq-test-hivemq-platform] [hivemq-platform-operator] [7b38861f] 13:41:31.261 [ReconcilerExecutor-hivemq-controller-129] DEBUG c.h.p.o.h.HiveMQPlatformReconcilerErrorHandler - [helmvolu] Pod 'test-hivemq-platform-1' phase Running
2025-01-29 13:41:31,264 INFO c.h.h.t.HelmChartContainer - [hivemq-test-hivemq-platform] [hivemq-platform-operator] [7b38861f] 13:41:31.262 [ReconcilerExecutor-hivemq-controller-129] DEBUG c.h.p.o.h.HiveMQPlatformReconcilerErrorHandler - [helmvolu] Pod 'test-hivemq-platform-0' phase Running
2025-01-29 13:41:31,265 INFO c.h.h.t.HelmChartContainer - [hivemq-test-hivemq-platform] [hivemq-platform-operator] [7b38861f] 13:41:31.262 [ReconcilerExecutor-hivemq-controller-129] INFO  c.h.p.o.h.HiveMQPlatformReconcilerBaseHandler - [helmvolu] Started rolling restart (scaling to 3 replicas)
2025-01-29 13:41:31,359 INFO c.h.h.t.HelmChartContainer - [hivemq-test-hivemq-platform] [hivemq-platform-operator] [7b38861f] 13:41:31.279 [ReconcilerExecutor-hivemq-controller-129] DEBUG c.h.p.operator.event.EventSender - [helmvolu] Creating K8s event rolling-restart-started: [RollingRestart] HiveMQ Platform is starting a surge Pod (rolling restart)
2025-01-29 13:41:31,369 INFO c.h.h.t.HelmChartContainer - [EVENT] Normal [RollingRestart] HiveMQ Platform is starting a surge Pod (rolling restart) [helmvolumeclaimtemplatesit:test-hivemq-platform]
2025-01-29 13:41:31,372 INFO c.h.h.t.HelmChartContainer - [hivemq-test-hivemq-platform] [hivemq-platform-operator] [7b38861f] 13:41:31.370 [ReconcilerExecutor-hivemq-controller-129] INFO  c.h.p.o.h.AbstractHiveMQReconcilerStateHandler - [helmvolu] Update HiveMQ Platform Status (RUNNING [READY] -> ROLLING_RESTART [SURGE_IN_PROGRESS]): HiveMQ Platform is starting a surge Pod (rolling restart)
2025-01-29 13:41:31,382 DEBUG com.hivemq.helmcharts.util.K8sUtil - Comparing actual state 'ROLLING_RESTART' and waiting for 'ROLLING_RESTART'
2025-01-29 13:41:31,389 INFO c.h.h.t.HelmChartContainer - [hivemq-test-hivemq-platform] [hivemq-platform-operator] [7b38861f] 13:41:31.385 [pool-6-thread-17] DEBUG c.h.p.o.d.PlatformServiceResource - [helmvolu] Desired Platform services (3 services)
2025-01-29 13:41:31,389 INFO c.h.h.t.HelmChartContainer - [hivemq-test-hivemq-platform] [hivemq-platform-operator] [7b38861f] 13:41:31.385 [pool-6-thread-12] DEBUG c.h.p.o.dependants.PodInfoConfigMap - [helmvolu] Desired PodInfo ConfigMap (1 extensions) (1 enabled)
2025-01-29 13:41:31,389 INFO c.h.h.t.HelmChartContainer - [hivemq-test-hivemq-platform] [hivemq-platform-operator] [7b38861f] 13:41:31.385 [pool-6-thread-12] DEBUG c.h.p.o.dependants.PodInfoConfigMap - [helmvolu] Desired PodInfo ConfigMap (metrics port: 9399) (metrics path: /)
2025-01-29 13:41:31,389 INFO c.h.h.t.HelmChartContainer - [hivemq-test-hivemq-platform] [hivemq-platform-operator] [7b38861f] 13:41:31.385 [pool-6-thread-12] DEBUG c.h.p.o.dependants.PodInfoConfigMap - [helmvolu] Desired PodInfo ConfigMap (extension state hash: -1817474005)
2025-01-29 13:41:31,390 DEBUG com.hivemq.helmcharts.util.K8sUtil - Comparing actual state 'ROLLING_RESTART' and waiting for 'RUNNING'
2025-01-29 13:41:31,391 INFO c.h.h.t.HelmChartContainer - [hivemq-test-hivemq-platform] [hivemq-platform-operator] [7b38861f] 13:41:31.386 [pool-6-thread-12] DEBUG c.h.p.o.dependants.PodInfoConfigMap - [helmvolu] Update PodInfo ConfigMap
2025-01-29 13:41:31,459 INFO c.h.h.t.HelmChartContainer - [hivemq-test-hivemq-platform] [hivemq-platform-operator] [7b38861f] 13:41:31.458 [pool-6-thread-18] DEBUG c.h.p.o.d.PodServiceAccountResource - [helmvolu] Desired PodServiceAccountResource (serviceAccountName: hivemq-platform-pod-test-hivemq-platform)
2025-01-29 13:41:31,463 INFO c.h.h.t.HelmChartContainer - [hivemq-test-hivemq-platform] [hivemq-platform-operator] [7b38861f] 13:41:31.463 [pool-6-thread-12] DEBUG c.h.p.o.d.StatefulSetResource - [helmvolu] Desired StatefulSet (3 replicas) for status ROLLING_RESTART (SURGE_IN_PROGRESS)
2025-01-29 13:41:31,466 INFO c.h.h.t.HelmChartContainer - [hivemq-test-hivemq-platform] [hivemq-platform-operator] [7b38861f] 13:41:31.466 [pool-6-thread-12] DEBUG c.h.p.o.d.StatefulSetResource - [helmvolu] Update StatefulSet (replicas: 2 -> 3)
2025-01-29 13:41:31,479 INFO c.h.h.t.HelmChartContainer - [hivemq-test-hivemq-platform] [hivemq-platform-operator] [7b38861f] 13:41:31.477 [ReconcilerExecutor-hivemq-controller-130] INFO  c.h.p.o.HiveMQPlatformReconciler - [helmvolu] Reconciling HiveMQ Platform 'test-hivemq-platform' in namespace 'helmvolumeclaimtemplatesit'
2025-01-29 13:41:31,479 INFO c.h.h.t.HelmChartContainer - [hivemq-test-hivemq-platform] [hivemq-platform-operator] [7b38861f] 13:41:31.477 [ReconcilerExecutor-hivemq-controller-130] DEBUG c.h.p.o.HiveMQPlatformReconciler - [helmvolu] Custom Resource Status ROLLING_RESTART - HiveMQ Platform is starting a surge Pod (rolling restart) (SURGE_IN_PROGRESS)
2025-01-29 13:41:31,479 INFO c.h.h.t.HelmChartContainer - [hivemq-test-hivemq-platform] [hivemq-platform-operator] [7b38861f] 13:41:31.477 [ReconcilerExecutor-hivemq-controller-130] DEBUG c.h.p.o.HiveMQPlatformReconciler - [helmvolu] Custom Resource Spec (replicas: 2) (extensions: 1)
2025-01-29 13:41:31,484 INFO c.h.h.t.HelmChartContainer - [hivemq-test-hivemq-platform] [hivemq-platform-operator] [7b38861f] 13:41:31.479 [ReconcilerExecutor-hivemq-controller-130] DEBUG c.h.p.o.HiveMQPlatformReconciler - [helmvolu] StatefulSet Status (revision: test-hivemq-platform-59475f86c9, replicas: 2, available: 2, ready: 2, current: 2, updated: 0)
2025-01-29 13:41:31,484 INFO c.h.h.t.HelmChartContainer - [hivemq-test-hivemq-platform] [hivemq-platform-operator] [7b38861f] 13:41:31.479 [ReconcilerExecutor-hivemq-controller-130] DEBUG c.h.p.o.HiveMQPlatformReconciler - [helmvolu] StatefulSet Spec (replicas: 3, init containers: 1, containers: 1, volumes: 4)
2025-01-29 13:41:31,484 INFO c.h.h.t.HelmChartContainer - [hivemq-test-hivemq-platform] [hivemq-platform-operator] [7b38861f] 13:41:31.480 [ReconcilerExecutor-hivemq-controller-130] DEBUG c.h.p.o.h.HiveMQPlatformReconcilerErrorHandler - [helmvolu] Pod 'test-hivemq-platform-1' phase Running
2025-01-29 13:41:31,484 INFO c.h.h.t.HelmChartContainer - [hivemq-test-hivemq-platform] [hivemq-platform-operator] [7b38861f] 13:41:31.482 [ReconcilerExecutor-hivemq-controller-130] DEBUG c.h.p.o.h.HiveMQPlatformReconcilerErrorHandler - [helmvolu] Pod 'test-hivemq-platform-0' phase Running
2025-01-29 13:41:31,486 INFO c.h.h.t.HelmChartContainer - [hivemq-test-hivemq-platform] [hivemq-platform-operator] [7b38861f] 13:41:31.484 [ReconcilerExecutor-hivemq-controller-130] DEBUG c.h.p.o.h.HiveMQPlatformReconcilerRollingRestartHandler - [helmvolu] Rolling restart is waiting for 2 of 3 replicas
2025-01-29 13:41:31,486 INFO c.h.h.t.HelmChartContainer - [EVENT] Normal [SuccessfulCreate] create Claim hivemq-pvc-data-test-hivemq-platform-2 Pod test-hivemq-platform-2 in StatefulSet test-hivemq-platform success [helmvolumeclaimtemplatesit:test-hivemq-platform]
2025-01-29 13:41:31,488 INFO c.h.h.t.HelmChartContainer - [EVENT] Normal [WaitForFirstConsumer] waiting for first consumer to be created before binding [helmvolumeclaimtemplatesit:hivemq-pvc-data-test-hivemq-platform-2]
2025-01-29 13:41:31,490 INFO c.h.h.t.HelmChartContainer - [POD] test-hivemq-platform-2 [c13dbd2e-87cd-4ccb-a8ae-0b940e699703] in helmvolumeclaimtemplatesit was ADDED
2025-01-29 13:41:31,490 INFO c.h.h.t.HelmChartContainer - [EVENT] Normal [SuccessfulCreate] create Pod test-hivemq-platform-2 in StatefulSet test-hivemq-platform successful [helmvolumeclaimtemplatesit:test-hivemq-platform]
2025-01-29 13:41:31,502 INFO c.h.h.t.HelmChartContainer - [EVENT] Normal [ExternalProvisioning] Waiting for a volume to be created either by the external provisioner 'rancher.io/local-path' or manually by the system administrator. If volume creation is delayed, please verify that the provisioner is running and correctly registered. [helmvolumeclaimtemplatesit:hivemq-pvc-data-test-hivemq-platform-2]
2025-01-29 13:41:31,507 INFO c.h.h.t.HelmChartContainer - [EVENT] Normal [Provisioning] External provisioner is provisioning volume for claim "helmvolumeclaimtemplatesit/hivemq-pvc-data-test-hivemq-platform-2" [helmvolumeclaimtemplatesit:hivemq-pvc-data-test-hivemq-platform-2]
2025-01-29 13:41:31,565 INFO c.h.h.t.HelmChartContainer - [hivemq-test-hivemq-platform] [hivemq-platform-operator] [7b38861f] 13:41:31.562 [pool-6-thread-30] DEBUG c.h.p.o.d.PlatformServiceResource - [helmvolu] Desired Platform services (3 services)
2025-01-29 13:41:31,568 INFO c.h.h.t.HelmChartContainer - [hivemq-test-hivemq-platform] [hivemq-platform-operator] [7b38861f] 13:41:31.564 [pool-6-thread-27] DEBUG c.h.p.o.dependants.PodInfoConfigMap - [helmvolu] Desired PodInfo ConfigMap (1 extensions) (1 enabled)
2025-01-29 13:41:31,568 INFO c.h.h.t.HelmChartContainer - [hivemq-test-hivemq-platform] [hivemq-platform-operator] [7b38861f] 13:41:31.564 [pool-6-thread-27] DEBUG c.h.p.o.dependants.PodInfoConfigMap - [helmvolu] Desired PodInfo ConfigMap (metrics port: 9399) (metrics path: /)
2025-01-29 13:41:31,569 INFO c.h.h.t.HelmChartContainer - [hivemq-test-hivemq-platform] [hivemq-platform-operator] [7b38861f] 13:41:31.564 [pool-6-thread-27] DEBUG c.h.p.o.dependants.PodInfoConfigMap - [helmvolu] Desired PodInfo ConfigMap (extension state hash: -1817474005)
2025-01-29 13:41:31,569 INFO c.h.h.t.HelmChartContainer - [hivemq-test-hivemq-platform] [hivemq-platform-operator] [7b38861f] 13:41:31.566 [pool-6-thread-22] DEBUG c.h.p.o.d.PodServiceAccountResource - [helmvolu] Desired PodServiceAccountResource (serviceAccountName: hivemq-platform-pod-test-hivemq-platform)
2025-01-29 13:41:31,571 INFO c.h.h.t.HelmChartContainer - [hivemq-test-hivemq-platform] [hivemq-platform-operator] [7b38861f] 13:41:31.570 [pool-6-thread-28] DEBUG c.h.p.o.d.StatefulSetResource - [helmvolu] Desired StatefulSet (3 replicas) for status ROLLING_RESTART (SURGE_IN_PROGRESS)
2025-01-29 13:41:31,574 INFO c.h.h.t.HelmChartContainer - [hivemq-test-hivemq-platform] [hivemq-platform-operator] [7b38861f] 13:41:31.573 [ReconcilerExecutor-hivemq-controller-131] INFO  c.h.p.o.HiveMQPlatformReconciler - [helmvolu] Reconciling HiveMQ Platform 'test-hivemq-platform' in namespace 'helmvolumeclaimtemplatesit'
2025-01-29 13:41:31,574 INFO c.h.h.t.HelmChartContainer - [hivemq-test-hivemq-platform] [hivemq-platform-operator] [7b38861f] 13:41:31.573 [ReconcilerExecutor-hivemq-controller-131] DEBUG c.h.p.o.HiveMQPlatformReconciler - [helmvolu] Custom Resource Status ROLLING_RESTART - HiveMQ Platform is starting a surge Pod (rolling restart) (SURGE_IN_PROGRESS)
2025-01-29 13:41:31,574 INFO c.h.h.t.HelmChartContainer - [hivemq-test-hivemq-platform] [hivemq-platform-operator] [7b38861f] 13:41:31.573 [ReconcilerExecutor-hivemq-controller-131] DEBUG c.h.p.o.HiveMQPlatformReconciler - [helmvolu] Custom Resource Spec (replicas: 2) (extensions: 1)
2025-01-29 13:41:31,584 INFO c.h.h.t.HelmChartContainer - [POD] helper-pod-create-pvc-15356430-6954-47f0-81dc-9aada9b5ebad [66dca6e5-9a3a-421b-8ef8-bed76714a72c] in kube-system was ADDED
2025-01-29 13:41:31,590 INFO c.h.h.t.HelmChartContainer - [POD] helper-pod-create-pvc-15356430-6954-47f0-81dc-9aada9b5ebad [66dca6e5-9a3a-421b-8ef8-bed76714a72c] in kube-system was MODIFIED
2025-01-29 13:41:31,660 INFO c.h.h.t.HelmChartContainer - [hivemq-test-hivemq-platform] [hivemq-platform-operator] [7b38861f] 13:41:31.659 [ReconcilerExecutor-hivemq-controller-131] DEBUG c.h.p.o.HiveMQPlatformReconciler - [helmvolu] StatefulSet Status (revision: test-hivemq-platform-59475f86c9, replicas: 3, available: 2, ready: 2, current: 2, updated: 1)
2025-01-29 13:41:31,661 INFO c.h.h.t.HelmChartContainer - [hivemq-test-hivemq-platform] [hivemq-platform-operator] [7b38861f] 13:41:31.659 [ReconcilerExecutor-hivemq-controller-131] DEBUG c.h.p.o.HiveMQPlatformReconciler - [helmvolu] StatefulSet Spec (replicas: 3, init containers: 1, containers: 1, volumes: 4)
2025-01-29 13:41:31,661 INFO c.h.h.t.HelmChartContainer - [hivemq-test-hivemq-platform] [hivemq-platform-operator] [7b38861f] 13:41:31.660 [ReconcilerExecutor-hivemq-controller-131] DEBUG c.h.p.o.h.HiveMQPlatformReconcilerErrorHandler - [helmvolu] Pod 'test-hivemq-platform-2' phase Pending
2025-01-29 13:41:31,663 INFO c.h.h.t.HelmChartContainer - [hivemq-test-hivemq-platform] [hivemq-platform-operator] [7b38861f] 13:41:31.662 [ReconcilerExecutor-hivemq-controller-131] DEBUG c.h.p.o.h.HiveMQPlatformReconcilerErrorHandler - [helmvolu] Pod 'test-hivemq-platform-1' phase Running
2025-01-29 13:41:31,665 INFO c.h.h.t.HelmChartContainer - [hivemq-test-hivemq-platform] [hivemq-platform-operator] [7b38861f] 13:41:31.664 [ReconcilerExecutor-hivemq-controller-131] DEBUG c.h.p.o.h.HiveMQPlatformReconcilerErrorHandler - [helmvolu] Pod 'test-hivemq-platform-0' phase Running
2025-01-29 13:41:31,665 INFO c.h.h.t.HelmChartContainer - [hivemq-test-hivemq-platform] [hivemq-platform-operator] [7b38861f] 13:41:31.664 [ReconcilerExecutor-hivemq-controller-131] DEBUG c.h.p.o.h.HiveMQPlatformReconcilerRollingRestartHandler - [helmvolu] Rolling restart is waiting for 2 of 3 replicas
2025-01-29 13:41:31,671 INFO c.h.h.t.HelmChartContainer - [hivemq-test-hivemq-platform] [hivemq-platform-operator] [7b38861f] 13:41:31.668 [pool-6-thread-33] DEBUG c.h.p.o.d.PlatformServiceResource - [helmvolu] Desired Platform services (3 services)
2025-01-29 13:41:31,672 INFO c.h.h.t.HelmChartContainer - [hivemq-test-hivemq-platform] [hivemq-platform-operator] [7b38861f] 13:41:31.668 [pool-6-thread-32] DEBUG c.h.p.o.d.PodServiceAccountResource - [helmvolu] Desired PodServiceAccountResource (serviceAccountName: hivemq-platform-pod-test-hivemq-platform)
2025-01-29 13:41:31,672 INFO c.h.h.t.HelmChartContainer - [hivemq-test-hivemq-platform] [hivemq-platform-operator] [7b38861f] 13:41:31.670 [pool-6-thread-38] DEBUG c.h.p.o.dependants.PodInfoConfigMap - [helmvolu] Desired PodInfo ConfigMap (1 extensions) (1 enabled)
2025-01-29 13:41:31,672 INFO c.h.h.t.HelmChartContainer - [hivemq-test-hivemq-platform] [hivemq-platform-operator] [7b38861f] 13:41:31.671 [pool-6-thread-38] DEBUG c.h.p.o.dependants.PodInfoConfigMap - [helmvolu] Desired PodInfo ConfigMap (metrics port: 9399) (metrics path: /)
2025-01-29 13:41:31,672 INFO c.h.h.t.HelmChartContainer - [hivemq-test-hivemq-platform] [hivemq-platform-operator] [7b38861f] 13:41:31.671 [pool-6-thread-38] DEBUG c.h.p.o.dependants.PodInfoConfigMap - [helmvolu] Desired PodInfo ConfigMap (extension state hash: -1817474005)
2025-01-29 13:41:31,675 INFO c.h.h.t.HelmChartContainer - [hivemq-test-hivemq-platform] [hivemq-platform-operator] [7b38861f] 13:41:31.673 [pool-6-thread-37] DEBUG c.h.p.o.d.StatefulSetResource - [helmvolu] Desired StatefulSet (3 replicas) for status ROLLING_RESTART (SURGE_IN_PROGRESS)
2025-01-29 13:41:31,737 INFO c.h.h.t.HelmChartContainer - [K3S] [reconciler_common.go:251] "operationExecutor.VerifyControllerAttachedVolume started for volume \"kube-api-access-lkrpr\" (UniqueName: \"kubernetes.io/projected/66dca6e5-9a3a-421b-8ef8-bed76714a72c-kube-api-access-lkrpr\") pod \"helper-pod-create-pvc-15356430-6954-47f0-81dc-9aada9b5ebad\" (UID: \"66dca6e5-9a3a-421b-8ef8-bed76714a72c\") " pod="kube-system/helper-pod-create-pvc-15356430-6954-47f0-81dc-9aada9b5ebad"
2025-01-29 13:41:31,738 INFO c.h.h.t.HelmChartContainer - [K3S] [reconciler_common.go:251] "operationExecutor.VerifyControllerAttachedVolume started for volume \"script\" (UniqueName: \"kubernetes.io/configmap/66dca6e5-9a3a-421b-8ef8-bed76714a72c-script\") pod \"helper-pod-create-pvc-15356430-6954-47f0-81dc-9aada9b5ebad\" (UID: \"66dca6e5-9a3a-421b-8ef8-bed76714a72c\") " pod="kube-system/helper-pod-create-pvc-15356430-6954-47f0-81dc-9aada9b5ebad"
2025-01-29 13:41:31,738 INFO c.h.h.t.HelmChartContainer - [K3S] [reconciler_common.go:251] "operationExecutor.VerifyControllerAttachedVolume started for volume \"data\" (UniqueName: \"kubernetes.io/host-path/66dca6e5-9a3a-421b-8ef8-bed76714a72c-data\") pod \"helper-pod-create-pvc-15356430-6954-47f0-81dc-9aada9b5ebad\" (UID: \"66dca6e5-9a3a-421b-8ef8-bed76714a72c\") " pod="kube-system/helper-pod-create-pvc-15356430-6954-47f0-81dc-9aada9b5ebad"
2025-01-29 13:41:31,759 INFO c.h.h.t.HelmChartContainer - [hivemq-test-hivemq-platform] [hivemq-platform-operator] [7b38861f] 13:41:31.758 [ReconcilerExecutor-hivemq-controller-132] INFO  c.h.p.o.HiveMQPlatformReconciler - [helmvolu] Reconciling HiveMQ Platform 'test-hivemq-platform' in namespace 'helmvolumeclaimtemplatesit'
2025-01-29 13:41:31,759 INFO c.h.h.t.HelmChartContainer - [hivemq-test-hivemq-platform] [hivemq-platform-operator] [7b38861f] 13:41:31.758 [ReconcilerExecutor-hivemq-controller-132] DEBUG c.h.p.o.HiveMQPlatformReconciler - [helmvolu] Custom Resource Status ROLLING_RESTART - HiveMQ Platform is starting a surge Pod (rolling restart) (SURGE_IN_PROGRESS)
2025-01-29 13:41:31,759 INFO c.h.h.t.HelmChartContainer - [hivemq-test-hivemq-platform] [hivemq-platform-operator] [7b38861f] 13:41:31.758 [ReconcilerExecutor-hivemq-controller-132] DEBUG c.h.p.o.HiveMQPlatformReconciler - [helmvolu] Custom Resource Spec (replicas: 2) (extensions: 1)
2025-01-29 13:41:31,761 INFO c.h.h.t.HelmChartContainer - [hivemq-test-hivemq-platform] [hivemq-platform-operator] [7b38861f] 13:41:31.760 [ReconcilerExecutor-hivemq-controller-132] DEBUG c.h.p.o.HiveMQPlatformReconciler - [helmvolu] StatefulSet Status (revision: test-hivemq-platform-59475f86c9, replicas: 3, available: 2, ready: 2, current: 2, updated: 1)
2025-01-29 13:41:31,762 INFO c.h.h.t.HelmChartContainer - [hivemq-test-hivemq-platform] [hivemq-platform-operator] [7b38861f] 13:41:31.760 [ReconcilerExecutor-hivemq-controller-132] DEBUG c.h.p.o.HiveMQPlatformReconciler - [helmvolu] StatefulSet Spec (replicas: 3, init containers: 1, containers: 1, volumes: 4)
2025-01-29 13:41:31,763 INFO c.h.h.t.HelmChartContainer - [hivemq-test-hivemq-platform] [hivemq-platform-operator] [7b38861f] 13:41:31.761 [ReconcilerExecutor-hivemq-controller-132] DEBUG c.h.p.o.h.HiveMQPlatformReconcilerErrorHandler - [helmvolu] Pod 'test-hivemq-platform-2' phase Pending
2025-01-29 13:41:31,763 INFO c.h.h.t.HelmChartContainer - [hivemq-test-hivemq-platform] [hivemq-platform-operator] [7b38861f] 13:41:31.762 [ReconcilerExecutor-hivemq-controller-132] DEBUG c.h.p.o.h.HiveMQPlatformReconcilerErrorHandler - [helmvolu] Pod 'test-hivemq-platform-1' phase Running
2025-01-29 13:41:31,764 INFO c.h.h.t.HelmChartContainer - [hivemq-test-hivemq-platform] [hivemq-platform-operator] [7b38861f] 13:41:31.763 [ReconcilerExecutor-hivemq-controller-132] DEBUG c.h.p.o.h.HiveMQPlatformReconcilerErrorHandler - [helmvolu] Pod 'test-hivemq-platform-0' phase Running
2025-01-29 13:41:31,764 INFO c.h.h.t.HelmChartContainer - [hivemq-test-hivemq-platform] [hivemq-platform-operator] [7b38861f] 13:41:31.763 [ReconcilerExecutor-hivemq-controller-132] DEBUG c.h.p.o.h.HiveMQPlatformReconcilerRollingRestartHandler - [helmvolu] Rolling restart is waiting for 2 of 3 replicas
2025-01-29 13:41:32,579 INFO c.h.h.t.HelmChartContainer - [POD] helper-pod-create-pvc-15356430-6954-47f0-81dc-9aada9b5ebad [66dca6e5-9a3a-421b-8ef8-bed76714a72c] in kube-system was MODIFIED
2025-01-29 13:41:33,663 INFO c.h.h.t.HelmChartContainer - [POD] helper-pod-create-pvc-15356430-6954-47f0-81dc-9aada9b5ebad [66dca6e5-9a3a-421b-8ef8-bed76714a72c] in kube-system was MODIFIED
2025-01-29 13:41:33,750 INFO c.h.h.t.HelmChartContainer - [K3S] [reconciler_common.go:162] "operationExecutor.UnmountVolume started for volume \"kube-api-access-lkrpr\" (UniqueName: \"kubernetes.io/projected/66dca6e5-9a3a-421b-8ef8-bed76714a72c-kube-api-access-lkrpr\") pod \"66dca6e5-9a3a-421b-8ef8-bed76714a72c\" (UID: \"66dca6e5-9a3a-421b-8ef8-bed76714a72c\") "
2025-01-29 13:41:33,750 INFO c.h.h.t.HelmChartContainer - [K3S] [reconciler_common.go:162] "operationExecutor.UnmountVolume started for volume \"script\" (UniqueName: \"kubernetes.io/configmap/66dca6e5-9a3a-421b-8ef8-bed76714a72c-script\") pod \"66dca6e5-9a3a-421b-8ef8-bed76714a72c\" (UID: \"66dca6e5-9a3a-421b-8ef8-bed76714a72c\") "
2025-01-29 13:41:33,750 INFO c.h.h.t.HelmChartContainer - [K3S] [reconciler_common.go:162] "operationExecutor.UnmountVolume started for volume \"data\" (UniqueName: \"kubernetes.io/host-path/66dca6e5-9a3a-421b-8ef8-bed76714a72c-data\") pod \"66dca6e5-9a3a-421b-8ef8-bed76714a72c\" (UID: \"66dca6e5-9a3a-421b-8ef8-bed76714a72c\") "
2025-01-29 13:41:33,850 INFO c.h.h.t.HelmChartContainer - [K3S] [reconciler_common.go:299] "Volume detached for volume \"kube-api-access-lkrpr\" (UniqueName: \"kubernetes.io/projected/66dca6e5-9a3a-421b-8ef8-bed76714a72c-kube-api-access-lkrpr\") on node \"b5478828a543\" DevicePath \"\""
2025-01-29 13:41:33,850 INFO c.h.h.t.HelmChartContainer - [K3S] [reconciler_common.go:299] "Volume detached for volume \"script\" (UniqueName: \"kubernetes.io/configmap/66dca6e5-9a3a-421b-8ef8-bed76714a72c-script\") on node \"b5478828a543\" DevicePath \"\""
2025-01-29 13:41:33,850 INFO c.h.h.t.HelmChartContainer - [K3S] [reconciler_common.go:299] "Volume detached for volume \"data\" (UniqueName: \"kubernetes.io/host-path/66dca6e5-9a3a-421b-8ef8-bed76714a72c-data\") on node \"b5478828a543\" DevicePath \"\""
2025-01-29 13:41:33,963 INFO c.h.h.t.HelmChartContainer - [EVENT] Normal [ExternalProvisioning] Waiting for a volume to be created either by the external provisioner 'rancher.io/local-path' or manually by the system administrator. If volume creation is delayed, please verify that the provisioner is running and correctly registered. [helmvolumeclaimtemplatesit:hivemq-pvc-data-test-hivemq-platform-2]
2025-01-29 13:41:34,576 INFO c.h.h.t.HelmChartContainer - [K3S] [pod_container_deletor.go:80] "Container not found in pod's containers" containerID="b8dc4f77181245f8d373a6cc0a7c0d49bcd56384119c1d9d9c8bc8279a3d57a4"
2025-01-29 13:41:34,603 INFO c.h.h.t.HelmChartContainer - [POD] helper-pod-create-pvc-15356430-6954-47f0-81dc-9aada9b5ebad [66dca6e5-9a3a-421b-8ef8-bed76714a72c] in kube-system was MODIFIED
2025-01-29 13:41:34,608 INFO c.h.h.t.HelmChartContainer - [POD] helper-pod-create-pvc-15356430-6954-47f0-81dc-9aada9b5ebad [66dca6e5-9a3a-421b-8ef8-bed76714a72c] in kube-system was DELETED
2025-01-29 13:41:34,613 INFO c.h.h.t.HelmChartContainer - [EVENT] Normal [ProvisioningSucceeded] Successfully provisioned volume pvc-15356430-6954-47f0-81dc-9aada9b5ebad [helmvolumeclaimtemplatesit:hivemq-pvc-data-test-hivemq-platform-2]
2025-01-29 13:41:35,185 INFO c.h.h.t.HelmChartContainer - [K3S] [kubelet_volumes.go:163] "Cleaned up orphaned pod volumes dir" podUID="66dca6e5-9a3a-421b-8ef8-bed76714a72c" path="/var/lib/kubelet/pods/66dca6e5-9a3a-421b-8ef8-bed76714a72c/volumes"
2025-01-29 13:41:35,502 INFO c.h.h.t.HelmChartContainer - [K3S] [memory_manager.go:355] "RemoveStaleState removing state" podUID="66dca6e5-9a3a-421b-8ef8-bed76714a72c" containerName="helper-pod"
2025-01-29 13:41:35,504 INFO c.h.h.t.HelmChartContainer - [POD] test-hivemq-platform-2 [c13dbd2e-87cd-4ccb-a8ae-0b940e699703] in helmvolumeclaimtemplatesit was MODIFIED
2025-01-29 13:41:35,504 INFO c.h.h.t.HelmChartContainer - [EVENT] Normal [Scheduled] Successfully assigned helmvolumeclaimtemplatesit/test-hivemq-platform-2 to b5478828a543 [helmvolumeclaimtemplatesit:test-hivemq-platform-2]
2025-01-29 13:41:35,508 INFO c.h.h.t.HelmChartContainer - [hivemq-test-hivemq-platform] [hivemq-platform-operator] [7b38861f] 13:41:35.506 [pool-6-thread-45] DEBUG c.h.p.o.d.PlatformServiceResource - [helmvolu] Desired Platform services (3 services)
2025-01-29 13:41:35,511 INFO c.h.h.t.HelmChartContainer - [hivemq-test-hivemq-platform] [hivemq-platform-operator] [7b38861f] 13:41:35.510 [pool-6-thread-48] DEBUG c.h.p.o.dependants.PodInfoConfigMap - [helmvolu] Desired PodInfo ConfigMap (1 extensions) (1 enabled)
2025-01-29 13:41:35,511 INFO c.h.h.t.HelmChartContainer - [hivemq-test-hivemq-platform] [hivemq-platform-operator] [7b38861f] 13:41:35.510 [pool-6-thread-48] DEBUG c.h.p.o.dependants.PodInfoConfigMap - [helmvolu] Desired PodInfo ConfigMap (metrics port: 9399) (metrics path: /)
2025-01-29 13:41:35,511 INFO c.h.h.t.HelmChartContainer - [hivemq-test-hivemq-platform] [hivemq-platform-operator] [7b38861f] 13:41:35.510 [pool-6-thread-48] DEBUG c.h.p.o.dependants.PodInfoConfigMap - [helmvolu] Desired PodInfo ConfigMap (extension state hash: -1817474005)
2025-01-29 13:41:35,512 INFO c.h.h.t.HelmChartContainer - [hivemq-test-hivemq-platform] [hivemq-platform-operator] [7b38861f] 13:41:35.509 [pool-6-thread-43] DEBUG c.h.p.o.d.PodServiceAccountResource - [helmvolu] Desired PodServiceAccountResource (serviceAccountName: hivemq-platform-pod-test-hivemq-platform)
2025-01-29 13:41:35,518 INFO c.h.h.t.HelmChartContainer - [POD] test-hivemq-platform-2 [c13dbd2e-87cd-4ccb-a8ae-0b940e699703] in helmvolumeclaimtemplatesit was MODIFIED
2025-01-29 13:41:35,522 INFO c.h.h.t.HelmChartContainer - [hivemq-test-hivemq-platform] [hivemq-platform-operator] [7b38861f] 13:41:35.516 [pool-6-thread-45] DEBUG c.h.p.o.d.StatefulSetResource - [helmvolu] Desired StatefulSet (3 replicas) for status ROLLING_RESTART (SURGE_IN_PROGRESS)
2025-01-29 13:41:35,524 INFO c.h.h.t.HelmChartContainer - [hivemq-test-hivemq-platform] [hivemq-platform-operator] [7b38861f] 13:41:35.520 [ReconcilerExecutor-hivemq-controller-133] INFO  c.h.p.o.HiveMQPlatformReconciler - [helmvolu] Reconciling HiveMQ Platform 'test-hivemq-platform' in namespace 'helmvolumeclaimtemplatesit'
2025-01-29 13:41:35,524 INFO c.h.h.t.HelmChartContainer - [hivemq-test-hivemq-platform] [hivemq-platform-operator] [7b38861f] 13:41:35.520 [ReconcilerExecutor-hivemq-controller-133] DEBUG c.h.p.o.HiveMQPlatformReconciler - [helmvolu] Custom Resource Status ROLLING_RESTART - HiveMQ Platform is starting a surge Pod (rolling restart) (SURGE_IN_PROGRESS)
2025-01-29 13:41:35,524 INFO c.h.h.t.HelmChartContainer - [hivemq-test-hivemq-platform] [hivemq-platform-operator] [7b38861f] 13:41:35.520 [ReconcilerExecutor-hivemq-controller-133] DEBUG c.h.p.o.HiveMQPlatformReconciler - [helmvolu] Custom Resource Spec (replicas: 2) (extensions: 1)
2025-01-29 13:41:35,524 INFO c.h.h.t.HelmChartContainer - [hivemq-test-hivemq-platform] [hivemq-platform-operator] [7b38861f] 13:41:35.521 [ReconcilerExecutor-hivemq-controller-133] DEBUG c.h.p.o.HiveMQPlatformReconciler - [helmvolu] StatefulSet Status (revision: test-hivemq-platform-59475f86c9, replicas: 3, available: 2, ready: 2, current: 2, updated: 1)
2025-01-29 13:41:35,524 INFO c.h.h.t.HelmChartContainer - [hivemq-test-hivemq-platform] [hivemq-platform-operator] [7b38861f] 13:41:35.521 [ReconcilerExecutor-hivemq-controller-133] DEBUG c.h.p.o.HiveMQPlatformReconciler - [helmvolu] StatefulSet Spec (replicas: 3, init containers: 1, containers: 1, volumes: 4)
2025-01-29 13:41:35,524 INFO c.h.h.t.HelmChartContainer - [hivemq-test-hivemq-platform] [hivemq-platform-operator] [7b38861f] 13:41:35.522 [ReconcilerExecutor-hivemq-controller-133] DEBUG c.h.p.o.h.HiveMQPlatformReconcilerErrorHandler - [helmvolu] Pod 'test-hivemq-platform-2' phase Pending
2025-01-29 13:41:35,524 INFO c.h.h.t.HelmChartContainer - [hivemq-test-hivemq-platform] [hivemq-platform-operator] [7b38861f] 13:41:35.522 [ReconcilerExecutor-hivemq-controller-133] DEBUG c.h.p.o.h.HiveMQPlatformReconcilerErrorHandler - [helmvolu] Pod 'test-hivemq-platform-2' condition 'PodScheduled': True
2025-01-29 13:41:35,529 INFO c.h.h.t.HelmChartContainer - [hivemq-test-hivemq-platform] [hivemq-platform-operator] [7b38861f] 13:41:35.528 [ReconcilerExecutor-hivemq-controller-133] DEBUG c.h.p.o.h.HiveMQPlatformReconcilerErrorHandler - [helmvolu] Pod 'test-hivemq-platform-1' phase Running
2025-01-29 13:41:35,530 INFO c.h.h.t.HelmChartContainer - [hivemq-test-hivemq-platform] [hivemq-platform-operator] [7b38861f] 13:41:35.529 [ReconcilerExecutor-hivemq-controller-133] DEBUG c.h.p.o.h.HiveMQPlatformReconcilerErrorHandler - [helmvolu] Pod 'test-hivemq-platform-0' phase Running
2025-01-29 13:41:35,561 INFO c.h.h.t.HelmChartContainer - [hivemq-test-hivemq-platform] [hivemq-platform-operator] [7b38861f] 13:41:35.558 [ReconcilerExecutor-hivemq-controller-133] DEBUG c.h.p.o.h.HiveMQPlatformReconcilerRollingRestartHandler - [helmvolu] Rolling restart is waiting for 2 of 3 replicas
2025-01-29 13:41:35,566 INFO c.h.h.t.HelmChartContainer - [hivemq-test-hivemq-platform] [hivemq-platform-operator] [7b38861f] 13:41:35.563 [pool-6-thread-4] DEBUG c.h.p.o.d.PlatformServiceResource - [helmvolu] Desired Platform services (3 services)
2025-01-29 13:41:35,568 INFO c.h.h.t.HelmChartContainer - [hivemq-test-hivemq-platform] [hivemq-platform-operator] [7b38861f] 13:41:35.563 [pool-6-thread-9] DEBUG c.h.p.o.dependants.PodInfoConfigMap - [helmvolu] Desired PodInfo ConfigMap (1 extensions) (1 enabled)
2025-01-29 13:41:35,569 INFO c.h.h.t.HelmChartContainer - [hivemq-test-hivemq-platform] [hivemq-platform-operator] [7b38861f] 13:41:35.568 [pool-6-thread-9] DEBUG c.h.p.o.dependants.PodInfoConfigMap - [helmvolu] Desired PodInfo ConfigMap (metrics port: 9399) (metrics path: /)
2025-01-29 13:41:35,569 INFO c.h.h.t.HelmChartContainer - [hivemq-test-hivemq-platform] [hivemq-platform-operator] [7b38861f] 13:41:35.568 [pool-6-thread-9] DEBUG c.h.p.o.dependants.PodInfoConfigMap - [helmvolu] Desired PodInfo ConfigMap (extension state hash: -1817474005)
2025-01-29 13:41:35,571 INFO c.h.h.t.HelmChartContainer - [hivemq-test-hivemq-platform] [hivemq-platform-operator] [7b38861f] 13:41:35.564 [pool-6-thread-8] DEBUG c.h.p.o.d.PodServiceAccountResource - [helmvolu] Desired PodServiceAccountResource (serviceAccountName: hivemq-platform-pod-test-hivemq-platform)
2025-01-29 13:41:35,572 INFO c.h.h.t.HelmChartContainer - [hivemq-test-hivemq-platform] [hivemq-platform-operator] [7b38861f] 13:41:35.571 [pool-6-thread-4] DEBUG c.h.p.o.d.StatefulSetResource - [helmvolu] Desired StatefulSet (3 replicas) for status ROLLING_RESTART (SURGE_IN_PROGRESS)
2025-01-29 13:41:35,575 INFO c.h.h.t.HelmChartContainer - [hivemq-test-hivemq-platform] [hivemq-platform-operator] [7b38861f] 13:41:35.574 [ReconcilerExecutor-hivemq-controller-134] INFO  c.h.p.o.HiveMQPlatformReconciler - [helmvolu] Reconciling HiveMQ Platform 'test-hivemq-platform' in namespace 'helmvolumeclaimtemplatesit'
2025-01-29 13:41:35,575 INFO c.h.h.t.HelmChartContainer - [hivemq-test-hivemq-platform] [hivemq-platform-operator] [7b38861f] 13:41:35.574 [ReconcilerExecutor-hivemq-controller-134] DEBUG c.h.p.o.HiveMQPlatformReconciler - [helmvolu] Custom Resource Status ROLLING_RESTART - HiveMQ Platform is starting a surge Pod (rolling restart) (SURGE_IN_PROGRESS)
2025-01-29 13:41:35,577 INFO c.h.h.t.HelmChartContainer - [hivemq-test-hivemq-platform] [hivemq-platform-operator] [7b38861f] 13:41:35.574 [ReconcilerExecutor-hivemq-controller-134] DEBUG c.h.p.o.HiveMQPlatformReconciler - [helmvolu] Custom Resource Spec (replicas: 2) (extensions: 1)
2025-01-29 13:41:35,577 INFO c.h.h.t.HelmChartContainer - [hivemq-test-hivemq-platform] [hivemq-platform-operator] [7b38861f] 13:41:35.576 [ReconcilerExecutor-hivemq-controller-134] DEBUG c.h.p.o.HiveMQPlatformReconciler - [helmvolu] StatefulSet Status (revision: test-hivemq-platform-59475f86c9, replicas: 3, available: 2, ready: 2, current: 2, updated: 1)
2025-01-29 13:41:35,579 INFO c.h.h.t.HelmChartContainer - [hivemq-test-hivemq-platform] [hivemq-platform-operator] [7b38861f] 13:41:35.576 [ReconcilerExecutor-hivemq-controller-134] DEBUG c.h.p.o.HiveMQPlatformReconciler - [helmvolu] StatefulSet Spec (replicas: 3, init containers: 1, containers: 1, volumes: 4)
2025-01-29 13:41:35,580 INFO c.h.h.t.HelmChartContainer - [hivemq-test-hivemq-platform] [hivemq-platform-operator] [7b38861f] 13:41:35.577 [ReconcilerExecutor-hivemq-controller-134] DEBUG c.h.p.o.h.HiveMQPlatformReconcilerErrorHandler - [helmvolu] Pod 'test-hivemq-platform-2' phase Pending
2025-01-29 13:41:35,580 INFO c.h.h.t.HelmChartContainer - [hivemq-test-hivemq-platform] [hivemq-platform-operator] [7b38861f] 13:41:35.577 [ReconcilerExecutor-hivemq-controller-134] DEBUG c.h.p.o.h.HiveMQPlatformReconcilerErrorHandler - [helmvolu] Pod 'test-hivemq-platform-2' condition 'PodReadyToStartContainers': False
2025-01-29 13:41:35,580 INFO c.h.h.t.HelmChartContainer - [hivemq-test-hivemq-platform] [hivemq-platform-operator] [7b38861f] 13:41:35.577 [ReconcilerExecutor-hivemq-controller-134] DEBUG c.h.p.o.h.HiveMQPlatformReconcilerErrorHandler - [helmvolu] Pod 'test-hivemq-platform-2' condition 'Initialized': False
2025-01-29 13:41:35,580 INFO c.h.h.t.HelmChartContainer - [hivemq-test-hivemq-platform] [hivemq-platform-operator] [7b38861f] 13:41:35.577 [ReconcilerExecutor-hivemq-controller-134] DEBUG c.h.p.o.h.HiveMQPlatformReconcilerErrorHandler - [helmvolu] Pod 'test-hivemq-platform-2' condition 'Ready': False
2025-01-29 13:41:35,580 INFO c.h.h.t.HelmChartContainer - [hivemq-test-hivemq-platform] [hivemq-platform-operator] [7b38861f] 13:41:35.577 [ReconcilerExecutor-hivemq-controller-134] DEBUG c.h.p.o.h.HiveMQPlatformReconcilerErrorHandler - [helmvolu] Pod 'test-hivemq-platform-2' condition 'ContainersReady': False
2025-01-29 13:41:35,580 INFO c.h.h.t.HelmChartContainer - [hivemq-test-hivemq-platform] [hivemq-platform-operator] [7b38861f] 13:41:35.577 [ReconcilerExecutor-hivemq-controller-134] DEBUG c.h.p.o.h.HiveMQPlatformReconcilerErrorHandler - [helmvolu] Pod 'test-hivemq-platform-2' condition 'PodScheduled': True
2025-01-29 13:41:35,580 INFO c.h.h.t.HelmChartContainer - [hivemq-test-hivemq-platform] [hivemq-platform-operator] [7b38861f] 13:41:35.577 [ReconcilerExecutor-hivemq-controller-134] DEBUG c.h.p.o.h.HiveMQPlatformReconcilerErrorHandler - [helmvolu] Pod 'test-hivemq-platform-2' containerStatus 'hivemq' (started: false) (ready: false) (waiting: [PodInitializing] null)
2025-01-29 13:41:35,580 INFO c.h.h.t.HelmChartContainer - [hivemq-test-hivemq-platform] [hivemq-platform-operator] [7b38861f] 13:41:35.578 [ReconcilerExecutor-hivemq-controller-134] DEBUG c.h.p.o.h.HiveMQPlatformReconcilerErrorHandler - [helmvolu] Pod 'test-hivemq-platform-1' phase Running
2025-01-29 13:41:35,580 INFO c.h.h.t.HelmChartContainer - [hivemq-test-hivemq-platform] [hivemq-platform-operator] [7b38861f] 13:41:35.579 [ReconcilerExecutor-hivemq-controller-134] DEBUG c.h.p.o.h.HiveMQPlatformReconcilerErrorHandler - [helmvolu] Pod 'test-hivemq-platform-0' phase Running
2025-01-29 13:41:35,580 INFO c.h.h.t.HelmChartContainer - [hivemq-test-hivemq-platform] [hivemq-platform-operator] [7b38861f] 13:41:35.579 [ReconcilerExecutor-hivemq-controller-134] DEBUG c.h.p.o.h.HiveMQPlatformReconcilerRollingRestartHandler - [helmvolu] Rolling restart is waiting for 2 of 3 replicas
2025-01-29 13:41:35,663 INFO c.h.h.t.HelmChartContainer - [K3S] [reconciler_common.go:251] "operationExecutor.VerifyControllerAttachedVolume started for volume \"broker-configuration\" (UniqueName: \"kubernetes.io/configmap/c13dbd2e-87cd-4ccb-a8ae-0b940e699703-broker-configuration\") pod \"test-hivemq-platform-2\" (UID: \"c13dbd2e-87cd-4ccb-a8ae-0b940e699703\") " pod="helmvolumeclaimtemplatesit/test-hivemq-platform-2"
2025-01-29 13:41:35,663 INFO c.h.h.t.HelmChartContainer - [K3S] [reconciler_common.go:251] "operationExecutor.VerifyControllerAttachedVolume started for volume \"pod-info\" (UniqueName: \"kubernetes.io/configmap/c13dbd2e-87cd-4ccb-a8ae-0b940e699703-pod-info\") pod \"test-hivemq-platform-2\" (UID: \"c13dbd2e-87cd-4ccb-a8ae-0b940e699703\") " pod="helmvolumeclaimtemplatesit/test-hivemq-platform-2"
2025-01-29 13:41:35,663 INFO c.h.h.t.HelmChartContainer - [K3S] [reconciler_common.go:251] "operationExecutor.VerifyControllerAttachedVolume started for volume \"operator-init\" (UniqueName: \"kubernetes.io/empty-dir/c13dbd2e-87cd-4ccb-a8ae-0b940e699703-operator-init\") pod \"test-hivemq-platform-2\" (UID: \"c13dbd2e-87cd-4ccb-a8ae-0b940e699703\") " pod="helmvolumeclaimtemplatesit/test-hivemq-platform-2"
2025-01-29 13:41:35,663 INFO c.h.h.t.HelmChartContainer - [K3S] [reconciler_common.go:251] "operationExecutor.VerifyControllerAttachedVolume started for volume \"kube-api-access-vz768\" (UniqueName: \"kubernetes.io/projected/c13dbd2e-87cd-4ccb-a8ae-0b940e699703-kube-api-access-vz768\") pod \"test-hivemq-platform-2\" (UID: \"c13dbd2e-87cd-4ccb-a8ae-0b940e699703\") " pod="helmvolumeclaimtemplatesit/test-hivemq-platform-2"
2025-01-29 13:41:35,663 INFO c.h.h.t.HelmChartContainer - [K3S] [reconciler_common.go:251] "operationExecutor.VerifyControllerAttachedVolume started for volume \"pvc-15356430-6954-47f0-81dc-9aada9b5ebad\" (UniqueName: \"kubernetes.io/local-volume/pvc-15356430-6954-47f0-81dc-9aada9b5ebad\") pod \"test-hivemq-platform-2\" (UID: \"c13dbd2e-87cd-4ccb-a8ae-0b940e699703\") " pod="helmvolumeclaimtemplatesit/test-hivemq-platform-2"
2025-01-29 13:41:35,888 INFO c.h.h.t.HelmChartContainer - [EVENT] Normal [Pulled] Container image "docker.io/hivemq/hivemq-platform-operator-init-test:snapshot" already present on machine [helmvolumeclaimtemplatesit:test-hivemq-platform-2]
2025-01-29 13:41:35,893 INFO c.h.h.t.HelmChartContainer - [EVENT] Normal [Created] Created container: hivemq-platform-operator-init [helmvolumeclaimtemplatesit:test-hivemq-platform-2]
2025-01-29 13:41:35,933 INFO c.h.h.t.HelmChartContainer - [EVENT] Normal [Started] Started container hivemq-platform-operator-init [helmvolumeclaimtemplatesit:test-hivemq-platform-2]
2025-01-29 13:41:36,593 INFO c.h.h.t.HelmChartContainer - [EVENT] Normal [Pulled] Container image "docker.io/hivemq/hivemq4:4.36.0" already present on machine [helmvolumeclaimtemplatesit:test-hivemq-platform-2]
2025-01-29 13:41:36,594 INFO c.h.h.t.HelmChartContainer - Received Pulled event for container hivemq in pod test-hivemq-platform-2 [c13dbd2e-87cd-4ccb-a8ae-0b940e699703]
2025-01-29 13:41:36,599 INFO c.h.h.t.HelmChartContainer - [EVENT] Normal [Created] Created container: hivemq [helmvolumeclaimtemplatesit:test-hivemq-platform-2]
2025-01-29 13:41:36,599 INFO c.h.h.t.HelmChartContainer - Received Created event for container hivemq in pod test-hivemq-platform-2 [c13dbd2e-87cd-4ccb-a8ae-0b940e699703]
2025-01-29 13:41:36,605 INFO c.h.h.t.HelmChartContainer - [POD] test-hivemq-platform-2 [c13dbd2e-87cd-4ccb-a8ae-0b940e699703] in helmvolumeclaimtemplatesit was MODIFIED
2025-01-29 13:41:36,635 INFO c.h.h.t.HelmChartContainer - [hivemq-test-hivemq-platform] [hivemq-platform-operator] [7b38861f] 13:41:36.616 [pool-6-thread-16] DEBUG c.h.p.o.d.PlatformServiceResource - [helmvolu] Desired Platform services (3 services)
2025-01-29 13:41:36,635 INFO c.h.h.t.HelmChartContainer - [hivemq-test-hivemq-platform] [hivemq-platform-operator] [7b38861f] 13:41:36.624 [pool-6-thread-11] DEBUG c.h.p.o.dependants.PodInfoConfigMap - [helmvolu] Desired PodInfo ConfigMap (1 extensions) (1 enabled)
2025-01-29 13:41:36,635 INFO c.h.h.t.HelmChartContainer - [hivemq-test-hivemq-platform] [hivemq-platform-operator] [7b38861f] 13:41:36.627 [pool-6-thread-11] DEBUG c.h.p.o.dependants.PodInfoConfigMap - [helmvolu] Desired PodInfo ConfigMap (metrics port: 9399) (metrics path: /)
2025-01-29 13:41:36,635 INFO c.h.h.t.HelmChartContainer - [hivemq-test-hivemq-platform] [hivemq-platform-operator] [7b38861f] 13:41:36.627 [pool-6-thread-11] DEBUG c.h.p.o.dependants.PodInfoConfigMap - [helmvolu] Desired PodInfo ConfigMap (extension state hash: -1817474005)
2025-01-29 13:41:36,635 INFO c.h.h.t.HelmChartContainer - [hivemq-test-hivemq-platform] [hivemq-platform-operator] [7b38861f] 13:41:36.629 [pool-6-thread-15] DEBUG c.h.p.o.d.PodServiceAccountResource - [helmvolu] Desired PodServiceAccountResource (serviceAccountName: hivemq-platform-pod-test-hivemq-platform)
2025-01-29 13:41:36,640 INFO c.h.h.t.HelmChartContainer - [hivemq-test-hivemq-platform] [hivemq-platform-operator] [7b38861f] 13:41:36.638 [pool-6-thread-15] DEBUG c.h.p.o.d.StatefulSetResource - [helmvolu] Desired StatefulSet (3 replicas) for status ROLLING_RESTART (SURGE_IN_PROGRESS)
2025-01-29 13:41:36,647 INFO c.h.h.t.HelmChartContainer - [hivemq-test-hivemq-platform] [hivemq-platform-operator] [7b38861f] 13:41:36.645 [ReconcilerExecutor-hivemq-controller-135] INFO  c.h.p.o.HiveMQPlatformReconciler - [helmvolu] Reconciling HiveMQ Platform 'test-hivemq-platform' in namespace 'helmvolumeclaimtemplatesit'
2025-01-29 13:41:36,647 INFO c.h.h.t.HelmChartContainer - [hivemq-test-hivemq-platform] [hivemq-platform-operator] [7b38861f] 13:41:36.645 [ReconcilerExecutor-hivemq-controller-135] DEBUG c.h.p.o.HiveMQPlatformReconciler - [helmvolu] Custom Resource Status ROLLING_RESTART - HiveMQ Platform is starting a surge Pod (rolling restart) (SURGE_IN_PROGRESS)
2025-01-29 13:41:36,647 INFO c.h.h.t.HelmChartContainer - [hivemq-test-hivemq-platform] [hivemq-platform-operator] [7b38861f] 13:41:36.645 [ReconcilerExecutor-hivemq-controller-135] DEBUG c.h.p.o.HiveMQPlatformReconciler - [helmvolu] Custom Resource Spec (replicas: 2) (extensions: 1)
2025-01-29 13:41:36,650 INFO c.h.h.t.HelmChartContainer - [hivemq-test-hivemq-platform] [hivemq-platform-operator] [7b38861f] 13:41:36.649 [ReconcilerExecutor-hivemq-controller-135] DEBUG c.h.p.o.HiveMQPlatformReconciler - [helmvolu] StatefulSet Status (revision: test-hivemq-platform-59475f86c9, replicas: 3, available: 2, ready: 2, current: 2, updated: 1)
2025-01-29 13:41:36,650 INFO c.h.h.t.HelmChartContainer - [hivemq-test-hivemq-platform] [hivemq-platform-operator] [7b38861f] 13:41:36.649 [ReconcilerExecutor-hivemq-controller-135] DEBUG c.h.p.o.HiveMQPlatformReconciler - [helmvolu] StatefulSet Spec (replicas: 3, init containers: 1, containers: 1, volumes: 4)
2025-01-29 13:41:36,654 INFO c.h.h.t.HelmChartContainer - [hivemq-test-hivemq-platform] [hivemq-platform-operator] [7b38861f] 13:41:36.652 [ReconcilerExecutor-hivemq-controller-135] DEBUG c.h.p.o.h.HiveMQPlatformReconcilerErrorHandler - [helmvolu] Pod 'test-hivemq-platform-2' phase Pending
2025-01-29 13:41:36,656 INFO c.h.h.t.HelmChartContainer - [hivemq-test-hivemq-platform] [hivemq-platform-operator] [7b38861f] 13:41:36.653 [ReconcilerExecutor-hivemq-controller-135] DEBUG c.h.p.o.h.HiveMQPlatformReconcilerErrorHandler - [helmvolu] Pod 'test-hivemq-platform-2' condition 'PodReadyToStartContainers': True
2025-01-29 13:41:36,656 INFO c.h.h.t.HelmChartContainer - [hivemq-test-hivemq-platform] [hivemq-platform-operator] [7b38861f] 13:41:36.653 [ReconcilerExecutor-hivemq-controller-135] DEBUG c.h.p.o.h.HiveMQPlatformReconcilerErrorHandler - [helmvolu] Pod 'test-hivemq-platform-2' condition 'Initialized': True
2025-01-29 13:41:36,656 INFO c.h.h.t.HelmChartContainer - [hivemq-test-hivemq-platform] [hivemq-platform-operator] [7b38861f] 13:41:36.653 [ReconcilerExecutor-hivemq-controller-135] DEBUG c.h.p.o.h.HiveMQPlatformReconcilerErrorHandler - [helmvolu] Pod 'test-hivemq-platform-2' condition 'Ready': False
2025-01-29 13:41:36,656 INFO c.h.h.t.HelmChartContainer - [hivemq-test-hivemq-platform] [hivemq-platform-operator] [7b38861f] 13:41:36.653 [ReconcilerExecutor-hivemq-controller-135] DEBUG c.h.p.o.h.HiveMQPlatformReconcilerErrorHandler - [helmvolu] Pod 'test-hivemq-platform-2' condition 'ContainersReady': False
2025-01-29 13:41:36,656 INFO c.h.h.t.HelmChartContainer - [hivemq-test-hivemq-platform] [hivemq-platform-operator] [7b38861f] 13:41:36.653 [ReconcilerExecutor-hivemq-controller-135] DEBUG c.h.p.o.h.HiveMQPlatformReconcilerErrorHandler - [helmvolu] Pod 'test-hivemq-platform-2' condition 'PodScheduled': True
2025-01-29 13:41:36,656 INFO c.h.h.t.HelmChartContainer - [hivemq-test-hivemq-platform] [hivemq-platform-operator] [7b38861f] 13:41:36.653 [ReconcilerExecutor-hivemq-controller-135] DEBUG c.h.p.o.h.HiveMQPlatformReconcilerErrorHandler - [helmvolu] Pod 'test-hivemq-platform-2' containerStatus 'hivemq' (started: false) (ready: false) (waiting: [PodInitializing] null)
2025-01-29 13:41:36,656 INFO c.h.h.t.HelmChartContainer - [hivemq-test-hivemq-platform] [hivemq-platform-operator] [7b38861f] 13:41:36.654 [ReconcilerExecutor-hivemq-controller-135] DEBUG c.h.p.o.h.HiveMQPlatformReconcilerErrorHandler - [helmvolu] Pod 'test-hivemq-platform-1' phase Running
2025-01-29 13:41:36,660 INFO c.h.h.t.HelmChartContainer - [hivemq-test-hivemq-platform] [hivemq-platform-operator] [7b38861f] 13:41:36.658 [ReconcilerExecutor-hivemq-controller-135] DEBUG c.h.p.o.h.HiveMQPlatformReconcilerErrorHandler - [helmvolu] Pod 'test-hivemq-platform-0' phase Running
2025-01-29 13:41:36,665 INFO c.h.h.t.HelmChartContainer - [hivemq-test-hivemq-platform] [hivemq-platform-operator] [7b38861f] 13:41:36.659 [ReconcilerExecutor-hivemq-controller-135] DEBUG c.h.p.o.h.HiveMQPlatformReconcilerRollingRestartHandler - [helmvolu] Rolling restart is waiting for 2 of 3 replicas
2025-01-29 13:41:37,604 INFO c.h.h.t.HelmChartContainer - [POD] test-hivemq-platform-2 [c13dbd2e-87cd-4ccb-a8ae-0b940e699703] in helmvolumeclaimtemplatesit was MODIFIED
2025-01-29 13:41:37,619 INFO c.h.h.t.HelmChartContainer - Started log watcher for hivemq in pod test-hivemq-platform-2 [c13dbd2e-87cd-4ccb-a8ae-0b940e699703]
2025-01-29 13:41:37,619 INFO c.h.h.t.HelmChartContainer - [test-hivemq-platform] [hivemq] [c13dbd2e] Adding pre-installed HiveMQ Platform Operator extensions
2025-01-29 13:41:37,619 INFO c.h.h.t.HelmChartContainer - [test-hivemq-platform] [hivemq] [c13dbd2e] Running as user 10000
2025-01-29 13:41:37,619 INFO c.h.h.t.HelmChartContainer - [test-hivemq-platform] [hivemq] [c13dbd2e] Starting HiveMQ Platform Operator Init
2025-01-29 13:41:37,619 INFO c.h.h.t.HelmChartContainer - [EVENT] Normal [Started] Started container hivemq [helmvolumeclaimtemplatesit:test-hivemq-platform-2]
2025-01-29 13:41:37,619 INFO c.h.h.t.HelmChartContainer - Received Started event for container hivemq in pod test-hivemq-platform-2 [c13dbd2e-87cd-4ccb-a8ae-0b940e699703]
2025-01-29 13:41:37,625 INFO c.h.h.t.HelmChartContainer - [hivemq-test-hivemq-platform] [hivemq-platform-operator] [7b38861f] 13:41:37.622 [pool-6-thread-21] DEBUG c.h.p.o.d.PlatformServiceResource - [helmvolu] Desired Platform services (3 services)
2025-01-29 13:41:37,634 INFO c.h.h.t.HelmChartContainer - [hivemq-test-hivemq-platform] [hivemq-platform-operator] [7b38861f] 13:41:37.632 [pool-6-thread-24] DEBUG c.h.p.o.dependants.PodInfoConfigMap - [helmvolu] Desired PodInfo ConfigMap (1 extensions) (1 enabled)
2025-01-29 13:41:37,635 INFO c.h.h.t.HelmChartContainer - [hivemq-test-hivemq-platform] [hivemq-platform-operator] [7b38861f] 13:41:37.634 [pool-6-thread-24] DEBUG c.h.p.o.dependants.PodInfoConfigMap - [helmvolu] Desired PodInfo ConfigMap (metrics port: 9399) (metrics path: /)
2025-01-29 13:41:37,635 INFO c.h.h.t.HelmChartContainer - [hivemq-test-hivemq-platform] [hivemq-platform-operator] [7b38861f] 13:41:37.634 [pool-6-thread-26] DEBUG c.h.p.o.d.PodServiceAccountResource - [helmvolu] Desired PodServiceAccountResource (serviceAccountName: hivemq-platform-pod-test-hivemq-platform)
2025-01-29 13:41:37,637 INFO c.h.h.t.HelmChartContainer - [hivemq-test-hivemq-platform] [hivemq-platform-operator] [7b38861f] 13:41:37.634 [pool-6-thread-24] DEBUG c.h.p.o.dependants.PodInfoConfigMap - [helmvolu] Desired PodInfo ConfigMap (extension state hash: -1817474005)
2025-01-29 13:41:37,644 INFO c.h.h.t.HelmChartContainer - [hivemq-test-hivemq-platform] [hivemq-platform-operator] [7b38861f] 13:41:37.642 [pool-6-thread-24] DEBUG c.h.p.o.d.StatefulSetResource - [helmvolu] Desired StatefulSet (3 replicas) for status ROLLING_RESTART (SURGE_IN_PROGRESS)
2025-01-29 13:41:37,664 INFO c.h.h.t.HelmChartContainer - [hivemq-test-hivemq-platform] [hivemq-platform-operator] [7b38861f] 13:41:37.663 [ReconcilerExecutor-hivemq-controller-136] INFO  c.h.p.o.HiveMQPlatformReconciler - [helmvolu] Reconciling HiveMQ Platform 'test-hivemq-platform' in namespace 'helmvolumeclaimtemplatesit'
2025-01-29 13:41:37,664 INFO c.h.h.t.HelmChartContainer - [hivemq-test-hivemq-platform] [hivemq-platform-operator] [7b38861f] 13:41:37.663 [ReconcilerExecutor-hivemq-controller-136] DEBUG c.h.p.o.HiveMQPlatformReconciler - [helmvolu] Custom Resource Status ROLLING_RESTART - HiveMQ Platform is starting a surge Pod (rolling restart) (SURGE_IN_PROGRESS)
2025-01-29 13:41:37,664 INFO c.h.h.t.HelmChartContainer - [hivemq-test-hivemq-platform] [hivemq-platform-operator] [7b38861f] 13:41:37.663 [ReconcilerExecutor-hivemq-controller-136] DEBUG c.h.p.o.HiveMQPlatformReconciler - [helmvolu] Custom Resource Spec (replicas: 2) (extensions: 1)
2025-01-29 13:41:37,667 INFO c.h.h.t.HelmChartContainer - [hivemq-test-hivemq-platform] [hivemq-platform-operator] [7b38861f] 13:41:37.666 [ReconcilerExecutor-hivemq-controller-136] DEBUG c.h.p.o.HiveMQPlatformReconciler - [helmvolu] StatefulSet Status (revision: test-hivemq-platform-59475f86c9, replicas: 3, available: 2, ready: 2, current: 2, updated: 1)
2025-01-29 13:41:37,667 INFO c.h.h.t.HelmChartContainer - [hivemq-test-hivemq-platform] [hivemq-platform-operator] [7b38861f] 13:41:37.666 [ReconcilerExecutor-hivemq-controller-136] DEBUG c.h.p.o.HiveMQPlatformReconciler - [helmvolu] StatefulSet Spec (replicas: 3, init containers: 1, containers: 1, volumes: 4)
2025-01-29 13:41:37,668 INFO c.h.h.t.HelmChartContainer - [hivemq-test-hivemq-platform] [hivemq-platform-operator] [7b38861f] 13:41:37.668 [ReconcilerExecutor-hivemq-controller-136] DEBUG c.h.p.o.h.HiveMQPlatformReconcilerErrorHandler - [helmvolu] Pod 'test-hivemq-platform-2' phase Running
2025-01-29 13:41:37,669 INFO c.h.h.t.HelmChartContainer - [hivemq-test-hivemq-platform] [hivemq-platform-operator] [7b38861f] 13:41:37.669 [ReconcilerExecutor-hivemq-controller-136] DEBUG c.h.p.o.h.HiveMQPlatformReconcilerErrorHandler - [helmvolu] Pod 'test-hivemq-platform-1' phase Running
2025-01-29 13:41:37,671 INFO c.h.h.t.HelmChartContainer - [hivemq-test-hivemq-platform] [hivemq-platform-operator] [7b38861f] 13:41:37.670 [ReconcilerExecutor-hivemq-controller-136] DEBUG c.h.p.o.h.HiveMQPlatformReconcilerErrorHandler - [helmvolu] Pod 'test-hivemq-platform-0' phase Running
2025-01-29 13:41:37,672 INFO c.h.h.t.HelmChartContainer - [hivemq-test-hivemq-platform] [hivemq-platform-operator] [7b38861f] 13:41:37.671 [ReconcilerExecutor-hivemq-controller-136] DEBUG c.h.p.o.h.HiveMQPlatformReconcilerRollingRestartHandler - [helmvolu] Rolling restart is waiting for 2 of 3 replicas
2025-01-29 13:41:37,981 INFO c.h.h.t.HelmChartContainer - [test-hivemq-platform] [hivemq] [c13dbd2e] INFO  - [HiveMQ Platform Operator Init 1.7.0-SNAPSHOT] HiveMQ Platform Operator Init 1.7.0-SNAPSHOT (commit: bebf408 on branch: HEAD) built on Sun Jan 26 20:47:47 UTC 2025
2025-01-29 13:41:39,185 INFO c.h.h.t.HelmChartContainer - [test-hivemq-platform] [hivemq] [c13dbd2e] INFO  - [HiveMQ Platform Operator Init App 1.7.0-SNAPSHOT] Using bind address 10.42.0.13 from environment variable
2025-01-29 13:41:40,097 INFO c.h.h.t.HelmChartContainer - [test-hivemq-platform] [hivemq] [c13dbd2e] INFO  - [HiveMQ Platform Operator Init App 1.7.0-SNAPSHOT] HiveMQ Platform Operator Init App 1.7.0-SNAPSHOT (commit: bebf408 on branch: HEAD) built on Sun Jan 26 20:47:47 UTC 2025
2025-01-29 13:41:40,097 INFO c.h.h.t.HelmChartContainer - [test-hivemq-platform] [hivemq] [c13dbd2e] INFO  - [HiveMQ Platform Operator Init App 1.7.0-SNAPSHOT] PodInfo ConfigMap directory: /etc/podinfo
2025-01-29 13:41:40,097 INFO c.h.h.t.HelmChartContainer - [test-hivemq-platform] [hivemq] [c13dbd2e] INFO  - [HiveMQ Platform Operator Init App 1.7.0-SNAPSHOT] HiveMQ home directory: /opt/hivemq
2025-01-29 13:41:40,097 INFO c.h.h.t.HelmChartContainer - [test-hivemq-platform] [hivemq] [c13dbd2e] INFO  - [HiveMQ Platform Operator Init App 1.7.0-SNAPSHOT] HiveMQ Logback folder: /opt/hivemq/conf
2025-01-29 13:41:40,097 INFO c.h.h.t.HelmChartContainer - [test-hivemq-platform] [hivemq] [c13dbd2e] INFO  - [HiveMQ Platform Operator Init App 1.7.0-SNAPSHOT] HiveMQ Config folder: /opt/hivemq/conf-k8s
2025-01-29 13:41:40,098 INFO c.h.h.t.HelmChartContainer - [test-hivemq-platform] [hivemq] [c13dbd2e] INFO  - [HiveMQ Platform Operator Init App 1.7.0-SNAPSHOT] Starting HiveMQ Platform Operator Init App
2025-01-29 13:41:40,098 INFO c.h.h.t.HelmChartContainer - [test-hivemq-platform] [hivemq] [c13dbd2e] INFO  - [HiveMQ Platform Operator Init App 1.7.0-SNAPSHOT] Starting Pod reconciler
2025-01-29 13:41:41,287 INFO c.h.h.t.HelmChartContainer - [test-hivemq-platform] [hivemq] [c13dbd2e] INFO  - [HiveMQ Platform Operator Init App 1.7.0-SNAPSHOT] Pod reconciler is scheduled (interval: 5000 ms)
2025-01-29 13:41:41,288 INFO c.h.h.t.HelmChartContainer - [test-hivemq-platform] [hivemq] [c13dbd2e] INFO  - [HiveMQ Platform Operator Init App 1.7.0-SNAPSHOT] Starting the REST API on 10.42.0.13:7979
2025-01-29 13:41:41,290 INFO c.h.h.t.HelmChartContainer - [test-hivemq-platform] [hivemq] [c13dbd2e] INFO  - [HiveMQ Platform Operator Init App 1.7.0-SNAPSHOT] Waiting up to 600s for at most 3 HiveMQ nodes in cluster service hivemq-test-hivemq-platform-cluster.helmvolumeclaimtemplatesit.svc
2025-01-29 13:41:41,674 INFO c.h.h.t.HelmChartContainer - [test-hivemq-platform] [hivemq] [c13dbd2e] INFO  - [HiveMQ Platform Operator Init App 1.7.0-SNAPSHOT] Resolved 3 IP addresses: [10.42.0.9, 10.42.0.11, 10.42.0.13]
2025-01-29 13:41:41,675 INFO c.h.h.t.HelmChartContainer - [test-hivemq-platform] [hivemq] [c13dbd2e] INFO  - [HiveMQ Platform Operator Init App 1.7.0-SNAPSHOT] HiveMQ node count of 3 is within threshold of 3
2025-01-29 13:41:41,675 INFO c.h.h.t.HelmChartContainer - [test-hivemq-platform] [hivemq] [c13dbd2e] INFO  - [HiveMQ Platform Operator Init App 1.7.0-SNAPSHOT] Waiting 15s for previous shutdown replication to finish...
2025-01-29 13:41:43,598 INFO c.h.h.t.HelmChartContainer - [test-hivemq-platform] [hivemq] [c13dbd2e] INFO  - [HiveMQ Platform Operator Init App 1.7.0-SNAPSHOT] Returning default Health API response 503 for readiness
2025-01-29 13:41:43,688 INFO c.h.h.t.HelmChartContainer - [EVENT] Warning [Unhealthy] Readiness probe failed: HTTP probe failed with statuscode: 503 [helmvolumeclaimtemplatesit:test-hivemq-platform-2]
2025-01-29 13:41:43,688 INFO c.h.h.t.HelmChartContainer - Received Unhealthy event for container hivemq in pod test-hivemq-platform-2 [c13dbd2e-87cd-4ccb-a8ae-0b940e699703]
2025-01-29 13:41:45,307 INFO c.h.h.t.HelmChartContainer - [test-hivemq-platform] [hivemq] [1b3b4c7a] INFO  - [HiveMQ Platform Operator Init App 1.7.0-SNAPSHOT] Returning Health API response 200 for liveness
2025-01-29 13:41:47,683 INFO c.h.h.t.HelmChartContainer - [hivemq-test-hivemq-platform] [hivemq-platform-operator] [7b38861f] 13:41:47.680 [pool-6-thread-31] DEBUG c.h.p.o.d.PlatformServiceResource - [helmvolu] Desired Platform services (3 services)
2025-01-29 13:41:47,684 INFO c.h.h.t.HelmChartContainer - [hivemq-test-hivemq-platform] [hivemq-platform-operator] [7b38861f] 13:41:47.683 [pool-6-thread-40] DEBUG c.h.p.o.dependants.PodInfoConfigMap - [helmvolu] Desired PodInfo ConfigMap (1 extensions) (1 enabled)
2025-01-29 13:41:47,685 INFO c.h.h.t.HelmChartContainer - [hivemq-test-hivemq-platform] [hivemq-platform-operator] [7b38861f] 13:41:47.683 [pool-6-thread-40] DEBUG c.h.p.o.dependants.PodInfoConfigMap - [helmvolu] Desired PodInfo ConfigMap (metrics port: 9399) (metrics path: /)
2025-01-29 13:41:47,686 INFO c.h.h.t.HelmChartContainer - [hivemq-test-hivemq-platform] [hivemq-platform-operator] [7b38861f] 13:41:47.684 [pool-6-thread-40] DEBUG c.h.p.o.dependants.PodInfoConfigMap - [helmvolu] Desired PodInfo ConfigMap (extension state hash: -1817474005)
2025-01-29 13:41:47,687 INFO c.h.h.t.HelmChartContainer - [hivemq-test-hivemq-platform] [hivemq-platform-operator] [7b38861f] 13:41:47.683 [pool-6-thread-31] DEBUG c.h.p.o.d.PodServiceAccountResource - [helmvolu] Desired PodServiceAccountResource (serviceAccountName: hivemq-platform-pod-test-hivemq-platform)
2025-01-29 13:41:47,692 INFO c.h.h.t.HelmChartContainer - [hivemq-test-hivemq-platform] [hivemq-platform-operator] [7b38861f] 13:41:47.689 [pool-6-thread-35] DEBUG c.h.p.o.d.StatefulSetResource - [helmvolu] Desired StatefulSet (3 replicas) for status ROLLING_RESTART (SURGE_IN_PROGRESS)
2025-01-29 13:41:47,696 INFO c.h.h.t.HelmChartContainer - [hivemq-test-hivemq-platform] [hivemq-platform-operator] [7b38861f] 13:41:47.693 [ReconcilerExecutor-hivemq-controller-137] INFO  c.h.p.o.HiveMQPlatformReconciler - [helmvolu] Reconciling HiveMQ Platform 'test-hivemq-platform' in namespace 'helmvolumeclaimtemplatesit'
2025-01-29 13:41:47,696 INFO c.h.h.t.HelmChartContainer - [hivemq-test-hivemq-platform] [hivemq-platform-operator] [7b38861f] 13:41:47.693 [ReconcilerExecutor-hivemq-controller-137] DEBUG c.h.p.o.HiveMQPlatformReconciler - [helmvolu] Custom Resource Status ROLLING_RESTART - HiveMQ Platform is starting a surge Pod (rolling restart) (SURGE_IN_PROGRESS)
2025-01-29 13:41:47,696 INFO c.h.h.t.HelmChartContainer - [hivemq-test-hivemq-platform] [hivemq-platform-operator] [7b38861f] 13:41:47.693 [ReconcilerExecutor-hivemq-controller-137] DEBUG c.h.p.o.HiveMQPlatformReconciler - [helmvolu] Custom Resource Spec (replicas: 2) (extensions: 1)
2025-01-29 13:41:47,696 INFO c.h.h.t.HelmChartContainer - [hivemq-test-hivemq-platform] [hivemq-platform-operator] [7b38861f] 13:41:47.694 [ReconcilerExecutor-hivemq-controller-137] DEBUG c.h.p.o.HiveMQPlatformReconciler - [helmvolu] StatefulSet Status (revision: test-hivemq-platform-59475f86c9, replicas: 3, available: 2, ready: 2, current: 2, updated: 1)
2025-01-29 13:41:47,696 INFO c.h.h.t.HelmChartContainer - [hivemq-test-hivemq-platform] [hivemq-platform-operator] [7b38861f] 13:41:47.694 [ReconcilerExecutor-hivemq-controller-137] DEBUG c.h.p.o.HiveMQPlatformReconciler - [helmvolu] StatefulSet Spec (replicas: 3, init containers: 1, containers: 1, volumes: 4)
2025-01-29 13:41:47,697 INFO c.h.h.t.HelmChartContainer - [hivemq-test-hivemq-platform] [hivemq-platform-operator] [7b38861f] 13:41:47.695 [ReconcilerExecutor-hivemq-controller-137] DEBUG c.h.p.o.h.HiveMQPlatformReconcilerErrorHandler - [helmvolu] Pod 'test-hivemq-platform-2' phase Running
2025-01-29 13:41:47,759 INFO c.h.h.t.HelmChartContainer - [hivemq-test-hivemq-platform] [hivemq-platform-operator] [7b38861f] 13:41:47.758 [ReconcilerExecutor-hivemq-controller-137] DEBUG c.h.p.o.h.HiveMQPlatformReconcilerErrorHandler - [helmvolu] Pod 'test-hivemq-platform-1' phase Running
2025-01-29 13:41:47,760 INFO c.h.h.t.HelmChartContainer - [hivemq-test-hivemq-platform] [hivemq-platform-operator] [7b38861f] 13:41:47.760 [ReconcilerExecutor-hivemq-controller-137] DEBUG c.h.p.o.h.HiveMQPlatformReconcilerErrorHandler - [helmvolu] Pod 'test-hivemq-platform-0' phase Running
2025-01-29 13:41:47,761 INFO c.h.h.t.HelmChartContainer - [hivemq-test-hivemq-platform] [hivemq-platform-operator] [7b38861f] 13:41:47.760 [ReconcilerExecutor-hivemq-controller-137] DEBUG c.h.p.o.h.HiveMQPlatformReconcilerRollingRestartHandler - [helmvolu] Rolling restart is waiting for 2 of 3 replicas
2025-01-29 13:41:48,686 INFO c.h.h.t.HelmChartContainer - [EVENT] Warning [Unhealthy] Readiness probe failed: HTTP probe failed with statuscode: 503 [helmvolumeclaimtemplatesit:test-hivemq-platform-2]
2025-01-29 13:41:48,686 INFO c.h.h.t.HelmChartContainer - Received Unhealthy event for container hivemq in pod test-hivemq-platform-2 [c13dbd2e-87cd-4ccb-a8ae-0b940e699703]
2025-01-29 13:41:48,691 INFO c.h.h.t.HelmChartContainer - [test-hivemq-platform] [hivemq] [c13dbd2e] INFO  - [HiveMQ Platform Operator Init App 1.7.0-SNAPSHOT] Updating Pod HiveMQ Platform Operator Init App version annotation (version: 1.7.0-SNAPSHOT)
2025-01-29 13:41:49,001 INFO c.h.h.t.HelmChartContainer - [POD] test-hivemq-platform-2 [c13dbd2e-87cd-4ccb-a8ae-0b940e699703] in helmvolumeclaimtemplatesit was MODIFIED
2025-01-29 13:41:49,005 INFO c.h.h.t.HelmChartContainer - [EVENT] Warning [Unhealthy] Readiness probe failed: HTTP probe failed with statuscode: 503 [helmvolumeclaimtemplatesit:test-hivemq-platform-2]
2025-01-29 13:41:49,005 INFO c.h.h.t.HelmChartContainer - Received Unhealthy event for container hivemq in pod test-hivemq-platform-2 [c13dbd2e-87cd-4ccb-a8ae-0b940e699703]
2025-01-29 13:41:49,006 INFO c.h.h.t.HelmChartContainer - [hivemq-test-hivemq-platform] [hivemq-platform-operator] [7b38861f] 13:41:49.005 [pool-6-thread-44] DEBUG c.h.p.o.d.PlatformServiceResource - [helmvolu] Desired Platform services (3 services)
2025-01-29 13:41:49,008 INFO c.h.h.t.HelmChartContainer - [hivemq-test-hivemq-platform] [hivemq-platform-operator] [7b38861f] 13:41:49.006 [pool-6-thread-47] DEBUG c.h.p.o.d.PodServiceAccountResource - [helmvolu] Desired PodServiceAccountResource (serviceAccountName: hivemq-platform-pod-test-hivemq-platform)
2025-01-29 13:41:49,009 INFO c.h.h.t.HelmChartContainer - [hivemq-test-hivemq-platform] [hivemq-platform-operator] [7b38861f] 13:41:49.005 [pool-6-thread-48] DEBUG c.h.p.o.dependants.PodInfoConfigMap - [helmvolu] Desired PodInfo ConfigMap (1 extensions) (1 enabled)
2025-01-29 13:41:49,009 INFO c.h.h.t.HelmChartContainer - [hivemq-test-hivemq-platform] [hivemq-platform-operator] [7b38861f] 13:41:49.008 [pool-6-thread-48] DEBUG c.h.p.o.dependants.PodInfoConfigMap - [helmvolu] Desired PodInfo ConfigMap (metrics port: 9399) (metrics path: /)
2025-01-29 13:41:49,009 INFO c.h.h.t.HelmChartContainer - [hivemq-test-hivemq-platform] [hivemq-platform-operator] [7b38861f] 13:41:49.008 [pool-6-thread-48] DEBUG c.h.p.o.dependants.PodInfoConfigMap - [helmvolu] Desired PodInfo ConfigMap (extension state hash: -1817474005)
2025-01-29 13:41:49,013 INFO c.h.h.t.HelmChartContainer - [hivemq-test-hivemq-platform] [hivemq-platform-operator] [7b38861f] 13:41:49.010 [pool-6-thread-48] DEBUG c.h.p.o.d.StatefulSetResource - [helmvolu] Desired StatefulSet (3 replicas) for status ROLLING_RESTART (SURGE_IN_PROGRESS)
2025-01-29 13:41:49,016 INFO c.h.h.t.HelmChartContainer - [hivemq-test-hivemq-platform] [hivemq-platform-operator] [7b38861f] 13:41:49.013 [ReconcilerExecutor-hivemq-controller-138] INFO  c.h.p.o.HiveMQPlatformReconciler - [helmvolu] Reconciling HiveMQ Platform 'test-hivemq-platform' in namespace 'helmvolumeclaimtemplatesit'
2025-01-29 13:41:49,016 INFO c.h.h.t.HelmChartContainer - [hivemq-test-hivemq-platform] [hivemq-platform-operator] [7b38861f] 13:41:49.013 [ReconcilerExecutor-hivemq-controller-138] DEBUG c.h.p.o.HiveMQPlatformReconciler - [helmvolu] Custom Resource Status ROLLING_RESTART - HiveMQ Platform is starting a surge Pod (rolling restart) (SURGE_IN_PROGRESS)
2025-01-29 13:41:49,016 INFO c.h.h.t.HelmChartContainer - [hivemq-test-hivemq-platform] [hivemq-platform-operator] [7b38861f] 13:41:49.013 [ReconcilerExecutor-hivemq-controller-138] DEBUG c.h.p.o.HiveMQPlatformReconciler - [helmvolu] Custom Resource Spec (replicas: 2) (extensions: 1)
2025-01-29 13:41:49,016 INFO c.h.h.t.HelmChartContainer - [hivemq-test-hivemq-platform] [hivemq-platform-operator] [7b38861f] 13:41:49.014 [ReconcilerExecutor-hivemq-controller-138] DEBUG c.h.p.o.HiveMQPlatformReconciler - [helmvolu] StatefulSet Status (revision: test-hivemq-platform-59475f86c9, replicas: 3, available: 2, ready: 2, current: 2, updated: 1)
2025-01-29 13:41:49,016 INFO c.h.h.t.HelmChartContainer - [hivemq-test-hivemq-platform] [hivemq-platform-operator] [7b38861f] 13:41:49.014 [ReconcilerExecutor-hivemq-controller-138] DEBUG c.h.p.o.HiveMQPlatformReconciler - [helmvolu] StatefulSet Spec (replicas: 3, init containers: 1, containers: 1, volumes: 4)
2025-01-29 13:41:49,019 INFO c.h.h.t.HelmChartContainer - [hivemq-test-hivemq-platform] [hivemq-platform-operator] [7b38861f] 13:41:49.018 [ReconcilerExecutor-hivemq-controller-138] DEBUG c.h.p.o.h.HiveMQPlatformReconcilerErrorHandler - [helmvolu] Pod 'test-hivemq-platform-2' phase Running
2025-01-29 13:41:49,024 INFO c.h.h.t.HelmChartContainer - [hivemq-test-hivemq-platform] [hivemq-platform-operator] [7b38861f] 13:41:49.020 [ReconcilerExecutor-hivemq-controller-138] DEBUG c.h.p.o.h.HiveMQPlatformReconcilerErrorHandler - [helmvolu] Pod 'test-hivemq-platform-1' phase Running
2025-01-29 13:41:49,024 INFO c.h.h.t.HelmChartContainer - [hivemq-test-hivemq-platform] [hivemq-platform-operator] [7b38861f] 13:41:49.021 [ReconcilerExecutor-hivemq-controller-138] DEBUG c.h.p.o.h.HiveMQPlatformReconcilerErrorHandler - [helmvolu] Pod 'test-hivemq-platform-0' phase Running
2025-01-29 13:41:49,024 INFO c.h.h.t.HelmChartContainer - [hivemq-test-hivemq-platform] [hivemq-platform-operator] [7b38861f] 13:41:49.022 [ReconcilerExecutor-hivemq-controller-138] DEBUG c.h.p.o.h.HiveMQPlatformReconcilerRollingRestartHandler - [helmvolu] Rolling restart is waiting for 2 of 3 replicas
2025-01-29 13:41:49,077 INFO c.h.h.t.HelmChartContainer - [test-hivemq-platform] [hivemq] [c13dbd2e] INFO  - [HiveMQ Platform Operator Init App 1.7.0-SNAPSHOT] Successfully updated Pod HiveMQ Platform Operator Init App version annotation (version: 1.7.0-SNAPSHOT)
2025-01-29 13:41:53,999 INFO c.h.h.t.HelmChartContainer - [EVENT] Warning [Unhealthy] Readiness probe failed: HTTP probe failed with statuscode: 503 [helmvolumeclaimtemplatesit:test-hivemq-platform-2]
2025-01-29 13:41:53,999 INFO c.h.h.t.HelmChartContainer - Received Unhealthy event for container hivemq in pod test-hivemq-platform-2 [c13dbd2e-87cd-4ccb-a8ae-0b940e699703]
2025-01-29 13:41:56,675 INFO c.h.h.t.HelmChartContainer - [test-hivemq-platform] [hivemq] [c13dbd2e] INFO  - [HiveMQ Platform Operator Init App 1.7.0-SNAPSHOT] Proceeding with container start
2025-01-29 13:41:56,678 INFO c.h.h.t.HelmChartContainer - [test-hivemq-platform] [hivemq] [c13dbd2e] INFO  - [HiveMQ Platform Operator Init App 1.7.0-SNAPSHOT] Initializing HiveMQ Platform extensions with initial configuration: {hivemq-allow-all-extension={start-priority=-1, skip-https-hostname-verification=false, restart=true, config-version=0, header-version=0, c-uri=, priority=-1, uri=preinstalled, skip-https-certificate-validation=false, enabled=true}, hivemq-prometheus-extension={priority=-1, start-priority=-1, c-uri=, skip-https-hostname-verification=false, skip-https-certificate-validation=false, uri=preinstalled, request-header-path=no-request-headers, enabled=true, restart=true}}
2025-01-29 13:41:57,189 INFO c.h.h.t.HelmChartContainer - [test-hivemq-platform] [hivemq] [c13dbd2e] INFO  - [HiveMQ Platform Operator Init App 1.7.0-SNAPSHOT] Extension hivemq-allow-all-extension was already enabled
2025-01-29 13:41:57,197 INFO c.h.h.t.HelmChartContainer - [test-hivemq-platform] [hivemq] [c13dbd2e] INFO  - [HiveMQ Platform Operator Init App 1.7.0-SNAPSHOT] Successfully enabled extension hivemq-prometheus-extension
2025-01-29 13:41:57,279 INFO c.h.h.t.HelmChartContainer - [test-hivemq-platform] [hivemq] [c13dbd2e] INFO  - [HiveMQ Platform Operator Init App 1.7.0-SNAPSHOT] Starting HiveMQ Platform version 4.36.0 (4.36.0)
2025-01-29 13:41:57,280 INFO c.h.h.t.HelmChartContainer - [test-hivemq-platform] [hivemq] [c13dbd2e] INFO  - [HiveMQ Platform Operator Init App 1.7.0-SNAPSHOT] Configuring the HiveMQ Platform
2025-01-29 13:41:57,288 INFO c.h.h.t.HelmChartContainer - [test-hivemq-platform] [hivemq] [c13dbd2e] INFO  - [HiveMQ Platform Operator Init App 1.7.0-SNAPSHOT] Changed logback.xml file scan period to 20 seconds
2025-01-29 13:41:57,380 INFO c.h.h.t.HelmChartContainer - [test-hivemq-platform] [hivemq] [c13dbd2e] INFO  - [HiveMQ Platform Operator Init App 1.7.0-SNAPSHOT] Starting the HiveMQ Platform
2025-01-29 13:41:57,383 INFO c.h.h.t.HelmChartContainer - [test-hivemq-platform] [hivemq] [c13dbd2e] -------------------------------------------------------------------------
2025-01-29 13:41:57,383 INFO c.h.h.t.HelmChartContainer - [test-hivemq-platform] [hivemq] [c13dbd2e] 
2025-01-29 13:41:57,383 INFO c.h.h.t.HelmChartContainer - [test-hivemq-platform] [hivemq] [c13dbd2e]                   _    _  _              __  __   ____
2025-01-29 13:41:57,383 INFO c.h.h.t.HelmChartContainer - [test-hivemq-platform] [hivemq] [c13dbd2e]                  | |  | |(_)            |  \/  | / __ \
2025-01-29 13:41:57,383 INFO c.h.h.t.HelmChartContainer - [test-hivemq-platform] [hivemq] [c13dbd2e]                  | |__| | _ __   __ ___ | \  / || |  | |
2025-01-29 13:41:57,383 INFO c.h.h.t.HelmChartContainer - [test-hivemq-platform] [hivemq] [c13dbd2e]                  |  __  || |\ \ / // _ \| |\/| || |  | |
2025-01-29 13:41:57,383 INFO c.h.h.t.HelmChartContainer - [test-hivemq-platform] [hivemq] [c13dbd2e]                  | |  | || | \ V /|  __/| |  | || |__| |
2025-01-29 13:41:57,383 INFO c.h.h.t.HelmChartContainer - [test-hivemq-platform] [hivemq] [c13dbd2e]                  |_|  |_||_|  \_/  \___||_|  |_| \___\_\
2025-01-29 13:41:57,383 INFO c.h.h.t.HelmChartContainer - [test-hivemq-platform] [hivemq] [c13dbd2e] 
2025-01-29 13:41:57,383 INFO c.h.h.t.HelmChartContainer - [test-hivemq-platform] [hivemq] [c13dbd2e] -------------------------------------------------------------------------
2025-01-29 13:41:57,383 INFO c.h.h.t.HelmChartContainer - [test-hivemq-platform] [hivemq] [c13dbd2e] 
2025-01-29 13:41:57,383 INFO c.h.h.t.HelmChartContainer - [test-hivemq-platform] [hivemq] [c13dbd2e]   HiveMQ Start Script for Linux/Unix v1.14
2025-01-29 13:41:57,383 INFO c.h.h.t.HelmChartContainer - [test-hivemq-platform] [hivemq] [c13dbd2e] 
2025-01-29 13:41:57,481 INFO c.h.h.t.HelmChartContainer - [test-hivemq-platform] [hivemq] [c13dbd2e] -------------------------------------------------------------------------
2025-01-29 13:41:57,481 INFO c.h.h.t.HelmChartContainer - [test-hivemq-platform] [hivemq] [c13dbd2e] 
2025-01-29 13:41:57,481 INFO c.h.h.t.HelmChartContainer - [test-hivemq-platform] [hivemq] [c13dbd2e]   HIVEMQ_HOME: /opt/hivemq
2025-01-29 13:41:57,481 INFO c.h.h.t.HelmChartContainer - [test-hivemq-platform] [hivemq] [c13dbd2e] 
2025-01-29 13:41:57,481 INFO c.h.h.t.HelmChartContainer - [test-hivemq-platform] [hivemq] [c13dbd2e]   JAVA_OPTS: -XX:+UnlockExperimentalVMOptions -XX:InitialRAMPercentage=50 -XX:MaxRAMPercentage=50 -Djava.net.preferIPv4Stack=true --add-opens java.base/java.lang=ALL-UNNAMED --add-opens java.base/java.nio=ALL-UNNAMED --add-opens java.base/sun.nio.ch=ALL-UNNAMED --add-opens jdk.management/com.sun.management.internal=ALL-UNNAMED --add-exports java.base/jdk.internal.misc=ALL-UNNAMED -Djava.security.egd=file:/dev/./urandom -Dcom.sun.management.jmxremote -Dcom.sun.management.jmxremote.port=9010 -Dcom.sun.management.jmxremote.local.only=false -Dcom.sun.management.jmxremote.authenticate=false -Dcom.sun.management.jmxremote.ssl=false -Duser.language=en -Duser.region=US -XX:+CrashOnOutOfMemoryError -XX:+HeapDumpOnOutOfMemoryError
2025-01-29 13:41:57,481 INFO c.h.h.t.HelmChartContainer - [test-hivemq-platform] [hivemq] [c13dbd2e] 
2025-01-29 13:41:57,481 INFO c.h.h.t.HelmChartContainer - [test-hivemq-platform] [hivemq] [c13dbd2e]   JAVA_VERSION: 21
2025-01-29 13:41:57,481 INFO c.h.h.t.HelmChartContainer - [test-hivemq-platform] [hivemq] [c13dbd2e] 
2025-01-29 13:41:57,481 INFO c.h.h.t.HelmChartContainer - [test-hivemq-platform] [hivemq] [c13dbd2e] -------------------------------------------------------------------------
2025-01-29 13:41:57,481 INFO c.h.h.t.HelmChartContainer - [test-hivemq-platform] [hivemq] [c13dbd2e] 
2025-01-29 13:41:59,002 INFO c.h.h.t.HelmChartContainer - [EVENT] Warning [Unhealthy] Readiness probe failed: HTTP probe failed with statuscode: 503 [helmvolumeclaimtemplatesit:test-hivemq-platform-2]
2025-01-29 13:41:59,002 INFO c.h.h.t.HelmChartContainer - Received Unhealthy event for container hivemq in pod test-hivemq-platform-2 [c13dbd2e-87cd-4ccb-a8ae-0b940e699703]
2025-01-29 13:41:59,028 INFO c.h.h.t.HelmChartContainer - [hivemq-test-hivemq-platform] [hivemq-platform-operator] [7b38861f] 13:41:59.025 [pool-6-thread-2] DEBUG c.h.p.o.d.PlatformServiceResource - [helmvolu] Desired Platform services (3 services)
2025-01-29 13:41:59,028 INFO c.h.h.t.HelmChartContainer - [hivemq-test-hivemq-platform] [hivemq-platform-operator] [7b38861f] 13:41:59.025 [pool-6-thread-10] DEBUG c.h.p.o.dependants.PodInfoConfigMap - [helmvolu] Desired PodInfo ConfigMap (1 extensions) (1 enabled)
2025-01-29 13:41:59,028 INFO c.h.h.t.HelmChartContainer - [hivemq-test-hivemq-platform] [hivemq-platform-operator] [7b38861f] 13:41:59.026 [pool-6-thread-10] DEBUG c.h.p.o.dependants.PodInfoConfigMap - [helmvolu] Desired PodInfo ConfigMap (metrics port: 9399) (metrics path: /)
2025-01-29 13:41:59,028 INFO c.h.h.t.HelmChartContainer - [hivemq-test-hivemq-platform] [hivemq-platform-operator] [7b38861f] 13:41:59.026 [pool-6-thread-10] DEBUG c.h.p.o.dependants.PodInfoConfigMap - [helmvolu] Desired PodInfo ConfigMap (extension state hash: -1817474005)
2025-01-29 13:41:59,029 INFO c.h.h.t.HelmChartContainer - [hivemq-test-hivemq-platform] [hivemq-platform-operator] [7b38861f] 13:41:59.027 [pool-6-thread-7] DEBUG c.h.p.o.d.PodServiceAccountResource - [helmvolu] Desired PodServiceAccountResource (serviceAccountName: hivemq-platform-pod-test-hivemq-platform)
2025-01-29 13:41:59,031 INFO c.h.h.t.HelmChartContainer - [hivemq-test-hivemq-platform] [hivemq-platform-operator] [7b38861f] 13:41:59.031 [pool-6-thread-2] DEBUG c.h.p.o.d.StatefulSetResource - [helmvolu] Desired StatefulSet (3 replicas) for status ROLLING_RESTART (SURGE_IN_PROGRESS)
2025-01-29 13:41:59,034 INFO c.h.h.t.HelmChartContainer - [hivemq-test-hivemq-platform] [hivemq-platform-operator] [7b38861f] 13:41:59.034 [ReconcilerExecutor-hivemq-controller-139] INFO  c.h.p.o.HiveMQPlatformReconciler - [helmvolu] Reconciling HiveMQ Platform 'test-hivemq-platform' in namespace 'helmvolumeclaimtemplatesit'
2025-01-29 13:41:59,035 INFO c.h.h.t.HelmChartContainer - [hivemq-test-hivemq-platform] [hivemq-platform-operator] [7b38861f] 13:41:59.034 [ReconcilerExecutor-hivemq-controller-139] DEBUG c.h.p.o.HiveMQPlatformReconciler - [helmvolu] Custom Resource Status ROLLING_RESTART - HiveMQ Platform is starting a surge Pod (rolling restart) (SURGE_IN_PROGRESS)
2025-01-29 13:41:59,035 INFO c.h.h.t.HelmChartContainer - [hivemq-test-hivemq-platform] [hivemq-platform-operator] [7b38861f] 13:41:59.034 [ReconcilerExecutor-hivemq-controller-139] DEBUG c.h.p.o.HiveMQPlatformReconciler - [helmvolu] Custom Resource Spec (replicas: 2) (extensions: 1)
2025-01-29 13:41:59,038 INFO c.h.h.t.HelmChartContainer - [hivemq-test-hivemq-platform] [hivemq-platform-operator] [7b38861f] 13:41:59.035 [ReconcilerExecutor-hivemq-controller-139] DEBUG c.h.p.o.HiveMQPlatformReconciler - [helmvolu] StatefulSet Status (revision: test-hivemq-platform-59475f86c9, replicas: 3, available: 2, ready: 2, current: 2, updated: 1)
2025-01-29 13:41:59,038 INFO c.h.h.t.HelmChartContainer - [hivemq-test-hivemq-platform] [hivemq-platform-operator] [7b38861f] 13:41:59.035 [ReconcilerExecutor-hivemq-controller-139] DEBUG c.h.p.o.HiveMQPlatformReconciler - [helmvolu] StatefulSet Spec (replicas: 3, init containers: 1, containers: 1, volumes: 4)
2025-01-29 13:41:59,038 INFO c.h.h.t.HelmChartContainer - [hivemq-test-hivemq-platform] [hivemq-platform-operator] [7b38861f] 13:41:59.036 [ReconcilerExecutor-hivemq-controller-139] DEBUG c.h.p.o.h.HiveMQPlatformReconcilerErrorHandler - [helmvolu] Pod 'test-hivemq-platform-2' phase Running
2025-01-29 13:41:59,039 INFO c.h.h.t.HelmChartContainer - [hivemq-test-hivemq-platform] [hivemq-platform-operator] [7b38861f] 13:41:59.037 [ReconcilerExecutor-hivemq-controller-139] DEBUG c.h.p.o.h.HiveMQPlatformReconcilerErrorHandler - [helmvolu] Pod 'test-hivemq-platform-1' phase Running
2025-01-29 13:41:59,039 INFO c.h.h.t.HelmChartContainer - [hivemq-test-hivemq-platform] [hivemq-platform-operator] [7b38861f] 13:41:59.038 [ReconcilerExecutor-hivemq-controller-139] DEBUG c.h.p.o.h.HiveMQPlatformReconcilerErrorHandler - [helmvolu] Pod 'test-hivemq-platform-0' phase Running
2025-01-29 13:41:59,040 INFO c.h.h.t.HelmChartContainer - [hivemq-test-hivemq-platform] [hivemq-platform-operator] [7b38861f] 13:41:59.038 [ReconcilerExecutor-hivemq-controller-139] DEBUG c.h.p.o.h.HiveMQPlatformReconcilerRollingRestartHandler - [helmvolu] Rolling restart is waiting for 2 of 3 replicas
2025-01-29 13:41:59,792 INFO c.h.h.t.HelmChartContainer - [test-hivemq-platform] [hivemq] [c13dbd2e] INFO  - Starting HiveMQ Enterprise Server
2025-01-29 13:41:59,879 INFO c.h.h.t.HelmChartContainer - [test-hivemq-platform] [hivemq] [c13dbd2e] INFO  - HiveMQ version: 4.36.0
2025-01-29 13:41:59,879 INFO c.h.h.t.HelmChartContainer - [test-hivemq-platform] [hivemq] [c13dbd2e] INFO  - HiveMQ home directory: /opt/hivemq
2025-01-29 13:41:59,879 INFO c.h.h.t.HelmChartContainer - [test-hivemq-platform] [hivemq] [c13dbd2e] INFO  - Log Configuration was overridden by /opt/hivemq/conf/logback.xml
2025-01-29 13:42:01,181 INFO c.h.h.t.HelmChartContainer - [test-hivemq-platform] [hivemq] [c13dbd2e] INFO  - Successfully loaded configuration from '/opt/hivemq/conf-k8s/config.xml'.
2025-01-29 13:42:01,493 INFO c.h.h.t.HelmChartContainer - [test-hivemq-platform] [hivemq] [c13dbd2e] INFO  - This node's ID is Hpx4i
2025-01-29 13:42:01,494 INFO c.h.h.t.HelmChartContainer - [test-hivemq-platform] [hivemq] [c13dbd2e] INFO  - Clustering is enabled
2025-01-29 13:42:04,280 INFO c.h.h.t.HelmChartContainer - [test-hivemq-platform] [hivemq] [c13dbd2e] WARN  - [HiveMQ Platform Operator Init App 1.7.0-SNAPSHOT] Cannot connect to Health API for readiness: null
2025-01-29 13:42:04,286 INFO c.h.h.t.HelmChartContainer - [EVENT] Warning [Unhealthy] Readiness probe failed: HTTP probe failed with statuscode: 503 [helmvolumeclaimtemplatesit:test-hivemq-platform-2]
2025-01-29 13:42:04,287 INFO c.h.h.t.HelmChartContainer - Received Unhealthy event for container hivemq in pod test-hivemq-platform-2 [c13dbd2e-87cd-4ccb-a8ae-0b940e699703]
2025-01-29 13:42:05,877 INFO c.h.h.t.HelmChartContainer - [test-hivemq-platform] [hivemq] [c13dbd2e] WARN  - [HiveMQ Platform Operator Init App 1.7.0-SNAPSHOT] Cannot connect to Health API for liveness: null
2025-01-29 13:42:05,877 INFO c.h.h.t.HelmChartContainer - [test-hivemq-platform] [hivemq] [c13dbd2e] INFO  - [HiveMQ Platform Operator Init App 1.7.0-SNAPSHOT] Returning default Health API response 200 for liveness
2025-01-29 13:42:09,043 INFO c.h.h.t.HelmChartContainer - [hivemq-test-hivemq-platform] [hivemq-platform-operator] [7b38861f] 13:42:09.041 [pool-6-thread-18] DEBUG c.h.p.o.d.PlatformServiceResource - [helmvolu] Desired Platform services (3 services)
2025-01-29 13:42:09,043 INFO c.h.h.t.HelmChartContainer - [hivemq-test-hivemq-platform] [hivemq-platform-operator] [7b38861f] 13:42:09.041 [pool-6-thread-17] DEBUG c.h.p.o.d.PodServiceAccountResource - [helmvolu] Desired PodServiceAccountResource (serviceAccountName: hivemq-platform-pod-test-hivemq-platform)
2025-01-29 13:42:09,044 INFO c.h.h.t.HelmChartContainer - [hivemq-test-hivemq-platform] [hivemq-platform-operator] [7b38861f] 13:42:09.042 [pool-6-thread-11] DEBUG c.h.p.o.dependants.PodInfoConfigMap - [helmvolu] Desired PodInfo ConfigMap (1 extensions) (1 enabled)
2025-01-29 13:42:09,044 INFO c.h.h.t.HelmChartContainer - [hivemq-test-hivemq-platform] [hivemq-platform-operator] [7b38861f] 13:42:09.044 [pool-6-thread-11] DEBUG c.h.p.o.dependants.PodInfoConfigMap - [helmvolu] Desired PodInfo ConfigMap (metrics port: 9399) (metrics path: /)
2025-01-29 13:42:09,045 INFO c.h.h.t.HelmChartContainer - [hivemq-test-hivemq-platform] [hivemq-platform-operator] [7b38861f] 13:42:09.044 [pool-6-thread-11] DEBUG c.h.p.o.dependants.PodInfoConfigMap - [helmvolu] Desired PodInfo ConfigMap (extension state hash: -1817474005)
2025-01-29 13:42:09,047 INFO c.h.h.t.HelmChartContainer - [hivemq-test-hivemq-platform] [hivemq-platform-operator] [7b38861f] 13:42:09.046 [pool-6-thread-11] DEBUG c.h.p.o.d.StatefulSetResource - [helmvolu] Desired StatefulSet (3 replicas) for status ROLLING_RESTART (SURGE_IN_PROGRESS)
2025-01-29 13:42:09,049 INFO c.h.h.t.HelmChartContainer - [hivemq-test-hivemq-platform] [hivemq-platform-operator] [7b38861f] 13:42:09.048 [ReconcilerExecutor-hivemq-controller-140] INFO  c.h.p.o.HiveMQPlatformReconciler - [helmvolu] Reconciling HiveMQ Platform 'test-hivemq-platform' in namespace 'helmvolumeclaimtemplatesit'
2025-01-29 13:42:09,049 INFO c.h.h.t.HelmChartContainer - [hivemq-test-hivemq-platform] [hivemq-platform-operator] [7b38861f] 13:42:09.049 [ReconcilerExecutor-hivemq-controller-140] DEBUG c.h.p.o.HiveMQPlatformReconciler - [helmvolu] Custom Resource Status ROLLING_RESTART - HiveMQ Platform is starting a surge Pod (rolling restart) (SURGE_IN_PROGRESS)
2025-01-29 13:42:09,049 INFO c.h.h.t.HelmChartContainer - [hivemq-test-hivemq-platform] [hivemq-platform-operator] [7b38861f] 13:42:09.049 [ReconcilerExecutor-hivemq-controller-140] DEBUG c.h.p.o.HiveMQPlatformReconciler - [helmvolu] Custom Resource Spec (replicas: 2) (extensions: 1)
2025-01-29 13:42:09,050 INFO c.h.h.t.HelmChartContainer - [hivemq-test-hivemq-platform] [hivemq-platform-operator] [7b38861f] 13:42:09.050 [ReconcilerExecutor-hivemq-controller-140] DEBUG c.h.p.o.HiveMQPlatformReconciler - [helmvolu] StatefulSet Status (revision: test-hivemq-platform-59475f86c9, replicas: 3, available: 2, ready: 2, current: 2, updated: 1)
2025-01-29 13:42:09,052 INFO c.h.h.t.HelmChartContainer - [hivemq-test-hivemq-platform] [hivemq-platform-operator] [7b38861f] 13:42:09.050 [ReconcilerExecutor-hivemq-controller-140] DEBUG c.h.p.o.HiveMQPlatformReconciler - [helmvolu] StatefulSet Spec (replicas: 3, init containers: 1, containers: 1, volumes: 4)
2025-01-29 13:42:09,052 INFO c.h.h.t.HelmChartContainer - [hivemq-test-hivemq-platform] [hivemq-platform-operator] [7b38861f] 13:42:09.051 [ReconcilerExecutor-hivemq-controller-140] DEBUG c.h.p.o.h.HiveMQPlatformReconcilerErrorHandler - [helmvolu] Pod 'test-hivemq-platform-2' phase Running
2025-01-29 13:42:09,054 INFO c.h.h.t.HelmChartContainer - [hivemq-test-hivemq-platform] [hivemq-platform-operator] [7b38861f] 13:42:09.052 [ReconcilerExecutor-hivemq-controller-140] DEBUG c.h.p.o.h.HiveMQPlatformReconcilerErrorHandler - [helmvolu] Pod 'test-hivemq-platform-1' phase Running
2025-01-29 13:42:09,055 INFO c.h.h.t.HelmChartContainer - [hivemq-test-hivemq-platform] [hivemq-platform-operator] [7b38861f] 13:42:09.055 [ReconcilerExecutor-hivemq-controller-140] DEBUG c.h.p.o.h.HiveMQPlatformReconcilerErrorHandler - [helmvolu] Pod 'test-hivemq-platform-0' phase Running
2025-01-29 13:42:09,056 INFO c.h.h.t.HelmChartContainer - [hivemq-test-hivemq-platform] [hivemq-platform-operator] [7b38861f] 13:42:09.055 [ReconcilerExecutor-hivemq-controller-140] DEBUG c.h.p.o.h.HiveMQPlatformReconcilerRollingRestartHandler - [helmvolu] Rolling restart is waiting for 2 of 3 replicas
2025-01-29 13:42:09,077 INFO c.h.h.t.HelmChartContainer - [test-hivemq-platform] [hivemq] [c13dbd2e] WARN  - [HiveMQ Platform Operator Init App 1.7.0-SNAPSHOT] Cannot connect to Health API for readiness: null
2025-01-29 13:42:09,084 INFO c.h.h.t.HelmChartContainer - [EVENT] Warning [Unhealthy] Readiness probe failed: HTTP probe failed with statuscode: 503 [helmvolumeclaimtemplatesit:test-hivemq-platform-2]
2025-01-29 13:42:09,084 INFO c.h.h.t.HelmChartContainer - Received Unhealthy event for container hivemq in pod test-hivemq-platform-2 [c13dbd2e-87cd-4ccb-a8ae-0b940e699703]
2025-01-29 13:42:14,078 INFO c.h.h.t.HelmChartContainer - [test-hivemq-platform] [hivemq] [c13dbd2e] WARN  - [HiveMQ Platform Operator Init App 1.7.0-SNAPSHOT] Cannot connect to Health API for readiness: null
2025-01-29 13:42:14,084 INFO c.h.h.t.HelmChartContainer - [EVENT] Warning [Unhealthy] Readiness probe failed: HTTP probe failed with statuscode: 503 [helmvolumeclaimtemplatesit:test-hivemq-platform-2]
2025-01-29 13:42:14,084 INFO c.h.h.t.HelmChartContainer - Received Unhealthy event for container hivemq in pod test-hivemq-platform-2 [c13dbd2e-87cd-4ccb-a8ae-0b940e699703]
2025-01-29 13:42:15,397 INFO c.h.h.t.HelmChartContainer - [test-hivemq-platform] [hivemq] [c13dbd2e] INFO  - No valid license file found. Using trial license, restricted to 25 connections.
2025-01-29 13:42:19,062 INFO c.h.h.t.HelmChartContainer - [hivemq-test-hivemq-platform] [hivemq-platform-operator] [7b38861f] 13:42:19.059 [pool-6-thread-30] DEBUG c.h.p.o.d.PodServiceAccountResource - [helmvolu] Desired PodServiceAccountResource (serviceAccountName: hivemq-platform-pod-test-hivemq-platform)
2025-01-29 13:42:19,062 INFO c.h.h.t.HelmChartContainer - [hivemq-test-hivemq-platform] [hivemq-platform-operator] [7b38861f] 13:42:19.059 [pool-6-thread-21] DEBUG c.h.p.o.dependants.PodInfoConfigMap - [helmvolu] Desired PodInfo ConfigMap (1 extensions) (1 enabled)
2025-01-29 13:42:19,064 INFO c.h.h.t.HelmChartContainer - [hivemq-test-hivemq-platform] [hivemq-platform-operator] [7b38861f] 13:42:19.059 [pool-6-thread-23] DEBUG c.h.p.o.d.PlatformServiceResource - [helmvolu] Desired Platform services (3 services)
2025-01-29 13:42:19,064 INFO c.h.h.t.HelmChartContainer - [hivemq-test-hivemq-platform] [hivemq-platform-operator] [7b38861f] 13:42:19.060 [pool-6-thread-21] DEBUG c.h.p.o.dependants.PodInfoConfigMap - [helmvolu] Desired PodInfo ConfigMap (metrics port: 9399) (metrics path: /)
2025-01-29 13:42:19,064 INFO c.h.h.t.HelmChartContainer - [hivemq-test-hivemq-platform] [hivemq-platform-operator] [7b38861f] 13:42:19.060 [pool-6-thread-21] DEBUG c.h.p.o.dependants.PodInfoConfigMap - [helmvolu] Desired PodInfo ConfigMap (extension state hash: -1817474005)
2025-01-29 13:42:19,067 INFO c.h.h.t.HelmChartContainer - [hivemq-test-hivemq-platform] [hivemq-platform-operator] [7b38861f] 13:42:19.066 [pool-6-thread-23] DEBUG c.h.p.o.d.StatefulSetResource - [helmvolu] Desired StatefulSet (3 replicas) for status ROLLING_RESTART (SURGE_IN_PROGRESS)
2025-01-29 13:42:19,072 INFO c.h.h.t.HelmChartContainer - [hivemq-test-hivemq-platform] [hivemq-platform-operator] [7b38861f] 13:42:19.070 [ReconcilerExecutor-hivemq-controller-141] INFO  c.h.p.o.HiveMQPlatformReconciler - [helmvolu] Reconciling HiveMQ Platform 'test-hivemq-platform' in namespace 'helmvolumeclaimtemplatesit'
2025-01-29 13:42:19,073 INFO c.h.h.t.HelmChartContainer - [hivemq-test-hivemq-platform] [hivemq-platform-operator] [7b38861f] 13:42:19.070 [ReconcilerExecutor-hivemq-controller-141] DEBUG c.h.p.o.HiveMQPlatformReconciler - [helmvolu] Custom Resource Status ROLLING_RESTART - HiveMQ Platform is starting a surge Pod (rolling restart) (SURGE_IN_PROGRESS)
2025-01-29 13:42:19,073 INFO c.h.h.t.HelmChartContainer - [hivemq-test-hivemq-platform] [hivemq-platform-operator] [7b38861f] 13:42:19.070 [ReconcilerExecutor-hivemq-controller-141] DEBUG c.h.p.o.HiveMQPlatformReconciler - [helmvolu] Custom Resource Spec (replicas: 2) (extensions: 1)
2025-01-29 13:42:19,074 INFO c.h.h.t.HelmChartContainer - [hivemq-test-hivemq-platform] [hivemq-platform-operator] [7b38861f] 13:42:19.071 [ReconcilerExecutor-hivemq-controller-141] DEBUG c.h.p.o.HiveMQPlatformReconciler - [helmvolu] StatefulSet Status (revision: test-hivemq-platform-59475f86c9, replicas: 3, available: 2, ready: 2, current: 2, updated: 1)
2025-01-29 13:42:19,076 INFO c.h.h.t.HelmChartContainer - [hivemq-test-hivemq-platform] [hivemq-platform-operator] [7b38861f] 13:42:19.071 [ReconcilerExecutor-hivemq-controller-141] DEBUG c.h.p.o.HiveMQPlatformReconciler - [helmvolu] StatefulSet Spec (replicas: 3, init containers: 1, containers: 1, volumes: 4)
2025-01-29 13:42:19,076 INFO c.h.h.t.HelmChartContainer - [hivemq-test-hivemq-platform] [hivemq-platform-operator] [7b38861f] 13:42:19.073 [ReconcilerExecutor-hivemq-controller-141] DEBUG c.h.p.o.h.HiveMQPlatformReconcilerErrorHandler - [helmvolu] Pod 'test-hivemq-platform-2' phase Running
2025-01-29 13:42:19,078 INFO c.h.h.t.HelmChartContainer - [hivemq-test-hivemq-platform] [hivemq-platform-operator] [7b38861f] 13:42:19.077 [ReconcilerExecutor-hivemq-controller-141] DEBUG c.h.p.o.h.HiveMQPlatformReconcilerErrorHandler - [helmvolu] Pod 'test-hivemq-platform-1' phase Running
2025-01-29 13:42:19,080 INFO c.h.h.t.HelmChartContainer - [hivemq-test-hivemq-platform] [hivemq-platform-operator] [7b38861f] 13:42:19.078 [ReconcilerExecutor-hivemq-controller-141] DEBUG c.h.p.o.h.HiveMQPlatformReconcilerErrorHandler - [helmvolu] Pod 'test-hivemq-platform-0' phase Running
2025-01-29 13:42:19,086 INFO c.h.h.t.HelmChartContainer - [hivemq-test-hivemq-platform] [hivemq-platform-operator] [7b38861f] 13:42:19.079 [ReconcilerExecutor-hivemq-controller-141] DEBUG c.h.p.o.h.HiveMQPlatformReconcilerRollingRestartHandler - [helmvolu] Rolling restart is waiting for 2 of 3 replicas
2025-01-29 13:42:19,094 INFO c.h.h.t.HelmChartContainer - [test-hivemq-platform] [hivemq] [c13dbd2e] WARN  - [HiveMQ Platform Operator Init App 1.7.0-SNAPSHOT] Cannot connect to Health API for readiness: null
2025-01-29 13:42:19,099 INFO c.h.h.t.HelmChartContainer - [EVENT] Warning [Unhealthy] Readiness probe failed: HTTP probe failed with statuscode: 503 [helmvolumeclaimtemplatesit:test-hivemq-platform-2]
2025-01-29 13:42:19,099 INFO c.h.h.t.HelmChartContainer - Received Unhealthy event for container hivemq in pod test-hivemq-platform-2 [c13dbd2e-87cd-4ccb-a8ae-0b940e699703]
2025-01-29 13:42:19,593 INFO c.h.h.t.HelmChartContainer - [test-hivemq-platform] [hivemq] [c13dbd2e] INFO  - No valid license file for Data Hub found. Using free license, restricted to 1 policy.
2025-01-29 13:42:20,800 INFO c.h.h.t.HelmChartContainer - [test-hivemq-platform] [hivemq] [c13dbd2e] INFO  - Audit Logger started.
2025-01-29 13:42:21,093 INFO c.h.h.t.HelmChartContainer - [test-hivemq-platform] [hivemq] [c13dbd2e] INFO  - This node uses '1' CPU cores.
2025-01-29 13:42:21,099 INFO c.h.h.t.HelmChartContainer - [test-hivemq-platform] [hivemq] [c13dbd2e] INFO  - Starting HiveMQ Health API on address 0.0.0.0 and port 8889
2025-01-29 13:42:22,176 INFO c.h.h.t.HelmChartContainer - [test-hivemq-platform] [hivemq] [c13dbd2e] INFO  - Started HiveMQ Health API in 1077ms
2025-01-29 13:42:22,778 INFO c.h.h.t.HelmChartContainer - [test-hivemq-platform] [hivemq] [c13dbd2e] INFO  - Starting HiveMQ extension system.
2025-01-29 13:42:22,978 INFO c.h.h.t.HelmChartContainer - [test-hivemq-platform] [hivemq] [c13dbd2e] INFO  - Starting extension with id "hivemq-dns-cluster-discovery" at /opt/hivemq/extensions/hivemq-dns-cluster-discovery
2025-01-29 13:42:23,476 INFO c.h.h.t.HelmChartContainer - [test-hivemq-platform] [hivemq] [c13dbd2e] INFO  - Extension "DNS Cluster Discovery Extension" version 4.3.2 started successfully.
2025-01-29 13:42:23,477 INFO c.h.h.t.HelmChartContainer - [test-hivemq-platform] [hivemq] [c13dbd2e] INFO  - Starting extension with id "hivemq-prometheus-extension" at /opt/hivemq/extensions/hivemq-prometheus-extension
2025-01-29 13:42:23,585 INFO c.h.h.t.HelmChartContainer - [test-hivemq-platform] [hivemq] [c13dbd2e] INFO  - Using TCP cluster transport on address 10.42.0.13 and port 7000
2025-01-29 13:42:23,652 INFO c.h.h.t.HelmChartContainer - [test-hivemq-platform] [hivemq] [c13dbd2e] INFO  - Using extension cluster discovery
2025-01-29 13:42:24,581 INFO c.h.h.t.HelmChartContainer - [test-hivemq-platform] [hivemq] [c13dbd2e] INFO  - Started Jetty Server exposing Prometheus Servlet on URI http://0.0.0.0:9399/
2025-01-29 13:42:24,582 INFO c.h.h.t.HelmChartContainer - [test-hivemq-platform] [hivemq] [c13dbd2e] INFO  - Extension "Prometheus Monitoring Extension" version 4.0.12 started successfully.
2025-01-29 13:42:24,583 INFO c.h.h.t.HelmChartContainer - [test-hivemq-platform] [hivemq] [c13dbd2e] INFO  - Starting extension with id "hivemq-allow-all-extension" at /opt/hivemq/extensions/hivemq-allow-all-extension
2025-01-29 13:42:24,583 INFO c.h.h.t.HelmChartContainer - [test-hivemq-platform] [hivemq] [c13dbd2e] WARN  - 
2025-01-29 13:42:24,583 INFO c.h.h.t.HelmChartContainer - [test-hivemq-platform] [hivemq] [c13dbd2e] ################################################################################################################
2025-01-29 13:42:24,583 INFO c.h.h.t.HelmChartContainer - [test-hivemq-platform] [hivemq] [c13dbd2e] # This HiveMQ deployment is not secure! You are lacking Authentication and Authorization.                      #
2025-01-29 13:42:24,583 INFO c.h.h.t.HelmChartContainer - [test-hivemq-platform] [hivemq] [c13dbd2e] # Right now any MQTT client can connect to the broker with a full set of permissions.                          #
2025-01-29 13:42:24,583 INFO c.h.h.t.HelmChartContainer - [test-hivemq-platform] [hivemq] [c13dbd2e] # For production usage, add an appropriate security extension and remove the hivemq-allow-all extension.       #
2025-01-29 13:42:24,583 INFO c.h.h.t.HelmChartContainer - [test-hivemq-platform] [hivemq] [c13dbd2e] # You can download security extensions from the HiveMQ Marketplace (https://www.hivemq.com/extensions/).       #
2025-01-29 13:42:24,583 INFO c.h.h.t.HelmChartContainer - [test-hivemq-platform] [hivemq] [c13dbd2e] ################################################################################################################
2025-01-29 13:42:24,583 INFO c.h.h.t.HelmChartContainer - [test-hivemq-platform] [hivemq] [c13dbd2e] INFO  - Extension "Allow All Extension" version 1.1.1 started successfully.
2025-01-29 13:42:24,786 INFO c.h.h.t.HelmChartContainer - [test-hivemq-platform] [hivemq] [99c34a2c] INFO  - Cluster nodes found by discovery: [Dp4V6|2] (3) [Dp4V6, QqLEU, Hpx4i].
2025-01-29 13:42:24,789 INFO c.h.h.t.HelmChartContainer - [test-hivemq-platform] [hivemq] [1b3b4c7a] INFO  - Cluster nodes found by discovery: [Dp4V6|2] (3) [Dp4V6, QqLEU, Hpx4i].
2025-01-29 13:42:24,881 INFO c.h.h.t.HelmChartContainer - [test-hivemq-platform] [hivemq] [c13dbd2e] INFO  - Cluster nodes found by discovery: [Dp4V6|2] (3) [Dp4V6, QqLEU, Hpx4i].
2025-01-29 13:42:25,038 INFO c.h.h.t.HelmChartContainer - [EVENT] Warning [Unhealthy] Readiness probe failed: Get "http://10.42.0.13:7979/readiness": context deadline exceeded (Client.Timeout exceeded while awaiting headers) [helmvolumeclaimtemplatesit:test-hivemq-platform-2]
2025-01-29 13:42:25,038 INFO c.h.h.t.HelmChartContainer - Received Unhealthy event for container hivemq in pod test-hivemq-platform-2 [c13dbd2e-87cd-4ccb-a8ae-0b940e699703]
2025-01-29 13:42:25,174 INFO c.h.h.t.HelmChartContainer - [test-hivemq-platform] [hivemq] [c13dbd2e] INFO  - Cluster size = 1, members : [QqLEU].
2025-01-29 13:42:25,179 INFO c.h.h.t.HelmChartContainer - [test-hivemq-platform] [hivemq] [c13dbd2e] INFO  - Cluster size = 2, members : [QqLEU, Dp4V6].
2025-01-29 13:42:25,376 INFO c.h.h.t.HelmChartContainer - [test-hivemq-platform] [hivemq] [c13dbd2e] INFO  - [HiveMQ Platform Operator Init App 1.7.0-SNAPSHOT] Returning Health API response 503 for readiness
2025-01-29 13:42:25,587 INFO c.h.h.t.HelmChartContainer - [test-hivemq-platform] [hivemq] [c13dbd2e] INFO  - Starting cluster join process. This may take a while. Please do not shut down HiveMQ.
2025-01-29 13:42:25,652 INFO c.h.h.t.HelmChartContainer - [test-hivemq-platform] [hivemq] [c13dbd2e] INFO  - Cluster join process is still ongoing. Please do not shut down HiveMQ.
2025-01-29 13:42:25,696 INFO c.h.h.t.HelmChartContainer - [K3S] [INFO] COMPACT compactRev=0 targetCompactRev=2 currentRev=1052
2025-01-29 13:42:25,696 INFO c.h.h.t.HelmChartContainer - [K3S] [INFO] COMPACT deleted 0 rows from 2 revisions in 484.607µs - compacted to 2/1052
2025-01-29 13:42:25,696 INFO c.h.h.t.HelmChartContainer - [K3S] [INFO] COMPACT compacted from 0 to 2 in 1 transactions over 1ms
2025-01-29 13:42:27,599 INFO c.h.h.t.HelmChartContainer - [test-hivemq-platform] [hivemq] [99c34a2c] INFO  - Cluster size = 3, members : [QqLEU, Dp4V6, Hpx4i].
2025-01-29 13:42:27,610 INFO c.h.h.t.HelmChartContainer - [test-hivemq-platform] [hivemq] [1b3b4c7a] INFO  - Cluster size = 3, members : [QqLEU, Dp4V6, Hpx4i].
2025-01-29 13:42:27,611 INFO c.h.h.t.HelmChartContainer - [test-hivemq-platform] [hivemq] [c13dbd2e] INFO  - Cluster size = 3, members : [QqLEU, Dp4V6, Hpx4i].
2025-01-29 13:42:27,625 INFO c.h.h.t.HelmChartContainer - [test-hivemq-platform] [hivemq] [c13dbd2e] INFO  - Finished cluster join process successfully.
2025-01-29 13:42:27,677 INFO c.h.h.t.HelmChartContainer - [test-hivemq-platform] [hivemq] [c13dbd2e] WARN  - No user for HiveMQ Control Center configured. Starting with default user
2025-01-29 13:42:27,677 INFO c.h.h.t.HelmChartContainer - [test-hivemq-platform] [hivemq] [c13dbd2e] INFO  - Starting HiveMQ Control Center on address 0.0.0.0 and port 8080
2025-01-29 13:42:27,689 INFO c.h.h.t.HelmChartContainer - [test-hivemq-platform] [hivemq] [c13dbd2e] INFO  - Mounting HiveMQ Control Center V2 Preview
2025-01-29 13:42:28,381 INFO c.h.h.t.HelmChartContainer - [test-hivemq-platform] [hivemq] [c13dbd2e] INFO  - Started HiveMQ Control Center in 706ms
2025-01-29 13:42:28,395 INFO c.h.h.t.HelmChartContainer - [test-hivemq-platform] [hivemq] [c13dbd2e] INFO  - Starting TCP listener on address 0.0.0.0 and port 1884
2025-01-29 13:42:28,482 INFO c.h.h.t.HelmChartContainer - [test-hivemq-platform] [hivemq] [c13dbd2e] INFO  - Started TCP Listener on address 0.0.0.0 and on port 1884.
2025-01-29 13:42:28,482 INFO c.h.h.t.HelmChartContainer - [test-hivemq-platform] [hivemq] [c13dbd2e] INFO  - Started HiveMQ in 28990ms
2025-01-29 13:42:28,999 INFO c.h.h.t.HelmChartContainer - [test-hivemq-platform] [hivemq] [c13dbd2e] INFO  - [HiveMQ Platform Operator Init App 1.7.0-SNAPSHOT] Returning Health API response 200 for readiness
2025-01-29 13:42:29,013 INFO c.h.h.t.HelmChartContainer - [POD] test-hivemq-platform-2 [c13dbd2e-87cd-4ccb-a8ae-0b940e699703] in helmvolumeclaimtemplatesit was MODIFIED
2025-01-29 13:42:29,024 INFO c.h.h.t.HelmChartContainer - [hivemq-test-hivemq-platform] [hivemq-platform-operator] [7b38861f] 13:42:29.017 [pool-6-thread-32] DEBUG c.h.p.o.d.PodServiceAccountResource - [helmvolu] Desired PodServiceAccountResource (serviceAccountName: hivemq-platform-pod-test-hivemq-platform)
2025-01-29 13:42:29,024 INFO c.h.h.t.HelmChartContainer - [hivemq-test-hivemq-platform] [hivemq-platform-operator] [7b38861f] 13:42:29.019 [pool-6-thread-31] DEBUG c.h.p.o.d.PlatformServiceResource - [helmvolu] Desired Platform services (3 services)
2025-01-29 13:42:29,026 INFO c.h.h.t.HelmChartContainer - [hivemq-test-hivemq-platform] [hivemq-platform-operator] [7b38861f] 13:42:29.019 [pool-6-thread-34] DEBUG c.h.p.o.dependants.PodInfoConfigMap - [helmvolu] Desired PodInfo ConfigMap (1 extensions) (1 enabled)
2025-01-29 13:42:29,026 INFO c.h.h.t.HelmChartContainer - [hivemq-test-hivemq-platform] [hivemq-platform-operator] [7b38861f] 13:42:29.021 [pool-6-thread-34] DEBUG c.h.p.o.dependants.PodInfoConfigMap - [helmvolu] Desired PodInfo ConfigMap (metrics port: 9399) (metrics path: /)
2025-01-29 13:42:29,026 INFO c.h.h.t.HelmChartContainer - [hivemq-test-hivemq-platform] [hivemq-platform-operator] [7b38861f] 13:42:29.021 [pool-6-thread-34] DEBUG c.h.p.o.dependants.PodInfoConfigMap - [helmvolu] Desired PodInfo ConfigMap (extension state hash: -1817474005)
2025-01-29 13:42:29,027 INFO c.h.h.t.HelmChartContainer - [hivemq-test-hivemq-platform] [hivemq-platform-operator] [7b38861f] 13:42:29.023 [pool-6-thread-34] DEBUG c.h.p.o.d.StatefulSetResource - [helmvolu] Desired StatefulSet (3 replicas) for status ROLLING_RESTART (SURGE_IN_PROGRESS)
2025-01-29 13:42:29,028 INFO c.h.h.t.HelmChartContainer - [hivemq-test-hivemq-platform] [hivemq-platform-operator] [7b38861f] 13:42:29.026 [ReconcilerExecutor-hivemq-controller-142] INFO  c.h.p.o.HiveMQPlatformReconciler - [helmvolu] Reconciling HiveMQ Platform 'test-hivemq-platform' in namespace 'helmvolumeclaimtemplatesit'
2025-01-29 13:42:29,028 INFO c.h.h.t.HelmChartContainer - [hivemq-test-hivemq-platform] [hivemq-platform-operator] [7b38861f] 13:42:29.026 [ReconcilerExecutor-hivemq-controller-142] DEBUG c.h.p.o.HiveMQPlatformReconciler - [helmvolu] Custom Resource Status ROLLING_RESTART - HiveMQ Platform is starting a surge Pod (rolling restart) (SURGE_IN_PROGRESS)
2025-01-29 13:42:29,028 INFO c.h.h.t.HelmChartContainer - [hivemq-test-hivemq-platform] [hivemq-platform-operator] [7b38861f] 13:42:29.026 [ReconcilerExecutor-hivemq-controller-142] DEBUG c.h.p.o.HiveMQPlatformReconciler - [helmvolu] Custom Resource Spec (replicas: 2) (extensions: 1)
2025-01-29 13:42:29,029 INFO c.h.h.t.HelmChartContainer - [hivemq-test-hivemq-platform] [hivemq-platform-operator] [7b38861f] 13:42:29.027 [ReconcilerExecutor-hivemq-controller-142] DEBUG c.h.p.o.HiveMQPlatformReconciler - [helmvolu] StatefulSet Status (revision: test-hivemq-platform-59475f86c9, replicas: 3, available: 2, ready: 2, current: 2, updated: 1)
2025-01-29 13:42:29,029 INFO c.h.h.t.HelmChartContainer - [hivemq-test-hivemq-platform] [hivemq-platform-operator] [7b38861f] 13:42:29.027 [ReconcilerExecutor-hivemq-controller-142] DEBUG c.h.p.o.HiveMQPlatformReconciler - [helmvolu] StatefulSet Spec (replicas: 3, init containers: 1, containers: 1, volumes: 4)
2025-01-29 13:42:29,032 INFO c.h.h.t.HelmChartContainer - [hivemq-test-hivemq-platform] [hivemq-platform-operator] [7b38861f] 13:42:29.028 [ReconcilerExecutor-hivemq-controller-142] DEBUG c.h.p.o.h.HiveMQPlatformReconcilerErrorHandler - [helmvolu] Pod 'test-hivemq-platform-2' phase Running
2025-01-29 13:42:29,032 INFO c.h.h.t.HelmChartContainer - [hivemq-test-hivemq-platform] [hivemq-platform-operator] [7b38861f] 13:42:29.030 [ReconcilerExecutor-hivemq-controller-142] DEBUG c.h.p.o.h.HiveMQPlatformReconcilerErrorHandler - [helmvolu] Pod 'test-hivemq-platform-1' phase Running
2025-01-29 13:42:29,035 INFO c.h.h.t.HelmChartContainer - [hivemq-test-hivemq-platform] [hivemq-platform-operator] [7b38861f] 13:42:29.031 [ReconcilerExecutor-hivemq-controller-142] DEBUG c.h.p.o.h.HiveMQPlatformReconcilerErrorHandler - [helmvolu] Pod 'test-hivemq-platform-0' phase Running
2025-01-29 13:42:29,035 INFO c.h.h.t.HelmChartContainer - [hivemq-test-hivemq-platform] [hivemq-platform-operator] [7b38861f] 13:42:29.031 [ReconcilerExecutor-hivemq-controller-142] DEBUG c.h.p.o.h.HiveMQPlatformReconcilerRollingRestartHandler - [helmvolu] Rolling restart is waiting for 2 of 3 replicas
2025-01-29 13:42:29,062 INFO c.h.h.t.HelmChartContainer - [hivemq-test-hivemq-platform] [hivemq-platform-operator] [7b38861f] 13:42:29.059 [pool-6-thread-45] DEBUG c.h.p.o.d.PodServiceAccountResource - [helmvolu] Desired PodServiceAccountResource (serviceAccountName: hivemq-platform-pod-test-hivemq-platform)
2025-01-29 13:42:29,062 INFO c.h.h.t.HelmChartContainer - [hivemq-test-hivemq-platform] [hivemq-platform-operator] [7b38861f] 13:42:29.060 [pool-6-thread-43] DEBUG c.h.p.o.dependants.PodInfoConfigMap - [helmvolu] Desired PodInfo ConfigMap (1 extensions) (1 enabled)
2025-01-29 13:42:29,062 INFO c.h.h.t.HelmChartContainer - [hivemq-test-hivemq-platform] [hivemq-platform-operator] [7b38861f] 13:42:29.060 [pool-6-thread-43] DEBUG c.h.p.o.dependants.PodInfoConfigMap - [helmvolu] Desired PodInfo ConfigMap (metrics port: 9399) (metrics path: /)
2025-01-29 13:42:29,062 INFO c.h.h.t.HelmChartContainer - [hivemq-test-hivemq-platform] [hivemq-platform-operator] [7b38861f] 13:42:29.060 [pool-6-thread-43] DEBUG c.h.p.o.dependants.PodInfoConfigMap - [helmvolu] Desired PodInfo ConfigMap (extension state hash: -1817474005)
2025-01-29 13:42:29,063 INFO c.h.h.t.HelmChartContainer - [hivemq-test-hivemq-platform] [hivemq-platform-operator] [7b38861f] 13:42:29.060 [pool-6-thread-47] DEBUG c.h.p.o.d.PlatformServiceResource - [helmvolu] Desired Platform services (3 services)
2025-01-29 13:42:29,065 INFO c.h.h.t.HelmChartContainer - [hivemq-test-hivemq-platform] [hivemq-platform-operator] [7b38861f] 13:42:29.064 [pool-6-thread-47] DEBUG c.h.p.o.d.StatefulSetResource - [helmvolu] Desired StatefulSet (3 replicas) for status ROLLING_RESTART (SURGE_IN_PROGRESS)
2025-01-29 13:42:29,068 INFO c.h.h.t.HelmChartContainer - [hivemq-test-hivemq-platform] [hivemq-platform-operator] [7b38861f] 13:42:29.067 [ReconcilerExecutor-hivemq-controller-143] INFO  c.h.p.o.HiveMQPlatformReconciler - [helmvolu] Reconciling HiveMQ Platform 'test-hivemq-platform' in namespace 'helmvolumeclaimtemplatesit'
2025-01-29 13:42:29,068 INFO c.h.h.t.HelmChartContainer - [hivemq-test-hivemq-platform] [hivemq-platform-operator] [7b38861f] 13:42:29.067 [ReconcilerExecutor-hivemq-controller-143] DEBUG c.h.p.o.HiveMQPlatformReconciler - [helmvolu] Custom Resource Status ROLLING_RESTART - HiveMQ Platform is starting a surge Pod (rolling restart) (SURGE_IN_PROGRESS)
2025-01-29 13:42:29,068 INFO c.h.h.t.HelmChartContainer - [hivemq-test-hivemq-platform] [hivemq-platform-operator] [7b38861f] 13:42:29.067 [ReconcilerExecutor-hivemq-controller-143] DEBUG c.h.p.o.HiveMQPlatformReconciler - [helmvolu] Custom Resource Spec (replicas: 2) (extensions: 1)
2025-01-29 13:42:29,069 INFO c.h.h.t.HelmChartContainer - [hivemq-test-hivemq-platform] [hivemq-platform-operator] [7b38861f] 13:42:29.068 [ReconcilerExecutor-hivemq-controller-143] DEBUG c.h.p.o.HiveMQPlatformReconciler - [helmvolu] StatefulSet Status (revision: test-hivemq-platform-59475f86c9, replicas: 3, available: 3, ready: 3, current: 2, updated: 1)
2025-01-29 13:42:29,070 INFO c.h.h.t.HelmChartContainer - [hivemq-test-hivemq-platform] [hivemq-platform-operator] [7b38861f] 13:42:29.068 [ReconcilerExecutor-hivemq-controller-143] DEBUG c.h.p.o.HiveMQPlatformReconciler - [helmvolu] StatefulSet Spec (replicas: 3, init containers: 1, containers: 1, volumes: 4)
2025-01-29 13:42:29,071 INFO c.h.h.t.HelmChartContainer - [hivemq-test-hivemq-platform] [hivemq-platform-operator] [7b38861f] 13:42:29.069 [ReconcilerExecutor-hivemq-controller-143] DEBUG c.h.p.o.h.HiveMQPlatformReconcilerErrorHandler - [helmvolu] Pod 'test-hivemq-platform-2' phase Running
2025-01-29 13:42:29,072 INFO c.h.h.t.HelmChartContainer - [hivemq-test-hivemq-platform] [hivemq-platform-operator] [7b38861f] 13:42:29.070 [ReconcilerExecutor-hivemq-controller-143] DEBUG c.h.p.o.h.HiveMQPlatformReconcilerErrorHandler - [helmvolu] Pod 'test-hivemq-platform-1' phase Running
2025-01-29 13:42:29,073 INFO c.h.h.t.HelmChartContainer - [hivemq-test-hivemq-platform] [hivemq-platform-operator] [7b38861f] 13:42:29.071 [ReconcilerExecutor-hivemq-controller-143] DEBUG c.h.p.o.h.HiveMQPlatformReconcilerErrorHandler - [helmvolu] Pod 'test-hivemq-platform-0' phase Running
2025-01-29 13:42:29,073 INFO c.h.h.t.HelmChartContainer - [hivemq-test-hivemq-platform] [hivemq-platform-operator] [7b38861f] 13:42:29.072 [ReconcilerExecutor-hivemq-controller-143] INFO  c.h.p.o.h.HiveMQPlatformReconcilerRollingRestartHandler - [helmvolu] Surge Pod started successfully
2025-01-29 13:42:29,168 INFO c.h.h.t.HelmChartContainer - [K3S] [info.go:53] Couldn't collect info from any of the files in "/etc/machine-id,/var/lib/dbus/machine-id"
2025-01-29 13:42:29,170 INFO c.h.h.t.HelmChartContainer - [hivemq-test-hivemq-platform] [hivemq-platform-operator] [7b38861f] 13:42:29.169 [ReconcilerExecutor-hivemq-controller-143] DEBUG c.h.p.operator.event.EventSender - [helmvolu] Creating K8s event rolling-restart-surge-in-progress: [RollingRestart] HiveMQ Platform is restarting Pods (rolling restart)
2025-01-29 13:42:29,173 INFO c.h.h.t.HelmChartContainer - [EVENT] Normal [RollingRestart] HiveMQ Platform is restarting Pods (rolling restart) [helmvolumeclaimtemplatesit:test-hivemq-platform]
2025-01-29 13:42:29,174 INFO c.h.h.t.HelmChartContainer - [hivemq-test-hivemq-platform] [hivemq-platform-operator] [7b38861f] 13:42:29.173 [ReconcilerExecutor-hivemq-controller-143] INFO  c.h.p.o.h.AbstractHiveMQReconcilerStateHandler - [helmvolu] Update HiveMQ Platform Status (ROLLING_RESTART [SURGE_IN_PROGRESS] -> ROLLING_RESTART [RESTART_PODS_IN_PROGRESS]): HiveMQ Platform is restarting Pods (rolling restart)
2025-01-29 13:42:29,181 DEBUG com.hivemq.helmcharts.util.K8sUtil - Comparing actual state 'ROLLING_RESTART' and waiting for 'RUNNING'
2025-01-29 13:42:29,264 INFO c.h.h.t.HelmChartContainer - [K3S] [scope.go:117] "RemoveContainer" containerID="d00b074fd82aa115028ce21312021b6ad5beb943b53956abd107756f1a0ee599"
2025-01-29 13:42:35,810 INFO c.h.h.t.HelmChartContainer - [test-hivemq-platform] [hivemq] [c13dbd2e] INFO  - [HiveMQ Platform Operator Init App 1.7.0-SNAPSHOT] Returning Health API response 200 for liveness
2025-01-29 13:42:39,187 INFO c.h.h.t.HelmChartContainer - [hivemq-test-hivemq-platform] [hivemq-platform-operator] [7b38861f] 13:42:39.185 [pool-6-thread-1] DEBUG c.h.p.o.d.PlatformServiceResource - [helmvolu] Desired Platform services (3 services)
2025-01-29 13:42:39,187 INFO c.h.h.t.HelmChartContainer - [hivemq-test-hivemq-platform] [hivemq-platform-operator] [7b38861f] 13:42:39.185 [pool-6-thread-7] DEBUG c.h.p.o.dependants.PodInfoConfigMap - [helmvolu] Desired PodInfo ConfigMap (1 extensions) (1 enabled)
2025-01-29 13:42:39,187 INFO c.h.h.t.HelmChartContainer - [hivemq-test-hivemq-platform] [hivemq-platform-operator] [7b38861f] 13:42:39.185 [pool-6-thread-7] DEBUG c.h.p.o.dependants.PodInfoConfigMap - [helmvolu] Desired PodInfo ConfigMap (metrics port: 9399) (metrics path: /)
2025-01-29 13:42:39,187 INFO c.h.h.t.HelmChartContainer - [hivemq-test-hivemq-platform] [hivemq-platform-operator] [7b38861f] 13:42:39.185 [pool-6-thread-7] DEBUG c.h.p.o.dependants.PodInfoConfigMap - [helmvolu] Desired PodInfo ConfigMap (extension state hash: -1817474005)
2025-01-29 13:42:39,187 INFO c.h.h.t.HelmChartContainer - [hivemq-test-hivemq-platform] [hivemq-platform-operator] [7b38861f] 13:42:39.185 [pool-6-thread-8] DEBUG c.h.p.o.d.PodServiceAccountResource - [helmvolu] Desired PodServiceAccountResource (serviceAccountName: hivemq-platform-pod-test-hivemq-platform)
2025-01-29 13:42:39,188 INFO c.h.h.t.HelmChartContainer - [hivemq-test-hivemq-platform] [hivemq-platform-operator] [7b38861f] 13:42:39.188 [pool-6-thread-1] DEBUG c.h.p.o.d.StatefulSetResource - [helmvolu] Desired StatefulSet (3 replicas) for status ROLLING_RESTART (RESTART_PODS_IN_PROGRESS)
2025-01-29 13:42:39,191 INFO c.h.h.t.HelmChartContainer - [hivemq-test-hivemq-platform] [hivemq-platform-operator] [7b38861f] 13:42:39.190 [ReconcilerExecutor-hivemq-controller-144] INFO  c.h.p.o.HiveMQPlatformReconciler - [helmvolu] Reconciling HiveMQ Platform 'test-hivemq-platform' in namespace 'helmvolumeclaimtemplatesit'
2025-01-29 13:42:39,191 INFO c.h.h.t.HelmChartContainer - [hivemq-test-hivemq-platform] [hivemq-platform-operator] [7b38861f] 13:42:39.190 [ReconcilerExecutor-hivemq-controller-144] DEBUG c.h.p.o.HiveMQPlatformReconciler - [helmvolu] Custom Resource Status ROLLING_RESTART - HiveMQ Platform is restarting Pods (rolling restart) (RESTART_PODS_IN_PROGRESS)
2025-01-29 13:42:39,191 INFO c.h.h.t.HelmChartContainer - [hivemq-test-hivemq-platform] [hivemq-platform-operator] [7b38861f] 13:42:39.190 [ReconcilerExecutor-hivemq-controller-144] DEBUG c.h.p.o.HiveMQPlatformReconciler - [helmvolu] Custom Resource Spec (replicas: 2) (extensions: 1)
2025-01-29 13:42:39,193 INFO c.h.h.t.HelmChartContainer - [hivemq-test-hivemq-platform] [hivemq-platform-operator] [7b38861f] 13:42:39.191 [ReconcilerExecutor-hivemq-controller-144] DEBUG c.h.p.o.HiveMQPlatformReconciler - [helmvolu] StatefulSet Status (revision: test-hivemq-platform-59475f86c9, replicas: 3, available: 3, ready: 3, current: 2, updated: 1)
2025-01-29 13:42:39,193 INFO c.h.h.t.HelmChartContainer - [hivemq-test-hivemq-platform] [hivemq-platform-operator] [7b38861f] 13:42:39.192 [ReconcilerExecutor-hivemq-controller-144] DEBUG c.h.p.o.HiveMQPlatformReconciler - [helmvolu] StatefulSet Spec (replicas: 3, init containers: 1, containers: 1, volumes: 4)
2025-01-29 13:42:39,194 INFO c.h.h.t.HelmChartContainer - [hivemq-test-hivemq-platform] [hivemq-platform-operator] [7b38861f] 13:42:39.193 [ReconcilerExecutor-hivemq-controller-144] DEBUG c.h.p.o.h.HiveMQPlatformReconcilerErrorHandler - [helmvolu] Pod 'test-hivemq-platform-2' phase Running
2025-01-29 13:42:39,195 INFO c.h.h.t.HelmChartContainer - [hivemq-test-hivemq-platform] [hivemq-platform-operator] [7b38861f] 13:42:39.194 [ReconcilerExecutor-hivemq-controller-144] DEBUG c.h.p.o.h.HiveMQPlatformReconcilerErrorHandler - [helmvolu] Pod 'test-hivemq-platform-1' phase Running
2025-01-29 13:42:39,198 INFO c.h.h.t.HelmChartContainer - [hivemq-test-hivemq-platform] [hivemq-platform-operator] [7b38861f] 13:42:39.197 [ReconcilerExecutor-hivemq-controller-144] DEBUG c.h.p.o.h.HiveMQPlatformReconcilerErrorHandler - [helmvolu] Pod 'test-hivemq-platform-0' phase Running
2025-01-29 13:42:39,203 INFO c.h.h.t.HelmChartContainer - [hivemq-test-hivemq-platform] [hivemq-platform-operator] [7b38861f] 13:42:39.203 [ReconcilerExecutor-hivemq-controller-144] DEBUG c.h.p.o.h.HiveMQPlatformReconcilerRollingRestartHandler - [helmvolu] Skipping Pod test-hivemq-platform-2 as it's already on the controller update revision (update revision: test-hivemq-platform-59475f86c9, pod revision: test-hivemq-platform-59475f86c9)
2025-01-29 13:42:39,215 INFO c.h.h.t.HelmChartContainer - [hivemq-test-hivemq-platform] [hivemq-platform-operator] [7b38861f] 13:42:39.214 [ReconcilerExecutor-hivemq-controller-144] DEBUG c.h.p.o.h.HiveMQPlatformReconcilerRollingRestartHandler - [helmvolu] The last Pod is running for 64 seconds, the next Pod can be restarted
2025-01-29 13:42:39,215 INFO c.h.h.t.HelmChartContainer - [hivemq-test-hivemq-platform] [hivemq-platform-operator] [7b38861f] 13:42:39.214 [ReconcilerExecutor-hivemq-controller-144] INFO  c.h.p.o.h.HiveMQPlatformReconcilerRollingRestartHandler - [helmvolu] Restarting Pod test-hivemq-platform-1 as it's not matching the controller update revision (update revision: test-hivemq-platform-59475f86c9, pod revision: test-hivemq-platform-6c7bb94cbd)
2025-01-29 13:42:39,270 INFO c.h.h.t.HelmChartContainer - [POD] test-hivemq-platform-1 [1b3b4c7a-0329-45d7-a19e-e65445c5f794] in helmvolumeclaimtemplatesit was MODIFIED
2025-01-29 13:42:39,279 INFO c.h.h.t.HelmChartContainer - [hivemq-test-hivemq-platform] [hivemq-platform-operator] [7b38861f] 13:42:39.275 [pool-6-thread-16] DEBUG c.h.p.o.d.PlatformServiceResource - [helmvolu] Desired Platform services (3 services)
2025-01-29 13:42:39,279 INFO c.h.h.t.HelmChartContainer - [hivemq-test-hivemq-platform] [hivemq-platform-operator] [7b38861f] 13:42:39.275 [pool-6-thread-19] DEBUG c.h.p.o.dependants.PodInfoConfigMap - [helmvolu] Desired PodInfo ConfigMap (1 extensions) (1 enabled)
2025-01-29 13:42:39,279 INFO c.h.h.t.HelmChartContainer - [hivemq-test-hivemq-platform] [hivemq-platform-operator] [7b38861f] 13:42:39.275 [pool-6-thread-19] DEBUG c.h.p.o.dependants.PodInfoConfigMap - [helmvolu] Desired PodInfo ConfigMap (metrics port: 9399) (metrics path: /)
2025-01-29 13:42:39,279 INFO c.h.h.t.HelmChartContainer - [hivemq-test-hivemq-platform] [hivemq-platform-operator] [7b38861f] 13:42:39.275 [pool-6-thread-19] DEBUG c.h.p.o.dependants.PodInfoConfigMap - [helmvolu] Desired PodInfo ConfigMap (extension state hash: -1817474005)
2025-01-29 13:42:39,279 INFO c.h.h.t.HelmChartContainer - [hivemq-test-hivemq-platform] [hivemq-platform-operator] [7b38861f] 13:42:39.277 [pool-6-thread-20] DEBUG c.h.p.o.d.PodServiceAccountResource - [helmvolu] Desired PodServiceAccountResource (serviceAccountName: hivemq-platform-pod-test-hivemq-platform)
2025-01-29 13:42:39,284 INFO c.h.h.t.HelmChartContainer - [hivemq-test-hivemq-platform] [hivemq-platform-operator] [7b38861f] 13:42:39.280 [pool-6-thread-16] DEBUG c.h.p.o.d.StatefulSetResource - [helmvolu] Desired StatefulSet (3 replicas) for status ROLLING_RESTART (RESTART_PODS_IN_PROGRESS)
2025-01-29 13:42:39,284 INFO c.h.h.t.HelmChartContainer - [EVENT] Normal [Killing] Stopping container hivemq [helmvolumeclaimtemplatesit:test-hivemq-platform-1]
2025-01-29 13:42:39,285 INFO c.h.h.t.HelmChartContainer - Received Killing event for container hivemq in pod test-hivemq-platform-1 [1b3b4c7a-0329-45d7-a19e-e65445c5f794]
2025-01-29 13:42:39,285 INFO c.h.h.t.HelmChartContainer - Container [test-hivemq-platform-1] [hivemq] [1b3b4c7a-0329-45d7-a19e-e65445c5f794] was terminated
2025-01-29 13:42:39,285 INFO c.h.h.t.HelmChartContainer - Stopped log watcher for hivemq in pod test-hivemq-platform-1 [1b3b4c7a-0329-45d7-a19e-e65445c5f794]
2025-01-29 13:42:39,294 INFO c.h.h.t.HelmChartContainer - [hivemq-test-hivemq-platform] [hivemq-platform-operator] [7b38861f] 13:42:39.284 [ReconcilerExecutor-hivemq-controller-145] INFO  c.h.p.o.HiveMQPlatformReconciler - [helmvolu] Reconciling HiveMQ Platform 'test-hivemq-platform' in namespace 'helmvolumeclaimtemplatesit'
2025-01-29 13:42:39,294 INFO c.h.h.t.HelmChartContainer - [hivemq-test-hivemq-platform] [hivemq-platform-operator] [7b38861f] 13:42:39.284 [ReconcilerExecutor-hivemq-controller-145] DEBUG c.h.p.o.HiveMQPlatformReconciler - [helmvolu] Custom Resource Status ROLLING_RESTART - HiveMQ Platform is restarting Pods (rolling restart) (RESTART_PODS_IN_PROGRESS)
2025-01-29 13:42:39,294 INFO c.h.h.t.HelmChartContainer - [hivemq-test-hivemq-platform] [hivemq-platform-operator] [7b38861f] 13:42:39.284 [ReconcilerExecutor-hivemq-controller-145] DEBUG c.h.p.o.HiveMQPlatformReconciler - [helmvolu] Custom Resource Spec (replicas: 2) (extensions: 1)
2025-01-29 13:42:39,298 INFO c.h.h.t.HelmChartContainer - [hivemq-test-hivemq-platform] [hivemq-platform-operator] [7b38861f] 13:42:39.286 [ReconcilerExecutor-hivemq-controller-145] DEBUG c.h.p.o.HiveMQPlatformReconciler - [helmvolu] StatefulSet Status (revision: test-hivemq-platform-59475f86c9, replicas: 3, available: 3, ready: 3, current: 2, updated: 1)
2025-01-29 13:42:39,298 INFO c.h.h.t.HelmChartContainer - [test-hivemq-platform] [hivemq] [1b3b4c7a] INFO  - [HiveMQ Platform Operator Init App 1.7.0-SNAPSHOT] Shutting down
2025-01-29 13:42:39,298 INFO c.h.h.t.HelmChartContainer - [hivemq-test-hivemq-platform] [hivemq-platform-operator] [7b38861f] 13:42:39.286 [ReconcilerExecutor-hivemq-controller-145] DEBUG c.h.p.o.HiveMQPlatformReconciler - [helmvolu] StatefulSet Spec (replicas: 3, init containers: 1, containers: 1, volumes: 4)
2025-01-29 13:42:39,298 INFO c.h.h.t.HelmChartContainer - [test-hivemq-platform] [hivemq] [1b3b4c7a] INFO  - [HiveMQ Platform Operator Init App 1.7.0-SNAPSHOT] Stopping the HiveMQ Platform
2025-01-29 13:42:39,298 INFO c.h.h.t.HelmChartContainer - [hivemq-test-hivemq-platform] [hivemq-platform-operator] [7b38861f] 13:42:39.287 [ReconcilerExecutor-hivemq-controller-145] DEBUG c.h.p.o.h.HiveMQPlatformReconcilerErrorHandler - [helmvolu] Pod 'test-hivemq-platform-2' phase Running
2025-01-29 13:42:39,298 INFO c.h.h.t.HelmChartContainer - [hivemq-test-hivemq-platform] [hivemq-platform-operator] [7b38861f] 13:42:39.289 [ReconcilerExecutor-hivemq-controller-145] DEBUG c.h.p.o.h.HiveMQPlatformReconcilerErrorHandler - [helmvolu] Pod 'test-hivemq-platform-1' phase Running
2025-01-29 13:42:39,298 INFO c.h.h.t.HelmChartContainer - [hivemq-test-hivemq-platform] [hivemq-platform-operator] [7b38861f] 13:42:39.293 [ReconcilerExecutor-hivemq-controller-145] DEBUG c.h.p.o.h.HiveMQPlatformReconcilerErrorHandler - [helmvolu] Pod 'test-hivemq-platform-0' phase Running
2025-01-29 13:42:39,366 INFO c.h.h.t.HelmChartContainer - [hivemq-test-hivemq-platform] [hivemq-platform-operator] [7b38861f] 13:42:39.365 [ReconcilerExecutor-hivemq-controller-145] DEBUG c.h.p.o.h.HiveMQPlatformReconcilerRollingRestartHandler - [helmvolu] Skipping Pod test-hivemq-platform-2 as it's already on the controller update revision (update revision: test-hivemq-platform-59475f86c9, pod revision: test-hivemq-platform-59475f86c9)
2025-01-29 13:42:39,379 INFO c.h.h.t.HelmChartContainer - [hivemq-test-hivemq-platform] [hivemq-platform-operator] [7b38861f] 13:42:39.377 [ReconcilerExecutor-hivemq-controller-145] DEBUG c.h.p.o.h.HiveMQPlatformReconcilerRollingRestartHandler - [helmvolu] The last Pod is running for 64 seconds, the next Pod can be restarted
2025-01-29 13:42:39,379 INFO c.h.h.t.HelmChartContainer - [hivemq-test-hivemq-platform] [hivemq-platform-operator] [7b38861f] 13:42:39.377 [ReconcilerExecutor-hivemq-controller-145] INFO  c.h.p.o.h.HiveMQPlatformReconcilerRollingRestartHandler - [helmvolu] Restarting Pod test-hivemq-platform-1 as it's not matching the controller update revision (update revision: test-hivemq-platform-59475f86c9, pod revision: test-hivemq-platform-6c7bb94cbd)
2025-01-29 13:42:39,386 INFO c.h.h.t.HelmChartContainer - [hivemq-test-hivemq-platform] [hivemq-platform-operator] [7b38861f] 13:42:39.385 [pool-6-thread-25] DEBUG c.h.p.o.d.PlatformServiceResource - [helmvolu] Desired Platform services (3 services)
2025-01-29 13:42:39,386 INFO c.h.h.t.HelmChartContainer - [hivemq-test-hivemq-platform] [hivemq-platform-operator] [7b38861f] 13:42:39.385 [pool-6-thread-30] DEBUG c.h.p.o.d.PodServiceAccountResource - [helmvolu] Desired PodServiceAccountResource (serviceAccountName: hivemq-platform-pod-test-hivemq-platform)
2025-01-29 13:42:39,386 INFO c.h.h.t.HelmChartContainer - [hivemq-test-hivemq-platform] [hivemq-platform-operator] [7b38861f] 13:42:39.385 [pool-6-thread-27] DEBUG c.h.p.o.dependants.PodInfoConfigMap - [helmvolu] Desired PodInfo ConfigMap (1 extensions) (1 enabled)
2025-01-29 13:42:39,388 INFO c.h.h.t.HelmChartContainer - [hivemq-test-hivemq-platform] [hivemq-platform-operator] [7b38861f] 13:42:39.385 [pool-6-thread-27] DEBUG c.h.p.o.dependants.PodInfoConfigMap - [helmvolu] Desired PodInfo ConfigMap (metrics port: 9399) (metrics path: /)
2025-01-29 13:42:39,388 INFO c.h.h.t.HelmChartContainer - [hivemq-test-hivemq-platform] [hivemq-platform-operator] [7b38861f] 13:42:39.386 [pool-6-thread-27] DEBUG c.h.p.o.dependants.PodInfoConfigMap - [helmvolu] Desired PodInfo ConfigMap (extension state hash: -1817474005)
2025-01-29 13:42:39,390 INFO c.h.h.t.HelmChartContainer - [hivemq-test-hivemq-platform] [hivemq-platform-operator] [7b38861f] 13:42:39.390 [pool-6-thread-29] DEBUG c.h.p.o.d.StatefulSetResource - [helmvolu] Desired StatefulSet (3 replicas) for status ROLLING_RESTART (RESTART_PODS_IN_PROGRESS)
2025-01-29 13:42:39,393 INFO c.h.h.t.HelmChartContainer - [hivemq-test-hivemq-platform] [hivemq-platform-operator] [7b38861f] 13:42:39.392 [ReconcilerExecutor-hivemq-controller-146] INFO  c.h.p.o.HiveMQPlatformReconciler - [helmvolu] Reconciling HiveMQ Platform 'test-hivemq-platform' in namespace 'helmvolumeclaimtemplatesit'
2025-01-29 13:42:39,393 INFO c.h.h.t.HelmChartContainer - [hivemq-test-hivemq-platform] [hivemq-platform-operator] [7b38861f] 13:42:39.392 [ReconcilerExecutor-hivemq-controller-146] DEBUG c.h.p.o.HiveMQPlatformReconciler - [helmvolu] Custom Resource Status ROLLING_RESTART - HiveMQ Platform is restarting Pods (rolling restart) (RESTART_PODS_IN_PROGRESS)
2025-01-29 13:42:39,393 INFO c.h.h.t.HelmChartContainer - [hivemq-test-hivemq-platform] [hivemq-platform-operator] [7b38861f] 13:42:39.393 [ReconcilerExecutor-hivemq-controller-146] DEBUG c.h.p.o.HiveMQPlatformReconciler - [helmvolu] Custom Resource Spec (replicas: 2) (extensions: 1)
2025-01-29 13:42:39,395 INFO c.h.h.t.HelmChartContainer - [hivemq-test-hivemq-platform] [hivemq-platform-operator] [7b38861f] 13:42:39.394 [ReconcilerExecutor-hivemq-controller-146] DEBUG c.h.p.o.HiveMQPlatformReconciler - [helmvolu] StatefulSet Status (revision: test-hivemq-platform-59475f86c9, replicas: 3, available: 3, ready: 3, current: 1, updated: 1)
2025-01-29 13:42:39,395 INFO c.h.h.t.HelmChartContainer - [hivemq-test-hivemq-platform] [hivemq-platform-operator] [7b38861f] 13:42:39.394 [ReconcilerExecutor-hivemq-controller-146] DEBUG c.h.p.o.HiveMQPlatformReconciler - [helmvolu] StatefulSet Spec (replicas: 3, init containers: 1, containers: 1, volumes: 4)
2025-01-29 13:42:39,462 INFO c.h.h.t.HelmChartContainer - [test-hivemq-platform] [hivemq] [1b3b4c7a] INFO  - Shutting down HiveMQ. Please wait, this could take a while...
2025-01-29 13:42:39,462 INFO c.h.h.t.HelmChartContainer - [hivemq-test-hivemq-platform] [hivemq-platform-operator] [7b38861f] 13:42:39.458 [ReconcilerExecutor-hivemq-controller-146] DEBUG c.h.p.o.h.HiveMQPlatformReconcilerErrorHandler - [helmvolu] Pod 'test-hivemq-platform-2' phase Running
2025-01-29 13:42:39,466 INFO c.h.h.t.HelmChartContainer - [hivemq-test-hivemq-platform] [hivemq-platform-operator] [7b38861f] 13:42:39.464 [ReconcilerExecutor-hivemq-controller-146] DEBUG c.h.p.o.h.HiveMQPlatformReconcilerErrorHandler - [helmvolu] Pod 'test-hivemq-platform-1' phase Running
2025-01-29 13:42:39,467 INFO c.h.h.t.HelmChartContainer - [hivemq-test-hivemq-platform] [hivemq-platform-operator] [7b38861f] 13:42:39.466 [ReconcilerExecutor-hivemq-controller-146] DEBUG c.h.p.o.h.HiveMQPlatformReconcilerErrorHandler - [helmvolu] Pod 'test-hivemq-platform-0' phase Running
2025-01-29 13:42:39,473 INFO c.h.h.t.HelmChartContainer - [test-hivemq-platform] [hivemq] [1b3b4c7a] INFO  - Shutting down listeners and clients
2025-01-29 13:42:39,476 INFO c.h.h.t.HelmChartContainer - [test-hivemq-platform] [hivemq] [1b3b4c7a] INFO  - Shutdown of listeners is done
2025-01-29 13:42:39,476 INFO c.h.h.t.HelmChartContainer - [test-hivemq-platform] [hivemq] [1b3b4c7a] INFO  - No clients are connected, proceeding with shutdown
2025-01-29 13:42:39,477 INFO c.h.h.t.HelmChartContainer - [hivemq-test-hivemq-platform] [hivemq-platform-operator] [7b38861f] 13:42:39.477 [ReconcilerExecutor-hivemq-controller-146] DEBUG c.h.p.o.h.HiveMQPlatformReconcilerRollingRestartHandler - [helmvolu] Skipping Pod test-hivemq-platform-2 as it's already on the controller update revision (update revision: test-hivemq-platform-59475f86c9, pod revision: test-hivemq-platform-59475f86c9)
2025-01-29 13:42:39,565 INFO c.h.h.t.HelmChartContainer - [hivemq-test-hivemq-platform] [hivemq-platform-operator] [7b38861f] 13:42:39.564 [ReconcilerExecutor-hivemq-controller-146] DEBUG c.h.p.o.h.HiveMQPlatformReconcilerRollingRestartHandler - [helmvolu] The last Pod is running for 64 seconds, the next Pod can be restarted
2025-01-29 13:42:39,565 INFO c.h.h.t.HelmChartContainer - [hivemq-test-hivemq-platform] [hivemq-platform-operator] [7b38861f] 13:42:39.564 [ReconcilerExecutor-hivemq-controller-146] INFO  c.h.p.o.h.HiveMQPlatformReconcilerRollingRestartHandler - [helmvolu] Restarting Pod test-hivemq-platform-1 as it's not matching the controller update revision (update revision: test-hivemq-platform-59475f86c9, pod revision: test-hivemq-platform-6c7bb94cbd)
2025-01-29 13:42:42,171 INFO c.h.h.t.HelmChartContainer - [test-hivemq-platform] [hivemq] [1b3b4c7a] INFO  - Shutting down extension system
2025-01-29 13:42:42,173 INFO c.h.h.t.HelmChartContainer - [test-hivemq-platform] [hivemq] [1b3b4c7a] INFO  - Stopping extension with id hivemq-dns-cluster-discovery
2025-01-29 13:42:42,174 INFO c.h.h.t.HelmChartContainer - [test-hivemq-platform] [hivemq] [1b3b4c7a] INFO  - Extension "DNS Cluster Discovery Extension" version 4.3.2 stopped successfully.
2025-01-29 13:42:42,174 INFO c.h.h.t.HelmChartContainer - [test-hivemq-platform] [hivemq] [1b3b4c7a] INFO  - Stopping extension with id hivemq-prometheus-extension
2025-01-29 13:42:42,178 INFO c.h.h.t.HelmChartContainer - [test-hivemq-platform] [hivemq] [1b3b4c7a] INFO  - Extension "Prometheus Monitoring Extension" version 4.0.12 stopped successfully.
2025-01-29 13:42:42,178 INFO c.h.h.t.HelmChartContainer - [test-hivemq-platform] [hivemq] [1b3b4c7a] INFO  - Stopping extension with id hivemq-allow-all-extension
2025-01-29 13:42:42,178 INFO c.h.h.t.HelmChartContainer - [test-hivemq-platform] [hivemq] [1b3b4c7a] INFO  - Extension "Allow All Extension" version 1.1.1 stopped successfully.
2025-01-29 13:42:42,183 INFO c.h.h.t.HelmChartContainer - [test-hivemq-platform] [hivemq] [99c34a2c] INFO  - Cluster nodes found by discovery: [Dp4V6|3] (2) [Dp4V6, Hpx4i].
2025-01-29 13:42:42,184 INFO c.h.h.t.HelmChartContainer - [test-hivemq-platform] [hivemq] [c13dbd2e] INFO  - Cluster nodes found by discovery: [Dp4V6|3] (2) [Dp4V6, Hpx4i].
2025-01-29 13:42:42,190 INFO c.h.h.t.HelmChartContainer - [test-hivemq-platform] [hivemq] [99c34a2c] INFO  - Cluster size = 2, members : [Dp4V6, Hpx4i].
2025-01-29 13:42:42,195 INFO c.h.h.t.HelmChartContainer - [test-hivemq-platform] [hivemq] [c13dbd2e] INFO  - Cluster size = 2, members : [Dp4V6, Hpx4i].
2025-01-29 13:42:42,198 INFO c.h.h.t.HelmChartContainer - [test-hivemq-platform] [hivemq] [c13dbd2e] INFO  - Starting cluster replication process. This may take a while. Please do not shut down HiveMQ.
2025-01-29 13:42:42,199 INFO c.h.h.t.HelmChartContainer - [test-hivemq-platform] [hivemq] [99c34a2c] INFO  - Starting cluster replication process. This may take a while. Please do not shut down HiveMQ.
2025-01-29 13:42:42,490 INFO c.h.h.t.HelmChartContainer - [test-hivemq-platform] [hivemq] [99c34a2c] INFO  - Finished cluster replication successfully in 288 ms.
2025-01-29 13:42:42,490 INFO c.h.h.t.HelmChartContainer - [test-hivemq-platform] [hivemq] [c13dbd2e] INFO  - Finished cluster replication successfully in 295 ms.
2025-01-29 13:42:43,575 INFO c.h.h.t.HelmChartContainer - [test-hivemq-platform] [hivemq] [1b3b4c7a] INFO  - [HiveMQ Platform Operator Init App 1.7.0-SNAPSHOT] Returning shutdown Health API response 503 for readiness
2025-01-29 13:42:43,579 INFO c.h.h.t.HelmChartContainer - [EVENT] Warning [Unhealthy] Readiness probe failed: HTTP probe failed with statuscode: 503 [helmvolumeclaimtemplatesit:test-hivemq-platform-1]
2025-01-29 13:42:43,579 INFO c.h.h.t.HelmChartContainer - Received Unhealthy event for container hivemq in pod test-hivemq-platform-1 [1b3b4c7a-0329-45d7-a19e-e65445c5f794]
2025-01-29 13:42:44,760 INFO c.h.h.t.HelmChartContainer - [test-hivemq-platform] [hivemq] [1b3b4c7a] INFO  - Shutdown completed.
2025-01-29 13:42:45,112 INFO c.h.h.t.HelmChartContainer - [test-hivemq-platform] [hivemq] [1b3b4c7a] INFO  - [HiveMQ Platform Operator Init App 1.7.0-SNAPSHOT] The HiveMQ Platform exited with code 143
2025-01-29 13:42:45,112 INFO c.h.h.t.HelmChartContainer - [test-hivemq-platform] [hivemq] [1b3b4c7a] INFO  - [HiveMQ Platform Operator Init App 1.7.0-SNAPSHOT] Stopping the REST API
2025-01-29 13:42:45,124 INFO c.h.h.t.HelmChartContainer - [test-hivemq-platform] [hivemq] [1b3b4c7a] INFO  - [HiveMQ Platform Operator Init App 1.7.0-SNAPSHOT] Shutdown complete
2025-01-29 13:42:45,606 INFO c.h.h.t.HelmChartContainer - [POD] test-hivemq-platform-1 [1b3b4c7a-0329-45d7-a19e-e65445c5f794] in helmvolumeclaimtemplatesit was MODIFIED
2025-01-29 13:42:45,615 INFO c.h.h.t.HelmChartContainer - [hivemq-test-hivemq-platform] [hivemq-platform-operator] [7b38861f] 13:42:45.609 [pool-6-thread-33] DEBUG c.h.p.o.d.PlatformServiceResource - [helmvolu] Desired Platform services (3 services)
2025-01-29 13:42:45,615 INFO c.h.h.t.HelmChartContainer - [hivemq-test-hivemq-platform] [hivemq-platform-operator] [7b38861f] 13:42:45.609 [pool-6-thread-38] DEBUG c.h.p.o.dependants.PodInfoConfigMap - [helmvolu] Desired PodInfo ConfigMap (1 extensions) (1 enabled)
2025-01-29 13:42:45,615 INFO c.h.h.t.HelmChartContainer - [hivemq-test-hivemq-platform] [hivemq-platform-operator] [7b38861f] 13:42:45.609 [pool-6-thread-38] DEBUG c.h.p.o.dependants.PodInfoConfigMap - [helmvolu] Desired PodInfo ConfigMap (metrics port: 9399) (metrics path: /)
2025-01-29 13:42:45,615 INFO c.h.h.t.HelmChartContainer - [hivemq-test-hivemq-platform] [hivemq-platform-operator] [7b38861f] 13:42:45.609 [pool-6-thread-38] DEBUG c.h.p.o.dependants.PodInfoConfigMap - [helmvolu] Desired PodInfo ConfigMap (extension state hash: -1817474005)
2025-01-29 13:42:45,615 INFO c.h.h.t.HelmChartContainer - [hivemq-test-hivemq-platform] [hivemq-platform-operator] [7b38861f] 13:42:45.612 [pool-6-thread-38] DEBUG c.h.p.o.d.PodServiceAccountResource - [helmvolu] Desired PodServiceAccountResource (serviceAccountName: hivemq-platform-pod-test-hivemq-platform)
2025-01-29 13:42:45,622 INFO c.h.h.t.HelmChartContainer - [hivemq-test-hivemq-platform] [hivemq-platform-operator] [7b38861f] 13:42:45.620 [pool-6-thread-33] DEBUG c.h.p.o.d.StatefulSetResource - [helmvolu] Desired StatefulSet (3 replicas) for status ROLLING_RESTART (RESTART_PODS_IN_PROGRESS)
2025-01-29 13:42:45,627 INFO c.h.h.t.HelmChartContainer - [hivemq-test-hivemq-platform] [hivemq-platform-operator] [7b38861f] 13:42:45.625 [ReconcilerExecutor-hivemq-controller-147] INFO  c.h.p.o.HiveMQPlatformReconciler - [helmvolu] Reconciling HiveMQ Platform 'test-hivemq-platform' in namespace 'helmvolumeclaimtemplatesit'
2025-01-29 13:42:45,627 INFO c.h.h.t.HelmChartContainer - [hivemq-test-hivemq-platform] [hivemq-platform-operator] [7b38861f] 13:42:45.626 [ReconcilerExecutor-hivemq-controller-147] DEBUG c.h.p.o.HiveMQPlatformReconciler - [helmvolu] Custom Resource Status ROLLING_RESTART - HiveMQ Platform is restarting Pods (rolling restart) (RESTART_PODS_IN_PROGRESS)
2025-01-29 13:42:45,627 INFO c.h.h.t.HelmChartContainer - [hivemq-test-hivemq-platform] [hivemq-platform-operator] [7b38861f] 13:42:45.626 [ReconcilerExecutor-hivemq-controller-147] DEBUG c.h.p.o.HiveMQPlatformReconciler - [helmvolu] Custom Resource Spec (replicas: 2) (extensions: 1)
2025-01-29 13:42:45,628 INFO c.h.h.t.HelmChartContainer - [hivemq-test-hivemq-platform] [hivemq-platform-operator] [7b38861f] 13:42:45.627 [ReconcilerExecutor-hivemq-controller-147] DEBUG c.h.p.o.HiveMQPlatformReconciler - [helmvolu] StatefulSet Status (revision: test-hivemq-platform-59475f86c9, replicas: 3, available: 2, ready: 2, current: 1, updated: 1)
2025-01-29 13:42:45,629 INFO c.h.h.t.HelmChartContainer - [hivemq-test-hivemq-platform] [hivemq-platform-operator] [7b38861f] 13:42:45.627 [ReconcilerExecutor-hivemq-controller-147] DEBUG c.h.p.o.HiveMQPlatformReconciler - [helmvolu] StatefulSet Spec (replicas: 3, init containers: 1, containers: 1, volumes: 4)
2025-01-29 13:42:45,632 INFO c.h.h.t.HelmChartContainer - [hivemq-test-hivemq-platform] [hivemq-platform-operator] [7b38861f] 13:42:45.628 [ReconcilerExecutor-hivemq-controller-147] DEBUG c.h.p.o.h.HiveMQPlatformReconcilerErrorHandler - [helmvolu] Pod 'test-hivemq-platform-2' phase Running
2025-01-29 13:42:45,632 INFO c.h.h.t.HelmChartContainer - [hivemq-test-hivemq-platform] [hivemq-platform-operator] [7b38861f] 13:42:45.630 [ReconcilerExecutor-hivemq-controller-147] DEBUG c.h.p.o.h.HiveMQPlatformReconcilerErrorHandler - [helmvolu] Pod 'test-hivemq-platform-1' phase Failed
2025-01-29 13:42:45,632 INFO c.h.h.t.HelmChartContainer - [hivemq-test-hivemq-platform] [hivemq-platform-operator] [7b38861f] 13:42:45.630 [ReconcilerExecutor-hivemq-controller-147] DEBUG c.h.p.o.h.HiveMQPlatformReconcilerErrorHandler - [helmvolu] Pod 'test-hivemq-platform-1' condition 'PodReadyToStartContainers': False
2025-01-29 13:42:45,632 INFO c.h.h.t.HelmChartContainer - [hivemq-test-hivemq-platform] [hivemq-platform-operator] [7b38861f] 13:42:45.630 [ReconcilerExecutor-hivemq-controller-147] DEBUG c.h.p.o.h.HiveMQPlatformReconcilerErrorHandler - [helmvolu] Pod 'test-hivemq-platform-1' condition 'Initialized': True
2025-01-29 13:42:45,632 INFO c.h.h.t.HelmChartContainer - [hivemq-test-hivemq-platform] [hivemq-platform-operator] [7b38861f] 13:42:45.630 [ReconcilerExecutor-hivemq-controller-147] DEBUG c.h.p.o.h.HiveMQPlatformReconcilerErrorHandler - [helmvolu] Pod 'test-hivemq-platform-1' condition 'Ready': False
2025-01-29 13:42:45,632 INFO c.h.h.t.HelmChartContainer - [hivemq-test-hivemq-platform] [hivemq-platform-operator] [7b38861f] 13:42:45.630 [ReconcilerExecutor-hivemq-controller-147] DEBUG c.h.p.o.h.HiveMQPlatformReconcilerErrorHandler - [helmvolu] Pod 'test-hivemq-platform-1' condition 'ContainersReady': False
2025-01-29 13:42:45,632 INFO c.h.h.t.HelmChartContainer - [hivemq-test-hivemq-platform] [hivemq-platform-operator] [7b38861f] 13:42:45.630 [ReconcilerExecutor-hivemq-controller-147] DEBUG c.h.p.o.h.HiveMQPlatformReconcilerErrorHandler - [helmvolu] Pod 'test-hivemq-platform-1' condition 'PodScheduled': True
2025-01-29 13:42:45,632 INFO c.h.h.t.HelmChartContainer - [hivemq-test-hivemq-platform] [hivemq-platform-operator] [7b38861f] 13:42:45.630 [ReconcilerExecutor-hivemq-controller-147] DEBUG c.h.p.o.h.HiveMQPlatformReconcilerErrorHandler - [helmvolu] Pod 'test-hivemq-platform-1' containerStatus 'hivemq' (started: false) (ready: false) (waiting: [Unknown] no message)
2025-01-29 13:42:45,632 INFO c.h.h.t.HelmChartContainer - [hivemq-test-hivemq-platform] [hivemq-platform-operator] [7b38861f] 13:42:45.631 [ReconcilerExecutor-hivemq-controller-147] DEBUG c.h.p.o.h.HiveMQPlatformReconcilerErrorHandler - [helmvolu] Pod 'test-hivemq-platform-0' phase Running
2025-01-29 13:42:45,633 INFO c.h.h.t.HelmChartContainer - [hivemq-test-hivemq-platform] [hivemq-platform-operator] [7b38861f] 13:42:45.631 [ReconcilerExecutor-hivemq-controller-147] DEBUG c.h.p.o.h.HiveMQPlatformReconcilerRollingRestartHandler - [helmvolu] Rolling restart is waiting for 2 of 3 replicas
2025-01-29 13:42:45,635 INFO c.h.h.t.HelmChartContainer - [hivemq-test-hivemq-platform] [hivemq-platform-operator] [7b38861f] 13:42:45.635 [pool-6-thread-50] DEBUG c.h.p.o.d.PlatformServiceResource - [helmvolu] Desired Platform services (3 services)
2025-01-29 13:42:45,661 INFO c.h.h.t.HelmChartContainer - [hivemq-test-hivemq-platform] [hivemq-platform-operator] [7b38861f] 13:42:45.658 [pool-6-thread-46] DEBUG c.h.p.o.dependants.PodInfoConfigMap - [helmvolu] Desired PodInfo ConfigMap (1 extensions) (1 enabled)
2025-01-29 13:42:45,661 INFO c.h.h.t.HelmChartContainer - [hivemq-test-hivemq-platform] [hivemq-platform-operator] [7b38861f] 13:42:45.659 [pool-6-thread-46] DEBUG c.h.p.o.dependants.PodInfoConfigMap - [helmvolu] Desired PodInfo ConfigMap (metrics port: 9399) (metrics path: /)
2025-01-29 13:42:45,661 INFO c.h.h.t.HelmChartContainer - [hivemq-test-hivemq-platform] [hivemq-platform-operator] [7b38861f] 13:42:45.659 [pool-6-thread-46] DEBUG c.h.p.o.dependants.PodInfoConfigMap - [helmvolu] Desired PodInfo ConfigMap (extension state hash: -1817474005)
2025-01-29 13:42:45,661 INFO c.h.h.t.HelmChartContainer - [hivemq-test-hivemq-platform] [hivemq-platform-operator] [7b38861f] 13:42:45.658 [pool-6-thread-45] DEBUG c.h.p.o.d.PodServiceAccountResource - [helmvolu] Desired PodServiceAccountResource (serviceAccountName: hivemq-platform-pod-test-hivemq-platform)
2025-01-29 13:42:45,665 INFO c.h.h.t.HelmChartContainer - [hivemq-test-hivemq-platform] [hivemq-platform-operator] [7b38861f] 13:42:45.663 [pool-6-thread-50] DEBUG c.h.p.o.d.StatefulSetResource - [helmvolu] Desired StatefulSet (3 replicas) for status ROLLING_RESTART (RESTART_PODS_IN_PROGRESS)
2025-01-29 13:42:45,668 INFO c.h.h.t.HelmChartContainer - [hivemq-test-hivemq-platform] [hivemq-platform-operator] [7b38861f] 13:42:45.666 [ReconcilerExecutor-hivemq-controller-148] INFO  c.h.p.o.HiveMQPlatformReconciler - [helmvolu] Reconciling HiveMQ Platform 'test-hivemq-platform' in namespace 'helmvolumeclaimtemplatesit'
2025-01-29 13:42:45,668 INFO c.h.h.t.HelmChartContainer - [hivemq-test-hivemq-platform] [hivemq-platform-operator] [7b38861f] 13:42:45.666 [ReconcilerExecutor-hivemq-controller-148] DEBUG c.h.p.o.HiveMQPlatformReconciler - [helmvolu] Custom Resource Status ROLLING_RESTART - HiveMQ Platform is restarting Pods (rolling restart) (RESTART_PODS_IN_PROGRESS)
2025-01-29 13:42:45,668 INFO c.h.h.t.HelmChartContainer - [hivemq-test-hivemq-platform] [hivemq-platform-operator] [7b38861f] 13:42:45.666 [ReconcilerExecutor-hivemq-controller-148] DEBUG c.h.p.o.HiveMQPlatformReconciler - [helmvolu] Custom Resource Spec (replicas: 2) (extensions: 1)
2025-01-29 13:42:45,669 INFO c.h.h.t.HelmChartContainer - [hivemq-test-hivemq-platform] [hivemq-platform-operator] [7b38861f] 13:42:45.667 [ReconcilerExecutor-hivemq-controller-148] DEBUG c.h.p.o.HiveMQPlatformReconciler - [helmvolu] StatefulSet Status (revision: test-hivemq-platform-59475f86c9, replicas: 3, available: 2, ready: 2, current: 1, updated: 1)
2025-01-29 13:42:45,669 INFO c.h.h.t.HelmChartContainer - [hivemq-test-hivemq-platform] [hivemq-platform-operator] [7b38861f] 13:42:45.667 [ReconcilerExecutor-hivemq-controller-148] DEBUG c.h.p.o.HiveMQPlatformReconciler - [helmvolu] StatefulSet Spec (replicas: 3, init containers: 1, containers: 1, volumes: 4)
2025-01-29 13:42:45,672 INFO c.h.h.t.HelmChartContainer - [hivemq-test-hivemq-platform] [hivemq-platform-operator] [7b38861f] 13:42:45.669 [ReconcilerExecutor-hivemq-controller-148] DEBUG c.h.p.o.h.HiveMQPlatformReconcilerErrorHandler - [helmvolu] Pod 'test-hivemq-platform-2' phase Running
2025-01-29 13:42:45,678 INFO c.h.h.t.HelmChartContainer - [K3S] [reconciler_common.go:162] "operationExecutor.UnmountVolume started for volume \"operator-init\" (UniqueName: \"kubernetes.io/empty-dir/1b3b4c7a-0329-45d7-a19e-e65445c5f794-operator-init\") pod \"1b3b4c7a-0329-45d7-a19e-e65445c5f794\" (UID: \"1b3b4c7a-0329-45d7-a19e-e65445c5f794\") "
2025-01-29 13:42:45,678 INFO c.h.h.t.HelmChartContainer - [K3S] [reconciler_common.go:162] "operationExecutor.UnmountVolume started for volume \"pod-info\" (UniqueName: \"kubernetes.io/configmap/1b3b4c7a-0329-45d7-a19e-e65445c5f794-pod-info\") pod \"1b3b4c7a-0329-45d7-a19e-e65445c5f794\" (UID: \"1b3b4c7a-0329-45d7-a19e-e65445c5f794\") "
2025-01-29 13:42:45,678 INFO c.h.h.t.HelmChartContainer - [K3S] [reconciler_common.go:162] "operationExecutor.UnmountVolume started for volume \"kube-api-access-t94dz\" (UniqueName: \"kubernetes.io/projected/1b3b4c7a-0329-45d7-a19e-e65445c5f794-kube-api-access-t94dz\") pod \"1b3b4c7a-0329-45d7-a19e-e65445c5f794\" (UID: \"1b3b4c7a-0329-45d7-a19e-e65445c5f794\") "
2025-01-29 13:42:45,678 INFO c.h.h.t.HelmChartContainer - [K3S] [reconciler_common.go:162] "operationExecutor.UnmountVolume started for volume \"broker-configuration\" (UniqueName: \"kubernetes.io/configmap/1b3b4c7a-0329-45d7-a19e-e65445c5f794-broker-configuration\") pod \"1b3b4c7a-0329-45d7-a19e-e65445c5f794\" (UID: \"1b3b4c7a-0329-45d7-a19e-e65445c5f794\") "
2025-01-29 13:42:45,678 INFO c.h.h.t.HelmChartContainer - [K3S] [reconciler_common.go:162] "operationExecutor.UnmountVolume started for volume \"hivemq-pvc-data\" (UniqueName: \"kubernetes.io/local-volume/pvc-ae4e1a82-0bc4-4931-8940-d3d75c820b11\") pod \"1b3b4c7a-0329-45d7-a19e-e65445c5f794\" (UID: \"1b3b4c7a-0329-45d7-a19e-e65445c5f794\") "
2025-01-29 13:42:45,679 INFO c.h.h.t.HelmChartContainer - [hivemq-test-hivemq-platform] [hivemq-platform-operator] [7b38861f] 13:42:45.673 [ReconcilerExecutor-hivemq-controller-148] DEBUG c.h.p.o.h.HiveMQPlatformReconcilerErrorHandler - [helmvolu] Pod 'test-hivemq-platform-1' phase Failed
2025-01-29 13:42:45,679 INFO c.h.h.t.HelmChartContainer - [hivemq-test-hivemq-platform] [hivemq-platform-operator] [7b38861f] 13:42:45.673 [ReconcilerExecutor-hivemq-controller-148] DEBUG c.h.p.o.h.HiveMQPlatformReconcilerErrorHandler - [helmvolu] Pod 'test-hivemq-platform-1' condition 'PodReadyToStartContainers': False
2025-01-29 13:42:45,679 INFO c.h.h.t.HelmChartContainer - [hivemq-test-hivemq-platform] [hivemq-platform-operator] [7b38861f] 13:42:45.673 [ReconcilerExecutor-hivemq-controller-148] DEBUG c.h.p.o.h.HiveMQPlatformReconcilerErrorHandler - [helmvolu] Pod 'test-hivemq-platform-1' condition 'Initialized': True
2025-01-29 13:42:45,679 INFO c.h.h.t.HelmChartContainer - [hivemq-test-hivemq-platform] [hivemq-platform-operator] [7b38861f] 13:42:45.673 [ReconcilerExecutor-hivemq-controller-148] DEBUG c.h.p.o.h.HiveMQPlatformReconcilerErrorHandler - [helmvolu] Pod 'test-hivemq-platform-1' condition 'Ready': False
2025-01-29 13:42:45,679 INFO c.h.h.t.HelmChartContainer - [hivemq-test-hivemq-platform] [hivemq-platform-operator] [7b38861f] 13:42:45.673 [ReconcilerExecutor-hivemq-controller-148] DEBUG c.h.p.o.h.HiveMQPlatformReconcilerErrorHandler - [helmvolu] Pod 'test-hivemq-platform-1' condition 'ContainersReady': False
2025-01-29 13:42:45,679 INFO c.h.h.t.HelmChartContainer - [hivemq-test-hivemq-platform] [hivemq-platform-operator] [7b38861f] 13:42:45.673 [ReconcilerExecutor-hivemq-controller-148] DEBUG c.h.p.o.h.HiveMQPlatformReconcilerErrorHandler - [helmvolu] Pod 'test-hivemq-platform-1' condition 'PodScheduled': True
2025-01-29 13:42:45,679 INFO c.h.h.t.HelmChartContainer - [hivemq-test-hivemq-platform] [hivemq-platform-operator] [7b38861f] 13:42:45.673 [ReconcilerExecutor-hivemq-controller-148] DEBUG c.h.p.o.h.HiveMQPlatformReconcilerErrorHandler - [helmvolu] Pod 'test-hivemq-platform-1' containerStatus 'hivemq' (started: false) (ready: false) (waiting: [Unknown] no message)
2025-01-29 13:42:45,679 INFO c.h.h.t.HelmChartContainer - [hivemq-test-hivemq-platform] [hivemq-platform-operator] [7b38861f] 13:42:45.674 [ReconcilerExecutor-hivemq-controller-148] DEBUG c.h.p.o.h.HiveMQPlatformReconcilerErrorHandler - [helmvolu] Pod 'test-hivemq-platform-0' phase Running
2025-01-29 13:42:45,681 INFO c.h.h.t.HelmChartContainer - [hivemq-test-hivemq-platform] [hivemq-platform-operator] [7b38861f] 13:42:45.675 [ReconcilerExecutor-hivemq-controller-148] DEBUG c.h.p.o.h.HiveMQPlatformReconcilerRollingRestartHandler - [helmvolu] Rolling restart is waiting for 2 of 3 replicas
2025-01-29 13:42:45,696 INFO c.h.h.t.HelmChartContainer - [K3S] [scope.go:117] "RemoveContainer" containerID="d7cacea6950a73cbaa9c939930b6f75c9ecb3d43a0f61fb8e27ab791adcd2a97"
2025-01-29 13:42:45,703 INFO c.h.h.t.HelmChartContainer - [K3S] [scope.go:117] "RemoveContainer" containerID="aae5e302cc3a073dc5cc4553114a6533661a992c500d0bc9a9806bdc902f30a4"
2025-01-29 13:42:45,707 INFO c.h.h.t.HelmChartContainer - [K3S] [scope.go:117] "RemoveContainer" containerID="d7cacea6950a73cbaa9c939930b6f75c9ecb3d43a0f61fb8e27ab791adcd2a97"
2025-01-29 13:42:45,708 INFO c.h.h.t.HelmChartContainer - [K3S] [scope.go:117] "RemoveContainer" containerID="aae5e302cc3a073dc5cc4553114a6533661a992c500d0bc9a9806bdc902f30a4"
2025-01-29 13:42:45,715 INFO c.h.h.t.HelmChartContainer - [POD] test-hivemq-platform-1 [1b3b4c7a-0329-45d7-a19e-e65445c5f794] in helmvolumeclaimtemplatesit was MODIFIED
2025-01-29 13:42:45,721 INFO c.h.h.t.HelmChartContainer - [POD] test-hivemq-platform-1 [1b3b4c7a-0329-45d7-a19e-e65445c5f794] in helmvolumeclaimtemplatesit was DELETED
2025-01-29 13:42:45,743 INFO c.h.h.t.HelmChartContainer - [EVENT] Normal [SuccessfulCreate] create Pod test-hivemq-platform-1 in StatefulSet test-hivemq-platform successful [helmvolumeclaimtemplatesit:test-hivemq-platform]
2025-01-29 13:42:45,744 INFO c.h.h.t.HelmChartContainer - [POD] test-hivemq-platform-1 [e28f334e-37be-420b-a950-ad48f3238b99] in helmvolumeclaimtemplatesit was ADDED
2025-01-29 13:42:45,749 INFO c.h.h.t.HelmChartContainer - [K3S] [memory_manager.go:355] "RemoveStaleState removing state" podUID="1b3b4c7a-0329-45d7-a19e-e65445c5f794" containerName="hivemq"
2025-01-29 13:42:45,749 INFO c.h.h.t.HelmChartContainer - [POD] test-hivemq-platform-1 [e28f334e-37be-420b-a950-ad48f3238b99] in helmvolumeclaimtemplatesit was MODIFIED
2025-01-29 13:42:45,751 INFO c.h.h.t.HelmChartContainer - [EVENT] Normal [Scheduled] Successfully assigned helmvolumeclaimtemplatesit/test-hivemq-platform-1 to b5478828a543 [helmvolumeclaimtemplatesit:test-hivemq-platform-1]
2025-01-29 13:42:45,761 INFO c.h.h.t.HelmChartContainer - [POD] test-hivemq-platform-1 [e28f334e-37be-420b-a950-ad48f3238b99] in helmvolumeclaimtemplatesit was MODIFIED
2025-01-29 13:42:45,771 INFO c.h.h.t.HelmChartContainer - [hivemq-test-hivemq-platform] [hivemq-platform-operator] [7b38861f] 13:42:45.767 [pool-6-thread-5] DEBUG c.h.p.o.d.PlatformServiceResource - [helmvolu] Desired Platform services (3 services)
2025-01-29 13:42:45,773 INFO c.h.h.t.HelmChartContainer - [hivemq-test-hivemq-platform] [hivemq-platform-operator] [7b38861f] 13:42:45.772 [pool-6-thread-6] DEBUG c.h.p.o.d.PodServiceAccountResource - [helmvolu] Desired PodServiceAccountResource (serviceAccountName: hivemq-platform-pod-test-hivemq-platform)
2025-01-29 13:42:45,775 INFO c.h.h.t.HelmChartContainer - [hivemq-test-hivemq-platform] [hivemq-platform-operator] [7b38861f] 13:42:45.774 [pool-6-thread-5] DEBUG c.h.p.o.dependants.PodInfoConfigMap - [helmvolu] Desired PodInfo ConfigMap (1 extensions) (1 enabled)
2025-01-29 13:42:45,775 INFO c.h.h.t.HelmChartContainer - [hivemq-test-hivemq-platform] [hivemq-platform-operator] [7b38861f] 13:42:45.774 [pool-6-thread-5] DEBUG c.h.p.o.dependants.PodInfoConfigMap - [helmvolu] Desired PodInfo ConfigMap (metrics port: 9399) (metrics path: /)
2025-01-29 13:42:45,775 INFO c.h.h.t.HelmChartContainer - [hivemq-test-hivemq-platform] [hivemq-platform-operator] [7b38861f] 13:42:45.774 [pool-6-thread-5] DEBUG c.h.p.o.dependants.PodInfoConfigMap - [helmvolu] Desired PodInfo ConfigMap (extension state hash: -1817474005)
2025-01-29 13:42:45,777 INFO c.h.h.t.HelmChartContainer - [K3S] [reconciler_common.go:299] "Volume detached for volume \"pod-info\" (UniqueName: \"kubernetes.io/configmap/1b3b4c7a-0329-45d7-a19e-e65445c5f794-pod-info\") on node \"b5478828a543\" DevicePath \"\""
2025-01-29 13:42:45,777 INFO c.h.h.t.HelmChartContainer - [K3S] [reconciler_common.go:299] "Volume detached for volume \"kube-api-access-t94dz\" (UniqueName: \"kubernetes.io/projected/1b3b4c7a-0329-45d7-a19e-e65445c5f794-kube-api-access-t94dz\") on node \"b5478828a543\" DevicePath \"\""
2025-01-29 13:42:45,777 INFO c.h.h.t.HelmChartContainer - [K3S] [reconciler_common.go:299] "Volume detached for volume \"broker-configuration\" (UniqueName: \"kubernetes.io/configmap/1b3b4c7a-0329-45d7-a19e-e65445c5f794-broker-configuration\") on node \"b5478828a543\" DevicePath \"\""
2025-01-29 13:42:45,777 INFO c.h.h.t.HelmChartContainer - [K3S] [reconciler_common.go:292] "operationExecutor.UnmountDevice started for volume \"pvc-ae4e1a82-0bc4-4931-8940-d3d75c820b11\" (UniqueName: \"kubernetes.io/local-volume/pvc-ae4e1a82-0bc4-4931-8940-d3d75c820b11\") on node \"b5478828a543\" "
2025-01-29 13:42:45,777 INFO c.h.h.t.HelmChartContainer - [K3S] [reconciler_common.go:299] "Volume detached for volume \"operator-init\" (UniqueName: \"kubernetes.io/empty-dir/1b3b4c7a-0329-45d7-a19e-e65445c5f794-operator-init\") on node \"b5478828a543\" DevicePath \"\""
2025-01-29 13:42:45,778 INFO c.h.h.t.HelmChartContainer - [hivemq-test-hivemq-platform] [hivemq-platform-operator] [7b38861f] 13:42:45.777 [pool-6-thread-5] DEBUG c.h.p.o.d.StatefulSetResource - [helmvolu] Desired StatefulSet (3 replicas) for status ROLLING_RESTART (RESTART_PODS_IN_PROGRESS)
2025-01-29 13:42:45,861 INFO c.h.h.t.HelmChartContainer - [hivemq-test-hivemq-platform] [hivemq-platform-operator] [7b38861f] 13:42:45.858 [ReconcilerExecutor-hivemq-controller-149] INFO  c.h.p.o.HiveMQPlatformReconciler - [helmvolu] Reconciling HiveMQ Platform 'test-hivemq-platform' in namespace 'helmvolumeclaimtemplatesit'
2025-01-29 13:42:45,861 INFO c.h.h.t.HelmChartContainer - [hivemq-test-hivemq-platform] [hivemq-platform-operator] [7b38861f] 13:42:45.858 [ReconcilerExecutor-hivemq-controller-149] DEBUG c.h.p.o.HiveMQPlatformReconciler - [helmvolu] Custom Resource Status ROLLING_RESTART - HiveMQ Platform is restarting Pods (rolling restart) (RESTART_PODS_IN_PROGRESS)
2025-01-29 13:42:45,861 INFO c.h.h.t.HelmChartContainer - [hivemq-test-hivemq-platform] [hivemq-platform-operator] [7b38861f] 13:42:45.858 [ReconcilerExecutor-hivemq-controller-149] DEBUG c.h.p.o.HiveMQPlatformReconciler - [helmvolu] Custom Resource Spec (replicas: 2) (extensions: 1)
2025-01-29 13:42:45,861 INFO c.h.h.t.HelmChartContainer - [hivemq-test-hivemq-platform] [hivemq-platform-operator] [7b38861f] 13:42:45.859 [ReconcilerExecutor-hivemq-controller-149] DEBUG c.h.p.o.HiveMQPlatformReconciler - [helmvolu] StatefulSet Status (revision: test-hivemq-platform-59475f86c9, replicas: 3, available: 2, ready: 2, current: 1, updated: 2)
2025-01-29 13:42:45,861 INFO c.h.h.t.HelmChartContainer - [hivemq-test-hivemq-platform] [hivemq-platform-operator] [7b38861f] 13:42:45.860 [ReconcilerExecutor-hivemq-controller-149] DEBUG c.h.p.o.HiveMQPlatformReconciler - [helmvolu] StatefulSet Spec (replicas: 3, init containers: 1, containers: 1, volumes: 4)
2025-01-29 13:42:45,862 INFO c.h.h.t.HelmChartContainer - [hivemq-test-hivemq-platform] [hivemq-platform-operator] [7b38861f] 13:42:45.862 [ReconcilerExecutor-hivemq-controller-149] DEBUG c.h.p.o.h.HiveMQPlatformReconcilerErrorHandler - [helmvolu] Pod 'test-hivemq-platform-2' phase Running
2025-01-29 13:42:45,864 INFO c.h.h.t.HelmChartContainer - [hivemq-test-hivemq-platform] [hivemq-platform-operator] [7b38861f] 13:42:45.863 [ReconcilerExecutor-hivemq-controller-149] DEBUG c.h.p.o.h.HiveMQPlatformReconcilerErrorHandler - [helmvolu] Pod 'test-hivemq-platform-1' phase Pending
2025-01-29 13:42:45,865 INFO c.h.h.t.HelmChartContainer - [hivemq-test-hivemq-platform] [hivemq-platform-operator] [7b38861f] 13:42:45.863 [ReconcilerExecutor-hivemq-controller-149] DEBUG c.h.p.o.h.HiveMQPlatformReconcilerErrorHandler - [helmvolu] Pod 'test-hivemq-platform-1' condition 'PodReadyToStartContainers': False
2025-01-29 13:42:45,865 INFO c.h.h.t.HelmChartContainer - [hivemq-test-hivemq-platform] [hivemq-platform-operator] [7b38861f] 13:42:45.864 [ReconcilerExecutor-hivemq-controller-149] DEBUG c.h.p.o.h.HiveMQPlatformReconcilerErrorHandler - [helmvolu] Pod 'test-hivemq-platform-1' condition 'Initialized': False
2025-01-29 13:42:45,865 INFO c.h.h.t.HelmChartContainer - [hivemq-test-hivemq-platform] [hivemq-platform-operator] [7b38861f] 13:42:45.864 [ReconcilerExecutor-hivemq-controller-149] DEBUG c.h.p.o.h.HiveMQPlatformReconcilerErrorHandler - [helmvolu] Pod 'test-hivemq-platform-1' condition 'Ready': False
2025-01-29 13:42:45,865 INFO c.h.h.t.HelmChartContainer - [hivemq-test-hivemq-platform] [hivemq-platform-operator] [7b38861f] 13:42:45.864 [ReconcilerExecutor-hivemq-controller-149] DEBUG c.h.p.o.h.HiveMQPlatformReconcilerErrorHandler - [helmvolu] Pod 'test-hivemq-platform-1' condition 'ContainersReady': False
2025-01-29 13:42:45,865 INFO c.h.h.t.HelmChartContainer - [hivemq-test-hivemq-platform] [hivemq-platform-operator] [7b38861f] 13:42:45.864 [ReconcilerExecutor-hivemq-controller-149] DEBUG c.h.p.o.h.HiveMQPlatformReconcilerErrorHandler - [helmvolu] Pod 'test-hivemq-platform-1' condition 'PodScheduled': True
2025-01-29 13:42:45,867 INFO c.h.h.t.HelmChartContainer - [hivemq-test-hivemq-platform] [hivemq-platform-operator] [7b38861f] 13:42:45.864 [ReconcilerExecutor-hivemq-controller-149] DEBUG c.h.p.o.h.HiveMQPlatformReconcilerErrorHandler - [helmvolu] Pod 'test-hivemq-platform-1' containerStatus 'hivemq' (started: false) (ready: false) (waiting: [PodInitializing] null)
2025-01-29 13:42:45,869 INFO c.h.h.t.HelmChartContainer - [hivemq-test-hivemq-platform] [hivemq-platform-operator] [7b38861f] 13:42:45.865 [ReconcilerExecutor-hivemq-controller-149] DEBUG c.h.p.o.h.HiveMQPlatformReconcilerErrorHandler - [helmvolu] Pod 'test-hivemq-platform-0' phase Running
2025-01-29 13:42:45,869 INFO c.h.h.t.HelmChartContainer - [hivemq-test-hivemq-platform] [hivemq-platform-operator] [7b38861f] 13:42:45.866 [ReconcilerExecutor-hivemq-controller-149] DEBUG c.h.p.o.h.HiveMQPlatformReconcilerRollingRestartHandler - [helmvolu] Rolling restart is waiting for 2 of 3 replicas
2025-01-29 13:42:45,871 INFO c.h.h.t.HelmChartContainer - [hivemq-test-hivemq-platform] [hivemq-platform-operator] [7b38861f] 13:42:45.869 [pool-6-thread-12] DEBUG c.h.p.o.d.PodServiceAccountResource - [helmvolu] Desired PodServiceAccountResource (serviceAccountName: hivemq-platform-pod-test-hivemq-platform)
2025-01-29 13:42:45,872 INFO c.h.h.t.HelmChartContainer - [hivemq-test-hivemq-platform] [hivemq-platform-operator] [7b38861f] 13:42:45.870 [pool-6-thread-13] DEBUG c.h.p.o.d.PlatformServiceResource - [helmvolu] Desired Platform services (3 services)
2025-01-29 13:42:45,873 INFO c.h.h.t.HelmChartContainer - [hivemq-test-hivemq-platform] [hivemq-platform-operator] [7b38861f] 13:42:45.870 [pool-6-thread-14] DEBUG c.h.p.o.dependants.PodInfoConfigMap - [helmvolu] Desired PodInfo ConfigMap (1 extensions) (1 enabled)
2025-01-29 13:42:45,873 INFO c.h.h.t.HelmChartContainer - [hivemq-test-hivemq-platform] [hivemq-platform-operator] [7b38861f] 13:42:45.870 [pool-6-thread-14] DEBUG c.h.p.o.dependants.PodInfoConfigMap - [helmvolu] Desired PodInfo ConfigMap (metrics port: 9399) (metrics path: /)
2025-01-29 13:42:45,873 INFO c.h.h.t.HelmChartContainer - [hivemq-test-hivemq-platform] [hivemq-platform-operator] [7b38861f] 13:42:45.870 [pool-6-thread-14] DEBUG c.h.p.o.dependants.PodInfoConfigMap - [helmvolu] Desired PodInfo ConfigMap (extension state hash: -1817474005)
2025-01-29 13:42:45,876 INFO c.h.h.t.HelmChartContainer - [hivemq-test-hivemq-platform] [hivemq-platform-operator] [7b38861f] 13:42:45.874 [pool-6-thread-13] DEBUG c.h.p.o.d.StatefulSetResource - [helmvolu] Desired StatefulSet (3 replicas) for status ROLLING_RESTART (RESTART_PODS_IN_PROGRESS)
2025-01-29 13:42:45,877 INFO c.h.h.t.HelmChartContainer - [hivemq-test-hivemq-platform] [hivemq-platform-operator] [7b38861f] 13:42:45.876 [ReconcilerExecutor-hivemq-controller-152] INFO  c.h.p.o.HiveMQPlatformReconciler - [helmvolu] Reconciling HiveMQ Platform 'test-hivemq-platform' in namespace 'helmvolumeclaimtemplatesit'
2025-01-29 13:42:45,878 INFO c.h.h.t.HelmChartContainer - [hivemq-test-hivemq-platform] [hivemq-platform-operator] [7b38861f] 13:42:45.876 [ReconcilerExecutor-hivemq-controller-152] DEBUG c.h.p.o.HiveMQPlatformReconciler - [helmvolu] Custom Resource Status ROLLING_RESTART - HiveMQ Platform is restarting Pods (rolling restart) (RESTART_PODS_IN_PROGRESS)
2025-01-29 13:42:45,878 INFO c.h.h.t.HelmChartContainer - [hivemq-test-hivemq-platform] [hivemq-platform-operator] [7b38861f] 13:42:45.876 [ReconcilerExecutor-hivemq-controller-152] DEBUG c.h.p.o.HiveMQPlatformReconciler - [helmvolu] Custom Resource Spec (replicas: 2) (extensions: 1)
2025-01-29 13:42:45,879 INFO c.h.h.t.HelmChartContainer - [K3S] [reconciler_common.go:251] "operationExecutor.VerifyControllerAttachedVolume started for volume \"pod-info\" (UniqueName: \"kubernetes.io/configmap/e28f334e-37be-420b-a950-ad48f3238b99-pod-info\") pod \"test-hivemq-platform-1\" (UID: \"e28f334e-37be-420b-a950-ad48f3238b99\") " pod="helmvolumeclaimtemplatesit/test-hivemq-platform-1"
2025-01-29 13:42:45,880 INFO c.h.h.t.HelmChartContainer - [K3S] [reconciler_common.go:251] "operationExecutor.VerifyControllerAttachedVolume started for volume \"operator-init\" (UniqueName: \"kubernetes.io/empty-dir/e28f334e-37be-420b-a950-ad48f3238b99-operator-init\") pod \"test-hivemq-platform-1\" (UID: \"e28f334e-37be-420b-a950-ad48f3238b99\") " pod="helmvolumeclaimtemplatesit/test-hivemq-platform-1"
2025-01-29 13:42:45,880 INFO c.h.h.t.HelmChartContainer - [K3S] [reconciler_common.go:251] "operationExecutor.VerifyControllerAttachedVolume started for volume \"broker-configuration\" (UniqueName: \"kubernetes.io/configmap/e28f334e-37be-420b-a950-ad48f3238b99-broker-configuration\") pod \"test-hivemq-platform-1\" (UID: \"e28f334e-37be-420b-a950-ad48f3238b99\") " pod="helmvolumeclaimtemplatesit/test-hivemq-platform-1"
2025-01-29 13:42:45,880 INFO c.h.h.t.HelmChartContainer - [K3S] [reconciler_common.go:251] "operationExecutor.VerifyControllerAttachedVolume started for volume \"kube-api-access-srfxn\" (UniqueName: \"kubernetes.io/projected/e28f334e-37be-420b-a950-ad48f3238b99-kube-api-access-srfxn\") pod \"test-hivemq-platform-1\" (UID: \"e28f334e-37be-420b-a950-ad48f3238b99\") " pod="helmvolumeclaimtemplatesit/test-hivemq-platform-1"
2025-01-29 13:42:45,881 INFO c.h.h.t.HelmChartContainer - [hivemq-test-hivemq-platform] [hivemq-platform-operator] [7b38861f] 13:42:45.876 [ReconcilerExecutor-hivemq-controller-152] DEBUG c.h.p.o.HiveMQPlatformReconciler - [helmvolu] StatefulSet Status (revision: test-hivemq-platform-59475f86c9, replicas: 3, available: 2, ready: 2, current: 1, updated: 2)
2025-01-29 13:42:45,881 INFO c.h.h.t.HelmChartContainer - [hivemq-test-hivemq-platform] [hivemq-platform-operator] [7b38861f] 13:42:45.877 [ReconcilerExecutor-hivemq-controller-152] DEBUG c.h.p.o.HiveMQPlatformReconciler - [helmvolu] StatefulSet Spec (replicas: 3, init containers: 1, containers: 1, volumes: 4)
2025-01-29 13:42:45,881 INFO c.h.h.t.HelmChartContainer - [hivemq-test-hivemq-platform] [hivemq-platform-operator] [7b38861f] 13:42:45.878 [ReconcilerExecutor-hivemq-controller-152] DEBUG c.h.p.o.h.HiveMQPlatformReconcilerErrorHandler - [helmvolu] Pod 'test-hivemq-platform-2' phase Running
2025-01-29 13:42:45,884 INFO c.h.h.t.HelmChartContainer - [hivemq-test-hivemq-platform] [hivemq-platform-operator] [7b38861f] 13:42:45.879 [ReconcilerExecutor-hivemq-controller-152] DEBUG c.h.p.o.h.HiveMQPlatformReconcilerErrorHandler - [helmvolu] Pod 'test-hivemq-platform-1' phase Pending
2025-01-29 13:42:45,884 INFO c.h.h.t.HelmChartContainer - [hivemq-test-hivemq-platform] [hivemq-platform-operator] [7b38861f] 13:42:45.880 [ReconcilerExecutor-hivemq-controller-152] DEBUG c.h.p.o.h.HiveMQPlatformReconcilerErrorHandler - [helmvolu] Pod 'test-hivemq-platform-1' condition 'PodReadyToStartContainers': False
2025-01-29 13:42:45,884 INFO c.h.h.t.HelmChartContainer - [hivemq-test-hivemq-platform] [hivemq-platform-operator] [7b38861f] 13:42:45.880 [ReconcilerExecutor-hivemq-controller-152] DEBUG c.h.p.o.h.HiveMQPlatformReconcilerErrorHandler - [helmvolu] Pod 'test-hivemq-platform-1' condition 'Initialized': False
2025-01-29 13:42:45,884 INFO c.h.h.t.HelmChartContainer - [hivemq-test-hivemq-platform] [hivemq-platform-operator] [7b38861f] 13:42:45.880 [ReconcilerExecutor-hivemq-controller-152] DEBUG c.h.p.o.h.HiveMQPlatformReconcilerErrorHandler - [helmvolu] Pod 'test-hivemq-platform-1' condition 'Ready': False
2025-01-29 13:42:45,884 INFO c.h.h.t.HelmChartContainer - [hivemq-test-hivemq-platform] [hivemq-platform-operator] [7b38861f] 13:42:45.880 [ReconcilerExecutor-hivemq-controller-152] DEBUG c.h.p.o.h.HiveMQPlatformReconcilerErrorHandler - [helmvolu] Pod 'test-hivemq-platform-1' condition 'ContainersReady': False
2025-01-29 13:42:45,884 INFO c.h.h.t.HelmChartContainer - [hivemq-test-hivemq-platform] [hivemq-platform-operator] [7b38861f] 13:42:45.880 [ReconcilerExecutor-hivemq-controller-152] DEBUG c.h.p.o.h.HiveMQPlatformReconcilerErrorHandler - [helmvolu] Pod 'test-hivemq-platform-1' condition 'PodScheduled': True
2025-01-29 13:42:45,884 INFO c.h.h.t.HelmChartContainer - [hivemq-test-hivemq-platform] [hivemq-platform-operator] [7b38861f] 13:42:45.880 [ReconcilerExecutor-hivemq-controller-152] DEBUG c.h.p.o.h.HiveMQPlatformReconcilerErrorHandler - [helmvolu] Pod 'test-hivemq-platform-1' containerStatus 'hivemq' (started: false) (ready: false) (waiting: [PodInitializing] null)
2025-01-29 13:42:45,884 INFO c.h.h.t.HelmChartContainer - [hivemq-test-hivemq-platform] [hivemq-platform-operator] [7b38861f] 13:42:45.881 [ReconcilerExecutor-hivemq-controller-152] DEBUG c.h.p.o.h.HiveMQPlatformReconcilerErrorHandler - [helmvolu] Pod 'test-hivemq-platform-0' phase Running
2025-01-29 13:42:45,884 INFO c.h.h.t.HelmChartContainer - [hivemq-test-hivemq-platform] [hivemq-platform-operator] [7b38861f] 13:42:45.881 [ReconcilerExecutor-hivemq-controller-152] DEBUG c.h.p.o.h.HiveMQPlatformReconcilerRollingRestartHandler - [helmvolu] Rolling restart is waiting for 2 of 3 replicas
2025-01-29 13:42:46,152 INFO c.h.h.t.HelmChartContainer - [EVENT] Normal [Pulled] Container image "docker.io/hivemq/hivemq-platform-operator-init-test:snapshot" already present on machine [helmvolumeclaimtemplatesit:test-hivemq-platform-1]
2025-01-29 13:42:46,158 INFO c.h.h.t.HelmChartContainer - [EVENT] Normal [Created] Created container: hivemq-platform-operator-init [helmvolumeclaimtemplatesit:test-hivemq-platform-1]
2025-01-29 13:42:46,199 INFO c.h.h.t.HelmChartContainer - [EVENT] Normal [Started] Started container hivemq-platform-operator-init [helmvolumeclaimtemplatesit:test-hivemq-platform-1]
2025-01-29 13:42:46,703 INFO c.h.h.t.HelmChartContainer - [EVENT] Normal [Pulled] Container image "docker.io/hivemq/hivemq4:4.36.0" already present on machine [helmvolumeclaimtemplatesit:test-hivemq-platform-1]
2025-01-29 13:42:46,703 INFO c.h.h.t.HelmChartContainer - Received Pulled event for container hivemq in pod test-hivemq-platform-1 [e28f334e-37be-420b-a950-ad48f3238b99]
2025-01-29 13:42:46,714 INFO c.h.h.t.HelmChartContainer - [POD] test-hivemq-platform-1 [e28f334e-37be-420b-a950-ad48f3238b99] in helmvolumeclaimtemplatesit was MODIFIED
2025-01-29 13:42:46,714 INFO c.h.h.t.HelmChartContainer - [EVENT] Normal [Created] Created container: hivemq [helmvolumeclaimtemplatesit:test-hivemq-platform-1]
2025-01-29 13:42:46,714 INFO c.h.h.t.HelmChartContainer - Received Created event for container hivemq in pod test-hivemq-platform-1 [e28f334e-37be-420b-a950-ad48f3238b99]
2025-01-29 13:42:46,728 INFO c.h.h.t.HelmChartContainer - [hivemq-test-hivemq-platform] [hivemq-platform-operator] [7b38861f] 13:42:46.722 [pool-6-thread-27] DEBUG c.h.p.o.d.PlatformServiceResource - [helmvolu] Desired Platform services (3 services)
2025-01-29 13:42:46,729 INFO c.h.h.t.HelmChartContainer - [hivemq-test-hivemq-platform] [hivemq-platform-operator] [7b38861f] 13:42:46.723 [pool-6-thread-26] DEBUG c.h.p.o.dependants.PodInfoConfigMap - [helmvolu] Desired PodInfo ConfigMap (1 extensions) (1 enabled)
2025-01-29 13:42:46,729 INFO c.h.h.t.HelmChartContainer - [hivemq-test-hivemq-platform] [hivemq-platform-operator] [7b38861f] 13:42:46.723 [pool-6-thread-22] DEBUG c.h.p.o.d.PodServiceAccountResource - [helmvolu] Desired PodServiceAccountResource (serviceAccountName: hivemq-platform-pod-test-hivemq-platform)
2025-01-29 13:42:46,729 INFO c.h.h.t.HelmChartContainer - [hivemq-test-hivemq-platform] [hivemq-platform-operator] [7b38861f] 13:42:46.723 [pool-6-thread-26] DEBUG c.h.p.o.dependants.PodInfoConfigMap - [helmvolu] Desired PodInfo ConfigMap (metrics port: 9399) (metrics path: /)
2025-01-29 13:42:46,729 INFO c.h.h.t.HelmChartContainer - [hivemq-test-hivemq-platform] [hivemq-platform-operator] [7b38861f] 13:42:46.723 [pool-6-thread-26] DEBUG c.h.p.o.dependants.PodInfoConfigMap - [helmvolu] Desired PodInfo ConfigMap (extension state hash: -1817474005)
2025-01-29 13:42:46,732 INFO c.h.h.t.HelmChartContainer - [hivemq-test-hivemq-platform] [hivemq-platform-operator] [7b38861f] 13:42:46.727 [pool-6-thread-22] DEBUG c.h.p.o.d.StatefulSetResource - [helmvolu] Desired StatefulSet (3 replicas) for status ROLLING_RESTART (RESTART_PODS_IN_PROGRESS)
2025-01-29 13:42:46,745 INFO c.h.h.t.HelmChartContainer - [hivemq-test-hivemq-platform] [hivemq-platform-operator] [7b38861f] 13:42:46.731 [ReconcilerExecutor-hivemq-controller-153] INFO  c.h.p.o.HiveMQPlatformReconciler - [helmvolu] Reconciling HiveMQ Platform 'test-hivemq-platform' in namespace 'helmvolumeclaimtemplatesit'
2025-01-29 13:42:46,745 INFO c.h.h.t.HelmChartContainer - [hivemq-test-hivemq-platform] [hivemq-platform-operator] [7b38861f] 13:42:46.731 [ReconcilerExecutor-hivemq-controller-153] DEBUG c.h.p.o.HiveMQPlatformReconciler - [helmvolu] Custom Resource Status ROLLING_RESTART - HiveMQ Platform is restarting Pods (rolling restart) (RESTART_PODS_IN_PROGRESS)
2025-01-29 13:42:46,745 INFO c.h.h.t.HelmChartContainer - [hivemq-test-hivemq-platform] [hivemq-platform-operator] [7b38861f] 13:42:46.731 [ReconcilerExecutor-hivemq-controller-153] DEBUG c.h.p.o.HiveMQPlatformReconciler - [helmvolu] Custom Resource Spec (replicas: 2) (extensions: 1)
2025-01-29 13:42:46,745 INFO c.h.h.t.HelmChartContainer - [hivemq-test-hivemq-platform] [hivemq-platform-operator] [7b38861f] 13:42:46.732 [ReconcilerExecutor-hivemq-controller-153] DEBUG c.h.p.o.HiveMQPlatformReconciler - [helmvolu] StatefulSet Status (revision: test-hivemq-platform-59475f86c9, replicas: 3, available: 2, ready: 2, current: 1, updated: 2)
2025-01-29 13:42:46,745 INFO c.h.h.t.HelmChartContainer - [hivemq-test-hivemq-platform] [hivemq-platform-operator] [7b38861f] 13:42:46.732 [ReconcilerExecutor-hivemq-controller-153] DEBUG c.h.p.o.HiveMQPlatformReconciler - [helmvolu] StatefulSet Spec (replicas: 3, init containers: 1, containers: 1, volumes: 4)
2025-01-29 13:42:46,745 INFO c.h.h.t.HelmChartContainer - [hivemq-test-hivemq-platform] [hivemq-platform-operator] [7b38861f] 13:42:46.734 [ReconcilerExecutor-hivemq-controller-153] DEBUG c.h.p.o.h.HiveMQPlatformReconcilerErrorHandler - [helmvolu] Pod 'test-hivemq-platform-2' phase Running
2025-01-29 13:42:46,747 INFO c.h.h.t.HelmChartContainer - [hivemq-test-hivemq-platform] [hivemq-platform-operator] [7b38861f] 13:42:46.739 [ReconcilerExecutor-hivemq-controller-153] DEBUG c.h.p.o.h.HiveMQPlatformReconcilerErrorHandler - [helmvolu] Pod 'test-hivemq-platform-1' phase Pending
2025-01-29 13:42:46,747 INFO c.h.h.t.HelmChartContainer - [hivemq-test-hivemq-platform] [hivemq-platform-operator] [7b38861f] 13:42:46.739 [ReconcilerExecutor-hivemq-controller-153] DEBUG c.h.p.o.h.HiveMQPlatformReconcilerErrorHandler - [helmvolu] Pod 'test-hivemq-platform-1' condition 'PodReadyToStartContainers': True
2025-01-29 13:42:46,747 INFO c.h.h.t.HelmChartContainer - [hivemq-test-hivemq-platform] [hivemq-platform-operator] [7b38861f] 13:42:46.739 [ReconcilerExecutor-hivemq-controller-153] DEBUG c.h.p.o.h.HiveMQPlatformReconcilerErrorHandler - [helmvolu] Pod 'test-hivemq-platform-1' condition 'Initialized': True
2025-01-29 13:42:46,747 INFO c.h.h.t.HelmChartContainer - [hivemq-test-hivemq-platform] [hivemq-platform-operator] [7b38861f] 13:42:46.739 [ReconcilerExecutor-hivemq-controller-153] DEBUG c.h.p.o.h.HiveMQPlatformReconcilerErrorHandler - [helmvolu] Pod 'test-hivemq-platform-1' condition 'Ready': False
2025-01-29 13:42:46,747 INFO c.h.h.t.HelmChartContainer - [hivemq-test-hivemq-platform] [hivemq-platform-operator] [7b38861f] 13:42:46.739 [ReconcilerExecutor-hivemq-controller-153] DEBUG c.h.p.o.h.HiveMQPlatformReconcilerErrorHandler - [helmvolu] Pod 'test-hivemq-platform-1' condition 'ContainersReady': False
2025-01-29 13:42:46,747 INFO c.h.h.t.HelmChartContainer - [hivemq-test-hivemq-platform] [hivemq-platform-operator] [7b38861f] 13:42:46.739 [ReconcilerExecutor-hivemq-controller-153] DEBUG c.h.p.o.h.HiveMQPlatformReconcilerErrorHandler - [helmvolu] Pod 'test-hivemq-platform-1' condition 'PodScheduled': True
2025-01-29 13:42:46,747 INFO c.h.h.t.HelmChartContainer - [hivemq-test-hivemq-platform] [hivemq-platform-operator] [7b38861f] 13:42:46.739 [ReconcilerExecutor-hivemq-controller-153] DEBUG c.h.p.o.h.HiveMQPlatformReconcilerErrorHandler - [helmvolu] Pod 'test-hivemq-platform-1' containerStatus 'hivemq' (started: false) (ready: false) (waiting: [PodInitializing] null)
2025-01-29 13:42:46,747 INFO c.h.h.t.HelmChartContainer - [hivemq-test-hivemq-platform] [hivemq-platform-operator] [7b38861f] 13:42:46.740 [ReconcilerExecutor-hivemq-controller-153] DEBUG c.h.p.o.h.HiveMQPlatformReconcilerErrorHandler - [helmvolu] Pod 'test-hivemq-platform-0' phase Running
2025-01-29 13:42:46,747 INFO c.h.h.t.HelmChartContainer - [hivemq-test-hivemq-platform] [hivemq-platform-operator] [7b38861f] 13:42:46.741 [ReconcilerExecutor-hivemq-controller-153] DEBUG c.h.p.o.h.HiveMQPlatformReconcilerRollingRestartHandler - [helmvolu] Rolling restart is waiting for 2 of 3 replicas
2025-01-29 13:42:47,185 INFO c.h.h.t.HelmChartContainer - [K3S] [kubelet_volumes.go:163] "Cleaned up orphaned pod volumes dir" podUID="1b3b4c7a-0329-45d7-a19e-e65445c5f794" path="/var/lib/kubelet/pods/1b3b4c7a-0329-45d7-a19e-e65445c5f794/volumes"
2025-01-29 13:42:47,716 INFO c.h.h.t.HelmChartContainer - [POD] test-hivemq-platform-1 [e28f334e-37be-420b-a950-ad48f3238b99] in helmvolumeclaimtemplatesit was MODIFIED
2025-01-29 13:42:47,720 INFO c.h.h.t.HelmChartContainer - [hivemq-test-hivemq-platform] [hivemq-platform-operator] [7b38861f] 13:42:47.717 [pool-6-thread-40] DEBUG c.h.p.o.d.PlatformServiceResource - [helmvolu] Desired Platform services (3 services)
2025-01-29 13:42:47,722 INFO c.h.h.t.HelmChartContainer - [hivemq-test-hivemq-platform] [hivemq-platform-operator] [7b38861f] 13:42:47.718 [pool-6-thread-38] DEBUG c.h.p.o.d.PodServiceAccountResource - [helmvolu] Desired PodServiceAccountResource (serviceAccountName: hivemq-platform-pod-test-hivemq-platform)
2025-01-29 13:42:47,724 INFO c.h.h.t.HelmChartContainer - [hivemq-test-hivemq-platform] [hivemq-platform-operator] [7b38861f] 13:42:47.719 [pool-6-thread-39] DEBUG c.h.p.o.dependants.PodInfoConfigMap - [helmvolu] Desired PodInfo ConfigMap (1 extensions) (1 enabled)
2025-01-29 13:42:47,724 INFO c.h.h.t.HelmChartContainer - [hivemq-test-hivemq-platform] [hivemq-platform-operator] [7b38861f] 13:42:47.719 [pool-6-thread-39] DEBUG c.h.p.o.dependants.PodInfoConfigMap - [helmvolu] Desired PodInfo ConfigMap (metrics port: 9399) (metrics path: /)
2025-01-29 13:42:47,724 INFO c.h.h.t.HelmChartContainer - [hivemq-test-hivemq-platform] [hivemq-platform-operator] [7b38861f] 13:42:47.719 [pool-6-thread-39] DEBUG c.h.p.o.dependants.PodInfoConfigMap - [helmvolu] Desired PodInfo ConfigMap (extension state hash: -1817474005)
2025-01-29 13:42:47,724 INFO c.h.h.t.HelmChartContainer - [hivemq-test-hivemq-platform] [hivemq-platform-operator] [7b38861f] 13:42:47.722 [pool-6-thread-40] DEBUG c.h.p.o.d.StatefulSetResource - [helmvolu] Desired StatefulSet (3 replicas) for status ROLLING_RESTART (RESTART_PODS_IN_PROGRESS)
2025-01-29 13:42:47,728 INFO c.h.h.t.HelmChartContainer - [hivemq-test-hivemq-platform] [hivemq-platform-operator] [7b38861f] 13:42:47.727 [ReconcilerExecutor-hivemq-controller-154] INFO  c.h.p.o.HiveMQPlatformReconciler - [helmvolu] Reconciling HiveMQ Platform 'test-hivemq-platform' in namespace 'helmvolumeclaimtemplatesit'
2025-01-29 13:42:47,729 INFO c.h.h.t.HelmChartContainer - [hivemq-test-hivemq-platform] [hivemq-platform-operator] [7b38861f] 13:42:47.727 [ReconcilerExecutor-hivemq-controller-154] DEBUG c.h.p.o.HiveMQPlatformReconciler - [helmvolu] Custom Resource Status ROLLING_RESTART - HiveMQ Platform is restarting Pods (rolling restart) (RESTART_PODS_IN_PROGRESS)
2025-01-29 13:42:47,729 INFO c.h.h.t.HelmChartContainer - [hivemq-test-hivemq-platform] [hivemq-platform-operator] [7b38861f] 13:42:47.727 [ReconcilerExecutor-hivemq-controller-154] DEBUG c.h.p.o.HiveMQPlatformReconciler - [helmvolu] Custom Resource Spec (replicas: 2) (extensions: 1)
2025-01-29 13:42:47,732 INFO c.h.h.t.HelmChartContainer - [hivemq-test-hivemq-platform] [hivemq-platform-operator] [7b38861f] 13:42:47.730 [ReconcilerExecutor-hivemq-controller-154] DEBUG c.h.p.o.HiveMQPlatformReconciler - [helmvolu] StatefulSet Status (revision: test-hivemq-platform-59475f86c9, replicas: 3, available: 2, ready: 2, current: 1, updated: 2)
2025-01-29 13:42:47,734 INFO c.h.h.t.HelmChartContainer - Started log watcher for hivemq in pod test-hivemq-platform-1 [e28f334e-37be-420b-a950-ad48f3238b99]
2025-01-29 13:42:47,734 INFO c.h.h.t.HelmChartContainer - [test-hivemq-platform] [hivemq] [e28f334e] Adding pre-installed HiveMQ Platform Operator extensions
2025-01-29 13:42:47,734 INFO c.h.h.t.HelmChartContainer - [test-hivemq-platform] [hivemq] [e28f334e] Running as user 10000
2025-01-29 13:42:47,734 INFO c.h.h.t.HelmChartContainer - [test-hivemq-platform] [hivemq] [e28f334e] Starting HiveMQ Platform Operator Init
2025-01-29 13:42:47,734 INFO c.h.h.t.HelmChartContainer - [hivemq-test-hivemq-platform] [hivemq-platform-operator] [7b38861f] 13:42:47.730 [ReconcilerExecutor-hivemq-controller-154] DEBUG c.h.p.o.HiveMQPlatformReconciler - [helmvolu] StatefulSet Spec (replicas: 3, init containers: 1, containers: 1, volumes: 4)
2025-01-29 13:42:47,734 INFO c.h.h.t.HelmChartContainer - [hivemq-test-hivemq-platform] [hivemq-platform-operator] [7b38861f] 13:42:47.731 [ReconcilerExecutor-hivemq-controller-154] DEBUG c.h.p.o.h.HiveMQPlatformReconcilerErrorHandler - [helmvolu] Pod 'test-hivemq-platform-2' phase Running
2025-01-29 13:42:47,734 INFO c.h.h.t.HelmChartContainer - [hivemq-test-hivemq-platform] [hivemq-platform-operator] [7b38861f] 13:42:47.732 [ReconcilerExecutor-hivemq-controller-154] DEBUG c.h.p.o.h.HiveMQPlatformReconcilerErrorHandler - [helmvolu] Pod 'test-hivemq-platform-1' phase Running
2025-01-29 13:42:47,734 INFO c.h.h.t.HelmChartContainer - [hivemq-test-hivemq-platform] [hivemq-platform-operator] [7b38861f] 13:42:47.733 [ReconcilerExecutor-hivemq-controller-154] DEBUG c.h.p.o.h.HiveMQPlatformReconcilerErrorHandler - [helmvolu] Pod 'test-hivemq-platform-0' phase Running
2025-01-29 13:42:47,734 INFO c.h.h.t.HelmChartContainer - [EVENT] Normal [Started] Started container hivemq [helmvolumeclaimtemplatesit:test-hivemq-platform-1]
2025-01-29 13:42:47,735 INFO c.h.h.t.HelmChartContainer - [hivemq-test-hivemq-platform] [hivemq-platform-operator] [7b38861f] 13:42:47.734 [ReconcilerExecutor-hivemq-controller-154] DEBUG c.h.p.o.h.HiveMQPlatformReconcilerRollingRestartHandler - [helmvolu] Rolling restart is waiting for 2 of 3 replicas
2025-01-29 13:42:47,735 INFO c.h.h.t.HelmChartContainer - Received Started event for container hivemq in pod test-hivemq-platform-1 [e28f334e-37be-420b-a950-ad48f3238b99]
2025-01-29 13:42:48,094 INFO c.h.h.t.HelmChartContainer - [test-hivemq-platform] [hivemq] [e28f334e] INFO  - [HiveMQ Platform Operator Init 1.7.0-SNAPSHOT] HiveMQ Platform Operator Init 1.7.0-SNAPSHOT (commit: bebf408 on branch: HEAD) built on Sun Jan 26 20:47:47 UTC 2025
2025-01-29 13:42:49,278 INFO c.h.h.t.HelmChartContainer - [test-hivemq-platform] [hivemq] [e28f334e] INFO  - [HiveMQ Platform Operator Init App 1.7.0-SNAPSHOT] Using bind address 10.42.0.14 from environment variable
2025-01-29 13:42:50,200 INFO c.h.h.t.HelmChartContainer - [test-hivemq-platform] [hivemq] [e28f334e] INFO  - [HiveMQ Platform Operator Init App 1.7.0-SNAPSHOT] HiveMQ Platform Operator Init App 1.7.0-SNAPSHOT (commit: bebf408 on branch: HEAD) built on Sun Jan 26 20:47:47 UTC 2025
2025-01-29 13:42:50,200 INFO c.h.h.t.HelmChartContainer - [test-hivemq-platform] [hivemq] [e28f334e] INFO  - [HiveMQ Platform Operator Init App 1.7.0-SNAPSHOT] PodInfo ConfigMap directory: /etc/podinfo
2025-01-29 13:42:50,200 INFO c.h.h.t.HelmChartContainer - [test-hivemq-platform] [hivemq] [e28f334e] INFO  - [HiveMQ Platform Operator Init App 1.7.0-SNAPSHOT] HiveMQ home directory: /opt/hivemq
2025-01-29 13:42:50,200 INFO c.h.h.t.HelmChartContainer - [test-hivemq-platform] [hivemq] [e28f334e] INFO  - [HiveMQ Platform Operator Init App 1.7.0-SNAPSHOT] HiveMQ Logback folder: /opt/hivemq/conf
2025-01-29 13:42:50,202 INFO c.h.h.t.HelmChartContainer - [test-hivemq-platform] [hivemq] [e28f334e] INFO  - [HiveMQ Platform Operator Init App 1.7.0-SNAPSHOT] HiveMQ Config folder: /opt/hivemq/conf-k8s
2025-01-29 13:42:50,202 INFO c.h.h.t.HelmChartContainer - [test-hivemq-platform] [hivemq] [e28f334e] INFO  - [HiveMQ Platform Operator Init App 1.7.0-SNAPSHOT] Starting HiveMQ Platform Operator Init App
2025-01-29 13:42:50,202 INFO c.h.h.t.HelmChartContainer - [test-hivemq-platform] [hivemq] [e28f334e] INFO  - [HiveMQ Platform Operator Init App 1.7.0-SNAPSHOT] Starting Pod reconciler
2025-01-29 13:42:51,491 INFO c.h.h.t.HelmChartContainer - [test-hivemq-platform] [hivemq] [e28f334e] INFO  - [HiveMQ Platform Operator Init App 1.7.0-SNAPSHOT] Pod reconciler is scheduled (interval: 5000 ms)
2025-01-29 13:42:51,492 INFO c.h.h.t.HelmChartContainer - [test-hivemq-platform] [hivemq] [e28f334e] INFO  - [HiveMQ Platform Operator Init App 1.7.0-SNAPSHOT] Starting the REST API on 10.42.0.14:7979
2025-01-29 13:42:51,494 INFO c.h.h.t.HelmChartContainer - [test-hivemq-platform] [hivemq] [e28f334e] INFO  - [HiveMQ Platform Operator Init App 1.7.0-SNAPSHOT] Waiting up to 600s for at most 3 HiveMQ nodes in cluster service hivemq-test-hivemq-platform-cluster.helmvolumeclaimtemplatesit.svc
2025-01-29 13:42:51,806 INFO c.h.h.t.HelmChartContainer - [test-hivemq-platform] [hivemq] [e28f334e] INFO  - [HiveMQ Platform Operator Init App 1.7.0-SNAPSHOT] Resolved 3 IP addresses: [10.42.0.14, 10.42.0.13, 10.42.0.9]
2025-01-29 13:42:51,806 INFO c.h.h.t.HelmChartContainer - [test-hivemq-platform] [hivemq] [e28f334e] INFO  - [HiveMQ Platform Operator Init App 1.7.0-SNAPSHOT] HiveMQ node count of 3 is within threshold of 3
2025-01-29 13:42:51,806 INFO c.h.h.t.HelmChartContainer - [test-hivemq-platform] [hivemq] [e28f334e] INFO  - [HiveMQ Platform Operator Init App 1.7.0-SNAPSHOT] Waiting 15s for previous shutdown replication to finish...
2025-01-29 13:42:53,713 INFO c.h.h.t.HelmChartContainer - [test-hivemq-platform] [hivemq] [e28f334e] INFO  - [HiveMQ Platform Operator Init App 1.7.0-SNAPSHOT] Returning default Health API response 503 for readiness
2025-01-29 13:42:53,818 INFO c.h.h.t.HelmChartContainer - [EVENT] Warning [Unhealthy] Readiness probe failed: HTTP probe failed with statuscode: 503 [helmvolumeclaimtemplatesit:test-hivemq-platform-1]
2025-01-29 13:42:53,818 INFO c.h.h.t.HelmChartContainer - Received Unhealthy event for container hivemq in pod test-hivemq-platform-1 [e28f334e-37be-420b-a950-ad48f3238b99]
2025-01-29 13:42:57,739 INFO c.h.h.t.HelmChartContainer - [hivemq-test-hivemq-platform] [hivemq-platform-operator] [7b38861f] 13:42:57.737 [pool-6-thread-45] DEBUG c.h.p.o.d.PlatformServiceResource - [helmvolu] Desired Platform services (3 services)
2025-01-29 13:42:57,739 INFO c.h.h.t.HelmChartContainer - [hivemq-test-hivemq-platform] [hivemq-platform-operator] [7b38861f] 13:42:57.737 [pool-6-thread-44] DEBUG c.h.p.o.dependants.PodInfoConfigMap - [helmvolu] Desired PodInfo ConfigMap (1 extensions) (1 enabled)
2025-01-29 13:42:57,739 INFO c.h.h.t.HelmChartContainer - [hivemq-test-hivemq-platform] [hivemq-platform-operator] [7b38861f] 13:42:57.737 [pool-6-thread-44] DEBUG c.h.p.o.dependants.PodInfoConfigMap - [helmvolu] Desired PodInfo ConfigMap (metrics port: 9399) (metrics path: /)
2025-01-29 13:42:57,739 INFO c.h.h.t.HelmChartContainer - [hivemq-test-hivemq-platform] [hivemq-platform-operator] [7b38861f] 13:42:57.737 [pool-6-thread-44] DEBUG c.h.p.o.dependants.PodInfoConfigMap - [helmvolu] Desired PodInfo ConfigMap (extension state hash: -1817474005)
2025-01-29 13:42:57,739 INFO c.h.h.t.HelmChartContainer - [hivemq-test-hivemq-platform] [hivemq-platform-operator] [7b38861f] 13:42:57.737 [pool-6-thread-43] DEBUG c.h.p.o.d.PodServiceAccountResource - [helmvolu] Desired PodServiceAccountResource (serviceAccountName: hivemq-platform-pod-test-hivemq-platform)
2025-01-29 13:42:57,740 INFO c.h.h.t.HelmChartContainer - [hivemq-test-hivemq-platform] [hivemq-platform-operator] [7b38861f] 13:42:57.740 [pool-6-thread-45] DEBUG c.h.p.o.d.StatefulSetResource - [helmvolu] Desired StatefulSet (3 replicas) for status ROLLING_RESTART (RESTART_PODS_IN_PROGRESS)
2025-01-29 13:42:57,743 INFO c.h.h.t.HelmChartContainer - [hivemq-test-hivemq-platform] [hivemq-platform-operator] [7b38861f] 13:42:57.742 [ReconcilerExecutor-hivemq-controller-53] INFO  c.h.p.o.HiveMQPlatformReconciler - [helmvolu] Reconciling HiveMQ Platform 'test-hivemq-platform' in namespace 'helmvolumeclaimtemplatesit'
2025-01-29 13:42:57,744 INFO c.h.h.t.HelmChartContainer - [hivemq-test-hivemq-platform] [hivemq-platform-operator] [7b38861f] 13:42:57.742 [ReconcilerExecutor-hivemq-controller-53] DEBUG c.h.p.o.HiveMQPlatformReconciler - [helmvolu] Custom Resource Status ROLLING_RESTART - HiveMQ Platform is restarting Pods (rolling restart) (RESTART_PODS_IN_PROGRESS)
2025-01-29 13:42:57,744 INFO c.h.h.t.HelmChartContainer - [hivemq-test-hivemq-platform] [hivemq-platform-operator] [7b38861f] 13:42:57.742 [ReconcilerExecutor-hivemq-controller-53] DEBUG c.h.p.o.HiveMQPlatformReconciler - [helmvolu] Custom Resource Spec (replicas: 2) (extensions: 1)
2025-01-29 13:42:57,744 INFO c.h.h.t.HelmChartContainer - [hivemq-test-hivemq-platform] [hivemq-platform-operator] [7b38861f] 13:42:57.743 [ReconcilerExecutor-hivemq-controller-53] DEBUG c.h.p.o.HiveMQPlatformReconciler - [helmvolu] StatefulSet Status (revision: test-hivemq-platform-59475f86c9, replicas: 3, available: 2, ready: 2, current: 1, updated: 2)
2025-01-29 13:42:57,744 INFO c.h.h.t.HelmChartContainer - [hivemq-test-hivemq-platform] [hivemq-platform-operator] [7b38861f] 13:42:57.743 [ReconcilerExecutor-hivemq-controller-53] DEBUG c.h.p.o.HiveMQPlatformReconciler - [helmvolu] StatefulSet Spec (replicas: 3, init containers: 1, containers: 1, volumes: 4)
2025-01-29 13:42:57,746 INFO c.h.h.t.HelmChartContainer - [hivemq-test-hivemq-platform] [hivemq-platform-operator] [7b38861f] 13:42:57.745 [ReconcilerExecutor-hivemq-controller-53] DEBUG c.h.p.o.h.HiveMQPlatformReconcilerErrorHandler - [helmvolu] Pod 'test-hivemq-platform-2' phase Running
2025-01-29 13:42:57,747 INFO c.h.h.t.HelmChartContainer - [hivemq-test-hivemq-platform] [hivemq-platform-operator] [7b38861f] 13:42:57.746 [ReconcilerExecutor-hivemq-controller-53] DEBUG c.h.p.o.h.HiveMQPlatformReconcilerErrorHandler - [helmvolu] Pod 'test-hivemq-platform-1' phase Running
2025-01-29 13:42:57,748 INFO c.h.h.t.HelmChartContainer - [hivemq-test-hivemq-platform] [hivemq-platform-operator] [7b38861f] 13:42:57.747 [ReconcilerExecutor-hivemq-controller-53] DEBUG c.h.p.o.h.HiveMQPlatformReconcilerErrorHandler - [helmvolu] Pod 'test-hivemq-platform-0' phase Running
2025-01-29 13:42:57,749 INFO c.h.h.t.HelmChartContainer - [hivemq-test-hivemq-platform] [hivemq-platform-operator] [7b38861f] 13:42:57.748 [ReconcilerExecutor-hivemq-controller-53] DEBUG c.h.p.o.h.HiveMQPlatformReconcilerRollingRestartHandler - [helmvolu] Rolling restart is waiting for 2 of 3 replicas
2025-01-29 13:42:58,711 INFO c.h.h.t.HelmChartContainer - [EVENT] Warning [Unhealthy] Readiness probe failed: HTTP probe failed with statuscode: 503 [helmvolumeclaimtemplatesit:test-hivemq-platform-1]
2025-01-29 13:42:58,711 INFO c.h.h.t.HelmChartContainer - Received Unhealthy event for container hivemq in pod test-hivemq-platform-1 [e28f334e-37be-420b-a950-ad48f3238b99]
2025-01-29 13:42:59,002 INFO c.h.h.t.HelmChartContainer - [test-hivemq-platform] [hivemq] [e28f334e] INFO  - [HiveMQ Platform Operator Init App 1.7.0-SNAPSHOT] Updating Pod HiveMQ Platform Operator Init App version annotation (version: 1.7.0-SNAPSHOT)
2025-01-29 13:42:59,313 INFO c.h.h.t.HelmChartContainer - [POD] test-hivemq-platform-1 [e28f334e-37be-420b-a950-ad48f3238b99] in helmvolumeclaimtemplatesit was MODIFIED
2025-01-29 13:42:59,318 INFO c.h.h.t.HelmChartContainer - [test-hivemq-platform] [hivemq] [e28f334e] INFO  - [HiveMQ Platform Operator Init App 1.7.0-SNAPSHOT] Successfully updated Pod HiveMQ Platform Operator Init App version annotation (version: 1.7.0-SNAPSHOT)
2025-01-29 13:42:59,318 INFO c.h.h.t.HelmChartContainer - [hivemq-test-hivemq-platform] [hivemq-platform-operator] [7b38861f] 13:42:59.317 [pool-6-thread-7] DEBUG c.h.p.o.d.PlatformServiceResource - [helmvolu] Desired Platform services (3 services)
2025-01-29 13:42:59,323 INFO c.h.h.t.HelmChartContainer - [hivemq-test-hivemq-platform] [hivemq-platform-operator] [7b38861f] 13:42:59.321 [pool-6-thread-3] DEBUG c.h.p.o.dependants.PodInfoConfigMap - [helmvolu] Desired PodInfo ConfigMap (1 extensions) (1 enabled)
2025-01-29 13:42:59,323 INFO c.h.h.t.HelmChartContainer - [hivemq-test-hivemq-platform] [hivemq-platform-operator] [7b38861f] 13:42:59.321 [pool-6-thread-3] DEBUG c.h.p.o.dependants.PodInfoConfigMap - [helmvolu] Desired PodInfo ConfigMap (metrics port: 9399) (metrics path: /)
2025-01-29 13:42:59,323 INFO c.h.h.t.HelmChartContainer - [hivemq-test-hivemq-platform] [hivemq-platform-operator] [7b38861f] 13:42:59.321 [pool-6-thread-3] DEBUG c.h.p.o.dependants.PodInfoConfigMap - [helmvolu] Desired PodInfo ConfigMap (extension state hash: -1817474005)
2025-01-29 13:42:59,323 INFO c.h.h.t.HelmChartContainer - [hivemq-test-hivemq-platform] [hivemq-platform-operator] [7b38861f] 13:42:59.321 [pool-6-thread-9] DEBUG c.h.p.o.d.PodServiceAccountResource - [helmvolu] Desired PodServiceAccountResource (serviceAccountName: hivemq-platform-pod-test-hivemq-platform)
2025-01-29 13:42:59,326 INFO c.h.h.t.HelmChartContainer - [hivemq-test-hivemq-platform] [hivemq-platform-operator] [7b38861f] 13:42:59.325 [pool-6-thread-4] DEBUG c.h.p.o.d.StatefulSetResource - [helmvolu] Desired StatefulSet (3 replicas) for status ROLLING_RESTART (RESTART_PODS_IN_PROGRESS)
2025-01-29 13:42:59,328 INFO c.h.h.t.HelmChartContainer - [hivemq-test-hivemq-platform] [hivemq-platform-operator] [7b38861f] 13:42:59.327 [ReconcilerExecutor-hivemq-controller-54] INFO  c.h.p.o.HiveMQPlatformReconciler - [helmvolu] Reconciling HiveMQ Platform 'test-hivemq-platform' in namespace 'helmvolumeclaimtemplatesit'
2025-01-29 13:42:59,328 INFO c.h.h.t.HelmChartContainer - [hivemq-test-hivemq-platform] [hivemq-platform-operator] [7b38861f] 13:42:59.327 [ReconcilerExecutor-hivemq-controller-54] DEBUG c.h.p.o.HiveMQPlatformReconciler - [helmvolu] Custom Resource Status ROLLING_RESTART - HiveMQ Platform is restarting Pods (rolling restart) (RESTART_PODS_IN_PROGRESS)
2025-01-29 13:42:59,328 INFO c.h.h.t.HelmChartContainer - [hivemq-test-hivemq-platform] [hivemq-platform-operator] [7b38861f] 13:42:59.327 [ReconcilerExecutor-hivemq-controller-54] DEBUG c.h.p.o.HiveMQPlatformReconciler - [helmvolu] Custom Resource Spec (replicas: 2) (extensions: 1)
2025-01-29 13:42:59,329 INFO c.h.h.t.HelmChartContainer - [hivemq-test-hivemq-platform] [hivemq-platform-operator] [7b38861f] 13:42:59.328 [ReconcilerExecutor-hivemq-controller-54] DEBUG c.h.p.o.HiveMQPlatformReconciler - [helmvolu] StatefulSet Status (revision: test-hivemq-platform-59475f86c9, replicas: 3, available: 2, ready: 2, current: 1, updated: 2)
2025-01-29 13:42:59,329 INFO c.h.h.t.HelmChartContainer - [hivemq-test-hivemq-platform] [hivemq-platform-operator] [7b38861f] 13:42:59.328 [ReconcilerExecutor-hivemq-controller-54] DEBUG c.h.p.o.HiveMQPlatformReconciler - [helmvolu] StatefulSet Spec (replicas: 3, init containers: 1, containers: 1, volumes: 4)
2025-01-29 13:42:59,330 INFO c.h.h.t.HelmChartContainer - [hivemq-test-hivemq-platform] [hivemq-platform-operator] [7b38861f] 13:42:59.330 [ReconcilerExecutor-hivemq-controller-54] DEBUG c.h.p.o.h.HiveMQPlatformReconcilerErrorHandler - [helmvolu] Pod 'test-hivemq-platform-2' phase Running
2025-01-29 13:42:59,332 INFO c.h.h.t.HelmChartContainer - [hivemq-test-hivemq-platform] [hivemq-platform-operator] [7b38861f] 13:42:59.331 [ReconcilerExecutor-hivemq-controller-54] DEBUG c.h.p.o.h.HiveMQPlatformReconcilerErrorHandler - [helmvolu] Pod 'test-hivemq-platform-1' phase Running
2025-01-29 13:42:59,333 INFO c.h.h.t.HelmChartContainer - [hivemq-test-hivemq-platform] [hivemq-platform-operator] [7b38861f] 13:42:59.332 [ReconcilerExecutor-hivemq-controller-54] DEBUG c.h.p.o.h.HiveMQPlatformReconcilerErrorHandler - [helmvolu] Pod 'test-hivemq-platform-0' phase Running
2025-01-29 13:42:59,333 INFO c.h.h.t.HelmChartContainer - [hivemq-test-hivemq-platform] [hivemq-platform-operator] [7b38861f] 13:42:59.332 [ReconcilerExecutor-hivemq-controller-54] DEBUG c.h.p.o.h.HiveMQPlatformReconcilerRollingRestartHandler - [helmvolu] Rolling restart is waiting for 2 of 3 replicas
2025-01-29 13:42:59,377 INFO c.h.h.t.HelmChartContainer - [EVENT] Warning [Unhealthy] Readiness probe failed: HTTP probe failed with statuscode: 503 [helmvolumeclaimtemplatesit:test-hivemq-platform-1]
2025-01-29 13:42:59,377 INFO c.h.h.t.HelmChartContainer - Received Unhealthy event for container hivemq in pod test-hivemq-platform-1 [e28f334e-37be-420b-a950-ad48f3238b99]
2025-01-29 13:43:04,320 INFO c.h.h.t.HelmChartContainer - [EVENT] Warning [Unhealthy] Readiness probe failed: HTTP probe failed with statuscode: 503 [helmvolumeclaimtemplatesit:test-hivemq-platform-1]
2025-01-29 13:43:04,320 INFO c.h.h.t.HelmChartContainer - Received Unhealthy event for container hivemq in pod test-hivemq-platform-1 [e28f334e-37be-420b-a950-ad48f3238b99]
2025-01-29 13:43:06,807 INFO c.h.h.t.HelmChartContainer - [test-hivemq-platform] [hivemq] [e28f334e] INFO  - [HiveMQ Platform Operator Init App 1.7.0-SNAPSHOT] Proceeding with container start
2025-01-29 13:43:06,809 INFO c.h.h.t.HelmChartContainer - [test-hivemq-platform] [hivemq] [e28f334e] INFO  - [HiveMQ Platform Operator Init App 1.7.0-SNAPSHOT] Initializing HiveMQ Platform extensions with initial configuration: {hivemq-allow-all-extension={start-priority=-1, skip-https-hostname-verification=false, restart=true, config-version=0, header-version=0, c-uri=, priority=-1, uri=preinstalled, skip-https-certificate-validation=false, enabled=true}, hivemq-prometheus-extension={enabled=true, request-header-path=no-request-headers, uri=preinstalled, skip-https-certificate-validation=false, skip-https-hostname-verification=false, c-uri=, start-priority=-1, priority=-1, restart=true}}
2025-01-29 13:43:07,204 INFO c.h.h.t.HelmChartContainer - [test-hivemq-platform] [hivemq] [e28f334e] INFO  - [HiveMQ Platform Operator Init App 1.7.0-SNAPSHOT] Extension hivemq-allow-all-extension was already enabled
2025-01-29 13:43:07,295 INFO c.h.h.t.HelmChartContainer - [test-hivemq-platform] [hivemq] [e28f334e] INFO  - [HiveMQ Platform Operator Init App 1.7.0-SNAPSHOT] Successfully enabled extension hivemq-prometheus-extension
2025-01-29 13:43:07,296 INFO c.h.h.t.HelmChartContainer - [test-hivemq-platform] [hivemq] [e28f334e] INFO  - [HiveMQ Platform Operator Init App 1.7.0-SNAPSHOT] Starting HiveMQ Platform version 4.36.0 (4.36.0)
2025-01-29 13:43:07,296 INFO c.h.h.t.HelmChartContainer - [test-hivemq-platform] [hivemq] [e28f334e] INFO  - [HiveMQ Platform Operator Init App 1.7.0-SNAPSHOT] Configuring the HiveMQ Platform
2025-01-29 13:43:07,308 INFO c.h.h.t.HelmChartContainer - [test-hivemq-platform] [hivemq] [e28f334e] INFO  - [HiveMQ Platform Operator Init App 1.7.0-SNAPSHOT] Changed logback.xml file scan period to 20 seconds
2025-01-29 13:43:07,399 INFO c.h.h.t.HelmChartContainer - [test-hivemq-platform] [hivemq] [e28f334e] INFO  - [HiveMQ Platform Operator Init App 1.7.0-SNAPSHOT] Starting the HiveMQ Platform
2025-01-29 13:43:07,402 INFO c.h.h.t.HelmChartContainer - [test-hivemq-platform] [hivemq] [e28f334e] -------------------------------------------------------------------------
2025-01-29 13:43:07,402 INFO c.h.h.t.HelmChartContainer - [test-hivemq-platform] [hivemq] [e28f334e] 
2025-01-29 13:43:07,402 INFO c.h.h.t.HelmChartContainer - [test-hivemq-platform] [hivemq] [e28f334e]                   _    _  _              __  __   ____
2025-01-29 13:43:07,403 INFO c.h.h.t.HelmChartContainer - [test-hivemq-platform] [hivemq] [e28f334e]                  | |  | |(_)            |  \/  | / __ \
2025-01-29 13:43:07,403 INFO c.h.h.t.HelmChartContainer - [test-hivemq-platform] [hivemq] [e28f334e]                  | |__| | _ __   __ ___ | \  / || |  | |
2025-01-29 13:43:07,403 INFO c.h.h.t.HelmChartContainer - [test-hivemq-platform] [hivemq] [e28f334e]                  |  __  || |\ \ / // _ \| |\/| || |  | |
2025-01-29 13:43:07,403 INFO c.h.h.t.HelmChartContainer - [test-hivemq-platform] [hivemq] [e28f334e]                  | |  | || | \ V /|  __/| |  | || |__| |
2025-01-29 13:43:07,403 INFO c.h.h.t.HelmChartContainer - [test-hivemq-platform] [hivemq] [e28f334e]                  |_|  |_||_|  \_/  \___||_|  |_| \___\_\
2025-01-29 13:43:07,403 INFO c.h.h.t.HelmChartContainer - [test-hivemq-platform] [hivemq] [e28f334e] 
2025-01-29 13:43:07,403 INFO c.h.h.t.HelmChartContainer - [test-hivemq-platform] [hivemq] [e28f334e] -------------------------------------------------------------------------
2025-01-29 13:43:07,403 INFO c.h.h.t.HelmChartContainer - [test-hivemq-platform] [hivemq] [e28f334e] 
2025-01-29 13:43:07,403 INFO c.h.h.t.HelmChartContainer - [test-hivemq-platform] [hivemq] [e28f334e]   HiveMQ Start Script for Linux/Unix v1.14
2025-01-29 13:43:07,404 INFO c.h.h.t.HelmChartContainer - [test-hivemq-platform] [hivemq] [e28f334e] 
2025-01-29 13:43:07,503 INFO c.h.h.t.HelmChartContainer - [test-hivemq-platform] [hivemq] [e28f334e] -------------------------------------------------------------------------
2025-01-29 13:43:07,504 INFO c.h.h.t.HelmChartContainer - [test-hivemq-platform] [hivemq] [e28f334e] 
2025-01-29 13:43:07,504 INFO c.h.h.t.HelmChartContainer - [test-hivemq-platform] [hivemq] [e28f334e]   HIVEMQ_HOME: /opt/hivemq
2025-01-29 13:43:07,504 INFO c.h.h.t.HelmChartContainer - [test-hivemq-platform] [hivemq] [e28f334e] 
2025-01-29 13:43:07,504 INFO c.h.h.t.HelmChartContainer - [test-hivemq-platform] [hivemq] [e28f334e]   JAVA_OPTS: -XX:+UnlockExperimentalVMOptions -XX:InitialRAMPercentage=50 -XX:MaxRAMPercentage=50 -Djava.net.preferIPv4Stack=true --add-opens java.base/java.lang=ALL-UNNAMED --add-opens java.base/java.nio=ALL-UNNAMED --add-opens java.base/sun.nio.ch=ALL-UNNAMED --add-opens jdk.management/com.sun.management.internal=ALL-UNNAMED --add-exports java.base/jdk.internal.misc=ALL-UNNAMED -Djava.security.egd=file:/dev/./urandom -Dcom.sun.management.jmxremote -Dcom.sun.management.jmxremote.port=9010 -Dcom.sun.management.jmxremote.local.only=false -Dcom.sun.management.jmxremote.authenticate=false -Dcom.sun.management.jmxremote.ssl=false -Duser.language=en -Duser.region=US -XX:+CrashOnOutOfMemoryError -XX:+HeapDumpOnOutOfMemoryError
2025-01-29 13:43:07,504 INFO c.h.h.t.HelmChartContainer - [test-hivemq-platform] [hivemq] [e28f334e] 
2025-01-29 13:43:07,504 INFO c.h.h.t.HelmChartContainer - [test-hivemq-platform] [hivemq] [e28f334e]   JAVA_VERSION: 21
2025-01-29 13:43:07,504 INFO c.h.h.t.HelmChartContainer - [test-hivemq-platform] [hivemq] [e28f334e] 
2025-01-29 13:43:07,504 INFO c.h.h.t.HelmChartContainer - [test-hivemq-platform] [hivemq] [e28f334e] -------------------------------------------------------------------------
2025-01-29 13:43:07,504 INFO c.h.h.t.HelmChartContainer - [test-hivemq-platform] [hivemq] [e28f334e] 
2025-01-29 13:43:09,336 INFO c.h.h.t.HelmChartContainer - [hivemq-test-hivemq-platform] [hivemq-platform-operator] [7b38861f] 13:43:09.334 [pool-6-thread-18] DEBUG c.h.p.o.d.PlatformServiceResource - [helmvolu] Desired Platform services (3 services)
2025-01-29 13:43:09,336 INFO c.h.h.t.HelmChartContainer - [hivemq-test-hivemq-platform] [hivemq-platform-operator] [7b38861f] 13:43:09.335 [pool-6-thread-19] DEBUG c.h.p.o.dependants.PodInfoConfigMap - [helmvolu] Desired PodInfo ConfigMap (1 extensions) (1 enabled)
2025-01-29 13:43:09,337 INFO c.h.h.t.HelmChartContainer - [hivemq-test-hivemq-platform] [hivemq-platform-operator] [7b38861f] 13:43:09.335 [pool-6-thread-19] DEBUG c.h.p.o.dependants.PodInfoConfigMap - [helmvolu] Desired PodInfo ConfigMap (metrics port: 9399) (metrics path: /)
2025-01-29 13:43:09,337 INFO c.h.h.t.HelmChartContainer - [hivemq-test-hivemq-platform] [hivemq-platform-operator] [7b38861f] 13:43:09.335 [pool-6-thread-19] DEBUG c.h.p.o.dependants.PodInfoConfigMap - [helmvolu] Desired PodInfo ConfigMap (extension state hash: -1817474005)
2025-01-29 13:43:09,337 INFO c.h.h.t.HelmChartContainer - [hivemq-test-hivemq-platform] [hivemq-platform-operator] [7b38861f] 13:43:09.336 [pool-6-thread-15] DEBUG c.h.p.o.d.PodServiceAccountResource - [helmvolu] Desired PodServiceAccountResource (serviceAccountName: hivemq-platform-pod-test-hivemq-platform)
2025-01-29 13:43:09,343 INFO c.h.h.t.HelmChartContainer - [hivemq-test-hivemq-platform] [hivemq-platform-operator] [7b38861f] 13:43:09.339 [pool-6-thread-13] DEBUG c.h.p.o.d.StatefulSetResource - [helmvolu] Desired StatefulSet (3 replicas) for status ROLLING_RESTART (RESTART_PODS_IN_PROGRESS)
2025-01-29 13:43:09,346 INFO c.h.h.t.HelmChartContainer - [hivemq-test-hivemq-platform] [hivemq-platform-operator] [7b38861f] 13:43:09.345 [ReconcilerExecutor-hivemq-controller-65] INFO  c.h.p.o.HiveMQPlatformReconciler - [helmvolu] Reconciling HiveMQ Platform 'test-hivemq-platform' in namespace 'helmvolumeclaimtemplatesit'
2025-01-29 13:43:09,349 INFO c.h.h.t.HelmChartContainer - [hivemq-test-hivemq-platform] [hivemq-platform-operator] [7b38861f] 13:43:09.346 [ReconcilerExecutor-hivemq-controller-65] DEBUG c.h.p.o.HiveMQPlatformReconciler - [helmvolu] Custom Resource Status ROLLING_RESTART - HiveMQ Platform is restarting Pods (rolling restart) (RESTART_PODS_IN_PROGRESS)
2025-01-29 13:43:09,349 INFO c.h.h.t.HelmChartContainer - [hivemq-test-hivemq-platform] [hivemq-platform-operator] [7b38861f] 13:43:09.346 [ReconcilerExecutor-hivemq-controller-65] DEBUG c.h.p.o.HiveMQPlatformReconciler - [helmvolu] Custom Resource Spec (replicas: 2) (extensions: 1)
2025-01-29 13:43:09,349 INFO c.h.h.t.HelmChartContainer - [hivemq-test-hivemq-platform] [hivemq-platform-operator] [7b38861f] 13:43:09.347 [ReconcilerExecutor-hivemq-controller-65] DEBUG c.h.p.o.HiveMQPlatformReconciler - [helmvolu] StatefulSet Status (revision: test-hivemq-platform-59475f86c9, replicas: 3, available: 2, ready: 2, current: 1, updated: 2)
2025-01-29 13:43:09,349 INFO c.h.h.t.HelmChartContainer - [hivemq-test-hivemq-platform] [hivemq-platform-operator] [7b38861f] 13:43:09.347 [ReconcilerExecutor-hivemq-controller-65] DEBUG c.h.p.o.HiveMQPlatformReconciler - [helmvolu] StatefulSet Spec (replicas: 3, init containers: 1, containers: 1, volumes: 4)
2025-01-29 13:43:09,350 INFO c.h.h.t.HelmChartContainer - [hivemq-test-hivemq-platform] [hivemq-platform-operator] [7b38861f] 13:43:09.350 [ReconcilerExecutor-hivemq-controller-65] DEBUG c.h.p.o.h.HiveMQPlatformReconcilerErrorHandler - [helmvolu] Pod 'test-hivemq-platform-2' phase Running
2025-01-29 13:43:09,352 INFO c.h.h.t.HelmChartContainer - [hivemq-test-hivemq-platform] [hivemq-platform-operator] [7b38861f] 13:43:09.352 [ReconcilerExecutor-hivemq-controller-65] DEBUG c.h.p.o.h.HiveMQPlatformReconcilerErrorHandler - [helmvolu] Pod 'test-hivemq-platform-1' phase Running
2025-01-29 13:43:09,355 INFO c.h.h.t.HelmChartContainer - [hivemq-test-hivemq-platform] [hivemq-platform-operator] [7b38861f] 13:43:09.355 [ReconcilerExecutor-hivemq-controller-65] DEBUG c.h.p.o.h.HiveMQPlatformReconcilerErrorHandler - [helmvolu] Pod 'test-hivemq-platform-0' phase Running
2025-01-29 13:43:09,357 INFO c.h.h.t.HelmChartContainer - [hivemq-test-hivemq-platform] [hivemq-platform-operator] [7b38861f] 13:43:09.356 [ReconcilerExecutor-hivemq-controller-65] DEBUG c.h.p.o.h.HiveMQPlatformReconcilerRollingRestartHandler - [helmvolu] Rolling restart is waiting for 2 of 3 replicas
2025-01-29 13:43:09,400 INFO c.h.h.t.HelmChartContainer - [EVENT] Warning [Unhealthy] Readiness probe failed: HTTP probe failed with statuscode: 503 [helmvolumeclaimtemplatesit:test-hivemq-platform-1]
2025-01-29 13:43:09,400 INFO c.h.h.t.HelmChartContainer - Received Unhealthy event for container hivemq in pod test-hivemq-platform-1 [e28f334e-37be-420b-a950-ad48f3238b99]
2025-01-29 13:43:09,992 INFO c.h.h.t.HelmChartContainer - [test-hivemq-platform] [hivemq] [e28f334e] INFO  - Starting HiveMQ Enterprise Server
2025-01-29 13:43:09,999 INFO c.h.h.t.HelmChartContainer - [test-hivemq-platform] [hivemq] [e28f334e] INFO  - HiveMQ version: 4.36.0
2025-01-29 13:43:10,000 INFO c.h.h.t.HelmChartContainer - [test-hivemq-platform] [hivemq] [e28f334e] INFO  - HiveMQ home directory: /opt/hivemq
2025-01-29 13:43:10,000 INFO c.h.h.t.HelmChartContainer - [test-hivemq-platform] [hivemq] [e28f334e] INFO  - Log Configuration was overridden by /opt/hivemq/conf/logback.xml
2025-01-29 13:43:11,309 INFO c.h.h.t.HelmChartContainer - [test-hivemq-platform] [hivemq] [e28f334e] INFO  - Successfully loaded configuration from '/opt/hivemq/conf-k8s/config.xml'.
2025-01-29 13:43:11,708 INFO c.h.h.t.HelmChartContainer - [test-hivemq-platform] [hivemq] [e28f334e] INFO  - This node's ID is OJ9Q4
2025-01-29 13:43:12,088 INFO c.h.h.t.HelmChartContainer - [test-hivemq-platform] [hivemq] [e28f334e] INFO  - Clustering is enabled
2025-01-29 13:43:14,499 INFO c.h.h.t.HelmChartContainer - [test-hivemq-platform] [hivemq] [e28f334e] WARN  - [HiveMQ Platform Operator Init App 1.7.0-SNAPSHOT] Cannot connect to Health API for readiness: null
2025-01-29 13:43:14,590 INFO c.h.h.t.HelmChartContainer - [EVENT] Warning [Unhealthy] Readiness probe failed: HTTP probe failed with statuscode: 503 [helmvolumeclaimtemplatesit:test-hivemq-platform-1]
2025-01-29 13:43:14,591 INFO c.h.h.t.HelmChartContainer - Received Unhealthy event for container hivemq in pod test-hivemq-platform-1 [e28f334e-37be-420b-a950-ad48f3238b99]
2025-01-29 13:43:16,092 INFO c.h.h.t.HelmChartContainer - [test-hivemq-platform] [hivemq] [e28f334e] WARN  - [HiveMQ Platform Operator Init App 1.7.0-SNAPSHOT] Cannot connect to Health API for liveness: null
2025-01-29 13:43:16,093 INFO c.h.h.t.HelmChartContainer - [test-hivemq-platform] [hivemq] [e28f334e] INFO  - [HiveMQ Platform Operator Init App 1.7.0-SNAPSHOT] Returning default Health API response 200 for liveness
2025-01-29 13:43:19,360 INFO c.h.h.t.HelmChartContainer - [hivemq-test-hivemq-platform] [hivemq-platform-operator] [7b38861f] 13:43:19.359 [pool-6-thread-27] DEBUG c.h.p.o.d.PlatformServiceResource - [helmvolu] Desired Platform services (3 services)
2025-01-29 13:43:19,361 INFO c.h.h.t.HelmChartContainer - [hivemq-test-hivemq-platform] [hivemq-platform-operator] [7b38861f] 13:43:19.359 [pool-6-thread-25] DEBUG c.h.p.o.d.PodServiceAccountResource - [helmvolu] Desired PodServiceAccountResource (serviceAccountName: hivemq-platform-pod-test-hivemq-platform)
2025-01-29 13:43:19,361 INFO c.h.h.t.HelmChartContainer - [hivemq-test-hivemq-platform] [hivemq-platform-operator] [7b38861f] 13:43:19.360 [pool-6-thread-26] DEBUG c.h.p.o.dependants.PodInfoConfigMap - [helmvolu] Desired PodInfo ConfigMap (1 extensions) (1 enabled)
2025-01-29 13:43:19,361 INFO c.h.h.t.HelmChartContainer - [hivemq-test-hivemq-platform] [hivemq-platform-operator] [7b38861f] 13:43:19.360 [pool-6-thread-26] DEBUG c.h.p.o.dependants.PodInfoConfigMap - [helmvolu] Desired PodInfo ConfigMap (metrics port: 9399) (metrics path: /)
2025-01-29 13:43:19,361 INFO c.h.h.t.HelmChartContainer - [hivemq-test-hivemq-platform] [hivemq-platform-operator] [7b38861f] 13:43:19.360 [pool-6-thread-26] DEBUG c.h.p.o.dependants.PodInfoConfigMap - [helmvolu] Desired PodInfo ConfigMap (extension state hash: -1817474005)
2025-01-29 13:43:19,362 INFO c.h.h.t.HelmChartContainer - [hivemq-test-hivemq-platform] [hivemq-platform-operator] [7b38861f] 13:43:19.362 [pool-6-thread-27] DEBUG c.h.p.o.d.StatefulSetResource - [helmvolu] Desired StatefulSet (3 replicas) for status ROLLING_RESTART (RESTART_PODS_IN_PROGRESS)
2025-01-29 13:43:19,365 INFO c.h.h.t.HelmChartContainer - [hivemq-test-hivemq-platform] [hivemq-platform-operator] [7b38861f] 13:43:19.364 [ReconcilerExecutor-hivemq-controller-76] INFO  c.h.p.o.HiveMQPlatformReconciler - [helmvolu] Reconciling HiveMQ Platform 'test-hivemq-platform' in namespace 'helmvolumeclaimtemplatesit'
2025-01-29 13:43:19,365 INFO c.h.h.t.HelmChartContainer - [hivemq-test-hivemq-platform] [hivemq-platform-operator] [7b38861f] 13:43:19.364 [ReconcilerExecutor-hivemq-controller-76] DEBUG c.h.p.o.HiveMQPlatformReconciler - [helmvolu] Custom Resource Status ROLLING_RESTART - HiveMQ Platform is restarting Pods (rolling restart) (RESTART_PODS_IN_PROGRESS)
2025-01-29 13:43:19,365 INFO c.h.h.t.HelmChartContainer - [hivemq-test-hivemq-platform] [hivemq-platform-operator] [7b38861f] 13:43:19.364 [ReconcilerExecutor-hivemq-controller-76] DEBUG c.h.p.o.HiveMQPlatformReconciler - [helmvolu] Custom Resource Spec (replicas: 2) (extensions: 1)
2025-01-29 13:43:19,366 INFO c.h.h.t.HelmChartContainer - [hivemq-test-hivemq-platform] [hivemq-platform-operator] [7b38861f] 13:43:19.365 [ReconcilerExecutor-hivemq-controller-76] DEBUG c.h.p.o.HiveMQPlatformReconciler - [helmvolu] StatefulSet Status (revision: test-hivemq-platform-59475f86c9, replicas: 3, available: 2, ready: 2, current: 1, updated: 2)
2025-01-29 13:43:19,366 INFO c.h.h.t.HelmChartContainer - [hivemq-test-hivemq-platform] [hivemq-platform-operator] [7b38861f] 13:43:19.365 [ReconcilerExecutor-hivemq-controller-76] DEBUG c.h.p.o.HiveMQPlatformReconciler - [helmvolu] StatefulSet Spec (replicas: 3, init containers: 1, containers: 1, volumes: 4)
2025-01-29 13:43:19,367 INFO c.h.h.t.HelmChartContainer - [hivemq-test-hivemq-platform] [hivemq-platform-operator] [7b38861f] 13:43:19.366 [ReconcilerExecutor-hivemq-controller-76] DEBUG c.h.p.o.h.HiveMQPlatformReconcilerErrorHandler - [helmvolu] Pod 'test-hivemq-platform-2' phase Running
2025-01-29 13:43:19,368 INFO c.h.h.t.HelmChartContainer - [hivemq-test-hivemq-platform] [hivemq-platform-operator] [7b38861f] 13:43:19.367 [ReconcilerExecutor-hivemq-controller-76] DEBUG c.h.p.o.h.HiveMQPlatformReconcilerErrorHandler - [helmvolu] Pod 'test-hivemq-platform-1' phase Running
2025-01-29 13:43:19,369 INFO c.h.h.t.HelmChartContainer - [hivemq-test-hivemq-platform] [hivemq-platform-operator] [7b38861f] 13:43:19.368 [ReconcilerExecutor-hivemq-controller-76] DEBUG c.h.p.o.h.HiveMQPlatformReconcilerErrorHandler - [helmvolu] Pod 'test-hivemq-platform-0' phase Running
2025-01-29 13:43:19,369 INFO c.h.h.t.HelmChartContainer - [hivemq-test-hivemq-platform] [hivemq-platform-operator] [7b38861f] 13:43:19.368 [ReconcilerExecutor-hivemq-controller-76] DEBUG c.h.p.o.h.HiveMQPlatformReconcilerRollingRestartHandler - [helmvolu] Rolling restart is waiting for 2 of 3 replicas
2025-01-29 13:43:19,393 INFO c.h.h.t.HelmChartContainer - [test-hivemq-platform] [hivemq] [e28f334e] WARN  - [HiveMQ Platform Operator Init App 1.7.0-SNAPSHOT] Cannot connect to Health API for readiness: null
2025-01-29 13:43:19,399 INFO c.h.h.t.HelmChartContainer - [EVENT] Warning [Unhealthy] Readiness probe failed: HTTP probe failed with statuscode: 503 [helmvolumeclaimtemplatesit:test-hivemq-platform-1]
2025-01-29 13:43:19,399 INFO c.h.h.t.HelmChartContainer - Received Unhealthy event for container hivemq in pod test-hivemq-platform-1 [e28f334e-37be-420b-a950-ad48f3238b99]
2025-01-29 13:43:24,393 INFO c.h.h.t.HelmChartContainer - [test-hivemq-platform] [hivemq] [e28f334e] WARN  - [HiveMQ Platform Operator Init App 1.7.0-SNAPSHOT] Cannot connect to Health API for readiness: null
2025-01-29 13:43:24,397 INFO c.h.h.t.HelmChartContainer - [EVENT] Warning [Unhealthy] Readiness probe failed: HTTP probe failed with statuscode: 503 [helmvolumeclaimtemplatesit:test-hivemq-platform-1]
2025-01-29 13:43:24,398 INFO c.h.h.t.HelmChartContainer - Received Unhealthy event for container hivemq in pod test-hivemq-platform-1 [e28f334e-37be-420b-a950-ad48f3238b99]
2025-01-29 13:43:25,696 INFO c.h.h.t.HelmChartContainer - [test-hivemq-platform] [hivemq] [e28f334e] INFO  - No valid license file found. Using trial license, restricted to 25 connections.
2025-01-29 13:43:28,904 INFO c.h.h.t.HelmChartContainer - [test-hivemq-platform] [hivemq] [e28f334e] INFO  - No valid license file for Data Hub found. Using free license, restricted to 1 policy.
2025-01-29 13:43:29,373 INFO c.h.h.t.HelmChartContainer - [hivemq-test-hivemq-platform] [hivemq-platform-operator] [7b38861f] 13:43:29.371 [pool-6-thread-32] DEBUG c.h.p.o.dependants.PodInfoConfigMap - [helmvolu] Desired PodInfo ConfigMap (1 extensions) (1 enabled)
2025-01-29 13:43:29,374 INFO c.h.h.t.HelmChartContainer - [hivemq-test-hivemq-platform] [hivemq-platform-operator] [7b38861f] 13:43:29.371 [pool-6-thread-37] DEBUG c.h.p.o.d.PodServiceAccountResource - [helmvolu] Desired PodServiceAccountResource (serviceAccountName: hivemq-platform-pod-test-hivemq-platform)
2025-01-29 13:43:29,374 INFO c.h.h.t.HelmChartContainer - [hivemq-test-hivemq-platform] [hivemq-platform-operator] [7b38861f] 13:43:29.372 [pool-6-thread-31] DEBUG c.h.p.o.d.PlatformServiceResource - [helmvolu] Desired Platform services (3 services)
2025-01-29 13:43:29,374 INFO c.h.h.t.HelmChartContainer - [hivemq-test-hivemq-platform] [hivemq-platform-operator] [7b38861f] 13:43:29.372 [pool-6-thread-32] DEBUG c.h.p.o.dependants.PodInfoConfigMap - [helmvolu] Desired PodInfo ConfigMap (metrics port: 9399) (metrics path: /)
2025-01-29 13:43:29,374 INFO c.h.h.t.HelmChartContainer - [hivemq-test-hivemq-platform] [hivemq-platform-operator] [7b38861f] 13:43:29.372 [pool-6-thread-32] DEBUG c.h.p.o.dependants.PodInfoConfigMap - [helmvolu] Desired PodInfo ConfigMap (extension state hash: -1817474005)
2025-01-29 13:43:29,378 INFO c.h.h.t.HelmChartContainer - [hivemq-test-hivemq-platform] [hivemq-platform-operator] [7b38861f] 13:43:29.376 [pool-6-thread-31] DEBUG c.h.p.o.d.StatefulSetResource - [helmvolu] Desired StatefulSet (3 replicas) for status ROLLING_RESTART (RESTART_PODS_IN_PROGRESS)
2025-01-29 13:43:29,379 INFO c.h.h.t.HelmChartContainer - [hivemq-test-hivemq-platform] [hivemq-platform-operator] [7b38861f] 13:43:29.378 [ReconcilerExecutor-hivemq-controller-87] INFO  c.h.p.o.HiveMQPlatformReconciler - [helmvolu] Reconciling HiveMQ Platform 'test-hivemq-platform' in namespace 'helmvolumeclaimtemplatesit'
2025-01-29 13:43:29,380 INFO c.h.h.t.HelmChartContainer - [hivemq-test-hivemq-platform] [hivemq-platform-operator] [7b38861f] 13:43:29.378 [ReconcilerExecutor-hivemq-controller-87] DEBUG c.h.p.o.HiveMQPlatformReconciler - [helmvolu] Custom Resource Status ROLLING_RESTART - HiveMQ Platform is restarting Pods (rolling restart) (RESTART_PODS_IN_PROGRESS)
2025-01-29 13:43:29,380 INFO c.h.h.t.HelmChartContainer - [hivemq-test-hivemq-platform] [hivemq-platform-operator] [7b38861f] 13:43:29.378 [ReconcilerExecutor-hivemq-controller-87] DEBUG c.h.p.o.HiveMQPlatformReconciler - [helmvolu] Custom Resource Spec (replicas: 2) (extensions: 1)
2025-01-29 13:43:29,381 INFO c.h.h.t.HelmChartContainer - [hivemq-test-hivemq-platform] [hivemq-platform-operator] [7b38861f] 13:43:29.380 [ReconcilerExecutor-hivemq-controller-87] DEBUG c.h.p.o.HiveMQPlatformReconciler - [helmvolu] StatefulSet Status (revision: test-hivemq-platform-59475f86c9, replicas: 3, available: 2, ready: 2, current: 1, updated: 2)
2025-01-29 13:43:29,381 INFO c.h.h.t.HelmChartContainer - [hivemq-test-hivemq-platform] [hivemq-platform-operator] [7b38861f] 13:43:29.380 [ReconcilerExecutor-hivemq-controller-87] DEBUG c.h.p.o.HiveMQPlatformReconciler - [helmvolu] StatefulSet Spec (replicas: 3, init containers: 1, containers: 1, volumes: 4)
2025-01-29 13:43:29,384 INFO c.h.h.t.HelmChartContainer - [hivemq-test-hivemq-platform] [hivemq-platform-operator] [7b38861f] 13:43:29.381 [ReconcilerExecutor-hivemq-controller-87] DEBUG c.h.p.o.h.HiveMQPlatformReconcilerErrorHandler - [helmvolu] Pod 'test-hivemq-platform-2' phase Running
2025-01-29 13:43:29,384 INFO c.h.h.t.HelmChartContainer - [hivemq-test-hivemq-platform] [hivemq-platform-operator] [7b38861f] 13:43:29.382 [ReconcilerExecutor-hivemq-controller-87] DEBUG c.h.p.o.h.HiveMQPlatformReconcilerErrorHandler - [helmvolu] Pod 'test-hivemq-platform-1' phase Running
2025-01-29 13:43:29,384 INFO c.h.h.t.HelmChartContainer - [hivemq-test-hivemq-platform] [hivemq-platform-operator] [7b38861f] 13:43:29.383 [ReconcilerExecutor-hivemq-controller-87] DEBUG c.h.p.o.h.HiveMQPlatformReconcilerErrorHandler - [helmvolu] Pod 'test-hivemq-platform-0' phase Running
2025-01-29 13:43:29,384 INFO c.h.h.t.HelmChartContainer - [hivemq-test-hivemq-platform] [hivemq-platform-operator] [7b38861f] 13:43:29.383 [ReconcilerExecutor-hivemq-controller-87] DEBUG c.h.p.o.h.HiveMQPlatformReconcilerRollingRestartHandler - [helmvolu] Rolling restart is waiting for 2 of 3 replicas
2025-01-29 13:43:29,399 INFO c.h.h.t.HelmChartContainer - [test-hivemq-platform] [hivemq] [e28f334e] WARN  - [HiveMQ Platform Operator Init App 1.7.0-SNAPSHOT] Cannot connect to Health API for readiness: null
2025-01-29 13:43:29,404 INFO c.h.h.t.HelmChartContainer - [EVENT] Warning [Unhealthy] Readiness probe failed: HTTP probe failed with statuscode: 503 [helmvolumeclaimtemplatesit:test-hivemq-platform-1]
2025-01-29 13:43:29,404 INFO c.h.h.t.HelmChartContainer - Received Unhealthy event for container hivemq in pod test-hivemq-platform-1 [e28f334e-37be-420b-a950-ad48f3238b99]
2025-01-29 13:43:30,272 INFO c.h.h.t.HelmChartContainer - [test-hivemq-platform] [hivemq] [e28f334e] INFO  - Audit Logger started.
2025-01-29 13:43:30,520 INFO c.h.h.t.HelmChartContainer - [test-hivemq-platform] [hivemq] [e28f334e] INFO  - This node uses '1' CPU cores.
2025-01-29 13:43:30,526 INFO c.h.h.t.HelmChartContainer - [test-hivemq-platform] [hivemq] [e28f334e] INFO  - Starting HiveMQ Health API on address 0.0.0.0 and port 8889
2025-01-29 13:43:31,398 INFO c.h.h.t.HelmChartContainer - [test-hivemq-platform] [hivemq] [e28f334e] INFO  - Started HiveMQ Health API in 870ms
2025-01-29 13:43:32,192 INFO c.h.h.t.HelmChartContainer - [test-hivemq-platform] [hivemq] [e28f334e] INFO  - Starting HiveMQ extension system.
2025-01-29 13:43:32,394 INFO c.h.h.t.HelmChartContainer - [test-hivemq-platform] [hivemq] [e28f334e] INFO  - Starting extension with id "hivemq-dns-cluster-discovery" at /opt/hivemq/extensions/hivemq-dns-cluster-discovery
2025-01-29 13:43:32,897 INFO c.h.h.t.HelmChartContainer - [test-hivemq-platform] [hivemq] [e28f334e] INFO  - Extension "DNS Cluster Discovery Extension" version 4.3.2 started successfully.
2025-01-29 13:43:32,897 INFO c.h.h.t.HelmChartContainer - [test-hivemq-platform] [hivemq] [e28f334e] INFO  - Starting extension with id "hivemq-prometheus-extension" at /opt/hivemq/extensions/hivemq-prometheus-extension
2025-01-29 13:43:32,900 INFO c.h.h.t.HelmChartContainer - [test-hivemq-platform] [hivemq] [e28f334e] INFO  - Using TCP cluster transport on address 10.42.0.14 and port 7000
2025-01-29 13:43:32,994 INFO c.h.h.t.HelmChartContainer - [test-hivemq-platform] [hivemq] [e28f334e] INFO  - Using extension cluster discovery
2025-01-29 13:43:33,993 INFO c.h.h.t.HelmChartContainer - [test-hivemq-platform] [hivemq] [e28f334e] INFO  - Started Jetty Server exposing Prometheus Servlet on URI http://0.0.0.0:9399/
2025-01-29 13:43:33,993 INFO c.h.h.t.HelmChartContainer - [test-hivemq-platform] [hivemq] [e28f334e] INFO  - Extension "Prometheus Monitoring Extension" version 4.0.12 started successfully.
2025-01-29 13:43:33,993 INFO c.h.h.t.HelmChartContainer - [test-hivemq-platform] [hivemq] [e28f334e] INFO  - Starting extension with id "hivemq-allow-all-extension" at /opt/hivemq/extensions/hivemq-allow-all-extension
2025-01-29 13:43:33,993 INFO c.h.h.t.HelmChartContainer - [test-hivemq-platform] [hivemq] [e28f334e] WARN  - 
2025-01-29 13:43:33,993 INFO c.h.h.t.HelmChartContainer - [test-hivemq-platform] [hivemq] [e28f334e] ################################################################################################################
2025-01-29 13:43:33,993 INFO c.h.h.t.HelmChartContainer - [test-hivemq-platform] [hivemq] [e28f334e] # This HiveMQ deployment is not secure! You are lacking Authentication and Authorization.                      #
2025-01-29 13:43:33,993 INFO c.h.h.t.HelmChartContainer - [test-hivemq-platform] [hivemq] [e28f334e] # Right now any MQTT client can connect to the broker with a full set of permissions.                          #
2025-01-29 13:43:33,993 INFO c.h.h.t.HelmChartContainer - [test-hivemq-platform] [hivemq] [e28f334e] # For production usage, add an appropriate security extension and remove the hivemq-allow-all extension.       #
2025-01-29 13:43:33,993 INFO c.h.h.t.HelmChartContainer - [test-hivemq-platform] [hivemq] [e28f334e] # You can download security extensions from the HiveMQ Marketplace (https://www.hivemq.com/extensions/).       #
2025-01-29 13:43:33,993 INFO c.h.h.t.HelmChartContainer - [test-hivemq-platform] [hivemq] [e28f334e] ################################################################################################################
2025-01-29 13:43:33,995 INFO c.h.h.t.HelmChartContainer - [test-hivemq-platform] [hivemq] [e28f334e] INFO  - Extension "Allow All Extension" version 1.1.1 started successfully.
2025-01-29 13:43:34,005 INFO c.h.h.t.HelmChartContainer - [test-hivemq-platform] [hivemq] [99c34a2c] INFO  - Cluster nodes found by discovery: [Dp4V6|4] (3) [Dp4V6, Hpx4i, OJ9Q4].
2025-01-29 13:43:34,009 INFO c.h.h.t.HelmChartContainer - [test-hivemq-platform] [hivemq] [c13dbd2e] INFO  - Cluster nodes found by discovery: [Dp4V6|4] (3) [Dp4V6, Hpx4i, OJ9Q4].
2025-01-29 13:43:34,094 INFO c.h.h.t.HelmChartContainer - [test-hivemq-platform] [hivemq] [e28f334e] INFO  - Cluster nodes found by discovery: [Dp4V6|4] (3) [Dp4V6, Hpx4i, OJ9Q4].
2025-01-29 13:43:34,202 INFO c.h.h.t.HelmChartContainer - [test-hivemq-platform] [hivemq] [e28f334e] INFO  - Cluster size = 1, members : [Dp4V6].
2025-01-29 13:43:34,291 INFO c.h.h.t.HelmChartContainer - [test-hivemq-platform] [hivemq] [e28f334e] INFO  - Cluster size = 2, members : [Dp4V6, Hpx4i].
2025-01-29 13:43:34,800 INFO c.h.h.t.HelmChartContainer - [test-hivemq-platform] [hivemq] [e28f334e] INFO  - Starting cluster join process. This may take a while. Please do not shut down HiveMQ.
2025-01-29 13:43:34,873 INFO c.h.h.t.HelmChartContainer - [test-hivemq-platform] [hivemq] [e28f334e] INFO  - Cluster join process is still ongoing. Please do not shut down HiveMQ.
2025-01-29 13:43:35,363 INFO c.h.h.t.HelmChartContainer - [EVENT] Warning [Unhealthy] Readiness probe failed: Get "http://10.42.0.14:7979/readiness": context deadline exceeded (Client.Timeout exceeded while awaiting headers) [helmvolumeclaimtemplatesit:test-hivemq-platform-1]
2025-01-29 13:43:35,364 INFO c.h.h.t.HelmChartContainer - Received Unhealthy event for container hivemq in pod test-hivemq-platform-1 [e28f334e-37be-420b-a950-ad48f3238b99]
2025-01-29 13:43:35,405 INFO c.h.h.t.HelmChartContainer - [test-hivemq-platform] [hivemq] [e28f334e] INFO  - [HiveMQ Platform Operator Init App 1.7.0-SNAPSHOT] Returning Health API response 503 for readiness
2025-01-29 13:43:36,809 INFO c.h.h.t.HelmChartContainer - [test-hivemq-platform] [hivemq] [99c34a2c] INFO  - Cluster size = 3, members : [Dp4V6, OJ9Q4, Hpx4i].
2025-01-29 13:43:36,815 INFO c.h.h.t.HelmChartContainer - [test-hivemq-platform] [hivemq] [c13dbd2e] INFO  - Cluster size = 3, members : [Dp4V6, OJ9Q4, Hpx4i].
2025-01-29 13:43:36,828 INFO c.h.h.t.HelmChartContainer - [test-hivemq-platform] [hivemq] [e28f334e] INFO  - Cluster size = 3, members : [Dp4V6, OJ9Q4, Hpx4i].
2025-01-29 13:43:36,833 INFO c.h.h.t.HelmChartContainer - [test-hivemq-platform] [hivemq] [e28f334e] INFO  - Finished cluster join process successfully.
2025-01-29 13:43:36,835 INFO c.h.h.t.HelmChartContainer - [test-hivemq-platform] [hivemq] [e28f334e] WARN  - No user for HiveMQ Control Center configured. Starting with default user
2025-01-29 13:43:36,835 INFO c.h.h.t.HelmChartContainer - [test-hivemq-platform] [hivemq] [e28f334e] INFO  - Starting HiveMQ Control Center on address 0.0.0.0 and port 8080
2025-01-29 13:43:36,838 INFO c.h.h.t.HelmChartContainer - [test-hivemq-platform] [hivemq] [e28f334e] INFO  - Mounting HiveMQ Control Center V2 Preview
2025-01-29 13:43:37,493 INFO c.h.h.t.HelmChartContainer - [test-hivemq-platform] [hivemq] [e28f334e] INFO  - Started HiveMQ Control Center in 658ms
2025-01-29 13:43:37,508 INFO c.h.h.t.HelmChartContainer - [test-hivemq-platform] [hivemq] [e28f334e] INFO  - Starting TCP listener on address 0.0.0.0 and port 1884
2025-01-29 13:43:37,601 INFO c.h.h.t.HelmChartContainer - [test-hivemq-platform] [hivemq] [e28f334e] INFO  - Started TCP Listener on address 0.0.0.0 and on port 1884.
2025-01-29 13:43:37,602 INFO c.h.h.t.HelmChartContainer - [test-hivemq-platform] [hivemq] [e28f334e] INFO  - Started HiveMQ in 27998ms
2025-01-29 13:43:39,321 INFO c.h.h.t.HelmChartContainer - [test-hivemq-platform] [hivemq] [e28f334e] INFO  - [HiveMQ Platform Operator Init App 1.7.0-SNAPSHOT] Returning Health API response 200 for readiness
2025-01-29 13:43:39,337 INFO c.h.h.t.HelmChartContainer - [POD] test-hivemq-platform-1 [e28f334e-37be-420b-a950-ad48f3238b99] in helmvolumeclaimtemplatesit was MODIFIED
2025-01-29 13:43:39,343 INFO c.h.h.t.HelmChartContainer - [hivemq-test-hivemq-platform] [hivemq-platform-operator] [7b38861f] 13:43:39.341 [pool-6-thread-49] DEBUG c.h.p.o.d.PlatformServiceResource - [helmvolu] Desired Platform services (3 services)
2025-01-29 13:43:39,345 INFO c.h.h.t.HelmChartContainer - [hivemq-test-hivemq-platform] [hivemq-platform-operator] [7b38861f] 13:43:39.342 [pool-6-thread-41] DEBUG c.h.p.o.dependants.PodInfoConfigMap - [helmvolu] Desired PodInfo ConfigMap (1 extensions) (1 enabled)
2025-01-29 13:43:39,345 INFO c.h.h.t.HelmChartContainer - [hivemq-test-hivemq-platform] [hivemq-platform-operator] [7b38861f] 13:43:39.342 [pool-6-thread-41] DEBUG c.h.p.o.dependants.PodInfoConfigMap - [helmvolu] Desired PodInfo ConfigMap (metrics port: 9399) (metrics path: /)
2025-01-29 13:43:39,345 INFO c.h.h.t.HelmChartContainer - [hivemq-test-hivemq-platform] [hivemq-platform-operator] [7b38861f] 13:43:39.342 [pool-6-thread-41] DEBUG c.h.p.o.dependants.PodInfoConfigMap - [helmvolu] Desired PodInfo ConfigMap (extension state hash: -1817474005)
2025-01-29 13:43:39,351 INFO c.h.h.t.HelmChartContainer - [hivemq-test-hivemq-platform] [hivemq-platform-operator] [7b38861f] 13:43:39.344 [pool-6-thread-42] DEBUG c.h.p.o.d.PodServiceAccountResource - [helmvolu] Desired PodServiceAccountResource (serviceAccountName: hivemq-platform-pod-test-hivemq-platform)
2025-01-29 13:43:39,359 INFO c.h.h.t.HelmChartContainer - [hivemq-test-hivemq-platform] [hivemq-platform-operator] [7b38861f] 13:43:39.358 [pool-6-thread-47] DEBUG c.h.p.o.d.StatefulSetResource - [helmvolu] Desired StatefulSet (3 replicas) for status ROLLING_RESTART (RESTART_PODS_IN_PROGRESS)
2025-01-29 13:43:39,363 INFO c.h.h.t.HelmChartContainer - [hivemq-test-hivemq-platform] [hivemq-platform-operator] [7b38861f] 13:43:39.362 [ReconcilerExecutor-hivemq-controller-98] INFO  c.h.p.o.HiveMQPlatformReconciler - [helmvolu] Reconciling HiveMQ Platform 'test-hivemq-platform' in namespace 'helmvolumeclaimtemplatesit'
2025-01-29 13:43:39,364 INFO c.h.h.t.HelmChartContainer - [hivemq-test-hivemq-platform] [hivemq-platform-operator] [7b38861f] 13:43:39.362 [ReconcilerExecutor-hivemq-controller-98] DEBUG c.h.p.o.HiveMQPlatformReconciler - [helmvolu] Custom Resource Status ROLLING_RESTART - HiveMQ Platform is restarting Pods (rolling restart) (RESTART_PODS_IN_PROGRESS)
2025-01-29 13:43:39,364 INFO c.h.h.t.HelmChartContainer - [hivemq-test-hivemq-platform] [hivemq-platform-operator] [7b38861f] 13:43:39.362 [ReconcilerExecutor-hivemq-controller-98] DEBUG c.h.p.o.HiveMQPlatformReconciler - [helmvolu] Custom Resource Spec (replicas: 2) (extensions: 1)
2025-01-29 13:43:39,365 INFO c.h.h.t.HelmChartContainer - [hivemq-test-hivemq-platform] [hivemq-platform-operator] [7b38861f] 13:43:39.365 [ReconcilerExecutor-hivemq-controller-98] DEBUG c.h.p.o.HiveMQPlatformReconciler - [helmvolu] StatefulSet Status (revision: test-hivemq-platform-59475f86c9, replicas: 3, available: 3, ready: 3, current: 1, updated: 2)
2025-01-29 13:43:39,365 INFO c.h.h.t.HelmChartContainer - [hivemq-test-hivemq-platform] [hivemq-platform-operator] [7b38861f] 13:43:39.365 [ReconcilerExecutor-hivemq-controller-98] DEBUG c.h.p.o.HiveMQPlatformReconciler - [helmvolu] StatefulSet Spec (replicas: 3, init containers: 1, containers: 1, volumes: 4)
2025-01-29 13:43:39,369 INFO c.h.h.t.HelmChartContainer - [hivemq-test-hivemq-platform] [hivemq-platform-operator] [7b38861f] 13:43:39.366 [ReconcilerExecutor-hivemq-controller-98] DEBUG c.h.p.o.h.HiveMQPlatformReconcilerErrorHandler - [helmvolu] Pod 'test-hivemq-platform-2' phase Running
2025-01-29 13:43:39,369 INFO c.h.h.t.HelmChartContainer - [hivemq-test-hivemq-platform] [hivemq-platform-operator] [7b38861f] 13:43:39.367 [ReconcilerExecutor-hivemq-controller-98] DEBUG c.h.p.o.h.HiveMQPlatformReconcilerErrorHandler - [helmvolu] Pod 'test-hivemq-platform-1' phase Running
2025-01-29 13:43:39,372 INFO c.h.h.t.HelmChartContainer - [hivemq-test-hivemq-platform] [hivemq-platform-operator] [7b38861f] 13:43:39.369 [ReconcilerExecutor-hivemq-controller-98] DEBUG c.h.p.o.h.HiveMQPlatformReconcilerErrorHandler - [helmvolu] Pod 'test-hivemq-platform-0' phase Running
2025-01-29 13:43:39,445 INFO c.h.h.t.HelmChartContainer - [hivemq-test-hivemq-platform] [hivemq-platform-operator] [7b38861f] 13:43:39.443 [ReconcilerExecutor-hivemq-controller-98] DEBUG c.h.p.o.h.HiveMQPlatformReconcilerRollingRestartHandler - [helmvolu] Skipping Pod test-hivemq-platform-2 as it's already on the controller update revision (update revision: test-hivemq-platform-59475f86c9, pod revision: test-hivemq-platform-59475f86c9)
2025-01-29 13:43:39,459 INFO c.h.h.t.HelmChartContainer - [hivemq-test-hivemq-platform] [hivemq-platform-operator] [7b38861f] 13:43:39.458 [ReconcilerExecutor-hivemq-controller-98] DEBUG c.h.p.o.h.HiveMQPlatformReconcilerRollingRestartHandler - [helmvolu] Skipping Pod test-hivemq-platform-1 as it's already on the controller update revision (update revision: test-hivemq-platform-59475f86c9, pod revision: test-hivemq-platform-59475f86c9)
2025-01-29 13:43:39,470 INFO c.h.h.t.HelmChartContainer - [hivemq-test-hivemq-platform] [hivemq-platform-operator] [7b38861f] 13:43:39.469 [ReconcilerExecutor-hivemq-controller-98] DEBUG c.h.p.o.h.HiveMQPlatformReconcilerRollingRestartHandler - [helmvolu] The last Pod is running for 54 seconds, the next Pod can be restarted
2025-01-29 13:43:39,470 INFO c.h.h.t.HelmChartContainer - [hivemq-test-hivemq-platform] [hivemq-platform-operator] [7b38861f] 13:43:39.469 [ReconcilerExecutor-hivemq-controller-98] INFO  c.h.p.o.h.HiveMQPlatformReconcilerRollingRestartHandler - [helmvolu] Restarting Pod test-hivemq-platform-0 as it's not matching the controller update revision (update revision: test-hivemq-platform-59475f86c9, pod revision: test-hivemq-platform-6c7bb94cbd)
2025-01-29 13:43:39,549 INFO c.h.h.t.HelmChartContainer - [POD] test-hivemq-platform-0 [99c34a2c-b495-46b7-b7ca-fc9029b09f09] in helmvolumeclaimtemplatesit was MODIFIED
2025-01-29 13:43:39,561 INFO c.h.h.t.HelmChartContainer - [test-hivemq-platform] [hivemq] [99c34a2c] INFO  - [HiveMQ Platform Operator Init App 1.7.0-SNAPSHOT] Shutting down
2025-01-29 13:43:39,561 INFO c.h.h.t.HelmChartContainer - [test-hivemq-platform] [hivemq] [99c34a2c] INFO  - [HiveMQ Platform Operator Init App 1.7.0-SNAPSHOT] Stopping the HiveMQ Platform
2025-01-29 13:43:39,564 INFO c.h.h.t.HelmChartContainer - [EVENT] Normal [Killing] Stopping container hivemq [helmvolumeclaimtemplatesit:test-hivemq-platform-0]
2025-01-29 13:43:39,564 INFO c.h.h.t.HelmChartContainer - Received Killing event for container hivemq in pod test-hivemq-platform-0 [99c34a2c-b495-46b7-b7ca-fc9029b09f09]
2025-01-29 13:43:39,564 INFO c.h.h.t.HelmChartContainer - Container [test-hivemq-platform-0] [hivemq] [99c34a2c-b495-46b7-b7ca-fc9029b09f09] was terminated
2025-01-29 13:43:39,564 INFO c.h.h.t.HelmChartContainer - Stopped log watcher for hivemq in pod test-hivemq-platform-0 [99c34a2c-b495-46b7-b7ca-fc9029b09f09]
2025-01-29 13:43:39,571 INFO c.h.h.t.HelmChartContainer - [hivemq-test-hivemq-platform] [hivemq-platform-operator] [7b38861f] 13:43:39.568 [pool-6-thread-6] DEBUG c.h.p.o.d.PlatformServiceResource - [helmvolu] Desired Platform services (3 services)
2025-01-29 13:43:39,571 INFO c.h.h.t.HelmChartContainer - [hivemq-test-hivemq-platform] [hivemq-platform-operator] [7b38861f] 13:43:39.568 [pool-6-thread-2] DEBUG c.h.p.o.d.PodServiceAccountResource - [helmvolu] Desired PodServiceAccountResource (serviceAccountName: hivemq-platform-pod-test-hivemq-platform)
2025-01-29 13:43:39,575 INFO c.h.h.t.HelmChartContainer - [hivemq-test-hivemq-platform] [hivemq-platform-operator] [7b38861f] 13:43:39.574 [pool-6-thread-1] DEBUG c.h.p.o.dependants.PodInfoConfigMap - [helmvolu] Desired PodInfo ConfigMap (1 extensions) (1 enabled)
2025-01-29 13:43:39,575 INFO c.h.h.t.HelmChartContainer - [hivemq-test-hivemq-platform] [hivemq-platform-operator] [7b38861f] 13:43:39.574 [pool-6-thread-1] DEBUG c.h.p.o.dependants.PodInfoConfigMap - [helmvolu] Desired PodInfo ConfigMap (metrics port: 9399) (metrics path: /)
2025-01-29 13:43:39,575 INFO c.h.h.t.HelmChartContainer - [hivemq-test-hivemq-platform] [hivemq-platform-operator] [7b38861f] 13:43:39.574 [pool-6-thread-1] DEBUG c.h.p.o.dependants.PodInfoConfigMap - [helmvolu] Desired PodInfo ConfigMap (extension state hash: -1817474005)
2025-01-29 13:43:39,644 INFO c.h.h.t.HelmChartContainer - [hivemq-test-hivemq-platform] [hivemq-platform-operator] [7b38861f] 13:43:39.640 [pool-6-thread-1] DEBUG c.h.p.o.d.StatefulSetResource - [helmvolu] Desired StatefulSet (3 replicas) for status ROLLING_RESTART (RESTART_PODS_IN_PROGRESS)
2025-01-29 13:43:39,645 INFO c.h.h.t.HelmChartContainer - [hivemq-test-hivemq-platform] [hivemq-platform-operator] [7b38861f] 13:43:39.643 [ReconcilerExecutor-hivemq-controller-98] INFO  c.h.p.o.HiveMQPlatformReconciler - [helmvolu] Reconciling HiveMQ Platform 'test-hivemq-platform' in namespace 'helmvolumeclaimtemplatesit'
2025-01-29 13:43:39,645 INFO c.h.h.t.HelmChartContainer - [hivemq-test-hivemq-platform] [hivemq-platform-operator] [7b38861f] 13:43:39.643 [ReconcilerExecutor-hivemq-controller-98] DEBUG c.h.p.o.HiveMQPlatformReconciler - [helmvolu] Custom Resource Status ROLLING_RESTART - HiveMQ Platform is restarting Pods (rolling restart) (RESTART_PODS_IN_PROGRESS)
2025-01-29 13:43:39,645 INFO c.h.h.t.HelmChartContainer - [hivemq-test-hivemq-platform] [hivemq-platform-operator] [7b38861f] 13:43:39.643 [ReconcilerExecutor-hivemq-controller-98] DEBUG c.h.p.o.HiveMQPlatformReconciler - [helmvolu] Custom Resource Spec (replicas: 2) (extensions: 1)
2025-01-29 13:43:39,646 INFO c.h.h.t.HelmChartContainer - [hivemq-test-hivemq-platform] [hivemq-platform-operator] [7b38861f] 13:43:39.645 [ReconcilerExecutor-hivemq-controller-98] DEBUG c.h.p.o.HiveMQPlatformReconciler - [helmvolu] StatefulSet Status (revision: test-hivemq-platform-59475f86c9, replicas: 3, available: 3, ready: 3, current: 0, updated: 2)
2025-01-29 13:43:39,647 INFO c.h.h.t.HelmChartContainer - [hivemq-test-hivemq-platform] [hivemq-platform-operator] [7b38861f] 13:43:39.645 [ReconcilerExecutor-hivemq-controller-98] DEBUG c.h.p.o.HiveMQPlatformReconciler - [helmvolu] StatefulSet Spec (replicas: 3, init containers: 1, containers: 1, volumes: 4)
2025-01-29 13:43:39,648 INFO c.h.h.t.HelmChartContainer - [hivemq-test-hivemq-platform] [hivemq-platform-operator] [7b38861f] 13:43:39.647 [ReconcilerExecutor-hivemq-controller-98] DEBUG c.h.p.o.h.HiveMQPlatformReconcilerErrorHandler - [helmvolu] Pod 'test-hivemq-platform-2' phase Running
2025-01-29 13:43:39,660 INFO c.h.h.t.HelmChartContainer - [hivemq-test-hivemq-platform] [hivemq-platform-operator] [7b38861f] 13:43:39.659 [ReconcilerExecutor-hivemq-controller-98] DEBUG c.h.p.o.h.HiveMQPlatformReconcilerErrorHandler - [helmvolu] Pod 'test-hivemq-platform-1' phase Running
2025-01-29 13:43:39,665 INFO c.h.h.t.HelmChartContainer - [hivemq-test-hivemq-platform] [hivemq-platform-operator] [7b38861f] 13:43:39.664 [ReconcilerExecutor-hivemq-controller-98] DEBUG c.h.p.o.h.HiveMQPlatformReconcilerErrorHandler - [helmvolu] Pod 'test-hivemq-platform-0' phase Running
2025-01-29 13:43:39,672 INFO c.h.h.t.HelmChartContainer - [hivemq-test-hivemq-platform] [hivemq-platform-operator] [7b38861f] 13:43:39.671 [ReconcilerExecutor-hivemq-controller-98] DEBUG c.h.p.o.h.HiveMQPlatformReconcilerRollingRestartHandler - [helmvolu] Skipping Pod test-hivemq-platform-2 as it's already on the controller update revision (update revision: test-hivemq-platform-59475f86c9, pod revision: test-hivemq-platform-59475f86c9)
2025-01-29 13:43:39,686 INFO c.h.h.t.HelmChartContainer - [test-hivemq-platform] [hivemq] [99c34a2c] INFO  - Shutting down HiveMQ. Please wait, this could take a while...
2025-01-29 13:43:39,690 INFO c.h.h.t.HelmChartContainer - [test-hivemq-platform] [hivemq] [99c34a2c] INFO  - Shutting down listeners and clients
2025-01-29 13:43:39,722 INFO c.h.h.t.HelmChartContainer - [test-hivemq-platform] [hivemq] [99c34a2c] INFO  - Shutdown of listeners is done
2025-01-29 13:43:39,722 INFO c.h.h.t.HelmChartContainer - [test-hivemq-platform] [hivemq] [99c34a2c] INFO  - No clients are connected, proceeding with shutdown
2025-01-29 13:43:39,745 INFO c.h.h.t.HelmChartContainer - [hivemq-test-hivemq-platform] [hivemq-platform-operator] [7b38861f] 13:43:39.744 [ReconcilerExecutor-hivemq-controller-98] DEBUG c.h.p.o.h.HiveMQPlatformReconcilerRollingRestartHandler - [helmvolu] Skipping Pod test-hivemq-platform-1 as it's already on the controller update revision (update revision: test-hivemq-platform-59475f86c9, pod revision: test-hivemq-platform-59475f86c9)
2025-01-29 13:43:39,765 INFO c.h.h.t.HelmChartContainer - [hivemq-test-hivemq-platform] [hivemq-platform-operator] [7b38861f] 13:43:39.764 [ReconcilerExecutor-hivemq-controller-98] DEBUG c.h.p.o.h.HiveMQPlatformReconcilerRollingRestartHandler - [helmvolu] The last Pod is running for 54 seconds, the next Pod can be restarted
2025-01-29 13:43:39,765 INFO c.h.h.t.HelmChartContainer - [hivemq-test-hivemq-platform] [hivemq-platform-operator] [7b38861f] 13:43:39.764 [ReconcilerExecutor-hivemq-controller-98] INFO  c.h.p.o.h.HiveMQPlatformReconcilerRollingRestartHandler - [helmvolu] Restarting Pod test-hivemq-platform-0 as it's not matching the controller update revision (update revision: test-hivemq-platform-59475f86c9, pod revision: test-hivemq-platform-6c7bb94cbd)
2025-01-29 13:43:39,772 INFO c.h.h.t.HelmChartContainer - [hivemq-test-hivemq-platform] [hivemq-platform-operator] [7b38861f] 13:43:39.771 [pool-6-thread-17] DEBUG c.h.p.o.d.PlatformServiceResource - [helmvolu] Desired Platform services (3 services)
2025-01-29 13:43:39,841 INFO c.h.h.t.HelmChartContainer - [hivemq-test-hivemq-platform] [hivemq-platform-operator] [7b38861f] 13:43:39.839 [pool-6-thread-19] DEBUG c.h.p.o.dependants.PodInfoConfigMap - [helmvolu] Desired PodInfo ConfigMap (1 extensions) (1 enabled)
2025-01-29 13:43:39,841 INFO c.h.h.t.HelmChartContainer - [hivemq-test-hivemq-platform] [hivemq-platform-operator] [7b38861f] 13:43:39.839 [pool-6-thread-19] DEBUG c.h.p.o.dependants.PodInfoConfigMap - [helmvolu] Desired PodInfo ConfigMap (metrics port: 9399) (metrics path: /)
2025-01-29 13:43:39,841 INFO c.h.h.t.HelmChartContainer - [hivemq-test-hivemq-platform] [hivemq-platform-operator] [7b38861f] 13:43:39.839 [pool-6-thread-19] DEBUG c.h.p.o.dependants.PodInfoConfigMap - [helmvolu] Desired PodInfo ConfigMap (extension state hash: -1817474005)
2025-01-29 13:43:39,842 INFO c.h.h.t.HelmChartContainer - [hivemq-test-hivemq-platform] [hivemq-platform-operator] [7b38861f] 13:43:39.841 [pool-6-thread-18] DEBUG c.h.p.o.d.PodServiceAccountResource - [helmvolu] Desired PodServiceAccountResource (serviceAccountName: hivemq-platform-pod-test-hivemq-platform)
2025-01-29 13:43:39,843 INFO c.h.h.t.HelmChartContainer - [hivemq-test-hivemq-platform] [hivemq-platform-operator] [7b38861f] 13:43:39.842 [pool-6-thread-19] DEBUG c.h.p.o.d.StatefulSetResource - [helmvolu] Desired StatefulSet (3 replicas) for status ROLLING_RESTART (RESTART_PODS_IN_PROGRESS)
2025-01-29 13:43:39,860 INFO c.h.h.t.HelmChartContainer - [hivemq-test-hivemq-platform] [hivemq-platform-operator] [7b38861f] 13:43:39.858 [ReconcilerExecutor-hivemq-controller-98] INFO  c.h.p.o.HiveMQPlatformReconciler - [helmvolu] Reconciling HiveMQ Platform 'test-hivemq-platform' in namespace 'helmvolumeclaimtemplatesit'
2025-01-29 13:43:39,861 INFO c.h.h.t.HelmChartContainer - [hivemq-test-hivemq-platform] [hivemq-platform-operator] [7b38861f] 13:43:39.858 [ReconcilerExecutor-hivemq-controller-98] DEBUG c.h.p.o.HiveMQPlatformReconciler - [helmvolu] Custom Resource Status ROLLING_RESTART - HiveMQ Platform is restarting Pods (rolling restart) (RESTART_PODS_IN_PROGRESS)
2025-01-29 13:43:39,861 INFO c.h.h.t.HelmChartContainer - [hivemq-test-hivemq-platform] [hivemq-platform-operator] [7b38861f] 13:43:39.858 [ReconcilerExecutor-hivemq-controller-98] DEBUG c.h.p.o.HiveMQPlatformReconciler - [helmvolu] Custom Resource Spec (replicas: 2) (extensions: 1)
2025-01-29 13:43:39,861 INFO c.h.h.t.HelmChartContainer - [hivemq-test-hivemq-platform] [hivemq-platform-operator] [7b38861f] 13:43:39.860 [ReconcilerExecutor-hivemq-controller-98] DEBUG c.h.p.o.HiveMQPlatformReconciler - [helmvolu] StatefulSet Status (revision: test-hivemq-platform-59475f86c9, replicas: 3, available: 3, ready: 3, current: 0, updated: 2)
2025-01-29 13:43:39,861 INFO c.h.h.t.HelmChartContainer - [hivemq-test-hivemq-platform] [hivemq-platform-operator] [7b38861f] 13:43:39.860 [ReconcilerExecutor-hivemq-controller-98] DEBUG c.h.p.o.HiveMQPlatformReconciler - [helmvolu] StatefulSet Spec (replicas: 3, init containers: 1, containers: 1, volumes: 4)
2025-01-29 13:43:39,864 INFO c.h.h.t.HelmChartContainer - [hivemq-test-hivemq-platform] [hivemq-platform-operator] [7b38861f] 13:43:39.862 [ReconcilerExecutor-hivemq-controller-98] DEBUG c.h.p.o.h.HiveMQPlatformReconcilerErrorHandler - [helmvolu] Pod 'test-hivemq-platform-2' phase Running
2025-01-29 13:43:39,864 INFO c.h.h.t.HelmChartContainer - [hivemq-test-hivemq-platform] [hivemq-platform-operator] [7b38861f] 13:43:39.862 [ReconcilerExecutor-hivemq-controller-98] DEBUG c.h.p.o.h.HiveMQPlatformReconcilerErrorHandler - [helmvolu] Pod 'test-hivemq-platform-1' phase Running
2025-01-29 13:43:39,865 INFO c.h.h.t.HelmChartContainer - [hivemq-test-hivemq-platform] [hivemq-platform-operator] [7b38861f] 13:43:39.863 [ReconcilerExecutor-hivemq-controller-98] DEBUG c.h.p.o.h.HiveMQPlatformReconcilerErrorHandler - [helmvolu] Pod 'test-hivemq-platform-0' phase Running
2025-01-29 13:43:39,870 INFO c.h.h.t.HelmChartContainer - [hivemq-test-hivemq-platform] [hivemq-platform-operator] [7b38861f] 13:43:39.869 [ReconcilerExecutor-hivemq-controller-98] DEBUG c.h.p.o.h.HiveMQPlatformReconcilerRollingRestartHandler - [helmvolu] Skipping Pod test-hivemq-platform-2 as it's already on the controller update revision (update revision: test-hivemq-platform-59475f86c9, pod revision: test-hivemq-platform-59475f86c9)
2025-01-29 13:43:39,944 INFO c.h.h.t.HelmChartContainer - [hivemq-test-hivemq-platform] [hivemq-platform-operator] [7b38861f] 13:43:39.943 [ReconcilerExecutor-hivemq-controller-98] DEBUG c.h.p.o.h.HiveMQPlatformReconcilerRollingRestartHandler - [helmvolu] Skipping Pod test-hivemq-platform-1 as it's already on the controller update revision (update revision: test-hivemq-platform-59475f86c9, pod revision: test-hivemq-platform-59475f86c9)
2025-01-29 13:43:39,968 INFO c.h.h.t.HelmChartContainer - [hivemq-test-hivemq-platform] [hivemq-platform-operator] [7b38861f] 13:43:39.967 [ReconcilerExecutor-hivemq-controller-98] DEBUG c.h.p.o.h.HiveMQPlatformReconcilerRollingRestartHandler - [helmvolu] The last Pod is running for 54 seconds, the next Pod can be restarted
2025-01-29 13:43:39,969 INFO c.h.h.t.HelmChartContainer - [hivemq-test-hivemq-platform] [hivemq-platform-operator] [7b38861f] 13:43:39.967 [ReconcilerExecutor-hivemq-controller-98] INFO  c.h.p.o.h.HiveMQPlatformReconcilerRollingRestartHandler - [helmvolu] Restarting Pod test-hivemq-platform-0 as it's not matching the controller update revision (update revision: test-hivemq-platform-59475f86c9, pod revision: test-hivemq-platform-6c7bb94cbd)
2025-01-29 13:43:40,939 INFO c.h.h.t.HelmChartContainer - [test-hivemq-platform] [hivemq] [99c34a2c] INFO  - [HiveMQ Platform Operator Init App 1.7.0-SNAPSHOT] Returning shutdown Health API response 503 for readiness
2025-01-29 13:43:40,943 INFO c.h.h.t.HelmChartContainer - [EVENT] Warning [Unhealthy] Readiness probe failed: HTTP probe failed with statuscode: 503 [helmvolumeclaimtemplatesit:test-hivemq-platform-0]
2025-01-29 13:43:40,943 INFO c.h.h.t.HelmChartContainer - Received Unhealthy event for container hivemq in pod test-hivemq-platform-0 [99c34a2c-b495-46b7-b7ca-fc9029b09f09]
2025-01-29 13:43:42,043 INFO c.h.h.t.HelmChartContainer - [test-hivemq-platform] [hivemq] [99c34a2c] INFO  - Shutting down extension system
2025-01-29 13:43:42,045 INFO c.h.h.t.HelmChartContainer - [test-hivemq-platform] [hivemq] [99c34a2c] INFO  - Stopping extension with id hivemq-dns-cluster-discovery
2025-01-29 13:43:42,045 INFO c.h.h.t.HelmChartContainer - [test-hivemq-platform] [hivemq] [99c34a2c] INFO  - Extension "DNS Cluster Discovery Extension" version 4.3.2 stopped successfully.
2025-01-29 13:43:42,046 INFO c.h.h.t.HelmChartContainer - [test-hivemq-platform] [hivemq] [99c34a2c] INFO  - Stopping extension with id hivemq-prometheus-extension
2025-01-29 13:43:42,050 INFO c.h.h.t.HelmChartContainer - [test-hivemq-platform] [hivemq] [99c34a2c] INFO  - Extension "Prometheus Monitoring Extension" version 4.0.12 stopped successfully.
2025-01-29 13:43:42,050 INFO c.h.h.t.HelmChartContainer - [test-hivemq-platform] [hivemq] [99c34a2c] INFO  - Stopping extension with id hivemq-allow-all-extension
2025-01-29 13:43:42,050 INFO c.h.h.t.HelmChartContainer - [test-hivemq-platform] [hivemq] [99c34a2c] INFO  - Extension "Allow All Extension" version 1.1.1 stopped successfully.
2025-01-29 13:43:42,056 INFO c.h.h.t.HelmChartContainer - [test-hivemq-platform] [hivemq] [c13dbd2e] INFO  - Cluster nodes found by discovery: [Hpx4i|5] (2) [Hpx4i, OJ9Q4].
2025-01-29 13:43:42,059 INFO c.h.h.t.HelmChartContainer - [test-hivemq-platform] [hivemq] [e28f334e] INFO  - Cluster nodes found by discovery: [Hpx4i|5] (2) [Hpx4i, OJ9Q4].
2025-01-29 13:43:42,062 INFO c.h.h.t.HelmChartContainer - [test-hivemq-platform] [hivemq] [c13dbd2e] INFO  - Cluster size = 2, members : [OJ9Q4, Hpx4i].
2025-01-29 13:43:42,063 INFO c.h.h.t.HelmChartContainer - [test-hivemq-platform] [hivemq] [c13dbd2e] INFO  - Starting cluster replication process. This may take a while. Please do not shut down HiveMQ.
2025-01-29 13:43:42,069 INFO c.h.h.t.HelmChartContainer - [test-hivemq-platform] [hivemq] [e28f334e] INFO  - Cluster size = 2, members : [OJ9Q4, Hpx4i].
2025-01-29 13:43:42,077 INFO c.h.h.t.HelmChartContainer - [test-hivemq-platform] [hivemq] [e28f334e] INFO  - Starting cluster replication process. This may take a while. Please do not shut down HiveMQ.
2025-01-29 13:43:42,300 INFO c.h.h.t.HelmChartContainer - [test-hivemq-platform] [hivemq] [c13dbd2e] INFO  - Finished cluster replication successfully in 239 ms.
2025-01-29 13:43:42,379 INFO c.h.h.t.HelmChartContainer - [test-hivemq-platform] [hivemq] [e28f334e] INFO  - Finished cluster replication successfully in 301 ms.
2025-01-29 13:43:44,335 INFO c.h.h.t.HelmChartContainer - [test-hivemq-platform] [hivemq] [99c34a2c] INFO  - Shutdown completed.
2025-01-29 13:43:44,689 INFO c.h.h.t.HelmChartContainer - [test-hivemq-platform] [hivemq] [99c34a2c] INFO  - [HiveMQ Platform Operator Init App 1.7.0-SNAPSHOT] The HiveMQ Platform exited with code 143
2025-01-29 13:43:44,689 INFO c.h.h.t.HelmChartContainer - [test-hivemq-platform] [hivemq] [99c34a2c] INFO  - [HiveMQ Platform Operator Init App 1.7.0-SNAPSHOT] Stopping the REST API
2025-01-29 13:43:44,721 INFO c.h.h.t.HelmChartContainer - [test-hivemq-platform] [hivemq] [99c34a2c] INFO  - [HiveMQ Platform Operator Init App 1.7.0-SNAPSHOT] Shutdown complete
2025-01-29 13:43:45,158 INFO c.h.h.t.HelmChartContainer - [POD] test-hivemq-platform-0 [99c34a2c-b495-46b7-b7ca-fc9029b09f09] in helmvolumeclaimtemplatesit was MODIFIED
2025-01-29 13:43:45,164 INFO c.h.h.t.HelmChartContainer - [hivemq-test-hivemq-platform] [hivemq-platform-operator] [7b38861f] 13:43:45.158 [pool-6-thread-24] DEBUG c.h.p.o.d.PlatformServiceResource - [helmvolu] Desired Platform services (3 services)
2025-01-29 13:43:45,164 INFO c.h.h.t.HelmChartContainer - [hivemq-test-hivemq-platform] [hivemq-platform-operator] [7b38861f] 13:43:45.158 [pool-6-thread-25] DEBUG c.h.p.o.dependants.PodInfoConfigMap - [helmvolu] Desired PodInfo ConfigMap (1 extensions) (1 enabled)
2025-01-29 13:43:45,164 INFO c.h.h.t.HelmChartContainer - [hivemq-test-hivemq-platform] [hivemq-platform-operator] [7b38861f] 13:43:45.161 [pool-6-thread-25] DEBUG c.h.p.o.dependants.PodInfoConfigMap - [helmvolu] Desired PodInfo ConfigMap (metrics port: 9399) (metrics path: /)
2025-01-29 13:43:45,164 INFO c.h.h.t.HelmChartContainer - [hivemq-test-hivemq-platform] [hivemq-platform-operator] [7b38861f] 13:43:45.161 [pool-6-thread-25] DEBUG c.h.p.o.dependants.PodInfoConfigMap - [helmvolu] Desired PodInfo ConfigMap (extension state hash: -1817474005)
2025-01-29 13:43:45,166 INFO c.h.h.t.HelmChartContainer - [hivemq-test-hivemq-platform] [hivemq-platform-operator] [7b38861f] 13:43:45.160 [pool-6-thread-21] DEBUG c.h.p.o.d.PodServiceAccountResource - [helmvolu] Desired PodServiceAccountResource (serviceAccountName: hivemq-platform-pod-test-hivemq-platform)
2025-01-29 13:43:45,167 INFO c.h.h.t.HelmChartContainer - [hivemq-test-hivemq-platform] [hivemq-platform-operator] [7b38861f] 13:43:45.165 [pool-6-thread-24] DEBUG c.h.p.o.d.StatefulSetResource - [helmvolu] Desired StatefulSet (3 replicas) for status ROLLING_RESTART (RESTART_PODS_IN_PROGRESS)
2025-01-29 13:43:45,173 INFO c.h.h.t.HelmChartContainer - [hivemq-test-hivemq-platform] [hivemq-platform-operator] [7b38861f] 13:43:45.168 [ReconcilerExecutor-hivemq-controller-111] INFO  c.h.p.o.HiveMQPlatformReconciler - [helmvolu] Reconciling HiveMQ Platform 'test-hivemq-platform' in namespace 'helmvolumeclaimtemplatesit'
2025-01-29 13:43:45,173 INFO c.h.h.t.HelmChartContainer - [hivemq-test-hivemq-platform] [hivemq-platform-operator] [7b38861f] 13:43:45.168 [ReconcilerExecutor-hivemq-controller-111] DEBUG c.h.p.o.HiveMQPlatformReconciler - [helmvolu] Custom Resource Status ROLLING_RESTART - HiveMQ Platform is restarting Pods (rolling restart) (RESTART_PODS_IN_PROGRESS)
2025-01-29 13:43:45,173 INFO c.h.h.t.HelmChartContainer - [hivemq-test-hivemq-platform] [hivemq-platform-operator] [7b38861f] 13:43:45.168 [ReconcilerExecutor-hivemq-controller-111] DEBUG c.h.p.o.HiveMQPlatformReconciler - [helmvolu] Custom Resource Spec (replicas: 2) (extensions: 1)
2025-01-29 13:43:45,173 INFO c.h.h.t.HelmChartContainer - [hivemq-test-hivemq-platform] [hivemq-platform-operator] [7b38861f] 13:43:45.169 [ReconcilerExecutor-hivemq-controller-111] DEBUG c.h.p.o.HiveMQPlatformReconciler - [helmvolu] StatefulSet Status (revision: test-hivemq-platform-59475f86c9, replicas: 3, available: 3, ready: 3, current: 0, updated: 2)
2025-01-29 13:43:45,173 INFO c.h.h.t.HelmChartContainer - [hivemq-test-hivemq-platform] [hivemq-platform-operator] [7b38861f] 13:43:45.169 [ReconcilerExecutor-hivemq-controller-111] DEBUG c.h.p.o.HiveMQPlatformReconciler - [helmvolu] StatefulSet Spec (replicas: 3, init containers: 1, containers: 1, volumes: 4)
2025-01-29 13:43:45,173 INFO c.h.h.t.HelmChartContainer - [hivemq-test-hivemq-platform] [hivemq-platform-operator] [7b38861f] 13:43:45.172 [ReconcilerExecutor-hivemq-controller-111] DEBUG c.h.p.o.h.HiveMQPlatformReconcilerErrorHandler - [helmvolu] Pod 'test-hivemq-platform-2' phase Running
2025-01-29 13:43:45,177 INFO c.h.h.t.HelmChartContainer - [hivemq-test-hivemq-platform] [hivemq-platform-operator] [7b38861f] 13:43:45.173 [ReconcilerExecutor-hivemq-controller-111] DEBUG c.h.p.o.h.HiveMQPlatformReconcilerErrorHandler - [helmvolu] Pod 'test-hivemq-platform-1' phase Running
2025-01-29 13:43:45,177 INFO c.h.h.t.HelmChartContainer - [hivemq-test-hivemq-platform] [hivemq-platform-operator] [7b38861f] 13:43:45.174 [ReconcilerExecutor-hivemq-controller-111] DEBUG c.h.p.o.h.HiveMQPlatformReconcilerErrorHandler - [helmvolu] Pod 'test-hivemq-platform-0' phase Failed
2025-01-29 13:43:45,177 INFO c.h.h.t.HelmChartContainer - [hivemq-test-hivemq-platform] [hivemq-platform-operator] [7b38861f] 13:43:45.174 [ReconcilerExecutor-hivemq-controller-111] DEBUG c.h.p.o.h.HiveMQPlatformReconcilerErrorHandler - [helmvolu] Pod 'test-hivemq-platform-0' condition 'PodReadyToStartContainers': False
2025-01-29 13:43:45,177 INFO c.h.h.t.HelmChartContainer - [hivemq-test-hivemq-platform] [hivemq-platform-operator] [7b38861f] 13:43:45.174 [ReconcilerExecutor-hivemq-controller-111] DEBUG c.h.p.o.h.HiveMQPlatformReconcilerErrorHandler - [helmvolu] Pod 'test-hivemq-platform-0' condition 'Initialized': True
2025-01-29 13:43:45,177 INFO c.h.h.t.HelmChartContainer - [hivemq-test-hivemq-platform] [hivemq-platform-operator] [7b38861f] 13:43:45.174 [ReconcilerExecutor-hivemq-controller-111] DEBUG c.h.p.o.h.HiveMQPlatformReconcilerErrorHandler - [helmvolu] Pod 'test-hivemq-platform-0' condition 'Ready': False
2025-01-29 13:43:45,177 INFO c.h.h.t.HelmChartContainer - [hivemq-test-hivemq-platform] [hivemq-platform-operator] [7b38861f] 13:43:45.174 [ReconcilerExecutor-hivemq-controller-111] DEBUG c.h.p.o.h.HiveMQPlatformReconcilerErrorHandler - [helmvolu] Pod 'test-hivemq-platform-0' condition 'ContainersReady': False
2025-01-29 13:43:45,177 INFO c.h.h.t.HelmChartContainer - [hivemq-test-hivemq-platform] [hivemq-platform-operator] [7b38861f] 13:43:45.174 [ReconcilerExecutor-hivemq-controller-111] DEBUG c.h.p.o.h.HiveMQPlatformReconcilerErrorHandler - [helmvolu] Pod 'test-hivemq-platform-0' condition 'PodScheduled': True
2025-01-29 13:43:45,177 INFO c.h.h.t.HelmChartContainer - [hivemq-test-hivemq-platform] [hivemq-platform-operator] [7b38861f] 13:43:45.174 [ReconcilerExecutor-hivemq-controller-111] DEBUG c.h.p.o.h.HiveMQPlatformReconcilerErrorHandler - [helmvolu] Pod 'test-hivemq-platform-0' containerStatus 'hivemq' (started: false) (ready: false) (waiting: [Unknown] no message)
2025-01-29 13:43:45,186 INFO c.h.h.t.HelmChartContainer - [hivemq-test-hivemq-platform] [hivemq-platform-operator] [7b38861f] 13:43:45.184 [ReconcilerExecutor-hivemq-controller-111] DEBUG c.h.p.o.h.HiveMQPlatformReconcilerRollingRestartHandler - [helmvolu] Skipping Pod test-hivemq-platform-2 as it's already on the controller update revision (update revision: test-hivemq-platform-59475f86c9, pod revision: test-hivemq-platform-59475f86c9)
2025-01-29 13:43:45,189 INFO c.h.h.t.HelmChartContainer - [hivemq-test-hivemq-platform] [hivemq-platform-operator] [7b38861f] 13:43:45.189 [ReconcilerExecutor-hivemq-controller-111] DEBUG c.h.p.o.h.HiveMQPlatformReconcilerRollingRestartHandler - [helmvolu] Skipping Pod test-hivemq-platform-1 as it's already on the controller update revision (update revision: test-hivemq-platform-59475f86c9, pod revision: test-hivemq-platform-59475f86c9)
2025-01-29 13:43:45,241 INFO c.h.h.t.HelmChartContainer - [hivemq-test-hivemq-platform] [hivemq-platform-operator] [7b38861f] 13:43:45.240 [ReconcilerExecutor-hivemq-controller-111] DEBUG c.h.p.o.h.HiveMQPlatformReconcilerRollingRestartHandler - [helmvolu] The last Pod is running for 60 seconds, the next Pod can be restarted
2025-01-29 13:43:45,241 INFO c.h.h.t.HelmChartContainer - [hivemq-test-hivemq-platform] [hivemq-platform-operator] [7b38861f] 13:43:45.240 [ReconcilerExecutor-hivemq-controller-111] INFO  c.h.p.o.h.HiveMQPlatformReconcilerRollingRestartHandler - [helmvolu] Restarting Pod test-hivemq-platform-0 as it's not matching the controller update revision (update revision: test-hivemq-platform-59475f86c9, pod revision: test-hivemq-platform-6c7bb94cbd)
2025-01-29 13:43:45,260 INFO c.h.h.t.HelmChartContainer - [K3S] [reconciler_common.go:162] "operationExecutor.UnmountVolume started for volume \"operator-init\" (UniqueName: \"kubernetes.io/empty-dir/99c34a2c-b495-46b7-b7ca-fc9029b09f09-operator-init\") pod \"99c34a2c-b495-46b7-b7ca-fc9029b09f09\" (UID: \"99c34a2c-b495-46b7-b7ca-fc9029b09f09\") "
2025-01-29 13:43:45,260 INFO c.h.h.t.HelmChartContainer - [K3S] [reconciler_common.go:162] "operationExecutor.UnmountVolume started for volume \"kube-api-access-mcjp2\" (UniqueName: \"kubernetes.io/projected/99c34a2c-b495-46b7-b7ca-fc9029b09f09-kube-api-access-mcjp2\") pod \"99c34a2c-b495-46b7-b7ca-fc9029b09f09\" (UID: \"99c34a2c-b495-46b7-b7ca-fc9029b09f09\") "
2025-01-29 13:43:45,260 INFO c.h.h.t.HelmChartContainer - [K3S] [reconciler_common.go:162] "operationExecutor.UnmountVolume started for volume \"pod-info\" (UniqueName: \"kubernetes.io/configmap/99c34a2c-b495-46b7-b7ca-fc9029b09f09-pod-info\") pod \"99c34a2c-b495-46b7-b7ca-fc9029b09f09\" (UID: \"99c34a2c-b495-46b7-b7ca-fc9029b09f09\") "
2025-01-29 13:43:45,260 INFO c.h.h.t.HelmChartContainer - [K3S] [reconciler_common.go:162] "operationExecutor.UnmountVolume started for volume \"broker-configuration\" (UniqueName: \"kubernetes.io/configmap/99c34a2c-b495-46b7-b7ca-fc9029b09f09-broker-configuration\") pod \"99c34a2c-b495-46b7-b7ca-fc9029b09f09\" (UID: \"99c34a2c-b495-46b7-b7ca-fc9029b09f09\") "
2025-01-29 13:43:45,260 INFO c.h.h.t.HelmChartContainer - [K3S] [reconciler_common.go:162] "operationExecutor.UnmountVolume started for volume \"hivemq-pvc-data\" (UniqueName: \"kubernetes.io/local-volume/pvc-d6d12b1a-9533-40db-910f-1c38d2dba68f\") pod \"99c34a2c-b495-46b7-b7ca-fc9029b09f09\" (UID: \"99c34a2c-b495-46b7-b7ca-fc9029b09f09\") "
2025-01-29 13:43:45,264 INFO c.h.h.t.HelmChartContainer - [hivemq-test-hivemq-platform] [hivemq-platform-operator] [7b38861f] 13:43:45.262 [pool-6-thread-35] DEBUG c.h.p.o.dependants.PodInfoConfigMap - [helmvolu] Desired PodInfo ConfigMap (1 extensions) (1 enabled)
2025-01-29 13:43:45,264 INFO c.h.h.t.HelmChartContainer - [hivemq-test-hivemq-platform] [hivemq-platform-operator] [7b38861f] 13:43:45.262 [pool-6-thread-35] DEBUG c.h.p.o.dependants.PodInfoConfigMap - [helmvolu] Desired PodInfo ConfigMap (metrics port: 9399) (metrics path: /)
2025-01-29 13:43:45,264 INFO c.h.h.t.HelmChartContainer - [hivemq-test-hivemq-platform] [hivemq-platform-operator] [7b38861f] 13:43:45.262 [pool-6-thread-35] DEBUG c.h.p.o.dependants.PodInfoConfigMap - [helmvolu] Desired PodInfo ConfigMap (extension state hash: -1817474005)
2025-01-29 13:43:45,264 INFO c.h.h.t.HelmChartContainer - [hivemq-test-hivemq-platform] [hivemq-platform-operator] [7b38861f] 13:43:45.262 [pool-6-thread-39] DEBUG c.h.p.o.d.PlatformServiceResource - [helmvolu] Desired Platform services (3 services)
2025-01-29 13:43:45,266 INFO c.h.h.t.HelmChartContainer - [hivemq-test-hivemq-platform] [hivemq-platform-operator] [7b38861f] 13:43:45.264 [pool-6-thread-34] DEBUG c.h.p.o.d.PodServiceAccountResource - [helmvolu] Desired PodServiceAccountResource (serviceAccountName: hivemq-platform-pod-test-hivemq-platform)
2025-01-29 13:43:45,268 INFO c.h.h.t.HelmChartContainer - [hivemq-test-hivemq-platform] [hivemq-platform-operator] [7b38861f] 13:43:45.267 [pool-6-thread-39] DEBUG c.h.p.o.d.StatefulSetResource - [helmvolu] Desired StatefulSet (3 replicas) for status ROLLING_RESTART (RESTART_PODS_IN_PROGRESS)
2025-01-29 13:43:45,270 INFO c.h.h.t.HelmChartContainer - [hivemq-test-hivemq-platform] [hivemq-platform-operator] [7b38861f] 13:43:45.269 [ReconcilerExecutor-hivemq-controller-111] INFO  c.h.p.o.HiveMQPlatformReconciler - [helmvolu] Reconciling HiveMQ Platform 'test-hivemq-platform' in namespace 'helmvolumeclaimtemplatesit'
2025-01-29 13:43:45,270 INFO c.h.h.t.HelmChartContainer - [hivemq-test-hivemq-platform] [hivemq-platform-operator] [7b38861f] 13:43:45.270 [ReconcilerExecutor-hivemq-controller-111] DEBUG c.h.p.o.HiveMQPlatformReconciler - [helmvolu] Custom Resource Status ROLLING_RESTART - HiveMQ Platform is restarting Pods (rolling restart) (RESTART_PODS_IN_PROGRESS)
2025-01-29 13:43:45,270 INFO c.h.h.t.HelmChartContainer - [hivemq-test-hivemq-platform] [hivemq-platform-operator] [7b38861f] 13:43:45.270 [ReconcilerExecutor-hivemq-controller-111] DEBUG c.h.p.o.HiveMQPlatformReconciler - [helmvolu] Custom Resource Spec (replicas: 2) (extensions: 1)
2025-01-29 13:43:45,271 INFO c.h.h.t.HelmChartContainer - [hivemq-test-hivemq-platform] [hivemq-platform-operator] [7b38861f] 13:43:45.271 [ReconcilerExecutor-hivemq-controller-111] DEBUG c.h.p.o.HiveMQPlatformReconciler - [helmvolu] StatefulSet Status (revision: test-hivemq-platform-59475f86c9, replicas: 3, available: 2, ready: 2, current: 0, updated: 2)
2025-01-29 13:43:45,271 INFO c.h.h.t.HelmChartContainer - [hivemq-test-hivemq-platform] [hivemq-platform-operator] [7b38861f] 13:43:45.271 [ReconcilerExecutor-hivemq-controller-111] DEBUG c.h.p.o.HiveMQPlatformReconciler - [helmvolu] StatefulSet Spec (replicas: 3, init containers: 1, containers: 1, volumes: 4)
2025-01-29 13:43:45,273 INFO c.h.h.t.HelmChartContainer - [hivemq-test-hivemq-platform] [hivemq-platform-operator] [7b38861f] 13:43:45.272 [ReconcilerExecutor-hivemq-controller-111] DEBUG c.h.p.o.h.HiveMQPlatformReconcilerErrorHandler - [helmvolu] Pod 'test-hivemq-platform-2' phase Running
2025-01-29 13:43:45,274 INFO c.h.h.t.HelmChartContainer - [hivemq-test-hivemq-platform] [hivemq-platform-operator] [7b38861f] 13:43:45.273 [ReconcilerExecutor-hivemq-controller-111] DEBUG c.h.p.o.h.HiveMQPlatformReconcilerErrorHandler - [helmvolu] Pod 'test-hivemq-platform-1' phase Running
2025-01-29 13:43:45,275 INFO c.h.h.t.HelmChartContainer - [hivemq-test-hivemq-platform] [hivemq-platform-operator] [7b38861f] 13:43:45.274 [ReconcilerExecutor-hivemq-controller-111] DEBUG c.h.p.o.h.HiveMQPlatformReconcilerErrorHandler - [helmvolu] Pod 'test-hivemq-platform-0' phase Failed
2025-01-29 13:43:45,275 INFO c.h.h.t.HelmChartContainer - [hivemq-test-hivemq-platform] [hivemq-platform-operator] [7b38861f] 13:43:45.274 [ReconcilerExecutor-hivemq-controller-111] DEBUG c.h.p.o.h.HiveMQPlatformReconcilerErrorHandler - [helmvolu] Pod 'test-hivemq-platform-0' condition 'PodReadyToStartContainers': False
2025-01-29 13:43:45,275 INFO c.h.h.t.HelmChartContainer - [hivemq-test-hivemq-platform] [hivemq-platform-operator] [7b38861f] 13:43:45.275 [ReconcilerExecutor-hivemq-controller-111] DEBUG c.h.p.o.h.HiveMQPlatformReconcilerErrorHandler - [helmvolu] Pod 'test-hivemq-platform-0' condition 'Initialized': True
2025-01-29 13:43:45,276 INFO c.h.h.t.HelmChartContainer - [hivemq-test-hivemq-platform] [hivemq-platform-operator] [7b38861f] 13:43:45.275 [ReconcilerExecutor-hivemq-controller-111] DEBUG c.h.p.o.h.HiveMQPlatformReconcilerErrorHandler - [helmvolu] Pod 'test-hivemq-platform-0' condition 'Ready': False
2025-01-29 13:43:45,276 INFO c.h.h.t.HelmChartContainer - [hivemq-test-hivemq-platform] [hivemq-platform-operator] [7b38861f] 13:43:45.275 [ReconcilerExecutor-hivemq-controller-111] DEBUG c.h.p.o.h.HiveMQPlatformReconcilerErrorHandler - [helmvolu] Pod 'test-hivemq-platform-0' condition 'ContainersReady': False
2025-01-29 13:43:45,276 INFO c.h.h.t.HelmChartContainer - [hivemq-test-hivemq-platform] [hivemq-platform-operator] [7b38861f] 13:43:45.275 [ReconcilerExecutor-hivemq-controller-111] DEBUG c.h.p.o.h.HiveMQPlatformReconcilerErrorHandler - [helmvolu] Pod 'test-hivemq-platform-0' condition 'PodScheduled': True
2025-01-29 13:43:45,276 INFO c.h.h.t.HelmChartContainer - [hivemq-test-hivemq-platform] [hivemq-platform-operator] [7b38861f] 13:43:45.275 [ReconcilerExecutor-hivemq-controller-111] DEBUG c.h.p.o.h.HiveMQPlatformReconcilerErrorHandler - [helmvolu] Pod 'test-hivemq-platform-0' containerStatus 'hivemq' (started: false) (ready: false) (waiting: [Unknown] no message)
2025-01-29 13:43:45,276 INFO c.h.h.t.HelmChartContainer - [hivemq-test-hivemq-platform] [hivemq-platform-operator] [7b38861f] 13:43:45.275 [ReconcilerExecutor-hivemq-controller-111] DEBUG c.h.p.o.h.HiveMQPlatformReconcilerRollingRestartHandler - [helmvolu] Rolling restart is waiting for 2 of 3 replicas
2025-01-29 13:43:45,359 INFO c.h.h.t.HelmChartContainer - [K3S] [reconciler_common.go:299] "Volume detached for volume \"operator-init\" (UniqueName: \"kubernetes.io/empty-dir/99c34a2c-b495-46b7-b7ca-fc9029b09f09-operator-init\") on node \"b5478828a543\" DevicePath \"\""
2025-01-29 13:43:45,359 INFO c.h.h.t.HelmChartContainer - [K3S] [reconciler_common.go:299] "Volume detached for volume \"kube-api-access-mcjp2\" (UniqueName: \"kubernetes.io/projected/99c34a2c-b495-46b7-b7ca-fc9029b09f09-kube-api-access-mcjp2\") on node \"b5478828a543\" DevicePath \"\""
2025-01-29 13:43:45,359 INFO c.h.h.t.HelmChartContainer - [K3S] [reconciler_common.go:299] "Volume detached for volume \"pod-info\" (UniqueName: \"kubernetes.io/configmap/99c34a2c-b495-46b7-b7ca-fc9029b09f09-pod-info\") on node \"b5478828a543\" DevicePath \"\""
2025-01-29 13:43:45,359 INFO c.h.h.t.HelmChartContainer - [K3S] [reconciler_common.go:299] "Volume detached for volume \"broker-configuration\" (UniqueName: \"kubernetes.io/configmap/99c34a2c-b495-46b7-b7ca-fc9029b09f09-broker-configuration\") on node \"b5478828a543\" DevicePath \"\""
2025-01-29 13:43:45,359 INFO c.h.h.t.HelmChartContainer - [K3S] [reconciler_common.go:292] "operationExecutor.UnmountDevice started for volume \"pvc-d6d12b1a-9533-40db-910f-1c38d2dba68f\" (UniqueName: \"kubernetes.io/local-volume/pvc-d6d12b1a-9533-40db-910f-1c38d2dba68f\") on node \"b5478828a543\" "
2025-01-29 13:43:45,460 INFO c.h.h.t.HelmChartContainer - [K3S] [reconciler_common.go:299] "Volume detached for volume \"pvc-d6d12b1a-9533-40db-910f-1c38d2dba68f\" (UniqueName: \"kubernetes.io/local-volume/pvc-d6d12b1a-9533-40db-910f-1c38d2dba68f\") on node \"b5478828a543\" DevicePath \"\""
2025-01-29 13:43:45,790 INFO c.h.h.t.HelmChartContainer - [K3S] [scope.go:117] "RemoveContainer" containerID="48ac946cd7bcc20b5d0f62ec370324f17310d2305ec453d5f2d94c7f02afb796"
2025-01-29 13:43:45,794 INFO c.h.h.t.HelmChartContainer - [K3S] [scope.go:117] "RemoveContainer" containerID="b8c9607b46a4bc6361d9b31223df15750997e36aaed7f4edf07d72af247331b3"
2025-01-29 13:43:45,797 INFO c.h.h.t.HelmChartContainer - [K3S] [scope.go:117] "RemoveContainer" containerID="48ac946cd7bcc20b5d0f62ec370324f17310d2305ec453d5f2d94c7f02afb796"
2025-01-29 13:43:45,798 INFO c.h.h.t.HelmChartContainer - [K3S] [scope.go:117] "RemoveContainer" containerID="b8c9607b46a4bc6361d9b31223df15750997e36aaed7f4edf07d72af247331b3"
2025-01-29 13:43:45,804 INFO c.h.h.t.HelmChartContainer - [POD] test-hivemq-platform-0 [99c34a2c-b495-46b7-b7ca-fc9029b09f09] in helmvolumeclaimtemplatesit was MODIFIED
2025-01-29 13:43:45,810 INFO c.h.h.t.HelmChartContainer - [POD] test-hivemq-platform-0 [99c34a2c-b495-46b7-b7ca-fc9029b09f09] in helmvolumeclaimtemplatesit was DELETED
2025-01-29 13:43:45,818 INFO c.h.h.t.HelmChartContainer - [hivemq-test-hivemq-platform] [hivemq-platform-operator] [7b38861f] 13:43:45.809 [pool-6-thread-42] DEBUG c.h.p.o.d.PodServiceAccountResource - [helmvolu] Desired PodServiceAccountResource (serviceAccountName: hivemq-platform-pod-test-hivemq-platform)
2025-01-29 13:43:45,818 INFO c.h.h.t.HelmChartContainer - [hivemq-test-hivemq-platform] [hivemq-platform-operator] [7b38861f] 13:43:45.813 [pool-6-thread-41] DEBUG c.h.p.o.dependants.PodInfoConfigMap - [helmvolu] Desired PodInfo ConfigMap (1 extensions) (1 enabled)
2025-01-29 13:43:45,818 INFO c.h.h.t.HelmChartContainer - [hivemq-test-hivemq-platform] [hivemq-platform-operator] [7b38861f] 13:43:45.813 [pool-6-thread-41] DEBUG c.h.p.o.dependants.PodInfoConfigMap - [helmvolu] Desired PodInfo ConfigMap (metrics port: 9399) (metrics path: /)
2025-01-29 13:43:45,818 INFO c.h.h.t.HelmChartContainer - [hivemq-test-hivemq-platform] [hivemq-platform-operator] [7b38861f] 13:43:45.813 [pool-6-thread-41] DEBUG c.h.p.o.dependants.PodInfoConfigMap - [helmvolu] Desired PodInfo ConfigMap (extension state hash: -1817474005)
2025-01-29 13:43:45,818 INFO c.h.h.t.HelmChartContainer - [hivemq-test-hivemq-platform] [hivemq-platform-operator] [7b38861f] 13:43:45.813 [pool-6-thread-49] DEBUG c.h.p.o.d.PlatformServiceResource - [helmvolu] Desired Platform services (3 services)
2025-01-29 13:43:45,824 INFO c.h.h.t.HelmChartContainer - [hivemq-test-hivemq-platform] [hivemq-platform-operator] [7b38861f] 13:43:45.822 [pool-6-thread-49] DEBUG c.h.p.o.d.StatefulSetResource - [helmvolu] Desired StatefulSet (3 replicas) for status ROLLING_RESTART (RESTART_PODS_IN_PROGRESS)
2025-01-29 13:43:45,838 INFO c.h.h.t.HelmChartContainer - [POD] test-hivemq-platform-0 [e0fd6de3-ff86-4f05-ae0b-43406ae982a0] in helmvolumeclaimtemplatesit was ADDED
2025-01-29 13:43:45,838 INFO c.h.h.t.HelmChartContainer - [hivemq-test-hivemq-platform] [hivemq-platform-operator] [7b38861f] 13:43:45.828 [ReconcilerExecutor-hivemq-controller-113] INFO  c.h.p.o.HiveMQPlatformReconciler - [helmvolu] Reconciling HiveMQ Platform 'test-hivemq-platform' in namespace 'helmvolumeclaimtemplatesit'
2025-01-29 13:43:45,838 INFO c.h.h.t.HelmChartContainer - [hivemq-test-hivemq-platform] [hivemq-platform-operator] [7b38861f] 13:43:45.829 [ReconcilerExecutor-hivemq-controller-113] DEBUG c.h.p.o.HiveMQPlatformReconciler - [helmvolu] Custom Resource Status ROLLING_RESTART - HiveMQ Platform is restarting Pods (rolling restart) (RESTART_PODS_IN_PROGRESS)
2025-01-29 13:43:45,838 INFO c.h.h.t.HelmChartContainer - [hivemq-test-hivemq-platform] [hivemq-platform-operator] [7b38861f] 13:43:45.829 [ReconcilerExecutor-hivemq-controller-113] DEBUG c.h.p.o.HiveMQPlatformReconciler - [helmvolu] Custom Resource Spec (replicas: 2) (extensions: 1)
2025-01-29 13:43:45,838 INFO c.h.h.t.HelmChartContainer - [hivemq-test-hivemq-platform] [hivemq-platform-operator] [7b38861f] 13:43:45.831 [ReconcilerExecutor-hivemq-controller-113] DEBUG c.h.p.o.HiveMQPlatformReconciler - [helmvolu] StatefulSet Status (revision: test-hivemq-platform-59475f86c9, replicas: 3, available: 2, ready: 2, current: 0, updated: 2)
2025-01-29 13:43:45,838 INFO c.h.h.t.HelmChartContainer - [hivemq-test-hivemq-platform] [hivemq-platform-operator] [7b38861f] 13:43:45.831 [ReconcilerExecutor-hivemq-controller-113] DEBUG c.h.p.o.HiveMQPlatformReconciler - [helmvolu] StatefulSet Spec (replicas: 3, init containers: 1, containers: 1, volumes: 4)
2025-01-29 13:43:45,842 INFO c.h.h.t.HelmChartContainer - [hivemq-test-hivemq-platform] [hivemq-platform-operator] [7b38861f] 13:43:45.834 [ReconcilerExecutor-hivemq-controller-113] DEBUG c.h.p.o.h.HiveMQPlatformReconcilerErrorHandler - [helmvolu] Pod 'test-hivemq-platform-2' phase Running
2025-01-29 13:43:45,843 INFO c.h.h.t.HelmChartContainer - [hivemq-test-hivemq-platform] [hivemq-platform-operator] [7b38861f] 13:43:45.836 [ReconcilerExecutor-hivemq-controller-113] DEBUG c.h.p.o.h.HiveMQPlatformReconcilerErrorHandler - [helmvolu] Pod 'test-hivemq-platform-1' phase Running
2025-01-29 13:43:45,844 INFO c.h.h.t.HelmChartContainer - [hivemq-test-hivemq-platform] [hivemq-platform-operator] [7b38861f] 13:43:45.840 [ReconcilerExecutor-hivemq-controller-113] DEBUG c.h.p.o.h.HiveMQPlatformReconcilerErrorHandler - [helmvolu] Pod 'test-hivemq-platform-0' phase Pending
2025-01-29 13:43:45,845 INFO c.h.h.t.HelmChartContainer - [hivemq-test-hivemq-platform] [hivemq-platform-operator] [7b38861f] 13:43:45.841 [ReconcilerExecutor-hivemq-controller-113] DEBUG c.h.p.o.h.HiveMQPlatformReconcilerRollingRestartHandler - [helmvolu] Rolling restart is waiting for 2 of 3 replicas
2025-01-29 13:43:45,849 INFO c.h.h.t.HelmChartContainer - [hivemq-test-hivemq-platform] [hivemq-platform-operator] [7b38861f] 13:43:45.844 [pool-6-thread-2] DEBUG c.h.p.o.d.PlatformServiceResource - [helmvolu] Desired Platform services (3 services)
2025-01-29 13:43:45,849 INFO c.h.h.t.HelmChartContainer - [hivemq-test-hivemq-platform] [hivemq-platform-operator] [7b38861f] 13:43:45.846 [pool-6-thread-2] DEBUG c.h.p.o.dependants.PodInfoConfigMap - [helmvolu] Desired PodInfo ConfigMap (1 extensions) (1 enabled)
2025-01-29 13:43:45,851 INFO c.h.h.t.HelmChartContainer - [hivemq-test-hivemq-platform] [hivemq-platform-operator] [7b38861f] 13:43:45.846 [pool-6-thread-2] DEBUG c.h.p.o.dependants.PodInfoConfigMap - [helmvolu] Desired PodInfo ConfigMap (metrics port: 9399) (metrics path: /)
2025-01-29 13:43:45,851 INFO c.h.h.t.HelmChartContainer - [hivemq-test-hivemq-platform] [hivemq-platform-operator] [7b38861f] 13:43:45.846 [pool-6-thread-2] DEBUG c.h.p.o.dependants.PodInfoConfigMap - [helmvolu] Desired PodInfo ConfigMap (extension state hash: -1817474005)
2025-01-29 13:43:45,851 INFO c.h.h.t.HelmChartContainer - [hivemq-test-hivemq-platform] [hivemq-platform-operator] [7b38861f] 13:43:45.847 [pool-6-thread-6] DEBUG c.h.p.o.d.PodServiceAccountResource - [helmvolu] Desired PodServiceAccountResource (serviceAccountName: hivemq-platform-pod-test-hivemq-platform)
2025-01-29 13:43:45,851 INFO c.h.h.t.HelmChartContainer - [hivemq-test-hivemq-platform] [hivemq-platform-operator] [7b38861f] 13:43:45.849 [pool-6-thread-6] DEBUG c.h.p.o.d.StatefulSetResource - [helmvolu] Desired StatefulSet (3 replicas) for status ROLLING_RESTART (RESTART_PODS_IN_PROGRESS)
2025-01-29 13:43:45,856 INFO c.h.h.t.HelmChartContainer - [EVENT] Normal [SuccessfulCreate] create Pod test-hivemq-platform-0 in StatefulSet test-hivemq-platform successful [helmvolumeclaimtemplatesit:test-hivemq-platform]
2025-01-29 13:43:45,857 INFO c.h.h.t.HelmChartContainer - [K3S] [memory_manager.go:355] "RemoveStaleState removing state" podUID="99c34a2c-b495-46b7-b7ca-fc9029b09f09" containerName="hivemq"
2025-01-29 13:43:45,861 INFO c.h.h.t.HelmChartContainer - [POD] test-hivemq-platform-0 [e0fd6de3-ff86-4f05-ae0b-43406ae982a0] in helmvolumeclaimtemplatesit was MODIFIED
2025-01-29 13:43:45,869 INFO c.h.h.t.HelmChartContainer - [hivemq-test-hivemq-platform] [hivemq-platform-operator] [7b38861f] 13:43:45.862 [ReconcilerExecutor-hivemq-controller-113] INFO  c.h.p.o.HiveMQPlatformReconciler - [helmvolu] Reconciling HiveMQ Platform 'test-hivemq-platform' in namespace 'helmvolumeclaimtemplatesit'
2025-01-29 13:43:45,869 INFO c.h.h.t.HelmChartContainer - [hivemq-test-hivemq-platform] [hivemq-platform-operator] [7b38861f] 13:43:45.862 [ReconcilerExecutor-hivemq-controller-113] DEBUG c.h.p.o.HiveMQPlatformReconciler - [helmvolu] Custom Resource Status ROLLING_RESTART - HiveMQ Platform is restarting Pods (rolling restart) (RESTART_PODS_IN_PROGRESS)
2025-01-29 13:43:45,869 INFO c.h.h.t.HelmChartContainer - [hivemq-test-hivemq-platform] [hivemq-platform-operator] [7b38861f] 13:43:45.862 [ReconcilerExecutor-hivemq-controller-113] DEBUG c.h.p.o.HiveMQPlatformReconciler - [helmvolu] Custom Resource Spec (replicas: 2) (extensions: 1)
2025-01-29 13:43:45,869 INFO c.h.h.t.HelmChartContainer - [hivemq-test-hivemq-platform] [hivemq-platform-operator] [7b38861f] 13:43:45.863 [ReconcilerExecutor-hivemq-controller-113] DEBUG c.h.p.o.HiveMQPlatformReconciler - [helmvolu] StatefulSet Status (revision: test-hivemq-platform-59475f86c9, replicas: 2, available: 2, ready: 2, current: 0, updated: 2)
2025-01-29 13:43:45,869 INFO c.h.h.t.HelmChartContainer - [hivemq-test-hivemq-platform] [hivemq-platform-operator] [7b38861f] 13:43:45.863 [ReconcilerExecutor-hivemq-controller-113] DEBUG c.h.p.o.HiveMQPlatformReconciler - [helmvolu] StatefulSet Spec (replicas: 3, init containers: 1, containers: 1, volumes: 4)
2025-01-29 13:43:45,869 INFO c.h.h.t.HelmChartContainer - [hivemq-test-hivemq-platform] [hivemq-platform-operator] [7b38861f] 13:43:45.865 [ReconcilerExecutor-hivemq-controller-113] DEBUG c.h.p.o.h.HiveMQPlatformReconcilerErrorHandler - [helmvolu] Pod 'test-hivemq-platform-2' phase Running
2025-01-29 13:43:45,869 INFO c.h.h.t.HelmChartContainer - [hivemq-test-hivemq-platform] [hivemq-platform-operator] [7b38861f] 13:43:45.866 [ReconcilerExecutor-hivemq-controller-113] DEBUG c.h.p.o.h.HiveMQPlatformReconcilerErrorHandler - [helmvolu] Pod 'test-hivemq-platform-1' phase Running
2025-01-29 13:43:45,870 INFO c.h.h.t.HelmChartContainer - [hivemq-test-hivemq-platform] [hivemq-platform-operator] [7b38861f] 13:43:45.869 [ReconcilerExecutor-hivemq-controller-113] DEBUG c.h.p.o.h.HiveMQPlatformReconcilerErrorHandler - [helmvolu] Pod 'test-hivemq-platform-0' phase Pending
2025-01-29 13:43:45,871 INFO c.h.h.t.HelmChartContainer - [EVENT] Normal [Scheduled] Successfully assigned helmvolumeclaimtemplatesit/test-hivemq-platform-0 to b5478828a543 [helmvolumeclaimtemplatesit:test-hivemq-platform-0]
2025-01-29 13:43:45,875 INFO c.h.h.t.HelmChartContainer - [hivemq-test-hivemq-platform] [hivemq-platform-operator] [7b38861f] 13:43:45.870 [ReconcilerExecutor-hivemq-controller-113] DEBUG c.h.p.o.h.HiveMQPlatformReconcilerErrorHandler - [helmvolu] Pod 'test-hivemq-platform-0' condition 'PodScheduled': True
2025-01-29 13:43:45,879 INFO c.h.h.t.HelmChartContainer - [hivemq-test-hivemq-platform] [hivemq-platform-operator] [7b38861f] 13:43:45.871 [ReconcilerExecutor-hivemq-controller-113] DEBUG c.h.p.o.h.HiveMQPlatformReconcilerRollingRestartHandler - [helmvolu] Rolling restart is waiting for 2 of 3 replicas
2025-01-29 13:43:45,880 INFO c.h.h.t.HelmChartContainer - [hivemq-test-hivemq-platform] [hivemq-platform-operator] [7b38861f] 13:43:45.876 [pool-6-thread-15] DEBUG c.h.p.o.dependants.PodInfoConfigMap - [helmvolu] Desired PodInfo ConfigMap (1 extensions) (1 enabled)
2025-01-29 13:43:45,880 INFO c.h.h.t.HelmChartContainer - [hivemq-test-hivemq-platform] [hivemq-platform-operator] [7b38861f] 13:43:45.876 [pool-6-thread-15] DEBUG c.h.p.o.dependants.PodInfoConfigMap - [helmvolu] Desired PodInfo ConfigMap (metrics port: 9399) (metrics path: /)
2025-01-29 13:43:45,880 INFO c.h.h.t.HelmChartContainer - [hivemq-test-hivemq-platform] [hivemq-platform-operator] [7b38861f] 13:43:45.876 [pool-6-thread-15] DEBUG c.h.p.o.dependants.PodInfoConfigMap - [helmvolu] Desired PodInfo ConfigMap (extension state hash: -1817474005)
2025-01-29 13:43:45,880 INFO c.h.h.t.HelmChartContainer - [hivemq-test-hivemq-platform] [hivemq-platform-operator] [7b38861f] 13:43:45.877 [pool-6-thread-15] DEBUG c.h.p.o.d.PodServiceAccountResource - [helmvolu] Desired PodServiceAccountResource (serviceAccountName: hivemq-platform-pod-test-hivemq-platform)
2025-01-29 13:43:45,880 INFO c.h.h.t.HelmChartContainer - [hivemq-test-hivemq-platform] [hivemq-platform-operator] [7b38861f] 13:43:45.878 [pool-6-thread-11] DEBUG c.h.p.o.d.PlatformServiceResource - [helmvolu] Desired Platform services (3 services)
2025-01-29 13:43:45,888 INFO c.h.h.t.HelmChartContainer - [POD] test-hivemq-platform-0 [e0fd6de3-ff86-4f05-ae0b-43406ae982a0] in helmvolumeclaimtemplatesit was MODIFIED
2025-01-29 13:43:45,943 INFO c.h.h.t.HelmChartContainer - [hivemq-test-hivemq-platform] [hivemq-platform-operator] [7b38861f] 13:43:45.940 [pool-6-thread-11] DEBUG c.h.p.o.d.StatefulSetResource - [helmvolu] Desired StatefulSet (3 replicas) for status ROLLING_RESTART (RESTART_PODS_IN_PROGRESS)
2025-01-29 13:43:45,961 INFO c.h.h.t.HelmChartContainer - [hivemq-test-hivemq-platform] [hivemq-platform-operator] [7b38861f] 13:43:45.960 [ReconcilerExecutor-hivemq-controller-115] INFO  c.h.p.o.HiveMQPlatformReconciler - [helmvolu] Reconciling HiveMQ Platform 'test-hivemq-platform' in namespace 'helmvolumeclaimtemplatesit'
2025-01-29 13:43:45,961 INFO c.h.h.t.HelmChartContainer - [hivemq-test-hivemq-platform] [hivemq-platform-operator] [7b38861f] 13:43:45.960 [ReconcilerExecutor-hivemq-controller-115] DEBUG c.h.p.o.HiveMQPlatformReconciler - [helmvolu] Custom Resource Status ROLLING_RESTART - HiveMQ Platform is restarting Pods (rolling restart) (RESTART_PODS_IN_PROGRESS)
2025-01-29 13:43:45,961 INFO c.h.h.t.HelmChartContainer - [hivemq-test-hivemq-platform] [hivemq-platform-operator] [7b38861f] 13:43:45.960 [ReconcilerExecutor-hivemq-controller-115] DEBUG c.h.p.o.HiveMQPlatformReconciler - [helmvolu] Custom Resource Spec (replicas: 2) (extensions: 1)
2025-01-29 13:43:45,963 INFO c.h.h.t.HelmChartContainer - [hivemq-test-hivemq-platform] [hivemq-platform-operator] [7b38861f] 13:43:45.961 [ReconcilerExecutor-hivemq-controller-115] DEBUG c.h.p.o.HiveMQPlatformReconciler - [helmvolu] StatefulSet Status (revision: test-hivemq-platform-59475f86c9, replicas: 3, available: 2, ready: 2, current: 0, updated: 3)
2025-01-29 13:43:45,963 INFO c.h.h.t.HelmChartContainer - [hivemq-test-hivemq-platform] [hivemq-platform-operator] [7b38861f] 13:43:45.962 [ReconcilerExecutor-hivemq-controller-115] DEBUG c.h.p.o.HiveMQPlatformReconciler - [helmvolu] StatefulSet Spec (replicas: 3, init containers: 1, containers: 1, volumes: 4)
2025-01-29 13:43:45,964 INFO c.h.h.t.HelmChartContainer - [hivemq-test-hivemq-platform] [hivemq-platform-operator] [7b38861f] 13:43:45.964 [ReconcilerExecutor-hivemq-controller-115] DEBUG c.h.p.o.h.HiveMQPlatformReconcilerErrorHandler - [helmvolu] Pod 'test-hivemq-platform-2' phase Running
2025-01-29 13:43:45,965 INFO c.h.h.t.HelmChartContainer - [hivemq-test-hivemq-platform] [hivemq-platform-operator] [7b38861f] 13:43:45.965 [ReconcilerExecutor-hivemq-controller-115] DEBUG c.h.p.o.h.HiveMQPlatformReconcilerErrorHandler - [helmvolu] Pod 'test-hivemq-platform-1' phase Running
2025-01-29 13:43:45,966 INFO c.h.h.t.HelmChartContainer - [hivemq-test-hivemq-platform] [hivemq-platform-operator] [7b38861f] 13:43:45.966 [ReconcilerExecutor-hivemq-controller-115] DEBUG c.h.p.o.h.HiveMQPlatformReconcilerErrorHandler - [helmvolu] Pod 'test-hivemq-platform-0' phase Pending
2025-01-29 13:43:45,967 INFO c.h.h.t.HelmChartContainer - [K3S] [reconciler_common.go:251] "operationExecutor.VerifyControllerAttachedVolume started for volume \"pod-info\" (UniqueName: \"kubernetes.io/configmap/e0fd6de3-ff86-4f05-ae0b-43406ae982a0-pod-info\") pod \"test-hivemq-platform-0\" (UID: \"e0fd6de3-ff86-4f05-ae0b-43406ae982a0\") " pod="helmvolumeclaimtemplatesit/test-hivemq-platform-0"
2025-01-29 13:43:45,968 INFO c.h.h.t.HelmChartContainer - [K3S] [reconciler_common.go:251] "operationExecutor.VerifyControllerAttachedVolume started for volume \"kube-api-access-m2vgz\" (UniqueName: \"kubernetes.io/projected/e0fd6de3-ff86-4f05-ae0b-43406ae982a0-kube-api-access-m2vgz\") pod \"test-hivemq-platform-0\" (UID: \"e0fd6de3-ff86-4f05-ae0b-43406ae982a0\") " pod="helmvolumeclaimtemplatesit/test-hivemq-platform-0"
2025-01-29 13:43:45,968 INFO c.h.h.t.HelmChartContainer - [K3S] [reconciler_common.go:251] "operationExecutor.VerifyControllerAttachedVolume started for volume \"pvc-d6d12b1a-9533-40db-910f-1c38d2dba68f\" (UniqueName: \"kubernetes.io/local-volume/pvc-d6d12b1a-9533-40db-910f-1c38d2dba68f\") pod \"test-hivemq-platform-0\" (UID: \"e0fd6de3-ff86-4f05-ae0b-43406ae982a0\") " pod="helmvolumeclaimtemplatesit/test-hivemq-platform-0"
2025-01-29 13:43:45,968 INFO c.h.h.t.HelmChartContainer - [K3S] [reconciler_common.go:251] "operationExecutor.VerifyControllerAttachedVolume started for volume \"operator-init\" (UniqueName: \"kubernetes.io/empty-dir/e0fd6de3-ff86-4f05-ae0b-43406ae982a0-operator-init\") pod \"test-hivemq-platform-0\" (UID: \"e0fd6de3-ff86-4f05-ae0b-43406ae982a0\") " pod="helmvolumeclaimtemplatesit/test-hivemq-platform-0"
2025-01-29 13:43:45,968 INFO c.h.h.t.HelmChartContainer - [hivemq-test-hivemq-platform] [hivemq-platform-operator] [7b38861f] 13:43:45.966 [ReconcilerExecutor-hivemq-controller-115] DEBUG c.h.p.o.h.HiveMQPlatformReconcilerErrorHandler - [helmvolu] Pod 'test-hivemq-platform-0' condition 'PodReadyToStartContainers': False
2025-01-29 13:43:45,968 INFO c.h.h.t.HelmChartContainer - [K3S] [reconciler_common.go:251] "operationExecutor.VerifyControllerAttachedVolume started for volume \"broker-configuration\" (UniqueName: \"kubernetes.io/configmap/e0fd6de3-ff86-4f05-ae0b-43406ae982a0-broker-configuration\") pod \"test-hivemq-platform-0\" (UID: \"e0fd6de3-ff86-4f05-ae0b-43406ae982a0\") " pod="helmvolumeclaimtemplatesit/test-hivemq-platform-0"
2025-01-29 13:43:45,969 INFO c.h.h.t.HelmChartContainer - [hivemq-test-hivemq-platform] [hivemq-platform-operator] [7b38861f] 13:43:45.966 [ReconcilerExecutor-hivemq-controller-115] DEBUG c.h.p.o.h.HiveMQPlatformReconcilerErrorHandler - [helmvolu] Pod 'test-hivemq-platform-0' condition 'Initialized': False
2025-01-29 13:43:45,969 INFO c.h.h.t.HelmChartContainer - [hivemq-test-hivemq-platform] [hivemq-platform-operator] [7b38861f] 13:43:45.966 [ReconcilerExecutor-hivemq-controller-115] DEBUG c.h.p.o.h.HiveMQPlatformReconcilerErrorHandler - [helmvolu] Pod 'test-hivemq-platform-0' condition 'Ready': False
2025-01-29 13:43:45,969 INFO c.h.h.t.HelmChartContainer - [hivemq-test-hivemq-platform] [hivemq-platform-operator] [7b38861f] 13:43:45.966 [ReconcilerExecutor-hivemq-controller-115] DEBUG c.h.p.o.h.HiveMQPlatformReconcilerErrorHandler - [helmvolu] Pod 'test-hivemq-platform-0' condition 'ContainersReady': False
2025-01-29 13:43:45,969 INFO c.h.h.t.HelmChartContainer - [hivemq-test-hivemq-platform] [hivemq-platform-operator] [7b38861f] 13:43:45.966 [ReconcilerExecutor-hivemq-controller-115] DEBUG c.h.p.o.h.HiveMQPlatformReconcilerErrorHandler - [helmvolu] Pod 'test-hivemq-platform-0' condition 'PodScheduled': True
2025-01-29 13:43:45,969 INFO c.h.h.t.HelmChartContainer - [hivemq-test-hivemq-platform] [hivemq-platform-operator] [7b38861f] 13:43:45.966 [ReconcilerExecutor-hivemq-controller-115] DEBUG c.h.p.o.h.HiveMQPlatformReconcilerErrorHandler - [helmvolu] Pod 'test-hivemq-platform-0' containerStatus 'hivemq' (started: false) (ready: false) (waiting: [PodInitializing] null)
2025-01-29 13:43:45,969 INFO c.h.h.t.HelmChartContainer - [hivemq-test-hivemq-platform] [hivemq-platform-operator] [7b38861f] 13:43:45.966 [ReconcilerExecutor-hivemq-controller-115] DEBUG c.h.p.o.h.HiveMQPlatformReconcilerRollingRestartHandler - [helmvolu] Rolling restart is waiting for 2 of 3 replicas
2025-01-29 13:43:45,970 INFO c.h.h.t.HelmChartContainer - [hivemq-test-hivemq-platform] [hivemq-platform-operator] [7b38861f] 13:43:45.969 [pool-6-thread-29] DEBUG c.h.p.o.d.PlatformServiceResource - [helmvolu] Desired Platform services (3 services)
2025-01-29 13:43:45,973 INFO c.h.h.t.HelmChartContainer - [hivemq-test-hivemq-platform] [hivemq-platform-operator] [7b38861f] 13:43:45.971 [pool-6-thread-26] DEBUG c.h.p.o.d.PodServiceAccountResource - [helmvolu] Desired PodServiceAccountResource (serviceAccountName: hivemq-platform-pod-test-hivemq-platform)
2025-01-29 13:43:45,973 INFO c.h.h.t.HelmChartContainer - [hivemq-test-hivemq-platform] [hivemq-platform-operator] [7b38861f] 13:43:45.971 [pool-6-thread-23] DEBUG c.h.p.o.dependants.PodInfoConfigMap - [helmvolu] Desired PodInfo ConfigMap (1 extensions) (1 enabled)
2025-01-29 13:43:45,973 INFO c.h.h.t.HelmChartContainer - [hivemq-test-hivemq-platform] [hivemq-platform-operator] [7b38861f] 13:43:45.971 [pool-6-thread-23] DEBUG c.h.p.o.dependants.PodInfoConfigMap - [helmvolu] Desired PodInfo ConfigMap (metrics port: 9399) (metrics path: /)
2025-01-29 13:43:45,973 INFO c.h.h.t.HelmChartContainer - [hivemq-test-hivemq-platform] [hivemq-platform-operator] [7b38861f] 13:43:45.971 [pool-6-thread-23] DEBUG c.h.p.o.dependants.PodInfoConfigMap - [helmvolu] Desired PodInfo ConfigMap (extension state hash: -1817474005)
2025-01-29 13:43:46,042 INFO c.h.h.t.HelmChartContainer - [hivemq-test-hivemq-platform] [hivemq-platform-operator] [7b38861f] 13:43:46.041 [pool-6-thread-30] DEBUG c.h.p.o.d.StatefulSetResource - [helmvolu] Desired StatefulSet (3 replicas) for status ROLLING_RESTART (RESTART_PODS_IN_PROGRESS)
2025-01-29 13:43:46,044 INFO c.h.h.t.HelmChartContainer - [hivemq-test-hivemq-platform] [hivemq-platform-operator] [7b38861f] 13:43:46.043 [ReconcilerExecutor-hivemq-controller-115] INFO  c.h.p.o.HiveMQPlatformReconciler - [helmvolu] Reconciling HiveMQ Platform 'test-hivemq-platform' in namespace 'helmvolumeclaimtemplatesit'
2025-01-29 13:43:46,044 INFO c.h.h.t.HelmChartContainer - [hivemq-test-hivemq-platform] [hivemq-platform-operator] [7b38861f] 13:43:46.043 [ReconcilerExecutor-hivemq-controller-115] DEBUG c.h.p.o.HiveMQPlatformReconciler - [helmvolu] Custom Resource Status ROLLING_RESTART - HiveMQ Platform is restarting Pods (rolling restart) (RESTART_PODS_IN_PROGRESS)
2025-01-29 13:43:46,044 INFO c.h.h.t.HelmChartContainer - [hivemq-test-hivemq-platform] [hivemq-platform-operator] [7b38861f] 13:43:46.043 [ReconcilerExecutor-hivemq-controller-115] DEBUG c.h.p.o.HiveMQPlatformReconciler - [helmvolu] Custom Resource Spec (replicas: 2) (extensions: 1)
2025-01-29 13:43:46,060 INFO c.h.h.t.HelmChartContainer - [hivemq-test-hivemq-platform] [hivemq-platform-operator] [7b38861f] 13:43:46.058 [ReconcilerExecutor-hivemq-controller-115] DEBUG c.h.p.o.HiveMQPlatformReconciler - [helmvolu] StatefulSet Status (revision: test-hivemq-platform-59475f86c9, replicas: 3, available: 2, ready: 2, current: 0, updated: 3)
2025-01-29 13:43:46,063 INFO c.h.h.t.HelmChartContainer - [hivemq-test-hivemq-platform] [hivemq-platform-operator] [7b38861f] 13:43:46.058 [ReconcilerExecutor-hivemq-controller-115] DEBUG c.h.p.o.HiveMQPlatformReconciler - [helmvolu] StatefulSet Spec (replicas: 3, init containers: 1, containers: 1, volumes: 4)
2025-01-29 13:43:46,063 INFO c.h.h.t.HelmChartContainer - [hivemq-test-hivemq-platform] [hivemq-platform-operator] [7b38861f] 13:43:46.062 [ReconcilerExecutor-hivemq-controller-115] DEBUG c.h.p.o.h.HiveMQPlatformReconcilerErrorHandler - [helmvolu] Pod 'test-hivemq-platform-2' phase Running
2025-01-29 13:43:46,066 INFO c.h.h.t.HelmChartContainer - [hivemq-test-hivemq-platform] [hivemq-platform-operator] [7b38861f] 13:43:46.065 [ReconcilerExecutor-hivemq-controller-115] DEBUG c.h.p.o.h.HiveMQPlatformReconcilerErrorHandler - [helmvolu] Pod 'test-hivemq-platform-1' phase Running
2025-01-29 13:43:46,070 INFO c.h.h.t.HelmChartContainer - [test-hivemq-platform] [hivemq] [e28f334e] INFO  - [HiveMQ Platform Operator Init App 1.7.0-SNAPSHOT] Returning Health API response 200 for liveness
2025-01-29 13:43:46,070 INFO c.h.h.t.HelmChartContainer - [hivemq-test-hivemq-platform] [hivemq-platform-operator] [7b38861f] 13:43:46.068 [ReconcilerExecutor-hivemq-controller-115] DEBUG c.h.p.o.h.HiveMQPlatformReconcilerErrorHandler - [helmvolu] Pod 'test-hivemq-platform-0' phase Pending
2025-01-29 13:43:46,072 INFO c.h.h.t.HelmChartContainer - [hivemq-test-hivemq-platform] [hivemq-platform-operator] [7b38861f] 13:43:46.070 [ReconcilerExecutor-hivemq-controller-115] DEBUG c.h.p.o.h.HiveMQPlatformReconcilerErrorHandler - [helmvolu] Pod 'test-hivemq-platform-0' condition 'PodReadyToStartContainers': False
2025-01-29 13:43:46,072 INFO c.h.h.t.HelmChartContainer - [hivemq-test-hivemq-platform] [hivemq-platform-operator] [7b38861f] 13:43:46.070 [ReconcilerExecutor-hivemq-controller-115] DEBUG c.h.p.o.h.HiveMQPlatformReconcilerErrorHandler - [helmvolu] Pod 'test-hivemq-platform-0' condition 'Initialized': False
2025-01-29 13:43:46,072 INFO c.h.h.t.HelmChartContainer - [hivemq-test-hivemq-platform] [hivemq-platform-operator] [7b38861f] 13:43:46.070 [ReconcilerExecutor-hivemq-controller-115] DEBUG c.h.p.o.h.HiveMQPlatformReconcilerErrorHandler - [helmvolu] Pod 'test-hivemq-platform-0' condition 'Ready': False
2025-01-29 13:43:46,072 INFO c.h.h.t.HelmChartContainer - [hivemq-test-hivemq-platform] [hivemq-platform-operator] [7b38861f] 13:43:46.070 [ReconcilerExecutor-hivemq-controller-115] DEBUG c.h.p.o.h.HiveMQPlatformReconcilerErrorHandler - [helmvolu] Pod 'test-hivemq-platform-0' condition 'ContainersReady': False
2025-01-29 13:43:46,072 INFO c.h.h.t.HelmChartContainer - [hivemq-test-hivemq-platform] [hivemq-platform-operator] [7b38861f] 13:43:46.070 [ReconcilerExecutor-hivemq-controller-115] DEBUG c.h.p.o.h.HiveMQPlatformReconcilerErrorHandler - [helmvolu] Pod 'test-hivemq-platform-0' condition 'PodScheduled': True
2025-01-29 13:43:46,072 INFO c.h.h.t.HelmChartContainer - [hivemq-test-hivemq-platform] [hivemq-platform-operator] [7b38861f] 13:43:46.070 [ReconcilerExecutor-hivemq-controller-115] DEBUG c.h.p.o.h.HiveMQPlatformReconcilerErrorHandler - [helmvolu] Pod 'test-hivemq-platform-0' containerStatus 'hivemq' (started: false) (ready: false) (waiting: [PodInitializing] null)
2025-01-29 13:43:46,072 INFO c.h.h.t.HelmChartContainer - [hivemq-test-hivemq-platform] [hivemq-platform-operator] [7b38861f] 13:43:46.071 [ReconcilerExecutor-hivemq-controller-115] DEBUG c.h.p.o.h.HiveMQPlatformReconcilerRollingRestartHandler - [helmvolu] Rolling restart is waiting for 2 of 3 replicas
2025-01-29 13:43:46,257 INFO c.h.h.t.HelmChartContainer - [EVENT] Normal [Pulled] Container image "docker.io/hivemq/hivemq-platform-operator-init-test:snapshot" already present on machine [helmvolumeclaimtemplatesit:test-hivemq-platform-0]
2025-01-29 13:43:46,265 INFO c.h.h.t.HelmChartContainer - [EVENT] Normal [Created] Created container: hivemq-platform-operator-init [helmvolumeclaimtemplatesit:test-hivemq-platform-0]
2025-01-29 13:43:46,305 INFO c.h.h.t.HelmChartContainer - [EVENT] Normal [Started] Started container hivemq-platform-operator-init [helmvolumeclaimtemplatesit:test-hivemq-platform-0]
2025-01-29 13:43:46,797 INFO c.h.h.t.HelmChartContainer - [EVENT] Normal [Pulled] Container image "docker.io/hivemq/hivemq4:4.36.0" already present on machine [helmvolumeclaimtemplatesit:test-hivemq-platform-0]
2025-01-29 13:43:46,797 INFO c.h.h.t.HelmChartContainer - Received Pulled event for container hivemq in pod test-hivemq-platform-0 [e0fd6de3-ff86-4f05-ae0b-43406ae982a0]
2025-01-29 13:43:46,812 INFO c.h.h.t.HelmChartContainer - [EVENT] Normal [Created] Created container: hivemq [helmvolumeclaimtemplatesit:test-hivemq-platform-0]
2025-01-29 13:43:46,812 INFO c.h.h.t.HelmChartContainer - [POD] test-hivemq-platform-0 [e0fd6de3-ff86-4f05-ae0b-43406ae982a0] in helmvolumeclaimtemplatesit was MODIFIED
2025-01-29 13:43:46,814 INFO c.h.h.t.HelmChartContainer - Received Created event for container hivemq in pod test-hivemq-platform-0 [e0fd6de3-ff86-4f05-ae0b-43406ae982a0]
2025-01-29 13:43:46,827 INFO c.h.h.t.HelmChartContainer - [hivemq-test-hivemq-platform] [hivemq-platform-operator] [7b38861f] 13:43:46.817 [pool-6-thread-35] DEBUG c.h.p.o.d.PlatformServiceResource - [helmvolu] Desired Platform services (3 services)
2025-01-29 13:43:46,830 INFO c.h.h.t.HelmChartContainer - [hivemq-test-hivemq-platform] [hivemq-platform-operator] [7b38861f] 13:43:46.817 [pool-6-thread-38] DEBUG c.h.p.o.dependants.PodInfoConfigMap - [helmvolu] Desired PodInfo ConfigMap (1 extensions) (1 enabled)
2025-01-29 13:43:46,830 INFO c.h.h.t.HelmChartContainer - [hivemq-test-hivemq-platform] [hivemq-platform-operator] [7b38861f] 13:43:46.817 [pool-6-thread-38] DEBUG c.h.p.o.dependants.PodInfoConfigMap - [helmvolu] Desired PodInfo ConfigMap (metrics port: 9399) (metrics path: /)
2025-01-29 13:43:46,830 INFO c.h.h.t.HelmChartContainer - [hivemq-test-hivemq-platform] [hivemq-platform-operator] [7b38861f] 13:43:46.817 [pool-6-thread-38] DEBUG c.h.p.o.dependants.PodInfoConfigMap - [helmvolu] Desired PodInfo ConfigMap (extension state hash: -1817474005)
2025-01-29 13:43:46,830 INFO c.h.h.t.HelmChartContainer - [hivemq-test-hivemq-platform] [hivemq-platform-operator] [7b38861f] 13:43:46.819 [pool-6-thread-38] DEBUG c.h.p.o.d.PodServiceAccountResource - [helmvolu] Desired PodServiceAccountResource (serviceAccountName: hivemq-platform-pod-test-hivemq-platform)
2025-01-29 13:43:46,837 INFO c.h.h.t.HelmChartContainer - [hivemq-test-hivemq-platform] [hivemq-platform-operator] [7b38861f] 13:43:46.830 [pool-6-thread-35] DEBUG c.h.p.o.d.StatefulSetResource - [helmvolu] Desired StatefulSet (3 replicas) for status ROLLING_RESTART (RESTART_PODS_IN_PROGRESS)
2025-01-29 13:43:46,841 INFO c.h.h.t.HelmChartContainer - [hivemq-test-hivemq-platform] [hivemq-platform-operator] [7b38861f] 13:43:46.839 [ReconcilerExecutor-hivemq-controller-117] INFO  c.h.p.o.HiveMQPlatformReconciler - [helmvolu] Reconciling HiveMQ Platform 'test-hivemq-platform' in namespace 'helmvolumeclaimtemplatesit'
2025-01-29 13:43:46,841 INFO c.h.h.t.HelmChartContainer - [hivemq-test-hivemq-platform] [hivemq-platform-operator] [7b38861f] 13:43:46.839 [ReconcilerExecutor-hivemq-controller-117] DEBUG c.h.p.o.HiveMQPlatformReconciler - [helmvolu] Custom Resource Status ROLLING_RESTART - HiveMQ Platform is restarting Pods (rolling restart) (RESTART_PODS_IN_PROGRESS)
2025-01-29 13:43:46,841 INFO c.h.h.t.HelmChartContainer - [hivemq-test-hivemq-platform] [hivemq-platform-operator] [7b38861f] 13:43:46.839 [ReconcilerExecutor-hivemq-controller-117] DEBUG c.h.p.o.HiveMQPlatformReconciler - [helmvolu] Custom Resource Spec (replicas: 2) (extensions: 1)
2025-01-29 13:43:46,845 INFO c.h.h.t.HelmChartContainer - [hivemq-test-hivemq-platform] [hivemq-platform-operator] [7b38861f] 13:43:46.841 [ReconcilerExecutor-hivemq-controller-117] DEBUG c.h.p.o.HiveMQPlatformReconciler - [helmvolu] StatefulSet Status (revision: test-hivemq-platform-59475f86c9, replicas: 3, available: 2, ready: 2, current: 0, updated: 3)
2025-01-29 13:43:46,845 INFO c.h.h.t.HelmChartContainer - [hivemq-test-hivemq-platform] [hivemq-platform-operator] [7b38861f] 13:43:46.841 [ReconcilerExecutor-hivemq-controller-117] DEBUG c.h.p.o.HiveMQPlatformReconciler - [helmvolu] StatefulSet Spec (replicas: 3, init containers: 1, containers: 1, volumes: 4)
2025-01-29 13:43:46,846 INFO c.h.h.t.HelmChartContainer - [hivemq-test-hivemq-platform] [hivemq-platform-operator] [7b38861f] 13:43:46.842 [ReconcilerExecutor-hivemq-controller-117] DEBUG c.h.p.o.h.HiveMQPlatformReconcilerErrorHandler - [helmvolu] Pod 'test-hivemq-platform-2' phase Running
2025-01-29 13:43:46,846 INFO c.h.h.t.HelmChartContainer - [hivemq-test-hivemq-platform] [hivemq-platform-operator] [7b38861f] 13:43:46.845 [ReconcilerExecutor-hivemq-controller-117] DEBUG c.h.p.o.h.HiveMQPlatformReconcilerErrorHandler - [helmvolu] Pod 'test-hivemq-platform-1' phase Running
2025-01-29 13:43:46,848 INFO c.h.h.t.HelmChartContainer - [hivemq-test-hivemq-platform] [hivemq-platform-operator] [7b38861f] 13:43:46.847 [ReconcilerExecutor-hivemq-controller-117] DEBUG c.h.p.o.h.HiveMQPlatformReconcilerErrorHandler - [helmvolu] Pod 'test-hivemq-platform-0' phase Pending
2025-01-29 13:43:46,849 INFO c.h.h.t.HelmChartContainer - [hivemq-test-hivemq-platform] [hivemq-platform-operator] [7b38861f] 13:43:46.847 [ReconcilerExecutor-hivemq-controller-117] DEBUG c.h.p.o.h.HiveMQPlatformReconcilerErrorHandler - [helmvolu] Pod 'test-hivemq-platform-0' condition 'PodReadyToStartContainers': True
2025-01-29 13:43:46,849 INFO c.h.h.t.HelmChartContainer - [hivemq-test-hivemq-platform] [hivemq-platform-operator] [7b38861f] 13:43:46.847 [ReconcilerExecutor-hivemq-controller-117] DEBUG c.h.p.o.h.HiveMQPlatformReconcilerErrorHandler - [helmvolu] Pod 'test-hivemq-platform-0' condition 'Initialized': True
2025-01-29 13:43:46,849 INFO c.h.h.t.HelmChartContainer - [hivemq-test-hivemq-platform] [hivemq-platform-operator] [7b38861f] 13:43:46.847 [ReconcilerExecutor-hivemq-controller-117] DEBUG c.h.p.o.h.HiveMQPlatformReconcilerErrorHandler - [helmvolu] Pod 'test-hivemq-platform-0' condition 'Ready': False
2025-01-29 13:43:46,849 INFO c.h.h.t.HelmChartContainer - [hivemq-test-hivemq-platform] [hivemq-platform-operator] [7b38861f] 13:43:46.847 [ReconcilerExecutor-hivemq-controller-117] DEBUG c.h.p.o.h.HiveMQPlatformReconcilerErrorHandler - [helmvolu] Pod 'test-hivemq-platform-0' condition 'ContainersReady': False
2025-01-29 13:43:46,849 INFO c.h.h.t.HelmChartContainer - [hivemq-test-hivemq-platform] [hivemq-platform-operator] [7b38861f] 13:43:46.847 [ReconcilerExecutor-hivemq-controller-117] DEBUG c.h.p.o.h.HiveMQPlatformReconcilerErrorHandler - [helmvolu] Pod 'test-hivemq-platform-0' condition 'PodScheduled': True
2025-01-29 13:43:46,849 INFO c.h.h.t.HelmChartContainer - [hivemq-test-hivemq-platform] [hivemq-platform-operator] [7b38861f] 13:43:46.847 [ReconcilerExecutor-hivemq-controller-117] DEBUG c.h.p.o.h.HiveMQPlatformReconcilerErrorHandler - [helmvolu] Pod 'test-hivemq-platform-0' containerStatus 'hivemq' (started: false) (ready: false) (waiting: [PodInitializing] null)
2025-01-29 13:43:46,849 INFO c.h.h.t.HelmChartContainer - [hivemq-test-hivemq-platform] [hivemq-platform-operator] [7b38861f] 13:43:46.847 [ReconcilerExecutor-hivemq-controller-117] DEBUG c.h.p.o.h.HiveMQPlatformReconcilerRollingRestartHandler - [helmvolu] Rolling restart is waiting for 2 of 3 replicas
2025-01-29 13:43:47,186 INFO c.h.h.t.HelmChartContainer - [K3S] [kubelet_volumes.go:163] "Cleaned up orphaned pod volumes dir" podUID="99c34a2c-b495-46b7-b7ca-fc9029b09f09" path="/var/lib/kubelet/pods/99c34a2c-b495-46b7-b7ca-fc9029b09f09/volumes"
2025-01-29 13:43:47,807 INFO c.h.h.t.HelmChartContainer - [POD] test-hivemq-platform-0 [e0fd6de3-ff86-4f05-ae0b-43406ae982a0] in helmvolumeclaimtemplatesit was MODIFIED
2025-01-29 13:43:47,816 INFO c.h.h.t.HelmChartContainer - [hivemq-test-hivemq-platform] [hivemq-platform-operator] [7b38861f] 13:43:47.814 [pool-6-thread-42] DEBUG c.h.p.o.d.PlatformServiceResource - [helmvolu] Desired Platform services (3 services)
2025-01-29 13:43:47,817 INFO c.h.h.t.HelmChartContainer - Started log watcher for hivemq in pod test-hivemq-platform-0 [e0fd6de3-ff86-4f05-ae0b-43406ae982a0]
2025-01-29 13:43:47,817 INFO c.h.h.t.HelmChartContainer - [EVENT] Normal [Started] Started container hivemq [helmvolumeclaimtemplatesit:test-hivemq-platform-0]
2025-01-29 13:43:47,817 INFO c.h.h.t.HelmChartContainer - Received Started event for container hivemq in pod test-hivemq-platform-0 [e0fd6de3-ff86-4f05-ae0b-43406ae982a0]
2025-01-29 13:43:47,823 INFO c.h.h.t.HelmChartContainer - [hivemq-test-hivemq-platform] [hivemq-platform-operator] [7b38861f] 13:43:47.818 [pool-6-thread-42] DEBUG c.h.p.o.d.PodServiceAccountResource - [helmvolu] Desired PodServiceAccountResource (serviceAccountName: hivemq-platform-pod-test-hivemq-platform)
2025-01-29 13:43:47,823 INFO c.h.h.t.HelmChartContainer - [hivemq-test-hivemq-platform] [hivemq-platform-operator] [7b38861f] 13:43:47.818 [pool-6-thread-43] DEBUG c.h.p.o.dependants.PodInfoConfigMap - [helmvolu] Desired PodInfo ConfigMap (1 extensions) (1 enabled)
2025-01-29 13:43:47,823 INFO c.h.h.t.HelmChartContainer - [hivemq-test-hivemq-platform] [hivemq-platform-operator] [7b38861f] 13:43:47.820 [pool-6-thread-43] DEBUG c.h.p.o.dependants.PodInfoConfigMap - [helmvolu] Desired PodInfo ConfigMap (metrics port: 9399) (metrics path: /)
2025-01-29 13:43:47,823 INFO c.h.h.t.HelmChartContainer - [hivemq-test-hivemq-platform] [hivemq-platform-operator] [7b38861f] 13:43:47.820 [pool-6-thread-43] DEBUG c.h.p.o.dependants.PodInfoConfigMap - [helmvolu] Desired PodInfo ConfigMap (extension state hash: -1817474005)
2025-01-29 13:43:47,823 INFO c.h.h.t.HelmChartContainer - [test-hivemq-platform] [hivemq] [e0fd6de3] Adding pre-installed HiveMQ Platform Operator extensions
2025-01-29 13:43:47,823 INFO c.h.h.t.HelmChartContainer - [test-hivemq-platform] [hivemq] [e0fd6de3] Running as user 10000
2025-01-29 13:43:47,824 INFO c.h.h.t.HelmChartContainer - [test-hivemq-platform] [hivemq] [e0fd6de3] Starting HiveMQ Platform Operator Init
2025-01-29 13:43:47,825 INFO c.h.h.t.HelmChartContainer - [hivemq-test-hivemq-platform] [hivemq-platform-operator] [7b38861f] 13:43:47.822 [pool-6-thread-43] DEBUG c.h.p.o.d.StatefulSetResource - [helmvolu] Desired StatefulSet (3 replicas) for status ROLLING_RESTART (RESTART_PODS_IN_PROGRESS)
2025-01-29 13:43:47,827 INFO c.h.h.t.HelmChartContainer - [hivemq-test-hivemq-platform] [hivemq-platform-operator] [7b38861f] 13:43:47.826 [ReconcilerExecutor-hivemq-controller-118] INFO  c.h.p.o.HiveMQPlatformReconciler - [helmvolu] Reconciling HiveMQ Platform 'test-hivemq-platform' in namespace 'helmvolumeclaimtemplatesit'
2025-01-29 13:43:47,827 INFO c.h.h.t.HelmChartContainer - [hivemq-test-hivemq-platform] [hivemq-platform-operator] [7b38861f] 13:43:47.826 [ReconcilerExecutor-hivemq-controller-118] DEBUG c.h.p.o.HiveMQPlatformReconciler - [helmvolu] Custom Resource Status ROLLING_RESTART - HiveMQ Platform is restarting Pods (rolling restart) (RESTART_PODS_IN_PROGRESS)
2025-01-29 13:43:47,827 INFO c.h.h.t.HelmChartContainer - [hivemq-test-hivemq-platform] [hivemq-platform-operator] [7b38861f] 13:43:47.827 [ReconcilerExecutor-hivemq-controller-118] DEBUG c.h.p.o.HiveMQPlatformReconciler - [helmvolu] Custom Resource Spec (replicas: 2) (extensions: 1)
2025-01-29 13:43:47,829 INFO c.h.h.t.HelmChartContainer - [hivemq-test-hivemq-platform] [hivemq-platform-operator] [7b38861f] 13:43:47.828 [ReconcilerExecutor-hivemq-controller-118] DEBUG c.h.p.o.HiveMQPlatformReconciler - [helmvolu] StatefulSet Status (revision: test-hivemq-platform-59475f86c9, replicas: 3, available: 2, ready: 2, current: 0, updated: 3)
2025-01-29 13:43:47,831 INFO c.h.h.t.HelmChartContainer - [hivemq-test-hivemq-platform] [hivemq-platform-operator] [7b38861f] 13:43:47.828 [ReconcilerExecutor-hivemq-controller-118] DEBUG c.h.p.o.HiveMQPlatformReconciler - [helmvolu] StatefulSet Spec (replicas: 3, init containers: 1, containers: 1, volumes: 4)
2025-01-29 13:43:47,831 INFO c.h.h.t.HelmChartContainer - [hivemq-test-hivemq-platform] [hivemq-platform-operator] [7b38861f] 13:43:47.829 [ReconcilerExecutor-hivemq-controller-118] DEBUG c.h.p.o.h.HiveMQPlatformReconcilerErrorHandler - [helmvolu] Pod 'test-hivemq-platform-2' phase Running
2025-01-29 13:43:47,832 INFO c.h.h.t.HelmChartContainer - [hivemq-test-hivemq-platform] [hivemq-platform-operator] [7b38861f] 13:43:47.830 [ReconcilerExecutor-hivemq-controller-118] DEBUG c.h.p.o.h.HiveMQPlatformReconcilerErrorHandler - [helmvolu] Pod 'test-hivemq-platform-1' phase Running
2025-01-29 13:43:47,832 INFO c.h.h.t.HelmChartContainer - [hivemq-test-hivemq-platform] [hivemq-platform-operator] [7b38861f] 13:43:47.831 [ReconcilerExecutor-hivemq-controller-118] DEBUG c.h.p.o.h.HiveMQPlatformReconcilerErrorHandler - [helmvolu] Pod 'test-hivemq-platform-0' phase Running
2025-01-29 13:43:47,833 INFO c.h.h.t.HelmChartContainer - [hivemq-test-hivemq-platform] [hivemq-platform-operator] [7b38861f] 13:43:47.831 [ReconcilerExecutor-hivemq-controller-118] DEBUG c.h.p.o.h.HiveMQPlatformReconcilerRollingRestartHandler - [helmvolu] Rolling restart is waiting for 2 of 3 replicas
2025-01-29 13:43:48,112 INFO c.h.h.t.HelmChartContainer - [test-hivemq-platform] [hivemq] [e0fd6de3] INFO  - [HiveMQ Platform Operator Init 1.7.0-SNAPSHOT] HiveMQ Platform Operator Init 1.7.0-SNAPSHOT (commit: bebf408 on branch: HEAD) built on Sun Jan 26 20:47:47 UTC 2025
2025-01-29 13:43:49,215 INFO c.h.h.t.HelmChartContainer - [test-hivemq-platform] [hivemq] [e0fd6de3] INFO  - [HiveMQ Platform Operator Init App 1.7.0-SNAPSHOT] Using bind address 10.42.0.15 from environment variable
2025-01-29 13:43:50,195 INFO c.h.h.t.HelmChartContainer - [test-hivemq-platform] [hivemq] [e0fd6de3] INFO  - [HiveMQ Platform Operator Init App 1.7.0-SNAPSHOT] HiveMQ Platform Operator Init App 1.7.0-SNAPSHOT (commit: bebf408 on branch: HEAD) built on Sun Jan 26 20:47:47 UTC 2025
2025-01-29 13:43:50,195 INFO c.h.h.t.HelmChartContainer - [test-hivemq-platform] [hivemq] [e0fd6de3] INFO  - [HiveMQ Platform Operator Init App 1.7.0-SNAPSHOT] PodInfo ConfigMap directory: /etc/podinfo
2025-01-29 13:43:50,195 INFO c.h.h.t.HelmChartContainer - [test-hivemq-platform] [hivemq] [e0fd6de3] INFO  - [HiveMQ Platform Operator Init App 1.7.0-SNAPSHOT] HiveMQ home directory: /opt/hivemq
2025-01-29 13:43:50,195 INFO c.h.h.t.HelmChartContainer - [test-hivemq-platform] [hivemq] [e0fd6de3] INFO  - [HiveMQ Platform Operator Init App 1.7.0-SNAPSHOT] HiveMQ Logback folder: /opt/hivemq/conf
2025-01-29 13:43:50,195 INFO c.h.h.t.HelmChartContainer - [test-hivemq-platform] [hivemq] [e0fd6de3] INFO  - [HiveMQ Platform Operator Init App 1.7.0-SNAPSHOT] HiveMQ Config folder: /opt/hivemq/conf-k8s
2025-01-29 13:43:50,196 INFO c.h.h.t.HelmChartContainer - [test-hivemq-platform] [hivemq] [e0fd6de3] INFO  - [HiveMQ Platform Operator Init App 1.7.0-SNAPSHOT] Starting HiveMQ Platform Operator Init App
2025-01-29 13:43:50,196 INFO c.h.h.t.HelmChartContainer - [test-hivemq-platform] [hivemq] [e0fd6de3] INFO  - [HiveMQ Platform Operator Init App 1.7.0-SNAPSHOT] Starting Pod reconciler
2025-01-29 13:43:51,483 INFO c.h.h.t.HelmChartContainer - [test-hivemq-platform] [hivemq] [e0fd6de3] INFO  - [HiveMQ Platform Operator Init App 1.7.0-SNAPSHOT] Pod reconciler is scheduled (interval: 5000 ms)
2025-01-29 13:43:51,483 INFO c.h.h.t.HelmChartContainer - [test-hivemq-platform] [hivemq] [e0fd6de3] INFO  - [HiveMQ Platform Operator Init App 1.7.0-SNAPSHOT] Starting the REST API on 10.42.0.15:7979
2025-01-29 13:43:51,486 INFO c.h.h.t.HelmChartContainer - [test-hivemq-platform] [hivemq] [e0fd6de3] INFO  - [HiveMQ Platform Operator Init App 1.7.0-SNAPSHOT] Waiting up to 600s for at most 3 HiveMQ nodes in cluster service hivemq-test-hivemq-platform-cluster.helmvolumeclaimtemplatesit.svc
2025-01-29 13:43:51,889 INFO c.h.h.t.HelmChartContainer - [test-hivemq-platform] [hivemq] [e0fd6de3] INFO  - [HiveMQ Platform Operator Init App 1.7.0-SNAPSHOT] Resolved 3 IP addresses: [10.42.0.13, 10.42.0.14, 10.42.0.15]
2025-01-29 13:43:51,889 INFO c.h.h.t.HelmChartContainer - [test-hivemq-platform] [hivemq] [e0fd6de3] INFO  - [HiveMQ Platform Operator Init App 1.7.0-SNAPSHOT] HiveMQ node count of 3 is within threshold of 3
2025-01-29 13:43:51,889 INFO c.h.h.t.HelmChartContainer - [test-hivemq-platform] [hivemq] [e0fd6de3] INFO  - [HiveMQ Platform Operator Init App 1.7.0-SNAPSHOT] Waiting 15s for previous shutdown replication to finish...
2025-01-29 13:43:53,807 INFO c.h.h.t.HelmChartContainer - [test-hivemq-platform] [hivemq] [e0fd6de3] INFO  - [HiveMQ Platform Operator Init App 1.7.0-SNAPSHOT] Returning default Health API response 503 for readiness
2025-01-29 13:43:53,914 INFO c.h.h.t.HelmChartContainer - [EVENT] Warning [Unhealthy] Readiness probe failed: HTTP probe failed with statuscode: 503 [helmvolumeclaimtemplatesit:test-hivemq-platform-0]
2025-01-29 13:43:53,914 INFO c.h.h.t.HelmChartContainer - Received Unhealthy event for container hivemq in pod test-hivemq-platform-0 [e0fd6de3-ff86-4f05-ae0b-43406ae982a0]
2025-01-29 13:43:57,835 INFO c.h.h.t.HelmChartContainer - [hivemq-test-hivemq-platform] [hivemq-platform-operator] [7b38861f] 13:43:57.834 [pool-6-thread-10] DEBUG c.h.p.o.dependants.PodInfoConfigMap - [helmvolu] Desired PodInfo ConfigMap (1 extensions) (1 enabled)
2025-01-29 13:43:57,835 INFO c.h.h.t.HelmChartContainer - [hivemq-test-hivemq-platform] [hivemq-platform-operator] [7b38861f] 13:43:57.834 [pool-6-thread-10] DEBUG c.h.p.o.dependants.PodInfoConfigMap - [helmvolu] Desired PodInfo ConfigMap (metrics port: 9399) (metrics path: /)
2025-01-29 13:43:57,835 INFO c.h.h.t.HelmChartContainer - [hivemq-test-hivemq-platform] [hivemq-platform-operator] [7b38861f] 13:43:57.834 [pool-6-thread-10] DEBUG c.h.p.o.dependants.PodInfoConfigMap - [helmvolu] Desired PodInfo ConfigMap (extension state hash: -1817474005)
2025-01-29 13:43:57,836 INFO c.h.h.t.HelmChartContainer - [hivemq-test-hivemq-platform] [hivemq-platform-operator] [7b38861f] 13:43:57.834 [pool-6-thread-2] DEBUG c.h.p.o.d.PlatformServiceResource - [helmvolu] Desired Platform services (3 services)
2025-01-29 13:43:57,836 INFO c.h.h.t.HelmChartContainer - [hivemq-test-hivemq-platform] [hivemq-platform-operator] [7b38861f] 13:43:57.834 [pool-6-thread-8] DEBUG c.h.p.o.d.PodServiceAccountResource - [helmvolu] Desired PodServiceAccountResource (serviceAccountName: hivemq-platform-pod-test-hivemq-platform)
2025-01-29 13:43:57,838 INFO c.h.h.t.HelmChartContainer - [hivemq-test-hivemq-platform] [hivemq-platform-operator] [7b38861f] 13:43:57.837 [pool-6-thread-2] DEBUG c.h.p.o.d.StatefulSetResource - [helmvolu] Desired StatefulSet (3 replicas) for status ROLLING_RESTART (RESTART_PODS_IN_PROGRESS)
2025-01-29 13:43:57,840 INFO c.h.h.t.HelmChartContainer - [hivemq-test-hivemq-platform] [hivemq-platform-operator] [7b38861f] 13:43:57.839 [ReconcilerExecutor-hivemq-controller-119] INFO  c.h.p.o.HiveMQPlatformReconciler - [helmvolu] Reconciling HiveMQ Platform 'test-hivemq-platform' in namespace 'helmvolumeclaimtemplatesit'
2025-01-29 13:43:57,840 INFO c.h.h.t.HelmChartContainer - [hivemq-test-hivemq-platform] [hivemq-platform-operator] [7b38861f] 13:43:57.839 [ReconcilerExecutor-hivemq-controller-119] DEBUG c.h.p.o.HiveMQPlatformReconciler - [helmvolu] Custom Resource Status ROLLING_RESTART - HiveMQ Platform is restarting Pods (rolling restart) (RESTART_PODS_IN_PROGRESS)
2025-01-29 13:43:57,841 INFO c.h.h.t.HelmChartContainer - [hivemq-test-hivemq-platform] [hivemq-platform-operator] [7b38861f] 13:43:57.839 [ReconcilerExecutor-hivemq-controller-119] DEBUG c.h.p.o.HiveMQPlatformReconciler - [helmvolu] Custom Resource Spec (replicas: 2) (extensions: 1)
2025-01-29 13:43:57,842 INFO c.h.h.t.HelmChartContainer - [hivemq-test-hivemq-platform] [hivemq-platform-operator] [7b38861f] 13:43:57.840 [ReconcilerExecutor-hivemq-controller-119] DEBUG c.h.p.o.HiveMQPlatformReconciler - [helmvolu] StatefulSet Status (revision: test-hivemq-platform-59475f86c9, replicas: 3, available: 2, ready: 2, current: 0, updated: 3)
2025-01-29 13:43:57,842 INFO c.h.h.t.HelmChartContainer - [hivemq-test-hivemq-platform] [hivemq-platform-operator] [7b38861f] 13:43:57.840 [ReconcilerExecutor-hivemq-controller-119] DEBUG c.h.p.o.HiveMQPlatformReconciler - [helmvolu] StatefulSet Spec (replicas: 3, init containers: 1, containers: 1, volumes: 4)
2025-01-29 13:43:57,843 INFO c.h.h.t.HelmChartContainer - [hivemq-test-hivemq-platform] [hivemq-platform-operator] [7b38861f] 13:43:57.841 [ReconcilerExecutor-hivemq-controller-119] DEBUG c.h.p.o.h.HiveMQPlatformReconcilerErrorHandler - [helmvolu] Pod 'test-hivemq-platform-2' phase Running
2025-01-29 13:43:57,843 INFO c.h.h.t.HelmChartContainer - [hivemq-test-hivemq-platform] [hivemq-platform-operator] [7b38861f] 13:43:57.842 [ReconcilerExecutor-hivemq-controller-119] DEBUG c.h.p.o.h.HiveMQPlatformReconcilerErrorHandler - [helmvolu] Pod 'test-hivemq-platform-1' phase Running
2025-01-29 13:43:57,844 INFO c.h.h.t.HelmChartContainer - [hivemq-test-hivemq-platform] [hivemq-platform-operator] [7b38861f] 13:43:57.843 [ReconcilerExecutor-hivemq-controller-119] DEBUG c.h.p.o.h.HiveMQPlatformReconcilerErrorHandler - [helmvolu] Pod 'test-hivemq-platform-0' phase Running
2025-01-29 13:43:57,844 INFO c.h.h.t.HelmChartContainer - [hivemq-test-hivemq-platform] [hivemq-platform-operator] [7b38861f] 13:43:57.843 [ReconcilerExecutor-hivemq-controller-119] DEBUG c.h.p.o.h.HiveMQPlatformReconcilerRollingRestartHandler - [helmvolu] Rolling restart is waiting for 2 of 3 replicas
2025-01-29 13:43:58,812 INFO c.h.h.t.HelmChartContainer - [EVENT] Warning [Unhealthy] Readiness probe failed: HTTP probe failed with statuscode: 503 [helmvolumeclaimtemplatesit:test-hivemq-platform-0]
2025-01-29 13:43:58,813 INFO c.h.h.t.HelmChartContainer - Received Unhealthy event for container hivemq in pod test-hivemq-platform-0 [e0fd6de3-ff86-4f05-ae0b-43406ae982a0]
2025-01-29 13:43:59,193 INFO c.h.h.t.HelmChartContainer - [test-hivemq-platform] [hivemq] [e0fd6de3] INFO  - [HiveMQ Platform Operator Init App 1.7.0-SNAPSHOT] Updating Pod HiveMQ Platform Operator Init App version annotation (version: 1.7.0-SNAPSHOT)
2025-01-29 13:43:59,586 INFO c.h.h.t.HelmChartContainer - [POD] test-hivemq-platform-0 [e0fd6de3-ff86-4f05-ae0b-43406ae982a0] in helmvolumeclaimtemplatesit was MODIFIED
2025-01-29 13:43:59,592 INFO c.h.h.t.HelmChartContainer - [EVENT] Warning [Unhealthy] Readiness probe failed: HTTP probe failed with statuscode: 503 [helmvolumeclaimtemplatesit:test-hivemq-platform-0]
2025-01-29 13:43:59,592 INFO c.h.h.t.HelmChartContainer - Received Unhealthy event for container hivemq in pod test-hivemq-platform-0 [e0fd6de3-ff86-4f05-ae0b-43406ae982a0]
2025-01-29 13:43:59,596 INFO c.h.h.t.HelmChartContainer - [hivemq-test-hivemq-platform] [hivemq-platform-operator] [7b38861f] 13:43:59.589 [pool-6-thread-16] DEBUG c.h.p.o.d.PlatformServiceResource - [helmvolu] Desired Platform services (3 services)
2025-01-29 13:43:59,596 INFO c.h.h.t.HelmChartContainer - [hivemq-test-hivemq-platform] [hivemq-platform-operator] [7b38861f] 13:43:59.590 [pool-6-thread-12] DEBUG c.h.p.o.dependants.PodInfoConfigMap - [helmvolu] Desired PodInfo ConfigMap (1 extensions) (1 enabled)
2025-01-29 13:43:59,596 INFO c.h.h.t.HelmChartContainer - [hivemq-test-hivemq-platform] [hivemq-platform-operator] [7b38861f] 13:43:59.590 [pool-6-thread-12] DEBUG c.h.p.o.dependants.PodInfoConfigMap - [helmvolu] Desired PodInfo ConfigMap (metrics port: 9399) (metrics path: /)
2025-01-29 13:43:59,596 INFO c.h.h.t.HelmChartContainer - [hivemq-test-hivemq-platform] [hivemq-platform-operator] [7b38861f] 13:43:59.590 [pool-6-thread-12] DEBUG c.h.p.o.dependants.PodInfoConfigMap - [helmvolu] Desired PodInfo ConfigMap (extension state hash: -1817474005)
2025-01-29 13:43:59,596 INFO c.h.h.t.HelmChartContainer - [hivemq-test-hivemq-platform] [hivemq-platform-operator] [7b38861f] 13:43:59.590 [pool-6-thread-12] DEBUG c.h.p.o.d.PodServiceAccountResource - [helmvolu] Desired PodServiceAccountResource (serviceAccountName: hivemq-platform-pod-test-hivemq-platform)
2025-01-29 13:43:59,596 INFO c.h.h.t.HelmChartContainer - [hivemq-test-hivemq-platform] [hivemq-platform-operator] [7b38861f] 13:43:59.594 [pool-6-thread-16] DEBUG c.h.p.o.d.StatefulSetResource - [helmvolu] Desired StatefulSet (3 replicas) for status ROLLING_RESTART (RESTART_PODS_IN_PROGRESS)
2025-01-29 13:43:59,597 INFO c.h.h.t.HelmChartContainer - [hivemq-test-hivemq-platform] [hivemq-platform-operator] [7b38861f] 13:43:59.596 [ReconcilerExecutor-hivemq-controller-120] INFO  c.h.p.o.HiveMQPlatformReconciler - [helmvolu] Reconciling HiveMQ Platform 'test-hivemq-platform' in namespace 'helmvolumeclaimtemplatesit'
2025-01-29 13:43:59,598 INFO c.h.h.t.HelmChartContainer - [test-hivemq-platform] [hivemq] [e0fd6de3] INFO  - [HiveMQ Platform Operator Init App 1.7.0-SNAPSHOT] Successfully updated Pod HiveMQ Platform Operator Init App version annotation (version: 1.7.0-SNAPSHOT)
2025-01-29 13:43:59,598 INFO c.h.h.t.HelmChartContainer - [hivemq-test-hivemq-platform] [hivemq-platform-operator] [7b38861f] 13:43:59.597 [ReconcilerExecutor-hivemq-controller-120] DEBUG c.h.p.o.HiveMQPlatformReconciler - [helmvolu] Custom Resource Status ROLLING_RESTART - HiveMQ Platform is restarting Pods (rolling restart) (RESTART_PODS_IN_PROGRESS)
2025-01-29 13:43:59,600 INFO c.h.h.t.HelmChartContainer - [hivemq-test-hivemq-platform] [hivemq-platform-operator] [7b38861f] 13:43:59.598 [ReconcilerExecutor-hivemq-controller-120] DEBUG c.h.p.o.HiveMQPlatformReconciler - [helmvolu] Custom Resource Spec (replicas: 2) (extensions: 1)
2025-01-29 13:43:59,600 INFO c.h.h.t.HelmChartContainer - [hivemq-test-hivemq-platform] [hivemq-platform-operator] [7b38861f] 13:43:59.599 [ReconcilerExecutor-hivemq-controller-120] DEBUG c.h.p.o.HiveMQPlatformReconciler - [helmvolu] StatefulSet Status (revision: test-hivemq-platform-59475f86c9, replicas: 3, available: 2, ready: 2, current: 0, updated: 3)
2025-01-29 13:43:59,600 INFO c.h.h.t.HelmChartContainer - [hivemq-test-hivemq-platform] [hivemq-platform-operator] [7b38861f] 13:43:59.599 [ReconcilerExecutor-hivemq-controller-120] DEBUG c.h.p.o.HiveMQPlatformReconciler - [helmvolu] StatefulSet Spec (replicas: 3, init containers: 1, containers: 1, volumes: 4)
2025-01-29 13:43:59,601 INFO c.h.h.t.HelmChartContainer - [hivemq-test-hivemq-platform] [hivemq-platform-operator] [7b38861f] 13:43:59.600 [ReconcilerExecutor-hivemq-controller-120] DEBUG c.h.p.o.h.HiveMQPlatformReconcilerErrorHandler - [helmvolu] Pod 'test-hivemq-platform-2' phase Running
2025-01-29 13:43:59,602 INFO c.h.h.t.HelmChartContainer - [hivemq-test-hivemq-platform] [hivemq-platform-operator] [7b38861f] 13:43:59.601 [ReconcilerExecutor-hivemq-controller-120] DEBUG c.h.p.o.h.HiveMQPlatformReconcilerErrorHandler - [helmvolu] Pod 'test-hivemq-platform-1' phase Running
2025-01-29 13:43:59,603 INFO c.h.h.t.HelmChartContainer - [hivemq-test-hivemq-platform] [hivemq-platform-operator] [7b38861f] 13:43:59.602 [ReconcilerExecutor-hivemq-controller-120] DEBUG c.h.p.o.h.HiveMQPlatformReconcilerErrorHandler - [helmvolu] Pod 'test-hivemq-platform-0' phase Running
2025-01-29 13:43:59,603 INFO c.h.h.t.HelmChartContainer - [hivemq-test-hivemq-platform] [hivemq-platform-operator] [7b38861f] 13:43:59.602 [ReconcilerExecutor-hivemq-controller-120] DEBUG c.h.p.o.h.HiveMQPlatformReconcilerRollingRestartHandler - [helmvolu] Rolling restart is waiting for 2 of 3 replicas
2025-01-29 13:44:04,591 INFO c.h.h.t.HelmChartContainer - [EVENT] Warning [Unhealthy] Readiness probe failed: HTTP probe failed with statuscode: 503 [helmvolumeclaimtemplatesit:test-hivemq-platform-0]
2025-01-29 13:44:04,591 INFO c.h.h.t.HelmChartContainer - Received Unhealthy event for container hivemq in pod test-hivemq-platform-0 [e0fd6de3-ff86-4f05-ae0b-43406ae982a0]
2025-01-29 13:44:06,890 INFO c.h.h.t.HelmChartContainer - [test-hivemq-platform] [hivemq] [e0fd6de3] INFO  - [HiveMQ Platform Operator Init App 1.7.0-SNAPSHOT] Proceeding with container start
2025-01-29 13:44:06,893 INFO c.h.h.t.HelmChartContainer - [test-hivemq-platform] [hivemq] [e0fd6de3] INFO  - [HiveMQ Platform Operator Init App 1.7.0-SNAPSHOT] Initializing HiveMQ Platform extensions with initial configuration: {hivemq-allow-all-extension={start-priority=-1, skip-https-hostname-verification=false, restart=true, config-version=0, header-version=0, c-uri=, priority=-1, uri=preinstalled, skip-https-certificate-validation=false, enabled=true}, hivemq-prometheus-extension={priority=-1, start-priority=-1, c-uri=, skip-https-hostname-verification=false, skip-https-certificate-validation=false, uri=preinstalled, request-header-path=no-request-headers, enabled=true, restart=true}}
2025-01-29 13:44:07,309 INFO c.h.h.t.HelmChartContainer - [test-hivemq-platform] [hivemq] [e0fd6de3] INFO  - [HiveMQ Platform Operator Init App 1.7.0-SNAPSHOT] Extension hivemq-allow-all-extension was already enabled
2025-01-29 13:44:07,318 INFO c.h.h.t.HelmChartContainer - [test-hivemq-platform] [hivemq] [e0fd6de3] INFO  - [HiveMQ Platform Operator Init App 1.7.0-SNAPSHOT] Successfully enabled extension hivemq-prometheus-extension
2025-01-29 13:44:07,379 INFO c.h.h.t.HelmChartContainer - [test-hivemq-platform] [hivemq] [e0fd6de3] INFO  - [HiveMQ Platform Operator Init App 1.7.0-SNAPSHOT] Starting HiveMQ Platform version 4.36.0 (4.36.0)
2025-01-29 13:44:07,380 INFO c.h.h.t.HelmChartContainer - [test-hivemq-platform] [hivemq] [e0fd6de3] INFO  - [HiveMQ Platform Operator Init App 1.7.0-SNAPSHOT] Configuring the HiveMQ Platform
2025-01-29 13:44:07,410 INFO c.h.h.t.HelmChartContainer - [test-hivemq-platform] [hivemq] [e0fd6de3] INFO  - [HiveMQ Platform Operator Init App 1.7.0-SNAPSHOT] Changed logback.xml file scan period to 20 seconds
2025-01-29 13:44:07,481 INFO c.h.h.t.HelmChartContainer - [test-hivemq-platform] [hivemq] [e0fd6de3] INFO  - [HiveMQ Platform Operator Init App 1.7.0-SNAPSHOT] Starting the HiveMQ Platform
2025-01-29 13:44:07,483 INFO c.h.h.t.HelmChartContainer - [test-hivemq-platform] [hivemq] [e0fd6de3] -------------------------------------------------------------------------
2025-01-29 13:44:07,485 INFO c.h.h.t.HelmChartContainer - [test-hivemq-platform] [hivemq] [e0fd6de3] 
2025-01-29 13:44:07,485 INFO c.h.h.t.HelmChartContainer - [test-hivemq-platform] [hivemq] [e0fd6de3]                   _    _  _              __  __   ____
2025-01-29 13:44:07,485 INFO c.h.h.t.HelmChartContainer - [test-hivemq-platform] [hivemq] [e0fd6de3]                  | |  | |(_)            |  \/  | / __ \
2025-01-29 13:44:07,485 INFO c.h.h.t.HelmChartContainer - [test-hivemq-platform] [hivemq] [e0fd6de3]                  | |__| | _ __   __ ___ | \  / || |  | |
2025-01-29 13:44:07,485 INFO c.h.h.t.HelmChartContainer - [test-hivemq-platform] [hivemq] [e0fd6de3]                  |  __  || |\ \ / // _ \| |\/| || |  | |
2025-01-29 13:44:07,485 INFO c.h.h.t.HelmChartContainer - [test-hivemq-platform] [hivemq] [e0fd6de3]                  | |  | || | \ V /|  __/| |  | || |__| |
2025-01-29 13:44:07,485 INFO c.h.h.t.HelmChartContainer - [test-hivemq-platform] [hivemq] [e0fd6de3]                  |_|  |_||_|  \_/  \___||_|  |_| \___\_\
2025-01-29 13:44:07,485 INFO c.h.h.t.HelmChartContainer - [test-hivemq-platform] [hivemq] [e0fd6de3] 
2025-01-29 13:44:07,485 INFO c.h.h.t.HelmChartContainer - [test-hivemq-platform] [hivemq] [e0fd6de3] -------------------------------------------------------------------------
2025-01-29 13:44:07,485 INFO c.h.h.t.HelmChartContainer - [test-hivemq-platform] [hivemq] [e0fd6de3] 
2025-01-29 13:44:07,485 INFO c.h.h.t.HelmChartContainer - [test-hivemq-platform] [hivemq] [e0fd6de3]   HiveMQ Start Script for Linux/Unix v1.14
2025-01-29 13:44:07,485 INFO c.h.h.t.HelmChartContainer - [test-hivemq-platform] [hivemq] [e0fd6de3] 
2025-01-29 13:44:07,590 INFO c.h.h.t.HelmChartContainer - [test-hivemq-platform] [hivemq] [e0fd6de3] -------------------------------------------------------------------------
2025-01-29 13:44:07,590 INFO c.h.h.t.HelmChartContainer - [test-hivemq-platform] [hivemq] [e0fd6de3] 
2025-01-29 13:44:07,590 INFO c.h.h.t.HelmChartContainer - [test-hivemq-platform] [hivemq] [e0fd6de3]   HIVEMQ_HOME: /opt/hivemq
2025-01-29 13:44:07,590 INFO c.h.h.t.HelmChartContainer - [test-hivemq-platform] [hivemq] [e0fd6de3] 
2025-01-29 13:44:07,591 INFO c.h.h.t.HelmChartContainer - [test-hivemq-platform] [hivemq] [e0fd6de3]   JAVA_OPTS: -XX:+UnlockExperimentalVMOptions -XX:InitialRAMPercentage=50 -XX:MaxRAMPercentage=50 -Djava.net.preferIPv4Stack=true --add-opens java.base/java.lang=ALL-UNNAMED --add-opens java.base/java.nio=ALL-UNNAMED --add-opens java.base/sun.nio.ch=ALL-UNNAMED --add-opens jdk.management/com.sun.management.internal=ALL-UNNAMED --add-exports java.base/jdk.internal.misc=ALL-UNNAMED -Djava.security.egd=file:/dev/./urandom -Dcom.sun.management.jmxremote -Dcom.sun.management.jmxremote.port=9010 -Dcom.sun.management.jmxremote.local.only=false -Dcom.sun.management.jmxremote.authenticate=false -Dcom.sun.management.jmxremote.ssl=false -Duser.language=en -Duser.region=US -XX:+CrashOnOutOfMemoryError -XX:+HeapDumpOnOutOfMemoryError
2025-01-29 13:44:07,591 INFO c.h.h.t.HelmChartContainer - [test-hivemq-platform] [hivemq] [e0fd6de3] 
2025-01-29 13:44:07,591 INFO c.h.h.t.HelmChartContainer - [test-hivemq-platform] [hivemq] [e0fd6de3]   JAVA_VERSION: 21
2025-01-29 13:44:07,591 INFO c.h.h.t.HelmChartContainer - [test-hivemq-platform] [hivemq] [e0fd6de3] 
2025-01-29 13:44:07,591 INFO c.h.h.t.HelmChartContainer - [test-hivemq-platform] [hivemq] [e0fd6de3] -------------------------------------------------------------------------
2025-01-29 13:44:07,591 INFO c.h.h.t.HelmChartContainer - [test-hivemq-platform] [hivemq] [e0fd6de3] 
2025-01-29 13:44:09,608 INFO c.h.h.t.HelmChartContainer - [hivemq-test-hivemq-platform] [hivemq-platform-operator] [7b38861f] 13:44:09.605 [pool-6-thread-21] DEBUG c.h.p.o.d.PlatformServiceResource - [helmvolu] Desired Platform services (3 services)
2025-01-29 13:44:09,609 INFO c.h.h.t.HelmChartContainer - [hivemq-test-hivemq-platform] [hivemq-platform-operator] [7b38861f] 13:44:09.605 [pool-6-thread-22] DEBUG c.h.p.o.dependants.PodInfoConfigMap - [helmvolu] Desired PodInfo ConfigMap (1 extensions) (1 enabled)
2025-01-29 13:44:09,609 INFO c.h.h.t.HelmChartContainer - [hivemq-test-hivemq-platform] [hivemq-platform-operator] [7b38861f] 13:44:09.605 [pool-6-thread-22] DEBUG c.h.p.o.dependants.PodInfoConfigMap - [helmvolu] Desired PodInfo ConfigMap (metrics port: 9399) (metrics path: /)
2025-01-29 13:44:09,609 INFO c.h.h.t.HelmChartContainer - [hivemq-test-hivemq-platform] [hivemq-platform-operator] [7b38861f] 13:44:09.605 [pool-6-thread-22] DEBUG c.h.p.o.dependants.PodInfoConfigMap - [helmvolu] Desired PodInfo ConfigMap (extension state hash: -1817474005)
2025-01-29 13:44:09,609 INFO c.h.h.t.HelmChartContainer - [hivemq-test-hivemq-platform] [hivemq-platform-operator] [7b38861f] 13:44:09.605 [pool-6-thread-28] DEBUG c.h.p.o.d.PodServiceAccountResource - [helmvolu] Desired PodServiceAccountResource (serviceAccountName: hivemq-platform-pod-test-hivemq-platform)
2025-01-29 13:44:09,612 INFO c.h.h.t.HelmChartContainer - [hivemq-test-hivemq-platform] [hivemq-platform-operator] [7b38861f] 13:44:09.608 [pool-6-thread-21] DEBUG c.h.p.o.d.StatefulSetResource - [helmvolu] Desired StatefulSet (3 replicas) for status ROLLING_RESTART (RESTART_PODS_IN_PROGRESS)
2025-01-29 13:44:09,613 INFO c.h.h.t.HelmChartContainer - [hivemq-test-hivemq-platform] [hivemq-platform-operator] [7b38861f] 13:44:09.613 [ReconcilerExecutor-hivemq-controller-121] INFO  c.h.p.o.HiveMQPlatformReconciler - [helmvolu] Reconciling HiveMQ Platform 'test-hivemq-platform' in namespace 'helmvolumeclaimtemplatesit'
2025-01-29 13:44:09,614 INFO c.h.h.t.HelmChartContainer - [hivemq-test-hivemq-platform] [hivemq-platform-operator] [7b38861f] 13:44:09.613 [ReconcilerExecutor-hivemq-controller-121] DEBUG c.h.p.o.HiveMQPlatformReconciler - [helmvolu] Custom Resource Status ROLLING_RESTART - HiveMQ Platform is restarting Pods (rolling restart) (RESTART_PODS_IN_PROGRESS)
2025-01-29 13:44:09,614 INFO c.h.h.t.HelmChartContainer - [hivemq-test-hivemq-platform] [hivemq-platform-operator] [7b38861f] 13:44:09.613 [ReconcilerExecutor-hivemq-controller-121] DEBUG c.h.p.o.HiveMQPlatformReconciler - [helmvolu] Custom Resource Spec (replicas: 2) (extensions: 1)
2025-01-29 13:44:09,616 INFO c.h.h.t.HelmChartContainer - [hivemq-test-hivemq-platform] [hivemq-platform-operator] [7b38861f] 13:44:09.614 [ReconcilerExecutor-hivemq-controller-121] DEBUG c.h.p.o.HiveMQPlatformReconciler - [helmvolu] StatefulSet Status (revision: test-hivemq-platform-59475f86c9, replicas: 3, available: 2, ready: 2, current: 0, updated: 3)
2025-01-29 13:44:09,616 INFO c.h.h.t.HelmChartContainer - [hivemq-test-hivemq-platform] [hivemq-platform-operator] [7b38861f] 13:44:09.614 [ReconcilerExecutor-hivemq-controller-121] DEBUG c.h.p.o.HiveMQPlatformReconciler - [helmvolu] StatefulSet Spec (replicas: 3, init containers: 1, containers: 1, volumes: 4)
2025-01-29 13:44:09,618 INFO c.h.h.t.HelmChartContainer - [hivemq-test-hivemq-platform] [hivemq-platform-operator] [7b38861f] 13:44:09.615 [ReconcilerExecutor-hivemq-controller-121] DEBUG c.h.p.o.h.HiveMQPlatformReconcilerErrorHandler - [helmvolu] Pod 'test-hivemq-platform-2' phase Running
2025-01-29 13:44:09,618 INFO c.h.h.t.HelmChartContainer - [hivemq-test-hivemq-platform] [hivemq-platform-operator] [7b38861f] 13:44:09.617 [ReconcilerExecutor-hivemq-controller-121] DEBUG c.h.p.o.h.HiveMQPlatformReconcilerErrorHandler - [helmvolu] Pod 'test-hivemq-platform-1' phase Running
2025-01-29 13:44:09,626 INFO c.h.h.t.HelmChartContainer - [hivemq-test-hivemq-platform] [hivemq-platform-operator] [7b38861f] 13:44:09.620 [ReconcilerExecutor-hivemq-controller-121] DEBUG c.h.p.o.h.HiveMQPlatformReconcilerErrorHandler - [helmvolu] Pod 'test-hivemq-platform-0' phase Running
2025-01-29 13:44:09,626 INFO c.h.h.t.HelmChartContainer - [hivemq-test-hivemq-platform] [hivemq-platform-operator] [7b38861f] 13:44:09.621 [ReconcilerExecutor-hivemq-controller-121] DEBUG c.h.p.o.h.HiveMQPlatformReconcilerRollingRestartHandler - [helmvolu] Rolling restart is waiting for 2 of 3 replicas
2025-01-29 13:44:09,626 INFO c.h.h.t.HelmChartContainer - [EVENT] Warning [Unhealthy] Readiness probe failed: HTTP probe failed with statuscode: 503 [helmvolumeclaimtemplatesit:test-hivemq-platform-0]
2025-01-29 13:44:09,627 INFO c.h.h.t.HelmChartContainer - Received Unhealthy event for container hivemq in pod test-hivemq-platform-0 [e0fd6de3-ff86-4f05-ae0b-43406ae982a0]
2025-01-29 13:44:10,120 INFO c.h.h.t.HelmChartContainer - [test-hivemq-platform] [hivemq] [e0fd6de3] INFO  - Starting HiveMQ Enterprise Server
2025-01-29 13:44:10,182 INFO c.h.h.t.HelmChartContainer - [test-hivemq-platform] [hivemq] [e0fd6de3] INFO  - HiveMQ version: 4.36.0
2025-01-29 13:44:10,183 INFO c.h.h.t.HelmChartContainer - [test-hivemq-platform] [hivemq] [e0fd6de3] INFO  - HiveMQ home directory: /opt/hivemq
2025-01-29 13:44:10,183 INFO c.h.h.t.HelmChartContainer - [test-hivemq-platform] [hivemq] [e0fd6de3] INFO  - Log Configuration was overridden by /opt/hivemq/conf/logback.xml
2025-01-29 13:44:11,517 INFO c.h.h.t.HelmChartContainer - [test-hivemq-platform] [hivemq] [e0fd6de3] INFO  - Successfully loaded configuration from '/opt/hivemq/conf-k8s/config.xml'.
2025-01-29 13:44:11,881 INFO c.h.h.t.HelmChartContainer - [test-hivemq-platform] [hivemq] [e0fd6de3] INFO  - This node's ID is eZeOt
2025-01-29 13:44:12,126 INFO c.h.h.t.HelmChartContainer - [test-hivemq-platform] [hivemq] [e0fd6de3] INFO  - Clustering is enabled
2025-01-29 13:44:14,912 INFO c.h.h.t.HelmChartContainer - [test-hivemq-platform] [hivemq] [e0fd6de3] WARN  - [HiveMQ Platform Operator Init App 1.7.0-SNAPSHOT] Cannot connect to Health API for readiness: null
2025-01-29 13:44:14,917 INFO c.h.h.t.HelmChartContainer - [EVENT] Warning [Unhealthy] Readiness probe failed: HTTP probe failed with statuscode: 503 [helmvolumeclaimtemplatesit:test-hivemq-platform-0]
2025-01-29 13:44:14,917 INFO c.h.h.t.HelmChartContainer - Received Unhealthy event for container hivemq in pod test-hivemq-platform-0 [e0fd6de3-ff86-4f05-ae0b-43406ae982a0]
2025-01-29 13:44:16,181 INFO c.h.h.t.HelmChartContainer - [test-hivemq-platform] [hivemq] [e0fd6de3] WARN  - [HiveMQ Platform Operator Init App 1.7.0-SNAPSHOT] Cannot connect to Health API for liveness: null
2025-01-29 13:44:16,181 INFO c.h.h.t.HelmChartContainer - [test-hivemq-platform] [hivemq] [e0fd6de3] INFO  - [HiveMQ Platform Operator Init App 1.7.0-SNAPSHOT] Returning default Health API response 200 for liveness
2025-01-29 13:44:19,609 INFO c.h.h.t.HelmChartContainer - [test-hivemq-platform] [hivemq] [e0fd6de3] WARN  - [HiveMQ Platform Operator Init App 1.7.0-SNAPSHOT] Cannot connect to Health API for readiness: null
2025-01-29 13:44:19,615 INFO c.h.h.t.HelmChartContainer - [EVENT] Warning [Unhealthy] Readiness probe failed: HTTP probe failed with statuscode: 503 [helmvolumeclaimtemplatesit:test-hivemq-platform-0]
2025-01-29 13:44:19,615 INFO c.h.h.t.HelmChartContainer - Received Unhealthy event for container hivemq in pod test-hivemq-platform-0 [e0fd6de3-ff86-4f05-ae0b-43406ae982a0]
2025-01-29 13:44:19,628 INFO c.h.h.t.HelmChartContainer - [hivemq-test-hivemq-platform] [hivemq-platform-operator] [7b38861f] 13:44:19.625 [pool-6-thread-37] DEBUG c.h.p.o.d.PlatformServiceResource - [helmvolu] Desired Platform services (3 services)
2025-01-29 13:44:19,628 INFO c.h.h.t.HelmChartContainer - [hivemq-test-hivemq-platform] [hivemq-platform-operator] [7b38861f] 13:44:19.625 [pool-6-thread-33] DEBUG c.h.p.o.dependants.PodInfoConfigMap - [helmvolu] Desired PodInfo ConfigMap (1 extensions) (1 enabled)
2025-01-29 13:44:19,628 INFO c.h.h.t.HelmChartContainer - [hivemq-test-hivemq-platform] [hivemq-platform-operator] [7b38861f] 13:44:19.625 [pool-6-thread-33] DEBUG c.h.p.o.dependants.PodInfoConfigMap - [helmvolu] Desired PodInfo ConfigMap (metrics port: 9399) (metrics path: /)
2025-01-29 13:44:19,628 INFO c.h.h.t.HelmChartContainer - [hivemq-test-hivemq-platform] [hivemq-platform-operator] [7b38861f] 13:44:19.625 [pool-6-thread-33] DEBUG c.h.p.o.dependants.PodInfoConfigMap - [helmvolu] Desired PodInfo ConfigMap (extension state hash: -1817474005)
2025-01-29 13:44:19,628 INFO c.h.h.t.HelmChartContainer - [hivemq-test-hivemq-platform] [hivemq-platform-operator] [7b38861f] 13:44:19.627 [pool-6-thread-40] DEBUG c.h.p.o.d.PodServiceAccountResource - [helmvolu] Desired PodServiceAccountResource (serviceAccountName: hivemq-platform-pod-test-hivemq-platform)
2025-01-29 13:44:19,630 INFO c.h.h.t.HelmChartContainer - [hivemq-test-hivemq-platform] [hivemq-platform-operator] [7b38861f] 13:44:19.629 [pool-6-thread-32] DEBUG c.h.p.o.d.StatefulSetResource - [helmvolu] Desired StatefulSet (3 replicas) for status ROLLING_RESTART (RESTART_PODS_IN_PROGRESS)
2025-01-29 13:44:19,634 INFO c.h.h.t.HelmChartContainer - [hivemq-test-hivemq-platform] [hivemq-platform-operator] [7b38861f] 13:44:19.632 [ReconcilerExecutor-hivemq-controller-122] INFO  c.h.p.o.HiveMQPlatformReconciler - [helmvolu] Reconciling HiveMQ Platform 'test-hivemq-platform' in namespace 'helmvolumeclaimtemplatesit'
2025-01-29 13:44:19,634 INFO c.h.h.t.HelmChartContainer - [hivemq-test-hivemq-platform] [hivemq-platform-operator] [7b38861f] 13:44:19.632 [ReconcilerExecutor-hivemq-controller-122] DEBUG c.h.p.o.HiveMQPlatformReconciler - [helmvolu] Custom Resource Status ROLLING_RESTART - HiveMQ Platform is restarting Pods (rolling restart) (RESTART_PODS_IN_PROGRESS)
2025-01-29 13:44:19,634 INFO c.h.h.t.HelmChartContainer - [hivemq-test-hivemq-platform] [hivemq-platform-operator] [7b38861f] 13:44:19.632 [ReconcilerExecutor-hivemq-controller-122] DEBUG c.h.p.o.HiveMQPlatformReconciler - [helmvolu] Custom Resource Spec (replicas: 2) (extensions: 1)
2025-01-29 13:44:19,634 INFO c.h.h.t.HelmChartContainer - [hivemq-test-hivemq-platform] [hivemq-platform-operator] [7b38861f] 13:44:19.633 [ReconcilerExecutor-hivemq-controller-122] DEBUG c.h.p.o.HiveMQPlatformReconciler - [helmvolu] StatefulSet Status (revision: test-hivemq-platform-59475f86c9, replicas: 3, available: 2, ready: 2, current: 0, updated: 3)
2025-01-29 13:44:19,634 INFO c.h.h.t.HelmChartContainer - [hivemq-test-hivemq-platform] [hivemq-platform-operator] [7b38861f] 13:44:19.633 [ReconcilerExecutor-hivemq-controller-122] DEBUG c.h.p.o.HiveMQPlatformReconciler - [helmvolu] StatefulSet Spec (replicas: 3, init containers: 1, containers: 1, volumes: 4)
2025-01-29 13:44:19,677 INFO c.h.h.t.HelmChartContainer - [hivemq-test-hivemq-platform] [hivemq-platform-operator] [7b38861f] 13:44:19.635 [ReconcilerExecutor-hivemq-controller-122] DEBUG c.h.p.o.h.HiveMQPlatformReconcilerErrorHandler - [helmvolu] Pod 'test-hivemq-platform-2' phase Running
2025-01-29 13:44:19,678 INFO c.h.h.t.HelmChartContainer - [hivemq-test-hivemq-platform] [hivemq-platform-operator] [7b38861f] 13:44:19.635 [ReconcilerExecutor-hivemq-controller-122] DEBUG c.h.p.o.h.HiveMQPlatformReconcilerErrorHandler - [helmvolu] Pod 'test-hivemq-platform-1' phase Running
2025-01-29 13:44:19,678 INFO c.h.h.t.HelmChartContainer - [hivemq-test-hivemq-platform] [hivemq-platform-operator] [7b38861f] 13:44:19.636 [ReconcilerExecutor-hivemq-controller-122] DEBUG c.h.p.o.h.HiveMQPlatformReconcilerErrorHandler - [helmvolu] Pod 'test-hivemq-platform-0' phase Running
2025-01-29 13:44:19,678 INFO c.h.h.t.HelmChartContainer - [hivemq-test-hivemq-platform] [hivemq-platform-operator] [7b38861f] 13:44:19.637 [ReconcilerExecutor-hivemq-controller-122] DEBUG c.h.p.o.h.HiveMQPlatformReconcilerRollingRestartHandler - [helmvolu] Rolling restart is waiting for 2 of 3 replicas
2025-01-29 13:44:24,611 INFO c.h.h.t.HelmChartContainer - [test-hivemq-platform] [hivemq] [e0fd6de3] WARN  - [HiveMQ Platform Operator Init App 1.7.0-SNAPSHOT] Cannot connect to Health API for readiness: null
2025-01-29 13:44:24,616 INFO c.h.h.t.HelmChartContainer - [EVENT] Warning [Unhealthy] Readiness probe failed: HTTP probe failed with statuscode: 503 [helmvolumeclaimtemplatesit:test-hivemq-platform-0]
2025-01-29 13:44:24,617 INFO c.h.h.t.HelmChartContainer - Received Unhealthy event for container hivemq in pod test-hivemq-platform-0 [e0fd6de3-ff86-4f05-ae0b-43406ae982a0]
2025-01-29 13:44:26,017 INFO c.h.h.t.HelmChartContainer - [test-hivemq-platform] [hivemq] [e0fd6de3] INFO  - No valid license file found. Using trial license, restricted to 25 connections.
2025-01-29 13:44:26,451 INFO c.h.h.t.HelmChartContainer - [K3S] [range_allocator.go:247] "Successfully synced" key="b5478828a543"
2025-01-29 13:44:29,480 INFO c.h.h.t.HelmChartContainer - [test-hivemq-platform] [hivemq] [e0fd6de3] INFO  - No valid license file for Data Hub found. Using free license, restricted to 1 policy.
2025-01-29 13:44:29,610 INFO c.h.h.t.HelmChartContainer - [test-hivemq-platform] [hivemq] [e0fd6de3] WARN  - [HiveMQ Platform Operator Init App 1.7.0-SNAPSHOT] Cannot connect to Health API for readiness: null
2025-01-29 13:44:29,614 INFO c.h.h.t.HelmChartContainer - [EVENT] Warning [Unhealthy] Readiness probe failed: HTTP probe failed with statuscode: 503 [helmvolumeclaimtemplatesit:test-hivemq-platform-0]
2025-01-29 13:44:29,614 INFO c.h.h.t.HelmChartContainer - Received Unhealthy event for container hivemq in pod test-hivemq-platform-0 [e0fd6de3-ff86-4f05-ae0b-43406ae982a0]
2025-01-29 13:44:29,641 INFO c.h.h.t.HelmChartContainer - [hivemq-test-hivemq-platform] [hivemq-platform-operator] [7b38861f] 13:44:29.639 [pool-6-thread-44] DEBUG c.h.p.o.d.PlatformServiceResource - [helmvolu] Desired Platform services (3 services)
2025-01-29 13:44:29,641 INFO c.h.h.t.HelmChartContainer - [hivemq-test-hivemq-platform] [hivemq-platform-operator] [7b38861f] 13:44:29.639 [pool-6-thread-41] DEBUG c.h.p.o.d.PodServiceAccountResource - [helmvolu] Desired PodServiceAccountResource (serviceAccountName: hivemq-platform-pod-test-hivemq-platform)
2025-01-29 13:44:29,641 INFO c.h.h.t.HelmChartContainer - [hivemq-test-hivemq-platform] [hivemq-platform-operator] [7b38861f] 13:44:29.639 [pool-6-thread-48] DEBUG c.h.p.o.dependants.PodInfoConfigMap - [helmvolu] Desired PodInfo ConfigMap (1 extensions) (1 enabled)
2025-01-29 13:44:29,641 INFO c.h.h.t.HelmChartContainer - [hivemq-test-hivemq-platform] [hivemq-platform-operator] [7b38861f] 13:44:29.639 [pool-6-thread-48] DEBUG c.h.p.o.dependants.PodInfoConfigMap - [helmvolu] Desired PodInfo ConfigMap (metrics port: 9399) (metrics path: /)
2025-01-29 13:44:29,641 INFO c.h.h.t.HelmChartContainer - [hivemq-test-hivemq-platform] [hivemq-platform-operator] [7b38861f] 13:44:29.639 [pool-6-thread-48] DEBUG c.h.p.o.dependants.PodInfoConfigMap - [helmvolu] Desired PodInfo ConfigMap (extension state hash: -1817474005)
2025-01-29 13:44:29,642 INFO c.h.h.t.HelmChartContainer - [hivemq-test-hivemq-platform] [hivemq-platform-operator] [7b38861f] 13:44:29.642 [pool-6-thread-44] DEBUG c.h.p.o.d.StatefulSetResource - [helmvolu] Desired StatefulSet (3 replicas) for status ROLLING_RESTART (RESTART_PODS_IN_PROGRESS)
2025-01-29 13:44:29,644 INFO c.h.h.t.HelmChartContainer - [hivemq-test-hivemq-platform] [hivemq-platform-operator] [7b38861f] 13:44:29.644 [ReconcilerExecutor-hivemq-controller-123] INFO  c.h.p.o.HiveMQPlatformReconciler - [helmvolu] Reconciling HiveMQ Platform 'test-hivemq-platform' in namespace 'helmvolumeclaimtemplatesit'
2025-01-29 13:44:29,644 INFO c.h.h.t.HelmChartContainer - [hivemq-test-hivemq-platform] [hivemq-platform-operator] [7b38861f] 13:44:29.644 [ReconcilerExecutor-hivemq-controller-123] DEBUG c.h.p.o.HiveMQPlatformReconciler - [helmvolu] Custom Resource Status ROLLING_RESTART - HiveMQ Platform is restarting Pods (rolling restart) (RESTART_PODS_IN_PROGRESS)
2025-01-29 13:44:29,644 INFO c.h.h.t.HelmChartContainer - [hivemq-test-hivemq-platform] [hivemq-platform-operator] [7b38861f] 13:44:29.644 [ReconcilerExecutor-hivemq-controller-123] DEBUG c.h.p.o.HiveMQPlatformReconciler - [helmvolu] Custom Resource Spec (replicas: 2) (extensions: 1)
2025-01-29 13:44:29,645 INFO c.h.h.t.HelmChartContainer - [hivemq-test-hivemq-platform] [hivemq-platform-operator] [7b38861f] 13:44:29.645 [ReconcilerExecutor-hivemq-controller-123] DEBUG c.h.p.o.HiveMQPlatformReconciler - [helmvolu] StatefulSet Status (revision: test-hivemq-platform-59475f86c9, replicas: 3, available: 2, ready: 2, current: 0, updated: 3)
2025-01-29 13:44:29,645 INFO c.h.h.t.HelmChartContainer - [hivemq-test-hivemq-platform] [hivemq-platform-operator] [7b38861f] 13:44:29.645 [ReconcilerExecutor-hivemq-controller-123] DEBUG c.h.p.o.HiveMQPlatformReconciler - [helmvolu] StatefulSet Spec (replicas: 3, init containers: 1, containers: 1, volumes: 4)
2025-01-29 13:44:29,646 INFO c.h.h.t.HelmChartContainer - [hivemq-test-hivemq-platform] [hivemq-platform-operator] [7b38861f] 13:44:29.646 [ReconcilerExecutor-hivemq-controller-123] DEBUG c.h.p.o.h.HiveMQPlatformReconcilerErrorHandler - [helmvolu] Pod 'test-hivemq-platform-2' phase Running
2025-01-29 13:44:29,647 INFO c.h.h.t.HelmChartContainer - [hivemq-test-hivemq-platform] [hivemq-platform-operator] [7b38861f] 13:44:29.646 [ReconcilerExecutor-hivemq-controller-123] DEBUG c.h.p.o.h.HiveMQPlatformReconcilerErrorHandler - [helmvolu] Pod 'test-hivemq-platform-1' phase Running
2025-01-29 13:44:29,648 INFO c.h.h.t.HelmChartContainer - [hivemq-test-hivemq-platform] [hivemq-platform-operator] [7b38861f] 13:44:29.647 [ReconcilerExecutor-hivemq-controller-123] DEBUG c.h.p.o.h.HiveMQPlatformReconcilerErrorHandler - [helmvolu] Pod 'test-hivemq-platform-0' phase Running
2025-01-29 13:44:29,648 INFO c.h.h.t.HelmChartContainer - [hivemq-test-hivemq-platform] [hivemq-platform-operator] [7b38861f] 13:44:29.647 [ReconcilerExecutor-hivemq-controller-123] DEBUG c.h.p.o.h.HiveMQPlatformReconcilerRollingRestartHandler - [helmvolu] Rolling restart is waiting for 2 of 3 replicas
2025-01-29 13:44:30,612 INFO c.h.h.t.HelmChartContainer - [test-hivemq-platform] [hivemq] [e0fd6de3] INFO  - Audit Logger started.
2025-01-29 13:44:30,900 INFO c.h.h.t.HelmChartContainer - [test-hivemq-platform] [hivemq] [e0fd6de3] INFO  - This node uses '1' CPU cores.
2025-01-29 13:44:30,907 INFO c.h.h.t.HelmChartContainer - [test-hivemq-platform] [hivemq] [e0fd6de3] INFO  - Starting HiveMQ Health API on address 0.0.0.0 and port 8889
2025-01-29 13:44:32,009 INFO c.h.h.t.HelmChartContainer - [test-hivemq-platform] [hivemq] [e0fd6de3] INFO  - Started HiveMQ Health API in 1104ms
2025-01-29 13:44:32,881 INFO c.h.h.t.HelmChartContainer - [test-hivemq-platform] [hivemq] [e0fd6de3] INFO  - Starting HiveMQ extension system.
2025-01-29 13:44:33,083 INFO c.h.h.t.HelmChartContainer - [test-hivemq-platform] [hivemq] [e0fd6de3] INFO  - Starting extension with id "hivemq-dns-cluster-discovery" at /opt/hivemq/extensions/hivemq-dns-cluster-discovery
2025-01-29 13:44:33,612 INFO c.h.h.t.HelmChartContainer - [test-hivemq-platform] [hivemq] [e0fd6de3] INFO  - Extension "DNS Cluster Discovery Extension" version 4.3.2 started successfully.
2025-01-29 13:44:33,613 INFO c.h.h.t.HelmChartContainer - [test-hivemq-platform] [hivemq] [e0fd6de3] INFO  - Starting extension with id "hivemq-prometheus-extension" at /opt/hivemq/extensions/hivemq-prometheus-extension
2025-01-29 13:44:33,614 INFO c.h.h.t.HelmChartContainer - [test-hivemq-platform] [hivemq] [e0fd6de3] INFO  - Using TCP cluster transport on address 10.42.0.15 and port 7000
2025-01-29 13:44:33,710 INFO c.h.h.t.HelmChartContainer - [test-hivemq-platform] [hivemq] [e0fd6de3] INFO  - Using extension cluster discovery
2025-01-29 13:44:34,579 INFO c.h.h.t.HelmChartContainer - [test-hivemq-platform] [hivemq] [e0fd6de3] INFO  - Started Jetty Server exposing Prometheus Servlet on URI http://0.0.0.0:9399/
2025-01-29 13:44:34,579 INFO c.h.h.t.HelmChartContainer - [test-hivemq-platform] [hivemq] [e0fd6de3] INFO  - Extension "Prometheus Monitoring Extension" version 4.0.12 started successfully.
2025-01-29 13:44:34,579 INFO c.h.h.t.HelmChartContainer - [test-hivemq-platform] [hivemq] [e0fd6de3] INFO  - Starting extension with id "hivemq-allow-all-extension" at /opt/hivemq/extensions/hivemq-allow-all-extension
2025-01-29 13:44:34,581 INFO c.h.h.t.HelmChartContainer - [test-hivemq-platform] [hivemq] [e0fd6de3] WARN  - 
2025-01-29 13:44:34,581 INFO c.h.h.t.HelmChartContainer - [test-hivemq-platform] [hivemq] [e0fd6de3] ################################################################################################################
2025-01-29 13:44:34,581 INFO c.h.h.t.HelmChartContainer - [test-hivemq-platform] [hivemq] [e0fd6de3] # This HiveMQ deployment is not secure! You are lacking Authentication and Authorization.                      #
2025-01-29 13:44:34,581 INFO c.h.h.t.HelmChartContainer - [test-hivemq-platform] [hivemq] [e0fd6de3] # Right now any MQTT client can connect to the broker with a full set of permissions.                          #
2025-01-29 13:44:34,581 INFO c.h.h.t.HelmChartContainer - [test-hivemq-platform] [hivemq] [e0fd6de3] # For production usage, add an appropriate security extension and remove the hivemq-allow-all extension.       #
2025-01-29 13:44:34,581 INFO c.h.h.t.HelmChartContainer - [test-hivemq-platform] [hivemq] [e0fd6de3] # You can download security extensions from the HiveMQ Marketplace (https://www.hivemq.com/extensions/).       #
2025-01-29 13:44:34,581 INFO c.h.h.t.HelmChartContainer - [test-hivemq-platform] [hivemq] [e0fd6de3] ################################################################################################################
2025-01-29 13:44:34,581 INFO c.h.h.t.HelmChartContainer - [test-hivemq-platform] [hivemq] [e0fd6de3] INFO  - Extension "Allow All Extension" version 1.1.1 started successfully.
2025-01-29 13:44:34,810 INFO c.h.h.t.HelmChartContainer - [test-hivemq-platform] [hivemq] [c13dbd2e] INFO  - Cluster nodes found by discovery: [Hpx4i|6] (3) [Hpx4i, OJ9Q4, eZeOt].
2025-01-29 13:44:34,813 INFO c.h.h.t.HelmChartContainer - [test-hivemq-platform] [hivemq] [e28f334e] INFO  - Cluster nodes found by discovery: [Hpx4i|6] (3) [Hpx4i, OJ9Q4, eZeOt].
2025-01-29 13:44:34,883 INFO c.h.h.t.HelmChartContainer - [test-hivemq-platform] [hivemq] [e0fd6de3] INFO  - Cluster nodes found by discovery: [Hpx4i|6] (3) [Hpx4i, OJ9Q4, eZeOt].
2025-01-29 13:44:35,111 INFO c.h.h.t.HelmChartContainer - [test-hivemq-platform] [hivemq] [e0fd6de3] INFO  - Cluster size = 1, members : [OJ9Q4].
2025-01-29 13:44:35,113 INFO c.h.h.t.HelmChartContainer - [test-hivemq-platform] [hivemq] [e0fd6de3] INFO  - Cluster size = 2, members : [OJ9Q4, Hpx4i].
2025-01-29 13:44:35,630 INFO c.h.h.t.HelmChartContainer - [EVENT] Warning [Unhealthy] Readiness probe failed: Get "http://10.42.0.15:7979/readiness": context deadline exceeded (Client.Timeout exceeded while awaiting headers) [helmvolumeclaimtemplatesit:test-hivemq-platform-0]
2025-01-29 13:44:35,630 INFO c.h.h.t.HelmChartContainer - Received Unhealthy event for container hivemq in pod test-hivemq-platform-0 [e0fd6de3-ff86-4f05-ae0b-43406ae982a0]
2025-01-29 13:44:35,682 INFO c.h.h.t.HelmChartContainer - [test-hivemq-platform] [hivemq] [e0fd6de3] INFO  - [HiveMQ Platform Operator Init App 1.7.0-SNAPSHOT] Returning Health API response 503 for readiness
2025-01-29 13:44:35,688 INFO c.h.h.t.HelmChartContainer - [test-hivemq-platform] [hivemq] [e0fd6de3] INFO  - Starting cluster join process. This may take a while. Please do not shut down HiveMQ.
2025-01-29 13:44:35,709 INFO c.h.h.t.HelmChartContainer - [test-hivemq-platform] [hivemq] [e0fd6de3] INFO  - Cluster join process is still ongoing. Please do not shut down HiveMQ.
2025-01-29 13:44:37,716 INFO c.h.h.t.HelmChartContainer - [test-hivemq-platform] [hivemq] [c13dbd2e] INFO  - Cluster size = 3, members : [OJ9Q4, eZeOt, Hpx4i].
2025-01-29 13:44:37,720 INFO c.h.h.t.HelmChartContainer - [test-hivemq-platform] [hivemq] [e28f334e] INFO  - Cluster size = 3, members : [OJ9Q4, eZeOt, Hpx4i].
2025-01-29 13:44:37,726 INFO c.h.h.t.HelmChartContainer - [test-hivemq-platform] [hivemq] [e0fd6de3] INFO  - Cluster size = 3, members : [OJ9Q4, eZeOt, Hpx4i].
2025-01-29 13:44:37,732 INFO c.h.h.t.HelmChartContainer - [test-hivemq-platform] [hivemq] [e0fd6de3] INFO  - Finished cluster join process successfully.
2025-01-29 13:44:37,734 INFO c.h.h.t.HelmChartContainer - [test-hivemq-platform] [hivemq] [e0fd6de3] WARN  - No user for HiveMQ Control Center configured. Starting with default user
2025-01-29 13:44:37,734 INFO c.h.h.t.HelmChartContainer - [test-hivemq-platform] [hivemq] [e0fd6de3] INFO  - Starting HiveMQ Control Center on address 0.0.0.0 and port 8080
2025-01-29 13:44:37,746 INFO c.h.h.t.HelmChartContainer - [test-hivemq-platform] [hivemq] [e0fd6de3] INFO  - Mounting HiveMQ Control Center V2 Preview
2025-01-29 13:44:38,423 INFO c.h.h.t.HelmChartContainer - [test-hivemq-platform] [hivemq] [e0fd6de3] INFO  - Started HiveMQ Control Center in 691ms
2025-01-29 13:44:38,517 INFO c.h.h.t.HelmChartContainer - [test-hivemq-platform] [hivemq] [e0fd6de3] INFO  - Starting TCP listener on address 0.0.0.0 and port 1884
2025-01-29 13:44:38,609 INFO c.h.h.t.HelmChartContainer - [test-hivemq-platform] [hivemq] [e0fd6de3] INFO  - Started TCP Listener on address 0.0.0.0 and on port 1884.
2025-01-29 13:44:38,609 INFO c.h.h.t.HelmChartContainer - [test-hivemq-platform] [hivemq] [e0fd6de3] INFO  - Started HiveMQ in 28894ms
2025-01-29 13:44:39,591 INFO c.h.h.t.HelmChartContainer - [test-hivemq-platform] [hivemq] [e0fd6de3] INFO  - [HiveMQ Platform Operator Init App 1.7.0-SNAPSHOT] Returning Health API response 200 for readiness
2025-01-29 13:44:39,603 INFO c.h.h.t.HelmChartContainer - [POD] test-hivemq-platform-0 [e0fd6de3-ff86-4f05-ae0b-43406ae982a0] in helmvolumeclaimtemplatesit was MODIFIED
2025-01-29 13:44:39,614 INFO c.h.h.t.HelmChartContainer - [hivemq-test-hivemq-platform] [hivemq-platform-operator] [7b38861f] 13:44:39.611 [pool-6-thread-10] DEBUG c.h.p.o.d.PlatformServiceResource - [helmvolu] Desired Platform services (3 services)
2025-01-29 13:44:39,620 INFO c.h.h.t.HelmChartContainer - [hivemq-test-hivemq-platform] [hivemq-platform-operator] [7b38861f] 13:44:39.615 [pool-6-thread-5] DEBUG c.h.p.o.d.PodServiceAccountResource - [helmvolu] Desired PodServiceAccountResource (serviceAccountName: hivemq-platform-pod-test-hivemq-platform)
2025-01-29 13:44:39,622 INFO c.h.h.t.HelmChartContainer - [hivemq-test-hivemq-platform] [hivemq-platform-operator] [7b38861f] 13:44:39.615 [pool-6-thread-10] DEBUG c.h.p.o.dependants.PodInfoConfigMap - [helmvolu] Desired PodInfo ConfigMap (1 extensions) (1 enabled)
2025-01-29 13:44:39,625 INFO c.h.h.t.HelmChartContainer - [hivemq-test-hivemq-platform] [hivemq-platform-operator] [7b38861f] 13:44:39.616 [pool-6-thread-10] DEBUG c.h.p.o.dependants.PodInfoConfigMap - [helmvolu] Desired PodInfo ConfigMap (metrics port: 9399) (metrics path: /)
2025-01-29 13:44:39,625 INFO c.h.h.t.HelmChartContainer - [hivemq-test-hivemq-platform] [hivemq-platform-operator] [7b38861f] 13:44:39.616 [pool-6-thread-10] DEBUG c.h.p.o.dependants.PodInfoConfigMap - [helmvolu] Desired PodInfo ConfigMap (extension state hash: -1817474005)
2025-01-29 13:44:39,625 INFO c.h.h.t.HelmChartContainer - [hivemq-test-hivemq-platform] [hivemq-platform-operator] [7b38861f] 13:44:39.618 [pool-6-thread-8] DEBUG c.h.p.o.d.StatefulSetResource - [helmvolu] Desired StatefulSet (3 replicas) for status ROLLING_RESTART (RESTART_PODS_IN_PROGRESS)
2025-01-29 13:44:39,630 INFO c.h.h.t.HelmChartContainer - [hivemq-test-hivemq-platform] [hivemq-platform-operator] [7b38861f] 13:44:39.627 [ReconcilerExecutor-hivemq-controller-124] INFO  c.h.p.o.HiveMQPlatformReconciler - [helmvolu] Reconciling HiveMQ Platform 'test-hivemq-platform' in namespace 'helmvolumeclaimtemplatesit'
2025-01-29 13:44:39,631 INFO c.h.h.t.HelmChartContainer - [hivemq-test-hivemq-platform] [hivemq-platform-operator] [7b38861f] 13:44:39.628 [ReconcilerExecutor-hivemq-controller-124] DEBUG c.h.p.o.HiveMQPlatformReconciler - [helmvolu] Custom Resource Status ROLLING_RESTART - HiveMQ Platform is restarting Pods (rolling restart) (RESTART_PODS_IN_PROGRESS)
2025-01-29 13:44:39,631 INFO c.h.h.t.HelmChartContainer - [hivemq-test-hivemq-platform] [hivemq-platform-operator] [7b38861f] 13:44:39.628 [ReconcilerExecutor-hivemq-controller-124] DEBUG c.h.p.o.HiveMQPlatformReconciler - [helmvolu] Custom Resource Spec (replicas: 2) (extensions: 1)
2025-01-29 13:44:39,632 INFO c.h.h.t.HelmChartContainer - [hivemq-test-hivemq-platform] [hivemq-platform-operator] [7b38861f] 13:44:39.629 [ReconcilerExecutor-hivemq-controller-124] DEBUG c.h.p.o.HiveMQPlatformReconciler - [helmvolu] StatefulSet Status (revision: test-hivemq-platform-59475f86c9, replicas: 3, available: 3, ready: 3, current: 0, updated: 3)
2025-01-29 13:44:39,632 INFO c.h.h.t.HelmChartContainer - [hivemq-test-hivemq-platform] [hivemq-platform-operator] [7b38861f] 13:44:39.629 [ReconcilerExecutor-hivemq-controller-124] DEBUG c.h.p.o.HiveMQPlatformReconciler - [helmvolu] StatefulSet Spec (replicas: 3, init containers: 1, containers: 1, volumes: 4)
2025-01-29 13:44:39,632 INFO c.h.h.t.HelmChartContainer - [hivemq-test-hivemq-platform] [hivemq-platform-operator] [7b38861f] 13:44:39.630 [ReconcilerExecutor-hivemq-controller-124] DEBUG c.h.p.o.h.HiveMQPlatformReconcilerErrorHandler - [helmvolu] Pod 'test-hivemq-platform-2' phase Running
2025-01-29 13:44:39,634 INFO c.h.h.t.HelmChartContainer - [hivemq-test-hivemq-platform] [hivemq-platform-operator] [7b38861f] 13:44:39.632 [ReconcilerExecutor-hivemq-controller-124] DEBUG c.h.p.o.h.HiveMQPlatformReconcilerErrorHandler - [helmvolu] Pod 'test-hivemq-platform-1' phase Running
2025-01-29 13:44:39,635 INFO c.h.h.t.HelmChartContainer - [hivemq-test-hivemq-platform] [hivemq-platform-operator] [7b38861f] 13:44:39.633 [ReconcilerExecutor-hivemq-controller-124] DEBUG c.h.p.o.h.HiveMQPlatformReconcilerErrorHandler - [helmvolu] Pod 'test-hivemq-platform-0' phase Running
2025-01-29 13:44:39,639 INFO c.h.h.t.HelmChartContainer - [hivemq-test-hivemq-platform] [hivemq-platform-operator] [7b38861f] 13:44:39.639 [ReconcilerExecutor-hivemq-controller-124] DEBUG c.h.p.o.h.HiveMQPlatformReconcilerRollingRestartHandler - [helmvolu] Skipping Pod test-hivemq-platform-2 as it's already on the controller update revision (update revision: test-hivemq-platform-59475f86c9, pod revision: test-hivemq-platform-59475f86c9)
2025-01-29 13:44:39,645 INFO c.h.h.t.HelmChartContainer - [hivemq-test-hivemq-platform] [hivemq-platform-operator] [7b38861f] 13:44:39.644 [ReconcilerExecutor-hivemq-controller-124] DEBUG c.h.p.o.h.HiveMQPlatformReconcilerRollingRestartHandler - [helmvolu] Skipping Pod test-hivemq-platform-1 as it's already on the controller update revision (update revision: test-hivemq-platform-59475f86c9, pod revision: test-hivemq-platform-59475f86c9)
2025-01-29 13:44:39,649 INFO c.h.h.t.HelmChartContainer - [hivemq-test-hivemq-platform] [hivemq-platform-operator] [7b38861f] 13:44:39.648 [ReconcilerExecutor-hivemq-controller-124] DEBUG c.h.p.o.h.HiveMQPlatformReconcilerRollingRestartHandler - [helmvolu] Skipping Pod test-hivemq-platform-0 as it's already on the controller update revision (update revision: test-hivemq-platform-59475f86c9, pod revision: test-hivemq-platform-59475f86c9)
2025-01-29 13:44:39,650 INFO c.h.h.t.HelmChartContainer - [hivemq-test-hivemq-platform] [hivemq-platform-operator] [7b38861f] 13:44:39.649 [ReconcilerExecutor-hivemq-controller-124] INFO  c.h.p.o.h.HiveMQPlatformReconcilerRollingRestartHandler - [helmvolu] Stopping surge Pod
2025-01-29 13:44:39,671 INFO c.h.h.t.HelmChartContainer - [hivemq-test-hivemq-platform] [hivemq-platform-operator] [7b38861f] 13:44:39.671 [ReconcilerExecutor-hivemq-controller-124] DEBUG c.h.p.operator.event.EventSender - [helmvolu] Creating K8s event rolling-restart-scale-down-in-progress: [RollingRestart] HiveMQ Platform is stopping the surge Pod (rolling restart)
2025-01-29 13:44:39,675 INFO c.h.h.t.HelmChartContainer - [EVENT] Normal [RollingRestart] HiveMQ Platform is stopping the surge Pod (rolling restart) [helmvolumeclaimtemplatesit:test-hivemq-platform]
2025-01-29 13:44:39,675 INFO c.h.h.t.HelmChartContainer - [hivemq-test-hivemq-platform] [hivemq-platform-operator] [7b38861f] 13:44:39.675 [ReconcilerExecutor-hivemq-controller-124] INFO  c.h.p.o.h.AbstractHiveMQReconcilerStateHandler - [helmvolu] Update HiveMQ Platform Status (ROLLING_RESTART [RESTART_PODS_IN_PROGRESS] -> ROLLING_RESTART [SCALE_DOWN_IN_PROGRESS]): HiveMQ Platform is stopping the surge Pod (rolling restart)
2025-01-29 13:44:39,682 DEBUG com.hivemq.helmcharts.util.K8sUtil - Comparing actual state 'ROLLING_RESTART' and waiting for 'RUNNING'
2025-01-29 13:44:39,686 INFO c.h.h.t.HelmChartContainer - [hivemq-test-hivemq-platform] [hivemq-platform-operator] [7b38861f] 13:44:39.683 [pool-6-thread-20] DEBUG c.h.p.o.d.PlatformServiceResource - [helmvolu] Desired Platform services (3 services)
2025-01-29 13:44:39,686 INFO c.h.h.t.HelmChartContainer - [hivemq-test-hivemq-platform] [hivemq-platform-operator] [7b38861f] 13:44:39.684 [pool-6-thread-12] DEBUG c.h.p.o.dependants.PodInfoConfigMap - [helmvolu] Desired PodInfo ConfigMap (1 extensions) (1 enabled)
2025-01-29 13:44:39,686 INFO c.h.h.t.HelmChartContainer - [hivemq-test-hivemq-platform] [hivemq-platform-operator] [7b38861f] 13:44:39.684 [pool-6-thread-12] DEBUG c.h.p.o.dependants.PodInfoConfigMap - [helmvolu] Desired PodInfo ConfigMap (metrics port: 9399) (metrics path: /)
2025-01-29 13:44:39,686 INFO c.h.h.t.HelmChartContainer - [hivemq-test-hivemq-platform] [hivemq-platform-operator] [7b38861f] 13:44:39.684 [pool-6-thread-12] DEBUG c.h.p.o.dependants.PodInfoConfigMap - [helmvolu] Desired PodInfo ConfigMap (extension state hash: -1817474005)
2025-01-29 13:44:39,686 INFO c.h.h.t.HelmChartContainer - [hivemq-test-hivemq-platform] [hivemq-platform-operator] [7b38861f] 13:44:39.684 [pool-6-thread-12] DEBUG c.h.p.o.dependants.PodInfoConfigMap - [helmvolu] Update PodInfo ConfigMap
2025-01-29 13:44:39,686 INFO c.h.h.t.HelmChartContainer - [hivemq-test-hivemq-platform] [hivemq-platform-operator] [7b38861f] 13:44:39.684 [pool-6-thread-15] DEBUG c.h.p.o.d.PodServiceAccountResource - [helmvolu] Desired PodServiceAccountResource (serviceAccountName: hivemq-platform-pod-test-hivemq-platform)
2025-01-29 13:44:39,759 INFO c.h.h.t.HelmChartContainer - [hivemq-test-hivemq-platform] [hivemq-platform-operator] [7b38861f] 13:44:39.758 [pool-6-thread-12] DEBUG c.h.p.o.d.StatefulSetResource - [helmvolu] Desired StatefulSet (2 replicas) for status ROLLING_RESTART (SCALE_DOWN_IN_PROGRESS)
2025-01-29 13:44:39,761 INFO c.h.h.t.HelmChartContainer - [hivemq-test-hivemq-platform] [hivemq-platform-operator] [7b38861f] 13:44:39.760 [pool-6-thread-12] DEBUG c.h.p.o.d.StatefulSetResource - [helmvolu] Update StatefulSet (replicas: 3 -> 2)
2025-01-29 13:44:39,781 INFO c.h.h.t.HelmChartContainer - [hivemq-test-hivemq-platform] [hivemq-platform-operator] [7b38861f] 13:44:39.779 [ReconcilerExecutor-hivemq-controller-124] INFO  c.h.p.o.HiveMQPlatformReconciler - [helmvolu] Reconciling HiveMQ Platform 'test-hivemq-platform' in namespace 'helmvolumeclaimtemplatesit'
2025-01-29 13:44:39,781 INFO c.h.h.t.HelmChartContainer - [hivemq-test-hivemq-platform] [hivemq-platform-operator] [7b38861f] 13:44:39.779 [ReconcilerExecutor-hivemq-controller-124] DEBUG c.h.p.o.HiveMQPlatformReconciler - [helmvolu] Custom Resource Status ROLLING_RESTART - HiveMQ Platform is stopping the surge Pod (rolling restart) (SCALE_DOWN_IN_PROGRESS)
2025-01-29 13:44:39,781 INFO c.h.h.t.HelmChartContainer - [hivemq-test-hivemq-platform] [hivemq-platform-operator] [7b38861f] 13:44:39.779 [ReconcilerExecutor-hivemq-controller-124] DEBUG c.h.p.o.HiveMQPlatformReconciler - [helmvolu] Custom Resource Spec (replicas: 2) (extensions: 1)
2025-01-29 13:44:39,781 INFO c.h.h.t.HelmChartContainer - [hivemq-test-hivemq-platform] [hivemq-platform-operator] [7b38861f] 13:44:39.780 [ReconcilerExecutor-hivemq-controller-124] DEBUG c.h.p.o.HiveMQPlatformReconciler - [helmvolu] StatefulSet Status (revision: test-hivemq-platform-59475f86c9, replicas: 3, available: 3, ready: 3, current: 0, updated: 3)
2025-01-29 13:44:39,781 INFO c.h.h.t.HelmChartContainer - [hivemq-test-hivemq-platform] [hivemq-platform-operator] [7b38861f] 13:44:39.780 [ReconcilerExecutor-hivemq-controller-124] DEBUG c.h.p.o.HiveMQPlatformReconciler - [helmvolu] StatefulSet Spec (replicas: 2, init containers: 1, containers: 1, volumes: 4)
2025-01-29 13:44:39,788 INFO c.h.h.t.HelmChartContainer - [hivemq-test-hivemq-platform] [hivemq-platform-operator] [7b38861f] 13:44:39.781 [ReconcilerExecutor-hivemq-controller-124] DEBUG c.h.p.o.h.HiveMQPlatformReconcilerErrorHandler - [helmvolu] Pod 'test-hivemq-platform-1' phase Running
2025-01-29 13:44:39,788 INFO c.h.h.t.HelmChartContainer - [hivemq-test-hivemq-platform] [hivemq-platform-operator] [7b38861f] 13:44:39.782 [ReconcilerExecutor-hivemq-controller-124] DEBUG c.h.p.o.h.HiveMQPlatformReconcilerErrorHandler - [helmvolu] Pod 'test-hivemq-platform-0' phase Running
2025-01-29 13:44:39,788 INFO c.h.h.t.HelmChartContainer - [hivemq-test-hivemq-platform] [hivemq-platform-operator] [7b38861f] 13:44:39.783 [ReconcilerExecutor-hivemq-controller-124] DEBUG c.h.p.o.h.HiveMQPlatformReconcilerRollingRestartHandler - [helmvolu] Rolling restart is waiting for 3 of 2 replicas
2025-01-29 13:44:39,790 INFO c.h.h.t.HelmChartContainer - [POD] test-hivemq-platform-2 [c13dbd2e-87cd-4ccb-a8ae-0b940e699703] in helmvolumeclaimtemplatesit was MODIFIED
2025-01-29 13:44:39,799 INFO c.h.h.t.HelmChartContainer - [hivemq-test-hivemq-platform] [hivemq-platform-operator] [7b38861f] 13:44:39.793 [pool-6-thread-25] DEBUG c.h.p.o.d.PlatformServiceResource - [helmvolu] Desired Platform services (3 services)
2025-01-29 13:44:39,799 INFO c.h.h.t.HelmChartContainer - [hivemq-test-hivemq-platform] [hivemq-platform-operator] [7b38861f] 13:44:39.794 [pool-6-thread-28] DEBUG c.h.p.o.dependants.PodInfoConfigMap - [helmvolu] Desired PodInfo ConfigMap (1 extensions) (1 enabled)
2025-01-29 13:44:39,799 INFO c.h.h.t.HelmChartContainer - [hivemq-test-hivemq-platform] [hivemq-platform-operator] [7b38861f] 13:44:39.795 [pool-6-thread-28] DEBUG c.h.p.o.dependants.PodInfoConfigMap - [helmvolu] Desired PodInfo ConfigMap (metrics port: 9399) (metrics path: /)
2025-01-29 13:44:39,799 INFO c.h.h.t.HelmChartContainer - [hivemq-test-hivemq-platform] [hivemq-platform-operator] [7b38861f] 13:44:39.795 [pool-6-thread-28] DEBUG c.h.p.o.dependants.PodInfoConfigMap - [helmvolu] Desired PodInfo ConfigMap (extension state hash: -1817474005)
2025-01-29 13:44:39,800 INFO c.h.h.t.HelmChartContainer - [hivemq-test-hivemq-platform] [hivemq-platform-operator] [7b38861f] 13:44:39.795 [pool-6-thread-22] DEBUG c.h.p.o.d.PodServiceAccountResource - [helmvolu] Desired PodServiceAccountResource (serviceAccountName: hivemq-platform-pod-test-hivemq-platform)
2025-01-29 13:44:39,800 INFO c.h.h.t.HelmChartContainer - [EVENT] Normal [SuccessfulDelete] delete Pod test-hivemq-platform-2 in StatefulSet test-hivemq-platform successful [helmvolumeclaimtemplatesit:test-hivemq-platform]
2025-01-29 13:44:39,801 INFO c.h.h.t.HelmChartContainer - [EVENT] Normal [Killing] Stopping container hivemq [helmvolumeclaimtemplatesit:test-hivemq-platform-2]
2025-01-29 13:44:39,801 INFO c.h.h.t.HelmChartContainer - Received Killing event for container hivemq in pod test-hivemq-platform-2 [c13dbd2e-87cd-4ccb-a8ae-0b940e699703]
2025-01-29 13:44:39,801 INFO c.h.h.t.HelmChartContainer - Container [test-hivemq-platform-2] [hivemq] [c13dbd2e-87cd-4ccb-a8ae-0b940e699703] was terminated
2025-01-29 13:44:39,801 INFO c.h.h.t.HelmChartContainer - Stopped log watcher for hivemq in pod test-hivemq-platform-2 [c13dbd2e-87cd-4ccb-a8ae-0b940e699703]
2025-01-29 13:44:39,806 INFO c.h.h.t.HelmChartContainer - [hivemq-test-hivemq-platform] [hivemq-platform-operator] [7b38861f] 13:44:39.798 [pool-6-thread-25] DEBUG c.h.p.o.d.StatefulSetResource - [helmvolu] Desired StatefulSet (2 replicas) for status ROLLING_RESTART (SCALE_DOWN_IN_PROGRESS)
2025-01-29 13:44:39,807 INFO c.h.h.t.HelmChartContainer - [test-hivemq-platform] [hivemq] [c13dbd2e] INFO  - [HiveMQ Platform Operator Init App 1.7.0-SNAPSHOT] Shutting down
2025-01-29 13:44:39,807 INFO c.h.h.t.HelmChartContainer - [test-hivemq-platform] [hivemq] [c13dbd2e] INFO  - [HiveMQ Platform Operator Init App 1.7.0-SNAPSHOT] Stopping the HiveMQ Platform
2025-01-29 13:44:39,860 INFO c.h.h.t.HelmChartContainer - [hivemq-test-hivemq-platform] [hivemq-platform-operator] [7b38861f] 13:44:39.858 [ReconcilerExecutor-hivemq-controller-126] INFO  c.h.p.o.HiveMQPlatformReconciler - [helmvolu] Reconciling HiveMQ Platform 'test-hivemq-platform' in namespace 'helmvolumeclaimtemplatesit'
2025-01-29 13:44:39,860 INFO c.h.h.t.HelmChartContainer - [hivemq-test-hivemq-platform] [hivemq-platform-operator] [7b38861f] 13:44:39.858 [ReconcilerExecutor-hivemq-controller-126] DEBUG c.h.p.o.HiveMQPlatformReconciler - [helmvolu] Custom Resource Status ROLLING_RESTART - HiveMQ Platform is stopping the surge Pod (rolling restart) (SCALE_DOWN_IN_PROGRESS)
2025-01-29 13:44:39,860 INFO c.h.h.t.HelmChartContainer - [hivemq-test-hivemq-platform] [hivemq-platform-operator] [7b38861f] 13:44:39.858 [ReconcilerExecutor-hivemq-controller-126] DEBUG c.h.p.o.HiveMQPlatformReconciler - [helmvolu] Custom Resource Spec (replicas: 2) (extensions: 1)
2025-01-29 13:44:39,860 INFO c.h.h.t.HelmChartContainer - [hivemq-test-hivemq-platform] [hivemq-platform-operator] [7b38861f] 13:44:39.860 [ReconcilerExecutor-hivemq-controller-126] DEBUG c.h.p.o.HiveMQPlatformReconciler - [helmvolu] StatefulSet Status (revision: test-hivemq-platform-59475f86c9, replicas: 3, available: 3, ready: 3, current: 0, updated: 2)
2025-01-29 13:44:39,861 INFO c.h.h.t.HelmChartContainer - [hivemq-test-hivemq-platform] [hivemq-platform-operator] [7b38861f] 13:44:39.860 [ReconcilerExecutor-hivemq-controller-126] DEBUG c.h.p.o.HiveMQPlatformReconciler - [helmvolu] StatefulSet Spec (replicas: 2, init containers: 1, containers: 1, volumes: 4)
2025-01-29 13:44:39,862 INFO c.h.h.t.HelmChartContainer - [hivemq-test-hivemq-platform] [hivemq-platform-operator] [7b38861f] 13:44:39.861 [ReconcilerExecutor-hivemq-controller-126] DEBUG c.h.p.o.h.HiveMQPlatformReconcilerErrorHandler - [helmvolu] Pod 'test-hivemq-platform-1' phase Running
2025-01-29 13:44:39,863 INFO c.h.h.t.HelmChartContainer - [hivemq-test-hivemq-platform] [hivemq-platform-operator] [7b38861f] 13:44:39.862 [ReconcilerExecutor-hivemq-controller-126] DEBUG c.h.p.o.h.HiveMQPlatformReconcilerErrorHandler - [helmvolu] Pod 'test-hivemq-platform-0' phase Running
2025-01-29 13:44:39,863 INFO c.h.h.t.HelmChartContainer - [hivemq-test-hivemq-platform] [hivemq-platform-operator] [7b38861f] 13:44:39.862 [ReconcilerExecutor-hivemq-controller-126] DEBUG c.h.p.o.h.HiveMQPlatformReconcilerRollingRestartHandler - [helmvolu] Rolling restart is waiting for 3 of 2 replicas
2025-01-29 13:44:39,865 INFO c.h.h.t.HelmChartContainer - [hivemq-test-hivemq-platform] [hivemq-platform-operator] [7b38861f] 13:44:39.864 [pool-6-thread-40] DEBUG c.h.p.o.d.PlatformServiceResource - [helmvolu] Desired Platform services (3 services)
2025-01-29 13:44:39,866 INFO c.h.h.t.HelmChartContainer - [hivemq-test-hivemq-platform] [hivemq-platform-operator] [7b38861f] 13:44:39.865 [pool-6-thread-34] DEBUG c.h.p.o.d.PodServiceAccountResource - [helmvolu] Desired PodServiceAccountResource (serviceAccountName: hivemq-platform-pod-test-hivemq-platform)
2025-01-29 13:44:39,866 INFO c.h.h.t.HelmChartContainer - [hivemq-test-hivemq-platform] [hivemq-platform-operator] [7b38861f] 13:44:39.865 [pool-6-thread-31] DEBUG c.h.p.o.dependants.PodInfoConfigMap - [helmvolu] Desired PodInfo ConfigMap (1 extensions) (1 enabled)
2025-01-29 13:44:39,866 INFO c.h.h.t.HelmChartContainer - [hivemq-test-hivemq-platform] [hivemq-platform-operator] [7b38861f] 13:44:39.865 [pool-6-thread-31] DEBUG c.h.p.o.dependants.PodInfoConfigMap - [helmvolu] Desired PodInfo ConfigMap (metrics port: 9399) (metrics path: /)
2025-01-29 13:44:39,867 INFO c.h.h.t.HelmChartContainer - [hivemq-test-hivemq-platform] [hivemq-platform-operator] [7b38861f] 13:44:39.865 [pool-6-thread-31] DEBUG c.h.p.o.dependants.PodInfoConfigMap - [helmvolu] Desired PodInfo ConfigMap (extension state hash: -1817474005)
2025-01-29 13:44:39,868 INFO c.h.h.t.HelmChartContainer - [hivemq-test-hivemq-platform] [hivemq-platform-operator] [7b38861f] 13:44:39.867 [pool-6-thread-40] DEBUG c.h.p.o.d.StatefulSetResource - [helmvolu] Desired StatefulSet (2 replicas) for status ROLLING_RESTART (SCALE_DOWN_IN_PROGRESS)
2025-01-29 13:44:39,871 INFO c.h.h.t.HelmChartContainer - [hivemq-test-hivemq-platform] [hivemq-platform-operator] [7b38861f] 13:44:39.869 [ReconcilerExecutor-hivemq-controller-126] INFO  c.h.p.o.HiveMQPlatformReconciler - [helmvolu] Reconciling HiveMQ Platform 'test-hivemq-platform' in namespace 'helmvolumeclaimtemplatesit'
2025-01-29 13:44:39,871 INFO c.h.h.t.HelmChartContainer - [hivemq-test-hivemq-platform] [hivemq-platform-operator] [7b38861f] 13:44:39.869 [ReconcilerExecutor-hivemq-controller-126] DEBUG c.h.p.o.HiveMQPlatformReconciler - [helmvolu] Custom Resource Status ROLLING_RESTART - HiveMQ Platform is stopping the surge Pod (rolling restart) (SCALE_DOWN_IN_PROGRESS)
2025-01-29 13:44:39,871 INFO c.h.h.t.HelmChartContainer - [hivemq-test-hivemq-platform] [hivemq-platform-operator] [7b38861f] 13:44:39.869 [ReconcilerExecutor-hivemq-controller-126] DEBUG c.h.p.o.HiveMQPlatformReconciler - [helmvolu] Custom Resource Spec (replicas: 2) (extensions: 1)
2025-01-29 13:44:39,871 INFO c.h.h.t.HelmChartContainer - [hivemq-test-hivemq-platform] [hivemq-platform-operator] [7b38861f] 13:44:39.870 [ReconcilerExecutor-hivemq-controller-126] DEBUG c.h.p.o.HiveMQPlatformReconciler - [helmvolu] StatefulSet Status (revision: test-hivemq-platform-59475f86c9, replicas: 3, available: 3, ready: 3, current: 0, updated: 2)
2025-01-29 13:44:39,871 INFO c.h.h.t.HelmChartContainer - [hivemq-test-hivemq-platform] [hivemq-platform-operator] [7b38861f] 13:44:39.870 [ReconcilerExecutor-hivemq-controller-126] DEBUG c.h.p.o.HiveMQPlatformReconciler - [helmvolu] StatefulSet Spec (replicas: 2, init containers: 1, containers: 1, volumes: 4)
2025-01-29 13:44:39,872 INFO c.h.h.t.HelmChartContainer - [hivemq-test-hivemq-platform] [hivemq-platform-operator] [7b38861f] 13:44:39.871 [ReconcilerExecutor-hivemq-controller-126] DEBUG c.h.p.o.h.HiveMQPlatformReconcilerErrorHandler - [helmvolu] Pod 'test-hivemq-platform-1' phase Running
2025-01-29 13:44:39,873 INFO c.h.h.t.HelmChartContainer - [hivemq-test-hivemq-platform] [hivemq-platform-operator] [7b38861f] 13:44:39.872 [ReconcilerExecutor-hivemq-controller-126] DEBUG c.h.p.o.h.HiveMQPlatformReconcilerErrorHandler - [helmvolu] Pod 'test-hivemq-platform-0' phase Running
2025-01-29 13:44:39,876 INFO c.h.h.t.HelmChartContainer - [hivemq-test-hivemq-platform] [hivemq-platform-operator] [7b38861f] 13:44:39.875 [ReconcilerExecutor-hivemq-controller-126] DEBUG c.h.p.o.h.HiveMQPlatformReconcilerRollingRestartHandler - [helmvolu] Rolling restart is waiting for 3 of 2 replicas
2025-01-29 13:44:39,893 INFO c.h.h.t.HelmChartContainer - [test-hivemq-platform] [hivemq] [c13dbd2e] INFO  - Shutting down HiveMQ. Please wait, this could take a while...
2025-01-29 13:44:39,954 INFO c.h.h.t.HelmChartContainer - [test-hivemq-platform] [hivemq] [c13dbd2e] INFO  - Shutting down listeners and clients
2025-01-29 13:44:39,975 INFO c.h.h.t.HelmChartContainer - [test-hivemq-platform] [hivemq] [c13dbd2e] INFO  - Shutdown of listeners is done
2025-01-29 13:44:39,975 INFO c.h.h.t.HelmChartContainer - [test-hivemq-platform] [hivemq] [c13dbd2e] INFO  - No clients are connected, proceeding with shutdown
2025-01-29 13:44:42,797 INFO c.h.h.t.HelmChartContainer - [test-hivemq-platform] [hivemq] [c13dbd2e] INFO  - Shutting down extension system
2025-01-29 13:44:42,799 INFO c.h.h.t.HelmChartContainer - [test-hivemq-platform] [hivemq] [c13dbd2e] INFO  - Stopping extension with id hivemq-dns-cluster-discovery
2025-01-29 13:44:42,800 INFO c.h.h.t.HelmChartContainer - [test-hivemq-platform] [hivemq] [c13dbd2e] INFO  - Extension "DNS Cluster Discovery Extension" version 4.3.2 stopped successfully.
2025-01-29 13:44:42,801 INFO c.h.h.t.HelmChartContainer - [test-hivemq-platform] [hivemq] [c13dbd2e] INFO  - Stopping extension with id hivemq-prometheus-extension
2025-01-29 13:44:42,804 INFO c.h.h.t.HelmChartContainer - [test-hivemq-platform] [hivemq] [c13dbd2e] INFO  - Extension "Prometheus Monitoring Extension" version 4.0.12 stopped successfully.
2025-01-29 13:44:42,804 INFO c.h.h.t.HelmChartContainer - [test-hivemq-platform] [hivemq] [c13dbd2e] INFO  - Stopping extension with id hivemq-allow-all-extension
2025-01-29 13:44:42,804 INFO c.h.h.t.HelmChartContainer - [test-hivemq-platform] [hivemq] [c13dbd2e] INFO  - Extension "Allow All Extension" version 1.1.1 stopped successfully.
2025-01-29 13:44:42,809 INFO c.h.h.t.HelmChartContainer - [test-hivemq-platform] [hivemq] [e28f334e] INFO  - Cluster nodes found by discovery: [OJ9Q4|7] (2) [OJ9Q4, eZeOt].
2025-01-29 13:44:42,811 INFO c.h.h.t.HelmChartContainer - [test-hivemq-platform] [hivemq] [e28f334e] INFO  - Cluster size = 2, members : [OJ9Q4, eZeOt].
2025-01-29 13:44:42,819 INFO c.h.h.t.HelmChartContainer - [test-hivemq-platform] [hivemq] [e0fd6de3] INFO  - Cluster nodes found by discovery: [OJ9Q4|7] (2) [OJ9Q4, eZeOt].
2025-01-29 13:44:42,826 INFO c.h.h.t.HelmChartContainer - [test-hivemq-platform] [hivemq] [e28f334e] INFO  - Starting cluster replication process. This may take a while. Please do not shut down HiveMQ.
2025-01-29 13:44:42,837 INFO c.h.h.t.HelmChartContainer - [test-hivemq-platform] [hivemq] [e0fd6de3] INFO  - Cluster size = 2, members : [OJ9Q4, eZeOt].
2025-01-29 13:44:42,839 INFO c.h.h.t.HelmChartContainer - [test-hivemq-platform] [hivemq] [e0fd6de3] INFO  - Starting cluster replication process. This may take a while. Please do not shut down HiveMQ.
2025-01-29 13:44:43,118 INFO c.h.h.t.HelmChartContainer - [test-hivemq-platform] [hivemq] [e28f334e] INFO  - Finished cluster replication successfully in 292 ms.
2025-01-29 13:44:43,129 INFO c.h.h.t.HelmChartContainer - [test-hivemq-platform] [hivemq] [e0fd6de3] INFO  - Finished cluster replication successfully in 289 ms.
2025-01-29 13:44:43,994 INFO c.h.h.t.HelmChartContainer - [test-hivemq-platform] [hivemq] [c13dbd2e] INFO  - [HiveMQ Platform Operator Init App 1.7.0-SNAPSHOT] Returning shutdown Health API response 503 for readiness
2025-01-29 13:44:43,998 INFO c.h.h.t.HelmChartContainer - [EVENT] Warning [Unhealthy] Readiness probe failed: HTTP probe failed with statuscode: 503 [helmvolumeclaimtemplatesit:test-hivemq-platform-2]
2025-01-29 13:44:43,998 INFO c.h.h.t.HelmChartContainer - Received Unhealthy event for container hivemq in pod test-hivemq-platform-2 [c13dbd2e-87cd-4ccb-a8ae-0b940e699703]
2025-01-29 13:44:45,083 INFO c.h.h.t.HelmChartContainer - [test-hivemq-platform] [hivemq] [c13dbd2e] INFO  - Shutdown completed.
2025-01-29 13:44:45,498 INFO c.h.h.t.HelmChartContainer - [test-hivemq-platform] [hivemq] [c13dbd2e] INFO  - [HiveMQ Platform Operator Init App 1.7.0-SNAPSHOT] The HiveMQ Platform exited with code 143
2025-01-29 13:44:45,499 INFO c.h.h.t.HelmChartContainer - [test-hivemq-platform] [hivemq] [c13dbd2e] INFO  - [HiveMQ Platform Operator Init App 1.7.0-SNAPSHOT] Stopping the REST API
2025-01-29 13:44:45,504 INFO c.h.h.t.HelmChartContainer - [test-hivemq-platform] [hivemq] [c13dbd2e] INFO  - [HiveMQ Platform Operator Init App 1.7.0-SNAPSHOT] Shutdown complete
2025-01-29 13:44:45,971 INFO c.h.h.t.HelmChartContainer - [POD] test-hivemq-platform-2 [c13dbd2e-87cd-4ccb-a8ae-0b940e699703] in helmvolumeclaimtemplatesit was MODIFIED
2025-01-29 13:44:45,981 INFO c.h.h.t.HelmChartContainer - [hivemq-test-hivemq-platform] [hivemq-platform-operator] [7b38861f] 13:44:45.976 [pool-6-thread-46] DEBUG c.h.p.o.d.PlatformServiceResource - [helmvolu] Desired Platform services (3 services)
2025-01-29 13:44:45,982 INFO c.h.h.t.HelmChartContainer - [hivemq-test-hivemq-platform] [hivemq-platform-operator] [7b38861f] 13:44:45.977 [pool-6-thread-48] DEBUG c.h.p.o.dependants.PodInfoConfigMap - [helmvolu] Desired PodInfo ConfigMap (1 extensions) (1 enabled)
2025-01-29 13:44:45,982 INFO c.h.h.t.HelmChartContainer - [hivemq-test-hivemq-platform] [hivemq-platform-operator] [7b38861f] 13:44:45.980 [pool-6-thread-48] DEBUG c.h.p.o.dependants.PodInfoConfigMap - [helmvolu] Desired PodInfo ConfigMap (metrics port: 9399) (metrics path: /)
2025-01-29 13:44:45,983 INFO c.h.h.t.HelmChartContainer - [hivemq-test-hivemq-platform] [hivemq-platform-operator] [7b38861f] 13:44:45.980 [pool-6-thread-48] DEBUG c.h.p.o.dependants.PodInfoConfigMap - [helmvolu] Desired PodInfo ConfigMap (extension state hash: -1817474005)
2025-01-29 13:44:45,984 INFO c.h.h.t.HelmChartContainer - [hivemq-test-hivemq-platform] [hivemq-platform-operator] [7b38861f] 13:44:45.978 [pool-6-thread-41] DEBUG c.h.p.o.d.PodServiceAccountResource - [helmvolu] Desired PodServiceAccountResource (serviceAccountName: hivemq-platform-pod-test-hivemq-platform)
2025-01-29 13:44:45,987 INFO c.h.h.t.HelmChartContainer - [hivemq-test-hivemq-platform] [hivemq-platform-operator] [7b38861f] 13:44:45.984 [pool-6-thread-46] DEBUG c.h.p.o.d.StatefulSetResource - [helmvolu] Desired StatefulSet (2 replicas) for status ROLLING_RESTART (SCALE_DOWN_IN_PROGRESS)
2025-01-29 13:44:45,991 INFO c.h.h.t.HelmChartContainer - [hivemq-test-hivemq-platform] [hivemq-platform-operator] [7b38861f] 13:44:45.990 [ReconcilerExecutor-hivemq-controller-128] INFO  c.h.p.o.HiveMQPlatformReconciler - [helmvolu] Reconciling HiveMQ Platform 'test-hivemq-platform' in namespace 'helmvolumeclaimtemplatesit'
2025-01-29 13:44:45,991 INFO c.h.h.t.HelmChartContainer - [hivemq-test-hivemq-platform] [hivemq-platform-operator] [7b38861f] 13:44:45.990 [ReconcilerExecutor-hivemq-controller-128] DEBUG c.h.p.o.HiveMQPlatformReconciler - [helmvolu] Custom Resource Status ROLLING_RESTART - HiveMQ Platform is stopping the surge Pod (rolling restart) (SCALE_DOWN_IN_PROGRESS)
2025-01-29 13:44:45,993 INFO c.h.h.t.HelmChartContainer - [hivemq-test-hivemq-platform] [hivemq-platform-operator] [7b38861f] 13:44:45.990 [ReconcilerExecutor-hivemq-controller-128] DEBUG c.h.p.o.HiveMQPlatformReconciler - [helmvolu] Custom Resource Spec (replicas: 2) (extensions: 1)
2025-01-29 13:44:45,993 INFO c.h.h.t.HelmChartContainer - [hivemq-test-hivemq-platform] [hivemq-platform-operator] [7b38861f] 13:44:45.991 [ReconcilerExecutor-hivemq-controller-128] DEBUG c.h.p.o.HiveMQPlatformReconciler - [helmvolu] StatefulSet Status (revision: test-hivemq-platform-59475f86c9, replicas: 3, available: 2, ready: 2, current: 0, updated: 2)
2025-01-29 13:44:45,993 INFO c.h.h.t.HelmChartContainer - [hivemq-test-hivemq-platform] [hivemq-platform-operator] [7b38861f] 13:44:45.991 [ReconcilerExecutor-hivemq-controller-128] DEBUG c.h.p.o.HiveMQPlatformReconciler - [helmvolu] StatefulSet Spec (replicas: 2, init containers: 1, containers: 1, volumes: 4)
2025-01-29 13:44:45,995 INFO c.h.h.t.HelmChartContainer - [hivemq-test-hivemq-platform] [hivemq-platform-operator] [7b38861f] 13:44:45.992 [ReconcilerExecutor-hivemq-controller-128] DEBUG c.h.p.o.h.HiveMQPlatformReconcilerErrorHandler - [helmvolu] Pod 'test-hivemq-platform-1' phase Running
2025-01-29 13:44:45,995 INFO c.h.h.t.HelmChartContainer - [hivemq-test-hivemq-platform] [hivemq-platform-operator] [7b38861f] 13:44:45.994 [ReconcilerExecutor-hivemq-controller-128] DEBUG c.h.p.o.h.HiveMQPlatformReconcilerErrorHandler - [helmvolu] Pod 'test-hivemq-platform-0' phase Running
2025-01-29 13:44:45,995 INFO c.h.h.t.HelmChartContainer - [hivemq-test-hivemq-platform] [hivemq-platform-operator] [7b38861f] 13:44:45.995 [ReconcilerExecutor-hivemq-controller-128] INFO  c.h.p.o.h.HiveMQPlatformReconcilerRollingRestartHandler - [helmvolu] Rolling restart is done
2025-01-29 13:44:46,003 INFO c.h.h.t.HelmChartContainer - [EVENT] Normal [Ready] HiveMQ Platform is ready [helmvolumeclaimtemplatesit:test-hivemq-platform]
2025-01-29 13:44:46,004 INFO c.h.h.t.HelmChartContainer - [hivemq-test-hivemq-platform] [hivemq-platform-operator] [7b38861f] 13:44:46.003 [ReconcilerExecutor-hivemq-controller-128] DEBUG c.h.p.operator.event.EventSender - [helmvolu] Updating K8s event hivemq-platform-ready: [Ready] HiveMQ Platform is ready
2025-01-29 13:44:46,004 INFO c.h.h.t.HelmChartContainer - [hivemq-test-hivemq-platform] [hivemq-platform-operator] [7b38861f] 13:44:46.004 [ReconcilerExecutor-hivemq-controller-128] INFO  c.h.p.o.h.AbstractHiveMQReconcilerStateHandler - [helmvolu] Update HiveMQ Platform Status (ROLLING_RESTART [SCALE_DOWN_IN_PROGRESS] -> RUNNING [READY]): HiveMQ Platform is ready
2025-01-29 13:44:46,013 DEBUG com.hivemq.helmcharts.util.K8sUtil - Comparing actual state 'RUNNING' and waiting for 'RUNNING'
2025-01-29 13:44:46,051 INFO c.h.h.t.HelmChartContainer - [K3S] [reconciler_common.go:162] "operationExecutor.UnmountVolume started for volume \"pod-info\" (UniqueName: \"kubernetes.io/configmap/c13dbd2e-87cd-4ccb-a8ae-0b940e699703-pod-info\") pod \"c13dbd2e-87cd-4ccb-a8ae-0b940e699703\" (UID: \"c13dbd2e-87cd-4ccb-a8ae-0b940e699703\") "
2025-01-29 13:44:46,051 INFO c.h.h.t.HelmChartContainer - [K3S] [reconciler_common.go:162] "operationExecutor.UnmountVolume started for volume \"operator-init\" (UniqueName: \"kubernetes.io/empty-dir/c13dbd2e-87cd-4ccb-a8ae-0b940e699703-operator-init\") pod \"c13dbd2e-87cd-4ccb-a8ae-0b940e699703\" (UID: \"c13dbd2e-87cd-4ccb-a8ae-0b940e699703\") "
2025-01-29 13:44:46,051 INFO c.h.h.t.HelmChartContainer - [K3S] [reconciler_common.go:162] "operationExecutor.UnmountVolume started for volume \"broker-configuration\" (UniqueName: \"kubernetes.io/configmap/c13dbd2e-87cd-4ccb-a8ae-0b940e699703-broker-configuration\") pod \"c13dbd2e-87cd-4ccb-a8ae-0b940e699703\" (UID: \"c13dbd2e-87cd-4ccb-a8ae-0b940e699703\") "
2025-01-29 13:44:46,051 INFO c.h.h.t.HelmChartContainer - [K3S] [reconciler_common.go:162] "operationExecutor.UnmountVolume started for volume \"kube-api-access-vz768\" (UniqueName: \"kubernetes.io/projected/c13dbd2e-87cd-4ccb-a8ae-0b940e699703-kube-api-access-vz768\") pod \"c13dbd2e-87cd-4ccb-a8ae-0b940e699703\" (UID: \"c13dbd2e-87cd-4ccb-a8ae-0b940e699703\") "
2025-01-29 13:44:46,052 INFO c.h.h.t.HelmChartContainer - [K3S] [reconciler_common.go:162] "operationExecutor.UnmountVolume started for volume \"hivemq-pvc-data\" (UniqueName: \"kubernetes.io/local-volume/pvc-15356430-6954-47f0-81dc-9aada9b5ebad\") pod \"c13dbd2e-87cd-4ccb-a8ae-0b940e699703\" (UID: \"c13dbd2e-87cd-4ccb-a8ae-0b940e699703\") "
2025-01-29 13:44:46,065 INFO c.h.h.t.HelmChartContainer - [hivemq-test-hivemq-platform] [hivemq-platform-operator] [7b38861f] 13:44:46.062 [pool-6-thread-5] DEBUG c.h.p.o.d.PlatformServiceResource - [helmvolu] Desired Platform services (3 services)
2025-01-29 13:44:46,065 INFO c.h.h.t.HelmChartContainer - [hivemq-test-hivemq-platform] [hivemq-platform-operator] [7b38861f] 13:44:46.062 [pool-6-thread-4] DEBUG c.h.p.o.dependants.PodInfoConfigMap - [helmvolu] Desired PodInfo ConfigMap (1 extensions) (1 enabled)
2025-01-29 13:44:46,065 INFO c.h.h.t.HelmChartContainer - [hivemq-test-hivemq-platform] [hivemq-platform-operator] [7b38861f] 13:44:46.062 [pool-6-thread-4] DEBUG c.h.p.o.dependants.PodInfoConfigMap - [helmvolu] Desired PodInfo ConfigMap (metrics port: 9399) (metrics path: /)
2025-01-29 13:44:46,065 INFO c.h.h.t.HelmChartContainer - [hivemq-test-hivemq-platform] [hivemq-platform-operator] [7b38861f] 13:44:46.062 [pool-6-thread-4] DEBUG c.h.p.o.dependants.PodInfoConfigMap - [helmvolu] Desired PodInfo ConfigMap (extension state hash: -1817474005)
2025-01-29 13:44:46,065 INFO c.h.h.t.HelmChartContainer - [hivemq-test-hivemq-platform] [hivemq-platform-operator] [7b38861f] 13:44:46.062 [pool-6-thread-4] DEBUG c.h.p.o.dependants.PodInfoConfigMap - [helmvolu] Update PodInfo ConfigMap
2025-01-29 13:44:46,066 INFO c.h.h.t.HelmChartContainer - [hivemq-test-hivemq-platform] [hivemq-platform-operator] [7b38861f] 13:44:46.064 [pool-6-thread-5] DEBUG c.h.p.o.d.PodServiceAccountResource - [helmvolu] Desired PodServiceAccountResource (serviceAccountName: hivemq-platform-pod-test-hivemq-platform)
2025-01-29 13:44:46,071 INFO c.h.h.t.HelmChartContainer - [hivemq-test-hivemq-platform] [hivemq-platform-operator] [7b38861f] 13:44:46.071 [pool-6-thread-4] DEBUG c.h.p.o.d.StatefulSetResource - [helmvolu] Desired StatefulSet (2 replicas) for status RUNNING (READY)
2025-01-29 13:44:46,073 INFO c.h.h.t.HelmChartContainer - [hivemq-test-hivemq-platform] [hivemq-platform-operator] [7b38861f] 13:44:46.073 [ReconcilerExecutor-hivemq-controller-128] INFO  c.h.p.o.HiveMQPlatformReconciler - [helmvolu] Reconciling HiveMQ Platform 'test-hivemq-platform' in namespace 'helmvolumeclaimtemplatesit'
2025-01-29 13:44:46,073 INFO c.h.h.t.HelmChartContainer - [hivemq-test-hivemq-platform] [hivemq-platform-operator] [7b38861f] 13:44:46.073 [ReconcilerExecutor-hivemq-controller-128] DEBUG c.h.p.o.HiveMQPlatformReconciler - [helmvolu] Custom Resource Status RUNNING - HiveMQ Platform is ready (READY)
2025-01-29 13:44:46,073 INFO c.h.h.t.HelmChartContainer - [hivemq-test-hivemq-platform] [hivemq-platform-operator] [7b38861f] 13:44:46.073 [ReconcilerExecutor-hivemq-controller-128] DEBUG c.h.p.o.HiveMQPlatformReconciler - [helmvolu] Custom Resource Spec (replicas: 2) (extensions: 1)
2025-01-29 13:44:46,074 INFO c.h.h.t.HelmChartContainer - [hivemq-test-hivemq-platform] [hivemq-platform-operator] [7b38861f] 13:44:46.074 [ReconcilerExecutor-hivemq-controller-128] DEBUG c.h.p.o.HiveMQPlatformReconciler - [helmvolu] StatefulSet Status (revision: test-hivemq-platform-59475f86c9, replicas: 3, available: 2, ready: 2, current: 0, updated: 2)
2025-01-29 13:44:46,075 INFO c.h.h.t.HelmChartContainer - [hivemq-test-hivemq-platform] [hivemq-platform-operator] [7b38861f] 13:44:46.074 [ReconcilerExecutor-hivemq-controller-128] DEBUG c.h.p.o.HiveMQPlatformReconciler - [helmvolu] StatefulSet Spec (replicas: 2, init containers: 1, containers: 1, volumes: 4)
2025-01-29 13:44:46,076 INFO c.h.h.t.HelmChartContainer - [hivemq-test-hivemq-platform] [hivemq-platform-operator] [7b38861f] 13:44:46.075 [ReconcilerExecutor-hivemq-controller-128] DEBUG c.h.p.o.h.HiveMQPlatformReconcilerErrorHandler - [helmvolu] Pod 'test-hivemq-platform-1' phase Running
2025-01-29 13:44:46,076 INFO c.h.h.t.HelmChartContainer - [hivemq-test-hivemq-platform] [hivemq-platform-operator] [7b38861f] 13:44:46.076 [ReconcilerExecutor-hivemq-controller-128] DEBUG c.h.p.o.h.HiveMQPlatformReconcilerErrorHandler - [helmvolu] Pod 'test-hivemq-platform-0' phase Running
2025-01-29 13:44:46,151 INFO c.h.h.t.HelmChartContainer - [K3S] [reconciler_common.go:299] "Volume detached for volume \"broker-configuration\" (UniqueName: \"kubernetes.io/configmap/c13dbd2e-87cd-4ccb-a8ae-0b940e699703-broker-configuration\") on node \"b5478828a543\" DevicePath \"\""
2025-01-29 13:44:46,151 INFO c.h.h.t.HelmChartContainer - [K3S] [reconciler_common.go:299] "Volume detached for volume \"kube-api-access-vz768\" (UniqueName: \"kubernetes.io/projected/c13dbd2e-87cd-4ccb-a8ae-0b940e699703-kube-api-access-vz768\") on node \"b5478828a543\" DevicePath \"\""
2025-01-29 13:44:46,152 INFO c.h.h.t.HelmChartContainer - [K3S] [reconciler_common.go:292] "operationExecutor.UnmountDevice started for volume \"pvc-15356430-6954-47f0-81dc-9aada9b5ebad\" (UniqueName: \"kubernetes.io/local-volume/pvc-15356430-6954-47f0-81dc-9aada9b5ebad\") on node \"b5478828a543\" "
2025-01-29 13:44:46,152 INFO c.h.h.t.HelmChartContainer - [K3S] [reconciler_common.go:299] "Volume detached for volume \"pod-info\" (UniqueName: \"kubernetes.io/configmap/c13dbd2e-87cd-4ccb-a8ae-0b940e699703-pod-info\") on node \"b5478828a543\" DevicePath \"\""
2025-01-29 13:44:46,152 INFO c.h.h.t.HelmChartContainer - [K3S] [reconciler_common.go:299] "Volume detached for volume \"operator-init\" (UniqueName: \"kubernetes.io/empty-dir/c13dbd2e-87cd-4ccb-a8ae-0b940e699703-operator-init\") on node \"b5478828a543\" DevicePath \"\""
2025-01-29 13:44:46,169 INFO c.h.h.t.HelmChartContainer - [test-hivemq-platform] [hivemq] [e0fd6de3] INFO  - [HiveMQ Platform Operator Init App 1.7.0-SNAPSHOT] Returning Health API response 200 for liveness
2025-01-29 13:44:46,252 INFO c.h.h.t.HelmChartContainer - [K3S] [reconciler_common.go:299] "Volume detached for volume \"pvc-15356430-6954-47f0-81dc-9aada9b5ebad\" (UniqueName: \"kubernetes.io/local-volume/pvc-15356430-6954-47f0-81dc-9aada9b5ebad\") on node \"b5478828a543\" DevicePath \"\""
2025-01-29 13:44:46,882 INFO c.h.h.t.HelmChartContainer - [K3S] [scope.go:117] "RemoveContainer" containerID="94b0d99cded1dbc49c5fe0c61d91294eac7dd32ce9cc02dadd3743989adfea47"
2025-01-29 13:44:46,886 INFO c.h.h.t.HelmChartContainer - [K3S] [scope.go:117] "RemoveContainer" containerID="726c14e196a62a0b6352ed82a69213457882e89390f08753f56fb8e22d428304"
2025-01-29 13:44:46,889 INFO c.h.h.t.HelmChartContainer - [K3S] [scope.go:117] "RemoveContainer" containerID="94b0d99cded1dbc49c5fe0c61d91294eac7dd32ce9cc02dadd3743989adfea47"
2025-01-29 13:44:46,890 INFO c.h.h.t.HelmChartContainer - [K3S] [scope.go:117] "RemoveContainer" containerID="726c14e196a62a0b6352ed82a69213457882e89390f08753f56fb8e22d428304"
2025-01-29 13:44:46,903 INFO c.h.h.t.HelmChartContainer - [POD] test-hivemq-platform-2 [c13dbd2e-87cd-4ccb-a8ae-0b940e699703] in helmvolumeclaimtemplatesit was MODIFIED
2025-01-29 13:44:46,904 INFO c.h.h.t.HelmChartContainer - [POD] test-hivemq-platform-2 [c13dbd2e-87cd-4ccb-a8ae-0b940e699703] in helmvolumeclaimtemplatesit was DELETED
2025-01-29 13:44:46,908 INFO c.h.h.t.HelmChartContainer - [hivemq-test-hivemq-platform] [hivemq-platform-operator] [7b38861f] 13:44:46.900 [pool-6-thread-17] DEBUG c.h.p.o.d.PlatformServiceResource - [helmvolu] Desired Platform services (3 services)
2025-01-29 13:44:46,908 INFO c.h.h.t.HelmChartContainer - [hivemq-test-hivemq-platform] [hivemq-platform-operator] [7b38861f] 13:44:46.902 [pool-6-thread-20] DEBUG c.h.p.o.dependants.PodInfoConfigMap - [helmvolu] Desired PodInfo ConfigMap (1 extensions) (1 enabled)
2025-01-29 13:44:46,908 INFO c.h.h.t.HelmChartContainer - [hivemq-test-hivemq-platform] [hivemq-platform-operator] [7b38861f] 13:44:46.902 [pool-6-thread-20] DEBUG c.h.p.o.dependants.PodInfoConfigMap - [helmvolu] Desired PodInfo ConfigMap (metrics port: 9399) (metrics path: /)
2025-01-29 13:44:46,908 INFO c.h.h.t.HelmChartContainer - [hivemq-test-hivemq-platform] [hivemq-platform-operator] [7b38861f] 13:44:46.902 [pool-6-thread-20] DEBUG c.h.p.o.dependants.PodInfoConfigMap - [helmvolu] Desired PodInfo ConfigMap (extension state hash: -1817474005)
2025-01-29 13:44:46,908 INFO c.h.h.t.HelmChartContainer - [hivemq-test-hivemq-platform] [hivemq-platform-operator] [7b38861f] 13:44:46.902 [pool-6-thread-13] DEBUG c.h.p.o.d.PodServiceAccountResource - [helmvolu] Desired PodServiceAccountResource (serviceAccountName: hivemq-platform-pod-test-hivemq-platform)
2025-01-29 13:44:46,912 INFO c.h.h.t.HelmChartContainer - [hivemq-test-hivemq-platform] [hivemq-platform-operator] [7b38861f] 13:44:46.910 [pool-6-thread-17] DEBUG c.h.p.o.d.StatefulSetResource - [helmvolu] Desired StatefulSet (2 replicas) for status RUNNING (READY)
2025-01-29 13:44:46,914 INFO c.h.h.t.HelmChartContainer - [hivemq-test-hivemq-platform] [hivemq-platform-operator] [7b38861f] 13:44:46.913 [ReconcilerExecutor-hivemq-controller-130] INFO  c.h.p.o.HiveMQPlatformReconciler - [helmvolu] Reconciling HiveMQ Platform 'test-hivemq-platform' in namespace 'helmvolumeclaimtemplatesit'
2025-01-29 13:44:46,915 INFO c.h.h.t.HelmChartContainer - [hivemq-test-hivemq-platform] [hivemq-platform-operator] [7b38861f] 13:44:46.913 [ReconcilerExecutor-hivemq-controller-130] DEBUG c.h.p.o.HiveMQPlatformReconciler - [helmvolu] Custom Resource Status RUNNING - HiveMQ Platform is ready (READY)
2025-01-29 13:44:46,915 INFO c.h.h.t.HelmChartContainer - [hivemq-test-hivemq-platform] [hivemq-platform-operator] [7b38861f] 13:44:46.913 [ReconcilerExecutor-hivemq-controller-130] DEBUG c.h.p.o.HiveMQPlatformReconciler - [helmvolu] Custom Resource Spec (replicas: 2) (extensions: 1)
2025-01-29 13:44:46,918 INFO c.h.h.t.HelmChartContainer - [hivemq-test-hivemq-platform] [hivemq-platform-operator] [7b38861f] 13:44:46.915 [ReconcilerExecutor-hivemq-controller-130] DEBUG c.h.p.o.HiveMQPlatformReconciler - [helmvolu] StatefulSet Status (revision: test-hivemq-platform-59475f86c9, replicas: 3, available: 2, ready: 2, current: 0, updated: 2)
2025-01-29 13:44:46,918 INFO c.h.h.t.HelmChartContainer - [hivemq-test-hivemq-platform] [hivemq-platform-operator] [7b38861f] 13:44:46.915 [ReconcilerExecutor-hivemq-controller-130] DEBUG c.h.p.o.HiveMQPlatformReconciler - [helmvolu] StatefulSet Spec (replicas: 2, init containers: 1, containers: 1, volumes: 4)
2025-01-29 13:44:46,918 INFO c.h.h.t.HelmChartContainer - [hivemq-test-hivemq-platform] [hivemq-platform-operator] [7b38861f] 13:44:46.916 [ReconcilerExecutor-hivemq-controller-130] DEBUG c.h.p.o.h.HiveMQPlatformReconcilerErrorHandler - [helmvolu] Pod 'test-hivemq-platform-1' phase Running
2025-01-29 13:44:46,920 INFO c.h.h.t.HelmChartContainer - [hivemq-test-hivemq-platform] [hivemq-platform-operator] [7b38861f] 13:44:46.919 [ReconcilerExecutor-hivemq-controller-130] DEBUG c.h.p.o.h.HiveMQPlatformReconcilerErrorHandler - [helmvolu] Pod 'test-hivemq-platform-0' phase Running
2025-01-29 13:44:46,924 INFO c.h.h.t.HelmChartContainer - [hivemq-test-hivemq-platform] [hivemq-platform-operator] [7b38861f] 13:44:46.922 [pool-6-thread-27] DEBUG c.h.p.o.d.PlatformServiceResource - [helmvolu] Desired Platform services (3 services)
2025-01-29 13:44:46,924 INFO c.h.h.t.HelmChartContainer - [hivemq-test-hivemq-platform] [hivemq-platform-operator] [7b38861f] 13:44:46.922 [pool-6-thread-22] DEBUG c.h.p.o.dependants.PodInfoConfigMap - [helmvolu] Desired PodInfo ConfigMap (1 extensions) (1 enabled)
2025-01-29 13:44:46,924 INFO c.h.h.t.HelmChartContainer - [hivemq-test-hivemq-platform] [hivemq-platform-operator] [7b38861f] 13:44:46.922 [pool-6-thread-22] DEBUG c.h.p.o.dependants.PodInfoConfigMap - [helmvolu] Desired PodInfo ConfigMap (metrics port: 9399) (metrics path: /)
2025-01-29 13:44:46,924 INFO c.h.h.t.HelmChartContainer - [hivemq-test-hivemq-platform] [hivemq-platform-operator] [7b38861f] 13:44:46.922 [pool-6-thread-22] DEBUG c.h.p.o.dependants.PodInfoConfigMap - [helmvolu] Desired PodInfo ConfigMap (extension state hash: -1817474005)
2025-01-29 13:44:46,925 INFO c.h.h.t.HelmChartContainer - [hivemq-test-hivemq-platform] [hivemq-platform-operator] [7b38861f] 13:44:46.924 [pool-6-thread-23] DEBUG c.h.p.o.d.PodServiceAccountResource - [helmvolu] Desired PodServiceAccountResource (serviceAccountName: hivemq-platform-pod-test-hivemq-platform)
2025-01-29 13:44:46,928 INFO c.h.h.t.HelmChartContainer - [hivemq-test-hivemq-platform] [hivemq-platform-operator] [7b38861f] 13:44:46.927 [pool-6-thread-27] DEBUG c.h.p.o.d.StatefulSetResource - [helmvolu] Desired StatefulSet (2 replicas) for status RUNNING (READY)
2025-01-29 13:44:46,930 INFO c.h.h.t.HelmChartContainer - [hivemq-test-hivemq-platform] [hivemq-platform-operator] [7b38861f] 13:44:46.929 [ReconcilerExecutor-hivemq-controller-131] INFO  c.h.p.o.HiveMQPlatformReconciler - [helmvolu] Reconciling HiveMQ Platform 'test-hivemq-platform' in namespace 'helmvolumeclaimtemplatesit'
2025-01-29 13:44:46,931 INFO c.h.h.t.HelmChartContainer - [hivemq-test-hivemq-platform] [hivemq-platform-operator] [7b38861f] 13:44:46.929 [ReconcilerExecutor-hivemq-controller-131] DEBUG c.h.p.o.HiveMQPlatformReconciler - [helmvolu] Custom Resource Status RUNNING - HiveMQ Platform is ready (READY)
2025-01-29 13:44:46,931 INFO c.h.h.t.HelmChartContainer - [hivemq-test-hivemq-platform] [hivemq-platform-operator] [7b38861f] 13:44:46.929 [ReconcilerExecutor-hivemq-controller-131] DEBUG c.h.p.o.HiveMQPlatformReconciler - [helmvolu] Custom Resource Spec (replicas: 2) (extensions: 1)
2025-01-29 13:44:46,959 INFO c.h.h.t.HelmChartContainer - [hivemq-test-hivemq-platform] [hivemq-platform-operator] [7b38861f] 13:44:46.958 [ReconcilerExecutor-hivemq-controller-131] DEBUG c.h.p.o.HiveMQPlatformReconciler - [helmvolu] StatefulSet Status (revision: test-hivemq-platform-59475f86c9, replicas: 2, available: 2, ready: 2, current: 0, updated: 2)
2025-01-29 13:44:46,959 INFO c.h.h.t.HelmChartContainer - [hivemq-test-hivemq-platform] [hivemq-platform-operator] [7b38861f] 13:44:46.958 [ReconcilerExecutor-hivemq-controller-131] DEBUG c.h.p.o.HiveMQPlatformReconciler - [helmvolu] StatefulSet Spec (replicas: 2, init containers: 1, containers: 1, volumes: 4)
2025-01-29 13:44:46,960 INFO c.h.h.t.HelmChartContainer - [hivemq-test-hivemq-platform] [hivemq-platform-operator] [7b38861f] 13:44:46.960 [ReconcilerExecutor-hivemq-controller-131] DEBUG c.h.p.o.h.HiveMQPlatformReconcilerErrorHandler - [helmvolu] Pod 'test-hivemq-platform-1' phase Running
2025-01-29 13:44:46,962 INFO c.h.h.t.HelmChartContainer - [hivemq-test-hivemq-platform] [hivemq-platform-operator] [7b38861f] 13:44:46.961 [ReconcilerExecutor-hivemq-controller-131] DEBUG c.h.p.o.h.HiveMQPlatformReconcilerErrorHandler - [helmvolu] Pod 'test-hivemq-platform-0' phase Running
2025-01-29 13:44:46,968 INFO c.h.h.t.HelmChartContainer - [hivemq-test-hivemq-platform] [hivemq-platform-operator] [7b38861f] 13:44:46.964 [pool-6-thread-33] DEBUG c.h.p.o.d.PlatformServiceResource - [helmvolu] Desired Platform services (3 services)
2025-01-29 13:44:46,968 INFO c.h.h.t.HelmChartContainer - [hivemq-test-hivemq-platform] [hivemq-platform-operator] [7b38861f] 13:44:46.964 [pool-6-thread-34] DEBUG c.h.p.o.dependants.PodInfoConfigMap - [helmvolu] Desired PodInfo ConfigMap (1 extensions) (1 enabled)
2025-01-29 13:44:46,968 INFO c.h.h.t.HelmChartContainer - [hivemq-test-hivemq-platform] [hivemq-platform-operator] [7b38861f] 13:44:46.964 [pool-6-thread-34] DEBUG c.h.p.o.dependants.PodInfoConfigMap - [helmvolu] Desired PodInfo ConfigMap (metrics port: 9399) (metrics path: /)
2025-01-29 13:44:46,968 INFO c.h.h.t.HelmChartContainer - [hivemq-test-hivemq-platform] [hivemq-platform-operator] [7b38861f] 13:44:46.964 [pool-6-thread-34] DEBUG c.h.p.o.dependants.PodInfoConfigMap - [helmvolu] Desired PodInfo ConfigMap (extension state hash: -1817474005)
2025-01-29 13:44:46,968 INFO c.h.h.t.HelmChartContainer - [hivemq-test-hivemq-platform] [hivemq-platform-operator] [7b38861f] 13:44:46.965 [pool-6-thread-34] DEBUG c.h.p.o.d.PodServiceAccountResource - [helmvolu] Desired PodServiceAccountResource (serviceAccountName: hivemq-platform-pod-test-hivemq-platform)
2025-01-29 13:44:46,968 INFO c.h.h.t.HelmChartContainer - [hivemq-test-hivemq-platform] [hivemq-platform-operator] [7b38861f] 13:44:46.967 [pool-6-thread-34] DEBUG c.h.p.o.d.StatefulSetResource - [helmvolu] Desired StatefulSet (2 replicas) for status RUNNING (READY)
2025-01-29 13:44:46,973 INFO c.h.h.t.HelmChartContainer - [hivemq-test-hivemq-platform] [hivemq-platform-operator] [7b38861f] 13:44:46.969 [ReconcilerExecutor-hivemq-controller-131] INFO  c.h.p.o.HiveMQPlatformReconciler - [helmvolu] Reconciling HiveMQ Platform 'test-hivemq-platform' in namespace 'helmvolumeclaimtemplatesit'
2025-01-29 13:44:46,973 INFO c.h.h.t.HelmChartContainer - [hivemq-test-hivemq-platform] [hivemq-platform-operator] [7b38861f] 13:44:46.969 [ReconcilerExecutor-hivemq-controller-131] DEBUG c.h.p.o.HiveMQPlatformReconciler - [helmvolu] Custom Resource Status RUNNING - HiveMQ Platform is ready (READY)
2025-01-29 13:44:46,973 INFO c.h.h.t.HelmChartContainer - [hivemq-test-hivemq-platform] [hivemq-platform-operator] [7b38861f] 13:44:46.969 [ReconcilerExecutor-hivemq-controller-131] DEBUG c.h.p.o.HiveMQPlatformReconciler - [helmvolu] Custom Resource Spec (replicas: 2) (extensions: 1)
2025-01-29 13:44:46,973 INFO c.h.h.t.HelmChartContainer - [hivemq-test-hivemq-platform] [hivemq-platform-operator] [7b38861f] 13:44:46.970 [ReconcilerExecutor-hivemq-controller-131] DEBUG c.h.p.o.HiveMQPlatformReconciler - [helmvolu] StatefulSet Status (revision: test-hivemq-platform-59475f86c9, replicas: 2, available: 2, ready: 2, current: 0, updated: 2)
2025-01-29 13:44:46,973 INFO c.h.h.t.HelmChartContainer - [hivemq-test-hivemq-platform] [hivemq-platform-operator] [7b38861f] 13:44:46.970 [ReconcilerExecutor-hivemq-controller-131] DEBUG c.h.p.o.HiveMQPlatformReconciler - [helmvolu] StatefulSet Spec (replicas: 2, init containers: 1, containers: 1, volumes: 4)
2025-01-29 13:44:46,973 INFO c.h.h.t.HelmChartContainer - [hivemq-test-hivemq-platform] [hivemq-platform-operator] [7b38861f] 13:44:46.971 [ReconcilerExecutor-hivemq-controller-131] DEBUG c.h.p.o.h.HiveMQPlatformReconcilerErrorHandler - [helmvolu] Pod 'test-hivemq-platform-1' phase Running
2025-01-29 13:44:46,973 INFO c.h.h.t.HelmChartContainer - [hivemq-test-hivemq-platform] [hivemq-platform-operator] [7b38861f] 13:44:46.972 [ReconcilerExecutor-hivemq-controller-131] DEBUG c.h.p.o.h.HiveMQPlatformReconcilerErrorHandler - [helmvolu] Pod 'test-hivemq-platform-0' phase Running
2025-01-29 13:44:47,186 INFO c.h.h.t.HelmChartContainer - [K3S] [kubelet_volumes.go:163] "Cleaned up orphaned pod volumes dir" podUID="c13dbd2e-87cd-4ccb-a8ae-0b940e699703" path="/var/lib/kubelet/pods/c13dbd2e-87cd-4ccb-a8ae-0b940e699703/volumes"
2025-01-29 13:44:48,102 DEBUG com.hivemq.helmcharts.util.PodUtil - Received status for command '[cat, /opt/hivemq/data/test-hivemq-platform-0.txt]' on pod 'test-hivemq-platform-0' (exit code: 0)
2025-01-29 13:44:48,188 DEBUG com.hivemq.helmcharts.util.PodUtil - Received status for command '[cat, /opt/hivemq/data/test-hivemq-platform-1.txt]' on pod 'test-hivemq-platform-1' (exit code: 0)
2025-01-29 13:44:48,189 INFO c.h.h.t.HelmChartContainer - Uninstalling release 'test-hivemq-platform' in namespace 'helmvolumeclaimtemplatesit'...
2025-01-29 13:44:48,189 DEBUG c.h.h.t.HelmChartContainer - Executing helm command: /bin/helm --kubeconfig /etc/rancher/k3s/k3s.yaml uninstall test-hivemq-platform  --wait --timeout 5m0s --cascade foreground --namespace helmvolumeclaimtemplatesit
2025-01-29 13:44:48,367 INFO c.h.h.t.HelmChartContainer - [hivemq-test-hivemq-platform] [hivemq-platform-operator] [7b38861f] 13:44:48.364 [pool-6-thread-47] DEBUG c.h.p.o.d.PlatformServiceResource - [helmvolu] Desired Platform services (3 services)
2025-01-29 13:44:48,368 INFO c.h.h.t.HelmChartContainer - [hivemq-test-hivemq-platform] [hivemq-platform-operator] [7b38861f] 13:44:48.364 [pool-6-thread-49] DEBUG c.h.p.o.dependants.PodInfoConfigMap - [helmvolu] Desired PodInfo ConfigMap (1 extensions) (1 enabled)
2025-01-29 13:44:48,368 INFO c.h.h.t.HelmChartContainer - [hivemq-test-hivemq-platform] [hivemq-platform-operator] [7b38861f] 13:44:48.366 [pool-6-thread-49] DEBUG c.h.p.o.dependants.PodInfoConfigMap - [helmvolu] Desired PodInfo ConfigMap (metrics port: 9399) (metrics path: /)
2025-01-29 13:44:48,368 INFO c.h.h.t.HelmChartContainer - [hivemq-test-hivemq-platform] [hivemq-platform-operator] [7b38861f] 13:44:48.366 [pool-6-thread-49] DEBUG c.h.p.o.dependants.PodInfoConfigMap - [helmvolu] Desired PodInfo ConfigMap (extension state hash: -1817474005)
2025-01-29 13:44:48,369 INFO c.h.h.t.HelmChartContainer - [hivemq-test-hivemq-platform] [hivemq-platform-operator] [7b38861f] 13:44:48.366 [pool-6-thread-48] DEBUG c.h.p.o.d.PodServiceAccountResource - [helmvolu] Desired PodServiceAccountResource (serviceAccountName: hivemq-platform-pod-test-hivemq-platform)
2025-01-29 13:44:48,370 INFO c.h.h.t.HelmChartContainer - [hivemq-test-hivemq-platform] [hivemq-platform-operator] [7b38861f] 13:44:48.369 [pool-6-thread-47] DEBUG c.h.p.o.d.StatefulSetResource - [helmvolu] Desired StatefulSet (2 replicas) for status RUNNING (READY)
2025-01-29 13:44:48,378 INFO c.h.h.t.HelmChartContainer - [hivemq-test-hivemq-platform] [hivemq-platform-operator] [7b38861f] 13:44:48.375 [ReconcilerExecutor-hivemq-controller-133] INFO  c.h.p.o.HiveMQPlatformReconciler - [helmvolu] Reconciling HiveMQ Platform 'test-hivemq-platform' in namespace 'helmvolumeclaimtemplatesit'
2025-01-29 13:44:48,378 INFO c.h.h.t.HelmChartContainer - [hivemq-test-hivemq-platform] [hivemq-platform-operator] [7b38861f] 13:44:48.375 [ReconcilerExecutor-hivemq-controller-133] DEBUG c.h.p.o.HiveMQPlatformReconciler - [helmvolu] Custom Resource Status RUNNING - HiveMQ Platform is ready (READY)
2025-01-29 13:44:48,378 INFO c.h.h.t.HelmChartContainer - [hivemq-test-hivemq-platform] [hivemq-platform-operator] [7b38861f] 13:44:48.375 [ReconcilerExecutor-hivemq-controller-133] DEBUG c.h.p.o.HiveMQPlatformReconciler - [helmvolu] Custom Resource Spec (replicas: 2) (extensions: 1)
2025-01-29 13:44:48,378 INFO c.h.h.t.HelmChartContainer - [hivemq-test-hivemq-platform] [hivemq-platform-operator] [7b38861f] 13:44:48.376 [ReconcilerExecutor-hivemq-controller-133] DEBUG c.h.p.o.HiveMQPlatformReconciler - [helmvolu] StatefulSet Status (revision: test-hivemq-platform-59475f86c9, replicas: 2, available: 2, ready: 2, current: 0, updated: 2)
2025-01-29 13:44:48,378 INFO c.h.h.t.HelmChartContainer - [hivemq-test-hivemq-platform] [hivemq-platform-operator] [7b38861f] 13:44:48.376 [ReconcilerExecutor-hivemq-controller-133] DEBUG c.h.p.o.HiveMQPlatformReconciler - [helmvolu] StatefulSet Spec (replicas: 2, init containers: 1, containers: 1, volumes: 4)
2025-01-29 13:44:48,381 INFO c.h.h.t.HelmChartContainer - [hivemq-test-hivemq-platform] [hivemq-platform-operator] [7b38861f] 13:44:48.377 [ReconcilerExecutor-hivemq-controller-133] DEBUG c.h.p.o.h.HiveMQPlatformReconcilerErrorHandler - [helmvolu] Pod 'test-hivemq-platform-1' phase Running
2025-01-29 13:44:48,381 INFO c.h.h.t.HelmChartContainer - [hivemq-test-hivemq-platform] [hivemq-platform-operator] [7b38861f] 13:44:48.378 [ReconcilerExecutor-hivemq-controller-133] DEBUG c.h.p.o.h.HiveMQPlatformReconcilerErrorHandler - [helmvolu] Pod 'test-hivemq-platform-0' phase Running
2025-01-29 13:44:48,384 INFO c.h.h.t.HelmChartContainer - [hivemq-test-hivemq-platform] [hivemq-platform-operator] [7b38861f] 13:44:48.384 [ReconcilerExecutor-hivemq-controller-133] INFO  c.h.p.o.HiveMQPlatformReconciler - [helmvolu] Cleanup test-hivemq-platform - helmvolumeclaimtemplatesit HiveMQ Platform is shut down
2025-01-29 13:44:49,126 INFO c.h.h.t.HelmChartContainer - [POD] test-hivemq-platform-0 [e0fd6de3-ff86-4f05-ae0b-43406ae982a0] in helmvolumeclaimtemplatesit was MODIFIED
2025-01-29 13:44:49,129 INFO c.h.h.t.HelmChartContainer - [EVENT] Normal [Killing] Stopping container hivemq [helmvolumeclaimtemplatesit:test-hivemq-platform-0]
2025-01-29 13:44:49,129 INFO c.h.h.t.HelmChartContainer - Received Killing event for container hivemq in pod test-hivemq-platform-0 [e0fd6de3-ff86-4f05-ae0b-43406ae982a0]
2025-01-29 13:44:49,129 INFO c.h.h.t.HelmChartContainer - Container [test-hivemq-platform-0] [hivemq] [e0fd6de3-ff86-4f05-ae0b-43406ae982a0] was terminated
2025-01-29 13:44:49,129 INFO c.h.h.t.HelmChartContainer - Stopped log watcher for hivemq in pod test-hivemq-platform-0 [e0fd6de3-ff86-4f05-ae0b-43406ae982a0]
2025-01-29 13:44:49,139 INFO c.h.h.t.HelmChartContainer - [test-hivemq-platform] [hivemq] [e0fd6de3] INFO  - [HiveMQ Platform Operator Init App 1.7.0-SNAPSHOT] Shutting down
2025-01-29 13:44:49,140 INFO c.h.h.t.HelmChartContainer - [test-hivemq-platform] [hivemq] [e0fd6de3] INFO  - [HiveMQ Platform Operator Init App 1.7.0-SNAPSHOT] Stopping the HiveMQ Platform
2025-01-29 13:44:49,153 INFO c.h.h.t.HelmChartContainer - [POD] test-hivemq-platform-1 [e28f334e-37be-420b-a950-ad48f3238b99] in helmvolumeclaimtemplatesit was MODIFIED
2025-01-29 13:44:49,174 INFO c.h.h.t.HelmChartContainer - [test-hivemq-platform] [hivemq] [e28f334e] INFO  - [HiveMQ Platform Operator Init App 1.7.0-SNAPSHOT] Shutting down
2025-01-29 13:44:49,179 INFO c.h.h.t.HelmChartContainer - [EVENT] Normal [Killing] Stopping container hivemq [helmvolumeclaimtemplatesit:test-hivemq-platform-1]
2025-01-29 13:44:49,179 INFO c.h.h.t.HelmChartContainer - Received Killing event for container hivemq in pod test-hivemq-platform-1 [e28f334e-37be-420b-a950-ad48f3238b99]
2025-01-29 13:44:49,179 INFO c.h.h.t.HelmChartContainer - Container [test-hivemq-platform-1] [hivemq] [e28f334e-37be-420b-a950-ad48f3238b99] was terminated
2025-01-29 13:44:49,179 INFO c.h.h.t.HelmChartContainer - Stopped log watcher for hivemq in pod test-hivemq-platform-1 [e28f334e-37be-420b-a950-ad48f3238b99]
2025-01-29 13:44:49,181 INFO c.h.h.t.HelmChartContainer - [test-hivemq-platform] [hivemq] [e28f334e] INFO  - [HiveMQ Platform Operator Init App 1.7.0-SNAPSHOT] Stopping the HiveMQ Platform
2025-01-29 13:44:49,228 INFO c.h.h.t.HelmChartContainer - [test-hivemq-platform] [hivemq] [e0fd6de3] INFO  - Shutting down HiveMQ. Please wait, this could take a while...
2025-01-29 13:44:49,299 INFO c.h.h.t.HelmChartContainer - [test-hivemq-platform] [hivemq] [e28f334e] INFO  - Shutting down HiveMQ. Please wait, this could take a while...
2025-01-29 13:44:49,310 INFO c.h.h.t.HelmChartContainer - [test-hivemq-platform] [hivemq] [e0fd6de3] INFO  - Shutting down listeners and clients
2025-01-29 13:44:49,311 INFO c.h.h.t.HelmChartContainer - [test-hivemq-platform] [hivemq] [e0fd6de3] INFO  - Shutdown of listeners is done
2025-01-29 13:44:49,311 INFO c.h.h.t.HelmChartContainer - [test-hivemq-platform] [hivemq] [e0fd6de3] INFO  - No clients are connected, proceeding with shutdown
2025-01-29 13:44:49,316 INFO c.h.h.t.HelmChartContainer - [test-hivemq-platform] [hivemq] [e28f334e] INFO  - [HiveMQ Platform Operator Init App 1.7.0-SNAPSHOT] Returning shutdown Health API response 503 for readiness
2025-01-29 13:44:49,377 INFO c.h.h.t.HelmChartContainer - [EVENT] Warning [Unhealthy] Readiness probe failed: HTTP probe failed with statuscode: 503 [helmvolumeclaimtemplatesit:test-hivemq-platform-1]
2025-01-29 13:44:49,377 INFO c.h.h.t.HelmChartContainer - Received Unhealthy event for container hivemq in pod test-hivemq-platform-1 [e28f334e-37be-420b-a950-ad48f3238b99]
2025-01-29 13:44:49,378 INFO c.h.h.t.HelmChartContainer - [test-hivemq-platform] [hivemq] [e28f334e] INFO  - Shutting down listeners and clients
2025-01-29 13:44:49,379 INFO c.h.h.t.HelmChartContainer - [test-hivemq-platform] [hivemq] [e28f334e] INFO  - Shutdown of listeners is done
2025-01-29 13:44:49,379 INFO c.h.h.t.HelmChartContainer - [test-hivemq-platform] [hivemq] [e28f334e] INFO  - No clients are connected, proceeding with shutdown
2025-01-29 13:44:49,586 INFO c.h.h.t.HelmChartContainer - [test-hivemq-platform] [hivemq] [e0fd6de3] INFO  - [HiveMQ Platform Operator Init App 1.7.0-SNAPSHOT] Returning shutdown Health API response 503 for readiness
2025-01-29 13:44:49,590 INFO c.h.h.t.HelmChartContainer - [EVENT] Warning [Unhealthy] Readiness probe failed: HTTP probe failed with statuscode: 503 [helmvolumeclaimtemplatesit:test-hivemq-platform-0]
2025-01-29 13:44:49,590 INFO c.h.h.t.HelmChartContainer - Received Unhealthy event for container hivemq in pod test-hivemq-platform-0 [e0fd6de3-ff86-4f05-ae0b-43406ae982a0]
2025-01-29 13:44:49,991 INFO c.h.h.t.HelmChartContainer - [K3S] [authentication.go:74] "Unable to authenticate the request" err="[invalid bearer token, serviceaccounts \"hivemq-platform-pod-test-hivemq-platform\" not found]"
2025-01-29 13:44:50,009 INFO c.h.h.t.HelmChartContainer - [K3S] [authentication.go:74] "Unable to authenticate the request" err="[invalid bearer token, serviceaccounts \"hivemq-platform-pod-test-hivemq-platform\" not found]"
2025-01-29 13:44:50,094 INFO c.h.h.t.HelmChartContainer - [test-hivemq-platform] [hivemq] [e28f334e] WARN  - [HiveMQ Platform Operator Init App 1.7.0-SNAPSHOT] Could not update Pod annotations: Failure executing: GET at: https://10.43.0.1:443/api/v1/namespaces/helmvolumeclaimtemplatesit/pods/test-hivemq-platform-1. Message: Unauthorized. Received status: Status(apiVersion=v1, code=401, details=null, kind=Status, message=Unauthorized, metadata=ListMeta(_continue=null, remainingItemCount=null, resourceVersion=null, selfLink=null, additionalProperties={}), reason=Unauthorized, status=Failure, additionalProperties={}).
2025-01-29 13:44:50,101 INFO c.h.h.t.HelmChartContainer - [K3S] [authentication.go:74] "Unable to authenticate the request" err="[invalid bearer token, serviceaccounts \"hivemq-platform-pod-test-hivemq-platform\" not found]"
2025-01-29 13:44:50,119 INFO c.h.h.t.HelmChartContainer - [K3S] [authentication.go:74] "Unable to authenticate the request" err="[invalid bearer token, serviceaccounts \"hivemq-platform-pod-test-hivemq-platform\" not found]"
2025-01-29 13:44:50,209 INFO c.h.h.t.HelmChartContainer - [test-hivemq-platform] [hivemq] [e0fd6de3] WARN  - [HiveMQ Platform Operator Init App 1.7.0-SNAPSHOT] Could not update Pod annotations: Failure executing: GET at: https://10.43.0.1:443/api/v1/namespaces/helmvolumeclaimtemplatesit/pods/test-hivemq-platform-0. Message: Unauthorized. Received status: Status(apiVersion=v1, code=401, details=null, kind=Status, message=Unauthorized, metadata=ListMeta(_continue=null, remainingItemCount=null, resourceVersion=null, selfLink=null, additionalProperties={}), reason=Unauthorized, status=Failure, additionalProperties={}).
2025-01-29 13:44:50,423 INFO c.h.h.t.HelmChartContainer - Deleting namespace 'helmvolumeclaimtemplatesit'...
2025-01-29 13:44:51,915 INFO c.h.h.t.HelmChartContainer - [test-hivemq-platform] [hivemq] [e0fd6de3] INFO  - Shutting down extension system
2025-01-29 13:44:51,919 INFO c.h.h.t.HelmChartContainer - [test-hivemq-platform] [hivemq] [e0fd6de3] INFO  - Stopping extension with id hivemq-dns-cluster-discovery
2025-01-29 13:44:51,920 INFO c.h.h.t.HelmChartContainer - [test-hivemq-platform] [hivemq] [e0fd6de3] INFO  - Extension "DNS Cluster Discovery Extension" version 4.3.2 stopped successfully.
2025-01-29 13:44:51,920 INFO c.h.h.t.HelmChartContainer - [test-hivemq-platform] [hivemq] [e0fd6de3] INFO  - Stopping extension with id hivemq-prometheus-extension
2025-01-29 13:44:51,928 INFO c.h.h.t.HelmChartContainer - [test-hivemq-platform] [hivemq] [e0fd6de3] INFO  - Extension "Prometheus Monitoring Extension" version 4.0.12 stopped successfully.
2025-01-29 13:44:51,928 INFO c.h.h.t.HelmChartContainer - [test-hivemq-platform] [hivemq] [e0fd6de3] INFO  - Stopping extension with id hivemq-allow-all-extension
2025-01-29 13:44:51,928 INFO c.h.h.t.HelmChartContainer - [test-hivemq-platform] [hivemq] [e0fd6de3] INFO  - Extension "Allow All Extension" version 1.1.1 stopped successfully.
2025-01-29 13:44:51,932 INFO c.h.h.t.HelmChartContainer - [test-hivemq-platform] [hivemq] [e28f334e] INFO  - Cluster nodes found by discovery: [OJ9Q4|8] (1) [OJ9Q4].
2025-01-29 13:44:51,932 INFO c.h.h.t.HelmChartContainer - [test-hivemq-platform] [hivemq] [e28f334e] INFO  - Cluster size = 1, members : [OJ9Q4].
2025-01-29 13:44:52,208 INFO c.h.h.t.HelmChartContainer - [test-hivemq-platform] [hivemq] [e28f334e] INFO  - Shutting down extension system
2025-01-29 13:44:52,212 INFO c.h.h.t.HelmChartContainer - [test-hivemq-platform] [hivemq] [e28f334e] INFO  - Stopping extension with id hivemq-dns-cluster-discovery
2025-01-29 13:44:52,212 INFO c.h.h.t.HelmChartContainer - [test-hivemq-platform] [hivemq] [e28f334e] INFO  - Extension "DNS Cluster Discovery Extension" version 4.3.2 stopped successfully.
2025-01-29 13:44:52,212 INFO c.h.h.t.HelmChartContainer - [test-hivemq-platform] [hivemq] [e28f334e] INFO  - Stopping extension with id hivemq-prometheus-extension
2025-01-29 13:44:52,216 INFO c.h.h.t.HelmChartContainer - [test-hivemq-platform] [hivemq] [e28f334e] INFO  - Extension "Prometheus Monitoring Extension" version 4.0.12 stopped successfully.
2025-01-29 13:44:52,216 INFO c.h.h.t.HelmChartContainer - [test-hivemq-platform] [hivemq] [e28f334e] INFO  - Stopping extension with id hivemq-allow-all-extension
2025-01-29 13:44:52,216 INFO c.h.h.t.HelmChartContainer - [test-hivemq-platform] [hivemq] [e28f334e] INFO  - Extension "Allow All Extension" version 1.1.1 stopped successfully.
2025-01-29 13:44:54,312 INFO c.h.h.t.HelmChartContainer - [test-hivemq-platform] [hivemq] [e0fd6de3] INFO  - Shutdown completed.
2025-01-29 13:44:54,377 INFO c.h.h.t.HelmChartContainer - [EVENT] Warning [Unhealthy] Readiness probe failed: HTTP probe failed with statuscode: 503 [helmvolumeclaimtemplatesit:test-hivemq-platform-1]
2025-01-29 13:44:54,377 INFO c.h.h.t.HelmChartContainer - Received Unhealthy event for container hivemq in pod test-hivemq-platform-1 [e28f334e-37be-420b-a950-ad48f3238b99]
2025-01-29 13:44:54,498 INFO c.h.h.t.HelmChartContainer - [test-hivemq-platform] [hivemq] [e28f334e] INFO  - Shutdown completed.
2025-01-29 13:44:54,590 INFO c.h.h.t.HelmChartContainer - [EVENT] Warning [Unhealthy] Readiness probe failed: HTTP probe failed with statuscode: 503 [helmvolumeclaimtemplatesit:test-hivemq-platform-0]
2025-01-29 13:44:54,590 INFO c.h.h.t.HelmChartContainer - Received Unhealthy event for container hivemq in pod test-hivemq-platform-0 [e0fd6de3-ff86-4f05-ae0b-43406ae982a0]
2025-01-29 13:44:54,663 INFO c.h.h.t.HelmChartContainer - [test-hivemq-platform] [hivemq] [e0fd6de3] INFO  - [HiveMQ Platform Operator Init App 1.7.0-SNAPSHOT] The HiveMQ Platform exited with code 143
2025-01-29 13:44:54,663 INFO c.h.h.t.HelmChartContainer - [test-hivemq-platform] [hivemq] [e0fd6de3] INFO  - [HiveMQ Platform Operator Init App 1.7.0-SNAPSHOT] Stopping the REST API
2025-01-29 13:44:54,678 INFO c.h.h.t.HelmChartContainer - [test-hivemq-platform] [hivemq] [e0fd6de3] INFO  - [HiveMQ Platform Operator Init App 1.7.0-SNAPSHOT] Shutdown complete
2025-01-29 13:44:54,847 INFO c.h.h.t.HelmChartContainer - [test-hivemq-platform] [hivemq] [e28f334e] INFO  - [HiveMQ Platform Operator Init App 1.7.0-SNAPSHOT] The HiveMQ Platform exited with code 143
2025-01-29 13:44:54,847 INFO c.h.h.t.HelmChartContainer - [test-hivemq-platform] [hivemq] [e28f334e] INFO  - [HiveMQ Platform Operator Init App 1.7.0-SNAPSHOT] Stopping the REST API
2025-01-29 13:44:54,853 INFO c.h.h.t.HelmChartContainer - [test-hivemq-platform] [hivemq] [e28f334e] INFO  - [HiveMQ Platform Operator Init App 1.7.0-SNAPSHOT] Shutdown complete
2025-01-29 13:44:55,170 INFO c.h.h.t.HelmChartContainer - [K3S] [stateful_set.go:438] "Unhandled Error" err="error syncing StatefulSet helmvolumeclaimtemplatesit/test-hivemq-platform, requeuing: controllerrevisions.apps \"test-hivemq-platform-59475f86c9\" is forbidden: unable to create new content in namespace helmvolumeclaimtemplatesit because it is being terminated"
2025-01-29 13:44:55,172 INFO c.h.h.t.HelmChartContainer - [POD] test-hivemq-platform-0 [e0fd6de3-ff86-4f05-ae0b-43406ae982a0] in helmvolumeclaimtemplatesit was MODIFIED
2025-01-29 13:44:55,178 INFO c.h.h.t.HelmChartContainer - [K3S] [stateful_set.go:438] "Unhandled Error" err="error syncing StatefulSet helmvolumeclaimtemplatesit/test-hivemq-platform, requeuing: controllerrevisions.apps \"test-hivemq-platform-59475f86c9\" is forbidden: unable to create new content in namespace helmvolumeclaimtemplatesit because it is being terminated"
2025-01-29 13:44:55,191 INFO c.h.h.t.HelmChartContainer - [K3S] [stateful_set.go:438] "Unhandled Error" err="error syncing StatefulSet helmvolumeclaimtemplatesit/test-hivemq-platform, requeuing: controllerrevisions.apps \"test-hivemq-platform-59475f86c9\" is forbidden: unable to create new content in namespace helmvolumeclaimtemplatesit because it is being terminated"
2025-01-29 13:44:55,215 INFO c.h.h.t.HelmChartContainer - [K3S] [stateful_set.go:438] "Unhandled Error" err="error syncing StatefulSet helmvolumeclaimtemplatesit/test-hivemq-platform, requeuing: controllerrevisions.apps \"test-hivemq-platform-59475f86c9\" is forbidden: unable to create new content in namespace helmvolumeclaimtemplatesit because it is being terminated"
2025-01-29 13:44:55,259 INFO c.h.h.t.HelmChartContainer - [K3S] [stateful_set.go:438] "Unhandled Error" err="error syncing StatefulSet helmvolumeclaimtemplatesit/test-hivemq-platform, requeuing: controllerrevisions.apps \"test-hivemq-platform-59475f86c9\" is forbidden: unable to create new content in namespace helmvolumeclaimtemplatesit because it is being terminated"
2025-01-29 13:44:55,288 INFO c.h.h.t.HelmChartContainer - [POD] test-hivemq-platform-1 [e28f334e-37be-420b-a950-ad48f3238b99] in helmvolumeclaimtemplatesit was MODIFIED
2025-01-29 13:44:55,288 INFO c.h.h.t.HelmChartContainer - [K3S] [stateful_set.go:438] "Unhandled Error" err="error syncing StatefulSet helmvolumeclaimtemplatesit/test-hivemq-platform, requeuing: controllerrevisions.apps \"test-hivemq-platform-59475f86c9\" is forbidden: unable to create new content in namespace helmvolumeclaimtemplatesit because it is being terminated"
2025-01-29 13:44:55,307 INFO c.h.h.t.HelmChartContainer - [K3S] [reconciler_common.go:162] "operationExecutor.UnmountVolume started for volume \"kube-api-access-m2vgz\" (UniqueName: \"kubernetes.io/projected/e0fd6de3-ff86-4f05-ae0b-43406ae982a0-kube-api-access-m2vgz\") pod \"e0fd6de3-ff86-4f05-ae0b-43406ae982a0\" (UID: \"e0fd6de3-ff86-4f05-ae0b-43406ae982a0\") "
2025-01-29 13:44:55,307 INFO c.h.h.t.HelmChartContainer - [K3S] [reconciler_common.go:162] "operationExecutor.UnmountVolume started for volume \"broker-configuration\" (UniqueName: \"kubernetes.io/configmap/e0fd6de3-ff86-4f05-ae0b-43406ae982a0-broker-configuration\") pod \"e0fd6de3-ff86-4f05-ae0b-43406ae982a0\" (UID: \"e0fd6de3-ff86-4f05-ae0b-43406ae982a0\") "
2025-01-29 13:44:55,309 INFO c.h.h.t.HelmChartContainer - [K3S] [reconciler_common.go:162] "operationExecutor.UnmountVolume started for volume \"hivemq-pvc-data\" (UniqueName: \"kubernetes.io/local-volume/pvc-d6d12b1a-9533-40db-910f-1c38d2dba68f\") pod \"e0fd6de3-ff86-4f05-ae0b-43406ae982a0\" (UID: \"e0fd6de3-ff86-4f05-ae0b-43406ae982a0\") "
2025-01-29 13:44:55,309 INFO c.h.h.t.HelmChartContainer - [K3S] [reconciler_common.go:162] "operationExecutor.UnmountVolume started for volume \"pod-info\" (UniqueName: \"kubernetes.io/configmap/e0fd6de3-ff86-4f05-ae0b-43406ae982a0-pod-info\") pod \"e0fd6de3-ff86-4f05-ae0b-43406ae982a0\" (UID: \"e0fd6de3-ff86-4f05-ae0b-43406ae982a0\") "
2025-01-29 13:44:55,309 INFO c.h.h.t.HelmChartContainer - [K3S] [reconciler_common.go:162] "operationExecutor.UnmountVolume started for volume \"operator-init\" (UniqueName: \"kubernetes.io/empty-dir/e0fd6de3-ff86-4f05-ae0b-43406ae982a0-operator-init\") pod \"e0fd6de3-ff86-4f05-ae0b-43406ae982a0\" (UID: \"e0fd6de3-ff86-4f05-ae0b-43406ae982a0\") "
2025-01-29 13:44:55,342 INFO c.h.h.t.HelmChartContainer - [K3S] [stateful_set.go:438] "Unhandled Error" err="error syncing StatefulSet helmvolumeclaimtemplatesit/test-hivemq-platform, requeuing: controllerrevisions.apps \"test-hivemq-platform-59475f86c9\" is forbidden: unable to create new content in namespace helmvolumeclaimtemplatesit because it is being terminated"
2025-01-29 13:44:55,408 INFO c.h.h.t.HelmChartContainer - [K3S] [reconciler_common.go:162] "operationExecutor.UnmountVolume started for volume \"pod-info\" (UniqueName: \"kubernetes.io/configmap/e28f334e-37be-420b-a950-ad48f3238b99-pod-info\") pod \"e28f334e-37be-420b-a950-ad48f3238b99\" (UID: \"e28f334e-37be-420b-a950-ad48f3238b99\") "
2025-01-29 13:44:55,409 INFO c.h.h.t.HelmChartContainer - [K3S] [reconciler_common.go:162] "operationExecutor.UnmountVolume started for volume \"hivemq-pvc-data\" (UniqueName: \"kubernetes.io/local-volume/pvc-ae4e1a82-0bc4-4931-8940-d3d75c820b11\") pod \"e28f334e-37be-420b-a950-ad48f3238b99\" (UID: \"e28f334e-37be-420b-a950-ad48f3238b99\") "
2025-01-29 13:44:55,409 INFO c.h.h.t.HelmChartContainer - [K3S] [reconciler_common.go:162] "operationExecutor.UnmountVolume started for volume \"kube-api-access-srfxn\" (UniqueName: \"kubernetes.io/projected/e28f334e-37be-420b-a950-ad48f3238b99-kube-api-access-srfxn\") pod \"e28f334e-37be-420b-a950-ad48f3238b99\" (UID: \"e28f334e-37be-420b-a950-ad48f3238b99\") "
2025-01-29 13:44:55,409 INFO c.h.h.t.HelmChartContainer - [K3S] [reconciler_common.go:162] "operationExecutor.UnmountVolume started for volume \"broker-configuration\" (UniqueName: \"kubernetes.io/configmap/e28f334e-37be-420b-a950-ad48f3238b99-broker-configuration\") pod \"e28f334e-37be-420b-a950-ad48f3238b99\" (UID: \"e28f334e-37be-420b-a950-ad48f3238b99\") "
2025-01-29 13:44:55,409 INFO c.h.h.t.HelmChartContainer - [K3S] [reconciler_common.go:162] "operationExecutor.UnmountVolume started for volume \"operator-init\" (UniqueName: \"kubernetes.io/empty-dir/e28f334e-37be-420b-a950-ad48f3238b99-operator-init\") pod \"e28f334e-37be-420b-a950-ad48f3238b99\" (UID: \"e28f334e-37be-420b-a950-ad48f3238b99\") "
2025-01-29 13:44:55,409 INFO c.h.h.t.HelmChartContainer - [K3S] [reconciler_common.go:299] "Volume detached for volume \"kube-api-access-m2vgz\" (UniqueName: \"kubernetes.io/projected/e0fd6de3-ff86-4f05-ae0b-43406ae982a0-kube-api-access-m2vgz\") on node \"b5478828a543\" DevicePath \"\""
2025-01-29 13:44:55,409 INFO c.h.h.t.HelmChartContainer - [K3S] [reconciler_common.go:299] "Volume detached for volume \"broker-configuration\" (UniqueName: \"kubernetes.io/configmap/e0fd6de3-ff86-4f05-ae0b-43406ae982a0-broker-configuration\") on node \"b5478828a543\" DevicePath \"\""
2025-01-29 13:44:55,409 INFO c.h.h.t.HelmChartContainer - [K3S] [reconciler_common.go:299] "Volume detached for volume \"operator-init\" (UniqueName: \"kubernetes.io/empty-dir/e0fd6de3-ff86-4f05-ae0b-43406ae982a0-operator-init\") on node \"b5478828a543\" DevicePath \"\""
2025-01-29 13:44:55,409 INFO c.h.h.t.HelmChartContainer - [K3S] [reconciler_common.go:292] "operationExecutor.UnmountDevice started for volume \"pvc-d6d12b1a-9533-40db-910f-1c38d2dba68f\" (UniqueName: \"kubernetes.io/local-volume/pvc-d6d12b1a-9533-40db-910f-1c38d2dba68f\") on node \"b5478828a543\" "
2025-01-29 13:44:55,409 INFO c.h.h.t.HelmChartContainer - [K3S] [reconciler_common.go:299] "Volume detached for volume \"pod-info\" (UniqueName: \"kubernetes.io/configmap/e0fd6de3-ff86-4f05-ae0b-43406ae982a0-pod-info\") on node \"b5478828a543\" DevicePath \"\""
2025-01-29 13:44:55,508 INFO c.h.h.t.HelmChartContainer - [K3S] [reconciler_common.go:299] "Volume detached for volume \"pvc-d6d12b1a-9533-40db-910f-1c38d2dba68f\" (UniqueName: \"kubernetes.io/local-volume/pvc-d6d12b1a-9533-40db-910f-1c38d2dba68f\") on node \"b5478828a543\" DevicePath \"\""
2025-01-29 13:44:55,508 INFO c.h.h.t.HelmChartContainer - [K3S] [reconciler_common.go:299] "Volume detached for volume \"pod-info\" (UniqueName: \"kubernetes.io/configmap/e28f334e-37be-420b-a950-ad48f3238b99-pod-info\") on node \"b5478828a543\" DevicePath \"\""
2025-01-29 13:44:55,508 INFO c.h.h.t.HelmChartContainer - [K3S] [reconciler_common.go:292] "operationExecutor.UnmountDevice started for volume \"pvc-ae4e1a82-0bc4-4931-8940-d3d75c820b11\" (UniqueName: \"kubernetes.io/local-volume/pvc-ae4e1a82-0bc4-4931-8940-d3d75c820b11\") on node \"b5478828a543\" "
2025-01-29 13:44:55,508 INFO c.h.h.t.HelmChartContainer - [K3S] [reconciler_common.go:299] "Volume detached for volume \"broker-configuration\" (UniqueName: \"kubernetes.io/configmap/e28f334e-37be-420b-a950-ad48f3238b99-broker-configuration\") on node \"b5478828a543\" DevicePath \"\""
2025-01-29 13:44:55,508 INFO c.h.h.t.HelmChartContainer - [K3S] [reconciler_common.go:299] "Volume detached for volume \"kube-api-access-srfxn\" (UniqueName: \"kubernetes.io/projected/e28f334e-37be-420b-a950-ad48f3238b99-kube-api-access-srfxn\") on node \"b5478828a543\" DevicePath \"\""
2025-01-29 13:44:55,508 INFO c.h.h.t.HelmChartContainer - [K3S] [reconciler_common.go:299] "Volume detached for volume \"operator-init\" (UniqueName: \"kubernetes.io/empty-dir/e28f334e-37be-420b-a950-ad48f3238b99-operator-init\") on node \"b5478828a543\" DevicePath \"\""
2025-01-29 13:44:55,608 INFO c.h.h.t.HelmChartContainer - [K3S] [reconciler_common.go:299] "Volume detached for volume \"pvc-ae4e1a82-0bc4-4931-8940-d3d75c820b11\" (UniqueName: \"kubernetes.io/local-volume/pvc-ae4e1a82-0bc4-4931-8940-d3d75c820b11\") on node \"b5478828a543\" DevicePath \"\""
2025-01-29 13:44:55,665 INFO c.h.h.t.HelmChartContainer - [K3S] [stateful_set.go:438] "Unhandled Error" err="error syncing StatefulSet helmvolumeclaimtemplatesit/test-hivemq-platform, requeuing: controllerrevisions.apps \"test-hivemq-platform-59475f86c9\" is forbidden: unable to create new content in namespace helmvolumeclaimtemplatesit because it is being terminated"
2025-01-29 13:44:55,737 INFO c.h.h.t.HelmChartContainer - [K3S] [memory_manager.go:355] "RemoveStaleState removing state" podUID="e28f334e-37be-420b-a950-ad48f3238b99" containerName="hivemq"
2025-01-29 13:44:55,737 INFO c.h.h.t.HelmChartContainer - [K3S] [memory_manager.go:355] "RemoveStaleState removing state" podUID="c13dbd2e-87cd-4ccb-a8ae-0b940e699703" containerName="hivemq"
2025-01-29 13:44:55,737 INFO c.h.h.t.HelmChartContainer - [K3S] [memory_manager.go:355] "RemoveStaleState removing state" podUID="e0fd6de3-ff86-4f05-ae0b-43406ae982a0" containerName="hivemq"
2025-01-29 13:44:55,738 INFO c.h.h.t.HelmChartContainer - [POD] helper-pod-delete-pvc-15356430-6954-47f0-81dc-9aada9b5ebad [a427c660-66a4-44a8-b9a2-907d0998e139] in kube-system was ADDED
2025-01-29 13:44:55,743 INFO c.h.h.t.HelmChartContainer - [POD] helper-pod-delete-pvc-15356430-6954-47f0-81dc-9aada9b5ebad [a427c660-66a4-44a8-b9a2-907d0998e139] in kube-system was MODIFIED
2025-01-29 13:44:55,809 INFO c.h.h.t.HelmChartContainer - [K3S] [reconciler_common.go:251] "operationExecutor.VerifyControllerAttachedVolume started for volume \"data\" (UniqueName: \"kubernetes.io/host-path/a427c660-66a4-44a8-b9a2-907d0998e139-data\") pod \"helper-pod-delete-pvc-15356430-6954-47f0-81dc-9aada9b5ebad\" (UID: \"a427c660-66a4-44a8-b9a2-907d0998e139\") " pod="kube-system/helper-pod-delete-pvc-15356430-6954-47f0-81dc-9aada9b5ebad"
2025-01-29 13:44:55,809 INFO c.h.h.t.HelmChartContainer - [K3S] [reconciler_common.go:251] "operationExecutor.VerifyControllerAttachedVolume started for volume \"kube-api-access-nw9hk\" (UniqueName: \"kubernetes.io/projected/a427c660-66a4-44a8-b9a2-907d0998e139-kube-api-access-nw9hk\") pod \"helper-pod-delete-pvc-15356430-6954-47f0-81dc-9aada9b5ebad\" (UID: \"a427c660-66a4-44a8-b9a2-907d0998e139\") " pod="kube-system/helper-pod-delete-pvc-15356430-6954-47f0-81dc-9aada9b5ebad"
2025-01-29 13:44:55,809 INFO c.h.h.t.HelmChartContainer - [K3S] [reconciler_common.go:251] "operationExecutor.VerifyControllerAttachedVolume started for volume \"script\" (UniqueName: \"kubernetes.io/configmap/a427c660-66a4-44a8-b9a2-907d0998e139-script\") pod \"helper-pod-delete-pvc-15356430-6954-47f0-81dc-9aada9b5ebad\" (UID: \"a427c660-66a4-44a8-b9a2-907d0998e139\") " pod="kube-system/helper-pod-delete-pvc-15356430-6954-47f0-81dc-9aada9b5ebad"
2025-01-29 13:44:55,824 INFO c.h.h.t.HelmChartContainer - [K3S] [stateful_set.go:466] "StatefulSet has been deleted" key="helmvolumeclaimtemplatesit/test-hivemq-platform"
2025-01-29 13:44:55,827 INFO c.h.h.t.HelmChartContainer - [K3S] [namespace_controller.go:164] "Unhandled Error" err="deletion of namespace helmvolumeclaimtemplatesit failed: unexpected items still remain in namespace: helmvolumeclaimtemplatesit for gvr: /v1, Resource=pods"
2025-01-29 13:44:55,899 INFO c.h.h.t.HelmChartContainer - [K3S] [scope.go:117] "RemoveContainer" containerID="c1f364b7df3f7b38ad181573fa21a1fb658329f6b307b28d4e8e78995ec7db77"
2025-01-29 13:44:55,903 INFO c.h.h.t.HelmChartContainer - [K3S] [scope.go:117] "RemoveContainer" containerID="0ceb0ce47ebfa76eceeecb1ad24588d3d6e1050eabdbe94a0952a7ec3d48cbb3"
2025-01-29 13:44:55,906 INFO c.h.h.t.HelmChartContainer - [K3S] [scope.go:117] "RemoveContainer" containerID="c1f364b7df3f7b38ad181573fa21a1fb658329f6b307b28d4e8e78995ec7db77"
2025-01-29 13:44:55,907 INFO c.h.h.t.HelmChartContainer - [K3S] [scope.go:117] "RemoveContainer" containerID="0ceb0ce47ebfa76eceeecb1ad24588d3d6e1050eabdbe94a0952a7ec3d48cbb3"
2025-01-29 13:44:55,907 INFO c.h.h.t.HelmChartContainer - [K3S] [scope.go:117] "RemoveContainer" containerID="05930a6ccda9c9910473cf2d7ee2e30fe78095d306ca71775161ad07b63c0354"
2025-01-29 13:44:55,913 INFO c.h.h.t.HelmChartContainer - [K3S] [scope.go:117] "RemoveContainer" containerID="341573ec1424e3e5cf49944e87552256ebc459b2480fbee3d19f174ac9b6f379"
2025-01-29 13:44:55,913 INFO c.h.h.t.HelmChartContainer - [POD] test-hivemq-platform-1 [e28f334e-37be-420b-a950-ad48f3238b99] in helmvolumeclaimtemplatesit was MODIFIED
2025-01-29 13:44:55,916 INFO c.h.h.t.HelmChartContainer - [POD] test-hivemq-platform-1 [e28f334e-37be-420b-a950-ad48f3238b99] in helmvolumeclaimtemplatesit was DELETED
2025-01-29 13:44:55,926 INFO c.h.h.t.HelmChartContainer - [K3S] [scope.go:117] "RemoveContainer" containerID="05930a6ccda9c9910473cf2d7ee2e30fe78095d306ca71775161ad07b63c0354"
2025-01-29 13:44:55,926 INFO c.h.h.t.HelmChartContainer - [K3S] [scope.go:117] "RemoveContainer" containerID="341573ec1424e3e5cf49944e87552256ebc459b2480fbee3d19f174ac9b6f379"
2025-01-29 13:44:55,933 INFO c.h.h.t.HelmChartContainer - [POD] test-hivemq-platform-0 [e0fd6de3-ff86-4f05-ae0b-43406ae982a0] in helmvolumeclaimtemplatesit was MODIFIED
2025-01-29 13:44:55,941 INFO c.h.h.t.HelmChartContainer - [POD] test-hivemq-platform-0 [e0fd6de3-ff86-4f05-ae0b-43406ae982a0] in helmvolumeclaimtemplatesit was DELETED
2025-01-29 13:44:55,946 INFO c.h.h.t.HelmChartContainer - [POD] helper-pod-delete-pvc-ae4e1a82-0bc4-4931-8940-d3d75c820b11 [02417e0e-10d4-4424-a3be-88952f0b2b10] in kube-system was ADDED
2025-01-29 13:44:55,957 INFO c.h.h.t.HelmChartContainer - [POD] helper-pod-delete-pvc-ae4e1a82-0bc4-4931-8940-d3d75c820b11 [02417e0e-10d4-4424-a3be-88952f0b2b10] in kube-system was MODIFIED
2025-01-29 13:44:55,962 INFO c.h.h.t.HelmChartContainer - [POD] helper-pod-delete-pvc-d6d12b1a-9533-40db-910f-1c38d2dba68f [21891704-5c6f-4b89-8d97-304b930c4f5a] in kube-system was ADDED
2025-01-29 13:44:55,970 INFO c.h.h.t.HelmChartContainer - [POD] helper-pod-delete-pvc-d6d12b1a-9533-40db-910f-1c38d2dba68f [21891704-5c6f-4b89-8d97-304b930c4f5a] in kube-system was MODIFIED
2025-01-29 13:44:56,010 INFO c.h.h.t.HelmChartContainer - [K3S] [reconciler_common.go:251] "operationExecutor.VerifyControllerAttachedVolume started for volume \"data\" (UniqueName: \"kubernetes.io/host-path/02417e0e-10d4-4424-a3be-88952f0b2b10-data\") pod \"helper-pod-delete-pvc-ae4e1a82-0bc4-4931-8940-d3d75c820b11\" (UID: \"02417e0e-10d4-4424-a3be-88952f0b2b10\") " pod="kube-system/helper-pod-delete-pvc-ae4e1a82-0bc4-4931-8940-d3d75c820b11"
2025-01-29 13:44:56,010 INFO c.h.h.t.HelmChartContainer - [K3S] [reconciler_common.go:251] "operationExecutor.VerifyControllerAttachedVolume started for volume \"script\" (UniqueName: \"kubernetes.io/configmap/02417e0e-10d4-4424-a3be-88952f0b2b10-script\") pod \"helper-pod-delete-pvc-ae4e1a82-0bc4-4931-8940-d3d75c820b11\" (UID: \"02417e0e-10d4-4424-a3be-88952f0b2b10\") " pod="kube-system/helper-pod-delete-pvc-ae4e1a82-0bc4-4931-8940-d3d75c820b11"
2025-01-29 13:44:56,010 INFO c.h.h.t.HelmChartContainer - [K3S] [reconciler_common.go:251] "operationExecutor.VerifyControllerAttachedVolume started for volume \"kube-api-access-mnv6s\" (UniqueName: \"kubernetes.io/projected/02417e0e-10d4-4424-a3be-88952f0b2b10-kube-api-access-mnv6s\") pod \"helper-pod-delete-pvc-ae4e1a82-0bc4-4931-8940-d3d75c820b11\" (UID: \"02417e0e-10d4-4424-a3be-88952f0b2b10\") " pod="kube-system/helper-pod-delete-pvc-ae4e1a82-0bc4-4931-8940-d3d75c820b11"
2025-01-29 13:44:56,087 INFO c.h.h.t.HelmChartContainer - [K3S] [namespace_controller.go:164] "Unhandled Error" err="deletion of namespace helmvolumeclaimtemplatesit failed: unexpected items still remain in namespace: helmvolumeclaimtemplatesit for gvr: /v1, Resource=pods"
2025-01-29 13:44:56,111 INFO c.h.h.t.HelmChartContainer - [K3S] [reconciler_common.go:251] "operationExecutor.VerifyControllerAttachedVolume started for volume \"kube-api-access-nt72s\" (UniqueName: \"kubernetes.io/projected/21891704-5c6f-4b89-8d97-304b930c4f5a-kube-api-access-nt72s\") pod \"helper-pod-delete-pvc-d6d12b1a-9533-40db-910f-1c38d2dba68f\" (UID: \"21891704-5c6f-4b89-8d97-304b930c4f5a\") " pod="kube-system/helper-pod-delete-pvc-d6d12b1a-9533-40db-910f-1c38d2dba68f"
2025-01-29 13:44:56,111 INFO c.h.h.t.HelmChartContainer - [K3S] [reconciler_common.go:251] "operationExecutor.VerifyControllerAttachedVolume started for volume \"data\" (UniqueName: \"kubernetes.io/host-path/21891704-5c6f-4b89-8d97-304b930c4f5a-data\") pod \"helper-pod-delete-pvc-d6d12b1a-9533-40db-910f-1c38d2dba68f\" (UID: \"21891704-5c6f-4b89-8d97-304b930c4f5a\") " pod="kube-system/helper-pod-delete-pvc-d6d12b1a-9533-40db-910f-1c38d2dba68f"
2025-01-29 13:44:56,111 INFO c.h.h.t.HelmChartContainer - [K3S] [reconciler_common.go:251] "operationExecutor.VerifyControllerAttachedVolume started for volume \"script\" (UniqueName: \"kubernetes.io/configmap/21891704-5c6f-4b89-8d97-304b930c4f5a-script\") pod \"helper-pod-delete-pvc-d6d12b1a-9533-40db-910f-1c38d2dba68f\" (UID: \"21891704-5c6f-4b89-8d97-304b930c4f5a\") " pod="kube-system/helper-pod-delete-pvc-d6d12b1a-9533-40db-910f-1c38d2dba68f"
2025-01-29 13:44:56,307 INFO c.h.h.t.HelmChartContainer - [K3S] [stateful_set.go:466] "StatefulSet has been deleted" key="helmvolumeclaimtemplatesit/test-hivemq-platform"
2025-01-29 13:44:56,342 INFO c.h.h.t.HelmChartContainer - Namespace 'helmvolumeclaimtemplatesit' deleted
2025-01-29 13:44:56,342 INFO c.h.h.t.HelmChartContainer - Release 'test-hivemq-platform' in namespace 'helmvolumeclaimtemplatesit' is uninstalled
2025-01-29 13:44:56,342 INFO c.h.h.t.HelmChartContainer - Uninstalling release 'test-hivemq-platform-operator' in namespace 'helmvolumeclaimtemplatesit-operator'...
2025-01-29 13:44:56,343 DEBUG c.h.h.t.HelmChartContainer - Executing helm command: /bin/helm --kubeconfig /etc/rancher/k3s/k3s.yaml uninstall test-hivemq-platform-operator  --wait --timeout 5m0s --cascade foreground --namespace helmvolumeclaimtemplatesit-operator
2025-01-29 13:44:56,602 INFO c.h.h.t.HelmChartContainer - [K3S] [replica_set.go:679] "Finished syncing" kind="ReplicaSet" key="helmvolumeclaimtemplatesit-operator/hivemq-test-hivemq-platform-operator-6966f96d65" duration="13.93908ms"
2025-01-29 13:44:56,606 INFO c.h.h.t.HelmChartContainer - [K3S] [replica_set.go:679] "Finished syncing" kind="ReplicaSet" key="helmvolumeclaimtemplatesit-operator/hivemq-test-hivemq-platform-operator-6966f96d65" duration="34.425µs"
2025-01-29 13:44:56,636 INFO c.h.h.t.HelmChartContainer - [POD] hivemq-test-hivemq-platform-operator-6966f96d65-qkwhz [7b38861f-9a87-412c-a08f-56e226225474] in helmvolumeclaimtemplatesit-operator was MODIFIED
2025-01-29 13:44:56,651 INFO c.h.h.t.HelmChartContainer - [EVENT] Normal [Killing] Stopping container hivemq-platform-operator [helmvolumeclaimtemplatesit-operator:hivemq-test-hivemq-platform-operator-6966f96d65-qkwhz]
2025-01-29 13:44:56,651 INFO c.h.h.t.HelmChartContainer - Received Killing event for container hivemq-platform-operator in pod hivemq-test-hivemq-platform-operator-6966f96d65-qkwhz [7b38861f-9a87-412c-a08f-56e226225474]
2025-01-29 13:44:56,651 INFO c.h.h.t.HelmChartContainer - Container [hivemq-test-hivemq-platform-operator-6966f96d65-qkwhz] [hivemq-platform-operator] [7b38861f-9a87-412c-a08f-56e226225474] was terminated
2025-01-29 13:44:56,651 INFO c.h.h.t.HelmChartContainer - Stopped log watcher for hivemq-platform-operator in pod hivemq-test-hivemq-platform-operator-6966f96d65-qkwhz [7b38861f-9a87-412c-a08f-56e226225474]
2025-01-29 13:44:56,655 INFO c.h.h.t.HelmChartContainer - [K3S] [replica_set.go:679] "Finished syncing" kind="ReplicaSet" key="helmvolumeclaimtemplatesit-operator/hivemq-test-hivemq-platform-operator-6966f96d65" duration="13.299802ms"
2025-01-29 13:44:56,659 INFO c.h.h.t.HelmChartContainer - [hivemq-test-hivemq-platform] [hivemq-platform-operator] [7b38861f] 13:44:56.655 [application-shutdown-thread] INFO  c.h.p.o.HiveMQPlatformOperatorApplication - HiveMQ Platform Operator is stopping...
2025-01-29 13:44:56,660 INFO c.h.h.t.HelmChartContainer - [hivemq-test-hivemq-platform] [hivemq-platform-operator] [7b38861f] 13:44:56.655 [application-shutdown-thread] INFO  i.javaoperatorsdk.operator.Operator - Operator SDK 4.9.7 is shutting down...
2025-01-29 13:44:56,660 INFO c.h.h.t.HelmChartContainer - [K3S] [replica_set.go:679] "Finished syncing" kind="ReplicaSet" key="helmvolumeclaimtemplatesit-operator/hivemq-test-hivemq-platform-operator-6966f96d65" duration="465.038µs"
2025-01-29 13:44:56,911 INFO c.h.h.t.HelmChartContainer - [POD] helper-pod-delete-pvc-ae4e1a82-0bc4-4931-8940-d3d75c820b11 [02417e0e-10d4-4424-a3be-88952f0b2b10] in kube-system was MODIFIED
2025-01-29 13:44:56,917 INFO c.h.h.t.HelmChartContainer - [POD] helper-pod-delete-pvc-15356430-6954-47f0-81dc-9aada9b5ebad [a427c660-66a4-44a8-b9a2-907d0998e139] in kube-system was MODIFIED
2025-01-29 13:44:56,924 INFO c.h.h.t.HelmChartContainer - [POD] helper-pod-delete-pvc-d6d12b1a-9533-40db-910f-1c38d2dba68f [21891704-5c6f-4b89-8d97-304b930c4f5a] in kube-system was MODIFIED
2025-01-29 13:44:57,186 INFO c.h.h.t.HelmChartContainer - [K3S] [kubelet_volumes.go:163] "Cleaned up orphaned pod volumes dir" podUID="e0fd6de3-ff86-4f05-ae0b-43406ae982a0" path="/var/lib/kubelet/pods/e0fd6de3-ff86-4f05-ae0b-43406ae982a0/volumes"
2025-01-29 13:44:57,187 INFO c.h.h.t.HelmChartContainer - [K3S] [kubelet_volumes.go:163] "Cleaned up orphaned pod volumes dir" podUID="e28f334e-37be-420b-a950-ad48f3238b99" path="/var/lib/kubelet/pods/e28f334e-37be-420b-a950-ad48f3238b99/volumes"
2025-01-29 13:44:57,199 INFO c.h.h.t.HelmChartContainer - [K3S] [replica_set.go:679] "Finished syncing" kind="ReplicaSet" key="helmvolumeclaimtemplatesit-operator/hivemq-test-hivemq-platform-operator-6966f96d65" duration="38.251µs"
2025-01-29 13:44:57,200 INFO c.h.h.t.HelmChartContainer - [POD] hivemq-test-hivemq-platform-operator-6966f96d65-qkwhz [7b38861f-9a87-412c-a08f-56e226225474] in helmvolumeclaimtemplatesit-operator was MODIFIED
2025-01-29 13:44:57,320 INFO c.h.h.t.HelmChartContainer - [K3S] [reconciler_common.go:162] "operationExecutor.UnmountVolume started for volume \"kube-api-access-bmzgf\" (UniqueName: \"kubernetes.io/projected/7b38861f-9a87-412c-a08f-56e226225474-kube-api-access-bmzgf\") pod \"7b38861f-9a87-412c-a08f-56e226225474\" (UID: \"7b38861f-9a87-412c-a08f-56e226225474\") "
2025-01-29 13:44:57,420 INFO c.h.h.t.HelmChartContainer - [K3S] [reconciler_common.go:299] "Volume detached for volume \"kube-api-access-bmzgf\" (UniqueName: \"kubernetes.io/projected/7b38861f-9a87-412c-a08f-56e226225474-kube-api-access-bmzgf\") on node \"b5478828a543\" DevicePath \"\""
2025-01-29 13:44:57,908 INFO c.h.h.t.HelmChartContainer - [K3S] [scope.go:117] "RemoveContainer" containerID="797efea5c604cb6bf97ee2160c3aa8e53242af7bbbc6b11fe6ccc547ea23962d"
2025-01-29 13:44:57,916 INFO c.h.h.t.HelmChartContainer - [K3S] [scope.go:117] "RemoveContainer" containerID="797efea5c604cb6bf97ee2160c3aa8e53242af7bbbc6b11fe6ccc547ea23962d"
2025-01-29 13:44:57,925 INFO c.h.h.t.HelmChartContainer - [K3S] [replica_set.go:679] "Finished syncing" kind="ReplicaSet" key="helmvolumeclaimtemplatesit-operator/hivemq-test-hivemq-platform-operator-6966f96d65" duration="49.312µs"
2025-01-29 13:44:57,926 INFO c.h.h.t.HelmChartContainer - [POD] hivemq-test-hivemq-platform-operator-6966f96d65-qkwhz [7b38861f-9a87-412c-a08f-56e226225474] in helmvolumeclaimtemplatesit-operator was MODIFIED
2025-01-29 13:44:57,928 INFO c.h.h.t.HelmChartContainer - [K3S] [replica_set.go:679] "Finished syncing" kind="ReplicaSet" key="helmvolumeclaimtemplatesit-operator/hivemq-test-hivemq-platform-operator-6966f96d65" duration="29.616µs"
2025-01-29 13:44:57,929 INFO c.h.h.t.HelmChartContainer - [POD] hivemq-test-hivemq-platform-operator-6966f96d65-qkwhz [7b38861f-9a87-412c-a08f-56e226225474] in helmvolumeclaimtemplatesit-operator was DELETED
2025-01-29 13:44:57,951 INFO c.h.h.t.HelmChartContainer - [K3S] [replica_set.go:679] "Finished syncing" kind="ReplicaSet" key="helmvolumeclaimtemplatesit-operator/hivemq-test-hivemq-platform-operator-6966f96d65" duration="7.815µs"
2025-01-29 13:44:58,021 INFO c.h.h.t.HelmChartContainer - [POD] helper-pod-delete-pvc-15356430-6954-47f0-81dc-9aada9b5ebad [a427c660-66a4-44a8-b9a2-907d0998e139] in kube-system was MODIFIED
2025-01-29 13:44:58,031 INFO c.h.h.t.HelmChartContainer - [POD] helper-pod-delete-pvc-d6d12b1a-9533-40db-910f-1c38d2dba68f [21891704-5c6f-4b89-8d97-304b930c4f5a] in kube-system was MODIFIED
2025-01-29 13:44:58,037 INFO c.h.h.t.HelmChartContainer - [POD] helper-pod-delete-pvc-ae4e1a82-0bc4-4931-8940-d3d75c820b11 [02417e0e-10d4-4424-a3be-88952f0b2b10] in kube-system was MODIFIED
2025-01-29 13:44:58,125 INFO c.h.h.t.HelmChartContainer - [K3S] [reconciler_common.go:162] "operationExecutor.UnmountVolume started for volume \"kube-api-access-nw9hk\" (UniqueName: \"kubernetes.io/projected/a427c660-66a4-44a8-b9a2-907d0998e139-kube-api-access-nw9hk\") pod \"a427c660-66a4-44a8-b9a2-907d0998e139\" (UID: \"a427c660-66a4-44a8-b9a2-907d0998e139\") "
2025-01-29 13:44:58,126 INFO c.h.h.t.HelmChartContainer - [K3S] [reconciler_common.go:162] "operationExecutor.UnmountVolume started for volume \"script\" (UniqueName: \"kubernetes.io/configmap/a427c660-66a4-44a8-b9a2-907d0998e139-script\") pod \"a427c660-66a4-44a8-b9a2-907d0998e139\" (UID: \"a427c660-66a4-44a8-b9a2-907d0998e139\") "
2025-01-29 13:44:58,126 INFO c.h.h.t.HelmChartContainer - [K3S] [reconciler_common.go:162] "operationExecutor.UnmountVolume started for volume \"data\" (UniqueName: \"kubernetes.io/host-path/02417e0e-10d4-4424-a3be-88952f0b2b10-data\") pod \"02417e0e-10d4-4424-a3be-88952f0b2b10\" (UID: \"02417e0e-10d4-4424-a3be-88952f0b2b10\") "
2025-01-29 13:44:58,126 INFO c.h.h.t.HelmChartContainer - [K3S] [reconciler_common.go:162] "operationExecutor.UnmountVolume started for volume \"script\" (UniqueName: \"kubernetes.io/configmap/02417e0e-10d4-4424-a3be-88952f0b2b10-script\") pod \"02417e0e-10d4-4424-a3be-88952f0b2b10\" (UID: \"02417e0e-10d4-4424-a3be-88952f0b2b10\") "
2025-01-29 13:44:58,126 INFO c.h.h.t.HelmChartContainer - [K3S] [reconciler_common.go:162] "operationExecutor.UnmountVolume started for volume \"kube-api-access-mnv6s\" (UniqueName: \"kubernetes.io/projected/02417e0e-10d4-4424-a3be-88952f0b2b10-kube-api-access-mnv6s\") pod \"02417e0e-10d4-4424-a3be-88952f0b2b10\" (UID: \"02417e0e-10d4-4424-a3be-88952f0b2b10\") "
2025-01-29 13:44:58,126 INFO c.h.h.t.HelmChartContainer - [K3S] [reconciler_common.go:162] "operationExecutor.UnmountVolume started for volume \"kube-api-access-nt72s\" (UniqueName: \"kubernetes.io/projected/21891704-5c6f-4b89-8d97-304b930c4f5a-kube-api-access-nt72s\") pod \"21891704-5c6f-4b89-8d97-304b930c4f5a\" (UID: \"21891704-5c6f-4b89-8d97-304b930c4f5a\") "
2025-01-29 13:44:58,126 INFO c.h.h.t.HelmChartContainer - [K3S] [reconciler_common.go:162] "operationExecutor.UnmountVolume started for volume \"script\" (UniqueName: \"kubernetes.io/configmap/21891704-5c6f-4b89-8d97-304b930c4f5a-script\") pod \"21891704-5c6f-4b89-8d97-304b930c4f5a\" (UID: \"21891704-5c6f-4b89-8d97-304b930c4f5a\") "
2025-01-29 13:44:58,126 INFO c.h.h.t.HelmChartContainer - [K3S] [reconciler_common.go:162] "operationExecutor.UnmountVolume started for volume \"data\" (UniqueName: \"kubernetes.io/host-path/a427c660-66a4-44a8-b9a2-907d0998e139-data\") pod \"a427c660-66a4-44a8-b9a2-907d0998e139\" (UID: \"a427c660-66a4-44a8-b9a2-907d0998e139\") "
2025-01-29 13:44:58,126 INFO c.h.h.t.HelmChartContainer - [K3S] [reconciler_common.go:162] "operationExecutor.UnmountVolume started for volume \"data\" (UniqueName: \"kubernetes.io/host-path/21891704-5c6f-4b89-8d97-304b930c4f5a-data\") pod \"21891704-5c6f-4b89-8d97-304b930c4f5a\" (UID: \"21891704-5c6f-4b89-8d97-304b930c4f5a\") "
2025-01-29 13:44:58,226 INFO c.h.h.t.HelmChartContainer - [K3S] [reconciler_common.go:299] "Volume detached for volume \"data\" (UniqueName: \"kubernetes.io/host-path/21891704-5c6f-4b89-8d97-304b930c4f5a-data\") on node \"b5478828a543\" DevicePath \"\""
2025-01-29 13:44:58,226 INFO c.h.h.t.HelmChartContainer - [K3S] [reconciler_common.go:299] "Volume detached for volume \"kube-api-access-nw9hk\" (UniqueName: \"kubernetes.io/projected/a427c660-66a4-44a8-b9a2-907d0998e139-kube-api-access-nw9hk\") on node \"b5478828a543\" DevicePath \"\""
2025-01-29 13:44:58,226 INFO c.h.h.t.HelmChartContainer - [K3S] [reconciler_common.go:299] "Volume detached for volume \"script\" (UniqueName: \"kubernetes.io/configmap/a427c660-66a4-44a8-b9a2-907d0998e139-script\") on node \"b5478828a543\" DevicePath \"\""
2025-01-29 13:44:58,226 INFO c.h.h.t.HelmChartContainer - [K3S] [reconciler_common.go:299] "Volume detached for volume \"data\" (UniqueName: \"kubernetes.io/host-path/02417e0e-10d4-4424-a3be-88952f0b2b10-data\") on node \"b5478828a543\" DevicePath \"\""
2025-01-29 13:44:58,226 INFO c.h.h.t.HelmChartContainer - [K3S] [reconciler_common.go:299] "Volume detached for volume \"data\" (UniqueName: \"kubernetes.io/host-path/a427c660-66a4-44a8-b9a2-907d0998e139-data\") on node \"b5478828a543\" DevicePath \"\""
2025-01-29 13:44:58,226 INFO c.h.h.t.HelmChartContainer - [K3S] [reconciler_common.go:299] "Volume detached for volume \"script\" (UniqueName: \"kubernetes.io/configmap/02417e0e-10d4-4424-a3be-88952f0b2b10-script\") on node \"b5478828a543\" DevicePath \"\""
2025-01-29 13:44:58,226 INFO c.h.h.t.HelmChartContainer - [K3S] [reconciler_common.go:299] "Volume detached for volume \"kube-api-access-mnv6s\" (UniqueName: \"kubernetes.io/projected/02417e0e-10d4-4424-a3be-88952f0b2b10-kube-api-access-mnv6s\") on node \"b5478828a543\" DevicePath \"\""
2025-01-29 13:44:58,226 INFO c.h.h.t.HelmChartContainer - [K3S] [reconciler_common.go:299] "Volume detached for volume \"kube-api-access-nt72s\" (UniqueName: \"kubernetes.io/projected/21891704-5c6f-4b89-8d97-304b930c4f5a-kube-api-access-nt72s\") on node \"b5478828a543\" DevicePath \"\""
2025-01-29 13:44:58,226 INFO c.h.h.t.HelmChartContainer - [K3S] [reconciler_common.go:299] "Volume detached for volume \"script\" (UniqueName: \"kubernetes.io/configmap/21891704-5c6f-4b89-8d97-304b930c4f5a-script\") on node \"b5478828a543\" DevicePath \"\""
2025-01-29 13:44:58,652 INFO c.h.h.t.HelmChartContainer - Deleting namespace 'helmvolumeclaimtemplatesit-operator'...
2025-01-29 13:44:58,772 INFO c.h.h.t.HelmChartContainer - [POD] helper-pod-delete-pvc-15356430-6954-47f0-81dc-9aada9b5ebad [a427c660-66a4-44a8-b9a2-907d0998e139] in kube-system was MODIFIED
2025-01-29 13:44:58,782 INFO c.h.h.t.HelmChartContainer - [POD] helper-pod-delete-pvc-15356430-6954-47f0-81dc-9aada9b5ebad [a427c660-66a4-44a8-b9a2-907d0998e139] in kube-system was DELETED
2025-01-29 13:44:58,911 INFO c.h.h.t.HelmChartContainer - [K3S] [pod_container_deletor.go:80] "Container not found in pod's containers" containerID="e0f0c23be473b41cc6b83956fa9c5bb69128b807670a112277e95a2cebf47cb4"
2025-01-29 13:44:58,912 INFO c.h.h.t.HelmChartContainer - [K3S] [pod_container_deletor.go:80] "Container not found in pod's containers" containerID="8b2951239d1339d90b967f5138da3d3222c14757b5b4eee7daaa22565f1db9d8"
2025-01-29 13:44:58,914 INFO c.h.h.t.HelmChartContainer - [K3S] [pod_container_deletor.go:80] "Container not found in pod's containers" containerID="4159657657c6216cb018f74c770fb42895f91303a9ae1d528cd75774082b5c3d"
2025-01-29 13:44:58,921 INFO c.h.h.t.HelmChartContainer - [K3S] [status_manager.go:890] "Failed to get status for pod" podUID="a427c660-66a4-44a8-b9a2-907d0998e139" pod="kube-system/helper-pod-delete-pvc-15356430-6954-47f0-81dc-9aada9b5ebad" err="pods \"helper-pod-delete-pvc-15356430-6954-47f0-81dc-9aada9b5ebad\" is forbidden: User \"system:node:b5478828a543\" cannot get resource \"pods\" in API group \"\" in the namespace \"kube-system\": no relationship found between node 'b5478828a543' and this object"
2025-01-29 13:44:58,968 INFO c.h.h.t.HelmChartContainer - [POD] helper-pod-delete-pvc-ae4e1a82-0bc4-4931-8940-d3d75c820b11 [02417e0e-10d4-4424-a3be-88952f0b2b10] in kube-system was MODIFIED
2025-01-29 13:44:58,970 INFO c.h.h.t.HelmChartContainer - [POD] helper-pod-delete-pvc-ae4e1a82-0bc4-4931-8940-d3d75c820b11 [02417e0e-10d4-4424-a3be-88952f0b2b10] in kube-system was DELETED
2025-01-29 13:44:58,984 INFO c.h.h.t.HelmChartContainer - [POD] helper-pod-delete-pvc-d6d12b1a-9533-40db-910f-1c38d2dba68f [21891704-5c6f-4b89-8d97-304b930c4f5a] in kube-system was MODIFIED
2025-01-29 13:44:58,986 INFO c.h.h.t.HelmChartContainer - [POD] helper-pod-delete-pvc-d6d12b1a-9533-40db-910f-1c38d2dba68f [21891704-5c6f-4b89-8d97-304b930c4f5a] in kube-system was DELETED
2025-01-29 13:44:59,184 INFO c.h.h.t.HelmChartContainer - [K3S] [status_manager.go:890] "Failed to get status for pod" podUID="a427c660-66a4-44a8-b9a2-907d0998e139" pod="kube-system/helper-pod-delete-pvc-15356430-6954-47f0-81dc-9aada9b5ebad" err="pods \"helper-pod-delete-pvc-15356430-6954-47f0-81dc-9aada9b5ebad\" is forbidden: User \"system:node:b5478828a543\" cannot get resource \"pods\" in API group \"\" in the namespace \"kube-system\": no relationship found between node 'b5478828a543' and this object"
2025-01-29 13:44:59,185 INFO c.h.h.t.HelmChartContainer - [K3S] [kubelet_volumes.go:163] "Cleaned up orphaned pod volumes dir" podUID="02417e0e-10d4-4424-a3be-88952f0b2b10" path="/var/lib/kubelet/pods/02417e0e-10d4-4424-a3be-88952f0b2b10/volumes"
2025-01-29 13:44:59,186 INFO c.h.h.t.HelmChartContainer - [K3S] [kubelet_volumes.go:163] "Cleaned up orphaned pod volumes dir" podUID="21891704-5c6f-4b89-8d97-304b930c4f5a" path="/var/lib/kubelet/pods/21891704-5c6f-4b89-8d97-304b930c4f5a/volumes"
2025-01-29 13:44:59,187 INFO c.h.h.t.HelmChartContainer - [K3S] [kubelet_volumes.go:163] "Cleaned up orphaned pod volumes dir" podUID="7b38861f-9a87-412c-a08f-56e226225474" path="/var/lib/kubelet/pods/7b38861f-9a87-412c-a08f-56e226225474/volumes"
2025-01-29 13:44:59,187 INFO c.h.h.t.HelmChartContainer - [K3S] [kubelet_volumes.go:163] "Cleaned up orphaned pod volumes dir" podUID="a427c660-66a4-44a8-b9a2-907d0998e139" path="/var/lib/kubelet/pods/a427c660-66a4-44a8-b9a2-907d0998e139/volumes"
2025-01-29 13:45:01,270 INFO c.h.h.t.HelmChartContainer - [K3S] [namespace_controller.go:187] "Namespace has been deleted" namespace="helmvolumeclaimtemplatesit"
2025-01-29 13:45:03,869 INFO c.h.h.t.HelmChartContainer - Namespace 'helmvolumeclaimtemplatesit-operator' deleted
2025-01-29 13:45:03,870 INFO c.h.h.t.HelmChartContainer - Release 'test-hivemq-platform-operator' in namespace 'helmvolumeclaimtemplatesit-operator' is uninstalled
2025-01-29 13:45:05,169 INFO c.h.helmcharts.AbstractHelmChartIT - Removed unused containers:

2025-01-29 13:45:08,774 INFO c.h.h.t.HelmChartContainer - [K3S] [namespace_controller.go:187] "Namespace has been deleted" namespace="helmvolumeclaimtemplatesit-operator"
2025-01-29 13:45:13,497 INFO c.h.helmcharts.AbstractHelmChartIT - Removed unused snapshots:
Removing snapshot sha256:03af251906410714c5aef9fa705b63f6bbc39c4a5e787de7361eeb18886c2ed2
Removing snapshot sha256:0c46b3b43cce082ce5ec34ffc6c294e0417d17b9d1e6f366d114b6aadc4f96dc
Removing snapshot sha256:0ce761beee59082d6ed5bcebd3a805b8ddd9b3426b617e4809e7fb7c6587ffec
Removing snapshot sha256:0df91287303208332c8ff6ba40ae4710105201739addbfbddfb955f1ad593664
Removing snapshot sha256:1021ef88c7974bfff89c5a0ec4fd3160daac6c48a075f74cff721f85dd104e68
Removing snapshot sha256:10aba4953ddc18145dd38e3704709bc464aa20af60b56fe52caaff4b68411e62
Removing snapshot sha256:2573e0d8158209ed54ab25c87bcdcb00bd3d2539246960a3d592a1c599d70465
Removing snapshot sha256:362a8a37f8bbc31925a8146adcf7cf51f9882f5c1dcbef67c5baa03a297543c0
Removing snapshot sha256:3fa4ad33f0ddc8fd45b39b6b4640f82a3a83619606cd975bfe89d8710ad2d4cd
Removing snapshot sha256:43a7c979bbaba6838bc3102d6b10a1459f3ab050b87ccdfef84ef90cf43d3058
Removing snapshot sha256:4ab04491cdf0d3267f08206fe30bd48f49f94b9cab2f016d6739220f722a64af
Removing snapshot sha256:4b6068250e89c96f263060261819c7d912855bfbd64b3eb4c4a8483299b8c295
Removing snapshot sha256:580e69a0a8034ede1921139bbd2bfb72a69ebf276d008281896c32dd8bf74775
Removing snapshot sha256:5d30ba46b27fe37484567ccc5242cadc78217b8da605f3f195ef25cbf7487904
Removing snapshot sha256:63ca1fbb43ae5034640e5e6cb3e083e05c290072c5366fcaa9d62435a4cced85
Removing snapshot sha256:66140dc7271ceb0a9b5e521509e7d96b916d4182681f723881bfae89675de7f6
Removing snapshot sha256:67f702c6baae873bceb19487c8b1f27bd2b86077e4f2f0e480e6d60ab508b8f5
Removing snapshot sha256:6864348dd42806d552efdec384f1274be15e2d0c10ce44c1f04347af004c10a9
Removing snapshot sha256:6c7dee8f2c39b84b7dc2711c01d33de93514d9055499173e9290176fbe484b6c
Removing snapshot sha256:82753493a6d61ded36556292f02f31841a14c20d2f279f19eaad65afb661d5cd
Removing snapshot sha256:8a10d3db42c505ee0fcfa98417bdd7e39b304f6bcc0a06bb1b220797ff2cc63c
Removing snapshot sha256:9ce456dfd737e4e9412d2dc9259aa0e81e701444b4c0bf75bb707bf3eac30659
Removing snapshot sha256:a0904247e36a7726c03c71ee48f3e64462021c88dafeb13f37fdaf613b27f11c
Removing snapshot sha256:a21e5b12dbac529ad45d976eb9ce45c881f3bedcc500fb30aba1e52aa1813418
Removing snapshot sha256:b921e6c28969094157f9b8e7244677780319637afd14450b7cb6b2fdea558a0c
Removing snapshot sha256:bc27ecb5769a00e309cf99ebc763c4a4b958b618d1decc96ffac5bc05f02f5b7
Removing snapshot sha256:be3ccb6627a5332e309d45ef461d09b4879dd870c7394d89323d0ebc6ca6aa8a
Removing snapshot sha256:c261f7cbbc64211ee175ee47273acdb7b1a36a4450b397a064a8f2c026490095
Removing snapshot sha256:c34d9393647eea0c9e3557ab988efaf59f61d10a2a5613b439ef0958cca5ec10
Removing snapshot sha256:c891e3f4adf80ed8ef2b111a2542ad38060e1040a9e561f685e9e0d1097fb98e
Removing snapshot sha256:ccf3c4a0fa967a41c1c83497a2ce6fa5787965859df0adb32c4ca2cf7490bc2b
Removing snapshot sha256:cf92d33f869417309692088c341cd0f223c178ea78a125f757317b22aa8f90e9
Removing snapshot sha256:d0037344cf2fb078884f1849f6a1f8cf9a33a3b6139b6a85833e5ee528e1f9a8
Removing snapshot sha256:d3b36d5b79273b1e98e7700470eaeff05a882e777124d84cebcc1505b85ecb36
Removing snapshot sha256:d65a44a37914602d12c611e5e22a50f11451d847e63015cc1c2aef92dee777a4
Removing snapshot sha256:e2dc0bae2455930f23ae570e019b7f32edc75c0f2d71cab084db837ff9051796
Removing snapshot sha256:eccbd24a99c60cd9e86ee5305dbfc4a4dc89f5ab4fb1f06c8d64797cecedef34
Removing snapshot sha256:f144bb4c7c7f0d2aa7eeffd36d934ec40db1ee167be727e326aad9fdc616f475

]]></system-out>
  </testcase>
  <system-out><![CDATA[2025-01-29 13:39:26,787 INFO c.h.h.t.HelmChartContainerExtension - Using cached HelmChartContainer instance
]]></system-out>
  <system-err><![CDATA[]]></system-err>
</testsuite>
