<?xml version="1.0" encoding="UTF-8"?>
<testsuite name="com.hivemq.helmcharts.services.HelmWebsocketsIT" tests="2" skipped="0" failures="0" errors="0" timestamp="2025-08-09T01:48:38" hostname="pkrvmsl9tci6h6u" time="197.601">
  <properties/>
  <testcase name="platformChart_whenMtlsWebsocketEnabledWithDifferentPrivateKey_thenSendsReceivesMessage()" classname="com.hivemq.helmcharts.services.HelmWebsocketsIT" time="103.583"/>
  <testcase name="platformChart_whenMtlsWebsocketEnabled_thenSendsReceivesMessage()" classname="com.hivemq.helmcharts.services.HelmWebsocketsIT" time="94.018"/>
</testsuite>
