<?xml version="1.0" encoding="UTF-8"?>
<testsuite name="com.hivemq.helmcharts.license.HelmExtensionLicensesIT" tests="2" skipped="0" failures="0" errors="0" timestamp="2025-04-15T08:28:18" hostname="fv-az1278-864" time="180.876">
  <properties/>
  <testcase name="withExtensionLicenseFileContent_statefulSetWithLicenseSecretMounted()" classname="com.hivemq.helmcharts.license.HelmExtensionLicensesIT" time="87.845"/>
  <testcase name="withExistingExtensionLicenseSecret_statefulSetWithLicenseSecretMounted()" classname="com.hivemq.helmcharts.license.HelmExtensionLicensesIT" time="93.031"/>
</testsuite>
