<?xml version="1.0" encoding="UTF-8"?>
<testsuite name="com.hivemq.helmcharts.services.HelmMqttIT" tests="5" skipped="0" failures="0" errors="0" timestamp="2025-09-15T15:25:29" hostname="runnervmf4ws1" time="449.618">
  <properties/>
  <testcase name="platformChart_withCustomServiceName_thenSendsReceivesMessage()" classname="com.hivemq.helmcharts.services.HelmMqttIT" time="92.859"/>
  <testcase name="platformChart_whenMqttNodePortEnabled_thenSendsReceivesMessage()" classname="com.hivemq.helmcharts.services.HelmMqttIT" time="89.054"/>
  <testcase name="platformChart_whenMqttLoadBalancerEnabled_thenSendsReceivesMessage()" classname="com.hivemq.helmcharts.services.HelmMqttIT" time="87.207"/>
  <testcase name="platformChart_whenMqttAnnotationsEnabled_thenAnnotationsExist()" classname="com.hivemq.helmcharts.services.HelmMqttIT" time="88.402"/>
  <testcase name="platformChart_whenMqttEnabled_thenSendsReceivesMessage()" classname="com.hivemq.helmcharts.services.HelmMqttIT" time="92.095"/>
</testsuite>
