<?xml version="1.0" encoding="UTF-8"?>
<testsuite name="com.hivemq.helmcharts.securitycontext.HelmContainerSecurityContextUpgradePlatformIT" tests="2" skipped="0" failures="0" errors="0" timestamp="2025-01-28T23:33:57" hostname="fv-az1680-902" time="450.457">
  <properties/>
  <testcase name="Operator values: (UID=0, GID=0, valuesFile='/files/operator-container-security-context-root-user-values.yaml') and Platform values: (UID=0, GID=0, valuesFile='/files/platform-container-security-context-root-user-values.yaml')" classname="com.hivemq.helmcharts.securitycontext.HelmContainerSecurityContextUpgradePlatformIT" time="219.239">
    <system-out><![CDATA[2025-01-28 23:33:57,986 INFO c.h.h.t.HelmChartContainer - Creating namespace 'helmcontainersecuritycontextupgradeplatformit-operator'...
2025-01-28 23:33:58,184 INFO c.h.h.t.HelmChartContainer - Namespace 'helmcontainersecuritycontextupgradeplatformit-operator' created
2025-01-28 23:33:58,184 INFO c.h.h.t.HelmChartContainer - Creating namespace 'helmcontainersecuritycontextupgradeplatformit'...
2025-01-28 23:33:58,185 INFO c.h.h.t.HelmChartContainer - [POD] coredns-ff8999cc5-5kp8p [393b2de7-5bea-4040-99ed-6addc41891c9] in kube-system was ADDED
2025-01-28 23:33:58,188 INFO c.h.h.t.HelmChartContainer - [POD] local-path-provisioner-698b58967b-9q9qd [c96a3c29-3f81-443b-a399-ef877442b702] in kube-system was ADDED
2025-01-28 23:33:58,190 INFO c.h.h.t.HelmChartContainer - [POD] metrics-server-8584b5786c-6zt2h [aa098ff4-7f69-4e6d-a3ee-9e50b4808073] in kube-system was ADDED
2025-01-28 23:33:58,194 INFO c.h.h.t.HelmChartContainer - Namespace 'helmcontainersecuritycontextupgradeplatformit' created
2025-01-28 23:33:58,282 DEBUG c.h.h.t.HelmChartContainer - Executing helm command: /bin/helm --kubeconfig /etc/rancher/k3s/k3s.yaml install test-hivemq-platform-operator /charts/hivemq-platform-operator --wait --timeout 5m0s --set image.repository=docker.io/hivemq --set image.name=hivemq-platform-operator-test --set image.initImageName=hivemq-platform-operator-init-test --set image.tag=snapshot --set image.pullPolicy=Never --set logLevel=DEBUG --set resources.cpu=512m -f /files/operator-container-security-context-root-user-values.yaml --namespace helmcontainersecuritycontextupgradeplatformit-operator
2025-01-28 23:34:00,655 INFO c.h.h.t.HelmChartContainer - [K3S] [alloc.go:330] "allocated clusterIPs" service="helmcontainersecuritycontextupgradeplatformit-operator/hivemq-platform-operator-test-hivemq-platform-operator" clusterIPs={"IPv4":"10.43.115.229"}
2025-01-28 23:34:00,678 INFO c.h.h.t.HelmChartContainer - [EVENT] Normal [ScalingReplicaSet] Scaled up replica set hivemq-test-hivemq-platform-operator-8669f546db from 0 to 1 [helmcontainersecuritycontextupgradeplatformit-operator:hivemq-test-hivemq-platform-operator]
2025-01-28 23:34:00,693 INFO c.h.h.t.HelmChartContainer - [POD] hivemq-test-hivemq-platform-operator-8669f546db-25wpq [04b9bc17-f70b-4d00-aab7-829c7c42fab2] in helmcontainersecuritycontextupgradeplatformit-operator was ADDED
2025-01-28 23:34:00,708 INFO c.h.h.t.HelmChartContainer - [POD] hivemq-test-hivemq-platform-operator-8669f546db-25wpq [04b9bc17-f70b-4d00-aab7-829c7c42fab2] in helmcontainersecuritycontextupgradeplatformit-operator was MODIFIED
2025-01-28 23:34:00,718 INFO c.h.h.t.HelmChartContainer - [EVENT] Normal [SuccessfulCreate] Created pod: hivemq-test-hivemq-platform-operator-8669f546db-25wpq [helmcontainersecuritycontextupgradeplatformit-operator:hivemq-test-hivemq-platform-operator-8669f546db]
2025-01-28 23:34:00,725 INFO c.h.h.t.HelmChartContainer - [K3S] [reconciler_common.go:251] "operationExecutor.VerifyControllerAttachedVolume started for volume \"kube-api-access-sntxz\" (UniqueName: \"kubernetes.io/projected/04b9bc17-f70b-4d00-aab7-829c7c42fab2-kube-api-access-sntxz\") pod \"hivemq-test-hivemq-platform-operator-8669f546db-25wpq\" (UID: \"04b9bc17-f70b-4d00-aab7-829c7c42fab2\") " pod="helmcontainersecuritycontextupgradeplatformit-operator/hivemq-test-hivemq-platform-operator-8669f546db-25wpq"
2025-01-28 23:34:00,726 INFO c.h.h.t.HelmChartContainer - [EVENT] Normal [Scheduled] Successfully assigned helmcontainersecuritycontextupgradeplatformit-operator/hivemq-test-hivemq-platform-operator-8669f546db-25wpq to 6b15a01a10f5 [helmcontainersecuritycontextupgradeplatformit-operator:hivemq-test-hivemq-platform-operator-8669f546db-25wpq]
2025-01-28 23:34:00,728 INFO c.h.h.t.HelmChartContainer - [K3S] [replica_set.go:679] "Finished syncing" kind="ReplicaSet" key="helmcontainersecuritycontextupgradeplatformit-operator/hivemq-test-hivemq-platform-operator-8669f546db" duration="56.386376ms"
2025-01-28 23:34:00,734 INFO c.h.h.t.HelmChartContainer - [POD] hivemq-test-hivemq-platform-operator-8669f546db-25wpq [04b9bc17-f70b-4d00-aab7-829c7c42fab2] in helmcontainersecuritycontextupgradeplatformit-operator was MODIFIED
2025-01-28 23:34:00,741 INFO c.h.h.t.HelmChartContainer - [K3S] [replica_set.go:679] "Finished syncing" kind="ReplicaSet" key="helmcontainersecuritycontextupgradeplatformit-operator/hivemq-test-hivemq-platform-operator-8669f546db" duration="11.621068ms"
2025-01-28 23:34:00,753 INFO c.h.h.t.HelmChartContainer - [K3S] [replica_set.go:679] "Finished syncing" kind="ReplicaSet" key="helmcontainersecuritycontextupgradeplatformit-operator/hivemq-test-hivemq-platform-operator-8669f546db" duration="13.279362ms"
2025-01-28 23:34:00,753 INFO c.h.h.t.HelmChartContainer - [K3S] [replica_set.go:679] "Finished syncing" kind="ReplicaSet" key="helmcontainersecuritycontextupgradeplatformit-operator/hivemq-test-hivemq-platform-operator-8669f546db" duration="38.212µs"
2025-01-28 23:34:01,095 INFO c.h.h.t.HelmChartContainer - [EVENT] Normal [Pulled] Container image "docker.io/hivemq/hivemq-platform-operator-test:snapshot" already present on machine [helmcontainersecuritycontextupgradeplatformit-operator:hivemq-test-hivemq-platform-operator-8669f546db-25wpq]
2025-01-28 23:34:01,096 INFO c.h.h.t.HelmChartContainer - Received Pulled event for container hivemq-platform-operator in pod hivemq-test-hivemq-platform-operator-8669f546db-25wpq [04b9bc17-f70b-4d00-aab7-829c7c42fab2]
2025-01-28 23:34:01,105 INFO c.h.h.t.HelmChartContainer - [EVENT] Normal [Created] Created container: hivemq-platform-operator [helmcontainersecuritycontextupgradeplatformit-operator:hivemq-test-hivemq-platform-operator-8669f546db-25wpq]
2025-01-28 23:34:01,105 INFO c.h.h.t.HelmChartContainer - Received Created event for container hivemq-platform-operator in pod hivemq-test-hivemq-platform-operator-8669f546db-25wpq [04b9bc17-f70b-4d00-aab7-829c7c42fab2]
2025-01-28 23:34:01,406 INFO c.h.h.t.HelmChartContainer - [K3S] [replica_set.go:679] "Finished syncing" kind="ReplicaSet" key="helmcontainersecuritycontextupgradeplatformit-operator/hivemq-test-hivemq-platform-operator-8669f546db" duration="41.948µs"
2025-01-28 23:34:01,410 INFO c.h.h.t.HelmChartContainer - [POD] hivemq-test-hivemq-platform-operator-8669f546db-25wpq [04b9bc17-f70b-4d00-aab7-829c7c42fab2] in helmcontainersecuritycontextupgradeplatformit-operator was MODIFIED
2025-01-28 23:34:01,432 INFO c.h.h.t.HelmChartContainer - Started log watcher for hivemq-platform-operator in pod hivemq-test-hivemq-platform-operator-8669f546db-25wpq [04b9bc17-f70b-4d00-aab7-829c7c42fab2]
2025-01-28 23:34:01,433 INFO c.h.h.t.HelmChartContainer - [hivemq-test-hivemq-platform] [hivemq-platform-operator] [04b9bc17] -------------------------------------------------------------------------
2025-01-28 23:34:01,433 INFO c.h.h.t.HelmChartContainer - [hivemq-test-hivemq-platform] [hivemq-platform-operator] [04b9bc17] 
2025-01-28 23:34:01,433 INFO c.h.h.t.HelmChartContainer - [hivemq-test-hivemq-platform] [hivemq-platform-operator] [04b9bc17]                   _    _  _              __  __   ____
2025-01-28 23:34:01,433 INFO c.h.h.t.HelmChartContainer - [hivemq-test-hivemq-platform] [hivemq-platform-operator] [04b9bc17]                  | |  | |(_)            |  \/  | / __ \
2025-01-28 23:34:01,433 INFO c.h.h.t.HelmChartContainer - [hivemq-test-hivemq-platform] [hivemq-platform-operator] [04b9bc17]                  | |__| | _ __   __ ___ | \  / || |  | |
2025-01-28 23:34:01,433 INFO c.h.h.t.HelmChartContainer - [hivemq-test-hivemq-platform] [hivemq-platform-operator] [04b9bc17]                  |  __  || |\ \ / // _ \| |\/| || |  | |
2025-01-28 23:34:01,433 INFO c.h.h.t.HelmChartContainer - [hivemq-test-hivemq-platform] [hivemq-platform-operator] [04b9bc17]                  | |  | || | \ V /|  __/| |  | || |__| |
2025-01-28 23:34:01,433 INFO c.h.h.t.HelmChartContainer - [hivemq-test-hivemq-platform] [hivemq-platform-operator] [04b9bc17]                  |_|  |_||_|  \_/  \___||_|  |_| \___\_\
2025-01-28 23:34:01,433 INFO c.h.h.t.HelmChartContainer - [hivemq-test-hivemq-platform] [hivemq-platform-operator] [04b9bc17] 
2025-01-28 23:34:01,433 INFO c.h.h.t.HelmChartContainer - [hivemq-test-hivemq-platform] [hivemq-platform-operator] [04b9bc17] -------------------------------------------------------------------------
2025-01-28 23:34:01,433 INFO c.h.h.t.HelmChartContainer - [hivemq-test-hivemq-platform] [hivemq-platform-operator] [04b9bc17] 
2025-01-28 23:34:01,433 INFO c.h.h.t.HelmChartContainer - [hivemq-test-hivemq-platform] [hivemq-platform-operator] [04b9bc17]   HiveMQ Platform Operator Start Script v1.0
2025-01-28 23:34:01,433 INFO c.h.h.t.HelmChartContainer - [hivemq-test-hivemq-platform] [hivemq-platform-operator] [04b9bc17] 
2025-01-28 23:34:01,433 INFO c.h.h.t.HelmChartContainer - [hivemq-test-hivemq-platform] [hivemq-platform-operator] [04b9bc17] -------------------------------------------------------------------------
2025-01-28 23:34:01,433 INFO c.h.h.t.HelmChartContainer - [hivemq-test-hivemq-platform] [hivemq-platform-operator] [04b9bc17] 
2025-01-28 23:34:01,433 INFO c.h.h.t.HelmChartContainer - [hivemq-test-hivemq-platform] [hivemq-platform-operator] [04b9bc17]   JAVA_OPTS: -XX:+UnlockExperimentalVMOptions -XX:InitialRAMPercentage=75 -XX:MaxRAMPercentage=75 -Duser.language=en -Duser.region=US
2025-01-28 23:34:01,433 INFO c.h.h.t.HelmChartContainer - [hivemq-test-hivemq-platform] [hivemq-platform-operator] [04b9bc17] 
2025-01-28 23:34:01,433 INFO c.h.h.t.HelmChartContainer - [hivemq-test-hivemq-platform] [hivemq-platform-operator] [04b9bc17]   JAVA_VERSION: 21
2025-01-28 23:34:01,433 INFO c.h.h.t.HelmChartContainer - [hivemq-test-hivemq-platform] [hivemq-platform-operator] [04b9bc17] 
2025-01-28 23:34:01,433 INFO c.h.h.t.HelmChartContainer - [hivemq-test-hivemq-platform] [hivemq-platform-operator] [04b9bc17] -------------------------------------------------------------------------
2025-01-28 23:34:01,433 INFO c.h.h.t.HelmChartContainer - [hivemq-test-hivemq-platform] [hivemq-platform-operator] [04b9bc17] 
2025-01-28 23:34:01,433 INFO c.h.h.t.HelmChartContainer - [EVENT] Normal [Started] Started container hivemq-platform-operator [helmcontainersecuritycontextupgradeplatformit-operator:hivemq-test-hivemq-platform-operator-8669f546db-25wpq]
2025-01-28 23:34:01,433 INFO c.h.h.t.HelmChartContainer - Received Started event for container hivemq-platform-operator in pod hivemq-test-hivemq-platform-operator-8669f546db-25wpq [04b9bc17-f70b-4d00-aab7-829c7c42fab2]
2025-01-28 23:34:04,638 INFO c.h.h.t.HelmChartContainer - [hivemq-test-hivemq-platform] [hivemq-platform-operator] [04b9bc17] 23:34:04.635 [main] DEBUG org.jboss.logging - Logging Provider: org.jboss.logging.Slf4jLoggerProvider
2025-01-28 23:34:04,745 INFO c.h.h.t.HelmChartContainer - [hivemq-test-hivemq-platform] [hivemq-platform-operator] [04b9bc17] 23:34:04.743 [main] DEBUG io.smallrye.config - SRCFG01006: Loaded ConfigSource SysPropConfigSource with ordinal 400
2025-01-28 23:34:04,745 INFO c.h.h.t.HelmChartContainer - [hivemq-test-hivemq-platform] [hivemq-platform-operator] [04b9bc17] 23:34:04.743 [main] DEBUG io.smallrye.config - SRCFG01006: Loaded ConfigSource EnvConfigSource with ordinal 300
2025-01-28 23:34:04,745 INFO c.h.h.t.HelmChartContainer - [hivemq-test-hivemq-platform] [hivemq-platform-operator] [04b9bc17] 23:34:04.743 [main] DEBUG io.smallrye.config - SRCFG01006: Loaded ConfigSource PropertiesConfigSource[source=jar:file:///opt/hivemq-platform-operator/bin/hivemq-platform-operator.jar!/hivemq-platform-operator.properties] with ordinal 100
2025-01-28 23:34:04,745 INFO c.h.h.t.HelmChartContainer - [hivemq-test-hivemq-platform] [hivemq-platform-operator] [04b9bc17] 23:34:04.743 [main] DEBUG io.smallrye.config - SRCFG01006: Loaded ConfigSource DefaultValuesConfigSource with ordinal -2147483648
2025-01-28 23:34:04,894 INFO c.h.h.t.HelmChartContainer - [hivemq-test-hivemq-platform] [hivemq-platform-operator] [04b9bc17] 23:34:04.852 [main] DEBUG i.m.c.u.i.l.InternalLoggerFactory - Using SLF4J as the default logging framework
2025-01-28 23:34:05,036 INFO c.h.h.t.HelmChartContainer - [hivemq-test-hivemq-platform] [hivemq-platform-operator] [04b9bc17] 23:34:05.027 [main] INFO  c.h.p.o.HiveMQPlatformOperatorApplication - HiveMQ Platform Operator 1.7.0-SNAPSHOT (commit: bebf408 on branch: HEAD) built on Sun Jan 26 20:47:47 UTC 2025
2025-01-28 23:34:05,037 INFO c.h.h.t.HelmChartContainer - [hivemq-test-hivemq-platform] [hivemq-platform-operator] [04b9bc17] 23:34:05.035 [main] INFO  c.h.p.o.HiveMQPlatformOperatorApplication - HiveMQ Platform Operator is running in namespace: helmcontainersecuritycontextupgradeplatformit-operator
2025-01-28 23:34:05,037 INFO c.h.h.t.HelmChartContainer - [hivemq-test-hivemq-platform] [hivemq-platform-operator] [04b9bc17] 23:34:05.035 [main] INFO  c.h.p.o.HiveMQPlatformOperatorApplication - Watching all namespaces
2025-01-28 23:34:05,038 INFO c.h.h.t.HelmChartContainer - [hivemq-test-hivemq-platform] [hivemq-platform-operator] [04b9bc17] 23:34:05.035 [main] INFO  c.h.p.o.HiveMQPlatformOperatorApplication - Log level: DEBUG
2025-01-28 23:34:05,038 INFO c.h.h.t.HelmChartContainer - [hivemq-test-hivemq-platform] [hivemq-platform-operator] [04b9bc17] 23:34:05.035 [main] INFO  c.h.p.o.HiveMQPlatformOperatorApplication - Release name: test-hivemq-platform-operator
2025-01-28 23:34:05,038 INFO c.h.h.t.HelmChartContainer - [hivemq-test-hivemq-platform] [hivemq-platform-operator] [04b9bc17] 23:34:05.035 [main] INFO  c.h.p.o.HiveMQPlatformOperatorApplication - HiveMQ Platform Operator Init image: docker.io/hivemq/hivemq-platform-operator-init-test:snapshot
2025-01-28 23:34:05,038 INFO c.h.h.t.HelmChartContainer - [hivemq-test-hivemq-platform] [hivemq-platform-operator] [04b9bc17] 23:34:05.036 [main] INFO  c.h.p.o.HiveMQPlatformOperatorApplication - HiveMQ Platform Operator Init App update URL: http://hivemq-platform-operator-test-hivemq-platform-operator.helmcontainersecuritycontextupgradeplatformit-operator.svc:8080/initAppUpdate/hivemq-platform-operator-init-app-1.7.0-SNAPSHOT.jar
2025-01-28 23:34:05,038 INFO c.h.h.t.HelmChartContainer - [hivemq-test-hivemq-platform] [hivemq-platform-operator] [04b9bc17] 23:34:05.036 [main] INFO  c.h.p.o.HiveMQPlatformOperatorApplication - Additional imagePullSecret for all Platform deployments: none
2025-01-28 23:34:05,038 INFO c.h.h.t.HelmChartContainer - [hivemq-test-hivemq-platform] [hivemq-platform-operator] [04b9bc17] 23:34:05.036 [main] INFO  c.h.p.o.HiveMQPlatformOperatorApplication - Apply HiveMQ Platform CRD: true
2025-01-28 23:34:05,038 INFO c.h.h.t.HelmChartContainer - [hivemq-test-hivemq-platform] [hivemq-platform-operator] [04b9bc17] 23:34:05.036 [main] INFO  c.h.p.o.HiveMQPlatformOperatorApplication - Create Platform ServiceAccount: true
2025-01-28 23:34:05,038 INFO c.h.h.t.HelmChartContainer - [hivemq-test-hivemq-platform] [hivemq-platform-operator] [04b9bc17] 23:34:05.036 [main] INFO  c.h.p.o.HiveMQPlatformOperatorApplication - Create Platform ServiceAccount permissions: true
2025-01-28 23:34:05,038 INFO c.h.h.t.HelmChartContainer - [hivemq-test-hivemq-platform] [hivemq-platform-operator] [04b9bc17] 23:34:05.036 [main] INFO  c.h.p.o.HiveMQPlatformOperatorApplication - Validate Platform ServiceAccount: true
2025-01-28 23:34:05,038 INFO c.h.h.t.HelmChartContainer - [hivemq-test-hivemq-platform] [hivemq-platform-operator] [04b9bc17] 23:34:05.036 [main] INFO  c.h.p.o.HiveMQPlatformOperatorApplication - Validate Platform ServiceAccount permissions: true
2025-01-28 23:34:05,230 INFO c.h.h.t.HelmChartContainer - [hivemq-test-hivemq-platform] [hivemq-platform-operator] [04b9bc17] 23:34:05.228 [main] INFO  c.h.platform.operator.util.CRDUtil - Verifying deployed HiveMQ Platform CRD...
2025-01-28 23:34:07,624 INFO c.h.h.t.HelmChartContainer - [hivemq-test-hivemq-platform] [hivemq-platform-operator] [04b9bc17] 23:34:07.538 [main] DEBUG c.h.platform.operator.util.CRDUtil - HiveMQ Platform CRD version v1 is up to date
2025-01-28 23:34:07,625 INFO c.h.h.t.HelmChartContainer - [hivemq-test-hivemq-platform] [hivemq-platform-operator] [04b9bc17] 23:34:07.623 [main] INFO  c.h.platform.operator.util.CRDUtil - HiveMQ Platform CRD is up to date (version: V1_6_0)
2025-01-28 23:34:07,625 INFO c.h.h.t.HelmChartContainer - [hivemq-test-hivemq-platform] [hivemq-platform-operator] [04b9bc17] 23:34:07.623 [main] INFO  c.h.platform.operator.util.CRDUtil - Waiting 10000 ms for HiveMQ Platform CRD 'hivemq-platforms.hivemq.com' to become ready...
2025-01-28 23:34:07,929 INFO c.h.h.t.HelmChartContainer - [hivemq-test-hivemq-platform] [hivemq-platform-operator] [04b9bc17] 23:34:07.925 [vert.x-eventloop-thread-1] DEBUG c.h.platform.operator.util.CRDUtil - Checking CRD condition 'NamesAccepted' (status: 'True')
2025-01-28 23:34:07,933 INFO c.h.h.t.HelmChartContainer - [hivemq-test-hivemq-platform] [hivemq-platform-operator] [04b9bc17] 23:34:07.925 [vert.x-eventloop-thread-1] DEBUG c.h.platform.operator.util.CRDUtil - Checking CRD condition 'Established' (status: 'True')
2025-01-28 23:34:07,933 INFO c.h.h.t.HelmChartContainer - [hivemq-test-hivemq-platform] [hivemq-platform-operator] [04b9bc17] 23:34:07.926 [main] INFO  c.h.platform.operator.util.CRDUtil - HiveMQ Platform CRD 'hivemq-platforms.hivemq.com' is ready
2025-01-28 23:34:08,045 INFO c.h.h.t.HelmChartContainer - [hivemq-test-hivemq-platform] [hivemq-platform-operator] [04b9bc17] 23:34:08.043 [main] INFO  c.h.p.o.HiveMQPlatformReconciler - HiveMQ Platform Operator is starting...
2025-01-28 23:34:08,146 INFO c.h.h.t.HelmChartContainer - [hivemq-test-hivemq-platform] [hivemq-platform-operator] [04b9bc17] 23:34:08.145 [main] WARN  Default ConfigurationService implementation - Configuration for reconciler 'hivemq-controller' was not found. Known reconcilers: None.
2025-01-28 23:34:08,227 INFO c.h.h.t.HelmChartContainer - [hivemq-test-hivemq-platform] [hivemq-platform-operator] [04b9bc17] 23:34:08.226 [main] INFO  Default ConfigurationService implementation - Created configuration for reconciler com.hivemq.platform.operator.HiveMQPlatformReconciler with name hivemq-controller
2025-01-28 23:34:08,328 INFO c.h.h.t.HelmChartContainer - [hivemq-test-hivemq-platform] [hivemq-platform-operator] [04b9bc17] 23:34:08.326 [main] DEBUG c.h.p.o.HiveMQPlatformReconciler - HiveMQ Platform Operator is preparing EventSources
2025-01-28 23:34:08,340 INFO c.h.h.t.HelmChartContainer - [hivemq-test-hivemq-platform] [hivemq-platform-operator] [04b9bc17] 23:34:08.339 [main] INFO  i.javaoperatorsdk.operator.Operator - Registered reconciler: 'hivemq-controller' for resource: 'class com.hivemq.platform.operator.v1.HiveMQPlatform' for namespace(s): [all namespaces]
2025-01-28 23:34:08,403 INFO c.h.h.t.HelmChartContainer - [POD] metrics-server-8584b5786c-6zt2h [aa098ff4-7f69-4e6d-a3ee-9e50b4808073] in kube-system was MODIFIED
2025-01-28 23:34:08,406 INFO c.h.h.t.HelmChartContainer - [K3S] [replica_set.go:679] "Finished syncing" kind="ReplicaSet" key="kube-system/metrics-server-8584b5786c" duration="5.925505ms"
2025-01-28 23:34:08,407 INFO c.h.h.t.HelmChartContainer - [K3S] [replica_set.go:679] "Finished syncing" kind="ReplicaSet" key="kube-system/metrics-server-8584b5786c" duration="32.491µs"
2025-01-28 23:34:08,930 INFO c.h.h.t.HelmChartContainer - [hivemq-test-hivemq-platform] [hivemq-platform-operator] [04b9bc17] 23:34:08.929 [main] INFO  c.h.p.operator.webserver.JettyServer - Starting Jetty server on port 8080
2025-01-28 23:34:09,026 INFO c.h.h.t.HelmChartContainer - [hivemq-test-hivemq-platform] [hivemq-platform-operator] [04b9bc17] 23:34:09.025 [main] INFO  i.javaoperatorsdk.operator.Operator - Operator SDK 4.9.7 (commit: 2133d28) built on Wed Nov 20 12:56:20 UTC 2024 starting...
2025-01-28 23:34:09,027 INFO c.h.h.t.HelmChartContainer - [hivemq-test-hivemq-platform] [hivemq-platform-operator] [04b9bc17] 23:34:09.025 [main] INFO  i.javaoperatorsdk.operator.Operator - Client version: 6.13.4
2025-01-28 23:34:09,028 INFO c.h.h.t.HelmChartContainer - [hivemq-test-hivemq-platform] [hivemq-platform-operator] [04b9bc17] 23:34:09.026 [Controller Starter for: hivemq-controller] INFO  i.j.operator.processing.Controller - Starting 'hivemq-controller' controller for reconciler: com.hivemq.platform.operator.HiveMQPlatformReconciler, resource: com.hivemq.platform.operator.v1.HiveMQPlatform
2025-01-28 23:34:10,111 INFO c.h.h.t.HelmChartContainer - [K3S] [range_allocator.go:247] "Successfully synced" key="6b15a01a10f5"
2025-01-28 23:34:11,536 INFO c.h.h.t.HelmChartContainer - [hivemq-test-hivemq-platform] [hivemq-platform-operator] [04b9bc17] 23:34:11.534 [Controller Starter for: hivemq-controller] INFO  i.j.operator.processing.Controller - 'hivemq-controller' controller started
2025-01-28 23:34:11,536 INFO c.h.h.t.HelmChartContainer - [hivemq-test-hivemq-platform] [hivemq-platform-operator] [04b9bc17] 23:34:11.534 [main] INFO  c.h.p.o.HiveMQPlatformOperatorApplication - HiveMQ Platform Operator 1.7.0-SNAPSHOT started in 6507 ms
2025-01-28 23:34:12,414 INFO c.h.h.t.HelmChartContainer - [POD] hivemq-test-hivemq-platform-operator-8669f546db-25wpq [04b9bc17-f70b-4d00-aab7-829c7c42fab2] in helmcontainersecuritycontextupgradeplatformit-operator was MODIFIED
2025-01-28 23:34:12,422 INFO c.h.h.t.HelmChartContainer - [K3S] [replica_set.go:679] "Finished syncing" kind="ReplicaSet" key="helmcontainersecuritycontextupgradeplatformit-operator/hivemq-test-hivemq-platform-operator-8669f546db" duration="6.880104ms"
2025-01-28 23:34:12,423 INFO c.h.h.t.HelmChartContainer - [K3S] [replica_set.go:679] "Finished syncing" kind="ReplicaSet" key="helmcontainersecuritycontextupgradeplatformit-operator/hivemq-test-hivemq-platform-operator-8669f546db" duration="31.459µs"
2025-01-28 23:34:12,742 INFO com.hivemq.helmcharts.util.K8sUtil - Pod 'hivemq-test-hivemq-platform-operator-8669f546db-25wpq' is ready
2025-01-28 23:34:12,909 DEBUG com.hivemq.helmcharts.util.PodUtil - Received status for command '[sh, -c, stat -c "%u:%g" /proc/1]' on pod 'hivemq-test-hivemq-platform-operator-8669f546db-25wpq' (exit code: 0)
2025-01-28 23:34:12,995 DEBUG c.h.h.t.HelmChartContainer - Executing helm command: /bin/helm --kubeconfig /etc/rancher/k3s/k3s.yaml install test-hivemq-platform /charts/hivemq-platform --wait --timeout 5m0s --set image.repository=docker.io/hivemq --set image.tag=4.36.0 --set image.pullPolicy=Never --set nodes.resources.cpu=512m -f /files/platform-container-security-context-root-user-values.yaml --namespace helmcontainersecuritycontextupgradeplatformit
2025-01-28 23:34:13,396 INFO c.h.h.t.HelmChartContainer - [hivemq-test-hivemq-platform] [hivemq-platform-operator] [04b9bc17] 23:34:13.394 [-373097727-pool-1-thread-1] WARN  i.m.p.PrometheusMeterRegistry - The meter (MeterId{name='operator.sdk.events.received', tags=[tag(action=ADDED),tag(event=ResourceEvent),tag(group=hivemq.com),tag(kind=HiveMQPlatform),tag(name=test-hivemq-platform),tag(namespace=helmcontainersecuritycontextupgradeplatformit),tag(scope=namespace),tag(version=v1)]}) registration has failed: Prometheus requires that all meters with the same name have the same set of tag keys. There is already an existing meter named 'operator.sdk.events.received' containing tag keys [event, group, kind, name, namespace, scope, version]. The meter you are attempting to register has keys [action, event, group, kind, name, namespace, scope, version]. Note that subsequent logs will be logged at debug level.
2025-01-28 23:34:13,834 INFO c.h.h.t.HelmChartContainer - [hivemq-test-hivemq-platform] [hivemq-platform-operator] [04b9bc17] 23:34:13.832 [pool-6-thread-3] DEBUG c.h.p.o.dependants.PodInfoConfigMap - [helmcont] Desired PodInfo ConfigMap (1 extensions) (1 enabled)
2025-01-28 23:34:13,834 INFO c.h.h.t.HelmChartContainer - [hivemq-test-hivemq-platform] [hivemq-platform-operator] [04b9bc17] 23:34:13.833 [pool-6-thread-3] DEBUG c.h.p.o.dependants.PodInfoConfigMap - [helmcont] Desired PodInfo ConfigMap (metrics port: 9399) (metrics path: /)
2025-01-28 23:34:13,899 INFO c.h.h.t.HelmChartContainer - [hivemq-test-hivemq-platform] [hivemq-platform-operator] [04b9bc17] 23:34:13.893 [pool-6-thread-3] DEBUG c.h.p.o.dependants.PodInfoConfigMap - [helmcont] Desired PodInfo ConfigMap (extension state hash: -1817474005)
2025-01-28 23:34:13,900 INFO c.h.h.t.HelmChartContainer - [hivemq-test-hivemq-platform] [hivemq-platform-operator] [04b9bc17] 23:34:13.895 [pool-6-thread-3] DEBUG c.h.p.o.dependants.PodInfoConfigMap - [helmcont] Create PodInfo ConfigMap
2025-01-28 23:34:14,001 INFO c.h.h.t.HelmChartContainer - [hivemq-test-hivemq-platform] [hivemq-platform-operator] [04b9bc17] 23:34:13.999 [pool-6-thread-5] DEBUG c.h.p.o.dependants.PodRoleResource - [helmcont] Create Role: Role(apiVersion=rbac.authorization.k8s.io/v1, kind=Role, metadata=ObjectMeta(annotations={meta.helm.sh/release-name=test-hivemq-platform, meta.helm.sh/release-namespace=helmcontainersecuritycontextupgradeplatformit}, creationTimestamp=null, deletionGracePeriodSeconds=null, deletionTimestamp=null, finalizers=[], generateName=null, generation=null, labels={helm.sh/chart=hivemq-platform-0.2.32, app.kubernetes.io/managed-by=Helm, app.kubernetes.io/name=hivemq-platform, hivemq-platform=test-hivemq-platform, app.kubernetes.io/instance=test-hivemq-platform, app.kubernetes.io/version=4.36.0}, managedFields=[], name=hivemq-platform-role-test-hivemq-platform, namespace=helmcontainersecuritycontextupgradeplatformit, ownerReferences=[OwnerReference(apiVersion=hivemq.com/v1, blockOwnerDeletion=null, controller=null, kind=HiveMQPlatform, name=test-hivemq-platform, uid=8f1cf8bd-0b09-4123-8d8d-14ca19365b36, additionalProperties={})], resourceVersion=null, selfLink=null, uid=null, additionalProperties={}), rules=[PolicyRule(apiGroups=[], nonResourceURLs=[], resourceNames=[], resources=[pods], verbs=[get, patch, update], additionalProperties={})], additionalProperties={})
2025-01-28 23:34:14,099 INFO c.h.h.t.HelmChartContainer - [hivemq-test-hivemq-platform] [hivemq-platform-operator] [04b9bc17] 23:34:14.098 [pool-6-thread-7] DEBUG c.h.p.o.d.PodServiceAccountResource - [helmcont] Desired PodServiceAccountResource (serviceAccountName: hivemq-platform-pod-test-hivemq-platform)
2025-01-28 23:34:14,125 INFO c.h.h.t.HelmChartContainer - [hivemq-test-hivemq-platform] [hivemq-platform-operator] [04b9bc17] 23:34:14.123 [pool-6-thread-7] DEBUG c.h.p.o.d.PodServiceAccountResource - [helmcont] Create ServiceAccount 'hivemq-platform-pod-test-hivemq-platform'
2025-01-28 23:34:14,229 INFO c.h.h.t.HelmChartContainer - [hivemq-test-hivemq-platform] [hivemq-platform-operator] [04b9bc17] 23:34:14.227 [pool-6-thread-10] DEBUG c.h.p.o.d.PodRoleBindingResource - [helmcont] Create RoleBinding: RoleBinding(apiVersion=rbac.authorization.k8s.io/v1, kind=RoleBinding, metadata=ObjectMeta(annotations={meta.helm.sh/release-name=test-hivemq-platform, meta.helm.sh/release-namespace=helmcontainersecuritycontextupgradeplatformit}, creationTimestamp=null, deletionGracePeriodSeconds=null, deletionTimestamp=null, finalizers=[], generateName=null, generation=null, labels={helm.sh/chart=hivemq-platform-0.2.32, app.kubernetes.io/managed-by=Helm, app.kubernetes.io/name=hivemq-platform, hivemq-platform=test-hivemq-platform, app.kubernetes.io/instance=test-hivemq-platform, app.kubernetes.io/version=4.36.0}, managedFields=[], name=hivemq-platform-role-binding-test-hivemq-platform, namespace=helmcontainersecuritycontextupgradeplatformit, ownerReferences=[OwnerReference(apiVersion=hivemq.com/v1, blockOwnerDeletion=null, controller=null, kind=HiveMQPlatform, name=test-hivemq-platform, uid=8f1cf8bd-0b09-4123-8d8d-14ca19365b36, additionalProperties={})], resourceVersion=null, selfLink=null, uid=null, additionalProperties={}), roleRef=RoleRef(apiGroup=rbac.authorization.k8s.io, kind=Role, name=hivemq-platform-role-test-hivemq-platform, additionalProperties={}), subjects=[Subject(apiGroup=null, kind=ServiceAccount, name=hivemq-platform-pod-test-hivemq-platform, namespace=helmcontainersecuritycontextupgradeplatformit, additionalProperties={})], additionalProperties={})
2025-01-28 23:34:14,297 INFO c.h.h.t.HelmChartContainer - [hivemq-test-hivemq-platform] [hivemq-platform-operator] [04b9bc17] 23:34:14.296 [ReconcilerExecutor-hivemq-controller-53] INFO  c.h.p.o.HiveMQPlatformReconciler - [helmcont] Reconciling HiveMQ Platform 'test-hivemq-platform' in namespace 'helmcontainersecuritycontextupgradeplatformit'
2025-01-28 23:34:14,297 INFO c.h.h.t.HelmChartContainer - [hivemq-test-hivemq-platform] [hivemq-platform-operator] [04b9bc17] 23:34:14.296 [ReconcilerExecutor-hivemq-controller-53] DEBUG c.h.p.o.HiveMQPlatformReconciler - [helmcont] Custom Resource Status CREATED - HiveMQ Platform was created (READY)
2025-01-28 23:34:14,297 INFO c.h.h.t.HelmChartContainer - [hivemq-test-hivemq-platform] [hivemq-platform-operator] [04b9bc17] 23:34:14.296 [ReconcilerExecutor-hivemq-controller-53] DEBUG c.h.p.o.HiveMQPlatformReconciler - [helmcont] Custom Resource Spec (replicas: 1) (extensions: 1)
2025-01-28 23:34:14,301 INFO c.h.h.t.HelmChartContainer - [hivemq-test-hivemq-platform] [hivemq-platform-operator] [04b9bc17] 23:34:14.299 [ReconcilerExecutor-hivemq-controller-53] INFO  c.h.p.o.h.HiveMQPlatformReconcilerBaseHandler - [helmcont] HiveMQ Platform is starting
2025-01-28 23:34:14,424 INFO c.h.h.t.HelmChartContainer - [hivemq-test-hivemq-platform] [hivemq-platform-operator] [04b9bc17] 23:34:14.423 [ReconcilerExecutor-hivemq-controller-53] DEBUG c.h.p.operator.event.EventSender - [helmcont] Creating K8s event hivemq-platform-starting: [Start] HiveMQ Platform is starting
2025-01-28 23:34:14,433 INFO c.h.h.t.HelmChartContainer - [EVENT] Normal [Start] HiveMQ Platform is starting [helmcontainersecuritycontextupgradeplatformit:test-hivemq-platform]
2025-01-28 23:34:14,438 INFO c.h.h.t.HelmChartContainer - [hivemq-test-hivemq-platform] [hivemq-platform-operator] [04b9bc17] 23:34:14.436 [ReconcilerExecutor-hivemq-controller-53] INFO  c.h.p.o.h.AbstractHiveMQReconcilerStateHandler - [helmcont] Update HiveMQ Platform Status (CREATED [READY] -> STARTING [READY]): HiveMQ Platform is starting
2025-01-28 23:34:14,531 DEBUG com.hivemq.helmcharts.util.K8sUtil - Comparing actual state 'STARTING' and waiting for 'RUNNING'
2025-01-28 23:34:24,545 INFO c.h.h.t.HelmChartContainer - [hivemq-test-hivemq-platform] [hivemq-platform-operator] [04b9bc17] 23:34:24.540 [pool-6-thread-12] DEBUG c.h.p.o.d.PlatformServiceResource - [helmcont] Desired Platform services (3 services)
2025-01-28 23:34:24,545 INFO c.h.h.t.HelmChartContainer - [hivemq-test-hivemq-platform] [hivemq-platform-operator] [04b9bc17] 23:34:24.541 [pool-6-thread-13] DEBUG c.h.p.o.dependants.PodInfoConfigMap - [helmcont] Desired PodInfo ConfigMap (1 extensions) (1 enabled)
2025-01-28 23:34:24,545 INFO c.h.h.t.HelmChartContainer - [hivemq-test-hivemq-platform] [hivemq-platform-operator] [04b9bc17] 23:34:24.542 [pool-6-thread-13] DEBUG c.h.p.o.dependants.PodInfoConfigMap - [helmcont] Desired PodInfo ConfigMap (metrics port: 9399) (metrics path: /)
2025-01-28 23:34:24,546 INFO c.h.h.t.HelmChartContainer - [hivemq-test-hivemq-platform] [hivemq-platform-operator] [04b9bc17] 23:34:24.542 [pool-6-thread-13] DEBUG c.h.p.o.dependants.PodInfoConfigMap - [helmcont] Desired PodInfo ConfigMap (extension state hash: -1817474005)
2025-01-28 23:34:24,547 INFO c.h.h.t.HelmChartContainer - [hivemq-test-hivemq-platform] [hivemq-platform-operator] [04b9bc17] 23:34:24.546 [pool-6-thread-17] DEBUG c.h.p.o.d.PodServiceAccountResource - [helmcont] Desired PodServiceAccountResource (serviceAccountName: hivemq-platform-pod-test-hivemq-platform)
2025-01-28 23:34:24,550 INFO c.h.h.t.HelmChartContainer - [hivemq-test-hivemq-platform] [hivemq-platform-operator] [04b9bc17] 23:34:24.549 [pool-6-thread-13] DEBUG c.h.p.o.dependants.PodInfoConfigMap - [helmcont] Update PodInfo ConfigMap
2025-01-28 23:34:24,566 INFO c.h.h.t.HelmChartContainer - [K3S] [alloc.go:330] "allocated clusterIPs" service="helmcontainersecuritycontextupgradeplatformit/hivemq-test-hivemq-platform-metrics-9399" clusterIPs={"IPv4":"10.43.25.225"}
2025-01-28 23:34:24,634 INFO c.h.h.t.HelmChartContainer - [K3S] [alloc.go:330] "allocated clusterIPs" service="helmcontainersecuritycontextupgradeplatformit/hivemq-test-hivemq-platform-mqtt-1883" clusterIPs={"IPv4":"10.43.176.158"}
2025-01-28 23:34:24,731 INFO c.h.h.t.HelmChartContainer - [K3S] [alloc.go:330] "allocated clusterIPs" service="helmcontainersecuritycontextupgradeplatformit/hivemq-test-hivemq-platform-cc-8080" clusterIPs={"IPv4":"10.43.13.139"}
2025-01-28 23:34:24,743 INFO c.h.h.t.HelmChartContainer - [hivemq-test-hivemq-platform] [hivemq-platform-operator] [04b9bc17] 23:34:24.742 [pool-6-thread-20] DEBUG c.h.p.o.d.StatefulSetResource - [helmcont] Desired StatefulSet (1 replicas) for status STARTING (READY)
2025-01-28 23:34:24,837 INFO c.h.h.t.HelmChartContainer - [hivemq-test-hivemq-platform] [hivemq-platform-operator] [04b9bc17] 23:34:24.835 [pool-6-thread-20] DEBUG c.h.p.o.d.StatefulSetResource - [helmcont] Create StatefulSet
2025-01-28 23:34:24,950 INFO c.h.h.t.HelmChartContainer - [POD] test-hivemq-platform-0 [a6abb940-f61c-4e65-ac72-e024bfc9ef42] in helmcontainersecuritycontextupgradeplatformit was ADDED
2025-01-28 23:34:24,954 INFO c.h.h.t.HelmChartContainer - [EVENT] Normal [SuccessfulCreate] create Pod test-hivemq-platform-0 in StatefulSet test-hivemq-platform successful [helmcontainersecuritycontextupgradeplatformit:test-hivemq-platform]
2025-01-28 23:34:24,958 INFO c.h.h.t.HelmChartContainer - [EVENT] Normal [Scheduled] Successfully assigned helmcontainersecuritycontextupgradeplatformit/test-hivemq-platform-0 to 6b15a01a10f5 [helmcontainersecuritycontextupgradeplatformit:test-hivemq-platform-0]
2025-01-28 23:34:24,958 INFO c.h.h.t.HelmChartContainer - [POD] test-hivemq-platform-0 [a6abb940-f61c-4e65-ac72-e024bfc9ef42] in helmcontainersecuritycontextupgradeplatformit was MODIFIED
2025-01-28 23:34:24,961 INFO c.h.h.t.HelmChartContainer - [K3S] [reconciler_common.go:251] "operationExecutor.VerifyControllerAttachedVolume started for volume \"broker-configuration\" (UniqueName: \"kubernetes.io/configmap/a6abb940-f61c-4e65-ac72-e024bfc9ef42-broker-configuration\") pod \"test-hivemq-platform-0\" (UID: \"a6abb940-f61c-4e65-ac72-e024bfc9ef42\") " pod="helmcontainersecuritycontextupgradeplatformit/test-hivemq-platform-0"
2025-01-28 23:34:24,961 INFO c.h.h.t.HelmChartContainer - [K3S] [reconciler_common.go:251] "operationExecutor.VerifyControllerAttachedVolume started for volume \"kube-api-access-ktqcf\" (UniqueName: \"kubernetes.io/projected/a6abb940-f61c-4e65-ac72-e024bfc9ef42-kube-api-access-ktqcf\") pod \"test-hivemq-platform-0\" (UID: \"a6abb940-f61c-4e65-ac72-e024bfc9ef42\") " pod="helmcontainersecuritycontextupgradeplatformit/test-hivemq-platform-0"
2025-01-28 23:34:24,961 INFO c.h.h.t.HelmChartContainer - [K3S] [reconciler_common.go:251] "operationExecutor.VerifyControllerAttachedVolume started for volume \"pod-info\" (UniqueName: \"kubernetes.io/configmap/a6abb940-f61c-4e65-ac72-e024bfc9ef42-pod-info\") pod \"test-hivemq-platform-0\" (UID: \"a6abb940-f61c-4e65-ac72-e024bfc9ef42\") " pod="helmcontainersecuritycontextupgradeplatformit/test-hivemq-platform-0"
2025-01-28 23:34:24,962 INFO c.h.h.t.HelmChartContainer - [K3S] [reconciler_common.go:251] "operationExecutor.VerifyControllerAttachedVolume started for volume \"operator-init\" (UniqueName: \"kubernetes.io/empty-dir/a6abb940-f61c-4e65-ac72-e024bfc9ef42-operator-init\") pod \"test-hivemq-platform-0\" (UID: \"a6abb940-f61c-4e65-ac72-e024bfc9ef42\") " pod="helmcontainersecuritycontextupgradeplatformit/test-hivemq-platform-0"
2025-01-28 23:34:24,970 INFO c.h.h.t.HelmChartContainer - [POD] test-hivemq-platform-0 [a6abb940-f61c-4e65-ac72-e024bfc9ef42] in helmcontainersecuritycontextupgradeplatformit was MODIFIED
2025-01-28 23:34:24,995 INFO c.h.h.t.HelmChartContainer - [hivemq-test-hivemq-platform] [hivemq-platform-operator] [04b9bc17] 23:34:24.993 [ReconcilerExecutor-hivemq-controller-64] INFO  c.h.p.o.HiveMQPlatformReconciler - [helmcont] Reconciling HiveMQ Platform 'test-hivemq-platform' in namespace 'helmcontainersecuritycontextupgradeplatformit'
2025-01-28 23:34:24,996 INFO c.h.h.t.HelmChartContainer - [hivemq-test-hivemq-platform] [hivemq-platform-operator] [04b9bc17] 23:34:24.993 [ReconcilerExecutor-hivemq-controller-64] DEBUG c.h.p.o.HiveMQPlatformReconciler - [helmcont] Custom Resource Status STARTING - HiveMQ Platform is starting (READY)
2025-01-28 23:34:24,996 INFO c.h.h.t.HelmChartContainer - [hivemq-test-hivemq-platform] [hivemq-platform-operator] [04b9bc17] 23:34:24.993 [ReconcilerExecutor-hivemq-controller-64] DEBUG c.h.p.o.HiveMQPlatformReconciler - [helmcont] Custom Resource Spec (replicas: 1) (extensions: 1)
2025-01-28 23:34:25,031 INFO c.h.h.t.HelmChartContainer - [hivemq-test-hivemq-platform] [hivemq-platform-operator] [04b9bc17] 23:34:25.025 [ReconcilerExecutor-hivemq-controller-64] DEBUG c.h.p.o.HiveMQPlatformReconciler - [helmcont] StatefulSet Status (revision: null, replicas: 0, available: 0, ready: 0, current: 0, updated: 0)
2025-01-28 23:34:25,032 INFO c.h.h.t.HelmChartContainer - [hivemq-test-hivemq-platform] [hivemq-platform-operator] [04b9bc17] 23:34:25.026 [ReconcilerExecutor-hivemq-controller-64] DEBUG c.h.p.o.HiveMQPlatformReconciler - [helmcont] StatefulSet Spec (replicas: 1, init containers: 1, containers: 1, volumes: 3)
2025-01-28 23:34:25,127 INFO c.h.h.t.HelmChartContainer - [hivemq-test-hivemq-platform] [hivemq-platform-operator] [04b9bc17] 23:34:25.124 [ReconcilerExecutor-hivemq-controller-64] DEBUG c.h.p.o.h.HiveMQPlatformReconcilerErrorHandler - [helmcont] Pod 'test-hivemq-platform-0' phase Pending
2025-01-28 23:34:25,127 INFO c.h.h.t.HelmChartContainer - [hivemq-test-hivemq-platform] [hivemq-platform-operator] [04b9bc17] 23:34:25.126 [ReconcilerExecutor-hivemq-controller-64] INFO  c.h.p.o.h.HiveMQPlatformReconcilerBaseHandler - [helmcont] HiveMQ Platform is starting, 0 of 1 replicas are ready
2025-01-28 23:34:25,135 INFO c.h.h.t.HelmChartContainer - [hivemq-test-hivemq-platform] [hivemq-platform-operator] [04b9bc17] 23:34:25.131 [pool-6-thread-22] DEBUG c.h.p.o.d.PlatformServiceResource - [helmcont] Desired Platform services (3 services)
2025-01-28 23:34:25,136 INFO c.h.h.t.HelmChartContainer - [hivemq-test-hivemq-platform] [hivemq-platform-operator] [04b9bc17] 23:34:25.135 [pool-6-thread-23] DEBUG c.h.p.o.dependants.PodInfoConfigMap - [helmcont] Desired PodInfo ConfigMap (1 extensions) (1 enabled)
2025-01-28 23:34:25,194 INFO c.h.h.t.HelmChartContainer - [hivemq-test-hivemq-platform] [hivemq-platform-operator] [04b9bc17] 23:34:25.193 [pool-6-thread-23] DEBUG c.h.p.o.dependants.PodInfoConfigMap - [helmcont] Desired PodInfo ConfigMap (metrics port: 9399) (metrics path: /)
2025-01-28 23:34:25,194 INFO c.h.h.t.HelmChartContainer - [hivemq-test-hivemq-platform] [hivemq-platform-operator] [04b9bc17] 23:34:25.193 [pool-6-thread-23] DEBUG c.h.p.o.dependants.PodInfoConfigMap - [helmcont] Desired PodInfo ConfigMap (extension state hash: -1817474005)
2025-01-28 23:34:25,228 INFO c.h.h.t.HelmChartContainer - [hivemq-test-hivemq-platform] [hivemq-platform-operator] [04b9bc17] 23:34:25.225 [pool-6-thread-27] DEBUG c.h.p.o.d.PodServiceAccountResource - [helmcont] Desired PodServiceAccountResource (serviceAccountName: hivemq-platform-pod-test-hivemq-platform)
2025-01-28 23:34:25,232 INFO c.h.h.t.HelmChartContainer - [hivemq-test-hivemq-platform] [hivemq-platform-operator] [04b9bc17] 23:34:25.231 [pool-6-thread-30] DEBUG c.h.p.o.d.StatefulSetResource - [helmcont] Desired StatefulSet (1 replicas) for status STARTING (READY)
2025-01-28 23:34:25,239 INFO c.h.h.t.HelmChartContainer - [hivemq-test-hivemq-platform] [hivemq-platform-operator] [04b9bc17] 23:34:25.238 [ReconcilerExecutor-hivemq-controller-75] INFO  c.h.p.o.HiveMQPlatformReconciler - [helmcont] Reconciling HiveMQ Platform 'test-hivemq-platform' in namespace 'helmcontainersecuritycontextupgradeplatformit'
2025-01-28 23:34:25,239 INFO c.h.h.t.HelmChartContainer - [hivemq-test-hivemq-platform] [hivemq-platform-operator] [04b9bc17] 23:34:25.238 [ReconcilerExecutor-hivemq-controller-75] DEBUG c.h.p.o.HiveMQPlatformReconciler - [helmcont] Custom Resource Status STARTING - HiveMQ Platform is starting (READY)
2025-01-28 23:34:25,239 INFO c.h.h.t.HelmChartContainer - [hivemq-test-hivemq-platform] [hivemq-platform-operator] [04b9bc17] 23:34:25.238 [ReconcilerExecutor-hivemq-controller-75] DEBUG c.h.p.o.HiveMQPlatformReconciler - [helmcont] Custom Resource Spec (replicas: 1) (extensions: 1)
2025-01-28 23:34:25,327 INFO c.h.h.t.HelmChartContainer - [hivemq-test-hivemq-platform] [hivemq-platform-operator] [04b9bc17] 23:34:25.326 [ReconcilerExecutor-hivemq-controller-75] DEBUG c.h.p.o.HiveMQPlatformReconciler - [helmcont] StatefulSet Status (revision: test-hivemq-platform-5fb49467b6, replicas: 1, available: 0, ready: 0, current: 1, updated: 1)
2025-01-28 23:34:25,328 INFO c.h.h.t.HelmChartContainer - [hivemq-test-hivemq-platform] [hivemq-platform-operator] [04b9bc17] 23:34:25.326 [ReconcilerExecutor-hivemq-controller-75] DEBUG c.h.p.o.HiveMQPlatformReconciler - [helmcont] StatefulSet Spec (replicas: 1, init containers: 1, containers: 1, volumes: 3)
2025-01-28 23:34:25,334 INFO c.h.h.t.HelmChartContainer - [hivemq-test-hivemq-platform] [hivemq-platform-operator] [04b9bc17] 23:34:25.333 [ReconcilerExecutor-hivemq-controller-75] DEBUG c.h.p.o.h.HiveMQPlatformReconcilerErrorHandler - [helmcont] Pod 'test-hivemq-platform-0' phase Pending
2025-01-28 23:34:25,336 INFO c.h.h.t.HelmChartContainer - [hivemq-test-hivemq-platform] [hivemq-platform-operator] [04b9bc17] 23:34:25.333 [ReconcilerExecutor-hivemq-controller-75] DEBUG c.h.p.o.h.HiveMQPlatformReconcilerErrorHandler - [helmcont] Pod 'test-hivemq-platform-0' condition 'PodReadyToStartContainers': False
2025-01-28 23:34:25,336 INFO c.h.h.t.HelmChartContainer - [hivemq-test-hivemq-platform] [hivemq-platform-operator] [04b9bc17] 23:34:25.333 [ReconcilerExecutor-hivemq-controller-75] DEBUG c.h.p.o.h.HiveMQPlatformReconcilerErrorHandler - [helmcont] Pod 'test-hivemq-platform-0' condition 'Initialized': False
2025-01-28 23:34:25,336 INFO c.h.h.t.HelmChartContainer - [hivemq-test-hivemq-platform] [hivemq-platform-operator] [04b9bc17] 23:34:25.333 [ReconcilerExecutor-hivemq-controller-75] DEBUG c.h.p.o.h.HiveMQPlatformReconcilerErrorHandler - [helmcont] Pod 'test-hivemq-platform-0' condition 'Ready': False
2025-01-28 23:34:25,336 INFO c.h.h.t.HelmChartContainer - [hivemq-test-hivemq-platform] [hivemq-platform-operator] [04b9bc17] 23:34:25.333 [ReconcilerExecutor-hivemq-controller-75] DEBUG c.h.p.o.h.HiveMQPlatformReconcilerErrorHandler - [helmcont] Pod 'test-hivemq-platform-0' condition 'ContainersReady': False
2025-01-28 23:34:25,336 INFO c.h.h.t.HelmChartContainer - [hivemq-test-hivemq-platform] [hivemq-platform-operator] [04b9bc17] 23:34:25.333 [ReconcilerExecutor-hivemq-controller-75] DEBUG c.h.p.o.h.HiveMQPlatformReconcilerErrorHandler - [helmcont] Pod 'test-hivemq-platform-0' condition 'PodScheduled': True
2025-01-28 23:34:25,336 INFO c.h.h.t.HelmChartContainer - [hivemq-test-hivemq-platform] [hivemq-platform-operator] [04b9bc17] 23:34:25.334 [ReconcilerExecutor-hivemq-controller-75] DEBUG c.h.p.o.h.HiveMQPlatformReconcilerErrorHandler - [helmcont] Pod 'test-hivemq-platform-0' containerStatus 'hivemq' (started: false) (ready: false) (waiting: [PodInitializing] null)
2025-01-28 23:34:25,338 INFO c.h.h.t.HelmChartContainer - [hivemq-test-hivemq-platform] [hivemq-platform-operator] [04b9bc17] 23:34:25.336 [ReconcilerExecutor-hivemq-controller-75] INFO  c.h.p.o.h.HiveMQPlatformReconcilerBaseHandler - [helmcont] HiveMQ Platform is starting, 0 of 1 replicas are ready
2025-01-28 23:34:25,357 INFO c.h.h.t.HelmChartContainer - [EVENT] Normal [Pulled] Container image "docker.io/hivemq/hivemq-platform-operator-init-test:snapshot" already present on machine [helmcontainersecuritycontextupgradeplatformit:test-hivemq-platform-0]
2025-01-28 23:34:25,364 INFO c.h.h.t.HelmChartContainer - [EVENT] Normal [Created] Created container: hivemq-platform-operator-init [helmcontainersecuritycontextupgradeplatformit:test-hivemq-platform-0]
2025-01-28 23:34:25,406 INFO c.h.h.t.HelmChartContainer - [EVENT] Normal [Started] Started container hivemq-platform-operator-init [helmcontainersecuritycontextupgradeplatformit:test-hivemq-platform-0]
2025-01-28 23:34:25,449 INFO c.h.h.t.HelmChartContainer - [POD] test-hivemq-platform-0 [a6abb940-f61c-4e65-ac72-e024bfc9ef42] in helmcontainersecuritycontextupgradeplatformit was MODIFIED
2025-01-28 23:34:25,539 INFO c.h.h.t.HelmChartContainer - [hivemq-test-hivemq-platform] [hivemq-platform-operator] [04b9bc17] 23:34:25.535 [pool-6-thread-32] DEBUG c.h.p.o.d.PlatformServiceResource - [helmcont] Desired Platform services (3 services)
2025-01-28 23:34:25,542 INFO c.h.h.t.HelmChartContainer - [hivemq-test-hivemq-platform] [hivemq-platform-operator] [04b9bc17] 23:34:25.538 [pool-6-thread-33] DEBUG c.h.p.o.dependants.PodInfoConfigMap - [helmcont] Desired PodInfo ConfigMap (1 extensions) (1 enabled)
2025-01-28 23:34:25,543 INFO c.h.h.t.HelmChartContainer - [hivemq-test-hivemq-platform] [hivemq-platform-operator] [04b9bc17] 23:34:25.540 [pool-6-thread-33] DEBUG c.h.p.o.dependants.PodInfoConfigMap - [helmcont] Desired PodInfo ConfigMap (metrics port: 9399) (metrics path: /)
2025-01-28 23:34:25,543 INFO c.h.h.t.HelmChartContainer - [hivemq-test-hivemq-platform] [hivemq-platform-operator] [04b9bc17] 23:34:25.540 [pool-6-thread-33] DEBUG c.h.p.o.dependants.PodInfoConfigMap - [helmcont] Desired PodInfo ConfigMap (extension state hash: -1817474005)
2025-01-28 23:34:25,545 INFO c.h.h.t.HelmChartContainer - [hivemq-test-hivemq-platform] [hivemq-platform-operator] [04b9bc17] 23:34:25.544 [pool-6-thread-37] DEBUG c.h.p.o.d.PodServiceAccountResource - [helmcont] Desired PodServiceAccountResource (serviceAccountName: hivemq-platform-pod-test-hivemq-platform)
2025-01-28 23:34:25,597 INFO c.h.h.t.HelmChartContainer - [hivemq-test-hivemq-platform] [hivemq-platform-operator] [04b9bc17] 23:34:25.596 [pool-6-thread-40] DEBUG c.h.p.o.d.StatefulSetResource - [helmcont] Desired StatefulSet (1 replicas) for status STARTING (READY)
2025-01-28 23:34:25,630 INFO c.h.h.t.HelmChartContainer - [hivemq-test-hivemq-platform] [hivemq-platform-operator] [04b9bc17] 23:34:25.626 [ReconcilerExecutor-hivemq-controller-86] INFO  c.h.p.o.HiveMQPlatformReconciler - [helmcont] Reconciling HiveMQ Platform 'test-hivemq-platform' in namespace 'helmcontainersecuritycontextupgradeplatformit'
2025-01-28 23:34:25,631 INFO c.h.h.t.HelmChartContainer - [hivemq-test-hivemq-platform] [hivemq-platform-operator] [04b9bc17] 23:34:25.626 [ReconcilerExecutor-hivemq-controller-86] DEBUG c.h.p.o.HiveMQPlatformReconciler - [helmcont] Custom Resource Status STARTING - HiveMQ Platform is starting (READY)
2025-01-28 23:34:25,631 INFO c.h.h.t.HelmChartContainer - [hivemq-test-hivemq-platform] [hivemq-platform-operator] [04b9bc17] 23:34:25.626 [ReconcilerExecutor-hivemq-controller-86] DEBUG c.h.p.o.HiveMQPlatformReconciler - [helmcont] Custom Resource Spec (replicas: 1) (extensions: 1)
2025-01-28 23:34:25,631 INFO c.h.h.t.HelmChartContainer - [hivemq-test-hivemq-platform] [hivemq-platform-operator] [04b9bc17] 23:34:25.629 [ReconcilerExecutor-hivemq-controller-86] DEBUG c.h.p.o.HiveMQPlatformReconciler - [helmcont] StatefulSet Status (revision: test-hivemq-platform-5fb49467b6, replicas: 1, available: 0, ready: 0, current: 1, updated: 1)
2025-01-28 23:34:25,631 INFO c.h.h.t.HelmChartContainer - [hivemq-test-hivemq-platform] [hivemq-platform-operator] [04b9bc17] 23:34:25.629 [ReconcilerExecutor-hivemq-controller-86] DEBUG c.h.p.o.HiveMQPlatformReconciler - [helmcont] StatefulSet Spec (replicas: 1, init containers: 1, containers: 1, volumes: 3)
2025-01-28 23:34:25,637 INFO c.h.h.t.HelmChartContainer - [hivemq-test-hivemq-platform] [hivemq-platform-operator] [04b9bc17] 23:34:25.635 [ReconcilerExecutor-hivemq-controller-86] DEBUG c.h.p.o.h.HiveMQPlatformReconcilerErrorHandler - [helmcont] Pod 'test-hivemq-platform-0' phase Pending
2025-01-28 23:34:25,637 INFO c.h.h.t.HelmChartContainer - [hivemq-test-hivemq-platform] [hivemq-platform-operator] [04b9bc17] 23:34:25.636 [ReconcilerExecutor-hivemq-controller-86] DEBUG c.h.p.o.h.HiveMQPlatformReconcilerErrorHandler - [helmcont] Pod 'test-hivemq-platform-0' condition 'PodReadyToStartContainers': True
2025-01-28 23:34:25,639 INFO c.h.h.t.HelmChartContainer - [hivemq-test-hivemq-platform] [hivemq-platform-operator] [04b9bc17] 23:34:25.636 [ReconcilerExecutor-hivemq-controller-86] DEBUG c.h.p.o.h.HiveMQPlatformReconcilerErrorHandler - [helmcont] Pod 'test-hivemq-platform-0' condition 'Initialized': False
2025-01-28 23:34:25,639 INFO c.h.h.t.HelmChartContainer - [hivemq-test-hivemq-platform] [hivemq-platform-operator] [04b9bc17] 23:34:25.636 [ReconcilerExecutor-hivemq-controller-86] DEBUG c.h.p.o.h.HiveMQPlatformReconcilerErrorHandler - [helmcont] Pod 'test-hivemq-platform-0' condition 'Ready': False
2025-01-28 23:34:25,639 INFO c.h.h.t.HelmChartContainer - [hivemq-test-hivemq-platform] [hivemq-platform-operator] [04b9bc17] 23:34:25.636 [ReconcilerExecutor-hivemq-controller-86] DEBUG c.h.p.o.h.HiveMQPlatformReconcilerErrorHandler - [helmcont] Pod 'test-hivemq-platform-0' condition 'ContainersReady': False
2025-01-28 23:34:25,639 INFO c.h.h.t.HelmChartContainer - [hivemq-test-hivemq-platform] [hivemq-platform-operator] [04b9bc17] 23:34:25.636 [ReconcilerExecutor-hivemq-controller-86] DEBUG c.h.p.o.h.HiveMQPlatformReconcilerErrorHandler - [helmcont] Pod 'test-hivemq-platform-0' condition 'PodScheduled': True
2025-01-28 23:34:25,639 INFO c.h.h.t.HelmChartContainer - [hivemq-test-hivemq-platform] [hivemq-platform-operator] [04b9bc17] 23:34:25.636 [ReconcilerExecutor-hivemq-controller-86] DEBUG c.h.p.o.h.HiveMQPlatformReconcilerErrorHandler - [helmcont] Pod 'test-hivemq-platform-0' containerStatus 'hivemq' (started: false) (ready: false) (waiting: [PodInitializing] null)
2025-01-28 23:34:25,643 INFO c.h.h.t.HelmChartContainer - [hivemq-test-hivemq-platform] [hivemq-platform-operator] [04b9bc17] 23:34:25.639 [ReconcilerExecutor-hivemq-controller-86] INFO  c.h.p.o.h.HiveMQPlatformReconcilerBaseHandler - [helmcont] HiveMQ Platform is starting, 0 of 1 replicas are ready
2025-01-28 23:34:26,435 INFO c.h.h.t.HelmChartContainer - [EVENT] Normal [Pulled] Container image "docker.io/hivemq/hivemq4:4.36.0" already present on machine [helmcontainersecuritycontextupgradeplatformit:test-hivemq-platform-0]
2025-01-28 23:34:26,435 INFO c.h.h.t.HelmChartContainer - Received Pulled event for container hivemq in pod test-hivemq-platform-0 [a6abb940-f61c-4e65-ac72-e024bfc9ef42]
2025-01-28 23:34:26,447 INFO c.h.h.t.HelmChartContainer - [EVENT] Normal [Created] Created container: hivemq [helmcontainersecuritycontextupgradeplatformit:test-hivemq-platform-0]
2025-01-28 23:34:26,447 INFO c.h.h.t.HelmChartContainer - Received Created event for container hivemq in pod test-hivemq-platform-0 [a6abb940-f61c-4e65-ac72-e024bfc9ef42]
2025-01-28 23:34:26,448 INFO c.h.h.t.HelmChartContainer - [POD] test-hivemq-platform-0 [a6abb940-f61c-4e65-ac72-e024bfc9ef42] in helmcontainersecuritycontextupgradeplatformit was MODIFIED
2025-01-28 23:34:26,460 INFO c.h.h.t.HelmChartContainer - [hivemq-test-hivemq-platform] [hivemq-platform-operator] [04b9bc17] 23:34:26.455 [pool-6-thread-42] DEBUG c.h.p.o.d.PlatformServiceResource - [helmcont] Desired Platform services (3 services)
2025-01-28 23:34:26,476 INFO c.h.h.t.HelmChartContainer - [hivemq-test-hivemq-platform] [hivemq-platform-operator] [04b9bc17] 23:34:26.467 [pool-6-thread-43] DEBUG c.h.p.o.dependants.PodInfoConfigMap - [helmcont] Desired PodInfo ConfigMap (1 extensions) (1 enabled)
2025-01-28 23:34:26,477 INFO c.h.h.t.HelmChartContainer - [hivemq-test-hivemq-platform] [hivemq-platform-operator] [04b9bc17] 23:34:26.468 [pool-6-thread-43] DEBUG c.h.p.o.dependants.PodInfoConfigMap - [helmcont] Desired PodInfo ConfigMap (metrics port: 9399) (metrics path: /)
2025-01-28 23:34:26,477 INFO c.h.h.t.HelmChartContainer - [hivemq-test-hivemq-platform] [hivemq-platform-operator] [04b9bc17] 23:34:26.468 [pool-6-thread-43] DEBUG c.h.p.o.dependants.PodInfoConfigMap - [helmcont] Desired PodInfo ConfigMap (extension state hash: -1817474005)
2025-01-28 23:34:26,477 INFO c.h.h.t.HelmChartContainer - [hivemq-test-hivemq-platform] [hivemq-platform-operator] [04b9bc17] 23:34:26.469 [pool-6-thread-47] DEBUG c.h.p.o.d.PodServiceAccountResource - [helmcont] Desired PodServiceAccountResource (serviceAccountName: hivemq-platform-pod-test-hivemq-platform)
2025-01-28 23:34:26,529 INFO c.h.h.t.HelmChartContainer - [hivemq-test-hivemq-platform] [hivemq-platform-operator] [04b9bc17] 23:34:26.526 [pool-6-thread-49] DEBUG c.h.p.o.d.StatefulSetResource - [helmcont] Desired StatefulSet (1 replicas) for status STARTING (READY)
2025-01-28 23:34:26,531 INFO c.h.h.t.HelmChartContainer - [hivemq-test-hivemq-platform] [hivemq-platform-operator] [04b9bc17] 23:34:26.530 [ReconcilerExecutor-hivemq-controller-97] INFO  c.h.p.o.HiveMQPlatformReconciler - [helmcont] Reconciling HiveMQ Platform 'test-hivemq-platform' in namespace 'helmcontainersecuritycontextupgradeplatformit'
2025-01-28 23:34:26,532 INFO c.h.h.t.HelmChartContainer - [hivemq-test-hivemq-platform] [hivemq-platform-operator] [04b9bc17] 23:34:26.530 [ReconcilerExecutor-hivemq-controller-97] DEBUG c.h.p.o.HiveMQPlatformReconciler - [helmcont] Custom Resource Status STARTING - HiveMQ Platform is starting (READY)
2025-01-28 23:34:26,532 INFO c.h.h.t.HelmChartContainer - [hivemq-test-hivemq-platform] [hivemq-platform-operator] [04b9bc17] 23:34:26.530 [ReconcilerExecutor-hivemq-controller-97] DEBUG c.h.p.o.HiveMQPlatformReconciler - [helmcont] Custom Resource Spec (replicas: 1) (extensions: 1)
2025-01-28 23:34:26,536 INFO c.h.h.t.HelmChartContainer - [hivemq-test-hivemq-platform] [hivemq-platform-operator] [04b9bc17] 23:34:26.533 [ReconcilerExecutor-hivemq-controller-97] DEBUG c.h.p.o.HiveMQPlatformReconciler - [helmcont] StatefulSet Status (revision: test-hivemq-platform-5fb49467b6, replicas: 1, available: 0, ready: 0, current: 1, updated: 1)
2025-01-28 23:34:26,536 INFO c.h.h.t.HelmChartContainer - [hivemq-test-hivemq-platform] [hivemq-platform-operator] [04b9bc17] 23:34:26.533 [ReconcilerExecutor-hivemq-controller-97] DEBUG c.h.p.o.HiveMQPlatformReconciler - [helmcont] StatefulSet Spec (replicas: 1, init containers: 1, containers: 1, volumes: 3)
2025-01-28 23:34:26,536 INFO c.h.h.t.HelmChartContainer - [hivemq-test-hivemq-platform] [hivemq-platform-operator] [04b9bc17] 23:34:26.535 [ReconcilerExecutor-hivemq-controller-97] DEBUG c.h.p.o.h.HiveMQPlatformReconcilerErrorHandler - [helmcont] Pod 'test-hivemq-platform-0' phase Pending
2025-01-28 23:34:26,537 INFO c.h.h.t.HelmChartContainer - [hivemq-test-hivemq-platform] [hivemq-platform-operator] [04b9bc17] 23:34:26.536 [ReconcilerExecutor-hivemq-controller-97] DEBUG c.h.p.o.h.HiveMQPlatformReconcilerErrorHandler - [helmcont] Pod 'test-hivemq-platform-0' condition 'PodReadyToStartContainers': True
2025-01-28 23:34:26,539 INFO c.h.h.t.HelmChartContainer - [hivemq-test-hivemq-platform] [hivemq-platform-operator] [04b9bc17] 23:34:26.536 [ReconcilerExecutor-hivemq-controller-97] DEBUG c.h.p.o.h.HiveMQPlatformReconcilerErrorHandler - [helmcont] Pod 'test-hivemq-platform-0' condition 'Initialized': True
2025-01-28 23:34:26,540 INFO c.h.h.t.HelmChartContainer - [hivemq-test-hivemq-platform] [hivemq-platform-operator] [04b9bc17] 23:34:26.536 [ReconcilerExecutor-hivemq-controller-97] DEBUG c.h.p.o.h.HiveMQPlatformReconcilerErrorHandler - [helmcont] Pod 'test-hivemq-platform-0' condition 'Ready': False
2025-01-28 23:34:26,540 INFO c.h.h.t.HelmChartContainer - [hivemq-test-hivemq-platform] [hivemq-platform-operator] [04b9bc17] 23:34:26.536 [ReconcilerExecutor-hivemq-controller-97] DEBUG c.h.p.o.h.HiveMQPlatformReconcilerErrorHandler - [helmcont] Pod 'test-hivemq-platform-0' condition 'ContainersReady': False
2025-01-28 23:34:26,540 INFO c.h.h.t.HelmChartContainer - [hivemq-test-hivemq-platform] [hivemq-platform-operator] [04b9bc17] 23:34:26.536 [ReconcilerExecutor-hivemq-controller-97] DEBUG c.h.p.o.h.HiveMQPlatformReconcilerErrorHandler - [helmcont] Pod 'test-hivemq-platform-0' condition 'PodScheduled': True
2025-01-28 23:34:26,540 INFO c.h.h.t.HelmChartContainer - [hivemq-test-hivemq-platform] [hivemq-platform-operator] [04b9bc17] 23:34:26.536 [ReconcilerExecutor-hivemq-controller-97] DEBUG c.h.p.o.h.HiveMQPlatformReconcilerErrorHandler - [helmcont] Pod 'test-hivemq-platform-0' containerStatus 'hivemq' (started: false) (ready: false) (waiting: [PodInitializing] null)
2025-01-28 23:34:26,540 INFO c.h.h.t.HelmChartContainer - [hivemq-test-hivemq-platform] [hivemq-platform-operator] [04b9bc17] 23:34:26.537 [ReconcilerExecutor-hivemq-controller-97] INFO  c.h.p.o.h.HiveMQPlatformReconcilerBaseHandler - [helmcont] HiveMQ Platform is starting, 0 of 1 replicas are ready
2025-01-28 23:34:27,453 INFO c.h.h.t.HelmChartContainer - [POD] test-hivemq-platform-0 [a6abb940-f61c-4e65-ac72-e024bfc9ef42] in helmcontainersecuritycontextupgradeplatformit was MODIFIED
2025-01-28 23:34:27,465 INFO c.h.h.t.HelmChartContainer - [hivemq-test-hivemq-platform] [hivemq-platform-operator] [04b9bc17] 23:34:27.459 [pool-6-thread-8] DEBUG c.h.p.o.d.PlatformServiceResource - [helmcont] Desired Platform services (3 services)
2025-01-28 23:34:27,465 INFO c.h.h.t.HelmChartContainer - [hivemq-test-hivemq-platform] [hivemq-platform-operator] [04b9bc17] 23:34:27.460 [pool-6-thread-5] DEBUG c.h.p.o.dependants.PodInfoConfigMap - [helmcont] Desired PodInfo ConfigMap (1 extensions) (1 enabled)
2025-01-28 23:34:27,465 INFO c.h.h.t.HelmChartContainer - [hivemq-test-hivemq-platform] [hivemq-platform-operator] [04b9bc17] 23:34:27.460 [pool-6-thread-5] DEBUG c.h.p.o.dependants.PodInfoConfigMap - [helmcont] Desired PodInfo ConfigMap (metrics port: 9399) (metrics path: /)
2025-01-28 23:34:27,465 INFO c.h.h.t.HelmChartContainer - [hivemq-test-hivemq-platform] [hivemq-platform-operator] [04b9bc17] 23:34:27.460 [pool-6-thread-5] DEBUG c.h.p.o.dependants.PodInfoConfigMap - [helmcont] Desired PodInfo ConfigMap (extension state hash: -1817474005)
2025-01-28 23:34:27,465 INFO c.h.h.t.HelmChartContainer - [hivemq-test-hivemq-platform] [hivemq-platform-operator] [04b9bc17] 23:34:27.463 [pool-6-thread-6] DEBUG c.h.p.o.d.PodServiceAccountResource - [helmcont] Desired PodServiceAccountResource (serviceAccountName: hivemq-platform-pod-test-hivemq-platform)
2025-01-28 23:34:27,468 INFO c.h.h.t.HelmChartContainer - [EVENT] Normal [Started] Started container hivemq [helmcontainersecuritycontextupgradeplatformit:test-hivemq-platform-0]
2025-01-28 23:34:27,468 INFO c.h.h.t.HelmChartContainer - Started log watcher for hivemq in pod test-hivemq-platform-0 [a6abb940-f61c-4e65-ac72-e024bfc9ef42]
2025-01-28 23:34:27,468 INFO c.h.h.t.HelmChartContainer - Received Started event for container hivemq in pod test-hivemq-platform-0 [a6abb940-f61c-4e65-ac72-e024bfc9ef42]
2025-01-28 23:34:27,468 INFO c.h.h.t.HelmChartContainer - [test-hivemq-platform] [hivemq] [a6abb940] Adding pre-installed HiveMQ Platform Operator extensions
2025-01-28 23:34:27,468 INFO c.h.h.t.HelmChartContainer - [test-hivemq-platform] [hivemq] [a6abb940] Running as user 0
2025-01-28 23:34:27,468 INFO c.h.h.t.HelmChartContainer - [test-hivemq-platform] [hivemq] [a6abb940] Starting HiveMQ Platform Operator Init
2025-01-28 23:34:27,476 INFO c.h.h.t.HelmChartContainer - [hivemq-test-hivemq-platform] [hivemq-platform-operator] [04b9bc17] 23:34:27.474 [pool-6-thread-8] DEBUG c.h.p.o.d.StatefulSetResource - [helmcont] Desired StatefulSet (1 replicas) for status STARTING (READY)
2025-01-28 23:34:27,527 INFO c.h.h.t.HelmChartContainer - [hivemq-test-hivemq-platform] [hivemq-platform-operator] [04b9bc17] 23:34:27.525 [ReconcilerExecutor-hivemq-controller-108] INFO  c.h.p.o.HiveMQPlatformReconciler - [helmcont] Reconciling HiveMQ Platform 'test-hivemq-platform' in namespace 'helmcontainersecuritycontextupgradeplatformit'
2025-01-28 23:34:27,528 INFO c.h.h.t.HelmChartContainer - [hivemq-test-hivemq-platform] [hivemq-platform-operator] [04b9bc17] 23:34:27.525 [ReconcilerExecutor-hivemq-controller-108] DEBUG c.h.p.o.HiveMQPlatformReconciler - [helmcont] Custom Resource Status STARTING - HiveMQ Platform is starting (READY)
2025-01-28 23:34:27,528 INFO c.h.h.t.HelmChartContainer - [hivemq-test-hivemq-platform] [hivemq-platform-operator] [04b9bc17] 23:34:27.525 [ReconcilerExecutor-hivemq-controller-108] DEBUG c.h.p.o.HiveMQPlatformReconciler - [helmcont] Custom Resource Spec (replicas: 1) (extensions: 1)
2025-01-28 23:34:27,531 INFO c.h.h.t.HelmChartContainer - [hivemq-test-hivemq-platform] [hivemq-platform-operator] [04b9bc17] 23:34:27.527 [ReconcilerExecutor-hivemq-controller-108] DEBUG c.h.p.o.HiveMQPlatformReconciler - [helmcont] StatefulSet Status (revision: test-hivemq-platform-5fb49467b6, replicas: 1, available: 0, ready: 0, current: 1, updated: 1)
2025-01-28 23:34:27,533 INFO c.h.h.t.HelmChartContainer - [hivemq-test-hivemq-platform] [hivemq-platform-operator] [04b9bc17] 23:34:27.529 [ReconcilerExecutor-hivemq-controller-108] DEBUG c.h.p.o.HiveMQPlatformReconciler - [helmcont] StatefulSet Spec (replicas: 1, init containers: 1, containers: 1, volumes: 3)
2025-01-28 23:34:27,543 INFO c.h.h.t.HelmChartContainer - [hivemq-test-hivemq-platform] [hivemq-platform-operator] [04b9bc17] 23:34:27.535 [ReconcilerExecutor-hivemq-controller-108] DEBUG c.h.p.o.h.HiveMQPlatformReconcilerErrorHandler - [helmcont] Pod 'test-hivemq-platform-0' phase Running
2025-01-28 23:34:27,543 INFO c.h.h.t.HelmChartContainer - [hivemq-test-hivemq-platform] [hivemq-platform-operator] [04b9bc17] 23:34:27.536 [ReconcilerExecutor-hivemq-controller-108] INFO  c.h.p.o.h.HiveMQPlatformReconcilerBaseHandler - [helmcont] HiveMQ Platform is starting, 0 of 1 replicas are ready
2025-01-28 23:34:27,739 INFO c.h.h.t.HelmChartContainer - [test-hivemq-platform] [hivemq] [a6abb940] INFO  - [HiveMQ Platform Operator Init 1.7.0-SNAPSHOT] HiveMQ Platform Operator Init 1.7.0-SNAPSHOT (commit: bebf408 on branch: HEAD) built on Sun Jan 26 20:47:47 UTC 2025
2025-01-28 23:34:28,923 INFO c.h.h.t.HelmChartContainer - [test-hivemq-platform] [hivemq] [a6abb940] INFO  - [HiveMQ Platform Operator Init App 1.7.0-SNAPSHOT] Using bind address 10.42.0.6 from environment variable
2025-01-28 23:34:29,831 INFO c.h.h.t.HelmChartContainer - [test-hivemq-platform] [hivemq] [a6abb940] INFO  - [HiveMQ Platform Operator Init App 1.7.0-SNAPSHOT] HiveMQ Platform Operator Init App 1.7.0-SNAPSHOT (commit: bebf408 on branch: HEAD) built on Sun Jan 26 20:47:47 UTC 2025
2025-01-28 23:34:29,831 INFO c.h.h.t.HelmChartContainer - [test-hivemq-platform] [hivemq] [a6abb940] INFO  - [HiveMQ Platform Operator Init App 1.7.0-SNAPSHOT] PodInfo ConfigMap directory: /etc/podinfo
2025-01-28 23:34:29,831 INFO c.h.h.t.HelmChartContainer - [test-hivemq-platform] [hivemq] [a6abb940] INFO  - [HiveMQ Platform Operator Init App 1.7.0-SNAPSHOT] HiveMQ home directory: /opt/hivemq
2025-01-28 23:34:29,831 INFO c.h.h.t.HelmChartContainer - [test-hivemq-platform] [hivemq] [a6abb940] INFO  - [HiveMQ Platform Operator Init App 1.7.0-SNAPSHOT] HiveMQ Logback folder: /opt/hivemq/conf
2025-01-28 23:34:29,832 INFO c.h.h.t.HelmChartContainer - [test-hivemq-platform] [hivemq] [a6abb940] INFO  - [HiveMQ Platform Operator Init App 1.7.0-SNAPSHOT] HiveMQ Config folder: /opt/hivemq/conf-k8s
2025-01-28 23:34:29,832 INFO c.h.h.t.HelmChartContainer - [test-hivemq-platform] [hivemq] [a6abb940] INFO  - [HiveMQ Platform Operator Init App 1.7.0-SNAPSHOT] Starting HiveMQ Platform Operator Init App
2025-01-28 23:34:29,832 INFO c.h.h.t.HelmChartContainer - [test-hivemq-platform] [hivemq] [a6abb940] INFO  - [HiveMQ Platform Operator Init App 1.7.0-SNAPSHOT] Starting Pod reconciler
2025-01-28 23:34:31,126 INFO c.h.h.t.HelmChartContainer - [test-hivemq-platform] [hivemq] [a6abb940] INFO  - [HiveMQ Platform Operator Init App 1.7.0-SNAPSHOT] Pod reconciler is scheduled (interval: 5000 ms)
2025-01-28 23:34:31,126 INFO c.h.h.t.HelmChartContainer - [test-hivemq-platform] [hivemq] [a6abb940] INFO  - [HiveMQ Platform Operator Init App 1.7.0-SNAPSHOT] Starting the REST API on 10.42.0.6:7979
2025-01-28 23:34:31,129 INFO c.h.h.t.HelmChartContainer - [test-hivemq-platform] [hivemq] [a6abb940] INFO  - [HiveMQ Platform Operator Init App 1.7.0-SNAPSHOT] Waiting up to 600s for at most 1 HiveMQ nodes in cluster service hivemq-test-hivemq-platform-cluster.helmcontainersecuritycontextupgradeplatformit.svc
2025-01-28 23:34:31,441 INFO c.h.h.t.HelmChartContainer - [test-hivemq-platform] [hivemq] [a6abb940] INFO  - [HiveMQ Platform Operator Init App 1.7.0-SNAPSHOT] Resolved 1 IP addresses: [10.42.0.6]
2025-01-28 23:34:31,441 INFO c.h.h.t.HelmChartContainer - [test-hivemq-platform] [hivemq] [a6abb940] INFO  - [HiveMQ Platform Operator Init App 1.7.0-SNAPSHOT] HiveMQ node count of 1 is within threshold of 1
2025-01-28 23:34:31,441 INFO c.h.h.t.HelmChartContainer - [test-hivemq-platform] [hivemq] [a6abb940] INFO  - [HiveMQ Platform Operator Init App 1.7.0-SNAPSHOT] Proceeding with container start
2025-01-28 23:34:31,532 INFO c.h.h.t.HelmChartContainer - [test-hivemq-platform] [hivemq] [a6abb940] INFO  - [HiveMQ Platform Operator Init App 1.7.0-SNAPSHOT] Initializing HiveMQ Platform extensions with initial configuration: {hivemq-allow-all-extension={start-priority=-1, skip-https-hostname-verification=false, restart=true, config-version=0, header-version=0, c-uri=, priority=-1, uri=preinstalled, skip-https-certificate-validation=false, enabled=true}, hivemq-prometheus-extension={restart=true, priority=-1, start-priority=-1, c-uri=, skip-https-hostname-verification=false, skip-https-certificate-validation=false, uri=preinstalled, request-header-path=no-request-headers, enabled=true}}
2025-01-28 23:34:32,033 INFO c.h.h.t.HelmChartContainer - [test-hivemq-platform] [hivemq] [a6abb940] INFO  - [HiveMQ Platform Operator Init App 1.7.0-SNAPSHOT] Extension hivemq-allow-all-extension was already enabled
2025-01-28 23:34:32,116 INFO c.h.h.t.HelmChartContainer - [test-hivemq-platform] [hivemq] [a6abb940] INFO  - [HiveMQ Platform Operator Init App 1.7.0-SNAPSHOT] Successfully enabled extension hivemq-prometheus-extension
2025-01-28 23:34:32,117 INFO c.h.h.t.HelmChartContainer - [test-hivemq-platform] [hivemq] [a6abb940] INFO  - [HiveMQ Platform Operator Init App 1.7.0-SNAPSHOT] Starting HiveMQ Platform version 4.36.0 (4.36.0)
2025-01-28 23:34:32,118 INFO c.h.h.t.HelmChartContainer - [test-hivemq-platform] [hivemq] [a6abb940] INFO  - [HiveMQ Platform Operator Init App 1.7.0-SNAPSHOT] Configuring the HiveMQ Platform
2025-01-28 23:34:32,133 INFO c.h.h.t.HelmChartContainer - [test-hivemq-platform] [hivemq] [a6abb940] INFO  - [HiveMQ Platform Operator Init App 1.7.0-SNAPSHOT] Changed logback.xml file scan period to 20 seconds
2025-01-28 23:34:32,229 INFO c.h.h.t.HelmChartContainer - [test-hivemq-platform] [hivemq] [a6abb940] INFO  - [HiveMQ Platform Operator Init App 1.7.0-SNAPSHOT] Starting the HiveMQ Platform
2025-01-28 23:34:32,232 INFO c.h.h.t.HelmChartContainer - [test-hivemq-platform] [hivemq] [a6abb940] -------------------------------------------------------------------------
2025-01-28 23:34:32,233 INFO c.h.h.t.HelmChartContainer - [test-hivemq-platform] [hivemq] [a6abb940] 
2025-01-28 23:34:32,233 INFO c.h.h.t.HelmChartContainer - [test-hivemq-platform] [hivemq] [a6abb940]                   _    _  _              __  __   ____
2025-01-28 23:34:32,233 INFO c.h.h.t.HelmChartContainer - [test-hivemq-platform] [hivemq] [a6abb940]                  | |  | |(_)            |  \/  | / __ \
2025-01-28 23:34:32,233 INFO c.h.h.t.HelmChartContainer - [test-hivemq-platform] [hivemq] [a6abb940]                  | |__| | _ __   __ ___ | \  / || |  | |
2025-01-28 23:34:32,233 INFO c.h.h.t.HelmChartContainer - [test-hivemq-platform] [hivemq] [a6abb940]                  |  __  || |\ \ / // _ \| |\/| || |  | |
2025-01-28 23:34:32,233 INFO c.h.h.t.HelmChartContainer - [test-hivemq-platform] [hivemq] [a6abb940]                  | |  | || | \ V /|  __/| |  | || |__| |
2025-01-28 23:34:32,233 INFO c.h.h.t.HelmChartContainer - [test-hivemq-platform] [hivemq] [a6abb940]                  |_|  |_||_|  \_/  \___||_|  |_| \___\_\
2025-01-28 23:34:32,233 INFO c.h.h.t.HelmChartContainer - [test-hivemq-platform] [hivemq] [a6abb940] 
2025-01-28 23:34:32,234 INFO c.h.h.t.HelmChartContainer - [test-hivemq-platform] [hivemq] [a6abb940] -------------------------------------------------------------------------
2025-01-28 23:34:32,234 INFO c.h.h.t.HelmChartContainer - [test-hivemq-platform] [hivemq] [a6abb940] 
2025-01-28 23:34:32,234 INFO c.h.h.t.HelmChartContainer - [test-hivemq-platform] [hivemq] [a6abb940]   HiveMQ Start Script for Linux/Unix v1.14
2025-01-28 23:34:32,234 INFO c.h.h.t.HelmChartContainer - [test-hivemq-platform] [hivemq] [a6abb940] 
2025-01-28 23:34:32,332 INFO c.h.h.t.HelmChartContainer - [test-hivemq-platform] [hivemq] [a6abb940] -------------------------------------------------------------------------
2025-01-28 23:34:32,333 INFO c.h.h.t.HelmChartContainer - [test-hivemq-platform] [hivemq] [a6abb940] 
2025-01-28 23:34:32,333 INFO c.h.h.t.HelmChartContainer - [test-hivemq-platform] [hivemq] [a6abb940]   HIVEMQ_HOME: /opt/hivemq
2025-01-28 23:34:32,333 INFO c.h.h.t.HelmChartContainer - [test-hivemq-platform] [hivemq] [a6abb940] 
2025-01-28 23:34:32,333 INFO c.h.h.t.HelmChartContainer - [test-hivemq-platform] [hivemq] [a6abb940]   JAVA_OPTS: -XX:+UnlockExperimentalVMOptions -XX:InitialRAMPercentage=50 -XX:MaxRAMPercentage=50 -Djava.net.preferIPv4Stack=true --add-opens java.base/java.lang=ALL-UNNAMED --add-opens java.base/java.nio=ALL-UNNAMED --add-opens java.base/sun.nio.ch=ALL-UNNAMED --add-opens jdk.management/com.sun.management.internal=ALL-UNNAMED --add-exports java.base/jdk.internal.misc=ALL-UNNAMED -Djava.security.egd=file:/dev/./urandom -Dcom.sun.management.jmxremote -Dcom.sun.management.jmxremote.port=9010 -Dcom.sun.management.jmxremote.local.only=false -Dcom.sun.management.jmxremote.authenticate=false -Dcom.sun.management.jmxremote.ssl=false -Duser.language=en -Duser.region=US -XX:+CrashOnOutOfMemoryError -XX:+HeapDumpOnOutOfMemoryError
2025-01-28 23:34:32,333 INFO c.h.h.t.HelmChartContainer - [test-hivemq-platform] [hivemq] [a6abb940] 
2025-01-28 23:34:32,333 INFO c.h.h.t.HelmChartContainer - [test-hivemq-platform] [hivemq] [a6abb940]   JAVA_VERSION: 21
2025-01-28 23:34:32,333 INFO c.h.h.t.HelmChartContainer - [test-hivemq-platform] [hivemq] [a6abb940] 
2025-01-28 23:34:32,333 INFO c.h.h.t.HelmChartContainer - [test-hivemq-platform] [hivemq] [a6abb940] -------------------------------------------------------------------------
2025-01-28 23:34:32,333 INFO c.h.h.t.HelmChartContainer - [test-hivemq-platform] [hivemq] [a6abb940] 
2025-01-28 23:34:33,526 INFO c.h.h.t.HelmChartContainer - [test-hivemq-platform] [hivemq] [a6abb940] INFO  - [HiveMQ Platform Operator Init App 1.7.0-SNAPSHOT] Returning default Health API response 503 for readiness
2025-01-28 23:34:33,819 INFO c.h.h.t.HelmChartContainer - [EVENT] Warning [Unhealthy] Readiness probe failed: HTTP probe failed with statuscode: 503 [helmcontainersecuritycontextupgradeplatformit:test-hivemq-platform-0]
2025-01-28 23:34:33,819 INFO c.h.h.t.HelmChartContainer - Received Unhealthy event for container hivemq in pod test-hivemq-platform-0 [a6abb940-f61c-4e65-ac72-e024bfc9ef42]
2025-01-28 23:34:35,127 INFO c.h.h.t.HelmChartContainer - [test-hivemq-platform] [hivemq] [a6abb940] INFO  - Starting HiveMQ Enterprise Server
2025-01-28 23:34:35,135 INFO c.h.h.t.HelmChartContainer - [test-hivemq-platform] [hivemq] [a6abb940] INFO  - HiveMQ version: 4.36.0
2025-01-28 23:34:35,135 INFO c.h.h.t.HelmChartContainer - [test-hivemq-platform] [hivemq] [a6abb940] INFO  - HiveMQ home directory: /opt/hivemq
2025-01-28 23:34:35,135 INFO c.h.h.t.HelmChartContainer - [test-hivemq-platform] [hivemq] [a6abb940] INFO  - Log Configuration was overridden by /opt/hivemq/conf/logback.xml
2025-01-28 23:34:36,437 INFO c.h.h.t.HelmChartContainer - [test-hivemq-platform] [hivemq] [a6abb940] INFO  - Successfully loaded configuration from '/opt/hivemq/conf-k8s/config.xml'.
2025-01-28 23:34:37,235 INFO c.h.h.t.HelmChartContainer - [test-hivemq-platform] [hivemq] [a6abb940] INFO  - This node's ID is hyn55
2025-01-28 23:34:37,235 INFO c.h.h.t.HelmChartContainer - [test-hivemq-platform] [hivemq] [a6abb940] INFO  - Clustering is enabled
2025-01-28 23:34:37,542 INFO c.h.h.t.HelmChartContainer - [hivemq-test-hivemq-platform] [hivemq-platform-operator] [04b9bc17] 23:34:37.540 [pool-6-thread-16] DEBUG c.h.p.o.d.PlatformServiceResource - [helmcont] Desired Platform services (3 services)
2025-01-28 23:34:37,545 INFO c.h.h.t.HelmChartContainer - [hivemq-test-hivemq-platform] [hivemq-platform-operator] [04b9bc17] 23:34:37.544 [pool-6-thread-15] DEBUG c.h.p.o.d.PodServiceAccountResource - [helmcont] Desired PodServiceAccountResource (serviceAccountName: hivemq-platform-pod-test-hivemq-platform)
2025-01-28 23:34:37,546 INFO c.h.h.t.HelmChartContainer - [hivemq-test-hivemq-platform] [hivemq-platform-operator] [04b9bc17] 23:34:37.541 [pool-6-thread-14] DEBUG c.h.p.o.dependants.PodInfoConfigMap - [helmcont] Desired PodInfo ConfigMap (1 extensions) (1 enabled)
2025-01-28 23:34:37,547 INFO c.h.h.t.HelmChartContainer - [hivemq-test-hivemq-platform] [hivemq-platform-operator] [04b9bc17] 23:34:37.546 [pool-6-thread-14] DEBUG c.h.p.o.dependants.PodInfoConfigMap - [helmcont] Desired PodInfo ConfigMap (metrics port: 9399) (metrics path: /)
2025-01-28 23:34:37,549 INFO c.h.h.t.HelmChartContainer - [hivemq-test-hivemq-platform] [hivemq-platform-operator] [04b9bc17] 23:34:37.547 [pool-6-thread-14] DEBUG c.h.p.o.dependants.PodInfoConfigMap - [helmcont] Desired PodInfo ConfigMap (extension state hash: -1817474005)
2025-01-28 23:34:37,556 INFO c.h.h.t.HelmChartContainer - [hivemq-test-hivemq-platform] [hivemq-platform-operator] [04b9bc17] 23:34:37.554 [pool-6-thread-16] DEBUG c.h.p.o.d.StatefulSetResource - [helmcont] Desired StatefulSet (1 replicas) for status STARTING (READY)
2025-01-28 23:34:37,561 INFO c.h.h.t.HelmChartContainer - [hivemq-test-hivemq-platform] [hivemq-platform-operator] [04b9bc17] 23:34:37.560 [ReconcilerExecutor-hivemq-controller-109] INFO  c.h.p.o.HiveMQPlatformReconciler - [helmcont] Reconciling HiveMQ Platform 'test-hivemq-platform' in namespace 'helmcontainersecuritycontextupgradeplatformit'
2025-01-28 23:34:37,562 INFO c.h.h.t.HelmChartContainer - [hivemq-test-hivemq-platform] [hivemq-platform-operator] [04b9bc17] 23:34:37.560 [ReconcilerExecutor-hivemq-controller-109] DEBUG c.h.p.o.HiveMQPlatformReconciler - [helmcont] Custom Resource Status STARTING - HiveMQ Platform is starting (READY)
2025-01-28 23:34:37,562 INFO c.h.h.t.HelmChartContainer - [hivemq-test-hivemq-platform] [hivemq-platform-operator] [04b9bc17] 23:34:37.560 [ReconcilerExecutor-hivemq-controller-109] DEBUG c.h.p.o.HiveMQPlatformReconciler - [helmcont] Custom Resource Spec (replicas: 1) (extensions: 1)
2025-01-28 23:34:37,624 INFO c.h.h.t.HelmChartContainer - [hivemq-test-hivemq-platform] [hivemq-platform-operator] [04b9bc17] 23:34:37.623 [ReconcilerExecutor-hivemq-controller-109] DEBUG c.h.p.o.HiveMQPlatformReconciler - [helmcont] StatefulSet Status (revision: test-hivemq-platform-5fb49467b6, replicas: 1, available: 0, ready: 0, current: 1, updated: 1)
2025-01-28 23:34:37,624 INFO c.h.h.t.HelmChartContainer - [hivemq-test-hivemq-platform] [hivemq-platform-operator] [04b9bc17] 23:34:37.623 [ReconcilerExecutor-hivemq-controller-109] DEBUG c.h.p.o.HiveMQPlatformReconciler - [helmcont] StatefulSet Spec (replicas: 1, init containers: 1, containers: 1, volumes: 3)
2025-01-28 23:34:37,627 INFO c.h.h.t.HelmChartContainer - [hivemq-test-hivemq-platform] [hivemq-platform-operator] [04b9bc17] 23:34:37.625 [ReconcilerExecutor-hivemq-controller-109] DEBUG c.h.p.o.h.HiveMQPlatformReconcilerErrorHandler - [helmcont] Pod 'test-hivemq-platform-0' phase Running
2025-01-28 23:34:37,629 INFO c.h.h.t.HelmChartContainer - [hivemq-test-hivemq-platform] [hivemq-platform-operator] [04b9bc17] 23:34:37.629 [ReconcilerExecutor-hivemq-controller-109] INFO  c.h.p.o.h.HiveMQPlatformReconcilerBaseHandler - [helmcont] HiveMQ Platform is starting, 0 of 1 replicas are ready
2025-01-28 23:34:38,934 INFO c.h.h.t.HelmChartContainer - [EVENT] Warning [Unhealthy] Readiness probe failed: HTTP probe failed with statuscode: 503 [helmcontainersecuritycontextupgradeplatformit:test-hivemq-platform-0]
2025-01-28 23:34:38,934 INFO c.h.h.t.HelmChartContainer - Received Unhealthy event for container hivemq in pod test-hivemq-platform-0 [a6abb940-f61c-4e65-ac72-e024bfc9ef42]
2025-01-28 23:34:38,935 INFO c.h.h.t.HelmChartContainer - [test-hivemq-platform] [hivemq] [a6abb940] WARN  - [HiveMQ Platform Operator Init App 1.7.0-SNAPSHOT] Cannot connect to Health API for readiness: null
2025-01-28 23:34:41,338 INFO c.h.h.t.HelmChartContainer - [test-hivemq-platform] [hivemq] [a6abb940] Jan 28, 2025 11:34:41 PM io.vertx.core.impl.BlockedThreadChecker
2025-01-28 23:34:41,338 INFO c.h.h.t.HelmChartContainer - [test-hivemq-platform] [hivemq] [a6abb940] WARNING: Thread Thread[vert.x-eventloop-thread-1,5,main] has been blocked for 2202 ms, time limit is 2000 ms
2025-01-28 23:34:42,133 INFO c.h.h.t.HelmChartContainer - [test-hivemq-platform] [hivemq] [a6abb940] INFO  - [HiveMQ Platform Operator Init App 1.7.0-SNAPSHOT] Updating Pod HiveMQ Platform Operator Init App version annotation (version: 1.7.0-SNAPSHOT)
2025-01-28 23:34:43,045 INFO c.h.h.t.HelmChartContainer - [POD] test-hivemq-platform-0 [a6abb940-f61c-4e65-ac72-e024bfc9ef42] in helmcontainersecuritycontextupgradeplatformit was MODIFIED
2025-01-28 23:34:43,055 INFO c.h.h.t.HelmChartContainer - [hivemq-test-hivemq-platform] [hivemq-platform-operator] [04b9bc17] 23:34:43.052 [pool-6-thread-26] DEBUG c.h.p.o.d.PlatformServiceResource - [helmcont] Desired Platform services (3 services)
2025-01-28 23:34:43,057 INFO c.h.h.t.HelmChartContainer - [hivemq-test-hivemq-platform] [hivemq-platform-operator] [04b9bc17] 23:34:43.056 [pool-6-thread-27] DEBUG c.h.p.o.d.PodServiceAccountResource - [helmcont] Desired PodServiceAccountResource (serviceAccountName: hivemq-platform-pod-test-hivemq-platform)
2025-01-28 23:34:43,060 INFO c.h.h.t.HelmChartContainer - [hivemq-test-hivemq-platform] [hivemq-platform-operator] [04b9bc17] 23:34:43.054 [pool-6-thread-22] DEBUG c.h.p.o.dependants.PodInfoConfigMap - [helmcont] Desired PodInfo ConfigMap (1 extensions) (1 enabled)
2025-01-28 23:34:43,060 INFO c.h.h.t.HelmChartContainer - [hivemq-test-hivemq-platform] [hivemq-platform-operator] [04b9bc17] 23:34:43.057 [pool-6-thread-22] DEBUG c.h.p.o.dependants.PodInfoConfigMap - [helmcont] Desired PodInfo ConfigMap (metrics port: 9399) (metrics path: /)
2025-01-28 23:34:43,060 INFO c.h.h.t.HelmChartContainer - [hivemq-test-hivemq-platform] [hivemq-platform-operator] [04b9bc17] 23:34:43.057 [pool-6-thread-22] DEBUG c.h.p.o.dependants.PodInfoConfigMap - [helmcont] Desired PodInfo ConfigMap (extension state hash: -1817474005)
2025-01-28 23:34:43,063 INFO c.h.h.t.HelmChartContainer - [hivemq-test-hivemq-platform] [hivemq-platform-operator] [04b9bc17] 23:34:43.063 [pool-6-thread-26] DEBUG c.h.p.o.d.StatefulSetResource - [helmcont] Desired StatefulSet (1 replicas) for status STARTING (READY)
2025-01-28 23:34:43,068 INFO c.h.h.t.HelmChartContainer - [hivemq-test-hivemq-platform] [hivemq-platform-operator] [04b9bc17] 23:34:43.066 [ReconcilerExecutor-hivemq-controller-110] INFO  c.h.p.o.HiveMQPlatformReconciler - [helmcont] Reconciling HiveMQ Platform 'test-hivemq-platform' in namespace 'helmcontainersecuritycontextupgradeplatformit'
2025-01-28 23:34:43,068 INFO c.h.h.t.HelmChartContainer - [hivemq-test-hivemq-platform] [hivemq-platform-operator] [04b9bc17] 23:34:43.067 [ReconcilerExecutor-hivemq-controller-110] DEBUG c.h.p.o.HiveMQPlatformReconciler - [helmcont] Custom Resource Status STARTING - HiveMQ Platform is starting (READY)
2025-01-28 23:34:43,068 INFO c.h.h.t.HelmChartContainer - [hivemq-test-hivemq-platform] [hivemq-platform-operator] [04b9bc17] 23:34:43.067 [ReconcilerExecutor-hivemq-controller-110] DEBUG c.h.p.o.HiveMQPlatformReconciler - [helmcont] Custom Resource Spec (replicas: 1) (extensions: 1)
2025-01-28 23:34:43,130 INFO c.h.h.t.HelmChartContainer - [hivemq-test-hivemq-platform] [hivemq-platform-operator] [04b9bc17] 23:34:43.123 [ReconcilerExecutor-hivemq-controller-110] DEBUG c.h.p.o.HiveMQPlatformReconciler - [helmcont] StatefulSet Status (revision: test-hivemq-platform-5fb49467b6, replicas: 1, available: 0, ready: 0, current: 1, updated: 1)
2025-01-28 23:34:43,131 INFO c.h.h.t.HelmChartContainer - [hivemq-test-hivemq-platform] [hivemq-platform-operator] [04b9bc17] 23:34:43.123 [ReconcilerExecutor-hivemq-controller-110] DEBUG c.h.p.o.HiveMQPlatformReconciler - [helmcont] StatefulSet Spec (replicas: 1, init containers: 1, containers: 1, volumes: 3)
2025-01-28 23:34:43,131 INFO c.h.h.t.HelmChartContainer - [hivemq-test-hivemq-platform] [hivemq-platform-operator] [04b9bc17] 23:34:43.124 [ReconcilerExecutor-hivemq-controller-110] DEBUG c.h.p.o.h.HiveMQPlatformReconcilerErrorHandler - [helmcont] Pod 'test-hivemq-platform-0' phase Running
2025-01-28 23:34:43,131 INFO c.h.h.t.HelmChartContainer - [hivemq-test-hivemq-platform] [hivemq-platform-operator] [04b9bc17] 23:34:43.128 [ReconcilerExecutor-hivemq-controller-110] INFO  c.h.p.o.h.HiveMQPlatformReconcilerBaseHandler - [helmcont] HiveMQ Platform is starting, 0 of 1 replicas are ready
2025-01-28 23:34:43,134 INFO c.h.h.t.HelmChartContainer - [test-hivemq-platform] [hivemq] [a6abb940] INFO  - [HiveMQ Platform Operator Init App 1.7.0-SNAPSHOT] Successfully updated Pod HiveMQ Platform Operator Init App version annotation (version: 1.7.0-SNAPSHOT)
2025-01-28 23:34:43,136 INFO c.h.h.t.HelmChartContainer - [test-hivemq-platform] [hivemq] [a6abb940] WARN  - [HiveMQ Platform Operator Init App 1.7.0-SNAPSHOT] Cannot connect to Health API for readiness: null
2025-01-28 23:34:43,144 INFO c.h.h.t.HelmChartContainer - [EVENT] Warning [Unhealthy] Readiness probe failed: HTTP probe failed with statuscode: 503 [helmcontainersecuritycontextupgradeplatformit:test-hivemq-platform-0]
2025-01-28 23:34:43,144 INFO c.h.h.t.HelmChartContainer - Received Unhealthy event for container hivemq in pod test-hivemq-platform-0 [a6abb940-f61c-4e65-ac72-e024bfc9ef42]
2025-01-28 23:34:48,053 INFO c.h.h.t.HelmChartContainer - [test-hivemq-platform] [hivemq] [a6abb940] WARN  - [HiveMQ Platform Operator Init App 1.7.0-SNAPSHOT] Cannot connect to Health API for readiness: null
2025-01-28 23:34:48,057 INFO c.h.h.t.HelmChartContainer - [EVENT] Warning [Unhealthy] Readiness probe failed: HTTP probe failed with statuscode: 503 [helmcontainersecuritycontextupgradeplatformit:test-hivemq-platform-0]
2025-01-28 23:34:48,057 INFO c.h.h.t.HelmChartContainer - Received Unhealthy event for container hivemq in pod test-hivemq-platform-0 [a6abb940-f61c-4e65-ac72-e024bfc9ef42]
2025-01-28 23:34:53,046 INFO c.h.h.t.HelmChartContainer - [test-hivemq-platform] [hivemq] [a6abb940] WARN  - [HiveMQ Platform Operator Init App 1.7.0-SNAPSHOT] Cannot connect to Health API for readiness: null
2025-01-28 23:34:53,050 INFO c.h.h.t.HelmChartContainer - [EVENT] Warning [Unhealthy] Readiness probe failed: HTTP probe failed with statuscode: 503 [helmcontainersecuritycontextupgradeplatformit:test-hivemq-platform-0]
2025-01-28 23:34:53,050 INFO c.h.h.t.HelmChartContainer - Received Unhealthy event for container hivemq in pod test-hivemq-platform-0 [a6abb940-f61c-4e65-ac72-e024bfc9ef42]
2025-01-28 23:34:53,135 INFO c.h.h.t.HelmChartContainer - [hivemq-test-hivemq-platform] [hivemq-platform-operator] [04b9bc17] 23:34:53.133 [pool-6-thread-37] DEBUG c.h.p.o.d.PlatformServiceResource - [helmcont] Desired Platform services (3 services)
2025-01-28 23:34:53,137 INFO c.h.h.t.HelmChartContainer - [hivemq-test-hivemq-platform] [hivemq-platform-operator] [04b9bc17] 23:34:53.134 [pool-6-thread-31] DEBUG c.h.p.o.d.PodServiceAccountResource - [helmcont] Desired PodServiceAccountResource (serviceAccountName: hivemq-platform-pod-test-hivemq-platform)
2025-01-28 23:34:53,140 INFO c.h.h.t.HelmChartContainer - [hivemq-test-hivemq-platform] [hivemq-platform-operator] [04b9bc17] 23:34:53.139 [pool-6-thread-36] DEBUG c.h.p.o.dependants.PodInfoConfigMap - [helmcont] Desired PodInfo ConfigMap (1 extensions) (1 enabled)
2025-01-28 23:34:53,142 INFO c.h.h.t.HelmChartContainer - [hivemq-test-hivemq-platform] [hivemq-platform-operator] [04b9bc17] 23:34:53.139 [pool-6-thread-36] DEBUG c.h.p.o.dependants.PodInfoConfigMap - [helmcont] Desired PodInfo ConfigMap (metrics port: 9399) (metrics path: /)
2025-01-28 23:34:53,142 INFO c.h.h.t.HelmChartContainer - [hivemq-test-hivemq-platform] [hivemq-platform-operator] [04b9bc17] 23:34:53.139 [pool-6-thread-36] DEBUG c.h.p.o.dependants.PodInfoConfigMap - [helmcont] Desired PodInfo ConfigMap (extension state hash: -1817474005)
2025-01-28 23:34:53,151 INFO c.h.h.t.HelmChartContainer - [hivemq-test-hivemq-platform] [hivemq-platform-operator] [04b9bc17] 23:34:53.149 [pool-6-thread-37] DEBUG c.h.p.o.d.StatefulSetResource - [helmcont] Desired StatefulSet (1 replicas) for status STARTING (READY)
2025-01-28 23:34:53,156 INFO c.h.h.t.HelmChartContainer - [hivemq-test-hivemq-platform] [hivemq-platform-operator] [04b9bc17] 23:34:53.154 [ReconcilerExecutor-hivemq-controller-111] INFO  c.h.p.o.HiveMQPlatformReconciler - [helmcont] Reconciling HiveMQ Platform 'test-hivemq-platform' in namespace 'helmcontainersecuritycontextupgradeplatformit'
2025-01-28 23:34:53,157 INFO c.h.h.t.HelmChartContainer - [hivemq-test-hivemq-platform] [hivemq-platform-operator] [04b9bc17] 23:34:53.155 [ReconcilerExecutor-hivemq-controller-111] DEBUG c.h.p.o.HiveMQPlatformReconciler - [helmcont] Custom Resource Status STARTING - HiveMQ Platform is starting (READY)
2025-01-28 23:34:53,157 INFO c.h.h.t.HelmChartContainer - [hivemq-test-hivemq-platform] [hivemq-platform-operator] [04b9bc17] 23:34:53.155 [ReconcilerExecutor-hivemq-controller-111] DEBUG c.h.p.o.HiveMQPlatformReconciler - [helmcont] Custom Resource Spec (replicas: 1) (extensions: 1)
2025-01-28 23:34:53,158 INFO c.h.h.t.HelmChartContainer - [hivemq-test-hivemq-platform] [hivemq-platform-operator] [04b9bc17] 23:34:53.156 [ReconcilerExecutor-hivemq-controller-111] DEBUG c.h.p.o.HiveMQPlatformReconciler - [helmcont] StatefulSet Status (revision: test-hivemq-platform-5fb49467b6, replicas: 1, available: 0, ready: 0, current: 1, updated: 1)
2025-01-28 23:34:53,158 INFO c.h.h.t.HelmChartContainer - [hivemq-test-hivemq-platform] [hivemq-platform-operator] [04b9bc17] 23:34:53.156 [ReconcilerExecutor-hivemq-controller-111] DEBUG c.h.p.o.HiveMQPlatformReconciler - [helmcont] StatefulSet Spec (replicas: 1, init containers: 1, containers: 1, volumes: 3)
2025-01-28 23:34:53,229 INFO c.h.h.t.HelmChartContainer - [hivemq-test-hivemq-platform] [hivemq-platform-operator] [04b9bc17] 23:34:53.224 [ReconcilerExecutor-hivemq-controller-111] DEBUG c.h.p.o.h.HiveMQPlatformReconcilerErrorHandler - [helmcont] Pod 'test-hivemq-platform-0' phase Running
2025-01-28 23:34:53,230 INFO c.h.h.t.HelmChartContainer - [hivemq-test-hivemq-platform] [hivemq-platform-operator] [04b9bc17] 23:34:53.225 [ReconcilerExecutor-hivemq-controller-111] INFO  c.h.p.o.h.HiveMQPlatformReconcilerBaseHandler - [helmcont] HiveMQ Platform is starting, 0 of 1 replicas are ready
2025-01-28 23:34:55,236 INFO c.h.h.t.HelmChartContainer - [test-hivemq-platform] [hivemq] [a6abb940] INFO  - No valid license file found. Using trial license, restricted to 25 connections.
2025-01-28 23:34:55,329 INFO c.h.h.t.HelmChartContainer - [test-hivemq-platform] [hivemq] [a6abb940] WARN  - [HiveMQ Platform Operator Init App 1.7.0-SNAPSHOT] Cannot connect to Health API for liveness: null
2025-01-28 23:34:55,330 INFO c.h.h.t.HelmChartContainer - [test-hivemq-platform] [hivemq] [a6abb940] INFO  - [HiveMQ Platform Operator Init App 1.7.0-SNAPSHOT] Returning default Health API response 200 for liveness
2025-01-28 23:34:57,930 INFO c.h.h.t.HelmChartContainer - [test-hivemq-platform] [hivemq] [a6abb940] INFO  - No valid license file for Data Hub found. Using free license, restricted to 1 policy.
2025-01-28 23:34:58,133 INFO c.h.h.t.HelmChartContainer - [test-hivemq-platform] [hivemq] [a6abb940] WARN  - [HiveMQ Platform Operator Init App 1.7.0-SNAPSHOT] Cannot connect to Health API for readiness: null
2025-01-28 23:34:58,139 INFO c.h.h.t.HelmChartContainer - [EVENT] Warning [Unhealthy] Readiness probe failed: HTTP probe failed with statuscode: 503 [helmcontainersecuritycontextupgradeplatformit:test-hivemq-platform-0]
2025-01-28 23:34:58,139 INFO c.h.h.t.HelmChartContainer - Received Unhealthy event for container hivemq in pod test-hivemq-platform-0 [a6abb940-f61c-4e65-ac72-e024bfc9ef42]
2025-01-28 23:34:59,130 INFO c.h.h.t.HelmChartContainer - [test-hivemq-platform] [hivemq] [a6abb940] INFO  - Audit Logger started.
2025-01-28 23:34:59,540 INFO c.h.h.t.HelmChartContainer - [test-hivemq-platform] [hivemq] [a6abb940] INFO  - This node uses '1' CPU cores.
2025-01-28 23:34:59,544 INFO c.h.h.t.HelmChartContainer - [test-hivemq-platform] [hivemq] [a6abb940] INFO  - Starting HiveMQ Health API on address 0.0.0.0 and port 8889
2025-01-28 23:35:00,340 INFO c.h.h.t.HelmChartContainer - [test-hivemq-platform] [hivemq] [a6abb940] INFO  - Started HiveMQ Health API in 795ms
2025-01-28 23:35:01,031 INFO c.h.h.t.HelmChartContainer - [test-hivemq-platform] [hivemq] [a6abb940] INFO  - Starting HiveMQ extension system.
2025-01-28 23:35:01,237 INFO c.h.h.t.HelmChartContainer - [test-hivemq-platform] [hivemq] [a6abb940] INFO  - Starting extension with id "hivemq-dns-cluster-discovery" at /opt/hivemq/extensions/hivemq-dns-cluster-discovery
2025-01-28 23:35:01,734 INFO c.h.h.t.HelmChartContainer - [test-hivemq-platform] [hivemq] [a6abb940] INFO  - Extension "DNS Cluster Discovery Extension" version 4.3.2 started successfully.
2025-01-28 23:35:01,736 INFO c.h.h.t.HelmChartContainer - [test-hivemq-platform] [hivemq] [a6abb940] INFO  - Starting extension with id "hivemq-prometheus-extension" at /opt/hivemq/extensions/hivemq-prometheus-extension
2025-01-28 23:35:01,831 INFO c.h.h.t.HelmChartContainer - [test-hivemq-platform] [hivemq] [a6abb940] INFO  - Using TCP cluster transport on address 10.42.0.6 and port 7000
2025-01-28 23:35:01,837 INFO c.h.h.t.HelmChartContainer - [test-hivemq-platform] [hivemq] [a6abb940] INFO  - Using extension cluster discovery
2025-01-28 23:35:02,831 INFO c.h.h.t.HelmChartContainer - [test-hivemq-platform] [hivemq] [a6abb940] INFO  - Started Jetty Server exposing Prometheus Servlet on URI http://0.0.0.0:9399/
2025-01-28 23:35:02,832 INFO c.h.h.t.HelmChartContainer - [test-hivemq-platform] [hivemq] [a6abb940] INFO  - Extension "Prometheus Monitoring Extension" version 4.0.12 started successfully.
2025-01-28 23:35:02,832 INFO c.h.h.t.HelmChartContainer - [test-hivemq-platform] [hivemq] [a6abb940] INFO  - Starting extension with id "hivemq-allow-all-extension" at /opt/hivemq/extensions/hivemq-allow-all-extension
2025-01-28 23:35:02,833 INFO c.h.h.t.HelmChartContainer - [test-hivemq-platform] [hivemq] [a6abb940] WARN  - 
2025-01-28 23:35:02,833 INFO c.h.h.t.HelmChartContainer - [test-hivemq-platform] [hivemq] [a6abb940] ################################################################################################################
2025-01-28 23:35:02,833 INFO c.h.h.t.HelmChartContainer - [test-hivemq-platform] [hivemq] [a6abb940] # This HiveMQ deployment is not secure! You are lacking Authentication and Authorization.                      #
2025-01-28 23:35:02,833 INFO c.h.h.t.HelmChartContainer - [test-hivemq-platform] [hivemq] [a6abb940] # Right now any MQTT client can connect to the broker with a full set of permissions.                          #
2025-01-28 23:35:02,833 INFO c.h.h.t.HelmChartContainer - [test-hivemq-platform] [hivemq] [a6abb940] # For production usage, add an appropriate security extension and remove the hivemq-allow-all extension.       #
2025-01-28 23:35:02,833 INFO c.h.h.t.HelmChartContainer - [test-hivemq-platform] [hivemq] [a6abb940] # You can download security extensions from the HiveMQ Marketplace (https://www.hivemq.com/extensions/).       #
2025-01-28 23:35:02,833 INFO c.h.h.t.HelmChartContainer - [test-hivemq-platform] [hivemq] [a6abb940] ################################################################################################################
2025-01-28 23:35:02,833 INFO c.h.h.t.HelmChartContainer - [test-hivemq-platform] [hivemq] [a6abb940] INFO  - Extension "Allow All Extension" version 1.1.1 started successfully.
2025-01-28 23:35:03,234 INFO c.h.h.t.HelmChartContainer - [hivemq-test-hivemq-platform] [hivemq-platform-operator] [04b9bc17] 23:35:03.229 [pool-6-thread-47] DEBUG c.h.p.o.d.PlatformServiceResource - [helmcont] Desired Platform services (3 services)
2025-01-28 23:35:03,234 INFO c.h.h.t.HelmChartContainer - [hivemq-test-hivemq-platform] [hivemq-platform-operator] [04b9bc17] 23:35:03.230 [pool-6-thread-48] DEBUG c.h.p.o.dependants.PodInfoConfigMap - [helmcont] Desired PodInfo ConfigMap (1 extensions) (1 enabled)
2025-01-28 23:35:03,234 INFO c.h.h.t.HelmChartContainer - [hivemq-test-hivemq-platform] [hivemq-platform-operator] [04b9bc17] 23:35:03.230 [pool-6-thread-48] DEBUG c.h.p.o.dependants.PodInfoConfigMap - [helmcont] Desired PodInfo ConfigMap (metrics port: 9399) (metrics path: /)
2025-01-28 23:35:03,235 INFO c.h.h.t.HelmChartContainer - [hivemq-test-hivemq-platform] [hivemq-platform-operator] [04b9bc17] 23:35:03.230 [pool-6-thread-48] DEBUG c.h.p.o.dependants.PodInfoConfigMap - [helmcont] Desired PodInfo ConfigMap (extension state hash: -1817474005)
2025-01-28 23:35:03,236 INFO c.h.h.t.HelmChartContainer - [hivemq-test-hivemq-platform] [hivemq-platform-operator] [04b9bc17] 23:35:03.232 [pool-6-thread-48] DEBUG c.h.p.o.d.PodServiceAccountResource - [helmcont] Desired PodServiceAccountResource (serviceAccountName: hivemq-platform-pod-test-hivemq-platform)
2025-01-28 23:35:03,247 INFO c.h.h.t.HelmChartContainer - [hivemq-test-hivemq-platform] [hivemq-platform-operator] [04b9bc17] 23:35:03.246 [pool-6-thread-47] DEBUG c.h.p.o.d.StatefulSetResource - [helmcont] Desired StatefulSet (1 replicas) for status STARTING (READY)
2025-01-28 23:35:03,331 INFO c.h.h.t.HelmChartContainer - [hivemq-test-hivemq-platform] [hivemq-platform-operator] [04b9bc17] 23:35:03.327 [ReconcilerExecutor-hivemq-controller-112] INFO  c.h.p.o.HiveMQPlatformReconciler - [helmcont] Reconciling HiveMQ Platform 'test-hivemq-platform' in namespace 'helmcontainersecuritycontextupgradeplatformit'
2025-01-28 23:35:03,331 INFO c.h.h.t.HelmChartContainer - [hivemq-test-hivemq-platform] [hivemq-platform-operator] [04b9bc17] 23:35:03.328 [ReconcilerExecutor-hivemq-controller-112] DEBUG c.h.p.o.HiveMQPlatformReconciler - [helmcont] Custom Resource Status STARTING - HiveMQ Platform is starting (READY)
2025-01-28 23:35:03,331 INFO c.h.h.t.HelmChartContainer - [hivemq-test-hivemq-platform] [hivemq-platform-operator] [04b9bc17] 23:35:03.328 [ReconcilerExecutor-hivemq-controller-112] DEBUG c.h.p.o.HiveMQPlatformReconciler - [helmcont] Custom Resource Spec (replicas: 1) (extensions: 1)
2025-01-28 23:35:03,334 INFO c.h.h.t.HelmChartContainer - [hivemq-test-hivemq-platform] [hivemq-platform-operator] [04b9bc17] 23:35:03.333 [ReconcilerExecutor-hivemq-controller-112] DEBUG c.h.p.o.HiveMQPlatformReconciler - [helmcont] StatefulSet Status (revision: test-hivemq-platform-5fb49467b6, replicas: 1, available: 0, ready: 0, current: 1, updated: 1)
2025-01-28 23:35:03,337 INFO c.h.h.t.HelmChartContainer - [hivemq-test-hivemq-platform] [hivemq-platform-operator] [04b9bc17] 23:35:03.334 [ReconcilerExecutor-hivemq-controller-112] DEBUG c.h.p.o.HiveMQPlatformReconciler - [helmcont] StatefulSet Spec (replicas: 1, init containers: 1, containers: 1, volumes: 3)
2025-01-28 23:35:03,337 INFO c.h.h.t.HelmChartContainer - [hivemq-test-hivemq-platform] [hivemq-platform-operator] [04b9bc17] 23:35:03.337 [ReconcilerExecutor-hivemq-controller-112] DEBUG c.h.p.o.h.HiveMQPlatformReconcilerErrorHandler - [helmcont] Pod 'test-hivemq-platform-0' phase Running
2025-01-28 23:35:03,339 INFO c.h.h.t.HelmChartContainer - [hivemq-test-hivemq-platform] [hivemq-platform-operator] [04b9bc17] 23:35:03.338 [ReconcilerExecutor-hivemq-controller-112] INFO  c.h.p.o.h.HiveMQPlatformReconcilerBaseHandler - [helmcont] HiveMQ Platform is starting, 0 of 1 replicas are ready
2025-01-28 23:35:03,536 INFO c.h.h.t.HelmChartContainer - [test-hivemq-platform] [hivemq] [a6abb940] INFO  - [HiveMQ Platform Operator Init App 1.7.0-SNAPSHOT] Returning Health API response 503 for readiness
2025-01-28 23:35:03,540 INFO c.h.h.t.HelmChartContainer - [EVENT] Warning [Unhealthy] Readiness probe failed: HTTP probe failed with statuscode: 503 [helmcontainersecuritycontextupgradeplatformit:test-hivemq-platform-0]
2025-01-28 23:35:03,540 INFO c.h.h.t.HelmChartContainer - Received Unhealthy event for container hivemq in pod test-hivemq-platform-0 [a6abb940-f61c-4e65-ac72-e024bfc9ef42]
2025-01-28 23:35:04,837 INFO c.h.h.t.HelmChartContainer - [test-hivemq-platform] [hivemq] [a6abb940] INFO  - hyn55: no members discovered after 2307 ms: creating cluster as first member
2025-01-28 23:35:04,843 INFO c.h.h.t.HelmChartContainer - [test-hivemq-platform] [hivemq] [a6abb940] INFO  - Cluster nodes found by discovery: [hyn55|0] (1) [hyn55].
2025-01-28 23:35:04,930 INFO c.h.h.t.HelmChartContainer - [test-hivemq-platform] [hivemq] [a6abb940] WARN  - No user for HiveMQ Control Center configured. Starting with default user
2025-01-28 23:35:04,931 INFO c.h.h.t.HelmChartContainer - [test-hivemq-platform] [hivemq] [a6abb940] INFO  - Starting HiveMQ Control Center on address 0.0.0.0 and port 8080
2025-01-28 23:35:04,933 INFO c.h.h.t.HelmChartContainer - [test-hivemq-platform] [hivemq] [a6abb940] INFO  - Mounting HiveMQ Control Center V2 Preview
2025-01-28 23:35:05,438 INFO c.h.h.t.HelmChartContainer - [test-hivemq-platform] [hivemq] [a6abb940] INFO  - Started HiveMQ Control Center in 508ms
2025-01-28 23:35:05,452 INFO c.h.h.t.HelmChartContainer - [test-hivemq-platform] [hivemq] [a6abb940] INFO  - Starting TCP listener on address 0.0.0.0 and port 1883
2025-01-28 23:35:05,534 INFO c.h.h.t.HelmChartContainer - [test-hivemq-platform] [hivemq] [a6abb940] INFO  - Started TCP Listener on address 0.0.0.0 and on port 1883.
2025-01-28 23:35:05,536 INFO c.h.h.t.HelmChartContainer - [test-hivemq-platform] [hivemq] [a6abb940] INFO  - Started HiveMQ in 30804ms
2025-01-28 23:35:08,047 INFO c.h.h.t.HelmChartContainer - [test-hivemq-platform] [hivemq] [a6abb940] INFO  - [HiveMQ Platform Operator Init App 1.7.0-SNAPSHOT] Returning Health API response 200 for readiness
2025-01-28 23:35:08,066 INFO c.h.h.t.HelmChartContainer - [POD] test-hivemq-platform-0 [a6abb940-f61c-4e65-ac72-e024bfc9ef42] in helmcontainersecuritycontextupgradeplatformit was MODIFIED
2025-01-28 23:35:08,071 INFO c.h.h.t.HelmChartContainer - [hivemq-test-hivemq-platform] [hivemq-platform-operator] [04b9bc17] 23:35:08.067 [pool-6-thread-1] DEBUG c.h.p.o.d.PlatformServiceResource - [helmcont] Desired Platform services (3 services)
2025-01-28 23:35:08,074 INFO c.h.h.t.HelmChartContainer - [hivemq-test-hivemq-platform] [hivemq-platform-operator] [04b9bc17] 23:35:08.071 [pool-6-thread-3] DEBUG c.h.p.o.dependants.PodInfoConfigMap - [helmcont] Desired PodInfo ConfigMap (1 extensions) (1 enabled)
2025-01-28 23:35:08,074 INFO c.h.h.t.HelmChartContainer - [hivemq-test-hivemq-platform] [hivemq-platform-operator] [04b9bc17] 23:35:08.071 [pool-6-thread-3] DEBUG c.h.p.o.dependants.PodInfoConfigMap - [helmcont] Desired PodInfo ConfigMap (metrics port: 9399) (metrics path: /)
2025-01-28 23:35:08,079 INFO c.h.h.t.HelmChartContainer - [hivemq-test-hivemq-platform] [hivemq-platform-operator] [04b9bc17] 23:35:08.072 [pool-6-thread-3] DEBUG c.h.p.o.dependants.PodInfoConfigMap - [helmcont] Desired PodInfo ConfigMap (extension state hash: -1817474005)
2025-01-28 23:35:08,080 INFO c.h.h.t.HelmChartContainer - [hivemq-test-hivemq-platform] [hivemq-platform-operator] [04b9bc17] 23:35:08.078 [pool-6-thread-5] DEBUG c.h.p.o.d.PodServiceAccountResource - [helmcont] Desired PodServiceAccountResource (serviceAccountName: hivemq-platform-pod-test-hivemq-platform)
2025-01-28 23:35:08,086 INFO c.h.h.t.HelmChartContainer - [hivemq-test-hivemq-platform] [hivemq-platform-operator] [04b9bc17] 23:35:08.083 [pool-6-thread-8] DEBUG c.h.p.o.d.StatefulSetResource - [helmcont] Desired StatefulSet (1 replicas) for status STARTING (READY)
2025-01-28 23:35:08,089 INFO c.h.h.t.HelmChartContainer - [hivemq-test-hivemq-platform] [hivemq-platform-operator] [04b9bc17] 23:35:08.087 [ReconcilerExecutor-hivemq-controller-113] INFO  c.h.p.o.HiveMQPlatformReconciler - [helmcont] Reconciling HiveMQ Platform 'test-hivemq-platform' in namespace 'helmcontainersecuritycontextupgradeplatformit'
2025-01-28 23:35:08,090 INFO c.h.h.t.HelmChartContainer - [hivemq-test-hivemq-platform] [hivemq-platform-operator] [04b9bc17] 23:35:08.087 [ReconcilerExecutor-hivemq-controller-113] DEBUG c.h.p.o.HiveMQPlatformReconciler - [helmcont] Custom Resource Status STARTING - HiveMQ Platform is starting (READY)
2025-01-28 23:35:08,090 INFO c.h.h.t.HelmChartContainer - [hivemq-test-hivemq-platform] [hivemq-platform-operator] [04b9bc17] 23:35:08.087 [ReconcilerExecutor-hivemq-controller-113] DEBUG c.h.p.o.HiveMQPlatformReconciler - [helmcont] Custom Resource Spec (replicas: 1) (extensions: 1)
2025-01-28 23:35:08,090 INFO c.h.h.t.HelmChartContainer - [hivemq-test-hivemq-platform] [hivemq-platform-operator] [04b9bc17] 23:35:08.089 [ReconcilerExecutor-hivemq-controller-113] DEBUG c.h.p.o.HiveMQPlatformReconciler - [helmcont] StatefulSet Status (revision: test-hivemq-platform-5fb49467b6, replicas: 1, available: 1, ready: 1, current: 1, updated: 1)
2025-01-28 23:35:08,091 INFO c.h.h.t.HelmChartContainer - [hivemq-test-hivemq-platform] [hivemq-platform-operator] [04b9bc17] 23:35:08.089 [ReconcilerExecutor-hivemq-controller-113] DEBUG c.h.p.o.HiveMQPlatformReconciler - [helmcont] StatefulSet Spec (replicas: 1, init containers: 1, containers: 1, volumes: 3)
2025-01-28 23:35:08,125 INFO c.h.h.t.HelmChartContainer - [hivemq-test-hivemq-platform] [hivemq-platform-operator] [04b9bc17] 23:35:08.123 [ReconcilerExecutor-hivemq-controller-113] DEBUG c.h.p.o.h.HiveMQPlatformReconcilerErrorHandler - [helmcont] Pod 'test-hivemq-platform-0' phase Running
2025-01-28 23:35:08,125 INFO c.h.h.t.HelmChartContainer - [hivemq-test-hivemq-platform] [hivemq-platform-operator] [04b9bc17] 23:35:08.124 [ReconcilerExecutor-hivemq-controller-113] INFO  c.h.p.o.h.HiveMQPlatformReconcilerBaseHandler - [helmcont] HiveMQ Platform started successfully
2025-01-28 23:35:08,162 INFO c.h.h.t.HelmChartContainer - [hivemq-test-hivemq-platform] [hivemq-platform-operator] [04b9bc17] 23:35:08.158 [ReconcilerExecutor-hivemq-controller-113] DEBUG c.h.p.operator.event.EventSender - [helmcont] Creating K8s event hivemq-platform-ready: [Ready] HiveMQ Platform is ready
2025-01-28 23:35:08,226 INFO c.h.h.t.HelmChartContainer - [EVENT] Normal [Ready] HiveMQ Platform is ready [helmcontainersecuritycontextupgradeplatformit:test-hivemq-platform]
2025-01-28 23:35:08,228 INFO c.h.h.t.HelmChartContainer - [hivemq-test-hivemq-platform] [hivemq-platform-operator] [04b9bc17] 23:35:08.227 [ReconcilerExecutor-hivemq-controller-113] INFO  c.h.p.o.h.AbstractHiveMQReconcilerStateHandler - [helmcont] Update HiveMQ Platform Status (STARTING [READY] -> RUNNING [READY]): HiveMQ Platform is ready
2025-01-28 23:35:08,235 DEBUG com.hivemq.helmcharts.util.K8sUtil - Comparing actual state 'RUNNING' and waiting for 'RUNNING'
2025-01-28 23:35:08,242 INFO c.h.h.t.HelmChartContainer - [hivemq-test-hivemq-platform] [hivemq-platform-operator] [04b9bc17] 23:35:08.241 [pool-6-thread-19] DEBUG c.h.p.o.d.PlatformServiceResource - [helmcont] Desired Platform services (3 services)
2025-01-28 23:35:08,326 INFO c.h.h.t.HelmChartContainer - [hivemq-test-hivemq-platform] [hivemq-platform-operator] [04b9bc17] 23:35:08.323 [pool-6-thread-12] DEBUG c.h.p.o.d.PodServiceAccountResource - [helmcont] Desired PodServiceAccountResource (serviceAccountName: hivemq-platform-pod-test-hivemq-platform)
2025-01-28 23:35:08,330 INFO c.h.h.t.HelmChartContainer - [hivemq-test-hivemq-platform] [hivemq-platform-operator] [04b9bc17] 23:35:08.326 [pool-6-thread-15] DEBUG c.h.p.o.dependants.PodInfoConfigMap - [helmcont] Desired PodInfo ConfigMap (1 extensions) (1 enabled)
2025-01-28 23:35:08,330 INFO c.h.h.t.HelmChartContainer - [hivemq-test-hivemq-platform] [hivemq-platform-operator] [04b9bc17] 23:35:08.326 [pool-6-thread-15] DEBUG c.h.p.o.dependants.PodInfoConfigMap - [helmcont] Desired PodInfo ConfigMap (metrics port: 9399) (metrics path: /)
2025-01-28 23:35:08,330 INFO c.h.h.t.HelmChartContainer - [hivemq-test-hivemq-platform] [hivemq-platform-operator] [04b9bc17] 23:35:08.326 [pool-6-thread-15] DEBUG c.h.p.o.dependants.PodInfoConfigMap - [helmcont] Desired PodInfo ConfigMap (extension state hash: -1817474005)
2025-01-28 23:35:08,331 INFO c.h.h.t.HelmChartContainer - [hivemq-test-hivemq-platform] [hivemq-platform-operator] [04b9bc17] 23:35:08.327 [pool-6-thread-15] DEBUG c.h.p.o.dependants.PodInfoConfigMap - [helmcont] Update PodInfo ConfigMap
2025-01-28 23:35:08,341 INFO c.h.h.t.HelmChartContainer - [hivemq-test-hivemq-platform] [hivemq-platform-operator] [04b9bc17] 23:35:08.340 [pool-6-thread-15] DEBUG c.h.p.o.d.StatefulSetResource - [helmcont] Desired StatefulSet (1 replicas) for status RUNNING (READY)
2025-01-28 23:35:08,345 INFO c.h.h.t.HelmChartContainer - [hivemq-test-hivemq-platform] [hivemq-platform-operator] [04b9bc17] 23:35:08.344 [ReconcilerExecutor-hivemq-controller-114] INFO  c.h.p.o.HiveMQPlatformReconciler - [helmcont] Reconciling HiveMQ Platform 'test-hivemq-platform' in namespace 'helmcontainersecuritycontextupgradeplatformit'
2025-01-28 23:35:08,345 INFO c.h.h.t.HelmChartContainer - [hivemq-test-hivemq-platform] [hivemq-platform-operator] [04b9bc17] 23:35:08.344 [ReconcilerExecutor-hivemq-controller-114] DEBUG c.h.p.o.HiveMQPlatformReconciler - [helmcont] Custom Resource Status RUNNING - HiveMQ Platform is ready (READY)
2025-01-28 23:35:08,345 INFO c.h.h.t.HelmChartContainer - [hivemq-test-hivemq-platform] [hivemq-platform-operator] [04b9bc17] 23:35:08.344 [ReconcilerExecutor-hivemq-controller-114] DEBUG c.h.p.o.HiveMQPlatformReconciler - [helmcont] Custom Resource Spec (replicas: 1) (extensions: 1)
2025-01-28 23:35:08,349 DEBUG com.hivemq.helmcharts.util.PodUtil - Received status for command '[sh, -c, stat -c "%u:%g" /proc/1]' on pod 'test-hivemq-platform-0' (exit code: 0)
2025-01-28 23:35:08,374 DEBUG com.hivemq.helmcharts.util.K8sUtil - Comparing actual state 'RUNNING' and waiting for 'ROLLING_RESTART'
2025-01-28 23:35:08,424 INFO c.h.h.t.HelmChartContainer - [hivemq-test-hivemq-platform] [hivemq-platform-operator] [04b9bc17] 23:35:08.423 [ReconcilerExecutor-hivemq-controller-114] DEBUG c.h.p.o.HiveMQPlatformReconciler - [helmcont] StatefulSet Status (revision: test-hivemq-platform-5fb49467b6, replicas: 1, available: 1, ready: 1, current: 1, updated: 1)
2025-01-28 23:35:08,425 INFO c.h.h.t.HelmChartContainer - [hivemq-test-hivemq-platform] [hivemq-platform-operator] [04b9bc17] 23:35:08.423 [ReconcilerExecutor-hivemq-controller-114] DEBUG c.h.p.o.HiveMQPlatformReconciler - [helmcont] StatefulSet Spec (replicas: 1, init containers: 1, containers: 1, volumes: 3)
2025-01-28 23:35:08,426 INFO c.h.h.t.HelmChartContainer - [hivemq-test-hivemq-platform] [hivemq-platform-operator] [04b9bc17] 23:35:08.425 [ReconcilerExecutor-hivemq-controller-114] DEBUG c.h.p.o.h.HiveMQPlatformReconcilerErrorHandler - [helmcont] Pod 'test-hivemq-platform-0' phase Running
2025-01-28 23:35:08,432 INFO c.h.h.t.HelmChartContainer - [hivemq-test-hivemq-platform] [hivemq-platform-operator] [04b9bc17] 23:35:08.428 [pool-6-thread-23] DEBUG c.h.p.o.d.PlatformServiceResource - [helmcont] Desired Platform services (3 services)
2025-01-28 23:35:08,432 INFO c.h.h.t.HelmChartContainer - [hivemq-test-hivemq-platform] [hivemq-platform-operator] [04b9bc17] 23:35:08.429 [pool-6-thread-25] DEBUG c.h.p.o.dependants.PodInfoConfigMap - [helmcont] Desired PodInfo ConfigMap (1 extensions) (1 enabled)
2025-01-28 23:35:08,433 INFO c.h.h.t.HelmChartContainer - [hivemq-test-hivemq-platform] [hivemq-platform-operator] [04b9bc17] 23:35:08.429 [pool-6-thread-25] DEBUG c.h.p.o.dependants.PodInfoConfigMap - [helmcont] Desired PodInfo ConfigMap (metrics port: 9399) (metrics path: /)
2025-01-28 23:35:08,433 INFO c.h.h.t.HelmChartContainer - [hivemq-test-hivemq-platform] [hivemq-platform-operator] [04b9bc17] 23:35:08.429 [pool-6-thread-25] DEBUG c.h.p.o.dependants.PodInfoConfigMap - [helmcont] Desired PodInfo ConfigMap (extension state hash: -1817474005)
2025-01-28 23:35:08,433 INFO c.h.h.t.HelmChartContainer - [hivemq-test-hivemq-platform] [hivemq-platform-operator] [04b9bc17] 23:35:08.431 [pool-6-thread-25] DEBUG c.h.p.o.d.PodServiceAccountResource - [helmcont] Desired PodServiceAccountResource (serviceAccountName: hivemq-platform-pod-test-hivemq-platform)
2025-01-28 23:35:08,437 INFO c.h.h.t.HelmChartContainer - [hivemq-test-hivemq-platform] [hivemq-platform-operator] [04b9bc17] 23:35:08.436 [pool-6-thread-23] DEBUG c.h.p.o.d.StatefulSetResource - [helmcont] Desired StatefulSet (1 replicas) for status RUNNING (READY)
2025-01-28 23:35:08,444 INFO c.h.h.t.HelmChartContainer - [hivemq-test-hivemq-platform] [hivemq-platform-operator] [04b9bc17] 23:35:08.443 [pool-6-thread-23] DEBUG c.h.p.o.d.StatefulSetResource - [helmcont] Update StatefulSet (replicas: 1 -> 1)
2025-01-28 23:35:08,524 INFO c.h.h.t.HelmChartContainer - [hivemq-test-hivemq-platform] [hivemq-platform-operator] [04b9bc17] 23:35:08.523 [pool-6-thread-23] DEBUG c.h.p.o.d.StatefulSetResource - [helmcont] Detected change in StatefulSet specification (path: /template/metadata/annotations/kubernetes-resource-versions) (actual value: {broker-configuration-v2=-2089688360}) (target value: {broker-configuration-v2=1242811043})
2025-01-28 23:35:08,525 INFO c.h.h.t.HelmChartContainer - [hivemq-test-hivemq-platform] [hivemq-platform-operator] [04b9bc17] 23:35:08.523 [pool-6-thread-23] INFO  c.h.p.o.d.StatefulSetResource - [helmcont] StatefulSet spec was updated, triggering rolling restart
2025-01-28 23:35:08,537 INFO c.h.h.t.HelmChartContainer - [hivemq-test-hivemq-platform] [hivemq-platform-operator] [04b9bc17] 23:35:08.535 [ReconcilerExecutor-hivemq-controller-115] INFO  c.h.p.o.HiveMQPlatformReconciler - [helmcont] Reconciling HiveMQ Platform 'test-hivemq-platform' in namespace 'helmcontainersecuritycontextupgradeplatformit'
2025-01-28 23:35:08,538 INFO c.h.h.t.HelmChartContainer - [hivemq-test-hivemq-platform] [hivemq-platform-operator] [04b9bc17] 23:35:08.536 [ReconcilerExecutor-hivemq-controller-115] DEBUG c.h.p.o.HiveMQPlatformReconciler - [helmcont] Custom Resource Status RUNNING - HiveMQ Platform is ready (READY) (reconciliation requests: ROLLING_RESTART, REQUESTS_UPDATED)
2025-01-28 23:35:08,538 INFO c.h.h.t.HelmChartContainer - [hivemq-test-hivemq-platform] [hivemq-platform-operator] [04b9bc17] 23:35:08.536 [ReconcilerExecutor-hivemq-controller-115] DEBUG c.h.p.o.HiveMQPlatformReconciler - [helmcont] Custom Resource Spec (replicas: 1) (extensions: 1)
2025-01-28 23:35:08,541 INFO c.h.h.t.HelmChartContainer - [hivemq-test-hivemq-platform] [hivemq-platform-operator] [04b9bc17] 23:35:08.540 [ReconcilerExecutor-hivemq-controller-115] DEBUG c.h.p.o.HiveMQPlatformReconciler - [helmcont] StatefulSet Status (revision: test-hivemq-platform-5fb49467b6, replicas: 1, available: 1, ready: 1, current: 1, updated: 1)
2025-01-28 23:35:08,541 INFO c.h.h.t.HelmChartContainer - [hivemq-test-hivemq-platform] [hivemq-platform-operator] [04b9bc17] 23:35:08.540 [ReconcilerExecutor-hivemq-controller-115] DEBUG c.h.p.o.HiveMQPlatformReconciler - [helmcont] StatefulSet Spec (replicas: 1, init containers: 1, containers: 1, volumes: 3)
2025-01-28 23:35:08,544 INFO c.h.h.t.HelmChartContainer - [hivemq-test-hivemq-platform] [hivemq-platform-operator] [04b9bc17] 23:35:08.541 [ReconcilerExecutor-hivemq-controller-115] DEBUG c.h.p.o.h.HiveMQPlatformReconcilerErrorHandler - [helmcont] Pod 'test-hivemq-platform-0' phase Running
2025-01-28 23:35:08,544 INFO c.h.h.t.HelmChartContainer - [hivemq-test-hivemq-platform] [hivemq-platform-operator] [04b9bc17] 23:35:08.543 [ReconcilerExecutor-hivemq-controller-115] INFO  c.h.p.o.h.HiveMQPlatformReconcilerBaseHandler - [helmcont] Started rolling restart (scaling to 2 replicas)
2025-01-28 23:35:08,637 INFO c.h.h.t.HelmChartContainer - [hivemq-test-hivemq-platform] [hivemq-platform-operator] [04b9bc17] 23:35:08.635 [ReconcilerExecutor-hivemq-controller-115] DEBUG c.h.p.operator.event.EventSender - [helmcont] Creating K8s event rolling-restart-started: [RollingRestart] HiveMQ Platform is starting a surge Pod (rolling restart)
2025-01-28 23:35:08,641 INFO c.h.h.t.HelmChartContainer - [EVENT] Normal [RollingRestart] HiveMQ Platform is starting a surge Pod (rolling restart) [helmcontainersecuritycontextupgradeplatformit:test-hivemq-platform]
2025-01-28 23:35:08,641 INFO c.h.h.t.HelmChartContainer - [hivemq-test-hivemq-platform] [hivemq-platform-operator] [04b9bc17] 23:35:08.640 [ReconcilerExecutor-hivemq-controller-115] INFO  c.h.p.o.h.AbstractHiveMQReconcilerStateHandler - [helmcont] Update HiveMQ Platform Status (RUNNING [READY] -> ROLLING_RESTART [SURGE_IN_PROGRESS]): HiveMQ Platform is starting a surge Pod (rolling restart)
2025-01-28 23:35:08,649 DEBUG com.hivemq.helmcharts.util.K8sUtil - Comparing actual state 'ROLLING_RESTART' and waiting for 'ROLLING_RESTART'
2025-01-28 23:35:08,655 DEBUG com.hivemq.helmcharts.util.K8sUtil - Comparing actual state 'ROLLING_RESTART' and waiting for 'RUNNING'
2025-01-28 23:35:08,730 INFO c.h.h.t.HelmChartContainer - [hivemq-test-hivemq-platform] [hivemq-platform-operator] [04b9bc17] 23:35:08.726 [pool-6-thread-34] DEBUG c.h.p.o.d.PlatformServiceResource - [helmcont] Desired Platform services (3 services)
2025-01-28 23:35:08,731 INFO c.h.h.t.HelmChartContainer - [hivemq-test-hivemq-platform] [hivemq-platform-operator] [04b9bc17] 23:35:08.730 [pool-6-thread-34] DEBUG c.h.p.o.d.PodServiceAccountResource - [helmcont] Desired PodServiceAccountResource (serviceAccountName: hivemq-platform-pod-test-hivemq-platform)
2025-01-28 23:35:08,735 INFO c.h.h.t.HelmChartContainer - [hivemq-test-hivemq-platform] [hivemq-platform-operator] [04b9bc17] 23:35:08.733 [pool-6-thread-33] DEBUG c.h.p.o.dependants.PodInfoConfigMap - [helmcont] Desired PodInfo ConfigMap (1 extensions) (1 enabled)
2025-01-28 23:35:08,736 INFO c.h.h.t.HelmChartContainer - [hivemq-test-hivemq-platform] [hivemq-platform-operator] [04b9bc17] 23:35:08.733 [pool-6-thread-33] DEBUG c.h.p.o.dependants.PodInfoConfigMap - [helmcont] Desired PodInfo ConfigMap (metrics port: 9399) (metrics path: /)
2025-01-28 23:35:08,736 INFO c.h.h.t.HelmChartContainer - [hivemq-test-hivemq-platform] [hivemq-platform-operator] [04b9bc17] 23:35:08.733 [pool-6-thread-33] DEBUG c.h.p.o.dependants.PodInfoConfigMap - [helmcont] Desired PodInfo ConfigMap (extension state hash: -1817474005)
2025-01-28 23:35:08,736 INFO c.h.h.t.HelmChartContainer - [hivemq-test-hivemq-platform] [hivemq-platform-operator] [04b9bc17] 23:35:08.734 [pool-6-thread-33] DEBUG c.h.p.o.dependants.PodInfoConfigMap - [helmcont] Update PodInfo ConfigMap
2025-01-28 23:35:08,827 INFO c.h.h.t.HelmChartContainer - [hivemq-test-hivemq-platform] [hivemq-platform-operator] [04b9bc17] 23:35:08.824 [pool-6-thread-33] DEBUG c.h.p.o.d.StatefulSetResource - [helmcont] Desired StatefulSet (2 replicas) for status ROLLING_RESTART (SURGE_IN_PROGRESS)
2025-01-28 23:35:08,835 INFO c.h.h.t.HelmChartContainer - [hivemq-test-hivemq-platform] [hivemq-platform-operator] [04b9bc17] 23:35:08.833 [pool-6-thread-33] DEBUG c.h.p.o.d.StatefulSetResource - [helmcont] Update StatefulSet (replicas: 1 -> 2)
2025-01-28 23:35:08,857 INFO c.h.h.t.HelmChartContainer - [hivemq-test-hivemq-platform] [hivemq-platform-operator] [04b9bc17] 23:35:08.855 [ReconcilerExecutor-hivemq-controller-116] INFO  c.h.p.o.HiveMQPlatformReconciler - [helmcont] Reconciling HiveMQ Platform 'test-hivemq-platform' in namespace 'helmcontainersecuritycontextupgradeplatformit'
2025-01-28 23:35:08,857 INFO c.h.h.t.HelmChartContainer - [hivemq-test-hivemq-platform] [hivemq-platform-operator] [04b9bc17] 23:35:08.855 [ReconcilerExecutor-hivemq-controller-116] DEBUG c.h.p.o.HiveMQPlatformReconciler - [helmcont] Custom Resource Status ROLLING_RESTART - HiveMQ Platform is starting a surge Pod (rolling restart) (SURGE_IN_PROGRESS)
2025-01-28 23:35:08,857 INFO c.h.h.t.HelmChartContainer - [hivemq-test-hivemq-platform] [hivemq-platform-operator] [04b9bc17] 23:35:08.855 [ReconcilerExecutor-hivemq-controller-116] DEBUG c.h.p.o.HiveMQPlatformReconciler - [helmcont] Custom Resource Spec (replicas: 1) (extensions: 1)
2025-01-28 23:35:08,866 INFO c.h.h.t.HelmChartContainer - [POD] test-hivemq-platform-1 [337e2097-70c0-4d76-a5ea-32ed094851b3] in helmcontainersecuritycontextupgradeplatformit was ADDED
2025-01-28 23:35:08,869 INFO c.h.h.t.HelmChartContainer - [POD] test-hivemq-platform-1 [337e2097-70c0-4d76-a5ea-32ed094851b3] in helmcontainersecuritycontextupgradeplatformit was MODIFIED
2025-01-28 23:35:08,871 INFO c.h.h.t.HelmChartContainer - [EVENT] Normal [SuccessfulCreate] create Pod test-hivemq-platform-1 in StatefulSet test-hivemq-platform successful [helmcontainersecuritycontextupgradeplatformit:test-hivemq-platform]
2025-01-28 23:35:08,878 INFO c.h.h.t.HelmChartContainer - [EVENT] Normal [Scheduled] Successfully assigned helmcontainersecuritycontextupgradeplatformit/test-hivemq-platform-1 to 6b15a01a10f5 [helmcontainersecuritycontextupgradeplatformit:test-hivemq-platform-1]
2025-01-28 23:35:08,886 INFO c.h.h.t.HelmChartContainer - [POD] test-hivemq-platform-1 [337e2097-70c0-4d76-a5ea-32ed094851b3] in helmcontainersecuritycontextupgradeplatformit was MODIFIED
2025-01-28 23:35:08,896 INFO c.h.h.t.HelmChartContainer - [hivemq-test-hivemq-platform] [hivemq-platform-operator] [04b9bc17] 23:35:08.895 [ReconcilerExecutor-hivemq-controller-116] DEBUG c.h.p.o.HiveMQPlatformReconciler - [helmcont] StatefulSet Status (revision: test-hivemq-platform-579f489c45, replicas: 1, available: 1, ready: 1, current: 1, updated: 0)
2025-01-28 23:35:08,896 INFO c.h.h.t.HelmChartContainer - [hivemq-test-hivemq-platform] [hivemq-platform-operator] [04b9bc17] 23:35:08.895 [ReconcilerExecutor-hivemq-controller-116] DEBUG c.h.p.o.HiveMQPlatformReconciler - [helmcont] StatefulSet Spec (replicas: 2, init containers: 1, containers: 1, volumes: 3)
2025-01-28 23:35:08,925 INFO c.h.h.t.HelmChartContainer - [K3S] [reconciler_common.go:251] "operationExecutor.VerifyControllerAttachedVolume started for volume \"pod-info\" (UniqueName: \"kubernetes.io/configmap/337e2097-70c0-4d76-a5ea-32ed094851b3-pod-info\") pod \"test-hivemq-platform-1\" (UID: \"337e2097-70c0-4d76-a5ea-32ed094851b3\") " pod="helmcontainersecuritycontextupgradeplatformit/test-hivemq-platform-1"
2025-01-28 23:35:08,926 INFO c.h.h.t.HelmChartContainer - [K3S] [reconciler_common.go:251] "operationExecutor.VerifyControllerAttachedVolume started for volume \"broker-configuration\" (UniqueName: \"kubernetes.io/configmap/337e2097-70c0-4d76-a5ea-32ed094851b3-broker-configuration\") pod \"test-hivemq-platform-1\" (UID: \"337e2097-70c0-4d76-a5ea-32ed094851b3\") " pod="helmcontainersecuritycontextupgradeplatformit/test-hivemq-platform-1"
2025-01-28 23:35:08,926 INFO c.h.h.t.HelmChartContainer - [K3S] [reconciler_common.go:251] "operationExecutor.VerifyControllerAttachedVolume started for volume \"operator-init\" (UniqueName: \"kubernetes.io/empty-dir/337e2097-70c0-4d76-a5ea-32ed094851b3-operator-init\") pod \"test-hivemq-platform-1\" (UID: \"337e2097-70c0-4d76-a5ea-32ed094851b3\") " pod="helmcontainersecuritycontextupgradeplatformit/test-hivemq-platform-1"
2025-01-28 23:35:08,927 INFO c.h.h.t.HelmChartContainer - [K3S] [reconciler_common.go:251] "operationExecutor.VerifyControllerAttachedVolume started for volume \"kube-api-access-z68g7\" (UniqueName: \"kubernetes.io/projected/337e2097-70c0-4d76-a5ea-32ed094851b3-kube-api-access-z68g7\") pod \"test-hivemq-platform-1\" (UID: \"337e2097-70c0-4d76-a5ea-32ed094851b3\") " pod="helmcontainersecuritycontextupgradeplatformit/test-hivemq-platform-1"
2025-01-28 23:35:08,929 INFO c.h.h.t.HelmChartContainer - [hivemq-test-hivemq-platform] [hivemq-platform-operator] [04b9bc17] 23:35:08.925 [ReconcilerExecutor-hivemq-controller-116] DEBUG c.h.p.o.h.HiveMQPlatformReconcilerErrorHandler - [helmcont] Pod 'test-hivemq-platform-0' phase Running
2025-01-28 23:35:08,933 INFO c.h.h.t.HelmChartContainer - [hivemq-test-hivemq-platform] [hivemq-platform-operator] [04b9bc17] 23:35:08.932 [ReconcilerExecutor-hivemq-controller-116] DEBUG c.h.p.o.h.HiveMQPlatformReconcilerRollingRestartHandler - [helmcont] Rolling restart is waiting for 1 of 2 replicas
2025-01-28 23:35:08,940 INFO c.h.h.t.HelmChartContainer - [hivemq-test-hivemq-platform] [hivemq-platform-operator] [04b9bc17] 23:35:08.939 [pool-6-thread-50] DEBUG c.h.p.o.d.PodServiceAccountResource - [helmcont] Desired PodServiceAccountResource (serviceAccountName: hivemq-platform-pod-test-hivemq-platform)
2025-01-28 23:35:08,942 INFO c.h.h.t.HelmChartContainer - [hivemq-test-hivemq-platform] [hivemq-platform-operator] [04b9bc17] 23:35:08.939 [pool-6-thread-45] DEBUG c.h.p.o.dependants.PodInfoConfigMap - [helmcont] Desired PodInfo ConfigMap (1 extensions) (1 enabled)
2025-01-28 23:35:08,942 INFO c.h.h.t.HelmChartContainer - [hivemq-test-hivemq-platform] [hivemq-platform-operator] [04b9bc17] 23:35:08.941 [pool-6-thread-45] DEBUG c.h.p.o.dependants.PodInfoConfigMap - [helmcont] Desired PodInfo ConfigMap (metrics port: 9399) (metrics path: /)
2025-01-28 23:35:08,942 INFO c.h.h.t.HelmChartContainer - [hivemq-test-hivemq-platform] [hivemq-platform-operator] [04b9bc17] 23:35:08.941 [pool-6-thread-45] DEBUG c.h.p.o.dependants.PodInfoConfigMap - [helmcont] Desired PodInfo ConfigMap (extension state hash: -1817474005)
2025-01-28 23:35:09,023 INFO c.h.h.t.HelmChartContainer - [hivemq-test-hivemq-platform] [hivemq-platform-operator] [04b9bc17] 23:35:08.936 [pool-6-thread-43] DEBUG c.h.p.o.d.PlatformServiceResource - [helmcont] Desired Platform services (3 services)
2025-01-28 23:35:09,032 INFO c.h.h.t.HelmChartContainer - [hivemq-test-hivemq-platform] [hivemq-platform-operator] [04b9bc17] 23:35:09.028 [pool-6-thread-43] DEBUG c.h.p.o.d.StatefulSetResource - [helmcont] Desired StatefulSet (2 replicas) for status ROLLING_RESTART (SURGE_IN_PROGRESS)
2025-01-28 23:35:09,032 INFO c.h.h.t.HelmChartContainer - [hivemq-test-hivemq-platform] [hivemq-platform-operator] [04b9bc17] 23:35:09.031 [ReconcilerExecutor-hivemq-controller-117] INFO  c.h.p.o.HiveMQPlatformReconciler - [helmcont] Reconciling HiveMQ Platform 'test-hivemq-platform' in namespace 'helmcontainersecuritycontextupgradeplatformit'
2025-01-28 23:35:09,032 INFO c.h.h.t.HelmChartContainer - [hivemq-test-hivemq-platform] [hivemq-platform-operator] [04b9bc17] 23:35:09.031 [ReconcilerExecutor-hivemq-controller-117] DEBUG c.h.p.o.HiveMQPlatformReconciler - [helmcont] Custom Resource Status ROLLING_RESTART - HiveMQ Platform is starting a surge Pod (rolling restart) (SURGE_IN_PROGRESS)
2025-01-28 23:35:09,032 INFO c.h.h.t.HelmChartContainer - [hivemq-test-hivemq-platform] [hivemq-platform-operator] [04b9bc17] 23:35:09.031 [ReconcilerExecutor-hivemq-controller-117] DEBUG c.h.p.o.HiveMQPlatformReconciler - [helmcont] Custom Resource Spec (replicas: 1) (extensions: 1)
2025-01-28 23:35:09,034 INFO c.h.h.t.HelmChartContainer - [hivemq-test-hivemq-platform] [hivemq-platform-operator] [04b9bc17] 23:35:09.033 [ReconcilerExecutor-hivemq-controller-117] DEBUG c.h.p.o.HiveMQPlatformReconciler - [helmcont] StatefulSet Status (revision: test-hivemq-platform-579f489c45, replicas: 2, available: 1, ready: 1, current: 1, updated: 1)
2025-01-28 23:35:09,034 INFO c.h.h.t.HelmChartContainer - [hivemq-test-hivemq-platform] [hivemq-platform-operator] [04b9bc17] 23:35:09.033 [ReconcilerExecutor-hivemq-controller-117] DEBUG c.h.p.o.HiveMQPlatformReconciler - [helmcont] StatefulSet Spec (replicas: 2, init containers: 1, containers: 1, volumes: 3)
2025-01-28 23:35:09,036 INFO c.h.h.t.HelmChartContainer - [hivemq-test-hivemq-platform] [hivemq-platform-operator] [04b9bc17] 23:35:09.034 [ReconcilerExecutor-hivemq-controller-117] DEBUG c.h.p.o.h.HiveMQPlatformReconcilerErrorHandler - [helmcont] Pod 'test-hivemq-platform-1' phase Pending
2025-01-28 23:35:09,036 INFO c.h.h.t.HelmChartContainer - [hivemq-test-hivemq-platform] [hivemq-platform-operator] [04b9bc17] 23:35:09.035 [ReconcilerExecutor-hivemq-controller-117] DEBUG c.h.p.o.h.HiveMQPlatformReconcilerErrorHandler - [helmcont] Pod 'test-hivemq-platform-1' condition 'PodReadyToStartContainers': False
2025-01-28 23:35:09,036 INFO c.h.h.t.HelmChartContainer - [hivemq-test-hivemq-platform] [hivemq-platform-operator] [04b9bc17] 23:35:09.035 [ReconcilerExecutor-hivemq-controller-117] DEBUG c.h.p.o.h.HiveMQPlatformReconcilerErrorHandler - [helmcont] Pod 'test-hivemq-platform-1' condition 'Initialized': False
2025-01-28 23:35:09,036 INFO c.h.h.t.HelmChartContainer - [hivemq-test-hivemq-platform] [hivemq-platform-operator] [04b9bc17] 23:35:09.035 [ReconcilerExecutor-hivemq-controller-117] DEBUG c.h.p.o.h.HiveMQPlatformReconcilerErrorHandler - [helmcont] Pod 'test-hivemq-platform-1' condition 'Ready': False
2025-01-28 23:35:09,036 INFO c.h.h.t.HelmChartContainer - [hivemq-test-hivemq-platform] [hivemq-platform-operator] [04b9bc17] 23:35:09.035 [ReconcilerExecutor-hivemq-controller-117] DEBUG c.h.p.o.h.HiveMQPlatformReconcilerErrorHandler - [helmcont] Pod 'test-hivemq-platform-1' condition 'ContainersReady': False
2025-01-28 23:35:09,036 INFO c.h.h.t.HelmChartContainer - [hivemq-test-hivemq-platform] [hivemq-platform-operator] [04b9bc17] 23:35:09.035 [ReconcilerExecutor-hivemq-controller-117] DEBUG c.h.p.o.h.HiveMQPlatformReconcilerErrorHandler - [helmcont] Pod 'test-hivemq-platform-1' condition 'PodScheduled': True
2025-01-28 23:35:09,036 INFO c.h.h.t.HelmChartContainer - [hivemq-test-hivemq-platform] [hivemq-platform-operator] [04b9bc17] 23:35:09.035 [ReconcilerExecutor-hivemq-controller-117] DEBUG c.h.p.o.h.HiveMQPlatformReconcilerErrorHandler - [helmcont] Pod 'test-hivemq-platform-1' containerStatus 'hivemq' (started: false) (ready: false) (waiting: [PodInitializing] null)
2025-01-28 23:35:09,039 INFO c.h.h.t.HelmChartContainer - [hivemq-test-hivemq-platform] [hivemq-platform-operator] [04b9bc17] 23:35:09.036 [ReconcilerExecutor-hivemq-controller-117] DEBUG c.h.p.o.h.HiveMQPlatformReconcilerErrorHandler - [helmcont] Pod 'test-hivemq-platform-0' phase Running
2025-01-28 23:35:09,039 INFO c.h.h.t.HelmChartContainer - [hivemq-test-hivemq-platform] [hivemq-platform-operator] [04b9bc17] 23:35:09.037 [ReconcilerExecutor-hivemq-controller-117] DEBUG c.h.p.o.h.HiveMQPlatformReconcilerRollingRestartHandler - [helmcont] Rolling restart is waiting for 1 of 2 replicas
2025-01-28 23:35:09,043 INFO c.h.h.t.HelmChartContainer - [hivemq-test-hivemq-platform] [hivemq-platform-operator] [04b9bc17] 23:35:09.040 [pool-6-thread-4] DEBUG c.h.p.o.d.PlatformServiceResource - [helmcont] Desired Platform services (3 services)
2025-01-28 23:35:09,043 INFO c.h.h.t.HelmChartContainer - [hivemq-test-hivemq-platform] [hivemq-platform-operator] [04b9bc17] 23:35:09.041 [pool-6-thread-6] DEBUG c.h.p.o.dependants.PodInfoConfigMap - [helmcont] Desired PodInfo ConfigMap (1 extensions) (1 enabled)
2025-01-28 23:35:09,043 INFO c.h.h.t.HelmChartContainer - [hivemq-test-hivemq-platform] [hivemq-platform-operator] [04b9bc17] 23:35:09.041 [pool-6-thread-6] DEBUG c.h.p.o.dependants.PodInfoConfigMap - [helmcont] Desired PodInfo ConfigMap (metrics port: 9399) (metrics path: /)
2025-01-28 23:35:09,043 INFO c.h.h.t.HelmChartContainer - [hivemq-test-hivemq-platform] [hivemq-platform-operator] [04b9bc17] 23:35:09.041 [pool-6-thread-6] DEBUG c.h.p.o.dependants.PodInfoConfigMap - [helmcont] Desired PodInfo ConfigMap (extension state hash: -1817474005)
2025-01-28 23:35:09,043 INFO c.h.h.t.HelmChartContainer - [hivemq-test-hivemq-platform] [hivemq-platform-operator] [04b9bc17] 23:35:09.042 [pool-6-thread-6] DEBUG c.h.p.o.d.PodServiceAccountResource - [helmcont] Desired PodServiceAccountResource (serviceAccountName: hivemq-platform-pod-test-hivemq-platform)
2025-01-28 23:35:09,127 INFO c.h.h.t.HelmChartContainer - [hivemq-test-hivemq-platform] [hivemq-platform-operator] [04b9bc17] 23:35:09.126 [pool-6-thread-8] DEBUG c.h.p.o.d.StatefulSetResource - [helmcont] Desired StatefulSet (2 replicas) for status ROLLING_RESTART (SURGE_IN_PROGRESS)
2025-01-28 23:35:09,131 INFO c.h.h.t.HelmChartContainer - [hivemq-test-hivemq-platform] [hivemq-platform-operator] [04b9bc17] 23:35:09.130 [ReconcilerExecutor-hivemq-controller-118] INFO  c.h.p.o.HiveMQPlatformReconciler - [helmcont] Reconciling HiveMQ Platform 'test-hivemq-platform' in namespace 'helmcontainersecuritycontextupgradeplatformit'
2025-01-28 23:35:09,131 INFO c.h.h.t.HelmChartContainer - [hivemq-test-hivemq-platform] [hivemq-platform-operator] [04b9bc17] 23:35:09.130 [ReconcilerExecutor-hivemq-controller-118] DEBUG c.h.p.o.HiveMQPlatformReconciler - [helmcont] Custom Resource Status ROLLING_RESTART - HiveMQ Platform is starting a surge Pod (rolling restart) (SURGE_IN_PROGRESS)
2025-01-28 23:35:09,131 INFO c.h.h.t.HelmChartContainer - [hivemq-test-hivemq-platform] [hivemq-platform-operator] [04b9bc17] 23:35:09.130 [ReconcilerExecutor-hivemq-controller-118] DEBUG c.h.p.o.HiveMQPlatformReconciler - [helmcont] Custom Resource Spec (replicas: 1) (extensions: 1)
2025-01-28 23:35:09,133 INFO c.h.h.t.HelmChartContainer - [hivemq-test-hivemq-platform] [hivemq-platform-operator] [04b9bc17] 23:35:09.132 [ReconcilerExecutor-hivemq-controller-118] DEBUG c.h.p.o.HiveMQPlatformReconciler - [helmcont] StatefulSet Status (revision: test-hivemq-platform-579f489c45, replicas: 2, available: 1, ready: 1, current: 1, updated: 1)
2025-01-28 23:35:09,133 INFO c.h.h.t.HelmChartContainer - [hivemq-test-hivemq-platform] [hivemq-platform-operator] [04b9bc17] 23:35:09.132 [ReconcilerExecutor-hivemq-controller-118] DEBUG c.h.p.o.HiveMQPlatformReconciler - [helmcont] StatefulSet Spec (replicas: 2, init containers: 1, containers: 1, volumes: 3)
2025-01-28 23:35:09,134 INFO c.h.h.t.HelmChartContainer - [hivemq-test-hivemq-platform] [hivemq-platform-operator] [04b9bc17] 23:35:09.133 [ReconcilerExecutor-hivemq-controller-118] DEBUG c.h.p.o.h.HiveMQPlatformReconcilerErrorHandler - [helmcont] Pod 'test-hivemq-platform-1' phase Pending
2025-01-28 23:35:09,135 INFO c.h.h.t.HelmChartContainer - [hivemq-test-hivemq-platform] [hivemq-platform-operator] [04b9bc17] 23:35:09.133 [ReconcilerExecutor-hivemq-controller-118] DEBUG c.h.p.o.h.HiveMQPlatformReconcilerErrorHandler - [helmcont] Pod 'test-hivemq-platform-1' condition 'PodReadyToStartContainers': False
2025-01-28 23:35:09,135 INFO c.h.h.t.HelmChartContainer - [hivemq-test-hivemq-platform] [hivemq-platform-operator] [04b9bc17] 23:35:09.133 [ReconcilerExecutor-hivemq-controller-118] DEBUG c.h.p.o.h.HiveMQPlatformReconcilerErrorHandler - [helmcont] Pod 'test-hivemq-platform-1' condition 'Initialized': False
2025-01-28 23:35:09,135 INFO c.h.h.t.HelmChartContainer - [hivemq-test-hivemq-platform] [hivemq-platform-operator] [04b9bc17] 23:35:09.133 [ReconcilerExecutor-hivemq-controller-118] DEBUG c.h.p.o.h.HiveMQPlatformReconcilerErrorHandler - [helmcont] Pod 'test-hivemq-platform-1' condition 'Ready': False
2025-01-28 23:35:09,135 INFO c.h.h.t.HelmChartContainer - [hivemq-test-hivemq-platform] [hivemq-platform-operator] [04b9bc17] 23:35:09.133 [ReconcilerExecutor-hivemq-controller-118] DEBUG c.h.p.o.h.HiveMQPlatformReconcilerErrorHandler - [helmcont] Pod 'test-hivemq-platform-1' condition 'ContainersReady': False
2025-01-28 23:35:09,135 INFO c.h.h.t.HelmChartContainer - [hivemq-test-hivemq-platform] [hivemq-platform-operator] [04b9bc17] 23:35:09.134 [ReconcilerExecutor-hivemq-controller-118] DEBUG c.h.p.o.h.HiveMQPlatformReconcilerErrorHandler - [helmcont] Pod 'test-hivemq-platform-1' condition 'PodScheduled': True
2025-01-28 23:35:09,135 INFO c.h.h.t.HelmChartContainer - [hivemq-test-hivemq-platform] [hivemq-platform-operator] [04b9bc17] 23:35:09.134 [ReconcilerExecutor-hivemq-controller-118] DEBUG c.h.p.o.h.HiveMQPlatformReconcilerErrorHandler - [helmcont] Pod 'test-hivemq-platform-1' containerStatus 'hivemq' (started: false) (ready: false) (waiting: [PodInitializing] null)
2025-01-28 23:35:09,136 INFO c.h.h.t.HelmChartContainer - [hivemq-test-hivemq-platform] [hivemq-platform-operator] [04b9bc17] 23:35:09.136 [ReconcilerExecutor-hivemq-controller-118] DEBUG c.h.p.o.h.HiveMQPlatformReconcilerErrorHandler - [helmcont] Pod 'test-hivemq-platform-0' phase Running
2025-01-28 23:35:09,137 INFO c.h.h.t.HelmChartContainer - [hivemq-test-hivemq-platform] [hivemq-platform-operator] [04b9bc17] 23:35:09.136 [ReconcilerExecutor-hivemq-controller-118] DEBUG c.h.p.o.h.HiveMQPlatformReconcilerRollingRestartHandler - [helmcont] Rolling restart is waiting for 1 of 2 replicas
2025-01-28 23:35:09,256 INFO c.h.h.t.HelmChartContainer - [EVENT] Normal [Pulled] Container image "docker.io/hivemq/hivemq-platform-operator-init-test:snapshot" already present on machine [helmcontainersecuritycontextupgradeplatformit:test-hivemq-platform-1]
2025-01-28 23:35:09,262 INFO c.h.h.t.HelmChartContainer - [EVENT] Normal [Created] Created container: hivemq-platform-operator-init [helmcontainersecuritycontextupgradeplatformit:test-hivemq-platform-1]
2025-01-28 23:35:09,320 INFO c.h.h.t.HelmChartContainer - [EVENT] Normal [Started] Started container hivemq-platform-operator-init [helmcontainersecuritycontextupgradeplatformit:test-hivemq-platform-1]
2025-01-28 23:35:09,502 INFO c.h.h.t.HelmChartContainer - [EVENT] Normal [Pulled] Container image "docker.io/hivemq/hivemq4:4.36.0" already present on machine [helmcontainersecuritycontextupgradeplatformit:test-hivemq-platform-1]
2025-01-28 23:35:09,502 INFO c.h.h.t.HelmChartContainer - Received Pulled event for container hivemq in pod test-hivemq-platform-1 [337e2097-70c0-4d76-a5ea-32ed094851b3]
2025-01-28 23:35:09,510 INFO c.h.h.t.HelmChartContainer - [POD] test-hivemq-platform-1 [337e2097-70c0-4d76-a5ea-32ed094851b3] in helmcontainersecuritycontextupgradeplatformit was MODIFIED
2025-01-28 23:35:09,527 INFO c.h.h.t.HelmChartContainer - [hivemq-test-hivemq-platform] [hivemq-platform-operator] [04b9bc17] 23:35:09.519 [pool-6-thread-13] DEBUG c.h.p.o.d.PlatformServiceResource - [helmcont] Desired Platform services (3 services)
2025-01-28 23:35:09,538 INFO c.h.h.t.HelmChartContainer - [hivemq-test-hivemq-platform] [hivemq-platform-operator] [04b9bc17] 23:35:09.522 [pool-6-thread-17] DEBUG c.h.p.o.d.PodServiceAccountResource - [helmcont] Desired PodServiceAccountResource (serviceAccountName: hivemq-platform-pod-test-hivemq-platform)
2025-01-28 23:35:09,538 INFO c.h.h.t.HelmChartContainer - [hivemq-test-hivemq-platform] [hivemq-platform-operator] [04b9bc17] 23:35:09.523 [pool-6-thread-14] DEBUG c.h.p.o.dependants.PodInfoConfigMap - [helmcont] Desired PodInfo ConfigMap (1 extensions) (1 enabled)
2025-01-28 23:35:09,538 INFO c.h.h.t.HelmChartContainer - [hivemq-test-hivemq-platform] [hivemq-platform-operator] [04b9bc17] 23:35:09.532 [pool-6-thread-14] DEBUG c.h.p.o.dependants.PodInfoConfigMap - [helmcont] Desired PodInfo ConfigMap (metrics port: 9399) (metrics path: /)
2025-01-28 23:35:09,538 INFO c.h.h.t.HelmChartContainer - [hivemq-test-hivemq-platform] [hivemq-platform-operator] [04b9bc17] 23:35:09.532 [pool-6-thread-14] DEBUG c.h.p.o.dependants.PodInfoConfigMap - [helmcont] Desired PodInfo ConfigMap (extension state hash: -1817474005)
2025-01-28 23:35:09,538 INFO c.h.h.t.HelmChartContainer - [hivemq-test-hivemq-platform] [hivemq-platform-operator] [04b9bc17] 23:35:09.535 [pool-6-thread-13] DEBUG c.h.p.o.d.StatefulSetResource - [helmcont] Desired StatefulSet (2 replicas) for status ROLLING_RESTART (SURGE_IN_PROGRESS)
2025-01-28 23:35:09,539 INFO c.h.h.t.HelmChartContainer - [EVENT] Normal [Created] Created container: hivemq [helmcontainersecuritycontextupgradeplatformit:test-hivemq-platform-1]
2025-01-28 23:35:09,539 INFO c.h.h.t.HelmChartContainer - Received Created event for container hivemq in pod test-hivemq-platform-1 [337e2097-70c0-4d76-a5ea-32ed094851b3]
2025-01-28 23:35:09,598 INFO c.h.h.t.HelmChartContainer - [hivemq-test-hivemq-platform] [hivemq-platform-operator] [04b9bc17] 23:35:09.595 [ReconcilerExecutor-hivemq-controller-119] INFO  c.h.p.o.HiveMQPlatformReconciler - [helmcont] Reconciling HiveMQ Platform 'test-hivemq-platform' in namespace 'helmcontainersecuritycontextupgradeplatformit'
2025-01-28 23:35:09,599 INFO c.h.h.t.HelmChartContainer - [hivemq-test-hivemq-platform] [hivemq-platform-operator] [04b9bc17] 23:35:09.596 [ReconcilerExecutor-hivemq-controller-119] DEBUG c.h.p.o.HiveMQPlatformReconciler - [helmcont] Custom Resource Status ROLLING_RESTART - HiveMQ Platform is starting a surge Pod (rolling restart) (SURGE_IN_PROGRESS)
2025-01-28 23:35:09,599 INFO c.h.h.t.HelmChartContainer - [hivemq-test-hivemq-platform] [hivemq-platform-operator] [04b9bc17] 23:35:09.596 [ReconcilerExecutor-hivemq-controller-119] DEBUG c.h.p.o.HiveMQPlatformReconciler - [helmcont] Custom Resource Spec (replicas: 1) (extensions: 1)
2025-01-28 23:35:09,601 INFO c.h.h.t.HelmChartContainer - [hivemq-test-hivemq-platform] [hivemq-platform-operator] [04b9bc17] 23:35:09.598 [ReconcilerExecutor-hivemq-controller-119] DEBUG c.h.p.o.HiveMQPlatformReconciler - [helmcont] StatefulSet Status (revision: test-hivemq-platform-579f489c45, replicas: 2, available: 1, ready: 1, current: 1, updated: 1)
2025-01-28 23:35:09,603 INFO c.h.h.t.HelmChartContainer - [hivemq-test-hivemq-platform] [hivemq-platform-operator] [04b9bc17] 23:35:09.598 [ReconcilerExecutor-hivemq-controller-119] DEBUG c.h.p.o.HiveMQPlatformReconciler - [helmcont] StatefulSet Spec (replicas: 2, init containers: 1, containers: 1, volumes: 3)
2025-01-28 23:35:09,604 INFO c.h.h.t.HelmChartContainer - [hivemq-test-hivemq-platform] [hivemq-platform-operator] [04b9bc17] 23:35:09.599 [ReconcilerExecutor-hivemq-controller-119] DEBUG c.h.p.o.h.HiveMQPlatformReconcilerErrorHandler - [helmcont] Pod 'test-hivemq-platform-1' phase Pending
2025-01-28 23:35:09,604 INFO c.h.h.t.HelmChartContainer - [hivemq-test-hivemq-platform] [hivemq-platform-operator] [04b9bc17] 23:35:09.601 [ReconcilerExecutor-hivemq-controller-119] DEBUG c.h.p.o.h.HiveMQPlatformReconcilerErrorHandler - [helmcont] Pod 'test-hivemq-platform-1' condition 'PodReadyToStartContainers': True
2025-01-28 23:35:09,605 INFO c.h.h.t.HelmChartContainer - [hivemq-test-hivemq-platform] [hivemq-platform-operator] [04b9bc17] 23:35:09.601 [ReconcilerExecutor-hivemq-controller-119] DEBUG c.h.p.o.h.HiveMQPlatformReconcilerErrorHandler - [helmcont] Pod 'test-hivemq-platform-1' condition 'Initialized': True
2025-01-28 23:35:09,605 INFO c.h.h.t.HelmChartContainer - [hivemq-test-hivemq-platform] [hivemq-platform-operator] [04b9bc17] 23:35:09.601 [ReconcilerExecutor-hivemq-controller-119] DEBUG c.h.p.o.h.HiveMQPlatformReconcilerErrorHandler - [helmcont] Pod 'test-hivemq-platform-1' condition 'Ready': False
2025-01-28 23:35:09,605 INFO c.h.h.t.HelmChartContainer - [hivemq-test-hivemq-platform] [hivemq-platform-operator] [04b9bc17] 23:35:09.601 [ReconcilerExecutor-hivemq-controller-119] DEBUG c.h.p.o.h.HiveMQPlatformReconcilerErrorHandler - [helmcont] Pod 'test-hivemq-platform-1' condition 'ContainersReady': False
2025-01-28 23:35:09,605 INFO c.h.h.t.HelmChartContainer - [hivemq-test-hivemq-platform] [hivemq-platform-operator] [04b9bc17] 23:35:09.601 [ReconcilerExecutor-hivemq-controller-119] DEBUG c.h.p.o.h.HiveMQPlatformReconcilerErrorHandler - [helmcont] Pod 'test-hivemq-platform-1' condition 'PodScheduled': True
2025-01-28 23:35:09,605 INFO c.h.h.t.HelmChartContainer - [hivemq-test-hivemq-platform] [hivemq-platform-operator] [04b9bc17] 23:35:09.601 [ReconcilerExecutor-hivemq-controller-119] DEBUG c.h.p.o.h.HiveMQPlatformReconcilerErrorHandler - [helmcont] Pod 'test-hivemq-platform-1' containerStatus 'hivemq' (started: false) (ready: false) (waiting: [PodInitializing] null)
2025-01-28 23:35:09,605 INFO c.h.h.t.HelmChartContainer - [hivemq-test-hivemq-platform] [hivemq-platform-operator] [04b9bc17] 23:35:09.602 [ReconcilerExecutor-hivemq-controller-119] DEBUG c.h.p.o.h.HiveMQPlatformReconcilerErrorHandler - [helmcont] Pod 'test-hivemq-platform-0' phase Running
2025-01-28 23:35:09,605 INFO c.h.h.t.HelmChartContainer - [hivemq-test-hivemq-platform] [hivemq-platform-operator] [04b9bc17] 23:35:09.603 [ReconcilerExecutor-hivemq-controller-119] DEBUG c.h.p.o.h.HiveMQPlatformReconcilerRollingRestartHandler - [helmcont] Rolling restart is waiting for 1 of 2 replicas
2025-01-28 23:35:10,513 INFO c.h.h.t.HelmChartContainer - [POD] test-hivemq-platform-1 [337e2097-70c0-4d76-a5ea-32ed094851b3] in helmcontainersecuritycontextupgradeplatformit was MODIFIED
2025-01-28 23:35:10,523 INFO c.h.h.t.HelmChartContainer - [hivemq-test-hivemq-platform] [hivemq-platform-operator] [04b9bc17] 23:35:10.519 [pool-6-thread-21] DEBUG c.h.p.o.dependants.PodInfoConfigMap - [helmcont] Desired PodInfo ConfigMap (1 extensions) (1 enabled)
2025-01-28 23:35:10,525 INFO c.h.h.t.HelmChartContainer - [hivemq-test-hivemq-platform] [hivemq-platform-operator] [04b9bc17] 23:35:10.523 [pool-6-thread-21] DEBUG c.h.p.o.dependants.PodInfoConfigMap - [helmcont] Desired PodInfo ConfigMap (metrics port: 9399) (metrics path: /)
2025-01-28 23:35:10,525 INFO c.h.h.t.HelmChartContainer - [hivemq-test-hivemq-platform] [hivemq-platform-operator] [04b9bc17] 23:35:10.523 [pool-6-thread-21] DEBUG c.h.p.o.dependants.PodInfoConfigMap - [helmcont] Desired PodInfo ConfigMap (extension state hash: -1817474005)
2025-01-28 23:35:10,527 INFO c.h.h.t.HelmChartContainer - [hivemq-test-hivemq-platform] [hivemq-platform-operator] [04b9bc17] 23:35:10.522 [pool-6-thread-29] DEBUG c.h.p.o.d.PodServiceAccountResource - [helmcont] Desired PodServiceAccountResource (serviceAccountName: hivemq-platform-pod-test-hivemq-platform)
2025-01-28 23:35:10,527 INFO c.h.h.t.HelmChartContainer - [hivemq-test-hivemq-platform] [hivemq-platform-operator] [04b9bc17] 23:35:10.525 [pool-6-thread-22] DEBUG c.h.p.o.d.PlatformServiceResource - [helmcont] Desired Platform services (3 services)
2025-01-28 23:35:10,530 INFO c.h.h.t.HelmChartContainer - [EVENT] Normal [Started] Started container hivemq [helmcontainersecuritycontextupgradeplatformit:test-hivemq-platform-1]
2025-01-28 23:35:10,530 INFO c.h.h.t.HelmChartContainer - Started log watcher for hivemq in pod test-hivemq-platform-1 [337e2097-70c0-4d76-a5ea-32ed094851b3]
2025-01-28 23:35:10,530 INFO c.h.h.t.HelmChartContainer - Received Started event for container hivemq in pod test-hivemq-platform-1 [337e2097-70c0-4d76-a5ea-32ed094851b3]
2025-01-28 23:35:10,531 INFO c.h.h.t.HelmChartContainer - [test-hivemq-platform] [hivemq] [337e2097] Adding pre-installed HiveMQ Platform Operator extensions
2025-01-28 23:35:10,531 INFO c.h.h.t.HelmChartContainer - [test-hivemq-platform] [hivemq] [337e2097] Running as user 0
2025-01-28 23:35:10,531 INFO c.h.h.t.HelmChartContainer - [test-hivemq-platform] [hivemq] [337e2097] Starting HiveMQ Platform Operator Init
2025-01-28 23:35:10,541 INFO c.h.h.t.HelmChartContainer - [hivemq-test-hivemq-platform] [hivemq-platform-operator] [04b9bc17] 23:35:10.536 [pool-6-thread-23] DEBUG c.h.p.o.d.StatefulSetResource - [helmcont] Desired StatefulSet (2 replicas) for status ROLLING_RESTART (SURGE_IN_PROGRESS)
2025-01-28 23:35:10,597 INFO c.h.h.t.HelmChartContainer - [hivemq-test-hivemq-platform] [hivemq-platform-operator] [04b9bc17] 23:35:10.596 [ReconcilerExecutor-hivemq-controller-120] INFO  c.h.p.o.HiveMQPlatformReconciler - [helmcont] Reconciling HiveMQ Platform 'test-hivemq-platform' in namespace 'helmcontainersecuritycontextupgradeplatformit'
2025-01-28 23:35:10,597 INFO c.h.h.t.HelmChartContainer - [hivemq-test-hivemq-platform] [hivemq-platform-operator] [04b9bc17] 23:35:10.596 [ReconcilerExecutor-hivemq-controller-120] DEBUG c.h.p.o.HiveMQPlatformReconciler - [helmcont] Custom Resource Status ROLLING_RESTART - HiveMQ Platform is starting a surge Pod (rolling restart) (SURGE_IN_PROGRESS)
2025-01-28 23:35:10,597 INFO c.h.h.t.HelmChartContainer - [hivemq-test-hivemq-platform] [hivemq-platform-operator] [04b9bc17] 23:35:10.596 [ReconcilerExecutor-hivemq-controller-120] DEBUG c.h.p.o.HiveMQPlatformReconciler - [helmcont] Custom Resource Spec (replicas: 1) (extensions: 1)
2025-01-28 23:35:10,600 INFO c.h.h.t.HelmChartContainer - [hivemq-test-hivemq-platform] [hivemq-platform-operator] [04b9bc17] 23:35:10.598 [ReconcilerExecutor-hivemq-controller-120] DEBUG c.h.p.o.HiveMQPlatformReconciler - [helmcont] StatefulSet Status (revision: test-hivemq-platform-579f489c45, replicas: 2, available: 1, ready: 1, current: 1, updated: 1)
2025-01-28 23:35:10,600 INFO c.h.h.t.HelmChartContainer - [hivemq-test-hivemq-platform] [hivemq-platform-operator] [04b9bc17] 23:35:10.598 [ReconcilerExecutor-hivemq-controller-120] DEBUG c.h.p.o.HiveMQPlatformReconciler - [helmcont] StatefulSet Spec (replicas: 2, init containers: 1, containers: 1, volumes: 3)
2025-01-28 23:35:10,601 INFO c.h.h.t.HelmChartContainer - [hivemq-test-hivemq-platform] [hivemq-platform-operator] [04b9bc17] 23:35:10.600 [ReconcilerExecutor-hivemq-controller-120] DEBUG c.h.p.o.h.HiveMQPlatformReconcilerErrorHandler - [helmcont] Pod 'test-hivemq-platform-1' phase Running
2025-01-28 23:35:10,603 INFO c.h.h.t.HelmChartContainer - [hivemq-test-hivemq-platform] [hivemq-platform-operator] [04b9bc17] 23:35:10.602 [ReconcilerExecutor-hivemq-controller-120] DEBUG c.h.p.o.h.HiveMQPlatformReconcilerErrorHandler - [helmcont] Pod 'test-hivemq-platform-0' phase Running
2025-01-28 23:35:10,605 INFO c.h.h.t.HelmChartContainer - [hivemq-test-hivemq-platform] [hivemq-platform-operator] [04b9bc17] 23:35:10.604 [ReconcilerExecutor-hivemq-controller-120] DEBUG c.h.p.o.h.HiveMQPlatformReconcilerRollingRestartHandler - [helmcont] Rolling restart is waiting for 1 of 2 replicas
2025-01-28 23:35:10,775 INFO c.h.h.t.HelmChartContainer - [test-hivemq-platform] [hivemq] [337e2097] INFO  - [HiveMQ Platform Operator Init 1.7.0-SNAPSHOT] HiveMQ Platform Operator Init 1.7.0-SNAPSHOT (commit: bebf408 on branch: HEAD) built on Sun Jan 26 20:47:47 UTC 2025
2025-01-28 23:35:11,910 INFO c.h.h.t.HelmChartContainer - [test-hivemq-platform] [hivemq] [337e2097] INFO  - [HiveMQ Platform Operator Init App 1.7.0-SNAPSHOT] Using bind address 10.42.0.7 from environment variable
2025-01-28 23:35:12,785 INFO c.h.h.t.HelmChartContainer - [test-hivemq-platform] [hivemq] [337e2097] INFO  - [HiveMQ Platform Operator Init App 1.7.0-SNAPSHOT] HiveMQ Platform Operator Init App 1.7.0-SNAPSHOT (commit: bebf408 on branch: HEAD) built on Sun Jan 26 20:47:47 UTC 2025
2025-01-28 23:35:12,785 INFO c.h.h.t.HelmChartContainer - [test-hivemq-platform] [hivemq] [337e2097] INFO  - [HiveMQ Platform Operator Init App 1.7.0-SNAPSHOT] PodInfo ConfigMap directory: /etc/podinfo
2025-01-28 23:35:12,785 INFO c.h.h.t.HelmChartContainer - [test-hivemq-platform] [hivemq] [337e2097] INFO  - [HiveMQ Platform Operator Init App 1.7.0-SNAPSHOT] HiveMQ home directory: /opt/hivemq
2025-01-28 23:35:12,800 INFO c.h.h.t.HelmChartContainer - [test-hivemq-platform] [hivemq] [337e2097] INFO  - [HiveMQ Platform Operator Init App 1.7.0-SNAPSHOT] HiveMQ Logback folder: /opt/hivemq/conf
2025-01-28 23:35:12,801 INFO c.h.h.t.HelmChartContainer - [test-hivemq-platform] [hivemq] [337e2097] INFO  - [HiveMQ Platform Operator Init App 1.7.0-SNAPSHOT] HiveMQ Config folder: /opt/hivemq/conf-k8s
2025-01-28 23:35:12,802 INFO c.h.h.t.HelmChartContainer - [test-hivemq-platform] [hivemq] [337e2097] INFO  - [HiveMQ Platform Operator Init App 1.7.0-SNAPSHOT] Starting HiveMQ Platform Operator Init App
2025-01-28 23:35:12,803 INFO c.h.h.t.HelmChartContainer - [test-hivemq-platform] [hivemq] [337e2097] INFO  - [HiveMQ Platform Operator Init App 1.7.0-SNAPSHOT] Starting Pod reconciler
2025-01-28 23:35:14,174 INFO c.h.h.t.HelmChartContainer - [test-hivemq-platform] [hivemq] [337e2097] INFO  - [HiveMQ Platform Operator Init App 1.7.0-SNAPSHOT] Pod reconciler is scheduled (interval: 5000 ms)
2025-01-28 23:35:14,175 INFO c.h.h.t.HelmChartContainer - [test-hivemq-platform] [hivemq] [337e2097] INFO  - [HiveMQ Platform Operator Init App 1.7.0-SNAPSHOT] Starting the REST API on 10.42.0.7:7979
2025-01-28 23:35:14,179 INFO c.h.h.t.HelmChartContainer - [test-hivemq-platform] [hivemq] [337e2097] INFO  - [HiveMQ Platform Operator Init App 1.7.0-SNAPSHOT] Waiting up to 600s for at most 2 HiveMQ nodes in cluster service hivemq-test-hivemq-platform-cluster.helmcontainersecuritycontextupgradeplatformit.svc
2025-01-28 23:35:14,489 INFO c.h.h.t.HelmChartContainer - [test-hivemq-platform] [hivemq] [337e2097] INFO  - [HiveMQ Platform Operator Init App 1.7.0-SNAPSHOT] Resolved 2 IP addresses: [10.42.0.7, 10.42.0.6]
2025-01-28 23:35:14,490 INFO c.h.h.t.HelmChartContainer - [test-hivemq-platform] [hivemq] [337e2097] INFO  - [HiveMQ Platform Operator Init App 1.7.0-SNAPSHOT] HiveMQ node count of 2 is within threshold of 2
2025-01-28 23:35:14,490 INFO c.h.h.t.HelmChartContainer - [test-hivemq-platform] [hivemq] [337e2097] INFO  - [HiveMQ Platform Operator Init App 1.7.0-SNAPSHOT] Waiting 15s for previous shutdown replication to finish...
2025-01-28 23:35:16,512 INFO c.h.h.t.HelmChartContainer - [test-hivemq-platform] [hivemq] [337e2097] INFO  - [HiveMQ Platform Operator Init App 1.7.0-SNAPSHOT] Returning default Health API response 503 for readiness
2025-01-28 23:35:16,621 INFO c.h.h.t.HelmChartContainer - [EVENT] Warning [Unhealthy] Readiness probe failed: HTTP probe failed with statuscode: 503 [helmcontainersecuritycontextupgradeplatformit:test-hivemq-platform-1]
2025-01-28 23:35:16,621 INFO c.h.h.t.HelmChartContainer - Received Unhealthy event for container hivemq in pod test-hivemq-platform-1 [337e2097-70c0-4d76-a5ea-32ed094851b3]
2025-01-28 23:35:20,611 INFO c.h.h.t.HelmChartContainer - [hivemq-test-hivemq-platform] [hivemq-platform-operator] [04b9bc17] 23:35:20.608 [pool-6-thread-36] DEBUG c.h.p.o.d.PlatformServiceResource - [helmcont] Desired Platform services (3 services)
2025-01-28 23:35:20,611 INFO c.h.h.t.HelmChartContainer - [hivemq-test-hivemq-platform] [hivemq-platform-operator] [04b9bc17] 23:35:20.609 [pool-6-thread-35] DEBUG c.h.p.o.dependants.PodInfoConfigMap - [helmcont] Desired PodInfo ConfigMap (1 extensions) (1 enabled)
2025-01-28 23:35:20,611 INFO c.h.h.t.HelmChartContainer - [hivemq-test-hivemq-platform] [hivemq-platform-operator] [04b9bc17] 23:35:20.609 [pool-6-thread-35] DEBUG c.h.p.o.dependants.PodInfoConfigMap - [helmcont] Desired PodInfo ConfigMap (metrics port: 9399) (metrics path: /)
2025-01-28 23:35:20,611 INFO c.h.h.t.HelmChartContainer - [hivemq-test-hivemq-platform] [hivemq-platform-operator] [04b9bc17] 23:35:20.609 [pool-6-thread-35] DEBUG c.h.p.o.dependants.PodInfoConfigMap - [helmcont] Desired PodInfo ConfigMap (extension state hash: -1817474005)
2025-01-28 23:35:20,611 INFO c.h.h.t.HelmChartContainer - [hivemq-test-hivemq-platform] [hivemq-platform-operator] [04b9bc17] 23:35:20.610 [pool-6-thread-39] DEBUG c.h.p.o.d.PodServiceAccountResource - [helmcont] Desired PodServiceAccountResource (serviceAccountName: hivemq-platform-pod-test-hivemq-platform)
2025-01-28 23:35:20,613 INFO c.h.h.t.HelmChartContainer - [hivemq-test-hivemq-platform] [hivemq-platform-operator] [04b9bc17] 23:35:20.613 [pool-6-thread-36] DEBUG c.h.p.o.d.StatefulSetResource - [helmcont] Desired StatefulSet (2 replicas) for status ROLLING_RESTART (SURGE_IN_PROGRESS)
2025-01-28 23:35:20,617 INFO c.h.h.t.HelmChartContainer - [hivemq-test-hivemq-platform] [hivemq-platform-operator] [04b9bc17] 23:35:20.616 [ReconcilerExecutor-hivemq-controller-121] INFO  c.h.p.o.HiveMQPlatformReconciler - [helmcont] Reconciling HiveMQ Platform 'test-hivemq-platform' in namespace 'helmcontainersecuritycontextupgradeplatformit'
2025-01-28 23:35:20,617 INFO c.h.h.t.HelmChartContainer - [hivemq-test-hivemq-platform] [hivemq-platform-operator] [04b9bc17] 23:35:20.616 [ReconcilerExecutor-hivemq-controller-121] DEBUG c.h.p.o.HiveMQPlatformReconciler - [helmcont] Custom Resource Status ROLLING_RESTART - HiveMQ Platform is starting a surge Pod (rolling restart) (SURGE_IN_PROGRESS)
2025-01-28 23:35:20,617 INFO c.h.h.t.HelmChartContainer - [hivemq-test-hivemq-platform] [hivemq-platform-operator] [04b9bc17] 23:35:20.616 [ReconcilerExecutor-hivemq-controller-121] DEBUG c.h.p.o.HiveMQPlatformReconciler - [helmcont] Custom Resource Spec (replicas: 1) (extensions: 1)
2025-01-28 23:35:20,618 INFO c.h.h.t.HelmChartContainer - [hivemq-test-hivemq-platform] [hivemq-platform-operator] [04b9bc17] 23:35:20.617 [ReconcilerExecutor-hivemq-controller-121] DEBUG c.h.p.o.HiveMQPlatformReconciler - [helmcont] StatefulSet Status (revision: test-hivemq-platform-579f489c45, replicas: 2, available: 1, ready: 1, current: 1, updated: 1)
2025-01-28 23:35:20,618 INFO c.h.h.t.HelmChartContainer - [hivemq-test-hivemq-platform] [hivemq-platform-operator] [04b9bc17] 23:35:20.617 [ReconcilerExecutor-hivemq-controller-121] DEBUG c.h.p.o.HiveMQPlatformReconciler - [helmcont] StatefulSet Spec (replicas: 2, init containers: 1, containers: 1, volumes: 3)
2025-01-28 23:35:20,620 INFO c.h.h.t.HelmChartContainer - [hivemq-test-hivemq-platform] [hivemq-platform-operator] [04b9bc17] 23:35:20.619 [ReconcilerExecutor-hivemq-controller-121] DEBUG c.h.p.o.h.HiveMQPlatformReconcilerErrorHandler - [helmcont] Pod 'test-hivemq-platform-1' phase Running
2025-01-28 23:35:20,621 INFO c.h.h.t.HelmChartContainer - [hivemq-test-hivemq-platform] [hivemq-platform-operator] [04b9bc17] 23:35:20.620 [ReconcilerExecutor-hivemq-controller-121] DEBUG c.h.p.o.h.HiveMQPlatformReconcilerErrorHandler - [helmcont] Pod 'test-hivemq-platform-0' phase Running
2025-01-28 23:35:20,622 INFO c.h.h.t.HelmChartContainer - [hivemq-test-hivemq-platform] [hivemq-platform-operator] [04b9bc17] 23:35:20.621 [ReconcilerExecutor-hivemq-controller-121] DEBUG c.h.p.o.h.HiveMQPlatformReconcilerRollingRestartHandler - [helmcont] Rolling restart is waiting for 1 of 2 replicas
2025-01-28 23:35:21,582 INFO c.h.h.t.HelmChartContainer - [test-hivemq-platform] [hivemq] [337e2097] INFO  - [HiveMQ Platform Operator Init App 1.7.0-SNAPSHOT] Updating Pod HiveMQ Platform Operator Init App version annotation (version: 1.7.0-SNAPSHOT)
2025-01-28 23:35:21,583 INFO c.h.h.t.HelmChartContainer - [EVENT] Warning [Unhealthy] Readiness probe failed: HTTP probe failed with statuscode: 503 [helmcontainersecuritycontextupgradeplatformit:test-hivemq-platform-1]
2025-01-28 23:35:21,583 INFO c.h.h.t.HelmChartContainer - Received Unhealthy event for container hivemq in pod test-hivemq-platform-1 [337e2097-70c0-4d76-a5ea-32ed094851b3]
2025-01-28 23:35:21,932 INFO c.h.h.t.HelmChartContainer - [hivemq-test-hivemq-platform] [hivemq-platform-operator] [04b9bc17] 23:35:21.917 [pool-6-thread-48] DEBUG c.h.p.o.d.PlatformServiceResource - [helmcont] Desired Platform services (3 services)
2025-01-28 23:35:21,932 INFO c.h.h.t.HelmChartContainer - [hivemq-test-hivemq-platform] [hivemq-platform-operator] [04b9bc17] 23:35:21.918 [pool-6-thread-41] DEBUG c.h.p.o.dependants.PodInfoConfigMap - [helmcont] Desired PodInfo ConfigMap (1 extensions) (1 enabled)
2025-01-28 23:35:21,932 INFO c.h.h.t.HelmChartContainer - [hivemq-test-hivemq-platform] [hivemq-platform-operator] [04b9bc17] 23:35:21.918 [pool-6-thread-41] DEBUG c.h.p.o.dependants.PodInfoConfigMap - [helmcont] Desired PodInfo ConfigMap (metrics port: 9399) (metrics path: /)
2025-01-28 23:35:21,932 INFO c.h.h.t.HelmChartContainer - [hivemq-test-hivemq-platform] [hivemq-platform-operator] [04b9bc17] 23:35:21.918 [pool-6-thread-41] DEBUG c.h.p.o.dependants.PodInfoConfigMap - [helmcont] Desired PodInfo ConfigMap (extension state hash: -1817474005)
2025-01-28 23:35:21,932 INFO c.h.h.t.HelmChartContainer - [hivemq-test-hivemq-platform] [hivemq-platform-operator] [04b9bc17] 23:35:21.920 [pool-6-thread-48] DEBUG c.h.p.o.d.PodServiceAccountResource - [helmcont] Desired PodServiceAccountResource (serviceAccountName: hivemq-platform-pod-test-hivemq-platform)
2025-01-28 23:35:21,932 INFO c.h.h.t.HelmChartContainer - [hivemq-test-hivemq-platform] [hivemq-platform-operator] [04b9bc17] 23:35:21.922 [pool-6-thread-41] DEBUG c.h.p.o.d.StatefulSetResource - [helmcont] Desired StatefulSet (2 replicas) for status ROLLING_RESTART (SURGE_IN_PROGRESS)
2025-01-28 23:35:21,932 INFO c.h.h.t.HelmChartContainer - [EVENT] Warning [Unhealthy] Readiness probe failed: HTTP probe failed with statuscode: 503 [helmcontainersecuritycontextupgradeplatformit:test-hivemq-platform-1]
2025-01-28 23:35:21,932 INFO c.h.h.t.HelmChartContainer - [POD] test-hivemq-platform-1 [337e2097-70c0-4d76-a5ea-32ed094851b3] in helmcontainersecuritycontextupgradeplatformit was MODIFIED
2025-01-28 23:35:21,932 INFO c.h.h.t.HelmChartContainer - Received Unhealthy event for container hivemq in pod test-hivemq-platform-1 [337e2097-70c0-4d76-a5ea-32ed094851b3]
2025-01-28 23:35:21,935 INFO c.h.h.t.HelmChartContainer - [hivemq-test-hivemq-platform] [hivemq-platform-operator] [04b9bc17] 23:35:21.929 [ReconcilerExecutor-hivemq-controller-122] INFO  c.h.p.o.HiveMQPlatformReconciler - [helmcont] Reconciling HiveMQ Platform 'test-hivemq-platform' in namespace 'helmcontainersecuritycontextupgradeplatformit'
2025-01-28 23:35:21,935 INFO c.h.h.t.HelmChartContainer - [hivemq-test-hivemq-platform] [hivemq-platform-operator] [04b9bc17] 23:35:21.929 [ReconcilerExecutor-hivemq-controller-122] DEBUG c.h.p.o.HiveMQPlatformReconciler - [helmcont] Custom Resource Status ROLLING_RESTART - HiveMQ Platform is starting a surge Pod (rolling restart) (SURGE_IN_PROGRESS)
2025-01-28 23:35:21,935 INFO c.h.h.t.HelmChartContainer - [hivemq-test-hivemq-platform] [hivemq-platform-operator] [04b9bc17] 23:35:21.929 [ReconcilerExecutor-hivemq-controller-122] DEBUG c.h.p.o.HiveMQPlatformReconciler - [helmcont] Custom Resource Spec (replicas: 1) (extensions: 1)
2025-01-28 23:35:21,935 INFO c.h.h.t.HelmChartContainer - [hivemq-test-hivemq-platform] [hivemq-platform-operator] [04b9bc17] 23:35:21.931 [ReconcilerExecutor-hivemq-controller-122] DEBUG c.h.p.o.HiveMQPlatformReconciler - [helmcont] StatefulSet Status (revision: test-hivemq-platform-579f489c45, replicas: 2, available: 1, ready: 1, current: 1, updated: 1)
2025-01-28 23:35:21,935 INFO c.h.h.t.HelmChartContainer - [hivemq-test-hivemq-platform] [hivemq-platform-operator] [04b9bc17] 23:35:21.931 [ReconcilerExecutor-hivemq-controller-122] DEBUG c.h.p.o.HiveMQPlatformReconciler - [helmcont] StatefulSet Spec (replicas: 2, init containers: 1, containers: 1, volumes: 3)
2025-01-28 23:35:21,935 INFO c.h.h.t.HelmChartContainer - [hivemq-test-hivemq-platform] [hivemq-platform-operator] [04b9bc17] 23:35:21.933 [ReconcilerExecutor-hivemq-controller-122] DEBUG c.h.p.o.h.HiveMQPlatformReconcilerErrorHandler - [helmcont] Pod 'test-hivemq-platform-1' phase Running
2025-01-28 23:35:21,935 INFO c.h.h.t.HelmChartContainer - [hivemq-test-hivemq-platform] [hivemq-platform-operator] [04b9bc17] 23:35:21.934 [ReconcilerExecutor-hivemq-controller-122] DEBUG c.h.p.o.h.HiveMQPlatformReconcilerErrorHandler - [helmcont] Pod 'test-hivemq-platform-0' phase Running
2025-01-28 23:35:21,936 INFO c.h.h.t.HelmChartContainer - [hivemq-test-hivemq-platform] [hivemq-platform-operator] [04b9bc17] 23:35:21.935 [ReconcilerExecutor-hivemq-controller-122] DEBUG c.h.p.o.h.HiveMQPlatformReconcilerRollingRestartHandler - [helmcont] Rolling restart is waiting for 1 of 2 replicas
2025-01-28 23:35:21,975 INFO c.h.h.t.HelmChartContainer - [test-hivemq-platform] [hivemq] [337e2097] INFO  - [HiveMQ Platform Operator Init App 1.7.0-SNAPSHOT] Successfully updated Pod HiveMQ Platform Operator Init App version annotation (version: 1.7.0-SNAPSHOT)
2025-01-28 23:35:25,265 INFO c.h.h.t.HelmChartContainer - [test-hivemq-platform] [hivemq] [a6abb940] INFO  - [HiveMQ Platform Operator Init App 1.7.0-SNAPSHOT] Returning Health API response 200 for liveness
2025-01-28 23:35:26,917 INFO c.h.h.t.HelmChartContainer - [EVENT] Warning [Unhealthy] Readiness probe failed: HTTP probe failed with statuscode: 503 [helmcontainersecuritycontextupgradeplatformit:test-hivemq-platform-1]
2025-01-28 23:35:26,917 INFO c.h.h.t.HelmChartContainer - Received Unhealthy event for container hivemq in pod test-hivemq-platform-1 [337e2097-70c0-4d76-a5ea-32ed094851b3]
2025-01-28 23:35:29,490 INFO c.h.h.t.HelmChartContainer - [test-hivemq-platform] [hivemq] [337e2097] INFO  - [HiveMQ Platform Operator Init App 1.7.0-SNAPSHOT] Proceeding with container start
2025-01-28 23:35:29,494 INFO c.h.h.t.HelmChartContainer - [test-hivemq-platform] [hivemq] [337e2097] INFO  - [HiveMQ Platform Operator Init App 1.7.0-SNAPSHOT] Initializing HiveMQ Platform extensions with initial configuration: {hivemq-allow-all-extension={start-priority=-1, skip-https-hostname-verification=false, restart=true, config-version=0, header-version=0, c-uri=, priority=-1, uri=preinstalled, skip-https-certificate-validation=false, enabled=true}, hivemq-prometheus-extension={skip-https-hostname-verification=false, c-uri=, start-priority=-1, priority=-1, restart=true, enabled=true, request-header-path=no-request-headers, uri=preinstalled, skip-https-certificate-validation=false}}
2025-01-28 23:35:29,907 INFO c.h.h.t.HelmChartContainer - [test-hivemq-platform] [hivemq] [337e2097] INFO  - [HiveMQ Platform Operator Init App 1.7.0-SNAPSHOT] Extension hivemq-allow-all-extension was already enabled
2025-01-28 23:35:29,973 INFO c.h.h.t.HelmChartContainer - [test-hivemq-platform] [hivemq] [337e2097] INFO  - [HiveMQ Platform Operator Init App 1.7.0-SNAPSHOT] Successfully enabled extension hivemq-prometheus-extension
2025-01-28 23:35:29,974 INFO c.h.h.t.HelmChartContainer - [test-hivemq-platform] [hivemq] [337e2097] INFO  - [HiveMQ Platform Operator Init App 1.7.0-SNAPSHOT] Starting HiveMQ Platform version 4.36.0 (4.36.0)
2025-01-28 23:35:29,974 INFO c.h.h.t.HelmChartContainer - [test-hivemq-platform] [hivemq] [337e2097] INFO  - [HiveMQ Platform Operator Init App 1.7.0-SNAPSHOT] Configuring the HiveMQ Platform
2025-01-28 23:35:30,008 INFO c.h.h.t.HelmChartContainer - [test-hivemq-platform] [hivemq] [337e2097] INFO  - [HiveMQ Platform Operator Init App 1.7.0-SNAPSHOT] Changed logback.xml file scan period to 20 seconds
2025-01-28 23:35:30,104 INFO c.h.h.t.HelmChartContainer - [test-hivemq-platform] [hivemq] [337e2097] INFO  - [HiveMQ Platform Operator Init App 1.7.0-SNAPSHOT] Starting the HiveMQ Platform
2025-01-28 23:35:30,108 INFO c.h.h.t.HelmChartContainer - [test-hivemq-platform] [hivemq] [337e2097] -------------------------------------------------------------------------
2025-01-28 23:35:30,108 INFO c.h.h.t.HelmChartContainer - [test-hivemq-platform] [hivemq] [337e2097] 
2025-01-28 23:35:30,108 INFO c.h.h.t.HelmChartContainer - [test-hivemq-platform] [hivemq] [337e2097]                   _    _  _              __  __   ____
2025-01-28 23:35:30,108 INFO c.h.h.t.HelmChartContainer - [test-hivemq-platform] [hivemq] [337e2097]                  | |  | |(_)            |  \/  | / __ \
2025-01-28 23:35:30,108 INFO c.h.h.t.HelmChartContainer - [test-hivemq-platform] [hivemq] [337e2097]                  | |__| | _ __   __ ___ | \  / || |  | |
2025-01-28 23:35:30,110 INFO c.h.h.t.HelmChartContainer - [test-hivemq-platform] [hivemq] [337e2097]                  |  __  || |\ \ / // _ \| |\/| || |  | |
2025-01-28 23:35:30,110 INFO c.h.h.t.HelmChartContainer - [test-hivemq-platform] [hivemq] [337e2097]                  | |  | || | \ V /|  __/| |  | || |__| |
2025-01-28 23:35:30,110 INFO c.h.h.t.HelmChartContainer - [test-hivemq-platform] [hivemq] [337e2097]                  |_|  |_||_|  \_/  \___||_|  |_| \___\_\
2025-01-28 23:35:30,110 INFO c.h.h.t.HelmChartContainer - [test-hivemq-platform] [hivemq] [337e2097] 
2025-01-28 23:35:30,110 INFO c.h.h.t.HelmChartContainer - [test-hivemq-platform] [hivemq] [337e2097] -------------------------------------------------------------------------
2025-01-28 23:35:30,110 INFO c.h.h.t.HelmChartContainer - [test-hivemq-platform] [hivemq] [337e2097] 
2025-01-28 23:35:30,110 INFO c.h.h.t.HelmChartContainer - [test-hivemq-platform] [hivemq] [337e2097]   HiveMQ Start Script for Linux/Unix v1.14
2025-01-28 23:35:30,110 INFO c.h.h.t.HelmChartContainer - [test-hivemq-platform] [hivemq] [337e2097] 
2025-01-28 23:35:30,206 INFO c.h.h.t.HelmChartContainer - [test-hivemq-platform] [hivemq] [337e2097] -------------------------------------------------------------------------
2025-01-28 23:35:30,207 INFO c.h.h.t.HelmChartContainer - [test-hivemq-platform] [hivemq] [337e2097] 
2025-01-28 23:35:30,207 INFO c.h.h.t.HelmChartContainer - [test-hivemq-platform] [hivemq] [337e2097]   HIVEMQ_HOME: /opt/hivemq
2025-01-28 23:35:30,207 INFO c.h.h.t.HelmChartContainer - [test-hivemq-platform] [hivemq] [337e2097] 
2025-01-28 23:35:30,207 INFO c.h.h.t.HelmChartContainer - [test-hivemq-platform] [hivemq] [337e2097]   JAVA_OPTS: -XX:+UnlockExperimentalVMOptions -XX:InitialRAMPercentage=50 -XX:MaxRAMPercentage=50 -Djava.net.preferIPv4Stack=true --add-opens java.base/java.lang=ALL-UNNAMED --add-opens java.base/java.nio=ALL-UNNAMED --add-opens java.base/sun.nio.ch=ALL-UNNAMED --add-opens jdk.management/com.sun.management.internal=ALL-UNNAMED --add-exports java.base/jdk.internal.misc=ALL-UNNAMED -Djava.security.egd=file:/dev/./urandom -Dcom.sun.management.jmxremote -Dcom.sun.management.jmxremote.port=9010 -Dcom.sun.management.jmxremote.local.only=false -Dcom.sun.management.jmxremote.authenticate=false -Dcom.sun.management.jmxremote.ssl=false -Duser.language=en -Duser.region=US -XX:+CrashOnOutOfMemoryError -XX:+HeapDumpOnOutOfMemoryError
2025-01-28 23:35:30,207 INFO c.h.h.t.HelmChartContainer - [test-hivemq-platform] [hivemq] [337e2097] 
2025-01-28 23:35:30,207 INFO c.h.h.t.HelmChartContainer - [test-hivemq-platform] [hivemq] [337e2097]   JAVA_VERSION: 21
2025-01-28 23:35:30,207 INFO c.h.h.t.HelmChartContainer - [test-hivemq-platform] [hivemq] [337e2097] 
2025-01-28 23:35:30,207 INFO c.h.h.t.HelmChartContainer - [test-hivemq-platform] [hivemq] [337e2097] -------------------------------------------------------------------------
2025-01-28 23:35:30,207 INFO c.h.h.t.HelmChartContainer - [test-hivemq-platform] [hivemq] [337e2097] 
2025-01-28 23:35:31,918 INFO c.h.h.t.HelmChartContainer - [EVENT] Warning [Unhealthy] Readiness probe failed: HTTP probe failed with statuscode: 503 [helmcontainersecuritycontextupgradeplatformit:test-hivemq-platform-1]
2025-01-28 23:35:31,919 INFO c.h.h.t.HelmChartContainer - Received Unhealthy event for container hivemq in pod test-hivemq-platform-1 [337e2097-70c0-4d76-a5ea-32ed094851b3]
2025-01-28 23:35:31,943 INFO c.h.h.t.HelmChartContainer - [hivemq-test-hivemq-platform] [hivemq-platform-operator] [04b9bc17] 23:35:31.937 [pool-6-thread-5] DEBUG c.h.p.o.d.PlatformServiceResource - [helmcont] Desired Platform services (3 services)
2025-01-28 23:35:31,943 INFO c.h.h.t.HelmChartContainer - [hivemq-test-hivemq-platform] [hivemq-platform-operator] [04b9bc17] 23:35:31.938 [pool-6-thread-7] DEBUG c.h.p.o.dependants.PodInfoConfigMap - [helmcont] Desired PodInfo ConfigMap (1 extensions) (1 enabled)
2025-01-28 23:35:31,943 INFO c.h.h.t.HelmChartContainer - [hivemq-test-hivemq-platform] [hivemq-platform-operator] [04b9bc17] 23:35:31.938 [pool-6-thread-7] DEBUG c.h.p.o.dependants.PodInfoConfigMap - [helmcont] Desired PodInfo ConfigMap (metrics port: 9399) (metrics path: /)
2025-01-28 23:35:31,943 INFO c.h.h.t.HelmChartContainer - [hivemq-test-hivemq-platform] [hivemq-platform-operator] [04b9bc17] 23:35:31.938 [pool-6-thread-7] DEBUG c.h.p.o.dependants.PodInfoConfigMap - [helmcont] Desired PodInfo ConfigMap (extension state hash: -1817474005)
2025-01-28 23:35:31,943 INFO c.h.h.t.HelmChartContainer - [hivemq-test-hivemq-platform] [hivemq-platform-operator] [04b9bc17] 23:35:31.939 [pool-6-thread-10] DEBUG c.h.p.o.d.PodServiceAccountResource - [helmcont] Desired PodServiceAccountResource (serviceAccountName: hivemq-platform-pod-test-hivemq-platform)
2025-01-28 23:35:31,944 INFO c.h.h.t.HelmChartContainer - [hivemq-test-hivemq-platform] [hivemq-platform-operator] [04b9bc17] 23:35:31.942 [pool-6-thread-5] DEBUG c.h.p.o.d.StatefulSetResource - [helmcont] Desired StatefulSet (2 replicas) for status ROLLING_RESTART (SURGE_IN_PROGRESS)
2025-01-28 23:35:31,946 INFO c.h.h.t.HelmChartContainer - [hivemq-test-hivemq-platform] [hivemq-platform-operator] [04b9bc17] 23:35:31.945 [ReconcilerExecutor-hivemq-controller-123] INFO  c.h.p.o.HiveMQPlatformReconciler - [helmcont] Reconciling HiveMQ Platform 'test-hivemq-platform' in namespace 'helmcontainersecuritycontextupgradeplatformit'
2025-01-28 23:35:31,946 INFO c.h.h.t.HelmChartContainer - [hivemq-test-hivemq-platform] [hivemq-platform-operator] [04b9bc17] 23:35:31.945 [ReconcilerExecutor-hivemq-controller-123] DEBUG c.h.p.o.HiveMQPlatformReconciler - [helmcont] Custom Resource Status ROLLING_RESTART - HiveMQ Platform is starting a surge Pod (rolling restart) (SURGE_IN_PROGRESS)
2025-01-28 23:35:31,947 INFO c.h.h.t.HelmChartContainer - [hivemq-test-hivemq-platform] [hivemq-platform-operator] [04b9bc17] 23:35:31.945 [ReconcilerExecutor-hivemq-controller-123] DEBUG c.h.p.o.HiveMQPlatformReconciler - [helmcont] Custom Resource Spec (replicas: 1) (extensions: 1)
2025-01-28 23:35:31,947 INFO c.h.h.t.HelmChartContainer - [hivemq-test-hivemq-platform] [hivemq-platform-operator] [04b9bc17] 23:35:31.946 [ReconcilerExecutor-hivemq-controller-123] DEBUG c.h.p.o.HiveMQPlatformReconciler - [helmcont] StatefulSet Status (revision: test-hivemq-platform-579f489c45, replicas: 2, available: 1, ready: 1, current: 1, updated: 1)
2025-01-28 23:35:31,947 INFO c.h.h.t.HelmChartContainer - [hivemq-test-hivemq-platform] [hivemq-platform-operator] [04b9bc17] 23:35:31.946 [ReconcilerExecutor-hivemq-controller-123] DEBUG c.h.p.o.HiveMQPlatformReconciler - [helmcont] StatefulSet Spec (replicas: 2, init containers: 1, containers: 1, volumes: 3)
2025-01-28 23:35:31,948 INFO c.h.h.t.HelmChartContainer - [hivemq-test-hivemq-platform] [hivemq-platform-operator] [04b9bc17] 23:35:31.947 [ReconcilerExecutor-hivemq-controller-123] DEBUG c.h.p.o.h.HiveMQPlatformReconcilerErrorHandler - [helmcont] Pod 'test-hivemq-platform-1' phase Running
2025-01-28 23:35:31,950 INFO c.h.h.t.HelmChartContainer - [hivemq-test-hivemq-platform] [hivemq-platform-operator] [04b9bc17] 23:35:31.949 [ReconcilerExecutor-hivemq-controller-123] DEBUG c.h.p.o.h.HiveMQPlatformReconcilerErrorHandler - [helmcont] Pod 'test-hivemq-platform-0' phase Running
2025-01-28 23:35:31,950 INFO c.h.h.t.HelmChartContainer - [hivemq-test-hivemq-platform] [hivemq-platform-operator] [04b9bc17] 23:35:31.950 [ReconcilerExecutor-hivemq-controller-123] DEBUG c.h.p.o.h.HiveMQPlatformReconcilerRollingRestartHandler - [helmcont] Rolling restart is waiting for 1 of 2 replicas
2025-01-28 23:35:32,610 INFO c.h.h.t.HelmChartContainer - [test-hivemq-platform] [hivemq] [337e2097] INFO  - Starting HiveMQ Enterprise Server
2025-01-28 23:35:32,615 INFO c.h.h.t.HelmChartContainer - [test-hivemq-platform] [hivemq] [337e2097] INFO  - HiveMQ version: 4.36.0
2025-01-28 23:35:32,615 INFO c.h.h.t.HelmChartContainer - [test-hivemq-platform] [hivemq] [337e2097] INFO  - HiveMQ home directory: /opt/hivemq
2025-01-28 23:35:32,616 INFO c.h.h.t.HelmChartContainer - [test-hivemq-platform] [hivemq] [337e2097] INFO  - Log Configuration was overridden by /opt/hivemq/conf/logback.xml
2025-01-28 23:35:33,814 INFO c.h.h.t.HelmChartContainer - [test-hivemq-platform] [hivemq] [337e2097] INFO  - Successfully loaded configuration from '/opt/hivemq/conf-k8s/config.xml'.
2025-01-28 23:35:34,216 INFO c.h.h.t.HelmChartContainer - [test-hivemq-platform] [hivemq] [337e2097] INFO  - This node's ID is MJTHJ
2025-01-28 23:35:34,216 INFO c.h.h.t.HelmChartContainer - [test-hivemq-platform] [hivemq] [337e2097] INFO  - Clustering is enabled
2025-01-28 23:35:37,203 INFO c.h.h.t.HelmChartContainer - [test-hivemq-platform] [hivemq] [337e2097] WARN  - [HiveMQ Platform Operator Init App 1.7.0-SNAPSHOT] Cannot connect to Health API for readiness: null
2025-01-28 23:35:37,208 INFO c.h.h.t.HelmChartContainer - [EVENT] Warning [Unhealthy] Readiness probe failed: HTTP probe failed with statuscode: 503 [helmcontainersecuritycontextupgradeplatformit:test-hivemq-platform-1]
2025-01-28 23:35:37,208 INFO c.h.h.t.HelmChartContainer - Received Unhealthy event for container hivemq in pod test-hivemq-platform-1 [337e2097-70c0-4d76-a5ea-32ed094851b3]
2025-01-28 23:35:39,203 INFO c.h.h.t.HelmChartContainer - [test-hivemq-platform] [hivemq] [337e2097] WARN  - [HiveMQ Platform Operator Init App 1.7.0-SNAPSHOT] Cannot connect to Health API for liveness: null
2025-01-28 23:35:39,203 INFO c.h.h.t.HelmChartContainer - [test-hivemq-platform] [hivemq] [337e2097] INFO  - [HiveMQ Platform Operator Init App 1.7.0-SNAPSHOT] Returning default Health API response 200 for liveness
2025-01-28 23:35:41,956 INFO c.h.h.t.HelmChartContainer - [hivemq-test-hivemq-platform] [hivemq-platform-operator] [04b9bc17] 23:35:41.953 [pool-6-thread-12] DEBUG c.h.p.o.dependants.PodInfoConfigMap - [helmcont] Desired PodInfo ConfigMap (1 extensions) (1 enabled)
2025-01-28 23:35:41,956 INFO c.h.h.t.HelmChartContainer - [hivemq-test-hivemq-platform] [hivemq-platform-operator] [04b9bc17] 23:35:41.953 [pool-6-thread-12] DEBUG c.h.p.o.dependants.PodInfoConfigMap - [helmcont] Desired PodInfo ConfigMap (metrics port: 9399) (metrics path: /)
2025-01-28 23:35:41,956 INFO c.h.h.t.HelmChartContainer - [hivemq-test-hivemq-platform] [hivemq-platform-operator] [04b9bc17] 23:35:41.953 [pool-6-thread-12] DEBUG c.h.p.o.dependants.PodInfoConfigMap - [helmcont] Desired PodInfo ConfigMap (extension state hash: -1817474005)
2025-01-28 23:35:41,956 INFO c.h.h.t.HelmChartContainer - [hivemq-test-hivemq-platform] [hivemq-platform-operator] [04b9bc17] 23:35:41.953 [pool-6-thread-11] DEBUG c.h.p.o.d.PodServiceAccountResource - [helmcont] Desired PodServiceAccountResource (serviceAccountName: hivemq-platform-pod-test-hivemq-platform)
2025-01-28 23:35:41,956 INFO c.h.h.t.HelmChartContainer - [hivemq-test-hivemq-platform] [hivemq-platform-operator] [04b9bc17] 23:35:41.952 [pool-6-thread-20] DEBUG c.h.p.o.d.PlatformServiceResource - [helmcont] Desired Platform services (3 services)
2025-01-28 23:35:41,973 INFO c.h.h.t.HelmChartContainer - [test-hivemq-platform] [hivemq] [337e2097] WARN  - [HiveMQ Platform Operator Init App 1.7.0-SNAPSHOT] Cannot connect to Health API for readiness: null
2025-01-28 23:35:41,978 INFO c.h.h.t.HelmChartContainer - [EVENT] Warning [Unhealthy] Readiness probe failed: HTTP probe failed with statuscode: 503 [helmcontainersecuritycontextupgradeplatformit:test-hivemq-platform-1]
2025-01-28 23:35:41,978 INFO c.h.h.t.HelmChartContainer - Received Unhealthy event for container hivemq in pod test-hivemq-platform-1 [337e2097-70c0-4d76-a5ea-32ed094851b3]
2025-01-28 23:35:41,990 INFO c.h.h.t.HelmChartContainer - [hivemq-test-hivemq-platform] [hivemq-platform-operator] [04b9bc17] 23:35:41.989 [pool-6-thread-20] DEBUG c.h.p.o.d.StatefulSetResource - [helmcont] Desired StatefulSet (2 replicas) for status ROLLING_RESTART (SURGE_IN_PROGRESS)
2025-01-28 23:35:42,027 INFO c.h.h.t.HelmChartContainer - [hivemq-test-hivemq-platform] [hivemq-platform-operator] [04b9bc17] 23:35:42.025 [ReconcilerExecutor-hivemq-controller-124] INFO  c.h.p.o.HiveMQPlatformReconciler - [helmcont] Reconciling HiveMQ Platform 'test-hivemq-platform' in namespace 'helmcontainersecuritycontextupgradeplatformit'
2025-01-28 23:35:42,028 INFO c.h.h.t.HelmChartContainer - [hivemq-test-hivemq-platform] [hivemq-platform-operator] [04b9bc17] 23:35:42.026 [ReconcilerExecutor-hivemq-controller-124] DEBUG c.h.p.o.HiveMQPlatformReconciler - [helmcont] Custom Resource Status ROLLING_RESTART - HiveMQ Platform is starting a surge Pod (rolling restart) (SURGE_IN_PROGRESS)
2025-01-28 23:35:42,028 INFO c.h.h.t.HelmChartContainer - [hivemq-test-hivemq-platform] [hivemq-platform-operator] [04b9bc17] 23:35:42.026 [ReconcilerExecutor-hivemq-controller-124] DEBUG c.h.p.o.HiveMQPlatformReconciler - [helmcont] Custom Resource Spec (replicas: 1) (extensions: 1)
2025-01-28 23:35:42,029 INFO c.h.h.t.HelmChartContainer - [hivemq-test-hivemq-platform] [hivemq-platform-operator] [04b9bc17] 23:35:42.028 [ReconcilerExecutor-hivemq-controller-124] DEBUG c.h.p.o.HiveMQPlatformReconciler - [helmcont] StatefulSet Status (revision: test-hivemq-platform-579f489c45, replicas: 2, available: 1, ready: 1, current: 1, updated: 1)
2025-01-28 23:35:42,029 INFO c.h.h.t.HelmChartContainer - [hivemq-test-hivemq-platform] [hivemq-platform-operator] [04b9bc17] 23:35:42.028 [ReconcilerExecutor-hivemq-controller-124] DEBUG c.h.p.o.HiveMQPlatformReconciler - [helmcont] StatefulSet Spec (replicas: 2, init containers: 1, containers: 1, volumes: 3)
2025-01-28 23:35:42,030 INFO c.h.h.t.HelmChartContainer - [hivemq-test-hivemq-platform] [hivemq-platform-operator] [04b9bc17] 23:35:42.029 [ReconcilerExecutor-hivemq-controller-124] DEBUG c.h.p.o.h.HiveMQPlatformReconcilerErrorHandler - [helmcont] Pod 'test-hivemq-platform-1' phase Running
2025-01-28 23:35:42,031 INFO c.h.h.t.HelmChartContainer - [hivemq-test-hivemq-platform] [hivemq-platform-operator] [04b9bc17] 23:35:42.030 [ReconcilerExecutor-hivemq-controller-124] DEBUG c.h.p.o.h.HiveMQPlatformReconcilerErrorHandler - [helmcont] Pod 'test-hivemq-platform-0' phase Running
2025-01-28 23:35:42,031 INFO c.h.h.t.HelmChartContainer - [hivemq-test-hivemq-platform] [hivemq-platform-operator] [04b9bc17] 23:35:42.031 [ReconcilerExecutor-hivemq-controller-124] DEBUG c.h.p.o.h.HiveMQPlatformReconcilerRollingRestartHandler - [helmcont] Rolling restart is waiting for 1 of 2 replicas
2025-01-28 23:35:47,004 INFO c.h.h.t.HelmChartContainer - [test-hivemq-platform] [hivemq] [337e2097] WARN  - [HiveMQ Platform Operator Init App 1.7.0-SNAPSHOT] Cannot connect to Health API for readiness: null
2025-01-28 23:35:47,009 INFO c.h.h.t.HelmChartContainer - [EVENT] Warning [Unhealthy] Readiness probe failed: HTTP probe failed with statuscode: 503 [helmcontainersecuritycontextupgradeplatformit:test-hivemq-platform-1]
2025-01-28 23:35:47,009 INFO c.h.h.t.HelmChartContainer - Received Unhealthy event for container hivemq in pod test-hivemq-platform-1 [337e2097-70c0-4d76-a5ea-32ed094851b3]
2025-01-28 23:35:47,976 INFO c.h.h.t.HelmChartContainer - [test-hivemq-platform] [hivemq] [337e2097] INFO  - No valid license file found. Using trial license, restricted to 25 connections.
2025-01-28 23:35:50,415 INFO c.h.h.t.HelmChartContainer - [test-hivemq-platform] [hivemq] [337e2097] INFO  - No valid license file for Data Hub found. Using free license, restricted to 1 policy.
2025-01-28 23:35:51,610 INFO c.h.h.t.HelmChartContainer - [test-hivemq-platform] [hivemq] [337e2097] INFO  - Audit Logger started.
2025-01-28 23:35:51,846 INFO c.h.h.t.HelmChartContainer - [test-hivemq-platform] [hivemq] [337e2097] INFO  - This node uses '1' CPU cores.
2025-01-28 23:35:51,901 INFO c.h.h.t.HelmChartContainer - [test-hivemq-platform] [hivemq] [337e2097] INFO  - Starting HiveMQ Health API on address 0.0.0.0 and port 8889
2025-01-28 23:35:51,916 INFO c.h.h.t.HelmChartContainer - [test-hivemq-platform] [hivemq] [337e2097] WARN  - [HiveMQ Platform Operator Init App 1.7.0-SNAPSHOT] Cannot connect to Health API for readiness: null
2025-01-28 23:35:51,920 INFO c.h.h.t.HelmChartContainer - [EVENT] Warning [Unhealthy] Readiness probe failed: HTTP probe failed with statuscode: 503 [helmcontainersecuritycontextupgradeplatformit:test-hivemq-platform-1]
2025-01-28 23:35:51,921 INFO c.h.h.t.HelmChartContainer - Received Unhealthy event for container hivemq in pod test-hivemq-platform-1 [337e2097-70c0-4d76-a5ea-32ed094851b3]
2025-01-28 23:35:52,036 INFO c.h.h.t.HelmChartContainer - [hivemq-test-hivemq-platform] [hivemq-platform-operator] [04b9bc17] 23:35:52.034 [pool-6-thread-30] DEBUG c.h.p.o.d.PlatformServiceResource - [helmcont] Desired Platform services (3 services)
2025-01-28 23:35:52,036 INFO c.h.h.t.HelmChartContainer - [hivemq-test-hivemq-platform] [hivemq-platform-operator] [04b9bc17] 23:35:52.034 [pool-6-thread-25] DEBUG c.h.p.o.dependants.PodInfoConfigMap - [helmcont] Desired PodInfo ConfigMap (1 extensions) (1 enabled)
2025-01-28 23:35:52,036 INFO c.h.h.t.HelmChartContainer - [hivemq-test-hivemq-platform] [hivemq-platform-operator] [04b9bc17] 23:35:52.034 [pool-6-thread-25] DEBUG c.h.p.o.dependants.PodInfoConfigMap - [helmcont] Desired PodInfo ConfigMap (metrics port: 9399) (metrics path: /)
2025-01-28 23:35:52,036 INFO c.h.h.t.HelmChartContainer - [hivemq-test-hivemq-platform] [hivemq-platform-operator] [04b9bc17] 23:35:52.034 [pool-6-thread-25] DEBUG c.h.p.o.dependants.PodInfoConfigMap - [helmcont] Desired PodInfo ConfigMap (extension state hash: -1817474005)
2025-01-28 23:35:52,037 INFO c.h.h.t.HelmChartContainer - [hivemq-test-hivemq-platform] [hivemq-platform-operator] [04b9bc17] 23:35:52.035 [pool-6-thread-25] DEBUG c.h.p.o.d.PodServiceAccountResource - [helmcont] Desired PodServiceAccountResource (serviceAccountName: hivemq-platform-pod-test-hivemq-platform)
2025-01-28 23:35:52,040 INFO c.h.h.t.HelmChartContainer - [hivemq-test-hivemq-platform] [hivemq-platform-operator] [04b9bc17] 23:35:52.040 [pool-6-thread-30] DEBUG c.h.p.o.d.StatefulSetResource - [helmcont] Desired StatefulSet (2 replicas) for status ROLLING_RESTART (SURGE_IN_PROGRESS)
2025-01-28 23:35:52,046 INFO c.h.h.t.HelmChartContainer - [hivemq-test-hivemq-platform] [hivemq-platform-operator] [04b9bc17] 23:35:52.043 [ReconcilerExecutor-hivemq-controller-125] INFO  c.h.p.o.HiveMQPlatformReconciler - [helmcont] Reconciling HiveMQ Platform 'test-hivemq-platform' in namespace 'helmcontainersecuritycontextupgradeplatformit'
2025-01-28 23:35:52,047 INFO c.h.h.t.HelmChartContainer - [hivemq-test-hivemq-platform] [hivemq-platform-operator] [04b9bc17] 23:35:52.043 [ReconcilerExecutor-hivemq-controller-125] DEBUG c.h.p.o.HiveMQPlatformReconciler - [helmcont] Custom Resource Status ROLLING_RESTART - HiveMQ Platform is starting a surge Pod (rolling restart) (SURGE_IN_PROGRESS)
2025-01-28 23:35:52,047 INFO c.h.h.t.HelmChartContainer - [hivemq-test-hivemq-platform] [hivemq-platform-operator] [04b9bc17] 23:35:52.043 [ReconcilerExecutor-hivemq-controller-125] DEBUG c.h.p.o.HiveMQPlatformReconciler - [helmcont] Custom Resource Spec (replicas: 1) (extensions: 1)
2025-01-28 23:35:52,048 INFO c.h.h.t.HelmChartContainer - [hivemq-test-hivemq-platform] [hivemq-platform-operator] [04b9bc17] 23:35:52.044 [ReconcilerExecutor-hivemq-controller-125] DEBUG c.h.p.o.HiveMQPlatformReconciler - [helmcont] StatefulSet Status (revision: test-hivemq-platform-579f489c45, replicas: 2, available: 1, ready: 1, current: 1, updated: 1)
2025-01-28 23:35:52,048 INFO c.h.h.t.HelmChartContainer - [hivemq-test-hivemq-platform] [hivemq-platform-operator] [04b9bc17] 23:35:52.044 [ReconcilerExecutor-hivemq-controller-125] DEBUG c.h.p.o.HiveMQPlatformReconciler - [helmcont] StatefulSet Spec (replicas: 2, init containers: 1, containers: 1, volumes: 3)
2025-01-28 23:35:52,048 INFO c.h.h.t.HelmChartContainer - [hivemq-test-hivemq-platform] [hivemq-platform-operator] [04b9bc17] 23:35:52.045 [ReconcilerExecutor-hivemq-controller-125] DEBUG c.h.p.o.h.HiveMQPlatformReconcilerErrorHandler - [helmcont] Pod 'test-hivemq-platform-1' phase Running
2025-01-28 23:35:52,049 INFO c.h.h.t.HelmChartContainer - [hivemq-test-hivemq-platform] [hivemq-platform-operator] [04b9bc17] 23:35:52.046 [ReconcilerExecutor-hivemq-controller-125] DEBUG c.h.p.o.h.HiveMQPlatformReconcilerErrorHandler - [helmcont] Pod 'test-hivemq-platform-0' phase Running
2025-01-28 23:35:52,050 INFO c.h.h.t.HelmChartContainer - [hivemq-test-hivemq-platform] [hivemq-platform-operator] [04b9bc17] 23:35:52.047 [ReconcilerExecutor-hivemq-controller-125] DEBUG c.h.p.o.h.HiveMQPlatformReconcilerRollingRestartHandler - [helmcont] Rolling restart is waiting for 1 of 2 replicas
2025-01-28 23:35:52,774 INFO c.h.h.t.HelmChartContainer - [test-hivemq-platform] [hivemq] [337e2097] INFO  - Started HiveMQ Health API in 873ms
2025-01-28 23:35:53,413 INFO c.h.h.t.HelmChartContainer - [test-hivemq-platform] [hivemq] [337e2097] INFO  - Starting HiveMQ extension system.
2025-01-28 23:35:53,672 INFO c.h.h.t.HelmChartContainer - [test-hivemq-platform] [hivemq] [337e2097] INFO  - Starting extension with id "hivemq-dns-cluster-discovery" at /opt/hivemq/extensions/hivemq-dns-cluster-discovery
2025-01-28 23:35:54,308 INFO c.h.h.t.HelmChartContainer - [test-hivemq-platform] [hivemq] [337e2097] INFO  - Extension "DNS Cluster Discovery Extension" version 4.3.2 started successfully.
2025-01-28 23:35:54,309 INFO c.h.h.t.HelmChartContainer - [test-hivemq-platform] [hivemq] [337e2097] INFO  - Starting extension with id "hivemq-prometheus-extension" at /opt/hivemq/extensions/hivemq-prometheus-extension
2025-01-28 23:35:54,702 INFO c.h.h.t.HelmChartContainer - [test-hivemq-platform] [hivemq] [337e2097] INFO  - Using TCP cluster transport on address 10.42.0.7 and port 7000
2025-01-28 23:35:54,709 INFO c.h.h.t.HelmChartContainer - [test-hivemq-platform] [hivemq] [337e2097] INFO  - Using extension cluster discovery
2025-01-28 23:35:55,404 INFO c.h.h.t.HelmChartContainer - [test-hivemq-platform] [hivemq] [337e2097] INFO  - Started Jetty Server exposing Prometheus Servlet on URI http://0.0.0.0:9399/
2025-01-28 23:35:55,405 INFO c.h.h.t.HelmChartContainer - [test-hivemq-platform] [hivemq] [337e2097] INFO  - Extension "Prometheus Monitoring Extension" version 4.0.12 started successfully.
2025-01-28 23:35:55,406 INFO c.h.h.t.HelmChartContainer - [test-hivemq-platform] [hivemq] [337e2097] INFO  - Starting extension with id "hivemq-allow-all-extension" at /opt/hivemq/extensions/hivemq-allow-all-extension
2025-01-28 23:35:55,407 INFO c.h.h.t.HelmChartContainer - [test-hivemq-platform] [hivemq] [337e2097] WARN  - 
2025-01-28 23:35:55,407 INFO c.h.h.t.HelmChartContainer - [test-hivemq-platform] [hivemq] [337e2097] ################################################################################################################
2025-01-28 23:35:55,407 INFO c.h.h.t.HelmChartContainer - [test-hivemq-platform] [hivemq] [337e2097] # This HiveMQ deployment is not secure! You are lacking Authentication and Authorization.                      #
2025-01-28 23:35:55,407 INFO c.h.h.t.HelmChartContainer - [test-hivemq-platform] [hivemq] [337e2097] # Right now any MQTT client can connect to the broker with a full set of permissions.                          #
2025-01-28 23:35:55,407 INFO c.h.h.t.HelmChartContainer - [test-hivemq-platform] [hivemq] [337e2097] # For production usage, add an appropriate security extension and remove the hivemq-allow-all extension.       #
2025-01-28 23:35:55,408 INFO c.h.h.t.HelmChartContainer - [test-hivemq-platform] [hivemq] [337e2097] # You can download security extensions from the HiveMQ Marketplace (https://www.hivemq.com/extensions/).       #
2025-01-28 23:35:55,408 INFO c.h.h.t.HelmChartContainer - [test-hivemq-platform] [hivemq] [337e2097] ################################################################################################################
2025-01-28 23:35:55,408 INFO c.h.h.t.HelmChartContainer - [test-hivemq-platform] [hivemq] [337e2097] INFO  - Extension "Allow All Extension" version 1.1.1 started successfully.
2025-01-28 23:35:55,511 INFO c.h.h.t.HelmChartContainer - [test-hivemq-platform] [hivemq] [a6abb940] INFO  - Cluster nodes found by discovery: [hyn55|1] (2) [hyn55, MJTHJ].
2025-01-28 23:35:55,602 INFO c.h.h.t.HelmChartContainer - [test-hivemq-platform] [hivemq] [337e2097] INFO  - Cluster nodes found by discovery: [hyn55|1] (2) [hyn55, MJTHJ].
2025-01-28 23:35:55,714 INFO c.h.h.t.HelmChartContainer - [test-hivemq-platform] [hivemq] [337e2097] INFO  - Cluster size = 1, members : [hyn55].
2025-01-28 23:35:56,140 INFO c.h.h.t.HelmChartContainer - [test-hivemq-platform] [hivemq] [337e2097] INFO  - Starting cluster join process. This may take a while. Please do not shut down HiveMQ.
2025-01-28 23:35:56,142 INFO c.h.h.t.HelmChartContainer - [test-hivemq-platform] [hivemq] [337e2097] INFO  - Cluster join process is still ongoing. Please do not shut down HiveMQ.
2025-01-28 23:35:57,313 INFO c.h.h.t.HelmChartContainer - [test-hivemq-platform] [hivemq] [337e2097] INFO  - [HiveMQ Platform Operator Init App 1.7.0-SNAPSHOT] Returning Health API response 503 for readiness
2025-01-28 23:35:57,319 INFO c.h.h.t.HelmChartContainer - [EVENT] Warning [Unhealthy] Readiness probe failed: HTTP probe failed with statuscode: 503 [helmcontainersecuritycontextupgradeplatformit:test-hivemq-platform-1]
2025-01-28 23:35:57,319 INFO c.h.h.t.HelmChartContainer - Received Unhealthy event for container hivemq in pod test-hivemq-platform-1 [337e2097-70c0-4d76-a5ea-32ed094851b3]
2025-01-28 23:35:58,152 INFO c.h.h.t.HelmChartContainer - [test-hivemq-platform] [hivemq] [a6abb940] INFO  - Cluster size = 2, members : [MJTHJ, hyn55].
2025-01-28 23:35:58,164 INFO c.h.h.t.HelmChartContainer - [test-hivemq-platform] [hivemq] [337e2097] INFO  - Cluster size = 2, members : [MJTHJ, hyn55].
2025-01-28 23:35:58,169 INFO c.h.h.t.HelmChartContainer - [test-hivemq-platform] [hivemq] [337e2097] INFO  - Finished cluster join process successfully.
2025-01-28 23:35:58,172 INFO c.h.h.t.HelmChartContainer - [test-hivemq-platform] [hivemq] [337e2097] WARN  - No user for HiveMQ Control Center configured. Starting with default user
2025-01-28 23:35:58,173 INFO c.h.h.t.HelmChartContainer - [test-hivemq-platform] [hivemq] [337e2097] INFO  - Starting HiveMQ Control Center on address 0.0.0.0 and port 8080
2025-01-28 23:35:58,202 INFO c.h.h.t.HelmChartContainer - [test-hivemq-platform] [hivemq] [337e2097] INFO  - Mounting HiveMQ Control Center V2 Preview
2025-01-28 23:35:58,907 INFO c.h.h.t.HelmChartContainer - [test-hivemq-platform] [hivemq] [337e2097] INFO  - Started HiveMQ Control Center in 735ms
2025-01-28 23:35:58,926 INFO c.h.h.t.HelmChartContainer - [test-hivemq-platform] [hivemq] [337e2097] INFO  - Starting TCP listener on address 0.0.0.0 and port 1884
2025-01-28 23:35:59,012 INFO c.h.h.t.HelmChartContainer - [test-hivemq-platform] [hivemq] [337e2097] INFO  - Started TCP Listener on address 0.0.0.0 and on port 1884.
2025-01-28 23:35:59,012 INFO c.h.h.t.HelmChartContainer - [test-hivemq-platform] [hivemq] [337e2097] INFO  - Started HiveMQ in 26703ms
2025-01-28 23:36:01,917 INFO c.h.h.t.HelmChartContainer - [test-hivemq-platform] [hivemq] [337e2097] INFO  - [HiveMQ Platform Operator Init App 1.7.0-SNAPSHOT] Returning Health API response 200 for readiness
2025-01-28 23:36:01,931 INFO c.h.h.t.HelmChartContainer - [POD] test-hivemq-platform-1 [337e2097-70c0-4d76-a5ea-32ed094851b3] in helmcontainersecuritycontextupgradeplatformit was MODIFIED
2025-01-28 23:36:01,948 INFO c.h.h.t.HelmChartContainer - [hivemq-test-hivemq-platform] [hivemq-platform-operator] [04b9bc17] 23:36:01.938 [pool-6-thread-38] DEBUG c.h.p.o.d.PlatformServiceResource - [helmcont] Desired Platform services (3 services)
2025-01-28 23:36:01,948 INFO c.h.h.t.HelmChartContainer - [hivemq-test-hivemq-platform] [hivemq-platform-operator] [04b9bc17] 23:36:01.939 [pool-6-thread-31] DEBUG c.h.p.o.dependants.PodInfoConfigMap - [helmcont] Desired PodInfo ConfigMap (1 extensions) (1 enabled)
2025-01-28 23:36:01,948 INFO c.h.h.t.HelmChartContainer - [hivemq-test-hivemq-platform] [hivemq-platform-operator] [04b9bc17] 23:36:01.939 [pool-6-thread-32] DEBUG c.h.p.o.d.PodServiceAccountResource - [helmcont] Desired PodServiceAccountResource (serviceAccountName: hivemq-platform-pod-test-hivemq-platform)
2025-01-28 23:36:01,948 INFO c.h.h.t.HelmChartContainer - [hivemq-test-hivemq-platform] [hivemq-platform-operator] [04b9bc17] 23:36:01.939 [pool-6-thread-31] DEBUG c.h.p.o.dependants.PodInfoConfigMap - [helmcont] Desired PodInfo ConfigMap (metrics port: 9399) (metrics path: /)
2025-01-28 23:36:01,948 INFO c.h.h.t.HelmChartContainer - [hivemq-test-hivemq-platform] [hivemq-platform-operator] [04b9bc17] 23:36:01.939 [pool-6-thread-31] DEBUG c.h.p.o.dependants.PodInfoConfigMap - [helmcont] Desired PodInfo ConfigMap (extension state hash: -1817474005)
2025-01-28 23:36:01,948 INFO c.h.h.t.HelmChartContainer - [hivemq-test-hivemq-platform] [hivemq-platform-operator] [04b9bc17] 23:36:01.942 [pool-6-thread-31] DEBUG c.h.p.o.d.StatefulSetResource - [helmcont] Desired StatefulSet (2 replicas) for status ROLLING_RESTART (SURGE_IN_PROGRESS)
2025-01-28 23:36:01,951 INFO c.h.h.t.HelmChartContainer - [hivemq-test-hivemq-platform] [hivemq-platform-operator] [04b9bc17] 23:36:01.945 [ReconcilerExecutor-hivemq-controller-126] INFO  c.h.p.o.HiveMQPlatformReconciler - [helmcont] Reconciling HiveMQ Platform 'test-hivemq-platform' in namespace 'helmcontainersecuritycontextupgradeplatformit'
2025-01-28 23:36:01,951 INFO c.h.h.t.HelmChartContainer - [hivemq-test-hivemq-platform] [hivemq-platform-operator] [04b9bc17] 23:36:01.945 [ReconcilerExecutor-hivemq-controller-126] DEBUG c.h.p.o.HiveMQPlatformReconciler - [helmcont] Custom Resource Status ROLLING_RESTART - HiveMQ Platform is starting a surge Pod (rolling restart) (SURGE_IN_PROGRESS)
2025-01-28 23:36:01,951 INFO c.h.h.t.HelmChartContainer - [hivemq-test-hivemq-platform] [hivemq-platform-operator] [04b9bc17] 23:36:01.945 [ReconcilerExecutor-hivemq-controller-126] DEBUG c.h.p.o.HiveMQPlatformReconciler - [helmcont] Custom Resource Spec (replicas: 1) (extensions: 1)
2025-01-28 23:36:01,951 INFO c.h.h.t.HelmChartContainer - [hivemq-test-hivemq-platform] [hivemq-platform-operator] [04b9bc17] 23:36:01.946 [ReconcilerExecutor-hivemq-controller-126] DEBUG c.h.p.o.HiveMQPlatformReconciler - [helmcont] StatefulSet Status (revision: test-hivemq-platform-579f489c45, replicas: 2, available: 2, ready: 2, current: 1, updated: 1)
2025-01-28 23:36:01,951 INFO c.h.h.t.HelmChartContainer - [hivemq-test-hivemq-platform] [hivemq-platform-operator] [04b9bc17] 23:36:01.946 [ReconcilerExecutor-hivemq-controller-126] DEBUG c.h.p.o.HiveMQPlatformReconciler - [helmcont] StatefulSet Spec (replicas: 2, init containers: 1, containers: 1, volumes: 3)
2025-01-28 23:36:01,951 INFO c.h.h.t.HelmChartContainer - [hivemq-test-hivemq-platform] [hivemq-platform-operator] [04b9bc17] 23:36:01.948 [ReconcilerExecutor-hivemq-controller-126] DEBUG c.h.p.o.h.HiveMQPlatformReconcilerErrorHandler - [helmcont] Pod 'test-hivemq-platform-1' phase Running
2025-01-28 23:36:01,959 INFO c.h.h.t.HelmChartContainer - [hivemq-test-hivemq-platform] [hivemq-platform-operator] [04b9bc17] 23:36:01.950 [ReconcilerExecutor-hivemq-controller-126] DEBUG c.h.p.o.h.HiveMQPlatformReconcilerErrorHandler - [helmcont] Pod 'test-hivemq-platform-0' phase Running
2025-01-28 23:36:01,959 INFO c.h.h.t.HelmChartContainer - [hivemq-test-hivemq-platform] [hivemq-platform-operator] [04b9bc17] 23:36:01.950 [ReconcilerExecutor-hivemq-controller-126] INFO  c.h.p.o.h.HiveMQPlatformReconcilerRollingRestartHandler - [helmcont] Surge Pod started successfully
2025-01-28 23:36:02,123 INFO c.h.h.t.HelmChartContainer - [hivemq-test-hivemq-platform] [hivemq-platform-operator] [04b9bc17] 23:36:02.122 [ReconcilerExecutor-hivemq-controller-126] DEBUG c.h.p.operator.event.EventSender - [helmcont] Creating K8s event rolling-restart-surge-in-progress: [RollingRestart] HiveMQ Platform is restarting Pods (rolling restart)
2025-01-28 23:36:02,127 INFO c.h.h.t.HelmChartContainer - [EVENT] Normal [RollingRestart] HiveMQ Platform is restarting Pods (rolling restart) [helmcontainersecuritycontextupgradeplatformit:test-hivemq-platform]
2025-01-28 23:36:02,129 INFO c.h.h.t.HelmChartContainer - [hivemq-test-hivemq-platform] [hivemq-platform-operator] [04b9bc17] 23:36:02.128 [ReconcilerExecutor-hivemq-controller-126] INFO  c.h.p.o.h.AbstractHiveMQReconcilerStateHandler - [helmcont] Update HiveMQ Platform Status (ROLLING_RESTART [SURGE_IN_PROGRESS] -> ROLLING_RESTART [RESTART_PODS_IN_PROGRESS]): HiveMQ Platform is restarting Pods (rolling restart)
2025-01-28 23:36:02,139 DEBUG com.hivemq.helmcharts.util.K8sUtil - Comparing actual state 'ROLLING_RESTART' and waiting for 'RUNNING'
2025-01-28 23:36:02,141 INFO c.h.h.t.HelmChartContainer - [hivemq-test-hivemq-platform] [hivemq-platform-operator] [04b9bc17] 23:36:02.139 [pool-6-thread-46] DEBUG c.h.p.o.d.PlatformServiceResource - [helmcont] Desired Platform services (3 services)
2025-01-28 23:36:02,142 INFO c.h.h.t.HelmChartContainer - [hivemq-test-hivemq-platform] [hivemq-platform-operator] [04b9bc17] 23:36:02.142 [pool-6-thread-45] DEBUG c.h.p.o.d.PodServiceAccountResource - [helmcont] Desired PodServiceAccountResource (serviceAccountName: hivemq-platform-pod-test-hivemq-platform)
2025-01-28 23:36:02,225 INFO c.h.h.t.HelmChartContainer - [hivemq-test-hivemq-platform] [hivemq-platform-operator] [04b9bc17] 23:36:02.223 [pool-6-thread-42] DEBUG c.h.p.o.dependants.PodInfoConfigMap - [helmcont] Desired PodInfo ConfigMap (1 extensions) (1 enabled)
2025-01-28 23:36:02,225 INFO c.h.h.t.HelmChartContainer - [hivemq-test-hivemq-platform] [hivemq-platform-operator] [04b9bc17] 23:36:02.223 [pool-6-thread-42] DEBUG c.h.p.o.dependants.PodInfoConfigMap - [helmcont] Desired PodInfo ConfigMap (metrics port: 9399) (metrics path: /)
2025-01-28 23:36:02,225 INFO c.h.h.t.HelmChartContainer - [hivemq-test-hivemq-platform] [hivemq-platform-operator] [04b9bc17] 23:36:02.223 [pool-6-thread-42] DEBUG c.h.p.o.dependants.PodInfoConfigMap - [helmcont] Desired PodInfo ConfigMap (extension state hash: -1817474005)
2025-01-28 23:36:02,227 INFO c.h.h.t.HelmChartContainer - [hivemq-test-hivemq-platform] [hivemq-platform-operator] [04b9bc17] 23:36:02.225 [pool-6-thread-42] DEBUG c.h.p.o.d.StatefulSetResource - [helmcont] Desired StatefulSet (2 replicas) for status ROLLING_RESTART (RESTART_PODS_IN_PROGRESS)
2025-01-28 23:36:02,230 INFO c.h.h.t.HelmChartContainer - [hivemq-test-hivemq-platform] [hivemq-platform-operator] [04b9bc17] 23:36:02.228 [ReconcilerExecutor-hivemq-controller-127] INFO  c.h.p.o.HiveMQPlatformReconciler - [helmcont] Reconciling HiveMQ Platform 'test-hivemq-platform' in namespace 'helmcontainersecuritycontextupgradeplatformit'
2025-01-28 23:36:02,230 INFO c.h.h.t.HelmChartContainer - [hivemq-test-hivemq-platform] [hivemq-platform-operator] [04b9bc17] 23:36:02.229 [ReconcilerExecutor-hivemq-controller-127] DEBUG c.h.p.o.HiveMQPlatformReconciler - [helmcont] Custom Resource Status ROLLING_RESTART - HiveMQ Platform is restarting Pods (rolling restart) (RESTART_PODS_IN_PROGRESS)
2025-01-28 23:36:02,230 INFO c.h.h.t.HelmChartContainer - [hivemq-test-hivemq-platform] [hivemq-platform-operator] [04b9bc17] 23:36:02.229 [ReconcilerExecutor-hivemq-controller-127] DEBUG c.h.p.o.HiveMQPlatformReconciler - [helmcont] Custom Resource Spec (replicas: 1) (extensions: 1)
2025-01-28 23:36:02,231 INFO c.h.h.t.HelmChartContainer - [hivemq-test-hivemq-platform] [hivemq-platform-operator] [04b9bc17] 23:36:02.231 [ReconcilerExecutor-hivemq-controller-127] DEBUG c.h.p.o.HiveMQPlatformReconciler - [helmcont] StatefulSet Status (revision: test-hivemq-platform-579f489c45, replicas: 2, available: 2, ready: 2, current: 1, updated: 1)
2025-01-28 23:36:02,231 INFO c.h.h.t.HelmChartContainer - [hivemq-test-hivemq-platform] [hivemq-platform-operator] [04b9bc17] 23:36:02.231 [ReconcilerExecutor-hivemq-controller-127] DEBUG c.h.p.o.HiveMQPlatformReconciler - [helmcont] StatefulSet Spec (replicas: 2, init containers: 1, containers: 1, volumes: 3)
2025-01-28 23:36:02,233 INFO c.h.h.t.HelmChartContainer - [hivemq-test-hivemq-platform] [hivemq-platform-operator] [04b9bc17] 23:36:02.232 [ReconcilerExecutor-hivemq-controller-127] DEBUG c.h.p.o.h.HiveMQPlatformReconcilerErrorHandler - [helmcont] Pod 'test-hivemq-platform-1' phase Running
2025-01-28 23:36:02,234 INFO c.h.h.t.HelmChartContainer - [hivemq-test-hivemq-platform] [hivemq-platform-operator] [04b9bc17] 23:36:02.233 [ReconcilerExecutor-hivemq-controller-127] DEBUG c.h.p.o.h.HiveMQPlatformReconcilerErrorHandler - [helmcont] Pod 'test-hivemq-platform-0' phase Running
2025-01-28 23:36:02,240 INFO c.h.h.t.HelmChartContainer - [hivemq-test-hivemq-platform] [hivemq-platform-operator] [04b9bc17] 23:36:02.240 [ReconcilerExecutor-hivemq-controller-127] DEBUG c.h.p.o.h.HiveMQPlatformReconcilerRollingRestartHandler - [helmcont] Skipping Pod test-hivemq-platform-1 as it's already on the controller update revision (update revision: test-hivemq-platform-579f489c45, pod revision: test-hivemq-platform-579f489c45)
2025-01-28 23:36:02,342 INFO c.h.h.t.HelmChartContainer - [hivemq-test-hivemq-platform] [hivemq-platform-operator] [04b9bc17] 23:36:02.337 [ReconcilerExecutor-hivemq-controller-127] DEBUG c.h.p.o.h.HiveMQPlatformReconcilerRollingRestartHandler - [helmcont] The last Pod is running for 54 seconds, the next Pod can be restarted
2025-01-28 23:36:02,342 INFO c.h.h.t.HelmChartContainer - [hivemq-test-hivemq-platform] [hivemq-platform-operator] [04b9bc17] 23:36:02.338 [ReconcilerExecutor-hivemq-controller-127] INFO  c.h.p.o.h.HiveMQPlatformReconcilerRollingRestartHandler - [helmcont] Restarting Pod test-hivemq-platform-0 as it's not matching the controller update revision (update revision: test-hivemq-platform-579f489c45, pod revision: test-hivemq-platform-5fb49467b6)
2025-01-28 23:36:02,363 INFO c.h.h.t.HelmChartContainer - [EVENT] Normal [Killing] Stopping container hivemq [helmcontainersecuritycontextupgradeplatformit:test-hivemq-platform-0]
2025-01-28 23:36:02,363 INFO c.h.h.t.HelmChartContainer - Received Killing event for container hivemq in pod test-hivemq-platform-0 [a6abb940-f61c-4e65-ac72-e024bfc9ef42]
2025-01-28 23:36:02,363 INFO c.h.h.t.HelmChartContainer - Container [test-hivemq-platform-0] [hivemq] [a6abb940-f61c-4e65-ac72-e024bfc9ef42] was terminated
2025-01-28 23:36:02,365 INFO c.h.h.t.HelmChartContainer - [POD] test-hivemq-platform-0 [a6abb940-f61c-4e65-ac72-e024bfc9ef42] in helmcontainersecuritycontextupgradeplatformit was MODIFIED
2025-01-28 23:36:02,368 INFO c.h.h.t.HelmChartContainer - Stopped log watcher for hivemq in pod test-hivemq-platform-0 [a6abb940-f61c-4e65-ac72-e024bfc9ef42]
2025-01-28 23:36:02,377 INFO c.h.h.t.HelmChartContainer - [test-hivemq-platform] [hivemq] [a6abb940] INFO  - [HiveMQ Platform Operator Init App 1.7.0-SNAPSHOT] Shutting down
2025-01-28 23:36:02,377 INFO c.h.h.t.HelmChartContainer - [test-hivemq-platform] [hivemq] [a6abb940] INFO  - [HiveMQ Platform Operator Init App 1.7.0-SNAPSHOT] Stopping the HiveMQ Platform
2025-01-28 23:36:02,435 INFO c.h.h.t.HelmChartContainer - [hivemq-test-hivemq-platform] [hivemq-platform-operator] [04b9bc17] 23:36:02.431 [pool-6-thread-2] DEBUG c.h.p.o.d.PlatformServiceResource - [helmcont] Desired Platform services (3 services)
2025-01-28 23:36:02,435 INFO c.h.h.t.HelmChartContainer - [hivemq-test-hivemq-platform] [hivemq-platform-operator] [04b9bc17] 23:36:02.434 [pool-6-thread-1] DEBUG c.h.p.o.d.PodServiceAccountResource - [helmcont] Desired PodServiceAccountResource (serviceAccountName: hivemq-platform-pod-test-hivemq-platform)
2025-01-28 23:36:02,437 INFO c.h.h.t.HelmChartContainer - [hivemq-test-hivemq-platform] [hivemq-platform-operator] [04b9bc17] 23:36:02.432 [pool-6-thread-10] DEBUG c.h.p.o.dependants.PodInfoConfigMap - [helmcont] Desired PodInfo ConfigMap (1 extensions) (1 enabled)
2025-01-28 23:36:02,437 INFO c.h.h.t.HelmChartContainer - [hivemq-test-hivemq-platform] [hivemq-platform-operator] [04b9bc17] 23:36:02.435 [pool-6-thread-10] DEBUG c.h.p.o.dependants.PodInfoConfigMap - [helmcont] Desired PodInfo ConfigMap (metrics port: 9399) (metrics path: /)
2025-01-28 23:36:02,437 INFO c.h.h.t.HelmChartContainer - [hivemq-test-hivemq-platform] [hivemq-platform-operator] [04b9bc17] 23:36:02.435 [pool-6-thread-10] DEBUG c.h.p.o.dependants.PodInfoConfigMap - [helmcont] Desired PodInfo ConfigMap (extension state hash: -1817474005)
2025-01-28 23:36:02,441 INFO c.h.h.t.HelmChartContainer - [hivemq-test-hivemq-platform] [hivemq-platform-operator] [04b9bc17] 23:36:02.441 [pool-6-thread-10] DEBUG c.h.p.o.d.StatefulSetResource - [helmcont] Desired StatefulSet (2 replicas) for status ROLLING_RESTART (RESTART_PODS_IN_PROGRESS)
2025-01-28 23:36:02,524 INFO c.h.h.t.HelmChartContainer - [hivemq-test-hivemq-platform] [hivemq-platform-operator] [04b9bc17] 23:36:02.522 [ReconcilerExecutor-hivemq-controller-128] INFO  c.h.p.o.HiveMQPlatformReconciler - [helmcont] Reconciling HiveMQ Platform 'test-hivemq-platform' in namespace 'helmcontainersecuritycontextupgradeplatformit'
2025-01-28 23:36:02,524 INFO c.h.h.t.HelmChartContainer - [hivemq-test-hivemq-platform] [hivemq-platform-operator] [04b9bc17] 23:36:02.522 [ReconcilerExecutor-hivemq-controller-128] DEBUG c.h.p.o.HiveMQPlatformReconciler - [helmcont] Custom Resource Status ROLLING_RESTART - HiveMQ Platform is restarting Pods (rolling restart) (RESTART_PODS_IN_PROGRESS)
2025-01-28 23:36:02,524 INFO c.h.h.t.HelmChartContainer - [hivemq-test-hivemq-platform] [hivemq-platform-operator] [04b9bc17] 23:36:02.522 [ReconcilerExecutor-hivemq-controller-128] DEBUG c.h.p.o.HiveMQPlatformReconciler - [helmcont] Custom Resource Spec (replicas: 1) (extensions: 1)
2025-01-28 23:36:02,525 INFO c.h.h.t.HelmChartContainer - [hivemq-test-hivemq-platform] [hivemq-platform-operator] [04b9bc17] 23:36:02.524 [ReconcilerExecutor-hivemq-controller-128] DEBUG c.h.p.o.HiveMQPlatformReconciler - [helmcont] StatefulSet Status (revision: test-hivemq-platform-579f489c45, replicas: 2, available: 2, ready: 2, current: 0, updated: 1)
2025-01-28 23:36:02,525 INFO c.h.h.t.HelmChartContainer - [hivemq-test-hivemq-platform] [hivemq-platform-operator] [04b9bc17] 23:36:02.524 [ReconcilerExecutor-hivemq-controller-128] DEBUG c.h.p.o.HiveMQPlatformReconciler - [helmcont] StatefulSet Spec (replicas: 2, init containers: 1, containers: 1, volumes: 3)
2025-01-28 23:36:02,531 INFO c.h.h.t.HelmChartContainer - [hivemq-test-hivemq-platform] [hivemq-platform-operator] [04b9bc17] 23:36:02.530 [ReconcilerExecutor-hivemq-controller-128] DEBUG c.h.p.o.h.HiveMQPlatformReconcilerErrorHandler - [helmcont] Pod 'test-hivemq-platform-1' phase Running
2025-01-28 23:36:02,533 INFO c.h.h.t.HelmChartContainer - [test-hivemq-platform] [hivemq] [a6abb940] INFO  - Shutting down HiveMQ. Please wait, this could take a while...
2025-01-28 23:36:02,535 INFO c.h.h.t.HelmChartContainer - [hivemq-test-hivemq-platform] [hivemq-platform-operator] [04b9bc17] 23:36:02.534 [ReconcilerExecutor-hivemq-controller-128] DEBUG c.h.p.o.h.HiveMQPlatformReconcilerErrorHandler - [helmcont] Pod 'test-hivemq-platform-0' phase Running
2025-01-28 23:36:02,538 INFO c.h.h.t.HelmChartContainer - [test-hivemq-platform] [hivemq] [a6abb940] INFO  - Shutting down listeners and clients
2025-01-28 23:36:02,541 INFO c.h.h.t.HelmChartContainer - [test-hivemq-platform] [hivemq] [a6abb940] INFO  - Shutdown of listeners is done
2025-01-28 23:36:02,541 INFO c.h.h.t.HelmChartContainer - [test-hivemq-platform] [hivemq] [a6abb940] INFO  - No clients are connected, proceeding with shutdown
2025-01-28 23:36:02,545 INFO c.h.h.t.HelmChartContainer - [hivemq-test-hivemq-platform] [hivemq-platform-operator] [04b9bc17] 23:36:02.544 [ReconcilerExecutor-hivemq-controller-128] DEBUG c.h.p.o.h.HiveMQPlatformReconcilerRollingRestartHandler - [helmcont] Skipping Pod test-hivemq-platform-1 as it's already on the controller update revision (update revision: test-hivemq-platform-579f489c45, pod revision: test-hivemq-platform-579f489c45)
2025-01-28 23:36:02,632 INFO c.h.h.t.HelmChartContainer - [hivemq-test-hivemq-platform] [hivemq-platform-operator] [04b9bc17] 23:36:02.631 [ReconcilerExecutor-hivemq-controller-128] DEBUG c.h.p.o.h.HiveMQPlatformReconcilerRollingRestartHandler - [helmcont] The last Pod is running for 54 seconds, the next Pod can be restarted
2025-01-28 23:36:02,632 INFO c.h.h.t.HelmChartContainer - [hivemq-test-hivemq-platform] [hivemq-platform-operator] [04b9bc17] 23:36:02.631 [ReconcilerExecutor-hivemq-controller-128] INFO  c.h.p.o.h.HiveMQPlatformReconcilerRollingRestartHandler - [helmcont] Restarting Pod test-hivemq-platform-0 as it's not matching the controller update revision (update revision: test-hivemq-platform-579f489c45, pod revision: test-hivemq-platform-5fb49467b6)
2025-01-28 23:36:02,641 INFO c.h.h.t.HelmChartContainer - [hivemq-test-hivemq-platform] [hivemq-platform-operator] [04b9bc17] 23:36:02.638 [pool-6-thread-11] DEBUG c.h.p.o.d.PlatformServiceResource - [helmcont] Desired Platform services (3 services)
2025-01-28 23:36:02,641 INFO c.h.h.t.HelmChartContainer - [hivemq-test-hivemq-platform] [hivemq-platform-operator] [04b9bc17] 23:36:02.638 [pool-6-thread-18] DEBUG c.h.p.o.dependants.PodInfoConfigMap - [helmcont] Desired PodInfo ConfigMap (1 extensions) (1 enabled)
2025-01-28 23:36:02,641 INFO c.h.h.t.HelmChartContainer - [hivemq-test-hivemq-platform] [hivemq-platform-operator] [04b9bc17] 23:36:02.638 [pool-6-thread-18] DEBUG c.h.p.o.dependants.PodInfoConfigMap - [helmcont] Desired PodInfo ConfigMap (metrics port: 9399) (metrics path: /)
2025-01-28 23:36:02,641 INFO c.h.h.t.HelmChartContainer - [hivemq-test-hivemq-platform] [hivemq-platform-operator] [04b9bc17] 23:36:02.638 [pool-6-thread-18] DEBUG c.h.p.o.dependants.PodInfoConfigMap - [helmcont] Desired PodInfo ConfigMap (extension state hash: -1817474005)
2025-01-28 23:36:02,641 INFO c.h.h.t.HelmChartContainer - [hivemq-test-hivemq-platform] [hivemq-platform-operator] [04b9bc17] 23:36:02.638 [pool-6-thread-14] DEBUG c.h.p.o.d.PodServiceAccountResource - [helmcont] Desired PodServiceAccountResource (serviceAccountName: hivemq-platform-pod-test-hivemq-platform)
2025-01-28 23:36:02,643 INFO c.h.h.t.HelmChartContainer - [hivemq-test-hivemq-platform] [hivemq-platform-operator] [04b9bc17] 23:36:02.642 [pool-6-thread-11] DEBUG c.h.p.o.d.StatefulSetResource - [helmcont] Desired StatefulSet (2 replicas) for status ROLLING_RESTART (RESTART_PODS_IN_PROGRESS)
2025-01-28 23:36:02,694 INFO c.h.h.t.HelmChartContainer - [hivemq-test-hivemq-platform] [hivemq-platform-operator] [04b9bc17] 23:36:02.693 [ReconcilerExecutor-hivemq-controller-129] INFO  c.h.p.o.HiveMQPlatformReconciler - [helmcont] Reconciling HiveMQ Platform 'test-hivemq-platform' in namespace 'helmcontainersecuritycontextupgradeplatformit'
2025-01-28 23:36:02,694 INFO c.h.h.t.HelmChartContainer - [hivemq-test-hivemq-platform] [hivemq-platform-operator] [04b9bc17] 23:36:02.694 [ReconcilerExecutor-hivemq-controller-129] DEBUG c.h.p.o.HiveMQPlatformReconciler - [helmcont] Custom Resource Status ROLLING_RESTART - HiveMQ Platform is restarting Pods (rolling restart) (RESTART_PODS_IN_PROGRESS)
2025-01-28 23:36:02,694 INFO c.h.h.t.HelmChartContainer - [hivemq-test-hivemq-platform] [hivemq-platform-operator] [04b9bc17] 23:36:02.694 [ReconcilerExecutor-hivemq-controller-129] DEBUG c.h.p.o.HiveMQPlatformReconciler - [helmcont] Custom Resource Spec (replicas: 1) (extensions: 1)
2025-01-28 23:36:02,725 INFO c.h.h.t.HelmChartContainer - [hivemq-test-hivemq-platform] [hivemq-platform-operator] [04b9bc17] 23:36:02.724 [ReconcilerExecutor-hivemq-controller-129] DEBUG c.h.p.o.HiveMQPlatformReconciler - [helmcont] StatefulSet Status (revision: test-hivemq-platform-579f489c45, replicas: 2, available: 2, ready: 2, current: 0, updated: 1)
2025-01-28 23:36:02,725 INFO c.h.h.t.HelmChartContainer - [hivemq-test-hivemq-platform] [hivemq-platform-operator] [04b9bc17] 23:36:02.724 [ReconcilerExecutor-hivemq-controller-129] DEBUG c.h.p.o.HiveMQPlatformReconciler - [helmcont] StatefulSet Spec (replicas: 2, init containers: 1, containers: 1, volumes: 3)
2025-01-28 23:36:02,726 INFO c.h.h.t.HelmChartContainer - [hivemq-test-hivemq-platform] [hivemq-platform-operator] [04b9bc17] 23:36:02.725 [ReconcilerExecutor-hivemq-controller-129] DEBUG c.h.p.o.h.HiveMQPlatformReconcilerErrorHandler - [helmcont] Pod 'test-hivemq-platform-1' phase Running
2025-01-28 23:36:02,727 INFO c.h.h.t.HelmChartContainer - [hivemq-test-hivemq-platform] [hivemq-platform-operator] [04b9bc17] 23:36:02.726 [ReconcilerExecutor-hivemq-controller-129] DEBUG c.h.p.o.h.HiveMQPlatformReconcilerErrorHandler - [helmcont] Pod 'test-hivemq-platform-0' phase Running
2025-01-28 23:36:02,732 INFO c.h.h.t.HelmChartContainer - [hivemq-test-hivemq-platform] [hivemq-platform-operator] [04b9bc17] 23:36:02.732 [ReconcilerExecutor-hivemq-controller-129] DEBUG c.h.p.o.h.HiveMQPlatformReconcilerRollingRestartHandler - [helmcont] Skipping Pod test-hivemq-platform-1 as it's already on the controller update revision (update revision: test-hivemq-platform-579f489c45, pod revision: test-hivemq-platform-579f489c45)
2025-01-28 23:36:02,744 INFO c.h.h.t.HelmChartContainer - [hivemq-test-hivemq-platform] [hivemq-platform-operator] [04b9bc17] 23:36:02.743 [ReconcilerExecutor-hivemq-controller-129] DEBUG c.h.p.o.h.HiveMQPlatformReconcilerRollingRestartHandler - [helmcont] The last Pod is running for 54 seconds, the next Pod can be restarted
2025-01-28 23:36:02,744 INFO c.h.h.t.HelmChartContainer - [hivemq-test-hivemq-platform] [hivemq-platform-operator] [04b9bc17] 23:36:02.743 [ReconcilerExecutor-hivemq-controller-129] INFO  c.h.p.o.h.HiveMQPlatformReconcilerRollingRestartHandler - [helmcont] Restarting Pod test-hivemq-platform-0 as it's not matching the controller update revision (update revision: test-hivemq-platform-579f489c45, pod revision: test-hivemq-platform-5fb49467b6)
2025-01-28 23:36:03,043 INFO c.h.h.t.HelmChartContainer - [test-hivemq-platform] [hivemq] [a6abb940] INFO  - [HiveMQ Platform Operator Init App 1.7.0-SNAPSHOT] Returning shutdown Health API response 503 for readiness
2025-01-28 23:36:03,047 INFO c.h.h.t.HelmChartContainer - [EVENT] Warning [Unhealthy] Readiness probe failed: HTTP probe failed with statuscode: 503 [helmcontainersecuritycontextupgradeplatformit:test-hivemq-platform-0]
2025-01-28 23:36:03,047 INFO c.h.h.t.HelmChartContainer - Received Unhealthy event for container hivemq in pod test-hivemq-platform-0 [a6abb940-f61c-4e65-ac72-e024bfc9ef42]
2025-01-28 23:36:05,120 INFO c.h.h.t.HelmChartContainer - [test-hivemq-platform] [hivemq] [a6abb940] INFO  - Shutting down extension system
2025-01-28 23:36:05,126 INFO c.h.h.t.HelmChartContainer - [test-hivemq-platform] [hivemq] [a6abb940] INFO  - Stopping extension with id hivemq-dns-cluster-discovery
2025-01-28 23:36:05,127 INFO c.h.h.t.HelmChartContainer - [test-hivemq-platform] [hivemq] [a6abb940] INFO  - Extension "DNS Cluster Discovery Extension" version 4.3.2 stopped successfully.
2025-01-28 23:36:05,127 INFO c.h.h.t.HelmChartContainer - [test-hivemq-platform] [hivemq] [a6abb940] INFO  - Stopping extension with id hivemq-prometheus-extension
2025-01-28 23:36:05,131 INFO c.h.h.t.HelmChartContainer - [test-hivemq-platform] [hivemq] [a6abb940] INFO  - Extension "Prometheus Monitoring Extension" version 4.0.12 stopped successfully.
2025-01-28 23:36:05,132 INFO c.h.h.t.HelmChartContainer - [test-hivemq-platform] [hivemq] [a6abb940] INFO  - Stopping extension with id hivemq-allow-all-extension
2025-01-28 23:36:05,132 INFO c.h.h.t.HelmChartContainer - [test-hivemq-platform] [hivemq] [a6abb940] INFO  - Extension "Allow All Extension" version 1.1.1 stopped successfully.
2025-01-28 23:36:05,140 INFO c.h.h.t.HelmChartContainer - [test-hivemq-platform] [hivemq] [337e2097] INFO  - Cluster nodes found by discovery: [MJTHJ|2] (1) [MJTHJ].
2025-01-28 23:36:05,142 INFO c.h.h.t.HelmChartContainer - [test-hivemq-platform] [hivemq] [337e2097] INFO  - Cluster size = 1, members : [MJTHJ].
2025-01-28 23:36:07,428 INFO c.h.h.t.HelmChartContainer - [test-hivemq-platform] [hivemq] [a6abb940] INFO  - Shutdown completed.
2025-01-28 23:36:07,778 INFO c.h.h.t.HelmChartContainer - [test-hivemq-platform] [hivemq] [a6abb940] INFO  - [HiveMQ Platform Operator Init App 1.7.0-SNAPSHOT] The HiveMQ Platform exited with code 143
2025-01-28 23:36:07,778 INFO c.h.h.t.HelmChartContainer - [test-hivemq-platform] [hivemq] [a6abb940] INFO  - [HiveMQ Platform Operator Init App 1.7.0-SNAPSHOT] Stopping the REST API
2025-01-28 23:36:07,784 INFO c.h.h.t.HelmChartContainer - [test-hivemq-platform] [hivemq] [a6abb940] INFO  - [HiveMQ Platform Operator Init App 1.7.0-SNAPSHOT] Shutdown complete
2025-01-28 23:36:08,045 INFO c.h.h.t.HelmChartContainer - [EVENT] Warning [Unhealthy] Readiness probe failed: Get "http://10.42.0.6:7979/readiness": dial tcp 10.42.0.6:7979: connect: connection refused [helmcontainersecuritycontextupgradeplatformit:test-hivemq-platform-0]
2025-01-28 23:36:08,045 INFO c.h.h.t.HelmChartContainer - Received Unhealthy event for container hivemq in pod test-hivemq-platform-0 [a6abb940-f61c-4e65-ac72-e024bfc9ef42]
2025-01-28 23:36:08,281 INFO c.h.h.t.HelmChartContainer - [POD] test-hivemq-platform-0 [a6abb940-f61c-4e65-ac72-e024bfc9ef42] in helmcontainersecuritycontextupgradeplatformit was MODIFIED
2025-01-28 23:36:08,300 INFO c.h.h.t.HelmChartContainer - [hivemq-test-hivemq-platform] [hivemq-platform-operator] [04b9bc17] 23:36:08.286 [pool-6-thread-27] DEBUG c.h.p.o.d.PlatformServiceResource - [helmcont] Desired Platform services (3 services)
2025-01-28 23:36:08,300 INFO c.h.h.t.HelmChartContainer - [hivemq-test-hivemq-platform] [hivemq-platform-operator] [04b9bc17] 23:36:08.287 [pool-6-thread-25] DEBUG c.h.p.o.dependants.PodInfoConfigMap - [helmcont] Desired PodInfo ConfigMap (1 extensions) (1 enabled)
2025-01-28 23:36:08,300 INFO c.h.h.t.HelmChartContainer - [hivemq-test-hivemq-platform] [hivemq-platform-operator] [04b9bc17] 23:36:08.287 [pool-6-thread-25] DEBUG c.h.p.o.dependants.PodInfoConfigMap - [helmcont] Desired PodInfo ConfigMap (metrics port: 9399) (metrics path: /)
2025-01-28 23:36:08,300 INFO c.h.h.t.HelmChartContainer - [hivemq-test-hivemq-platform] [hivemq-platform-operator] [04b9bc17] 23:36:08.287 [pool-6-thread-25] DEBUG c.h.p.o.dependants.PodInfoConfigMap - [helmcont] Desired PodInfo ConfigMap (extension state hash: -1817474005)
2025-01-28 23:36:08,300 INFO c.h.h.t.HelmChartContainer - [hivemq-test-hivemq-platform] [hivemq-platform-operator] [04b9bc17] 23:36:08.288 [pool-6-thread-25] DEBUG c.h.p.o.d.PodServiceAccountResource - [helmcont] Desired PodServiceAccountResource (serviceAccountName: hivemq-platform-pod-test-hivemq-platform)
2025-01-28 23:36:08,300 INFO c.h.h.t.HelmChartContainer - [hivemq-test-hivemq-platform] [hivemq-platform-operator] [04b9bc17] 23:36:08.297 [pool-6-thread-30] DEBUG c.h.p.o.d.StatefulSetResource - [helmcont] Desired StatefulSet (2 replicas) for status ROLLING_RESTART (RESTART_PODS_IN_PROGRESS)
2025-01-28 23:36:08,307 INFO c.h.h.t.HelmChartContainer - [hivemq-test-hivemq-platform] [hivemq-platform-operator] [04b9bc17] 23:36:08.303 [ReconcilerExecutor-hivemq-controller-130] INFO  c.h.p.o.HiveMQPlatformReconciler - [helmcont] Reconciling HiveMQ Platform 'test-hivemq-platform' in namespace 'helmcontainersecuritycontextupgradeplatformit'
2025-01-28 23:36:08,307 INFO c.h.h.t.HelmChartContainer - [hivemq-test-hivemq-platform] [hivemq-platform-operator] [04b9bc17] 23:36:08.303 [ReconcilerExecutor-hivemq-controller-130] DEBUG c.h.p.o.HiveMQPlatformReconciler - [helmcont] Custom Resource Status ROLLING_RESTART - HiveMQ Platform is restarting Pods (rolling restart) (RESTART_PODS_IN_PROGRESS)
2025-01-28 23:36:08,307 INFO c.h.h.t.HelmChartContainer - [hivemq-test-hivemq-platform] [hivemq-platform-operator] [04b9bc17] 23:36:08.303 [ReconcilerExecutor-hivemq-controller-130] DEBUG c.h.p.o.HiveMQPlatformReconciler - [helmcont] Custom Resource Spec (replicas: 1) (extensions: 1)
2025-01-28 23:36:08,307 INFO c.h.h.t.HelmChartContainer - [hivemq-test-hivemq-platform] [hivemq-platform-operator] [04b9bc17] 23:36:08.305 [ReconcilerExecutor-hivemq-controller-130] DEBUG c.h.p.o.HiveMQPlatformReconciler - [helmcont] StatefulSet Status (revision: test-hivemq-platform-579f489c45, replicas: 2, available: 1, ready: 1, current: 0, updated: 1)
2025-01-28 23:36:08,310 INFO c.h.h.t.HelmChartContainer - [hivemq-test-hivemq-platform] [hivemq-platform-operator] [04b9bc17] 23:36:08.305 [ReconcilerExecutor-hivemq-controller-130] DEBUG c.h.p.o.HiveMQPlatformReconciler - [helmcont] StatefulSet Spec (replicas: 2, init containers: 1, containers: 1, volumes: 3)
2025-01-28 23:36:08,310 INFO c.h.h.t.HelmChartContainer - [hivemq-test-hivemq-platform] [hivemq-platform-operator] [04b9bc17] 23:36:08.309 [ReconcilerExecutor-hivemq-controller-130] DEBUG c.h.p.o.h.HiveMQPlatformReconcilerErrorHandler - [helmcont] Pod 'test-hivemq-platform-1' phase Running
2025-01-28 23:36:08,314 INFO c.h.h.t.HelmChartContainer - [hivemq-test-hivemq-platform] [hivemq-platform-operator] [04b9bc17] 23:36:08.312 [ReconcilerExecutor-hivemq-controller-130] DEBUG c.h.p.o.h.HiveMQPlatformReconcilerErrorHandler - [helmcont] Pod 'test-hivemq-platform-0' phase Failed
2025-01-28 23:36:08,315 INFO c.h.h.t.HelmChartContainer - [hivemq-test-hivemq-platform] [hivemq-platform-operator] [04b9bc17] 23:36:08.312 [ReconcilerExecutor-hivemq-controller-130] DEBUG c.h.p.o.h.HiveMQPlatformReconcilerErrorHandler - [helmcont] Pod 'test-hivemq-platform-0' condition 'PodReadyToStartContainers': False
2025-01-28 23:36:08,315 INFO c.h.h.t.HelmChartContainer - [hivemq-test-hivemq-platform] [hivemq-platform-operator] [04b9bc17] 23:36:08.312 [ReconcilerExecutor-hivemq-controller-130] DEBUG c.h.p.o.h.HiveMQPlatformReconcilerErrorHandler - [helmcont] Pod 'test-hivemq-platform-0' condition 'Initialized': True
2025-01-28 23:36:08,315 INFO c.h.h.t.HelmChartContainer - [hivemq-test-hivemq-platform] [hivemq-platform-operator] [04b9bc17] 23:36:08.312 [ReconcilerExecutor-hivemq-controller-130] DEBUG c.h.p.o.h.HiveMQPlatformReconcilerErrorHandler - [helmcont] Pod 'test-hivemq-platform-0' condition 'Ready': False
2025-01-28 23:36:08,315 INFO c.h.h.t.HelmChartContainer - [hivemq-test-hivemq-platform] [hivemq-platform-operator] [04b9bc17] 23:36:08.313 [ReconcilerExecutor-hivemq-controller-130] DEBUG c.h.p.o.h.HiveMQPlatformReconcilerErrorHandler - [helmcont] Pod 'test-hivemq-platform-0' condition 'ContainersReady': False
2025-01-28 23:36:08,315 INFO c.h.h.t.HelmChartContainer - [hivemq-test-hivemq-platform] [hivemq-platform-operator] [04b9bc17] 23:36:08.313 [ReconcilerExecutor-hivemq-controller-130] DEBUG c.h.p.o.h.HiveMQPlatformReconcilerErrorHandler - [helmcont] Pod 'test-hivemq-platform-0' condition 'PodScheduled': True
2025-01-28 23:36:08,316 INFO c.h.h.t.HelmChartContainer - [hivemq-test-hivemq-platform] [hivemq-platform-operator] [04b9bc17] 23:36:08.313 [ReconcilerExecutor-hivemq-controller-130] DEBUG c.h.p.o.h.HiveMQPlatformReconcilerErrorHandler - [helmcont] Pod 'test-hivemq-platform-0' containerStatus 'hivemq' (started: false) (ready: false) (waiting: [Unknown] no message)
2025-01-28 23:36:08,316 INFO c.h.h.t.HelmChartContainer - [hivemq-test-hivemq-platform] [hivemq-platform-operator] [04b9bc17] 23:36:08.313 [ReconcilerExecutor-hivemq-controller-130] DEBUG c.h.p.o.h.HiveMQPlatformReconcilerRollingRestartHandler - [helmcont] Rolling restart is waiting for 1 of 2 replicas
2025-01-28 23:36:08,321 INFO c.h.h.t.HelmChartContainer - [hivemq-test-hivemq-platform] [hivemq-platform-operator] [04b9bc17] 23:36:08.320 [pool-6-thread-35] DEBUG c.h.p.o.d.PlatformServiceResource - [helmcont] Desired Platform services (3 services)
2025-01-28 23:36:08,322 INFO c.h.h.t.HelmChartContainer - [hivemq-test-hivemq-platform] [hivemq-platform-operator] [04b9bc17] 23:36:08.320 [pool-6-thread-40] DEBUG c.h.p.o.dependants.PodInfoConfigMap - [helmcont] Desired PodInfo ConfigMap (1 extensions) (1 enabled)
2025-01-28 23:36:08,322 INFO c.h.h.t.HelmChartContainer - [hivemq-test-hivemq-platform] [hivemq-platform-operator] [04b9bc17] 23:36:08.321 [pool-6-thread-40] DEBUG c.h.p.o.dependants.PodInfoConfigMap - [helmcont] Desired PodInfo ConfigMap (metrics port: 9399) (metrics path: /)
2025-01-28 23:36:08,322 INFO c.h.h.t.HelmChartContainer - [hivemq-test-hivemq-platform] [hivemq-platform-operator] [04b9bc17] 23:36:08.321 [pool-6-thread-40] DEBUG c.h.p.o.dependants.PodInfoConfigMap - [helmcont] Desired PodInfo ConfigMap (extension state hash: -1817474005)
2025-01-28 23:36:08,323 INFO c.h.h.t.HelmChartContainer - [hivemq-test-hivemq-platform] [hivemq-platform-operator] [04b9bc17] 23:36:08.321 [pool-6-thread-33] DEBUG c.h.p.o.d.PodServiceAccountResource - [helmcont] Desired PodServiceAccountResource (serviceAccountName: hivemq-platform-pod-test-hivemq-platform)
2025-01-28 23:36:08,329 INFO c.h.h.t.HelmChartContainer - [hivemq-test-hivemq-platform] [hivemq-platform-operator] [04b9bc17] 23:36:08.327 [pool-6-thread-35] DEBUG c.h.p.o.d.StatefulSetResource - [helmcont] Desired StatefulSet (2 replicas) for status ROLLING_RESTART (RESTART_PODS_IN_PROGRESS)
2025-01-28 23:36:08,331 INFO c.h.h.t.HelmChartContainer - [hivemq-test-hivemq-platform] [hivemq-platform-operator] [04b9bc17] 23:36:08.330 [ReconcilerExecutor-hivemq-controller-131] INFO  c.h.p.o.HiveMQPlatformReconciler - [helmcont] Reconciling HiveMQ Platform 'test-hivemq-platform' in namespace 'helmcontainersecuritycontextupgradeplatformit'
2025-01-28 23:36:08,331 INFO c.h.h.t.HelmChartContainer - [hivemq-test-hivemq-platform] [hivemq-platform-operator] [04b9bc17] 23:36:08.330 [ReconcilerExecutor-hivemq-controller-131] DEBUG c.h.p.o.HiveMQPlatformReconciler - [helmcont] Custom Resource Status ROLLING_RESTART - HiveMQ Platform is restarting Pods (rolling restart) (RESTART_PODS_IN_PROGRESS)
2025-01-28 23:36:08,331 INFO c.h.h.t.HelmChartContainer - [hivemq-test-hivemq-platform] [hivemq-platform-operator] [04b9bc17] 23:36:08.330 [ReconcilerExecutor-hivemq-controller-131] DEBUG c.h.p.o.HiveMQPlatformReconciler - [helmcont] Custom Resource Spec (replicas: 1) (extensions: 1)
2025-01-28 23:36:08,387 INFO c.h.h.t.HelmChartContainer - [K3S] [reconciler_common.go:162] "operationExecutor.UnmountVolume started for volume \"kube-api-access-ktqcf\" (UniqueName: \"kubernetes.io/projected/a6abb940-f61c-4e65-ac72-e024bfc9ef42-kube-api-access-ktqcf\") pod \"a6abb940-f61c-4e65-ac72-e024bfc9ef42\" (UID: \"a6abb940-f61c-4e65-ac72-e024bfc9ef42\") "
2025-01-28 23:36:08,387 INFO c.h.h.t.HelmChartContainer - [K3S] [reconciler_common.go:162] "operationExecutor.UnmountVolume started for volume \"pod-info\" (UniqueName: \"kubernetes.io/configmap/a6abb940-f61c-4e65-ac72-e024bfc9ef42-pod-info\") pod \"a6abb940-f61c-4e65-ac72-e024bfc9ef42\" (UID: \"a6abb940-f61c-4e65-ac72-e024bfc9ef42\") "
2025-01-28 23:36:08,387 INFO c.h.h.t.HelmChartContainer - [K3S] [reconciler_common.go:162] "operationExecutor.UnmountVolume started for volume \"operator-init\" (UniqueName: \"kubernetes.io/empty-dir/a6abb940-f61c-4e65-ac72-e024bfc9ef42-operator-init\") pod \"a6abb940-f61c-4e65-ac72-e024bfc9ef42\" (UID: \"a6abb940-f61c-4e65-ac72-e024bfc9ef42\") "
2025-01-28 23:36:08,387 INFO c.h.h.t.HelmChartContainer - [K3S] [reconciler_common.go:162] "operationExecutor.UnmountVolume started for volume \"broker-configuration\" (UniqueName: \"kubernetes.io/configmap/a6abb940-f61c-4e65-ac72-e024bfc9ef42-broker-configuration\") pod \"a6abb940-f61c-4e65-ac72-e024bfc9ef42\" (UID: \"a6abb940-f61c-4e65-ac72-e024bfc9ef42\") "
2025-01-28 23:36:08,395 INFO c.h.h.t.HelmChartContainer - [hivemq-test-hivemq-platform] [hivemq-platform-operator] [04b9bc17] 23:36:08.395 [ReconcilerExecutor-hivemq-controller-131] DEBUG c.h.p.o.HiveMQPlatformReconciler - [helmcont] StatefulSet Status (revision: test-hivemq-platform-579f489c45, replicas: 2, available: 1, ready: 1, current: 0, updated: 1)
2025-01-28 23:36:08,396 INFO c.h.h.t.HelmChartContainer - [hivemq-test-hivemq-platform] [hivemq-platform-operator] [04b9bc17] 23:36:08.395 [ReconcilerExecutor-hivemq-controller-131] DEBUG c.h.p.o.HiveMQPlatformReconciler - [helmcont] StatefulSet Spec (replicas: 2, init containers: 1, containers: 1, volumes: 3)
2025-01-28 23:36:08,397 INFO c.h.h.t.HelmChartContainer - [hivemq-test-hivemq-platform] [hivemq-platform-operator] [04b9bc17] 23:36:08.396 [ReconcilerExecutor-hivemq-controller-131] DEBUG c.h.p.o.h.HiveMQPlatformReconcilerErrorHandler - [helmcont] Pod 'test-hivemq-platform-1' phase Running
2025-01-28 23:36:08,401 INFO c.h.h.t.HelmChartContainer - [hivemq-test-hivemq-platform] [hivemq-platform-operator] [04b9bc17] 23:36:08.400 [ReconcilerExecutor-hivemq-controller-131] DEBUG c.h.p.o.h.HiveMQPlatformReconcilerErrorHandler - [helmcont] Pod 'test-hivemq-platform-0' phase Failed
2025-01-28 23:36:08,401 INFO c.h.h.t.HelmChartContainer - [hivemq-test-hivemq-platform] [hivemq-platform-operator] [04b9bc17] 23:36:08.400 [ReconcilerExecutor-hivemq-controller-131] DEBUG c.h.p.o.h.HiveMQPlatformReconcilerErrorHandler - [helmcont] Pod 'test-hivemq-platform-0' condition 'PodReadyToStartContainers': False
2025-01-28 23:36:08,401 INFO c.h.h.t.HelmChartContainer - [hivemq-test-hivemq-platform] [hivemq-platform-operator] [04b9bc17] 23:36:08.400 [ReconcilerExecutor-hivemq-controller-131] DEBUG c.h.p.o.h.HiveMQPlatformReconcilerErrorHandler - [helmcont] Pod 'test-hivemq-platform-0' condition 'Initialized': True
2025-01-28 23:36:08,401 INFO c.h.h.t.HelmChartContainer - [hivemq-test-hivemq-platform] [hivemq-platform-operator] [04b9bc17] 23:36:08.400 [ReconcilerExecutor-hivemq-controller-131] DEBUG c.h.p.o.h.HiveMQPlatformReconcilerErrorHandler - [helmcont] Pod 'test-hivemq-platform-0' condition 'Ready': False
2025-01-28 23:36:08,401 INFO c.h.h.t.HelmChartContainer - [hivemq-test-hivemq-platform] [hivemq-platform-operator] [04b9bc17] 23:36:08.400 [ReconcilerExecutor-hivemq-controller-131] DEBUG c.h.p.o.h.HiveMQPlatformReconcilerErrorHandler - [helmcont] Pod 'test-hivemq-platform-0' condition 'ContainersReady': False
2025-01-28 23:36:08,401 INFO c.h.h.t.HelmChartContainer - [hivemq-test-hivemq-platform] [hivemq-platform-operator] [04b9bc17] 23:36:08.400 [ReconcilerExecutor-hivemq-controller-131] DEBUG c.h.p.o.h.HiveMQPlatformReconcilerErrorHandler - [helmcont] Pod 'test-hivemq-platform-0' condition 'PodScheduled': True
2025-01-28 23:36:08,401 INFO c.h.h.t.HelmChartContainer - [hivemq-test-hivemq-platform] [hivemq-platform-operator] [04b9bc17] 23:36:08.400 [ReconcilerExecutor-hivemq-controller-131] DEBUG c.h.p.o.h.HiveMQPlatformReconcilerErrorHandler - [helmcont] Pod 'test-hivemq-platform-0' containerStatus 'hivemq' (started: false) (ready: false) (waiting: [Unknown] no message)
2025-01-28 23:36:08,401 INFO c.h.h.t.HelmChartContainer - [hivemq-test-hivemq-platform] [hivemq-platform-operator] [04b9bc17] 23:36:08.400 [ReconcilerExecutor-hivemq-controller-131] DEBUG c.h.p.o.h.HiveMQPlatformReconcilerRollingRestartHandler - [helmcont] Rolling restart is waiting for 1 of 2 replicas
2025-01-28 23:36:08,488 INFO c.h.h.t.HelmChartContainer - [K3S] [reconciler_common.go:299] "Volume detached for volume \"kube-api-access-ktqcf\" (UniqueName: \"kubernetes.io/projected/a6abb940-f61c-4e65-ac72-e024bfc9ef42-kube-api-access-ktqcf\") on node \"6b15a01a10f5\" DevicePath \"\""
2025-01-28 23:36:08,488 INFO c.h.h.t.HelmChartContainer - [K3S] [reconciler_common.go:299] "Volume detached for volume \"pod-info\" (UniqueName: \"kubernetes.io/configmap/a6abb940-f61c-4e65-ac72-e024bfc9ef42-pod-info\") on node \"6b15a01a10f5\" DevicePath \"\""
2025-01-28 23:36:08,488 INFO c.h.h.t.HelmChartContainer - [K3S] [reconciler_common.go:299] "Volume detached for volume \"operator-init\" (UniqueName: \"kubernetes.io/empty-dir/a6abb940-f61c-4e65-ac72-e024bfc9ef42-operator-init\") on node \"6b15a01a10f5\" DevicePath \"\""
2025-01-28 23:36:08,488 INFO c.h.h.t.HelmChartContainer - [K3S] [reconciler_common.go:299] "Volume detached for volume \"broker-configuration\" (UniqueName: \"kubernetes.io/configmap/a6abb940-f61c-4e65-ac72-e024bfc9ef42-broker-configuration\") on node \"6b15a01a10f5\" DevicePath \"\""
2025-01-28 23:36:08,583 INFO c.h.h.t.HelmChartContainer - [K3S] [scope.go:117] "RemoveContainer" containerID="903ba5f15aa82ea18adb75558d96f8b9cec3ebda14c689f939978630c5e71fa0"
2025-01-28 23:36:08,607 INFO c.h.h.t.HelmChartContainer - [POD] test-hivemq-platform-0 [a6abb940-f61c-4e65-ac72-e024bfc9ef42] in helmcontainersecuritycontextupgradeplatformit was MODIFIED
2025-01-28 23:36:08,609 INFO c.h.h.t.HelmChartContainer - [POD] test-hivemq-platform-0 [a6abb940-f61c-4e65-ac72-e024bfc9ef42] in helmcontainersecuritycontextupgradeplatformit was DELETED
2025-01-28 23:36:08,624 INFO c.h.h.t.HelmChartContainer - [POD] test-hivemq-platform-0 [d3014e5b-79ce-4d88-878a-b677d507b12d] in helmcontainersecuritycontextupgradeplatformit was ADDED
2025-01-28 23:36:08,632 INFO c.h.h.t.HelmChartContainer - [EVENT] Normal [SuccessfulCreate] create Pod test-hivemq-platform-0 in StatefulSet test-hivemq-platform successful [helmcontainersecuritycontextupgradeplatformit:test-hivemq-platform]
2025-01-28 23:36:08,635 INFO c.h.h.t.HelmChartContainer - [hivemq-test-hivemq-platform] [hivemq-platform-operator] [04b9bc17] 23:36:08.619 [pool-6-thread-45] DEBUG c.h.p.o.d.PlatformServiceResource - [helmcont] Desired Platform services (3 services)
2025-01-28 23:36:08,635 INFO c.h.h.t.HelmChartContainer - [hivemq-test-hivemq-platform] [hivemq-platform-operator] [04b9bc17] 23:36:08.621 [pool-6-thread-50] DEBUG c.h.p.o.dependants.PodInfoConfigMap - [helmcont] Desired PodInfo ConfigMap (1 extensions) (1 enabled)
2025-01-28 23:36:08,635 INFO c.h.h.t.HelmChartContainer - [hivemq-test-hivemq-platform] [hivemq-platform-operator] [04b9bc17] 23:36:08.621 [pool-6-thread-50] DEBUG c.h.p.o.dependants.PodInfoConfigMap - [helmcont] Desired PodInfo ConfigMap (metrics port: 9399) (metrics path: /)
2025-01-28 23:36:08,635 INFO c.h.h.t.HelmChartContainer - [hivemq-test-hivemq-platform] [hivemq-platform-operator] [04b9bc17] 23:36:08.621 [pool-6-thread-50] DEBUG c.h.p.o.dependants.PodInfoConfigMap - [helmcont] Desired PodInfo ConfigMap (extension state hash: -1817474005)
2025-01-28 23:36:08,635 INFO c.h.h.t.HelmChartContainer - [hivemq-test-hivemq-platform] [hivemq-platform-operator] [04b9bc17] 23:36:08.625 [pool-6-thread-47] DEBUG c.h.p.o.d.PodServiceAccountResource - [helmcont] Desired PodServiceAccountResource (serviceAccountName: hivemq-platform-pod-test-hivemq-platform)
2025-01-28 23:36:08,635 INFO c.h.h.t.HelmChartContainer - [hivemq-test-hivemq-platform] [hivemq-platform-operator] [04b9bc17] 23:36:08.631 [pool-6-thread-45] DEBUG c.h.p.o.d.StatefulSetResource - [helmcont] Desired StatefulSet (2 replicas) for status ROLLING_RESTART (RESTART_PODS_IN_PROGRESS)
2025-01-28 23:36:08,639 INFO c.h.h.t.HelmChartContainer - [K3S] [memory_manager.go:355] "RemoveStaleState removing state" podUID="a6abb940-f61c-4e65-ac72-e024bfc9ef42" containerName="hivemq"
2025-01-28 23:36:08,644 INFO c.h.h.t.HelmChartContainer - [POD] test-hivemq-platform-0 [d3014e5b-79ce-4d88-878a-b677d507b12d] in helmcontainersecuritycontextupgradeplatformit was MODIFIED
2025-01-28 23:36:08,645 INFO c.h.h.t.HelmChartContainer - [EVENT] Normal [Scheduled] Successfully assigned helmcontainersecuritycontextupgradeplatformit/test-hivemq-platform-0 to 6b15a01a10f5 [helmcontainersecuritycontextupgradeplatformit:test-hivemq-platform-0]
2025-01-28 23:36:08,658 INFO c.h.h.t.HelmChartContainer - [POD] test-hivemq-platform-0 [d3014e5b-79ce-4d88-878a-b677d507b12d] in helmcontainersecuritycontextupgradeplatformit was MODIFIED
2025-01-28 23:36:08,690 INFO c.h.h.t.HelmChartContainer - [K3S] [reconciler_common.go:251] "operationExecutor.VerifyControllerAttachedVolume started for volume \"broker-configuration\" (UniqueName: \"kubernetes.io/configmap/d3014e5b-79ce-4d88-878a-b677d507b12d-broker-configuration\") pod \"test-hivemq-platform-0\" (UID: \"d3014e5b-79ce-4d88-878a-b677d507b12d\") " pod="helmcontainersecuritycontextupgradeplatformit/test-hivemq-platform-0"
2025-01-28 23:36:08,690 INFO c.h.h.t.HelmChartContainer - [K3S] [reconciler_common.go:251] "operationExecutor.VerifyControllerAttachedVolume started for volume \"pod-info\" (UniqueName: \"kubernetes.io/configmap/d3014e5b-79ce-4d88-878a-b677d507b12d-pod-info\") pod \"test-hivemq-platform-0\" (UID: \"d3014e5b-79ce-4d88-878a-b677d507b12d\") " pod="helmcontainersecuritycontextupgradeplatformit/test-hivemq-platform-0"
2025-01-28 23:36:08,691 INFO c.h.h.t.HelmChartContainer - [K3S] [reconciler_common.go:251] "operationExecutor.VerifyControllerAttachedVolume started for volume \"operator-init\" (UniqueName: \"kubernetes.io/empty-dir/d3014e5b-79ce-4d88-878a-b677d507b12d-operator-init\") pod \"test-hivemq-platform-0\" (UID: \"d3014e5b-79ce-4d88-878a-b677d507b12d\") " pod="helmcontainersecuritycontextupgradeplatformit/test-hivemq-platform-0"
2025-01-28 23:36:08,691 INFO c.h.h.t.HelmChartContainer - [K3S] [reconciler_common.go:251] "operationExecutor.VerifyControllerAttachedVolume started for volume \"kube-api-access-7tvtp\" (UniqueName: \"kubernetes.io/projected/d3014e5b-79ce-4d88-878a-b677d507b12d-kube-api-access-7tvtp\") pod \"test-hivemq-platform-0\" (UID: \"d3014e5b-79ce-4d88-878a-b677d507b12d\") " pod="helmcontainersecuritycontextupgradeplatformit/test-hivemq-platform-0"
2025-01-28 23:36:08,708 INFO c.h.h.t.HelmChartContainer - [hivemq-test-hivemq-platform] [hivemq-platform-operator] [04b9bc17] 23:36:08.705 [ReconcilerExecutor-hivemq-controller-132] INFO  c.h.p.o.HiveMQPlatformReconciler - [helmcont] Reconciling HiveMQ Platform 'test-hivemq-platform' in namespace 'helmcontainersecuritycontextupgradeplatformit'
2025-01-28 23:36:08,708 INFO c.h.h.t.HelmChartContainer - [hivemq-test-hivemq-platform] [hivemq-platform-operator] [04b9bc17] 23:36:08.707 [ReconcilerExecutor-hivemq-controller-132] DEBUG c.h.p.o.HiveMQPlatformReconciler - [helmcont] Custom Resource Status ROLLING_RESTART - HiveMQ Platform is restarting Pods (rolling restart) (RESTART_PODS_IN_PROGRESS)
2025-01-28 23:36:08,712 INFO c.h.h.t.HelmChartContainer - [hivemq-test-hivemq-platform] [hivemq-platform-operator] [04b9bc17] 23:36:08.708 [ReconcilerExecutor-hivemq-controller-132] DEBUG c.h.p.o.HiveMQPlatformReconciler - [helmcont] Custom Resource Spec (replicas: 1) (extensions: 1)
2025-01-28 23:36:08,731 INFO c.h.h.t.HelmChartContainer - [hivemq-test-hivemq-platform] [hivemq-platform-operator] [04b9bc17] 23:36:08.724 [ReconcilerExecutor-hivemq-controller-132] DEBUG c.h.p.o.HiveMQPlatformReconciler - [helmcont] StatefulSet Status (revision: test-hivemq-platform-579f489c45, replicas: 2, available: 1, ready: 1, current: 0, updated: 2)
2025-01-28 23:36:08,732 INFO c.h.h.t.HelmChartContainer - [hivemq-test-hivemq-platform] [hivemq-platform-operator] [04b9bc17] 23:36:08.724 [ReconcilerExecutor-hivemq-controller-132] DEBUG c.h.p.o.HiveMQPlatformReconciler - [helmcont] StatefulSet Spec (replicas: 2, init containers: 1, containers: 1, volumes: 3)
2025-01-28 23:36:08,732 INFO c.h.h.t.HelmChartContainer - [hivemq-test-hivemq-platform] [hivemq-platform-operator] [04b9bc17] 23:36:08.727 [ReconcilerExecutor-hivemq-controller-132] DEBUG c.h.p.o.h.HiveMQPlatformReconcilerErrorHandler - [helmcont] Pod 'test-hivemq-platform-1' phase Running
2025-01-28 23:36:08,732 INFO c.h.h.t.HelmChartContainer - [hivemq-test-hivemq-platform] [hivemq-platform-operator] [04b9bc17] 23:36:08.728 [ReconcilerExecutor-hivemq-controller-132] DEBUG c.h.p.o.h.HiveMQPlatformReconcilerErrorHandler - [helmcont] Pod 'test-hivemq-platform-0' phase Pending
2025-01-28 23:36:08,732 INFO c.h.h.t.HelmChartContainer - [hivemq-test-hivemq-platform] [hivemq-platform-operator] [04b9bc17] 23:36:08.728 [ReconcilerExecutor-hivemq-controller-132] DEBUG c.h.p.o.h.HiveMQPlatformReconcilerErrorHandler - [helmcont] Pod 'test-hivemq-platform-0' condition 'PodReadyToStartContainers': False
2025-01-28 23:36:08,732 INFO c.h.h.t.HelmChartContainer - [hivemq-test-hivemq-platform] [hivemq-platform-operator] [04b9bc17] 23:36:08.728 [ReconcilerExecutor-hivemq-controller-132] DEBUG c.h.p.o.h.HiveMQPlatformReconcilerErrorHandler - [helmcont] Pod 'test-hivemq-platform-0' condition 'Initialized': False
2025-01-28 23:36:08,732 INFO c.h.h.t.HelmChartContainer - [hivemq-test-hivemq-platform] [hivemq-platform-operator] [04b9bc17] 23:36:08.728 [ReconcilerExecutor-hivemq-controller-132] DEBUG c.h.p.o.h.HiveMQPlatformReconcilerErrorHandler - [helmcont] Pod 'test-hivemq-platform-0' condition 'Ready': False
2025-01-28 23:36:08,732 INFO c.h.h.t.HelmChartContainer - [hivemq-test-hivemq-platform] [hivemq-platform-operator] [04b9bc17] 23:36:08.728 [ReconcilerExecutor-hivemq-controller-132] DEBUG c.h.p.o.h.HiveMQPlatformReconcilerErrorHandler - [helmcont] Pod 'test-hivemq-platform-0' condition 'ContainersReady': False
2025-01-28 23:36:08,732 INFO c.h.h.t.HelmChartContainer - [hivemq-test-hivemq-platform] [hivemq-platform-operator] [04b9bc17] 23:36:08.728 [ReconcilerExecutor-hivemq-controller-132] DEBUG c.h.p.o.h.HiveMQPlatformReconcilerErrorHandler - [helmcont] Pod 'test-hivemq-platform-0' condition 'PodScheduled': True
2025-01-28 23:36:08,732 INFO c.h.h.t.HelmChartContainer - [hivemq-test-hivemq-platform] [hivemq-platform-operator] [04b9bc17] 23:36:08.728 [ReconcilerExecutor-hivemq-controller-132] DEBUG c.h.p.o.h.HiveMQPlatformReconcilerErrorHandler - [helmcont] Pod 'test-hivemq-platform-0' containerStatus 'hivemq' (started: false) (ready: false) (waiting: [PodInitializing] null)
2025-01-28 23:36:08,732 INFO c.h.h.t.HelmChartContainer - [hivemq-test-hivemq-platform] [hivemq-platform-operator] [04b9bc17] 23:36:08.729 [ReconcilerExecutor-hivemq-controller-132] DEBUG c.h.p.o.h.HiveMQPlatformReconcilerRollingRestartHandler - [helmcont] Rolling restart is waiting for 1 of 2 replicas
2025-01-28 23:36:08,738 INFO c.h.h.t.HelmChartContainer - [K3S] [scope.go:117] "RemoveContainer" containerID="8da47378c542259491444049bce6a9964e686ca6706ec059b2323bc175e6d170"
2025-01-28 23:36:08,742 INFO c.h.h.t.HelmChartContainer - [K3S] [scope.go:117] "RemoveContainer" containerID="903ba5f15aa82ea18adb75558d96f8b9cec3ebda14c689f939978630c5e71fa0"
2025-01-28 23:36:08,743 INFO c.h.h.t.HelmChartContainer - [K3S] [scope.go:117] "RemoveContainer" containerID="8da47378c542259491444049bce6a9964e686ca6706ec059b2323bc175e6d170"
2025-01-28 23:36:08,798 INFO c.h.h.t.HelmChartContainer - [hivemq-test-hivemq-platform] [hivemq-platform-operator] [04b9bc17] 23:36:08.795 [pool-6-thread-4] DEBUG c.h.p.o.d.PlatformServiceResource - [helmcont] Desired Platform services (3 services)
2025-01-28 23:36:08,798 INFO c.h.h.t.HelmChartContainer - [hivemq-test-hivemq-platform] [hivemq-platform-operator] [04b9bc17] 23:36:08.795 [pool-6-thread-9] DEBUG c.h.p.o.dependants.PodInfoConfigMap - [helmcont] Desired PodInfo ConfigMap (1 extensions) (1 enabled)
2025-01-28 23:36:08,798 INFO c.h.h.t.HelmChartContainer - [hivemq-test-hivemq-platform] [hivemq-platform-operator] [04b9bc17] 23:36:08.796 [pool-6-thread-9] DEBUG c.h.p.o.dependants.PodInfoConfigMap - [helmcont] Desired PodInfo ConfigMap (metrics port: 9399) (metrics path: /)
2025-01-28 23:36:08,798 INFO c.h.h.t.HelmChartContainer - [hivemq-test-hivemq-platform] [hivemq-platform-operator] [04b9bc17] 23:36:08.796 [pool-6-thread-9] DEBUG c.h.p.o.dependants.PodInfoConfigMap - [helmcont] Desired PodInfo ConfigMap (extension state hash: -1817474005)
2025-01-28 23:36:08,798 INFO c.h.h.t.HelmChartContainer - [hivemq-test-hivemq-platform] [hivemq-platform-operator] [04b9bc17] 23:36:08.797 [pool-6-thread-6] DEBUG c.h.p.o.d.PodServiceAccountResource - [helmcont] Desired PodServiceAccountResource (serviceAccountName: hivemq-platform-pod-test-hivemq-platform)
2025-01-28 23:36:08,801 INFO c.h.h.t.HelmChartContainer - [hivemq-test-hivemq-platform] [hivemq-platform-operator] [04b9bc17] 23:36:08.801 [pool-6-thread-4] DEBUG c.h.p.o.d.StatefulSetResource - [helmcont] Desired StatefulSet (2 replicas) for status ROLLING_RESTART (RESTART_PODS_IN_PROGRESS)
2025-01-28 23:36:08,805 INFO c.h.h.t.HelmChartContainer - [hivemq-test-hivemq-platform] [hivemq-platform-operator] [04b9bc17] 23:36:08.804 [ReconcilerExecutor-hivemq-controller-135] INFO  c.h.p.o.HiveMQPlatformReconciler - [helmcont] Reconciling HiveMQ Platform 'test-hivemq-platform' in namespace 'helmcontainersecuritycontextupgradeplatformit'
2025-01-28 23:36:08,805 INFO c.h.h.t.HelmChartContainer - [hivemq-test-hivemq-platform] [hivemq-platform-operator] [04b9bc17] 23:36:08.804 [ReconcilerExecutor-hivemq-controller-135] DEBUG c.h.p.o.HiveMQPlatformReconciler - [helmcont] Custom Resource Status ROLLING_RESTART - HiveMQ Platform is restarting Pods (rolling restart) (RESTART_PODS_IN_PROGRESS)
2025-01-28 23:36:08,805 INFO c.h.h.t.HelmChartContainer - [hivemq-test-hivemq-platform] [hivemq-platform-operator] [04b9bc17] 23:36:08.804 [ReconcilerExecutor-hivemq-controller-135] DEBUG c.h.p.o.HiveMQPlatformReconciler - [helmcont] Custom Resource Spec (replicas: 1) (extensions: 1)
2025-01-28 23:36:08,823 INFO c.h.h.t.HelmChartContainer - [hivemq-test-hivemq-platform] [hivemq-platform-operator] [04b9bc17] 23:36:08.822 [ReconcilerExecutor-hivemq-controller-135] DEBUG c.h.p.o.HiveMQPlatformReconciler - [helmcont] StatefulSet Status (revision: test-hivemq-platform-579f489c45, replicas: 2, available: 1, ready: 1, current: 0, updated: 2)
2025-01-28 23:36:08,823 INFO c.h.h.t.HelmChartContainer - [hivemq-test-hivemq-platform] [hivemq-platform-operator] [04b9bc17] 23:36:08.822 [ReconcilerExecutor-hivemq-controller-135] DEBUG c.h.p.o.HiveMQPlatformReconciler - [helmcont] StatefulSet Spec (replicas: 2, init containers: 1, containers: 1, volumes: 3)
2025-01-28 23:36:08,825 INFO c.h.h.t.HelmChartContainer - [hivemq-test-hivemq-platform] [hivemq-platform-operator] [04b9bc17] 23:36:08.824 [ReconcilerExecutor-hivemq-controller-135] DEBUG c.h.p.o.h.HiveMQPlatformReconcilerErrorHandler - [helmcont] Pod 'test-hivemq-platform-1' phase Running
2025-01-28 23:36:08,827 INFO c.h.h.t.HelmChartContainer - [hivemq-test-hivemq-platform] [hivemq-platform-operator] [04b9bc17] 23:36:08.825 [ReconcilerExecutor-hivemq-controller-135] DEBUG c.h.p.o.h.HiveMQPlatformReconcilerErrorHandler - [helmcont] Pod 'test-hivemq-platform-0' phase Pending
2025-01-28 23:36:08,828 INFO c.h.h.t.HelmChartContainer - [hivemq-test-hivemq-platform] [hivemq-platform-operator] [04b9bc17] 23:36:08.826 [ReconcilerExecutor-hivemq-controller-135] DEBUG c.h.p.o.h.HiveMQPlatformReconcilerErrorHandler - [helmcont] Pod 'test-hivemq-platform-0' condition 'PodReadyToStartContainers': False
2025-01-28 23:36:08,828 INFO c.h.h.t.HelmChartContainer - [hivemq-test-hivemq-platform] [hivemq-platform-operator] [04b9bc17] 23:36:08.826 [ReconcilerExecutor-hivemq-controller-135] DEBUG c.h.p.o.h.HiveMQPlatformReconcilerErrorHandler - [helmcont] Pod 'test-hivemq-platform-0' condition 'Initialized': False
2025-01-28 23:36:08,828 INFO c.h.h.t.HelmChartContainer - [hivemq-test-hivemq-platform] [hivemq-platform-operator] [04b9bc17] 23:36:08.826 [ReconcilerExecutor-hivemq-controller-135] DEBUG c.h.p.o.h.HiveMQPlatformReconcilerErrorHandler - [helmcont] Pod 'test-hivemq-platform-0' condition 'Ready': False
2025-01-28 23:36:08,828 INFO c.h.h.t.HelmChartContainer - [hivemq-test-hivemq-platform] [hivemq-platform-operator] [04b9bc17] 23:36:08.826 [ReconcilerExecutor-hivemq-controller-135] DEBUG c.h.p.o.h.HiveMQPlatformReconcilerErrorHandler - [helmcont] Pod 'test-hivemq-platform-0' condition 'ContainersReady': False
2025-01-28 23:36:08,828 INFO c.h.h.t.HelmChartContainer - [hivemq-test-hivemq-platform] [hivemq-platform-operator] [04b9bc17] 23:36:08.826 [ReconcilerExecutor-hivemq-controller-135] DEBUG c.h.p.o.h.HiveMQPlatformReconcilerErrorHandler - [helmcont] Pod 'test-hivemq-platform-0' condition 'PodScheduled': True
2025-01-28 23:36:08,828 INFO c.h.h.t.HelmChartContainer - [hivemq-test-hivemq-platform] [hivemq-platform-operator] [04b9bc17] 23:36:08.826 [ReconcilerExecutor-hivemq-controller-135] DEBUG c.h.p.o.h.HiveMQPlatformReconcilerErrorHandler - [helmcont] Pod 'test-hivemq-platform-0' containerStatus 'hivemq' (started: false) (ready: false) (waiting: [PodInitializing] null)
2025-01-28 23:36:08,828 INFO c.h.h.t.HelmChartContainer - [hivemq-test-hivemq-platform] [hivemq-platform-operator] [04b9bc17] 23:36:08.827 [ReconcilerExecutor-hivemq-controller-135] DEBUG c.h.p.o.h.HiveMQPlatformReconcilerRollingRestartHandler - [helmcont] Rolling restart is waiting for 1 of 2 replicas
2025-01-28 23:36:09,033 INFO c.h.h.t.HelmChartContainer - [EVENT] Normal [Pulled] Container image "docker.io/hivemq/hivemq-platform-operator-init-test:snapshot" already present on machine [helmcontainersecuritycontextupgradeplatformit:test-hivemq-platform-0]
2025-01-28 23:36:09,039 INFO c.h.h.t.HelmChartContainer - [EVENT] Normal [Created] Created container: hivemq-platform-operator-init [helmcontainersecuritycontextupgradeplatformit:test-hivemq-platform-0]
2025-01-28 23:36:09,077 INFO c.h.h.t.HelmChartContainer - [EVENT] Normal [Started] Started container hivemq-platform-operator-init [helmcontainersecuritycontextupgradeplatformit:test-hivemq-platform-0]
2025-01-28 23:36:09,179 INFO c.h.h.t.HelmChartContainer - [test-hivemq-platform] [hivemq] [337e2097] INFO  - [HiveMQ Platform Operator Init App 1.7.0-SNAPSHOT] Returning Health API response 200 for liveness
2025-01-28 23:36:09,347 INFO c.h.h.t.HelmChartContainer - [K3S] [kubelet_volumes.go:163] "Cleaned up orphaned pod volumes dir" podUID="a6abb940-f61c-4e65-ac72-e024bfc9ef42" path="/var/lib/kubelet/pods/a6abb940-f61c-4e65-ac72-e024bfc9ef42/volumes"
2025-01-28 23:36:09,590 INFO c.h.h.t.HelmChartContainer - [EVENT] Normal [Pulled] Container image "docker.io/hivemq/hivemq4:4.36.0" already present on machine [helmcontainersecuritycontextupgradeplatformit:test-hivemq-platform-0]
2025-01-28 23:36:09,590 INFO c.h.h.t.HelmChartContainer - Received Pulled event for container hivemq in pod test-hivemq-platform-0 [d3014e5b-79ce-4d88-878a-b677d507b12d]
2025-01-28 23:36:09,598 INFO c.h.h.t.HelmChartContainer - [POD] test-hivemq-platform-0 [d3014e5b-79ce-4d88-878a-b677d507b12d] in helmcontainersecuritycontextupgradeplatformit was MODIFIED
2025-01-28 23:36:09,622 INFO c.h.h.t.HelmChartContainer - [hivemq-test-hivemq-platform] [hivemq-platform-operator] [04b9bc17] 23:36:09.604 [pool-6-thread-18] DEBUG c.h.p.o.d.PlatformServiceResource - [helmcont] Desired Platform services (3 services)
2025-01-28 23:36:09,622 INFO c.h.h.t.HelmChartContainer - [hivemq-test-hivemq-platform] [hivemq-platform-operator] [04b9bc17] 23:36:09.605 [pool-6-thread-19] DEBUG c.h.p.o.dependants.PodInfoConfigMap - [helmcont] Desired PodInfo ConfigMap (1 extensions) (1 enabled)
2025-01-28 23:36:09,622 INFO c.h.h.t.HelmChartContainer - [hivemq-test-hivemq-platform] [hivemq-platform-operator] [04b9bc17] 23:36:09.609 [pool-6-thread-19] DEBUG c.h.p.o.dependants.PodInfoConfigMap - [helmcont] Desired PodInfo ConfigMap (metrics port: 9399) (metrics path: /)
2025-01-28 23:36:09,622 INFO c.h.h.t.HelmChartContainer - [hivemq-test-hivemq-platform] [hivemq-platform-operator] [04b9bc17] 23:36:09.609 [pool-6-thread-19] DEBUG c.h.p.o.dependants.PodInfoConfigMap - [helmcont] Desired PodInfo ConfigMap (extension state hash: -1817474005)
2025-01-28 23:36:09,622 INFO c.h.h.t.HelmChartContainer - [hivemq-test-hivemq-platform] [hivemq-platform-operator] [04b9bc17] 23:36:09.610 [pool-6-thread-17] DEBUG c.h.p.o.d.PodServiceAccountResource - [helmcont] Desired PodServiceAccountResource (serviceAccountName: hivemq-platform-pod-test-hivemq-platform)
2025-01-28 23:36:09,622 INFO c.h.h.t.HelmChartContainer - [EVENT] Normal [Created] Created container: hivemq [helmcontainersecuritycontextupgradeplatformit:test-hivemq-platform-0]
2025-01-28 23:36:09,622 INFO c.h.h.t.HelmChartContainer - Received Created event for container hivemq in pod test-hivemq-platform-0 [d3014e5b-79ce-4d88-878a-b677d507b12d]
2025-01-28 23:36:09,635 INFO c.h.h.t.HelmChartContainer - [hivemq-test-hivemq-platform] [hivemq-platform-operator] [04b9bc17] 23:36:09.614 [pool-6-thread-20] DEBUG c.h.p.o.d.StatefulSetResource - [helmcont] Desired StatefulSet (2 replicas) for status ROLLING_RESTART (RESTART_PODS_IN_PROGRESS)
2025-01-28 23:36:09,635 INFO c.h.h.t.HelmChartContainer - [hivemq-test-hivemq-platform] [hivemq-platform-operator] [04b9bc17] 23:36:09.622 [ReconcilerExecutor-hivemq-controller-136] INFO  c.h.p.o.HiveMQPlatformReconciler - [helmcont] Reconciling HiveMQ Platform 'test-hivemq-platform' in namespace 'helmcontainersecuritycontextupgradeplatformit'
2025-01-28 23:36:09,635 INFO c.h.h.t.HelmChartContainer - [hivemq-test-hivemq-platform] [hivemq-platform-operator] [04b9bc17] 23:36:09.622 [ReconcilerExecutor-hivemq-controller-136] DEBUG c.h.p.o.HiveMQPlatformReconciler - [helmcont] Custom Resource Status ROLLING_RESTART - HiveMQ Platform is restarting Pods (rolling restart) (RESTART_PODS_IN_PROGRESS)
2025-01-28 23:36:09,636 INFO c.h.h.t.HelmChartContainer - [hivemq-test-hivemq-platform] [hivemq-platform-operator] [04b9bc17] 23:36:09.622 [ReconcilerExecutor-hivemq-controller-136] DEBUG c.h.p.o.HiveMQPlatformReconciler - [helmcont] Custom Resource Spec (replicas: 1) (extensions: 1)
2025-01-28 23:36:09,636 INFO c.h.h.t.HelmChartContainer - [hivemq-test-hivemq-platform] [hivemq-platform-operator] [04b9bc17] 23:36:09.624 [ReconcilerExecutor-hivemq-controller-136] DEBUG c.h.p.o.HiveMQPlatformReconciler - [helmcont] StatefulSet Status (revision: test-hivemq-platform-579f489c45, replicas: 2, available: 1, ready: 1, current: 0, updated: 2)
2025-01-28 23:36:09,636 INFO c.h.h.t.HelmChartContainer - [hivemq-test-hivemq-platform] [hivemq-platform-operator] [04b9bc17] 23:36:09.624 [ReconcilerExecutor-hivemq-controller-136] DEBUG c.h.p.o.HiveMQPlatformReconciler - [helmcont] StatefulSet Spec (replicas: 2, init containers: 1, containers: 1, volumes: 3)
2025-01-28 23:36:09,636 INFO c.h.h.t.HelmChartContainer - [hivemq-test-hivemq-platform] [hivemq-platform-operator] [04b9bc17] 23:36:09.625 [ReconcilerExecutor-hivemq-controller-136] DEBUG c.h.p.o.h.HiveMQPlatformReconcilerErrorHandler - [helmcont] Pod 'test-hivemq-platform-1' phase Running
2025-01-28 23:36:09,636 INFO c.h.h.t.HelmChartContainer - [hivemq-test-hivemq-platform] [hivemq-platform-operator] [04b9bc17] 23:36:09.629 [ReconcilerExecutor-hivemq-controller-136] DEBUG c.h.p.o.h.HiveMQPlatformReconcilerErrorHandler - [helmcont] Pod 'test-hivemq-platform-0' phase Pending
2025-01-28 23:36:09,636 INFO c.h.h.t.HelmChartContainer - [hivemq-test-hivemq-platform] [hivemq-platform-operator] [04b9bc17] 23:36:09.629 [ReconcilerExecutor-hivemq-controller-136] DEBUG c.h.p.o.h.HiveMQPlatformReconcilerErrorHandler - [helmcont] Pod 'test-hivemq-platform-0' condition 'PodReadyToStartContainers': True
2025-01-28 23:36:09,636 INFO c.h.h.t.HelmChartContainer - [hivemq-test-hivemq-platform] [hivemq-platform-operator] [04b9bc17] 23:36:09.629 [ReconcilerExecutor-hivemq-controller-136] DEBUG c.h.p.o.h.HiveMQPlatformReconcilerErrorHandler - [helmcont] Pod 'test-hivemq-platform-0' condition 'Initialized': True
2025-01-28 23:36:09,636 INFO c.h.h.t.HelmChartContainer - [hivemq-test-hivemq-platform] [hivemq-platform-operator] [04b9bc17] 23:36:09.629 [ReconcilerExecutor-hivemq-controller-136] DEBUG c.h.p.o.h.HiveMQPlatformReconcilerErrorHandler - [helmcont] Pod 'test-hivemq-platform-0' condition 'Ready': False
2025-01-28 23:36:09,636 INFO c.h.h.t.HelmChartContainer - [hivemq-test-hivemq-platform] [hivemq-platform-operator] [04b9bc17] 23:36:09.629 [ReconcilerExecutor-hivemq-controller-136] DEBUG c.h.p.o.h.HiveMQPlatformReconcilerErrorHandler - [helmcont] Pod 'test-hivemq-platform-0' condition 'ContainersReady': False
2025-01-28 23:36:09,636 INFO c.h.h.t.HelmChartContainer - [hivemq-test-hivemq-platform] [hivemq-platform-operator] [04b9bc17] 23:36:09.629 [ReconcilerExecutor-hivemq-controller-136] DEBUG c.h.p.o.h.HiveMQPlatformReconcilerErrorHandler - [helmcont] Pod 'test-hivemq-platform-0' condition 'PodScheduled': True
2025-01-28 23:36:09,636 INFO c.h.h.t.HelmChartContainer - [hivemq-test-hivemq-platform] [hivemq-platform-operator] [04b9bc17] 23:36:09.629 [ReconcilerExecutor-hivemq-controller-136] DEBUG c.h.p.o.h.HiveMQPlatformReconcilerErrorHandler - [helmcont] Pod 'test-hivemq-platform-0' containerStatus 'hivemq' (started: false) (ready: false) (waiting: [PodInitializing] null)
2025-01-28 23:36:09,636 INFO c.h.h.t.HelmChartContainer - [hivemq-test-hivemq-platform] [hivemq-platform-operator] [04b9bc17] 23:36:09.629 [ReconcilerExecutor-hivemq-controller-136] DEBUG c.h.p.o.h.HiveMQPlatformReconcilerRollingRestartHandler - [helmcont] Rolling restart is waiting for 1 of 2 replicas
2025-01-28 23:36:10,600 INFO c.h.h.t.HelmChartContainer - [POD] test-hivemq-platform-0 [d3014e5b-79ce-4d88-878a-b677d507b12d] in helmcontainersecuritycontextupgradeplatformit was MODIFIED
2025-01-28 23:36:10,614 INFO c.h.h.t.HelmChartContainer - [hivemq-test-hivemq-platform] [hivemq-platform-operator] [04b9bc17] 23:36:10.611 [pool-6-thread-26] DEBUG c.h.p.o.dependants.PodInfoConfigMap - [helmcont] Desired PodInfo ConfigMap (1 extensions) (1 enabled)
2025-01-28 23:36:10,614 INFO c.h.h.t.HelmChartContainer - [hivemq-test-hivemq-platform] [hivemq-platform-operator] [04b9bc17] 23:36:10.611 [pool-6-thread-26] DEBUG c.h.p.o.dependants.PodInfoConfigMap - [helmcont] Desired PodInfo ConfigMap (metrics port: 9399) (metrics path: /)
2025-01-28 23:36:10,614 INFO c.h.h.t.HelmChartContainer - [hivemq-test-hivemq-platform] [hivemq-platform-operator] [04b9bc17] 23:36:10.611 [pool-6-thread-26] DEBUG c.h.p.o.dependants.PodInfoConfigMap - [helmcont] Desired PodInfo ConfigMap (extension state hash: -1817474005)
2025-01-28 23:36:10,614 INFO c.h.h.t.HelmChartContainer - [hivemq-test-hivemq-platform] [hivemq-platform-operator] [04b9bc17] 23:36:10.611 [pool-6-thread-26] DEBUG c.h.p.o.d.PodServiceAccountResource - [helmcont] Desired PodServiceAccountResource (serviceAccountName: hivemq-platform-pod-test-hivemq-platform)
2025-01-28 23:36:10,614 INFO c.h.h.t.HelmChartContainer - [hivemq-test-hivemq-platform] [hivemq-platform-operator] [04b9bc17] 23:36:10.612 [pool-6-thread-24] DEBUG c.h.p.o.d.PlatformServiceResource - [helmcont] Desired Platform services (3 services)
2025-01-28 23:36:10,617 INFO c.h.h.t.HelmChartContainer - [EVENT] Normal [Started] Started container hivemq [helmcontainersecuritycontextupgradeplatformit:test-hivemq-platform-0]
2025-01-28 23:36:10,617 INFO c.h.h.t.HelmChartContainer - Received Started event for container hivemq in pod test-hivemq-platform-0 [d3014e5b-79ce-4d88-878a-b677d507b12d]
2025-01-28 23:36:10,618 INFO c.h.h.t.HelmChartContainer - Started log watcher for hivemq in pod test-hivemq-platform-0 [d3014e5b-79ce-4d88-878a-b677d507b12d]
2025-01-28 23:36:10,618 INFO c.h.h.t.HelmChartContainer - [test-hivemq-platform] [hivemq] [d3014e5b] Adding pre-installed HiveMQ Platform Operator extensions
2025-01-28 23:36:10,619 INFO c.h.h.t.HelmChartContainer - [test-hivemq-platform] [hivemq] [d3014e5b] Running as user 0
2025-01-28 23:36:10,619 INFO c.h.h.t.HelmChartContainer - [test-hivemq-platform] [hivemq] [d3014e5b] Starting HiveMQ Platform Operator Init
2025-01-28 23:36:10,622 INFO c.h.h.t.HelmChartContainer - [hivemq-test-hivemq-platform] [hivemq-platform-operator] [04b9bc17] 23:36:10.618 [pool-6-thread-24] DEBUG c.h.p.o.d.StatefulSetResource - [helmcont] Desired StatefulSet (2 replicas) for status ROLLING_RESTART (RESTART_PODS_IN_PROGRESS)
2025-01-28 23:36:10,625 INFO c.h.h.t.HelmChartContainer - [hivemq-test-hivemq-platform] [hivemq-platform-operator] [04b9bc17] 23:36:10.624 [ReconcilerExecutor-hivemq-controller-137] INFO  c.h.p.o.HiveMQPlatformReconciler - [helmcont] Reconciling HiveMQ Platform 'test-hivemq-platform' in namespace 'helmcontainersecuritycontextupgradeplatformit'
2025-01-28 23:36:10,626 INFO c.h.h.t.HelmChartContainer - [hivemq-test-hivemq-platform] [hivemq-platform-operator] [04b9bc17] 23:36:10.624 [ReconcilerExecutor-hivemq-controller-137] DEBUG c.h.p.o.HiveMQPlatformReconciler - [helmcont] Custom Resource Status ROLLING_RESTART - HiveMQ Platform is restarting Pods (rolling restart) (RESTART_PODS_IN_PROGRESS)
2025-01-28 23:36:10,626 INFO c.h.h.t.HelmChartContainer - [hivemq-test-hivemq-platform] [hivemq-platform-operator] [04b9bc17] 23:36:10.624 [ReconcilerExecutor-hivemq-controller-137] DEBUG c.h.p.o.HiveMQPlatformReconciler - [helmcont] Custom Resource Spec (replicas: 1) (extensions: 1)
2025-01-28 23:36:10,627 INFO c.h.h.t.HelmChartContainer - [hivemq-test-hivemq-platform] [hivemq-platform-operator] [04b9bc17] 23:36:10.625 [ReconcilerExecutor-hivemq-controller-137] DEBUG c.h.p.o.HiveMQPlatformReconciler - [helmcont] StatefulSet Status (revision: test-hivemq-platform-579f489c45, replicas: 2, available: 1, ready: 1, current: 0, updated: 2)
2025-01-28 23:36:10,627 INFO c.h.h.t.HelmChartContainer - [hivemq-test-hivemq-platform] [hivemq-platform-operator] [04b9bc17] 23:36:10.625 [ReconcilerExecutor-hivemq-controller-137] DEBUG c.h.p.o.HiveMQPlatformReconciler - [helmcont] StatefulSet Spec (replicas: 2, init containers: 1, containers: 1, volumes: 3)
2025-01-28 23:36:10,627 INFO c.h.h.t.HelmChartContainer - [hivemq-test-hivemq-platform] [hivemq-platform-operator] [04b9bc17] 23:36:10.626 [ReconcilerExecutor-hivemq-controller-137] DEBUG c.h.p.o.h.HiveMQPlatformReconcilerErrorHandler - [helmcont] Pod 'test-hivemq-platform-1' phase Running
2025-01-28 23:36:10,628 INFO c.h.h.t.HelmChartContainer - [hivemq-test-hivemq-platform] [hivemq-platform-operator] [04b9bc17] 23:36:10.627 [ReconcilerExecutor-hivemq-controller-137] DEBUG c.h.p.o.h.HiveMQPlatformReconcilerErrorHandler - [helmcont] Pod 'test-hivemq-platform-0' phase Running
2025-01-28 23:36:10,629 INFO c.h.h.t.HelmChartContainer - [hivemq-test-hivemq-platform] [hivemq-platform-operator] [04b9bc17] 23:36:10.628 [ReconcilerExecutor-hivemq-controller-137] DEBUG c.h.p.o.h.HiveMQPlatformReconcilerRollingRestartHandler - [helmcont] Rolling restart is waiting for 1 of 2 replicas
2025-01-28 23:36:10,976 INFO c.h.h.t.HelmChartContainer - [test-hivemq-platform] [hivemq] [d3014e5b] INFO  - [HiveMQ Platform Operator Init 1.7.0-SNAPSHOT] HiveMQ Platform Operator Init 1.7.0-SNAPSHOT (commit: bebf408 on branch: HEAD) built on Sun Jan 26 20:47:47 UTC 2025
2025-01-28 23:36:12,175 INFO c.h.h.t.HelmChartContainer - [test-hivemq-platform] [hivemq] [d3014e5b] INFO  - [HiveMQ Platform Operator Init App 1.7.0-SNAPSHOT] Using bind address 10.42.0.8 from environment variable
2025-01-28 23:36:13,078 INFO c.h.h.t.HelmChartContainer - [test-hivemq-platform] [hivemq] [d3014e5b] INFO  - [HiveMQ Platform Operator Init App 1.7.0-SNAPSHOT] HiveMQ Platform Operator Init App 1.7.0-SNAPSHOT (commit: bebf408 on branch: HEAD) built on Sun Jan 26 20:47:47 UTC 2025
2025-01-28 23:36:13,079 INFO c.h.h.t.HelmChartContainer - [test-hivemq-platform] [hivemq] [d3014e5b] INFO  - [HiveMQ Platform Operator Init App 1.7.0-SNAPSHOT] PodInfo ConfigMap directory: /etc/podinfo
2025-01-28 23:36:13,079 INFO c.h.h.t.HelmChartContainer - [test-hivemq-platform] [hivemq] [d3014e5b] INFO  - [HiveMQ Platform Operator Init App 1.7.0-SNAPSHOT] HiveMQ home directory: /opt/hivemq
2025-01-28 23:36:13,079 INFO c.h.h.t.HelmChartContainer - [test-hivemq-platform] [hivemq] [d3014e5b] INFO  - [HiveMQ Platform Operator Init App 1.7.0-SNAPSHOT] HiveMQ Logback folder: /opt/hivemq/conf
2025-01-28 23:36:13,079 INFO c.h.h.t.HelmChartContainer - [test-hivemq-platform] [hivemq] [d3014e5b] INFO  - [HiveMQ Platform Operator Init App 1.7.0-SNAPSHOT] HiveMQ Config folder: /opt/hivemq/conf-k8s
2025-01-28 23:36:13,079 INFO c.h.h.t.HelmChartContainer - [test-hivemq-platform] [hivemq] [d3014e5b] INFO  - [HiveMQ Platform Operator Init App 1.7.0-SNAPSHOT] Starting HiveMQ Platform Operator Init App
2025-01-28 23:36:13,079 INFO c.h.h.t.HelmChartContainer - [test-hivemq-platform] [hivemq] [d3014e5b] INFO  - [HiveMQ Platform Operator Init App 1.7.0-SNAPSHOT] Starting Pod reconciler
2025-01-28 23:36:14,368 INFO c.h.h.t.HelmChartContainer - [test-hivemq-platform] [hivemq] [d3014e5b] INFO  - [HiveMQ Platform Operator Init App 1.7.0-SNAPSHOT] Pod reconciler is scheduled (interval: 5000 ms)
2025-01-28 23:36:14,368 INFO c.h.h.t.HelmChartContainer - [test-hivemq-platform] [hivemq] [d3014e5b] INFO  - [HiveMQ Platform Operator Init App 1.7.0-SNAPSHOT] Starting the REST API on 10.42.0.8:7979
2025-01-28 23:36:14,371 INFO c.h.h.t.HelmChartContainer - [test-hivemq-platform] [hivemq] [d3014e5b] INFO  - [HiveMQ Platform Operator Init App 1.7.0-SNAPSHOT] Waiting up to 600s for at most 2 HiveMQ nodes in cluster service hivemq-test-hivemq-platform-cluster.helmcontainersecuritycontextupgradeplatformit.svc
2025-01-28 23:36:14,769 INFO c.h.h.t.HelmChartContainer - [test-hivemq-platform] [hivemq] [d3014e5b] INFO  - [HiveMQ Platform Operator Init App 1.7.0-SNAPSHOT] Resolved 2 IP addresses: [10.42.0.7, 10.42.0.8]
2025-01-28 23:36:14,770 INFO c.h.h.t.HelmChartContainer - [test-hivemq-platform] [hivemq] [d3014e5b] INFO  - [HiveMQ Platform Operator Init App 1.7.0-SNAPSHOT] HiveMQ node count of 2 is within threshold of 2
2025-01-28 23:36:14,770 INFO c.h.h.t.HelmChartContainer - [test-hivemq-platform] [hivemq] [d3014e5b] INFO  - [HiveMQ Platform Operator Init App 1.7.0-SNAPSHOT] Waiting 15s for previous shutdown replication to finish...
2025-01-28 23:36:16,598 INFO c.h.h.t.HelmChartContainer - [test-hivemq-platform] [hivemq] [d3014e5b] INFO  - [HiveMQ Platform Operator Init App 1.7.0-SNAPSHOT] Returning default Health API response 503 for readiness
2025-01-28 23:36:16,681 INFO c.h.h.t.HelmChartContainer - [EVENT] Warning [Unhealthy] Readiness probe failed: HTTP probe failed with statuscode: 503 [helmcontainersecuritycontextupgradeplatformit:test-hivemq-platform-0]
2025-01-28 23:36:16,681 INFO c.h.h.t.HelmChartContainer - Received Unhealthy event for container hivemq in pod test-hivemq-platform-0 [d3014e5b-79ce-4d88-878a-b677d507b12d]
2025-01-28 23:36:20,632 INFO c.h.h.t.HelmChartContainer - [hivemq-test-hivemq-platform] [hivemq-platform-operator] [04b9bc17] 23:36:20.630 [pool-6-thread-36] DEBUG c.h.p.o.d.PodServiceAccountResource - [helmcont] Desired PodServiceAccountResource (serviceAccountName: hivemq-platform-pod-test-hivemq-platform)
2025-01-28 23:36:20,632 INFO c.h.h.t.HelmChartContainer - [hivemq-test-hivemq-platform] [hivemq-platform-operator] [04b9bc17] 23:36:20.631 [pool-6-thread-38] DEBUG c.h.p.o.dependants.PodInfoConfigMap - [helmcont] Desired PodInfo ConfigMap (1 extensions) (1 enabled)
2025-01-28 23:36:20,632 INFO c.h.h.t.HelmChartContainer - [hivemq-test-hivemq-platform] [hivemq-platform-operator] [04b9bc17] 23:36:20.631 [pool-6-thread-38] DEBUG c.h.p.o.dependants.PodInfoConfigMap - [helmcont] Desired PodInfo ConfigMap (metrics port: 9399) (metrics path: /)
2025-01-28 23:36:20,632 INFO c.h.h.t.HelmChartContainer - [hivemq-test-hivemq-platform] [hivemq-platform-operator] [04b9bc17] 23:36:20.631 [pool-6-thread-38] DEBUG c.h.p.o.dependants.PodInfoConfigMap - [helmcont] Desired PodInfo ConfigMap (extension state hash: -1817474005)
2025-01-28 23:36:20,633 INFO c.h.h.t.HelmChartContainer - [hivemq-test-hivemq-platform] [hivemq-platform-operator] [04b9bc17] 23:36:20.630 [pool-6-thread-32] DEBUG c.h.p.o.d.PlatformServiceResource - [helmcont] Desired Platform services (3 services)
2025-01-28 23:36:20,637 INFO c.h.h.t.HelmChartContainer - [hivemq-test-hivemq-platform] [hivemq-platform-operator] [04b9bc17] 23:36:20.636 [pool-6-thread-32] DEBUG c.h.p.o.d.StatefulSetResource - [helmcont] Desired StatefulSet (2 replicas) for status ROLLING_RESTART (RESTART_PODS_IN_PROGRESS)
2025-01-28 23:36:20,639 INFO c.h.h.t.HelmChartContainer - [hivemq-test-hivemq-platform] [hivemq-platform-operator] [04b9bc17] 23:36:20.639 [ReconcilerExecutor-hivemq-controller-138] INFO  c.h.p.o.HiveMQPlatformReconciler - [helmcont] Reconciling HiveMQ Platform 'test-hivemq-platform' in namespace 'helmcontainersecuritycontextupgradeplatformit'
2025-01-28 23:36:20,639 INFO c.h.h.t.HelmChartContainer - [hivemq-test-hivemq-platform] [hivemq-platform-operator] [04b9bc17] 23:36:20.639 [ReconcilerExecutor-hivemq-controller-138] DEBUG c.h.p.o.HiveMQPlatformReconciler - [helmcont] Custom Resource Status ROLLING_RESTART - HiveMQ Platform is restarting Pods (rolling restart) (RESTART_PODS_IN_PROGRESS)
2025-01-28 23:36:20,639 INFO c.h.h.t.HelmChartContainer - [hivemq-test-hivemq-platform] [hivemq-platform-operator] [04b9bc17] 23:36:20.639 [ReconcilerExecutor-hivemq-controller-138] DEBUG c.h.p.o.HiveMQPlatformReconciler - [helmcont] Custom Resource Spec (replicas: 1) (extensions: 1)
2025-01-28 23:36:20,641 INFO c.h.h.t.HelmChartContainer - [hivemq-test-hivemq-platform] [hivemq-platform-operator] [04b9bc17] 23:36:20.640 [ReconcilerExecutor-hivemq-controller-138] DEBUG c.h.p.o.HiveMQPlatformReconciler - [helmcont] StatefulSet Status (revision: test-hivemq-platform-579f489c45, replicas: 2, available: 1, ready: 1, current: 0, updated: 2)
2025-01-28 23:36:20,641 INFO c.h.h.t.HelmChartContainer - [hivemq-test-hivemq-platform] [hivemq-platform-operator] [04b9bc17] 23:36:20.640 [ReconcilerExecutor-hivemq-controller-138] DEBUG c.h.p.o.HiveMQPlatformReconciler - [helmcont] StatefulSet Spec (replicas: 2, init containers: 1, containers: 1, volumes: 3)
2025-01-28 23:36:20,642 INFO c.h.h.t.HelmChartContainer - [hivemq-test-hivemq-platform] [hivemq-platform-operator] [04b9bc17] 23:36:20.641 [ReconcilerExecutor-hivemq-controller-138] DEBUG c.h.p.o.h.HiveMQPlatformReconcilerErrorHandler - [helmcont] Pod 'test-hivemq-platform-1' phase Running
2025-01-28 23:36:20,643 INFO c.h.h.t.HelmChartContainer - [hivemq-test-hivemq-platform] [hivemq-platform-operator] [04b9bc17] 23:36:20.642 [ReconcilerExecutor-hivemq-controller-138] DEBUG c.h.p.o.h.HiveMQPlatformReconcilerErrorHandler - [helmcont] Pod 'test-hivemq-platform-0' phase Running
2025-01-28 23:36:20,644 INFO c.h.h.t.HelmChartContainer - [hivemq-test-hivemq-platform] [hivemq-platform-operator] [04b9bc17] 23:36:20.643 [ReconcilerExecutor-hivemq-controller-138] DEBUG c.h.p.o.h.HiveMQPlatformReconcilerRollingRestartHandler - [helmcont] Rolling restart is waiting for 1 of 2 replicas
2025-01-28 23:36:21,678 INFO c.h.h.t.HelmChartContainer - [EVENT] Warning [Unhealthy] Readiness probe failed: HTTP probe failed with statuscode: 503 [helmcontainersecuritycontextupgradeplatformit:test-hivemq-platform-0]
2025-01-28 23:36:21,678 INFO c.h.h.t.HelmChartContainer - Received Unhealthy event for container hivemq in pod test-hivemq-platform-0 [d3014e5b-79ce-4d88-878a-b677d507b12d]
2025-01-28 23:36:21,683 INFO c.h.h.t.HelmChartContainer - [test-hivemq-platform] [hivemq] [d3014e5b] INFO  - [HiveMQ Platform Operator Init App 1.7.0-SNAPSHOT] Updating Pod HiveMQ Platform Operator Init App version annotation (version: 1.7.0-SNAPSHOT)
2025-01-28 23:36:22,088 INFO c.h.h.t.HelmChartContainer - [POD] test-hivemq-platform-0 [d3014e5b-79ce-4d88-878a-b677d507b12d] in helmcontainersecuritycontextupgradeplatformit was MODIFIED
2025-01-28 23:36:22,091 INFO c.h.h.t.HelmChartContainer - [EVENT] Warning [Unhealthy] Readiness probe failed: HTTP probe failed with statuscode: 503 [helmcontainersecuritycontextupgradeplatformit:test-hivemq-platform-0]
2025-01-28 23:36:22,091 INFO c.h.h.t.HelmChartContainer - Received Unhealthy event for container hivemq in pod test-hivemq-platform-0 [d3014e5b-79ce-4d88-878a-b677d507b12d]
2025-01-28 23:36:22,093 INFO c.h.h.t.HelmChartContainer - [hivemq-test-hivemq-platform] [hivemq-platform-operator] [04b9bc17] 23:36:22.092 [pool-6-thread-46] DEBUG c.h.p.o.d.PlatformServiceResource - [helmcont] Desired Platform services (3 services)
2025-01-28 23:36:22,094 INFO c.h.h.t.HelmChartContainer - [hivemq-test-hivemq-platform] [hivemq-platform-operator] [04b9bc17] 23:36:22.093 [pool-6-thread-48] DEBUG c.h.p.o.dependants.PodInfoConfigMap - [helmcont] Desired PodInfo ConfigMap (1 extensions) (1 enabled)
2025-01-28 23:36:22,094 INFO c.h.h.t.HelmChartContainer - [hivemq-test-hivemq-platform] [hivemq-platform-operator] [04b9bc17] 23:36:22.093 [pool-6-thread-48] DEBUG c.h.p.o.dependants.PodInfoConfigMap - [helmcont] Desired PodInfo ConfigMap (metrics port: 9399) (metrics path: /)
2025-01-28 23:36:22,094 INFO c.h.h.t.HelmChartContainer - [hivemq-test-hivemq-platform] [hivemq-platform-operator] [04b9bc17] 23:36:22.093 [pool-6-thread-48] DEBUG c.h.p.o.dependants.PodInfoConfigMap - [helmcont] Desired PodInfo ConfigMap (extension state hash: -1817474005)
2025-01-28 23:36:22,095 INFO c.h.h.t.HelmChartContainer - [hivemq-test-hivemq-platform] [hivemq-platform-operator] [04b9bc17] 23:36:22.093 [pool-6-thread-49] DEBUG c.h.p.o.d.PodServiceAccountResource - [helmcont] Desired PodServiceAccountResource (serviceAccountName: hivemq-platform-pod-test-hivemq-platform)
2025-01-28 23:36:22,099 INFO c.h.h.t.HelmChartContainer - [hivemq-test-hivemq-platform] [hivemq-platform-operator] [04b9bc17] 23:36:22.098 [pool-6-thread-46] DEBUG c.h.p.o.d.StatefulSetResource - [helmcont] Desired StatefulSet (2 replicas) for status ROLLING_RESTART (RESTART_PODS_IN_PROGRESS)
2025-01-28 23:36:22,103 INFO c.h.h.t.HelmChartContainer - [hivemq-test-hivemq-platform] [hivemq-platform-operator] [04b9bc17] 23:36:22.100 [ReconcilerExecutor-hivemq-controller-139] INFO  c.h.p.o.HiveMQPlatformReconciler - [helmcont] Reconciling HiveMQ Platform 'test-hivemq-platform' in namespace 'helmcontainersecuritycontextupgradeplatformit'
2025-01-28 23:36:22,103 INFO c.h.h.t.HelmChartContainer - [hivemq-test-hivemq-platform] [hivemq-platform-operator] [04b9bc17] 23:36:22.100 [ReconcilerExecutor-hivemq-controller-139] DEBUG c.h.p.o.HiveMQPlatformReconciler - [helmcont] Custom Resource Status ROLLING_RESTART - HiveMQ Platform is restarting Pods (rolling restart) (RESTART_PODS_IN_PROGRESS)
2025-01-28 23:36:22,103 INFO c.h.h.t.HelmChartContainer - [hivemq-test-hivemq-platform] [hivemq-platform-operator] [04b9bc17] 23:36:22.100 [ReconcilerExecutor-hivemq-controller-139] DEBUG c.h.p.o.HiveMQPlatformReconciler - [helmcont] Custom Resource Spec (replicas: 1) (extensions: 1)
2025-01-28 23:36:22,103 INFO c.h.h.t.HelmChartContainer - [hivemq-test-hivemq-platform] [hivemq-platform-operator] [04b9bc17] 23:36:22.101 [ReconcilerExecutor-hivemq-controller-139] DEBUG c.h.p.o.HiveMQPlatformReconciler - [helmcont] StatefulSet Status (revision: test-hivemq-platform-579f489c45, replicas: 2, available: 1, ready: 1, current: 0, updated: 2)
2025-01-28 23:36:22,104 INFO c.h.h.t.HelmChartContainer - [hivemq-test-hivemq-platform] [hivemq-platform-operator] [04b9bc17] 23:36:22.101 [ReconcilerExecutor-hivemq-controller-139] DEBUG c.h.p.o.HiveMQPlatformReconciler - [helmcont] StatefulSet Spec (replicas: 2, init containers: 1, containers: 1, volumes: 3)
2025-01-28 23:36:22,104 INFO c.h.h.t.HelmChartContainer - [hivemq-test-hivemq-platform] [hivemq-platform-operator] [04b9bc17] 23:36:22.103 [ReconcilerExecutor-hivemq-controller-139] DEBUG c.h.p.o.h.HiveMQPlatformReconcilerErrorHandler - [helmcont] Pod 'test-hivemq-platform-1' phase Running
2025-01-28 23:36:22,105 INFO c.h.h.t.HelmChartContainer - [hivemq-test-hivemq-platform] [hivemq-platform-operator] [04b9bc17] 23:36:22.104 [ReconcilerExecutor-hivemq-controller-139] DEBUG c.h.p.o.h.HiveMQPlatformReconcilerErrorHandler - [helmcont] Pod 'test-hivemq-platform-0' phase Running
2025-01-28 23:36:22,106 INFO c.h.h.t.HelmChartContainer - [hivemq-test-hivemq-platform] [hivemq-platform-operator] [04b9bc17] 23:36:22.105 [ReconcilerExecutor-hivemq-controller-139] DEBUG c.h.p.o.h.HiveMQPlatformReconcilerRollingRestartHandler - [helmcont] Rolling restart is waiting for 1 of 2 replicas
2025-01-28 23:36:22,165 INFO c.h.h.t.HelmChartContainer - [test-hivemq-platform] [hivemq] [d3014e5b] INFO  - [HiveMQ Platform Operator Init App 1.7.0-SNAPSHOT] Successfully updated Pod HiveMQ Platform Operator Init App version annotation (version: 1.7.0-SNAPSHOT)
2025-01-28 23:36:27,087 INFO c.h.h.t.HelmChartContainer - [EVENT] Warning [Unhealthy] Readiness probe failed: HTTP probe failed with statuscode: 503 [helmcontainersecuritycontextupgradeplatformit:test-hivemq-platform-0]
2025-01-28 23:36:27,087 INFO c.h.h.t.HelmChartContainer - Received Unhealthy event for container hivemq in pod test-hivemq-platform-0 [d3014e5b-79ce-4d88-878a-b677d507b12d]
2025-01-28 23:36:29,770 INFO c.h.h.t.HelmChartContainer - [test-hivemq-platform] [hivemq] [d3014e5b] INFO  - [HiveMQ Platform Operator Init App 1.7.0-SNAPSHOT] Proceeding with container start
2025-01-28 23:36:29,773 INFO c.h.h.t.HelmChartContainer - [test-hivemq-platform] [hivemq] [d3014e5b] INFO  - [HiveMQ Platform Operator Init App 1.7.0-SNAPSHOT] Initializing HiveMQ Platform extensions with initial configuration: {hivemq-allow-all-extension={start-priority=-1, skip-https-hostname-verification=false, restart=true, config-version=0, header-version=0, c-uri=, priority=-1, uri=preinstalled, skip-https-certificate-validation=false, enabled=true}, hivemq-prometheus-extension={enabled=true, restart=true, priority=-1, start-priority=-1, c-uri=, skip-https-hostname-verification=false, skip-https-certificate-validation=false, uri=preinstalled, request-header-path=no-request-headers}}
2025-01-28 23:36:30,188 INFO c.h.h.t.HelmChartContainer - [test-hivemq-platform] [hivemq] [d3014e5b] INFO  - [HiveMQ Platform Operator Init App 1.7.0-SNAPSHOT] Extension hivemq-allow-all-extension was already enabled
2025-01-28 23:36:30,277 INFO c.h.h.t.HelmChartContainer - [test-hivemq-platform] [hivemq] [d3014e5b] INFO  - [HiveMQ Platform Operator Init App 1.7.0-SNAPSHOT] Successfully enabled extension hivemq-prometheus-extension
2025-01-28 23:36:30,279 INFO c.h.h.t.HelmChartContainer - [test-hivemq-platform] [hivemq] [d3014e5b] INFO  - [HiveMQ Platform Operator Init App 1.7.0-SNAPSHOT] Starting HiveMQ Platform version 4.36.0 (4.36.0)
2025-01-28 23:36:30,279 INFO c.h.h.t.HelmChartContainer - [test-hivemq-platform] [hivemq] [d3014e5b] INFO  - [HiveMQ Platform Operator Init App 1.7.0-SNAPSHOT] Configuring the HiveMQ Platform
2025-01-28 23:36:30,372 INFO c.h.h.t.HelmChartContainer - [test-hivemq-platform] [hivemq] [d3014e5b] INFO  - [HiveMQ Platform Operator Init App 1.7.0-SNAPSHOT] Changed logback.xml file scan period to 20 seconds
2025-01-28 23:36:30,467 INFO c.h.h.t.HelmChartContainer - [test-hivemq-platform] [hivemq] [d3014e5b] INFO  - [HiveMQ Platform Operator Init App 1.7.0-SNAPSHOT] Starting the HiveMQ Platform
2025-01-28 23:36:30,470 INFO c.h.h.t.HelmChartContainer - [test-hivemq-platform] [hivemq] [d3014e5b] -------------------------------------------------------------------------
2025-01-28 23:36:30,470 INFO c.h.h.t.HelmChartContainer - [test-hivemq-platform] [hivemq] [d3014e5b] 
2025-01-28 23:36:30,470 INFO c.h.h.t.HelmChartContainer - [test-hivemq-platform] [hivemq] [d3014e5b]                   _    _  _              __  __   ____
2025-01-28 23:36:30,470 INFO c.h.h.t.HelmChartContainer - [test-hivemq-platform] [hivemq] [d3014e5b]                  | |  | |(_)            |  \/  | / __ \
2025-01-28 23:36:30,470 INFO c.h.h.t.HelmChartContainer - [test-hivemq-platform] [hivemq] [d3014e5b]                  | |__| | _ __   __ ___ | \  / || |  | |
2025-01-28 23:36:30,470 INFO c.h.h.t.HelmChartContainer - [test-hivemq-platform] [hivemq] [d3014e5b]                  |  __  || |\ \ / // _ \| |\/| || |  | |
2025-01-28 23:36:30,470 INFO c.h.h.t.HelmChartContainer - [test-hivemq-platform] [hivemq] [d3014e5b]                  | |  | || | \ V /|  __/| |  | || |__| |
2025-01-28 23:36:30,470 INFO c.h.h.t.HelmChartContainer - [test-hivemq-platform] [hivemq] [d3014e5b]                  |_|  |_||_|  \_/  \___||_|  |_| \___\_\
2025-01-28 23:36:30,471 INFO c.h.h.t.HelmChartContainer - [test-hivemq-platform] [hivemq] [d3014e5b] 
2025-01-28 23:36:30,471 INFO c.h.h.t.HelmChartContainer - [test-hivemq-platform] [hivemq] [d3014e5b] -------------------------------------------------------------------------
2025-01-28 23:36:30,471 INFO c.h.h.t.HelmChartContainer - [test-hivemq-platform] [hivemq] [d3014e5b] 
2025-01-28 23:36:30,471 INFO c.h.h.t.HelmChartContainer - [test-hivemq-platform] [hivemq] [d3014e5b]   HiveMQ Start Script for Linux/Unix v1.14
2025-01-28 23:36:30,471 INFO c.h.h.t.HelmChartContainer - [test-hivemq-platform] [hivemq] [d3014e5b] 
2025-01-28 23:36:30,499 INFO c.h.h.t.HelmChartContainer - [test-hivemq-platform] [hivemq] [d3014e5b] -------------------------------------------------------------------------
2025-01-28 23:36:30,499 INFO c.h.h.t.HelmChartContainer - [test-hivemq-platform] [hivemq] [d3014e5b] 
2025-01-28 23:36:30,499 INFO c.h.h.t.HelmChartContainer - [test-hivemq-platform] [hivemq] [d3014e5b]   HIVEMQ_HOME: /opt/hivemq
2025-01-28 23:36:30,499 INFO c.h.h.t.HelmChartContainer - [test-hivemq-platform] [hivemq] [d3014e5b] 
2025-01-28 23:36:30,499 INFO c.h.h.t.HelmChartContainer - [test-hivemq-platform] [hivemq] [d3014e5b]   JAVA_OPTS: -XX:+UnlockExperimentalVMOptions -XX:InitialRAMPercentage=50 -XX:MaxRAMPercentage=50 -Djava.net.preferIPv4Stack=true --add-opens java.base/java.lang=ALL-UNNAMED --add-opens java.base/java.nio=ALL-UNNAMED --add-opens java.base/sun.nio.ch=ALL-UNNAMED --add-opens jdk.management/com.sun.management.internal=ALL-UNNAMED --add-exports java.base/jdk.internal.misc=ALL-UNNAMED -Djava.security.egd=file:/dev/./urandom -Dcom.sun.management.jmxremote -Dcom.sun.management.jmxremote.port=9010 -Dcom.sun.management.jmxremote.local.only=false -Dcom.sun.management.jmxremote.authenticate=false -Dcom.sun.management.jmxremote.ssl=false -Duser.language=en -Duser.region=US -XX:+CrashOnOutOfMemoryError -XX:+HeapDumpOnOutOfMemoryError
2025-01-28 23:36:30,499 INFO c.h.h.t.HelmChartContainer - [test-hivemq-platform] [hivemq] [d3014e5b] 
2025-01-28 23:36:30,499 INFO c.h.h.t.HelmChartContainer - [test-hivemq-platform] [hivemq] [d3014e5b]   JAVA_VERSION: 21
2025-01-28 23:36:30,499 INFO c.h.h.t.HelmChartContainer - [test-hivemq-platform] [hivemq] [d3014e5b] 
2025-01-28 23:36:30,499 INFO c.h.h.t.HelmChartContainer - [test-hivemq-platform] [hivemq] [d3014e5b] -------------------------------------------------------------------------
2025-01-28 23:36:30,499 INFO c.h.h.t.HelmChartContainer - [test-hivemq-platform] [hivemq] [d3014e5b] 
2025-01-28 23:36:32,088 INFO c.h.h.t.HelmChartContainer - [EVENT] Warning [Unhealthy] Readiness probe failed: HTTP probe failed with statuscode: 503 [helmcontainersecuritycontextupgradeplatformit:test-hivemq-platform-0]
2025-01-28 23:36:32,088 INFO c.h.h.t.HelmChartContainer - Received Unhealthy event for container hivemq in pod test-hivemq-platform-0 [d3014e5b-79ce-4d88-878a-b677d507b12d]
2025-01-28 23:36:32,110 INFO c.h.h.t.HelmChartContainer - [hivemq-test-hivemq-platform] [hivemq-platform-operator] [04b9bc17] 23:36:32.107 [pool-6-thread-6] DEBUG c.h.p.o.d.PlatformServiceResource - [helmcont] Desired Platform services (3 services)
2025-01-28 23:36:32,110 INFO c.h.h.t.HelmChartContainer - [hivemq-test-hivemq-platform] [hivemq-platform-operator] [04b9bc17] 23:36:32.108 [pool-6-thread-1] DEBUG c.h.p.o.d.PodServiceAccountResource - [helmcont] Desired PodServiceAccountResource (serviceAccountName: hivemq-platform-pod-test-hivemq-platform)
2025-01-28 23:36:32,110 INFO c.h.h.t.HelmChartContainer - [hivemq-test-hivemq-platform] [hivemq-platform-operator] [04b9bc17] 23:36:32.108 [pool-6-thread-3] DEBUG c.h.p.o.dependants.PodInfoConfigMap - [helmcont] Desired PodInfo ConfigMap (1 extensions) (1 enabled)
2025-01-28 23:36:32,110 INFO c.h.h.t.HelmChartContainer - [hivemq-test-hivemq-platform] [hivemq-platform-operator] [04b9bc17] 23:36:32.108 [pool-6-thread-3] DEBUG c.h.p.o.dependants.PodInfoConfigMap - [helmcont] Desired PodInfo ConfigMap (metrics port: 9399) (metrics path: /)
2025-01-28 23:36:32,110 INFO c.h.h.t.HelmChartContainer - [hivemq-test-hivemq-platform] [hivemq-platform-operator] [04b9bc17] 23:36:32.108 [pool-6-thread-3] DEBUG c.h.p.o.dependants.PodInfoConfigMap - [helmcont] Desired PodInfo ConfigMap (extension state hash: -1817474005)
2025-01-28 23:36:32,112 INFO c.h.h.t.HelmChartContainer - [hivemq-test-hivemq-platform] [hivemq-platform-operator] [04b9bc17] 23:36:32.112 [pool-6-thread-6] DEBUG c.h.p.o.d.StatefulSetResource - [helmcont] Desired StatefulSet (2 replicas) for status ROLLING_RESTART (RESTART_PODS_IN_PROGRESS)
2025-01-28 23:36:32,116 INFO c.h.h.t.HelmChartContainer - [hivemq-test-hivemq-platform] [hivemq-platform-operator] [04b9bc17] 23:36:32.115 [ReconcilerExecutor-hivemq-controller-140] INFO  c.h.p.o.HiveMQPlatformReconciler - [helmcont] Reconciling HiveMQ Platform 'test-hivemq-platform' in namespace 'helmcontainersecuritycontextupgradeplatformit'
2025-01-28 23:36:32,116 INFO c.h.h.t.HelmChartContainer - [hivemq-test-hivemq-platform] [hivemq-platform-operator] [04b9bc17] 23:36:32.115 [ReconcilerExecutor-hivemq-controller-140] DEBUG c.h.p.o.HiveMQPlatformReconciler - [helmcont] Custom Resource Status ROLLING_RESTART - HiveMQ Platform is restarting Pods (rolling restart) (RESTART_PODS_IN_PROGRESS)
2025-01-28 23:36:32,116 INFO c.h.h.t.HelmChartContainer - [hivemq-test-hivemq-platform] [hivemq-platform-operator] [04b9bc17] 23:36:32.115 [ReconcilerExecutor-hivemq-controller-140] DEBUG c.h.p.o.HiveMQPlatformReconciler - [helmcont] Custom Resource Spec (replicas: 1) (extensions: 1)
2025-01-28 23:36:32,117 INFO c.h.h.t.HelmChartContainer - [hivemq-test-hivemq-platform] [hivemq-platform-operator] [04b9bc17] 23:36:32.116 [ReconcilerExecutor-hivemq-controller-140] DEBUG c.h.p.o.HiveMQPlatformReconciler - [helmcont] StatefulSet Status (revision: test-hivemq-platform-579f489c45, replicas: 2, available: 1, ready: 1, current: 0, updated: 2)
2025-01-28 23:36:32,117 INFO c.h.h.t.HelmChartContainer - [hivemq-test-hivemq-platform] [hivemq-platform-operator] [04b9bc17] 23:36:32.116 [ReconcilerExecutor-hivemq-controller-140] DEBUG c.h.p.o.HiveMQPlatformReconciler - [helmcont] StatefulSet Spec (replicas: 2, init containers: 1, containers: 1, volumes: 3)
2025-01-28 23:36:32,119 INFO c.h.h.t.HelmChartContainer - [hivemq-test-hivemq-platform] [hivemq-platform-operator] [04b9bc17] 23:36:32.117 [ReconcilerExecutor-hivemq-controller-140] DEBUG c.h.p.o.h.HiveMQPlatformReconcilerErrorHandler - [helmcont] Pod 'test-hivemq-platform-1' phase Running
2025-01-28 23:36:32,119 INFO c.h.h.t.HelmChartContainer - [hivemq-test-hivemq-platform] [hivemq-platform-operator] [04b9bc17] 23:36:32.118 [ReconcilerExecutor-hivemq-controller-140] DEBUG c.h.p.o.h.HiveMQPlatformReconcilerErrorHandler - [helmcont] Pod 'test-hivemq-platform-0' phase Running
2025-01-28 23:36:32,119 INFO c.h.h.t.HelmChartContainer - [hivemq-test-hivemq-platform] [hivemq-platform-operator] [04b9bc17] 23:36:32.118 [ReconcilerExecutor-hivemq-controller-140] DEBUG c.h.p.o.h.HiveMQPlatformReconcilerRollingRestartHandler - [helmcont] Rolling restart is waiting for 1 of 2 replicas
2025-01-28 23:36:32,981 INFO c.h.h.t.HelmChartContainer - [test-hivemq-platform] [hivemq] [d3014e5b] INFO  - Starting HiveMQ Enterprise Server
2025-01-28 23:36:33,069 INFO c.h.h.t.HelmChartContainer - [test-hivemq-platform] [hivemq] [d3014e5b] INFO  - HiveMQ version: 4.36.0
2025-01-28 23:36:33,070 INFO c.h.h.t.HelmChartContainer - [test-hivemq-platform] [hivemq] [d3014e5b] INFO  - HiveMQ home directory: /opt/hivemq
2025-01-28 23:36:33,070 INFO c.h.h.t.HelmChartContainer - [test-hivemq-platform] [hivemq] [d3014e5b] INFO  - Log Configuration was overridden by /opt/hivemq/conf/logback.xml
2025-01-28 23:36:34,185 INFO c.h.h.t.HelmChartContainer - [test-hivemq-platform] [hivemq] [d3014e5b] INFO  - Successfully loaded configuration from '/opt/hivemq/conf-k8s/config.xml'.
2025-01-28 23:36:34,572 INFO c.h.h.t.HelmChartContainer - [test-hivemq-platform] [hivemq] [d3014e5b] INFO  - This node's ID is hjI1K
2025-01-28 23:36:34,573 INFO c.h.h.t.HelmChartContainer - [test-hivemq-platform] [hivemq] [d3014e5b] INFO  - Clustering is enabled
2025-01-28 23:36:37,367 INFO c.h.h.t.HelmChartContainer - [test-hivemq-platform] [hivemq] [d3014e5b] WARN  - [HiveMQ Platform Operator Init App 1.7.0-SNAPSHOT] Cannot connect to Health API for readiness: null
2025-01-28 23:36:37,372 INFO c.h.h.t.HelmChartContainer - [EVENT] Warning [Unhealthy] Readiness probe failed: HTTP probe failed with statuscode: 503 [helmcontainersecuritycontextupgradeplatformit:test-hivemq-platform-0]
2025-01-28 23:36:37,372 INFO c.h.h.t.HelmChartContainer - Received Unhealthy event for container hivemq in pod test-hivemq-platform-0 [d3014e5b-79ce-4d88-878a-b677d507b12d]
2025-01-28 23:36:38,968 INFO c.h.h.t.HelmChartContainer - [test-hivemq-platform] [hivemq] [d3014e5b] WARN  - [HiveMQ Platform Operator Init App 1.7.0-SNAPSHOT] Cannot connect to Health API for liveness: null
2025-01-28 23:36:38,968 INFO c.h.h.t.HelmChartContainer - [test-hivemq-platform] [hivemq] [d3014e5b] INFO  - [HiveMQ Platform Operator Init App 1.7.0-SNAPSHOT] Returning default Health API response 200 for liveness
2025-01-28 23:36:42,123 INFO c.h.h.t.HelmChartContainer - [hivemq-test-hivemq-platform] [hivemq-platform-operator] [04b9bc17] 23:36:42.121 [pool-6-thread-15] DEBUG c.h.p.o.d.PlatformServiceResource - [helmcont] Desired Platform services (3 services)
2025-01-28 23:36:42,123 INFO c.h.h.t.HelmChartContainer - [hivemq-test-hivemq-platform] [hivemq-platform-operator] [04b9bc17] 23:36:42.121 [pool-6-thread-19] DEBUG c.h.p.o.dependants.PodInfoConfigMap - [helmcont] Desired PodInfo ConfigMap (1 extensions) (1 enabled)
2025-01-28 23:36:42,123 INFO c.h.h.t.HelmChartContainer - [hivemq-test-hivemq-platform] [hivemq-platform-operator] [04b9bc17] 23:36:42.121 [pool-6-thread-19] DEBUG c.h.p.o.dependants.PodInfoConfigMap - [helmcont] Desired PodInfo ConfigMap (metrics port: 9399) (metrics path: /)
2025-01-28 23:36:42,123 INFO c.h.h.t.HelmChartContainer - [hivemq-test-hivemq-platform] [hivemq-platform-operator] [04b9bc17] 23:36:42.121 [pool-6-thread-19] DEBUG c.h.p.o.dependants.PodInfoConfigMap - [helmcont] Desired PodInfo ConfigMap (extension state hash: -1817474005)
2025-01-28 23:36:42,123 INFO c.h.h.t.HelmChartContainer - [hivemq-test-hivemq-platform] [hivemq-platform-operator] [04b9bc17] 23:36:42.122 [pool-6-thread-16] DEBUG c.h.p.o.d.PodServiceAccountResource - [helmcont] Desired PodServiceAccountResource (serviceAccountName: hivemq-platform-pod-test-hivemq-platform)
2025-01-28 23:36:42,127 INFO c.h.h.t.HelmChartContainer - [hivemq-test-hivemq-platform] [hivemq-platform-operator] [04b9bc17] 23:36:42.125 [pool-6-thread-20] DEBUG c.h.p.o.d.StatefulSetResource - [helmcont] Desired StatefulSet (2 replicas) for status ROLLING_RESTART (RESTART_PODS_IN_PROGRESS)
2025-01-28 23:36:42,128 INFO c.h.h.t.HelmChartContainer - [hivemq-test-hivemq-platform] [hivemq-platform-operator] [04b9bc17] 23:36:42.127 [ReconcilerExecutor-hivemq-controller-141] INFO  c.h.p.o.HiveMQPlatformReconciler - [helmcont] Reconciling HiveMQ Platform 'test-hivemq-platform' in namespace 'helmcontainersecuritycontextupgradeplatformit'
2025-01-28 23:36:42,128 INFO c.h.h.t.HelmChartContainer - [hivemq-test-hivemq-platform] [hivemq-platform-operator] [04b9bc17] 23:36:42.127 [ReconcilerExecutor-hivemq-controller-141] DEBUG c.h.p.o.HiveMQPlatformReconciler - [helmcont] Custom Resource Status ROLLING_RESTART - HiveMQ Platform is restarting Pods (rolling restart) (RESTART_PODS_IN_PROGRESS)
2025-01-28 23:36:42,128 INFO c.h.h.t.HelmChartContainer - [hivemq-test-hivemq-platform] [hivemq-platform-operator] [04b9bc17] 23:36:42.127 [ReconcilerExecutor-hivemq-controller-141] DEBUG c.h.p.o.HiveMQPlatformReconciler - [helmcont] Custom Resource Spec (replicas: 1) (extensions: 1)
2025-01-28 23:36:42,131 INFO c.h.h.t.HelmChartContainer - [hivemq-test-hivemq-platform] [hivemq-platform-operator] [04b9bc17] 23:36:42.128 [ReconcilerExecutor-hivemq-controller-141] DEBUG c.h.p.o.HiveMQPlatformReconciler - [helmcont] StatefulSet Status (revision: test-hivemq-platform-579f489c45, replicas: 2, available: 1, ready: 1, current: 0, updated: 2)
2025-01-28 23:36:42,131 INFO c.h.h.t.HelmChartContainer - [hivemq-test-hivemq-platform] [hivemq-platform-operator] [04b9bc17] 23:36:42.128 [ReconcilerExecutor-hivemq-controller-141] DEBUG c.h.p.o.HiveMQPlatformReconciler - [helmcont] StatefulSet Spec (replicas: 2, init containers: 1, containers: 1, volumes: 3)
2025-01-28 23:36:42,131 INFO c.h.h.t.HelmChartContainer - [hivemq-test-hivemq-platform] [hivemq-platform-operator] [04b9bc17] 23:36:42.129 [ReconcilerExecutor-hivemq-controller-141] DEBUG c.h.p.o.h.HiveMQPlatformReconcilerErrorHandler - [helmcont] Pod 'test-hivemq-platform-1' phase Running
2025-01-28 23:36:42,131 INFO c.h.h.t.HelmChartContainer - [hivemq-test-hivemq-platform] [hivemq-platform-operator] [04b9bc17] 23:36:42.130 [ReconcilerExecutor-hivemq-controller-141] DEBUG c.h.p.o.h.HiveMQPlatformReconcilerErrorHandler - [helmcont] Pod 'test-hivemq-platform-0' phase Running
2025-01-28 23:36:42,132 INFO c.h.h.t.HelmChartContainer - [hivemq-test-hivemq-platform] [hivemq-platform-operator] [04b9bc17] 23:36:42.131 [ReconcilerExecutor-hivemq-controller-141] DEBUG c.h.p.o.h.HiveMQPlatformReconcilerRollingRestartHandler - [helmcont] Rolling restart is waiting for 1 of 2 replicas
2025-01-28 23:36:42,165 INFO c.h.h.t.HelmChartContainer - [test-hivemq-platform] [hivemq] [d3014e5b] WARN  - [HiveMQ Platform Operator Init App 1.7.0-SNAPSHOT] Cannot connect to Health API for readiness: null
2025-01-28 23:36:42,172 INFO c.h.h.t.HelmChartContainer - [EVENT] Warning [Unhealthy] Readiness probe failed: HTTP probe failed with statuscode: 503 [helmcontainersecuritycontextupgradeplatformit:test-hivemq-platform-0]
2025-01-28 23:36:42,172 INFO c.h.h.t.HelmChartContainer - Received Unhealthy event for container hivemq in pod test-hivemq-platform-0 [d3014e5b-79ce-4d88-878a-b677d507b12d]
2025-01-28 23:36:47,144 INFO c.h.h.t.HelmChartContainer - [test-hivemq-platform] [hivemq] [d3014e5b] WARN  - [HiveMQ Platform Operator Init App 1.7.0-SNAPSHOT] Cannot connect to Health API for readiness: null
2025-01-28 23:36:47,147 INFO c.h.h.t.HelmChartContainer - [EVENT] Warning [Unhealthy] Readiness probe failed: HTTP probe failed with statuscode: 503 [helmcontainersecuritycontextupgradeplatformit:test-hivemq-platform-0]
2025-01-28 23:36:47,148 INFO c.h.h.t.HelmChartContainer - Received Unhealthy event for container hivemq in pod test-hivemq-platform-0 [d3014e5b-79ce-4d88-878a-b677d507b12d]
2025-01-28 23:36:47,374 INFO c.h.h.t.HelmChartContainer - [test-hivemq-platform] [hivemq] [d3014e5b] INFO  - No valid license file found. Using trial license, restricted to 25 connections.
2025-01-28 23:36:50,074 INFO c.h.h.t.HelmChartContainer - [test-hivemq-platform] [hivemq] [d3014e5b] INFO  - No valid license file for Data Hub found. Using free license, restricted to 1 policy.
2025-01-28 23:36:51,392 INFO c.h.h.t.HelmChartContainer - [test-hivemq-platform] [hivemq] [d3014e5b] INFO  - Audit Logger started.
2025-01-28 23:36:51,682 INFO c.h.h.t.HelmChartContainer - [test-hivemq-platform] [hivemq] [d3014e5b] INFO  - This node uses '1' CPU cores.
2025-01-28 23:36:51,688 INFO c.h.h.t.HelmChartContainer - [test-hivemq-platform] [hivemq] [d3014e5b] INFO  - Starting HiveMQ Health API on address 0.0.0.0 and port 8889
2025-01-28 23:36:52,137 INFO c.h.h.t.HelmChartContainer - [hivemq-test-hivemq-platform] [hivemq-platform-operator] [04b9bc17] 23:36:52.133 [pool-6-thread-21] DEBUG c.h.p.o.d.PlatformServiceResource - [helmcont] Desired Platform services (3 services)
2025-01-28 23:36:52,137 INFO c.h.h.t.HelmChartContainer - [hivemq-test-hivemq-platform] [hivemq-platform-operator] [04b9bc17] 23:36:52.134 [pool-6-thread-28] DEBUG c.h.p.o.d.PodServiceAccountResource - [helmcont] Desired PodServiceAccountResource (serviceAccountName: hivemq-platform-pod-test-hivemq-platform)
2025-01-28 23:36:52,137 INFO c.h.h.t.HelmChartContainer - [hivemq-test-hivemq-platform] [hivemq-platform-operator] [04b9bc17] 23:36:52.135 [pool-6-thread-25] DEBUG c.h.p.o.dependants.PodInfoConfigMap - [helmcont] Desired PodInfo ConfigMap (1 extensions) (1 enabled)
2025-01-28 23:36:52,137 INFO c.h.h.t.HelmChartContainer - [hivemq-test-hivemq-platform] [hivemq-platform-operator] [04b9bc17] 23:36:52.135 [pool-6-thread-25] DEBUG c.h.p.o.dependants.PodInfoConfigMap - [helmcont] Desired PodInfo ConfigMap (metrics port: 9399) (metrics path: /)
2025-01-28 23:36:52,137 INFO c.h.h.t.HelmChartContainer - [hivemq-test-hivemq-platform] [hivemq-platform-operator] [04b9bc17] 23:36:52.135 [pool-6-thread-25] DEBUG c.h.p.o.dependants.PodInfoConfigMap - [helmcont] Desired PodInfo ConfigMap (extension state hash: -1817474005)
2025-01-28 23:36:52,138 INFO c.h.h.t.HelmChartContainer - [hivemq-test-hivemq-platform] [hivemq-platform-operator] [04b9bc17] 23:36:52.137 [pool-6-thread-21] DEBUG c.h.p.o.d.StatefulSetResource - [helmcont] Desired StatefulSet (2 replicas) for status ROLLING_RESTART (RESTART_PODS_IN_PROGRESS)
2025-01-28 23:36:52,141 INFO c.h.h.t.HelmChartContainer - [hivemq-test-hivemq-platform] [hivemq-platform-operator] [04b9bc17] 23:36:52.140 [ReconcilerExecutor-hivemq-controller-142] INFO  c.h.p.o.HiveMQPlatformReconciler - [helmcont] Reconciling HiveMQ Platform 'test-hivemq-platform' in namespace 'helmcontainersecuritycontextupgradeplatformit'
2025-01-28 23:36:52,141 INFO c.h.h.t.HelmChartContainer - [hivemq-test-hivemq-platform] [hivemq-platform-operator] [04b9bc17] 23:36:52.140 [ReconcilerExecutor-hivemq-controller-142] DEBUG c.h.p.o.HiveMQPlatformReconciler - [helmcont] Custom Resource Status ROLLING_RESTART - HiveMQ Platform is restarting Pods (rolling restart) (RESTART_PODS_IN_PROGRESS)
2025-01-28 23:36:52,143 INFO c.h.h.t.HelmChartContainer - [hivemq-test-hivemq-platform] [hivemq-platform-operator] [04b9bc17] 23:36:52.140 [ReconcilerExecutor-hivemq-controller-142] DEBUG c.h.p.o.HiveMQPlatformReconciler - [helmcont] Custom Resource Spec (replicas: 1) (extensions: 1)
2025-01-28 23:36:52,143 INFO c.h.h.t.HelmChartContainer - [hivemq-test-hivemq-platform] [hivemq-platform-operator] [04b9bc17] 23:36:52.141 [ReconcilerExecutor-hivemq-controller-142] DEBUG c.h.p.o.HiveMQPlatformReconciler - [helmcont] StatefulSet Status (revision: test-hivemq-platform-579f489c45, replicas: 2, available: 1, ready: 1, current: 0, updated: 2)
2025-01-28 23:36:52,143 INFO c.h.h.t.HelmChartContainer - [hivemq-test-hivemq-platform] [hivemq-platform-operator] [04b9bc17] 23:36:52.141 [ReconcilerExecutor-hivemq-controller-142] DEBUG c.h.p.o.HiveMQPlatformReconciler - [helmcont] StatefulSet Spec (replicas: 2, init containers: 1, containers: 1, volumes: 3)
2025-01-28 23:36:52,145 INFO c.h.h.t.HelmChartContainer - [hivemq-test-hivemq-platform] [hivemq-platform-operator] [04b9bc17] 23:36:52.144 [ReconcilerExecutor-hivemq-controller-142] DEBUG c.h.p.o.h.HiveMQPlatformReconcilerErrorHandler - [helmcont] Pod 'test-hivemq-platform-1' phase Running
2025-01-28 23:36:52,146 INFO c.h.h.t.HelmChartContainer - [hivemq-test-hivemq-platform] [hivemq-platform-operator] [04b9bc17] 23:36:52.145 [ReconcilerExecutor-hivemq-controller-142] DEBUG c.h.p.o.h.HiveMQPlatformReconcilerErrorHandler - [helmcont] Pod 'test-hivemq-platform-0' phase Running
2025-01-28 23:36:52,146 INFO c.h.h.t.HelmChartContainer - [hivemq-test-hivemq-platform] [hivemq-platform-operator] [04b9bc17] 23:36:52.146 [ReconcilerExecutor-hivemq-controller-142] DEBUG c.h.p.o.h.HiveMQPlatformReconcilerRollingRestartHandler - [helmcont] Rolling restart is waiting for 1 of 2 replicas
2025-01-28 23:36:52,169 INFO c.h.h.t.HelmChartContainer - [test-hivemq-platform] [hivemq] [d3014e5b] WARN  - [HiveMQ Platform Operator Init App 1.7.0-SNAPSHOT] Cannot connect to Health API for readiness: null
2025-01-28 23:36:52,177 INFO c.h.h.t.HelmChartContainer - [EVENT] Warning [Unhealthy] Readiness probe failed: HTTP probe failed with statuscode: 503 [helmcontainersecuritycontextupgradeplatformit:test-hivemq-platform-0]
2025-01-28 23:36:52,177 INFO c.h.h.t.HelmChartContainer - Received Unhealthy event for container hivemq in pod test-hivemq-platform-0 [d3014e5b-79ce-4d88-878a-b677d507b12d]
2025-01-28 23:36:52,544 INFO c.h.h.t.HelmChartContainer - [test-hivemq-platform] [hivemq] [d3014e5b] INFO  - Started HiveMQ Health API in 856ms
2025-01-28 23:36:53,191 INFO c.h.h.t.HelmChartContainer - [test-hivemq-platform] [hivemq] [d3014e5b] INFO  - Starting HiveMQ extension system.
2025-01-28 23:36:53,475 INFO c.h.h.t.HelmChartContainer - [test-hivemq-platform] [hivemq] [d3014e5b] INFO  - Starting extension with id "hivemq-dns-cluster-discovery" at /opt/hivemq/extensions/hivemq-dns-cluster-discovery
2025-01-28 23:36:53,976 INFO c.h.h.t.HelmChartContainer - [test-hivemq-platform] [hivemq] [d3014e5b] INFO  - Extension "DNS Cluster Discovery Extension" version 4.3.2 started successfully.
2025-01-28 23:36:53,976 INFO c.h.h.t.HelmChartContainer - [test-hivemq-platform] [hivemq] [d3014e5b] INFO  - Starting extension with id "hivemq-prometheus-extension" at /opt/hivemq/extensions/hivemq-prometheus-extension
2025-01-28 23:36:54,270 INFO c.h.h.t.HelmChartContainer - [test-hivemq-platform] [hivemq] [d3014e5b] INFO  - Using TCP cluster transport on address 10.42.0.8 and port 7000
2025-01-28 23:36:54,367 INFO c.h.h.t.HelmChartContainer - [test-hivemq-platform] [hivemq] [d3014e5b] INFO  - Using extension cluster discovery
2025-01-28 23:36:55,176 INFO c.h.h.t.HelmChartContainer - [test-hivemq-platform] [hivemq] [d3014e5b] INFO  - Started Jetty Server exposing Prometheus Servlet on URI http://0.0.0.0:9399/
2025-01-28 23:36:55,177 INFO c.h.h.t.HelmChartContainer - [test-hivemq-platform] [hivemq] [d3014e5b] INFO  - Extension "Prometheus Monitoring Extension" version 4.0.12 started successfully.
2025-01-28 23:36:55,177 INFO c.h.h.t.HelmChartContainer - [test-hivemq-platform] [hivemq] [d3014e5b] INFO  - Starting extension with id "hivemq-allow-all-extension" at /opt/hivemq/extensions/hivemq-allow-all-extension
2025-01-28 23:36:55,177 INFO c.h.h.t.HelmChartContainer - [test-hivemq-platform] [hivemq] [d3014e5b] WARN  - 
2025-01-28 23:36:55,177 INFO c.h.h.t.HelmChartContainer - [test-hivemq-platform] [hivemq] [d3014e5b] ################################################################################################################
2025-01-28 23:36:55,177 INFO c.h.h.t.HelmChartContainer - [test-hivemq-platform] [hivemq] [d3014e5b] # This HiveMQ deployment is not secure! You are lacking Authentication and Authorization.                      #
2025-01-28 23:36:55,177 INFO c.h.h.t.HelmChartContainer - [test-hivemq-platform] [hivemq] [d3014e5b] # Right now any MQTT client can connect to the broker with a full set of permissions.                          #
2025-01-28 23:36:55,177 INFO c.h.h.t.HelmChartContainer - [test-hivemq-platform] [hivemq] [d3014e5b] # For production usage, add an appropriate security extension and remove the hivemq-allow-all extension.       #
2025-01-28 23:36:55,177 INFO c.h.h.t.HelmChartContainer - [test-hivemq-platform] [hivemq] [d3014e5b] # You can download security extensions from the HiveMQ Marketplace (https://www.hivemq.com/extensions/).       #
2025-01-28 23:36:55,177 INFO c.h.h.t.HelmChartContainer - [test-hivemq-platform] [hivemq] [d3014e5b] ################################################################################################################
2025-01-28 23:36:55,177 INFO c.h.h.t.HelmChartContainer - [test-hivemq-platform] [hivemq] [d3014e5b] INFO  - Extension "Allow All Extension" version 1.1.1 started successfully.
2025-01-28 23:36:55,289 INFO c.h.h.t.HelmChartContainer - [test-hivemq-platform] [hivemq] [337e2097] INFO  - Cluster nodes found by discovery: [MJTHJ|3] (2) [MJTHJ, hjI1K].
2025-01-28 23:36:55,369 INFO c.h.h.t.HelmChartContainer - [test-hivemq-platform] [hivemq] [d3014e5b] INFO  - Cluster nodes found by discovery: [MJTHJ|3] (2) [MJTHJ, hjI1K].
2025-01-28 23:36:55,477 INFO c.h.h.t.HelmChartContainer - [test-hivemq-platform] [hivemq] [d3014e5b] INFO  - Cluster size = 1, members : [MJTHJ].
2025-01-28 23:36:55,781 INFO c.h.h.t.HelmChartContainer - [test-hivemq-platform] [hivemq] [d3014e5b] INFO  - Starting cluster join process. This may take a while. Please do not shut down HiveMQ.
2025-01-28 23:36:55,785 INFO c.h.h.t.HelmChartContainer - [test-hivemq-platform] [hivemq] [d3014e5b] INFO  - Cluster join process is still ongoing. Please do not shut down HiveMQ.
2025-01-28 23:36:57,474 INFO c.h.h.t.HelmChartContainer - [test-hivemq-platform] [hivemq] [d3014e5b] INFO  - [HiveMQ Platform Operator Init App 1.7.0-SNAPSHOT] Returning Health API response 503 for readiness
2025-01-28 23:36:57,480 INFO c.h.h.t.HelmChartContainer - [EVENT] Warning [Unhealthy] Readiness probe failed: HTTP probe failed with statuscode: 503 [helmcontainersecuritycontextupgradeplatformit:test-hivemq-platform-0]
2025-01-28 23:36:57,480 INFO c.h.h.t.HelmChartContainer - Received Unhealthy event for container hivemq in pod test-hivemq-platform-0 [d3014e5b-79ce-4d88-878a-b677d507b12d]
2025-01-28 23:36:57,791 INFO c.h.h.t.HelmChartContainer - [test-hivemq-platform] [hivemq] [337e2097] INFO  - Cluster size = 2, members : [MJTHJ, hjI1K].
2025-01-28 23:36:57,801 INFO c.h.h.t.HelmChartContainer - [test-hivemq-platform] [hivemq] [d3014e5b] INFO  - Cluster size = 2, members : [MJTHJ, hjI1K].
2025-01-28 23:36:57,808 INFO c.h.h.t.HelmChartContainer - [test-hivemq-platform] [hivemq] [d3014e5b] INFO  - Finished cluster join process successfully.
2025-01-28 23:36:57,809 INFO c.h.h.t.HelmChartContainer - [test-hivemq-platform] [hivemq] [d3014e5b] WARN  - No user for HiveMQ Control Center configured. Starting with default user
2025-01-28 23:36:57,809 INFO c.h.h.t.HelmChartContainer - [test-hivemq-platform] [hivemq] [d3014e5b] INFO  - Starting HiveMQ Control Center on address 0.0.0.0 and port 8080
2025-01-28 23:36:57,813 INFO c.h.h.t.HelmChartContainer - [test-hivemq-platform] [hivemq] [d3014e5b] INFO  - Mounting HiveMQ Control Center V2 Preview
2025-01-28 23:36:58,471 INFO c.h.h.t.HelmChartContainer - [test-hivemq-platform] [hivemq] [d3014e5b] INFO  - Started HiveMQ Control Center in 662ms
2025-01-28 23:36:58,485 INFO c.h.h.t.HelmChartContainer - [test-hivemq-platform] [hivemq] [d3014e5b] INFO  - Starting TCP listener on address 0.0.0.0 and port 1884
2025-01-28 23:36:58,565 INFO c.h.h.t.HelmChartContainer - [test-hivemq-platform] [hivemq] [d3014e5b] INFO  - Started TCP Listener on address 0.0.0.0 and on port 1884.
2025-01-28 23:36:58,565 INFO c.h.h.t.HelmChartContainer - [test-hivemq-platform] [hivemq] [d3014e5b] INFO  - Started HiveMQ in 25890ms
2025-01-28 23:37:02,088 INFO c.h.h.t.HelmChartContainer - [test-hivemq-platform] [hivemq] [d3014e5b] INFO  - [HiveMQ Platform Operator Init App 1.7.0-SNAPSHOT] Returning Health API response 200 for readiness
2025-01-28 23:37:02,101 INFO c.h.h.t.HelmChartContainer - [POD] test-hivemq-platform-0 [d3014e5b-79ce-4d88-878a-b677d507b12d] in helmcontainersecuritycontextupgradeplatformit was MODIFIED
2025-01-28 23:37:02,110 INFO c.h.h.t.HelmChartContainer - [hivemq-test-hivemq-platform] [hivemq-platform-operator] [04b9bc17] 23:37:02.104 [pool-6-thread-40] DEBUG c.h.p.o.dependants.PodInfoConfigMap - [helmcont] Desired PodInfo ConfigMap (1 extensions) (1 enabled)
2025-01-28 23:37:02,126 INFO c.h.h.t.HelmChartContainer - [hivemq-test-hivemq-platform] [hivemq-platform-operator] [04b9bc17] 23:37:02.105 [pool-6-thread-40] DEBUG c.h.p.o.dependants.PodInfoConfigMap - [helmcont] Desired PodInfo ConfigMap (metrics port: 9399) (metrics path: /)
2025-01-28 23:37:02,129 INFO c.h.h.t.HelmChartContainer - [hivemq-test-hivemq-platform] [hivemq-platform-operator] [04b9bc17] 23:37:02.105 [pool-6-thread-40] DEBUG c.h.p.o.dependants.PodInfoConfigMap - [helmcont] Desired PodInfo ConfigMap (extension state hash: -1817474005)
2025-01-28 23:37:02,129 INFO c.h.h.t.HelmChartContainer - [hivemq-test-hivemq-platform] [hivemq-platform-operator] [04b9bc17] 23:37:02.105 [pool-6-thread-38] DEBUG c.h.p.o.d.PlatformServiceResource - [helmcont] Desired Platform services (3 services)
2025-01-28 23:37:02,129 INFO c.h.h.t.HelmChartContainer - [hivemq-test-hivemq-platform] [hivemq-platform-operator] [04b9bc17] 23:37:02.106 [pool-6-thread-33] DEBUG c.h.p.o.d.PodServiceAccountResource - [helmcont] Desired PodServiceAccountResource (serviceAccountName: hivemq-platform-pod-test-hivemq-platform)
2025-01-28 23:37:02,129 INFO c.h.h.t.HelmChartContainer - [hivemq-test-hivemq-platform] [hivemq-platform-operator] [04b9bc17] 23:37:02.110 [pool-6-thread-38] DEBUG c.h.p.o.d.StatefulSetResource - [helmcont] Desired StatefulSet (2 replicas) for status ROLLING_RESTART (RESTART_PODS_IN_PROGRESS)
2025-01-28 23:37:02,129 INFO c.h.h.t.HelmChartContainer - [hivemq-test-hivemq-platform] [hivemq-platform-operator] [04b9bc17] 23:37:02.114 [ReconcilerExecutor-hivemq-controller-143] INFO  c.h.p.o.HiveMQPlatformReconciler - [helmcont] Reconciling HiveMQ Platform 'test-hivemq-platform' in namespace 'helmcontainersecuritycontextupgradeplatformit'
2025-01-28 23:37:02,129 INFO c.h.h.t.HelmChartContainer - [hivemq-test-hivemq-platform] [hivemq-platform-operator] [04b9bc17] 23:37:02.114 [ReconcilerExecutor-hivemq-controller-143] DEBUG c.h.p.o.HiveMQPlatformReconciler - [helmcont] Custom Resource Status ROLLING_RESTART - HiveMQ Platform is restarting Pods (rolling restart) (RESTART_PODS_IN_PROGRESS)
2025-01-28 23:37:02,129 INFO c.h.h.t.HelmChartContainer - [hivemq-test-hivemq-platform] [hivemq-platform-operator] [04b9bc17] 23:37:02.115 [ReconcilerExecutor-hivemq-controller-143] DEBUG c.h.p.o.HiveMQPlatformReconciler - [helmcont] Custom Resource Spec (replicas: 1) (extensions: 1)
2025-01-28 23:37:02,129 INFO c.h.h.t.HelmChartContainer - [hivemq-test-hivemq-platform] [hivemq-platform-operator] [04b9bc17] 23:37:02.115 [ReconcilerExecutor-hivemq-controller-143] DEBUG c.h.p.o.HiveMQPlatformReconciler - [helmcont] StatefulSet Status (revision: test-hivemq-platform-579f489c45, replicas: 2, available: 2, ready: 2, current: 0, updated: 2)
2025-01-28 23:37:02,129 INFO c.h.h.t.HelmChartContainer - [hivemq-test-hivemq-platform] [hivemq-platform-operator] [04b9bc17] 23:37:02.115 [ReconcilerExecutor-hivemq-controller-143] DEBUG c.h.p.o.HiveMQPlatformReconciler - [helmcont] StatefulSet Spec (replicas: 2, init containers: 1, containers: 1, volumes: 3)
2025-01-28 23:37:02,129 INFO c.h.h.t.HelmChartContainer - [hivemq-test-hivemq-platform] [hivemq-platform-operator] [04b9bc17] 23:37:02.116 [ReconcilerExecutor-hivemq-controller-143] DEBUG c.h.p.o.h.HiveMQPlatformReconcilerErrorHandler - [helmcont] Pod 'test-hivemq-platform-1' phase Running
2025-01-28 23:37:02,129 INFO c.h.h.t.HelmChartContainer - [hivemq-test-hivemq-platform] [hivemq-platform-operator] [04b9bc17] 23:37:02.117 [ReconcilerExecutor-hivemq-controller-143] DEBUG c.h.p.o.h.HiveMQPlatformReconcilerErrorHandler - [helmcont] Pod 'test-hivemq-platform-0' phase Running
2025-01-28 23:37:02,195 INFO c.h.h.t.HelmChartContainer - [hivemq-test-hivemq-platform] [hivemq-platform-operator] [04b9bc17] 23:37:02.193 [ReconcilerExecutor-hivemq-controller-143] DEBUG c.h.p.o.h.HiveMQPlatformReconcilerRollingRestartHandler - [helmcont] Skipping Pod test-hivemq-platform-1 as it's already on the controller update revision (update revision: test-hivemq-platform-579f489c45, pod revision: test-hivemq-platform-579f489c45)
2025-01-28 23:37:02,199 INFO c.h.h.t.HelmChartContainer - [hivemq-test-hivemq-platform] [hivemq-platform-operator] [04b9bc17] 23:37:02.198 [ReconcilerExecutor-hivemq-controller-143] DEBUG c.h.p.o.h.HiveMQPlatformReconcilerRollingRestartHandler - [helmcont] Skipping Pod test-hivemq-platform-0 as it's already on the controller update revision (update revision: test-hivemq-platform-579f489c45, pod revision: test-hivemq-platform-579f489c45)
2025-01-28 23:37:02,200 INFO c.h.h.t.HelmChartContainer - [hivemq-test-hivemq-platform] [hivemq-platform-operator] [04b9bc17] 23:37:02.198 [ReconcilerExecutor-hivemq-controller-143] INFO  c.h.p.o.h.HiveMQPlatformReconcilerRollingRestartHandler - [helmcont] Stopping surge Pod
2025-01-28 23:37:02,212 INFO c.h.h.t.HelmChartContainer - [hivemq-test-hivemq-platform] [hivemq-platform-operator] [04b9bc17] 23:37:02.210 [ReconcilerExecutor-hivemq-controller-143] DEBUG c.h.p.operator.event.EventSender - [helmcont] Creating K8s event rolling-restart-scale-down-in-progress: [RollingRestart] HiveMQ Platform is stopping the surge Pod (rolling restart)
2025-01-28 23:37:02,215 INFO c.h.h.t.HelmChartContainer - [EVENT] Normal [RollingRestart] HiveMQ Platform is stopping the surge Pod (rolling restart) [helmcontainersecuritycontextupgradeplatformit:test-hivemq-platform]
2025-01-28 23:37:02,295 INFO c.h.h.t.HelmChartContainer - [hivemq-test-hivemq-platform] [hivemq-platform-operator] [04b9bc17] 23:37:02.293 [ReconcilerExecutor-hivemq-controller-143] INFO  c.h.p.o.h.AbstractHiveMQReconcilerStateHandler - [helmcont] Update HiveMQ Platform Status (ROLLING_RESTART [RESTART_PODS_IN_PROGRESS] -> ROLLING_RESTART [SCALE_DOWN_IN_PROGRESS]): HiveMQ Platform is stopping the surge Pod (rolling restart)
2025-01-28 23:37:02,304 DEBUG com.hivemq.helmcharts.util.K8sUtil - Comparing actual state 'ROLLING_RESTART' and waiting for 'RUNNING'
2025-01-28 23:37:02,308 INFO c.h.h.t.HelmChartContainer - [hivemq-test-hivemq-platform] [hivemq-platform-operator] [04b9bc17] 23:37:02.306 [pool-6-thread-48] DEBUG c.h.p.o.d.PlatformServiceResource - [helmcont] Desired Platform services (3 services)
2025-01-28 23:37:02,310 INFO c.h.h.t.HelmChartContainer - [hivemq-test-hivemq-platform] [hivemq-platform-operator] [04b9bc17] 23:37:02.307 [pool-6-thread-41] DEBUG c.h.p.o.d.PodServiceAccountResource - [helmcont] Desired PodServiceAccountResource (serviceAccountName: hivemq-platform-pod-test-hivemq-platform)
2025-01-28 23:37:02,311 INFO c.h.h.t.HelmChartContainer - [hivemq-test-hivemq-platform] [hivemq-platform-operator] [04b9bc17] 23:37:02.310 [pool-6-thread-49] DEBUG c.h.p.o.dependants.PodInfoConfigMap - [helmcont] Desired PodInfo ConfigMap (1 extensions) (1 enabled)
2025-01-28 23:37:02,311 INFO c.h.h.t.HelmChartContainer - [hivemq-test-hivemq-platform] [hivemq-platform-operator] [04b9bc17] 23:37:02.310 [pool-6-thread-49] DEBUG c.h.p.o.dependants.PodInfoConfigMap - [helmcont] Desired PodInfo ConfigMap (metrics port: 9399) (metrics path: /)
2025-01-28 23:37:02,312 INFO c.h.h.t.HelmChartContainer - [hivemq-test-hivemq-platform] [hivemq-platform-operator] [04b9bc17] 23:37:02.310 [pool-6-thread-49] DEBUG c.h.p.o.dependants.PodInfoConfigMap - [helmcont] Desired PodInfo ConfigMap (extension state hash: -1817474005)
2025-01-28 23:37:02,312 INFO c.h.h.t.HelmChartContainer - [hivemq-test-hivemq-platform] [hivemq-platform-operator] [04b9bc17] 23:37:02.310 [pool-6-thread-49] DEBUG c.h.p.o.dependants.PodInfoConfigMap - [helmcont] Update PodInfo ConfigMap
2025-01-28 23:37:02,396 INFO c.h.h.t.HelmChartContainer - [hivemq-test-hivemq-platform] [hivemq-platform-operator] [04b9bc17] 23:37:02.395 [pool-6-thread-49] DEBUG c.h.p.o.d.StatefulSetResource - [helmcont] Desired StatefulSet (1 replicas) for status ROLLING_RESTART (SCALE_DOWN_IN_PROGRESS)
2025-01-28 23:37:02,398 INFO c.h.h.t.HelmChartContainer - [hivemq-test-hivemq-platform] [hivemq-platform-operator] [04b9bc17] 23:37:02.397 [pool-6-thread-49] DEBUG c.h.p.o.d.StatefulSetResource - [helmcont] Update StatefulSet (replicas: 2 -> 1)
2025-01-28 23:37:02,428 INFO c.h.h.t.HelmChartContainer - [POD] test-hivemq-platform-1 [337e2097-70c0-4d76-a5ea-32ed094851b3] in helmcontainersecuritycontextupgradeplatformit was MODIFIED
2025-01-28 23:37:02,438 INFO c.h.h.t.HelmChartContainer - [test-hivemq-platform] [hivemq] [337e2097] INFO  - [HiveMQ Platform Operator Init App 1.7.0-SNAPSHOT] Shutting down
2025-01-28 23:37:02,438 INFO c.h.h.t.HelmChartContainer - [test-hivemq-platform] [hivemq] [337e2097] INFO  - [HiveMQ Platform Operator Init App 1.7.0-SNAPSHOT] Stopping the HiveMQ Platform
2025-01-28 23:37:02,440 INFO c.h.h.t.HelmChartContainer - [EVENT] Normal [Killing] Stopping container hivemq [helmcontainersecuritycontextupgradeplatformit:test-hivemq-platform-1]
2025-01-28 23:37:02,440 INFO c.h.h.t.HelmChartContainer - Received Killing event for container hivemq in pod test-hivemq-platform-1 [337e2097-70c0-4d76-a5ea-32ed094851b3]
2025-01-28 23:37:02,440 INFO c.h.h.t.HelmChartContainer - Container [test-hivemq-platform-1] [hivemq] [337e2097-70c0-4d76-a5ea-32ed094851b3] was terminated
2025-01-28 23:37:02,440 INFO c.h.h.t.HelmChartContainer - Stopped log watcher for hivemq in pod test-hivemq-platform-1 [337e2097-70c0-4d76-a5ea-32ed094851b3]
2025-01-28 23:37:02,440 INFO c.h.h.t.HelmChartContainer - [EVENT] Normal [SuccessfulDelete] delete Pod test-hivemq-platform-1 in StatefulSet test-hivemq-platform successful [helmcontainersecuritycontextupgradeplatformit:test-hivemq-platform]
2025-01-28 23:37:02,496 INFO c.h.h.t.HelmChartContainer - [hivemq-test-hivemq-platform] [hivemq-platform-operator] [04b9bc17] 23:37:02.494 [ReconcilerExecutor-hivemq-controller-144] INFO  c.h.p.o.HiveMQPlatformReconciler - [helmcont] Reconciling HiveMQ Platform 'test-hivemq-platform' in namespace 'helmcontainersecuritycontextupgradeplatformit'
2025-01-28 23:37:02,496 INFO c.h.h.t.HelmChartContainer - [hivemq-test-hivemq-platform] [hivemq-platform-operator] [04b9bc17] 23:37:02.494 [ReconcilerExecutor-hivemq-controller-144] DEBUG c.h.p.o.HiveMQPlatformReconciler - [helmcont] Custom Resource Status ROLLING_RESTART - HiveMQ Platform is stopping the surge Pod (rolling restart) (SCALE_DOWN_IN_PROGRESS)
2025-01-28 23:37:02,496 INFO c.h.h.t.HelmChartContainer - [hivemq-test-hivemq-platform] [hivemq-platform-operator] [04b9bc17] 23:37:02.495 [ReconcilerExecutor-hivemq-controller-144] DEBUG c.h.p.o.HiveMQPlatformReconciler - [helmcont] Custom Resource Spec (replicas: 1) (extensions: 1)
2025-01-28 23:37:02,497 INFO c.h.h.t.HelmChartContainer - [hivemq-test-hivemq-platform] [hivemq-platform-operator] [04b9bc17] 23:37:02.496 [ReconcilerExecutor-hivemq-controller-144] DEBUG c.h.p.o.HiveMQPlatformReconciler - [helmcont] StatefulSet Status (revision: test-hivemq-platform-579f489c45, replicas: 2, available: 2, ready: 2, current: 0, updated: 2)
2025-01-28 23:37:02,500 INFO c.h.h.t.HelmChartContainer - [hivemq-test-hivemq-platform] [hivemq-platform-operator] [04b9bc17] 23:37:02.498 [ReconcilerExecutor-hivemq-controller-144] DEBUG c.h.p.o.HiveMQPlatformReconciler - [helmcont] StatefulSet Spec (replicas: 1, init containers: 1, containers: 1, volumes: 3)
2025-01-28 23:37:02,501 INFO c.h.h.t.HelmChartContainer - [hivemq-test-hivemq-platform] [hivemq-platform-operator] [04b9bc17] 23:37:02.500 [ReconcilerExecutor-hivemq-controller-144] DEBUG c.h.p.o.h.HiveMQPlatformReconcilerErrorHandler - [helmcont] Pod 'test-hivemq-platform-0' phase Running
2025-01-28 23:37:02,505 INFO c.h.h.t.HelmChartContainer - [hivemq-test-hivemq-platform] [hivemq-platform-operator] [04b9bc17] 23:37:02.502 [ReconcilerExecutor-hivemq-controller-144] DEBUG c.h.p.o.h.HiveMQPlatformReconcilerRollingRestartHandler - [helmcont] Rolling restart is waiting for 2 of 1 replicas
2025-01-28 23:37:02,516 INFO c.h.h.t.HelmChartContainer - [hivemq-test-hivemq-platform] [hivemq-platform-operator] [04b9bc17] 23:37:02.515 [pool-6-thread-3] DEBUG c.h.p.o.d.PlatformServiceResource - [helmcont] Desired Platform services (3 services)
2025-01-28 23:37:02,519 INFO c.h.h.t.HelmChartContainer - [hivemq-test-hivemq-platform] [hivemq-platform-operator] [04b9bc17] 23:37:02.518 [pool-6-thread-8] DEBUG c.h.p.o.dependants.PodInfoConfigMap - [helmcont] Desired PodInfo ConfigMap (1 extensions) (1 enabled)
2025-01-28 23:37:02,524 INFO c.h.h.t.HelmChartContainer - [hivemq-test-hivemq-platform] [hivemq-platform-operator] [04b9bc17] 23:37:02.522 [pool-6-thread-8] DEBUG c.h.p.o.dependants.PodInfoConfigMap - [helmcont] Desired PodInfo ConfigMap (metrics port: 9399) (metrics path: /)
2025-01-28 23:37:02,524 INFO c.h.h.t.HelmChartContainer - [hivemq-test-hivemq-platform] [hivemq-platform-operator] [04b9bc17] 23:37:02.522 [pool-6-thread-8] DEBUG c.h.p.o.dependants.PodInfoConfigMap - [helmcont] Desired PodInfo ConfigMap (extension state hash: -1817474005)
2025-01-28 23:37:02,524 INFO c.h.h.t.HelmChartContainer - [hivemq-test-hivemq-platform] [hivemq-platform-operator] [04b9bc17] 23:37:02.523 [pool-6-thread-7] DEBUG c.h.p.o.d.PodServiceAccountResource - [helmcont] Desired PodServiceAccountResource (serviceAccountName: hivemq-platform-pod-test-hivemq-platform)
2025-01-28 23:37:02,598 INFO c.h.h.t.HelmChartContainer - [hivemq-test-hivemq-platform] [hivemq-platform-operator] [04b9bc17] 23:37:02.596 [pool-6-thread-1] DEBUG c.h.p.o.d.StatefulSetResource - [helmcont] Desired StatefulSet (1 replicas) for status ROLLING_RESTART (SCALE_DOWN_IN_PROGRESS)
2025-01-28 23:37:02,608 INFO c.h.h.t.HelmChartContainer - [hivemq-test-hivemq-platform] [hivemq-platform-operator] [04b9bc17] 23:37:02.607 [ReconcilerExecutor-hivemq-controller-145] INFO  c.h.p.o.HiveMQPlatformReconciler - [helmcont] Reconciling HiveMQ Platform 'test-hivemq-platform' in namespace 'helmcontainersecuritycontextupgradeplatformit'
2025-01-28 23:37:02,610 INFO c.h.h.t.HelmChartContainer - [test-hivemq-platform] [hivemq] [337e2097] INFO  - Shutting down HiveMQ. Please wait, this could take a while...
2025-01-28 23:37:02,611 INFO c.h.h.t.HelmChartContainer - [hivemq-test-hivemq-platform] [hivemq-platform-operator] [04b9bc17] 23:37:02.607 [ReconcilerExecutor-hivemq-controller-145] DEBUG c.h.p.o.HiveMQPlatformReconciler - [helmcont] Custom Resource Status ROLLING_RESTART - HiveMQ Platform is stopping the surge Pod (rolling restart) (SCALE_DOWN_IN_PROGRESS)
2025-01-28 23:37:02,611 INFO c.h.h.t.HelmChartContainer - [hivemq-test-hivemq-platform] [hivemq-platform-operator] [04b9bc17] 23:37:02.607 [ReconcilerExecutor-hivemq-controller-145] DEBUG c.h.p.o.HiveMQPlatformReconciler - [helmcont] Custom Resource Spec (replicas: 1) (extensions: 1)
2025-01-28 23:37:02,612 INFO c.h.h.t.HelmChartContainer - [hivemq-test-hivemq-platform] [hivemq-platform-operator] [04b9bc17] 23:37:02.609 [ReconcilerExecutor-hivemq-controller-145] DEBUG c.h.p.o.HiveMQPlatformReconciler - [helmcont] StatefulSet Status (revision: test-hivemq-platform-579f489c45, replicas: 2, available: 2, ready: 2, current: 0, updated: 1)
2025-01-28 23:37:02,612 INFO c.h.h.t.HelmChartContainer - [hivemq-test-hivemq-platform] [hivemq-platform-operator] [04b9bc17] 23:37:02.609 [ReconcilerExecutor-hivemq-controller-145] DEBUG c.h.p.o.HiveMQPlatformReconciler - [helmcont] StatefulSet Spec (replicas: 1, init containers: 1, containers: 1, volumes: 3)
2025-01-28 23:37:02,619 INFO c.h.h.t.HelmChartContainer - [hivemq-test-hivemq-platform] [hivemq-platform-operator] [04b9bc17] 23:37:02.618 [ReconcilerExecutor-hivemq-controller-145] DEBUG c.h.p.o.h.HiveMQPlatformReconcilerErrorHandler - [helmcont] Pod 'test-hivemq-platform-0' phase Running
2025-01-28 23:37:02,620 INFO c.h.h.t.HelmChartContainer - [test-hivemq-platform] [hivemq] [337e2097] INFO  - Shutting down listeners and clients
2025-01-28 23:37:02,622 INFO c.h.h.t.HelmChartContainer - [hivemq-test-hivemq-platform] [hivemq-platform-operator] [04b9bc17] 23:37:02.621 [ReconcilerExecutor-hivemq-controller-145] DEBUG c.h.p.o.h.HiveMQPlatformReconcilerRollingRestartHandler - [helmcont] Rolling restart is waiting for 2 of 1 replicas
2025-01-28 23:37:02,624 INFO c.h.h.t.HelmChartContainer - [test-hivemq-platform] [hivemq] [337e2097] INFO  - Shutdown of listeners is done
2025-01-28 23:37:02,624 INFO c.h.h.t.HelmChartContainer - [test-hivemq-platform] [hivemq] [337e2097] INFO  - No clients are connected, proceeding with shutdown
2025-01-28 23:37:05,513 INFO c.h.h.t.HelmChartContainer - [test-hivemq-platform] [hivemq] [337e2097] INFO  - Shutting down extension system
2025-01-28 23:37:05,515 INFO c.h.h.t.HelmChartContainer - [test-hivemq-platform] [hivemq] [337e2097] INFO  - Stopping extension with id hivemq-dns-cluster-discovery
2025-01-28 23:37:05,517 INFO c.h.h.t.HelmChartContainer - [test-hivemq-platform] [hivemq] [337e2097] INFO  - Extension "DNS Cluster Discovery Extension" version 4.3.2 stopped successfully.
2025-01-28 23:37:05,517 INFO c.h.h.t.HelmChartContainer - [test-hivemq-platform] [hivemq] [337e2097] INFO  - Stopping extension with id hivemq-prometheus-extension
2025-01-28 23:37:05,521 INFO c.h.h.t.HelmChartContainer - [test-hivemq-platform] [hivemq] [337e2097] INFO  - Extension "Prometheus Monitoring Extension" version 4.0.12 stopped successfully.
2025-01-28 23:37:05,522 INFO c.h.h.t.HelmChartContainer - [test-hivemq-platform] [hivemq] [337e2097] INFO  - Stopping extension with id hivemq-allow-all-extension
2025-01-28 23:37:05,522 INFO c.h.h.t.HelmChartContainer - [test-hivemq-platform] [hivemq] [337e2097] INFO  - Extension "Allow All Extension" version 1.1.1 stopped successfully.
2025-01-28 23:37:05,531 INFO c.h.h.t.HelmChartContainer - [test-hivemq-platform] [hivemq] [d3014e5b] INFO  - Cluster nodes found by discovery: [hjI1K|4] (1) [hjI1K].
2025-01-28 23:37:05,536 INFO c.h.h.t.HelmChartContainer - [test-hivemq-platform] [hivemq] [d3014e5b] INFO  - Cluster size = 1, members : [hjI1K].
2025-01-28 23:37:06,914 INFO c.h.h.t.HelmChartContainer - [test-hivemq-platform] [hivemq] [337e2097] INFO  - [HiveMQ Platform Operator Init App 1.7.0-SNAPSHOT] Returning shutdown Health API response 503 for readiness
2025-01-28 23:37:06,918 INFO c.h.h.t.HelmChartContainer - [EVENT] Warning [Unhealthy] Readiness probe failed: HTTP probe failed with statuscode: 503 [helmcontainersecuritycontextupgradeplatformit:test-hivemq-platform-1]
2025-01-28 23:37:06,918 INFO c.h.h.t.HelmChartContainer - Received Unhealthy event for container hivemq in pod test-hivemq-platform-1 [337e2097-70c0-4d76-a5ea-32ed094851b3]
2025-01-28 23:37:07,902 INFO c.h.h.t.HelmChartContainer - [test-hivemq-platform] [hivemq] [337e2097] INFO  - Shutdown completed.
2025-01-28 23:37:08,250 INFO c.h.h.t.HelmChartContainer - [test-hivemq-platform] [hivemq] [337e2097] INFO  - [HiveMQ Platform Operator Init App 1.7.0-SNAPSHOT] The HiveMQ Platform exited with code 143
2025-01-28 23:37:08,250 INFO c.h.h.t.HelmChartContainer - [test-hivemq-platform] [hivemq] [337e2097] INFO  - [HiveMQ Platform Operator Init App 1.7.0-SNAPSHOT] Stopping the REST API
2025-01-28 23:37:08,260 INFO c.h.h.t.HelmChartContainer - [test-hivemq-platform] [hivemq] [337e2097] INFO  - [HiveMQ Platform Operator Init App 1.7.0-SNAPSHOT] Shutdown complete
2025-01-28 23:37:08,761 INFO c.h.h.t.HelmChartContainer - [POD] test-hivemq-platform-1 [337e2097-70c0-4d76-a5ea-32ed094851b3] in helmcontainersecuritycontextupgradeplatformit was MODIFIED
2025-01-28 23:37:08,776 INFO c.h.h.t.HelmChartContainer - [hivemq-test-hivemq-platform] [hivemq-platform-operator] [04b9bc17] 23:37:08.762 [pool-6-thread-17] DEBUG c.h.p.o.d.PlatformServiceResource - [helmcont] Desired Platform services (3 services)
2025-01-28 23:37:08,782 INFO c.h.h.t.HelmChartContainer - [hivemq-test-hivemq-platform] [hivemq-platform-operator] [04b9bc17] 23:37:08.773 [pool-6-thread-14] DEBUG c.h.p.o.d.PodServiceAccountResource - [helmcont] Desired PodServiceAccountResource (serviceAccountName: hivemq-platform-pod-test-hivemq-platform)
2025-01-28 23:37:08,783 INFO c.h.h.t.HelmChartContainer - [hivemq-test-hivemq-platform] [hivemq-platform-operator] [04b9bc17] 23:37:08.767 [pool-6-thread-17] DEBUG c.h.p.o.dependants.PodInfoConfigMap - [helmcont] Desired PodInfo ConfigMap (1 extensions) (1 enabled)
2025-01-28 23:37:08,783 INFO c.h.h.t.HelmChartContainer - [hivemq-test-hivemq-platform] [hivemq-platform-operator] [04b9bc17] 23:37:08.776 [pool-6-thread-17] DEBUG c.h.p.o.dependants.PodInfoConfigMap - [helmcont] Desired PodInfo ConfigMap (metrics port: 9399) (metrics path: /)
2025-01-28 23:37:08,783 INFO c.h.h.t.HelmChartContainer - [hivemq-test-hivemq-platform] [hivemq-platform-operator] [04b9bc17] 23:37:08.776 [pool-6-thread-17] DEBUG c.h.p.o.dependants.PodInfoConfigMap - [helmcont] Desired PodInfo ConfigMap (extension state hash: -1817474005)
2025-01-28 23:37:08,783 INFO c.h.h.t.HelmChartContainer - [hivemq-test-hivemq-platform] [hivemq-platform-operator] [04b9bc17] 23:37:08.779 [pool-6-thread-17] DEBUG c.h.p.o.d.StatefulSetResource - [helmcont] Desired StatefulSet (1 replicas) for status ROLLING_RESTART (SCALE_DOWN_IN_PROGRESS)
2025-01-28 23:37:08,790 INFO c.h.h.t.HelmChartContainer - [hivemq-test-hivemq-platform] [hivemq-platform-operator] [04b9bc17] 23:37:08.785 [ReconcilerExecutor-hivemq-controller-146] INFO  c.h.p.o.HiveMQPlatformReconciler - [helmcont] Reconciling HiveMQ Platform 'test-hivemq-platform' in namespace 'helmcontainersecuritycontextupgradeplatformit'
2025-01-28 23:37:08,790 INFO c.h.h.t.HelmChartContainer - [hivemq-test-hivemq-platform] [hivemq-platform-operator] [04b9bc17] 23:37:08.785 [ReconcilerExecutor-hivemq-controller-146] DEBUG c.h.p.o.HiveMQPlatformReconciler - [helmcont] Custom Resource Status ROLLING_RESTART - HiveMQ Platform is stopping the surge Pod (rolling restart) (SCALE_DOWN_IN_PROGRESS)
2025-01-28 23:37:08,790 INFO c.h.h.t.HelmChartContainer - [hivemq-test-hivemq-platform] [hivemq-platform-operator] [04b9bc17] 23:37:08.785 [ReconcilerExecutor-hivemq-controller-146] DEBUG c.h.p.o.HiveMQPlatformReconciler - [helmcont] Custom Resource Spec (replicas: 1) (extensions: 1)
2025-01-28 23:37:08,793 INFO c.h.h.t.HelmChartContainer - [hivemq-test-hivemq-platform] [hivemq-platform-operator] [04b9bc17] 23:37:08.786 [ReconcilerExecutor-hivemq-controller-146] DEBUG c.h.p.o.HiveMQPlatformReconciler - [helmcont] StatefulSet Status (revision: test-hivemq-platform-579f489c45, replicas: 2, available: 1, ready: 1, current: 0, updated: 1)
2025-01-28 23:37:08,793 INFO c.h.h.t.HelmChartContainer - [hivemq-test-hivemq-platform] [hivemq-platform-operator] [04b9bc17] 23:37:08.786 [ReconcilerExecutor-hivemq-controller-146] DEBUG c.h.p.o.HiveMQPlatformReconciler - [helmcont] StatefulSet Spec (replicas: 1, init containers: 1, containers: 1, volumes: 3)
2025-01-28 23:37:08,793 INFO c.h.h.t.HelmChartContainer - [hivemq-test-hivemq-platform] [hivemq-platform-operator] [04b9bc17] 23:37:08.787 [ReconcilerExecutor-hivemq-controller-146] DEBUG c.h.p.o.h.HiveMQPlatformReconcilerErrorHandler - [helmcont] Pod 'test-hivemq-platform-0' phase Running
2025-01-28 23:37:08,793 INFO c.h.h.t.HelmChartContainer - [hivemq-test-hivemq-platform] [hivemq-platform-operator] [04b9bc17] 23:37:08.788 [ReconcilerExecutor-hivemq-controller-146] INFO  c.h.p.o.h.HiveMQPlatformReconcilerRollingRestartHandler - [helmcont] Rolling restart is done
2025-01-28 23:37:08,828 INFO c.h.h.t.HelmChartContainer - [EVENT] Normal [Ready] HiveMQ Platform is ready [helmcontainersecuritycontextupgradeplatformit:test-hivemq-platform]
2025-01-28 23:37:08,829 INFO c.h.h.t.HelmChartContainer - [hivemq-test-hivemq-platform] [hivemq-platform-operator] [04b9bc17] 23:37:08.828 [ReconcilerExecutor-hivemq-controller-146] DEBUG c.h.p.operator.event.EventSender - [helmcont] Updating K8s event hivemq-platform-ready: [Ready] HiveMQ Platform is ready
2025-01-28 23:37:08,829 INFO c.h.h.t.HelmChartContainer - [hivemq-test-hivemq-platform] [hivemq-platform-operator] [04b9bc17] 23:37:08.828 [ReconcilerExecutor-hivemq-controller-146] INFO  c.h.p.o.h.AbstractHiveMQReconcilerStateHandler - [helmcont] Update HiveMQ Platform Status (ROLLING_RESTART [SCALE_DOWN_IN_PROGRESS] -> RUNNING [READY]): HiveMQ Platform is ready
2025-01-28 23:37:08,836 DEBUG com.hivemq.helmcharts.util.K8sUtil - Comparing actual state 'RUNNING' and waiting for 'RUNNING'
2025-01-28 23:37:08,839 INFO c.h.h.t.HelmChartContainer - [hivemq-test-hivemq-platform] [hivemq-platform-operator] [04b9bc17] 23:37:08.839 [pool-6-thread-27] DEBUG c.h.p.o.d.PlatformServiceResource - [helmcont] Desired Platform services (3 services)
2025-01-28 23:37:08,840 INFO c.h.h.t.HelmChartContainer - Uninstalling release 'test-hivemq-platform' in namespace 'helmcontainersecuritycontextupgradeplatformit'...
2025-01-28 23:37:08,840 DEBUG c.h.h.t.HelmChartContainer - Executing helm command: /bin/helm --kubeconfig /etc/rancher/k3s/k3s.yaml uninstall test-hivemq-platform  --wait --timeout 5m0s --cascade foreground --namespace helmcontainersecuritycontextupgradeplatformit
2025-01-28 23:37:08,843 INFO c.h.h.t.HelmChartContainer - [hivemq-test-hivemq-platform] [hivemq-platform-operator] [04b9bc17] 23:37:08.840 [pool-6-thread-28] DEBUG c.h.p.o.d.PodServiceAccountResource - [helmcont] Desired PodServiceAccountResource (serviceAccountName: hivemq-platform-pod-test-hivemq-platform)
2025-01-28 23:37:08,844 INFO c.h.h.t.HelmChartContainer - [hivemq-test-hivemq-platform] [hivemq-platform-operator] [04b9bc17] 23:37:08.842 [pool-6-thread-22] DEBUG c.h.p.o.dependants.PodInfoConfigMap - [helmcont] Desired PodInfo ConfigMap (1 extensions) (1 enabled)
2025-01-28 23:37:08,844 INFO c.h.h.t.HelmChartContainer - [hivemq-test-hivemq-platform] [hivemq-platform-operator] [04b9bc17] 23:37:08.843 [pool-6-thread-22] DEBUG c.h.p.o.dependants.PodInfoConfigMap - [helmcont] Desired PodInfo ConfigMap (metrics port: 9399) (metrics path: /)
2025-01-28 23:37:08,844 INFO c.h.h.t.HelmChartContainer - [hivemq-test-hivemq-platform] [hivemq-platform-operator] [04b9bc17] 23:37:08.843 [pool-6-thread-22] DEBUG c.h.p.o.dependants.PodInfoConfigMap - [helmcont] Desired PodInfo ConfigMap (extension state hash: -1817474005)
2025-01-28 23:37:08,845 INFO c.h.h.t.HelmChartContainer - [hivemq-test-hivemq-platform] [hivemq-platform-operator] [04b9bc17] 23:37:08.844 [pool-6-thread-22] DEBUG c.h.p.o.dependants.PodInfoConfigMap - [helmcont] Update PodInfo ConfigMap
2025-01-28 23:37:08,852 INFO c.h.h.t.HelmChartContainer - [K3S] [reconciler_common.go:162] "operationExecutor.UnmountVolume started for volume \"broker-configuration\" (UniqueName: \"kubernetes.io/configmap/337e2097-70c0-4d76-a5ea-32ed094851b3-broker-configuration\") pod \"337e2097-70c0-4d76-a5ea-32ed094851b3\" (UID: \"337e2097-70c0-4d76-a5ea-32ed094851b3\") "
2025-01-28 23:37:08,853 INFO c.h.h.t.HelmChartContainer - [K3S] [reconciler_common.go:162] "operationExecutor.UnmountVolume started for volume \"pod-info\" (UniqueName: \"kubernetes.io/configmap/337e2097-70c0-4d76-a5ea-32ed094851b3-pod-info\") pod \"337e2097-70c0-4d76-a5ea-32ed094851b3\" (UID: \"337e2097-70c0-4d76-a5ea-32ed094851b3\") "
2025-01-28 23:37:08,853 INFO c.h.h.t.HelmChartContainer - [K3S] [reconciler_common.go:162] "operationExecutor.UnmountVolume started for volume \"kube-api-access-z68g7\" (UniqueName: \"kubernetes.io/projected/337e2097-70c0-4d76-a5ea-32ed094851b3-kube-api-access-z68g7\") pod \"337e2097-70c0-4d76-a5ea-32ed094851b3\" (UID: \"337e2097-70c0-4d76-a5ea-32ed094851b3\") "
2025-01-28 23:37:08,853 INFO c.h.h.t.HelmChartContainer - [K3S] [reconciler_common.go:162] "operationExecutor.UnmountVolume started for volume \"operator-init\" (UniqueName: \"kubernetes.io/empty-dir/337e2097-70c0-4d76-a5ea-32ed094851b3-operator-init\") pod \"337e2097-70c0-4d76-a5ea-32ed094851b3\" (UID: \"337e2097-70c0-4d76-a5ea-32ed094851b3\") "
2025-01-28 23:37:08,858 INFO c.h.h.t.HelmChartContainer - [hivemq-test-hivemq-platform] [hivemq-platform-operator] [04b9bc17] 23:37:08.854 [pool-6-thread-22] DEBUG c.h.p.o.d.StatefulSetResource - [helmcont] Desired StatefulSet (1 replicas) for status RUNNING (READY)
2025-01-28 23:37:08,861 INFO c.h.h.t.HelmChartContainer - [hivemq-test-hivemq-platform] [hivemq-platform-operator] [04b9bc17] 23:37:08.859 [ReconcilerExecutor-hivemq-controller-147] INFO  c.h.p.o.HiveMQPlatformReconciler - [helmcont] Reconciling HiveMQ Platform 'test-hivemq-platform' in namespace 'helmcontainersecuritycontextupgradeplatformit'
2025-01-28 23:37:08,861 INFO c.h.h.t.HelmChartContainer - [hivemq-test-hivemq-platform] [hivemq-platform-operator] [04b9bc17] 23:37:08.859 [ReconcilerExecutor-hivemq-controller-147] DEBUG c.h.p.o.HiveMQPlatformReconciler - [helmcont] Custom Resource Status RUNNING - HiveMQ Platform is ready (READY)
2025-01-28 23:37:08,862 INFO c.h.h.t.HelmChartContainer - [hivemq-test-hivemq-platform] [hivemq-platform-operator] [04b9bc17] 23:37:08.859 [ReconcilerExecutor-hivemq-controller-147] DEBUG c.h.p.o.HiveMQPlatformReconciler - [helmcont] Custom Resource Spec (replicas: 1) (extensions: 1)
2025-01-28 23:37:08,924 INFO c.h.h.t.HelmChartContainer - [hivemq-test-hivemq-platform] [hivemq-platform-operator] [04b9bc17] 23:37:08.922 [ReconcilerExecutor-hivemq-controller-147] DEBUG c.h.p.o.HiveMQPlatformReconciler - [helmcont] StatefulSet Status (revision: test-hivemq-platform-579f489c45, replicas: 2, available: 1, ready: 1, current: 0, updated: 1)
2025-01-28 23:37:08,924 INFO c.h.h.t.HelmChartContainer - [hivemq-test-hivemq-platform] [hivemq-platform-operator] [04b9bc17] 23:37:08.923 [ReconcilerExecutor-hivemq-controller-147] DEBUG c.h.p.o.HiveMQPlatformReconciler - [helmcont] StatefulSet Spec (replicas: 1, init containers: 1, containers: 1, volumes: 3)
2025-01-28 23:37:08,926 INFO c.h.h.t.HelmChartContainer - [hivemq-test-hivemq-platform] [hivemq-platform-operator] [04b9bc17] 23:37:08.925 [ReconcilerExecutor-hivemq-controller-147] DEBUG c.h.p.o.h.HiveMQPlatformReconcilerErrorHandler - [helmcont] Pod 'test-hivemq-platform-0' phase Running
2025-01-28 23:37:08,950 INFO c.h.h.t.HelmChartContainer - [test-hivemq-platform] [hivemq] [d3014e5b] INFO  - [HiveMQ Platform Operator Init App 1.7.0-SNAPSHOT] Returning Health API response 200 for liveness
2025-01-28 23:37:08,951 INFO c.h.h.t.HelmChartContainer - [K3S] [reconciler_common.go:299] "Volume detached for volume \"kube-api-access-z68g7\" (UniqueName: \"kubernetes.io/projected/337e2097-70c0-4d76-a5ea-32ed094851b3-kube-api-access-z68g7\") on node \"6b15a01a10f5\" DevicePath \"\""
2025-01-28 23:37:08,951 INFO c.h.h.t.HelmChartContainer - [K3S] [reconciler_common.go:299] "Volume detached for volume \"operator-init\" (UniqueName: \"kubernetes.io/empty-dir/337e2097-70c0-4d76-a5ea-32ed094851b3-operator-init\") on node \"6b15a01a10f5\" DevicePath \"\""
2025-01-28 23:37:08,951 INFO c.h.h.t.HelmChartContainer - [K3S] [reconciler_common.go:299] "Volume detached for volume \"pod-info\" (UniqueName: \"kubernetes.io/configmap/337e2097-70c0-4d76-a5ea-32ed094851b3-pod-info\") on node \"6b15a01a10f5\" DevicePath \"\""
2025-01-28 23:37:08,951 INFO c.h.h.t.HelmChartContainer - [K3S] [reconciler_common.go:299] "Volume detached for volume \"broker-configuration\" (UniqueName: \"kubernetes.io/configmap/337e2097-70c0-4d76-a5ea-32ed094851b3-broker-configuration\") on node \"6b15a01a10f5\" DevicePath \"\""
2025-01-28 23:37:09,046 INFO c.h.h.t.HelmChartContainer - [hivemq-test-hivemq-platform] [hivemq-platform-operator] [04b9bc17] 23:37:09.040 [pool-6-thread-40] DEBUG c.h.p.o.d.PlatformServiceResource - [helmcont] Desired Platform services (3 services)
2025-01-28 23:37:09,048 INFO c.h.h.t.HelmChartContainer - [hivemq-test-hivemq-platform] [hivemq-platform-operator] [04b9bc17] 23:37:09.041 [pool-6-thread-36] DEBUG c.h.p.o.dependants.PodInfoConfigMap - [helmcont] Desired PodInfo ConfigMap (1 extensions) (1 enabled)
2025-01-28 23:37:09,048 INFO c.h.h.t.HelmChartContainer - [hivemq-test-hivemq-platform] [hivemq-platform-operator] [04b9bc17] 23:37:09.041 [pool-6-thread-36] DEBUG c.h.p.o.dependants.PodInfoConfigMap - [helmcont] Desired PodInfo ConfigMap (metrics port: 9399) (metrics path: /)
2025-01-28 23:37:09,048 INFO c.h.h.t.HelmChartContainer - [hivemq-test-hivemq-platform] [hivemq-platform-operator] [04b9bc17] 23:37:09.041 [pool-6-thread-36] DEBUG c.h.p.o.dependants.PodInfoConfigMap - [helmcont] Desired PodInfo ConfigMap (extension state hash: -1817474005)
2025-01-28 23:37:09,048 INFO c.h.h.t.HelmChartContainer - [hivemq-test-hivemq-platform] [hivemq-platform-operator] [04b9bc17] 23:37:09.042 [pool-6-thread-36] DEBUG c.h.p.o.d.PodServiceAccountResource - [helmcont] Desired PodServiceAccountResource (serviceAccountName: hivemq-platform-pod-test-hivemq-platform)
2025-01-28 23:37:09,048 INFO c.h.h.t.HelmChartContainer - [hivemq-test-hivemq-platform] [hivemq-platform-operator] [04b9bc17] 23:37:09.045 [pool-6-thread-40] DEBUG c.h.p.o.d.StatefulSetResource - [helmcont] Desired StatefulSet (1 replicas) for status RUNNING (READY)
2025-01-28 23:37:09,055 INFO c.h.h.t.HelmChartContainer - [hivemq-test-hivemq-platform] [hivemq-platform-operator] [04b9bc17] 23:37:09.051 [ReconcilerExecutor-hivemq-controller-148] INFO  c.h.p.o.HiveMQPlatformReconciler - [helmcont] Reconciling HiveMQ Platform 'test-hivemq-platform' in namespace 'helmcontainersecuritycontextupgradeplatformit'
2025-01-28 23:37:09,055 INFO c.h.h.t.HelmChartContainer - [hivemq-test-hivemq-platform] [hivemq-platform-operator] [04b9bc17] 23:37:09.051 [ReconcilerExecutor-hivemq-controller-148] DEBUG c.h.p.o.HiveMQPlatformReconciler - [helmcont] Custom Resource Status RUNNING - HiveMQ Platform is ready (READY)
2025-01-28 23:37:09,055 INFO c.h.h.t.HelmChartContainer - [hivemq-test-hivemq-platform] [hivemq-platform-operator] [04b9bc17] 23:37:09.051 [ReconcilerExecutor-hivemq-controller-148] DEBUG c.h.p.o.HiveMQPlatformReconciler - [helmcont] Custom Resource Spec (replicas: 1) (extensions: 1)
2025-01-28 23:37:09,055 INFO c.h.h.t.HelmChartContainer - [hivemq-test-hivemq-platform] [hivemq-platform-operator] [04b9bc17] 23:37:09.052 [ReconcilerExecutor-hivemq-controller-148] DEBUG c.h.p.o.HiveMQPlatformReconciler - [helmcont] StatefulSet Status (revision: test-hivemq-platform-579f489c45, replicas: 2, available: 1, ready: 1, current: 0, updated: 1)
2025-01-28 23:37:09,055 INFO c.h.h.t.HelmChartContainer - [hivemq-test-hivemq-platform] [hivemq-platform-operator] [04b9bc17] 23:37:09.052 [ReconcilerExecutor-hivemq-controller-148] DEBUG c.h.p.o.HiveMQPlatformReconciler - [helmcont] StatefulSet Spec (replicas: 1, init containers: 1, containers: 1, volumes: 3)
2025-01-28 23:37:09,056 INFO c.h.h.t.HelmChartContainer - [hivemq-test-hivemq-platform] [hivemq-platform-operator] [04b9bc17] 23:37:09.055 [ReconcilerExecutor-hivemq-controller-148] DEBUG c.h.p.o.h.HiveMQPlatformReconcilerErrorHandler - [helmcont] Pod 'test-hivemq-platform-0' phase Running
2025-01-28 23:37:09,127 INFO c.h.h.t.HelmChartContainer - [hivemq-test-hivemq-platform] [hivemq-platform-operator] [04b9bc17] 23:37:09.126 [ReconcilerExecutor-hivemq-controller-150] INFO  c.h.p.o.HiveMQPlatformReconciler - [helmcont] Cleanup test-hivemq-platform - helmcontainersecuritycontextupgradeplatformit HiveMQ Platform is shut down
2025-01-28 23:37:09,669 INFO c.h.h.t.HelmChartContainer - [K3S] [scope.go:117] "RemoveContainer" containerID="db73cbdbd6ccbec1efef2881fb8f556dec67c46fdc2fce85c47f9f75f2abb746"
2025-01-28 23:37:09,681 INFO c.h.h.t.HelmChartContainer - [POD] test-hivemq-platform-1 [337e2097-70c0-4d76-a5ea-32ed094851b3] in helmcontainersecuritycontextupgradeplatformit was MODIFIED
2025-01-28 23:37:09,691 INFO c.h.h.t.HelmChartContainer - [POD] test-hivemq-platform-1 [337e2097-70c0-4d76-a5ea-32ed094851b3] in helmcontainersecuritycontextupgradeplatformit was DELETED
2025-01-28 23:37:09,773 INFO c.h.h.t.HelmChartContainer - [K3S] [scope.go:117] "RemoveContainer" containerID="5e3b73b02ab2a9bc976f7b1d653147063923853acfb4c6207a19f03be65dbbcf"
2025-01-28 23:37:09,778 INFO c.h.h.t.HelmChartContainer - [K3S] [scope.go:117] "RemoveContainer" containerID="db73cbdbd6ccbec1efef2881fb8f556dec67c46fdc2fce85c47f9f75f2abb746"
2025-01-28 23:37:09,778 INFO c.h.h.t.HelmChartContainer - [K3S] [scope.go:117] "RemoveContainer" containerID="5e3b73b02ab2a9bc976f7b1d653147063923853acfb4c6207a19f03be65dbbcf"
2025-01-28 23:37:09,850 INFO c.h.h.t.HelmChartContainer - [POD] test-hivemq-platform-0 [d3014e5b-79ce-4d88-878a-b677d507b12d] in helmcontainersecuritycontextupgradeplatformit was MODIFIED
2025-01-28 23:37:09,858 INFO c.h.h.t.HelmChartContainer - [EVENT] Normal [Killing] Stopping container hivemq [helmcontainersecuritycontextupgradeplatformit:test-hivemq-platform-0]
2025-01-28 23:37:09,858 INFO c.h.h.t.HelmChartContainer - Received Killing event for container hivemq in pod test-hivemq-platform-0 [d3014e5b-79ce-4d88-878a-b677d507b12d]
2025-01-28 23:37:09,858 INFO c.h.h.t.HelmChartContainer - Container [test-hivemq-platform-0] [hivemq] [d3014e5b-79ce-4d88-878a-b677d507b12d] was terminated
2025-01-28 23:37:09,858 INFO c.h.h.t.HelmChartContainer - Stopped log watcher for hivemq in pod test-hivemq-platform-0 [d3014e5b-79ce-4d88-878a-b677d507b12d]
2025-01-28 23:37:09,865 INFO c.h.h.t.HelmChartContainer - [test-hivemq-platform] [hivemq] [d3014e5b] INFO  - [HiveMQ Platform Operator Init App 1.7.0-SNAPSHOT] Shutting down
2025-01-28 23:37:09,865 INFO c.h.h.t.HelmChartContainer - [test-hivemq-platform] [hivemq] [d3014e5b] INFO  - [HiveMQ Platform Operator Init App 1.7.0-SNAPSHOT] Stopping the HiveMQ Platform
2025-01-28 23:37:09,978 INFO c.h.h.t.HelmChartContainer - [test-hivemq-platform] [hivemq] [d3014e5b] INFO  - Shutting down HiveMQ. Please wait, this could take a while...
2025-01-28 23:37:09,982 INFO c.h.h.t.HelmChartContainer - [test-hivemq-platform] [hivemq] [d3014e5b] INFO  - Shutting down listeners and clients
2025-01-28 23:37:09,983 INFO c.h.h.t.HelmChartContainer - [test-hivemq-platform] [hivemq] [d3014e5b] INFO  - Shutdown of listeners is done
2025-01-28 23:37:09,983 INFO c.h.h.t.HelmChartContainer - [test-hivemq-platform] [hivemq] [d3014e5b] INFO  - No clients are connected, proceeding with shutdown
2025-01-28 23:37:11,095 INFO c.h.h.t.HelmChartContainer - Deleting namespace 'helmcontainersecuritycontextupgradeplatformit'...
2025-01-28 23:37:11,347 INFO c.h.h.t.HelmChartContainer - [K3S] [kubelet_volumes.go:163] "Cleaned up orphaned pod volumes dir" podUID="337e2097-70c0-4d76-a5ea-32ed094851b3" path="/var/lib/kubelet/pods/337e2097-70c0-4d76-a5ea-32ed094851b3/volumes"
2025-01-28 23:37:12,083 INFO c.h.h.t.HelmChartContainer - [test-hivemq-platform] [hivemq] [d3014e5b] INFO  - [HiveMQ Platform Operator Init App 1.7.0-SNAPSHOT] Returning shutdown Health API response 503 for readiness
2025-01-28 23:37:12,087 INFO c.h.h.t.HelmChartContainer - [EVENT] Warning [Unhealthy] Readiness probe failed: HTTP probe failed with statuscode: 503 [helmcontainersecuritycontextupgradeplatformit:test-hivemq-platform-0]
2025-01-28 23:37:12,088 INFO c.h.h.t.HelmChartContainer - Received Unhealthy event for container hivemq in pod test-hivemq-platform-0 [d3014e5b-79ce-4d88-878a-b677d507b12d]
2025-01-28 23:37:12,593 INFO c.h.h.t.HelmChartContainer - [K3S] [authentication.go:74] "Unable to authenticate the request" err="[invalid bearer token, serviceaccounts \"hivemq-platform-pod-test-hivemq-platform\" not found]"
2025-01-28 23:37:12,608 INFO c.h.h.t.HelmChartContainer - [K3S] [authentication.go:74] "Unable to authenticate the request" err="[invalid bearer token, serviceaccounts \"hivemq-platform-pod-test-hivemq-platform\" not found]"
2025-01-28 23:37:12,666 INFO c.h.h.t.HelmChartContainer - [test-hivemq-platform] [hivemq] [d3014e5b] WARN  - [HiveMQ Platform Operator Init App 1.7.0-SNAPSHOT] Could not update Pod annotations: Failure executing: GET at: https://10.43.0.1:443/api/v1/namespaces/helmcontainersecuritycontextupgradeplatformit/pods/test-hivemq-platform-0. Message: Unauthorized. Received status: Status(apiVersion=v1, code=401, details=null, kind=Status, message=Unauthorized, metadata=ListMeta(_continue=null, remainingItemCount=null, resourceVersion=null, selfLink=null, additionalProperties={}), reason=Unauthorized, status=Failure, additionalProperties={}).
2025-01-28 23:37:13,271 INFO c.h.h.t.HelmChartContainer - [test-hivemq-platform] [hivemq] [d3014e5b] INFO  - Shutting down extension system
2025-01-28 23:37:13,273 INFO c.h.h.t.HelmChartContainer - [test-hivemq-platform] [hivemq] [d3014e5b] INFO  - Stopping extension with id hivemq-dns-cluster-discovery
2025-01-28 23:37:13,274 INFO c.h.h.t.HelmChartContainer - [test-hivemq-platform] [hivemq] [d3014e5b] INFO  - Extension "DNS Cluster Discovery Extension" version 4.3.2 stopped successfully.
2025-01-28 23:37:13,274 INFO c.h.h.t.HelmChartContainer - [test-hivemq-platform] [hivemq] [d3014e5b] INFO  - Stopping extension with id hivemq-prometheus-extension
2025-01-28 23:37:13,278 INFO c.h.h.t.HelmChartContainer - [test-hivemq-platform] [hivemq] [d3014e5b] INFO  - Extension "Prometheus Monitoring Extension" version 4.0.12 stopped successfully.
2025-01-28 23:37:13,278 INFO c.h.h.t.HelmChartContainer - [test-hivemq-platform] [hivemq] [d3014e5b] INFO  - Stopping extension with id hivemq-allow-all-extension
2025-01-28 23:37:13,278 INFO c.h.h.t.HelmChartContainer - [test-hivemq-platform] [hivemq] [d3014e5b] INFO  - Extension "Allow All Extension" version 1.1.1 stopped successfully.
2025-01-28 23:37:15,567 INFO c.h.h.t.HelmChartContainer - [test-hivemq-platform] [hivemq] [d3014e5b] INFO  - Shutdown completed.
2025-01-28 23:37:15,914 INFO c.h.h.t.HelmChartContainer - [test-hivemq-platform] [hivemq] [d3014e5b] INFO  - [HiveMQ Platform Operator Init App 1.7.0-SNAPSHOT] The HiveMQ Platform exited with code 143
2025-01-28 23:37:15,915 INFO c.h.h.t.HelmChartContainer - [test-hivemq-platform] [hivemq] [d3014e5b] INFO  - [HiveMQ Platform Operator Init App 1.7.0-SNAPSHOT] Stopping the REST API
2025-01-28 23:37:15,967 INFO c.h.h.t.HelmChartContainer - [test-hivemq-platform] [hivemq] [d3014e5b] INFO  - [HiveMQ Platform Operator Init App 1.7.0-SNAPSHOT] Shutdown complete
2025-01-28 23:37:16,279 INFO c.h.h.t.HelmChartContainer - [K3S] [stateful_set.go:466] "StatefulSet has been deleted" key="helmcontainersecuritycontextupgradeplatformit/test-hivemq-platform"
2025-01-28 23:37:16,448 INFO c.h.h.t.HelmChartContainer - [POD] test-hivemq-platform-0 [d3014e5b-79ce-4d88-878a-b677d507b12d] in helmcontainersecuritycontextupgradeplatformit was MODIFIED
2025-01-28 23:37:16,488 INFO c.h.h.t.HelmChartContainer - [K3S] [reconciler_common.go:162] "operationExecutor.UnmountVolume started for volume \"pod-info\" (UniqueName: \"kubernetes.io/configmap/d3014e5b-79ce-4d88-878a-b677d507b12d-pod-info\") pod \"d3014e5b-79ce-4d88-878a-b677d507b12d\" (UID: \"d3014e5b-79ce-4d88-878a-b677d507b12d\") "
2025-01-28 23:37:16,489 INFO c.h.h.t.HelmChartContainer - [K3S] [reconciler_common.go:162] "operationExecutor.UnmountVolume started for volume \"broker-configuration\" (UniqueName: \"kubernetes.io/configmap/d3014e5b-79ce-4d88-878a-b677d507b12d-broker-configuration\") pod \"d3014e5b-79ce-4d88-878a-b677d507b12d\" (UID: \"d3014e5b-79ce-4d88-878a-b677d507b12d\") "
2025-01-28 23:37:16,489 INFO c.h.h.t.HelmChartContainer - [K3S] [reconciler_common.go:162] "operationExecutor.UnmountVolume started for volume \"operator-init\" (UniqueName: \"kubernetes.io/empty-dir/d3014e5b-79ce-4d88-878a-b677d507b12d-operator-init\") pod \"d3014e5b-79ce-4d88-878a-b677d507b12d\" (UID: \"d3014e5b-79ce-4d88-878a-b677d507b12d\") "
2025-01-28 23:37:16,489 INFO c.h.h.t.HelmChartContainer - [K3S] [reconciler_common.go:162] "operationExecutor.UnmountVolume started for volume \"kube-api-access-7tvtp\" (UniqueName: \"kubernetes.io/projected/d3014e5b-79ce-4d88-878a-b677d507b12d-kube-api-access-7tvtp\") pod \"d3014e5b-79ce-4d88-878a-b677d507b12d\" (UID: \"d3014e5b-79ce-4d88-878a-b677d507b12d\") "
2025-01-28 23:37:16,589 INFO c.h.h.t.HelmChartContainer - [K3S] [reconciler_common.go:299] "Volume detached for volume \"pod-info\" (UniqueName: \"kubernetes.io/configmap/d3014e5b-79ce-4d88-878a-b677d507b12d-pod-info\") on node \"6b15a01a10f5\" DevicePath \"\""
2025-01-28 23:37:16,590 INFO c.h.h.t.HelmChartContainer - [K3S] [reconciler_common.go:299] "Volume detached for volume \"operator-init\" (UniqueName: \"kubernetes.io/empty-dir/d3014e5b-79ce-4d88-878a-b677d507b12d-operator-init\") on node \"6b15a01a10f5\" DevicePath \"\""
2025-01-28 23:37:16,590 INFO c.h.h.t.HelmChartContainer - [K3S] [reconciler_common.go:299] "Volume detached for volume \"broker-configuration\" (UniqueName: \"kubernetes.io/configmap/d3014e5b-79ce-4d88-878a-b677d507b12d-broker-configuration\") on node \"6b15a01a10f5\" DevicePath \"\""
2025-01-28 23:37:16,590 INFO c.h.h.t.HelmChartContainer - [K3S] [reconciler_common.go:299] "Volume detached for volume \"kube-api-access-7tvtp\" (UniqueName: \"kubernetes.io/projected/d3014e5b-79ce-4d88-878a-b677d507b12d-kube-api-access-7tvtp\") on node \"6b15a01a10f5\" DevicePath \"\""
2025-01-28 23:37:16,681 INFO c.h.h.t.HelmChartContainer - [K3S] [scope.go:117] "RemoveContainer" containerID="41ecc65130889b2660564687fbd2b53756860ab51b158ade0c827341e2f8ab00"
2025-01-28 23:37:16,694 INFO c.h.h.t.HelmChartContainer - [POD] test-hivemq-platform-0 [d3014e5b-79ce-4d88-878a-b677d507b12d] in helmcontainersecuritycontextupgradeplatformit was MODIFIED
2025-01-28 23:37:16,706 INFO c.h.h.t.HelmChartContainer - [POD] test-hivemq-platform-0 [d3014e5b-79ce-4d88-878a-b677d507b12d] in helmcontainersecuritycontextupgradeplatformit was DELETED
2025-01-28 23:37:16,784 INFO c.h.h.t.HelmChartContainer - [K3S] [scope.go:117] "RemoveContainer" containerID="14ba9557da754062fe82cd84fb18910486baf4ea4e3227292377113c3c39bda3"
2025-01-28 23:37:16,787 INFO c.h.h.t.HelmChartContainer - [K3S] [scope.go:117] "RemoveContainer" containerID="41ecc65130889b2660564687fbd2b53756860ab51b158ade0c827341e2f8ab00"
2025-01-28 23:37:16,788 INFO c.h.h.t.HelmChartContainer - [K3S] [scope.go:117] "RemoveContainer" containerID="14ba9557da754062fe82cd84fb18910486baf4ea4e3227292377113c3c39bda3"
2025-01-28 23:37:17,348 INFO c.h.h.t.HelmChartContainer - [K3S] [kubelet_volumes.go:163] "Cleaned up orphaned pod volumes dir" podUID="d3014e5b-79ce-4d88-878a-b677d507b12d" path="/var/lib/kubelet/pods/d3014e5b-79ce-4d88-878a-b677d507b12d/volumes"
2025-01-28 23:37:21,438 INFO c.h.h.t.HelmChartContainer - Namespace 'helmcontainersecuritycontextupgradeplatformit' deleted
2025-01-28 23:37:21,438 INFO c.h.h.t.HelmChartContainer - Release 'test-hivemq-platform' in namespace 'helmcontainersecuritycontextupgradeplatformit' is uninstalled
2025-01-28 23:37:21,438 INFO c.h.h.t.HelmChartContainer - Uninstalling release 'test-hivemq-platform-operator' in namespace 'helmcontainersecuritycontextupgradeplatformit-operator'...
2025-01-28 23:37:21,438 DEBUG c.h.h.t.HelmChartContainer - Executing helm command: /bin/helm --kubeconfig /etc/rancher/k3s/k3s.yaml uninstall test-hivemq-platform-operator  --wait --timeout 5m0s --cascade foreground --namespace helmcontainersecuritycontextupgradeplatformit-operator
2025-01-28 23:37:21,601 INFO c.h.h.t.HelmChartContainer - [K3S] [replica_set.go:679] "Finished syncing" kind="ReplicaSet" key="helmcontainersecuritycontextupgradeplatformit-operator/hivemq-test-hivemq-platform-operator-8669f546db" duration="10.41034ms"
2025-01-28 23:37:21,601 INFO c.h.h.t.HelmChartContainer - [K3S] [replica_set.go:679] "Finished syncing" kind="ReplicaSet" key="helmcontainersecuritycontextupgradeplatformit-operator/hivemq-test-hivemq-platform-operator-8669f546db" duration="38.071µs"
2025-01-28 23:37:21,617 INFO c.h.h.t.HelmChartContainer - [POD] hivemq-test-hivemq-platform-operator-8669f546db-25wpq [04b9bc17-f70b-4d00-aab7-829c7c42fab2] in helmcontainersecuritycontextupgradeplatformit-operator was MODIFIED
2025-01-28 23:37:21,625 INFO c.h.h.t.HelmChartContainer - [K3S] [replica_set.go:679] "Finished syncing" kind="ReplicaSet" key="helmcontainersecuritycontextupgradeplatformit-operator/hivemq-test-hivemq-platform-operator-8669f546db" duration="11.222644ms"
2025-01-28 23:37:21,628 INFO c.h.h.t.HelmChartContainer - [K3S] [replica_set.go:679] "Finished syncing" kind="ReplicaSet" key="helmcontainersecuritycontextupgradeplatformit-operator/hivemq-test-hivemq-platform-operator-8669f546db" duration="34.544µs"
2025-01-28 23:37:21,631 INFO c.h.h.t.HelmChartContainer - [hivemq-test-hivemq-platform] [hivemq-platform-operator] [04b9bc17] 23:37:21.628 [application-shutdown-thread] INFO  c.h.p.o.HiveMQPlatformOperatorApplication - HiveMQ Platform Operator is stopping...
2025-01-28 23:37:21,633 INFO c.h.h.t.HelmChartContainer - [hivemq-test-hivemq-platform] [hivemq-platform-operator] [04b9bc17] 23:37:21.629 [application-shutdown-thread] INFO  i.javaoperatorsdk.operator.Operator - Operator SDK 4.9.7 is shutting down...
2025-01-28 23:37:21,634 INFO c.h.h.t.HelmChartContainer - [EVENT] Normal [Killing] Stopping container hivemq-platform-operator [helmcontainersecuritycontextupgradeplatformit-operator:hivemq-test-hivemq-platform-operator-8669f546db-25wpq]
2025-01-28 23:37:21,634 INFO c.h.h.t.HelmChartContainer - Received Killing event for container hivemq-platform-operator in pod hivemq-test-hivemq-platform-operator-8669f546db-25wpq [04b9bc17-f70b-4d00-aab7-829c7c42fab2]
2025-01-28 23:37:21,634 INFO c.h.h.t.HelmChartContainer - Container [hivemq-test-hivemq-platform-operator-8669f546db-25wpq] [hivemq-platform-operator] [04b9bc17-f70b-4d00-aab7-829c7c42fab2] was terminated
2025-01-28 23:37:21,634 INFO c.h.h.t.HelmChartContainer - Stopped log watcher for hivemq-platform-operator in pod hivemq-test-hivemq-platform-operator-8669f546db-25wpq [04b9bc17-f70b-4d00-aab7-829c7c42fab2]
2025-01-28 23:37:22,262 INFO c.h.h.t.HelmChartContainer - [K3S] [replica_set.go:679] "Finished syncing" kind="ReplicaSet" key="helmcontainersecuritycontextupgradeplatformit-operator/hivemq-test-hivemq-platform-operator-8669f546db" duration="67.407µs"
2025-01-28 23:37:22,263 INFO c.h.h.t.HelmChartContainer - [POD] hivemq-test-hivemq-platform-operator-8669f546db-25wpq [04b9bc17-f70b-4d00-aab7-829c7c42fab2] in helmcontainersecuritycontextupgradeplatformit-operator was MODIFIED
2025-01-28 23:37:22,318 INFO c.h.h.t.HelmChartContainer - [K3S] [reconciler_common.go:162] "operationExecutor.UnmountVolume started for volume \"kube-api-access-sntxz\" (UniqueName: \"kubernetes.io/projected/04b9bc17-f70b-4d00-aab7-829c7c42fab2-kube-api-access-sntxz\") pod \"04b9bc17-f70b-4d00-aab7-829c7c42fab2\" (UID: \"04b9bc17-f70b-4d00-aab7-829c7c42fab2\") "
2025-01-28 23:37:22,419 INFO c.h.h.t.HelmChartContainer - [K3S] [reconciler_common.go:299] "Volume detached for volume \"kube-api-access-sntxz\" (UniqueName: \"kubernetes.io/projected/04b9bc17-f70b-4d00-aab7-829c7c42fab2-kube-api-access-sntxz\") on node \"6b15a01a10f5\" DevicePath \"\""
2025-01-28 23:37:22,695 INFO c.h.h.t.HelmChartContainer - [K3S] [scope.go:117] "RemoveContainer" containerID="5d85868e5a04dfaac03df8df9d4013a6e0942765c7868a2771e3b686ffaa11f3"
2025-01-28 23:37:22,698 INFO c.h.h.t.HelmChartContainer - [K3S] [scope.go:117] "RemoveContainer" containerID="5d85868e5a04dfaac03df8df9d4013a6e0942765c7868a2771e3b686ffaa11f3"
2025-01-28 23:37:22,706 INFO c.h.h.t.HelmChartContainer - [K3S] [replica_set.go:679] "Finished syncing" kind="ReplicaSet" key="helmcontainersecuritycontextupgradeplatformit-operator/hivemq-test-hivemq-platform-operator-8669f546db" duration="43.121µs"
2025-01-28 23:37:22,707 INFO c.h.h.t.HelmChartContainer - [POD] hivemq-test-hivemq-platform-operator-8669f546db-25wpq [04b9bc17-f70b-4d00-aab7-829c7c42fab2] in helmcontainersecuritycontextupgradeplatformit-operator was MODIFIED
2025-01-28 23:37:22,708 INFO c.h.h.t.HelmChartContainer - [POD] hivemq-test-hivemq-platform-operator-8669f546db-25wpq [04b9bc17-f70b-4d00-aab7-829c7c42fab2] in helmcontainersecuritycontextupgradeplatformit-operator was DELETED
2025-01-28 23:37:22,708 INFO c.h.h.t.HelmChartContainer - [K3S] [replica_set.go:679] "Finished syncing" kind="ReplicaSet" key="helmcontainersecuritycontextupgradeplatformit-operator/hivemq-test-hivemq-platform-operator-8669f546db" duration="33.783µs"
2025-01-28 23:37:22,718 INFO c.h.h.t.HelmChartContainer - [K3S] [replica_set.go:679] "Finished syncing" kind="ReplicaSet" key="helmcontainersecuritycontextupgradeplatformit-operator/hivemq-test-hivemq-platform-operator-8669f546db" duration="5.7µs"
2025-01-28 23:37:23,348 INFO c.h.h.t.HelmChartContainer - [K3S] [kubelet_volumes.go:163] "Cleaned up orphaned pod volumes dir" podUID="04b9bc17-f70b-4d00-aab7-829c7c42fab2" path="/var/lib/kubelet/pods/04b9bc17-f70b-4d00-aab7-829c7c42fab2/volumes"
2025-01-28 23:37:23,639 INFO c.h.h.t.HelmChartContainer - Deleting namespace 'helmcontainersecuritycontextupgradeplatformit-operator'...
2025-01-28 23:37:26,413 INFO c.h.h.t.HelmChartContainer - [K3S] [namespace_controller.go:187] "Namespace has been deleted" namespace="helmcontainersecuritycontextupgradeplatformit"
2025-01-28 23:37:28,855 INFO c.h.h.t.HelmChartContainer - Namespace 'helmcontainersecuritycontextupgradeplatformit-operator' deleted
2025-01-28 23:37:28,855 INFO c.h.h.t.HelmChartContainer - Release 'test-hivemq-platform-operator' in namespace 'helmcontainersecuritycontextupgradeplatformit-operator' is uninstalled
2025-01-28 23:37:29,636 INFO c.h.helmcharts.AbstractHelmChartIT - Removed unused containers:

2025-01-28 23:37:33,763 INFO c.h.h.t.HelmChartContainer - [K3S] [namespace_controller.go:187] "Namespace has been deleted" namespace="helmcontainersecuritycontextupgradeplatformit-operator"
2025-01-28 23:37:37,217 INFO c.h.helmcharts.AbstractHelmChartIT - Removed unused snapshots:
Removing snapshot sha256:03af251906410714c5aef9fa705b63f6bbc39c4a5e787de7361eeb18886c2ed2
Removing snapshot sha256:0c46b3b43cce082ce5ec34ffc6c294e0417d17b9d1e6f366d114b6aadc4f96dc
Removing snapshot sha256:0ce761beee59082d6ed5bcebd3a805b8ddd9b3426b617e4809e7fb7c6587ffec
Removing snapshot sha256:0df91287303208332c8ff6ba40ae4710105201739addbfbddfb955f1ad593664
Removing snapshot sha256:1021ef88c7974bfff89c5a0ec4fd3160daac6c48a075f74cff721f85dd104e68
Removing snapshot sha256:10aba4953ddc18145dd38e3704709bc464aa20af60b56fe52caaff4b68411e62
Removing snapshot sha256:2573e0d8158209ed54ab25c87bcdcb00bd3d2539246960a3d592a1c599d70465
Removing snapshot sha256:362a8a37f8bbc31925a8146adcf7cf51f9882f5c1dcbef67c5baa03a297543c0
Removing snapshot sha256:3bb6c53657ba1e82801cd2c438fffda220debdd67c49431d796ef1780e643784
Removing snapshot sha256:3fa4ad33f0ddc8fd45b39b6b4640f82a3a83619606cd975bfe89d8710ad2d4cd
Removing snapshot sha256:43a7c979bbaba6838bc3102d6b10a1459f3ab050b87ccdfef84ef90cf43d3058
Removing snapshot sha256:4ab04491cdf0d3267f08206fe30bd48f49f94b9cab2f016d6739220f722a64af
Removing snapshot sha256:4b6068250e89c96f263060261819c7d912855bfbd64b3eb4c4a8483299b8c295
Removing snapshot sha256:580e69a0a8034ede1921139bbd2bfb72a69ebf276d008281896c32dd8bf74775
Removing snapshot sha256:5d30ba46b27fe37484567ccc5242cadc78217b8da605f3f195ef25cbf7487904
Removing snapshot sha256:63ca1fbb43ae5034640e5e6cb3e083e05c290072c5366fcaa9d62435a4cced85
Removing snapshot sha256:67f702c6baae873bceb19487c8b1f27bd2b86077e4f2f0e480e6d60ab508b8f5
Removing snapshot sha256:6864348dd42806d552efdec384f1274be15e2d0c10ce44c1f04347af004c10a9
Removing snapshot sha256:6c7dee8f2c39b84b7dc2711c01d33de93514d9055499173e9290176fbe484b6c
Removing snapshot sha256:82753493a6d61ded36556292f02f31841a14c20d2f279f19eaad65afb661d5cd
Removing snapshot sha256:8a10d3db42c505ee0fcfa98417bdd7e39b304f6bcc0a06bb1b220797ff2cc63c
Removing snapshot sha256:a21e5b12dbac529ad45d976eb9ce45c881f3bedcc500fb30aba1e52aa1813418
Removing snapshot sha256:b921e6c28969094157f9b8e7244677780319637afd14450b7cb6b2fdea558a0c
Removing snapshot sha256:b9e45c120589ce6df0b01518730913d24e5a23d9bd5bb2e6e1b05e3fbcdd8475
Removing snapshot sha256:bc27ecb5769a00e309cf99ebc763c4a4b958b618d1decc96ffac5bc05f02f5b7
Removing snapshot sha256:be3ccb6627a5332e309d45ef461d09b4879dd870c7394d89323d0ebc6ca6aa8a
Removing snapshot sha256:c261f7cbbc64211ee175ee47273acdb7b1a36a4450b397a064a8f2c026490095
Removing snapshot sha256:c34d9393647eea0c9e3557ab988efaf59f61d10a2a5613b439ef0958cca5ec10
Removing snapshot sha256:ccf3c4a0fa967a41c1c83497a2ce6fa5787965859df0adb32c4ca2cf7490bc2b
Removing snapshot sha256:cf92d33f869417309692088c341cd0f223c178ea78a125f757317b22aa8f90e9
Removing snapshot sha256:d0037344cf2fb078884f1849f6a1f8cf9a33a3b6139b6a85833e5ee528e1f9a8
Removing snapshot sha256:d3b36d5b79273b1e98e7700470eaeff05a882e777124d84cebcc1505b85ecb36
Removing snapshot sha256:d65a44a37914602d12c611e5e22a50f11451d847e63015cc1c2aef92dee777a4
Removing snapshot sha256:e2dc0bae2455930f23ae570e019b7f32edc75c0f2d71cab084db837ff9051796
Removing snapshot sha256:eccbd24a99c60cd9e86ee5305dbfc4a4dc89f5ab4fb1f06c8d64797cecedef34
Removing snapshot sha256:f144bb4c7c7f0d2aa7eeffd36d934ec40db1ee167be727e326aad9fdc616f475

]]></system-out>
  </testcase>
  <testcase name="Operator values: (UID=185, GID=0, valuesFile='/files/operator-container-security-context-non-root-user-values.yaml') and Platform values: (UID=10000, GID=0, valuesFile='/files/platform-container-security-context-non-root-user-values.yaml')" classname="com.hivemq.helmcharts.securitycontext.HelmContainerSecurityContextUpgradePlatformIT" time="231.217">
    <system-out><![CDATA[2025-01-28 23:37:37,224 INFO c.h.h.t.HelmChartContainer - Creating namespace 'helmcontainersecuritycontextupgradeplatformit-operator'...
2025-01-28 23:37:37,230 INFO c.h.h.t.HelmChartContainer - Namespace 'helmcontainersecuritycontextupgradeplatformit-operator' created
2025-01-28 23:37:37,230 INFO c.h.h.t.HelmChartContainer - Creating namespace 'helmcontainersecuritycontextupgradeplatformit'...
2025-01-28 23:37:37,237 INFO c.h.h.t.HelmChartContainer - Namespace 'helmcontainersecuritycontextupgradeplatformit' created
2025-01-28 23:37:37,306 DEBUG c.h.h.t.HelmChartContainer - Executing helm command: /bin/helm --kubeconfig /etc/rancher/k3s/k3s.yaml install test-hivemq-platform-operator /charts/hivemq-platform-operator --wait --timeout 5m0s --set image.repository=docker.io/hivemq --set image.name=hivemq-platform-operator-test --set image.initImageName=hivemq-platform-operator-init-test --set image.tag=snapshot --set image.pullPolicy=Never --set logLevel=DEBUG --set resources.cpu=512m -f /files/operator-container-security-context-non-root-user-values.yaml --namespace helmcontainersecuritycontextupgradeplatformit-operator
2025-01-28 23:37:37,599 INFO c.h.h.t.HelmChartContainer - [K3S] [alloc.go:330] "allocated clusterIPs" service="helmcontainersecuritycontextupgradeplatformit-operator/hivemq-platform-operator-test-hivemq-platform-operator" clusterIPs={"IPv4":"10.43.223.68"}
2025-01-28 23:37:37,618 INFO c.h.h.t.HelmChartContainer - [EVENT] Normal [ScalingReplicaSet] Scaled up replica set hivemq-test-hivemq-platform-operator-85995884cf from 0 to 1 [helmcontainersecuritycontextupgradeplatformit-operator:hivemq-test-hivemq-platform-operator]
2025-01-28 23:37:37,624 INFO c.h.h.t.HelmChartContainer - [POD] hivemq-test-hivemq-platform-operator-85995884cf-56pb4 [669ffea5-8227-450a-98f4-5349aef33903] in helmcontainersecuritycontextupgradeplatformit-operator was ADDED
2025-01-28 23:37:37,632 INFO c.h.h.t.HelmChartContainer - [POD] hivemq-test-hivemq-platform-operator-85995884cf-56pb4 [669ffea5-8227-450a-98f4-5349aef33903] in helmcontainersecuritycontextupgradeplatformit-operator was MODIFIED
2025-01-28 23:37:37,633 INFO c.h.h.t.HelmChartContainer - [EVENT] Normal [SuccessfulCreate] Created pod: hivemq-test-hivemq-platform-operator-85995884cf-56pb4 [helmcontainersecuritycontextupgradeplatformit-operator:hivemq-test-hivemq-platform-operator-85995884cf]
2025-01-28 23:37:37,633 INFO c.h.h.t.HelmChartContainer - [K3S] [memory_manager.go:355] "RemoveStaleState removing state" podUID="337e2097-70c0-4d76-a5ea-32ed094851b3" containerName="hivemq"
2025-01-28 23:37:37,633 INFO c.h.h.t.HelmChartContainer - [K3S] [memory_manager.go:355] "RemoveStaleState removing state" podUID="04b9bc17-f70b-4d00-aab7-829c7c42fab2" containerName="hivemq-platform-operator"
2025-01-28 23:37:37,633 INFO c.h.h.t.HelmChartContainer - [K3S] [memory_manager.go:355] "RemoveStaleState removing state" podUID="d3014e5b-79ce-4d88-878a-b677d507b12d" containerName="hivemq"
2025-01-28 23:37:37,634 INFO c.h.h.t.HelmChartContainer - [K3S] [replica_set.go:679] "Finished syncing" kind="ReplicaSet" key="helmcontainersecuritycontextupgradeplatformit-operator/hivemq-test-hivemq-platform-operator-85995884cf" duration="21.227124ms"
2025-01-28 23:37:37,646 INFO c.h.h.t.HelmChartContainer - [EVENT] Normal [Scheduled] Successfully assigned helmcontainersecuritycontextupgradeplatformit-operator/hivemq-test-hivemq-platform-operator-85995884cf-56pb4 to 6b15a01a10f5 [helmcontainersecuritycontextupgradeplatformit-operator:hivemq-test-hivemq-platform-operator-85995884cf-56pb4]
2025-01-28 23:37:37,652 INFO c.h.h.t.HelmChartContainer - [POD] hivemq-test-hivemq-platform-operator-85995884cf-56pb4 [669ffea5-8227-450a-98f4-5349aef33903] in helmcontainersecuritycontextupgradeplatformit-operator was MODIFIED
2025-01-28 23:37:37,658 INFO c.h.h.t.HelmChartContainer - [K3S] [replica_set.go:679] "Finished syncing" kind="ReplicaSet" key="helmcontainersecuritycontextupgradeplatformit-operator/hivemq-test-hivemq-platform-operator-85995884cf" duration="22.406255ms"
2025-01-28 23:37:37,670 INFO c.h.h.t.HelmChartContainer - [K3S] [replica_set.go:679] "Finished syncing" kind="ReplicaSet" key="helmcontainersecuritycontextupgradeplatformit-operator/hivemq-test-hivemq-platform-operator-85995884cf" duration="13.681961ms"
2025-01-28 23:37:37,670 INFO c.h.h.t.HelmChartContainer - [K3S] [replica_set.go:679] "Finished syncing" kind="ReplicaSet" key="helmcontainersecuritycontextupgradeplatformit-operator/hivemq-test-hivemq-platform-operator-85995884cf" duration="35.837µs"
2025-01-28 23:37:37,709 INFO c.h.h.t.HelmChartContainer - [K3S] [reconciler_common.go:251] "operationExecutor.VerifyControllerAttachedVolume started for volume \"kube-api-access-b5dgv\" (UniqueName: \"kubernetes.io/projected/669ffea5-8227-450a-98f4-5349aef33903-kube-api-access-b5dgv\") pod \"hivemq-test-hivemq-platform-operator-85995884cf-56pb4\" (UID: \"669ffea5-8227-450a-98f4-5349aef33903\") " pod="helmcontainersecuritycontextupgradeplatformit-operator/hivemq-test-hivemq-platform-operator-85995884cf-56pb4"
2025-01-28 23:37:38,020 INFO c.h.h.t.HelmChartContainer - [EVENT] Normal [Pulled] Container image "docker.io/hivemq/hivemq-platform-operator-test:snapshot" already present on machine [helmcontainersecuritycontextupgradeplatformit-operator:hivemq-test-hivemq-platform-operator-85995884cf-56pb4]
2025-01-28 23:37:38,020 INFO c.h.h.t.HelmChartContainer - Received Pulled event for container hivemq-platform-operator in pod hivemq-test-hivemq-platform-operator-85995884cf-56pb4 [669ffea5-8227-450a-98f4-5349aef33903]
2025-01-28 23:37:39,314 INFO c.h.h.t.HelmChartContainer - [EVENT] Normal [Created] Created container: hivemq-platform-operator [helmcontainersecuritycontextupgradeplatformit-operator:hivemq-test-hivemq-platform-operator-85995884cf-56pb4]
2025-01-28 23:37:39,314 INFO c.h.h.t.HelmChartContainer - Received Created event for container hivemq-platform-operator in pod hivemq-test-hivemq-platform-operator-85995884cf-56pb4 [669ffea5-8227-450a-98f4-5349aef33903]
2025-01-28 23:37:39,736 INFO c.h.h.t.HelmChartContainer - [K3S] [replica_set.go:679] "Finished syncing" kind="ReplicaSet" key="helmcontainersecuritycontextupgradeplatformit-operator/hivemq-test-hivemq-platform-operator-85995884cf" duration="42.38µs"
2025-01-28 23:37:39,752 INFO c.h.h.t.HelmChartContainer - [POD] hivemq-test-hivemq-platform-operator-85995884cf-56pb4 [669ffea5-8227-450a-98f4-5349aef33903] in helmcontainersecuritycontextupgradeplatformit-operator was MODIFIED
2025-01-28 23:37:39,756 INFO c.h.h.t.HelmChartContainer - Started log watcher for hivemq-platform-operator in pod hivemq-test-hivemq-platform-operator-85995884cf-56pb4 [669ffea5-8227-450a-98f4-5349aef33903]
2025-01-28 23:37:39,756 INFO c.h.h.t.HelmChartContainer - [EVENT] Normal [Started] Started container hivemq-platform-operator [helmcontainersecuritycontextupgradeplatformit-operator:hivemq-test-hivemq-platform-operator-85995884cf-56pb4]
2025-01-28 23:37:39,756 INFO c.h.h.t.HelmChartContainer - Received Started event for container hivemq-platform-operator in pod hivemq-test-hivemq-platform-operator-85995884cf-56pb4 [669ffea5-8227-450a-98f4-5349aef33903]
2025-01-28 23:37:39,756 INFO c.h.h.t.HelmChartContainer - [hivemq-test-hivemq-platform] [hivemq-platform-operator] [669ffea5] -------------------------------------------------------------------------
2025-01-28 23:37:39,757 INFO c.h.h.t.HelmChartContainer - [hivemq-test-hivemq-platform] [hivemq-platform-operator] [669ffea5] 
2025-01-28 23:37:39,757 INFO c.h.h.t.HelmChartContainer - [hivemq-test-hivemq-platform] [hivemq-platform-operator] [669ffea5]                   _    _  _              __  __   ____
2025-01-28 23:37:39,758 INFO c.h.h.t.HelmChartContainer - [hivemq-test-hivemq-platform] [hivemq-platform-operator] [669ffea5]                  | |  | |(_)            |  \/  | / __ \
2025-01-28 23:37:39,758 INFO c.h.h.t.HelmChartContainer - [hivemq-test-hivemq-platform] [hivemq-platform-operator] [669ffea5]                  | |__| | _ __   __ ___ | \  / || |  | |
2025-01-28 23:37:39,758 INFO c.h.h.t.HelmChartContainer - [hivemq-test-hivemq-platform] [hivemq-platform-operator] [669ffea5]                  |  __  || |\ \ / // _ \| |\/| || |  | |
2025-01-28 23:37:39,758 INFO c.h.h.t.HelmChartContainer - [hivemq-test-hivemq-platform] [hivemq-platform-operator] [669ffea5]                  | |  | || | \ V /|  __/| |  | || |__| |
2025-01-28 23:37:39,758 INFO c.h.h.t.HelmChartContainer - [hivemq-test-hivemq-platform] [hivemq-platform-operator] [669ffea5]                  |_|  |_||_|  \_/  \___||_|  |_| \___\_\
2025-01-28 23:37:39,758 INFO c.h.h.t.HelmChartContainer - [hivemq-test-hivemq-platform] [hivemq-platform-operator] [669ffea5] 
2025-01-28 23:37:39,758 INFO c.h.h.t.HelmChartContainer - [hivemq-test-hivemq-platform] [hivemq-platform-operator] [669ffea5] -------------------------------------------------------------------------
2025-01-28 23:37:39,758 INFO c.h.h.t.HelmChartContainer - [hivemq-test-hivemq-platform] [hivemq-platform-operator] [669ffea5] 
2025-01-28 23:37:39,758 INFO c.h.h.t.HelmChartContainer - [hivemq-test-hivemq-platform] [hivemq-platform-operator] [669ffea5]   HiveMQ Platform Operator Start Script v1.0
2025-01-28 23:37:39,758 INFO c.h.h.t.HelmChartContainer - [hivemq-test-hivemq-platform] [hivemq-platform-operator] [669ffea5] 
2025-01-28 23:37:39,758 INFO c.h.h.t.HelmChartContainer - [hivemq-test-hivemq-platform] [hivemq-platform-operator] [669ffea5] -------------------------------------------------------------------------
2025-01-28 23:37:39,758 INFO c.h.h.t.HelmChartContainer - [hivemq-test-hivemq-platform] [hivemq-platform-operator] [669ffea5] 
2025-01-28 23:37:39,758 INFO c.h.h.t.HelmChartContainer - [hivemq-test-hivemq-platform] [hivemq-platform-operator] [669ffea5]   JAVA_OPTS: -XX:+UnlockExperimentalVMOptions -XX:InitialRAMPercentage=75 -XX:MaxRAMPercentage=75 -Duser.language=en -Duser.region=US
2025-01-28 23:37:39,758 INFO c.h.h.t.HelmChartContainer - [hivemq-test-hivemq-platform] [hivemq-platform-operator] [669ffea5] 
2025-01-28 23:37:39,758 INFO c.h.h.t.HelmChartContainer - [hivemq-test-hivemq-platform] [hivemq-platform-operator] [669ffea5]   JAVA_VERSION: 21
2025-01-28 23:37:39,758 INFO c.h.h.t.HelmChartContainer - [hivemq-test-hivemq-platform] [hivemq-platform-operator] [669ffea5] 
2025-01-28 23:37:39,758 INFO c.h.h.t.HelmChartContainer - [hivemq-test-hivemq-platform] [hivemq-platform-operator] [669ffea5] -------------------------------------------------------------------------
2025-01-28 23:37:39,758 INFO c.h.h.t.HelmChartContainer - [hivemq-test-hivemq-platform] [hivemq-platform-operator] [669ffea5] 
2025-01-28 23:37:42,729 INFO c.h.h.t.HelmChartContainer - [hivemq-test-hivemq-platform] [hivemq-platform-operator] [669ffea5] 23:37:42.646 [main] DEBUG org.jboss.logging - Logging Provider: org.jboss.logging.Slf4jLoggerProvider
2025-01-28 23:37:42,829 INFO c.h.h.t.HelmChartContainer - [hivemq-test-hivemq-platform] [hivemq-platform-operator] [669ffea5] 23:37:42.828 [main] DEBUG io.smallrye.config - SRCFG01006: Loaded ConfigSource SysPropConfigSource with ordinal 400
2025-01-28 23:37:42,829 INFO c.h.h.t.HelmChartContainer - [hivemq-test-hivemq-platform] [hivemq-platform-operator] [669ffea5] 23:37:42.828 [main] DEBUG io.smallrye.config - SRCFG01006: Loaded ConfigSource EnvConfigSource with ordinal 300
2025-01-28 23:37:42,829 INFO c.h.h.t.HelmChartContainer - [hivemq-test-hivemq-platform] [hivemq-platform-operator] [669ffea5] 23:37:42.828 [main] DEBUG io.smallrye.config - SRCFG01006: Loaded ConfigSource PropertiesConfigSource[source=jar:file:///opt/hivemq-platform-operator/bin/hivemq-platform-operator.jar!/hivemq-platform-operator.properties] with ordinal 100
2025-01-28 23:37:42,829 INFO c.h.h.t.HelmChartContainer - [hivemq-test-hivemq-platform] [hivemq-platform-operator] [669ffea5] 23:37:42.828 [main] DEBUG io.smallrye.config - SRCFG01006: Loaded ConfigSource DefaultValuesConfigSource with ordinal -2147483648
2025-01-28 23:37:42,932 INFO c.h.h.t.HelmChartContainer - [hivemq-test-hivemq-platform] [hivemq-platform-operator] [669ffea5] 23:37:42.931 [main] DEBUG i.m.c.u.i.l.InternalLoggerFactory - Using SLF4J as the default logging framework
2025-01-28 23:37:43,041 INFO c.h.h.t.HelmChartContainer - [hivemq-test-hivemq-platform] [hivemq-platform-operator] [669ffea5] 23:37:43.032 [main] INFO  c.h.p.o.HiveMQPlatformOperatorApplication - HiveMQ Platform Operator 1.7.0-SNAPSHOT (commit: bebf408 on branch: HEAD) built on Sun Jan 26 20:47:47 UTC 2025
2025-01-28 23:37:43,042 INFO c.h.h.t.HelmChartContainer - [hivemq-test-hivemq-platform] [hivemq-platform-operator] [669ffea5] 23:37:43.040 [main] INFO  c.h.p.o.HiveMQPlatformOperatorApplication - HiveMQ Platform Operator is running in namespace: helmcontainersecuritycontextupgradeplatformit-operator
2025-01-28 23:37:43,042 INFO c.h.h.t.HelmChartContainer - [hivemq-test-hivemq-platform] [hivemq-platform-operator] [669ffea5] 23:37:43.040 [main] INFO  c.h.p.o.HiveMQPlatformOperatorApplication - Watching all namespaces
2025-01-28 23:37:43,042 INFO c.h.h.t.HelmChartContainer - [hivemq-test-hivemq-platform] [hivemq-platform-operator] [669ffea5] 23:37:43.040 [main] INFO  c.h.p.o.HiveMQPlatformOperatorApplication - Log level: DEBUG
2025-01-28 23:37:43,042 INFO c.h.h.t.HelmChartContainer - [hivemq-test-hivemq-platform] [hivemq-platform-operator] [669ffea5] 23:37:43.041 [main] INFO  c.h.p.o.HiveMQPlatformOperatorApplication - Release name: test-hivemq-platform-operator
2025-01-28 23:37:43,042 INFO c.h.h.t.HelmChartContainer - [hivemq-test-hivemq-platform] [hivemq-platform-operator] [669ffea5] 23:37:43.041 [main] INFO  c.h.p.o.HiveMQPlatformOperatorApplication - HiveMQ Platform Operator Init image: docker.io/hivemq/hivemq-platform-operator-init-test:snapshot
2025-01-28 23:37:43,042 INFO c.h.h.t.HelmChartContainer - [hivemq-test-hivemq-platform] [hivemq-platform-operator] [669ffea5] 23:37:43.041 [main] INFO  c.h.p.o.HiveMQPlatformOperatorApplication - HiveMQ Platform Operator Init App update URL: http://hivemq-platform-operator-test-hivemq-platform-operator.helmcontainersecuritycontextupgradeplatformit-operator.svc:8080/initAppUpdate/hivemq-platform-operator-init-app-1.7.0-SNAPSHOT.jar
2025-01-28 23:37:43,042 INFO c.h.h.t.HelmChartContainer - [hivemq-test-hivemq-platform] [hivemq-platform-operator] [669ffea5] 23:37:43.041 [main] INFO  c.h.p.o.HiveMQPlatformOperatorApplication - Additional imagePullSecret for all Platform deployments: none
2025-01-28 23:37:43,042 INFO c.h.h.t.HelmChartContainer - [hivemq-test-hivemq-platform] [hivemq-platform-operator] [669ffea5] 23:37:43.041 [main] INFO  c.h.p.o.HiveMQPlatformOperatorApplication - Apply HiveMQ Platform CRD: true
2025-01-28 23:37:43,042 INFO c.h.h.t.HelmChartContainer - [hivemq-test-hivemq-platform] [hivemq-platform-operator] [669ffea5] 23:37:43.041 [main] INFO  c.h.p.o.HiveMQPlatformOperatorApplication - Create Platform ServiceAccount: true
2025-01-28 23:37:43,042 INFO c.h.h.t.HelmChartContainer - [hivemq-test-hivemq-platform] [hivemq-platform-operator] [669ffea5] 23:37:43.041 [main] INFO  c.h.p.o.HiveMQPlatformOperatorApplication - Create Platform ServiceAccount permissions: true
2025-01-28 23:37:43,042 INFO c.h.h.t.HelmChartContainer - [hivemq-test-hivemq-platform] [hivemq-platform-operator] [669ffea5] 23:37:43.041 [main] INFO  c.h.p.o.HiveMQPlatformOperatorApplication - Validate Platform ServiceAccount: true
2025-01-28 23:37:43,042 INFO c.h.h.t.HelmChartContainer - [hivemq-test-hivemq-platform] [hivemq-platform-operator] [669ffea5] 23:37:43.041 [main] INFO  c.h.p.o.HiveMQPlatformOperatorApplication - Validate Platform ServiceAccount permissions: true
2025-01-28 23:37:43,230 INFO c.h.h.t.HelmChartContainer - [hivemq-test-hivemq-platform] [hivemq-platform-operator] [669ffea5] 23:37:43.229 [main] INFO  c.h.platform.operator.util.CRDUtil - Verifying deployed HiveMQ Platform CRD...
2025-01-28 23:37:45,636 INFO c.h.h.t.HelmChartContainer - [hivemq-test-hivemq-platform] [hivemq-platform-operator] [669ffea5] 23:37:45.635 [main] DEBUG c.h.platform.operator.util.CRDUtil - HiveMQ Platform CRD version v1 is up to date
2025-01-28 23:37:45,636 INFO c.h.h.t.HelmChartContainer - [hivemq-test-hivemq-platform] [hivemq-platform-operator] [669ffea5] 23:37:45.635 [main] INFO  c.h.platform.operator.util.CRDUtil - HiveMQ Platform CRD is up to date (version: V1_6_0)
2025-01-28 23:37:45,637 INFO c.h.h.t.HelmChartContainer - [hivemq-test-hivemq-platform] [hivemq-platform-operator] [669ffea5] 23:37:45.635 [main] INFO  c.h.platform.operator.util.CRDUtil - Waiting 10000 ms for HiveMQ Platform CRD 'hivemq-platforms.hivemq.com' to become ready...
2025-01-28 23:37:45,934 INFO c.h.h.t.HelmChartContainer - [hivemq-test-hivemq-platform] [hivemq-platform-operator] [669ffea5] 23:37:45.932 [vert.x-eventloop-thread-1] DEBUG c.h.platform.operator.util.CRDUtil - Checking CRD condition 'NamesAccepted' (status: 'True')
2025-01-28 23:37:45,934 INFO c.h.h.t.HelmChartContainer - [hivemq-test-hivemq-platform] [hivemq-platform-operator] [669ffea5] 23:37:45.933 [vert.x-eventloop-thread-1] DEBUG c.h.platform.operator.util.CRDUtil - Checking CRD condition 'Established' (status: 'True')
2025-01-28 23:37:45,935 INFO c.h.h.t.HelmChartContainer - [hivemq-test-hivemq-platform] [hivemq-platform-operator] [669ffea5] 23:37:45.934 [main] INFO  c.h.platform.operator.util.CRDUtil - HiveMQ Platform CRD 'hivemq-platforms.hivemq.com' is ready
2025-01-28 23:37:46,044 INFO c.h.h.t.HelmChartContainer - [hivemq-test-hivemq-platform] [hivemq-platform-operator] [669ffea5] 23:37:46.043 [main] INFO  c.h.p.o.HiveMQPlatformReconciler - HiveMQ Platform Operator is starting...
2025-01-28 23:37:46,143 INFO c.h.h.t.HelmChartContainer - [hivemq-test-hivemq-platform] [hivemq-platform-operator] [669ffea5] 23:37:46.142 [main] WARN  Default ConfigurationService implementation - Configuration for reconciler 'hivemq-controller' was not found. Known reconcilers: None.
2025-01-28 23:37:46,228 INFO c.h.h.t.HelmChartContainer - [hivemq-test-hivemq-platform] [hivemq-platform-operator] [669ffea5] 23:37:46.227 [main] INFO  Default ConfigurationService implementation - Created configuration for reconciler com.hivemq.platform.operator.HiveMQPlatformReconciler with name hivemq-controller
2025-01-28 23:37:46,330 INFO c.h.h.t.HelmChartContainer - [hivemq-test-hivemq-platform] [hivemq-platform-operator] [669ffea5] 23:37:46.329 [main] DEBUG c.h.p.o.HiveMQPlatformReconciler - HiveMQ Platform Operator is preparing EventSources
2025-01-28 23:37:46,343 INFO c.h.h.t.HelmChartContainer - [hivemq-test-hivemq-platform] [hivemq-platform-operator] [669ffea5] 23:37:46.342 [main] INFO  i.javaoperatorsdk.operator.Operator - Registered reconciler: 'hivemq-controller' for resource: 'class com.hivemq.platform.operator.v1.HiveMQPlatform' for namespace(s): [all namespaces]
2025-01-28 23:37:46,950 INFO c.h.h.t.HelmChartContainer - [hivemq-test-hivemq-platform] [hivemq-platform-operator] [669ffea5] 23:37:46.949 [main] INFO  c.h.p.operator.webserver.JettyServer - Starting Jetty server on port 8080
2025-01-28 23:37:47,047 INFO c.h.h.t.HelmChartContainer - [hivemq-test-hivemq-platform] [hivemq-platform-operator] [669ffea5] 23:37:47.046 [main] INFO  i.javaoperatorsdk.operator.Operator - Operator SDK 4.9.7 (commit: 2133d28) built on Wed Nov 20 12:56:20 UTC 2024 starting...
2025-01-28 23:37:47,047 INFO c.h.h.t.HelmChartContainer - [hivemq-test-hivemq-platform] [hivemq-platform-operator] [669ffea5] 23:37:47.046 [main] INFO  i.javaoperatorsdk.operator.Operator - Client version: 6.13.4
2025-01-28 23:37:47,048 INFO c.h.h.t.HelmChartContainer - [hivemq-test-hivemq-platform] [hivemq-platform-operator] [669ffea5] 23:37:47.047 [Controller Starter for: hivemq-controller] INFO  i.j.operator.processing.Controller - Starting 'hivemq-controller' controller for reconciler: com.hivemq.platform.operator.HiveMQPlatformReconciler, resource: com.hivemq.platform.operator.v1.HiveMQPlatform
2025-01-28 23:37:49,238 INFO c.h.h.t.HelmChartContainer - [hivemq-test-hivemq-platform] [hivemq-platform-operator] [669ffea5] 23:37:49.237 [Controller Starter for: hivemq-controller] INFO  i.j.operator.processing.Controller - 'hivemq-controller' controller started
2025-01-28 23:37:49,238 INFO c.h.h.t.HelmChartContainer - [hivemq-test-hivemq-platform] [hivemq-platform-operator] [669ffea5] 23:37:49.238 [main] INFO  c.h.p.o.HiveMQPlatformOperatorApplication - HiveMQ Platform Operator 1.7.0-SNAPSHOT started in 6205 ms
2025-01-28 23:37:50,744 INFO c.h.h.t.HelmChartContainer - [POD] hivemq-test-hivemq-platform-operator-85995884cf-56pb4 [669ffea5-8227-450a-98f4-5349aef33903] in helmcontainersecuritycontextupgradeplatformit-operator was MODIFIED
2025-01-28 23:37:50,756 INFO c.h.h.t.HelmChartContainer - [K3S] [replica_set.go:679] "Finished syncing" kind="ReplicaSet" key="helmcontainersecuritycontextupgradeplatformit-operator/hivemq-test-hivemq-platform-operator-85995884cf" duration="15.387234ms"
2025-01-28 23:37:50,758 INFO c.h.h.t.HelmChartContainer - [K3S] [replica_set.go:679] "Finished syncing" kind="ReplicaSet" key="helmcontainersecuritycontextupgradeplatformit-operator/hivemq-test-hivemq-platform-operator-85995884cf" duration="45.395µs"
2025-01-28 23:37:51,672 INFO com.hivemq.helmcharts.util.K8sUtil - Pod 'hivemq-test-hivemq-platform-operator-85995884cf-56pb4' is ready
2025-01-28 23:37:51,757 DEBUG com.hivemq.helmcharts.util.PodUtil - Received status for command '[sh, -c, stat -c "%u:%g" /proc/1]' on pod 'hivemq-test-hivemq-platform-operator-85995884cf-56pb4' (exit code: 0)
2025-01-28 23:37:51,816 DEBUG c.h.h.t.HelmChartContainer - Executing helm command: /bin/helm --kubeconfig /etc/rancher/k3s/k3s.yaml install test-hivemq-platform /charts/hivemq-platform --wait --timeout 5m0s --set image.repository=docker.io/hivemq --set image.tag=4.36.0 --set image.pullPolicy=Never --set nodes.resources.cpu=512m -f /files/platform-container-security-context-non-root-user-values.yaml --namespace helmcontainersecuritycontextupgradeplatformit
2025-01-28 23:37:52,042 INFO c.h.h.t.HelmChartContainer - [hivemq-test-hivemq-platform] [hivemq-platform-operator] [669ffea5] 23:37:52.040 [-373097727-pool-1-thread-1] WARN  i.m.p.PrometheusMeterRegistry - The meter (MeterId{name='operator.sdk.events.received', tags=[tag(action=ADDED),tag(event=ResourceEvent),tag(group=hivemq.com),tag(kind=HiveMQPlatform),tag(name=test-hivemq-platform),tag(namespace=helmcontainersecuritycontextupgradeplatformit),tag(scope=namespace),tag(version=v1)]}) registration has failed: Prometheus requires that all meters with the same name have the same set of tag keys. There is already an existing meter named 'operator.sdk.events.received' containing tag keys [event, group, kind, name, namespace, scope, version]. The meter you are attempting to register has keys [action, event, group, kind, name, namespace, scope, version]. Note that subsequent logs will be logged at debug level.
2025-01-28 23:37:52,533 INFO c.h.h.t.HelmChartContainer - [hivemq-test-hivemq-platform] [hivemq-platform-operator] [669ffea5] 23:37:52.532 [pool-6-thread-3] DEBUG c.h.p.o.dependants.PodInfoConfigMap - [helmcont] Desired PodInfo ConfigMap (1 extensions) (1 enabled)
2025-01-28 23:37:52,535 INFO c.h.h.t.HelmChartContainer - [hivemq-test-hivemq-platform] [hivemq-platform-operator] [669ffea5] 23:37:52.533 [pool-6-thread-3] DEBUG c.h.p.o.dependants.PodInfoConfigMap - [helmcont] Desired PodInfo ConfigMap (metrics port: 9399) (metrics path: /)
2025-01-28 23:37:52,536 INFO c.h.h.t.HelmChartContainer - [hivemq-test-hivemq-platform] [hivemq-platform-operator] [669ffea5] 23:37:52.534 [pool-6-thread-3] DEBUG c.h.p.o.dependants.PodInfoConfigMap - [helmcont] Desired PodInfo ConfigMap (extension state hash: -1817474005)
2025-01-28 23:37:52,536 INFO c.h.h.t.HelmChartContainer - [hivemq-test-hivemq-platform] [hivemq-platform-operator] [669ffea5] 23:37:52.535 [pool-6-thread-3] DEBUG c.h.p.o.dependants.PodInfoConfigMap - [helmcont] Create PodInfo ConfigMap
2025-01-28 23:37:52,707 INFO c.h.h.t.HelmChartContainer - [hivemq-test-hivemq-platform] [hivemq-platform-operator] [669ffea5] 23:37:52.706 [pool-6-thread-5] DEBUG c.h.p.o.dependants.PodRoleResource - [helmcont] Create Role: Role(apiVersion=rbac.authorization.k8s.io/v1, kind=Role, metadata=ObjectMeta(annotations={meta.helm.sh/release-name=test-hivemq-platform, meta.helm.sh/release-namespace=helmcontainersecuritycontextupgradeplatformit}, creationTimestamp=null, deletionGracePeriodSeconds=null, deletionTimestamp=null, finalizers=[], generateName=null, generation=null, labels={helm.sh/chart=hivemq-platform-0.2.32, app.kubernetes.io/managed-by=Helm, app.kubernetes.io/name=hivemq-platform, hivemq-platform=test-hivemq-platform, app.kubernetes.io/instance=test-hivemq-platform, app.kubernetes.io/version=4.36.0}, managedFields=[], name=hivemq-platform-role-test-hivemq-platform, namespace=helmcontainersecuritycontextupgradeplatformit, ownerReferences=[OwnerReference(apiVersion=hivemq.com/v1, blockOwnerDeletion=null, controller=null, kind=HiveMQPlatform, name=test-hivemq-platform, uid=68ce90ca-9a14-42af-a9d4-3c4f1ecbb9b5, additionalProperties={})], resourceVersion=null, selfLink=null, uid=null, additionalProperties={}), rules=[PolicyRule(apiGroups=[], nonResourceURLs=[], resourceNames=[], resources=[pods], verbs=[get, patch, update], additionalProperties={})], additionalProperties={})
2025-01-28 23:37:52,831 INFO c.h.h.t.HelmChartContainer - [hivemq-test-hivemq-platform] [hivemq-platform-operator] [669ffea5] 23:37:52.829 [pool-6-thread-7] DEBUG c.h.p.o.d.PodServiceAccountResource - [helmcont] Desired PodServiceAccountResource (serviceAccountName: hivemq-platform-pod-test-hivemq-platform)
2025-01-28 23:37:52,832 INFO c.h.h.t.HelmChartContainer - [hivemq-test-hivemq-platform] [hivemq-platform-operator] [669ffea5] 23:37:52.830 [pool-6-thread-7] DEBUG c.h.p.o.d.PodServiceAccountResource - [helmcont] Create ServiceAccount 'hivemq-platform-pod-test-hivemq-platform'
2025-01-28 23:37:52,939 INFO c.h.h.t.HelmChartContainer - [hivemq-test-hivemq-platform] [hivemq-platform-operator] [669ffea5] 23:37:52.938 [pool-6-thread-9] DEBUG c.h.p.o.d.PodRoleBindingResource - [helmcont] Create RoleBinding: RoleBinding(apiVersion=rbac.authorization.k8s.io/v1, kind=RoleBinding, metadata=ObjectMeta(annotations={meta.helm.sh/release-name=test-hivemq-platform, meta.helm.sh/release-namespace=helmcontainersecuritycontextupgradeplatformit}, creationTimestamp=null, deletionGracePeriodSeconds=null, deletionTimestamp=null, finalizers=[], generateName=null, generation=null, labels={helm.sh/chart=hivemq-platform-0.2.32, app.kubernetes.io/managed-by=Helm, app.kubernetes.io/name=hivemq-platform, hivemq-platform=test-hivemq-platform, app.kubernetes.io/instance=test-hivemq-platform, app.kubernetes.io/version=4.36.0}, managedFields=[], name=hivemq-platform-role-binding-test-hivemq-platform, namespace=helmcontainersecuritycontextupgradeplatformit, ownerReferences=[OwnerReference(apiVersion=hivemq.com/v1, blockOwnerDeletion=null, controller=null, kind=HiveMQPlatform, name=test-hivemq-platform, uid=68ce90ca-9a14-42af-a9d4-3c4f1ecbb9b5, additionalProperties={})], resourceVersion=null, selfLink=null, uid=null, additionalProperties={}), roleRef=RoleRef(apiGroup=rbac.authorization.k8s.io, kind=Role, name=hivemq-platform-role-test-hivemq-platform, additionalProperties={}), subjects=[Subject(apiGroup=null, kind=ServiceAccount, name=hivemq-platform-pod-test-hivemq-platform, namespace=helmcontainersecuritycontextupgradeplatformit, additionalProperties={})], additionalProperties={})
2025-01-28 23:37:53,008 INFO c.h.h.t.HelmChartContainer - [hivemq-test-hivemq-platform] [hivemq-platform-operator] [669ffea5] 23:37:53.007 [ReconcilerExecutor-hivemq-controller-53] INFO  c.h.p.o.HiveMQPlatformReconciler - [helmcont] Reconciling HiveMQ Platform 'test-hivemq-platform' in namespace 'helmcontainersecuritycontextupgradeplatformit'
2025-01-28 23:37:53,008 INFO c.h.h.t.HelmChartContainer - [hivemq-test-hivemq-platform] [hivemq-platform-operator] [669ffea5] 23:37:53.007 [ReconcilerExecutor-hivemq-controller-53] DEBUG c.h.p.o.HiveMQPlatformReconciler - [helmcont] Custom Resource Status CREATED - HiveMQ Platform was created (READY)
2025-01-28 23:37:53,008 INFO c.h.h.t.HelmChartContainer - [hivemq-test-hivemq-platform] [hivemq-platform-operator] [669ffea5] 23:37:53.007 [ReconcilerExecutor-hivemq-controller-53] DEBUG c.h.p.o.HiveMQPlatformReconciler - [helmcont] Custom Resource Spec (replicas: 1) (extensions: 1)
2025-01-28 23:37:53,028 INFO c.h.h.t.HelmChartContainer - [hivemq-test-hivemq-platform] [hivemq-platform-operator] [669ffea5] 23:37:53.028 [ReconcilerExecutor-hivemq-controller-53] INFO  c.h.p.o.h.HiveMQPlatformReconcilerBaseHandler - [helmcont] HiveMQ Platform is starting
2025-01-28 23:37:53,134 INFO c.h.h.t.HelmChartContainer - [hivemq-test-hivemq-platform] [hivemq-platform-operator] [669ffea5] 23:37:53.133 [ReconcilerExecutor-hivemq-controller-53] DEBUG c.h.p.operator.event.EventSender - [helmcont] Creating K8s event hivemq-platform-starting: [Start] HiveMQ Platform is starting
2025-01-28 23:37:53,144 INFO c.h.h.t.HelmChartContainer - [EVENT] Normal [Start] HiveMQ Platform is starting [helmcontainersecuritycontextupgradeplatformit:test-hivemq-platform]
2025-01-28 23:37:53,208 INFO c.h.h.t.HelmChartContainer - [hivemq-test-hivemq-platform] [hivemq-platform-operator] [669ffea5] 23:37:53.206 [ReconcilerExecutor-hivemq-controller-53] INFO  c.h.p.o.h.AbstractHiveMQReconcilerStateHandler - [helmcont] Update HiveMQ Platform Status (CREATED [READY] -> STARTING [READY]): HiveMQ Platform is starting
2025-01-28 23:37:53,241 DEBUG com.hivemq.helmcharts.util.K8sUtil - Comparing actual state 'STARTING' and waiting for 'RUNNING'
2025-01-28 23:38:03,316 INFO c.h.h.t.HelmChartContainer - [hivemq-test-hivemq-platform] [hivemq-platform-operator] [669ffea5] 23:38:03.311 [pool-6-thread-12] DEBUG c.h.p.o.d.PlatformServiceResource - [helmcont] Desired Platform services (3 services)
2025-01-28 23:38:03,317 INFO c.h.h.t.HelmChartContainer - [hivemq-test-hivemq-platform] [hivemq-platform-operator] [669ffea5] 23:38:03.315 [pool-6-thread-17] DEBUG c.h.p.o.d.PodServiceAccountResource - [helmcont] Desired PodServiceAccountResource (serviceAccountName: hivemq-platform-pod-test-hivemq-platform)
2025-01-28 23:38:03,318 INFO c.h.h.t.HelmChartContainer - [hivemq-test-hivemq-platform] [hivemq-platform-operator] [669ffea5] 23:38:03.316 [pool-6-thread-13] DEBUG c.h.p.o.dependants.PodInfoConfigMap - [helmcont] Desired PodInfo ConfigMap (1 extensions) (1 enabled)
2025-01-28 23:38:03,318 INFO c.h.h.t.HelmChartContainer - [hivemq-test-hivemq-platform] [hivemq-platform-operator] [669ffea5] 23:38:03.316 [pool-6-thread-13] DEBUG c.h.p.o.dependants.PodInfoConfigMap - [helmcont] Desired PodInfo ConfigMap (metrics port: 9399) (metrics path: /)
2025-01-28 23:38:03,318 INFO c.h.h.t.HelmChartContainer - [hivemq-test-hivemq-platform] [hivemq-platform-operator] [669ffea5] 23:38:03.317 [pool-6-thread-13] DEBUG c.h.p.o.dependants.PodInfoConfigMap - [helmcont] Desired PodInfo ConfigMap (extension state hash: -1817474005)
2025-01-28 23:38:03,407 INFO c.h.h.t.HelmChartContainer - [hivemq-test-hivemq-platform] [hivemq-platform-operator] [669ffea5] 23:38:03.405 [pool-6-thread-13] DEBUG c.h.p.o.dependants.PodInfoConfigMap - [helmcont] Update PodInfo ConfigMap
2025-01-28 23:38:03,411 INFO c.h.h.t.HelmChartContainer - [K3S] [alloc.go:330] "allocated clusterIPs" service="helmcontainersecuritycontextupgradeplatformit/hivemq-test-hivemq-platform-metrics-9399" clusterIPs={"IPv4":"10.43.23.45"}
2025-01-28 23:38:03,427 INFO c.h.h.t.HelmChartContainer - [K3S] [alloc.go:330] "allocated clusterIPs" service="helmcontainersecuritycontextupgradeplatformit/hivemq-test-hivemq-platform-mqtt-1883" clusterIPs={"IPv4":"10.43.64.206"}
2025-01-28 23:38:03,513 INFO c.h.h.t.HelmChartContainer - [K3S] [alloc.go:330] "allocated clusterIPs" service="helmcontainersecuritycontextupgradeplatformit/hivemq-test-hivemq-platform-cc-8080" clusterIPs={"IPv4":"10.43.178.255"}
2025-01-28 23:38:03,521 INFO c.h.h.t.HelmChartContainer - [hivemq-test-hivemq-platform] [hivemq-platform-operator] [669ffea5] 23:38:03.519 [pool-6-thread-20] DEBUG c.h.p.o.d.StatefulSetResource - [helmcont] Desired StatefulSet (1 replicas) for status STARTING (READY)
2025-01-28 23:38:03,612 INFO c.h.h.t.HelmChartContainer - [hivemq-test-hivemq-platform] [hivemq-platform-operator] [669ffea5] 23:38:03.611 [pool-6-thread-20] DEBUG c.h.p.o.d.StatefulSetResource - [helmcont] Create StatefulSet
2025-01-28 23:38:03,642 INFO c.h.h.t.HelmChartContainer - [POD] test-hivemq-platform-0 [b7387f7a-51c4-40c4-9361-966e01e0d346] in helmcontainersecuritycontextupgradeplatformit was ADDED
2025-01-28 23:38:03,643 INFO c.h.h.t.HelmChartContainer - [EVENT] Normal [SuccessfulCreate] create Pod test-hivemq-platform-0 in StatefulSet test-hivemq-platform successful [helmcontainersecuritycontextupgradeplatformit:test-hivemq-platform]
2025-01-28 23:38:03,650 INFO c.h.h.t.HelmChartContainer - [EVENT] Normal [Scheduled] Successfully assigned helmcontainersecuritycontextupgradeplatformit/test-hivemq-platform-0 to 6b15a01a10f5 [helmcontainersecuritycontextupgradeplatformit:test-hivemq-platform-0]
2025-01-28 23:38:03,650 INFO c.h.h.t.HelmChartContainer - [POD] test-hivemq-platform-0 [b7387f7a-51c4-40c4-9361-966e01e0d346] in helmcontainersecuritycontextupgradeplatformit was MODIFIED
2025-01-28 23:38:03,656 INFO c.h.h.t.HelmChartContainer - [POD] test-hivemq-platform-0 [b7387f7a-51c4-40c4-9361-966e01e0d346] in helmcontainersecuritycontextupgradeplatformit was MODIFIED
2025-01-28 23:38:03,715 INFO c.h.h.t.HelmChartContainer - [hivemq-test-hivemq-platform] [hivemq-platform-operator] [669ffea5] 23:38:03.714 [ReconcilerExecutor-hivemq-controller-64] INFO  c.h.p.o.HiveMQPlatformReconciler - [helmcont] Reconciling HiveMQ Platform 'test-hivemq-platform' in namespace 'helmcontainersecuritycontextupgradeplatformit'
2025-01-28 23:38:03,715 INFO c.h.h.t.HelmChartContainer - [hivemq-test-hivemq-platform] [hivemq-platform-operator] [669ffea5] 23:38:03.714 [ReconcilerExecutor-hivemq-controller-64] DEBUG c.h.p.o.HiveMQPlatformReconciler - [helmcont] Custom Resource Status STARTING - HiveMQ Platform is starting (READY)
2025-01-28 23:38:03,715 INFO c.h.h.t.HelmChartContainer - [hivemq-test-hivemq-platform] [hivemq-platform-operator] [669ffea5] 23:38:03.714 [ReconcilerExecutor-hivemq-controller-64] DEBUG c.h.p.o.HiveMQPlatformReconciler - [helmcont] Custom Resource Spec (replicas: 1) (extensions: 1)
2025-01-28 23:38:03,729 INFO c.h.h.t.HelmChartContainer - [hivemq-test-hivemq-platform] [hivemq-platform-operator] [669ffea5] 23:38:03.727 [ReconcilerExecutor-hivemq-controller-64] DEBUG c.h.p.o.HiveMQPlatformReconciler - [helmcont] StatefulSet Status (revision: test-hivemq-platform-fc778bc4c, replicas: 1, available: 0, ready: 0, current: 1, updated: 1)
2025-01-28 23:38:03,729 INFO c.h.h.t.HelmChartContainer - [hivemq-test-hivemq-platform] [hivemq-platform-operator] [669ffea5] 23:38:03.727 [ReconcilerExecutor-hivemq-controller-64] DEBUG c.h.p.o.HiveMQPlatformReconciler - [helmcont] StatefulSet Spec (replicas: 1, init containers: 1, containers: 1, volumes: 3)
2025-01-28 23:38:03,769 INFO c.h.h.t.HelmChartContainer - [K3S] [reconciler_common.go:251] "operationExecutor.VerifyControllerAttachedVolume started for volume \"operator-init\" (UniqueName: \"kubernetes.io/empty-dir/b7387f7a-51c4-40c4-9361-966e01e0d346-operator-init\") pod \"test-hivemq-platform-0\" (UID: \"b7387f7a-51c4-40c4-9361-966e01e0d346\") " pod="helmcontainersecuritycontextupgradeplatformit/test-hivemq-platform-0"
2025-01-28 23:38:03,769 INFO c.h.h.t.HelmChartContainer - [K3S] [reconciler_common.go:251] "operationExecutor.VerifyControllerAttachedVolume started for volume \"pod-info\" (UniqueName: \"kubernetes.io/configmap/b7387f7a-51c4-40c4-9361-966e01e0d346-pod-info\") pod \"test-hivemq-platform-0\" (UID: \"b7387f7a-51c4-40c4-9361-966e01e0d346\") " pod="helmcontainersecuritycontextupgradeplatformit/test-hivemq-platform-0"
2025-01-28 23:38:03,769 INFO c.h.h.t.HelmChartContainer - [K3S] [reconciler_common.go:251] "operationExecutor.VerifyControllerAttachedVolume started for volume \"kube-api-access-p62kb\" (UniqueName: \"kubernetes.io/projected/b7387f7a-51c4-40c4-9361-966e01e0d346-kube-api-access-p62kb\") pod \"test-hivemq-platform-0\" (UID: \"b7387f7a-51c4-40c4-9361-966e01e0d346\") " pod="helmcontainersecuritycontextupgradeplatformit/test-hivemq-platform-0"
2025-01-28 23:38:03,769 INFO c.h.h.t.HelmChartContainer - [K3S] [reconciler_common.go:251] "operationExecutor.VerifyControllerAttachedVolume started for volume \"broker-configuration\" (UniqueName: \"kubernetes.io/configmap/b7387f7a-51c4-40c4-9361-966e01e0d346-broker-configuration\") pod \"test-hivemq-platform-0\" (UID: \"b7387f7a-51c4-40c4-9361-966e01e0d346\") " pod="helmcontainersecuritycontextupgradeplatformit/test-hivemq-platform-0"
2025-01-28 23:38:03,812 INFO c.h.h.t.HelmChartContainer - [hivemq-test-hivemq-platform] [hivemq-platform-operator] [669ffea5] 23:38:03.811 [ReconcilerExecutor-hivemq-controller-64] DEBUG c.h.p.o.h.HiveMQPlatformReconcilerErrorHandler - [helmcont] Pod 'test-hivemq-platform-0' phase Pending
2025-01-28 23:38:03,814 INFO c.h.h.t.HelmChartContainer - [hivemq-test-hivemq-platform] [hivemq-platform-operator] [669ffea5] 23:38:03.812 [ReconcilerExecutor-hivemq-controller-64] DEBUG c.h.p.o.h.HiveMQPlatformReconcilerErrorHandler - [helmcont] Pod 'test-hivemq-platform-0' condition 'PodReadyToStartContainers': False
2025-01-28 23:38:03,814 INFO c.h.h.t.HelmChartContainer - [hivemq-test-hivemq-platform] [hivemq-platform-operator] [669ffea5] 23:38:03.812 [ReconcilerExecutor-hivemq-controller-64] DEBUG c.h.p.o.h.HiveMQPlatformReconcilerErrorHandler - [helmcont] Pod 'test-hivemq-platform-0' condition 'Initialized': False
2025-01-28 23:38:03,814 INFO c.h.h.t.HelmChartContainer - [hivemq-test-hivemq-platform] [hivemq-platform-operator] [669ffea5] 23:38:03.812 [ReconcilerExecutor-hivemq-controller-64] DEBUG c.h.p.o.h.HiveMQPlatformReconcilerErrorHandler - [helmcont] Pod 'test-hivemq-platform-0' condition 'Ready': False
2025-01-28 23:38:03,814 INFO c.h.h.t.HelmChartContainer - [hivemq-test-hivemq-platform] [hivemq-platform-operator] [669ffea5] 23:38:03.812 [ReconcilerExecutor-hivemq-controller-64] DEBUG c.h.p.o.h.HiveMQPlatformReconcilerErrorHandler - [helmcont] Pod 'test-hivemq-platform-0' condition 'ContainersReady': False
2025-01-28 23:38:03,814 INFO c.h.h.t.HelmChartContainer - [hivemq-test-hivemq-platform] [hivemq-platform-operator] [669ffea5] 23:38:03.812 [ReconcilerExecutor-hivemq-controller-64] DEBUG c.h.p.o.h.HiveMQPlatformReconcilerErrorHandler - [helmcont] Pod 'test-hivemq-platform-0' condition 'PodScheduled': True
2025-01-28 23:38:03,814 INFO c.h.h.t.HelmChartContainer - [hivemq-test-hivemq-platform] [hivemq-platform-operator] [669ffea5] 23:38:03.813 [ReconcilerExecutor-hivemq-controller-64] DEBUG c.h.p.o.h.HiveMQPlatformReconcilerErrorHandler - [helmcont] Pod 'test-hivemq-platform-0' containerStatus 'hivemq' (started: false) (ready: false) (waiting: [PodInitializing] null)
2025-01-28 23:38:03,816 INFO c.h.h.t.HelmChartContainer - [hivemq-test-hivemq-platform] [hivemq-platform-operator] [669ffea5] 23:38:03.815 [ReconcilerExecutor-hivemq-controller-64] INFO  c.h.p.o.h.HiveMQPlatformReconcilerBaseHandler - [helmcont] HiveMQ Platform is starting, 0 of 1 replicas are ready
2025-01-28 23:38:03,829 INFO c.h.h.t.HelmChartContainer - [hivemq-test-hivemq-platform] [hivemq-platform-operator] [669ffea5] 23:38:03.827 [pool-6-thread-22] DEBUG c.h.p.o.d.PlatformServiceResource - [helmcont] Desired Platform services (3 services)
2025-01-28 23:38:03,829 INFO c.h.h.t.HelmChartContainer - [hivemq-test-hivemq-platform] [hivemq-platform-operator] [669ffea5] 23:38:03.828 [pool-6-thread-23] DEBUG c.h.p.o.dependants.PodInfoConfigMap - [helmcont] Desired PodInfo ConfigMap (1 extensions) (1 enabled)
2025-01-28 23:38:03,829 INFO c.h.h.t.HelmChartContainer - [hivemq-test-hivemq-platform] [hivemq-platform-operator] [669ffea5] 23:38:03.828 [pool-6-thread-23] DEBUG c.h.p.o.dependants.PodInfoConfigMap - [helmcont] Desired PodInfo ConfigMap (metrics port: 9399) (metrics path: /)
2025-01-28 23:38:03,829 INFO c.h.h.t.HelmChartContainer - [hivemq-test-hivemq-platform] [hivemq-platform-operator] [669ffea5] 23:38:03.828 [pool-6-thread-23] DEBUG c.h.p.o.dependants.PodInfoConfigMap - [helmcont] Desired PodInfo ConfigMap (extension state hash: -1817474005)
2025-01-28 23:38:03,910 INFO c.h.h.t.HelmChartContainer - [hivemq-test-hivemq-platform] [hivemq-platform-operator] [669ffea5] 23:38:03.906 [pool-6-thread-27] DEBUG c.h.p.o.d.PodServiceAccountResource - [helmcont] Desired PodServiceAccountResource (serviceAccountName: hivemq-platform-pod-test-hivemq-platform)
2025-01-28 23:38:03,914 INFO c.h.h.t.HelmChartContainer - [hivemq-test-hivemq-platform] [hivemq-platform-operator] [669ffea5] 23:38:03.914 [pool-6-thread-30] DEBUG c.h.p.o.d.StatefulSetResource - [helmcont] Desired StatefulSet (1 replicas) for status STARTING (READY)
2025-01-28 23:38:04,009 INFO c.h.h.t.HelmChartContainer - [hivemq-test-hivemq-platform] [hivemq-platform-operator] [669ffea5] 23:38:04.004 [ReconcilerExecutor-hivemq-controller-75] INFO  c.h.p.o.HiveMQPlatformReconciler - [helmcont] Reconciling HiveMQ Platform 'test-hivemq-platform' in namespace 'helmcontainersecuritycontextupgradeplatformit'
2025-01-28 23:38:04,010 INFO c.h.h.t.HelmChartContainer - [hivemq-test-hivemq-platform] [hivemq-platform-operator] [669ffea5] 23:38:04.004 [ReconcilerExecutor-hivemq-controller-75] DEBUG c.h.p.o.HiveMQPlatformReconciler - [helmcont] Custom Resource Status STARTING - HiveMQ Platform is starting (READY)
2025-01-28 23:38:04,010 INFO c.h.h.t.HelmChartContainer - [hivemq-test-hivemq-platform] [hivemq-platform-operator] [669ffea5] 23:38:04.005 [ReconcilerExecutor-hivemq-controller-75] DEBUG c.h.p.o.HiveMQPlatformReconciler - [helmcont] Custom Resource Spec (replicas: 1) (extensions: 1)
2025-01-28 23:38:04,010 INFO c.h.h.t.HelmChartContainer - [hivemq-test-hivemq-platform] [hivemq-platform-operator] [669ffea5] 23:38:04.008 [ReconcilerExecutor-hivemq-controller-75] DEBUG c.h.p.o.HiveMQPlatformReconciler - [helmcont] StatefulSet Status (revision: test-hivemq-platform-fc778bc4c, replicas: 1, available: 0, ready: 0, current: 1, updated: 1)
2025-01-28 23:38:04,010 INFO c.h.h.t.HelmChartContainer - [hivemq-test-hivemq-platform] [hivemq-platform-operator] [669ffea5] 23:38:04.008 [ReconcilerExecutor-hivemq-controller-75] DEBUG c.h.p.o.HiveMQPlatformReconciler - [helmcont] StatefulSet Spec (replicas: 1, init containers: 1, containers: 1, volumes: 3)
2025-01-28 23:38:04,014 INFO c.h.h.t.HelmChartContainer - [hivemq-test-hivemq-platform] [hivemq-platform-operator] [669ffea5] 23:38:04.011 [ReconcilerExecutor-hivemq-controller-75] DEBUG c.h.p.o.h.HiveMQPlatformReconcilerErrorHandler - [helmcont] Pod 'test-hivemq-platform-0' phase Pending
2025-01-28 23:38:04,015 INFO c.h.h.t.HelmChartContainer - [hivemq-test-hivemq-platform] [hivemq-platform-operator] [669ffea5] 23:38:04.011 [ReconcilerExecutor-hivemq-controller-75] DEBUG c.h.p.o.h.HiveMQPlatformReconcilerErrorHandler - [helmcont] Pod 'test-hivemq-platform-0' condition 'PodReadyToStartContainers': False
2025-01-28 23:38:04,015 INFO c.h.h.t.HelmChartContainer - [hivemq-test-hivemq-platform] [hivemq-platform-operator] [669ffea5] 23:38:04.011 [ReconcilerExecutor-hivemq-controller-75] DEBUG c.h.p.o.h.HiveMQPlatformReconcilerErrorHandler - [helmcont] Pod 'test-hivemq-platform-0' condition 'Initialized': False
2025-01-28 23:38:04,015 INFO c.h.h.t.HelmChartContainer - [hivemq-test-hivemq-platform] [hivemq-platform-operator] [669ffea5] 23:38:04.011 [ReconcilerExecutor-hivemq-controller-75] DEBUG c.h.p.o.h.HiveMQPlatformReconcilerErrorHandler - [helmcont] Pod 'test-hivemq-platform-0' condition 'Ready': False
2025-01-28 23:38:04,015 INFO c.h.h.t.HelmChartContainer - [hivemq-test-hivemq-platform] [hivemq-platform-operator] [669ffea5] 23:38:04.011 [ReconcilerExecutor-hivemq-controller-75] DEBUG c.h.p.o.h.HiveMQPlatformReconcilerErrorHandler - [helmcont] Pod 'test-hivemq-platform-0' condition 'ContainersReady': False
2025-01-28 23:38:04,015 INFO c.h.h.t.HelmChartContainer - [hivemq-test-hivemq-platform] [hivemq-platform-operator] [669ffea5] 23:38:04.011 [ReconcilerExecutor-hivemq-controller-75] DEBUG c.h.p.o.h.HiveMQPlatformReconcilerErrorHandler - [helmcont] Pod 'test-hivemq-platform-0' condition 'PodScheduled': True
2025-01-28 23:38:04,015 INFO c.h.h.t.HelmChartContainer - [hivemq-test-hivemq-platform] [hivemq-platform-operator] [669ffea5] 23:38:04.011 [ReconcilerExecutor-hivemq-controller-75] DEBUG c.h.p.o.h.HiveMQPlatformReconcilerErrorHandler - [helmcont] Pod 'test-hivemq-platform-0' containerStatus 'hivemq' (started: false) (ready: false) (waiting: [PodInitializing] null)
2025-01-28 23:38:04,015 INFO c.h.h.t.HelmChartContainer - [hivemq-test-hivemq-platform] [hivemq-platform-operator] [669ffea5] 23:38:04.012 [ReconcilerExecutor-hivemq-controller-75] INFO  c.h.p.o.h.HiveMQPlatformReconcilerBaseHandler - [helmcont] HiveMQ Platform is starting, 0 of 1 replicas are ready
2025-01-28 23:38:04,043 INFO c.h.h.t.HelmChartContainer - [EVENT] Normal [Pulled] Container image "docker.io/hivemq/hivemq-platform-operator-init-test:snapshot" already present on machine [helmcontainersecuritycontextupgradeplatformit:test-hivemq-platform-0]
2025-01-28 23:38:04,163 INFO c.h.h.t.HelmChartContainer - [EVENT] Normal [Created] Created container: hivemq-platform-operator-init [helmcontainersecuritycontextupgradeplatformit:test-hivemq-platform-0]
2025-01-28 23:38:04,201 INFO c.h.h.t.HelmChartContainer - [EVENT] Normal [Started] Started container hivemq-platform-operator-init [helmcontainersecuritycontextupgradeplatformit:test-hivemq-platform-0]
2025-01-28 23:38:04,762 INFO c.h.h.t.HelmChartContainer - [EVENT] Normal [Pulled] Container image "docker.io/hivemq/hivemq4:4.36.0" already present on machine [helmcontainersecuritycontextupgradeplatformit:test-hivemq-platform-0]
2025-01-28 23:38:04,762 INFO c.h.h.t.HelmChartContainer - Received Pulled event for container hivemq in pod test-hivemq-platform-0 [b7387f7a-51c4-40c4-9361-966e01e0d346]
2025-01-28 23:38:04,769 INFO c.h.h.t.HelmChartContainer - [POD] test-hivemq-platform-0 [b7387f7a-51c4-40c4-9361-966e01e0d346] in helmcontainersecuritycontextupgradeplatformit was MODIFIED
2025-01-28 23:38:04,797 INFO c.h.h.t.HelmChartContainer - [hivemq-test-hivemq-platform] [hivemq-platform-operator] [669ffea5] 23:38:04.793 [pool-6-thread-32] DEBUG c.h.p.o.d.PlatformServiceResource - [helmcont] Desired Platform services (3 services)
2025-01-28 23:38:04,805 INFO c.h.h.t.HelmChartContainer - [hivemq-test-hivemq-platform] [hivemq-platform-operator] [669ffea5] 23:38:04.800 [pool-6-thread-33] DEBUG c.h.p.o.dependants.PodInfoConfigMap - [helmcont] Desired PodInfo ConfigMap (1 extensions) (1 enabled)
2025-01-28 23:38:04,805 INFO c.h.h.t.HelmChartContainer - [hivemq-test-hivemq-platform] [hivemq-platform-operator] [669ffea5] 23:38:04.800 [pool-6-thread-33] DEBUG c.h.p.o.dependants.PodInfoConfigMap - [helmcont] Desired PodInfo ConfigMap (metrics port: 9399) (metrics path: /)
2025-01-28 23:38:04,805 INFO c.h.h.t.HelmChartContainer - [hivemq-test-hivemq-platform] [hivemq-platform-operator] [669ffea5] 23:38:04.800 [pool-6-thread-33] DEBUG c.h.p.o.dependants.PodInfoConfigMap - [helmcont] Desired PodInfo ConfigMap (extension state hash: -1817474005)
2025-01-28 23:38:04,805 INFO c.h.h.t.HelmChartContainer - [hivemq-test-hivemq-platform] [hivemq-platform-operator] [669ffea5] 23:38:04.798 [pool-6-thread-37] DEBUG c.h.p.o.d.PodServiceAccountResource - [helmcont] Desired PodServiceAccountResource (serviceAccountName: hivemq-platform-pod-test-hivemq-platform)
2025-01-28 23:38:04,837 INFO c.h.h.t.HelmChartContainer - [hivemq-test-hivemq-platform] [hivemq-platform-operator] [669ffea5] 23:38:04.834 [pool-6-thread-40] DEBUG c.h.p.o.d.StatefulSetResource - [helmcont] Desired StatefulSet (1 replicas) for status STARTING (READY)
2025-01-28 23:38:04,840 INFO c.h.h.t.HelmChartContainer - [hivemq-test-hivemq-platform] [hivemq-platform-operator] [669ffea5] 23:38:04.839 [ReconcilerExecutor-hivemq-controller-86] INFO  c.h.p.o.HiveMQPlatformReconciler - [helmcont] Reconciling HiveMQ Platform 'test-hivemq-platform' in namespace 'helmcontainersecuritycontextupgradeplatformit'
2025-01-28 23:38:04,841 INFO c.h.h.t.HelmChartContainer - [hivemq-test-hivemq-platform] [hivemq-platform-operator] [669ffea5] 23:38:04.839 [ReconcilerExecutor-hivemq-controller-86] DEBUG c.h.p.o.HiveMQPlatformReconciler - [helmcont] Custom Resource Status STARTING - HiveMQ Platform is starting (READY)
2025-01-28 23:38:04,841 INFO c.h.h.t.HelmChartContainer - [hivemq-test-hivemq-platform] [hivemq-platform-operator] [669ffea5] 23:38:04.839 [ReconcilerExecutor-hivemq-controller-86] DEBUG c.h.p.o.HiveMQPlatformReconciler - [helmcont] Custom Resource Spec (replicas: 1) (extensions: 1)
2025-01-28 23:38:04,844 INFO c.h.h.t.HelmChartContainer - [hivemq-test-hivemq-platform] [hivemq-platform-operator] [669ffea5] 23:38:04.843 [ReconcilerExecutor-hivemq-controller-86] DEBUG c.h.p.o.HiveMQPlatformReconciler - [helmcont] StatefulSet Status (revision: test-hivemq-platform-fc778bc4c, replicas: 1, available: 0, ready: 0, current: 1, updated: 1)
2025-01-28 23:38:04,844 INFO c.h.h.t.HelmChartContainer - [hivemq-test-hivemq-platform] [hivemq-platform-operator] [669ffea5] 23:38:04.843 [ReconcilerExecutor-hivemq-controller-86] DEBUG c.h.p.o.HiveMQPlatformReconciler - [helmcont] StatefulSet Spec (replicas: 1, init containers: 1, containers: 1, volumes: 3)
2025-01-28 23:38:04,930 INFO c.h.h.t.HelmChartContainer - [hivemq-test-hivemq-platform] [hivemq-platform-operator] [669ffea5] 23:38:04.928 [ReconcilerExecutor-hivemq-controller-86] DEBUG c.h.p.o.h.HiveMQPlatformReconcilerErrorHandler - [helmcont] Pod 'test-hivemq-platform-0' phase Pending
2025-01-28 23:38:04,931 INFO c.h.h.t.HelmChartContainer - [hivemq-test-hivemq-platform] [hivemq-platform-operator] [669ffea5] 23:38:04.928 [ReconcilerExecutor-hivemq-controller-86] DEBUG c.h.p.o.h.HiveMQPlatformReconcilerErrorHandler - [helmcont] Pod 'test-hivemq-platform-0' condition 'PodReadyToStartContainers': True
2025-01-28 23:38:04,931 INFO c.h.h.t.HelmChartContainer - [hivemq-test-hivemq-platform] [hivemq-platform-operator] [669ffea5] 23:38:04.928 [ReconcilerExecutor-hivemq-controller-86] DEBUG c.h.p.o.h.HiveMQPlatformReconcilerErrorHandler - [helmcont] Pod 'test-hivemq-platform-0' condition 'Initialized': True
2025-01-28 23:38:04,931 INFO c.h.h.t.HelmChartContainer - [hivemq-test-hivemq-platform] [hivemq-platform-operator] [669ffea5] 23:38:04.928 [ReconcilerExecutor-hivemq-controller-86] DEBUG c.h.p.o.h.HiveMQPlatformReconcilerErrorHandler - [helmcont] Pod 'test-hivemq-platform-0' condition 'Ready': False
2025-01-28 23:38:04,931 INFO c.h.h.t.HelmChartContainer - [hivemq-test-hivemq-platform] [hivemq-platform-operator] [669ffea5] 23:38:04.928 [ReconcilerExecutor-hivemq-controller-86] DEBUG c.h.p.o.h.HiveMQPlatformReconcilerErrorHandler - [helmcont] Pod 'test-hivemq-platform-0' condition 'ContainersReady': False
2025-01-28 23:38:04,931 INFO c.h.h.t.HelmChartContainer - [hivemq-test-hivemq-platform] [hivemq-platform-operator] [669ffea5] 23:38:04.928 [ReconcilerExecutor-hivemq-controller-86] DEBUG c.h.p.o.h.HiveMQPlatformReconcilerErrorHandler - [helmcont] Pod 'test-hivemq-platform-0' condition 'PodScheduled': True
2025-01-28 23:38:04,931 INFO c.h.h.t.HelmChartContainer - [hivemq-test-hivemq-platform] [hivemq-platform-operator] [669ffea5] 23:38:04.928 [ReconcilerExecutor-hivemq-controller-86] DEBUG c.h.p.o.h.HiveMQPlatformReconcilerErrorHandler - [helmcont] Pod 'test-hivemq-platform-0' containerStatus 'hivemq' (started: false) (ready: false) (waiting: [PodInitializing] null)
2025-01-28 23:38:04,931 INFO c.h.h.t.HelmChartContainer - [hivemq-test-hivemq-platform] [hivemq-platform-operator] [669ffea5] 23:38:04.929 [ReconcilerExecutor-hivemq-controller-86] INFO  c.h.p.o.h.HiveMQPlatformReconcilerBaseHandler - [helmcont] HiveMQ Platform is starting, 0 of 1 replicas are ready
2025-01-28 23:38:06,246 INFO c.h.h.t.HelmChartContainer - [EVENT] Normal [Created] Created container: hivemq [helmcontainersecuritycontextupgradeplatformit:test-hivemq-platform-0]
2025-01-28 23:38:06,246 INFO c.h.h.t.HelmChartContainer - Received Created event for container hivemq in pod test-hivemq-platform-0 [b7387f7a-51c4-40c4-9361-966e01e0d346]
2025-01-28 23:38:06,778 INFO c.h.h.t.HelmChartContainer - [POD] test-hivemq-platform-0 [b7387f7a-51c4-40c4-9361-966e01e0d346] in helmcontainersecuritycontextupgradeplatformit was MODIFIED
2025-01-28 23:38:06,794 INFO c.h.h.t.HelmChartContainer - Started log watcher for hivemq in pod test-hivemq-platform-0 [b7387f7a-51c4-40c4-9361-966e01e0d346]
2025-01-28 23:38:06,794 INFO c.h.h.t.HelmChartContainer - [EVENT] Normal [Started] Started container hivemq [helmcontainersecuritycontextupgradeplatformit:test-hivemq-platform-0]
2025-01-28 23:38:06,794 INFO c.h.h.t.HelmChartContainer - [test-hivemq-platform] [hivemq] [b7387f7a] Adding pre-installed HiveMQ Platform Operator extensions
2025-01-28 23:38:06,794 INFO c.h.h.t.HelmChartContainer - [test-hivemq-platform] [hivemq] [b7387f7a] Running as user 10000
2025-01-28 23:38:06,794 INFO c.h.h.t.HelmChartContainer - [test-hivemq-platform] [hivemq] [b7387f7a] Starting HiveMQ Platform Operator Init
2025-01-28 23:38:06,794 INFO c.h.h.t.HelmChartContainer - Received Started event for container hivemq in pod test-hivemq-platform-0 [b7387f7a-51c4-40c4-9361-966e01e0d346]
2025-01-28 23:38:06,795 INFO c.h.h.t.HelmChartContainer - [hivemq-test-hivemq-platform] [hivemq-platform-operator] [669ffea5] 23:38:06.791 [pool-6-thread-42] DEBUG c.h.p.o.d.PlatformServiceResource - [helmcont] Desired Platform services (3 services)
2025-01-28 23:38:06,795 INFO c.h.h.t.HelmChartContainer - [hivemq-test-hivemq-platform] [hivemq-platform-operator] [669ffea5] 23:38:06.793 [pool-6-thread-43] DEBUG c.h.p.o.dependants.PodInfoConfigMap - [helmcont] Desired PodInfo ConfigMap (1 extensions) (1 enabled)
2025-01-28 23:38:06,796 INFO c.h.h.t.HelmChartContainer - [hivemq-test-hivemq-platform] [hivemq-platform-operator] [669ffea5] 23:38:06.793 [pool-6-thread-43] DEBUG c.h.p.o.dependants.PodInfoConfigMap - [helmcont] Desired PodInfo ConfigMap (metrics port: 9399) (metrics path: /)
2025-01-28 23:38:06,797 INFO c.h.h.t.HelmChartContainer - [hivemq-test-hivemq-platform] [hivemq-platform-operator] [669ffea5] 23:38:06.794 [pool-6-thread-43] DEBUG c.h.p.o.dependants.PodInfoConfigMap - [helmcont] Desired PodInfo ConfigMap (extension state hash: -1817474005)
2025-01-28 23:38:06,800 INFO c.h.h.t.HelmChartContainer - [hivemq-test-hivemq-platform] [hivemq-platform-operator] [669ffea5] 23:38:06.799 [pool-6-thread-47] DEBUG c.h.p.o.d.PodServiceAccountResource - [helmcont] Desired PodServiceAccountResource (serviceAccountName: hivemq-platform-pod-test-hivemq-platform)
2025-01-28 23:38:06,830 INFO c.h.h.t.HelmChartContainer - [hivemq-test-hivemq-platform] [hivemq-platform-operator] [669ffea5] 23:38:06.828 [pool-6-thread-50] DEBUG c.h.p.o.d.StatefulSetResource - [helmcont] Desired StatefulSet (1 replicas) for status STARTING (READY)
2025-01-28 23:38:06,834 INFO c.h.h.t.HelmChartContainer - [hivemq-test-hivemq-platform] [hivemq-platform-operator] [669ffea5] 23:38:06.833 [ReconcilerExecutor-hivemq-controller-97] INFO  c.h.p.o.HiveMQPlatformReconciler - [helmcont] Reconciling HiveMQ Platform 'test-hivemq-platform' in namespace 'helmcontainersecuritycontextupgradeplatformit'
2025-01-28 23:38:06,835 INFO c.h.h.t.HelmChartContainer - [hivemq-test-hivemq-platform] [hivemq-platform-operator] [669ffea5] 23:38:06.833 [ReconcilerExecutor-hivemq-controller-97] DEBUG c.h.p.o.HiveMQPlatformReconciler - [helmcont] Custom Resource Status STARTING - HiveMQ Platform is starting (READY)
2025-01-28 23:38:06,835 INFO c.h.h.t.HelmChartContainer - [hivemq-test-hivemq-platform] [hivemq-platform-operator] [669ffea5] 23:38:06.833 [ReconcilerExecutor-hivemq-controller-97] DEBUG c.h.p.o.HiveMQPlatformReconciler - [helmcont] Custom Resource Spec (replicas: 1) (extensions: 1)
2025-01-28 23:38:06,838 INFO c.h.h.t.HelmChartContainer - [hivemq-test-hivemq-platform] [hivemq-platform-operator] [669ffea5] 23:38:06.836 [ReconcilerExecutor-hivemq-controller-97] DEBUG c.h.p.o.HiveMQPlatformReconciler - [helmcont] StatefulSet Status (revision: test-hivemq-platform-fc778bc4c, replicas: 1, available: 0, ready: 0, current: 1, updated: 1)
2025-01-28 23:38:06,838 INFO c.h.h.t.HelmChartContainer - [hivemq-test-hivemq-platform] [hivemq-platform-operator] [669ffea5] 23:38:06.836 [ReconcilerExecutor-hivemq-controller-97] DEBUG c.h.p.o.HiveMQPlatformReconciler - [helmcont] StatefulSet Spec (replicas: 1, init containers: 1, containers: 1, volumes: 3)
2025-01-28 23:38:06,840 INFO c.h.h.t.HelmChartContainer - [hivemq-test-hivemq-platform] [hivemq-platform-operator] [669ffea5] 23:38:06.839 [ReconcilerExecutor-hivemq-controller-97] DEBUG c.h.p.o.h.HiveMQPlatformReconcilerErrorHandler - [helmcont] Pod 'test-hivemq-platform-0' phase Running
2025-01-28 23:38:06,841 INFO c.h.h.t.HelmChartContainer - [hivemq-test-hivemq-platform] [hivemq-platform-operator] [669ffea5] 23:38:06.840 [ReconcilerExecutor-hivemq-controller-97] INFO  c.h.p.o.h.HiveMQPlatformReconcilerBaseHandler - [helmcont] HiveMQ Platform is starting, 0 of 1 replicas are ready
2025-01-28 23:38:07,464 INFO c.h.h.t.HelmChartContainer - [test-hivemq-platform] [hivemq] [b7387f7a] INFO  - [HiveMQ Platform Operator Init 1.7.0-SNAPSHOT] HiveMQ Platform Operator Init 1.7.0-SNAPSHOT (commit: bebf408 on branch: HEAD) built on Sun Jan 26 20:47:47 UTC 2025
2025-01-28 23:38:08,589 INFO c.h.h.t.HelmChartContainer - [test-hivemq-platform] [hivemq] [b7387f7a] INFO  - [HiveMQ Platform Operator Init App 1.7.0-SNAPSHOT] Using bind address 10.42.0.10 from environment variable
2025-01-28 23:38:09,474 INFO c.h.h.t.HelmChartContainer - [test-hivemq-platform] [hivemq] [b7387f7a] INFO  - [HiveMQ Platform Operator Init App 1.7.0-SNAPSHOT] HiveMQ Platform Operator Init App 1.7.0-SNAPSHOT (commit: bebf408 on branch: HEAD) built on Sun Jan 26 20:47:47 UTC 2025
2025-01-28 23:38:09,474 INFO c.h.h.t.HelmChartContainer - [test-hivemq-platform] [hivemq] [b7387f7a] INFO  - [HiveMQ Platform Operator Init App 1.7.0-SNAPSHOT] PodInfo ConfigMap directory: /etc/podinfo
2025-01-28 23:38:09,474 INFO c.h.h.t.HelmChartContainer - [test-hivemq-platform] [hivemq] [b7387f7a] INFO  - [HiveMQ Platform Operator Init App 1.7.0-SNAPSHOT] HiveMQ home directory: /opt/hivemq
2025-01-28 23:38:09,474 INFO c.h.h.t.HelmChartContainer - [test-hivemq-platform] [hivemq] [b7387f7a] INFO  - [HiveMQ Platform Operator Init App 1.7.0-SNAPSHOT] HiveMQ Logback folder: /opt/hivemq/conf
2025-01-28 23:38:09,476 INFO c.h.h.t.HelmChartContainer - [test-hivemq-platform] [hivemq] [b7387f7a] INFO  - [HiveMQ Platform Operator Init App 1.7.0-SNAPSHOT] HiveMQ Config folder: /opt/hivemq/conf-k8s
2025-01-28 23:38:09,476 INFO c.h.h.t.HelmChartContainer - [test-hivemq-platform] [hivemq] [b7387f7a] INFO  - [HiveMQ Platform Operator Init App 1.7.0-SNAPSHOT] Starting HiveMQ Platform Operator Init App
2025-01-28 23:38:09,476 INFO c.h.h.t.HelmChartContainer - [test-hivemq-platform] [hivemq] [b7387f7a] INFO  - [HiveMQ Platform Operator Init App 1.7.0-SNAPSHOT] Starting Pod reconciler
2025-01-28 23:38:10,685 INFO c.h.h.t.HelmChartContainer - [test-hivemq-platform] [hivemq] [b7387f7a] INFO  - [HiveMQ Platform Operator Init App 1.7.0-SNAPSHOT] Pod reconciler is scheduled (interval: 5000 ms)
2025-01-28 23:38:10,686 INFO c.h.h.t.HelmChartContainer - [test-hivemq-platform] [hivemq] [b7387f7a] INFO  - [HiveMQ Platform Operator Init App 1.7.0-SNAPSHOT] Starting the REST API on 10.42.0.10:7979
2025-01-28 23:38:10,688 INFO c.h.h.t.HelmChartContainer - [test-hivemq-platform] [hivemq] [b7387f7a] INFO  - [HiveMQ Platform Operator Init App 1.7.0-SNAPSHOT] Waiting up to 600s for at most 1 HiveMQ nodes in cluster service hivemq-test-hivemq-platform-cluster.helmcontainersecuritycontextupgradeplatformit.svc
2025-01-28 23:38:11,072 INFO c.h.h.t.HelmChartContainer - [test-hivemq-platform] [hivemq] [b7387f7a] INFO  - [HiveMQ Platform Operator Init App 1.7.0-SNAPSHOT] Resolved 1 IP addresses: [10.42.0.10]
2025-01-28 23:38:11,072 INFO c.h.h.t.HelmChartContainer - [test-hivemq-platform] [hivemq] [b7387f7a] INFO  - [HiveMQ Platform Operator Init App 1.7.0-SNAPSHOT] HiveMQ node count of 1 is within threshold of 1
2025-01-28 23:38:11,072 INFO c.h.h.t.HelmChartContainer - [test-hivemq-platform] [hivemq] [b7387f7a] INFO  - [HiveMQ Platform Operator Init App 1.7.0-SNAPSHOT] Proceeding with container start
2025-01-28 23:38:11,170 INFO c.h.h.t.HelmChartContainer - [test-hivemq-platform] [hivemq] [b7387f7a] INFO  - [HiveMQ Platform Operator Init App 1.7.0-SNAPSHOT] Initializing HiveMQ Platform extensions with initial configuration: {hivemq-allow-all-extension={start-priority=-1, skip-https-hostname-verification=false, restart=true, config-version=0, header-version=0, c-uri=, priority=-1, uri=preinstalled, skip-https-certificate-validation=false, enabled=true}, hivemq-prometheus-extension={priority=-1, start-priority=-1, c-uri=, skip-https-hostname-verification=false, skip-https-certificate-validation=false, uri=preinstalled, request-header-path=no-request-headers, enabled=true, restart=true}}
2025-01-28 23:38:11,665 INFO c.h.h.t.HelmChartContainer - [test-hivemq-platform] [hivemq] [b7387f7a] INFO  - [HiveMQ Platform Operator Init App 1.7.0-SNAPSHOT] Extension hivemq-allow-all-extension was already enabled
2025-01-28 23:38:11,758 INFO c.h.h.t.HelmChartContainer - [test-hivemq-platform] [hivemq] [b7387f7a] INFO  - [HiveMQ Platform Operator Init App 1.7.0-SNAPSHOT] Successfully enabled extension hivemq-prometheus-extension
2025-01-28 23:38:11,762 INFO c.h.h.t.HelmChartContainer - [test-hivemq-platform] [hivemq] [b7387f7a] INFO  - [HiveMQ Platform Operator Init App 1.7.0-SNAPSHOT] Starting HiveMQ Platform version 4.36.0 (4.36.0)
2025-01-28 23:38:11,762 INFO c.h.h.t.HelmChartContainer - [test-hivemq-platform] [hivemq] [b7387f7a] INFO  - [HiveMQ Platform Operator Init App 1.7.0-SNAPSHOT] Configuring the HiveMQ Platform
2025-01-28 23:38:11,769 INFO c.h.h.t.HelmChartContainer - [test-hivemq-platform] [hivemq] [b7387f7a] INFO  - [HiveMQ Platform Operator Init App 1.7.0-SNAPSHOT] Changed logback.xml file scan period to 20 seconds
2025-01-28 23:38:11,862 INFO c.h.h.t.HelmChartContainer - [test-hivemq-platform] [hivemq] [b7387f7a] INFO  - [HiveMQ Platform Operator Init App 1.7.0-SNAPSHOT] Starting the HiveMQ Platform
2025-01-28 23:38:11,866 INFO c.h.h.t.HelmChartContainer - [test-hivemq-platform] [hivemq] [b7387f7a] -------------------------------------------------------------------------
2025-01-28 23:38:11,866 INFO c.h.h.t.HelmChartContainer - [test-hivemq-platform] [hivemq] [b7387f7a] 
2025-01-28 23:38:11,866 INFO c.h.h.t.HelmChartContainer - [test-hivemq-platform] [hivemq] [b7387f7a]                   _    _  _              __  __   ____
2025-01-28 23:38:11,866 INFO c.h.h.t.HelmChartContainer - [test-hivemq-platform] [hivemq] [b7387f7a]                  | |  | |(_)            |  \/  | / __ \
2025-01-28 23:38:11,866 INFO c.h.h.t.HelmChartContainer - [test-hivemq-platform] [hivemq] [b7387f7a]                  | |__| | _ __   __ ___ | \  / || |  | |
2025-01-28 23:38:11,866 INFO c.h.h.t.HelmChartContainer - [test-hivemq-platform] [hivemq] [b7387f7a]                  |  __  || |\ \ / // _ \| |\/| || |  | |
2025-01-28 23:38:11,866 INFO c.h.h.t.HelmChartContainer - [test-hivemq-platform] [hivemq] [b7387f7a]                  | |  | || | \ V /|  __/| |  | || |__| |
2025-01-28 23:38:11,866 INFO c.h.h.t.HelmChartContainer - [test-hivemq-platform] [hivemq] [b7387f7a]                  |_|  |_||_|  \_/  \___||_|  |_| \___\_\
2025-01-28 23:38:11,866 INFO c.h.h.t.HelmChartContainer - [test-hivemq-platform] [hivemq] [b7387f7a] 
2025-01-28 23:38:11,866 INFO c.h.h.t.HelmChartContainer - [test-hivemq-platform] [hivemq] [b7387f7a] -------------------------------------------------------------------------
2025-01-28 23:38:11,866 INFO c.h.h.t.HelmChartContainer - [test-hivemq-platform] [hivemq] [b7387f7a] 
2025-01-28 23:38:11,866 INFO c.h.h.t.HelmChartContainer - [test-hivemq-platform] [hivemq] [b7387f7a]   HiveMQ Start Script for Linux/Unix v1.14
2025-01-28 23:38:11,866 INFO c.h.h.t.HelmChartContainer - [test-hivemq-platform] [hivemq] [b7387f7a] 
2025-01-28 23:38:11,942 INFO c.h.h.t.HelmChartContainer - [test-hivemq-platform] [hivemq] [b7387f7a] -------------------------------------------------------------------------
2025-01-28 23:38:11,942 INFO c.h.h.t.HelmChartContainer - [test-hivemq-platform] [hivemq] [b7387f7a] 
2025-01-28 23:38:11,942 INFO c.h.h.t.HelmChartContainer - [test-hivemq-platform] [hivemq] [b7387f7a]   HIVEMQ_HOME: /opt/hivemq
2025-01-28 23:38:11,943 INFO c.h.h.t.HelmChartContainer - [test-hivemq-platform] [hivemq] [b7387f7a] 
2025-01-28 23:38:11,943 INFO c.h.h.t.HelmChartContainer - [test-hivemq-platform] [hivemq] [b7387f7a]   JAVA_OPTS: -XX:+UnlockExperimentalVMOptions -XX:InitialRAMPercentage=50 -XX:MaxRAMPercentage=50 -Djava.net.preferIPv4Stack=true --add-opens java.base/java.lang=ALL-UNNAMED --add-opens java.base/java.nio=ALL-UNNAMED --add-opens java.base/sun.nio.ch=ALL-UNNAMED --add-opens jdk.management/com.sun.management.internal=ALL-UNNAMED --add-exports java.base/jdk.internal.misc=ALL-UNNAMED -Djava.security.egd=file:/dev/./urandom -Dcom.sun.management.jmxremote -Dcom.sun.management.jmxremote.port=9010 -Dcom.sun.management.jmxremote.local.only=false -Dcom.sun.management.jmxremote.authenticate=false -Dcom.sun.management.jmxremote.ssl=false -Duser.language=en -Duser.region=US -XX:+CrashOnOutOfMemoryError -XX:+HeapDumpOnOutOfMemoryError
2025-01-28 23:38:11,943 INFO c.h.h.t.HelmChartContainer - [test-hivemq-platform] [hivemq] [b7387f7a] 
2025-01-28 23:38:11,943 INFO c.h.h.t.HelmChartContainer - [test-hivemq-platform] [hivemq] [b7387f7a]   JAVA_VERSION: 21
2025-01-28 23:38:11,943 INFO c.h.h.t.HelmChartContainer - [test-hivemq-platform] [hivemq] [b7387f7a] 
2025-01-28 23:38:11,943 INFO c.h.h.t.HelmChartContainer - [test-hivemq-platform] [hivemq] [b7387f7a] -------------------------------------------------------------------------
2025-01-28 23:38:11,943 INFO c.h.h.t.HelmChartContainer - [test-hivemq-platform] [hivemq] [b7387f7a] 
2025-01-28 23:38:12,865 INFO c.h.h.t.HelmChartContainer - [test-hivemq-platform] [hivemq] [b7387f7a] INFO  - [HiveMQ Platform Operator Init App 1.7.0-SNAPSHOT] Returning default Health API response 503 for readiness
2025-01-28 23:38:13,171 INFO c.h.h.t.HelmChartContainer - [EVENT] Warning [Unhealthy] Readiness probe failed: HTTP probe failed with statuscode: 503 [helmcontainersecuritycontextupgradeplatformit:test-hivemq-platform-0]
2025-01-28 23:38:13,171 INFO c.h.h.t.HelmChartContainer - Received Unhealthy event for container hivemq in pod test-hivemq-platform-0 [b7387f7a-51c4-40c4-9361-966e01e0d346]
2025-01-28 23:38:14,560 INFO c.h.h.t.HelmChartContainer - [test-hivemq-platform] [hivemq] [b7387f7a] INFO  - Starting HiveMQ Enterprise Server
2025-01-28 23:38:14,567 INFO c.h.h.t.HelmChartContainer - [test-hivemq-platform] [hivemq] [b7387f7a] INFO  - HiveMQ version: 4.36.0
2025-01-28 23:38:14,568 INFO c.h.h.t.HelmChartContainer - [test-hivemq-platform] [hivemq] [b7387f7a] INFO  - HiveMQ home directory: /opt/hivemq
2025-01-28 23:38:14,568 INFO c.h.h.t.HelmChartContainer - [test-hivemq-platform] [hivemq] [b7387f7a] INFO  - Log Configuration was overridden by /opt/hivemq/conf/logback.xml
2025-01-28 23:38:15,677 INFO c.h.h.t.HelmChartContainer - [test-hivemq-platform] [hivemq] [b7387f7a] INFO  - Successfully loaded configuration from '/opt/hivemq/conf-k8s/config.xml'.
2025-01-28 23:38:16,467 INFO c.h.h.t.HelmChartContainer - [test-hivemq-platform] [hivemq] [b7387f7a] INFO  - This node's ID is aSZpd
2025-01-28 23:38:16,467 INFO c.h.h.t.HelmChartContainer - [test-hivemq-platform] [hivemq] [b7387f7a] INFO  - Clustering is enabled
2025-01-28 23:38:16,848 INFO c.h.h.t.HelmChartContainer - [hivemq-test-hivemq-platform] [hivemq-platform-operator] [669ffea5] 23:38:16.845 [pool-6-thread-6] DEBUG c.h.p.o.d.PlatformServiceResource - [helmcont] Desired Platform services (3 services)
2025-01-28 23:38:16,848 INFO c.h.h.t.HelmChartContainer - [hivemq-test-hivemq-platform] [hivemq-platform-operator] [669ffea5] 23:38:16.846 [pool-6-thread-5] DEBUG c.h.p.o.dependants.PodInfoConfigMap - [helmcont] Desired PodInfo ConfigMap (1 extensions) (1 enabled)
2025-01-28 23:38:16,850 INFO c.h.h.t.HelmChartContainer - [hivemq-test-hivemq-platform] [hivemq-platform-operator] [669ffea5] 23:38:16.846 [pool-6-thread-5] DEBUG c.h.p.o.dependants.PodInfoConfigMap - [helmcont] Desired PodInfo ConfigMap (metrics port: 9399) (metrics path: /)
2025-01-28 23:38:16,850 INFO c.h.h.t.HelmChartContainer - [hivemq-test-hivemq-platform] [hivemq-platform-operator] [669ffea5] 23:38:16.846 [pool-6-thread-5] DEBUG c.h.p.o.dependants.PodInfoConfigMap - [helmcont] Desired PodInfo ConfigMap (extension state hash: -1817474005)
2025-01-28 23:38:16,850 INFO c.h.h.t.HelmChartContainer - [hivemq-test-hivemq-platform] [hivemq-platform-operator] [669ffea5] 23:38:16.848 [pool-6-thread-3] DEBUG c.h.p.o.d.PodServiceAccountResource - [helmcont] Desired PodServiceAccountResource (serviceAccountName: hivemq-platform-pod-test-hivemq-platform)
2025-01-28 23:38:16,853 INFO c.h.h.t.HelmChartContainer - [hivemq-test-hivemq-platform] [hivemq-platform-operator] [669ffea5] 23:38:16.853 [pool-6-thread-5] DEBUG c.h.p.o.d.StatefulSetResource - [helmcont] Desired StatefulSet (1 replicas) for status STARTING (READY)
2025-01-28 23:38:16,860 INFO c.h.h.t.HelmChartContainer - [hivemq-test-hivemq-platform] [hivemq-platform-operator] [669ffea5] 23:38:16.859 [ReconcilerExecutor-hivemq-controller-108] INFO  c.h.p.o.HiveMQPlatformReconciler - [helmcont] Reconciling HiveMQ Platform 'test-hivemq-platform' in namespace 'helmcontainersecuritycontextupgradeplatformit'
2025-01-28 23:38:16,861 INFO c.h.h.t.HelmChartContainer - [hivemq-test-hivemq-platform] [hivemq-platform-operator] [669ffea5] 23:38:16.859 [ReconcilerExecutor-hivemq-controller-108] DEBUG c.h.p.o.HiveMQPlatformReconciler - [helmcont] Custom Resource Status STARTING - HiveMQ Platform is starting (READY)
2025-01-28 23:38:16,861 INFO c.h.h.t.HelmChartContainer - [hivemq-test-hivemq-platform] [hivemq-platform-operator] [669ffea5] 23:38:16.859 [ReconcilerExecutor-hivemq-controller-108] DEBUG c.h.p.o.HiveMQPlatformReconciler - [helmcont] Custom Resource Spec (replicas: 1) (extensions: 1)
2025-01-28 23:38:16,865 INFO c.h.h.t.HelmChartContainer - [hivemq-test-hivemq-platform] [hivemq-platform-operator] [669ffea5] 23:38:16.864 [ReconcilerExecutor-hivemq-controller-108] DEBUG c.h.p.o.HiveMQPlatformReconciler - [helmcont] StatefulSet Status (revision: test-hivemq-platform-fc778bc4c, replicas: 1, available: 0, ready: 0, current: 1, updated: 1)
2025-01-28 23:38:16,865 INFO c.h.h.t.HelmChartContainer - [hivemq-test-hivemq-platform] [hivemq-platform-operator] [669ffea5] 23:38:16.864 [ReconcilerExecutor-hivemq-controller-108] DEBUG c.h.p.o.HiveMQPlatformReconciler - [helmcont] StatefulSet Spec (replicas: 1, init containers: 1, containers: 1, volumes: 3)
2025-01-28 23:38:16,930 INFO c.h.h.t.HelmChartContainer - [hivemq-test-hivemq-platform] [hivemq-platform-operator] [669ffea5] 23:38:16.927 [ReconcilerExecutor-hivemq-controller-108] DEBUG c.h.p.o.h.HiveMQPlatformReconcilerErrorHandler - [helmcont] Pod 'test-hivemq-platform-0' phase Running
2025-01-28 23:38:16,930 INFO c.h.h.t.HelmChartContainer - [hivemq-test-hivemq-platform] [hivemq-platform-operator] [669ffea5] 23:38:16.928 [ReconcilerExecutor-hivemq-controller-108] INFO  c.h.p.o.h.HiveMQPlatformReconcilerBaseHandler - [helmcont] HiveMQ Platform is starting, 0 of 1 replicas are ready
2025-01-28 23:38:18,168 INFO c.h.h.t.HelmChartContainer - [test-hivemq-platform] [hivemq] [b7387f7a] WARN  - [HiveMQ Platform Operator Init App 1.7.0-SNAPSHOT] Cannot connect to Health API for readiness: null
2025-01-28 23:38:18,172 INFO c.h.h.t.HelmChartContainer - [EVENT] Warning [Unhealthy] Readiness probe failed: HTTP probe failed with statuscode: 503 [helmcontainersecuritycontextupgradeplatformit:test-hivemq-platform-0]
2025-01-28 23:38:18,172 INFO c.h.h.t.HelmChartContainer - Received Unhealthy event for container hivemq in pod test-hivemq-platform-0 [b7387f7a-51c4-40c4-9361-966e01e0d346]
2025-01-28 23:38:21,061 INFO c.h.h.t.HelmChartContainer - [test-hivemq-platform] [hivemq] [b7387f7a] Jan 28, 2025 11:38:20 PM io.vertx.core.impl.BlockedThreadChecker
2025-01-28 23:38:21,061 INFO c.h.h.t.HelmChartContainer - [test-hivemq-platform] [hivemq] [b7387f7a] WARNING: Thread Thread[vert.x-eventloop-thread-1,5,main] has been blocked for 2300 ms, time limit is 2000 ms
2025-01-28 23:38:21,443 INFO c.h.h.t.HelmChartContainer - [test-hivemq-platform] [hivemq] [b7387f7a] INFO  - [HiveMQ Platform Operator Init App 1.7.0-SNAPSHOT] Updating Pod HiveMQ Platform Operator Init App version annotation (version: 1.7.0-SNAPSHOT)
2025-01-28 23:38:22,079 INFO c.h.h.t.HelmChartContainer - [POD] test-hivemq-platform-0 [b7387f7a-51c4-40c4-9361-966e01e0d346] in helmcontainersecuritycontextupgradeplatformit was MODIFIED
2025-01-28 23:38:22,084 INFO c.h.h.t.HelmChartContainer - [hivemq-test-hivemq-platform] [hivemq-platform-operator] [669ffea5] 23:38:22.083 [pool-6-thread-11] DEBUG c.h.p.o.d.PlatformServiceResource - [helmcont] Desired Platform services (3 services)
2025-01-28 23:38:22,085 INFO c.h.h.t.HelmChartContainer - [hivemq-test-hivemq-platform] [hivemq-platform-operator] [669ffea5] 23:38:22.084 [pool-6-thread-14] DEBUG c.h.p.o.dependants.PodInfoConfigMap - [helmcont] Desired PodInfo ConfigMap (1 extensions) (1 enabled)
2025-01-28 23:38:22,087 INFO c.h.h.t.HelmChartContainer - [hivemq-test-hivemq-platform] [hivemq-platform-operator] [669ffea5] 23:38:22.086 [pool-6-thread-17] DEBUG c.h.p.o.d.PodServiceAccountResource - [helmcont] Desired PodServiceAccountResource (serviceAccountName: hivemq-platform-pod-test-hivemq-platform)
2025-01-28 23:38:22,088 INFO c.h.h.t.HelmChartContainer - [hivemq-test-hivemq-platform] [hivemq-platform-operator] [669ffea5] 23:38:22.087 [pool-6-thread-14] DEBUG c.h.p.o.dependants.PodInfoConfigMap - [helmcont] Desired PodInfo ConfigMap (metrics port: 9399) (metrics path: /)
2025-01-28 23:38:22,088 INFO c.h.h.t.HelmChartContainer - [hivemq-test-hivemq-platform] [hivemq-platform-operator] [669ffea5] 23:38:22.087 [pool-6-thread-14] DEBUG c.h.p.o.dependants.PodInfoConfigMap - [helmcont] Desired PodInfo ConfigMap (extension state hash: -1817474005)
2025-01-28 23:38:22,093 INFO c.h.h.t.HelmChartContainer - [hivemq-test-hivemq-platform] [hivemq-platform-operator] [669ffea5] 23:38:22.092 [pool-6-thread-11] DEBUG c.h.p.o.d.StatefulSetResource - [helmcont] Desired StatefulSet (1 replicas) for status STARTING (READY)
2025-01-28 23:38:22,130 INFO c.h.h.t.HelmChartContainer - [hivemq-test-hivemq-platform] [hivemq-platform-operator] [669ffea5] 23:38:22.126 [ReconcilerExecutor-hivemq-controller-109] INFO  c.h.p.o.HiveMQPlatformReconciler - [helmcont] Reconciling HiveMQ Platform 'test-hivemq-platform' in namespace 'helmcontainersecuritycontextupgradeplatformit'
2025-01-28 23:38:22,130 INFO c.h.h.t.HelmChartContainer - [hivemq-test-hivemq-platform] [hivemq-platform-operator] [669ffea5] 23:38:22.127 [ReconcilerExecutor-hivemq-controller-109] DEBUG c.h.p.o.HiveMQPlatformReconciler - [helmcont] Custom Resource Status STARTING - HiveMQ Platform is starting (READY)
2025-01-28 23:38:22,130 INFO c.h.h.t.HelmChartContainer - [hivemq-test-hivemq-platform] [hivemq-platform-operator] [669ffea5] 23:38:22.127 [ReconcilerExecutor-hivemq-controller-109] DEBUG c.h.p.o.HiveMQPlatformReconciler - [helmcont] Custom Resource Spec (replicas: 1) (extensions: 1)
2025-01-28 23:38:22,130 INFO c.h.h.t.HelmChartContainer - [hivemq-test-hivemq-platform] [hivemq-platform-operator] [669ffea5] 23:38:22.129 [ReconcilerExecutor-hivemq-controller-109] DEBUG c.h.p.o.HiveMQPlatformReconciler - [helmcont] StatefulSet Status (revision: test-hivemq-platform-fc778bc4c, replicas: 1, available: 0, ready: 0, current: 1, updated: 1)
2025-01-28 23:38:22,130 INFO c.h.h.t.HelmChartContainer - [hivemq-test-hivemq-platform] [hivemq-platform-operator] [669ffea5] 23:38:22.129 [ReconcilerExecutor-hivemq-controller-109] DEBUG c.h.p.o.HiveMQPlatformReconciler - [helmcont] StatefulSet Spec (replicas: 1, init containers: 1, containers: 1, volumes: 3)
2025-01-28 23:38:22,133 INFO c.h.h.t.HelmChartContainer - [hivemq-test-hivemq-platform] [hivemq-platform-operator] [669ffea5] 23:38:22.131 [ReconcilerExecutor-hivemq-controller-109] DEBUG c.h.p.o.h.HiveMQPlatformReconcilerErrorHandler - [helmcont] Pod 'test-hivemq-platform-0' phase Running
2025-01-28 23:38:22,133 INFO c.h.h.t.HelmChartContainer - [hivemq-test-hivemq-platform] [hivemq-platform-operator] [669ffea5] 23:38:22.132 [ReconcilerExecutor-hivemq-controller-109] INFO  c.h.p.o.h.HiveMQPlatformReconcilerBaseHandler - [helmcont] HiveMQ Platform is starting, 0 of 1 replicas are ready
2025-01-28 23:38:22,163 INFO c.h.h.t.HelmChartContainer - [test-hivemq-platform] [hivemq] [b7387f7a] WARN  - [HiveMQ Platform Operator Init App 1.7.0-SNAPSHOT] Cannot connect to Health API for readiness: null
2025-01-28 23:38:22,165 INFO c.h.h.t.HelmChartContainer - [test-hivemq-platform] [hivemq] [b7387f7a] INFO  - [HiveMQ Platform Operator Init App 1.7.0-SNAPSHOT] Successfully updated Pod HiveMQ Platform Operator Init App version annotation (version: 1.7.0-SNAPSHOT)
2025-01-28 23:38:22,171 INFO c.h.h.t.HelmChartContainer - [EVENT] Warning [Unhealthy] Readiness probe failed: HTTP probe failed with statuscode: 503 [helmcontainersecuritycontextupgradeplatformit:test-hivemq-platform-0]
2025-01-28 23:38:22,171 INFO c.h.h.t.HelmChartContainer - Received Unhealthy event for container hivemq in pod test-hivemq-platform-0 [b7387f7a-51c4-40c4-9361-966e01e0d346]
2025-01-28 23:38:27,082 INFO c.h.h.t.HelmChartContainer - [test-hivemq-platform] [hivemq] [b7387f7a] WARN  - [HiveMQ Platform Operator Init App 1.7.0-SNAPSHOT] Cannot connect to Health API for readiness: null
2025-01-28 23:38:27,087 INFO c.h.h.t.HelmChartContainer - [EVENT] Warning [Unhealthy] Readiness probe failed: HTTP probe failed with statuscode: 503 [helmcontainersecuritycontextupgradeplatformit:test-hivemq-platform-0]
2025-01-28 23:38:27,087 INFO c.h.h.t.HelmChartContainer - Received Unhealthy event for container hivemq in pod test-hivemq-platform-0 [b7387f7a-51c4-40c4-9361-966e01e0d346]
2025-01-28 23:38:32,141 INFO c.h.h.t.HelmChartContainer - [hivemq-test-hivemq-platform] [hivemq-platform-operator] [669ffea5] 23:38:32.137 [pool-6-thread-25] DEBUG c.h.p.o.d.PlatformServiceResource - [helmcont] Desired Platform services (3 services)
2025-01-28 23:38:32,141 INFO c.h.h.t.HelmChartContainer - [hivemq-test-hivemq-platform] [hivemq-platform-operator] [669ffea5] 23:38:32.137 [pool-6-thread-27] DEBUG c.h.p.o.dependants.PodInfoConfigMap - [helmcont] Desired PodInfo ConfigMap (1 extensions) (1 enabled)
2025-01-28 23:38:32,141 INFO c.h.h.t.HelmChartContainer - [hivemq-test-hivemq-platform] [hivemq-platform-operator] [669ffea5] 23:38:32.138 [pool-6-thread-27] DEBUG c.h.p.o.dependants.PodInfoConfigMap - [helmcont] Desired PodInfo ConfigMap (metrics port: 9399) (metrics path: /)
2025-01-28 23:38:32,141 INFO c.h.h.t.HelmChartContainer - [hivemq-test-hivemq-platform] [hivemq-platform-operator] [669ffea5] 23:38:32.138 [pool-6-thread-27] DEBUG c.h.p.o.dependants.PodInfoConfigMap - [helmcont] Desired PodInfo ConfigMap (extension state hash: -1817474005)
2025-01-28 23:38:32,141 INFO c.h.h.t.HelmChartContainer - [hivemq-test-hivemq-platform] [hivemq-platform-operator] [669ffea5] 23:38:32.139 [pool-6-thread-26] DEBUG c.h.p.o.d.PodServiceAccountResource - [helmcont] Desired PodServiceAccountResource (serviceAccountName: hivemq-platform-pod-test-hivemq-platform)
2025-01-28 23:38:32,145 INFO c.h.h.t.HelmChartContainer - [hivemq-test-hivemq-platform] [hivemq-platform-operator] [669ffea5] 23:38:32.144 [pool-6-thread-25] DEBUG c.h.p.o.d.StatefulSetResource - [helmcont] Desired StatefulSet (1 replicas) for status STARTING (READY)
2025-01-28 23:38:32,148 INFO c.h.h.t.HelmChartContainer - [hivemq-test-hivemq-platform] [hivemq-platform-operator] [669ffea5] 23:38:32.148 [ReconcilerExecutor-hivemq-controller-110] INFO  c.h.p.o.HiveMQPlatformReconciler - [helmcont] Reconciling HiveMQ Platform 'test-hivemq-platform' in namespace 'helmcontainersecuritycontextupgradeplatformit'
2025-01-28 23:38:32,148 INFO c.h.h.t.HelmChartContainer - [hivemq-test-hivemq-platform] [hivemq-platform-operator] [669ffea5] 23:38:32.148 [ReconcilerExecutor-hivemq-controller-110] DEBUG c.h.p.o.HiveMQPlatformReconciler - [helmcont] Custom Resource Status STARTING - HiveMQ Platform is starting (READY)
2025-01-28 23:38:32,148 INFO c.h.h.t.HelmChartContainer - [hivemq-test-hivemq-platform] [hivemq-platform-operator] [669ffea5] 23:38:32.148 [ReconcilerExecutor-hivemq-controller-110] DEBUG c.h.p.o.HiveMQPlatformReconciler - [helmcont] Custom Resource Spec (replicas: 1) (extensions: 1)
2025-01-28 23:38:32,151 INFO c.h.h.t.HelmChartContainer - [hivemq-test-hivemq-platform] [hivemq-platform-operator] [669ffea5] 23:38:32.150 [ReconcilerExecutor-hivemq-controller-110] DEBUG c.h.p.o.HiveMQPlatformReconciler - [helmcont] StatefulSet Status (revision: test-hivemq-platform-fc778bc4c, replicas: 1, available: 0, ready: 0, current: 1, updated: 1)
2025-01-28 23:38:32,151 INFO c.h.h.t.HelmChartContainer - [hivemq-test-hivemq-platform] [hivemq-platform-operator] [669ffea5] 23:38:32.150 [ReconcilerExecutor-hivemq-controller-110] DEBUG c.h.p.o.HiveMQPlatformReconciler - [helmcont] StatefulSet Spec (replicas: 1, init containers: 1, containers: 1, volumes: 3)
2025-01-28 23:38:32,151 INFO c.h.h.t.HelmChartContainer - [hivemq-test-hivemq-platform] [hivemq-platform-operator] [669ffea5] 23:38:32.151 [ReconcilerExecutor-hivemq-controller-110] DEBUG c.h.p.o.h.HiveMQPlatformReconcilerErrorHandler - [helmcont] Pod 'test-hivemq-platform-0' phase Running
2025-01-28 23:38:32,152 INFO c.h.h.t.HelmChartContainer - [hivemq-test-hivemq-platform] [hivemq-platform-operator] [669ffea5] 23:38:32.152 [ReconcilerExecutor-hivemq-controller-110] INFO  c.h.p.o.h.HiveMQPlatformReconcilerBaseHandler - [helmcont] HiveMQ Platform is starting, 0 of 1 replicas are ready
2025-01-28 23:38:32,158 INFO c.h.h.t.HelmChartContainer - [test-hivemq-platform] [hivemq] [b7387f7a] WARN  - [HiveMQ Platform Operator Init App 1.7.0-SNAPSHOT] Cannot connect to Health API for readiness: null
2025-01-28 23:38:32,167 INFO c.h.h.t.HelmChartContainer - [EVENT] Warning [Unhealthy] Readiness probe failed: HTTP probe failed with statuscode: 503 [helmcontainersecuritycontextupgradeplatformit:test-hivemq-platform-0]
2025-01-28 23:38:32,167 INFO c.h.h.t.HelmChartContainer - Received Unhealthy event for container hivemq in pod test-hivemq-platform-0 [b7387f7a-51c4-40c4-9361-966e01e0d346]
2025-01-28 23:38:33,960 INFO c.h.h.t.HelmChartContainer - [test-hivemq-platform] [hivemq] [b7387f7a] WARN  - [HiveMQ Platform Operator Init App 1.7.0-SNAPSHOT] Cannot connect to Health API for liveness: null
2025-01-28 23:38:33,961 INFO c.h.h.t.HelmChartContainer - [test-hivemq-platform] [hivemq] [b7387f7a] INFO  - [HiveMQ Platform Operator Init App 1.7.0-SNAPSHOT] Returning default Health API response 200 for liveness
2025-01-28 23:38:34,558 INFO c.h.h.t.HelmChartContainer - [test-hivemq-platform] [hivemq] [b7387f7a] INFO  - No valid license file found. Using trial license, restricted to 25 connections.
2025-01-28 23:38:36,648 INFO c.h.h.t.HelmChartContainer - [K3S] [INFO] COMPACT compactRev=0 targetCompactRev=2 currentRev=1051
2025-01-28 23:38:36,648 INFO c.h.h.t.HelmChartContainer - [K3S] [INFO] COMPACT deleted 0 rows from 2 revisions in 447.928µs - compacted to 2/1051
2025-01-28 23:38:36,648 INFO c.h.h.t.HelmChartContainer - [K3S] [INFO] COMPACT compacted from 0 to 2 in 1 transactions over 1ms
2025-01-28 23:38:37,161 INFO c.h.h.t.HelmChartContainer - [test-hivemq-platform] [hivemq] [b7387f7a] WARN  - [HiveMQ Platform Operator Init App 1.7.0-SNAPSHOT] Cannot connect to Health API for readiness: null
2025-01-28 23:38:37,165 INFO c.h.h.t.HelmChartContainer - [EVENT] Warning [Unhealthy] Readiness probe failed: HTTP probe failed with statuscode: 503 [helmcontainersecuritycontextupgradeplatformit:test-hivemq-platform-0]
2025-01-28 23:38:37,165 INFO c.h.h.t.HelmChartContainer - Received Unhealthy event for container hivemq in pod test-hivemq-platform-0 [b7387f7a-51c4-40c4-9361-966e01e0d346]
2025-01-28 23:38:38,476 INFO c.h.h.t.HelmChartContainer - [test-hivemq-platform] [hivemq] [b7387f7a] INFO  - No valid license file for Data Hub found. Using free license, restricted to 1 policy.
2025-01-28 23:38:39,336 INFO c.h.h.t.HelmChartContainer - [K3S] [info.go:53] Couldn't collect info from any of the files in "/etc/machine-id,/var/lib/dbus/machine-id"
2025-01-28 23:38:39,679 INFO c.h.h.t.HelmChartContainer - [test-hivemq-platform] [hivemq] [b7387f7a] INFO  - Audit Logger started.
2025-01-28 23:38:39,993 INFO c.h.h.t.HelmChartContainer - [test-hivemq-platform] [hivemq] [b7387f7a] INFO  - This node uses '1' CPU cores.
2025-01-28 23:38:39,997 INFO c.h.h.t.HelmChartContainer - [test-hivemq-platform] [hivemq] [b7387f7a] INFO  - Starting HiveMQ Health API on address 0.0.0.0 and port 8889
2025-01-28 23:38:40,779 INFO c.h.h.t.HelmChartContainer - [test-hivemq-platform] [hivemq] [b7387f7a] INFO  - Started HiveMQ Health API in 782ms
2025-01-28 23:38:41,381 INFO c.h.h.t.HelmChartContainer - [test-hivemq-platform] [hivemq] [b7387f7a] INFO  - Starting HiveMQ extension system.
2025-01-28 23:38:41,671 INFO c.h.h.t.HelmChartContainer - [test-hivemq-platform] [hivemq] [b7387f7a] INFO  - Starting extension with id "hivemq-dns-cluster-discovery" at /opt/hivemq/extensions/hivemq-dns-cluster-discovery
2025-01-28 23:38:42,161 INFO c.h.h.t.HelmChartContainer - [hivemq-test-hivemq-platform] [hivemq-platform-operator] [669ffea5] 23:38:42.158 [pool-6-thread-35] DEBUG c.h.p.o.d.PlatformServiceResource - [helmcont] Desired Platform services (3 services)
2025-01-28 23:38:42,162 INFO c.h.h.t.HelmChartContainer - [hivemq-test-hivemq-platform] [hivemq-platform-operator] [669ffea5] 23:38:42.160 [pool-6-thread-34] DEBUG c.h.p.o.dependants.PodInfoConfigMap - [helmcont] Desired PodInfo ConfigMap (1 extensions) (1 enabled)
2025-01-28 23:38:42,166 INFO c.h.h.t.HelmChartContainer - [hivemq-test-hivemq-platform] [hivemq-platform-operator] [669ffea5] 23:38:42.160 [pool-6-thread-34] DEBUG c.h.p.o.dependants.PodInfoConfigMap - [helmcont] Desired PodInfo ConfigMap (metrics port: 9399) (metrics path: /)
2025-01-28 23:38:42,167 INFO c.h.h.t.HelmChartContainer - [hivemq-test-hivemq-platform] [hivemq-platform-operator] [669ffea5] 23:38:42.165 [pool-6-thread-34] DEBUG c.h.p.o.dependants.PodInfoConfigMap - [helmcont] Desired PodInfo ConfigMap (extension state hash: -1817474005)
2025-01-28 23:38:42,171 INFO c.h.h.t.HelmChartContainer - [hivemq-test-hivemq-platform] [hivemq-platform-operator] [669ffea5] 23:38:42.170 [pool-6-thread-37] DEBUG c.h.p.o.d.PodServiceAccountResource - [helmcont] Desired PodServiceAccountResource (serviceAccountName: hivemq-platform-pod-test-hivemq-platform)
2025-01-28 23:38:42,180 INFO c.h.h.t.HelmChartContainer - [hivemq-test-hivemq-platform] [hivemq-platform-operator] [669ffea5] 23:38:42.179 [pool-6-thread-35] DEBUG c.h.p.o.d.StatefulSetResource - [helmcont] Desired StatefulSet (1 replicas) for status STARTING (READY)
2025-01-28 23:38:42,185 INFO c.h.h.t.HelmChartContainer - [hivemq-test-hivemq-platform] [hivemq-platform-operator] [669ffea5] 23:38:42.183 [ReconcilerExecutor-hivemq-controller-111] INFO  c.h.p.o.HiveMQPlatformReconciler - [helmcont] Reconciling HiveMQ Platform 'test-hivemq-platform' in namespace 'helmcontainersecuritycontextupgradeplatformit'
2025-01-28 23:38:42,185 INFO c.h.h.t.HelmChartContainer - [hivemq-test-hivemq-platform] [hivemq-platform-operator] [669ffea5] 23:38:42.183 [ReconcilerExecutor-hivemq-controller-111] DEBUG c.h.p.o.HiveMQPlatformReconciler - [helmcont] Custom Resource Status STARTING - HiveMQ Platform is starting (READY)
2025-01-28 23:38:42,185 INFO c.h.h.t.HelmChartContainer - [hivemq-test-hivemq-platform] [hivemq-platform-operator] [669ffea5] 23:38:42.184 [ReconcilerExecutor-hivemq-controller-111] DEBUG c.h.p.o.HiveMQPlatformReconciler - [helmcont] Custom Resource Spec (replicas: 1) (extensions: 1)
2025-01-28 23:38:42,186 INFO c.h.h.t.HelmChartContainer - [hivemq-test-hivemq-platform] [hivemq-platform-operator] [669ffea5] 23:38:42.185 [ReconcilerExecutor-hivemq-controller-111] DEBUG c.h.p.o.HiveMQPlatformReconciler - [helmcont] StatefulSet Status (revision: test-hivemq-platform-fc778bc4c, replicas: 1, available: 0, ready: 0, current: 1, updated: 1)
2025-01-28 23:38:42,187 INFO c.h.h.t.HelmChartContainer - [hivemq-test-hivemq-platform] [hivemq-platform-operator] [669ffea5] 23:38:42.185 [ReconcilerExecutor-hivemq-controller-111] DEBUG c.h.p.o.HiveMQPlatformReconciler - [helmcont] StatefulSet Spec (replicas: 1, init containers: 1, containers: 1, volumes: 3)
2025-01-28 23:38:42,229 INFO c.h.h.t.HelmChartContainer - [hivemq-test-hivemq-platform] [hivemq-platform-operator] [669ffea5] 23:38:42.227 [ReconcilerExecutor-hivemq-controller-111] DEBUG c.h.p.o.h.HiveMQPlatformReconcilerErrorHandler - [helmcont] Pod 'test-hivemq-platform-0' phase Running
2025-01-28 23:38:42,229 INFO c.h.h.t.HelmChartContainer - [hivemq-test-hivemq-platform] [hivemq-platform-operator] [669ffea5] 23:38:42.228 [ReconcilerExecutor-hivemq-controller-111] INFO  c.h.p.o.h.HiveMQPlatformReconcilerBaseHandler - [helmcont] HiveMQ Platform is starting, 0 of 1 replicas are ready
2025-01-28 23:38:42,259 INFO c.h.h.t.HelmChartContainer - [test-hivemq-platform] [hivemq] [b7387f7a] INFO  - Extension "DNS Cluster Discovery Extension" version 4.3.2 started successfully.
2025-01-28 23:38:42,261 INFO c.h.h.t.HelmChartContainer - [test-hivemq-platform] [hivemq] [b7387f7a] INFO  - Starting extension with id "hivemq-prometheus-extension" at /opt/hivemq/extensions/hivemq-prometheus-extension
2025-01-28 23:38:42,266 INFO c.h.h.t.HelmChartContainer - [test-hivemq-platform] [hivemq] [b7387f7a] INFO  - Using TCP cluster transport on address 10.42.0.10 and port 7000
2025-01-28 23:38:42,365 INFO c.h.h.t.HelmChartContainer - [test-hivemq-platform] [hivemq] [b7387f7a] INFO  - Using extension cluster discovery
2025-01-28 23:38:43,122 INFO c.h.h.t.HelmChartContainer - [EVENT] Warning [Unhealthy] Readiness probe failed: Get "http://10.42.0.10:7979/readiness": context deadline exceeded (Client.Timeout exceeded while awaiting headers) [helmcontainersecuritycontextupgradeplatformit:test-hivemq-platform-0]
2025-01-28 23:38:43,122 INFO c.h.h.t.HelmChartContainer - Received Unhealthy event for container hivemq in pod test-hivemq-platform-0 [b7387f7a-51c4-40c4-9361-966e01e0d346]
2025-01-28 23:38:43,469 INFO c.h.h.t.HelmChartContainer - [test-hivemq-platform] [hivemq] [b7387f7a] INFO  - Started Jetty Server exposing Prometheus Servlet on URI http://0.0.0.0:9399/
2025-01-28 23:38:43,469 INFO c.h.h.t.HelmChartContainer - [test-hivemq-platform] [hivemq] [b7387f7a] INFO  - Extension "Prometheus Monitoring Extension" version 4.0.12 started successfully.
2025-01-28 23:38:43,469 INFO c.h.h.t.HelmChartContainer - [test-hivemq-platform] [hivemq] [b7387f7a] INFO  - Starting extension with id "hivemq-allow-all-extension" at /opt/hivemq/extensions/hivemq-allow-all-extension
2025-01-28 23:38:43,469 INFO c.h.h.t.HelmChartContainer - [test-hivemq-platform] [hivemq] [b7387f7a] WARN  - 
2025-01-28 23:38:43,469 INFO c.h.h.t.HelmChartContainer - [test-hivemq-platform] [hivemq] [b7387f7a] ################################################################################################################
2025-01-28 23:38:43,469 INFO c.h.h.t.HelmChartContainer - [test-hivemq-platform] [hivemq] [b7387f7a] # This HiveMQ deployment is not secure! You are lacking Authentication and Authorization.                      #
2025-01-28 23:38:43,469 INFO c.h.h.t.HelmChartContainer - [test-hivemq-platform] [hivemq] [b7387f7a] # Right now any MQTT client can connect to the broker with a full set of permissions.                          #
2025-01-28 23:38:43,469 INFO c.h.h.t.HelmChartContainer - [test-hivemq-platform] [hivemq] [b7387f7a] # For production usage, add an appropriate security extension and remove the hivemq-allow-all extension.       #
2025-01-28 23:38:43,469 INFO c.h.h.t.HelmChartContainer - [test-hivemq-platform] [hivemq] [b7387f7a] # You can download security extensions from the HiveMQ Marketplace (https://www.hivemq.com/extensions/).       #
2025-01-28 23:38:43,470 INFO c.h.h.t.HelmChartContainer - [test-hivemq-platform] [hivemq] [b7387f7a] ################################################################################################################
2025-01-28 23:38:43,470 INFO c.h.h.t.HelmChartContainer - [test-hivemq-platform] [hivemq] [b7387f7a] INFO  - Extension "Allow All Extension" version 1.1.1 started successfully.
2025-01-28 23:38:43,770 INFO c.h.h.t.HelmChartContainer - [test-hivemq-platform] [hivemq] [b7387f7a] INFO  - [HiveMQ Platform Operator Init App 1.7.0-SNAPSHOT] Returning Health API response 503 for readiness
2025-01-28 23:38:45,659 INFO c.h.h.t.HelmChartContainer - [test-hivemq-platform] [hivemq] [b7387f7a] INFO  - aSZpd: no members discovered after 2298 ms: creating cluster as first member
2025-01-28 23:38:45,666 INFO c.h.h.t.HelmChartContainer - [test-hivemq-platform] [hivemq] [b7387f7a] INFO  - Cluster nodes found by discovery: [aSZpd|0] (1) [aSZpd].
2025-01-28 23:38:45,768 INFO c.h.h.t.HelmChartContainer - [test-hivemq-platform] [hivemq] [b7387f7a] WARN  - No user for HiveMQ Control Center configured. Starting with default user
2025-01-28 23:38:45,768 INFO c.h.h.t.HelmChartContainer - [test-hivemq-platform] [hivemq] [b7387f7a] INFO  - Starting HiveMQ Control Center on address 0.0.0.0 and port 8080
2025-01-28 23:38:45,770 INFO c.h.h.t.HelmChartContainer - [test-hivemq-platform] [hivemq] [b7387f7a] INFO  - Mounting HiveMQ Control Center V2 Preview
2025-01-28 23:38:46,467 INFO c.h.h.t.HelmChartContainer - [test-hivemq-platform] [hivemq] [b7387f7a] INFO  - Started HiveMQ Control Center in 699ms
2025-01-28 23:38:46,566 INFO c.h.h.t.HelmChartContainer - [test-hivemq-platform] [hivemq] [b7387f7a] INFO  - Starting TCP listener on address 0.0.0.0 and port 1883
2025-01-28 23:38:46,582 INFO c.h.h.t.HelmChartContainer - [test-hivemq-platform] [hivemq] [b7387f7a] INFO  - Started TCP Listener on address 0.0.0.0 and on port 1883.
2025-01-28 23:38:46,582 INFO c.h.h.t.HelmChartContainer - [test-hivemq-platform] [hivemq] [b7387f7a] INFO  - Started HiveMQ in 32419ms
2025-01-28 23:38:47,084 INFO c.h.h.t.HelmChartContainer - [test-hivemq-platform] [hivemq] [b7387f7a] INFO  - [HiveMQ Platform Operator Init App 1.7.0-SNAPSHOT] Returning Health API response 200 for readiness
2025-01-28 23:38:47,096 INFO c.h.h.t.HelmChartContainer - [POD] test-hivemq-platform-0 [b7387f7a-51c4-40c4-9361-966e01e0d346] in helmcontainersecuritycontextupgradeplatformit was MODIFIED
2025-01-28 23:38:47,120 INFO c.h.h.t.HelmChartContainer - [hivemq-test-hivemq-platform] [hivemq-platform-operator] [669ffea5] 23:38:47.106 [pool-6-thread-45] DEBUG c.h.p.o.d.PlatformServiceResource - [helmcont] Desired Platform services (3 services)
2025-01-28 23:38:47,120 INFO c.h.h.t.HelmChartContainer - [hivemq-test-hivemq-platform] [hivemq-platform-operator] [669ffea5] 23:38:47.108 [pool-6-thread-43] DEBUG c.h.p.o.d.PodServiceAccountResource - [helmcont] Desired PodServiceAccountResource (serviceAccountName: hivemq-platform-pod-test-hivemq-platform)
2025-01-28 23:38:47,124 INFO c.h.h.t.HelmChartContainer - [hivemq-test-hivemq-platform] [hivemq-platform-operator] [669ffea5] 23:38:47.114 [pool-6-thread-46] DEBUG c.h.p.o.dependants.PodInfoConfigMap - [helmcont] Desired PodInfo ConfigMap (1 extensions) (1 enabled)
2025-01-28 23:38:47,124 INFO c.h.h.t.HelmChartContainer - [hivemq-test-hivemq-platform] [hivemq-platform-operator] [669ffea5] 23:38:47.115 [pool-6-thread-46] DEBUG c.h.p.o.dependants.PodInfoConfigMap - [helmcont] Desired PodInfo ConfigMap (metrics port: 9399) (metrics path: /)
2025-01-28 23:38:47,124 INFO c.h.h.t.HelmChartContainer - [hivemq-test-hivemq-platform] [hivemq-platform-operator] [669ffea5] 23:38:47.115 [pool-6-thread-46] DEBUG c.h.p.o.dependants.PodInfoConfigMap - [helmcont] Desired PodInfo ConfigMap (extension state hash: -1817474005)
2025-01-28 23:38:47,133 INFO c.h.h.t.HelmChartContainer - [hivemq-test-hivemq-platform] [hivemq-platform-operator] [669ffea5] 23:38:47.127 [pool-6-thread-46] DEBUG c.h.p.o.d.StatefulSetResource - [helmcont] Desired StatefulSet (1 replicas) for status STARTING (READY)
2025-01-28 23:38:47,215 INFO c.h.h.t.HelmChartContainer - [hivemq-test-hivemq-platform] [hivemq-platform-operator] [669ffea5] 23:38:47.208 [ReconcilerExecutor-hivemq-controller-112] INFO  c.h.p.o.HiveMQPlatformReconciler - [helmcont] Reconciling HiveMQ Platform 'test-hivemq-platform' in namespace 'helmcontainersecuritycontextupgradeplatformit'
2025-01-28 23:38:47,216 INFO c.h.h.t.HelmChartContainer - [hivemq-test-hivemq-platform] [hivemq-platform-operator] [669ffea5] 23:38:47.209 [ReconcilerExecutor-hivemq-controller-112] DEBUG c.h.p.o.HiveMQPlatformReconciler - [helmcont] Custom Resource Status STARTING - HiveMQ Platform is starting (READY)
2025-01-28 23:38:47,216 INFO c.h.h.t.HelmChartContainer - [hivemq-test-hivemq-platform] [hivemq-platform-operator] [669ffea5] 23:38:47.209 [ReconcilerExecutor-hivemq-controller-112] DEBUG c.h.p.o.HiveMQPlatformReconciler - [helmcont] Custom Resource Spec (replicas: 1) (extensions: 1)
2025-01-28 23:38:47,218 INFO c.h.h.t.HelmChartContainer - [hivemq-test-hivemq-platform] [hivemq-platform-operator] [669ffea5] 23:38:47.212 [ReconcilerExecutor-hivemq-controller-112] DEBUG c.h.p.o.HiveMQPlatformReconciler - [helmcont] StatefulSet Status (revision: test-hivemq-platform-fc778bc4c, replicas: 1, available: 1, ready: 1, current: 1, updated: 1)
2025-01-28 23:38:47,218 INFO c.h.h.t.HelmChartContainer - [hivemq-test-hivemq-platform] [hivemq-platform-operator] [669ffea5] 23:38:47.212 [ReconcilerExecutor-hivemq-controller-112] DEBUG c.h.p.o.HiveMQPlatformReconciler - [helmcont] StatefulSet Spec (replicas: 1, init containers: 1, containers: 1, volumes: 3)
2025-01-28 23:38:47,218 INFO c.h.h.t.HelmChartContainer - [hivemq-test-hivemq-platform] [hivemq-platform-operator] [669ffea5] 23:38:47.214 [ReconcilerExecutor-hivemq-controller-112] DEBUG c.h.p.o.h.HiveMQPlatformReconcilerErrorHandler - [helmcont] Pod 'test-hivemq-platform-0' phase Running
2025-01-28 23:38:47,218 INFO c.h.h.t.HelmChartContainer - [hivemq-test-hivemq-platform] [hivemq-platform-operator] [669ffea5] 23:38:47.215 [ReconcilerExecutor-hivemq-controller-112] INFO  c.h.p.o.h.HiveMQPlatformReconcilerBaseHandler - [helmcont] HiveMQ Platform started successfully
2025-01-28 23:38:47,315 INFO c.h.h.t.HelmChartContainer - [hivemq-test-hivemq-platform] [hivemq-platform-operator] [669ffea5] 23:38:47.314 [ReconcilerExecutor-hivemq-controller-112] DEBUG c.h.p.operator.event.EventSender - [helmcont] Creating K8s event hivemq-platform-ready: [Ready] HiveMQ Platform is ready
2025-01-28 23:38:47,318 INFO c.h.h.t.HelmChartContainer - [EVENT] Normal [Ready] HiveMQ Platform is ready [helmcontainersecuritycontextupgradeplatformit:test-hivemq-platform]
2025-01-28 23:38:47,319 INFO c.h.h.t.HelmChartContainer - [hivemq-test-hivemq-platform] [hivemq-platform-operator] [669ffea5] 23:38:47.318 [ReconcilerExecutor-hivemq-controller-112] INFO  c.h.p.o.h.AbstractHiveMQReconcilerStateHandler - [helmcont] Update HiveMQ Platform Status (STARTING [READY] -> RUNNING [READY]): HiveMQ Platform is ready
2025-01-28 23:38:47,335 DEBUG com.hivemq.helmcharts.util.K8sUtil - Comparing actual state 'RUNNING' and waiting for 'RUNNING'
2025-01-28 23:38:47,411 INFO c.h.h.t.HelmChartContainer - [hivemq-test-hivemq-platform] [hivemq-platform-operator] [669ffea5] 23:38:47.408 [pool-6-thread-3] DEBUG c.h.p.o.d.PlatformServiceResource - [helmcont] Desired Platform services (3 services)
2025-01-28 23:38:47,411 INFO c.h.h.t.HelmChartContainer - [hivemq-test-hivemq-platform] [hivemq-platform-operator] [669ffea5] 23:38:47.410 [pool-6-thread-6] DEBUG c.h.p.o.dependants.PodInfoConfigMap - [helmcont] Desired PodInfo ConfigMap (1 extensions) (1 enabled)
2025-01-28 23:38:47,415 INFO c.h.h.t.HelmChartContainer - [hivemq-test-hivemq-platform] [hivemq-platform-operator] [669ffea5] 23:38:47.410 [pool-6-thread-6] DEBUG c.h.p.o.dependants.PodInfoConfigMap - [helmcont] Desired PodInfo ConfigMap (metrics port: 9399) (metrics path: /)
2025-01-28 23:38:47,415 INFO c.h.h.t.HelmChartContainer - [hivemq-test-hivemq-platform] [hivemq-platform-operator] [669ffea5] 23:38:47.410 [pool-6-thread-6] DEBUG c.h.p.o.dependants.PodInfoConfigMap - [helmcont] Desired PodInfo ConfigMap (extension state hash: -1817474005)
2025-01-28 23:38:47,415 INFO c.h.h.t.HelmChartContainer - [hivemq-test-hivemq-platform] [hivemq-platform-operator] [669ffea5] 23:38:47.411 [pool-6-thread-6] DEBUG c.h.p.o.dependants.PodInfoConfigMap - [helmcont] Update PodInfo ConfigMap
2025-01-28 23:38:47,415 INFO c.h.h.t.HelmChartContainer - [hivemq-test-hivemq-platform] [hivemq-platform-operator] [669ffea5] 23:38:47.413 [pool-6-thread-2] DEBUG c.h.p.o.d.PodServiceAccountResource - [helmcont] Desired PodServiceAccountResource (serviceAccountName: hivemq-platform-pod-test-hivemq-platform)
2025-01-28 23:38:47,430 INFO c.h.h.t.HelmChartContainer - [hivemq-test-hivemq-platform] [hivemq-platform-operator] [669ffea5] 23:38:47.429 [pool-6-thread-6] DEBUG c.h.p.o.d.StatefulSetResource - [helmcont] Desired StatefulSet (1 replicas) for status RUNNING (READY)
2025-01-28 23:38:47,433 INFO c.h.h.t.HelmChartContainer - [hivemq-test-hivemq-platform] [hivemq-platform-operator] [669ffea5] 23:38:47.432 [ReconcilerExecutor-hivemq-controller-113] INFO  c.h.p.o.HiveMQPlatformReconciler - [helmcont] Reconciling HiveMQ Platform 'test-hivemq-platform' in namespace 'helmcontainersecuritycontextupgradeplatformit'
2025-01-28 23:38:47,440 DEBUG com.hivemq.helmcharts.util.PodUtil - Received status for command '[sh, -c, stat -c "%u:%g" /proc/1]' on pod 'test-hivemq-platform-0' (exit code: 0)
2025-01-28 23:38:47,454 DEBUG com.hivemq.helmcharts.util.K8sUtil - Comparing actual state 'RUNNING' and waiting for 'ROLLING_RESTART'
2025-01-28 23:38:47,508 INFO c.h.h.t.HelmChartContainer - [hivemq-test-hivemq-platform] [hivemq-platform-operator] [669ffea5] 23:38:47.433 [ReconcilerExecutor-hivemq-controller-113] DEBUG c.h.p.o.HiveMQPlatformReconciler - [helmcont] Custom Resource Status RUNNING - HiveMQ Platform is ready (READY)
2025-01-28 23:38:47,508 INFO c.h.h.t.HelmChartContainer - [hivemq-test-hivemq-platform] [hivemq-platform-operator] [669ffea5] 23:38:47.504 [ReconcilerExecutor-hivemq-controller-113] DEBUG c.h.p.o.HiveMQPlatformReconciler - [helmcont] Custom Resource Spec (replicas: 1) (extensions: 1)
2025-01-28 23:38:47,508 INFO c.h.h.t.HelmChartContainer - [hivemq-test-hivemq-platform] [hivemq-platform-operator] [669ffea5] 23:38:47.506 [ReconcilerExecutor-hivemq-controller-113] DEBUG c.h.p.o.HiveMQPlatformReconciler - [helmcont] StatefulSet Status (revision: test-hivemq-platform-fc778bc4c, replicas: 1, available: 1, ready: 1, current: 1, updated: 1)
2025-01-28 23:38:47,508 INFO c.h.h.t.HelmChartContainer - [hivemq-test-hivemq-platform] [hivemq-platform-operator] [669ffea5] 23:38:47.506 [ReconcilerExecutor-hivemq-controller-113] DEBUG c.h.p.o.HiveMQPlatformReconciler - [helmcont] StatefulSet Spec (replicas: 1, init containers: 1, containers: 1, volumes: 3)
2025-01-28 23:38:47,510 INFO c.h.h.t.HelmChartContainer - [hivemq-test-hivemq-platform] [hivemq-platform-operator] [669ffea5] 23:38:47.509 [ReconcilerExecutor-hivemq-controller-113] DEBUG c.h.p.o.h.HiveMQPlatformReconcilerErrorHandler - [helmcont] Pod 'test-hivemq-platform-0' phase Running
2025-01-28 23:38:47,514 INFO c.h.h.t.HelmChartContainer - [hivemq-test-hivemq-platform] [hivemq-platform-operator] [669ffea5] 23:38:47.513 [pool-6-thread-18] DEBUG c.h.p.o.d.PlatformServiceResource - [helmcont] Desired Platform services (3 services)
2025-01-28 23:38:47,516 INFO c.h.h.t.HelmChartContainer - [hivemq-test-hivemq-platform] [hivemq-platform-operator] [669ffea5] 23:38:47.515 [pool-6-thread-15] DEBUG c.h.p.o.dependants.PodInfoConfigMap - [helmcont] Desired PodInfo ConfigMap (1 extensions) (1 enabled)
2025-01-28 23:38:47,517 INFO c.h.h.t.HelmChartContainer - [hivemq-test-hivemq-platform] [hivemq-platform-operator] [669ffea5] 23:38:47.515 [pool-6-thread-15] DEBUG c.h.p.o.dependants.PodInfoConfigMap - [helmcont] Desired PodInfo ConfigMap (metrics port: 9399) (metrics path: /)
2025-01-28 23:38:47,517 INFO c.h.h.t.HelmChartContainer - [hivemq-test-hivemq-platform] [hivemq-platform-operator] [669ffea5] 23:38:47.515 [pool-6-thread-15] DEBUG c.h.p.o.dependants.PodInfoConfigMap - [helmcont] Desired PodInfo ConfigMap (extension state hash: -1817474005)
2025-01-28 23:38:47,517 INFO c.h.h.t.HelmChartContainer - [hivemq-test-hivemq-platform] [hivemq-platform-operator] [669ffea5] 23:38:47.516 [pool-6-thread-15] DEBUG c.h.p.o.d.PodServiceAccountResource - [helmcont] Desired PodServiceAccountResource (serviceAccountName: hivemq-platform-pod-test-hivemq-platform)
2025-01-28 23:38:47,606 INFO c.h.h.t.HelmChartContainer - [hivemq-test-hivemq-platform] [hivemq-platform-operator] [669ffea5] 23:38:47.605 [pool-6-thread-18] DEBUG c.h.p.o.d.StatefulSetResource - [helmcont] Desired StatefulSet (1 replicas) for status RUNNING (READY)
2025-01-28 23:38:47,610 INFO c.h.h.t.HelmChartContainer - [hivemq-test-hivemq-platform] [hivemq-platform-operator] [669ffea5] 23:38:47.609 [pool-6-thread-18] DEBUG c.h.p.o.d.StatefulSetResource - [helmcont] Update StatefulSet (replicas: 1 -> 1)
2025-01-28 23:38:47,612 INFO c.h.h.t.HelmChartContainer - [hivemq-test-hivemq-platform] [hivemq-platform-operator] [669ffea5] 23:38:47.610 [pool-6-thread-18] DEBUG c.h.p.o.d.StatefulSetResource - [helmcont] Detected change in StatefulSet specification (path: /template/metadata/annotations/kubernetes-resource-versions) (actual value: {broker-configuration-v2=-2089688360}) (target value: {broker-configuration-v2=1242811043})
2025-01-28 23:38:47,612 INFO c.h.h.t.HelmChartContainer - [hivemq-test-hivemq-platform] [hivemq-platform-operator] [669ffea5] 23:38:47.610 [pool-6-thread-18] INFO  c.h.p.o.d.StatefulSetResource - [helmcont] StatefulSet spec was updated, triggering rolling restart
2025-01-28 23:38:47,628 INFO c.h.h.t.HelmChartContainer - [hivemq-test-hivemq-platform] [hivemq-platform-operator] [669ffea5] 23:38:47.627 [ReconcilerExecutor-hivemq-controller-114] INFO  c.h.p.o.HiveMQPlatformReconciler - [helmcont] Reconciling HiveMQ Platform 'test-hivemq-platform' in namespace 'helmcontainersecuritycontextupgradeplatformit'
2025-01-28 23:38:47,630 INFO c.h.h.t.HelmChartContainer - [hivemq-test-hivemq-platform] [hivemq-platform-operator] [669ffea5] 23:38:47.628 [ReconcilerExecutor-hivemq-controller-114] DEBUG c.h.p.o.HiveMQPlatformReconciler - [helmcont] Custom Resource Status RUNNING - HiveMQ Platform is ready (READY) (reconciliation requests: REQUESTS_UPDATED, ROLLING_RESTART)
2025-01-28 23:38:47,630 INFO c.h.h.t.HelmChartContainer - [hivemq-test-hivemq-platform] [hivemq-platform-operator] [669ffea5] 23:38:47.629 [ReconcilerExecutor-hivemq-controller-114] DEBUG c.h.p.o.HiveMQPlatformReconciler - [helmcont] Custom Resource Spec (replicas: 1) (extensions: 1)
2025-01-28 23:38:47,632 INFO c.h.h.t.HelmChartContainer - [hivemq-test-hivemq-platform] [hivemq-platform-operator] [669ffea5] 23:38:47.631 [ReconcilerExecutor-hivemq-controller-114] DEBUG c.h.p.o.HiveMQPlatformReconciler - [helmcont] StatefulSet Status (revision: test-hivemq-platform-fc778bc4c, replicas: 1, available: 1, ready: 1, current: 1, updated: 1)
2025-01-28 23:38:47,632 INFO c.h.h.t.HelmChartContainer - [hivemq-test-hivemq-platform] [hivemq-platform-operator] [669ffea5] 23:38:47.631 [ReconcilerExecutor-hivemq-controller-114] DEBUG c.h.p.o.HiveMQPlatformReconciler - [helmcont] StatefulSet Spec (replicas: 1, init containers: 1, containers: 1, volumes: 3)
2025-01-28 23:38:47,634 INFO c.h.h.t.HelmChartContainer - [hivemq-test-hivemq-platform] [hivemq-platform-operator] [669ffea5] 23:38:47.633 [ReconcilerExecutor-hivemq-controller-114] DEBUG c.h.p.o.h.HiveMQPlatformReconcilerErrorHandler - [helmcont] Pod 'test-hivemq-platform-0' phase Running
2025-01-28 23:38:47,706 INFO c.h.h.t.HelmChartContainer - [hivemq-test-hivemq-platform] [hivemq-platform-operator] [669ffea5] 23:38:47.705 [ReconcilerExecutor-hivemq-controller-114] INFO  c.h.p.o.h.HiveMQPlatformReconcilerBaseHandler - [helmcont] Started rolling restart (scaling to 2 replicas)
2025-01-28 23:38:47,727 INFO c.h.h.t.HelmChartContainer - [hivemq-test-hivemq-platform] [hivemq-platform-operator] [669ffea5] 23:38:47.726 [ReconcilerExecutor-hivemq-controller-114] DEBUG c.h.p.operator.event.EventSender - [helmcont] Creating K8s event rolling-restart-started: [RollingRestart] HiveMQ Platform is starting a surge Pod (rolling restart)
2025-01-28 23:38:47,731 INFO c.h.h.t.HelmChartContainer - [EVENT] Normal [RollingRestart] HiveMQ Platform is starting a surge Pod (rolling restart) [helmcontainersecuritycontextupgradeplatformit:test-hivemq-platform]
2025-01-28 23:38:47,732 INFO c.h.h.t.HelmChartContainer - [hivemq-test-hivemq-platform] [hivemq-platform-operator] [669ffea5] 23:38:47.731 [ReconcilerExecutor-hivemq-controller-114] INFO  c.h.p.o.h.AbstractHiveMQReconcilerStateHandler - [helmcont] Update HiveMQ Platform Status (RUNNING [READY] -> ROLLING_RESTART [SURGE_IN_PROGRESS]): HiveMQ Platform is starting a surge Pod (rolling restart)
2025-01-28 23:38:47,812 DEBUG com.hivemq.helmcharts.util.K8sUtil - Comparing actual state 'ROLLING_RESTART' and waiting for 'ROLLING_RESTART'
2025-01-28 23:38:47,820 DEBUG com.hivemq.helmcharts.util.K8sUtil - Comparing actual state 'ROLLING_RESTART' and waiting for 'RUNNING'
2025-01-28 23:38:47,821 INFO c.h.h.t.HelmChartContainer - [hivemq-test-hivemq-platform] [hivemq-platform-operator] [669ffea5] 23:38:47.816 [pool-6-thread-26] DEBUG c.h.p.o.d.PlatformServiceResource - [helmcont] Desired Platform services (3 services)
2025-01-28 23:38:47,821 INFO c.h.h.t.HelmChartContainer - [hivemq-test-hivemq-platform] [hivemq-platform-operator] [669ffea5] 23:38:47.817 [pool-6-thread-23] DEBUG c.h.p.o.dependants.PodInfoConfigMap - [helmcont] Desired PodInfo ConfigMap (1 extensions) (1 enabled)
2025-01-28 23:38:47,821 INFO c.h.h.t.HelmChartContainer - [hivemq-test-hivemq-platform] [hivemq-platform-operator] [669ffea5] 23:38:47.817 [pool-6-thread-23] DEBUG c.h.p.o.dependants.PodInfoConfigMap - [helmcont] Desired PodInfo ConfigMap (metrics port: 9399) (metrics path: /)
2025-01-28 23:38:47,821 INFO c.h.h.t.HelmChartContainer - [hivemq-test-hivemq-platform] [hivemq-platform-operator] [669ffea5] 23:38:47.817 [pool-6-thread-23] DEBUG c.h.p.o.dependants.PodInfoConfigMap - [helmcont] Desired PodInfo ConfigMap (extension state hash: -1817474005)
2025-01-28 23:38:47,821 INFO c.h.h.t.HelmChartContainer - [hivemq-test-hivemq-platform] [hivemq-platform-operator] [669ffea5] 23:38:47.818 [pool-6-thread-23] DEBUG c.h.p.o.dependants.PodInfoConfigMap - [helmcont] Update PodInfo ConfigMap
2025-01-28 23:38:47,821 INFO c.h.h.t.HelmChartContainer - [hivemq-test-hivemq-platform] [hivemq-platform-operator] [669ffea5] 23:38:47.819 [pool-6-thread-28] DEBUG c.h.p.o.d.PodServiceAccountResource - [helmcont] Desired PodServiceAccountResource (serviceAccountName: hivemq-platform-pod-test-hivemq-platform)
2025-01-28 23:38:47,907 INFO c.h.h.t.HelmChartContainer - [hivemq-test-hivemq-platform] [hivemq-platform-operator] [669ffea5] 23:38:47.905 [pool-6-thread-23] DEBUG c.h.p.o.d.StatefulSetResource - [helmcont] Desired StatefulSet (2 replicas) for status ROLLING_RESTART (SURGE_IN_PROGRESS)
2025-01-28 23:38:47,910 INFO c.h.h.t.HelmChartContainer - [hivemq-test-hivemq-platform] [hivemq-platform-operator] [669ffea5] 23:38:47.910 [pool-6-thread-23] DEBUG c.h.p.o.d.StatefulSetResource - [helmcont] Update StatefulSet (replicas: 1 -> 2)
2025-01-28 23:38:47,923 INFO c.h.h.t.HelmChartContainer - [hivemq-test-hivemq-platform] [hivemq-platform-operator] [669ffea5] 23:38:47.922 [ReconcilerExecutor-hivemq-controller-115] INFO  c.h.p.o.HiveMQPlatformReconciler - [helmcont] Reconciling HiveMQ Platform 'test-hivemq-platform' in namespace 'helmcontainersecuritycontextupgradeplatformit'
2025-01-28 23:38:47,924 INFO c.h.h.t.HelmChartContainer - [hivemq-test-hivemq-platform] [hivemq-platform-operator] [669ffea5] 23:38:47.922 [ReconcilerExecutor-hivemq-controller-115] DEBUG c.h.p.o.HiveMQPlatformReconciler - [helmcont] Custom Resource Status ROLLING_RESTART - HiveMQ Platform is starting a surge Pod (rolling restart) (SURGE_IN_PROGRESS)
2025-01-28 23:38:47,924 INFO c.h.h.t.HelmChartContainer - [hivemq-test-hivemq-platform] [hivemq-platform-operator] [669ffea5] 23:38:47.922 [ReconcilerExecutor-hivemq-controller-115] DEBUG c.h.p.o.HiveMQPlatformReconciler - [helmcont] Custom Resource Spec (replicas: 1) (extensions: 1)
2025-01-28 23:38:47,929 INFO c.h.h.t.HelmChartContainer - [POD] test-hivemq-platform-1 [6e3cb7dd-caaa-4a72-9133-e702609eb6ff] in helmcontainersecuritycontextupgradeplatformit was ADDED
2025-01-28 23:38:47,940 INFO c.h.h.t.HelmChartContainer - [hivemq-test-hivemq-platform] [hivemq-platform-operator] [669ffea5] 23:38:47.928 [ReconcilerExecutor-hivemq-controller-115] DEBUG c.h.p.o.HiveMQPlatformReconciler - [helmcont] StatefulSet Status (revision: test-hivemq-platform-85948b8786, replicas: 1, available: 1, ready: 1, current: 1, updated: 0)
2025-01-28 23:38:47,940 INFO c.h.h.t.HelmChartContainer - [hivemq-test-hivemq-platform] [hivemq-platform-operator] [669ffea5] 23:38:47.928 [ReconcilerExecutor-hivemq-controller-115] DEBUG c.h.p.o.HiveMQPlatformReconciler - [helmcont] StatefulSet Spec (replicas: 2, init containers: 1, containers: 1, volumes: 3)
2025-01-28 23:38:47,941 INFO c.h.h.t.HelmChartContainer - [hivemq-test-hivemq-platform] [hivemq-platform-operator] [669ffea5] 23:38:47.929 [ReconcilerExecutor-hivemq-controller-115] DEBUG c.h.p.o.h.HiveMQPlatformReconcilerErrorHandler - [helmcont] Pod 'test-hivemq-platform-0' phase Running
2025-01-28 23:38:47,941 INFO c.h.h.t.HelmChartContainer - [hivemq-test-hivemq-platform] [hivemq-platform-operator] [669ffea5] 23:38:47.933 [ReconcilerExecutor-hivemq-controller-115] DEBUG c.h.p.o.h.HiveMQPlatformReconcilerRollingRestartHandler - [helmcont] Rolling restart is waiting for 1 of 2 replicas
2025-01-28 23:38:47,941 INFO c.h.h.t.HelmChartContainer - [POD] test-hivemq-platform-1 [6e3cb7dd-caaa-4a72-9133-e702609eb6ff] in helmcontainersecuritycontextupgradeplatformit was MODIFIED
2025-01-28 23:38:47,942 INFO c.h.h.t.HelmChartContainer - [EVENT] Normal [SuccessfulCreate] create Pod test-hivemq-platform-1 in StatefulSet test-hivemq-platform successful [helmcontainersecuritycontextupgradeplatformit:test-hivemq-platform]
2025-01-28 23:38:47,942 INFO c.h.h.t.HelmChartContainer - [EVENT] Normal [Scheduled] Successfully assigned helmcontainersecuritycontextupgradeplatformit/test-hivemq-platform-1 to 6b15a01a10f5 [helmcontainersecuritycontextupgradeplatformit:test-hivemq-platform-1]
2025-01-28 23:38:47,952 INFO c.h.h.t.HelmChartContainer - [POD] test-hivemq-platform-1 [6e3cb7dd-caaa-4a72-9133-e702609eb6ff] in helmcontainersecuritycontextupgradeplatformit was MODIFIED
2025-01-28 23:38:48,011 INFO c.h.h.t.HelmChartContainer - [hivemq-test-hivemq-platform] [hivemq-platform-operator] [669ffea5] 23:38:48.010 [pool-6-thread-37] DEBUG c.h.p.o.d.PlatformServiceResource - [helmcont] Desired Platform services (3 services)
2025-01-28 23:38:48,029 INFO c.h.h.t.HelmChartContainer - [hivemq-test-hivemq-platform] [hivemq-platform-operator] [669ffea5] 23:38:48.011 [pool-6-thread-31] DEBUG c.h.p.o.dependants.PodInfoConfigMap - [helmcont] Desired PodInfo ConfigMap (1 extensions) (1 enabled)
2025-01-28 23:38:48,029 INFO c.h.h.t.HelmChartContainer - [hivemq-test-hivemq-platform] [hivemq-platform-operator] [669ffea5] 23:38:48.012 [pool-6-thread-39] DEBUG c.h.p.o.d.PodServiceAccountResource - [helmcont] Desired PodServiceAccountResource (serviceAccountName: hivemq-platform-pod-test-hivemq-platform)
2025-01-28 23:38:48,029 INFO c.h.h.t.HelmChartContainer - [hivemq-test-hivemq-platform] [hivemq-platform-operator] [669ffea5] 23:38:48.026 [pool-6-thread-31] DEBUG c.h.p.o.dependants.PodInfoConfigMap - [helmcont] Desired PodInfo ConfigMap (metrics port: 9399) (metrics path: /)
2025-01-28 23:38:48,029 INFO c.h.h.t.HelmChartContainer - [hivemq-test-hivemq-platform] [hivemq-platform-operator] [669ffea5] 23:38:48.026 [pool-6-thread-31] DEBUG c.h.p.o.dependants.PodInfoConfigMap - [helmcont] Desired PodInfo ConfigMap (extension state hash: -1817474005)
2025-01-28 23:38:48,034 INFO c.h.h.t.HelmChartContainer - [hivemq-test-hivemq-platform] [hivemq-platform-operator] [669ffea5] 23:38:48.033 [pool-6-thread-35] DEBUG c.h.p.o.d.StatefulSetResource - [helmcont] Desired StatefulSet (2 replicas) for status ROLLING_RESTART (SURGE_IN_PROGRESS)
2025-01-28 23:38:48,040 INFO c.h.h.t.HelmChartContainer - [K3S] [reconciler_common.go:251] "operationExecutor.VerifyControllerAttachedVolume started for volume \"operator-init\" (UniqueName: \"kubernetes.io/empty-dir/6e3cb7dd-caaa-4a72-9133-e702609eb6ff-operator-init\") pod \"test-hivemq-platform-1\" (UID: \"6e3cb7dd-caaa-4a72-9133-e702609eb6ff\") " pod="helmcontainersecuritycontextupgradeplatformit/test-hivemq-platform-1"
2025-01-28 23:38:48,040 INFO c.h.h.t.HelmChartContainer - [K3S] [reconciler_common.go:251] "operationExecutor.VerifyControllerAttachedVolume started for volume \"broker-configuration\" (UniqueName: \"kubernetes.io/configmap/6e3cb7dd-caaa-4a72-9133-e702609eb6ff-broker-configuration\") pod \"test-hivemq-platform-1\" (UID: \"6e3cb7dd-caaa-4a72-9133-e702609eb6ff\") " pod="helmcontainersecuritycontextupgradeplatformit/test-hivemq-platform-1"
2025-01-28 23:38:48,040 INFO c.h.h.t.HelmChartContainer - [K3S] [reconciler_common.go:251] "operationExecutor.VerifyControllerAttachedVolume started for volume \"kube-api-access-llrg2\" (UniqueName: \"kubernetes.io/projected/6e3cb7dd-caaa-4a72-9133-e702609eb6ff-kube-api-access-llrg2\") pod \"test-hivemq-platform-1\" (UID: \"6e3cb7dd-caaa-4a72-9133-e702609eb6ff\") " pod="helmcontainersecuritycontextupgradeplatformit/test-hivemq-platform-1"
2025-01-28 23:38:48,041 INFO c.h.h.t.HelmChartContainer - [K3S] [reconciler_common.go:251] "operationExecutor.VerifyControllerAttachedVolume started for volume \"pod-info\" (UniqueName: \"kubernetes.io/configmap/6e3cb7dd-caaa-4a72-9133-e702609eb6ff-pod-info\") pod \"test-hivemq-platform-1\" (UID: \"6e3cb7dd-caaa-4a72-9133-e702609eb6ff\") " pod="helmcontainersecuritycontextupgradeplatformit/test-hivemq-platform-1"
2025-01-28 23:38:48,110 INFO c.h.h.t.HelmChartContainer - [hivemq-test-hivemq-platform] [hivemq-platform-operator] [669ffea5] 23:38:48.106 [ReconcilerExecutor-hivemq-controller-116] INFO  c.h.p.o.HiveMQPlatformReconciler - [helmcont] Reconciling HiveMQ Platform 'test-hivemq-platform' in namespace 'helmcontainersecuritycontextupgradeplatformit'
2025-01-28 23:38:48,110 INFO c.h.h.t.HelmChartContainer - [hivemq-test-hivemq-platform] [hivemq-platform-operator] [669ffea5] 23:38:48.106 [ReconcilerExecutor-hivemq-controller-116] DEBUG c.h.p.o.HiveMQPlatformReconciler - [helmcont] Custom Resource Status ROLLING_RESTART - HiveMQ Platform is starting a surge Pod (rolling restart) (SURGE_IN_PROGRESS)
2025-01-28 23:38:48,110 INFO c.h.h.t.HelmChartContainer - [hivemq-test-hivemq-platform] [hivemq-platform-operator] [669ffea5] 23:38:48.107 [ReconcilerExecutor-hivemq-controller-116] DEBUG c.h.p.o.HiveMQPlatformReconciler - [helmcont] Custom Resource Spec (replicas: 1) (extensions: 1)
2025-01-28 23:38:48,110 INFO c.h.h.t.HelmChartContainer - [hivemq-test-hivemq-platform] [hivemq-platform-operator] [669ffea5] 23:38:48.109 [ReconcilerExecutor-hivemq-controller-116] DEBUG c.h.p.o.HiveMQPlatformReconciler - [helmcont] StatefulSet Status (revision: test-hivemq-platform-85948b8786, replicas: 2, available: 1, ready: 1, current: 1, updated: 1)
2025-01-28 23:38:48,110 INFO c.h.h.t.HelmChartContainer - [hivemq-test-hivemq-platform] [hivemq-platform-operator] [669ffea5] 23:38:48.109 [ReconcilerExecutor-hivemq-controller-116] DEBUG c.h.p.o.HiveMQPlatformReconciler - [helmcont] StatefulSet Spec (replicas: 2, init containers: 1, containers: 1, volumes: 3)
2025-01-28 23:38:48,112 INFO c.h.h.t.HelmChartContainer - [hivemq-test-hivemq-platform] [hivemq-platform-operator] [669ffea5] 23:38:48.111 [ReconcilerExecutor-hivemq-controller-116] DEBUG c.h.p.o.h.HiveMQPlatformReconcilerErrorHandler - [helmcont] Pod 'test-hivemq-platform-1' phase Pending
2025-01-28 23:38:48,112 INFO c.h.h.t.HelmChartContainer - [hivemq-test-hivemq-platform] [hivemq-platform-operator] [669ffea5] 23:38:48.111 [ReconcilerExecutor-hivemq-controller-116] DEBUG c.h.p.o.h.HiveMQPlatformReconcilerErrorHandler - [helmcont] Pod 'test-hivemq-platform-1' condition 'PodReadyToStartContainers': False
2025-01-28 23:38:48,112 INFO c.h.h.t.HelmChartContainer - [hivemq-test-hivemq-platform] [hivemq-platform-operator] [669ffea5] 23:38:48.111 [ReconcilerExecutor-hivemq-controller-116] DEBUG c.h.p.o.h.HiveMQPlatformReconcilerErrorHandler - [helmcont] Pod 'test-hivemq-platform-1' condition 'Initialized': False
2025-01-28 23:38:48,113 INFO c.h.h.t.HelmChartContainer - [hivemq-test-hivemq-platform] [hivemq-platform-operator] [669ffea5] 23:38:48.111 [ReconcilerExecutor-hivemq-controller-116] DEBUG c.h.p.o.h.HiveMQPlatformReconcilerErrorHandler - [helmcont] Pod 'test-hivemq-platform-1' condition 'Ready': False
2025-01-28 23:38:48,113 INFO c.h.h.t.HelmChartContainer - [hivemq-test-hivemq-platform] [hivemq-platform-operator] [669ffea5] 23:38:48.111 [ReconcilerExecutor-hivemq-controller-116] DEBUG c.h.p.o.h.HiveMQPlatformReconcilerErrorHandler - [helmcont] Pod 'test-hivemq-platform-1' condition 'ContainersReady': False
2025-01-28 23:38:48,113 INFO c.h.h.t.HelmChartContainer - [hivemq-test-hivemq-platform] [hivemq-platform-operator] [669ffea5] 23:38:48.111 [ReconcilerExecutor-hivemq-controller-116] DEBUG c.h.p.o.h.HiveMQPlatformReconcilerErrorHandler - [helmcont] Pod 'test-hivemq-platform-1' condition 'PodScheduled': True
2025-01-28 23:38:48,113 INFO c.h.h.t.HelmChartContainer - [hivemq-test-hivemq-platform] [hivemq-platform-operator] [669ffea5] 23:38:48.111 [ReconcilerExecutor-hivemq-controller-116] DEBUG c.h.p.o.h.HiveMQPlatformReconcilerErrorHandler - [helmcont] Pod 'test-hivemq-platform-1' containerStatus 'hivemq' (started: false) (ready: false) (waiting: [PodInitializing] null)
2025-01-28 23:38:48,114 INFO c.h.h.t.HelmChartContainer - [hivemq-test-hivemq-platform] [hivemq-platform-operator] [669ffea5] 23:38:48.112 [ReconcilerExecutor-hivemq-controller-116] DEBUG c.h.p.o.h.HiveMQPlatformReconcilerErrorHandler - [helmcont] Pod 'test-hivemq-platform-0' phase Running
2025-01-28 23:38:48,115 INFO c.h.h.t.HelmChartContainer - [hivemq-test-hivemq-platform] [hivemq-platform-operator] [669ffea5] 23:38:48.114 [ReconcilerExecutor-hivemq-controller-116] DEBUG c.h.p.o.h.HiveMQPlatformReconcilerRollingRestartHandler - [helmcont] Rolling restart is waiting for 1 of 2 replicas
2025-01-28 23:38:48,117 INFO c.h.h.t.HelmChartContainer - [hivemq-test-hivemq-platform] [hivemq-platform-operator] [669ffea5] 23:38:48.117 [pool-6-thread-44] DEBUG c.h.p.o.d.PlatformServiceResource - [helmcont] Desired Platform services (3 services)
2025-01-28 23:38:48,118 INFO c.h.h.t.HelmChartContainer - [hivemq-test-hivemq-platform] [hivemq-platform-operator] [669ffea5] 23:38:48.118 [pool-6-thread-42] DEBUG c.h.p.o.dependants.PodInfoConfigMap - [helmcont] Desired PodInfo ConfigMap (1 extensions) (1 enabled)
2025-01-28 23:38:48,119 INFO c.h.h.t.HelmChartContainer - [hivemq-test-hivemq-platform] [hivemq-platform-operator] [669ffea5] 23:38:48.118 [pool-6-thread-42] DEBUG c.h.p.o.dependants.PodInfoConfigMap - [helmcont] Desired PodInfo ConfigMap (metrics port: 9399) (metrics path: /)
2025-01-28 23:38:48,119 INFO c.h.h.t.HelmChartContainer - [hivemq-test-hivemq-platform] [hivemq-platform-operator] [669ffea5] 23:38:48.118 [pool-6-thread-42] DEBUG c.h.p.o.dependants.PodInfoConfigMap - [helmcont] Desired PodInfo ConfigMap (extension state hash: -1817474005)
2025-01-28 23:38:48,129 INFO c.h.h.t.HelmChartContainer - [hivemq-test-hivemq-platform] [hivemq-platform-operator] [669ffea5] 23:38:48.127 [pool-6-thread-49] DEBUG c.h.p.o.d.PodServiceAccountResource - [helmcont] Desired PodServiceAccountResource (serviceAccountName: hivemq-platform-pod-test-hivemq-platform)
2025-01-28 23:38:48,132 INFO c.h.h.t.HelmChartContainer - [hivemq-test-hivemq-platform] [hivemq-platform-operator] [669ffea5] 23:38:48.131 [pool-6-thread-42] DEBUG c.h.p.o.d.StatefulSetResource - [helmcont] Desired StatefulSet (2 replicas) for status ROLLING_RESTART (SURGE_IN_PROGRESS)
2025-01-28 23:38:48,209 INFO c.h.h.t.HelmChartContainer - [hivemq-test-hivemq-platform] [hivemq-platform-operator] [669ffea5] 23:38:48.207 [ReconcilerExecutor-hivemq-controller-117] INFO  c.h.p.o.HiveMQPlatformReconciler - [helmcont] Reconciling HiveMQ Platform 'test-hivemq-platform' in namespace 'helmcontainersecuritycontextupgradeplatformit'
2025-01-28 23:38:48,209 INFO c.h.h.t.HelmChartContainer - [hivemq-test-hivemq-platform] [hivemq-platform-operator] [669ffea5] 23:38:48.207 [ReconcilerExecutor-hivemq-controller-117] DEBUG c.h.p.o.HiveMQPlatformReconciler - [helmcont] Custom Resource Status ROLLING_RESTART - HiveMQ Platform is starting a surge Pod (rolling restart) (SURGE_IN_PROGRESS)
2025-01-28 23:38:48,210 INFO c.h.h.t.HelmChartContainer - [hivemq-test-hivemq-platform] [hivemq-platform-operator] [669ffea5] 23:38:48.208 [ReconcilerExecutor-hivemq-controller-117] DEBUG c.h.p.o.HiveMQPlatformReconciler - [helmcont] Custom Resource Spec (replicas: 1) (extensions: 1)
2025-01-28 23:38:48,217 INFO c.h.h.t.HelmChartContainer - [hivemq-test-hivemq-platform] [hivemq-platform-operator] [669ffea5] 23:38:48.211 [ReconcilerExecutor-hivemq-controller-117] DEBUG c.h.p.o.HiveMQPlatformReconciler - [helmcont] StatefulSet Status (revision: test-hivemq-platform-85948b8786, replicas: 2, available: 1, ready: 1, current: 1, updated: 1)
2025-01-28 23:38:48,217 INFO c.h.h.t.HelmChartContainer - [hivemq-test-hivemq-platform] [hivemq-platform-operator] [669ffea5] 23:38:48.211 [ReconcilerExecutor-hivemq-controller-117] DEBUG c.h.p.o.HiveMQPlatformReconciler - [helmcont] StatefulSet Spec (replicas: 2, init containers: 1, containers: 1, volumes: 3)
2025-01-28 23:38:48,217 INFO c.h.h.t.HelmChartContainer - [hivemq-test-hivemq-platform] [hivemq-platform-operator] [669ffea5] 23:38:48.213 [ReconcilerExecutor-hivemq-controller-117] DEBUG c.h.p.o.h.HiveMQPlatformReconcilerErrorHandler - [helmcont] Pod 'test-hivemq-platform-1' phase Pending
2025-01-28 23:38:48,217 INFO c.h.h.t.HelmChartContainer - [hivemq-test-hivemq-platform] [hivemq-platform-operator] [669ffea5] 23:38:48.213 [ReconcilerExecutor-hivemq-controller-117] DEBUG c.h.p.o.h.HiveMQPlatformReconcilerErrorHandler - [helmcont] Pod 'test-hivemq-platform-1' condition 'PodReadyToStartContainers': False
2025-01-28 23:38:48,217 INFO c.h.h.t.HelmChartContainer - [hivemq-test-hivemq-platform] [hivemq-platform-operator] [669ffea5] 23:38:48.213 [ReconcilerExecutor-hivemq-controller-117] DEBUG c.h.p.o.h.HiveMQPlatformReconcilerErrorHandler - [helmcont] Pod 'test-hivemq-platform-1' condition 'Initialized': False
2025-01-28 23:38:48,217 INFO c.h.h.t.HelmChartContainer - [hivemq-test-hivemq-platform] [hivemq-platform-operator] [669ffea5] 23:38:48.213 [ReconcilerExecutor-hivemq-controller-117] DEBUG c.h.p.o.h.HiveMQPlatformReconcilerErrorHandler - [helmcont] Pod 'test-hivemq-platform-1' condition 'Ready': False
2025-01-28 23:38:48,217 INFO c.h.h.t.HelmChartContainer - [hivemq-test-hivemq-platform] [hivemq-platform-operator] [669ffea5] 23:38:48.213 [ReconcilerExecutor-hivemq-controller-117] DEBUG c.h.p.o.h.HiveMQPlatformReconcilerErrorHandler - [helmcont] Pod 'test-hivemq-platform-1' condition 'ContainersReady': False
2025-01-28 23:38:48,217 INFO c.h.h.t.HelmChartContainer - [hivemq-test-hivemq-platform] [hivemq-platform-operator] [669ffea5] 23:38:48.213 [ReconcilerExecutor-hivemq-controller-117] DEBUG c.h.p.o.h.HiveMQPlatformReconcilerErrorHandler - [helmcont] Pod 'test-hivemq-platform-1' condition 'PodScheduled': True
2025-01-28 23:38:48,217 INFO c.h.h.t.HelmChartContainer - [hivemq-test-hivemq-platform] [hivemq-platform-operator] [669ffea5] 23:38:48.213 [ReconcilerExecutor-hivemq-controller-117] DEBUG c.h.p.o.h.HiveMQPlatformReconcilerErrorHandler - [helmcont] Pod 'test-hivemq-platform-1' containerStatus 'hivemq' (started: false) (ready: false) (waiting: [PodInitializing] null)
2025-01-28 23:38:48,218 INFO c.h.h.t.HelmChartContainer - [hivemq-test-hivemq-platform] [hivemq-platform-operator] [669ffea5] 23:38:48.217 [ReconcilerExecutor-hivemq-controller-117] DEBUG c.h.p.o.h.HiveMQPlatformReconcilerErrorHandler - [helmcont] Pod 'test-hivemq-platform-0' phase Running
2025-01-28 23:38:48,219 INFO c.h.h.t.HelmChartContainer - [hivemq-test-hivemq-platform] [hivemq-platform-operator] [669ffea5] 23:38:48.217 [ReconcilerExecutor-hivemq-controller-117] DEBUG c.h.p.o.h.HiveMQPlatformReconcilerRollingRestartHandler - [helmcont] Rolling restart is waiting for 1 of 2 replicas
2025-01-28 23:38:48,331 INFO c.h.h.t.HelmChartContainer - [EVENT] Normal [Pulled] Container image "docker.io/hivemq/hivemq-platform-operator-init-test:snapshot" already present on machine [helmcontainersecuritycontextupgradeplatformit:test-hivemq-platform-1]
2025-01-28 23:38:48,337 INFO c.h.h.t.HelmChartContainer - [EVENT] Normal [Created] Created container: hivemq-platform-operator-init [helmcontainersecuritycontextupgradeplatformit:test-hivemq-platform-1]
2025-01-28 23:38:48,376 INFO c.h.h.t.HelmChartContainer - [EVENT] Normal [Started] Started container hivemq-platform-operator-init [helmcontainersecuritycontextupgradeplatformit:test-hivemq-platform-1]
2025-01-28 23:38:48,830 INFO c.h.h.t.HelmChartContainer - [EVENT] Normal [Pulled] Container image "docker.io/hivemq/hivemq4:4.36.0" already present on machine [helmcontainersecuritycontextupgradeplatformit:test-hivemq-platform-1]
2025-01-28 23:38:48,830 INFO c.h.h.t.HelmChartContainer - Received Pulled event for container hivemq in pod test-hivemq-platform-1 [6e3cb7dd-caaa-4a72-9133-e702609eb6ff]
2025-01-28 23:38:48,842 INFO c.h.h.t.HelmChartContainer - [POD] test-hivemq-platform-1 [6e3cb7dd-caaa-4a72-9133-e702609eb6ff] in helmcontainersecuritycontextupgradeplatformit was MODIFIED
2025-01-28 23:38:48,844 INFO c.h.h.t.HelmChartContainer - [EVENT] Normal [Created] Created container: hivemq [helmcontainersecuritycontextupgradeplatformit:test-hivemq-platform-1]
2025-01-28 23:38:48,844 INFO c.h.h.t.HelmChartContainer - Received Created event for container hivemq in pod test-hivemq-platform-1 [6e3cb7dd-caaa-4a72-9133-e702609eb6ff]
2025-01-28 23:38:48,855 INFO c.h.h.t.HelmChartContainer - [hivemq-test-hivemq-platform] [hivemq-platform-operator] [669ffea5] 23:38:48.844 [pool-6-thread-10] DEBUG c.h.p.o.d.PlatformServiceResource - [helmcont] Desired Platform services (3 services)
2025-01-28 23:38:48,868 INFO c.h.h.t.HelmChartContainer - [hivemq-test-hivemq-platform] [hivemq-platform-operator] [669ffea5] 23:38:48.849 [pool-6-thread-4] DEBUG c.h.p.o.dependants.PodInfoConfigMap - [helmcont] Desired PodInfo ConfigMap (1 extensions) (1 enabled)
2025-01-28 23:38:48,868 INFO c.h.h.t.HelmChartContainer - [hivemq-test-hivemq-platform] [hivemq-platform-operator] [669ffea5] 23:38:48.849 [pool-6-thread-4] DEBUG c.h.p.o.dependants.PodInfoConfigMap - [helmcont] Desired PodInfo ConfigMap (metrics port: 9399) (metrics path: /)
2025-01-28 23:38:48,868 INFO c.h.h.t.HelmChartContainer - [hivemq-test-hivemq-platform] [hivemq-platform-operator] [669ffea5] 23:38:48.849 [pool-6-thread-4] DEBUG c.h.p.o.dependants.PodInfoConfigMap - [helmcont] Desired PodInfo ConfigMap (extension state hash: -1817474005)
2025-01-28 23:38:48,868 INFO c.h.h.t.HelmChartContainer - [hivemq-test-hivemq-platform] [hivemq-platform-operator] [669ffea5] 23:38:48.850 [pool-6-thread-4] DEBUG c.h.p.o.d.PodServiceAccountResource - [helmcont] Desired PodServiceAccountResource (serviceAccountName: hivemq-platform-pod-test-hivemq-platform)
2025-01-28 23:38:48,868 INFO c.h.h.t.HelmChartContainer - [hivemq-test-hivemq-platform] [hivemq-platform-operator] [669ffea5] 23:38:48.859 [pool-6-thread-3] DEBUG c.h.p.o.d.StatefulSetResource - [helmcont] Desired StatefulSet (2 replicas) for status ROLLING_RESTART (SURGE_IN_PROGRESS)
2025-01-28 23:38:48,873 INFO c.h.h.t.HelmChartContainer - [hivemq-test-hivemq-platform] [hivemq-platform-operator] [669ffea5] 23:38:48.865 [ReconcilerExecutor-hivemq-controller-118] INFO  c.h.p.o.HiveMQPlatformReconciler - [helmcont] Reconciling HiveMQ Platform 'test-hivemq-platform' in namespace 'helmcontainersecuritycontextupgradeplatformit'
2025-01-28 23:38:48,873 INFO c.h.h.t.HelmChartContainer - [hivemq-test-hivemq-platform] [hivemq-platform-operator] [669ffea5] 23:38:48.865 [ReconcilerExecutor-hivemq-controller-118] DEBUG c.h.p.o.HiveMQPlatformReconciler - [helmcont] Custom Resource Status ROLLING_RESTART - HiveMQ Platform is starting a surge Pod (rolling restart) (SURGE_IN_PROGRESS)
2025-01-28 23:38:48,873 INFO c.h.h.t.HelmChartContainer - [hivemq-test-hivemq-platform] [hivemq-platform-operator] [669ffea5] 23:38:48.865 [ReconcilerExecutor-hivemq-controller-118] DEBUG c.h.p.o.HiveMQPlatformReconciler - [helmcont] Custom Resource Spec (replicas: 1) (extensions: 1)
2025-01-28 23:38:48,876 INFO c.h.h.t.HelmChartContainer - [hivemq-test-hivemq-platform] [hivemq-platform-operator] [669ffea5] 23:38:48.867 [ReconcilerExecutor-hivemq-controller-118] DEBUG c.h.p.o.HiveMQPlatformReconciler - [helmcont] StatefulSet Status (revision: test-hivemq-platform-85948b8786, replicas: 2, available: 1, ready: 1, current: 1, updated: 1)
2025-01-28 23:38:48,876 INFO c.h.h.t.HelmChartContainer - [hivemq-test-hivemq-platform] [hivemq-platform-operator] [669ffea5] 23:38:48.867 [ReconcilerExecutor-hivemq-controller-118] DEBUG c.h.p.o.HiveMQPlatformReconciler - [helmcont] StatefulSet Spec (replicas: 2, init containers: 1, containers: 1, volumes: 3)
2025-01-28 23:38:48,876 INFO c.h.h.t.HelmChartContainer - [hivemq-test-hivemq-platform] [hivemq-platform-operator] [669ffea5] 23:38:48.868 [ReconcilerExecutor-hivemq-controller-118] DEBUG c.h.p.o.h.HiveMQPlatformReconcilerErrorHandler - [helmcont] Pod 'test-hivemq-platform-1' phase Pending
2025-01-28 23:38:48,876 INFO c.h.h.t.HelmChartContainer - [hivemq-test-hivemq-platform] [hivemq-platform-operator] [669ffea5] 23:38:48.869 [ReconcilerExecutor-hivemq-controller-118] DEBUG c.h.p.o.h.HiveMQPlatformReconcilerErrorHandler - [helmcont] Pod 'test-hivemq-platform-1' condition 'PodReadyToStartContainers': True
2025-01-28 23:38:48,876 INFO c.h.h.t.HelmChartContainer - [hivemq-test-hivemq-platform] [hivemq-platform-operator] [669ffea5] 23:38:48.869 [ReconcilerExecutor-hivemq-controller-118] DEBUG c.h.p.o.h.HiveMQPlatformReconcilerErrorHandler - [helmcont] Pod 'test-hivemq-platform-1' condition 'Initialized': True
2025-01-28 23:38:48,876 INFO c.h.h.t.HelmChartContainer - [hivemq-test-hivemq-platform] [hivemq-platform-operator] [669ffea5] 23:38:48.869 [ReconcilerExecutor-hivemq-controller-118] DEBUG c.h.p.o.h.HiveMQPlatformReconcilerErrorHandler - [helmcont] Pod 'test-hivemq-platform-1' condition 'Ready': False
2025-01-28 23:38:48,876 INFO c.h.h.t.HelmChartContainer - [hivemq-test-hivemq-platform] [hivemq-platform-operator] [669ffea5] 23:38:48.869 [ReconcilerExecutor-hivemq-controller-118] DEBUG c.h.p.o.h.HiveMQPlatformReconcilerErrorHandler - [helmcont] Pod 'test-hivemq-platform-1' condition 'ContainersReady': False
2025-01-28 23:38:48,876 INFO c.h.h.t.HelmChartContainer - [hivemq-test-hivemq-platform] [hivemq-platform-operator] [669ffea5] 23:38:48.869 [ReconcilerExecutor-hivemq-controller-118] DEBUG c.h.p.o.h.HiveMQPlatformReconcilerErrorHandler - [helmcont] Pod 'test-hivemq-platform-1' condition 'PodScheduled': True
2025-01-28 23:38:48,876 INFO c.h.h.t.HelmChartContainer - [hivemq-test-hivemq-platform] [hivemq-platform-operator] [669ffea5] 23:38:48.869 [ReconcilerExecutor-hivemq-controller-118] DEBUG c.h.p.o.h.HiveMQPlatformReconcilerErrorHandler - [helmcont] Pod 'test-hivemq-platform-1' containerStatus 'hivemq' (started: false) (ready: false) (waiting: [PodInitializing] null)
2025-01-28 23:38:48,876 INFO c.h.h.t.HelmChartContainer - [hivemq-test-hivemq-platform] [hivemq-platform-operator] [669ffea5] 23:38:48.870 [ReconcilerExecutor-hivemq-controller-118] DEBUG c.h.p.o.h.HiveMQPlatformReconcilerErrorHandler - [helmcont] Pod 'test-hivemq-platform-0' phase Running
2025-01-28 23:38:48,905 INFO c.h.h.t.HelmChartContainer - [hivemq-test-hivemq-platform] [hivemq-platform-operator] [669ffea5] 23:38:48.904 [ReconcilerExecutor-hivemq-controller-118] DEBUG c.h.p.o.h.HiveMQPlatformReconcilerRollingRestartHandler - [helmcont] Rolling restart is waiting for 1 of 2 replicas
2025-01-28 23:38:49,842 INFO c.h.h.t.HelmChartContainer - [POD] test-hivemq-platform-1 [6e3cb7dd-caaa-4a72-9133-e702609eb6ff] in helmcontainersecuritycontextupgradeplatformit was MODIFIED
2025-01-28 23:38:49,849 INFO c.h.h.t.HelmChartContainer - [hivemq-test-hivemq-platform] [hivemq-platform-operator] [669ffea5] 23:38:49.848 [pool-6-thread-16] DEBUG c.h.p.o.d.PlatformServiceResource - [helmcont] Desired Platform services (3 services)
2025-01-28 23:38:49,852 INFO c.h.h.t.HelmChartContainer - [EVENT] Normal [Started] Started container hivemq [helmcontainersecuritycontextupgradeplatformit:test-hivemq-platform-1]
2025-01-28 23:38:49,853 INFO c.h.h.t.HelmChartContainer - Received Started event for container hivemq in pod test-hivemq-platform-1 [6e3cb7dd-caaa-4a72-9133-e702609eb6ff]
2025-01-28 23:38:49,853 INFO c.h.h.t.HelmChartContainer - Started log watcher for hivemq in pod test-hivemq-platform-1 [6e3cb7dd-caaa-4a72-9133-e702609eb6ff]
2025-01-28 23:38:49,853 INFO c.h.h.t.HelmChartContainer - [hivemq-test-hivemq-platform] [hivemq-platform-operator] [669ffea5] 23:38:49.850 [pool-6-thread-19] DEBUG c.h.p.o.d.PodServiceAccountResource - [helmcont] Desired PodServiceAccountResource (serviceAccountName: hivemq-platform-pod-test-hivemq-platform)
2025-01-28 23:38:49,853 INFO c.h.h.t.HelmChartContainer - [test-hivemq-platform] [hivemq] [6e3cb7dd] Adding pre-installed HiveMQ Platform Operator extensions
2025-01-28 23:38:49,853 INFO c.h.h.t.HelmChartContainer - [test-hivemq-platform] [hivemq] [6e3cb7dd] Running as user 10000
2025-01-28 23:38:49,853 INFO c.h.h.t.HelmChartContainer - [test-hivemq-platform] [hivemq] [6e3cb7dd] Starting HiveMQ Platform Operator Init
2025-01-28 23:38:49,855 INFO c.h.h.t.HelmChartContainer - [hivemq-test-hivemq-platform] [hivemq-platform-operator] [669ffea5] 23:38:49.852 [pool-6-thread-20] DEBUG c.h.p.o.dependants.PodInfoConfigMap - [helmcont] Desired PodInfo ConfigMap (1 extensions) (1 enabled)
2025-01-28 23:38:49,858 INFO c.h.h.t.HelmChartContainer - [hivemq-test-hivemq-platform] [hivemq-platform-operator] [669ffea5] 23:38:49.856 [pool-6-thread-20] DEBUG c.h.p.o.dependants.PodInfoConfigMap - [helmcont] Desired PodInfo ConfigMap (metrics port: 9399) (metrics path: /)
2025-01-28 23:38:49,858 INFO c.h.h.t.HelmChartContainer - [hivemq-test-hivemq-platform] [hivemq-platform-operator] [669ffea5] 23:38:49.856 [pool-6-thread-20] DEBUG c.h.p.o.dependants.PodInfoConfigMap - [helmcont] Desired PodInfo ConfigMap (extension state hash: -1817474005)
2025-01-28 23:38:49,860 INFO c.h.h.t.HelmChartContainer - [hivemq-test-hivemq-platform] [hivemq-platform-operator] [669ffea5] 23:38:49.858 [pool-6-thread-20] DEBUG c.h.p.o.d.StatefulSetResource - [helmcont] Desired StatefulSet (2 replicas) for status ROLLING_RESTART (SURGE_IN_PROGRESS)
2025-01-28 23:38:49,865 INFO c.h.h.t.HelmChartContainer - [hivemq-test-hivemq-platform] [hivemq-platform-operator] [669ffea5] 23:38:49.862 [ReconcilerExecutor-hivemq-controller-119] INFO  c.h.p.o.HiveMQPlatformReconciler - [helmcont] Reconciling HiveMQ Platform 'test-hivemq-platform' in namespace 'helmcontainersecuritycontextupgradeplatformit'
2025-01-28 23:38:49,866 INFO c.h.h.t.HelmChartContainer - [hivemq-test-hivemq-platform] [hivemq-platform-operator] [669ffea5] 23:38:49.862 [ReconcilerExecutor-hivemq-controller-119] DEBUG c.h.p.o.HiveMQPlatformReconciler - [helmcont] Custom Resource Status ROLLING_RESTART - HiveMQ Platform is starting a surge Pod (rolling restart) (SURGE_IN_PROGRESS)
2025-01-28 23:38:49,866 INFO c.h.h.t.HelmChartContainer - [hivemq-test-hivemq-platform] [hivemq-platform-operator] [669ffea5] 23:38:49.862 [ReconcilerExecutor-hivemq-controller-119] DEBUG c.h.p.o.HiveMQPlatformReconciler - [helmcont] Custom Resource Spec (replicas: 1) (extensions: 1)
2025-01-28 23:38:49,866 INFO c.h.h.t.HelmChartContainer - [hivemq-test-hivemq-platform] [hivemq-platform-operator] [669ffea5] 23:38:49.863 [ReconcilerExecutor-hivemq-controller-119] DEBUG c.h.p.o.HiveMQPlatformReconciler - [helmcont] StatefulSet Status (revision: test-hivemq-platform-85948b8786, replicas: 2, available: 1, ready: 1, current: 1, updated: 1)
2025-01-28 23:38:49,866 INFO c.h.h.t.HelmChartContainer - [hivemq-test-hivemq-platform] [hivemq-platform-operator] [669ffea5] 23:38:49.864 [ReconcilerExecutor-hivemq-controller-119] DEBUG c.h.p.o.HiveMQPlatformReconciler - [helmcont] StatefulSet Spec (replicas: 2, init containers: 1, containers: 1, volumes: 3)
2025-01-28 23:38:49,866 INFO c.h.h.t.HelmChartContainer - [hivemq-test-hivemq-platform] [hivemq-platform-operator] [669ffea5] 23:38:49.865 [ReconcilerExecutor-hivemq-controller-119] DEBUG c.h.p.o.h.HiveMQPlatformReconcilerErrorHandler - [helmcont] Pod 'test-hivemq-platform-1' phase Running
2025-01-28 23:38:49,871 INFO c.h.h.t.HelmChartContainer - [hivemq-test-hivemq-platform] [hivemq-platform-operator] [669ffea5] 23:38:49.866 [ReconcilerExecutor-hivemq-controller-119] DEBUG c.h.p.o.h.HiveMQPlatformReconcilerErrorHandler - [helmcont] Pod 'test-hivemq-platform-0' phase Running
2025-01-28 23:38:49,871 INFO c.h.h.t.HelmChartContainer - [hivemq-test-hivemq-platform] [hivemq-platform-operator] [669ffea5] 23:38:49.867 [ReconcilerExecutor-hivemq-controller-119] DEBUG c.h.p.o.h.HiveMQPlatformReconcilerRollingRestartHandler - [helmcont] Rolling restart is waiting for 1 of 2 replicas
2025-01-28 23:38:50,121 INFO c.h.h.t.HelmChartContainer - [test-hivemq-platform] [hivemq] [6e3cb7dd] INFO  - [HiveMQ Platform Operator Init 1.7.0-SNAPSHOT] HiveMQ Platform Operator Init 1.7.0-SNAPSHOT (commit: bebf408 on branch: HEAD) built on Sun Jan 26 20:47:47 UTC 2025
2025-01-28 23:38:51,324 INFO c.h.h.t.HelmChartContainer - [test-hivemq-platform] [hivemq] [6e3cb7dd] INFO  - [HiveMQ Platform Operator Init App 1.7.0-SNAPSHOT] Using bind address 10.42.0.11 from environment variable
2025-01-28 23:38:52,296 INFO c.h.h.t.HelmChartContainer - [test-hivemq-platform] [hivemq] [6e3cb7dd] INFO  - [HiveMQ Platform Operator Init App 1.7.0-SNAPSHOT] HiveMQ Platform Operator Init App 1.7.0-SNAPSHOT (commit: bebf408 on branch: HEAD) built on Sun Jan 26 20:47:47 UTC 2025
2025-01-28 23:38:52,297 INFO c.h.h.t.HelmChartContainer - [test-hivemq-platform] [hivemq] [6e3cb7dd] INFO  - [HiveMQ Platform Operator Init App 1.7.0-SNAPSHOT] PodInfo ConfigMap directory: /etc/podinfo
2025-01-28 23:38:52,297 INFO c.h.h.t.HelmChartContainer - [test-hivemq-platform] [hivemq] [6e3cb7dd] INFO  - [HiveMQ Platform Operator Init App 1.7.0-SNAPSHOT] HiveMQ home directory: /opt/hivemq
2025-01-28 23:38:52,297 INFO c.h.h.t.HelmChartContainer - [test-hivemq-platform] [hivemq] [6e3cb7dd] INFO  - [HiveMQ Platform Operator Init App 1.7.0-SNAPSHOT] HiveMQ Logback folder: /opt/hivemq/conf
2025-01-28 23:38:52,297 INFO c.h.h.t.HelmChartContainer - [test-hivemq-platform] [hivemq] [6e3cb7dd] INFO  - [HiveMQ Platform Operator Init App 1.7.0-SNAPSHOT] HiveMQ Config folder: /opt/hivemq/conf-k8s
2025-01-28 23:38:52,297 INFO c.h.h.t.HelmChartContainer - [test-hivemq-platform] [hivemq] [6e3cb7dd] INFO  - [HiveMQ Platform Operator Init App 1.7.0-SNAPSHOT] Starting HiveMQ Platform Operator Init App
2025-01-28 23:38:52,297 INFO c.h.h.t.HelmChartContainer - [test-hivemq-platform] [hivemq] [6e3cb7dd] INFO  - [HiveMQ Platform Operator Init App 1.7.0-SNAPSHOT] Starting Pod reconciler
2025-01-28 23:38:53,515 INFO c.h.h.t.HelmChartContainer - [test-hivemq-platform] [hivemq] [6e3cb7dd] INFO  - [HiveMQ Platform Operator Init App 1.7.0-SNAPSHOT] Pod reconciler is scheduled (interval: 5000 ms)
2025-01-28 23:38:53,516 INFO c.h.h.t.HelmChartContainer - [test-hivemq-platform] [hivemq] [6e3cb7dd] INFO  - [HiveMQ Platform Operator Init App 1.7.0-SNAPSHOT] Starting the REST API on 10.42.0.11:7979
2025-01-28 23:38:53,520 INFO c.h.h.t.HelmChartContainer - [test-hivemq-platform] [hivemq] [6e3cb7dd] INFO  - [HiveMQ Platform Operator Init App 1.7.0-SNAPSHOT] Waiting up to 600s for at most 2 HiveMQ nodes in cluster service hivemq-test-hivemq-platform-cluster.helmcontainersecuritycontextupgradeplatformit.svc
2025-01-28 23:38:53,893 INFO c.h.h.t.HelmChartContainer - [test-hivemq-platform] [hivemq] [6e3cb7dd] INFO  - [HiveMQ Platform Operator Init App 1.7.0-SNAPSHOT] Resolved 2 IP addresses: [10.42.0.11, 10.42.0.10]
2025-01-28 23:38:53,893 INFO c.h.h.t.HelmChartContainer - [test-hivemq-platform] [hivemq] [6e3cb7dd] INFO  - [HiveMQ Platform Operator Init App 1.7.0-SNAPSHOT] HiveMQ node count of 2 is within threshold of 2
2025-01-28 23:38:53,893 INFO c.h.h.t.HelmChartContainer - [test-hivemq-platform] [hivemq] [6e3cb7dd] INFO  - [HiveMQ Platform Operator Init App 1.7.0-SNAPSHOT] Waiting 15s for previous shutdown replication to finish...
2025-01-28 23:38:55,839 INFO c.h.h.t.HelmChartContainer - [test-hivemq-platform] [hivemq] [6e3cb7dd] INFO  - [HiveMQ Platform Operator Init App 1.7.0-SNAPSHOT] Returning default Health API response 503 for readiness
2025-01-28 23:38:55,930 INFO c.h.h.t.HelmChartContainer - [EVENT] Warning [Unhealthy] Readiness probe failed: HTTP probe failed with statuscode: 503 [helmcontainersecuritycontextupgradeplatformit:test-hivemq-platform-1]
2025-01-28 23:38:55,930 INFO c.h.h.t.HelmChartContainer - Received Unhealthy event for container hivemq in pod test-hivemq-platform-1 [6e3cb7dd-caaa-4a72-9133-e702609eb6ff]
2025-01-28 23:38:59,873 INFO c.h.h.t.HelmChartContainer - [hivemq-test-hivemq-platform] [hivemq-platform-operator] [669ffea5] 23:38:59.870 [pool-6-thread-28] DEBUG c.h.p.o.d.PlatformServiceResource - [helmcont] Desired Platform services (3 services)
2025-01-28 23:38:59,873 INFO c.h.h.t.HelmChartContainer - [hivemq-test-hivemq-platform] [hivemq-platform-operator] [669ffea5] 23:38:59.871 [pool-6-thread-22] DEBUG c.h.p.o.dependants.PodInfoConfigMap - [helmcont] Desired PodInfo ConfigMap (1 extensions) (1 enabled)
2025-01-28 23:38:59,873 INFO c.h.h.t.HelmChartContainer - [hivemq-test-hivemq-platform] [hivemq-platform-operator] [669ffea5] 23:38:59.871 [pool-6-thread-22] DEBUG c.h.p.o.dependants.PodInfoConfigMap - [helmcont] Desired PodInfo ConfigMap (metrics port: 9399) (metrics path: /)
2025-01-28 23:38:59,874 INFO c.h.h.t.HelmChartContainer - [hivemq-test-hivemq-platform] [hivemq-platform-operator] [669ffea5] 23:38:59.871 [pool-6-thread-22] DEBUG c.h.p.o.dependants.PodInfoConfigMap - [helmcont] Desired PodInfo ConfigMap (extension state hash: -1817474005)
2025-01-28 23:38:59,874 INFO c.h.h.t.HelmChartContainer - [hivemq-test-hivemq-platform] [hivemq-platform-operator] [669ffea5] 23:38:59.873 [pool-6-thread-27] DEBUG c.h.p.o.d.PodServiceAccountResource - [helmcont] Desired PodServiceAccountResource (serviceAccountName: hivemq-platform-pod-test-hivemq-platform)
2025-01-28 23:38:59,878 INFO c.h.h.t.HelmChartContainer - [hivemq-test-hivemq-platform] [hivemq-platform-operator] [669ffea5] 23:38:59.878 [pool-6-thread-28] DEBUG c.h.p.o.d.StatefulSetResource - [helmcont] Desired StatefulSet (2 replicas) for status ROLLING_RESTART (SURGE_IN_PROGRESS)
2025-01-28 23:38:59,883 INFO c.h.h.t.HelmChartContainer - [hivemq-test-hivemq-platform] [hivemq-platform-operator] [669ffea5] 23:38:59.881 [ReconcilerExecutor-hivemq-controller-120] INFO  c.h.p.o.HiveMQPlatformReconciler - [helmcont] Reconciling HiveMQ Platform 'test-hivemq-platform' in namespace 'helmcontainersecuritycontextupgradeplatformit'
2025-01-28 23:38:59,883 INFO c.h.h.t.HelmChartContainer - [hivemq-test-hivemq-platform] [hivemq-platform-operator] [669ffea5] 23:38:59.881 [ReconcilerExecutor-hivemq-controller-120] DEBUG c.h.p.o.HiveMQPlatformReconciler - [helmcont] Custom Resource Status ROLLING_RESTART - HiveMQ Platform is starting a surge Pod (rolling restart) (SURGE_IN_PROGRESS)
2025-01-28 23:38:59,883 INFO c.h.h.t.HelmChartContainer - [hivemq-test-hivemq-platform] [hivemq-platform-operator] [669ffea5] 23:38:59.881 [ReconcilerExecutor-hivemq-controller-120] DEBUG c.h.p.o.HiveMQPlatformReconciler - [helmcont] Custom Resource Spec (replicas: 1) (extensions: 1)
2025-01-28 23:38:59,884 INFO c.h.h.t.HelmChartContainer - [hivemq-test-hivemq-platform] [hivemq-platform-operator] [669ffea5] 23:38:59.883 [ReconcilerExecutor-hivemq-controller-120] DEBUG c.h.p.o.HiveMQPlatformReconciler - [helmcont] StatefulSet Status (revision: test-hivemq-platform-85948b8786, replicas: 2, available: 1, ready: 1, current: 1, updated: 1)
2025-01-28 23:38:59,884 INFO c.h.h.t.HelmChartContainer - [hivemq-test-hivemq-platform] [hivemq-platform-operator] [669ffea5] 23:38:59.883 [ReconcilerExecutor-hivemq-controller-120] DEBUG c.h.p.o.HiveMQPlatformReconciler - [helmcont] StatefulSet Spec (replicas: 2, init containers: 1, containers: 1, volumes: 3)
2025-01-28 23:38:59,885 INFO c.h.h.t.HelmChartContainer - [hivemq-test-hivemq-platform] [hivemq-platform-operator] [669ffea5] 23:38:59.884 [ReconcilerExecutor-hivemq-controller-120] DEBUG c.h.p.o.h.HiveMQPlatformReconcilerErrorHandler - [helmcont] Pod 'test-hivemq-platform-1' phase Running
2025-01-28 23:38:59,887 INFO c.h.h.t.HelmChartContainer - [hivemq-test-hivemq-platform] [hivemq-platform-operator] [669ffea5] 23:38:59.887 [ReconcilerExecutor-hivemq-controller-120] DEBUG c.h.p.o.h.HiveMQPlatformReconcilerErrorHandler - [helmcont] Pod 'test-hivemq-platform-0' phase Running
2025-01-28 23:38:59,930 INFO c.h.h.t.HelmChartContainer - [hivemq-test-hivemq-platform] [hivemq-platform-operator] [669ffea5] 23:38:59.928 [ReconcilerExecutor-hivemq-controller-120] DEBUG c.h.p.o.h.HiveMQPlatformReconcilerRollingRestartHandler - [helmcont] Rolling restart is waiting for 1 of 2 replicas
2025-01-28 23:39:00,918 INFO c.h.h.t.HelmChartContainer - [EVENT] Warning [Unhealthy] Readiness probe failed: HTTP probe failed with statuscode: 503 [helmcontainersecuritycontextupgradeplatformit:test-hivemq-platform-1]
2025-01-28 23:39:00,918 INFO c.h.h.t.HelmChartContainer - Received Unhealthy event for container hivemq in pod test-hivemq-platform-1 [6e3cb7dd-caaa-4a72-9133-e702609eb6ff]
2025-01-28 23:39:01,030 INFO c.h.h.t.HelmChartContainer - [test-hivemq-platform] [hivemq] [6e3cb7dd] INFO  - [HiveMQ Platform Operator Init App 1.7.0-SNAPSHOT] Updating Pod HiveMQ Platform Operator Init App version annotation (version: 1.7.0-SNAPSHOT)
2025-01-28 23:39:01,428 INFO c.h.h.t.HelmChartContainer - [POD] test-hivemq-platform-1 [6e3cb7dd-caaa-4a72-9133-e702609eb6ff] in helmcontainersecuritycontextupgradeplatformit was MODIFIED
2025-01-28 23:39:01,444 INFO c.h.h.t.HelmChartContainer - [EVENT] Warning [Unhealthy] Readiness probe failed: HTTP probe failed with statuscode: 503 [helmcontainersecuritycontextupgradeplatformit:test-hivemq-platform-1]
2025-01-28 23:39:01,444 INFO c.h.h.t.HelmChartContainer - Received Unhealthy event for container hivemq in pod test-hivemq-platform-1 [6e3cb7dd-caaa-4a72-9133-e702609eb6ff]
2025-01-28 23:39:01,448 INFO c.h.h.t.HelmChartContainer - [hivemq-test-hivemq-platform] [hivemq-platform-operator] [669ffea5] 23:39:01.444 [pool-6-thread-36] DEBUG c.h.p.o.d.PlatformServiceResource - [helmcont] Desired Platform services (3 services)
2025-01-28 23:39:01,448 INFO c.h.h.t.HelmChartContainer - [hivemq-test-hivemq-platform] [hivemq-platform-operator] [669ffea5] 23:39:01.445 [pool-6-thread-39] DEBUG c.h.p.o.dependants.PodInfoConfigMap - [helmcont] Desired PodInfo ConfigMap (1 extensions) (1 enabled)
2025-01-28 23:39:01,450 INFO c.h.h.t.HelmChartContainer - [hivemq-test-hivemq-platform] [hivemq-platform-operator] [669ffea5] 23:39:01.447 [pool-6-thread-39] DEBUG c.h.p.o.dependants.PodInfoConfigMap - [helmcont] Desired PodInfo ConfigMap (metrics port: 9399) (metrics path: /)
2025-01-28 23:39:01,450 INFO c.h.h.t.HelmChartContainer - [hivemq-test-hivemq-platform] [hivemq-platform-operator] [669ffea5] 23:39:01.447 [pool-6-thread-39] DEBUG c.h.p.o.dependants.PodInfoConfigMap - [helmcont] Desired PodInfo ConfigMap (extension state hash: -1817474005)
2025-01-28 23:39:01,450 INFO c.h.h.t.HelmChartContainer - [hivemq-test-hivemq-platform] [hivemq-platform-operator] [669ffea5] 23:39:01.448 [pool-6-thread-31] DEBUG c.h.p.o.d.PodServiceAccountResource - [helmcont] Desired PodServiceAccountResource (serviceAccountName: hivemq-platform-pod-test-hivemq-platform)
2025-01-28 23:39:01,452 INFO c.h.h.t.HelmChartContainer - [hivemq-test-hivemq-platform] [hivemq-platform-operator] [669ffea5] 23:39:01.451 [pool-6-thread-36] DEBUG c.h.p.o.d.StatefulSetResource - [helmcont] Desired StatefulSet (2 replicas) for status ROLLING_RESTART (SURGE_IN_PROGRESS)
2025-01-28 23:39:01,455 INFO c.h.h.t.HelmChartContainer - [hivemq-test-hivemq-platform] [hivemq-platform-operator] [669ffea5] 23:39:01.454 [ReconcilerExecutor-hivemq-controller-121] INFO  c.h.p.o.HiveMQPlatformReconciler - [helmcont] Reconciling HiveMQ Platform 'test-hivemq-platform' in namespace 'helmcontainersecuritycontextupgradeplatformit'
2025-01-28 23:39:01,457 INFO c.h.h.t.HelmChartContainer - [hivemq-test-hivemq-platform] [hivemq-platform-operator] [669ffea5] 23:39:01.454 [ReconcilerExecutor-hivemq-controller-121] DEBUG c.h.p.o.HiveMQPlatformReconciler - [helmcont] Custom Resource Status ROLLING_RESTART - HiveMQ Platform is starting a surge Pod (rolling restart) (SURGE_IN_PROGRESS)
2025-01-28 23:39:01,457 INFO c.h.h.t.HelmChartContainer - [hivemq-test-hivemq-platform] [hivemq-platform-operator] [669ffea5] 23:39:01.454 [ReconcilerExecutor-hivemq-controller-121] DEBUG c.h.p.o.HiveMQPlatformReconciler - [helmcont] Custom Resource Spec (replicas: 1) (extensions: 1)
2025-01-28 23:39:01,457 INFO c.h.h.t.HelmChartContainer - [hivemq-test-hivemq-platform] [hivemq-platform-operator] [669ffea5] 23:39:01.456 [ReconcilerExecutor-hivemq-controller-121] DEBUG c.h.p.o.HiveMQPlatformReconciler - [helmcont] StatefulSet Status (revision: test-hivemq-platform-85948b8786, replicas: 2, available: 1, ready: 1, current: 1, updated: 1)
2025-01-28 23:39:01,457 INFO c.h.h.t.HelmChartContainer - [hivemq-test-hivemq-platform] [hivemq-platform-operator] [669ffea5] 23:39:01.456 [ReconcilerExecutor-hivemq-controller-121] DEBUG c.h.p.o.HiveMQPlatformReconciler - [helmcont] StatefulSet Spec (replicas: 2, init containers: 1, containers: 1, volumes: 3)
2025-01-28 23:39:01,459 INFO c.h.h.t.HelmChartContainer - [hivemq-test-hivemq-platform] [hivemq-platform-operator] [669ffea5] 23:39:01.458 [ReconcilerExecutor-hivemq-controller-121] DEBUG c.h.p.o.h.HiveMQPlatformReconcilerErrorHandler - [helmcont] Pod 'test-hivemq-platform-1' phase Running
2025-01-28 23:39:01,511 INFO c.h.h.t.HelmChartContainer - [test-hivemq-platform] [hivemq] [6e3cb7dd] INFO  - [HiveMQ Platform Operator Init App 1.7.0-SNAPSHOT] Successfully updated Pod HiveMQ Platform Operator Init App version annotation (version: 1.7.0-SNAPSHOT)
2025-01-28 23:39:01,528 INFO c.h.h.t.HelmChartContainer - [hivemq-test-hivemq-platform] [hivemq-platform-operator] [669ffea5] 23:39:01.459 [ReconcilerExecutor-hivemq-controller-121] DEBUG c.h.p.o.h.HiveMQPlatformReconcilerErrorHandler - [helmcont] Pod 'test-hivemq-platform-0' phase Running
2025-01-28 23:39:01,529 INFO c.h.h.t.HelmChartContainer - [hivemq-test-hivemq-platform] [hivemq-platform-operator] [669ffea5] 23:39:01.527 [ReconcilerExecutor-hivemq-controller-121] DEBUG c.h.p.o.h.HiveMQPlatformReconcilerRollingRestartHandler - [helmcont] Rolling restart is waiting for 1 of 2 replicas
2025-01-28 23:39:03,956 INFO c.h.h.t.HelmChartContainer - [test-hivemq-platform] [hivemq] [b7387f7a] INFO  - [HiveMQ Platform Operator Init App 1.7.0-SNAPSHOT] Returning Health API response 200 for liveness
2025-01-28 23:39:06,435 INFO c.h.h.t.HelmChartContainer - [EVENT] Warning [Unhealthy] Readiness probe failed: HTTP probe failed with statuscode: 503 [helmcontainersecuritycontextupgradeplatformit:test-hivemq-platform-1]
2025-01-28 23:39:06,435 INFO c.h.h.t.HelmChartContainer - Received Unhealthy event for container hivemq in pod test-hivemq-platform-1 [6e3cb7dd-caaa-4a72-9133-e702609eb6ff]
2025-01-28 23:39:08,894 INFO c.h.h.t.HelmChartContainer - [test-hivemq-platform] [hivemq] [6e3cb7dd] INFO  - [HiveMQ Platform Operator Init App 1.7.0-SNAPSHOT] Proceeding with container start
2025-01-28 23:39:08,897 INFO c.h.h.t.HelmChartContainer - [test-hivemq-platform] [hivemq] [6e3cb7dd] INFO  - [HiveMQ Platform Operator Init App 1.7.0-SNAPSHOT] Initializing HiveMQ Platform extensions with initial configuration: {hivemq-allow-all-extension={start-priority=-1, skip-https-hostname-verification=false, restart=true, config-version=0, header-version=0, c-uri=, priority=-1, uri=preinstalled, skip-https-certificate-validation=false, enabled=true}, hivemq-prometheus-extension={skip-https-certificate-validation=false, skip-https-hostname-verification=false, c-uri=, start-priority=-1, priority=-1, restart=true, enabled=true, request-header-path=no-request-headers, uri=preinstalled}}
2025-01-28 23:39:09,310 INFO c.h.h.t.HelmChartContainer - [test-hivemq-platform] [hivemq] [6e3cb7dd] INFO  - [HiveMQ Platform Operator Init App 1.7.0-SNAPSHOT] Extension hivemq-allow-all-extension was already enabled
2025-01-28 23:39:09,319 INFO c.h.h.t.HelmChartContainer - [test-hivemq-platform] [hivemq] [6e3cb7dd] INFO  - [HiveMQ Platform Operator Init App 1.7.0-SNAPSHOT] Successfully enabled extension hivemq-prometheus-extension
2025-01-28 23:39:09,320 INFO c.h.h.t.HelmChartContainer - [test-hivemq-platform] [hivemq] [6e3cb7dd] INFO  - [HiveMQ Platform Operator Init App 1.7.0-SNAPSHOT] Starting HiveMQ Platform version 4.36.0 (4.36.0)
2025-01-28 23:39:09,321 INFO c.h.h.t.HelmChartContainer - [test-hivemq-platform] [hivemq] [6e3cb7dd] INFO  - [HiveMQ Platform Operator Init App 1.7.0-SNAPSHOT] Configuring the HiveMQ Platform
2025-01-28 23:39:09,400 INFO c.h.h.t.HelmChartContainer - [test-hivemq-platform] [hivemq] [6e3cb7dd] INFO  - [HiveMQ Platform Operator Init App 1.7.0-SNAPSHOT] Changed logback.xml file scan period to 20 seconds
2025-01-28 23:39:09,494 INFO c.h.h.t.HelmChartContainer - [test-hivemq-platform] [hivemq] [6e3cb7dd] INFO  - [HiveMQ Platform Operator Init App 1.7.0-SNAPSHOT] Starting the HiveMQ Platform
2025-01-28 23:39:09,497 INFO c.h.h.t.HelmChartContainer - [test-hivemq-platform] [hivemq] [6e3cb7dd] -------------------------------------------------------------------------
2025-01-28 23:39:09,497 INFO c.h.h.t.HelmChartContainer - [test-hivemq-platform] [hivemq] [6e3cb7dd] 
2025-01-28 23:39:09,497 INFO c.h.h.t.HelmChartContainer - [test-hivemq-platform] [hivemq] [6e3cb7dd]                   _    _  _              __  __   ____
2025-01-28 23:39:09,497 INFO c.h.h.t.HelmChartContainer - [test-hivemq-platform] [hivemq] [6e3cb7dd]                  | |  | |(_)            |  \/  | / __ \
2025-01-28 23:39:09,497 INFO c.h.h.t.HelmChartContainer - [test-hivemq-platform] [hivemq] [6e3cb7dd]                  | |__| | _ __   __ ___ | \  / || |  | |
2025-01-28 23:39:09,497 INFO c.h.h.t.HelmChartContainer - [test-hivemq-platform] [hivemq] [6e3cb7dd]                  |  __  || |\ \ / // _ \| |\/| || |  | |
2025-01-28 23:39:09,497 INFO c.h.h.t.HelmChartContainer - [test-hivemq-platform] [hivemq] [6e3cb7dd]                  | |  | || | \ V /|  __/| |  | || |__| |
2025-01-28 23:39:09,497 INFO c.h.h.t.HelmChartContainer - [test-hivemq-platform] [hivemq] [6e3cb7dd]                  |_|  |_||_|  \_/  \___||_|  |_| \___\_\
2025-01-28 23:39:09,497 INFO c.h.h.t.HelmChartContainer - [test-hivemq-platform] [hivemq] [6e3cb7dd] 
2025-01-28 23:39:09,497 INFO c.h.h.t.HelmChartContainer - [test-hivemq-platform] [hivemq] [6e3cb7dd] -------------------------------------------------------------------------
2025-01-28 23:39:09,497 INFO c.h.h.t.HelmChartContainer - [test-hivemq-platform] [hivemq] [6e3cb7dd] 
2025-01-28 23:39:09,497 INFO c.h.h.t.HelmChartContainer - [test-hivemq-platform] [hivemq] [6e3cb7dd]   HiveMQ Start Script for Linux/Unix v1.14
2025-01-28 23:39:09,497 INFO c.h.h.t.HelmChartContainer - [test-hivemq-platform] [hivemq] [6e3cb7dd] 
2025-01-28 23:39:09,603 INFO c.h.h.t.HelmChartContainer - [test-hivemq-platform] [hivemq] [6e3cb7dd] -------------------------------------------------------------------------
2025-01-28 23:39:09,603 INFO c.h.h.t.HelmChartContainer - [test-hivemq-platform] [hivemq] [6e3cb7dd] 
2025-01-28 23:39:09,603 INFO c.h.h.t.HelmChartContainer - [test-hivemq-platform] [hivemq] [6e3cb7dd]   HIVEMQ_HOME: /opt/hivemq
2025-01-28 23:39:09,603 INFO c.h.h.t.HelmChartContainer - [test-hivemq-platform] [hivemq] [6e3cb7dd] 
2025-01-28 23:39:09,603 INFO c.h.h.t.HelmChartContainer - [test-hivemq-platform] [hivemq] [6e3cb7dd]   JAVA_OPTS: -XX:+UnlockExperimentalVMOptions -XX:InitialRAMPercentage=50 -XX:MaxRAMPercentage=50 -Djava.net.preferIPv4Stack=true --add-opens java.base/java.lang=ALL-UNNAMED --add-opens java.base/java.nio=ALL-UNNAMED --add-opens java.base/sun.nio.ch=ALL-UNNAMED --add-opens jdk.management/com.sun.management.internal=ALL-UNNAMED --add-exports java.base/jdk.internal.misc=ALL-UNNAMED -Djava.security.egd=file:/dev/./urandom -Dcom.sun.management.jmxremote -Dcom.sun.management.jmxremote.port=9010 -Dcom.sun.management.jmxremote.local.only=false -Dcom.sun.management.jmxremote.authenticate=false -Dcom.sun.management.jmxremote.ssl=false -Duser.language=en -Duser.region=US -XX:+CrashOnOutOfMemoryError -XX:+HeapDumpOnOutOfMemoryError
2025-01-28 23:39:09,603 INFO c.h.h.t.HelmChartContainer - [test-hivemq-platform] [hivemq] [6e3cb7dd] 
2025-01-28 23:39:09,603 INFO c.h.h.t.HelmChartContainer - [test-hivemq-platform] [hivemq] [6e3cb7dd]   JAVA_VERSION: 21
2025-01-28 23:39:09,603 INFO c.h.h.t.HelmChartContainer - [test-hivemq-platform] [hivemq] [6e3cb7dd] 
2025-01-28 23:39:09,603 INFO c.h.h.t.HelmChartContainer - [test-hivemq-platform] [hivemq] [6e3cb7dd] -------------------------------------------------------------------------
2025-01-28 23:39:09,603 INFO c.h.h.t.HelmChartContainer - [test-hivemq-platform] [hivemq] [6e3cb7dd] 
2025-01-28 23:39:11,497 INFO c.h.h.t.HelmChartContainer - [EVENT] Warning [Unhealthy] Readiness probe failed: HTTP probe failed with statuscode: 503 [helmcontainersecuritycontextupgradeplatformit:test-hivemq-platform-1]
2025-01-28 23:39:11,498 INFO c.h.h.t.HelmChartContainer - Received Unhealthy event for container hivemq in pod test-hivemq-platform-1 [6e3cb7dd-caaa-4a72-9133-e702609eb6ff]
2025-01-28 23:39:11,535 INFO c.h.h.t.HelmChartContainer - [hivemq-test-hivemq-platform] [hivemq-platform-operator] [669ffea5] 23:39:11.531 [pool-6-thread-48] DEBUG c.h.p.o.dependants.PodInfoConfigMap - [helmcont] Desired PodInfo ConfigMap (1 extensions) (1 enabled)
2025-01-28 23:39:11,535 INFO c.h.h.t.HelmChartContainer - [hivemq-test-hivemq-platform] [hivemq-platform-operator] [669ffea5] 23:39:11.531 [pool-6-thread-47] DEBUG c.h.p.o.d.PodServiceAccountResource - [helmcont] Desired PodServiceAccountResource (serviceAccountName: hivemq-platform-pod-test-hivemq-platform)
2025-01-28 23:39:11,535 INFO c.h.h.t.HelmChartContainer - [hivemq-test-hivemq-platform] [hivemq-platform-operator] [669ffea5] 23:39:11.531 [pool-6-thread-48] DEBUG c.h.p.o.dependants.PodInfoConfigMap - [helmcont] Desired PodInfo ConfigMap (metrics port: 9399) (metrics path: /)
2025-01-28 23:39:11,535 INFO c.h.h.t.HelmChartContainer - [hivemq-test-hivemq-platform] [hivemq-platform-operator] [669ffea5] 23:39:11.531 [pool-6-thread-48] DEBUG c.h.p.o.dependants.PodInfoConfigMap - [helmcont] Desired PodInfo ConfigMap (extension state hash: -1817474005)
2025-01-28 23:39:11,535 INFO c.h.h.t.HelmChartContainer - [hivemq-test-hivemq-platform] [hivemq-platform-operator] [669ffea5] 23:39:11.532 [pool-6-thread-41] DEBUG c.h.p.o.d.PlatformServiceResource - [helmcont] Desired Platform services (3 services)
2025-01-28 23:39:11,537 INFO c.h.h.t.HelmChartContainer - [hivemq-test-hivemq-platform] [hivemq-platform-operator] [669ffea5] 23:39:11.536 [pool-6-thread-41] DEBUG c.h.p.o.d.StatefulSetResource - [helmcont] Desired StatefulSet (2 replicas) for status ROLLING_RESTART (SURGE_IN_PROGRESS)
2025-01-28 23:39:11,541 INFO c.h.h.t.HelmChartContainer - [hivemq-test-hivemq-platform] [hivemq-platform-operator] [669ffea5] 23:39:11.540 [ReconcilerExecutor-hivemq-controller-122] INFO  c.h.p.o.HiveMQPlatformReconciler - [helmcont] Reconciling HiveMQ Platform 'test-hivemq-platform' in namespace 'helmcontainersecuritycontextupgradeplatformit'
2025-01-28 23:39:11,541 INFO c.h.h.t.HelmChartContainer - [hivemq-test-hivemq-platform] [hivemq-platform-operator] [669ffea5] 23:39:11.540 [ReconcilerExecutor-hivemq-controller-122] DEBUG c.h.p.o.HiveMQPlatformReconciler - [helmcont] Custom Resource Status ROLLING_RESTART - HiveMQ Platform is starting a surge Pod (rolling restart) (SURGE_IN_PROGRESS)
2025-01-28 23:39:11,541 INFO c.h.h.t.HelmChartContainer - [hivemq-test-hivemq-platform] [hivemq-platform-operator] [669ffea5] 23:39:11.540 [ReconcilerExecutor-hivemq-controller-122] DEBUG c.h.p.o.HiveMQPlatformReconciler - [helmcont] Custom Resource Spec (replicas: 1) (extensions: 1)
2025-01-28 23:39:11,543 INFO c.h.h.t.HelmChartContainer - [hivemq-test-hivemq-platform] [hivemq-platform-operator] [669ffea5] 23:39:11.542 [ReconcilerExecutor-hivemq-controller-122] DEBUG c.h.p.o.HiveMQPlatformReconciler - [helmcont] StatefulSet Status (revision: test-hivemq-platform-85948b8786, replicas: 2, available: 1, ready: 1, current: 1, updated: 1)
2025-01-28 23:39:11,543 INFO c.h.h.t.HelmChartContainer - [hivemq-test-hivemq-platform] [hivemq-platform-operator] [669ffea5] 23:39:11.542 [ReconcilerExecutor-hivemq-controller-122] DEBUG c.h.p.o.HiveMQPlatformReconciler - [helmcont] StatefulSet Spec (replicas: 2, init containers: 1, containers: 1, volumes: 3)
2025-01-28 23:39:11,544 INFO c.h.h.t.HelmChartContainer - [hivemq-test-hivemq-platform] [hivemq-platform-operator] [669ffea5] 23:39:11.543 [ReconcilerExecutor-hivemq-controller-122] DEBUG c.h.p.o.h.HiveMQPlatformReconcilerErrorHandler - [helmcont] Pod 'test-hivemq-platform-1' phase Running
2025-01-28 23:39:11,546 INFO c.h.h.t.HelmChartContainer - [hivemq-test-hivemq-platform] [hivemq-platform-operator] [669ffea5] 23:39:11.545 [ReconcilerExecutor-hivemq-controller-122] DEBUG c.h.p.o.h.HiveMQPlatformReconcilerErrorHandler - [helmcont] Pod 'test-hivemq-platform-0' phase Running
2025-01-28 23:39:11,546 INFO c.h.h.t.HelmChartContainer - [hivemq-test-hivemq-platform] [hivemq-platform-operator] [669ffea5] 23:39:11.546 [ReconcilerExecutor-hivemq-controller-122] DEBUG c.h.p.o.h.HiveMQPlatformReconcilerRollingRestartHandler - [helmcont] Rolling restart is waiting for 1 of 2 replicas
2025-01-28 23:39:12,020 INFO c.h.h.t.HelmChartContainer - [test-hivemq-platform] [hivemq] [6e3cb7dd] INFO  - Starting HiveMQ Enterprise Server
2025-01-28 23:39:12,095 INFO c.h.h.t.HelmChartContainer - [test-hivemq-platform] [hivemq] [6e3cb7dd] INFO  - HiveMQ version: 4.36.0
2025-01-28 23:39:12,096 INFO c.h.h.t.HelmChartContainer - [test-hivemq-platform] [hivemq] [6e3cb7dd] INFO  - HiveMQ home directory: /opt/hivemq
2025-01-28 23:39:12,096 INFO c.h.h.t.HelmChartContainer - [test-hivemq-platform] [hivemq] [6e3cb7dd] INFO  - Log Configuration was overridden by /opt/hivemq/conf/logback.xml
2025-01-28 23:39:13,395 INFO c.h.h.t.HelmChartContainer - [test-hivemq-platform] [hivemq] [6e3cb7dd] INFO  - Successfully loaded configuration from '/opt/hivemq/conf-k8s/config.xml'.
2025-01-28 23:39:13,702 INFO c.h.h.t.HelmChartContainer - [test-hivemq-platform] [hivemq] [6e3cb7dd] INFO  - This node's ID is LtTQC
2025-01-28 23:39:13,702 INFO c.h.h.t.HelmChartContainer - [test-hivemq-platform] [hivemq] [6e3cb7dd] INFO  - Clustering is enabled
2025-01-28 23:39:16,715 INFO c.h.h.t.HelmChartContainer - [test-hivemq-platform] [hivemq] [6e3cb7dd] WARN  - [HiveMQ Platform Operator Init App 1.7.0-SNAPSHOT] Cannot connect to Health API for readiness: null
2025-01-28 23:39:16,799 INFO c.h.h.t.HelmChartContainer - [EVENT] Warning [Unhealthy] Readiness probe failed: HTTP probe failed with statuscode: 503 [helmcontainersecuritycontextupgradeplatformit:test-hivemq-platform-1]
2025-01-28 23:39:16,799 INFO c.h.h.t.HelmChartContainer - Received Unhealthy event for container hivemq in pod test-hivemq-platform-1 [6e3cb7dd-caaa-4a72-9133-e702609eb6ff]
2025-01-28 23:39:18,296 INFO c.h.h.t.HelmChartContainer - [test-hivemq-platform] [hivemq] [6e3cb7dd] WARN  - [HiveMQ Platform Operator Init App 1.7.0-SNAPSHOT] Cannot connect to Health API for liveness: null
2025-01-28 23:39:18,297 INFO c.h.h.t.HelmChartContainer - [test-hivemq-platform] [hivemq] [6e3cb7dd] INFO  - [HiveMQ Platform Operator Init App 1.7.0-SNAPSHOT] Returning default Health API response 200 for liveness
2025-01-28 23:39:21,496 INFO c.h.h.t.HelmChartContainer - [test-hivemq-platform] [hivemq] [6e3cb7dd] WARN  - [HiveMQ Platform Operator Init App 1.7.0-SNAPSHOT] Cannot connect to Health API for readiness: null
2025-01-28 23:39:21,501 INFO c.h.h.t.HelmChartContainer - [EVENT] Warning [Unhealthy] Readiness probe failed: HTTP probe failed with statuscode: 503 [helmcontainersecuritycontextupgradeplatformit:test-hivemq-platform-1]
2025-01-28 23:39:21,501 INFO c.h.h.t.HelmChartContainer - Received Unhealthy event for container hivemq in pod test-hivemq-platform-1 [6e3cb7dd-caaa-4a72-9133-e702609eb6ff]
2025-01-28 23:39:21,550 INFO c.h.h.t.HelmChartContainer - [hivemq-test-hivemq-platform] [hivemq-platform-operator] [669ffea5] 23:39:21.549 [pool-6-thread-4] DEBUG c.h.p.o.d.PlatformServiceResource - [helmcont] Desired Platform services (3 services)
2025-01-28 23:39:21,550 INFO c.h.h.t.HelmChartContainer - [hivemq-test-hivemq-platform] [hivemq-platform-operator] [669ffea5] 23:39:21.550 [pool-6-thread-10] DEBUG c.h.p.o.dependants.PodInfoConfigMap - [helmcont] Desired PodInfo ConfigMap (1 extensions) (1 enabled)
2025-01-28 23:39:21,552 INFO c.h.h.t.HelmChartContainer - [hivemq-test-hivemq-platform] [hivemq-platform-operator] [669ffea5] 23:39:21.551 [pool-6-thread-7] DEBUG c.h.p.o.d.PodServiceAccountResource - [helmcont] Desired PodServiceAccountResource (serviceAccountName: hivemq-platform-pod-test-hivemq-platform)
2025-01-28 23:39:21,553 INFO c.h.h.t.HelmChartContainer - [hivemq-test-hivemq-platform] [hivemq-platform-operator] [669ffea5] 23:39:21.551 [pool-6-thread-10] DEBUG c.h.p.o.dependants.PodInfoConfigMap - [helmcont] Desired PodInfo ConfigMap (metrics port: 9399) (metrics path: /)
2025-01-28 23:39:21,554 INFO c.h.h.t.HelmChartContainer - [hivemq-test-hivemq-platform] [hivemq-platform-operator] [669ffea5] 23:39:21.553 [pool-6-thread-10] DEBUG c.h.p.o.dependants.PodInfoConfigMap - [helmcont] Desired PodInfo ConfigMap (extension state hash: -1817474005)
2025-01-28 23:39:21,556 INFO c.h.h.t.HelmChartContainer - [hivemq-test-hivemq-platform] [hivemq-platform-operator] [669ffea5] 23:39:21.556 [pool-6-thread-10] DEBUG c.h.p.o.d.StatefulSetResource - [helmcont] Desired StatefulSet (2 replicas) for status ROLLING_RESTART (SURGE_IN_PROGRESS)
2025-01-28 23:39:21,560 INFO c.h.h.t.HelmChartContainer - [hivemq-test-hivemq-platform] [hivemq-platform-operator] [669ffea5] 23:39:21.559 [ReconcilerExecutor-hivemq-controller-123] INFO  c.h.p.o.HiveMQPlatformReconciler - [helmcont] Reconciling HiveMQ Platform 'test-hivemq-platform' in namespace 'helmcontainersecuritycontextupgradeplatformit'
2025-01-28 23:39:21,563 INFO c.h.h.t.HelmChartContainer - [hivemq-test-hivemq-platform] [hivemq-platform-operator] [669ffea5] 23:39:21.559 [ReconcilerExecutor-hivemq-controller-123] DEBUG c.h.p.o.HiveMQPlatformReconciler - [helmcont] Custom Resource Status ROLLING_RESTART - HiveMQ Platform is starting a surge Pod (rolling restart) (SURGE_IN_PROGRESS)
2025-01-28 23:39:21,563 INFO c.h.h.t.HelmChartContainer - [hivemq-test-hivemq-platform] [hivemq-platform-operator] [669ffea5] 23:39:21.559 [ReconcilerExecutor-hivemq-controller-123] DEBUG c.h.p.o.HiveMQPlatformReconciler - [helmcont] Custom Resource Spec (replicas: 1) (extensions: 1)
2025-01-28 23:39:21,564 INFO c.h.h.t.HelmChartContainer - [hivemq-test-hivemq-platform] [hivemq-platform-operator] [669ffea5] 23:39:21.560 [ReconcilerExecutor-hivemq-controller-123] DEBUG c.h.p.o.HiveMQPlatformReconciler - [helmcont] StatefulSet Status (revision: test-hivemq-platform-85948b8786, replicas: 2, available: 1, ready: 1, current: 1, updated: 1)
2025-01-28 23:39:21,564 INFO c.h.h.t.HelmChartContainer - [hivemq-test-hivemq-platform] [hivemq-platform-operator] [669ffea5] 23:39:21.560 [ReconcilerExecutor-hivemq-controller-123] DEBUG c.h.p.o.HiveMQPlatformReconciler - [helmcont] StatefulSet Spec (replicas: 2, init containers: 1, containers: 1, volumes: 3)
2025-01-28 23:39:21,564 INFO c.h.h.t.HelmChartContainer - [hivemq-test-hivemq-platform] [hivemq-platform-operator] [669ffea5] 23:39:21.561 [ReconcilerExecutor-hivemq-controller-123] DEBUG c.h.p.o.h.HiveMQPlatformReconcilerErrorHandler - [helmcont] Pod 'test-hivemq-platform-1' phase Running
2025-01-28 23:39:21,564 INFO c.h.h.t.HelmChartContainer - [hivemq-test-hivemq-platform] [hivemq-platform-operator] [669ffea5] 23:39:21.562 [ReconcilerExecutor-hivemq-controller-123] DEBUG c.h.p.o.h.HiveMQPlatformReconcilerErrorHandler - [helmcont] Pod 'test-hivemq-platform-0' phase Running
2025-01-28 23:39:21,564 INFO c.h.h.t.HelmChartContainer - [hivemq-test-hivemq-platform] [hivemq-platform-operator] [669ffea5] 23:39:21.562 [ReconcilerExecutor-hivemq-controller-123] DEBUG c.h.p.o.h.HiveMQPlatformReconcilerRollingRestartHandler - [helmcont] Rolling restart is waiting for 1 of 2 replicas
2025-01-28 23:39:26,425 INFO c.h.h.t.HelmChartContainer - [K3S] [range_allocator.go:247] "Successfully synced" key="6b15a01a10f5"
2025-01-28 23:39:26,498 INFO c.h.h.t.HelmChartContainer - [test-hivemq-platform] [hivemq] [6e3cb7dd] WARN  - [HiveMQ Platform Operator Init App 1.7.0-SNAPSHOT] Cannot connect to Health API for readiness: null
2025-01-28 23:39:26,501 INFO c.h.h.t.HelmChartContainer - [EVENT] Warning [Unhealthy] Readiness probe failed: HTTP probe failed with statuscode: 503 [helmcontainersecuritycontextupgradeplatformit:test-hivemq-platform-1]
2025-01-28 23:39:26,501 INFO c.h.h.t.HelmChartContainer - Received Unhealthy event for container hivemq in pod test-hivemq-platform-1 [6e3cb7dd-caaa-4a72-9133-e702609eb6ff]
2025-01-28 23:39:27,703 INFO c.h.h.t.HelmChartContainer - [test-hivemq-platform] [hivemq] [6e3cb7dd] INFO  - No valid license file found. Using trial license, restricted to 25 connections.
2025-01-28 23:39:31,104 INFO c.h.h.t.HelmChartContainer - [test-hivemq-platform] [hivemq] [6e3cb7dd] INFO  - No valid license file for Data Hub found. Using free license, restricted to 1 policy.
2025-01-28 23:39:31,496 INFO c.h.h.t.HelmChartContainer - [test-hivemq-platform] [hivemq] [6e3cb7dd] WARN  - [HiveMQ Platform Operator Init App 1.7.0-SNAPSHOT] Cannot connect to Health API for readiness: null
2025-01-28 23:39:31,500 INFO c.h.h.t.HelmChartContainer - [EVENT] Warning [Unhealthy] Readiness probe failed: HTTP probe failed with statuscode: 503 [helmcontainersecuritycontextupgradeplatformit:test-hivemq-platform-1]
2025-01-28 23:39:31,500 INFO c.h.h.t.HelmChartContainer - Received Unhealthy event for container hivemq in pod test-hivemq-platform-1 [6e3cb7dd-caaa-4a72-9133-e702609eb6ff]
2025-01-28 23:39:31,568 INFO c.h.h.t.HelmChartContainer - [hivemq-test-hivemq-platform] [hivemq-platform-operator] [669ffea5] 23:39:31.566 [pool-6-thread-17] DEBUG c.h.p.o.d.PlatformServiceResource - [helmcont] Desired Platform services (3 services)
2025-01-28 23:39:31,570 INFO c.h.h.t.HelmChartContainer - [hivemq-test-hivemq-platform] [hivemq-platform-operator] [669ffea5] 23:39:31.566 [pool-6-thread-12] DEBUG c.h.p.o.d.PodServiceAccountResource - [helmcont] Desired PodServiceAccountResource (serviceAccountName: hivemq-platform-pod-test-hivemq-platform)
2025-01-28 23:39:31,571 INFO c.h.h.t.HelmChartContainer - [hivemq-test-hivemq-platform] [hivemq-platform-operator] [669ffea5] 23:39:31.568 [pool-6-thread-16] DEBUG c.h.p.o.dependants.PodInfoConfigMap - [helmcont] Desired PodInfo ConfigMap (1 extensions) (1 enabled)
2025-01-28 23:39:31,571 INFO c.h.h.t.HelmChartContainer - [hivemq-test-hivemq-platform] [hivemq-platform-operator] [669ffea5] 23:39:31.569 [pool-6-thread-16] DEBUG c.h.p.o.dependants.PodInfoConfigMap - [helmcont] Desired PodInfo ConfigMap (metrics port: 9399) (metrics path: /)
2025-01-28 23:39:31,572 INFO c.h.h.t.HelmChartContainer - [hivemq-test-hivemq-platform] [hivemq-platform-operator] [669ffea5] 23:39:31.569 [pool-6-thread-16] DEBUG c.h.p.o.dependants.PodInfoConfigMap - [helmcont] Desired PodInfo ConfigMap (extension state hash: -1817474005)
2025-01-28 23:39:31,572 INFO c.h.h.t.HelmChartContainer - [hivemq-test-hivemq-platform] [hivemq-platform-operator] [669ffea5] 23:39:31.571 [pool-6-thread-16] DEBUG c.h.p.o.d.StatefulSetResource - [helmcont] Desired StatefulSet (2 replicas) for status ROLLING_RESTART (SURGE_IN_PROGRESS)
2025-01-28 23:39:31,576 INFO c.h.h.t.HelmChartContainer - [hivemq-test-hivemq-platform] [hivemq-platform-operator] [669ffea5] 23:39:31.574 [ReconcilerExecutor-hivemq-controller-124] INFO  c.h.p.o.HiveMQPlatformReconciler - [helmcont] Reconciling HiveMQ Platform 'test-hivemq-platform' in namespace 'helmcontainersecuritycontextupgradeplatformit'
2025-01-28 23:39:31,576 INFO c.h.h.t.HelmChartContainer - [hivemq-test-hivemq-platform] [hivemq-platform-operator] [669ffea5] 23:39:31.574 [ReconcilerExecutor-hivemq-controller-124] DEBUG c.h.p.o.HiveMQPlatformReconciler - [helmcont] Custom Resource Status ROLLING_RESTART - HiveMQ Platform is starting a surge Pod (rolling restart) (SURGE_IN_PROGRESS)
2025-01-28 23:39:31,576 INFO c.h.h.t.HelmChartContainer - [hivemq-test-hivemq-platform] [hivemq-platform-operator] [669ffea5] 23:39:31.574 [ReconcilerExecutor-hivemq-controller-124] DEBUG c.h.p.o.HiveMQPlatformReconciler - [helmcont] Custom Resource Spec (replicas: 1) (extensions: 1)
2025-01-28 23:39:31,577 INFO c.h.h.t.HelmChartContainer - [hivemq-test-hivemq-platform] [hivemq-platform-operator] [669ffea5] 23:39:31.576 [ReconcilerExecutor-hivemq-controller-124] DEBUG c.h.p.o.HiveMQPlatformReconciler - [helmcont] StatefulSet Status (revision: test-hivemq-platform-85948b8786, replicas: 2, available: 1, ready: 1, current: 1, updated: 1)
2025-01-28 23:39:31,577 INFO c.h.h.t.HelmChartContainer - [hivemq-test-hivemq-platform] [hivemq-platform-operator] [669ffea5] 23:39:31.576 [ReconcilerExecutor-hivemq-controller-124] DEBUG c.h.p.o.HiveMQPlatformReconciler - [helmcont] StatefulSet Spec (replicas: 2, init containers: 1, containers: 1, volumes: 3)
2025-01-28 23:39:31,578 INFO c.h.h.t.HelmChartContainer - [hivemq-test-hivemq-platform] [hivemq-platform-operator] [669ffea5] 23:39:31.577 [ReconcilerExecutor-hivemq-controller-124] DEBUG c.h.p.o.h.HiveMQPlatformReconcilerErrorHandler - [helmcont] Pod 'test-hivemq-platform-1' phase Running
2025-01-28 23:39:31,579 INFO c.h.h.t.HelmChartContainer - [hivemq-test-hivemq-platform] [hivemq-platform-operator] [669ffea5] 23:39:31.578 [ReconcilerExecutor-hivemq-controller-124] DEBUG c.h.p.o.h.HiveMQPlatformReconcilerErrorHandler - [helmcont] Pod 'test-hivemq-platform-0' phase Running
2025-01-28 23:39:31,580 INFO c.h.h.t.HelmChartContainer - [hivemq-test-hivemq-platform] [hivemq-platform-operator] [669ffea5] 23:39:31.578 [ReconcilerExecutor-hivemq-controller-124] DEBUG c.h.p.o.h.HiveMQPlatformReconcilerRollingRestartHandler - [helmcont] Rolling restart is waiting for 1 of 2 replicas
2025-01-28 23:39:32,493 INFO c.h.h.t.HelmChartContainer - [test-hivemq-platform] [hivemq] [6e3cb7dd] INFO  - Audit Logger started.
2025-01-28 23:39:32,738 INFO c.h.h.t.HelmChartContainer - [test-hivemq-platform] [hivemq] [6e3cb7dd] INFO  - This node uses '1' CPU cores.
2025-01-28 23:39:32,797 INFO c.h.h.t.HelmChartContainer - [test-hivemq-platform] [hivemq] [6e3cb7dd] INFO  - Starting HiveMQ Health API on address 0.0.0.0 and port 8889
2025-01-28 23:39:33,699 INFO c.h.h.t.HelmChartContainer - [test-hivemq-platform] [hivemq] [6e3cb7dd] INFO  - Started HiveMQ Health API in 902ms
2025-01-28 23:39:34,299 INFO c.h.h.t.HelmChartContainer - [test-hivemq-platform] [hivemq] [6e3cb7dd] INFO  - Starting HiveMQ extension system.
2025-01-28 23:39:34,595 INFO c.h.h.t.HelmChartContainer - [test-hivemq-platform] [hivemq] [6e3cb7dd] INFO  - Starting extension with id "hivemq-dns-cluster-discovery" at /opt/hivemq/extensions/hivemq-dns-cluster-discovery
2025-01-28 23:39:35,113 INFO c.h.h.t.HelmChartContainer - [test-hivemq-platform] [hivemq] [6e3cb7dd] INFO  - Extension "DNS Cluster Discovery Extension" version 4.3.2 started successfully.
2025-01-28 23:39:35,114 INFO c.h.h.t.HelmChartContainer - [test-hivemq-platform] [hivemq] [6e3cb7dd] INFO  - Using TCP cluster transport on address 10.42.0.11 and port 7000
2025-01-28 23:39:35,114 INFO c.h.h.t.HelmChartContainer - [test-hivemq-platform] [hivemq] [6e3cb7dd] INFO  - Starting extension with id "hivemq-prometheus-extension" at /opt/hivemq/extensions/hivemq-prometheus-extension
2025-01-28 23:39:35,195 INFO c.h.h.t.HelmChartContainer - [test-hivemq-platform] [hivemq] [6e3cb7dd] INFO  - Using extension cluster discovery
2025-01-28 23:39:36,118 INFO c.h.h.t.HelmChartContainer - [test-hivemq-platform] [hivemq] [6e3cb7dd] INFO  - Started Jetty Server exposing Prometheus Servlet on URI http://0.0.0.0:9399/
2025-01-28 23:39:36,119 INFO c.h.h.t.HelmChartContainer - [test-hivemq-platform] [hivemq] [6e3cb7dd] INFO  - Extension "Prometheus Monitoring Extension" version 4.0.12 started successfully.
2025-01-28 23:39:36,119 INFO c.h.h.t.HelmChartContainer - [test-hivemq-platform] [hivemq] [6e3cb7dd] INFO  - Starting extension with id "hivemq-allow-all-extension" at /opt/hivemq/extensions/hivemq-allow-all-extension
2025-01-28 23:39:36,119 INFO c.h.h.t.HelmChartContainer - [test-hivemq-platform] [hivemq] [6e3cb7dd] WARN  - 
2025-01-28 23:39:36,119 INFO c.h.h.t.HelmChartContainer - [test-hivemq-platform] [hivemq] [6e3cb7dd] ################################################################################################################
2025-01-28 23:39:36,119 INFO c.h.h.t.HelmChartContainer - [test-hivemq-platform] [hivemq] [6e3cb7dd] # This HiveMQ deployment is not secure! You are lacking Authentication and Authorization.                      #
2025-01-28 23:39:36,119 INFO c.h.h.t.HelmChartContainer - [test-hivemq-platform] [hivemq] [6e3cb7dd] # Right now any MQTT client can connect to the broker with a full set of permissions.                          #
2025-01-28 23:39:36,119 INFO c.h.h.t.HelmChartContainer - [test-hivemq-platform] [hivemq] [6e3cb7dd] # For production usage, add an appropriate security extension and remove the hivemq-allow-all extension.       #
2025-01-28 23:39:36,119 INFO c.h.h.t.HelmChartContainer - [test-hivemq-platform] [hivemq] [6e3cb7dd] # You can download security extensions from the HiveMQ Marketplace (https://www.hivemq.com/extensions/).       #
2025-01-28 23:39:36,119 INFO c.h.h.t.HelmChartContainer - [test-hivemq-platform] [hivemq] [6e3cb7dd] ################################################################################################################
2025-01-28 23:39:36,119 INFO c.h.h.t.HelmChartContainer - [test-hivemq-platform] [hivemq] [6e3cb7dd] INFO  - Extension "Allow All Extension" version 1.1.1 started successfully.
2025-01-28 23:39:36,224 INFO c.h.h.t.HelmChartContainer - [test-hivemq-platform] [hivemq] [b7387f7a] INFO  - Cluster nodes found by discovery: [aSZpd|1] (2) [aSZpd, LtTQC].
2025-01-28 23:39:36,312 INFO c.h.h.t.HelmChartContainer - [test-hivemq-platform] [hivemq] [6e3cb7dd] INFO  - Cluster nodes found by discovery: [aSZpd|1] (2) [aSZpd, LtTQC].
2025-01-28 23:39:36,493 INFO c.h.h.t.HelmChartContainer - [test-hivemq-platform] [hivemq] [6e3cb7dd] INFO  - Cluster size = 1, members : [aSZpd].
2025-01-28 23:39:37,122 INFO c.h.h.t.HelmChartContainer - [test-hivemq-platform] [hivemq] [6e3cb7dd] INFO  - Starting cluster join process. This may take a while. Please do not shut down HiveMQ.
2025-01-28 23:39:37,195 INFO c.h.h.t.HelmChartContainer - [test-hivemq-platform] [hivemq] [6e3cb7dd] INFO  - Cluster join process is still ongoing. Please do not shut down HiveMQ.
2025-01-28 23:39:37,417 INFO c.h.h.t.HelmChartContainer - [test-hivemq-platform] [hivemq] [6e3cb7dd] INFO  - [HiveMQ Platform Operator Init App 1.7.0-SNAPSHOT] Returning Health API response 503 for readiness
2025-01-28 23:39:37,423 INFO c.h.h.t.HelmChartContainer - [EVENT] Warning [Unhealthy] Readiness probe failed: HTTP probe failed with statuscode: 503 [helmcontainersecuritycontextupgradeplatformit:test-hivemq-platform-1]
2025-01-28 23:39:37,423 INFO c.h.h.t.HelmChartContainer - Received Unhealthy event for container hivemq in pod test-hivemq-platform-1 [6e3cb7dd-caaa-4a72-9133-e702609eb6ff]
2025-01-28 23:39:39,134 INFO c.h.h.t.HelmChartContainer - [test-hivemq-platform] [hivemq] [b7387f7a] INFO  - Cluster size = 2, members : [aSZpd, LtTQC].
2025-01-28 23:39:39,152 INFO c.h.h.t.HelmChartContainer - [test-hivemq-platform] [hivemq] [6e3cb7dd] INFO  - Cluster size = 2, members : [aSZpd, LtTQC].
2025-01-28 23:39:39,213 INFO c.h.h.t.HelmChartContainer - [test-hivemq-platform] [hivemq] [6e3cb7dd] INFO  - Finished cluster join process successfully.
2025-01-28 23:39:39,216 INFO c.h.h.t.HelmChartContainer - [test-hivemq-platform] [hivemq] [6e3cb7dd] WARN  - No user for HiveMQ Control Center configured. Starting with default user
2025-01-28 23:39:39,216 INFO c.h.h.t.HelmChartContainer - [test-hivemq-platform] [hivemq] [6e3cb7dd] INFO  - Starting HiveMQ Control Center on address 0.0.0.0 and port 8080
2025-01-28 23:39:39,219 INFO c.h.h.t.HelmChartContainer - [test-hivemq-platform] [hivemq] [6e3cb7dd] INFO  - Mounting HiveMQ Control Center V2 Preview
2025-01-28 23:39:39,917 INFO c.h.h.t.HelmChartContainer - [test-hivemq-platform] [hivemq] [6e3cb7dd] INFO  - Started HiveMQ Control Center in 702ms
2025-01-28 23:39:39,931 INFO c.h.h.t.HelmChartContainer - [test-hivemq-platform] [hivemq] [6e3cb7dd] INFO  - Starting TCP listener on address 0.0.0.0 and port 1884
2025-01-28 23:39:40,024 INFO c.h.h.t.HelmChartContainer - [test-hivemq-platform] [hivemq] [6e3cb7dd] INFO  - Started TCP Listener on address 0.0.0.0 and on port 1884.
2025-01-28 23:39:40,024 INFO c.h.h.t.HelmChartContainer - [test-hivemq-platform] [hivemq] [6e3cb7dd] INFO  - Started HiveMQ in 28305ms
2025-01-28 23:39:41,434 INFO c.h.h.t.HelmChartContainer - [test-hivemq-platform] [hivemq] [6e3cb7dd] INFO  - [HiveMQ Platform Operator Init App 1.7.0-SNAPSHOT] Returning Health API response 200 for readiness
2025-01-28 23:39:41,445 INFO c.h.h.t.HelmChartContainer - [POD] test-hivemq-platform-1 [6e3cb7dd-caaa-4a72-9133-e702609eb6ff] in helmcontainersecuritycontextupgradeplatformit was MODIFIED
2025-01-28 23:39:41,460 INFO c.h.h.t.HelmChartContainer - [hivemq-test-hivemq-platform] [hivemq-platform-operator] [669ffea5] 23:39:41.451 [pool-6-thread-22] DEBUG c.h.p.o.d.PlatformServiceResource - [helmcont] Desired Platform services (3 services)
2025-01-28 23:39:41,460 INFO c.h.h.t.HelmChartContainer - [hivemq-test-hivemq-platform] [hivemq-platform-operator] [669ffea5] 23:39:41.451 [pool-6-thread-27] DEBUG c.h.p.o.dependants.PodInfoConfigMap - [helmcont] Desired PodInfo ConfigMap (1 extensions) (1 enabled)
2025-01-28 23:39:41,460 INFO c.h.h.t.HelmChartContainer - [hivemq-test-hivemq-platform] [hivemq-platform-operator] [669ffea5] 23:39:41.451 [pool-6-thread-27] DEBUG c.h.p.o.dependants.PodInfoConfigMap - [helmcont] Desired PodInfo ConfigMap (metrics port: 9399) (metrics path: /)
2025-01-28 23:39:41,460 INFO c.h.h.t.HelmChartContainer - [hivemq-test-hivemq-platform] [hivemq-platform-operator] [669ffea5] 23:39:41.451 [pool-6-thread-27] DEBUG c.h.p.o.dependants.PodInfoConfigMap - [helmcont] Desired PodInfo ConfigMap (extension state hash: -1817474005)
2025-01-28 23:39:41,460 INFO c.h.h.t.HelmChartContainer - [hivemq-test-hivemq-platform] [hivemq-platform-operator] [669ffea5] 23:39:41.453 [pool-6-thread-27] DEBUG c.h.p.o.d.PodServiceAccountResource - [helmcont] Desired PodServiceAccountResource (serviceAccountName: hivemq-platform-pod-test-hivemq-platform)
2025-01-28 23:39:41,463 INFO c.h.h.t.HelmChartContainer - [hivemq-test-hivemq-platform] [hivemq-platform-operator] [669ffea5] 23:39:41.457 [pool-6-thread-26] DEBUG c.h.p.o.d.StatefulSetResource - [helmcont] Desired StatefulSet (2 replicas) for status ROLLING_RESTART (SURGE_IN_PROGRESS)
2025-01-28 23:39:41,464 INFO c.h.h.t.HelmChartContainer - [hivemq-test-hivemq-platform] [hivemq-platform-operator] [669ffea5] 23:39:41.461 [ReconcilerExecutor-hivemq-controller-125] INFO  c.h.p.o.HiveMQPlatformReconciler - [helmcont] Reconciling HiveMQ Platform 'test-hivemq-platform' in namespace 'helmcontainersecuritycontextupgradeplatformit'
2025-01-28 23:39:41,464 INFO c.h.h.t.HelmChartContainer - [hivemq-test-hivemq-platform] [hivemq-platform-operator] [669ffea5] 23:39:41.461 [ReconcilerExecutor-hivemq-controller-125] DEBUG c.h.p.o.HiveMQPlatformReconciler - [helmcont] Custom Resource Status ROLLING_RESTART - HiveMQ Platform is starting a surge Pod (rolling restart) (SURGE_IN_PROGRESS)
2025-01-28 23:39:41,464 INFO c.h.h.t.HelmChartContainer - [hivemq-test-hivemq-platform] [hivemq-platform-operator] [669ffea5] 23:39:41.461 [ReconcilerExecutor-hivemq-controller-125] DEBUG c.h.p.o.HiveMQPlatformReconciler - [helmcont] Custom Resource Spec (replicas: 1) (extensions: 1)
2025-01-28 23:39:41,464 INFO c.h.h.t.HelmChartContainer - [hivemq-test-hivemq-platform] [hivemq-platform-operator] [669ffea5] 23:39:41.463 [ReconcilerExecutor-hivemq-controller-125] DEBUG c.h.p.o.HiveMQPlatformReconciler - [helmcont] StatefulSet Status (revision: test-hivemq-platform-85948b8786, replicas: 2, available: 1, ready: 1, current: 1, updated: 1)
2025-01-28 23:39:41,468 INFO c.h.h.t.HelmChartContainer - [hivemq-test-hivemq-platform] [hivemq-platform-operator] [669ffea5] 23:39:41.463 [ReconcilerExecutor-hivemq-controller-125] DEBUG c.h.p.o.HiveMQPlatformReconciler - [helmcont] StatefulSet Spec (replicas: 2, init containers: 1, containers: 1, volumes: 3)
2025-01-28 23:39:41,468 INFO c.h.h.t.HelmChartContainer - [hivemq-test-hivemq-platform] [hivemq-platform-operator] [669ffea5] 23:39:41.464 [ReconcilerExecutor-hivemq-controller-125] DEBUG c.h.p.o.h.HiveMQPlatformReconcilerErrorHandler - [helmcont] Pod 'test-hivemq-platform-1' phase Running
2025-01-28 23:39:41,473 INFO c.h.h.t.HelmChartContainer - [hivemq-test-hivemq-platform] [hivemq-platform-operator] [669ffea5] 23:39:41.471 [ReconcilerExecutor-hivemq-controller-125] DEBUG c.h.p.o.h.HiveMQPlatformReconcilerErrorHandler - [helmcont] Pod 'test-hivemq-platform-0' phase Running
2025-01-28 23:39:41,473 INFO c.h.h.t.HelmChartContainer - [hivemq-test-hivemq-platform] [hivemq-platform-operator] [669ffea5] 23:39:41.471 [ReconcilerExecutor-hivemq-controller-125] DEBUG c.h.p.o.h.HiveMQPlatformReconcilerRollingRestartHandler - [helmcont] Rolling restart is waiting for 1 of 2 replicas
2025-01-28 23:39:41,534 INFO c.h.h.t.HelmChartContainer - [hivemq-test-hivemq-platform] [hivemq-platform-operator] [669ffea5] 23:39:41.529 [pool-6-thread-39] DEBUG c.h.p.o.d.PlatformServiceResource - [helmcont] Desired Platform services (3 services)
2025-01-28 23:39:41,534 INFO c.h.h.t.HelmChartContainer - [hivemq-test-hivemq-platform] [hivemq-platform-operator] [669ffea5] 23:39:41.530 [pool-6-thread-33] DEBUG c.h.p.o.dependants.PodInfoConfigMap - [helmcont] Desired PodInfo ConfigMap (1 extensions) (1 enabled)
2025-01-28 23:39:41,534 INFO c.h.h.t.HelmChartContainer - [hivemq-test-hivemq-platform] [hivemq-platform-operator] [669ffea5] 23:39:41.530 [pool-6-thread-33] DEBUG c.h.p.o.dependants.PodInfoConfigMap - [helmcont] Desired PodInfo ConfigMap (metrics port: 9399) (metrics path: /)
2025-01-28 23:39:41,534 INFO c.h.h.t.HelmChartContainer - [hivemq-test-hivemq-platform] [hivemq-platform-operator] [669ffea5] 23:39:41.530 [pool-6-thread-33] DEBUG c.h.p.o.dependants.PodInfoConfigMap - [helmcont] Desired PodInfo ConfigMap (extension state hash: -1817474005)
2025-01-28 23:39:41,534 INFO c.h.h.t.HelmChartContainer - [hivemq-test-hivemq-platform] [hivemq-platform-operator] [669ffea5] 23:39:41.532 [pool-6-thread-33] DEBUG c.h.p.o.d.PodServiceAccountResource - [helmcont] Desired PodServiceAccountResource (serviceAccountName: hivemq-platform-pod-test-hivemq-platform)
2025-01-28 23:39:41,535 INFO c.h.h.t.HelmChartContainer - [hivemq-test-hivemq-platform] [hivemq-platform-operator] [669ffea5] 23:39:41.535 [pool-6-thread-31] DEBUG c.h.p.o.d.StatefulSetResource - [helmcont] Desired StatefulSet (2 replicas) for status ROLLING_RESTART (SURGE_IN_PROGRESS)
2025-01-28 23:39:41,539 INFO c.h.h.t.HelmChartContainer - [hivemq-test-hivemq-platform] [hivemq-platform-operator] [669ffea5] 23:39:41.537 [ReconcilerExecutor-hivemq-controller-126] INFO  c.h.p.o.HiveMQPlatformReconciler - [helmcont] Reconciling HiveMQ Platform 'test-hivemq-platform' in namespace 'helmcontainersecuritycontextupgradeplatformit'
2025-01-28 23:39:41,539 INFO c.h.h.t.HelmChartContainer - [hivemq-test-hivemq-platform] [hivemq-platform-operator] [669ffea5] 23:39:41.538 [ReconcilerExecutor-hivemq-controller-126] DEBUG c.h.p.o.HiveMQPlatformReconciler - [helmcont] Custom Resource Status ROLLING_RESTART - HiveMQ Platform is starting a surge Pod (rolling restart) (SURGE_IN_PROGRESS)
2025-01-28 23:39:41,540 INFO c.h.h.t.HelmChartContainer - [hivemq-test-hivemq-platform] [hivemq-platform-operator] [669ffea5] 23:39:41.538 [ReconcilerExecutor-hivemq-controller-126] DEBUG c.h.p.o.HiveMQPlatformReconciler - [helmcont] Custom Resource Spec (replicas: 1) (extensions: 1)
2025-01-28 23:39:41,541 INFO c.h.h.t.HelmChartContainer - [hivemq-test-hivemq-platform] [hivemq-platform-operator] [669ffea5] 23:39:41.539 [ReconcilerExecutor-hivemq-controller-126] DEBUG c.h.p.o.HiveMQPlatformReconciler - [helmcont] StatefulSet Status (revision: test-hivemq-platform-85948b8786, replicas: 2, available: 2, ready: 2, current: 1, updated: 1)
2025-01-28 23:39:41,541 INFO c.h.h.t.HelmChartContainer - [hivemq-test-hivemq-platform] [hivemq-platform-operator] [669ffea5] 23:39:41.539 [ReconcilerExecutor-hivemq-controller-126] DEBUG c.h.p.o.HiveMQPlatformReconciler - [helmcont] StatefulSet Spec (replicas: 2, init containers: 1, containers: 1, volumes: 3)
2025-01-28 23:39:41,543 INFO c.h.h.t.HelmChartContainer - [hivemq-test-hivemq-platform] [hivemq-platform-operator] [669ffea5] 23:39:41.541 [ReconcilerExecutor-hivemq-controller-126] DEBUG c.h.p.o.h.HiveMQPlatformReconcilerErrorHandler - [helmcont] Pod 'test-hivemq-platform-1' phase Running
2025-01-28 23:39:41,543 INFO c.h.h.t.HelmChartContainer - [hivemq-test-hivemq-platform] [hivemq-platform-operator] [669ffea5] 23:39:41.542 [ReconcilerExecutor-hivemq-controller-126] DEBUG c.h.p.o.h.HiveMQPlatformReconcilerErrorHandler - [helmcont] Pod 'test-hivemq-platform-0' phase Running
2025-01-28 23:39:41,543 INFO c.h.h.t.HelmChartContainer - [hivemq-test-hivemq-platform] [hivemq-platform-operator] [669ffea5] 23:39:41.543 [ReconcilerExecutor-hivemq-controller-126] INFO  c.h.p.o.h.HiveMQPlatformReconcilerRollingRestartHandler - [helmcont] Surge Pod started successfully
2025-01-28 23:39:41,643 INFO c.h.h.t.HelmChartContainer - [hivemq-test-hivemq-platform] [hivemq-platform-operator] [669ffea5] 23:39:41.642 [ReconcilerExecutor-hivemq-controller-126] DEBUG c.h.p.operator.event.EventSender - [helmcont] Creating K8s event rolling-restart-surge-in-progress: [RollingRestart] HiveMQ Platform is restarting Pods (rolling restart)
2025-01-28 23:39:41,649 INFO c.h.h.t.HelmChartContainer - [EVENT] Normal [RollingRestart] HiveMQ Platform is restarting Pods (rolling restart) [helmcontainersecuritycontextupgradeplatformit:test-hivemq-platform]
2025-01-28 23:39:41,651 INFO c.h.h.t.HelmChartContainer - [hivemq-test-hivemq-platform] [hivemq-platform-operator] [669ffea5] 23:39:41.649 [ReconcilerExecutor-hivemq-controller-126] INFO  c.h.p.o.h.AbstractHiveMQReconcilerStateHandler - [helmcont] Update HiveMQ Platform Status (ROLLING_RESTART [SURGE_IN_PROGRESS] -> ROLLING_RESTART [RESTART_PODS_IN_PROGRESS]): HiveMQ Platform is restarting Pods (rolling restart)
2025-01-28 23:39:41,733 DEBUG com.hivemq.helmcharts.util.K8sUtil - Comparing actual state 'ROLLING_RESTART' and waiting for 'RUNNING'
2025-01-28 23:39:48,250 INFO c.h.h.t.HelmChartContainer - [test-hivemq-platform] [hivemq] [6e3cb7dd] INFO  - [HiveMQ Platform Operator Init App 1.7.0-SNAPSHOT] Returning Health API response 200 for liveness
2025-01-28 23:39:51,740 INFO c.h.h.t.HelmChartContainer - [hivemq-test-hivemq-platform] [hivemq-platform-operator] [669ffea5] 23:39:51.738 [pool-6-thread-44] DEBUG c.h.p.o.d.PlatformServiceResource - [helmcont] Desired Platform services (3 services)
2025-01-28 23:39:51,740 INFO c.h.h.t.HelmChartContainer - [hivemq-test-hivemq-platform] [hivemq-platform-operator] [669ffea5] 23:39:51.738 [pool-6-thread-43] DEBUG c.h.p.o.dependants.PodInfoConfigMap - [helmcont] Desired PodInfo ConfigMap (1 extensions) (1 enabled)
2025-01-28 23:39:51,742 INFO c.h.h.t.HelmChartContainer - [hivemq-test-hivemq-platform] [hivemq-platform-operator] [669ffea5] 23:39:51.738 [pool-6-thread-48] DEBUG c.h.p.o.d.PodServiceAccountResource - [helmcont] Desired PodServiceAccountResource (serviceAccountName: hivemq-platform-pod-test-hivemq-platform)
2025-01-28 23:39:51,742 INFO c.h.h.t.HelmChartContainer - [hivemq-test-hivemq-platform] [hivemq-platform-operator] [669ffea5] 23:39:51.739 [pool-6-thread-43] DEBUG c.h.p.o.dependants.PodInfoConfigMap - [helmcont] Desired PodInfo ConfigMap (metrics port: 9399) (metrics path: /)
2025-01-28 23:39:51,742 INFO c.h.h.t.HelmChartContainer - [hivemq-test-hivemq-platform] [hivemq-platform-operator] [669ffea5] 23:39:51.740 [pool-6-thread-43] DEBUG c.h.p.o.dependants.PodInfoConfigMap - [helmcont] Desired PodInfo ConfigMap (extension state hash: -1817474005)
2025-01-28 23:39:51,828 INFO c.h.h.t.HelmChartContainer - [hivemq-test-hivemq-platform] [hivemq-platform-operator] [669ffea5] 23:39:51.827 [pool-6-thread-44] DEBUG c.h.p.o.d.StatefulSetResource - [helmcont] Desired StatefulSet (2 replicas) for status ROLLING_RESTART (RESTART_PODS_IN_PROGRESS)
2025-01-28 23:39:51,832 INFO c.h.h.t.HelmChartContainer - [hivemq-test-hivemq-platform] [hivemq-platform-operator] [669ffea5] 23:39:51.830 [ReconcilerExecutor-hivemq-controller-127] INFO  c.h.p.o.HiveMQPlatformReconciler - [helmcont] Reconciling HiveMQ Platform 'test-hivemq-platform' in namespace 'helmcontainersecuritycontextupgradeplatformit'
2025-01-28 23:39:51,832 INFO c.h.h.t.HelmChartContainer - [hivemq-test-hivemq-platform] [hivemq-platform-operator] [669ffea5] 23:39:51.831 [ReconcilerExecutor-hivemq-controller-127] DEBUG c.h.p.o.HiveMQPlatformReconciler - [helmcont] Custom Resource Status ROLLING_RESTART - HiveMQ Platform is restarting Pods (rolling restart) (RESTART_PODS_IN_PROGRESS)
2025-01-28 23:39:51,832 INFO c.h.h.t.HelmChartContainer - [hivemq-test-hivemq-platform] [hivemq-platform-operator] [669ffea5] 23:39:51.831 [ReconcilerExecutor-hivemq-controller-127] DEBUG c.h.p.o.HiveMQPlatformReconciler - [helmcont] Custom Resource Spec (replicas: 1) (extensions: 1)
2025-01-28 23:39:51,833 INFO c.h.h.t.HelmChartContainer - [hivemq-test-hivemq-platform] [hivemq-platform-operator] [669ffea5] 23:39:51.832 [ReconcilerExecutor-hivemq-controller-127] DEBUG c.h.p.o.HiveMQPlatformReconciler - [helmcont] StatefulSet Status (revision: test-hivemq-platform-85948b8786, replicas: 2, available: 2, ready: 2, current: 1, updated: 1)
2025-01-28 23:39:51,833 INFO c.h.h.t.HelmChartContainer - [hivemq-test-hivemq-platform] [hivemq-platform-operator] [669ffea5] 23:39:51.832 [ReconcilerExecutor-hivemq-controller-127] DEBUG c.h.p.o.HiveMQPlatformReconciler - [helmcont] StatefulSet Spec (replicas: 2, init containers: 1, containers: 1, volumes: 3)
2025-01-28 23:39:51,835 INFO c.h.h.t.HelmChartContainer - [hivemq-test-hivemq-platform] [hivemq-platform-operator] [669ffea5] 23:39:51.833 [ReconcilerExecutor-hivemq-controller-127] DEBUG c.h.p.o.h.HiveMQPlatformReconcilerErrorHandler - [helmcont] Pod 'test-hivemq-platform-1' phase Running
2025-01-28 23:39:51,835 INFO c.h.h.t.HelmChartContainer - [hivemq-test-hivemq-platform] [hivemq-platform-operator] [669ffea5] 23:39:51.834 [ReconcilerExecutor-hivemq-controller-127] DEBUG c.h.p.o.h.HiveMQPlatformReconcilerErrorHandler - [helmcont] Pod 'test-hivemq-platform-0' phase Running
2025-01-28 23:39:51,843 INFO c.h.h.t.HelmChartContainer - [hivemq-test-hivemq-platform] [hivemq-platform-operator] [669ffea5] 23:39:51.842 [ReconcilerExecutor-hivemq-controller-127] DEBUG c.h.p.o.h.HiveMQPlatformReconcilerRollingRestartHandler - [helmcont] Skipping Pod test-hivemq-platform-1 as it's already on the controller update revision (update revision: test-hivemq-platform-85948b8786, pod revision: test-hivemq-platform-85948b8786)
2025-01-28 23:39:51,935 INFO c.h.h.t.HelmChartContainer - [hivemq-test-hivemq-platform] [hivemq-platform-operator] [669ffea5] 23:39:51.934 [ReconcilerExecutor-hivemq-controller-127] DEBUG c.h.p.o.h.HiveMQPlatformReconcilerRollingRestartHandler - [helmcont] The last Pod is running for 64 seconds, the next Pod can be restarted
2025-01-28 23:39:51,937 INFO c.h.h.t.HelmChartContainer - [hivemq-test-hivemq-platform] [hivemq-platform-operator] [669ffea5] 23:39:51.934 [ReconcilerExecutor-hivemq-controller-127] INFO  c.h.p.o.h.HiveMQPlatformReconcilerRollingRestartHandler - [helmcont] Restarting Pod test-hivemq-platform-0 as it's not matching the controller update revision (update revision: test-hivemq-platform-85948b8786, pod revision: test-hivemq-platform-fc778bc4c)
2025-01-28 23:39:51,951 INFO c.h.h.t.HelmChartContainer - [POD] test-hivemq-platform-0 [b7387f7a-51c4-40c4-9361-966e01e0d346] in helmcontainersecuritycontextupgradeplatformit was MODIFIED
2025-01-28 23:39:51,957 INFO c.h.h.t.HelmChartContainer - [EVENT] Normal [Killing] Stopping container hivemq [helmcontainersecuritycontextupgradeplatformit:test-hivemq-platform-0]
2025-01-28 23:39:51,957 INFO c.h.h.t.HelmChartContainer - Received Killing event for container hivemq in pod test-hivemq-platform-0 [b7387f7a-51c4-40c4-9361-966e01e0d346]
2025-01-28 23:39:51,957 INFO c.h.h.t.HelmChartContainer - Container [test-hivemq-platform-0] [hivemq] [b7387f7a-51c4-40c4-9361-966e01e0d346] was terminated
2025-01-28 23:39:51,957 INFO c.h.h.t.HelmChartContainer - Stopped log watcher for hivemq in pod test-hivemq-platform-0 [b7387f7a-51c4-40c4-9361-966e01e0d346]
2025-01-28 23:39:51,961 INFO c.h.h.t.HelmChartContainer - [test-hivemq-platform] [hivemq] [b7387f7a] INFO  - [HiveMQ Platform Operator Init App 1.7.0-SNAPSHOT] Shutting down
2025-01-28 23:39:51,961 INFO c.h.h.t.HelmChartContainer - [test-hivemq-platform] [hivemq] [b7387f7a] INFO  - [HiveMQ Platform Operator Init App 1.7.0-SNAPSHOT] Stopping the HiveMQ Platform
2025-01-28 23:39:52,033 INFO c.h.h.t.HelmChartContainer - [hivemq-test-hivemq-platform] [hivemq-platform-operator] [669ffea5] 23:39:52.031 [pool-6-thread-1] DEBUG c.h.p.o.d.PlatformServiceResource - [helmcont] Desired Platform services (3 services)
2025-01-28 23:39:52,034 INFO c.h.h.t.HelmChartContainer - [hivemq-test-hivemq-platform] [hivemq-platform-operator] [669ffea5] 23:39:52.033 [pool-6-thread-8] DEBUG c.h.p.o.d.PodServiceAccountResource - [helmcont] Desired PodServiceAccountResource (serviceAccountName: hivemq-platform-pod-test-hivemq-platform)
2025-01-28 23:39:52,036 INFO c.h.h.t.HelmChartContainer - [hivemq-test-hivemq-platform] [hivemq-platform-operator] [669ffea5] 23:39:52.035 [pool-6-thread-9] DEBUG c.h.p.o.dependants.PodInfoConfigMap - [helmcont] Desired PodInfo ConfigMap (1 extensions) (1 enabled)
2025-01-28 23:39:52,036 INFO c.h.h.t.HelmChartContainer - [hivemq-test-hivemq-platform] [hivemq-platform-operator] [669ffea5] 23:39:52.035 [pool-6-thread-9] DEBUG c.h.p.o.dependants.PodInfoConfigMap - [helmcont] Desired PodInfo ConfigMap (metrics port: 9399) (metrics path: /)
2025-01-28 23:39:52,036 INFO c.h.h.t.HelmChartContainer - [hivemq-test-hivemq-platform] [hivemq-platform-operator] [669ffea5] 23:39:52.035 [pool-6-thread-9] DEBUG c.h.p.o.dependants.PodInfoConfigMap - [helmcont] Desired PodInfo ConfigMap (extension state hash: -1817474005)
2025-01-28 23:39:52,042 INFO c.h.h.t.HelmChartContainer - [hivemq-test-hivemq-platform] [hivemq-platform-operator] [669ffea5] 23:39:52.039 [pool-6-thread-1] DEBUG c.h.p.o.d.StatefulSetResource - [helmcont] Desired StatefulSet (2 replicas) for status ROLLING_RESTART (RESTART_PODS_IN_PROGRESS)
2025-01-28 23:39:52,130 INFO c.h.h.t.HelmChartContainer - [hivemq-test-hivemq-platform] [hivemq-platform-operator] [669ffea5] 23:39:52.128 [ReconcilerExecutor-hivemq-controller-129] INFO  c.h.p.o.HiveMQPlatformReconciler - [helmcont] Reconciling HiveMQ Platform 'test-hivemq-platform' in namespace 'helmcontainersecuritycontextupgradeplatformit'
2025-01-28 23:39:52,130 INFO c.h.h.t.HelmChartContainer - [hivemq-test-hivemq-platform] [hivemq-platform-operator] [669ffea5] 23:39:52.128 [ReconcilerExecutor-hivemq-controller-129] DEBUG c.h.p.o.HiveMQPlatformReconciler - [helmcont] Custom Resource Status ROLLING_RESTART - HiveMQ Platform is restarting Pods (rolling restart) (RESTART_PODS_IN_PROGRESS)
2025-01-28 23:39:52,130 INFO c.h.h.t.HelmChartContainer - [hivemq-test-hivemq-platform] [hivemq-platform-operator] [669ffea5] 23:39:52.128 [ReconcilerExecutor-hivemq-controller-129] DEBUG c.h.p.o.HiveMQPlatformReconciler - [helmcont] Custom Resource Spec (replicas: 1) (extensions: 1)
2025-01-28 23:39:52,131 INFO c.h.h.t.HelmChartContainer - [hivemq-test-hivemq-platform] [hivemq-platform-operator] [669ffea5] 23:39:52.130 [ReconcilerExecutor-hivemq-controller-129] DEBUG c.h.p.o.HiveMQPlatformReconciler - [helmcont] StatefulSet Status (revision: test-hivemq-platform-85948b8786, replicas: 2, available: 2, ready: 2, current: 0, updated: 1)
2025-01-28 23:39:52,131 INFO c.h.h.t.HelmChartContainer - [hivemq-test-hivemq-platform] [hivemq-platform-operator] [669ffea5] 23:39:52.130 [ReconcilerExecutor-hivemq-controller-129] DEBUG c.h.p.o.HiveMQPlatformReconciler - [helmcont] StatefulSet Spec (replicas: 2, init containers: 1, containers: 1, volumes: 3)
2025-01-28 23:39:52,134 INFO c.h.h.t.HelmChartContainer - [hivemq-test-hivemq-platform] [hivemq-platform-operator] [669ffea5] 23:39:52.133 [ReconcilerExecutor-hivemq-controller-129] DEBUG c.h.p.o.h.HiveMQPlatformReconcilerErrorHandler - [helmcont] Pod 'test-hivemq-platform-1' phase Running
2025-01-28 23:39:52,136 INFO c.h.h.t.HelmChartContainer - [hivemq-test-hivemq-platform] [hivemq-platform-operator] [669ffea5] 23:39:52.135 [ReconcilerExecutor-hivemq-controller-129] DEBUG c.h.p.o.h.HiveMQPlatformReconcilerErrorHandler - [helmcont] Pod 'test-hivemq-platform-0' phase Running
2025-01-28 23:39:52,144 INFO c.h.h.t.HelmChartContainer - [hivemq-test-hivemq-platform] [hivemq-platform-operator] [669ffea5] 23:39:52.143 [ReconcilerExecutor-hivemq-controller-129] DEBUG c.h.p.o.h.HiveMQPlatformReconcilerRollingRestartHandler - [helmcont] Skipping Pod test-hivemq-platform-1 as it's already on the controller update revision (update revision: test-hivemq-platform-85948b8786, pod revision: test-hivemq-platform-85948b8786)
2025-01-28 23:39:52,159 INFO c.h.h.t.HelmChartContainer - [test-hivemq-platform] [hivemq] [b7387f7a] INFO  - [HiveMQ Platform Operator Init App 1.7.0-SNAPSHOT] Returning shutdown Health API response 503 for readiness
2025-01-28 23:39:52,162 INFO c.h.h.t.HelmChartContainer - [test-hivemq-platform] [hivemq] [b7387f7a] INFO  - Shutting down HiveMQ. Please wait, this could take a while...
2025-01-28 23:39:52,167 INFO c.h.h.t.HelmChartContainer - [test-hivemq-platform] [hivemq] [b7387f7a] INFO  - Shutting down listeners and clients
2025-01-28 23:39:52,168 INFO c.h.h.t.HelmChartContainer - [test-hivemq-platform] [hivemq] [b7387f7a] INFO  - Shutdown of listeners is done
2025-01-28 23:39:52,168 INFO c.h.h.t.HelmChartContainer - [test-hivemq-platform] [hivemq] [b7387f7a] INFO  - No clients are connected, proceeding with shutdown
2025-01-28 23:39:52,168 INFO c.h.h.t.HelmChartContainer - [EVENT] Warning [Unhealthy] Readiness probe failed: HTTP probe failed with statuscode: 503 [helmcontainersecuritycontextupgradeplatformit:test-hivemq-platform-0]
2025-01-28 23:39:52,168 INFO c.h.h.t.HelmChartContainer - Received Unhealthy event for container hivemq in pod test-hivemq-platform-0 [b7387f7a-51c4-40c4-9361-966e01e0d346]
2025-01-28 23:39:52,236 INFO c.h.h.t.HelmChartContainer - [hivemq-test-hivemq-platform] [hivemq-platform-operator] [669ffea5] 23:39:52.235 [ReconcilerExecutor-hivemq-controller-129] DEBUG c.h.p.o.h.HiveMQPlatformReconcilerRollingRestartHandler - [helmcont] The last Pod is running for 65 seconds, the next Pod can be restarted
2025-01-28 23:39:52,236 INFO c.h.h.t.HelmChartContainer - [hivemq-test-hivemq-platform] [hivemq-platform-operator] [669ffea5] 23:39:52.235 [ReconcilerExecutor-hivemq-controller-129] INFO  c.h.p.o.h.HiveMQPlatformReconcilerRollingRestartHandler - [helmcont] Restarting Pod test-hivemq-platform-0 as it's not matching the controller update revision (update revision: test-hivemq-platform-85948b8786, pod revision: test-hivemq-platform-fc778bc4c)
2025-01-28 23:39:52,246 INFO c.h.h.t.HelmChartContainer - [hivemq-test-hivemq-platform] [hivemq-platform-operator] [669ffea5] 23:39:52.245 [pool-6-thread-13] DEBUG c.h.p.o.dependants.PodInfoConfigMap - [helmcont] Desired PodInfo ConfigMap (1 extensions) (1 enabled)
2025-01-28 23:39:52,247 INFO c.h.h.t.HelmChartContainer - [hivemq-test-hivemq-platform] [hivemq-platform-operator] [669ffea5] 23:39:52.245 [pool-6-thread-13] DEBUG c.h.p.o.dependants.PodInfoConfigMap - [helmcont] Desired PodInfo ConfigMap (metrics port: 9399) (metrics path: /)
2025-01-28 23:39:52,247 INFO c.h.h.t.HelmChartContainer - [hivemq-test-hivemq-platform] [hivemq-platform-operator] [669ffea5] 23:39:52.245 [pool-6-thread-13] DEBUG c.h.p.o.dependants.PodInfoConfigMap - [helmcont] Desired PodInfo ConfigMap (extension state hash: -1817474005)
2025-01-28 23:39:52,247 INFO c.h.h.t.HelmChartContainer - [hivemq-test-hivemq-platform] [hivemq-platform-operator] [669ffea5] 23:39:52.246 [pool-6-thread-15] DEBUG c.h.p.o.d.PodServiceAccountResource - [helmcont] Desired PodServiceAccountResource (serviceAccountName: hivemq-platform-pod-test-hivemq-platform)
2025-01-28 23:39:52,329 INFO c.h.h.t.HelmChartContainer - [hivemq-test-hivemq-platform] [hivemq-platform-operator] [669ffea5] 23:39:52.326 [pool-6-thread-14] DEBUG c.h.p.o.d.PlatformServiceResource - [helmcont] Desired Platform services (3 services)
2025-01-28 23:39:52,332 INFO c.h.h.t.HelmChartContainer - [hivemq-test-hivemq-platform] [hivemq-platform-operator] [669ffea5] 23:39:52.331 [pool-6-thread-14] DEBUG c.h.p.o.d.StatefulSetResource - [helmcont] Desired StatefulSet (2 replicas) for status ROLLING_RESTART (RESTART_PODS_IN_PROGRESS)
2025-01-28 23:39:52,335 INFO c.h.h.t.HelmChartContainer - [hivemq-test-hivemq-platform] [hivemq-platform-operator] [669ffea5] 23:39:52.334 [ReconcilerExecutor-hivemq-controller-130] INFO  c.h.p.o.HiveMQPlatformReconciler - [helmcont] Reconciling HiveMQ Platform 'test-hivemq-platform' in namespace 'helmcontainersecuritycontextupgradeplatformit'
2025-01-28 23:39:52,335 INFO c.h.h.t.HelmChartContainer - [hivemq-test-hivemq-platform] [hivemq-platform-operator] [669ffea5] 23:39:52.334 [ReconcilerExecutor-hivemq-controller-130] DEBUG c.h.p.o.HiveMQPlatformReconciler - [helmcont] Custom Resource Status ROLLING_RESTART - HiveMQ Platform is restarting Pods (rolling restart) (RESTART_PODS_IN_PROGRESS)
2025-01-28 23:39:52,336 INFO c.h.h.t.HelmChartContainer - [hivemq-test-hivemq-platform] [hivemq-platform-operator] [669ffea5] 23:39:52.334 [ReconcilerExecutor-hivemq-controller-130] DEBUG c.h.p.o.HiveMQPlatformReconciler - [helmcont] Custom Resource Spec (replicas: 1) (extensions: 1)
2025-01-28 23:39:52,338 INFO c.h.h.t.HelmChartContainer - [hivemq-test-hivemq-platform] [hivemq-platform-operator] [669ffea5] 23:39:52.337 [ReconcilerExecutor-hivemq-controller-130] DEBUG c.h.p.o.HiveMQPlatformReconciler - [helmcont] StatefulSet Status (revision: test-hivemq-platform-85948b8786, replicas: 2, available: 2, ready: 2, current: 0, updated: 1)
2025-01-28 23:39:52,338 INFO c.h.h.t.HelmChartContainer - [hivemq-test-hivemq-platform] [hivemq-platform-operator] [669ffea5] 23:39:52.337 [ReconcilerExecutor-hivemq-controller-130] DEBUG c.h.p.o.HiveMQPlatformReconciler - [helmcont] StatefulSet Spec (replicas: 2, init containers: 1, containers: 1, volumes: 3)
2025-01-28 23:39:52,340 INFO c.h.h.t.HelmChartContainer - [hivemq-test-hivemq-platform] [hivemq-platform-operator] [669ffea5] 23:39:52.339 [ReconcilerExecutor-hivemq-controller-130] DEBUG c.h.p.o.h.HiveMQPlatformReconcilerErrorHandler - [helmcont] Pod 'test-hivemq-platform-1' phase Running
2025-01-28 23:39:52,342 INFO c.h.h.t.HelmChartContainer - [hivemq-test-hivemq-platform] [hivemq-platform-operator] [669ffea5] 23:39:52.341 [ReconcilerExecutor-hivemq-controller-130] DEBUG c.h.p.o.h.HiveMQPlatformReconcilerErrorHandler - [helmcont] Pod 'test-hivemq-platform-0' phase Running
2025-01-28 23:39:52,349 INFO c.h.h.t.HelmChartContainer - [hivemq-test-hivemq-platform] [hivemq-platform-operator] [669ffea5] 23:39:52.348 [ReconcilerExecutor-hivemq-controller-130] DEBUG c.h.p.o.h.HiveMQPlatformReconcilerRollingRestartHandler - [helmcont] Skipping Pod test-hivemq-platform-1 as it's already on the controller update revision (update revision: test-hivemq-platform-85948b8786, pod revision: test-hivemq-platform-85948b8786)
2025-01-28 23:39:52,437 INFO c.h.h.t.HelmChartContainer - [hivemq-test-hivemq-platform] [hivemq-platform-operator] [669ffea5] 23:39:52.436 [ReconcilerExecutor-hivemq-controller-130] DEBUG c.h.p.o.h.HiveMQPlatformReconcilerRollingRestartHandler - [helmcont] The last Pod is running for 65 seconds, the next Pod can be restarted
2025-01-28 23:39:52,438 INFO c.h.h.t.HelmChartContainer - [hivemq-test-hivemq-platform] [hivemq-platform-operator] [669ffea5] 23:39:52.436 [ReconcilerExecutor-hivemq-controller-130] INFO  c.h.p.o.h.HiveMQPlatformReconcilerRollingRestartHandler - [helmcont] Restarting Pod test-hivemq-platform-0 as it's not matching the controller update revision (update revision: test-hivemq-platform-85948b8786, pod revision: test-hivemq-platform-fc778bc4c)
2025-01-28 23:39:55,471 INFO c.h.h.t.HelmChartContainer - [test-hivemq-platform] [hivemq] [b7387f7a] INFO  - Shutting down extension system
2025-01-28 23:39:55,473 INFO c.h.h.t.HelmChartContainer - [test-hivemq-platform] [hivemq] [b7387f7a] INFO  - Stopping extension with id hivemq-dns-cluster-discovery
2025-01-28 23:39:55,473 INFO c.h.h.t.HelmChartContainer - [test-hivemq-platform] [hivemq] [b7387f7a] INFO  - Extension "DNS Cluster Discovery Extension" version 4.3.2 stopped successfully.
2025-01-28 23:39:55,474 INFO c.h.h.t.HelmChartContainer - [test-hivemq-platform] [hivemq] [b7387f7a] INFO  - Stopping extension with id hivemq-prometheus-extension
2025-01-28 23:39:55,483 INFO c.h.h.t.HelmChartContainer - [test-hivemq-platform] [hivemq] [b7387f7a] INFO  - Extension "Prometheus Monitoring Extension" version 4.0.12 stopped successfully.
2025-01-28 23:39:55,483 INFO c.h.h.t.HelmChartContainer - [test-hivemq-platform] [hivemq] [b7387f7a] INFO  - Stopping extension with id hivemq-allow-all-extension
2025-01-28 23:39:55,484 INFO c.h.h.t.HelmChartContainer - [test-hivemq-platform] [hivemq] [b7387f7a] INFO  - Extension "Allow All Extension" version 1.1.1 stopped successfully.
2025-01-28 23:39:55,490 INFO c.h.h.t.HelmChartContainer - [test-hivemq-platform] [hivemq] [6e3cb7dd] INFO  - Cluster nodes found by discovery: [LtTQC|2] (1) [LtTQC].
2025-01-28 23:39:55,495 INFO c.h.h.t.HelmChartContainer - [test-hivemq-platform] [hivemq] [6e3cb7dd] INFO  - Cluster size = 1, members : [LtTQC].
2025-01-28 23:39:57,083 INFO c.h.h.t.HelmChartContainer - [EVENT] Warning [Unhealthy] Readiness probe failed: HTTP probe failed with statuscode: 503 [helmcontainersecuritycontextupgradeplatformit:test-hivemq-platform-0]
2025-01-28 23:39:57,083 INFO c.h.h.t.HelmChartContainer - Received Unhealthy event for container hivemq in pod test-hivemq-platform-0 [b7387f7a-51c4-40c4-9361-966e01e0d346]
2025-01-28 23:39:57,843 INFO c.h.h.t.HelmChartContainer - [test-hivemq-platform] [hivemq] [b7387f7a] INFO  - Shutdown completed.
2025-01-28 23:39:58,190 INFO c.h.h.t.HelmChartContainer - [test-hivemq-platform] [hivemq] [b7387f7a] INFO  - [HiveMQ Platform Operator Init App 1.7.0-SNAPSHOT] The HiveMQ Platform exited with code 143
2025-01-28 23:39:58,190 INFO c.h.h.t.HelmChartContainer - [test-hivemq-platform] [hivemq] [b7387f7a] INFO  - [HiveMQ Platform Operator Init App 1.7.0-SNAPSHOT] Stopping the REST API
2025-01-28 23:39:58,198 INFO c.h.h.t.HelmChartContainer - [test-hivemq-platform] [hivemq] [b7387f7a] INFO  - [HiveMQ Platform Operator Init App 1.7.0-SNAPSHOT] Shutdown complete
2025-01-28 23:39:58,683 INFO c.h.h.t.HelmChartContainer - [POD] test-hivemq-platform-0 [b7387f7a-51c4-40c4-9361-966e01e0d346] in helmcontainersecuritycontextupgradeplatformit was MODIFIED
2025-01-28 23:39:58,694 INFO c.h.h.t.HelmChartContainer - [hivemq-test-hivemq-platform] [hivemq-platform-operator] [669ffea5] 23:39:58.686 [pool-6-thread-27] DEBUG c.h.p.o.d.PlatformServiceResource - [helmcont] Desired Platform services (3 services)
2025-01-28 23:39:58,694 INFO c.h.h.t.HelmChartContainer - [hivemq-test-hivemq-platform] [hivemq-platform-operator] [669ffea5] 23:39:58.687 [pool-6-thread-29] DEBUG c.h.p.o.dependants.PodInfoConfigMap - [helmcont] Desired PodInfo ConfigMap (1 extensions) (1 enabled)
2025-01-28 23:39:58,695 INFO c.h.h.t.HelmChartContainer - [hivemq-test-hivemq-platform] [hivemq-platform-operator] [669ffea5] 23:39:58.687 [pool-6-thread-29] DEBUG c.h.p.o.dependants.PodInfoConfigMap - [helmcont] Desired PodInfo ConfigMap (metrics port: 9399) (metrics path: /)
2025-01-28 23:39:58,696 INFO c.h.h.t.HelmChartContainer - [hivemq-test-hivemq-platform] [hivemq-platform-operator] [669ffea5] 23:39:58.687 [pool-6-thread-29] DEBUG c.h.p.o.dependants.PodInfoConfigMap - [helmcont] Desired PodInfo ConfigMap (extension state hash: -1817474005)
2025-01-28 23:39:58,696 INFO c.h.h.t.HelmChartContainer - [hivemq-test-hivemq-platform] [hivemq-platform-operator] [669ffea5] 23:39:58.689 [pool-6-thread-24] DEBUG c.h.p.o.d.PodServiceAccountResource - [helmcont] Desired PodServiceAccountResource (serviceAccountName: hivemq-platform-pod-test-hivemq-platform)
2025-01-28 23:39:58,701 INFO c.h.h.t.HelmChartContainer - [hivemq-test-hivemq-platform] [hivemq-platform-operator] [669ffea5] 23:39:58.698 [pool-6-thread-22] DEBUG c.h.p.o.d.StatefulSetResource - [helmcont] Desired StatefulSet (2 replicas) for status ROLLING_RESTART (RESTART_PODS_IN_PROGRESS)
2025-01-28 23:39:58,707 INFO c.h.h.t.HelmChartContainer - [hivemq-test-hivemq-platform] [hivemq-platform-operator] [669ffea5] 23:39:58.706 [ReconcilerExecutor-hivemq-controller-131] INFO  c.h.p.o.HiveMQPlatformReconciler - [helmcont] Reconciling HiveMQ Platform 'test-hivemq-platform' in namespace 'helmcontainersecuritycontextupgradeplatformit'
2025-01-28 23:39:58,707 INFO c.h.h.t.HelmChartContainer - [hivemq-test-hivemq-platform] [hivemq-platform-operator] [669ffea5] 23:39:58.706 [ReconcilerExecutor-hivemq-controller-131] DEBUG c.h.p.o.HiveMQPlatformReconciler - [helmcont] Custom Resource Status ROLLING_RESTART - HiveMQ Platform is restarting Pods (rolling restart) (RESTART_PODS_IN_PROGRESS)
2025-01-28 23:39:58,707 INFO c.h.h.t.HelmChartContainer - [hivemq-test-hivemq-platform] [hivemq-platform-operator] [669ffea5] 23:39:58.706 [ReconcilerExecutor-hivemq-controller-131] DEBUG c.h.p.o.HiveMQPlatformReconciler - [helmcont] Custom Resource Spec (replicas: 1) (extensions: 1)
2025-01-28 23:39:58,711 INFO c.h.h.t.HelmChartContainer - [hivemq-test-hivemq-platform] [hivemq-platform-operator] [669ffea5] 23:39:58.709 [ReconcilerExecutor-hivemq-controller-131] DEBUG c.h.p.o.HiveMQPlatformReconciler - [helmcont] StatefulSet Status (revision: test-hivemq-platform-85948b8786, replicas: 2, available: 1, ready: 1, current: 0, updated: 1)
2025-01-28 23:39:58,711 INFO c.h.h.t.HelmChartContainer - [hivemq-test-hivemq-platform] [hivemq-platform-operator] [669ffea5] 23:39:58.709 [ReconcilerExecutor-hivemq-controller-131] DEBUG c.h.p.o.HiveMQPlatformReconciler - [helmcont] StatefulSet Spec (replicas: 2, init containers: 1, containers: 1, volumes: 3)
2025-01-28 23:39:58,712 INFO c.h.h.t.HelmChartContainer - [hivemq-test-hivemq-platform] [hivemq-platform-operator] [669ffea5] 23:39:58.710 [ReconcilerExecutor-hivemq-controller-131] DEBUG c.h.p.o.h.HiveMQPlatformReconcilerErrorHandler - [helmcont] Pod 'test-hivemq-platform-1' phase Running
2025-01-28 23:39:58,713 INFO c.h.h.t.HelmChartContainer - [hivemq-test-hivemq-platform] [hivemq-platform-operator] [669ffea5] 23:39:58.711 [ReconcilerExecutor-hivemq-controller-131] DEBUG c.h.p.o.h.HiveMQPlatformReconcilerErrorHandler - [helmcont] Pod 'test-hivemq-platform-0' phase Failed
2025-01-28 23:39:58,713 INFO c.h.h.t.HelmChartContainer - [hivemq-test-hivemq-platform] [hivemq-platform-operator] [669ffea5] 23:39:58.711 [ReconcilerExecutor-hivemq-controller-131] DEBUG c.h.p.o.h.HiveMQPlatformReconcilerErrorHandler - [helmcont] Pod 'test-hivemq-platform-0' condition 'PodReadyToStartContainers': False
2025-01-28 23:39:58,713 INFO c.h.h.t.HelmChartContainer - [hivemq-test-hivemq-platform] [hivemq-platform-operator] [669ffea5] 23:39:58.711 [ReconcilerExecutor-hivemq-controller-131] DEBUG c.h.p.o.h.HiveMQPlatformReconcilerErrorHandler - [helmcont] Pod 'test-hivemq-platform-0' condition 'Initialized': True
2025-01-28 23:39:58,713 INFO c.h.h.t.HelmChartContainer - [hivemq-test-hivemq-platform] [hivemq-platform-operator] [669ffea5] 23:39:58.712 [ReconcilerExecutor-hivemq-controller-131] DEBUG c.h.p.o.h.HiveMQPlatformReconcilerErrorHandler - [helmcont] Pod 'test-hivemq-platform-0' condition 'Ready': False
2025-01-28 23:39:58,713 INFO c.h.h.t.HelmChartContainer - [hivemq-test-hivemq-platform] [hivemq-platform-operator] [669ffea5] 23:39:58.712 [ReconcilerExecutor-hivemq-controller-131] DEBUG c.h.p.o.h.HiveMQPlatformReconcilerErrorHandler - [helmcont] Pod 'test-hivemq-platform-0' condition 'ContainersReady': False
2025-01-28 23:39:58,713 INFO c.h.h.t.HelmChartContainer - [hivemq-test-hivemq-platform] [hivemq-platform-operator] [669ffea5] 23:39:58.712 [ReconcilerExecutor-hivemq-controller-131] DEBUG c.h.p.o.h.HiveMQPlatformReconcilerErrorHandler - [helmcont] Pod 'test-hivemq-platform-0' condition 'PodScheduled': True
2025-01-28 23:39:58,713 INFO c.h.h.t.HelmChartContainer - [hivemq-test-hivemq-platform] [hivemq-platform-operator] [669ffea5] 23:39:58.712 [ReconcilerExecutor-hivemq-controller-131] DEBUG c.h.p.o.h.HiveMQPlatformReconcilerErrorHandler - [helmcont] Pod 'test-hivemq-platform-0' containerStatus 'hivemq' (started: false) (ready: false) (waiting: [Unknown] no message)
2025-01-28 23:39:58,713 INFO c.h.h.t.HelmChartContainer - [hivemq-test-hivemq-platform] [hivemq-platform-operator] [669ffea5] 23:39:58.712 [ReconcilerExecutor-hivemq-controller-131] DEBUG c.h.p.o.h.HiveMQPlatformReconcilerRollingRestartHandler - [helmcont] Rolling restart is waiting for 1 of 2 replicas
2025-01-28 23:39:58,734 INFO c.h.h.t.HelmChartContainer - [hivemq-test-hivemq-platform] [hivemq-platform-operator] [669ffea5] 23:39:58.730 [pool-6-thread-39] DEBUG c.h.p.o.d.PlatformServiceResource - [helmcont] Desired Platform services (3 services)
2025-01-28 23:39:58,734 INFO c.h.h.t.HelmChartContainer - [hivemq-test-hivemq-platform] [hivemq-platform-operator] [669ffea5] 23:39:58.733 [pool-6-thread-34] DEBUG c.h.p.o.d.PodServiceAccountResource - [helmcont] Desired PodServiceAccountResource (serviceAccountName: hivemq-platform-pod-test-hivemq-platform)
2025-01-28 23:39:58,736 INFO c.h.h.t.HelmChartContainer - [hivemq-test-hivemq-platform] [hivemq-platform-operator] [669ffea5] 23:39:58.735 [pool-6-thread-33] DEBUG c.h.p.o.dependants.PodInfoConfigMap - [helmcont] Desired PodInfo ConfigMap (1 extensions) (1 enabled)
2025-01-28 23:39:58,737 INFO c.h.h.t.HelmChartContainer - [hivemq-test-hivemq-platform] [hivemq-platform-operator] [669ffea5] 23:39:58.735 [pool-6-thread-33] DEBUG c.h.p.o.dependants.PodInfoConfigMap - [helmcont] Desired PodInfo ConfigMap (metrics port: 9399) (metrics path: /)
2025-01-28 23:39:58,737 INFO c.h.h.t.HelmChartContainer - [hivemq-test-hivemq-platform] [hivemq-platform-operator] [669ffea5] 23:39:58.735 [pool-6-thread-33] DEBUG c.h.p.o.dependants.PodInfoConfigMap - [helmcont] Desired PodInfo ConfigMap (extension state hash: -1817474005)
2025-01-28 23:39:58,738 INFO c.h.h.t.HelmChartContainer - [hivemq-test-hivemq-platform] [hivemq-platform-operator] [669ffea5] 23:39:58.737 [pool-6-thread-33] DEBUG c.h.p.o.d.StatefulSetResource - [helmcont] Desired StatefulSet (2 replicas) for status ROLLING_RESTART (RESTART_PODS_IN_PROGRESS)
2025-01-28 23:39:58,740 INFO c.h.h.t.HelmChartContainer - [hivemq-test-hivemq-platform] [hivemq-platform-operator] [669ffea5] 23:39:58.740 [ReconcilerExecutor-hivemq-controller-132] INFO  c.h.p.o.HiveMQPlatformReconciler - [helmcont] Reconciling HiveMQ Platform 'test-hivemq-platform' in namespace 'helmcontainersecuritycontextupgradeplatformit'
2025-01-28 23:39:58,741 INFO c.h.h.t.HelmChartContainer - [hivemq-test-hivemq-platform] [hivemq-platform-operator] [669ffea5] 23:39:58.740 [ReconcilerExecutor-hivemq-controller-132] DEBUG c.h.p.o.HiveMQPlatformReconciler - [helmcont] Custom Resource Status ROLLING_RESTART - HiveMQ Platform is restarting Pods (rolling restart) (RESTART_PODS_IN_PROGRESS)
2025-01-28 23:39:58,741 INFO c.h.h.t.HelmChartContainer - [hivemq-test-hivemq-platform] [hivemq-platform-operator] [669ffea5] 23:39:58.740 [ReconcilerExecutor-hivemq-controller-132] DEBUG c.h.p.o.HiveMQPlatformReconciler - [helmcont] Custom Resource Spec (replicas: 1) (extensions: 1)
2025-01-28 23:39:58,771 INFO c.h.h.t.HelmChartContainer - [K3S] [reconciler_common.go:162] "operationExecutor.UnmountVolume started for volume \"pod-info\" (UniqueName: \"kubernetes.io/configmap/b7387f7a-51c4-40c4-9361-966e01e0d346-pod-info\") pod \"b7387f7a-51c4-40c4-9361-966e01e0d346\" (UID: \"b7387f7a-51c4-40c4-9361-966e01e0d346\") "
2025-01-28 23:39:58,771 INFO c.h.h.t.HelmChartContainer - [K3S] [reconciler_common.go:162] "operationExecutor.UnmountVolume started for volume \"broker-configuration\" (UniqueName: \"kubernetes.io/configmap/b7387f7a-51c4-40c4-9361-966e01e0d346-broker-configuration\") pod \"b7387f7a-51c4-40c4-9361-966e01e0d346\" (UID: \"b7387f7a-51c4-40c4-9361-966e01e0d346\") "
2025-01-28 23:39:58,772 INFO c.h.h.t.HelmChartContainer - [K3S] [reconciler_common.go:162] "operationExecutor.UnmountVolume started for volume \"operator-init\" (UniqueName: \"kubernetes.io/empty-dir/b7387f7a-51c4-40c4-9361-966e01e0d346-operator-init\") pod \"b7387f7a-51c4-40c4-9361-966e01e0d346\" (UID: \"b7387f7a-51c4-40c4-9361-966e01e0d346\") "
2025-01-28 23:39:58,772 INFO c.h.h.t.HelmChartContainer - [K3S] [reconciler_common.go:162] "operationExecutor.UnmountVolume started for volume \"kube-api-access-p62kb\" (UniqueName: \"kubernetes.io/projected/b7387f7a-51c4-40c4-9361-966e01e0d346-kube-api-access-p62kb\") pod \"b7387f7a-51c4-40c4-9361-966e01e0d346\" (UID: \"b7387f7a-51c4-40c4-9361-966e01e0d346\") "
2025-01-28 23:39:58,806 INFO c.h.h.t.HelmChartContainer - [hivemq-test-hivemq-platform] [hivemq-platform-operator] [669ffea5] 23:39:58.805 [ReconcilerExecutor-hivemq-controller-132] DEBUG c.h.p.o.HiveMQPlatformReconciler - [helmcont] StatefulSet Status (revision: test-hivemq-platform-85948b8786, replicas: 2, available: 1, ready: 1, current: 0, updated: 1)
2025-01-28 23:39:58,806 INFO c.h.h.t.HelmChartContainer - [hivemq-test-hivemq-platform] [hivemq-platform-operator] [669ffea5] 23:39:58.805 [ReconcilerExecutor-hivemq-controller-132] DEBUG c.h.p.o.HiveMQPlatformReconciler - [helmcont] StatefulSet Spec (replicas: 2, init containers: 1, containers: 1, volumes: 3)
2025-01-28 23:39:58,828 INFO c.h.h.t.HelmChartContainer - [hivemq-test-hivemq-platform] [hivemq-platform-operator] [669ffea5] 23:39:58.826 [ReconcilerExecutor-hivemq-controller-132] DEBUG c.h.p.o.h.HiveMQPlatformReconcilerErrorHandler - [helmcont] Pod 'test-hivemq-platform-1' phase Running
2025-01-28 23:39:58,829 INFO c.h.h.t.HelmChartContainer - [hivemq-test-hivemq-platform] [hivemq-platform-operator] [669ffea5] 23:39:58.828 [ReconcilerExecutor-hivemq-controller-132] DEBUG c.h.p.o.h.HiveMQPlatformReconcilerErrorHandler - [helmcont] Pod 'test-hivemq-platform-0' phase Failed
2025-01-28 23:39:58,829 INFO c.h.h.t.HelmChartContainer - [hivemq-test-hivemq-platform] [hivemq-platform-operator] [669ffea5] 23:39:58.828 [ReconcilerExecutor-hivemq-controller-132] DEBUG c.h.p.o.h.HiveMQPlatformReconcilerErrorHandler - [helmcont] Pod 'test-hivemq-platform-0' condition 'PodReadyToStartContainers': False
2025-01-28 23:39:58,830 INFO c.h.h.t.HelmChartContainer - [hivemq-test-hivemq-platform] [hivemq-platform-operator] [669ffea5] 23:39:58.828 [ReconcilerExecutor-hivemq-controller-132] DEBUG c.h.p.o.h.HiveMQPlatformReconcilerErrorHandler - [helmcont] Pod 'test-hivemq-platform-0' condition 'Initialized': True
2025-01-28 23:39:58,830 INFO c.h.h.t.HelmChartContainer - [hivemq-test-hivemq-platform] [hivemq-platform-operator] [669ffea5] 23:39:58.828 [ReconcilerExecutor-hivemq-controller-132] DEBUG c.h.p.o.h.HiveMQPlatformReconcilerErrorHandler - [helmcont] Pod 'test-hivemq-platform-0' condition 'Ready': False
2025-01-28 23:39:58,830 INFO c.h.h.t.HelmChartContainer - [hivemq-test-hivemq-platform] [hivemq-platform-operator] [669ffea5] 23:39:58.828 [ReconcilerExecutor-hivemq-controller-132] DEBUG c.h.p.o.h.HiveMQPlatformReconcilerErrorHandler - [helmcont] Pod 'test-hivemq-platform-0' condition 'ContainersReady': False
2025-01-28 23:39:58,830 INFO c.h.h.t.HelmChartContainer - [hivemq-test-hivemq-platform] [hivemq-platform-operator] [669ffea5] 23:39:58.828 [ReconcilerExecutor-hivemq-controller-132] DEBUG c.h.p.o.h.HiveMQPlatformReconcilerErrorHandler - [helmcont] Pod 'test-hivemq-platform-0' condition 'PodScheduled': True
2025-01-28 23:39:58,830 INFO c.h.h.t.HelmChartContainer - [hivemq-test-hivemq-platform] [hivemq-platform-operator] [669ffea5] 23:39:58.828 [ReconcilerExecutor-hivemq-controller-132] DEBUG c.h.p.o.h.HiveMQPlatformReconcilerErrorHandler - [helmcont] Pod 'test-hivemq-platform-0' containerStatus 'hivemq' (started: false) (ready: false) (waiting: [Unknown] no message)
2025-01-28 23:39:58,830 INFO c.h.h.t.HelmChartContainer - [hivemq-test-hivemq-platform] [hivemq-platform-operator] [669ffea5] 23:39:58.829 [ReconcilerExecutor-hivemq-controller-132] DEBUG c.h.p.o.h.HiveMQPlatformReconcilerRollingRestartHandler - [helmcont] Rolling restart is waiting for 1 of 2 replicas
2025-01-28 23:39:58,871 INFO c.h.h.t.HelmChartContainer - [K3S] [reconciler_common.go:299] "Volume detached for volume \"operator-init\" (UniqueName: \"kubernetes.io/empty-dir/b7387f7a-51c4-40c4-9361-966e01e0d346-operator-init\") on node \"6b15a01a10f5\" DevicePath \"\""
2025-01-28 23:39:58,871 INFO c.h.h.t.HelmChartContainer - [K3S] [reconciler_common.go:299] "Volume detached for volume \"kube-api-access-p62kb\" (UniqueName: \"kubernetes.io/projected/b7387f7a-51c4-40c4-9361-966e01e0d346-kube-api-access-p62kb\") on node \"6b15a01a10f5\" DevicePath \"\""
2025-01-28 23:39:58,871 INFO c.h.h.t.HelmChartContainer - [K3S] [reconciler_common.go:299] "Volume detached for volume \"broker-configuration\" (UniqueName: \"kubernetes.io/configmap/b7387f7a-51c4-40c4-9361-966e01e0d346-broker-configuration\") on node \"6b15a01a10f5\" DevicePath \"\""
2025-01-28 23:39:58,871 INFO c.h.h.t.HelmChartContainer - [K3S] [reconciler_common.go:299] "Volume detached for volume \"pod-info\" (UniqueName: \"kubernetes.io/configmap/b7387f7a-51c4-40c4-9361-966e01e0d346-pod-info\") on node \"6b15a01a10f5\" DevicePath \"\""
2025-01-28 23:39:58,926 INFO c.h.h.t.HelmChartContainer - [K3S] [scope.go:117] "RemoveContainer" containerID="b7bf22dda6eead5ce30377a8da6d14715280409d907e5797badba4b34e96a57f"
2025-01-28 23:39:58,952 INFO c.h.h.t.HelmChartContainer - [POD] test-hivemq-platform-0 [b7387f7a-51c4-40c4-9361-966e01e0d346] in helmcontainersecuritycontextupgradeplatformit was MODIFIED
2025-01-28 23:39:58,962 INFO c.h.h.t.HelmChartContainer - [POD] test-hivemq-platform-0 [b7387f7a-51c4-40c4-9361-966e01e0d346] in helmcontainersecuritycontextupgradeplatformit was DELETED
2025-01-28 23:39:58,962 INFO c.h.h.t.HelmChartContainer - [hivemq-test-hivemq-platform] [hivemq-platform-operator] [669ffea5] 23:39:58.958 [pool-6-thread-48] DEBUG c.h.p.o.d.PlatformServiceResource - [helmcont] Desired Platform services (3 services)
2025-01-28 23:39:58,963 INFO c.h.h.t.HelmChartContainer - [hivemq-test-hivemq-platform] [hivemq-platform-operator] [669ffea5] 23:39:58.960 [pool-6-thread-45] DEBUG c.h.p.o.dependants.PodInfoConfigMap - [helmcont] Desired PodInfo ConfigMap (1 extensions) (1 enabled)
2025-01-28 23:39:58,963 INFO c.h.h.t.HelmChartContainer - [hivemq-test-hivemq-platform] [hivemq-platform-operator] [669ffea5] 23:39:58.960 [pool-6-thread-45] DEBUG c.h.p.o.dependants.PodInfoConfigMap - [helmcont] Desired PodInfo ConfigMap (metrics port: 9399) (metrics path: /)
2025-01-28 23:39:58,963 INFO c.h.h.t.HelmChartContainer - [hivemq-test-hivemq-platform] [hivemq-platform-operator] [669ffea5] 23:39:58.960 [pool-6-thread-45] DEBUG c.h.p.o.dependants.PodInfoConfigMap - [helmcont] Desired PodInfo ConfigMap (extension state hash: -1817474005)
2025-01-28 23:39:58,970 INFO c.h.h.t.HelmChartContainer - [POD] test-hivemq-platform-0 [ee2c1bc8-e8f8-49a3-8e51-d3457a2f9d26] in helmcontainersecuritycontextupgradeplatformit was ADDED
2025-01-28 23:39:58,978 INFO c.h.h.t.HelmChartContainer - [EVENT] Normal [SuccessfulCreate] create Pod test-hivemq-platform-0 in StatefulSet test-hivemq-platform successful [helmcontainersecuritycontextupgradeplatformit:test-hivemq-platform]
2025-01-28 23:39:58,982 INFO c.h.h.t.HelmChartContainer - [POD] test-hivemq-platform-0 [ee2c1bc8-e8f8-49a3-8e51-d3457a2f9d26] in helmcontainersecuritycontextupgradeplatformit was MODIFIED
2025-01-28 23:39:58,982 INFO c.h.h.t.HelmChartContainer - [K3S] [memory_manager.go:355] "RemoveStaleState removing state" podUID="b7387f7a-51c4-40c4-9361-966e01e0d346" containerName="hivemq"
2025-01-28 23:39:58,990 INFO c.h.h.t.HelmChartContainer - [EVENT] Normal [Scheduled] Successfully assigned helmcontainersecuritycontextupgradeplatformit/test-hivemq-platform-0 to 6b15a01a10f5 [helmcontainersecuritycontextupgradeplatformit:test-hivemq-platform-0]
2025-01-28 23:39:58,998 INFO c.h.h.t.HelmChartContainer - [POD] test-hivemq-platform-0 [ee2c1bc8-e8f8-49a3-8e51-d3457a2f9d26] in helmcontainersecuritycontextupgradeplatformit was MODIFIED
2025-01-28 23:39:59,008 INFO c.h.h.t.HelmChartContainer - [hivemq-test-hivemq-platform] [hivemq-platform-operator] [669ffea5] 23:39:59.005 [pool-6-thread-45] DEBUG c.h.p.o.d.PodServiceAccountResource - [helmcont] Desired PodServiceAccountResource (serviceAccountName: hivemq-platform-pod-test-hivemq-platform)
2025-01-28 23:39:59,031 INFO c.h.h.t.HelmChartContainer - [hivemq-test-hivemq-platform] [hivemq-platform-operator] [669ffea5] 23:39:59.030 [pool-6-thread-48] DEBUG c.h.p.o.d.StatefulSetResource - [helmcont] Desired StatefulSet (2 replicas) for status ROLLING_RESTART (RESTART_PODS_IN_PROGRESS)
2025-01-28 23:39:59,038 INFO c.h.h.t.HelmChartContainer - [hivemq-test-hivemq-platform] [hivemq-platform-operator] [669ffea5] 23:39:59.037 [ReconcilerExecutor-hivemq-controller-133] INFO  c.h.p.o.HiveMQPlatformReconciler - [helmcont] Reconciling HiveMQ Platform 'test-hivemq-platform' in namespace 'helmcontainersecuritycontextupgradeplatformit'
2025-01-28 23:39:59,041 INFO c.h.h.t.HelmChartContainer - [hivemq-test-hivemq-platform] [hivemq-platform-operator] [669ffea5] 23:39:59.037 [ReconcilerExecutor-hivemq-controller-133] DEBUG c.h.p.o.HiveMQPlatformReconciler - [helmcont] Custom Resource Status ROLLING_RESTART - HiveMQ Platform is restarting Pods (rolling restart) (RESTART_PODS_IN_PROGRESS)
2025-01-28 23:39:59,041 INFO c.h.h.t.HelmChartContainer - [hivemq-test-hivemq-platform] [hivemq-platform-operator] [669ffea5] 23:39:59.037 [ReconcilerExecutor-hivemq-controller-133] DEBUG c.h.p.o.HiveMQPlatformReconciler - [helmcont] Custom Resource Spec (replicas: 1) (extensions: 1)
2025-01-28 23:39:59,041 INFO c.h.h.t.HelmChartContainer - [hivemq-test-hivemq-platform] [hivemq-platform-operator] [669ffea5] 23:39:59.039 [ReconcilerExecutor-hivemq-controller-133] DEBUG c.h.p.o.HiveMQPlatformReconciler - [helmcont] StatefulSet Status (revision: test-hivemq-platform-85948b8786, replicas: 2, available: 1, ready: 1, current: 0, updated: 2)
2025-01-28 23:39:59,075 INFO c.h.h.t.HelmChartContainer - [K3S] [reconciler_common.go:251] "operationExecutor.VerifyControllerAttachedVolume started for volume \"pod-info\" (UniqueName: \"kubernetes.io/configmap/ee2c1bc8-e8f8-49a3-8e51-d3457a2f9d26-pod-info\") pod \"test-hivemq-platform-0\" (UID: \"ee2c1bc8-e8f8-49a3-8e51-d3457a2f9d26\") " pod="helmcontainersecuritycontextupgradeplatformit/test-hivemq-platform-0"
2025-01-28 23:39:59,075 INFO c.h.h.t.HelmChartContainer - [K3S] [reconciler_common.go:251] "operationExecutor.VerifyControllerAttachedVolume started for volume \"kube-api-access-f7nzt\" (UniqueName: \"kubernetes.io/projected/ee2c1bc8-e8f8-49a3-8e51-d3457a2f9d26-kube-api-access-f7nzt\") pod \"test-hivemq-platform-0\" (UID: \"ee2c1bc8-e8f8-49a3-8e51-d3457a2f9d26\") " pod="helmcontainersecuritycontextupgradeplatformit/test-hivemq-platform-0"
2025-01-28 23:39:59,075 INFO c.h.h.t.HelmChartContainer - [K3S] [reconciler_common.go:251] "operationExecutor.VerifyControllerAttachedVolume started for volume \"broker-configuration\" (UniqueName: \"kubernetes.io/configmap/ee2c1bc8-e8f8-49a3-8e51-d3457a2f9d26-broker-configuration\") pod \"test-hivemq-platform-0\" (UID: \"ee2c1bc8-e8f8-49a3-8e51-d3457a2f9d26\") " pod="helmcontainersecuritycontextupgradeplatformit/test-hivemq-platform-0"
2025-01-28 23:39:59,075 INFO c.h.h.t.HelmChartContainer - [K3S] [reconciler_common.go:251] "operationExecutor.VerifyControllerAttachedVolume started for volume \"operator-init\" (UniqueName: \"kubernetes.io/empty-dir/ee2c1bc8-e8f8-49a3-8e51-d3457a2f9d26-operator-init\") pod \"test-hivemq-platform-0\" (UID: \"ee2c1bc8-e8f8-49a3-8e51-d3457a2f9d26\") " pod="helmcontainersecuritycontextupgradeplatformit/test-hivemq-platform-0"
2025-01-28 23:39:59,081 INFO c.h.h.t.HelmChartContainer - [K3S] [scope.go:117] "RemoveContainer" containerID="2a19282fdfd34a3fad0829afd96c6d73bce25fca878c14318c0af10c3161a02b"
2025-01-28 23:39:59,084 INFO c.h.h.t.HelmChartContainer - [K3S] [scope.go:117] "RemoveContainer" containerID="b7bf22dda6eead5ce30377a8da6d14715280409d907e5797badba4b34e96a57f"
2025-01-28 23:39:59,085 INFO c.h.h.t.HelmChartContainer - [K3S] [scope.go:117] "RemoveContainer" containerID="2a19282fdfd34a3fad0829afd96c6d73bce25fca878c14318c0af10c3161a02b"
2025-01-28 23:39:59,107 INFO c.h.h.t.HelmChartContainer - [hivemq-test-hivemq-platform] [hivemq-platform-operator] [669ffea5] 23:39:59.105 [ReconcilerExecutor-hivemq-controller-133] DEBUG c.h.p.o.HiveMQPlatformReconciler - [helmcont] StatefulSet Spec (replicas: 2, init containers: 1, containers: 1, volumes: 3)
2025-01-28 23:39:59,128 INFO c.h.h.t.HelmChartContainer - [hivemq-test-hivemq-platform] [hivemq-platform-operator] [669ffea5] 23:39:59.126 [ReconcilerExecutor-hivemq-controller-133] DEBUG c.h.p.o.h.HiveMQPlatformReconcilerErrorHandler - [helmcont] Pod 'test-hivemq-platform-1' phase Running
2025-01-28 23:39:59,129 INFO c.h.h.t.HelmChartContainer - [hivemq-test-hivemq-platform] [hivemq-platform-operator] [669ffea5] 23:39:59.128 [ReconcilerExecutor-hivemq-controller-133] DEBUG c.h.p.o.h.HiveMQPlatformReconcilerErrorHandler - [helmcont] Pod 'test-hivemq-platform-0' phase Pending
2025-01-28 23:39:59,131 INFO c.h.h.t.HelmChartContainer - [hivemq-test-hivemq-platform] [hivemq-platform-operator] [669ffea5] 23:39:59.129 [ReconcilerExecutor-hivemq-controller-133] DEBUG c.h.p.o.h.HiveMQPlatformReconcilerErrorHandler - [helmcont] Pod 'test-hivemq-platform-0' condition 'PodReadyToStartContainers': False
2025-01-28 23:39:59,131 INFO c.h.h.t.HelmChartContainer - [hivemq-test-hivemq-platform] [hivemq-platform-operator] [669ffea5] 23:39:59.129 [ReconcilerExecutor-hivemq-controller-133] DEBUG c.h.p.o.h.HiveMQPlatformReconcilerErrorHandler - [helmcont] Pod 'test-hivemq-platform-0' condition 'Initialized': False
2025-01-28 23:39:59,131 INFO c.h.h.t.HelmChartContainer - [hivemq-test-hivemq-platform] [hivemq-platform-operator] [669ffea5] 23:39:59.129 [ReconcilerExecutor-hivemq-controller-133] DEBUG c.h.p.o.h.HiveMQPlatformReconcilerErrorHandler - [helmcont] Pod 'test-hivemq-platform-0' condition 'Ready': False
2025-01-28 23:39:59,131 INFO c.h.h.t.HelmChartContainer - [hivemq-test-hivemq-platform] [hivemq-platform-operator] [669ffea5] 23:39:59.129 [ReconcilerExecutor-hivemq-controller-133] DEBUG c.h.p.o.h.HiveMQPlatformReconcilerErrorHandler - [helmcont] Pod 'test-hivemq-platform-0' condition 'ContainersReady': False
2025-01-28 23:39:59,131 INFO c.h.h.t.HelmChartContainer - [hivemq-test-hivemq-platform] [hivemq-platform-operator] [669ffea5] 23:39:59.129 [ReconcilerExecutor-hivemq-controller-133] DEBUG c.h.p.o.h.HiveMQPlatformReconcilerErrorHandler - [helmcont] Pod 'test-hivemq-platform-0' condition 'PodScheduled': True
2025-01-28 23:39:59,131 INFO c.h.h.t.HelmChartContainer - [hivemq-test-hivemq-platform] [hivemq-platform-operator] [669ffea5] 23:39:59.129 [ReconcilerExecutor-hivemq-controller-133] DEBUG c.h.p.o.h.HiveMQPlatformReconcilerErrorHandler - [helmcont] Pod 'test-hivemq-platform-0' containerStatus 'hivemq' (started: false) (ready: false) (waiting: [PodInitializing] null)
2025-01-28 23:39:59,131 INFO c.h.h.t.HelmChartContainer - [hivemq-test-hivemq-platform] [hivemq-platform-operator] [669ffea5] 23:39:59.129 [ReconcilerExecutor-hivemq-controller-133] DEBUG c.h.p.o.h.HiveMQPlatformReconcilerRollingRestartHandler - [helmcont] Rolling restart is waiting for 1 of 2 replicas
2025-01-28 23:39:59,137 INFO c.h.h.t.HelmChartContainer - [hivemq-test-hivemq-platform] [hivemq-platform-operator] [669ffea5] 23:39:59.133 [pool-6-thread-2] DEBUG c.h.p.o.d.PlatformServiceResource - [helmcont] Desired Platform services (3 services)
2025-01-28 23:39:59,137 INFO c.h.h.t.HelmChartContainer - [hivemq-test-hivemq-platform] [hivemq-platform-operator] [669ffea5] 23:39:59.134 [pool-6-thread-4] DEBUG c.h.p.o.d.PodServiceAccountResource - [helmcont] Desired PodServiceAccountResource (serviceAccountName: hivemq-platform-pod-test-hivemq-platform)
2025-01-28 23:39:59,138 INFO c.h.h.t.HelmChartContainer - [hivemq-test-hivemq-platform] [hivemq-platform-operator] [669ffea5] 23:39:59.137 [pool-6-thread-7] DEBUG c.h.p.o.dependants.PodInfoConfigMap - [helmcont] Desired PodInfo ConfigMap (1 extensions) (1 enabled)
2025-01-28 23:39:59,138 INFO c.h.h.t.HelmChartContainer - [hivemq-test-hivemq-platform] [hivemq-platform-operator] [669ffea5] 23:39:59.137 [pool-6-thread-7] DEBUG c.h.p.o.dependants.PodInfoConfigMap - [helmcont] Desired PodInfo ConfigMap (metrics port: 9399) (metrics path: /)
2025-01-28 23:39:59,138 INFO c.h.h.t.HelmChartContainer - [hivemq-test-hivemq-platform] [hivemq-platform-operator] [669ffea5] 23:39:59.137 [pool-6-thread-7] DEBUG c.h.p.o.dependants.PodInfoConfigMap - [helmcont] Desired PodInfo ConfigMap (extension state hash: -1817474005)
2025-01-28 23:39:59,139 INFO c.h.h.t.HelmChartContainer - [hivemq-test-hivemq-platform] [hivemq-platform-operator] [669ffea5] 23:39:59.139 [pool-6-thread-7] DEBUG c.h.p.o.d.StatefulSetResource - [helmcont] Desired StatefulSet (2 replicas) for status ROLLING_RESTART (RESTART_PODS_IN_PROGRESS)
2025-01-28 23:39:59,229 INFO c.h.h.t.HelmChartContainer - [hivemq-test-hivemq-platform] [hivemq-platform-operator] [669ffea5] 23:39:59.227 [ReconcilerExecutor-hivemq-controller-135] INFO  c.h.p.o.HiveMQPlatformReconciler - [helmcont] Reconciling HiveMQ Platform 'test-hivemq-platform' in namespace 'helmcontainersecuritycontextupgradeplatformit'
2025-01-28 23:39:59,229 INFO c.h.h.t.HelmChartContainer - [hivemq-test-hivemq-platform] [hivemq-platform-operator] [669ffea5] 23:39:59.227 [ReconcilerExecutor-hivemq-controller-135] DEBUG c.h.p.o.HiveMQPlatformReconciler - [helmcont] Custom Resource Status ROLLING_RESTART - HiveMQ Platform is restarting Pods (rolling restart) (RESTART_PODS_IN_PROGRESS)
2025-01-28 23:39:59,229 INFO c.h.h.t.HelmChartContainer - [hivemq-test-hivemq-platform] [hivemq-platform-operator] [669ffea5] 23:39:59.227 [ReconcilerExecutor-hivemq-controller-135] DEBUG c.h.p.o.HiveMQPlatformReconciler - [helmcont] Custom Resource Spec (replicas: 1) (extensions: 1)
2025-01-28 23:39:59,230 INFO c.h.h.t.HelmChartContainer - [hivemq-test-hivemq-platform] [hivemq-platform-operator] [669ffea5] 23:39:59.229 [ReconcilerExecutor-hivemq-controller-135] DEBUG c.h.p.o.HiveMQPlatformReconciler - [helmcont] StatefulSet Status (revision: test-hivemq-platform-85948b8786, replicas: 2, available: 1, ready: 1, current: 0, updated: 2)
2025-01-28 23:39:59,231 INFO c.h.h.t.HelmChartContainer - [hivemq-test-hivemq-platform] [hivemq-platform-operator] [669ffea5] 23:39:59.229 [ReconcilerExecutor-hivemq-controller-135] DEBUG c.h.p.o.HiveMQPlatformReconciler - [helmcont] StatefulSet Spec (replicas: 2, init containers: 1, containers: 1, volumes: 3)
2025-01-28 23:39:59,232 INFO c.h.h.t.HelmChartContainer - [hivemq-test-hivemq-platform] [hivemq-platform-operator] [669ffea5] 23:39:59.231 [ReconcilerExecutor-hivemq-controller-135] DEBUG c.h.p.o.h.HiveMQPlatformReconcilerErrorHandler - [helmcont] Pod 'test-hivemq-platform-1' phase Running
2025-01-28 23:39:59,234 INFO c.h.h.t.HelmChartContainer - [hivemq-test-hivemq-platform] [hivemq-platform-operator] [669ffea5] 23:39:59.233 [ReconcilerExecutor-hivemq-controller-135] DEBUG c.h.p.o.h.HiveMQPlatformReconcilerErrorHandler - [helmcont] Pod 'test-hivemq-platform-0' phase Pending
2025-01-28 23:39:59,235 INFO c.h.h.t.HelmChartContainer - [hivemq-test-hivemq-platform] [hivemq-platform-operator] [669ffea5] 23:39:59.233 [ReconcilerExecutor-hivemq-controller-135] DEBUG c.h.p.o.h.HiveMQPlatformReconcilerErrorHandler - [helmcont] Pod 'test-hivemq-platform-0' condition 'PodReadyToStartContainers': False
2025-01-28 23:39:59,235 INFO c.h.h.t.HelmChartContainer - [hivemq-test-hivemq-platform] [hivemq-platform-operator] [669ffea5] 23:39:59.233 [ReconcilerExecutor-hivemq-controller-135] DEBUG c.h.p.o.h.HiveMQPlatformReconcilerErrorHandler - [helmcont] Pod 'test-hivemq-platform-0' condition 'Initialized': False
2025-01-28 23:39:59,235 INFO c.h.h.t.HelmChartContainer - [hivemq-test-hivemq-platform] [hivemq-platform-operator] [669ffea5] 23:39:59.233 [ReconcilerExecutor-hivemq-controller-135] DEBUG c.h.p.o.h.HiveMQPlatformReconcilerErrorHandler - [helmcont] Pod 'test-hivemq-platform-0' condition 'Ready': False
2025-01-28 23:39:59,235 INFO c.h.h.t.HelmChartContainer - [hivemq-test-hivemq-platform] [hivemq-platform-operator] [669ffea5] 23:39:59.233 [ReconcilerExecutor-hivemq-controller-135] DEBUG c.h.p.o.h.HiveMQPlatformReconcilerErrorHandler - [helmcont] Pod 'test-hivemq-platform-0' condition 'ContainersReady': False
2025-01-28 23:39:59,235 INFO c.h.h.t.HelmChartContainer - [hivemq-test-hivemq-platform] [hivemq-platform-operator] [669ffea5] 23:39:59.233 [ReconcilerExecutor-hivemq-controller-135] DEBUG c.h.p.o.h.HiveMQPlatformReconcilerErrorHandler - [helmcont] Pod 'test-hivemq-platform-0' condition 'PodScheduled': True
2025-01-28 23:39:59,236 INFO c.h.h.t.HelmChartContainer - [hivemq-test-hivemq-platform] [hivemq-platform-operator] [669ffea5] 23:39:59.233 [ReconcilerExecutor-hivemq-controller-135] DEBUG c.h.p.o.h.HiveMQPlatformReconcilerErrorHandler - [helmcont] Pod 'test-hivemq-platform-0' containerStatus 'hivemq' (started: false) (ready: false) (waiting: [PodInitializing] null)
2025-01-28 23:39:59,236 INFO c.h.h.t.HelmChartContainer - [hivemq-test-hivemq-platform] [hivemq-platform-operator] [669ffea5] 23:39:59.234 [ReconcilerExecutor-hivemq-controller-135] DEBUG c.h.p.o.h.HiveMQPlatformReconcilerRollingRestartHandler - [helmcont] Rolling restart is waiting for 1 of 2 replicas
2025-01-28 23:39:59,348 INFO c.h.h.t.HelmChartContainer - [K3S] [kubelet_volumes.go:163] "Cleaned up orphaned pod volumes dir" podUID="b7387f7a-51c4-40c4-9361-966e01e0d346" path="/var/lib/kubelet/pods/b7387f7a-51c4-40c4-9361-966e01e0d346/volumes"
2025-01-28 23:39:59,387 INFO c.h.h.t.HelmChartContainer - [EVENT] Normal [Pulled] Container image "docker.io/hivemq/hivemq-platform-operator-init-test:snapshot" already present on machine [helmcontainersecuritycontextupgradeplatformit:test-hivemq-platform-0]
2025-01-28 23:39:59,393 INFO c.h.h.t.HelmChartContainer - [EVENT] Normal [Created] Created container: hivemq-platform-operator-init [helmcontainersecuritycontextupgradeplatformit:test-hivemq-platform-0]
2025-01-28 23:39:59,432 INFO c.h.h.t.HelmChartContainer - [EVENT] Normal [Started] Started container hivemq-platform-operator-init [helmcontainersecuritycontextupgradeplatformit:test-hivemq-platform-0]
2025-01-28 23:39:59,933 INFO c.h.h.t.HelmChartContainer - [EVENT] Normal [Pulled] Container image "docker.io/hivemq/hivemq4:4.36.0" already present on machine [helmcontainersecuritycontextupgradeplatformit:test-hivemq-platform-0]
2025-01-28 23:39:59,933 INFO c.h.h.t.HelmChartContainer - Received Pulled event for container hivemq in pod test-hivemq-platform-0 [ee2c1bc8-e8f8-49a3-8e51-d3457a2f9d26]
2025-01-28 23:39:59,943 INFO c.h.h.t.HelmChartContainer - [EVENT] Normal [Created] Created container: hivemq [helmcontainersecuritycontextupgradeplatformit:test-hivemq-platform-0]
2025-01-28 23:39:59,943 INFO c.h.h.t.HelmChartContainer - Received Created event for container hivemq in pod test-hivemq-platform-0 [ee2c1bc8-e8f8-49a3-8e51-d3457a2f9d26]
2025-01-28 23:39:59,946 INFO c.h.h.t.HelmChartContainer - [POD] test-hivemq-platform-0 [ee2c1bc8-e8f8-49a3-8e51-d3457a2f9d26] in helmcontainersecuritycontextupgradeplatformit was MODIFIED
2025-01-28 23:39:59,957 INFO c.h.h.t.HelmChartContainer - [hivemq-test-hivemq-platform] [hivemq-platform-operator] [669ffea5] 23:39:59.951 [pool-6-thread-13] DEBUG c.h.p.o.d.PlatformServiceResource - [helmcont] Desired Platform services (3 services)
2025-01-28 23:39:59,964 INFO c.h.h.t.HelmChartContainer - [hivemq-test-hivemq-platform] [hivemq-platform-operator] [669ffea5] 23:39:59.952 [pool-6-thread-15] DEBUG c.h.p.o.dependants.PodInfoConfigMap - [helmcont] Desired PodInfo ConfigMap (1 extensions) (1 enabled)
2025-01-28 23:39:59,964 INFO c.h.h.t.HelmChartContainer - [hivemq-test-hivemq-platform] [hivemq-platform-operator] [669ffea5] 23:39:59.960 [pool-6-thread-15] DEBUG c.h.p.o.dependants.PodInfoConfigMap - [helmcont] Desired PodInfo ConfigMap (metrics port: 9399) (metrics path: /)
2025-01-28 23:39:59,970 INFO c.h.h.t.HelmChartContainer - [hivemq-test-hivemq-platform] [hivemq-platform-operator] [669ffea5] 23:39:59.961 [pool-6-thread-15] DEBUG c.h.p.o.dependants.PodInfoConfigMap - [helmcont] Desired PodInfo ConfigMap (extension state hash: -1817474005)
2025-01-28 23:39:59,970 INFO c.h.h.t.HelmChartContainer - [hivemq-test-hivemq-platform] [hivemq-platform-operator] [669ffea5] 23:39:59.953 [pool-6-thread-19] DEBUG c.h.p.o.d.PodServiceAccountResource - [helmcont] Desired PodServiceAccountResource (serviceAccountName: hivemq-platform-pod-test-hivemq-platform)
2025-01-28 23:39:59,970 INFO c.h.h.t.HelmChartContainer - [hivemq-test-hivemq-platform] [hivemq-platform-operator] [669ffea5] 23:39:59.966 [pool-6-thread-13] DEBUG c.h.p.o.d.StatefulSetResource - [helmcont] Desired StatefulSet (2 replicas) for status ROLLING_RESTART (RESTART_PODS_IN_PROGRESS)
2025-01-28 23:40:00,030 INFO c.h.h.t.HelmChartContainer - [hivemq-test-hivemq-platform] [hivemq-platform-operator] [669ffea5] 23:40:00.028 [ReconcilerExecutor-hivemq-controller-136] INFO  c.h.p.o.HiveMQPlatformReconciler - [helmcont] Reconciling HiveMQ Platform 'test-hivemq-platform' in namespace 'helmcontainersecuritycontextupgradeplatformit'
2025-01-28 23:40:00,030 INFO c.h.h.t.HelmChartContainer - [hivemq-test-hivemq-platform] [hivemq-platform-operator] [669ffea5] 23:40:00.028 [ReconcilerExecutor-hivemq-controller-136] DEBUG c.h.p.o.HiveMQPlatformReconciler - [helmcont] Custom Resource Status ROLLING_RESTART - HiveMQ Platform is restarting Pods (rolling restart) (RESTART_PODS_IN_PROGRESS)
2025-01-28 23:40:00,030 INFO c.h.h.t.HelmChartContainer - [hivemq-test-hivemq-platform] [hivemq-platform-operator] [669ffea5] 23:40:00.028 [ReconcilerExecutor-hivemq-controller-136] DEBUG c.h.p.o.HiveMQPlatformReconciler - [helmcont] Custom Resource Spec (replicas: 1) (extensions: 1)
2025-01-28 23:40:00,032 INFO c.h.h.t.HelmChartContainer - [hivemq-test-hivemq-platform] [hivemq-platform-operator] [669ffea5] 23:40:00.031 [ReconcilerExecutor-hivemq-controller-136] DEBUG c.h.p.o.HiveMQPlatformReconciler - [helmcont] StatefulSet Status (revision: test-hivemq-platform-85948b8786, replicas: 2, available: 1, ready: 1, current: 0, updated: 2)
2025-01-28 23:40:00,034 INFO c.h.h.t.HelmChartContainer - [hivemq-test-hivemq-platform] [hivemq-platform-operator] [669ffea5] 23:40:00.031 [ReconcilerExecutor-hivemq-controller-136] DEBUG c.h.p.o.HiveMQPlatformReconciler - [helmcont] StatefulSet Spec (replicas: 2, init containers: 1, containers: 1, volumes: 3)
2025-01-28 23:40:00,034 INFO c.h.h.t.HelmChartContainer - [hivemq-test-hivemq-platform] [hivemq-platform-operator] [669ffea5] 23:40:00.032 [ReconcilerExecutor-hivemq-controller-136] DEBUG c.h.p.o.h.HiveMQPlatformReconcilerErrorHandler - [helmcont] Pod 'test-hivemq-platform-1' phase Running
2025-01-28 23:40:00,036 INFO c.h.h.t.HelmChartContainer - [hivemq-test-hivemq-platform] [hivemq-platform-operator] [669ffea5] 23:40:00.033 [ReconcilerExecutor-hivemq-controller-136] DEBUG c.h.p.o.h.HiveMQPlatformReconcilerErrorHandler - [helmcont] Pod 'test-hivemq-platform-0' phase Pending
2025-01-28 23:40:00,036 INFO c.h.h.t.HelmChartContainer - [hivemq-test-hivemq-platform] [hivemq-platform-operator] [669ffea5] 23:40:00.034 [ReconcilerExecutor-hivemq-controller-136] DEBUG c.h.p.o.h.HiveMQPlatformReconcilerErrorHandler - [helmcont] Pod 'test-hivemq-platform-0' condition 'PodReadyToStartContainers': True
2025-01-28 23:40:00,036 INFO c.h.h.t.HelmChartContainer - [hivemq-test-hivemq-platform] [hivemq-platform-operator] [669ffea5] 23:40:00.034 [ReconcilerExecutor-hivemq-controller-136] DEBUG c.h.p.o.h.HiveMQPlatformReconcilerErrorHandler - [helmcont] Pod 'test-hivemq-platform-0' condition 'Initialized': True
2025-01-28 23:40:00,036 INFO c.h.h.t.HelmChartContainer - [hivemq-test-hivemq-platform] [hivemq-platform-operator] [669ffea5] 23:40:00.034 [ReconcilerExecutor-hivemq-controller-136] DEBUG c.h.p.o.h.HiveMQPlatformReconcilerErrorHandler - [helmcont] Pod 'test-hivemq-platform-0' condition 'Ready': False
2025-01-28 23:40:00,036 INFO c.h.h.t.HelmChartContainer - [hivemq-test-hivemq-platform] [hivemq-platform-operator] [669ffea5] 23:40:00.034 [ReconcilerExecutor-hivemq-controller-136] DEBUG c.h.p.o.h.HiveMQPlatformReconcilerErrorHandler - [helmcont] Pod 'test-hivemq-platform-0' condition 'ContainersReady': False
2025-01-28 23:40:00,036 INFO c.h.h.t.HelmChartContainer - [hivemq-test-hivemq-platform] [hivemq-platform-operator] [669ffea5] 23:40:00.034 [ReconcilerExecutor-hivemq-controller-136] DEBUG c.h.p.o.h.HiveMQPlatformReconcilerErrorHandler - [helmcont] Pod 'test-hivemq-platform-0' condition 'PodScheduled': True
2025-01-28 23:40:00,036 INFO c.h.h.t.HelmChartContainer - [hivemq-test-hivemq-platform] [hivemq-platform-operator] [669ffea5] 23:40:00.034 [ReconcilerExecutor-hivemq-controller-136] DEBUG c.h.p.o.h.HiveMQPlatformReconcilerErrorHandler - [helmcont] Pod 'test-hivemq-platform-0' containerStatus 'hivemq' (started: false) (ready: false) (waiting: [PodInitializing] null)
2025-01-28 23:40:00,036 INFO c.h.h.t.HelmChartContainer - [hivemq-test-hivemq-platform] [hivemq-platform-operator] [669ffea5] 23:40:00.034 [ReconcilerExecutor-hivemq-controller-136] DEBUG c.h.p.o.h.HiveMQPlatformReconcilerRollingRestartHandler - [helmcont] Rolling restart is waiting for 1 of 2 replicas
2025-01-28 23:40:00,945 INFO c.h.h.t.HelmChartContainer - [POD] test-hivemq-platform-0 [ee2c1bc8-e8f8-49a3-8e51-d3457a2f9d26] in helmcontainersecuritycontextupgradeplatformit was MODIFIED
2025-01-28 23:40:00,950 INFO c.h.h.t.HelmChartContainer - [hivemq-test-hivemq-platform] [hivemq-platform-operator] [669ffea5] 23:40:00.947 [pool-6-thread-24] DEBUG c.h.p.o.d.PlatformServiceResource - [helmcont] Desired Platform services (3 services)
2025-01-28 23:40:00,950 INFO c.h.h.t.HelmChartContainer - [hivemq-test-hivemq-platform] [hivemq-platform-operator] [669ffea5] 23:40:00.947 [pool-6-thread-21] DEBUG c.h.p.o.dependants.PodInfoConfigMap - [helmcont] Desired PodInfo ConfigMap (1 extensions) (1 enabled)
2025-01-28 23:40:00,954 INFO c.h.h.t.HelmChartContainer - [hivemq-test-hivemq-platform] [hivemq-platform-operator] [669ffea5] 23:40:00.948 [pool-6-thread-21] DEBUG c.h.p.o.dependants.PodInfoConfigMap - [helmcont] Desired PodInfo ConfigMap (metrics port: 9399) (metrics path: /)
2025-01-28 23:40:00,954 INFO c.h.h.t.HelmChartContainer - [hivemq-test-hivemq-platform] [hivemq-platform-operator] [669ffea5] 23:40:00.948 [pool-6-thread-21] DEBUG c.h.p.o.dependants.PodInfoConfigMap - [helmcont] Desired PodInfo ConfigMap (extension state hash: -1817474005)
2025-01-28 23:40:00,954 INFO c.h.h.t.HelmChartContainer - [hivemq-test-hivemq-platform] [hivemq-platform-operator] [669ffea5] 23:40:00.949 [pool-6-thread-27] DEBUG c.h.p.o.d.PodServiceAccountResource - [helmcont] Desired PodServiceAccountResource (serviceAccountName: hivemq-platform-pod-test-hivemq-platform)
2025-01-28 23:40:00,959 INFO c.h.h.t.HelmChartContainer - [hivemq-test-hivemq-platform] [hivemq-platform-operator] [669ffea5] 23:40:00.958 [pool-6-thread-24] DEBUG c.h.p.o.d.StatefulSetResource - [helmcont] Desired StatefulSet (2 replicas) for status ROLLING_RESTART (RESTART_PODS_IN_PROGRESS)
2025-01-28 23:40:00,960 INFO c.h.h.t.HelmChartContainer - Started log watcher for hivemq in pod test-hivemq-platform-0 [ee2c1bc8-e8f8-49a3-8e51-d3457a2f9d26]
2025-01-28 23:40:00,960 INFO c.h.h.t.HelmChartContainer - [test-hivemq-platform] [hivemq] [ee2c1bc8] Adding pre-installed HiveMQ Platform Operator extensions
2025-01-28 23:40:00,960 INFO c.h.h.t.HelmChartContainer - [test-hivemq-platform] [hivemq] [ee2c1bc8] Running as user 10000
2025-01-28 23:40:00,960 INFO c.h.h.t.HelmChartContainer - [test-hivemq-platform] [hivemq] [ee2c1bc8] Starting HiveMQ Platform Operator Init
2025-01-28 23:40:00,961 INFO c.h.h.t.HelmChartContainer - [EVENT] Normal [Started] Started container hivemq [helmcontainersecuritycontextupgradeplatformit:test-hivemq-platform-0]
2025-01-28 23:40:00,961 INFO c.h.h.t.HelmChartContainer - Received Started event for container hivemq in pod test-hivemq-platform-0 [ee2c1bc8-e8f8-49a3-8e51-d3457a2f9d26]
2025-01-28 23:40:00,963 INFO c.h.h.t.HelmChartContainer - [hivemq-test-hivemq-platform] [hivemq-platform-operator] [669ffea5] 23:40:00.962 [ReconcilerExecutor-hivemq-controller-137] INFO  c.h.p.o.HiveMQPlatformReconciler - [helmcont] Reconciling HiveMQ Platform 'test-hivemq-platform' in namespace 'helmcontainersecuritycontextupgradeplatformit'
2025-01-28 23:40:00,963 INFO c.h.h.t.HelmChartContainer - [hivemq-test-hivemq-platform] [hivemq-platform-operator] [669ffea5] 23:40:00.962 [ReconcilerExecutor-hivemq-controller-137] DEBUG c.h.p.o.HiveMQPlatformReconciler - [helmcont] Custom Resource Status ROLLING_RESTART - HiveMQ Platform is restarting Pods (rolling restart) (RESTART_PODS_IN_PROGRESS)
2025-01-28 23:40:00,963 INFO c.h.h.t.HelmChartContainer - [hivemq-test-hivemq-platform] [hivemq-platform-operator] [669ffea5] 23:40:00.962 [ReconcilerExecutor-hivemq-controller-137] DEBUG c.h.p.o.HiveMQPlatformReconciler - [helmcont] Custom Resource Spec (replicas: 1) (extensions: 1)
2025-01-28 23:40:00,966 INFO c.h.h.t.HelmChartContainer - [hivemq-test-hivemq-platform] [hivemq-platform-operator] [669ffea5] 23:40:00.964 [ReconcilerExecutor-hivemq-controller-137] DEBUG c.h.p.o.HiveMQPlatformReconciler - [helmcont] StatefulSet Status (revision: test-hivemq-platform-85948b8786, replicas: 2, available: 1, ready: 1, current: 0, updated: 2)
2025-01-28 23:40:00,966 INFO c.h.h.t.HelmChartContainer - [hivemq-test-hivemq-platform] [hivemq-platform-operator] [669ffea5] 23:40:00.964 [ReconcilerExecutor-hivemq-controller-137] DEBUG c.h.p.o.HiveMQPlatformReconciler - [helmcont] StatefulSet Spec (replicas: 2, init containers: 1, containers: 1, volumes: 3)
2025-01-28 23:40:00,968 INFO c.h.h.t.HelmChartContainer - [hivemq-test-hivemq-platform] [hivemq-platform-operator] [669ffea5] 23:40:00.965 [ReconcilerExecutor-hivemq-controller-137] DEBUG c.h.p.o.h.HiveMQPlatformReconcilerErrorHandler - [helmcont] Pod 'test-hivemq-platform-1' phase Running
2025-01-28 23:40:00,968 INFO c.h.h.t.HelmChartContainer - [hivemq-test-hivemq-platform] [hivemq-platform-operator] [669ffea5] 23:40:00.966 [ReconcilerExecutor-hivemq-controller-137] DEBUG c.h.p.o.h.HiveMQPlatformReconcilerErrorHandler - [helmcont] Pod 'test-hivemq-platform-0' phase Running
2025-01-28 23:40:00,968 INFO c.h.h.t.HelmChartContainer - [hivemq-test-hivemq-platform] [hivemq-platform-operator] [669ffea5] 23:40:00.967 [ReconcilerExecutor-hivemq-controller-137] DEBUG c.h.p.o.h.HiveMQPlatformReconcilerRollingRestartHandler - [helmcont] Rolling restart is waiting for 1 of 2 replicas
2025-01-28 23:40:01,278 INFO c.h.h.t.HelmChartContainer - [test-hivemq-platform] [hivemq] [ee2c1bc8] INFO  - [HiveMQ Platform Operator Init 1.7.0-SNAPSHOT] HiveMQ Platform Operator Init 1.7.0-SNAPSHOT (commit: bebf408 on branch: HEAD) built on Sun Jan 26 20:47:47 UTC 2025
2025-01-28 23:40:02,539 INFO c.h.h.t.HelmChartContainer - [test-hivemq-platform] [hivemq] [ee2c1bc8] INFO  - [HiveMQ Platform Operator Init App 1.7.0-SNAPSHOT] Using bind address 10.42.0.12 from environment variable
2025-01-28 23:40:03,482 INFO c.h.h.t.HelmChartContainer - [test-hivemq-platform] [hivemq] [ee2c1bc8] INFO  - [HiveMQ Platform Operator Init App 1.7.0-SNAPSHOT] HiveMQ Platform Operator Init App 1.7.0-SNAPSHOT (commit: bebf408 on branch: HEAD) built on Sun Jan 26 20:47:47 UTC 2025
2025-01-28 23:40:03,482 INFO c.h.h.t.HelmChartContainer - [test-hivemq-platform] [hivemq] [ee2c1bc8] INFO  - [HiveMQ Platform Operator Init App 1.7.0-SNAPSHOT] PodInfo ConfigMap directory: /etc/podinfo
2025-01-28 23:40:03,482 INFO c.h.h.t.HelmChartContainer - [test-hivemq-platform] [hivemq] [ee2c1bc8] INFO  - [HiveMQ Platform Operator Init App 1.7.0-SNAPSHOT] HiveMQ home directory: /opt/hivemq
2025-01-28 23:40:03,482 INFO c.h.h.t.HelmChartContainer - [test-hivemq-platform] [hivemq] [ee2c1bc8] INFO  - [HiveMQ Platform Operator Init App 1.7.0-SNAPSHOT] HiveMQ Logback folder: /opt/hivemq/conf
2025-01-28 23:40:03,483 INFO c.h.h.t.HelmChartContainer - [test-hivemq-platform] [hivemq] [ee2c1bc8] INFO  - [HiveMQ Platform Operator Init App 1.7.0-SNAPSHOT] HiveMQ Config folder: /opt/hivemq/conf-k8s
2025-01-28 23:40:03,483 INFO c.h.h.t.HelmChartContainer - [test-hivemq-platform] [hivemq] [ee2c1bc8] INFO  - [HiveMQ Platform Operator Init App 1.7.0-SNAPSHOT] Starting HiveMQ Platform Operator Init App
2025-01-28 23:40:03,484 INFO c.h.h.t.HelmChartContainer - [test-hivemq-platform] [hivemq] [ee2c1bc8] INFO  - [HiveMQ Platform Operator Init App 1.7.0-SNAPSHOT] Starting Pod reconciler
2025-01-28 23:40:04,697 INFO c.h.h.t.HelmChartContainer - [test-hivemq-platform] [hivemq] [ee2c1bc8] INFO  - [HiveMQ Platform Operator Init App 1.7.0-SNAPSHOT] Pod reconciler is scheduled (interval: 5000 ms)
2025-01-28 23:40:04,698 INFO c.h.h.t.HelmChartContainer - [test-hivemq-platform] [hivemq] [ee2c1bc8] INFO  - [HiveMQ Platform Operator Init App 1.7.0-SNAPSHOT] Starting the REST API on 10.42.0.12:7979
2025-01-28 23:40:04,700 INFO c.h.h.t.HelmChartContainer - [test-hivemq-platform] [hivemq] [ee2c1bc8] INFO  - [HiveMQ Platform Operator Init App 1.7.0-SNAPSHOT] Waiting up to 600s for at most 2 HiveMQ nodes in cluster service hivemq-test-hivemq-platform-cluster.helmcontainersecuritycontextupgradeplatformit.svc
2025-01-28 23:40:05,079 INFO c.h.h.t.HelmChartContainer - [test-hivemq-platform] [hivemq] [ee2c1bc8] INFO  - [HiveMQ Platform Operator Init App 1.7.0-SNAPSHOT] Resolved 2 IP addresses: [10.42.0.12, 10.42.0.11]
2025-01-28 23:40:05,079 INFO c.h.h.t.HelmChartContainer - [test-hivemq-platform] [hivemq] [ee2c1bc8] INFO  - [HiveMQ Platform Operator Init App 1.7.0-SNAPSHOT] HiveMQ node count of 2 is within threshold of 2
2025-01-28 23:40:05,079 INFO c.h.h.t.HelmChartContainer - [test-hivemq-platform] [hivemq] [ee2c1bc8] INFO  - [HiveMQ Platform Operator Init App 1.7.0-SNAPSHOT] Waiting 15s for previous shutdown replication to finish...
2025-01-28 23:40:06,943 INFO c.h.h.t.HelmChartContainer - [test-hivemq-platform] [hivemq] [ee2c1bc8] INFO  - [HiveMQ Platform Operator Init App 1.7.0-SNAPSHOT] Returning default Health API response 503 for readiness
2025-01-28 23:40:07,061 INFO c.h.h.t.HelmChartContainer - [EVENT] Warning [Unhealthy] Readiness probe failed: HTTP probe failed with statuscode: 503 [helmcontainersecuritycontextupgradeplatformit:test-hivemq-platform-0]
2025-01-28 23:40:07,061 INFO c.h.h.t.HelmChartContainer - Received Unhealthy event for container hivemq in pod test-hivemq-platform-0 [ee2c1bc8-e8f8-49a3-8e51-d3457a2f9d26]
2025-01-28 23:40:10,973 INFO c.h.h.t.HelmChartContainer - [hivemq-test-hivemq-platform] [hivemq-platform-operator] [669ffea5] 23:40:10.970 [pool-6-thread-35] DEBUG c.h.p.o.d.PlatformServiceResource - [helmcont] Desired Platform services (3 services)
2025-01-28 23:40:10,974 INFO c.h.h.t.HelmChartContainer - [hivemq-test-hivemq-platform] [hivemq-platform-operator] [669ffea5] 23:40:10.971 [pool-6-thread-36] DEBUG c.h.p.o.d.PodServiceAccountResource - [helmcont] Desired PodServiceAccountResource (serviceAccountName: hivemq-platform-pod-test-hivemq-platform)
2025-01-28 23:40:10,975 INFO c.h.h.t.HelmChartContainer - [hivemq-test-hivemq-platform] [hivemq-platform-operator] [669ffea5] 23:40:10.970 [pool-6-thread-38] DEBUG c.h.p.o.dependants.PodInfoConfigMap - [helmcont] Desired PodInfo ConfigMap (1 extensions) (1 enabled)
2025-01-28 23:40:10,975 INFO c.h.h.t.HelmChartContainer - [hivemq-test-hivemq-platform] [hivemq-platform-operator] [669ffea5] 23:40:10.974 [pool-6-thread-38] DEBUG c.h.p.o.dependants.PodInfoConfigMap - [helmcont] Desired PodInfo ConfigMap (metrics port: 9399) (metrics path: /)
2025-01-28 23:40:10,975 INFO c.h.h.t.HelmChartContainer - [hivemq-test-hivemq-platform] [hivemq-platform-operator] [669ffea5] 23:40:10.974 [pool-6-thread-38] DEBUG c.h.p.o.dependants.PodInfoConfigMap - [helmcont] Desired PodInfo ConfigMap (extension state hash: -1817474005)
2025-01-28 23:40:10,977 INFO c.h.h.t.HelmChartContainer - [hivemq-test-hivemq-platform] [hivemq-platform-operator] [669ffea5] 23:40:10.976 [pool-6-thread-38] DEBUG c.h.p.o.d.StatefulSetResource - [helmcont] Desired StatefulSet (2 replicas) for status ROLLING_RESTART (RESTART_PODS_IN_PROGRESS)
2025-01-28 23:40:10,982 INFO c.h.h.t.HelmChartContainer - [hivemq-test-hivemq-platform] [hivemq-platform-operator] [669ffea5] 23:40:10.981 [ReconcilerExecutor-hivemq-controller-138] INFO  c.h.p.o.HiveMQPlatformReconciler - [helmcont] Reconciling HiveMQ Platform 'test-hivemq-platform' in namespace 'helmcontainersecuritycontextupgradeplatformit'
2025-01-28 23:40:10,984 INFO c.h.h.t.HelmChartContainer - [hivemq-test-hivemq-platform] [hivemq-platform-operator] [669ffea5] 23:40:10.981 [ReconcilerExecutor-hivemq-controller-138] DEBUG c.h.p.o.HiveMQPlatformReconciler - [helmcont] Custom Resource Status ROLLING_RESTART - HiveMQ Platform is restarting Pods (rolling restart) (RESTART_PODS_IN_PROGRESS)
2025-01-28 23:40:10,984 INFO c.h.h.t.HelmChartContainer - [hivemq-test-hivemq-platform] [hivemq-platform-operator] [669ffea5] 23:40:10.981 [ReconcilerExecutor-hivemq-controller-138] DEBUG c.h.p.o.HiveMQPlatformReconciler - [helmcont] Custom Resource Spec (replicas: 1) (extensions: 1)
2025-01-28 23:40:10,984 INFO c.h.h.t.HelmChartContainer - [hivemq-test-hivemq-platform] [hivemq-platform-operator] [669ffea5] 23:40:10.983 [ReconcilerExecutor-hivemq-controller-138] DEBUG c.h.p.o.HiveMQPlatformReconciler - [helmcont] StatefulSet Status (revision: test-hivemq-platform-85948b8786, replicas: 2, available: 1, ready: 1, current: 0, updated: 2)
2025-01-28 23:40:10,985 INFO c.h.h.t.HelmChartContainer - [hivemq-test-hivemq-platform] [hivemq-platform-operator] [669ffea5] 23:40:10.983 [ReconcilerExecutor-hivemq-controller-138] DEBUG c.h.p.o.HiveMQPlatformReconciler - [helmcont] StatefulSet Spec (replicas: 2, init containers: 1, containers: 1, volumes: 3)
2025-01-28 23:40:10,985 INFO c.h.h.t.HelmChartContainer - [hivemq-test-hivemq-platform] [hivemq-platform-operator] [669ffea5] 23:40:10.984 [ReconcilerExecutor-hivemq-controller-138] DEBUG c.h.p.o.h.HiveMQPlatformReconcilerErrorHandler - [helmcont] Pod 'test-hivemq-platform-1' phase Running
2025-01-28 23:40:10,987 INFO c.h.h.t.HelmChartContainer - [hivemq-test-hivemq-platform] [hivemq-platform-operator] [669ffea5] 23:40:10.986 [ReconcilerExecutor-hivemq-controller-138] DEBUG c.h.p.o.h.HiveMQPlatformReconcilerErrorHandler - [helmcont] Pod 'test-hivemq-platform-0' phase Running
2025-01-28 23:40:10,987 INFO c.h.h.t.HelmChartContainer - [hivemq-test-hivemq-platform] [hivemq-platform-operator] [669ffea5] 23:40:10.987 [ReconcilerExecutor-hivemq-controller-138] DEBUG c.h.p.o.h.HiveMQPlatformReconcilerRollingRestartHandler - [helmcont] Rolling restart is waiting for 1 of 2 replicas
2025-01-28 23:40:11,984 INFO c.h.h.t.HelmChartContainer - [EVENT] Warning [Unhealthy] Readiness probe failed: HTTP probe failed with statuscode: 503 [helmcontainersecuritycontextupgradeplatformit:test-hivemq-platform-0]
2025-01-28 23:40:11,984 INFO c.h.h.t.HelmChartContainer - Received Unhealthy event for container hivemq in pod test-hivemq-platform-0 [ee2c1bc8-e8f8-49a3-8e51-d3457a2f9d26]
2025-01-28 23:40:12,288 INFO c.h.h.t.HelmChartContainer - [test-hivemq-platform] [hivemq] [ee2c1bc8] INFO  - [HiveMQ Platform Operator Init App 1.7.0-SNAPSHOT] Updating Pod HiveMQ Platform Operator Init App version annotation (version: 1.7.0-SNAPSHOT)
2025-01-28 23:40:12,599 INFO c.h.h.t.HelmChartContainer - [POD] test-hivemq-platform-0 [ee2c1bc8-e8f8-49a3-8e51-d3457a2f9d26] in helmcontainersecuritycontextupgradeplatformit was MODIFIED
2025-01-28 23:40:12,603 INFO c.h.h.t.HelmChartContainer - [hivemq-test-hivemq-platform] [hivemq-platform-operator] [669ffea5] 23:40:12.600 [pool-6-thread-43] DEBUG c.h.p.o.d.PlatformServiceResource - [helmcont] Desired Platform services (3 services)
2025-01-28 23:40:12,603 INFO c.h.h.t.HelmChartContainer - [hivemq-test-hivemq-platform] [hivemq-platform-operator] [669ffea5] 23:40:12.601 [pool-6-thread-47] DEBUG c.h.p.o.dependants.PodInfoConfigMap - [helmcont] Desired PodInfo ConfigMap (1 extensions) (1 enabled)
2025-01-28 23:40:12,603 INFO c.h.h.t.HelmChartContainer - [hivemq-test-hivemq-platform] [hivemq-platform-operator] [669ffea5] 23:40:12.601 [pool-6-thread-47] DEBUG c.h.p.o.dependants.PodInfoConfigMap - [helmcont] Desired PodInfo ConfigMap (metrics port: 9399) (metrics path: /)
2025-01-28 23:40:12,603 INFO c.h.h.t.HelmChartContainer - [hivemq-test-hivemq-platform] [hivemq-platform-operator] [669ffea5] 23:40:12.601 [pool-6-thread-47] DEBUG c.h.p.o.dependants.PodInfoConfigMap - [helmcont] Desired PodInfo ConfigMap (extension state hash: -1817474005)
2025-01-28 23:40:12,603 INFO c.h.h.t.HelmChartContainer - [hivemq-test-hivemq-platform] [hivemq-platform-operator] [669ffea5] 23:40:12.601 [pool-6-thread-47] DEBUG c.h.p.o.d.PodServiceAccountResource - [helmcont] Desired PodServiceAccountResource (serviceAccountName: hivemq-platform-pod-test-hivemq-platform)
2025-01-28 23:40:12,605 INFO c.h.h.t.HelmChartContainer - [hivemq-test-hivemq-platform] [hivemq-platform-operator] [669ffea5] 23:40:12.604 [pool-6-thread-43] DEBUG c.h.p.o.d.StatefulSetResource - [helmcont] Desired StatefulSet (2 replicas) for status ROLLING_RESTART (RESTART_PODS_IN_PROGRESS)
2025-01-28 23:40:12,607 INFO c.h.h.t.HelmChartContainer - [hivemq-test-hivemq-platform] [hivemq-platform-operator] [669ffea5] 23:40:12.606 [ReconcilerExecutor-hivemq-controller-139] INFO  c.h.p.o.HiveMQPlatformReconciler - [helmcont] Reconciling HiveMQ Platform 'test-hivemq-platform' in namespace 'helmcontainersecuritycontextupgradeplatformit'
2025-01-28 23:40:12,607 INFO c.h.h.t.HelmChartContainer - [hivemq-test-hivemq-platform] [hivemq-platform-operator] [669ffea5] 23:40:12.606 [ReconcilerExecutor-hivemq-controller-139] DEBUG c.h.p.o.HiveMQPlatformReconciler - [helmcont] Custom Resource Status ROLLING_RESTART - HiveMQ Platform is restarting Pods (rolling restart) (RESTART_PODS_IN_PROGRESS)
2025-01-28 23:40:12,607 INFO c.h.h.t.HelmChartContainer - [hivemq-test-hivemq-platform] [hivemq-platform-operator] [669ffea5] 23:40:12.606 [ReconcilerExecutor-hivemq-controller-139] DEBUG c.h.p.o.HiveMQPlatformReconciler - [helmcont] Custom Resource Spec (replicas: 1) (extensions: 1)
2025-01-28 23:40:12,608 INFO c.h.h.t.HelmChartContainer - [hivemq-test-hivemq-platform] [hivemq-platform-operator] [669ffea5] 23:40:12.608 [ReconcilerExecutor-hivemq-controller-139] DEBUG c.h.p.o.HiveMQPlatformReconciler - [helmcont] StatefulSet Status (revision: test-hivemq-platform-85948b8786, replicas: 2, available: 1, ready: 1, current: 0, updated: 2)
2025-01-28 23:40:12,609 INFO c.h.h.t.HelmChartContainer - [hivemq-test-hivemq-platform] [hivemq-platform-operator] [669ffea5] 23:40:12.608 [ReconcilerExecutor-hivemq-controller-139] DEBUG c.h.p.o.HiveMQPlatformReconciler - [helmcont] StatefulSet Spec (replicas: 2, init containers: 1, containers: 1, volumes: 3)
2025-01-28 23:40:12,610 INFO c.h.h.t.HelmChartContainer - [hivemq-test-hivemq-platform] [hivemq-platform-operator] [669ffea5] 23:40:12.609 [ReconcilerExecutor-hivemq-controller-139] DEBUG c.h.p.o.h.HiveMQPlatformReconcilerErrorHandler - [helmcont] Pod 'test-hivemq-platform-1' phase Running
2025-01-28 23:40:12,610 INFO c.h.h.t.HelmChartContainer - [hivemq-test-hivemq-platform] [hivemq-platform-operator] [669ffea5] 23:40:12.610 [ReconcilerExecutor-hivemq-controller-139] DEBUG c.h.p.o.h.HiveMQPlatformReconcilerErrorHandler - [helmcont] Pod 'test-hivemq-platform-0' phase Running
2025-01-28 23:40:12,611 INFO c.h.h.t.HelmChartContainer - [hivemq-test-hivemq-platform] [hivemq-platform-operator] [669ffea5] 23:40:12.610 [ReconcilerExecutor-hivemq-controller-139] DEBUG c.h.p.o.h.HiveMQPlatformReconcilerRollingRestartHandler - [helmcont] Rolling restart is waiting for 1 of 2 replicas
2025-01-28 23:40:12,679 INFO c.h.h.t.HelmChartContainer - [test-hivemq-platform] [hivemq] [ee2c1bc8] INFO  - [HiveMQ Platform Operator Init App 1.7.0-SNAPSHOT] Successfully updated Pod HiveMQ Platform Operator Init App version annotation (version: 1.7.0-SNAPSHOT)
2025-01-28 23:40:12,682 INFO c.h.h.t.HelmChartContainer - [EVENT] Warning [Unhealthy] Readiness probe failed: HTTP probe failed with statuscode: 503 [helmcontainersecuritycontextupgradeplatformit:test-hivemq-platform-0]
2025-01-28 23:40:12,682 INFO c.h.h.t.HelmChartContainer - Received Unhealthy event for container hivemq in pod test-hivemq-platform-0 [ee2c1bc8-e8f8-49a3-8e51-d3457a2f9d26]
2025-01-28 23:40:17,605 INFO c.h.h.t.HelmChartContainer - [EVENT] Warning [Unhealthy] Readiness probe failed: HTTP probe failed with statuscode: 503 [helmcontainersecuritycontextupgradeplatformit:test-hivemq-platform-0]
2025-01-28 23:40:17,605 INFO c.h.h.t.HelmChartContainer - Received Unhealthy event for container hivemq in pod test-hivemq-platform-0 [ee2c1bc8-e8f8-49a3-8e51-d3457a2f9d26]
2025-01-28 23:40:20,080 INFO c.h.h.t.HelmChartContainer - [test-hivemq-platform] [hivemq] [ee2c1bc8] INFO  - [HiveMQ Platform Operator Init App 1.7.0-SNAPSHOT] Proceeding with container start
2025-01-28 23:40:20,083 INFO c.h.h.t.HelmChartContainer - [test-hivemq-platform] [hivemq] [ee2c1bc8] INFO  - [HiveMQ Platform Operator Init App 1.7.0-SNAPSHOT] Initializing HiveMQ Platform extensions with initial configuration: {hivemq-allow-all-extension={start-priority=-1, skip-https-hostname-verification=false, restart=true, config-version=0, header-version=0, c-uri=, priority=-1, uri=preinstalled, skip-https-certificate-validation=false, enabled=true}, hivemq-prometheus-extension={request-header-path=no-request-headers, uri=preinstalled, skip-https-certificate-validation=false, skip-https-hostname-verification=false, c-uri=, start-priority=-1, priority=-1, restart=true, enabled=true}}
2025-01-28 23:40:20,489 INFO c.h.h.t.HelmChartContainer - [test-hivemq-platform] [hivemq] [ee2c1bc8] INFO  - [HiveMQ Platform Operator Init App 1.7.0-SNAPSHOT] Extension hivemq-allow-all-extension was already enabled
2025-01-28 23:40:20,579 INFO c.h.h.t.HelmChartContainer - [test-hivemq-platform] [hivemq] [ee2c1bc8] INFO  - [HiveMQ Platform Operator Init App 1.7.0-SNAPSHOT] Successfully enabled extension hivemq-prometheus-extension
2025-01-28 23:40:20,580 INFO c.h.h.t.HelmChartContainer - [test-hivemq-platform] [hivemq] [ee2c1bc8] INFO  - [HiveMQ Platform Operator Init App 1.7.0-SNAPSHOT] Starting HiveMQ Platform version 4.36.0 (4.36.0)
2025-01-28 23:40:20,580 INFO c.h.h.t.HelmChartContainer - [test-hivemq-platform] [hivemq] [ee2c1bc8] INFO  - [HiveMQ Platform Operator Init App 1.7.0-SNAPSHOT] Configuring the HiveMQ Platform
2025-01-28 23:40:20,589 INFO c.h.h.t.HelmChartContainer - [test-hivemq-platform] [hivemq] [ee2c1bc8] INFO  - [HiveMQ Platform Operator Init App 1.7.0-SNAPSHOT] Changed logback.xml file scan period to 20 seconds
2025-01-28 23:40:20,682 INFO c.h.h.t.HelmChartContainer - [test-hivemq-platform] [hivemq] [ee2c1bc8] INFO  - [HiveMQ Platform Operator Init App 1.7.0-SNAPSHOT] Starting the HiveMQ Platform
2025-01-28 23:40:20,686 INFO c.h.h.t.HelmChartContainer - [test-hivemq-platform] [hivemq] [ee2c1bc8] -------------------------------------------------------------------------
2025-01-28 23:40:20,686 INFO c.h.h.t.HelmChartContainer - [test-hivemq-platform] [hivemq] [ee2c1bc8] 
2025-01-28 23:40:20,686 INFO c.h.h.t.HelmChartContainer - [test-hivemq-platform] [hivemq] [ee2c1bc8]                   _    _  _              __  __   ____
2025-01-28 23:40:20,686 INFO c.h.h.t.HelmChartContainer - [test-hivemq-platform] [hivemq] [ee2c1bc8]                  | |  | |(_)            |  \/  | / __ \
2025-01-28 23:40:20,687 INFO c.h.h.t.HelmChartContainer - [test-hivemq-platform] [hivemq] [ee2c1bc8]                  | |__| | _ __   __ ___ | \  / || |  | |
2025-01-28 23:40:20,687 INFO c.h.h.t.HelmChartContainer - [test-hivemq-platform] [hivemq] [ee2c1bc8]                  |  __  || |\ \ / // _ \| |\/| || |  | |
2025-01-28 23:40:20,687 INFO c.h.h.t.HelmChartContainer - [test-hivemq-platform] [hivemq] [ee2c1bc8]                  | |  | || | \ V /|  __/| |  | || |__| |
2025-01-28 23:40:20,687 INFO c.h.h.t.HelmChartContainer - [test-hivemq-platform] [hivemq] [ee2c1bc8]                  |_|  |_||_|  \_/  \___||_|  |_| \___\_\
2025-01-28 23:40:20,687 INFO c.h.h.t.HelmChartContainer - [test-hivemq-platform] [hivemq] [ee2c1bc8] 
2025-01-28 23:40:20,687 INFO c.h.h.t.HelmChartContainer - [test-hivemq-platform] [hivemq] [ee2c1bc8] -------------------------------------------------------------------------
2025-01-28 23:40:20,687 INFO c.h.h.t.HelmChartContainer - [test-hivemq-platform] [hivemq] [ee2c1bc8] 
2025-01-28 23:40:20,687 INFO c.h.h.t.HelmChartContainer - [test-hivemq-platform] [hivemq] [ee2c1bc8]   HiveMQ Start Script for Linux/Unix v1.14
2025-01-28 23:40:20,687 INFO c.h.h.t.HelmChartContainer - [test-hivemq-platform] [hivemq] [ee2c1bc8] 
2025-01-28 23:40:20,793 INFO c.h.h.t.HelmChartContainer - [test-hivemq-platform] [hivemq] [ee2c1bc8] -------------------------------------------------------------------------
2025-01-28 23:40:20,793 INFO c.h.h.t.HelmChartContainer - [test-hivemq-platform] [hivemq] [ee2c1bc8] 
2025-01-28 23:40:20,793 INFO c.h.h.t.HelmChartContainer - [test-hivemq-platform] [hivemq] [ee2c1bc8]   HIVEMQ_HOME: /opt/hivemq
2025-01-28 23:40:20,793 INFO c.h.h.t.HelmChartContainer - [test-hivemq-platform] [hivemq] [ee2c1bc8] 
2025-01-28 23:40:20,793 INFO c.h.h.t.HelmChartContainer - [test-hivemq-platform] [hivemq] [ee2c1bc8]   JAVA_OPTS: -XX:+UnlockExperimentalVMOptions -XX:InitialRAMPercentage=50 -XX:MaxRAMPercentage=50 -Djava.net.preferIPv4Stack=true --add-opens java.base/java.lang=ALL-UNNAMED --add-opens java.base/java.nio=ALL-UNNAMED --add-opens java.base/sun.nio.ch=ALL-UNNAMED --add-opens jdk.management/com.sun.management.internal=ALL-UNNAMED --add-exports java.base/jdk.internal.misc=ALL-UNNAMED -Djava.security.egd=file:/dev/./urandom -Dcom.sun.management.jmxremote -Dcom.sun.management.jmxremote.port=9010 -Dcom.sun.management.jmxremote.local.only=false -Dcom.sun.management.jmxremote.authenticate=false -Dcom.sun.management.jmxremote.ssl=false -Duser.language=en -Duser.region=US -XX:+CrashOnOutOfMemoryError -XX:+HeapDumpOnOutOfMemoryError
2025-01-28 23:40:20,793 INFO c.h.h.t.HelmChartContainer - [test-hivemq-platform] [hivemq] [ee2c1bc8] 
2025-01-28 23:40:20,793 INFO c.h.h.t.HelmChartContainer - [test-hivemq-platform] [hivemq] [ee2c1bc8]   JAVA_VERSION: 21
2025-01-28 23:40:20,793 INFO c.h.h.t.HelmChartContainer - [test-hivemq-platform] [hivemq] [ee2c1bc8] 
2025-01-28 23:40:20,793 INFO c.h.h.t.HelmChartContainer - [test-hivemq-platform] [hivemq] [ee2c1bc8] -------------------------------------------------------------------------
2025-01-28 23:40:20,793 INFO c.h.h.t.HelmChartContainer - [test-hivemq-platform] [hivemq] [ee2c1bc8] 
2025-01-28 23:40:22,616 INFO c.h.h.t.HelmChartContainer - [hivemq-test-hivemq-platform] [hivemq-platform-operator] [669ffea5] 23:40:22.614 [pool-6-thread-5] DEBUG c.h.p.o.d.PlatformServiceResource - [helmcont] Desired Platform services (3 services)
2025-01-28 23:40:22,617 INFO c.h.h.t.HelmChartContainer - [hivemq-test-hivemq-platform] [hivemq-platform-operator] [669ffea5] 23:40:22.614 [pool-6-thread-8] DEBUG c.h.p.o.dependants.PodInfoConfigMap - [helmcont] Desired PodInfo ConfigMap (1 extensions) (1 enabled)
2025-01-28 23:40:22,617 INFO c.h.h.t.HelmChartContainer - [hivemq-test-hivemq-platform] [hivemq-platform-operator] [669ffea5] 23:40:22.614 [pool-6-thread-8] DEBUG c.h.p.o.dependants.PodInfoConfigMap - [helmcont] Desired PodInfo ConfigMap (metrics port: 9399) (metrics path: /)
2025-01-28 23:40:22,617 INFO c.h.h.t.HelmChartContainer - [hivemq-test-hivemq-platform] [hivemq-platform-operator] [669ffea5] 23:40:22.614 [pool-6-thread-8] DEBUG c.h.p.o.dependants.PodInfoConfigMap - [helmcont] Desired PodInfo ConfigMap (extension state hash: -1817474005)
2025-01-28 23:40:22,617 INFO c.h.h.t.HelmChartContainer - [hivemq-test-hivemq-platform] [hivemq-platform-operator] [669ffea5] 23:40:22.614 [pool-6-thread-3] DEBUG c.h.p.o.d.PodServiceAccountResource - [helmcont] Desired PodServiceAccountResource (serviceAccountName: hivemq-platform-pod-test-hivemq-platform)
2025-01-28 23:40:22,620 INFO c.h.h.t.HelmChartContainer - [hivemq-test-hivemq-platform] [hivemq-platform-operator] [669ffea5] 23:40:22.619 [pool-6-thread-8] DEBUG c.h.p.o.d.StatefulSetResource - [helmcont] Desired StatefulSet (2 replicas) for status ROLLING_RESTART (RESTART_PODS_IN_PROGRESS)
2025-01-28 23:40:22,623 INFO c.h.h.t.HelmChartContainer - [hivemq-test-hivemq-platform] [hivemq-platform-operator] [669ffea5] 23:40:22.622 [ReconcilerExecutor-hivemq-controller-140] INFO  c.h.p.o.HiveMQPlatformReconciler - [helmcont] Reconciling HiveMQ Platform 'test-hivemq-platform' in namespace 'helmcontainersecuritycontextupgradeplatformit'
2025-01-28 23:40:22,623 INFO c.h.h.t.HelmChartContainer - [hivemq-test-hivemq-platform] [hivemq-platform-operator] [669ffea5] 23:40:22.622 [ReconcilerExecutor-hivemq-controller-140] DEBUG c.h.p.o.HiveMQPlatformReconciler - [helmcont] Custom Resource Status ROLLING_RESTART - HiveMQ Platform is restarting Pods (rolling restart) (RESTART_PODS_IN_PROGRESS)
2025-01-28 23:40:22,623 INFO c.h.h.t.HelmChartContainer - [hivemq-test-hivemq-platform] [hivemq-platform-operator] [669ffea5] 23:40:22.622 [ReconcilerExecutor-hivemq-controller-140] DEBUG c.h.p.o.HiveMQPlatformReconciler - [helmcont] Custom Resource Spec (replicas: 1) (extensions: 1)
2025-01-28 23:40:22,624 INFO c.h.h.t.HelmChartContainer - [hivemq-test-hivemq-platform] [hivemq-platform-operator] [669ffea5] 23:40:22.624 [ReconcilerExecutor-hivemq-controller-140] DEBUG c.h.p.o.HiveMQPlatformReconciler - [helmcont] StatefulSet Status (revision: test-hivemq-platform-85948b8786, replicas: 2, available: 1, ready: 1, current: 0, updated: 2)
2025-01-28 23:40:22,625 INFO c.h.h.t.HelmChartContainer - [hivemq-test-hivemq-platform] [hivemq-platform-operator] [669ffea5] 23:40:22.624 [ReconcilerExecutor-hivemq-controller-140] DEBUG c.h.p.o.HiveMQPlatformReconciler - [helmcont] StatefulSet Spec (replicas: 2, init containers: 1, containers: 1, volumes: 3)
2025-01-28 23:40:22,628 INFO c.h.h.t.HelmChartContainer - [hivemq-test-hivemq-platform] [hivemq-platform-operator] [669ffea5] 23:40:22.625 [ReconcilerExecutor-hivemq-controller-140] DEBUG c.h.p.o.h.HiveMQPlatformReconcilerErrorHandler - [helmcont] Pod 'test-hivemq-platform-1' phase Running
2025-01-28 23:40:22,629 INFO c.h.h.t.HelmChartContainer - [hivemq-test-hivemq-platform] [hivemq-platform-operator] [669ffea5] 23:40:22.626 [ReconcilerExecutor-hivemq-controller-140] DEBUG c.h.p.o.h.HiveMQPlatformReconcilerErrorHandler - [helmcont] Pod 'test-hivemq-platform-0' phase Running
2025-01-28 23:40:22,629 INFO c.h.h.t.HelmChartContainer - [hivemq-test-hivemq-platform] [hivemq-platform-operator] [669ffea5] 23:40:22.627 [ReconcilerExecutor-hivemq-controller-140] DEBUG c.h.p.o.h.HiveMQPlatformReconcilerRollingRestartHandler - [helmcont] Rolling restart is waiting for 1 of 2 replicas
2025-01-28 23:40:22,682 INFO c.h.h.t.HelmChartContainer - [EVENT] Warning [Unhealthy] Readiness probe failed: HTTP probe failed with statuscode: 503 [helmcontainersecuritycontextupgradeplatformit:test-hivemq-platform-0]
2025-01-28 23:40:22,683 INFO c.h.h.t.HelmChartContainer - Received Unhealthy event for container hivemq in pod test-hivemq-platform-0 [ee2c1bc8-e8f8-49a3-8e51-d3457a2f9d26]
2025-01-28 23:40:23,292 INFO c.h.h.t.HelmChartContainer - [test-hivemq-platform] [hivemq] [ee2c1bc8] INFO  - Starting HiveMQ Enterprise Server
2025-01-28 23:40:23,298 INFO c.h.h.t.HelmChartContainer - [test-hivemq-platform] [hivemq] [ee2c1bc8] INFO  - HiveMQ version: 4.36.0
2025-01-28 23:40:23,298 INFO c.h.h.t.HelmChartContainer - [test-hivemq-platform] [hivemq] [ee2c1bc8] INFO  - HiveMQ home directory: /opt/hivemq
2025-01-28 23:40:23,298 INFO c.h.h.t.HelmChartContainer - [test-hivemq-platform] [hivemq] [ee2c1bc8] INFO  - Log Configuration was overridden by /opt/hivemq/conf/logback.xml
2025-01-28 23:40:24,581 INFO c.h.h.t.HelmChartContainer - [test-hivemq-platform] [hivemq] [ee2c1bc8] INFO  - Successfully loaded configuration from '/opt/hivemq/conf-k8s/config.xml'.
2025-01-28 23:40:24,894 INFO c.h.h.t.HelmChartContainer - [test-hivemq-platform] [hivemq] [ee2c1bc8] INFO  - This node's ID is EHsUt
2025-01-28 23:40:24,894 INFO c.h.h.t.HelmChartContainer - [test-hivemq-platform] [hivemq] [ee2c1bc8] INFO  - Clustering is enabled
2025-01-28 23:40:27,979 INFO c.h.h.t.HelmChartContainer - [test-hivemq-platform] [hivemq] [ee2c1bc8] WARN  - [HiveMQ Platform Operator Init App 1.7.0-SNAPSHOT] Cannot connect to Health API for readiness: null
2025-01-28 23:40:27,985 INFO c.h.h.t.HelmChartContainer - [EVENT] Warning [Unhealthy] Readiness probe failed: HTTP probe failed with statuscode: 503 [helmcontainersecuritycontextupgradeplatformit:test-hivemq-platform-0]
2025-01-28 23:40:27,985 INFO c.h.h.t.HelmChartContainer - Received Unhealthy event for container hivemq in pod test-hivemq-platform-0 [ee2c1bc8-e8f8-49a3-8e51-d3457a2f9d26]
2025-01-28 23:40:29,289 INFO c.h.h.t.HelmChartContainer - [test-hivemq-platform] [hivemq] [ee2c1bc8] WARN  - [HiveMQ Platform Operator Init App 1.7.0-SNAPSHOT] Cannot connect to Health API for liveness: null
2025-01-28 23:40:29,289 INFO c.h.h.t.HelmChartContainer - [test-hivemq-platform] [hivemq] [ee2c1bc8] INFO  - [HiveMQ Platform Operator Init App 1.7.0-SNAPSHOT] Returning default Health API response 200 for liveness
2025-01-28 23:40:32,631 INFO c.h.h.t.HelmChartContainer - [hivemq-test-hivemq-platform] [hivemq-platform-operator] [669ffea5] 23:40:32.630 [pool-6-thread-17] DEBUG c.h.p.o.d.PlatformServiceResource - [helmcont] Desired Platform services (3 services)
2025-01-28 23:40:32,633 INFO c.h.h.t.HelmChartContainer - [hivemq-test-hivemq-platform] [hivemq-platform-operator] [669ffea5] 23:40:32.631 [pool-6-thread-18] DEBUG c.h.p.o.d.PodServiceAccountResource - [helmcont] Desired PodServiceAccountResource (serviceAccountName: hivemq-platform-pod-test-hivemq-platform)
2025-01-28 23:40:32,633 INFO c.h.h.t.HelmChartContainer - [hivemq-test-hivemq-platform] [hivemq-platform-operator] [669ffea5] 23:40:32.632 [pool-6-thread-12] DEBUG c.h.p.o.dependants.PodInfoConfigMap - [helmcont] Desired PodInfo ConfigMap (1 extensions) (1 enabled)
2025-01-28 23:40:32,634 INFO c.h.h.t.HelmChartContainer - [hivemq-test-hivemq-platform] [hivemq-platform-operator] [669ffea5] 23:40:32.632 [pool-6-thread-12] DEBUG c.h.p.o.dependants.PodInfoConfigMap - [helmcont] Desired PodInfo ConfigMap (metrics port: 9399) (metrics path: /)
2025-01-28 23:40:32,634 INFO c.h.h.t.HelmChartContainer - [hivemq-test-hivemq-platform] [hivemq-platform-operator] [669ffea5] 23:40:32.632 [pool-6-thread-12] DEBUG c.h.p.o.dependants.PodInfoConfigMap - [helmcont] Desired PodInfo ConfigMap (extension state hash: -1817474005)
2025-01-28 23:40:32,637 INFO c.h.h.t.HelmChartContainer - [hivemq-test-hivemq-platform] [hivemq-platform-operator] [669ffea5] 23:40:32.636 [pool-6-thread-17] DEBUG c.h.p.o.d.StatefulSetResource - [helmcont] Desired StatefulSet (2 replicas) for status ROLLING_RESTART (RESTART_PODS_IN_PROGRESS)
2025-01-28 23:40:32,640 INFO c.h.h.t.HelmChartContainer - [hivemq-test-hivemq-platform] [hivemq-platform-operator] [669ffea5] 23:40:32.639 [ReconcilerExecutor-hivemq-controller-141] INFO  c.h.p.o.HiveMQPlatformReconciler - [helmcont] Reconciling HiveMQ Platform 'test-hivemq-platform' in namespace 'helmcontainersecuritycontextupgradeplatformit'
2025-01-28 23:40:32,640 INFO c.h.h.t.HelmChartContainer - [hivemq-test-hivemq-platform] [hivemq-platform-operator] [669ffea5] 23:40:32.639 [ReconcilerExecutor-hivemq-controller-141] DEBUG c.h.p.o.HiveMQPlatformReconciler - [helmcont] Custom Resource Status ROLLING_RESTART - HiveMQ Platform is restarting Pods (rolling restart) (RESTART_PODS_IN_PROGRESS)
2025-01-28 23:40:32,640 INFO c.h.h.t.HelmChartContainer - [hivemq-test-hivemq-platform] [hivemq-platform-operator] [669ffea5] 23:40:32.639 [ReconcilerExecutor-hivemq-controller-141] DEBUG c.h.p.o.HiveMQPlatformReconciler - [helmcont] Custom Resource Spec (replicas: 1) (extensions: 1)
2025-01-28 23:40:32,641 INFO c.h.h.t.HelmChartContainer - [hivemq-test-hivemq-platform] [hivemq-platform-operator] [669ffea5] 23:40:32.640 [ReconcilerExecutor-hivemq-controller-141] DEBUG c.h.p.o.HiveMQPlatformReconciler - [helmcont] StatefulSet Status (revision: test-hivemq-platform-85948b8786, replicas: 2, available: 1, ready: 1, current: 0, updated: 2)
2025-01-28 23:40:32,641 INFO c.h.h.t.HelmChartContainer - [hivemq-test-hivemq-platform] [hivemq-platform-operator] [669ffea5] 23:40:32.640 [ReconcilerExecutor-hivemq-controller-141] DEBUG c.h.p.o.HiveMQPlatformReconciler - [helmcont] StatefulSet Spec (replicas: 2, init containers: 1, containers: 1, volumes: 3)
2025-01-28 23:40:32,642 INFO c.h.h.t.HelmChartContainer - [hivemq-test-hivemq-platform] [hivemq-platform-operator] [669ffea5] 23:40:32.641 [ReconcilerExecutor-hivemq-controller-141] DEBUG c.h.p.o.h.HiveMQPlatformReconcilerErrorHandler - [helmcont] Pod 'test-hivemq-platform-1' phase Running
2025-01-28 23:40:32,643 INFO c.h.h.t.HelmChartContainer - [hivemq-test-hivemq-platform] [hivemq-platform-operator] [669ffea5] 23:40:32.642 [ReconcilerExecutor-hivemq-controller-141] DEBUG c.h.p.o.h.HiveMQPlatformReconcilerErrorHandler - [helmcont] Pod 'test-hivemq-platform-0' phase Running
2025-01-28 23:40:32,644 INFO c.h.h.t.HelmChartContainer - [hivemq-test-hivemq-platform] [hivemq-platform-operator] [669ffea5] 23:40:32.643 [ReconcilerExecutor-hivemq-controller-141] DEBUG c.h.p.o.h.HiveMQPlatformReconcilerRollingRestartHandler - [helmcont] Rolling restart is waiting for 1 of 2 replicas
2025-01-28 23:40:32,681 INFO c.h.h.t.HelmChartContainer - [test-hivemq-platform] [hivemq] [ee2c1bc8] WARN  - [HiveMQ Platform Operator Init App 1.7.0-SNAPSHOT] Cannot connect to Health API for readiness: null
2025-01-28 23:40:32,687 INFO c.h.h.t.HelmChartContainer - [EVENT] Warning [Unhealthy] Readiness probe failed: HTTP probe failed with statuscode: 503 [helmcontainersecuritycontextupgradeplatformit:test-hivemq-platform-0]
2025-01-28 23:40:32,687 INFO c.h.h.t.HelmChartContainer - Received Unhealthy event for container hivemq in pod test-hivemq-platform-0 [ee2c1bc8-e8f8-49a3-8e51-d3457a2f9d26]
2025-01-28 23:40:37,679 INFO c.h.h.t.HelmChartContainer - [test-hivemq-platform] [hivemq] [ee2c1bc8] WARN  - [HiveMQ Platform Operator Init App 1.7.0-SNAPSHOT] Cannot connect to Health API for readiness: null
2025-01-28 23:40:37,685 INFO c.h.h.t.HelmChartContainer - [EVENT] Warning [Unhealthy] Readiness probe failed: HTTP probe failed with statuscode: 503 [helmcontainersecuritycontextupgradeplatformit:test-hivemq-platform-0]
2025-01-28 23:40:37,685 INFO c.h.h.t.HelmChartContainer - Received Unhealthy event for container hivemq in pod test-hivemq-platform-0 [ee2c1bc8-e8f8-49a3-8e51-d3457a2f9d26]
2025-01-28 23:40:38,500 INFO c.h.h.t.HelmChartContainer - [test-hivemq-platform] [hivemq] [ee2c1bc8] INFO  - No valid license file found. Using trial license, restricted to 25 connections.
2025-01-28 23:40:42,578 INFO c.h.h.t.HelmChartContainer - [test-hivemq-platform] [hivemq] [ee2c1bc8] INFO  - No valid license file for Data Hub found. Using free license, restricted to 1 policy.
2025-01-28 23:40:42,650 INFO c.h.h.t.HelmChartContainer - [hivemq-test-hivemq-platform] [hivemq-platform-operator] [669ffea5] 23:40:42.646 [pool-6-thread-21] DEBUG c.h.p.o.d.PlatformServiceResource - [helmcont] Desired Platform services (3 services)
2025-01-28 23:40:42,650 INFO c.h.h.t.HelmChartContainer - [hivemq-test-hivemq-platform] [hivemq-platform-operator] [669ffea5] 23:40:42.646 [pool-6-thread-28] DEBUG c.h.p.o.d.PodServiceAccountResource - [helmcont] Desired PodServiceAccountResource (serviceAccountName: hivemq-platform-pod-test-hivemq-platform)
2025-01-28 23:40:42,650 INFO c.h.h.t.HelmChartContainer - [hivemq-test-hivemq-platform] [hivemq-platform-operator] [669ffea5] 23:40:42.646 [pool-6-thread-23] DEBUG c.h.p.o.dependants.PodInfoConfigMap - [helmcont] Desired PodInfo ConfigMap (1 extensions) (1 enabled)
2025-01-28 23:40:42,650 INFO c.h.h.t.HelmChartContainer - [hivemq-test-hivemq-platform] [hivemq-platform-operator] [669ffea5] 23:40:42.648 [pool-6-thread-23] DEBUG c.h.p.o.dependants.PodInfoConfigMap - [helmcont] Desired PodInfo ConfigMap (metrics port: 9399) (metrics path: /)
2025-01-28 23:40:42,650 INFO c.h.h.t.HelmChartContainer - [hivemq-test-hivemq-platform] [hivemq-platform-operator] [669ffea5] 23:40:42.648 [pool-6-thread-23] DEBUG c.h.p.o.dependants.PodInfoConfigMap - [helmcont] Desired PodInfo ConfigMap (extension state hash: -1817474005)
2025-01-28 23:40:42,652 INFO c.h.h.t.HelmChartContainer - [hivemq-test-hivemq-platform] [hivemq-platform-operator] [669ffea5] 23:40:42.651 [pool-6-thread-21] DEBUG c.h.p.o.d.StatefulSetResource - [helmcont] Desired StatefulSet (2 replicas) for status ROLLING_RESTART (RESTART_PODS_IN_PROGRESS)
2025-01-28 23:40:42,656 INFO c.h.h.t.HelmChartContainer - [hivemq-test-hivemq-platform] [hivemq-platform-operator] [669ffea5] 23:40:42.654 [ReconcilerExecutor-hivemq-controller-142] INFO  c.h.p.o.HiveMQPlatformReconciler - [helmcont] Reconciling HiveMQ Platform 'test-hivemq-platform' in namespace 'helmcontainersecuritycontextupgradeplatformit'
2025-01-28 23:40:42,657 INFO c.h.h.t.HelmChartContainer - [hivemq-test-hivemq-platform] [hivemq-platform-operator] [669ffea5] 23:40:42.654 [ReconcilerExecutor-hivemq-controller-142] DEBUG c.h.p.o.HiveMQPlatformReconciler - [helmcont] Custom Resource Status ROLLING_RESTART - HiveMQ Platform is restarting Pods (rolling restart) (RESTART_PODS_IN_PROGRESS)
2025-01-28 23:40:42,657 INFO c.h.h.t.HelmChartContainer - [hivemq-test-hivemq-platform] [hivemq-platform-operator] [669ffea5] 23:40:42.654 [ReconcilerExecutor-hivemq-controller-142] DEBUG c.h.p.o.HiveMQPlatformReconciler - [helmcont] Custom Resource Spec (replicas: 1) (extensions: 1)
2025-01-28 23:40:42,657 INFO c.h.h.t.HelmChartContainer - [hivemq-test-hivemq-platform] [hivemq-platform-operator] [669ffea5] 23:40:42.655 [ReconcilerExecutor-hivemq-controller-142] DEBUG c.h.p.o.HiveMQPlatformReconciler - [helmcont] StatefulSet Status (revision: test-hivemq-platform-85948b8786, replicas: 2, available: 1, ready: 1, current: 0, updated: 2)
2025-01-28 23:40:42,657 INFO c.h.h.t.HelmChartContainer - [hivemq-test-hivemq-platform] [hivemq-platform-operator] [669ffea5] 23:40:42.655 [ReconcilerExecutor-hivemq-controller-142] DEBUG c.h.p.o.HiveMQPlatformReconciler - [helmcont] StatefulSet Spec (replicas: 2, init containers: 1, containers: 1, volumes: 3)
2025-01-28 23:40:42,659 INFO c.h.h.t.HelmChartContainer - [hivemq-test-hivemq-platform] [hivemq-platform-operator] [669ffea5] 23:40:42.656 [ReconcilerExecutor-hivemq-controller-142] DEBUG c.h.p.o.h.HiveMQPlatformReconcilerErrorHandler - [helmcont] Pod 'test-hivemq-platform-1' phase Running
2025-01-28 23:40:42,659 INFO c.h.h.t.HelmChartContainer - [hivemq-test-hivemq-platform] [hivemq-platform-operator] [669ffea5] 23:40:42.657 [ReconcilerExecutor-hivemq-controller-142] DEBUG c.h.p.o.h.HiveMQPlatformReconcilerErrorHandler - [helmcont] Pod 'test-hivemq-platform-0' phase Running
2025-01-28 23:40:42,659 INFO c.h.h.t.HelmChartContainer - [hivemq-test-hivemq-platform] [hivemq-platform-operator] [669ffea5] 23:40:42.658 [ReconcilerExecutor-hivemq-controller-142] DEBUG c.h.p.o.h.HiveMQPlatformReconcilerRollingRestartHandler - [helmcont] Rolling restart is waiting for 1 of 2 replicas
2025-01-28 23:40:42,680 INFO c.h.h.t.HelmChartContainer - [test-hivemq-platform] [hivemq] [ee2c1bc8] WARN  - [HiveMQ Platform Operator Init App 1.7.0-SNAPSHOT] Cannot connect to Health API for readiness: null
2025-01-28 23:40:42,687 INFO c.h.h.t.HelmChartContainer - [EVENT] Warning [Unhealthy] Readiness probe failed: HTTP probe failed with statuscode: 503 [helmcontainersecuritycontextupgradeplatformit:test-hivemq-platform-0]
2025-01-28 23:40:42,688 INFO c.h.h.t.HelmChartContainer - Received Unhealthy event for container hivemq in pod test-hivemq-platform-0 [ee2c1bc8-e8f8-49a3-8e51-d3457a2f9d26]
2025-01-28 23:40:43,879 INFO c.h.h.t.HelmChartContainer - [test-hivemq-platform] [hivemq] [ee2c1bc8] INFO  - Audit Logger started.
2025-01-28 23:40:44,115 INFO c.h.h.t.HelmChartContainer - [test-hivemq-platform] [hivemq] [ee2c1bc8] INFO  - This node uses '1' CPU cores.
2025-01-28 23:40:44,120 INFO c.h.h.t.HelmChartContainer - [test-hivemq-platform] [hivemq] [ee2c1bc8] INFO  - Starting HiveMQ Health API on address 0.0.0.0 and port 8889
2025-01-28 23:40:45,179 INFO c.h.h.t.HelmChartContainer - [test-hivemq-platform] [hivemq] [ee2c1bc8] INFO  - Started HiveMQ Health API in 1058ms
2025-01-28 23:40:45,696 INFO c.h.h.t.HelmChartContainer - [test-hivemq-platform] [hivemq] [ee2c1bc8] INFO  - Starting HiveMQ extension system.
2025-01-28 23:40:45,986 INFO c.h.h.t.HelmChartContainer - [test-hivemq-platform] [hivemq] [ee2c1bc8] INFO  - Starting extension with id "hivemq-dns-cluster-discovery" at /opt/hivemq/extensions/hivemq-dns-cluster-discovery
2025-01-28 23:40:46,490 INFO c.h.h.t.HelmChartContainer - [test-hivemq-platform] [hivemq] [ee2c1bc8] INFO  - Using TCP cluster transport on address 10.42.0.12 and port 7000
2025-01-28 23:40:46,582 INFO c.h.h.t.HelmChartContainer - [test-hivemq-platform] [hivemq] [ee2c1bc8] INFO  - Extension "DNS Cluster Discovery Extension" version 4.3.2 started successfully.
2025-01-28 23:40:46,582 INFO c.h.h.t.HelmChartContainer - [test-hivemq-platform] [hivemq] [ee2c1bc8] INFO  - Using extension cluster discovery
2025-01-28 23:40:46,582 INFO c.h.h.t.HelmChartContainer - [test-hivemq-platform] [hivemq] [ee2c1bc8] INFO  - Starting extension with id "hivemq-prometheus-extension" at /opt/hivemq/extensions/hivemq-prometheus-extension
2025-01-28 23:40:47,682 INFO c.h.h.t.HelmChartContainer - [test-hivemq-platform] [hivemq] [ee2c1bc8] INFO  - Started Jetty Server exposing Prometheus Servlet on URI http://0.0.0.0:9399/
2025-01-28 23:40:47,683 INFO c.h.h.t.HelmChartContainer - [test-hivemq-platform] [hivemq] [ee2c1bc8] INFO  - Extension "Prometheus Monitoring Extension" version 4.0.12 started successfully.
2025-01-28 23:40:47,687 INFO c.h.h.t.HelmChartContainer - [test-hivemq-platform] [hivemq] [ee2c1bc8] INFO  - Starting extension with id "hivemq-allow-all-extension" at /opt/hivemq/extensions/hivemq-allow-all-extension
2025-01-28 23:40:47,687 INFO c.h.h.t.HelmChartContainer - [test-hivemq-platform] [hivemq] [ee2c1bc8] WARN  - 
2025-01-28 23:40:47,687 INFO c.h.h.t.HelmChartContainer - [test-hivemq-platform] [hivemq] [ee2c1bc8] ################################################################################################################
2025-01-28 23:40:47,687 INFO c.h.h.t.HelmChartContainer - [test-hivemq-platform] [hivemq] [ee2c1bc8] # This HiveMQ deployment is not secure! You are lacking Authentication and Authorization.                      #
2025-01-28 23:40:47,687 INFO c.h.h.t.HelmChartContainer - [test-hivemq-platform] [hivemq] [ee2c1bc8] # Right now any MQTT client can connect to the broker with a full set of permissions.                          #
2025-01-28 23:40:47,687 INFO c.h.h.t.HelmChartContainer - [test-hivemq-platform] [hivemq] [ee2c1bc8] # For production usage, add an appropriate security extension and remove the hivemq-allow-all extension.       #
2025-01-28 23:40:47,687 INFO c.h.h.t.HelmChartContainer - [test-hivemq-platform] [hivemq] [ee2c1bc8] # You can download security extensions from the HiveMQ Marketplace (https://www.hivemq.com/extensions/).       #
2025-01-28 23:40:47,687 INFO c.h.h.t.HelmChartContainer - [test-hivemq-platform] [hivemq] [ee2c1bc8] ################################################################################################################
2025-01-28 23:40:47,687 INFO c.h.h.t.HelmChartContainer - [test-hivemq-platform] [hivemq] [ee2c1bc8] INFO  - Extension "Allow All Extension" version 1.1.1 started successfully.
2025-01-28 23:40:47,883 INFO c.h.h.t.HelmChartContainer - [test-hivemq-platform] [hivemq] [6e3cb7dd] INFO  - Cluster nodes found by discovery: [LtTQC|3] (2) [LtTQC, EHsUt].
2025-01-28 23:40:47,981 INFO c.h.h.t.HelmChartContainer - [test-hivemq-platform] [hivemq] [ee2c1bc8] INFO  - Cluster nodes found by discovery: [LtTQC|3] (2) [LtTQC, EHsUt].
2025-01-28 23:40:48,279 INFO c.h.h.t.HelmChartContainer - [test-hivemq-platform] [hivemq] [ee2c1bc8] INFO  - Cluster size = 1, members : [LtTQC].
2025-01-28 23:40:48,642 INFO c.h.h.t.HelmChartContainer - [EVENT] Warning [Unhealthy] Readiness probe failed: Get "http://10.42.0.12:7979/readiness": context deadline exceeded (Client.Timeout exceeded while awaiting headers) [helmcontainersecuritycontextupgradeplatformit:test-hivemq-platform-0]
2025-01-28 23:40:48,642 INFO c.h.h.t.HelmChartContainer - Received Unhealthy event for container hivemq in pod test-hivemq-platform-0 [ee2c1bc8-e8f8-49a3-8e51-d3457a2f9d26]
2025-01-28 23:40:48,790 INFO c.h.h.t.HelmChartContainer - [test-hivemq-platform] [hivemq] [ee2c1bc8] INFO  - [HiveMQ Platform Operator Init App 1.7.0-SNAPSHOT] Returning Health API response 503 for readiness
2025-01-28 23:40:48,980 INFO c.h.h.t.HelmChartContainer - [test-hivemq-platform] [hivemq] [ee2c1bc8] INFO  - Starting cluster join process. This may take a while. Please do not shut down HiveMQ.
2025-01-28 23:40:48,983 INFO c.h.h.t.HelmChartContainer - [test-hivemq-platform] [hivemq] [ee2c1bc8] INFO  - Cluster join process is still ongoing. Please do not shut down HiveMQ.
2025-01-28 23:40:50,989 INFO c.h.h.t.HelmChartContainer - [test-hivemq-platform] [hivemq] [6e3cb7dd] INFO  - Cluster size = 2, members : [EHsUt, LtTQC].
2025-01-28 23:40:50,999 INFO c.h.h.t.HelmChartContainer - [test-hivemq-platform] [hivemq] [ee2c1bc8] INFO  - Cluster size = 2, members : [EHsUt, LtTQC].
2025-01-28 23:40:51,005 INFO c.h.h.t.HelmChartContainer - [test-hivemq-platform] [hivemq] [ee2c1bc8] INFO  - Finished cluster join process successfully.
2025-01-28 23:40:51,079 INFO c.h.h.t.HelmChartContainer - [test-hivemq-platform] [hivemq] [ee2c1bc8] WARN  - No user for HiveMQ Control Center configured. Starting with default user
2025-01-28 23:40:51,079 INFO c.h.h.t.HelmChartContainer - [test-hivemq-platform] [hivemq] [ee2c1bc8] INFO  - Starting HiveMQ Control Center on address 0.0.0.0 and port 8080
2025-01-28 23:40:51,081 INFO c.h.h.t.HelmChartContainer - [test-hivemq-platform] [hivemq] [ee2c1bc8] INFO  - Mounting HiveMQ Control Center V2 Preview
2025-01-28 23:40:51,778 INFO c.h.h.t.HelmChartContainer - [test-hivemq-platform] [hivemq] [ee2c1bc8] INFO  - Started HiveMQ Control Center in 701ms
2025-01-28 23:40:51,793 INFO c.h.h.t.HelmChartContainer - [test-hivemq-platform] [hivemq] [ee2c1bc8] INFO  - Starting TCP listener on address 0.0.0.0 and port 1884
2025-01-28 23:40:51,887 INFO c.h.h.t.HelmChartContainer - [test-hivemq-platform] [hivemq] [ee2c1bc8] INFO  - Started TCP Listener on address 0.0.0.0 and on port 1884.
2025-01-28 23:40:51,887 INFO c.h.h.t.HelmChartContainer - [test-hivemq-platform] [hivemq] [ee2c1bc8] INFO  - Started HiveMQ in 28988ms
2025-01-28 23:40:52,603 INFO c.h.h.t.HelmChartContainer - [test-hivemq-platform] [hivemq] [ee2c1bc8] INFO  - [HiveMQ Platform Operator Init App 1.7.0-SNAPSHOT] Returning Health API response 200 for readiness
2025-01-28 23:40:52,617 INFO c.h.h.t.HelmChartContainer - [POD] test-hivemq-platform-0 [ee2c1bc8-e8f8-49a3-8e51-d3457a2f9d26] in helmcontainersecuritycontextupgradeplatformit was MODIFIED
2025-01-28 23:40:52,627 INFO c.h.h.t.HelmChartContainer - [hivemq-test-hivemq-platform] [hivemq-platform-operator] [669ffea5] 23:40:52.621 [pool-6-thread-35] DEBUG c.h.p.o.d.PlatformServiceResource - [helmcont] Desired Platform services (3 services)
2025-01-28 23:40:52,628 INFO c.h.h.t.HelmChartContainer - [hivemq-test-hivemq-platform] [hivemq-platform-operator] [669ffea5] 23:40:52.625 [pool-6-thread-34] DEBUG c.h.p.o.dependants.PodInfoConfigMap - [helmcont] Desired PodInfo ConfigMap (1 extensions) (1 enabled)
2025-01-28 23:40:52,628 INFO c.h.h.t.HelmChartContainer - [hivemq-test-hivemq-platform] [hivemq-platform-operator] [669ffea5] 23:40:52.626 [pool-6-thread-34] DEBUG c.h.p.o.dependants.PodInfoConfigMap - [helmcont] Desired PodInfo ConfigMap (metrics port: 9399) (metrics path: /)
2025-01-28 23:40:52,628 INFO c.h.h.t.HelmChartContainer - [hivemq-test-hivemq-platform] [hivemq-platform-operator] [669ffea5] 23:40:52.626 [pool-6-thread-34] DEBUG c.h.p.o.dependants.PodInfoConfigMap - [helmcont] Desired PodInfo ConfigMap (extension state hash: -1817474005)
2025-01-28 23:40:52,628 INFO c.h.h.t.HelmChartContainer - [hivemq-test-hivemq-platform] [hivemq-platform-operator] [669ffea5] 23:40:52.626 [pool-6-thread-39] DEBUG c.h.p.o.d.PodServiceAccountResource - [helmcont] Desired PodServiceAccountResource (serviceAccountName: hivemq-platform-pod-test-hivemq-platform)
2025-01-28 23:40:52,635 INFO c.h.h.t.HelmChartContainer - [hivemq-test-hivemq-platform] [hivemq-platform-operator] [669ffea5] 23:40:52.634 [pool-6-thread-32] DEBUG c.h.p.o.d.StatefulSetResource - [helmcont] Desired StatefulSet (2 replicas) for status ROLLING_RESTART (RESTART_PODS_IN_PROGRESS)
2025-01-28 23:40:52,642 INFO c.h.h.t.HelmChartContainer - [hivemq-test-hivemq-platform] [hivemq-platform-operator] [669ffea5] 23:40:52.639 [ReconcilerExecutor-hivemq-controller-143] INFO  c.h.p.o.HiveMQPlatformReconciler - [helmcont] Reconciling HiveMQ Platform 'test-hivemq-platform' in namespace 'helmcontainersecuritycontextupgradeplatformit'
2025-01-28 23:40:52,646 INFO c.h.h.t.HelmChartContainer - [hivemq-test-hivemq-platform] [hivemq-platform-operator] [669ffea5] 23:40:52.639 [ReconcilerExecutor-hivemq-controller-143] DEBUG c.h.p.o.HiveMQPlatformReconciler - [helmcont] Custom Resource Status ROLLING_RESTART - HiveMQ Platform is restarting Pods (rolling restart) (RESTART_PODS_IN_PROGRESS)
2025-01-28 23:40:52,646 INFO c.h.h.t.HelmChartContainer - [hivemq-test-hivemq-platform] [hivemq-platform-operator] [669ffea5] 23:40:52.639 [ReconcilerExecutor-hivemq-controller-143] DEBUG c.h.p.o.HiveMQPlatformReconciler - [helmcont] Custom Resource Spec (replicas: 1) (extensions: 1)
2025-01-28 23:40:52,647 INFO c.h.h.t.HelmChartContainer - [hivemq-test-hivemq-platform] [hivemq-platform-operator] [669ffea5] 23:40:52.640 [ReconcilerExecutor-hivemq-controller-143] DEBUG c.h.p.o.HiveMQPlatformReconciler - [helmcont] StatefulSet Status (revision: test-hivemq-platform-85948b8786, replicas: 2, available: 2, ready: 2, current: 0, updated: 2)
2025-01-28 23:40:52,647 INFO c.h.h.t.HelmChartContainer - [hivemq-test-hivemq-platform] [hivemq-platform-operator] [669ffea5] 23:40:52.640 [ReconcilerExecutor-hivemq-controller-143] DEBUG c.h.p.o.HiveMQPlatformReconciler - [helmcont] StatefulSet Spec (replicas: 2, init containers: 1, containers: 1, volumes: 3)
2025-01-28 23:40:52,647 INFO c.h.h.t.HelmChartContainer - [hivemq-test-hivemq-platform] [hivemq-platform-operator] [669ffea5] 23:40:52.641 [ReconcilerExecutor-hivemq-controller-143] DEBUG c.h.p.o.h.HiveMQPlatformReconcilerErrorHandler - [helmcont] Pod 'test-hivemq-platform-1' phase Running
2025-01-28 23:40:52,651 INFO c.h.h.t.HelmChartContainer - [hivemq-test-hivemq-platform] [hivemq-platform-operator] [669ffea5] 23:40:52.648 [ReconcilerExecutor-hivemq-controller-143] DEBUG c.h.p.o.h.HiveMQPlatformReconcilerErrorHandler - [helmcont] Pod 'test-hivemq-platform-0' phase Running
2025-01-28 23:40:52,712 INFO c.h.h.t.HelmChartContainer - [hivemq-test-hivemq-platform] [hivemq-platform-operator] [669ffea5] 23:40:52.711 [ReconcilerExecutor-hivemq-controller-143] DEBUG c.h.p.o.h.HiveMQPlatformReconcilerRollingRestartHandler - [helmcont] Skipping Pod test-hivemq-platform-1 as it's already on the controller update revision (update revision: test-hivemq-platform-85948b8786, pod revision: test-hivemq-platform-85948b8786)
2025-01-28 23:40:52,732 INFO c.h.h.t.HelmChartContainer - [hivemq-test-hivemq-platform] [hivemq-platform-operator] [669ffea5] 23:40:52.731 [ReconcilerExecutor-hivemq-controller-143] DEBUG c.h.p.o.h.HiveMQPlatformReconcilerRollingRestartHandler - [helmcont] Skipping Pod test-hivemq-platform-0 as it's already on the controller update revision (update revision: test-hivemq-platform-85948b8786, pod revision: test-hivemq-platform-85948b8786)
2025-01-28 23:40:52,732 INFO c.h.h.t.HelmChartContainer - [hivemq-test-hivemq-platform] [hivemq-platform-operator] [669ffea5] 23:40:52.731 [ReconcilerExecutor-hivemq-controller-143] INFO  c.h.p.o.h.HiveMQPlatformReconcilerRollingRestartHandler - [helmcont] Stopping surge Pod
2025-01-28 23:40:52,813 INFO c.h.h.t.HelmChartContainer - [hivemq-test-hivemq-platform] [hivemq-platform-operator] [669ffea5] 23:40:52.812 [ReconcilerExecutor-hivemq-controller-143] DEBUG c.h.p.operator.event.EventSender - [helmcont] Creating K8s event rolling-restart-scale-down-in-progress: [RollingRestart] HiveMQ Platform is stopping the surge Pod (rolling restart)
2025-01-28 23:40:52,831 INFO c.h.h.t.HelmChartContainer - [EVENT] Normal [RollingRestart] HiveMQ Platform is stopping the surge Pod (rolling restart) [helmcontainersecuritycontextupgradeplatformit:test-hivemq-platform]
2025-01-28 23:40:52,833 INFO c.h.h.t.HelmChartContainer - [hivemq-test-hivemq-platform] [hivemq-platform-operator] [669ffea5] 23:40:52.831 [ReconcilerExecutor-hivemq-controller-143] INFO  c.h.p.o.h.AbstractHiveMQReconcilerStateHandler - [helmcont] Update HiveMQ Platform Status (ROLLING_RESTART [RESTART_PODS_IN_PROGRESS] -> ROLLING_RESTART [SCALE_DOWN_IN_PROGRESS]): HiveMQ Platform is stopping the surge Pod (rolling restart)
2025-01-28 23:40:52,840 DEBUG com.hivemq.helmcharts.util.K8sUtil - Comparing actual state 'ROLLING_RESTART' and waiting for 'RUNNING'
2025-01-28 23:40:52,909 INFO c.h.h.t.HelmChartContainer - [hivemq-test-hivemq-platform] [hivemq-platform-operator] [669ffea5] 23:40:52.906 [pool-6-thread-46] DEBUG c.h.p.o.d.PlatformServiceResource - [helmcont] Desired Platform services (3 services)
2025-01-28 23:40:52,909 INFO c.h.h.t.HelmChartContainer - [hivemq-test-hivemq-platform] [hivemq-platform-operator] [669ffea5] 23:40:52.907 [pool-6-thread-49] DEBUG c.h.p.o.dependants.PodInfoConfigMap - [helmcont] Desired PodInfo ConfigMap (1 extensions) (1 enabled)
2025-01-28 23:40:52,909 INFO c.h.h.t.HelmChartContainer - [hivemq-test-hivemq-platform] [hivemq-platform-operator] [669ffea5] 23:40:52.907 [pool-6-thread-49] DEBUG c.h.p.o.dependants.PodInfoConfigMap - [helmcont] Desired PodInfo ConfigMap (metrics port: 9399) (metrics path: /)
2025-01-28 23:40:52,909 INFO c.h.h.t.HelmChartContainer - [hivemq-test-hivemq-platform] [hivemq-platform-operator] [669ffea5] 23:40:52.907 [pool-6-thread-49] DEBUG c.h.p.o.dependants.PodInfoConfigMap - [helmcont] Desired PodInfo ConfigMap (extension state hash: -1817474005)
2025-01-28 23:40:52,909 INFO c.h.h.t.HelmChartContainer - [hivemq-test-hivemq-platform] [hivemq-platform-operator] [669ffea5] 23:40:52.907 [pool-6-thread-49] DEBUG c.h.p.o.dependants.PodInfoConfigMap - [helmcont] Update PodInfo ConfigMap
2025-01-28 23:40:52,909 INFO c.h.h.t.HelmChartContainer - [hivemq-test-hivemq-platform] [hivemq-platform-operator] [669ffea5] 23:40:52.908 [pool-6-thread-47] DEBUG c.h.p.o.d.PodServiceAccountResource - [helmcont] Desired PodServiceAccountResource (serviceAccountName: hivemq-platform-pod-test-hivemq-platform)
2025-01-28 23:40:52,936 INFO c.h.h.t.HelmChartContainer - [hivemq-test-hivemq-platform] [hivemq-platform-operator] [669ffea5] 23:40:52.935 [pool-6-thread-49] DEBUG c.h.p.o.d.StatefulSetResource - [helmcont] Desired StatefulSet (1 replicas) for status ROLLING_RESTART (SCALE_DOWN_IN_PROGRESS)
2025-01-28 23:40:52,938 INFO c.h.h.t.HelmChartContainer - [hivemq-test-hivemq-platform] [hivemq-platform-operator] [669ffea5] 23:40:52.938 [pool-6-thread-49] DEBUG c.h.p.o.d.StatefulSetResource - [helmcont] Update StatefulSet (replicas: 2 -> 1)
2025-01-28 23:40:53,042 INFO c.h.h.t.HelmChartContainer - [hivemq-test-hivemq-platform] [hivemq-platform-operator] [669ffea5] 23:40:53.040 [ReconcilerExecutor-hivemq-controller-144] INFO  c.h.p.o.HiveMQPlatformReconciler - [helmcont] Reconciling HiveMQ Platform 'test-hivemq-platform' in namespace 'helmcontainersecuritycontextupgradeplatformit'
2025-01-28 23:40:53,042 INFO c.h.h.t.HelmChartContainer - [hivemq-test-hivemq-platform] [hivemq-platform-operator] [669ffea5] 23:40:53.041 [ReconcilerExecutor-hivemq-controller-144] DEBUG c.h.p.o.HiveMQPlatformReconciler - [helmcont] Custom Resource Status ROLLING_RESTART - HiveMQ Platform is stopping the surge Pod (rolling restart) (SCALE_DOWN_IN_PROGRESS)
2025-01-28 23:40:53,042 INFO c.h.h.t.HelmChartContainer - [hivemq-test-hivemq-platform] [hivemq-platform-operator] [669ffea5] 23:40:53.041 [ReconcilerExecutor-hivemq-controller-144] DEBUG c.h.p.o.HiveMQPlatformReconciler - [helmcont] Custom Resource Spec (replicas: 1) (extensions: 1)
2025-01-28 23:40:53,044 INFO c.h.h.t.HelmChartContainer - [hivemq-test-hivemq-platform] [hivemq-platform-operator] [669ffea5] 23:40:53.042 [ReconcilerExecutor-hivemq-controller-144] DEBUG c.h.p.o.HiveMQPlatformReconciler - [helmcont] StatefulSet Status (revision: test-hivemq-platform-85948b8786, replicas: 2, available: 2, ready: 2, current: 0, updated: 2)
2025-01-28 23:40:53,044 INFO c.h.h.t.HelmChartContainer - [hivemq-test-hivemq-platform] [hivemq-platform-operator] [669ffea5] 23:40:53.042 [ReconcilerExecutor-hivemq-controller-144] DEBUG c.h.p.o.HiveMQPlatformReconciler - [helmcont] StatefulSet Spec (replicas: 1, init containers: 1, containers: 1, volumes: 3)
2025-01-28 23:40:53,052 INFO c.h.h.t.HelmChartContainer - [EVENT] Normal [SuccessfulDelete] delete Pod test-hivemq-platform-1 in StatefulSet test-hivemq-platform successful [helmcontainersecuritycontextupgradeplatformit:test-hivemq-platform]
2025-01-28 23:40:53,052 INFO c.h.h.t.HelmChartContainer - [hivemq-test-hivemq-platform] [hivemq-platform-operator] [669ffea5] 23:40:53.043 [ReconcilerExecutor-hivemq-controller-144] DEBUG c.h.p.o.h.HiveMQPlatformReconcilerErrorHandler - [helmcont] Pod 'test-hivemq-platform-0' phase Running
2025-01-28 23:40:53,052 INFO c.h.h.t.HelmChartContainer - [hivemq-test-hivemq-platform] [hivemq-platform-operator] [669ffea5] 23:40:53.044 [ReconcilerExecutor-hivemq-controller-144] DEBUG c.h.p.o.h.HiveMQPlatformReconcilerRollingRestartHandler - [helmcont] Rolling restart is waiting for 2 of 1 replicas
2025-01-28 23:40:53,054 INFO c.h.h.t.HelmChartContainer - [POD] test-hivemq-platform-1 [6e3cb7dd-caaa-4a72-9133-e702609eb6ff] in helmcontainersecuritycontextupgradeplatformit was MODIFIED
2025-01-28 23:40:53,066 INFO c.h.h.t.HelmChartContainer - [EVENT] Normal [Killing] Stopping container hivemq [helmcontainersecuritycontextupgradeplatformit:test-hivemq-platform-1]
2025-01-28 23:40:53,066 INFO c.h.h.t.HelmChartContainer - Received Killing event for container hivemq in pod test-hivemq-platform-1 [6e3cb7dd-caaa-4a72-9133-e702609eb6ff]
2025-01-28 23:40:53,066 INFO c.h.h.t.HelmChartContainer - Container [test-hivemq-platform-1] [hivemq] [6e3cb7dd-caaa-4a72-9133-e702609eb6ff] was terminated
2025-01-28 23:40:53,066 INFO c.h.h.t.HelmChartContainer - Stopped log watcher for hivemq in pod test-hivemq-platform-1 [6e3cb7dd-caaa-4a72-9133-e702609eb6ff]
2025-01-28 23:40:53,073 INFO c.h.h.t.HelmChartContainer - [test-hivemq-platform] [hivemq] [6e3cb7dd] INFO  - [HiveMQ Platform Operator Init App 1.7.0-SNAPSHOT] Shutting down
2025-01-28 23:40:53,074 INFO c.h.h.t.HelmChartContainer - [test-hivemq-platform] [hivemq] [6e3cb7dd] INFO  - [HiveMQ Platform Operator Init App 1.7.0-SNAPSHOT] Stopping the HiveMQ Platform
2025-01-28 23:40:53,130 INFO c.h.h.t.HelmChartContainer - [hivemq-test-hivemq-platform] [hivemq-platform-operator] [669ffea5] 23:40:53.129 [pool-6-thread-2] DEBUG c.h.p.o.d.PlatformServiceResource - [helmcont] Desired Platform services (3 services)
2025-01-28 23:40:53,134 INFO c.h.h.t.HelmChartContainer - [test-hivemq-platform] [hivemq] [6e3cb7dd] INFO  - Shutting down HiveMQ. Please wait, this could take a while...
2025-01-28 23:40:53,134 INFO c.h.h.t.HelmChartContainer - [hivemq-test-hivemq-platform] [hivemq-platform-operator] [669ffea5] 23:40:53.131 [pool-6-thread-9] DEBUG c.h.p.o.dependants.PodInfoConfigMap - [helmcont] Desired PodInfo ConfigMap (1 extensions) (1 enabled)
2025-01-28 23:40:53,135 INFO c.h.h.t.HelmChartContainer - [hivemq-test-hivemq-platform] [hivemq-platform-operator] [669ffea5] 23:40:53.132 [pool-6-thread-9] DEBUG c.h.p.o.dependants.PodInfoConfigMap - [helmcont] Desired PodInfo ConfigMap (metrics port: 9399) (metrics path: /)
2025-01-28 23:40:53,135 INFO c.h.h.t.HelmChartContainer - [hivemq-test-hivemq-platform] [hivemq-platform-operator] [669ffea5] 23:40:53.132 [pool-6-thread-9] DEBUG c.h.p.o.dependants.PodInfoConfigMap - [helmcont] Desired PodInfo ConfigMap (extension state hash: -1817474005)
2025-01-28 23:40:53,136 INFO c.h.h.t.HelmChartContainer - [hivemq-test-hivemq-platform] [hivemq-platform-operator] [669ffea5] 23:40:53.134 [pool-6-thread-4] DEBUG c.h.p.o.d.PodServiceAccountResource - [helmcont] Desired PodServiceAccountResource (serviceAccountName: hivemq-platform-pod-test-hivemq-platform)
2025-01-28 23:40:53,138 INFO c.h.h.t.HelmChartContainer - [hivemq-test-hivemq-platform] [hivemq-platform-operator] [669ffea5] 23:40:53.137 [pool-6-thread-2] DEBUG c.h.p.o.d.StatefulSetResource - [helmcont] Desired StatefulSet (1 replicas) for status ROLLING_RESTART (SCALE_DOWN_IN_PROGRESS)
2025-01-28 23:40:53,143 INFO c.h.h.t.HelmChartContainer - [hivemq-test-hivemq-platform] [hivemq-platform-operator] [669ffea5] 23:40:53.140 [ReconcilerExecutor-hivemq-controller-145] INFO  c.h.p.o.HiveMQPlatformReconciler - [helmcont] Reconciling HiveMQ Platform 'test-hivemq-platform' in namespace 'helmcontainersecuritycontextupgradeplatformit'
2025-01-28 23:40:53,143 INFO c.h.h.t.HelmChartContainer - [hivemq-test-hivemq-platform] [hivemq-platform-operator] [669ffea5] 23:40:53.140 [ReconcilerExecutor-hivemq-controller-145] DEBUG c.h.p.o.HiveMQPlatformReconciler - [helmcont] Custom Resource Status ROLLING_RESTART - HiveMQ Platform is stopping the surge Pod (rolling restart) (SCALE_DOWN_IN_PROGRESS)
2025-01-28 23:40:53,143 INFO c.h.h.t.HelmChartContainer - [hivemq-test-hivemq-platform] [hivemq-platform-operator] [669ffea5] 23:40:53.140 [ReconcilerExecutor-hivemq-controller-145] DEBUG c.h.p.o.HiveMQPlatformReconciler - [helmcont] Custom Resource Spec (replicas: 1) (extensions: 1)
2025-01-28 23:40:53,143 INFO c.h.h.t.HelmChartContainer - [hivemq-test-hivemq-platform] [hivemq-platform-operator] [669ffea5] 23:40:53.142 [ReconcilerExecutor-hivemq-controller-145] DEBUG c.h.p.o.HiveMQPlatformReconciler - [helmcont] StatefulSet Status (revision: test-hivemq-platform-85948b8786, replicas: 2, available: 2, ready: 2, current: 0, updated: 1)
2025-01-28 23:40:53,144 INFO c.h.h.t.HelmChartContainer - [hivemq-test-hivemq-platform] [hivemq-platform-operator] [669ffea5] 23:40:53.142 [ReconcilerExecutor-hivemq-controller-145] DEBUG c.h.p.o.HiveMQPlatformReconciler - [helmcont] StatefulSet Spec (replicas: 1, init containers: 1, containers: 1, volumes: 3)
2025-01-28 23:40:53,206 INFO c.h.h.t.HelmChartContainer - [hivemq-test-hivemq-platform] [hivemq-platform-operator] [669ffea5] 23:40:53.204 [ReconcilerExecutor-hivemq-controller-145] DEBUG c.h.p.o.h.HiveMQPlatformReconcilerErrorHandler - [helmcont] Pod 'test-hivemq-platform-0' phase Running
2025-01-28 23:40:53,206 INFO c.h.h.t.HelmChartContainer - [hivemq-test-hivemq-platform] [hivemq-platform-operator] [669ffea5] 23:40:53.205 [ReconcilerExecutor-hivemq-controller-145] DEBUG c.h.p.o.h.HiveMQPlatformReconcilerRollingRestartHandler - [helmcont] Rolling restart is waiting for 2 of 1 replicas
2025-01-28 23:40:53,210 INFO c.h.h.t.HelmChartContainer - [hivemq-test-hivemq-platform] [hivemq-platform-operator] [669ffea5] 23:40:53.208 [pool-6-thread-15] DEBUG c.h.p.o.d.PlatformServiceResource - [helmcont] Desired Platform services (3 services)
2025-01-28 23:40:53,210 INFO c.h.h.t.HelmChartContainer - [hivemq-test-hivemq-platform] [hivemq-platform-operator] [669ffea5] 23:40:53.208 [pool-6-thread-11] DEBUG c.h.p.o.dependants.PodInfoConfigMap - [helmcont] Desired PodInfo ConfigMap (1 extensions) (1 enabled)
2025-01-28 23:40:53,210 INFO c.h.h.t.HelmChartContainer - [hivemq-test-hivemq-platform] [hivemq-platform-operator] [669ffea5] 23:40:53.208 [pool-6-thread-11] DEBUG c.h.p.o.dependants.PodInfoConfigMap - [helmcont] Desired PodInfo ConfigMap (metrics port: 9399) (metrics path: /)
2025-01-28 23:40:53,210 INFO c.h.h.t.HelmChartContainer - [hivemq-test-hivemq-platform] [hivemq-platform-operator] [669ffea5] 23:40:53.208 [pool-6-thread-11] DEBUG c.h.p.o.dependants.PodInfoConfigMap - [helmcont] Desired PodInfo ConfigMap (extension state hash: -1817474005)
2025-01-28 23:40:53,215 INFO c.h.h.t.HelmChartContainer - [test-hivemq-platform] [hivemq] [6e3cb7dd] INFO  - Shutting down listeners and clients
2025-01-28 23:40:53,216 INFO c.h.h.t.HelmChartContainer - [test-hivemq-platform] [hivemq] [6e3cb7dd] INFO  - Shutdown of listeners is done
2025-01-28 23:40:53,217 INFO c.h.h.t.HelmChartContainer - [test-hivemq-platform] [hivemq] [6e3cb7dd] INFO  - No clients are connected, proceeding with shutdown
2025-01-28 23:40:53,231 INFO c.h.h.t.HelmChartContainer - [hivemq-test-hivemq-platform] [hivemq-platform-operator] [669ffea5] 23:40:53.227 [pool-6-thread-15] DEBUG c.h.p.o.d.PodServiceAccountResource - [helmcont] Desired PodServiceAccountResource (serviceAccountName: hivemq-platform-pod-test-hivemq-platform)
2025-01-28 23:40:53,233 INFO c.h.h.t.HelmChartContainer - [hivemq-test-hivemq-platform] [hivemq-platform-operator] [669ffea5] 23:40:53.230 [pool-6-thread-11] DEBUG c.h.p.o.d.StatefulSetResource - [helmcont] Desired StatefulSet (1 replicas) for status ROLLING_RESTART (SCALE_DOWN_IN_PROGRESS)
2025-01-28 23:40:53,238 INFO c.h.h.t.HelmChartContainer - [hivemq-test-hivemq-platform] [hivemq-platform-operator] [669ffea5] 23:40:53.235 [ReconcilerExecutor-hivemq-controller-146] INFO  c.h.p.o.HiveMQPlatformReconciler - [helmcont] Reconciling HiveMQ Platform 'test-hivemq-platform' in namespace 'helmcontainersecuritycontextupgradeplatformit'
2025-01-28 23:40:53,239 INFO c.h.h.t.HelmChartContainer - [hivemq-test-hivemq-platform] [hivemq-platform-operator] [669ffea5] 23:40:53.235 [ReconcilerExecutor-hivemq-controller-146] DEBUG c.h.p.o.HiveMQPlatformReconciler - [helmcont] Custom Resource Status ROLLING_RESTART - HiveMQ Platform is stopping the surge Pod (rolling restart) (SCALE_DOWN_IN_PROGRESS)
2025-01-28 23:40:53,239 INFO c.h.h.t.HelmChartContainer - [hivemq-test-hivemq-platform] [hivemq-platform-operator] [669ffea5] 23:40:53.235 [ReconcilerExecutor-hivemq-controller-146] DEBUG c.h.p.o.HiveMQPlatformReconciler - [helmcont] Custom Resource Spec (replicas: 1) (extensions: 1)
2025-01-28 23:40:53,239 INFO c.h.h.t.HelmChartContainer - [hivemq-test-hivemq-platform] [hivemq-platform-operator] [669ffea5] 23:40:53.238 [ReconcilerExecutor-hivemq-controller-146] DEBUG c.h.p.o.HiveMQPlatformReconciler - [helmcont] StatefulSet Status (revision: test-hivemq-platform-85948b8786, replicas: 2, available: 2, ready: 2, current: 0, updated: 1)
2025-01-28 23:40:53,241 INFO c.h.h.t.HelmChartContainer - [hivemq-test-hivemq-platform] [hivemq-platform-operator] [669ffea5] 23:40:53.239 [ReconcilerExecutor-hivemq-controller-146] DEBUG c.h.p.o.HiveMQPlatformReconciler - [helmcont] StatefulSet Spec (replicas: 1, init containers: 1, containers: 1, volumes: 3)
2025-01-28 23:40:53,242 INFO c.h.h.t.HelmChartContainer - [hivemq-test-hivemq-platform] [hivemq-platform-operator] [669ffea5] 23:40:53.240 [ReconcilerExecutor-hivemq-controller-146] DEBUG c.h.p.o.h.HiveMQPlatformReconcilerErrorHandler - [helmcont] Pod 'test-hivemq-platform-0' phase Running
2025-01-28 23:40:53,306 INFO c.h.h.t.HelmChartContainer - [hivemq-test-hivemq-platform] [hivemq-platform-operator] [669ffea5] 23:40:53.304 [ReconcilerExecutor-hivemq-controller-146] DEBUG c.h.p.o.h.HiveMQPlatformReconcilerRollingRestartHandler - [helmcont] Rolling restart is waiting for 2 of 1 replicas
2025-01-28 23:40:56,324 INFO c.h.h.t.HelmChartContainer - [test-hivemq-platform] [hivemq] [6e3cb7dd] INFO  - Shutting down extension system
2025-01-28 23:40:56,326 INFO c.h.h.t.HelmChartContainer - [test-hivemq-platform] [hivemq] [6e3cb7dd] INFO  - Stopping extension with id hivemq-dns-cluster-discovery
2025-01-28 23:40:56,327 INFO c.h.h.t.HelmChartContainer - [test-hivemq-platform] [hivemq] [6e3cb7dd] INFO  - Extension "DNS Cluster Discovery Extension" version 4.3.2 stopped successfully.
2025-01-28 23:40:56,328 INFO c.h.h.t.HelmChartContainer - [test-hivemq-platform] [hivemq] [6e3cb7dd] INFO  - Stopping extension with id hivemq-prometheus-extension
2025-01-28 23:40:56,331 INFO c.h.h.t.HelmChartContainer - [test-hivemq-platform] [hivemq] [6e3cb7dd] INFO  - Extension "Prometheus Monitoring Extension" version 4.0.12 stopped successfully.
2025-01-28 23:40:56,332 INFO c.h.h.t.HelmChartContainer - [test-hivemq-platform] [hivemq] [6e3cb7dd] INFO  - Stopping extension with id hivemq-allow-all-extension
2025-01-28 23:40:56,332 INFO c.h.h.t.HelmChartContainer - [test-hivemq-platform] [hivemq] [6e3cb7dd] INFO  - Extension "Allow All Extension" version 1.1.1 stopped successfully.
2025-01-28 23:40:56,340 INFO c.h.h.t.HelmChartContainer - [test-hivemq-platform] [hivemq] [ee2c1bc8] INFO  - Cluster nodes found by discovery: [EHsUt|4] (1) [EHsUt].
2025-01-28 23:40:56,344 INFO c.h.h.t.HelmChartContainer - [test-hivemq-platform] [hivemq] [ee2c1bc8] INFO  - Cluster size = 1, members : [EHsUt].
2025-01-28 23:40:56,431 INFO c.h.h.t.HelmChartContainer - [test-hivemq-platform] [hivemq] [6e3cb7dd] INFO  - [HiveMQ Platform Operator Init App 1.7.0-SNAPSHOT] Returning shutdown Health API response 503 for readiness
2025-01-28 23:40:56,438 INFO c.h.h.t.HelmChartContainer - [EVENT] Warning [Unhealthy] Readiness probe failed: HTTP probe failed with statuscode: 503 [helmcontainersecuritycontextupgradeplatformit:test-hivemq-platform-1]
2025-01-28 23:40:56,438 INFO c.h.h.t.HelmChartContainer - Received Unhealthy event for container hivemq in pod test-hivemq-platform-1 [6e3cb7dd-caaa-4a72-9133-e702609eb6ff]
2025-01-28 23:40:58,630 INFO c.h.h.t.HelmChartContainer - [test-hivemq-platform] [hivemq] [6e3cb7dd] INFO  - Shutdown completed.
2025-01-28 23:40:58,979 INFO c.h.h.t.HelmChartContainer - [test-hivemq-platform] [hivemq] [6e3cb7dd] INFO  - [HiveMQ Platform Operator Init App 1.7.0-SNAPSHOT] The HiveMQ Platform exited with code 143
2025-01-28 23:40:58,979 INFO c.h.h.t.HelmChartContainer - [test-hivemq-platform] [hivemq] [6e3cb7dd] INFO  - [HiveMQ Platform Operator Init App 1.7.0-SNAPSHOT] Stopping the REST API
2025-01-28 23:40:58,985 INFO c.h.h.t.HelmChartContainer - [test-hivemq-platform] [hivemq] [6e3cb7dd] INFO  - [HiveMQ Platform Operator Init App 1.7.0-SNAPSHOT] Shutdown complete
2025-01-28 23:40:59,293 INFO c.h.h.t.HelmChartContainer - [test-hivemq-platform] [hivemq] [ee2c1bc8] INFO  - [HiveMQ Platform Operator Init App 1.7.0-SNAPSHOT] Returning Health API response 200 for liveness
2025-01-28 23:40:59,477 INFO c.h.h.t.HelmChartContainer - [POD] test-hivemq-platform-1 [6e3cb7dd-caaa-4a72-9133-e702609eb6ff] in helmcontainersecuritycontextupgradeplatformit was MODIFIED
2025-01-28 23:40:59,494 INFO c.h.h.t.HelmChartContainer - [hivemq-test-hivemq-platform] [hivemq-platform-operator] [669ffea5] 23:40:59.488 [pool-6-thread-22] DEBUG c.h.p.o.d.PlatformServiceResource - [helmcont] Desired Platform services (3 services)
2025-01-28 23:40:59,494 INFO c.h.h.t.HelmChartContainer - [hivemq-test-hivemq-platform] [hivemq-platform-operator] [669ffea5] 23:40:59.491 [pool-6-thread-26] DEBUG c.h.p.o.dependants.PodInfoConfigMap - [helmcont] Desired PodInfo ConfigMap (1 extensions) (1 enabled)
2025-01-28 23:40:59,494 INFO c.h.h.t.HelmChartContainer - [hivemq-test-hivemq-platform] [hivemq-platform-operator] [669ffea5] 23:40:59.492 [pool-6-thread-26] DEBUG c.h.p.o.dependants.PodInfoConfigMap - [helmcont] Desired PodInfo ConfigMap (metrics port: 9399) (metrics path: /)
2025-01-28 23:40:59,494 INFO c.h.h.t.HelmChartContainer - [hivemq-test-hivemq-platform] [hivemq-platform-operator] [669ffea5] 23:40:59.492 [pool-6-thread-26] DEBUG c.h.p.o.dependants.PodInfoConfigMap - [helmcont] Desired PodInfo ConfigMap (extension state hash: -1817474005)
2025-01-28 23:40:59,499 INFO c.h.h.t.HelmChartContainer - [hivemq-test-hivemq-platform] [hivemq-platform-operator] [669ffea5] 23:40:59.498 [pool-6-thread-22] DEBUG c.h.p.o.d.StatefulSetResource - [helmcont] Desired StatefulSet (1 replicas) for status ROLLING_RESTART (SCALE_DOWN_IN_PROGRESS)
2025-01-28 23:40:59,499 INFO c.h.h.t.HelmChartContainer - [hivemq-test-hivemq-platform] [hivemq-platform-operator] [669ffea5] 23:40:59.494 [pool-6-thread-26] DEBUG c.h.p.o.d.PodServiceAccountResource - [helmcont] Desired PodServiceAccountResource (serviceAccountName: hivemq-platform-pod-test-hivemq-platform)
2025-01-28 23:40:59,503 INFO c.h.h.t.HelmChartContainer - [hivemq-test-hivemq-platform] [hivemq-platform-operator] [669ffea5] 23:40:59.501 [ReconcilerExecutor-hivemq-controller-147] INFO  c.h.p.o.HiveMQPlatformReconciler - [helmcont] Reconciling HiveMQ Platform 'test-hivemq-platform' in namespace 'helmcontainersecuritycontextupgradeplatformit'
2025-01-28 23:40:59,503 INFO c.h.h.t.HelmChartContainer - [hivemq-test-hivemq-platform] [hivemq-platform-operator] [669ffea5] 23:40:59.502 [ReconcilerExecutor-hivemq-controller-147] DEBUG c.h.p.o.HiveMQPlatformReconciler - [helmcont] Custom Resource Status ROLLING_RESTART - HiveMQ Platform is stopping the surge Pod (rolling restart) (SCALE_DOWN_IN_PROGRESS)
2025-01-28 23:40:59,503 INFO c.h.h.t.HelmChartContainer - [hivemq-test-hivemq-platform] [hivemq-platform-operator] [669ffea5] 23:40:59.502 [ReconcilerExecutor-hivemq-controller-147] DEBUG c.h.p.o.HiveMQPlatformReconciler - [helmcont] Custom Resource Spec (replicas: 1) (extensions: 1)
2025-01-28 23:40:59,506 INFO c.h.h.t.HelmChartContainer - [hivemq-test-hivemq-platform] [hivemq-platform-operator] [669ffea5] 23:40:59.505 [ReconcilerExecutor-hivemq-controller-147] DEBUG c.h.p.o.HiveMQPlatformReconciler - [helmcont] StatefulSet Status (revision: test-hivemq-platform-85948b8786, replicas: 2, available: 1, ready: 1, current: 0, updated: 1)
2025-01-28 23:40:59,507 INFO c.h.h.t.HelmChartContainer - [hivemq-test-hivemq-platform] [hivemq-platform-operator] [669ffea5] 23:40:59.505 [ReconcilerExecutor-hivemq-controller-147] DEBUG c.h.p.o.HiveMQPlatformReconciler - [helmcont] StatefulSet Spec (replicas: 1, init containers: 1, containers: 1, volumes: 3)
2025-01-28 23:40:59,509 INFO c.h.h.t.HelmChartContainer - [hivemq-test-hivemq-platform] [hivemq-platform-operator] [669ffea5] 23:40:59.506 [ReconcilerExecutor-hivemq-controller-147] DEBUG c.h.p.o.h.HiveMQPlatformReconcilerErrorHandler - [helmcont] Pod 'test-hivemq-platform-0' phase Running
2025-01-28 23:40:59,509 INFO c.h.h.t.HelmChartContainer - [hivemq-test-hivemq-platform] [hivemq-platform-operator] [669ffea5] 23:40:59.507 [ReconcilerExecutor-hivemq-controller-147] INFO  c.h.p.o.h.HiveMQPlatformReconcilerRollingRestartHandler - [helmcont] Rolling restart is done
2025-01-28 23:40:59,534 INFO c.h.h.t.HelmChartContainer - [EVENT] Normal [Ready] HiveMQ Platform is ready [helmcontainersecuritycontextupgradeplatformit:test-hivemq-platform]
2025-01-28 23:40:59,537 INFO c.h.h.t.HelmChartContainer - [hivemq-test-hivemq-platform] [hivemq-platform-operator] [669ffea5] 23:40:59.536 [ReconcilerExecutor-hivemq-controller-147] DEBUG c.h.p.operator.event.EventSender - [helmcont] Updating K8s event hivemq-platform-ready: [Ready] HiveMQ Platform is ready
2025-01-28 23:40:59,537 INFO c.h.h.t.HelmChartContainer - [hivemq-test-hivemq-platform] [hivemq-platform-operator] [669ffea5] 23:40:59.536 [ReconcilerExecutor-hivemq-controller-147] INFO  c.h.p.o.h.AbstractHiveMQReconcilerStateHandler - [helmcont] Update HiveMQ Platform Status (ROLLING_RESTART [SCALE_DOWN_IN_PROGRESS] -> RUNNING [READY]): HiveMQ Platform is ready
2025-01-28 23:40:59,546 DEBUG com.hivemq.helmcharts.util.K8sUtil - Comparing actual state 'RUNNING' and waiting for 'RUNNING'
2025-01-28 23:40:59,547 INFO c.h.h.t.HelmChartContainer - Uninstalling release 'test-hivemq-platform' in namespace 'helmcontainersecuritycontextupgradeplatformit'...
2025-01-28 23:40:59,547 DEBUG c.h.h.t.HelmChartContainer - Executing helm command: /bin/helm --kubeconfig /etc/rancher/k3s/k3s.yaml uninstall test-hivemq-platform  --wait --timeout 5m0s --cascade foreground --namespace helmcontainersecuritycontextupgradeplatformit
2025-01-28 23:40:59,556 INFO c.h.h.t.HelmChartContainer - [K3S] [reconciler_common.go:162] "operationExecutor.UnmountVolume started for volume \"broker-configuration\" (UniqueName: \"kubernetes.io/configmap/6e3cb7dd-caaa-4a72-9133-e702609eb6ff-broker-configuration\") pod \"6e3cb7dd-caaa-4a72-9133-e702609eb6ff\" (UID: \"6e3cb7dd-caaa-4a72-9133-e702609eb6ff\") "
2025-01-28 23:40:59,556 INFO c.h.h.t.HelmChartContainer - [K3S] [reconciler_common.go:162] "operationExecutor.UnmountVolume started for volume \"operator-init\" (UniqueName: \"kubernetes.io/empty-dir/6e3cb7dd-caaa-4a72-9133-e702609eb6ff-operator-init\") pod \"6e3cb7dd-caaa-4a72-9133-e702609eb6ff\" (UID: \"6e3cb7dd-caaa-4a72-9133-e702609eb6ff\") "
2025-01-28 23:40:59,556 INFO c.h.h.t.HelmChartContainer - [K3S] [reconciler_common.go:162] "operationExecutor.UnmountVolume started for volume \"pod-info\" (UniqueName: \"kubernetes.io/configmap/6e3cb7dd-caaa-4a72-9133-e702609eb6ff-pod-info\") pod \"6e3cb7dd-caaa-4a72-9133-e702609eb6ff\" (UID: \"6e3cb7dd-caaa-4a72-9133-e702609eb6ff\") "
2025-01-28 23:40:59,630 INFO c.h.h.t.HelmChartContainer - [hivemq-test-hivemq-platform] [hivemq-platform-operator] [669ffea5] 23:40:59.626 [pool-6-thread-31] DEBUG c.h.p.o.d.PlatformServiceResource - [helmcont] Desired Platform services (3 services)
2025-01-28 23:40:59,631 INFO c.h.h.t.HelmChartContainer - [hivemq-test-hivemq-platform] [hivemq-platform-operator] [669ffea5] 23:40:59.629 [pool-6-thread-36] DEBUG c.h.p.o.dependants.PodInfoConfigMap - [helmcont] Desired PodInfo ConfigMap (1 extensions) (1 enabled)
2025-01-28 23:40:59,631 INFO c.h.h.t.HelmChartContainer - [hivemq-test-hivemq-platform] [hivemq-platform-operator] [669ffea5] 23:40:59.629 [pool-6-thread-36] DEBUG c.h.p.o.dependants.PodInfoConfigMap - [helmcont] Desired PodInfo ConfigMap (metrics port: 9399) (metrics path: /)
2025-01-28 23:40:59,631 INFO c.h.h.t.HelmChartContainer - [hivemq-test-hivemq-platform] [hivemq-platform-operator] [669ffea5] 23:40:59.629 [pool-6-thread-36] DEBUG c.h.p.o.dependants.PodInfoConfigMap - [helmcont] Desired PodInfo ConfigMap (extension state hash: -1817474005)
2025-01-28 23:40:59,632 INFO c.h.h.t.HelmChartContainer - [hivemq-test-hivemq-platform] [hivemq-platform-operator] [669ffea5] 23:40:59.631 [pool-6-thread-36] DEBUG c.h.p.o.dependants.PodInfoConfigMap - [helmcont] Update PodInfo ConfigMap
2025-01-28 23:40:59,641 INFO c.h.h.t.HelmChartContainer - [hivemq-test-hivemq-platform] [hivemq-platform-operator] [669ffea5] 23:40:59.639 [pool-6-thread-39] DEBUG c.h.p.o.d.PodServiceAccountResource - [helmcont] Desired PodServiceAccountResource (serviceAccountName: hivemq-platform-pod-test-hivemq-platform)
2025-01-28 23:40:59,645 INFO c.h.h.t.HelmChartContainer - [hivemq-test-hivemq-platform] [hivemq-platform-operator] [669ffea5] 23:40:59.643 [pool-6-thread-36] DEBUG c.h.p.o.d.StatefulSetResource - [helmcont] Desired StatefulSet (1 replicas) for status RUNNING (READY)
2025-01-28 23:40:59,658 INFO c.h.h.t.HelmChartContainer - [K3S] [reconciler_common.go:162] "operationExecutor.UnmountVolume started for volume \"kube-api-access-llrg2\" (UniqueName: \"kubernetes.io/projected/6e3cb7dd-caaa-4a72-9133-e702609eb6ff-kube-api-access-llrg2\") pod \"6e3cb7dd-caaa-4a72-9133-e702609eb6ff\" (UID: \"6e3cb7dd-caaa-4a72-9133-e702609eb6ff\") "
2025-01-28 23:40:59,658 INFO c.h.h.t.HelmChartContainer - [K3S] [reconciler_common.go:299] "Volume detached for volume \"operator-init\" (UniqueName: \"kubernetes.io/empty-dir/6e3cb7dd-caaa-4a72-9133-e702609eb6ff-operator-init\") on node \"6b15a01a10f5\" DevicePath \"\""
2025-01-28 23:40:59,658 INFO c.h.h.t.HelmChartContainer - [K3S] [reconciler_common.go:299] "Volume detached for volume \"broker-configuration\" (UniqueName: \"kubernetes.io/configmap/6e3cb7dd-caaa-4a72-9133-e702609eb6ff-broker-configuration\") on node \"6b15a01a10f5\" DevicePath \"\""
2025-01-28 23:40:59,658 INFO c.h.h.t.HelmChartContainer - [K3S] [reconciler_common.go:299] "Volume detached for volume \"pod-info\" (UniqueName: \"kubernetes.io/configmap/6e3cb7dd-caaa-4a72-9133-e702609eb6ff-pod-info\") on node \"6b15a01a10f5\" DevicePath \"\""
2025-01-28 23:40:59,707 INFO c.h.h.t.HelmChartContainer - [hivemq-test-hivemq-platform] [hivemq-platform-operator] [669ffea5] 23:40:59.705 [ReconcilerExecutor-hivemq-controller-148] INFO  c.h.p.o.HiveMQPlatformReconciler - [helmcont] Reconciling HiveMQ Platform 'test-hivemq-platform' in namespace 'helmcontainersecuritycontextupgradeplatformit'
2025-01-28 23:40:59,708 INFO c.h.h.t.HelmChartContainer - [hivemq-test-hivemq-platform] [hivemq-platform-operator] [669ffea5] 23:40:59.705 [ReconcilerExecutor-hivemq-controller-148] DEBUG c.h.p.o.HiveMQPlatformReconciler - [helmcont] Custom Resource Status RUNNING - HiveMQ Platform is ready (READY)
2025-01-28 23:40:59,708 INFO c.h.h.t.HelmChartContainer - [hivemq-test-hivemq-platform] [hivemq-platform-operator] [669ffea5] 23:40:59.705 [ReconcilerExecutor-hivemq-controller-148] DEBUG c.h.p.o.HiveMQPlatformReconciler - [helmcont] Custom Resource Spec (replicas: 1) (extensions: 1)
2025-01-28 23:40:59,730 INFO c.h.h.t.HelmChartContainer - [hivemq-test-hivemq-platform] [hivemq-platform-operator] [669ffea5] 23:40:59.727 [ReconcilerExecutor-hivemq-controller-148] DEBUG c.h.p.o.HiveMQPlatformReconciler - [helmcont] StatefulSet Status (revision: test-hivemq-platform-85948b8786, replicas: 2, available: 1, ready: 1, current: 0, updated: 1)
2025-01-28 23:40:59,734 INFO c.h.h.t.HelmChartContainer - [hivemq-test-hivemq-platform] [hivemq-platform-operator] [669ffea5] 23:40:59.728 [ReconcilerExecutor-hivemq-controller-148] DEBUG c.h.p.o.HiveMQPlatformReconciler - [helmcont] StatefulSet Spec (replicas: 1, init containers: 1, containers: 1, volumes: 3)
2025-01-28 23:40:59,734 INFO c.h.h.t.HelmChartContainer - [hivemq-test-hivemq-platform] [hivemq-platform-operator] [669ffea5] 23:40:59.729 [ReconcilerExecutor-hivemq-controller-148] DEBUG c.h.p.o.h.HiveMQPlatformReconcilerErrorHandler - [helmcont] Pod 'test-hivemq-platform-0' phase Running
2025-01-28 23:40:59,755 INFO c.h.h.t.HelmChartContainer - [hivemq-test-hivemq-platform] [hivemq-platform-operator] [669ffea5] 23:40:59.747 [pool-6-thread-42] DEBUG c.h.p.o.d.PlatformServiceResource - [helmcont] Desired Platform services (3 services)
2025-01-28 23:40:59,757 INFO c.h.h.t.HelmChartContainer - [hivemq-test-hivemq-platform] [hivemq-platform-operator] [669ffea5] 23:40:59.750 [pool-6-thread-42] DEBUG c.h.p.o.dependants.PodInfoConfigMap - [helmcont] Desired PodInfo ConfigMap (1 extensions) (1 enabled)
2025-01-28 23:40:59,757 INFO c.h.h.t.HelmChartContainer - [hivemq-test-hivemq-platform] [hivemq-platform-operator] [669ffea5] 23:40:59.750 [pool-6-thread-42] DEBUG c.h.p.o.dependants.PodInfoConfigMap - [helmcont] Desired PodInfo ConfigMap (metrics port: 9399) (metrics path: /)
2025-01-28 23:40:59,757 INFO c.h.h.t.HelmChartContainer - [hivemq-test-hivemq-platform] [hivemq-platform-operator] [669ffea5] 23:40:59.750 [pool-6-thread-42] DEBUG c.h.p.o.dependants.PodInfoConfigMap - [helmcont] Desired PodInfo ConfigMap (extension state hash: -1817474005)
2025-01-28 23:40:59,757 INFO c.h.h.t.HelmChartContainer - [hivemq-test-hivemq-platform] [hivemq-platform-operator] [669ffea5] 23:40:59.750 [pool-6-thread-41] DEBUG c.h.p.o.d.PodServiceAccountResource - [helmcont] Desired PodServiceAccountResource (serviceAccountName: hivemq-platform-pod-test-hivemq-platform)
2025-01-28 23:40:59,757 INFO c.h.h.t.HelmChartContainer - [hivemq-test-hivemq-platform] [hivemq-platform-operator] [669ffea5] 23:40:59.752 [pool-6-thread-41] DEBUG c.h.p.o.d.StatefulSetResource - [helmcont] Desired StatefulSet (1 replicas) for status RUNNING (READY)
2025-01-28 23:40:59,758 INFO c.h.h.t.HelmChartContainer - [K3S] [reconciler_common.go:299] "Volume detached for volume \"kube-api-access-llrg2\" (UniqueName: \"kubernetes.io/projected/6e3cb7dd-caaa-4a72-9133-e702609eb6ff-kube-api-access-llrg2\") on node \"6b15a01a10f5\" DevicePath \"\""
2025-01-28 23:40:59,829 INFO c.h.h.t.HelmChartContainer - [hivemq-test-hivemq-platform] [hivemq-platform-operator] [669ffea5] 23:40:59.828 [ReconcilerExecutor-hivemq-controller-149] INFO  c.h.p.o.HiveMQPlatformReconciler - [helmcont] Reconciling HiveMQ Platform 'test-hivemq-platform' in namespace 'helmcontainersecuritycontextupgradeplatformit'
2025-01-28 23:40:59,830 INFO c.h.h.t.HelmChartContainer - [hivemq-test-hivemq-platform] [hivemq-platform-operator] [669ffea5] 23:40:59.828 [ReconcilerExecutor-hivemq-controller-149] DEBUG c.h.p.o.HiveMQPlatformReconciler - [helmcont] Custom Resource Status RUNNING - HiveMQ Platform is ready (READY)
2025-01-28 23:40:59,830 INFO c.h.h.t.HelmChartContainer - [hivemq-test-hivemq-platform] [hivemq-platform-operator] [669ffea5] 23:40:59.828 [ReconcilerExecutor-hivemq-controller-149] DEBUG c.h.p.o.HiveMQPlatformReconciler - [helmcont] Custom Resource Spec (replicas: 1) (extensions: 1)
2025-01-28 23:40:59,832 INFO c.h.h.t.HelmChartContainer - [hivemq-test-hivemq-platform] [hivemq-platform-operator] [669ffea5] 23:40:59.830 [ReconcilerExecutor-hivemq-controller-149] WARN  c.h.p.o.h.HiveMQPlatformReconcilerErrorHandler - [helmcont] Could not find ConfigMap 'hivemq-configuration-test-hivemq-platform' for HiveMQ Platform configuration
2025-01-28 23:40:59,937 INFO c.h.h.t.HelmChartContainer - [hivemq-test-hivemq-platform] [hivemq-platform-operator] [669ffea5] 23:40:59.936 [ReconcilerExecutor-hivemq-controller-149] DEBUG c.h.p.operator.event.EventSender - [helmcont] Creating K8s event hivemq-platform-invalid-configuration: [Start] Could not find ConfigMap 'hivemq-configuration-test-hivemq-platform' for HiveMQ Platform configuration
2025-01-28 23:40:59,940 INFO c.h.h.t.HelmChartContainer - [EVENT] Warning [Start] Could not find ConfigMap 'hivemq-configuration-test-hivemq-platform' for HiveMQ Platform configuration [helmcontainersecuritycontextupgradeplatformit:test-hivemq-platform]
2025-01-28 23:40:59,941 INFO c.h.h.t.HelmChartContainer - [hivemq-test-hivemq-platform] [hivemq-platform-operator] [669ffea5] 23:40:59.941 [ReconcilerExecutor-hivemq-controller-149] INFO  c.h.p.o.h.AbstractHiveMQReconcilerStateHandler - [helmcont] Update HiveMQ Platform Status (RUNNING [READY] -> ERROR [INVALID_CONFIG_MAP]): Could not find ConfigMap 'hivemq-configuration-test-hivemq-platform' for HiveMQ Platform configuration
2025-01-28 23:41:00,006 INFO c.h.h.t.HelmChartContainer - [hivemq-test-hivemq-platform] [hivemq-platform-operator] [669ffea5] 23:40:59.947 [ReconcilerExecutor-hivemq-controller-149] ERROR i.j.o.p.event.EventProcessor - Error during event processing ExecutionScope{ resource id: ResourceID{name='test-hivemq-platform', namespace='helmcontainersecuritycontextupgradeplatformit'}, version: 1257}
2025-01-28 23:41:00,006 INFO c.h.h.t.HelmChartContainer - [hivemq-test-hivemq-platform] [hivemq-platform-operator] [669ffea5] io.fabric8.kubernetes.client.KubernetesClientException: Failure executing: PUT at: https://10.43.0.1:443/apis/hivemq.com/v1/namespaces/helmcontainersecuritycontextupgradeplatformit/hivemq-platforms/test-hivemq-platform/status. Message: Operation cannot be fulfilled on hivemq-platforms.hivemq.com "test-hivemq-platform": the object has been modified; please apply your changes to the latest version and try again. Received status: Status(apiVersion=v1, code=409, details=StatusDetails(causes=[], group=hivemq.com, kind=hivemq-platforms, name=test-hivemq-platform, retryAfterSeconds=null, uid=null, additionalProperties={}), kind=Status, message=Operation cannot be fulfilled on hivemq-platforms.hivemq.com "test-hivemq-platform": the object has been modified; please apply your changes to the latest version and try again, metadata=ListMeta(_continue=null, remainingItemCount=null, resourceVersion=null, selfLink=null, additionalProperties={}), reason=Conflict, status=Failure, additionalProperties={}).
2025-01-28 23:41:00,006 INFO c.h.h.t.HelmChartContainer - [hivemq-test-hivemq-platform] [hivemq-platform-operator] [669ffea5] 	at io.fabric8.kubernetes.client.KubernetesClientException.copyAsCause(KubernetesClientException.java:238)
2025-01-28 23:41:00,006 INFO c.h.h.t.HelmChartContainer - [hivemq-test-hivemq-platform] [hivemq-platform-operator] [669ffea5] 	at io.fabric8.kubernetes.client.dsl.internal.OperationSupport.waitForResult(OperationSupport.java:507)
2025-01-28 23:41:00,006 INFO c.h.h.t.HelmChartContainer - [hivemq-test-hivemq-platform] [hivemq-platform-operator] [669ffea5] 	at io.fabric8.kubernetes.client.dsl.internal.OperationSupport.handleResponse(OperationSupport.java:524)
2025-01-28 23:41:00,006 INFO c.h.h.t.HelmChartContainer - [hivemq-test-hivemq-platform] [hivemq-platform-operator] [669ffea5] 	at io.fabric8.kubernetes.client.dsl.internal.OperationSupport.handleUpdate(OperationSupport.java:358)
2025-01-28 23:41:00,006 INFO c.h.h.t.HelmChartContainer - [hivemq-test-hivemq-platform] [hivemq-platform-operator] [669ffea5] 	at io.fabric8.kubernetes.client.dsl.internal.BaseOperation.handleUpdate(BaseOperation.java:759)
2025-01-28 23:41:00,006 INFO c.h.h.t.HelmChartContainer - [hivemq-test-hivemq-platform] [hivemq-platform-operator] [669ffea5] 	at io.fabric8.kubernetes.client.dsl.internal.HasMetadataOperation.update(HasMetadataOperation.java:138)
2025-01-28 23:41:00,006 INFO c.h.h.t.HelmChartContainer - [hivemq-test-hivemq-platform] [hivemq-platform-operator] [669ffea5] 	at io.fabric8.kubernetes.client.dsl.internal.HasMetadataOperation.update(HasMetadataOperation.java:121)
2025-01-28 23:41:00,006 INFO c.h.h.t.HelmChartContainer - [hivemq-test-hivemq-platform] [hivemq-platform-operator] [669ffea5] 	at io.fabric8.kubernetes.client.dsl.internal.HasMetadataOperation.updateStatus(HasMetadataOperation.java:126)
2025-01-28 23:41:00,006 INFO c.h.h.t.HelmChartContainer - [hivemq-test-hivemq-platform] [hivemq-platform-operator] [669ffea5] 	at io.fabric8.kubernetes.client.dsl.internal.HasMetadataOperation.updateStatus(HasMetadataOperation.java:44)
2025-01-28 23:41:00,006 INFO c.h.h.t.HelmChartContainer - [hivemq-test-hivemq-platform] [hivemq-platform-operator] [669ffea5] 	at io.javaoperatorsdk.operator.processing.event.ReconciliationDispatcher$CustomResourceFacade.updateStatus(ReconciliationDispatcher.java:408)
2025-01-28 23:41:00,006 INFO c.h.h.t.HelmChartContainer - [hivemq-test-hivemq-platform] [hivemq-platform-operator] [669ffea5] 	at io.javaoperatorsdk.operator.processing.event.ReconciliationDispatcher.updateStatusGenerationAware(ReconciliationDispatcher.java:228)
2025-01-28 23:41:00,007 INFO c.h.h.t.HelmChartContainer - [hivemq-test-hivemq-platform] [hivemq-platform-operator] [669ffea5] 	at io.javaoperatorsdk.operator.processing.event.ReconciliationDispatcher.reconcileExecution(ReconciliationDispatcher.java:150)
2025-01-28 23:41:00,007 INFO c.h.h.t.HelmChartContainer - [hivemq-test-hivemq-platform] [hivemq-platform-operator] [669ffea5] 	at io.javaoperatorsdk.operator.processing.event.ReconciliationDispatcher.handleReconcile(ReconciliationDispatcher.java:117)
2025-01-28 23:41:00,007 INFO c.h.h.t.HelmChartContainer - [hivemq-test-hivemq-platform] [hivemq-platform-operator] [669ffea5] 	at io.javaoperatorsdk.operator.processing.event.ReconciliationDispatcher.handleDispatch(ReconciliationDispatcher.java:91)
2025-01-28 23:41:00,007 INFO c.h.h.t.HelmChartContainer - [hivemq-test-hivemq-platform] [hivemq-platform-operator] [669ffea5] 	at io.javaoperatorsdk.operator.processing.event.ReconciliationDispatcher.handleExecution(ReconciliationDispatcher.java:64)
2025-01-28 23:41:00,007 INFO c.h.h.t.HelmChartContainer - [hivemq-test-hivemq-platform] [hivemq-platform-operator] [669ffea5] 	at io.javaoperatorsdk.operator.processing.event.EventProcessor$ReconcilerExecutor.run(EventProcessor.java:452)
2025-01-28 23:41:00,007 INFO c.h.h.t.HelmChartContainer - [hivemq-test-hivemq-platform] [hivemq-platform-operator] [669ffea5] 	at java.base/java.util.concurrent.ThreadPoolExecutor.runWorker(Unknown Source)
2025-01-28 23:41:00,007 INFO c.h.h.t.HelmChartContainer - [hivemq-test-hivemq-platform] [hivemq-platform-operator] [669ffea5] 	at java.base/java.util.concurrent.ThreadPoolExecutor$Worker.run(Unknown Source)
2025-01-28 23:41:00,007 INFO c.h.h.t.HelmChartContainer - [hivemq-test-hivemq-platform] [hivemq-platform-operator] [669ffea5] 	at java.base/java.lang.Thread.run(Unknown Source)
2025-01-28 23:41:00,007 INFO c.h.h.t.HelmChartContainer - [hivemq-test-hivemq-platform] [hivemq-platform-operator] [669ffea5] Caused by: io.fabric8.kubernetes.client.KubernetesClientException: Failure executing: PUT at: https://10.43.0.1:443/apis/hivemq.com/v1/namespaces/helmcontainersecuritycontextupgradeplatformit/hivemq-platforms/test-hivemq-platform/status. Message: Operation cannot be fulfilled on hivemq-platforms.hivemq.com "test-hivemq-platform": the object has been modified; please apply your changes to the latest version and try again. Received status: Status(apiVersion=v1, code=409, details=StatusDetails(causes=[], group=hivemq.com, kind=hivemq-platforms, name=test-hivemq-platform, retryAfterSeconds=null, uid=null, additionalProperties={}), kind=Status, message=Operation cannot be fulfilled on hivemq-platforms.hivemq.com "test-hivemq-platform": the object has been modified; please apply your changes to the latest version and try again, metadata=ListMeta(_continue=null, remainingItemCount=null, resourceVersion=null, selfLink=null, additionalProperties={}), reason=Conflict, status=Failure, additionalProperties={}).
2025-01-28 23:41:00,007 INFO c.h.h.t.HelmChartContainer - [hivemq-test-hivemq-platform] [hivemq-platform-operator] [669ffea5] 	at io.fabric8.kubernetes.client.dsl.internal.OperationSupport.requestFailure(OperationSupport.java:660)
2025-01-28 23:41:00,007 INFO c.h.h.t.HelmChartContainer - [hivemq-test-hivemq-platform] [hivemq-platform-operator] [669ffea5] 	at io.fabric8.kubernetes.client.dsl.internal.OperationSupport.requestFailure(OperationSupport.java:640)
2025-01-28 23:41:00,007 INFO c.h.h.t.HelmChartContainer - [hivemq-test-hivemq-platform] [hivemq-platform-operator] [669ffea5] 	at io.fabric8.kubernetes.client.dsl.internal.OperationSupport.assertResponseCode(OperationSupport.java:589)
2025-01-28 23:41:00,007 INFO c.h.h.t.HelmChartContainer - [hivemq-test-hivemq-platform] [hivemq-platform-operator] [669ffea5] 	at io.fabric8.kubernetes.client.dsl.internal.OperationSupport.lambda$handleResponse$0(OperationSupport.java:549)
2025-01-28 23:41:00,007 INFO c.h.h.t.HelmChartContainer - [hivemq-test-hivemq-platform] [hivemq-platform-operator] [669ffea5] 	at java.base/java.util.concurrent.CompletableFuture$UniApply.tryFire(Unknown Source)
2025-01-28 23:41:00,007 INFO c.h.h.t.HelmChartContainer - [hivemq-test-hivemq-platform] [hivemq-platform-operator] [669ffea5] 	at java.base/java.util.concurrent.CompletableFuture.postComplete(Unknown Source)
2025-01-28 23:41:00,007 INFO c.h.h.t.HelmChartContainer - [hivemq-test-hivemq-platform] [hivemq-platform-operator] [669ffea5] 	at java.base/java.util.concurrent.CompletableFuture.complete(Unknown Source)
2025-01-28 23:41:00,007 INFO c.h.h.t.HelmChartContainer - [hivemq-test-hivemq-platform] [hivemq-platform-operator] [669ffea5] 	at io.fabric8.kubernetes.client.http.StandardHttpClient.lambda$completeOrCancel$10(StandardHttpClient.java:141)
2025-01-28 23:41:00,007 INFO c.h.h.t.HelmChartContainer - [hivemq-test-hivemq-platform] [hivemq-platform-operator] [669ffea5] 	at java.base/java.util.concurrent.CompletableFuture.uniWhenComplete(Unknown Source)
2025-01-28 23:41:00,007 INFO c.h.h.t.HelmChartContainer - [hivemq-test-hivemq-platform] [hivemq-platform-operator] [669ffea5] 	at java.base/java.util.concurrent.CompletableFuture$UniWhenComplete.tryFire(Unknown Source)
2025-01-28 23:41:00,007 INFO c.h.h.t.HelmChartContainer - [hivemq-test-hivemq-platform] [hivemq-platform-operator] [669ffea5] 	at java.base/java.util.concurrent.CompletableFuture.postComplete(Unknown Source)
2025-01-28 23:41:00,007 INFO c.h.h.t.HelmChartContainer - [hivemq-test-hivemq-platform] [hivemq-platform-operator] [669ffea5] 	at java.base/java.util.concurrent.CompletableFuture.complete(Unknown Source)
2025-01-28 23:41:00,008 INFO c.h.h.t.HelmChartContainer - [hivemq-test-hivemq-platform] [hivemq-platform-operator] [669ffea5] 	at io.fabric8.kubernetes.client.http.ByteArrayBodyHandler.onBodyDone(ByteArrayBodyHandler.java:51)
2025-01-28 23:41:00,008 INFO c.h.h.t.HelmChartContainer - [hivemq-test-hivemq-platform] [hivemq-platform-operator] [669ffea5] 	at java.base/java.util.concurrent.CompletableFuture.uniWhenComplete(Unknown Source)
2025-01-28 23:41:00,008 INFO c.h.h.t.HelmChartContainer - [hivemq-test-hivemq-platform] [hivemq-platform-operator] [669ffea5] 	at java.base/java.util.concurrent.CompletableFuture$UniWhenComplete.tryFire(Unknown Source)
2025-01-28 23:41:00,008 INFO c.h.h.t.HelmChartContainer - [hivemq-test-hivemq-platform] [hivemq-platform-operator] [669ffea5] 	at java.base/java.util.concurrent.CompletableFuture.postComplete(Unknown Source)
2025-01-28 23:41:00,008 INFO c.h.h.t.HelmChartContainer - [hivemq-test-hivemq-platform] [hivemq-platform-operator] [669ffea5] 	at java.base/java.util.concurrent.CompletableFuture.complete(Unknown Source)
2025-01-28 23:41:00,008 INFO c.h.h.t.HelmChartContainer - [hivemq-test-hivemq-platform] [hivemq-platform-operator] [669ffea5] 	at io.fabric8.kubernetes.client.vertx.VertxHttpRequest.lambda$null$1(VertxHttpRequest.java:121)
2025-01-28 23:41:00,008 INFO c.h.h.t.HelmChartContainer - [hivemq-test-hivemq-platform] [hivemq-platform-operator] [669ffea5] 	at io.vertx.core.impl.ContextInternal.dispatch(ContextInternal.java:279)
2025-01-28 23:41:00,008 INFO c.h.h.t.HelmChartContainer - [hivemq-test-hivemq-platform] [hivemq-platform-operator] [669ffea5] 	at io.vertx.core.impl.ContextInternal.dispatch(ContextInternal.java:261)
2025-01-28 23:41:00,008 INFO c.h.h.t.HelmChartContainer - [hivemq-test-hivemq-platform] [hivemq-platform-operator] [669ffea5] 	at io.vertx.core.http.impl.HttpEventHandler.handleEnd(HttpEventHandler.java:76)
2025-01-28 23:41:00,008 INFO c.h.h.t.HelmChartContainer - [hivemq-test-hivemq-platform] [hivemq-platform-operator] [669ffea5] 	at io.vertx.core.http.impl.HttpClientResponseImpl.handleEnd(HttpClientResponseImpl.java:250)
2025-01-28 23:41:00,008 INFO c.h.h.t.HelmChartContainer - [hivemq-test-hivemq-platform] [hivemq-platform-operator] [669ffea5] 	at io.vertx.core.http.impl.Http1xClientConnection$StreamImpl.lambda$new$0(Http1xClientConnection.java:421)
2025-01-28 23:41:00,008 INFO c.h.h.t.HelmChartContainer - [hivemq-test-hivemq-platform] [hivemq-platform-operator] [669ffea5] 	at io.vertx.core.streams.impl.InboundBuffer.handleEvent(InboundBuffer.java:279)
2025-01-28 23:41:00,008 INFO c.h.h.t.HelmChartContainer - [hivemq-test-hivemq-platform] [hivemq-platform-operator] [669ffea5] 	at io.vertx.core.streams.impl.InboundBuffer.write(InboundBuffer.java:157)
2025-01-28 23:41:00,008 INFO c.h.h.t.HelmChartContainer - [hivemq-test-hivemq-platform] [hivemq-platform-operator] [669ffea5] 	at io.vertx.core.http.impl.Http1xClientConnection$StreamImpl.handleEnd(Http1xClientConnection.java:709)
2025-01-28 23:41:00,008 INFO c.h.h.t.HelmChartContainer - [hivemq-test-hivemq-platform] [hivemq-platform-operator] [669ffea5] 	at io.vertx.core.impl.ContextImpl.execute(ContextImpl.java:313)
2025-01-28 23:41:00,008 INFO c.h.h.t.HelmChartContainer - [hivemq-test-hivemq-platform] [hivemq-platform-operator] [669ffea5] 	at io.vertx.core.impl.ContextImpl.execute(ContextImpl.java:293)
2025-01-28 23:41:00,008 INFO c.h.h.t.HelmChartContainer - [hivemq-test-hivemq-platform] [hivemq-platform-operator] [669ffea5] 	at io.vertx.core.http.impl.Http1xClientConnection.handleResponseEnd(Http1xClientConnection.java:940)
2025-01-28 23:41:00,008 INFO c.h.h.t.HelmChartContainer - [hivemq-test-hivemq-platform] [hivemq-platform-operator] [669ffea5] 	at io.vertx.core.http.impl.Http1xClientConnection.handleHttpMessage(Http1xClientConnection.java:810)
2025-01-28 23:41:00,008 INFO c.h.h.t.HelmChartContainer - [hivemq-test-hivemq-platform] [hivemq-platform-operator] [669ffea5] 	at io.vertx.core.http.impl.Http1xClientConnection.handleMessage(Http1xClientConnection.java:774)
2025-01-28 23:41:00,009 INFO c.h.h.t.HelmChartContainer - [hivemq-test-hivemq-platform] [hivemq-platform-operator] [669ffea5] 	at io.vertx.core.net.impl.ConnectionBase.read(ConnectionBase.java:159)
2025-01-28 23:41:00,009 INFO c.h.h.t.HelmChartContainer - [hivemq-test-hivemq-platform] [hivemq-platform-operator] [669ffea5] 	at io.vertx.core.net.impl.VertxHandler.channelRead(VertxHandler.java:153)
2025-01-28 23:41:00,009 INFO c.h.h.t.HelmChartContainer - [hivemq-test-hivemq-platform] [hivemq-platform-operator] [669ffea5] 	at io.netty.channel.AbstractChannelHandlerContext.invokeChannelRead(AbstractChannelHandlerContext.java:442)
2025-01-28 23:41:00,009 INFO c.h.h.t.HelmChartContainer - [hivemq-test-hivemq-platform] [hivemq-platform-operator] [669ffea5] 	at io.netty.channel.AbstractChannelHandlerContext.invokeChannelRead(AbstractChannelHandlerContext.java:420)
2025-01-28 23:41:00,009 INFO c.h.h.t.HelmChartContainer - [hivemq-test-hivemq-platform] [hivemq-platform-operator] [669ffea5] 	at io.netty.channel.AbstractChannelHandlerContext.fireChannelRead(AbstractChannelHandlerContext.java:412)
2025-01-28 23:41:00,009 INFO c.h.h.t.HelmChartContainer - [hivemq-test-hivemq-platform] [hivemq-platform-operator] [669ffea5] 	at io.netty.channel.CombinedChannelDuplexHandler$DelegatingChannelHandlerContext.fireChannelRead(CombinedChannelDuplexHandler.java:436)
2025-01-28 23:41:00,009 INFO c.h.h.t.HelmChartContainer - [hivemq-test-hivemq-platform] [hivemq-platform-operator] [669ffea5] 	at io.netty.handler.codec.ByteToMessageDecoder.fireChannelRead(ByteToMessageDecoder.java:346)
2025-01-28 23:41:00,009 INFO c.h.h.t.HelmChartContainer - [hivemq-test-hivemq-platform] [hivemq-platform-operator] [669ffea5] 	at io.netty.handler.codec.ByteToMessageDecoder.channelRead(ByteToMessageDecoder.java:318)
2025-01-28 23:41:00,009 INFO c.h.h.t.HelmChartContainer - [hivemq-test-hivemq-platform] [hivemq-platform-operator] [669ffea5] 	at io.netty.channel.CombinedChannelDuplexHandler.channelRead(CombinedChannelDuplexHandler.java:251)
2025-01-28 23:41:00,009 INFO c.h.h.t.HelmChartContainer - [hivemq-test-hivemq-platform] [hivemq-platform-operator] [669ffea5] 	at io.netty.channel.AbstractChannelHandlerContext.invokeChannelRead(AbstractChannelHandlerContext.java:442)
2025-01-28 23:41:00,009 INFO c.h.h.t.HelmChartContainer - [hivemq-test-hivemq-platform] [hivemq-platform-operator] [669ffea5] 	at io.netty.channel.AbstractChannelHandlerContext.invokeChannelRead(AbstractChannelHandlerContext.java:420)
2025-01-28 23:41:00,009 INFO c.h.h.t.HelmChartContainer - [hivemq-test-hivemq-platform] [hivemq-platform-operator] [669ffea5] 	at io.netty.channel.AbstractChannelHandlerContext.fireChannelRead(AbstractChannelHandlerContext.java:412)
2025-01-28 23:41:00,009 INFO c.h.h.t.HelmChartContainer - [hivemq-test-hivemq-platform] [hivemq-platform-operator] [669ffea5] 	at io.netty.handler.ssl.SslHandler.unwrap(SslHandler.java:1475)
2025-01-28 23:41:00,009 INFO c.h.h.t.HelmChartContainer - [hivemq-test-hivemq-platform] [hivemq-platform-operator] [669ffea5] 	at io.netty.handler.ssl.SslHandler.decodeJdkCompatible(SslHandler.java:1338)
2025-01-28 23:41:00,009 INFO c.h.h.t.HelmChartContainer - [hivemq-test-hivemq-platform] [hivemq-platform-operator] [669ffea5] 	at io.netty.handler.ssl.SslHandler.decode(SslHandler.java:1387)
2025-01-28 23:41:00,009 INFO c.h.h.t.HelmChartContainer - [hivemq-test-hivemq-platform] [hivemq-platform-operator] [669ffea5] 	at io.netty.handler.codec.ByteToMessageDecoder.decodeRemovalReentryProtection(ByteToMessageDecoder.java:530)
2025-01-28 23:41:00,009 INFO c.h.h.t.HelmChartContainer - [hivemq-test-hivemq-platform] [hivemq-platform-operator] [669ffea5] 	at io.netty.handler.codec.ByteToMessageDecoder.callDecode(ByteToMessageDecoder.java:469)
2025-01-28 23:41:00,009 INFO c.h.h.t.HelmChartContainer - [hivemq-test-hivemq-platform] [hivemq-platform-operator] [669ffea5] 	at io.netty.handler.codec.ByteToMessageDecoder.channelRead(ByteToMessageDecoder.java:290)
2025-01-28 23:41:00,009 INFO c.h.h.t.HelmChartContainer - [hivemq-test-hivemq-platform] [hivemq-platform-operator] [669ffea5] 	at io.netty.channel.AbstractChannelHandlerContext.invokeChannelRead(AbstractChannelHandlerContext.java:444)
2025-01-28 23:41:00,009 INFO c.h.h.t.HelmChartContainer - [hivemq-test-hivemq-platform] [hivemq-platform-operator] [669ffea5] 	at io.netty.channel.AbstractChannelHandlerContext.invokeChannelRead(AbstractChannelHandlerContext.java:420)
2025-01-28 23:41:00,009 INFO c.h.h.t.HelmChartContainer - [hivemq-test-hivemq-platform] [hivemq-platform-operator] [669ffea5] 	at io.netty.channel.AbstractChannelHandlerContext.fireChannelRead(AbstractChannelHandlerContext.java:412)
2025-01-28 23:41:00,009 INFO c.h.h.t.HelmChartContainer - [hivemq-test-hivemq-platform] [hivemq-platform-operator] [669ffea5] 	at io.netty.channel.DefaultChannelPipeline$HeadContext.channelRead(DefaultChannelPipeline.java:1407)
2025-01-28 23:41:00,009 INFO c.h.h.t.HelmChartContainer - [hivemq-test-hivemq-platform] [hivemq-platform-operator] [669ffea5] 	at io.netty.channel.AbstractChannelHandlerContext.invokeChannelRead(AbstractChannelHandlerContext.java:440)
2025-01-28 23:41:00,009 INFO c.h.h.t.HelmChartContainer - [hivemq-test-hivemq-platform] [hivemq-platform-operator] [669ffea5] 	at io.netty.channel.AbstractChannelHandlerContext.invokeChannelRead(AbstractChannelHandlerContext.java:420)
2025-01-28 23:41:00,009 INFO c.h.h.t.HelmChartContainer - [hivemq-test-hivemq-platform] [hivemq-platform-operator] [669ffea5] 	at io.netty.channel.DefaultChannelPipeline.fireChannelRead(DefaultChannelPipeline.java:918)
2025-01-28 23:41:00,009 INFO c.h.h.t.HelmChartContainer - [hivemq-test-hivemq-platform] [hivemq-platform-operator] [669ffea5] 	at io.netty.channel.nio.AbstractNioByteChannel$NioByteUnsafe.read(AbstractNioByteChannel.java:166)
2025-01-28 23:41:00,009 INFO c.h.h.t.HelmChartContainer - [hivemq-test-hivemq-platform] [hivemq-platform-operator] [669ffea5] 	at io.netty.channel.nio.NioEventLoop.processSelectedKey(NioEventLoop.java:788)
2025-01-28 23:41:00,009 INFO c.h.h.t.HelmChartContainer - [hivemq-test-hivemq-platform] [hivemq-platform-operator] [669ffea5] 	at io.netty.channel.nio.NioEventLoop.processSelectedKeysOptimized(NioEventLoop.java:724)
2025-01-28 23:41:00,009 INFO c.h.h.t.HelmChartContainer - [hivemq-test-hivemq-platform] [hivemq-platform-operator] [669ffea5] 	at io.netty.channel.nio.NioEventLoop.processSelectedKeys(NioEventLoop.java:650)
2025-01-28 23:41:00,009 INFO c.h.h.t.HelmChartContainer - [hivemq-test-hivemq-platform] [hivemq-platform-operator] [669ffea5] 	at io.netty.channel.nio.NioEventLoop.run(NioEventLoop.java:562)
2025-01-28 23:41:00,009 INFO c.h.h.t.HelmChartContainer - [hivemq-test-hivemq-platform] [hivemq-platform-operator] [669ffea5] 	at io.netty.util.concurrent.SingleThreadEventExecutor$4.run(SingleThreadEventExecutor.java:997)
2025-01-28 23:41:00,009 INFO c.h.h.t.HelmChartContainer - [hivemq-test-hivemq-platform] [hivemq-platform-operator] [669ffea5] 	at io.netty.util.internal.ThreadExecutorMap$2.run(ThreadExecutorMap.java:74)
2025-01-28 23:41:00,009 INFO c.h.h.t.HelmChartContainer - [hivemq-test-hivemq-platform] [hivemq-platform-operator] [669ffea5] 	at io.netty.util.concurrent.FastThreadLocalRunnable.run(FastThreadLocalRunnable.java:30)
2025-01-28 23:41:00,009 INFO c.h.h.t.HelmChartContainer - [hivemq-test-hivemq-platform] [hivemq-platform-operator] [669ffea5] 	... 1 common frames omitted
2025-01-28 23:41:00,010 INFO c.h.h.t.HelmChartContainer - [hivemq-test-hivemq-platform] [hivemq-platform-operator] [669ffea5] 23:41:00.009 [ReconcilerExecutor-hivemq-controller-153] INFO  c.h.p.o.HiveMQPlatformReconciler - [helmcont] Cleanup test-hivemq-platform - helmcontainersecuritycontextupgradeplatformit HiveMQ Platform is shut down
2025-01-28 23:41:00,023 INFO c.h.h.t.HelmChartContainer - [K3S] [scope.go:117] "RemoveContainer" containerID="57e062520361e0ea7207c8b7689c8abe44bf8675ec3252da91b0838e0d947b17"
2025-01-28 23:41:00,046 INFO c.h.h.t.HelmChartContainer - [POD] test-hivemq-platform-1 [6e3cb7dd-caaa-4a72-9133-e702609eb6ff] in helmcontainersecuritycontextupgradeplatformit was MODIFIED
2025-01-28 23:41:00,055 INFO c.h.h.t.HelmChartContainer - [POD] test-hivemq-platform-1 [6e3cb7dd-caaa-4a72-9133-e702609eb6ff] in helmcontainersecuritycontextupgradeplatformit was DELETED
2025-01-28 23:41:00,142 INFO c.h.h.t.HelmChartContainer - [K3S] [scope.go:117] "RemoveContainer" containerID="88479b2ea1bd2de318730a80a8ab0d15de4f1b5c9f88feb8ea77b98f8c34240e"
2025-01-28 23:41:00,145 INFO c.h.h.t.HelmChartContainer - [K3S] [scope.go:117] "RemoveContainer" containerID="57e062520361e0ea7207c8b7689c8abe44bf8675ec3252da91b0838e0d947b17"
2025-01-28 23:41:00,146 INFO c.h.h.t.HelmChartContainer - [K3S] [scope.go:117] "RemoveContainer" containerID="88479b2ea1bd2de318730a80a8ab0d15de4f1b5c9f88feb8ea77b98f8c34240e"
2025-01-28 23:41:00,453 INFO c.h.h.t.HelmChartContainer - [K3S] [stateful_set.go:466] "StatefulSet has been deleted" key="helmcontainersecuritycontextupgradeplatformit/test-hivemq-platform"
2025-01-28 23:41:00,808 INFO c.h.h.t.HelmChartContainer - [POD] test-hivemq-platform-0 [ee2c1bc8-e8f8-49a3-8e51-d3457a2f9d26] in helmcontainersecuritycontextupgradeplatformit was MODIFIED
2025-01-28 23:41:00,810 INFO c.h.h.t.HelmChartContainer - [EVENT] Normal [Killing] Stopping container hivemq [helmcontainersecuritycontextupgradeplatformit:test-hivemq-platform-0]
2025-01-28 23:41:00,810 INFO c.h.h.t.HelmChartContainer - Received Killing event for container hivemq in pod test-hivemq-platform-0 [ee2c1bc8-e8f8-49a3-8e51-d3457a2f9d26]
2025-01-28 23:41:00,810 INFO c.h.h.t.HelmChartContainer - Container [test-hivemq-platform-0] [hivemq] [ee2c1bc8-e8f8-49a3-8e51-d3457a2f9d26] was terminated
2025-01-28 23:41:00,810 INFO c.h.h.t.HelmChartContainer - Stopped log watcher for hivemq in pod test-hivemq-platform-0 [ee2c1bc8-e8f8-49a3-8e51-d3457a2f9d26]
2025-01-28 23:41:00,813 INFO c.h.h.t.HelmChartContainer - [test-hivemq-platform] [hivemq] [ee2c1bc8] INFO  - [HiveMQ Platform Operator Init App 1.7.0-SNAPSHOT] Shutting down
2025-01-28 23:41:00,813 INFO c.h.h.t.HelmChartContainer - [test-hivemq-platform] [hivemq] [ee2c1bc8] INFO  - [HiveMQ Platform Operator Init App 1.7.0-SNAPSHOT] Stopping the HiveMQ Platform
2025-01-28 23:41:00,894 INFO c.h.h.t.HelmChartContainer - [test-hivemq-platform] [hivemq] [ee2c1bc8] INFO  - Shutting down HiveMQ. Please wait, this could take a while...
2025-01-28 23:41:00,896 INFO c.h.h.t.HelmChartContainer - [test-hivemq-platform] [hivemq] [ee2c1bc8] INFO  - Shutting down listeners and clients
2025-01-28 23:41:00,977 INFO c.h.h.t.HelmChartContainer - [test-hivemq-platform] [hivemq] [ee2c1bc8] INFO  - Shutdown of listeners is done
2025-01-28 23:41:00,978 INFO c.h.h.t.HelmChartContainer - [test-hivemq-platform] [hivemq] [ee2c1bc8] INFO  - No clients are connected, proceeding with shutdown
2025-01-28 23:41:01,348 INFO c.h.h.t.HelmChartContainer - [K3S] [kubelet_volumes.go:163] "Cleaned up orphaned pod volumes dir" podUID="6e3cb7dd-caaa-4a72-9133-e702609eb6ff" path="/var/lib/kubelet/pods/6e3cb7dd-caaa-4a72-9133-e702609eb6ff/volumes"
2025-01-28 23:41:01,805 INFO c.h.h.t.HelmChartContainer - Deleting namespace 'helmcontainersecuritycontextupgradeplatformit'...
2025-01-28 23:41:02,598 INFO c.h.h.t.HelmChartContainer - [test-hivemq-platform] [hivemq] [ee2c1bc8] INFO  - [HiveMQ Platform Operator Init App 1.7.0-SNAPSHOT] Returning shutdown Health API response 503 for readiness
2025-01-28 23:41:02,602 INFO c.h.h.t.HelmChartContainer - [EVENT] Warning [Unhealthy] Readiness probe failed: HTTP probe failed with statuscode: 503 [helmcontainersecuritycontextupgradeplatformit:test-hivemq-platform-0]
2025-01-28 23:41:02,602 INFO c.h.h.t.HelmChartContainer - Received Unhealthy event for container hivemq in pod test-hivemq-platform-0 [ee2c1bc8-e8f8-49a3-8e51-d3457a2f9d26]
2025-01-28 23:41:03,305 INFO c.h.h.t.HelmChartContainer - [K3S] [authentication.go:74] "Unable to authenticate the request" err="[invalid bearer token, serviceaccounts \"hivemq-platform-pod-test-hivemq-platform\" not found]"
2025-01-28 23:41:03,321 INFO c.h.h.t.HelmChartContainer - [K3S] [authentication.go:74] "Unable to authenticate the request" err="[invalid bearer token, serviceaccounts \"hivemq-platform-pod-test-hivemq-platform\" not found]"
2025-01-28 23:41:03,381 INFO c.h.h.t.HelmChartContainer - [test-hivemq-platform] [hivemq] [ee2c1bc8] WARN  - [HiveMQ Platform Operator Init App 1.7.0-SNAPSHOT] Could not update Pod annotations: Failure executing: GET at: https://10.43.0.1:443/api/v1/namespaces/helmcontainersecuritycontextupgradeplatformit/pods/test-hivemq-platform-0. Message: Unauthorized. Received status: Status(apiVersion=v1, code=401, details=null, kind=Status, message=Unauthorized, metadata=ListMeta(_continue=null, remainingItemCount=null, resourceVersion=null, selfLink=null, additionalProperties={}), reason=Unauthorized, status=Failure, additionalProperties={}).
2025-01-28 23:41:04,784 INFO c.h.h.t.HelmChartContainer - [test-hivemq-platform] [hivemq] [ee2c1bc8] INFO  - Shutting down extension system
2025-01-28 23:41:04,786 INFO c.h.h.t.HelmChartContainer - [test-hivemq-platform] [hivemq] [ee2c1bc8] INFO  - Stopping extension with id hivemq-dns-cluster-discovery
2025-01-28 23:41:04,787 INFO c.h.h.t.HelmChartContainer - [test-hivemq-platform] [hivemq] [ee2c1bc8] INFO  - Extension "DNS Cluster Discovery Extension" version 4.3.2 stopped successfully.
2025-01-28 23:41:04,787 INFO c.h.h.t.HelmChartContainer - [test-hivemq-platform] [hivemq] [ee2c1bc8] INFO  - Stopping extension with id hivemq-prometheus-extension
2025-01-28 23:41:04,791 INFO c.h.h.t.HelmChartContainer - [test-hivemq-platform] [hivemq] [ee2c1bc8] INFO  - Extension "Prometheus Monitoring Extension" version 4.0.12 stopped successfully.
2025-01-28 23:41:04,792 INFO c.h.h.t.HelmChartContainer - [test-hivemq-platform] [hivemq] [ee2c1bc8] INFO  - Stopping extension with id hivemq-allow-all-extension
2025-01-28 23:41:04,792 INFO c.h.h.t.HelmChartContainer - [test-hivemq-platform] [hivemq] [ee2c1bc8] INFO  - Extension "Allow All Extension" version 1.1.1 stopped successfully.
2025-01-28 23:41:07,140 INFO c.h.h.t.HelmChartContainer - [test-hivemq-platform] [hivemq] [ee2c1bc8] INFO  - Shutdown completed.
2025-01-28 23:41:07,489 INFO c.h.h.t.HelmChartContainer - [test-hivemq-platform] [hivemq] [ee2c1bc8] INFO  - [HiveMQ Platform Operator Init App 1.7.0-SNAPSHOT] The HiveMQ Platform exited with code 143
2025-01-28 23:41:07,489 INFO c.h.h.t.HelmChartContainer - [test-hivemq-platform] [hivemq] [ee2c1bc8] INFO  - [HiveMQ Platform Operator Init App 1.7.0-SNAPSHOT] Stopping the REST API
2025-01-28 23:41:07,498 INFO c.h.h.t.HelmChartContainer - [test-hivemq-platform] [hivemq] [ee2c1bc8] INFO  - [HiveMQ Platform Operator Init App 1.7.0-SNAPSHOT] Shutdown complete
2025-01-28 23:41:07,941 INFO c.h.h.t.HelmChartContainer - [POD] test-hivemq-platform-0 [ee2c1bc8-e8f8-49a3-8e51-d3457a2f9d26] in helmcontainersecuritycontextupgradeplatformit was MODIFIED
2025-01-28 23:41:08,036 INFO c.h.h.t.HelmChartContainer - [K3S] [scope.go:117] "RemoveContainer" containerID="f3f320861378b86c3a5b084092ab25b11a825d29204fcb4fec93de312bdbb331"
2025-01-28 23:41:08,107 INFO c.h.h.t.HelmChartContainer - [K3S] [reconciler_common.go:162] "operationExecutor.UnmountVolume started for volume \"operator-init\" (UniqueName: \"kubernetes.io/empty-dir/ee2c1bc8-e8f8-49a3-8e51-d3457a2f9d26-operator-init\") pod \"ee2c1bc8-e8f8-49a3-8e51-d3457a2f9d26\" (UID: \"ee2c1bc8-e8f8-49a3-8e51-d3457a2f9d26\") "
2025-01-28 23:41:08,107 INFO c.h.h.t.HelmChartContainer - [K3S] [reconciler_common.go:162] "operationExecutor.UnmountVolume started for volume \"pod-info\" (UniqueName: \"kubernetes.io/configmap/ee2c1bc8-e8f8-49a3-8e51-d3457a2f9d26-pod-info\") pod \"ee2c1bc8-e8f8-49a3-8e51-d3457a2f9d26\" (UID: \"ee2c1bc8-e8f8-49a3-8e51-d3457a2f9d26\") "
2025-01-28 23:41:08,107 INFO c.h.h.t.HelmChartContainer - [K3S] [reconciler_common.go:162] "operationExecutor.UnmountVolume started for volume \"kube-api-access-f7nzt\" (UniqueName: \"kubernetes.io/projected/ee2c1bc8-e8f8-49a3-8e51-d3457a2f9d26-kube-api-access-f7nzt\") pod \"ee2c1bc8-e8f8-49a3-8e51-d3457a2f9d26\" (UID: \"ee2c1bc8-e8f8-49a3-8e51-d3457a2f9d26\") "
2025-01-28 23:41:08,107 INFO c.h.h.t.HelmChartContainer - [K3S] [reconciler_common.go:162] "operationExecutor.UnmountVolume started for volume \"broker-configuration\" (UniqueName: \"kubernetes.io/configmap/ee2c1bc8-e8f8-49a3-8e51-d3457a2f9d26-broker-configuration\") pod \"ee2c1bc8-e8f8-49a3-8e51-d3457a2f9d26\" (UID: \"ee2c1bc8-e8f8-49a3-8e51-d3457a2f9d26\") "
2025-01-28 23:41:08,133 INFO c.h.h.t.HelmChartContainer - [K3S] [scope.go:117] "RemoveContainer" containerID="fedbfb9f14633cbe117f0cdda924e948d88d172402ee4c21d3896026fffdde1b"
2025-01-28 23:41:08,137 INFO c.h.h.t.HelmChartContainer - [K3S] [scope.go:117] "RemoveContainer" containerID="f3f320861378b86c3a5b084092ab25b11a825d29204fcb4fec93de312bdbb331"
2025-01-28 23:41:08,137 INFO c.h.h.t.HelmChartContainer - [K3S] [scope.go:117] "RemoveContainer" containerID="fedbfb9f14633cbe117f0cdda924e948d88d172402ee4c21d3896026fffdde1b"
2025-01-28 23:41:08,205 INFO c.h.h.t.HelmChartContainer - [K3S] [reconciler_common.go:299] "Volume detached for volume \"operator-init\" (UniqueName: \"kubernetes.io/empty-dir/ee2c1bc8-e8f8-49a3-8e51-d3457a2f9d26-operator-init\") on node \"6b15a01a10f5\" DevicePath \"\""
2025-01-28 23:41:08,205 INFO c.h.h.t.HelmChartContainer - [K3S] [reconciler_common.go:299] "Volume detached for volume \"pod-info\" (UniqueName: \"kubernetes.io/configmap/ee2c1bc8-e8f8-49a3-8e51-d3457a2f9d26-pod-info\") on node \"6b15a01a10f5\" DevicePath \"\""
2025-01-28 23:41:08,205 INFO c.h.h.t.HelmChartContainer - [K3S] [reconciler_common.go:299] "Volume detached for volume \"kube-api-access-f7nzt\" (UniqueName: \"kubernetes.io/projected/ee2c1bc8-e8f8-49a3-8e51-d3457a2f9d26-kube-api-access-f7nzt\") on node \"6b15a01a10f5\" DevicePath \"\""
2025-01-28 23:41:08,205 INFO c.h.h.t.HelmChartContainer - [K3S] [reconciler_common.go:299] "Volume detached for volume \"broker-configuration\" (UniqueName: \"kubernetes.io/configmap/ee2c1bc8-e8f8-49a3-8e51-d3457a2f9d26-broker-configuration\") on node \"6b15a01a10f5\" DevicePath \"\""
2025-01-28 23:41:08,349 INFO c.h.h.t.HelmChartContainer - [POD] test-hivemq-platform-0 [ee2c1bc8-e8f8-49a3-8e51-d3457a2f9d26] in helmcontainersecuritycontextupgradeplatformit was MODIFIED
2025-01-28 23:41:08,353 INFO c.h.h.t.HelmChartContainer - [POD] test-hivemq-platform-0 [ee2c1bc8-e8f8-49a3-8e51-d3457a2f9d26] in helmcontainersecuritycontextupgradeplatformit was DELETED
2025-01-28 23:41:09,347 INFO c.h.h.t.HelmChartContainer - [K3S] [kubelet_volumes.go:163] "Cleaned up orphaned pod volumes dir" podUID="ee2c1bc8-e8f8-49a3-8e51-d3457a2f9d26" path="/var/lib/kubelet/pods/ee2c1bc8-e8f8-49a3-8e51-d3457a2f9d26/volumes"
2025-01-28 23:41:12,237 INFO c.h.h.t.HelmChartContainer - Namespace 'helmcontainersecuritycontextupgradeplatformit' deleted
2025-01-28 23:41:12,237 INFO c.h.h.t.HelmChartContainer - Release 'test-hivemq-platform' in namespace 'helmcontainersecuritycontextupgradeplatformit' is uninstalled
2025-01-28 23:41:12,237 INFO c.h.h.t.HelmChartContainer - Uninstalling release 'test-hivemq-platform-operator' in namespace 'helmcontainersecuritycontextupgradeplatformit-operator'...
2025-01-28 23:41:12,237 DEBUG c.h.h.t.HelmChartContainer - Executing helm command: /bin/helm --kubeconfig /etc/rancher/k3s/k3s.yaml uninstall test-hivemq-platform-operator  --wait --timeout 5m0s --cascade foreground --namespace helmcontainersecuritycontextupgradeplatformit-operator
2025-01-28 23:41:12,401 INFO c.h.h.t.HelmChartContainer - [K3S] [replica_set.go:679] "Finished syncing" kind="ReplicaSet" key="helmcontainersecuritycontextupgradeplatformit-operator/hivemq-test-hivemq-platform-operator-85995884cf" duration="13.396654ms"
2025-01-28 23:41:12,401 INFO c.h.h.t.HelmChartContainer - [K3S] [replica_set.go:679] "Finished syncing" kind="ReplicaSet" key="helmcontainersecuritycontextupgradeplatformit-operator/hivemq-test-hivemq-platform-operator-85995884cf" duration="36.839µs"
2025-01-28 23:41:12,410 INFO c.h.h.t.HelmChartContainer - [POD] hivemq-test-hivemq-platform-operator-85995884cf-56pb4 [669ffea5-8227-450a-98f4-5349aef33903] in helmcontainersecuritycontextupgradeplatformit-operator was MODIFIED
2025-01-28 23:41:12,429 INFO c.h.h.t.HelmChartContainer - [hivemq-test-hivemq-platform] [hivemq-platform-operator] [669ffea5] 23:41:12.425 [application-shutdown-thread] INFO  c.h.p.o.HiveMQPlatformOperatorApplication - HiveMQ Platform Operator is stopping...
2025-01-28 23:41:12,429 INFO c.h.h.t.HelmChartContainer - [hivemq-test-hivemq-platform] [hivemq-platform-operator] [669ffea5] 23:41:12.426 [application-shutdown-thread] INFO  i.javaoperatorsdk.operator.Operator - Operator SDK 4.9.7 is shutting down...
2025-01-28 23:41:12,429 INFO c.h.h.t.HelmChartContainer - [EVENT] Normal [Killing] Stopping container hivemq-platform-operator [helmcontainersecuritycontextupgradeplatformit-operator:hivemq-test-hivemq-platform-operator-85995884cf-56pb4]
2025-01-28 23:41:12,430 INFO c.h.h.t.HelmChartContainer - Received Killing event for container hivemq-platform-operator in pod hivemq-test-hivemq-platform-operator-85995884cf-56pb4 [669ffea5-8227-450a-98f4-5349aef33903]
2025-01-28 23:41:12,430 INFO c.h.h.t.HelmChartContainer - Container [hivemq-test-hivemq-platform-operator-85995884cf-56pb4] [hivemq-platform-operator] [669ffea5-8227-450a-98f4-5349aef33903] was terminated
2025-01-28 23:41:12,430 INFO c.h.h.t.HelmChartContainer - Stopped log watcher for hivemq-platform-operator in pod hivemq-test-hivemq-platform-operator-85995884cf-56pb4 [669ffea5-8227-450a-98f4-5349aef33903]
2025-01-28 23:41:12,433 INFO c.h.h.t.HelmChartContainer - [K3S] [replica_set.go:679] "Finished syncing" kind="ReplicaSet" key="helmcontainersecuritycontextupgradeplatformit-operator/hivemq-test-hivemq-platform-operator-85995884cf" duration="22.50333ms"
2025-01-28 23:41:12,436 INFO c.h.h.t.HelmChartContainer - [K3S] [replica_set.go:679] "Finished syncing" kind="ReplicaSet" key="helmcontainersecuritycontextupgradeplatformit-operator/hivemq-test-hivemq-platform-operator-85995884cf" duration="34.154µs"
2025-01-28 23:41:12,979 INFO c.h.h.t.HelmChartContainer - [K3S] [replica_set.go:679] "Finished syncing" kind="ReplicaSet" key="helmcontainersecuritycontextupgradeplatformit-operator/hivemq-test-hivemq-platform-operator-85995884cf" duration="43.491µs"
2025-01-28 23:41:12,980 INFO c.h.h.t.HelmChartContainer - [POD] hivemq-test-hivemq-platform-operator-85995884cf-56pb4 [669ffea5-8227-450a-98f4-5349aef33903] in helmcontainersecuritycontextupgradeplatformit-operator was MODIFIED
2025-01-28 23:41:13,030 INFO c.h.h.t.HelmChartContainer - [K3S] [reconciler_common.go:162] "operationExecutor.UnmountVolume started for volume \"kube-api-access-b5dgv\" (UniqueName: \"kubernetes.io/projected/669ffea5-8227-450a-98f4-5349aef33903-kube-api-access-b5dgv\") pod \"669ffea5-8227-450a-98f4-5349aef33903\" (UID: \"669ffea5-8227-450a-98f4-5349aef33903\") "
2025-01-28 23:41:13,043 INFO c.h.h.t.HelmChartContainer - [K3S] [scope.go:117] "RemoveContainer" containerID="9dab9f7096a7ee2cb0d8cba20572d31258b8db76ec5bb001bdcaee053980e36c"
2025-01-28 23:41:13,047 INFO c.h.h.t.HelmChartContainer - [K3S] [scope.go:117] "RemoveContainer" containerID="9dab9f7096a7ee2cb0d8cba20572d31258b8db76ec5bb001bdcaee053980e36c"
2025-01-28 23:41:13,056 INFO c.h.h.t.HelmChartContainer - [K3S] [replica_set.go:679] "Finished syncing" kind="ReplicaSet" key="helmcontainersecuritycontextupgradeplatformit-operator/hivemq-test-hivemq-platform-operator-85995884cf" duration="42.309µs"
2025-01-28 23:41:13,056 INFO c.h.h.t.HelmChartContainer - [POD] hivemq-test-hivemq-platform-operator-85995884cf-56pb4 [669ffea5-8227-450a-98f4-5349aef33903] in helmcontainersecuritycontextupgradeplatformit-operator was MODIFIED
2025-01-28 23:41:13,058 INFO c.h.h.t.HelmChartContainer - [POD] hivemq-test-hivemq-platform-operator-85995884cf-56pb4 [669ffea5-8227-450a-98f4-5349aef33903] in helmcontainersecuritycontextupgradeplatformit-operator was DELETED
2025-01-28 23:41:13,058 INFO c.h.h.t.HelmChartContainer - [K3S] [replica_set.go:679] "Finished syncing" kind="ReplicaSet" key="helmcontainersecuritycontextupgradeplatformit-operator/hivemq-test-hivemq-platform-operator-85995884cf" duration="31.508µs"
2025-01-28 23:41:13,079 INFO c.h.h.t.HelmChartContainer - [K3S] [replica_set.go:679] "Finished syncing" kind="ReplicaSet" key="helmcontainersecuritycontextupgradeplatformit-operator/hivemq-test-hivemq-platform-operator-85995884cf" duration="95.88µs"
2025-01-28 23:41:13,132 INFO c.h.h.t.HelmChartContainer - [K3S] [reconciler_common.go:299] "Volume detached for volume \"kube-api-access-b5dgv\" (UniqueName: \"kubernetes.io/projected/669ffea5-8227-450a-98f4-5349aef33903-kube-api-access-b5dgv\") on node \"6b15a01a10f5\" DevicePath \"\""
2025-01-28 23:41:13,348 INFO c.h.h.t.HelmChartContainer - [K3S] [kubelet_volumes.go:163] "Cleaned up orphaned pod volumes dir" podUID="669ffea5-8227-450a-98f4-5349aef33903" path="/var/lib/kubelet/pods/669ffea5-8227-450a-98f4-5349aef33903/volumes"
2025-01-28 23:41:14,460 INFO c.h.h.t.HelmChartContainer - Deleting namespace 'helmcontainersecuritycontextupgradeplatformit-operator'...
2025-01-28 23:41:17,159 INFO c.h.h.t.HelmChartContainer - [K3S] [namespace_controller.go:187] "Namespace has been deleted" namespace="helmcontainersecuritycontextupgradeplatformit"
2025-01-28 23:41:19,679 INFO c.h.h.t.HelmChartContainer - Namespace 'helmcontainersecuritycontextupgradeplatformit-operator' deleted
2025-01-28 23:41:19,679 INFO c.h.h.t.HelmChartContainer - Release 'test-hivemq-platform-operator' in namespace 'helmcontainersecuritycontextupgradeplatformit-operator' is uninstalled
2025-01-28 23:41:20,493 INFO c.h.helmcharts.AbstractHelmChartIT - Removed unused containers:

2025-01-28 23:41:24,585 INFO c.h.h.t.HelmChartContainer - [K3S] [namespace_controller.go:187] "Namespace has been deleted" namespace="helmcontainersecuritycontextupgradeplatformit-operator"
2025-01-28 23:41:28,440 INFO c.h.helmcharts.AbstractHelmChartIT - Removed unused snapshots:
Removing snapshot sha256:03af251906410714c5aef9fa705b63f6bbc39c4a5e787de7361eeb18886c2ed2
Removing snapshot sha256:0c46b3b43cce082ce5ec34ffc6c294e0417d17b9d1e6f366d114b6aadc4f96dc
Removing snapshot sha256:0ce761beee59082d6ed5bcebd3a805b8ddd9b3426b617e4809e7fb7c6587ffec
Removing snapshot sha256:0df91287303208332c8ff6ba40ae4710105201739addbfbddfb955f1ad593664
Removing snapshot sha256:1021ef88c7974bfff89c5a0ec4fd3160daac6c48a075f74cff721f85dd104e68
Removing snapshot sha256:10aba4953ddc18145dd38e3704709bc464aa20af60b56fe52caaff4b68411e62
Removing snapshot sha256:2573e0d8158209ed54ab25c87bcdcb00bd3d2539246960a3d592a1c599d70465
Removing snapshot sha256:362a8a37f8bbc31925a8146adcf7cf51f9882f5c1dcbef67c5baa03a297543c0
Removing snapshot sha256:3bb6c53657ba1e82801cd2c438fffda220debdd67c49431d796ef1780e643784
Removing snapshot sha256:3fa4ad33f0ddc8fd45b39b6b4640f82a3a83619606cd975bfe89d8710ad2d4cd
Removing snapshot sha256:43a7c979bbaba6838bc3102d6b10a1459f3ab050b87ccdfef84ef90cf43d3058
Removing snapshot sha256:4ab04491cdf0d3267f08206fe30bd48f49f94b9cab2f016d6739220f722a64af
Removing snapshot sha256:4b6068250e89c96f263060261819c7d912855bfbd64b3eb4c4a8483299b8c295
Removing snapshot sha256:580e69a0a8034ede1921139bbd2bfb72a69ebf276d008281896c32dd8bf74775
Removing snapshot sha256:5d30ba46b27fe37484567ccc5242cadc78217b8da605f3f195ef25cbf7487904
Removing snapshot sha256:63ca1fbb43ae5034640e5e6cb3e083e05c290072c5366fcaa9d62435a4cced85
Removing snapshot sha256:67f702c6baae873bceb19487c8b1f27bd2b86077e4f2f0e480e6d60ab508b8f5
Removing snapshot sha256:6864348dd42806d552efdec384f1274be15e2d0c10ce44c1f04347af004c10a9
Removing snapshot sha256:6c7dee8f2c39b84b7dc2711c01d33de93514d9055499173e9290176fbe484b6c
Removing snapshot sha256:82753493a6d61ded36556292f02f31841a14c20d2f279f19eaad65afb661d5cd
Removing snapshot sha256:8a10d3db42c505ee0fcfa98417bdd7e39b304f6bcc0a06bb1b220797ff2cc63c
Removing snapshot sha256:a21e5b12dbac529ad45d976eb9ce45c881f3bedcc500fb30aba1e52aa1813418
Removing snapshot sha256:b921e6c28969094157f9b8e7244677780319637afd14450b7cb6b2fdea558a0c
Removing snapshot sha256:b9e45c120589ce6df0b01518730913d24e5a23d9bd5bb2e6e1b05e3fbcdd8475
Removing snapshot sha256:bc27ecb5769a00e309cf99ebc763c4a4b958b618d1decc96ffac5bc05f02f5b7
Removing snapshot sha256:be3ccb6627a5332e309d45ef461d09b4879dd870c7394d89323d0ebc6ca6aa8a
Removing snapshot sha256:c261f7cbbc64211ee175ee47273acdb7b1a36a4450b397a064a8f2c026490095
Removing snapshot sha256:c34d9393647eea0c9e3557ab988efaf59f61d10a2a5613b439ef0958cca5ec10
Removing snapshot sha256:ccf3c4a0fa967a41c1c83497a2ce6fa5787965859df0adb32c4ca2cf7490bc2b
Removing snapshot sha256:cf92d33f869417309692088c341cd0f223c178ea78a125f757317b22aa8f90e9
Removing snapshot sha256:d0037344cf2fb078884f1849f6a1f8cf9a33a3b6139b6a85833e5ee528e1f9a8
Removing snapshot sha256:d3b36d5b79273b1e98e7700470eaeff05a882e777124d84cebcc1505b85ecb36
Removing snapshot sha256:d65a44a37914602d12c611e5e22a50f11451d847e63015cc1c2aef92dee777a4
Removing snapshot sha256:e2dc0bae2455930f23ae570e019b7f32edc75c0f2d71cab084db837ff9051796
Removing snapshot sha256:eccbd24a99c60cd9e86ee5305dbfc4a4dc89f5ab4fb1f06c8d64797cecedef34
Removing snapshot sha256:f144bb4c7c7f0d2aa7eeffd36d934ec40db1ee167be727e326aad9fdc616f475

]]></system-out>
  </testcase>
  <system-out><![CDATA[2025-01-28 23:33:10,761 INFO c.h.h.t.HelmChartContainerExtension - Using cached HelmChartContainer instance
2025-01-28 23:33:10,767 INFO c.h.h.t.HelmChartContainerExtension - Creating cached HelmChartContainer instance
2025-01-28 23:33:10,790 INFO o.testcontainers.DockerClientFactory - Testcontainers version: 1.20.4
2025-01-28 23:33:11,186 INFO o.t.d.DockerClientProviderStrategy - Found Docker environment with local Unix socket (unix:///var/run/docker.sock)
2025-01-28 23:33:11,197 INFO o.testcontainers.DockerClientFactory - Docker host IP address is localhost
2025-01-28 23:33:11,211 INFO o.testcontainers.DockerClientFactory - Connected to docker: 
  Server Version: 26.1.3
  API Version: 1.45
  Operating System: Ubuntu 24.04.1 LTS
  Total Memory: 15990 MB
2025-01-28 23:33:11,216 INFO o.testcontainers.images.PullPolicy - Image pull policy will be performed by: DefaultPullPolicy()
2025-01-28 23:33:11,218 INFO o.t.utility.ImageNameSubstitutor - Image name substitution will be performed by: DefaultImageNameSubstitutor (composite of 'ConfigurationFileImageNameSubstitutor' and 'PrefixingImageNameSubstitutor')
2025-01-28 23:33:11,243 INFO tc.testcontainers/ryuk:0.11.0 - Pulling docker image: testcontainers/ryuk:0.11.0. Please be patient; this may take some time but only needs to be done once.
2025-01-28 23:33:12,258 INFO tc.testcontainers/ryuk:0.11.0 - Starting to pull image
2025-01-28 23:33:12,283 INFO tc.testcontainers/ryuk:0.11.0 - Pulling image layers:  0 pending,  0 downloaded,  0 extracted, (0 bytes/0 bytes)
2025-01-28 23:33:12,800 INFO tc.testcontainers/ryuk:0.11.0 - Pulling image layers:  2 pending,  1 downloaded,  0 extracted, (115 KB/? MB)
2025-01-28 23:33:12,809 INFO tc.testcontainers/ryuk:0.11.0 - Pulling image layers:  1 pending,  2 downloaded,  0 extracted, (115 KB/? MB)
2025-01-28 23:33:12,829 INFO tc.testcontainers/ryuk:0.11.0 - Pulling image layers:  0 pending,  3 downloaded,  0 extracted, (143 KB/10 MB)
2025-01-28 23:33:12,910 INFO tc.testcontainers/ryuk:0.11.0 - Pulling image layers:  0 pending,  3 downloaded,  1 extracted, (3 MB/10 MB)
2025-01-28 23:33:13,048 INFO tc.testcontainers/ryuk:0.11.0 - Pulling image layers:  0 pending,  3 downloaded,  2 extracted, (4 MB/10 MB)
2025-01-28 23:33:13,092 INFO tc.testcontainers/ryuk:0.11.0 - Pulling image layers:  0 pending,  3 downloaded,  3 extracted, (10 MB/10 MB)
2025-01-28 23:33:13,098 INFO tc.testcontainers/ryuk:0.11.0 - Image testcontainers/ryuk:0.11.0 pull took PT1.854754839S
2025-01-28 23:33:13,113 INFO tc.testcontainers/ryuk:0.11.0 - Creating container for image: testcontainers/ryuk:0.11.0
2025-01-28 23:33:13,170 INFO tc.testcontainers/ryuk:0.11.0 - Container testcontainers/ryuk:0.11.0 is starting: 3e2fb085b5f4d57de213983fed8bc2dcec5b662910e82ac68d24e752c9950520
2025-01-28 23:33:13,430 INFO tc.testcontainers/ryuk:0.11.0 - Container testcontainers/ryuk:0.11.0 started in PT0.317604927S
2025-01-28 23:33:13,434 INFO o.t.utility.RyukResourceReaper - Ryuk started - will monitor and terminate Testcontainers containers on JVM exit
2025-01-28 23:33:13,434 INFO o.testcontainers.DockerClientFactory - Checking the system...
2025-01-28 23:33:13,435 INFO o.testcontainers.DockerClientFactory - ✔︎ Docker server version should be at least 1.6.0
2025-01-28 23:33:13,512 INFO o.t.i.builder.ImageFromDockerfile - Pre-emptively checking local images for 'ubuntu:noble-20241118.1@sha256:80dd3c3b9c6cecb9f1667e9290b3bc61b78c2678c02cbdae5f0fea92cc6734ab', referenced via a Dockerfile. If not available, it will be pulled.
2025-01-28 23:33:13,515 INFO t.u.1@sha256:80dd3c... - Pulling docker image: ubuntu:noble-20241118.1@sha256:80dd3c3b9c6cecb9f1667e9290b3bc61b78c2678c02cbdae5f0fea92cc6734ab. Please be patient; this may take some time but only needs to be done once.
2025-01-28 23:33:14,212 INFO t.u.1@sha256:80dd3c... - Starting to pull image
2025-01-28 23:33:14,213 INFO t.u.1@sha256:80dd3c... - Pulling image layers:  0 pending,  0 downloaded,  0 extracted, (0 bytes/0 bytes)
2025-01-28 23:33:14,908 INFO t.u.1@sha256:80dd3c... - Pulling image layers:  0 pending,  1 downloaded,  0 extracted, (12 MB/28 MB)
2025-01-28 23:33:15,826 INFO t.u.1@sha256:80dd3c... - Pulling image layers:  0 pending,  1 downloaded,  1 extracted, (28 MB/28 MB)
2025-01-28 23:33:15,832 INFO t.u.1@sha256:80dd3c... - Pull complete. 1 layers, pulled in 1s (downloaded 28 MB at 28 MB/s)
2025-01-28 23:33:15,832 INFO t.u.1@sha256:80dd3c... - Image ubuntu:noble-20241118.1@sha256:80dd3c3b9c6cecb9f1667e9290b3bc61b78c2678c02cbdae5f0fea92cc6734ab pull took PT2.316463539S
2025-01-28 23:33:15,835 INFO o.t.i.builder.ImageFromDockerfile - Pre-emptively checking local images for 'rancher/k3s:v1.32.1-k3s1', referenced via a Dockerfile. If not available, it will be pulled.
2025-01-28 23:33:15,836 INFO tc.rancher/k3s:v1.32.1-k3s1 - Pulling docker image: rancher/k3s:v1.32.1-k3s1. Please be patient; this may take some time but only needs to be done once.
2025-01-28 23:33:16,842 INFO tc.rancher/k3s:v1.32.1-k3s1 - Starting to pull image
2025-01-28 23:33:16,843 INFO tc.rancher/k3s:v1.32.1-k3s1 - Pulling image layers:  0 pending,  0 downloaded,  0 extracted, (0 bytes/0 bytes)
2025-01-28 23:33:17,827 INFO tc.rancher/k3s:v1.32.1-k3s1 - Pulling image layers:  0 pending,  1 downloaded,  0 extracted, (60 MB/71 MB)
2025-01-28 23:33:18,865 INFO tc.rancher/k3s:v1.32.1-k3s1 - Pulling image layers:  0 pending,  1 downloaded,  1 extracted, (71 MB/71 MB)
2025-01-28 23:33:18,873 INFO tc.rancher/k3s:v1.32.1-k3s1 - Pull complete. 1 layers, pulled in 2s (downloaded 71 MB at 35 MB/s)
2025-01-28 23:33:18,873 INFO tc.rancher/k3s:v1.32.1-k3s1 - Image rancher/k3s:v1.32.1-k3s1 pull took PT3.037422107S
2025-01-28 23:33:18,880 INFO o.t.i.builder.ImageFromDockerfile - Transferred 0 bytes to Docker daemon
2025-01-28 23:33:34,017 INFO c.h.h.t.HelmChartContainer - Starting HelmChartContainer...
2025-01-28 23:33:34,020 INFO t.localhost/testcontainers/ifgnkrvsbsqpqsbk:latest - Creating container for image: localhost/testcontainers/ifgnkrvsbsqpqsbk:latest
2025-01-28 23:33:34,092 INFO tc.alpine:3.17 - Pulling docker image: alpine:3.17. Please be patient; this may take some time but only needs to be done once.
2025-01-28 23:33:35,084 INFO tc.alpine:3.17 - Starting to pull image
2025-01-28 23:33:35,085 INFO tc.alpine:3.17 - Pulling image layers:  0 pending,  0 downloaded,  0 extracted, (0 bytes/0 bytes)
2025-01-28 23:33:35,644 INFO tc.alpine:3.17 - Pulling image layers:  0 pending,  1 downloaded,  0 extracted, (33 KB/3 MB)
2025-01-28 23:33:35,741 INFO tc.alpine:3.17 - Pulling image layers:  0 pending,  1 downloaded,  1 extracted, (3 MB/3 MB)
2025-01-28 23:33:35,747 INFO tc.alpine:3.17 - Image alpine:3.17 pull took PT1.655062117S
2025-01-28 23:33:36,286 INFO t.localhost/testcontainers/ifgnkrvsbsqpqsbk:latest - Container localhost/testcontainers/ifgnkrvsbsqpqsbk:latest is starting: 6b15a01a10f5dca331fe6507493fc9a394b97a6e690c8f5f1fb9f08968c0f7df
2025-01-28 23:33:36,637 INFO c.h.h.t.HelmChartContainer - [K3S] [INFO] Starting k3s v1.32.1+k3s1 (6a322f12)
2025-01-28 23:33:36,640 INFO c.h.h.t.HelmChartContainer - [K3S] [INFO] Configuring sqlite3 database connection pooling: maxIdleConns=2, maxOpenConns=0, connMaxLifetime=0s
2025-01-28 23:33:36,640 INFO c.h.h.t.HelmChartContainer - [K3S] [INFO] Configuring database table schema and indexes, this may take a moment...
2025-01-28 23:33:36,643 INFO c.h.h.t.HelmChartContainer - [K3S] [INFO] Database tables and indexes are up to date
2025-01-28 23:33:36,646 INFO c.h.h.t.HelmChartContainer - [K3S] [INFO] Kine available at unix://kine.sock
2025-01-28 23:33:36,883 INFO c.h.h.t.HelmChartContainer - [K3S] [INFO] Saving cluster bootstrap data to datastore
2025-01-28 23:33:36,883 INFO c.h.h.t.HelmChartContainer - [K3S] [WARNING] dynamiclistener [::]:6443: no cached certificate available for preload - deferring certificate load until storage initialization or first client request
2025-01-28 23:33:36,884 INFO c.h.h.t.HelmChartContainer - [K3S] [INFO] Active TLS secret / (ver=) (count 10): map[listener.cattle.io/cn-10.43.0.1:10.43.0.1 listener.cattle.io/cn-127.0.0.1:127.0.0.1 listener.cattle.io/cn-172.18.0.2:172.18.0.2 listener.cattle.io/cn-6b15a01a10f5:6b15a01a10f5 listener.cattle.io/cn-__1-f16284:::1 listener.cattle.io/cn-kubernetes:kubernetes listener.cattle.io/cn-kubernetes.default:kubernetes.default listener.cattle.io/cn-kubernetes.default.svc:kubernetes.default.svc listener.cattle.io/cn-kubernetes.default.svc.cluster.local:kubernetes.default.svc.cluster.local listener.cattle.io/cn-localhost:localhost listener.cattle.io/fingerprint:SHA1=5E18D9F3F9335011DCEF7F7260AB9F1356F665A6]
2025-01-28 23:33:37,048 INFO c.h.h.t.HelmChartContainer - [K3S] [INFO] Running kube-apiserver --advertise-port=6443 --allow-privileged=true --anonymous-auth=false --api-audiences=https://kubernetes.default.svc.cluster.local,k3s --authorization-mode=Node,RBAC --bind-address=127.0.0.1 --cert-dir=/var/lib/rancher/k3s/server/tls/temporary-certs --client-ca-file=/var/lib/rancher/k3s/server/tls/client-ca.crt --egress-selector-config-file=/var/lib/rancher/k3s/server/etc/egress-selector-config.yaml --enable-admission-plugins=NodeRestriction --enable-aggregator-routing=true --enable-bootstrap-token-auth=true --etcd-compaction-interval=0s --etcd-servers=unix://kine.sock --kubelet-certificate-authority=/var/lib/rancher/k3s/server/tls/server-ca.crt --kubelet-client-certificate=/var/lib/rancher/k3s/server/tls/client-kube-apiserver.crt --kubelet-client-key=/var/lib/rancher/k3s/server/tls/client-kube-apiserver.key --kubelet-preferred-address-types=InternalIP,ExternalIP,Hostname --profiling=false --proxy-client-cert-file=/var/lib/rancher/k3s/server/tls/client-auth-proxy.crt --proxy-client-key-file=/var/lib/rancher/k3s/server/tls/client-auth-proxy.key --requestheader-allowed-names=system:auth-proxy --requestheader-client-ca-file=/var/lib/rancher/k3s/server/tls/request-header-ca.crt --requestheader-extra-headers-prefix=X-Remote-Extra- --requestheader-group-headers=X-Remote-Group --requestheader-username-headers=X-Remote-User --secure-port=6444 --service-account-issuer=https://kubernetes.default.svc.cluster.local --service-account-key-file=/var/lib/rancher/k3s/server/tls/service.key --service-account-signing-key-file=/var/lib/rancher/k3s/server/tls/service.current.key --service-cluster-ip-range=10.43.0.0/16 --service-node-port-range=30000-32767 --storage-backend=etcd3 --tls-cert-file=/var/lib/rancher/k3s/server/tls/serving-kube-apiserver.crt --tls-cipher-suites=TLS_ECDHE_ECDSA_WITH_AES_256_GCM_SHA384,TLS_ECDHE_RSA_WITH_AES_256_GCM_SHA384,TLS_ECDHE_ECDSA_WITH_AES_128_GCM_SHA256,TLS_ECDHE_RSA_WITH_AES_128_GCM_SHA256,TLS_ECDHE_ECDSA_WITH_CHACHA20_POLY1305,TLS_ECDHE_RSA_WITH_CHACHA20_POLY1305 --tls-private-key-file=/var/lib/rancher/k3s/server/tls/serving-kube-apiserver.key
2025-01-28 23:33:37,050 INFO c.h.h.t.HelmChartContainer - [K3S] [INFO] Running kube-scheduler --authentication-kubeconfig=/var/lib/rancher/k3s/server/cred/scheduler.kubeconfig --authorization-kubeconfig=/var/lib/rancher/k3s/server/cred/scheduler.kubeconfig --bind-address=127.0.0.1 --kubeconfig=/var/lib/rancher/k3s/server/cred/scheduler.kubeconfig --leader-elect=false --profiling=false --secure-port=10259
2025-01-28 23:33:37,051 INFO c.h.h.t.HelmChartContainer - [K3S] [INFO] Waiting for API server to become available
2025-01-28 23:33:37,051 INFO c.h.h.t.HelmChartContainer - [K3S] [registry.go:256] calling componentGlobalsRegistry.AddFlags more than once, the registry will be set by the latest flags
2025-01-28 23:33:37,052 INFO c.h.h.t.HelmChartContainer - [K3S] [INFO] Running kube-controller-manager --allocate-node-cidrs=true --authentication-kubeconfig=/var/lib/rancher/k3s/server/cred/controller.kubeconfig --authorization-kubeconfig=/var/lib/rancher/k3s/server/cred/controller.kubeconfig --bind-address=127.0.0.1 --cluster-cidr=10.42.0.0/16 --cluster-signing-kube-apiserver-client-cert-file=/var/lib/rancher/k3s/server/tls/client-ca.nochain.crt --cluster-signing-kube-apiserver-client-key-file=/var/lib/rancher/k3s/server/tls/client-ca.key --cluster-signing-kubelet-client-cert-file=/var/lib/rancher/k3s/server/tls/client-ca.nochain.crt --cluster-signing-kubelet-client-key-file=/var/lib/rancher/k3s/server/tls/client-ca.key --cluster-signing-kubelet-serving-cert-file=/var/lib/rancher/k3s/server/tls/server-ca.nochain.crt --cluster-signing-kubelet-serving-key-file=/var/lib/rancher/k3s/server/tls/server-ca.key --cluster-signing-legacy-unknown-cert-file=/var/lib/rancher/k3s/server/tls/server-ca.nochain.crt --cluster-signing-legacy-unknown-key-file=/var/lib/rancher/k3s/server/tls/server-ca.key --configure-cloud-routes=false --controllers=*,tokencleaner,-service,-route,-cloud-node-lifecycle --kubeconfig=/var/lib/rancher/k3s/server/cred/controller.kubeconfig --leader-elect=false --profiling=false --root-ca-file=/var/lib/rancher/k3s/server/tls/server-ca.crt --secure-port=10257 --service-account-private-key-file=/var/lib/rancher/k3s/server/tls/service.current.key --service-cluster-ip-range=10.43.0.0/16 --use-service-account-credentials=true
2025-01-28 23:33:37,053 INFO c.h.h.t.HelmChartContainer - [K3S] [registry.go:256] calling componentGlobalsRegistry.AddFlags more than once, the registry will be set by the latest flags
2025-01-28 23:33:37,053 INFO c.h.h.t.HelmChartContainer - [K3S] [options.go:299] unable to set WatchListClient feature gate, err: cannot override default for feature "WatchListClient": gates already added to a flag set
2025-01-28 23:33:37,054 INFO c.h.h.t.HelmChartContainer - [K3S] [registry.go:256] calling componentGlobalsRegistry.AddFlags more than once, the registry will be set by the latest flags
2025-01-28 23:33:37,054 INFO c.h.h.t.HelmChartContainer - [K3S] [INFO] Running cloud-controller-manager --allocate-node-cidrs=true --authentication-kubeconfig=/var/lib/rancher/k3s/server/cred/cloud-controller.kubeconfig --authorization-kubeconfig=/var/lib/rancher/k3s/server/cred/cloud-controller.kubeconfig --bind-address=127.0.0.1 --cloud-config=/var/lib/rancher/k3s/server/etc/cloud-config.yaml --cloud-provider=k3s --cluster-cidr=10.42.0.0/16 --configure-cloud-routes=false --controllers=*,-route --kubeconfig=/var/lib/rancher/k3s/server/cred/cloud-controller.kubeconfig --leader-elect=false --leader-elect-resource-name=k3s-cloud-controller-manager --node-status-update-frequency=1m0s --profiling=false
2025-01-28 23:33:37,054 INFO c.h.h.t.HelmChartContainer - [K3S] [INFO] Server node token is available at /var/lib/rancher/k3s/server/token
2025-01-28 23:33:37,055 INFO c.h.h.t.HelmChartContainer - [K3S] [INFO] To join server node to cluster: k3s server -s https://172.18.0.2:6443 -t ${SERVER_NODE_TOKEN}
2025-01-28 23:33:37,055 INFO c.h.h.t.HelmChartContainer - [K3S] [INFO] Agent node token is available at /var/lib/rancher/k3s/server/agent-token
2025-01-28 23:33:37,055 INFO c.h.h.t.HelmChartContainer - [K3S] [INFO] To join agent node to cluster: k3s agent -s https://172.18.0.2:6443 -t ${AGENT_NODE_TOKEN}
2025-01-28 23:33:37,055 INFO c.h.h.t.HelmChartContainer - [K3S] [options.go:238] external host was not specified, using 172.18.0.2
2025-01-28 23:33:37,055 INFO c.h.h.t.HelmChartContainer - [K3S] [INFO] Wrote kubeconfig /etc/rancher/k3s/k3s.yaml
2025-01-28 23:33:37,055 INFO c.h.h.t.HelmChartContainer - [K3S] [INFO] Run: k3s kubectl
2025-01-28 23:33:37,058 INFO c.h.h.t.HelmChartContainer - [K3S] [server.go:151] Version: v1.32.1+k3s1
2025-01-28 23:33:37,058 INFO c.h.h.t.HelmChartContainer - [K3S] [server.go:153] "Golang settings" GOGC="" GOMAXPROCS="" GOTRACEBACK=""
2025-01-28 23:33:37,384 INFO c.h.h.t.HelmChartContainer - [K3S] [plugins.go:157] Loaded 13 mutating admission controller(s) successfully in the following order: NamespaceLifecycle,LimitRanger,ServiceAccount,NodeRestriction,TaintNodesByCondition,Priority,DefaultTolerationSeconds,DefaultStorageClass,StorageObjectInUseProtection,RuntimeClass,DefaultIngressClass,MutatingAdmissionPolicy,MutatingAdmissionWebhook.
2025-01-28 23:33:37,384 INFO c.h.h.t.HelmChartContainer - [K3S] [plugins.go:160] Loaded 13 validating admission controller(s) successfully in the following order: LimitRanger,ServiceAccount,PodSecurity,Priority,PersistentVolumeClaimResize,RuntimeClass,CertificateApproval,CertificateSigning,ClusterTrustBundleAttest,CertificateSubjectRestriction,ValidatingAdmissionPolicy,ValidatingAdmissionWebhook,ResourceQuota.
2025-01-28 23:33:37,385 INFO c.h.h.t.HelmChartContainer - [K3S] [instance.go:233] Using reconciler: lease
2025-01-28 23:33:37,451 INFO c.h.h.t.HelmChartContainer - [K3S] [apis.go:106] API group "internal.apiserver.k8s.io" is not enabled, skipping.
2025-01-28 23:33:37,491 INFO c.h.h.t.HelmChartContainer - [K3S] [apis.go:106] API group "storagemigration.k8s.io" is not enabled, skipping.
2025-01-28 23:33:37,523 INFO c.h.h.t.HelmChartContainer - [K3S] [apis.go:106] API group "resource.k8s.io" is not enabled, skipping.
2025-01-28 23:33:37,683 INFO c.h.h.t.HelmChartContainer - [K3S] [INFO] Password verified locally for node 6b15a01a10f5
2025-01-28 23:33:37,857 INFO c.h.h.t.HelmChartContainer - [K3S] [dynamic_cafile_content.go:161] "Starting controller" name="request-header::/var/lib/rancher/k3s/server/tls/request-header-ca.crt"
2025-01-28 23:33:37,857 INFO c.h.h.t.HelmChartContainer - [K3S] [secure_serving.go:213] Serving securely on 127.0.0.1:6444
2025-01-28 23:33:37,858 INFO c.h.h.t.HelmChartContainer - [K3S] [tlsconfig.go:243] "Starting DynamicServingCertificateController"
2025-01-28 23:33:37,858 INFO c.h.h.t.HelmChartContainer - [K3S] [apf_controller.go:377] Starting API Priority and Fairness config controller
2025-01-28 23:33:37,860 INFO c.h.h.t.HelmChartContainer - [K3S] [local_available_controller.go:156] Starting LocalAvailability controller
2025-01-28 23:33:37,860 INFO c.h.h.t.HelmChartContainer - [K3S] [aggregator.go:169] waiting for initial CRD sync...
2025-01-28 23:33:37,860 INFO c.h.h.t.HelmChartContainer - [K3S] [customresource_discovery_controller.go:292] Starting DiscoveryController
2025-01-28 23:33:37,860 INFO c.h.h.t.HelmChartContainer - [K3S] [cluster_authentication_trust_controller.go:462] Starting cluster_authentication_trust_controller controller
2025-01-28 23:33:37,860 INFO c.h.h.t.HelmChartContainer - [K3S] [gc_controller.go:78] Starting apiserver lease garbage collector
2025-01-28 23:33:37,861 INFO c.h.h.t.HelmChartContainer - [K3S] [dynamic_serving_content.go:135] "Starting controller" name="aggregator-proxy-cert::/var/lib/rancher/k3s/server/tls/client-auth-proxy.crt::/var/lib/rancher/k3s/server/tls/client-auth-proxy.key"
2025-01-28 23:33:37,861 INFO c.h.h.t.HelmChartContainer - [K3S] [controller.go:80] Starting OpenAPI V3 AggregationController
2025-01-28 23:33:37,861 INFO c.h.h.t.HelmChartContainer - [K3S] [remote_available_controller.go:411] Starting RemoteAvailability controller
2025-01-28 23:33:37,861 INFO c.h.h.t.HelmChartContainer - [K3S] [apiservice_controller.go:100] Starting APIServiceRegistrationController
2025-01-28 23:33:37,861 INFO c.h.h.t.HelmChartContainer - [K3S] [controller.go:119] Starting legacy_token_tracking_controller
2025-01-28 23:33:37,861 INFO c.h.h.t.HelmChartContainer - [K3S] [system_namespaces_controller.go:66] Starting system namespaces controller
2025-01-28 23:33:37,861 INFO c.h.h.t.HelmChartContainer - [K3S] [controller.go:78] Starting OpenAPI AggregationController
2025-01-28 23:33:37,861 INFO c.h.h.t.HelmChartContainer - [K3S] [dynamic_serving_content.go:135] "Starting controller" name="serving-cert::/var/lib/rancher/k3s/server/tls/serving-kube-apiserver.crt::/var/lib/rancher/k3s/server/tls/serving-kube-apiserver.key"
2025-01-28 23:33:37,862 INFO c.h.h.t.HelmChartContainer - [K3S] [dynamic_cafile_content.go:161] "Starting controller" name="client-ca-bundle::/var/lib/rancher/k3s/server/tls/client-ca.crt"
2025-01-28 23:33:37,866 INFO c.h.h.t.HelmChartContainer - [K3S] [crdregistration_controller.go:114] Starting crd-autoregister controller
2025-01-28 23:33:37,866 INFO c.h.h.t.HelmChartContainer - [K3S] [controller.go:142] Starting OpenAPI controller
2025-01-28 23:33:37,867 INFO c.h.h.t.HelmChartContainer - [K3S] [controller.go:90] Starting OpenAPI V3 controller
2025-01-28 23:33:37,867 INFO c.h.h.t.HelmChartContainer - [K3S] [naming_controller.go:294] Starting NamingConditionController
2025-01-28 23:33:37,867 INFO c.h.h.t.HelmChartContainer - [K3S] [establishing_controller.go:81] Starting EstablishingController
2025-01-28 23:33:37,867 INFO c.h.h.t.HelmChartContainer - [K3S] [nonstructuralschema_controller.go:195] Starting NonStructuralSchemaConditionController
2025-01-28 23:33:37,867 INFO c.h.h.t.HelmChartContainer - [K3S] [apiapproval_controller.go:189] Starting KubernetesAPIApprovalPolicyConformantConditionController
2025-01-28 23:33:37,867 INFO c.h.h.t.HelmChartContainer - [K3S] [crd_finalizer.go:269] Starting CRDFinalizer
2025-01-28 23:33:37,869 INFO c.h.h.t.HelmChartContainer - [K3S] [dynamic_cafile_content.go:161] "Starting controller" name="client-ca-bundle::/var/lib/rancher/k3s/server/tls/client-ca.crt"
2025-01-28 23:33:37,869 INFO c.h.h.t.HelmChartContainer - [K3S] [dynamic_cafile_content.go:161] "Starting controller" name="request-header::/var/lib/rancher/k3s/server/tls/request-header-ca.crt"
2025-01-28 23:33:37,956 INFO c.h.h.t.HelmChartContainer - [K3S] [controller.go:145] "Failed to ensure lease exists, will retry" err="namespaces \"kube-system\" not found" interval="200ms"
2025-01-28 23:33:37,958 INFO c.h.h.t.HelmChartContainer - [K3S] [apf_controller.go:382] Running API Priority and Fairness config worker
2025-01-28 23:33:37,959 INFO c.h.h.t.HelmChartContainer - [K3S] [apf_controller.go:385] Running API Priority and Fairness periodic rebalancing process
2025-01-28 23:33:37,960 INFO c.h.h.t.HelmChartContainer - [K3S] [handler_discovery.go:451] Starting ResourceDiscoveryManager
2025-01-28 23:33:37,966 INFO c.h.h.t.HelmChartContainer - [K3S] [aggregator.go:171] initial CRD sync complete...
2025-01-28 23:33:37,967 INFO c.h.h.t.HelmChartContainer - [K3S] [autoregister_controller.go:144] Starting autoregister controller
2025-01-28 23:33:37,980 INFO c.h.h.t.HelmChartContainer - [K3S] [policy_source.go:240] refreshing policies
2025-01-28 23:33:38,013 INFO c.h.h.t.HelmChartContainer - [K3S] [controller.go:95] Unable to perform initial Kubernetes service initialization: namespaces "default" not found
2025-01-28 23:33:38,014 INFO c.h.h.t.HelmChartContainer - [K3S] [controller.go:148] "Unhandled Error" err="while syncing ConfigMap \"kube-system/kube-apiserver-legacy-service-account-token-tracking\", err: namespaces \"kube-system\" not found" logger="UnhandledError"
2025-01-28 23:33:38,215 INFO c.h.h.t.HelmChartContainer - [K3S] [WARNING] Host resolv.conf includes loopback or multicast nameservers - kubelet will use autogenerated resolv.conf with nameserver 8.8.8.8
2025-01-28 23:33:38,227 INFO c.h.h.t.HelmChartContainer - [K3S] [INFO] Module overlay was already loaded
2025-01-28 23:33:38,228 INFO c.h.h.t.HelmChartContainer - [K3S] [INFO] Module nf_conntrack was already loaded
2025-01-28 23:33:38,228 INFO c.h.h.t.HelmChartContainer - [K3S] [INFO] Module br_netfilter was already loaded
2025-01-28 23:33:38,232 INFO c.h.h.t.HelmChartContainer - [K3S] [INFO] Set sysctl 'net/netfilter/nf_conntrack_max' to 131072
2025-01-28 23:33:38,232 INFO c.h.h.t.HelmChartContainer - [K3S] [INFO] Set sysctl 'net/netfilter/nf_conntrack_tcp_timeout_established' to 86400
2025-01-28 23:33:38,232 INFO c.h.h.t.HelmChartContainer - [K3S] [INFO] Set sysctl 'net/netfilter/nf_conntrack_tcp_timeout_close_wait' to 3600
2025-01-28 23:33:38,234 INFO c.h.h.t.HelmChartContainer - [K3S] [INFO] Logging containerd to /var/lib/rancher/k3s/agent/containerd/containerd.log
2025-01-28 23:33:38,234 INFO c.h.h.t.HelmChartContainer - [K3S] [INFO] Running containerd -c /var/lib/rancher/k3s/agent/etc/containerd/config.toml -a /run/k3s/containerd/containerd.sock --state /run/k3s/containerd --root /var/lib/rancher/k3s/agent/containerd
2025-01-28 23:33:38,863 INFO c.h.h.t.HelmChartContainer - [K3S] [storage_scheduling.go:95] created PriorityClass system-node-critical with value 2000001000
2025-01-28 23:33:38,867 INFO c.h.h.t.HelmChartContainer - [K3S] [storage_scheduling.go:95] created PriorityClass system-cluster-critical with value 2000000000
2025-01-28 23:33:38,867 INFO c.h.h.t.HelmChartContainer - [K3S] [storage_scheduling.go:111] all system priority classes are created successfully or already exist.
2025-01-28 23:33:39,238 INFO c.h.h.t.HelmChartContainer - [K3S] [INFO] containerd is now running
2025-01-28 23:33:39,243 INFO c.h.h.t.HelmChartContainer - [K3S] [INFO] Connecting to proxy" url="wss://127.0.0.1:6443/v1-k3s/connect
2025-01-28 23:33:39,245 INFO c.h.h.t.HelmChartContainer - [K3S] [INFO] Creating k3s-cert-monitor event broadcaster
2025-01-28 23:33:39,246 INFO c.h.h.t.HelmChartContainer - [K3S] [INFO] Running kubelet --cloud-provider=external --config-dir=/var/lib/rancher/k3s/agent/etc/kubelet.conf.d --containerd=/run/k3s/containerd/containerd.sock --hostname-override=6b15a01a10f5 --kubeconfig=/var/lib/rancher/k3s/agent/kubelet.kubeconfig --node-ip=172.18.0.2 --node-labels=
2025-01-28 23:33:39,246 INFO c.h.h.t.HelmChartContainer - [K3S] [INFO] Handling backend connection request [6b15a01a10f5]
2025-01-28 23:33:39,247 INFO c.h.h.t.HelmChartContainer - [K3S] [INFO] Remotedialer connected to proxy" url="wss://127.0.0.1:6443/v1-k3s/connect
2025-01-28 23:33:39,253 INFO c.h.h.t.HelmChartContainer - [K3S] Flag --containerd has been deprecated, This is a cadvisor flag that was mistakenly registered with the Kubelet. Due to legacy concerns, it will follow the standard CLI deprecation timeline before being removed.
2025-01-28 23:33:39,263 INFO c.h.h.t.HelmChartContainer - [K3S] [server.go:515] "Kubelet version" kubeletVersion="v1.32.1+k3s1"
2025-01-28 23:33:39,264 INFO c.h.h.t.HelmChartContainer - [K3S] [server.go:517] "Golang settings" GOGC="" GOMAXPROCS="" GOTRACEBACK=""
2025-01-28 23:33:39,266 INFO c.h.h.t.HelmChartContainer - [K3S] [dynamic_cafile_content.go:161] "Starting controller" name="client-ca-bundle::/var/lib/rancher/k3s/agent/client-ca.crt"
2025-01-28 23:33:39,269 INFO c.h.h.t.HelmChartContainer - [K3S] [log.go:32] "RuntimeConfig from runtime service failed" err="rpc error: code = Unimplemented desc = method RuntimeConfig not implemented"
2025-01-28 23:33:39,269 INFO c.h.h.t.HelmChartContainer - [K3S] [server.go:1416] "CRI implementation should be updated to support RuntimeConfig when KubeletCgroupDriverFromCRI feature gate has been enabled. Falling back to using cgroupDriver from kubelet config."
2025-01-28 23:33:39,272 INFO c.h.h.t.HelmChartContainer - [K3S] [info.go:53] Couldn't collect info from any of the files in "/etc/machine-id,/var/lib/dbus/machine-id"
2025-01-28 23:33:39,275 INFO c.h.h.t.HelmChartContainer - [K3S] [server.go:767] "--cgroups-per-qos enabled, but --cgroup-root was not specified.  defaulting to /"
2025-01-28 23:33:39,276 INFO c.h.h.t.HelmChartContainer - [K3S] [server.go:836] "NoSwap is set due to memorySwapBehavior not specified" memorySwapBehavior="" FailSwapOn=false
2025-01-28 23:33:39,276 INFO c.h.h.t.HelmChartContainer - [K3S] [swap_util.go:115] "Swap is on" /proc/swaps contents=<
2025-01-28 23:33:39,277 INFO c.h.h.t.HelmChartContainer - [K3S] 	Filename				Type		Size		Used		Priority
2025-01-28 23:33:39,277 INFO c.h.h.t.HelmChartContainer - [K3S] 	/mnt/swapfile                           file		4194300		0		-2
2025-01-28 23:33:39,278 INFO c.h.h.t.HelmChartContainer - [K3S]  >
2025-01-28 23:33:39,278 INFO c.h.h.t.HelmChartContainer - [K3S] [container_manager_linux.go:268] "Container manager verified user specified cgroup-root exists" cgroupRoot=[]
2025-01-28 23:33:39,278 INFO c.h.h.t.HelmChartContainer - [K3S] [container_manager_linux.go:273] "Creating Container Manager object based on Node Config" nodeConfig={"NodeName":"6b15a01a10f5","RuntimeCgroupsName":"","SystemCgroupsName":"","KubeletCgroupsName":"/k3s","KubeletOOMScoreAdj":-999,"ContainerRuntime":"","CgroupsPerQOS":true,"CgroupRoot":"/","CgroupDriver":"cgroupfs","KubeletRootDir":"/var/lib/kubelet","ProtectKernelDefaults":false,"KubeReservedCgroupName":"","SystemReservedCgroupName":"","ReservedSystemCPUs":{},"EnforceNodeAllocatable":{"pods":{}},"KubeReserved":null,"SystemReserved":null,"HardEvictionThresholds":[{"Signal":"imagefs.available","Operator":"LessThan","Value":{"Quantity":null,"Percentage":0.05},"GracePeriod":0,"MinReclaim":null},{"Signal":"nodefs.available","Operator":"LessThan","Value":{"Quantity":null,"Percentage":0.05},"GracePeriod":0,"MinReclaim":null}],"QOSReserved":{},"CPUManagerPolicy":"none","CPUManagerPolicyOptions":null,"TopologyManagerScope":"container","CPUManagerReconcilePeriod":10000000000,"ExperimentalMemoryManagerPolicy":"None","ExperimentalMemoryManagerReservedMemory":null,"PodPidsLimit":-1,"EnforceCPULimits":true,"CPUCFSQuotaPeriod":100000000,"TopologyManagerPolicy":"none","TopologyManagerPolicyOptions":null,"CgroupVersion":2}
2025-01-28 23:33:39,279 INFO c.h.h.t.HelmChartContainer - [K3S] [topology_manager.go:138] "Creating topology manager with none policy"
2025-01-28 23:33:39,280 INFO c.h.h.t.HelmChartContainer - [K3S] [container_manager_linux.go:304] "Creating device plugin manager"
2025-01-28 23:33:39,280 INFO c.h.h.t.HelmChartContainer - [K3S] [state_mem.go:36] "Initialized new in-memory state store"
2025-01-28 23:33:39,280 INFO c.h.h.t.HelmChartContainer - [K3S] [kubelet.go:446] "Attempting to sync node with API server"
2025-01-28 23:33:39,283 INFO c.h.h.t.HelmChartContainer - [K3S] [kubelet.go:341] "Adding static pod path" path="/var/lib/rancher/k3s/agent/pod-manifests"
2025-01-28 23:33:39,283 INFO c.h.h.t.HelmChartContainer - [K3S] [kubelet.go:352] "Adding apiserver pod source"
2025-01-28 23:33:39,284 INFO c.h.h.t.HelmChartContainer - [K3S] [apiserver.go:42] "Waiting for node sync before watching apiserver pods"
2025-01-28 23:33:39,285 INFO c.h.h.t.HelmChartContainer - [K3S] [kuberuntime_manager.go:269] "Container runtime initialized" containerRuntime="containerd" version="v1.7.23-k3s2" apiVersion="v1"
2025-01-28 23:33:39,285 INFO c.h.h.t.HelmChartContainer - [K3S] [kubelet.go:890] "Not starting ClusterTrustBundle informer because we are in static kubelet mode"
2025-01-28 23:33:39,286 INFO c.h.h.t.HelmChartContainer - [K3S] [probe.go:272] Flexvolume plugin directory at /usr/libexec/kubernetes/kubelet-plugins/volume/exec/ does not exist. Recreating.
2025-01-28 23:33:39,286 INFO c.h.h.t.HelmChartContainer - [K3S] [watchdog_linux.go:99] "Systemd watchdog is not enabled"
2025-01-28 23:33:39,286 INFO c.h.h.t.HelmChartContainer - [K3S] [server.go:1282] "Started kubelet"
2025-01-28 23:33:39,286 INFO c.h.h.t.HelmChartContainer - [K3S] [fs_resource_analyzer.go:67] "Starting FS ResourceAnalyzer"
2025-01-28 23:33:39,286 INFO c.h.h.t.HelmChartContainer - [K3S] [kubelet.go:1561] "Image garbage collection failed once. Stats initialization may not have completed yet" err="invalid capacity 0 on image filesystem"
2025-01-28 23:33:39,290 INFO c.h.h.t.HelmChartContainer - [K3S] [server.go:169] "Starting to listen" address="0.0.0.0" port=10250
2025-01-28 23:33:39,290 INFO c.h.h.t.HelmChartContainer - [K3S] [volume_manager.go:297] "Starting Kubelet Volume Manager"
2025-01-28 23:33:39,291 INFO c.h.h.t.HelmChartContainer - [K3S] [kubelet_node_status.go:467] "Error getting the current node from lister" err="node \"6b15a01a10f5\" not found"
2025-01-28 23:33:39,294 INFO c.h.h.t.HelmChartContainer - [K3S] [desired_state_of_world_populator.go:149] "Desired state populator starts to run"
2025-01-28 23:33:39,294 INFO c.h.h.t.HelmChartContainer - [K3S] [reconciler.go:26] "Reconciler: start to sync state"
2025-01-28 23:33:39,295 INFO c.h.h.t.HelmChartContainer - [K3S] [factory.go:221] Registration of the systemd container factory successfully
2025-01-28 23:33:39,295 INFO c.h.h.t.HelmChartContainer - [K3S] [factory.go:219] Registration of the crio container factory failed: Get "http://%2Fvar%2Frun%2Fcrio%2Fcrio.sock/info": dial unix /var/run/crio/crio.sock: connect: no such file or directory
2025-01-28 23:33:39,296 INFO c.h.h.t.HelmChartContainer - [K3S] [dynamic_serving_content.go:135] "Starting controller" name="kubelet-server-cert-files::/var/lib/rancher/k3s/agent/serving-kubelet.crt::/var/lib/rancher/k3s/agent/serving-kubelet.key"
2025-01-28 23:33:39,297 INFO c.h.h.t.HelmChartContainer - [K3S] [server.go:208] "Starting to listen read-only" address="0.0.0.0" port=10255
2025-01-28 23:33:39,298 INFO c.h.h.t.HelmChartContainer - [K3S] [ratelimit.go:55] "Setting rate limiting for endpoint" service="podresources" qps=100 burstTokens=10
2025-01-28 23:33:39,298 INFO c.h.h.t.HelmChartContainer - [K3S] [server.go:243] "Starting to serve the podresources API" endpoint="unix:/var/lib/kubelet/pod-resources/kubelet.sock"
2025-01-28 23:33:39,299 INFO c.h.h.t.HelmChartContainer - [K3S] [server.go:490] "Adding debug handlers to kubelet server"
2025-01-28 23:33:39,304 INFO c.h.h.t.HelmChartContainer - [K3S] [factory.go:221] Registration of the containerd container factory successfully
2025-01-28 23:33:39,321 INFO c.h.h.t.HelmChartContainer - [K3S] [nodelease.go:49] "Failed to get node when trying to set owner ref to the node lease" err="nodes \"6b15a01a10f5\" not found" node="6b15a01a10f5"
2025-01-28 23:33:39,329 INFO c.h.h.t.HelmChartContainer - [K3S] [alloc.go:330] "allocated clusterIPs" service="default/kubernetes" clusterIPs={"IPv4":"10.43.0.1"}
2025-01-28 23:33:39,339 INFO c.h.h.t.HelmChartContainer - [K3S] [lease.go:265] Resetting endpoints for master service "kubernetes" to [172.18.0.2]
2025-01-28 23:33:39,341 INFO c.h.h.t.HelmChartContainer - [K3S] [cpu_manager.go:221] "Starting CPU manager" policy="none"
2025-01-28 23:33:39,345 INFO c.h.h.t.HelmChartContainer - [K3S] [cpu_manager.go:222] "Reconciling" reconcilePeriod="10s"
2025-01-28 23:33:39,345 INFO c.h.h.t.HelmChartContainer - [K3S] [state_mem.go:36] "Initialized new in-memory state store"
2025-01-28 23:33:39,345 INFO c.h.h.t.HelmChartContainer - [K3S] [policy_none.go:49] "None policy: Start"
2025-01-28 23:33:39,346 INFO c.h.h.t.HelmChartContainer - [K3S] [memory_manager.go:186] "Starting memorymanager" policy="None"
2025-01-28 23:33:39,346 INFO c.h.h.t.HelmChartContainer - [K3S] [state_mem.go:35] "Initializing new in-memory state store"
2025-01-28 23:33:39,346 INFO c.h.h.t.HelmChartContainer - [K3S] [kubelet_network_linux.go:50] "Initialized iptables rules." protocol="IPv4"
2025-01-28 23:33:39,346 INFO c.h.h.t.HelmChartContainer - [K3S] [kubelet_network_linux.go:50] "Initialized iptables rules." protocol="IPv6"
2025-01-28 23:33:39,346 INFO c.h.h.t.HelmChartContainer - [K3S] [status_manager.go:227] "Starting to sync pod status with apiserver"
2025-01-28 23:33:39,349 INFO c.h.h.t.HelmChartContainer - [K3S] [watchdog_linux.go:127] "Systemd watchdog is not enabled or the interval is invalid, so health checking will not be started."
2025-01-28 23:33:39,349 INFO c.h.h.t.HelmChartContainer - [K3S] [kubelet.go:2388] "Starting kubelet main sync loop"
2025-01-28 23:33:39,349 INFO c.h.h.t.HelmChartContainer - [K3S] [kubelet.go:2412] "Skipping pod synchronization" err="[container runtime status check may not have completed yet, PLEG is not healthy: pleg has yet to be successful]"
2025-01-28 23:33:39,350 INFO c.h.h.t.HelmChartContainer - [K3S] [manager.go:519] "Failed to read data from checkpoint" checkpoint="kubelet_internal_checkpoint" err="checkpoint is not found"
2025-01-28 23:33:39,350 INFO c.h.h.t.HelmChartContainer - [K3S] [eviction_manager.go:189] "Eviction manager: starting control loop"
2025-01-28 23:33:39,350 INFO c.h.h.t.HelmChartContainer - [K3S] [container_log_manager.go:189] "Initializing container log rotate workers" workers=1 monitorPeriod="10s"
2025-01-28 23:33:39,353 INFO c.h.h.t.HelmChartContainer - [K3S] [plugin_manager.go:118] "Starting Kubelet Plugin Manager"
2025-01-28 23:33:39,357 INFO c.h.h.t.HelmChartContainer - [K3S] [eviction_manager.go:267] "eviction manager: failed to check if we have separate container filesystem. Ignoring." err="no imagefs label for configured runtime"
2025-01-28 23:33:39,361 INFO c.h.h.t.HelmChartContainer - [K3S] [eviction_manager.go:292] "Eviction manager: failed to get summary stats" err="failed to get node info: node \"6b15a01a10f5\" not found"
2025-01-28 23:33:39,411 INFO c.h.h.t.HelmChartContainer - [K3S] [ERROR] Sending HTTP/1.1 503 response to 127.0.0.1:58412: runtime core not ready
2025-01-28 23:33:39,459 INFO c.h.h.t.HelmChartContainer - [K3S] [kubelet_node_status.go:76] "Attempting to register node" node="6b15a01a10f5"
2025-01-28 23:33:39,465 INFO c.h.h.t.HelmChartContainer - [K3S] [kubelet_node_status.go:79] "Successfully registered node" node="6b15a01a10f5"
2025-01-28 23:33:39,465 INFO c.h.h.t.HelmChartContainer - [K3S] [kubelet_node_status.go:549] "Error updating node status, will retry" err="error getting node \"6b15a01a10f5\": node \"6b15a01a10f5\" not found"
2025-01-28 23:33:39,475 INFO c.h.h.t.HelmChartContainer - [K3S] [INFO] Annotations and labels have been set successfully on node: 6b15a01a10f5
2025-01-28 23:33:39,475 INFO c.h.h.t.HelmChartContainer - [K3S] [INFO] Starting flannel with backend vxlan
2025-01-28 23:33:39,531 INFO c.h.h.t.HelmChartContainer - [K3S] [INFO] Running kube-proxy --cluster-cidr=10.42.0.0/16 --conntrack-max-per-core=0 --conntrack-tcp-timeout-close-wait=0s --conntrack-tcp-timeout-established=0s --healthz-bind-address=127.0.0.1 --hostname-override=6b15a01a10f5 --kubeconfig=/var/lib/rancher/k3s/agent/kubeproxy.kubeconfig --proxy-mode=iptables
2025-01-28 23:33:39,565 INFO c.h.h.t.HelmChartContainer - [K3S] [server.go:698] "Successfully retrieved node IP(s)" IPs=["172.18.0.2"]
2025-01-28 23:33:39,565 INFO c.h.h.t.HelmChartContainer - [K3S] [server.go:234] "Kube-proxy configuration may be incomplete or incorrect" err="nodePortAddresses is unset; NodePort connections will be accepted on all local IPs. Consider using `--nodeport-addresses primary`"
2025-01-28 23:33:39,569 INFO c.h.h.t.HelmChartContainer - [K3S] [server.go:243] "kube-proxy running in dual-stack mode" primary ipFamily="IPv4"
2025-01-28 23:33:39,569 INFO c.h.h.t.HelmChartContainer - [K3S] [server_linux.go:170] "Using iptables Proxier"
2025-01-28 23:33:39,570 INFO c.h.h.t.HelmChartContainer - [K3S] [proxier.go:255] "Setting route_localnet=1 to allow node-ports on localhost; to change this either disable iptables.localhostNodePorts (--iptables-localhost-nodeports) or set nodePortAddresses (--nodeport-addresses) to filter loopback addresses"
2025-01-28 23:33:39,577 INFO c.h.h.t.HelmChartContainer - [K3S] [server.go:497] "Version info" version="v1.32.1+k3s1"
2025-01-28 23:33:39,577 INFO c.h.h.t.HelmChartContainer - [K3S] [server.go:499] "Golang settings" GOGC="" GOMAXPROCS="" GOTRACEBACK=""
2025-01-28 23:33:39,577 INFO c.h.h.t.HelmChartContainer - [K3S] [config.go:199] "Starting service config controller"
2025-01-28 23:33:39,578 INFO c.h.h.t.HelmChartContainer - [K3S] [config.go:105] "Starting endpoint slice config controller"
2025-01-28 23:33:39,582 INFO c.h.h.t.HelmChartContainer - [K3S] [config.go:329] "Starting node config controller"
2025-01-28 23:33:39,679 INFO c.h.h.t.HelmChartContainer - [K3S] [kubelet_node_status.go:502] "Fast updating node status as it just became ready"
2025-01-28 23:33:40,057 INFO c.h.h.t.HelmChartContainer - [K3S] [INFO] Waiting for untainted node
2025-01-28 23:33:40,058 INFO c.h.h.t.HelmChartContainer - [K3S] [INFO] Waiting for cloud-controller-manager privileges to become available
2025-01-28 23:33:40,058 INFO c.h.h.t.HelmChartContainer - [K3S] [INFO] Kube API server is now running
2025-01-28 23:33:40,058 INFO c.h.h.t.HelmChartContainer - [K3S] [INFO] ETCD server is now running
2025-01-28 23:33:40,058 INFO c.h.h.t.HelmChartContainer - [K3S] [INFO] k3s is up and running
2025-01-28 23:33:40,058 INFO c.h.h.t.HelmChartContainer - [K3S] [INFO] Creating k3s-supervisor event broadcaster
2025-01-28 23:33:40,064 INFO c.h.h.t.HelmChartContainer - [K3S] [INFO] Applying CRD addons.k3s.cattle.io
2025-01-28 23:33:40,076 INFO c.h.h.t.HelmChartContainer - [K3S] [INFO] Applying CRD etcdsnapshotfiles.k3s.cattle.io
2025-01-28 23:33:40,088 INFO c.h.h.t.HelmChartContainer - [K3S] [INFO] Applying CRD helmcharts.helm.cattle.io
2025-01-28 23:33:40,102 INFO c.h.h.t.HelmChartContainer - [K3S] [INFO] Applying CRD helmchartconfigs.helm.cattle.io
2025-01-28 23:33:40,126 INFO c.h.h.t.HelmChartContainer - [K3S] [INFO] Waiting for CRD helmchartconfigs.helm.cattle.io to become available
2025-01-28 23:33:40,275 INFO c.h.h.t.HelmChartContainer - [K3S] [apiserver.go:52] "Watching apiserver"
2025-01-28 23:33:40,283 INFO c.h.h.t.HelmChartContainer - [K3S] [serving.go:392] Generated self-signed cert in-memory
2025-01-28 23:33:40,294 INFO c.h.h.t.HelmChartContainer - [K3S] [desired_state_of_world_populator.go:157] "Finished populating initial desired state of world"
2025-01-28 23:33:40,629 INFO c.h.h.t.HelmChartContainer - [K3S] [INFO] Done waiting for CRD helmchartconfigs.helm.cattle.io to become available
2025-01-28 23:33:40,630 INFO c.h.h.t.HelmChartContainer - [K3S] [INFO] Writing static file: /var/lib/rancher/k3s/server/static/charts/traefik-27.0.201+up27.0.2.tgz
2025-01-28 23:33:40,631 INFO c.h.h.t.HelmChartContainer - [K3S] [INFO] Writing static file: /var/lib/rancher/k3s/server/static/charts/traefik-crd-27.0.201+up27.0.2.tgz
2025-01-28 23:33:40,631 INFO c.h.h.t.HelmChartContainer - [K3S] [INFO] Writing manifest: /var/lib/rancher/k3s/server/manifests/metrics-server/auth-reader.yaml
2025-01-28 23:33:40,631 INFO c.h.h.t.HelmChartContainer - [K3S] [INFO] Writing manifest: /var/lib/rancher/k3s/server/manifests/metrics-server/metrics-apiservice.yaml
2025-01-28 23:33:40,631 INFO c.h.h.t.HelmChartContainer - [K3S] [INFO] Writing manifest: /var/lib/rancher/k3s/server/manifests/metrics-server/metrics-server-deployment.yaml
2025-01-28 23:33:40,633 INFO c.h.h.t.HelmChartContainer - [K3S] [INFO] Writing manifest: /var/lib/rancher/k3s/server/manifests/rolebindings.yaml
2025-01-28 23:33:40,633 INFO c.h.h.t.HelmChartContainer - [K3S] [INFO] Writing manifest: /var/lib/rancher/k3s/server/manifests/runtimes.yaml
2025-01-28 23:33:40,633 INFO c.h.h.t.HelmChartContainer - [K3S] [INFO] Writing manifest: /var/lib/rancher/k3s/server/manifests/ccm.yaml
2025-01-28 23:33:40,633 INFO c.h.h.t.HelmChartContainer - [K3S] [INFO] Writing manifest: /var/lib/rancher/k3s/server/manifests/coredns.yaml
2025-01-28 23:33:40,633 INFO c.h.h.t.HelmChartContainer - [K3S] [INFO] Writing manifest: /var/lib/rancher/k3s/server/manifests/metrics-server/auth-delegator.yaml
2025-01-28 23:33:40,633 INFO c.h.h.t.HelmChartContainer - [K3S] [INFO] Writing manifest: /var/lib/rancher/k3s/server/manifests/metrics-server/resource-reader.yaml
2025-01-28 23:33:40,633 INFO c.h.h.t.HelmChartContainer - [K3S] [INFO] Writing manifest: /var/lib/rancher/k3s/server/manifests/local-storage.yaml
2025-01-28 23:33:40,634 INFO c.h.h.t.HelmChartContainer - [K3S] [INFO] Writing manifest: /var/lib/rancher/k3s/server/manifests/metrics-server/aggregated-metrics-reader.yaml
2025-01-28 23:33:40,634 INFO c.h.h.t.HelmChartContainer - [K3S] [INFO] Writing manifest: /var/lib/rancher/k3s/server/manifests/metrics-server/metrics-server-service.yaml
2025-01-28 23:33:40,635 INFO c.h.h.t.HelmChartContainer - [K3S] [INFO] Starting dynamiclistener CN filter node controller with SANs: [localhost 127.0.0.1 ::1 localhost 6b15a01a10f5 172.18.0.2 10.43.0.1 kubernetes kubernetes.default kubernetes.default.svc kubernetes.default.svc.cluster.local]
2025-01-28 23:33:40,635 INFO c.h.h.t.HelmChartContainer - [K3S] [INFO] Tunnel server egress proxy mode: agent
2025-01-28 23:33:40,739 INFO c.h.h.t.HelmChartContainer - [K3S] [INFO] Starting k3s.cattle.io/v1, Kind=Addon controller
2025-01-28 23:33:40,741 INFO c.h.h.t.HelmChartContainer - [K3S] [INFO] Creating deploy event broadcaster
2025-01-28 23:33:40,843 INFO c.h.h.t.HelmChartContainer - [K3S] [INFO] Starting /v1, Kind=Node controller
2025-01-28 23:33:40,847 INFO c.h.h.t.HelmChartContainer - [K3S] [INFO] Creating helm-controller event broadcaster
2025-01-28 23:33:40,867 INFO c.h.h.t.HelmChartContainer - [K3S] [INFO] Cluster dns configmap has been set successfully
2025-01-28 23:33:40,878 INFO c.h.h.t.HelmChartContainer - [K3S] [INFO] Labels and annotations have been set successfully on node: 6b15a01a10f5
2025-01-28 23:33:40,886 INFO c.h.h.t.HelmChartContainer - [K3S] [INFO] Starting /v1, Kind=ConfigMap controller
2025-01-28 23:33:40,890 INFO c.h.h.t.HelmChartContainer - [K3S] [INFO] Starting /v1, Kind=ServiceAccount controller
2025-01-28 23:33:40,890 INFO c.h.h.t.HelmChartContainer - [K3S] [INFO] Starting /v1, Kind=Secret controller
2025-01-28 23:33:40,910 INFO c.h.h.t.HelmChartContainer - [K3S] [INFO] Updating TLS secret for kube-system/k3s-serving (count: 10): map[listener.cattle.io/cn-10.43.0.1:10.43.0.1 listener.cattle.io/cn-127.0.0.1:127.0.0.1 listener.cattle.io/cn-172.18.0.2:172.18.0.2 listener.cattle.io/cn-6b15a01a10f5:6b15a01a10f5 listener.cattle.io/cn-__1-f16284:::1 listener.cattle.io/cn-kubernetes:kubernetes listener.cattle.io/cn-kubernetes.default:kubernetes.default listener.cattle.io/cn-kubernetes.default.svc:kubernetes.default.svc listener.cattle.io/cn-kubernetes.default.svc.cluster.local:kubernetes.default.svc.cluster.local listener.cattle.io/cn-localhost:localhost listener.cattle.io/fingerprint:SHA1=5E18D9F3F9335011DCEF7F7260AB9F1356F665A6]
2025-01-28 23:33:40,917 INFO c.h.h.t.HelmChartContainer - [K3S] [INFO] Active TLS secret kube-system/k3s-serving (ver=229) (count 10): map[listener.cattle.io/cn-10.43.0.1:10.43.0.1 listener.cattle.io/cn-127.0.0.1:127.0.0.1 listener.cattle.io/cn-172.18.0.2:172.18.0.2 listener.cattle.io/cn-6b15a01a10f5:6b15a01a10f5 listener.cattle.io/cn-__1-f16284:::1 listener.cattle.io/cn-kubernetes:kubernetes listener.cattle.io/cn-kubernetes.default:kubernetes.default listener.cattle.io/cn-kubernetes.default.svc:kubernetes.default.svc listener.cattle.io/cn-kubernetes.default.svc.cluster.local:kubernetes.default.svc.cluster.local listener.cattle.io/cn-localhost:localhost listener.cattle.io/fingerprint:SHA1=5E18D9F3F9335011DCEF7F7260AB9F1356F665A6]
2025-01-28 23:33:40,919 INFO c.h.h.t.HelmChartContainer - [K3S] [controllermanager.go:185] "Starting" version="v1.32.1+k3s1"
2025-01-28 23:33:40,919 INFO c.h.h.t.HelmChartContainer - [K3S] [controllermanager.go:187] "Golang settings" GOGC="" GOMAXPROCS="" GOTRACEBACK=""
2025-01-28 23:33:40,925 INFO c.h.h.t.HelmChartContainer - [K3S] [requestheader_controller.go:180] Starting RequestHeaderAuthRequestController
2025-01-28 23:33:40,925 INFO c.h.h.t.HelmChartContainer - [K3S] [configmap_cafile_content.go:205] "Starting controller" name="client-ca::kube-system::extension-apiserver-authentication::client-ca-file"
2025-01-28 23:33:40,925 INFO c.h.h.t.HelmChartContainer - [K3S] [configmap_cafile_content.go:205] "Starting controller" name="client-ca::kube-system::extension-apiserver-authentication::requestheader-client-ca-file"
2025-01-28 23:33:40,927 INFO c.h.h.t.HelmChartContainer - [K3S] [secure_serving.go:213] Serving securely on 127.0.0.1:10257
2025-01-28 23:33:40,927 INFO c.h.h.t.HelmChartContainer - [K3S] [tlsconfig.go:243] "Starting DynamicServingCertificateController"
2025-01-28 23:33:40,933 INFO c.h.h.t.HelmChartContainer - [K3S] [controllermanager.go:765] "Started controller" controller="serviceaccount-token-controller"
2025-01-28 23:33:40,940 INFO c.h.h.t.HelmChartContainer - [K3S] [controllermanager.go:765] "Started controller" controller="deployment-controller"
2025-01-28 23:33:40,940 INFO c.h.h.t.HelmChartContainer - [K3S] [deployment_controller.go:173] "Starting controller" controller="deployment"
2025-01-28 23:33:40,945 INFO c.h.h.t.HelmChartContainer - [K3S] [controllermanager.go:765] "Started controller" controller="certificatesigningrequest-cleaner-controller"
2025-01-28 23:33:40,945 INFO c.h.h.t.HelmChartContainer - [K3S] [controllermanager.go:723] "Skipping a cloud provider controller" controller="service-lb-controller"
2025-01-28 23:33:40,945 INFO c.h.h.t.HelmChartContainer - [K3S] [controllermanager.go:723] "Skipping a cloud provider controller" controller="cloud-node-lifecycle-controller"
2025-01-28 23:33:40,946 INFO c.h.h.t.HelmChartContainer - [K3S] [cleaner.go:83] "Starting CSR cleaner controller"
2025-01-28 23:33:40,951 INFO c.h.h.t.HelmChartContainer - [K3S] [controllermanager.go:765] "Started controller" controller="ttl-after-finished-controller"
2025-01-28 23:33:40,951 INFO c.h.h.t.HelmChartContainer - [K3S] [ttlafterfinished_controller.go:112] "Starting TTL after finished controller"
2025-01-28 23:33:40,956 INFO c.h.h.t.HelmChartContainer - [K3S] [INFO] Starting helm.cattle.io/v1, Kind=HelmChart controller
2025-01-28 23:33:40,957 INFO c.h.h.t.HelmChartContainer - [K3S] [INFO] Starting helm.cattle.io/v1, Kind=HelmChartConfig controller
2025-01-28 23:33:40,958 INFO c.h.h.t.HelmChartContainer - [K3S] [controllermanager.go:765] "Started controller" controller="ephemeral-volume-controller"
2025-01-28 23:33:40,958 INFO c.h.h.t.HelmChartContainer - [K3S] [controller.go:173] "Starting ephemeral volume controller"
2025-01-28 23:33:40,960 INFO c.h.h.t.HelmChartContainer - [K3S] [INFO] Starting rbac.authorization.k8s.io/v1, Kind=ClusterRoleBinding controller
2025-01-28 23:33:40,963 INFO c.h.h.t.HelmChartContainer - [K3S] [INFO] Starting batch/v1, Kind=Job controller
2025-01-28 23:33:40,966 INFO c.h.h.t.HelmChartContainer - [K3S] [controllermanager.go:765] "Started controller" controller="endpoints-controller"
2025-01-28 23:33:40,966 INFO c.h.h.t.HelmChartContainer - [K3S] [endpoints_controller.go:182] "Starting endpoint controller"
2025-01-28 23:33:40,972 INFO c.h.h.t.HelmChartContainer - [K3S] [controllermanager.go:765] "Started controller" controller="job-controller"
2025-01-28 23:33:40,972 INFO c.h.h.t.HelmChartContainer - [K3S] [controllermanager.go:743] "Warning: skipping controller" controller="storage-version-migrator-controller"
2025-01-28 23:33:40,972 INFO c.h.h.t.HelmChartContainer - [K3S] [job_controller.go:243] "Starting job controller"
2025-01-28 23:33:40,977 INFO c.h.h.t.HelmChartContainer - [K3S] [controllermanager.go:765] "Started controller" controller="cronjob-controller"
2025-01-28 23:33:40,977 INFO c.h.h.t.HelmChartContainer - [K3S] [cronjob_controllerv2.go:145] "Starting cronjob controller v2"
2025-01-28 23:33:40,982 INFO c.h.h.t.HelmChartContainer - [K3S] [controllermanager.go:765] "Started controller" controller="persistentvolume-protection-controller"
2025-01-28 23:33:40,983 INFO c.h.h.t.HelmChartContainer - [K3S] [pv_protection_controller.go:81] "Starting PV protection controller"
2025-01-28 23:33:40,986 INFO c.h.h.t.HelmChartContainer - [K3S] [INFO] Updating TLS secret for kube-system/k3s-serving (count: 10): map[listener.cattle.io/cn-10.43.0.1:10.43.0.1 listener.cattle.io/cn-127.0.0.1:127.0.0.1 listener.cattle.io/cn-172.18.0.2:172.18.0.2 listener.cattle.io/cn-6b15a01a10f5:6b15a01a10f5 listener.cattle.io/cn-__1-f16284:::1 listener.cattle.io/cn-kubernetes:kubernetes listener.cattle.io/cn-kubernetes.default:kubernetes.default listener.cattle.io/cn-kubernetes.default.svc:kubernetes.default.svc listener.cattle.io/cn-kubernetes.default.svc.cluster.local:kubernetes.default.svc.cluster.local listener.cattle.io/cn-localhost:localhost listener.cattle.io/fingerprint:SHA1=5E18D9F3F9335011DCEF7F7260AB9F1356F665A6]
2025-01-28 23:33:40,995 INFO c.h.h.t.HelmChartContainer - [K3S] [controllermanager.go:765] "Started controller" controller="root-ca-certificate-publisher-controller"
2025-01-28 23:33:40,995 INFO c.h.h.t.HelmChartContainer - [K3S] [publisher.go:107] "Starting root CA cert publisher controller"
2025-01-28 23:33:41,001 INFO c.h.h.t.HelmChartContainer - [K3S] [controllermanager.go:765] "Started controller" controller="replicationcontroller-controller"
2025-01-28 23:33:41,001 INFO c.h.h.t.HelmChartContainer - [K3S] [replica_set.go:217] "Starting controller" name="replicationcontroller"
2025-01-28 23:33:41,235 INFO c.h.h.t.HelmChartContainer - [K3S] [controllermanager.go:765] "Started controller" controller="horizontal-pod-autoscaler-controller"
2025-01-28 23:33:41,235 INFO c.h.h.t.HelmChartContainer - [K3S] [horizontal.go:201] "Starting HPA controller"
2025-01-28 23:33:41,436 INFO c.h.h.t.HelmChartContainer - [K3S] [controllermanager.go:765] "Started controller" controller="disruption-controller"
2025-01-28 23:33:41,436 INFO c.h.h.t.HelmChartContainer - [K3S] [disruption.go:452] "Sending events to api server."
2025-01-28 23:33:41,436 INFO c.h.h.t.HelmChartContainer - [K3S] [disruption.go:463] "Starting disruption controller"
2025-01-28 23:33:41,586 INFO c.h.h.t.HelmChartContainer - [K3S] [controllermanager.go:765] "Started controller" controller="clusterrole-aggregation-controller"
2025-01-28 23:33:41,586 INFO c.h.h.t.HelmChartContainer - [K3S] [clusterroleaggregation_controller.go:194] "Starting ClusterRoleAggregator controller"
2025-01-28 23:33:41,736 INFO c.h.h.t.HelmChartContainer - [K3S] [controllermanager.go:765] "Started controller" controller="pod-garbage-collector-controller"
2025-01-28 23:33:41,736 INFO c.h.h.t.HelmChartContainer - [K3S] [gc_controller.go:99] "Starting GC controller"
2025-01-28 23:33:42,043 INFO c.h.h.t.HelmChartContainer - [K3S] [controllermanager.go:765] "Started controller" controller="resourcequota-controller"
2025-01-28 23:33:42,044 INFO c.h.h.t.HelmChartContainer - [K3S] [controllermanager.go:723] "Skipping a cloud provider controller" controller="node-route-controller"
2025-01-28 23:33:42,044 INFO c.h.h.t.HelmChartContainer - [K3S] [controllermanager.go:717] "Controller is disabled by a feature gate" controller="volumeattributesclass-protection-controller" requiredFeatureGates=["VolumeAttributesClass"]
2025-01-28 23:33:42,044 INFO c.h.h.t.HelmChartContainer - [K3S] [resource_quota_controller.go:300] "Starting resource quota controller"
2025-01-28 23:33:42,186 INFO c.h.h.t.HelmChartContainer - [K3S] [controllermanager.go:765] "Started controller" controller="token-cleaner-controller"
2025-01-28 23:33:42,186 INFO c.h.h.t.HelmChartContainer - [K3S] [tokencleaner.go:117] "Starting token cleaner controller"
2025-01-28 23:33:42,236 INFO c.h.h.t.HelmChartContainer - [K3S] [certificate_controller.go:120] "Starting certificate controller" name="csrsigning-kubelet-serving"
2025-01-28 23:33:42,236 INFO c.h.h.t.HelmChartContainer - [K3S] [dynamic_serving_content.go:135] "Starting controller" name="csr-controller::/var/lib/rancher/k3s/server/tls/server-ca.nochain.crt::/var/lib/rancher/k3s/server/tls/server-ca.key"
2025-01-28 23:33:42,236 INFO c.h.h.t.HelmChartContainer - [K3S] [certificate_controller.go:120] "Starting certificate controller" name="csrsigning-kubelet-client"
2025-01-28 23:33:42,236 INFO c.h.h.t.HelmChartContainer - [K3S] [dynamic_serving_content.go:135] "Starting controller" name="csr-controller::/var/lib/rancher/k3s/server/tls/client-ca.nochain.crt::/var/lib/rancher/k3s/server/tls/client-ca.key"
2025-01-28 23:33:42,237 INFO c.h.h.t.HelmChartContainer - [K3S] [certificate_controller.go:120] "Starting certificate controller" name="csrsigning-kube-apiserver-client"
2025-01-28 23:33:42,237 INFO c.h.h.t.HelmChartContainer - [K3S] [dynamic_serving_content.go:135] "Starting controller" name="csr-controller::/var/lib/rancher/k3s/server/tls/client-ca.nochain.crt::/var/lib/rancher/k3s/server/tls/client-ca.key"
2025-01-28 23:33:42,237 INFO c.h.h.t.HelmChartContainer - [K3S] [controllermanager.go:765] "Started controller" controller="certificatesigningrequest-signing-controller"
2025-01-28 23:33:42,237 INFO c.h.h.t.HelmChartContainer - [K3S] [certificate_controller.go:120] "Starting certificate controller" name="csrsigning-legacy-unknown"
2025-01-28 23:33:42,237 INFO c.h.h.t.HelmChartContainer - [K3S] [dynamic_serving_content.go:135] "Starting controller" name="csr-controller::/var/lib/rancher/k3s/server/tls/server-ca.nochain.crt::/var/lib/rancher/k3s/server/tls/server-ca.key"
2025-01-28 23:33:42,490 INFO c.h.h.t.HelmChartContainer - [K3S] [range_allocator.go:112] "No Secondary Service CIDR provided. Skipping filtering out secondary service addresses"
2025-01-28 23:33:42,490 INFO c.h.h.t.HelmChartContainer - [K3S] [controllermanager.go:765] "Started controller" controller="node-ipam-controller"
2025-01-28 23:33:42,490 INFO c.h.h.t.HelmChartContainer - [K3S] [node_ipam_controller.go:141] "Starting ipam controller"
2025-01-28 23:33:42,636 INFO c.h.h.t.HelmChartContainer - [K3S] [controllermanager.go:765] "Started controller" controller="persistentvolume-expander-controller"
2025-01-28 23:33:42,636 INFO c.h.h.t.HelmChartContainer - [K3S] [controllermanager.go:717] "Controller is disabled by a feature gate" controller="kube-apiserver-serving-clustertrustbundle-publisher-controller" requiredFeatureGates=["ClusterTrustBundle"]
2025-01-28 23:33:42,637 INFO c.h.h.t.HelmChartContainer - [K3S] [controllermanager.go:717] "Controller is disabled by a feature gate" controller="storageversion-garbage-collector-controller" requiredFeatureGates=["APIServerIdentity","StorageVersionAPI"]
2025-01-28 23:33:42,637 INFO c.h.h.t.HelmChartContainer - [K3S] [expand_controller.go:329] "Starting expand controller"
2025-01-28 23:33:42,747 INFO c.h.h.t.HelmChartContainer - [K3S] [event.go:389] "Event occurred" object="kube-system/ccm" fieldPath="" kind="Addon" apiVersion="k3s.cattle.io/v1" type="Normal" reason="ApplyingManifest" message="Applying manifest at \"/var/lib/rancher/k3s/server/manifests/ccm.yaml\""
2025-01-28 23:33:42,769 INFO c.h.h.t.HelmChartContainer - [K3S] [event.go:389] "Event occurred" object="kube-system/ccm" fieldPath="" kind="Addon" apiVersion="k3s.cattle.io/v1" type="Normal" reason="AppliedManifest" message="Applied manifest at \"/var/lib/rancher/k3s/server/manifests/ccm.yaml\""
2025-01-28 23:33:42,781 INFO c.h.h.t.HelmChartContainer - [K3S] [event.go:389] "Event occurred" object="kube-system/coredns" fieldPath="" kind="Addon" apiVersion="k3s.cattle.io/v1" type="Normal" reason="ApplyingManifest" message="Applying manifest at \"/var/lib/rancher/k3s/server/manifests/coredns.yaml\""
2025-01-28 23:33:42,785 INFO c.h.h.t.HelmChartContainer - [K3S] [controllermanager.go:765] "Started controller" controller="legacy-serviceaccount-token-cleaner-controller"
2025-01-28 23:33:42,786 INFO c.h.h.t.HelmChartContainer - [K3S] [legacy_serviceaccount_token_cleaner.go:103] "Starting legacy service account token cleaner controller"
2025-01-28 23:33:42,816 INFO c.h.h.t.HelmChartContainer - [K3S] [event.go:389] "Event occurred" object="6b15a01a10f5" fieldPath="" kind="Node" apiVersion="" type="Normal" reason="NodePasswordValidationComplete" message="Deferred node password secret validation complete"
2025-01-28 23:33:42,886 INFO c.h.h.t.HelmChartContainer - [K3S] [alloc.go:330] "allocated clusterIPs" service="kube-system/kube-dns" clusterIPs={"IPv4":"10.43.0.10"}
2025-01-28 23:33:42,886 INFO c.h.h.t.HelmChartContainer - [K3S] [event.go:389] "Event occurred" object="kube-system/coredns" fieldPath="" kind="Addon" apiVersion="k3s.cattle.io/v1" type="Normal" reason="AppliedManifest" message="Applied manifest at \"/var/lib/rancher/k3s/server/manifests/coredns.yaml\""
2025-01-28 23:33:42,895 INFO c.h.h.t.HelmChartContainer - [K3S] [event.go:389] "Event occurred" object="kube-system/local-storage" fieldPath="" kind="Addon" apiVersion="k3s.cattle.io/v1" type="Normal" reason="ApplyingManifest" message="Applying manifest at \"/var/lib/rancher/k3s/server/manifests/local-storage.yaml\""
2025-01-28 23:33:42,981 INFO c.h.h.t.HelmChartContainer - [K3S] [event.go:389] "Event occurred" object="kube-system/local-storage" fieldPath="" kind="Addon" apiVersion="k3s.cattle.io/v1" type="Normal" reason="AppliedManifest" message="Applied manifest at \"/var/lib/rancher/k3s/server/manifests/local-storage.yaml\""
2025-01-28 23:33:42,988 INFO c.h.h.t.HelmChartContainer - [K3S] [event.go:389] "Event occurred" object="kube-system/aggregated-metrics-reader" fieldPath="" kind="Addon" apiVersion="k3s.cattle.io/v1" type="Normal" reason="ApplyingManifest" message="Applying manifest at \"/var/lib/rancher/k3s/server/manifests/metrics-server/aggregated-metrics-reader.yaml\""
2025-01-28 23:33:43,036 INFO c.h.h.t.HelmChartContainer - [K3S] [graph_builder.go:351] "Running" component="GraphBuilder"
2025-01-28 23:33:43,036 INFO c.h.h.t.HelmChartContainer - [K3S] [controllermanager.go:765] "Started controller" controller="garbage-collector-controller"
2025-01-28 23:33:43,057 INFO c.h.h.t.HelmChartContainer - [K3S] [event.go:389] "Event occurred" object="kube-system/aggregated-metrics-reader" fieldPath="" kind="Addon" apiVersion="k3s.cattle.io/v1" type="Normal" reason="AppliedManifest" message="Applied manifest at \"/var/lib/rancher/k3s/server/manifests/metrics-server/aggregated-metrics-reader.yaml\""
2025-01-28 23:33:43,063 INFO c.h.h.t.HelmChartContainer - [K3S] [event.go:389] "Event occurred" object="kube-system/auth-delegator" fieldPath="" kind="Addon" apiVersion="k3s.cattle.io/v1" type="Normal" reason="ApplyingManifest" message="Applying manifest at \"/var/lib/rancher/k3s/server/manifests/metrics-server/auth-delegator.yaml\""
2025-01-28 23:33:43,071 INFO c.h.h.t.HelmChartContainer - [K3S] [event.go:389] "Event occurred" object="kube-system/auth-delegator" fieldPath="" kind="Addon" apiVersion="k3s.cattle.io/v1" type="Normal" reason="AppliedManifest" message="Applied manifest at \"/var/lib/rancher/k3s/server/manifests/metrics-server/auth-delegator.yaml\""
2025-01-28 23:33:43,078 INFO c.h.h.t.HelmChartContainer - [K3S] [event.go:389] "Event occurred" object="kube-system/auth-reader" fieldPath="" kind="Addon" apiVersion="k3s.cattle.io/v1" type="Normal" reason="ApplyingManifest" message="Applying manifest at \"/var/lib/rancher/k3s/server/manifests/metrics-server/auth-reader.yaml\""
2025-01-28 23:33:43,083 INFO c.h.h.t.HelmChartContainer - [K3S] [event.go:389] "Event occurred" object="kube-system/auth-reader" fieldPath="" kind="Addon" apiVersion="k3s.cattle.io/v1" type="Normal" reason="AppliedManifest" message="Applied manifest at \"/var/lib/rancher/k3s/server/manifests/metrics-server/auth-reader.yaml\""
2025-01-28 23:33:43,097 INFO c.h.h.t.HelmChartContainer - [K3S] [event.go:389] "Event occurred" object="kube-system/metrics-apiservice" fieldPath="" kind="Addon" apiVersion="k3s.cattle.io/v1" type="Normal" reason="ApplyingManifest" message="Applying manifest at \"/var/lib/rancher/k3s/server/manifests/metrics-server/metrics-apiservice.yaml\""
2025-01-28 23:33:43,114 INFO c.h.h.t.HelmChartContainer - [K3S] [event.go:389] "Event occurred" object="kube-system/metrics-apiservice" fieldPath="" kind="Addon" apiVersion="k3s.cattle.io/v1" type="Normal" reason="AppliedManifest" message="Applied manifest at \"/var/lib/rancher/k3s/server/manifests/metrics-server/metrics-apiservice.yaml\""
2025-01-28 23:33:43,115 INFO c.h.h.t.HelmChartContainer - [K3S] [handler_proxy.go:99] no RequestInfo found in the context
2025-01-28 23:33:43,115 INFO c.h.h.t.HelmChartContainer - [K3S] [controller.go:146] "Unhandled Error" err=<
2025-01-28 23:33:43,115 INFO c.h.h.t.HelmChartContainer - [K3S] 	, Header: map[Content-Type:[text/plain; charset=utf-8] X-Content-Type-Options:[nosniff]]
2025-01-28 23:33:43,115 INFO c.h.h.t.HelmChartContainer - [K3S]  >
2025-01-28 23:33:43,118 INFO c.h.h.t.HelmChartContainer - [K3S] [handler_proxy.go:143] error resolving kube-system/metrics-server: service "metrics-server" not found
2025-01-28 23:33:43,120 INFO c.h.h.t.HelmChartContainer - [K3S] [event.go:389] "Event occurred" object="kube-system/metrics-server-deployment" fieldPath="" kind="Addon" apiVersion="k3s.cattle.io/v1" type="Normal" reason="ApplyingManifest" message="Applying manifest at \"/var/lib/rancher/k3s/server/manifests/metrics-server/metrics-server-deployment.yaml\""
2025-01-28 23:33:43,138 INFO c.h.h.t.HelmChartContainer - [K3S] [event.go:389] "Event occurred" object="kube-system/metrics-server-deployment" fieldPath="" kind="Addon" apiVersion="k3s.cattle.io/v1" type="Normal" reason="AppliedManifest" message="Applied manifest at \"/var/lib/rancher/k3s/server/manifests/metrics-server/metrics-server-deployment.yaml\""
2025-01-28 23:33:43,149 INFO c.h.h.t.HelmChartContainer - [K3S] [event.go:389] "Event occurred" object="kube-system/metrics-server-service" fieldPath="" kind="Addon" apiVersion="k3s.cattle.io/v1" type="Normal" reason="ApplyingManifest" message="Applying manifest at \"/var/lib/rancher/k3s/server/manifests/metrics-server/metrics-server-service.yaml\""
2025-01-28 23:33:43,162 INFO c.h.h.t.HelmChartContainer - [K3S] [alloc.go:330] "allocated clusterIPs" service="kube-system/metrics-server" clusterIPs={"IPv4":"10.43.111.73"}
2025-01-28 23:33:43,163 INFO c.h.h.t.HelmChartContainer - [K3S] [event.go:389] "Event occurred" object="kube-system/metrics-server-service" fieldPath="" kind="Addon" apiVersion="k3s.cattle.io/v1" type="Normal" reason="AppliedManifest" message="Applied manifest at \"/var/lib/rancher/k3s/server/manifests/metrics-server/metrics-server-service.yaml\""
2025-01-28 23:33:43,170 INFO c.h.h.t.HelmChartContainer - [K3S] [handler_proxy.go:99] no RequestInfo found in the context
2025-01-28 23:33:43,173 INFO c.h.h.t.HelmChartContainer - [K3S] [controller.go:146] "Unhandled Error" err=<
2025-01-28 23:33:43,173 INFO c.h.h.t.HelmChartContainer - [K3S] 	, Header: map[Content-Type:[text/plain; charset=utf-8] X-Content-Type-Options:[nosniff]]
2025-01-28 23:33:43,173 INFO c.h.h.t.HelmChartContainer - [K3S]  >
2025-01-28 23:33:43,174 INFO c.h.h.t.HelmChartContainer - [K3S] [handler_proxy.go:143] error resolving kube-system/metrics-server: endpoints "metrics-server" not found
2025-01-28 23:33:43,178 INFO c.h.h.t.HelmChartContainer - [K3S] [event.go:389] "Event occurred" object="kube-system/resource-reader" fieldPath="" kind="Addon" apiVersion="k3s.cattle.io/v1" type="Normal" reason="ApplyingManifest" message="Applying manifest at \"/var/lib/rancher/k3s/server/manifests/metrics-server/resource-reader.yaml\""
2025-01-28 23:33:43,197 INFO c.h.h.t.HelmChartContainer - [K3S] [event.go:389] "Event occurred" object="kube-system/resource-reader" fieldPath="" kind="Addon" apiVersion="k3s.cattle.io/v1" type="Normal" reason="AppliedManifest" message="Applied manifest at \"/var/lib/rancher/k3s/server/manifests/metrics-server/resource-reader.yaml\""
2025-01-28 23:33:43,207 INFO c.h.h.t.HelmChartContainer - [K3S] [event.go:389] "Event occurred" object="kube-system/rolebindings" fieldPath="" kind="Addon" apiVersion="k3s.cattle.io/v1" type="Normal" reason="ApplyingManifest" message="Applying manifest at \"/var/lib/rancher/k3s/server/manifests/rolebindings.yaml\""
2025-01-28 23:33:43,286 INFO c.h.h.t.HelmChartContainer - [K3S] [controllermanager.go:765] "Started controller" controller="daemonset-controller"
2025-01-28 23:33:43,286 INFO c.h.h.t.HelmChartContainer - [K3S] [daemon_controller.go:294] "Starting daemon sets controller"
2025-01-28 23:33:43,316 INFO c.h.h.t.HelmChartContainer - [K3S] [event.go:389] "Event occurred" object="kube-system/rolebindings" fieldPath="" kind="Addon" apiVersion="k3s.cattle.io/v1" type="Normal" reason="AppliedManifest" message="Applied manifest at \"/var/lib/rancher/k3s/server/manifests/rolebindings.yaml\""
2025-01-28 23:33:43,328 INFO c.h.h.t.HelmChartContainer - [K3S] [event.go:389] "Event occurred" object="kube-system/runtimes" fieldPath="" kind="Addon" apiVersion="k3s.cattle.io/v1" type="Normal" reason="ApplyingManifest" message="Applying manifest at \"/var/lib/rancher/k3s/server/manifests/runtimes.yaml\""
2025-01-28 23:33:43,368 INFO c.h.h.t.HelmChartContainer - [K3S] [event.go:389] "Event occurred" object="kube-system/runtimes" fieldPath="" kind="Addon" apiVersion="k3s.cattle.io/v1" type="Normal" reason="AppliedManifest" message="Applied manifest at \"/var/lib/rancher/k3s/server/manifests/runtimes.yaml\""
2025-01-28 23:33:43,485 INFO c.h.h.t.HelmChartContainer - [K3S] [controllermanager.go:765] "Started controller" controller="validatingadmissionpolicy-status-controller"
2025-01-28 23:33:43,502 INFO c.h.h.t.HelmChartContainer - [K3S] [serving.go:392] Generated self-signed cert in-memory
2025-01-28 23:33:43,535 INFO c.h.h.t.HelmChartContainer - [K3S] [controllermanager.go:765] "Started controller" controller="taint-eviction-controller"
2025-01-28 23:33:43,535 INFO c.h.h.t.HelmChartContainer - [K3S] [controllermanager.go:728] "Warning: controller is disabled" controller="bootstrap-signer-controller"
2025-01-28 23:33:43,535 INFO c.h.h.t.HelmChartContainer - [K3S] [taint_eviction.go:281] "Starting" controller="taint-eviction-controller"
2025-01-28 23:33:43,536 INFO c.h.h.t.HelmChartContainer - [K3S] [taint_eviction.go:287] "Sending events to api server"
2025-01-28 23:33:43,687 INFO c.h.h.t.HelmChartContainer - [K3S] [controllermanager.go:765] "Started controller" controller="persistentvolume-binder-controller"
2025-01-28 23:33:43,687 INFO c.h.h.t.HelmChartContainer - [K3S] [pv_controller_base.go:308] "Starting persistent volume controller"
2025-01-28 23:33:43,735 INFO c.h.h.t.HelmChartContainer - [K3S] [controllermanager.go:765] "Started controller" controller="certificatesigningrequest-approving-controller"
2025-01-28 23:33:43,735 INFO c.h.h.t.HelmChartContainer - [K3S] [certificate_controller.go:120] "Starting certificate controller" name="csrapproving"
2025-01-28 23:33:43,802 INFO c.h.h.t.HelmChartContainer - [K3S] [serving.go:392] Generated self-signed cert in-memory
2025-01-28 23:33:43,886 INFO c.h.h.t.HelmChartContainer - [K3S] [controllermanager.go:765] "Started controller" controller="ttl-controller"
2025-01-28 23:33:43,886 INFO c.h.h.t.HelmChartContainer - [K3S] [ttl_controller.go:127] "Starting TTL controller"
2025-01-28 23:33:44,023 INFO c.h.h.t.HelmChartContainer - [K3S] [controllermanager.go:160] Version: v1.32.1+k3s1
2025-01-28 23:33:44,026 INFO c.h.h.t.HelmChartContainer - [K3S] [requestheader_controller.go:180] Starting RequestHeaderAuthRequestController
2025-01-28 23:33:44,026 INFO c.h.h.t.HelmChartContainer - [K3S] [configmap_cafile_content.go:205] "Starting controller" name="client-ca::kube-system::extension-apiserver-authentication::client-ca-file"
2025-01-28 23:33:44,026 INFO c.h.h.t.HelmChartContainer - [K3S] [configmap_cafile_content.go:205] "Starting controller" name="client-ca::kube-system::extension-apiserver-authentication::requestheader-client-ca-file"
2025-01-28 23:33:44,027 INFO c.h.h.t.HelmChartContainer - [K3S] [secure_serving.go:213] Serving securely on 127.0.0.1:10258
2025-01-28 23:33:44,027 INFO c.h.h.t.HelmChartContainer - [K3S] [tlsconfig.go:243] "Starting DynamicServingCertificateController"
2025-01-28 23:33:44,031 INFO c.h.h.t.HelmChartContainer - [K3S] [INFO] Creating service-lb-controller event broadcaster
2025-01-28 23:33:44,036 INFO c.h.h.t.HelmChartContainer - [K3S] [controllermanager.go:765] "Started controller" controller="persistentvolumeclaim-protection-controller"
2025-01-28 23:33:44,036 INFO c.h.h.t.HelmChartContainer - [K3S] [controllermanager.go:717] "Controller is disabled by a feature gate" controller="resourceclaim-controller" requiredFeatureGates=["DynamicResourceAllocation"]
2025-01-28 23:33:44,036 INFO c.h.h.t.HelmChartContainer - [K3S] [controllermanager.go:717] "Controller is disabled by a feature gate" controller="service-cidr-controller" requiredFeatureGates=["MultiCIDRServiceAllocator"]
2025-01-28 23:33:44,036 INFO c.h.h.t.HelmChartContainer - [K3S] [pvc_protection_controller.go:168] "Starting PVC protection controller"
2025-01-28 23:33:44,108 INFO c.h.h.t.HelmChartContainer - [K3S] [handler_proxy.go:99] no RequestInfo found in the context
2025-01-28 23:33:44,108 INFO c.h.h.t.HelmChartContainer - [K3S] [handler_proxy.go:99] no RequestInfo found in the context
2025-01-28 23:33:44,108 INFO c.h.h.t.HelmChartContainer - [K3S] [controller.go:102] "Unhandled Error" err=<
2025-01-28 23:33:44,108 INFO c.h.h.t.HelmChartContainer - [K3S] 	, Header: map[Content-Type:[text/plain; charset=utf-8] X-Content-Type-Options:[nosniff]]
2025-01-28 23:33:44,108 INFO c.h.h.t.HelmChartContainer - [K3S]  >
2025-01-28 23:33:44,144 INFO c.h.h.t.HelmChartContainer - [K3S] [INFO] Starting /v1, Kind=Node controller
2025-01-28 23:33:44,147 INFO c.h.h.t.HelmChartContainer - [K3S] [INFO] Starting /v1, Kind=Pod controller
2025-01-28 23:33:44,150 INFO c.h.h.t.HelmChartContainer - [K3S] [INFO] Starting apps/v1, Kind=DaemonSet controller
2025-01-28 23:33:44,152 INFO c.h.h.t.HelmChartContainer - [K3S] [controllermanager.go:306] "node-route-controller" is disabled
2025-01-28 23:33:44,153 INFO c.h.h.t.HelmChartContainer - [K3S] [INFO] Starting discovery.k8s.io/v1, Kind=EndpointSlice controller
2025-01-28 23:33:44,153 INFO c.h.h.t.HelmChartContainer - [K3S] [controllermanager.go:329] Started "cloud-node-controller"
2025-01-28 23:33:44,153 INFO c.h.h.t.HelmChartContainer - [K3S] [node_controller.go:176] Sending events to api server.
2025-01-28 23:33:44,153 INFO c.h.h.t.HelmChartContainer - [K3S] [controllermanager.go:329] Started "cloud-node-lifecycle-controller"
2025-01-28 23:33:44,153 INFO c.h.h.t.HelmChartContainer - [K3S] [node_controller.go:185] Waiting for informer caches to sync
2025-01-28 23:33:44,153 INFO c.h.h.t.HelmChartContainer - [K3S] [node_lifecycle_controller.go:112] Sending events to api server
2025-01-28 23:33:44,154 INFO c.h.h.t.HelmChartContainer - [K3S] [controllermanager.go:329] Started "service-lb-controller"
2025-01-28 23:33:44,154 INFO c.h.h.t.HelmChartContainer - [K3S] [controller.go:234] Starting service controller
2025-01-28 23:33:44,185 INFO c.h.h.t.HelmChartContainer - [K3S] [controllermanager.go:765] "Started controller" controller="endpointslice-controller"
2025-01-28 23:33:44,186 INFO c.h.h.t.HelmChartContainer - [K3S] [endpointslice_controller.go:281] "Starting endpoint slice controller"
2025-01-28 23:33:44,253 INFO c.h.h.t.HelmChartContainer - [K3S] [node_controller.go:429] Initializing node 6b15a01a10f5 with cloud provider
2025-01-28 23:33:44,260 INFO c.h.h.t.HelmChartContainer - [K3S] [INFO] Tunnel authorizer set Kubelet Port 0.0.0.0:10250
2025-01-28 23:33:44,261 INFO c.h.h.t.HelmChartContainer - [K3S] [node_controller.go:474] Successfully initialized node 6b15a01a10f5 with cloud provider
2025-01-28 23:33:44,261 INFO c.h.h.t.HelmChartContainer - [K3S] [event.go:389] "Event occurred" object="6b15a01a10f5" fieldPath="" kind="Node" apiVersion="v1" type="Normal" reason="Synced" message="Node synced successfully"
2025-01-28 23:33:44,290 INFO c.h.h.t.HelmChartContainer - [K3S] [INFO] Updated coredns NodeHosts entry for 6b15a01a10f5
2025-01-28 23:33:44,441 INFO c.h.h.t.HelmChartContainer - [K3S] [controllermanager.go:765] "Started controller" controller="namespace-controller"
2025-01-28 23:33:44,441 INFO c.h.h.t.HelmChartContainer - [K3S] [namespace_controller.go:202] "Starting namespace controller"
2025-01-28 23:33:44,586 INFO c.h.h.t.HelmChartContainer - [K3S] [controllermanager.go:765] "Started controller" controller="replicaset-controller"
2025-01-28 23:33:44,586 INFO c.h.h.t.HelmChartContainer - [K3S] [replica_set.go:217] "Starting controller" name="replicaset"
2025-01-28 23:33:44,588 INFO c.h.h.t.HelmChartContainer - [K3S] [serving.go:392] Generated self-signed cert in-memory
2025-01-28 23:33:44,736 INFO c.h.h.t.HelmChartContainer - [K3S] [controllermanager.go:765] "Started controller" controller="statefulset-controller"
2025-01-28 23:33:44,736 INFO c.h.h.t.HelmChartContainer - [K3S] [stateful_set.go:166] "Starting stateful set controller"
2025-01-28 23:33:44,785 INFO c.h.h.t.HelmChartContainer - [K3S] [node_lifecycle_controller.go:432] "Controller will reconcile labels"
2025-01-28 23:33:44,785 INFO c.h.h.t.HelmChartContainer - [K3S] [controllermanager.go:765] "Started controller" controller="node-lifecycle-controller"
2025-01-28 23:33:44,785 INFO c.h.h.t.HelmChartContainer - [K3S] [node_lifecycle_controller.go:466] "Sending events to api server"
2025-01-28 23:33:44,786 INFO c.h.h.t.HelmChartContainer - [K3S] [node_lifecycle_controller.go:477] "Starting node controller"
2025-01-28 23:33:44,899 INFO c.h.h.t.HelmChartContainer - [K3S] [server.go:164] "Starting Kubernetes Scheduler" version="v1.32.1+k3s1"
2025-01-28 23:33:44,899 INFO c.h.h.t.HelmChartContainer - [K3S] [server.go:166] "Golang settings" GOGC="" GOMAXPROCS="" GOTRACEBACK=""
2025-01-28 23:33:44,904 INFO c.h.h.t.HelmChartContainer - [K3S] [requestheader_controller.go:180] Starting RequestHeaderAuthRequestController
2025-01-28 23:33:44,904 INFO c.h.h.t.HelmChartContainer - [K3S] [configmap_cafile_content.go:205] "Starting controller" name="client-ca::kube-system::extension-apiserver-authentication::requestheader-client-ca-file"
2025-01-28 23:33:44,904 INFO c.h.h.t.HelmChartContainer - [K3S] [configmap_cafile_content.go:205] "Starting controller" name="client-ca::kube-system::extension-apiserver-authentication::client-ca-file"
2025-01-28 23:33:44,905 INFO c.h.h.t.HelmChartContainer - [K3S] [secure_serving.go:213] Serving securely on 127.0.0.1:10259
2025-01-28 23:33:44,905 INFO c.h.h.t.HelmChartContainer - [K3S] [tlsconfig.go:243] "Starting DynamicServingCertificateController"
2025-01-28 23:33:44,936 INFO c.h.h.t.HelmChartContainer - [K3S] [controllermanager.go:765] "Started controller" controller="persistentvolume-attach-detach-controller"
2025-01-28 23:33:44,936 INFO c.h.h.t.HelmChartContainer - [K3S] [controllermanager.go:717] "Controller is disabled by a feature gate" controller="selinux-warning-controller" requiredFeatureGates=["SELinuxChangePolicy"]
2025-01-28 23:33:44,936 INFO c.h.h.t.HelmChartContainer - [K3S] [attach_detach_controller.go:338] "Starting attach detach controller"
2025-01-28 23:33:45,085 INFO c.h.h.t.HelmChartContainer - [K3S] [controllermanager.go:765] "Started controller" controller="endpointslice-mirroring-controller"
2025-01-28 23:33:45,086 INFO c.h.h.t.HelmChartContainer - [K3S] [endpointslicemirroring_controller.go:227] "Starting EndpointSliceMirroring controller"
2025-01-28 23:33:45,236 INFO c.h.h.t.HelmChartContainer - [K3S] [controllermanager.go:765] "Started controller" controller="serviceaccount-controller"
2025-01-28 23:33:45,236 INFO c.h.h.t.HelmChartContainer - [K3S] [serviceaccounts_controller.go:114] "Starting service account controller"
2025-01-28 23:33:45,252 INFO c.h.h.t.HelmChartContainer - [K3S] [actual_state_of_world.go:541] "Failed to update statusUpdateNeeded field in actual state of world" err="Failed to set statusUpdateNeeded to needed true, because nodeName=\"6b15a01a10f5\" does not exist"
2025-01-28 23:33:45,258 INFO c.h.h.t.HelmChartContainer - [K3S] [INFO] Started tunnel to 172.18.0.2:6443
2025-01-28 23:33:45,258 INFO c.h.h.t.HelmChartContainer - [K3S] [INFO] Stopped tunnel to 127.0.0.1:6443
2025-01-28 23:33:45,258 INFO c.h.h.t.HelmChartContainer - [K3S] [INFO] Connecting to proxy" url="wss://172.18.0.2:6443/v1-k3s/connect
2025-01-28 23:33:45,258 INFO c.h.h.t.HelmChartContainer - [K3S] [INFO] Proxy done" err="context canceled" url="wss://127.0.0.1:6443/v1-k3s/connect
2025-01-28 23:33:45,258 INFO c.h.h.t.HelmChartContainer - [K3S] [INFO] error in remotedialer server [400]: websocket: close 1006 (abnormal closure): unexpected EOF
2025-01-28 23:33:45,260 INFO c.h.h.t.HelmChartContainer - [K3S] [INFO] Handling backend connection request [6b15a01a10f5]
2025-01-28 23:33:45,260 INFO c.h.h.t.HelmChartContainer - [K3S] [INFO] Remotedialer connected to proxy" url="wss://172.18.0.2:6443/v1-k3s/connect
2025-01-28 23:33:45,286 INFO c.h.h.t.HelmChartContainer - [K3S] [node_lifecycle_controller.go:1234] "Initializing eviction metric for zone" zone=""
2025-01-28 23:33:45,287 INFO c.h.h.t.HelmChartContainer - [K3S] [node_lifecycle_controller.go:886] "Missing timestamp for Node. Assuming now as a timestamp" node="6b15a01a10f5"
2025-01-28 23:33:45,287 INFO c.h.h.t.HelmChartContainer - [K3S] [node_lifecycle_controller.go:1080] "Controller detected that zone is now in new state" zone="" newState="Normal"
2025-01-28 23:33:45,290 INFO c.h.h.t.HelmChartContainer - [K3S] [range_allocator.go:177] "Sending events to api server"
2025-01-28 23:33:45,290 INFO c.h.h.t.HelmChartContainer - [K3S] [range_allocator.go:183] "Starting range CIDR allocator"
2025-01-28 23:33:45,294 INFO c.h.h.t.HelmChartContainer - [K3S] [range_allocator.go:428] "Set node PodCIDR" node="6b15a01a10f5" podCIDRs=["10.42.0.0/24"]
2025-01-28 23:33:45,294 INFO c.h.h.t.HelmChartContainer - [K3S] [range_allocator.go:247] "Successfully synced" key="6b15a01a10f5"
2025-01-28 23:33:45,295 INFO c.h.h.t.HelmChartContainer - [K3S] [INFO] Flannel found PodCIDR assigned for node 6b15a01a10f5
2025-01-28 23:33:45,296 INFO c.h.h.t.HelmChartContainer - [K3S] [INFO] The interface eth0 with ipv4 address 172.18.0.2 will be used by flannel
2025-01-28 23:33:45,297 INFO c.h.h.t.HelmChartContainer - [K3S] [kube.go:139] Waiting 10m0s for node controller to sync
2025-01-28 23:33:45,297 INFO c.h.h.t.HelmChartContainer - [K3S] [kube.go:469] Starting kube subnet manager
2025-01-28 23:33:45,303 INFO c.h.h.t.HelmChartContainer - [K3S] [range_allocator.go:433] "Failed to update node PodCIDR after multiple attempts" err="failed to patch node CIDR: Node \"6b15a01a10f5\" is invalid: [spec.podCIDRs: Invalid value: []string{\"10.42.1.0/24\", \"10.42.0.0/24\"}: may specify no more than one CIDR for each IP family, spec.podCIDRs: Forbidden: node updates may not change podCIDR except from \"\" to valid]" node="6b15a01a10f5" podCIDRs=["10.42.1.0/24"]
2025-01-28 23:33:45,304 INFO c.h.h.t.HelmChartContainer - [K3S] [range_allocator.go:439] "CIDR assignment for node failed. Releasing allocated CIDR" err="failed to patch node CIDR: Node \"6b15a01a10f5\" is invalid: [spec.podCIDRs: Invalid value: []string{\"10.42.1.0/24\", \"10.42.0.0/24\"}: may specify no more than one CIDR for each IP family, spec.podCIDRs: Forbidden: node updates may not change podCIDR except from \"\" to valid]" node="6b15a01a10f5"
2025-01-28 23:33:45,304 INFO c.h.h.t.HelmChartContainer - [K3S] [range_allocator.go:252] "Unhandled Error" err="error syncing '6b15a01a10f5': failed to patch node CIDR: Node \"6b15a01a10f5\" is invalid: [spec.podCIDRs: Invalid value: []string{\"10.42.1.0/24\", \"10.42.0.0/24\"}: may specify no more than one CIDR for each IP family, spec.podCIDRs: Forbidden: node updates may not change podCIDR except from \"\" to valid], requeuing"
2025-01-28 23:33:45,304 INFO c.h.h.t.HelmChartContainer - [K3S] [range_allocator.go:247] "Successfully synced" key="6b15a01a10f5"
2025-01-28 23:33:45,309 INFO c.h.h.t.HelmChartContainer - [K3S] [range_allocator.go:247] "Successfully synced" key="6b15a01a10f5"
2025-01-28 23:33:45,341 INFO c.h.h.t.HelmChartContainer - [K3S] [handler_proxy.go:99] no RequestInfo found in the context
2025-01-28 23:33:45,342 INFO c.h.h.t.HelmChartContainer - [K3S] [controller.go:146] "Unhandled Error" err=<
2025-01-28 23:33:45,342 INFO c.h.h.t.HelmChartContainer - [K3S] 	, Header: map[Content-Type:[text/plain; charset=utf-8] X-Content-Type-Options:[nosniff]]
2025-01-28 23:33:45,342 INFO c.h.h.t.HelmChartContainer - [K3S]  >
2025-01-28 23:33:45,342 INFO c.h.h.t.HelmChartContainer - [K3S] [handler_proxy.go:143] error resolving kube-system/metrics-server: no endpoints available for service "metrics-server"
2025-01-28 23:33:45,408 INFO c.h.h.t.HelmChartContainer - [K3S] [INFO] Starting network policy controller version v2.2.1, built on 2025-01-28T18:27:08Z, go1.23.4
2025-01-28 23:33:45,408 INFO c.h.h.t.HelmChartContainer - [K3S] [network_policy_controller.go:164] Starting network policy controller
2025-01-28 23:33:45,435 INFO c.h.h.t.HelmChartContainer - [K3S] [network_policy_controller.go:176] Starting network policy controller full sync goroutine
2025-01-28 23:33:45,841 INFO c.h.h.t.HelmChartContainer - [K3S] [range_allocator.go:247] "Successfully synced" key="6b15a01a10f5"
2025-01-28 23:33:46,147 INFO c.h.h.t.HelmChartContainer - [K3S] [replica_set.go:679] "Finished syncing" kind="ReplicaSet" key="kube-system/coredns-ff8999cc5" duration="106.525237ms"
2025-01-28 23:33:46,149 INFO c.h.h.t.HelmChartContainer - [K3S] [replica_set.go:679] "Finished syncing" kind="ReplicaSet" key="kube-system/local-path-provisioner-698b58967b" duration="108.67408ms"
2025-01-28 23:33:46,157 INFO c.h.h.t.HelmChartContainer - [K3S] [replica_set.go:679] "Finished syncing" kind="ReplicaSet" key="kube-system/metrics-server-8584b5786c" duration="114.243956ms"
2025-01-28 23:33:46,162 INFO c.h.h.t.HelmChartContainer - [K3S] [replica_set.go:679] "Finished syncing" kind="ReplicaSet" key="kube-system/metrics-server-8584b5786c" duration="6.808318ms"
2025-01-28 23:33:46,164 INFO c.h.h.t.HelmChartContainer - [K3S] [replica_set.go:679] "Finished syncing" kind="ReplicaSet" key="kube-system/metrics-server-8584b5786c" duration="53.66µs"
2025-01-28 23:33:46,172 INFO c.h.h.t.HelmChartContainer - [K3S] [replica_set.go:679] "Finished syncing" kind="ReplicaSet" key="kube-system/coredns-ff8999cc5" duration="24.306418ms"
2025-01-28 23:33:46,173 INFO c.h.h.t.HelmChartContainer - [K3S] [replica_set.go:679] "Finished syncing" kind="ReplicaSet" key="kube-system/coredns-ff8999cc5" duration="36.047µs"
2025-01-28 23:33:46,173 INFO c.h.h.t.HelmChartContainer - [K3S] [replica_set.go:679] "Finished syncing" kind="ReplicaSet" key="kube-system/coredns-ff8999cc5" duration="25.588µs"
2025-01-28 23:33:46,173 INFO c.h.h.t.HelmChartContainer - [K3S] [replica_set.go:679] "Finished syncing" kind="ReplicaSet" key="kube-system/local-path-provisioner-698b58967b" duration="23.425718ms"
2025-01-28 23:33:46,173 INFO c.h.h.t.HelmChartContainer - [K3S] [replica_set.go:679] "Finished syncing" kind="ReplicaSet" key="kube-system/local-path-provisioner-698b58967b" duration="23.644µs"
2025-01-28 23:33:46,185 INFO c.h.h.t.HelmChartContainer - [K3S] [replica_set.go:679] "Finished syncing" kind="ReplicaSet" key="kube-system/coredns-ff8999cc5" duration="38.382µs"
2025-01-28 23:33:46,193 INFO c.h.h.t.HelmChartContainer - [K3S] [replica_set.go:679] "Finished syncing" kind="ReplicaSet" key="kube-system/local-path-provisioner-698b58967b" duration="41.166µs"
2025-01-28 23:33:46,200 INFO c.h.h.t.HelmChartContainer - [K3S] [replica_set.go:679] "Finished syncing" kind="ReplicaSet" key="kube-system/metrics-server-8584b5786c" duration="39.725µs"
2025-01-28 23:33:46,244 INFO c.h.h.t.HelmChartContainer - [K3S] [reconciler_common.go:251] "operationExecutor.VerifyControllerAttachedVolume started for volume \"config-volume\" (UniqueName: \"kubernetes.io/configmap/393b2de7-5bea-4040-99ed-6addc41891c9-config-volume\") pod \"coredns-ff8999cc5-5kp8p\" (UID: \"393b2de7-5bea-4040-99ed-6addc41891c9\") " pod="kube-system/coredns-ff8999cc5-5kp8p"
2025-01-28 23:33:46,244 INFO c.h.h.t.HelmChartContainer - [K3S] [reconciler_common.go:251] "operationExecutor.VerifyControllerAttachedVolume started for volume \"custom-config-volume\" (UniqueName: \"kubernetes.io/configmap/393b2de7-5bea-4040-99ed-6addc41891c9-custom-config-volume\") pod \"coredns-ff8999cc5-5kp8p\" (UID: \"393b2de7-5bea-4040-99ed-6addc41891c9\") " pod="kube-system/coredns-ff8999cc5-5kp8p"
2025-01-28 23:33:46,244 INFO c.h.h.t.HelmChartContainer - [K3S] [reconciler_common.go:251] "operationExecutor.VerifyControllerAttachedVolume started for volume \"kube-api-access-2ggtx\" (UniqueName: \"kubernetes.io/projected/393b2de7-5bea-4040-99ed-6addc41891c9-kube-api-access-2ggtx\") pod \"coredns-ff8999cc5-5kp8p\" (UID: \"393b2de7-5bea-4040-99ed-6addc41891c9\") " pod="kube-system/coredns-ff8999cc5-5kp8p"
2025-01-28 23:33:46,244 INFO c.h.h.t.HelmChartContainer - [K3S] [reconciler_common.go:251] "operationExecutor.VerifyControllerAttachedVolume started for volume \"tmp-dir\" (UniqueName: \"kubernetes.io/empty-dir/aa098ff4-7f69-4e6d-a3ee-9e50b4808073-tmp-dir\") pod \"metrics-server-8584b5786c-6zt2h\" (UID: \"aa098ff4-7f69-4e6d-a3ee-9e50b4808073\") " pod="kube-system/metrics-server-8584b5786c-6zt2h"
2025-01-28 23:33:46,244 INFO c.h.h.t.HelmChartContainer - [K3S] [reconciler_common.go:251] "operationExecutor.VerifyControllerAttachedVolume started for volume \"kube-api-access-m4zkb\" (UniqueName: \"kubernetes.io/projected/aa098ff4-7f69-4e6d-a3ee-9e50b4808073-kube-api-access-m4zkb\") pod \"metrics-server-8584b5786c-6zt2h\" (UID: \"aa098ff4-7f69-4e6d-a3ee-9e50b4808073\") " pod="kube-system/metrics-server-8584b5786c-6zt2h"
2025-01-28 23:33:46,244 INFO c.h.h.t.HelmChartContainer - [K3S] [reconciler_common.go:251] "operationExecutor.VerifyControllerAttachedVolume started for volume \"config-volume\" (UniqueName: \"kubernetes.io/configmap/c96a3c29-3f81-443b-a399-ef877442b702-config-volume\") pod \"local-path-provisioner-698b58967b-9q9qd\" (UID: \"c96a3c29-3f81-443b-a399-ef877442b702\") " pod="kube-system/local-path-provisioner-698b58967b-9q9qd"
2025-01-28 23:33:46,244 INFO c.h.h.t.HelmChartContainer - [K3S] [reconciler_common.go:251] "operationExecutor.VerifyControllerAttachedVolume started for volume \"kube-api-access-8jcxm\" (UniqueName: \"kubernetes.io/projected/c96a3c29-3f81-443b-a399-ef877442b702-kube-api-access-8jcxm\") pod \"local-path-provisioner-698b58967b-9q9qd\" (UID: \"c96a3c29-3f81-443b-a399-ef877442b702\") " pod="kube-system/local-path-provisioner-698b58967b-9q9qd"
2025-01-28 23:33:46,298 INFO c.h.h.t.HelmChartContainer - [K3S] [kube.go:146] Node controller sync successful
2025-01-28 23:33:46,298 INFO c.h.h.t.HelmChartContainer - [K3S] [vxlan.go:141] VXLAN config: VNI=1 Port=0 GBP=false Learning=false DirectRouting=false
2025-01-28 23:33:46,300 INFO c.h.h.t.HelmChartContainer - [K3S] [kube.go:636] List of node(6b15a01a10f5) annotations: map[string]string{"alpha.kubernetes.io/provided-node-ip":"172.18.0.2", "k3s.io/hostname":"6b15a01a10f5", "k3s.io/internal-ip":"172.18.0.2", "k3s.io/node-args":"[\"server\",\"--etcd-arg\",\"unsafe-no-fsync\",\"--etcd-arg\",\"snapshot-count=10000\",\"--etcd-arg\",\"auto-compaction-mode=revision\",\"--etcd-arg\",\"auto-compaction-retention=1000000\",\"--kube-apiserver-arg\",\"etcd-compaction-interval=0s\",\"--disable\",\"traefik\",\"--tls-san\",\"localhost\"]", "k3s.io/node-config-hash":"2QNNT5M5XUBFOLO5XPGEVGOM5UDLHHTIVMSRUPAUHE5DU3HUYQUQ====", "k3s.io/node-env":"{}", "node.alpha.kubernetes.io/ttl":"0", "volumes.kubernetes.io/controller-managed-attach-detach":"true"}
2025-01-28 23:33:46,305 INFO c.h.h.t.HelmChartContainer - [K3S] [iptables.go:51] Starting flannel in iptables mode...
2025-01-28 23:33:46,305 INFO c.h.h.t.HelmChartContainer - [K3S] [WARNING] no subnet found for key: FLANNEL_NETWORK in file: /run/flannel/subnet.env
2025-01-28 23:33:46,305 INFO c.h.h.t.HelmChartContainer - [K3S] [WARNING] no subnet found for key: FLANNEL_SUBNET in file: /run/flannel/subnet.env
2025-01-28 23:33:46,306 INFO c.h.h.t.HelmChartContainer - [K3S] [WARNING] no subnet found for key: FLANNEL_IPV6_NETWORK in file: /run/flannel/subnet.env
2025-01-28 23:33:46,306 INFO c.h.h.t.HelmChartContainer - [K3S] [WARNING] no subnet found for key: FLANNEL_IPV6_SUBNET in file: /run/flannel/subnet.env
2025-01-28 23:33:46,306 INFO c.h.h.t.HelmChartContainer - [K3S] [iptables.go:115] Current network or subnet (10.42.0.0/16, 10.42.0.0/24) is not equal to previous one (0.0.0.0/0, 0.0.0.0/0), trying to recycle old iptables rules
2025-01-28 23:33:46,306 INFO c.h.h.t.HelmChartContainer - [K3S] [range_allocator.go:247] "Successfully synced" key="6b15a01a10f5"
2025-01-28 23:33:46,306 INFO c.h.h.t.HelmChartContainer - [K3S] [kube.go:490] Creating the node lease for IPv4. This is the n.Spec.PodCIDRs: [10.42.0.0/24]
2025-01-28 23:33:46,313 INFO c.h.h.t.HelmChartContainer - [K3S] [iptables.go:125] Setting up masking rules
2025-01-28 23:33:46,315 INFO c.h.h.t.HelmChartContainer - [K3S] [iptables.go:226] Changing default FORWARD chain policy to ACCEPT
2025-01-28 23:33:46,317 INFO c.h.h.t.HelmChartContainer - [K3S] [INFO] Wrote flannel subnet file to /run/flannel/subnet.env
2025-01-28 23:33:46,317 INFO c.h.h.t.HelmChartContainer - [K3S] [INFO] Running flannel backend.
2025-01-28 23:33:46,317 INFO c.h.h.t.HelmChartContainer - [K3S] [vxlan_network.go:65] watching for new subnet leases
2025-01-28 23:33:46,325 INFO c.h.h.t.HelmChartContainer - [K3S] [iptables.go:372] bootstrap done
2025-01-28 23:33:46,331 INFO c.h.h.t.HelmChartContainer - [K3S] [iptables.go:372] bootstrap done
2025-01-28 23:33:46,343 INFO c.h.h.t.HelmChartContainer - [K3S] [handler_proxy.go:99] no RequestInfo found in the context
2025-01-28 23:33:46,343 INFO c.h.h.t.HelmChartContainer - [K3S] [handler_proxy.go:99] no RequestInfo found in the context
2025-01-28 23:33:46,343 INFO c.h.h.t.HelmChartContainer - [K3S] [controller.go:102] "Unhandled Error" err=<
2025-01-28 23:33:46,343 INFO c.h.h.t.HelmChartContainer - [K3S] 	, Header: map[Content-Type:[text/plain; charset=utf-8] X-Content-Type-Options:[nosniff]]
2025-01-28 23:33:46,343 INFO c.h.h.t.HelmChartContainer - [K3S]  >
2025-01-28 23:33:49,504 DEBUG c.h.h.t.HelmChartContainer - Image file loaded 'hivemq-platform-operator.tar'
2025-01-28 23:33:49,569 INFO c.h.h.t.HelmChartContainer - [K3S] [kuberuntime_manager.go:1702] "Updating runtime config through cri with podcidr" CIDR="10.42.0.0/24"
2025-01-28 23:33:49,570 INFO c.h.h.t.HelmChartContainer - [K3S] [kubelet_network.go:61] "Updating Pod CIDR" originalPodCIDR="" newPodCIDR="10.42.0.0/24"
2025-01-28 23:33:49,577 INFO c.h.h.t.HelmChartContainer - [K3S] [range_allocator.go:247] "Successfully synced" key="6b15a01a10f5"
2025-01-28 23:33:49,998 DEBUG c.h.h.t.HelmChartContainer - Image file loaded 'hivemq-platform-operator-init.tar'
2025-01-28 23:33:51,403 INFO c.h.h.t.HelmChartContainer - [K3S] [replica_set.go:679] "Finished syncing" kind="ReplicaSet" key="kube-system/coredns-ff8999cc5" duration="39.284µs"
2025-01-28 23:33:51,434 INFO c.h.h.t.HelmChartContainer - [K3S] [replica_set.go:679] "Finished syncing" kind="ReplicaSet" key="kube-system/coredns-ff8999cc5" duration="16.35854ms"
2025-01-28 23:33:51,434 INFO c.h.h.t.HelmChartContainer - [K3S] [replica_set.go:679] "Finished syncing" kind="ReplicaSet" key="kube-system/coredns-ff8999cc5" duration="52.348µs"
2025-01-28 23:33:51,439 INFO c.h.h.t.HelmChartContainer - [K3S] [replica_set.go:679] "Finished syncing" kind="ReplicaSet" key="kube-system/local-path-provisioner-698b58967b" duration="10.183859ms"
2025-01-28 23:33:51,440 INFO c.h.h.t.HelmChartContainer - [K3S] [replica_set.go:679] "Finished syncing" kind="ReplicaSet" key="kube-system/local-path-provisioner-698b58967b" duration="32.601µs"
2025-01-28 23:33:52,401 INFO c.h.h.t.HelmChartContainer - [K3S] [replica_set.go:679] "Finished syncing" kind="ReplicaSet" key="kube-system/metrics-server-8584b5786c" duration="45.585µs"
2025-01-28 23:33:56,593 DEBUG c.h.h.t.HelmChartContainer - Image file loaded 'hivemq-platform.tar'
2025-01-28 23:33:56,593 DEBUG c.h.h.t.HelmChartContainer - Successful Helm chart Container startup
2025-01-28 23:33:56,601 INFO t.localhost/testcontainers/ifgnkrvsbsqpqsbk:latest - Container localhost/testcontainers/ifgnkrvsbsqpqsbk:latest started in PT22.581370783S
2025-01-28 23:33:56,611 DEBUG c.h.h.t.HelmChartContainer - Executing helm command: /bin/helm --kubeconfig /etc/rancher/k3s/k3s.yaml repo add hivemq https://hivemq.github.io/helm-charts
2025-01-28 23:33:57,917 INFO c.h.h.t.HelmChartContainer - [EVENT] Normal [Starting] Starting kubelet. [null:6b15a01a10f5]
2025-01-28 23:33:57,918 INFO c.h.h.t.HelmChartContainer - [EVENT] Warning [InvalidDiskCapacity] invalid capacity 0 on image filesystem [null:6b15a01a10f5]
2025-01-28 23:33:57,919 INFO c.h.h.t.HelmChartContainer - [EVENT] Normal [NodeHasSufficientMemory] Node 6b15a01a10f5 status is now: NodeHasSufficientMemory [null:6b15a01a10f5]
2025-01-28 23:33:57,920 INFO c.h.h.t.HelmChartContainer - [EVENT] Normal [NodeHasNoDiskPressure] Node 6b15a01a10f5 status is now: NodeHasNoDiskPressure [null:6b15a01a10f5]
2025-01-28 23:33:57,920 INFO c.h.h.t.HelmChartContainer - [EVENT] Normal [NodeHasSufficientPID] Node 6b15a01a10f5 status is now: NodeHasSufficientPID [null:6b15a01a10f5]
2025-01-28 23:33:57,921 INFO c.h.h.t.HelmChartContainer - [EVENT] Normal [NodeAllocatableEnforced] Updated Node Allocatable limit across pods [null:6b15a01a10f5]
2025-01-28 23:33:57,923 INFO c.h.h.t.HelmChartContainer - [EVENT] Normal [NodeReady] Node 6b15a01a10f5 status is now: NodeReady [null:6b15a01a10f5]
2025-01-28 23:33:57,923 INFO c.h.h.t.HelmChartContainer - [EVENT] Normal [NodePasswordValidationComplete] Deferred node password secret validation complete [null:6b15a01a10f5]
2025-01-28 23:33:57,924 INFO c.h.h.t.HelmChartContainer - [EVENT] Normal [Synced] Node synced successfully [null:6b15a01a10f5]
2025-01-28 23:33:57,925 INFO c.h.h.t.HelmChartContainer - [EVENT] Normal [RegisteredNode] Node 6b15a01a10f5 event: Registered Node 6b15a01a10f5 in Controller [null:6b15a01a10f5]
2025-01-28 23:33:57,926 INFO c.h.h.t.HelmChartContainer - [EVENT] Normal [CIDRAssignmentFailed] Node 6b15a01a10f5 status is now: CIDRAssignmentFailed [null:6b15a01a10f5]
2025-01-28 23:33:57,929 INFO c.h.h.t.HelmChartContainer - Saved kubeconfig file on /tmp/kubeconfig-2540479943294071197.yaml
2025-01-28 23:33:57,929 INFO c.h.h.t.HelmChartContainer - HelmChartContainer is started
]]></system-out>
  <system-err><![CDATA[]]></system-err>
</testsuite>
