<?xml version="1.0" encoding="UTF-8"?>
<testsuite name="com.hivemq.helmcharts.platform.HelmPlatformTlsIT" tests="2" skipped="0" failures="0" errors="0" timestamp="2025-09-15T15:28:50" hostname="runnervmf4ws1" time="202.495">
  <properties/>
  <testcase name="platformChart_whenTlsEnabled_hivemqRunning()" classname="com.hivemq.helmcharts.platform.HelmPlatformTlsIT" time="109.39"/>
  <testcase name="platformChart_whenTlsEnabledWithDifferentPrivateKey_hivemqRunning()" classname="com.hivemq.helmcharts.platform.HelmPlatformTlsIT" time="93.105"/>
</testsuite>
