<?xml version="1.0" encoding="UTF-8"?>
<testsuite name="com.hivemq.helmcharts.operator.CustomOperatorSelectorIT" tests="1" skipped="0" failures="0" errors="0" timestamp="2025-08-12T06:00:30" hostname="pkrvmsl9tci6h6u" time="95.099">
  <properties/>
  <testcase name="whenOperatorSelectorIsConfigured_thenOnlyMatchingCustomResourcesAreReconciled()" classname="com.hivemq.helmcharts.operator.CustomOperatorSelectorIT" time="95.099"/>
</testsuite>
