<?xml version="1.0" encoding="UTF-8"?>
<testsuite name="com.hivemq.helmcharts.platform.HelmCustomLogbackIT" tests="1" skipped="0" failures="0" errors="0" timestamp="2025-01-29T00:59:47" hostname="fv-az1440-86" time="99.116">
  <properties/>
  <testcase name="withCustomLogbackConfig_platformUsingCustomLogbackXml()" classname="com.hivemq.helmcharts.platform.HelmCustomLogbackIT" time="99.116">
    <system-out><![CDATA[2025-01-29 00:59:47,206 INFO c.h.h.t.HelmChartContainer - Creating namespace 'helmcustomlogbackit-operator'...
2025-01-29 00:59:47,212 INFO c.h.h.t.HelmChartContainer - Namespace 'helmcustomlogbackit-operator' created
2025-01-29 00:59:47,212 INFO c.h.h.t.HelmChartContainer - Creating namespace 'helmcustomlogbackit'...
2025-01-29 00:59:47,220 INFO c.h.h.t.HelmChartContainer - Namespace 'helmcustomlogbackit' created
2025-01-29 00:59:47,288 DEBUG c.h.h.t.HelmChartContainer - Executing helm command: /bin/helm --kubeconfig /etc/rancher/k3s/k3s.yaml install test-hivemq-platform-operator /charts/hivemq-platform-operator --wait --timeout 5m0s --set image.repository=docker.io/hivemq --set image.name=hivemq-platform-operator-test --set image.initImageName=hivemq-platform-operator-init-test --set image.tag=snapshot --set image.pullPolicy=Never --set logLevel=DEBUG --set resources.cpu=512m --namespace helmcustomlogbackit-operator
2025-01-29 00:59:47,579 INFO c.h.h.t.HelmChartContainer - [K3S] [alloc.go:330] "allocated clusterIPs" service="helmcustomlogbackit-operator/hivemq-platform-operator-test-hivemq-platform-operator" clusterIPs={"IPv4":"10.43.219.62"}
2025-01-29 00:59:47,591 INFO c.h.h.t.HelmChartContainer - [EVENT] Normal [ScalingReplicaSet] Scaled up replica set hivemq-test-hivemq-platform-operator-6966f96d65 from 0 to 1 [helmcustomlogbackit-operator:hivemq-test-hivemq-platform-operator]
2025-01-29 00:59:47,599 INFO c.h.h.t.HelmChartContainer - [K3S] [replica_set.go:679] "Finished syncing" kind="ReplicaSet" key="helmcustomlogbackit-operator/hivemq-test-hivemq-platform-operator-6966f96d65" duration="10.395883ms"
2025-01-29 00:59:47,600 INFO c.h.h.t.HelmChartContainer - [EVENT] Normal [SuccessfulCreate] Created pod: hivemq-test-hivemq-platform-operator-6966f96d65-9bh48 [helmcustomlogbackit-operator:hivemq-test-hivemq-platform-operator-6966f96d65]
2025-01-29 00:59:47,602 INFO c.h.h.t.HelmChartContainer - [POD] hivemq-test-hivemq-platform-operator-6966f96d65-9bh48 [e4ff5a47-a179-46f8-ba20-8258012cfa76] in helmcustomlogbackit-operator was ADDED
2025-01-29 00:59:47,609 INFO c.h.h.t.HelmChartContainer - [POD] hivemq-test-hivemq-platform-operator-6966f96d65-9bh48 [e4ff5a47-a179-46f8-ba20-8258012cfa76] in helmcustomlogbackit-operator was MODIFIED
2025-01-29 00:59:47,611 INFO c.h.h.t.HelmChartContainer - [K3S] [memory_manager.go:355] "RemoveStaleState removing state" podUID="1d37fd2b-f8d8-467d-b166-a7e467124d22" containerName="hivemq"
2025-01-29 00:59:47,611 INFO c.h.h.t.HelmChartContainer - [K3S] [memory_manager.go:355] "RemoveStaleState removing state" podUID="ebc1b29e-1a2b-4e1f-8470-4b1a09b1f37b" containerName="hivemq"
2025-01-29 00:59:47,611 INFO c.h.h.t.HelmChartContainer - [K3S] [memory_manager.go:355] "RemoveStaleState removing state" podUID="4575ad64-6f55-432d-8f2a-69736e0caeed" containerName="hivemq-platform-operator"
2025-01-29 00:59:47,613 INFO c.h.h.t.HelmChartContainer - [K3S] [replica_set.go:679] "Finished syncing" kind="ReplicaSet" key="helmcustomlogbackit-operator/hivemq-test-hivemq-platform-operator-6966f96d65" duration="10.569204ms"
2025-01-29 00:59:47,613 INFO c.h.h.t.HelmChartContainer - [K3S] [replica_set.go:679] "Finished syncing" kind="ReplicaSet" key="helmcustomlogbackit-operator/hivemq-test-hivemq-platform-operator-6966f96d65" duration="35.527µs"
2025-01-29 00:59:47,615 INFO c.h.h.t.HelmChartContainer - [EVENT] Normal [Scheduled] Successfully assigned helmcustomlogbackit-operator/hivemq-test-hivemq-platform-operator-6966f96d65-9bh48 to ad322f66c93b [helmcustomlogbackit-operator:hivemq-test-hivemq-platform-operator-6966f96d65-9bh48]
2025-01-29 00:59:47,625 INFO c.h.h.t.HelmChartContainer - [K3S] [replica_set.go:679] "Finished syncing" kind="ReplicaSet" key="helmcustomlogbackit-operator/hivemq-test-hivemq-platform-operator-6966f96d65" duration="30.357µs"
2025-01-29 00:59:47,626 INFO c.h.h.t.HelmChartContainer - [POD] hivemq-test-hivemq-platform-operator-6966f96d65-9bh48 [e4ff5a47-a179-46f8-ba20-8258012cfa76] in helmcustomlogbackit-operator was MODIFIED
2025-01-29 00:59:47,715 INFO c.h.h.t.HelmChartContainer - [K3S] [reconciler_common.go:251] "operationExecutor.VerifyControllerAttachedVolume started for volume \"kube-api-access-dtxv8\" (UniqueName: \"kubernetes.io/projected/e4ff5a47-a179-46f8-ba20-8258012cfa76-kube-api-access-dtxv8\") pod \"hivemq-test-hivemq-platform-operator-6966f96d65-9bh48\" (UID: \"e4ff5a47-a179-46f8-ba20-8258012cfa76\") " pod="helmcustomlogbackit-operator/hivemq-test-hivemq-platform-operator-6966f96d65-9bh48"
2025-01-29 00:59:48,004 INFO c.h.h.t.HelmChartContainer - [EVENT] Normal [Pulled] Container image "docker.io/hivemq/hivemq-platform-operator-test:snapshot" already present on machine [helmcustomlogbackit-operator:hivemq-test-hivemq-platform-operator-6966f96d65-9bh48]
2025-01-29 00:59:48,004 INFO c.h.h.t.HelmChartContainer - Received Pulled event for container hivemq-platform-operator in pod hivemq-test-hivemq-platform-operator-6966f96d65-9bh48 [e4ff5a47-a179-46f8-ba20-8258012cfa76]
2025-01-29 00:59:49,271 INFO c.h.h.t.HelmChartContainer - [EVENT] Normal [Created] Created container: hivemq-platform-operator [helmcustomlogbackit-operator:hivemq-test-hivemq-platform-operator-6966f96d65-9bh48]
2025-01-29 00:59:49,271 INFO c.h.h.t.HelmChartContainer - Received Created event for container hivemq-platform-operator in pod hivemq-test-hivemq-platform-operator-6966f96d65-9bh48 [e4ff5a47-a179-46f8-ba20-8258012cfa76]
2025-01-29 00:59:50,082 INFO c.h.h.t.HelmChartContainer - [K3S] [replica_set.go:679] "Finished syncing" kind="ReplicaSet" key="helmcustomlogbackit-operator/hivemq-test-hivemq-platform-operator-6966f96d65" duration="41.567µs"
2025-01-29 00:59:50,085 INFO c.h.h.t.HelmChartContainer - [POD] hivemq-test-hivemq-platform-operator-6966f96d65-9bh48 [e4ff5a47-a179-46f8-ba20-8258012cfa76] in helmcustomlogbackit-operator was MODIFIED
2025-01-29 00:59:50,093 INFO c.h.h.t.HelmChartContainer - Started log watcher for hivemq-platform-operator in pod hivemq-test-hivemq-platform-operator-6966f96d65-9bh48 [e4ff5a47-a179-46f8-ba20-8258012cfa76]
2025-01-29 00:59:50,094 INFO c.h.h.t.HelmChartContainer - [EVENT] Normal [Started] Started container hivemq-platform-operator [helmcustomlogbackit-operator:hivemq-test-hivemq-platform-operator-6966f96d65-9bh48]
2025-01-29 00:59:50,094 INFO c.h.h.t.HelmChartContainer - Received Started event for container hivemq-platform-operator in pod hivemq-test-hivemq-platform-operator-6966f96d65-9bh48 [e4ff5a47-a179-46f8-ba20-8258012cfa76]
2025-01-29 00:59:50,094 INFO c.h.h.t.HelmChartContainer - [hivemq-test-hivemq-platform] [hivemq-platform-operator] [e4ff5a47] -------------------------------------------------------------------------
2025-01-29 00:59:50,094 INFO c.h.h.t.HelmChartContainer - [hivemq-test-hivemq-platform] [hivemq-platform-operator] [e4ff5a47] 
2025-01-29 00:59:50,094 INFO c.h.h.t.HelmChartContainer - [hivemq-test-hivemq-platform] [hivemq-platform-operator] [e4ff5a47]                   _    _  _              __  __   ____
2025-01-29 00:59:50,094 INFO c.h.h.t.HelmChartContainer - [hivemq-test-hivemq-platform] [hivemq-platform-operator] [e4ff5a47]                  | |  | |(_)            |  \/  | / __ \
2025-01-29 00:59:50,094 INFO c.h.h.t.HelmChartContainer - [hivemq-test-hivemq-platform] [hivemq-platform-operator] [e4ff5a47]                  | |__| | _ __   __ ___ | \  / || |  | |
2025-01-29 00:59:50,094 INFO c.h.h.t.HelmChartContainer - [hivemq-test-hivemq-platform] [hivemq-platform-operator] [e4ff5a47]                  |  __  || |\ \ / // _ \| |\/| || |  | |
2025-01-29 00:59:50,094 INFO c.h.h.t.HelmChartContainer - [hivemq-test-hivemq-platform] [hivemq-platform-operator] [e4ff5a47]                  | |  | || | \ V /|  __/| |  | || |__| |
2025-01-29 00:59:50,094 INFO c.h.h.t.HelmChartContainer - [hivemq-test-hivemq-platform] [hivemq-platform-operator] [e4ff5a47]                  |_|  |_||_|  \_/  \___||_|  |_| \___\_\
2025-01-29 00:59:50,094 INFO c.h.h.t.HelmChartContainer - [hivemq-test-hivemq-platform] [hivemq-platform-operator] [e4ff5a47] 
2025-01-29 00:59:50,094 INFO c.h.h.t.HelmChartContainer - [hivemq-test-hivemq-platform] [hivemq-platform-operator] [e4ff5a47] -------------------------------------------------------------------------
2025-01-29 00:59:50,094 INFO c.h.h.t.HelmChartContainer - [hivemq-test-hivemq-platform] [hivemq-platform-operator] [e4ff5a47] 
2025-01-29 00:59:50,094 INFO c.h.h.t.HelmChartContainer - [hivemq-test-hivemq-platform] [hivemq-platform-operator] [e4ff5a47]   HiveMQ Platform Operator Start Script v1.0
2025-01-29 00:59:50,094 INFO c.h.h.t.HelmChartContainer - [hivemq-test-hivemq-platform] [hivemq-platform-operator] [e4ff5a47] 
2025-01-29 00:59:50,094 INFO c.h.h.t.HelmChartContainer - [hivemq-test-hivemq-platform] [hivemq-platform-operator] [e4ff5a47] -------------------------------------------------------------------------
2025-01-29 00:59:50,094 INFO c.h.h.t.HelmChartContainer - [hivemq-test-hivemq-platform] [hivemq-platform-operator] [e4ff5a47] 
2025-01-29 00:59:50,094 INFO c.h.h.t.HelmChartContainer - [hivemq-test-hivemq-platform] [hivemq-platform-operator] [e4ff5a47]   JAVA_OPTS: -XX:+UnlockExperimentalVMOptions -XX:InitialRAMPercentage=75 -XX:MaxRAMPercentage=75 -Duser.language=en -Duser.region=US
2025-01-29 00:59:50,094 INFO c.h.h.t.HelmChartContainer - [hivemq-test-hivemq-platform] [hivemq-platform-operator] [e4ff5a47] 
2025-01-29 00:59:50,094 INFO c.h.h.t.HelmChartContainer - [hivemq-test-hivemq-platform] [hivemq-platform-operator] [e4ff5a47]   JAVA_VERSION: 21
2025-01-29 00:59:50,094 INFO c.h.h.t.HelmChartContainer - [hivemq-test-hivemq-platform] [hivemq-platform-operator] [e4ff5a47] 
2025-01-29 00:59:50,094 INFO c.h.h.t.HelmChartContainer - [hivemq-test-hivemq-platform] [hivemq-platform-operator] [e4ff5a47] -------------------------------------------------------------------------
2025-01-29 00:59:50,094 INFO c.h.h.t.HelmChartContainer - [hivemq-test-hivemq-platform] [hivemq-platform-operator] [e4ff5a47] 
2025-01-29 00:59:52,527 INFO c.h.h.t.HelmChartContainer - [hivemq-test-hivemq-platform] [hivemq-platform-operator] [e4ff5a47] 00:59:52.524 [main] DEBUG org.jboss.logging - Logging Provider: org.jboss.logging.Slf4jLoggerProvider
2025-01-29 00:59:52,648 INFO c.h.h.t.HelmChartContainer - [hivemq-test-hivemq-platform] [hivemq-platform-operator] [e4ff5a47] 00:59:52.646 [main] DEBUG io.smallrye.config - SRCFG01006: Loaded ConfigSource SysPropConfigSource with ordinal 400
2025-01-29 00:59:52,648 INFO c.h.h.t.HelmChartContainer - [hivemq-test-hivemq-platform] [hivemq-platform-operator] [e4ff5a47] 00:59:52.647 [main] DEBUG io.smallrye.config - SRCFG01006: Loaded ConfigSource EnvConfigSource with ordinal 300
2025-01-29 00:59:52,648 INFO c.h.h.t.HelmChartContainer - [hivemq-test-hivemq-platform] [hivemq-platform-operator] [e4ff5a47] 00:59:52.647 [main] DEBUG io.smallrye.config - SRCFG01006: Loaded ConfigSource PropertiesConfigSource[source=jar:file:///opt/hivemq-platform-operator/bin/hivemq-platform-operator.jar!/hivemq-platform-operator.properties] with ordinal 100
2025-01-29 00:59:52,648 INFO c.h.h.t.HelmChartContainer - [hivemq-test-hivemq-platform] [hivemq-platform-operator] [e4ff5a47] 00:59:52.647 [main] DEBUG io.smallrye.config - SRCFG01006: Loaded ConfigSource DefaultValuesConfigSource with ordinal -2147483648
2025-01-29 00:59:52,745 INFO c.h.h.t.HelmChartContainer - [hivemq-test-hivemq-platform] [hivemq-platform-operator] [e4ff5a47] 00:59:52.744 [main] DEBUG i.m.c.u.i.l.InternalLoggerFactory - Using SLF4J as the default logging framework
2025-01-29 00:59:52,919 INFO c.h.h.t.HelmChartContainer - [hivemq-test-hivemq-platform] [hivemq-platform-operator] [e4ff5a47] 00:59:52.845 [main] INFO  c.h.p.o.HiveMQPlatformOperatorApplication - HiveMQ Platform Operator 1.7.0-SNAPSHOT (commit: bebf408 on branch: HEAD) built on Sun Jan 26 20:47:47 UTC 2025
2025-01-29 00:59:52,919 INFO c.h.h.t.HelmChartContainer - [hivemq-test-hivemq-platform] [hivemq-platform-operator] [e4ff5a47] 00:59:52.918 [main] INFO  c.h.p.o.HiveMQPlatformOperatorApplication - HiveMQ Platform Operator is running in namespace: helmcustomlogbackit-operator
2025-01-29 00:59:52,920 INFO c.h.h.t.HelmChartContainer - [hivemq-test-hivemq-platform] [hivemq-platform-operator] [e4ff5a47] 00:59:52.918 [main] INFO  c.h.p.o.HiveMQPlatformOperatorApplication - Watching all namespaces
2025-01-29 00:59:52,920 INFO c.h.h.t.HelmChartContainer - [hivemq-test-hivemq-platform] [hivemq-platform-operator] [e4ff5a47] 00:59:52.918 [main] INFO  c.h.p.o.HiveMQPlatformOperatorApplication - Log level: DEBUG
2025-01-29 00:59:52,920 INFO c.h.h.t.HelmChartContainer - [hivemq-test-hivemq-platform] [hivemq-platform-operator] [e4ff5a47] 00:59:52.919 [main] INFO  c.h.p.o.HiveMQPlatformOperatorApplication - Release name: test-hivemq-platform-operator
2025-01-29 00:59:52,920 INFO c.h.h.t.HelmChartContainer - [hivemq-test-hivemq-platform] [hivemq-platform-operator] [e4ff5a47] 00:59:52.919 [main] INFO  c.h.p.o.HiveMQPlatformOperatorApplication - HiveMQ Platform Operator Init image: docker.io/hivemq/hivemq-platform-operator-init-test:snapshot
2025-01-29 00:59:52,920 INFO c.h.h.t.HelmChartContainer - [hivemq-test-hivemq-platform] [hivemq-platform-operator] [e4ff5a47] 00:59:52.919 [main] INFO  c.h.p.o.HiveMQPlatformOperatorApplication - HiveMQ Platform Operator Init App update URL: http://hivemq-platform-operator-test-hivemq-platform-operator.helmcustomlogbackit-operator.svc:8080/initAppUpdate/hivemq-platform-operator-init-app-1.7.0-SNAPSHOT.jar
2025-01-29 00:59:52,920 INFO c.h.h.t.HelmChartContainer - [hivemq-test-hivemq-platform] [hivemq-platform-operator] [e4ff5a47] 00:59:52.919 [main] INFO  c.h.p.o.HiveMQPlatformOperatorApplication - Additional imagePullSecret for all Platform deployments: none
2025-01-29 00:59:52,920 INFO c.h.h.t.HelmChartContainer - [hivemq-test-hivemq-platform] [hivemq-platform-operator] [e4ff5a47] 00:59:52.919 [main] INFO  c.h.p.o.HiveMQPlatformOperatorApplication - Apply HiveMQ Platform CRD: true
2025-01-29 00:59:52,920 INFO c.h.h.t.HelmChartContainer - [hivemq-test-hivemq-platform] [hivemq-platform-operator] [e4ff5a47] 00:59:52.919 [main] INFO  c.h.p.o.HiveMQPlatformOperatorApplication - Create Platform ServiceAccount: true
2025-01-29 00:59:52,920 INFO c.h.h.t.HelmChartContainer - [hivemq-test-hivemq-platform] [hivemq-platform-operator] [e4ff5a47] 00:59:52.919 [main] INFO  c.h.p.o.HiveMQPlatformOperatorApplication - Create Platform ServiceAccount permissions: true
2025-01-29 00:59:52,921 INFO c.h.h.t.HelmChartContainer - [hivemq-test-hivemq-platform] [hivemq-platform-operator] [e4ff5a47] 00:59:52.919 [main] INFO  c.h.p.o.HiveMQPlatformOperatorApplication - Validate Platform ServiceAccount: true
2025-01-29 00:59:52,921 INFO c.h.h.t.HelmChartContainer - [hivemq-test-hivemq-platform] [hivemq-platform-operator] [e4ff5a47] 00:59:52.919 [main] INFO  c.h.p.o.HiveMQPlatformOperatorApplication - Validate Platform ServiceAccount permissions: true
2025-01-29 00:59:53,038 INFO c.h.h.t.HelmChartContainer - [hivemq-test-hivemq-platform] [hivemq-platform-operator] [e4ff5a47] 00:59:53.036 [main] INFO  c.h.platform.operator.util.CRDUtil - Verifying deployed HiveMQ Platform CRD...
2025-01-29 00:59:55,425 INFO c.h.h.t.HelmChartContainer - [hivemq-test-hivemq-platform] [hivemq-platform-operator] [e4ff5a47] 00:59:55.423 [main] DEBUG c.h.platform.operator.util.CRDUtil - HiveMQ Platform CRD version v1 is up to date
2025-01-29 00:59:55,425 INFO c.h.h.t.HelmChartContainer - [hivemq-test-hivemq-platform] [hivemq-platform-operator] [e4ff5a47] 00:59:55.424 [main] INFO  c.h.platform.operator.util.CRDUtil - HiveMQ Platform CRD is up to date (version: V1_6_0)
2025-01-29 00:59:55,425 INFO c.h.h.t.HelmChartContainer - [hivemq-test-hivemq-platform] [hivemq-platform-operator] [e4ff5a47] 00:59:55.424 [main] INFO  c.h.platform.operator.util.CRDUtil - Waiting 10000 ms for HiveMQ Platform CRD 'hivemq-platforms.hivemq.com' to become ready...
2025-01-29 00:59:55,727 INFO c.h.h.t.HelmChartContainer - [hivemq-test-hivemq-platform] [hivemq-platform-operator] [e4ff5a47] 00:59:55.726 [vert.x-eventloop-thread-1] DEBUG c.h.platform.operator.util.CRDUtil - Checking CRD condition 'NamesAccepted' (status: 'True')
2025-01-29 00:59:55,728 INFO c.h.h.t.HelmChartContainer - [hivemq-test-hivemq-platform] [hivemq-platform-operator] [e4ff5a47] 00:59:55.726 [vert.x-eventloop-thread-1] DEBUG c.h.platform.operator.util.CRDUtil - Checking CRD condition 'Established' (status: 'True')
2025-01-29 00:59:55,729 INFO c.h.h.t.HelmChartContainer - [hivemq-test-hivemq-platform] [hivemq-platform-operator] [e4ff5a47] 00:59:55.727 [main] INFO  c.h.platform.operator.util.CRDUtil - HiveMQ Platform CRD 'hivemq-platforms.hivemq.com' is ready
2025-01-29 00:59:55,927 INFO c.h.h.t.HelmChartContainer - [hivemq-test-hivemq-platform] [hivemq-platform-operator] [e4ff5a47] 00:59:55.926 [main] INFO  c.h.p.o.HiveMQPlatformReconciler - HiveMQ Platform Operator is starting...
2025-01-29 00:59:56,026 INFO c.h.h.t.HelmChartContainer - [hivemq-test-hivemq-platform] [hivemq-platform-operator] [e4ff5a47] 00:59:56.025 [main] WARN  Default ConfigurationService implementation - Configuration for reconciler 'hivemq-controller' was not found. Known reconcilers: None.
2025-01-29 00:59:56,047 INFO c.h.h.t.HelmChartContainer - [hivemq-test-hivemq-platform] [hivemq-platform-operator] [e4ff5a47] 00:59:56.047 [main] INFO  Default ConfigurationService implementation - Created configuration for reconciler com.hivemq.platform.operator.HiveMQPlatformReconciler with name hivemq-controller
2025-01-29 00:59:56,149 INFO c.h.h.t.HelmChartContainer - [hivemq-test-hivemq-platform] [hivemq-platform-operator] [e4ff5a47] 00:59:56.148 [main] DEBUG c.h.p.o.HiveMQPlatformReconciler - HiveMQ Platform Operator is preparing EventSources
2025-01-29 00:59:56,227 INFO c.h.h.t.HelmChartContainer - [hivemq-test-hivemq-platform] [hivemq-platform-operator] [e4ff5a47] 00:59:56.226 [main] INFO  i.javaoperatorsdk.operator.Operator - Registered reconciler: 'hivemq-controller' for resource: 'class com.hivemq.platform.operator.v1.HiveMQPlatform' for namespace(s): [all namespaces]
2025-01-29 00:59:56,846 INFO c.h.h.t.HelmChartContainer - [hivemq-test-hivemq-platform] [hivemq-platform-operator] [e4ff5a47] 00:59:56.845 [main] INFO  c.h.p.operator.webserver.JettyServer - Starting Jetty server on port 8080
2025-01-29 00:59:56,929 INFO c.h.h.t.HelmChartContainer - [hivemq-test-hivemq-platform] [hivemq-platform-operator] [e4ff5a47] 00:59:56.928 [main] INFO  i.javaoperatorsdk.operator.Operator - Operator SDK 4.9.7 (commit: 2133d28) built on Wed Nov 20 12:56:20 UTC 2024 starting...
2025-01-29 00:59:56,929 INFO c.h.h.t.HelmChartContainer - [hivemq-test-hivemq-platform] [hivemq-platform-operator] [e4ff5a47] 00:59:56.928 [main] INFO  i.javaoperatorsdk.operator.Operator - Client version: 6.13.4
2025-01-29 00:59:56,930 INFO c.h.h.t.HelmChartContainer - [hivemq-test-hivemq-platform] [hivemq-platform-operator] [e4ff5a47] 00:59:56.930 [Controller Starter for: hivemq-controller] INFO  i.j.operator.processing.Controller - Starting 'hivemq-controller' controller for reconciler: com.hivemq.platform.operator.HiveMQPlatformReconciler, resource: com.hivemq.platform.operator.v1.HiveMQPlatform
2025-01-29 00:59:59,220 INFO c.h.h.t.HelmChartContainer - [hivemq-test-hivemq-platform] [hivemq-platform-operator] [e4ff5a47] 00:59:59.219 [Controller Starter for: hivemq-controller] INFO  i.j.operator.processing.Controller - 'hivemq-controller' controller started
2025-01-29 00:59:59,221 INFO c.h.h.t.HelmChartContainer - [hivemq-test-hivemq-platform] [hivemq-platform-operator] [e4ff5a47] 00:59:59.219 [main] INFO  c.h.p.o.HiveMQPlatformOperatorApplication - HiveMQ Platform Operator 1.7.0-SNAPSHOT started in 6374 ms
2025-01-29 01:00:01,091 INFO c.h.h.t.HelmChartContainer - [POD] hivemq-test-hivemq-platform-operator-6966f96d65-9bh48 [e4ff5a47-a179-46f8-ba20-8258012cfa76] in helmcustomlogbackit-operator was MODIFIED
2025-01-29 01:00:01,095 INFO c.h.h.t.HelmChartContainer - [K3S] [replica_set.go:679] "Finished syncing" kind="ReplicaSet" key="helmcustomlogbackit-operator/hivemq-test-hivemq-platform-operator-6966f96d65" duration="7.717284ms"
2025-01-29 01:00:01,096 INFO c.h.h.t.HelmChartContainer - [K3S] [replica_set.go:679] "Finished syncing" kind="ReplicaSet" key="helmcustomlogbackit-operator/hivemq-test-hivemq-platform-operator-6966f96d65" duration="34.855µs"
2025-01-29 01:00:01,712 DEBUG c.h.h.t.HelmChartContainer - Executing helm command: /bin/helm --kubeconfig /etc/rancher/k3s/k3s.yaml install test-hivemq-platform /charts/hivemq-platform --wait --timeout 5m0s --set image.repository=docker.io/hivemq --set image.tag=4.36.0 --set image.pullPolicy=Never --set nodes.resources.cpu=512m --set nodes.replicaCount=1 --set-file config.customLogbackConfig=/files/custom-logback.xml --namespace helmcustomlogbackit
2025-01-29 01:00:02,025 INFO c.h.h.t.HelmChartContainer - [hivemq-test-hivemq-platform] [hivemq-platform-operator] [e4ff5a47] 01:00:02.017 [-373097727-pool-1-thread-2] WARN  i.m.p.PrometheusMeterRegistry - The meter (MeterId{name='operator.sdk.events.received', tags=[tag(action=ADDED),tag(event=ResourceEvent),tag(group=hivemq.com),tag(kind=HiveMQPlatform),tag(name=test-hivemq-platform),tag(namespace=helmcustomlogbackit),tag(scope=namespace),tag(version=v1)]}) registration has failed: Prometheus requires that all meters with the same name have the same set of tag keys. There is already an existing meter named 'operator.sdk.events.received' containing tag keys [event, group, kind, name, namespace, scope, version]. The meter you are attempting to register has keys [action, event, group, kind, name, namespace, scope, version]. Note that subsequent logs will be logged at debug level.
2025-01-29 01:00:02,424 INFO c.h.h.t.HelmChartContainer - [hivemq-test-hivemq-platform] [hivemq-platform-operator] [e4ff5a47] 01:00:02.422 [pool-6-thread-3] DEBUG c.h.p.o.dependants.PodInfoConfigMap - [helmcust] Desired PodInfo ConfigMap (1 extensions) (1 enabled)
2025-01-29 01:00:02,424 INFO c.h.h.t.HelmChartContainer - [hivemq-test-hivemq-platform] [hivemq-platform-operator] [e4ff5a47] 01:00:02.423 [pool-6-thread-3] DEBUG c.h.p.o.dependants.PodInfoConfigMap - [helmcust] Desired PodInfo ConfigMap (metrics port: 9399) (metrics path: /)
2025-01-29 01:00:02,425 INFO c.h.h.t.HelmChartContainer - [hivemq-test-hivemq-platform] [hivemq-platform-operator] [e4ff5a47] 01:00:02.423 [pool-6-thread-3] DEBUG c.h.p.o.dependants.PodInfoConfigMap - [helmcust] Desired PodInfo ConfigMap (extension state hash: -1817474005)
2025-01-29 01:00:02,426 INFO c.h.h.t.HelmChartContainer - [hivemq-test-hivemq-platform] [hivemq-platform-operator] [e4ff5a47] 01:00:02.424 [pool-6-thread-3] DEBUG c.h.p.o.dependants.PodInfoConfigMap - [helmcust] Create PodInfo ConfigMap
2025-01-29 01:00:02,521 INFO c.h.h.t.HelmChartContainer - [hivemq-test-hivemq-platform] [hivemq-platform-operator] [e4ff5a47] 01:00:02.519 [pool-6-thread-5] DEBUG c.h.p.o.dependants.PodRoleResource - [helmcust] Create Role: Role(apiVersion=rbac.authorization.k8s.io/v1, kind=Role, metadata=ObjectMeta(annotations={meta.helm.sh/release-name=test-hivemq-platform, meta.helm.sh/release-namespace=helmcustomlogbackit}, creationTimestamp=null, deletionGracePeriodSeconds=null, deletionTimestamp=null, finalizers=[], generateName=null, generation=null, labels={helm.sh/chart=hivemq-platform-0.2.32, app.kubernetes.io/managed-by=Helm, app.kubernetes.io/name=hivemq-platform, hivemq-platform=test-hivemq-platform, app.kubernetes.io/instance=test-hivemq-platform, app.kubernetes.io/version=4.36.0}, managedFields=[], name=hivemq-platform-role-test-hivemq-platform, namespace=helmcustomlogbackit, ownerReferences=[OwnerReference(apiVersion=hivemq.com/v1, blockOwnerDeletion=null, controller=null, kind=HiveMQPlatform, name=test-hivemq-platform, uid=a43d1ca0-2744-49d0-88e1-85ddcece4bdb, additionalProperties={})], resourceVersion=null, selfLink=null, uid=null, additionalProperties={}), rules=[PolicyRule(apiGroups=[], nonResourceURLs=[], resourceNames=[], resources=[pods], verbs=[get, patch, update], additionalProperties={})], additionalProperties={})
2025-01-29 01:00:02,622 INFO c.h.h.t.HelmChartContainer - [hivemq-test-hivemq-platform] [hivemq-platform-operator] [e4ff5a47] 01:00:02.619 [pool-6-thread-7] DEBUG c.h.p.o.d.PodServiceAccountResource - [helmcust] Desired PodServiceAccountResource (serviceAccountName: hivemq-platform-pod-test-hivemq-platform)
2025-01-29 01:00:02,622 INFO c.h.h.t.HelmChartContainer - [hivemq-test-hivemq-platform] [hivemq-platform-operator] [e4ff5a47] 01:00:02.620 [pool-6-thread-7] DEBUG c.h.p.o.d.PodServiceAccountResource - [helmcust] Create ServiceAccount 'hivemq-platform-pod-test-hivemq-platform'
2025-01-29 01:00:02,725 INFO c.h.h.t.HelmChartContainer - [hivemq-test-hivemq-platform] [hivemq-platform-operator] [e4ff5a47] 01:00:02.724 [pool-6-thread-9] DEBUG c.h.p.o.d.PodRoleBindingResource - [helmcust] Create RoleBinding: RoleBinding(apiVersion=rbac.authorization.k8s.io/v1, kind=RoleBinding, metadata=ObjectMeta(annotations={meta.helm.sh/release-name=test-hivemq-platform, meta.helm.sh/release-namespace=helmcustomlogbackit}, creationTimestamp=null, deletionGracePeriodSeconds=null, deletionTimestamp=null, finalizers=[], generateName=null, generation=null, labels={helm.sh/chart=hivemq-platform-0.2.32, app.kubernetes.io/managed-by=Helm, app.kubernetes.io/name=hivemq-platform, hivemq-platform=test-hivemq-platform, app.kubernetes.io/instance=test-hivemq-platform, app.kubernetes.io/version=4.36.0}, managedFields=[], name=hivemq-platform-role-binding-test-hivemq-platform, namespace=helmcustomlogbackit, ownerReferences=[OwnerReference(apiVersion=hivemq.com/v1, blockOwnerDeletion=null, controller=null, kind=HiveMQPlatform, name=test-hivemq-platform, uid=a43d1ca0-2744-49d0-88e1-85ddcece4bdb, additionalProperties={})], resourceVersion=null, selfLink=null, uid=null, additionalProperties={}), roleRef=RoleRef(apiGroup=rbac.authorization.k8s.io, kind=Role, name=hivemq-platform-role-test-hivemq-platform, additionalProperties={}), subjects=[Subject(apiGroup=null, kind=ServiceAccount, name=hivemq-platform-pod-test-hivemq-platform, namespace=helmcustomlogbackit, additionalProperties={})], additionalProperties={})
2025-01-29 01:00:02,819 INFO c.h.h.t.HelmChartContainer - [hivemq-test-hivemq-platform] [hivemq-platform-operator] [e4ff5a47] 01:00:02.818 [ReconcilerExecutor-hivemq-controller-54] INFO  c.h.p.o.HiveMQPlatformReconciler - [helmcust] Reconciling HiveMQ Platform 'test-hivemq-platform' in namespace 'helmcustomlogbackit'
2025-01-29 01:00:02,819 INFO c.h.h.t.HelmChartContainer - [hivemq-test-hivemq-platform] [hivemq-platform-operator] [e4ff5a47] 01:00:02.818 [ReconcilerExecutor-hivemq-controller-54] DEBUG c.h.p.o.HiveMQPlatformReconciler - [helmcust] Custom Resource Status CREATED - HiveMQ Platform was created (READY)
2025-01-29 01:00:02,819 INFO c.h.h.t.HelmChartContainer - [hivemq-test-hivemq-platform] [hivemq-platform-operator] [e4ff5a47] 01:00:02.818 [ReconcilerExecutor-hivemq-controller-54] DEBUG c.h.p.o.HiveMQPlatformReconciler - [helmcust] Custom Resource Spec (replicas: 1) (extensions: 1)
2025-01-29 01:00:02,822 INFO c.h.h.t.HelmChartContainer - [hivemq-test-hivemq-platform] [hivemq-platform-operator] [e4ff5a47] 01:00:02.822 [ReconcilerExecutor-hivemq-controller-54] INFO  c.h.p.o.h.HiveMQPlatformReconcilerBaseHandler - [helmcust] HiveMQ Platform is starting
2025-01-29 01:00:02,924 INFO c.h.h.t.HelmChartContainer - [hivemq-test-hivemq-platform] [hivemq-platform-operator] [e4ff5a47] 01:00:02.923 [ReconcilerExecutor-hivemq-controller-54] DEBUG c.h.p.operator.event.EventSender - [helmcust] Creating K8s event hivemq-platform-starting: [Start] HiveMQ Platform is starting
2025-01-29 01:00:02,941 INFO c.h.h.t.HelmChartContainer - [EVENT] Normal [Start] HiveMQ Platform is starting [helmcustomlogbackit:test-hivemq-platform]
2025-01-29 01:00:03,020 INFO c.h.h.t.HelmChartContainer - [hivemq-test-hivemq-platform] [hivemq-platform-operator] [e4ff5a47] 01:00:03.019 [ReconcilerExecutor-hivemq-controller-54] INFO  c.h.p.o.h.AbstractHiveMQReconcilerStateHandler - [helmcust] Update HiveMQ Platform Status (CREATED [READY] -> STARTING [READY]): HiveMQ Platform is starting
2025-01-29 01:00:03,033 DEBUG com.hivemq.helmcharts.util.K8sUtil - Comparing actual state 'STARTING' and waiting for 'RUNNING'
2025-01-29 01:00:13,045 INFO c.h.h.t.HelmChartContainer - [hivemq-test-hivemq-platform] [hivemq-platform-operator] [e4ff5a47] 01:00:13.041 [pool-6-thread-12] DEBUG c.h.p.o.d.PlatformServiceResource - [helmcust] Desired Platform services (3 services)
2025-01-29 01:00:13,045 INFO c.h.h.t.HelmChartContainer - [hivemq-test-hivemq-platform] [hivemq-platform-operator] [e4ff5a47] 01:00:13.043 [pool-6-thread-13] DEBUG c.h.p.o.dependants.PodInfoConfigMap - [helmcust] Desired PodInfo ConfigMap (1 extensions) (1 enabled)
2025-01-29 01:00:13,045 INFO c.h.h.t.HelmChartContainer - [hivemq-test-hivemq-platform] [hivemq-platform-operator] [e4ff5a47] 01:00:13.044 [pool-6-thread-13] DEBUG c.h.p.o.dependants.PodInfoConfigMap - [helmcust] Desired PodInfo ConfigMap (metrics port: 9399) (metrics path: /)
2025-01-29 01:00:13,045 INFO c.h.h.t.HelmChartContainer - [hivemq-test-hivemq-platform] [hivemq-platform-operator] [e4ff5a47] 01:00:13.044 [pool-6-thread-13] DEBUG c.h.p.o.dependants.PodInfoConfigMap - [helmcust] Desired PodInfo ConfigMap (extension state hash: -1817474005)
2025-01-29 01:00:13,047 INFO c.h.h.t.HelmChartContainer - [hivemq-test-hivemq-platform] [hivemq-platform-operator] [e4ff5a47] 01:00:13.046 [pool-6-thread-17] DEBUG c.h.p.o.d.PodServiceAccountResource - [helmcust] Desired PodServiceAccountResource (serviceAccountName: hivemq-platform-pod-test-hivemq-platform)
2025-01-29 01:00:13,053 INFO c.h.h.t.HelmChartContainer - [hivemq-test-hivemq-platform] [hivemq-platform-operator] [e4ff5a47] 01:00:13.053 [pool-6-thread-13] DEBUG c.h.p.o.dependants.PodInfoConfigMap - [helmcust] Update PodInfo ConfigMap
2025-01-29 01:00:13,127 INFO c.h.h.t.HelmChartContainer - [K3S] [alloc.go:330] "allocated clusterIPs" service="helmcustomlogbackit/hivemq-test-hivemq-platform-metrics-9399" clusterIPs={"IPv4":"10.43.78.166"}
2025-01-29 01:00:13,152 INFO c.h.h.t.HelmChartContainer - [K3S] [alloc.go:330] "allocated clusterIPs" service="helmcustomlogbackit/hivemq-test-hivemq-platform-mqtt-1883" clusterIPs={"IPv4":"10.43.128.59"}
2025-01-29 01:00:13,225 INFO c.h.h.t.HelmChartContainer - [K3S] [alloc.go:330] "allocated clusterIPs" service="helmcustomlogbackit/hivemq-test-hivemq-platform-cc-8080" clusterIPs={"IPv4":"10.43.182.110"}
2025-01-29 01:00:13,248 INFO c.h.h.t.HelmChartContainer - [hivemq-test-hivemq-platform] [hivemq-platform-operator] [e4ff5a47] 01:00:13.247 [pool-6-thread-20] DEBUG c.h.p.o.d.StatefulSetResource - [helmcust] Desired StatefulSet (1 replicas) for status STARTING (READY)
2025-01-29 01:00:13,327 INFO c.h.h.t.HelmChartContainer - [hivemq-test-hivemq-platform] [hivemq-platform-operator] [e4ff5a47] 01:00:13.326 [pool-6-thread-20] DEBUG c.h.p.o.d.StatefulSetResource - [helmcust] Create StatefulSet
2025-01-29 01:00:13,436 INFO c.h.h.t.HelmChartContainer - [POD] test-hivemq-platform-0 [45a15806-5436-4d1c-8619-a6cf303b06ad] in helmcustomlogbackit was ADDED
2025-01-29 01:00:13,440 INFO c.h.h.t.HelmChartContainer - [EVENT] Normal [SuccessfulCreate] create Pod test-hivemq-platform-0 in StatefulSet test-hivemq-platform successful [helmcustomlogbackit:test-hivemq-platform]
2025-01-29 01:00:13,441 INFO c.h.h.t.HelmChartContainer - [POD] test-hivemq-platform-0 [45a15806-5436-4d1c-8619-a6cf303b06ad] in helmcustomlogbackit was MODIFIED
2025-01-29 01:00:13,442 INFO c.h.h.t.HelmChartContainer - [EVENT] Normal [Scheduled] Successfully assigned helmcustomlogbackit/test-hivemq-platform-0 to ad322f66c93b [helmcustomlogbackit:test-hivemq-platform-0]
2025-01-29 01:00:13,459 INFO c.h.h.t.HelmChartContainer - [POD] test-hivemq-platform-0 [45a15806-5436-4d1c-8619-a6cf303b06ad] in helmcustomlogbackit was MODIFIED
2025-01-29 01:00:13,550 INFO c.h.h.t.HelmChartContainer - [hivemq-test-hivemq-platform] [hivemq-platform-operator] [e4ff5a47] 01:00:13.548 [ReconcilerExecutor-hivemq-controller-65] INFO  c.h.p.o.HiveMQPlatformReconciler - [helmcust] Reconciling HiveMQ Platform 'test-hivemq-platform' in namespace 'helmcustomlogbackit'
2025-01-29 01:00:13,550 INFO c.h.h.t.HelmChartContainer - [hivemq-test-hivemq-platform] [hivemq-platform-operator] [e4ff5a47] 01:00:13.549 [ReconcilerExecutor-hivemq-controller-65] DEBUG c.h.p.o.HiveMQPlatformReconciler - [helmcust] Custom Resource Status STARTING - HiveMQ Platform is starting (READY)
2025-01-29 01:00:13,551 INFO c.h.h.t.HelmChartContainer - [hivemq-test-hivemq-platform] [hivemq-platform-operator] [e4ff5a47] 01:00:13.549 [ReconcilerExecutor-hivemq-controller-65] DEBUG c.h.p.o.HiveMQPlatformReconciler - [helmcust] Custom Resource Spec (replicas: 1) (extensions: 1)
2025-01-29 01:00:13,559 INFO c.h.h.t.HelmChartContainer - [K3S] [reconciler_common.go:251] "operationExecutor.VerifyControllerAttachedVolume started for volume \"kube-api-access-2kccp\" (UniqueName: \"kubernetes.io/projected/45a15806-5436-4d1c-8619-a6cf303b06ad-kube-api-access-2kccp\") pod \"test-hivemq-platform-0\" (UID: \"45a15806-5436-4d1c-8619-a6cf303b06ad\") " pod="helmcustomlogbackit/test-hivemq-platform-0"
2025-01-29 01:00:13,559 INFO c.h.h.t.HelmChartContainer - [K3S] [reconciler_common.go:251] "operationExecutor.VerifyControllerAttachedVolume started for volume \"pod-info\" (UniqueName: \"kubernetes.io/configmap/45a15806-5436-4d1c-8619-a6cf303b06ad-pod-info\") pod \"test-hivemq-platform-0\" (UID: \"45a15806-5436-4d1c-8619-a6cf303b06ad\") " pod="helmcustomlogbackit/test-hivemq-platform-0"
2025-01-29 01:00:13,559 INFO c.h.h.t.HelmChartContainer - [K3S] [reconciler_common.go:251] "operationExecutor.VerifyControllerAttachedVolume started for volume \"broker-configuration\" (UniqueName: \"kubernetes.io/configmap/45a15806-5436-4d1c-8619-a6cf303b06ad-broker-configuration\") pod \"test-hivemq-platform-0\" (UID: \"45a15806-5436-4d1c-8619-a6cf303b06ad\") " pod="helmcustomlogbackit/test-hivemq-platform-0"
2025-01-29 01:00:13,560 INFO c.h.h.t.HelmChartContainer - [K3S] [reconciler_common.go:251] "operationExecutor.VerifyControllerAttachedVolume started for volume \"operator-init\" (UniqueName: \"kubernetes.io/empty-dir/45a15806-5436-4d1c-8619-a6cf303b06ad-operator-init\") pod \"test-hivemq-platform-0\" (UID: \"45a15806-5436-4d1c-8619-a6cf303b06ad\") " pod="helmcustomlogbackit/test-hivemq-platform-0"
2025-01-29 01:00:13,619 INFO c.h.h.t.HelmChartContainer - [hivemq-test-hivemq-platform] [hivemq-platform-operator] [e4ff5a47] 01:00:13.618 [ReconcilerExecutor-hivemq-controller-65] DEBUG c.h.p.o.HiveMQPlatformReconciler - [helmcust] StatefulSet Status (revision: test-hivemq-platform-989b74cd6, replicas: 1, available: 0, ready: 0, current: 1, updated: 1)
2025-01-29 01:00:13,619 INFO c.h.h.t.HelmChartContainer - [hivemq-test-hivemq-platform] [hivemq-platform-operator] [e4ff5a47] 01:00:13.618 [ReconcilerExecutor-hivemq-controller-65] DEBUG c.h.p.o.HiveMQPlatformReconciler - [helmcust] StatefulSet Spec (replicas: 1, init containers: 1, containers: 1, volumes: 3)
2025-01-29 01:00:13,645 INFO c.h.h.t.HelmChartContainer - [hivemq-test-hivemq-platform] [hivemq-platform-operator] [e4ff5a47] 01:00:13.644 [ReconcilerExecutor-hivemq-controller-65] DEBUG c.h.p.o.h.HiveMQPlatformReconcilerErrorHandler - [helmcust] Pod 'test-hivemq-platform-0' phase Pending
2025-01-29 01:00:13,646 INFO c.h.h.t.HelmChartContainer - [hivemq-test-hivemq-platform] [hivemq-platform-operator] [e4ff5a47] 01:00:13.645 [ReconcilerExecutor-hivemq-controller-65] DEBUG c.h.p.o.h.HiveMQPlatformReconcilerErrorHandler - [helmcust] Pod 'test-hivemq-platform-0' condition 'PodReadyToStartContainers': False
2025-01-29 01:00:13,647 INFO c.h.h.t.HelmChartContainer - [hivemq-test-hivemq-platform] [hivemq-platform-operator] [e4ff5a47] 01:00:13.645 [ReconcilerExecutor-hivemq-controller-65] DEBUG c.h.p.o.h.HiveMQPlatformReconcilerErrorHandler - [helmcust] Pod 'test-hivemq-platform-0' condition 'Initialized': False
2025-01-29 01:00:13,647 INFO c.h.h.t.HelmChartContainer - [hivemq-test-hivemq-platform] [hivemq-platform-operator] [e4ff5a47] 01:00:13.645 [ReconcilerExecutor-hivemq-controller-65] DEBUG c.h.p.o.h.HiveMQPlatformReconcilerErrorHandler - [helmcust] Pod 'test-hivemq-platform-0' condition 'Ready': False
2025-01-29 01:00:13,647 INFO c.h.h.t.HelmChartContainer - [hivemq-test-hivemq-platform] [hivemq-platform-operator] [e4ff5a47] 01:00:13.646 [ReconcilerExecutor-hivemq-controller-65] DEBUG c.h.p.o.h.HiveMQPlatformReconcilerErrorHandler - [helmcust] Pod 'test-hivemq-platform-0' condition 'ContainersReady': False
2025-01-29 01:00:13,647 INFO c.h.h.t.HelmChartContainer - [hivemq-test-hivemq-platform] [hivemq-platform-operator] [e4ff5a47] 01:00:13.646 [ReconcilerExecutor-hivemq-controller-65] DEBUG c.h.p.o.h.HiveMQPlatformReconcilerErrorHandler - [helmcust] Pod 'test-hivemq-platform-0' condition 'PodScheduled': True
2025-01-29 01:00:13,647 INFO c.h.h.t.HelmChartContainer - [hivemq-test-hivemq-platform] [hivemq-platform-operator] [e4ff5a47] 01:00:13.646 [ReconcilerExecutor-hivemq-controller-65] DEBUG c.h.p.o.h.HiveMQPlatformReconcilerErrorHandler - [helmcust] Pod 'test-hivemq-platform-0' containerStatus 'hivemq' (started: false) (ready: false) (waiting: [PodInitializing] null)
2025-01-29 01:00:13,650 INFO c.h.h.t.HelmChartContainer - [hivemq-test-hivemq-platform] [hivemq-platform-operator] [e4ff5a47] 01:00:13.649 [ReconcilerExecutor-hivemq-controller-65] INFO  c.h.p.o.h.HiveMQPlatformReconcilerBaseHandler - [helmcust] HiveMQ Platform is starting, 0 of 1 replicas are ready
2025-01-29 01:00:13,722 INFO c.h.h.t.HelmChartContainer - [hivemq-test-hivemq-platform] [hivemq-platform-operator] [e4ff5a47] 01:00:13.718 [pool-6-thread-22] DEBUG c.h.p.o.d.PlatformServiceResource - [helmcust] Desired Platform services (3 services)
2025-01-29 01:00:13,723 INFO c.h.h.t.HelmChartContainer - [hivemq-test-hivemq-platform] [hivemq-platform-operator] [e4ff5a47] 01:00:13.720 [pool-6-thread-23] DEBUG c.h.p.o.dependants.PodInfoConfigMap - [helmcust] Desired PodInfo ConfigMap (1 extensions) (1 enabled)
2025-01-29 01:00:13,723 INFO c.h.h.t.HelmChartContainer - [hivemq-test-hivemq-platform] [hivemq-platform-operator] [e4ff5a47] 01:00:13.720 [pool-6-thread-23] DEBUG c.h.p.o.dependants.PodInfoConfigMap - [helmcust] Desired PodInfo ConfigMap (metrics port: 9399) (metrics path: /)
2025-01-29 01:00:13,723 INFO c.h.h.t.HelmChartContainer - [hivemq-test-hivemq-platform] [hivemq-platform-operator] [e4ff5a47] 01:00:13.720 [pool-6-thread-23] DEBUG c.h.p.o.dependants.PodInfoConfigMap - [helmcust] Desired PodInfo ConfigMap (extension state hash: -1817474005)
2025-01-29 01:00:13,725 INFO c.h.h.t.HelmChartContainer - [hivemq-test-hivemq-platform] [hivemq-platform-operator] [e4ff5a47] 01:00:13.724 [pool-6-thread-27] DEBUG c.h.p.o.d.PodServiceAccountResource - [helmcust] Desired PodServiceAccountResource (serviceAccountName: hivemq-platform-pod-test-hivemq-platform)
2025-01-29 01:00:13,820 INFO c.h.h.t.HelmChartContainer - [hivemq-test-hivemq-platform] [hivemq-platform-operator] [e4ff5a47] 01:00:13.819 [pool-6-thread-30] DEBUG c.h.p.o.d.StatefulSetResource - [helmcust] Desired StatefulSet (1 replicas) for status STARTING (READY)
2025-01-29 01:00:13,831 INFO c.h.h.t.HelmChartContainer - [hivemq-test-hivemq-platform] [hivemq-platform-operator] [e4ff5a47] 01:00:13.830 [ReconcilerExecutor-hivemq-controller-76] INFO  c.h.p.o.HiveMQPlatformReconciler - [helmcust] Reconciling HiveMQ Platform 'test-hivemq-platform' in namespace 'helmcustomlogbackit'
2025-01-29 01:00:13,832 INFO c.h.h.t.HelmChartContainer - [hivemq-test-hivemq-platform] [hivemq-platform-operator] [e4ff5a47] 01:00:13.831 [ReconcilerExecutor-hivemq-controller-76] DEBUG c.h.p.o.HiveMQPlatformReconciler - [helmcust] Custom Resource Status STARTING - HiveMQ Platform is starting (READY)
2025-01-29 01:00:13,832 INFO c.h.h.t.HelmChartContainer - [hivemq-test-hivemq-platform] [hivemq-platform-operator] [e4ff5a47] 01:00:13.831 [ReconcilerExecutor-hivemq-controller-76] DEBUG c.h.p.o.HiveMQPlatformReconciler - [helmcust] Custom Resource Spec (replicas: 1) (extensions: 1)
2025-01-29 01:00:13,838 INFO c.h.h.t.HelmChartContainer - [EVENT] Normal [Pulled] Container image "docker.io/hivemq/hivemq-platform-operator-init-test:snapshot" already present on machine [helmcustomlogbackit:test-hivemq-platform-0]
2025-01-29 01:00:13,846 INFO c.h.h.t.HelmChartContainer - [hivemq-test-hivemq-platform] [hivemq-platform-operator] [e4ff5a47] 01:00:13.845 [ReconcilerExecutor-hivemq-controller-76] DEBUG c.h.p.o.HiveMQPlatformReconciler - [helmcust] StatefulSet Status (revision: test-hivemq-platform-989b74cd6, replicas: 1, available: 0, ready: 0, current: 1, updated: 1)
2025-01-29 01:00:13,846 INFO c.h.h.t.HelmChartContainer - [hivemq-test-hivemq-platform] [hivemq-platform-operator] [e4ff5a47] 01:00:13.846 [ReconcilerExecutor-hivemq-controller-76] DEBUG c.h.p.o.HiveMQPlatformReconciler - [helmcust] StatefulSet Spec (replicas: 1, init containers: 1, containers: 1, volumes: 3)
2025-01-29 01:00:13,850 INFO c.h.h.t.HelmChartContainer - [hivemq-test-hivemq-platform] [hivemq-platform-operator] [e4ff5a47] 01:00:13.849 [ReconcilerExecutor-hivemq-controller-76] DEBUG c.h.p.o.h.HiveMQPlatformReconcilerErrorHandler - [helmcust] Pod 'test-hivemq-platform-0' phase Pending
2025-01-29 01:00:13,851 INFO c.h.h.t.HelmChartContainer - [hivemq-test-hivemq-platform] [hivemq-platform-operator] [e4ff5a47] 01:00:13.849 [ReconcilerExecutor-hivemq-controller-76] DEBUG c.h.p.o.h.HiveMQPlatformReconcilerErrorHandler - [helmcust] Pod 'test-hivemq-platform-0' condition 'PodReadyToStartContainers': False
2025-01-29 01:00:13,851 INFO c.h.h.t.HelmChartContainer - [hivemq-test-hivemq-platform] [hivemq-platform-operator] [e4ff5a47] 01:00:13.849 [ReconcilerExecutor-hivemq-controller-76] DEBUG c.h.p.o.h.HiveMQPlatformReconcilerErrorHandler - [helmcust] Pod 'test-hivemq-platform-0' condition 'Initialized': False
2025-01-29 01:00:13,851 INFO c.h.h.t.HelmChartContainer - [hivemq-test-hivemq-platform] [hivemq-platform-operator] [e4ff5a47] 01:00:13.849 [ReconcilerExecutor-hivemq-controller-76] DEBUG c.h.p.o.h.HiveMQPlatformReconcilerErrorHandler - [helmcust] Pod 'test-hivemq-platform-0' condition 'Ready': False
2025-01-29 01:00:13,851 INFO c.h.h.t.HelmChartContainer - [hivemq-test-hivemq-platform] [hivemq-platform-operator] [e4ff5a47] 01:00:13.849 [ReconcilerExecutor-hivemq-controller-76] DEBUG c.h.p.o.h.HiveMQPlatformReconcilerErrorHandler - [helmcust] Pod 'test-hivemq-platform-0' condition 'ContainersReady': False
2025-01-29 01:00:13,851 INFO c.h.h.t.HelmChartContainer - [hivemq-test-hivemq-platform] [hivemq-platform-operator] [e4ff5a47] 01:00:13.849 [ReconcilerExecutor-hivemq-controller-76] DEBUG c.h.p.o.h.HiveMQPlatformReconcilerErrorHandler - [helmcust] Pod 'test-hivemq-platform-0' condition 'PodScheduled': True
2025-01-29 01:00:13,851 INFO c.h.h.t.HelmChartContainer - [hivemq-test-hivemq-platform] [hivemq-platform-operator] [e4ff5a47] 01:00:13.849 [ReconcilerExecutor-hivemq-controller-76] DEBUG c.h.p.o.h.HiveMQPlatformReconcilerErrorHandler - [helmcust] Pod 'test-hivemq-platform-0' containerStatus 'hivemq' (started: false) (ready: false) (waiting: [PodInitializing] null)
2025-01-29 01:00:13,852 INFO c.h.h.t.HelmChartContainer - [hivemq-test-hivemq-platform] [hivemq-platform-operator] [e4ff5a47] 01:00:13.850 [ReconcilerExecutor-hivemq-controller-76] INFO  c.h.p.o.h.HiveMQPlatformReconcilerBaseHandler - [helmcust] HiveMQ Platform is starting, 0 of 1 replicas are ready
2025-01-29 01:00:13,981 INFO c.h.h.t.HelmChartContainer - [EVENT] Normal [Created] Created container: hivemq-platform-operator-init [helmcustomlogbackit:test-hivemq-platform-0]
2025-01-29 01:00:14,017 INFO c.h.h.t.HelmChartContainer - [EVENT] Normal [Started] Started container hivemq-platform-operator-init [helmcustomlogbackit:test-hivemq-platform-0]
2025-01-29 01:00:14,136 INFO c.h.h.t.HelmChartContainer - [POD] test-hivemq-platform-0 [45a15806-5436-4d1c-8619-a6cf303b06ad] in helmcustomlogbackit was MODIFIED
2025-01-29 01:00:14,137 INFO c.h.h.t.HelmChartContainer - [hivemq-test-hivemq-platform] [hivemq-platform-operator] [e4ff5a47] 01:00:14.126 [pool-6-thread-32] DEBUG c.h.p.o.d.PlatformServiceResource - [helmcust] Desired Platform services (3 services)
2025-01-29 01:00:14,138 INFO c.h.h.t.HelmChartContainer - [hivemq-test-hivemq-platform] [hivemq-platform-operator] [e4ff5a47] 01:00:14.131 [pool-6-thread-33] DEBUG c.h.p.o.dependants.PodInfoConfigMap - [helmcust] Desired PodInfo ConfigMap (1 extensions) (1 enabled)
2025-01-29 01:00:14,138 INFO c.h.h.t.HelmChartContainer - [hivemq-test-hivemq-platform] [hivemq-platform-operator] [e4ff5a47] 01:00:14.131 [pool-6-thread-33] DEBUG c.h.p.o.dependants.PodInfoConfigMap - [helmcust] Desired PodInfo ConfigMap (metrics port: 9399) (metrics path: /)
2025-01-29 01:00:14,138 INFO c.h.h.t.HelmChartContainer - [hivemq-test-hivemq-platform] [hivemq-platform-operator] [e4ff5a47] 01:00:14.131 [pool-6-thread-33] DEBUG c.h.p.o.dependants.PodInfoConfigMap - [helmcust] Desired PodInfo ConfigMap (extension state hash: -1817474005)
2025-01-29 01:00:14,146 INFO c.h.h.t.HelmChartContainer - [hivemq-test-hivemq-platform] [hivemq-platform-operator] [e4ff5a47] 01:00:14.138 [pool-6-thread-37] DEBUG c.h.p.o.d.PodServiceAccountResource - [helmcust] Desired PodServiceAccountResource (serviceAccountName: hivemq-platform-pod-test-hivemq-platform)
2025-01-29 01:00:14,152 INFO c.h.h.t.HelmChartContainer - [hivemq-test-hivemq-platform] [hivemq-platform-operator] [e4ff5a47] 01:00:14.148 [pool-6-thread-39] DEBUG c.h.p.o.d.StatefulSetResource - [helmcust] Desired StatefulSet (1 replicas) for status STARTING (READY)
2025-01-29 01:00:14,221 INFO c.h.h.t.HelmChartContainer - [hivemq-test-hivemq-platform] [hivemq-platform-operator] [e4ff5a47] 01:00:14.219 [ReconcilerExecutor-hivemq-controller-87] INFO  c.h.p.o.HiveMQPlatformReconciler - [helmcust] Reconciling HiveMQ Platform 'test-hivemq-platform' in namespace 'helmcustomlogbackit'
2025-01-29 01:00:14,221 INFO c.h.h.t.HelmChartContainer - [hivemq-test-hivemq-platform] [hivemq-platform-operator] [e4ff5a47] 01:00:14.219 [ReconcilerExecutor-hivemq-controller-87] DEBUG c.h.p.o.HiveMQPlatformReconciler - [helmcust] Custom Resource Status STARTING - HiveMQ Platform is starting (READY)
2025-01-29 01:00:14,221 INFO c.h.h.t.HelmChartContainer - [hivemq-test-hivemq-platform] [hivemq-platform-operator] [e4ff5a47] 01:00:14.219 [ReconcilerExecutor-hivemq-controller-87] DEBUG c.h.p.o.HiveMQPlatformReconciler - [helmcust] Custom Resource Spec (replicas: 1) (extensions: 1)
2025-01-29 01:00:14,225 INFO c.h.h.t.HelmChartContainer - [hivemq-test-hivemq-platform] [hivemq-platform-operator] [e4ff5a47] 01:00:14.222 [ReconcilerExecutor-hivemq-controller-87] DEBUG c.h.p.o.HiveMQPlatformReconciler - [helmcust] StatefulSet Status (revision: test-hivemq-platform-989b74cd6, replicas: 1, available: 0, ready: 0, current: 1, updated: 1)
2025-01-29 01:00:14,225 INFO c.h.h.t.HelmChartContainer - [hivemq-test-hivemq-platform] [hivemq-platform-operator] [e4ff5a47] 01:00:14.223 [ReconcilerExecutor-hivemq-controller-87] DEBUG c.h.p.o.HiveMQPlatformReconciler - [helmcust] StatefulSet Spec (replicas: 1, init containers: 1, containers: 1, volumes: 3)
2025-01-29 01:00:14,228 INFO c.h.h.t.HelmChartContainer - [hivemq-test-hivemq-platform] [hivemq-platform-operator] [e4ff5a47] 01:00:14.226 [ReconcilerExecutor-hivemq-controller-87] DEBUG c.h.p.o.h.HiveMQPlatformReconcilerErrorHandler - [helmcust] Pod 'test-hivemq-platform-0' phase Pending
2025-01-29 01:00:14,229 INFO c.h.h.t.HelmChartContainer - [hivemq-test-hivemq-platform] [hivemq-platform-operator] [e4ff5a47] 01:00:14.226 [ReconcilerExecutor-hivemq-controller-87] DEBUG c.h.p.o.h.HiveMQPlatformReconcilerErrorHandler - [helmcust] Pod 'test-hivemq-platform-0' condition 'PodReadyToStartContainers': True
2025-01-29 01:00:14,229 INFO c.h.h.t.HelmChartContainer - [hivemq-test-hivemq-platform] [hivemq-platform-operator] [e4ff5a47] 01:00:14.227 [ReconcilerExecutor-hivemq-controller-87] DEBUG c.h.p.o.h.HiveMQPlatformReconcilerErrorHandler - [helmcust] Pod 'test-hivemq-platform-0' condition 'Initialized': False
2025-01-29 01:00:14,229 INFO c.h.h.t.HelmChartContainer - [hivemq-test-hivemq-platform] [hivemq-platform-operator] [e4ff5a47] 01:00:14.227 [ReconcilerExecutor-hivemq-controller-87] DEBUG c.h.p.o.h.HiveMQPlatformReconcilerErrorHandler - [helmcust] Pod 'test-hivemq-platform-0' condition 'Ready': False
2025-01-29 01:00:14,229 INFO c.h.h.t.HelmChartContainer - [hivemq-test-hivemq-platform] [hivemq-platform-operator] [e4ff5a47] 01:00:14.227 [ReconcilerExecutor-hivemq-controller-87] DEBUG c.h.p.o.h.HiveMQPlatformReconcilerErrorHandler - [helmcust] Pod 'test-hivemq-platform-0' condition 'ContainersReady': False
2025-01-29 01:00:14,229 INFO c.h.h.t.HelmChartContainer - [hivemq-test-hivemq-platform] [hivemq-platform-operator] [e4ff5a47] 01:00:14.227 [ReconcilerExecutor-hivemq-controller-87] DEBUG c.h.p.o.h.HiveMQPlatformReconcilerErrorHandler - [helmcust] Pod 'test-hivemq-platform-0' condition 'PodScheduled': True
2025-01-29 01:00:14,229 INFO c.h.h.t.HelmChartContainer - [hivemq-test-hivemq-platform] [hivemq-platform-operator] [e4ff5a47] 01:00:14.227 [ReconcilerExecutor-hivemq-controller-87] DEBUG c.h.p.o.h.HiveMQPlatformReconcilerErrorHandler - [helmcust] Pod 'test-hivemq-platform-0' containerStatus 'hivemq' (started: false) (ready: false) (waiting: [PodInitializing] null)
2025-01-29 01:00:14,229 INFO c.h.h.t.HelmChartContainer - [hivemq-test-hivemq-platform] [hivemq-platform-operator] [e4ff5a47] 01:00:14.228 [ReconcilerExecutor-hivemq-controller-87] INFO  c.h.p.o.h.HiveMQPlatformReconcilerBaseHandler - [helmcust] HiveMQ Platform is starting, 0 of 1 replicas are ready
2025-01-29 01:00:15,112 INFO c.h.h.t.HelmChartContainer - [EVENT] Normal [Pulled] Container image "docker.io/hivemq/hivemq4:4.36.0" already present on machine [helmcustomlogbackit:test-hivemq-platform-0]
2025-01-29 01:00:15,112 INFO c.h.h.t.HelmChartContainer - Received Pulled event for container hivemq in pod test-hivemq-platform-0 [45a15806-5436-4d1c-8619-a6cf303b06ad]
2025-01-29 01:00:15,119 INFO c.h.h.t.HelmChartContainer - [POD] test-hivemq-platform-0 [45a15806-5436-4d1c-8619-a6cf303b06ad] in helmcustomlogbackit was MODIFIED
2025-01-29 01:00:15,130 INFO c.h.h.t.HelmChartContainer - [hivemq-test-hivemq-platform] [hivemq-platform-operator] [e4ff5a47] 01:00:15.127 [pool-6-thread-42] DEBUG c.h.p.o.d.PlatformServiceResource - [helmcust] Desired Platform services (3 services)
2025-01-29 01:00:15,131 INFO c.h.h.t.HelmChartContainer - [hivemq-test-hivemq-platform] [hivemq-platform-operator] [e4ff5a47] 01:00:15.128 [pool-6-thread-43] DEBUG c.h.p.o.dependants.PodInfoConfigMap - [helmcust] Desired PodInfo ConfigMap (1 extensions) (1 enabled)
2025-01-29 01:00:15,131 INFO c.h.h.t.HelmChartContainer - [hivemq-test-hivemq-platform] [hivemq-platform-operator] [e4ff5a47] 01:00:15.128 [pool-6-thread-43] DEBUG c.h.p.o.dependants.PodInfoConfigMap - [helmcust] Desired PodInfo ConfigMap (metrics port: 9399) (metrics path: /)
2025-01-29 01:00:15,131 INFO c.h.h.t.HelmChartContainer - [hivemq-test-hivemq-platform] [hivemq-platform-operator] [e4ff5a47] 01:00:15.128 [pool-6-thread-43] DEBUG c.h.p.o.dependants.PodInfoConfigMap - [helmcust] Desired PodInfo ConfigMap (extension state hash: -1817474005)
2025-01-29 01:00:15,131 INFO c.h.h.t.HelmChartContainer - [hivemq-test-hivemq-platform] [hivemq-platform-operator] [e4ff5a47] 01:00:15.130 [pool-6-thread-47] DEBUG c.h.p.o.d.PodServiceAccountResource - [helmcust] Desired PodServiceAccountResource (serviceAccountName: hivemq-platform-pod-test-hivemq-platform)
2025-01-29 01:00:15,220 INFO c.h.h.t.HelmChartContainer - [hivemq-test-hivemq-platform] [hivemq-platform-operator] [e4ff5a47] 01:00:15.218 [pool-6-thread-50] DEBUG c.h.p.o.d.StatefulSetResource - [helmcust] Desired StatefulSet (1 replicas) for status STARTING (READY)
2025-01-29 01:00:15,224 INFO c.h.h.t.HelmChartContainer - [hivemq-test-hivemq-platform] [hivemq-platform-operator] [e4ff5a47] 01:00:15.223 [ReconcilerExecutor-hivemq-controller-98] INFO  c.h.p.o.HiveMQPlatformReconciler - [helmcust] Reconciling HiveMQ Platform 'test-hivemq-platform' in namespace 'helmcustomlogbackit'
2025-01-29 01:00:15,224 INFO c.h.h.t.HelmChartContainer - [hivemq-test-hivemq-platform] [hivemq-platform-operator] [e4ff5a47] 01:00:15.223 [ReconcilerExecutor-hivemq-controller-98] DEBUG c.h.p.o.HiveMQPlatformReconciler - [helmcust] Custom Resource Status STARTING - HiveMQ Platform is starting (READY)
2025-01-29 01:00:15,224 INFO c.h.h.t.HelmChartContainer - [hivemq-test-hivemq-platform] [hivemq-platform-operator] [e4ff5a47] 01:00:15.223 [ReconcilerExecutor-hivemq-controller-98] DEBUG c.h.p.o.HiveMQPlatformReconciler - [helmcust] Custom Resource Spec (replicas: 1) (extensions: 1)
2025-01-29 01:00:15,226 INFO c.h.h.t.HelmChartContainer - [hivemq-test-hivemq-platform] [hivemq-platform-operator] [e4ff5a47] 01:00:15.225 [ReconcilerExecutor-hivemq-controller-98] DEBUG c.h.p.o.HiveMQPlatformReconciler - [helmcust] StatefulSet Status (revision: test-hivemq-platform-989b74cd6, replicas: 1, available: 0, ready: 0, current: 1, updated: 1)
2025-01-29 01:00:15,226 INFO c.h.h.t.HelmChartContainer - [hivemq-test-hivemq-platform] [hivemq-platform-operator] [e4ff5a47] 01:00:15.225 [ReconcilerExecutor-hivemq-controller-98] DEBUG c.h.p.o.HiveMQPlatformReconciler - [helmcust] StatefulSet Spec (replicas: 1, init containers: 1, containers: 1, volumes: 3)
2025-01-29 01:00:15,228 INFO c.h.h.t.HelmChartContainer - [hivemq-test-hivemq-platform] [hivemq-platform-operator] [e4ff5a47] 01:00:15.227 [ReconcilerExecutor-hivemq-controller-98] DEBUG c.h.p.o.h.HiveMQPlatformReconcilerErrorHandler - [helmcust] Pod 'test-hivemq-platform-0' phase Pending
2025-01-29 01:00:15,229 INFO c.h.h.t.HelmChartContainer - [hivemq-test-hivemq-platform] [hivemq-platform-operator] [e4ff5a47] 01:00:15.228 [ReconcilerExecutor-hivemq-controller-98] DEBUG c.h.p.o.h.HiveMQPlatformReconcilerErrorHandler - [helmcust] Pod 'test-hivemq-platform-0' condition 'PodReadyToStartContainers': True
2025-01-29 01:00:15,229 INFO c.h.h.t.HelmChartContainer - [hivemq-test-hivemq-platform] [hivemq-platform-operator] [e4ff5a47] 01:00:15.228 [ReconcilerExecutor-hivemq-controller-98] DEBUG c.h.p.o.h.HiveMQPlatformReconcilerErrorHandler - [helmcust] Pod 'test-hivemq-platform-0' condition 'Initialized': True
2025-01-29 01:00:15,229 INFO c.h.h.t.HelmChartContainer - [hivemq-test-hivemq-platform] [hivemq-platform-operator] [e4ff5a47] 01:00:15.228 [ReconcilerExecutor-hivemq-controller-98] DEBUG c.h.p.o.h.HiveMQPlatformReconcilerErrorHandler - [helmcust] Pod 'test-hivemq-platform-0' condition 'Ready': False
2025-01-29 01:00:15,229 INFO c.h.h.t.HelmChartContainer - [hivemq-test-hivemq-platform] [hivemq-platform-operator] [e4ff5a47] 01:00:15.228 [ReconcilerExecutor-hivemq-controller-98] DEBUG c.h.p.o.h.HiveMQPlatformReconcilerErrorHandler - [helmcust] Pod 'test-hivemq-platform-0' condition 'ContainersReady': False
2025-01-29 01:00:15,231 INFO c.h.h.t.HelmChartContainer - [hivemq-test-hivemq-platform] [hivemq-platform-operator] [e4ff5a47] 01:00:15.229 [ReconcilerExecutor-hivemq-controller-98] DEBUG c.h.p.o.h.HiveMQPlatformReconcilerErrorHandler - [helmcust] Pod 'test-hivemq-platform-0' condition 'PodScheduled': True
2025-01-29 01:00:15,232 INFO c.h.h.t.HelmChartContainer - [hivemq-test-hivemq-platform] [hivemq-platform-operator] [e4ff5a47] 01:00:15.229 [ReconcilerExecutor-hivemq-controller-98] DEBUG c.h.p.o.h.HiveMQPlatformReconcilerErrorHandler - [helmcust] Pod 'test-hivemq-platform-0' containerStatus 'hivemq' (started: false) (ready: false) (waiting: [PodInitializing] null)
2025-01-29 01:00:15,232 INFO c.h.h.t.HelmChartContainer - [hivemq-test-hivemq-platform] [hivemq-platform-operator] [e4ff5a47] 01:00:15.230 [ReconcilerExecutor-hivemq-controller-98] INFO  c.h.p.o.h.HiveMQPlatformReconcilerBaseHandler - [helmcust] HiveMQ Platform is starting, 0 of 1 replicas are ready
2025-01-29 01:00:16,514 INFO c.h.h.t.HelmChartContainer - [EVENT] Normal [Created] Created container: hivemq [helmcustomlogbackit:test-hivemq-platform-0]
2025-01-29 01:00:16,514 INFO c.h.h.t.HelmChartContainer - Received Created event for container hivemq in pod test-hivemq-platform-0 [45a15806-5436-4d1c-8619-a6cf303b06ad]
2025-01-29 01:00:17,124 INFO c.h.h.t.HelmChartContainer - [POD] test-hivemq-platform-0 [45a15806-5436-4d1c-8619-a6cf303b06ad] in helmcustomlogbackit was MODIFIED
2025-01-29 01:00:17,129 INFO c.h.h.t.HelmChartContainer - Started log watcher for hivemq in pod test-hivemq-platform-0 [45a15806-5436-4d1c-8619-a6cf303b06ad]
2025-01-29 01:00:17,129 INFO c.h.h.t.HelmChartContainer - [EVENT] Normal [Started] Started container hivemq [helmcustomlogbackit:test-hivemq-platform-0]
2025-01-29 01:00:17,129 INFO c.h.h.t.HelmChartContainer - Received Started event for container hivemq in pod test-hivemq-platform-0 [45a15806-5436-4d1c-8619-a6cf303b06ad]
2025-01-29 01:00:17,130 INFO c.h.h.t.HelmChartContainer - [test-hivemq-platform] [hivemq] [45a15806] Adding pre-installed HiveMQ Platform Operator extensions
2025-01-29 01:00:17,130 INFO c.h.h.t.HelmChartContainer - [test-hivemq-platform] [hivemq] [45a15806] Running as user 10000
2025-01-29 01:00:17,130 INFO c.h.h.t.HelmChartContainer - [test-hivemq-platform] [hivemq] [45a15806] Starting HiveMQ Platform Operator Init
2025-01-29 01:00:17,135 INFO c.h.h.t.HelmChartContainer - [hivemq-test-hivemq-platform] [hivemq-platform-operator] [e4ff5a47] 01:00:17.133 [pool-6-thread-6] DEBUG c.h.p.o.d.PlatformServiceResource - [helmcust] Desired Platform services (3 services)
2025-01-29 01:00:17,135 INFO c.h.h.t.HelmChartContainer - [hivemq-test-hivemq-platform] [hivemq-platform-operator] [e4ff5a47] 01:00:17.133 [pool-6-thread-5] DEBUG c.h.p.o.dependants.PodInfoConfigMap - [helmcust] Desired PodInfo ConfigMap (1 extensions) (1 enabled)
2025-01-29 01:00:17,135 INFO c.h.h.t.HelmChartContainer - [hivemq-test-hivemq-platform] [hivemq-platform-operator] [e4ff5a47] 01:00:17.134 [pool-6-thread-5] DEBUG c.h.p.o.dependants.PodInfoConfigMap - [helmcust] Desired PodInfo ConfigMap (metrics port: 9399) (metrics path: /)
2025-01-29 01:00:17,135 INFO c.h.h.t.HelmChartContainer - [hivemq-test-hivemq-platform] [hivemq-platform-operator] [e4ff5a47] 01:00:17.134 [pool-6-thread-5] DEBUG c.h.p.o.dependants.PodInfoConfigMap - [helmcust] Desired PodInfo ConfigMap (extension state hash: -1817474005)
2025-01-29 01:00:17,135 INFO c.h.h.t.HelmChartContainer - [hivemq-test-hivemq-platform] [hivemq-platform-operator] [e4ff5a47] 01:00:17.134 [pool-6-thread-10] DEBUG c.h.p.o.d.PodServiceAccountResource - [helmcust] Desired PodServiceAccountResource (serviceAccountName: hivemq-platform-pod-test-hivemq-platform)
2025-01-29 01:00:17,143 INFO c.h.h.t.HelmChartContainer - [hivemq-test-hivemq-platform] [hivemq-platform-operator] [e4ff5a47] 01:00:17.142 [pool-6-thread-6] DEBUG c.h.p.o.d.StatefulSetResource - [helmcust] Desired StatefulSet (1 replicas) for status STARTING (READY)
2025-01-29 01:00:17,218 INFO c.h.h.t.HelmChartContainer - [hivemq-test-hivemq-platform] [hivemq-platform-operator] [e4ff5a47] 01:00:17.217 [ReconcilerExecutor-hivemq-controller-109] INFO  c.h.p.o.HiveMQPlatformReconciler - [helmcust] Reconciling HiveMQ Platform 'test-hivemq-platform' in namespace 'helmcustomlogbackit'
2025-01-29 01:00:17,220 INFO c.h.h.t.HelmChartContainer - [hivemq-test-hivemq-platform] [hivemq-platform-operator] [e4ff5a47] 01:00:17.217 [ReconcilerExecutor-hivemq-controller-109] DEBUG c.h.p.o.HiveMQPlatformReconciler - [helmcust] Custom Resource Status STARTING - HiveMQ Platform is starting (READY)
2025-01-29 01:00:17,220 INFO c.h.h.t.HelmChartContainer - [hivemq-test-hivemq-platform] [hivemq-platform-operator] [e4ff5a47] 01:00:17.217 [ReconcilerExecutor-hivemq-controller-109] DEBUG c.h.p.o.HiveMQPlatformReconciler - [helmcust] Custom Resource Spec (replicas: 1) (extensions: 1)
2025-01-29 01:00:17,221 INFO c.h.h.t.HelmChartContainer - [hivemq-test-hivemq-platform] [hivemq-platform-operator] [e4ff5a47] 01:00:17.219 [ReconcilerExecutor-hivemq-controller-109] DEBUG c.h.p.o.HiveMQPlatformReconciler - [helmcust] StatefulSet Status (revision: test-hivemq-platform-989b74cd6, replicas: 1, available: 0, ready: 0, current: 1, updated: 1)
2025-01-29 01:00:17,222 INFO c.h.h.t.HelmChartContainer - [hivemq-test-hivemq-platform] [hivemq-platform-operator] [e4ff5a47] 01:00:17.219 [ReconcilerExecutor-hivemq-controller-109] DEBUG c.h.p.o.HiveMQPlatformReconciler - [helmcust] StatefulSet Spec (replicas: 1, init containers: 1, containers: 1, volumes: 3)
2025-01-29 01:00:17,223 INFO c.h.h.t.HelmChartContainer - [hivemq-test-hivemq-platform] [hivemq-platform-operator] [e4ff5a47] 01:00:17.223 [ReconcilerExecutor-hivemq-controller-109] DEBUG c.h.p.o.h.HiveMQPlatformReconcilerErrorHandler - [helmcust] Pod 'test-hivemq-platform-0' phase Running
2025-01-29 01:00:17,225 INFO c.h.h.t.HelmChartContainer - [hivemq-test-hivemq-platform] [hivemq-platform-operator] [e4ff5a47] 01:00:17.224 [ReconcilerExecutor-hivemq-controller-109] INFO  c.h.p.o.h.HiveMQPlatformReconcilerBaseHandler - [helmcust] HiveMQ Platform is starting, 0 of 1 replicas are ready
2025-01-29 01:00:17,741 INFO c.h.h.t.HelmChartContainer - [test-hivemq-platform] [hivemq] [45a15806] INFO  - [HiveMQ Platform Operator Init 1.7.0-SNAPSHOT] HiveMQ Platform Operator Init 1.7.0-SNAPSHOT (commit: bebf408 on branch: HEAD) built on Sun Jan 26 20:47:47 UTC 2025
2025-01-29 01:00:18,758 INFO c.h.h.t.HelmChartContainer - [test-hivemq-platform] [hivemq] [45a15806] INFO  - [HiveMQ Platform Operator Init App 1.7.0-SNAPSHOT] Using bind address 10.42.0.9 from environment variable
2025-01-29 01:00:19,566 INFO c.h.h.t.HelmChartContainer - [test-hivemq-platform] [hivemq] [45a15806] INFO  - [HiveMQ Platform Operator Init App 1.7.0-SNAPSHOT] HiveMQ Platform Operator Init App 1.7.0-SNAPSHOT (commit: bebf408 on branch: HEAD) built on Sun Jan 26 20:47:47 UTC 2025
2025-01-29 01:00:19,567 INFO c.h.h.t.HelmChartContainer - [test-hivemq-platform] [hivemq] [45a15806] INFO  - [HiveMQ Platform Operator Init App 1.7.0-SNAPSHOT] PodInfo ConfigMap directory: /etc/podinfo
2025-01-29 01:00:19,567 INFO c.h.h.t.HelmChartContainer - [test-hivemq-platform] [hivemq] [45a15806] INFO  - [HiveMQ Platform Operator Init App 1.7.0-SNAPSHOT] HiveMQ home directory: /opt/hivemq
2025-01-29 01:00:19,567 INFO c.h.h.t.HelmChartContainer - [test-hivemq-platform] [hivemq] [45a15806] INFO  - [HiveMQ Platform Operator Init App 1.7.0-SNAPSHOT] HiveMQ Logback folder: /opt/hivemq/conf
2025-01-29 01:00:19,567 INFO c.h.h.t.HelmChartContainer - [test-hivemq-platform] [hivemq] [45a15806] INFO  - [HiveMQ Platform Operator Init App 1.7.0-SNAPSHOT] HiveMQ Config folder: /opt/hivemq/conf-k8s
2025-01-29 01:00:19,567 INFO c.h.h.t.HelmChartContainer - [test-hivemq-platform] [hivemq] [45a15806] INFO  - [HiveMQ Platform Operator Init App 1.7.0-SNAPSHOT] Starting HiveMQ Platform Operator Init App
2025-01-29 01:00:19,567 INFO c.h.h.t.HelmChartContainer - [test-hivemq-platform] [hivemq] [45a15806] INFO  - [HiveMQ Platform Operator Init App 1.7.0-SNAPSHOT] Starting Pod reconciler
2025-01-29 01:00:20,761 INFO c.h.h.t.HelmChartContainer - [test-hivemq-platform] [hivemq] [45a15806] INFO  - [HiveMQ Platform Operator Init App 1.7.0-SNAPSHOT] Pod reconciler is scheduled (interval: 5000 ms)
2025-01-29 01:00:20,764 INFO c.h.h.t.HelmChartContainer - [test-hivemq-platform] [hivemq] [45a15806] INFO  - HiveMQ Platform Operator Init App 1.7.0-SNAPSHOT Save backup of original logback.xml file
2025-01-29 01:00:20,770 INFO c.h.h.t.HelmChartContainer - [test-hivemq-platform] [hivemq] [45a15806] INFO  - HiveMQ Platform Operator Init App 1.7.0-SNAPSHOT Applying custom logback.xml file
2025-01-29 01:00:20,854 INFO c.h.h.t.HelmChartContainer - [test-hivemq-platform] [hivemq] [45a15806] INFO  - [HiveMQ Platform Operator Init App 1.7.0-SNAPSHOT] Activated automatic reloading of logback.xml file
2025-01-29 01:00:20,854 INFO c.h.h.t.HelmChartContainer - [test-hivemq-platform] [hivemq] [45a15806] INFO  - [HiveMQ Platform Operator Init App 1.7.0-SNAPSHOT] Changed logback.xml file scan period to 20 seconds
2025-01-29 01:00:21,257 INFO c.h.h.t.HelmChartContainer - [test-hivemq-platform] [hivemq] [45a15806] INFO  - [HiveMQ Platform Operator Init App 1.7.0-SNAPSHOT] Starting the REST API on 10.42.0.9:7979
2025-01-29 01:00:21,260 INFO c.h.h.t.HelmChartContainer - [test-hivemq-platform] [hivemq] [45a15806] INFO  - [HiveMQ Platform Operator Init App 1.7.0-SNAPSHOT] Waiting up to 600s for at most 1 HiveMQ nodes in cluster service hivemq-test-hivemq-platform-cluster.helmcustomlogbackit.svc
2025-01-29 01:00:21,660 INFO c.h.h.t.HelmChartContainer - [test-hivemq-platform] [hivemq] [45a15806] INFO  - [HiveMQ Platform Operator Init App 1.7.0-SNAPSHOT] Resolved 1 IP addresses: [10.42.0.9]
2025-01-29 01:00:21,660 INFO c.h.h.t.HelmChartContainer - [test-hivemq-platform] [hivemq] [45a15806] INFO  - [HiveMQ Platform Operator Init App 1.7.0-SNAPSHOT] HiveMQ node count of 1 is within threshold of 1
2025-01-29 01:00:21,661 INFO c.h.h.t.HelmChartContainer - [test-hivemq-platform] [hivemq] [45a15806] INFO  - [HiveMQ Platform Operator Init App 1.7.0-SNAPSHOT] Proceeding with container start
2025-01-29 01:00:21,759 INFO c.h.h.t.HelmChartContainer - [test-hivemq-platform] [hivemq] [45a15806] INFO  - [HiveMQ Platform Operator Init App 1.7.0-SNAPSHOT] Initializing HiveMQ Platform extensions with initial configuration: {hivemq-allow-all-extension={start-priority=-1, skip-https-hostname-verification=false, restart=true, config-version=0, header-version=0, c-uri=, priority=-1, uri=preinstalled, skip-https-certificate-validation=false, enabled=true}, hivemq-prometheus-extension={restart=true, enabled=true, request-header-path=no-request-headers, uri=preinstalled, skip-https-certificate-validation=false, skip-https-hostname-verification=false, c-uri=, start-priority=-1, priority=-1}}
2025-01-29 01:00:21,842 INFO c.h.h.t.HelmChartContainer - [test-hivemq-platform] [hivemq] [45a15806] INFO  - [HiveMQ Platform Operator Init App 1.7.0-SNAPSHOT] Extension hivemq-allow-all-extension was already enabled
2025-01-29 01:00:21,852 INFO c.h.h.t.HelmChartContainer - [test-hivemq-platform] [hivemq] [45a15806] INFO  - [HiveMQ Platform Operator Init App 1.7.0-SNAPSHOT] Successfully enabled extension hivemq-prometheus-extension
2025-01-29 01:00:21,853 INFO c.h.h.t.HelmChartContainer - [test-hivemq-platform] [hivemq] [45a15806] INFO  - [HiveMQ Platform Operator Init App 1.7.0-SNAPSHOT] Starting HiveMQ Platform version 4.36.0 (4.36.0)
2025-01-29 01:00:21,853 INFO c.h.h.t.HelmChartContainer - [test-hivemq-platform] [hivemq] [45a15806] INFO  - [HiveMQ Platform Operator Init App 1.7.0-SNAPSHOT] Configuring the HiveMQ Platform
2025-01-29 01:00:21,951 INFO c.h.h.t.HelmChartContainer - [test-hivemq-platform] [hivemq] [45a15806] INFO  - [HiveMQ Platform Operator Init App 1.7.0-SNAPSHOT] Starting the HiveMQ Platform
2025-01-29 01:00:21,954 INFO c.h.h.t.HelmChartContainer - [test-hivemq-platform] [hivemq] [45a15806] -------------------------------------------------------------------------
2025-01-29 01:00:21,954 INFO c.h.h.t.HelmChartContainer - [test-hivemq-platform] [hivemq] [45a15806] 
2025-01-29 01:00:21,956 INFO c.h.h.t.HelmChartContainer - [test-hivemq-platform] [hivemq] [45a15806]                   _    _  _              __  __   ____
2025-01-29 01:00:21,956 INFO c.h.h.t.HelmChartContainer - [test-hivemq-platform] [hivemq] [45a15806]                  | |  | |(_)            |  \/  | / __ \
2025-01-29 01:00:21,956 INFO c.h.h.t.HelmChartContainer - [test-hivemq-platform] [hivemq] [45a15806]                  | |__| | _ __   __ ___ | \  / || |  | |
2025-01-29 01:00:21,956 INFO c.h.h.t.HelmChartContainer - [test-hivemq-platform] [hivemq] [45a15806]                  |  __  || |\ \ / // _ \| |\/| || |  | |
2025-01-29 01:00:21,957 INFO c.h.h.t.HelmChartContainer - [test-hivemq-platform] [hivemq] [45a15806]                  | |  | || | \ V /|  __/| |  | || |__| |
2025-01-29 01:00:21,957 INFO c.h.h.t.HelmChartContainer - [test-hivemq-platform] [hivemq] [45a15806]                  |_|  |_||_|  \_/  \___||_|  |_| \___\_\
2025-01-29 01:00:21,957 INFO c.h.h.t.HelmChartContainer - [test-hivemq-platform] [hivemq] [45a15806] 
2025-01-29 01:00:21,957 INFO c.h.h.t.HelmChartContainer - [test-hivemq-platform] [hivemq] [45a15806] -------------------------------------------------------------------------
2025-01-29 01:00:21,957 INFO c.h.h.t.HelmChartContainer - [test-hivemq-platform] [hivemq] [45a15806] 
2025-01-29 01:00:21,957 INFO c.h.h.t.HelmChartContainer - [test-hivemq-platform] [hivemq] [45a15806]   HiveMQ Start Script for Linux/Unix v1.14
2025-01-29 01:00:21,957 INFO c.h.h.t.HelmChartContainer - [test-hivemq-platform] [hivemq] [45a15806] 
2025-01-29 01:00:22,056 INFO c.h.h.t.HelmChartContainer - [test-hivemq-platform] [hivemq] [45a15806] -------------------------------------------------------------------------
2025-01-29 01:00:22,056 INFO c.h.h.t.HelmChartContainer - [test-hivemq-platform] [hivemq] [45a15806] 
2025-01-29 01:00:22,056 INFO c.h.h.t.HelmChartContainer - [test-hivemq-platform] [hivemq] [45a15806]   HIVEMQ_HOME: /opt/hivemq
2025-01-29 01:00:22,056 INFO c.h.h.t.HelmChartContainer - [test-hivemq-platform] [hivemq] [45a15806] 
2025-01-29 01:00:22,056 INFO c.h.h.t.HelmChartContainer - [test-hivemq-platform] [hivemq] [45a15806]   JAVA_OPTS: -XX:+UnlockExperimentalVMOptions -XX:InitialRAMPercentage=50 -XX:MaxRAMPercentage=50 -Djava.net.preferIPv4Stack=true --add-opens java.base/java.lang=ALL-UNNAMED --add-opens java.base/java.nio=ALL-UNNAMED --add-opens java.base/sun.nio.ch=ALL-UNNAMED --add-opens jdk.management/com.sun.management.internal=ALL-UNNAMED --add-exports java.base/jdk.internal.misc=ALL-UNNAMED -Djava.security.egd=file:/dev/./urandom -Dcom.sun.management.jmxremote -Dcom.sun.management.jmxremote.port=9010 -Dcom.sun.management.jmxremote.local.only=false -Dcom.sun.management.jmxremote.authenticate=false -Dcom.sun.management.jmxremote.ssl=false -Duser.language=en -Duser.region=US -XX:+CrashOnOutOfMemoryError -XX:+HeapDumpOnOutOfMemoryError
2025-01-29 01:00:22,056 INFO c.h.h.t.HelmChartContainer - [test-hivemq-platform] [hivemq] [45a15806] 
2025-01-29 01:00:22,057 INFO c.h.h.t.HelmChartContainer - [test-hivemq-platform] [hivemq] [45a15806]   JAVA_VERSION: 21
2025-01-29 01:00:22,057 INFO c.h.h.t.HelmChartContainer - [test-hivemq-platform] [hivemq] [45a15806] 
2025-01-29 01:00:22,057 INFO c.h.h.t.HelmChartContainer - [test-hivemq-platform] [hivemq] [45a15806] -------------------------------------------------------------------------
2025-01-29 01:00:22,057 INFO c.h.h.t.HelmChartContainer - [test-hivemq-platform] [hivemq] [45a15806] 
2025-01-29 01:00:23,147 INFO c.h.h.t.HelmChartContainer - [test-hivemq-platform] [hivemq] [45a15806] INFO  - [HiveMQ Platform Operator Init App 1.7.0-SNAPSHOT] Returning default Health API response 503 for readiness
2025-01-29 01:00:23,548 INFO c.h.h.t.HelmChartContainer - [EVENT] Warning [Unhealthy] Readiness probe failed: HTTP probe failed with statuscode: 503 [helmcustomlogbackit:test-hivemq-platform-0]
2025-01-29 01:00:23,548 INFO c.h.h.t.HelmChartContainer - Received Unhealthy event for container hivemq in pod test-hivemq-platform-0 [45a15806-5436-4d1c-8619-a6cf303b06ad]
2025-01-29 01:00:24,642 INFO c.h.h.t.HelmChartContainer - [test-hivemq-platform] [hivemq] [45a15806] INFO  - Starting HiveMQ Enterprise Server
2025-01-29 01:00:24,649 INFO c.h.h.t.HelmChartContainer - [test-hivemq-platform] [hivemq] [45a15806] INFO  - HiveMQ version: 4.36.0
2025-01-29 01:00:24,649 INFO c.h.h.t.HelmChartContainer - [test-hivemq-platform] [hivemq] [45a15806] INFO  - HiveMQ home directory: /opt/hivemq
2025-01-29 01:00:24,649 INFO c.h.h.t.HelmChartContainer - [test-hivemq-platform] [hivemq] [45a15806] INFO  - Log Configuration was overridden by /opt/hivemq/conf/logback.xml
2025-01-29 01:00:25,845 INFO c.h.h.t.HelmChartContainer - [test-hivemq-platform] [hivemq] [45a15806] DEBUG - Adding TCP Listener on bind address 0.0.0.0 and port 1883. Name: tcp-listener-1883. Proxy Protocol supported: false
2025-01-29 01:00:25,848 INFO c.h.h.t.HelmChartContainer - [test-hivemq-platform] [hivemq] [45a15806] DEBUG - Setting retained messages enabled to true
2025-01-29 01:00:25,848 INFO c.h.h.t.HelmChartContainer - [test-hivemq-platform] [hivemq] [45a15806] DEBUG - Setting wildcard subscriptions enabled to true
2025-01-29 01:00:25,848 INFO c.h.h.t.HelmChartContainer - [test-hivemq-platform] [hivemq] [45a15806] DEBUG - Setting subscription identifier enabled to true
2025-01-29 01:00:25,848 INFO c.h.h.t.HelmChartContainer - [test-hivemq-platform] [hivemq] [45a15806] DEBUG - Setting shared subscriptions enabled to true
2025-01-29 01:00:25,849 INFO c.h.h.t.HelmChartContainer - [test-hivemq-platform] [hivemq] [45a15806] DEBUG - Setting maximum qos to EXACTLY_ONCE 
2025-01-29 01:00:25,849 INFO c.h.h.t.HelmChartContainer - [test-hivemq-platform] [hivemq] [45a15806] DEBUG - Setting topic alias enabled to true
2025-01-29 01:00:25,849 INFO c.h.h.t.HelmChartContainer - [test-hivemq-platform] [hivemq] [45a15806] DEBUG - Setting topic alias maximum per client to 5
2025-01-29 01:00:25,849 INFO c.h.h.t.HelmChartContainer - [test-hivemq-platform] [hivemq] [45a15806] DEBUG - Setting the number of max queued messages  per client to 1000 entries
2025-01-29 01:00:25,849 INFO c.h.h.t.HelmChartContainer - [test-hivemq-platform] [hivemq] [45a15806] DEBUG - Setting queued messages strategy for each client to DISCARD
2025-01-29 01:00:25,850 INFO c.h.h.t.HelmChartContainer - [test-hivemq-platform] [hivemq] [45a15806] DEBUG - Setting the expiry interval for client sessions to 4294967295 seconds
2025-01-29 01:00:25,850 INFO c.h.h.t.HelmChartContainer - [test-hivemq-platform] [hivemq] [45a15806] DEBUG - Setting the expiry interval for publish messages to 4294967296 seconds
2025-01-29 01:00:25,850 INFO c.h.h.t.HelmChartContainer - [test-hivemq-platform] [hivemq] [45a15806] DEBUG - Setting the server receive maximum to 10
2025-01-29 01:00:25,850 INFO c.h.h.t.HelmChartContainer - [test-hivemq-platform] [hivemq] [45a15806] DEBUG - Setting keep alive maximum to 65535 seconds
2025-01-29 01:00:25,850 INFO c.h.h.t.HelmChartContainer - [test-hivemq-platform] [hivemq] [45a15806] DEBUG - Setting keep alive allow zero to true
2025-01-29 01:00:25,850 INFO c.h.h.t.HelmChartContainer - [test-hivemq-platform] [hivemq] [45a15806] DEBUG - Setting the maximum packet size for mqtt messages 268435460 bytes
2025-01-29 01:00:25,850 INFO c.h.h.t.HelmChartContainer - [test-hivemq-platform] [hivemq] [45a15806] DEBUG - Setting global maximum allowed connections to -1
2025-01-29 01:00:25,850 INFO c.h.h.t.HelmChartContainer - [test-hivemq-platform] [hivemq] [45a15806] DEBUG - Setting the maximum client id length to 65535
2025-01-29 01:00:25,850 INFO c.h.h.t.HelmChartContainer - [test-hivemq-platform] [hivemq] [45a15806] DEBUG - Setting the timeout for disconnecting idle tcp connections before a connect message was received to 10000 milliseconds
2025-01-29 01:00:25,850 INFO c.h.h.t.HelmChartContainer - [test-hivemq-platform] [hivemq] [45a15806] DEBUG - Throttling the global incoming traffic limit 0 bytes/second
2025-01-29 01:00:25,850 INFO c.h.h.t.HelmChartContainer - [test-hivemq-platform] [hivemq] [45a15806] DEBUG - Setting the maximum topic length to 65535
2025-01-29 01:00:25,850 INFO c.h.h.t.HelmChartContainer - [test-hivemq-platform] [hivemq] [45a15806] DEBUG - Setting allow server assigned client identifier to true
2025-01-29 01:00:25,850 INFO c.h.h.t.HelmChartContainer - [test-hivemq-platform] [hivemq] [45a15806] DEBUG - Setting validate UTF-8 to true
2025-01-29 01:00:25,850 INFO c.h.h.t.HelmChartContainer - [test-hivemq-platform] [hivemq] [45a15806] DEBUG - Setting payload format validation to false
2025-01-29 01:00:25,850 INFO c.h.h.t.HelmChartContainer - [test-hivemq-platform] [hivemq] [45a15806] DEBUG - Setting allow-problem-information to true
2025-01-29 01:00:25,850 INFO c.h.h.t.HelmChartContainer - [test-hivemq-platform] [hivemq] [45a15806] DEBUG - Setting control-center audit log enabled to true
2025-01-29 01:00:25,850 INFO c.h.h.t.HelmChartContainer - [test-hivemq-platform] [hivemq] [45a15806] DEBUG - Setting rest-api audit log enabled to true
2025-01-29 01:00:25,850 INFO c.h.h.t.HelmChartContainer - [test-hivemq-platform] [hivemq] [45a15806] DEBUG - Setting HiveMQ Control Center enabled to true 
2025-01-29 01:00:25,850 INFO c.h.h.t.HelmChartContainer - [test-hivemq-platform] [hivemq] [45a15806] DEBUG - Setting HiveMQ Control Center default login enabled to true 
2025-01-29 01:00:25,850 INFO c.h.h.t.HelmChartContainer - [test-hivemq-platform] [hivemq] [45a15806] DEBUG - Setting HiveMQ Control Center session idle time to 14400 seconds
2025-01-29 01:00:25,850 INFO c.h.h.t.HelmChartContainer - [test-hivemq-platform] [hivemq] [45a15806] DEBUG - Adding Http-Listener to HiveMQ Control Center Config
2025-01-29 01:00:25,949 INFO c.h.h.t.HelmChartContainer - [test-hivemq-platform] [hivemq] [45a15806] DEBUG - Set TLS to disabled for cluster TCP transport
2025-01-29 01:00:25,950 INFO c.h.h.t.HelmChartContainer - [test-hivemq-platform] [hivemq] [45a15806] DEBUG - Setting replica count to 2 
2025-01-29 01:00:25,950 INFO c.h.h.t.HelmChartContainer - [test-hivemq-platform] [hivemq] [45a15806] DEBUG - Setting cluster TCP health-check enabled
2025-01-29 01:00:25,950 INFO c.h.h.t.HelmChartContainer - [test-hivemq-platform] [hivemq] [45a15806] DEBUG - Setting cluster TCP health-check bind-address to default
2025-01-29 01:00:25,950 INFO c.h.h.t.HelmChartContainer - [test-hivemq-platform] [hivemq] [45a15806] DEBUG - Setting cluster TCP health-check bind-address to 0
2025-01-29 01:00:25,950 INFO c.h.h.t.HelmChartContainer - [test-hivemq-platform] [hivemq] [45a15806] DEBUG - Setting cluster TCP health-check bind-port to 0
2025-01-29 01:00:25,950 INFO c.h.h.t.HelmChartContainer - [test-hivemq-platform] [hivemq] [45a15806] DEBUG - Setting cluster TCP health-check external-address to default
2025-01-29 01:00:25,950 INFO c.h.h.t.HelmChartContainer - [test-hivemq-platform] [hivemq] [45a15806] DEBUG - Setting cluster TCP health-check external-port to 0
2025-01-29 01:00:25,952 INFO c.h.h.t.HelmChartContainer - [test-hivemq-platform] [hivemq] [45a15806] DEBUG - Setting cluster heartbeat enabled
2025-01-29 01:00:25,952 INFO c.h.h.t.HelmChartContainer - [test-hivemq-platform] [hivemq] [45a15806] DEBUG - Setting cluster heartbeat interval to 3000 ms
2025-01-29 01:00:25,952 INFO c.h.h.t.HelmChartContainer - [test-hivemq-platform] [hivemq] [45a15806] DEBUG - Setting the cluster heartbeat timeout to 9000 ms
2025-01-29 01:00:25,952 INFO c.h.h.t.HelmChartContainer - [test-hivemq-platform] [hivemq] [45a15806] DEBUG - Setting HiveMQ REST API enabled to false 
2025-01-29 01:00:25,952 INFO c.h.h.t.HelmChartContainer - [test-hivemq-platform] [hivemq] [45a15806] DEBUG - Setting HiveMQ REST API authentication enabled to false 
2025-01-29 01:00:25,952 INFO c.h.h.t.HelmChartContainer - [test-hivemq-platform] [hivemq] [45a15806] DEBUG - Setting HiveMQ Health API enabled to true 
2025-01-29 01:00:25,952 INFO c.h.h.t.HelmChartContainer - [test-hivemq-platform] [hivemq] [45a15806] DEBUG - Adding http-listener with name 'http-listener-8889' to HiveMQ Health API config
2025-01-29 01:00:25,952 INFO c.h.h.t.HelmChartContainer - [test-hivemq-platform] [hivemq] [45a15806] DEBUG - Setting client event history enabled to false
2025-01-29 01:00:25,952 INFO c.h.h.t.HelmChartContainer - [test-hivemq-platform] [hivemq] [45a15806] DEBUG - Setting client event history lifetime to 604800000 ms
2025-01-29 01:00:25,952 INFO c.h.h.t.HelmChartContainer - [test-hivemq-platform] [hivemq] [45a15806] DEBUG - Setting overload protection enabled to true 
2025-01-29 01:00:25,952 INFO c.h.h.t.HelmChartContainer - [test-hivemq-platform] [hivemq] [45a15806] DEBUG - Setting anonymous usage statistics enabled to false 
2025-01-29 01:00:25,952 INFO c.h.h.t.HelmChartContainer - [test-hivemq-platform] [hivemq] [45a15806] DEBUG - Setting expired messages topic enabled to false
2025-01-29 01:00:25,952 INFO c.h.h.t.HelmChartContainer - [test-hivemq-platform] [hivemq] [45a15806] DEBUG - Setting dropped messages topic enabled to false
2025-01-29 01:00:25,952 INFO c.h.h.t.HelmChartContainer - [test-hivemq-platform] [hivemq] [45a15806] DEBUG - Setting dead messages topic enabled to false
2025-01-29 01:00:25,952 INFO c.h.h.t.HelmChartContainer - [test-hivemq-platform] [hivemq] [45a15806] INFO  - Successfully loaded configuration from '/opt/hivemq/conf-k8s/config.xml'.
2025-01-29 01:00:26,541 INFO c.h.h.t.HelmChartContainer - [test-hivemq-platform] [hivemq] [45a15806] DEBUG - Performing sanity checks.
2025-01-29 01:00:26,555 INFO c.h.h.t.HelmChartContainer - [test-hivemq-platform] [hivemq] [45a15806] DEBUG - Soft limit for open files (1048576) satisfies the recommended limit (1000000).
2025-01-29 01:00:26,555 INFO c.h.h.t.HelmChartContainer - [test-hivemq-platform] [hivemq] [45a15806] DEBUG - Hard limit for open files (1048576) satisfies the recommended limit (1000000).
2025-01-29 01:00:26,555 INFO c.h.h.t.HelmChartContainer - [test-hivemq-platform] [hivemq] [45a15806] DEBUG - HiveMQ license directory (/opt/hivemq/license) satisfies all required file-system permissions.
2025-01-29 01:00:26,640 INFO c.h.h.t.HelmChartContainer - [test-hivemq-platform] [hivemq] [45a15806] DEBUG - HiveMQ data directory (/opt/hivemq/data) satisfies all required file-system permissions.
2025-01-29 01:00:26,640 INFO c.h.h.t.HelmChartContainer - [test-hivemq-platform] [hivemq] [45a15806] DEBUG - HiveMQ log directory (/opt/hivemq/log) satisfies all required file-system permissions.
2025-01-29 01:00:26,640 INFO c.h.h.t.HelmChartContainer - [test-hivemq-platform] [hivemq] [45a15806] DEBUG - HiveMQ backup directory (/opt/hivemq/backup) satisfies all required file-system permissions.
2025-01-29 01:00:26,640 INFO c.h.h.t.HelmChartContainer - [test-hivemq-platform] [hivemq] [45a15806] DEBUG - HiveMQ audit directory (/opt/hivemq/audit) satisfies all required file-system permissions.
2025-01-29 01:00:26,641 INFO c.h.h.t.HelmChartContainer - [test-hivemq-platform] [hivemq] [45a15806] DEBUG - HiveMQ extensions directory (/opt/hivemq/extensions) satisfies all required file-system permissions.
2025-01-29 01:00:26,642 INFO c.h.h.t.HelmChartContainer - [test-hivemq-platform] [hivemq] [45a15806] DEBUG - Extension directory hivemq-allow-all-extension (/opt/hivemq/extensions/hivemq-allow-all-extension) satisfies all required file-system permissions.
2025-01-29 01:00:26,643 INFO c.h.h.t.HelmChartContainer - [test-hivemq-platform] [hivemq] [45a15806] DEBUG - Extension directory hivemq-dns-cluster-discovery (/opt/hivemq/extensions/hivemq-dns-cluster-discovery) satisfies all required file-system permissions.
2025-01-29 01:00:26,649 INFO c.h.h.t.HelmChartContainer - [test-hivemq-platform] [hivemq] [45a15806] DEBUG - Extension directory hivemq-prometheus-extension (/opt/hivemq/extensions/hivemq-prometheus-extension) satisfies all required file-system permissions.
2025-01-29 01:00:26,649 INFO c.h.h.t.HelmChartContainer - [test-hivemq-platform] [hivemq] [45a15806] DEBUG - Extension directory hivemq-google-cloud-pubsub-extension (/opt/hivemq/extensions/hivemq-google-cloud-pubsub-extension) satisfies all required file-system permissions.
2025-01-29 01:00:26,650 INFO c.h.h.t.HelmChartContainer - [test-hivemq-platform] [hivemq] [45a15806] DEBUG - Extension directory hivemq-snowflake-extension (/opt/hivemq/extensions/hivemq-snowflake-extension) satisfies all required file-system permissions.
2025-01-29 01:00:26,650 INFO c.h.h.t.HelmChartContainer - [test-hivemq-platform] [hivemq] [45a15806] DEBUG - Extension directory hivemq-postgresql-extension (/opt/hivemq/extensions/hivemq-postgresql-extension) satisfies all required file-system permissions.
2025-01-29 01:00:26,650 INFO c.h.h.t.HelmChartContainer - [test-hivemq-platform] [hivemq] [45a15806] DEBUG - Extension directory hivemq-enterprise-security-extension (/opt/hivemq/extensions/hivemq-enterprise-security-extension) satisfies all required file-system permissions.
2025-01-29 01:00:26,650 INFO c.h.h.t.HelmChartContainer - [test-hivemq-platform] [hivemq] [45a15806] DEBUG - Extension directory hivemq-mysql-extension (/opt/hivemq/extensions/hivemq-mysql-extension) satisfies all required file-system permissions.
2025-01-29 01:00:26,650 INFO c.h.h.t.HelmChartContainer - [test-hivemq-platform] [hivemq] [45a15806] DEBUG - Extension directory hivemq-bridge-extension (/opt/hivemq/extensions/hivemq-bridge-extension) satisfies all required file-system permissions.
2025-01-29 01:00:26,651 INFO c.h.h.t.HelmChartContainer - [test-hivemq-platform] [hivemq] [45a15806] DEBUG - Extension directory hivemq-kafka-extension (/opt/hivemq/extensions/hivemq-kafka-extension) satisfies all required file-system permissions.
2025-01-29 01:00:26,651 INFO c.h.h.t.HelmChartContainer - [test-hivemq-platform] [hivemq] [45a15806] DEBUG - Extension directory hivemq-distributed-tracing-extension (/opt/hivemq/extensions/hivemq-distributed-tracing-extension) satisfies all required file-system permissions.
2025-01-29 01:00:26,651 INFO c.h.h.t.HelmChartContainer - [test-hivemq-platform] [hivemq] [45a15806] DEBUG - Extension directory hivemq-mongodb-extension (/opt/hivemq/extensions/hivemq-mongodb-extension) satisfies all required file-system permissions.
2025-01-29 01:00:26,651 INFO c.h.h.t.HelmChartContainer - [test-hivemq-platform] [hivemq] [45a15806] DEBUG - Extension directory hivemq-data-lake-extension (/opt/hivemq/extensions/hivemq-data-lake-extension) satisfies all required file-system permissions.
2025-01-29 01:00:26,651 INFO c.h.h.t.HelmChartContainer - [test-hivemq-platform] [hivemq] [45a15806] DEBUG - Extension directory hivemq-amazon-kinesis-extension (/opt/hivemq/extensions/hivemq-amazon-kinesis-extension) satisfies all required file-system permissions.
2025-01-29 01:00:26,651 INFO c.h.h.t.HelmChartContainer - [test-hivemq-platform] [hivemq] [45a15806] DEBUG - Extension directory hivemq-microsoft-sql-server-extension (/opt/hivemq/extensions/hivemq-microsoft-sql-server-extension) satisfies all required file-system permissions.
2025-01-29 01:00:26,651 INFO c.h.h.t.HelmChartContainer - [test-hivemq-platform] [hivemq] [45a15806] DEBUG - Temporary directory (/tmp) satisfies all required file-system permissions.
2025-01-29 01:00:26,651 INFO c.h.h.t.HelmChartContainer - [test-hivemq-platform] [hivemq] [45a15806] DEBUG - Heap dump directory (/opt/hivemq) satisfies all required file-system permissions.
2025-01-29 01:00:26,651 INFO c.h.h.t.HelmChartContainer - [test-hivemq-platform] [hivemq] [45a15806] DEBUG - Performed all sanity checks in 104ms. All sanity checks passed successfully.
2025-01-29 01:00:26,651 INFO c.h.h.t.HelmChartContainer - [test-hivemq-platform] [hivemq] [45a15806] INFO  - This node's ID is OWLQP
2025-01-29 01:00:26,651 INFO c.h.h.t.HelmChartContainer - [test-hivemq-platform] [hivemq] [45a15806] INFO  - Clustering is enabled
2025-01-29 01:00:27,228 INFO c.h.h.t.HelmChartContainer - [hivemq-test-hivemq-platform] [hivemq-platform-operator] [e4ff5a47] 01:00:27.226 [pool-6-thread-11] DEBUG c.h.p.o.d.PlatformServiceResource - [helmcust] Desired Platform services (3 services)
2025-01-29 01:00:27,228 INFO c.h.h.t.HelmChartContainer - [hivemq-test-hivemq-platform] [hivemq-platform-operator] [e4ff5a47] 01:00:27.227 [pool-6-thread-14] DEBUG c.h.p.o.dependants.PodInfoConfigMap - [helmcust] Desired PodInfo ConfigMap (1 extensions) (1 enabled)
2025-01-29 01:00:27,230 INFO c.h.h.t.HelmChartContainer - [hivemq-test-hivemq-platform] [hivemq-platform-operator] [e4ff5a47] 01:00:27.228 [pool-6-thread-16] DEBUG c.h.p.o.d.PodServiceAccountResource - [helmcust] Desired PodServiceAccountResource (serviceAccountName: hivemq-platform-pod-test-hivemq-platform)
2025-01-29 01:00:27,230 INFO c.h.h.t.HelmChartContainer - [hivemq-test-hivemq-platform] [hivemq-platform-operator] [e4ff5a47] 01:00:27.228 [pool-6-thread-14] DEBUG c.h.p.o.dependants.PodInfoConfigMap - [helmcust] Desired PodInfo ConfigMap (metrics port: 9399) (metrics path: /)
2025-01-29 01:00:27,230 INFO c.h.h.t.HelmChartContainer - [hivemq-test-hivemq-platform] [hivemq-platform-operator] [e4ff5a47] 01:00:27.229 [pool-6-thread-14] DEBUG c.h.p.o.dependants.PodInfoConfigMap - [helmcust] Desired PodInfo ConfigMap (extension state hash: -1817474005)
2025-01-29 01:00:27,235 INFO c.h.h.t.HelmChartContainer - [hivemq-test-hivemq-platform] [hivemq-platform-operator] [e4ff5a47] 01:00:27.234 [pool-6-thread-11] DEBUG c.h.p.o.d.StatefulSetResource - [helmcust] Desired StatefulSet (1 replicas) for status STARTING (READY)
2025-01-29 01:00:27,243 INFO c.h.h.t.HelmChartContainer - [hivemq-test-hivemq-platform] [hivemq-platform-operator] [e4ff5a47] 01:00:27.238 [ReconcilerExecutor-hivemq-controller-110] INFO  c.h.p.o.HiveMQPlatformReconciler - [helmcust] Reconciling HiveMQ Platform 'test-hivemq-platform' in namespace 'helmcustomlogbackit'
2025-01-29 01:00:27,243 INFO c.h.h.t.HelmChartContainer - [hivemq-test-hivemq-platform] [hivemq-platform-operator] [e4ff5a47] 01:00:27.238 [ReconcilerExecutor-hivemq-controller-110] DEBUG c.h.p.o.HiveMQPlatformReconciler - [helmcust] Custom Resource Status STARTING - HiveMQ Platform is starting (READY)
2025-01-29 01:00:27,243 INFO c.h.h.t.HelmChartContainer - [hivemq-test-hivemq-platform] [hivemq-platform-operator] [e4ff5a47] 01:00:27.238 [ReconcilerExecutor-hivemq-controller-110] DEBUG c.h.p.o.HiveMQPlatformReconciler - [helmcust] Custom Resource Spec (replicas: 1) (extensions: 1)
2025-01-29 01:00:27,243 INFO c.h.h.t.HelmChartContainer - [hivemq-test-hivemq-platform] [hivemq-platform-operator] [e4ff5a47] 01:00:27.239 [ReconcilerExecutor-hivemq-controller-110] DEBUG c.h.p.o.HiveMQPlatformReconciler - [helmcust] StatefulSet Status (revision: test-hivemq-platform-989b74cd6, replicas: 1, available: 0, ready: 0, current: 1, updated: 1)
2025-01-29 01:00:27,243 INFO c.h.h.t.HelmChartContainer - [hivemq-test-hivemq-platform] [hivemq-platform-operator] [e4ff5a47] 01:00:27.239 [ReconcilerExecutor-hivemq-controller-110] DEBUG c.h.p.o.HiveMQPlatformReconciler - [helmcust] StatefulSet Spec (replicas: 1, init containers: 1, containers: 1, volumes: 3)
2025-01-29 01:00:27,247 INFO c.h.h.t.HelmChartContainer - [hivemq-test-hivemq-platform] [hivemq-platform-operator] [e4ff5a47] 01:00:27.245 [ReconcilerExecutor-hivemq-controller-110] DEBUG c.h.p.o.h.HiveMQPlatformReconcilerErrorHandler - [helmcust] Pod 'test-hivemq-platform-0' phase Running
2025-01-29 01:00:27,318 INFO c.h.h.t.HelmChartContainer - [hivemq-test-hivemq-platform] [hivemq-platform-operator] [e4ff5a47] 01:00:27.317 [ReconcilerExecutor-hivemq-controller-110] INFO  c.h.p.o.h.HiveMQPlatformReconcilerBaseHandler - [helmcust] HiveMQ Platform is starting, 0 of 1 replicas are ready
2025-01-29 01:00:28,549 INFO c.h.h.t.HelmChartContainer - [test-hivemq-platform] [hivemq] [45a15806] WARN  - [HiveMQ Platform Operator Init App 1.7.0-SNAPSHOT] Cannot connect to Health API for readiness: null
2025-01-29 01:00:28,553 INFO c.h.h.t.HelmChartContainer - [EVENT] Warning [Unhealthy] Readiness probe failed: HTTP probe failed with statuscode: 503 [helmcustomlogbackit:test-hivemq-platform-0]
2025-01-29 01:00:28,553 INFO c.h.h.t.HelmChartContainer - Received Unhealthy event for container hivemq in pod test-hivemq-platform-0 [45a15806-5436-4d1c-8619-a6cf303b06ad]
2025-01-29 01:00:30,948 INFO c.h.h.t.HelmChartContainer - [test-hivemq-platform] [hivemq] [45a15806] DEBUG - Configured WriteBufferManager with size for memtables 232460124 and for the block cache 348690186
2025-01-29 01:00:30,948 INFO c.h.h.t.HelmChartContainer - [test-hivemq-platform] [hivemq] [45a15806] DEBUG - Starting RocksDBMemoryUsageWatchdog.
2025-01-29 01:00:30,952 INFO c.h.h.t.HelmChartContainer - [test-hivemq-platform] [hivemq] [45a15806] DEBUG - RocksDBMemoryUsageWatchdog is running.
2025-01-29 01:00:31,049 INFO c.h.h.t.HelmChartContainer - [test-hivemq-platform] [hivemq] [45a15806] Jan 29, 2025 1:00:31 AM io.vertx.core.impl.BlockedThreadChecker
2025-01-29 01:00:31,049 INFO c.h.h.t.HelmChartContainer - [test-hivemq-platform] [hivemq] [45a15806] WARNING: Thread Thread[vert.x-eventloop-thread-1,5,main] has been blocked for 2599 ms, time limit is 2000 ms
2025-01-29 01:00:31,347 INFO c.h.h.t.HelmChartContainer - [test-hivemq-platform] [hivemq] [45a15806] DEBUG - Folder /opt/hivemq/data/persistence does not exist, trying to create it
2025-01-29 01:00:31,347 INFO c.h.h.t.HelmChartContainer - [test-hivemq-platform] [hivemq] [45a15806] DEBUG - Created folder /opt/hivemq/data
2025-01-29 01:00:31,347 INFO c.h.h.t.HelmChartContainer - [test-hivemq-platform] [hivemq] [45a15806] DEBUG - Folder /opt/hivemq/data/persistence/publish_payload_store/040500_R does not exist, trying to create it
2025-01-29 01:00:31,450 INFO c.h.h.t.HelmChartContainer - [test-hivemq-platform] [hivemq] [45a15806] DEBUG - Folder /opt/hivemq/data/persistence/client_queue/042800_R does not exist, trying to create it
2025-01-29 01:00:31,451 INFO c.h.h.t.HelmChartContainer - [test-hivemq-platform] [hivemq] [45a15806] DEBUG - Folder /opt/hivemq/data/persistence/client_session_store/040100_R does not exist, trying to create it
2025-01-29 01:00:31,543 INFO c.h.h.t.HelmChartContainer - [test-hivemq-platform] [hivemq] [45a15806] DEBUG - Folder /opt/hivemq/data/persistence/client_session_subscriptions/043200_R does not exist, trying to create it
2025-01-29 01:00:31,548 INFO c.h.h.t.HelmChartContainer - [test-hivemq-platform] [hivemq] [45a15806] DEBUG - Folder /opt/hivemq/data/persistence/retained_messages/040800_R does not exist, trying to create it
2025-01-29 01:00:31,550 INFO c.h.h.t.HelmChartContainer - [test-hivemq-platform] [hivemq] [45a15806] DEBUG - Folder /opt/hivemq/data/persistence/attribute/043100_R does not exist, trying to create it
2025-01-29 01:00:31,554 INFO c.h.h.t.HelmChartContainer - [test-hivemq-platform] [hivemq] [45a15806] DEBUG - Folder /opt/hivemq/data/persistence/incoming_message_flow/043000_R does not exist, trying to create it
2025-01-29 01:00:31,947 INFO c.h.h.t.HelmChartContainer - [test-hivemq-platform] [hivemq] [45a15806] INFO  - [HiveMQ Platform Operator Init App 1.7.0-SNAPSHOT] Updating Pod HiveMQ Platform Operator Init App version annotation (version: 1.7.0-SNAPSHOT)
2025-01-29 01:00:32,243 INFO c.h.h.t.HelmChartContainer - [test-hivemq-platform] [hivemq] [45a15806] DEBUG - Folder /opt/hivemq/data/persistence/data_hub_modules/043000_R does not exist, trying to create it
2025-01-29 01:00:32,247 INFO c.h.h.t.HelmChartContainer - [test-hivemq-platform] [hivemq] [45a15806] DEBUG - Folder /opt/hivemq/data/persistence/data_hub_schemas/042000_R does not exist, trying to create it
2025-01-29 01:00:32,250 INFO c.h.h.t.HelmChartContainer - [test-hivemq-platform] [hivemq] [45a15806] DEBUG - Folder /opt/hivemq/data/persistence/data_hub_scripts/042300_R does not exist, trying to create it
2025-01-29 01:00:32,250 INFO c.h.h.t.HelmChartContainer - [test-hivemq-platform] [hivemq] [45a15806] DEBUG - Folder /opt/hivemq/data/persistence/data_hub_policies/042000_R does not exist, trying to create it
2025-01-29 01:00:32,657 INFO c.h.h.t.HelmChartContainer - [POD] test-hivemq-platform-0 [45a15806-5436-4d1c-8619-a6cf303b06ad] in helmcustomlogbackit was MODIFIED
2025-01-29 01:00:32,666 INFO c.h.h.t.HelmChartContainer - [hivemq-test-hivemq-platform] [hivemq-platform-operator] [e4ff5a47] 01:00:32.663 [pool-6-thread-22] DEBUG c.h.p.o.d.PodServiceAccountResource - [helmcust] Desired PodServiceAccountResource (serviceAccountName: hivemq-platform-pod-test-hivemq-platform)
2025-01-29 01:00:32,666 INFO c.h.h.t.HelmChartContainer - [hivemq-test-hivemq-platform] [hivemq-platform-operator] [e4ff5a47] 01:00:32.664 [pool-6-thread-26] DEBUG c.h.p.o.dependants.PodInfoConfigMap - [helmcust] Desired PodInfo ConfigMap (1 extensions) (1 enabled)
2025-01-29 01:00:32,666 INFO c.h.h.t.HelmChartContainer - [hivemq-test-hivemq-platform] [hivemq-platform-operator] [e4ff5a47] 01:00:32.664 [pool-6-thread-26] DEBUG c.h.p.o.dependants.PodInfoConfigMap - [helmcust] Desired PodInfo ConfigMap (metrics port: 9399) (metrics path: /)
2025-01-29 01:00:32,666 INFO c.h.h.t.HelmChartContainer - [hivemq-test-hivemq-platform] [hivemq-platform-operator] [e4ff5a47] 01:00:32.664 [pool-6-thread-26] DEBUG c.h.p.o.dependants.PodInfoConfigMap - [helmcust] Desired PodInfo ConfigMap (extension state hash: -1817474005)
2025-01-29 01:00:32,667 INFO c.h.h.t.HelmChartContainer - [hivemq-test-hivemq-platform] [hivemq-platform-operator] [e4ff5a47] 01:00:32.662 [pool-6-thread-23] DEBUG c.h.p.o.d.PlatformServiceResource - [helmcust] Desired Platform services (3 services)
2025-01-29 01:00:32,671 INFO c.h.h.t.HelmChartContainer - [hivemq-test-hivemq-platform] [hivemq-platform-operator] [e4ff5a47] 01:00:32.671 [pool-6-thread-23] DEBUG c.h.p.o.d.StatefulSetResource - [helmcust] Desired StatefulSet (1 replicas) for status STARTING (READY)
2025-01-29 01:00:32,676 INFO c.h.h.t.HelmChartContainer - [hivemq-test-hivemq-platform] [hivemq-platform-operator] [e4ff5a47] 01:00:32.675 [ReconcilerExecutor-hivemq-controller-111] INFO  c.h.p.o.HiveMQPlatformReconciler - [helmcust] Reconciling HiveMQ Platform 'test-hivemq-platform' in namespace 'helmcustomlogbackit'
2025-01-29 01:00:32,676 INFO c.h.h.t.HelmChartContainer - [hivemq-test-hivemq-platform] [hivemq-platform-operator] [e4ff5a47] 01:00:32.675 [ReconcilerExecutor-hivemq-controller-111] DEBUG c.h.p.o.HiveMQPlatformReconciler - [helmcust] Custom Resource Status STARTING - HiveMQ Platform is starting (READY)
2025-01-29 01:00:32,676 INFO c.h.h.t.HelmChartContainer - [hivemq-test-hivemq-platform] [hivemq-platform-operator] [e4ff5a47] 01:00:32.675 [ReconcilerExecutor-hivemq-controller-111] DEBUG c.h.p.o.HiveMQPlatformReconciler - [helmcust] Custom Resource Spec (replicas: 1) (extensions: 1)
2025-01-29 01:00:32,677 INFO c.h.h.t.HelmChartContainer - [hivemq-test-hivemq-platform] [hivemq-platform-operator] [e4ff5a47] 01:00:32.677 [ReconcilerExecutor-hivemq-controller-111] DEBUG c.h.p.o.HiveMQPlatformReconciler - [helmcust] StatefulSet Status (revision: test-hivemq-platform-989b74cd6, replicas: 1, available: 0, ready: 0, current: 1, updated: 1)
2025-01-29 01:00:32,677 INFO c.h.h.t.HelmChartContainer - [hivemq-test-hivemq-platform] [hivemq-platform-operator] [e4ff5a47] 01:00:32.677 [ReconcilerExecutor-hivemq-controller-111] DEBUG c.h.p.o.HiveMQPlatformReconciler - [helmcust] StatefulSet Spec (replicas: 1, init containers: 1, containers: 1, volumes: 3)
2025-01-29 01:00:32,679 INFO c.h.h.t.HelmChartContainer - [hivemq-test-hivemq-platform] [hivemq-platform-operator] [e4ff5a47] 01:00:32.678 [ReconcilerExecutor-hivemq-controller-111] DEBUG c.h.p.o.h.HiveMQPlatformReconcilerErrorHandler - [helmcust] Pod 'test-hivemq-platform-0' phase Running
2025-01-29 01:00:32,744 INFO c.h.h.t.HelmChartContainer - [test-hivemq-platform] [hivemq] [45a15806] INFO  - [HiveMQ Platform Operator Init App 1.7.0-SNAPSHOT] Successfully updated Pod HiveMQ Platform Operator Init App version annotation (version: 1.7.0-SNAPSHOT)
2025-01-29 01:00:32,744 INFO c.h.h.t.HelmChartContainer - [test-hivemq-platform] [hivemq] [45a15806] WARN  - [HiveMQ Platform Operator Init App 1.7.0-SNAPSHOT] Cannot connect to Health API for readiness: null
2025-01-29 01:00:32,745 INFO c.h.h.t.HelmChartContainer - [hivemq-test-hivemq-platform] [hivemq-platform-operator] [e4ff5a47] 01:00:32.744 [ReconcilerExecutor-hivemq-controller-111] INFO  c.h.p.o.h.HiveMQPlatformReconcilerBaseHandler - [helmcust] HiveMQ Platform is starting, 0 of 1 replicas are ready
2025-01-29 01:00:32,752 INFO c.h.h.t.HelmChartContainer - [EVENT] Warning [Unhealthy] Readiness probe failed: HTTP probe failed with statuscode: 503 [helmcustomlogbackit:test-hivemq-platform-0]
2025-01-29 01:00:32,752 INFO c.h.h.t.HelmChartContainer - Received Unhealthy event for container hivemq in pod test-hivemq-platform-0 [45a15806-5436-4d1c-8619-a6cf303b06ad]
2025-01-29 01:00:37,741 INFO c.h.h.t.HelmChartContainer - [test-hivemq-platform] [hivemq] [45a15806] WARN  - [HiveMQ Platform Operator Init App 1.7.0-SNAPSHOT] Cannot connect to Health API for readiness: null
2025-01-29 01:00:37,754 INFO c.h.h.t.HelmChartContainer - [EVENT] Warning [Unhealthy] Readiness probe failed: HTTP probe failed with statuscode: 503 [helmcustomlogbackit:test-hivemq-platform-0]
2025-01-29 01:00:37,754 INFO c.h.h.t.HelmChartContainer - Received Unhealthy event for container hivemq in pod test-hivemq-platform-0 [45a15806-5436-4d1c-8619-a6cf303b06ad]
2025-01-29 01:00:37,841 INFO c.h.h.t.HelmChartContainer - [test-hivemq-platform] [hivemq] [45a15806] DEBUG - Diagnostic mode is disabled
2025-01-29 01:00:42,743 INFO c.h.h.t.HelmChartContainer - [test-hivemq-platform] [hivemq] [45a15806] WARN  - [HiveMQ Platform Operator Init App 1.7.0-SNAPSHOT] Cannot connect to Health API for readiness: null
2025-01-29 01:00:42,750 INFO c.h.h.t.HelmChartContainer - [EVENT] Warning [Unhealthy] Readiness probe failed: HTTP probe failed with statuscode: 503 [helmcustomlogbackit:test-hivemq-platform-0]
2025-01-29 01:00:42,751 INFO c.h.h.t.HelmChartContainer - Received Unhealthy event for container hivemq in pod test-hivemq-platform-0 [45a15806-5436-4d1c-8619-a6cf303b06ad]
2025-01-29 01:00:42,757 INFO c.h.h.t.HelmChartContainer - [hivemq-test-hivemq-platform] [hivemq-platform-operator] [e4ff5a47] 01:00:42.755 [pool-6-thread-37] DEBUG c.h.p.o.d.PlatformServiceResource - [helmcust] Desired Platform services (3 services)
2025-01-29 01:00:42,757 INFO c.h.h.t.HelmChartContainer - [hivemq-test-hivemq-platform] [hivemq-platform-operator] [e4ff5a47] 01:00:42.756 [pool-6-thread-34] DEBUG c.h.p.o.dependants.PodInfoConfigMap - [helmcust] Desired PodInfo ConfigMap (1 extensions) (1 enabled)
2025-01-29 01:00:42,761 INFO c.h.h.t.HelmChartContainer - [hivemq-test-hivemq-platform] [hivemq-platform-operator] [e4ff5a47] 01:00:42.759 [pool-6-thread-34] DEBUG c.h.p.o.dependants.PodInfoConfigMap - [helmcust] Desired PodInfo ConfigMap (metrics port: 9399) (metrics path: /)
2025-01-29 01:00:42,761 INFO c.h.h.t.HelmChartContainer - [hivemq-test-hivemq-platform] [hivemq-platform-operator] [e4ff5a47] 01:00:42.759 [pool-6-thread-34] DEBUG c.h.p.o.dependants.PodInfoConfigMap - [helmcust] Desired PodInfo ConfigMap (extension state hash: -1817474005)
2025-01-29 01:00:42,763 INFO c.h.h.t.HelmChartContainer - [hivemq-test-hivemq-platform] [hivemq-platform-operator] [e4ff5a47] 01:00:42.759 [pool-6-thread-38] DEBUG c.h.p.o.d.PodServiceAccountResource - [helmcust] Desired PodServiceAccountResource (serviceAccountName: hivemq-platform-pod-test-hivemq-platform)
2025-01-29 01:00:42,765 INFO c.h.h.t.HelmChartContainer - [hivemq-test-hivemq-platform] [hivemq-platform-operator] [e4ff5a47] 01:00:42.763 [pool-6-thread-32] DEBUG c.h.p.o.d.StatefulSetResource - [helmcust] Desired StatefulSet (1 replicas) for status STARTING (READY)
2025-01-29 01:00:42,771 INFO c.h.h.t.HelmChartContainer - [hivemq-test-hivemq-platform] [hivemq-platform-operator] [e4ff5a47] 01:00:42.767 [ReconcilerExecutor-hivemq-controller-112] INFO  c.h.p.o.HiveMQPlatformReconciler - [helmcust] Reconciling HiveMQ Platform 'test-hivemq-platform' in namespace 'helmcustomlogbackit'
2025-01-29 01:00:42,772 INFO c.h.h.t.HelmChartContainer - [hivemq-test-hivemq-platform] [hivemq-platform-operator] [e4ff5a47] 01:00:42.767 [ReconcilerExecutor-hivemq-controller-112] DEBUG c.h.p.o.HiveMQPlatformReconciler - [helmcust] Custom Resource Status STARTING - HiveMQ Platform is starting (READY)
2025-01-29 01:00:42,772 INFO c.h.h.t.HelmChartContainer - [hivemq-test-hivemq-platform] [hivemq-platform-operator] [e4ff5a47] 01:00:42.767 [ReconcilerExecutor-hivemq-controller-112] DEBUG c.h.p.o.HiveMQPlatformReconciler - [helmcust] Custom Resource Spec (replicas: 1) (extensions: 1)
2025-01-29 01:00:42,772 INFO c.h.h.t.HelmChartContainer - [hivemq-test-hivemq-platform] [hivemq-platform-operator] [e4ff5a47] 01:00:42.768 [ReconcilerExecutor-hivemq-controller-112] DEBUG c.h.p.o.HiveMQPlatformReconciler - [helmcust] StatefulSet Status (revision: test-hivemq-platform-989b74cd6, replicas: 1, available: 0, ready: 0, current: 1, updated: 1)
2025-01-29 01:00:42,772 INFO c.h.h.t.HelmChartContainer - [hivemq-test-hivemq-platform] [hivemq-platform-operator] [e4ff5a47] 01:00:42.768 [ReconcilerExecutor-hivemq-controller-112] DEBUG c.h.p.o.HiveMQPlatformReconciler - [helmcust] StatefulSet Spec (replicas: 1, init containers: 1, containers: 1, volumes: 3)
2025-01-29 01:00:42,772 INFO c.h.h.t.HelmChartContainer - [hivemq-test-hivemq-platform] [hivemq-platform-operator] [e4ff5a47] 01:00:42.771 [ReconcilerExecutor-hivemq-controller-112] DEBUG c.h.p.o.h.HiveMQPlatformReconcilerErrorHandler - [helmcust] Pod 'test-hivemq-platform-0' phase Running
2025-01-29 01:00:42,772 INFO c.h.h.t.HelmChartContainer - [hivemq-test-hivemq-platform] [hivemq-platform-operator] [e4ff5a47] 01:00:42.771 [ReconcilerExecutor-hivemq-controller-112] INFO  c.h.p.o.h.HiveMQPlatformReconcilerBaseHandler - [helmcust] HiveMQ Platform is starting, 0 of 1 replicas are ready
2025-01-29 01:00:43,454 INFO c.h.h.t.HelmChartContainer - [test-hivemq-platform] [hivemq] [45a15806] INFO  - No valid license file found. Using trial license, restricted to 25 connections.
2025-01-29 01:00:43,747 INFO c.h.h.t.HelmChartContainer - [test-hivemq-platform] [hivemq] [45a15806] WARN  - [HiveMQ Platform Operator Init App 1.7.0-SNAPSHOT] Cannot connect to Health API for liveness: null
2025-01-29 01:00:43,749 INFO c.h.h.t.HelmChartContainer - [test-hivemq-platform] [hivemq] [45a15806] INFO  - [HiveMQ Platform Operator Init App 1.7.0-SNAPSHOT] Returning default Health API response 200 for liveness
2025-01-29 01:00:43,948 INFO c.h.h.t.HelmChartContainer - [test-hivemq-platform] [hivemq] [45a15806] DEBUG - Native Epoll is available on this platform
2025-01-29 01:00:44,044 INFO c.h.h.t.HelmChartContainer - [test-hivemq-platform] [hivemq] [45a15806] DEBUG - Set extension executor thread pool size to 1
2025-01-29 01:00:44,044 INFO c.h.h.t.HelmChartContainer - [test-hivemq-platform] [hivemq] [45a15806] DEBUG - Set extension executor thread pool keep-alive to 30 seconds
2025-01-29 01:00:44,048 INFO c.h.h.t.HelmChartContainer - [test-hivemq-platform] [hivemq] [45a15806] DEBUG - initializing RSA key
2025-01-29 01:00:45,455 INFO c.h.h.t.HelmChartContainer - [test-hivemq-platform] [hivemq] [45a15806] DEBUG - finished initializing RSA key in 1405ms
2025-01-29 01:00:46,745 INFO c.h.h.t.HelmChartContainer - [test-hivemq-platform] [hivemq] [45a15806] DEBUG - Unable to provide size and free metrics for disk /dev/sdb: Could not find the corresponding FileStore (OSHI/Java).
2025-01-29 01:00:46,745 INFO c.h.h.t.HelmChartContainer - [test-hivemq-platform] [hivemq] [45a15806] DEBUG - Unable to provide size and free metrics for disk /dev/sda: Could not find the corresponding FileStore (OSHI/Java).
2025-01-29 01:00:46,745 INFO c.h.h.t.HelmChartContainer - [test-hivemq-platform] [hivemq] [45a15806] DEBUG - Throttling incoming traffic to 0 B/s
2025-01-29 01:00:46,745 INFO c.h.h.t.HelmChartContainer - [test-hivemq-platform] [hivemq] [45a15806] DEBUG - Throttling outgoing traffic to 0 B/s
2025-01-29 01:00:46,916 INFO c.h.h.t.HelmChartContainer - [test-hivemq-platform] [hivemq] [45a15806] INFO  - No valid license file for Data Hub found. Using free license, restricted to 1 policy.
2025-01-29 01:00:46,942 INFO c.h.h.t.HelmChartContainer - [test-hivemq-platform] [hivemq] [45a15806] DEBUG - Building initial topic tree
2025-01-29 01:00:47,147 INFO c.h.h.t.HelmChartContainer - [test-hivemq-platform] [hivemq] [45a15806] DEBUG - Started JMX Metrics Reporting.
2025-01-29 01:00:47,242 INFO c.h.h.t.HelmChartContainer - [test-hivemq-platform] [hivemq] [45a15806] DEBUG - Registered JVM metrics with prefix com.hivemq.jvm.
2025-01-29 01:00:47,247 INFO c.h.h.t.HelmChartContainer - [test-hivemq-platform] [hivemq] [45a15806] DEBUG - Registered HiveMQ Health API metrics.
2025-01-29 01:00:47,742 INFO c.h.h.t.HelmChartContainer - [test-hivemq-platform] [hivemq] [45a15806] WARN  - [HiveMQ Platform Operator Init App 1.7.0-SNAPSHOT] Cannot connect to Health API for readiness: null
2025-01-29 01:00:47,748 INFO c.h.h.t.HelmChartContainer - [EVENT] Warning [Unhealthy] Readiness probe failed: HTTP probe failed with statuscode: 503 [helmcustomlogbackit:test-hivemq-platform-0]
2025-01-29 01:00:47,748 INFO c.h.h.t.HelmChartContainer - Received Unhealthy event for container hivemq in pod test-hivemq-platform-0 [45a15806-5436-4d1c-8619-a6cf303b06ad]
2025-01-29 01:00:48,064 INFO c.h.h.t.HelmChartContainer - [test-hivemq-platform] [hivemq] [45a15806] INFO  - Audit Logger started.
2025-01-29 01:00:48,352 INFO c.h.h.t.HelmChartContainer - [test-hivemq-platform] [hivemq] [45a15806] INFO  - This node uses '1' CPU cores.
2025-01-29 01:00:48,357 INFO c.h.h.t.HelmChartContainer - [test-hivemq-platform] [hivemq] [45a15806] INFO  - Starting HiveMQ Health API on address 0.0.0.0 and port 8889
2025-01-29 01:00:49,146 INFO c.h.h.t.HelmChartContainer - [test-hivemq-platform] [hivemq] [45a15806] INFO  - Started HiveMQ Health API in 789ms
2025-01-29 01:00:49,643 INFO c.h.h.t.HelmChartContainer - [test-hivemq-platform] [hivemq] [45a15806] INFO  - Starting HiveMQ extension system.
2025-01-29 01:00:49,856 INFO c.h.h.t.HelmChartContainer - [test-hivemq-platform] [hivemq] [45a15806] INFO  - Starting extension with id "hivemq-dns-cluster-discovery" at /opt/hivemq/extensions/hivemq-dns-cluster-discovery
2025-01-29 01:00:50,042 INFO c.h.h.t.HelmChartContainer - [test-hivemq-platform] [hivemq] [45a15806] DEBUG - HiveMQ DNS Cluster Discovery Extension: No DNS server address was set in the configuration file or environment variable.
2025-01-29 01:00:50,046 INFO c.h.h.t.HelmChartContainer - [test-hivemq-platform] [hivemq] [45a15806] DEBUG - HiveMQ DNS Cluster Discovery Extension: No reload interval was set in the configuration file or environment variable. Defaulting to 30.
2025-01-29 01:00:50,346 INFO c.h.h.t.HelmChartContainer - [test-hivemq-platform] [hivemq] [45a15806] INFO  - Extension "DNS Cluster Discovery Extension" version 4.3.2 started successfully.
2025-01-29 01:00:50,346 INFO c.h.h.t.HelmChartContainer - [test-hivemq-platform] [hivemq] [45a15806] INFO  - Starting extension with id "hivemq-prometheus-extension" at /opt/hivemq/extensions/hivemq-prometheus-extension
2025-01-29 01:00:50,352 INFO c.h.h.t.HelmChartContainer - [test-hivemq-platform] [hivemq] [45a15806] INFO  - Using TCP cluster transport on address 10.42.0.9 and port 7000
2025-01-29 01:00:50,442 INFO c.h.h.t.HelmChartContainer - [test-hivemq-platform] [hivemq] [45a15806] INFO  - Using extension cluster discovery
2025-01-29 01:00:51,245 INFO c.h.h.t.HelmChartContainer - [test-hivemq-platform] [hivemq] [45a15806] INFO  - Started Jetty Server exposing Prometheus Servlet on URI http://0.0.0.0:9399/
2025-01-29 01:00:51,245 INFO c.h.h.t.HelmChartContainer - [test-hivemq-platform] [hivemq] [45a15806] INFO  - Extension "Prometheus Monitoring Extension" version 4.0.12 started successfully.
2025-01-29 01:00:51,245 INFO c.h.h.t.HelmChartContainer - [test-hivemq-platform] [hivemq] [45a15806] INFO  - Starting extension with id "hivemq-allow-all-extension" at /opt/hivemq/extensions/hivemq-allow-all-extension
2025-01-29 01:00:51,246 INFO c.h.h.t.HelmChartContainer - [test-hivemq-platform] [hivemq] [45a15806] WARN  - 
2025-01-29 01:00:51,246 INFO c.h.h.t.HelmChartContainer - [test-hivemq-platform] [hivemq] [45a15806] ################################################################################################################
2025-01-29 01:00:51,246 INFO c.h.h.t.HelmChartContainer - [test-hivemq-platform] [hivemq] [45a15806] # This HiveMQ deployment is not secure! You are lacking Authentication and Authorization.                      #
2025-01-29 01:00:51,246 INFO c.h.h.t.HelmChartContainer - [test-hivemq-platform] [hivemq] [45a15806] # Right now any MQTT client can connect to the broker with a full set of permissions.                          #
2025-01-29 01:00:51,246 INFO c.h.h.t.HelmChartContainer - [test-hivemq-platform] [hivemq] [45a15806] # For production usage, add an appropriate security extension and remove the hivemq-allow-all extension.       #
2025-01-29 01:00:51,246 INFO c.h.h.t.HelmChartContainer - [test-hivemq-platform] [hivemq] [45a15806] # You can download security extensions from the HiveMQ Marketplace (https://www.hivemq.com/extensions/).       #
2025-01-29 01:00:51,246 INFO c.h.h.t.HelmChartContainer - [test-hivemq-platform] [hivemq] [45a15806] ################################################################################################################
2025-01-29 01:00:51,247 INFO c.h.h.t.HelmChartContainer - [test-hivemq-platform] [hivemq] [45a15806] DEBUG - Simple authenticator added by extension 'hivemq-allow-all-extension'.
2025-01-29 01:00:51,247 INFO c.h.h.t.HelmChartContainer - [test-hivemq-platform] [hivemq] [45a15806] INFO  - Extension "Allow All Extension" version 1.1.1 started successfully.
2025-01-29 01:00:51,354 INFO c.h.h.t.HelmChartContainer - [test-hivemq-platform] [hivemq] [45a15806] DEBUG - HiveMQ DNS Cluster Discovery Extension: Discovered new address '10.42.0.9'.
2025-01-29 01:00:52,779 INFO c.h.h.t.HelmChartContainer - [hivemq-test-hivemq-platform] [hivemq-platform-operator] [e4ff5a47] 01:00:52.775 [pool-6-thread-43] DEBUG c.h.p.o.d.PlatformServiceResource - [helmcust] Desired Platform services (3 services)
2025-01-29 01:00:52,780 INFO c.h.h.t.HelmChartContainer - [hivemq-test-hivemq-platform] [hivemq-platform-operator] [e4ff5a47] 01:00:52.776 [pool-6-thread-46] DEBUG c.h.p.o.dependants.PodInfoConfigMap - [helmcust] Desired PodInfo ConfigMap (1 extensions) (1 enabled)
2025-01-29 01:00:52,780 INFO c.h.h.t.HelmChartContainer - [hivemq-test-hivemq-platform] [hivemq-platform-operator] [e4ff5a47] 01:00:52.776 [pool-6-thread-46] DEBUG c.h.p.o.dependants.PodInfoConfigMap - [helmcust] Desired PodInfo ConfigMap (metrics port: 9399) (metrics path: /)
2025-01-29 01:00:52,780 INFO c.h.h.t.HelmChartContainer - [hivemq-test-hivemq-platform] [hivemq-platform-operator] [e4ff5a47] 01:00:52.776 [pool-6-thread-46] DEBUG c.h.p.o.dependants.PodInfoConfigMap - [helmcust] Desired PodInfo ConfigMap (extension state hash: -1817474005)
2025-01-29 01:00:52,780 INFO c.h.h.t.HelmChartContainer - [hivemq-test-hivemq-platform] [hivemq-platform-operator] [e4ff5a47] 01:00:52.779 [pool-6-thread-47] DEBUG c.h.p.o.d.PodServiceAccountResource - [helmcust] Desired PodServiceAccountResource (serviceAccountName: hivemq-platform-pod-test-hivemq-platform)
2025-01-29 01:00:52,788 INFO c.h.h.t.HelmChartContainer - [hivemq-test-hivemq-platform] [hivemq-platform-operator] [e4ff5a47] 01:00:52.787 [pool-6-thread-43] DEBUG c.h.p.o.d.StatefulSetResource - [helmcust] Desired StatefulSet (1 replicas) for status STARTING (READY)
2025-01-29 01:00:52,849 INFO c.h.h.t.HelmChartContainer - [hivemq-test-hivemq-platform] [hivemq-platform-operator] [e4ff5a47] 01:00:52.843 [ReconcilerExecutor-hivemq-controller-113] INFO  c.h.p.o.HiveMQPlatformReconciler - [helmcust] Reconciling HiveMQ Platform 'test-hivemq-platform' in namespace 'helmcustomlogbackit'
2025-01-29 01:00:52,849 INFO c.h.h.t.HelmChartContainer - [hivemq-test-hivemq-platform] [hivemq-platform-operator] [e4ff5a47] 01:00:52.844 [ReconcilerExecutor-hivemq-controller-113] DEBUG c.h.p.o.HiveMQPlatformReconciler - [helmcust] Custom Resource Status STARTING - HiveMQ Platform is starting (READY)
2025-01-29 01:00:52,849 INFO c.h.h.t.HelmChartContainer - [hivemq-test-hivemq-platform] [hivemq-platform-operator] [e4ff5a47] 01:00:52.844 [ReconcilerExecutor-hivemq-controller-113] DEBUG c.h.p.o.HiveMQPlatformReconciler - [helmcust] Custom Resource Spec (replicas: 1) (extensions: 1)
2025-01-29 01:00:52,849 INFO c.h.h.t.HelmChartContainer - [hivemq-test-hivemq-platform] [hivemq-platform-operator] [e4ff5a47] 01:00:52.847 [ReconcilerExecutor-hivemq-controller-113] DEBUG c.h.p.o.HiveMQPlatformReconciler - [helmcust] StatefulSet Status (revision: test-hivemq-platform-989b74cd6, replicas: 1, available: 0, ready: 0, current: 1, updated: 1)
2025-01-29 01:00:52,849 INFO c.h.h.t.HelmChartContainer - [hivemq-test-hivemq-platform] [hivemq-platform-operator] [e4ff5a47] 01:00:52.847 [ReconcilerExecutor-hivemq-controller-113] DEBUG c.h.p.o.HiveMQPlatformReconciler - [helmcust] StatefulSet Spec (replicas: 1, init containers: 1, containers: 1, volumes: 3)
2025-01-29 01:00:52,850 INFO c.h.h.t.HelmChartContainer - [hivemq-test-hivemq-platform] [hivemq-platform-operator] [e4ff5a47] 01:00:52.849 [ReconcilerExecutor-hivemq-controller-113] DEBUG c.h.p.o.h.HiveMQPlatformReconcilerErrorHandler - [helmcust] Pod 'test-hivemq-platform-0' phase Running
2025-01-29 01:00:52,850 INFO c.h.h.t.HelmChartContainer - [hivemq-test-hivemq-platform] [hivemq-platform-operator] [e4ff5a47] 01:00:52.850 [ReconcilerExecutor-hivemq-controller-113] INFO  c.h.p.o.h.HiveMQPlatformReconcilerBaseHandler - [helmcust] HiveMQ Platform is starting, 0 of 1 replicas are ready
2025-01-29 01:00:53,241 INFO c.h.h.t.HelmChartContainer - [test-hivemq-platform] [hivemq] [45a15806] INFO  - [HiveMQ Platform Operator Init App 1.7.0-SNAPSHOT] Returning Health API response 503 for readiness
2025-01-29 01:00:53,246 INFO c.h.h.t.HelmChartContainer - [EVENT] Warning [Unhealthy] Readiness probe failed: HTTP probe failed with statuscode: 503 [helmcustomlogbackit:test-hivemq-platform-0]
2025-01-29 01:00:53,246 INFO c.h.h.t.HelmChartContainer - Received Unhealthy event for container hivemq in pod test-hivemq-platform-0 [45a15806-5436-4d1c-8619-a6cf303b06ad]
2025-01-29 01:00:53,356 INFO c.h.h.t.HelmChartContainer - [test-hivemq-platform] [hivemq] [45a15806] INFO  - OWLQP: no members discovered after 2409 ms: creating cluster as first member
2025-01-29 01:00:53,362 INFO c.h.h.t.HelmChartContainer - [test-hivemq-platform] [hivemq] [45a15806] INFO  - Cluster nodes found by discovery: [OWLQP|0] (1) [OWLQP].
2025-01-29 01:00:53,366 INFO c.h.h.t.HelmChartContainer - [test-hivemq-platform] [hivemq] [45a15806] DEBUG - State of node OWLQP changed to UNKNOWN was null. Current cluster node states: {OWLQP=UNKNOWN}
2025-01-29 01:00:53,453 INFO c.h.h.t.HelmChartContainer - [test-hivemq-platform] [hivemq] [45a15806] DEBUG - State of node OWLQP set to RUNNING. Current cluster node states: {OWLQP=RUNNING}
2025-01-29 01:00:53,455 INFO c.h.h.t.HelmChartContainer - [test-hivemq-platform] [hivemq] [45a15806] WARN  - No user for HiveMQ Control Center configured. Starting with default user
2025-01-29 01:00:53,455 INFO c.h.h.t.HelmChartContainer - [test-hivemq-platform] [hivemq] [45a15806] INFO  - Starting HiveMQ Control Center on address 0.0.0.0 and port 8080
2025-01-29 01:00:53,458 INFO c.h.h.t.HelmChartContainer - [test-hivemq-platform] [hivemq] [45a15806] INFO  - Mounting HiveMQ Control Center V2 Preview
2025-01-29 01:00:54,056 INFO c.h.h.t.HelmChartContainer - [test-hivemq-platform] [hivemq] [45a15806] INFO  - Started HiveMQ Control Center in 602ms
2025-01-29 01:00:54,149 INFO c.h.h.t.HelmChartContainer - [test-hivemq-platform] [hivemq] [45a15806] INFO  - Starting TCP listener on address 0.0.0.0 and port 1883
2025-01-29 01:00:54,240 INFO c.h.h.t.HelmChartContainer - [test-hivemq-platform] [hivemq] [45a15806] INFO  - Started TCP Listener on address 0.0.0.0 and on port 1883.
2025-01-29 01:00:54,240 INFO c.h.h.t.HelmChartContainer - [test-hivemq-platform] [hivemq] [45a15806] INFO  - Started HiveMQ in 29989ms
2025-01-29 01:00:57,660 INFO c.h.h.t.HelmChartContainer - [test-hivemq-platform] [hivemq] [45a15806] INFO  - [HiveMQ Platform Operator Init App 1.7.0-SNAPSHOT] Returning Health API response 200 for readiness
2025-01-29 01:00:57,683 INFO c.h.h.t.HelmChartContainer - [POD] test-hivemq-platform-0 [45a15806-5436-4d1c-8619-a6cf303b06ad] in helmcustomlogbackit was MODIFIED
2025-01-29 01:00:57,693 INFO c.h.h.t.HelmChartContainer - [hivemq-test-hivemq-platform] [hivemq-platform-operator] [e4ff5a47] 01:00:57.679 [pool-6-thread-1] DEBUG c.h.p.o.d.PlatformServiceResource - [helmcust] Desired Platform services (3 services)
2025-01-29 01:00:57,693 INFO c.h.h.t.HelmChartContainer - [hivemq-test-hivemq-platform] [hivemq-platform-operator] [e4ff5a47] 01:00:57.680 [pool-6-thread-10] DEBUG c.h.p.o.dependants.PodInfoConfigMap - [helmcust] Desired PodInfo ConfigMap (1 extensions) (1 enabled)
2025-01-29 01:00:57,693 INFO c.h.h.t.HelmChartContainer - [hivemq-test-hivemq-platform] [hivemq-platform-operator] [e4ff5a47] 01:00:57.686 [pool-6-thread-10] DEBUG c.h.p.o.dependants.PodInfoConfigMap - [helmcust] Desired PodInfo ConfigMap (metrics port: 9399) (metrics path: /)
2025-01-29 01:00:57,693 INFO c.h.h.t.HelmChartContainer - [hivemq-test-hivemq-platform] [hivemq-platform-operator] [e4ff5a47] 01:00:57.686 [pool-6-thread-10] DEBUG c.h.p.o.dependants.PodInfoConfigMap - [helmcust] Desired PodInfo ConfigMap (extension state hash: -1817474005)
2025-01-29 01:00:57,694 INFO c.h.h.t.HelmChartContainer - [hivemq-test-hivemq-platform] [hivemq-platform-operator] [e4ff5a47] 01:00:57.687 [pool-6-thread-3] DEBUG c.h.p.o.d.PodServiceAccountResource - [helmcust] Desired PodServiceAccountResource (serviceAccountName: hivemq-platform-pod-test-hivemq-platform)
2025-01-29 01:00:57,698 INFO c.h.h.t.HelmChartContainer - [hivemq-test-hivemq-platform] [hivemq-platform-operator] [e4ff5a47] 01:00:57.695 [pool-6-thread-1] DEBUG c.h.p.o.d.StatefulSetResource - [helmcust] Desired StatefulSet (1 replicas) for status STARTING (READY)
2025-01-29 01:00:57,748 INFO c.h.h.t.HelmChartContainer - [hivemq-test-hivemq-platform] [hivemq-platform-operator] [e4ff5a47] 01:00:57.745 [ReconcilerExecutor-hivemq-controller-114] INFO  c.h.p.o.HiveMQPlatformReconciler - [helmcust] Reconciling HiveMQ Platform 'test-hivemq-platform' in namespace 'helmcustomlogbackit'
2025-01-29 01:00:57,749 INFO c.h.h.t.HelmChartContainer - [hivemq-test-hivemq-platform] [hivemq-platform-operator] [e4ff5a47] 01:00:57.745 [ReconcilerExecutor-hivemq-controller-114] DEBUG c.h.p.o.HiveMQPlatformReconciler - [helmcust] Custom Resource Status STARTING - HiveMQ Platform is starting (READY)
2025-01-29 01:00:57,749 INFO c.h.h.t.HelmChartContainer - [hivemq-test-hivemq-platform] [hivemq-platform-operator] [e4ff5a47] 01:00:57.745 [ReconcilerExecutor-hivemq-controller-114] DEBUG c.h.p.o.HiveMQPlatformReconciler - [helmcust] Custom Resource Spec (replicas: 1) (extensions: 1)
2025-01-29 01:00:57,749 INFO c.h.h.t.HelmChartContainer - [hivemq-test-hivemq-platform] [hivemq-platform-operator] [e4ff5a47] 01:00:57.748 [ReconcilerExecutor-hivemq-controller-114] DEBUG c.h.p.o.HiveMQPlatformReconciler - [helmcust] StatefulSet Status (revision: test-hivemq-platform-989b74cd6, replicas: 1, available: 1, ready: 1, current: 1, updated: 1)
2025-01-29 01:00:57,750 INFO c.h.h.t.HelmChartContainer - [hivemq-test-hivemq-platform] [hivemq-platform-operator] [e4ff5a47] 01:00:57.748 [ReconcilerExecutor-hivemq-controller-114] DEBUG c.h.p.o.HiveMQPlatformReconciler - [helmcust] StatefulSet Spec (replicas: 1, init containers: 1, containers: 1, volumes: 3)
2025-01-29 01:00:57,753 INFO c.h.h.t.HelmChartContainer - [hivemq-test-hivemq-platform] [hivemq-platform-operator] [e4ff5a47] 01:00:57.751 [ReconcilerExecutor-hivemq-controller-114] DEBUG c.h.p.o.h.HiveMQPlatformReconcilerErrorHandler - [helmcust] Pod 'test-hivemq-platform-0' phase Running
2025-01-29 01:00:57,754 INFO c.h.h.t.HelmChartContainer - [hivemq-test-hivemq-platform] [hivemq-platform-operator] [e4ff5a47] 01:00:57.752 [ReconcilerExecutor-hivemq-controller-114] INFO  c.h.p.o.h.HiveMQPlatformReconcilerBaseHandler - [helmcust] HiveMQ Platform started successfully
2025-01-29 01:00:57,851 INFO c.h.h.t.HelmChartContainer - [hivemq-test-hivemq-platform] [hivemq-platform-operator] [e4ff5a47] 01:00:57.849 [ReconcilerExecutor-hivemq-controller-114] DEBUG c.h.p.operator.event.EventSender - [helmcust] Creating K8s event hivemq-platform-ready: [Ready] HiveMQ Platform is ready
2025-01-29 01:00:57,854 INFO c.h.h.t.HelmChartContainer - [EVENT] Normal [Ready] HiveMQ Platform is ready [helmcustomlogbackit:test-hivemq-platform]
2025-01-29 01:00:57,856 INFO c.h.h.t.HelmChartContainer - [hivemq-test-hivemq-platform] [hivemq-platform-operator] [e4ff5a47] 01:00:57.854 [ReconcilerExecutor-hivemq-controller-114] INFO  c.h.p.o.h.AbstractHiveMQReconcilerStateHandler - [helmcust] Update HiveMQ Platform Status (STARTING [READY] -> RUNNING [READY]): HiveMQ Platform is ready
2025-01-29 01:00:57,863 DEBUG com.hivemq.helmcharts.util.K8sUtil - Comparing actual state 'RUNNING' and waiting for 'RUNNING'
2025-01-29 01:00:57,947 INFO c.h.h.t.HelmChartContainer - [hivemq-test-hivemq-platform] [hivemq-platform-operator] [e4ff5a47] 01:00:57.944 [pool-6-thread-19] DEBUG c.h.p.o.d.PlatformServiceResource - [helmcust] Desired Platform services (3 services)
2025-01-29 01:00:57,953 INFO c.h.h.t.HelmChartContainer - [hivemq-test-hivemq-platform] [hivemq-platform-operator] [e4ff5a47] 01:00:57.947 [pool-6-thread-16] DEBUG c.h.p.o.dependants.PodInfoConfigMap - [helmcust] Desired PodInfo ConfigMap (1 extensions) (1 enabled)
2025-01-29 01:00:57,955 INFO c.h.h.t.HelmChartContainer - [hivemq-test-hivemq-platform] [hivemq-platform-operator] [e4ff5a47] 01:00:57.948 [pool-6-thread-16] DEBUG c.h.p.o.dependants.PodInfoConfigMap - [helmcust] Desired PodInfo ConfigMap (metrics port: 9399) (metrics path: /)
2025-01-29 01:00:57,955 INFO c.h.h.t.HelmChartContainer - [hivemq-test-hivemq-platform] [hivemq-platform-operator] [e4ff5a47] 01:00:57.948 [pool-6-thread-16] DEBUG c.h.p.o.dependants.PodInfoConfigMap - [helmcust] Desired PodInfo ConfigMap (extension state hash: -1817474005)
2025-01-29 01:00:57,955 INFO c.h.h.t.HelmChartContainer - [hivemq-test-hivemq-platform] [hivemq-platform-operator] [e4ff5a47] 01:00:57.949 [pool-6-thread-16] DEBUG c.h.p.o.dependants.PodInfoConfigMap - [helmcust] Update PodInfo ConfigMap
2025-01-29 01:00:57,955 INFO c.h.h.t.HelmChartContainer - [hivemq-test-hivemq-platform] [hivemq-platform-operator] [e4ff5a47] 01:00:57.945 [pool-6-thread-13] DEBUG c.h.p.o.d.PodServiceAccountResource - [helmcust] Desired PodServiceAccountResource (serviceAccountName: hivemq-platform-pod-test-hivemq-platform)
2025-01-29 01:00:57,963 INFO c.h.h.t.HelmChartContainer - [hivemq-test-hivemq-platform] [hivemq-platform-operator] [e4ff5a47] 01:00:57.962 [pool-6-thread-16] DEBUG c.h.p.o.d.StatefulSetResource - [helmcust] Desired StatefulSet (1 replicas) for status RUNNING (READY)
2025-01-29 01:00:57,968 INFO c.h.h.t.HelmChartContainer - [hivemq-test-hivemq-platform] [hivemq-platform-operator] [e4ff5a47] 01:00:57.966 [ReconcilerExecutor-hivemq-controller-115] INFO  c.h.p.o.HiveMQPlatformReconciler - [helmcust] Reconciling HiveMQ Platform 'test-hivemq-platform' in namespace 'helmcustomlogbackit'
2025-01-29 01:00:57,968 INFO c.h.h.t.HelmChartContainer - [hivemq-test-hivemq-platform] [hivemq-platform-operator] [e4ff5a47] 01:00:57.966 [ReconcilerExecutor-hivemq-controller-115] DEBUG c.h.p.o.HiveMQPlatformReconciler - [helmcust] Custom Resource Status RUNNING - HiveMQ Platform is ready (READY)
2025-01-29 01:00:57,968 INFO c.h.h.t.HelmChartContainer - [hivemq-test-hivemq-platform] [hivemq-platform-operator] [e4ff5a47] 01:00:57.966 [ReconcilerExecutor-hivemq-controller-115] DEBUG c.h.p.o.HiveMQPlatformReconciler - [helmcust] Custom Resource Spec (replicas: 1) (extensions: 1)
2025-01-29 01:00:57,970 INFO c.h.h.t.HelmChartContainer - [hivemq-test-hivemq-platform] [hivemq-platform-operator] [e4ff5a47] 01:00:57.969 [ReconcilerExecutor-hivemq-controller-115] DEBUG c.h.p.o.HiveMQPlatformReconciler - [helmcust] StatefulSet Status (revision: test-hivemq-platform-989b74cd6, replicas: 1, available: 1, ready: 1, current: 1, updated: 1)
2025-01-29 01:00:57,970 INFO c.h.h.t.HelmChartContainer - [hivemq-test-hivemq-platform] [hivemq-platform-operator] [e4ff5a47] 01:00:57.969 [ReconcilerExecutor-hivemq-controller-115] DEBUG c.h.p.o.HiveMQPlatformReconciler - [helmcust] StatefulSet Spec (replicas: 1, init containers: 1, containers: 1, volumes: 3)
2025-01-29 01:00:57,975 DEBUG com.hivemq.helmcharts.util.PodUtil - Received status for command '[cat, /opt/hivemq/conf/logback.xml]' on pod 'test-hivemq-platform-0' (exit code: 0)
2025-01-29 01:00:57,977 INFO c.h.h.t.HelmChartContainer - Uninstalling release 'test-hivemq-platform' in namespace 'helmcustomlogbackit'...
2025-01-29 01:00:57,977 DEBUG c.h.h.t.HelmChartContainer - Executing helm command: /bin/helm --kubeconfig /etc/rancher/k3s/k3s.yaml uninstall test-hivemq-platform  --wait --timeout 5m0s --cascade foreground --namespace helmcustomlogbackit
2025-01-29 01:00:58,047 INFO c.h.h.t.HelmChartContainer - [hivemq-test-hivemq-platform] [hivemq-platform-operator] [e4ff5a47] 01:00:58.045 [ReconcilerExecutor-hivemq-controller-115] DEBUG c.h.p.o.h.HiveMQPlatformReconcilerErrorHandler - [helmcust] Pod 'test-hivemq-platform-0' phase Running
2025-01-29 01:00:58,181 INFO c.h.h.t.HelmChartContainer - [hivemq-test-hivemq-platform] [hivemq-platform-operator] [e4ff5a47] 01:00:58.173 [pool-6-thread-24] DEBUG c.h.p.o.d.PlatformServiceResource - [helmcust] Desired Platform services (3 services)
2025-01-29 01:00:58,187 INFO c.h.h.t.HelmChartContainer - [hivemq-test-hivemq-platform] [hivemq-platform-operator] [e4ff5a47] 01:00:58.173 [pool-6-thread-27] DEBUG c.h.p.o.dependants.PodInfoConfigMap - [helmcust] Desired PodInfo ConfigMap (1 extensions) (1 enabled)
2025-01-29 01:00:58,187 INFO c.h.h.t.HelmChartContainer - [hivemq-test-hivemq-platform] [hivemq-platform-operator] [e4ff5a47] 01:00:58.173 [pool-6-thread-27] DEBUG c.h.p.o.dependants.PodInfoConfigMap - [helmcust] Desired PodInfo ConfigMap (metrics port: 9399) (metrics path: /)
2025-01-29 01:00:58,187 INFO c.h.h.t.HelmChartContainer - [hivemq-test-hivemq-platform] [hivemq-platform-operator] [e4ff5a47] 01:00:58.173 [pool-6-thread-27] DEBUG c.h.p.o.dependants.PodInfoConfigMap - [helmcust] Desired PodInfo ConfigMap (extension state hash: -1817474005)
2025-01-29 01:00:58,187 INFO c.h.h.t.HelmChartContainer - [hivemq-test-hivemq-platform] [hivemq-platform-operator] [e4ff5a47] 01:00:58.176 [pool-6-thread-28] DEBUG c.h.p.o.d.PodServiceAccountResource - [helmcust] Desired PodServiceAccountResource (serviceAccountName: hivemq-platform-pod-test-hivemq-platform)
2025-01-29 01:00:58,253 INFO c.h.h.t.HelmChartContainer - [hivemq-test-hivemq-platform] [hivemq-platform-operator] [e4ff5a47] 01:00:58.251 [pool-6-thread-27] DEBUG c.h.p.o.d.StatefulSetResource - [helmcust] Desired StatefulSet (1 replicas) for status RUNNING (READY)
2025-01-29 01:00:58,257 INFO c.h.h.t.HelmChartContainer - [hivemq-test-hivemq-platform] [hivemq-platform-operator] [e4ff5a47] 01:00:58.256 [pool-6-thread-27] DEBUG c.h.p.o.d.StatefulSetResource - [helmcust] Update StatefulSet (replicas: 1 -> 1)
2025-01-29 01:00:58,258 INFO c.h.h.t.HelmChartContainer - [hivemq-test-hivemq-platform] [hivemq-platform-operator] [e4ff5a47] 01:00:58.258 [pool-6-thread-27] DEBUG c.h.p.o.d.StatefulSetResource - [helmcust] Detected change in StatefulSet specification (path: /template/metadata/annotations/kubernetes-resource-versions) (actual value: {broker-configuration-v2=-2089688360}) (target value: {broker-configuration-v2=0})
2025-01-29 01:00:58,258 INFO c.h.h.t.HelmChartContainer - [hivemq-test-hivemq-platform] [hivemq-platform-operator] [e4ff5a47] 01:00:58.258 [pool-6-thread-27] INFO  c.h.p.o.d.StatefulSetResource - [helmcust] StatefulSet spec was updated, triggering rolling restart
2025-01-29 01:00:58,361 INFO c.h.h.t.HelmChartContainer - [hivemq-test-hivemq-platform] [hivemq-platform-operator] [e4ff5a47] 01:00:58.359 [ReconcilerExecutor-hivemq-controller-116] INFO  c.h.p.o.HiveMQPlatformReconciler - [helmcust] Reconciling HiveMQ Platform 'test-hivemq-platform' in namespace 'helmcustomlogbackit'
2025-01-29 01:00:58,445 INFO c.h.h.t.HelmChartContainer - [hivemq-test-hivemq-platform] [hivemq-platform-operator] [e4ff5a47] 01:00:58.443 [ReconcilerExecutor-hivemq-controller-116] DEBUG c.h.p.o.HiveMQPlatformReconciler - [helmcust] Custom Resource Status RUNNING - HiveMQ Platform is ready (READY) (reconciliation requests: ROLLING_RESTART, REQUESTS_UPDATED)
2025-01-29 01:00:58,446 INFO c.h.h.t.HelmChartContainer - [hivemq-test-hivemq-platform] [hivemq-platform-operator] [e4ff5a47] 01:00:58.444 [ReconcilerExecutor-hivemq-controller-116] DEBUG c.h.p.o.HiveMQPlatformReconciler - [helmcust] Custom Resource Spec (replicas: 1) (extensions: 1)
2025-01-29 01:00:58,446 INFO c.h.h.t.HelmChartContainer - [hivemq-test-hivemq-platform] [hivemq-platform-operator] [e4ff5a47] 01:00:58.444 [ReconcilerExecutor-hivemq-controller-116] WARN  c.h.p.o.h.HiveMQPlatformReconcilerErrorHandler - [helmcust] Could not find ConfigMap 'hivemq-configuration-test-hivemq-platform' for HiveMQ Platform configuration
2025-01-29 01:00:58,461 INFO c.h.h.t.HelmChartContainer - [hivemq-test-hivemq-platform] [hivemq-platform-operator] [e4ff5a47] 01:00:58.459 [ReconcilerExecutor-hivemq-controller-116] DEBUG c.h.p.operator.event.EventSender - [helmcust] Creating K8s event hivemq-platform-invalid-configuration: [Start] Could not find ConfigMap 'hivemq-configuration-test-hivemq-platform' for HiveMQ Platform configuration
2025-01-29 01:00:58,464 INFO c.h.h.t.HelmChartContainer - [EVENT] Warning [Start] Could not find ConfigMap 'hivemq-configuration-test-hivemq-platform' for HiveMQ Platform configuration [helmcustomlogbackit:test-hivemq-platform]
2025-01-29 01:00:58,466 INFO c.h.h.t.HelmChartContainer - [hivemq-test-hivemq-platform] [hivemq-platform-operator] [e4ff5a47] 01:00:58.465 [ReconcilerExecutor-hivemq-controller-116] INFO  c.h.p.o.h.AbstractHiveMQReconcilerStateHandler - [helmcust] Update HiveMQ Platform Status (RUNNING [READY] -> ERROR [INVALID_CONFIG_MAP]): Could not find ConfigMap 'hivemq-configuration-test-hivemq-platform' for HiveMQ Platform configuration (reconciliation requests: ROLLING_RESTART)
2025-01-29 01:00:58,546 INFO c.h.h.t.HelmChartContainer - [hivemq-test-hivemq-platform] [hivemq-platform-operator] [e4ff5a47] 01:00:58.472 [ReconcilerExecutor-hivemq-controller-116] ERROR i.j.o.p.event.EventProcessor - Error during event processing ExecutionScope{ resource id: ResourceID{name='test-hivemq-platform', namespace='helmcustomlogbackit'}, version: 1035}
2025-01-29 01:00:58,546 INFO c.h.h.t.HelmChartContainer - [hivemq-test-hivemq-platform] [hivemq-platform-operator] [e4ff5a47] io.fabric8.kubernetes.client.KubernetesClientException: Failure executing: PUT at: https://10.43.0.1:443/apis/hivemq.com/v1/namespaces/helmcustomlogbackit/hivemq-platforms/test-hivemq-platform/status. Message: Operation cannot be fulfilled on hivemq-platforms.hivemq.com "test-hivemq-platform": the object has been modified; please apply your changes to the latest version and try again. Received status: Status(apiVersion=v1, code=409, details=StatusDetails(causes=[], group=hivemq.com, kind=hivemq-platforms, name=test-hivemq-platform, retryAfterSeconds=null, uid=null, additionalProperties={}), kind=Status, message=Operation cannot be fulfilled on hivemq-platforms.hivemq.com "test-hivemq-platform": the object has been modified; please apply your changes to the latest version and try again, metadata=ListMeta(_continue=null, remainingItemCount=null, resourceVersion=null, selfLink=null, additionalProperties={}), reason=Conflict, status=Failure, additionalProperties={}).
2025-01-29 01:00:58,546 INFO c.h.h.t.HelmChartContainer - [hivemq-test-hivemq-platform] [hivemq-platform-operator] [e4ff5a47] 	at io.fabric8.kubernetes.client.KubernetesClientException.copyAsCause(KubernetesClientException.java:238)
2025-01-29 01:00:58,548 INFO c.h.h.t.HelmChartContainer - [hivemq-test-hivemq-platform] [hivemq-platform-operator] [e4ff5a47] 	at io.fabric8.kubernetes.client.dsl.internal.OperationSupport.waitForResult(OperationSupport.java:507)
2025-01-29 01:00:58,548 INFO c.h.h.t.HelmChartContainer - [hivemq-test-hivemq-platform] [hivemq-platform-operator] [e4ff5a47] 	at io.fabric8.kubernetes.client.dsl.internal.OperationSupport.handleResponse(OperationSupport.java:524)
2025-01-29 01:00:58,548 INFO c.h.h.t.HelmChartContainer - [hivemq-test-hivemq-platform] [hivemq-platform-operator] [e4ff5a47] 	at io.fabric8.kubernetes.client.dsl.internal.OperationSupport.handleUpdate(OperationSupport.java:358)
2025-01-29 01:00:58,548 INFO c.h.h.t.HelmChartContainer - [hivemq-test-hivemq-platform] [hivemq-platform-operator] [e4ff5a47] 	at io.fabric8.kubernetes.client.dsl.internal.BaseOperation.handleUpdate(BaseOperation.java:759)
2025-01-29 01:00:58,548 INFO c.h.h.t.HelmChartContainer - [hivemq-test-hivemq-platform] [hivemq-platform-operator] [e4ff5a47] 	at io.fabric8.kubernetes.client.dsl.internal.HasMetadataOperation.update(HasMetadataOperation.java:138)
2025-01-29 01:00:58,548 INFO c.h.h.t.HelmChartContainer - [hivemq-test-hivemq-platform] [hivemq-platform-operator] [e4ff5a47] 	at io.fabric8.kubernetes.client.dsl.internal.HasMetadataOperation.update(HasMetadataOperation.java:121)
2025-01-29 01:00:58,548 INFO c.h.h.t.HelmChartContainer - [hivemq-test-hivemq-platform] [hivemq-platform-operator] [e4ff5a47] 	at io.fabric8.kubernetes.client.dsl.internal.HasMetadataOperation.updateStatus(HasMetadataOperation.java:126)
2025-01-29 01:00:58,548 INFO c.h.h.t.HelmChartContainer - [hivemq-test-hivemq-platform] [hivemq-platform-operator] [e4ff5a47] 	at io.fabric8.kubernetes.client.dsl.internal.HasMetadataOperation.updateStatus(HasMetadataOperation.java:44)
2025-01-29 01:00:58,548 INFO c.h.h.t.HelmChartContainer - [hivemq-test-hivemq-platform] [hivemq-platform-operator] [e4ff5a47] 	at io.javaoperatorsdk.operator.processing.event.ReconciliationDispatcher$CustomResourceFacade.updateStatus(ReconciliationDispatcher.java:408)
2025-01-29 01:00:58,548 INFO c.h.h.t.HelmChartContainer - [hivemq-test-hivemq-platform] [hivemq-platform-operator] [e4ff5a47] 	at io.javaoperatorsdk.operator.processing.event.ReconciliationDispatcher.updateStatusGenerationAware(ReconciliationDispatcher.java:228)
2025-01-29 01:00:58,548 INFO c.h.h.t.HelmChartContainer - [hivemq-test-hivemq-platform] [hivemq-platform-operator] [e4ff5a47] 	at io.javaoperatorsdk.operator.processing.event.ReconciliationDispatcher.reconcileExecution(ReconciliationDispatcher.java:150)
2025-01-29 01:00:58,548 INFO c.h.h.t.HelmChartContainer - [hivemq-test-hivemq-platform] [hivemq-platform-operator] [e4ff5a47] 	at io.javaoperatorsdk.operator.processing.event.ReconciliationDispatcher.handleReconcile(ReconciliationDispatcher.java:117)
2025-01-29 01:00:58,548 INFO c.h.h.t.HelmChartContainer - [hivemq-test-hivemq-platform] [hivemq-platform-operator] [e4ff5a47] 	at io.javaoperatorsdk.operator.processing.event.ReconciliationDispatcher.handleDispatch(ReconciliationDispatcher.java:91)
2025-01-29 01:00:58,548 INFO c.h.h.t.HelmChartContainer - [hivemq-test-hivemq-platform] [hivemq-platform-operator] [e4ff5a47] 	at io.javaoperatorsdk.operator.processing.event.ReconciliationDispatcher.handleExecution(ReconciliationDispatcher.java:64)
2025-01-29 01:00:58,548 INFO c.h.h.t.HelmChartContainer - [hivemq-test-hivemq-platform] [hivemq-platform-operator] [e4ff5a47] 	at io.javaoperatorsdk.operator.processing.event.EventProcessor$ReconcilerExecutor.run(EventProcessor.java:452)
2025-01-29 01:00:58,548 INFO c.h.h.t.HelmChartContainer - [hivemq-test-hivemq-platform] [hivemq-platform-operator] [e4ff5a47] 	at java.base/java.util.concurrent.ThreadPoolExecutor.runWorker(Unknown Source)
2025-01-29 01:00:58,548 INFO c.h.h.t.HelmChartContainer - [hivemq-test-hivemq-platform] [hivemq-platform-operator] [e4ff5a47] 	at java.base/java.util.concurrent.ThreadPoolExecutor$Worker.run(Unknown Source)
2025-01-29 01:00:58,548 INFO c.h.h.t.HelmChartContainer - [hivemq-test-hivemq-platform] [hivemq-platform-operator] [e4ff5a47] 	at java.base/java.lang.Thread.run(Unknown Source)
2025-01-29 01:00:58,548 INFO c.h.h.t.HelmChartContainer - [hivemq-test-hivemq-platform] [hivemq-platform-operator] [e4ff5a47] Caused by: io.fabric8.kubernetes.client.KubernetesClientException: Failure executing: PUT at: https://10.43.0.1:443/apis/hivemq.com/v1/namespaces/helmcustomlogbackit/hivemq-platforms/test-hivemq-platform/status. Message: Operation cannot be fulfilled on hivemq-platforms.hivemq.com "test-hivemq-platform": the object has been modified; please apply your changes to the latest version and try again. Received status: Status(apiVersion=v1, code=409, details=StatusDetails(causes=[], group=hivemq.com, kind=hivemq-platforms, name=test-hivemq-platform, retryAfterSeconds=null, uid=null, additionalProperties={}), kind=Status, message=Operation cannot be fulfilled on hivemq-platforms.hivemq.com "test-hivemq-platform": the object has been modified; please apply your changes to the latest version and try again, metadata=ListMeta(_continue=null, remainingItemCount=null, resourceVersion=null, selfLink=null, additionalProperties={}), reason=Conflict, status=Failure, additionalProperties={}).
2025-01-29 01:00:58,548 INFO c.h.h.t.HelmChartContainer - [hivemq-test-hivemq-platform] [hivemq-platform-operator] [e4ff5a47] 	at io.fabric8.kubernetes.client.dsl.internal.OperationSupport.requestFailure(OperationSupport.java:660)
2025-01-29 01:00:58,548 INFO c.h.h.t.HelmChartContainer - [hivemq-test-hivemq-platform] [hivemq-platform-operator] [e4ff5a47] 	at io.fabric8.kubernetes.client.dsl.internal.OperationSupport.requestFailure(OperationSupport.java:640)
2025-01-29 01:00:58,548 INFO c.h.h.t.HelmChartContainer - [hivemq-test-hivemq-platform] [hivemq-platform-operator] [e4ff5a47] 	at io.fabric8.kubernetes.client.dsl.internal.OperationSupport.assertResponseCode(OperationSupport.java:589)
2025-01-29 01:00:58,548 INFO c.h.h.t.HelmChartContainer - [hivemq-test-hivemq-platform] [hivemq-platform-operator] [e4ff5a47] 	at io.fabric8.kubernetes.client.dsl.internal.OperationSupport.lambda$handleResponse$0(OperationSupport.java:549)
2025-01-29 01:00:58,548 INFO c.h.h.t.HelmChartContainer - [hivemq-test-hivemq-platform] [hivemq-platform-operator] [e4ff5a47] 	at java.base/java.util.concurrent.CompletableFuture$UniApply.tryFire(Unknown Source)
2025-01-29 01:00:58,548 INFO c.h.h.t.HelmChartContainer - [hivemq-test-hivemq-platform] [hivemq-platform-operator] [e4ff5a47] 	at java.base/java.util.concurrent.CompletableFuture.postComplete(Unknown Source)
2025-01-29 01:00:58,548 INFO c.h.h.t.HelmChartContainer - [hivemq-test-hivemq-platform] [hivemq-platform-operator] [e4ff5a47] 	at java.base/java.util.concurrent.CompletableFuture.complete(Unknown Source)
2025-01-29 01:00:58,548 INFO c.h.h.t.HelmChartContainer - [hivemq-test-hivemq-platform] [hivemq-platform-operator] [e4ff5a47] 	at io.fabric8.kubernetes.client.http.StandardHttpClient.lambda$completeOrCancel$10(StandardHttpClient.java:141)
2025-01-29 01:00:58,548 INFO c.h.h.t.HelmChartContainer - [hivemq-test-hivemq-platform] [hivemq-platform-operator] [e4ff5a47] 	at java.base/java.util.concurrent.CompletableFuture.uniWhenComplete(Unknown Source)
2025-01-29 01:00:58,548 INFO c.h.h.t.HelmChartContainer - [hivemq-test-hivemq-platform] [hivemq-platform-operator] [e4ff5a47] 	at java.base/java.util.concurrent.CompletableFuture$UniWhenComplete.tryFire(Unknown Source)
2025-01-29 01:00:58,549 INFO c.h.h.t.HelmChartContainer - [hivemq-test-hivemq-platform] [hivemq-platform-operator] [e4ff5a47] 	at java.base/java.util.concurrent.CompletableFuture.postComplete(Unknown Source)
2025-01-29 01:00:58,549 INFO c.h.h.t.HelmChartContainer - [hivemq-test-hivemq-platform] [hivemq-platform-operator] [e4ff5a47] 	at java.base/java.util.concurrent.CompletableFuture.complete(Unknown Source)
2025-01-29 01:00:58,549 INFO c.h.h.t.HelmChartContainer - [hivemq-test-hivemq-platform] [hivemq-platform-operator] [e4ff5a47] 	at io.fabric8.kubernetes.client.http.ByteArrayBodyHandler.onBodyDone(ByteArrayBodyHandler.java:51)
2025-01-29 01:00:58,549 INFO c.h.h.t.HelmChartContainer - [hivemq-test-hivemq-platform] [hivemq-platform-operator] [e4ff5a47] 	at java.base/java.util.concurrent.CompletableFuture.uniWhenComplete(Unknown Source)
2025-01-29 01:00:58,549 INFO c.h.h.t.HelmChartContainer - [hivemq-test-hivemq-platform] [hivemq-platform-operator] [e4ff5a47] 	at java.base/java.util.concurrent.CompletableFuture$UniWhenComplete.tryFire(Unknown Source)
2025-01-29 01:00:58,549 INFO c.h.h.t.HelmChartContainer - [hivemq-test-hivemq-platform] [hivemq-platform-operator] [e4ff5a47] 	at java.base/java.util.concurrent.CompletableFuture.postComplete(Unknown Source)
2025-01-29 01:00:58,549 INFO c.h.h.t.HelmChartContainer - [hivemq-test-hivemq-platform] [hivemq-platform-operator] [e4ff5a47] 	at java.base/java.util.concurrent.CompletableFuture.complete(Unknown Source)
2025-01-29 01:00:58,549 INFO c.h.h.t.HelmChartContainer - [hivemq-test-hivemq-platform] [hivemq-platform-operator] [e4ff5a47] 	at io.fabric8.kubernetes.client.vertx.VertxHttpRequest.lambda$null$1(VertxHttpRequest.java:121)
2025-01-29 01:00:58,549 INFO c.h.h.t.HelmChartContainer - [hivemq-test-hivemq-platform] [hivemq-platform-operator] [e4ff5a47] 	at io.vertx.core.impl.ContextInternal.dispatch(ContextInternal.java:279)
2025-01-29 01:00:58,549 INFO c.h.h.t.HelmChartContainer - [hivemq-test-hivemq-platform] [hivemq-platform-operator] [e4ff5a47] 	at io.vertx.core.impl.ContextInternal.dispatch(ContextInternal.java:261)
2025-01-29 01:00:58,549 INFO c.h.h.t.HelmChartContainer - [hivemq-test-hivemq-platform] [hivemq-platform-operator] [e4ff5a47] 	at io.vertx.core.http.impl.HttpEventHandler.handleEnd(HttpEventHandler.java:76)
2025-01-29 01:00:58,549 INFO c.h.h.t.HelmChartContainer - [hivemq-test-hivemq-platform] [hivemq-platform-operator] [e4ff5a47] 	at io.vertx.core.http.impl.HttpClientResponseImpl.handleEnd(HttpClientResponseImpl.java:250)
2025-01-29 01:00:58,549 INFO c.h.h.t.HelmChartContainer - [hivemq-test-hivemq-platform] [hivemq-platform-operator] [e4ff5a47] 	at io.vertx.core.http.impl.Http1xClientConnection$StreamImpl.lambda$new$0(Http1xClientConnection.java:421)
2025-01-29 01:00:58,549 INFO c.h.h.t.HelmChartContainer - [hivemq-test-hivemq-platform] [hivemq-platform-operator] [e4ff5a47] 	at io.vertx.core.streams.impl.InboundBuffer.handleEvent(InboundBuffer.java:279)
2025-01-29 01:00:58,549 INFO c.h.h.t.HelmChartContainer - [hivemq-test-hivemq-platform] [hivemq-platform-operator] [e4ff5a47] 	at io.vertx.core.streams.impl.InboundBuffer.write(InboundBuffer.java:157)
2025-01-29 01:00:58,549 INFO c.h.h.t.HelmChartContainer - [hivemq-test-hivemq-platform] [hivemq-platform-operator] [e4ff5a47] 	at io.vertx.core.http.impl.Http1xClientConnection$StreamImpl.handleEnd(Http1xClientConnection.java:709)
2025-01-29 01:00:58,549 INFO c.h.h.t.HelmChartContainer - [hivemq-test-hivemq-platform] [hivemq-platform-operator] [e4ff5a47] 	at io.vertx.core.impl.ContextImpl.execute(ContextImpl.java:313)
2025-01-29 01:00:58,549 INFO c.h.h.t.HelmChartContainer - [hivemq-test-hivemq-platform] [hivemq-platform-operator] [e4ff5a47] 	at io.vertx.core.impl.ContextImpl.execute(ContextImpl.java:293)
2025-01-29 01:00:58,549 INFO c.h.h.t.HelmChartContainer - [hivemq-test-hivemq-platform] [hivemq-platform-operator] [e4ff5a47] 	at io.vertx.core.http.impl.Http1xClientConnection.handleResponseEnd(Http1xClientConnection.java:940)
2025-01-29 01:00:58,549 INFO c.h.h.t.HelmChartContainer - [hivemq-test-hivemq-platform] [hivemq-platform-operator] [e4ff5a47] 	at io.vertx.core.http.impl.Http1xClientConnection.handleHttpMessage(Http1xClientConnection.java:810)
2025-01-29 01:00:58,549 INFO c.h.h.t.HelmChartContainer - [hivemq-test-hivemq-platform] [hivemq-platform-operator] [e4ff5a47] 	at io.vertx.core.http.impl.Http1xClientConnection.handleMessage(Http1xClientConnection.java:774)
2025-01-29 01:00:58,549 INFO c.h.h.t.HelmChartContainer - [hivemq-test-hivemq-platform] [hivemq-platform-operator] [e4ff5a47] 	at io.vertx.core.net.impl.ConnectionBase.read(ConnectionBase.java:159)
2025-01-29 01:00:58,549 INFO c.h.h.t.HelmChartContainer - [hivemq-test-hivemq-platform] [hivemq-platform-operator] [e4ff5a47] 	at io.vertx.core.net.impl.VertxHandler.channelRead(VertxHandler.java:153)
2025-01-29 01:00:58,549 INFO c.h.h.t.HelmChartContainer - [hivemq-test-hivemq-platform] [hivemq-platform-operator] [e4ff5a47] 	at io.netty.channel.AbstractChannelHandlerContext.invokeChannelRead(AbstractChannelHandlerContext.java:442)
2025-01-29 01:00:58,549 INFO c.h.h.t.HelmChartContainer - [hivemq-test-hivemq-platform] [hivemq-platform-operator] [e4ff5a47] 	at io.netty.channel.AbstractChannelHandlerContext.invokeChannelRead(AbstractChannelHandlerContext.java:420)
2025-01-29 01:00:58,549 INFO c.h.h.t.HelmChartContainer - [hivemq-test-hivemq-platform] [hivemq-platform-operator] [e4ff5a47] 	at io.netty.channel.AbstractChannelHandlerContext.fireChannelRead(AbstractChannelHandlerContext.java:412)
2025-01-29 01:00:58,549 INFO c.h.h.t.HelmChartContainer - [hivemq-test-hivemq-platform] [hivemq-platform-operator] [e4ff5a47] 	at io.netty.channel.CombinedChannelDuplexHandler$DelegatingChannelHandlerContext.fireChannelRead(CombinedChannelDuplexHandler.java:436)
2025-01-29 01:00:58,549 INFO c.h.h.t.HelmChartContainer - [hivemq-test-hivemq-platform] [hivemq-platform-operator] [e4ff5a47] 	at io.netty.handler.codec.ByteToMessageDecoder.fireChannelRead(ByteToMessageDecoder.java:346)
2025-01-29 01:00:58,549 INFO c.h.h.t.HelmChartContainer - [hivemq-test-hivemq-platform] [hivemq-platform-operator] [e4ff5a47] 	at io.netty.handler.codec.ByteToMessageDecoder.channelRead(ByteToMessageDecoder.java:318)
2025-01-29 01:00:58,549 INFO c.h.h.t.HelmChartContainer - [hivemq-test-hivemq-platform] [hivemq-platform-operator] [e4ff5a47] 	at io.netty.channel.CombinedChannelDuplexHandler.channelRead(CombinedChannelDuplexHandler.java:251)
2025-01-29 01:00:58,549 INFO c.h.h.t.HelmChartContainer - [hivemq-test-hivemq-platform] [hivemq-platform-operator] [e4ff5a47] 	at io.netty.channel.AbstractChannelHandlerContext.invokeChannelRead(AbstractChannelHandlerContext.java:442)
2025-01-29 01:00:58,549 INFO c.h.h.t.HelmChartContainer - [hivemq-test-hivemq-platform] [hivemq-platform-operator] [e4ff5a47] 	at io.netty.channel.AbstractChannelHandlerContext.invokeChannelRead(AbstractChannelHandlerContext.java:420)
2025-01-29 01:00:58,549 INFO c.h.h.t.HelmChartContainer - [hivemq-test-hivemq-platform] [hivemq-platform-operator] [e4ff5a47] 	at io.netty.channel.AbstractChannelHandlerContext.fireChannelRead(AbstractChannelHandlerContext.java:412)
2025-01-29 01:00:58,549 INFO c.h.h.t.HelmChartContainer - [hivemq-test-hivemq-platform] [hivemq-platform-operator] [e4ff5a47] 	at io.netty.handler.ssl.SslHandler.unwrap(SslHandler.java:1475)
2025-01-29 01:00:58,549 INFO c.h.h.t.HelmChartContainer - [hivemq-test-hivemq-platform] [hivemq-platform-operator] [e4ff5a47] 	at io.netty.handler.ssl.SslHandler.decodeJdkCompatible(SslHandler.java:1338)
2025-01-29 01:00:58,549 INFO c.h.h.t.HelmChartContainer - [hivemq-test-hivemq-platform] [hivemq-platform-operator] [e4ff5a47] 	at io.netty.handler.ssl.SslHandler.decode(SslHandler.java:1387)
2025-01-29 01:00:58,549 INFO c.h.h.t.HelmChartContainer - [hivemq-test-hivemq-platform] [hivemq-platform-operator] [e4ff5a47] 	at io.netty.handler.codec.ByteToMessageDecoder.decodeRemovalReentryProtection(ByteToMessageDecoder.java:530)
2025-01-29 01:00:58,549 INFO c.h.h.t.HelmChartContainer - [hivemq-test-hivemq-platform] [hivemq-platform-operator] [e4ff5a47] 	at io.netty.handler.codec.ByteToMessageDecoder.callDecode(ByteToMessageDecoder.java:469)
2025-01-29 01:00:58,549 INFO c.h.h.t.HelmChartContainer - [hivemq-test-hivemq-platform] [hivemq-platform-operator] [e4ff5a47] 	at io.netty.handler.codec.ByteToMessageDecoder.channelRead(ByteToMessageDecoder.java:290)
2025-01-29 01:00:58,549 INFO c.h.h.t.HelmChartContainer - [hivemq-test-hivemq-platform] [hivemq-platform-operator] [e4ff5a47] 	at io.netty.channel.AbstractChannelHandlerContext.invokeChannelRead(AbstractChannelHandlerContext.java:444)
2025-01-29 01:00:58,549 INFO c.h.h.t.HelmChartContainer - [hivemq-test-hivemq-platform] [hivemq-platform-operator] [e4ff5a47] 	at io.netty.channel.AbstractChannelHandlerContext.invokeChannelRead(AbstractChannelHandlerContext.java:420)
2025-01-29 01:00:58,549 INFO c.h.h.t.HelmChartContainer - [hivemq-test-hivemq-platform] [hivemq-platform-operator] [e4ff5a47] 	at io.netty.channel.AbstractChannelHandlerContext.fireChannelRead(AbstractChannelHandlerContext.java:412)
2025-01-29 01:00:58,549 INFO c.h.h.t.HelmChartContainer - [hivemq-test-hivemq-platform] [hivemq-platform-operator] [e4ff5a47] 	at io.netty.channel.DefaultChannelPipeline$HeadContext.channelRead(DefaultChannelPipeline.java:1407)
2025-01-29 01:00:58,549 INFO c.h.h.t.HelmChartContainer - [hivemq-test-hivemq-platform] [hivemq-platform-operator] [e4ff5a47] 	at io.netty.channel.AbstractChannelHandlerContext.invokeChannelRead(AbstractChannelHandlerContext.java:440)
2025-01-29 01:00:58,549 INFO c.h.h.t.HelmChartContainer - [hivemq-test-hivemq-platform] [hivemq-platform-operator] [e4ff5a47] 	at io.netty.channel.AbstractChannelHandlerContext.invokeChannelRead(AbstractChannelHandlerContext.java:420)
2025-01-29 01:00:58,549 INFO c.h.h.t.HelmChartContainer - [hivemq-test-hivemq-platform] [hivemq-platform-operator] [e4ff5a47] 	at io.netty.channel.DefaultChannelPipeline.fireChannelRead(DefaultChannelPipeline.java:918)
2025-01-29 01:00:58,553 INFO c.h.h.t.HelmChartContainer - [hivemq-test-hivemq-platform] [hivemq-platform-operator] [e4ff5a47] 	at io.netty.channel.nio.AbstractNioByteChannel$NioByteUnsafe.read(AbstractNioByteChannel.java:166)
2025-01-29 01:00:58,554 INFO c.h.h.t.HelmChartContainer - [hivemq-test-hivemq-platform] [hivemq-platform-operator] [e4ff5a47] 	at io.netty.channel.nio.NioEventLoop.processSelectedKey(NioEventLoop.java:788)
2025-01-29 01:00:58,554 INFO c.h.h.t.HelmChartContainer - [hivemq-test-hivemq-platform] [hivemq-platform-operator] [e4ff5a47] 	at io.netty.channel.nio.NioEventLoop.processSelectedKeysOptimized(NioEventLoop.java:724)
2025-01-29 01:00:58,554 INFO c.h.h.t.HelmChartContainer - [hivemq-test-hivemq-platform] [hivemq-platform-operator] [e4ff5a47] 	at io.netty.channel.nio.NioEventLoop.processSelectedKeys(NioEventLoop.java:650)
2025-01-29 01:00:58,554 INFO c.h.h.t.HelmChartContainer - [hivemq-test-hivemq-platform] [hivemq-platform-operator] [e4ff5a47] 	at io.netty.channel.nio.NioEventLoop.run(NioEventLoop.java:562)
2025-01-29 01:00:58,554 INFO c.h.h.t.HelmChartContainer - [hivemq-test-hivemq-platform] [hivemq-platform-operator] [e4ff5a47] 	at io.netty.util.concurrent.SingleThreadEventExecutor$4.run(SingleThreadEventExecutor.java:997)
2025-01-29 01:00:58,554 INFO c.h.h.t.HelmChartContainer - [hivemq-test-hivemq-platform] [hivemq-platform-operator] [e4ff5a47] 	at io.netty.util.internal.ThreadExecutorMap$2.run(ThreadExecutorMap.java:74)
2025-01-29 01:00:58,554 INFO c.h.h.t.HelmChartContainer - [hivemq-test-hivemq-platform] [hivemq-platform-operator] [e4ff5a47] 	at io.netty.util.concurrent.FastThreadLocalRunnable.run(FastThreadLocalRunnable.java:30)
2025-01-29 01:00:58,554 INFO c.h.h.t.HelmChartContainer - [hivemq-test-hivemq-platform] [hivemq-platform-operator] [e4ff5a47] 	... 1 common frames omitted
2025-01-29 01:00:58,555 INFO c.h.h.t.HelmChartContainer - [hivemq-test-hivemq-platform] [hivemq-platform-operator] [e4ff5a47] 01:00:58.550 [ReconcilerExecutor-hivemq-controller-124] INFO  c.h.p.o.HiveMQPlatformReconciler - [helmcust] Cleanup test-hivemq-platform - helmcustomlogbackit HiveMQ Platform is shut down
2025-01-29 01:00:58,901 INFO c.h.h.t.HelmChartContainer - [POD] test-hivemq-platform-0 [45a15806-5436-4d1c-8619-a6cf303b06ad] in helmcustomlogbackit was MODIFIED
2025-01-29 01:00:58,906 INFO c.h.h.t.HelmChartContainer - [EVENT] Normal [Killing] Stopping container hivemq [helmcustomlogbackit:test-hivemq-platform-0]
2025-01-29 01:00:58,906 INFO c.h.h.t.HelmChartContainer - Received Killing event for container hivemq in pod test-hivemq-platform-0 [45a15806-5436-4d1c-8619-a6cf303b06ad]
2025-01-29 01:00:58,906 INFO c.h.h.t.HelmChartContainer - Container [test-hivemq-platform-0] [hivemq] [45a15806-5436-4d1c-8619-a6cf303b06ad] was terminated
2025-01-29 01:00:58,906 INFO c.h.h.t.HelmChartContainer - Stopped log watcher for hivemq in pod test-hivemq-platform-0 [45a15806-5436-4d1c-8619-a6cf303b06ad]
2025-01-29 01:00:58,922 INFO c.h.h.t.HelmChartContainer - [test-hivemq-platform] [hivemq] [45a15806] INFO  - [HiveMQ Platform Operator Init App 1.7.0-SNAPSHOT] Shutting down
2025-01-29 01:00:58,922 INFO c.h.h.t.HelmChartContainer - [test-hivemq-platform] [hivemq] [45a15806] INFO  - [HiveMQ Platform Operator Init App 1.7.0-SNAPSHOT] Stopping the HiveMQ Platform
2025-01-29 01:00:59,029 INFO c.h.h.t.HelmChartContainer - [test-hivemq-platform] [hivemq] [45a15806] INFO  - Shutting down HiveMQ. Please wait, this could take a while...
2025-01-29 01:00:59,040 INFO c.h.h.t.HelmChartContainer - [test-hivemq-platform] [hivemq] [45a15806] INFO  - Shutting down listeners and clients
2025-01-29 01:00:59,042 INFO c.h.h.t.HelmChartContainer - [test-hivemq-platform] [hivemq] [45a15806] DEBUG - Closed channel of listener with name 'tcp-listener-1883'
2025-01-29 01:00:59,042 INFO c.h.h.t.HelmChartContainer - [test-hivemq-platform] [hivemq] [45a15806] INFO  - Shutdown of listeners is done
2025-01-29 01:00:59,042 INFO c.h.h.t.HelmChartContainer - [test-hivemq-platform] [hivemq] [45a15806] INFO  - No clients are connected, proceeding with shutdown
2025-01-29 01:00:59,042 INFO c.h.h.t.HelmChartContainer - [test-hivemq-platform] [hivemq] [45a15806] DEBUG - Shutting down worker and boss threads
2025-01-29 01:01:00,222 INFO c.h.h.t.HelmChartContainer - Deleting namespace 'helmcustomlogbackit'...
2025-01-29 01:01:01,120 INFO c.h.h.t.HelmChartContainer - [test-hivemq-platform] [hivemq] [45a15806] DEBUG - Shutting down Data Hub
2025-01-29 01:01:02,646 INFO c.h.h.t.HelmChartContainer - [test-hivemq-platform] [hivemq] [45a15806] DEBUG - Data Hub shut down successfully in 1526ms
2025-01-29 01:01:02,651 INFO c.h.h.t.HelmChartContainer - [test-hivemq-platform] [hivemq] [45a15806] DEBUG - Stopping RocksDBMemoryUsageWatchdog.
2025-01-29 01:01:02,651 INFO c.h.h.t.HelmChartContainer - [test-hivemq-platform] [hivemq] [45a15806] DEBUG - Terminating thread rocksdb-memory-usage-watchdog.
2025-01-29 01:01:02,651 INFO c.h.h.t.HelmChartContainer - [test-hivemq-platform] [hivemq] [45a15806] DEBUG - Stopped RocksDBMemoryUsageWatchdog.
2025-01-29 01:01:02,651 INFO c.h.h.t.HelmChartContainer - [test-hivemq-platform] [hivemq] [45a15806] INFO  - Shutting down extension system
2025-01-29 01:01:02,654 INFO c.h.h.t.HelmChartContainer - [test-hivemq-platform] [hivemq] [45a15806] INFO  - Stopping extension with id hivemq-dns-cluster-discovery
2025-01-29 01:01:02,655 INFO c.h.h.t.HelmChartContainer - [test-hivemq-platform] [hivemq] [45a15806] INFO  - Extension "DNS Cluster Discovery Extension" version 4.3.2 stopped successfully.
2025-01-29 01:01:02,655 INFO c.h.h.t.HelmChartContainer - [test-hivemq-platform] [hivemq] [45a15806] INFO  - Stopping extension with id hivemq-prometheus-extension
2025-01-29 01:01:02,658 INFO c.h.h.t.HelmChartContainer - [test-hivemq-platform] [hivemq] [45a15806] INFO  - [HiveMQ Platform Operator Init App 1.7.0-SNAPSHOT] Returning shutdown Health API response 503 for readiness
2025-01-29 01:01:02,661 INFO c.h.h.t.HelmChartContainer - [test-hivemq-platform] [hivemq] [45a15806] INFO  - Extension "Prometheus Monitoring Extension" version 4.0.12 stopped successfully.
2025-01-29 01:01:02,661 INFO c.h.h.t.HelmChartContainer - [test-hivemq-platform] [hivemq] [45a15806] INFO  - Stopping extension with id hivemq-allow-all-extension
2025-01-29 01:01:02,662 INFO c.h.h.t.HelmChartContainer - [test-hivemq-platform] [hivemq] [45a15806] INFO  - Extension "Allow All Extension" version 1.1.1 stopped successfully.
2025-01-29 01:01:02,664 INFO c.h.h.t.HelmChartContainer - [test-hivemq-platform] [hivemq] [45a15806] DEBUG - Simple authenticator of extension 'hivemq-allow-all-extension' removed.
2025-01-29 01:01:02,664 INFO c.h.h.t.HelmChartContainer - [test-hivemq-platform] [hivemq] [45a15806] DEBUG - Running cluster shutdown hooks
2025-01-29 01:01:02,665 INFO c.h.h.t.HelmChartContainer - [EVENT] Warning [Unhealthy] Readiness probe failed: HTTP probe failed with statuscode: 503 [helmcustomlogbackit:test-hivemq-platform-0]
2025-01-29 01:01:02,665 INFO c.h.h.t.HelmChartContainer - Received Unhealthy event for container hivemq in pod test-hivemq-platform-0 [45a15806-5436-4d1c-8619-a6cf303b06ad]
2025-01-29 01:01:02,743 INFO c.h.h.t.HelmChartContainer - [test-hivemq-platform] [hivemq] [45a15806] DEBUG - Shutting down managed extension executor service
2025-01-29 01:01:02,744 INFO c.h.h.t.HelmChartContainer - [test-hivemq-platform] [hivemq] [45a15806] DEBUG - Stopped Trace Recording Event Loop gracefully
2025-01-29 01:01:02,745 INFO c.h.h.t.HelmChartContainer - [test-hivemq-platform] [hivemq] [45a15806] DEBUG - The Event Loop for Trace Recordings is shutting down and is not available anymore
2025-01-29 01:01:03,061 INFO c.h.h.t.HelmChartContainer - [K3S] [authentication.go:74] "Unable to authenticate the request" err="[invalid bearer token, serviceaccounts \"hivemq-platform-pod-test-hivemq-platform\" not found]"
2025-01-29 01:01:03,077 INFO c.h.h.t.HelmChartContainer - [K3S] [authentication.go:74] "Unable to authenticate the request" err="[invalid bearer token, serviceaccounts \"hivemq-platform-pod-test-hivemq-platform\" not found]"
2025-01-29 01:01:03,152 INFO c.h.h.t.HelmChartContainer - [test-hivemq-platform] [hivemq] [45a15806] WARN  - [HiveMQ Platform Operator Init App 1.7.0-SNAPSHOT] Could not update Pod annotations: Failure executing: GET at: https://10.43.0.1:443/api/v1/namespaces/helmcustomlogbackit/pods/test-hivemq-platform-0. Message: Unauthorized. Received status: Status(apiVersion=v1, code=401, details=null, kind=Status, message=Unauthorized, metadata=ListMeta(_continue=null, remainingItemCount=null, resourceVersion=null, selfLink=null, additionalProperties={}), reason=Unauthorized, status=Failure, additionalProperties={}).
2025-01-29 01:01:05,046 INFO c.h.h.t.HelmChartContainer - [test-hivemq-platform] [hivemq] [45a15806] INFO  - Shutdown completed.
2025-01-29 01:01:05,247 INFO c.h.h.t.HelmChartContainer - [K3S] [stateful_set.go:466] "StatefulSet has been deleted" key="helmcustomlogbackit/test-hivemq-platform"
2025-01-29 01:01:05,412 INFO c.h.h.t.HelmChartContainer - [test-hivemq-platform] [hivemq] [45a15806] INFO  - [HiveMQ Platform Operator Init App 1.7.0-SNAPSHOT] The HiveMQ Platform exited with code 143
2025-01-29 01:01:05,412 INFO c.h.h.t.HelmChartContainer - [test-hivemq-platform] [hivemq] [45a15806] INFO  - [HiveMQ Platform Operator Init App 1.7.0-SNAPSHOT] Stopping the REST API
2025-01-29 01:01:05,440 INFO c.h.h.t.HelmChartContainer - [test-hivemq-platform] [hivemq] [45a15806] INFO  - [HiveMQ Platform Operator Init App 1.7.0-SNAPSHOT] Shutdown complete
2025-01-29 01:01:05,442 INFO c.h.h.t.HelmChartContainer - [K3S] [namespace_controller.go:164] "Unhandled Error" err="deletion of namespace helmcustomlogbackit failed: unexpected items still remain in namespace: helmcustomlogbackit for gvr: /v1, Resource=configmaps"
2025-01-29 01:01:05,927 INFO c.h.h.t.HelmChartContainer - [POD] test-hivemq-platform-0 [45a15806-5436-4d1c-8619-a6cf303b06ad] in helmcustomlogbackit was MODIFIED
2025-01-29 01:01:06,076 INFO c.h.h.t.HelmChartContainer - [K3S] [reconciler_common.go:162] "operationExecutor.UnmountVolume started for volume \"broker-configuration\" (UniqueName: \"kubernetes.io/configmap/45a15806-5436-4d1c-8619-a6cf303b06ad-broker-configuration\") pod \"45a15806-5436-4d1c-8619-a6cf303b06ad\" (UID: \"45a15806-5436-4d1c-8619-a6cf303b06ad\") "
2025-01-29 01:01:06,076 INFO c.h.h.t.HelmChartContainer - [K3S] [reconciler_common.go:162] "operationExecutor.UnmountVolume started for volume \"pod-info\" (UniqueName: \"kubernetes.io/configmap/45a15806-5436-4d1c-8619-a6cf303b06ad-pod-info\") pod \"45a15806-5436-4d1c-8619-a6cf303b06ad\" (UID: \"45a15806-5436-4d1c-8619-a6cf303b06ad\") "
2025-01-29 01:01:06,076 INFO c.h.h.t.HelmChartContainer - [K3S] [reconciler_common.go:162] "operationExecutor.UnmountVolume started for volume \"kube-api-access-2kccp\" (UniqueName: \"kubernetes.io/projected/45a15806-5436-4d1c-8619-a6cf303b06ad-kube-api-access-2kccp\") pod \"45a15806-5436-4d1c-8619-a6cf303b06ad\" (UID: \"45a15806-5436-4d1c-8619-a6cf303b06ad\") "
2025-01-29 01:01:06,076 INFO c.h.h.t.HelmChartContainer - [K3S] [reconciler_common.go:162] "operationExecutor.UnmountVolume started for volume \"operator-init\" (UniqueName: \"kubernetes.io/empty-dir/45a15806-5436-4d1c-8619-a6cf303b06ad-operator-init\") pod \"45a15806-5436-4d1c-8619-a6cf303b06ad\" (UID: \"45a15806-5436-4d1c-8619-a6cf303b06ad\") "
2025-01-29 01:01:06,177 INFO c.h.h.t.HelmChartContainer - [K3S] [reconciler_common.go:299] "Volume detached for volume \"kube-api-access-2kccp\" (UniqueName: \"kubernetes.io/projected/45a15806-5436-4d1c-8619-a6cf303b06ad-kube-api-access-2kccp\") on node \"ad322f66c93b\" DevicePath \"\""
2025-01-29 01:01:06,177 INFO c.h.h.t.HelmChartContainer - [K3S] [reconciler_common.go:299] "Volume detached for volume \"operator-init\" (UniqueName: \"kubernetes.io/empty-dir/45a15806-5436-4d1c-8619-a6cf303b06ad-operator-init\") on node \"ad322f66c93b\" DevicePath \"\""
2025-01-29 01:01:06,177 INFO c.h.h.t.HelmChartContainer - [K3S] [reconciler_common.go:299] "Volume detached for volume \"broker-configuration\" (UniqueName: \"kubernetes.io/configmap/45a15806-5436-4d1c-8619-a6cf303b06ad-broker-configuration\") on node \"ad322f66c93b\" DevicePath \"\""
2025-01-29 01:01:06,177 INFO c.h.h.t.HelmChartContainer - [K3S] [reconciler_common.go:299] "Volume detached for volume \"pod-info\" (UniqueName: \"kubernetes.io/configmap/45a15806-5436-4d1c-8619-a6cf303b06ad-pod-info\") on node \"ad322f66c93b\" DevicePath \"\""
2025-01-29 01:01:06,182 INFO c.h.h.t.HelmChartContainer - [K3S] [scope.go:117] "RemoveContainer" containerID="09e67adf23d5c1c81b7d8592662cd67a00f7a5d2b0db5a68136180f7cae85268"
2025-01-29 01:01:06,202 INFO c.h.h.t.HelmChartContainer - [POD] test-hivemq-platform-0 [45a15806-5436-4d1c-8619-a6cf303b06ad] in helmcustomlogbackit was MODIFIED
2025-01-29 01:01:06,208 INFO c.h.h.t.HelmChartContainer - [POD] test-hivemq-platform-0 [45a15806-5436-4d1c-8619-a6cf303b06ad] in helmcustomlogbackit was DELETED
2025-01-29 01:01:06,294 INFO c.h.h.t.HelmChartContainer - [K3S] [scope.go:117] "RemoveContainer" containerID="b97797fadc4f8f5b13980be4dca7ac6dcdb913a0081132b78dac72c1c6ce4ff5"
2025-01-29 01:01:06,296 INFO c.h.h.t.HelmChartContainer - [K3S] [scope.go:117] "RemoveContainer" containerID="09e67adf23d5c1c81b7d8592662cd67a00f7a5d2b0db5a68136180f7cae85268"
2025-01-29 01:01:06,297 INFO c.h.h.t.HelmChartContainer - [K3S] [scope.go:117] "RemoveContainer" containerID="b97797fadc4f8f5b13980be4dca7ac6dcdb913a0081132b78dac72c1c6ce4ff5"
2025-01-29 01:01:07,819 INFO c.h.h.t.HelmChartContainer - [K3S] [kubelet_volumes.go:163] "Cleaned up orphaned pod volumes dir" podUID="45a15806-5436-4d1c-8619-a6cf303b06ad" path="/var/lib/kubelet/pods/45a15806-5436-4d1c-8619-a6cf303b06ad/volumes"
2025-01-29 01:01:10,751 INFO c.h.h.t.HelmChartContainer - Namespace 'helmcustomlogbackit' deleted
2025-01-29 01:01:10,751 INFO c.h.h.t.HelmChartContainer - Release 'test-hivemq-platform' in namespace 'helmcustomlogbackit' is uninstalled
2025-01-29 01:01:10,751 INFO c.h.h.t.HelmChartContainer - Uninstalling release 'test-hivemq-platform-operator' in namespace 'helmcustomlogbackit-operator'...
2025-01-29 01:01:10,751 DEBUG c.h.h.t.HelmChartContainer - Executing helm command: /bin/helm --kubeconfig /etc/rancher/k3s/k3s.yaml uninstall test-hivemq-platform-operator  --wait --timeout 5m0s --cascade foreground --namespace helmcustomlogbackit-operator
2025-01-29 01:01:10,907 INFO c.h.h.t.HelmChartContainer - [K3S] [replica_set.go:679] "Finished syncing" kind="ReplicaSet" key="helmcustomlogbackit-operator/hivemq-test-hivemq-platform-operator-6966f96d65" duration="11.306118ms"
2025-01-29 01:01:10,908 INFO c.h.h.t.HelmChartContainer - [K3S] [replica_set.go:679] "Finished syncing" kind="ReplicaSet" key="helmcustomlogbackit-operator/hivemq-test-hivemq-platform-operator-6966f96d65" duration="34.354µs"
2025-01-29 01:01:10,926 INFO c.h.h.t.HelmChartContainer - [POD] hivemq-test-hivemq-platform-operator-6966f96d65-9bh48 [e4ff5a47-a179-46f8-ba20-8258012cfa76] in helmcustomlogbackit-operator was MODIFIED
2025-01-29 01:01:10,935 INFO c.h.h.t.HelmChartContainer - [K3S] [replica_set.go:679] "Finished syncing" kind="ReplicaSet" key="helmcustomlogbackit-operator/hivemq-test-hivemq-platform-operator-6966f96d65" duration="12.153929ms"
2025-01-29 01:01:10,942 INFO c.h.h.t.HelmChartContainer - [EVENT] Normal [Killing] Stopping container hivemq-platform-operator [helmcustomlogbackit-operator:hivemq-test-hivemq-platform-operator-6966f96d65-9bh48]
2025-01-29 01:01:10,943 INFO c.h.h.t.HelmChartContainer - Received Killing event for container hivemq-platform-operator in pod hivemq-test-hivemq-platform-operator-6966f96d65-9bh48 [e4ff5a47-a179-46f8-ba20-8258012cfa76]
2025-01-29 01:01:10,943 INFO c.h.h.t.HelmChartContainer - Container [hivemq-test-hivemq-platform-operator-6966f96d65-9bh48] [hivemq-platform-operator] [e4ff5a47-a179-46f8-ba20-8258012cfa76] was terminated
2025-01-29 01:01:10,943 INFO c.h.h.t.HelmChartContainer - Stopped log watcher for hivemq-platform-operator in pod hivemq-test-hivemq-platform-operator-6966f96d65-9bh48 [e4ff5a47-a179-46f8-ba20-8258012cfa76]
2025-01-29 01:01:10,943 INFO c.h.h.t.HelmChartContainer - [K3S] [replica_set.go:679] "Finished syncing" kind="ReplicaSet" key="helmcustomlogbackit-operator/hivemq-test-hivemq-platform-operator-6966f96d65" duration="42.769µs"
2025-01-29 01:01:10,974 INFO c.h.h.t.HelmChartContainer - [hivemq-test-hivemq-platform] [hivemq-platform-operator] [e4ff5a47] 01:01:10.973 [application-shutdown-thread] INFO  c.h.p.o.HiveMQPlatformOperatorApplication - HiveMQ Platform Operator is stopping...
2025-01-29 01:01:10,974 INFO c.h.h.t.HelmChartContainer - [hivemq-test-hivemq-platform] [hivemq-platform-operator] [e4ff5a47] 01:01:10.973 [application-shutdown-thread] INFO  i.javaoperatorsdk.operator.Operator - Operator SDK 4.9.7 is shutting down...
2025-01-29 01:01:11,606 INFO c.h.h.t.HelmChartContainer - [K3S] [replica_set.go:679] "Finished syncing" kind="ReplicaSet" key="helmcustomlogbackit-operator/hivemq-test-hivemq-platform-operator-6966f96d65" duration="36.388µs"
2025-01-29 01:01:11,607 INFO c.h.h.t.HelmChartContainer - [POD] hivemq-test-hivemq-platform-operator-6966f96d65-9bh48 [e4ff5a47-a179-46f8-ba20-8258012cfa76] in helmcustomlogbackit-operator was MODIFIED
2025-01-29 01:01:11,706 INFO c.h.h.t.HelmChartContainer - [K3S] [reconciler_common.go:162] "operationExecutor.UnmountVolume started for volume \"kube-api-access-dtxv8\" (UniqueName: \"kubernetes.io/projected/e4ff5a47-a179-46f8-ba20-8258012cfa76-kube-api-access-dtxv8\") pod \"e4ff5a47-a179-46f8-ba20-8258012cfa76\" (UID: \"e4ff5a47-a179-46f8-ba20-8258012cfa76\") "
2025-01-29 01:01:11,806 INFO c.h.h.t.HelmChartContainer - [K3S] [reconciler_common.go:299] "Volume detached for volume \"kube-api-access-dtxv8\" (UniqueName: \"kubernetes.io/projected/e4ff5a47-a179-46f8-ba20-8258012cfa76-kube-api-access-dtxv8\") on node \"ad322f66c93b\" DevicePath \"\""
2025-01-29 01:01:12,192 INFO c.h.h.t.HelmChartContainer - [K3S] [scope.go:117] "RemoveContainer" containerID="d7e26d4847aaddd135d633b99a24193ef3b6053db9513f387cf059d06532f235"
2025-01-29 01:01:12,195 INFO c.h.h.t.HelmChartContainer - [K3S] [scope.go:117] "RemoveContainer" containerID="d7e26d4847aaddd135d633b99a24193ef3b6053db9513f387cf059d06532f235"
2025-01-29 01:01:12,201 INFO c.h.h.t.HelmChartContainer - [K3S] [replica_set.go:679] "Finished syncing" kind="ReplicaSet" key="helmcustomlogbackit-operator/hivemq-test-hivemq-platform-operator-6966f96d65" duration="41.066µs"
2025-01-29 01:01:12,202 INFO c.h.h.t.HelmChartContainer - [POD] hivemq-test-hivemq-platform-operator-6966f96d65-9bh48 [e4ff5a47-a179-46f8-ba20-8258012cfa76] in helmcustomlogbackit-operator was MODIFIED
2025-01-29 01:01:12,204 INFO c.h.h.t.HelmChartContainer - [K3S] [replica_set.go:679] "Finished syncing" kind="ReplicaSet" key="helmcustomlogbackit-operator/hivemq-test-hivemq-platform-operator-6966f96d65" duration="27.681µs"
2025-01-29 01:01:12,204 INFO c.h.h.t.HelmChartContainer - [POD] hivemq-test-hivemq-platform-operator-6966f96d65-9bh48 [e4ff5a47-a179-46f8-ba20-8258012cfa76] in helmcustomlogbackit-operator was DELETED
2025-01-29 01:01:12,213 INFO c.h.h.t.HelmChartContainer - [K3S] [replica_set.go:679] "Finished syncing" kind="ReplicaSet" key="helmcustomlogbackit-operator/hivemq-test-hivemq-platform-operator-6966f96d65" duration="6.833µs"
2025-01-29 01:01:12,946 INFO c.h.h.t.HelmChartContainer - Deleting namespace 'helmcustomlogbackit-operator'...
2025-01-29 01:01:13,819 INFO c.h.h.t.HelmChartContainer - [K3S] [kubelet_volumes.go:163] "Cleaned up orphaned pod volumes dir" podUID="e4ff5a47-a179-46f8-ba20-8258012cfa76" path="/var/lib/kubelet/pods/e4ff5a47-a179-46f8-ba20-8258012cfa76/volumes"
2025-01-29 01:01:15,711 INFO c.h.h.t.HelmChartContainer - [K3S] [namespace_controller.go:187] "Namespace has been deleted" namespace="helmcustomlogbackit"
2025-01-29 01:01:18,160 INFO c.h.h.t.HelmChartContainer - Namespace 'helmcustomlogbackit-operator' deleted
2025-01-29 01:01:18,160 INFO c.h.h.t.HelmChartContainer - Release 'test-hivemq-platform-operator' in namespace 'helmcustomlogbackit-operator' is uninstalled
2025-01-29 01:01:18,864 INFO c.h.helmcharts.AbstractHelmChartIT - Removed unused containers:

2025-01-29 01:01:23,064 INFO c.h.h.t.HelmChartContainer - [K3S] [namespace_controller.go:187] "Namespace has been deleted" namespace="helmcustomlogbackit-operator"
2025-01-29 01:01:26,320 INFO c.h.helmcharts.AbstractHelmChartIT - Removed unused snapshots:
Removing snapshot sha256:03af251906410714c5aef9fa705b63f6bbc39c4a5e787de7361eeb18886c2ed2
Removing snapshot sha256:0c46b3b43cce082ce5ec34ffc6c294e0417d17b9d1e6f366d114b6aadc4f96dc
Removing snapshot sha256:0ce761beee59082d6ed5bcebd3a805b8ddd9b3426b617e4809e7fb7c6587ffec
Removing snapshot sha256:0df91287303208332c8ff6ba40ae4710105201739addbfbddfb955f1ad593664
Removing snapshot sha256:0f0d65ed85979c3ce1111d435e9596a6589c8452e3719c4b738b3e2e58bef023
Removing snapshot sha256:1021ef88c7974bfff89c5a0ec4fd3160daac6c48a075f74cff721f85dd104e68
Removing snapshot sha256:10aba4953ddc18145dd38e3704709bc464aa20af60b56fe52caaff4b68411e62
Removing snapshot sha256:2573e0d8158209ed54ab25c87bcdcb00bd3d2539246960a3d592a1c599d70465
Removing snapshot sha256:362a8a37f8bbc31925a8146adcf7cf51f9882f5c1dcbef67c5baa03a297543c0
Removing snapshot sha256:3fa4ad33f0ddc8fd45b39b6b4640f82a3a83619606cd975bfe89d8710ad2d4cd
Removing snapshot sha256:43a7c979bbaba6838bc3102d6b10a1459f3ab050b87ccdfef84ef90cf43d3058
Removing snapshot sha256:4ab04491cdf0d3267f08206fe30bd48f49f94b9cab2f016d6739220f722a64af
Removing snapshot sha256:4b6068250e89c96f263060261819c7d912855bfbd64b3eb4c4a8483299b8c295
Removing snapshot sha256:580e69a0a8034ede1921139bbd2bfb72a69ebf276d008281896c32dd8bf74775
Removing snapshot sha256:5d30ba46b27fe37484567ccc5242cadc78217b8da605f3f195ef25cbf7487904
Removing snapshot sha256:63ca1fbb43ae5034640e5e6cb3e083e05c290072c5366fcaa9d62435a4cced85
Removing snapshot sha256:67f702c6baae873bceb19487c8b1f27bd2b86077e4f2f0e480e6d60ab508b8f5
Removing snapshot sha256:6864348dd42806d552efdec384f1274be15e2d0c10ce44c1f04347af004c10a9
Removing snapshot sha256:6c7dee8f2c39b84b7dc2711c01d33de93514d9055499173e9290176fbe484b6c
Removing snapshot sha256:809dfbcd05711fa25fa6fc10b4e5ab5e7222187de93169d27b487d7ec5ea602b
Removing snapshot sha256:82753493a6d61ded36556292f02f31841a14c20d2f279f19eaad65afb661d5cd
Removing snapshot sha256:8a10d3db42c505ee0fcfa98417bdd7e39b304f6bcc0a06bb1b220797ff2cc63c
Removing snapshot sha256:a21e5b12dbac529ad45d976eb9ce45c881f3bedcc500fb30aba1e52aa1813418
Removing snapshot sha256:b921e6c28969094157f9b8e7244677780319637afd14450b7cb6b2fdea558a0c
Removing snapshot sha256:bc27ecb5769a00e309cf99ebc763c4a4b958b618d1decc96ffac5bc05f02f5b7
Removing snapshot sha256:be3ccb6627a5332e309d45ef461d09b4879dd870c7394d89323d0ebc6ca6aa8a
Removing snapshot sha256:c261f7cbbc64211ee175ee47273acdb7b1a36a4450b397a064a8f2c026490095
Removing snapshot sha256:c34d9393647eea0c9e3557ab988efaf59f61d10a2a5613b439ef0958cca5ec10
Removing snapshot sha256:ccf3c4a0fa967a41c1c83497a2ce6fa5787965859df0adb32c4ca2cf7490bc2b
Removing snapshot sha256:cf92d33f869417309692088c341cd0f223c178ea78a125f757317b22aa8f90e9
Removing snapshot sha256:d0037344cf2fb078884f1849f6a1f8cf9a33a3b6139b6a85833e5ee528e1f9a8
Removing snapshot sha256:d3b36d5b79273b1e98e7700470eaeff05a882e777124d84cebcc1505b85ecb36
Removing snapshot sha256:d65a44a37914602d12c611e5e22a50f11451d847e63015cc1c2aef92dee777a4
Removing snapshot sha256:e2dc0bae2455930f23ae570e019b7f32edc75c0f2d71cab084db837ff9051796
Removing snapshot sha256:eccbd24a99c60cd9e86ee5305dbfc4a4dc89f5ab4fb1f06c8d64797cecedef34
Removing snapshot sha256:f144bb4c7c7f0d2aa7eeffd36d934ec40db1ee167be727e326aad9fdc616f475

]]></system-out>
  </testcase>
  <system-out><![CDATA[2025-01-29 00:59:47,205 INFO c.h.h.t.HelmChartContainerExtension - Using cached HelmChartContainer instance
]]></system-out>
  <system-err><![CDATA[]]></system-err>
</testsuite>
