<?xml version="1.0" encoding="UTF-8"?>
<testsuite name="com.hivemq.helmcharts.extensions.HelmCustomExtensionWithHttpsIT" tests="1" skipped="0" failures="0" errors="0" timestamp="2025-05-23T10:52:38" hostname="fv-az1368-800" time="97.424">
  <properties/>
  <testcase name="platformChart_whenCustomExtensionIsConfigured_withHttps_thenStartsUpSuccessfully()" classname="com.hivemq.helmcharts.extensions.HelmCustomExtensionWithHttpsIT" time="97.424"/>
</testsuite>
