<?xml version="1.0" encoding="UTF-8"?>
<testsuite name="com.hivemq.helmcharts.services.HelmControlCenterIT" tests="5" skipped="0" failures="0" errors="0" timestamp="2025-03-02T15:40:33" hostname="fv-az1910-813" time="559.443">
  <properties/>
  <testcase name="platformChart_withCustomServiceName_thenAbleToLogin()" classname="com.hivemq.helmcharts.services.HelmControlCenterIT" time="106.751"/>
  <testcase name="platformChart_whenTlsEnabledWithDifferentPrivateKey_thenAbleToLogin(Path)" classname="com.hivemq.helmcharts.services.HelmControlCenterIT" time="118.792"/>
  <testcase name="platformChart_whenTlsEnabled_thenAbleToLogin(Path)" classname="com.hivemq.helmcharts.services.HelmControlCenterIT" time="119.18"/>
  <testcase name="platformChart_whenControlCenterEnabled_thenAbleToLogin()" classname="com.hivemq.helmcharts.services.HelmControlCenterIT" time="109.828"/>
  <testcase name="platformChart_whenOverrideControlCenter_thenAbleToLogin()" classname="com.hivemq.helmcharts.services.HelmControlCenterIT" time="104.889"/>
</testsuite>
