<?xml version="1.0" encoding="UTF-8"?>
<testsuite name="com.hivemq.helmcharts.services.HelmControlCenterIT" tests="5" skipped="0" failures="0" errors="0" timestamp="2025-04-15T09:31:00" hostname="fv-az1720-230" time="457.378">
  <properties/>
  <testcase name="platformChart_withCustomServiceName_thenAbleToLogin()" classname="com.hivemq.helmcharts.services.HelmControlCenterIT" time="90.724"/>
  <testcase name="platformChart_whenTlsEnabledWithDifferentPrivateKey_thenAbleToLogin(Path)" classname="com.hivemq.helmcharts.services.HelmControlCenterIT" time="98.801"/>
  <testcase name="platformChart_whenTlsEnabled_thenAbleToLogin(Path)" classname="com.hivemq.helmcharts.services.HelmControlCenterIT" time="98.296"/>
  <testcase name="platformChart_whenControlCenterEnabled_thenAbleToLogin()" classname="com.hivemq.helmcharts.services.HelmControlCenterIT" time="86.177"/>
  <testcase name="platformChart_whenOverrideControlCenter_thenAbleToLogin()" classname="com.hivemq.helmcharts.services.HelmControlCenterIT" time="83.377"/>
</testsuite>
