<?xml version="1.0" encoding="UTF-8"?>
<testsuite name="com.hivemq.helmcharts.operator.HelmRemoveNamespaceIT" tests="1" skipped="0" failures="0" errors="0" timestamp="2025-03-31T12:56:20" hostname="fv-az1712-672" time="96.868">
  <properties/>
  <testcase name="withSingleOperator_hivemqRunningThenDelete()" classname="com.hivemq.helmcharts.operator.HelmRemoveNamespaceIT" time="96.868"/>
</testsuite>
