<?xml version="1.0" encoding="UTF-8"?>
<testsuite name="com.hivemq.helmcharts.platform.HelmCustomLogbackIT" tests="1" skipped="0" failures="0" errors="0" timestamp="2025-03-03T13:39:09" hostname="fv-az1074-862" time="85.883">
  <properties/>
  <testcase name="withCustomLogbackConfig_platformUsingCustomLogbackXml()" classname="com.hivemq.helmcharts.platform.HelmCustomLogbackIT" time="85.883"/>
</testsuite>
