<?xml version="1.0" encoding="UTF-8"?>
<testsuite name="com.hivemq.helmcharts.platform.HelmCustomSecretConfigIT" tests="2" skipped="0" failures="0" errors="0" timestamp="2025-01-28T23:55:04" hostname="fv-az1705-142" time="288.917">
  <properties/>
  <testcase name="withExistingSecret_hivemqRunning()" classname="com.hivemq.helmcharts.platform.HelmCustomSecretConfigIT" time="144.464">
    <system-out><![CDATA[2025-01-28 23:55:04,191 INFO c.h.h.t.HelmChartContainer - Creating namespace 'helmcustomsecretconfigit-operator'...
2025-01-28 23:55:04,200 INFO c.h.h.t.HelmChartContainer - Namespace 'helmcustomsecretconfigit-operator' created
2025-01-28 23:55:04,200 INFO c.h.h.t.HelmChartContainer - Creating namespace 'helmcustomsecretconfigit'...
2025-01-28 23:55:04,299 INFO c.h.h.t.HelmChartContainer - Namespace 'helmcustomsecretconfigit' created
2025-01-28 23:55:04,362 DEBUG c.h.h.t.HelmChartContainer - Executing helm command: /bin/helm --kubeconfig /etc/rancher/k3s/k3s.yaml install test-hivemq-platform-operator /charts/hivemq-platform-operator --wait --timeout 5m0s --set image.repository=docker.io/hivemq --set image.name=hivemq-platform-operator-test --set image.initImageName=hivemq-platform-operator-init-test --set image.tag=snapshot --set image.pullPolicy=Never --set logLevel=DEBUG --set resources.cpu=512m --namespace helmcustomsecretconfigit-operator
2025-01-28 23:55:04,659 INFO c.h.h.t.HelmChartContainer - [K3S] [alloc.go:330] "allocated clusterIPs" service="helmcustomsecretconfigit-operator/hivemq-platform-operator-test-hivemq-platform-operator" clusterIPs={"IPv4":"10.43.15.208"}
2025-01-28 23:55:04,671 INFO c.h.h.t.HelmChartContainer - [EVENT] Normal [ScalingReplicaSet] Scaled up replica set hivemq-test-hivemq-platform-operator-6966f96d65 from 0 to 1 [helmcustomsecretconfigit-operator:hivemq-test-hivemq-platform-operator]
2025-01-28 23:55:04,678 INFO c.h.h.t.HelmChartContainer - [POD] hivemq-test-hivemq-platform-operator-6966f96d65-mfnf8 [a7ad56f8-0cb1-472c-9076-fef1b1998466] in helmcustomsecretconfigit-operator was ADDED
2025-01-28 23:55:04,681 INFO c.h.h.t.HelmChartContainer - [EVENT] Normal [SuccessfulCreate] Created pod: hivemq-test-hivemq-platform-operator-6966f96d65-mfnf8 [helmcustomsecretconfigit-operator:hivemq-test-hivemq-platform-operator-6966f96d65]
2025-01-28 23:55:04,684 INFO c.h.h.t.HelmChartContainer - [K3S] [replica_set.go:679] "Finished syncing" kind="ReplicaSet" key="helmcustomsecretconfigit-operator/hivemq-test-hivemq-platform-operator-6966f96d65" duration="15.683495ms"
2025-01-28 23:55:04,687 INFO c.h.h.t.HelmChartContainer - [K3S] [memory_manager.go:355] "RemoveStaleState removing state" podUID="b00c47e7-d0c0-4166-bdcb-9a3ccb76643f" containerName="hivemq-platform-operator"
2025-01-28 23:55:04,688 INFO c.h.h.t.HelmChartContainer - [K3S] [memory_manager.go:355] "RemoveStaleState removing state" podUID="d840e483-b4c4-4e93-a3a9-eb1f97ff2ae0" containerName="hivemq"
2025-01-28 23:55:04,688 INFO c.h.h.t.HelmChartContainer - [POD] hivemq-test-hivemq-platform-operator-6966f96d65-mfnf8 [a7ad56f8-0cb1-472c-9076-fef1b1998466] in helmcustomsecretconfigit-operator was MODIFIED
2025-01-28 23:55:04,691 INFO c.h.h.t.HelmChartContainer - [EVENT] Normal [Scheduled] Successfully assigned helmcustomsecretconfigit-operator/hivemq-test-hivemq-platform-operator-6966f96d65-mfnf8 to 21a493cab54f [helmcustomsecretconfigit-operator:hivemq-test-hivemq-platform-operator-6966f96d65-mfnf8]
2025-01-28 23:55:04,692 INFO c.h.h.t.HelmChartContainer - [K3S] [replica_set.go:679] "Finished syncing" kind="ReplicaSet" key="helmcustomsecretconfigit-operator/hivemq-test-hivemq-platform-operator-6966f96d65" duration="8.419715ms"
2025-01-28 23:55:04,693 INFO c.h.h.t.HelmChartContainer - [K3S] [replica_set.go:679] "Finished syncing" kind="ReplicaSet" key="helmcustomsecretconfigit-operator/hivemq-test-hivemq-platform-operator-6966f96d65" duration="55.083µs"
2025-01-28 23:55:04,701 INFO c.h.h.t.HelmChartContainer - [K3S] [replica_set.go:679] "Finished syncing" kind="ReplicaSet" key="helmcustomsecretconfigit-operator/hivemq-test-hivemq-platform-operator-6966f96d65" duration="30.747µs"
2025-01-28 23:55:04,702 INFO c.h.h.t.HelmChartContainer - [POD] hivemq-test-hivemq-platform-operator-6966f96d65-mfnf8 [a7ad56f8-0cb1-472c-9076-fef1b1998466] in helmcustomsecretconfigit-operator was MODIFIED
2025-01-28 23:55:04,807 INFO c.h.h.t.HelmChartContainer - [K3S] [reconciler_common.go:251] "operationExecutor.VerifyControllerAttachedVolume started for volume \"kube-api-access-s4n22\" (UniqueName: \"kubernetes.io/projected/a7ad56f8-0cb1-472c-9076-fef1b1998466-kube-api-access-s4n22\") pod \"hivemq-test-hivemq-platform-operator-6966f96d65-mfnf8\" (UID: \"a7ad56f8-0cb1-472c-9076-fef1b1998466\") " pod="helmcustomsecretconfigit-operator/hivemq-test-hivemq-platform-operator-6966f96d65-mfnf8"
2025-01-28 23:55:05,075 INFO c.h.h.t.HelmChartContainer - [EVENT] Normal [Pulled] Container image "docker.io/hivemq/hivemq-platform-operator-test:snapshot" already present on machine [helmcustomsecretconfigit-operator:hivemq-test-hivemq-platform-operator-6966f96d65-mfnf8]
2025-01-28 23:55:05,075 INFO c.h.h.t.HelmChartContainer - Received Pulled event for container hivemq-platform-operator in pod hivemq-test-hivemq-platform-operator-6966f96d65-mfnf8 [a7ad56f8-0cb1-472c-9076-fef1b1998466]
2025-01-28 23:55:06,320 INFO c.h.h.t.HelmChartContainer - [EVENT] Normal [Created] Created container: hivemq-platform-operator [helmcustomsecretconfigit-operator:hivemq-test-hivemq-platform-operator-6966f96d65-mfnf8]
2025-01-28 23:55:06,320 INFO c.h.h.t.HelmChartContainer - Received Created event for container hivemq-platform-operator in pod hivemq-test-hivemq-platform-operator-6966f96d65-mfnf8 [a7ad56f8-0cb1-472c-9076-fef1b1998466]
2025-01-28 23:55:06,646 INFO c.h.h.t.HelmChartContainer - [K3S] [replica_set.go:679] "Finished syncing" kind="ReplicaSet" key="helmcustomsecretconfigit-operator/hivemq-test-hivemq-platform-operator-6966f96d65" duration="41.768µs"
2025-01-28 23:55:06,648 INFO c.h.h.t.HelmChartContainer - [POD] hivemq-test-hivemq-platform-operator-6966f96d65-mfnf8 [a7ad56f8-0cb1-472c-9076-fef1b1998466] in helmcustomsecretconfigit-operator was MODIFIED
2025-01-28 23:55:06,656 INFO c.h.h.t.HelmChartContainer - Started log watcher for hivemq-platform-operator in pod hivemq-test-hivemq-platform-operator-6966f96d65-mfnf8 [a7ad56f8-0cb1-472c-9076-fef1b1998466]
2025-01-28 23:55:06,656 INFO c.h.h.t.HelmChartContainer - [EVENT] Normal [Started] Started container hivemq-platform-operator [helmcustomsecretconfigit-operator:hivemq-test-hivemq-platform-operator-6966f96d65-mfnf8]
2025-01-28 23:55:06,656 INFO c.h.h.t.HelmChartContainer - Received Started event for container hivemq-platform-operator in pod hivemq-test-hivemq-platform-operator-6966f96d65-mfnf8 [a7ad56f8-0cb1-472c-9076-fef1b1998466]
2025-01-28 23:55:06,657 INFO c.h.h.t.HelmChartContainer - [hivemq-test-hivemq-platform] [hivemq-platform-operator] [a7ad56f8] -------------------------------------------------------------------------
2025-01-28 23:55:06,657 INFO c.h.h.t.HelmChartContainer - [hivemq-test-hivemq-platform] [hivemq-platform-operator] [a7ad56f8] 
2025-01-28 23:55:06,657 INFO c.h.h.t.HelmChartContainer - [hivemq-test-hivemq-platform] [hivemq-platform-operator] [a7ad56f8]                   _    _  _              __  __   ____
2025-01-28 23:55:06,657 INFO c.h.h.t.HelmChartContainer - [hivemq-test-hivemq-platform] [hivemq-platform-operator] [a7ad56f8]                  | |  | |(_)            |  \/  | / __ \
2025-01-28 23:55:06,657 INFO c.h.h.t.HelmChartContainer - [hivemq-test-hivemq-platform] [hivemq-platform-operator] [a7ad56f8]                  | |__| | _ __   __ ___ | \  / || |  | |
2025-01-28 23:55:06,657 INFO c.h.h.t.HelmChartContainer - [hivemq-test-hivemq-platform] [hivemq-platform-operator] [a7ad56f8]                  |  __  || |\ \ / // _ \| |\/| || |  | |
2025-01-28 23:55:06,659 INFO c.h.h.t.HelmChartContainer - [hivemq-test-hivemq-platform] [hivemq-platform-operator] [a7ad56f8]                  | |  | || | \ V /|  __/| |  | || |__| |
2025-01-28 23:55:06,659 INFO c.h.h.t.HelmChartContainer - [hivemq-test-hivemq-platform] [hivemq-platform-operator] [a7ad56f8]                  |_|  |_||_|  \_/  \___||_|  |_| \___\_\
2025-01-28 23:55:06,659 INFO c.h.h.t.HelmChartContainer - [hivemq-test-hivemq-platform] [hivemq-platform-operator] [a7ad56f8] 
2025-01-28 23:55:06,659 INFO c.h.h.t.HelmChartContainer - [hivemq-test-hivemq-platform] [hivemq-platform-operator] [a7ad56f8] -------------------------------------------------------------------------
2025-01-28 23:55:06,659 INFO c.h.h.t.HelmChartContainer - [hivemq-test-hivemq-platform] [hivemq-platform-operator] [a7ad56f8] 
2025-01-28 23:55:06,659 INFO c.h.h.t.HelmChartContainer - [hivemq-test-hivemq-platform] [hivemq-platform-operator] [a7ad56f8]   HiveMQ Platform Operator Start Script v1.0
2025-01-28 23:55:06,659 INFO c.h.h.t.HelmChartContainer - [hivemq-test-hivemq-platform] [hivemq-platform-operator] [a7ad56f8] 
2025-01-28 23:55:06,659 INFO c.h.h.t.HelmChartContainer - [hivemq-test-hivemq-platform] [hivemq-platform-operator] [a7ad56f8] -------------------------------------------------------------------------
2025-01-28 23:55:06,659 INFO c.h.h.t.HelmChartContainer - [hivemq-test-hivemq-platform] [hivemq-platform-operator] [a7ad56f8] 
2025-01-28 23:55:06,659 INFO c.h.h.t.HelmChartContainer - [hivemq-test-hivemq-platform] [hivemq-platform-operator] [a7ad56f8]   JAVA_OPTS: -XX:+UnlockExperimentalVMOptions -XX:InitialRAMPercentage=75 -XX:MaxRAMPercentage=75 -Duser.language=en -Duser.region=US
2025-01-28 23:55:06,659 INFO c.h.h.t.HelmChartContainer - [hivemq-test-hivemq-platform] [hivemq-platform-operator] [a7ad56f8] 
2025-01-28 23:55:06,659 INFO c.h.h.t.HelmChartContainer - [hivemq-test-hivemq-platform] [hivemq-platform-operator] [a7ad56f8]   JAVA_VERSION: 21
2025-01-28 23:55:06,659 INFO c.h.h.t.HelmChartContainer - [hivemq-test-hivemq-platform] [hivemq-platform-operator] [a7ad56f8] 
2025-01-28 23:55:06,659 INFO c.h.h.t.HelmChartContainer - [hivemq-test-hivemq-platform] [hivemq-platform-operator] [a7ad56f8] -------------------------------------------------------------------------
2025-01-28 23:55:06,659 INFO c.h.h.t.HelmChartContainer - [hivemq-test-hivemq-platform] [hivemq-platform-operator] [a7ad56f8] 
2025-01-28 23:55:09,768 INFO c.h.h.t.HelmChartContainer - [hivemq-test-hivemq-platform] [hivemq-platform-operator] [a7ad56f8] 23:55:09.765 [main] DEBUG org.jboss.logging - Logging Provider: org.jboss.logging.Slf4jLoggerProvider
2025-01-28 23:55:09,871 INFO c.h.h.t.HelmChartContainer - [hivemq-test-hivemq-platform] [hivemq-platform-operator] [a7ad56f8] 23:55:09.870 [main] DEBUG io.smallrye.config - SRCFG01006: Loaded ConfigSource SysPropConfigSource with ordinal 400
2025-01-28 23:55:09,871 INFO c.h.h.t.HelmChartContainer - [hivemq-test-hivemq-platform] [hivemq-platform-operator] [a7ad56f8] 23:55:09.870 [main] DEBUG io.smallrye.config - SRCFG01006: Loaded ConfigSource EnvConfigSource with ordinal 300
2025-01-28 23:55:09,871 INFO c.h.h.t.HelmChartContainer - [hivemq-test-hivemq-platform] [hivemq-platform-operator] [a7ad56f8] 23:55:09.870 [main] DEBUG io.smallrye.config - SRCFG01006: Loaded ConfigSource PropertiesConfigSource[source=jar:file:///opt/hivemq-platform-operator/bin/hivemq-platform-operator.jar!/hivemq-platform-operator.properties] with ordinal 100
2025-01-28 23:55:09,871 INFO c.h.h.t.HelmChartContainer - [hivemq-test-hivemq-platform] [hivemq-platform-operator] [a7ad56f8] 23:55:09.870 [main] DEBUG io.smallrye.config - SRCFG01006: Loaded ConfigSource DefaultValuesConfigSource with ordinal -2147483648
2025-01-28 23:55:09,975 INFO c.h.h.t.HelmChartContainer - [hivemq-test-hivemq-platform] [hivemq-platform-operator] [a7ad56f8] 23:55:09.974 [main] DEBUG i.m.c.u.i.l.InternalLoggerFactory - Using SLF4J as the default logging framework
2025-01-28 23:55:10,126 INFO c.h.h.t.HelmChartContainer - [hivemq-test-hivemq-platform] [hivemq-platform-operator] [a7ad56f8] 23:55:10.077 [main] INFO  c.h.p.o.HiveMQPlatformOperatorApplication - HiveMQ Platform Operator 1.7.0-SNAPSHOT (commit: bebf408 on branch: HEAD) built on Sun Jan 26 20:47:47 UTC 2025
2025-01-28 23:55:10,126 INFO c.h.h.t.HelmChartContainer - [hivemq-test-hivemq-platform] [hivemq-platform-operator] [a7ad56f8] 23:55:10.124 [main] INFO  c.h.p.o.HiveMQPlatformOperatorApplication - HiveMQ Platform Operator is running in namespace: helmcustomsecretconfigit-operator
2025-01-28 23:55:10,126 INFO c.h.h.t.HelmChartContainer - [hivemq-test-hivemq-platform] [hivemq-platform-operator] [a7ad56f8] 23:55:10.124 [main] INFO  c.h.p.o.HiveMQPlatformOperatorApplication - Watching all namespaces
2025-01-28 23:55:10,126 INFO c.h.h.t.HelmChartContainer - [hivemq-test-hivemq-platform] [hivemq-platform-operator] [a7ad56f8] 23:55:10.125 [main] INFO  c.h.p.o.HiveMQPlatformOperatorApplication - Log level: DEBUG
2025-01-28 23:55:10,126 INFO c.h.h.t.HelmChartContainer - [hivemq-test-hivemq-platform] [hivemq-platform-operator] [a7ad56f8] 23:55:10.125 [main] INFO  c.h.p.o.HiveMQPlatformOperatorApplication - Release name: test-hivemq-platform-operator
2025-01-28 23:55:10,126 INFO c.h.h.t.HelmChartContainer - [hivemq-test-hivemq-platform] [hivemq-platform-operator] [a7ad56f8] 23:55:10.125 [main] INFO  c.h.p.o.HiveMQPlatformOperatorApplication - HiveMQ Platform Operator Init image: docker.io/hivemq/hivemq-platform-operator-init-test:snapshot
2025-01-28 23:55:10,126 INFO c.h.h.t.HelmChartContainer - [hivemq-test-hivemq-platform] [hivemq-platform-operator] [a7ad56f8] 23:55:10.125 [main] INFO  c.h.p.o.HiveMQPlatformOperatorApplication - HiveMQ Platform Operator Init App update URL: http://hivemq-platform-operator-test-hivemq-platform-operator.helmcustomsecretconfigit-operator.svc:8080/initAppUpdate/hivemq-platform-operator-init-app-1.7.0-SNAPSHOT.jar
2025-01-28 23:55:10,126 INFO c.h.h.t.HelmChartContainer - [hivemq-test-hivemq-platform] [hivemq-platform-operator] [a7ad56f8] 23:55:10.125 [main] INFO  c.h.p.o.HiveMQPlatformOperatorApplication - Additional imagePullSecret for all Platform deployments: none
2025-01-28 23:55:10,126 INFO c.h.h.t.HelmChartContainer - [hivemq-test-hivemq-platform] [hivemq-platform-operator] [a7ad56f8] 23:55:10.125 [main] INFO  c.h.p.o.HiveMQPlatformOperatorApplication - Apply HiveMQ Platform CRD: true
2025-01-28 23:55:10,126 INFO c.h.h.t.HelmChartContainer - [hivemq-test-hivemq-platform] [hivemq-platform-operator] [a7ad56f8] 23:55:10.125 [main] INFO  c.h.p.o.HiveMQPlatformOperatorApplication - Create Platform ServiceAccount: true
2025-01-28 23:55:10,126 INFO c.h.h.t.HelmChartContainer - [hivemq-test-hivemq-platform] [hivemq-platform-operator] [a7ad56f8] 23:55:10.125 [main] INFO  c.h.p.o.HiveMQPlatformOperatorApplication - Create Platform ServiceAccount permissions: true
2025-01-28 23:55:10,126 INFO c.h.h.t.HelmChartContainer - [hivemq-test-hivemq-platform] [hivemq-platform-operator] [a7ad56f8] 23:55:10.125 [main] INFO  c.h.p.o.HiveMQPlatformOperatorApplication - Validate Platform ServiceAccount: true
2025-01-28 23:55:10,127 INFO c.h.h.t.HelmChartContainer - [hivemq-test-hivemq-platform] [hivemq-platform-operator] [a7ad56f8] 23:55:10.125 [main] INFO  c.h.p.o.HiveMQPlatformOperatorApplication - Validate Platform ServiceAccount permissions: true
2025-01-28 23:55:10,280 INFO c.h.h.t.HelmChartContainer - [hivemq-test-hivemq-platform] [hivemq-platform-operator] [a7ad56f8] 23:55:10.279 [main] INFO  c.h.platform.operator.util.CRDUtil - Verifying deployed HiveMQ Platform CRD...
2025-01-28 23:55:12,774 INFO c.h.h.t.HelmChartContainer - [hivemq-test-hivemq-platform] [hivemq-platform-operator] [a7ad56f8] 23:55:12.771 [main] DEBUG c.h.platform.operator.util.CRDUtil - HiveMQ Platform CRD version v1 is up to date
2025-01-28 23:55:12,774 INFO c.h.h.t.HelmChartContainer - [hivemq-test-hivemq-platform] [hivemq-platform-operator] [a7ad56f8] 23:55:12.771 [main] INFO  c.h.platform.operator.util.CRDUtil - HiveMQ Platform CRD is up to date (version: V1_6_0)
2025-01-28 23:55:12,774 INFO c.h.h.t.HelmChartContainer - [hivemq-test-hivemq-platform] [hivemq-platform-operator] [a7ad56f8] 23:55:12.772 [main] INFO  c.h.platform.operator.util.CRDUtil - Waiting 10000 ms for HiveMQ Platform CRD 'hivemq-platforms.hivemq.com' to become ready...
2025-01-28 23:55:13,071 INFO c.h.h.t.HelmChartContainer - [hivemq-test-hivemq-platform] [hivemq-platform-operator] [a7ad56f8] 23:55:13.069 [vert.x-eventloop-thread-1] DEBUG c.h.platform.operator.util.CRDUtil - Checking CRD condition 'NamesAccepted' (status: 'True')
2025-01-28 23:55:13,072 INFO c.h.h.t.HelmChartContainer - [hivemq-test-hivemq-platform] [hivemq-platform-operator] [a7ad56f8] 23:55:13.069 [vert.x-eventloop-thread-1] DEBUG c.h.platform.operator.util.CRDUtil - Checking CRD condition 'Established' (status: 'True')
2025-01-28 23:55:13,072 INFO c.h.h.t.HelmChartContainer - [hivemq-test-hivemq-platform] [hivemq-platform-operator] [a7ad56f8] 23:55:13.070 [main] INFO  c.h.platform.operator.util.CRDUtil - HiveMQ Platform CRD 'hivemq-platforms.hivemq.com' is ready
2025-01-28 23:55:13,226 INFO c.h.h.t.HelmChartContainer - [hivemq-test-hivemq-platform] [hivemq-platform-operator] [a7ad56f8] 23:55:13.225 [main] INFO  c.h.p.o.HiveMQPlatformReconciler - HiveMQ Platform Operator is starting...
2025-01-28 23:55:13,366 INFO c.h.h.t.HelmChartContainer - [hivemq-test-hivemq-platform] [hivemq-platform-operator] [a7ad56f8] 23:55:13.365 [main] WARN  Default ConfigurationService implementation - Configuration for reconciler 'hivemq-controller' was not found. Known reconcilers: None.
2025-01-28 23:55:13,373 INFO c.h.h.t.HelmChartContainer - [hivemq-test-hivemq-platform] [hivemq-platform-operator] [a7ad56f8] 23:55:13.372 [main] INFO  Default ConfigurationService implementation - Created configuration for reconciler com.hivemq.platform.operator.HiveMQPlatformReconciler with name hivemq-controller
2025-01-28 23:55:13,474 INFO c.h.h.t.HelmChartContainer - [hivemq-test-hivemq-platform] [hivemq-platform-operator] [a7ad56f8] 23:55:13.473 [main] DEBUG c.h.p.o.HiveMQPlatformReconciler - HiveMQ Platform Operator is preparing EventSources
2025-01-28 23:55:13,527 INFO c.h.h.t.HelmChartContainer - [hivemq-test-hivemq-platform] [hivemq-platform-operator] [a7ad56f8] 23:55:13.526 [main] INFO  i.javaoperatorsdk.operator.Operator - Registered reconciler: 'hivemq-controller' for resource: 'class com.hivemq.platform.operator.v1.HiveMQPlatform' for namespace(s): [all namespaces]
2025-01-28 23:55:14,269 INFO c.h.h.t.HelmChartContainer - [hivemq-test-hivemq-platform] [hivemq-platform-operator] [a7ad56f8] 23:55:14.268 [main] INFO  c.h.p.operator.webserver.JettyServer - Starting Jetty server on port 8080
2025-01-28 23:55:14,365 INFO c.h.h.t.HelmChartContainer - [hivemq-test-hivemq-platform] [hivemq-platform-operator] [a7ad56f8] 23:55:14.363 [main] INFO  i.javaoperatorsdk.operator.Operator - Operator SDK 4.9.7 (commit: 2133d28) built on Wed Nov 20 12:56:20 UTC 2024 starting...
2025-01-28 23:55:14,365 INFO c.h.h.t.HelmChartContainer - [hivemq-test-hivemq-platform] [hivemq-platform-operator] [a7ad56f8] 23:55:14.364 [main] INFO  i.javaoperatorsdk.operator.Operator - Client version: 6.13.4
2025-01-28 23:55:14,366 INFO c.h.h.t.HelmChartContainer - [hivemq-test-hivemq-platform] [hivemq-platform-operator] [a7ad56f8] 23:55:14.365 [Controller Starter for: hivemq-controller] INFO  i.j.operator.processing.Controller - Starting 'hivemq-controller' controller for reconciler: com.hivemq.platform.operator.HiveMQPlatformReconciler, resource: com.hivemq.platform.operator.v1.HiveMQPlatform
2025-01-28 23:55:16,768 INFO c.h.h.t.HelmChartContainer - [hivemq-test-hivemq-platform] [hivemq-platform-operator] [a7ad56f8] 23:55:16.767 [Controller Starter for: hivemq-controller] INFO  i.j.operator.processing.Controller - 'hivemq-controller' controller started
2025-01-28 23:55:16,769 INFO c.h.h.t.HelmChartContainer - [hivemq-test-hivemq-platform] [hivemq-platform-operator] [a7ad56f8] 23:55:16.768 [main] INFO  c.h.p.o.HiveMQPlatformOperatorApplication - HiveMQ Platform Operator 1.7.0-SNAPSHOT started in 6690 ms
2025-01-28 23:55:17,659 INFO c.h.h.t.HelmChartContainer - [POD] hivemq-test-hivemq-platform-operator-6966f96d65-mfnf8 [a7ad56f8-0cb1-472c-9076-fef1b1998466] in helmcustomsecretconfigit-operator was MODIFIED
2025-01-28 23:55:17,662 INFO c.h.h.t.HelmChartContainer - [K3S] [replica_set.go:679] "Finished syncing" kind="ReplicaSet" key="helmcustomsecretconfigit-operator/hivemq-test-hivemq-platform-operator-6966f96d65" duration="10.199115ms"
2025-01-28 23:55:17,664 INFO c.h.h.t.HelmChartContainer - [K3S] [replica_set.go:679] "Finished syncing" kind="ReplicaSet" key="helmcustomsecretconfigit-operator/hivemq-test-hivemq-platform-operator-6966f96d65" duration="38.852µs"
2025-01-28 23:55:18,806 DEBUG c.h.h.t.HelmChartContainer - Executing helm command: /bin/helm --kubeconfig /etc/rancher/k3s/k3s.yaml install test-hivemq-platform /charts/hivemq-platform --wait --timeout 5m0s --set image.repository=docker.io/hivemq --set image.tag=4.36.0 --set image.pullPolicy=Never --set nodes.resources.cpu=512m --set config.create=false --set config.name=hivemq-configuration --set config.createAs=Secret --namespace helmcustomsecretconfigit
2025-01-28 23:55:18,994 INFO c.h.h.t.HelmChartContainer - [hivemq-test-hivemq-platform] [hivemq-platform-operator] [a7ad56f8] 23:55:18.992 [-373097727-pool-1-thread-3] WARN  i.m.p.PrometheusMeterRegistry - The meter (MeterId{name='operator.sdk.events.received', tags=[tag(action=ADDED),tag(event=ResourceEvent),tag(group=hivemq.com),tag(kind=HiveMQPlatform),tag(name=test-hivemq-platform),tag(namespace=helmcustomsecretconfigit),tag(scope=namespace),tag(version=v1)]}) registration has failed: Prometheus requires that all meters with the same name have the same set of tag keys. There is already an existing meter named 'operator.sdk.events.received' containing tag keys [event, group, kind, name, namespace, scope, version]. The meter you are attempting to register has keys [action, event, group, kind, name, namespace, scope, version]. Note that subsequent logs will be logged at debug level.
2025-01-28 23:55:19,470 INFO c.h.h.t.HelmChartContainer - [hivemq-test-hivemq-platform] [hivemq-platform-operator] [a7ad56f8] 23:55:19.466 [pool-6-thread-3] DEBUG c.h.p.o.dependants.PodInfoConfigMap - [helmcust] Desired PodInfo ConfigMap (1 extensions) (1 enabled)
2025-01-28 23:55:19,470 INFO c.h.h.t.HelmChartContainer - [hivemq-test-hivemq-platform] [hivemq-platform-operator] [a7ad56f8] 23:55:19.467 [pool-6-thread-3] DEBUG c.h.p.o.dependants.PodInfoConfigMap - [helmcust] Desired PodInfo ConfigMap (metrics port: 9399) (metrics path: /)
2025-01-28 23:55:19,470 INFO c.h.h.t.HelmChartContainer - [hivemq-test-hivemq-platform] [hivemq-platform-operator] [a7ad56f8] 23:55:19.467 [pool-6-thread-3] DEBUG c.h.p.o.dependants.PodInfoConfigMap - [helmcust] Desired PodInfo ConfigMap (extension state hash: -1817474005)
2025-01-28 23:55:19,470 INFO c.h.h.t.HelmChartContainer - [hivemq-test-hivemq-platform] [hivemq-platform-operator] [a7ad56f8] 23:55:19.468 [pool-6-thread-3] DEBUG c.h.p.o.dependants.PodInfoConfigMap - [helmcust] Create PodInfo ConfigMap
2025-01-28 23:55:19,571 INFO c.h.h.t.HelmChartContainer - [hivemq-test-hivemq-platform] [hivemq-platform-operator] [a7ad56f8] 23:55:19.569 [pool-6-thread-5] DEBUG c.h.p.o.dependants.PodRoleResource - [helmcust] Create Role: Role(apiVersion=rbac.authorization.k8s.io/v1, kind=Role, metadata=ObjectMeta(annotations={meta.helm.sh/release-name=test-hivemq-platform, meta.helm.sh/release-namespace=helmcustomsecretconfigit}, creationTimestamp=null, deletionGracePeriodSeconds=null, deletionTimestamp=null, finalizers=[], generateName=null, generation=null, labels={helm.sh/chart=hivemq-platform-0.2.32, app.kubernetes.io/managed-by=Helm, app.kubernetes.io/name=hivemq-platform, hivemq-platform=test-hivemq-platform, app.kubernetes.io/instance=test-hivemq-platform, app.kubernetes.io/version=4.36.0}, managedFields=[], name=hivemq-platform-role-test-hivemq-platform, namespace=helmcustomsecretconfigit, ownerReferences=[OwnerReference(apiVersion=hivemq.com/v1, blockOwnerDeletion=null, controller=null, kind=HiveMQPlatform, name=test-hivemq-platform, uid=2865d629-93e6-47cf-98eb-ee3219c4228d, additionalProperties={})], resourceVersion=null, selfLink=null, uid=null, additionalProperties={}), rules=[PolicyRule(apiGroups=[], nonResourceURLs=[], resourceNames=[], resources=[pods], verbs=[get, patch, update], additionalProperties={})], additionalProperties={})
2025-01-28 23:55:19,672 INFO c.h.h.t.HelmChartContainer - [hivemq-test-hivemq-platform] [hivemq-platform-operator] [a7ad56f8] 23:55:19.671 [pool-6-thread-7] DEBUG c.h.p.o.d.PodServiceAccountResource - [helmcust] Desired PodServiceAccountResource (serviceAccountName: hivemq-platform-pod-test-hivemq-platform)
2025-01-28 23:55:19,673 INFO c.h.h.t.HelmChartContainer - [hivemq-test-hivemq-platform] [hivemq-platform-operator] [a7ad56f8] 23:55:19.671 [pool-6-thread-7] DEBUG c.h.p.o.d.PodServiceAccountResource - [helmcust] Create ServiceAccount 'hivemq-platform-pod-test-hivemq-platform'
2025-01-28 23:55:19,865 INFO c.h.h.t.HelmChartContainer - [hivemq-test-hivemq-platform] [hivemq-platform-operator] [a7ad56f8] 23:55:19.864 [pool-6-thread-10] DEBUG c.h.p.o.d.PodRoleBindingResource - [helmcust] Create RoleBinding: RoleBinding(apiVersion=rbac.authorization.k8s.io/v1, kind=RoleBinding, metadata=ObjectMeta(annotations={meta.helm.sh/release-name=test-hivemq-platform, meta.helm.sh/release-namespace=helmcustomsecretconfigit}, creationTimestamp=null, deletionGracePeriodSeconds=null, deletionTimestamp=null, finalizers=[], generateName=null, generation=null, labels={helm.sh/chart=hivemq-platform-0.2.32, app.kubernetes.io/managed-by=Helm, app.kubernetes.io/name=hivemq-platform, hivemq-platform=test-hivemq-platform, app.kubernetes.io/instance=test-hivemq-platform, app.kubernetes.io/version=4.36.0}, managedFields=[], name=hivemq-platform-role-binding-test-hivemq-platform, namespace=helmcustomsecretconfigit, ownerReferences=[OwnerReference(apiVersion=hivemq.com/v1, blockOwnerDeletion=null, controller=null, kind=HiveMQPlatform, name=test-hivemq-platform, uid=2865d629-93e6-47cf-98eb-ee3219c4228d, additionalProperties={})], resourceVersion=null, selfLink=null, uid=null, additionalProperties={}), roleRef=RoleRef(apiGroup=rbac.authorization.k8s.io, kind=Role, name=hivemq-platform-role-test-hivemq-platform, additionalProperties={}), subjects=[Subject(apiGroup=null, kind=ServiceAccount, name=hivemq-platform-pod-test-hivemq-platform, namespace=helmcustomsecretconfigit, additionalProperties={})], additionalProperties={})
2025-01-28 23:55:19,924 INFO c.h.h.t.HelmChartContainer - [hivemq-test-hivemq-platform] [hivemq-platform-operator] [a7ad56f8] 23:55:19.923 [ReconcilerExecutor-hivemq-controller-53] INFO  c.h.p.o.HiveMQPlatformReconciler - [helmcust] Reconciling HiveMQ Platform 'test-hivemq-platform' in namespace 'helmcustomsecretconfigit'
2025-01-28 23:55:19,924 INFO c.h.h.t.HelmChartContainer - [hivemq-test-hivemq-platform] [hivemq-platform-operator] [a7ad56f8] 23:55:19.923 [ReconcilerExecutor-hivemq-controller-53] DEBUG c.h.p.o.HiveMQPlatformReconciler - [helmcust] Custom Resource Status CREATED - HiveMQ Platform was created (READY)
2025-01-28 23:55:19,928 INFO c.h.h.t.HelmChartContainer - [hivemq-test-hivemq-platform] [hivemq-platform-operator] [a7ad56f8] 23:55:19.923 [ReconcilerExecutor-hivemq-controller-53] DEBUG c.h.p.o.HiveMQPlatformReconciler - [helmcust] Custom Resource Spec (replicas: 2) (extensions: 1)
2025-01-28 23:55:19,966 INFO c.h.h.t.HelmChartContainer - [hivemq-test-hivemq-platform] [hivemq-platform-operator] [a7ad56f8] 23:55:19.965 [ReconcilerExecutor-hivemq-controller-53] INFO  c.h.p.o.h.HiveMQPlatformReconcilerBaseHandler - [helmcust] HiveMQ Platform is starting
2025-01-28 23:55:20,067 INFO c.h.h.t.HelmChartContainer - [hivemq-test-hivemq-platform] [hivemq-platform-operator] [a7ad56f8] 23:55:20.066 [ReconcilerExecutor-hivemq-controller-53] DEBUG c.h.p.operator.event.EventSender - [helmcust] Creating K8s event hivemq-platform-starting: [Start] HiveMQ Platform is starting
2025-01-28 23:55:20,075 INFO c.h.h.t.HelmChartContainer - [EVENT] Normal [Start] HiveMQ Platform is starting [helmcustomsecretconfigit:test-hivemq-platform]
2025-01-28 23:55:20,123 INFO c.h.h.t.HelmChartContainer - [hivemq-test-hivemq-platform] [hivemq-platform-operator] [a7ad56f8] 23:55:20.122 [ReconcilerExecutor-hivemq-controller-53] INFO  c.h.p.o.h.AbstractHiveMQReconcilerStateHandler - [helmcust] Update HiveMQ Platform Status (CREATED [READY] -> STARTING [READY]): HiveMQ Platform is starting
2025-01-28 23:55:20,176 DEBUG com.hivemq.helmcharts.util.K8sUtil - Comparing actual state 'STARTING' and waiting for 'RUNNING'
2025-01-28 23:55:30,270 INFO c.h.h.t.HelmChartContainer - [hivemq-test-hivemq-platform] [hivemq-platform-operator] [a7ad56f8] 23:55:30.267 [pool-6-thread-12] DEBUG c.h.p.o.d.PlatformServiceResource - [helmcust] Desired Platform services (3 services)
2025-01-28 23:55:30,272 INFO c.h.h.t.HelmChartContainer - [hivemq-test-hivemq-platform] [hivemq-platform-operator] [a7ad56f8] 23:55:30.269 [pool-6-thread-13] DEBUG c.h.p.o.dependants.PodInfoConfigMap - [helmcust] Desired PodInfo ConfigMap (1 extensions) (1 enabled)
2025-01-28 23:55:30,272 INFO c.h.h.t.HelmChartContainer - [hivemq-test-hivemq-platform] [hivemq-platform-operator] [a7ad56f8] 23:55:30.269 [pool-6-thread-13] DEBUG c.h.p.o.dependants.PodInfoConfigMap - [helmcust] Desired PodInfo ConfigMap (metrics port: 9399) (metrics path: /)
2025-01-28 23:55:30,272 INFO c.h.h.t.HelmChartContainer - [hivemq-test-hivemq-platform] [hivemq-platform-operator] [a7ad56f8] 23:55:30.269 [pool-6-thread-13] DEBUG c.h.p.o.dependants.PodInfoConfigMap - [helmcust] Desired PodInfo ConfigMap (extension state hash: -1817474005)
2025-01-28 23:55:30,276 INFO c.h.h.t.HelmChartContainer - [hivemq-test-hivemq-platform] [hivemq-platform-operator] [a7ad56f8] 23:55:30.275 [pool-6-thread-17] DEBUG c.h.p.o.d.PodServiceAccountResource - [helmcust] Desired PodServiceAccountResource (serviceAccountName: hivemq-platform-pod-test-hivemq-platform)
2025-01-28 23:55:30,277 INFO c.h.h.t.HelmChartContainer - [hivemq-test-hivemq-platform] [hivemq-platform-operator] [a7ad56f8] 23:55:30.276 [pool-6-thread-13] DEBUG c.h.p.o.dependants.PodInfoConfigMap - [helmcust] Update PodInfo ConfigMap
2025-01-28 23:55:30,374 INFO c.h.h.t.HelmChartContainer - [K3S] [alloc.go:330] "allocated clusterIPs" service="helmcustomsecretconfigit/hivemq-test-hivemq-platform-cc-8080" clusterIPs={"IPv4":"10.43.159.223"}
2025-01-28 23:55:30,472 INFO c.h.h.t.HelmChartContainer - [K3S] [alloc.go:330] "allocated clusterIPs" service="helmcustomsecretconfigit/hivemq-test-hivemq-platform-metrics-9399" clusterIPs={"IPv4":"10.43.64.205"}
2025-01-28 23:55:30,482 INFO c.h.h.t.HelmChartContainer - [K3S] [alloc.go:330] "allocated clusterIPs" service="helmcustomsecretconfigit/hivemq-test-hivemq-platform-mqtt-1883" clusterIPs={"IPv4":"10.43.119.218"}
2025-01-28 23:55:30,490 INFO c.h.h.t.HelmChartContainer - [hivemq-test-hivemq-platform] [hivemq-platform-operator] [a7ad56f8] 23:55:30.489 [pool-6-thread-20] DEBUG c.h.p.o.d.StatefulSetResource - [helmcust] Desired StatefulSet (2 replicas) for status STARTING (READY)
2025-01-28 23:55:30,574 INFO c.h.h.t.HelmChartContainer - [hivemq-test-hivemq-platform] [hivemq-platform-operator] [a7ad56f8] 23:55:30.573 [pool-6-thread-20] DEBUG c.h.p.o.d.StatefulSetResource - [helmcust] Create StatefulSet
2025-01-28 23:55:30,602 INFO c.h.h.t.HelmChartContainer - [POD] test-hivemq-platform-0 [65aa4b9b-1ab0-4676-8e63-957d72bd66b5] in helmcustomsecretconfigit was ADDED
2025-01-28 23:55:30,603 INFO c.h.h.t.HelmChartContainer - [EVENT] Normal [SuccessfulCreate] create Pod test-hivemq-platform-0 in StatefulSet test-hivemq-platform successful [helmcustomsecretconfigit:test-hivemq-platform]
2025-01-28 23:55:30,607 INFO c.h.h.t.HelmChartContainer - [EVENT] Normal [Scheduled] Successfully assigned helmcustomsecretconfigit/test-hivemq-platform-0 to 21a493cab54f [helmcustomsecretconfigit:test-hivemq-platform-0]
2025-01-28 23:55:30,608 INFO c.h.h.t.HelmChartContainer - [POD] test-hivemq-platform-0 [65aa4b9b-1ab0-4676-8e63-957d72bd66b5] in helmcustomsecretconfigit was MODIFIED
2025-01-28 23:55:30,615 INFO c.h.h.t.HelmChartContainer - [POD] test-hivemq-platform-0 [65aa4b9b-1ab0-4676-8e63-957d72bd66b5] in helmcustomsecretconfigit was MODIFIED
2025-01-28 23:55:30,766 INFO c.h.h.t.HelmChartContainer - [hivemq-test-hivemq-platform] [hivemq-platform-operator] [a7ad56f8] 23:55:30.764 [ReconcilerExecutor-hivemq-controller-64] INFO  c.h.p.o.HiveMQPlatformReconciler - [helmcust] Reconciling HiveMQ Platform 'test-hivemq-platform' in namespace 'helmcustomsecretconfigit'
2025-01-28 23:55:30,766 INFO c.h.h.t.HelmChartContainer - [hivemq-test-hivemq-platform] [hivemq-platform-operator] [a7ad56f8] 23:55:30.764 [ReconcilerExecutor-hivemq-controller-64] DEBUG c.h.p.o.HiveMQPlatformReconciler - [helmcust] Custom Resource Status STARTING - HiveMQ Platform is starting (READY)
2025-01-28 23:55:30,766 INFO c.h.h.t.HelmChartContainer - [K3S] [reconciler_common.go:251] "operationExecutor.VerifyControllerAttachedVolume started for volume \"broker-configuration\" (UniqueName: \"kubernetes.io/secret/65aa4b9b-1ab0-4676-8e63-957d72bd66b5-broker-configuration\") pod \"test-hivemq-platform-0\" (UID: \"65aa4b9b-1ab0-4676-8e63-957d72bd66b5\") " pod="helmcustomsecretconfigit/test-hivemq-platform-0"
2025-01-28 23:55:30,766 INFO c.h.h.t.HelmChartContainer - [K3S] [reconciler_common.go:251] "operationExecutor.VerifyControllerAttachedVolume started for volume \"pod-info\" (UniqueName: \"kubernetes.io/configmap/65aa4b9b-1ab0-4676-8e63-957d72bd66b5-pod-info\") pod \"test-hivemq-platform-0\" (UID: \"65aa4b9b-1ab0-4676-8e63-957d72bd66b5\") " pod="helmcustomsecretconfigit/test-hivemq-platform-0"
2025-01-28 23:55:30,766 INFO c.h.h.t.HelmChartContainer - [K3S] [reconciler_common.go:251] "operationExecutor.VerifyControllerAttachedVolume started for volume \"operator-init\" (UniqueName: \"kubernetes.io/empty-dir/65aa4b9b-1ab0-4676-8e63-957d72bd66b5-operator-init\") pod \"test-hivemq-platform-0\" (UID: \"65aa4b9b-1ab0-4676-8e63-957d72bd66b5\") " pod="helmcustomsecretconfigit/test-hivemq-platform-0"
2025-01-28 23:55:30,766 INFO c.h.h.t.HelmChartContainer - [K3S] [reconciler_common.go:251] "operationExecutor.VerifyControllerAttachedVolume started for volume \"kube-api-access-fwl7p\" (UniqueName: \"kubernetes.io/projected/65aa4b9b-1ab0-4676-8e63-957d72bd66b5-kube-api-access-fwl7p\") pod \"test-hivemq-platform-0\" (UID: \"65aa4b9b-1ab0-4676-8e63-957d72bd66b5\") " pod="helmcustomsecretconfigit/test-hivemq-platform-0"
2025-01-28 23:55:30,767 INFO c.h.h.t.HelmChartContainer - [hivemq-test-hivemq-platform] [hivemq-platform-operator] [a7ad56f8] 23:55:30.765 [ReconcilerExecutor-hivemq-controller-64] DEBUG c.h.p.o.HiveMQPlatformReconciler - [helmcust] Custom Resource Spec (replicas: 2) (extensions: 1)
2025-01-28 23:55:30,770 INFO c.h.h.t.HelmChartContainer - [hivemq-test-hivemq-platform] [hivemq-platform-operator] [a7ad56f8] 23:55:30.769 [ReconcilerExecutor-hivemq-controller-64] DEBUG c.h.p.o.HiveMQPlatformReconciler - [helmcust] StatefulSet Status (revision: test-hivemq-platform-65cfcbfbf9, replicas: 1, available: 0, ready: 0, current: 1, updated: 1)
2025-01-28 23:55:30,770 INFO c.h.h.t.HelmChartContainer - [hivemq-test-hivemq-platform] [hivemq-platform-operator] [a7ad56f8] 23:55:30.769 [ReconcilerExecutor-hivemq-controller-64] DEBUG c.h.p.o.HiveMQPlatformReconciler - [helmcust] StatefulSet Spec (replicas: 2, init containers: 1, containers: 1, volumes: 3)
2025-01-28 23:55:30,866 INFO c.h.h.t.HelmChartContainer - [hivemq-test-hivemq-platform] [hivemq-platform-operator] [a7ad56f8] 23:55:30.864 [ReconcilerExecutor-hivemq-controller-64] DEBUG c.h.p.o.h.HiveMQPlatformReconcilerErrorHandler - [helmcust] Pod 'test-hivemq-platform-0' phase Pending
2025-01-28 23:55:30,868 INFO c.h.h.t.HelmChartContainer - [hivemq-test-hivemq-platform] [hivemq-platform-operator] [a7ad56f8] 23:55:30.865 [ReconcilerExecutor-hivemq-controller-64] DEBUG c.h.p.o.h.HiveMQPlatformReconcilerErrorHandler - [helmcust] Pod 'test-hivemq-platform-0' condition 'PodReadyToStartContainers': False
2025-01-28 23:55:30,869 INFO c.h.h.t.HelmChartContainer - [hivemq-test-hivemq-platform] [hivemq-platform-operator] [a7ad56f8] 23:55:30.865 [ReconcilerExecutor-hivemq-controller-64] DEBUG c.h.p.o.h.HiveMQPlatformReconcilerErrorHandler - [helmcust] Pod 'test-hivemq-platform-0' condition 'Initialized': False
2025-01-28 23:55:30,869 INFO c.h.h.t.HelmChartContainer - [hivemq-test-hivemq-platform] [hivemq-platform-operator] [a7ad56f8] 23:55:30.866 [ReconcilerExecutor-hivemq-controller-64] DEBUG c.h.p.o.h.HiveMQPlatformReconcilerErrorHandler - [helmcust] Pod 'test-hivemq-platform-0' condition 'Ready': False
2025-01-28 23:55:30,869 INFO c.h.h.t.HelmChartContainer - [hivemq-test-hivemq-platform] [hivemq-platform-operator] [a7ad56f8] 23:55:30.866 [ReconcilerExecutor-hivemq-controller-64] DEBUG c.h.p.o.h.HiveMQPlatformReconcilerErrorHandler - [helmcust] Pod 'test-hivemq-platform-0' condition 'ContainersReady': False
2025-01-28 23:55:30,869 INFO c.h.h.t.HelmChartContainer - [hivemq-test-hivemq-platform] [hivemq-platform-operator] [a7ad56f8] 23:55:30.866 [ReconcilerExecutor-hivemq-controller-64] DEBUG c.h.p.o.h.HiveMQPlatformReconcilerErrorHandler - [helmcust] Pod 'test-hivemq-platform-0' condition 'PodScheduled': True
2025-01-28 23:55:30,869 INFO c.h.h.t.HelmChartContainer - [hivemq-test-hivemq-platform] [hivemq-platform-operator] [a7ad56f8] 23:55:30.866 [ReconcilerExecutor-hivemq-controller-64] DEBUG c.h.p.o.h.HiveMQPlatformReconcilerErrorHandler - [helmcust] Pod 'test-hivemq-platform-0' containerStatus 'hivemq' (started: false) (ready: false) (waiting: [PodInitializing] null)
2025-01-28 23:55:30,870 INFO c.h.h.t.HelmChartContainer - [hivemq-test-hivemq-platform] [hivemq-platform-operator] [a7ad56f8] 23:55:30.868 [ReconcilerExecutor-hivemq-controller-64] INFO  c.h.p.o.h.HiveMQPlatformReconcilerBaseHandler - [helmcust] HiveMQ Platform is starting, 0 of 2 replicas are ready
2025-01-28 23:55:30,883 INFO c.h.h.t.HelmChartContainer - [hivemq-test-hivemq-platform] [hivemq-platform-operator] [a7ad56f8] 23:55:30.874 [pool-6-thread-22] DEBUG c.h.p.o.d.PlatformServiceResource - [helmcust] Desired Platform services (3 services)
2025-01-28 23:55:30,883 INFO c.h.h.t.HelmChartContainer - [hivemq-test-hivemq-platform] [hivemq-platform-operator] [a7ad56f8] 23:55:30.875 [pool-6-thread-23] DEBUG c.h.p.o.dependants.PodInfoConfigMap - [helmcust] Desired PodInfo ConfigMap (1 extensions) (1 enabled)
2025-01-28 23:55:30,883 INFO c.h.h.t.HelmChartContainer - [hivemq-test-hivemq-platform] [hivemq-platform-operator] [a7ad56f8] 23:55:30.875 [pool-6-thread-23] DEBUG c.h.p.o.dependants.PodInfoConfigMap - [helmcust] Desired PodInfo ConfigMap (metrics port: 9399) (metrics path: /)
2025-01-28 23:55:30,883 INFO c.h.h.t.HelmChartContainer - [hivemq-test-hivemq-platform] [hivemq-platform-operator] [a7ad56f8] 23:55:30.875 [pool-6-thread-23] DEBUG c.h.p.o.dependants.PodInfoConfigMap - [helmcust] Desired PodInfo ConfigMap (extension state hash: -1817474005)
2025-01-28 23:55:30,966 INFO c.h.h.t.HelmChartContainer - [hivemq-test-hivemq-platform] [hivemq-platform-operator] [a7ad56f8] 23:55:30.963 [pool-6-thread-27] DEBUG c.h.p.o.d.PodServiceAccountResource - [helmcust] Desired PodServiceAccountResource (serviceAccountName: hivemq-platform-pod-test-hivemq-platform)
2025-01-28 23:55:30,970 INFO c.h.h.t.HelmChartContainer - [hivemq-test-hivemq-platform] [hivemq-platform-operator] [a7ad56f8] 23:55:30.969 [pool-6-thread-30] DEBUG c.h.p.o.d.StatefulSetResource - [helmcust] Desired StatefulSet (2 replicas) for status STARTING (READY)
2025-01-28 23:55:30,979 INFO c.h.h.t.HelmChartContainer - [hivemq-test-hivemq-platform] [hivemq-platform-operator] [a7ad56f8] 23:55:30.976 [ReconcilerExecutor-hivemq-controller-76] INFO  c.h.p.o.HiveMQPlatformReconciler - [helmcust] Reconciling HiveMQ Platform 'test-hivemq-platform' in namespace 'helmcustomsecretconfigit'
2025-01-28 23:55:30,980 INFO c.h.h.t.HelmChartContainer - [hivemq-test-hivemq-platform] [hivemq-platform-operator] [a7ad56f8] 23:55:30.976 [ReconcilerExecutor-hivemq-controller-76] DEBUG c.h.p.o.HiveMQPlatformReconciler - [helmcust] Custom Resource Status STARTING - HiveMQ Platform is starting (READY)
2025-01-28 23:55:30,980 INFO c.h.h.t.HelmChartContainer - [hivemq-test-hivemq-platform] [hivemq-platform-operator] [a7ad56f8] 23:55:30.976 [ReconcilerExecutor-hivemq-controller-76] DEBUG c.h.p.o.HiveMQPlatformReconciler - [helmcust] Custom Resource Spec (replicas: 2) (extensions: 1)
2025-01-28 23:55:31,014 INFO c.h.h.t.HelmChartContainer - [EVENT] Normal [Pulled] Container image "docker.io/hivemq/hivemq-platform-operator-init-test:snapshot" already present on machine [helmcustomsecretconfigit:test-hivemq-platform-0]
2025-01-28 23:55:31,063 INFO c.h.h.t.HelmChartContainer - [hivemq-test-hivemq-platform] [hivemq-platform-operator] [a7ad56f8] 23:55:31.062 [ReconcilerExecutor-hivemq-controller-76] DEBUG c.h.p.o.HiveMQPlatformReconciler - [helmcust] StatefulSet Status (revision: test-hivemq-platform-65cfcbfbf9, replicas: 1, available: 0, ready: 0, current: 1, updated: 1)
2025-01-28 23:55:31,063 INFO c.h.h.t.HelmChartContainer - [hivemq-test-hivemq-platform] [hivemq-platform-operator] [a7ad56f8] 23:55:31.062 [ReconcilerExecutor-hivemq-controller-76] DEBUG c.h.p.o.HiveMQPlatformReconciler - [helmcust] StatefulSet Spec (replicas: 2, init containers: 1, containers: 1, volumes: 3)
2025-01-28 23:55:31,067 INFO c.h.h.t.HelmChartContainer - [hivemq-test-hivemq-platform] [hivemq-platform-operator] [a7ad56f8] 23:55:31.065 [ReconcilerExecutor-hivemq-controller-76] DEBUG c.h.p.o.h.HiveMQPlatformReconcilerErrorHandler - [helmcust] Pod 'test-hivemq-platform-0' phase Pending
2025-01-28 23:55:31,067 INFO c.h.h.t.HelmChartContainer - [hivemq-test-hivemq-platform] [hivemq-platform-operator] [a7ad56f8] 23:55:31.066 [ReconcilerExecutor-hivemq-controller-76] DEBUG c.h.p.o.h.HiveMQPlatformReconcilerErrorHandler - [helmcust] Pod 'test-hivemq-platform-0' condition 'PodReadyToStartContainers': False
2025-01-28 23:55:31,067 INFO c.h.h.t.HelmChartContainer - [hivemq-test-hivemq-platform] [hivemq-platform-operator] [a7ad56f8] 23:55:31.066 [ReconcilerExecutor-hivemq-controller-76] DEBUG c.h.p.o.h.HiveMQPlatformReconcilerErrorHandler - [helmcust] Pod 'test-hivemq-platform-0' condition 'Initialized': False
2025-01-28 23:55:31,067 INFO c.h.h.t.HelmChartContainer - [hivemq-test-hivemq-platform] [hivemq-platform-operator] [a7ad56f8] 23:55:31.066 [ReconcilerExecutor-hivemq-controller-76] DEBUG c.h.p.o.h.HiveMQPlatformReconcilerErrorHandler - [helmcust] Pod 'test-hivemq-platform-0' condition 'Ready': False
2025-01-28 23:55:31,067 INFO c.h.h.t.HelmChartContainer - [hivemq-test-hivemq-platform] [hivemq-platform-operator] [a7ad56f8] 23:55:31.066 [ReconcilerExecutor-hivemq-controller-76] DEBUG c.h.p.o.h.HiveMQPlatformReconcilerErrorHandler - [helmcust] Pod 'test-hivemq-platform-0' condition 'ContainersReady': False
2025-01-28 23:55:31,067 INFO c.h.h.t.HelmChartContainer - [hivemq-test-hivemq-platform] [hivemq-platform-operator] [a7ad56f8] 23:55:31.066 [ReconcilerExecutor-hivemq-controller-76] DEBUG c.h.p.o.h.HiveMQPlatformReconcilerErrorHandler - [helmcust] Pod 'test-hivemq-platform-0' condition 'PodScheduled': True
2025-01-28 23:55:31,067 INFO c.h.h.t.HelmChartContainer - [hivemq-test-hivemq-platform] [hivemq-platform-operator] [a7ad56f8] 23:55:31.066 [ReconcilerExecutor-hivemq-controller-76] DEBUG c.h.p.o.h.HiveMQPlatformReconcilerErrorHandler - [helmcust] Pod 'test-hivemq-platform-0' containerStatus 'hivemq' (started: false) (ready: false) (waiting: [PodInitializing] null)
2025-01-28 23:55:31,068 INFO c.h.h.t.HelmChartContainer - [hivemq-test-hivemq-platform] [hivemq-platform-operator] [a7ad56f8] 23:55:31.067 [ReconcilerExecutor-hivemq-controller-76] INFO  c.h.p.o.h.HiveMQPlatformReconcilerBaseHandler - [helmcust] HiveMQ Platform is starting, 0 of 2 replicas are ready
2025-01-28 23:55:31,130 INFO c.h.h.t.HelmChartContainer - [EVENT] Normal [Created] Created container: hivemq-platform-operator-init [helmcustomsecretconfigit:test-hivemq-platform-0]
2025-01-28 23:55:31,165 INFO c.h.h.t.HelmChartContainer - [EVENT] Normal [Started] Started container hivemq-platform-operator-init [helmcustomsecretconfigit:test-hivemq-platform-0]
2025-01-28 23:55:31,678 INFO c.h.h.t.HelmChartContainer - [EVENT] Normal [Pulled] Container image "docker.io/hivemq/hivemq4:4.36.0" already present on machine [helmcustomsecretconfigit:test-hivemq-platform-0]
2025-01-28 23:55:31,678 INFO c.h.h.t.HelmChartContainer - Received Pulled event for container hivemq in pod test-hivemq-platform-0 [65aa4b9b-1ab0-4676-8e63-957d72bd66b5]
2025-01-28 23:55:31,687 INFO c.h.h.t.HelmChartContainer - [POD] test-hivemq-platform-0 [65aa4b9b-1ab0-4676-8e63-957d72bd66b5] in helmcustomsecretconfigit was MODIFIED
2025-01-28 23:55:31,706 INFO c.h.h.t.HelmChartContainer - [hivemq-test-hivemq-platform] [hivemq-platform-operator] [a7ad56f8] 23:55:31.703 [pool-6-thread-32] DEBUG c.h.p.o.d.PlatformServiceResource - [helmcust] Desired Platform services (3 services)
2025-01-28 23:55:31,707 INFO c.h.h.t.HelmChartContainer - [hivemq-test-hivemq-platform] [hivemq-platform-operator] [a7ad56f8] 23:55:31.706 [pool-6-thread-33] DEBUG c.h.p.o.dependants.PodInfoConfigMap - [helmcust] Desired PodInfo ConfigMap (1 extensions) (1 enabled)
2025-01-28 23:55:31,709 INFO c.h.h.t.HelmChartContainer - [hivemq-test-hivemq-platform] [hivemq-platform-operator] [a7ad56f8] 23:55:31.708 [pool-6-thread-33] DEBUG c.h.p.o.dependants.PodInfoConfigMap - [helmcust] Desired PodInfo ConfigMap (metrics port: 9399) (metrics path: /)
2025-01-28 23:55:31,710 INFO c.h.h.t.HelmChartContainer - [hivemq-test-hivemq-platform] [hivemq-platform-operator] [a7ad56f8] 23:55:31.708 [pool-6-thread-33] DEBUG c.h.p.o.dependants.PodInfoConfigMap - [helmcust] Desired PodInfo ConfigMap (extension state hash: -1817474005)
2025-01-28 23:55:31,714 INFO c.h.h.t.HelmChartContainer - [hivemq-test-hivemq-platform] [hivemq-platform-operator] [a7ad56f8] 23:55:31.712 [pool-6-thread-37] DEBUG c.h.p.o.d.PodServiceAccountResource - [helmcust] Desired PodServiceAccountResource (serviceAccountName: hivemq-platform-pod-test-hivemq-platform)
2025-01-28 23:55:31,770 INFO c.h.h.t.HelmChartContainer - [hivemq-test-hivemq-platform] [hivemq-platform-operator] [a7ad56f8] 23:55:31.768 [pool-6-thread-40] DEBUG c.h.p.o.d.StatefulSetResource - [helmcust] Desired StatefulSet (2 replicas) for status STARTING (READY)
2025-01-28 23:55:31,775 INFO c.h.h.t.HelmChartContainer - [hivemq-test-hivemq-platform] [hivemq-platform-operator] [a7ad56f8] 23:55:31.774 [ReconcilerExecutor-hivemq-controller-87] INFO  c.h.p.o.HiveMQPlatformReconciler - [helmcust] Reconciling HiveMQ Platform 'test-hivemq-platform' in namespace 'helmcustomsecretconfigit'
2025-01-28 23:55:31,776 INFO c.h.h.t.HelmChartContainer - [hivemq-test-hivemq-platform] [hivemq-platform-operator] [a7ad56f8] 23:55:31.774 [ReconcilerExecutor-hivemq-controller-87] DEBUG c.h.p.o.HiveMQPlatformReconciler - [helmcust] Custom Resource Status STARTING - HiveMQ Platform is starting (READY)
2025-01-28 23:55:31,777 INFO c.h.h.t.HelmChartContainer - [hivemq-test-hivemq-platform] [hivemq-platform-operator] [a7ad56f8] 23:55:31.774 [ReconcilerExecutor-hivemq-controller-87] DEBUG c.h.p.o.HiveMQPlatformReconciler - [helmcust] Custom Resource Spec (replicas: 2) (extensions: 1)
2025-01-28 23:55:31,778 INFO c.h.h.t.HelmChartContainer - [hivemq-test-hivemq-platform] [hivemq-platform-operator] [a7ad56f8] 23:55:31.776 [ReconcilerExecutor-hivemq-controller-87] DEBUG c.h.p.o.HiveMQPlatformReconciler - [helmcust] StatefulSet Status (revision: test-hivemq-platform-65cfcbfbf9, replicas: 1, available: 0, ready: 0, current: 1, updated: 1)
2025-01-28 23:55:31,778 INFO c.h.h.t.HelmChartContainer - [hivemq-test-hivemq-platform] [hivemq-platform-operator] [a7ad56f8] 23:55:31.776 [ReconcilerExecutor-hivemq-controller-87] DEBUG c.h.p.o.HiveMQPlatformReconciler - [helmcust] StatefulSet Spec (replicas: 2, init containers: 1, containers: 1, volumes: 3)
2025-01-28 23:55:31,866 INFO c.h.h.t.HelmChartContainer - [hivemq-test-hivemq-platform] [hivemq-platform-operator] [a7ad56f8] 23:55:31.864 [ReconcilerExecutor-hivemq-controller-87] DEBUG c.h.p.o.h.HiveMQPlatformReconcilerErrorHandler - [helmcust] Pod 'test-hivemq-platform-0' phase Pending
2025-01-28 23:55:31,866 INFO c.h.h.t.HelmChartContainer - [hivemq-test-hivemq-platform] [hivemq-platform-operator] [a7ad56f8] 23:55:31.864 [ReconcilerExecutor-hivemq-controller-87] DEBUG c.h.p.o.h.HiveMQPlatformReconcilerErrorHandler - [helmcust] Pod 'test-hivemq-platform-0' condition 'PodReadyToStartContainers': True
2025-01-28 23:55:31,866 INFO c.h.h.t.HelmChartContainer - [hivemq-test-hivemq-platform] [hivemq-platform-operator] [a7ad56f8] 23:55:31.864 [ReconcilerExecutor-hivemq-controller-87] DEBUG c.h.p.o.h.HiveMQPlatformReconcilerErrorHandler - [helmcust] Pod 'test-hivemq-platform-0' condition 'Initialized': True
2025-01-28 23:55:31,866 INFO c.h.h.t.HelmChartContainer - [hivemq-test-hivemq-platform] [hivemq-platform-operator] [a7ad56f8] 23:55:31.864 [ReconcilerExecutor-hivemq-controller-87] DEBUG c.h.p.o.h.HiveMQPlatformReconcilerErrorHandler - [helmcust] Pod 'test-hivemq-platform-0' condition 'Ready': False
2025-01-28 23:55:31,866 INFO c.h.h.t.HelmChartContainer - [hivemq-test-hivemq-platform] [hivemq-platform-operator] [a7ad56f8] 23:55:31.864 [ReconcilerExecutor-hivemq-controller-87] DEBUG c.h.p.o.h.HiveMQPlatformReconcilerErrorHandler - [helmcust] Pod 'test-hivemq-platform-0' condition 'ContainersReady': False
2025-01-28 23:55:31,866 INFO c.h.h.t.HelmChartContainer - [hivemq-test-hivemq-platform] [hivemq-platform-operator] [a7ad56f8] 23:55:31.864 [ReconcilerExecutor-hivemq-controller-87] DEBUG c.h.p.o.h.HiveMQPlatformReconcilerErrorHandler - [helmcust] Pod 'test-hivemq-platform-0' condition 'PodScheduled': True
2025-01-28 23:55:31,866 INFO c.h.h.t.HelmChartContainer - [hivemq-test-hivemq-platform] [hivemq-platform-operator] [a7ad56f8] 23:55:31.864 [ReconcilerExecutor-hivemq-controller-87] DEBUG c.h.p.o.h.HiveMQPlatformReconcilerErrorHandler - [helmcust] Pod 'test-hivemq-platform-0' containerStatus 'hivemq' (started: false) (ready: false) (waiting: [PodInitializing] null)
2025-01-28 23:55:31,866 INFO c.h.h.t.HelmChartContainer - [hivemq-test-hivemq-platform] [hivemq-platform-operator] [a7ad56f8] 23:55:31.865 [ReconcilerExecutor-hivemq-controller-87] INFO  c.h.p.o.h.HiveMQPlatformReconcilerBaseHandler - [helmcust] HiveMQ Platform is starting, 0 of 2 replicas are ready
2025-01-28 23:55:32,804 INFO c.h.h.t.HelmChartContainer - [EVENT] Normal [Created] Created container: hivemq [helmcustomsecretconfigit:test-hivemq-platform-0]
2025-01-28 23:55:32,804 INFO c.h.h.t.HelmChartContainer - Received Created event for container hivemq in pod test-hivemq-platform-0 [65aa4b9b-1ab0-4676-8e63-957d72bd66b5]
2025-01-28 23:55:33,689 INFO c.h.h.t.HelmChartContainer - [POD] test-hivemq-platform-0 [65aa4b9b-1ab0-4676-8e63-957d72bd66b5] in helmcustomsecretconfigit was MODIFIED
2025-01-28 23:55:33,699 INFO c.h.h.t.HelmChartContainer - [EVENT] Normal [Started] Started container hivemq [helmcustomsecretconfigit:test-hivemq-platform-0]
2025-01-28 23:55:33,699 INFO c.h.h.t.HelmChartContainer - Received Started event for container hivemq in pod test-hivemq-platform-0 [65aa4b9b-1ab0-4676-8e63-957d72bd66b5]
2025-01-28 23:55:33,699 INFO c.h.h.t.HelmChartContainer - Started log watcher for hivemq in pod test-hivemq-platform-0 [65aa4b9b-1ab0-4676-8e63-957d72bd66b5]
2025-01-28 23:55:33,700 INFO c.h.h.t.HelmChartContainer - [test-hivemq-platform] [hivemq] [65aa4b9b] Adding pre-installed HiveMQ Platform Operator extensions
2025-01-28 23:55:33,700 INFO c.h.h.t.HelmChartContainer - [test-hivemq-platform] [hivemq] [65aa4b9b] Running as user 10000
2025-01-28 23:55:33,700 INFO c.h.h.t.HelmChartContainer - [test-hivemq-platform] [hivemq] [65aa4b9b] Starting HiveMQ Platform Operator Init
2025-01-28 23:55:33,701 INFO c.h.h.t.HelmChartContainer - [hivemq-test-hivemq-platform] [hivemq-platform-operator] [a7ad56f8] 23:55:33.700 [pool-6-thread-42] DEBUG c.h.p.o.d.PlatformServiceResource - [helmcust] Desired Platform services (3 services)
2025-01-28 23:55:33,705 INFO c.h.h.t.HelmChartContainer - [hivemq-test-hivemq-platform] [hivemq-platform-operator] [a7ad56f8] 23:55:33.703 [pool-6-thread-43] DEBUG c.h.p.o.dependants.PodInfoConfigMap - [helmcust] Desired PodInfo ConfigMap (1 extensions) (1 enabled)
2025-01-28 23:55:33,706 INFO c.h.h.t.HelmChartContainer - [hivemq-test-hivemq-platform] [hivemq-platform-operator] [a7ad56f8] 23:55:33.703 [pool-6-thread-43] DEBUG c.h.p.o.dependants.PodInfoConfigMap - [helmcust] Desired PodInfo ConfigMap (metrics port: 9399) (metrics path: /)
2025-01-28 23:55:33,708 INFO c.h.h.t.HelmChartContainer - [hivemq-test-hivemq-platform] [hivemq-platform-operator] [a7ad56f8] 23:55:33.703 [pool-6-thread-43] DEBUG c.h.p.o.dependants.PodInfoConfigMap - [helmcust] Desired PodInfo ConfigMap (extension state hash: -1817474005)
2025-01-28 23:55:33,708 INFO c.h.h.t.HelmChartContainer - [hivemq-test-hivemq-platform] [hivemq-platform-operator] [a7ad56f8] 23:55:33.706 [pool-6-thread-47] DEBUG c.h.p.o.d.PodServiceAccountResource - [helmcust] Desired PodServiceAccountResource (serviceAccountName: hivemq-platform-pod-test-hivemq-platform)
2025-01-28 23:55:33,765 INFO c.h.h.t.HelmChartContainer - [hivemq-test-hivemq-platform] [hivemq-platform-operator] [a7ad56f8] 23:55:33.764 [pool-6-thread-50] DEBUG c.h.p.o.d.StatefulSetResource - [helmcust] Desired StatefulSet (2 replicas) for status STARTING (READY)
2025-01-28 23:55:33,773 INFO c.h.h.t.HelmChartContainer - [hivemq-test-hivemq-platform] [hivemq-platform-operator] [a7ad56f8] 23:55:33.769 [ReconcilerExecutor-hivemq-controller-98] INFO  c.h.p.o.HiveMQPlatformReconciler - [helmcust] Reconciling HiveMQ Platform 'test-hivemq-platform' in namespace 'helmcustomsecretconfigit'
2025-01-28 23:55:33,773 INFO c.h.h.t.HelmChartContainer - [hivemq-test-hivemq-platform] [hivemq-platform-operator] [a7ad56f8] 23:55:33.769 [ReconcilerExecutor-hivemq-controller-98] DEBUG c.h.p.o.HiveMQPlatformReconciler - [helmcust] Custom Resource Status STARTING - HiveMQ Platform is starting (READY)
2025-01-28 23:55:33,773 INFO c.h.h.t.HelmChartContainer - [hivemq-test-hivemq-platform] [hivemq-platform-operator] [a7ad56f8] 23:55:33.769 [ReconcilerExecutor-hivemq-controller-98] DEBUG c.h.p.o.HiveMQPlatformReconciler - [helmcust] Custom Resource Spec (replicas: 2) (extensions: 1)
2025-01-28 23:55:33,773 INFO c.h.h.t.HelmChartContainer - [hivemq-test-hivemq-platform] [hivemq-platform-operator] [a7ad56f8] 23:55:33.771 [ReconcilerExecutor-hivemq-controller-98] DEBUG c.h.p.o.HiveMQPlatformReconciler - [helmcust] StatefulSet Status (revision: test-hivemq-platform-65cfcbfbf9, replicas: 1, available: 0, ready: 0, current: 1, updated: 1)
2025-01-28 23:55:33,773 INFO c.h.h.t.HelmChartContainer - [hivemq-test-hivemq-platform] [hivemq-platform-operator] [a7ad56f8] 23:55:33.771 [ReconcilerExecutor-hivemq-controller-98] DEBUG c.h.p.o.HiveMQPlatformReconciler - [helmcust] StatefulSet Spec (replicas: 2, init containers: 1, containers: 1, volumes: 3)
2025-01-28 23:55:33,775 INFO c.h.h.t.HelmChartContainer - [hivemq-test-hivemq-platform] [hivemq-platform-operator] [a7ad56f8] 23:55:33.773 [ReconcilerExecutor-hivemq-controller-98] DEBUG c.h.p.o.h.HiveMQPlatformReconcilerErrorHandler - [helmcust] Pod 'test-hivemq-platform-0' phase Running
2025-01-28 23:55:33,776 INFO c.h.h.t.HelmChartContainer - [hivemq-test-hivemq-platform] [hivemq-platform-operator] [a7ad56f8] 23:55:33.775 [ReconcilerExecutor-hivemq-controller-98] INFO  c.h.p.o.h.HiveMQPlatformReconcilerBaseHandler - [helmcust] HiveMQ Platform is starting, 0 of 2 replicas are ready
2025-01-28 23:55:34,038 INFO c.h.h.t.HelmChartContainer - [test-hivemq-platform] [hivemq] [65aa4b9b] INFO  - [HiveMQ Platform Operator Init 1.7.0-SNAPSHOT] HiveMQ Platform Operator Init 1.7.0-SNAPSHOT (commit: bebf408 on branch: HEAD) built on Sun Jan 26 20:47:47 UTC 2025
2025-01-28 23:55:35,252 INFO c.h.h.t.HelmChartContainer - [test-hivemq-platform] [hivemq] [65aa4b9b] INFO  - [HiveMQ Platform Operator Init App 1.7.0-SNAPSHOT] Using bind address 10.42.0.11 from environment variable
2025-01-28 23:55:36,148 INFO c.h.h.t.HelmChartContainer - [test-hivemq-platform] [hivemq] [65aa4b9b] INFO  - [HiveMQ Platform Operator Init App 1.7.0-SNAPSHOT] HiveMQ Platform Operator Init App 1.7.0-SNAPSHOT (commit: bebf408 on branch: HEAD) built on Sun Jan 26 20:47:47 UTC 2025
2025-01-28 23:55:36,148 INFO c.h.h.t.HelmChartContainer - [test-hivemq-platform] [hivemq] [65aa4b9b] INFO  - [HiveMQ Platform Operator Init App 1.7.0-SNAPSHOT] PodInfo ConfigMap directory: /etc/podinfo
2025-01-28 23:55:36,148 INFO c.h.h.t.HelmChartContainer - [test-hivemq-platform] [hivemq] [65aa4b9b] INFO  - [HiveMQ Platform Operator Init App 1.7.0-SNAPSHOT] HiveMQ home directory: /opt/hivemq
2025-01-28 23:55:36,148 INFO c.h.h.t.HelmChartContainer - [test-hivemq-platform] [hivemq] [65aa4b9b] INFO  - [HiveMQ Platform Operator Init App 1.7.0-SNAPSHOT] HiveMQ Logback folder: /opt/hivemq/conf
2025-01-28 23:55:36,148 INFO c.h.h.t.HelmChartContainer - [test-hivemq-platform] [hivemq] [65aa4b9b] INFO  - [HiveMQ Platform Operator Init App 1.7.0-SNAPSHOT] HiveMQ Config folder: /opt/hivemq/conf-k8s
2025-01-28 23:55:36,149 INFO c.h.h.t.HelmChartContainer - [test-hivemq-platform] [hivemq] [65aa4b9b] INFO  - [HiveMQ Platform Operator Init App 1.7.0-SNAPSHOT] Starting HiveMQ Platform Operator Init App
2025-01-28 23:55:36,149 INFO c.h.h.t.HelmChartContainer - [test-hivemq-platform] [hivemq] [65aa4b9b] INFO  - [HiveMQ Platform Operator Init App 1.7.0-SNAPSHOT] Starting Pod reconciler
2025-01-28 23:55:37,446 INFO c.h.h.t.HelmChartContainer - [test-hivemq-platform] [hivemq] [65aa4b9b] INFO  - [HiveMQ Platform Operator Init App 1.7.0-SNAPSHOT] Pod reconciler is scheduled (interval: 5000 ms)
2025-01-28 23:55:37,447 INFO c.h.h.t.HelmChartContainer - [test-hivemq-platform] [hivemq] [65aa4b9b] INFO  - [HiveMQ Platform Operator Init App 1.7.0-SNAPSHOT] Starting the REST API on 10.42.0.11:7979
2025-01-28 23:55:37,449 INFO c.h.h.t.HelmChartContainer - [test-hivemq-platform] [hivemq] [65aa4b9b] INFO  - [HiveMQ Platform Operator Init App 1.7.0-SNAPSHOT] Waiting up to 600s for at most 2 HiveMQ nodes in cluster service hivemq-test-hivemq-platform-cluster.helmcustomsecretconfigit.svc
2025-01-28 23:55:37,823 INFO c.h.h.t.HelmChartContainer - [test-hivemq-platform] [hivemq] [65aa4b9b] INFO  - [HiveMQ Platform Operator Init App 1.7.0-SNAPSHOT] Resolved 1 IP addresses: [10.42.0.11]
2025-01-28 23:55:37,823 INFO c.h.h.t.HelmChartContainer - [test-hivemq-platform] [hivemq] [65aa4b9b] INFO  - [HiveMQ Platform Operator Init App 1.7.0-SNAPSHOT] HiveMQ node count of 1 is within threshold of 2
2025-01-28 23:55:37,823 INFO c.h.h.t.HelmChartContainer - [test-hivemq-platform] [hivemq] [65aa4b9b] INFO  - [HiveMQ Platform Operator Init App 1.7.0-SNAPSHOT] Proceeding with container start
2025-01-28 23:55:37,847 INFO c.h.h.t.HelmChartContainer - [test-hivemq-platform] [hivemq] [65aa4b9b] INFO  - [HiveMQ Platform Operator Init App 1.7.0-SNAPSHOT] Initializing HiveMQ Platform extensions with initial configuration: {hivemq-allow-all-extension={start-priority=-1, skip-https-hostname-verification=false, restart=true, config-version=0, header-version=0, c-uri=, priority=-1, uri=preinstalled, skip-https-certificate-validation=false, enabled=true}, hivemq-prometheus-extension={restart=true, priority=-1, start-priority=-1, c-uri=, skip-https-hostname-verification=false, skip-https-certificate-validation=false, uri=preinstalled, request-header-path=no-request-headers, enabled=true}}
2025-01-28 23:55:38,325 INFO c.h.h.t.HelmChartContainer - [test-hivemq-platform] [hivemq] [65aa4b9b] INFO  - [HiveMQ Platform Operator Init App 1.7.0-SNAPSHOT] Extension hivemq-allow-all-extension was already enabled
2025-01-28 23:55:38,336 INFO c.h.h.t.HelmChartContainer - [test-hivemq-platform] [hivemq] [65aa4b9b] INFO  - [HiveMQ Platform Operator Init App 1.7.0-SNAPSHOT] Successfully enabled extension hivemq-prometheus-extension
2025-01-28 23:55:38,338 INFO c.h.h.t.HelmChartContainer - [test-hivemq-platform] [hivemq] [65aa4b9b] INFO  - [HiveMQ Platform Operator Init App 1.7.0-SNAPSHOT] Starting HiveMQ Platform version 4.36.0 (4.36.0)
2025-01-28 23:55:38,338 INFO c.h.h.t.HelmChartContainer - [test-hivemq-platform] [hivemq] [65aa4b9b] INFO  - [HiveMQ Platform Operator Init App 1.7.0-SNAPSHOT] Configuring the HiveMQ Platform
2025-01-28 23:55:38,430 INFO c.h.h.t.HelmChartContainer - [test-hivemq-platform] [hivemq] [65aa4b9b] INFO  - [HiveMQ Platform Operator Init App 1.7.0-SNAPSHOT] Changed logback.xml file scan period to 20 seconds
2025-01-28 23:55:38,529 INFO c.h.h.t.HelmChartContainer - [test-hivemq-platform] [hivemq] [65aa4b9b] INFO  - [HiveMQ Platform Operator Init App 1.7.0-SNAPSHOT] Starting the HiveMQ Platform
2025-01-28 23:55:38,532 INFO c.h.h.t.HelmChartContainer - [test-hivemq-platform] [hivemq] [65aa4b9b] -------------------------------------------------------------------------
2025-01-28 23:55:38,533 INFO c.h.h.t.HelmChartContainer - [test-hivemq-platform] [hivemq] [65aa4b9b] 
2025-01-28 23:55:38,533 INFO c.h.h.t.HelmChartContainer - [test-hivemq-platform] [hivemq] [65aa4b9b]                   _    _  _              __  __   ____
2025-01-28 23:55:38,533 INFO c.h.h.t.HelmChartContainer - [test-hivemq-platform] [hivemq] [65aa4b9b]                  | |  | |(_)            |  \/  | / __ \
2025-01-28 23:55:38,533 INFO c.h.h.t.HelmChartContainer - [test-hivemq-platform] [hivemq] [65aa4b9b]                  | |__| | _ __   __ ___ | \  / || |  | |
2025-01-28 23:55:38,533 INFO c.h.h.t.HelmChartContainer - [test-hivemq-platform] [hivemq] [65aa4b9b]                  |  __  || |\ \ / // _ \| |\/| || |  | |
2025-01-28 23:55:38,533 INFO c.h.h.t.HelmChartContainer - [test-hivemq-platform] [hivemq] [65aa4b9b]                  | |  | || | \ V /|  __/| |  | || |__| |
2025-01-28 23:55:38,533 INFO c.h.h.t.HelmChartContainer - [test-hivemq-platform] [hivemq] [65aa4b9b]                  |_|  |_||_|  \_/  \___||_|  |_| \___\_\
2025-01-28 23:55:38,533 INFO c.h.h.t.HelmChartContainer - [test-hivemq-platform] [hivemq] [65aa4b9b] 
2025-01-28 23:55:38,533 INFO c.h.h.t.HelmChartContainer - [test-hivemq-platform] [hivemq] [65aa4b9b] -------------------------------------------------------------------------
2025-01-28 23:55:38,533 INFO c.h.h.t.HelmChartContainer - [test-hivemq-platform] [hivemq] [65aa4b9b] 
2025-01-28 23:55:38,533 INFO c.h.h.t.HelmChartContainer - [test-hivemq-platform] [hivemq] [65aa4b9b]   HiveMQ Start Script for Linux/Unix v1.14
2025-01-28 23:55:38,533 INFO c.h.h.t.HelmChartContainer - [test-hivemq-platform] [hivemq] [65aa4b9b] 
2025-01-28 23:55:38,626 INFO c.h.h.t.HelmChartContainer - [test-hivemq-platform] [hivemq] [65aa4b9b] -------------------------------------------------------------------------
2025-01-28 23:55:38,626 INFO c.h.h.t.HelmChartContainer - [test-hivemq-platform] [hivemq] [65aa4b9b] 
2025-01-28 23:55:38,626 INFO c.h.h.t.HelmChartContainer - [test-hivemq-platform] [hivemq] [65aa4b9b]   HIVEMQ_HOME: /opt/hivemq
2025-01-28 23:55:38,626 INFO c.h.h.t.HelmChartContainer - [test-hivemq-platform] [hivemq] [65aa4b9b] 
2025-01-28 23:55:38,626 INFO c.h.h.t.HelmChartContainer - [test-hivemq-platform] [hivemq] [65aa4b9b]   JAVA_OPTS: -XX:+UnlockExperimentalVMOptions -XX:InitialRAMPercentage=50 -XX:MaxRAMPercentage=50 -Djava.net.preferIPv4Stack=true --add-opens java.base/java.lang=ALL-UNNAMED --add-opens java.base/java.nio=ALL-UNNAMED --add-opens java.base/sun.nio.ch=ALL-UNNAMED --add-opens jdk.management/com.sun.management.internal=ALL-UNNAMED --add-exports java.base/jdk.internal.misc=ALL-UNNAMED -Djava.security.egd=file:/dev/./urandom -Dcom.sun.management.jmxremote -Dcom.sun.management.jmxremote.port=9010 -Dcom.sun.management.jmxremote.local.only=false -Dcom.sun.management.jmxremote.authenticate=false -Dcom.sun.management.jmxremote.ssl=false -Duser.language=en -Duser.region=US -XX:+CrashOnOutOfMemoryError -XX:+HeapDumpOnOutOfMemoryError
2025-01-28 23:55:38,626 INFO c.h.h.t.HelmChartContainer - [test-hivemq-platform] [hivemq] [65aa4b9b] 
2025-01-28 23:55:38,626 INFO c.h.h.t.HelmChartContainer - [test-hivemq-platform] [hivemq] [65aa4b9b]   JAVA_VERSION: 21
2025-01-28 23:55:38,626 INFO c.h.h.t.HelmChartContainer - [test-hivemq-platform] [hivemq] [65aa4b9b] 
2025-01-28 23:55:38,626 INFO c.h.h.t.HelmChartContainer - [test-hivemq-platform] [hivemq] [65aa4b9b] -------------------------------------------------------------------------
2025-01-28 23:55:38,626 INFO c.h.h.t.HelmChartContainer - [test-hivemq-platform] [hivemq] [65aa4b9b] 
2025-01-28 23:55:39,732 INFO c.h.h.t.HelmChartContainer - [test-hivemq-platform] [hivemq] [65aa4b9b] INFO  - [HiveMQ Platform Operator Init App 1.7.0-SNAPSHOT] Returning default Health API response 503 for readiness
2025-01-28 23:55:40,035 INFO c.h.h.t.HelmChartContainer - [EVENT] Warning [Unhealthy] Readiness probe failed: HTTP probe failed with statuscode: 503 [helmcustomsecretconfigit:test-hivemq-platform-0]
2025-01-28 23:55:40,036 INFO c.h.h.t.HelmChartContainer - Received Unhealthy event for container hivemq in pod test-hivemq-platform-0 [65aa4b9b-1ab0-4676-8e63-957d72bd66b5]
2025-01-28 23:55:41,326 INFO c.h.h.t.HelmChartContainer - [test-hivemq-platform] [hivemq] [65aa4b9b] INFO  - Starting HiveMQ Enterprise Server
2025-01-28 23:55:41,332 INFO c.h.h.t.HelmChartContainer - [test-hivemq-platform] [hivemq] [65aa4b9b] INFO  - HiveMQ version: 4.36.0
2025-01-28 23:55:41,332 INFO c.h.h.t.HelmChartContainer - [test-hivemq-platform] [hivemq] [65aa4b9b] INFO  - HiveMQ home directory: /opt/hivemq
2025-01-28 23:55:41,332 INFO c.h.h.t.HelmChartContainer - [test-hivemq-platform] [hivemq] [65aa4b9b] INFO  - Log Configuration was overridden by /opt/hivemq/conf/logback.xml
2025-01-28 23:55:42,833 INFO c.h.h.t.HelmChartContainer - [test-hivemq-platform] [hivemq] [65aa4b9b] INFO  - Successfully loaded configuration from '/opt/hivemq/conf-k8s/config.xml'.
2025-01-28 23:55:43,783 INFO c.h.h.t.HelmChartContainer - [hivemq-test-hivemq-platform] [hivemq-platform-operator] [a7ad56f8] 23:55:43.780 [pool-6-thread-8] DEBUG c.h.p.o.d.PlatformServiceResource - [helmcust] Desired Platform services (3 services)
2025-01-28 23:55:43,784 INFO c.h.h.t.HelmChartContainer - [hivemq-test-hivemq-platform] [hivemq-platform-operator] [a7ad56f8] 23:55:43.784 [pool-6-thread-9] DEBUG c.h.p.o.dependants.PodInfoConfigMap - [helmcust] Desired PodInfo ConfigMap (1 extensions) (1 enabled)
2025-01-28 23:55:43,785 INFO c.h.h.t.HelmChartContainer - [hivemq-test-hivemq-platform] [hivemq-platform-operator] [a7ad56f8] 23:55:43.784 [pool-6-thread-9] DEBUG c.h.p.o.dependants.PodInfoConfigMap - [helmcust] Desired PodInfo ConfigMap (metrics port: 9399) (metrics path: /)
2025-01-28 23:55:43,785 INFO c.h.h.t.HelmChartContainer - [hivemq-test-hivemq-platform] [hivemq-platform-operator] [a7ad56f8] 23:55:43.784 [pool-6-thread-9] DEBUG c.h.p.o.dependants.PodInfoConfigMap - [helmcust] Desired PodInfo ConfigMap (extension state hash: -1817474005)
2025-01-28 23:55:43,787 INFO c.h.h.t.HelmChartContainer - [hivemq-test-hivemq-platform] [hivemq-platform-operator] [a7ad56f8] 23:55:43.784 [pool-6-thread-3] DEBUG c.h.p.o.d.PodServiceAccountResource - [helmcust] Desired PodServiceAccountResource (serviceAccountName: hivemq-platform-pod-test-hivemq-platform)
2025-01-28 23:55:43,790 INFO c.h.h.t.HelmChartContainer - [hivemq-test-hivemq-platform] [hivemq-platform-operator] [a7ad56f8] 23:55:43.790 [pool-6-thread-6] DEBUG c.h.p.o.d.StatefulSetResource - [helmcust] Desired StatefulSet (2 replicas) for status STARTING (READY)
2025-01-28 23:55:43,794 INFO c.h.h.t.HelmChartContainer - [hivemq-test-hivemq-platform] [hivemq-platform-operator] [a7ad56f8] 23:55:43.793 [ReconcilerExecutor-hivemq-controller-109] INFO  c.h.p.o.HiveMQPlatformReconciler - [helmcust] Reconciling HiveMQ Platform 'test-hivemq-platform' in namespace 'helmcustomsecretconfigit'
2025-01-28 23:55:43,795 INFO c.h.h.t.HelmChartContainer - [hivemq-test-hivemq-platform] [hivemq-platform-operator] [a7ad56f8] 23:55:43.793 [ReconcilerExecutor-hivemq-controller-109] DEBUG c.h.p.o.HiveMQPlatformReconciler - [helmcust] Custom Resource Status STARTING - HiveMQ Platform is starting (READY)
2025-01-28 23:55:43,795 INFO c.h.h.t.HelmChartContainer - [hivemq-test-hivemq-platform] [hivemq-platform-operator] [a7ad56f8] 23:55:43.793 [ReconcilerExecutor-hivemq-controller-109] DEBUG c.h.p.o.HiveMQPlatformReconciler - [helmcust] Custom Resource Spec (replicas: 2) (extensions: 1)
2025-01-28 23:55:43,796 INFO c.h.h.t.HelmChartContainer - [hivemq-test-hivemq-platform] [hivemq-platform-operator] [a7ad56f8] 23:55:43.795 [ReconcilerExecutor-hivemq-controller-109] DEBUG c.h.p.o.HiveMQPlatformReconciler - [helmcust] StatefulSet Status (revision: test-hivemq-platform-65cfcbfbf9, replicas: 1, available: 0, ready: 0, current: 1, updated: 1)
2025-01-28 23:55:43,796 INFO c.h.h.t.HelmChartContainer - [hivemq-test-hivemq-platform] [hivemq-platform-operator] [a7ad56f8] 23:55:43.795 [ReconcilerExecutor-hivemq-controller-109] DEBUG c.h.p.o.HiveMQPlatformReconciler - [helmcust] StatefulSet Spec (replicas: 2, init containers: 1, containers: 1, volumes: 3)
2025-01-28 23:55:43,798 INFO c.h.h.t.HelmChartContainer - [hivemq-test-hivemq-platform] [hivemq-platform-operator] [a7ad56f8] 23:55:43.797 [ReconcilerExecutor-hivemq-controller-109] DEBUG c.h.p.o.h.HiveMQPlatformReconcilerErrorHandler - [helmcust] Pod 'test-hivemq-platform-0' phase Running
2025-01-28 23:55:43,825 INFO c.h.h.t.HelmChartContainer - [test-hivemq-platform] [hivemq] [65aa4b9b] INFO  - This node's ID is 2hlXO
2025-01-28 23:55:43,825 INFO c.h.h.t.HelmChartContainer - [test-hivemq-platform] [hivemq] [65aa4b9b] INFO  - Clustering is enabled
2025-01-28 23:55:43,864 INFO c.h.h.t.HelmChartContainer - [hivemq-test-hivemq-platform] [hivemq-platform-operator] [a7ad56f8] 23:55:43.862 [ReconcilerExecutor-hivemq-controller-109] INFO  c.h.p.o.h.HiveMQPlatformReconcilerBaseHandler - [helmcust] HiveMQ Platform is starting, 0 of 2 replicas are ready
2025-01-28 23:55:45,331 INFO c.h.h.t.HelmChartContainer - [test-hivemq-platform] [hivemq] [65aa4b9b] WARN  - [HiveMQ Platform Operator Init App 1.7.0-SNAPSHOT] Cannot connect to Health API for readiness: null
2025-01-28 23:55:45,337 INFO c.h.h.t.HelmChartContainer - [EVENT] Warning [Unhealthy] Readiness probe failed: HTTP probe failed with statuscode: 503 [helmcustomsecretconfigit:test-hivemq-platform-0]
2025-01-28 23:55:45,337 INFO c.h.h.t.HelmChartContainer - Received Unhealthy event for container hivemq in pod test-hivemq-platform-0 [65aa4b9b-1ab0-4676-8e63-957d72bd66b5]
2025-01-28 23:55:47,732 INFO c.h.h.t.HelmChartContainer - [test-hivemq-platform] [hivemq] [65aa4b9b] Jan 28, 2025 11:55:47 PM io.vertx.core.impl.BlockedThreadChecker
2025-01-28 23:55:47,732 INFO c.h.h.t.HelmChartContainer - [test-hivemq-platform] [hivemq] [65aa4b9b] WARNING: Thread Thread[vert.x-eventloop-thread-1,5,main] has been blocked for 2097 ms, time limit is 2000 ms
2025-01-28 23:55:48,630 INFO c.h.h.t.HelmChartContainer - [test-hivemq-platform] [hivemq] [65aa4b9b] INFO  - [HiveMQ Platform Operator Init App 1.7.0-SNAPSHOT] Updating Pod HiveMQ Platform Operator Init App version annotation (version: 1.7.0-SNAPSHOT)
2025-01-28 23:55:49,441 INFO c.h.h.t.HelmChartContainer - [POD] test-hivemq-platform-0 [65aa4b9b-1ab0-4676-8e63-957d72bd66b5] in helmcustomsecretconfigit was MODIFIED
2025-01-28 23:55:49,450 INFO c.h.h.t.HelmChartContainer - [hivemq-test-hivemq-platform] [hivemq-platform-operator] [a7ad56f8] 23:55:49.446 [pool-6-thread-16] DEBUG c.h.p.o.d.PlatformServiceResource - [helmcust] Desired Platform services (3 services)
2025-01-28 23:55:49,450 INFO c.h.h.t.HelmChartContainer - [hivemq-test-hivemq-platform] [hivemq-platform-operator] [a7ad56f8] 23:55:49.447 [pool-6-thread-11] DEBUG c.h.p.o.dependants.PodInfoConfigMap - [helmcust] Desired PodInfo ConfigMap (1 extensions) (1 enabled)
2025-01-28 23:55:49,450 INFO c.h.h.t.HelmChartContainer - [hivemq-test-hivemq-platform] [hivemq-platform-operator] [a7ad56f8] 23:55:49.448 [pool-6-thread-14] DEBUG c.h.p.o.d.PodServiceAccountResource - [helmcust] Desired PodServiceAccountResource (serviceAccountName: hivemq-platform-pod-test-hivemq-platform)
2025-01-28 23:55:49,451 INFO c.h.h.t.HelmChartContainer - [hivemq-test-hivemq-platform] [hivemq-platform-operator] [a7ad56f8] 23:55:49.450 [pool-6-thread-11] DEBUG c.h.p.o.dependants.PodInfoConfigMap - [helmcust] Desired PodInfo ConfigMap (metrics port: 9399) (metrics path: /)
2025-01-28 23:55:49,452 INFO c.h.h.t.HelmChartContainer - [hivemq-test-hivemq-platform] [hivemq-platform-operator] [a7ad56f8] 23:55:49.451 [pool-6-thread-11] DEBUG c.h.p.o.dependants.PodInfoConfigMap - [helmcust] Desired PodInfo ConfigMap (extension state hash: -1817474005)
2025-01-28 23:55:49,454 INFO c.h.h.t.HelmChartContainer - [hivemq-test-hivemq-platform] [hivemq-platform-operator] [a7ad56f8] 23:55:49.454 [pool-6-thread-11] DEBUG c.h.p.o.d.StatefulSetResource - [helmcust] Desired StatefulSet (2 replicas) for status STARTING (READY)
2025-01-28 23:55:49,461 INFO c.h.h.t.HelmChartContainer - [hivemq-test-hivemq-platform] [hivemq-platform-operator] [a7ad56f8] 23:55:49.460 [ReconcilerExecutor-hivemq-controller-110] INFO  c.h.p.o.HiveMQPlatformReconciler - [helmcust] Reconciling HiveMQ Platform 'test-hivemq-platform' in namespace 'helmcustomsecretconfigit'
2025-01-28 23:55:49,461 INFO c.h.h.t.HelmChartContainer - [hivemq-test-hivemq-platform] [hivemq-platform-operator] [a7ad56f8] 23:55:49.460 [ReconcilerExecutor-hivemq-controller-110] DEBUG c.h.p.o.HiveMQPlatformReconciler - [helmcust] Custom Resource Status STARTING - HiveMQ Platform is starting (READY)
2025-01-28 23:55:49,461 INFO c.h.h.t.HelmChartContainer - [hivemq-test-hivemq-platform] [hivemq-platform-operator] [a7ad56f8] 23:55:49.460 [ReconcilerExecutor-hivemq-controller-110] DEBUG c.h.p.o.HiveMQPlatformReconciler - [helmcust] Custom Resource Spec (replicas: 2) (extensions: 1)
2025-01-28 23:55:49,463 INFO c.h.h.t.HelmChartContainer - [hivemq-test-hivemq-platform] [hivemq-platform-operator] [a7ad56f8] 23:55:49.462 [ReconcilerExecutor-hivemq-controller-110] DEBUG c.h.p.o.HiveMQPlatformReconciler - [helmcust] StatefulSet Status (revision: test-hivemq-platform-65cfcbfbf9, replicas: 1, available: 0, ready: 0, current: 1, updated: 1)
2025-01-28 23:55:49,464 INFO c.h.h.t.HelmChartContainer - [hivemq-test-hivemq-platform] [hivemq-platform-operator] [a7ad56f8] 23:55:49.462 [ReconcilerExecutor-hivemq-controller-110] DEBUG c.h.p.o.HiveMQPlatformReconciler - [helmcust] StatefulSet Spec (replicas: 2, init containers: 1, containers: 1, volumes: 3)
2025-01-28 23:55:49,528 INFO c.h.h.t.HelmChartContainer - [hivemq-test-hivemq-platform] [hivemq-platform-operator] [a7ad56f8] 23:55:49.527 [ReconcilerExecutor-hivemq-controller-110] DEBUG c.h.p.o.h.HiveMQPlatformReconcilerErrorHandler - [helmcust] Pod 'test-hivemq-platform-0' phase Running
2025-01-28 23:55:49,530 INFO c.h.h.t.HelmChartContainer - [hivemq-test-hivemq-platform] [hivemq-platform-operator] [a7ad56f8] 23:55:49.528 [ReconcilerExecutor-hivemq-controller-110] INFO  c.h.p.o.h.HiveMQPlatformReconcilerBaseHandler - [helmcust] HiveMQ Platform is starting, 0 of 2 replicas are ready
2025-01-28 23:55:49,533 INFO c.h.h.t.HelmChartContainer - [test-hivemq-platform] [hivemq] [65aa4b9b] WARN  - [HiveMQ Platform Operator Init App 1.7.0-SNAPSHOT] Cannot connect to Health API for readiness: null
2025-01-28 23:55:49,543 INFO c.h.h.t.HelmChartContainer - [EVENT] Warning [Unhealthy] Readiness probe failed: HTTP probe failed with statuscode: 503 [helmcustomsecretconfigit:test-hivemq-platform-0]
2025-01-28 23:55:49,543 INFO c.h.h.t.HelmChartContainer - Received Unhealthy event for container hivemq in pod test-hivemq-platform-0 [65aa4b9b-1ab0-4676-8e63-957d72bd66b5]
2025-01-28 23:55:49,625 INFO c.h.h.t.HelmChartContainer - [test-hivemq-platform] [hivemq] [65aa4b9b] INFO  - [HiveMQ Platform Operator Init App 1.7.0-SNAPSHOT] Successfully updated Pod HiveMQ Platform Operator Init App version annotation (version: 1.7.0-SNAPSHOT)
2025-01-28 23:55:54,444 INFO c.h.h.t.HelmChartContainer - [test-hivemq-platform] [hivemq] [65aa4b9b] WARN  - [HiveMQ Platform Operator Init App 1.7.0-SNAPSHOT] Cannot connect to Health API for readiness: null
2025-01-28 23:55:54,527 INFO c.h.h.t.HelmChartContainer - [EVENT] Warning [Unhealthy] Readiness probe failed: HTTP probe failed with statuscode: 503 [helmcustomsecretconfigit:test-hivemq-platform-0]
2025-01-28 23:55:54,527 INFO c.h.h.t.HelmChartContainer - Received Unhealthy event for container hivemq in pod test-hivemq-platform-0 [65aa4b9b-1ab0-4676-8e63-957d72bd66b5]
2025-01-28 23:55:59,527 INFO c.h.h.t.HelmChartContainer - [test-hivemq-platform] [hivemq] [65aa4b9b] WARN  - [HiveMQ Platform Operator Init App 1.7.0-SNAPSHOT] Cannot connect to Health API for readiness: null
2025-01-28 23:55:59,535 INFO c.h.h.t.HelmChartContainer - [EVENT] Warning [Unhealthy] Readiness probe failed: HTTP probe failed with statuscode: 503 [helmcustomsecretconfigit:test-hivemq-platform-0]
2025-01-28 23:55:59,535 INFO c.h.h.t.HelmChartContainer - Received Unhealthy event for container hivemq in pod test-hivemq-platform-0 [65aa4b9b-1ab0-4676-8e63-957d72bd66b5]
2025-01-28 23:55:59,537 INFO c.h.h.t.HelmChartContainer - [hivemq-test-hivemq-platform] [hivemq-platform-operator] [a7ad56f8] 23:55:59.536 [pool-6-thread-25] DEBUG c.h.p.o.dependants.PodInfoConfigMap - [helmcust] Desired PodInfo ConfigMap (1 extensions) (1 enabled)
2025-01-28 23:55:59,538 INFO c.h.h.t.HelmChartContainer - [hivemq-test-hivemq-platform] [hivemq-platform-operator] [a7ad56f8] 23:55:59.536 [pool-6-thread-25] DEBUG c.h.p.o.dependants.PodInfoConfigMap - [helmcust] Desired PodInfo ConfigMap (metrics port: 9399) (metrics path: /)
2025-01-28 23:55:59,538 INFO c.h.h.t.HelmChartContainer - [hivemq-test-hivemq-platform] [hivemq-platform-operator] [a7ad56f8] 23:55:59.536 [pool-6-thread-25] DEBUG c.h.p.o.dependants.PodInfoConfigMap - [helmcust] Desired PodInfo ConfigMap (extension state hash: -1817474005)
2025-01-28 23:55:59,539 INFO c.h.h.t.HelmChartContainer - [hivemq-test-hivemq-platform] [hivemq-platform-operator] [a7ad56f8] 23:55:59.535 [pool-6-thread-22] DEBUG c.h.p.o.d.PlatformServiceResource - [helmcust] Desired Platform services (3 services)
2025-01-28 23:55:59,543 INFO c.h.h.t.HelmChartContainer - [hivemq-test-hivemq-platform] [hivemq-platform-operator] [a7ad56f8] 23:55:59.539 [pool-6-thread-26] DEBUG c.h.p.o.d.PodServiceAccountResource - [helmcust] Desired PodServiceAccountResource (serviceAccountName: hivemq-platform-pod-test-hivemq-platform)
2025-01-28 23:55:59,546 INFO c.h.h.t.HelmChartContainer - [hivemq-test-hivemq-platform] [hivemq-platform-operator] [a7ad56f8] 23:55:59.546 [pool-6-thread-22] DEBUG c.h.p.o.d.StatefulSetResource - [helmcust] Desired StatefulSet (2 replicas) for status STARTING (READY)
2025-01-28 23:55:59,551 INFO c.h.h.t.HelmChartContainer - [hivemq-test-hivemq-platform] [hivemq-platform-operator] [a7ad56f8] 23:55:59.550 [ReconcilerExecutor-hivemq-controller-111] INFO  c.h.p.o.HiveMQPlatformReconciler - [helmcust] Reconciling HiveMQ Platform 'test-hivemq-platform' in namespace 'helmcustomsecretconfigit'
2025-01-28 23:55:59,551 INFO c.h.h.t.HelmChartContainer - [hivemq-test-hivemq-platform] [hivemq-platform-operator] [a7ad56f8] 23:55:59.550 [ReconcilerExecutor-hivemq-controller-111] DEBUG c.h.p.o.HiveMQPlatformReconciler - [helmcust] Custom Resource Status STARTING - HiveMQ Platform is starting (READY)
2025-01-28 23:55:59,552 INFO c.h.h.t.HelmChartContainer - [hivemq-test-hivemq-platform] [hivemq-platform-operator] [a7ad56f8] 23:55:59.550 [ReconcilerExecutor-hivemq-controller-111] DEBUG c.h.p.o.HiveMQPlatformReconciler - [helmcust] Custom Resource Spec (replicas: 2) (extensions: 1)
2025-01-28 23:55:59,552 INFO c.h.h.t.HelmChartContainer - [hivemq-test-hivemq-platform] [hivemq-platform-operator] [a7ad56f8] 23:55:59.551 [ReconcilerExecutor-hivemq-controller-111] DEBUG c.h.p.o.HiveMQPlatformReconciler - [helmcust] StatefulSet Status (revision: test-hivemq-platform-65cfcbfbf9, replicas: 1, available: 0, ready: 0, current: 1, updated: 1)
2025-01-28 23:55:59,552 INFO c.h.h.t.HelmChartContainer - [hivemq-test-hivemq-platform] [hivemq-platform-operator] [a7ad56f8] 23:55:59.552 [ReconcilerExecutor-hivemq-controller-111] DEBUG c.h.p.o.HiveMQPlatformReconciler - [helmcust] StatefulSet Spec (replicas: 2, init containers: 1, containers: 1, volumes: 3)
2025-01-28 23:55:59,553 INFO c.h.h.t.HelmChartContainer - [hivemq-test-hivemq-platform] [hivemq-platform-operator] [a7ad56f8] 23:55:59.553 [ReconcilerExecutor-hivemq-controller-111] DEBUG c.h.p.o.h.HiveMQPlatformReconcilerErrorHandler - [helmcust] Pod 'test-hivemq-platform-0' phase Running
2025-01-28 23:55:59,554 INFO c.h.h.t.HelmChartContainer - [hivemq-test-hivemq-platform] [hivemq-platform-operator] [a7ad56f8] 23:55:59.553 [ReconcilerExecutor-hivemq-controller-111] INFO  c.h.p.o.h.HiveMQPlatformReconcilerBaseHandler - [helmcust] HiveMQ Platform is starting, 0 of 2 replicas are ready
2025-01-28 23:56:00,822 INFO c.h.h.t.HelmChartContainer - [test-hivemq-platform] [hivemq] [65aa4b9b] INFO  - No valid license file found. Using trial license, restricted to 25 connections.
2025-01-28 23:56:00,925 INFO c.h.h.t.HelmChartContainer - [test-hivemq-platform] [hivemq] [65aa4b9b] WARN  - [HiveMQ Platform Operator Init App 1.7.0-SNAPSHOT] Cannot connect to Health API for liveness: null
2025-01-28 23:56:00,925 INFO c.h.h.t.HelmChartContainer - [test-hivemq-platform] [hivemq] [65aa4b9b] INFO  - [HiveMQ Platform Operator Init App 1.7.0-SNAPSHOT] Returning default Health API response 200 for liveness
2025-01-28 23:56:04,524 INFO c.h.h.t.HelmChartContainer - [test-hivemq-platform] [hivemq] [65aa4b9b] WARN  - [HiveMQ Platform Operator Init App 1.7.0-SNAPSHOT] Cannot connect to Health API for readiness: null
2025-01-28 23:56:04,529 INFO c.h.h.t.HelmChartContainer - [EVENT] Warning [Unhealthy] Readiness probe failed: HTTP probe failed with statuscode: 503 [helmcustomsecretconfigit:test-hivemq-platform-0]
2025-01-28 23:56:04,529 INFO c.h.h.t.HelmChartContainer - Received Unhealthy event for container hivemq in pod test-hivemq-platform-0 [65aa4b9b-1ab0-4676-8e63-957d72bd66b5]
2025-01-28 23:56:05,936 INFO c.h.h.t.HelmChartContainer - [test-hivemq-platform] [hivemq] [65aa4b9b] INFO  - No valid license file for Data Hub found. Using free license, restricted to 1 policy.
2025-01-28 23:56:07,123 INFO c.h.h.t.HelmChartContainer - [test-hivemq-platform] [hivemq] [65aa4b9b] INFO  - Audit Logger started.
2025-01-28 23:56:07,349 INFO c.h.h.t.HelmChartContainer - [test-hivemq-platform] [hivemq] [65aa4b9b] INFO  - This node uses '1' CPU cores.
2025-01-28 23:56:07,354 INFO c.h.h.t.HelmChartContainer - [test-hivemq-platform] [hivemq] [65aa4b9b] INFO  - Starting HiveMQ Health API on address 0.0.0.0 and port 8889
2025-01-28 23:56:08,231 INFO c.h.h.t.HelmChartContainer - [test-hivemq-platform] [hivemq] [65aa4b9b] INFO  - Started HiveMQ Health API in 876ms
2025-01-28 23:56:09,023 INFO c.h.h.t.HelmChartContainer - [test-hivemq-platform] [hivemq] [65aa4b9b] INFO  - Starting HiveMQ extension system.
2025-01-28 23:56:09,228 INFO c.h.h.t.HelmChartContainer - [test-hivemq-platform] [hivemq] [65aa4b9b] INFO  - Starting extension with id "hivemq-dns-cluster-discovery" at /opt/hivemq/extensions/hivemq-dns-cluster-discovery
2025-01-28 23:56:09,505 INFO c.h.h.t.HelmChartContainer - [K3S] [INFO] COMPACT compactRev=0 targetCompactRev=2 currentRev=1287
2025-01-28 23:56:09,505 INFO c.h.h.t.HelmChartContainer - [K3S] [INFO] COMPACT deleted 0 rows from 2 revisions in 424.031µs - compacted to 2/1287
2025-01-28 23:56:09,505 INFO c.h.h.t.HelmChartContainer - [K3S] [INFO] COMPACT compacted from 0 to 2 in 1 transactions over 1ms
2025-01-28 23:56:09,561 INFO c.h.h.t.HelmChartContainer - [hivemq-test-hivemq-platform] [hivemq-platform-operator] [a7ad56f8] 23:56:09.557 [pool-6-thread-37] DEBUG c.h.p.o.d.PlatformServiceResource - [helmcust] Desired Platform services (3 services)
2025-01-28 23:56:09,562 INFO c.h.h.t.HelmChartContainer - [hivemq-test-hivemq-platform] [hivemq-platform-operator] [a7ad56f8] 23:56:09.559 [pool-6-thread-36] DEBUG c.h.p.o.dependants.PodInfoConfigMap - [helmcust] Desired PodInfo ConfigMap (1 extensions) (1 enabled)
2025-01-28 23:56:09,562 INFO c.h.h.t.HelmChartContainer - [hivemq-test-hivemq-platform] [hivemq-platform-operator] [a7ad56f8] 23:56:09.559 [pool-6-thread-36] DEBUG c.h.p.o.dependants.PodInfoConfigMap - [helmcust] Desired PodInfo ConfigMap (metrics port: 9399) (metrics path: /)
2025-01-28 23:56:09,562 INFO c.h.h.t.HelmChartContainer - [hivemq-test-hivemq-platform] [hivemq-platform-operator] [a7ad56f8] 23:56:09.559 [pool-6-thread-36] DEBUG c.h.p.o.dependants.PodInfoConfigMap - [helmcust] Desired PodInfo ConfigMap (extension state hash: -1817474005)
2025-01-28 23:56:09,563 INFO c.h.h.t.HelmChartContainer - [hivemq-test-hivemq-platform] [hivemq-platform-operator] [a7ad56f8] 23:56:09.561 [pool-6-thread-33] DEBUG c.h.p.o.d.PodServiceAccountResource - [helmcust] Desired PodServiceAccountResource (serviceAccountName: hivemq-platform-pod-test-hivemq-platform)
2025-01-28 23:56:09,565 INFO c.h.h.t.HelmChartContainer - [hivemq-test-hivemq-platform] [hivemq-platform-operator] [a7ad56f8] 23:56:09.565 [pool-6-thread-37] DEBUG c.h.p.o.d.StatefulSetResource - [helmcust] Desired StatefulSet (2 replicas) for status STARTING (READY)
2025-01-28 23:56:09,575 INFO c.h.h.t.HelmChartContainer - [hivemq-test-hivemq-platform] [hivemq-platform-operator] [a7ad56f8] 23:56:09.571 [ReconcilerExecutor-hivemq-controller-112] INFO  c.h.p.o.HiveMQPlatformReconciler - [helmcust] Reconciling HiveMQ Platform 'test-hivemq-platform' in namespace 'helmcustomsecretconfigit'
2025-01-28 23:56:09,575 INFO c.h.h.t.HelmChartContainer - [hivemq-test-hivemq-platform] [hivemq-platform-operator] [a7ad56f8] 23:56:09.571 [ReconcilerExecutor-hivemq-controller-112] DEBUG c.h.p.o.HiveMQPlatformReconciler - [helmcust] Custom Resource Status STARTING - HiveMQ Platform is starting (READY)
2025-01-28 23:56:09,576 INFO c.h.h.t.HelmChartContainer - [hivemq-test-hivemq-platform] [hivemq-platform-operator] [a7ad56f8] 23:56:09.571 [ReconcilerExecutor-hivemq-controller-112] DEBUG c.h.p.o.HiveMQPlatformReconciler - [helmcust] Custom Resource Spec (replicas: 2) (extensions: 1)
2025-01-28 23:56:09,624 INFO c.h.h.t.HelmChartContainer - [hivemq-test-hivemq-platform] [hivemq-platform-operator] [a7ad56f8] 23:56:09.575 [ReconcilerExecutor-hivemq-controller-112] DEBUG c.h.p.o.HiveMQPlatformReconciler - [helmcust] StatefulSet Status (revision: test-hivemq-platform-65cfcbfbf9, replicas: 1, available: 0, ready: 0, current: 1, updated: 1)
2025-01-28 23:56:09,625 INFO c.h.h.t.HelmChartContainer - [hivemq-test-hivemq-platform] [hivemq-platform-operator] [a7ad56f8] 23:56:09.620 [ReconcilerExecutor-hivemq-controller-112] DEBUG c.h.p.o.HiveMQPlatformReconciler - [helmcust] StatefulSet Spec (replicas: 2, init containers: 1, containers: 1, volumes: 3)
2025-01-28 23:56:09,626 INFO c.h.h.t.HelmChartContainer - [hivemq-test-hivemq-platform] [hivemq-platform-operator] [a7ad56f8] 23:56:09.623 [ReconcilerExecutor-hivemq-controller-112] DEBUG c.h.p.o.h.HiveMQPlatformReconcilerErrorHandler - [helmcust] Pod 'test-hivemq-platform-0' phase Running
2025-01-28 23:56:09,626 INFO c.h.h.t.HelmChartContainer - [hivemq-test-hivemq-platform] [hivemq-platform-operator] [a7ad56f8] 23:56:09.624 [ReconcilerExecutor-hivemq-controller-112] INFO  c.h.p.o.h.HiveMQPlatformReconcilerBaseHandler - [helmcust] HiveMQ Platform is starting, 0 of 2 replicas are ready
2025-01-28 23:56:09,832 INFO c.h.h.t.HelmChartContainer - [test-hivemq-platform] [hivemq] [65aa4b9b] INFO  - Extension "DNS Cluster Discovery Extension" version 4.3.2 started successfully.
2025-01-28 23:56:09,832 INFO c.h.h.t.HelmChartContainer - [test-hivemq-platform] [hivemq] [65aa4b9b] INFO  - Starting extension with id "hivemq-prometheus-extension" at /opt/hivemq/extensions/hivemq-prometheus-extension
2025-01-28 23:56:09,832 INFO c.h.h.t.HelmChartContainer - [test-hivemq-platform] [hivemq] [65aa4b9b] INFO  - Using TCP cluster transport on address 10.42.0.11 and port 7000
2025-01-28 23:56:09,928 INFO c.h.h.t.HelmChartContainer - [test-hivemq-platform] [hivemq] [65aa4b9b] INFO  - Using extension cluster discovery
2025-01-28 23:56:10,484 INFO c.h.h.t.HelmChartContainer - [EVENT] Warning [Unhealthy] Readiness probe failed: Get "http://10.42.0.11:7979/readiness": context deadline exceeded (Client.Timeout exceeded while awaiting headers) [helmcustomsecretconfigit:test-hivemq-platform-0]
2025-01-28 23:56:10,484 INFO c.h.h.t.HelmChartContainer - Received Unhealthy event for container hivemq in pod test-hivemq-platform-0 [65aa4b9b-1ab0-4676-8e63-957d72bd66b5]
2025-01-28 23:56:11,133 INFO c.h.h.t.HelmChartContainer - [test-hivemq-platform] [hivemq] [65aa4b9b] INFO  - Started Jetty Server exposing Prometheus Servlet on URI http://0.0.0.0:9399/
2025-01-28 23:56:11,133 INFO c.h.h.t.HelmChartContainer - [test-hivemq-platform] [hivemq] [65aa4b9b] INFO  - Extension "Prometheus Monitoring Extension" version 4.0.12 started successfully.
2025-01-28 23:56:11,134 INFO c.h.h.t.HelmChartContainer - [test-hivemq-platform] [hivemq] [65aa4b9b] INFO  - Starting extension with id "hivemq-allow-all-extension" at /opt/hivemq/extensions/hivemq-allow-all-extension
2025-01-28 23:56:11,134 INFO c.h.h.t.HelmChartContainer - [test-hivemq-platform] [hivemq] [65aa4b9b] WARN  - 
2025-01-28 23:56:11,134 INFO c.h.h.t.HelmChartContainer - [test-hivemq-platform] [hivemq] [65aa4b9b] ################################################################################################################
2025-01-28 23:56:11,134 INFO c.h.h.t.HelmChartContainer - [test-hivemq-platform] [hivemq] [65aa4b9b] # This HiveMQ deployment is not secure! You are lacking Authentication and Authorization.                      #
2025-01-28 23:56:11,134 INFO c.h.h.t.HelmChartContainer - [test-hivemq-platform] [hivemq] [65aa4b9b] # Right now any MQTT client can connect to the broker with a full set of permissions.                          #
2025-01-28 23:56:11,134 INFO c.h.h.t.HelmChartContainer - [test-hivemq-platform] [hivemq] [65aa4b9b] # For production usage, add an appropriate security extension and remove the hivemq-allow-all extension.       #
2025-01-28 23:56:11,134 INFO c.h.h.t.HelmChartContainer - [test-hivemq-platform] [hivemq] [65aa4b9b] # You can download security extensions from the HiveMQ Marketplace (https://www.hivemq.com/extensions/).       #
2025-01-28 23:56:11,134 INFO c.h.h.t.HelmChartContainer - [test-hivemq-platform] [hivemq] [65aa4b9b] ################################################################################################################
2025-01-28 23:56:11,134 INFO c.h.h.t.HelmChartContainer - [test-hivemq-platform] [hivemq] [65aa4b9b] INFO  - Extension "Allow All Extension" version 1.1.1 started successfully.
2025-01-28 23:56:11,230 INFO c.h.h.t.HelmChartContainer - [test-hivemq-platform] [hivemq] [65aa4b9b] INFO  - [HiveMQ Platform Operator Init App 1.7.0-SNAPSHOT] Returning Health API response 503 for readiness
2025-01-28 23:56:13,229 INFO c.h.h.t.HelmChartContainer - [K3S] [info.go:53] Couldn't collect info from any of the files in "/etc/machine-id,/var/lib/dbus/machine-id"
2025-01-28 23:56:13,329 INFO c.h.h.t.HelmChartContainer - [test-hivemq-platform] [hivemq] [65aa4b9b] INFO  - 2hlXO: no members discovered after 2702 ms: creating cluster as first member
2025-01-28 23:56:13,335 INFO c.h.h.t.HelmChartContainer - [test-hivemq-platform] [hivemq] [65aa4b9b] INFO  - Cluster nodes found by discovery: [2hlXO|0] (1) [2hlXO].
2025-01-28 23:56:13,353 INFO c.h.h.t.HelmChartContainer - [test-hivemq-platform] [hivemq] [65aa4b9b] WARN  - No user for HiveMQ Control Center configured. Starting with default user
2025-01-28 23:56:13,354 INFO c.h.h.t.HelmChartContainer - [test-hivemq-platform] [hivemq] [65aa4b9b] INFO  - Starting HiveMQ Control Center on address 0.0.0.0 and port 8080
2025-01-28 23:56:13,424 INFO c.h.h.t.HelmChartContainer - [test-hivemq-platform] [hivemq] [65aa4b9b] INFO  - Mounting HiveMQ Control Center V2 Preview
2025-01-28 23:56:14,035 INFO c.h.h.t.HelmChartContainer - [test-hivemq-platform] [hivemq] [65aa4b9b] INFO  - Started HiveMQ Control Center in 680ms
2025-01-28 23:56:14,130 INFO c.h.h.t.HelmChartContainer - [test-hivemq-platform] [hivemq] [65aa4b9b] INFO  - Starting TCP listener on address 0.0.0.0 and port 1883
2025-01-28 23:56:14,222 INFO c.h.h.t.HelmChartContainer - [test-hivemq-platform] [hivemq] [65aa4b9b] INFO  - Started TCP Listener on address 0.0.0.0 and on port 1883.
2025-01-28 23:56:14,222 INFO c.h.h.t.HelmChartContainer - [test-hivemq-platform] [hivemq] [65aa4b9b] INFO  - Started HiveMQ in 33284ms
2025-01-28 23:56:14,445 INFO c.h.h.t.HelmChartContainer - [test-hivemq-platform] [hivemq] [65aa4b9b] INFO  - [HiveMQ Platform Operator Init App 1.7.0-SNAPSHOT] Returning Health API response 200 for readiness
2025-01-28 23:56:14,458 INFO c.h.h.t.HelmChartContainer - [POD] test-hivemq-platform-0 [65aa4b9b-1ab0-4676-8e63-957d72bd66b5] in helmcustomsecretconfigit was MODIFIED
2025-01-28 23:56:14,469 INFO c.h.h.t.HelmChartContainer - [hivemq-test-hivemq-platform] [hivemq-platform-operator] [a7ad56f8] 23:56:14.463 [pool-6-thread-42] DEBUG c.h.p.o.d.PlatformServiceResource - [helmcust] Desired Platform services (3 services)
2025-01-28 23:56:14,472 INFO c.h.h.t.HelmChartContainer - [hivemq-test-hivemq-platform] [hivemq-platform-operator] [a7ad56f8] 23:56:14.464 [pool-6-thread-47] DEBUG c.h.p.o.dependants.PodInfoConfigMap - [helmcust] Desired PodInfo ConfigMap (1 extensions) (1 enabled)
2025-01-28 23:56:14,472 INFO c.h.h.t.HelmChartContainer - [hivemq-test-hivemq-platform] [hivemq-platform-operator] [a7ad56f8] 23:56:14.469 [pool-6-thread-47] DEBUG c.h.p.o.dependants.PodInfoConfigMap - [helmcust] Desired PodInfo ConfigMap (metrics port: 9399) (metrics path: /)
2025-01-28 23:56:14,472 INFO c.h.h.t.HelmChartContainer - [hivemq-test-hivemq-platform] [hivemq-platform-operator] [a7ad56f8] 23:56:14.469 [pool-6-thread-47] DEBUG c.h.p.o.dependants.PodInfoConfigMap - [helmcust] Desired PodInfo ConfigMap (extension state hash: -1817474005)
2025-01-28 23:56:14,474 INFO c.h.h.t.HelmChartContainer - [hivemq-test-hivemq-platform] [hivemq-platform-operator] [a7ad56f8] 23:56:14.465 [pool-6-thread-46] DEBUG c.h.p.o.d.PodServiceAccountResource - [helmcust] Desired PodServiceAccountResource (serviceAccountName: hivemq-platform-pod-test-hivemq-platform)
2025-01-28 23:56:14,484 INFO c.h.h.t.HelmChartContainer - [hivemq-test-hivemq-platform] [hivemq-platform-operator] [a7ad56f8] 23:56:14.478 [pool-6-thread-42] DEBUG c.h.p.o.d.StatefulSetResource - [helmcust] Desired StatefulSet (2 replicas) for status STARTING (READY)
2025-01-28 23:56:14,484 INFO c.h.h.t.HelmChartContainer - [POD] test-hivemq-platform-1 [44be3e90-c104-4130-b16c-effaec75ed77] in helmcustomsecretconfigit was ADDED
2025-01-28 23:56:14,488 INFO c.h.h.t.HelmChartContainer - [POD] test-hivemq-platform-1 [44be3e90-c104-4130-b16c-effaec75ed77] in helmcustomsecretconfigit was MODIFIED
2025-01-28 23:56:14,497 INFO c.h.h.t.HelmChartContainer - [EVENT] Normal [SuccessfulCreate] create Pod test-hivemq-platform-1 in StatefulSet test-hivemq-platform successful [helmcustomsecretconfigit:test-hivemq-platform]
2025-01-28 23:56:14,497 INFO c.h.h.t.HelmChartContainer - [EVENT] Normal [Scheduled] Successfully assigned helmcustomsecretconfigit/test-hivemq-platform-1 to 21a493cab54f [helmcustomsecretconfigit:test-hivemq-platform-1]
2025-01-28 23:56:14,505 INFO c.h.h.t.HelmChartContainer - [POD] test-hivemq-platform-1 [44be3e90-c104-4130-b16c-effaec75ed77] in helmcustomsecretconfigit was MODIFIED
2025-01-28 23:56:14,568 INFO c.h.h.t.HelmChartContainer - [hivemq-test-hivemq-platform] [hivemq-platform-operator] [a7ad56f8] 23:56:14.564 [ReconcilerExecutor-hivemq-controller-113] INFO  c.h.p.o.HiveMQPlatformReconciler - [helmcust] Reconciling HiveMQ Platform 'test-hivemq-platform' in namespace 'helmcustomsecretconfigit'
2025-01-28 23:56:14,571 INFO c.h.h.t.HelmChartContainer - [hivemq-test-hivemq-platform] [hivemq-platform-operator] [a7ad56f8] 23:56:14.565 [ReconcilerExecutor-hivemq-controller-113] DEBUG c.h.p.o.HiveMQPlatformReconciler - [helmcust] Custom Resource Status STARTING - HiveMQ Platform is starting (READY)
2025-01-28 23:56:14,572 INFO c.h.h.t.HelmChartContainer - [hivemq-test-hivemq-platform] [hivemq-platform-operator] [a7ad56f8] 23:56:14.565 [ReconcilerExecutor-hivemq-controller-113] DEBUG c.h.p.o.HiveMQPlatformReconciler - [helmcust] Custom Resource Spec (replicas: 2) (extensions: 1)
2025-01-28 23:56:14,572 INFO c.h.h.t.HelmChartContainer - [hivemq-test-hivemq-platform] [hivemq-platform-operator] [a7ad56f8] 23:56:14.566 [ReconcilerExecutor-hivemq-controller-113] DEBUG c.h.p.o.HiveMQPlatformReconciler - [helmcust] StatefulSet Status (revision: test-hivemq-platform-65cfcbfbf9, replicas: 2, available: 1, ready: 1, current: 2, updated: 2)
2025-01-28 23:56:14,572 INFO c.h.h.t.HelmChartContainer - [hivemq-test-hivemq-platform] [hivemq-platform-operator] [a7ad56f8] 23:56:14.566 [ReconcilerExecutor-hivemq-controller-113] DEBUG c.h.p.o.HiveMQPlatformReconciler - [helmcust] StatefulSet Spec (replicas: 2, init containers: 1, containers: 1, volumes: 3)
2025-01-28 23:56:14,573 INFO c.h.h.t.HelmChartContainer - [hivemq-test-hivemq-platform] [hivemq-platform-operator] [a7ad56f8] 23:56:14.568 [ReconcilerExecutor-hivemq-controller-113] DEBUG c.h.p.o.h.HiveMQPlatformReconcilerErrorHandler - [helmcust] Pod 'test-hivemq-platform-1' phase Pending
2025-01-28 23:56:14,573 INFO c.h.h.t.HelmChartContainer - [hivemq-test-hivemq-platform] [hivemq-platform-operator] [a7ad56f8] 23:56:14.568 [ReconcilerExecutor-hivemq-controller-113] DEBUG c.h.p.o.h.HiveMQPlatformReconcilerErrorHandler - [helmcust] Pod 'test-hivemq-platform-1' condition 'PodReadyToStartContainers': False
2025-01-28 23:56:14,573 INFO c.h.h.t.HelmChartContainer - [hivemq-test-hivemq-platform] [hivemq-platform-operator] [a7ad56f8] 23:56:14.568 [ReconcilerExecutor-hivemq-controller-113] DEBUG c.h.p.o.h.HiveMQPlatformReconcilerErrorHandler - [helmcust] Pod 'test-hivemq-platform-1' condition 'Initialized': False
2025-01-28 23:56:14,573 INFO c.h.h.t.HelmChartContainer - [hivemq-test-hivemq-platform] [hivemq-platform-operator] [a7ad56f8] 23:56:14.568 [ReconcilerExecutor-hivemq-controller-113] DEBUG c.h.p.o.h.HiveMQPlatformReconcilerErrorHandler - [helmcust] Pod 'test-hivemq-platform-1' condition 'Ready': False
2025-01-28 23:56:14,574 INFO c.h.h.t.HelmChartContainer - [hivemq-test-hivemq-platform] [hivemq-platform-operator] [a7ad56f8] 23:56:14.568 [ReconcilerExecutor-hivemq-controller-113] DEBUG c.h.p.o.h.HiveMQPlatformReconcilerErrorHandler - [helmcust] Pod 'test-hivemq-platform-1' condition 'ContainersReady': False
2025-01-28 23:56:14,574 INFO c.h.h.t.HelmChartContainer - [hivemq-test-hivemq-platform] [hivemq-platform-operator] [a7ad56f8] 23:56:14.568 [ReconcilerExecutor-hivemq-controller-113] DEBUG c.h.p.o.h.HiveMQPlatformReconcilerErrorHandler - [helmcust] Pod 'test-hivemq-platform-1' condition 'PodScheduled': True
2025-01-28 23:56:14,574 INFO c.h.h.t.HelmChartContainer - [hivemq-test-hivemq-platform] [hivemq-platform-operator] [a7ad56f8] 23:56:14.568 [ReconcilerExecutor-hivemq-controller-113] DEBUG c.h.p.o.h.HiveMQPlatformReconcilerErrorHandler - [helmcust] Pod 'test-hivemq-platform-1' containerStatus 'hivemq' (started: false) (ready: false) (waiting: [PodInitializing] null)
2025-01-28 23:56:14,574 INFO c.h.h.t.HelmChartContainer - [hivemq-test-hivemq-platform] [hivemq-platform-operator] [a7ad56f8] 23:56:14.569 [ReconcilerExecutor-hivemq-controller-113] DEBUG c.h.p.o.h.HiveMQPlatformReconcilerErrorHandler - [helmcust] Pod 'test-hivemq-platform-0' phase Running
2025-01-28 23:56:14,574 INFO c.h.h.t.HelmChartContainer - [hivemq-test-hivemq-platform] [hivemq-platform-operator] [a7ad56f8] 23:56:14.570 [ReconcilerExecutor-hivemq-controller-113] INFO  c.h.p.o.h.HiveMQPlatformReconcilerBaseHandler - [helmcust] HiveMQ Platform is starting, 1 of 2 replicas are ready
2025-01-28 23:56:14,576 INFO c.h.h.t.HelmChartContainer - [hivemq-test-hivemq-platform] [hivemq-platform-operator] [a7ad56f8] 23:56:14.575 [pool-6-thread-1] DEBUG c.h.p.o.d.PlatformServiceResource - [helmcust] Desired Platform services (3 services)
2025-01-28 23:56:14,577 INFO c.h.h.t.HelmChartContainer - [hivemq-test-hivemq-platform] [hivemq-platform-operator] [a7ad56f8] 23:56:14.577 [pool-6-thread-4] DEBUG c.h.p.o.d.PodServiceAccountResource - [helmcust] Desired PodServiceAccountResource (serviceAccountName: hivemq-platform-pod-test-hivemq-platform)
2025-01-28 23:56:14,617 INFO c.h.h.t.HelmChartContainer - [K3S] [reconciler_common.go:251] "operationExecutor.VerifyControllerAttachedVolume started for volume \"operator-init\" (UniqueName: \"kubernetes.io/empty-dir/44be3e90-c104-4130-b16c-effaec75ed77-operator-init\") pod \"test-hivemq-platform-1\" (UID: \"44be3e90-c104-4130-b16c-effaec75ed77\") " pod="helmcustomsecretconfigit/test-hivemq-platform-1"
2025-01-28 23:56:14,618 INFO c.h.h.t.HelmChartContainer - [K3S] [reconciler_common.go:251] "operationExecutor.VerifyControllerAttachedVolume started for volume \"broker-configuration\" (UniqueName: \"kubernetes.io/secret/44be3e90-c104-4130-b16c-effaec75ed77-broker-configuration\") pod \"test-hivemq-platform-1\" (UID: \"44be3e90-c104-4130-b16c-effaec75ed77\") " pod="helmcustomsecretconfigit/test-hivemq-platform-1"
2025-01-28 23:56:14,618 INFO c.h.h.t.HelmChartContainer - [K3S] [reconciler_common.go:251] "operationExecutor.VerifyControllerAttachedVolume started for volume \"pod-info\" (UniqueName: \"kubernetes.io/configmap/44be3e90-c104-4130-b16c-effaec75ed77-pod-info\") pod \"test-hivemq-platform-1\" (UID: \"44be3e90-c104-4130-b16c-effaec75ed77\") " pod="helmcustomsecretconfigit/test-hivemq-platform-1"
2025-01-28 23:56:14,618 INFO c.h.h.t.HelmChartContainer - [K3S] [reconciler_common.go:251] "operationExecutor.VerifyControllerAttachedVolume started for volume \"kube-api-access-jrlff\" (UniqueName: \"kubernetes.io/projected/44be3e90-c104-4130-b16c-effaec75ed77-kube-api-access-jrlff\") pod \"test-hivemq-platform-1\" (UID: \"44be3e90-c104-4130-b16c-effaec75ed77\") " pod="helmcustomsecretconfigit/test-hivemq-platform-1"
2025-01-28 23:56:14,623 INFO c.h.h.t.HelmChartContainer - [hivemq-test-hivemq-platform] [hivemq-platform-operator] [a7ad56f8] 23:56:14.621 [pool-6-thread-3] DEBUG c.h.p.o.dependants.PodInfoConfigMap - [helmcust] Desired PodInfo ConfigMap (1 extensions) (1 enabled)
2025-01-28 23:56:14,626 INFO c.h.h.t.HelmChartContainer - [hivemq-test-hivemq-platform] [hivemq-platform-operator] [a7ad56f8] 23:56:14.621 [pool-6-thread-3] DEBUG c.h.p.o.dependants.PodInfoConfigMap - [helmcust] Desired PodInfo ConfigMap (metrics port: 9399) (metrics path: /)
2025-01-28 23:56:14,626 INFO c.h.h.t.HelmChartContainer - [hivemq-test-hivemq-platform] [hivemq-platform-operator] [a7ad56f8] 23:56:14.621 [pool-6-thread-3] DEBUG c.h.p.o.dependants.PodInfoConfigMap - [helmcust] Desired PodInfo ConfigMap (extension state hash: -1817474005)
2025-01-28 23:56:14,663 INFO c.h.h.t.HelmChartContainer - [hivemq-test-hivemq-platform] [hivemq-platform-operator] [a7ad56f8] 23:56:14.661 [pool-6-thread-6] DEBUG c.h.p.o.d.StatefulSetResource - [helmcust] Desired StatefulSet (2 replicas) for status STARTING (READY)
2025-01-28 23:56:14,667 INFO c.h.h.t.HelmChartContainer - [hivemq-test-hivemq-platform] [hivemq-platform-operator] [a7ad56f8] 23:56:14.666 [ReconcilerExecutor-hivemq-controller-114] INFO  c.h.p.o.HiveMQPlatformReconciler - [helmcust] Reconciling HiveMQ Platform 'test-hivemq-platform' in namespace 'helmcustomsecretconfigit'
2025-01-28 23:56:14,668 INFO c.h.h.t.HelmChartContainer - [hivemq-test-hivemq-platform] [hivemq-platform-operator] [a7ad56f8] 23:56:14.666 [ReconcilerExecutor-hivemq-controller-114] DEBUG c.h.p.o.HiveMQPlatformReconciler - [helmcust] Custom Resource Status STARTING - HiveMQ Platform is starting (READY)
2025-01-28 23:56:14,668 INFO c.h.h.t.HelmChartContainer - [hivemq-test-hivemq-platform] [hivemq-platform-operator] [a7ad56f8] 23:56:14.666 [ReconcilerExecutor-hivemq-controller-114] DEBUG c.h.p.o.HiveMQPlatformReconciler - [helmcust] Custom Resource Spec (replicas: 2) (extensions: 1)
2025-01-28 23:56:14,668 INFO c.h.h.t.HelmChartContainer - [hivemq-test-hivemq-platform] [hivemq-platform-operator] [a7ad56f8] 23:56:14.667 [ReconcilerExecutor-hivemq-controller-114] DEBUG c.h.p.o.HiveMQPlatformReconciler - [helmcust] StatefulSet Status (revision: test-hivemq-platform-65cfcbfbf9, replicas: 2, available: 1, ready: 1, current: 2, updated: 2)
2025-01-28 23:56:14,669 INFO c.h.h.t.HelmChartContainer - [hivemq-test-hivemq-platform] [hivemq-platform-operator] [a7ad56f8] 23:56:14.667 [ReconcilerExecutor-hivemq-controller-114] DEBUG c.h.p.o.HiveMQPlatformReconciler - [helmcust] StatefulSet Spec (replicas: 2, init containers: 1, containers: 1, volumes: 3)
2025-01-28 23:56:14,670 INFO c.h.h.t.HelmChartContainer - [hivemq-test-hivemq-platform] [hivemq-platform-operator] [a7ad56f8] 23:56:14.669 [ReconcilerExecutor-hivemq-controller-114] DEBUG c.h.p.o.h.HiveMQPlatformReconcilerErrorHandler - [helmcust] Pod 'test-hivemq-platform-1' phase Pending
2025-01-28 23:56:14,671 INFO c.h.h.t.HelmChartContainer - [hivemq-test-hivemq-platform] [hivemq-platform-operator] [a7ad56f8] 23:56:14.670 [ReconcilerExecutor-hivemq-controller-114] DEBUG c.h.p.o.h.HiveMQPlatformReconcilerErrorHandler - [helmcust] Pod 'test-hivemq-platform-1' condition 'PodReadyToStartContainers': False
2025-01-28 23:56:14,672 INFO c.h.h.t.HelmChartContainer - [hivemq-test-hivemq-platform] [hivemq-platform-operator] [a7ad56f8] 23:56:14.670 [ReconcilerExecutor-hivemq-controller-114] DEBUG c.h.p.o.h.HiveMQPlatformReconcilerErrorHandler - [helmcust] Pod 'test-hivemq-platform-1' condition 'Initialized': False
2025-01-28 23:56:14,672 INFO c.h.h.t.HelmChartContainer - [hivemq-test-hivemq-platform] [hivemq-platform-operator] [a7ad56f8] 23:56:14.670 [ReconcilerExecutor-hivemq-controller-114] DEBUG c.h.p.o.h.HiveMQPlatformReconcilerErrorHandler - [helmcust] Pod 'test-hivemq-platform-1' condition 'Ready': False
2025-01-28 23:56:14,672 INFO c.h.h.t.HelmChartContainer - [hivemq-test-hivemq-platform] [hivemq-platform-operator] [a7ad56f8] 23:56:14.670 [ReconcilerExecutor-hivemq-controller-114] DEBUG c.h.p.o.h.HiveMQPlatformReconcilerErrorHandler - [helmcust] Pod 'test-hivemq-platform-1' condition 'ContainersReady': False
2025-01-28 23:56:14,672 INFO c.h.h.t.HelmChartContainer - [hivemq-test-hivemq-platform] [hivemq-platform-operator] [a7ad56f8] 23:56:14.670 [ReconcilerExecutor-hivemq-controller-114] DEBUG c.h.p.o.h.HiveMQPlatformReconcilerErrorHandler - [helmcust] Pod 'test-hivemq-platform-1' condition 'PodScheduled': True
2025-01-28 23:56:14,672 INFO c.h.h.t.HelmChartContainer - [hivemq-test-hivemq-platform] [hivemq-platform-operator] [a7ad56f8] 23:56:14.670 [ReconcilerExecutor-hivemq-controller-114] DEBUG c.h.p.o.h.HiveMQPlatformReconcilerErrorHandler - [helmcust] Pod 'test-hivemq-platform-1' containerStatus 'hivemq' (started: false) (ready: false) (waiting: [PodInitializing] null)
2025-01-28 23:56:14,673 INFO c.h.h.t.HelmChartContainer - [hivemq-test-hivemq-platform] [hivemq-platform-operator] [a7ad56f8] 23:56:14.672 [ReconcilerExecutor-hivemq-controller-114] DEBUG c.h.p.o.h.HiveMQPlatformReconcilerErrorHandler - [helmcust] Pod 'test-hivemq-platform-0' phase Running
2025-01-28 23:56:14,674 INFO c.h.h.t.HelmChartContainer - [hivemq-test-hivemq-platform] [hivemq-platform-operator] [a7ad56f8] 23:56:14.673 [ReconcilerExecutor-hivemq-controller-114] INFO  c.h.p.o.h.HiveMQPlatformReconcilerBaseHandler - [helmcust] HiveMQ Platform is starting, 1 of 2 replicas are ready
2025-01-28 23:56:14,878 INFO c.h.h.t.HelmChartContainer - [EVENT] Normal [Pulled] Container image "docker.io/hivemq/hivemq-platform-operator-init-test:snapshot" already present on machine [helmcustomsecretconfigit:test-hivemq-platform-1]
2025-01-28 23:56:14,883 INFO c.h.h.t.HelmChartContainer - [EVENT] Normal [Created] Created container: hivemq-platform-operator-init [helmcustomsecretconfigit:test-hivemq-platform-1]
2025-01-28 23:56:14,924 INFO c.h.h.t.HelmChartContainer - [EVENT] Normal [Started] Started container hivemq-platform-operator-init [helmcustomsecretconfigit:test-hivemq-platform-1]
2025-01-28 23:56:15,742 INFO c.h.h.t.HelmChartContainer - [EVENT] Normal [Pulled] Container image "docker.io/hivemq/hivemq4:4.36.0" already present on machine [helmcustomsecretconfigit:test-hivemq-platform-1]
2025-01-28 23:56:15,742 INFO c.h.h.t.HelmChartContainer - Received Pulled event for container hivemq in pod test-hivemq-platform-1 [44be3e90-c104-4130-b16c-effaec75ed77]
2025-01-28 23:56:15,749 INFO c.h.h.t.HelmChartContainer - [POD] test-hivemq-platform-1 [44be3e90-c104-4130-b16c-effaec75ed77] in helmcustomsecretconfigit was MODIFIED
2025-01-28 23:56:15,756 INFO c.h.h.t.HelmChartContainer - [EVENT] Normal [Created] Created container: hivemq [helmcustomsecretconfigit:test-hivemq-platform-1]
2025-01-28 23:56:15,756 INFO c.h.h.t.HelmChartContainer - Received Created event for container hivemq in pod test-hivemq-platform-1 [44be3e90-c104-4130-b16c-effaec75ed77]
2025-01-28 23:56:15,766 INFO c.h.h.t.HelmChartContainer - [hivemq-test-hivemq-platform] [hivemq-platform-operator] [a7ad56f8] 23:56:15.760 [pool-6-thread-18] DEBUG c.h.p.o.d.PlatformServiceResource - [helmcust] Desired Platform services (3 services)
2025-01-28 23:56:15,774 INFO c.h.h.t.HelmChartContainer - [hivemq-test-hivemq-platform] [hivemq-platform-operator] [a7ad56f8] 23:56:15.767 [pool-6-thread-15] DEBUG c.h.p.o.dependants.PodInfoConfigMap - [helmcust] Desired PodInfo ConfigMap (1 extensions) (1 enabled)
2025-01-28 23:56:15,774 INFO c.h.h.t.HelmChartContainer - [hivemq-test-hivemq-platform] [hivemq-platform-operator] [a7ad56f8] 23:56:15.767 [pool-6-thread-15] DEBUG c.h.p.o.dependants.PodInfoConfigMap - [helmcust] Desired PodInfo ConfigMap (metrics port: 9399) (metrics path: /)
2025-01-28 23:56:15,774 INFO c.h.h.t.HelmChartContainer - [hivemq-test-hivemq-platform] [hivemq-platform-operator] [a7ad56f8] 23:56:15.768 [pool-6-thread-15] DEBUG c.h.p.o.dependants.PodInfoConfigMap - [helmcust] Desired PodInfo ConfigMap (extension state hash: -1817474005)
2025-01-28 23:56:15,777 INFO c.h.h.t.HelmChartContainer - [hivemq-test-hivemq-platform] [hivemq-platform-operator] [a7ad56f8] 23:56:15.770 [pool-6-thread-13] DEBUG c.h.p.o.d.PodServiceAccountResource - [helmcust] Desired PodServiceAccountResource (serviceAccountName: hivemq-platform-pod-test-hivemq-platform)
2025-01-28 23:56:15,786 INFO c.h.h.t.HelmChartContainer - [hivemq-test-hivemq-platform] [hivemq-platform-operator] [a7ad56f8] 23:56:15.781 [pool-6-thread-18] DEBUG c.h.p.o.d.StatefulSetResource - [helmcust] Desired StatefulSet (2 replicas) for status STARTING (READY)
2025-01-28 23:56:15,831 INFO c.h.h.t.HelmChartContainer - [hivemq-test-hivemq-platform] [hivemq-platform-operator] [a7ad56f8] 23:56:15.821 [ReconcilerExecutor-hivemq-controller-115] INFO  c.h.p.o.HiveMQPlatformReconciler - [helmcust] Reconciling HiveMQ Platform 'test-hivemq-platform' in namespace 'helmcustomsecretconfigit'
2025-01-28 23:56:15,831 INFO c.h.h.t.HelmChartContainer - [hivemq-test-hivemq-platform] [hivemq-platform-operator] [a7ad56f8] 23:56:15.821 [ReconcilerExecutor-hivemq-controller-115] DEBUG c.h.p.o.HiveMQPlatformReconciler - [helmcust] Custom Resource Status STARTING - HiveMQ Platform is starting (READY)
2025-01-28 23:56:15,831 INFO c.h.h.t.HelmChartContainer - [hivemq-test-hivemq-platform] [hivemq-platform-operator] [a7ad56f8] 23:56:15.821 [ReconcilerExecutor-hivemq-controller-115] DEBUG c.h.p.o.HiveMQPlatformReconciler - [helmcust] Custom Resource Spec (replicas: 2) (extensions: 1)
2025-01-28 23:56:15,831 INFO c.h.h.t.HelmChartContainer - [hivemq-test-hivemq-platform] [hivemq-platform-operator] [a7ad56f8] 23:56:15.828 [ReconcilerExecutor-hivemq-controller-115] DEBUG c.h.p.o.HiveMQPlatformReconciler - [helmcust] StatefulSet Status (revision: test-hivemq-platform-65cfcbfbf9, replicas: 2, available: 1, ready: 1, current: 2, updated: 2)
2025-01-28 23:56:15,832 INFO c.h.h.t.HelmChartContainer - [hivemq-test-hivemq-platform] [hivemq-platform-operator] [a7ad56f8] 23:56:15.830 [ReconcilerExecutor-hivemq-controller-115] DEBUG c.h.p.o.HiveMQPlatformReconciler - [helmcust] StatefulSet Spec (replicas: 2, init containers: 1, containers: 1, volumes: 3)
2025-01-28 23:56:15,842 INFO c.h.h.t.HelmChartContainer - [hivemq-test-hivemq-platform] [hivemq-platform-operator] [a7ad56f8] 23:56:15.835 [ReconcilerExecutor-hivemq-controller-115] DEBUG c.h.p.o.h.HiveMQPlatformReconcilerErrorHandler - [helmcust] Pod 'test-hivemq-platform-1' phase Pending
2025-01-28 23:56:15,842 INFO c.h.h.t.HelmChartContainer - [hivemq-test-hivemq-platform] [hivemq-platform-operator] [a7ad56f8] 23:56:15.835 [ReconcilerExecutor-hivemq-controller-115] DEBUG c.h.p.o.h.HiveMQPlatformReconcilerErrorHandler - [helmcust] Pod 'test-hivemq-platform-1' condition 'PodReadyToStartContainers': True
2025-01-28 23:56:15,842 INFO c.h.h.t.HelmChartContainer - [hivemq-test-hivemq-platform] [hivemq-platform-operator] [a7ad56f8] 23:56:15.835 [ReconcilerExecutor-hivemq-controller-115] DEBUG c.h.p.o.h.HiveMQPlatformReconcilerErrorHandler - [helmcust] Pod 'test-hivemq-platform-1' condition 'Initialized': True
2025-01-28 23:56:15,842 INFO c.h.h.t.HelmChartContainer - [hivemq-test-hivemq-platform] [hivemq-platform-operator] [a7ad56f8] 23:56:15.835 [ReconcilerExecutor-hivemq-controller-115] DEBUG c.h.p.o.h.HiveMQPlatformReconcilerErrorHandler - [helmcust] Pod 'test-hivemq-platform-1' condition 'Ready': False
2025-01-28 23:56:15,842 INFO c.h.h.t.HelmChartContainer - [hivemq-test-hivemq-platform] [hivemq-platform-operator] [a7ad56f8] 23:56:15.835 [ReconcilerExecutor-hivemq-controller-115] DEBUG c.h.p.o.h.HiveMQPlatformReconcilerErrorHandler - [helmcust] Pod 'test-hivemq-platform-1' condition 'ContainersReady': False
2025-01-28 23:56:15,844 INFO c.h.h.t.HelmChartContainer - [hivemq-test-hivemq-platform] [hivemq-platform-operator] [a7ad56f8] 23:56:15.835 [ReconcilerExecutor-hivemq-controller-115] DEBUG c.h.p.o.h.HiveMQPlatformReconcilerErrorHandler - [helmcust] Pod 'test-hivemq-platform-1' condition 'PodScheduled': True
2025-01-28 23:56:15,844 INFO c.h.h.t.HelmChartContainer - [hivemq-test-hivemq-platform] [hivemq-platform-operator] [a7ad56f8] 23:56:15.842 [ReconcilerExecutor-hivemq-controller-115] DEBUG c.h.p.o.h.HiveMQPlatformReconcilerErrorHandler - [helmcust] Pod 'test-hivemq-platform-1' containerStatus 'hivemq' (started: false) (ready: false) (waiting: [PodInitializing] null)
2025-01-28 23:56:15,872 INFO c.h.h.t.HelmChartContainer - [hivemq-test-hivemq-platform] [hivemq-platform-operator] [a7ad56f8] 23:56:15.867 [ReconcilerExecutor-hivemq-controller-115] DEBUG c.h.p.o.h.HiveMQPlatformReconcilerErrorHandler - [helmcust] Pod 'test-hivemq-platform-0' phase Running
2025-01-28 23:56:15,873 INFO c.h.h.t.HelmChartContainer - [hivemq-test-hivemq-platform] [hivemq-platform-operator] [a7ad56f8] 23:56:15.868 [ReconcilerExecutor-hivemq-controller-115] INFO  c.h.p.o.h.HiveMQPlatformReconcilerBaseHandler - [helmcust] HiveMQ Platform is starting, 1 of 2 replicas are ready
2025-01-28 23:56:16,750 INFO c.h.h.t.HelmChartContainer - [POD] test-hivemq-platform-1 [44be3e90-c104-4130-b16c-effaec75ed77] in helmcustomsecretconfigit was MODIFIED
2025-01-28 23:56:16,759 INFO c.h.h.t.HelmChartContainer - [hivemq-test-hivemq-platform] [hivemq-platform-operator] [a7ad56f8] 23:56:16.758 [pool-6-thread-21] DEBUG c.h.p.o.d.PlatformServiceResource - [helmcust] Desired Platform services (3 services)
2025-01-28 23:56:16,759 INFO c.h.h.t.HelmChartContainer - [hivemq-test-hivemq-platform] [hivemq-platform-operator] [a7ad56f8] 23:56:16.758 [pool-6-thread-27] DEBUG c.h.p.o.dependants.PodInfoConfigMap - [helmcust] Desired PodInfo ConfigMap (1 extensions) (1 enabled)
2025-01-28 23:56:16,759 INFO c.h.h.t.HelmChartContainer - [hivemq-test-hivemq-platform] [hivemq-platform-operator] [a7ad56f8] 23:56:16.758 [pool-6-thread-27] DEBUG c.h.p.o.dependants.PodInfoConfigMap - [helmcust] Desired PodInfo ConfigMap (metrics port: 9399) (metrics path: /)
2025-01-28 23:56:16,761 INFO c.h.h.t.HelmChartContainer - [EVENT] Normal [Started] Started container hivemq [helmcustomsecretconfigit:test-hivemq-platform-1]
2025-01-28 23:56:16,761 INFO c.h.h.t.HelmChartContainer - Received Started event for container hivemq in pod test-hivemq-platform-1 [44be3e90-c104-4130-b16c-effaec75ed77]
2025-01-28 23:56:16,761 INFO c.h.h.t.HelmChartContainer - Started log watcher for hivemq in pod test-hivemq-platform-1 [44be3e90-c104-4130-b16c-effaec75ed77]
2025-01-28 23:56:16,761 INFO c.h.h.t.HelmChartContainer - [test-hivemq-platform] [hivemq] [44be3e90] Adding pre-installed HiveMQ Platform Operator extensions
2025-01-28 23:56:16,761 INFO c.h.h.t.HelmChartContainer - [test-hivemq-platform] [hivemq] [44be3e90] Running as user 10000
2025-01-28 23:56:16,761 INFO c.h.h.t.HelmChartContainer - [test-hivemq-platform] [hivemq] [44be3e90] Starting HiveMQ Platform Operator Init
2025-01-28 23:56:16,762 INFO c.h.h.t.HelmChartContainer - [hivemq-test-hivemq-platform] [hivemq-platform-operator] [a7ad56f8] 23:56:16.758 [pool-6-thread-27] DEBUG c.h.p.o.dependants.PodInfoConfigMap - [helmcust] Desired PodInfo ConfigMap (extension state hash: -1817474005)
2025-01-28 23:56:16,765 INFO c.h.h.t.HelmChartContainer - [hivemq-test-hivemq-platform] [hivemq-platform-operator] [a7ad56f8] 23:56:16.762 [pool-6-thread-29] DEBUG c.h.p.o.d.PodServiceAccountResource - [helmcust] Desired PodServiceAccountResource (serviceAccountName: hivemq-platform-pod-test-hivemq-platform)
2025-01-28 23:56:16,769 INFO c.h.h.t.HelmChartContainer - [hivemq-test-hivemq-platform] [hivemq-platform-operator] [a7ad56f8] 23:56:16.768 [pool-6-thread-21] DEBUG c.h.p.o.d.StatefulSetResource - [helmcust] Desired StatefulSet (2 replicas) for status STARTING (READY)
2025-01-28 23:56:16,778 INFO c.h.h.t.HelmChartContainer - [hivemq-test-hivemq-platform] [hivemq-platform-operator] [a7ad56f8] 23:56:16.774 [ReconcilerExecutor-hivemq-controller-116] INFO  c.h.p.o.HiveMQPlatformReconciler - [helmcust] Reconciling HiveMQ Platform 'test-hivemq-platform' in namespace 'helmcustomsecretconfigit'
2025-01-28 23:56:16,778 INFO c.h.h.t.HelmChartContainer - [hivemq-test-hivemq-platform] [hivemq-platform-operator] [a7ad56f8] 23:56:16.776 [ReconcilerExecutor-hivemq-controller-116] DEBUG c.h.p.o.HiveMQPlatformReconciler - [helmcust] Custom Resource Status STARTING - HiveMQ Platform is starting (READY)
2025-01-28 23:56:16,779 INFO c.h.h.t.HelmChartContainer - [hivemq-test-hivemq-platform] [hivemq-platform-operator] [a7ad56f8] 23:56:16.776 [ReconcilerExecutor-hivemq-controller-116] DEBUG c.h.p.o.HiveMQPlatformReconciler - [helmcust] Custom Resource Spec (replicas: 2) (extensions: 1)
2025-01-28 23:56:16,779 INFO c.h.h.t.HelmChartContainer - [hivemq-test-hivemq-platform] [hivemq-platform-operator] [a7ad56f8] 23:56:16.777 [ReconcilerExecutor-hivemq-controller-116] DEBUG c.h.p.o.HiveMQPlatformReconciler - [helmcust] StatefulSet Status (revision: test-hivemq-platform-65cfcbfbf9, replicas: 2, available: 1, ready: 1, current: 2, updated: 2)
2025-01-28 23:56:16,779 INFO c.h.h.t.HelmChartContainer - [hivemq-test-hivemq-platform] [hivemq-platform-operator] [a7ad56f8] 23:56:16.777 [ReconcilerExecutor-hivemq-controller-116] DEBUG c.h.p.o.HiveMQPlatformReconciler - [helmcust] StatefulSet Spec (replicas: 2, init containers: 1, containers: 1, volumes: 3)
2025-01-28 23:56:16,825 INFO c.h.h.t.HelmChartContainer - [hivemq-test-hivemq-platform] [hivemq-platform-operator] [a7ad56f8] 23:56:16.821 [ReconcilerExecutor-hivemq-controller-116] DEBUG c.h.p.o.h.HiveMQPlatformReconcilerErrorHandler - [helmcust] Pod 'test-hivemq-platform-1' phase Running
2025-01-28 23:56:16,825 INFO c.h.h.t.HelmChartContainer - [hivemq-test-hivemq-platform] [hivemq-platform-operator] [a7ad56f8] 23:56:16.824 [ReconcilerExecutor-hivemq-controller-116] DEBUG c.h.p.o.h.HiveMQPlatformReconcilerErrorHandler - [helmcust] Pod 'test-hivemq-platform-0' phase Running
2025-01-28 23:56:16,825 INFO c.h.h.t.HelmChartContainer - [hivemq-test-hivemq-platform] [hivemq-platform-operator] [a7ad56f8] 23:56:16.824 [ReconcilerExecutor-hivemq-controller-116] INFO  c.h.p.o.h.HiveMQPlatformReconcilerBaseHandler - [helmcust] HiveMQ Platform is starting, 1 of 2 replicas are ready
2025-01-28 23:56:17,020 INFO c.h.h.t.HelmChartContainer - [test-hivemq-platform] [hivemq] [44be3e90] INFO  - [HiveMQ Platform Operator Init 1.7.0-SNAPSHOT] HiveMQ Platform Operator Init 1.7.0-SNAPSHOT (commit: bebf408 on branch: HEAD) built on Sun Jan 26 20:47:47 UTC 2025
2025-01-28 23:56:18,217 INFO c.h.h.t.HelmChartContainer - [test-hivemq-platform] [hivemq] [44be3e90] INFO  - [HiveMQ Platform Operator Init App 1.7.0-SNAPSHOT] Using bind address 10.42.0.12 from environment variable
2025-01-28 23:56:19,129 INFO c.h.h.t.HelmChartContainer - [test-hivemq-platform] [hivemq] [44be3e90] INFO  - [HiveMQ Platform Operator Init App 1.7.0-SNAPSHOT] HiveMQ Platform Operator Init App 1.7.0-SNAPSHOT (commit: bebf408 on branch: HEAD) built on Sun Jan 26 20:47:47 UTC 2025
2025-01-28 23:56:19,130 INFO c.h.h.t.HelmChartContainer - [test-hivemq-platform] [hivemq] [44be3e90] INFO  - [HiveMQ Platform Operator Init App 1.7.0-SNAPSHOT] PodInfo ConfigMap directory: /etc/podinfo
2025-01-28 23:56:19,130 INFO c.h.h.t.HelmChartContainer - [test-hivemq-platform] [hivemq] [44be3e90] INFO  - [HiveMQ Platform Operator Init App 1.7.0-SNAPSHOT] HiveMQ home directory: /opt/hivemq
2025-01-28 23:56:19,130 INFO c.h.h.t.HelmChartContainer - [test-hivemq-platform] [hivemq] [44be3e90] INFO  - [HiveMQ Platform Operator Init App 1.7.0-SNAPSHOT] HiveMQ Logback folder: /opt/hivemq/conf
2025-01-28 23:56:19,130 INFO c.h.h.t.HelmChartContainer - [test-hivemq-platform] [hivemq] [44be3e90] INFO  - [HiveMQ Platform Operator Init App 1.7.0-SNAPSHOT] HiveMQ Config folder: /opt/hivemq/conf-k8s
2025-01-28 23:56:19,131 INFO c.h.h.t.HelmChartContainer - [test-hivemq-platform] [hivemq] [44be3e90] INFO  - [HiveMQ Platform Operator Init App 1.7.0-SNAPSHOT] Starting HiveMQ Platform Operator Init App
2025-01-28 23:56:19,131 INFO c.h.h.t.HelmChartContainer - [test-hivemq-platform] [hivemq] [44be3e90] INFO  - [HiveMQ Platform Operator Init App 1.7.0-SNAPSHOT] Starting Pod reconciler
2025-01-28 23:56:20,417 INFO c.h.h.t.HelmChartContainer - [test-hivemq-platform] [hivemq] [44be3e90] INFO  - [HiveMQ Platform Operator Init App 1.7.0-SNAPSHOT] Pod reconciler is scheduled (interval: 5000 ms)
2025-01-28 23:56:20,418 INFO c.h.h.t.HelmChartContainer - [test-hivemq-platform] [hivemq] [44be3e90] INFO  - [HiveMQ Platform Operator Init App 1.7.0-SNAPSHOT] Starting the REST API on 10.42.0.12:7979
2025-01-28 23:56:20,421 INFO c.h.h.t.HelmChartContainer - [test-hivemq-platform] [hivemq] [44be3e90] INFO  - [HiveMQ Platform Operator Init App 1.7.0-SNAPSHOT] Waiting up to 600s for at most 2 HiveMQ nodes in cluster service hivemq-test-hivemq-platform-cluster.helmcustomsecretconfigit.svc
2025-01-28 23:56:20,808 INFO c.h.h.t.HelmChartContainer - [test-hivemq-platform] [hivemq] [44be3e90] INFO  - [HiveMQ Platform Operator Init App 1.7.0-SNAPSHOT] Resolved 2 IP addresses: [10.42.0.11, 10.42.0.12]
2025-01-28 23:56:20,809 INFO c.h.h.t.HelmChartContainer - [test-hivemq-platform] [hivemq] [44be3e90] INFO  - [HiveMQ Platform Operator Init App 1.7.0-SNAPSHOT] HiveMQ node count of 2 is within threshold of 2
2025-01-28 23:56:20,809 INFO c.h.h.t.HelmChartContainer - [test-hivemq-platform] [hivemq] [44be3e90] INFO  - [HiveMQ Platform Operator Init App 1.7.0-SNAPSHOT] Proceeding with container start
2025-01-28 23:56:20,833 INFO c.h.h.t.HelmChartContainer - [test-hivemq-platform] [hivemq] [44be3e90] INFO  - [HiveMQ Platform Operator Init App 1.7.0-SNAPSHOT] Initializing HiveMQ Platform extensions with initial configuration: {hivemq-allow-all-extension={start-priority=-1, skip-https-hostname-verification=false, restart=true, config-version=0, header-version=0, c-uri=, priority=-1, uri=preinstalled, skip-https-certificate-validation=false, enabled=true}, hivemq-prometheus-extension={start-priority=-1, priority=-1, restart=true, enabled=true, request-header-path=no-request-headers, uri=preinstalled, skip-https-certificate-validation=false, skip-https-hostname-verification=false, c-uri=}}
2025-01-28 23:56:21,329 INFO c.h.h.t.HelmChartContainer - [test-hivemq-platform] [hivemq] [44be3e90] INFO  - [HiveMQ Platform Operator Init App 1.7.0-SNAPSHOT] Extension hivemq-allow-all-extension was already enabled
2025-01-28 23:56:21,420 INFO c.h.h.t.HelmChartContainer - [test-hivemq-platform] [hivemq] [44be3e90] INFO  - [HiveMQ Platform Operator Init App 1.7.0-SNAPSHOT] Successfully enabled extension hivemq-prometheus-extension
2025-01-28 23:56:21,421 INFO c.h.h.t.HelmChartContainer - [test-hivemq-platform] [hivemq] [44be3e90] INFO  - [HiveMQ Platform Operator Init App 1.7.0-SNAPSHOT] Starting HiveMQ Platform version 4.36.0 (4.36.0)
2025-01-28 23:56:21,422 INFO c.h.h.t.HelmChartContainer - [test-hivemq-platform] [hivemq] [44be3e90] INFO  - [HiveMQ Platform Operator Init App 1.7.0-SNAPSHOT] Configuring the HiveMQ Platform
2025-01-28 23:56:21,514 INFO c.h.h.t.HelmChartContainer - [test-hivemq-platform] [hivemq] [44be3e90] INFO  - [HiveMQ Platform Operator Init App 1.7.0-SNAPSHOT] Changed logback.xml file scan period to 20 seconds
2025-01-28 23:56:21,608 INFO c.h.h.t.HelmChartContainer - [test-hivemq-platform] [hivemq] [44be3e90] INFO  - [HiveMQ Platform Operator Init App 1.7.0-SNAPSHOT] Starting the HiveMQ Platform
2025-01-28 23:56:21,612 INFO c.h.h.t.HelmChartContainer - [test-hivemq-platform] [hivemq] [44be3e90] -------------------------------------------------------------------------
2025-01-28 23:56:21,612 INFO c.h.h.t.HelmChartContainer - [test-hivemq-platform] [hivemq] [44be3e90] 
2025-01-28 23:56:21,612 INFO c.h.h.t.HelmChartContainer - [test-hivemq-platform] [hivemq] [44be3e90]                   _    _  _              __  __   ____
2025-01-28 23:56:21,612 INFO c.h.h.t.HelmChartContainer - [test-hivemq-platform] [hivemq] [44be3e90]                  | |  | |(_)            |  \/  | / __ \
2025-01-28 23:56:21,612 INFO c.h.h.t.HelmChartContainer - [test-hivemq-platform] [hivemq] [44be3e90]                  | |__| | _ __   __ ___ | \  / || |  | |
2025-01-28 23:56:21,612 INFO c.h.h.t.HelmChartContainer - [test-hivemq-platform] [hivemq] [44be3e90]                  |  __  || |\ \ / // _ \| |\/| || |  | |
2025-01-28 23:56:21,612 INFO c.h.h.t.HelmChartContainer - [test-hivemq-platform] [hivemq] [44be3e90]                  | |  | || | \ V /|  __/| |  | || |__| |
2025-01-28 23:56:21,613 INFO c.h.h.t.HelmChartContainer - [test-hivemq-platform] [hivemq] [44be3e90]                  |_|  |_||_|  \_/  \___||_|  |_| \___\_\
2025-01-28 23:56:21,613 INFO c.h.h.t.HelmChartContainer - [test-hivemq-platform] [hivemq] [44be3e90] 
2025-01-28 23:56:21,613 INFO c.h.h.t.HelmChartContainer - [test-hivemq-platform] [hivemq] [44be3e90] -------------------------------------------------------------------------
2025-01-28 23:56:21,613 INFO c.h.h.t.HelmChartContainer - [test-hivemq-platform] [hivemq] [44be3e90] 
2025-01-28 23:56:21,613 INFO c.h.h.t.HelmChartContainer - [test-hivemq-platform] [hivemq] [44be3e90]   HiveMQ Start Script for Linux/Unix v1.14
2025-01-28 23:56:21,613 INFO c.h.h.t.HelmChartContainer - [test-hivemq-platform] [hivemq] [44be3e90] 
2025-01-28 23:56:21,687 INFO c.h.h.t.HelmChartContainer - [test-hivemq-platform] [hivemq] [44be3e90] -------------------------------------------------------------------------
2025-01-28 23:56:21,687 INFO c.h.h.t.HelmChartContainer - [test-hivemq-platform] [hivemq] [44be3e90] 
2025-01-28 23:56:21,687 INFO c.h.h.t.HelmChartContainer - [test-hivemq-platform] [hivemq] [44be3e90]   HIVEMQ_HOME: /opt/hivemq
2025-01-28 23:56:21,687 INFO c.h.h.t.HelmChartContainer - [test-hivemq-platform] [hivemq] [44be3e90] 
2025-01-28 23:56:21,687 INFO c.h.h.t.HelmChartContainer - [test-hivemq-platform] [hivemq] [44be3e90]   JAVA_OPTS: -XX:+UnlockExperimentalVMOptions -XX:InitialRAMPercentage=50 -XX:MaxRAMPercentage=50 -Djava.net.preferIPv4Stack=true --add-opens java.base/java.lang=ALL-UNNAMED --add-opens java.base/java.nio=ALL-UNNAMED --add-opens java.base/sun.nio.ch=ALL-UNNAMED --add-opens jdk.management/com.sun.management.internal=ALL-UNNAMED --add-exports java.base/jdk.internal.misc=ALL-UNNAMED -Djava.security.egd=file:/dev/./urandom -Dcom.sun.management.jmxremote -Dcom.sun.management.jmxremote.port=9010 -Dcom.sun.management.jmxremote.local.only=false -Dcom.sun.management.jmxremote.authenticate=false -Dcom.sun.management.jmxremote.ssl=false -Duser.language=en -Duser.region=US -XX:+CrashOnOutOfMemoryError -XX:+HeapDumpOnOutOfMemoryError
2025-01-28 23:56:21,687 INFO c.h.h.t.HelmChartContainer - [test-hivemq-platform] [hivemq] [44be3e90] 
2025-01-28 23:56:21,687 INFO c.h.h.t.HelmChartContainer - [test-hivemq-platform] [hivemq] [44be3e90]   JAVA_VERSION: 21
2025-01-28 23:56:21,687 INFO c.h.h.t.HelmChartContainer - [test-hivemq-platform] [hivemq] [44be3e90] 
2025-01-28 23:56:21,687 INFO c.h.h.t.HelmChartContainer - [test-hivemq-platform] [hivemq] [44be3e90] -------------------------------------------------------------------------
2025-01-28 23:56:21,687 INFO c.h.h.t.HelmChartContainer - [test-hivemq-platform] [hivemq] [44be3e90] 
2025-01-28 23:56:22,819 INFO c.h.h.t.HelmChartContainer - [test-hivemq-platform] [hivemq] [44be3e90] INFO  - [HiveMQ Platform Operator Init App 1.7.0-SNAPSHOT] Returning default Health API response 503 for readiness
2025-01-28 23:56:23,218 INFO c.h.h.t.HelmChartContainer - [EVENT] Warning [Unhealthy] Readiness probe failed: HTTP probe failed with statuscode: 503 [helmcustomsecretconfigit:test-hivemq-platform-1]
2025-01-28 23:56:23,218 INFO c.h.h.t.HelmChartContainer - Received Unhealthy event for container hivemq in pod test-hivemq-platform-1 [44be3e90-c104-4130-b16c-effaec75ed77]
2025-01-28 23:56:24,512 INFO c.h.h.t.HelmChartContainer - [test-hivemq-platform] [hivemq] [44be3e90] INFO  - Starting HiveMQ Enterprise Server
2025-01-28 23:56:24,519 INFO c.h.h.t.HelmChartContainer - [test-hivemq-platform] [hivemq] [44be3e90] INFO  - HiveMQ version: 4.36.0
2025-01-28 23:56:24,519 INFO c.h.h.t.HelmChartContainer - [test-hivemq-platform] [hivemq] [44be3e90] INFO  - HiveMQ home directory: /opt/hivemq
2025-01-28 23:56:24,519 INFO c.h.h.t.HelmChartContainer - [test-hivemq-platform] [hivemq] [44be3e90] INFO  - Log Configuration was overridden by /opt/hivemq/conf/logback.xml
2025-01-28 23:56:26,118 INFO c.h.h.t.HelmChartContainer - [test-hivemq-platform] [hivemq] [44be3e90] INFO  - Successfully loaded configuration from '/opt/hivemq/conf-k8s/config.xml'.
2025-01-28 23:56:26,830 INFO c.h.h.t.HelmChartContainer - [hivemq-test-hivemq-platform] [hivemq-platform-operator] [a7ad56f8] 23:56:26.829 [pool-6-thread-38] DEBUG c.h.p.o.d.PlatformServiceResource - [helmcust] Desired Platform services (3 services)
2025-01-28 23:56:26,833 INFO c.h.h.t.HelmChartContainer - [hivemq-test-hivemq-platform] [hivemq-platform-operator] [a7ad56f8] 23:56:26.830 [pool-6-thread-33] DEBUG c.h.p.o.dependants.PodInfoConfigMap - [helmcust] Desired PodInfo ConfigMap (1 extensions) (1 enabled)
2025-01-28 23:56:26,835 INFO c.h.h.t.HelmChartContainer - [hivemq-test-hivemq-platform] [hivemq-platform-operator] [a7ad56f8] 23:56:26.830 [pool-6-thread-33] DEBUG c.h.p.o.dependants.PodInfoConfigMap - [helmcust] Desired PodInfo ConfigMap (metrics port: 9399) (metrics path: /)
2025-01-28 23:56:26,835 INFO c.h.h.t.HelmChartContainer - [hivemq-test-hivemq-platform] [hivemq-platform-operator] [a7ad56f8] 23:56:26.830 [pool-6-thread-33] DEBUG c.h.p.o.dependants.PodInfoConfigMap - [helmcust] Desired PodInfo ConfigMap (extension state hash: -1817474005)
2025-01-28 23:56:26,835 INFO c.h.h.t.HelmChartContainer - [hivemq-test-hivemq-platform] [hivemq-platform-operator] [a7ad56f8] 23:56:26.831 [pool-6-thread-31] DEBUG c.h.p.o.d.PodServiceAccountResource - [helmcust] Desired PodServiceAccountResource (serviceAccountName: hivemq-platform-pod-test-hivemq-platform)
2025-01-28 23:56:26,841 INFO c.h.h.t.HelmChartContainer - [hivemq-test-hivemq-platform] [hivemq-platform-operator] [a7ad56f8] 23:56:26.840 [pool-6-thread-38] DEBUG c.h.p.o.d.StatefulSetResource - [helmcust] Desired StatefulSet (2 replicas) for status STARTING (READY)
2025-01-28 23:56:26,923 INFO c.h.h.t.HelmChartContainer - [hivemq-test-hivemq-platform] [hivemq-platform-operator] [a7ad56f8] 23:56:26.921 [ReconcilerExecutor-hivemq-controller-117] INFO  c.h.p.o.HiveMQPlatformReconciler - [helmcust] Reconciling HiveMQ Platform 'test-hivemq-platform' in namespace 'helmcustomsecretconfigit'
2025-01-28 23:56:26,923 INFO c.h.h.t.HelmChartContainer - [hivemq-test-hivemq-platform] [hivemq-platform-operator] [a7ad56f8] 23:56:26.921 [ReconcilerExecutor-hivemq-controller-117] DEBUG c.h.p.o.HiveMQPlatformReconciler - [helmcust] Custom Resource Status STARTING - HiveMQ Platform is starting (READY)
2025-01-28 23:56:26,923 INFO c.h.h.t.HelmChartContainer - [hivemq-test-hivemq-platform] [hivemq-platform-operator] [a7ad56f8] 23:56:26.921 [ReconcilerExecutor-hivemq-controller-117] DEBUG c.h.p.o.HiveMQPlatformReconciler - [helmcust] Custom Resource Spec (replicas: 2) (extensions: 1)
2025-01-28 23:56:26,926 INFO c.h.h.t.HelmChartContainer - [hivemq-test-hivemq-platform] [hivemq-platform-operator] [a7ad56f8] 23:56:26.924 [ReconcilerExecutor-hivemq-controller-117] DEBUG c.h.p.o.HiveMQPlatformReconciler - [helmcust] StatefulSet Status (revision: test-hivemq-platform-65cfcbfbf9, replicas: 2, available: 1, ready: 1, current: 2, updated: 2)
2025-01-28 23:56:26,926 INFO c.h.h.t.HelmChartContainer - [hivemq-test-hivemq-platform] [hivemq-platform-operator] [a7ad56f8] 23:56:26.925 [ReconcilerExecutor-hivemq-controller-117] DEBUG c.h.p.o.HiveMQPlatformReconciler - [helmcust] StatefulSet Spec (replicas: 2, init containers: 1, containers: 1, volumes: 3)
2025-01-28 23:56:26,927 INFO c.h.h.t.HelmChartContainer - [hivemq-test-hivemq-platform] [hivemq-platform-operator] [a7ad56f8] 23:56:26.927 [ReconcilerExecutor-hivemq-controller-117] DEBUG c.h.p.o.h.HiveMQPlatformReconcilerErrorHandler - [helmcust] Pod 'test-hivemq-platform-1' phase Running
2025-01-28 23:56:26,929 INFO c.h.h.t.HelmChartContainer - [hivemq-test-hivemq-platform] [hivemq-platform-operator] [a7ad56f8] 23:56:26.928 [ReconcilerExecutor-hivemq-controller-117] DEBUG c.h.p.o.h.HiveMQPlatformReconcilerErrorHandler - [helmcust] Pod 'test-hivemq-platform-0' phase Running
2025-01-28 23:56:26,930 INFO c.h.h.t.HelmChartContainer - [hivemq-test-hivemq-platform] [hivemq-platform-operator] [a7ad56f8] 23:56:26.929 [ReconcilerExecutor-hivemq-controller-117] INFO  c.h.p.o.h.HiveMQPlatformReconcilerBaseHandler - [helmcust] HiveMQ Platform is starting, 1 of 2 replicas are ready
2025-01-28 23:56:27,111 INFO c.h.h.t.HelmChartContainer - [test-hivemq-platform] [hivemq] [44be3e90] INFO  - This node's ID is 8Y6G0
2025-01-28 23:56:27,111 INFO c.h.h.t.HelmChartContainer - [test-hivemq-platform] [hivemq] [44be3e90] INFO  - Clustering is enabled
2025-01-28 23:56:28,219 INFO c.h.h.t.HelmChartContainer - [test-hivemq-platform] [hivemq] [44be3e90] WARN  - [HiveMQ Platform Operator Init App 1.7.0-SNAPSHOT] Cannot connect to Health API for readiness: null
2025-01-28 23:56:28,225 INFO c.h.h.t.HelmChartContainer - [EVENT] Warning [Unhealthy] Readiness probe failed: HTTP probe failed with statuscode: 503 [helmcustomsecretconfigit:test-hivemq-platform-1]
2025-01-28 23:56:28,225 INFO c.h.h.t.HelmChartContainer - Received Unhealthy event for container hivemq in pod test-hivemq-platform-1 [44be3e90-c104-4130-b16c-effaec75ed77]
2025-01-28 23:56:30,719 INFO c.h.h.t.HelmChartContainer - [test-hivemq-platform] [hivemq] [44be3e90] Jan 28, 2025 11:56:30 PM io.vertx.core.impl.BlockedThreadChecker
2025-01-28 23:56:30,720 INFO c.h.h.t.HelmChartContainer - [test-hivemq-platform] [hivemq] [44be3e90] WARNING: Thread Thread[vert.x-eventloop-thread-1,5,main] has been blocked for 2102 ms, time limit is 2000 ms
2025-01-28 23:56:30,925 INFO c.h.h.t.HelmChartContainer - [test-hivemq-platform] [hivemq] [65aa4b9b] INFO  - [HiveMQ Platform Operator Init App 1.7.0-SNAPSHOT] Returning Health API response 200 for liveness
2025-01-28 23:56:31,717 INFO c.h.h.t.HelmChartContainer - [test-hivemq-platform] [hivemq] [44be3e90] Jan 28, 2025 11:56:31 PM io.vertx.core.impl.BlockedThreadChecker
2025-01-28 23:56:31,717 INFO c.h.h.t.HelmChartContainer - [test-hivemq-platform] [hivemq] [44be3e90] WARNING: Thread Thread[vert.x-eventloop-thread-1,5,main] has been blocked for 3104 ms, time limit is 2000 ms
2025-01-28 23:56:31,810 INFO c.h.h.t.HelmChartContainer - [test-hivemq-platform] [hivemq] [44be3e90] INFO  - [HiveMQ Platform Operator Init App 1.7.0-SNAPSHOT] Updating Pod HiveMQ Platform Operator Init App version annotation (version: 1.7.0-SNAPSHOT)
2025-01-28 23:56:32,623 INFO c.h.h.t.HelmChartContainer - [POD] test-hivemq-platform-1 [44be3e90-c104-4130-b16c-effaec75ed77] in helmcustomsecretconfigit was MODIFIED
2025-01-28 23:56:32,629 INFO c.h.h.t.HelmChartContainer - [hivemq-test-hivemq-platform] [hivemq-platform-operator] [a7ad56f8] 23:56:32.627 [pool-6-thread-43] DEBUG c.h.p.o.d.PlatformServiceResource - [helmcust] Desired Platform services (3 services)
2025-01-28 23:56:32,631 INFO c.h.h.t.HelmChartContainer - [hivemq-test-hivemq-platform] [hivemq-platform-operator] [a7ad56f8] 23:56:32.629 [pool-6-thread-45] DEBUG c.h.p.o.dependants.PodInfoConfigMap - [helmcust] Desired PodInfo ConfigMap (1 extensions) (1 enabled)
2025-01-28 23:56:32,632 INFO c.h.h.t.HelmChartContainer - [hivemq-test-hivemq-platform] [hivemq-platform-operator] [a7ad56f8] 23:56:32.630 [pool-6-thread-47] DEBUG c.h.p.o.d.PodServiceAccountResource - [helmcust] Desired PodServiceAccountResource (serviceAccountName: hivemq-platform-pod-test-hivemq-platform)
2025-01-28 23:56:32,633 INFO c.h.h.t.HelmChartContainer - [hivemq-test-hivemq-platform] [hivemq-platform-operator] [a7ad56f8] 23:56:32.632 [pool-6-thread-45] DEBUG c.h.p.o.dependants.PodInfoConfigMap - [helmcust] Desired PodInfo ConfigMap (metrics port: 9399) (metrics path: /)
2025-01-28 23:56:32,634 INFO c.h.h.t.HelmChartContainer - [hivemq-test-hivemq-platform] [hivemq-platform-operator] [a7ad56f8] 23:56:32.633 [pool-6-thread-45] DEBUG c.h.p.o.dependants.PodInfoConfigMap - [helmcust] Desired PodInfo ConfigMap (extension state hash: -1817474005)
2025-01-28 23:56:32,636 INFO c.h.h.t.HelmChartContainer - [hivemq-test-hivemq-platform] [hivemq-platform-operator] [a7ad56f8] 23:56:32.635 [pool-6-thread-45] DEBUG c.h.p.o.d.StatefulSetResource - [helmcust] Desired StatefulSet (2 replicas) for status STARTING (READY)
2025-01-28 23:56:32,641 INFO c.h.h.t.HelmChartContainer - [hivemq-test-hivemq-platform] [hivemq-platform-operator] [a7ad56f8] 23:56:32.641 [ReconcilerExecutor-hivemq-controller-118] INFO  c.h.p.o.HiveMQPlatformReconciler - [helmcust] Reconciling HiveMQ Platform 'test-hivemq-platform' in namespace 'helmcustomsecretconfigit'
2025-01-28 23:56:32,642 INFO c.h.h.t.HelmChartContainer - [hivemq-test-hivemq-platform] [hivemq-platform-operator] [a7ad56f8] 23:56:32.641 [ReconcilerExecutor-hivemq-controller-118] DEBUG c.h.p.o.HiveMQPlatformReconciler - [helmcust] Custom Resource Status STARTING - HiveMQ Platform is starting (READY)
2025-01-28 23:56:32,642 INFO c.h.h.t.HelmChartContainer - [hivemq-test-hivemq-platform] [hivemq-platform-operator] [a7ad56f8] 23:56:32.641 [ReconcilerExecutor-hivemq-controller-118] DEBUG c.h.p.o.HiveMQPlatformReconciler - [helmcust] Custom Resource Spec (replicas: 2) (extensions: 1)
2025-01-28 23:56:32,643 INFO c.h.h.t.HelmChartContainer - [hivemq-test-hivemq-platform] [hivemq-platform-operator] [a7ad56f8] 23:56:32.642 [ReconcilerExecutor-hivemq-controller-118] DEBUG c.h.p.o.HiveMQPlatformReconciler - [helmcust] StatefulSet Status (revision: test-hivemq-platform-65cfcbfbf9, replicas: 2, available: 1, ready: 1, current: 2, updated: 2)
2025-01-28 23:56:32,643 INFO c.h.h.t.HelmChartContainer - [hivemq-test-hivemq-platform] [hivemq-platform-operator] [a7ad56f8] 23:56:32.642 [ReconcilerExecutor-hivemq-controller-118] DEBUG c.h.p.o.HiveMQPlatformReconciler - [helmcust] StatefulSet Spec (replicas: 2, init containers: 1, containers: 1, volumes: 3)
2025-01-28 23:56:32,644 INFO c.h.h.t.HelmChartContainer - [hivemq-test-hivemq-platform] [hivemq-platform-operator] [a7ad56f8] 23:56:32.643 [ReconcilerExecutor-hivemq-controller-118] DEBUG c.h.p.o.h.HiveMQPlatformReconcilerErrorHandler - [helmcust] Pod 'test-hivemq-platform-1' phase Running
2025-01-28 23:56:32,645 INFO c.h.h.t.HelmChartContainer - [hivemq-test-hivemq-platform] [hivemq-platform-operator] [a7ad56f8] 23:56:32.645 [ReconcilerExecutor-hivemq-controller-118] DEBUG c.h.p.o.h.HiveMQPlatformReconcilerErrorHandler - [helmcust] Pod 'test-hivemq-platform-0' phase Running
2025-01-28 23:56:32,646 INFO c.h.h.t.HelmChartContainer - [hivemq-test-hivemq-platform] [hivemq-platform-operator] [a7ad56f8] 23:56:32.645 [ReconcilerExecutor-hivemq-controller-118] INFO  c.h.p.o.h.HiveMQPlatformReconcilerBaseHandler - [helmcust] HiveMQ Platform is starting, 1 of 2 replicas are ready
2025-01-28 23:56:32,711 INFO c.h.h.t.HelmChartContainer - [test-hivemq-platform] [hivemq] [44be3e90] WARN  - [HiveMQ Platform Operator Init App 1.7.0-SNAPSHOT] Cannot connect to Health API for readiness: null
2025-01-28 23:56:32,718 INFO c.h.h.t.HelmChartContainer - [test-hivemq-platform] [hivemq] [44be3e90] INFO  - [HiveMQ Platform Operator Init App 1.7.0-SNAPSHOT] Successfully updated Pod HiveMQ Platform Operator Init App version annotation (version: 1.7.0-SNAPSHOT)
2025-01-28 23:56:32,718 INFO c.h.h.t.HelmChartContainer - [EVENT] Warning [Unhealthy] Readiness probe failed: HTTP probe failed with statuscode: 503 [helmcustomsecretconfigit:test-hivemq-platform-1]
2025-01-28 23:56:32,718 INFO c.h.h.t.HelmChartContainer - Received Unhealthy event for container hivemq in pod test-hivemq-platform-1 [44be3e90-c104-4130-b16c-effaec75ed77]
2025-01-28 23:56:37,629 INFO c.h.h.t.HelmChartContainer - [test-hivemq-platform] [hivemq] [44be3e90] WARN  - [HiveMQ Platform Operator Init App 1.7.0-SNAPSHOT] Cannot connect to Health API for readiness: null
2025-01-28 23:56:37,634 INFO c.h.h.t.HelmChartContainer - [EVENT] Warning [Unhealthy] Readiness probe failed: HTTP probe failed with statuscode: 503 [helmcustomsecretconfigit:test-hivemq-platform-1]
2025-01-28 23:56:37,634 INFO c.h.h.t.HelmChartContainer - Received Unhealthy event for container hivemq in pod test-hivemq-platform-1 [44be3e90-c104-4130-b16c-effaec75ed77]
2025-01-28 23:56:42,650 INFO c.h.h.t.HelmChartContainer - [hivemq-test-hivemq-platform] [hivemq-platform-operator] [a7ad56f8] 23:56:42.648 [pool-6-thread-7] DEBUG c.h.p.o.d.PlatformServiceResource - [helmcust] Desired Platform services (3 services)
2025-01-28 23:56:42,650 INFO c.h.h.t.HelmChartContainer - [hivemq-test-hivemq-platform] [hivemq-platform-operator] [a7ad56f8] 23:56:42.648 [pool-6-thread-5] DEBUG c.h.p.o.dependants.PodInfoConfigMap - [helmcust] Desired PodInfo ConfigMap (1 extensions) (1 enabled)
2025-01-28 23:56:42,650 INFO c.h.h.t.HelmChartContainer - [hivemq-test-hivemq-platform] [hivemq-platform-operator] [a7ad56f8] 23:56:42.648 [pool-6-thread-5] DEBUG c.h.p.o.dependants.PodInfoConfigMap - [helmcust] Desired PodInfo ConfigMap (metrics port: 9399) (metrics path: /)
2025-01-28 23:56:42,650 INFO c.h.h.t.HelmChartContainer - [hivemq-test-hivemq-platform] [hivemq-platform-operator] [a7ad56f8] 23:56:42.648 [pool-6-thread-5] DEBUG c.h.p.o.dependants.PodInfoConfigMap - [helmcust] Desired PodInfo ConfigMap (extension state hash: -1817474005)
2025-01-28 23:56:42,652 INFO c.h.h.t.HelmChartContainer - [hivemq-test-hivemq-platform] [hivemq-platform-operator] [a7ad56f8] 23:56:42.651 [pool-6-thread-9] DEBUG c.h.p.o.d.PodServiceAccountResource - [helmcust] Desired PodServiceAccountResource (serviceAccountName: hivemq-platform-pod-test-hivemq-platform)
2025-01-28 23:56:42,655 INFO c.h.h.t.HelmChartContainer - [hivemq-test-hivemq-platform] [hivemq-platform-operator] [a7ad56f8] 23:56:42.654 [pool-6-thread-7] DEBUG c.h.p.o.d.StatefulSetResource - [helmcust] Desired StatefulSet (2 replicas) for status STARTING (READY)
2025-01-28 23:56:42,660 INFO c.h.h.t.HelmChartContainer - [hivemq-test-hivemq-platform] [hivemq-platform-operator] [a7ad56f8] 23:56:42.659 [ReconcilerExecutor-hivemq-controller-119] INFO  c.h.p.o.HiveMQPlatformReconciler - [helmcust] Reconciling HiveMQ Platform 'test-hivemq-platform' in namespace 'helmcustomsecretconfigit'
2025-01-28 23:56:42,660 INFO c.h.h.t.HelmChartContainer - [hivemq-test-hivemq-platform] [hivemq-platform-operator] [a7ad56f8] 23:56:42.659 [ReconcilerExecutor-hivemq-controller-119] DEBUG c.h.p.o.HiveMQPlatformReconciler - [helmcust] Custom Resource Status STARTING - HiveMQ Platform is starting (READY)
2025-01-28 23:56:42,661 INFO c.h.h.t.HelmChartContainer - [hivemq-test-hivemq-platform] [hivemq-platform-operator] [a7ad56f8] 23:56:42.659 [ReconcilerExecutor-hivemq-controller-119] DEBUG c.h.p.o.HiveMQPlatformReconciler - [helmcust] Custom Resource Spec (replicas: 2) (extensions: 1)
2025-01-28 23:56:42,662 INFO c.h.h.t.HelmChartContainer - [hivemq-test-hivemq-platform] [hivemq-platform-operator] [a7ad56f8] 23:56:42.660 [ReconcilerExecutor-hivemq-controller-119] DEBUG c.h.p.o.HiveMQPlatformReconciler - [helmcust] StatefulSet Status (revision: test-hivemq-platform-65cfcbfbf9, replicas: 2, available: 1, ready: 1, current: 2, updated: 2)
2025-01-28 23:56:42,662 INFO c.h.h.t.HelmChartContainer - [hivemq-test-hivemq-platform] [hivemq-platform-operator] [a7ad56f8] 23:56:42.660 [ReconcilerExecutor-hivemq-controller-119] DEBUG c.h.p.o.HiveMQPlatformReconciler - [helmcust] StatefulSet Spec (replicas: 2, init containers: 1, containers: 1, volumes: 3)
2025-01-28 23:56:42,663 INFO c.h.h.t.HelmChartContainer - [hivemq-test-hivemq-platform] [hivemq-platform-operator] [a7ad56f8] 23:56:42.662 [ReconcilerExecutor-hivemq-controller-119] DEBUG c.h.p.o.h.HiveMQPlatformReconcilerErrorHandler - [helmcust] Pod 'test-hivemq-platform-1' phase Running
2025-01-28 23:56:42,664 INFO c.h.h.t.HelmChartContainer - [hivemq-test-hivemq-platform] [hivemq-platform-operator] [a7ad56f8] 23:56:42.663 [ReconcilerExecutor-hivemq-controller-119] DEBUG c.h.p.o.h.HiveMQPlatformReconcilerErrorHandler - [helmcust] Pod 'test-hivemq-platform-0' phase Running
2025-01-28 23:56:42,664 INFO c.h.h.t.HelmChartContainer - [hivemq-test-hivemq-platform] [hivemq-platform-operator] [a7ad56f8] 23:56:42.664 [ReconcilerExecutor-hivemq-controller-119] INFO  c.h.p.o.h.HiveMQPlatformReconcilerBaseHandler - [helmcust] HiveMQ Platform is starting, 1 of 2 replicas are ready
2025-01-28 23:56:42,710 INFO c.h.h.t.HelmChartContainer - [test-hivemq-platform] [hivemq] [44be3e90] WARN  - [HiveMQ Platform Operator Init App 1.7.0-SNAPSHOT] Cannot connect to Health API for readiness: null
2025-01-28 23:56:42,716 INFO c.h.h.t.HelmChartContainer - [EVENT] Warning [Unhealthy] Readiness probe failed: HTTP probe failed with statuscode: 503 [helmcustomsecretconfigit:test-hivemq-platform-1]
2025-01-28 23:56:42,716 INFO c.h.h.t.HelmChartContainer - Received Unhealthy event for container hivemq in pod test-hivemq-platform-1 [44be3e90-c104-4130-b16c-effaec75ed77]
2025-01-28 23:56:44,419 INFO c.h.h.t.HelmChartContainer - [test-hivemq-platform] [hivemq] [44be3e90] INFO  - No valid license file found. Using trial license, restricted to 25 connections.
2025-01-28 23:56:44,812 INFO c.h.h.t.HelmChartContainer - [test-hivemq-platform] [hivemq] [44be3e90] WARN  - [HiveMQ Platform Operator Init App 1.7.0-SNAPSHOT] Cannot connect to Health API for liveness: null
2025-01-28 23:56:44,812 INFO c.h.h.t.HelmChartContainer - [test-hivemq-platform] [hivemq] [44be3e90] INFO  - [HiveMQ Platform Operator Init App 1.7.0-SNAPSHOT] Returning default Health API response 200 for liveness
2025-01-28 23:56:47,713 INFO c.h.h.t.HelmChartContainer - [test-hivemq-platform] [hivemq] [44be3e90] WARN  - [HiveMQ Platform Operator Init App 1.7.0-SNAPSHOT] Cannot connect to Health API for readiness: null
2025-01-28 23:56:47,717 INFO c.h.h.t.HelmChartContainer - [EVENT] Warning [Unhealthy] Readiness probe failed: HTTP probe failed with statuscode: 503 [helmcustomsecretconfigit:test-hivemq-platform-1]
2025-01-28 23:56:47,718 INFO c.h.h.t.HelmChartContainer - Received Unhealthy event for container hivemq in pod test-hivemq-platform-1 [44be3e90-c104-4130-b16c-effaec75ed77]
2025-01-28 23:56:49,513 INFO c.h.h.t.HelmChartContainer - [test-hivemq-platform] [hivemq] [44be3e90] INFO  - No valid license file for Data Hub found. Using free license, restricted to 1 policy.
2025-01-28 23:56:50,920 INFO c.h.h.t.HelmChartContainer - [test-hivemq-platform] [hivemq] [44be3e90] INFO  - Audit Logger started.
2025-01-28 23:56:51,248 INFO c.h.h.t.HelmChartContainer - [test-hivemq-platform] [hivemq] [44be3e90] INFO  - This node uses '1' CPU cores.
2025-01-28 23:56:51,311 INFO c.h.h.t.HelmChartContainer - [test-hivemq-platform] [hivemq] [44be3e90] INFO  - Starting HiveMQ Health API on address 0.0.0.0 and port 8889
2025-01-28 23:56:52,109 INFO c.h.h.t.HelmChartContainer - [test-hivemq-platform] [hivemq] [44be3e90] INFO  - Started HiveMQ Health API in 798ms
2025-01-28 23:56:52,670 INFO c.h.h.t.HelmChartContainer - [hivemq-test-hivemq-platform] [hivemq-platform-operator] [a7ad56f8] 23:56:52.666 [pool-6-thread-15] DEBUG c.h.p.o.d.PlatformServiceResource - [helmcust] Desired Platform services (3 services)
2025-01-28 23:56:52,670 INFO c.h.h.t.HelmChartContainer - [hivemq-test-hivemq-platform] [hivemq-platform-operator] [a7ad56f8] 23:56:52.667 [pool-6-thread-17] DEBUG c.h.p.o.dependants.PodInfoConfigMap - [helmcust] Desired PodInfo ConfigMap (1 extensions) (1 enabled)
2025-01-28 23:56:52,671 INFO c.h.h.t.HelmChartContainer - [hivemq-test-hivemq-platform] [hivemq-platform-operator] [a7ad56f8] 23:56:52.667 [pool-6-thread-17] DEBUG c.h.p.o.dependants.PodInfoConfigMap - [helmcust] Desired PodInfo ConfigMap (metrics port: 9399) (metrics path: /)
2025-01-28 23:56:52,671 INFO c.h.h.t.HelmChartContainer - [hivemq-test-hivemq-platform] [hivemq-platform-operator] [a7ad56f8] 23:56:52.667 [pool-6-thread-17] DEBUG c.h.p.o.dependants.PodInfoConfigMap - [helmcust] Desired PodInfo ConfigMap (extension state hash: -1817474005)
2025-01-28 23:56:52,671 INFO c.h.h.t.HelmChartContainer - [hivemq-test-hivemq-platform] [hivemq-platform-operator] [a7ad56f8] 23:56:52.668 [pool-6-thread-19] DEBUG c.h.p.o.d.PodServiceAccountResource - [helmcust] Desired PodServiceAccountResource (serviceAccountName: hivemq-platform-pod-test-hivemq-platform)
2025-01-28 23:56:52,675 INFO c.h.h.t.HelmChartContainer - [hivemq-test-hivemq-platform] [hivemq-platform-operator] [a7ad56f8] 23:56:52.673 [pool-6-thread-15] DEBUG c.h.p.o.d.StatefulSetResource - [helmcust] Desired StatefulSet (2 replicas) for status STARTING (READY)
2025-01-28 23:56:52,678 INFO c.h.h.t.HelmChartContainer - [hivemq-test-hivemq-platform] [hivemq-platform-operator] [a7ad56f8] 23:56:52.676 [ReconcilerExecutor-hivemq-controller-120] INFO  c.h.p.o.HiveMQPlatformReconciler - [helmcust] Reconciling HiveMQ Platform 'test-hivemq-platform' in namespace 'helmcustomsecretconfigit'
2025-01-28 23:56:52,678 INFO c.h.h.t.HelmChartContainer - [hivemq-test-hivemq-platform] [hivemq-platform-operator] [a7ad56f8] 23:56:52.676 [ReconcilerExecutor-hivemq-controller-120] DEBUG c.h.p.o.HiveMQPlatformReconciler - [helmcust] Custom Resource Status STARTING - HiveMQ Platform is starting (READY)
2025-01-28 23:56:52,678 INFO c.h.h.t.HelmChartContainer - [hivemq-test-hivemq-platform] [hivemq-platform-operator] [a7ad56f8] 23:56:52.676 [ReconcilerExecutor-hivemq-controller-120] DEBUG c.h.p.o.HiveMQPlatformReconciler - [helmcust] Custom Resource Spec (replicas: 2) (extensions: 1)
2025-01-28 23:56:52,679 INFO c.h.h.t.HelmChartContainer - [hivemq-test-hivemq-platform] [hivemq-platform-operator] [a7ad56f8] 23:56:52.678 [ReconcilerExecutor-hivemq-controller-120] DEBUG c.h.p.o.HiveMQPlatformReconciler - [helmcust] StatefulSet Status (revision: test-hivemq-platform-65cfcbfbf9, replicas: 2, available: 1, ready: 1, current: 2, updated: 2)
2025-01-28 23:56:52,679 INFO c.h.h.t.HelmChartContainer - [hivemq-test-hivemq-platform] [hivemq-platform-operator] [a7ad56f8] 23:56:52.678 [ReconcilerExecutor-hivemq-controller-120] DEBUG c.h.p.o.HiveMQPlatformReconciler - [helmcust] StatefulSet Spec (replicas: 2, init containers: 1, containers: 1, volumes: 3)
2025-01-28 23:56:52,681 INFO c.h.h.t.HelmChartContainer - [hivemq-test-hivemq-platform] [hivemq-platform-operator] [a7ad56f8] 23:56:52.680 [ReconcilerExecutor-hivemq-controller-120] DEBUG c.h.p.o.h.HiveMQPlatformReconcilerErrorHandler - [helmcust] Pod 'test-hivemq-platform-1' phase Running
2025-01-28 23:56:52,681 INFO c.h.h.t.HelmChartContainer - [hivemq-test-hivemq-platform] [hivemq-platform-operator] [a7ad56f8] 23:56:52.681 [ReconcilerExecutor-hivemq-controller-120] DEBUG c.h.p.o.h.HiveMQPlatformReconcilerErrorHandler - [helmcust] Pod 'test-hivemq-platform-0' phase Running
2025-01-28 23:56:52,682 INFO c.h.h.t.HelmChartContainer - [hivemq-test-hivemq-platform] [hivemq-platform-operator] [a7ad56f8] 23:56:52.681 [ReconcilerExecutor-hivemq-controller-120] INFO  c.h.p.o.h.HiveMQPlatformReconcilerBaseHandler - [helmcust] HiveMQ Platform is starting, 1 of 2 replicas are ready
2025-01-28 23:56:52,721 INFO c.h.h.t.HelmChartContainer - [test-hivemq-platform] [hivemq] [44be3e90] INFO  - Starting HiveMQ extension system.
2025-01-28 23:56:53,211 INFO c.h.h.t.HelmChartContainer - [test-hivemq-platform] [hivemq] [44be3e90] INFO  - Starting extension with id "hivemq-dns-cluster-discovery" at /opt/hivemq/extensions/hivemq-dns-cluster-discovery
2025-01-28 23:56:53,668 INFO c.h.h.t.HelmChartContainer - [EVENT] Warning [Unhealthy] Readiness probe failed: Get "http://10.42.0.12:7979/readiness": context deadline exceeded (Client.Timeout exceeded while awaiting headers) [helmcustomsecretconfigit:test-hivemq-platform-1]
2025-01-28 23:56:53,668 INFO c.h.h.t.HelmChartContainer - Received Unhealthy event for container hivemq in pod test-hivemq-platform-1 [44be3e90-c104-4130-b16c-effaec75ed77]
2025-01-28 23:56:53,812 INFO c.h.h.t.HelmChartContainer - [test-hivemq-platform] [hivemq] [44be3e90] INFO  - Extension "DNS Cluster Discovery Extension" version 4.3.2 started successfully.
2025-01-28 23:56:53,813 INFO c.h.h.t.HelmChartContainer - [test-hivemq-platform] [hivemq] [44be3e90] INFO  - Starting extension with id "hivemq-prometheus-extension" at /opt/hivemq/extensions/hivemq-prometheus-extension
2025-01-28 23:56:53,913 INFO c.h.h.t.HelmChartContainer - [test-hivemq-platform] [hivemq] [44be3e90] INFO  - [HiveMQ Platform Operator Init App 1.7.0-SNAPSHOT] Returning Health API response 503 for readiness
2025-01-28 23:56:54,217 INFO c.h.h.t.HelmChartContainer - [test-hivemq-platform] [hivemq] [44be3e90] INFO  - Using TCP cluster transport on address 10.42.0.12 and port 7000
2025-01-28 23:56:54,315 INFO c.h.h.t.HelmChartContainer - [test-hivemq-platform] [hivemq] [44be3e90] INFO  - Using extension cluster discovery
2025-01-28 23:56:55,021 INFO c.h.h.t.HelmChartContainer - [test-hivemq-platform] [hivemq] [44be3e90] INFO  - Started Jetty Server exposing Prometheus Servlet on URI http://0.0.0.0:9399/
2025-01-28 23:56:55,022 INFO c.h.h.t.HelmChartContainer - [test-hivemq-platform] [hivemq] [44be3e90] INFO  - Extension "Prometheus Monitoring Extension" version 4.0.12 started successfully.
2025-01-28 23:56:55,085 INFO c.h.h.t.HelmChartContainer - [test-hivemq-platform] [hivemq] [44be3e90] INFO  - Starting extension with id "hivemq-allow-all-extension" at /opt/hivemq/extensions/hivemq-allow-all-extension
2025-01-28 23:56:55,085 INFO c.h.h.t.HelmChartContainer - [test-hivemq-platform] [hivemq] [44be3e90] WARN  - 
2025-01-28 23:56:55,085 INFO c.h.h.t.HelmChartContainer - [test-hivemq-platform] [hivemq] [44be3e90] ################################################################################################################
2025-01-28 23:56:55,085 INFO c.h.h.t.HelmChartContainer - [test-hivemq-platform] [hivemq] [44be3e90] # This HiveMQ deployment is not secure! You are lacking Authentication and Authorization.                      #
2025-01-28 23:56:55,085 INFO c.h.h.t.HelmChartContainer - [test-hivemq-platform] [hivemq] [44be3e90] # Right now any MQTT client can connect to the broker with a full set of permissions.                          #
2025-01-28 23:56:55,085 INFO c.h.h.t.HelmChartContainer - [test-hivemq-platform] [hivemq] [44be3e90] # For production usage, add an appropriate security extension and remove the hivemq-allow-all extension.       #
2025-01-28 23:56:55,085 INFO c.h.h.t.HelmChartContainer - [test-hivemq-platform] [hivemq] [44be3e90] # You can download security extensions from the HiveMQ Marketplace (https://www.hivemq.com/extensions/).       #
2025-01-28 23:56:55,085 INFO c.h.h.t.HelmChartContainer - [test-hivemq-platform] [hivemq] [44be3e90] ################################################################################################################
2025-01-28 23:56:55,110 INFO c.h.h.t.HelmChartContainer - [test-hivemq-platform] [hivemq] [44be3e90] INFO  - Extension "Allow All Extension" version 1.1.1 started successfully.
2025-01-28 23:56:55,329 INFO c.h.h.t.HelmChartContainer - [test-hivemq-platform] [hivemq] [65aa4b9b] INFO  - Cluster nodes found by discovery: [2hlXO|1] (2) [2hlXO, 8Y6G0].
2025-01-28 23:56:55,340 INFO c.h.h.t.HelmChartContainer - [test-hivemq-platform] [hivemq] [44be3e90] INFO  - Cluster nodes found by discovery: [2hlXO|1] (2) [2hlXO, 8Y6G0].
2025-01-28 23:56:55,509 INFO c.h.h.t.HelmChartContainer - [test-hivemq-platform] [hivemq] [44be3e90] INFO  - Cluster size = 1, members : [2hlXO].
2025-01-28 23:56:55,837 INFO c.h.h.t.HelmChartContainer - [test-hivemq-platform] [hivemq] [44be3e90] INFO  - Starting cluster join process. This may take a while. Please do not shut down HiveMQ.
2025-01-28 23:56:55,840 INFO c.h.h.t.HelmChartContainer - [test-hivemq-platform] [hivemq] [44be3e90] INFO  - Cluster join process is still ongoing. Please do not shut down HiveMQ.
2025-01-28 23:56:57,632 INFO c.h.h.t.HelmChartContainer - [EVENT] Warning [Unhealthy] Readiness probe failed: HTTP probe failed with statuscode: 503 [helmcustomsecretconfigit:test-hivemq-platform-1]
2025-01-28 23:56:57,632 INFO c.h.h.t.HelmChartContainer - Received Unhealthy event for container hivemq in pod test-hivemq-platform-1 [44be3e90-c104-4130-b16c-effaec75ed77]
2025-01-28 23:56:57,853 INFO c.h.h.t.HelmChartContainer - [test-hivemq-platform] [hivemq] [65aa4b9b] INFO  - Cluster size = 2, members : [8Y6G0, 2hlXO].
2025-01-28 23:56:57,868 INFO c.h.h.t.HelmChartContainer - [test-hivemq-platform] [hivemq] [44be3e90] INFO  - Cluster size = 2, members : [8Y6G0, 2hlXO].
2025-01-28 23:56:57,910 INFO c.h.h.t.HelmChartContainer - [test-hivemq-platform] [hivemq] [44be3e90] INFO  - Finished cluster join process successfully.
2025-01-28 23:56:57,912 INFO c.h.h.t.HelmChartContainer - [test-hivemq-platform] [hivemq] [44be3e90] WARN  - No user for HiveMQ Control Center configured. Starting with default user
2025-01-28 23:56:57,912 INFO c.h.h.t.HelmChartContainer - [test-hivemq-platform] [hivemq] [44be3e90] INFO  - Starting HiveMQ Control Center on address 0.0.0.0 and port 8080
2025-01-28 23:56:57,918 INFO c.h.h.t.HelmChartContainer - [test-hivemq-platform] [hivemq] [44be3e90] INFO  - Mounting HiveMQ Control Center V2 Preview
2025-01-28 23:56:58,720 INFO c.h.h.t.HelmChartContainer - [test-hivemq-platform] [hivemq] [44be3e90] INFO  - Started HiveMQ Control Center in 808ms
2025-01-28 23:56:58,819 INFO c.h.h.t.HelmChartContainer - [test-hivemq-platform] [hivemq] [44be3e90] INFO  - Starting TCP listener on address 0.0.0.0 and port 1883
2025-01-28 23:56:58,912 INFO c.h.h.t.HelmChartContainer - [test-hivemq-platform] [hivemq] [44be3e90] INFO  - Started TCP Listener on address 0.0.0.0 and on port 1883.
2025-01-28 23:56:58,913 INFO c.h.h.t.HelmChartContainer - [test-hivemq-platform] [hivemq] [44be3e90] INFO  - Started HiveMQ in 34794ms
2025-01-28 23:57:02,629 INFO c.h.h.t.HelmChartContainer - [test-hivemq-platform] [hivemq] [44be3e90] INFO  - [HiveMQ Platform Operator Init App 1.7.0-SNAPSHOT] Returning Health API response 200 for readiness
2025-01-28 23:57:02,643 INFO c.h.h.t.HelmChartContainer - [POD] test-hivemq-platform-1 [44be3e90-c104-4130-b16c-effaec75ed77] in helmcustomsecretconfigit was MODIFIED
2025-01-28 23:57:02,654 INFO c.h.h.t.HelmChartContainer - [hivemq-test-hivemq-platform] [hivemq-platform-operator] [a7ad56f8] 23:57:02.647 [pool-6-thread-27] DEBUG c.h.p.o.d.PlatformServiceResource - [helmcust] Desired Platform services (3 services)
2025-01-28 23:57:02,655 INFO c.h.h.t.HelmChartContainer - [hivemq-test-hivemq-platform] [hivemq-platform-operator] [a7ad56f8] 23:57:02.650 [pool-6-thread-24] DEBUG c.h.p.o.dependants.PodInfoConfigMap - [helmcust] Desired PodInfo ConfigMap (1 extensions) (1 enabled)
2025-01-28 23:57:02,655 INFO c.h.h.t.HelmChartContainer - [hivemq-test-hivemq-platform] [hivemq-platform-operator] [a7ad56f8] 23:57:02.652 [pool-6-thread-24] DEBUG c.h.p.o.dependants.PodInfoConfigMap - [helmcust] Desired PodInfo ConfigMap (metrics port: 9399) (metrics path: /)
2025-01-28 23:57:02,660 INFO c.h.h.t.HelmChartContainer - [hivemq-test-hivemq-platform] [hivemq-platform-operator] [a7ad56f8] 23:57:02.652 [pool-6-thread-24] DEBUG c.h.p.o.dependants.PodInfoConfigMap - [helmcust] Desired PodInfo ConfigMap (extension state hash: -1817474005)
2025-01-28 23:57:02,660 INFO c.h.h.t.HelmChartContainer - [hivemq-test-hivemq-platform] [hivemq-platform-operator] [a7ad56f8] 23:57:02.648 [pool-6-thread-25] DEBUG c.h.p.o.d.PodServiceAccountResource - [helmcust] Desired PodServiceAccountResource (serviceAccountName: hivemq-platform-pod-test-hivemq-platform)
2025-01-28 23:57:02,660 INFO c.h.h.t.HelmChartContainer - [hivemq-test-hivemq-platform] [hivemq-platform-operator] [a7ad56f8] 23:57:02.658 [pool-6-thread-27] DEBUG c.h.p.o.d.StatefulSetResource - [helmcust] Desired StatefulSet (2 replicas) for status STARTING (READY)
2025-01-28 23:57:02,665 INFO c.h.h.t.HelmChartContainer - [hivemq-test-hivemq-platform] [hivemq-platform-operator] [a7ad56f8] 23:57:02.664 [ReconcilerExecutor-hivemq-controller-121] INFO  c.h.p.o.HiveMQPlatformReconciler - [helmcust] Reconciling HiveMQ Platform 'test-hivemq-platform' in namespace 'helmcustomsecretconfigit'
2025-01-28 23:57:02,666 INFO c.h.h.t.HelmChartContainer - [hivemq-test-hivemq-platform] [hivemq-platform-operator] [a7ad56f8] 23:57:02.664 [ReconcilerExecutor-hivemq-controller-121] DEBUG c.h.p.o.HiveMQPlatformReconciler - [helmcust] Custom Resource Status STARTING - HiveMQ Platform is starting (READY)
2025-01-28 23:57:02,666 INFO c.h.h.t.HelmChartContainer - [hivemq-test-hivemq-platform] [hivemq-platform-operator] [a7ad56f8] 23:57:02.664 [ReconcilerExecutor-hivemq-controller-121] DEBUG c.h.p.o.HiveMQPlatformReconciler - [helmcust] Custom Resource Spec (replicas: 2) (extensions: 1)
2025-01-28 23:57:02,667 INFO c.h.h.t.HelmChartContainer - [hivemq-test-hivemq-platform] [hivemq-platform-operator] [a7ad56f8] 23:57:02.666 [ReconcilerExecutor-hivemq-controller-121] DEBUG c.h.p.o.HiveMQPlatformReconciler - [helmcust] StatefulSet Status (revision: test-hivemq-platform-65cfcbfbf9, replicas: 2, available: 2, ready: 2, current: 2, updated: 2)
2025-01-28 23:57:02,667 INFO c.h.h.t.HelmChartContainer - [hivemq-test-hivemq-platform] [hivemq-platform-operator] [a7ad56f8] 23:57:02.666 [ReconcilerExecutor-hivemq-controller-121] DEBUG c.h.p.o.HiveMQPlatformReconciler - [helmcust] StatefulSet Spec (replicas: 2, init containers: 1, containers: 1, volumes: 3)
2025-01-28 23:57:02,668 INFO c.h.h.t.HelmChartContainer - [hivemq-test-hivemq-platform] [hivemq-platform-operator] [a7ad56f8] 23:57:02.667 [ReconcilerExecutor-hivemq-controller-121] DEBUG c.h.p.o.h.HiveMQPlatformReconcilerErrorHandler - [helmcust] Pod 'test-hivemq-platform-1' phase Running
2025-01-28 23:57:02,671 INFO c.h.h.t.HelmChartContainer - [hivemq-test-hivemq-platform] [hivemq-platform-operator] [a7ad56f8] 23:57:02.670 [ReconcilerExecutor-hivemq-controller-121] DEBUG c.h.p.o.h.HiveMQPlatformReconcilerErrorHandler - [helmcust] Pod 'test-hivemq-platform-0' phase Running
2025-01-28 23:57:02,672 INFO c.h.h.t.HelmChartContainer - [hivemq-test-hivemq-platform] [hivemq-platform-operator] [a7ad56f8] 23:57:02.670 [ReconcilerExecutor-hivemq-controller-121] INFO  c.h.p.o.h.HiveMQPlatformReconcilerBaseHandler - [helmcust] HiveMQ Platform started successfully
2025-01-28 23:57:02,768 INFO c.h.h.t.HelmChartContainer - [hivemq-test-hivemq-platform] [hivemq-platform-operator] [a7ad56f8] 23:57:02.767 [ReconcilerExecutor-hivemq-controller-121] DEBUG c.h.p.operator.event.EventSender - [helmcust] Creating K8s event hivemq-platform-ready: [Ready] HiveMQ Platform is ready
2025-01-28 23:57:02,825 INFO c.h.h.t.HelmChartContainer - [EVENT] Normal [Ready] HiveMQ Platform is ready [helmcustomsecretconfigit:test-hivemq-platform]
2025-01-28 23:57:02,827 INFO c.h.h.t.HelmChartContainer - [hivemq-test-hivemq-platform] [hivemq-platform-operator] [a7ad56f8] 23:57:02.825 [ReconcilerExecutor-hivemq-controller-121] INFO  c.h.p.o.h.AbstractHiveMQReconcilerStateHandler - [helmcust] Update HiveMQ Platform Status (STARTING [READY] -> RUNNING [READY]): HiveMQ Platform is ready
2025-01-28 23:57:02,834 DEBUG com.hivemq.helmcharts.util.K8sUtil - Comparing actual state 'RUNNING' and waiting for 'RUNNING'
2025-01-28 23:57:02,865 INFO c.h.h.t.HelmChartContainer - [hivemq-test-hivemq-platform] [hivemq-platform-operator] [a7ad56f8] 23:57:02.864 [pool-6-thread-33] DEBUG c.h.p.o.d.PlatformServiceResource - [helmcust] Desired Platform services (3 services)
2025-01-28 23:57:02,924 INFO c.h.h.t.HelmChartContainer - [hivemq-test-hivemq-platform] [hivemq-platform-operator] [a7ad56f8] 23:57:02.921 [pool-6-thread-39] DEBUG c.h.p.o.dependants.PodInfoConfigMap - [helmcust] Desired PodInfo ConfigMap (1 extensions) (1 enabled)
2025-01-28 23:57:02,924 INFO c.h.h.t.HelmChartContainer - [hivemq-test-hivemq-platform] [hivemq-platform-operator] [a7ad56f8] 23:57:02.921 [pool-6-thread-39] DEBUG c.h.p.o.dependants.PodInfoConfigMap - [helmcust] Desired PodInfo ConfigMap (metrics port: 9399) (metrics path: /)
2025-01-28 23:57:02,924 INFO c.h.h.t.HelmChartContainer - [hivemq-test-hivemq-platform] [hivemq-platform-operator] [a7ad56f8] 23:57:02.921 [pool-6-thread-39] DEBUG c.h.p.o.dependants.PodInfoConfigMap - [helmcust] Desired PodInfo ConfigMap (extension state hash: -1817474005)
2025-01-28 23:57:02,924 INFO c.h.h.t.HelmChartContainer - [hivemq-test-hivemq-platform] [hivemq-platform-operator] [a7ad56f8] 23:57:02.921 [pool-6-thread-39] DEBUG c.h.p.o.dependants.PodInfoConfigMap - [helmcust] Update PodInfo ConfigMap
2025-01-28 23:57:02,924 INFO c.h.h.t.HelmChartContainer - [hivemq-test-hivemq-platform] [hivemq-platform-operator] [a7ad56f8] 23:57:02.923 [pool-6-thread-36] DEBUG c.h.p.o.d.PodServiceAccountResource - [helmcust] Desired PodServiceAccountResource (serviceAccountName: hivemq-platform-pod-test-hivemq-platform)
2025-01-28 23:57:02,943 INFO c.h.h.t.HelmChartContainer - [hivemq-test-hivemq-platform] [hivemq-platform-operator] [a7ad56f8] 23:57:02.942 [pool-6-thread-39] DEBUG c.h.p.o.d.StatefulSetResource - [helmcust] Desired StatefulSet (2 replicas) for status RUNNING (READY)
2025-01-28 23:57:02,945 INFO c.h.h.t.HelmChartContainer - [hivemq-test-hivemq-platform] [hivemq-platform-operator] [a7ad56f8] 23:57:02.945 [ReconcilerExecutor-hivemq-controller-122] INFO  c.h.p.o.HiveMQPlatformReconciler - [helmcust] Reconciling HiveMQ Platform 'test-hivemq-platform' in namespace 'helmcustomsecretconfigit'
2025-01-28 23:57:02,946 INFO c.h.h.t.HelmChartContainer - [hivemq-test-hivemq-platform] [hivemq-platform-operator] [a7ad56f8] 23:57:02.945 [ReconcilerExecutor-hivemq-controller-122] DEBUG c.h.p.o.HiveMQPlatformReconciler - [helmcust] Custom Resource Status RUNNING - HiveMQ Platform is ready (READY)
2025-01-28 23:57:02,946 INFO c.h.h.t.HelmChartContainer - [hivemq-test-hivemq-platform] [hivemq-platform-operator] [a7ad56f8] 23:57:02.945 [ReconcilerExecutor-hivemq-controller-122] DEBUG c.h.p.o.HiveMQPlatformReconciler - [helmcust] Custom Resource Spec (replicas: 2) (extensions: 1)
2025-01-28 23:57:02,947 INFO c.h.h.t.HelmChartContainer - [hivemq-test-hivemq-platform] [hivemq-platform-operator] [a7ad56f8] 23:57:02.946 [ReconcilerExecutor-hivemq-controller-122] DEBUG c.h.p.o.HiveMQPlatformReconciler - [helmcust] StatefulSet Status (revision: test-hivemq-platform-65cfcbfbf9, replicas: 2, available: 2, ready: 2, current: 2, updated: 2)
2025-01-28 23:57:02,962 INFO c.h.h.t.HelmChartContainer - [hivemq-test-hivemq-platform] [hivemq-platform-operator] [a7ad56f8] 23:57:02.946 [ReconcilerExecutor-hivemq-controller-122] DEBUG c.h.p.o.HiveMQPlatformReconciler - [helmcust] StatefulSet Spec (replicas: 2, init containers: 1, containers: 1, volumes: 3)
2025-01-28 23:57:02,963 INFO c.h.h.t.HelmChartContainer - [hivemq-test-hivemq-platform] [hivemq-platform-operator] [a7ad56f8] 23:57:02.962 [ReconcilerExecutor-hivemq-controller-122] DEBUG c.h.p.o.h.HiveMQPlatformReconcilerErrorHandler - [helmcust] Pod 'test-hivemq-platform-1' phase Running
2025-01-28 23:57:02,964 INFO c.h.h.t.HelmChartContainer - [hivemq-test-hivemq-platform] [hivemq-platform-operator] [a7ad56f8] 23:57:02.964 [ReconcilerExecutor-hivemq-controller-122] DEBUG c.h.p.o.h.HiveMQPlatformReconcilerErrorHandler - [helmcust] Pod 'test-hivemq-platform-0' phase Running
2025-01-28 23:57:04,854 INFO c.h.h.t.HelmChartContainer - Uninstalling release 'test-hivemq-platform' in namespace 'helmcustomsecretconfigit'...
2025-01-28 23:57:04,855 DEBUG c.h.h.t.HelmChartContainer - Executing helm command: /bin/helm --kubeconfig /etc/rancher/k3s/k3s.yaml uninstall test-hivemq-platform  --wait --timeout 5m0s --cascade foreground --namespace helmcustomsecretconfigit
2025-01-28 23:57:05,044 INFO c.h.h.t.HelmChartContainer - [hivemq-test-hivemq-platform] [hivemq-platform-operator] [a7ad56f8] 23:57:05.041 [ReconcilerExecutor-hivemq-controller-123] INFO  c.h.p.o.HiveMQPlatformReconciler - [helmcust] Cleanup test-hivemq-platform - helmcustomsecretconfigit HiveMQ Platform is shut down
2025-01-28 23:57:05,727 INFO c.h.h.t.HelmChartContainer - [POD] test-hivemq-platform-0 [65aa4b9b-1ab0-4676-8e63-957d72bd66b5] in helmcustomsecretconfigit was MODIFIED
2025-01-28 23:57:05,733 INFO c.h.h.t.HelmChartContainer - [EVENT] Normal [Killing] Stopping container hivemq [helmcustomsecretconfigit:test-hivemq-platform-0]
2025-01-28 23:57:05,734 INFO c.h.h.t.HelmChartContainer - Received Killing event for container hivemq in pod test-hivemq-platform-0 [65aa4b9b-1ab0-4676-8e63-957d72bd66b5]
2025-01-28 23:57:05,734 INFO c.h.h.t.HelmChartContainer - Container [test-hivemq-platform-0] [hivemq] [65aa4b9b-1ab0-4676-8e63-957d72bd66b5] was terminated
2025-01-28 23:57:05,734 INFO c.h.h.t.HelmChartContainer - Stopped log watcher for hivemq in pod test-hivemq-platform-0 [65aa4b9b-1ab0-4676-8e63-957d72bd66b5]
2025-01-28 23:57:05,739 INFO c.h.h.t.HelmChartContainer - [test-hivemq-platform] [hivemq] [65aa4b9b] INFO  - [HiveMQ Platform Operator Init App 1.7.0-SNAPSHOT] Shutting down
2025-01-28 23:57:05,740 INFO c.h.h.t.HelmChartContainer - [test-hivemq-platform] [hivemq] [65aa4b9b] INFO  - [HiveMQ Platform Operator Init App 1.7.0-SNAPSHOT] Stopping the HiveMQ Platform
2025-01-28 23:57:05,755 INFO c.h.h.t.HelmChartContainer - [POD] test-hivemq-platform-1 [44be3e90-c104-4130-b16c-effaec75ed77] in helmcustomsecretconfigit was MODIFIED
2025-01-28 23:57:05,757 INFO c.h.h.t.HelmChartContainer - [EVENT] Normal [Killing] Stopping container hivemq [helmcustomsecretconfigit:test-hivemq-platform-1]
2025-01-28 23:57:05,757 INFO c.h.h.t.HelmChartContainer - Received Killing event for container hivemq in pod test-hivemq-platform-1 [44be3e90-c104-4130-b16c-effaec75ed77]
2025-01-28 23:57:05,757 INFO c.h.h.t.HelmChartContainer - Container [test-hivemq-platform-1] [hivemq] [44be3e90-c104-4130-b16c-effaec75ed77] was terminated
2025-01-28 23:57:05,757 INFO c.h.h.t.HelmChartContainer - Stopped log watcher for hivemq in pod test-hivemq-platform-1 [44be3e90-c104-4130-b16c-effaec75ed77]
2025-01-28 23:57:05,773 INFO c.h.h.t.HelmChartContainer - [test-hivemq-platform] [hivemq] [44be3e90] INFO  - [HiveMQ Platform Operator Init App 1.7.0-SNAPSHOT] Shutting down
2025-01-28 23:57:05,775 INFO c.h.h.t.HelmChartContainer - [test-hivemq-platform] [hivemq] [44be3e90] INFO  - [HiveMQ Platform Operator Init App 1.7.0-SNAPSHOT] Stopping the HiveMQ Platform
2025-01-28 23:57:05,843 INFO c.h.h.t.HelmChartContainer - [test-hivemq-platform] [hivemq] [65aa4b9b] INFO  - Shutting down HiveMQ. Please wait, this could take a while...
2025-01-28 23:57:05,891 INFO c.h.h.t.HelmChartContainer - [test-hivemq-platform] [hivemq] [44be3e90] INFO  - Shutting down HiveMQ. Please wait, this could take a while...
2025-01-28 23:57:05,910 INFO c.h.h.t.HelmChartContainer - [test-hivemq-platform] [hivemq] [44be3e90] INFO  - Shutting down listeners and clients
2025-01-28 23:57:05,912 INFO c.h.h.t.HelmChartContainer - [test-hivemq-platform] [hivemq] [44be3e90] INFO  - Shutdown of listeners is done
2025-01-28 23:57:05,912 INFO c.h.h.t.HelmChartContainer - [test-hivemq-platform] [hivemq] [44be3e90] INFO  - No clients are connected, proceeding with shutdown
2025-01-28 23:57:05,927 INFO c.h.h.t.HelmChartContainer - [test-hivemq-platform] [hivemq] [65aa4b9b] INFO  - Shutting down listeners and clients
2025-01-28 23:57:05,928 INFO c.h.h.t.HelmChartContainer - [test-hivemq-platform] [hivemq] [65aa4b9b] INFO  - Shutdown of listeners is done
2025-01-28 23:57:05,928 INFO c.h.h.t.HelmChartContainer - [test-hivemq-platform] [hivemq] [65aa4b9b] INFO  - No clients are connected, proceeding with shutdown
2025-01-28 23:57:07,075 INFO c.h.h.t.HelmChartContainer - Deleting namespace 'helmcustomsecretconfigit'...
2025-01-28 23:57:07,625 INFO c.h.h.t.HelmChartContainer - [test-hivemq-platform] [hivemq] [44be3e90] INFO  - [HiveMQ Platform Operator Init App 1.7.0-SNAPSHOT] Returning shutdown Health API response 503 for readiness
2025-01-28 23:57:07,629 INFO c.h.h.t.HelmChartContainer - [EVENT] Warning [Unhealthy] Readiness probe failed: HTTP probe failed with statuscode: 503 [helmcustomsecretconfigit:test-hivemq-platform-1]
2025-01-28 23:57:07,629 INFO c.h.h.t.HelmChartContainer - Received Unhealthy event for container hivemq in pod test-hivemq-platform-1 [44be3e90-c104-4130-b16c-effaec75ed77]
2025-01-28 23:57:08,128 INFO c.h.h.t.HelmChartContainer - [test-hivemq-platform] [hivemq] [44be3e90] WARN  - [HiveMQ Platform Operator Init App 1.7.0-SNAPSHOT] Could not update Pod annotations: Failure executing: GET at: https://10.43.0.1:443/api/v1/namespaces/helmcustomsecretconfigit/pods/test-hivemq-platform-1. Message: pods "test-hivemq-platform-1" is forbidden: User "system:serviceaccount:helmcustomsecretconfigit:hivemq-platform-pod-test-hivemq-platform" cannot get resource "pods" in API group "" in the namespace "helmcustomsecretconfigit". Received status: Status(apiVersion=v1, code=403, details=StatusDetails(causes=[], group=null, kind=pods, name=test-hivemq-platform-1, retryAfterSeconds=null, uid=null, additionalProperties={}), kind=Status, message=pods "test-hivemq-platform-1" is forbidden: User "system:serviceaccount:helmcustomsecretconfigit:hivemq-platform-pod-test-hivemq-platform" cannot get resource "pods" in API group "" in the namespace "helmcustomsecretconfigit", metadata=ListMeta(_continue=null, remainingItemCount=null, resourceVersion=null, selfLink=null, additionalProperties={}), reason=Forbidden, status=Failure, additionalProperties={}).
2025-01-28 23:57:08,817 INFO c.h.h.t.HelmChartContainer - [test-hivemq-platform] [hivemq] [44be3e90] INFO  - Shutting down extension system
2025-01-28 23:57:08,819 INFO c.h.h.t.HelmChartContainer - [test-hivemq-platform] [hivemq] [44be3e90] INFO  - Stopping extension with id hivemq-dns-cluster-discovery
2025-01-28 23:57:08,820 INFO c.h.h.t.HelmChartContainer - [test-hivemq-platform] [hivemq] [44be3e90] INFO  - Extension "DNS Cluster Discovery Extension" version 4.3.2 stopped successfully.
2025-01-28 23:57:08,820 INFO c.h.h.t.HelmChartContainer - [test-hivemq-platform] [hivemq] [44be3e90] INFO  - Stopping extension with id hivemq-prometheus-extension
2025-01-28 23:57:08,825 INFO c.h.h.t.HelmChartContainer - [test-hivemq-platform] [hivemq] [44be3e90] INFO  - Extension "Prometheus Monitoring Extension" version 4.0.12 stopped successfully.
2025-01-28 23:57:08,825 INFO c.h.h.t.HelmChartContainer - [test-hivemq-platform] [hivemq] [44be3e90] INFO  - Stopping extension with id hivemq-allow-all-extension
2025-01-28 23:57:08,825 INFO c.h.h.t.HelmChartContainer - [test-hivemq-platform] [hivemq] [44be3e90] INFO  - Extension "Allow All Extension" version 1.1.1 stopped successfully.
2025-01-28 23:57:08,829 INFO c.h.h.t.HelmChartContainer - [test-hivemq-platform] [hivemq] [65aa4b9b] INFO  - Cluster nodes found by discovery: [2hlXO|2] (1) [2hlXO].
2025-01-28 23:57:08,840 INFO c.h.h.t.HelmChartContainer - [test-hivemq-platform] [hivemq] [65aa4b9b] INFO  - Cluster size = 1, members : [2hlXO].
2025-01-28 23:57:09,039 INFO c.h.h.t.HelmChartContainer - [test-hivemq-platform] [hivemq] [65aa4b9b] INFO  - Shutting down extension system
2025-01-28 23:57:09,044 INFO c.h.h.t.HelmChartContainer - [test-hivemq-platform] [hivemq] [65aa4b9b] INFO  - Stopping extension with id hivemq-dns-cluster-discovery
2025-01-28 23:57:09,044 INFO c.h.h.t.HelmChartContainer - [test-hivemq-platform] [hivemq] [65aa4b9b] INFO  - Extension "DNS Cluster Discovery Extension" version 4.3.2 stopped successfully.
2025-01-28 23:57:09,045 INFO c.h.h.t.HelmChartContainer - [test-hivemq-platform] [hivemq] [65aa4b9b] INFO  - Stopping extension with id hivemq-prometheus-extension
2025-01-28 23:57:09,053 INFO c.h.h.t.HelmChartContainer - [test-hivemq-platform] [hivemq] [65aa4b9b] INFO  - Extension "Prometheus Monitoring Extension" version 4.0.12 stopped successfully.
2025-01-28 23:57:09,053 INFO c.h.h.t.HelmChartContainer - [test-hivemq-platform] [hivemq] [65aa4b9b] INFO  - Stopping extension with id hivemq-allow-all-extension
2025-01-28 23:57:09,053 INFO c.h.h.t.HelmChartContainer - [test-hivemq-platform] [hivemq] [65aa4b9b] INFO  - Extension "Allow All Extension" version 1.1.1 stopped successfully.
2025-01-28 23:57:09,441 INFO c.h.h.t.HelmChartContainer - [test-hivemq-platform] [hivemq] [65aa4b9b] INFO  - [HiveMQ Platform Operator Init App 1.7.0-SNAPSHOT] Returning shutdown Health API response 503 for readiness
2025-01-28 23:57:09,445 INFO c.h.h.t.HelmChartContainer - [EVENT] Warning [Unhealthy] Readiness probe failed: HTTP probe failed with statuscode: 503 [helmcustomsecretconfigit:test-hivemq-platform-0]
2025-01-28 23:57:09,445 INFO c.h.h.t.HelmChartContainer - Received Unhealthy event for container hivemq in pod test-hivemq-platform-0 [65aa4b9b-1ab0-4676-8e63-957d72bd66b5]
2025-01-28 23:57:10,016 INFO c.h.h.t.HelmChartContainer - [K3S] [authentication.go:74] "Unable to authenticate the request" err="[invalid bearer token, serviceaccounts \"hivemq-platform-pod-test-hivemq-platform\" not found]"
2025-01-28 23:57:10,035 INFO c.h.h.t.HelmChartContainer - [K3S] [authentication.go:74] "Unable to authenticate the request" err="[invalid bearer token, serviceaccounts \"hivemq-platform-pod-test-hivemq-platform\" not found]"
2025-01-28 23:57:10,046 INFO c.h.h.t.HelmChartContainer - [test-hivemq-platform] [hivemq] [65aa4b9b] WARN  - [HiveMQ Platform Operator Init App 1.7.0-SNAPSHOT] Could not update Pod annotations: Failure executing: GET at: https://10.43.0.1:443/api/v1/namespaces/helmcustomsecretconfigit/pods/test-hivemq-platform-0. Message: Unauthorized. Received status: Status(apiVersion=v1, code=401, details=null, kind=Status, message=Unauthorized, metadata=ListMeta(_continue=null, remainingItemCount=null, resourceVersion=null, selfLink=null, additionalProperties={}), reason=Unauthorized, status=Failure, additionalProperties={}).
2025-01-28 23:57:11,187 INFO c.h.h.t.HelmChartContainer - [test-hivemq-platform] [hivemq] [44be3e90] INFO  - Shutdown completed.
2025-01-28 23:57:11,332 INFO c.h.h.t.HelmChartContainer - [test-hivemq-platform] [hivemq] [65aa4b9b] INFO  - Shutdown completed.
2025-01-28 23:57:11,541 INFO c.h.h.t.HelmChartContainer - [test-hivemq-platform] [hivemq] [44be3e90] INFO  - [HiveMQ Platform Operator Init App 1.7.0-SNAPSHOT] The HiveMQ Platform exited with code 143
2025-01-28 23:57:11,541 INFO c.h.h.t.HelmChartContainer - [test-hivemq-platform] [hivemq] [44be3e90] INFO  - [HiveMQ Platform Operator Init App 1.7.0-SNAPSHOT] Stopping the REST API
2025-01-28 23:57:11,546 INFO c.h.h.t.HelmChartContainer - [test-hivemq-platform] [hivemq] [44be3e90] INFO  - [HiveMQ Platform Operator Init App 1.7.0-SNAPSHOT] Shutdown complete
2025-01-28 23:57:11,680 INFO c.h.h.t.HelmChartContainer - [test-hivemq-platform] [hivemq] [65aa4b9b] INFO  - [HiveMQ Platform Operator Init App 1.7.0-SNAPSHOT] The HiveMQ Platform exited with code 143
2025-01-28 23:57:11,680 INFO c.h.h.t.HelmChartContainer - [test-hivemq-platform] [hivemq] [65aa4b9b] INFO  - [HiveMQ Platform Operator Init App 1.7.0-SNAPSHOT] Stopping the REST API
2025-01-28 23:57:11,688 INFO c.h.h.t.HelmChartContainer - [test-hivemq-platform] [hivemq] [65aa4b9b] INFO  - [HiveMQ Platform Operator Init App 1.7.0-SNAPSHOT] Shutdown complete
2025-01-28 23:57:12,094 INFO c.h.h.t.HelmChartContainer - [POD] test-hivemq-platform-1 [44be3e90-c104-4130-b16c-effaec75ed77] in helmcustomsecretconfigit was MODIFIED
2025-01-28 23:57:12,095 INFO c.h.h.t.HelmChartContainer - [K3S] [stateful_set.go:438] "Unhandled Error" err="error syncing StatefulSet helmcustomsecretconfigit/test-hivemq-platform, requeuing: controllerrevisions.apps \"test-hivemq-platform-65cfcbfbf9\" is forbidden: unable to create new content in namespace helmcustomsecretconfigit because it is being terminated"
2025-01-28 23:57:12,103 INFO c.h.h.t.HelmChartContainer - [K3S] [stateful_set.go:438] "Unhandled Error" err="error syncing StatefulSet helmcustomsecretconfigit/test-hivemq-platform, requeuing: controllerrevisions.apps \"test-hivemq-platform-65cfcbfbf9\" is forbidden: unable to create new content in namespace helmcustomsecretconfigit because it is being terminated"
2025-01-28 23:57:12,116 INFO c.h.h.t.HelmChartContainer - [K3S] [stateful_set.go:438] "Unhandled Error" err="error syncing StatefulSet helmcustomsecretconfigit/test-hivemq-platform, requeuing: controllerrevisions.apps \"test-hivemq-platform-65cfcbfbf9\" is forbidden: unable to create new content in namespace helmcustomsecretconfigit because it is being terminated"
2025-01-28 23:57:12,121 INFO c.h.h.t.HelmChartContainer - [K3S] [stateful_set.go:438] "Unhandled Error" err="error syncing StatefulSet helmcustomsecretconfigit/test-hivemq-platform, requeuing: controllerrevisions.apps \"test-hivemq-platform-65cfcbfbf9\" is forbidden: unable to create new content in namespace helmcustomsecretconfigit because it is being terminated"
2025-01-28 23:57:12,122 INFO c.h.h.t.HelmChartContainer - [POD] test-hivemq-platform-0 [65aa4b9b-1ab0-4676-8e63-957d72bd66b5] in helmcustomsecretconfigit was MODIFIED
2025-01-28 23:57:12,144 INFO c.h.h.t.HelmChartContainer - [K3S] [stateful_set.go:438] "Unhandled Error" err="error syncing StatefulSet helmcustomsecretconfigit/test-hivemq-platform, requeuing: controllerrevisions.apps \"test-hivemq-platform-65cfcbfbf9\" is forbidden: unable to create new content in namespace helmcustomsecretconfigit because it is being terminated"
2025-01-28 23:57:12,226 INFO c.h.h.t.HelmChartContainer - [K3S] [stateful_set.go:438] "Unhandled Error" err="error syncing StatefulSet helmcustomsecretconfigit/test-hivemq-platform, requeuing: controllerrevisions.apps \"test-hivemq-platform-65cfcbfbf9\" is forbidden: unable to create new content in namespace helmcustomsecretconfigit because it is being terminated"
2025-01-28 23:57:12,235 INFO c.h.h.t.HelmChartContainer - [K3S] [stateful_set.go:466] "StatefulSet has been deleted" key="helmcustomsecretconfigit/test-hivemq-platform"
2025-01-28 23:57:12,269 INFO c.h.h.t.HelmChartContainer - [K3S] [reconciler_common.go:162] "operationExecutor.UnmountVolume started for volume \"broker-configuration\" (UniqueName: \"kubernetes.io/secret/65aa4b9b-1ab0-4676-8e63-957d72bd66b5-broker-configuration\") pod \"65aa4b9b-1ab0-4676-8e63-957d72bd66b5\" (UID: \"65aa4b9b-1ab0-4676-8e63-957d72bd66b5\") "
2025-01-28 23:57:12,269 INFO c.h.h.t.HelmChartContainer - [K3S] [reconciler_common.go:162] "operationExecutor.UnmountVolume started for volume \"pod-info\" (UniqueName: \"kubernetes.io/configmap/65aa4b9b-1ab0-4676-8e63-957d72bd66b5-pod-info\") pod \"65aa4b9b-1ab0-4676-8e63-957d72bd66b5\" (UID: \"65aa4b9b-1ab0-4676-8e63-957d72bd66b5\") "
2025-01-28 23:57:12,269 INFO c.h.h.t.HelmChartContainer - [K3S] [reconciler_common.go:162] "operationExecutor.UnmountVolume started for volume \"pod-info\" (UniqueName: \"kubernetes.io/configmap/44be3e90-c104-4130-b16c-effaec75ed77-pod-info\") pod \"44be3e90-c104-4130-b16c-effaec75ed77\" (UID: \"44be3e90-c104-4130-b16c-effaec75ed77\") "
2025-01-28 23:57:12,269 INFO c.h.h.t.HelmChartContainer - [K3S] [reconciler_common.go:162] "operationExecutor.UnmountVolume started for volume \"kube-api-access-jrlff\" (UniqueName: \"kubernetes.io/projected/44be3e90-c104-4130-b16c-effaec75ed77-kube-api-access-jrlff\") pod \"44be3e90-c104-4130-b16c-effaec75ed77\" (UID: \"44be3e90-c104-4130-b16c-effaec75ed77\") "
2025-01-28 23:57:12,270 INFO c.h.h.t.HelmChartContainer - [K3S] [reconciler_common.go:162] "operationExecutor.UnmountVolume started for volume \"kube-api-access-fwl7p\" (UniqueName: \"kubernetes.io/projected/65aa4b9b-1ab0-4676-8e63-957d72bd66b5-kube-api-access-fwl7p\") pod \"65aa4b9b-1ab0-4676-8e63-957d72bd66b5\" (UID: \"65aa4b9b-1ab0-4676-8e63-957d72bd66b5\") "
2025-01-28 23:57:12,270 INFO c.h.h.t.HelmChartContainer - [K3S] [reconciler_common.go:162] "operationExecutor.UnmountVolume started for volume \"broker-configuration\" (UniqueName: \"kubernetes.io/secret/44be3e90-c104-4130-b16c-effaec75ed77-broker-configuration\") pod \"44be3e90-c104-4130-b16c-effaec75ed77\" (UID: \"44be3e90-c104-4130-b16c-effaec75ed77\") "
2025-01-28 23:57:12,270 INFO c.h.h.t.HelmChartContainer - [K3S] [reconciler_common.go:162] "operationExecutor.UnmountVolume started for volume \"operator-init\" (UniqueName: \"kubernetes.io/empty-dir/65aa4b9b-1ab0-4676-8e63-957d72bd66b5-operator-init\") pod \"65aa4b9b-1ab0-4676-8e63-957d72bd66b5\" (UID: \"65aa4b9b-1ab0-4676-8e63-957d72bd66b5\") "
2025-01-28 23:57:12,270 INFO c.h.h.t.HelmChartContainer - [K3S] [reconciler_common.go:162] "operationExecutor.UnmountVolume started for volume \"operator-init\" (UniqueName: \"kubernetes.io/empty-dir/44be3e90-c104-4130-b16c-effaec75ed77-operator-init\") pod \"44be3e90-c104-4130-b16c-effaec75ed77\" (UID: \"44be3e90-c104-4130-b16c-effaec75ed77\") "
2025-01-28 23:57:12,314 INFO c.h.h.t.HelmChartContainer - [K3S] [namespace_controller.go:164] "Unhandled Error" err="deletion of namespace helmcustomsecretconfigit failed: unexpected items still remain in namespace: helmcustomsecretconfigit for gvr: /v1, Resource=pods"
2025-01-28 23:57:12,369 INFO c.h.h.t.HelmChartContainer - [K3S] [reconciler_common.go:299] "Volume detached for volume \"operator-init\" (UniqueName: \"kubernetes.io/empty-dir/65aa4b9b-1ab0-4676-8e63-957d72bd66b5-operator-init\") on node \"21a493cab54f\" DevicePath \"\""
2025-01-28 23:57:12,369 INFO c.h.h.t.HelmChartContainer - [K3S] [reconciler_common.go:299] "Volume detached for volume \"operator-init\" (UniqueName: \"kubernetes.io/empty-dir/44be3e90-c104-4130-b16c-effaec75ed77-operator-init\") on node \"21a493cab54f\" DevicePath \"\""
2025-01-28 23:57:12,369 INFO c.h.h.t.HelmChartContainer - [K3S] [reconciler_common.go:299] "Volume detached for volume \"kube-api-access-jrlff\" (UniqueName: \"kubernetes.io/projected/44be3e90-c104-4130-b16c-effaec75ed77-kube-api-access-jrlff\") on node \"21a493cab54f\" DevicePath \"\""
2025-01-28 23:57:12,369 INFO c.h.h.t.HelmChartContainer - [K3S] [reconciler_common.go:299] "Volume detached for volume \"broker-configuration\" (UniqueName: \"kubernetes.io/secret/65aa4b9b-1ab0-4676-8e63-957d72bd66b5-broker-configuration\") on node \"21a493cab54f\" DevicePath \"\""
2025-01-28 23:57:12,369 INFO c.h.h.t.HelmChartContainer - [K3S] [reconciler_common.go:299] "Volume detached for volume \"pod-info\" (UniqueName: \"kubernetes.io/configmap/65aa4b9b-1ab0-4676-8e63-957d72bd66b5-pod-info\") on node \"21a493cab54f\" DevicePath \"\""
2025-01-28 23:57:12,369 INFO c.h.h.t.HelmChartContainer - [K3S] [reconciler_common.go:299] "Volume detached for volume \"pod-info\" (UniqueName: \"kubernetes.io/configmap/44be3e90-c104-4130-b16c-effaec75ed77-pod-info\") on node \"21a493cab54f\" DevicePath \"\""
2025-01-28 23:57:12,369 INFO c.h.h.t.HelmChartContainer - [K3S] [reconciler_common.go:299] "Volume detached for volume \"kube-api-access-fwl7p\" (UniqueName: \"kubernetes.io/projected/65aa4b9b-1ab0-4676-8e63-957d72bd66b5-kube-api-access-fwl7p\") on node \"21a493cab54f\" DevicePath \"\""
2025-01-28 23:57:12,369 INFO c.h.h.t.HelmChartContainer - [K3S] [reconciler_common.go:299] "Volume detached for volume \"broker-configuration\" (UniqueName: \"kubernetes.io/secret/44be3e90-c104-4130-b16c-effaec75ed77-broker-configuration\") on node \"21a493cab54f\" DevicePath \"\""
2025-01-28 23:57:12,387 INFO c.h.h.t.HelmChartContainer - [K3S] [stateful_set.go:466] "StatefulSet has been deleted" key="helmcustomsecretconfigit/test-hivemq-platform"
2025-01-28 23:57:12,474 INFO c.h.h.t.HelmChartContainer - [K3S] [namespace_controller.go:164] "Unhandled Error" err="deletion of namespace helmcustomsecretconfigit failed: unexpected items still remain in namespace: helmcustomsecretconfigit for gvr: /v1, Resource=pods"
2025-01-28 23:57:12,575 INFO c.h.h.t.HelmChartContainer - [K3S] [namespace_controller.go:164] "Unhandled Error" err="deletion of namespace helmcustomsecretconfigit failed: unexpected items still remain in namespace: helmcustomsecretconfigit for gvr: /v1, Resource=pods"
2025-01-28 23:57:12,686 INFO c.h.h.t.HelmChartContainer - [K3S] [namespace_controller.go:164] "Unhandled Error" err="deletion of namespace helmcustomsecretconfigit failed: unexpected items still remain in namespace: helmcustomsecretconfigit for gvr: /v1, Resource=pods"
2025-01-28 23:57:12,817 INFO c.h.h.t.HelmChartContainer - [K3S] [namespace_controller.go:164] "Unhandled Error" err="deletion of namespace helmcustomsecretconfigit failed: unexpected items still remain in namespace: helmcustomsecretconfigit for gvr: /v1, Resource=pods"
2025-01-28 23:57:12,825 INFO c.h.h.t.HelmChartContainer - [K3S] [scope.go:117] "RemoveContainer" containerID="4e5c01efc005391b5a0ad0b1938baabcf2d54c41705e8f47b37a3b5c8dea6c76"
2025-01-28 23:57:12,847 INFO c.h.h.t.HelmChartContainer - [POD] test-hivemq-platform-0 [65aa4b9b-1ab0-4676-8e63-957d72bd66b5] in helmcustomsecretconfigit was MODIFIED
2025-01-28 23:57:12,847 INFO c.h.h.t.HelmChartContainer - [POD] test-hivemq-platform-0 [65aa4b9b-1ab0-4676-8e63-957d72bd66b5] in helmcustomsecretconfigit was DELETED
2025-01-28 23:57:12,856 INFO c.h.h.t.HelmChartContainer - [POD] test-hivemq-platform-1 [44be3e90-c104-4130-b16c-effaec75ed77] in helmcustomsecretconfigit was MODIFIED
2025-01-28 23:57:12,859 INFO c.h.h.t.HelmChartContainer - [POD] test-hivemq-platform-1 [44be3e90-c104-4130-b16c-effaec75ed77] in helmcustomsecretconfigit was DELETED
2025-01-28 23:57:12,948 INFO c.h.h.t.HelmChartContainer - [K3S] [scope.go:117] "RemoveContainer" containerID="76212302775a90da17b5e4d12e92cd674e71693ec95e24014a4297a7d025ddda"
2025-01-28 23:57:12,951 INFO c.h.h.t.HelmChartContainer - [K3S] [scope.go:117] "RemoveContainer" containerID="4e5c01efc005391b5a0ad0b1938baabcf2d54c41705e8f47b37a3b5c8dea6c76"
2025-01-28 23:57:12,952 INFO c.h.h.t.HelmChartContainer - [K3S] [scope.go:117] "RemoveContainer" containerID="76212302775a90da17b5e4d12e92cd674e71693ec95e24014a4297a7d025ddda"
2025-01-28 23:57:12,952 INFO c.h.h.t.HelmChartContainer - [K3S] [scope.go:117] "RemoveContainer" containerID="1923332e3e81fabae3799fd913ef03f885b95ca85e98627f64cc8c0df8edc403"
2025-01-28 23:57:13,068 INFO c.h.h.t.HelmChartContainer - [K3S] [scope.go:117] "RemoveContainer" containerID="dcce4d576d145b9ea0fe1af8ce048bcdd3245ef8c023024a1f83fd217af23bc6"
2025-01-28 23:57:13,071 INFO c.h.h.t.HelmChartContainer - [K3S] [scope.go:117] "RemoveContainer" containerID="1923332e3e81fabae3799fd913ef03f885b95ca85e98627f64cc8c0df8edc403"
2025-01-28 23:57:13,072 INFO c.h.h.t.HelmChartContainer - [K3S] [scope.go:117] "RemoveContainer" containerID="dcce4d576d145b9ea0fe1af8ce048bcdd3245ef8c023024a1f83fd217af23bc6"
2025-01-28 23:57:13,096 INFO c.h.h.t.HelmChartContainer - Namespace 'helmcustomsecretconfigit' deleted
2025-01-28 23:57:13,096 INFO c.h.h.t.HelmChartContainer - Release 'test-hivemq-platform' in namespace 'helmcustomsecretconfigit' is uninstalled
2025-01-28 23:57:13,097 INFO c.h.h.t.HelmChartContainer - Uninstalling release 'test-hivemq-platform-operator' in namespace 'helmcustomsecretconfigit-operator'...
2025-01-28 23:57:13,097 DEBUG c.h.h.t.HelmChartContainer - Executing helm command: /bin/helm --kubeconfig /etc/rancher/k3s/k3s.yaml uninstall test-hivemq-platform-operator  --wait --timeout 5m0s --cascade foreground --namespace helmcustomsecretconfigit-operator
2025-01-28 23:57:13,256 INFO c.h.h.t.HelmChartContainer - [K3S] [kubelet_volumes.go:163] "Cleaned up orphaned pod volumes dir" podUID="44be3e90-c104-4130-b16c-effaec75ed77" path="/var/lib/kubelet/pods/44be3e90-c104-4130-b16c-effaec75ed77/volumes"
2025-01-28 23:57:13,257 INFO c.h.h.t.HelmChartContainer - [K3S] [kubelet_volumes.go:163] "Cleaned up orphaned pod volumes dir" podUID="65aa4b9b-1ab0-4676-8e63-957d72bd66b5" path="/var/lib/kubelet/pods/65aa4b9b-1ab0-4676-8e63-957d72bd66b5/volumes"
2025-01-28 23:57:13,275 INFO c.h.h.t.HelmChartContainer - [K3S] [replica_set.go:679] "Finished syncing" kind="ReplicaSet" key="helmcustomsecretconfigit-operator/hivemq-test-hivemq-platform-operator-6966f96d65" duration="10.102876ms"
2025-01-28 23:57:13,275 INFO c.h.h.t.HelmChartContainer - [K3S] [replica_set.go:679] "Finished syncing" kind="ReplicaSet" key="helmcustomsecretconfigit-operator/hivemq-test-hivemq-platform-operator-6966f96d65" duration="34.694µs"
2025-01-28 23:57:13,295 INFO c.h.h.t.HelmChartContainer - [POD] hivemq-test-hivemq-platform-operator-6966f96d65-mfnf8 [a7ad56f8-0cb1-472c-9076-fef1b1998466] in helmcustomsecretconfigit-operator was MODIFIED
2025-01-28 23:57:13,309 INFO c.h.h.t.HelmChartContainer - [K3S] [replica_set.go:679] "Finished syncing" kind="ReplicaSet" key="helmcustomsecretconfigit-operator/hivemq-test-hivemq-platform-operator-6966f96d65" duration="15.124491ms"
2025-01-28 23:57:13,308 INFO c.h.h.t.HelmChartContainer - [EVENT] Normal [Killing] Stopping container hivemq-platform-operator [helmcustomsecretconfigit-operator:hivemq-test-hivemq-platform-operator-6966f96d65-mfnf8]
2025-01-28 23:57:13,309 INFO c.h.h.t.HelmChartContainer - Received Killing event for container hivemq-platform-operator in pod hivemq-test-hivemq-platform-operator-6966f96d65-mfnf8 [a7ad56f8-0cb1-472c-9076-fef1b1998466]
2025-01-28 23:57:13,309 INFO c.h.h.t.HelmChartContainer - Container [hivemq-test-hivemq-platform-operator-6966f96d65-mfnf8] [hivemq-platform-operator] [a7ad56f8-0cb1-472c-9076-fef1b1998466] was terminated
2025-01-28 23:57:13,309 INFO c.h.h.t.HelmChartContainer - Stopped log watcher for hivemq-platform-operator in pod hivemq-test-hivemq-platform-operator-6966f96d65-mfnf8 [a7ad56f8-0cb1-472c-9076-fef1b1998466]
2025-01-28 23:57:13,310 INFO c.h.h.t.HelmChartContainer - [hivemq-test-hivemq-platform] [hivemq-platform-operator] [a7ad56f8] 23:57:13.304 [application-shutdown-thread] INFO  c.h.p.o.HiveMQPlatformOperatorApplication - HiveMQ Platform Operator is stopping...
2025-01-28 23:57:13,311 INFO c.h.h.t.HelmChartContainer - [hivemq-test-hivemq-platform] [hivemq-platform-operator] [a7ad56f8] 23:57:13.304 [application-shutdown-thread] INFO  i.javaoperatorsdk.operator.Operator - Operator SDK 4.9.7 is shutting down...
2025-01-28 23:57:13,316 INFO c.h.h.t.HelmChartContainer - [K3S] [replica_set.go:679] "Finished syncing" kind="ReplicaSet" key="helmcustomsecretconfigit-operator/hivemq-test-hivemq-platform-operator-6966f96d65" duration="47.068µs"
2025-01-28 23:57:13,808 INFO c.h.h.t.HelmChartContainer - [K3S] [replica_set.go:679] "Finished syncing" kind="ReplicaSet" key="helmcustomsecretconfigit-operator/hivemq-test-hivemq-platform-operator-6966f96d65" duration="44.242µs"
2025-01-28 23:57:13,810 INFO c.h.h.t.HelmChartContainer - [POD] hivemq-test-hivemq-platform-operator-6966f96d65-mfnf8 [a7ad56f8-0cb1-472c-9076-fef1b1998466] in helmcustomsecretconfigit-operator was MODIFIED
2025-01-28 23:57:13,830 INFO c.h.h.t.HelmChartContainer - [K3S] [scope.go:117] "RemoveContainer" containerID="28ed25161d56dde862c10bd49315fb95f43a39a98006f68c936f5d6c13ce2500"
2025-01-28 23:57:13,833 INFO c.h.h.t.HelmChartContainer - [K3S] [scope.go:117] "RemoveContainer" containerID="28ed25161d56dde862c10bd49315fb95f43a39a98006f68c936f5d6c13ce2500"
2025-01-28 23:57:13,878 INFO c.h.h.t.HelmChartContainer - [K3S] [reconciler_common.go:162] "operationExecutor.UnmountVolume started for volume \"kube-api-access-s4n22\" (UniqueName: \"kubernetes.io/projected/a7ad56f8-0cb1-472c-9076-fef1b1998466-kube-api-access-s4n22\") pod \"a7ad56f8-0cb1-472c-9076-fef1b1998466\" (UID: \"a7ad56f8-0cb1-472c-9076-fef1b1998466\") "
2025-01-28 23:57:13,979 INFO c.h.h.t.HelmChartContainer - [K3S] [reconciler_common.go:299] "Volume detached for volume \"kube-api-access-s4n22\" (UniqueName: \"kubernetes.io/projected/a7ad56f8-0cb1-472c-9076-fef1b1998466-kube-api-access-s4n22\") on node \"21a493cab54f\" DevicePath \"\""
2025-01-28 23:57:14,142 INFO c.h.h.t.HelmChartContainer - [K3S] [replica_set.go:679] "Finished syncing" kind="ReplicaSet" key="helmcustomsecretconfigit-operator/hivemq-test-hivemq-platform-operator-6966f96d65" duration="39.414µs"
2025-01-28 23:57:14,143 INFO c.h.h.t.HelmChartContainer - [POD] hivemq-test-hivemq-platform-operator-6966f96d65-mfnf8 [a7ad56f8-0cb1-472c-9076-fef1b1998466] in helmcustomsecretconfigit-operator was MODIFIED
2025-01-28 23:57:14,144 INFO c.h.h.t.HelmChartContainer - [POD] hivemq-test-hivemq-platform-operator-6966f96d65-mfnf8 [a7ad56f8-0cb1-472c-9076-fef1b1998466] in helmcustomsecretconfigit-operator was DELETED
2025-01-28 23:57:14,144 INFO c.h.h.t.HelmChartContainer - [K3S] [replica_set.go:679] "Finished syncing" kind="ReplicaSet" key="helmcustomsecretconfigit-operator/hivemq-test-hivemq-platform-operator-6966f96d65" duration="23.274µs"
2025-01-28 23:57:14,157 INFO c.h.h.t.HelmChartContainer - [K3S] [replica_set.go:679] "Finished syncing" kind="ReplicaSet" key="helmcustomsecretconfigit-operator/hivemq-test-hivemq-platform-operator-6966f96d65" duration="7.684µs"
2025-01-28 23:57:15,255 INFO c.h.h.t.HelmChartContainer - [K3S] [kubelet_volumes.go:163] "Cleaned up orphaned pod volumes dir" podUID="a7ad56f8-0cb1-472c-9076-fef1b1998466" path="/var/lib/kubelet/pods/a7ad56f8-0cb1-472c-9076-fef1b1998466/volumes"
2025-01-28 23:57:15,313 INFO c.h.h.t.HelmChartContainer - Deleting namespace 'helmcustomsecretconfigit-operator'...
2025-01-28 23:57:18,023 INFO c.h.h.t.HelmChartContainer - [K3S] [namespace_controller.go:187] "Namespace has been deleted" namespace="helmcustomsecretconfigit"
2025-01-28 23:57:20,538 INFO c.h.h.t.HelmChartContainer - Namespace 'helmcustomsecretconfigit-operator' deleted
2025-01-28 23:57:20,538 INFO c.h.h.t.HelmChartContainer - Release 'test-hivemq-platform-operator' in namespace 'helmcustomsecretconfigit-operator' is uninstalled
2025-01-28 23:57:21,180 INFO c.h.helmcharts.AbstractHelmChartIT - Removed unused containers:

2025-01-28 23:57:25,445 INFO c.h.h.t.HelmChartContainer - [K3S] [namespace_controller.go:187] "Namespace has been deleted" namespace="helmcustomsecretconfigit-operator"
2025-01-28 23:57:28,654 INFO c.h.helmcharts.AbstractHelmChartIT - Removed unused snapshots:
Removing snapshot sha256:03af251906410714c5aef9fa705b63f6bbc39c4a5e787de7361eeb18886c2ed2
Removing snapshot sha256:0c46b3b43cce082ce5ec34ffc6c294e0417d17b9d1e6f366d114b6aadc4f96dc
Removing snapshot sha256:0ce761beee59082d6ed5bcebd3a805b8ddd9b3426b617e4809e7fb7c6587ffec
Removing snapshot sha256:0df91287303208332c8ff6ba40ae4710105201739addbfbddfb955f1ad593664
Removing snapshot sha256:1021ef88c7974bfff89c5a0ec4fd3160daac6c48a075f74cff721f85dd104e68
Removing snapshot sha256:10aba4953ddc18145dd38e3704709bc464aa20af60b56fe52caaff4b68411e62
Removing snapshot sha256:1bf76b6b47123e4483a097ddc1b88af5f35849d6620292dab520c587a084522f
Removing snapshot sha256:362a8a37f8bbc31925a8146adcf7cf51f9882f5c1dcbef67c5baa03a297543c0
Removing snapshot sha256:43a7c979bbaba6838bc3102d6b10a1459f3ab050b87ccdfef84ef90cf43d3058
Removing snapshot sha256:4ab04491cdf0d3267f08206fe30bd48f49f94b9cab2f016d6739220f722a64af
Removing snapshot sha256:4b6068250e89c96f263060261819c7d912855bfbd64b3eb4c4a8483299b8c295
Removing snapshot sha256:580e69a0a8034ede1921139bbd2bfb72a69ebf276d008281896c32dd8bf74775
Removing snapshot sha256:5d30ba46b27fe37484567ccc5242cadc78217b8da605f3f195ef25cbf7487904
Removing snapshot sha256:63ca1fbb43ae5034640e5e6cb3e083e05c290072c5366fcaa9d62435a4cced85
Removing snapshot sha256:67f702c6baae873bceb19487c8b1f27bd2b86077e4f2f0e480e6d60ab508b8f5
Removing snapshot sha256:6864348dd42806d552efdec384f1274be15e2d0c10ce44c1f04347af004c10a9
Removing snapshot sha256:6c7dee8f2c39b84b7dc2711c01d33de93514d9055499173e9290176fbe484b6c
Removing snapshot sha256:82753493a6d61ded36556292f02f31841a14c20d2f279f19eaad65afb661d5cd
Removing snapshot sha256:8a10d3db42c505ee0fcfa98417bdd7e39b304f6bcc0a06bb1b220797ff2cc63c
Removing snapshot sha256:8bb93e5e235487ebc6272bfcb8e20c456a86b63c2ef50486295327e3490f6923
Removing snapshot sha256:a21e5b12dbac529ad45d976eb9ce45c881f3bedcc500fb30aba1e52aa1813418
Removing snapshot sha256:b921e6c28969094157f9b8e7244677780319637afd14450b7cb6b2fdea558a0c
Removing snapshot sha256:bc27ecb5769a00e309cf99ebc763c4a4b958b618d1decc96ffac5bc05f02f5b7
Removing snapshot sha256:be3ccb6627a5332e309d45ef461d09b4879dd870c7394d89323d0ebc6ca6aa8a
Removing snapshot sha256:c261f7cbbc64211ee175ee47273acdb7b1a36a4450b397a064a8f2c026490095
Removing snapshot sha256:c34d9393647eea0c9e3557ab988efaf59f61d10a2a5613b439ef0958cca5ec10
Removing snapshot sha256:ccf3c4a0fa967a41c1c83497a2ce6fa5787965859df0adb32c4ca2cf7490bc2b
Removing snapshot sha256:cf92d33f869417309692088c341cd0f223c178ea78a125f757317b22aa8f90e9
Removing snapshot sha256:d0037344cf2fb078884f1849f6a1f8cf9a33a3b6139b6a85833e5ee528e1f9a8
Removing snapshot sha256:d3b36d5b79273b1e98e7700470eaeff05a882e777124d84cebcc1505b85ecb36
Removing snapshot sha256:d65a44a37914602d12c611e5e22a50f11451d847e63015cc1c2aef92dee777a4
Removing snapshot sha256:e2dc0bae2455930f23ae570e019b7f32edc75c0f2d71cab084db837ff9051796
Removing snapshot sha256:eccbd24a99c60cd9e86ee5305dbfc4a4dc89f5ab4fb1f06c8d64797cecedef34
Removing snapshot sha256:f144bb4c7c7f0d2aa7eeffd36d934ec40db1ee167be727e326aad9fdc616f475

]]></system-out>
  </testcase>
  <testcase name="withSecretConfig_hivemqRunning()" classname="com.hivemq.helmcharts.platform.HelmCustomSecretConfigIT" time="144.453">
    <system-out><![CDATA[2025-01-28 23:57:28,655 INFO c.h.h.t.HelmChartContainer - Creating namespace 'helmcustomsecretconfigit-operator'...
2025-01-28 23:57:28,660 INFO c.h.h.t.HelmChartContainer - Namespace 'helmcustomsecretconfigit-operator' created
2025-01-28 23:57:28,660 INFO c.h.h.t.HelmChartContainer - Creating namespace 'helmcustomsecretconfigit'...
2025-01-28 23:57:28,667 INFO c.h.h.t.HelmChartContainer - Namespace 'helmcustomsecretconfigit' created
2025-01-28 23:57:28,736 DEBUG c.h.h.t.HelmChartContainer - Executing helm command: /bin/helm --kubeconfig /etc/rancher/k3s/k3s.yaml install test-hivemq-platform-operator /charts/hivemq-platform-operator --wait --timeout 5m0s --set image.repository=docker.io/hivemq --set image.name=hivemq-platform-operator-test --set image.initImageName=hivemq-platform-operator-init-test --set image.tag=snapshot --set image.pullPolicy=Never --set logLevel=DEBUG --set resources.cpu=512m --namespace helmcustomsecretconfigit-operator
2025-01-28 23:57:29,035 INFO c.h.h.t.HelmChartContainer - [K3S] [alloc.go:330] "allocated clusterIPs" service="helmcustomsecretconfigit-operator/hivemq-platform-operator-test-hivemq-platform-operator" clusterIPs={"IPv4":"10.43.122.100"}
2025-01-28 23:57:29,056 INFO c.h.h.t.HelmChartContainer - [EVENT] Normal [ScalingReplicaSet] Scaled up replica set hivemq-test-hivemq-platform-operator-6966f96d65 from 0 to 1 [helmcustomsecretconfigit-operator:hivemq-test-hivemq-platform-operator]
2025-01-28 23:57:29,061 INFO c.h.h.t.HelmChartContainer - [POD] hivemq-test-hivemq-platform-operator-6966f96d65-b8l8s [dab76efd-dc84-4211-a78e-a630ed7de05d] in helmcustomsecretconfigit-operator was ADDED
2025-01-28 23:57:29,065 INFO c.h.h.t.HelmChartContainer - [EVENT] Normal [SuccessfulCreate] Created pod: hivemq-test-hivemq-platform-operator-6966f96d65-b8l8s [helmcustomsecretconfigit-operator:hivemq-test-hivemq-platform-operator-6966f96d65]
2025-01-28 23:57:29,069 INFO c.h.h.t.HelmChartContainer - [K3S] [replica_set.go:679] "Finished syncing" kind="ReplicaSet" key="helmcustomsecretconfigit-operator/hivemq-test-hivemq-platform-operator-6966f96d65" duration="21.99258ms"
2025-01-28 23:57:29,072 INFO c.h.h.t.HelmChartContainer - [K3S] [memory_manager.go:355] "RemoveStaleState removing state" podUID="65aa4b9b-1ab0-4676-8e63-957d72bd66b5" containerName="hivemq"
2025-01-28 23:57:29,072 INFO c.h.h.t.HelmChartContainer - [K3S] [memory_manager.go:355] "RemoveStaleState removing state" podUID="44be3e90-c104-4130-b16c-effaec75ed77" containerName="hivemq"
2025-01-28 23:57:29,072 INFO c.h.h.t.HelmChartContainer - [K3S] [memory_manager.go:355] "RemoveStaleState removing state" podUID="a7ad56f8-0cb1-472c-9076-fef1b1998466" containerName="hivemq-platform-operator"
2025-01-28 23:57:29,073 INFO c.h.h.t.HelmChartContainer - [POD] hivemq-test-hivemq-platform-operator-6966f96d65-b8l8s [dab76efd-dc84-4211-a78e-a630ed7de05d] in helmcustomsecretconfigit-operator was MODIFIED
2025-01-28 23:57:29,080 INFO c.h.h.t.HelmChartContainer - [EVENT] Normal [Scheduled] Successfully assigned helmcustomsecretconfigit-operator/hivemq-test-hivemq-platform-operator-6966f96d65-b8l8s to 21a493cab54f [helmcustomsecretconfigit-operator:hivemq-test-hivemq-platform-operator-6966f96d65-b8l8s]
2025-01-28 23:57:29,081 INFO c.h.h.t.HelmChartContainer - [K3S] [replica_set.go:679] "Finished syncing" kind="ReplicaSet" key="helmcustomsecretconfigit-operator/hivemq-test-hivemq-platform-operator-6966f96d65" duration="11.772345ms"
2025-01-28 23:57:29,081 INFO c.h.h.t.HelmChartContainer - [K3S] [replica_set.go:679] "Finished syncing" kind="ReplicaSet" key="helmcustomsecretconfigit-operator/hivemq-test-hivemq-platform-operator-6966f96d65" duration="140.893µs"
2025-01-28 23:57:29,086 INFO c.h.h.t.HelmChartContainer - [POD] hivemq-test-hivemq-platform-operator-6966f96d65-b8l8s [dab76efd-dc84-4211-a78e-a630ed7de05d] in helmcustomsecretconfigit-operator was MODIFIED
2025-01-28 23:57:29,086 INFO c.h.h.t.HelmChartContainer - [K3S] [replica_set.go:679] "Finished syncing" kind="ReplicaSet" key="helmcustomsecretconfigit-operator/hivemq-test-hivemq-platform-operator-6966f96d65" duration="28.363µs"
2025-01-28 23:57:29,163 INFO c.h.h.t.HelmChartContainer - [K3S] [reconciler_common.go:251] "operationExecutor.VerifyControllerAttachedVolume started for volume \"kube-api-access-98ghp\" (UniqueName: \"kubernetes.io/projected/dab76efd-dc84-4211-a78e-a630ed7de05d-kube-api-access-98ghp\") pod \"hivemq-test-hivemq-platform-operator-6966f96d65-b8l8s\" (UID: \"dab76efd-dc84-4211-a78e-a630ed7de05d\") " pod="helmcustomsecretconfigit-operator/hivemq-test-hivemq-platform-operator-6966f96d65-b8l8s"
2025-01-28 23:57:29,469 INFO c.h.h.t.HelmChartContainer - [EVENT] Normal [Pulled] Container image "docker.io/hivemq/hivemq-platform-operator-test:snapshot" already present on machine [helmcustomsecretconfigit-operator:hivemq-test-hivemq-platform-operator-6966f96d65-b8l8s]
2025-01-28 23:57:29,469 INFO c.h.h.t.HelmChartContainer - Received Pulled event for container hivemq-platform-operator in pod hivemq-test-hivemq-platform-operator-6966f96d65-b8l8s [dab76efd-dc84-4211-a78e-a630ed7de05d]
2025-01-28 23:57:30,760 INFO c.h.h.t.HelmChartContainer - [EVENT] Normal [Created] Created container: hivemq-platform-operator [helmcustomsecretconfigit-operator:hivemq-test-hivemq-platform-operator-6966f96d65-b8l8s]
2025-01-28 23:57:30,760 INFO c.h.h.t.HelmChartContainer - Received Created event for container hivemq-platform-operator in pod hivemq-test-hivemq-platform-operator-6966f96d65-b8l8s [dab76efd-dc84-4211-a78e-a630ed7de05d]
2025-01-28 23:57:30,871 INFO c.h.h.t.HelmChartContainer - [POD] hivemq-test-hivemq-platform-operator-6966f96d65-b8l8s [dab76efd-dc84-4211-a78e-a630ed7de05d] in helmcustomsecretconfigit-operator was MODIFIED
2025-01-28 23:57:30,876 INFO c.h.h.t.HelmChartContainer - [K3S] [replica_set.go:679] "Finished syncing" kind="ReplicaSet" key="helmcustomsecretconfigit-operator/hivemq-test-hivemq-platform-operator-6966f96d65" duration="105.096µs"
2025-01-28 23:57:30,898 INFO c.h.h.t.HelmChartContainer - [EVENT] Normal [Started] Started container hivemq-platform-operator [helmcustomsecretconfigit-operator:hivemq-test-hivemq-platform-operator-6966f96d65-b8l8s]
2025-01-28 23:57:30,898 INFO c.h.h.t.HelmChartContainer - Received Started event for container hivemq-platform-operator in pod hivemq-test-hivemq-platform-operator-6966f96d65-b8l8s [dab76efd-dc84-4211-a78e-a630ed7de05d]
2025-01-28 23:57:30,898 INFO c.h.h.t.HelmChartContainer - Started log watcher for hivemq-platform-operator in pod hivemq-test-hivemq-platform-operator-6966f96d65-b8l8s [dab76efd-dc84-4211-a78e-a630ed7de05d]
2025-01-28 23:57:30,900 INFO c.h.h.t.HelmChartContainer - [hivemq-test-hivemq-platform] [hivemq-platform-operator] [dab76efd] -------------------------------------------------------------------------
2025-01-28 23:57:30,900 INFO c.h.h.t.HelmChartContainer - [hivemq-test-hivemq-platform] [hivemq-platform-operator] [dab76efd] 
2025-01-28 23:57:30,900 INFO c.h.h.t.HelmChartContainer - [hivemq-test-hivemq-platform] [hivemq-platform-operator] [dab76efd]                   _    _  _              __  __   ____
2025-01-28 23:57:30,900 INFO c.h.h.t.HelmChartContainer - [hivemq-test-hivemq-platform] [hivemq-platform-operator] [dab76efd]                  | |  | |(_)            |  \/  | / __ \
2025-01-28 23:57:30,900 INFO c.h.h.t.HelmChartContainer - [hivemq-test-hivemq-platform] [hivemq-platform-operator] [dab76efd]                  | |__| | _ __   __ ___ | \  / || |  | |
2025-01-28 23:57:30,900 INFO c.h.h.t.HelmChartContainer - [hivemq-test-hivemq-platform] [hivemq-platform-operator] [dab76efd]                  |  __  || |\ \ / // _ \| |\/| || |  | |
2025-01-28 23:57:30,900 INFO c.h.h.t.HelmChartContainer - [hivemq-test-hivemq-platform] [hivemq-platform-operator] [dab76efd]                  | |  | || | \ V /|  __/| |  | || |__| |
2025-01-28 23:57:30,900 INFO c.h.h.t.HelmChartContainer - [hivemq-test-hivemq-platform] [hivemq-platform-operator] [dab76efd]                  |_|  |_||_|  \_/  \___||_|  |_| \___\_\
2025-01-28 23:57:30,900 INFO c.h.h.t.HelmChartContainer - [hivemq-test-hivemq-platform] [hivemq-platform-operator] [dab76efd] 
2025-01-28 23:57:30,900 INFO c.h.h.t.HelmChartContainer - [hivemq-test-hivemq-platform] [hivemq-platform-operator] [dab76efd] -------------------------------------------------------------------------
2025-01-28 23:57:30,900 INFO c.h.h.t.HelmChartContainer - [hivemq-test-hivemq-platform] [hivemq-platform-operator] [dab76efd] 
2025-01-28 23:57:30,901 INFO c.h.h.t.HelmChartContainer - [hivemq-test-hivemq-platform] [hivemq-platform-operator] [dab76efd]   HiveMQ Platform Operator Start Script v1.0
2025-01-28 23:57:30,901 INFO c.h.h.t.HelmChartContainer - [hivemq-test-hivemq-platform] [hivemq-platform-operator] [dab76efd] 
2025-01-28 23:57:30,901 INFO c.h.h.t.HelmChartContainer - [hivemq-test-hivemq-platform] [hivemq-platform-operator] [dab76efd] -------------------------------------------------------------------------
2025-01-28 23:57:30,901 INFO c.h.h.t.HelmChartContainer - [hivemq-test-hivemq-platform] [hivemq-platform-operator] [dab76efd] 
2025-01-28 23:57:30,901 INFO c.h.h.t.HelmChartContainer - [hivemq-test-hivemq-platform] [hivemq-platform-operator] [dab76efd]   JAVA_OPTS: -XX:+UnlockExperimentalVMOptions -XX:InitialRAMPercentage=75 -XX:MaxRAMPercentage=75 -Duser.language=en -Duser.region=US
2025-01-28 23:57:30,901 INFO c.h.h.t.HelmChartContainer - [hivemq-test-hivemq-platform] [hivemq-platform-operator] [dab76efd] 
2025-01-28 23:57:30,901 INFO c.h.h.t.HelmChartContainer - [hivemq-test-hivemq-platform] [hivemq-platform-operator] [dab76efd]   JAVA_VERSION: 21
2025-01-28 23:57:30,901 INFO c.h.h.t.HelmChartContainer - [hivemq-test-hivemq-platform] [hivemq-platform-operator] [dab76efd] 
2025-01-28 23:57:30,901 INFO c.h.h.t.HelmChartContainer - [hivemq-test-hivemq-platform] [hivemq-platform-operator] [dab76efd] -------------------------------------------------------------------------
2025-01-28 23:57:30,901 INFO c.h.h.t.HelmChartContainer - [hivemq-test-hivemq-platform] [hivemq-platform-operator] [dab76efd] 
2025-01-28 23:57:34,045 INFO c.h.h.t.HelmChartContainer - [hivemq-test-hivemq-platform] [hivemq-platform-operator] [dab76efd] 23:57:34.042 [main] DEBUG org.jboss.logging - Logging Provider: org.jboss.logging.Slf4jLoggerProvider
2025-01-28 23:57:34,222 INFO c.h.h.t.HelmChartContainer - [hivemq-test-hivemq-platform] [hivemq-platform-operator] [dab76efd] 23:57:34.221 [main] DEBUG io.smallrye.config - SRCFG01006: Loaded ConfigSource SysPropConfigSource with ordinal 400
2025-01-28 23:57:34,222 INFO c.h.h.t.HelmChartContainer - [hivemq-test-hivemq-platform] [hivemq-platform-operator] [dab76efd] 23:57:34.221 [main] DEBUG io.smallrye.config - SRCFG01006: Loaded ConfigSource EnvConfigSource with ordinal 300
2025-01-28 23:57:34,222 INFO c.h.h.t.HelmChartContainer - [hivemq-test-hivemq-platform] [hivemq-platform-operator] [dab76efd] 23:57:34.221 [main] DEBUG io.smallrye.config - SRCFG01006: Loaded ConfigSource PropertiesConfigSource[source=jar:file:///opt/hivemq-platform-operator/bin/hivemq-platform-operator.jar!/hivemq-platform-operator.properties] with ordinal 100
2025-01-28 23:57:34,222 INFO c.h.h.t.HelmChartContainer - [hivemq-test-hivemq-platform] [hivemq-platform-operator] [dab76efd] 23:57:34.221 [main] DEBUG io.smallrye.config - SRCFG01006: Loaded ConfigSource DefaultValuesConfigSource with ordinal -2147483648
2025-01-28 23:57:34,255 INFO c.h.h.t.HelmChartContainer - [hivemq-test-hivemq-platform] [hivemq-platform-operator] [dab76efd] 23:57:34.255 [main] DEBUG i.m.c.u.i.l.InternalLoggerFactory - Using SLF4J as the default logging framework
2025-01-28 23:57:34,425 INFO c.h.h.t.HelmChartContainer - [hivemq-test-hivemq-platform] [hivemq-platform-operator] [dab76efd] 23:57:34.344 [main] INFO  c.h.p.o.HiveMQPlatformOperatorApplication - HiveMQ Platform Operator 1.7.0-SNAPSHOT (commit: bebf408 on branch: HEAD) built on Sun Jan 26 20:47:47 UTC 2025
2025-01-28 23:57:34,426 INFO c.h.h.t.HelmChartContainer - [hivemq-test-hivemq-platform] [hivemq-platform-operator] [dab76efd] 23:57:34.425 [main] INFO  c.h.p.o.HiveMQPlatformOperatorApplication - HiveMQ Platform Operator is running in namespace: helmcustomsecretconfigit-operator
2025-01-28 23:57:34,426 INFO c.h.h.t.HelmChartContainer - [hivemq-test-hivemq-platform] [hivemq-platform-operator] [dab76efd] 23:57:34.425 [main] INFO  c.h.p.o.HiveMQPlatformOperatorApplication - Watching all namespaces
2025-01-28 23:57:34,426 INFO c.h.h.t.HelmChartContainer - [hivemq-test-hivemq-platform] [hivemq-platform-operator] [dab76efd] 23:57:34.425 [main] INFO  c.h.p.o.HiveMQPlatformOperatorApplication - Log level: DEBUG
2025-01-28 23:57:34,426 INFO c.h.h.t.HelmChartContainer - [hivemq-test-hivemq-platform] [hivemq-platform-operator] [dab76efd] 23:57:34.425 [main] INFO  c.h.p.o.HiveMQPlatformOperatorApplication - Release name: test-hivemq-platform-operator
2025-01-28 23:57:34,426 INFO c.h.h.t.HelmChartContainer - [hivemq-test-hivemq-platform] [hivemq-platform-operator] [dab76efd] 23:57:34.425 [main] INFO  c.h.p.o.HiveMQPlatformOperatorApplication - HiveMQ Platform Operator Init image: docker.io/hivemq/hivemq-platform-operator-init-test:snapshot
2025-01-28 23:57:34,429 INFO c.h.h.t.HelmChartContainer - [hivemq-test-hivemq-platform] [hivemq-platform-operator] [dab76efd] 23:57:34.428 [main] INFO  c.h.p.o.HiveMQPlatformOperatorApplication - HiveMQ Platform Operator Init App update URL: http://hivemq-platform-operator-test-hivemq-platform-operator.helmcustomsecretconfigit-operator.svc:8080/initAppUpdate/hivemq-platform-operator-init-app-1.7.0-SNAPSHOT.jar
2025-01-28 23:57:34,429 INFO c.h.h.t.HelmChartContainer - [hivemq-test-hivemq-platform] [hivemq-platform-operator] [dab76efd] 23:57:34.428 [main] INFO  c.h.p.o.HiveMQPlatformOperatorApplication - Additional imagePullSecret for all Platform deployments: none
2025-01-28 23:57:34,429 INFO c.h.h.t.HelmChartContainer - [hivemq-test-hivemq-platform] [hivemq-platform-operator] [dab76efd] 23:57:34.428 [main] INFO  c.h.p.o.HiveMQPlatformOperatorApplication - Apply HiveMQ Platform CRD: true
2025-01-28 23:57:34,429 INFO c.h.h.t.HelmChartContainer - [hivemq-test-hivemq-platform] [hivemq-platform-operator] [dab76efd] 23:57:34.428 [main] INFO  c.h.p.o.HiveMQPlatformOperatorApplication - Create Platform ServiceAccount: true
2025-01-28 23:57:34,429 INFO c.h.h.t.HelmChartContainer - [hivemq-test-hivemq-platform] [hivemq-platform-operator] [dab76efd] 23:57:34.428 [main] INFO  c.h.p.o.HiveMQPlatformOperatorApplication - Create Platform ServiceAccount permissions: true
2025-01-28 23:57:34,429 INFO c.h.h.t.HelmChartContainer - [hivemq-test-hivemq-platform] [hivemq-platform-operator] [dab76efd] 23:57:34.428 [main] INFO  c.h.p.o.HiveMQPlatformOperatorApplication - Validate Platform ServiceAccount: true
2025-01-28 23:57:34,429 INFO c.h.h.t.HelmChartContainer - [hivemq-test-hivemq-platform] [hivemq-platform-operator] [dab76efd] 23:57:34.428 [main] INFO  c.h.p.o.HiveMQPlatformOperatorApplication - Validate Platform ServiceAccount permissions: true
2025-01-28 23:57:34,444 INFO c.h.h.t.HelmChartContainer - [hivemq-test-hivemq-platform] [hivemq-platform-operator] [dab76efd] 23:57:34.443 [main] INFO  c.h.platform.operator.util.CRDUtil - Verifying deployed HiveMQ Platform CRD...
2025-01-28 23:57:36,946 INFO c.h.h.t.HelmChartContainer - [hivemq-test-hivemq-platform] [hivemq-platform-operator] [dab76efd] 23:57:36.945 [main] DEBUG c.h.platform.operator.util.CRDUtil - HiveMQ Platform CRD version v1 is up to date
2025-01-28 23:57:36,946 INFO c.h.h.t.HelmChartContainer - [hivemq-test-hivemq-platform] [hivemq-platform-operator] [dab76efd] 23:57:36.945 [main] INFO  c.h.platform.operator.util.CRDUtil - HiveMQ Platform CRD is up to date (version: V1_6_0)
2025-01-28 23:57:36,946 INFO c.h.h.t.HelmChartContainer - [hivemq-test-hivemq-platform] [hivemq-platform-operator] [dab76efd] 23:57:36.945 [main] INFO  c.h.platform.operator.util.CRDUtil - Waiting 10000 ms for HiveMQ Platform CRD 'hivemq-platforms.hivemq.com' to become ready...
2025-01-28 23:57:37,238 INFO c.h.h.t.HelmChartContainer - [hivemq-test-hivemq-platform] [hivemq-platform-operator] [dab76efd] 23:57:37.237 [vert.x-eventloop-thread-1] DEBUG c.h.platform.operator.util.CRDUtil - Checking CRD condition 'NamesAccepted' (status: 'True')
2025-01-28 23:57:37,240 INFO c.h.h.t.HelmChartContainer - [hivemq-test-hivemq-platform] [hivemq-platform-operator] [dab76efd] 23:57:37.237 [vert.x-eventloop-thread-1] DEBUG c.h.platform.operator.util.CRDUtil - Checking CRD condition 'Established' (status: 'True')
2025-01-28 23:57:37,240 INFO c.h.h.t.HelmChartContainer - [hivemq-test-hivemq-platform] [hivemq-platform-operator] [dab76efd] 23:57:37.239 [main] INFO  c.h.platform.operator.util.CRDUtil - HiveMQ Platform CRD 'hivemq-platforms.hivemq.com' is ready
2025-01-28 23:57:37,433 INFO c.h.h.t.HelmChartContainer - [hivemq-test-hivemq-platform] [hivemq-platform-operator] [dab76efd] 23:57:37.432 [main] INFO  c.h.p.o.HiveMQPlatformReconciler - HiveMQ Platform Operator is starting...
2025-01-28 23:57:37,538 INFO c.h.h.t.HelmChartContainer - [hivemq-test-hivemq-platform] [hivemq-platform-operator] [dab76efd] 23:57:37.536 [main] WARN  Default ConfigurationService implementation - Configuration for reconciler 'hivemq-controller' was not found. Known reconcilers: None.
2025-01-28 23:57:37,621 INFO c.h.h.t.HelmChartContainer - [hivemq-test-hivemq-platform] [hivemq-platform-operator] [dab76efd] 23:57:37.620 [main] INFO  Default ConfigurationService implementation - Created configuration for reconciler com.hivemq.platform.operator.HiveMQPlatformReconciler with name hivemq-controller
2025-01-28 23:57:37,723 INFO c.h.h.t.HelmChartContainer - [hivemq-test-hivemq-platform] [hivemq-platform-operator] [dab76efd] 23:57:37.722 [main] DEBUG c.h.p.o.HiveMQPlatformReconciler - HiveMQ Platform Operator is preparing EventSources
2025-01-28 23:57:37,738 INFO c.h.h.t.HelmChartContainer - [hivemq-test-hivemq-platform] [hivemq-platform-operator] [dab76efd] 23:57:37.737 [main] INFO  i.javaoperatorsdk.operator.Operator - Registered reconciler: 'hivemq-controller' for resource: 'class com.hivemq.platform.operator.v1.HiveMQPlatform' for namespace(s): [all namespaces]
2025-01-28 23:57:38,521 INFO c.h.h.t.HelmChartContainer - [hivemq-test-hivemq-platform] [hivemq-platform-operator] [dab76efd] 23:57:38.520 [main] INFO  c.h.p.operator.webserver.JettyServer - Starting Jetty server on port 8080
2025-01-28 23:57:38,546 INFO c.h.h.t.HelmChartContainer - [hivemq-test-hivemq-platform] [hivemq-platform-operator] [dab76efd] 23:57:38.545 [main] INFO  i.javaoperatorsdk.operator.Operator - Operator SDK 4.9.7 (commit: 2133d28) built on Wed Nov 20 12:56:20 UTC 2024 starting...
2025-01-28 23:57:38,547 INFO c.h.h.t.HelmChartContainer - [hivemq-test-hivemq-platform] [hivemq-platform-operator] [dab76efd] 23:57:38.546 [main] INFO  i.javaoperatorsdk.operator.Operator - Client version: 6.13.4
2025-01-28 23:57:38,621 INFO c.h.h.t.HelmChartContainer - [hivemq-test-hivemq-platform] [hivemq-platform-operator] [dab76efd] 23:57:38.620 [Controller Starter for: hivemq-controller] INFO  i.j.operator.processing.Controller - Starting 'hivemq-controller' controller for reconciler: com.hivemq.platform.operator.HiveMQPlatformReconciler, resource: com.hivemq.platform.operator.v1.HiveMQPlatform
2025-01-28 23:57:40,938 INFO c.h.h.t.HelmChartContainer - [hivemq-test-hivemq-platform] [hivemq-platform-operator] [dab76efd] 23:57:40.936 [Controller Starter for: hivemq-controller] INFO  i.j.operator.processing.Controller - 'hivemq-controller' controller started
2025-01-28 23:57:40,938 INFO c.h.h.t.HelmChartContainer - [hivemq-test-hivemq-platform] [hivemq-platform-operator] [dab76efd] 23:57:40.937 [main] INFO  c.h.p.o.HiveMQPlatformOperatorApplication - HiveMQ Platform Operator 1.7.0-SNAPSHOT started in 6593 ms
2025-01-28 23:57:41,877 INFO c.h.h.t.HelmChartContainer - [POD] hivemq-test-hivemq-platform-operator-6966f96d65-b8l8s [dab76efd-dc84-4211-a78e-a630ed7de05d] in helmcustomsecretconfigit-operator was MODIFIED
2025-01-28 23:57:41,884 INFO c.h.h.t.HelmChartContainer - [K3S] [replica_set.go:679] "Finished syncing" kind="ReplicaSet" key="helmcustomsecretconfigit-operator/hivemq-test-hivemq-platform-operator-6966f96d65" duration="9.602875ms"
2025-01-28 23:57:41,884 INFO c.h.h.t.HelmChartContainer - [K3S] [replica_set.go:679] "Finished syncing" kind="ReplicaSet" key="helmcustomsecretconfigit-operator/hivemq-test-hivemq-platform-operator-6966f96d65" duration="40.796µs"
2025-01-28 23:57:43,164 DEBUG c.h.h.t.HelmChartContainer - Executing helm command: /bin/helm --kubeconfig /etc/rancher/k3s/k3s.yaml install test-hivemq-platform /charts/hivemq-platform --wait --timeout 5m0s --set image.repository=docker.io/hivemq --set image.tag=4.36.0 --set image.pullPolicy=Never --set nodes.resources.cpu=512m --set config.createAs=Secret --namespace helmcustomsecretconfigit
2025-01-28 23:57:43,434 INFO c.h.h.t.HelmChartContainer - [hivemq-test-hivemq-platform] [hivemq-platform-operator] [dab76efd] 23:57:43.432 [-373097727-pool-1-thread-4] WARN  i.m.p.PrometheusMeterRegistry - The meter (MeterId{name='operator.sdk.events.received', tags=[tag(action=ADDED),tag(event=ResourceEvent),tag(group=hivemq.com),tag(kind=HiveMQPlatform),tag(name=test-hivemq-platform),tag(namespace=helmcustomsecretconfigit),tag(scope=namespace),tag(version=v1)]}) registration has failed: Prometheus requires that all meters with the same name have the same set of tag keys. There is already an existing meter named 'operator.sdk.events.received' containing tag keys [event, group, kind, name, namespace, scope, version]. The meter you are attempting to register has keys [action, event, group, kind, name, namespace, scope, version]. Note that subsequent logs will be logged at debug level.
2025-01-28 23:57:43,833 INFO c.h.h.t.HelmChartContainer - [hivemq-test-hivemq-platform] [hivemq-platform-operator] [dab76efd] 23:57:43.832 [pool-6-thread-3] DEBUG c.h.p.o.dependants.PodInfoConfigMap - [helmcust] Desired PodInfo ConfigMap (1 extensions) (1 enabled)
2025-01-28 23:57:43,835 INFO c.h.h.t.HelmChartContainer - [hivemq-test-hivemq-platform] [hivemq-platform-operator] [dab76efd] 23:57:43.833 [pool-6-thread-3] DEBUG c.h.p.o.dependants.PodInfoConfigMap - [helmcust] Desired PodInfo ConfigMap (metrics port: 9399) (metrics path: /)
2025-01-28 23:57:43,835 INFO c.h.h.t.HelmChartContainer - [hivemq-test-hivemq-platform] [hivemq-platform-operator] [dab76efd] 23:57:43.834 [pool-6-thread-3] DEBUG c.h.p.o.dependants.PodInfoConfigMap - [helmcust] Desired PodInfo ConfigMap (extension state hash: -1817474005)
2025-01-28 23:57:43,837 INFO c.h.h.t.HelmChartContainer - [hivemq-test-hivemq-platform] [hivemq-platform-operator] [dab76efd] 23:57:43.835 [pool-6-thread-3] DEBUG c.h.p.o.dependants.PodInfoConfigMap - [helmcust] Create PodInfo ConfigMap
2025-01-28 23:57:43,942 INFO c.h.h.t.HelmChartContainer - [hivemq-test-hivemq-platform] [hivemq-platform-operator] [dab76efd] 23:57:43.940 [pool-6-thread-5] DEBUG c.h.p.o.dependants.PodRoleResource - [helmcust] Create Role: Role(apiVersion=rbac.authorization.k8s.io/v1, kind=Role, metadata=ObjectMeta(annotations={meta.helm.sh/release-name=test-hivemq-platform, meta.helm.sh/release-namespace=helmcustomsecretconfigit}, creationTimestamp=null, deletionGracePeriodSeconds=null, deletionTimestamp=null, finalizers=[], generateName=null, generation=null, labels={helm.sh/chart=hivemq-platform-0.2.32, app.kubernetes.io/managed-by=Helm, app.kubernetes.io/name=hivemq-platform, hivemq-platform=test-hivemq-platform, app.kubernetes.io/instance=test-hivemq-platform, app.kubernetes.io/version=4.36.0}, managedFields=[], name=hivemq-platform-role-test-hivemq-platform, namespace=helmcustomsecretconfigit, ownerReferences=[OwnerReference(apiVersion=hivemq.com/v1, blockOwnerDeletion=null, controller=null, kind=HiveMQPlatform, name=test-hivemq-platform, uid=a56111c0-4336-4b70-b966-3e2667d5e4f3, additionalProperties={})], resourceVersion=null, selfLink=null, uid=null, additionalProperties={}), rules=[PolicyRule(apiGroups=[], nonResourceURLs=[], resourceNames=[], resources=[pods], verbs=[get, patch, update], additionalProperties={})], additionalProperties={})
2025-01-28 23:57:44,131 INFO c.h.h.t.HelmChartContainer - [hivemq-test-hivemq-platform] [hivemq-platform-operator] [dab76efd] 23:57:44.129 [pool-6-thread-7] DEBUG c.h.p.o.d.PodServiceAccountResource - [helmcust] Desired PodServiceAccountResource (serviceAccountName: hivemq-platform-pod-test-hivemq-platform)
2025-01-28 23:57:44,131 INFO c.h.h.t.HelmChartContainer - [hivemq-test-hivemq-platform] [hivemq-platform-operator] [dab76efd] 23:57:44.130 [pool-6-thread-7] DEBUG c.h.p.o.d.PodServiceAccountResource - [helmcust] Create ServiceAccount 'hivemq-platform-pod-test-hivemq-platform'
2025-01-28 23:57:44,243 INFO c.h.h.t.HelmChartContainer - [hivemq-test-hivemq-platform] [hivemq-platform-operator] [dab76efd] 23:57:44.241 [pool-6-thread-10] DEBUG c.h.p.o.d.PodRoleBindingResource - [helmcust] Create RoleBinding: RoleBinding(apiVersion=rbac.authorization.k8s.io/v1, kind=RoleBinding, metadata=ObjectMeta(annotations={meta.helm.sh/release-name=test-hivemq-platform, meta.helm.sh/release-namespace=helmcustomsecretconfigit}, creationTimestamp=null, deletionGracePeriodSeconds=null, deletionTimestamp=null, finalizers=[], generateName=null, generation=null, labels={helm.sh/chart=hivemq-platform-0.2.32, app.kubernetes.io/managed-by=Helm, app.kubernetes.io/name=hivemq-platform, hivemq-platform=test-hivemq-platform, app.kubernetes.io/instance=test-hivemq-platform, app.kubernetes.io/version=4.36.0}, managedFields=[], name=hivemq-platform-role-binding-test-hivemq-platform, namespace=helmcustomsecretconfigit, ownerReferences=[OwnerReference(apiVersion=hivemq.com/v1, blockOwnerDeletion=null, controller=null, kind=HiveMQPlatform, name=test-hivemq-platform, uid=a56111c0-4336-4b70-b966-3e2667d5e4f3, additionalProperties={})], resourceVersion=null, selfLink=null, uid=null, additionalProperties={}), roleRef=RoleRef(apiGroup=rbac.authorization.k8s.io, kind=Role, name=hivemq-platform-role-test-hivemq-platform, additionalProperties={}), subjects=[Subject(apiGroup=null, kind=ServiceAccount, name=hivemq-platform-pod-test-hivemq-platform, namespace=helmcustomsecretconfigit, additionalProperties={})], additionalProperties={})
2025-01-28 23:57:44,331 INFO c.h.h.t.HelmChartContainer - [hivemq-test-hivemq-platform] [hivemq-platform-operator] [dab76efd] 23:57:44.330 [ReconcilerExecutor-hivemq-controller-54] INFO  c.h.p.o.HiveMQPlatformReconciler - [helmcust] Reconciling HiveMQ Platform 'test-hivemq-platform' in namespace 'helmcustomsecretconfigit'
2025-01-28 23:57:44,332 INFO c.h.h.t.HelmChartContainer - [hivemq-test-hivemq-platform] [hivemq-platform-operator] [dab76efd] 23:57:44.330 [ReconcilerExecutor-hivemq-controller-54] DEBUG c.h.p.o.HiveMQPlatformReconciler - [helmcust] Custom Resource Status CREATED - HiveMQ Platform was created (READY)
2025-01-28 23:57:44,332 INFO c.h.h.t.HelmChartContainer - [hivemq-test-hivemq-platform] [hivemq-platform-operator] [dab76efd] 23:57:44.331 [ReconcilerExecutor-hivemq-controller-54] DEBUG c.h.p.o.HiveMQPlatformReconciler - [helmcust] Custom Resource Spec (replicas: 2) (extensions: 1)
2025-01-28 23:57:44,337 INFO c.h.h.t.HelmChartContainer - [hivemq-test-hivemq-platform] [hivemq-platform-operator] [dab76efd] 23:57:44.337 [ReconcilerExecutor-hivemq-controller-54] INFO  c.h.p.o.h.HiveMQPlatformReconcilerBaseHandler - [helmcust] HiveMQ Platform is starting
2025-01-28 23:57:44,447 INFO c.h.h.t.HelmChartContainer - [hivemq-test-hivemq-platform] [hivemq-platform-operator] [dab76efd] 23:57:44.446 [ReconcilerExecutor-hivemq-controller-54] DEBUG c.h.p.operator.event.EventSender - [helmcust] Creating K8s event hivemq-platform-starting: [Start] HiveMQ Platform is starting
2025-01-28 23:57:44,533 INFO c.h.h.t.HelmChartContainer - [EVENT] Normal [Start] HiveMQ Platform is starting [helmcustomsecretconfigit:test-hivemq-platform]
2025-01-28 23:57:44,538 INFO c.h.h.t.HelmChartContainer - [hivemq-test-hivemq-platform] [hivemq-platform-operator] [dab76efd] 23:57:44.537 [ReconcilerExecutor-hivemq-controller-54] INFO  c.h.p.o.h.AbstractHiveMQReconcilerStateHandler - [helmcust] Update HiveMQ Platform Status (CREATED [READY] -> STARTING [READY]): HiveMQ Platform is starting
2025-01-28 23:57:44,551 DEBUG com.hivemq.helmcharts.util.K8sUtil - Comparing actual state 'STARTING' and waiting for 'RUNNING'
2025-01-28 23:57:54,636 INFO c.h.h.t.HelmChartContainer - [hivemq-test-hivemq-platform] [hivemq-platform-operator] [dab76efd] 23:57:54.635 [pool-6-thread-12] DEBUG c.h.p.o.d.PlatformServiceResource - [helmcust] Desired Platform services (3 services)
2025-01-28 23:57:54,639 INFO c.h.h.t.HelmChartContainer - [hivemq-test-hivemq-platform] [hivemq-platform-operator] [dab76efd] 23:57:54.637 [pool-6-thread-13] DEBUG c.h.p.o.dependants.PodInfoConfigMap - [helmcust] Desired PodInfo ConfigMap (1 extensions) (1 enabled)
2025-01-28 23:57:54,639 INFO c.h.h.t.HelmChartContainer - [hivemq-test-hivemq-platform] [hivemq-platform-operator] [dab76efd] 23:57:54.637 [pool-6-thread-13] DEBUG c.h.p.o.dependants.PodInfoConfigMap - [helmcust] Desired PodInfo ConfigMap (metrics port: 9399) (metrics path: /)
2025-01-28 23:57:54,639 INFO c.h.h.t.HelmChartContainer - [hivemq-test-hivemq-platform] [hivemq-platform-operator] [dab76efd] 23:57:54.637 [pool-6-thread-13] DEBUG c.h.p.o.dependants.PodInfoConfigMap - [helmcust] Desired PodInfo ConfigMap (extension state hash: -1817474005)
2025-01-28 23:57:54,640 INFO c.h.h.t.HelmChartContainer - [hivemq-test-hivemq-platform] [hivemq-platform-operator] [dab76efd] 23:57:54.639 [pool-6-thread-17] DEBUG c.h.p.o.d.PodServiceAccountResource - [helmcust] Desired PodServiceAccountResource (serviceAccountName: hivemq-platform-pod-test-hivemq-platform)
2025-01-28 23:57:54,645 INFO c.h.h.t.HelmChartContainer - [hivemq-test-hivemq-platform] [hivemq-platform-operator] [dab76efd] 23:57:54.645 [pool-6-thread-13] DEBUG c.h.p.o.dependants.PodInfoConfigMap - [helmcust] Update PodInfo ConfigMap
2025-01-28 23:57:54,653 INFO c.h.h.t.HelmChartContainer - [K3S] [alloc.go:330] "allocated clusterIPs" service="helmcustomsecretconfigit/hivemq-test-hivemq-platform-cc-8080" clusterIPs={"IPv4":"10.43.84.194"}
2025-01-28 23:57:54,746 INFO c.h.h.t.HelmChartContainer - [K3S] [alloc.go:330] "allocated clusterIPs" service="helmcustomsecretconfigit/hivemq-test-hivemq-platform-metrics-9399" clusterIPs={"IPv4":"10.43.152.62"}
2025-01-28 23:57:54,836 INFO c.h.h.t.HelmChartContainer - [K3S] [alloc.go:330] "allocated clusterIPs" service="helmcustomsecretconfigit/hivemq-test-hivemq-platform-mqtt-1883" clusterIPs={"IPv4":"10.43.128.56"}
2025-01-28 23:57:54,847 INFO c.h.h.t.HelmChartContainer - [hivemq-test-hivemq-platform] [hivemq-platform-operator] [dab76efd] 23:57:54.846 [pool-6-thread-20] DEBUG c.h.p.o.d.StatefulSetResource - [helmcust] Desired StatefulSet (2 replicas) for status STARTING (READY)
2025-01-28 23:57:54,936 INFO c.h.h.t.HelmChartContainer - [hivemq-test-hivemq-platform] [hivemq-platform-operator] [dab76efd] 23:57:54.934 [pool-6-thread-20] DEBUG c.h.p.o.d.StatefulSetResource - [helmcust] Create StatefulSet
2025-01-28 23:57:54,962 INFO c.h.h.t.HelmChartContainer - [POD] test-hivemq-platform-0 [dce7636c-2be3-40ca-9544-4cbdbbdead24] in helmcustomsecretconfigit was ADDED
2025-01-28 23:57:54,964 INFO c.h.h.t.HelmChartContainer - [EVENT] Normal [SuccessfulCreate] create Pod test-hivemq-platform-0 in StatefulSet test-hivemq-platform successful [helmcustomsecretconfigit:test-hivemq-platform]
2025-01-28 23:57:54,967 INFO c.h.h.t.HelmChartContainer - [POD] test-hivemq-platform-0 [dce7636c-2be3-40ca-9544-4cbdbbdead24] in helmcustomsecretconfigit was MODIFIED
2025-01-28 23:57:54,969 INFO c.h.h.t.HelmChartContainer - [EVENT] Normal [Scheduled] Successfully assigned helmcustomsecretconfigit/test-hivemq-platform-0 to 21a493cab54f [helmcustomsecretconfigit:test-hivemq-platform-0]
2025-01-28 23:57:54,979 INFO c.h.h.t.HelmChartContainer - [POD] test-hivemq-platform-0 [dce7636c-2be3-40ca-9544-4cbdbbdead24] in helmcustomsecretconfigit was MODIFIED
2025-01-28 23:57:55,013 INFO c.h.h.t.HelmChartContainer - [K3S] [reconciler_common.go:251] "operationExecutor.VerifyControllerAttachedVolume started for volume \"kube-api-access-2hfjt\" (UniqueName: \"kubernetes.io/projected/dce7636c-2be3-40ca-9544-4cbdbbdead24-kube-api-access-2hfjt\") pod \"test-hivemq-platform-0\" (UID: \"dce7636c-2be3-40ca-9544-4cbdbbdead24\") " pod="helmcustomsecretconfigit/test-hivemq-platform-0"
2025-01-28 23:57:55,013 INFO c.h.h.t.HelmChartContainer - [K3S] [reconciler_common.go:251] "operationExecutor.VerifyControllerAttachedVolume started for volume \"pod-info\" (UniqueName: \"kubernetes.io/configmap/dce7636c-2be3-40ca-9544-4cbdbbdead24-pod-info\") pod \"test-hivemq-platform-0\" (UID: \"dce7636c-2be3-40ca-9544-4cbdbbdead24\") " pod="helmcustomsecretconfigit/test-hivemq-platform-0"
2025-01-28 23:57:55,013 INFO c.h.h.t.HelmChartContainer - [K3S] [reconciler_common.go:251] "operationExecutor.VerifyControllerAttachedVolume started for volume \"operator-init\" (UniqueName: \"kubernetes.io/empty-dir/dce7636c-2be3-40ca-9544-4cbdbbdead24-operator-init\") pod \"test-hivemq-platform-0\" (UID: \"dce7636c-2be3-40ca-9544-4cbdbbdead24\") " pod="helmcustomsecretconfigit/test-hivemq-platform-0"
2025-01-28 23:57:55,013 INFO c.h.h.t.HelmChartContainer - [K3S] [reconciler_common.go:251] "operationExecutor.VerifyControllerAttachedVolume started for volume \"broker-configuration\" (UniqueName: \"kubernetes.io/secret/dce7636c-2be3-40ca-9544-4cbdbbdead24-broker-configuration\") pod \"test-hivemq-platform-0\" (UID: \"dce7636c-2be3-40ca-9544-4cbdbbdead24\") " pod="helmcustomsecretconfigit/test-hivemq-platform-0"
2025-01-28 23:57:55,040 INFO c.h.h.t.HelmChartContainer - [hivemq-test-hivemq-platform] [hivemq-platform-operator] [dab76efd] 23:57:55.038 [ReconcilerExecutor-hivemq-controller-65] INFO  c.h.p.o.HiveMQPlatformReconciler - [helmcust] Reconciling HiveMQ Platform 'test-hivemq-platform' in namespace 'helmcustomsecretconfigit'
2025-01-28 23:57:55,040 INFO c.h.h.t.HelmChartContainer - [hivemq-test-hivemq-platform] [hivemq-platform-operator] [dab76efd] 23:57:55.038 [ReconcilerExecutor-hivemq-controller-65] DEBUG c.h.p.o.HiveMQPlatformReconciler - [helmcust] Custom Resource Status STARTING - HiveMQ Platform is starting (READY)
2025-01-28 23:57:55,040 INFO c.h.h.t.HelmChartContainer - [hivemq-test-hivemq-platform] [hivemq-platform-operator] [dab76efd] 23:57:55.038 [ReconcilerExecutor-hivemq-controller-65] DEBUG c.h.p.o.HiveMQPlatformReconciler - [helmcust] Custom Resource Spec (replicas: 2) (extensions: 1)
2025-01-28 23:57:55,134 INFO c.h.h.t.HelmChartContainer - [hivemq-test-hivemq-platform] [hivemq-platform-operator] [dab76efd] 23:57:55.130 [ReconcilerExecutor-hivemq-controller-65] DEBUG c.h.p.o.HiveMQPlatformReconciler - [helmcust] StatefulSet Status (revision: test-hivemq-platform-7f5cbb4b76, replicas: 1, available: 0, ready: 0, current: 1, updated: 1)
2025-01-28 23:57:55,134 INFO c.h.h.t.HelmChartContainer - [hivemq-test-hivemq-platform] [hivemq-platform-operator] [dab76efd] 23:57:55.130 [ReconcilerExecutor-hivemq-controller-65] DEBUG c.h.p.o.HiveMQPlatformReconciler - [helmcust] StatefulSet Spec (replicas: 2, init containers: 1, containers: 1, volumes: 3)
2025-01-28 23:57:55,231 INFO c.h.h.t.HelmChartContainer - [hivemq-test-hivemq-platform] [hivemq-platform-operator] [dab76efd] 23:57:55.230 [ReconcilerExecutor-hivemq-controller-65] DEBUG c.h.p.o.h.HiveMQPlatformReconcilerErrorHandler - [helmcust] Pod 'test-hivemq-platform-0' phase Pending
2025-01-28 23:57:55,232 INFO c.h.h.t.HelmChartContainer - [hivemq-test-hivemq-platform] [hivemq-platform-operator] [dab76efd] 23:57:55.231 [ReconcilerExecutor-hivemq-controller-65] DEBUG c.h.p.o.h.HiveMQPlatformReconcilerErrorHandler - [helmcust] Pod 'test-hivemq-platform-0' condition 'PodReadyToStartContainers': False
2025-01-28 23:57:55,232 INFO c.h.h.t.HelmChartContainer - [hivemq-test-hivemq-platform] [hivemq-platform-operator] [dab76efd] 23:57:55.231 [ReconcilerExecutor-hivemq-controller-65] DEBUG c.h.p.o.h.HiveMQPlatformReconcilerErrorHandler - [helmcust] Pod 'test-hivemq-platform-0' condition 'Initialized': False
2025-01-28 23:57:55,232 INFO c.h.h.t.HelmChartContainer - [hivemq-test-hivemq-platform] [hivemq-platform-operator] [dab76efd] 23:57:55.231 [ReconcilerExecutor-hivemq-controller-65] DEBUG c.h.p.o.h.HiveMQPlatformReconcilerErrorHandler - [helmcust] Pod 'test-hivemq-platform-0' condition 'Ready': False
2025-01-28 23:57:55,232 INFO c.h.h.t.HelmChartContainer - [hivemq-test-hivemq-platform] [hivemq-platform-operator] [dab76efd] 23:57:55.231 [ReconcilerExecutor-hivemq-controller-65] DEBUG c.h.p.o.h.HiveMQPlatformReconcilerErrorHandler - [helmcust] Pod 'test-hivemq-platform-0' condition 'ContainersReady': False
2025-01-28 23:57:55,232 INFO c.h.h.t.HelmChartContainer - [hivemq-test-hivemq-platform] [hivemq-platform-operator] [dab76efd] 23:57:55.231 [ReconcilerExecutor-hivemq-controller-65] DEBUG c.h.p.o.h.HiveMQPlatformReconcilerErrorHandler - [helmcust] Pod 'test-hivemq-platform-0' condition 'PodScheduled': True
2025-01-28 23:57:55,234 INFO c.h.h.t.HelmChartContainer - [hivemq-test-hivemq-platform] [hivemq-platform-operator] [dab76efd] 23:57:55.231 [ReconcilerExecutor-hivemq-controller-65] DEBUG c.h.p.o.h.HiveMQPlatformReconcilerErrorHandler - [helmcust] Pod 'test-hivemq-platform-0' containerStatus 'hivemq' (started: false) (ready: false) (waiting: [PodInitializing] null)
2025-01-28 23:57:55,234 INFO c.h.h.t.HelmChartContainer - [hivemq-test-hivemq-platform] [hivemq-platform-operator] [dab76efd] 23:57:55.233 [ReconcilerExecutor-hivemq-controller-65] INFO  c.h.p.o.h.HiveMQPlatformReconcilerBaseHandler - [helmcust] HiveMQ Platform is starting, 0 of 2 replicas are ready
2025-01-28 23:57:55,239 INFO c.h.h.t.HelmChartContainer - [hivemq-test-hivemq-platform] [hivemq-platform-operator] [dab76efd] 23:57:55.238 [pool-6-thread-22] DEBUG c.h.p.o.d.PlatformServiceResource - [helmcust] Desired Platform services (3 services)
2025-01-28 23:57:55,241 INFO c.h.h.t.HelmChartContainer - [hivemq-test-hivemq-platform] [hivemq-platform-operator] [dab76efd] 23:57:55.239 [pool-6-thread-23] DEBUG c.h.p.o.dependants.PodInfoConfigMap - [helmcust] Desired PodInfo ConfigMap (1 extensions) (1 enabled)
2025-01-28 23:57:55,241 INFO c.h.h.t.HelmChartContainer - [hivemq-test-hivemq-platform] [hivemq-platform-operator] [dab76efd] 23:57:55.239 [pool-6-thread-23] DEBUG c.h.p.o.dependants.PodInfoConfigMap - [helmcust] Desired PodInfo ConfigMap (metrics port: 9399) (metrics path: /)
2025-01-28 23:57:55,241 INFO c.h.h.t.HelmChartContainer - [hivemq-test-hivemq-platform] [hivemq-platform-operator] [dab76efd] 23:57:55.239 [pool-6-thread-23] DEBUG c.h.p.o.dependants.PodInfoConfigMap - [helmcust] Desired PodInfo ConfigMap (extension state hash: -1817474005)
2025-01-28 23:57:55,243 INFO c.h.h.t.HelmChartContainer - [hivemq-test-hivemq-platform] [hivemq-platform-operator] [dab76efd] 23:57:55.242 [pool-6-thread-27] DEBUG c.h.p.o.d.PodServiceAccountResource - [helmcust] Desired PodServiceAccountResource (serviceAccountName: hivemq-platform-pod-test-hivemq-platform)
2025-01-28 23:57:55,338 INFO c.h.h.t.HelmChartContainer - [hivemq-test-hivemq-platform] [hivemq-platform-operator] [dab76efd] 23:57:55.336 [pool-6-thread-30] DEBUG c.h.p.o.d.StatefulSetResource - [helmcust] Desired StatefulSet (2 replicas) for status STARTING (READY)
2025-01-28 23:57:55,345 INFO c.h.h.t.HelmChartContainer - [hivemq-test-hivemq-platform] [hivemq-platform-operator] [dab76efd] 23:57:55.344 [ReconcilerExecutor-hivemq-controller-76] INFO  c.h.p.o.HiveMQPlatformReconciler - [helmcust] Reconciling HiveMQ Platform 'test-hivemq-platform' in namespace 'helmcustomsecretconfigit'
2025-01-28 23:57:55,346 INFO c.h.h.t.HelmChartContainer - [hivemq-test-hivemq-platform] [hivemq-platform-operator] [dab76efd] 23:57:55.344 [ReconcilerExecutor-hivemq-controller-76] DEBUG c.h.p.o.HiveMQPlatformReconciler - [helmcust] Custom Resource Status STARTING - HiveMQ Platform is starting (READY)
2025-01-28 23:57:55,346 INFO c.h.h.t.HelmChartContainer - [hivemq-test-hivemq-platform] [hivemq-platform-operator] [dab76efd] 23:57:55.344 [ReconcilerExecutor-hivemq-controller-76] DEBUG c.h.p.o.HiveMQPlatformReconciler - [helmcust] Custom Resource Spec (replicas: 2) (extensions: 1)
2025-01-28 23:57:55,347 INFO c.h.h.t.HelmChartContainer - [hivemq-test-hivemq-platform] [hivemq-platform-operator] [dab76efd] 23:57:55.346 [ReconcilerExecutor-hivemq-controller-76] DEBUG c.h.p.o.HiveMQPlatformReconciler - [helmcust] StatefulSet Status (revision: test-hivemq-platform-7f5cbb4b76, replicas: 1, available: 0, ready: 0, current: 1, updated: 1)
2025-01-28 23:57:55,347 INFO c.h.h.t.HelmChartContainer - [hivemq-test-hivemq-platform] [hivemq-platform-operator] [dab76efd] 23:57:55.347 [ReconcilerExecutor-hivemq-controller-76] DEBUG c.h.p.o.HiveMQPlatformReconciler - [helmcust] StatefulSet Spec (replicas: 2, init containers: 1, containers: 1, volumes: 3)
2025-01-28 23:57:55,350 INFO c.h.h.t.HelmChartContainer - [hivemq-test-hivemq-platform] [hivemq-platform-operator] [dab76efd] 23:57:55.349 [ReconcilerExecutor-hivemq-controller-76] DEBUG c.h.p.o.h.HiveMQPlatformReconcilerErrorHandler - [helmcust] Pod 'test-hivemq-platform-0' phase Pending
2025-01-28 23:57:55,350 INFO c.h.h.t.HelmChartContainer - [hivemq-test-hivemq-platform] [hivemq-platform-operator] [dab76efd] 23:57:55.349 [ReconcilerExecutor-hivemq-controller-76] DEBUG c.h.p.o.h.HiveMQPlatformReconcilerErrorHandler - [helmcust] Pod 'test-hivemq-platform-0' condition 'PodReadyToStartContainers': False
2025-01-28 23:57:55,350 INFO c.h.h.t.HelmChartContainer - [hivemq-test-hivemq-platform] [hivemq-platform-operator] [dab76efd] 23:57:55.349 [ReconcilerExecutor-hivemq-controller-76] DEBUG c.h.p.o.h.HiveMQPlatformReconcilerErrorHandler - [helmcust] Pod 'test-hivemq-platform-0' condition 'Initialized': False
2025-01-28 23:57:55,350 INFO c.h.h.t.HelmChartContainer - [hivemq-test-hivemq-platform] [hivemq-platform-operator] [dab76efd] 23:57:55.349 [ReconcilerExecutor-hivemq-controller-76] DEBUG c.h.p.o.h.HiveMQPlatformReconcilerErrorHandler - [helmcust] Pod 'test-hivemq-platform-0' condition 'Ready': False
2025-01-28 23:57:55,350 INFO c.h.h.t.HelmChartContainer - [hivemq-test-hivemq-platform] [hivemq-platform-operator] [dab76efd] 23:57:55.349 [ReconcilerExecutor-hivemq-controller-76] DEBUG c.h.p.o.h.HiveMQPlatformReconcilerErrorHandler - [helmcust] Pod 'test-hivemq-platform-0' condition 'ContainersReady': False
2025-01-28 23:57:55,350 INFO c.h.h.t.HelmChartContainer - [hivemq-test-hivemq-platform] [hivemq-platform-operator] [dab76efd] 23:57:55.349 [ReconcilerExecutor-hivemq-controller-76] DEBUG c.h.p.o.h.HiveMQPlatformReconcilerErrorHandler - [helmcust] Pod 'test-hivemq-platform-0' condition 'PodScheduled': True
2025-01-28 23:57:55,350 INFO c.h.h.t.HelmChartContainer - [hivemq-test-hivemq-platform] [hivemq-platform-operator] [dab76efd] 23:57:55.349 [ReconcilerExecutor-hivemq-controller-76] DEBUG c.h.p.o.h.HiveMQPlatformReconcilerErrorHandler - [helmcust] Pod 'test-hivemq-platform-0' containerStatus 'hivemq' (started: false) (ready: false) (waiting: [PodInitializing] null)
2025-01-28 23:57:55,351 INFO c.h.h.t.HelmChartContainer - [hivemq-test-hivemq-platform] [hivemq-platform-operator] [dab76efd] 23:57:55.350 [ReconcilerExecutor-hivemq-controller-76] INFO  c.h.p.o.h.HiveMQPlatformReconcilerBaseHandler - [helmcust] HiveMQ Platform is starting, 0 of 2 replicas are ready
2025-01-28 23:57:55,369 INFO c.h.h.t.HelmChartContainer - [EVENT] Normal [Pulled] Container image "docker.io/hivemq/hivemq-platform-operator-init-test:snapshot" already present on machine [helmcustomsecretconfigit:test-hivemq-platform-0]
2025-01-28 23:57:55,518 INFO c.h.h.t.HelmChartContainer - [EVENT] Normal [Created] Created container: hivemq-platform-operator-init [helmcustomsecretconfigit:test-hivemq-platform-0]
2025-01-28 23:57:55,556 INFO c.h.h.t.HelmChartContainer - [EVENT] Normal [Started] Started container hivemq-platform-operator-init [helmcustomsecretconfigit:test-hivemq-platform-0]
2025-01-28 23:57:55,908 INFO c.h.h.t.HelmChartContainer - [POD] test-hivemq-platform-0 [dce7636c-2be3-40ca-9544-4cbdbbdead24] in helmcustomsecretconfigit was MODIFIED
2025-01-28 23:57:55,926 INFO c.h.h.t.HelmChartContainer - [hivemq-test-hivemq-platform] [hivemq-platform-operator] [dab76efd] 23:57:55.922 [pool-6-thread-32] DEBUG c.h.p.o.d.PlatformServiceResource - [helmcust] Desired Platform services (3 services)
2025-01-28 23:57:55,927 INFO c.h.h.t.HelmChartContainer - [hivemq-test-hivemq-platform] [hivemq-platform-operator] [dab76efd] 23:57:55.925 [pool-6-thread-33] DEBUG c.h.p.o.dependants.PodInfoConfigMap - [helmcust] Desired PodInfo ConfigMap (1 extensions) (1 enabled)
2025-01-28 23:57:55,927 INFO c.h.h.t.HelmChartContainer - [hivemq-test-hivemq-platform] [hivemq-platform-operator] [dab76efd] 23:57:55.926 [pool-6-thread-33] DEBUG c.h.p.o.dependants.PodInfoConfigMap - [helmcust] Desired PodInfo ConfigMap (metrics port: 9399) (metrics path: /)
2025-01-28 23:57:55,927 INFO c.h.h.t.HelmChartContainer - [hivemq-test-hivemq-platform] [hivemq-platform-operator] [dab76efd] 23:57:55.926 [pool-6-thread-33] DEBUG c.h.p.o.dependants.PodInfoConfigMap - [helmcust] Desired PodInfo ConfigMap (extension state hash: -1817474005)
2025-01-28 23:57:55,932 INFO c.h.h.t.HelmChartContainer - [hivemq-test-hivemq-platform] [hivemq-platform-operator] [dab76efd] 23:57:55.929 [pool-6-thread-37] DEBUG c.h.p.o.d.PodServiceAccountResource - [helmcust] Desired PodServiceAccountResource (serviceAccountName: hivemq-platform-pod-test-hivemq-platform)
2025-01-28 23:57:55,940 INFO c.h.h.t.HelmChartContainer - [hivemq-test-hivemq-platform] [hivemq-platform-operator] [dab76efd] 23:57:55.937 [pool-6-thread-40] DEBUG c.h.p.o.d.StatefulSetResource - [helmcust] Desired StatefulSet (2 replicas) for status STARTING (READY)
2025-01-28 23:57:55,945 INFO c.h.h.t.HelmChartContainer - [hivemq-test-hivemq-platform] [hivemq-platform-operator] [dab76efd] 23:57:55.944 [ReconcilerExecutor-hivemq-controller-87] INFO  c.h.p.o.HiveMQPlatformReconciler - [helmcust] Reconciling HiveMQ Platform 'test-hivemq-platform' in namespace 'helmcustomsecretconfigit'
2025-01-28 23:57:55,945 INFO c.h.h.t.HelmChartContainer - [hivemq-test-hivemq-platform] [hivemq-platform-operator] [dab76efd] 23:57:55.944 [ReconcilerExecutor-hivemq-controller-87] DEBUG c.h.p.o.HiveMQPlatformReconciler - [helmcust] Custom Resource Status STARTING - HiveMQ Platform is starting (READY)
2025-01-28 23:57:55,946 INFO c.h.h.t.HelmChartContainer - [hivemq-test-hivemq-platform] [hivemq-platform-operator] [dab76efd] 23:57:55.944 [ReconcilerExecutor-hivemq-controller-87] DEBUG c.h.p.o.HiveMQPlatformReconciler - [helmcust] Custom Resource Spec (replicas: 2) (extensions: 1)
2025-01-28 23:57:56,023 INFO c.h.h.t.HelmChartContainer - [hivemq-test-hivemq-platform] [hivemq-platform-operator] [dab76efd] 23:57:56.021 [ReconcilerExecutor-hivemq-controller-87] DEBUG c.h.p.o.HiveMQPlatformReconciler - [helmcust] StatefulSet Status (revision: test-hivemq-platform-7f5cbb4b76, replicas: 1, available: 0, ready: 0, current: 1, updated: 1)
2025-01-28 23:57:56,023 INFO c.h.h.t.HelmChartContainer - [hivemq-test-hivemq-platform] [hivemq-platform-operator] [dab76efd] 23:57:56.021 [ReconcilerExecutor-hivemq-controller-87] DEBUG c.h.p.o.HiveMQPlatformReconciler - [helmcust] StatefulSet Spec (replicas: 2, init containers: 1, containers: 1, volumes: 3)
2025-01-28 23:57:56,026 INFO c.h.h.t.HelmChartContainer - [hivemq-test-hivemq-platform] [hivemq-platform-operator] [dab76efd] 23:57:56.025 [ReconcilerExecutor-hivemq-controller-87] DEBUG c.h.p.o.h.HiveMQPlatformReconcilerErrorHandler - [helmcust] Pod 'test-hivemq-platform-0' phase Pending
2025-01-28 23:57:56,027 INFO c.h.h.t.HelmChartContainer - [hivemq-test-hivemq-platform] [hivemq-platform-operator] [dab76efd] 23:57:56.025 [ReconcilerExecutor-hivemq-controller-87] DEBUG c.h.p.o.h.HiveMQPlatformReconcilerErrorHandler - [helmcust] Pod 'test-hivemq-platform-0' condition 'PodReadyToStartContainers': True
2025-01-28 23:57:56,027 INFO c.h.h.t.HelmChartContainer - [hivemq-test-hivemq-platform] [hivemq-platform-operator] [dab76efd] 23:57:56.025 [ReconcilerExecutor-hivemq-controller-87] DEBUG c.h.p.o.h.HiveMQPlatformReconcilerErrorHandler - [helmcust] Pod 'test-hivemq-platform-0' condition 'Initialized': False
2025-01-28 23:57:56,027 INFO c.h.h.t.HelmChartContainer - [hivemq-test-hivemq-platform] [hivemq-platform-operator] [dab76efd] 23:57:56.025 [ReconcilerExecutor-hivemq-controller-87] DEBUG c.h.p.o.h.HiveMQPlatformReconcilerErrorHandler - [helmcust] Pod 'test-hivemq-platform-0' condition 'Ready': False
2025-01-28 23:57:56,027 INFO c.h.h.t.HelmChartContainer - [hivemq-test-hivemq-platform] [hivemq-platform-operator] [dab76efd] 23:57:56.025 [ReconcilerExecutor-hivemq-controller-87] DEBUG c.h.p.o.h.HiveMQPlatformReconcilerErrorHandler - [helmcust] Pod 'test-hivemq-platform-0' condition 'ContainersReady': False
2025-01-28 23:57:56,027 INFO c.h.h.t.HelmChartContainer - [hivemq-test-hivemq-platform] [hivemq-platform-operator] [dab76efd] 23:57:56.025 [ReconcilerExecutor-hivemq-controller-87] DEBUG c.h.p.o.h.HiveMQPlatformReconcilerErrorHandler - [helmcust] Pod 'test-hivemq-platform-0' condition 'PodScheduled': True
2025-01-28 23:57:56,027 INFO c.h.h.t.HelmChartContainer - [hivemq-test-hivemq-platform] [hivemq-platform-operator] [dab76efd] 23:57:56.025 [ReconcilerExecutor-hivemq-controller-87] DEBUG c.h.p.o.h.HiveMQPlatformReconcilerErrorHandler - [helmcust] Pod 'test-hivemq-platform-0' containerStatus 'hivemq' (started: false) (ready: false) (waiting: [PodInitializing] null)
2025-01-28 23:57:56,027 INFO c.h.h.t.HelmChartContainer - [hivemq-test-hivemq-platform] [hivemq-platform-operator] [dab76efd] 23:57:56.026 [ReconcilerExecutor-hivemq-controller-87] INFO  c.h.p.o.h.HiveMQPlatformReconcilerBaseHandler - [helmcust] HiveMQ Platform is starting, 0 of 2 replicas are ready
2025-01-28 23:57:56,903 INFO c.h.h.t.HelmChartContainer - [EVENT] Normal [Pulled] Container image "docker.io/hivemq/hivemq4:4.36.0" already present on machine [helmcustomsecretconfigit:test-hivemq-platform-0]
2025-01-28 23:57:56,904 INFO c.h.h.t.HelmChartContainer - Received Pulled event for container hivemq in pod test-hivemq-platform-0 [dce7636c-2be3-40ca-9544-4cbdbbdead24]
2025-01-28 23:57:56,911 INFO c.h.h.t.HelmChartContainer - [POD] test-hivemq-platform-0 [dce7636c-2be3-40ca-9544-4cbdbbdead24] in helmcustomsecretconfigit was MODIFIED
2025-01-28 23:57:56,920 INFO c.h.h.t.HelmChartContainer - [hivemq-test-hivemq-platform] [hivemq-platform-operator] [dab76efd] 23:57:56.919 [pool-6-thread-42] DEBUG c.h.p.o.d.PlatformServiceResource - [helmcust] Desired Platform services (3 services)
2025-01-28 23:57:56,924 INFO c.h.h.t.HelmChartContainer - [hivemq-test-hivemq-platform] [hivemq-platform-operator] [dab76efd] 23:57:56.922 [pool-6-thread-43] DEBUG c.h.p.o.dependants.PodInfoConfigMap - [helmcust] Desired PodInfo ConfigMap (1 extensions) (1 enabled)
2025-01-28 23:57:56,924 INFO c.h.h.t.HelmChartContainer - [hivemq-test-hivemq-platform] [hivemq-platform-operator] [dab76efd] 23:57:56.922 [pool-6-thread-43] DEBUG c.h.p.o.dependants.PodInfoConfigMap - [helmcust] Desired PodInfo ConfigMap (metrics port: 9399) (metrics path: /)
2025-01-28 23:57:56,924 INFO c.h.h.t.HelmChartContainer - [hivemq-test-hivemq-platform] [hivemq-platform-operator] [dab76efd] 23:57:56.922 [pool-6-thread-43] DEBUG c.h.p.o.dependants.PodInfoConfigMap - [helmcust] Desired PodInfo ConfigMap (extension state hash: -1817474005)
2025-01-28 23:57:56,926 INFO c.h.h.t.HelmChartContainer - [hivemq-test-hivemq-platform] [hivemq-platform-operator] [dab76efd] 23:57:56.925 [pool-6-thread-47] DEBUG c.h.p.o.d.PodServiceAccountResource - [helmcust] Desired PodServiceAccountResource (serviceAccountName: hivemq-platform-pod-test-hivemq-platform)
2025-01-28 23:57:56,931 INFO c.h.h.t.HelmChartContainer - [hivemq-test-hivemq-platform] [hivemq-platform-operator] [dab76efd] 23:57:56.930 [pool-6-thread-50] DEBUG c.h.p.o.d.StatefulSetResource - [helmcust] Desired StatefulSet (2 replicas) for status STARTING (READY)
2025-01-28 23:57:56,935 INFO c.h.h.t.HelmChartContainer - [hivemq-test-hivemq-platform] [hivemq-platform-operator] [dab76efd] 23:57:56.934 [ReconcilerExecutor-hivemq-controller-98] INFO  c.h.p.o.HiveMQPlatformReconciler - [helmcust] Reconciling HiveMQ Platform 'test-hivemq-platform' in namespace 'helmcustomsecretconfigit'
2025-01-28 23:57:56,935 INFO c.h.h.t.HelmChartContainer - [hivemq-test-hivemq-platform] [hivemq-platform-operator] [dab76efd] 23:57:56.934 [ReconcilerExecutor-hivemq-controller-98] DEBUG c.h.p.o.HiveMQPlatformReconciler - [helmcust] Custom Resource Status STARTING - HiveMQ Platform is starting (READY)
2025-01-28 23:57:56,935 INFO c.h.h.t.HelmChartContainer - [hivemq-test-hivemq-platform] [hivemq-platform-operator] [dab76efd] 23:57:56.934 [ReconcilerExecutor-hivemq-controller-98] DEBUG c.h.p.o.HiveMQPlatformReconciler - [helmcust] Custom Resource Spec (replicas: 2) (extensions: 1)
2025-01-28 23:57:56,937 INFO c.h.h.t.HelmChartContainer - [hivemq-test-hivemq-platform] [hivemq-platform-operator] [dab76efd] 23:57:56.936 [ReconcilerExecutor-hivemq-controller-98] DEBUG c.h.p.o.HiveMQPlatformReconciler - [helmcust] StatefulSet Status (revision: test-hivemq-platform-7f5cbb4b76, replicas: 1, available: 0, ready: 0, current: 1, updated: 1)
2025-01-28 23:57:56,937 INFO c.h.h.t.HelmChartContainer - [hivemq-test-hivemq-platform] [hivemq-platform-operator] [dab76efd] 23:57:56.936 [ReconcilerExecutor-hivemq-controller-98] DEBUG c.h.p.o.HiveMQPlatformReconciler - [helmcust] StatefulSet Spec (replicas: 2, init containers: 1, containers: 1, volumes: 3)
2025-01-28 23:57:56,942 INFO c.h.h.t.HelmChartContainer - [hivemq-test-hivemq-platform] [hivemq-platform-operator] [dab76efd] 23:57:56.939 [ReconcilerExecutor-hivemq-controller-98] DEBUG c.h.p.o.h.HiveMQPlatformReconcilerErrorHandler - [helmcust] Pod 'test-hivemq-platform-0' phase Pending
2025-01-28 23:57:56,942 INFO c.h.h.t.HelmChartContainer - [hivemq-test-hivemq-platform] [hivemq-platform-operator] [dab76efd] 23:57:56.940 [ReconcilerExecutor-hivemq-controller-98] DEBUG c.h.p.o.h.HiveMQPlatformReconcilerErrorHandler - [helmcust] Pod 'test-hivemq-platform-0' condition 'PodReadyToStartContainers': True
2025-01-28 23:57:56,942 INFO c.h.h.t.HelmChartContainer - [hivemq-test-hivemq-platform] [hivemq-platform-operator] [dab76efd] 23:57:56.940 [ReconcilerExecutor-hivemq-controller-98] DEBUG c.h.p.o.h.HiveMQPlatformReconcilerErrorHandler - [helmcust] Pod 'test-hivemq-platform-0' condition 'Initialized': True
2025-01-28 23:57:56,942 INFO c.h.h.t.HelmChartContainer - [hivemq-test-hivemq-platform] [hivemq-platform-operator] [dab76efd] 23:57:56.940 [ReconcilerExecutor-hivemq-controller-98] DEBUG c.h.p.o.h.HiveMQPlatformReconcilerErrorHandler - [helmcust] Pod 'test-hivemq-platform-0' condition 'Ready': False
2025-01-28 23:57:56,942 INFO c.h.h.t.HelmChartContainer - [hivemq-test-hivemq-platform] [hivemq-platform-operator] [dab76efd] 23:57:56.940 [ReconcilerExecutor-hivemq-controller-98] DEBUG c.h.p.o.h.HiveMQPlatformReconcilerErrorHandler - [helmcust] Pod 'test-hivemq-platform-0' condition 'ContainersReady': False
2025-01-28 23:57:56,942 INFO c.h.h.t.HelmChartContainer - [hivemq-test-hivemq-platform] [hivemq-platform-operator] [dab76efd] 23:57:56.940 [ReconcilerExecutor-hivemq-controller-98] DEBUG c.h.p.o.h.HiveMQPlatformReconcilerErrorHandler - [helmcust] Pod 'test-hivemq-platform-0' condition 'PodScheduled': True
2025-01-28 23:57:56,942 INFO c.h.h.t.HelmChartContainer - [hivemq-test-hivemq-platform] [hivemq-platform-operator] [dab76efd] 23:57:56.940 [ReconcilerExecutor-hivemq-controller-98] DEBUG c.h.p.o.h.HiveMQPlatformReconcilerErrorHandler - [helmcust] Pod 'test-hivemq-platform-0' containerStatus 'hivemq' (started: false) (ready: false) (waiting: [PodInitializing] null)
2025-01-28 23:57:56,942 INFO c.h.h.t.HelmChartContainer - [hivemq-test-hivemq-platform] [hivemq-platform-operator] [dab76efd] 23:57:56.941 [ReconcilerExecutor-hivemq-controller-98] INFO  c.h.p.o.h.HiveMQPlatformReconcilerBaseHandler - [helmcust] HiveMQ Platform is starting, 0 of 2 replicas are ready
2025-01-28 23:57:58,211 INFO c.h.h.t.HelmChartContainer - [EVENT] Normal [Created] Created container: hivemq [helmcustomsecretconfigit:test-hivemq-platform-0]
2025-01-28 23:57:58,212 INFO c.h.h.t.HelmChartContainer - Received Created event for container hivemq in pod test-hivemq-platform-0 [dce7636c-2be3-40ca-9544-4cbdbbdead24]
2025-01-28 23:57:58,916 INFO c.h.h.t.HelmChartContainer - [POD] test-hivemq-platform-0 [dce7636c-2be3-40ca-9544-4cbdbbdead24] in helmcustomsecretconfigit was MODIFIED
2025-01-28 23:57:58,924 INFO c.h.h.t.HelmChartContainer - [hivemq-test-hivemq-platform] [hivemq-platform-operator] [dab76efd] 23:57:58.922 [pool-6-thread-6] DEBUG c.h.p.o.d.PlatformServiceResource - [helmcust] Desired Platform services (3 services)
2025-01-28 23:57:58,930 INFO c.h.h.t.HelmChartContainer - [hivemq-test-hivemq-platform] [hivemq-platform-operator] [dab76efd] 23:57:58.928 [pool-6-thread-3] DEBUG c.h.p.o.dependants.PodInfoConfigMap - [helmcust] Desired PodInfo ConfigMap (1 extensions) (1 enabled)
2025-01-28 23:57:58,931 INFO c.h.h.t.HelmChartContainer - [hivemq-test-hivemq-platform] [hivemq-platform-operator] [dab76efd] 23:57:58.929 [pool-6-thread-3] DEBUG c.h.p.o.dependants.PodInfoConfigMap - [helmcust] Desired PodInfo ConfigMap (metrics port: 9399) (metrics path: /)
2025-01-28 23:57:58,931 INFO c.h.h.t.HelmChartContainer - [hivemq-test-hivemq-platform] [hivemq-platform-operator] [dab76efd] 23:57:58.929 [pool-6-thread-3] DEBUG c.h.p.o.dependants.PodInfoConfigMap - [helmcust] Desired PodInfo ConfigMap (extension state hash: -1817474005)
2025-01-28 23:57:58,931 INFO c.h.h.t.HelmChartContainer - [hivemq-test-hivemq-platform] [hivemq-platform-operator] [dab76efd] 23:57:58.929 [pool-6-thread-2] DEBUG c.h.p.o.d.PodServiceAccountResource - [helmcust] Desired PodServiceAccountResource (serviceAccountName: hivemq-platform-pod-test-hivemq-platform)
2025-01-28 23:57:58,936 INFO c.h.h.t.HelmChartContainer - [EVENT] Normal [Started] Started container hivemq [helmcustomsecretconfigit:test-hivemq-platform-0]
2025-01-28 23:57:58,936 INFO c.h.h.t.HelmChartContainer - Received Started event for container hivemq in pod test-hivemq-platform-0 [dce7636c-2be3-40ca-9544-4cbdbbdead24]
2025-01-28 23:57:58,936 INFO c.h.h.t.HelmChartContainer - Started log watcher for hivemq in pod test-hivemq-platform-0 [dce7636c-2be3-40ca-9544-4cbdbbdead24]
2025-01-28 23:57:58,937 INFO c.h.h.t.HelmChartContainer - [test-hivemq-platform] [hivemq] [dce7636c] Adding pre-installed HiveMQ Platform Operator extensions
2025-01-28 23:57:58,937 INFO c.h.h.t.HelmChartContainer - [test-hivemq-platform] [hivemq] [dce7636c] Running as user 10000
2025-01-28 23:57:58,938 INFO c.h.h.t.HelmChartContainer - [test-hivemq-platform] [hivemq] [dce7636c] Starting HiveMQ Platform Operator Init
2025-01-28 23:57:58,944 INFO c.h.h.t.HelmChartContainer - [hivemq-test-hivemq-platform] [hivemq-platform-operator] [dab76efd] 23:57:58.941 [pool-6-thread-3] DEBUG c.h.p.o.d.StatefulSetResource - [helmcust] Desired StatefulSet (2 replicas) for status STARTING (READY)
2025-01-28 23:57:58,953 INFO c.h.h.t.HelmChartContainer - [hivemq-test-hivemq-platform] [hivemq-platform-operator] [dab76efd] 23:57:58.952 [ReconcilerExecutor-hivemq-controller-109] INFO  c.h.p.o.HiveMQPlatformReconciler - [helmcust] Reconciling HiveMQ Platform 'test-hivemq-platform' in namespace 'helmcustomsecretconfigit'
2025-01-28 23:57:58,955 INFO c.h.h.t.HelmChartContainer - [hivemq-test-hivemq-platform] [hivemq-platform-operator] [dab76efd] 23:57:58.953 [ReconcilerExecutor-hivemq-controller-109] DEBUG c.h.p.o.HiveMQPlatformReconciler - [helmcust] Custom Resource Status STARTING - HiveMQ Platform is starting (READY)
2025-01-28 23:57:58,955 INFO c.h.h.t.HelmChartContainer - [hivemq-test-hivemq-platform] [hivemq-platform-operator] [dab76efd] 23:57:58.953 [ReconcilerExecutor-hivemq-controller-109] DEBUG c.h.p.o.HiveMQPlatformReconciler - [helmcust] Custom Resource Spec (replicas: 2) (extensions: 1)
2025-01-28 23:57:58,956 INFO c.h.h.t.HelmChartContainer - [hivemq-test-hivemq-platform] [hivemq-platform-operator] [dab76efd] 23:57:58.956 [ReconcilerExecutor-hivemq-controller-109] DEBUG c.h.p.o.HiveMQPlatformReconciler - [helmcust] StatefulSet Status (revision: test-hivemq-platform-7f5cbb4b76, replicas: 1, available: 0, ready: 0, current: 1, updated: 1)
2025-01-28 23:57:58,957 INFO c.h.h.t.HelmChartContainer - [hivemq-test-hivemq-platform] [hivemq-platform-operator] [dab76efd] 23:57:58.956 [ReconcilerExecutor-hivemq-controller-109] DEBUG c.h.p.o.HiveMQPlatformReconciler - [helmcust] StatefulSet Spec (replicas: 2, init containers: 1, containers: 1, volumes: 3)
2025-01-28 23:57:58,959 INFO c.h.h.t.HelmChartContainer - [hivemq-test-hivemq-platform] [hivemq-platform-operator] [dab76efd] 23:57:58.958 [ReconcilerExecutor-hivemq-controller-109] DEBUG c.h.p.o.h.HiveMQPlatformReconcilerErrorHandler - [helmcust] Pod 'test-hivemq-platform-0' phase Running
2025-01-28 23:57:58,959 INFO c.h.h.t.HelmChartContainer - [hivemq-test-hivemq-platform] [hivemq-platform-operator] [dab76efd] 23:57:58.959 [ReconcilerExecutor-hivemq-controller-109] INFO  c.h.p.o.h.HiveMQPlatformReconcilerBaseHandler - [helmcust] HiveMQ Platform is starting, 0 of 2 replicas are ready
2025-01-28 23:57:59,417 INFO c.h.h.t.HelmChartContainer - [test-hivemq-platform] [hivemq] [dce7636c] INFO  - [HiveMQ Platform Operator Init 1.7.0-SNAPSHOT] HiveMQ Platform Operator Init 1.7.0-SNAPSHOT (commit: bebf408 on branch: HEAD) built on Sun Jan 26 20:47:47 UTC 2025
2025-01-28 23:58:00,545 INFO c.h.h.t.HelmChartContainer - [test-hivemq-platform] [hivemq] [dce7636c] INFO  - [HiveMQ Platform Operator Init App 1.7.0-SNAPSHOT] Using bind address 10.42.0.14 from environment variable
2025-01-28 23:58:01,511 INFO c.h.h.t.HelmChartContainer - [test-hivemq-platform] [hivemq] [dce7636c] INFO  - [HiveMQ Platform Operator Init App 1.7.0-SNAPSHOT] HiveMQ Platform Operator Init App 1.7.0-SNAPSHOT (commit: bebf408 on branch: HEAD) built on Sun Jan 26 20:47:47 UTC 2025
2025-01-28 23:58:01,512 INFO c.h.h.t.HelmChartContainer - [test-hivemq-platform] [hivemq] [dce7636c] INFO  - [HiveMQ Platform Operator Init App 1.7.0-SNAPSHOT] PodInfo ConfigMap directory: /etc/podinfo
2025-01-28 23:58:01,512 INFO c.h.h.t.HelmChartContainer - [test-hivemq-platform] [hivemq] [dce7636c] INFO  - [HiveMQ Platform Operator Init App 1.7.0-SNAPSHOT] HiveMQ home directory: /opt/hivemq
2025-01-28 23:58:01,512 INFO c.h.h.t.HelmChartContainer - [test-hivemq-platform] [hivemq] [dce7636c] INFO  - [HiveMQ Platform Operator Init App 1.7.0-SNAPSHOT] HiveMQ Logback folder: /opt/hivemq/conf
2025-01-28 23:58:01,513 INFO c.h.h.t.HelmChartContainer - [test-hivemq-platform] [hivemq] [dce7636c] INFO  - [HiveMQ Platform Operator Init App 1.7.0-SNAPSHOT] HiveMQ Config folder: /opt/hivemq/conf-k8s
2025-01-28 23:58:01,513 INFO c.h.h.t.HelmChartContainer - [test-hivemq-platform] [hivemq] [dce7636c] INFO  - [HiveMQ Platform Operator Init App 1.7.0-SNAPSHOT] Starting HiveMQ Platform Operator Init App
2025-01-28 23:58:01,513 INFO c.h.h.t.HelmChartContainer - [test-hivemq-platform] [hivemq] [dce7636c] INFO  - [HiveMQ Platform Operator Init App 1.7.0-SNAPSHOT] Starting Pod reconciler
2025-01-28 23:58:02,727 INFO c.h.h.t.HelmChartContainer - [test-hivemq-platform] [hivemq] [dce7636c] INFO  - [HiveMQ Platform Operator Init App 1.7.0-SNAPSHOT] Pod reconciler is scheduled (interval: 5000 ms)
2025-01-28 23:58:02,728 INFO c.h.h.t.HelmChartContainer - [test-hivemq-platform] [hivemq] [dce7636c] INFO  - [HiveMQ Platform Operator Init App 1.7.0-SNAPSHOT] Starting the REST API on 10.42.0.14:7979
2025-01-28 23:58:02,730 INFO c.h.h.t.HelmChartContainer - [test-hivemq-platform] [hivemq] [dce7636c] INFO  - [HiveMQ Platform Operator Init App 1.7.0-SNAPSHOT] Waiting up to 600s for at most 2 HiveMQ nodes in cluster service hivemq-test-hivemq-platform-cluster.helmcustomsecretconfigit.svc
2025-01-28 23:58:03,114 INFO c.h.h.t.HelmChartContainer - [test-hivemq-platform] [hivemq] [dce7636c] INFO  - [HiveMQ Platform Operator Init App 1.7.0-SNAPSHOT] Resolved 1 IP addresses: [10.42.0.14]
2025-01-28 23:58:03,114 INFO c.h.h.t.HelmChartContainer - [test-hivemq-platform] [hivemq] [dce7636c] INFO  - [HiveMQ Platform Operator Init App 1.7.0-SNAPSHOT] HiveMQ node count of 1 is within threshold of 2
2025-01-28 23:58:03,114 INFO c.h.h.t.HelmChartContainer - [test-hivemq-platform] [hivemq] [dce7636c] INFO  - [HiveMQ Platform Operator Init App 1.7.0-SNAPSHOT] Proceeding with container start
2025-01-28 23:58:03,139 INFO c.h.h.t.HelmChartContainer - [test-hivemq-platform] [hivemq] [dce7636c] INFO  - [HiveMQ Platform Operator Init App 1.7.0-SNAPSHOT] Initializing HiveMQ Platform extensions with initial configuration: {hivemq-allow-all-extension={start-priority=-1, skip-https-hostname-verification=false, restart=true, config-version=0, header-version=0, c-uri=, priority=-1, uri=preinstalled, skip-https-certificate-validation=false, enabled=true}, hivemq-prometheus-extension={priority=-1, start-priority=-1, c-uri=, skip-https-hostname-verification=false, skip-https-certificate-validation=false, uri=preinstalled, request-header-path=no-request-headers, enabled=true, restart=true}}
2025-01-28 23:58:03,628 INFO c.h.h.t.HelmChartContainer - [test-hivemq-platform] [hivemq] [dce7636c] INFO  - [HiveMQ Platform Operator Init App 1.7.0-SNAPSHOT] Extension hivemq-allow-all-extension was already enabled
2025-01-28 23:58:03,721 INFO c.h.h.t.HelmChartContainer - [test-hivemq-platform] [hivemq] [dce7636c] INFO  - [HiveMQ Platform Operator Init App 1.7.0-SNAPSHOT] Successfully enabled extension hivemq-prometheus-extension
2025-01-28 23:58:03,723 INFO c.h.h.t.HelmChartContainer - [test-hivemq-platform] [hivemq] [dce7636c] INFO  - [HiveMQ Platform Operator Init App 1.7.0-SNAPSHOT] Starting HiveMQ Platform version 4.36.0 (4.36.0)
2025-01-28 23:58:03,724 INFO c.h.h.t.HelmChartContainer - [test-hivemq-platform] [hivemq] [dce7636c] INFO  - [HiveMQ Platform Operator Init App 1.7.0-SNAPSHOT] Configuring the HiveMQ Platform
2025-01-28 23:58:03,818 INFO c.h.h.t.HelmChartContainer - [test-hivemq-platform] [hivemq] [dce7636c] INFO  - [HiveMQ Platform Operator Init App 1.7.0-SNAPSHOT] Changed logback.xml file scan period to 20 seconds
2025-01-28 23:58:03,911 INFO c.h.h.t.HelmChartContainer - [test-hivemq-platform] [hivemq] [dce7636c] INFO  - [HiveMQ Platform Operator Init App 1.7.0-SNAPSHOT] Starting the HiveMQ Platform
2025-01-28 23:58:03,914 INFO c.h.h.t.HelmChartContainer - [test-hivemq-platform] [hivemq] [dce7636c] -------------------------------------------------------------------------
2025-01-28 23:58:03,914 INFO c.h.h.t.HelmChartContainer - [test-hivemq-platform] [hivemq] [dce7636c] 
2025-01-28 23:58:03,914 INFO c.h.h.t.HelmChartContainer - [test-hivemq-platform] [hivemq] [dce7636c]                   _    _  _              __  __   ____
2025-01-28 23:58:03,914 INFO c.h.h.t.HelmChartContainer - [test-hivemq-platform] [hivemq] [dce7636c]                  | |  | |(_)            |  \/  | / __ \
2025-01-28 23:58:03,914 INFO c.h.h.t.HelmChartContainer - [test-hivemq-platform] [hivemq] [dce7636c]                  | |__| | _ __   __ ___ | \  / || |  | |
2025-01-28 23:58:03,914 INFO c.h.h.t.HelmChartContainer - [test-hivemq-platform] [hivemq] [dce7636c]                  |  __  || |\ \ / // _ \| |\/| || |  | |
2025-01-28 23:58:03,914 INFO c.h.h.t.HelmChartContainer - [test-hivemq-platform] [hivemq] [dce7636c]                  | |  | || | \ V /|  __/| |  | || |__| |
2025-01-28 23:58:03,914 INFO c.h.h.t.HelmChartContainer - [test-hivemq-platform] [hivemq] [dce7636c]                  |_|  |_||_|  \_/  \___||_|  |_| \___\_\
2025-01-28 23:58:03,914 INFO c.h.h.t.HelmChartContainer - [test-hivemq-platform] [hivemq] [dce7636c] 
2025-01-28 23:58:03,914 INFO c.h.h.t.HelmChartContainer - [test-hivemq-platform] [hivemq] [dce7636c] -------------------------------------------------------------------------
2025-01-28 23:58:03,914 INFO c.h.h.t.HelmChartContainer - [test-hivemq-platform] [hivemq] [dce7636c] 
2025-01-28 23:58:03,914 INFO c.h.h.t.HelmChartContainer - [test-hivemq-platform] [hivemq] [dce7636c]   HiveMQ Start Script for Linux/Unix v1.14
2025-01-28 23:58:03,914 INFO c.h.h.t.HelmChartContainer - [test-hivemq-platform] [hivemq] [dce7636c] 
2025-01-28 23:58:03,943 INFO c.h.h.t.HelmChartContainer - [test-hivemq-platform] [hivemq] [dce7636c] -------------------------------------------------------------------------
2025-01-28 23:58:03,943 INFO c.h.h.t.HelmChartContainer - [test-hivemq-platform] [hivemq] [dce7636c] 
2025-01-28 23:58:03,943 INFO c.h.h.t.HelmChartContainer - [test-hivemq-platform] [hivemq] [dce7636c]   HIVEMQ_HOME: /opt/hivemq
2025-01-28 23:58:03,943 INFO c.h.h.t.HelmChartContainer - [test-hivemq-platform] [hivemq] [dce7636c] 
2025-01-28 23:58:03,943 INFO c.h.h.t.HelmChartContainer - [test-hivemq-platform] [hivemq] [dce7636c]   JAVA_OPTS: -XX:+UnlockExperimentalVMOptions -XX:InitialRAMPercentage=50 -XX:MaxRAMPercentage=50 -Djava.net.preferIPv4Stack=true --add-opens java.base/java.lang=ALL-UNNAMED --add-opens java.base/java.nio=ALL-UNNAMED --add-opens java.base/sun.nio.ch=ALL-UNNAMED --add-opens jdk.management/com.sun.management.internal=ALL-UNNAMED --add-exports java.base/jdk.internal.misc=ALL-UNNAMED -Djava.security.egd=file:/dev/./urandom -Dcom.sun.management.jmxremote -Dcom.sun.management.jmxremote.port=9010 -Dcom.sun.management.jmxremote.local.only=false -Dcom.sun.management.jmxremote.authenticate=false -Dcom.sun.management.jmxremote.ssl=false -Duser.language=en -Duser.region=US -XX:+CrashOnOutOfMemoryError -XX:+HeapDumpOnOutOfMemoryError
2025-01-28 23:58:03,943 INFO c.h.h.t.HelmChartContainer - [test-hivemq-platform] [hivemq] [dce7636c] 
2025-01-28 23:58:03,943 INFO c.h.h.t.HelmChartContainer - [test-hivemq-platform] [hivemq] [dce7636c]   JAVA_VERSION: 21
2025-01-28 23:58:03,943 INFO c.h.h.t.HelmChartContainer - [test-hivemq-platform] [hivemq] [dce7636c] 
2025-01-28 23:58:03,943 INFO c.h.h.t.HelmChartContainer - [test-hivemq-platform] [hivemq] [dce7636c] -------------------------------------------------------------------------
2025-01-28 23:58:03,943 INFO c.h.h.t.HelmChartContainer - [test-hivemq-platform] [hivemq] [dce7636c] 
2025-01-28 23:58:04,921 INFO c.h.h.t.HelmChartContainer - [test-hivemq-platform] [hivemq] [dce7636c] INFO  - [HiveMQ Platform Operator Init App 1.7.0-SNAPSHOT] Returning default Health API response 503 for readiness
2025-01-28 23:58:05,322 INFO c.h.h.t.HelmChartContainer - [EVENT] Warning [Unhealthy] Readiness probe failed: HTTP probe failed with statuscode: 503 [helmcustomsecretconfigit:test-hivemq-platform-0]
2025-01-28 23:58:05,322 INFO c.h.h.t.HelmChartContainer - Received Unhealthy event for container hivemq in pod test-hivemq-platform-0 [dce7636c-2be3-40ca-9544-4cbdbbdead24]
2025-01-28 23:58:06,728 INFO c.h.h.t.HelmChartContainer - [test-hivemq-platform] [hivemq] [dce7636c] INFO  - Starting HiveMQ Enterprise Server
2025-01-28 23:58:06,813 INFO c.h.h.t.HelmChartContainer - [test-hivemq-platform] [hivemq] [dce7636c] INFO  - HiveMQ version: 4.36.0
2025-01-28 23:58:06,813 INFO c.h.h.t.HelmChartContainer - [test-hivemq-platform] [hivemq] [dce7636c] INFO  - HiveMQ home directory: /opt/hivemq
2025-01-28 23:58:06,813 INFO c.h.h.t.HelmChartContainer - [test-hivemq-platform] [hivemq] [dce7636c] INFO  - Log Configuration was overridden by /opt/hivemq/conf/logback.xml
2025-01-28 23:58:08,120 INFO c.h.h.t.HelmChartContainer - [test-hivemq-platform] [hivemq] [dce7636c] INFO  - Successfully loaded configuration from '/opt/hivemq/conf-k8s/config.xml'.
2025-01-28 23:58:08,920 INFO c.h.h.t.HelmChartContainer - [test-hivemq-platform] [hivemq] [dce7636c] INFO  - This node's ID is wYryV
2025-01-28 23:58:08,920 INFO c.h.h.t.HelmChartContainer - [test-hivemq-platform] [hivemq] [dce7636c] INFO  - Clustering is enabled
2025-01-28 23:58:08,967 INFO c.h.h.t.HelmChartContainer - [hivemq-test-hivemq-platform] [hivemq-platform-operator] [dab76efd] 23:58:08.962 [pool-6-thread-17] DEBUG c.h.p.o.d.PlatformServiceResource - [helmcust] Desired Platform services (3 services)
2025-01-28 23:58:08,967 INFO c.h.h.t.HelmChartContainer - [hivemq-test-hivemq-platform] [hivemq-platform-operator] [dab76efd] 23:58:08.964 [pool-6-thread-15] DEBUG c.h.p.o.dependants.PodInfoConfigMap - [helmcust] Desired PodInfo ConfigMap (1 extensions) (1 enabled)
2025-01-28 23:58:08,967 INFO c.h.h.t.HelmChartContainer - [hivemq-test-hivemq-platform] [hivemq-platform-operator] [dab76efd] 23:58:08.964 [pool-6-thread-15] DEBUG c.h.p.o.dependants.PodInfoConfigMap - [helmcust] Desired PodInfo ConfigMap (metrics port: 9399) (metrics path: /)
2025-01-28 23:58:08,967 INFO c.h.h.t.HelmChartContainer - [hivemq-test-hivemq-platform] [hivemq-platform-operator] [dab76efd] 23:58:08.964 [pool-6-thread-15] DEBUG c.h.p.o.dependants.PodInfoConfigMap - [helmcust] Desired PodInfo ConfigMap (extension state hash: -1817474005)
2025-01-28 23:58:08,967 INFO c.h.h.t.HelmChartContainer - [hivemq-test-hivemq-platform] [hivemq-platform-operator] [dab76efd] 23:58:08.965 [pool-6-thread-19] DEBUG c.h.p.o.d.PodServiceAccountResource - [helmcust] Desired PodServiceAccountResource (serviceAccountName: hivemq-platform-pod-test-hivemq-platform)
2025-01-28 23:58:08,972 INFO c.h.h.t.HelmChartContainer - [hivemq-test-hivemq-platform] [hivemq-platform-operator] [dab76efd] 23:58:08.970 [pool-6-thread-20] DEBUG c.h.p.o.d.StatefulSetResource - [helmcust] Desired StatefulSet (2 replicas) for status STARTING (READY)
2025-01-28 23:58:08,974 INFO c.h.h.t.HelmChartContainer - [hivemq-test-hivemq-platform] [hivemq-platform-operator] [dab76efd] 23:58:08.973 [ReconcilerExecutor-hivemq-controller-110] INFO  c.h.p.o.HiveMQPlatformReconciler - [helmcust] Reconciling HiveMQ Platform 'test-hivemq-platform' in namespace 'helmcustomsecretconfigit'
2025-01-28 23:58:08,976 INFO c.h.h.t.HelmChartContainer - [hivemq-test-hivemq-platform] [hivemq-platform-operator] [dab76efd] 23:58:08.973 [ReconcilerExecutor-hivemq-controller-110] DEBUG c.h.p.o.HiveMQPlatformReconciler - [helmcust] Custom Resource Status STARTING - HiveMQ Platform is starting (READY)
2025-01-28 23:58:08,976 INFO c.h.h.t.HelmChartContainer - [hivemq-test-hivemq-platform] [hivemq-platform-operator] [dab76efd] 23:58:08.973 [ReconcilerExecutor-hivemq-controller-110] DEBUG c.h.p.o.HiveMQPlatformReconciler - [helmcust] Custom Resource Spec (replicas: 2) (extensions: 1)
2025-01-28 23:58:08,976 INFO c.h.h.t.HelmChartContainer - [hivemq-test-hivemq-platform] [hivemq-platform-operator] [dab76efd] 23:58:08.974 [ReconcilerExecutor-hivemq-controller-110] DEBUG c.h.p.o.HiveMQPlatformReconciler - [helmcust] StatefulSet Status (revision: test-hivemq-platform-7f5cbb4b76, replicas: 1, available: 0, ready: 0, current: 1, updated: 1)
2025-01-28 23:58:08,977 INFO c.h.h.t.HelmChartContainer - [hivemq-test-hivemq-platform] [hivemq-platform-operator] [dab76efd] 23:58:08.974 [ReconcilerExecutor-hivemq-controller-110] DEBUG c.h.p.o.HiveMQPlatformReconciler - [helmcust] StatefulSet Spec (replicas: 2, init containers: 1, containers: 1, volumes: 3)
2025-01-28 23:58:08,977 INFO c.h.h.t.HelmChartContainer - [hivemq-test-hivemq-platform] [hivemq-platform-operator] [dab76efd] 23:58:08.976 [ReconcilerExecutor-hivemq-controller-110] DEBUG c.h.p.o.h.HiveMQPlatformReconcilerErrorHandler - [helmcust] Pod 'test-hivemq-platform-0' phase Running
2025-01-28 23:58:08,978 INFO c.h.h.t.HelmChartContainer - [hivemq-test-hivemq-platform] [hivemq-platform-operator] [dab76efd] 23:58:08.977 [ReconcilerExecutor-hivemq-controller-110] INFO  c.h.p.o.h.HiveMQPlatformReconcilerBaseHandler - [helmcust] HiveMQ Platform is starting, 0 of 2 replicas are ready
2025-01-28 23:58:10,419 INFO c.h.h.t.HelmChartContainer - [test-hivemq-platform] [hivemq] [dce7636c] WARN  - [HiveMQ Platform Operator Init App 1.7.0-SNAPSHOT] Cannot connect to Health API for readiness: null
2025-01-28 23:58:10,425 INFO c.h.h.t.HelmChartContainer - [EVENT] Warning [Unhealthy] Readiness probe failed: HTTP probe failed with statuscode: 503 [helmcustomsecretconfigit:test-hivemq-platform-0]
2025-01-28 23:58:10,425 INFO c.h.h.t.HelmChartContainer - Received Unhealthy event for container hivemq in pod test-hivemq-platform-0 [dce7636c-2be3-40ca-9544-4cbdbbdead24]
2025-01-28 23:58:12,922 INFO c.h.h.t.HelmChartContainer - [test-hivemq-platform] [hivemq] [dce7636c] Jan 28, 2025 11:58:12 PM io.vertx.core.impl.BlockedThreadChecker
2025-01-28 23:58:12,922 INFO c.h.h.t.HelmChartContainer - [test-hivemq-platform] [hivemq] [dce7636c] WARNING: Thread Thread[vert.x-eventloop-thread-1,5,main] has been blocked for 2289 ms, time limit is 2000 ms
2025-01-28 23:58:13,421 INFO c.h.h.t.HelmChartContainer - [test-hivemq-platform] [hivemq] [dce7636c] INFO  - [HiveMQ Platform Operator Init App 1.7.0-SNAPSHOT] Updating Pod HiveMQ Platform Operator Init App version annotation (version: 1.7.0-SNAPSHOT)
2025-01-28 23:58:14,524 INFO c.h.h.t.HelmChartContainer - [POD] test-hivemq-platform-0 [dce7636c-2be3-40ca-9544-4cbdbbdead24] in helmcustomsecretconfigit was MODIFIED
2025-01-28 23:58:14,540 INFO c.h.h.t.HelmChartContainer - [hivemq-test-hivemq-platform] [hivemq-platform-operator] [dab76efd] 23:58:14.535 [pool-6-thread-21] DEBUG c.h.p.o.d.PlatformServiceResource - [helmcust] Desired Platform services (3 services)
2025-01-28 23:58:14,540 INFO c.h.h.t.HelmChartContainer - [hivemq-test-hivemq-platform] [hivemq-platform-operator] [dab76efd] 23:58:14.536 [pool-6-thread-27] DEBUG c.h.p.o.dependants.PodInfoConfigMap - [helmcust] Desired PodInfo ConfigMap (1 extensions) (1 enabled)
2025-01-28 23:58:14,540 INFO c.h.h.t.HelmChartContainer - [hivemq-test-hivemq-platform] [hivemq-platform-operator] [dab76efd] 23:58:14.536 [pool-6-thread-27] DEBUG c.h.p.o.dependants.PodInfoConfigMap - [helmcust] Desired PodInfo ConfigMap (metrics port: 9399) (metrics path: /)
2025-01-28 23:58:14,540 INFO c.h.h.t.HelmChartContainer - [hivemq-test-hivemq-platform] [hivemq-platform-operator] [dab76efd] 23:58:14.536 [pool-6-thread-27] DEBUG c.h.p.o.dependants.PodInfoConfigMap - [helmcust] Desired PodInfo ConfigMap (extension state hash: -1817474005)
2025-01-28 23:58:14,540 INFO c.h.h.t.HelmChartContainer - [hivemq-test-hivemq-platform] [hivemq-platform-operator] [dab76efd] 23:58:14.538 [pool-6-thread-25] DEBUG c.h.p.o.d.PodServiceAccountResource - [helmcust] Desired PodServiceAccountResource (serviceAccountName: hivemq-platform-pod-test-hivemq-platform)
2025-01-28 23:58:14,544 INFO c.h.h.t.HelmChartContainer - [hivemq-test-hivemq-platform] [hivemq-platform-operator] [dab76efd] 23:58:14.544 [pool-6-thread-21] DEBUG c.h.p.o.d.StatefulSetResource - [helmcust] Desired StatefulSet (2 replicas) for status STARTING (READY)
2025-01-28 23:58:14,616 INFO c.h.h.t.HelmChartContainer - [test-hivemq-platform] [hivemq] [dce7636c] WARN  - [HiveMQ Platform Operator Init App 1.7.0-SNAPSHOT] Cannot connect to Health API for readiness: null
2025-01-28 23:58:14,622 INFO c.h.h.t.HelmChartContainer - [EVENT] Warning [Unhealthy] Readiness probe failed: HTTP probe failed with statuscode: 503 [helmcustomsecretconfigit:test-hivemq-platform-0]
2025-01-28 23:58:14,623 INFO c.h.h.t.HelmChartContainer - Received Unhealthy event for container hivemq in pod test-hivemq-platform-0 [dce7636c-2be3-40ca-9544-4cbdbbdead24]
2025-01-28 23:58:14,623 INFO c.h.h.t.HelmChartContainer - [hivemq-test-hivemq-platform] [hivemq-platform-operator] [dab76efd] 23:58:14.620 [ReconcilerExecutor-hivemq-controller-111] INFO  c.h.p.o.HiveMQPlatformReconciler - [helmcust] Reconciling HiveMQ Platform 'test-hivemq-platform' in namespace 'helmcustomsecretconfigit'
2025-01-28 23:58:14,625 INFO c.h.h.t.HelmChartContainer - [hivemq-test-hivemq-platform] [hivemq-platform-operator] [dab76efd] 23:58:14.622 [ReconcilerExecutor-hivemq-controller-111] DEBUG c.h.p.o.HiveMQPlatformReconciler - [helmcust] Custom Resource Status STARTING - HiveMQ Platform is starting (READY)
2025-01-28 23:58:14,625 INFO c.h.h.t.HelmChartContainer - [hivemq-test-hivemq-platform] [hivemq-platform-operator] [dab76efd] 23:58:14.623 [ReconcilerExecutor-hivemq-controller-111] DEBUG c.h.p.o.HiveMQPlatformReconciler - [helmcust] Custom Resource Spec (replicas: 2) (extensions: 1)
2025-01-28 23:58:14,627 INFO c.h.h.t.HelmChartContainer - [test-hivemq-platform] [hivemq] [dce7636c] INFO  - [HiveMQ Platform Operator Init App 1.7.0-SNAPSHOT] Successfully updated Pod HiveMQ Platform Operator Init App version annotation (version: 1.7.0-SNAPSHOT)
2025-01-28 23:58:14,629 INFO c.h.h.t.HelmChartContainer - [hivemq-test-hivemq-platform] [hivemq-platform-operator] [dab76efd] 23:58:14.628 [ReconcilerExecutor-hivemq-controller-111] DEBUG c.h.p.o.HiveMQPlatformReconciler - [helmcust] StatefulSet Status (revision: test-hivemq-platform-7f5cbb4b76, replicas: 1, available: 0, ready: 0, current: 1, updated: 1)
2025-01-28 23:58:14,629 INFO c.h.h.t.HelmChartContainer - [hivemq-test-hivemq-platform] [hivemq-platform-operator] [dab76efd] 23:58:14.628 [ReconcilerExecutor-hivemq-controller-111] DEBUG c.h.p.o.HiveMQPlatformReconciler - [helmcust] StatefulSet Spec (replicas: 2, init containers: 1, containers: 1, volumes: 3)
2025-01-28 23:58:14,631 INFO c.h.h.t.HelmChartContainer - [hivemq-test-hivemq-platform] [hivemq-platform-operator] [dab76efd] 23:58:14.629 [ReconcilerExecutor-hivemq-controller-111] DEBUG c.h.p.o.h.HiveMQPlatformReconcilerErrorHandler - [helmcust] Pod 'test-hivemq-platform-0' phase Running
2025-01-28 23:58:14,632 INFO c.h.h.t.HelmChartContainer - [hivemq-test-hivemq-platform] [hivemq-platform-operator] [dab76efd] 23:58:14.630 [ReconcilerExecutor-hivemq-controller-111] INFO  c.h.p.o.h.HiveMQPlatformReconcilerBaseHandler - [helmcust] HiveMQ Platform is starting, 0 of 2 replicas are ready
2025-01-28 23:58:19,528 INFO c.h.h.t.HelmChartContainer - [test-hivemq-platform] [hivemq] [dce7636c] WARN  - [HiveMQ Platform Operator Init App 1.7.0-SNAPSHOT] Cannot connect to Health API for readiness: null
2025-01-28 23:58:19,532 INFO c.h.h.t.HelmChartContainer - [EVENT] Warning [Unhealthy] Readiness probe failed: HTTP probe failed with statuscode: 503 [helmcustomsecretconfigit:test-hivemq-platform-0]
2025-01-28 23:58:19,532 INFO c.h.h.t.HelmChartContainer - Received Unhealthy event for container hivemq in pod test-hivemq-platform-0 [dce7636c-2be3-40ca-9544-4cbdbbdead24]
2025-01-28 23:58:24,528 INFO c.h.h.t.HelmChartContainer - [test-hivemq-platform] [hivemq] [dce7636c] WARN  - [HiveMQ Platform Operator Init App 1.7.0-SNAPSHOT] Cannot connect to Health API for readiness: null
2025-01-28 23:58:24,533 INFO c.h.h.t.HelmChartContainer - [EVENT] Warning [Unhealthy] Readiness probe failed: HTTP probe failed with statuscode: 503 [helmcustomsecretconfigit:test-hivemq-platform-0]
2025-01-28 23:58:24,533 INFO c.h.h.t.HelmChartContainer - Received Unhealthy event for container hivemq in pod test-hivemq-platform-0 [dce7636c-2be3-40ca-9544-4cbdbbdead24]
2025-01-28 23:58:24,638 INFO c.h.h.t.HelmChartContainer - [hivemq-test-hivemq-platform] [hivemq-platform-operator] [dab76efd] 23:58:24.634 [pool-6-thread-36] DEBUG c.h.p.o.d.PlatformServiceResource - [helmcust] Desired Platform services (3 services)
2025-01-28 23:58:24,638 INFO c.h.h.t.HelmChartContainer - [hivemq-test-hivemq-platform] [hivemq-platform-operator] [dab76efd] 23:58:24.635 [pool-6-thread-38] DEBUG c.h.p.o.d.PodServiceAccountResource - [helmcust] Desired PodServiceAccountResource (serviceAccountName: hivemq-platform-pod-test-hivemq-platform)
2025-01-28 23:58:24,638 INFO c.h.h.t.HelmChartContainer - [hivemq-test-hivemq-platform] [hivemq-platform-operator] [dab76efd] 23:58:24.635 [pool-6-thread-39] DEBUG c.h.p.o.dependants.PodInfoConfigMap - [helmcust] Desired PodInfo ConfigMap (1 extensions) (1 enabled)
2025-01-28 23:58:24,638 INFO c.h.h.t.HelmChartContainer - [hivemq-test-hivemq-platform] [hivemq-platform-operator] [dab76efd] 23:58:24.635 [pool-6-thread-39] DEBUG c.h.p.o.dependants.PodInfoConfigMap - [helmcust] Desired PodInfo ConfigMap (metrics port: 9399) (metrics path: /)
2025-01-28 23:58:24,638 INFO c.h.h.t.HelmChartContainer - [hivemq-test-hivemq-platform] [hivemq-platform-operator] [dab76efd] 23:58:24.635 [pool-6-thread-39] DEBUG c.h.p.o.dependants.PodInfoConfigMap - [helmcust] Desired PodInfo ConfigMap (extension state hash: -1817474005)
2025-01-28 23:58:24,641 INFO c.h.h.t.HelmChartContainer - [hivemq-test-hivemq-platform] [hivemq-platform-operator] [dab76efd] 23:58:24.641 [pool-6-thread-35] DEBUG c.h.p.o.d.StatefulSetResource - [helmcust] Desired StatefulSet (2 replicas) for status STARTING (READY)
2025-01-28 23:58:24,646 INFO c.h.h.t.HelmChartContainer - [hivemq-test-hivemq-platform] [hivemq-platform-operator] [dab76efd] 23:58:24.645 [ReconcilerExecutor-hivemq-controller-112] INFO  c.h.p.o.HiveMQPlatformReconciler - [helmcust] Reconciling HiveMQ Platform 'test-hivemq-platform' in namespace 'helmcustomsecretconfigit'
2025-01-28 23:58:24,647 INFO c.h.h.t.HelmChartContainer - [hivemq-test-hivemq-platform] [hivemq-platform-operator] [dab76efd] 23:58:24.645 [ReconcilerExecutor-hivemq-controller-112] DEBUG c.h.p.o.HiveMQPlatformReconciler - [helmcust] Custom Resource Status STARTING - HiveMQ Platform is starting (READY)
2025-01-28 23:58:24,648 INFO c.h.h.t.HelmChartContainer - [hivemq-test-hivemq-platform] [hivemq-platform-operator] [dab76efd] 23:58:24.645 [ReconcilerExecutor-hivemq-controller-112] DEBUG c.h.p.o.HiveMQPlatformReconciler - [helmcust] Custom Resource Spec (replicas: 2) (extensions: 1)
2025-01-28 23:58:24,648 INFO c.h.h.t.HelmChartContainer - [hivemq-test-hivemq-platform] [hivemq-platform-operator] [dab76efd] 23:58:24.646 [ReconcilerExecutor-hivemq-controller-112] DEBUG c.h.p.o.HiveMQPlatformReconciler - [helmcust] StatefulSet Status (revision: test-hivemq-platform-7f5cbb4b76, replicas: 1, available: 0, ready: 0, current: 1, updated: 1)
2025-01-28 23:58:24,649 INFO c.h.h.t.HelmChartContainer - [hivemq-test-hivemq-platform] [hivemq-platform-operator] [dab76efd] 23:58:24.646 [ReconcilerExecutor-hivemq-controller-112] DEBUG c.h.p.o.HiveMQPlatformReconciler - [helmcust] StatefulSet Spec (replicas: 2, init containers: 1, containers: 1, volumes: 3)
2025-01-28 23:58:24,650 INFO c.h.h.t.HelmChartContainer - [hivemq-test-hivemq-platform] [hivemq-platform-operator] [dab76efd] 23:58:24.648 [ReconcilerExecutor-hivemq-controller-112] DEBUG c.h.p.o.h.HiveMQPlatformReconcilerErrorHandler - [helmcust] Pod 'test-hivemq-platform-0' phase Running
2025-01-28 23:58:24,650 INFO c.h.h.t.HelmChartContainer - [hivemq-test-hivemq-platform] [hivemq-platform-operator] [dab76efd] 23:58:24.649 [ReconcilerExecutor-hivemq-controller-112] INFO  c.h.p.o.h.HiveMQPlatformReconcilerBaseHandler - [helmcust] HiveMQ Platform is starting, 0 of 2 replicas are ready
2025-01-28 23:58:25,315 INFO c.h.h.t.HelmChartContainer - [test-hivemq-platform] [hivemq] [dce7636c] WARN  - [HiveMQ Platform Operator Init App 1.7.0-SNAPSHOT] Cannot connect to Health API for liveness: null
2025-01-28 23:58:25,316 INFO c.h.h.t.HelmChartContainer - [test-hivemq-platform] [hivemq] [dce7636c] INFO  - [HiveMQ Platform Operator Init App 1.7.0-SNAPSHOT] Returning default Health API response 200 for liveness
2025-01-28 23:58:26,216 INFO c.h.h.t.HelmChartContainer - [test-hivemq-platform] [hivemq] [dce7636c] INFO  - No valid license file found. Using trial license, restricted to 25 connections.
2025-01-28 23:58:28,725 INFO c.h.h.t.HelmChartContainer - [test-hivemq-platform] [hivemq] [dce7636c] INFO  - No valid license file for Data Hub found. Using free license, restricted to 1 policy.
2025-01-28 23:58:29,528 INFO c.h.h.t.HelmChartContainer - [test-hivemq-platform] [hivemq] [dce7636c] WARN  - [HiveMQ Platform Operator Init App 1.7.0-SNAPSHOT] Cannot connect to Health API for readiness: null
2025-01-28 23:58:29,531 INFO c.h.h.t.HelmChartContainer - [EVENT] Warning [Unhealthy] Readiness probe failed: HTTP probe failed with statuscode: 503 [helmcustomsecretconfigit:test-hivemq-platform-0]
2025-01-28 23:58:29,532 INFO c.h.h.t.HelmChartContainer - Received Unhealthy event for container hivemq in pod test-hivemq-platform-0 [dce7636c-2be3-40ca-9544-4cbdbbdead24]
2025-01-28 23:58:30,013 INFO c.h.h.t.HelmChartContainer - [test-hivemq-platform] [hivemq] [dce7636c] INFO  - Audit Logger started.
2025-01-28 23:58:30,247 INFO c.h.h.t.HelmChartContainer - [test-hivemq-platform] [hivemq] [dce7636c] INFO  - This node uses '1' CPU cores.
2025-01-28 23:58:30,252 INFO c.h.h.t.HelmChartContainer - [test-hivemq-platform] [hivemq] [dce7636c] INFO  - Starting HiveMQ Health API on address 0.0.0.0 and port 8889
2025-01-28 23:58:31,132 INFO c.h.h.t.HelmChartContainer - [test-hivemq-platform] [hivemq] [dce7636c] INFO  - Started HiveMQ Health API in 879ms
2025-01-28 23:58:31,830 INFO c.h.h.t.HelmChartContainer - [test-hivemq-platform] [hivemq] [dce7636c] INFO  - Starting HiveMQ extension system.
2025-01-28 23:58:32,118 INFO c.h.h.t.HelmChartContainer - [test-hivemq-platform] [hivemq] [dce7636c] INFO  - Starting extension with id "hivemq-dns-cluster-discovery" at /opt/hivemq/extensions/hivemq-dns-cluster-discovery
2025-01-28 23:58:32,621 INFO c.h.h.t.HelmChartContainer - [test-hivemq-platform] [hivemq] [dce7636c] INFO  - Using TCP cluster transport on address 10.42.0.14 and port 7000
2025-01-28 23:58:32,623 INFO c.h.h.t.HelmChartContainer - [test-hivemq-platform] [hivemq] [dce7636c] INFO  - Extension "DNS Cluster Discovery Extension" version 4.3.2 started successfully.
2025-01-28 23:58:32,623 INFO c.h.h.t.HelmChartContainer - [test-hivemq-platform] [hivemq] [dce7636c] INFO  - Starting extension with id "hivemq-prometheus-extension" at /opt/hivemq/extensions/hivemq-prometheus-extension
2025-01-28 23:58:32,713 INFO c.h.h.t.HelmChartContainer - [test-hivemq-platform] [hivemq] [dce7636c] INFO  - Using extension cluster discovery
2025-01-28 23:58:33,713 INFO c.h.h.t.HelmChartContainer - [test-hivemq-platform] [hivemq] [dce7636c] INFO  - Started Jetty Server exposing Prometheus Servlet on URI http://0.0.0.0:9399/
2025-01-28 23:58:33,713 INFO c.h.h.t.HelmChartContainer - [test-hivemq-platform] [hivemq] [dce7636c] INFO  - Extension "Prometheus Monitoring Extension" version 4.0.12 started successfully.
2025-01-28 23:58:33,713 INFO c.h.h.t.HelmChartContainer - [test-hivemq-platform] [hivemq] [dce7636c] INFO  - Starting extension with id "hivemq-allow-all-extension" at /opt/hivemq/extensions/hivemq-allow-all-extension
2025-01-28 23:58:33,713 INFO c.h.h.t.HelmChartContainer - [test-hivemq-platform] [hivemq] [dce7636c] WARN  - 
2025-01-28 23:58:33,713 INFO c.h.h.t.HelmChartContainer - [test-hivemq-platform] [hivemq] [dce7636c] ################################################################################################################
2025-01-28 23:58:33,713 INFO c.h.h.t.HelmChartContainer - [test-hivemq-platform] [hivemq] [dce7636c] # This HiveMQ deployment is not secure! You are lacking Authentication and Authorization.                      #
2025-01-28 23:58:33,713 INFO c.h.h.t.HelmChartContainer - [test-hivemq-platform] [hivemq] [dce7636c] # Right now any MQTT client can connect to the broker with a full set of permissions.                          #
2025-01-28 23:58:33,713 INFO c.h.h.t.HelmChartContainer - [test-hivemq-platform] [hivemq] [dce7636c] # For production usage, add an appropriate security extension and remove the hivemq-allow-all extension.       #
2025-01-28 23:58:33,713 INFO c.h.h.t.HelmChartContainer - [test-hivemq-platform] [hivemq] [dce7636c] # You can download security extensions from the HiveMQ Marketplace (https://www.hivemq.com/extensions/).       #
2025-01-28 23:58:33,713 INFO c.h.h.t.HelmChartContainer - [test-hivemq-platform] [hivemq] [dce7636c] ################################################################################################################
2025-01-28 23:58:33,713 INFO c.h.h.t.HelmChartContainer - [test-hivemq-platform] [hivemq] [dce7636c] INFO  - Extension "Allow All Extension" version 1.1.1 started successfully.
2025-01-28 23:58:34,655 INFO c.h.h.t.HelmChartContainer - [hivemq-test-hivemq-platform] [hivemq-platform-operator] [dab76efd] 23:58:34.652 [pool-6-thread-42] DEBUG c.h.p.o.dependants.PodInfoConfigMap - [helmcust] Desired PodInfo ConfigMap (1 extensions) (1 enabled)
2025-01-28 23:58:34,655 INFO c.h.h.t.HelmChartContainer - [hivemq-test-hivemq-platform] [hivemq-platform-operator] [dab76efd] 23:58:34.653 [pool-6-thread-42] DEBUG c.h.p.o.dependants.PodInfoConfigMap - [helmcust] Desired PodInfo ConfigMap (metrics port: 9399) (metrics path: /)
2025-01-28 23:58:34,655 INFO c.h.h.t.HelmChartContainer - [hivemq-test-hivemq-platform] [hivemq-platform-operator] [dab76efd] 23:58:34.654 [pool-6-thread-42] DEBUG c.h.p.o.dependants.PodInfoConfigMap - [helmcust] Desired PodInfo ConfigMap (extension state hash: -1817474005)
2025-01-28 23:58:34,656 INFO c.h.h.t.HelmChartContainer - [hivemq-test-hivemq-platform] [hivemq-platform-operator] [dab76efd] 23:58:34.653 [pool-6-thread-47] DEBUG c.h.p.o.d.PodServiceAccountResource - [helmcust] Desired PodServiceAccountResource (serviceAccountName: hivemq-platform-pod-test-hivemq-platform)
2025-01-28 23:58:34,657 INFO c.h.h.t.HelmChartContainer - [hivemq-test-hivemq-platform] [hivemq-platform-operator] [dab76efd] 23:58:34.652 [pool-6-thread-46] DEBUG c.h.p.o.d.PlatformServiceResource - [helmcust] Desired Platform services (3 services)
2025-01-28 23:58:34,665 INFO c.h.h.t.HelmChartContainer - [hivemq-test-hivemq-platform] [hivemq-platform-operator] [dab76efd] 23:58:34.664 [pool-6-thread-46] DEBUG c.h.p.o.d.StatefulSetResource - [helmcust] Desired StatefulSet (2 replicas) for status STARTING (READY)
2025-01-28 23:58:34,738 INFO c.h.h.t.HelmChartContainer - [hivemq-test-hivemq-platform] [hivemq-platform-operator] [dab76efd] 23:58:34.736 [ReconcilerExecutor-hivemq-controller-113] INFO  c.h.p.o.HiveMQPlatformReconciler - [helmcust] Reconciling HiveMQ Platform 'test-hivemq-platform' in namespace 'helmcustomsecretconfigit'
2025-01-28 23:58:34,739 INFO c.h.h.t.HelmChartContainer - [hivemq-test-hivemq-platform] [hivemq-platform-operator] [dab76efd] 23:58:34.736 [ReconcilerExecutor-hivemq-controller-113] DEBUG c.h.p.o.HiveMQPlatformReconciler - [helmcust] Custom Resource Status STARTING - HiveMQ Platform is starting (READY)
2025-01-28 23:58:34,739 INFO c.h.h.t.HelmChartContainer - [hivemq-test-hivemq-platform] [hivemq-platform-operator] [dab76efd] 23:58:34.736 [ReconcilerExecutor-hivemq-controller-113] DEBUG c.h.p.o.HiveMQPlatformReconciler - [helmcust] Custom Resource Spec (replicas: 2) (extensions: 1)
2025-01-28 23:58:34,742 INFO c.h.h.t.HelmChartContainer - [hivemq-test-hivemq-platform] [hivemq-platform-operator] [dab76efd] 23:58:34.739 [ReconcilerExecutor-hivemq-controller-113] DEBUG c.h.p.o.HiveMQPlatformReconciler - [helmcust] StatefulSet Status (revision: test-hivemq-platform-7f5cbb4b76, replicas: 1, available: 0, ready: 0, current: 1, updated: 1)
2025-01-28 23:58:34,742 INFO c.h.h.t.HelmChartContainer - [hivemq-test-hivemq-platform] [hivemq-platform-operator] [dab76efd] 23:58:34.739 [ReconcilerExecutor-hivemq-controller-113] DEBUG c.h.p.o.HiveMQPlatformReconciler - [helmcust] StatefulSet Spec (replicas: 2, init containers: 1, containers: 1, volumes: 3)
2025-01-28 23:58:34,742 INFO c.h.h.t.HelmChartContainer - [hivemq-test-hivemq-platform] [hivemq-platform-operator] [dab76efd] 23:58:34.741 [ReconcilerExecutor-hivemq-controller-113] DEBUG c.h.p.o.h.HiveMQPlatformReconcilerErrorHandler - [helmcust] Pod 'test-hivemq-platform-0' phase Running
2025-01-28 23:58:34,743 INFO c.h.h.t.HelmChartContainer - [hivemq-test-hivemq-platform] [hivemq-platform-operator] [dab76efd] 23:58:34.741 [ReconcilerExecutor-hivemq-controller-113] INFO  c.h.p.o.h.HiveMQPlatformReconcilerBaseHandler - [helmcust] HiveMQ Platform is starting, 0 of 2 replicas are ready
2025-01-28 23:58:35,116 INFO c.h.h.t.HelmChartContainer - [test-hivemq-platform] [hivemq] [dce7636c] INFO  - [HiveMQ Platform Operator Init App 1.7.0-SNAPSHOT] Returning Health API response 503 for readiness
2025-01-28 23:58:35,120 INFO c.h.h.t.HelmChartContainer - [EVENT] Warning [Unhealthy] Readiness probe failed: HTTP probe failed with statuscode: 503 [helmcustomsecretconfigit:test-hivemq-platform-0]
2025-01-28 23:58:35,120 INFO c.h.h.t.HelmChartContainer - Received Unhealthy event for container hivemq in pod test-hivemq-platform-0 [dce7636c-2be3-40ca-9544-4cbdbbdead24]
2025-01-28 23:58:35,720 INFO c.h.h.t.HelmChartContainer - [test-hivemq-platform] [hivemq] [dce7636c] INFO  - wYryV: no members discovered after 2408 ms: creating cluster as first member
2025-01-28 23:58:35,726 INFO c.h.h.t.HelmChartContainer - [test-hivemq-platform] [hivemq] [dce7636c] INFO  - Cluster nodes found by discovery: [wYryV|0] (1) [wYryV].
2025-01-28 23:58:35,812 INFO c.h.h.t.HelmChartContainer - [test-hivemq-platform] [hivemq] [dce7636c] WARN  - No user for HiveMQ Control Center configured. Starting with default user
2025-01-28 23:58:35,812 INFO c.h.h.t.HelmChartContainer - [test-hivemq-platform] [hivemq] [dce7636c] INFO  - Starting HiveMQ Control Center on address 0.0.0.0 and port 8080
2025-01-28 23:58:35,814 INFO c.h.h.t.HelmChartContainer - [test-hivemq-platform] [hivemq] [dce7636c] INFO  - Mounting HiveMQ Control Center V2 Preview
2025-01-28 23:58:36,419 INFO c.h.h.t.HelmChartContainer - [test-hivemq-platform] [hivemq] [dce7636c] INFO  - Started HiveMQ Control Center in 607ms
2025-01-28 23:58:36,512 INFO c.h.h.t.HelmChartContainer - [test-hivemq-platform] [hivemq] [dce7636c] INFO  - Starting TCP listener on address 0.0.0.0 and port 1883
2025-01-28 23:58:36,526 INFO c.h.h.t.HelmChartContainer - [test-hivemq-platform] [hivemq] [dce7636c] INFO  - Started TCP Listener on address 0.0.0.0 and on port 1883.
2025-01-28 23:58:36,527 INFO c.h.h.t.HelmChartContainer - [test-hivemq-platform] [hivemq] [dce7636c] INFO  - Started HiveMQ in 30112ms
2025-01-28 23:58:39,529 INFO c.h.h.t.HelmChartContainer - [test-hivemq-platform] [hivemq] [dce7636c] INFO  - [HiveMQ Platform Operator Init App 1.7.0-SNAPSHOT] Returning Health API response 200 for readiness
2025-01-28 23:58:39,542 INFO c.h.h.t.HelmChartContainer - [POD] test-hivemq-platform-0 [dce7636c-2be3-40ca-9544-4cbdbbdead24] in helmcustomsecretconfigit was MODIFIED
2025-01-28 23:58:39,561 INFO c.h.h.t.HelmChartContainer - [hivemq-test-hivemq-platform] [hivemq-platform-operator] [dab76efd] 23:58:39.548 [pool-6-thread-6] DEBUG c.h.p.o.d.PodServiceAccountResource - [helmcust] Desired PodServiceAccountResource (serviceAccountName: hivemq-platform-pod-test-hivemq-platform)
2025-01-28 23:58:39,561 INFO c.h.h.t.HelmChartContainer - [hivemq-test-hivemq-platform] [hivemq-platform-operator] [dab76efd] 23:58:39.550 [pool-6-thread-4] DEBUG c.h.p.o.dependants.PodInfoConfigMap - [helmcust] Desired PodInfo ConfigMap (1 extensions) (1 enabled)
2025-01-28 23:58:39,561 INFO c.h.h.t.HelmChartContainer - [hivemq-test-hivemq-platform] [hivemq-platform-operator] [dab76efd] 23:58:39.550 [pool-6-thread-4] DEBUG c.h.p.o.dependants.PodInfoConfigMap - [helmcust] Desired PodInfo ConfigMap (metrics port: 9399) (metrics path: /)
2025-01-28 23:58:39,561 INFO c.h.h.t.HelmChartContainer - [hivemq-test-hivemq-platform] [hivemq-platform-operator] [dab76efd] 23:58:39.550 [pool-6-thread-4] DEBUG c.h.p.o.dependants.PodInfoConfigMap - [helmcust] Desired PodInfo ConfigMap (extension state hash: -1817474005)
2025-01-28 23:58:39,561 INFO c.h.h.t.HelmChartContainer - [hivemq-test-hivemq-platform] [hivemq-platform-operator] [dab76efd] 23:58:39.550 [pool-6-thread-2] DEBUG c.h.p.o.d.PlatformServiceResource - [helmcust] Desired Platform services (3 services)
2025-01-28 23:58:39,566 INFO c.h.h.t.HelmChartContainer - [hivemq-test-hivemq-platform] [hivemq-platform-operator] [dab76efd] 23:58:39.560 [pool-6-thread-2] DEBUG c.h.p.o.d.StatefulSetResource - [helmcust] Desired StatefulSet (2 replicas) for status STARTING (READY)
2025-01-28 23:58:39,576 INFO c.h.h.t.HelmChartContainer - [hivemq-test-hivemq-platform] [hivemq-platform-operator] [dab76efd] 23:58:39.566 [ReconcilerExecutor-hivemq-controller-114] INFO  c.h.p.o.HiveMQPlatformReconciler - [helmcust] Reconciling HiveMQ Platform 'test-hivemq-platform' in namespace 'helmcustomsecretconfigit'
2025-01-28 23:58:39,576 INFO c.h.h.t.HelmChartContainer - [hivemq-test-hivemq-platform] [hivemq-platform-operator] [dab76efd] 23:58:39.566 [ReconcilerExecutor-hivemq-controller-114] DEBUG c.h.p.o.HiveMQPlatformReconciler - [helmcust] Custom Resource Status STARTING - HiveMQ Platform is starting (READY)
2025-01-28 23:58:39,576 INFO c.h.h.t.HelmChartContainer - [hivemq-test-hivemq-platform] [hivemq-platform-operator] [dab76efd] 23:58:39.566 [ReconcilerExecutor-hivemq-controller-114] DEBUG c.h.p.o.HiveMQPlatformReconciler - [helmcust] Custom Resource Spec (replicas: 2) (extensions: 1)
2025-01-28 23:58:39,576 INFO c.h.h.t.HelmChartContainer - [hivemq-test-hivemq-platform] [hivemq-platform-operator] [dab76efd] 23:58:39.567 [ReconcilerExecutor-hivemq-controller-114] DEBUG c.h.p.o.HiveMQPlatformReconciler - [helmcust] StatefulSet Status (revision: test-hivemq-platform-7f5cbb4b76, replicas: 1, available: 0, ready: 0, current: 1, updated: 1)
2025-01-28 23:58:39,576 INFO c.h.h.t.HelmChartContainer - [hivemq-test-hivemq-platform] [hivemq-platform-operator] [dab76efd] 23:58:39.567 [ReconcilerExecutor-hivemq-controller-114] DEBUG c.h.p.o.HiveMQPlatformReconciler - [helmcust] StatefulSet Spec (replicas: 2, init containers: 1, containers: 1, volumes: 3)
2025-01-28 23:58:39,579 INFO c.h.h.t.HelmChartContainer - [hivemq-test-hivemq-platform] [hivemq-platform-operator] [dab76efd] 23:58:39.568 [ReconcilerExecutor-hivemq-controller-114] DEBUG c.h.p.o.h.HiveMQPlatformReconcilerErrorHandler - [helmcust] Pod 'test-hivemq-platform-0' phase Running
2025-01-28 23:58:39,582 INFO c.h.h.t.HelmChartContainer - [hivemq-test-hivemq-platform] [hivemq-platform-operator] [dab76efd] 23:58:39.571 [ReconcilerExecutor-hivemq-controller-114] INFO  c.h.p.o.h.HiveMQPlatformReconcilerBaseHandler - [helmcust] HiveMQ Platform is starting, 0 of 2 replicas are ready
2025-01-28 23:58:39,590 INFO c.h.h.t.HelmChartContainer - [POD] test-hivemq-platform-1 [1283cabb-c92a-4311-ae51-e22589284c69] in helmcustomsecretconfigit was ADDED
2025-01-28 23:58:39,608 INFO c.h.h.t.HelmChartContainer - [POD] test-hivemq-platform-1 [1283cabb-c92a-4311-ae51-e22589284c69] in helmcustomsecretconfigit was MODIFIED
2025-01-28 23:58:39,609 INFO c.h.h.t.HelmChartContainer - [EVENT] Normal [SuccessfulCreate] create Pod test-hivemq-platform-1 in StatefulSet test-hivemq-platform successful [helmcustomsecretconfigit:test-hivemq-platform]
2025-01-28 23:58:39,613 INFO c.h.h.t.HelmChartContainer - [EVENT] Normal [Scheduled] Successfully assigned helmcustomsecretconfigit/test-hivemq-platform-1 to 21a493cab54f [helmcustomsecretconfigit:test-hivemq-platform-1]
2025-01-28 23:58:39,636 INFO c.h.h.t.HelmChartContainer - [hivemq-test-hivemq-platform] [hivemq-platform-operator] [dab76efd] 23:58:39.632 [pool-6-thread-11] DEBUG c.h.p.o.d.PlatformServiceResource - [helmcust] Desired Platform services (3 services)
2025-01-28 23:58:39,636 INFO c.h.h.t.HelmChartContainer - [hivemq-test-hivemq-platform] [hivemq-platform-operator] [dab76efd] 23:58:39.634 [pool-6-thread-14] DEBUG c.h.p.o.dependants.PodInfoConfigMap - [helmcust] Desired PodInfo ConfigMap (1 extensions) (1 enabled)
2025-01-28 23:58:39,650 INFO c.h.h.t.HelmChartContainer - [POD] test-hivemq-platform-1 [1283cabb-c92a-4311-ae51-e22589284c69] in helmcustomsecretconfigit was MODIFIED
2025-01-28 23:58:39,650 INFO c.h.h.t.HelmChartContainer - [hivemq-test-hivemq-platform] [hivemq-platform-operator] [dab76efd] 23:58:39.637 [pool-6-thread-14] DEBUG c.h.p.o.dependants.PodInfoConfigMap - [helmcust] Desired PodInfo ConfigMap (metrics port: 9399) (metrics path: /)
2025-01-28 23:58:39,650 INFO c.h.h.t.HelmChartContainer - [hivemq-test-hivemq-platform] [hivemq-platform-operator] [dab76efd] 23:58:39.637 [pool-6-thread-14] DEBUG c.h.p.o.dependants.PodInfoConfigMap - [helmcust] Desired PodInfo ConfigMap (extension state hash: -1817474005)
2025-01-28 23:58:39,650 INFO c.h.h.t.HelmChartContainer - [hivemq-test-hivemq-platform] [hivemq-platform-operator] [dab76efd] 23:58:39.635 [pool-6-thread-18] DEBUG c.h.p.o.d.PodServiceAccountResource - [helmcust] Desired PodServiceAccountResource (serviceAccountName: hivemq-platform-pod-test-hivemq-platform)
2025-01-28 23:58:39,650 INFO c.h.h.t.HelmChartContainer - [hivemq-test-hivemq-platform] [hivemq-platform-operator] [dab76efd] 23:58:39.645 [pool-6-thread-11] DEBUG c.h.p.o.d.StatefulSetResource - [helmcust] Desired StatefulSet (2 replicas) for status STARTING (READY)
2025-01-28 23:58:39,657 INFO c.h.h.t.HelmChartContainer - [hivemq-test-hivemq-platform] [hivemq-platform-operator] [dab76efd] 23:58:39.654 [ReconcilerExecutor-hivemq-controller-115] INFO  c.h.p.o.HiveMQPlatformReconciler - [helmcust] Reconciling HiveMQ Platform 'test-hivemq-platform' in namespace 'helmcustomsecretconfigit'
2025-01-28 23:58:39,657 INFO c.h.h.t.HelmChartContainer - [hivemq-test-hivemq-platform] [hivemq-platform-operator] [dab76efd] 23:58:39.654 [ReconcilerExecutor-hivemq-controller-115] DEBUG c.h.p.o.HiveMQPlatformReconciler - [helmcust] Custom Resource Status STARTING - HiveMQ Platform is starting (READY)
2025-01-28 23:58:39,657 INFO c.h.h.t.HelmChartContainer - [hivemq-test-hivemq-platform] [hivemq-platform-operator] [dab76efd] 23:58:39.654 [ReconcilerExecutor-hivemq-controller-115] DEBUG c.h.p.o.HiveMQPlatformReconciler - [helmcust] Custom Resource Spec (replicas: 2) (extensions: 1)
2025-01-28 23:58:39,721 INFO c.h.h.t.HelmChartContainer - [K3S] [reconciler_common.go:251] "operationExecutor.VerifyControllerAttachedVolume started for volume \"pod-info\" (UniqueName: \"kubernetes.io/configmap/1283cabb-c92a-4311-ae51-e22589284c69-pod-info\") pod \"test-hivemq-platform-1\" (UID: \"1283cabb-c92a-4311-ae51-e22589284c69\") " pod="helmcustomsecretconfigit/test-hivemq-platform-1"
2025-01-28 23:58:39,721 INFO c.h.h.t.HelmChartContainer - [K3S] [reconciler_common.go:251] "operationExecutor.VerifyControllerAttachedVolume started for volume \"operator-init\" (UniqueName: \"kubernetes.io/empty-dir/1283cabb-c92a-4311-ae51-e22589284c69-operator-init\") pod \"test-hivemq-platform-1\" (UID: \"1283cabb-c92a-4311-ae51-e22589284c69\") " pod="helmcustomsecretconfigit/test-hivemq-platform-1"
2025-01-28 23:58:39,721 INFO c.h.h.t.HelmChartContainer - [K3S] [reconciler_common.go:251] "operationExecutor.VerifyControllerAttachedVolume started for volume \"broker-configuration\" (UniqueName: \"kubernetes.io/secret/1283cabb-c92a-4311-ae51-e22589284c69-broker-configuration\") pod \"test-hivemq-platform-1\" (UID: \"1283cabb-c92a-4311-ae51-e22589284c69\") " pod="helmcustomsecretconfigit/test-hivemq-platform-1"
2025-01-28 23:58:39,721 INFO c.h.h.t.HelmChartContainer - [K3S] [reconciler_common.go:251] "operationExecutor.VerifyControllerAttachedVolume started for volume \"kube-api-access-q9wvc\" (UniqueName: \"kubernetes.io/projected/1283cabb-c92a-4311-ae51-e22589284c69-kube-api-access-q9wvc\") pod \"test-hivemq-platform-1\" (UID: \"1283cabb-c92a-4311-ae51-e22589284c69\") " pod="helmcustomsecretconfigit/test-hivemq-platform-1"
2025-01-28 23:58:39,732 INFO c.h.h.t.HelmChartContainer - [hivemq-test-hivemq-platform] [hivemq-platform-operator] [dab76efd] 23:58:39.729 [ReconcilerExecutor-hivemq-controller-115] DEBUG c.h.p.o.HiveMQPlatformReconciler - [helmcust] StatefulSet Status (revision: test-hivemq-platform-7f5cbb4b76, replicas: 1, available: 1, ready: 1, current: 1, updated: 1)
2025-01-28 23:58:39,732 INFO c.h.h.t.HelmChartContainer - [hivemq-test-hivemq-platform] [hivemq-platform-operator] [dab76efd] 23:58:39.729 [ReconcilerExecutor-hivemq-controller-115] DEBUG c.h.p.o.HiveMQPlatformReconciler - [helmcust] StatefulSet Spec (replicas: 2, init containers: 1, containers: 1, volumes: 3)
2025-01-28 23:58:39,732 INFO c.h.h.t.HelmChartContainer - [hivemq-test-hivemq-platform] [hivemq-platform-operator] [dab76efd] 23:58:39.731 [ReconcilerExecutor-hivemq-controller-115] DEBUG c.h.p.o.h.HiveMQPlatformReconcilerErrorHandler - [helmcust] Pod 'test-hivemq-platform-1' phase Pending
2025-01-28 23:58:39,732 INFO c.h.h.t.HelmChartContainer - [hivemq-test-hivemq-platform] [hivemq-platform-operator] [dab76efd] 23:58:39.731 [ReconcilerExecutor-hivemq-controller-115] DEBUG c.h.p.o.h.HiveMQPlatformReconcilerErrorHandler - [helmcust] Pod 'test-hivemq-platform-1' condition 'PodReadyToStartContainers': False
2025-01-28 23:58:39,732 INFO c.h.h.t.HelmChartContainer - [hivemq-test-hivemq-platform] [hivemq-platform-operator] [dab76efd] 23:58:39.731 [ReconcilerExecutor-hivemq-controller-115] DEBUG c.h.p.o.h.HiveMQPlatformReconcilerErrorHandler - [helmcust] Pod 'test-hivemq-platform-1' condition 'Initialized': False
2025-01-28 23:58:39,732 INFO c.h.h.t.HelmChartContainer - [hivemq-test-hivemq-platform] [hivemq-platform-operator] [dab76efd] 23:58:39.731 [ReconcilerExecutor-hivemq-controller-115] DEBUG c.h.p.o.h.HiveMQPlatformReconcilerErrorHandler - [helmcust] Pod 'test-hivemq-platform-1' condition 'Ready': False
2025-01-28 23:58:39,732 INFO c.h.h.t.HelmChartContainer - [hivemq-test-hivemq-platform] [hivemq-platform-operator] [dab76efd] 23:58:39.731 [ReconcilerExecutor-hivemq-controller-115] DEBUG c.h.p.o.h.HiveMQPlatformReconcilerErrorHandler - [helmcust] Pod 'test-hivemq-platform-1' condition 'ContainersReady': False
2025-01-28 23:58:39,732 INFO c.h.h.t.HelmChartContainer - [hivemq-test-hivemq-platform] [hivemq-platform-operator] [dab76efd] 23:58:39.731 [ReconcilerExecutor-hivemq-controller-115] DEBUG c.h.p.o.h.HiveMQPlatformReconcilerErrorHandler - [helmcust] Pod 'test-hivemq-platform-1' condition 'PodScheduled': True
2025-01-28 23:58:39,732 INFO c.h.h.t.HelmChartContainer - [hivemq-test-hivemq-platform] [hivemq-platform-operator] [dab76efd] 23:58:39.731 [ReconcilerExecutor-hivemq-controller-115] DEBUG c.h.p.o.h.HiveMQPlatformReconcilerErrorHandler - [helmcust] Pod 'test-hivemq-platform-1' containerStatus 'hivemq' (started: false) (ready: false) (waiting: [PodInitializing] null)
2025-01-28 23:58:39,734 INFO c.h.h.t.HelmChartContainer - [hivemq-test-hivemq-platform] [hivemq-platform-operator] [dab76efd] 23:58:39.733 [ReconcilerExecutor-hivemq-controller-115] DEBUG c.h.p.o.h.HiveMQPlatformReconcilerErrorHandler - [helmcust] Pod 'test-hivemq-platform-0' phase Running
2025-01-28 23:58:39,735 INFO c.h.h.t.HelmChartContainer - [hivemq-test-hivemq-platform] [hivemq-platform-operator] [dab76efd] 23:58:39.734 [ReconcilerExecutor-hivemq-controller-115] INFO  c.h.p.o.h.HiveMQPlatformReconcilerBaseHandler - [helmcust] HiveMQ Platform is starting, 1 of 2 replicas are ready
2025-01-28 23:58:39,741 INFO c.h.h.t.HelmChartContainer - [hivemq-test-hivemq-platform] [hivemq-platform-operator] [dab76efd] 23:58:39.736 [pool-6-thread-23] DEBUG c.h.p.o.d.PlatformServiceResource - [helmcust] Desired Platform services (3 services)
2025-01-28 23:58:39,741 INFO c.h.h.t.HelmChartContainer - [hivemq-test-hivemq-platform] [hivemq-platform-operator] [dab76efd] 23:58:39.737 [pool-6-thread-24] DEBUG c.h.p.o.dependants.PodInfoConfigMap - [helmcust] Desired PodInfo ConfigMap (1 extensions) (1 enabled)
2025-01-28 23:58:39,741 INFO c.h.h.t.HelmChartContainer - [hivemq-test-hivemq-platform] [hivemq-platform-operator] [dab76efd] 23:58:39.737 [pool-6-thread-24] DEBUG c.h.p.o.dependants.PodInfoConfigMap - [helmcust] Desired PodInfo ConfigMap (metrics port: 9399) (metrics path: /)
2025-01-28 23:58:39,741 INFO c.h.h.t.HelmChartContainer - [hivemq-test-hivemq-platform] [hivemq-platform-operator] [dab76efd] 23:58:39.737 [pool-6-thread-24] DEBUG c.h.p.o.dependants.PodInfoConfigMap - [helmcust] Desired PodInfo ConfigMap (extension state hash: -1817474005)
2025-01-28 23:58:39,741 INFO c.h.h.t.HelmChartContainer - [hivemq-test-hivemq-platform] [hivemq-platform-operator] [dab76efd] 23:58:39.740 [pool-6-thread-28] DEBUG c.h.p.o.d.PodServiceAccountResource - [helmcust] Desired PodServiceAccountResource (serviceAccountName: hivemq-platform-pod-test-hivemq-platform)
2025-01-28 23:58:39,829 INFO c.h.h.t.HelmChartContainer - [hivemq-test-hivemq-platform] [hivemq-platform-operator] [dab76efd] 23:58:39.828 [pool-6-thread-23] DEBUG c.h.p.o.d.StatefulSetResource - [helmcust] Desired StatefulSet (2 replicas) for status STARTING (READY)
2025-01-28 23:58:39,833 INFO c.h.h.t.HelmChartContainer - [hivemq-test-hivemq-platform] [hivemq-platform-operator] [dab76efd] 23:58:39.832 [ReconcilerExecutor-hivemq-controller-116] INFO  c.h.p.o.HiveMQPlatformReconciler - [helmcust] Reconciling HiveMQ Platform 'test-hivemq-platform' in namespace 'helmcustomsecretconfigit'
2025-01-28 23:58:39,834 INFO c.h.h.t.HelmChartContainer - [hivemq-test-hivemq-platform] [hivemq-platform-operator] [dab76efd] 23:58:39.832 [ReconcilerExecutor-hivemq-controller-116] DEBUG c.h.p.o.HiveMQPlatformReconciler - [helmcust] Custom Resource Status STARTING - HiveMQ Platform is starting (READY)
2025-01-28 23:58:39,834 INFO c.h.h.t.HelmChartContainer - [hivemq-test-hivemq-platform] [hivemq-platform-operator] [dab76efd] 23:58:39.832 [ReconcilerExecutor-hivemq-controller-116] DEBUG c.h.p.o.HiveMQPlatformReconciler - [helmcust] Custom Resource Spec (replicas: 2) (extensions: 1)
2025-01-28 23:58:39,836 INFO c.h.h.t.HelmChartContainer - [hivemq-test-hivemq-platform] [hivemq-platform-operator] [dab76efd] 23:58:39.834 [ReconcilerExecutor-hivemq-controller-116] DEBUG c.h.p.o.HiveMQPlatformReconciler - [helmcust] StatefulSet Status (revision: test-hivemq-platform-7f5cbb4b76, replicas: 2, available: 1, ready: 1, current: 2, updated: 2)
2025-01-28 23:58:39,838 INFO c.h.h.t.HelmChartContainer - [hivemq-test-hivemq-platform] [hivemq-platform-operator] [dab76efd] 23:58:39.835 [ReconcilerExecutor-hivemq-controller-116] DEBUG c.h.p.o.HiveMQPlatformReconciler - [helmcust] StatefulSet Spec (replicas: 2, init containers: 1, containers: 1, volumes: 3)
2025-01-28 23:58:39,838 INFO c.h.h.t.HelmChartContainer - [hivemq-test-hivemq-platform] [hivemq-platform-operator] [dab76efd] 23:58:39.836 [ReconcilerExecutor-hivemq-controller-116] DEBUG c.h.p.o.h.HiveMQPlatformReconcilerErrorHandler - [helmcust] Pod 'test-hivemq-platform-1' phase Pending
2025-01-28 23:58:39,840 INFO c.h.h.t.HelmChartContainer - [hivemq-test-hivemq-platform] [hivemq-platform-operator] [dab76efd] 23:58:39.837 [ReconcilerExecutor-hivemq-controller-116] DEBUG c.h.p.o.h.HiveMQPlatformReconcilerErrorHandler - [helmcust] Pod 'test-hivemq-platform-1' condition 'PodReadyToStartContainers': False
2025-01-28 23:58:39,840 INFO c.h.h.t.HelmChartContainer - [hivemq-test-hivemq-platform] [hivemq-platform-operator] [dab76efd] 23:58:39.837 [ReconcilerExecutor-hivemq-controller-116] DEBUG c.h.p.o.h.HiveMQPlatformReconcilerErrorHandler - [helmcust] Pod 'test-hivemq-platform-1' condition 'Initialized': False
2025-01-28 23:58:39,840 INFO c.h.h.t.HelmChartContainer - [hivemq-test-hivemq-platform] [hivemq-platform-operator] [dab76efd] 23:58:39.837 [ReconcilerExecutor-hivemq-controller-116] DEBUG c.h.p.o.h.HiveMQPlatformReconcilerErrorHandler - [helmcust] Pod 'test-hivemq-platform-1' condition 'Ready': False
2025-01-28 23:58:39,840 INFO c.h.h.t.HelmChartContainer - [hivemq-test-hivemq-platform] [hivemq-platform-operator] [dab76efd] 23:58:39.837 [ReconcilerExecutor-hivemq-controller-116] DEBUG c.h.p.o.h.HiveMQPlatformReconcilerErrorHandler - [helmcust] Pod 'test-hivemq-platform-1' condition 'ContainersReady': False
2025-01-28 23:58:39,840 INFO c.h.h.t.HelmChartContainer - [hivemq-test-hivemq-platform] [hivemq-platform-operator] [dab76efd] 23:58:39.837 [ReconcilerExecutor-hivemq-controller-116] DEBUG c.h.p.o.h.HiveMQPlatformReconcilerErrorHandler - [helmcust] Pod 'test-hivemq-platform-1' condition 'PodScheduled': True
2025-01-28 23:58:39,840 INFO c.h.h.t.HelmChartContainer - [hivemq-test-hivemq-platform] [hivemq-platform-operator] [dab76efd] 23:58:39.837 [ReconcilerExecutor-hivemq-controller-116] DEBUG c.h.p.o.h.HiveMQPlatformReconcilerErrorHandler - [helmcust] Pod 'test-hivemq-platform-1' containerStatus 'hivemq' (started: false) (ready: false) (waiting: [PodInitializing] null)
2025-01-28 23:58:39,841 INFO c.h.h.t.HelmChartContainer - [hivemq-test-hivemq-platform] [hivemq-platform-operator] [dab76efd] 23:58:39.839 [ReconcilerExecutor-hivemq-controller-116] DEBUG c.h.p.o.h.HiveMQPlatformReconcilerErrorHandler - [helmcust] Pod 'test-hivemq-platform-0' phase Running
2025-01-28 23:58:39,841 INFO c.h.h.t.HelmChartContainer - [hivemq-test-hivemq-platform] [hivemq-platform-operator] [dab76efd] 23:58:39.840 [ReconcilerExecutor-hivemq-controller-116] INFO  c.h.p.o.h.HiveMQPlatformReconcilerBaseHandler - [helmcust] HiveMQ Platform is starting, 1 of 2 replicas are ready
2025-01-28 23:58:39,998 INFO c.h.h.t.HelmChartContainer - [EVENT] Normal [Pulled] Container image "docker.io/hivemq/hivemq-platform-operator-init-test:snapshot" already present on machine [helmcustomsecretconfigit:test-hivemq-platform-1]
2025-01-28 23:58:40,004 INFO c.h.h.t.HelmChartContainer - [EVENT] Normal [Created] Created container: hivemq-platform-operator-init [helmcustomsecretconfigit:test-hivemq-platform-1]
2025-01-28 23:58:40,046 INFO c.h.h.t.HelmChartContainer - [EVENT] Normal [Started] Started container hivemq-platform-operator-init [helmcustomsecretconfigit:test-hivemq-platform-1]
2025-01-28 23:58:40,970 INFO c.h.h.t.HelmChartContainer - [EVENT] Normal [Pulled] Container image "docker.io/hivemq/hivemq4:4.36.0" already present on machine [helmcustomsecretconfigit:test-hivemq-platform-1]
2025-01-28 23:58:40,970 INFO c.h.h.t.HelmChartContainer - Received Pulled event for container hivemq in pod test-hivemq-platform-1 [1283cabb-c92a-4311-ae51-e22589284c69]
2025-01-28 23:58:40,980 INFO c.h.h.t.HelmChartContainer - [POD] test-hivemq-platform-1 [1283cabb-c92a-4311-ae51-e22589284c69] in helmcustomsecretconfigit was MODIFIED
2025-01-28 23:58:40,996 INFO c.h.h.t.HelmChartContainer - [hivemq-test-hivemq-platform] [hivemq-platform-operator] [dab76efd] 23:58:40.987 [pool-6-thread-32] DEBUG c.h.p.o.d.PlatformServiceResource - [helmcust] Desired Platform services (3 services)
2025-01-28 23:58:40,998 INFO c.h.h.t.HelmChartContainer - [hivemq-test-hivemq-platform] [hivemq-platform-operator] [dab76efd] 23:58:40.989 [pool-6-thread-34] DEBUG c.h.p.o.dependants.PodInfoConfigMap - [helmcust] Desired PodInfo ConfigMap (1 extensions) (1 enabled)
2025-01-28 23:58:40,998 INFO c.h.h.t.HelmChartContainer - [hivemq-test-hivemq-platform] [hivemq-platform-operator] [dab76efd] 23:58:40.991 [pool-6-thread-38] DEBUG c.h.p.o.d.PodServiceAccountResource - [helmcust] Desired PodServiceAccountResource (serviceAccountName: hivemq-platform-pod-test-hivemq-platform)
2025-01-28 23:58:40,998 INFO c.h.h.t.HelmChartContainer - [hivemq-test-hivemq-platform] [hivemq-platform-operator] [dab76efd] 23:58:40.990 [pool-6-thread-34] DEBUG c.h.p.o.dependants.PodInfoConfigMap - [helmcust] Desired PodInfo ConfigMap (metrics port: 9399) (metrics path: /)
2025-01-28 23:58:40,999 INFO c.h.h.t.HelmChartContainer - [hivemq-test-hivemq-platform] [hivemq-platform-operator] [dab76efd] 23:58:40.994 [pool-6-thread-34] DEBUG c.h.p.o.dependants.PodInfoConfigMap - [helmcust] Desired PodInfo ConfigMap (extension state hash: -1817474005)
2025-01-28 23:58:41,002 INFO c.h.h.t.HelmChartContainer - [EVENT] Normal [Created] Created container: hivemq [helmcustomsecretconfigit:test-hivemq-platform-1]
2025-01-28 23:58:41,002 INFO c.h.h.t.HelmChartContainer - Received Created event for container hivemq in pod test-hivemq-platform-1 [1283cabb-c92a-4311-ae51-e22589284c69]
2025-01-28 23:58:41,010 INFO c.h.h.t.HelmChartContainer - [hivemq-test-hivemq-platform] [hivemq-platform-operator] [dab76efd] 23:58:41.000 [pool-6-thread-34] DEBUG c.h.p.o.d.StatefulSetResource - [helmcust] Desired StatefulSet (2 replicas) for status STARTING (READY)
2025-01-28 23:58:41,039 INFO c.h.h.t.HelmChartContainer - [hivemq-test-hivemq-platform] [hivemq-platform-operator] [dab76efd] 23:58:41.033 [ReconcilerExecutor-hivemq-controller-117] INFO  c.h.p.o.HiveMQPlatformReconciler - [helmcust] Reconciling HiveMQ Platform 'test-hivemq-platform' in namespace 'helmcustomsecretconfigit'
2025-01-28 23:58:41,039 INFO c.h.h.t.HelmChartContainer - [hivemq-test-hivemq-platform] [hivemq-platform-operator] [dab76efd] 23:58:41.034 [ReconcilerExecutor-hivemq-controller-117] DEBUG c.h.p.o.HiveMQPlatformReconciler - [helmcust] Custom Resource Status STARTING - HiveMQ Platform is starting (READY)
2025-01-28 23:58:41,039 INFO c.h.h.t.HelmChartContainer - [hivemq-test-hivemq-platform] [hivemq-platform-operator] [dab76efd] 23:58:41.034 [ReconcilerExecutor-hivemq-controller-117] DEBUG c.h.p.o.HiveMQPlatformReconciler - [helmcust] Custom Resource Spec (replicas: 2) (extensions: 1)
2025-01-28 23:58:41,049 INFO c.h.h.t.HelmChartContainer - [hivemq-test-hivemq-platform] [hivemq-platform-operator] [dab76efd] 23:58:41.046 [ReconcilerExecutor-hivemq-controller-117] DEBUG c.h.p.o.HiveMQPlatformReconciler - [helmcust] StatefulSet Status (revision: test-hivemq-platform-7f5cbb4b76, replicas: 2, available: 1, ready: 1, current: 2, updated: 2)
2025-01-28 23:58:41,049 INFO c.h.h.t.HelmChartContainer - [hivemq-test-hivemq-platform] [hivemq-platform-operator] [dab76efd] 23:58:41.046 [ReconcilerExecutor-hivemq-controller-117] DEBUG c.h.p.o.HiveMQPlatformReconciler - [helmcust] StatefulSet Spec (replicas: 2, init containers: 1, containers: 1, volumes: 3)
2025-01-28 23:58:41,053 INFO c.h.h.t.HelmChartContainer - [hivemq-test-hivemq-platform] [hivemq-platform-operator] [dab76efd] 23:58:41.049 [ReconcilerExecutor-hivemq-controller-117] DEBUG c.h.p.o.h.HiveMQPlatformReconcilerErrorHandler - [helmcust] Pod 'test-hivemq-platform-1' phase Pending
2025-01-28 23:58:41,054 INFO c.h.h.t.HelmChartContainer - [hivemq-test-hivemq-platform] [hivemq-platform-operator] [dab76efd] 23:58:41.049 [ReconcilerExecutor-hivemq-controller-117] DEBUG c.h.p.o.h.HiveMQPlatformReconcilerErrorHandler - [helmcust] Pod 'test-hivemq-platform-1' condition 'PodReadyToStartContainers': True
2025-01-28 23:58:41,054 INFO c.h.h.t.HelmChartContainer - [hivemq-test-hivemq-platform] [hivemq-platform-operator] [dab76efd] 23:58:41.049 [ReconcilerExecutor-hivemq-controller-117] DEBUG c.h.p.o.h.HiveMQPlatformReconcilerErrorHandler - [helmcust] Pod 'test-hivemq-platform-1' condition 'Initialized': True
2025-01-28 23:58:41,055 INFO c.h.h.t.HelmChartContainer - [hivemq-test-hivemq-platform] [hivemq-platform-operator] [dab76efd] 23:58:41.049 [ReconcilerExecutor-hivemq-controller-117] DEBUG c.h.p.o.h.HiveMQPlatformReconcilerErrorHandler - [helmcust] Pod 'test-hivemq-platform-1' condition 'Ready': False
2025-01-28 23:58:41,055 INFO c.h.h.t.HelmChartContainer - [hivemq-test-hivemq-platform] [hivemq-platform-operator] [dab76efd] 23:58:41.049 [ReconcilerExecutor-hivemq-controller-117] DEBUG c.h.p.o.h.HiveMQPlatformReconcilerErrorHandler - [helmcust] Pod 'test-hivemq-platform-1' condition 'ContainersReady': False
2025-01-28 23:58:41,055 INFO c.h.h.t.HelmChartContainer - [hivemq-test-hivemq-platform] [hivemq-platform-operator] [dab76efd] 23:58:41.050 [ReconcilerExecutor-hivemq-controller-117] DEBUG c.h.p.o.h.HiveMQPlatformReconcilerErrorHandler - [helmcust] Pod 'test-hivemq-platform-1' condition 'PodScheduled': True
2025-01-28 23:58:41,055 INFO c.h.h.t.HelmChartContainer - [hivemq-test-hivemq-platform] [hivemq-platform-operator] [dab76efd] 23:58:41.050 [ReconcilerExecutor-hivemq-controller-117] DEBUG c.h.p.o.h.HiveMQPlatformReconcilerErrorHandler - [helmcust] Pod 'test-hivemq-platform-1' containerStatus 'hivemq' (started: false) (ready: false) (waiting: [PodInitializing] null)
2025-01-28 23:58:41,056 INFO c.h.h.t.HelmChartContainer - [hivemq-test-hivemq-platform] [hivemq-platform-operator] [dab76efd] 23:58:41.053 [ReconcilerExecutor-hivemq-controller-117] DEBUG c.h.p.o.h.HiveMQPlatformReconcilerErrorHandler - [helmcust] Pod 'test-hivemq-platform-0' phase Running
2025-01-28 23:58:41,056 INFO c.h.h.t.HelmChartContainer - [hivemq-test-hivemq-platform] [hivemq-platform-operator] [dab76efd] 23:58:41.054 [ReconcilerExecutor-hivemq-controller-117] INFO  c.h.p.o.h.HiveMQPlatformReconcilerBaseHandler - [helmcust] HiveMQ Platform is starting, 1 of 2 replicas are ready
2025-01-28 23:58:41,991 INFO c.h.h.t.HelmChartContainer - [POD] test-hivemq-platform-1 [1283cabb-c92a-4311-ae51-e22589284c69] in helmcustomsecretconfigit was MODIFIED
2025-01-28 23:58:41,997 INFO c.h.h.t.HelmChartContainer - [hivemq-test-hivemq-platform] [hivemq-platform-operator] [dab76efd] 23:58:41.994 [pool-6-thread-41] DEBUG c.h.p.o.d.PlatformServiceResource - [helmcust] Desired Platform services (3 services)
2025-01-28 23:58:41,997 INFO c.h.h.t.HelmChartContainer - [EVENT] Normal [Started] Started container hivemq [helmcustomsecretconfigit:test-hivemq-platform-1]
2025-01-28 23:58:41,998 INFO c.h.h.t.HelmChartContainer - Started log watcher for hivemq in pod test-hivemq-platform-1 [1283cabb-c92a-4311-ae51-e22589284c69]
2025-01-28 23:58:41,998 INFO c.h.h.t.HelmChartContainer - Received Started event for container hivemq in pod test-hivemq-platform-1 [1283cabb-c92a-4311-ae51-e22589284c69]
2025-01-28 23:58:41,998 INFO c.h.h.t.HelmChartContainer - [test-hivemq-platform] [hivemq] [1283cabb] Adding pre-installed HiveMQ Platform Operator extensions
2025-01-28 23:58:41,998 INFO c.h.h.t.HelmChartContainer - [test-hivemq-platform] [hivemq] [1283cabb] Running as user 10000
2025-01-28 23:58:41,998 INFO c.h.h.t.HelmChartContainer - [test-hivemq-platform] [hivemq] [1283cabb] Starting HiveMQ Platform Operator Init
2025-01-28 23:58:42,002 INFO c.h.h.t.HelmChartContainer - [hivemq-test-hivemq-platform] [hivemq-platform-operator] [dab76efd] 23:58:41.999 [pool-6-thread-45] DEBUG c.h.p.o.d.PodServiceAccountResource - [helmcust] Desired PodServiceAccountResource (serviceAccountName: hivemq-platform-pod-test-hivemq-platform)
2025-01-28 23:58:42,002 INFO c.h.h.t.HelmChartContainer - [hivemq-test-hivemq-platform] [hivemq-platform-operator] [dab76efd] 23:58:41.998 [pool-6-thread-49] DEBUG c.h.p.o.dependants.PodInfoConfigMap - [helmcust] Desired PodInfo ConfigMap (1 extensions) (1 enabled)
2025-01-28 23:58:42,002 INFO c.h.h.t.HelmChartContainer - [hivemq-test-hivemq-platform] [hivemq-platform-operator] [dab76efd] 23:58:42.000 [pool-6-thread-49] DEBUG c.h.p.o.dependants.PodInfoConfigMap - [helmcust] Desired PodInfo ConfigMap (metrics port: 9399) (metrics path: /)
2025-01-28 23:58:42,002 INFO c.h.h.t.HelmChartContainer - [hivemq-test-hivemq-platform] [hivemq-platform-operator] [dab76efd] 23:58:42.001 [pool-6-thread-49] DEBUG c.h.p.o.dependants.PodInfoConfigMap - [helmcust] Desired PodInfo ConfigMap (extension state hash: -1817474005)
2025-01-28 23:58:42,011 INFO c.h.h.t.HelmChartContainer - [hivemq-test-hivemq-platform] [hivemq-platform-operator] [dab76efd] 23:58:42.009 [pool-6-thread-41] DEBUG c.h.p.o.d.StatefulSetResource - [helmcust] Desired StatefulSet (2 replicas) for status STARTING (READY)
2025-01-28 23:58:42,015 INFO c.h.h.t.HelmChartContainer - [hivemq-test-hivemq-platform] [hivemq-platform-operator] [dab76efd] 23:58:42.013 [ReconcilerExecutor-hivemq-controller-118] INFO  c.h.p.o.HiveMQPlatformReconciler - [helmcust] Reconciling HiveMQ Platform 'test-hivemq-platform' in namespace 'helmcustomsecretconfigit'
2025-01-28 23:58:42,015 INFO c.h.h.t.HelmChartContainer - [hivemq-test-hivemq-platform] [hivemq-platform-operator] [dab76efd] 23:58:42.013 [ReconcilerExecutor-hivemq-controller-118] DEBUG c.h.p.o.HiveMQPlatformReconciler - [helmcust] Custom Resource Status STARTING - HiveMQ Platform is starting (READY)
2025-01-28 23:58:42,015 INFO c.h.h.t.HelmChartContainer - [hivemq-test-hivemq-platform] [hivemq-platform-operator] [dab76efd] 23:58:42.013 [ReconcilerExecutor-hivemq-controller-118] DEBUG c.h.p.o.HiveMQPlatformReconciler - [helmcust] Custom Resource Spec (replicas: 2) (extensions: 1)
2025-01-28 23:58:42,033 INFO c.h.h.t.HelmChartContainer - [hivemq-test-hivemq-platform] [hivemq-platform-operator] [dab76efd] 23:58:42.030 [ReconcilerExecutor-hivemq-controller-118] DEBUG c.h.p.o.HiveMQPlatformReconciler - [helmcust] StatefulSet Status (revision: test-hivemq-platform-7f5cbb4b76, replicas: 2, available: 1, ready: 1, current: 2, updated: 2)
2025-01-28 23:58:42,033 INFO c.h.h.t.HelmChartContainer - [hivemq-test-hivemq-platform] [hivemq-platform-operator] [dab76efd] 23:58:42.030 [ReconcilerExecutor-hivemq-controller-118] DEBUG c.h.p.o.HiveMQPlatformReconciler - [helmcust] StatefulSet Spec (replicas: 2, init containers: 1, containers: 1, volumes: 3)
2025-01-28 23:58:42,033 INFO c.h.h.t.HelmChartContainer - [hivemq-test-hivemq-platform] [hivemq-platform-operator] [dab76efd] 23:58:42.031 [ReconcilerExecutor-hivemq-controller-118] DEBUG c.h.p.o.h.HiveMQPlatformReconcilerErrorHandler - [helmcust] Pod 'test-hivemq-platform-1' phase Running
2025-01-28 23:58:42,036 INFO c.h.h.t.HelmChartContainer - [hivemq-test-hivemq-platform] [hivemq-platform-operator] [dab76efd] 23:58:42.035 [ReconcilerExecutor-hivemq-controller-118] DEBUG c.h.p.o.h.HiveMQPlatformReconcilerErrorHandler - [helmcust] Pod 'test-hivemq-platform-0' phase Running
2025-01-28 23:58:42,038 INFO c.h.h.t.HelmChartContainer - [hivemq-test-hivemq-platform] [hivemq-platform-operator] [dab76efd] 23:58:42.036 [ReconcilerExecutor-hivemq-controller-118] INFO  c.h.p.o.h.HiveMQPlatformReconcilerBaseHandler - [helmcust] HiveMQ Platform is starting, 1 of 2 replicas are ready
2025-01-28 23:58:42,390 INFO c.h.h.t.HelmChartContainer - [test-hivemq-platform] [hivemq] [1283cabb] INFO  - [HiveMQ Platform Operator Init 1.7.0-SNAPSHOT] HiveMQ Platform Operator Init 1.7.0-SNAPSHOT (commit: bebf408 on branch: HEAD) built on Sun Jan 26 20:47:47 UTC 2025
2025-01-28 23:58:43,563 INFO c.h.h.t.HelmChartContainer - [test-hivemq-platform] [hivemq] [1283cabb] INFO  - [HiveMQ Platform Operator Init App 1.7.0-SNAPSHOT] Using bind address 10.42.0.15 from environment variable
2025-01-28 23:58:44,487 INFO c.h.h.t.HelmChartContainer - [test-hivemq-platform] [hivemq] [1283cabb] INFO  - [HiveMQ Platform Operator Init App 1.7.0-SNAPSHOT] HiveMQ Platform Operator Init App 1.7.0-SNAPSHOT (commit: bebf408 on branch: HEAD) built on Sun Jan 26 20:47:47 UTC 2025
2025-01-28 23:58:44,487 INFO c.h.h.t.HelmChartContainer - [test-hivemq-platform] [hivemq] [1283cabb] INFO  - [HiveMQ Platform Operator Init App 1.7.0-SNAPSHOT] PodInfo ConfigMap directory: /etc/podinfo
2025-01-28 23:58:44,487 INFO c.h.h.t.HelmChartContainer - [test-hivemq-platform] [hivemq] [1283cabb] INFO  - [HiveMQ Platform Operator Init App 1.7.0-SNAPSHOT] HiveMQ home directory: /opt/hivemq
2025-01-28 23:58:44,487 INFO c.h.h.t.HelmChartContainer - [test-hivemq-platform] [hivemq] [1283cabb] INFO  - [HiveMQ Platform Operator Init App 1.7.0-SNAPSHOT] HiveMQ Logback folder: /opt/hivemq/conf
2025-01-28 23:58:44,487 INFO c.h.h.t.HelmChartContainer - [test-hivemq-platform] [hivemq] [1283cabb] INFO  - [HiveMQ Platform Operator Init App 1.7.0-SNAPSHOT] HiveMQ Config folder: /opt/hivemq/conf-k8s
2025-01-28 23:58:44,487 INFO c.h.h.t.HelmChartContainer - [test-hivemq-platform] [hivemq] [1283cabb] INFO  - [HiveMQ Platform Operator Init App 1.7.0-SNAPSHOT] Starting HiveMQ Platform Operator Init App
2025-01-28 23:58:44,487 INFO c.h.h.t.HelmChartContainer - [test-hivemq-platform] [hivemq] [1283cabb] INFO  - [HiveMQ Platform Operator Init App 1.7.0-SNAPSHOT] Starting Pod reconciler
2025-01-28 23:58:45,768 INFO c.h.h.t.HelmChartContainer - [test-hivemq-platform] [hivemq] [1283cabb] INFO  - [HiveMQ Platform Operator Init App 1.7.0-SNAPSHOT] Pod reconciler is scheduled (interval: 5000 ms)
2025-01-28 23:58:45,769 INFO c.h.h.t.HelmChartContainer - [test-hivemq-platform] [hivemq] [1283cabb] INFO  - [HiveMQ Platform Operator Init App 1.7.0-SNAPSHOT] Starting the REST API on 10.42.0.15:7979
2025-01-28 23:58:45,771 INFO c.h.h.t.HelmChartContainer - [test-hivemq-platform] [hivemq] [1283cabb] INFO  - [HiveMQ Platform Operator Init App 1.7.0-SNAPSHOT] Waiting up to 600s for at most 2 HiveMQ nodes in cluster service hivemq-test-hivemq-platform-cluster.helmcustomsecretconfigit.svc
2025-01-28 23:58:46,093 INFO c.h.h.t.HelmChartContainer - [test-hivemq-platform] [hivemq] [1283cabb] INFO  - [HiveMQ Platform Operator Init App 1.7.0-SNAPSHOT] Resolved 2 IP addresses: [10.42.0.15, 10.42.0.14]
2025-01-28 23:58:46,093 INFO c.h.h.t.HelmChartContainer - [test-hivemq-platform] [hivemq] [1283cabb] INFO  - [HiveMQ Platform Operator Init App 1.7.0-SNAPSHOT] HiveMQ node count of 2 is within threshold of 2
2025-01-28 23:58:46,093 INFO c.h.h.t.HelmChartContainer - [test-hivemq-platform] [hivemq] [1283cabb] INFO  - [HiveMQ Platform Operator Init App 1.7.0-SNAPSHOT] Proceeding with container start
2025-01-28 23:58:46,195 INFO c.h.h.t.HelmChartContainer - [test-hivemq-platform] [hivemq] [1283cabb] INFO  - [HiveMQ Platform Operator Init App 1.7.0-SNAPSHOT] Initializing HiveMQ Platform extensions with initial configuration: {hivemq-allow-all-extension={start-priority=-1, skip-https-hostname-verification=false, restart=true, config-version=0, header-version=0, c-uri=, priority=-1, uri=preinstalled, skip-https-certificate-validation=false, enabled=true}, hivemq-prometheus-extension={priority=-1, start-priority=-1, c-uri=, skip-https-hostname-verification=false, skip-https-certificate-validation=false, uri=preinstalled, request-header-path=no-request-headers, enabled=true, restart=true}}
2025-01-28 23:58:46,691 INFO c.h.h.t.HelmChartContainer - [test-hivemq-platform] [hivemq] [1283cabb] INFO  - [HiveMQ Platform Operator Init App 1.7.0-SNAPSHOT] Extension hivemq-allow-all-extension was already enabled
2025-01-28 23:58:46,762 INFO c.h.h.t.HelmChartContainer - [test-hivemq-platform] [hivemq] [1283cabb] INFO  - [HiveMQ Platform Operator Init App 1.7.0-SNAPSHOT] Successfully enabled extension hivemq-prometheus-extension
2025-01-28 23:58:46,762 INFO c.h.h.t.HelmChartContainer - [test-hivemq-platform] [hivemq] [1283cabb] INFO  - [HiveMQ Platform Operator Init App 1.7.0-SNAPSHOT] Starting HiveMQ Platform version 4.36.0 (4.36.0)
2025-01-28 23:58:46,762 INFO c.h.h.t.HelmChartContainer - [test-hivemq-platform] [hivemq] [1283cabb] INFO  - [HiveMQ Platform Operator Init App 1.7.0-SNAPSHOT] Configuring the HiveMQ Platform
2025-01-28 23:58:46,789 INFO c.h.h.t.HelmChartContainer - [test-hivemq-platform] [hivemq] [1283cabb] INFO  - [HiveMQ Platform Operator Init App 1.7.0-SNAPSHOT] Changed logback.xml file scan period to 20 seconds
2025-01-28 23:58:46,864 INFO c.h.h.t.HelmChartContainer - [test-hivemq-platform] [hivemq] [1283cabb] INFO  - [HiveMQ Platform Operator Init App 1.7.0-SNAPSHOT] Starting the HiveMQ Platform
2025-01-28 23:58:46,866 INFO c.h.h.t.HelmChartContainer - [test-hivemq-platform] [hivemq] [1283cabb] -------------------------------------------------------------------------
2025-01-28 23:58:46,866 INFO c.h.h.t.HelmChartContainer - [test-hivemq-platform] [hivemq] [1283cabb] 
2025-01-28 23:58:46,866 INFO c.h.h.t.HelmChartContainer - [test-hivemq-platform] [hivemq] [1283cabb]                   _    _  _              __  __   ____
2025-01-28 23:58:46,866 INFO c.h.h.t.HelmChartContainer - [test-hivemq-platform] [hivemq] [1283cabb]                  | |  | |(_)            |  \/  | / __ \
2025-01-28 23:58:46,866 INFO c.h.h.t.HelmChartContainer - [test-hivemq-platform] [hivemq] [1283cabb]                  | |__| | _ __   __ ___ | \  / || |  | |
2025-01-28 23:58:46,866 INFO c.h.h.t.HelmChartContainer - [test-hivemq-platform] [hivemq] [1283cabb]                  |  __  || |\ \ / // _ \| |\/| || |  | |
2025-01-28 23:58:46,866 INFO c.h.h.t.HelmChartContainer - [test-hivemq-platform] [hivemq] [1283cabb]                  | |  | || | \ V /|  __/| |  | || |__| |
2025-01-28 23:58:46,867 INFO c.h.h.t.HelmChartContainer - [test-hivemq-platform] [hivemq] [1283cabb]                  |_|  |_||_|  \_/  \___||_|  |_| \___\_\
2025-01-28 23:58:46,867 INFO c.h.h.t.HelmChartContainer - [test-hivemq-platform] [hivemq] [1283cabb] 
2025-01-28 23:58:46,867 INFO c.h.h.t.HelmChartContainer - [test-hivemq-platform] [hivemq] [1283cabb] -------------------------------------------------------------------------
2025-01-28 23:58:46,867 INFO c.h.h.t.HelmChartContainer - [test-hivemq-platform] [hivemq] [1283cabb] 
2025-01-28 23:58:46,867 INFO c.h.h.t.HelmChartContainer - [test-hivemq-platform] [hivemq] [1283cabb]   HiveMQ Start Script for Linux/Unix v1.14
2025-01-28 23:58:46,867 INFO c.h.h.t.HelmChartContainer - [test-hivemq-platform] [hivemq] [1283cabb] 
2025-01-28 23:58:46,970 INFO c.h.h.t.HelmChartContainer - [test-hivemq-platform] [hivemq] [1283cabb] -------------------------------------------------------------------------
2025-01-28 23:58:46,970 INFO c.h.h.t.HelmChartContainer - [test-hivemq-platform] [hivemq] [1283cabb] 
2025-01-28 23:58:46,970 INFO c.h.h.t.HelmChartContainer - [test-hivemq-platform] [hivemq] [1283cabb]   HIVEMQ_HOME: /opt/hivemq
2025-01-28 23:58:46,970 INFO c.h.h.t.HelmChartContainer - [test-hivemq-platform] [hivemq] [1283cabb] 
2025-01-28 23:58:46,970 INFO c.h.h.t.HelmChartContainer - [test-hivemq-platform] [hivemq] [1283cabb]   JAVA_OPTS: -XX:+UnlockExperimentalVMOptions -XX:InitialRAMPercentage=50 -XX:MaxRAMPercentage=50 -Djava.net.preferIPv4Stack=true --add-opens java.base/java.lang=ALL-UNNAMED --add-opens java.base/java.nio=ALL-UNNAMED --add-opens java.base/sun.nio.ch=ALL-UNNAMED --add-opens jdk.management/com.sun.management.internal=ALL-UNNAMED --add-exports java.base/jdk.internal.misc=ALL-UNNAMED -Djava.security.egd=file:/dev/./urandom -Dcom.sun.management.jmxremote -Dcom.sun.management.jmxremote.port=9010 -Dcom.sun.management.jmxremote.local.only=false -Dcom.sun.management.jmxremote.authenticate=false -Dcom.sun.management.jmxremote.ssl=false -Duser.language=en -Duser.region=US -XX:+CrashOnOutOfMemoryError -XX:+HeapDumpOnOutOfMemoryError
2025-01-28 23:58:46,970 INFO c.h.h.t.HelmChartContainer - [test-hivemq-platform] [hivemq] [1283cabb] 
2025-01-28 23:58:46,970 INFO c.h.h.t.HelmChartContainer - [test-hivemq-platform] [hivemq] [1283cabb]   JAVA_VERSION: 21
2025-01-28 23:58:46,970 INFO c.h.h.t.HelmChartContainer - [test-hivemq-platform] [hivemq] [1283cabb] 
2025-01-28 23:58:46,970 INFO c.h.h.t.HelmChartContainer - [test-hivemq-platform] [hivemq] [1283cabb] -------------------------------------------------------------------------
2025-01-28 23:58:46,970 INFO c.h.h.t.HelmChartContainer - [test-hivemq-platform] [hivemq] [1283cabb] 
2025-01-28 23:58:47,996 INFO c.h.h.t.HelmChartContainer - [test-hivemq-platform] [hivemq] [1283cabb] INFO  - [HiveMQ Platform Operator Init App 1.7.0-SNAPSHOT] Returning default Health API response 503 for readiness
2025-01-28 23:58:48,295 INFO c.h.h.t.HelmChartContainer - [EVENT] Warning [Unhealthy] Readiness probe failed: HTTP probe failed with statuscode: 503 [helmcustomsecretconfigit:test-hivemq-platform-1]
2025-01-28 23:58:48,295 INFO c.h.h.t.HelmChartContainer - Received Unhealthy event for container hivemq in pod test-hivemq-platform-1 [1283cabb-c92a-4311-ae51-e22589284c69]
2025-01-28 23:58:49,690 INFO c.h.h.t.HelmChartContainer - [test-hivemq-platform] [hivemq] [1283cabb] INFO  - Starting HiveMQ Enterprise Server
2025-01-28 23:58:49,696 INFO c.h.h.t.HelmChartContainer - [test-hivemq-platform] [hivemq] [1283cabb] INFO  - HiveMQ version: 4.36.0
2025-01-28 23:58:49,696 INFO c.h.h.t.HelmChartContainer - [test-hivemq-platform] [hivemq] [1283cabb] INFO  - HiveMQ home directory: /opt/hivemq
2025-01-28 23:58:49,697 INFO c.h.h.t.HelmChartContainer - [test-hivemq-platform] [hivemq] [1283cabb] INFO  - Log Configuration was overridden by /opt/hivemq/conf/logback.xml
2025-01-28 23:58:50,893 INFO c.h.h.t.HelmChartContainer - [test-hivemq-platform] [hivemq] [1283cabb] INFO  - Successfully loaded configuration from '/opt/hivemq/conf-k8s/config.xml'.
2025-01-28 23:58:51,493 INFO c.h.h.t.HelmChartContainer - [test-hivemq-platform] [hivemq] [1283cabb] INFO  - This node's ID is 9Npb0
2025-01-28 23:58:51,493 INFO c.h.h.t.HelmChartContainer - [test-hivemq-platform] [hivemq] [1283cabb] INFO  - Clustering is enabled
2025-01-28 23:58:52,040 INFO c.h.h.t.HelmChartContainer - [hivemq-test-hivemq-platform] [hivemq-platform-operator] [dab76efd] 23:58:52.039 [pool-6-thread-1] DEBUG c.h.p.o.d.PlatformServiceResource - [helmcust] Desired Platform services (3 services)
2025-01-28 23:58:52,042 INFO c.h.h.t.HelmChartContainer - [hivemq-test-hivemq-platform] [hivemq-platform-operator] [dab76efd] 23:58:52.039 [pool-6-thread-8] DEBUG c.h.p.o.dependants.PodInfoConfigMap - [helmcust] Desired PodInfo ConfigMap (1 extensions) (1 enabled)
2025-01-28 23:58:52,042 INFO c.h.h.t.HelmChartContainer - [hivemq-test-hivemq-platform] [hivemq-platform-operator] [dab76efd] 23:58:52.039 [pool-6-thread-8] DEBUG c.h.p.o.dependants.PodInfoConfigMap - [helmcust] Desired PodInfo ConfigMap (metrics port: 9399) (metrics path: /)
2025-01-28 23:58:52,042 INFO c.h.h.t.HelmChartContainer - [hivemq-test-hivemq-platform] [hivemq-platform-operator] [dab76efd] 23:58:52.039 [pool-6-thread-8] DEBUG c.h.p.o.dependants.PodInfoConfigMap - [helmcust] Desired PodInfo ConfigMap (extension state hash: -1817474005)
2025-01-28 23:58:52,042 INFO c.h.h.t.HelmChartContainer - [hivemq-test-hivemq-platform] [hivemq-platform-operator] [dab76efd] 23:58:52.040 [pool-6-thread-9] DEBUG c.h.p.o.d.PodServiceAccountResource - [helmcust] Desired PodServiceAccountResource (serviceAccountName: hivemq-platform-pod-test-hivemq-platform)
2025-01-28 23:58:52,045 INFO c.h.h.t.HelmChartContainer - [hivemq-test-hivemq-platform] [hivemq-platform-operator] [dab76efd] 23:58:52.044 [pool-6-thread-1] DEBUG c.h.p.o.d.StatefulSetResource - [helmcust] Desired StatefulSet (2 replicas) for status STARTING (READY)
2025-01-28 23:58:52,048 INFO c.h.h.t.HelmChartContainer - [hivemq-test-hivemq-platform] [hivemq-platform-operator] [dab76efd] 23:58:52.047 [ReconcilerExecutor-hivemq-controller-119] INFO  c.h.p.o.HiveMQPlatformReconciler - [helmcust] Reconciling HiveMQ Platform 'test-hivemq-platform' in namespace 'helmcustomsecretconfigit'
2025-01-28 23:58:52,048 INFO c.h.h.t.HelmChartContainer - [hivemq-test-hivemq-platform] [hivemq-platform-operator] [dab76efd] 23:58:52.047 [ReconcilerExecutor-hivemq-controller-119] DEBUG c.h.p.o.HiveMQPlatformReconciler - [helmcust] Custom Resource Status STARTING - HiveMQ Platform is starting (READY)
2025-01-28 23:58:52,050 INFO c.h.h.t.HelmChartContainer - [hivemq-test-hivemq-platform] [hivemq-platform-operator] [dab76efd] 23:58:52.047 [ReconcilerExecutor-hivemq-controller-119] DEBUG c.h.p.o.HiveMQPlatformReconciler - [helmcust] Custom Resource Spec (replicas: 2) (extensions: 1)
2025-01-28 23:58:52,050 INFO c.h.h.t.HelmChartContainer - [hivemq-test-hivemq-platform] [hivemq-platform-operator] [dab76efd] 23:58:52.050 [ReconcilerExecutor-hivemq-controller-119] DEBUG c.h.p.o.HiveMQPlatformReconciler - [helmcust] StatefulSet Status (revision: test-hivemq-platform-7f5cbb4b76, replicas: 2, available: 1, ready: 1, current: 2, updated: 2)
2025-01-28 23:58:52,051 INFO c.h.h.t.HelmChartContainer - [hivemq-test-hivemq-platform] [hivemq-platform-operator] [dab76efd] 23:58:52.050 [ReconcilerExecutor-hivemq-controller-119] DEBUG c.h.p.o.HiveMQPlatformReconciler - [helmcust] StatefulSet Spec (replicas: 2, init containers: 1, containers: 1, volumes: 3)
2025-01-28 23:58:52,052 INFO c.h.h.t.HelmChartContainer - [hivemq-test-hivemq-platform] [hivemq-platform-operator] [dab76efd] 23:58:52.051 [ReconcilerExecutor-hivemq-controller-119] DEBUG c.h.p.o.h.HiveMQPlatformReconcilerErrorHandler - [helmcust] Pod 'test-hivemq-platform-1' phase Running
2025-01-28 23:58:52,053 INFO c.h.h.t.HelmChartContainer - [hivemq-test-hivemq-platform] [hivemq-platform-operator] [dab76efd] 23:58:52.052 [ReconcilerExecutor-hivemq-controller-119] DEBUG c.h.p.o.h.HiveMQPlatformReconcilerErrorHandler - [helmcust] Pod 'test-hivemq-platform-0' phase Running
2025-01-28 23:58:52,054 INFO c.h.h.t.HelmChartContainer - [hivemq-test-hivemq-platform] [hivemq-platform-operator] [dab76efd] 23:58:52.053 [ReconcilerExecutor-hivemq-controller-119] INFO  c.h.p.o.h.HiveMQPlatformReconcilerBaseHandler - [helmcust] HiveMQ Platform is starting, 1 of 2 replicas are ready
2025-01-28 23:58:53,393 INFO c.h.h.t.HelmChartContainer - [test-hivemq-platform] [hivemq] [1283cabb] WARN  - [HiveMQ Platform Operator Init App 1.7.0-SNAPSHOT] Cannot connect to Health API for readiness: null
2025-01-28 23:58:53,398 INFO c.h.h.t.HelmChartContainer - [EVENT] Warning [Unhealthy] Readiness probe failed: HTTP probe failed with statuscode: 503 [helmcustomsecretconfigit:test-hivemq-platform-1]
2025-01-28 23:58:53,398 INFO c.h.h.t.HelmChartContainer - Received Unhealthy event for container hivemq in pod test-hivemq-platform-1 [1283cabb-c92a-4311-ae51-e22589284c69]
2025-01-28 23:58:55,279 INFO c.h.h.t.HelmChartContainer - [test-hivemq-platform] [hivemq] [dce7636c] INFO  - [HiveMQ Platform Operator Init App 1.7.0-SNAPSHOT] Returning Health API response 200 for liveness
2025-01-28 23:58:56,062 INFO c.h.h.t.HelmChartContainer - [test-hivemq-platform] [hivemq] [1283cabb] Jan 28, 2025 11:58:55 PM io.vertx.core.impl.BlockedThreadChecker
2025-01-28 23:58:56,062 INFO c.h.h.t.HelmChartContainer - [test-hivemq-platform] [hivemq] [1283cabb] WARNING: Thread Thread[vert.x-eventloop-thread-1,5,main] has been blocked for 2197 ms, time limit is 2000 ms
2025-01-28 23:58:56,663 INFO c.h.h.t.HelmChartContainer - [test-hivemq-platform] [hivemq] [1283cabb] INFO  - [HiveMQ Platform Operator Init App 1.7.0-SNAPSHOT] Updating Pod HiveMQ Platform Operator Init App version annotation (version: 1.7.0-SNAPSHOT)
2025-01-28 23:58:57,371 INFO c.h.h.t.HelmChartContainer - [POD] test-hivemq-platform-1 [1283cabb-c92a-4311-ae51-e22589284c69] in helmcustomsecretconfigit was MODIFIED
2025-01-28 23:58:57,377 INFO c.h.h.t.HelmChartContainer - [hivemq-test-hivemq-platform] [hivemq-platform-operator] [dab76efd] 23:58:57.376 [pool-6-thread-18] DEBUG c.h.p.o.d.PlatformServiceResource - [helmcust] Desired Platform services (3 services)
2025-01-28 23:58:57,379 INFO c.h.h.t.HelmChartContainer - [hivemq-test-hivemq-platform] [hivemq-platform-operator] [dab76efd] 23:58:57.377 [pool-6-thread-14] DEBUG c.h.p.o.dependants.PodInfoConfigMap - [helmcust] Desired PodInfo ConfigMap (1 extensions) (1 enabled)
2025-01-28 23:58:57,383 INFO c.h.h.t.HelmChartContainer - [hivemq-test-hivemq-platform] [hivemq-platform-operator] [dab76efd] 23:58:57.377 [pool-6-thread-14] DEBUG c.h.p.o.dependants.PodInfoConfigMap - [helmcust] Desired PodInfo ConfigMap (metrics port: 9399) (metrics path: /)
2025-01-28 23:58:57,383 INFO c.h.h.t.HelmChartContainer - [hivemq-test-hivemq-platform] [hivemq-platform-operator] [dab76efd] 23:58:57.377 [pool-6-thread-14] DEBUG c.h.p.o.dependants.PodInfoConfigMap - [helmcust] Desired PodInfo ConfigMap (extension state hash: -1817474005)
2025-01-28 23:58:57,383 INFO c.h.h.t.HelmChartContainer - [hivemq-test-hivemq-platform] [hivemq-platform-operator] [dab76efd] 23:58:57.378 [pool-6-thread-13] DEBUG c.h.p.o.d.PodServiceAccountResource - [helmcust] Desired PodServiceAccountResource (serviceAccountName: hivemq-platform-pod-test-hivemq-platform)
2025-01-28 23:58:57,383 INFO c.h.h.t.HelmChartContainer - [hivemq-test-hivemq-platform] [hivemq-platform-operator] [dab76efd] 23:58:57.382 [pool-6-thread-18] DEBUG c.h.p.o.d.StatefulSetResource - [helmcust] Desired StatefulSet (2 replicas) for status STARTING (READY)
2025-01-28 23:58:57,391 INFO c.h.h.t.HelmChartContainer - [test-hivemq-platform] [hivemq] [1283cabb] INFO  - [HiveMQ Platform Operator Init App 1.7.0-SNAPSHOT] Successfully updated Pod HiveMQ Platform Operator Init App version annotation (version: 1.7.0-SNAPSHOT)
2025-01-28 23:58:57,391 INFO c.h.h.t.HelmChartContainer - [hivemq-test-hivemq-platform] [hivemq-platform-operator] [dab76efd] 23:58:57.389 [ReconcilerExecutor-hivemq-controller-120] INFO  c.h.p.o.HiveMQPlatformReconciler - [helmcust] Reconciling HiveMQ Platform 'test-hivemq-platform' in namespace 'helmcustomsecretconfigit'
2025-01-28 23:58:57,391 INFO c.h.h.t.HelmChartContainer - [hivemq-test-hivemq-platform] [hivemq-platform-operator] [dab76efd] 23:58:57.389 [ReconcilerExecutor-hivemq-controller-120] DEBUG c.h.p.o.HiveMQPlatformReconciler - [helmcust] Custom Resource Status STARTING - HiveMQ Platform is starting (READY)
2025-01-28 23:58:57,391 INFO c.h.h.t.HelmChartContainer - [hivemq-test-hivemq-platform] [hivemq-platform-operator] [dab76efd] 23:58:57.389 [ReconcilerExecutor-hivemq-controller-120] DEBUG c.h.p.o.HiveMQPlatformReconciler - [helmcust] Custom Resource Spec (replicas: 2) (extensions: 1)
2025-01-28 23:58:57,393 INFO c.h.h.t.HelmChartContainer - [hivemq-test-hivemq-platform] [hivemq-platform-operator] [dab76efd] 23:58:57.392 [ReconcilerExecutor-hivemq-controller-120] DEBUG c.h.p.o.HiveMQPlatformReconciler - [helmcust] StatefulSet Status (revision: test-hivemq-platform-7f5cbb4b76, replicas: 2, available: 1, ready: 1, current: 2, updated: 2)
2025-01-28 23:58:57,394 INFO c.h.h.t.HelmChartContainer - [hivemq-test-hivemq-platform] [hivemq-platform-operator] [dab76efd] 23:58:57.393 [ReconcilerExecutor-hivemq-controller-120] DEBUG c.h.p.o.HiveMQPlatformReconciler - [helmcust] StatefulSet Spec (replicas: 2, init containers: 1, containers: 1, volumes: 3)
2025-01-28 23:58:57,396 INFO c.h.h.t.HelmChartContainer - [hivemq-test-hivemq-platform] [hivemq-platform-operator] [dab76efd] 23:58:57.396 [ReconcilerExecutor-hivemq-controller-120] DEBUG c.h.p.o.h.HiveMQPlatformReconcilerErrorHandler - [helmcust] Pod 'test-hivemq-platform-1' phase Running
2025-01-28 23:58:57,463 INFO c.h.h.t.HelmChartContainer - [hivemq-test-hivemq-platform] [hivemq-platform-operator] [dab76efd] 23:58:57.429 [ReconcilerExecutor-hivemq-controller-120] DEBUG c.h.p.o.h.HiveMQPlatformReconcilerErrorHandler - [helmcust] Pod 'test-hivemq-platform-0' phase Running
2025-01-28 23:58:57,463 INFO c.h.h.t.HelmChartContainer - [hivemq-test-hivemq-platform] [hivemq-platform-operator] [dab76efd] 23:58:57.430 [ReconcilerExecutor-hivemq-controller-120] INFO  c.h.p.o.h.HiveMQPlatformReconcilerBaseHandler - [helmcust] HiveMQ Platform is starting, 1 of 2 replicas are ready
2025-01-28 23:58:57,487 INFO c.h.h.t.HelmChartContainer - [test-hivemq-platform] [hivemq] [1283cabb] WARN  - [HiveMQ Platform Operator Init App 1.7.0-SNAPSHOT] Cannot connect to Health API for readiness: null
2025-01-28 23:58:57,495 INFO c.h.h.t.HelmChartContainer - [EVENT] Warning [Unhealthy] Readiness probe failed: HTTP probe failed with statuscode: 503 [helmcustomsecretconfigit:test-hivemq-platform-1]
2025-01-28 23:58:57,495 INFO c.h.h.t.HelmChartContainer - Received Unhealthy event for container hivemq in pod test-hivemq-platform-1 [1283cabb-c92a-4311-ae51-e22589284c69]
2025-01-28 23:59:02,389 INFO c.h.h.t.HelmChartContainer - [test-hivemq-platform] [hivemq] [1283cabb] WARN  - [HiveMQ Platform Operator Init App 1.7.0-SNAPSHOT] Cannot connect to Health API for readiness: null
2025-01-28 23:59:02,394 INFO c.h.h.t.HelmChartContainer - [EVENT] Warning [Unhealthy] Readiness probe failed: HTTP probe failed with statuscode: 503 [helmcustomsecretconfigit:test-hivemq-platform-1]
2025-01-28 23:59:02,394 INFO c.h.h.t.HelmChartContainer - Received Unhealthy event for container hivemq in pod test-hivemq-platform-1 [1283cabb-c92a-4311-ae51-e22589284c69]
2025-01-28 23:59:07,390 INFO c.h.h.t.HelmChartContainer - [test-hivemq-platform] [hivemq] [1283cabb] WARN  - [HiveMQ Platform Operator Init App 1.7.0-SNAPSHOT] Cannot connect to Health API for readiness: null
2025-01-28 23:59:07,395 INFO c.h.h.t.HelmChartContainer - [EVENT] Warning [Unhealthy] Readiness probe failed: HTTP probe failed with statuscode: 503 [helmcustomsecretconfigit:test-hivemq-platform-1]
2025-01-28 23:59:07,395 INFO c.h.h.t.HelmChartContainer - Received Unhealthy event for container hivemq in pod test-hivemq-platform-1 [1283cabb-c92a-4311-ae51-e22589284c69]
2025-01-28 23:59:07,437 INFO c.h.h.t.HelmChartContainer - [hivemq-test-hivemq-platform] [hivemq-platform-operator] [dab76efd] 23:59:07.433 [pool-6-thread-27] DEBUG c.h.p.o.dependants.PodInfoConfigMap - [helmcust] Desired PodInfo ConfigMap (1 extensions) (1 enabled)
2025-01-28 23:59:07,438 INFO c.h.h.t.HelmChartContainer - [hivemq-test-hivemq-platform] [hivemq-platform-operator] [dab76efd] 23:59:07.433 [pool-6-thread-29] DEBUG c.h.p.o.d.PodServiceAccountResource - [helmcust] Desired PodServiceAccountResource (serviceAccountName: hivemq-platform-pod-test-hivemq-platform)
2025-01-28 23:59:07,438 INFO c.h.h.t.HelmChartContainer - [hivemq-test-hivemq-platform] [hivemq-platform-operator] [dab76efd] 23:59:07.433 [pool-6-thread-27] DEBUG c.h.p.o.dependants.PodInfoConfigMap - [helmcust] Desired PodInfo ConfigMap (metrics port: 9399) (metrics path: /)
2025-01-28 23:59:07,438 INFO c.h.h.t.HelmChartContainer - [hivemq-test-hivemq-platform] [hivemq-platform-operator] [dab76efd] 23:59:07.433 [pool-6-thread-27] DEBUG c.h.p.o.dependants.PodInfoConfigMap - [helmcust] Desired PodInfo ConfigMap (extension state hash: -1817474005)
2025-01-28 23:59:07,438 INFO c.h.h.t.HelmChartContainer - [hivemq-test-hivemq-platform] [hivemq-platform-operator] [dab76efd] 23:59:07.433 [pool-6-thread-24] DEBUG c.h.p.o.d.PlatformServiceResource - [helmcust] Desired Platform services (3 services)
2025-01-28 23:59:07,439 INFO c.h.h.t.HelmChartContainer - [hivemq-test-hivemq-platform] [hivemq-platform-operator] [dab76efd] 23:59:07.439 [pool-6-thread-24] DEBUG c.h.p.o.d.StatefulSetResource - [helmcust] Desired StatefulSet (2 replicas) for status STARTING (READY)
2025-01-28 23:59:07,442 INFO c.h.h.t.HelmChartContainer - [hivemq-test-hivemq-platform] [hivemq-platform-operator] [dab76efd] 23:59:07.441 [ReconcilerExecutor-hivemq-controller-121] INFO  c.h.p.o.HiveMQPlatformReconciler - [helmcust] Reconciling HiveMQ Platform 'test-hivemq-platform' in namespace 'helmcustomsecretconfigit'
2025-01-28 23:59:07,443 INFO c.h.h.t.HelmChartContainer - [hivemq-test-hivemq-platform] [hivemq-platform-operator] [dab76efd] 23:59:07.441 [ReconcilerExecutor-hivemq-controller-121] DEBUG c.h.p.o.HiveMQPlatformReconciler - [helmcust] Custom Resource Status STARTING - HiveMQ Platform is starting (READY)
2025-01-28 23:59:07,443 INFO c.h.h.t.HelmChartContainer - [hivemq-test-hivemq-platform] [hivemq-platform-operator] [dab76efd] 23:59:07.441 [ReconcilerExecutor-hivemq-controller-121] DEBUG c.h.p.o.HiveMQPlatformReconciler - [helmcust] Custom Resource Spec (replicas: 2) (extensions: 1)
2025-01-28 23:59:07,443 INFO c.h.h.t.HelmChartContainer - [hivemq-test-hivemq-platform] [hivemq-platform-operator] [dab76efd] 23:59:07.442 [ReconcilerExecutor-hivemq-controller-121] DEBUG c.h.p.o.HiveMQPlatformReconciler - [helmcust] StatefulSet Status (revision: test-hivemq-platform-7f5cbb4b76, replicas: 2, available: 1, ready: 1, current: 2, updated: 2)
2025-01-28 23:59:07,445 INFO c.h.h.t.HelmChartContainer - [hivemq-test-hivemq-platform] [hivemq-platform-operator] [dab76efd] 23:59:07.442 [ReconcilerExecutor-hivemq-controller-121] DEBUG c.h.p.o.HiveMQPlatformReconciler - [helmcust] StatefulSet Spec (replicas: 2, init containers: 1, containers: 1, volumes: 3)
2025-01-28 23:59:07,447 INFO c.h.h.t.HelmChartContainer - [hivemq-test-hivemq-platform] [hivemq-platform-operator] [dab76efd] 23:59:07.444 [ReconcilerExecutor-hivemq-controller-121] DEBUG c.h.p.o.h.HiveMQPlatformReconcilerErrorHandler - [helmcust] Pod 'test-hivemq-platform-1' phase Running
2025-01-28 23:59:07,447 INFO c.h.h.t.HelmChartContainer - [hivemq-test-hivemq-platform] [hivemq-platform-operator] [dab76efd] 23:59:07.446 [ReconcilerExecutor-hivemq-controller-121] DEBUG c.h.p.o.h.HiveMQPlatformReconcilerErrorHandler - [helmcust] Pod 'test-hivemq-platform-0' phase Running
2025-01-28 23:59:07,447 INFO c.h.h.t.HelmChartContainer - [hivemq-test-hivemq-platform] [hivemq-platform-operator] [dab76efd] 23:59:07.446 [ReconcilerExecutor-hivemq-controller-121] INFO  c.h.p.o.h.HiveMQPlatformReconcilerBaseHandler - [helmcust] HiveMQ Platform is starting, 1 of 2 replicas are ready
2025-01-28 23:59:09,694 INFO c.h.h.t.HelmChartContainer - [test-hivemq-platform] [hivemq] [1283cabb] INFO  - No valid license file found. Using trial license, restricted to 25 connections.
2025-01-28 23:59:09,987 INFO c.h.h.t.HelmChartContainer - [test-hivemq-platform] [hivemq] [1283cabb] WARN  - [HiveMQ Platform Operator Init App 1.7.0-SNAPSHOT] Cannot connect to Health API for liveness: null
2025-01-28 23:59:09,987 INFO c.h.h.t.HelmChartContainer - [test-hivemq-platform] [hivemq] [1283cabb] INFO  - [HiveMQ Platform Operator Init App 1.7.0-SNAPSHOT] Returning default Health API response 200 for liveness
2025-01-28 23:59:12,392 INFO c.h.h.t.HelmChartContainer - [test-hivemq-platform] [hivemq] [1283cabb] WARN  - [HiveMQ Platform Operator Init App 1.7.0-SNAPSHOT] Cannot connect to Health API for readiness: null
2025-01-28 23:59:12,396 INFO c.h.h.t.HelmChartContainer - [EVENT] Warning [Unhealthy] Readiness probe failed: HTTP probe failed with statuscode: 503 [helmcustomsecretconfigit:test-hivemq-platform-1]
2025-01-28 23:59:12,396 INFO c.h.h.t.HelmChartContainer - Received Unhealthy event for container hivemq in pod test-hivemq-platform-1 [1283cabb-c92a-4311-ae51-e22589284c69]
2025-01-28 23:59:14,294 INFO c.h.h.t.HelmChartContainer - [test-hivemq-platform] [hivemq] [1283cabb] INFO  - No valid license file for Data Hub found. Using free license, restricted to 1 policy.
2025-01-28 23:59:15,493 INFO c.h.h.t.HelmChartContainer - [test-hivemq-platform] [hivemq] [1283cabb] INFO  - Audit Logger started.
2025-01-28 23:59:15,798 INFO c.h.h.t.HelmChartContainer - [test-hivemq-platform] [hivemq] [1283cabb] INFO  - This node uses '1' CPU cores.
2025-01-28 23:59:15,802 INFO c.h.h.t.HelmChartContainer - [test-hivemq-platform] [hivemq] [1283cabb] INFO  - Starting HiveMQ Health API on address 0.0.0.0 and port 8889
2025-01-28 23:59:16,691 INFO c.h.h.t.HelmChartContainer - [test-hivemq-platform] [hivemq] [1283cabb] INFO  - Started HiveMQ Health API in 888ms
2025-01-28 23:59:17,394 INFO c.h.h.t.HelmChartContainer - [test-hivemq-platform] [hivemq] [1283cabb] INFO  - Starting HiveMQ extension system.
2025-01-28 23:59:17,451 INFO c.h.h.t.HelmChartContainer - [hivemq-test-hivemq-platform] [hivemq-platform-operator] [dab76efd] 23:59:17.449 [pool-6-thread-31] DEBUG c.h.p.o.d.PlatformServiceResource - [helmcust] Desired Platform services (3 services)
2025-01-28 23:59:17,452 INFO c.h.h.t.HelmChartContainer - [hivemq-test-hivemq-platform] [hivemq-platform-operator] [dab76efd] 23:59:17.452 [pool-6-thread-38] DEBUG c.h.p.o.d.PodServiceAccountResource - [helmcust] Desired PodServiceAccountResource (serviceAccountName: hivemq-platform-pod-test-hivemq-platform)
2025-01-28 23:59:17,453 INFO c.h.h.t.HelmChartContainer - [hivemq-test-hivemq-platform] [hivemq-platform-operator] [dab76efd] 23:59:17.449 [pool-6-thread-36] DEBUG c.h.p.o.dependants.PodInfoConfigMap - [helmcust] Desired PodInfo ConfigMap (1 extensions) (1 enabled)
2025-01-28 23:59:17,455 INFO c.h.h.t.HelmChartContainer - [hivemq-test-hivemq-platform] [hivemq-platform-operator] [dab76efd] 23:59:17.453 [pool-6-thread-36] DEBUG c.h.p.o.dependants.PodInfoConfigMap - [helmcust] Desired PodInfo ConfigMap (metrics port: 9399) (metrics path: /)
2025-01-28 23:59:17,455 INFO c.h.h.t.HelmChartContainer - [hivemq-test-hivemq-platform] [hivemq-platform-operator] [dab76efd] 23:59:17.453 [pool-6-thread-36] DEBUG c.h.p.o.dependants.PodInfoConfigMap - [helmcust] Desired PodInfo ConfigMap (extension state hash: -1817474005)
2025-01-28 23:59:17,456 INFO c.h.h.t.HelmChartContainer - [hivemq-test-hivemq-platform] [hivemq-platform-operator] [dab76efd] 23:59:17.456 [pool-6-thread-31] DEBUG c.h.p.o.d.StatefulSetResource - [helmcust] Desired StatefulSet (2 replicas) for status STARTING (READY)
2025-01-28 23:59:17,460 INFO c.h.h.t.HelmChartContainer - [hivemq-test-hivemq-platform] [hivemq-platform-operator] [dab76efd] 23:59:17.459 [ReconcilerExecutor-hivemq-controller-122] INFO  c.h.p.o.HiveMQPlatformReconciler - [helmcust] Reconciling HiveMQ Platform 'test-hivemq-platform' in namespace 'helmcustomsecretconfigit'
2025-01-28 23:59:17,460 INFO c.h.h.t.HelmChartContainer - [hivemq-test-hivemq-platform] [hivemq-platform-operator] [dab76efd] 23:59:17.459 [ReconcilerExecutor-hivemq-controller-122] DEBUG c.h.p.o.HiveMQPlatformReconciler - [helmcust] Custom Resource Status STARTING - HiveMQ Platform is starting (READY)
2025-01-28 23:59:17,460 INFO c.h.h.t.HelmChartContainer - [hivemq-test-hivemq-platform] [hivemq-platform-operator] [dab76efd] 23:59:17.459 [ReconcilerExecutor-hivemq-controller-122] DEBUG c.h.p.o.HiveMQPlatformReconciler - [helmcust] Custom Resource Spec (replicas: 2) (extensions: 1)
2025-01-28 23:59:17,462 INFO c.h.h.t.HelmChartContainer - [hivemq-test-hivemq-platform] [hivemq-platform-operator] [dab76efd] 23:59:17.461 [ReconcilerExecutor-hivemq-controller-122] DEBUG c.h.p.o.HiveMQPlatformReconciler - [helmcust] StatefulSet Status (revision: test-hivemq-platform-7f5cbb4b76, replicas: 2, available: 1, ready: 1, current: 2, updated: 2)
2025-01-28 23:59:17,462 INFO c.h.h.t.HelmChartContainer - [hivemq-test-hivemq-platform] [hivemq-platform-operator] [dab76efd] 23:59:17.461 [ReconcilerExecutor-hivemq-controller-122] DEBUG c.h.p.o.HiveMQPlatformReconciler - [helmcust] StatefulSet Spec (replicas: 2, init containers: 1, containers: 1, volumes: 3)
2025-01-28 23:59:17,466 INFO c.h.h.t.HelmChartContainer - [hivemq-test-hivemq-platform] [hivemq-platform-operator] [dab76efd] 23:59:17.463 [ReconcilerExecutor-hivemq-controller-122] DEBUG c.h.p.o.h.HiveMQPlatformReconcilerErrorHandler - [helmcust] Pod 'test-hivemq-platform-1' phase Running
2025-01-28 23:59:17,466 INFO c.h.h.t.HelmChartContainer - [hivemq-test-hivemq-platform] [hivemq-platform-operator] [dab76efd] 23:59:17.465 [ReconcilerExecutor-hivemq-controller-122] DEBUG c.h.p.o.h.HiveMQPlatformReconcilerErrorHandler - [helmcust] Pod 'test-hivemq-platform-0' phase Running
2025-01-28 23:59:17,468 INFO c.h.h.t.HelmChartContainer - [hivemq-test-hivemq-platform] [hivemq-platform-operator] [dab76efd] 23:59:17.466 [ReconcilerExecutor-hivemq-controller-122] INFO  c.h.p.o.h.HiveMQPlatformReconcilerBaseHandler - [helmcust] HiveMQ Platform is starting, 1 of 2 replicas are ready
2025-01-28 23:59:17,888 INFO c.h.h.t.HelmChartContainer - [test-hivemq-platform] [hivemq] [1283cabb] INFO  - Starting extension with id "hivemq-dns-cluster-discovery" at /opt/hivemq/extensions/hivemq-dns-cluster-discovery
2025-01-28 23:59:18,417 INFO c.h.h.t.HelmChartContainer - [EVENT] Warning [Unhealthy] Readiness probe failed: Get "http://10.42.0.15:7979/readiness": context deadline exceeded (Client.Timeout exceeded while awaiting headers) [helmcustomsecretconfigit:test-hivemq-platform-1]
2025-01-28 23:59:18,417 INFO c.h.h.t.HelmChartContainer - Received Unhealthy event for container hivemq in pod test-hivemq-platform-1 [1283cabb-c92a-4311-ae51-e22589284c69]
2025-01-28 23:59:18,565 INFO c.h.h.t.HelmChartContainer - [test-hivemq-platform] [hivemq] [1283cabb] INFO  - [HiveMQ Platform Operator Init App 1.7.0-SNAPSHOT] Returning Health API response 503 for readiness
2025-01-28 23:59:18,687 INFO c.h.h.t.HelmChartContainer - [test-hivemq-platform] [hivemq] [1283cabb] INFO  - Using TCP cluster transport on address 10.42.0.15 and port 7000
2025-01-28 23:59:18,764 INFO c.h.h.t.HelmChartContainer - [test-hivemq-platform] [hivemq] [1283cabb] INFO  - Using extension cluster discovery
2025-01-28 23:59:18,890 INFO c.h.h.t.HelmChartContainer - [test-hivemq-platform] [hivemq] [1283cabb] INFO  - Extension "DNS Cluster Discovery Extension" version 4.3.2 started successfully.
2025-01-28 23:59:18,890 INFO c.h.h.t.HelmChartContainer - [test-hivemq-platform] [hivemq] [1283cabb] INFO  - Starting extension with id "hivemq-prometheus-extension" at /opt/hivemq/extensions/hivemq-prometheus-extension
2025-01-28 23:59:19,991 INFO c.h.h.t.HelmChartContainer - [test-hivemq-platform] [hivemq] [1283cabb] INFO  - Started Jetty Server exposing Prometheus Servlet on URI http://0.0.0.0:9399/
2025-01-28 23:59:19,991 INFO c.h.h.t.HelmChartContainer - [test-hivemq-platform] [hivemq] [1283cabb] INFO  - Extension "Prometheus Monitoring Extension" version 4.0.12 started successfully.
2025-01-28 23:59:19,992 INFO c.h.h.t.HelmChartContainer - [test-hivemq-platform] [hivemq] [1283cabb] INFO  - Starting extension with id "hivemq-allow-all-extension" at /opt/hivemq/extensions/hivemq-allow-all-extension
2025-01-28 23:59:19,992 INFO c.h.h.t.HelmChartContainer - [test-hivemq-platform] [hivemq] [1283cabb] WARN  - 
2025-01-28 23:59:19,992 INFO c.h.h.t.HelmChartContainer - [test-hivemq-platform] [hivemq] [1283cabb] ################################################################################################################
2025-01-28 23:59:19,992 INFO c.h.h.t.HelmChartContainer - [test-hivemq-platform] [hivemq] [1283cabb] # This HiveMQ deployment is not secure! You are lacking Authentication and Authorization.                      #
2025-01-28 23:59:19,992 INFO c.h.h.t.HelmChartContainer - [test-hivemq-platform] [hivemq] [1283cabb] # Right now any MQTT client can connect to the broker with a full set of permissions.                          #
2025-01-28 23:59:19,992 INFO c.h.h.t.HelmChartContainer - [test-hivemq-platform] [hivemq] [1283cabb] # For production usage, add an appropriate security extension and remove the hivemq-allow-all extension.       #
2025-01-28 23:59:19,992 INFO c.h.h.t.HelmChartContainer - [test-hivemq-platform] [hivemq] [1283cabb] # You can download security extensions from the HiveMQ Marketplace (https://www.hivemq.com/extensions/).       #
2025-01-28 23:59:19,992 INFO c.h.h.t.HelmChartContainer - [test-hivemq-platform] [hivemq] [1283cabb] ################################################################################################################
2025-01-28 23:59:19,992 INFO c.h.h.t.HelmChartContainer - [test-hivemq-platform] [hivemq] [1283cabb] INFO  - Extension "Allow All Extension" version 1.1.1 started successfully.
2025-01-28 23:59:20,173 INFO c.h.h.t.HelmChartContainer - [test-hivemq-platform] [hivemq] [dce7636c] INFO  - Cluster nodes found by discovery: [wYryV|1] (2) [wYryV, 9Npb0].
2025-01-28 23:59:20,194 INFO c.h.h.t.HelmChartContainer - [test-hivemq-platform] [hivemq] [1283cabb] INFO  - Cluster nodes found by discovery: [wYryV|1] (2) [wYryV, 9Npb0].
2025-01-28 23:59:20,296 INFO c.h.h.t.HelmChartContainer - [test-hivemq-platform] [hivemq] [1283cabb] INFO  - Cluster size = 1, members : [wYryV].
2025-01-28 23:59:20,629 INFO c.h.h.t.HelmChartContainer - [test-hivemq-platform] [hivemq] [1283cabb] INFO  - Starting cluster join process. This may take a while. Please do not shut down HiveMQ.
2025-01-28 23:59:20,633 INFO c.h.h.t.HelmChartContainer - [test-hivemq-platform] [hivemq] [1283cabb] INFO  - Cluster join process is still ongoing. Please do not shut down HiveMQ.
2025-01-28 23:59:22,383 INFO c.h.h.t.HelmChartContainer - [EVENT] Warning [Unhealthy] Readiness probe failed: HTTP probe failed with statuscode: 503 [helmcustomsecretconfigit:test-hivemq-platform-1]
2025-01-28 23:59:22,383 INFO c.h.h.t.HelmChartContainer - Received Unhealthy event for container hivemq in pod test-hivemq-platform-1 [1283cabb-c92a-4311-ae51-e22589284c69]
2025-01-28 23:59:22,644 INFO c.h.h.t.HelmChartContainer - [test-hivemq-platform] [hivemq] [dce7636c] INFO  - Cluster size = 2, members : [9Npb0, wYryV].
2025-01-28 23:59:22,655 INFO c.h.h.t.HelmChartContainer - [test-hivemq-platform] [hivemq] [1283cabb] INFO  - Cluster size = 2, members : [9Npb0, wYryV].
2025-01-28 23:59:22,661 INFO c.h.h.t.HelmChartContainer - [test-hivemq-platform] [hivemq] [1283cabb] INFO  - Finished cluster join process successfully.
2025-01-28 23:59:22,665 INFO c.h.h.t.HelmChartContainer - [test-hivemq-platform] [hivemq] [1283cabb] WARN  - No user for HiveMQ Control Center configured. Starting with default user
2025-01-28 23:59:22,666 INFO c.h.h.t.HelmChartContainer - [test-hivemq-platform] [hivemq] [1283cabb] INFO  - Starting HiveMQ Control Center on address 0.0.0.0 and port 8080
2025-01-28 23:59:22,689 INFO c.h.h.t.HelmChartContainer - [test-hivemq-platform] [hivemq] [1283cabb] INFO  - Mounting HiveMQ Control Center V2 Preview
2025-01-28 23:59:23,401 INFO c.h.h.t.HelmChartContainer - [test-hivemq-platform] [hivemq] [1283cabb] INFO  - Started HiveMQ Control Center in 736ms
2025-01-28 23:59:23,494 INFO c.h.h.t.HelmChartContainer - [test-hivemq-platform] [hivemq] [1283cabb] INFO  - Starting TCP listener on address 0.0.0.0 and port 1883
2025-01-28 23:59:23,508 INFO c.h.h.t.HelmChartContainer - [test-hivemq-platform] [hivemq] [1283cabb] INFO  - Started TCP Listener on address 0.0.0.0 and on port 1883.
2025-01-28 23:59:23,509 INFO c.h.h.t.HelmChartContainer - [test-hivemq-platform] [hivemq] [1283cabb] INFO  - Started HiveMQ in 34212ms
2025-01-28 23:59:27,378 INFO c.h.h.t.HelmChartContainer - [test-hivemq-platform] [hivemq] [1283cabb] INFO  - [HiveMQ Platform Operator Init App 1.7.0-SNAPSHOT] Returning Health API response 200 for readiness
2025-01-28 23:59:27,390 INFO c.h.h.t.HelmChartContainer - [POD] test-hivemq-platform-1 [1283cabb-c92a-4311-ae51-e22589284c69] in helmcustomsecretconfigit was MODIFIED
2025-01-28 23:59:27,406 INFO c.h.h.t.HelmChartContainer - [hivemq-test-hivemq-platform] [hivemq-platform-operator] [dab76efd] 23:59:27.396 [pool-6-thread-44] DEBUG c.h.p.o.d.PlatformServiceResource - [helmcust] Desired Platform services (3 services)
2025-01-28 23:59:27,407 INFO c.h.h.t.HelmChartContainer - [hivemq-test-hivemq-platform] [hivemq-platform-operator] [dab76efd] 23:59:27.397 [pool-6-thread-47] DEBUG c.h.p.o.dependants.PodInfoConfigMap - [helmcust] Desired PodInfo ConfigMap (1 extensions) (1 enabled)
2025-01-28 23:59:27,407 INFO c.h.h.t.HelmChartContainer - [hivemq-test-hivemq-platform] [hivemq-platform-operator] [dab76efd] 23:59:27.397 [pool-6-thread-47] DEBUG c.h.p.o.dependants.PodInfoConfigMap - [helmcust] Desired PodInfo ConfigMap (metrics port: 9399) (metrics path: /)
2025-01-28 23:59:27,407 INFO c.h.h.t.HelmChartContainer - [hivemq-test-hivemq-platform] [hivemq-platform-operator] [dab76efd] 23:59:27.397 [pool-6-thread-47] DEBUG c.h.p.o.dependants.PodInfoConfigMap - [helmcust] Desired PodInfo ConfigMap (extension state hash: -1817474005)
2025-01-28 23:59:27,407 INFO c.h.h.t.HelmChartContainer - [hivemq-test-hivemq-platform] [hivemq-platform-operator] [dab76efd] 23:59:27.399 [pool-6-thread-47] DEBUG c.h.p.o.d.PodServiceAccountResource - [helmcust] Desired PodServiceAccountResource (serviceAccountName: hivemq-platform-pod-test-hivemq-platform)
2025-01-28 23:59:27,407 INFO c.h.h.t.HelmChartContainer - [hivemq-test-hivemq-platform] [hivemq-platform-operator] [dab76efd] 23:59:27.402 [pool-6-thread-44] DEBUG c.h.p.o.d.StatefulSetResource - [helmcust] Desired StatefulSet (2 replicas) for status STARTING (READY)
2025-01-28 23:59:27,411 INFO c.h.h.t.HelmChartContainer - [hivemq-test-hivemq-platform] [hivemq-platform-operator] [dab76efd] 23:59:27.405 [ReconcilerExecutor-hivemq-controller-123] INFO  c.h.p.o.HiveMQPlatformReconciler - [helmcust] Reconciling HiveMQ Platform 'test-hivemq-platform' in namespace 'helmcustomsecretconfigit'
2025-01-28 23:59:27,411 INFO c.h.h.t.HelmChartContainer - [hivemq-test-hivemq-platform] [hivemq-platform-operator] [dab76efd] 23:59:27.405 [ReconcilerExecutor-hivemq-controller-123] DEBUG c.h.p.o.HiveMQPlatformReconciler - [helmcust] Custom Resource Status STARTING - HiveMQ Platform is starting (READY)
2025-01-28 23:59:27,411 INFO c.h.h.t.HelmChartContainer - [hivemq-test-hivemq-platform] [hivemq-platform-operator] [dab76efd] 23:59:27.405 [ReconcilerExecutor-hivemq-controller-123] DEBUG c.h.p.o.HiveMQPlatformReconciler - [helmcust] Custom Resource Spec (replicas: 2) (extensions: 1)
2025-01-28 23:59:27,411 INFO c.h.h.t.HelmChartContainer - [hivemq-test-hivemq-platform] [hivemq-platform-operator] [dab76efd] 23:59:27.406 [ReconcilerExecutor-hivemq-controller-123] DEBUG c.h.p.o.HiveMQPlatformReconciler - [helmcust] StatefulSet Status (revision: test-hivemq-platform-7f5cbb4b76, replicas: 2, available: 2, ready: 2, current: 2, updated: 2)
2025-01-28 23:59:27,411 INFO c.h.h.t.HelmChartContainer - [hivemq-test-hivemq-platform] [hivemq-platform-operator] [dab76efd] 23:59:27.406 [ReconcilerExecutor-hivemq-controller-123] DEBUG c.h.p.o.HiveMQPlatformReconciler - [helmcust] StatefulSet Spec (replicas: 2, init containers: 1, containers: 1, volumes: 3)
2025-01-28 23:59:27,411 INFO c.h.h.t.HelmChartContainer - [hivemq-test-hivemq-platform] [hivemq-platform-operator] [dab76efd] 23:59:27.407 [ReconcilerExecutor-hivemq-controller-123] DEBUG c.h.p.o.h.HiveMQPlatformReconcilerErrorHandler - [helmcust] Pod 'test-hivemq-platform-1' phase Running
2025-01-28 23:59:27,411 INFO c.h.h.t.HelmChartContainer - [hivemq-test-hivemq-platform] [hivemq-platform-operator] [dab76efd] 23:59:27.408 [ReconcilerExecutor-hivemq-controller-123] DEBUG c.h.p.o.h.HiveMQPlatformReconcilerErrorHandler - [helmcust] Pod 'test-hivemq-platform-0' phase Running
2025-01-28 23:59:27,411 INFO c.h.h.t.HelmChartContainer - [hivemq-test-hivemq-platform] [hivemq-platform-operator] [dab76efd] 23:59:27.409 [ReconcilerExecutor-hivemq-controller-123] INFO  c.h.p.o.h.HiveMQPlatformReconcilerBaseHandler - [helmcust] HiveMQ Platform started successfully
2025-01-28 23:59:27,454 INFO c.h.h.t.HelmChartContainer - [hivemq-test-hivemq-platform] [hivemq-platform-operator] [dab76efd] 23:59:27.453 [ReconcilerExecutor-hivemq-controller-123] DEBUG c.h.p.operator.event.EventSender - [helmcust] Creating K8s event hivemq-platform-ready: [Ready] HiveMQ Platform is ready
2025-01-28 23:59:27,533 INFO c.h.h.t.HelmChartContainer - [EVENT] Normal [Ready] HiveMQ Platform is ready [helmcustomsecretconfigit:test-hivemq-platform]
2025-01-28 23:59:27,534 INFO c.h.h.t.HelmChartContainer - [hivemq-test-hivemq-platform] [hivemq-platform-operator] [dab76efd] 23:59:27.533 [ReconcilerExecutor-hivemq-controller-123] INFO  c.h.p.o.h.AbstractHiveMQReconcilerStateHandler - [helmcust] Update HiveMQ Platform Status (STARTING [READY] -> RUNNING [READY]): HiveMQ Platform is ready
2025-01-28 23:59:27,543 DEBUG com.hivemq.helmcharts.util.K8sUtil - Comparing actual state 'RUNNING' and waiting for 'RUNNING'
2025-01-28 23:59:27,550 INFO c.h.h.t.HelmChartContainer - [hivemq-test-hivemq-platform] [hivemq-platform-operator] [dab76efd] 23:59:27.547 [pool-6-thread-4] DEBUG c.h.p.o.d.PlatformServiceResource - [helmcust] Desired Platform services (3 services)
2025-01-28 23:59:27,550 INFO c.h.h.t.HelmChartContainer - [hivemq-test-hivemq-platform] [hivemq-platform-operator] [dab76efd] 23:59:27.547 [pool-6-thread-9] DEBUG c.h.p.o.dependants.PodInfoConfigMap - [helmcust] Desired PodInfo ConfigMap (1 extensions) (1 enabled)
2025-01-28 23:59:27,550 INFO c.h.h.t.HelmChartContainer - [hivemq-test-hivemq-platform] [hivemq-platform-operator] [dab76efd] 23:59:27.548 [pool-6-thread-9] DEBUG c.h.p.o.dependants.PodInfoConfigMap - [helmcust] Desired PodInfo ConfigMap (metrics port: 9399) (metrics path: /)
2025-01-28 23:59:27,550 INFO c.h.h.t.HelmChartContainer - [hivemq-test-hivemq-platform] [hivemq-platform-operator] [dab76efd] 23:59:27.548 [pool-6-thread-9] DEBUG c.h.p.o.dependants.PodInfoConfigMap - [helmcust] Desired PodInfo ConfigMap (extension state hash: -1817474005)
2025-01-28 23:59:27,550 INFO c.h.h.t.HelmChartContainer - [hivemq-test-hivemq-platform] [hivemq-platform-operator] [dab76efd] 23:59:27.548 [pool-6-thread-9] DEBUG c.h.p.o.dependants.PodInfoConfigMap - [helmcust] Update PodInfo ConfigMap
2025-01-28 23:59:27,631 INFO c.h.h.t.HelmChartContainer - [hivemq-test-hivemq-platform] [hivemq-platform-operator] [dab76efd] 23:59:27.630 [pool-6-thread-3] DEBUG c.h.p.o.d.PodServiceAccountResource - [helmcust] Desired PodServiceAccountResource (serviceAccountName: hivemq-platform-pod-test-hivemq-platform)
2025-01-28 23:59:27,643 INFO c.h.h.t.HelmChartContainer - [hivemq-test-hivemq-platform] [hivemq-platform-operator] [dab76efd] 23:59:27.642 [pool-6-thread-9] DEBUG c.h.p.o.d.StatefulSetResource - [helmcust] Desired StatefulSet (2 replicas) for status RUNNING (READY)
2025-01-28 23:59:27,646 INFO c.h.h.t.HelmChartContainer - [hivemq-test-hivemq-platform] [hivemq-platform-operator] [dab76efd] 23:59:27.645 [ReconcilerExecutor-hivemq-controller-124] INFO  c.h.p.o.HiveMQPlatformReconciler - [helmcust] Reconciling HiveMQ Platform 'test-hivemq-platform' in namespace 'helmcustomsecretconfigit'
2025-01-28 23:59:27,647 INFO c.h.h.t.HelmChartContainer - [hivemq-test-hivemq-platform] [hivemq-platform-operator] [dab76efd] 23:59:27.645 [ReconcilerExecutor-hivemq-controller-124] DEBUG c.h.p.o.HiveMQPlatformReconciler - [helmcust] Custom Resource Status RUNNING - HiveMQ Platform is ready (READY)
2025-01-28 23:59:27,647 INFO c.h.h.t.HelmChartContainer - [hivemq-test-hivemq-platform] [hivemq-platform-operator] [dab76efd] 23:59:27.645 [ReconcilerExecutor-hivemq-controller-124] DEBUG c.h.p.o.HiveMQPlatformReconciler - [helmcust] Custom Resource Spec (replicas: 2) (extensions: 1)
2025-01-28 23:59:27,729 INFO c.h.h.t.HelmChartContainer - [hivemq-test-hivemq-platform] [hivemq-platform-operator] [dab76efd] 23:59:27.728 [ReconcilerExecutor-hivemq-controller-124] DEBUG c.h.p.o.HiveMQPlatformReconciler - [helmcust] StatefulSet Status (revision: test-hivemq-platform-7f5cbb4b76, replicas: 2, available: 2, ready: 2, current: 2, updated: 2)
2025-01-28 23:59:27,729 INFO c.h.h.t.HelmChartContainer - [hivemq-test-hivemq-platform] [hivemq-platform-operator] [dab76efd] 23:59:27.728 [ReconcilerExecutor-hivemq-controller-124] DEBUG c.h.p.o.HiveMQPlatformReconciler - [helmcust] StatefulSet Spec (replicas: 2, init containers: 1, containers: 1, volumes: 3)
2025-01-28 23:59:27,730 INFO c.h.h.t.HelmChartContainer - [hivemq-test-hivemq-platform] [hivemq-platform-operator] [dab76efd] 23:59:27.730 [ReconcilerExecutor-hivemq-controller-124] DEBUG c.h.p.o.h.HiveMQPlatformReconcilerErrorHandler - [helmcust] Pod 'test-hivemq-platform-1' phase Running
2025-01-28 23:59:27,732 INFO c.h.h.t.HelmChartContainer - [hivemq-test-hivemq-platform] [hivemq-platform-operator] [dab76efd] 23:59:27.731 [ReconcilerExecutor-hivemq-controller-124] DEBUG c.h.p.o.h.HiveMQPlatformReconcilerErrorHandler - [helmcust] Pod 'test-hivemq-platform-0' phase Running
2025-01-28 23:59:29,563 INFO c.h.h.t.HelmChartContainer - Uninstalling release 'test-hivemq-platform' in namespace 'helmcustomsecretconfigit'...
2025-01-28 23:59:29,563 DEBUG c.h.h.t.HelmChartContainer - Executing helm command: /bin/helm --kubeconfig /etc/rancher/k3s/k3s.yaml uninstall test-hivemq-platform  --wait --timeout 5m0s --cascade foreground --namespace helmcustomsecretconfigit
2025-01-28 23:59:29,745 INFO c.h.h.t.HelmChartContainer - [hivemq-test-hivemq-platform] [hivemq-platform-operator] [dab76efd] 23:59:29.744 [pool-6-thread-13] DEBUG c.h.p.o.d.PlatformServiceResource - [helmcust] Desired Platform services (3 services)
2025-01-28 23:59:29,751 INFO c.h.h.t.HelmChartContainer - [hivemq-test-hivemq-platform] [hivemq-platform-operator] [dab76efd] 23:59:29.744 [pool-6-thread-14] DEBUG c.h.p.o.dependants.PodInfoConfigMap - [helmcust] Desired PodInfo ConfigMap (1 extensions) (1 enabled)
2025-01-28 23:59:29,751 INFO c.h.h.t.HelmChartContainer - [hivemq-test-hivemq-platform] [hivemq-platform-operator] [dab76efd] 23:59:29.748 [pool-6-thread-14] DEBUG c.h.p.o.dependants.PodInfoConfigMap - [helmcust] Desired PodInfo ConfigMap (metrics port: 9399) (metrics path: /)
2025-01-28 23:59:29,751 INFO c.h.h.t.HelmChartContainer - [hivemq-test-hivemq-platform] [hivemq-platform-operator] [dab76efd] 23:59:29.748 [pool-6-thread-14] DEBUG c.h.p.o.dependants.PodInfoConfigMap - [helmcust] Desired PodInfo ConfigMap (extension state hash: -1817474005)
2025-01-28 23:59:29,751 INFO c.h.h.t.HelmChartContainer - [hivemq-test-hivemq-platform] [hivemq-platform-operator] [dab76efd] 23:59:29.745 [pool-6-thread-16] DEBUG c.h.p.o.d.PodServiceAccountResource - [helmcust] Desired PodServiceAccountResource (serviceAccountName: hivemq-platform-pod-test-hivemq-platform)
2025-01-28 23:59:29,763 INFO c.h.h.t.HelmChartContainer - [hivemq-test-hivemq-platform] [hivemq-platform-operator] [dab76efd] 23:59:29.750 [pool-6-thread-13] DEBUG c.h.p.o.d.StatefulSetResource - [helmcust] Desired StatefulSet (2 replicas) for status RUNNING (READY)
2025-01-28 23:59:29,829 INFO c.h.h.t.HelmChartContainer - [hivemq-test-hivemq-platform] [hivemq-platform-operator] [dab76efd] 23:59:29.828 [ReconcilerExecutor-hivemq-controller-125] INFO  c.h.p.o.HiveMQPlatformReconciler - [helmcust] Reconciling HiveMQ Platform 'test-hivemq-platform' in namespace 'helmcustomsecretconfigit'
2025-01-28 23:59:29,831 INFO c.h.h.t.HelmChartContainer - [hivemq-test-hivemq-platform] [hivemq-platform-operator] [dab76efd] 23:59:29.828 [ReconcilerExecutor-hivemq-controller-125] DEBUG c.h.p.o.HiveMQPlatformReconciler - [helmcust] Custom Resource Status RUNNING - HiveMQ Platform is ready (READY)
2025-01-28 23:59:29,831 INFO c.h.h.t.HelmChartContainer - [hivemq-test-hivemq-platform] [hivemq-platform-operator] [dab76efd] 23:59:29.828 [ReconcilerExecutor-hivemq-controller-125] DEBUG c.h.p.o.HiveMQPlatformReconciler - [helmcust] Custom Resource Spec (replicas: 2) (extensions: 1)
2025-01-28 23:59:29,831 INFO c.h.h.t.HelmChartContainer - [hivemq-test-hivemq-platform] [hivemq-platform-operator] [dab76efd] 23:59:29.828 [ReconcilerExecutor-hivemq-controller-125] WARN  c.h.p.o.h.HiveMQPlatformReconcilerErrorHandler - [helmcust] Could not find Secret 'hivemq-configuration-test-hivemq-platform' for HiveMQ Platform configuration
2025-01-28 23:59:29,932 INFO c.h.h.t.HelmChartContainer - [hivemq-test-hivemq-platform] [hivemq-platform-operator] [dab76efd] 23:59:29.931 [ReconcilerExecutor-hivemq-controller-125] DEBUG c.h.p.operator.event.EventSender - [helmcust] Creating K8s event hivemq-platform-invalid-configuration: [Start] Could not find Secret 'hivemq-configuration-test-hivemq-platform' for HiveMQ Platform configuration
2025-01-28 23:59:29,936 INFO c.h.h.t.HelmChartContainer - [EVENT] Warning [Start] Could not find Secret 'hivemq-configuration-test-hivemq-platform' for HiveMQ Platform configuration [helmcustomsecretconfigit:test-hivemq-platform]
2025-01-28 23:59:29,936 INFO c.h.h.t.HelmChartContainer - [hivemq-test-hivemq-platform] [hivemq-platform-operator] [dab76efd] 23:59:29.936 [ReconcilerExecutor-hivemq-controller-125] INFO  c.h.p.o.h.AbstractHiveMQReconcilerStateHandler - [helmcust] Update HiveMQ Platform Status (RUNNING [READY] -> ERROR [INVALID_SECRET]): Could not find Secret 'hivemq-configuration-test-hivemq-platform' for HiveMQ Platform configuration
2025-01-28 23:59:29,945 INFO c.h.h.t.HelmChartContainer - [hivemq-test-hivemq-platform] [hivemq-platform-operator] [dab76efd] 23:59:29.942 [ReconcilerExecutor-hivemq-controller-125] ERROR i.j.o.p.event.EventProcessor - Error during event processing ExecutionScope{ resource id: ResourceID{name='test-hivemq-platform', namespace='helmcustomsecretconfigit'}, version: 1684}
2025-01-28 23:59:29,946 INFO c.h.h.t.HelmChartContainer - [hivemq-test-hivemq-platform] [hivemq-platform-operator] [dab76efd] io.fabric8.kubernetes.client.KubernetesClientException: Failure executing: PUT at: https://10.43.0.1:443/apis/hivemq.com/v1/namespaces/helmcustomsecretconfigit/hivemq-platforms/test-hivemq-platform/status. Message: Operation cannot be fulfilled on hivemq-platforms.hivemq.com "test-hivemq-platform": the object has been modified; please apply your changes to the latest version and try again. Received status: Status(apiVersion=v1, code=409, details=StatusDetails(causes=[], group=hivemq.com, kind=hivemq-platforms, name=test-hivemq-platform, retryAfterSeconds=null, uid=null, additionalProperties={}), kind=Status, message=Operation cannot be fulfilled on hivemq-platforms.hivemq.com "test-hivemq-platform": the object has been modified; please apply your changes to the latest version and try again, metadata=ListMeta(_continue=null, remainingItemCount=null, resourceVersion=null, selfLink=null, additionalProperties={}), reason=Conflict, status=Failure, additionalProperties={}).
2025-01-28 23:59:29,946 INFO c.h.h.t.HelmChartContainer - [hivemq-test-hivemq-platform] [hivemq-platform-operator] [dab76efd] 	at io.fabric8.kubernetes.client.KubernetesClientException.copyAsCause(KubernetesClientException.java:238)
2025-01-28 23:59:29,946 INFO c.h.h.t.HelmChartContainer - [hivemq-test-hivemq-platform] [hivemq-platform-operator] [dab76efd] 	at io.fabric8.kubernetes.client.dsl.internal.OperationSupport.waitForResult(OperationSupport.java:507)
2025-01-28 23:59:29,946 INFO c.h.h.t.HelmChartContainer - [hivemq-test-hivemq-platform] [hivemq-platform-operator] [dab76efd] 	at io.fabric8.kubernetes.client.dsl.internal.OperationSupport.handleResponse(OperationSupport.java:524)
2025-01-28 23:59:29,946 INFO c.h.h.t.HelmChartContainer - [hivemq-test-hivemq-platform] [hivemq-platform-operator] [dab76efd] 	at io.fabric8.kubernetes.client.dsl.internal.OperationSupport.handleUpdate(OperationSupport.java:358)
2025-01-28 23:59:29,946 INFO c.h.h.t.HelmChartContainer - [hivemq-test-hivemq-platform] [hivemq-platform-operator] [dab76efd] 	at io.fabric8.kubernetes.client.dsl.internal.BaseOperation.handleUpdate(BaseOperation.java:759)
2025-01-28 23:59:29,946 INFO c.h.h.t.HelmChartContainer - [hivemq-test-hivemq-platform] [hivemq-platform-operator] [dab76efd] 	at io.fabric8.kubernetes.client.dsl.internal.HasMetadataOperation.update(HasMetadataOperation.java:138)
2025-01-28 23:59:29,946 INFO c.h.h.t.HelmChartContainer - [hivemq-test-hivemq-platform] [hivemq-platform-operator] [dab76efd] 	at io.fabric8.kubernetes.client.dsl.internal.HasMetadataOperation.update(HasMetadataOperation.java:121)
2025-01-28 23:59:29,946 INFO c.h.h.t.HelmChartContainer - [hivemq-test-hivemq-platform] [hivemq-platform-operator] [dab76efd] 	at io.fabric8.kubernetes.client.dsl.internal.HasMetadataOperation.updateStatus(HasMetadataOperation.java:126)
2025-01-28 23:59:29,946 INFO c.h.h.t.HelmChartContainer - [hivemq-test-hivemq-platform] [hivemq-platform-operator] [dab76efd] 	at io.fabric8.kubernetes.client.dsl.internal.HasMetadataOperation.updateStatus(HasMetadataOperation.java:44)
2025-01-28 23:59:29,946 INFO c.h.h.t.HelmChartContainer - [hivemq-test-hivemq-platform] [hivemq-platform-operator] [dab76efd] 	at io.javaoperatorsdk.operator.processing.event.ReconciliationDispatcher$CustomResourceFacade.updateStatus(ReconciliationDispatcher.java:408)
2025-01-28 23:59:29,946 INFO c.h.h.t.HelmChartContainer - [hivemq-test-hivemq-platform] [hivemq-platform-operator] [dab76efd] 	at io.javaoperatorsdk.operator.processing.event.ReconciliationDispatcher.updateStatusGenerationAware(ReconciliationDispatcher.java:228)
2025-01-28 23:59:29,946 INFO c.h.h.t.HelmChartContainer - [hivemq-test-hivemq-platform] [hivemq-platform-operator] [dab76efd] 	at io.javaoperatorsdk.operator.processing.event.ReconciliationDispatcher.reconcileExecution(ReconciliationDispatcher.java:150)
2025-01-28 23:59:29,946 INFO c.h.h.t.HelmChartContainer - [hivemq-test-hivemq-platform] [hivemq-platform-operator] [dab76efd] 	at io.javaoperatorsdk.operator.processing.event.ReconciliationDispatcher.handleReconcile(ReconciliationDispatcher.java:117)
2025-01-28 23:59:29,946 INFO c.h.h.t.HelmChartContainer - [hivemq-test-hivemq-platform] [hivemq-platform-operator] [dab76efd] 	at io.javaoperatorsdk.operator.processing.event.ReconciliationDispatcher.handleDispatch(ReconciliationDispatcher.java:91)
2025-01-28 23:59:29,946 INFO c.h.h.t.HelmChartContainer - [hivemq-test-hivemq-platform] [hivemq-platform-operator] [dab76efd] 	at io.javaoperatorsdk.operator.processing.event.ReconciliationDispatcher.handleExecution(ReconciliationDispatcher.java:64)
2025-01-28 23:59:29,946 INFO c.h.h.t.HelmChartContainer - [hivemq-test-hivemq-platform] [hivemq-platform-operator] [dab76efd] 	at io.javaoperatorsdk.operator.processing.event.EventProcessor$ReconcilerExecutor.run(EventProcessor.java:452)
2025-01-28 23:59:29,946 INFO c.h.h.t.HelmChartContainer - [hivemq-test-hivemq-platform] [hivemq-platform-operator] [dab76efd] 	at java.base/java.util.concurrent.ThreadPoolExecutor.runWorker(Unknown Source)
2025-01-28 23:59:29,946 INFO c.h.h.t.HelmChartContainer - [hivemq-test-hivemq-platform] [hivemq-platform-operator] [dab76efd] 	at java.base/java.util.concurrent.ThreadPoolExecutor$Worker.run(Unknown Source)
2025-01-28 23:59:29,946 INFO c.h.h.t.HelmChartContainer - [hivemq-test-hivemq-platform] [hivemq-platform-operator] [dab76efd] 	at java.base/java.lang.Thread.run(Unknown Source)
2025-01-28 23:59:29,946 INFO c.h.h.t.HelmChartContainer - [hivemq-test-hivemq-platform] [hivemq-platform-operator] [dab76efd] Caused by: io.fabric8.kubernetes.client.KubernetesClientException: Failure executing: PUT at: https://10.43.0.1:443/apis/hivemq.com/v1/namespaces/helmcustomsecretconfigit/hivemq-platforms/test-hivemq-platform/status. Message: Operation cannot be fulfilled on hivemq-platforms.hivemq.com "test-hivemq-platform": the object has been modified; please apply your changes to the latest version and try again. Received status: Status(apiVersion=v1, code=409, details=StatusDetails(causes=[], group=hivemq.com, kind=hivemq-platforms, name=test-hivemq-platform, retryAfterSeconds=null, uid=null, additionalProperties={}), kind=Status, message=Operation cannot be fulfilled on hivemq-platforms.hivemq.com "test-hivemq-platform": the object has been modified; please apply your changes to the latest version and try again, metadata=ListMeta(_continue=null, remainingItemCount=null, resourceVersion=null, selfLink=null, additionalProperties={}), reason=Conflict, status=Failure, additionalProperties={}).
2025-01-28 23:59:29,946 INFO c.h.h.t.HelmChartContainer - [hivemq-test-hivemq-platform] [hivemq-platform-operator] [dab76efd] 	at io.fabric8.kubernetes.client.dsl.internal.OperationSupport.requestFailure(OperationSupport.java:660)
2025-01-28 23:59:29,946 INFO c.h.h.t.HelmChartContainer - [hivemq-test-hivemq-platform] [hivemq-platform-operator] [dab76efd] 	at io.fabric8.kubernetes.client.dsl.internal.OperationSupport.requestFailure(OperationSupport.java:640)
2025-01-28 23:59:29,946 INFO c.h.h.t.HelmChartContainer - [hivemq-test-hivemq-platform] [hivemq-platform-operator] [dab76efd] 	at io.fabric8.kubernetes.client.dsl.internal.OperationSupport.assertResponseCode(OperationSupport.java:589)
2025-01-28 23:59:29,946 INFO c.h.h.t.HelmChartContainer - [hivemq-test-hivemq-platform] [hivemq-platform-operator] [dab76efd] 	at io.fabric8.kubernetes.client.dsl.internal.OperationSupport.lambda$handleResponse$0(OperationSupport.java:549)
2025-01-28 23:59:29,946 INFO c.h.h.t.HelmChartContainer - [hivemq-test-hivemq-platform] [hivemq-platform-operator] [dab76efd] 	at java.base/java.util.concurrent.CompletableFuture$UniApply.tryFire(Unknown Source)
2025-01-28 23:59:29,946 INFO c.h.h.t.HelmChartContainer - [hivemq-test-hivemq-platform] [hivemq-platform-operator] [dab76efd] 	at java.base/java.util.concurrent.CompletableFuture.postComplete(Unknown Source)
2025-01-28 23:59:29,946 INFO c.h.h.t.HelmChartContainer - [hivemq-test-hivemq-platform] [hivemq-platform-operator] [dab76efd] 	at java.base/java.util.concurrent.CompletableFuture.complete(Unknown Source)
2025-01-28 23:59:29,946 INFO c.h.h.t.HelmChartContainer - [hivemq-test-hivemq-platform] [hivemq-platform-operator] [dab76efd] 	at io.fabric8.kubernetes.client.http.StandardHttpClient.lambda$completeOrCancel$10(StandardHttpClient.java:141)
2025-01-28 23:59:29,946 INFO c.h.h.t.HelmChartContainer - [hivemq-test-hivemq-platform] [hivemq-platform-operator] [dab76efd] 	at java.base/java.util.concurrent.CompletableFuture.uniWhenComplete(Unknown Source)
2025-01-28 23:59:29,946 INFO c.h.h.t.HelmChartContainer - [hivemq-test-hivemq-platform] [hivemq-platform-operator] [dab76efd] 	at java.base/java.util.concurrent.CompletableFuture$UniWhenComplete.tryFire(Unknown Source)
2025-01-28 23:59:29,946 INFO c.h.h.t.HelmChartContainer - [hivemq-test-hivemq-platform] [hivemq-platform-operator] [dab76efd] 	at java.base/java.util.concurrent.CompletableFuture.postComplete(Unknown Source)
2025-01-28 23:59:29,946 INFO c.h.h.t.HelmChartContainer - [hivemq-test-hivemq-platform] [hivemq-platform-operator] [dab76efd] 	at java.base/java.util.concurrent.CompletableFuture.complete(Unknown Source)
2025-01-28 23:59:29,946 INFO c.h.h.t.HelmChartContainer - [hivemq-test-hivemq-platform] [hivemq-platform-operator] [dab76efd] 	at io.fabric8.kubernetes.client.http.ByteArrayBodyHandler.onBodyDone(ByteArrayBodyHandler.java:51)
2025-01-28 23:59:29,946 INFO c.h.h.t.HelmChartContainer - [hivemq-test-hivemq-platform] [hivemq-platform-operator] [dab76efd] 	at java.base/java.util.concurrent.CompletableFuture.uniWhenComplete(Unknown Source)
2025-01-28 23:59:29,946 INFO c.h.h.t.HelmChartContainer - [hivemq-test-hivemq-platform] [hivemq-platform-operator] [dab76efd] 	at java.base/java.util.concurrent.CompletableFuture$UniWhenComplete.tryFire(Unknown Source)
2025-01-28 23:59:29,946 INFO c.h.h.t.HelmChartContainer - [hivemq-test-hivemq-platform] [hivemq-platform-operator] [dab76efd] 	at java.base/java.util.concurrent.CompletableFuture.postComplete(Unknown Source)
2025-01-28 23:59:29,946 INFO c.h.h.t.HelmChartContainer - [hivemq-test-hivemq-platform] [hivemq-platform-operator] [dab76efd] 	at java.base/java.util.concurrent.CompletableFuture.complete(Unknown Source)
2025-01-28 23:59:29,946 INFO c.h.h.t.HelmChartContainer - [hivemq-test-hivemq-platform] [hivemq-platform-operator] [dab76efd] 	at io.fabric8.kubernetes.client.vertx.VertxHttpRequest.lambda$null$1(VertxHttpRequest.java:121)
2025-01-28 23:59:29,946 INFO c.h.h.t.HelmChartContainer - [hivemq-test-hivemq-platform] [hivemq-platform-operator] [dab76efd] 	at io.vertx.core.impl.ContextInternal.dispatch(ContextInternal.java:279)
2025-01-28 23:59:29,946 INFO c.h.h.t.HelmChartContainer - [hivemq-test-hivemq-platform] [hivemq-platform-operator] [dab76efd] 	at io.vertx.core.impl.ContextInternal.dispatch(ContextInternal.java:261)
2025-01-28 23:59:29,946 INFO c.h.h.t.HelmChartContainer - [hivemq-test-hivemq-platform] [hivemq-platform-operator] [dab76efd] 	at io.vertx.core.http.impl.HttpEventHandler.handleEnd(HttpEventHandler.java:76)
2025-01-28 23:59:29,946 INFO c.h.h.t.HelmChartContainer - [hivemq-test-hivemq-platform] [hivemq-platform-operator] [dab76efd] 	at io.vertx.core.http.impl.HttpClientResponseImpl.handleEnd(HttpClientResponseImpl.java:250)
2025-01-28 23:59:29,946 INFO c.h.h.t.HelmChartContainer - [hivemq-test-hivemq-platform] [hivemq-platform-operator] [dab76efd] 	at io.vertx.core.http.impl.Http1xClientConnection$StreamImpl.lambda$new$0(Http1xClientConnection.java:421)
2025-01-28 23:59:29,946 INFO c.h.h.t.HelmChartContainer - [hivemq-test-hivemq-platform] [hivemq-platform-operator] [dab76efd] 	at io.vertx.core.streams.impl.InboundBuffer.handleEvent(InboundBuffer.java:279)
2025-01-28 23:59:29,946 INFO c.h.h.t.HelmChartContainer - [hivemq-test-hivemq-platform] [hivemq-platform-operator] [dab76efd] 	at io.vertx.core.streams.impl.InboundBuffer.write(InboundBuffer.java:157)
2025-01-28 23:59:29,946 INFO c.h.h.t.HelmChartContainer - [hivemq-test-hivemq-platform] [hivemq-platform-operator] [dab76efd] 	at io.vertx.core.http.impl.Http1xClientConnection$StreamImpl.handleEnd(Http1xClientConnection.java:709)
2025-01-28 23:59:29,946 INFO c.h.h.t.HelmChartContainer - [hivemq-test-hivemq-platform] [hivemq-platform-operator] [dab76efd] 	at io.vertx.core.impl.ContextImpl.execute(ContextImpl.java:313)
2025-01-28 23:59:29,946 INFO c.h.h.t.HelmChartContainer - [hivemq-test-hivemq-platform] [hivemq-platform-operator] [dab76efd] 	at io.vertx.core.impl.ContextImpl.execute(ContextImpl.java:293)
2025-01-28 23:59:29,946 INFO c.h.h.t.HelmChartContainer - [hivemq-test-hivemq-platform] [hivemq-platform-operator] [dab76efd] 	at io.vertx.core.http.impl.Http1xClientConnection.handleResponseEnd(Http1xClientConnection.java:940)
2025-01-28 23:59:29,946 INFO c.h.h.t.HelmChartContainer - [hivemq-test-hivemq-platform] [hivemq-platform-operator] [dab76efd] 	at io.vertx.core.http.impl.Http1xClientConnection.handleHttpMessage(Http1xClientConnection.java:810)
2025-01-28 23:59:29,946 INFO c.h.h.t.HelmChartContainer - [hivemq-test-hivemq-platform] [hivemq-platform-operator] [dab76efd] 	at io.vertx.core.http.impl.Http1xClientConnection.handleMessage(Http1xClientConnection.java:774)
2025-01-28 23:59:29,946 INFO c.h.h.t.HelmChartContainer - [hivemq-test-hivemq-platform] [hivemq-platform-operator] [dab76efd] 	at io.vertx.core.net.impl.ConnectionBase.read(ConnectionBase.java:159)
2025-01-28 23:59:29,946 INFO c.h.h.t.HelmChartContainer - [hivemq-test-hivemq-platform] [hivemq-platform-operator] [dab76efd] 	at io.vertx.core.net.impl.VertxHandler.channelRead(VertxHandler.java:153)
2025-01-28 23:59:29,946 INFO c.h.h.t.HelmChartContainer - [hivemq-test-hivemq-platform] [hivemq-platform-operator] [dab76efd] 	at io.netty.channel.AbstractChannelHandlerContext.invokeChannelRead(AbstractChannelHandlerContext.java:442)
2025-01-28 23:59:29,946 INFO c.h.h.t.HelmChartContainer - [hivemq-test-hivemq-platform] [hivemq-platform-operator] [dab76efd] 	at io.netty.channel.AbstractChannelHandlerContext.invokeChannelRead(AbstractChannelHandlerContext.java:420)
2025-01-28 23:59:29,946 INFO c.h.h.t.HelmChartContainer - [hivemq-test-hivemq-platform] [hivemq-platform-operator] [dab76efd] 	at io.netty.channel.AbstractChannelHandlerContext.fireChannelRead(AbstractChannelHandlerContext.java:412)
2025-01-28 23:59:29,946 INFO c.h.h.t.HelmChartContainer - [hivemq-test-hivemq-platform] [hivemq-platform-operator] [dab76efd] 	at io.netty.channel.CombinedChannelDuplexHandler$DelegatingChannelHandlerContext.fireChannelRead(CombinedChannelDuplexHandler.java:436)
2025-01-28 23:59:29,946 INFO c.h.h.t.HelmChartContainer - [hivemq-test-hivemq-platform] [hivemq-platform-operator] [dab76efd] 	at io.netty.handler.codec.ByteToMessageDecoder.fireChannelRead(ByteToMessageDecoder.java:346)
2025-01-28 23:59:29,946 INFO c.h.h.t.HelmChartContainer - [hivemq-test-hivemq-platform] [hivemq-platform-operator] [dab76efd] 	at io.netty.handler.codec.ByteToMessageDecoder.channelRead(ByteToMessageDecoder.java:318)
2025-01-28 23:59:29,946 INFO c.h.h.t.HelmChartContainer - [hivemq-test-hivemq-platform] [hivemq-platform-operator] [dab76efd] 	at io.netty.channel.CombinedChannelDuplexHandler.channelRead(CombinedChannelDuplexHandler.java:251)
2025-01-28 23:59:29,946 INFO c.h.h.t.HelmChartContainer - [hivemq-test-hivemq-platform] [hivemq-platform-operator] [dab76efd] 	at io.netty.channel.AbstractChannelHandlerContext.invokeChannelRead(AbstractChannelHandlerContext.java:442)
2025-01-28 23:59:29,946 INFO c.h.h.t.HelmChartContainer - [hivemq-test-hivemq-platform] [hivemq-platform-operator] [dab76efd] 	at io.netty.channel.AbstractChannelHandlerContext.invokeChannelRead(AbstractChannelHandlerContext.java:420)
2025-01-28 23:59:29,946 INFO c.h.h.t.HelmChartContainer - [hivemq-test-hivemq-platform] [hivemq-platform-operator] [dab76efd] 	at io.netty.channel.AbstractChannelHandlerContext.fireChannelRead(AbstractChannelHandlerContext.java:412)
2025-01-28 23:59:29,946 INFO c.h.h.t.HelmChartContainer - [hivemq-test-hivemq-platform] [hivemq-platform-operator] [dab76efd] 	at io.netty.handler.ssl.SslHandler.unwrap(SslHandler.java:1475)
2025-01-28 23:59:29,946 INFO c.h.h.t.HelmChartContainer - [hivemq-test-hivemq-platform] [hivemq-platform-operator] [dab76efd] 	at io.netty.handler.ssl.SslHandler.decodeJdkCompatible(SslHandler.java:1338)
2025-01-28 23:59:29,946 INFO c.h.h.t.HelmChartContainer - [hivemq-test-hivemq-platform] [hivemq-platform-operator] [dab76efd] 	at io.netty.handler.ssl.SslHandler.decode(SslHandler.java:1387)
2025-01-28 23:59:29,949 INFO c.h.h.t.HelmChartContainer - [hivemq-test-hivemq-platform] [hivemq-platform-operator] [dab76efd] 	at io.netty.handler.codec.ByteToMessageDecoder.decodeRemovalReentryProtection(ByteToMessageDecoder.java:530)
2025-01-28 23:59:29,949 INFO c.h.h.t.HelmChartContainer - [hivemq-test-hivemq-platform] [hivemq-platform-operator] [dab76efd] 	at io.netty.handler.codec.ByteToMessageDecoder.callDecode(ByteToMessageDecoder.java:469)
2025-01-28 23:59:29,949 INFO c.h.h.t.HelmChartContainer - [hivemq-test-hivemq-platform] [hivemq-platform-operator] [dab76efd] 	at io.netty.handler.codec.ByteToMessageDecoder.channelRead(ByteToMessageDecoder.java:290)
2025-01-28 23:59:29,949 INFO c.h.h.t.HelmChartContainer - [hivemq-test-hivemq-platform] [hivemq-platform-operator] [dab76efd] 	at io.netty.channel.AbstractChannelHandlerContext.invokeChannelRead(AbstractChannelHandlerContext.java:444)
2025-01-28 23:59:29,949 INFO c.h.h.t.HelmChartContainer - [hivemq-test-hivemq-platform] [hivemq-platform-operator] [dab76efd] 	at io.netty.channel.AbstractChannelHandlerContext.invokeChannelRead(AbstractChannelHandlerContext.java:420)
2025-01-28 23:59:29,949 INFO c.h.h.t.HelmChartContainer - [hivemq-test-hivemq-platform] [hivemq-platform-operator] [dab76efd] 	at io.netty.channel.AbstractChannelHandlerContext.fireChannelRead(AbstractChannelHandlerContext.java:412)
2025-01-28 23:59:29,949 INFO c.h.h.t.HelmChartContainer - [hivemq-test-hivemq-platform] [hivemq-platform-operator] [dab76efd] 	at io.netty.channel.DefaultChannelPipeline$HeadContext.channelRead(DefaultChannelPipeline.java:1407)
2025-01-28 23:59:29,949 INFO c.h.h.t.HelmChartContainer - [hivemq-test-hivemq-platform] [hivemq-platform-operator] [dab76efd] 	at io.netty.channel.AbstractChannelHandlerContext.invokeChannelRead(AbstractChannelHandlerContext.java:440)
2025-01-28 23:59:29,949 INFO c.h.h.t.HelmChartContainer - [hivemq-test-hivemq-platform] [hivemq-platform-operator] [dab76efd] 	at io.netty.channel.AbstractChannelHandlerContext.invokeChannelRead(AbstractChannelHandlerContext.java:420)
2025-01-28 23:59:29,949 INFO c.h.h.t.HelmChartContainer - [hivemq-test-hivemq-platform] [hivemq-platform-operator] [dab76efd] 	at io.netty.channel.DefaultChannelPipeline.fireChannelRead(DefaultChannelPipeline.java:918)
2025-01-28 23:59:29,949 INFO c.h.h.t.HelmChartContainer - [hivemq-test-hivemq-platform] [hivemq-platform-operator] [dab76efd] 	at io.netty.channel.nio.AbstractNioByteChannel$NioByteUnsafe.read(AbstractNioByteChannel.java:166)
2025-01-28 23:59:29,949 INFO c.h.h.t.HelmChartContainer - [hivemq-test-hivemq-platform] [hivemq-platform-operator] [dab76efd] 	at io.netty.channel.nio.NioEventLoop.processSelectedKey(NioEventLoop.java:788)
2025-01-28 23:59:29,949 INFO c.h.h.t.HelmChartContainer - [hivemq-test-hivemq-platform] [hivemq-platform-operator] [dab76efd] 	at io.netty.channel.nio.NioEventLoop.processSelectedKeysOptimized(NioEventLoop.java:724)
2025-01-28 23:59:29,949 INFO c.h.h.t.HelmChartContainer - [hivemq-test-hivemq-platform] [hivemq-platform-operator] [dab76efd] 	at io.netty.channel.nio.NioEventLoop.processSelectedKeys(NioEventLoop.java:650)
2025-01-28 23:59:29,949 INFO c.h.h.t.HelmChartContainer - [hivemq-test-hivemq-platform] [hivemq-platform-operator] [dab76efd] 	at io.netty.channel.nio.NioEventLoop.run(NioEventLoop.java:562)
2025-01-28 23:59:29,949 INFO c.h.h.t.HelmChartContainer - [hivemq-test-hivemq-platform] [hivemq-platform-operator] [dab76efd] 	at io.netty.util.concurrent.SingleThreadEventExecutor$4.run(SingleThreadEventExecutor.java:997)
2025-01-28 23:59:29,949 INFO c.h.h.t.HelmChartContainer - [hivemq-test-hivemq-platform] [hivemq-platform-operator] [dab76efd] 	at io.netty.util.internal.ThreadExecutorMap$2.run(ThreadExecutorMap.java:74)
2025-01-28 23:59:29,949 INFO c.h.h.t.HelmChartContainer - [hivemq-test-hivemq-platform] [hivemq-platform-operator] [dab76efd] 	at io.netty.util.concurrent.FastThreadLocalRunnable.run(FastThreadLocalRunnable.java:30)
2025-01-28 23:59:29,949 INFO c.h.h.t.HelmChartContainer - [hivemq-test-hivemq-platform] [hivemq-platform-operator] [dab76efd] 	... 1 common frames omitted
2025-01-28 23:59:29,949 INFO c.h.h.t.HelmChartContainer - [hivemq-test-hivemq-platform] [hivemq-platform-operator] [dab76efd] 23:59:29.948 [ReconcilerExecutor-hivemq-controller-133] INFO  c.h.p.o.HiveMQPlatformReconciler - [helmcust] Cleanup test-hivemq-platform - helmcustomsecretconfigit HiveMQ Platform is shut down
2025-01-28 23:59:30,115 INFO c.h.h.t.HelmChartContainer - [test-hivemq-platform] [hivemq] [dce7636c] WARN  - [HiveMQ Platform Operator Init App 1.7.0-SNAPSHOT] Could not update Pod annotations: Failure executing: GET at: https://10.43.0.1:443/api/v1/namespaces/helmcustomsecretconfigit/pods/test-hivemq-platform-0. Message: pods "test-hivemq-platform-0" is forbidden: User "system:serviceaccount:helmcustomsecretconfigit:hivemq-platform-pod-test-hivemq-platform" cannot get resource "pods" in API group "" in the namespace "helmcustomsecretconfigit". Received status: Status(apiVersion=v1, code=403, details=StatusDetails(causes=[], group=null, kind=pods, name=test-hivemq-platform-0, retryAfterSeconds=null, uid=null, additionalProperties={}), kind=Status, message=pods "test-hivemq-platform-0" is forbidden: User "system:serviceaccount:helmcustomsecretconfigit:hivemq-platform-pod-test-hivemq-platform" cannot get resource "pods" in API group "" in the namespace "helmcustomsecretconfigit", metadata=ListMeta(_continue=null, remainingItemCount=null, resourceVersion=null, selfLink=null, additionalProperties={}), reason=Forbidden, status=Failure, additionalProperties={}).
2025-01-28 23:59:30,257 INFO c.h.h.t.HelmChartContainer - [POD] test-hivemq-platform-0 [dce7636c-2be3-40ca-9544-4cbdbbdead24] in helmcustomsecretconfigit was MODIFIED
2025-01-28 23:59:30,267 INFO c.h.h.t.HelmChartContainer - [EVENT] Normal [Killing] Stopping container hivemq [helmcustomsecretconfigit:test-hivemq-platform-0]
2025-01-28 23:59:30,267 INFO c.h.h.t.HelmChartContainer - Received Killing event for container hivemq in pod test-hivemq-platform-0 [dce7636c-2be3-40ca-9544-4cbdbbdead24]
2025-01-28 23:59:30,267 INFO c.h.h.t.HelmChartContainer - Container [test-hivemq-platform-0] [hivemq] [dce7636c-2be3-40ca-9544-4cbdbbdead24] was terminated
2025-01-28 23:59:30,267 INFO c.h.h.t.HelmChartContainer - Stopped log watcher for hivemq in pod test-hivemq-platform-0 [dce7636c-2be3-40ca-9544-4cbdbbdead24]
2025-01-28 23:59:30,267 INFO c.h.h.t.HelmChartContainer - [test-hivemq-platform] [hivemq] [dce7636c] INFO  - [HiveMQ Platform Operator Init App 1.7.0-SNAPSHOT] Shutting down
2025-01-28 23:59:30,267 INFO c.h.h.t.HelmChartContainer - [test-hivemq-platform] [hivemq] [dce7636c] INFO  - [HiveMQ Platform Operator Init App 1.7.0-SNAPSHOT] Stopping the HiveMQ Platform
2025-01-28 23:59:30,278 INFO c.h.h.t.HelmChartContainer - [POD] test-hivemq-platform-1 [1283cabb-c92a-4311-ae51-e22589284c69] in helmcustomsecretconfigit was MODIFIED
2025-01-28 23:59:30,291 INFO c.h.h.t.HelmChartContainer - [EVENT] Normal [Killing] Stopping container hivemq [helmcustomsecretconfigit:test-hivemq-platform-1]
2025-01-28 23:59:30,292 INFO c.h.h.t.HelmChartContainer - Received Killing event for container hivemq in pod test-hivemq-platform-1 [1283cabb-c92a-4311-ae51-e22589284c69]
2025-01-28 23:59:30,292 INFO c.h.h.t.HelmChartContainer - Container [test-hivemq-platform-1] [hivemq] [1283cabb-c92a-4311-ae51-e22589284c69] was terminated
2025-01-28 23:59:30,292 INFO c.h.h.t.HelmChartContainer - Stopped log watcher for hivemq in pod test-hivemq-platform-1 [1283cabb-c92a-4311-ae51-e22589284c69]
2025-01-28 23:59:30,295 INFO c.h.h.t.HelmChartContainer - [test-hivemq-platform] [hivemq] [1283cabb] INFO  - [HiveMQ Platform Operator Init App 1.7.0-SNAPSHOT] Shutting down
2025-01-28 23:59:30,295 INFO c.h.h.t.HelmChartContainer - [test-hivemq-platform] [hivemq] [1283cabb] INFO  - [HiveMQ Platform Operator Init App 1.7.0-SNAPSHOT] Stopping the HiveMQ Platform
2025-01-28 23:59:30,414 INFO c.h.h.t.HelmChartContainer - [test-hivemq-platform] [hivemq] [dce7636c] INFO  - Shutting down HiveMQ. Please wait, this could take a while...
2025-01-28 23:59:30,415 INFO c.h.h.t.HelmChartContainer - [test-hivemq-platform] [hivemq] [1283cabb] INFO  - Shutting down HiveMQ. Please wait, this could take a while...
2025-01-28 23:59:30,420 INFO c.h.h.t.HelmChartContainer - [test-hivemq-platform] [hivemq] [dce7636c] INFO  - Shutting down listeners and clients
2025-01-28 23:59:30,421 INFO c.h.h.t.HelmChartContainer - [test-hivemq-platform] [hivemq] [dce7636c] INFO  - Shutdown of listeners is done
2025-01-28 23:59:30,421 INFO c.h.h.t.HelmChartContainer - [test-hivemq-platform] [hivemq] [dce7636c] INFO  - No clients are connected, proceeding with shutdown
2025-01-28 23:59:30,490 INFO c.h.h.t.HelmChartContainer - [test-hivemq-platform] [hivemq] [1283cabb] INFO  - Shutting down listeners and clients
2025-01-28 23:59:30,492 INFO c.h.h.t.HelmChartContainer - [test-hivemq-platform] [hivemq] [1283cabb] INFO  - Shutdown of listeners is done
2025-01-28 23:59:30,492 INFO c.h.h.t.HelmChartContainer - [test-hivemq-platform] [hivemq] [1283cabb] INFO  - No clients are connected, proceeding with shutdown
2025-01-28 23:59:31,821 INFO c.h.h.t.HelmChartContainer - Deleting namespace 'helmcustomsecretconfigit'...
2025-01-28 23:59:32,374 INFO c.h.h.t.HelmChartContainer - [test-hivemq-platform] [hivemq] [1283cabb] INFO  - [HiveMQ Platform Operator Init App 1.7.0-SNAPSHOT] Returning shutdown Health API response 503 for readiness
2025-01-28 23:59:32,378 INFO c.h.h.t.HelmChartContainer - [EVENT] Warning [Unhealthy] Readiness probe failed: HTTP probe failed with statuscode: 503 [helmcustomsecretconfigit:test-hivemq-platform-1]
2025-01-28 23:59:32,378 INFO c.h.h.t.HelmChartContainer - Received Unhealthy event for container hivemq in pod test-hivemq-platform-1 [1283cabb-c92a-4311-ae51-e22589284c69]
2025-01-28 23:59:32,819 INFO c.h.h.t.HelmChartContainer - [test-hivemq-platform] [hivemq] [1283cabb] WARN  - [HiveMQ Platform Operator Init App 1.7.0-SNAPSHOT] Could not update Pod annotations: Failure executing: GET at: https://10.43.0.1:443/api/v1/namespaces/helmcustomsecretconfigit/pods/test-hivemq-platform-1. Message: pods "test-hivemq-platform-1" is forbidden: User "system:serviceaccount:helmcustomsecretconfigit:hivemq-platform-pod-test-hivemq-platform" cannot get resource "pods" in API group "" in the namespace "helmcustomsecretconfigit". Received status: Status(apiVersion=v1, code=403, details=StatusDetails(causes=[], group=null, kind=pods, name=test-hivemq-platform-1, retryAfterSeconds=null, uid=null, additionalProperties={}), kind=Status, message=pods "test-hivemq-platform-1" is forbidden: User "system:serviceaccount:helmcustomsecretconfigit:hivemq-platform-pod-test-hivemq-platform" cannot get resource "pods" in API group "" in the namespace "helmcustomsecretconfigit", metadata=ListMeta(_continue=null, remainingItemCount=null, resourceVersion=null, selfLink=null, additionalProperties={}), reason=Forbidden, status=Failure, additionalProperties={}).
2025-01-28 23:59:32,923 INFO c.h.h.t.HelmChartContainer - [test-hivemq-platform] [hivemq] [dce7636c] INFO  - Shutting down extension system
2025-01-28 23:59:32,925 INFO c.h.h.t.HelmChartContainer - [test-hivemq-platform] [hivemq] [dce7636c] INFO  - Stopping extension with id hivemq-dns-cluster-discovery
2025-01-28 23:59:32,925 INFO c.h.h.t.HelmChartContainer - [test-hivemq-platform] [hivemq] [dce7636c] INFO  - Extension "DNS Cluster Discovery Extension" version 4.3.2 stopped successfully.
2025-01-28 23:59:32,926 INFO c.h.h.t.HelmChartContainer - [test-hivemq-platform] [hivemq] [dce7636c] INFO  - Stopping extension with id hivemq-prometheus-extension
2025-01-28 23:59:32,932 INFO c.h.h.t.HelmChartContainer - [test-hivemq-platform] [hivemq] [dce7636c] INFO  - Extension "Prometheus Monitoring Extension" version 4.0.12 stopped successfully.
2025-01-28 23:59:32,933 INFO c.h.h.t.HelmChartContainer - [test-hivemq-platform] [hivemq] [dce7636c] INFO  - Stopping extension with id hivemq-allow-all-extension
2025-01-28 23:59:32,933 INFO c.h.h.t.HelmChartContainer - [test-hivemq-platform] [hivemq] [dce7636c] INFO  - Extension "Allow All Extension" version 1.1.1 stopped successfully.
2025-01-28 23:59:32,940 INFO c.h.h.t.HelmChartContainer - [test-hivemq-platform] [hivemq] [1283cabb] INFO  - Cluster nodes found by discovery: [9Npb0|2] (1) [9Npb0].
2025-01-28 23:59:32,945 INFO c.h.h.t.HelmChartContainer - [test-hivemq-platform] [hivemq] [1283cabb] INFO  - Cluster size = 1, members : [9Npb0].
2025-01-28 23:59:33,492 INFO c.h.h.t.HelmChartContainer - [test-hivemq-platform] [hivemq] [1283cabb] INFO  - Shutting down extension system
2025-01-28 23:59:33,498 INFO c.h.h.t.HelmChartContainer - [test-hivemq-platform] [hivemq] [1283cabb] INFO  - Stopping extension with id hivemq-dns-cluster-discovery
2025-01-28 23:59:33,498 INFO c.h.h.t.HelmChartContainer - [test-hivemq-platform] [hivemq] [1283cabb] INFO  - Extension "DNS Cluster Discovery Extension" version 4.3.2 stopped successfully.
2025-01-28 23:59:33,499 INFO c.h.h.t.HelmChartContainer - [test-hivemq-platform] [hivemq] [1283cabb] INFO  - Stopping extension with id hivemq-prometheus-extension
2025-01-28 23:59:33,503 INFO c.h.h.t.HelmChartContainer - [test-hivemq-platform] [hivemq] [1283cabb] INFO  - Extension "Prometheus Monitoring Extension" version 4.0.12 stopped successfully.
2025-01-28 23:59:33,504 INFO c.h.h.t.HelmChartContainer - [test-hivemq-platform] [hivemq] [1283cabb] INFO  - Stopping extension with id hivemq-allow-all-extension
2025-01-28 23:59:33,504 INFO c.h.h.t.HelmChartContainer - [test-hivemq-platform] [hivemq] [1283cabb] INFO  - Extension "Allow All Extension" version 1.1.1 stopped successfully.
2025-01-28 23:59:34,524 INFO c.h.h.t.HelmChartContainer - [test-hivemq-platform] [hivemq] [dce7636c] INFO  - [HiveMQ Platform Operator Init App 1.7.0-SNAPSHOT] Returning shutdown Health API response 503 for readiness
2025-01-28 23:59:34,528 INFO c.h.h.t.HelmChartContainer - [EVENT] Warning [Unhealthy] Readiness probe failed: HTTP probe failed with statuscode: 503 [helmcustomsecretconfigit:test-hivemq-platform-0]
2025-01-28 23:59:34,528 INFO c.h.h.t.HelmChartContainer - Received Unhealthy event for container hivemq in pod test-hivemq-platform-0 [dce7636c-2be3-40ca-9544-4cbdbbdead24]
2025-01-28 23:59:35,120 INFO c.h.h.t.HelmChartContainer - [K3S] [authentication.go:74] "Unable to authenticate the request" err="[invalid bearer token, serviceaccounts \"hivemq-platform-pod-test-hivemq-platform\" not found]"
2025-01-28 23:59:35,216 INFO c.h.h.t.HelmChartContainer - [K3S] [authentication.go:74] "Unable to authenticate the request" err="[invalid bearer token, serviceaccounts \"hivemq-platform-pod-test-hivemq-platform\" not found]"
2025-01-28 23:59:35,219 INFO c.h.h.t.HelmChartContainer - [test-hivemq-platform] [hivemq] [dce7636c] WARN  - [HiveMQ Platform Operator Init App 1.7.0-SNAPSHOT] Could not update Pod annotations: Failure executing: GET at: https://10.43.0.1:443/api/v1/namespaces/helmcustomsecretconfigit/pods/test-hivemq-platform-0. Message: Unauthorized. Received status: Status(apiVersion=v1, code=401, details=null, kind=Status, message=Unauthorized, metadata=ListMeta(_continue=null, remainingItemCount=null, resourceVersion=null, selfLink=null, additionalProperties={}), reason=Unauthorized, status=Failure, additionalProperties={}).
2025-01-28 23:59:35,400 INFO c.h.h.t.HelmChartContainer - [test-hivemq-platform] [hivemq] [dce7636c] INFO  - Shutdown completed.
2025-01-28 23:59:35,749 INFO c.h.h.t.HelmChartContainer - [test-hivemq-platform] [hivemq] [dce7636c] INFO  - [HiveMQ Platform Operator Init App 1.7.0-SNAPSHOT] The HiveMQ Platform exited with code 143
2025-01-28 23:59:35,749 INFO c.h.h.t.HelmChartContainer - [test-hivemq-platform] [hivemq] [dce7636c] INFO  - [HiveMQ Platform Operator Init App 1.7.0-SNAPSHOT] Stopping the REST API
2025-01-28 23:59:35,755 INFO c.h.h.t.HelmChartContainer - [test-hivemq-platform] [hivemq] [dce7636c] INFO  - [HiveMQ Platform Operator Init App 1.7.0-SNAPSHOT] Shutdown complete
2025-01-28 23:59:35,889 INFO c.h.h.t.HelmChartContainer - [test-hivemq-platform] [hivemq] [1283cabb] INFO  - Shutdown completed.
2025-01-28 23:59:36,242 INFO c.h.h.t.HelmChartContainer - [test-hivemq-platform] [hivemq] [1283cabb] INFO  - [HiveMQ Platform Operator Init App 1.7.0-SNAPSHOT] The HiveMQ Platform exited with code 143
2025-01-28 23:59:36,242 INFO c.h.h.t.HelmChartContainer - [test-hivemq-platform] [hivemq] [1283cabb] INFO  - [HiveMQ Platform Operator Init App 1.7.0-SNAPSHOT] Stopping the REST API
2025-01-28 23:59:36,257 INFO c.h.h.t.HelmChartContainer - [POD] test-hivemq-platform-0 [dce7636c-2be3-40ca-9544-4cbdbbdead24] in helmcustomsecretconfigit was MODIFIED
2025-01-28 23:59:36,258 INFO c.h.h.t.HelmChartContainer - [K3S] [stateful_set.go:438] "Unhandled Error" err="error syncing StatefulSet helmcustomsecretconfigit/test-hivemq-platform, requeuing: controllerrevisions.apps \"test-hivemq-platform-7f5cbb4b76\" is forbidden: unable to create new content in namespace helmcustomsecretconfigit because it is being terminated"
2025-01-28 23:59:36,266 INFO c.h.h.t.HelmChartContainer - [K3S] [stateful_set.go:438] "Unhandled Error" err="error syncing StatefulSet helmcustomsecretconfigit/test-hivemq-platform, requeuing: controllerrevisions.apps \"test-hivemq-platform-7f5cbb4b76\" is forbidden: unable to create new content in namespace helmcustomsecretconfigit because it is being terminated"
2025-01-28 23:59:36,279 INFO c.h.h.t.HelmChartContainer - [K3S] [stateful_set.go:438] "Unhandled Error" err="error syncing StatefulSet helmcustomsecretconfigit/test-hivemq-platform, requeuing: controllerrevisions.apps \"test-hivemq-platform-7f5cbb4b76\" is forbidden: unable to create new content in namespace helmcustomsecretconfigit because it is being terminated"
2025-01-28 23:59:36,287 INFO c.h.h.t.HelmChartContainer - [test-hivemq-platform] [hivemq] [1283cabb] INFO  - [HiveMQ Platform Operator Init App 1.7.0-SNAPSHOT] Shutdown complete
2025-01-28 23:59:36,302 INFO c.h.h.t.HelmChartContainer - [K3S] [stateful_set.go:438] "Unhandled Error" err="error syncing StatefulSet helmcustomsecretconfigit/test-hivemq-platform, requeuing: controllerrevisions.apps \"test-hivemq-platform-7f5cbb4b76\" is forbidden: unable to create new content in namespace helmcustomsecretconfigit because it is being terminated"
2025-01-28 23:59:36,345 INFO c.h.h.t.HelmChartContainer - [K3S] [stateful_set.go:438] "Unhandled Error" err="error syncing StatefulSet helmcustomsecretconfigit/test-hivemq-platform, requeuing: controllerrevisions.apps \"test-hivemq-platform-7f5cbb4b76\" is forbidden: unable to create new content in namespace helmcustomsecretconfigit because it is being terminated"
2025-01-28 23:59:36,364 INFO c.h.h.t.HelmChartContainer - [K3S] [reconciler_common.go:162] "operationExecutor.UnmountVolume started for volume \"kube-api-access-2hfjt\" (UniqueName: \"kubernetes.io/projected/dce7636c-2be3-40ca-9544-4cbdbbdead24-kube-api-access-2hfjt\") pod \"dce7636c-2be3-40ca-9544-4cbdbbdead24\" (UID: \"dce7636c-2be3-40ca-9544-4cbdbbdead24\") "
2025-01-28 23:59:36,364 INFO c.h.h.t.HelmChartContainer - [K3S] [reconciler_common.go:162] "operationExecutor.UnmountVolume started for volume \"broker-configuration\" (UniqueName: \"kubernetes.io/secret/dce7636c-2be3-40ca-9544-4cbdbbdead24-broker-configuration\") pod \"dce7636c-2be3-40ca-9544-4cbdbbdead24\" (UID: \"dce7636c-2be3-40ca-9544-4cbdbbdead24\") "
2025-01-28 23:59:36,364 INFO c.h.h.t.HelmChartContainer - [K3S] [reconciler_common.go:162] "operationExecutor.UnmountVolume started for volume \"pod-info\" (UniqueName: \"kubernetes.io/configmap/dce7636c-2be3-40ca-9544-4cbdbbdead24-pod-info\") pod \"dce7636c-2be3-40ca-9544-4cbdbbdead24\" (UID: \"dce7636c-2be3-40ca-9544-4cbdbbdead24\") "
2025-01-28 23:59:36,364 INFO c.h.h.t.HelmChartContainer - [K3S] [reconciler_common.go:162] "operationExecutor.UnmountVolume started for volume \"operator-init\" (UniqueName: \"kubernetes.io/empty-dir/dce7636c-2be3-40ca-9544-4cbdbbdead24-operator-init\") pod \"dce7636c-2be3-40ca-9544-4cbdbbdead24\" (UID: \"dce7636c-2be3-40ca-9544-4cbdbbdead24\") "
2025-01-28 23:59:36,429 INFO c.h.h.t.HelmChartContainer - [K3S] [stateful_set.go:438] "Unhandled Error" err="error syncing StatefulSet helmcustomsecretconfigit/test-hivemq-platform, requeuing: controllerrevisions.apps \"test-hivemq-platform-7f5cbb4b76\" is forbidden: unable to create new content in namespace helmcustomsecretconfigit because it is being terminated"
2025-01-28 23:59:36,464 INFO c.h.h.t.HelmChartContainer - [K3S] [reconciler_common.go:299] "Volume detached for volume \"operator-init\" (UniqueName: \"kubernetes.io/empty-dir/dce7636c-2be3-40ca-9544-4cbdbbdead24-operator-init\") on node \"21a493cab54f\" DevicePath \"\""
2025-01-28 23:59:36,464 INFO c.h.h.t.HelmChartContainer - [K3S] [reconciler_common.go:299] "Volume detached for volume \"kube-api-access-2hfjt\" (UniqueName: \"kubernetes.io/projected/dce7636c-2be3-40ca-9544-4cbdbbdead24-kube-api-access-2hfjt\") on node \"21a493cab54f\" DevicePath \"\""
2025-01-28 23:59:36,464 INFO c.h.h.t.HelmChartContainer - [K3S] [reconciler_common.go:299] "Volume detached for volume \"broker-configuration\" (UniqueName: \"kubernetes.io/secret/dce7636c-2be3-40ca-9544-4cbdbbdead24-broker-configuration\") on node \"21a493cab54f\" DevicePath \"\""
2025-01-28 23:59:36,464 INFO c.h.h.t.HelmChartContainer - [K3S] [reconciler_common.go:299] "Volume detached for volume \"pod-info\" (UniqueName: \"kubernetes.io/configmap/dce7636c-2be3-40ca-9544-4cbdbbdead24-pod-info\") on node \"21a493cab54f\" DevicePath \"\""
2025-01-28 23:59:36,593 INFO c.h.h.t.HelmChartContainer - [K3S] [stateful_set.go:438] "Unhandled Error" err="error syncing StatefulSet helmcustomsecretconfigit/test-hivemq-platform, requeuing: controllerrevisions.apps \"test-hivemq-platform-7f5cbb4b76\" is forbidden: unable to create new content in namespace helmcustomsecretconfigit because it is being terminated"
2025-01-28 23:59:36,715 INFO c.h.h.t.HelmChartContainer - [POD] test-hivemq-platform-1 [1283cabb-c92a-4311-ae51-e22589284c69] in helmcustomsecretconfigit was MODIFIED
2025-01-28 23:59:36,716 INFO c.h.h.t.HelmChartContainer - [K3S] [stateful_set.go:438] "Unhandled Error" err="error syncing StatefulSet helmcustomsecretconfigit/test-hivemq-platform, requeuing: controllerrevisions.apps \"test-hivemq-platform-7f5cbb4b76\" is forbidden: unable to create new content in namespace helmcustomsecretconfigit because it is being terminated"
2025-01-28 23:59:36,866 INFO c.h.h.t.HelmChartContainer - [K3S] [stateful_set.go:466] "StatefulSet has been deleted" key="helmcustomsecretconfigit/test-hivemq-platform"
2025-01-28 23:59:36,869 INFO c.h.h.t.HelmChartContainer - [K3S] [reconciler_common.go:162] "operationExecutor.UnmountVolume started for volume \"kube-api-access-q9wvc\" (UniqueName: \"kubernetes.io/projected/1283cabb-c92a-4311-ae51-e22589284c69-kube-api-access-q9wvc\") pod \"1283cabb-c92a-4311-ae51-e22589284c69\" (UID: \"1283cabb-c92a-4311-ae51-e22589284c69\") "
2025-01-28 23:59:36,869 INFO c.h.h.t.HelmChartContainer - [K3S] [reconciler_common.go:162] "operationExecutor.UnmountVolume started for volume \"operator-init\" (UniqueName: \"kubernetes.io/empty-dir/1283cabb-c92a-4311-ae51-e22589284c69-operator-init\") pod \"1283cabb-c92a-4311-ae51-e22589284c69\" (UID: \"1283cabb-c92a-4311-ae51-e22589284c69\") "
2025-01-28 23:59:36,869 INFO c.h.h.t.HelmChartContainer - [K3S] [reconciler_common.go:162] "operationExecutor.UnmountVolume started for volume \"pod-info\" (UniqueName: \"kubernetes.io/configmap/1283cabb-c92a-4311-ae51-e22589284c69-pod-info\") pod \"1283cabb-c92a-4311-ae51-e22589284c69\" (UID: \"1283cabb-c92a-4311-ae51-e22589284c69\") "
2025-01-28 23:59:36,869 INFO c.h.h.t.HelmChartContainer - [K3S] [reconciler_common.go:162] "operationExecutor.UnmountVolume started for volume \"broker-configuration\" (UniqueName: \"kubernetes.io/secret/1283cabb-c92a-4311-ae51-e22589284c69-broker-configuration\") pod \"1283cabb-c92a-4311-ae51-e22589284c69\" (UID: \"1283cabb-c92a-4311-ae51-e22589284c69\") "
2025-01-28 23:59:36,914 INFO c.h.h.t.HelmChartContainer - [K3S] [stateful_set.go:466] "StatefulSet has been deleted" key="helmcustomsecretconfigit/test-hivemq-platform"
2025-01-28 23:59:36,966 INFO c.h.h.t.HelmChartContainer - [K3S] [reconciler_common.go:299] "Volume detached for volume \"pod-info\" (UniqueName: \"kubernetes.io/configmap/1283cabb-c92a-4311-ae51-e22589284c69-pod-info\") on node \"21a493cab54f\" DevicePath \"\""
2025-01-28 23:59:36,966 INFO c.h.h.t.HelmChartContainer - [K3S] [reconciler_common.go:299] "Volume detached for volume \"broker-configuration\" (UniqueName: \"kubernetes.io/secret/1283cabb-c92a-4311-ae51-e22589284c69-broker-configuration\") on node \"21a493cab54f\" DevicePath \"\""
2025-01-28 23:59:36,966 INFO c.h.h.t.HelmChartContainer - [K3S] [reconciler_common.go:299] "Volume detached for volume \"kube-api-access-q9wvc\" (UniqueName: \"kubernetes.io/projected/1283cabb-c92a-4311-ae51-e22589284c69-kube-api-access-q9wvc\") on node \"21a493cab54f\" DevicePath \"\""
2025-01-28 23:59:36,966 INFO c.h.h.t.HelmChartContainer - [K3S] [reconciler_common.go:299] "Volume detached for volume \"operator-init\" (UniqueName: \"kubernetes.io/empty-dir/1283cabb-c92a-4311-ae51-e22589284c69-operator-init\") on node \"21a493cab54f\" DevicePath \"\""
2025-01-28 23:59:37,011 INFO c.h.h.t.HelmChartContainer - [K3S] [namespace_controller.go:164] "Unhandled Error" err="deletion of namespace helmcustomsecretconfigit failed: unexpected items still remain in namespace: helmcustomsecretconfigit for gvr: /v1, Resource=pods"
2025-01-28 23:59:37,059 INFO c.h.h.t.HelmChartContainer - [K3S] [scope.go:117] "RemoveContainer" containerID="51e155680ebfc11ed613a586f994fce0a3c5a4da95e7615ecccb8999b83d45d8"
2025-01-28 23:59:37,082 INFO c.h.h.t.HelmChartContainer - [POD] test-hivemq-platform-0 [dce7636c-2be3-40ca-9544-4cbdbbdead24] in helmcustomsecretconfigit was MODIFIED
2025-01-28 23:59:37,089 INFO c.h.h.t.HelmChartContainer - [POD] test-hivemq-platform-0 [dce7636c-2be3-40ca-9544-4cbdbbdead24] in helmcustomsecretconfigit was DELETED
2025-01-28 23:59:37,103 INFO c.h.h.t.HelmChartContainer - [POD] test-hivemq-platform-1 [1283cabb-c92a-4311-ae51-e22589284c69] in helmcustomsecretconfigit was MODIFIED
2025-01-28 23:59:37,108 INFO c.h.h.t.HelmChartContainer - [POD] test-hivemq-platform-1 [1283cabb-c92a-4311-ae51-e22589284c69] in helmcustomsecretconfigit was DELETED
2025-01-28 23:59:37,206 INFO c.h.h.t.HelmChartContainer - [K3S] [scope.go:117] "RemoveContainer" containerID="bf28ec83036e8b98ac0db231d66925a82b922fba2dc66dd905684c0e039d886a"
2025-01-28 23:59:37,210 INFO c.h.h.t.HelmChartContainer - [K3S] [scope.go:117] "RemoveContainer" containerID="51e155680ebfc11ed613a586f994fce0a3c5a4da95e7615ecccb8999b83d45d8"
2025-01-28 23:59:37,210 INFO c.h.h.t.HelmChartContainer - [K3S] [scope.go:117] "RemoveContainer" containerID="bf28ec83036e8b98ac0db231d66925a82b922fba2dc66dd905684c0e039d886a"
2025-01-28 23:59:37,211 INFO c.h.h.t.HelmChartContainer - [K3S] [scope.go:117] "RemoveContainer" containerID="1f36eea94cf6cc4336dd766bd8c97e8c49df07f8424284f24c7bdf71495c5bc1"
2025-01-28 23:59:37,248 INFO c.h.h.t.HelmChartContainer - Namespace 'helmcustomsecretconfigit' deleted
2025-01-28 23:59:37,248 INFO c.h.h.t.HelmChartContainer - Release 'test-hivemq-platform' in namespace 'helmcustomsecretconfigit' is uninstalled
2025-01-28 23:59:37,248 INFO c.h.h.t.HelmChartContainer - Uninstalling release 'test-hivemq-platform-operator' in namespace 'helmcustomsecretconfigit-operator'...
2025-01-28 23:59:37,248 DEBUG c.h.h.t.HelmChartContainer - Executing helm command: /bin/helm --kubeconfig /etc/rancher/k3s/k3s.yaml uninstall test-hivemq-platform-operator  --wait --timeout 5m0s --cascade foreground --namespace helmcustomsecretconfigit-operator
2025-01-28 23:59:37,259 INFO c.h.h.t.HelmChartContainer - [K3S] [kubelet_volumes.go:163] "Cleaned up orphaned pod volumes dir" podUID="1283cabb-c92a-4311-ae51-e22589284c69" path="/var/lib/kubelet/pods/1283cabb-c92a-4311-ae51-e22589284c69/volumes"
2025-01-28 23:59:37,261 INFO c.h.h.t.HelmChartContainer - [K3S] [kubelet_volumes.go:163] "Cleaned up orphaned pod volumes dir" podUID="dce7636c-2be3-40ca-9544-4cbdbbdead24" path="/var/lib/kubelet/pods/dce7636c-2be3-40ca-9544-4cbdbbdead24/volumes"
2025-01-28 23:59:37,336 INFO c.h.h.t.HelmChartContainer - [K3S] [scope.go:117] "RemoveContainer" containerID="baad37caae6e167285f96e7f67409205106369347aa5dff0783c4470d242231b"
2025-01-28 23:59:37,340 INFO c.h.h.t.HelmChartContainer - [K3S] [scope.go:117] "RemoveContainer" containerID="1f36eea94cf6cc4336dd766bd8c97e8c49df07f8424284f24c7bdf71495c5bc1"
2025-01-28 23:59:37,341 INFO c.h.h.t.HelmChartContainer - [K3S] [scope.go:117] "RemoveContainer" containerID="baad37caae6e167285f96e7f67409205106369347aa5dff0783c4470d242231b"
2025-01-28 23:59:37,449 INFO c.h.h.t.HelmChartContainer - [K3S] [replica_set.go:679] "Finished syncing" kind="ReplicaSet" key="helmcustomsecretconfigit-operator/hivemq-test-hivemq-platform-operator-6966f96d65" duration="13.153422ms"
2025-01-28 23:59:37,450 INFO c.h.h.t.HelmChartContainer - [K3S] [replica_set.go:679] "Finished syncing" kind="ReplicaSet" key="helmcustomsecretconfigit-operator/hivemq-test-hivemq-platform-operator-6966f96d65" duration="37.119µs"
2025-01-28 23:59:37,464 INFO c.h.h.t.HelmChartContainer - [POD] hivemq-test-hivemq-platform-operator-6966f96d65-b8l8s [dab76efd-dc84-4211-a78e-a630ed7de05d] in helmcustomsecretconfigit-operator was MODIFIED
2025-01-28 23:59:37,471 INFO c.h.h.t.HelmChartContainer - [EVENT] Normal [Killing] Stopping container hivemq-platform-operator [helmcustomsecretconfigit-operator:hivemq-test-hivemq-platform-operator-6966f96d65-b8l8s]
2025-01-28 23:59:37,471 INFO c.h.h.t.HelmChartContainer - Received Killing event for container hivemq-platform-operator in pod hivemq-test-hivemq-platform-operator-6966f96d65-b8l8s [dab76efd-dc84-4211-a78e-a630ed7de05d]
2025-01-28 23:59:37,471 INFO c.h.h.t.HelmChartContainer - Container [hivemq-test-hivemq-platform-operator-6966f96d65-b8l8s] [hivemq-platform-operator] [dab76efd-dc84-4211-a78e-a630ed7de05d] was terminated
2025-01-28 23:59:37,471 INFO c.h.h.t.HelmChartContainer - Stopped log watcher for hivemq-platform-operator in pod hivemq-test-hivemq-platform-operator-6966f96d65-b8l8s [dab76efd-dc84-4211-a78e-a630ed7de05d]
2025-01-28 23:59:37,473 INFO c.h.h.t.HelmChartContainer - [hivemq-test-hivemq-platform] [hivemq-platform-operator] [dab76efd] 23:59:37.470 [application-shutdown-thread] INFO  c.h.p.o.HiveMQPlatformOperatorApplication - HiveMQ Platform Operator is stopping...
2025-01-28 23:59:37,475 INFO c.h.h.t.HelmChartContainer - [hivemq-test-hivemq-platform] [hivemq-platform-operator] [dab76efd] 23:59:37.471 [application-shutdown-thread] INFO  i.javaoperatorsdk.operator.Operator - Operator SDK 4.9.7 is shutting down...
2025-01-28 23:59:37,479 INFO c.h.h.t.HelmChartContainer - [K3S] [replica_set.go:679] "Finished syncing" kind="ReplicaSet" key="helmcustomsecretconfigit-operator/hivemq-test-hivemq-platform-operator-6966f96d65" duration="13.624487ms"
2025-01-28 23:59:37,481 INFO c.h.h.t.HelmChartContainer - [K3S] [replica_set.go:679] "Finished syncing" kind="ReplicaSet" key="helmcustomsecretconfigit-operator/hivemq-test-hivemq-platform-operator-6966f96d65" duration="31.92µs"
2025-01-28 23:59:38,063 INFO c.h.h.t.HelmChartContainer - [K3S] [replica_set.go:679] "Finished syncing" kind="ReplicaSet" key="helmcustomsecretconfigit-operator/hivemq-test-hivemq-platform-operator-6966f96d65" duration="39.474µs"
2025-01-28 23:59:38,063 INFO c.h.h.t.HelmChartContainer - [POD] hivemq-test-hivemq-platform-operator-6966f96d65-b8l8s [dab76efd-dc84-4211-a78e-a630ed7de05d] in helmcustomsecretconfigit-operator was MODIFIED
2025-01-28 23:59:38,066 INFO c.h.h.t.HelmChartContainer - [K3S] [scope.go:117] "RemoveContainer" containerID="6fb8442378c27143241c4e0904b3c92a41d984c6a8a96ef9764ce5653a47eb08"
2025-01-28 23:59:38,070 INFO c.h.h.t.HelmChartContainer - [K3S] [scope.go:117] "RemoveContainer" containerID="6fb8442378c27143241c4e0904b3c92a41d984c6a8a96ef9764ce5653a47eb08"
2025-01-28 23:59:38,172 INFO c.h.h.t.HelmChartContainer - [K3S] [reconciler_common.go:162] "operationExecutor.UnmountVolume started for volume \"kube-api-access-98ghp\" (UniqueName: \"kubernetes.io/projected/dab76efd-dc84-4211-a78e-a630ed7de05d-kube-api-access-98ghp\") pod \"dab76efd-dc84-4211-a78e-a630ed7de05d\" (UID: \"dab76efd-dc84-4211-a78e-a630ed7de05d\") "
2025-01-28 23:59:38,273 INFO c.h.h.t.HelmChartContainer - [K3S] [reconciler_common.go:299] "Volume detached for volume \"kube-api-access-98ghp\" (UniqueName: \"kubernetes.io/projected/dab76efd-dc84-4211-a78e-a630ed7de05d-kube-api-access-98ghp\") on node \"21a493cab54f\" DevicePath \"\""
2025-01-28 23:59:38,377 INFO c.h.h.t.HelmChartContainer - [K3S] [replica_set.go:679] "Finished syncing" kind="ReplicaSet" key="helmcustomsecretconfigit-operator/hivemq-test-hivemq-platform-operator-6966f96d65" duration="39.494µs"
2025-01-28 23:59:38,378 INFO c.h.h.t.HelmChartContainer - [POD] hivemq-test-hivemq-platform-operator-6966f96d65-b8l8s [dab76efd-dc84-4211-a78e-a630ed7de05d] in helmcustomsecretconfigit-operator was MODIFIED
2025-01-28 23:59:38,380 INFO c.h.h.t.HelmChartContainer - [K3S] [replica_set.go:679] "Finished syncing" kind="ReplicaSet" key="helmcustomsecretconfigit-operator/hivemq-test-hivemq-platform-operator-6966f96d65" duration="62.016µs"
2025-01-28 23:59:38,380 INFO c.h.h.t.HelmChartContainer - [POD] hivemq-test-hivemq-platform-operator-6966f96d65-b8l8s [dab76efd-dc84-4211-a78e-a630ed7de05d] in helmcustomsecretconfigit-operator was DELETED
2025-01-28 23:59:38,389 INFO c.h.h.t.HelmChartContainer - [K3S] [replica_set.go:679] "Finished syncing" kind="ReplicaSet" key="helmcustomsecretconfigit-operator/hivemq-test-hivemq-platform-operator-6966f96d65" duration="6.011µs"
2025-01-28 23:59:39,255 INFO c.h.h.t.HelmChartContainer - [K3S] [kubelet_volumes.go:163] "Cleaned up orphaned pod volumes dir" podUID="dab76efd-dc84-4211-a78e-a630ed7de05d" path="/var/lib/kubelet/pods/dab76efd-dc84-4211-a78e-a630ed7de05d/volumes"
2025-01-28 23:59:39,480 INFO c.h.h.t.HelmChartContainer - Deleting namespace 'helmcustomsecretconfigit-operator'...
2025-01-28 23:59:41,970 INFO c.h.h.t.HelmChartContainer - [K3S] [range_allocator.go:247] "Successfully synced" key="21a493cab54f"
2025-01-28 23:59:42,232 INFO c.h.h.t.HelmChartContainer - [K3S] [namespace_controller.go:187] "Namespace has been deleted" namespace="helmcustomsecretconfigit"
2025-01-28 23:59:44,697 INFO c.h.h.t.HelmChartContainer - Namespace 'helmcustomsecretconfigit-operator' deleted
2025-01-28 23:59:44,697 INFO c.h.h.t.HelmChartContainer - Release 'test-hivemq-platform-operator' in namespace 'helmcustomsecretconfigit-operator' is uninstalled
2025-01-28 23:59:45,488 INFO c.h.helmcharts.AbstractHelmChartIT - Removed unused containers:

2025-01-28 23:59:49,612 INFO c.h.h.t.HelmChartContainer - [K3S] [namespace_controller.go:187] "Namespace has been deleted" namespace="helmcustomsecretconfigit-operator"
2025-01-28 23:59:53,106 INFO c.h.helmcharts.AbstractHelmChartIT - Removed unused snapshots:
Removing snapshot sha256:03af251906410714c5aef9fa705b63f6bbc39c4a5e787de7361eeb18886c2ed2
Removing snapshot sha256:0c46b3b43cce082ce5ec34ffc6c294e0417d17b9d1e6f366d114b6aadc4f96dc
Removing snapshot sha256:0ce761beee59082d6ed5bcebd3a805b8ddd9b3426b617e4809e7fb7c6587ffec
Removing snapshot sha256:0df91287303208332c8ff6ba40ae4710105201739addbfbddfb955f1ad593664
Removing snapshot sha256:1021ef88c7974bfff89c5a0ec4fd3160daac6c48a075f74cff721f85dd104e68
Removing snapshot sha256:10aba4953ddc18145dd38e3704709bc464aa20af60b56fe52caaff4b68411e62
Removing snapshot sha256:1bf76b6b47123e4483a097ddc1b88af5f35849d6620292dab520c587a084522f
Removing snapshot sha256:362a8a37f8bbc31925a8146adcf7cf51f9882f5c1dcbef67c5baa03a297543c0
Removing snapshot sha256:43a7c979bbaba6838bc3102d6b10a1459f3ab050b87ccdfef84ef90cf43d3058
Removing snapshot sha256:4ab04491cdf0d3267f08206fe30bd48f49f94b9cab2f016d6739220f722a64af
Removing snapshot sha256:4b6068250e89c96f263060261819c7d912855bfbd64b3eb4c4a8483299b8c295
Removing snapshot sha256:580e69a0a8034ede1921139bbd2bfb72a69ebf276d008281896c32dd8bf74775
Removing snapshot sha256:5d30ba46b27fe37484567ccc5242cadc78217b8da605f3f195ef25cbf7487904
Removing snapshot sha256:63ca1fbb43ae5034640e5e6cb3e083e05c290072c5366fcaa9d62435a4cced85
Removing snapshot sha256:67f702c6baae873bceb19487c8b1f27bd2b86077e4f2f0e480e6d60ab508b8f5
Removing snapshot sha256:6864348dd42806d552efdec384f1274be15e2d0c10ce44c1f04347af004c10a9
Removing snapshot sha256:6c7dee8f2c39b84b7dc2711c01d33de93514d9055499173e9290176fbe484b6c
Removing snapshot sha256:82753493a6d61ded36556292f02f31841a14c20d2f279f19eaad65afb661d5cd
Removing snapshot sha256:8a10d3db42c505ee0fcfa98417bdd7e39b304f6bcc0a06bb1b220797ff2cc63c
Removing snapshot sha256:8bb93e5e235487ebc6272bfcb8e20c456a86b63c2ef50486295327e3490f6923
Removing snapshot sha256:a21e5b12dbac529ad45d976eb9ce45c881f3bedcc500fb30aba1e52aa1813418
Removing snapshot sha256:b921e6c28969094157f9b8e7244677780319637afd14450b7cb6b2fdea558a0c
Removing snapshot sha256:bc27ecb5769a00e309cf99ebc763c4a4b958b618d1decc96ffac5bc05f02f5b7
Removing snapshot sha256:be3ccb6627a5332e309d45ef461d09b4879dd870c7394d89323d0ebc6ca6aa8a
Removing snapshot sha256:c261f7cbbc64211ee175ee47273acdb7b1a36a4450b397a064a8f2c026490095
Removing snapshot sha256:c34d9393647eea0c9e3557ab988efaf59f61d10a2a5613b439ef0958cca5ec10
Removing snapshot sha256:ccf3c4a0fa967a41c1c83497a2ce6fa5787965859df0adb32c4ca2cf7490bc2b
Removing snapshot sha256:cf92d33f869417309692088c341cd0f223c178ea78a125f757317b22aa8f90e9
Removing snapshot sha256:d0037344cf2fb078884f1849f6a1f8cf9a33a3b6139b6a85833e5ee528e1f9a8
Removing snapshot sha256:d3b36d5b79273b1e98e7700470eaeff05a882e777124d84cebcc1505b85ecb36
Removing snapshot sha256:d65a44a37914602d12c611e5e22a50f11451d847e63015cc1c2aef92dee777a4
Removing snapshot sha256:e2dc0bae2455930f23ae570e019b7f32edc75c0f2d71cab084db837ff9051796
Removing snapshot sha256:eccbd24a99c60cd9e86ee5305dbfc4a4dc89f5ab4fb1f06c8d64797cecedef34
Removing snapshot sha256:f144bb4c7c7f0d2aa7eeffd36d934ec40db1ee167be727e326aad9fdc616f475

]]></system-out>
  </testcase>
  <system-out><![CDATA[2025-01-28 23:55:04,190 INFO c.h.h.t.HelmChartContainerExtension - Using cached HelmChartContainer instance
]]></system-out>
  <system-err><![CDATA[]]></system-err>
</testsuite>
