<?xml version="1.0" encoding="UTF-8"?>
<testsuite name="com.hivemq.helmcharts.platform.HelmPlatformMutualTlsIT" tests="1" skipped="0" failures="0" errors="0" timestamp="2025-01-30T18:14:22" hostname="fv-az1368-401" time="111.087">
  <properties/>
  <testcase name="withMutualTls_hivemqRunning()" classname="com.hivemq.helmcharts.platform.HelmPlatformMutualTlsIT" time="111.087">
    <system-out><![CDATA[2025-01-30 18:14:22,244 INFO c.h.h.t.HelmChartContainer - Creating namespace 'helmplatformmutualtlsit-operator'...
2025-01-30 18:14:22,254 INFO c.h.h.t.HelmChartContainer - Namespace 'helmplatformmutualtlsit-operator' created
2025-01-30 18:14:22,254 INFO c.h.h.t.HelmChartContainer - Creating namespace 'helmplatformmutualtlsit'...
2025-01-30 18:14:22,261 INFO c.h.h.t.HelmChartContainer - Namespace 'helmplatformmutualtlsit' created
2025-01-30 18:14:22,329 DEBUG c.h.h.t.HelmChartContainer - Executing helm command: /bin/helm --kubeconfig /etc/rancher/k3s/k3s.yaml install test-hivemq-platform-operator /charts/hivemq-platform-operator --wait --timeout 5m0s --set image.repository=docker.io/hivemq --set image.name=hivemq-platform-operator-test --set image.initImageName=hivemq-platform-operator-init-test --set image.tag=snapshot --set image.pullPolicy=Never --set logLevel=DEBUG --set resources.cpu=512m --namespace helmplatformmutualtlsit-operator
2025-01-30 18:14:22,622 INFO c.h.h.t.HelmChartContainer - [K3S] [alloc.go:330] "allocated clusterIPs" service="helmplatformmutualtlsit-operator/hivemq-platform-operator-test-hivemq-platform-operator" clusterIPs={"IPv4":"10.43.254.221"}
2025-01-30 18:14:22,640 INFO c.h.h.t.HelmChartContainer - [EVENT] Normal [ScalingReplicaSet] Scaled up replica set hivemq-test-hivemq-platform-operator-6966f96d65 from 0 to 1 [helmplatformmutualtlsit-operator:hivemq-test-hivemq-platform-operator]
2025-01-30 18:14:22,642 INFO c.h.h.t.HelmChartContainer - [POD] hivemq-test-hivemq-platform-operator-6966f96d65-fnzgm [ca42fe44-0af8-4f1e-ab0d-dc57e543336b] in helmplatformmutualtlsit-operator was ADDED
2025-01-30 18:14:22,656 INFO c.h.h.t.HelmChartContainer - [K3S] [replica_set.go:679] "Finished syncing" kind="ReplicaSet" key="helmplatformmutualtlsit-operator/hivemq-test-hivemq-platform-operator-6966f96d65" duration="21.817331ms"
2025-01-30 18:14:22,659 INFO c.h.h.t.HelmChartContainer - [K3S] [memory_manager.go:355] "RemoveStaleState removing state" podUID="ba309442-596d-4b8e-8a62-7adddcefc5b1" containerName="hivemq-platform-operator"
2025-01-30 18:14:22,660 INFO c.h.h.t.HelmChartContainer - [K3S] [memory_manager.go:355] "RemoveStaleState removing state" podUID="f83bd488-1217-4c1c-a68d-b3d9e22618cc" containerName="hivemq"
2025-01-30 18:14:22,661 INFO c.h.h.t.HelmChartContainer - [POD] hivemq-test-hivemq-platform-operator-6966f96d65-fnzgm [ca42fe44-0af8-4f1e-ab0d-dc57e543336b] in helmplatformmutualtlsit-operator was MODIFIED
2025-01-30 18:14:22,661 INFO c.h.h.t.HelmChartContainer - [EVENT] Normal [SuccessfulCreate] Created pod: hivemq-test-hivemq-platform-operator-6966f96d65-fnzgm [helmplatformmutualtlsit-operator:hivemq-test-hivemq-platform-operator-6966f96d65]
2025-01-30 18:14:22,662 INFO c.h.h.t.HelmChartContainer - [EVENT] Normal [Scheduled] Successfully assigned helmplatformmutualtlsit-operator/hivemq-test-hivemq-platform-operator-6966f96d65-fnzgm to f3789c3ef0a0 [helmplatformmutualtlsit-operator:hivemq-test-hivemq-platform-operator-6966f96d65-fnzgm]
2025-01-30 18:14:22,672 INFO c.h.h.t.HelmChartContainer - [K3S] [replica_set.go:679] "Finished syncing" kind="ReplicaSet" key="helmplatformmutualtlsit-operator/hivemq-test-hivemq-platform-operator-6966f96d65" duration="16.92229ms"
2025-01-30 18:14:22,674 INFO c.h.h.t.HelmChartContainer - [POD] hivemq-test-hivemq-platform-operator-6966f96d65-fnzgm [ca42fe44-0af8-4f1e-ab0d-dc57e543336b] in helmplatformmutualtlsit-operator was MODIFIED
2025-01-30 18:14:22,682 INFO c.h.h.t.HelmChartContainer - [K3S] [replica_set.go:679] "Finished syncing" kind="ReplicaSet" key="helmplatformmutualtlsit-operator/hivemq-test-hivemq-platform-operator-6966f96d65" duration="9.242885ms"
2025-01-30 18:14:22,682 INFO c.h.h.t.HelmChartContainer - [K3S] [replica_set.go:679] "Finished syncing" kind="ReplicaSet" key="helmplatformmutualtlsit-operator/hivemq-test-hivemq-platform-operator-6966f96d65" duration="36.478µs"
2025-01-30 18:14:22,704 INFO c.h.h.t.HelmChartContainer - [K3S] [reconciler_common.go:251] "operationExecutor.VerifyControllerAttachedVolume started for volume \"kube-api-access-59l4r\" (UniqueName: \"kubernetes.io/projected/ca42fe44-0af8-4f1e-ab0d-dc57e543336b-kube-api-access-59l4r\") pod \"hivemq-test-hivemq-platform-operator-6966f96d65-fnzgm\" (UID: \"ca42fe44-0af8-4f1e-ab0d-dc57e543336b\") " pod="helmplatformmutualtlsit-operator/hivemq-test-hivemq-platform-operator-6966f96d65-fnzgm"
2025-01-30 18:14:23,051 INFO c.h.h.t.HelmChartContainer - [EVENT] Normal [Pulled] Container image "docker.io/hivemq/hivemq-platform-operator-test:snapshot" already present on machine [helmplatformmutualtlsit-operator:hivemq-test-hivemq-platform-operator-6966f96d65-fnzgm]
2025-01-30 18:14:23,051 INFO c.h.h.t.HelmChartContainer - Received Pulled event for container hivemq-platform-operator in pod hivemq-test-hivemq-platform-operator-6966f96d65-fnzgm [ca42fe44-0af8-4f1e-ab0d-dc57e543336b]
2025-01-30 18:14:24,338 INFO c.h.h.t.HelmChartContainer - [EVENT] Normal [Created] Created container: hivemq-platform-operator [helmplatformmutualtlsit-operator:hivemq-test-hivemq-platform-operator-6966f96d65-fnzgm]
2025-01-30 18:14:24,338 INFO c.h.h.t.HelmChartContainer - Received Created event for container hivemq-platform-operator in pod hivemq-test-hivemq-platform-operator-6966f96d65-fnzgm [ca42fe44-0af8-4f1e-ab0d-dc57e543336b]
2025-01-30 18:14:24,450 INFO c.h.h.t.HelmChartContainer - [K3S] [replica_set.go:679] "Finished syncing" kind="ReplicaSet" key="helmplatformmutualtlsit-operator/hivemq-test-hivemq-platform-operator-6966f96d65" duration="88.074µs"
2025-01-30 18:14:24,456 INFO c.h.h.t.HelmChartContainer - [POD] hivemq-test-hivemq-platform-operator-6966f96d65-fnzgm [ca42fe44-0af8-4f1e-ab0d-dc57e543336b] in helmplatformmutualtlsit-operator was MODIFIED
2025-01-30 18:14:24,461 INFO c.h.h.t.HelmChartContainer - Started log watcher for hivemq-platform-operator in pod hivemq-test-hivemq-platform-operator-6966f96d65-fnzgm [ca42fe44-0af8-4f1e-ab0d-dc57e543336b]
2025-01-30 18:14:24,461 INFO c.h.h.t.HelmChartContainer - [EVENT] Normal [Started] Started container hivemq-platform-operator [helmplatformmutualtlsit-operator:hivemq-test-hivemq-platform-operator-6966f96d65-fnzgm]
2025-01-30 18:14:24,461 INFO c.h.h.t.HelmChartContainer - Received Started event for container hivemq-platform-operator in pod hivemq-test-hivemq-platform-operator-6966f96d65-fnzgm [ca42fe44-0af8-4f1e-ab0d-dc57e543336b]
2025-01-30 18:14:24,461 INFO c.h.h.t.HelmChartContainer - [hivemq-test-hivemq-platform] [hivemq-platform-operator] [ca42fe44] -------------------------------------------------------------------------
2025-01-30 18:14:24,462 INFO c.h.h.t.HelmChartContainer - [hivemq-test-hivemq-platform] [hivemq-platform-operator] [ca42fe44] 
2025-01-30 18:14:24,462 INFO c.h.h.t.HelmChartContainer - [hivemq-test-hivemq-platform] [hivemq-platform-operator] [ca42fe44]                   _    _  _              __  __   ____
2025-01-30 18:14:24,462 INFO c.h.h.t.HelmChartContainer - [hivemq-test-hivemq-platform] [hivemq-platform-operator] [ca42fe44]                  | |  | |(_)            |  \/  | / __ \
2025-01-30 18:14:24,462 INFO c.h.h.t.HelmChartContainer - [hivemq-test-hivemq-platform] [hivemq-platform-operator] [ca42fe44]                  | |__| | _ __   __ ___ | \  / || |  | |
2025-01-30 18:14:24,462 INFO c.h.h.t.HelmChartContainer - [hivemq-test-hivemq-platform] [hivemq-platform-operator] [ca42fe44]                  |  __  || |\ \ / // _ \| |\/| || |  | |
2025-01-30 18:14:24,462 INFO c.h.h.t.HelmChartContainer - [hivemq-test-hivemq-platform] [hivemq-platform-operator] [ca42fe44]                  | |  | || | \ V /|  __/| |  | || |__| |
2025-01-30 18:14:24,462 INFO c.h.h.t.HelmChartContainer - [hivemq-test-hivemq-platform] [hivemq-platform-operator] [ca42fe44]                  |_|  |_||_|  \_/  \___||_|  |_| \___\_\
2025-01-30 18:14:24,462 INFO c.h.h.t.HelmChartContainer - [hivemq-test-hivemq-platform] [hivemq-platform-operator] [ca42fe44] 
2025-01-30 18:14:24,462 INFO c.h.h.t.HelmChartContainer - [hivemq-test-hivemq-platform] [hivemq-platform-operator] [ca42fe44] -------------------------------------------------------------------------
2025-01-30 18:14:24,462 INFO c.h.h.t.HelmChartContainer - [hivemq-test-hivemq-platform] [hivemq-platform-operator] [ca42fe44] 
2025-01-30 18:14:24,462 INFO c.h.h.t.HelmChartContainer - [hivemq-test-hivemq-platform] [hivemq-platform-operator] [ca42fe44]   HiveMQ Platform Operator Start Script v1.0
2025-01-30 18:14:24,462 INFO c.h.h.t.HelmChartContainer - [hivemq-test-hivemq-platform] [hivemq-platform-operator] [ca42fe44] 
2025-01-30 18:14:24,462 INFO c.h.h.t.HelmChartContainer - [hivemq-test-hivemq-platform] [hivemq-platform-operator] [ca42fe44] -------------------------------------------------------------------------
2025-01-30 18:14:24,462 INFO c.h.h.t.HelmChartContainer - [hivemq-test-hivemq-platform] [hivemq-platform-operator] [ca42fe44] 
2025-01-30 18:14:24,462 INFO c.h.h.t.HelmChartContainer - [hivemq-test-hivemq-platform] [hivemq-platform-operator] [ca42fe44]   JAVA_OPTS: -XX:+UnlockExperimentalVMOptions -XX:InitialRAMPercentage=75 -XX:MaxRAMPercentage=75 -Duser.language=en -Duser.region=US
2025-01-30 18:14:24,462 INFO c.h.h.t.HelmChartContainer - [hivemq-test-hivemq-platform] [hivemq-platform-operator] [ca42fe44] 
2025-01-30 18:14:24,462 INFO c.h.h.t.HelmChartContainer - [hivemq-test-hivemq-platform] [hivemq-platform-operator] [ca42fe44]   JAVA_VERSION: 21
2025-01-30 18:14:24,462 INFO c.h.h.t.HelmChartContainer - [hivemq-test-hivemq-platform] [hivemq-platform-operator] [ca42fe44] 
2025-01-30 18:14:24,462 INFO c.h.h.t.HelmChartContainer - [hivemq-test-hivemq-platform] [hivemq-platform-operator] [ca42fe44] -------------------------------------------------------------------------
2025-01-30 18:14:24,462 INFO c.h.h.t.HelmChartContainer - [hivemq-test-hivemq-platform] [hivemq-platform-operator] [ca42fe44] 
2025-01-30 18:14:27,597 INFO c.h.h.t.HelmChartContainer - [hivemq-test-hivemq-platform] [hivemq-platform-operator] [ca42fe44] 18:14:27.595 [main] DEBUG org.jboss.logging - Logging Provider: org.jboss.logging.Slf4jLoggerProvider
2025-01-30 18:14:27,699 INFO c.h.h.t.HelmChartContainer - [hivemq-test-hivemq-platform] [hivemq-platform-operator] [ca42fe44] 18:14:27.698 [main] DEBUG io.smallrye.config - SRCFG01006: Loaded ConfigSource SysPropConfigSource with ordinal 400
2025-01-30 18:14:27,699 INFO c.h.h.t.HelmChartContainer - [hivemq-test-hivemq-platform] [hivemq-platform-operator] [ca42fe44] 18:14:27.698 [main] DEBUG io.smallrye.config - SRCFG01006: Loaded ConfigSource EnvConfigSource with ordinal 300
2025-01-30 18:14:27,700 INFO c.h.h.t.HelmChartContainer - [hivemq-test-hivemq-platform] [hivemq-platform-operator] [ca42fe44] 18:14:27.699 [main] DEBUG io.smallrye.config - SRCFG01006: Loaded ConfigSource PropertiesConfigSource[source=jar:file:///opt/hivemq-platform-operator/bin/hivemq-platform-operator.jar!/hivemq-platform-operator.properties] with ordinal 100
2025-01-30 18:14:27,779 INFO c.h.h.t.HelmChartContainer - [hivemq-test-hivemq-platform] [hivemq-platform-operator] [ca42fe44] 18:14:27.777 [main] DEBUG io.smallrye.config - SRCFG01006: Loaded ConfigSource DefaultValuesConfigSource with ordinal -2147483648
2025-01-30 18:14:27,880 INFO c.h.h.t.HelmChartContainer - [hivemq-test-hivemq-platform] [hivemq-platform-operator] [ca42fe44] 18:14:27.879 [main] DEBUG i.m.c.u.i.l.InternalLoggerFactory - Using SLF4J as the default logging framework
2025-01-30 18:14:27,989 INFO c.h.h.t.HelmChartContainer - [hivemq-test-hivemq-platform] [hivemq-platform-operator] [ca42fe44] 18:14:27.981 [main] INFO  c.h.p.o.HiveMQPlatformOperatorApplication - HiveMQ Platform Operator 1.7.0-SNAPSHOT (commit: 47e3375 on branch: HEAD) built on Thu Jan 30 03:55:50 UTC 2025
2025-01-30 18:14:27,989 INFO c.h.h.t.HelmChartContainer - [hivemq-test-hivemq-platform] [hivemq-platform-operator] [ca42fe44] 18:14:27.987 [main] INFO  c.h.p.o.HiveMQPlatformOperatorApplication - HiveMQ Platform Operator is running in namespace: helmplatformmutualtlsit-operator
2025-01-30 18:14:27,990 INFO c.h.h.t.HelmChartContainer - [hivemq-test-hivemq-platform] [hivemq-platform-operator] [ca42fe44] 18:14:27.987 [main] INFO  c.h.p.o.HiveMQPlatformOperatorApplication - Watching all namespaces
2025-01-30 18:14:27,990 INFO c.h.h.t.HelmChartContainer - [hivemq-test-hivemq-platform] [hivemq-platform-operator] [ca42fe44] 18:14:27.988 [main] INFO  c.h.p.o.HiveMQPlatformOperatorApplication - Log level: DEBUG
2025-01-30 18:14:27,990 INFO c.h.h.t.HelmChartContainer - [hivemq-test-hivemq-platform] [hivemq-platform-operator] [ca42fe44] 18:14:27.988 [main] INFO  c.h.p.o.HiveMQPlatformOperatorApplication - Release name: test-hivemq-platform-operator
2025-01-30 18:14:27,990 INFO c.h.h.t.HelmChartContainer - [hivemq-test-hivemq-platform] [hivemq-platform-operator] [ca42fe44] 18:14:27.988 [main] INFO  c.h.p.o.HiveMQPlatformOperatorApplication - HiveMQ Platform Operator Init image: docker.io/hivemq/hivemq-platform-operator-init-test:snapshot
2025-01-30 18:14:27,990 INFO c.h.h.t.HelmChartContainer - [hivemq-test-hivemq-platform] [hivemq-platform-operator] [ca42fe44] 18:14:27.988 [main] INFO  c.h.p.o.HiveMQPlatformOperatorApplication - HiveMQ Platform Operator Init App update URL: http://hivemq-platform-operator-test-hivemq-platform-operator.helmplatformmutualtlsit-operator.svc:8080/initAppUpdate/hivemq-platform-operator-init-app-1.7.0-SNAPSHOT.jar
2025-01-30 18:14:27,990 INFO c.h.h.t.HelmChartContainer - [hivemq-test-hivemq-platform] [hivemq-platform-operator] [ca42fe44] 18:14:27.988 [main] INFO  c.h.p.o.HiveMQPlatformOperatorApplication - Additional imagePullSecret for all Platform deployments: none
2025-01-30 18:14:27,990 INFO c.h.h.t.HelmChartContainer - [hivemq-test-hivemq-platform] [hivemq-platform-operator] [ca42fe44] 18:14:27.988 [main] INFO  c.h.p.o.HiveMQPlatformOperatorApplication - Apply HiveMQ Platform CRD: true
2025-01-30 18:14:27,990 INFO c.h.h.t.HelmChartContainer - [hivemq-test-hivemq-platform] [hivemq-platform-operator] [ca42fe44] 18:14:27.988 [main] INFO  c.h.p.o.HiveMQPlatformOperatorApplication - Create Platform ServiceAccount: true
2025-01-30 18:14:27,990 INFO c.h.h.t.HelmChartContainer - [hivemq-test-hivemq-platform] [hivemq-platform-operator] [ca42fe44] 18:14:27.988 [main] INFO  c.h.p.o.HiveMQPlatformOperatorApplication - Create Platform ServiceAccount permissions: true
2025-01-30 18:14:27,990 INFO c.h.h.t.HelmChartContainer - [hivemq-test-hivemq-platform] [hivemq-platform-operator] [ca42fe44] 18:14:27.988 [main] INFO  c.h.p.o.HiveMQPlatformOperatorApplication - Validate Platform ServiceAccount: true
2025-01-30 18:14:27,990 INFO c.h.h.t.HelmChartContainer - [hivemq-test-hivemq-platform] [hivemq-platform-operator] [ca42fe44] 18:14:27.988 [main] INFO  c.h.p.o.HiveMQPlatformOperatorApplication - Validate Platform ServiceAccount permissions: true
2025-01-30 18:14:28,188 INFO c.h.h.t.HelmChartContainer - [hivemq-test-hivemq-platform] [hivemq-platform-operator] [ca42fe44] 18:14:28.187 [main] INFO  c.h.platform.operator.util.CRDUtil - Verifying deployed HiveMQ Platform CRD...
2025-01-30 18:14:30,486 INFO c.h.h.t.HelmChartContainer - [hivemq-test-hivemq-platform] [hivemq-platform-operator] [ca42fe44] 18:14:30.485 [main] DEBUG c.h.platform.operator.util.CRDUtil - HiveMQ Platform CRD version v1 is up to date
2025-01-30 18:14:30,487 INFO c.h.h.t.HelmChartContainer - [hivemq-test-hivemq-platform] [hivemq-platform-operator] [ca42fe44] 18:14:30.485 [main] INFO  c.h.platform.operator.util.CRDUtil - HiveMQ Platform CRD is up to date (version: V1_6_0)
2025-01-30 18:14:30,487 INFO c.h.h.t.HelmChartContainer - [hivemq-test-hivemq-platform] [hivemq-platform-operator] [ca42fe44] 18:14:30.485 [main] INFO  c.h.platform.operator.util.CRDUtil - Waiting 10000 ms for HiveMQ Platform CRD 'hivemq-platforms.hivemq.com' to become ready...
2025-01-30 18:14:30,791 INFO c.h.h.t.HelmChartContainer - [hivemq-test-hivemq-platform] [hivemq-platform-operator] [ca42fe44] 18:14:30.789 [vert.x-eventloop-thread-1] DEBUG c.h.platform.operator.util.CRDUtil - Checking CRD condition 'NamesAccepted' (status: 'True')
2025-01-30 18:14:30,791 INFO c.h.h.t.HelmChartContainer - [hivemq-test-hivemq-platform] [hivemq-platform-operator] [ca42fe44] 18:14:30.789 [vert.x-eventloop-thread-1] DEBUG c.h.platform.operator.util.CRDUtil - Checking CRD condition 'Established' (status: 'True')
2025-01-30 18:14:30,791 INFO c.h.h.t.HelmChartContainer - [hivemq-test-hivemq-platform] [hivemq-platform-operator] [ca42fe44] 18:14:30.791 [main] INFO  c.h.platform.operator.util.CRDUtil - HiveMQ Platform CRD 'hivemq-platforms.hivemq.com' is ready
2025-01-30 18:14:30,986 INFO c.h.h.t.HelmChartContainer - [hivemq-test-hivemq-platform] [hivemq-platform-operator] [ca42fe44] 18:14:30.985 [main] INFO  c.h.p.o.HiveMQPlatformReconciler - HiveMQ Platform Operator is starting...
2025-01-30 18:14:31,085 INFO c.h.h.t.HelmChartContainer - [hivemq-test-hivemq-platform] [hivemq-platform-operator] [ca42fe44] 18:14:31.084 [main] WARN  Default ConfigurationService implementation - Configuration for reconciler 'hivemq-controller' was not found. Known reconcilers: None.
2025-01-30 18:14:31,093 INFO c.h.h.t.HelmChartContainer - [hivemq-test-hivemq-platform] [hivemq-platform-operator] [ca42fe44] 18:14:31.092 [main] INFO  Default ConfigurationService implementation - Created configuration for reconciler com.hivemq.platform.operator.HiveMQPlatformReconciler with name hivemq-controller
2025-01-30 18:14:31,194 INFO c.h.h.t.HelmChartContainer - [hivemq-test-hivemq-platform] [hivemq-platform-operator] [ca42fe44] 18:14:31.193 [main] DEBUG c.h.p.o.HiveMQPlatformReconciler - HiveMQ Platform Operator is preparing EventSources
2025-01-30 18:14:31,280 INFO c.h.h.t.HelmChartContainer - [hivemq-test-hivemq-platform] [hivemq-platform-operator] [ca42fe44] 18:14:31.279 [main] INFO  i.javaoperatorsdk.operator.Operator - Registered reconciler: 'hivemq-controller' for resource: 'class com.hivemq.platform.operator.v1.HiveMQPlatform' for namespace(s): [all namespaces]
2025-01-30 18:14:31,707 INFO c.h.h.t.HelmChartContainer - [hivemq-test-hivemq-platform] [hivemq-platform-operator] [ca42fe44] 18:14:31.706 [main] INFO  c.h.p.operator.webserver.JettyServer - Starting Jetty server on port 8080
2025-01-30 18:14:31,794 INFO c.h.h.t.HelmChartContainer - [hivemq-test-hivemq-platform] [hivemq-platform-operator] [ca42fe44] 18:14:31.793 [main] INFO  i.javaoperatorsdk.operator.Operator - Operator SDK 4.9.7 (commit: 2133d28) built on Wed Nov 20 12:56:20 UTC 2024 starting...
2025-01-30 18:14:31,795 INFO c.h.h.t.HelmChartContainer - [hivemq-test-hivemq-platform] [hivemq-platform-operator] [ca42fe44] 18:14:31.793 [main] INFO  i.javaoperatorsdk.operator.Operator - Client version: 6.13.5
2025-01-30 18:14:31,796 INFO c.h.h.t.HelmChartContainer - [hivemq-test-hivemq-platform] [hivemq-platform-operator] [ca42fe44] 18:14:31.795 [Controller Starter for: hivemq-controller] INFO  i.j.operator.processing.Controller - Starting 'hivemq-controller' controller for reconciler: com.hivemq.platform.operator.HiveMQPlatformReconciler, resource: com.hivemq.platform.operator.v1.HiveMQPlatform
2025-01-30 18:14:34,385 INFO c.h.h.t.HelmChartContainer - [hivemq-test-hivemq-platform] [hivemq-platform-operator] [ca42fe44] 18:14:34.383 [Controller Starter for: hivemq-controller] INFO  i.j.operator.processing.Controller - 'hivemq-controller' controller started
2025-01-30 18:14:34,385 INFO c.h.h.t.HelmChartContainer - [hivemq-test-hivemq-platform] [hivemq-platform-operator] [ca42fe44] 18:14:34.384 [main] INFO  c.h.p.o.HiveMQPlatformOperatorApplication - HiveMQ Platform Operator 1.7.0-SNAPSHOT started in 6402 ms
2025-01-30 18:14:35,460 INFO c.h.h.t.HelmChartContainer - [POD] hivemq-test-hivemq-platform-operator-6966f96d65-fnzgm [ca42fe44-0af8-4f1e-ab0d-dc57e543336b] in helmplatformmutualtlsit-operator was MODIFIED
2025-01-30 18:14:35,464 INFO c.h.h.t.HelmChartContainer - [K3S] [replica_set.go:679] "Finished syncing" kind="ReplicaSet" key="helmplatformmutualtlsit-operator/hivemq-test-hivemq-platform-operator-6966f96d65" duration="6.684907ms"
2025-01-30 18:14:35,464 INFO c.h.h.t.HelmChartContainer - [K3S] [replica_set.go:679] "Finished syncing" kind="ReplicaSet" key="helmplatformmutualtlsit-operator/hivemq-test-hivemq-platform-operator-6966f96d65" duration="32.19µs"
2025-01-30 18:14:37,032 DEBUG c.h.helmcharts.util.CertificatesUtil - .+++++++++++++++++++++++++++++++++++++++++++++++++++++++++++++++++*...............+....+..+.+............+...+..+.......+........+.+..+.......+.....+...+....+.....+....+.....+.........+++++++++++++++++++++++++++++++++++++++++++++++++++++++++++++++++*..................+.........+......+...................+..+.........+..........+...+.....+...+....+...+......+.....+....+..+.+..+......+.........+......+............+...+......+.+.....+.......+........+....+.....+....+.....+....+............+...+...+..+.+...........+.+..+.+......+.....+.+............+...........+.........+.+..+...............+...+....+...........+.+.....+....+...........+.+.................+...+...+....+...+...+.....+.......+..+...+............+...+....+...+...+...+..+...+....+.....+.............+..............+...+...+....+...+......+..+.........+.+..+.+..+.......+..+....+..............+.+...........+.........+.+..............+.......+..................+..+.......+..+...+.+...............+......+...........+++++++++++++++++++++++++++++++++++++++++++++++++++++++++++++++++
2025-01-30 18:14:37,174 DEBUG c.h.helmcharts.util.CertificatesUtil - ...............+....+++++++++++++++++++++++++++++++++++++++++++++++++++++++++++++++++*..+.........+..+..........+...+..+......+...+....+.....+...+....+....................+......+...+.+.....+.........+.+...+..+++++++++++++++++++++++++++++++++++++++++++++++++++++++++++++++++*..........+.....+........................+....+...+..+......+.........+...+....+.....+.+.....+.......+..+.+...+.........+..+...+.+......+...........+....+......+............+..+...+.......+........+.+......+...........+.......+..+......+...+.......+..+.......+........+...+.............+..+...+.+...+...+........+..........+.........+..+......+....+...........+.........+.+..+...+....+.........+......+........+...+....+.....+.........+.+...........+...+....+..+.+........+..........+............+..+...+............+.+......+...+...+..+......+.+......+...+............+...+...........+...+......+....+++++++++++++++++++++++++++++++++++++++++++++++++++++++++++++++++
2025-01-30 18:14:37,178 DEBUG c.h.helmcharts.util.CertificatesUtil - -----
2025-01-30 18:14:37,203 DEBUG c.h.helmcharts.util.CertificatesUtil - Certificate request self-signature ok
2025-01-30 18:14:37,203 DEBUG c.h.helmcharts.util.CertificatesUtil - subject=C = CA, CN = secure-service-platform.default.svc
2025-01-30 18:14:37,207 DEBUG c.h.helmcharts.util.CertificatesUtil - >> Generating keystore and truststore files
2025-01-30 18:14:37,371 DEBUG c.h.helmcharts.util.CertificatesUtil - Importing keystore key.pkcs12 to keystore.jks...
2025-01-30 18:14:37,493 DEBUG c.h.helmcharts.util.CertificatesUtil - Entry for alias 1 successfully imported.
2025-01-30 18:14:37,501 DEBUG c.h.helmcharts.util.CertificatesUtil - Import command completed:  1 entries successfully imported, 0 entries failed or cancelled
2025-01-30 18:14:37,513 DEBUG c.h.helmcharts.util.CertificatesUtil - 
2025-01-30 18:14:37,513 DEBUG c.h.helmcharts.util.CertificatesUtil - Warning:
2025-01-30 18:14:37,513 DEBUG c.h.helmcharts.util.CertificatesUtil - The JKS keystore uses a proprietary format. It is recommended to migrate to PKCS12 which is an industry standard format using "keytool -importkeystore -srckeystore keystore.jks -destkeystore keystore.jks -deststoretype pkcs12".
2025-01-30 18:14:37,745 DEBUG c.h.helmcharts.util.CertificatesUtil - Certificate stored in file <secure-service-platform.pem>
2025-01-30 18:14:37,917 DEBUG c.h.helmcharts.util.CertificatesUtil - Certificate was added to keystore
2025-01-30 18:14:38,337 DEBUG c.h.helmcharts.util.CertificatesUtil - Certificate was added to keystore
2025-01-30 18:14:40,403 DEBUG c.h.helmcharts.util.CertificatesUtil - >> Create client certificates
2025-01-30 18:14:40,457 DEBUG c.h.helmcharts.util.CertificatesUtil - .+...+++++++++++++++++++++++++++++++++++++++++++++++++++++++++++++++++*.+..+.+......+...+.....+...+.........+....+............+..+.+.....................+........+.+.....+................+........+.+.........+..+......+++++++++++++++++++++++++++++++++++++++++++++++++++++++++++++++++*..+...+...+....+..............+......+.+........+.....................+...+..........+..+....+.................+.........+....+++++++++++++++++++++++++++++++++++++++++++++++++++++++++++++++++
2025-01-30 18:14:40,487 DEBUG c.h.helmcharts.util.CertificatesUtil - ...+.+++++++++++++++++++++++++++++++++++++++++++++++++++++++++++++++++*.+......+.+.....+..................+++++++++++++++++++++++++++++++++++++++++++++++++++++++++++++++++*..+.......+........+.+.........+...+++++++++++++++++++++++++++++++++++++++++++++++++++++++++++++++++
2025-01-30 18:14:40,490 DEBUG c.h.helmcharts.util.CertificatesUtil - -----
2025-01-30 18:14:40,515 DEBUG c.h.helmcharts.util.CertificatesUtil - >> Import the certificates
2025-01-30 18:14:40,809 DEBUG c.h.helmcharts.util.CertificatesUtil - Certificate was added to keystore
2025-01-30 18:14:40,999 DEBUG c.h.h.t.HelmChartContainer - Executing helm command: /bin/helm --kubeconfig /etc/rancher/k3s/k3s.yaml install test-hivemq-platform /charts/hivemq-platform --wait --timeout 5m0s --set image.repository=docker.io/hivemq --set image.tag=4.36.0 --set image.pullPolicy=Never --set nodes.resources.cpu=512m -f /files/mtls-mqtt-values.yaml --namespace helmplatformmutualtlsit
2025-01-30 18:14:41,279 INFO c.h.h.t.HelmChartContainer - [hivemq-test-hivemq-platform] [hivemq-platform-operator] [ca42fe44] 18:14:41.278 [-2082509879-pool-1-thread-2] WARN  i.m.p.PrometheusMeterRegistry - The meter (MeterId{name='operator.sdk.events.received', tags=[tag(action=ADDED),tag(event=ResourceEvent),tag(group=hivemq.com),tag(kind=HiveMQPlatform),tag(name=test-hivemq-platform),tag(namespace=helmplatformmutualtlsit),tag(scope=namespace),tag(version=v1)]}) registration has failed: Prometheus requires that all meters with the same name have the same set of tag keys. There is already an existing meter named 'operator.sdk.events.received' containing tag keys [event, group, kind, name, namespace, scope, version]. The meter you are attempting to register has keys [action, event, group, kind, name, namespace, scope, version]. Note that subsequent logs will be logged at debug level.
2025-01-30 18:14:41,787 INFO c.h.h.t.HelmChartContainer - [hivemq-test-hivemq-platform] [hivemq-platform-operator] [ca42fe44] 18:14:41.785 [pool-6-thread-3] DEBUG c.h.p.o.dependants.PodInfoConfigMap - [helmplat] Desired PodInfo ConfigMap (1 extensions) (1 enabled)
2025-01-30 18:14:41,787 INFO c.h.h.t.HelmChartContainer - [hivemq-test-hivemq-platform] [hivemq-platform-operator] [ca42fe44] 18:14:41.785 [pool-6-thread-3] DEBUG c.h.p.o.dependants.PodInfoConfigMap - [helmplat] Desired PodInfo ConfigMap (metrics port: 9399) (metrics path: /)
2025-01-30 18:14:41,787 INFO c.h.h.t.HelmChartContainer - [hivemq-test-hivemq-platform] [hivemq-platform-operator] [ca42fe44] 18:14:41.785 [pool-6-thread-3] DEBUG c.h.p.o.dependants.PodInfoConfigMap - [helmplat] Desired PodInfo ConfigMap (extension state hash: -1817474005)
2025-01-30 18:14:41,789 INFO c.h.h.t.HelmChartContainer - [hivemq-test-hivemq-platform] [hivemq-platform-operator] [ca42fe44] 18:14:41.787 [pool-6-thread-3] DEBUG c.h.p.o.dependants.PodInfoConfigMap - [helmplat] Create PodInfo ConfigMap
2025-01-30 18:14:41,888 INFO c.h.h.t.HelmChartContainer - [hivemq-test-hivemq-platform] [hivemq-platform-operator] [ca42fe44] 18:14:41.884 [pool-6-thread-5] DEBUG c.h.p.o.dependants.PodRoleResource - [helmplat] Create Role: Role(apiVersion=rbac.authorization.k8s.io/v1, kind=Role, metadata=ObjectMeta(annotations={meta.helm.sh/release-name=test-hivemq-platform, meta.helm.sh/release-namespace=helmplatformmutualtlsit}, creationTimestamp=null, deletionGracePeriodSeconds=null, deletionTimestamp=null, finalizers=[], generateName=null, generation=null, labels={helm.sh/chart=hivemq-platform-0.2.32, app.kubernetes.io/managed-by=Helm, app.kubernetes.io/name=hivemq-platform, hivemq-platform=test-hivemq-platform, app.kubernetes.io/instance=test-hivemq-platform, app.kubernetes.io/version=4.36.0}, managedFields=[], name=hivemq-platform-role-test-hivemq-platform, namespace=helmplatformmutualtlsit, ownerReferences=[OwnerReference(apiVersion=hivemq.com/v1, blockOwnerDeletion=null, controller=null, kind=HiveMQPlatform, name=test-hivemq-platform, uid=c751cb1a-8f0b-4876-a526-93563741bf54, additionalProperties={})], resourceVersion=null, selfLink=null, uid=null, additionalProperties={}), rules=[PolicyRule(apiGroups=[], nonResourceURLs=[], resourceNames=[], resources=[pods], verbs=[get, patch, update], additionalProperties={})], additionalProperties={})
2025-01-30 18:14:41,983 INFO c.h.h.t.HelmChartContainer - [hivemq-test-hivemq-platform] [hivemq-platform-operator] [ca42fe44] 18:14:41.981 [pool-6-thread-7] DEBUG c.h.p.o.d.PodServiceAccountResource - [helmplat] Desired PodServiceAccountResource (serviceAccountName: hivemq-platform-pod-test-hivemq-platform)
2025-01-30 18:14:41,984 INFO c.h.h.t.HelmChartContainer - [hivemq-test-hivemq-platform] [hivemq-platform-operator] [ca42fe44] 18:14:41.982 [pool-6-thread-7] DEBUG c.h.p.o.d.PodServiceAccountResource - [helmplat] Create ServiceAccount 'hivemq-platform-pod-test-hivemq-platform'
2025-01-30 18:14:42,088 INFO c.h.h.t.HelmChartContainer - [hivemq-test-hivemq-platform] [hivemq-platform-operator] [ca42fe44] 18:14:42.086 [pool-6-thread-9] DEBUG c.h.p.o.d.PodRoleBindingResource - [helmplat] Create RoleBinding: RoleBinding(apiVersion=rbac.authorization.k8s.io/v1, kind=RoleBinding, metadata=ObjectMeta(annotations={meta.helm.sh/release-name=test-hivemq-platform, meta.helm.sh/release-namespace=helmplatformmutualtlsit}, creationTimestamp=null, deletionGracePeriodSeconds=null, deletionTimestamp=null, finalizers=[], generateName=null, generation=null, labels={helm.sh/chart=hivemq-platform-0.2.32, app.kubernetes.io/managed-by=Helm, app.kubernetes.io/name=hivemq-platform, hivemq-platform=test-hivemq-platform, app.kubernetes.io/instance=test-hivemq-platform, app.kubernetes.io/version=4.36.0}, managedFields=[], name=hivemq-platform-role-binding-test-hivemq-platform, namespace=helmplatformmutualtlsit, ownerReferences=[OwnerReference(apiVersion=hivemq.com/v1, blockOwnerDeletion=null, controller=null, kind=HiveMQPlatform, name=test-hivemq-platform, uid=c751cb1a-8f0b-4876-a526-93563741bf54, additionalProperties={})], resourceVersion=null, selfLink=null, uid=null, additionalProperties={}), roleRef=RoleRef(apiGroup=rbac.authorization.k8s.io, kind=Role, name=hivemq-platform-role-test-hivemq-platform, additionalProperties={}), subjects=[Subject(apiGroup=null, kind=ServiceAccount, name=hivemq-platform-pod-test-hivemq-platform, namespace=helmplatformmutualtlsit, additionalProperties={})], additionalProperties={})
2025-01-30 18:14:42,182 INFO c.h.h.t.HelmChartContainer - [hivemq-test-hivemq-platform] [hivemq-platform-operator] [ca42fe44] 18:14:42.181 [ReconcilerExecutor-hivemq-controller-54] INFO  c.h.p.o.HiveMQPlatformReconciler - [helmplat] Reconciling HiveMQ Platform 'test-hivemq-platform' in namespace 'helmplatformmutualtlsit'
2025-01-30 18:14:42,182 INFO c.h.h.t.HelmChartContainer - [hivemq-test-hivemq-platform] [hivemq-platform-operator] [ca42fe44] 18:14:42.181 [ReconcilerExecutor-hivemq-controller-54] DEBUG c.h.p.o.HiveMQPlatformReconciler - [helmplat] Custom Resource Status CREATED - HiveMQ Platform was created (READY)
2025-01-30 18:14:42,183 INFO c.h.h.t.HelmChartContainer - [hivemq-test-hivemq-platform] [hivemq-platform-operator] [ca42fe44] 18:14:42.181 [ReconcilerExecutor-hivemq-controller-54] DEBUG c.h.p.o.HiveMQPlatformReconciler - [helmplat] Custom Resource Spec (replicas: 1) (extensions: 1)
2025-01-30 18:14:42,188 INFO c.h.h.t.HelmChartContainer - [hivemq-test-hivemq-platform] [hivemq-platform-operator] [ca42fe44] 18:14:42.187 [ReconcilerExecutor-hivemq-controller-54] INFO  c.h.p.o.h.HiveMQPlatformReconcilerBaseHandler - [helmplat] HiveMQ Platform is starting
2025-01-30 18:14:42,289 INFO c.h.h.t.HelmChartContainer - [hivemq-test-hivemq-platform] [hivemq-platform-operator] [ca42fe44] 18:14:42.288 [ReconcilerExecutor-hivemq-controller-54] DEBUG c.h.p.operator.event.EventSender - [helmplat] Creating K8s event hivemq-platform-starting: [Start] HiveMQ Platform is starting
2025-01-30 18:14:42,298 INFO c.h.h.t.HelmChartContainer - [EVENT] Normal [Start] HiveMQ Platform is starting [helmplatformmutualtlsit:test-hivemq-platform]
2025-01-30 18:14:42,380 INFO c.h.h.t.HelmChartContainer - [hivemq-test-hivemq-platform] [hivemq-platform-operator] [ca42fe44] 18:14:42.378 [ReconcilerExecutor-hivemq-controller-54] INFO  c.h.p.o.h.AbstractHiveMQReconcilerStateHandler - [helmplat] Update HiveMQ Platform Status (CREATED [READY] -> STARTING [READY]): HiveMQ Platform is starting
2025-01-30 18:14:42,394 DEBUG com.hivemq.helmcharts.util.K8sUtil - Comparing actual state 'STARTING' and waiting for 'RUNNING'
2025-01-30 18:14:52,407 INFO c.h.h.t.HelmChartContainer - [hivemq-test-hivemq-platform] [hivemq-platform-operator] [ca42fe44] 18:14:52.403 [pool-6-thread-12] DEBUG c.h.p.o.d.PlatformServiceResource - [helmplat] Desired Platform services (4 services)
2025-01-30 18:14:52,407 INFO c.h.h.t.HelmChartContainer - [hivemq-test-hivemq-platform] [hivemq-platform-operator] [ca42fe44] 18:14:52.405 [pool-6-thread-13] DEBUG c.h.p.o.dependants.PodInfoConfigMap - [helmplat] Desired PodInfo ConfigMap (1 extensions) (1 enabled)
2025-01-30 18:14:52,407 INFO c.h.h.t.HelmChartContainer - [hivemq-test-hivemq-platform] [hivemq-platform-operator] [ca42fe44] 18:14:52.405 [pool-6-thread-13] DEBUG c.h.p.o.dependants.PodInfoConfigMap - [helmplat] Desired PodInfo ConfigMap (metrics port: 9399) (metrics path: /)
2025-01-30 18:14:52,407 INFO c.h.h.t.HelmChartContainer - [hivemq-test-hivemq-platform] [hivemq-platform-operator] [ca42fe44] 18:14:52.405 [pool-6-thread-13] DEBUG c.h.p.o.dependants.PodInfoConfigMap - [helmplat] Desired PodInfo ConfigMap (extension state hash: -1817474005)
2025-01-30 18:14:52,408 INFO c.h.h.t.HelmChartContainer - [hivemq-test-hivemq-platform] [hivemq-platform-operator] [ca42fe44] 18:14:52.408 [pool-6-thread-17] DEBUG c.h.p.o.d.PodServiceAccountResource - [helmplat] Desired PodServiceAccountResource (serviceAccountName: hivemq-platform-pod-test-hivemq-platform)
2025-01-30 18:14:52,416 INFO c.h.h.t.HelmChartContainer - [hivemq-test-hivemq-platform] [hivemq-platform-operator] [ca42fe44] 18:14:52.415 [pool-6-thread-13] DEBUG c.h.p.o.dependants.PodInfoConfigMap - [helmplat] Update PodInfo ConfigMap
2025-01-30 18:14:52,421 INFO c.h.h.t.HelmChartContainer - [K3S] [alloc.go:330] "allocated clusterIPs" service="helmplatformmutualtlsit/hivemq-test-hivemq-platform-metrics-9399" clusterIPs={"IPv4":"10.43.8.40"}
2025-01-30 18:14:52,490 INFO c.h.h.t.HelmChartContainer - [K3S] [alloc.go:330] "allocated clusterIPs" service="helmplatformmutualtlsit/hivemq-test-hivemq-platform-mqtt-1884" clusterIPs={"IPv4":"10.43.202.34"}
2025-01-30 18:14:52,583 INFO c.h.h.t.HelmChartContainer - [K3S] [alloc.go:330] "allocated clusterIPs" service="helmplatformmutualtlsit/hivemq-test-hivemq-platform-mqtt-1883" clusterIPs={"IPv4":"10.43.198.64"}
2025-01-30 18:14:52,597 INFO c.h.h.t.HelmChartContainer - [K3S] [alloc.go:330] "allocated clusterIPs" service="helmplatformmutualtlsit/hivemq-test-hivemq-platform-mqtt-1885" clusterIPs={"IPv4":"10.43.196.227"}
2025-01-30 18:14:52,679 INFO c.h.h.t.HelmChartContainer - [hivemq-test-hivemq-platform] [hivemq-platform-operator] [ca42fe44] 18:14:52.678 [pool-6-thread-20] DEBUG c.h.p.o.d.StatefulSetResource - [helmplat] Desired StatefulSet (1 replicas) for status STARTING (READY)
2025-01-30 18:14:52,691 INFO c.h.h.t.HelmChartContainer - [hivemq-test-hivemq-platform] [hivemq-platform-operator] [ca42fe44] 18:14:52.690 [pool-6-thread-20] DEBUG c.h.p.o.d.StatefulSetResource - [helmplat] Create StatefulSet
2025-01-30 18:14:52,717 INFO c.h.h.t.HelmChartContainer - [EVENT] Normal [SuccessfulCreate] create Pod test-hivemq-platform-0 in StatefulSet test-hivemq-platform successful [helmplatformmutualtlsit:test-hivemq-platform]
2025-01-30 18:14:52,717 INFO c.h.h.t.HelmChartContainer - [POD] test-hivemq-platform-0 [b05c8243-e54c-4499-bd8d-a1eaad5174ca] in helmplatformmutualtlsit was ADDED
2025-01-30 18:14:52,718 INFO c.h.h.t.HelmChartContainer - [POD] test-hivemq-platform-0 [b05c8243-e54c-4499-bd8d-a1eaad5174ca] in helmplatformmutualtlsit was MODIFIED
2025-01-30 18:14:52,727 INFO c.h.h.t.HelmChartContainer - [EVENT] Normal [Scheduled] Successfully assigned helmplatformmutualtlsit/test-hivemq-platform-0 to f3789c3ef0a0 [helmplatformmutualtlsit:test-hivemq-platform-0]
2025-01-30 18:14:52,732 INFO c.h.h.t.HelmChartContainer - [POD] test-hivemq-platform-0 [b05c8243-e54c-4499-bd8d-a1eaad5174ca] in helmplatformmutualtlsit was MODIFIED
2025-01-30 18:14:52,784 INFO c.h.h.t.HelmChartContainer - [K3S] [reconciler_common.go:251] "operationExecutor.VerifyControllerAttachedVolume started for volume \"kube-api-access-stk56\" (UniqueName: \"kubernetes.io/projected/b05c8243-e54c-4499-bd8d-a1eaad5174ca-kube-api-access-stk56\") pod \"test-hivemq-platform-0\" (UID: \"b05c8243-e54c-4499-bd8d-a1eaad5174ca\") " pod="helmplatformmutualtlsit/test-hivemq-platform-0"
2025-01-30 18:14:52,784 INFO c.h.h.t.HelmChartContainer - [K3S] [reconciler_common.go:251] "operationExecutor.VerifyControllerAttachedVolume started for volume \"mqtts-truststore-1885\" (UniqueName: \"kubernetes.io/secret/b05c8243-e54c-4499-bd8d-a1eaad5174ca-mqtts-truststore-1885\") pod \"test-hivemq-platform-0\" (UID: \"b05c8243-e54c-4499-bd8d-a1eaad5174ca\") " pod="helmplatformmutualtlsit/test-hivemq-platform-0"
2025-01-30 18:14:52,785 INFO c.h.h.t.HelmChartContainer - [K3S] [reconciler_common.go:251] "operationExecutor.VerifyControllerAttachedVolume started for volume \"broker-configuration\" (UniqueName: \"kubernetes.io/configmap/b05c8243-e54c-4499-bd8d-a1eaad5174ca-broker-configuration\") pod \"test-hivemq-platform-0\" (UID: \"b05c8243-e54c-4499-bd8d-a1eaad5174ca\") " pod="helmplatformmutualtlsit/test-hivemq-platform-0"
2025-01-30 18:14:52,785 INFO c.h.h.t.HelmChartContainer - [K3S] [reconciler_common.go:251] "operationExecutor.VerifyControllerAttachedVolume started for volume \"mqtts-keystore-1884\" (UniqueName: \"kubernetes.io/secret/b05c8243-e54c-4499-bd8d-a1eaad5174ca-mqtts-keystore-1884\") pod \"test-hivemq-platform-0\" (UID: \"b05c8243-e54c-4499-bd8d-a1eaad5174ca\") " pod="helmplatformmutualtlsit/test-hivemq-platform-0"
2025-01-30 18:14:52,785 INFO c.h.h.t.HelmChartContainer - [K3S] [reconciler_common.go:251] "operationExecutor.VerifyControllerAttachedVolume started for volume \"operator-init\" (UniqueName: \"kubernetes.io/empty-dir/b05c8243-e54c-4499-bd8d-a1eaad5174ca-operator-init\") pod \"test-hivemq-platform-0\" (UID: \"b05c8243-e54c-4499-bd8d-a1eaad5174ca\") " pod="helmplatformmutualtlsit/test-hivemq-platform-0"
2025-01-30 18:14:52,785 INFO c.h.h.t.HelmChartContainer - [K3S] [reconciler_common.go:251] "operationExecutor.VerifyControllerAttachedVolume started for volume \"mqtts-truststore-1884\" (UniqueName: \"kubernetes.io/secret/b05c8243-e54c-4499-bd8d-a1eaad5174ca-mqtts-truststore-1884\") pod \"test-hivemq-platform-0\" (UID: \"b05c8243-e54c-4499-bd8d-a1eaad5174ca\") " pod="helmplatformmutualtlsit/test-hivemq-platform-0"
2025-01-30 18:14:52,786 INFO c.h.h.t.HelmChartContainer - [K3S] [reconciler_common.go:251] "operationExecutor.VerifyControllerAttachedVolume started for volume \"mqtts-keystore-1885\" (UniqueName: \"kubernetes.io/secret/b05c8243-e54c-4499-bd8d-a1eaad5174ca-mqtts-keystore-1885\") pod \"test-hivemq-platform-0\" (UID: \"b05c8243-e54c-4499-bd8d-a1eaad5174ca\") " pod="helmplatformmutualtlsit/test-hivemq-platform-0"
2025-01-30 18:14:52,786 INFO c.h.h.t.HelmChartContainer - [K3S] [reconciler_common.go:251] "operationExecutor.VerifyControllerAttachedVolume started for volume \"pod-info\" (UniqueName: \"kubernetes.io/configmap/b05c8243-e54c-4499-bd8d-a1eaad5174ca-pod-info\") pod \"test-hivemq-platform-0\" (UID: \"b05c8243-e54c-4499-bd8d-a1eaad5174ca\") " pod="helmplatformmutualtlsit/test-hivemq-platform-0"
2025-01-30 18:14:52,881 INFO c.h.h.t.HelmChartContainer - [hivemq-test-hivemq-platform] [hivemq-platform-operator] [ca42fe44] 18:14:52.878 [ReconcilerExecutor-hivemq-controller-65] INFO  c.h.p.o.HiveMQPlatformReconciler - [helmplat] Reconciling HiveMQ Platform 'test-hivemq-platform' in namespace 'helmplatformmutualtlsit'
2025-01-30 18:14:52,881 INFO c.h.h.t.HelmChartContainer - [hivemq-test-hivemq-platform] [hivemq-platform-operator] [ca42fe44] 18:14:52.879 [ReconcilerExecutor-hivemq-controller-65] DEBUG c.h.p.o.HiveMQPlatformReconciler - [helmplat] Custom Resource Status STARTING - HiveMQ Platform is starting (READY)
2025-01-30 18:14:52,881 INFO c.h.h.t.HelmChartContainer - [hivemq-test-hivemq-platform] [hivemq-platform-operator] [ca42fe44] 18:14:52.879 [ReconcilerExecutor-hivemq-controller-65] DEBUG c.h.p.o.HiveMQPlatformReconciler - [helmplat] Custom Resource Spec (replicas: 1) (extensions: 1)
2025-01-30 18:14:52,884 INFO c.h.h.t.HelmChartContainer - [hivemq-test-hivemq-platform] [hivemq-platform-operator] [ca42fe44] 18:14:52.882 [ReconcilerExecutor-hivemq-controller-65] DEBUG c.h.p.o.HiveMQPlatformReconciler - [helmplat] StatefulSet Status (revision: test-hivemq-platform-6c8ff8965b, replicas: 1, available: 0, ready: 0, current: 1, updated: 1)
2025-01-30 18:14:52,884 INFO c.h.h.t.HelmChartContainer - [hivemq-test-hivemq-platform] [hivemq-platform-operator] [ca42fe44] 18:14:52.882 [ReconcilerExecutor-hivemq-controller-65] DEBUG c.h.p.o.HiveMQPlatformReconciler - [helmplat] StatefulSet Spec (replicas: 1, init containers: 1, containers: 1, volumes: 7)
2025-01-30 18:14:52,982 INFO c.h.h.t.HelmChartContainer - [hivemq-test-hivemq-platform] [hivemq-platform-operator] [ca42fe44] 18:14:52.980 [ReconcilerExecutor-hivemq-controller-65] DEBUG c.h.p.o.h.HiveMQPlatformReconcilerErrorHandler - [helmplat] Pod 'test-hivemq-platform-0' phase Pending
2025-01-30 18:14:52,982 INFO c.h.h.t.HelmChartContainer - [hivemq-test-hivemq-platform] [hivemq-platform-operator] [ca42fe44] 18:14:52.980 [ReconcilerExecutor-hivemq-controller-65] DEBUG c.h.p.o.h.HiveMQPlatformReconcilerErrorHandler - [helmplat] Pod 'test-hivemq-platform-0' condition 'PodReadyToStartContainers': False
2025-01-30 18:14:52,982 INFO c.h.h.t.HelmChartContainer - [hivemq-test-hivemq-platform] [hivemq-platform-operator] [ca42fe44] 18:14:52.981 [ReconcilerExecutor-hivemq-controller-65] DEBUG c.h.p.o.h.HiveMQPlatformReconcilerErrorHandler - [helmplat] Pod 'test-hivemq-platform-0' condition 'Initialized': False
2025-01-30 18:14:52,982 INFO c.h.h.t.HelmChartContainer - [hivemq-test-hivemq-platform] [hivemq-platform-operator] [ca42fe44] 18:14:52.981 [ReconcilerExecutor-hivemq-controller-65] DEBUG c.h.p.o.h.HiveMQPlatformReconcilerErrorHandler - [helmplat] Pod 'test-hivemq-platform-0' condition 'Ready': False
2025-01-30 18:14:52,982 INFO c.h.h.t.HelmChartContainer - [hivemq-test-hivemq-platform] [hivemq-platform-operator] [ca42fe44] 18:14:52.981 [ReconcilerExecutor-hivemq-controller-65] DEBUG c.h.p.o.h.HiveMQPlatformReconcilerErrorHandler - [helmplat] Pod 'test-hivemq-platform-0' condition 'ContainersReady': False
2025-01-30 18:14:52,982 INFO c.h.h.t.HelmChartContainer - [hivemq-test-hivemq-platform] [hivemq-platform-operator] [ca42fe44] 18:14:52.981 [ReconcilerExecutor-hivemq-controller-65] DEBUG c.h.p.o.h.HiveMQPlatformReconcilerErrorHandler - [helmplat] Pod 'test-hivemq-platform-0' condition 'PodScheduled': True
2025-01-30 18:14:52,983 INFO c.h.h.t.HelmChartContainer - [hivemq-test-hivemq-platform] [hivemq-platform-operator] [ca42fe44] 18:14:52.982 [ReconcilerExecutor-hivemq-controller-65] DEBUG c.h.p.o.h.HiveMQPlatformReconcilerErrorHandler - [helmplat] Pod 'test-hivemq-platform-0' containerStatus 'hivemq' (started: false) (ready: false) (waiting: [PodInitializing] null)
2025-01-30 18:14:52,985 INFO c.h.h.t.HelmChartContainer - [hivemq-test-hivemq-platform] [hivemq-platform-operator] [ca42fe44] 18:14:52.984 [ReconcilerExecutor-hivemq-controller-65] INFO  c.h.p.o.h.HiveMQPlatformReconcilerBaseHandler - [helmplat] HiveMQ Platform is starting, 0 of 1 replicas are ready
2025-01-30 18:14:52,997 INFO c.h.h.t.HelmChartContainer - [hivemq-test-hivemq-platform] [hivemq-platform-operator] [ca42fe44] 18:14:52.995 [pool-6-thread-22] DEBUG c.h.p.o.d.PlatformServiceResource - [helmplat] Desired Platform services (4 services)
2025-01-30 18:14:53,081 INFO c.h.h.t.HelmChartContainer - [hivemq-test-hivemq-platform] [hivemq-platform-operator] [ca42fe44] 18:14:52.997 [pool-6-thread-23] DEBUG c.h.p.o.dependants.PodInfoConfigMap - [helmplat] Desired PodInfo ConfigMap (1 extensions) (1 enabled)
2025-01-30 18:14:53,081 INFO c.h.h.t.HelmChartContainer - [hivemq-test-hivemq-platform] [hivemq-platform-operator] [ca42fe44] 18:14:53.077 [pool-6-thread-23] DEBUG c.h.p.o.dependants.PodInfoConfigMap - [helmplat] Desired PodInfo ConfigMap (metrics port: 9399) (metrics path: /)
2025-01-30 18:14:53,081 INFO c.h.h.t.HelmChartContainer - [hivemq-test-hivemq-platform] [hivemq-platform-operator] [ca42fe44] 18:14:53.078 [pool-6-thread-23] DEBUG c.h.p.o.dependants.PodInfoConfigMap - [helmplat] Desired PodInfo ConfigMap (extension state hash: -1817474005)
2025-01-30 18:14:53,084 INFO c.h.h.t.HelmChartContainer - [hivemq-test-hivemq-platform] [hivemq-platform-operator] [ca42fe44] 18:14:53.083 [pool-6-thread-27] DEBUG c.h.p.o.d.PodServiceAccountResource - [helmplat] Desired PodServiceAccountResource (serviceAccountName: hivemq-platform-pod-test-hivemq-platform)
2025-01-30 18:14:53,095 INFO c.h.h.t.HelmChartContainer - [hivemq-test-hivemq-platform] [hivemq-platform-operator] [ca42fe44] 18:14:53.093 [pool-6-thread-30] DEBUG c.h.p.o.d.StatefulSetResource - [helmplat] Desired StatefulSet (1 replicas) for status STARTING (READY)
2025-01-30 18:14:53,121 INFO c.h.h.t.HelmChartContainer - [EVENT] Normal [Pulled] Container image "docker.io/hivemq/hivemq-platform-operator-init-test:snapshot" already present on machine [helmplatformmutualtlsit:test-hivemq-platform-0]
2025-01-30 18:14:53,185 INFO c.h.h.t.HelmChartContainer - [hivemq-test-hivemq-platform] [hivemq-platform-operator] [ca42fe44] 18:14:53.183 [ReconcilerExecutor-hivemq-controller-76] INFO  c.h.p.o.HiveMQPlatformReconciler - [helmplat] Reconciling HiveMQ Platform 'test-hivemq-platform' in namespace 'helmplatformmutualtlsit'
2025-01-30 18:14:53,186 INFO c.h.h.t.HelmChartContainer - [hivemq-test-hivemq-platform] [hivemq-platform-operator] [ca42fe44] 18:14:53.183 [ReconcilerExecutor-hivemq-controller-76] DEBUG c.h.p.o.HiveMQPlatformReconciler - [helmplat] Custom Resource Status STARTING - HiveMQ Platform is starting (READY)
2025-01-30 18:14:53,186 INFO c.h.h.t.HelmChartContainer - [hivemq-test-hivemq-platform] [hivemq-platform-operator] [ca42fe44] 18:14:53.183 [ReconcilerExecutor-hivemq-controller-76] DEBUG c.h.p.o.HiveMQPlatformReconciler - [helmplat] Custom Resource Spec (replicas: 1) (extensions: 1)
2025-01-30 18:14:53,188 INFO c.h.h.t.HelmChartContainer - [hivemq-test-hivemq-platform] [hivemq-platform-operator] [ca42fe44] 18:14:53.187 [ReconcilerExecutor-hivemq-controller-76] DEBUG c.h.p.o.HiveMQPlatformReconciler - [helmplat] StatefulSet Status (revision: test-hivemq-platform-6c8ff8965b, replicas: 1, available: 0, ready: 0, current: 1, updated: 1)
2025-01-30 18:14:53,188 INFO c.h.h.t.HelmChartContainer - [hivemq-test-hivemq-platform] [hivemq-platform-operator] [ca42fe44] 18:14:53.187 [ReconcilerExecutor-hivemq-controller-76] DEBUG c.h.p.o.HiveMQPlatformReconciler - [helmplat] StatefulSet Spec (replicas: 1, init containers: 1, containers: 1, volumes: 7)
2025-01-30 18:14:53,190 INFO c.h.h.t.HelmChartContainer - [hivemq-test-hivemq-platform] [hivemq-platform-operator] [ca42fe44] 18:14:53.189 [ReconcilerExecutor-hivemq-controller-76] DEBUG c.h.p.o.h.HiveMQPlatformReconcilerErrorHandler - [helmplat] Pod 'test-hivemq-platform-0' phase Pending
2025-01-30 18:14:53,190 INFO c.h.h.t.HelmChartContainer - [hivemq-test-hivemq-platform] [hivemq-platform-operator] [ca42fe44] 18:14:53.189 [ReconcilerExecutor-hivemq-controller-76] DEBUG c.h.p.o.h.HiveMQPlatformReconcilerErrorHandler - [helmplat] Pod 'test-hivemq-platform-0' condition 'PodReadyToStartContainers': False
2025-01-30 18:14:53,191 INFO c.h.h.t.HelmChartContainer - [hivemq-test-hivemq-platform] [hivemq-platform-operator] [ca42fe44] 18:14:53.190 [ReconcilerExecutor-hivemq-controller-76] DEBUG c.h.p.o.h.HiveMQPlatformReconcilerErrorHandler - [helmplat] Pod 'test-hivemq-platform-0' condition 'Initialized': False
2025-01-30 18:14:53,192 INFO c.h.h.t.HelmChartContainer - [hivemq-test-hivemq-platform] [hivemq-platform-operator] [ca42fe44] 18:14:53.190 [ReconcilerExecutor-hivemq-controller-76] DEBUG c.h.p.o.h.HiveMQPlatformReconcilerErrorHandler - [helmplat] Pod 'test-hivemq-platform-0' condition 'Ready': False
2025-01-30 18:14:53,192 INFO c.h.h.t.HelmChartContainer - [hivemq-test-hivemq-platform] [hivemq-platform-operator] [ca42fe44] 18:14:53.190 [ReconcilerExecutor-hivemq-controller-76] DEBUG c.h.p.o.h.HiveMQPlatformReconcilerErrorHandler - [helmplat] Pod 'test-hivemq-platform-0' condition 'ContainersReady': False
2025-01-30 18:14:53,192 INFO c.h.h.t.HelmChartContainer - [hivemq-test-hivemq-platform] [hivemq-platform-operator] [ca42fe44] 18:14:53.190 [ReconcilerExecutor-hivemq-controller-76] DEBUG c.h.p.o.h.HiveMQPlatformReconcilerErrorHandler - [helmplat] Pod 'test-hivemq-platform-0' condition 'PodScheduled': True
2025-01-30 18:14:53,192 INFO c.h.h.t.HelmChartContainer - [hivemq-test-hivemq-platform] [hivemq-platform-operator] [ca42fe44] 18:14:53.190 [ReconcilerExecutor-hivemq-controller-76] DEBUG c.h.p.o.h.HiveMQPlatformReconcilerErrorHandler - [helmplat] Pod 'test-hivemq-platform-0' containerStatus 'hivemq' (started: false) (ready: false) (waiting: [PodInitializing] null)
2025-01-30 18:14:53,193 INFO c.h.h.t.HelmChartContainer - [hivemq-test-hivemq-platform] [hivemq-platform-operator] [ca42fe44] 18:14:53.191 [ReconcilerExecutor-hivemq-controller-76] INFO  c.h.p.o.h.HiveMQPlatformReconcilerBaseHandler - [helmplat] HiveMQ Platform is starting, 0 of 1 replicas are ready
2025-01-30 18:14:53,290 INFO c.h.h.t.HelmChartContainer - [EVENT] Normal [Created] Created container: hivemq-platform-operator-init [helmplatformmutualtlsit:test-hivemq-platform-0]
2025-01-30 18:14:53,328 INFO c.h.h.t.HelmChartContainer - [EVENT] Normal [Started] Started container hivemq-platform-operator-init [helmplatformmutualtlsit:test-hivemq-platform-0]
2025-01-30 18:14:53,487 INFO c.h.h.t.HelmChartContainer - [EVENT] Normal [Pulled] Container image "docker.io/hivemq/hivemq4:4.36.0" already present on machine [helmplatformmutualtlsit:test-hivemq-platform-0]
2025-01-30 18:14:53,487 INFO c.h.h.t.HelmChartContainer - Received Pulled event for container hivemq in pod test-hivemq-platform-0 [b05c8243-e54c-4499-bd8d-a1eaad5174ca]
2025-01-30 18:14:53,506 INFO c.h.h.t.HelmChartContainer - [POD] test-hivemq-platform-0 [b05c8243-e54c-4499-bd8d-a1eaad5174ca] in helmplatformmutualtlsit was MODIFIED
2025-01-30 18:14:53,524 INFO c.h.h.t.HelmChartContainer - [hivemq-test-hivemq-platform] [hivemq-platform-operator] [ca42fe44] 18:14:53.518 [pool-6-thread-32] DEBUG c.h.p.o.d.PlatformServiceResource - [helmplat] Desired Platform services (4 services)
2025-01-30 18:14:53,525 INFO c.h.h.t.HelmChartContainer - [hivemq-test-hivemq-platform] [hivemq-platform-operator] [ca42fe44] 18:14:53.520 [pool-6-thread-33] DEBUG c.h.p.o.dependants.PodInfoConfigMap - [helmplat] Desired PodInfo ConfigMap (1 extensions) (1 enabled)
2025-01-30 18:14:53,525 INFO c.h.h.t.HelmChartContainer - [hivemq-test-hivemq-platform] [hivemq-platform-operator] [ca42fe44] 18:14:53.520 [pool-6-thread-33] DEBUG c.h.p.o.dependants.PodInfoConfigMap - [helmplat] Desired PodInfo ConfigMap (metrics port: 9399) (metrics path: /)
2025-01-30 18:14:53,525 INFO c.h.h.t.HelmChartContainer - [hivemq-test-hivemq-platform] [hivemq-platform-operator] [ca42fe44] 18:14:53.520 [pool-6-thread-33] DEBUG c.h.p.o.dependants.PodInfoConfigMap - [helmplat] Desired PodInfo ConfigMap (extension state hash: -1817474005)
2025-01-30 18:14:53,531 INFO c.h.h.t.HelmChartContainer - [hivemq-test-hivemq-platform] [hivemq-platform-operator] [ca42fe44] 18:14:53.530 [pool-6-thread-37] DEBUG c.h.p.o.d.PodServiceAccountResource - [helmplat] Desired PodServiceAccountResource (serviceAccountName: hivemq-platform-pod-test-hivemq-platform)
2025-01-30 18:14:53,581 INFO c.h.h.t.HelmChartContainer - [hivemq-test-hivemq-platform] [hivemq-platform-operator] [ca42fe44] 18:14:53.580 [pool-6-thread-40] DEBUG c.h.p.o.d.StatefulSetResource - [helmplat] Desired StatefulSet (1 replicas) for status STARTING (READY)
2025-01-30 18:14:53,589 INFO c.h.h.t.HelmChartContainer - [hivemq-test-hivemq-platform] [hivemq-platform-operator] [ca42fe44] 18:14:53.588 [ReconcilerExecutor-hivemq-controller-87] INFO  c.h.p.o.HiveMQPlatformReconciler - [helmplat] Reconciling HiveMQ Platform 'test-hivemq-platform' in namespace 'helmplatformmutualtlsit'
2025-01-30 18:14:53,590 INFO c.h.h.t.HelmChartContainer - [hivemq-test-hivemq-platform] [hivemq-platform-operator] [ca42fe44] 18:14:53.588 [ReconcilerExecutor-hivemq-controller-87] DEBUG c.h.p.o.HiveMQPlatformReconciler - [helmplat] Custom Resource Status STARTING - HiveMQ Platform is starting (READY)
2025-01-30 18:14:53,590 INFO c.h.h.t.HelmChartContainer - [hivemq-test-hivemq-platform] [hivemq-platform-operator] [ca42fe44] 18:14:53.589 [ReconcilerExecutor-hivemq-controller-87] DEBUG c.h.p.o.HiveMQPlatformReconciler - [helmplat] Custom Resource Spec (replicas: 1) (extensions: 1)
2025-01-30 18:14:53,594 INFO c.h.h.t.HelmChartContainer - [hivemq-test-hivemq-platform] [hivemq-platform-operator] [ca42fe44] 18:14:53.591 [ReconcilerExecutor-hivemq-controller-87] DEBUG c.h.p.o.HiveMQPlatformReconciler - [helmplat] StatefulSet Status (revision: test-hivemq-platform-6c8ff8965b, replicas: 1, available: 0, ready: 0, current: 1, updated: 1)
2025-01-30 18:14:53,595 INFO c.h.h.t.HelmChartContainer - [hivemq-test-hivemq-platform] [hivemq-platform-operator] [ca42fe44] 18:14:53.591 [ReconcilerExecutor-hivemq-controller-87] DEBUG c.h.p.o.HiveMQPlatformReconciler - [helmplat] StatefulSet Spec (replicas: 1, init containers: 1, containers: 1, volumes: 7)
2025-01-30 18:14:53,597 INFO c.h.h.t.HelmChartContainer - [hivemq-test-hivemq-platform] [hivemq-platform-operator] [ca42fe44] 18:14:53.595 [ReconcilerExecutor-hivemq-controller-87] DEBUG c.h.p.o.h.HiveMQPlatformReconcilerErrorHandler - [helmplat] Pod 'test-hivemq-platform-0' phase Pending
2025-01-30 18:14:53,597 INFO c.h.h.t.HelmChartContainer - [hivemq-test-hivemq-platform] [hivemq-platform-operator] [ca42fe44] 18:14:53.595 [ReconcilerExecutor-hivemq-controller-87] DEBUG c.h.p.o.h.HiveMQPlatformReconcilerErrorHandler - [helmplat] Pod 'test-hivemq-platform-0' condition 'PodReadyToStartContainers': True
2025-01-30 18:14:53,598 INFO c.h.h.t.HelmChartContainer - [hivemq-test-hivemq-platform] [hivemq-platform-operator] [ca42fe44] 18:14:53.595 [ReconcilerExecutor-hivemq-controller-87] DEBUG c.h.p.o.h.HiveMQPlatformReconcilerErrorHandler - [helmplat] Pod 'test-hivemq-platform-0' condition 'Initialized': True
2025-01-30 18:14:53,598 INFO c.h.h.t.HelmChartContainer - [hivemq-test-hivemq-platform] [hivemq-platform-operator] [ca42fe44] 18:14:53.595 [ReconcilerExecutor-hivemq-controller-87] DEBUG c.h.p.o.h.HiveMQPlatformReconcilerErrorHandler - [helmplat] Pod 'test-hivemq-platform-0' condition 'Ready': False
2025-01-30 18:14:53,598 INFO c.h.h.t.HelmChartContainer - [hivemq-test-hivemq-platform] [hivemq-platform-operator] [ca42fe44] 18:14:53.595 [ReconcilerExecutor-hivemq-controller-87] DEBUG c.h.p.o.h.HiveMQPlatformReconcilerErrorHandler - [helmplat] Pod 'test-hivemq-platform-0' condition 'ContainersReady': False
2025-01-30 18:14:53,598 INFO c.h.h.t.HelmChartContainer - [hivemq-test-hivemq-platform] [hivemq-platform-operator] [ca42fe44] 18:14:53.595 [ReconcilerExecutor-hivemq-controller-87] DEBUG c.h.p.o.h.HiveMQPlatformReconcilerErrorHandler - [helmplat] Pod 'test-hivemq-platform-0' condition 'PodScheduled': True
2025-01-30 18:14:53,598 INFO c.h.h.t.HelmChartContainer - [hivemq-test-hivemq-platform] [hivemq-platform-operator] [ca42fe44] 18:14:53.595 [ReconcilerExecutor-hivemq-controller-87] DEBUG c.h.p.o.h.HiveMQPlatformReconcilerErrorHandler - [helmplat] Pod 'test-hivemq-platform-0' containerStatus 'hivemq' (started: false) (ready: false) (waiting: [PodInitializing] null)
2025-01-30 18:14:53,599 INFO c.h.h.t.HelmChartContainer - [hivemq-test-hivemq-platform] [hivemq-platform-operator] [ca42fe44] 18:14:53.597 [ReconcilerExecutor-hivemq-controller-87] INFO  c.h.p.o.h.HiveMQPlatformReconcilerBaseHandler - [helmplat] HiveMQ Platform is starting, 0 of 1 replicas are ready
2025-01-30 18:14:54,943 INFO c.h.h.t.HelmChartContainer - [EVENT] Normal [Created] Created container: hivemq [helmplatformmutualtlsit:test-hivemq-platform-0]
2025-01-30 18:14:54,943 INFO c.h.h.t.HelmChartContainer - Received Created event for container hivemq in pod test-hivemq-platform-0 [b05c8243-e54c-4499-bd8d-a1eaad5174ca]
2025-01-30 18:14:55,508 INFO c.h.h.t.HelmChartContainer - [POD] test-hivemq-platform-0 [b05c8243-e54c-4499-bd8d-a1eaad5174ca] in helmplatformmutualtlsit was MODIFIED
2025-01-30 18:14:55,512 INFO c.h.h.t.HelmChartContainer - Started log watcher for hivemq in pod test-hivemq-platform-0 [b05c8243-e54c-4499-bd8d-a1eaad5174ca]
2025-01-30 18:14:55,512 INFO c.h.h.t.HelmChartContainer - [EVENT] Normal [Started] Started container hivemq [helmplatformmutualtlsit:test-hivemq-platform-0]
2025-01-30 18:14:55,512 INFO c.h.h.t.HelmChartContainer - [test-hivemq-platform] [hivemq] [b05c8243] Adding pre-installed HiveMQ Platform Operator extensions
2025-01-30 18:14:55,513 INFO c.h.h.t.HelmChartContainer - Received Started event for container hivemq in pod test-hivemq-platform-0 [b05c8243-e54c-4499-bd8d-a1eaad5174ca]
2025-01-30 18:14:55,513 INFO c.h.h.t.HelmChartContainer - [test-hivemq-platform] [hivemq] [b05c8243] Running as user 10000
2025-01-30 18:14:55,514 INFO c.h.h.t.HelmChartContainer - [test-hivemq-platform] [hivemq] [b05c8243] Starting HiveMQ Platform Operator Init
2025-01-30 18:14:55,517 INFO c.h.h.t.HelmChartContainer - [hivemq-test-hivemq-platform] [hivemq-platform-operator] [ca42fe44] 18:14:55.514 [pool-6-thread-42] DEBUG c.h.p.o.d.PlatformServiceResource - [helmplat] Desired Platform services (4 services)
2025-01-30 18:14:55,517 INFO c.h.h.t.HelmChartContainer - [hivemq-test-hivemq-platform] [hivemq-platform-operator] [ca42fe44] 18:14:55.515 [pool-6-thread-43] DEBUG c.h.p.o.dependants.PodInfoConfigMap - [helmplat] Desired PodInfo ConfigMap (1 extensions) (1 enabled)
2025-01-30 18:14:55,517 INFO c.h.h.t.HelmChartContainer - [hivemq-test-hivemq-platform] [hivemq-platform-operator] [ca42fe44] 18:14:55.515 [pool-6-thread-43] DEBUG c.h.p.o.dependants.PodInfoConfigMap - [helmplat] Desired PodInfo ConfigMap (metrics port: 9399) (metrics path: /)
2025-01-30 18:14:55,517 INFO c.h.h.t.HelmChartContainer - [hivemq-test-hivemq-platform] [hivemq-platform-operator] [ca42fe44] 18:14:55.515 [pool-6-thread-43] DEBUG c.h.p.o.dependants.PodInfoConfigMap - [helmplat] Desired PodInfo ConfigMap (extension state hash: -1817474005)
2025-01-30 18:14:55,520 INFO c.h.h.t.HelmChartContainer - [hivemq-test-hivemq-platform] [hivemq-platform-operator] [ca42fe44] 18:14:55.519 [pool-6-thread-47] DEBUG c.h.p.o.d.PodServiceAccountResource - [helmplat] Desired PodServiceAccountResource (serviceAccountName: hivemq-platform-pod-test-hivemq-platform)
2025-01-30 18:14:55,580 INFO c.h.h.t.HelmChartContainer - [hivemq-test-hivemq-platform] [hivemq-platform-operator] [ca42fe44] 18:14:55.579 [pool-6-thread-50] DEBUG c.h.p.o.d.StatefulSetResource - [helmplat] Desired StatefulSet (1 replicas) for status STARTING (READY)
2025-01-30 18:14:55,586 INFO c.h.h.t.HelmChartContainer - [hivemq-test-hivemq-platform] [hivemq-platform-operator] [ca42fe44] 18:14:55.586 [ReconcilerExecutor-hivemq-controller-98] INFO  c.h.p.o.HiveMQPlatformReconciler - [helmplat] Reconciling HiveMQ Platform 'test-hivemq-platform' in namespace 'helmplatformmutualtlsit'
2025-01-30 18:14:55,587 INFO c.h.h.t.HelmChartContainer - [hivemq-test-hivemq-platform] [hivemq-platform-operator] [ca42fe44] 18:14:55.586 [ReconcilerExecutor-hivemq-controller-98] DEBUG c.h.p.o.HiveMQPlatformReconciler - [helmplat] Custom Resource Status STARTING - HiveMQ Platform is starting (READY)
2025-01-30 18:14:55,587 INFO c.h.h.t.HelmChartContainer - [hivemq-test-hivemq-platform] [hivemq-platform-operator] [ca42fe44] 18:14:55.586 [ReconcilerExecutor-hivemq-controller-98] DEBUG c.h.p.o.HiveMQPlatformReconciler - [helmplat] Custom Resource Spec (replicas: 1) (extensions: 1)
2025-01-30 18:14:55,589 INFO c.h.h.t.HelmChartContainer - [hivemq-test-hivemq-platform] [hivemq-platform-operator] [ca42fe44] 18:14:55.589 [ReconcilerExecutor-hivemq-controller-98] DEBUG c.h.p.o.HiveMQPlatformReconciler - [helmplat] StatefulSet Status (revision: test-hivemq-platform-6c8ff8965b, replicas: 1, available: 0, ready: 0, current: 1, updated: 1)
2025-01-30 18:14:55,590 INFO c.h.h.t.HelmChartContainer - [hivemq-test-hivemq-platform] [hivemq-platform-operator] [ca42fe44] 18:14:55.589 [ReconcilerExecutor-hivemq-controller-98] DEBUG c.h.p.o.HiveMQPlatformReconciler - [helmplat] StatefulSet Spec (replicas: 1, init containers: 1, containers: 1, volumes: 7)
2025-01-30 18:14:55,594 INFO c.h.h.t.HelmChartContainer - [hivemq-test-hivemq-platform] [hivemq-platform-operator] [ca42fe44] 18:14:55.593 [ReconcilerExecutor-hivemq-controller-98] DEBUG c.h.p.o.h.HiveMQPlatformReconcilerErrorHandler - [helmplat] Pod 'test-hivemq-platform-0' phase Running
2025-01-30 18:14:55,596 INFO c.h.h.t.HelmChartContainer - [hivemq-test-hivemq-platform] [hivemq-platform-operator] [ca42fe44] 18:14:55.595 [ReconcilerExecutor-hivemq-controller-98] INFO  c.h.p.o.h.HiveMQPlatformReconcilerBaseHandler - [helmplat] HiveMQ Platform is starting, 0 of 1 replicas are ready
2025-01-30 18:14:56,231 INFO c.h.h.t.HelmChartContainer - [test-hivemq-platform] [hivemq] [b05c8243] INFO  - [HiveMQ Platform Operator Init 1.7.0-SNAPSHOT] HiveMQ Platform Operator Init 1.7.0-SNAPSHOT (commit: 47e3375 on branch: HEAD) built on Thu Jan 30 03:55:50 UTC 2025
2025-01-30 18:14:57,332 INFO c.h.h.t.HelmChartContainer - [test-hivemq-platform] [hivemq] [b05c8243] INFO  - [HiveMQ Platform Operator Init App 1.7.0-SNAPSHOT] Using bind address 10.42.0.8 from environment variable
2025-01-30 18:14:58,105 INFO c.h.h.t.HelmChartContainer - [test-hivemq-platform] [hivemq] [b05c8243] INFO  - [HiveMQ Platform Operator Init App 1.7.0-SNAPSHOT] HiveMQ Platform Operator Init App 1.7.0-SNAPSHOT (commit: 47e3375 on branch: HEAD) built on Thu Jan 30 03:55:50 UTC 2025
2025-01-30 18:14:58,105 INFO c.h.h.t.HelmChartContainer - [test-hivemq-platform] [hivemq] [b05c8243] INFO  - [HiveMQ Platform Operator Init App 1.7.0-SNAPSHOT] PodInfo ConfigMap directory: /etc/podinfo
2025-01-30 18:14:58,105 INFO c.h.h.t.HelmChartContainer - [test-hivemq-platform] [hivemq] [b05c8243] INFO  - [HiveMQ Platform Operator Init App 1.7.0-SNAPSHOT] HiveMQ home directory: /opt/hivemq
2025-01-30 18:14:58,105 INFO c.h.h.t.HelmChartContainer - [test-hivemq-platform] [hivemq] [b05c8243] INFO  - [HiveMQ Platform Operator Init App 1.7.0-SNAPSHOT] HiveMQ Logback folder: /opt/hivemq/conf
2025-01-30 18:14:58,105 INFO c.h.h.t.HelmChartContainer - [test-hivemq-platform] [hivemq] [b05c8243] INFO  - [HiveMQ Platform Operator Init App 1.7.0-SNAPSHOT] HiveMQ Config folder: /opt/hivemq/conf-k8s
2025-01-30 18:14:58,106 INFO c.h.h.t.HelmChartContainer - [test-hivemq-platform] [hivemq] [b05c8243] INFO  - [HiveMQ Platform Operator Init App 1.7.0-SNAPSHOT] Starting HiveMQ Platform Operator Init App
2025-01-30 18:14:58,106 INFO c.h.h.t.HelmChartContainer - [test-hivemq-platform] [hivemq] [b05c8243] INFO  - [HiveMQ Platform Operator Init App 1.7.0-SNAPSHOT] Starting Pod reconciler
2025-01-30 18:14:59,325 INFO c.h.h.t.HelmChartContainer - [test-hivemq-platform] [hivemq] [b05c8243] INFO  - [HiveMQ Platform Operator Init App 1.7.0-SNAPSHOT] Pod reconciler is scheduled (interval: 5000 ms)
2025-01-30 18:14:59,326 INFO c.h.h.t.HelmChartContainer - [test-hivemq-platform] [hivemq] [b05c8243] INFO  - [HiveMQ Platform Operator Init App 1.7.0-SNAPSHOT] Starting the REST API on 10.42.0.8:7979
2025-01-30 18:14:59,328 INFO c.h.h.t.HelmChartContainer - [test-hivemq-platform] [hivemq] [b05c8243] INFO  - [HiveMQ Platform Operator Init App 1.7.0-SNAPSHOT] Waiting up to 600s for at most 1 HiveMQ nodes in cluster service hivemq-test-hivemq-platform-cluster.helmplatformmutualtlsit.svc
2025-01-30 18:14:59,636 INFO c.h.h.t.HelmChartContainer - [test-hivemq-platform] [hivemq] [b05c8243] INFO  - [HiveMQ Platform Operator Init App 1.7.0-SNAPSHOT] Resolved 1 IP addresses: [10.42.0.8]
2025-01-30 18:14:59,636 INFO c.h.h.t.HelmChartContainer - [test-hivemq-platform] [hivemq] [b05c8243] INFO  - [HiveMQ Platform Operator Init App 1.7.0-SNAPSHOT] HiveMQ node count of 1 is within threshold of 1
2025-01-30 18:14:59,636 INFO c.h.h.t.HelmChartContainer - [test-hivemq-platform] [hivemq] [b05c8243] INFO  - [HiveMQ Platform Operator Init App 1.7.0-SNAPSHOT] Proceeding with container start
2025-01-30 18:14:59,731 INFO c.h.h.t.HelmChartContainer - [test-hivemq-platform] [hivemq] [b05c8243] INFO  - [HiveMQ Platform Operator Init App 1.7.0-SNAPSHOT] Initializing HiveMQ Platform extensions with initial configuration: {hivemq-allow-all-extension={start-priority=-1, skip-https-hostname-verification=false, restart=true, config-version=0, header-version=0, c-uri=, priority=-1, uri=preinstalled, skip-https-certificate-validation=false, enabled=true}, hivemq-prometheus-extension={skip-https-certificate-validation=false, uri=preinstalled, request-header-path=no-request-headers, enabled=true, restart=true, priority=-1, start-priority=-1, c-uri=, skip-https-hostname-verification=false}}
2025-01-30 18:15:00,140 INFO c.h.h.t.HelmChartContainer - [test-hivemq-platform] [hivemq] [b05c8243] INFO  - [HiveMQ Platform Operator Init App 1.7.0-SNAPSHOT] Extension hivemq-allow-all-extension was already enabled
2025-01-30 18:15:00,229 INFO c.h.h.t.HelmChartContainer - [test-hivemq-platform] [hivemq] [b05c8243] INFO  - [HiveMQ Platform Operator Init App 1.7.0-SNAPSHOT] Successfully enabled extension hivemq-prometheus-extension
2025-01-30 18:15:00,230 INFO c.h.h.t.HelmChartContainer - [test-hivemq-platform] [hivemq] [b05c8243] INFO  - [HiveMQ Platform Operator Init App 1.7.0-SNAPSHOT] Starting HiveMQ Platform version 4.36.0 (4.36.0)
2025-01-30 18:15:00,231 INFO c.h.h.t.HelmChartContainer - [test-hivemq-platform] [hivemq] [b05c8243] INFO  - [HiveMQ Platform Operator Init App 1.7.0-SNAPSHOT] Configuring the HiveMQ Platform
2025-01-30 18:15:00,299 INFO c.h.h.t.HelmChartContainer - [test-hivemq-platform] [hivemq] [b05c8243] INFO  - [HiveMQ Platform Operator Init App 1.7.0-SNAPSHOT] Changed logback.xml file scan period to 20 seconds
2025-01-30 18:15:00,333 INFO c.h.h.t.HelmChartContainer - [test-hivemq-platform] [hivemq] [b05c8243] INFO  - [HiveMQ Platform Operator Init App 1.7.0-SNAPSHOT] Starting the HiveMQ Platform
2025-01-30 18:15:00,337 INFO c.h.h.t.HelmChartContainer - [test-hivemq-platform] [hivemq] [b05c8243] -------------------------------------------------------------------------
2025-01-30 18:15:00,337 INFO c.h.h.t.HelmChartContainer - [test-hivemq-platform] [hivemq] [b05c8243] 
2025-01-30 18:15:00,337 INFO c.h.h.t.HelmChartContainer - [test-hivemq-platform] [hivemq] [b05c8243]                   _    _  _              __  __   ____
2025-01-30 18:15:00,337 INFO c.h.h.t.HelmChartContainer - [test-hivemq-platform] [hivemq] [b05c8243]                  | |  | |(_)            |  \/  | / __ \
2025-01-30 18:15:00,337 INFO c.h.h.t.HelmChartContainer - [test-hivemq-platform] [hivemq] [b05c8243]                  | |__| | _ __   __ ___ | \  / || |  | |
2025-01-30 18:15:00,337 INFO c.h.h.t.HelmChartContainer - [test-hivemq-platform] [hivemq] [b05c8243]                  |  __  || |\ \ / // _ \| |\/| || |  | |
2025-01-30 18:15:00,337 INFO c.h.h.t.HelmChartContainer - [test-hivemq-platform] [hivemq] [b05c8243]                  | |  | || | \ V /|  __/| |  | || |__| |
2025-01-30 18:15:00,337 INFO c.h.h.t.HelmChartContainer - [test-hivemq-platform] [hivemq] [b05c8243]                  |_|  |_||_|  \_/  \___||_|  |_| \___\_\
2025-01-30 18:15:00,337 INFO c.h.h.t.HelmChartContainer - [test-hivemq-platform] [hivemq] [b05c8243] 
2025-01-30 18:15:00,337 INFO c.h.h.t.HelmChartContainer - [test-hivemq-platform] [hivemq] [b05c8243] -------------------------------------------------------------------------
2025-01-30 18:15:00,337 INFO c.h.h.t.HelmChartContainer - [test-hivemq-platform] [hivemq] [b05c8243] 
2025-01-30 18:15:00,337 INFO c.h.h.t.HelmChartContainer - [test-hivemq-platform] [hivemq] [b05c8243]   HiveMQ Start Script for Linux/Unix v1.14
2025-01-30 18:15:00,337 INFO c.h.h.t.HelmChartContainer - [test-hivemq-platform] [hivemq] [b05c8243] 
2025-01-30 18:15:00,439 INFO c.h.h.t.HelmChartContainer - [test-hivemq-platform] [hivemq] [b05c8243] -------------------------------------------------------------------------
2025-01-30 18:15:00,440 INFO c.h.h.t.HelmChartContainer - [test-hivemq-platform] [hivemq] [b05c8243] 
2025-01-30 18:15:00,440 INFO c.h.h.t.HelmChartContainer - [test-hivemq-platform] [hivemq] [b05c8243]   HIVEMQ_HOME: /opt/hivemq
2025-01-30 18:15:00,440 INFO c.h.h.t.HelmChartContainer - [test-hivemq-platform] [hivemq] [b05c8243] 
2025-01-30 18:15:00,440 INFO c.h.h.t.HelmChartContainer - [test-hivemq-platform] [hivemq] [b05c8243]   JAVA_OPTS: -XX:+UnlockExperimentalVMOptions -XX:InitialRAMPercentage=50 -XX:MaxRAMPercentage=50 -Djava.net.preferIPv4Stack=true --add-opens java.base/java.lang=ALL-UNNAMED --add-opens java.base/java.nio=ALL-UNNAMED --add-opens java.base/sun.nio.ch=ALL-UNNAMED --add-opens jdk.management/com.sun.management.internal=ALL-UNNAMED --add-exports java.base/jdk.internal.misc=ALL-UNNAMED -Djava.security.egd=file:/dev/./urandom -Dcom.sun.management.jmxremote -Dcom.sun.management.jmxremote.port=9010 -Dcom.sun.management.jmxremote.local.only=false -Dcom.sun.management.jmxremote.authenticate=false -Dcom.sun.management.jmxremote.ssl=false -Duser.language=en -Duser.region=US -XX:+CrashOnOutOfMemoryError -XX:+HeapDumpOnOutOfMemoryError
2025-01-30 18:15:00,440 INFO c.h.h.t.HelmChartContainer - [test-hivemq-platform] [hivemq] [b05c8243] 
2025-01-30 18:15:00,440 INFO c.h.h.t.HelmChartContainer - [test-hivemq-platform] [hivemq] [b05c8243]   JAVA_VERSION: 21
2025-01-30 18:15:00,440 INFO c.h.h.t.HelmChartContainer - [test-hivemq-platform] [hivemq] [b05c8243] 
2025-01-30 18:15:00,440 INFO c.h.h.t.HelmChartContainer - [test-hivemq-platform] [hivemq] [b05c8243] -------------------------------------------------------------------------
2025-01-30 18:15:00,440 INFO c.h.h.t.HelmChartContainer - [test-hivemq-platform] [hivemq] [b05c8243] 
2025-01-30 18:15:01,530 INFO c.h.h.t.HelmChartContainer - [test-hivemq-platform] [hivemq] [b05c8243] INFO  - [HiveMQ Platform Operator Init App 1.7.0-SNAPSHOT] Returning default Health API response 503 for readiness
2025-01-30 18:15:01,834 INFO c.h.h.t.HelmChartContainer - [EVENT] Warning [Unhealthy] Readiness probe failed: HTTP probe failed with statuscode: 503 [helmplatformmutualtlsit:test-hivemq-platform-0]
2025-01-30 18:15:01,834 INFO c.h.h.t.HelmChartContainer - Received Unhealthy event for container hivemq in pod test-hivemq-platform-0 [b05c8243-e54c-4499-bd8d-a1eaad5174ca]
2025-01-30 18:15:03,136 INFO c.h.h.t.HelmChartContainer - [test-hivemq-platform] [hivemq] [b05c8243] INFO  - Starting HiveMQ Enterprise Server
2025-01-30 18:15:03,141 INFO c.h.h.t.HelmChartContainer - [test-hivemq-platform] [hivemq] [b05c8243] INFO  - HiveMQ version: 4.36.0
2025-01-30 18:15:03,142 INFO c.h.h.t.HelmChartContainer - [test-hivemq-platform] [hivemq] [b05c8243] INFO  - HiveMQ home directory: /opt/hivemq
2025-01-30 18:15:03,142 INFO c.h.h.t.HelmChartContainer - [test-hivemq-platform] [hivemq] [b05c8243] INFO  - Log Configuration was overridden by /opt/hivemq/conf/logback.xml
2025-01-30 18:15:04,335 INFO c.h.h.t.HelmChartContainer - [test-hivemq-platform] [hivemq] [b05c8243] INFO  - Successfully loaded configuration from '/opt/hivemq/conf-k8s/config.xml'.
2025-01-30 18:15:05,024 INFO c.h.h.t.HelmChartContainer - [test-hivemq-platform] [hivemq] [b05c8243] INFO  - This node's ID is 11PF9
2025-01-30 18:15:05,024 INFO c.h.h.t.HelmChartContainer - [test-hivemq-platform] [hivemq] [b05c8243] INFO  - Clustering is enabled
2025-01-30 18:15:05,604 INFO c.h.h.t.HelmChartContainer - [hivemq-test-hivemq-platform] [hivemq-platform-operator] [ca42fe44] 18:15:05.601 [pool-6-thread-6] DEBUG c.h.p.o.d.PlatformServiceResource - [helmplat] Desired Platform services (4 services)
2025-01-30 18:15:05,608 INFO c.h.h.t.HelmChartContainer - [hivemq-test-hivemq-platform] [hivemq-platform-operator] [ca42fe44] 18:15:05.602 [pool-6-thread-5] DEBUG c.h.p.o.dependants.PodInfoConfigMap - [helmplat] Desired PodInfo ConfigMap (1 extensions) (1 enabled)
2025-01-30 18:15:05,608 INFO c.h.h.t.HelmChartContainer - [hivemq-test-hivemq-platform] [hivemq-platform-operator] [ca42fe44] 18:15:05.602 [pool-6-thread-5] DEBUG c.h.p.o.dependants.PodInfoConfigMap - [helmplat] Desired PodInfo ConfigMap (metrics port: 9399) (metrics path: /)
2025-01-30 18:15:05,608 INFO c.h.h.t.HelmChartContainer - [hivemq-test-hivemq-platform] [hivemq-platform-operator] [ca42fe44] 18:15:05.602 [pool-6-thread-5] DEBUG c.h.p.o.dependants.PodInfoConfigMap - [helmplat] Desired PodInfo ConfigMap (extension state hash: -1817474005)
2025-01-30 18:15:05,608 INFO c.h.h.t.HelmChartContainer - [hivemq-test-hivemq-platform] [hivemq-platform-operator] [ca42fe44] 18:15:05.603 [pool-6-thread-5] DEBUG c.h.p.o.d.PodServiceAccountResource - [helmplat] Desired PodServiceAccountResource (serviceAccountName: hivemq-platform-pod-test-hivemq-platform)
2025-01-30 18:15:05,609 INFO c.h.h.t.HelmChartContainer - [hivemq-test-hivemq-platform] [hivemq-platform-operator] [ca42fe44] 18:15:05.608 [pool-6-thread-6] DEBUG c.h.p.o.d.StatefulSetResource - [helmplat] Desired StatefulSet (1 replicas) for status STARTING (READY)
2025-01-30 18:15:05,680 INFO c.h.h.t.HelmChartContainer - [hivemq-test-hivemq-platform] [hivemq-platform-operator] [ca42fe44] 18:15:05.678 [ReconcilerExecutor-hivemq-controller-109] INFO  c.h.p.o.HiveMQPlatformReconciler - [helmplat] Reconciling HiveMQ Platform 'test-hivemq-platform' in namespace 'helmplatformmutualtlsit'
2025-01-30 18:15:05,682 INFO c.h.h.t.HelmChartContainer - [hivemq-test-hivemq-platform] [hivemq-platform-operator] [ca42fe44] 18:15:05.678 [ReconcilerExecutor-hivemq-controller-109] DEBUG c.h.p.o.HiveMQPlatformReconciler - [helmplat] Custom Resource Status STARTING - HiveMQ Platform is starting (READY)
2025-01-30 18:15:05,682 INFO c.h.h.t.HelmChartContainer - [hivemq-test-hivemq-platform] [hivemq-platform-operator] [ca42fe44] 18:15:05.678 [ReconcilerExecutor-hivemq-controller-109] DEBUG c.h.p.o.HiveMQPlatformReconciler - [helmplat] Custom Resource Spec (replicas: 1) (extensions: 1)
2025-01-30 18:15:05,684 INFO c.h.h.t.HelmChartContainer - [hivemq-test-hivemq-platform] [hivemq-platform-operator] [ca42fe44] 18:15:05.682 [ReconcilerExecutor-hivemq-controller-109] DEBUG c.h.p.o.HiveMQPlatformReconciler - [helmplat] StatefulSet Status (revision: test-hivemq-platform-6c8ff8965b, replicas: 1, available: 0, ready: 0, current: 1, updated: 1)
2025-01-30 18:15:05,684 INFO c.h.h.t.HelmChartContainer - [hivemq-test-hivemq-platform] [hivemq-platform-operator] [ca42fe44] 18:15:05.682 [ReconcilerExecutor-hivemq-controller-109] DEBUG c.h.p.o.HiveMQPlatformReconciler - [helmplat] StatefulSet Spec (replicas: 1, init containers: 1, containers: 1, volumes: 7)
2025-01-30 18:15:05,685 INFO c.h.h.t.HelmChartContainer - [hivemq-test-hivemq-platform] [hivemq-platform-operator] [ca42fe44] 18:15:05.683 [ReconcilerExecutor-hivemq-controller-109] DEBUG c.h.p.o.h.HiveMQPlatformReconcilerErrorHandler - [helmplat] Pod 'test-hivemq-platform-0' phase Running
2025-01-30 18:15:05,687 INFO c.h.h.t.HelmChartContainer - [hivemq-test-hivemq-platform] [hivemq-platform-operator] [ca42fe44] 18:15:05.684 [ReconcilerExecutor-hivemq-controller-109] INFO  c.h.p.o.h.HiveMQPlatformReconcilerBaseHandler - [helmplat] HiveMQ Platform is starting, 0 of 1 replicas are ready
2025-01-30 18:15:06,798 INFO c.h.h.t.HelmChartContainer - [test-hivemq-platform] [hivemq] [b05c8243] WARN  - [HiveMQ Platform Operator Init App 1.7.0-SNAPSHOT] Cannot connect to Health API for readiness: null
2025-01-30 18:15:06,831 INFO c.h.h.t.HelmChartContainer - [EVENT] Warning [Unhealthy] Readiness probe failed: HTTP probe failed with statuscode: 503 [helmplatformmutualtlsit:test-hivemq-platform-0]
2025-01-30 18:15:06,831 INFO c.h.h.t.HelmChartContainer - Received Unhealthy event for container hivemq in pod test-hivemq-platform-0 [b05c8243-e54c-4499-bd8d-a1eaad5174ca]
2025-01-30 18:15:09,530 INFO c.h.h.t.HelmChartContainer - [test-hivemq-platform] [hivemq] [b05c8243] Jan 30, 2025 6:15:09 PM io.vertx.core.impl.BlockedThreadChecker
2025-01-30 18:15:09,530 INFO c.h.h.t.HelmChartContainer - [test-hivemq-platform] [hivemq] [b05c8243] WARNING: Thread Thread[vert.x-eventloop-thread-1,5,main] has been blocked for 2392 ms, time limit is 2000 ms
2025-01-30 18:15:10,298 INFO c.h.h.t.HelmChartContainer - [test-hivemq-platform] [hivemq] [b05c8243] INFO  - [HiveMQ Platform Operator Init App 1.7.0-SNAPSHOT] Updating Pod HiveMQ Platform Operator Init App version annotation (version: 1.7.0-SNAPSHOT)
2025-01-30 18:15:10,841 INFO c.h.h.t.HelmChartContainer - [POD] test-hivemq-platform-0 [b05c8243-e54c-4499-bd8d-a1eaad5174ca] in helmplatformmutualtlsit was MODIFIED
2025-01-30 18:15:10,898 INFO c.h.h.t.HelmChartContainer - [hivemq-test-hivemq-platform] [hivemq-platform-operator] [ca42fe44] 18:15:10.849 [pool-6-thread-11] DEBUG c.h.p.o.d.PodServiceAccountResource - [helmplat] Desired PodServiceAccountResource (serviceAccountName: hivemq-platform-pod-test-hivemq-platform)
2025-01-30 18:15:10,899 INFO c.h.h.t.HelmChartContainer - [hivemq-test-hivemq-platform] [hivemq-platform-operator] [ca42fe44] 18:15:10.849 [pool-6-thread-16] DEBUG c.h.p.o.d.PlatformServiceResource - [helmplat] Desired Platform services (4 services)
2025-01-30 18:15:10,899 INFO c.h.h.t.HelmChartContainer - [hivemq-test-hivemq-platform] [hivemq-platform-operator] [ca42fe44] 18:15:10.849 [pool-6-thread-14] DEBUG c.h.p.o.dependants.PodInfoConfigMap - [helmplat] Desired PodInfo ConfigMap (1 extensions) (1 enabled)
2025-01-30 18:15:10,899 INFO c.h.h.t.HelmChartContainer - [hivemq-test-hivemq-platform] [hivemq-platform-operator] [ca42fe44] 18:15:10.852 [pool-6-thread-14] DEBUG c.h.p.o.dependants.PodInfoConfigMap - [helmplat] Desired PodInfo ConfigMap (metrics port: 9399) (metrics path: /)
2025-01-30 18:15:10,899 INFO c.h.h.t.HelmChartContainer - [hivemq-test-hivemq-platform] [hivemq-platform-operator] [ca42fe44] 18:15:10.852 [pool-6-thread-14] DEBUG c.h.p.o.dependants.PodInfoConfigMap - [helmplat] Desired PodInfo ConfigMap (extension state hash: -1817474005)
2025-01-30 18:15:10,899 INFO c.h.h.t.HelmChartContainer - [hivemq-test-hivemq-platform] [hivemq-platform-operator] [ca42fe44] 18:15:10.858 [pool-6-thread-16] DEBUG c.h.p.o.d.StatefulSetResource - [helmplat] Desired StatefulSet (1 replicas) for status STARTING (READY)
2025-01-30 18:15:10,899 INFO c.h.h.t.HelmChartContainer - [hivemq-test-hivemq-platform] [hivemq-platform-operator] [ca42fe44] 18:15:10.878 [ReconcilerExecutor-hivemq-controller-110] INFO  c.h.p.o.HiveMQPlatformReconciler - [helmplat] Reconciling HiveMQ Platform 'test-hivemq-platform' in namespace 'helmplatformmutualtlsit'
2025-01-30 18:15:10,899 INFO c.h.h.t.HelmChartContainer - [hivemq-test-hivemq-platform] [hivemq-platform-operator] [ca42fe44] 18:15:10.878 [ReconcilerExecutor-hivemq-controller-110] DEBUG c.h.p.o.HiveMQPlatformReconciler - [helmplat] Custom Resource Status STARTING - HiveMQ Platform is starting (READY)
2025-01-30 18:15:10,899 INFO c.h.h.t.HelmChartContainer - [hivemq-test-hivemq-platform] [hivemq-platform-operator] [ca42fe44] 18:15:10.878 [ReconcilerExecutor-hivemq-controller-110] DEBUG c.h.p.o.HiveMQPlatformReconciler - [helmplat] Custom Resource Spec (replicas: 1) (extensions: 1)
2025-01-30 18:15:10,899 INFO c.h.h.t.HelmChartContainer - [hivemq-test-hivemq-platform] [hivemq-platform-operator] [ca42fe44] 18:15:10.880 [ReconcilerExecutor-hivemq-controller-110] DEBUG c.h.p.o.HiveMQPlatformReconciler - [helmplat] StatefulSet Status (revision: test-hivemq-platform-6c8ff8965b, replicas: 1, available: 0, ready: 0, current: 1, updated: 1)
2025-01-30 18:15:10,899 INFO c.h.h.t.HelmChartContainer - [hivemq-test-hivemq-platform] [hivemq-platform-operator] [ca42fe44] 18:15:10.880 [ReconcilerExecutor-hivemq-controller-110] DEBUG c.h.p.o.HiveMQPlatformReconciler - [helmplat] StatefulSet Spec (replicas: 1, init containers: 1, containers: 1, volumes: 7)
2025-01-30 18:15:10,899 INFO c.h.h.t.HelmChartContainer - [hivemq-test-hivemq-platform] [hivemq-platform-operator] [ca42fe44] 18:15:10.881 [ReconcilerExecutor-hivemq-controller-110] DEBUG c.h.p.o.h.HiveMQPlatformReconcilerErrorHandler - [helmplat] Pod 'test-hivemq-platform-0' phase Running
2025-01-30 18:15:10,899 INFO c.h.h.t.HelmChartContainer - [hivemq-test-hivemq-platform] [hivemq-platform-operator] [ca42fe44] 18:15:10.882 [ReconcilerExecutor-hivemq-controller-110] INFO  c.h.p.o.h.HiveMQPlatformReconcilerBaseHandler - [helmplat] HiveMQ Platform is starting, 0 of 1 replicas are ready
2025-01-30 18:15:10,924 INFO c.h.h.t.HelmChartContainer - [test-hivemq-platform] [hivemq] [b05c8243] WARN  - [HiveMQ Platform Operator Init App 1.7.0-SNAPSHOT] Cannot connect to Health API for readiness: null
2025-01-30 18:15:10,932 INFO c.h.h.t.HelmChartContainer - [test-hivemq-platform] [hivemq] [b05c8243] INFO  - [HiveMQ Platform Operator Init App 1.7.0-SNAPSHOT] Successfully updated Pod HiveMQ Platform Operator Init App version annotation (version: 1.7.0-SNAPSHOT)
2025-01-30 18:15:10,935 INFO c.h.h.t.HelmChartContainer - [EVENT] Warning [Unhealthy] Readiness probe failed: HTTP probe failed with statuscode: 503 [helmplatformmutualtlsit:test-hivemq-platform-0]
2025-01-30 18:15:10,935 INFO c.h.h.t.HelmChartContainer - Received Unhealthy event for container hivemq in pod test-hivemq-platform-0 [b05c8243-e54c-4499-bd8d-a1eaad5174ca]
2025-01-30 18:15:15,899 INFO c.h.h.t.HelmChartContainer - [test-hivemq-platform] [hivemq] [b05c8243] WARN  - [HiveMQ Platform Operator Init App 1.7.0-SNAPSHOT] Cannot connect to Health API for readiness: null
2025-01-30 18:15:15,903 INFO c.h.h.t.HelmChartContainer - [EVENT] Warning [Unhealthy] Readiness probe failed: HTTP probe failed with statuscode: 503 [helmplatformmutualtlsit:test-hivemq-platform-0]
2025-01-30 18:15:15,903 INFO c.h.h.t.HelmChartContainer - Received Unhealthy event for container hivemq in pod test-hivemq-platform-0 [b05c8243-e54c-4499-bd8d-a1eaad5174ca]
2025-01-30 18:15:20,891 INFO c.h.h.t.HelmChartContainer - [hivemq-test-hivemq-platform] [hivemq-platform-operator] [ca42fe44] 18:15:20.887 [pool-6-thread-27] DEBUG c.h.p.o.d.PlatformServiceResource - [helmplat] Desired Platform services (4 services)
2025-01-30 18:15:20,891 INFO c.h.h.t.HelmChartContainer - [hivemq-test-hivemq-platform] [hivemq-platform-operator] [ca42fe44] 18:15:20.887 [pool-6-thread-28] DEBUG c.h.p.o.d.PodServiceAccountResource - [helmplat] Desired PodServiceAccountResource (serviceAccountName: hivemq-platform-pod-test-hivemq-platform)
2025-01-30 18:15:20,892 INFO c.h.h.t.HelmChartContainer - [hivemq-test-hivemq-platform] [hivemq-platform-operator] [ca42fe44] 18:15:20.887 [pool-6-thread-21] DEBUG c.h.p.o.dependants.PodInfoConfigMap - [helmplat] Desired PodInfo ConfigMap (1 extensions) (1 enabled)
2025-01-30 18:15:20,893 INFO c.h.h.t.HelmChartContainer - [hivemq-test-hivemq-platform] [hivemq-platform-operator] [ca42fe44] 18:15:20.892 [pool-6-thread-21] DEBUG c.h.p.o.dependants.PodInfoConfigMap - [helmplat] Desired PodInfo ConfigMap (metrics port: 9399) (metrics path: /)
2025-01-30 18:15:20,893 INFO c.h.h.t.HelmChartContainer - [hivemq-test-hivemq-platform] [hivemq-platform-operator] [ca42fe44] 18:15:20.892 [pool-6-thread-21] DEBUG c.h.p.o.dependants.PodInfoConfigMap - [helmplat] Desired PodInfo ConfigMap (extension state hash: -1817474005)
2025-01-30 18:15:20,895 INFO c.h.h.t.HelmChartContainer - [hivemq-test-hivemq-platform] [hivemq-platform-operator] [ca42fe44] 18:15:20.894 [pool-6-thread-21] DEBUG c.h.p.o.d.StatefulSetResource - [helmplat] Desired StatefulSet (1 replicas) for status STARTING (READY)
2025-01-30 18:15:20,900 INFO c.h.h.t.HelmChartContainer - [hivemq-test-hivemq-platform] [hivemq-platform-operator] [ca42fe44] 18:15:20.899 [ReconcilerExecutor-hivemq-controller-111] INFO  c.h.p.o.HiveMQPlatformReconciler - [helmplat] Reconciling HiveMQ Platform 'test-hivemq-platform' in namespace 'helmplatformmutualtlsit'
2025-01-30 18:15:20,902 INFO c.h.h.t.HelmChartContainer - [hivemq-test-hivemq-platform] [hivemq-platform-operator] [ca42fe44] 18:15:20.901 [ReconcilerExecutor-hivemq-controller-111] DEBUG c.h.p.o.HiveMQPlatformReconciler - [helmplat] Custom Resource Status STARTING - HiveMQ Platform is starting (READY)
2025-01-30 18:15:20,903 INFO c.h.h.t.HelmChartContainer - [hivemq-test-hivemq-platform] [hivemq-platform-operator] [ca42fe44] 18:15:20.902 [ReconcilerExecutor-hivemq-controller-111] DEBUG c.h.p.o.HiveMQPlatformReconciler - [helmplat] Custom Resource Spec (replicas: 1) (extensions: 1)
2025-01-30 18:15:20,926 INFO c.h.h.t.HelmChartContainer - [test-hivemq-platform] [hivemq] [b05c8243] WARN  - [HiveMQ Platform Operator Init App 1.7.0-SNAPSHOT] Cannot connect to Health API for readiness: null
2025-01-30 18:15:20,931 INFO c.h.h.t.HelmChartContainer - [EVENT] Warning [Unhealthy] Readiness probe failed: HTTP probe failed with statuscode: 503 [helmplatformmutualtlsit:test-hivemq-platform-0]
2025-01-30 18:15:20,931 INFO c.h.h.t.HelmChartContainer - Received Unhealthy event for container hivemq in pod test-hivemq-platform-0 [b05c8243-e54c-4499-bd8d-a1eaad5174ca]
2025-01-30 18:15:20,980 INFO c.h.h.t.HelmChartContainer - [hivemq-test-hivemq-platform] [hivemq-platform-operator] [ca42fe44] 18:15:20.979 [ReconcilerExecutor-hivemq-controller-111] DEBUG c.h.p.o.HiveMQPlatformReconciler - [helmplat] StatefulSet Status (revision: test-hivemq-platform-6c8ff8965b, replicas: 1, available: 0, ready: 0, current: 1, updated: 1)
2025-01-30 18:15:20,980 INFO c.h.h.t.HelmChartContainer - [hivemq-test-hivemq-platform] [hivemq-platform-operator] [ca42fe44] 18:15:20.979 [ReconcilerExecutor-hivemq-controller-111] DEBUG c.h.p.o.HiveMQPlatformReconciler - [helmplat] StatefulSet Spec (replicas: 1, init containers: 1, containers: 1, volumes: 7)
2025-01-30 18:15:20,981 INFO c.h.h.t.HelmChartContainer - [hivemq-test-hivemq-platform] [hivemq-platform-operator] [ca42fe44] 18:15:20.980 [ReconcilerExecutor-hivemq-controller-111] DEBUG c.h.p.o.h.HiveMQPlatformReconcilerErrorHandler - [helmplat] Pod 'test-hivemq-platform-0' phase Running
2025-01-30 18:15:20,982 INFO c.h.h.t.HelmChartContainer - [hivemq-test-hivemq-platform] [hivemq-platform-operator] [ca42fe44] 18:15:20.981 [ReconcilerExecutor-hivemq-controller-111] INFO  c.h.p.o.h.HiveMQPlatformReconcilerBaseHandler - [helmplat] HiveMQ Platform is starting, 0 of 1 replicas are ready
2025-01-30 18:15:21,499 INFO c.h.h.t.HelmChartContainer - [test-hivemq-platform] [hivemq] [b05c8243] INFO  - No valid license file found. Using trial license, restricted to 25 connections.
2025-01-30 18:15:23,028 INFO c.h.h.t.HelmChartContainer - [test-hivemq-platform] [hivemq] [b05c8243] WARN  - [HiveMQ Platform Operator Init App 1.7.0-SNAPSHOT] Cannot connect to Health API for liveness: null
2025-01-30 18:15:23,028 INFO c.h.h.t.HelmChartContainer - [test-hivemq-platform] [hivemq] [b05c8243] INFO  - [HiveMQ Platform Operator Init App 1.7.0-SNAPSHOT] Returning default Health API response 200 for liveness
2025-01-30 18:15:25,735 INFO c.h.h.t.HelmChartContainer - [test-hivemq-platform] [hivemq] [b05c8243] INFO  - No valid license file for Data Hub found. Using free license, restricted to 1 policy.
2025-01-30 18:15:25,930 INFO c.h.h.t.HelmChartContainer - [test-hivemq-platform] [hivemq] [b05c8243] WARN  - [HiveMQ Platform Operator Init App 1.7.0-SNAPSHOT] Cannot connect to Health API for readiness: null
2025-01-30 18:15:25,934 INFO c.h.h.t.HelmChartContainer - [EVENT] Warning [Unhealthy] Readiness probe failed: HTTP probe failed with statuscode: 503 [helmplatformmutualtlsit:test-hivemq-platform-0]
2025-01-30 18:15:25,934 INFO c.h.h.t.HelmChartContainer - Received Unhealthy event for container hivemq in pod test-hivemq-platform-0 [b05c8243-e54c-4499-bd8d-a1eaad5174ca]
2025-01-30 18:15:26,938 INFO c.h.h.t.HelmChartContainer - [test-hivemq-platform] [hivemq] [b05c8243] INFO  - Audit Logger started.
2025-01-30 18:15:27,228 INFO c.h.h.t.HelmChartContainer - [test-hivemq-platform] [hivemq] [b05c8243] INFO  - This node uses '1' CPU cores.
2025-01-30 18:15:27,234 INFO c.h.h.t.HelmChartContainer - [test-hivemq-platform] [hivemq] [b05c8243] INFO  - Starting HiveMQ Health API on address 0.0.0.0 and port 8889
2025-01-30 18:15:28,003 INFO c.h.h.t.HelmChartContainer - [test-hivemq-platform] [hivemq] [b05c8243] INFO  - Started HiveMQ Health API in 769ms
2025-01-30 18:15:28,530 INFO c.h.h.t.HelmChartContainer - [test-hivemq-platform] [hivemq] [b05c8243] INFO  - Starting HiveMQ extension system.
2025-01-30 18:15:28,732 INFO c.h.h.t.HelmChartContainer - [test-hivemq-platform] [hivemq] [b05c8243] INFO  - Starting extension with id "hivemq-dns-cluster-discovery" at /opt/hivemq/extensions/hivemq-dns-cluster-discovery
2025-01-30 18:15:29,234 INFO c.h.h.t.HelmChartContainer - [test-hivemq-platform] [hivemq] [b05c8243] INFO  - Using TCP cluster transport on address 10.42.0.8 and port 7000
2025-01-30 18:15:29,325 INFO c.h.h.t.HelmChartContainer - [test-hivemq-platform] [hivemq] [b05c8243] INFO  - Using extension cluster discovery
2025-01-30 18:15:29,328 INFO c.h.h.t.HelmChartContainer - [test-hivemq-platform] [hivemq] [b05c8243] INFO  - Extension "DNS Cluster Discovery Extension" version 4.3.2 started successfully.
2025-01-30 18:15:29,329 INFO c.h.h.t.HelmChartContainer - [test-hivemq-platform] [hivemq] [b05c8243] INFO  - Starting extension with id "hivemq-prometheus-extension" at /opt/hivemq/extensions/hivemq-prometheus-extension
2025-01-30 18:15:30,229 INFO c.h.h.t.HelmChartContainer - [test-hivemq-platform] [hivemq] [b05c8243] INFO  - Started Jetty Server exposing Prometheus Servlet on URI http://0.0.0.0:9399/
2025-01-30 18:15:30,230 INFO c.h.h.t.HelmChartContainer - [test-hivemq-platform] [hivemq] [b05c8243] INFO  - Extension "Prometheus Monitoring Extension" version 4.0.12 started successfully.
2025-01-30 18:15:30,230 INFO c.h.h.t.HelmChartContainer - [test-hivemq-platform] [hivemq] [b05c8243] INFO  - Starting extension with id "hivemq-allow-all-extension" at /opt/hivemq/extensions/hivemq-allow-all-extension
2025-01-30 18:15:30,230 INFO c.h.h.t.HelmChartContainer - [test-hivemq-platform] [hivemq] [b05c8243] WARN  - 
2025-01-30 18:15:30,230 INFO c.h.h.t.HelmChartContainer - [test-hivemq-platform] [hivemq] [b05c8243] ################################################################################################################
2025-01-30 18:15:30,230 INFO c.h.h.t.HelmChartContainer - [test-hivemq-platform] [hivemq] [b05c8243] # This HiveMQ deployment is not secure! You are lacking Authentication and Authorization.                      #
2025-01-30 18:15:30,231 INFO c.h.h.t.HelmChartContainer - [test-hivemq-platform] [hivemq] [b05c8243] # Right now any MQTT client can connect to the broker with a full set of permissions.                          #
2025-01-30 18:15:30,231 INFO c.h.h.t.HelmChartContainer - [test-hivemq-platform] [hivemq] [b05c8243] # For production usage, add an appropriate security extension and remove the hivemq-allow-all extension.       #
2025-01-30 18:15:30,231 INFO c.h.h.t.HelmChartContainer - [test-hivemq-platform] [hivemq] [b05c8243] # You can download security extensions from the HiveMQ Marketplace (https://www.hivemq.com/extensions/).       #
2025-01-30 18:15:30,231 INFO c.h.h.t.HelmChartContainer - [test-hivemq-platform] [hivemq] [b05c8243] ################################################################################################################
2025-01-30 18:15:30,232 INFO c.h.h.t.HelmChartContainer - [test-hivemq-platform] [hivemq] [b05c8243] INFO  - Extension "Allow All Extension" version 1.1.1 started successfully.
2025-01-30 18:15:30,985 INFO c.h.h.t.HelmChartContainer - [hivemq-test-hivemq-platform] [hivemq-platform-operator] [ca42fe44] 18:15:30.984 [pool-6-thread-31] DEBUG c.h.p.o.d.PodServiceAccountResource - [helmplat] Desired PodServiceAccountResource (serviceAccountName: hivemq-platform-pod-test-hivemq-platform)
2025-01-30 18:15:30,986 INFO c.h.h.t.HelmChartContainer - [hivemq-test-hivemq-platform] [hivemq-platform-operator] [ca42fe44] 18:15:30.985 [pool-6-thread-35] DEBUG c.h.p.o.d.PlatformServiceResource - [helmplat] Desired Platform services (4 services)
2025-01-30 18:15:30,988 INFO c.h.h.t.HelmChartContainer - [hivemq-test-hivemq-platform] [hivemq-platform-operator] [ca42fe44] 18:15:30.987 [pool-6-thread-32] DEBUG c.h.p.o.dependants.PodInfoConfigMap - [helmplat] Desired PodInfo ConfigMap (1 extensions) (1 enabled)
2025-01-30 18:15:30,989 INFO c.h.h.t.HelmChartContainer - [hivemq-test-hivemq-platform] [hivemq-platform-operator] [ca42fe44] 18:15:30.987 [pool-6-thread-32] DEBUG c.h.p.o.dependants.PodInfoConfigMap - [helmplat] Desired PodInfo ConfigMap (metrics port: 9399) (metrics path: /)
2025-01-30 18:15:30,989 INFO c.h.h.t.HelmChartContainer - [hivemq-test-hivemq-platform] [hivemq-platform-operator] [ca42fe44] 18:15:30.987 [pool-6-thread-32] DEBUG c.h.p.o.dependants.PodInfoConfigMap - [helmplat] Desired PodInfo ConfigMap (extension state hash: -1817474005)
2025-01-30 18:15:30,994 INFO c.h.h.t.HelmChartContainer - [hivemq-test-hivemq-platform] [hivemq-platform-operator] [ca42fe44] 18:15:30.993 [pool-6-thread-35] DEBUG c.h.p.o.d.StatefulSetResource - [helmplat] Desired StatefulSet (1 replicas) for status STARTING (READY)
2025-01-30 18:15:31,000 INFO c.h.h.t.HelmChartContainer - [hivemq-test-hivemq-platform] [hivemq-platform-operator] [ca42fe44] 18:15:30.998 [ReconcilerExecutor-hivemq-controller-112] INFO  c.h.p.o.HiveMQPlatformReconciler - [helmplat] Reconciling HiveMQ Platform 'test-hivemq-platform' in namespace 'helmplatformmutualtlsit'
2025-01-30 18:15:31,000 INFO c.h.h.t.HelmChartContainer - [hivemq-test-hivemq-platform] [hivemq-platform-operator] [ca42fe44] 18:15:30.998 [ReconcilerExecutor-hivemq-controller-112] DEBUG c.h.p.o.HiveMQPlatformReconciler - [helmplat] Custom Resource Status STARTING - HiveMQ Platform is starting (READY)
2025-01-30 18:15:31,000 INFO c.h.h.t.HelmChartContainer - [hivemq-test-hivemq-platform] [hivemq-platform-operator] [ca42fe44] 18:15:30.998 [ReconcilerExecutor-hivemq-controller-112] DEBUG c.h.p.o.HiveMQPlatformReconciler - [helmplat] Custom Resource Spec (replicas: 1) (extensions: 1)
2025-01-30 18:15:31,080 INFO c.h.h.t.HelmChartContainer - [hivemq-test-hivemq-platform] [hivemq-platform-operator] [ca42fe44] 18:15:31.078 [ReconcilerExecutor-hivemq-controller-112] DEBUG c.h.p.o.HiveMQPlatformReconciler - [helmplat] StatefulSet Status (revision: test-hivemq-platform-6c8ff8965b, replicas: 1, available: 0, ready: 0, current: 1, updated: 1)
2025-01-30 18:15:31,080 INFO c.h.h.t.HelmChartContainer - [hivemq-test-hivemq-platform] [hivemq-platform-operator] [ca42fe44] 18:15:31.078 [ReconcilerExecutor-hivemq-controller-112] DEBUG c.h.p.o.HiveMQPlatformReconciler - [helmplat] StatefulSet Spec (replicas: 1, init containers: 1, containers: 1, volumes: 7)
2025-01-30 18:15:31,083 INFO c.h.h.t.HelmChartContainer - [hivemq-test-hivemq-platform] [hivemq-platform-operator] [ca42fe44] 18:15:31.081 [ReconcilerExecutor-hivemq-controller-112] DEBUG c.h.p.o.h.HiveMQPlatformReconcilerErrorHandler - [helmplat] Pod 'test-hivemq-platform-0' phase Running
2025-01-30 18:15:31,083 INFO c.h.h.t.HelmChartContainer - [hivemq-test-hivemq-platform] [hivemq-platform-operator] [ca42fe44] 18:15:31.082 [ReconcilerExecutor-hivemq-controller-112] INFO  c.h.p.o.h.HiveMQPlatformReconcilerBaseHandler - [helmplat] HiveMQ Platform is starting, 0 of 1 replicas are ready
2025-01-30 18:15:31,328 INFO c.h.h.t.HelmChartContainer - [test-hivemq-platform] [hivemq] [b05c8243] INFO  - [HiveMQ Platform Operator Init App 1.7.0-SNAPSHOT] Returning Health API response 503 for readiness
2025-01-30 18:15:31,332 INFO c.h.h.t.HelmChartContainer - [EVENT] Warning [Unhealthy] Readiness probe failed: HTTP probe failed with statuscode: 503 [helmplatformmutualtlsit:test-hivemq-platform-0]
2025-01-30 18:15:31,332 INFO c.h.h.t.HelmChartContainer - Received Unhealthy event for container hivemq in pod test-hivemq-platform-0 [b05c8243-e54c-4499-bd8d-a1eaad5174ca]
2025-01-30 18:15:32,337 INFO c.h.h.t.HelmChartContainer - [test-hivemq-platform] [hivemq] [b05c8243] INFO  - 11PF9: no members discovered after 2512 ms: creating cluster as first member
2025-01-30 18:15:32,345 INFO c.h.h.t.HelmChartContainer - [test-hivemq-platform] [hivemq] [b05c8243] INFO  - Cluster nodes found by discovery: [11PF9|0] (1) [11PF9].
2025-01-30 18:15:32,429 INFO c.h.h.t.HelmChartContainer - [test-hivemq-platform] [hivemq] [b05c8243] WARN  - No user for HiveMQ Control Center configured. Starting with default user
2025-01-30 18:15:32,429 INFO c.h.h.t.HelmChartContainer - [test-hivemq-platform] [hivemq] [b05c8243] INFO  - Starting HiveMQ Control Center on address 127.0.0.1 and port 8080
2025-01-30 18:15:32,430 INFO c.h.h.t.HelmChartContainer - [test-hivemq-platform] [hivemq] [b05c8243] INFO  - Mounting HiveMQ Control Center V2 Preview
2025-01-30 18:15:33,029 INFO c.h.h.t.HelmChartContainer - [test-hivemq-platform] [hivemq] [b05c8243] INFO  - Started HiveMQ Control Center in 600ms
2025-01-30 18:15:33,043 INFO c.h.h.t.HelmChartContainer - [test-hivemq-platform] [hivemq] [b05c8243] INFO  - Starting TCP listener on address 0.0.0.0 and port 1883
2025-01-30 18:15:34,098 INFO c.h.h.t.HelmChartContainer - [test-hivemq-platform] [hivemq] [b05c8243] INFO  - Enabled protocols for TCP Listener with TLS at address 0.0.0.0 and port 1884: [TLSv1.3, TLSv1.2]
2025-01-30 18:15:34,098 INFO c.h.h.t.HelmChartContainer - [test-hivemq-platform] [hivemq] [b05c8243] INFO  - Enabled cipher suites for TCP Listener with TLS at address 0.0.0.0 and port 1884: [TLS_ECDHE_ECDSA_WITH_AES_256_GCM_SHA384, TLS_ECDHE_ECDSA_WITH_AES_128_GCM_SHA256, TLS_ECDHE_RSA_WITH_AES_128_GCM_SHA256, TLS_ECDHE_RSA_WITH_AES_256_GCM_SHA384, TLS_ECDHE_RSA_WITH_AES_128_CBC_SHA, TLS_ECDHE_RSA_WITH_AES_256_CBC_SHA, TLS_RSA_WITH_AES_128_GCM_SHA256, TLS_RSA_WITH_AES_128_CBC_SHA, TLS_RSA_WITH_AES_256_CBC_SHA, TLS_AES_128_GCM_SHA256, TLS_AES_256_GCM_SHA384]
2025-01-30 18:15:34,124 INFO c.h.h.t.HelmChartContainer - [test-hivemq-platform] [hivemq] [b05c8243] INFO  - Starting TLS TCP listener on address 0.0.0.0 and port 1884
2025-01-30 18:15:34,232 INFO c.h.h.t.HelmChartContainer - [test-hivemq-platform] [hivemq] [b05c8243] INFO  - Enabled protocols for TCP Listener with TLS at address 0.0.0.0 and port 1885: [TLSv1.3, TLSv1.2]
2025-01-30 18:15:34,232 INFO c.h.h.t.HelmChartContainer - [test-hivemq-platform] [hivemq] [b05c8243] INFO  - Enabled cipher suites for TCP Listener with TLS at address 0.0.0.0 and port 1885: [TLS_ECDHE_ECDSA_WITH_AES_256_GCM_SHA384, TLS_ECDHE_ECDSA_WITH_AES_128_GCM_SHA256, TLS_ECDHE_RSA_WITH_AES_128_GCM_SHA256, TLS_ECDHE_RSA_WITH_AES_256_GCM_SHA384, TLS_ECDHE_RSA_WITH_AES_128_CBC_SHA, TLS_ECDHE_RSA_WITH_AES_256_CBC_SHA, TLS_RSA_WITH_AES_128_GCM_SHA256, TLS_RSA_WITH_AES_128_CBC_SHA, TLS_RSA_WITH_AES_256_CBC_SHA, TLS_AES_128_GCM_SHA256, TLS_AES_256_GCM_SHA384]
2025-01-30 18:15:34,232 INFO c.h.h.t.HelmChartContainer - [test-hivemq-platform] [hivemq] [b05c8243] INFO  - Starting TLS TCP listener on address 0.0.0.0 and port 1885
2025-01-30 18:15:34,234 INFO c.h.h.t.HelmChartContainer - [test-hivemq-platform] [hivemq] [b05c8243] INFO  - Started TCP Listener on address 0.0.0.0 and on port 1883.
2025-01-30 18:15:34,234 INFO c.h.h.t.HelmChartContainer - [test-hivemq-platform] [hivemq] [b05c8243] INFO  - Started TCP Listener with TLS on address 0.0.0.0 and on port 1884.
2025-01-30 18:15:34,234 INFO c.h.h.t.HelmChartContainer - [test-hivemq-platform] [hivemq] [b05c8243] INFO  - Started TCP Listener with TLS on address 0.0.0.0 and on port 1885.
2025-01-30 18:15:34,234 INFO c.h.h.t.HelmChartContainer - [test-hivemq-platform] [hivemq] [b05c8243] INFO  - Started HiveMQ in 31491ms
2025-01-30 18:15:35,847 INFO c.h.h.t.HelmChartContainer - [test-hivemq-platform] [hivemq] [b05c8243] INFO  - [HiveMQ Platform Operator Init App 1.7.0-SNAPSHOT] Returning Health API response 200 for readiness
2025-01-30 18:15:35,863 INFO c.h.h.t.HelmChartContainer - [POD] test-hivemq-platform-0 [b05c8243-e54c-4499-bd8d-a1eaad5174ca] in helmplatformmutualtlsit was MODIFIED
2025-01-30 18:15:35,878 INFO c.h.h.t.HelmChartContainer - [hivemq-test-hivemq-platform] [hivemq-platform-operator] [ca42fe44] 18:15:35.867 [pool-6-thread-42] DEBUG c.h.p.o.d.PlatformServiceResource - [helmplat] Desired Platform services (4 services)
2025-01-30 18:15:35,878 INFO c.h.h.t.HelmChartContainer - [hivemq-test-hivemq-platform] [hivemq-platform-operator] [ca42fe44] 18:15:35.870 [pool-6-thread-49] DEBUG c.h.p.o.dependants.PodInfoConfigMap - [helmplat] Desired PodInfo ConfigMap (1 extensions) (1 enabled)
2025-01-30 18:15:35,878 INFO c.h.h.t.HelmChartContainer - [hivemq-test-hivemq-platform] [hivemq-platform-operator] [ca42fe44] 18:15:35.870 [pool-6-thread-49] DEBUG c.h.p.o.dependants.PodInfoConfigMap - [helmplat] Desired PodInfo ConfigMap (metrics port: 9399) (metrics path: /)
2025-01-30 18:15:35,878 INFO c.h.h.t.HelmChartContainer - [hivemq-test-hivemq-platform] [hivemq-platform-operator] [ca42fe44] 18:15:35.870 [pool-6-thread-49] DEBUG c.h.p.o.dependants.PodInfoConfigMap - [helmplat] Desired PodInfo ConfigMap (extension state hash: -1817474005)
2025-01-30 18:15:35,878 INFO c.h.h.t.HelmChartContainer - [hivemq-test-hivemq-platform] [hivemq-platform-operator] [ca42fe44] 18:15:35.873 [pool-6-thread-43] DEBUG c.h.p.o.d.PodServiceAccountResource - [helmplat] Desired PodServiceAccountResource (serviceAccountName: hivemq-platform-pod-test-hivemq-platform)
2025-01-30 18:15:35,890 INFO c.h.h.t.HelmChartContainer - [hivemq-test-hivemq-platform] [hivemq-platform-operator] [ca42fe44] 18:15:35.889 [pool-6-thread-42] DEBUG c.h.p.o.d.StatefulSetResource - [helmplat] Desired StatefulSet (1 replicas) for status STARTING (READY)
2025-01-30 18:15:35,969 INFO c.h.h.t.HelmChartContainer - [hivemq-test-hivemq-platform] [hivemq-platform-operator] [ca42fe44] 18:15:35.968 [ReconcilerExecutor-hivemq-controller-113] INFO  c.h.p.o.HiveMQPlatformReconciler - [helmplat] Reconciling HiveMQ Platform 'test-hivemq-platform' in namespace 'helmplatformmutualtlsit'
2025-01-30 18:15:35,970 INFO c.h.h.t.HelmChartContainer - [hivemq-test-hivemq-platform] [hivemq-platform-operator] [ca42fe44] 18:15:35.968 [ReconcilerExecutor-hivemq-controller-113] DEBUG c.h.p.o.HiveMQPlatformReconciler - [helmplat] Custom Resource Status STARTING - HiveMQ Platform is starting (READY)
2025-01-30 18:15:35,972 INFO c.h.h.t.HelmChartContainer - [hivemq-test-hivemq-platform] [hivemq-platform-operator] [ca42fe44] 18:15:35.968 [ReconcilerExecutor-hivemq-controller-113] DEBUG c.h.p.o.HiveMQPlatformReconciler - [helmplat] Custom Resource Spec (replicas: 1) (extensions: 1)
2025-01-30 18:15:35,973 INFO c.h.h.t.HelmChartContainer - [hivemq-test-hivemq-platform] [hivemq-platform-operator] [ca42fe44] 18:15:35.972 [ReconcilerExecutor-hivemq-controller-113] DEBUG c.h.p.o.HiveMQPlatformReconciler - [helmplat] StatefulSet Status (revision: test-hivemq-platform-6c8ff8965b, replicas: 1, available: 1, ready: 1, current: 1, updated: 1)
2025-01-30 18:15:35,973 INFO c.h.h.t.HelmChartContainer - [hivemq-test-hivemq-platform] [hivemq-platform-operator] [ca42fe44] 18:15:35.972 [ReconcilerExecutor-hivemq-controller-113] DEBUG c.h.p.o.HiveMQPlatformReconciler - [helmplat] StatefulSet Spec (replicas: 1, init containers: 1, containers: 1, volumes: 7)
2025-01-30 18:15:35,975 INFO c.h.h.t.HelmChartContainer - [hivemq-test-hivemq-platform] [hivemq-platform-operator] [ca42fe44] 18:15:35.974 [ReconcilerExecutor-hivemq-controller-113] DEBUG c.h.p.o.h.HiveMQPlatformReconcilerErrorHandler - [helmplat] Pod 'test-hivemq-platform-0' phase Running
2025-01-30 18:15:35,979 INFO c.h.h.t.HelmChartContainer - [hivemq-test-hivemq-platform] [hivemq-platform-operator] [ca42fe44] 18:15:35.977 [ReconcilerExecutor-hivemq-controller-113] INFO  c.h.p.o.h.HiveMQPlatformReconcilerBaseHandler - [helmplat] HiveMQ Platform started successfully
2025-01-30 18:15:36,074 INFO c.h.h.t.HelmChartContainer - [hivemq-test-hivemq-platform] [hivemq-platform-operator] [ca42fe44] 18:15:36.072 [ReconcilerExecutor-hivemq-controller-113] DEBUG c.h.p.operator.event.EventSender - [helmplat] Creating K8s event hivemq-platform-ready: [Ready] HiveMQ Platform is ready
2025-01-30 18:15:36,077 INFO c.h.h.t.HelmChartContainer - [EVENT] Normal [Ready] HiveMQ Platform is ready [helmplatformmutualtlsit:test-hivemq-platform]
2025-01-30 18:15:36,079 INFO c.h.h.t.HelmChartContainer - [hivemq-test-hivemq-platform] [hivemq-platform-operator] [ca42fe44] 18:15:36.077 [ReconcilerExecutor-hivemq-controller-113] INFO  c.h.p.o.h.AbstractHiveMQReconcilerStateHandler - [helmplat] Update HiveMQ Platform Status (STARTING [READY] -> RUNNING [READY]): HiveMQ Platform is ready
2025-01-30 18:15:36,089 DEBUG com.hivemq.helmcharts.util.K8sUtil - Comparing actual state 'RUNNING' and waiting for 'RUNNING'
2025-01-30 18:15:36,101 INFO c.h.h.p.HelmPlatformMutualTlsIT - Connecting to MQTT listener with no mTLS/SSL on port 1883
2025-01-30 18:15:36,174 INFO c.h.h.t.HelmChartContainer - [hivemq-test-hivemq-platform] [hivemq-platform-operator] [ca42fe44] 18:15:36.170 [pool-6-thread-5] DEBUG c.h.p.o.d.PlatformServiceResource - [helmplat] Desired Platform services (4 services)
2025-01-30 18:15:36,182 INFO c.h.h.t.HelmChartContainer - [hivemq-test-hivemq-platform] [hivemq-platform-operator] [ca42fe44] 18:15:36.171 [pool-6-thread-10] DEBUG c.h.p.o.dependants.PodInfoConfigMap - [helmplat] Desired PodInfo ConfigMap (1 extensions) (1 enabled)
2025-01-30 18:15:36,182 INFO c.h.h.t.HelmChartContainer - [hivemq-test-hivemq-platform] [hivemq-platform-operator] [ca42fe44] 18:15:36.177 [pool-6-thread-10] DEBUG c.h.p.o.dependants.PodInfoConfigMap - [helmplat] Desired PodInfo ConfigMap (metrics port: 9399) (metrics path: /)
2025-01-30 18:15:36,182 INFO c.h.h.t.HelmChartContainer - [hivemq-test-hivemq-platform] [hivemq-platform-operator] [ca42fe44] 18:15:36.177 [pool-6-thread-10] DEBUG c.h.p.o.dependants.PodInfoConfigMap - [helmplat] Desired PodInfo ConfigMap (extension state hash: -1817474005)
2025-01-30 18:15:36,182 INFO c.h.h.t.HelmChartContainer - [hivemq-test-hivemq-platform] [hivemq-platform-operator] [ca42fe44] 18:15:36.177 [pool-6-thread-10] DEBUG c.h.p.o.dependants.PodInfoConfigMap - [helmplat] Update PodInfo ConfigMap
2025-01-30 18:15:36,186 INFO c.h.h.t.HelmChartContainer - [hivemq-test-hivemq-platform] [hivemq-platform-operator] [ca42fe44] 18:15:36.184 [pool-6-thread-3] DEBUG c.h.p.o.d.PodServiceAccountResource - [helmplat] Desired PodServiceAccountResource (serviceAccountName: hivemq-platform-pod-test-hivemq-platform)
2025-01-30 18:15:36,273 INFO c.h.h.t.HelmChartContainer - [hivemq-test-hivemq-platform] [hivemq-platform-operator] [ca42fe44] 18:15:36.272 [pool-6-thread-10] DEBUG c.h.p.o.d.StatefulSetResource - [helmplat] Desired StatefulSet (1 replicas) for status RUNNING (READY)
2025-01-30 18:15:36,280 INFO c.h.h.t.HelmChartContainer - [hivemq-test-hivemq-platform] [hivemq-platform-operator] [ca42fe44] 18:15:36.279 [ReconcilerExecutor-hivemq-controller-114] INFO  c.h.p.o.HiveMQPlatformReconciler - [helmplat] Reconciling HiveMQ Platform 'test-hivemq-platform' in namespace 'helmplatformmutualtlsit'
2025-01-30 18:15:36,283 INFO c.h.h.t.HelmChartContainer - [hivemq-test-hivemq-platform] [hivemq-platform-operator] [ca42fe44] 18:15:36.280 [ReconcilerExecutor-hivemq-controller-114] DEBUG c.h.p.o.HiveMQPlatformReconciler - [helmplat] Custom Resource Status RUNNING - HiveMQ Platform is ready (READY)
2025-01-30 18:15:36,284 INFO c.h.h.t.HelmChartContainer - [hivemq-test-hivemq-platform] [hivemq-platform-operator] [ca42fe44] 18:15:36.280 [ReconcilerExecutor-hivemq-controller-114] DEBUG c.h.p.o.HiveMQPlatformReconciler - [helmplat] Custom Resource Spec (replicas: 1) (extensions: 1)
2025-01-30 18:15:36,284 INFO c.h.h.t.HelmChartContainer - [hivemq-test-hivemq-platform] [hivemq-platform-operator] [ca42fe44] 18:15:36.282 [ReconcilerExecutor-hivemq-controller-114] DEBUG c.h.p.o.HiveMQPlatformReconciler - [helmplat] StatefulSet Status (revision: test-hivemq-platform-6c8ff8965b, replicas: 1, available: 1, ready: 1, current: 1, updated: 1)
2025-01-30 18:15:36,285 INFO c.h.h.t.HelmChartContainer - [hivemq-test-hivemq-platform] [hivemq-platform-operator] [ca42fe44] 18:15:36.283 [ReconcilerExecutor-hivemq-controller-114] DEBUG c.h.p.o.HiveMQPlatformReconciler - [helmplat] StatefulSet Spec (replicas: 1, init containers: 1, containers: 1, volumes: 7)
2025-01-30 18:15:36,293 INFO c.h.h.t.HelmChartContainer - [hivemq-test-hivemq-platform] [hivemq-platform-operator] [ca42fe44] 18:15:36.286 [ReconcilerExecutor-hivemq-controller-114] DEBUG c.h.p.o.h.HiveMQPlatformReconcilerErrorHandler - [helmplat] Pod 'test-hivemq-platform-0' phase Running
2025-01-30 18:15:39,467 INFO c.h.h.p.HelmPlatformMutualTlsIT - Connecting to MQTT listener mTLS/SSL on port 1884
2025-01-30 18:15:42,225 INFO c.h.h.p.HelmPlatformMutualTlsIT - Connecting to MQTT listener mTLS/SSL on port 1885
2025-01-30 18:15:44,988 INFO c.h.h.t.HelmChartContainer - Uninstalling release 'test-hivemq-platform' in namespace 'helmplatformmutualtlsit'...
2025-01-30 18:15:44,988 DEBUG c.h.h.t.HelmChartContainer - Executing helm command: /bin/helm --kubeconfig /etc/rancher/k3s/k3s.yaml uninstall test-hivemq-platform  --wait --timeout 5m0s --cascade foreground --namespace helmplatformmutualtlsit
2025-01-30 18:15:45,212 INFO c.h.h.t.HelmChartContainer - [hivemq-test-hivemq-platform] [hivemq-platform-operator] [ca42fe44] 18:15:45.202 [pool-6-thread-19] DEBUG c.h.p.o.d.PlatformServiceResource - [helmplat] Desired Platform services (4 services)
2025-01-30 18:15:45,213 INFO c.h.h.t.HelmChartContainer - [hivemq-test-hivemq-platform] [hivemq-platform-operator] [ca42fe44] 18:15:45.204 [pool-6-thread-12] DEBUG c.h.p.o.d.PodServiceAccountResource - [helmplat] Desired PodServiceAccountResource (serviceAccountName: hivemq-platform-pod-test-hivemq-platform)
2025-01-30 18:15:45,214 INFO c.h.h.t.HelmChartContainer - [hivemq-test-hivemq-platform] [hivemq-platform-operator] [ca42fe44] 18:15:45.206 [pool-6-thread-18] DEBUG c.h.p.o.dependants.PodInfoConfigMap - [helmplat] Desired PodInfo ConfigMap (1 extensions) (1 enabled)
2025-01-30 18:15:45,214 INFO c.h.h.t.HelmChartContainer - [hivemq-test-hivemq-platform] [hivemq-platform-operator] [ca42fe44] 18:15:45.207 [pool-6-thread-18] DEBUG c.h.p.o.dependants.PodInfoConfigMap - [helmplat] Desired PodInfo ConfigMap (metrics port: 9399) (metrics path: /)
2025-01-30 18:15:45,214 INFO c.h.h.t.HelmChartContainer - [hivemq-test-hivemq-platform] [hivemq-platform-operator] [ca42fe44] 18:15:45.207 [pool-6-thread-18] DEBUG c.h.p.o.dependants.PodInfoConfigMap - [helmplat] Desired PodInfo ConfigMap (extension state hash: -1817474005)
2025-01-30 18:15:45,267 INFO c.h.h.t.HelmChartContainer - [hivemq-test-hivemq-platform] [hivemq-platform-operator] [ca42fe44] 18:15:45.215 [pool-6-thread-19] DEBUG c.h.p.o.d.StatefulSetResource - [helmplat] Desired StatefulSet (1 replicas) for status RUNNING (READY)
2025-01-30 18:15:45,284 INFO c.h.h.t.HelmChartContainer - [hivemq-test-hivemq-platform] [hivemq-platform-operator] [ca42fe44] 18:15:45.283 [ReconcilerExecutor-hivemq-controller-115] INFO  c.h.p.o.HiveMQPlatformReconciler - [helmplat] Reconciling HiveMQ Platform 'test-hivemq-platform' in namespace 'helmplatformmutualtlsit'
2025-01-30 18:15:45,284 INFO c.h.h.t.HelmChartContainer - [hivemq-test-hivemq-platform] [hivemq-platform-operator] [ca42fe44] 18:15:45.283 [ReconcilerExecutor-hivemq-controller-115] DEBUG c.h.p.o.HiveMQPlatformReconciler - [helmplat] Custom Resource Status RUNNING - HiveMQ Platform is ready (READY)
2025-01-30 18:15:45,286 INFO c.h.h.t.HelmChartContainer - [hivemq-test-hivemq-platform] [hivemq-platform-operator] [ca42fe44] 18:15:45.283 [ReconcilerExecutor-hivemq-controller-115] DEBUG c.h.p.o.HiveMQPlatformReconciler - [helmplat] Custom Resource Spec (replicas: 1) (extensions: 1)
2025-01-30 18:15:45,287 INFO c.h.h.t.HelmChartContainer - [hivemq-test-hivemq-platform] [hivemq-platform-operator] [ca42fe44] 18:15:45.285 [ReconcilerExecutor-hivemq-controller-115] WARN  c.h.p.o.h.HiveMQPlatformReconcilerErrorHandler - [helmplat] Could not find ConfigMap 'hivemq-configuration-test-hivemq-platform' for HiveMQ Platform configuration
2025-01-30 18:15:45,480 INFO c.h.h.t.HelmChartContainer - [hivemq-test-hivemq-platform] [hivemq-platform-operator] [ca42fe44] 18:15:45.478 [ReconcilerExecutor-hivemq-controller-115] DEBUG c.h.p.operator.event.EventSender - [helmplat] Creating K8s event hivemq-platform-invalid-configuration: [Start] Could not find ConfigMap 'hivemq-configuration-test-hivemq-platform' for HiveMQ Platform configuration
2025-01-30 18:15:45,484 INFO c.h.h.t.HelmChartContainer - [EVENT] Warning [Start] Could not find ConfigMap 'hivemq-configuration-test-hivemq-platform' for HiveMQ Platform configuration [helmplatformmutualtlsit:test-hivemq-platform]
2025-01-30 18:15:45,486 INFO c.h.h.t.HelmChartContainer - [hivemq-test-hivemq-platform] [hivemq-platform-operator] [ca42fe44] 18:15:45.484 [ReconcilerExecutor-hivemq-controller-115] INFO  c.h.p.o.h.AbstractHiveMQReconcilerStateHandler - [helmplat] Update HiveMQ Platform Status (RUNNING [READY] -> ERROR [INVALID_CONFIG_MAP]): Could not find ConfigMap 'hivemq-configuration-test-hivemq-platform' for HiveMQ Platform configuration
2025-01-30 18:15:45,495 INFO c.h.h.t.HelmChartContainer - [hivemq-test-hivemq-platform] [hivemq-platform-operator] [ca42fe44] 18:15:45.492 [ReconcilerExecutor-hivemq-controller-115] ERROR i.j.o.p.event.EventProcessor - Error during event processing ExecutionScope{ resource id: ResourceID{name='test-hivemq-platform', namespace='helmplatformmutualtlsit'}, version: 877}
2025-01-30 18:15:45,496 INFO c.h.h.t.HelmChartContainer - [hivemq-test-hivemq-platform] [hivemq-platform-operator] [ca42fe44] io.fabric8.kubernetes.client.KubernetesClientException: Failure executing: PUT at: https://10.43.0.1:443/apis/hivemq.com/v1/namespaces/helmplatformmutualtlsit/hivemq-platforms/test-hivemq-platform/status. Message: Operation cannot be fulfilled on hivemq-platforms.hivemq.com "test-hivemq-platform": the object has been modified; please apply your changes to the latest version and try again. Received status: Status(apiVersion=v1, code=409, details=StatusDetails(causes=[], group=hivemq.com, kind=hivemq-platforms, name=test-hivemq-platform, retryAfterSeconds=null, uid=null, additionalProperties={}), kind=Status, message=Operation cannot be fulfilled on hivemq-platforms.hivemq.com "test-hivemq-platform": the object has been modified; please apply your changes to the latest version and try again, metadata=ListMeta(_continue=null, remainingItemCount=null, resourceVersion=null, selfLink=null, additionalProperties={}), reason=Conflict, status=Failure, additionalProperties={}).
2025-01-30 18:15:45,496 INFO c.h.h.t.HelmChartContainer - [hivemq-test-hivemq-platform] [hivemq-platform-operator] [ca42fe44] 	at io.fabric8.kubernetes.client.KubernetesClientException.copyAsCause(KubernetesClientException.java:238)
2025-01-30 18:15:45,496 INFO c.h.h.t.HelmChartContainer - [hivemq-test-hivemq-platform] [hivemq-platform-operator] [ca42fe44] 	at io.fabric8.kubernetes.client.dsl.internal.OperationSupport.waitForResult(OperationSupport.java:507)
2025-01-30 18:15:45,496 INFO c.h.h.t.HelmChartContainer - [hivemq-test-hivemq-platform] [hivemq-platform-operator] [ca42fe44] 	at io.fabric8.kubernetes.client.dsl.internal.OperationSupport.handleResponse(OperationSupport.java:524)
2025-01-30 18:15:45,496 INFO c.h.h.t.HelmChartContainer - [hivemq-test-hivemq-platform] [hivemq-platform-operator] [ca42fe44] 	at io.fabric8.kubernetes.client.dsl.internal.OperationSupport.handleUpdate(OperationSupport.java:358)
2025-01-30 18:15:45,496 INFO c.h.h.t.HelmChartContainer - [hivemq-test-hivemq-platform] [hivemq-platform-operator] [ca42fe44] 	at io.fabric8.kubernetes.client.dsl.internal.BaseOperation.handleUpdate(BaseOperation.java:759)
2025-01-30 18:15:45,496 INFO c.h.h.t.HelmChartContainer - [hivemq-test-hivemq-platform] [hivemq-platform-operator] [ca42fe44] 	at io.fabric8.kubernetes.client.dsl.internal.HasMetadataOperation.update(HasMetadataOperation.java:138)
2025-01-30 18:15:45,496 INFO c.h.h.t.HelmChartContainer - [hivemq-test-hivemq-platform] [hivemq-platform-operator] [ca42fe44] 	at io.fabric8.kubernetes.client.dsl.internal.HasMetadataOperation.update(HasMetadataOperation.java:121)
2025-01-30 18:15:45,496 INFO c.h.h.t.HelmChartContainer - [hivemq-test-hivemq-platform] [hivemq-platform-operator] [ca42fe44] 	at io.fabric8.kubernetes.client.dsl.internal.HasMetadataOperation.updateStatus(HasMetadataOperation.java:126)
2025-01-30 18:15:45,496 INFO c.h.h.t.HelmChartContainer - [hivemq-test-hivemq-platform] [hivemq-platform-operator] [ca42fe44] 	at io.fabric8.kubernetes.client.dsl.internal.HasMetadataOperation.updateStatus(HasMetadataOperation.java:44)
2025-01-30 18:15:45,497 INFO c.h.h.t.HelmChartContainer - [hivemq-test-hivemq-platform] [hivemq-platform-operator] [ca42fe44] 	at io.javaoperatorsdk.operator.processing.event.ReconciliationDispatcher$CustomResourceFacade.updateStatus(ReconciliationDispatcher.java:408)
2025-01-30 18:15:45,497 INFO c.h.h.t.HelmChartContainer - [hivemq-test-hivemq-platform] [hivemq-platform-operator] [ca42fe44] 	at io.javaoperatorsdk.operator.processing.event.ReconciliationDispatcher.updateStatusGenerationAware(ReconciliationDispatcher.java:228)
2025-01-30 18:15:45,497 INFO c.h.h.t.HelmChartContainer - [hivemq-test-hivemq-platform] [hivemq-platform-operator] [ca42fe44] 	at io.javaoperatorsdk.operator.processing.event.ReconciliationDispatcher.reconcileExecution(ReconciliationDispatcher.java:150)
2025-01-30 18:15:45,497 INFO c.h.h.t.HelmChartContainer - [hivemq-test-hivemq-platform] [hivemq-platform-operator] [ca42fe44] 	at io.javaoperatorsdk.operator.processing.event.ReconciliationDispatcher.handleReconcile(ReconciliationDispatcher.java:117)
2025-01-30 18:15:45,497 INFO c.h.h.t.HelmChartContainer - [hivemq-test-hivemq-platform] [hivemq-platform-operator] [ca42fe44] 	at io.javaoperatorsdk.operator.processing.event.ReconciliationDispatcher.handleDispatch(ReconciliationDispatcher.java:91)
2025-01-30 18:15:45,497 INFO c.h.h.t.HelmChartContainer - [hivemq-test-hivemq-platform] [hivemq-platform-operator] [ca42fe44] 	at io.javaoperatorsdk.operator.processing.event.ReconciliationDispatcher.handleExecution(ReconciliationDispatcher.java:64)
2025-01-30 18:15:45,497 INFO c.h.h.t.HelmChartContainer - [hivemq-test-hivemq-platform] [hivemq-platform-operator] [ca42fe44] 	at io.javaoperatorsdk.operator.processing.event.EventProcessor$ReconcilerExecutor.run(EventProcessor.java:452)
2025-01-30 18:15:45,497 INFO c.h.h.t.HelmChartContainer - [hivemq-test-hivemq-platform] [hivemq-platform-operator] [ca42fe44] 	at java.base/java.util.concurrent.ThreadPoolExecutor.runWorker(Unknown Source)
2025-01-30 18:15:45,497 INFO c.h.h.t.HelmChartContainer - [hivemq-test-hivemq-platform] [hivemq-platform-operator] [ca42fe44] 	at java.base/java.util.concurrent.ThreadPoolExecutor$Worker.run(Unknown Source)
2025-01-30 18:15:45,497 INFO c.h.h.t.HelmChartContainer - [hivemq-test-hivemq-platform] [hivemq-platform-operator] [ca42fe44] 	at java.base/java.lang.Thread.run(Unknown Source)
2025-01-30 18:15:45,497 INFO c.h.h.t.HelmChartContainer - [hivemq-test-hivemq-platform] [hivemq-platform-operator] [ca42fe44] Caused by: io.fabric8.kubernetes.client.KubernetesClientException: Failure executing: PUT at: https://10.43.0.1:443/apis/hivemq.com/v1/namespaces/helmplatformmutualtlsit/hivemq-platforms/test-hivemq-platform/status. Message: Operation cannot be fulfilled on hivemq-platforms.hivemq.com "test-hivemq-platform": the object has been modified; please apply your changes to the latest version and try again. Received status: Status(apiVersion=v1, code=409, details=StatusDetails(causes=[], group=hivemq.com, kind=hivemq-platforms, name=test-hivemq-platform, retryAfterSeconds=null, uid=null, additionalProperties={}), kind=Status, message=Operation cannot be fulfilled on hivemq-platforms.hivemq.com "test-hivemq-platform": the object has been modified; please apply your changes to the latest version and try again, metadata=ListMeta(_continue=null, remainingItemCount=null, resourceVersion=null, selfLink=null, additionalProperties={}), reason=Conflict, status=Failure, additionalProperties={}).
2025-01-30 18:15:45,497 INFO c.h.h.t.HelmChartContainer - [hivemq-test-hivemq-platform] [hivemq-platform-operator] [ca42fe44] 	at io.fabric8.kubernetes.client.dsl.internal.OperationSupport.requestFailure(OperationSupport.java:660)
2025-01-30 18:15:45,497 INFO c.h.h.t.HelmChartContainer - [hivemq-test-hivemq-platform] [hivemq-platform-operator] [ca42fe44] 	at io.fabric8.kubernetes.client.dsl.internal.OperationSupport.requestFailure(OperationSupport.java:640)
2025-01-30 18:15:45,497 INFO c.h.h.t.HelmChartContainer - [hivemq-test-hivemq-platform] [hivemq-platform-operator] [ca42fe44] 	at io.fabric8.kubernetes.client.dsl.internal.OperationSupport.assertResponseCode(OperationSupport.java:589)
2025-01-30 18:15:45,498 INFO c.h.h.t.HelmChartContainer - [hivemq-test-hivemq-platform] [hivemq-platform-operator] [ca42fe44] 	at io.fabric8.kubernetes.client.dsl.internal.OperationSupport.lambda$handleResponse$0(OperationSupport.java:549)
2025-01-30 18:15:45,498 INFO c.h.h.t.HelmChartContainer - [hivemq-test-hivemq-platform] [hivemq-platform-operator] [ca42fe44] 	at java.base/java.util.concurrent.CompletableFuture$UniApply.tryFire(Unknown Source)
2025-01-30 18:15:45,498 INFO c.h.h.t.HelmChartContainer - [hivemq-test-hivemq-platform] [hivemq-platform-operator] [ca42fe44] 	at java.base/java.util.concurrent.CompletableFuture.postComplete(Unknown Source)
2025-01-30 18:15:45,498 INFO c.h.h.t.HelmChartContainer - [hivemq-test-hivemq-platform] [hivemq-platform-operator] [ca42fe44] 	at java.base/java.util.concurrent.CompletableFuture.complete(Unknown Source)
2025-01-30 18:15:45,498 INFO c.h.h.t.HelmChartContainer - [hivemq-test-hivemq-platform] [hivemq-platform-operator] [ca42fe44] 	at io.fabric8.kubernetes.client.http.StandardHttpClient.lambda$completeOrCancel$10(StandardHttpClient.java:141)
2025-01-30 18:15:45,498 INFO c.h.h.t.HelmChartContainer - [hivemq-test-hivemq-platform] [hivemq-platform-operator] [ca42fe44] 	at java.base/java.util.concurrent.CompletableFuture.uniWhenComplete(Unknown Source)
2025-01-30 18:15:45,498 INFO c.h.h.t.HelmChartContainer - [hivemq-test-hivemq-platform] [hivemq-platform-operator] [ca42fe44] 	at java.base/java.util.concurrent.CompletableFuture$UniWhenComplete.tryFire(Unknown Source)
2025-01-30 18:15:45,498 INFO c.h.h.t.HelmChartContainer - [hivemq-test-hivemq-platform] [hivemq-platform-operator] [ca42fe44] 	at java.base/java.util.concurrent.CompletableFuture.postComplete(Unknown Source)
2025-01-30 18:15:45,498 INFO c.h.h.t.HelmChartContainer - [hivemq-test-hivemq-platform] [hivemq-platform-operator] [ca42fe44] 	at java.base/java.util.concurrent.CompletableFuture.complete(Unknown Source)
2025-01-30 18:15:45,498 INFO c.h.h.t.HelmChartContainer - [hivemq-test-hivemq-platform] [hivemq-platform-operator] [ca42fe44] 	at io.fabric8.kubernetes.client.http.ByteArrayBodyHandler.onBodyDone(ByteArrayBodyHandler.java:51)
2025-01-30 18:15:45,498 INFO c.h.h.t.HelmChartContainer - [hivemq-test-hivemq-platform] [hivemq-platform-operator] [ca42fe44] 	at java.base/java.util.concurrent.CompletableFuture.uniWhenComplete(Unknown Source)
2025-01-30 18:15:45,498 INFO c.h.h.t.HelmChartContainer - [hivemq-test-hivemq-platform] [hivemq-platform-operator] [ca42fe44] 	at java.base/java.util.concurrent.CompletableFuture$UniWhenComplete.tryFire(Unknown Source)
2025-01-30 18:15:45,498 INFO c.h.h.t.HelmChartContainer - [hivemq-test-hivemq-platform] [hivemq-platform-operator] [ca42fe44] 	at java.base/java.util.concurrent.CompletableFuture.postComplete(Unknown Source)
2025-01-30 18:15:45,498 INFO c.h.h.t.HelmChartContainer - [hivemq-test-hivemq-platform] [hivemq-platform-operator] [ca42fe44] 	at java.base/java.util.concurrent.CompletableFuture.complete(Unknown Source)
2025-01-30 18:15:45,498 INFO c.h.h.t.HelmChartContainer - [hivemq-test-hivemq-platform] [hivemq-platform-operator] [ca42fe44] 	at io.fabric8.kubernetes.client.vertx.VertxHttpRequest.lambda$null$1(VertxHttpRequest.java:121)
2025-01-30 18:15:45,498 INFO c.h.h.t.HelmChartContainer - [hivemq-test-hivemq-platform] [hivemq-platform-operator] [ca42fe44] 	at io.vertx.core.impl.ContextInternal.dispatch(ContextInternal.java:279)
2025-01-30 18:15:45,498 INFO c.h.h.t.HelmChartContainer - [hivemq-test-hivemq-platform] [hivemq-platform-operator] [ca42fe44] 	at io.vertx.core.impl.ContextInternal.dispatch(ContextInternal.java:261)
2025-01-30 18:15:45,498 INFO c.h.h.t.HelmChartContainer - [hivemq-test-hivemq-platform] [hivemq-platform-operator] [ca42fe44] 	at io.vertx.core.http.impl.HttpEventHandler.handleEnd(HttpEventHandler.java:76)
2025-01-30 18:15:45,498 INFO c.h.h.t.HelmChartContainer - [hivemq-test-hivemq-platform] [hivemq-platform-operator] [ca42fe44] 	at io.vertx.core.http.impl.HttpClientResponseImpl.handleEnd(HttpClientResponseImpl.java:250)
2025-01-30 18:15:45,498 INFO c.h.h.t.HelmChartContainer - [hivemq-test-hivemq-platform] [hivemq-platform-operator] [ca42fe44] 	at io.vertx.core.http.impl.Http1xClientConnection$StreamImpl.lambda$new$0(Http1xClientConnection.java:421)
2025-01-30 18:15:45,498 INFO c.h.h.t.HelmChartContainer - [hivemq-test-hivemq-platform] [hivemq-platform-operator] [ca42fe44] 	at io.vertx.core.streams.impl.InboundBuffer.handleEvent(InboundBuffer.java:279)
2025-01-30 18:15:45,498 INFO c.h.h.t.HelmChartContainer - [hivemq-test-hivemq-platform] [hivemq-platform-operator] [ca42fe44] 	at io.vertx.core.streams.impl.InboundBuffer.write(InboundBuffer.java:157)
2025-01-30 18:15:45,498 INFO c.h.h.t.HelmChartContainer - [hivemq-test-hivemq-platform] [hivemq-platform-operator] [ca42fe44] 	at io.vertx.core.http.impl.Http1xClientConnection$StreamImpl.handleEnd(Http1xClientConnection.java:709)
2025-01-30 18:15:45,498 INFO c.h.h.t.HelmChartContainer - [hivemq-test-hivemq-platform] [hivemq-platform-operator] [ca42fe44] 	at io.vertx.core.impl.ContextImpl.lambda$execute$4(ContextImpl.java:315)
2025-01-30 18:15:45,498 INFO c.h.h.t.HelmChartContainer - [hivemq-test-hivemq-platform] [hivemq-platform-operator] [ca42fe44] 	at io.netty.util.concurrent.AbstractEventExecutor.runTask(AbstractEventExecutor.java:173)
2025-01-30 18:15:45,498 INFO c.h.h.t.HelmChartContainer - [hivemq-test-hivemq-platform] [hivemq-platform-operator] [ca42fe44] 	at io.netty.util.concurrent.AbstractEventExecutor.safeExecute(AbstractEventExecutor.java:166)
2025-01-30 18:15:45,498 INFO c.h.h.t.HelmChartContainer - [hivemq-test-hivemq-platform] [hivemq-platform-operator] [ca42fe44] 	at io.netty.util.concurrent.SingleThreadEventExecutor.runAllTasks(SingleThreadEventExecutor.java:472)
2025-01-30 18:15:45,498 INFO c.h.h.t.HelmChartContainer - [hivemq-test-hivemq-platform] [hivemq-platform-operator] [ca42fe44] 	at io.netty.channel.nio.NioEventLoop.run(NioEventLoop.java:569)
2025-01-30 18:15:45,498 INFO c.h.h.t.HelmChartContainer - [hivemq-test-hivemq-platform] [hivemq-platform-operator] [ca42fe44] 	at io.netty.util.concurrent.SingleThreadEventExecutor$4.run(SingleThreadEventExecutor.java:997)
2025-01-30 18:15:45,498 INFO c.h.h.t.HelmChartContainer - [hivemq-test-hivemq-platform] [hivemq-platform-operator] [ca42fe44] 	at io.netty.util.internal.ThreadExecutorMap$2.run(ThreadExecutorMap.java:74)
2025-01-30 18:15:45,498 INFO c.h.h.t.HelmChartContainer - [hivemq-test-hivemq-platform] [hivemq-platform-operator] [ca42fe44] 	at io.netty.util.concurrent.FastThreadLocalRunnable.run(FastThreadLocalRunnable.java:30)
2025-01-30 18:15:45,498 INFO c.h.h.t.HelmChartContainer - [hivemq-test-hivemq-platform] [hivemq-platform-operator] [ca42fe44] 	... 1 common frames omitted
2025-01-30 18:15:45,584 INFO c.h.h.t.HelmChartContainer - [hivemq-test-hivemq-platform] [hivemq-platform-operator] [ca42fe44] 18:15:45.582 [ReconcilerExecutor-hivemq-controller-120] INFO  c.h.p.o.HiveMQPlatformReconciler - [helmplat] Cleanup test-hivemq-platform - helmplatformmutualtlsit HiveMQ Platform is shut down
2025-01-30 18:15:46,266 INFO c.h.h.t.HelmChartContainer - [test-hivemq-platform] [hivemq] [b05c8243] WARN  - [HiveMQ Platform Operator Init App 1.7.0-SNAPSHOT] Could not update Pod annotations: Failure executing: GET at: https://10.43.0.1:443/api/v1/namespaces/helmplatformmutualtlsit/pods/test-hivemq-platform-0. Message: pods "test-hivemq-platform-0" is forbidden: User "system:serviceaccount:helmplatformmutualtlsit:hivemq-platform-pod-test-hivemq-platform" cannot get resource "pods" in API group "" in the namespace "helmplatformmutualtlsit". Received status: Status(apiVersion=v1, code=403, details=StatusDetails(causes=[], group=null, kind=pods, name=test-hivemq-platform-0, retryAfterSeconds=null, uid=null, additionalProperties={}), kind=Status, message=pods "test-hivemq-platform-0" is forbidden: User "system:serviceaccount:helmplatformmutualtlsit:hivemq-platform-pod-test-hivemq-platform" cannot get resource "pods" in API group "" in the namespace "helmplatformmutualtlsit", metadata=ListMeta(_continue=null, remainingItemCount=null, resourceVersion=null, selfLink=null, additionalProperties={}), reason=Forbidden, status=Failure, additionalProperties={}).
2025-01-30 18:15:46,285 INFO c.h.h.t.HelmChartContainer - [POD] test-hivemq-platform-0 [b05c8243-e54c-4499-bd8d-a1eaad5174ca] in helmplatformmutualtlsit was MODIFIED
2025-01-30 18:15:46,292 INFO c.h.h.t.HelmChartContainer - [EVENT] Normal [Killing] Stopping container hivemq [helmplatformmutualtlsit:test-hivemq-platform-0]
2025-01-30 18:15:46,292 INFO c.h.h.t.HelmChartContainer - Received Killing event for container hivemq in pod test-hivemq-platform-0 [b05c8243-e54c-4499-bd8d-a1eaad5174ca]
2025-01-30 18:15:46,292 INFO c.h.h.t.HelmChartContainer - Container [test-hivemq-platform-0] [hivemq] [b05c8243-e54c-4499-bd8d-a1eaad5174ca] was terminated
2025-01-30 18:15:46,292 INFO c.h.h.t.HelmChartContainer - Stopped log watcher for hivemq in pod test-hivemq-platform-0 [b05c8243-e54c-4499-bd8d-a1eaad5174ca]
2025-01-30 18:15:46,325 INFO c.h.h.t.HelmChartContainer - [test-hivemq-platform] [hivemq] [b05c8243] INFO  - [HiveMQ Platform Operator Init App 1.7.0-SNAPSHOT] Shutting down
2025-01-30 18:15:46,325 INFO c.h.h.t.HelmChartContainer - [test-hivemq-platform] [hivemq] [b05c8243] INFO  - [HiveMQ Platform Operator Init App 1.7.0-SNAPSHOT] Stopping the HiveMQ Platform
2025-01-30 18:15:46,537 INFO c.h.h.t.HelmChartContainer - [test-hivemq-platform] [hivemq] [b05c8243] INFO  - Shutting down HiveMQ. Please wait, this could take a while...
2025-01-30 18:15:46,627 INFO c.h.h.t.HelmChartContainer - [test-hivemq-platform] [hivemq] [b05c8243] INFO  - Shutting down listeners and clients
2025-01-30 18:15:46,627 INFO c.h.h.t.HelmChartContainer - [test-hivemq-platform] [hivemq] [b05c8243] INFO  - Shutdown of listeners is done
2025-01-30 18:15:46,627 INFO c.h.h.t.HelmChartContainer - [test-hivemq-platform] [hivemq] [b05c8243] INFO  - No clients are connected, proceeding with shutdown
2025-01-30 18:15:47,260 INFO c.h.h.t.HelmChartContainer - Deleting namespace 'helmplatformmutualtlsit'...
2025-01-30 18:15:49,629 INFO c.h.h.t.HelmChartContainer - [test-hivemq-platform] [hivemq] [b05c8243] INFO  - Shutting down extension system
2025-01-30 18:15:49,631 INFO c.h.h.t.HelmChartContainer - [test-hivemq-platform] [hivemq] [b05c8243] INFO  - Stopping extension with id hivemq-dns-cluster-discovery
2025-01-30 18:15:49,632 INFO c.h.h.t.HelmChartContainer - [test-hivemq-platform] [hivemq] [b05c8243] INFO  - Extension "DNS Cluster Discovery Extension" version 4.3.2 stopped successfully.
2025-01-30 18:15:49,632 INFO c.h.h.t.HelmChartContainer - [test-hivemq-platform] [hivemq] [b05c8243] INFO  - Stopping extension with id hivemq-prometheus-extension
2025-01-30 18:15:49,636 INFO c.h.h.t.HelmChartContainer - [test-hivemq-platform] [hivemq] [b05c8243] INFO  - Extension "Prometheus Monitoring Extension" version 4.0.12 stopped successfully.
2025-01-30 18:15:49,637 INFO c.h.h.t.HelmChartContainer - [test-hivemq-platform] [hivemq] [b05c8243] INFO  - Stopping extension with id hivemq-allow-all-extension
2025-01-30 18:15:49,637 INFO c.h.h.t.HelmChartContainer - [test-hivemq-platform] [hivemq] [b05c8243] INFO  - Extension "Allow All Extension" version 1.1.1 stopped successfully.
2025-01-30 18:15:50,843 INFO c.h.h.t.HelmChartContainer - [test-hivemq-platform] [hivemq] [b05c8243] INFO  - [HiveMQ Platform Operator Init App 1.7.0-SNAPSHOT] Returning shutdown Health API response 503 for readiness
2025-01-30 18:15:50,846 INFO c.h.h.t.HelmChartContainer - [EVENT] Warning [Unhealthy] Readiness probe failed: HTTP probe failed with statuscode: 503 [helmplatformmutualtlsit:test-hivemq-platform-0]
2025-01-30 18:15:50,846 INFO c.h.h.t.HelmChartContainer - Received Unhealthy event for container hivemq in pod test-hivemq-platform-0 [b05c8243-e54c-4499-bd8d-a1eaad5174ca]
2025-01-30 18:15:51,269 INFO c.h.h.t.HelmChartContainer - [K3S] [authentication.go:74] "Unable to authenticate the request" err="[invalid bearer token, serviceaccounts \"hivemq-platform-pod-test-hivemq-platform\" not found]"
2025-01-30 18:15:51,289 INFO c.h.h.t.HelmChartContainer - [K3S] [authentication.go:74] "Unable to authenticate the request" err="[invalid bearer token, serviceaccounts \"hivemq-platform-pod-test-hivemq-platform\" not found]"
2025-01-30 18:15:51,291 INFO c.h.h.t.HelmChartContainer - [test-hivemq-platform] [hivemq] [b05c8243] WARN  - [HiveMQ Platform Operator Init App 1.7.0-SNAPSHOT] Could not update Pod annotations: Failure executing: GET at: https://10.43.0.1:443/api/v1/namespaces/helmplatformmutualtlsit/pods/test-hivemq-platform-0. Message: Unauthorized. Received status: Status(apiVersion=v1, code=401, details=null, kind=Status, message=Unauthorized, metadata=ListMeta(_continue=null, remainingItemCount=null, resourceVersion=null, selfLink=null, additionalProperties={}), reason=Unauthorized, status=Failure, additionalProperties={}).
2025-01-30 18:15:51,900 INFO c.h.h.t.HelmChartContainer - [test-hivemq-platform] [hivemq] [b05c8243] INFO  - Shutdown completed.
2025-01-30 18:15:52,250 INFO c.h.h.t.HelmChartContainer - [test-hivemq-platform] [hivemq] [b05c8243] INFO  - [HiveMQ Platform Operator Init App 1.7.0-SNAPSHOT] The HiveMQ Platform exited with code 143
2025-01-30 18:15:52,250 INFO c.h.h.t.HelmChartContainer - [test-hivemq-platform] [hivemq] [b05c8243] INFO  - [HiveMQ Platform Operator Init App 1.7.0-SNAPSHOT] Stopping the REST API
2025-01-30 18:15:52,300 INFO c.h.h.t.HelmChartContainer - [test-hivemq-platform] [hivemq] [b05c8243] INFO  - [HiveMQ Platform Operator Init App 1.7.0-SNAPSHOT] Shutdown complete
2025-01-30 18:15:52,378 INFO c.h.h.t.HelmChartContainer - [K3S] [stateful_set.go:466] "StatefulSet has been deleted" key="helmplatformmutualtlsit/test-hivemq-platform"
2025-01-30 18:15:52,752 INFO c.h.h.t.HelmChartContainer - [POD] test-hivemq-platform-0 [b05c8243-e54c-4499-bd8d-a1eaad5174ca] in helmplatformmutualtlsit was MODIFIED
2025-01-30 18:15:52,841 INFO c.h.h.t.HelmChartContainer - [K3S] [reconciler_common.go:162] "operationExecutor.UnmountVolume started for volume \"pod-info\" (UniqueName: \"kubernetes.io/configmap/b05c8243-e54c-4499-bd8d-a1eaad5174ca-pod-info\") pod \"b05c8243-e54c-4499-bd8d-a1eaad5174ca\" (UID: \"b05c8243-e54c-4499-bd8d-a1eaad5174ca\") "
2025-01-30 18:15:52,841 INFO c.h.h.t.HelmChartContainer - [K3S] [reconciler_common.go:162] "operationExecutor.UnmountVolume started for volume \"operator-init\" (UniqueName: \"kubernetes.io/empty-dir/b05c8243-e54c-4499-bd8d-a1eaad5174ca-operator-init\") pod \"b05c8243-e54c-4499-bd8d-a1eaad5174ca\" (UID: \"b05c8243-e54c-4499-bd8d-a1eaad5174ca\") "
2025-01-30 18:15:52,841 INFO c.h.h.t.HelmChartContainer - [K3S] [reconciler_common.go:162] "operationExecutor.UnmountVolume started for volume \"kube-api-access-stk56\" (UniqueName: \"kubernetes.io/projected/b05c8243-e54c-4499-bd8d-a1eaad5174ca-kube-api-access-stk56\") pod \"b05c8243-e54c-4499-bd8d-a1eaad5174ca\" (UID: \"b05c8243-e54c-4499-bd8d-a1eaad5174ca\") "
2025-01-30 18:15:52,842 INFO c.h.h.t.HelmChartContainer - [K3S] [reconciler_common.go:162] "operationExecutor.UnmountVolume started for volume \"broker-configuration\" (UniqueName: \"kubernetes.io/configmap/b05c8243-e54c-4499-bd8d-a1eaad5174ca-broker-configuration\") pod \"b05c8243-e54c-4499-bd8d-a1eaad5174ca\" (UID: \"b05c8243-e54c-4499-bd8d-a1eaad5174ca\") "
2025-01-30 18:15:52,842 INFO c.h.h.t.HelmChartContainer - [K3S] [reconciler_common.go:162] "operationExecutor.UnmountVolume started for volume \"mqtts-truststore-1884\" (UniqueName: \"kubernetes.io/secret/b05c8243-e54c-4499-bd8d-a1eaad5174ca-mqtts-truststore-1884\") pod \"b05c8243-e54c-4499-bd8d-a1eaad5174ca\" (UID: \"b05c8243-e54c-4499-bd8d-a1eaad5174ca\") "
2025-01-30 18:15:52,842 INFO c.h.h.t.HelmChartContainer - [K3S] [reconciler_common.go:162] "operationExecutor.UnmountVolume started for volume \"mqtts-keystore-1885\" (UniqueName: \"kubernetes.io/secret/b05c8243-e54c-4499-bd8d-a1eaad5174ca-mqtts-keystore-1885\") pod \"b05c8243-e54c-4499-bd8d-a1eaad5174ca\" (UID: \"b05c8243-e54c-4499-bd8d-a1eaad5174ca\") "
2025-01-30 18:15:52,842 INFO c.h.h.t.HelmChartContainer - [K3S] [reconciler_common.go:162] "operationExecutor.UnmountVolume started for volume \"mqtts-truststore-1885\" (UniqueName: \"kubernetes.io/secret/b05c8243-e54c-4499-bd8d-a1eaad5174ca-mqtts-truststore-1885\") pod \"b05c8243-e54c-4499-bd8d-a1eaad5174ca\" (UID: \"b05c8243-e54c-4499-bd8d-a1eaad5174ca\") "
2025-01-30 18:15:52,842 INFO c.h.h.t.HelmChartContainer - [K3S] [reconciler_common.go:162] "operationExecutor.UnmountVolume started for volume \"mqtts-keystore-1884\" (UniqueName: \"kubernetes.io/secret/b05c8243-e54c-4499-bd8d-a1eaad5174ca-mqtts-keystore-1884\") pod \"b05c8243-e54c-4499-bd8d-a1eaad5174ca\" (UID: \"b05c8243-e54c-4499-bd8d-a1eaad5174ca\") "
2025-01-30 18:15:52,942 INFO c.h.h.t.HelmChartContainer - [K3S] [reconciler_common.go:299] "Volume detached for volume \"mqtts-truststore-1885\" (UniqueName: \"kubernetes.io/secret/b05c8243-e54c-4499-bd8d-a1eaad5174ca-mqtts-truststore-1885\") on node \"f3789c3ef0a0\" DevicePath \"\""
2025-01-30 18:15:52,942 INFO c.h.h.t.HelmChartContainer - [K3S] [reconciler_common.go:299] "Volume detached for volume \"mqtts-keystore-1884\" (UniqueName: \"kubernetes.io/secret/b05c8243-e54c-4499-bd8d-a1eaad5174ca-mqtts-keystore-1884\") on node \"f3789c3ef0a0\" DevicePath \"\""
2025-01-30 18:15:52,942 INFO c.h.h.t.HelmChartContainer - [K3S] [reconciler_common.go:299] "Volume detached for volume \"pod-info\" (UniqueName: \"kubernetes.io/configmap/b05c8243-e54c-4499-bd8d-a1eaad5174ca-pod-info\") on node \"f3789c3ef0a0\" DevicePath \"\""
2025-01-30 18:15:52,942 INFO c.h.h.t.HelmChartContainer - [K3S] [reconciler_common.go:299] "Volume detached for volume \"operator-init\" (UniqueName: \"kubernetes.io/empty-dir/b05c8243-e54c-4499-bd8d-a1eaad5174ca-operator-init\") on node \"f3789c3ef0a0\" DevicePath \"\""
2025-01-30 18:15:52,943 INFO c.h.h.t.HelmChartContainer - [K3S] [reconciler_common.go:299] "Volume detached for volume \"kube-api-access-stk56\" (UniqueName: \"kubernetes.io/projected/b05c8243-e54c-4499-bd8d-a1eaad5174ca-kube-api-access-stk56\") on node \"f3789c3ef0a0\" DevicePath \"\""
2025-01-30 18:15:52,943 INFO c.h.h.t.HelmChartContainer - [K3S] [reconciler_common.go:299] "Volume detached for volume \"broker-configuration\" (UniqueName: \"kubernetes.io/configmap/b05c8243-e54c-4499-bd8d-a1eaad5174ca-broker-configuration\") on node \"f3789c3ef0a0\" DevicePath \"\""
2025-01-30 18:15:52,943 INFO c.h.h.t.HelmChartContainer - [K3S] [reconciler_common.go:299] "Volume detached for volume \"mqtts-truststore-1884\" (UniqueName: \"kubernetes.io/secret/b05c8243-e54c-4499-bd8d-a1eaad5174ca-mqtts-truststore-1884\") on node \"f3789c3ef0a0\" DevicePath \"\""
2025-01-30 18:15:52,943 INFO c.h.h.t.HelmChartContainer - [K3S] [reconciler_common.go:299] "Volume detached for volume \"mqtts-keystore-1885\" (UniqueName: \"kubernetes.io/secret/b05c8243-e54c-4499-bd8d-a1eaad5174ca-mqtts-keystore-1885\") on node \"f3789c3ef0a0\" DevicePath \"\""
2025-01-30 18:15:53,569 INFO c.h.h.t.HelmChartContainer - [K3S] [scope.go:117] "RemoveContainer" containerID="d0415b1442d9e8440744613142e0e993b312fe8ed5c8a72dbee7bfbd1b59e5e4"
2025-01-30 18:15:53,591 INFO c.h.h.t.HelmChartContainer - [POD] test-hivemq-platform-0 [b05c8243-e54c-4499-bd8d-a1eaad5174ca] in helmplatformmutualtlsit was MODIFIED
2025-01-30 18:15:53,591 INFO c.h.h.t.HelmChartContainer - [POD] test-hivemq-platform-0 [b05c8243-e54c-4499-bd8d-a1eaad5174ca] in helmplatformmutualtlsit was DELETED
2025-01-30 18:15:53,670 INFO c.h.h.t.HelmChartContainer - [K3S] [scope.go:117] "RemoveContainer" containerID="9daa66f008be705f5ec7bf1aad3bcacd493efd9639ba980b709b6c19271954ba"
2025-01-30 18:15:53,673 INFO c.h.h.t.HelmChartContainer - [K3S] [scope.go:117] "RemoveContainer" containerID="d0415b1442d9e8440744613142e0e993b312fe8ed5c8a72dbee7bfbd1b59e5e4"
2025-01-30 18:15:53,674 INFO c.h.h.t.HelmChartContainer - [K3S] [scope.go:117] "RemoveContainer" containerID="9daa66f008be705f5ec7bf1aad3bcacd493efd9639ba980b709b6c19271954ba"
2025-01-30 18:15:54,249 INFO c.h.h.t.HelmChartContainer - [K3S] [kubelet_volumes.go:163] "Cleaned up orphaned pod volumes dir" podUID="b05c8243-e54c-4499-bd8d-a1eaad5174ca" path="/var/lib/kubelet/pods/b05c8243-e54c-4499-bd8d-a1eaad5174ca/volumes"
2025-01-30 18:15:57,588 INFO c.h.h.t.HelmChartContainer - Namespace 'helmplatformmutualtlsit' deleted
2025-01-30 18:15:57,588 INFO c.h.h.t.HelmChartContainer - Release 'test-hivemq-platform' in namespace 'helmplatformmutualtlsit' is uninstalled
2025-01-30 18:15:57,588 INFO c.h.h.t.HelmChartContainer - Uninstalling release 'test-hivemq-platform-operator' in namespace 'helmplatformmutualtlsit-operator'...
2025-01-30 18:15:57,588 DEBUG c.h.h.t.HelmChartContainer - Executing helm command: /bin/helm --kubeconfig /etc/rancher/k3s/k3s.yaml uninstall test-hivemq-platform-operator  --wait --timeout 5m0s --cascade foreground --namespace helmplatformmutualtlsit-operator
2025-01-30 18:15:57,757 INFO c.h.h.t.HelmChartContainer - [K3S] [replica_set.go:679] "Finished syncing" kind="ReplicaSet" key="helmplatformmutualtlsit-operator/hivemq-test-hivemq-platform-operator-6966f96d65" duration="8.363379ms"
2025-01-30 18:15:57,757 INFO c.h.h.t.HelmChartContainer - [K3S] [replica_set.go:679] "Finished syncing" kind="ReplicaSet" key="helmplatformmutualtlsit-operator/hivemq-test-hivemq-platform-operator-6966f96d65" duration="31.038µs"
2025-01-30 18:15:57,769 INFO c.h.h.t.HelmChartContainer - [POD] hivemq-test-hivemq-platform-operator-6966f96d65-fnzgm [ca42fe44-0af8-4f1e-ab0d-dc57e543336b] in helmplatformmutualtlsit-operator was MODIFIED
2025-01-30 18:15:57,790 INFO c.h.h.t.HelmChartContainer - [EVENT] Normal [Killing] Stopping container hivemq-platform-operator [helmplatformmutualtlsit-operator:hivemq-test-hivemq-platform-operator-6966f96d65-fnzgm]
2025-01-30 18:15:57,790 INFO c.h.h.t.HelmChartContainer - Received Killing event for container hivemq-platform-operator in pod hivemq-test-hivemq-platform-operator-6966f96d65-fnzgm [ca42fe44-0af8-4f1e-ab0d-dc57e543336b]
2025-01-30 18:15:57,790 INFO c.h.h.t.HelmChartContainer - Container [hivemq-test-hivemq-platform-operator-6966f96d65-fnzgm] [hivemq-platform-operator] [ca42fe44-0af8-4f1e-ab0d-dc57e543336b] was terminated
2025-01-30 18:15:57,790 INFO c.h.h.t.HelmChartContainer - Stopped log watcher for hivemq-platform-operator in pod hivemq-test-hivemq-platform-operator-6966f96d65-fnzgm [ca42fe44-0af8-4f1e-ab0d-dc57e543336b]
2025-01-30 18:15:57,791 INFO c.h.h.t.HelmChartContainer - [hivemq-test-hivemq-platform] [hivemq-platform-operator] [ca42fe44] 18:15:57.786 [application-shutdown-thread] INFO  c.h.p.o.HiveMQPlatformOperatorApplication - HiveMQ Platform Operator is stopping...
2025-01-30 18:15:57,792 INFO c.h.h.t.HelmChartContainer - [hivemq-test-hivemq-platform] [hivemq-platform-operator] [ca42fe44] 18:15:57.786 [application-shutdown-thread] INFO  i.javaoperatorsdk.operator.Operator - Operator SDK 4.9.7 is shutting down...
2025-01-30 18:15:57,802 INFO c.h.h.t.HelmChartContainer - [K3S] [replica_set.go:679] "Finished syncing" kind="ReplicaSet" key="helmplatformmutualtlsit-operator/hivemq-test-hivemq-platform-operator-6966f96d65" duration="30.856091ms"
2025-01-30 18:15:57,807 INFO c.h.h.t.HelmChartContainer - [K3S] [replica_set.go:679] "Finished syncing" kind="ReplicaSet" key="helmplatformmutualtlsit-operator/hivemq-test-hivemq-platform-operator-6966f96d65" duration="45.094µs"
2025-01-30 18:15:57,813 INFO c.h.h.t.HelmChartContainer - [EVENT] Warning [FailedToUpdateEndpoint] Failed to update endpoint helmplatformmutualtlsit-operator/hivemq-platform-operator-test-hivemq-platform-operator: Operation cannot be fulfilled on endpoints "hivemq-platform-operator-test-hivemq-platform-operator": StorageError: invalid object, Code: 4, Key: /registry/services/endpoints/helmplatformmutualtlsit-operator/hivemq-platform-operator-test-hivemq-platform-operator, ResourceVersion: 0, AdditionalErrorMsg: Precondition failed: UID in precondition: 422a75d6-5d7f-49da-94e3-f12be8ca711e, UID in object meta:  [helmplatformmutualtlsit-operator:hivemq-platform-operator-test-hivemq-platform-operator]
2025-01-30 18:15:58,320 INFO c.h.h.t.HelmChartContainer - [POD] hivemq-test-hivemq-platform-operator-6966f96d65-fnzgm [ca42fe44-0af8-4f1e-ab0d-dc57e543336b] in helmplatformmutualtlsit-operator was MODIFIED
2025-01-30 18:15:58,320 INFO c.h.h.t.HelmChartContainer - [K3S] [replica_set.go:679] "Finished syncing" kind="ReplicaSet" key="helmplatformmutualtlsit-operator/hivemq-test-hivemq-platform-operator-6966f96d65" duration="38.231µs"
2025-01-30 18:15:58,368 INFO c.h.h.t.HelmChartContainer - [K3S] [reconciler_common.go:162] "operationExecutor.UnmountVolume started for volume \"kube-api-access-59l4r\" (UniqueName: \"kubernetes.io/projected/ca42fe44-0af8-4f1e-ab0d-dc57e543336b-kube-api-access-59l4r\") pod \"ca42fe44-0af8-4f1e-ab0d-dc57e543336b\" (UID: \"ca42fe44-0af8-4f1e-ab0d-dc57e543336b\") "
2025-01-30 18:15:58,469 INFO c.h.h.t.HelmChartContainer - [K3S] [reconciler_common.go:299] "Volume detached for volume \"kube-api-access-59l4r\" (UniqueName: \"kubernetes.io/projected/ca42fe44-0af8-4f1e-ab0d-dc57e543336b-kube-api-access-59l4r\") on node \"f3789c3ef0a0\" DevicePath \"\""
2025-01-30 18:15:58,578 INFO c.h.h.t.HelmChartContainer - [K3S] [scope.go:117] "RemoveContainer" containerID="cc6e028ea9539bcb9b500cc60b42c52db54c45ea1385ba210559c3af51993d03"
2025-01-30 18:15:58,580 INFO c.h.h.t.HelmChartContainer - [K3S] [scope.go:117] "RemoveContainer" containerID="cc6e028ea9539bcb9b500cc60b42c52db54c45ea1385ba210559c3af51993d03"
2025-01-30 18:15:58,589 INFO c.h.h.t.HelmChartContainer - [K3S] [replica_set.go:679] "Finished syncing" kind="ReplicaSet" key="helmplatformmutualtlsit-operator/hivemq-test-hivemq-platform-operator-6966f96d65" duration="41.798µs"
2025-01-30 18:15:58,589 INFO c.h.h.t.HelmChartContainer - [POD] hivemq-test-hivemq-platform-operator-6966f96d65-fnzgm [ca42fe44-0af8-4f1e-ab0d-dc57e543336b] in helmplatformmutualtlsit-operator was MODIFIED
2025-01-30 18:15:58,591 INFO c.h.h.t.HelmChartContainer - [POD] hivemq-test-hivemq-platform-operator-6966f96d65-fnzgm [ca42fe44-0af8-4f1e-ab0d-dc57e543336b] in helmplatformmutualtlsit-operator was DELETED
2025-01-30 18:15:58,591 INFO c.h.h.t.HelmChartContainer - [K3S] [replica_set.go:679] "Finished syncing" kind="ReplicaSet" key="helmplatformmutualtlsit-operator/hivemq-test-hivemq-platform-operator-6966f96d65" duration="27.141µs"
2025-01-30 18:15:58,601 INFO c.h.h.t.HelmChartContainer - [K3S] [replica_set.go:679] "Finished syncing" kind="ReplicaSet" key="helmplatformmutualtlsit-operator/hivemq-test-hivemq-platform-operator-6966f96d65" duration="5.521µs"
2025-01-30 18:15:59,828 INFO c.h.h.t.HelmChartContainer - Deleting namespace 'helmplatformmutualtlsit-operator'...
2025-01-30 18:16:00,249 INFO c.h.h.t.HelmChartContainer - [K3S] [kubelet_volumes.go:163] "Cleaned up orphaned pod volumes dir" podUID="ca42fe44-0af8-4f1e-ab0d-dc57e543336b" path="/var/lib/kubelet/pods/ca42fe44-0af8-4f1e-ab0d-dc57e543336b/volumes"
2025-01-30 18:16:02,509 INFO c.h.h.t.HelmChartContainer - [K3S] [namespace_controller.go:187] "Namespace has been deleted" namespace="helmplatformmutualtlsit"
2025-01-30 18:16:05,045 INFO c.h.h.t.HelmChartContainer - Namespace 'helmplatformmutualtlsit-operator' deleted
2025-01-30 18:16:05,045 INFO c.h.h.t.HelmChartContainer - Release 'test-hivemq-platform-operator' in namespace 'helmplatformmutualtlsit-operator' is uninstalled
2025-01-30 18:16:05,780 INFO c.h.helmcharts.AbstractHelmChartIT - Removed unused containers:

2025-01-30 18:16:09,948 INFO c.h.h.t.HelmChartContainer - [K3S] [namespace_controller.go:187] "Namespace has been deleted" namespace="helmplatformmutualtlsit-operator"
2025-01-30 18:16:13,324 INFO c.h.helmcharts.AbstractHelmChartIT - Removed unused snapshots:
Removing snapshot sha256:03af251906410714c5aef9fa705b63f6bbc39c4a5e787de7361eeb18886c2ed2
Removing snapshot sha256:0c46b3b43cce082ce5ec34ffc6c294e0417d17b9d1e6f366d114b6aadc4f96dc
Removing snapshot sha256:0ce761beee59082d6ed5bcebd3a805b8ddd9b3426b617e4809e7fb7c6587ffec
Removing snapshot sha256:0df91287303208332c8ff6ba40ae4710105201739addbfbddfb955f1ad593664
Removing snapshot sha256:1021ef88c7974bfff89c5a0ec4fd3160daac6c48a075f74cff721f85dd104e68
Removing snapshot sha256:10aba4953ddc18145dd38e3704709bc464aa20af60b56fe52caaff4b68411e62
Removing snapshot sha256:2573e0d8158209ed54ab25c87bcdcb00bd3d2539246960a3d592a1c599d70465
Removing snapshot sha256:362a8a37f8bbc31925a8146adcf7cf51f9882f5c1dcbef67c5baa03a297543c0
Removing snapshot sha256:3fa4ad33f0ddc8fd45b39b6b4640f82a3a83619606cd975bfe89d8710ad2d4cd
Removing snapshot sha256:43a7c979bbaba6838bc3102d6b10a1459f3ab050b87ccdfef84ef90cf43d3058
Removing snapshot sha256:4ab04491cdf0d3267f08206fe30bd48f49f94b9cab2f016d6739220f722a64af
Removing snapshot sha256:4b6068250e89c96f263060261819c7d912855bfbd64b3eb4c4a8483299b8c295
Removing snapshot sha256:580e69a0a8034ede1921139bbd2bfb72a69ebf276d008281896c32dd8bf74775
Removing snapshot sha256:5bc33161e52254477ba2d763a7ea2062e0d02ffae90234a9319a64c9cb3220a9
Removing snapshot sha256:5d30ba46b27fe37484567ccc5242cadc78217b8da605f3f195ef25cbf7487904
Removing snapshot sha256:63ca1fbb43ae5034640e5e6cb3e083e05c290072c5366fcaa9d62435a4cced85
Removing snapshot sha256:67f702c6baae873bceb19487c8b1f27bd2b86077e4f2f0e480e6d60ab508b8f5
Removing snapshot sha256:6864348dd42806d552efdec384f1274be15e2d0c10ce44c1f04347af004c10a9
Removing snapshot sha256:6c7dee8f2c39b84b7dc2711c01d33de93514d9055499173e9290176fbe484b6c
Removing snapshot sha256:82753493a6d61ded36556292f02f31841a14c20d2f279f19eaad65afb661d5cd
Removing snapshot sha256:8a10d3db42c505ee0fcfa98417bdd7e39b304f6bcc0a06bb1b220797ff2cc63c
Removing snapshot sha256:8c66ad43eb5f65171e32da0fb914719d50d10f129546a97b3b83e03bdd6fb8e4
Removing snapshot sha256:a21e5b12dbac529ad45d976eb9ce45c881f3bedcc500fb30aba1e52aa1813418
Removing snapshot sha256:b921e6c28969094157f9b8e7244677780319637afd14450b7cb6b2fdea558a0c
Removing snapshot sha256:bc27ecb5769a00e309cf99ebc763c4a4b958b618d1decc96ffac5bc05f02f5b7
Removing snapshot sha256:be3ccb6627a5332e309d45ef461d09b4879dd870c7394d89323d0ebc6ca6aa8a
Removing snapshot sha256:c261f7cbbc64211ee175ee47273acdb7b1a36a4450b397a064a8f2c026490095
Removing snapshot sha256:c34d9393647eea0c9e3557ab988efaf59f61d10a2a5613b439ef0958cca5ec10
Removing snapshot sha256:ccf3c4a0fa967a41c1c83497a2ce6fa5787965859df0adb32c4ca2cf7490bc2b
Removing snapshot sha256:cf92d33f869417309692088c341cd0f223c178ea78a125f757317b22aa8f90e9
Removing snapshot sha256:d0037344cf2fb078884f1849f6a1f8cf9a33a3b6139b6a85833e5ee528e1f9a8
Removing snapshot sha256:d3b36d5b79273b1e98e7700470eaeff05a882e777124d84cebcc1505b85ecb36
Removing snapshot sha256:d65a44a37914602d12c611e5e22a50f11451d847e63015cc1c2aef92dee777a4
Removing snapshot sha256:e2dc0bae2455930f23ae570e019b7f32edc75c0f2d71cab084db837ff9051796
Removing snapshot sha256:eccbd24a99c60cd9e86ee5305dbfc4a4dc89f5ab4fb1f06c8d64797cecedef34
Removing snapshot sha256:f144bb4c7c7f0d2aa7eeffd36d934ec40db1ee167be727e326aad9fdc616f475

]]></system-out>
  </testcase>
  <system-out><![CDATA[2025-01-30 18:14:22,241 INFO c.h.h.t.HelmChartContainerExtension - Using cached HelmChartContainer instance
]]></system-out>
  <system-err><![CDATA[]]></system-err>
</testsuite>
