<?xml version="1.0" encoding="UTF-8"?>
<testsuite name="com.hivemq.helmcharts.containers.HelmInitContainerIT" tests="2" skipped="0" failures="0" errors="0" timestamp="2025-01-28T23:51:27" hostname="fv-az789-994" time="209.915">
  <properties/>
  <testcase name="whenAdditionalInitContainer_withConsulTemplate_thenLicenseUpdated()" classname="com.hivemq.helmcharts.containers.HelmInitContainerIT" time="105.287">
    <system-out><![CDATA[2025-01-28 23:51:27,362 INFO c.h.h.t.HelmChartContainer - Creating namespace 'helminitcontainerit-operator'...
2025-01-28 23:51:27,669 INFO c.h.h.t.HelmChartContainer - Namespace 'helminitcontainerit-operator' created
2025-01-28 23:51:27,669 INFO c.h.h.t.HelmChartContainer - Creating namespace 'helminitcontainerit'...
2025-01-28 23:51:27,670 INFO c.h.h.t.HelmChartContainer - [POD] coredns-ff8999cc5-sgpd4 [c98dc799-28ae-4da0-b65c-f7e0709faf28] in kube-system was ADDED
2025-01-28 23:51:27,672 INFO c.h.h.t.HelmChartContainer - [POD] local-path-provisioner-698b58967b-6pgqt [171fec77-f8eb-41f4-a5c7-8835a3bf2595] in kube-system was ADDED
2025-01-28 23:51:27,674 INFO c.h.h.t.HelmChartContainer - [POD] metrics-server-8584b5786c-j4z89 [67e40a77-9249-4fc4-a2c6-e83d149bfe46] in kube-system was ADDED
2025-01-28 23:51:27,682 INFO c.h.h.t.HelmChartContainer - Namespace 'helminitcontainerit' created
2025-01-28 23:51:27,762 DEBUG c.h.h.t.HelmChartContainer - Executing helm command: /bin/helm --kubeconfig /etc/rancher/k3s/k3s.yaml install test-hivemq-platform-operator /charts/hivemq-platform-operator --wait --timeout 5m0s --set image.repository=docker.io/hivemq --set image.name=hivemq-platform-operator-test --set image.initImageName=hivemq-platform-operator-init-test --set image.tag=snapshot --set image.pullPolicy=Never --set logLevel=DEBUG --set resources.cpu=512m --namespace helminitcontainerit-operator
2025-01-28 23:51:30,103 INFO c.h.h.t.HelmChartContainer - [K3S] [alloc.go:330] "allocated clusterIPs" service="helminitcontainerit-operator/hivemq-platform-operator-test-hivemq-platform-operator" clusterIPs={"IPv4":"10.43.126.115"}
2025-01-28 23:51:30,119 INFO c.h.h.t.HelmChartContainer - [EVENT] Normal [ScalingReplicaSet] Scaled up replica set hivemq-test-hivemq-platform-operator-6966f96d65 from 0 to 1 [helminitcontainerit-operator:hivemq-test-hivemq-platform-operator]
2025-01-28 23:51:30,131 INFO c.h.h.t.HelmChartContainer - [POD] hivemq-test-hivemq-platform-operator-6966f96d65-dx2d6 [7a1e88fa-4dfa-4a3a-9490-92ea917d47bb] in helminitcontainerit-operator was ADDED
2025-01-28 23:51:30,134 INFO c.h.h.t.HelmChartContainer - [EVENT] Normal [SuccessfulCreate] Created pod: hivemq-test-hivemq-platform-operator-6966f96d65-dx2d6 [helminitcontainerit-operator:hivemq-test-hivemq-platform-operator-6966f96d65]
2025-01-28 23:51:30,141 INFO c.h.h.t.HelmChartContainer - [K3S] [replica_set.go:679] "Finished syncing" kind="ReplicaSet" key="helminitcontainerit-operator/hivemq-test-hivemq-platform-operator-6966f96d65" duration="25.595662ms"
2025-01-28 23:51:30,141 INFO c.h.h.t.HelmChartContainer - [POD] hivemq-test-hivemq-platform-operator-6966f96d65-dx2d6 [7a1e88fa-4dfa-4a3a-9490-92ea917d47bb] in helminitcontainerit-operator was MODIFIED
2025-01-28 23:51:30,148 INFO c.h.h.t.HelmChartContainer - [EVENT] Normal [Scheduled] Successfully assigned helminitcontainerit-operator/hivemq-test-hivemq-platform-operator-6966f96d65-dx2d6 to fa4611d197e6 [helminitcontainerit-operator:hivemq-test-hivemq-platform-operator-6966f96d65-dx2d6]
2025-01-28 23:51:30,153 INFO c.h.h.t.HelmChartContainer - [K3S] [replica_set.go:679] "Finished syncing" kind="ReplicaSet" key="helminitcontainerit-operator/hivemq-test-hivemq-platform-operator-6966f96d65" duration="10.334876ms"
2025-01-28 23:51:30,153 INFO c.h.h.t.HelmChartContainer - [K3S] [replica_set.go:679] "Finished syncing" kind="ReplicaSet" key="helminitcontainerit-operator/hivemq-test-hivemq-platform-operator-6966f96d65" duration="66.194µs"
2025-01-28 23:51:30,155 INFO c.h.h.t.HelmChartContainer - [K3S] [replica_set.go:679] "Finished syncing" kind="ReplicaSet" key="helminitcontainerit-operator/hivemq-test-hivemq-platform-operator-6966f96d65" duration="36.007µs"
2025-01-28 23:51:30,158 INFO c.h.h.t.HelmChartContainer - [POD] hivemq-test-hivemq-platform-operator-6966f96d65-dx2d6 [7a1e88fa-4dfa-4a3a-9490-92ea917d47bb] in helminitcontainerit-operator was MODIFIED
2025-01-28 23:51:30,225 INFO c.h.h.t.HelmChartContainer - [K3S] [reconciler_common.go:251] "operationExecutor.VerifyControllerAttachedVolume started for volume \"kube-api-access-ds6z4\" (UniqueName: \"kubernetes.io/projected/7a1e88fa-4dfa-4a3a-9490-92ea917d47bb-kube-api-access-ds6z4\") pod \"hivemq-test-hivemq-platform-operator-6966f96d65-dx2d6\" (UID: \"7a1e88fa-4dfa-4a3a-9490-92ea917d47bb\") " pod="helminitcontainerit-operator/hivemq-test-hivemq-platform-operator-6966f96d65-dx2d6"
2025-01-28 23:51:30,535 INFO c.h.h.t.HelmChartContainer - [EVENT] Normal [Pulled] Container image "docker.io/hivemq/hivemq-platform-operator-test:snapshot" already present on machine [helminitcontainerit-operator:hivemq-test-hivemq-platform-operator-6966f96d65-dx2d6]
2025-01-28 23:51:30,536 INFO c.h.h.t.HelmChartContainer - Received Pulled event for container hivemq-platform-operator in pod hivemq-test-hivemq-platform-operator-6966f96d65-dx2d6 [7a1e88fa-4dfa-4a3a-9490-92ea917d47bb]
2025-01-28 23:51:30,548 INFO c.h.h.t.HelmChartContainer - [EVENT] Normal [Created] Created container: hivemq-platform-operator [helminitcontainerit-operator:hivemq-test-hivemq-platform-operator-6966f96d65-dx2d6]
2025-01-28 23:51:30,548 INFO c.h.h.t.HelmChartContainer - Received Created event for container hivemq-platform-operator in pod hivemq-test-hivemq-platform-operator-6966f96d65-dx2d6 [7a1e88fa-4dfa-4a3a-9490-92ea917d47bb]
2025-01-28 23:51:31,545 INFO c.h.h.t.HelmChartContainer - [POD] hivemq-test-hivemq-platform-operator-6966f96d65-dx2d6 [7a1e88fa-4dfa-4a3a-9490-92ea917d47bb] in helminitcontainerit-operator was MODIFIED
2025-01-28 23:51:31,547 INFO c.h.h.t.HelmChartContainer - [K3S] [replica_set.go:679] "Finished syncing" kind="ReplicaSet" key="helminitcontainerit-operator/hivemq-test-hivemq-platform-operator-6966f96d65" duration="49.994µs"
2025-01-28 23:51:31,569 INFO c.h.h.t.HelmChartContainer - Started log watcher for hivemq-platform-operator in pod hivemq-test-hivemq-platform-operator-6966f96d65-dx2d6 [7a1e88fa-4dfa-4a3a-9490-92ea917d47bb]
2025-01-28 23:51:31,569 INFO c.h.h.t.HelmChartContainer - [EVENT] Normal [Started] Started container hivemq-platform-operator [helminitcontainerit-operator:hivemq-test-hivemq-platform-operator-6966f96d65-dx2d6]
2025-01-28 23:51:31,569 INFO c.h.h.t.HelmChartContainer - Received Started event for container hivemq-platform-operator in pod hivemq-test-hivemq-platform-operator-6966f96d65-dx2d6 [7a1e88fa-4dfa-4a3a-9490-92ea917d47bb]
2025-01-28 23:51:31,569 INFO c.h.h.t.HelmChartContainer - [hivemq-test-hivemq-platform] [hivemq-platform-operator] [7a1e88fa] -------------------------------------------------------------------------
2025-01-28 23:51:31,569 INFO c.h.h.t.HelmChartContainer - [hivemq-test-hivemq-platform] [hivemq-platform-operator] [7a1e88fa] 
2025-01-28 23:51:31,569 INFO c.h.h.t.HelmChartContainer - [hivemq-test-hivemq-platform] [hivemq-platform-operator] [7a1e88fa]                   _    _  _              __  __   ____
2025-01-28 23:51:31,569 INFO c.h.h.t.HelmChartContainer - [hivemq-test-hivemq-platform] [hivemq-platform-operator] [7a1e88fa]                  | |  | |(_)            |  \/  | / __ \
2025-01-28 23:51:31,569 INFO c.h.h.t.HelmChartContainer - [hivemq-test-hivemq-platform] [hivemq-platform-operator] [7a1e88fa]                  | |__| | _ __   __ ___ | \  / || |  | |
2025-01-28 23:51:31,569 INFO c.h.h.t.HelmChartContainer - [hivemq-test-hivemq-platform] [hivemq-platform-operator] [7a1e88fa]                  |  __  || |\ \ / // _ \| |\/| || |  | |
2025-01-28 23:51:31,569 INFO c.h.h.t.HelmChartContainer - [hivemq-test-hivemq-platform] [hivemq-platform-operator] [7a1e88fa]                  | |  | || | \ V /|  __/| |  | || |__| |
2025-01-28 23:51:31,569 INFO c.h.h.t.HelmChartContainer - [hivemq-test-hivemq-platform] [hivemq-platform-operator] [7a1e88fa]                  |_|  |_||_|  \_/  \___||_|  |_| \___\_\
2025-01-28 23:51:31,570 INFO c.h.h.t.HelmChartContainer - [hivemq-test-hivemq-platform] [hivemq-platform-operator] [7a1e88fa] 
2025-01-28 23:51:31,570 INFO c.h.h.t.HelmChartContainer - [hivemq-test-hivemq-platform] [hivemq-platform-operator] [7a1e88fa] -------------------------------------------------------------------------
2025-01-28 23:51:31,570 INFO c.h.h.t.HelmChartContainer - [hivemq-test-hivemq-platform] [hivemq-platform-operator] [7a1e88fa] 
2025-01-28 23:51:31,570 INFO c.h.h.t.HelmChartContainer - [hivemq-test-hivemq-platform] [hivemq-platform-operator] [7a1e88fa]   HiveMQ Platform Operator Start Script v1.0
2025-01-28 23:51:31,570 INFO c.h.h.t.HelmChartContainer - [hivemq-test-hivemq-platform] [hivemq-platform-operator] [7a1e88fa] 
2025-01-28 23:51:31,570 INFO c.h.h.t.HelmChartContainer - [hivemq-test-hivemq-platform] [hivemq-platform-operator] [7a1e88fa] -------------------------------------------------------------------------
2025-01-28 23:51:31,570 INFO c.h.h.t.HelmChartContainer - [hivemq-test-hivemq-platform] [hivemq-platform-operator] [7a1e88fa] 
2025-01-28 23:51:31,570 INFO c.h.h.t.HelmChartContainer - [hivemq-test-hivemq-platform] [hivemq-platform-operator] [7a1e88fa]   JAVA_OPTS: -XX:+UnlockExperimentalVMOptions -XX:InitialRAMPercentage=75 -XX:MaxRAMPercentage=75 -Duser.language=en -Duser.region=US
2025-01-28 23:51:31,570 INFO c.h.h.t.HelmChartContainer - [hivemq-test-hivemq-platform] [hivemq-platform-operator] [7a1e88fa] 
2025-01-28 23:51:31,570 INFO c.h.h.t.HelmChartContainer - [hivemq-test-hivemq-platform] [hivemq-platform-operator] [7a1e88fa]   JAVA_VERSION: 21
2025-01-28 23:51:31,570 INFO c.h.h.t.HelmChartContainer - [hivemq-test-hivemq-platform] [hivemq-platform-operator] [7a1e88fa] 
2025-01-28 23:51:31,570 INFO c.h.h.t.HelmChartContainer - [hivemq-test-hivemq-platform] [hivemq-platform-operator] [7a1e88fa] -------------------------------------------------------------------------
2025-01-28 23:51:31,570 INFO c.h.h.t.HelmChartContainer - [hivemq-test-hivemq-platform] [hivemq-platform-operator] [7a1e88fa] 
2025-01-28 23:51:35,162 INFO c.h.h.t.HelmChartContainer - [hivemq-test-hivemq-platform] [hivemq-platform-operator] [7a1e88fa] 23:51:35.159 [main] DEBUG org.jboss.logging - Logging Provider: org.jboss.logging.Slf4jLoggerProvider
2025-01-28 23:51:35,266 INFO c.h.h.t.HelmChartContainer - [hivemq-test-hivemq-platform] [hivemq-platform-operator] [7a1e88fa] 23:51:35.264 [main] DEBUG io.smallrye.config - SRCFG01006: Loaded ConfigSource SysPropConfigSource with ordinal 400
2025-01-28 23:51:35,266 INFO c.h.h.t.HelmChartContainer - [hivemq-test-hivemq-platform] [hivemq-platform-operator] [7a1e88fa] 23:51:35.264 [main] DEBUG io.smallrye.config - SRCFG01006: Loaded ConfigSource EnvConfigSource with ordinal 300
2025-01-28 23:51:35,266 INFO c.h.h.t.HelmChartContainer - [hivemq-test-hivemq-platform] [hivemq-platform-operator] [7a1e88fa] 23:51:35.264 [main] DEBUG io.smallrye.config - SRCFG01006: Loaded ConfigSource PropertiesConfigSource[source=jar:file:///opt/hivemq-platform-operator/bin/hivemq-platform-operator.jar!/hivemq-platform-operator.properties] with ordinal 100
2025-01-28 23:51:35,266 INFO c.h.h.t.HelmChartContainer - [hivemq-test-hivemq-platform] [hivemq-platform-operator] [7a1e88fa] 23:51:35.264 [main] DEBUG io.smallrye.config - SRCFG01006: Loaded ConfigSource DefaultValuesConfigSource with ordinal -2147483648
2025-01-28 23:51:35,363 INFO c.h.h.t.HelmChartContainer - [hivemq-test-hivemq-platform] [hivemq-platform-operator] [7a1e88fa] 23:51:35.361 [main] DEBUG i.m.c.u.i.l.InternalLoggerFactory - Using SLF4J as the default logging framework
2025-01-28 23:51:35,479 INFO c.h.h.t.HelmChartContainer - [hivemq-test-hivemq-platform] [hivemq-platform-operator] [7a1e88fa] 23:51:35.471 [main] INFO  c.h.p.o.HiveMQPlatformOperatorApplication - HiveMQ Platform Operator 1.7.0-SNAPSHOT (commit: bebf408 on branch: HEAD) built on Sun Jan 26 20:47:47 UTC 2025
2025-01-28 23:51:35,481 INFO c.h.h.t.HelmChartContainer - [hivemq-test-hivemq-platform] [hivemq-platform-operator] [7a1e88fa] 23:51:35.479 [main] INFO  c.h.p.o.HiveMQPlatformOperatorApplication - HiveMQ Platform Operator is running in namespace: helminitcontainerit-operator
2025-01-28 23:51:35,481 INFO c.h.h.t.HelmChartContainer - [hivemq-test-hivemq-platform] [hivemq-platform-operator] [7a1e88fa] 23:51:35.479 [main] INFO  c.h.p.o.HiveMQPlatformOperatorApplication - Watching all namespaces
2025-01-28 23:51:35,482 INFO c.h.h.t.HelmChartContainer - [hivemq-test-hivemq-platform] [hivemq-platform-operator] [7a1e88fa] 23:51:35.479 [main] INFO  c.h.p.o.HiveMQPlatformOperatorApplication - Log level: DEBUG
2025-01-28 23:51:35,482 INFO c.h.h.t.HelmChartContainer - [hivemq-test-hivemq-platform] [hivemq-platform-operator] [7a1e88fa] 23:51:35.479 [main] INFO  c.h.p.o.HiveMQPlatformOperatorApplication - Release name: test-hivemq-platform-operator
2025-01-28 23:51:35,482 INFO c.h.h.t.HelmChartContainer - [hivemq-test-hivemq-platform] [hivemq-platform-operator] [7a1e88fa] 23:51:35.480 [main] INFO  c.h.p.o.HiveMQPlatformOperatorApplication - HiveMQ Platform Operator Init image: docker.io/hivemq/hivemq-platform-operator-init-test:snapshot
2025-01-28 23:51:35,482 INFO c.h.h.t.HelmChartContainer - [hivemq-test-hivemq-platform] [hivemq-platform-operator] [7a1e88fa] 23:51:35.480 [main] INFO  c.h.p.o.HiveMQPlatformOperatorApplication - HiveMQ Platform Operator Init App update URL: http://hivemq-platform-operator-test-hivemq-platform-operator.helminitcontainerit-operator.svc:8080/initAppUpdate/hivemq-platform-operator-init-app-1.7.0-SNAPSHOT.jar
2025-01-28 23:51:35,482 INFO c.h.h.t.HelmChartContainer - [hivemq-test-hivemq-platform] [hivemq-platform-operator] [7a1e88fa] 23:51:35.480 [main] INFO  c.h.p.o.HiveMQPlatformOperatorApplication - Additional imagePullSecret for all Platform deployments: none
2025-01-28 23:51:35,482 INFO c.h.h.t.HelmChartContainer - [hivemq-test-hivemq-platform] [hivemq-platform-operator] [7a1e88fa] 23:51:35.480 [main] INFO  c.h.p.o.HiveMQPlatformOperatorApplication - Apply HiveMQ Platform CRD: true
2025-01-28 23:51:35,482 INFO c.h.h.t.HelmChartContainer - [hivemq-test-hivemq-platform] [hivemq-platform-operator] [7a1e88fa] 23:51:35.480 [main] INFO  c.h.p.o.HiveMQPlatformOperatorApplication - Create Platform ServiceAccount: true
2025-01-28 23:51:35,482 INFO c.h.h.t.HelmChartContainer - [hivemq-test-hivemq-platform] [hivemq-platform-operator] [7a1e88fa] 23:51:35.480 [main] INFO  c.h.p.o.HiveMQPlatformOperatorApplication - Create Platform ServiceAccount permissions: true
2025-01-28 23:51:35,482 INFO c.h.h.t.HelmChartContainer - [hivemq-test-hivemq-platform] [hivemq-platform-operator] [7a1e88fa] 23:51:35.480 [main] INFO  c.h.p.o.HiveMQPlatformOperatorApplication - Validate Platform ServiceAccount: true
2025-01-28 23:51:35,482 INFO c.h.h.t.HelmChartContainer - [hivemq-test-hivemq-platform] [hivemq-platform-operator] [7a1e88fa] 23:51:35.480 [main] INFO  c.h.p.o.HiveMQPlatformOperatorApplication - Validate Platform ServiceAccount permissions: true
2025-01-28 23:51:35,571 INFO c.h.h.t.HelmChartContainer - [hivemq-test-hivemq-platform] [hivemq-platform-operator] [7a1e88fa] 23:51:35.570 [main] INFO  c.h.platform.operator.util.CRDUtil - Verifying deployed HiveMQ Platform CRD...
2025-01-28 23:51:37,306 INFO c.h.h.t.HelmChartContainer - [POD] metrics-server-8584b5786c-j4z89 [67e40a77-9249-4fc4-a2c6-e83d149bfe46] in kube-system was MODIFIED
2025-01-28 23:51:37,314 INFO c.h.h.t.HelmChartContainer - [K3S] [replica_set.go:679] "Finished syncing" kind="ReplicaSet" key="kube-system/metrics-server-8584b5786c" duration="10.035216ms"
2025-01-28 23:51:37,315 INFO c.h.h.t.HelmChartContainer - [K3S] [replica_set.go:679] "Finished syncing" kind="ReplicaSet" key="kube-system/metrics-server-8584b5786c" duration="34.545µs"
2025-01-28 23:51:38,071 INFO c.h.h.t.HelmChartContainer - [hivemq-test-hivemq-platform] [hivemq-platform-operator] [7a1e88fa] 23:51:38.069 [main] DEBUG c.h.platform.operator.util.CRDUtil - HiveMQ Platform CRD version v1 is up to date
2025-01-28 23:51:38,071 INFO c.h.h.t.HelmChartContainer - [hivemq-test-hivemq-platform] [hivemq-platform-operator] [7a1e88fa] 23:51:38.069 [main] INFO  c.h.platform.operator.util.CRDUtil - HiveMQ Platform CRD is up to date (version: V1_6_0)
2025-01-28 23:51:38,072 INFO c.h.h.t.HelmChartContainer - [hivemq-test-hivemq-platform] [hivemq-platform-operator] [7a1e88fa] 23:51:38.069 [main] INFO  c.h.platform.operator.util.CRDUtil - Waiting 10000 ms for HiveMQ Platform CRD 'hivemq-platforms.hivemq.com' to become ready...
2025-01-28 23:51:38,364 INFO c.h.h.t.HelmChartContainer - [hivemq-test-hivemq-platform] [hivemq-platform-operator] [7a1e88fa] 23:51:38.362 [vert.x-eventloop-thread-1] DEBUG c.h.platform.operator.util.CRDUtil - Checking CRD condition 'NamesAccepted' (status: 'True')
2025-01-28 23:51:38,365 INFO c.h.h.t.HelmChartContainer - [hivemq-test-hivemq-platform] [hivemq-platform-operator] [7a1e88fa] 23:51:38.362 [vert.x-eventloop-thread-1] DEBUG c.h.platform.operator.util.CRDUtil - Checking CRD condition 'Established' (status: 'True')
2025-01-28 23:51:38,365 INFO c.h.h.t.HelmChartContainer - [hivemq-test-hivemq-platform] [hivemq-platform-operator] [7a1e88fa] 23:51:38.364 [main] INFO  c.h.platform.operator.util.CRDUtil - HiveMQ Platform CRD 'hivemq-platforms.hivemq.com' is ready
2025-01-28 23:51:38,564 INFO c.h.h.t.HelmChartContainer - [hivemq-test-hivemq-platform] [hivemq-platform-operator] [7a1e88fa] 23:51:38.563 [main] INFO  c.h.p.o.HiveMQPlatformReconciler - HiveMQ Platform Operator is starting...
2025-01-28 23:51:38,663 INFO c.h.h.t.HelmChartContainer - [hivemq-test-hivemq-platform] [hivemq-platform-operator] [7a1e88fa] 23:51:38.661 [main] WARN  Default ConfigurationService implementation - Configuration for reconciler 'hivemq-controller' was not found. Known reconcilers: None.
2025-01-28 23:51:38,670 INFO c.h.h.t.HelmChartContainer - [hivemq-test-hivemq-platform] [hivemq-platform-operator] [7a1e88fa] 23:51:38.669 [main] INFO  Default ConfigurationService implementation - Created configuration for reconciler com.hivemq.platform.operator.HiveMQPlatformReconciler with name hivemq-controller
2025-01-28 23:51:38,774 INFO c.h.h.t.HelmChartContainer - [hivemq-test-hivemq-platform] [hivemq-platform-operator] [7a1e88fa] 23:51:38.772 [main] DEBUG c.h.p.o.HiveMQPlatformReconciler - HiveMQ Platform Operator is preparing EventSources
2025-01-28 23:51:38,862 INFO c.h.h.t.HelmChartContainer - [hivemq-test-hivemq-platform] [hivemq-platform-operator] [7a1e88fa] 23:51:38.861 [main] INFO  i.javaoperatorsdk.operator.Operator - Registered reconciler: 'hivemq-controller' for resource: 'class com.hivemq.platform.operator.v1.HiveMQPlatform' for namespace(s): [all namespaces]
2025-01-28 23:51:39,377 INFO c.h.h.t.HelmChartContainer - [hivemq-test-hivemq-platform] [hivemq-platform-operator] [7a1e88fa] 23:51:39.375 [main] INFO  c.h.p.operator.webserver.JettyServer - Starting Jetty server on port 8080
2025-01-28 23:51:39,472 INFO c.h.h.t.HelmChartContainer - [hivemq-test-hivemq-platform] [hivemq-platform-operator] [7a1e88fa] 23:51:39.471 [main] INFO  i.javaoperatorsdk.operator.Operator - Operator SDK 4.9.7 (commit: 2133d28) built on Wed Nov 20 12:56:20 UTC 2024 starting...
2025-01-28 23:51:39,472 INFO c.h.h.t.HelmChartContainer - [hivemq-test-hivemq-platform] [hivemq-platform-operator] [7a1e88fa] 23:51:39.471 [main] INFO  i.javaoperatorsdk.operator.Operator - Client version: 6.13.4
2025-01-28 23:51:39,473 INFO c.h.h.t.HelmChartContainer - [hivemq-test-hivemq-platform] [hivemq-platform-operator] [7a1e88fa] 23:51:39.472 [Controller Starter for: hivemq-controller] INFO  i.j.operator.processing.Controller - Starting 'hivemq-controller' controller for reconciler: com.hivemq.platform.operator.HiveMQPlatformReconciler, resource: com.hivemq.platform.operator.v1.HiveMQPlatform
2025-01-28 23:51:41,068 INFO c.h.h.t.HelmChartContainer - [K3S] [range_allocator.go:247] "Successfully synced" key="fa4611d197e6"
2025-01-28 23:51:42,032 INFO c.h.h.t.HelmChartContainer - [hivemq-test-hivemq-platform] [hivemq-platform-operator] [7a1e88fa] 23:51:42.031 [Controller Starter for: hivemq-controller] INFO  i.j.operator.processing.Controller - 'hivemq-controller' controller started
2025-01-28 23:51:42,033 INFO c.h.h.t.HelmChartContainer - [hivemq-test-hivemq-platform] [hivemq-platform-operator] [7a1e88fa] 23:51:42.031 [main] INFO  c.h.p.o.HiveMQPlatformOperatorApplication - HiveMQ Platform Operator 1.7.0-SNAPSHOT started in 6559 ms
2025-01-28 23:51:42,333 INFO c.h.h.t.HelmChartContainer - [POD] hivemq-test-hivemq-platform-operator-6966f96d65-dx2d6 [7a1e88fa-4dfa-4a3a-9490-92ea917d47bb] in helminitcontainerit-operator was MODIFIED
2025-01-28 23:51:42,337 INFO c.h.h.t.HelmChartContainer - [K3S] [replica_set.go:679] "Finished syncing" kind="ReplicaSet" key="helminitcontainerit-operator/hivemq-test-hivemq-platform-operator-6966f96d65" duration="8.502708ms"
2025-01-28 23:51:42,338 INFO c.h.h.t.HelmChartContainer - [K3S] [replica_set.go:679] "Finished syncing" kind="ReplicaSet" key="helminitcontainerit-operator/hivemq-test-hivemq-platform-operator-6966f96d65" duration="50.144µs"
2025-01-28 23:51:44,252 DEBUG c.h.h.t.HelmChartContainer - Executing helm command: /bin/helm --kubeconfig /etc/rancher/k3s/k3s.yaml install test-hivemq-platform /charts/hivemq-platform --wait --timeout 5m0s --set image.repository=docker.io/hivemq --set image.tag=4.36.0 --set image.pullPolicy=Never --set nodes.resources.cpu=512m -f /files/additional-init-containers-values.yaml --namespace helminitcontainerit
2025-01-28 23:51:44,562 INFO c.h.h.t.HelmChartContainer - [hivemq-test-hivemq-platform] [hivemq-platform-operator] [7a1e88fa] 23:51:44.560 [-373097727-pool-1-thread-1] WARN  i.m.p.PrometheusMeterRegistry - The meter (MeterId{name='operator.sdk.events.received', tags=[tag(action=ADDED),tag(event=ResourceEvent),tag(group=hivemq.com),tag(kind=HiveMQPlatform),tag(name=test-hivemq-platform),tag(namespace=helminitcontainerit),tag(scope=namespace),tag(version=v1)]}) registration has failed: Prometheus requires that all meters with the same name have the same set of tag keys. There is already an existing meter named 'operator.sdk.events.received' containing tag keys [event, group, kind, name, namespace, scope, version]. The meter you are attempting to register has keys [action, event, group, kind, name, namespace, scope, version]. Note that subsequent logs will be logged at debug level.
2025-01-28 23:51:44,971 INFO c.h.h.t.HelmChartContainer - [hivemq-test-hivemq-platform] [hivemq-platform-operator] [7a1e88fa] 23:51:44.969 [pool-6-thread-3] DEBUG c.h.p.o.dependants.PodInfoConfigMap - [helminit] Desired PodInfo ConfigMap (1 extensions) (1 enabled)
2025-01-28 23:51:44,971 INFO c.h.h.t.HelmChartContainer - [hivemq-test-hivemq-platform] [hivemq-platform-operator] [7a1e88fa] 23:51:44.970 [pool-6-thread-3] DEBUG c.h.p.o.dependants.PodInfoConfigMap - [helminit] Desired PodInfo ConfigMap (metrics port: 9399) (metrics path: /)
2025-01-28 23:51:44,972 INFO c.h.h.t.HelmChartContainer - [hivemq-test-hivemq-platform] [hivemq-platform-operator] [7a1e88fa] 23:51:44.970 [pool-6-thread-3] DEBUG c.h.p.o.dependants.PodInfoConfigMap - [helminit] Desired PodInfo ConfigMap (extension state hash: -1817474005)
2025-01-28 23:51:44,976 INFO c.h.h.t.HelmChartContainer - [hivemq-test-hivemq-platform] [hivemq-platform-operator] [7a1e88fa] 23:51:44.974 [pool-6-thread-3] DEBUG c.h.p.o.dependants.PodInfoConfigMap - [helminit] Create PodInfo ConfigMap
2025-01-28 23:51:45,075 INFO c.h.h.t.HelmChartContainer - [hivemq-test-hivemq-platform] [hivemq-platform-operator] [7a1e88fa] 23:51:45.072 [pool-6-thread-5] DEBUG c.h.p.o.dependants.PodRoleResource - [helminit] Create Role: Role(apiVersion=rbac.authorization.k8s.io/v1, kind=Role, metadata=ObjectMeta(annotations={meta.helm.sh/release-name=test-hivemq-platform, meta.helm.sh/release-namespace=helminitcontainerit}, creationTimestamp=null, deletionGracePeriodSeconds=null, deletionTimestamp=null, finalizers=[], generateName=null, generation=null, labels={helm.sh/chart=hivemq-platform-0.2.32, app.kubernetes.io/managed-by=Helm, app.kubernetes.io/name=hivemq-platform, hivemq-platform=test-hivemq-platform, app.kubernetes.io/instance=test-hivemq-platform, app.kubernetes.io/version=4.36.0}, managedFields=[], name=hivemq-platform-role-test-hivemq-platform, namespace=helminitcontainerit, ownerReferences=[OwnerReference(apiVersion=hivemq.com/v1, blockOwnerDeletion=null, controller=null, kind=HiveMQPlatform, name=test-hivemq-platform, uid=547b80e4-9aa7-4943-ab27-3f1acde50ee7, additionalProperties={})], resourceVersion=null, selfLink=null, uid=null, additionalProperties={}), rules=[PolicyRule(apiGroups=[], nonResourceURLs=[], resourceNames=[], resources=[pods], verbs=[get, patch, update], additionalProperties={})], additionalProperties={})
2025-01-28 23:51:45,175 INFO c.h.h.t.HelmChartContainer - [hivemq-test-hivemq-platform] [hivemq-platform-operator] [7a1e88fa] 23:51:45.172 [pool-6-thread-7] DEBUG c.h.p.o.d.PodServiceAccountResource - [helminit] Desired PodServiceAccountResource (serviceAccountName: hivemq-platform-pod-test-hivemq-platform)
2025-01-28 23:51:45,178 INFO c.h.h.t.HelmChartContainer - [hivemq-test-hivemq-platform] [hivemq-platform-operator] [7a1e88fa] 23:51:45.176 [pool-6-thread-7] DEBUG c.h.p.o.d.PodServiceAccountResource - [helminit] Create ServiceAccount 'hivemq-platform-pod-test-hivemq-platform'
2025-01-28 23:51:45,365 INFO c.h.h.t.HelmChartContainer - [hivemq-test-hivemq-platform] [hivemq-platform-operator] [7a1e88fa] 23:51:45.363 [pool-6-thread-10] DEBUG c.h.p.o.d.PodRoleBindingResource - [helminit] Create RoleBinding: RoleBinding(apiVersion=rbac.authorization.k8s.io/v1, kind=RoleBinding, metadata=ObjectMeta(annotations={meta.helm.sh/release-name=test-hivemq-platform, meta.helm.sh/release-namespace=helminitcontainerit}, creationTimestamp=null, deletionGracePeriodSeconds=null, deletionTimestamp=null, finalizers=[], generateName=null, generation=null, labels={helm.sh/chart=hivemq-platform-0.2.32, app.kubernetes.io/managed-by=Helm, app.kubernetes.io/name=hivemq-platform, hivemq-platform=test-hivemq-platform, app.kubernetes.io/instance=test-hivemq-platform, app.kubernetes.io/version=4.36.0}, managedFields=[], name=hivemq-platform-role-binding-test-hivemq-platform, namespace=helminitcontainerit, ownerReferences=[OwnerReference(apiVersion=hivemq.com/v1, blockOwnerDeletion=null, controller=null, kind=HiveMQPlatform, name=test-hivemq-platform, uid=547b80e4-9aa7-4943-ab27-3f1acde50ee7, additionalProperties={})], resourceVersion=null, selfLink=null, uid=null, additionalProperties={}), roleRef=RoleRef(apiGroup=rbac.authorization.k8s.io, kind=Role, name=hivemq-platform-role-test-hivemq-platform, additionalProperties={}), subjects=[Subject(apiGroup=null, kind=ServiceAccount, name=hivemq-platform-pod-test-hivemq-platform, namespace=helminitcontainerit, additionalProperties={})], additionalProperties={})
2025-01-28 23:51:45,462 INFO c.h.h.t.HelmChartContainer - [hivemq-test-hivemq-platform] [hivemq-platform-operator] [7a1e88fa] 23:51:45.461 [ReconcilerExecutor-hivemq-controller-53] INFO  c.h.p.o.HiveMQPlatformReconciler - [helminit] Reconciling HiveMQ Platform 'test-hivemq-platform' in namespace 'helminitcontainerit'
2025-01-28 23:51:45,462 INFO c.h.h.t.HelmChartContainer - [hivemq-test-hivemq-platform] [hivemq-platform-operator] [7a1e88fa] 23:51:45.461 [ReconcilerExecutor-hivemq-controller-53] DEBUG c.h.p.o.HiveMQPlatformReconciler - [helminit] Custom Resource Status CREATED - HiveMQ Platform was created (READY)
2025-01-28 23:51:45,463 INFO c.h.h.t.HelmChartContainer - [hivemq-test-hivemq-platform] [hivemq-platform-operator] [7a1e88fa] 23:51:45.461 [ReconcilerExecutor-hivemq-controller-53] DEBUG c.h.p.o.HiveMQPlatformReconciler - [helminit] Custom Resource Spec (replicas: 1) (extensions: 1)
2025-01-28 23:51:45,466 INFO c.h.h.t.HelmChartContainer - [hivemq-test-hivemq-platform] [hivemq-platform-operator] [7a1e88fa] 23:51:45.465 [ReconcilerExecutor-hivemq-controller-53] INFO  c.h.p.o.h.HiveMQPlatformReconcilerBaseHandler - [helminit] HiveMQ Platform is starting
2025-01-28 23:51:45,569 INFO c.h.h.t.HelmChartContainer - [hivemq-test-hivemq-platform] [hivemq-platform-operator] [7a1e88fa] 23:51:45.568 [ReconcilerExecutor-hivemq-controller-53] DEBUG c.h.p.operator.event.EventSender - [helminit] Creating K8s event hivemq-platform-starting: [Start] HiveMQ Platform is starting
2025-01-28 23:51:45,578 INFO c.h.h.t.HelmChartContainer - [EVENT] Normal [Start] HiveMQ Platform is starting [helminitcontainerit:test-hivemq-platform]
2025-01-28 23:51:45,664 INFO c.h.h.t.HelmChartContainer - [hivemq-test-hivemq-platform] [hivemq-platform-operator] [7a1e88fa] 23:51:45.662 [ReconcilerExecutor-hivemq-controller-53] INFO  c.h.p.o.h.AbstractHiveMQReconcilerStateHandler - [helminit] Update HiveMQ Platform Status (CREATED [READY] -> STARTING [READY]): HiveMQ Platform is starting
2025-01-28 23:51:45,678 DEBUG com.hivemq.helmcharts.util.K8sUtil - Comparing actual state 'STARTING' and waiting for 'RUNNING'
2025-01-28 23:51:55,770 INFO c.h.h.t.HelmChartContainer - [hivemq-test-hivemq-platform] [hivemq-platform-operator] [7a1e88fa] 23:51:55.767 [pool-6-thread-12] DEBUG c.h.p.o.d.PlatformServiceResource - [helminit] Desired Platform services (3 services)
2025-01-28 23:51:55,772 INFO c.h.h.t.HelmChartContainer - [hivemq-test-hivemq-platform] [hivemq-platform-operator] [7a1e88fa] 23:51:55.770 [pool-6-thread-13] DEBUG c.h.p.o.dependants.PodInfoConfigMap - [helminit] Desired PodInfo ConfigMap (1 extensions) (1 enabled)
2025-01-28 23:51:55,772 INFO c.h.h.t.HelmChartContainer - [hivemq-test-hivemq-platform] [hivemq-platform-operator] [7a1e88fa] 23:51:55.770 [pool-6-thread-13] DEBUG c.h.p.o.dependants.PodInfoConfigMap - [helminit] Desired PodInfo ConfigMap (metrics port: 9399) (metrics path: /)
2025-01-28 23:51:55,772 INFO c.h.h.t.HelmChartContainer - [hivemq-test-hivemq-platform] [hivemq-platform-operator] [7a1e88fa] 23:51:55.771 [pool-6-thread-13] DEBUG c.h.p.o.dependants.PodInfoConfigMap - [helminit] Desired PodInfo ConfigMap (extension state hash: -1817474005)
2025-01-28 23:51:55,779 INFO c.h.h.t.HelmChartContainer - [hivemq-test-hivemq-platform] [hivemq-platform-operator] [7a1e88fa] 23:51:55.779 [pool-6-thread-13] DEBUG c.h.p.o.dependants.PodInfoConfigMap - [helminit] Update PodInfo ConfigMap
2025-01-28 23:51:55,862 INFO c.h.h.t.HelmChartContainer - [hivemq-test-hivemq-platform] [hivemq-platform-operator] [7a1e88fa] 23:51:55.859 [pool-6-thread-17] DEBUG c.h.p.o.d.PodServiceAccountResource - [helminit] Desired PodServiceAccountResource (serviceAccountName: hivemq-platform-pod-test-hivemq-platform)
2025-01-28 23:51:55,880 INFO c.h.h.t.HelmChartContainer - [K3S] [alloc.go:330] "allocated clusterIPs" service="helminitcontainerit/hivemq-test-hivemq-platform-cc-8080" clusterIPs={"IPv4":"10.43.26.113"}
2025-01-28 23:51:55,967 INFO c.h.h.t.HelmChartContainer - [K3S] [alloc.go:330] "allocated clusterIPs" service="helminitcontainerit/hivemq-test-hivemq-platform-metrics-9399" clusterIPs={"IPv4":"10.43.243.241"}
2025-01-28 23:51:55,978 INFO c.h.h.t.HelmChartContainer - [K3S] [alloc.go:330] "allocated clusterIPs" service="helminitcontainerit/hivemq-test-hivemq-platform-mqtt-1883" clusterIPs={"IPv4":"10.43.166.28"}
2025-01-28 23:51:56,061 INFO c.h.h.t.HelmChartContainer - [hivemq-test-hivemq-platform] [hivemq-platform-operator] [7a1e88fa] 23:51:56.060 [pool-6-thread-20] DEBUG c.h.p.o.d.StatefulSetResource - [helminit] Desired StatefulSet (1 replicas) for status STARTING (READY)
2025-01-28 23:51:56,073 INFO c.h.h.t.HelmChartContainer - [hivemq-test-hivemq-platform] [hivemq-platform-operator] [7a1e88fa] 23:51:56.072 [pool-6-thread-20] DEBUG c.h.p.o.d.StatefulSetResource - [helminit] Create StatefulSet
2025-01-28 23:51:56,179 INFO c.h.h.t.HelmChartContainer - [hivemq-test-hivemq-platform] [hivemq-platform-operator] [7a1e88fa] 23:51:56.178 [ReconcilerExecutor-hivemq-controller-64] INFO  c.h.p.o.HiveMQPlatformReconciler - [helminit] Reconciling HiveMQ Platform 'test-hivemq-platform' in namespace 'helminitcontainerit'
2025-01-28 23:51:56,181 INFO c.h.h.t.HelmChartContainer - [hivemq-test-hivemq-platform] [hivemq-platform-operator] [7a1e88fa] 23:51:56.179 [ReconcilerExecutor-hivemq-controller-64] DEBUG c.h.p.o.HiveMQPlatformReconciler - [helminit] Custom Resource Status STARTING - HiveMQ Platform is starting (READY)
2025-01-28 23:51:56,181 INFO c.h.h.t.HelmChartContainer - [hivemq-test-hivemq-platform] [hivemq-platform-operator] [7a1e88fa] 23:51:56.179 [ReconcilerExecutor-hivemq-controller-64] DEBUG c.h.p.o.HiveMQPlatformReconciler - [helminit] Custom Resource Spec (replicas: 1) (extensions: 1)
2025-01-28 23:51:56,192 INFO c.h.h.t.HelmChartContainer - [EVENT] Normal [SuccessfulCreate] create Pod test-hivemq-platform-0 in StatefulSet test-hivemq-platform successful [helminitcontainerit:test-hivemq-platform]
2025-01-28 23:51:56,193 INFO c.h.h.t.HelmChartContainer - [POD] test-hivemq-platform-0 [c0fa4dac-a25f-43f4-9219-213b9060694e] in helminitcontainerit was ADDED
2025-01-28 23:51:56,200 INFO c.h.h.t.HelmChartContainer - [POD] test-hivemq-platform-0 [c0fa4dac-a25f-43f4-9219-213b9060694e] in helminitcontainerit was MODIFIED
2025-01-28 23:51:56,202 INFO c.h.h.t.HelmChartContainer - [EVENT] Normal [Scheduled] Successfully assigned helminitcontainerit/test-hivemq-platform-0 to fa4611d197e6 [helminitcontainerit:test-hivemq-platform-0]
2025-01-28 23:51:56,211 INFO c.h.h.t.HelmChartContainer - [POD] test-hivemq-platform-0 [c0fa4dac-a25f-43f4-9219-213b9060694e] in helminitcontainerit was MODIFIED
2025-01-28 23:51:56,261 INFO c.h.h.t.HelmChartContainer - [hivemq-test-hivemq-platform] [hivemq-platform-operator] [7a1e88fa] 23:51:56.258 [ReconcilerExecutor-hivemq-controller-64] DEBUG c.h.p.o.HiveMQPlatformReconciler - [helminit] StatefulSet Status (revision: null, replicas: 0, available: 0, ready: 0, current: 0, updated: 0)
2025-01-28 23:51:56,261 INFO c.h.h.t.HelmChartContainer - [hivemq-test-hivemq-platform] [hivemq-platform-operator] [7a1e88fa] 23:51:56.258 [ReconcilerExecutor-hivemq-controller-64] DEBUG c.h.p.o.HiveMQPlatformReconciler - [helminit] StatefulSet Spec (replicas: 1, init containers: 2, containers: 1, volumes: 5)
2025-01-28 23:51:56,264 INFO c.h.h.t.HelmChartContainer - [hivemq-test-hivemq-platform] [hivemq-platform-operator] [7a1e88fa] 23:51:56.263 [ReconcilerExecutor-hivemq-controller-64] INFO  c.h.p.o.h.HiveMQPlatformReconcilerBaseHandler - [helminit] HiveMQ Platform is starting, 0 of 1 replicas are ready
2025-01-28 23:51:56,273 INFO c.h.h.t.HelmChartContainer - [K3S] [reconciler_common.go:251] "operationExecutor.VerifyControllerAttachedVolume started for volume \"license-volume\" (UniqueName: \"kubernetes.io/empty-dir/c0fa4dac-a25f-43f4-9219-213b9060694e-license-volume\") pod \"test-hivemq-platform-0\" (UID: \"c0fa4dac-a25f-43f4-9219-213b9060694e\") " pod="helminitcontainerit/test-hivemq-platform-0"
2025-01-28 23:51:56,273 INFO c.h.h.t.HelmChartContainer - [K3S] [reconciler_common.go:251] "operationExecutor.VerifyControllerAttachedVolume started for volume \"pod-info\" (UniqueName: \"kubernetes.io/configmap/c0fa4dac-a25f-43f4-9219-213b9060694e-pod-info\") pod \"test-hivemq-platform-0\" (UID: \"c0fa4dac-a25f-43f4-9219-213b9060694e\") " pod="helminitcontainerit/test-hivemq-platform-0"
2025-01-28 23:51:56,273 INFO c.h.h.t.HelmChartContainer - [K3S] [reconciler_common.go:251] "operationExecutor.VerifyControllerAttachedVolume started for volume \"broker-configuration\" (UniqueName: \"kubernetes.io/configmap/c0fa4dac-a25f-43f4-9219-213b9060694e-broker-configuration\") pod \"test-hivemq-platform-0\" (UID: \"c0fa4dac-a25f-43f4-9219-213b9060694e\") " pod="helminitcontainerit/test-hivemq-platform-0"
2025-01-28 23:51:56,273 INFO c.h.h.t.HelmChartContainer - [K3S] [reconciler_common.go:251] "operationExecutor.VerifyControllerAttachedVolume started for volume \"kube-api-access-6tl8n\" (UniqueName: \"kubernetes.io/projected/c0fa4dac-a25f-43f4-9219-213b9060694e-kube-api-access-6tl8n\") pod \"test-hivemq-platform-0\" (UID: \"c0fa4dac-a25f-43f4-9219-213b9060694e\") " pod="helminitcontainerit/test-hivemq-platform-0"
2025-01-28 23:51:56,273 INFO c.h.h.t.HelmChartContainer - [K3S] [reconciler_common.go:251] "operationExecutor.VerifyControllerAttachedVolume started for volume \"operator-init\" (UniqueName: \"kubernetes.io/empty-dir/c0fa4dac-a25f-43f4-9219-213b9060694e-operator-init\") pod \"test-hivemq-platform-0\" (UID: \"c0fa4dac-a25f-43f4-9219-213b9060694e\") " pod="helminitcontainerit/test-hivemq-platform-0"
2025-01-28 23:51:56,273 INFO c.h.h.t.HelmChartContainer - [K3S] [reconciler_common.go:251] "operationExecutor.VerifyControllerAttachedVolume started for volume \"consul-template-volume\" (UniqueName: \"kubernetes.io/configmap/c0fa4dac-a25f-43f4-9219-213b9060694e-consul-template-volume\") pod \"test-hivemq-platform-0\" (UID: \"c0fa4dac-a25f-43f4-9219-213b9060694e\") " pod="helminitcontainerit/test-hivemq-platform-0"
2025-01-28 23:51:56,360 INFO c.h.h.t.HelmChartContainer - [hivemq-test-hivemq-platform] [hivemq-platform-operator] [7a1e88fa] 23:51:56.359 [pool-6-thread-22] DEBUG c.h.p.o.d.PlatformServiceResource - [helminit] Desired Platform services (3 services)
2025-01-28 23:51:56,368 INFO c.h.h.t.HelmChartContainer - [hivemq-test-hivemq-platform] [hivemq-platform-operator] [7a1e88fa] 23:51:56.364 [pool-6-thread-23] DEBUG c.h.p.o.dependants.PodInfoConfigMap - [helminit] Desired PodInfo ConfigMap (1 extensions) (1 enabled)
2025-01-28 23:51:56,368 INFO c.h.h.t.HelmChartContainer - [hivemq-test-hivemq-platform] [hivemq-platform-operator] [7a1e88fa] 23:51:56.364 [pool-6-thread-23] DEBUG c.h.p.o.dependants.PodInfoConfigMap - [helminit] Desired PodInfo ConfigMap (metrics port: 9399) (metrics path: /)
2025-01-28 23:51:56,368 INFO c.h.h.t.HelmChartContainer - [hivemq-test-hivemq-platform] [hivemq-platform-operator] [7a1e88fa] 23:51:56.364 [pool-6-thread-23] DEBUG c.h.p.o.dependants.PodInfoConfigMap - [helminit] Desired PodInfo ConfigMap (extension state hash: -1817474005)
2025-01-28 23:51:56,372 INFO c.h.h.t.HelmChartContainer - [hivemq-test-hivemq-platform] [hivemq-platform-operator] [7a1e88fa] 23:51:56.368 [pool-6-thread-27] DEBUG c.h.p.o.d.PodServiceAccountResource - [helminit] Desired PodServiceAccountResource (serviceAccountName: hivemq-platform-pod-test-hivemq-platform)
2025-01-28 23:51:56,461 INFO c.h.h.t.HelmChartContainer - [hivemq-test-hivemq-platform] [hivemq-platform-operator] [7a1e88fa] 23:51:56.459 [pool-6-thread-30] DEBUG c.h.p.o.d.StatefulSetResource - [helminit] Desired StatefulSet (1 replicas) for status STARTING (READY)
2025-01-28 23:51:56,467 INFO c.h.h.t.HelmChartContainer - [hivemq-test-hivemq-platform] [hivemq-platform-operator] [7a1e88fa] 23:51:56.466 [ReconcilerExecutor-hivemq-controller-75] INFO  c.h.p.o.HiveMQPlatformReconciler - [helminit] Reconciling HiveMQ Platform 'test-hivemq-platform' in namespace 'helminitcontainerit'
2025-01-28 23:51:56,467 INFO c.h.h.t.HelmChartContainer - [hivemq-test-hivemq-platform] [hivemq-platform-operator] [7a1e88fa] 23:51:56.466 [ReconcilerExecutor-hivemq-controller-75] DEBUG c.h.p.o.HiveMQPlatformReconciler - [helminit] Custom Resource Status STARTING - HiveMQ Platform is starting (READY)
2025-01-28 23:51:56,467 INFO c.h.h.t.HelmChartContainer - [hivemq-test-hivemq-platform] [hivemq-platform-operator] [7a1e88fa] 23:51:56.466 [ReconcilerExecutor-hivemq-controller-75] DEBUG c.h.p.o.HiveMQPlatformReconciler - [helminit] Custom Resource Spec (replicas: 1) (extensions: 1)
2025-01-28 23:51:56,470 INFO c.h.h.t.HelmChartContainer - [hivemq-test-hivemq-platform] [hivemq-platform-operator] [7a1e88fa] 23:51:56.469 [ReconcilerExecutor-hivemq-controller-75] DEBUG c.h.p.o.HiveMQPlatformReconciler - [helminit] StatefulSet Status (revision: test-hivemq-platform-74977b996d, replicas: 1, available: 0, ready: 0, current: 1, updated: 1)
2025-01-28 23:51:56,470 INFO c.h.h.t.HelmChartContainer - [hivemq-test-hivemq-platform] [hivemq-platform-operator] [7a1e88fa] 23:51:56.469 [ReconcilerExecutor-hivemq-controller-75] DEBUG c.h.p.o.HiveMQPlatformReconciler - [helminit] StatefulSet Spec (replicas: 1, init containers: 2, containers: 1, volumes: 5)
2025-01-28 23:51:56,569 INFO c.h.h.t.HelmChartContainer - [hivemq-test-hivemq-platform] [hivemq-platform-operator] [7a1e88fa] 23:51:56.566 [ReconcilerExecutor-hivemq-controller-75] DEBUG c.h.p.o.h.HiveMQPlatformReconcilerErrorHandler - [helminit] Pod 'test-hivemq-platform-0' phase Pending
2025-01-28 23:51:56,569 INFO c.h.h.t.HelmChartContainer - [hivemq-test-hivemq-platform] [hivemq-platform-operator] [7a1e88fa] 23:51:56.566 [ReconcilerExecutor-hivemq-controller-75] DEBUG c.h.p.o.h.HiveMQPlatformReconcilerErrorHandler - [helminit] Pod 'test-hivemq-platform-0' condition 'PodReadyToStartContainers': False
2025-01-28 23:51:56,573 INFO c.h.h.t.HelmChartContainer - [hivemq-test-hivemq-platform] [hivemq-platform-operator] [7a1e88fa] 23:51:56.567 [ReconcilerExecutor-hivemq-controller-75] DEBUG c.h.p.o.h.HiveMQPlatformReconcilerErrorHandler - [helminit] Pod 'test-hivemq-platform-0' condition 'Initialized': False
2025-01-28 23:51:56,573 INFO c.h.h.t.HelmChartContainer - [hivemq-test-hivemq-platform] [hivemq-platform-operator] [7a1e88fa] 23:51:56.569 [ReconcilerExecutor-hivemq-controller-75] DEBUG c.h.p.o.h.HiveMQPlatformReconcilerErrorHandler - [helminit] Pod 'test-hivemq-platform-0' condition 'Ready': False
2025-01-28 23:51:56,573 INFO c.h.h.t.HelmChartContainer - [hivemq-test-hivemq-platform] [hivemq-platform-operator] [7a1e88fa] 23:51:56.569 [ReconcilerExecutor-hivemq-controller-75] DEBUG c.h.p.o.h.HiveMQPlatformReconcilerErrorHandler - [helminit] Pod 'test-hivemq-platform-0' condition 'ContainersReady': False
2025-01-28 23:51:56,573 INFO c.h.h.t.HelmChartContainer - [hivemq-test-hivemq-platform] [hivemq-platform-operator] [7a1e88fa] 23:51:56.569 [ReconcilerExecutor-hivemq-controller-75] DEBUG c.h.p.o.h.HiveMQPlatformReconcilerErrorHandler - [helminit] Pod 'test-hivemq-platform-0' condition 'PodScheduled': True
2025-01-28 23:51:56,573 INFO c.h.h.t.HelmChartContainer - [hivemq-test-hivemq-platform] [hivemq-platform-operator] [7a1e88fa] 23:51:56.570 [ReconcilerExecutor-hivemq-controller-75] DEBUG c.h.p.o.h.HiveMQPlatformReconcilerErrorHandler - [helminit] Pod 'test-hivemq-platform-0' containerStatus 'hivemq' (started: false) (ready: false) (waiting: [PodInitializing] null)
2025-01-28 23:51:56,577 INFO c.h.h.t.HelmChartContainer - [hivemq-test-hivemq-platform] [hivemq-platform-operator] [7a1e88fa] 23:51:56.576 [ReconcilerExecutor-hivemq-controller-75] INFO  c.h.p.o.h.HiveMQPlatformReconcilerBaseHandler - [helminit] HiveMQ Platform is starting, 0 of 1 replicas are ready
2025-01-28 23:51:56,592 INFO c.h.h.t.HelmChartContainer - [EVENT] Normal [Pulling] Pulling image "hashicorp/consul-template:latest" [helminitcontainerit:test-hivemq-platform-0]
2025-01-28 23:51:56,662 INFO c.h.h.t.HelmChartContainer - [hivemq-test-hivemq-platform] [hivemq-platform-operator] [7a1e88fa] 23:51:56.658 [pool-6-thread-32] DEBUG c.h.p.o.d.PlatformServiceResource - [helminit] Desired Platform services (3 services)
2025-01-28 23:51:56,664 INFO c.h.h.t.HelmChartContainer - [hivemq-test-hivemq-platform] [hivemq-platform-operator] [7a1e88fa] 23:51:56.661 [pool-6-thread-33] DEBUG c.h.p.o.dependants.PodInfoConfigMap - [helminit] Desired PodInfo ConfigMap (1 extensions) (1 enabled)
2025-01-28 23:51:56,664 INFO c.h.h.t.HelmChartContainer - [hivemq-test-hivemq-platform] [hivemq-platform-operator] [7a1e88fa] 23:51:56.661 [pool-6-thread-33] DEBUG c.h.p.o.dependants.PodInfoConfigMap - [helminit] Desired PodInfo ConfigMap (metrics port: 9399) (metrics path: /)
2025-01-28 23:51:56,664 INFO c.h.h.t.HelmChartContainer - [hivemq-test-hivemq-platform] [hivemq-platform-operator] [7a1e88fa] 23:51:56.662 [pool-6-thread-33] DEBUG c.h.p.o.dependants.PodInfoConfigMap - [helminit] Desired PodInfo ConfigMap (extension state hash: -1817474005)
2025-01-28 23:51:56,673 INFO c.h.h.t.HelmChartContainer - [hivemq-test-hivemq-platform] [hivemq-platform-operator] [7a1e88fa] 23:51:56.668 [pool-6-thread-37] DEBUG c.h.p.o.d.PodServiceAccountResource - [helminit] Desired PodServiceAccountResource (serviceAccountName: hivemq-platform-pod-test-hivemq-platform)
2025-01-28 23:51:56,766 INFO c.h.h.t.HelmChartContainer - [hivemq-test-hivemq-platform] [hivemq-platform-operator] [7a1e88fa] 23:51:56.760 [pool-6-thread-40] DEBUG c.h.p.o.d.StatefulSetResource - [helminit] Desired StatefulSet (1 replicas) for status STARTING (READY)
2025-01-28 23:51:56,767 INFO c.h.h.t.HelmChartContainer - [hivemq-test-hivemq-platform] [hivemq-platform-operator] [7a1e88fa] 23:51:56.765 [ReconcilerExecutor-hivemq-controller-86] INFO  c.h.p.o.HiveMQPlatformReconciler - [helminit] Reconciling HiveMQ Platform 'test-hivemq-platform' in namespace 'helminitcontainerit'
2025-01-28 23:51:56,768 INFO c.h.h.t.HelmChartContainer - [hivemq-test-hivemq-platform] [hivemq-platform-operator] [7a1e88fa] 23:51:56.765 [ReconcilerExecutor-hivemq-controller-86] DEBUG c.h.p.o.HiveMQPlatformReconciler - [helminit] Custom Resource Status STARTING - HiveMQ Platform is starting (READY)
2025-01-28 23:51:56,769 INFO c.h.h.t.HelmChartContainer - [hivemq-test-hivemq-platform] [hivemq-platform-operator] [7a1e88fa] 23:51:56.765 [ReconcilerExecutor-hivemq-controller-86] DEBUG c.h.p.o.HiveMQPlatformReconciler - [helminit] Custom Resource Spec (replicas: 1) (extensions: 1)
2025-01-28 23:51:56,769 INFO c.h.h.t.HelmChartContainer - [hivemq-test-hivemq-platform] [hivemq-platform-operator] [7a1e88fa] 23:51:56.767 [ReconcilerExecutor-hivemq-controller-86] DEBUG c.h.p.o.HiveMQPlatformReconciler - [helminit] StatefulSet Status (revision: test-hivemq-platform-74977b996d, replicas: 1, available: 0, ready: 0, current: 1, updated: 1)
2025-01-28 23:51:56,772 INFO c.h.h.t.HelmChartContainer - [hivemq-test-hivemq-platform] [hivemq-platform-operator] [7a1e88fa] 23:51:56.768 [ReconcilerExecutor-hivemq-controller-86] DEBUG c.h.p.o.HiveMQPlatformReconciler - [helminit] StatefulSet Spec (replicas: 1, init containers: 2, containers: 1, volumes: 5)
2025-01-28 23:51:56,772 INFO c.h.h.t.HelmChartContainer - [hivemq-test-hivemq-platform] [hivemq-platform-operator] [7a1e88fa] 23:51:56.770 [ReconcilerExecutor-hivemq-controller-86] DEBUG c.h.p.o.h.HiveMQPlatformReconcilerErrorHandler - [helminit] Pod 'test-hivemq-platform-0' phase Pending
2025-01-28 23:51:56,773 INFO c.h.h.t.HelmChartContainer - [hivemq-test-hivemq-platform] [hivemq-platform-operator] [7a1e88fa] 23:51:56.770 [ReconcilerExecutor-hivemq-controller-86] DEBUG c.h.p.o.h.HiveMQPlatformReconcilerErrorHandler - [helminit] Pod 'test-hivemq-platform-0' condition 'PodReadyToStartContainers': False
2025-01-28 23:51:56,774 INFO c.h.h.t.HelmChartContainer - [hivemq-test-hivemq-platform] [hivemq-platform-operator] [7a1e88fa] 23:51:56.770 [ReconcilerExecutor-hivemq-controller-86] DEBUG c.h.p.o.h.HiveMQPlatformReconcilerErrorHandler - [helminit] Pod 'test-hivemq-platform-0' condition 'Initialized': False
2025-01-28 23:51:56,774 INFO c.h.h.t.HelmChartContainer - [hivemq-test-hivemq-platform] [hivemq-platform-operator] [7a1e88fa] 23:51:56.770 [ReconcilerExecutor-hivemq-controller-86] DEBUG c.h.p.o.h.HiveMQPlatformReconcilerErrorHandler - [helminit] Pod 'test-hivemq-platform-0' condition 'Ready': False
2025-01-28 23:51:56,774 INFO c.h.h.t.HelmChartContainer - [hivemq-test-hivemq-platform] [hivemq-platform-operator] [7a1e88fa] 23:51:56.770 [ReconcilerExecutor-hivemq-controller-86] DEBUG c.h.p.o.h.HiveMQPlatformReconcilerErrorHandler - [helminit] Pod 'test-hivemq-platform-0' condition 'ContainersReady': False
2025-01-28 23:51:56,774 INFO c.h.h.t.HelmChartContainer - [hivemq-test-hivemq-platform] [hivemq-platform-operator] [7a1e88fa] 23:51:56.770 [ReconcilerExecutor-hivemq-controller-86] DEBUG c.h.p.o.h.HiveMQPlatformReconcilerErrorHandler - [helminit] Pod 'test-hivemq-platform-0' condition 'PodScheduled': True
2025-01-28 23:51:56,774 INFO c.h.h.t.HelmChartContainer - [hivemq-test-hivemq-platform] [hivemq-platform-operator] [7a1e88fa] 23:51:56.770 [ReconcilerExecutor-hivemq-controller-86] DEBUG c.h.p.o.h.HiveMQPlatformReconcilerErrorHandler - [helminit] Pod 'test-hivemq-platform-0' containerStatus 'hivemq' (started: false) (ready: false) (waiting: [PodInitializing] null)
2025-01-28 23:51:56,774 INFO c.h.h.t.HelmChartContainer - [hivemq-test-hivemq-platform] [hivemq-platform-operator] [7a1e88fa] 23:51:56.772 [ReconcilerExecutor-hivemq-controller-86] INFO  c.h.p.o.h.HiveMQPlatformReconcilerBaseHandler - [helminit] HiveMQ Platform is starting, 0 of 1 replicas are ready
2025-01-28 23:51:57,466 INFO c.h.h.t.HelmChartContainer - [EVENT] Normal [Pulled] Successfully pulled image "hashicorp/consul-template:latest" in 873ms (873ms including waiting). Image size: 8961926 bytes. [helminitcontainerit:test-hivemq-platform-0]
2025-01-28 23:51:57,472 INFO c.h.h.t.HelmChartContainer - [EVENT] Normal [Created] Created container: consul-template-init-container [helminitcontainerit:test-hivemq-platform-0]
2025-01-28 23:51:57,513 INFO c.h.h.t.HelmChartContainer - [EVENT] Normal [Started] Started container consul-template-init-container [helminitcontainerit:test-hivemq-platform-0]
2025-01-28 23:51:58,355 INFO c.h.h.t.HelmChartContainer - [EVENT] Normal [Pulled] Container image "docker.io/hivemq/hivemq-platform-operator-init-test:snapshot" already present on machine [helminitcontainerit:test-hivemq-platform-0]
2025-01-28 23:51:58,367 INFO c.h.h.t.HelmChartContainer - [POD] test-hivemq-platform-0 [c0fa4dac-a25f-43f4-9219-213b9060694e] in helminitcontainerit was MODIFIED
2025-01-28 23:51:58,373 INFO c.h.h.t.HelmChartContainer - [EVENT] Normal [Created] Created container: hivemq-platform-operator-init [helminitcontainerit:test-hivemq-platform-0]
2025-01-28 23:51:58,401 INFO c.h.h.t.HelmChartContainer - [hivemq-test-hivemq-platform] [hivemq-platform-operator] [7a1e88fa] 23:51:58.390 [pool-6-thread-42] DEBUG c.h.p.o.d.PlatformServiceResource - [helminit] Desired Platform services (3 services)
2025-01-28 23:51:58,401 INFO c.h.h.t.HelmChartContainer - [hivemq-test-hivemq-platform] [hivemq-platform-operator] [7a1e88fa] 23:51:58.391 [pool-6-thread-43] DEBUG c.h.p.o.dependants.PodInfoConfigMap - [helminit] Desired PodInfo ConfigMap (1 extensions) (1 enabled)
2025-01-28 23:51:58,401 INFO c.h.h.t.HelmChartContainer - [hivemq-test-hivemq-platform] [hivemq-platform-operator] [7a1e88fa] 23:51:58.392 [pool-6-thread-43] DEBUG c.h.p.o.dependants.PodInfoConfigMap - [helminit] Desired PodInfo ConfigMap (metrics port: 9399) (metrics path: /)
2025-01-28 23:51:58,401 INFO c.h.h.t.HelmChartContainer - [hivemq-test-hivemq-platform] [hivemq-platform-operator] [7a1e88fa] 23:51:58.392 [pool-6-thread-43] DEBUG c.h.p.o.dependants.PodInfoConfigMap - [helminit] Desired PodInfo ConfigMap (extension state hash: -1817474005)
2025-01-28 23:51:58,402 INFO c.h.h.t.HelmChartContainer - [hivemq-test-hivemq-platform] [hivemq-platform-operator] [7a1e88fa] 23:51:58.397 [pool-6-thread-47] DEBUG c.h.p.o.d.PodServiceAccountResource - [helminit] Desired PodServiceAccountResource (serviceAccountName: hivemq-platform-pod-test-hivemq-platform)
2025-01-28 23:51:58,429 INFO c.h.h.t.HelmChartContainer - [EVENT] Normal [Started] Started container hivemq-platform-operator-init [helminitcontainerit:test-hivemq-platform-0]
2025-01-28 23:51:58,466 INFO c.h.h.t.HelmChartContainer - [hivemq-test-hivemq-platform] [hivemq-platform-operator] [7a1e88fa] 23:51:58.463 [pool-6-thread-50] DEBUG c.h.p.o.d.StatefulSetResource - [helminit] Desired StatefulSet (1 replicas) for status STARTING (READY)
2025-01-28 23:51:58,470 INFO c.h.h.t.HelmChartContainer - [hivemq-test-hivemq-platform] [hivemq-platform-operator] [7a1e88fa] 23:51:58.469 [ReconcilerExecutor-hivemq-controller-97] INFO  c.h.p.o.HiveMQPlatformReconciler - [helminit] Reconciling HiveMQ Platform 'test-hivemq-platform' in namespace 'helminitcontainerit'
2025-01-28 23:51:58,472 INFO c.h.h.t.HelmChartContainer - [hivemq-test-hivemq-platform] [hivemq-platform-operator] [7a1e88fa] 23:51:58.470 [ReconcilerExecutor-hivemq-controller-97] DEBUG c.h.p.o.HiveMQPlatformReconciler - [helminit] Custom Resource Status STARTING - HiveMQ Platform is starting (READY)
2025-01-28 23:51:58,473 INFO c.h.h.t.HelmChartContainer - [hivemq-test-hivemq-platform] [hivemq-platform-operator] [7a1e88fa] 23:51:58.470 [ReconcilerExecutor-hivemq-controller-97] DEBUG c.h.p.o.HiveMQPlatformReconciler - [helminit] Custom Resource Spec (replicas: 1) (extensions: 1)
2025-01-28 23:51:58,475 INFO c.h.h.t.HelmChartContainer - [hivemq-test-hivemq-platform] [hivemq-platform-operator] [7a1e88fa] 23:51:58.474 [ReconcilerExecutor-hivemq-controller-97] DEBUG c.h.p.o.HiveMQPlatformReconciler - [helminit] StatefulSet Status (revision: test-hivemq-platform-74977b996d, replicas: 1, available: 0, ready: 0, current: 1, updated: 1)
2025-01-28 23:51:58,476 INFO c.h.h.t.HelmChartContainer - [hivemq-test-hivemq-platform] [hivemq-platform-operator] [7a1e88fa] 23:51:58.474 [ReconcilerExecutor-hivemq-controller-97] DEBUG c.h.p.o.HiveMQPlatformReconciler - [helminit] StatefulSet Spec (replicas: 1, init containers: 2, containers: 1, volumes: 5)
2025-01-28 23:51:58,479 INFO c.h.h.t.HelmChartContainer - [hivemq-test-hivemq-platform] [hivemq-platform-operator] [7a1e88fa] 23:51:58.478 [ReconcilerExecutor-hivemq-controller-97] DEBUG c.h.p.o.h.HiveMQPlatformReconcilerErrorHandler - [helminit] Pod 'test-hivemq-platform-0' phase Pending
2025-01-28 23:51:58,480 INFO c.h.h.t.HelmChartContainer - [hivemq-test-hivemq-platform] [hivemq-platform-operator] [7a1e88fa] 23:51:58.478 [ReconcilerExecutor-hivemq-controller-97] DEBUG c.h.p.o.h.HiveMQPlatformReconcilerErrorHandler - [helminit] Pod 'test-hivemq-platform-0' condition 'PodReadyToStartContainers': True
2025-01-28 23:51:58,481 INFO c.h.h.t.HelmChartContainer - [hivemq-test-hivemq-platform] [hivemq-platform-operator] [7a1e88fa] 23:51:58.478 [ReconcilerExecutor-hivemq-controller-97] DEBUG c.h.p.o.h.HiveMQPlatformReconcilerErrorHandler - [helminit] Pod 'test-hivemq-platform-0' condition 'Initialized': False
2025-01-28 23:51:58,481 INFO c.h.h.t.HelmChartContainer - [hivemq-test-hivemq-platform] [hivemq-platform-operator] [7a1e88fa] 23:51:58.478 [ReconcilerExecutor-hivemq-controller-97] DEBUG c.h.p.o.h.HiveMQPlatformReconcilerErrorHandler - [helminit] Pod 'test-hivemq-platform-0' condition 'Ready': False
2025-01-28 23:51:58,481 INFO c.h.h.t.HelmChartContainer - [hivemq-test-hivemq-platform] [hivemq-platform-operator] [7a1e88fa] 23:51:58.478 [ReconcilerExecutor-hivemq-controller-97] DEBUG c.h.p.o.h.HiveMQPlatformReconcilerErrorHandler - [helminit] Pod 'test-hivemq-platform-0' condition 'ContainersReady': False
2025-01-28 23:51:58,481 INFO c.h.h.t.HelmChartContainer - [hivemq-test-hivemq-platform] [hivemq-platform-operator] [7a1e88fa] 23:51:58.478 [ReconcilerExecutor-hivemq-controller-97] DEBUG c.h.p.o.h.HiveMQPlatformReconcilerErrorHandler - [helminit] Pod 'test-hivemq-platform-0' condition 'PodScheduled': True
2025-01-28 23:51:58,481 INFO c.h.h.t.HelmChartContainer - [hivemq-test-hivemq-platform] [hivemq-platform-operator] [7a1e88fa] 23:51:58.478 [ReconcilerExecutor-hivemq-controller-97] DEBUG c.h.p.o.h.HiveMQPlatformReconcilerErrorHandler - [helminit] Pod 'test-hivemq-platform-0' containerStatus 'hivemq' (started: false) (ready: false) (waiting: [PodInitializing] null)
2025-01-28 23:51:58,482 INFO c.h.h.t.HelmChartContainer - [hivemq-test-hivemq-platform] [hivemq-platform-operator] [7a1e88fa] 23:51:58.481 [ReconcilerExecutor-hivemq-controller-97] INFO  c.h.p.o.h.HiveMQPlatformReconcilerBaseHandler - [helminit] HiveMQ Platform is starting, 0 of 1 replicas are ready
2025-01-28 23:51:59,358 INFO c.h.h.t.HelmChartContainer - [EVENT] Normal [Pulled] Container image "docker.io/hivemq/hivemq4:4.36.0" already present on machine [helminitcontainerit:test-hivemq-platform-0]
2025-01-28 23:51:59,358 INFO c.h.h.t.HelmChartContainer - Received Pulled event for container hivemq in pod test-hivemq-platform-0 [c0fa4dac-a25f-43f4-9219-213b9060694e]
2025-01-28 23:51:59,370 INFO c.h.h.t.HelmChartContainer - [POD] test-hivemq-platform-0 [c0fa4dac-a25f-43f4-9219-213b9060694e] in helminitcontainerit was MODIFIED
2025-01-28 23:51:59,371 INFO c.h.h.t.HelmChartContainer - [EVENT] Normal [Created] Created container: hivemq [helminitcontainerit:test-hivemq-platform-0]
2025-01-28 23:51:59,372 INFO c.h.h.t.HelmChartContainer - Received Created event for container hivemq in pod test-hivemq-platform-0 [c0fa4dac-a25f-43f4-9219-213b9060694e]
2025-01-28 23:51:59,377 INFO c.h.h.t.HelmChartContainer - [hivemq-test-hivemq-platform] [hivemq-platform-operator] [7a1e88fa] 23:51:59.374 [pool-6-thread-3] DEBUG c.h.p.o.d.PlatformServiceResource - [helminit] Desired Platform services (3 services)
2025-01-28 23:51:59,379 INFO c.h.h.t.HelmChartContainer - [hivemq-test-hivemq-platform] [hivemq-platform-operator] [7a1e88fa] 23:51:59.375 [pool-6-thread-1] DEBUG c.h.p.o.dependants.PodInfoConfigMap - [helminit] Desired PodInfo ConfigMap (1 extensions) (1 enabled)
2025-01-28 23:51:59,379 INFO c.h.h.t.HelmChartContainer - [hivemq-test-hivemq-platform] [hivemq-platform-operator] [7a1e88fa] 23:51:59.378 [pool-6-thread-1] DEBUG c.h.p.o.dependants.PodInfoConfigMap - [helminit] Desired PodInfo ConfigMap (metrics port: 9399) (metrics path: /)
2025-01-28 23:51:59,379 INFO c.h.h.t.HelmChartContainer - [hivemq-test-hivemq-platform] [hivemq-platform-operator] [7a1e88fa] 23:51:59.378 [pool-6-thread-1] DEBUG c.h.p.o.dependants.PodInfoConfigMap - [helminit] Desired PodInfo ConfigMap (extension state hash: -1817474005)
2025-01-28 23:51:59,383 INFO c.h.h.t.HelmChartContainer - [hivemq-test-hivemq-platform] [hivemq-platform-operator] [7a1e88fa] 23:51:59.378 [pool-6-thread-2] DEBUG c.h.p.o.d.PodServiceAccountResource - [helminit] Desired PodServiceAccountResource (serviceAccountName: hivemq-platform-pod-test-hivemq-platform)
2025-01-28 23:51:59,394 INFO c.h.h.t.HelmChartContainer - [hivemq-test-hivemq-platform] [hivemq-platform-operator] [7a1e88fa] 23:51:59.391 [pool-6-thread-3] DEBUG c.h.p.o.d.StatefulSetResource - [helminit] Desired StatefulSet (1 replicas) for status STARTING (READY)
2025-01-28 23:51:59,468 INFO c.h.h.t.HelmChartContainer - [hivemq-test-hivemq-platform] [hivemq-platform-operator] [7a1e88fa] 23:51:59.462 [ReconcilerExecutor-hivemq-controller-108] INFO  c.h.p.o.HiveMQPlatformReconciler - [helminit] Reconciling HiveMQ Platform 'test-hivemq-platform' in namespace 'helminitcontainerit'
2025-01-28 23:51:59,468 INFO c.h.h.t.HelmChartContainer - [hivemq-test-hivemq-platform] [hivemq-platform-operator] [7a1e88fa] 23:51:59.462 [ReconcilerExecutor-hivemq-controller-108] DEBUG c.h.p.o.HiveMQPlatformReconciler - [helminit] Custom Resource Status STARTING - HiveMQ Platform is starting (READY)
2025-01-28 23:51:59,468 INFO c.h.h.t.HelmChartContainer - [hivemq-test-hivemq-platform] [hivemq-platform-operator] [7a1e88fa] 23:51:59.463 [ReconcilerExecutor-hivemq-controller-108] DEBUG c.h.p.o.HiveMQPlatformReconciler - [helminit] Custom Resource Spec (replicas: 1) (extensions: 1)
2025-01-28 23:51:59,468 INFO c.h.h.t.HelmChartContainer - [hivemq-test-hivemq-platform] [hivemq-platform-operator] [7a1e88fa] 23:51:59.465 [ReconcilerExecutor-hivemq-controller-108] DEBUG c.h.p.o.HiveMQPlatformReconciler - [helminit] StatefulSet Status (revision: test-hivemq-platform-74977b996d, replicas: 1, available: 0, ready: 0, current: 1, updated: 1)
2025-01-28 23:51:59,468 INFO c.h.h.t.HelmChartContainer - [hivemq-test-hivemq-platform] [hivemq-platform-operator] [7a1e88fa] 23:51:59.465 [ReconcilerExecutor-hivemq-controller-108] DEBUG c.h.p.o.HiveMQPlatformReconciler - [helminit] StatefulSet Spec (replicas: 1, init containers: 2, containers: 1, volumes: 5)
2025-01-28 23:51:59,472 INFO c.h.h.t.HelmChartContainer - [hivemq-test-hivemq-platform] [hivemq-platform-operator] [7a1e88fa] 23:51:59.469 [ReconcilerExecutor-hivemq-controller-108] DEBUG c.h.p.o.h.HiveMQPlatformReconcilerErrorHandler - [helminit] Pod 'test-hivemq-platform-0' phase Pending
2025-01-28 23:51:59,473 INFO c.h.h.t.HelmChartContainer - [hivemq-test-hivemq-platform] [hivemq-platform-operator] [7a1e88fa] 23:51:59.470 [ReconcilerExecutor-hivemq-controller-108] DEBUG c.h.p.o.h.HiveMQPlatformReconcilerErrorHandler - [helminit] Pod 'test-hivemq-platform-0' condition 'PodReadyToStartContainers': True
2025-01-28 23:51:59,473 INFO c.h.h.t.HelmChartContainer - [hivemq-test-hivemq-platform] [hivemq-platform-operator] [7a1e88fa] 23:51:59.470 [ReconcilerExecutor-hivemq-controller-108] DEBUG c.h.p.o.h.HiveMQPlatformReconcilerErrorHandler - [helminit] Pod 'test-hivemq-platform-0' condition 'Initialized': True
2025-01-28 23:51:59,473 INFO c.h.h.t.HelmChartContainer - [hivemq-test-hivemq-platform] [hivemq-platform-operator] [7a1e88fa] 23:51:59.470 [ReconcilerExecutor-hivemq-controller-108] DEBUG c.h.p.o.h.HiveMQPlatformReconcilerErrorHandler - [helminit] Pod 'test-hivemq-platform-0' condition 'Ready': False
2025-01-28 23:51:59,473 INFO c.h.h.t.HelmChartContainer - [hivemq-test-hivemq-platform] [hivemq-platform-operator] [7a1e88fa] 23:51:59.470 [ReconcilerExecutor-hivemq-controller-108] DEBUG c.h.p.o.h.HiveMQPlatformReconcilerErrorHandler - [helminit] Pod 'test-hivemq-platform-0' condition 'ContainersReady': False
2025-01-28 23:51:59,473 INFO c.h.h.t.HelmChartContainer - [hivemq-test-hivemq-platform] [hivemq-platform-operator] [7a1e88fa] 23:51:59.470 [ReconcilerExecutor-hivemq-controller-108] DEBUG c.h.p.o.h.HiveMQPlatformReconcilerErrorHandler - [helminit] Pod 'test-hivemq-platform-0' condition 'PodScheduled': True
2025-01-28 23:51:59,473 INFO c.h.h.t.HelmChartContainer - [hivemq-test-hivemq-platform] [hivemq-platform-operator] [7a1e88fa] 23:51:59.470 [ReconcilerExecutor-hivemq-controller-108] DEBUG c.h.p.o.h.HiveMQPlatformReconcilerErrorHandler - [helminit] Pod 'test-hivemq-platform-0' containerStatus 'hivemq' (started: false) (ready: false) (waiting: [PodInitializing] null)
2025-01-28 23:51:59,473 INFO c.h.h.t.HelmChartContainer - [hivemq-test-hivemq-platform] [hivemq-platform-operator] [7a1e88fa] 23:51:59.471 [ReconcilerExecutor-hivemq-controller-108] INFO  c.h.p.o.h.HiveMQPlatformReconcilerBaseHandler - [helminit] HiveMQ Platform is starting, 0 of 1 replicas are ready
2025-01-28 23:52:00,375 INFO c.h.h.t.HelmChartContainer - [POD] test-hivemq-platform-0 [c0fa4dac-a25f-43f4-9219-213b9060694e] in helminitcontainerit was MODIFIED
2025-01-28 23:52:00,379 INFO c.h.h.t.HelmChartContainer - [hivemq-test-hivemq-platform] [hivemq-platform-operator] [7a1e88fa] 23:52:00.376 [pool-6-thread-17] DEBUG c.h.p.o.d.PlatformServiceResource - [helminit] Desired Platform services (3 services)
2025-01-28 23:52:00,382 INFO c.h.h.t.HelmChartContainer - [EVENT] Normal [Started] Started container hivemq [helminitcontainerit:test-hivemq-platform-0]
2025-01-28 23:52:00,382 INFO c.h.h.t.HelmChartContainer - Started log watcher for hivemq in pod test-hivemq-platform-0 [c0fa4dac-a25f-43f4-9219-213b9060694e]
2025-01-28 23:52:00,382 INFO c.h.h.t.HelmChartContainer - [test-hivemq-platform] [hivemq] [c0fa4dac] Adding pre-installed HiveMQ Platform Operator extensions
2025-01-28 23:52:00,382 INFO c.h.h.t.HelmChartContainer - [test-hivemq-platform] [hivemq] [c0fa4dac] Running as user 10000
2025-01-28 23:52:00,382 INFO c.h.h.t.HelmChartContainer - [test-hivemq-platform] [hivemq] [c0fa4dac] Starting HiveMQ Platform Operator Init
2025-01-28 23:52:00,382 INFO c.h.h.t.HelmChartContainer - Received Started event for container hivemq in pod test-hivemq-platform-0 [c0fa4dac-a25f-43f4-9219-213b9060694e]
2025-01-28 23:52:00,385 INFO c.h.h.t.HelmChartContainer - [hivemq-test-hivemq-platform] [hivemq-platform-operator] [7a1e88fa] 23:52:00.382 [pool-6-thread-14] DEBUG c.h.p.o.d.PodServiceAccountResource - [helminit] Desired PodServiceAccountResource (serviceAccountName: hivemq-platform-pod-test-hivemq-platform)
2025-01-28 23:52:00,386 INFO c.h.h.t.HelmChartContainer - [hivemq-test-hivemq-platform] [hivemq-platform-operator] [7a1e88fa] 23:52:00.383 [pool-6-thread-16] DEBUG c.h.p.o.dependants.PodInfoConfigMap - [helminit] Desired PodInfo ConfigMap (1 extensions) (1 enabled)
2025-01-28 23:52:00,386 INFO c.h.h.t.HelmChartContainer - [hivemq-test-hivemq-platform] [hivemq-platform-operator] [7a1e88fa] 23:52:00.383 [pool-6-thread-16] DEBUG c.h.p.o.dependants.PodInfoConfigMap - [helminit] Desired PodInfo ConfigMap (metrics port: 9399) (metrics path: /)
2025-01-28 23:52:00,386 INFO c.h.h.t.HelmChartContainer - [hivemq-test-hivemq-platform] [hivemq-platform-operator] [7a1e88fa] 23:52:00.383 [pool-6-thread-16] DEBUG c.h.p.o.dependants.PodInfoConfigMap - [helminit] Desired PodInfo ConfigMap (extension state hash: -1817474005)
2025-01-28 23:52:00,390 INFO c.h.h.t.HelmChartContainer - [hivemq-test-hivemq-platform] [hivemq-platform-operator] [7a1e88fa] 23:52:00.388 [pool-6-thread-16] DEBUG c.h.p.o.d.StatefulSetResource - [helminit] Desired StatefulSet (1 replicas) for status STARTING (READY)
2025-01-28 23:52:00,461 INFO c.h.h.t.HelmChartContainer - [hivemq-test-hivemq-platform] [hivemq-platform-operator] [7a1e88fa] 23:52:00.459 [ReconcilerExecutor-hivemq-controller-109] INFO  c.h.p.o.HiveMQPlatformReconciler - [helminit] Reconciling HiveMQ Platform 'test-hivemq-platform' in namespace 'helminitcontainerit'
2025-01-28 23:52:00,461 INFO c.h.h.t.HelmChartContainer - [hivemq-test-hivemq-platform] [hivemq-platform-operator] [7a1e88fa] 23:52:00.459 [ReconcilerExecutor-hivemq-controller-109] DEBUG c.h.p.o.HiveMQPlatformReconciler - [helminit] Custom Resource Status STARTING - HiveMQ Platform is starting (READY)
2025-01-28 23:52:00,461 INFO c.h.h.t.HelmChartContainer - [hivemq-test-hivemq-platform] [hivemq-platform-operator] [7a1e88fa] 23:52:00.459 [ReconcilerExecutor-hivemq-controller-109] DEBUG c.h.p.o.HiveMQPlatformReconciler - [helminit] Custom Resource Spec (replicas: 1) (extensions: 1)
2025-01-28 23:52:00,464 INFO c.h.h.t.HelmChartContainer - [hivemq-test-hivemq-platform] [hivemq-platform-operator] [7a1e88fa] 23:52:00.462 [ReconcilerExecutor-hivemq-controller-109] DEBUG c.h.p.o.HiveMQPlatformReconciler - [helminit] StatefulSet Status (revision: test-hivemq-platform-74977b996d, replicas: 1, available: 0, ready: 0, current: 1, updated: 1)
2025-01-28 23:52:00,464 INFO c.h.h.t.HelmChartContainer - [hivemq-test-hivemq-platform] [hivemq-platform-operator] [7a1e88fa] 23:52:00.462 [ReconcilerExecutor-hivemq-controller-109] DEBUG c.h.p.o.HiveMQPlatformReconciler - [helminit] StatefulSet Spec (replicas: 1, init containers: 2, containers: 1, volumes: 5)
2025-01-28 23:52:00,467 INFO c.h.h.t.HelmChartContainer - [hivemq-test-hivemq-platform] [hivemq-platform-operator] [7a1e88fa] 23:52:00.464 [ReconcilerExecutor-hivemq-controller-109] DEBUG c.h.p.o.h.HiveMQPlatformReconcilerErrorHandler - [helminit] Pod 'test-hivemq-platform-0' phase Running
2025-01-28 23:52:00,467 INFO c.h.h.t.HelmChartContainer - [hivemq-test-hivemq-platform] [hivemq-platform-operator] [7a1e88fa] 23:52:00.465 [ReconcilerExecutor-hivemq-controller-109] INFO  c.h.p.o.h.HiveMQPlatformReconcilerBaseHandler - [helminit] HiveMQ Platform is starting, 0 of 1 replicas are ready
2025-01-28 23:52:00,735 INFO c.h.h.t.HelmChartContainer - [test-hivemq-platform] [hivemq] [c0fa4dac] INFO  - [HiveMQ Platform Operator Init 1.7.0-SNAPSHOT] HiveMQ Platform Operator Init 1.7.0-SNAPSHOT (commit: bebf408 on branch: HEAD) built on Sun Jan 26 20:47:47 UTC 2025
2025-01-28 23:52:01,860 INFO c.h.h.t.HelmChartContainer - [test-hivemq-platform] [hivemq] [c0fa4dac] INFO  - [HiveMQ Platform Operator Init App 1.7.0-SNAPSHOT] Using bind address 10.42.0.6 from environment variable
2025-01-28 23:52:02,733 INFO c.h.h.t.HelmChartContainer - [test-hivemq-platform] [hivemq] [c0fa4dac] INFO  - [HiveMQ Platform Operator Init App 1.7.0-SNAPSHOT] HiveMQ Platform Operator Init App 1.7.0-SNAPSHOT (commit: bebf408 on branch: HEAD) built on Sun Jan 26 20:47:47 UTC 2025
2025-01-28 23:52:02,733 INFO c.h.h.t.HelmChartContainer - [test-hivemq-platform] [hivemq] [c0fa4dac] INFO  - [HiveMQ Platform Operator Init App 1.7.0-SNAPSHOT] PodInfo ConfigMap directory: /etc/podinfo
2025-01-28 23:52:02,733 INFO c.h.h.t.HelmChartContainer - [test-hivemq-platform] [hivemq] [c0fa4dac] INFO  - [HiveMQ Platform Operator Init App 1.7.0-SNAPSHOT] HiveMQ home directory: /opt/hivemq
2025-01-28 23:52:02,733 INFO c.h.h.t.HelmChartContainer - [test-hivemq-platform] [hivemq] [c0fa4dac] INFO  - [HiveMQ Platform Operator Init App 1.7.0-SNAPSHOT] HiveMQ Logback folder: /opt/hivemq/conf
2025-01-28 23:52:02,733 INFO c.h.h.t.HelmChartContainer - [test-hivemq-platform] [hivemq] [c0fa4dac] INFO  - [HiveMQ Platform Operator Init App 1.7.0-SNAPSHOT] HiveMQ Config folder: /opt/hivemq/conf-k8s
2025-01-28 23:52:02,734 INFO c.h.h.t.HelmChartContainer - [test-hivemq-platform] [hivemq] [c0fa4dac] INFO  - [HiveMQ Platform Operator Init App 1.7.0-SNAPSHOT] Starting HiveMQ Platform Operator Init App
2025-01-28 23:52:02,734 INFO c.h.h.t.HelmChartContainer - [test-hivemq-platform] [hivemq] [c0fa4dac] INFO  - [HiveMQ Platform Operator Init App 1.7.0-SNAPSHOT] Starting Pod reconciler
2025-01-28 23:52:04,027 INFO c.h.h.t.HelmChartContainer - [test-hivemq-platform] [hivemq] [c0fa4dac] INFO  - [HiveMQ Platform Operator Init App 1.7.0-SNAPSHOT] Pod reconciler is scheduled (interval: 5000 ms)
2025-01-28 23:52:04,028 INFO c.h.h.t.HelmChartContainer - [test-hivemq-platform] [hivemq] [c0fa4dac] INFO  - [HiveMQ Platform Operator Init App 1.7.0-SNAPSHOT] Starting the REST API on 10.42.0.6:7979
2025-01-28 23:52:04,032 INFO c.h.h.t.HelmChartContainer - [test-hivemq-platform] [hivemq] [c0fa4dac] INFO  - [HiveMQ Platform Operator Init App 1.7.0-SNAPSHOT] Waiting up to 600s for at most 1 HiveMQ nodes in cluster service hivemq-test-hivemq-platform-cluster.helminitcontainerit.svc
2025-01-28 23:52:04,348 INFO c.h.h.t.HelmChartContainer - [test-hivemq-platform] [hivemq] [c0fa4dac] INFO  - [HiveMQ Platform Operator Init App 1.7.0-SNAPSHOT] Resolved 1 IP addresses: [10.42.0.6]
2025-01-28 23:52:04,348 INFO c.h.h.t.HelmChartContainer - [test-hivemq-platform] [hivemq] [c0fa4dac] INFO  - [HiveMQ Platform Operator Init App 1.7.0-SNAPSHOT] HiveMQ node count of 1 is within threshold of 1
2025-01-28 23:52:04,348 INFO c.h.h.t.HelmChartContainer - [test-hivemq-platform] [hivemq] [c0fa4dac] INFO  - [HiveMQ Platform Operator Init App 1.7.0-SNAPSHOT] Proceeding with container start
2025-01-28 23:52:04,440 INFO c.h.h.t.HelmChartContainer - [test-hivemq-platform] [hivemq] [c0fa4dac] INFO  - [HiveMQ Platform Operator Init App 1.7.0-SNAPSHOT] Initializing HiveMQ Platform extensions with initial configuration: {hivemq-allow-all-extension={start-priority=-1, skip-https-hostname-verification=false, restart=true, config-version=0, header-version=0, c-uri=, priority=-1, uri=preinstalled, skip-https-certificate-validation=false, enabled=true}, hivemq-prometheus-extension={request-header-path=no-request-headers, uri=preinstalled, skip-https-certificate-validation=false, skip-https-hostname-verification=false, c-uri=, start-priority=-1, priority=-1, restart=true, enabled=true}}
2025-01-28 23:52:04,949 INFO c.h.h.t.HelmChartContainer - [test-hivemq-platform] [hivemq] [c0fa4dac] INFO  - [HiveMQ Platform Operator Init App 1.7.0-SNAPSHOT] Extension hivemq-allow-all-extension was already enabled
2025-01-28 23:52:05,037 INFO c.h.h.t.HelmChartContainer - [test-hivemq-platform] [hivemq] [c0fa4dac] INFO  - [HiveMQ Platform Operator Init App 1.7.0-SNAPSHOT] Successfully enabled extension hivemq-prometheus-extension
2025-01-28 23:52:05,038 INFO c.h.h.t.HelmChartContainer - [test-hivemq-platform] [hivemq] [c0fa4dac] INFO  - [HiveMQ Platform Operator Init App 1.7.0-SNAPSHOT] Starting HiveMQ Platform version 4.36.0 (4.36.0)
2025-01-28 23:52:05,038 INFO c.h.h.t.HelmChartContainer - [test-hivemq-platform] [hivemq] [c0fa4dac] INFO  - [HiveMQ Platform Operator Init App 1.7.0-SNAPSHOT] Configuring the HiveMQ Platform
2025-01-28 23:52:05,048 INFO c.h.h.t.HelmChartContainer - [test-hivemq-platform] [hivemq] [c0fa4dac] INFO  - [HiveMQ Platform Operator Init App 1.7.0-SNAPSHOT] Changed logback.xml file scan period to 20 seconds
2025-01-28 23:52:05,138 INFO c.h.h.t.HelmChartContainer - [test-hivemq-platform] [hivemq] [c0fa4dac] INFO  - [HiveMQ Platform Operator Init App 1.7.0-SNAPSHOT] Starting the HiveMQ Platform
2025-01-28 23:52:05,141 INFO c.h.h.t.HelmChartContainer - [test-hivemq-platform] [hivemq] [c0fa4dac] -------------------------------------------------------------------------
2025-01-28 23:52:05,141 INFO c.h.h.t.HelmChartContainer - [test-hivemq-platform] [hivemq] [c0fa4dac] 
2025-01-28 23:52:05,141 INFO c.h.h.t.HelmChartContainer - [test-hivemq-platform] [hivemq] [c0fa4dac]                   _    _  _              __  __   ____
2025-01-28 23:52:05,141 INFO c.h.h.t.HelmChartContainer - [test-hivemq-platform] [hivemq] [c0fa4dac]                  | |  | |(_)            |  \/  | / __ \
2025-01-28 23:52:05,141 INFO c.h.h.t.HelmChartContainer - [test-hivemq-platform] [hivemq] [c0fa4dac]                  | |__| | _ __   __ ___ | \  / || |  | |
2025-01-28 23:52:05,141 INFO c.h.h.t.HelmChartContainer - [test-hivemq-platform] [hivemq] [c0fa4dac]                  |  __  || |\ \ / // _ \| |\/| || |  | |
2025-01-28 23:52:05,141 INFO c.h.h.t.HelmChartContainer - [test-hivemq-platform] [hivemq] [c0fa4dac]                  | |  | || | \ V /|  __/| |  | || |__| |
2025-01-28 23:52:05,141 INFO c.h.h.t.HelmChartContainer - [test-hivemq-platform] [hivemq] [c0fa4dac]                  |_|  |_||_|  \_/  \___||_|  |_| \___\_\
2025-01-28 23:52:05,141 INFO c.h.h.t.HelmChartContainer - [test-hivemq-platform] [hivemq] [c0fa4dac] 
2025-01-28 23:52:05,141 INFO c.h.h.t.HelmChartContainer - [test-hivemq-platform] [hivemq] [c0fa4dac] -------------------------------------------------------------------------
2025-01-28 23:52:05,141 INFO c.h.h.t.HelmChartContainer - [test-hivemq-platform] [hivemq] [c0fa4dac] 
2025-01-28 23:52:05,141 INFO c.h.h.t.HelmChartContainer - [test-hivemq-platform] [hivemq] [c0fa4dac]   HiveMQ Start Script for Linux/Unix v1.14
2025-01-28 23:52:05,141 INFO c.h.h.t.HelmChartContainer - [test-hivemq-platform] [hivemq] [c0fa4dac] 
2025-01-28 23:52:05,253 INFO c.h.h.t.HelmChartContainer - [test-hivemq-platform] [hivemq] [c0fa4dac] -------------------------------------------------------------------------
2025-01-28 23:52:05,253 INFO c.h.h.t.HelmChartContainer - [test-hivemq-platform] [hivemq] [c0fa4dac] 
2025-01-28 23:52:05,253 INFO c.h.h.t.HelmChartContainer - [test-hivemq-platform] [hivemq] [c0fa4dac]   HIVEMQ_HOME: /opt/hivemq
2025-01-28 23:52:05,253 INFO c.h.h.t.HelmChartContainer - [test-hivemq-platform] [hivemq] [c0fa4dac] 
2025-01-28 23:52:05,254 INFO c.h.h.t.HelmChartContainer - [test-hivemq-platform] [hivemq] [c0fa4dac]   JAVA_OPTS: -XX:+UnlockExperimentalVMOptions -XX:InitialRAMPercentage=50 -XX:MaxRAMPercentage=50 -Djava.net.preferIPv4Stack=true --add-opens java.base/java.lang=ALL-UNNAMED --add-opens java.base/java.nio=ALL-UNNAMED --add-opens java.base/sun.nio.ch=ALL-UNNAMED --add-opens jdk.management/com.sun.management.internal=ALL-UNNAMED --add-exports java.base/jdk.internal.misc=ALL-UNNAMED -Djava.security.egd=file:/dev/./urandom -Dcom.sun.management.jmxremote -Dcom.sun.management.jmxremote.port=9010 -Dcom.sun.management.jmxremote.local.only=false -Dcom.sun.management.jmxremote.authenticate=false -Dcom.sun.management.jmxremote.ssl=false -Duser.language=en -Duser.region=US -XX:+CrashOnOutOfMemoryError -XX:+HeapDumpOnOutOfMemoryError
2025-01-28 23:52:05,254 INFO c.h.h.t.HelmChartContainer - [test-hivemq-platform] [hivemq] [c0fa4dac] 
2025-01-28 23:52:05,254 INFO c.h.h.t.HelmChartContainer - [test-hivemq-platform] [hivemq] [c0fa4dac]   JAVA_VERSION: 21
2025-01-28 23:52:05,254 INFO c.h.h.t.HelmChartContainer - [test-hivemq-platform] [hivemq] [c0fa4dac] 
2025-01-28 23:52:05,254 INFO c.h.h.t.HelmChartContainer - [test-hivemq-platform] [hivemq] [c0fa4dac] -------------------------------------------------------------------------
2025-01-28 23:52:05,254 INFO c.h.h.t.HelmChartContainer - [test-hivemq-platform] [hivemq] [c0fa4dac] 
2025-01-28 23:52:06,433 INFO c.h.h.t.HelmChartContainer - [test-hivemq-platform] [hivemq] [c0fa4dac] INFO  - [HiveMQ Platform Operator Init App 1.7.0-SNAPSHOT] Returning default Health API response 503 for readiness
2025-01-28 23:52:06,643 INFO c.h.h.t.HelmChartContainer - [EVENT] Warning [Unhealthy] Readiness probe failed: HTTP probe failed with statuscode: 503 [helminitcontainerit:test-hivemq-platform-0]
2025-01-28 23:52:06,643 INFO c.h.h.t.HelmChartContainer - Received Unhealthy event for container hivemq in pod test-hivemq-platform-0 [c0fa4dac-a25f-43f4-9219-213b9060694e]
2025-01-28 23:52:07,940 INFO c.h.h.t.HelmChartContainer - [test-hivemq-platform] [hivemq] [c0fa4dac] INFO  - Starting HiveMQ Enterprise Server
2025-01-28 23:52:08,029 INFO c.h.h.t.HelmChartContainer - [test-hivemq-platform] [hivemq] [c0fa4dac] INFO  - HiveMQ version: 4.36.0
2025-01-28 23:52:08,029 INFO c.h.h.t.HelmChartContainer - [test-hivemq-platform] [hivemq] [c0fa4dac] INFO  - HiveMQ home directory: /opt/hivemq
2025-01-28 23:52:08,029 INFO c.h.h.t.HelmChartContainer - [test-hivemq-platform] [hivemq] [c0fa4dac] INFO  - Log Configuration was overridden by /opt/hivemq/conf/logback.xml
2025-01-28 23:52:09,240 INFO c.h.h.t.HelmChartContainer - [test-hivemq-platform] [hivemq] [c0fa4dac] INFO  - Successfully loaded configuration from '/opt/hivemq/conf-k8s/config.xml'.
2025-01-28 23:52:10,037 INFO c.h.h.t.HelmChartContainer - [test-hivemq-platform] [hivemq] [c0fa4dac] INFO  - This node's ID is nkTx4
2025-01-28 23:52:10,038 INFO c.h.h.t.HelmChartContainer - [test-hivemq-platform] [hivemq] [c0fa4dac] INFO  - Clustering is enabled
2025-01-28 23:52:10,474 INFO c.h.h.t.HelmChartContainer - [hivemq-test-hivemq-platform] [hivemq-platform-operator] [7a1e88fa] 23:52:10.471 [pool-6-thread-26] DEBUG c.h.p.o.d.PlatformServiceResource - [helminit] Desired Platform services (3 services)
2025-01-28 23:52:10,475 INFO c.h.h.t.HelmChartContainer - [hivemq-test-hivemq-platform] [hivemq-platform-operator] [7a1e88fa] 23:52:10.472 [pool-6-thread-23] DEBUG c.h.p.o.dependants.PodInfoConfigMap - [helminit] Desired PodInfo ConfigMap (1 extensions) (1 enabled)
2025-01-28 23:52:10,476 INFO c.h.h.t.HelmChartContainer - [hivemq-test-hivemq-platform] [hivemq-platform-operator] [7a1e88fa] 23:52:10.472 [pool-6-thread-23] DEBUG c.h.p.o.dependants.PodInfoConfigMap - [helminit] Desired PodInfo ConfigMap (metrics port: 9399) (metrics path: /)
2025-01-28 23:52:10,476 INFO c.h.h.t.HelmChartContainer - [hivemq-test-hivemq-platform] [hivemq-platform-operator] [7a1e88fa] 23:52:10.472 [pool-6-thread-23] DEBUG c.h.p.o.dependants.PodInfoConfigMap - [helminit] Desired PodInfo ConfigMap (extension state hash: -1817474005)
2025-01-28 23:52:10,476 INFO c.h.h.t.HelmChartContainer - [hivemq-test-hivemq-platform] [hivemq-platform-operator] [7a1e88fa] 23:52:10.473 [pool-6-thread-25] DEBUG c.h.p.o.d.PodServiceAccountResource - [helminit] Desired PodServiceAccountResource (serviceAccountName: hivemq-platform-pod-test-hivemq-platform)
2025-01-28 23:52:10,480 INFO c.h.h.t.HelmChartContainer - [hivemq-test-hivemq-platform] [hivemq-platform-operator] [7a1e88fa] 23:52:10.478 [pool-6-thread-26] DEBUG c.h.p.o.d.StatefulSetResource - [helminit] Desired StatefulSet (1 replicas) for status STARTING (READY)
2025-01-28 23:52:10,483 INFO c.h.h.t.HelmChartContainer - [hivemq-test-hivemq-platform] [hivemq-platform-operator] [7a1e88fa] 23:52:10.482 [ReconcilerExecutor-hivemq-controller-110] INFO  c.h.p.o.HiveMQPlatformReconciler - [helminit] Reconciling HiveMQ Platform 'test-hivemq-platform' in namespace 'helminitcontainerit'
2025-01-28 23:52:10,483 INFO c.h.h.t.HelmChartContainer - [hivemq-test-hivemq-platform] [hivemq-platform-operator] [7a1e88fa] 23:52:10.482 [ReconcilerExecutor-hivemq-controller-110] DEBUG c.h.p.o.HiveMQPlatformReconciler - [helminit] Custom Resource Status STARTING - HiveMQ Platform is starting (READY)
2025-01-28 23:52:10,483 INFO c.h.h.t.HelmChartContainer - [hivemq-test-hivemq-platform] [hivemq-platform-operator] [7a1e88fa] 23:52:10.482 [ReconcilerExecutor-hivemq-controller-110] DEBUG c.h.p.o.HiveMQPlatformReconciler - [helminit] Custom Resource Spec (replicas: 1) (extensions: 1)
2025-01-28 23:52:10,485 INFO c.h.h.t.HelmChartContainer - [hivemq-test-hivemq-platform] [hivemq-platform-operator] [7a1e88fa] 23:52:10.484 [ReconcilerExecutor-hivemq-controller-110] DEBUG c.h.p.o.HiveMQPlatformReconciler - [helminit] StatefulSet Status (revision: test-hivemq-platform-74977b996d, replicas: 1, available: 0, ready: 0, current: 1, updated: 1)
2025-01-28 23:52:10,485 INFO c.h.h.t.HelmChartContainer - [hivemq-test-hivemq-platform] [hivemq-platform-operator] [7a1e88fa] 23:52:10.484 [ReconcilerExecutor-hivemq-controller-110] DEBUG c.h.p.o.HiveMQPlatformReconciler - [helminit] StatefulSet Spec (replicas: 1, init containers: 2, containers: 1, volumes: 5)
2025-01-28 23:52:10,486 INFO c.h.h.t.HelmChartContainer - [hivemq-test-hivemq-platform] [hivemq-platform-operator] [7a1e88fa] 23:52:10.485 [ReconcilerExecutor-hivemq-controller-110] DEBUG c.h.p.o.h.HiveMQPlatformReconcilerErrorHandler - [helminit] Pod 'test-hivemq-platform-0' phase Running
2025-01-28 23:52:10,487 INFO c.h.h.t.HelmChartContainer - [hivemq-test-hivemq-platform] [hivemq-platform-operator] [7a1e88fa] 23:52:10.486 [ReconcilerExecutor-hivemq-controller-110] INFO  c.h.p.o.h.HiveMQPlatformReconcilerBaseHandler - [helminit] HiveMQ Platform is starting, 0 of 1 replicas are ready
2025-01-28 23:52:11,418 INFO c.h.h.t.HelmChartContainer - [K3S] [range_allocator.go:247] "Successfully synced" key="fa4611d197e6"
2025-01-28 23:52:11,930 INFO c.h.h.t.HelmChartContainer - [test-hivemq-platform] [hivemq] [c0fa4dac] WARN  - [HiveMQ Platform Operator Init App 1.7.0-SNAPSHOT] Cannot connect to Health API for readiness: null
2025-01-28 23:52:11,935 INFO c.h.h.t.HelmChartContainer - [EVENT] Warning [Unhealthy] Readiness probe failed: HTTP probe failed with statuscode: 503 [helminitcontainerit:test-hivemq-platform-0]
2025-01-28 23:52:11,935 INFO c.h.h.t.HelmChartContainer - Received Unhealthy event for container hivemq in pod test-hivemq-platform-0 [c0fa4dac-a25f-43f4-9219-213b9060694e]
2025-01-28 23:52:15,328 INFO c.h.h.t.HelmChartContainer - [test-hivemq-platform] [hivemq] [c0fa4dac] Jan 28, 2025 11:52:15 PM io.vertx.core.impl.BlockedThreadChecker
2025-01-28 23:52:15,329 INFO c.h.h.t.HelmChartContainer - [test-hivemq-platform] [hivemq] [c0fa4dac] WARNING: Thread Thread[vert.x-eventloop-thread-1,5,main] has been blocked for 2800 ms, time limit is 2000 ms
2025-01-28 23:52:15,631 INFO c.h.h.t.HelmChartContainer - [test-hivemq-platform] [hivemq] [c0fa4dac] INFO  - [HiveMQ Platform Operator Init App 1.7.0-SNAPSHOT] Updating Pod HiveMQ Platform Operator Init App version annotation (version: 1.7.0-SNAPSHOT)
2025-01-28 23:52:16,244 INFO c.h.h.t.HelmChartContainer - [POD] test-hivemq-platform-0 [c0fa4dac-a25f-43f4-9219-213b9060694e] in helminitcontainerit was MODIFIED
2025-01-28 23:52:16,248 INFO c.h.h.t.HelmChartContainer - [test-hivemq-platform] [hivemq] [c0fa4dac] INFO  - [HiveMQ Platform Operator Init App 1.7.0-SNAPSHOT] Successfully updated Pod HiveMQ Platform Operator Init App version annotation (version: 1.7.0-SNAPSHOT)
2025-01-28 23:52:16,248 INFO c.h.h.t.HelmChartContainer - [test-hivemq-platform] [hivemq] [c0fa4dac] WARN  - [HiveMQ Platform Operator Init App 1.7.0-SNAPSHOT] Cannot connect to Health API for readiness: null
2025-01-28 23:52:16,254 INFO c.h.h.t.HelmChartContainer - [EVENT] Warning [Unhealthy] Readiness probe failed: HTTP probe failed with statuscode: 503 [helminitcontainerit:test-hivemq-platform-0]
2025-01-28 23:52:16,254 INFO c.h.h.t.HelmChartContainer - Received Unhealthy event for container hivemq in pod test-hivemq-platform-0 [c0fa4dac-a25f-43f4-9219-213b9060694e]
2025-01-28 23:52:16,257 INFO c.h.h.t.HelmChartContainer - [hivemq-test-hivemq-platform] [hivemq-platform-operator] [7a1e88fa] 23:52:16.254 [pool-6-thread-36] DEBUG c.h.p.o.d.PlatformServiceResource - [helminit] Desired Platform services (3 services)
2025-01-28 23:52:16,260 INFO c.h.h.t.HelmChartContainer - [hivemq-test-hivemq-platform] [hivemq-platform-operator] [7a1e88fa] 23:52:16.257 [pool-6-thread-34] DEBUG c.h.p.o.dependants.PodInfoConfigMap - [helminit] Desired PodInfo ConfigMap (1 extensions) (1 enabled)
2025-01-28 23:52:16,263 INFO c.h.h.t.HelmChartContainer - [hivemq-test-hivemq-platform] [hivemq-platform-operator] [7a1e88fa] 23:52:16.257 [pool-6-thread-34] DEBUG c.h.p.o.dependants.PodInfoConfigMap - [helminit] Desired PodInfo ConfigMap (metrics port: 9399) (metrics path: /)
2025-01-28 23:52:16,264 INFO c.h.h.t.HelmChartContainer - [hivemq-test-hivemq-platform] [hivemq-platform-operator] [7a1e88fa] 23:52:16.258 [pool-6-thread-34] DEBUG c.h.p.o.dependants.PodInfoConfigMap - [helminit] Desired PodInfo ConfigMap (extension state hash: -1817474005)
2025-01-28 23:52:16,264 INFO c.h.h.t.HelmChartContainer - [hivemq-test-hivemq-platform] [hivemq-platform-operator] [7a1e88fa] 23:52:16.259 [pool-6-thread-35] DEBUG c.h.p.o.d.PodServiceAccountResource - [helminit] Desired PodServiceAccountResource (serviceAccountName: hivemq-platform-pod-test-hivemq-platform)
2025-01-28 23:52:16,267 INFO c.h.h.t.HelmChartContainer - [hivemq-test-hivemq-platform] [hivemq-platform-operator] [7a1e88fa] 23:52:16.267 [pool-6-thread-40] DEBUG c.h.p.o.d.StatefulSetResource - [helminit] Desired StatefulSet (1 replicas) for status STARTING (READY)
2025-01-28 23:52:16,335 INFO c.h.h.t.HelmChartContainer - [hivemq-test-hivemq-platform] [hivemq-platform-operator] [7a1e88fa] 23:52:16.334 [ReconcilerExecutor-hivemq-controller-111] INFO  c.h.p.o.HiveMQPlatformReconciler - [helminit] Reconciling HiveMQ Platform 'test-hivemq-platform' in namespace 'helminitcontainerit'
2025-01-28 23:52:16,337 INFO c.h.h.t.HelmChartContainer - [hivemq-test-hivemq-platform] [hivemq-platform-operator] [7a1e88fa] 23:52:16.334 [ReconcilerExecutor-hivemq-controller-111] DEBUG c.h.p.o.HiveMQPlatformReconciler - [helminit] Custom Resource Status STARTING - HiveMQ Platform is starting (READY)
2025-01-28 23:52:16,339 INFO c.h.h.t.HelmChartContainer - [hivemq-test-hivemq-platform] [hivemq-platform-operator] [7a1e88fa] 23:52:16.334 [ReconcilerExecutor-hivemq-controller-111] DEBUG c.h.p.o.HiveMQPlatformReconciler - [helminit] Custom Resource Spec (replicas: 1) (extensions: 1)
2025-01-28 23:52:16,340 INFO c.h.h.t.HelmChartContainer - [hivemq-test-hivemq-platform] [hivemq-platform-operator] [7a1e88fa] 23:52:16.337 [ReconcilerExecutor-hivemq-controller-111] DEBUG c.h.p.o.HiveMQPlatformReconciler - [helminit] StatefulSet Status (revision: test-hivemq-platform-74977b996d, replicas: 1, available: 0, ready: 0, current: 1, updated: 1)
2025-01-28 23:52:16,340 INFO c.h.h.t.HelmChartContainer - [hivemq-test-hivemq-platform] [hivemq-platform-operator] [7a1e88fa] 23:52:16.339 [ReconcilerExecutor-hivemq-controller-111] DEBUG c.h.p.o.HiveMQPlatformReconciler - [helminit] StatefulSet Spec (replicas: 1, init containers: 2, containers: 1, volumes: 5)
2025-01-28 23:52:16,345 INFO c.h.h.t.HelmChartContainer - [hivemq-test-hivemq-platform] [hivemq-platform-operator] [7a1e88fa] 23:52:16.344 [ReconcilerExecutor-hivemq-controller-111] DEBUG c.h.p.o.h.HiveMQPlatformReconcilerErrorHandler - [helminit] Pod 'test-hivemq-platform-0' phase Running
2025-01-28 23:52:16,347 INFO c.h.h.t.HelmChartContainer - [hivemq-test-hivemq-platform] [hivemq-platform-operator] [7a1e88fa] 23:52:16.346 [ReconcilerExecutor-hivemq-controller-111] INFO  c.h.p.o.h.HiveMQPlatformReconcilerBaseHandler - [helminit] HiveMQ Platform is starting, 0 of 1 replicas are ready
2025-01-28 23:52:21,243 INFO c.h.h.t.HelmChartContainer - [test-hivemq-platform] [hivemq] [c0fa4dac] WARN  - [HiveMQ Platform Operator Init App 1.7.0-SNAPSHOT] Cannot connect to Health API for readiness: null
2025-01-28 23:52:21,249 INFO c.h.h.t.HelmChartContainer - [EVENT] Warning [Unhealthy] Readiness probe failed: HTTP probe failed with statuscode: 503 [helminitcontainerit:test-hivemq-platform-0]
2025-01-28 23:52:21,249 INFO c.h.h.t.HelmChartContainer - Received Unhealthy event for container hivemq in pod test-hivemq-platform-0 [c0fa4dac-a25f-43f4-9219-213b9060694e]
2025-01-28 23:52:26,243 INFO c.h.h.t.HelmChartContainer - [test-hivemq-platform] [hivemq] [c0fa4dac] WARN  - [HiveMQ Platform Operator Init App 1.7.0-SNAPSHOT] Cannot connect to Health API for readiness: null
2025-01-28 23:52:26,247 INFO c.h.h.t.HelmChartContainer - [EVENT] Warning [Unhealthy] Readiness probe failed: HTTP probe failed with statuscode: 503 [helminitcontainerit:test-hivemq-platform-0]
2025-01-28 23:52:26,247 INFO c.h.h.t.HelmChartContainer - Received Unhealthy event for container hivemq in pod test-hivemq-platform-0 [c0fa4dac-a25f-43f4-9219-213b9060694e]
2025-01-28 23:52:26,352 INFO c.h.h.t.HelmChartContainer - [hivemq-test-hivemq-platform] [hivemq-platform-operator] [7a1e88fa] 23:52:26.350 [pool-6-thread-47] DEBUG c.h.p.o.d.PlatformServiceResource - [helminit] Desired Platform services (3 services)
2025-01-28 23:52:26,353 INFO c.h.h.t.HelmChartContainer - [hivemq-test-hivemq-platform] [hivemq-platform-operator] [7a1e88fa] 23:52:26.352 [pool-6-thread-43] DEBUG c.h.p.o.dependants.PodInfoConfigMap - [helminit] Desired PodInfo ConfigMap (1 extensions) (1 enabled)
2025-01-28 23:52:26,355 INFO c.h.h.t.HelmChartContainer - [hivemq-test-hivemq-platform] [hivemq-platform-operator] [7a1e88fa] 23:52:26.352 [pool-6-thread-43] DEBUG c.h.p.o.dependants.PodInfoConfigMap - [helminit] Desired PodInfo ConfigMap (metrics port: 9399) (metrics path: /)
2025-01-28 23:52:26,355 INFO c.h.h.t.HelmChartContainer - [hivemq-test-hivemq-platform] [hivemq-platform-operator] [7a1e88fa] 23:52:26.352 [pool-6-thread-43] DEBUG c.h.p.o.dependants.PodInfoConfigMap - [helminit] Desired PodInfo ConfigMap (extension state hash: -1817474005)
2025-01-28 23:52:26,355 INFO c.h.h.t.HelmChartContainer - [hivemq-test-hivemq-platform] [hivemq-platform-operator] [7a1e88fa] 23:52:26.352 [pool-6-thread-46] DEBUG c.h.p.o.d.PodServiceAccountResource - [helminit] Desired PodServiceAccountResource (serviceAccountName: hivemq-platform-pod-test-hivemq-platform)
2025-01-28 23:52:26,360 INFO c.h.h.t.HelmChartContainer - [hivemq-test-hivemq-platform] [hivemq-platform-operator] [7a1e88fa] 23:52:26.359 [pool-6-thread-47] DEBUG c.h.p.o.d.StatefulSetResource - [helminit] Desired StatefulSet (1 replicas) for status STARTING (READY)
2025-01-28 23:52:26,368 INFO c.h.h.t.HelmChartContainer - [hivemq-test-hivemq-platform] [hivemq-platform-operator] [7a1e88fa] 23:52:26.364 [ReconcilerExecutor-hivemq-controller-112] INFO  c.h.p.o.HiveMQPlatformReconciler - [helminit] Reconciling HiveMQ Platform 'test-hivemq-platform' in namespace 'helminitcontainerit'
2025-01-28 23:52:26,368 INFO c.h.h.t.HelmChartContainer - [hivemq-test-hivemq-platform] [hivemq-platform-operator] [7a1e88fa] 23:52:26.364 [ReconcilerExecutor-hivemq-controller-112] DEBUG c.h.p.o.HiveMQPlatformReconciler - [helminit] Custom Resource Status STARTING - HiveMQ Platform is starting (READY)
2025-01-28 23:52:26,368 INFO c.h.h.t.HelmChartContainer - [hivemq-test-hivemq-platform] [hivemq-platform-operator] [7a1e88fa] 23:52:26.364 [ReconcilerExecutor-hivemq-controller-112] DEBUG c.h.p.o.HiveMQPlatformReconciler - [helminit] Custom Resource Spec (replicas: 1) (extensions: 1)
2025-01-28 23:52:26,369 INFO c.h.h.t.HelmChartContainer - [hivemq-test-hivemq-platform] [hivemq-platform-operator] [7a1e88fa] 23:52:26.365 [ReconcilerExecutor-hivemq-controller-112] DEBUG c.h.p.o.HiveMQPlatformReconciler - [helminit] StatefulSet Status (revision: test-hivemq-platform-74977b996d, replicas: 1, available: 0, ready: 0, current: 1, updated: 1)
2025-01-28 23:52:26,369 INFO c.h.h.t.HelmChartContainer - [hivemq-test-hivemq-platform] [hivemq-platform-operator] [7a1e88fa] 23:52:26.366 [ReconcilerExecutor-hivemq-controller-112] DEBUG c.h.p.o.HiveMQPlatformReconciler - [helminit] StatefulSet Spec (replicas: 1, init containers: 2, containers: 1, volumes: 5)
2025-01-28 23:52:26,369 INFO c.h.h.t.HelmChartContainer - [hivemq-test-hivemq-platform] [hivemq-platform-operator] [7a1e88fa] 23:52:26.367 [ReconcilerExecutor-hivemq-controller-112] DEBUG c.h.p.o.h.HiveMQPlatformReconcilerErrorHandler - [helminit] Pod 'test-hivemq-platform-0' phase Running
2025-01-28 23:52:26,369 INFO c.h.h.t.HelmChartContainer - [hivemq-test-hivemq-platform] [hivemq-platform-operator] [7a1e88fa] 23:52:26.368 [ReconcilerExecutor-hivemq-controller-112] INFO  c.h.p.o.h.HiveMQPlatformReconcilerBaseHandler - [helminit] HiveMQ Platform is starting, 0 of 1 replicas are ready
2025-01-28 23:52:26,533 INFO c.h.h.t.HelmChartContainer - [test-hivemq-platform] [hivemq] [c0fa4dac] WARN  - [HiveMQ Platform Operator Init App 1.7.0-SNAPSHOT] Cannot connect to Health API for liveness: null
2025-01-28 23:52:26,533 INFO c.h.h.t.HelmChartContainer - [test-hivemq-platform] [hivemq] [c0fa4dac] INFO  - [HiveMQ Platform Operator Init App 1.7.0-SNAPSHOT] Returning default Health API response 200 for liveness
2025-01-28 23:52:27,731 INFO c.h.h.t.HelmChartContainer - [test-hivemq-platform] [hivemq] [c0fa4dac] WARN  - License file license.lic is corrupt.
2025-01-28 23:52:27,733 INFO c.h.h.t.HelmChartContainer - [test-hivemq-platform] [hivemq] [c0fa4dac] INFO  - No valid license file found. Using trial license, restricted to 25 connections.
2025-01-28 23:52:31,044 INFO c.h.h.t.HelmChartContainer - [test-hivemq-platform] [hivemq] [c0fa4dac] INFO  - No valid license file for Data Hub found. Using free license, restricted to 1 policy.
2025-01-28 23:52:31,334 INFO c.h.h.t.HelmChartContainer - [test-hivemq-platform] [hivemq] [c0fa4dac] WARN  - [HiveMQ Platform Operator Init App 1.7.0-SNAPSHOT] Cannot connect to Health API for readiness: null
2025-01-28 23:52:31,338 INFO c.h.h.t.HelmChartContainer - [EVENT] Warning [Unhealthy] Readiness probe failed: HTTP probe failed with statuscode: 503 [helminitcontainerit:test-hivemq-platform-0]
2025-01-28 23:52:31,338 INFO c.h.h.t.HelmChartContainer - Received Unhealthy event for container hivemq in pod test-hivemq-platform-0 [c0fa4dac-a25f-43f4-9219-213b9060694e]
2025-01-28 23:52:32,260 INFO c.h.h.t.HelmChartContainer - [test-hivemq-platform] [hivemq] [c0fa4dac] INFO  - Audit Logger started.
2025-01-28 23:52:32,540 INFO c.h.h.t.HelmChartContainer - [test-hivemq-platform] [hivemq] [c0fa4dac] INFO  - This node uses '1' CPU cores.
2025-01-28 23:52:32,544 INFO c.h.h.t.HelmChartContainer - [test-hivemq-platform] [hivemq] [c0fa4dac] INFO  - Starting HiveMQ Health API on address 0.0.0.0 and port 8889
2025-01-28 23:52:33,344 INFO c.h.h.t.HelmChartContainer - [test-hivemq-platform] [hivemq] [c0fa4dac] INFO  - Started HiveMQ Health API in 799ms
2025-01-28 23:52:33,832 INFO c.h.h.t.HelmChartContainer - [test-hivemq-platform] [hivemq] [c0fa4dac] INFO  - Starting HiveMQ extension system.
2025-01-28 23:52:34,130 INFO c.h.h.t.HelmChartContainer - [test-hivemq-platform] [hivemq] [c0fa4dac] INFO  - Starting extension with id "hivemq-dns-cluster-discovery" at /opt/hivemq/extensions/hivemq-dns-cluster-discovery
2025-01-28 23:52:34,538 INFO c.h.h.t.HelmChartContainer - [test-hivemq-platform] [hivemq] [c0fa4dac] INFO  - Using TCP cluster transport on address 10.42.0.6 and port 7000
2025-01-28 23:52:34,629 INFO c.h.h.t.HelmChartContainer - [test-hivemq-platform] [hivemq] [c0fa4dac] INFO  - Using extension cluster discovery
2025-01-28 23:52:34,639 INFO c.h.h.t.HelmChartContainer - [test-hivemq-platform] [hivemq] [c0fa4dac] INFO  - Extension "DNS Cluster Discovery Extension" version 4.3.2 started successfully.
2025-01-28 23:52:34,640 INFO c.h.h.t.HelmChartContainer - [test-hivemq-platform] [hivemq] [c0fa4dac] INFO  - Starting extension with id "hivemq-prometheus-extension" at /opt/hivemq/extensions/hivemq-prometheus-extension
2025-01-28 23:52:35,729 INFO c.h.h.t.HelmChartContainer - [test-hivemq-platform] [hivemq] [c0fa4dac] INFO  - Started Jetty Server exposing Prometheus Servlet on URI http://0.0.0.0:9399/
2025-01-28 23:52:35,729 INFO c.h.h.t.HelmChartContainer - [test-hivemq-platform] [hivemq] [c0fa4dac] INFO  - Extension "Prometheus Monitoring Extension" version 4.0.12 started successfully.
2025-01-28 23:52:35,729 INFO c.h.h.t.HelmChartContainer - [test-hivemq-platform] [hivemq] [c0fa4dac] INFO  - Starting extension with id "hivemq-allow-all-extension" at /opt/hivemq/extensions/hivemq-allow-all-extension
2025-01-28 23:52:35,729 INFO c.h.h.t.HelmChartContainer - [test-hivemq-platform] [hivemq] [c0fa4dac] WARN  - 
2025-01-28 23:52:35,729 INFO c.h.h.t.HelmChartContainer - [test-hivemq-platform] [hivemq] [c0fa4dac] ################################################################################################################
2025-01-28 23:52:35,730 INFO c.h.h.t.HelmChartContainer - [test-hivemq-platform] [hivemq] [c0fa4dac] # This HiveMQ deployment is not secure! You are lacking Authentication and Authorization.                      #
2025-01-28 23:52:35,730 INFO c.h.h.t.HelmChartContainer - [test-hivemq-platform] [hivemq] [c0fa4dac] # Right now any MQTT client can connect to the broker with a full set of permissions.                          #
2025-01-28 23:52:35,730 INFO c.h.h.t.HelmChartContainer - [test-hivemq-platform] [hivemq] [c0fa4dac] # For production usage, add an appropriate security extension and remove the hivemq-allow-all extension.       #
2025-01-28 23:52:35,730 INFO c.h.h.t.HelmChartContainer - [test-hivemq-platform] [hivemq] [c0fa4dac] # You can download security extensions from the HiveMQ Marketplace (https://www.hivemq.com/extensions/).       #
2025-01-28 23:52:35,730 INFO c.h.h.t.HelmChartContainer - [test-hivemq-platform] [hivemq] [c0fa4dac] ################################################################################################################
2025-01-28 23:52:35,730 INFO c.h.h.t.HelmChartContainer - [test-hivemq-platform] [hivemq] [c0fa4dac] INFO  - Extension "Allow All Extension" version 1.1.1 started successfully.
2025-01-28 23:52:36,374 INFO c.h.h.t.HelmChartContainer - [hivemq-test-hivemq-platform] [hivemq-platform-operator] [7a1e88fa] 23:52:36.372 [pool-6-thread-1] DEBUG c.h.p.o.d.PlatformServiceResource - [helminit] Desired Platform services (3 services)
2025-01-28 23:52:36,374 INFO c.h.h.t.HelmChartContainer - [hivemq-test-hivemq-platform] [hivemq-platform-operator] [7a1e88fa] 23:52:36.372 [pool-6-thread-8] DEBUG c.h.p.o.dependants.PodInfoConfigMap - [helminit] Desired PodInfo ConfigMap (1 extensions) (1 enabled)
2025-01-28 23:52:36,378 INFO c.h.h.t.HelmChartContainer - [hivemq-test-hivemq-platform] [hivemq-platform-operator] [7a1e88fa] 23:52:36.372 [pool-6-thread-8] DEBUG c.h.p.o.dependants.PodInfoConfigMap - [helminit] Desired PodInfo ConfigMap (metrics port: 9399) (metrics path: /)
2025-01-28 23:52:36,378 INFO c.h.h.t.HelmChartContainer - [hivemq-test-hivemq-platform] [hivemq-platform-operator] [7a1e88fa] 23:52:36.372 [pool-6-thread-8] DEBUG c.h.p.o.dependants.PodInfoConfigMap - [helminit] Desired PodInfo ConfigMap (extension state hash: -1817474005)
2025-01-28 23:52:36,378 INFO c.h.h.t.HelmChartContainer - [hivemq-test-hivemq-platform] [hivemq-platform-operator] [7a1e88fa] 23:52:36.374 [pool-6-thread-5] DEBUG c.h.p.o.d.PodServiceAccountResource - [helminit] Desired PodServiceAccountResource (serviceAccountName: hivemq-platform-pod-test-hivemq-platform)
2025-01-28 23:52:36,380 INFO c.h.h.t.HelmChartContainer - [hivemq-test-hivemq-platform] [hivemq-platform-operator] [7a1e88fa] 23:52:36.379 [pool-6-thread-1] DEBUG c.h.p.o.d.StatefulSetResource - [helminit] Desired StatefulSet (1 replicas) for status STARTING (READY)
2025-01-28 23:52:36,386 INFO c.h.h.t.HelmChartContainer - [hivemq-test-hivemq-platform] [hivemq-platform-operator] [7a1e88fa] 23:52:36.384 [ReconcilerExecutor-hivemq-controller-113] INFO  c.h.p.o.HiveMQPlatformReconciler - [helminit] Reconciling HiveMQ Platform 'test-hivemq-platform' in namespace 'helminitcontainerit'
2025-01-28 23:52:36,389 INFO c.h.h.t.HelmChartContainer - [hivemq-test-hivemq-platform] [hivemq-platform-operator] [7a1e88fa] 23:52:36.384 [ReconcilerExecutor-hivemq-controller-113] DEBUG c.h.p.o.HiveMQPlatformReconciler - [helminit] Custom Resource Status STARTING - HiveMQ Platform is starting (READY)
2025-01-28 23:52:36,389 INFO c.h.h.t.HelmChartContainer - [hivemq-test-hivemq-platform] [hivemq-platform-operator] [7a1e88fa] 23:52:36.384 [ReconcilerExecutor-hivemq-controller-113] DEBUG c.h.p.o.HiveMQPlatformReconciler - [helminit] Custom Resource Spec (replicas: 1) (extensions: 1)
2025-01-28 23:52:36,389 INFO c.h.h.t.HelmChartContainer - [hivemq-test-hivemq-platform] [hivemq-platform-operator] [7a1e88fa] 23:52:36.386 [ReconcilerExecutor-hivemq-controller-113] DEBUG c.h.p.o.HiveMQPlatformReconciler - [helminit] StatefulSet Status (revision: test-hivemq-platform-74977b996d, replicas: 1, available: 0, ready: 0, current: 1, updated: 1)
2025-01-28 23:52:36,389 INFO c.h.h.t.HelmChartContainer - [hivemq-test-hivemq-platform] [hivemq-platform-operator] [7a1e88fa] 23:52:36.386 [ReconcilerExecutor-hivemq-controller-113] DEBUG c.h.p.o.HiveMQPlatformReconciler - [helminit] StatefulSet Spec (replicas: 1, init containers: 2, containers: 1, volumes: 5)
2025-01-28 23:52:36,389 INFO c.h.h.t.HelmChartContainer - [hivemq-test-hivemq-platform] [hivemq-platform-operator] [7a1e88fa] 23:52:36.388 [ReconcilerExecutor-hivemq-controller-113] DEBUG c.h.p.o.h.HiveMQPlatformReconcilerErrorHandler - [helminit] Pod 'test-hivemq-platform-0' phase Running
2025-01-28 23:52:36,389 INFO c.h.h.t.HelmChartContainer - [hivemq-test-hivemq-platform] [hivemq-platform-operator] [7a1e88fa] 23:52:36.388 [ReconcilerExecutor-hivemq-controller-113] INFO  c.h.p.o.h.HiveMQPlatformReconcilerBaseHandler - [helminit] HiveMQ Platform is starting, 0 of 1 replicas are ready
2025-01-28 23:52:36,636 INFO c.h.h.t.HelmChartContainer - [test-hivemq-platform] [hivemq] [c0fa4dac] INFO  - [HiveMQ Platform Operator Init App 1.7.0-SNAPSHOT] Returning Health API response 503 for readiness
2025-01-28 23:52:36,641 INFO c.h.h.t.HelmChartContainer - [EVENT] Warning [Unhealthy] Readiness probe failed: HTTP probe failed with statuscode: 503 [helminitcontainerit:test-hivemq-platform-0]
2025-01-28 23:52:36,641 INFO c.h.h.t.HelmChartContainer - Received Unhealthy event for container hivemq in pod test-hivemq-platform-0 [c0fa4dac-a25f-43f4-9219-213b9060694e]
2025-01-28 23:52:37,639 INFO c.h.h.t.HelmChartContainer - [test-hivemq-platform] [hivemq] [c0fa4dac] INFO  - nkTx4: no members discovered after 2610 ms: creating cluster as first member
2025-01-28 23:52:37,646 INFO c.h.h.t.HelmChartContainer - [test-hivemq-platform] [hivemq] [c0fa4dac] INFO  - Cluster nodes found by discovery: [nkTx4|0] (1) [nkTx4].
2025-01-28 23:52:37,727 INFO c.h.h.t.HelmChartContainer - [test-hivemq-platform] [hivemq] [c0fa4dac] WARN  - No user for HiveMQ Control Center configured. Starting with default user
2025-01-28 23:52:37,728 INFO c.h.h.t.HelmChartContainer - [test-hivemq-platform] [hivemq] [c0fa4dac] INFO  - Starting HiveMQ Control Center on address 0.0.0.0 and port 8080
2025-01-28 23:52:37,730 INFO c.h.h.t.HelmChartContainer - [test-hivemq-platform] [hivemq] [c0fa4dac] INFO  - Mounting HiveMQ Control Center V2 Preview
2025-01-28 23:52:38,330 INFO c.h.h.t.HelmChartContainer - [test-hivemq-platform] [hivemq] [c0fa4dac] INFO  - Started HiveMQ Control Center in 603ms
2025-01-28 23:52:38,345 INFO c.h.h.t.HelmChartContainer - [test-hivemq-platform] [hivemq] [c0fa4dac] INFO  - Starting TCP listener on address 0.0.0.0 and port 1883
2025-01-28 23:52:38,434 INFO c.h.h.t.HelmChartContainer - [test-hivemq-platform] [hivemq] [c0fa4dac] INFO  - Started TCP Listener on address 0.0.0.0 and on port 1883.
2025-01-28 23:52:38,434 INFO c.h.h.t.HelmChartContainer - [test-hivemq-platform] [hivemq] [c0fa4dac] INFO  - Started HiveMQ in 30804ms
2025-01-28 23:52:41,244 INFO c.h.h.t.HelmChartContainer - [test-hivemq-platform] [hivemq] [c0fa4dac] INFO  - [HiveMQ Platform Operator Init App 1.7.0-SNAPSHOT] Returning Health API response 200 for readiness
2025-01-28 23:52:41,254 INFO c.h.h.t.HelmChartContainer - [POD] test-hivemq-platform-0 [c0fa4dac-a25f-43f4-9219-213b9060694e] in helminitcontainerit was MODIFIED
2025-01-28 23:52:41,275 INFO c.h.h.t.HelmChartContainer - [hivemq-test-hivemq-platform] [hivemq-platform-operator] [7a1e88fa] 23:52:41.271 [pool-6-thread-19] DEBUG c.h.p.o.dependants.PodInfoConfigMap - [helminit] Desired PodInfo ConfigMap (1 extensions) (1 enabled)
2025-01-28 23:52:41,275 INFO c.h.h.t.HelmChartContainer - [hivemq-test-hivemq-platform] [hivemq-platform-operator] [7a1e88fa] 23:52:41.271 [pool-6-thread-19] DEBUG c.h.p.o.dependants.PodInfoConfigMap - [helminit] Desired PodInfo ConfigMap (metrics port: 9399) (metrics path: /)
2025-01-28 23:52:41,275 INFO c.h.h.t.HelmChartContainer - [hivemq-test-hivemq-platform] [hivemq-platform-operator] [7a1e88fa] 23:52:41.271 [pool-6-thread-19] DEBUG c.h.p.o.dependants.PodInfoConfigMap - [helminit] Desired PodInfo ConfigMap (extension state hash: -1817474005)
2025-01-28 23:52:41,275 INFO c.h.h.t.HelmChartContainer - [hivemq-test-hivemq-platform] [hivemq-platform-operator] [7a1e88fa] 23:52:41.273 [pool-6-thread-12] DEBUG c.h.p.o.d.PodServiceAccountResource - [helminit] Desired PodServiceAccountResource (serviceAccountName: hivemq-platform-pod-test-hivemq-platform)
2025-01-28 23:52:41,275 INFO c.h.h.t.HelmChartContainer - [hivemq-test-hivemq-platform] [hivemq-platform-operator] [7a1e88fa] 23:52:41.273 [pool-6-thread-18] DEBUG c.h.p.o.d.PlatformServiceResource - [helminit] Desired Platform services (3 services)
2025-01-28 23:52:41,285 INFO c.h.h.t.HelmChartContainer - [hivemq-test-hivemq-platform] [hivemq-platform-operator] [7a1e88fa] 23:52:41.284 [pool-6-thread-18] DEBUG c.h.p.o.d.StatefulSetResource - [helminit] Desired StatefulSet (1 replicas) for status STARTING (READY)
2025-01-28 23:52:41,363 INFO c.h.h.t.HelmChartContainer - [hivemq-test-hivemq-platform] [hivemq-platform-operator] [7a1e88fa] 23:52:41.361 [ReconcilerExecutor-hivemq-controller-114] INFO  c.h.p.o.HiveMQPlatformReconciler - [helminit] Reconciling HiveMQ Platform 'test-hivemq-platform' in namespace 'helminitcontainerit'
2025-01-28 23:52:41,363 INFO c.h.h.t.HelmChartContainer - [hivemq-test-hivemq-platform] [hivemq-platform-operator] [7a1e88fa] 23:52:41.361 [ReconcilerExecutor-hivemq-controller-114] DEBUG c.h.p.o.HiveMQPlatformReconciler - [helminit] Custom Resource Status STARTING - HiveMQ Platform is starting (READY)
2025-01-28 23:52:41,367 INFO c.h.h.t.HelmChartContainer - [hivemq-test-hivemq-platform] [hivemq-platform-operator] [7a1e88fa] 23:52:41.361 [ReconcilerExecutor-hivemq-controller-114] DEBUG c.h.p.o.HiveMQPlatformReconciler - [helminit] Custom Resource Spec (replicas: 1) (extensions: 1)
2025-01-28 23:52:41,368 INFO c.h.h.t.HelmChartContainer - [hivemq-test-hivemq-platform] [hivemq-platform-operator] [7a1e88fa] 23:52:41.364 [ReconcilerExecutor-hivemq-controller-114] DEBUG c.h.p.o.HiveMQPlatformReconciler - [helminit] StatefulSet Status (revision: test-hivemq-platform-74977b996d, replicas: 1, available: 1, ready: 1, current: 1, updated: 1)
2025-01-28 23:52:41,368 INFO c.h.h.t.HelmChartContainer - [hivemq-test-hivemq-platform] [hivemq-platform-operator] [7a1e88fa] 23:52:41.364 [ReconcilerExecutor-hivemq-controller-114] DEBUG c.h.p.o.HiveMQPlatformReconciler - [helminit] StatefulSet Spec (replicas: 1, init containers: 2, containers: 1, volumes: 5)
2025-01-28 23:52:41,368 INFO c.h.h.t.HelmChartContainer - [hivemq-test-hivemq-platform] [hivemq-platform-operator] [7a1e88fa] 23:52:41.366 [ReconcilerExecutor-hivemq-controller-114] DEBUG c.h.p.o.h.HiveMQPlatformReconcilerErrorHandler - [helminit] Pod 'test-hivemq-platform-0' phase Running
2025-01-28 23:52:41,370 INFO c.h.h.t.HelmChartContainer - [hivemq-test-hivemq-platform] [hivemq-platform-operator] [7a1e88fa] 23:52:41.367 [ReconcilerExecutor-hivemq-controller-114] INFO  c.h.p.o.h.HiveMQPlatformReconcilerBaseHandler - [helminit] HiveMQ Platform started successfully
2025-01-28 23:52:41,463 INFO c.h.h.t.HelmChartContainer - [hivemq-test-hivemq-platform] [hivemq-platform-operator] [7a1e88fa] 23:52:41.461 [ReconcilerExecutor-hivemq-controller-114] DEBUG c.h.p.operator.event.EventSender - [helminit] Creating K8s event hivemq-platform-ready: [Ready] HiveMQ Platform is ready
2025-01-28 23:52:41,467 INFO c.h.h.t.HelmChartContainer - [EVENT] Normal [Ready] HiveMQ Platform is ready [helminitcontainerit:test-hivemq-platform]
2025-01-28 23:52:41,468 INFO c.h.h.t.HelmChartContainer - [hivemq-test-hivemq-platform] [hivemq-platform-operator] [7a1e88fa] 23:52:41.467 [ReconcilerExecutor-hivemq-controller-114] INFO  c.h.p.o.h.AbstractHiveMQReconcilerStateHandler - [helminit] Update HiveMQ Platform Status (STARTING [READY] -> RUNNING [READY]): HiveMQ Platform is ready
2025-01-28 23:52:41,476 DEBUG com.hivemq.helmcharts.util.K8sUtil - Comparing actual state 'RUNNING' and waiting for 'RUNNING'
2025-01-28 23:52:41,563 INFO c.h.h.t.HelmChartContainer - [hivemq-test-hivemq-platform] [hivemq-platform-operator] [7a1e88fa] 23:52:41.559 [pool-6-thread-24] DEBUG c.h.p.o.d.PlatformServiceResource - [helminit] Desired Platform services (3 services)
2025-01-28 23:52:41,563 INFO c.h.h.t.HelmChartContainer - [hivemq-test-hivemq-platform] [hivemq-platform-operator] [7a1e88fa] 23:52:41.560 [pool-6-thread-21] DEBUG c.h.p.o.dependants.PodInfoConfigMap - [helminit] Desired PodInfo ConfigMap (1 extensions) (1 enabled)
2025-01-28 23:52:41,565 INFO c.h.h.t.HelmChartContainer - [hivemq-test-hivemq-platform] [hivemq-platform-operator] [7a1e88fa] 23:52:41.562 [pool-6-thread-21] DEBUG c.h.p.o.dependants.PodInfoConfigMap - [helminit] Desired PodInfo ConfigMap (metrics port: 9399) (metrics path: /)
2025-01-28 23:52:41,565 INFO c.h.h.t.HelmChartContainer - [hivemq-test-hivemq-platform] [hivemq-platform-operator] [7a1e88fa] 23:52:41.562 [pool-6-thread-21] DEBUG c.h.p.o.dependants.PodInfoConfigMap - [helminit] Desired PodInfo ConfigMap (extension state hash: -1817474005)
2025-01-28 23:52:41,565 INFO c.h.h.t.HelmChartContainer - [hivemq-test-hivemq-platform] [hivemq-platform-operator] [7a1e88fa] 23:52:41.562 [pool-6-thread-21] DEBUG c.h.p.o.dependants.PodInfoConfigMap - [helminit] Update PodInfo ConfigMap
2025-01-28 23:52:41,565 INFO c.h.h.t.HelmChartContainer - [hivemq-test-hivemq-platform] [hivemq-platform-operator] [7a1e88fa] 23:52:41.560 [pool-6-thread-28] DEBUG c.h.p.o.d.PodServiceAccountResource - [helminit] Desired PodServiceAccountResource (serviceAccountName: hivemq-platform-pod-test-hivemq-platform)
2025-01-28 23:52:41,574 INFO c.h.h.t.HelmChartContainer - [hivemq-test-hivemq-platform] [hivemq-platform-operator] [7a1e88fa] 23:52:41.573 [pool-6-thread-21] DEBUG c.h.p.o.d.StatefulSetResource - [helminit] Desired StatefulSet (1 replicas) for status RUNNING (READY)
2025-01-28 23:52:41,578 INFO c.h.h.t.HelmChartContainer - [hivemq-test-hivemq-platform] [hivemq-platform-operator] [7a1e88fa] 23:52:41.577 [ReconcilerExecutor-hivemq-controller-115] INFO  c.h.p.o.HiveMQPlatformReconciler - [helminit] Reconciling HiveMQ Platform 'test-hivemq-platform' in namespace 'helminitcontainerit'
2025-01-28 23:52:41,578 INFO c.h.h.t.HelmChartContainer - [hivemq-test-hivemq-platform] [hivemq-platform-operator] [7a1e88fa] 23:52:41.577 [ReconcilerExecutor-hivemq-controller-115] DEBUG c.h.p.o.HiveMQPlatformReconciler - [helminit] Custom Resource Status RUNNING - HiveMQ Platform is ready (READY)
2025-01-28 23:52:41,578 INFO c.h.h.t.HelmChartContainer - [hivemq-test-hivemq-platform] [hivemq-platform-operator] [7a1e88fa] 23:52:41.577 [ReconcilerExecutor-hivemq-controller-115] DEBUG c.h.p.o.HiveMQPlatformReconciler - [helminit] Custom Resource Spec (replicas: 1) (extensions: 1)
2025-01-28 23:52:41,659 INFO c.h.h.t.HelmChartContainer - [hivemq-test-hivemq-platform] [hivemq-platform-operator] [7a1e88fa] 23:52:41.658 [ReconcilerExecutor-hivemq-controller-115] DEBUG c.h.p.o.HiveMQPlatformReconciler - [helminit] StatefulSet Status (revision: test-hivemq-platform-74977b996d, replicas: 1, available: 1, ready: 1, current: 1, updated: 1)
2025-01-28 23:52:41,659 INFO c.h.h.t.HelmChartContainer - [hivemq-test-hivemq-platform] [hivemq-platform-operator] [7a1e88fa] 23:52:41.658 [ReconcilerExecutor-hivemq-controller-115] DEBUG c.h.p.o.HiveMQPlatformReconciler - [helminit] StatefulSet Spec (replicas: 1, init containers: 2, containers: 1, volumes: 5)
2025-01-28 23:52:41,661 INFO c.h.h.t.HelmChartContainer - [hivemq-test-hivemq-platform] [hivemq-platform-operator] [7a1e88fa] 23:52:41.660 [ReconcilerExecutor-hivemq-controller-115] DEBUG c.h.p.o.h.HiveMQPlatformReconcilerErrorHandler - [helminit] Pod 'test-hivemq-platform-0' phase Running
2025-01-28 23:52:43,522 INFO c.h.h.testcontainer.LogWaiterUtil - TEST Waiting for log pattern on 'test-hivemq-platform-0': .*License file license.lic is corrupt.
2025-01-28 23:52:43,523 INFO c.h.h.t.HelmChartContainer - Uninstalling release 'test-hivemq-platform' in namespace 'helminitcontainerit'...
2025-01-28 23:52:43,523 DEBUG c.h.h.t.HelmChartContainer - Executing helm command: /bin/helm --kubeconfig /etc/rancher/k3s/k3s.yaml uninstall test-hivemq-platform  --wait --timeout 5m0s --cascade foreground --namespace helminitcontainerit
2025-01-28 23:52:43,724 INFO c.h.h.t.HelmChartContainer - [hivemq-test-hivemq-platform] [hivemq-platform-operator] [7a1e88fa] 23:52:43.721 [pool-6-thread-33] DEBUG c.h.p.o.d.PlatformServiceResource - [helminit] Desired Platform services (3 services)
2025-01-28 23:52:43,735 INFO c.h.h.t.HelmChartContainer - [hivemq-test-hivemq-platform] [hivemq-platform-operator] [7a1e88fa] 23:52:43.726 [pool-6-thread-37] DEBUG c.h.p.o.dependants.PodInfoConfigMap - [helminit] Desired PodInfo ConfigMap (1 extensions) (1 enabled)
2025-01-28 23:52:43,736 INFO c.h.h.t.HelmChartContainer - [hivemq-test-hivemq-platform] [hivemq-platform-operator] [7a1e88fa] 23:52:43.726 [pool-6-thread-37] DEBUG c.h.p.o.dependants.PodInfoConfigMap - [helminit] Desired PodInfo ConfigMap (metrics port: 9399) (metrics path: /)
2025-01-28 23:52:43,736 INFO c.h.h.t.HelmChartContainer - [hivemq-test-hivemq-platform] [hivemq-platform-operator] [7a1e88fa] 23:52:43.726 [pool-6-thread-37] DEBUG c.h.p.o.dependants.PodInfoConfigMap - [helminit] Desired PodInfo ConfigMap (extension state hash: -1817474005)
2025-01-28 23:52:43,736 INFO c.h.h.t.HelmChartContainer - [hivemq-test-hivemq-platform] [hivemq-platform-operator] [7a1e88fa] 23:52:43.728 [pool-6-thread-35] DEBUG c.h.p.o.d.PodServiceAccountResource - [helminit] Desired PodServiceAccountResource (serviceAccountName: hivemq-platform-pod-test-hivemq-platform)
2025-01-28 23:52:43,765 INFO c.h.h.t.HelmChartContainer - [hivemq-test-hivemq-platform] [hivemq-platform-operator] [7a1e88fa] 23:52:43.763 [pool-6-thread-33] DEBUG c.h.p.o.d.StatefulSetResource - [helminit] Desired StatefulSet (1 replicas) for status RUNNING (READY)
2025-01-28 23:52:43,770 INFO c.h.h.t.HelmChartContainer - [hivemq-test-hivemq-platform] [hivemq-platform-operator] [7a1e88fa] 23:52:43.769 [pool-6-thread-33] DEBUG c.h.p.o.d.StatefulSetResource - [helminit] Update StatefulSet (replicas: 1 -> 1)
2025-01-28 23:52:43,775 INFO c.h.h.t.HelmChartContainer - [hivemq-test-hivemq-platform] [hivemq-platform-operator] [7a1e88fa] 23:52:43.773 [pool-6-thread-33] DEBUG c.h.p.o.d.StatefulSetResource - [helminit] Detected change in StatefulSet specification (path: /template/metadata/annotations/kubernetes-resource-versions) (actual value: {broker-configuration-v2=-2089688360}) (target value: {broker-configuration-v2=0})
2025-01-28 23:52:43,775 INFO c.h.h.t.HelmChartContainer - [hivemq-test-hivemq-platform] [hivemq-platform-operator] [7a1e88fa] 23:52:43.773 [pool-6-thread-33] INFO  c.h.p.o.d.StatefulSetResource - [helminit] StatefulSet spec was updated, triggering rolling restart
2025-01-28 23:52:43,877 INFO c.h.h.t.HelmChartContainer - [hivemq-test-hivemq-platform] [hivemq-platform-operator] [7a1e88fa] 23:52:43.876 [ReconcilerExecutor-hivemq-controller-116] INFO  c.h.p.o.HiveMQPlatformReconciler - [helminit] Reconciling HiveMQ Platform 'test-hivemq-platform' in namespace 'helminitcontainerit'
2025-01-28 23:52:43,878 INFO c.h.h.t.HelmChartContainer - [hivemq-test-hivemq-platform] [hivemq-platform-operator] [7a1e88fa] 23:52:43.877 [ReconcilerExecutor-hivemq-controller-116] DEBUG c.h.p.o.HiveMQPlatformReconciler - [helminit] Custom Resource Status RUNNING - HiveMQ Platform is ready (READY) (reconciliation requests: REQUESTS_UPDATED, ROLLING_RESTART)
2025-01-28 23:52:43,878 INFO c.h.h.t.HelmChartContainer - [hivemq-test-hivemq-platform] [hivemq-platform-operator] [7a1e88fa] 23:52:43.877 [ReconcilerExecutor-hivemq-controller-116] DEBUG c.h.p.o.HiveMQPlatformReconciler - [helminit] Custom Resource Spec (replicas: 1) (extensions: 1)
2025-01-28 23:52:43,878 INFO c.h.h.t.HelmChartContainer - [hivemq-test-hivemq-platform] [hivemq-platform-operator] [7a1e88fa] 23:52:43.877 [ReconcilerExecutor-hivemq-controller-116] WARN  c.h.p.o.h.HiveMQPlatformReconcilerErrorHandler - [helminit] Could not find ConfigMap 'hivemq-configuration-test-hivemq-platform' for HiveMQ Platform configuration
2025-01-28 23:52:43,975 INFO c.h.h.t.HelmChartContainer - [hivemq-test-hivemq-platform] [hivemq-platform-operator] [7a1e88fa] 23:52:43.974 [ReconcilerExecutor-hivemq-controller-116] DEBUG c.h.p.operator.event.EventSender - [helminit] Creating K8s event hivemq-platform-invalid-configuration: [Start] Could not find ConfigMap 'hivemq-configuration-test-hivemq-platform' for HiveMQ Platform configuration
2025-01-28 23:52:43,979 INFO c.h.h.t.HelmChartContainer - [EVENT] Warning [Start] Could not find ConfigMap 'hivemq-configuration-test-hivemq-platform' for HiveMQ Platform configuration [helminitcontainerit:test-hivemq-platform]
2025-01-28 23:52:43,980 INFO c.h.h.t.HelmChartContainer - [hivemq-test-hivemq-platform] [hivemq-platform-operator] [7a1e88fa] 23:52:43.979 [ReconcilerExecutor-hivemq-controller-116] INFO  c.h.p.o.h.AbstractHiveMQReconcilerStateHandler - [helminit] Update HiveMQ Platform Status (RUNNING [READY] -> ERROR [INVALID_CONFIG_MAP]): Could not find ConfigMap 'hivemq-configuration-test-hivemq-platform' for HiveMQ Platform configuration (reconciliation requests: ROLLING_RESTART)
2025-01-28 23:52:44,070 INFO c.h.h.t.HelmChartContainer - [hivemq-test-hivemq-platform] [hivemq-platform-operator] [7a1e88fa] 23:52:44.066 [ReconcilerExecutor-hivemq-controller-116] ERROR i.j.o.p.event.EventProcessor - Error during event processing ExecutionScope{ resource id: ResourceID{name='test-hivemq-platform', namespace='helminitcontainerit'}, version: 613}
2025-01-28 23:52:44,070 INFO c.h.h.t.HelmChartContainer - [hivemq-test-hivemq-platform] [hivemq-platform-operator] [7a1e88fa] io.fabric8.kubernetes.client.KubernetesClientException: Failure executing: PUT at: https://10.43.0.1:443/apis/hivemq.com/v1/namespaces/helminitcontainerit/hivemq-platforms/test-hivemq-platform/status. Message: Operation cannot be fulfilled on hivemq-platforms.hivemq.com "test-hivemq-platform": the object has been modified; please apply your changes to the latest version and try again. Received status: Status(apiVersion=v1, code=409, details=StatusDetails(causes=[], group=hivemq.com, kind=hivemq-platforms, name=test-hivemq-platform, retryAfterSeconds=null, uid=null, additionalProperties={}), kind=Status, message=Operation cannot be fulfilled on hivemq-platforms.hivemq.com "test-hivemq-platform": the object has been modified; please apply your changes to the latest version and try again, metadata=ListMeta(_continue=null, remainingItemCount=null, resourceVersion=null, selfLink=null, additionalProperties={}), reason=Conflict, status=Failure, additionalProperties={}).
2025-01-28 23:52:44,070 INFO c.h.h.t.HelmChartContainer - [hivemq-test-hivemq-platform] [hivemq-platform-operator] [7a1e88fa] 	at io.fabric8.kubernetes.client.KubernetesClientException.copyAsCause(KubernetesClientException.java:238)
2025-01-28 23:52:44,070 INFO c.h.h.t.HelmChartContainer - [hivemq-test-hivemq-platform] [hivemq-platform-operator] [7a1e88fa] 	at io.fabric8.kubernetes.client.dsl.internal.OperationSupport.waitForResult(OperationSupport.java:507)
2025-01-28 23:52:44,070 INFO c.h.h.t.HelmChartContainer - [hivemq-test-hivemq-platform] [hivemq-platform-operator] [7a1e88fa] 	at io.fabric8.kubernetes.client.dsl.internal.OperationSupport.handleResponse(OperationSupport.java:524)
2025-01-28 23:52:44,074 INFO c.h.h.t.HelmChartContainer - [hivemq-test-hivemq-platform] [hivemq-platform-operator] [7a1e88fa] 	at io.fabric8.kubernetes.client.dsl.internal.OperationSupport.handleUpdate(OperationSupport.java:358)
2025-01-28 23:52:44,074 INFO c.h.h.t.HelmChartContainer - [hivemq-test-hivemq-platform] [hivemq-platform-operator] [7a1e88fa] 	at io.fabric8.kubernetes.client.dsl.internal.BaseOperation.handleUpdate(BaseOperation.java:759)
2025-01-28 23:52:44,074 INFO c.h.h.t.HelmChartContainer - [hivemq-test-hivemq-platform] [hivemq-platform-operator] [7a1e88fa] 	at io.fabric8.kubernetes.client.dsl.internal.HasMetadataOperation.update(HasMetadataOperation.java:138)
2025-01-28 23:52:44,074 INFO c.h.h.t.HelmChartContainer - [hivemq-test-hivemq-platform] [hivemq-platform-operator] [7a1e88fa] 	at io.fabric8.kubernetes.client.dsl.internal.HasMetadataOperation.update(HasMetadataOperation.java:121)
2025-01-28 23:52:44,074 INFO c.h.h.t.HelmChartContainer - [hivemq-test-hivemq-platform] [hivemq-platform-operator] [7a1e88fa] 	at io.fabric8.kubernetes.client.dsl.internal.HasMetadataOperation.updateStatus(HasMetadataOperation.java:126)
2025-01-28 23:52:44,074 INFO c.h.h.t.HelmChartContainer - [hivemq-test-hivemq-platform] [hivemq-platform-operator] [7a1e88fa] 	at io.fabric8.kubernetes.client.dsl.internal.HasMetadataOperation.updateStatus(HasMetadataOperation.java:44)
2025-01-28 23:52:44,074 INFO c.h.h.t.HelmChartContainer - [hivemq-test-hivemq-platform] [hivemq-platform-operator] [7a1e88fa] 	at io.javaoperatorsdk.operator.processing.event.ReconciliationDispatcher$CustomResourceFacade.updateStatus(ReconciliationDispatcher.java:408)
2025-01-28 23:52:44,074 INFO c.h.h.t.HelmChartContainer - [hivemq-test-hivemq-platform] [hivemq-platform-operator] [7a1e88fa] 	at io.javaoperatorsdk.operator.processing.event.ReconciliationDispatcher.updateStatusGenerationAware(ReconciliationDispatcher.java:228)
2025-01-28 23:52:44,074 INFO c.h.h.t.HelmChartContainer - [hivemq-test-hivemq-platform] [hivemq-platform-operator] [7a1e88fa] 	at io.javaoperatorsdk.operator.processing.event.ReconciliationDispatcher.reconcileExecution(ReconciliationDispatcher.java:150)
2025-01-28 23:52:44,074 INFO c.h.h.t.HelmChartContainer - [hivemq-test-hivemq-platform] [hivemq-platform-operator] [7a1e88fa] 	at io.javaoperatorsdk.operator.processing.event.ReconciliationDispatcher.handleReconcile(ReconciliationDispatcher.java:117)
2025-01-28 23:52:44,074 INFO c.h.h.t.HelmChartContainer - [hivemq-test-hivemq-platform] [hivemq-platform-operator] [7a1e88fa] 	at io.javaoperatorsdk.operator.processing.event.ReconciliationDispatcher.handleDispatch(ReconciliationDispatcher.java:91)
2025-01-28 23:52:44,074 INFO c.h.h.t.HelmChartContainer - [hivemq-test-hivemq-platform] [hivemq-platform-operator] [7a1e88fa] 	at io.javaoperatorsdk.operator.processing.event.ReconciliationDispatcher.handleExecution(ReconciliationDispatcher.java:64)
2025-01-28 23:52:44,074 INFO c.h.h.t.HelmChartContainer - [hivemq-test-hivemq-platform] [hivemq-platform-operator] [7a1e88fa] 	at io.javaoperatorsdk.operator.processing.event.EventProcessor$ReconcilerExecutor.run(EventProcessor.java:452)
2025-01-28 23:52:44,074 INFO c.h.h.t.HelmChartContainer - [hivemq-test-hivemq-platform] [hivemq-platform-operator] [7a1e88fa] 	at java.base/java.util.concurrent.ThreadPoolExecutor.runWorker(Unknown Source)
2025-01-28 23:52:44,074 INFO c.h.h.t.HelmChartContainer - [hivemq-test-hivemq-platform] [hivemq-platform-operator] [7a1e88fa] 	at java.base/java.util.concurrent.ThreadPoolExecutor$Worker.run(Unknown Source)
2025-01-28 23:52:44,074 INFO c.h.h.t.HelmChartContainer - [hivemq-test-hivemq-platform] [hivemq-platform-operator] [7a1e88fa] 	at java.base/java.lang.Thread.run(Unknown Source)
2025-01-28 23:52:44,074 INFO c.h.h.t.HelmChartContainer - [hivemq-test-hivemq-platform] [hivemq-platform-operator] [7a1e88fa] Caused by: io.fabric8.kubernetes.client.KubernetesClientException: Failure executing: PUT at: https://10.43.0.1:443/apis/hivemq.com/v1/namespaces/helminitcontainerit/hivemq-platforms/test-hivemq-platform/status. Message: Operation cannot be fulfilled on hivemq-platforms.hivemq.com "test-hivemq-platform": the object has been modified; please apply your changes to the latest version and try again. Received status: Status(apiVersion=v1, code=409, details=StatusDetails(causes=[], group=hivemq.com, kind=hivemq-platforms, name=test-hivemq-platform, retryAfterSeconds=null, uid=null, additionalProperties={}), kind=Status, message=Operation cannot be fulfilled on hivemq-platforms.hivemq.com "test-hivemq-platform": the object has been modified; please apply your changes to the latest version and try again, metadata=ListMeta(_continue=null, remainingItemCount=null, resourceVersion=null, selfLink=null, additionalProperties={}), reason=Conflict, status=Failure, additionalProperties={}).
2025-01-28 23:52:44,074 INFO c.h.h.t.HelmChartContainer - [hivemq-test-hivemq-platform] [hivemq-platform-operator] [7a1e88fa] 	at io.fabric8.kubernetes.client.dsl.internal.OperationSupport.requestFailure(OperationSupport.java:660)
2025-01-28 23:52:44,074 INFO c.h.h.t.HelmChartContainer - [hivemq-test-hivemq-platform] [hivemq-platform-operator] [7a1e88fa] 	at io.fabric8.kubernetes.client.dsl.internal.OperationSupport.requestFailure(OperationSupport.java:640)
2025-01-28 23:52:44,074 INFO c.h.h.t.HelmChartContainer - [hivemq-test-hivemq-platform] [hivemq-platform-operator] [7a1e88fa] 	at io.fabric8.kubernetes.client.dsl.internal.OperationSupport.assertResponseCode(OperationSupport.java:589)
2025-01-28 23:52:44,074 INFO c.h.h.t.HelmChartContainer - [hivemq-test-hivemq-platform] [hivemq-platform-operator] [7a1e88fa] 	at io.fabric8.kubernetes.client.dsl.internal.OperationSupport.lambda$handleResponse$0(OperationSupport.java:549)
2025-01-28 23:52:44,074 INFO c.h.h.t.HelmChartContainer - [hivemq-test-hivemq-platform] [hivemq-platform-operator] [7a1e88fa] 	at java.base/java.util.concurrent.CompletableFuture$UniApply.tryFire(Unknown Source)
2025-01-28 23:52:44,074 INFO c.h.h.t.HelmChartContainer - [hivemq-test-hivemq-platform] [hivemq-platform-operator] [7a1e88fa] 	at java.base/java.util.concurrent.CompletableFuture.postComplete(Unknown Source)
2025-01-28 23:52:44,074 INFO c.h.h.t.HelmChartContainer - [hivemq-test-hivemq-platform] [hivemq-platform-operator] [7a1e88fa] 	at java.base/java.util.concurrent.CompletableFuture.complete(Unknown Source)
2025-01-28 23:52:44,074 INFO c.h.h.t.HelmChartContainer - [hivemq-test-hivemq-platform] [hivemq-platform-operator] [7a1e88fa] 	at io.fabric8.kubernetes.client.http.StandardHttpClient.lambda$completeOrCancel$10(StandardHttpClient.java:141)
2025-01-28 23:52:44,074 INFO c.h.h.t.HelmChartContainer - [hivemq-test-hivemq-platform] [hivemq-platform-operator] [7a1e88fa] 	at java.base/java.util.concurrent.CompletableFuture.uniWhenComplete(Unknown Source)
2025-01-28 23:52:44,074 INFO c.h.h.t.HelmChartContainer - [hivemq-test-hivemq-platform] [hivemq-platform-operator] [7a1e88fa] 	at java.base/java.util.concurrent.CompletableFuture$UniWhenComplete.tryFire(Unknown Source)
2025-01-28 23:52:44,074 INFO c.h.h.t.HelmChartContainer - [hivemq-test-hivemq-platform] [hivemq-platform-operator] [7a1e88fa] 	at java.base/java.util.concurrent.CompletableFuture.postComplete(Unknown Source)
2025-01-28 23:52:44,074 INFO c.h.h.t.HelmChartContainer - [hivemq-test-hivemq-platform] [hivemq-platform-operator] [7a1e88fa] 	at java.base/java.util.concurrent.CompletableFuture.complete(Unknown Source)
2025-01-28 23:52:44,074 INFO c.h.h.t.HelmChartContainer - [hivemq-test-hivemq-platform] [hivemq-platform-operator] [7a1e88fa] 	at io.fabric8.kubernetes.client.http.ByteArrayBodyHandler.onBodyDone(ByteArrayBodyHandler.java:51)
2025-01-28 23:52:44,074 INFO c.h.h.t.HelmChartContainer - [hivemq-test-hivemq-platform] [hivemq-platform-operator] [7a1e88fa] 	at java.base/java.util.concurrent.CompletableFuture.uniWhenComplete(Unknown Source)
2025-01-28 23:52:44,074 INFO c.h.h.t.HelmChartContainer - [hivemq-test-hivemq-platform] [hivemq-platform-operator] [7a1e88fa] 	at java.base/java.util.concurrent.CompletableFuture$UniWhenComplete.tryFire(Unknown Source)
2025-01-28 23:52:44,074 INFO c.h.h.t.HelmChartContainer - [hivemq-test-hivemq-platform] [hivemq-platform-operator] [7a1e88fa] 	at java.base/java.util.concurrent.CompletableFuture.postComplete(Unknown Source)
2025-01-28 23:52:44,074 INFO c.h.h.t.HelmChartContainer - [hivemq-test-hivemq-platform] [hivemq-platform-operator] [7a1e88fa] 	at java.base/java.util.concurrent.CompletableFuture.complete(Unknown Source)
2025-01-28 23:52:44,074 INFO c.h.h.t.HelmChartContainer - [hivemq-test-hivemq-platform] [hivemq-platform-operator] [7a1e88fa] 	at io.fabric8.kubernetes.client.vertx.VertxHttpRequest.lambda$null$1(VertxHttpRequest.java:121)
2025-01-28 23:52:44,074 INFO c.h.h.t.HelmChartContainer - [hivemq-test-hivemq-platform] [hivemq-platform-operator] [7a1e88fa] 	at io.vertx.core.impl.ContextInternal.dispatch(ContextInternal.java:279)
2025-01-28 23:52:44,076 INFO c.h.h.t.HelmChartContainer - [hivemq-test-hivemq-platform] [hivemq-platform-operator] [7a1e88fa] 	at io.vertx.core.impl.ContextInternal.dispatch(ContextInternal.java:261)
2025-01-28 23:52:44,076 INFO c.h.h.t.HelmChartContainer - [hivemq-test-hivemq-platform] [hivemq-platform-operator] [7a1e88fa] 	at io.vertx.core.http.impl.HttpEventHandler.handleEnd(HttpEventHandler.java:76)
2025-01-28 23:52:44,076 INFO c.h.h.t.HelmChartContainer - [hivemq-test-hivemq-platform] [hivemq-platform-operator] [7a1e88fa] 	at io.vertx.core.http.impl.HttpClientResponseImpl.handleEnd(HttpClientResponseImpl.java:250)
2025-01-28 23:52:44,076 INFO c.h.h.t.HelmChartContainer - [hivemq-test-hivemq-platform] [hivemq-platform-operator] [7a1e88fa] 	at io.vertx.core.http.impl.Http1xClientConnection$StreamImpl.lambda$new$0(Http1xClientConnection.java:421)
2025-01-28 23:52:44,076 INFO c.h.h.t.HelmChartContainer - [hivemq-test-hivemq-platform] [hivemq-platform-operator] [7a1e88fa] 	at io.vertx.core.streams.impl.InboundBuffer.handleEvent(InboundBuffer.java:279)
2025-01-28 23:52:44,076 INFO c.h.h.t.HelmChartContainer - [hivemq-test-hivemq-platform] [hivemq-platform-operator] [7a1e88fa] 	at io.vertx.core.streams.impl.InboundBuffer.write(InboundBuffer.java:157)
2025-01-28 23:52:44,076 INFO c.h.h.t.HelmChartContainer - [hivemq-test-hivemq-platform] [hivemq-platform-operator] [7a1e88fa] 	at io.vertx.core.http.impl.Http1xClientConnection$StreamImpl.handleEnd(Http1xClientConnection.java:709)
2025-01-28 23:52:44,076 INFO c.h.h.t.HelmChartContainer - [hivemq-test-hivemq-platform] [hivemq-platform-operator] [7a1e88fa] 	at io.vertx.core.impl.ContextImpl.execute(ContextImpl.java:313)
2025-01-28 23:52:44,076 INFO c.h.h.t.HelmChartContainer - [hivemq-test-hivemq-platform] [hivemq-platform-operator] [7a1e88fa] 	at io.vertx.core.impl.ContextImpl.execute(ContextImpl.java:293)
2025-01-28 23:52:44,076 INFO c.h.h.t.HelmChartContainer - [hivemq-test-hivemq-platform] [hivemq-platform-operator] [7a1e88fa] 	at io.vertx.core.http.impl.Http1xClientConnection.handleResponseEnd(Http1xClientConnection.java:940)
2025-01-28 23:52:44,076 INFO c.h.h.t.HelmChartContainer - [hivemq-test-hivemq-platform] [hivemq-platform-operator] [7a1e88fa] 	at io.vertx.core.http.impl.Http1xClientConnection.handleHttpMessage(Http1xClientConnection.java:810)
2025-01-28 23:52:44,076 INFO c.h.h.t.HelmChartContainer - [hivemq-test-hivemq-platform] [hivemq-platform-operator] [7a1e88fa] 	at io.vertx.core.http.impl.Http1xClientConnection.handleMessage(Http1xClientConnection.java:774)
2025-01-28 23:52:44,076 INFO c.h.h.t.HelmChartContainer - [hivemq-test-hivemq-platform] [hivemq-platform-operator] [7a1e88fa] 	at io.vertx.core.net.impl.ConnectionBase.read(ConnectionBase.java:159)
2025-01-28 23:52:44,076 INFO c.h.h.t.HelmChartContainer - [hivemq-test-hivemq-platform] [hivemq-platform-operator] [7a1e88fa] 	at io.vertx.core.net.impl.VertxHandler.channelRead(VertxHandler.java:153)
2025-01-28 23:52:44,076 INFO c.h.h.t.HelmChartContainer - [hivemq-test-hivemq-platform] [hivemq-platform-operator] [7a1e88fa] 	at io.netty.channel.AbstractChannelHandlerContext.invokeChannelRead(AbstractChannelHandlerContext.java:442)
2025-01-28 23:52:44,076 INFO c.h.h.t.HelmChartContainer - [hivemq-test-hivemq-platform] [hivemq-platform-operator] [7a1e88fa] 	at io.netty.channel.AbstractChannelHandlerContext.invokeChannelRead(AbstractChannelHandlerContext.java:420)
2025-01-28 23:52:44,076 INFO c.h.h.t.HelmChartContainer - [hivemq-test-hivemq-platform] [hivemq-platform-operator] [7a1e88fa] 	at io.netty.channel.AbstractChannelHandlerContext.fireChannelRead(AbstractChannelHandlerContext.java:412)
2025-01-28 23:52:44,076 INFO c.h.h.t.HelmChartContainer - [hivemq-test-hivemq-platform] [hivemq-platform-operator] [7a1e88fa] 	at io.netty.channel.CombinedChannelDuplexHandler$DelegatingChannelHandlerContext.fireChannelRead(CombinedChannelDuplexHandler.java:436)
2025-01-28 23:52:44,076 INFO c.h.h.t.HelmChartContainer - [hivemq-test-hivemq-platform] [hivemq-platform-operator] [7a1e88fa] 	at io.netty.handler.codec.ByteToMessageDecoder.fireChannelRead(ByteToMessageDecoder.java:346)
2025-01-28 23:52:44,076 INFO c.h.h.t.HelmChartContainer - [hivemq-test-hivemq-platform] [hivemq-platform-operator] [7a1e88fa] 	at io.netty.handler.codec.ByteToMessageDecoder.channelRead(ByteToMessageDecoder.java:318)
2025-01-28 23:52:44,076 INFO c.h.h.t.HelmChartContainer - [hivemq-test-hivemq-platform] [hivemq-platform-operator] [7a1e88fa] 	at io.netty.channel.CombinedChannelDuplexHandler.channelRead(CombinedChannelDuplexHandler.java:251)
2025-01-28 23:52:44,076 INFO c.h.h.t.HelmChartContainer - [hivemq-test-hivemq-platform] [hivemq-platform-operator] [7a1e88fa] 	at io.netty.channel.AbstractChannelHandlerContext.invokeChannelRead(AbstractChannelHandlerContext.java:442)
2025-01-28 23:52:44,076 INFO c.h.h.t.HelmChartContainer - [hivemq-test-hivemq-platform] [hivemq-platform-operator] [7a1e88fa] 	at io.netty.channel.AbstractChannelHandlerContext.invokeChannelRead(AbstractChannelHandlerContext.java:420)
2025-01-28 23:52:44,076 INFO c.h.h.t.HelmChartContainer - [hivemq-test-hivemq-platform] [hivemq-platform-operator] [7a1e88fa] 	at io.netty.channel.AbstractChannelHandlerContext.fireChannelRead(AbstractChannelHandlerContext.java:412)
2025-01-28 23:52:44,076 INFO c.h.h.t.HelmChartContainer - [hivemq-test-hivemq-platform] [hivemq-platform-operator] [7a1e88fa] 	at io.netty.handler.ssl.SslHandler.unwrap(SslHandler.java:1475)
2025-01-28 23:52:44,076 INFO c.h.h.t.HelmChartContainer - [hivemq-test-hivemq-platform] [hivemq-platform-operator] [7a1e88fa] 	at io.netty.handler.ssl.SslHandler.decodeJdkCompatible(SslHandler.java:1338)
2025-01-28 23:52:44,076 INFO c.h.h.t.HelmChartContainer - [hivemq-test-hivemq-platform] [hivemq-platform-operator] [7a1e88fa] 	at io.netty.handler.ssl.SslHandler.decode(SslHandler.java:1387)
2025-01-28 23:52:44,077 INFO c.h.h.t.HelmChartContainer - [hivemq-test-hivemq-platform] [hivemq-platform-operator] [7a1e88fa] 	at io.netty.handler.codec.ByteToMessageDecoder.decodeRemovalReentryProtection(ByteToMessageDecoder.java:530)
2025-01-28 23:52:44,077 INFO c.h.h.t.HelmChartContainer - [hivemq-test-hivemq-platform] [hivemq-platform-operator] [7a1e88fa] 	at io.netty.handler.codec.ByteToMessageDecoder.callDecode(ByteToMessageDecoder.java:469)
2025-01-28 23:52:44,077 INFO c.h.h.t.HelmChartContainer - [hivemq-test-hivemq-platform] [hivemq-platform-operator] [7a1e88fa] 	at io.netty.handler.codec.ByteToMessageDecoder.channelRead(ByteToMessageDecoder.java:290)
2025-01-28 23:52:44,077 INFO c.h.h.t.HelmChartContainer - [hivemq-test-hivemq-platform] [hivemq-platform-operator] [7a1e88fa] 	at io.netty.channel.AbstractChannelHandlerContext.invokeChannelRead(AbstractChannelHandlerContext.java:444)
2025-01-28 23:52:44,077 INFO c.h.h.t.HelmChartContainer - [hivemq-test-hivemq-platform] [hivemq-platform-operator] [7a1e88fa] 	at io.netty.channel.AbstractChannelHandlerContext.invokeChannelRead(AbstractChannelHandlerContext.java:420)
2025-01-28 23:52:44,077 INFO c.h.h.t.HelmChartContainer - [hivemq-test-hivemq-platform] [hivemq-platform-operator] [7a1e88fa] 	at io.netty.channel.AbstractChannelHandlerContext.fireChannelRead(AbstractChannelHandlerContext.java:412)
2025-01-28 23:52:44,077 INFO c.h.h.t.HelmChartContainer - [hivemq-test-hivemq-platform] [hivemq-platform-operator] [7a1e88fa] 	at io.netty.channel.DefaultChannelPipeline$HeadContext.channelRead(DefaultChannelPipeline.java:1407)
2025-01-28 23:52:44,077 INFO c.h.h.t.HelmChartContainer - [hivemq-test-hivemq-platform] [hivemq-platform-operator] [7a1e88fa] 	at io.netty.channel.AbstractChannelHandlerContext.invokeChannelRead(AbstractChannelHandlerContext.java:440)
2025-01-28 23:52:44,077 INFO c.h.h.t.HelmChartContainer - [hivemq-test-hivemq-platform] [hivemq-platform-operator] [7a1e88fa] 	at io.netty.channel.AbstractChannelHandlerContext.invokeChannelRead(AbstractChannelHandlerContext.java:420)
2025-01-28 23:52:44,077 INFO c.h.h.t.HelmChartContainer - [hivemq-test-hivemq-platform] [hivemq-platform-operator] [7a1e88fa] 	at io.netty.channel.DefaultChannelPipeline.fireChannelRead(DefaultChannelPipeline.java:918)
2025-01-28 23:52:44,077 INFO c.h.h.t.HelmChartContainer - [hivemq-test-hivemq-platform] [hivemq-platform-operator] [7a1e88fa] 	at io.netty.channel.nio.AbstractNioByteChannel$NioByteUnsafe.read(AbstractNioByteChannel.java:166)
2025-01-28 23:52:44,077 INFO c.h.h.t.HelmChartContainer - [hivemq-test-hivemq-platform] [hivemq-platform-operator] [7a1e88fa] 	at io.netty.channel.nio.NioEventLoop.processSelectedKey(NioEventLoop.java:788)
2025-01-28 23:52:44,077 INFO c.h.h.t.HelmChartContainer - [hivemq-test-hivemq-platform] [hivemq-platform-operator] [7a1e88fa] 	at io.netty.channel.nio.NioEventLoop.processSelectedKeysOptimized(NioEventLoop.java:724)
2025-01-28 23:52:44,077 INFO c.h.h.t.HelmChartContainer - [hivemq-test-hivemq-platform] [hivemq-platform-operator] [7a1e88fa] 	at io.netty.channel.nio.NioEventLoop.processSelectedKeys(NioEventLoop.java:650)
2025-01-28 23:52:44,077 INFO c.h.h.t.HelmChartContainer - [hivemq-test-hivemq-platform] [hivemq-platform-operator] [7a1e88fa] 	at io.netty.channel.nio.NioEventLoop.run(NioEventLoop.java:562)
2025-01-28 23:52:44,077 INFO c.h.h.t.HelmChartContainer - [hivemq-test-hivemq-platform] [hivemq-platform-operator] [7a1e88fa] 	at io.netty.util.concurrent.SingleThreadEventExecutor$4.run(SingleThreadEventExecutor.java:997)
2025-01-28 23:52:44,077 INFO c.h.h.t.HelmChartContainer - [hivemq-test-hivemq-platform] [hivemq-platform-operator] [7a1e88fa] 	at io.netty.util.internal.ThreadExecutorMap$2.run(ThreadExecutorMap.java:74)
2025-01-28 23:52:44,077 INFO c.h.h.t.HelmChartContainer - [hivemq-test-hivemq-platform] [hivemq-platform-operator] [7a1e88fa] 	at io.netty.util.concurrent.FastThreadLocalRunnable.run(FastThreadLocalRunnable.java:30)
2025-01-28 23:52:44,077 INFO c.h.h.t.HelmChartContainer - [hivemq-test-hivemq-platform] [hivemq-platform-operator] [7a1e88fa] 	... 1 common frames omitted
2025-01-28 23:52:44,077 INFO c.h.h.t.HelmChartContainer - [hivemq-test-hivemq-platform] [hivemq-platform-operator] [7a1e88fa] 23:52:44.071 [ReconcilerExecutor-hivemq-controller-125] INFO  c.h.p.o.HiveMQPlatformReconciler - [helminit] Cleanup test-hivemq-platform - helminitcontainerit HiveMQ Platform is shut down
2025-01-28 23:52:44,462 INFO c.h.h.t.HelmChartContainer - [POD] test-hivemq-platform-0 [c0fa4dac-a25f-43f4-9219-213b9060694e] in helminitcontainerit was MODIFIED
2025-01-28 23:52:44,463 INFO c.h.h.t.HelmChartContainer - [EVENT] Normal [Killing] Stopping container consul-template-init-container [helminitcontainerit:test-hivemq-platform-0]
2025-01-28 23:52:44,469 INFO c.h.h.t.HelmChartContainer - [test-hivemq-platform] [hivemq] [c0fa4dac] INFO  - [HiveMQ Platform Operator Init App 1.7.0-SNAPSHOT] Shutting down
2025-01-28 23:52:44,471 INFO c.h.h.t.HelmChartContainer - [EVENT] Normal [Killing] Stopping container hivemq [helminitcontainerit:test-hivemq-platform-0]
2025-01-28 23:52:44,471 INFO c.h.h.t.HelmChartContainer - Received Killing event for container hivemq in pod test-hivemq-platform-0 [c0fa4dac-a25f-43f4-9219-213b9060694e]
2025-01-28 23:52:44,471 INFO c.h.h.t.HelmChartContainer - Container [test-hivemq-platform-0] [hivemq] [c0fa4dac-a25f-43f4-9219-213b9060694e] was terminated
2025-01-28 23:52:44,472 INFO c.h.h.t.HelmChartContainer - Stopped log watcher for hivemq in pod test-hivemq-platform-0 [c0fa4dac-a25f-43f4-9219-213b9060694e]
2025-01-28 23:52:44,472 INFO c.h.h.t.HelmChartContainer - [test-hivemq-platform] [hivemq] [c0fa4dac] INFO  - [HiveMQ Platform Operator Init App 1.7.0-SNAPSHOT] Stopping the HiveMQ Platform
2025-01-28 23:52:44,541 INFO c.h.h.t.HelmChartContainer - [test-hivemq-platform] [hivemq] [c0fa4dac] INFO  - Shutting down HiveMQ. Please wait, this could take a while...
2025-01-28 23:52:44,544 INFO c.h.h.t.HelmChartContainer - [test-hivemq-platform] [hivemq] [c0fa4dac] INFO  - Shutting down listeners and clients
2025-01-28 23:52:44,546 INFO c.h.h.t.HelmChartContainer - [test-hivemq-platform] [hivemq] [c0fa4dac] INFO  - Shutdown of listeners is done
2025-01-28 23:52:44,547 INFO c.h.h.t.HelmChartContainer - [test-hivemq-platform] [hivemq] [c0fa4dac] INFO  - No clients are connected, proceeding with shutdown
2025-01-28 23:52:45,771 INFO c.h.h.t.HelmChartContainer - Deleting namespace 'helminitcontainerit'...
2025-01-28 23:52:46,239 INFO c.h.h.t.HelmChartContainer - [test-hivemq-platform] [hivemq] [c0fa4dac] INFO  - [HiveMQ Platform Operator Init App 1.7.0-SNAPSHOT] Returning shutdown Health API response 503 for readiness
2025-01-28 23:52:46,243 INFO c.h.h.t.HelmChartContainer - [EVENT] Warning [Unhealthy] Readiness probe failed: HTTP probe failed with statuscode: 503 [helminitcontainerit:test-hivemq-platform-0]
2025-01-28 23:52:46,243 INFO c.h.h.t.HelmChartContainer - Received Unhealthy event for container hivemq in pod test-hivemq-platform-0 [c0fa4dac-a25f-43f4-9219-213b9060694e]
2025-01-28 23:52:46,538 INFO c.h.h.t.HelmChartContainer - [K3S] [authentication.go:74] "Unable to authenticate the request" err="[invalid bearer token, serviceaccounts \"hivemq-platform-pod-test-hivemq-platform\" not found]"
2025-01-28 23:52:46,557 INFO c.h.h.t.HelmChartContainer - [K3S] [authentication.go:74] "Unable to authenticate the request" err="[invalid bearer token, serviceaccounts \"hivemq-platform-pod-test-hivemq-platform\" not found]"
2025-01-28 23:52:46,628 INFO c.h.h.t.HelmChartContainer - [test-hivemq-platform] [hivemq] [c0fa4dac] WARN  - [HiveMQ Platform Operator Init App 1.7.0-SNAPSHOT] Could not update Pod annotations: Failure executing: GET at: https://10.43.0.1:443/api/v1/namespaces/helminitcontainerit/pods/test-hivemq-platform-0. Message: Unauthorized. Received status: Status(apiVersion=v1, code=401, details=null, kind=Status, message=Unauthorized, metadata=ListMeta(_continue=null, remainingItemCount=null, resourceVersion=null, selfLink=null, additionalProperties={}), reason=Unauthorized, status=Failure, additionalProperties={}).
2025-01-28 23:52:47,839 INFO c.h.h.t.HelmChartContainer - [test-hivemq-platform] [hivemq] [c0fa4dac] INFO  - Shutting down extension system
2025-01-28 23:52:47,841 INFO c.h.h.t.HelmChartContainer - [test-hivemq-platform] [hivemq] [c0fa4dac] INFO  - Stopping extension with id hivemq-dns-cluster-discovery
2025-01-28 23:52:47,842 INFO c.h.h.t.HelmChartContainer - [test-hivemq-platform] [hivemq] [c0fa4dac] INFO  - Extension "DNS Cluster Discovery Extension" version 4.3.2 stopped successfully.
2025-01-28 23:52:47,842 INFO c.h.h.t.HelmChartContainer - [test-hivemq-platform] [hivemq] [c0fa4dac] INFO  - Stopping extension with id hivemq-prometheus-extension
2025-01-28 23:52:47,847 INFO c.h.h.t.HelmChartContainer - [test-hivemq-platform] [hivemq] [c0fa4dac] INFO  - Extension "Prometheus Monitoring Extension" version 4.0.12 stopped successfully.
2025-01-28 23:52:47,847 INFO c.h.h.t.HelmChartContainer - [test-hivemq-platform] [hivemq] [c0fa4dac] INFO  - Stopping extension with id hivemq-allow-all-extension
2025-01-28 23:52:47,848 INFO c.h.h.t.HelmChartContainer - [test-hivemq-platform] [hivemq] [c0fa4dac] INFO  - Extension "Allow All Extension" version 1.1.1 stopped successfully.
2025-01-28 23:52:50,129 INFO c.h.h.t.HelmChartContainer - [test-hivemq-platform] [hivemq] [c0fa4dac] INFO  - Shutdown completed.
2025-01-28 23:52:50,476 INFO c.h.h.t.HelmChartContainer - [test-hivemq-platform] [hivemq] [c0fa4dac] INFO  - [HiveMQ Platform Operator Init App 1.7.0-SNAPSHOT] The HiveMQ Platform exited with code 143
2025-01-28 23:52:50,476 INFO c.h.h.t.HelmChartContainer - [test-hivemq-platform] [hivemq] [c0fa4dac] INFO  - [HiveMQ Platform Operator Init App 1.7.0-SNAPSHOT] Stopping the REST API
2025-01-28 23:52:50,483 INFO c.h.h.t.HelmChartContainer - [test-hivemq-platform] [hivemq] [c0fa4dac] INFO  - [HiveMQ Platform Operator Init App 1.7.0-SNAPSHOT] Shutdown complete
2025-01-28 23:52:50,897 INFO c.h.h.t.HelmChartContainer - [K3S] [stateful_set.go:466] "StatefulSet has been deleted" key="helminitcontainerit/test-hivemq-platform"
2025-01-28 23:52:50,979 INFO c.h.h.t.HelmChartContainer - [POD] test-hivemq-platform-0 [c0fa4dac-a25f-43f4-9219-213b9060694e] in helminitcontainerit was MODIFIED
2025-01-28 23:52:50,996 INFO c.h.h.t.HelmChartContainer - [K3S] [reconciler_common.go:162] "operationExecutor.UnmountVolume started for volume \"consul-template-volume\" (UniqueName: \"kubernetes.io/configmap/c0fa4dac-a25f-43f4-9219-213b9060694e-consul-template-volume\") pod \"c0fa4dac-a25f-43f4-9219-213b9060694e\" (UID: \"c0fa4dac-a25f-43f4-9219-213b9060694e\") "
2025-01-28 23:52:50,997 INFO c.h.h.t.HelmChartContainer - [K3S] [reconciler_common.go:162] "operationExecutor.UnmountVolume started for volume \"license-volume\" (UniqueName: \"kubernetes.io/empty-dir/c0fa4dac-a25f-43f4-9219-213b9060694e-license-volume\") pod \"c0fa4dac-a25f-43f4-9219-213b9060694e\" (UID: \"c0fa4dac-a25f-43f4-9219-213b9060694e\") "
2025-01-28 23:52:50,997 INFO c.h.h.t.HelmChartContainer - [K3S] [reconciler_common.go:162] "operationExecutor.UnmountVolume started for volume \"operator-init\" (UniqueName: \"kubernetes.io/empty-dir/c0fa4dac-a25f-43f4-9219-213b9060694e-operator-init\") pod \"c0fa4dac-a25f-43f4-9219-213b9060694e\" (UID: \"c0fa4dac-a25f-43f4-9219-213b9060694e\") "
2025-01-28 23:52:50,997 INFO c.h.h.t.HelmChartContainer - [K3S] [reconciler_common.go:162] "operationExecutor.UnmountVolume started for volume \"pod-info\" (UniqueName: \"kubernetes.io/configmap/c0fa4dac-a25f-43f4-9219-213b9060694e-pod-info\") pod \"c0fa4dac-a25f-43f4-9219-213b9060694e\" (UID: \"c0fa4dac-a25f-43f4-9219-213b9060694e\") "
2025-01-28 23:52:50,997 INFO c.h.h.t.HelmChartContainer - [K3S] [reconciler_common.go:162] "operationExecutor.UnmountVolume started for volume \"kube-api-access-6tl8n\" (UniqueName: \"kubernetes.io/projected/c0fa4dac-a25f-43f4-9219-213b9060694e-kube-api-access-6tl8n\") pod \"c0fa4dac-a25f-43f4-9219-213b9060694e\" (UID: \"c0fa4dac-a25f-43f4-9219-213b9060694e\") "
2025-01-28 23:52:50,997 INFO c.h.h.t.HelmChartContainer - [K3S] [reconciler_common.go:162] "operationExecutor.UnmountVolume started for volume \"broker-configuration\" (UniqueName: \"kubernetes.io/configmap/c0fa4dac-a25f-43f4-9219-213b9060694e-broker-configuration\") pod \"c0fa4dac-a25f-43f4-9219-213b9060694e\" (UID: \"c0fa4dac-a25f-43f4-9219-213b9060694e\") "
2025-01-28 23:52:51,097 INFO c.h.h.t.HelmChartContainer - [K3S] [reconciler_common.go:299] "Volume detached for volume \"pod-info\" (UniqueName: \"kubernetes.io/configmap/c0fa4dac-a25f-43f4-9219-213b9060694e-pod-info\") on node \"fa4611d197e6\" DevicePath \"\""
2025-01-28 23:52:51,097 INFO c.h.h.t.HelmChartContainer - [K3S] [reconciler_common.go:299] "Volume detached for volume \"license-volume\" (UniqueName: \"kubernetes.io/empty-dir/c0fa4dac-a25f-43f4-9219-213b9060694e-license-volume\") on node \"fa4611d197e6\" DevicePath \"\""
2025-01-28 23:52:51,097 INFO c.h.h.t.HelmChartContainer - [K3S] [reconciler_common.go:299] "Volume detached for volume \"operator-init\" (UniqueName: \"kubernetes.io/empty-dir/c0fa4dac-a25f-43f4-9219-213b9060694e-operator-init\") on node \"fa4611d197e6\" DevicePath \"\""
2025-01-28 23:52:51,097 INFO c.h.h.t.HelmChartContainer - [K3S] [reconciler_common.go:299] "Volume detached for volume \"kube-api-access-6tl8n\" (UniqueName: \"kubernetes.io/projected/c0fa4dac-a25f-43f4-9219-213b9060694e-kube-api-access-6tl8n\") on node \"fa4611d197e6\" DevicePath \"\""
2025-01-28 23:52:51,097 INFO c.h.h.t.HelmChartContainer - [K3S] [reconciler_common.go:299] "Volume detached for volume \"broker-configuration\" (UniqueName: \"kubernetes.io/configmap/c0fa4dac-a25f-43f4-9219-213b9060694e-broker-configuration\") on node \"fa4611d197e6\" DevicePath \"\""
2025-01-28 23:52:51,097 INFO c.h.h.t.HelmChartContainer - [K3S] [reconciler_common.go:299] "Volume detached for volume \"consul-template-volume\" (UniqueName: \"kubernetes.io/configmap/c0fa4dac-a25f-43f4-9219-213b9060694e-consul-template-volume\") on node \"fa4611d197e6\" DevicePath \"\""
2025-01-28 23:52:51,431 INFO c.h.h.t.HelmChartContainer - [K3S] [scope.go:117] "RemoveContainer" containerID="15e574fda2ba0f8aa658b144275472421a20c0db38fe22d9cd0fb4827c3ee7da"
2025-01-28 23:52:51,450 INFO c.h.h.t.HelmChartContainer - [POD] test-hivemq-platform-0 [c0fa4dac-a25f-43f4-9219-213b9060694e] in helminitcontainerit was MODIFIED
2025-01-28 23:52:51,456 INFO c.h.h.t.HelmChartContainer - [POD] test-hivemq-platform-0 [c0fa4dac-a25f-43f4-9219-213b9060694e] in helminitcontainerit was DELETED
2025-01-28 23:52:51,537 INFO c.h.h.t.HelmChartContainer - [K3S] [scope.go:117] "RemoveContainer" containerID="b7e8d0fc33dcbb320a9588023341eb3134a0299b705f3d0ca0cd09b7ffa28161"
2025-01-28 23:52:51,540 INFO c.h.h.t.HelmChartContainer - [K3S] [scope.go:117] "RemoveContainer" containerID="97b414508546dcfb370207b3960d8f439c4c7c1cd69f11936d8b8ce5090bc052"
2025-01-28 23:52:51,542 INFO c.h.h.t.HelmChartContainer - [K3S] [scope.go:117] "RemoveContainer" containerID="15e574fda2ba0f8aa658b144275472421a20c0db38fe22d9cd0fb4827c3ee7da"
2025-01-28 23:52:51,543 INFO c.h.h.t.HelmChartContainer - [K3S] [scope.go:117] "RemoveContainer" containerID="b7e8d0fc33dcbb320a9588023341eb3134a0299b705f3d0ca0cd09b7ffa28161"
2025-01-28 23:52:51,544 INFO c.h.h.t.HelmChartContainer - [K3S] [scope.go:117] "RemoveContainer" containerID="97b414508546dcfb370207b3960d8f439c4c7c1cd69f11936d8b8ce5090bc052"
2025-01-28 23:52:51,544 INFO c.h.h.t.HelmChartContainer - [K3S] [scope.go:117] "RemoveContainer" containerID="15e574fda2ba0f8aa658b144275472421a20c0db38fe22d9cd0fb4827c3ee7da"
2025-01-28 23:52:51,544 INFO c.h.h.t.HelmChartContainer - [K3S] [scope.go:117] "RemoveContainer" containerID="b7e8d0fc33dcbb320a9588023341eb3134a0299b705f3d0ca0cd09b7ffa28161"
2025-01-28 23:52:51,544 INFO c.h.h.t.HelmChartContainer - [K3S] [scope.go:117] "RemoveContainer" containerID="97b414508546dcfb370207b3960d8f439c4c7c1cd69f11936d8b8ce5090bc052"
2025-01-28 23:52:52,221 INFO c.h.h.t.HelmChartContainer - [K3S] [kubelet_volumes.go:163] "Cleaned up orphaned pod volumes dir" podUID="c0fa4dac-a25f-43f4-9219-213b9060694e" path="/var/lib/kubelet/pods/c0fa4dac-a25f-43f4-9219-213b9060694e/volumes"
2025-01-28 23:52:56,112 INFO c.h.h.t.HelmChartContainer - Namespace 'helminitcontainerit' deleted
2025-01-28 23:52:56,113 INFO c.h.h.t.HelmChartContainer - Release 'test-hivemq-platform' in namespace 'helminitcontainerit' is uninstalled
2025-01-28 23:52:56,113 INFO c.h.h.t.HelmChartContainer - Uninstalling release 'test-hivemq-platform-operator' in namespace 'helminitcontainerit-operator'...
2025-01-28 23:52:56,113 DEBUG c.h.h.t.HelmChartContainer - Executing helm command: /bin/helm --kubeconfig /etc/rancher/k3s/k3s.yaml uninstall test-hivemq-platform-operator  --wait --timeout 5m0s --cascade foreground --namespace helminitcontainerit-operator
2025-01-28 23:52:56,280 INFO c.h.h.t.HelmChartContainer - [K3S] [replica_set.go:679] "Finished syncing" kind="ReplicaSet" key="helminitcontainerit-operator/hivemq-test-hivemq-platform-operator-6966f96d65" duration="7.212966ms"
2025-01-28 23:52:56,280 INFO c.h.h.t.HelmChartContainer - [K3S] [replica_set.go:679] "Finished syncing" kind="ReplicaSet" key="helminitcontainerit-operator/hivemq-test-hivemq-platform-operator-6966f96d65" duration="74.619µs"
2025-01-28 23:52:56,287 INFO c.h.h.t.HelmChartContainer - [POD] hivemq-test-hivemq-platform-operator-6966f96d65-dx2d6 [7a1e88fa-4dfa-4a3a-9490-92ea917d47bb] in helminitcontainerit-operator was MODIFIED
2025-01-28 23:52:56,298 INFO c.h.h.t.HelmChartContainer - [EVENT] Normal [Killing] Stopping container hivemq-platform-operator [helminitcontainerit-operator:hivemq-test-hivemq-platform-operator-6966f96d65-dx2d6]
2025-01-28 23:52:56,299 INFO c.h.h.t.HelmChartContainer - Received Killing event for container hivemq-platform-operator in pod hivemq-test-hivemq-platform-operator-6966f96d65-dx2d6 [7a1e88fa-4dfa-4a3a-9490-92ea917d47bb]
2025-01-28 23:52:56,299 INFO c.h.h.t.HelmChartContainer - Container [hivemq-test-hivemq-platform-operator-6966f96d65-dx2d6] [hivemq-platform-operator] [7a1e88fa-4dfa-4a3a-9490-92ea917d47bb] was terminated
2025-01-28 23:52:56,299 INFO c.h.h.t.HelmChartContainer - Stopped log watcher for hivemq-platform-operator in pod hivemq-test-hivemq-platform-operator-6966f96d65-dx2d6 [7a1e88fa-4dfa-4a3a-9490-92ea917d47bb]
2025-01-28 23:52:56,309 INFO c.h.h.t.HelmChartContainer - [K3S] [replica_set.go:679] "Finished syncing" kind="ReplicaSet" key="helminitcontainerit-operator/hivemq-test-hivemq-platform-operator-6966f96d65" duration="18.363376ms"
2025-01-28 23:52:56,314 INFO c.h.h.t.HelmChartContainer - [K3S] [replica_set.go:679] "Finished syncing" kind="ReplicaSet" key="helminitcontainerit-operator/hivemq-test-hivemq-platform-operator-6966f96d65" duration="26.991µs"
2025-01-28 23:52:56,339 INFO c.h.h.t.HelmChartContainer - [hivemq-test-hivemq-platform] [hivemq-platform-operator] [7a1e88fa] 23:52:56.337 [application-shutdown-thread] INFO  c.h.p.o.HiveMQPlatformOperatorApplication - HiveMQ Platform Operator is stopping...
2025-01-28 23:52:56,340 INFO c.h.h.t.HelmChartContainer - [hivemq-test-hivemq-platform] [hivemq-platform-operator] [7a1e88fa] 23:52:56.337 [application-shutdown-thread] INFO  i.javaoperatorsdk.operator.Operator - Operator SDK 4.9.7 is shutting down...
2025-01-28 23:52:56,883 INFO c.h.h.t.HelmChartContainer - [K3S] [replica_set.go:679] "Finished syncing" kind="ReplicaSet" key="helminitcontainerit-operator/hivemq-test-hivemq-platform-operator-6966f96d65" duration="39.524µs"
2025-01-28 23:52:56,884 INFO c.h.h.t.HelmChartContainer - [POD] hivemq-test-hivemq-platform-operator-6966f96d65-dx2d6 [7a1e88fa-4dfa-4a3a-9490-92ea917d47bb] in helminitcontainerit-operator was MODIFIED
2025-01-28 23:52:56,935 INFO c.h.h.t.HelmChartContainer - [K3S] [reconciler_common.go:162] "operationExecutor.UnmountVolume started for volume \"kube-api-access-ds6z4\" (UniqueName: \"kubernetes.io/projected/7a1e88fa-4dfa-4a3a-9490-92ea917d47bb-kube-api-access-ds6z4\") pod \"7a1e88fa-4dfa-4a3a-9490-92ea917d47bb\" (UID: \"7a1e88fa-4dfa-4a3a-9490-92ea917d47bb\") "
2025-01-28 23:52:57,035 INFO c.h.h.t.HelmChartContainer - [K3S] [reconciler_common.go:299] "Volume detached for volume \"kube-api-access-ds6z4\" (UniqueName: \"kubernetes.io/projected/7a1e88fa-4dfa-4a3a-9490-92ea917d47bb-kube-api-access-ds6z4\") on node \"fa4611d197e6\" DevicePath \"\""
2025-01-28 23:52:57,441 INFO c.h.h.t.HelmChartContainer - [K3S] [scope.go:117] "RemoveContainer" containerID="ec326ed406b0e0037508e10b101273ce6ff7161a280df305cb7239f8b4fca506"
2025-01-28 23:52:57,444 INFO c.h.h.t.HelmChartContainer - [K3S] [scope.go:117] "RemoveContainer" containerID="ec326ed406b0e0037508e10b101273ce6ff7161a280df305cb7239f8b4fca506"
2025-01-28 23:52:57,452 INFO c.h.h.t.HelmChartContainer - [K3S] [replica_set.go:679] "Finished syncing" kind="ReplicaSet" key="helminitcontainerit-operator/hivemq-test-hivemq-platform-operator-6966f96d65" duration="54.171µs"
2025-01-28 23:52:57,453 INFO c.h.h.t.HelmChartContainer - [POD] hivemq-test-hivemq-platform-operator-6966f96d65-dx2d6 [7a1e88fa-4dfa-4a3a-9490-92ea917d47bb] in helminitcontainerit-operator was MODIFIED
2025-01-28 23:52:57,455 INFO c.h.h.t.HelmChartContainer - [K3S] [replica_set.go:679] "Finished syncing" kind="ReplicaSet" key="helminitcontainerit-operator/hivemq-test-hivemq-platform-operator-6966f96d65" duration="33.633µs"
2025-01-28 23:52:57,456 INFO c.h.h.t.HelmChartContainer - [POD] hivemq-test-hivemq-platform-operator-6966f96d65-dx2d6 [7a1e88fa-4dfa-4a3a-9490-92ea917d47bb] in helminitcontainerit-operator was DELETED
2025-01-28 23:52:57,465 INFO c.h.h.t.HelmChartContainer - [K3S] [replica_set.go:679] "Finished syncing" kind="ReplicaSet" key="helminitcontainerit-operator/hivemq-test-hivemq-platform-operator-6966f96d65" duration="5.641µs"
2025-01-28 23:52:58,221 INFO c.h.h.t.HelmChartContainer - [K3S] [kubelet_volumes.go:163] "Cleaned up orphaned pod volumes dir" podUID="7a1e88fa-4dfa-4a3a-9490-92ea917d47bb" path="/var/lib/kubelet/pods/7a1e88fa-4dfa-4a3a-9490-92ea917d47bb/volumes"
2025-01-28 23:52:58,357 INFO c.h.h.t.HelmChartContainer - Deleting namespace 'helminitcontainerit-operator'...
2025-01-28 23:53:01,059 INFO c.h.h.t.HelmChartContainer - [K3S] [namespace_controller.go:187] "Namespace has been deleted" namespace="helminitcontainerit"
2025-01-28 23:53:03,574 INFO c.h.h.t.HelmChartContainer - Namespace 'helminitcontainerit-operator' deleted
2025-01-28 23:53:03,574 INFO c.h.h.t.HelmChartContainer - Release 'test-hivemq-platform-operator' in namespace 'helminitcontainerit-operator' is uninstalled
2025-01-28 23:53:04,273 INFO c.h.helmcharts.AbstractHelmChartIT - Removed unused containers:

2025-01-28 23:53:08,475 INFO c.h.h.t.HelmChartContainer - [K3S] [namespace_controller.go:187] "Namespace has been deleted" namespace="helminitcontainerit-operator"
2025-01-28 23:53:12,637 INFO c.h.helmcharts.AbstractHelmChartIT - Removed unused snapshots:
Removing snapshot sha256:03af251906410714c5aef9fa705b63f6bbc39c4a5e787de7361eeb18886c2ed2
Removing snapshot sha256:0c46b3b43cce082ce5ec34ffc6c294e0417d17b9d1e6f366d114b6aadc4f96dc
Removing snapshot sha256:0ce761beee59082d6ed5bcebd3a805b8ddd9b3426b617e4809e7fb7c6587ffec
Removing snapshot sha256:0df91287303208332c8ff6ba40ae4710105201739addbfbddfb955f1ad593664
Removing snapshot sha256:1021ef88c7974bfff89c5a0ec4fd3160daac6c48a075f74cff721f85dd104e68
Removing snapshot sha256:10aba4953ddc18145dd38e3704709bc464aa20af60b56fe52caaff4b68411e62
Removing snapshot sha256:2573e0d8158209ed54ab25c87bcdcb00bd3d2539246960a3d592a1c599d70465
Removing snapshot sha256:362a8a37f8bbc31925a8146adcf7cf51f9882f5c1dcbef67c5baa03a297543c0
Removing snapshot sha256:3fa4ad33f0ddc8fd45b39b6b4640f82a3a83619606cd975bfe89d8710ad2d4cd
Removing snapshot sha256:43a7c979bbaba6838bc3102d6b10a1459f3ab050b87ccdfef84ef90cf43d3058
Removing snapshot sha256:48d22716954df9a3d29156cf535eac67649092bf93811997637534568b254851
Removing snapshot sha256:4ab04491cdf0d3267f08206fe30bd48f49f94b9cab2f016d6739220f722a64af
Removing snapshot sha256:4b6068250e89c96f263060261819c7d912855bfbd64b3eb4c4a8483299b8c295
Removing snapshot sha256:580e69a0a8034ede1921139bbd2bfb72a69ebf276d008281896c32dd8bf74775
Removing snapshot sha256:5a2c5491767de96088c4fcd4fddc22d7bfee323fe2e34fc7205056783b5dc099
Removing snapshot sha256:5d30ba46b27fe37484567ccc5242cadc78217b8da605f3f195ef25cbf7487904
Removing snapshot sha256:5f1df1c19f2f87fc725ef0cdaf4f43831c47e5cce7fdc062186f008bea2344fb
Removing snapshot sha256:63ca1fbb43ae5034640e5e6cb3e083e05c290072c5366fcaa9d62435a4cced85
Removing snapshot sha256:67f702c6baae873bceb19487c8b1f27bd2b86077e4f2f0e480e6d60ab508b8f5
Removing snapshot sha256:6864348dd42806d552efdec384f1274be15e2d0c10ce44c1f04347af004c10a9
Removing snapshot sha256:6c7dee8f2c39b84b7dc2711c01d33de93514d9055499173e9290176fbe484b6c
Removing snapshot sha256:82753493a6d61ded36556292f02f31841a14c20d2f279f19eaad65afb661d5cd
Removing snapshot sha256:8a10d3db42c505ee0fcfa98417bdd7e39b304f6bcc0a06bb1b220797ff2cc63c
Removing snapshot sha256:94e5f06ff8e3d4441dc3cd8b090ff38dc911bfa8ebdb0dc28395bc98f82f983f
Removing snapshot sha256:9fe266bdfabb549dd4b3148560da7ce6ac593863d81fe17f9972d3ab187474ec
Removing snapshot sha256:a0904247e36a7726c03c71ee48f3e64462021c88dafeb13f37fdaf613b27f11c
Removing snapshot sha256:a21e5b12dbac529ad45d976eb9ce45c881f3bedcc500fb30aba1e52aa1813418
Removing snapshot sha256:b921e6c28969094157f9b8e7244677780319637afd14450b7cb6b2fdea558a0c
Removing snapshot sha256:bc27ecb5769a00e309cf99ebc763c4a4b958b618d1decc96ffac5bc05f02f5b7
Removing snapshot sha256:be3ccb6627a5332e309d45ef461d09b4879dd870c7394d89323d0ebc6ca6aa8a
Removing snapshot sha256:c261f7cbbc64211ee175ee47273acdb7b1a36a4450b397a064a8f2c026490095
Removing snapshot sha256:c34d9393647eea0c9e3557ab988efaf59f61d10a2a5613b439ef0958cca5ec10
Removing snapshot sha256:ccf3c4a0fa967a41c1c83497a2ce6fa5787965859df0adb32c4ca2cf7490bc2b
Removing snapshot sha256:cf92d33f869417309692088c341cd0f223c178ea78a125f757317b22aa8f90e9
Removing snapshot sha256:d0037344cf2fb078884f1849f6a1f8cf9a33a3b6139b6a85833e5ee528e1f9a8
Removing snapshot sha256:d3b36d5b79273b1e98e7700470eaeff05a882e777124d84cebcc1505b85ecb36
Removing snapshot sha256:d65a44a37914602d12c611e5e22a50f11451d847e63015cc1c2aef92dee777a4
Removing snapshot sha256:e2dc0bae2455930f23ae570e019b7f32edc75c0f2d71cab084db837ff9051796
Removing snapshot sha256:eccbd24a99c60cd9e86ee5305dbfc4a4dc89f5ab4fb1f06c8d64797cecedef34
Removing snapshot sha256:f144bb4c7c7f0d2aa7eeffd36d934ec40db1ee167be727e326aad9fdc616f475
Removing snapshot sha256:f2826e8078ae122722a5947e87cf2c69da961df377aa866b1242251aa8f9d35e

]]></system-out>
  </testcase>
  <testcase name="withOverrideInitContainer_hivemqRunningWithVolumeMounts()" classname="com.hivemq.helmcharts.containers.HelmInitContainerIT" time="104.628">
    <system-out><![CDATA[2025-01-28 23:53:12,645 INFO c.h.h.t.HelmChartContainer - Creating namespace 'helminitcontainerit-operator'...
2025-01-28 23:53:12,652 INFO c.h.h.t.HelmChartContainer - Namespace 'helminitcontainerit-operator' created
2025-01-28 23:53:12,652 INFO c.h.h.t.HelmChartContainer - Creating namespace 'helminitcontainerit'...
2025-01-28 23:53:12,661 INFO c.h.h.t.HelmChartContainer - Namespace 'helminitcontainerit' created
2025-01-28 23:53:12,740 DEBUG c.h.h.t.HelmChartContainer - Executing helm command: /bin/helm --kubeconfig /etc/rancher/k3s/k3s.yaml install test-hivemq-platform-operator /charts/hivemq-platform-operator --wait --timeout 5m0s --set image.repository=docker.io/hivemq --set image.name=hivemq-platform-operator-test --set image.initImageName=hivemq-platform-operator-init-test --set image.tag=snapshot --set image.pullPolicy=Never --set logLevel=DEBUG --set resources.cpu=512m --namespace helminitcontainerit-operator
2025-01-28 23:53:13,042 INFO c.h.h.t.HelmChartContainer - [K3S] [alloc.go:330] "allocated clusterIPs" service="helminitcontainerit-operator/hivemq-platform-operator-test-hivemq-platform-operator" clusterIPs={"IPv4":"10.43.32.106"}
2025-01-28 23:53:13,062 INFO c.h.h.t.HelmChartContainer - [EVENT] Normal [ScalingReplicaSet] Scaled up replica set hivemq-test-hivemq-platform-operator-6966f96d65 from 0 to 1 [helminitcontainerit-operator:hivemq-test-hivemq-platform-operator]
2025-01-28 23:53:13,070 INFO c.h.h.t.HelmChartContainer - [POD] hivemq-test-hivemq-platform-operator-6966f96d65-mxxqt [e8d92505-dad9-47eb-bf62-acb840f09ae1] in helminitcontainerit-operator was ADDED
2025-01-28 23:53:13,077 INFO c.h.h.t.HelmChartContainer - [K3S] [replica_set.go:679] "Finished syncing" kind="ReplicaSet" key="helminitcontainerit-operator/hivemq-test-hivemq-platform-operator-6966f96d65" duration="22.162115ms"
2025-01-28 23:53:13,078 INFO c.h.h.t.HelmChartContainer - [K3S] [memory_manager.go:355] "RemoveStaleState removing state" podUID="7a1e88fa-4dfa-4a3a-9490-92ea917d47bb" containerName="hivemq-platform-operator"
2025-01-28 23:53:13,079 INFO c.h.h.t.HelmChartContainer - [K3S] [memory_manager.go:355] "RemoveStaleState removing state" podUID="c0fa4dac-a25f-43f4-9219-213b9060694e" containerName="consul-template-init-container"
2025-01-28 23:53:13,079 INFO c.h.h.t.HelmChartContainer - [K3S] [memory_manager.go:355] "RemoveStaleState removing state" podUID="c0fa4dac-a25f-43f4-9219-213b9060694e" containerName="hivemq"
2025-01-28 23:53:13,080 INFO c.h.h.t.HelmChartContainer - [EVENT] Normal [SuccessfulCreate] Created pod: hivemq-test-hivemq-platform-operator-6966f96d65-mxxqt [helminitcontainerit-operator:hivemq-test-hivemq-platform-operator-6966f96d65]
2025-01-28 23:53:13,084 INFO c.h.h.t.HelmChartContainer - [POD] hivemq-test-hivemq-platform-operator-6966f96d65-mxxqt [e8d92505-dad9-47eb-bf62-acb840f09ae1] in helminitcontainerit-operator was MODIFIED
2025-01-28 23:53:13,089 INFO c.h.h.t.HelmChartContainer - [EVENT] Normal [Scheduled] Successfully assigned helminitcontainerit-operator/hivemq-test-hivemq-platform-operator-6966f96d65-mxxqt to fa4611d197e6 [helminitcontainerit-operator:hivemq-test-hivemq-platform-operator-6966f96d65-mxxqt]
2025-01-28 23:53:13,097 INFO c.h.h.t.HelmChartContainer - [POD] hivemq-test-hivemq-platform-operator-6966f96d65-mxxqt [e8d92505-dad9-47eb-bf62-acb840f09ae1] in helminitcontainerit-operator was MODIFIED
2025-01-28 23:53:13,098 INFO c.h.h.t.HelmChartContainer - [K3S] [replica_set.go:679] "Finished syncing" kind="ReplicaSet" key="helminitcontainerit-operator/hivemq-test-hivemq-platform-operator-6966f96d65" duration="21.393912ms"
2025-01-28 23:53:13,098 INFO c.h.h.t.HelmChartContainer - [K3S] [replica_set.go:679] "Finished syncing" kind="ReplicaSet" key="helminitcontainerit-operator/hivemq-test-hivemq-platform-operator-6966f96d65" duration="39.855µs"
2025-01-28 23:53:13,137 INFO c.h.h.t.HelmChartContainer - [K3S] [reconciler_common.go:251] "operationExecutor.VerifyControllerAttachedVolume started for volume \"kube-api-access-zzgdm\" (UniqueName: \"kubernetes.io/projected/e8d92505-dad9-47eb-bf62-acb840f09ae1-kube-api-access-zzgdm\") pod \"hivemq-test-hivemq-platform-operator-6966f96d65-mxxqt\" (UID: \"e8d92505-dad9-47eb-bf62-acb840f09ae1\") " pod="helminitcontainerit-operator/hivemq-test-hivemq-platform-operator-6966f96d65-mxxqt"
2025-01-28 23:53:13,481 INFO c.h.h.t.HelmChartContainer - [EVENT] Normal [Pulled] Container image "docker.io/hivemq/hivemq-platform-operator-test:snapshot" already present on machine [helminitcontainerit-operator:hivemq-test-hivemq-platform-operator-6966f96d65-mxxqt]
2025-01-28 23:53:13,481 INFO c.h.h.t.HelmChartContainer - Received Pulled event for container hivemq-platform-operator in pod hivemq-test-hivemq-platform-operator-6966f96d65-mxxqt [e8d92505-dad9-47eb-bf62-acb840f09ae1]
2025-01-28 23:53:14,729 INFO c.h.h.t.HelmChartContainer - [EVENT] Normal [Created] Created container: hivemq-platform-operator [helminitcontainerit-operator:hivemq-test-hivemq-platform-operator-6966f96d65-mxxqt]
2025-01-28 23:53:14,729 INFO c.h.h.t.HelmChartContainer - Received Created event for container hivemq-platform-operator in pod hivemq-test-hivemq-platform-operator-6966f96d65-mxxqt [e8d92505-dad9-47eb-bf62-acb840f09ae1]
2025-01-28 23:53:15,474 INFO c.h.h.t.HelmChartContainer - [K3S] [replica_set.go:679] "Finished syncing" kind="ReplicaSet" key="helminitcontainerit-operator/hivemq-test-hivemq-platform-operator-6966f96d65" duration="40.275µs"
2025-01-28 23:53:15,476 INFO c.h.h.t.HelmChartContainer - [POD] hivemq-test-hivemq-platform-operator-6966f96d65-mxxqt [e8d92505-dad9-47eb-bf62-acb840f09ae1] in helminitcontainerit-operator was MODIFIED
2025-01-28 23:53:15,487 INFO c.h.h.t.HelmChartContainer - Started log watcher for hivemq-platform-operator in pod hivemq-test-hivemq-platform-operator-6966f96d65-mxxqt [e8d92505-dad9-47eb-bf62-acb840f09ae1]
2025-01-28 23:53:15,488 INFO c.h.h.t.HelmChartContainer - [EVENT] Normal [Started] Started container hivemq-platform-operator [helminitcontainerit-operator:hivemq-test-hivemq-platform-operator-6966f96d65-mxxqt]
2025-01-28 23:53:15,488 INFO c.h.h.t.HelmChartContainer - [hivemq-test-hivemq-platform] [hivemq-platform-operator] [e8d92505] -------------------------------------------------------------------------
2025-01-28 23:53:15,488 INFO c.h.h.t.HelmChartContainer - Received Started event for container hivemq-platform-operator in pod hivemq-test-hivemq-platform-operator-6966f96d65-mxxqt [e8d92505-dad9-47eb-bf62-acb840f09ae1]
2025-01-28 23:53:15,488 INFO c.h.h.t.HelmChartContainer - [hivemq-test-hivemq-platform] [hivemq-platform-operator] [e8d92505] 
2025-01-28 23:53:15,488 INFO c.h.h.t.HelmChartContainer - [hivemq-test-hivemq-platform] [hivemq-platform-operator] [e8d92505]                   _    _  _              __  __   ____
2025-01-28 23:53:15,488 INFO c.h.h.t.HelmChartContainer - [hivemq-test-hivemq-platform] [hivemq-platform-operator] [e8d92505]                  | |  | |(_)            |  \/  | / __ \
2025-01-28 23:53:15,488 INFO c.h.h.t.HelmChartContainer - [hivemq-test-hivemq-platform] [hivemq-platform-operator] [e8d92505]                  | |__| | _ __   __ ___ | \  / || |  | |
2025-01-28 23:53:15,488 INFO c.h.h.t.HelmChartContainer - [hivemq-test-hivemq-platform] [hivemq-platform-operator] [e8d92505]                  |  __  || |\ \ / // _ \| |\/| || |  | |
2025-01-28 23:53:15,488 INFO c.h.h.t.HelmChartContainer - [hivemq-test-hivemq-platform] [hivemq-platform-operator] [e8d92505]                  | |  | || | \ V /|  __/| |  | || |__| |
2025-01-28 23:53:15,488 INFO c.h.h.t.HelmChartContainer - [hivemq-test-hivemq-platform] [hivemq-platform-operator] [e8d92505]                  |_|  |_||_|  \_/  \___||_|  |_| \___\_\
2025-01-28 23:53:15,488 INFO c.h.h.t.HelmChartContainer - [hivemq-test-hivemq-platform] [hivemq-platform-operator] [e8d92505] 
2025-01-28 23:53:15,488 INFO c.h.h.t.HelmChartContainer - [hivemq-test-hivemq-platform] [hivemq-platform-operator] [e8d92505] -------------------------------------------------------------------------
2025-01-28 23:53:15,488 INFO c.h.h.t.HelmChartContainer - [hivemq-test-hivemq-platform] [hivemq-platform-operator] [e8d92505] 
2025-01-28 23:53:15,488 INFO c.h.h.t.HelmChartContainer - [hivemq-test-hivemq-platform] [hivemq-platform-operator] [e8d92505]   HiveMQ Platform Operator Start Script v1.0
2025-01-28 23:53:15,488 INFO c.h.h.t.HelmChartContainer - [hivemq-test-hivemq-platform] [hivemq-platform-operator] [e8d92505] 
2025-01-28 23:53:15,488 INFO c.h.h.t.HelmChartContainer - [hivemq-test-hivemq-platform] [hivemq-platform-operator] [e8d92505] -------------------------------------------------------------------------
2025-01-28 23:53:15,488 INFO c.h.h.t.HelmChartContainer - [hivemq-test-hivemq-platform] [hivemq-platform-operator] [e8d92505] 
2025-01-28 23:53:15,488 INFO c.h.h.t.HelmChartContainer - [hivemq-test-hivemq-platform] [hivemq-platform-operator] [e8d92505]   JAVA_OPTS: -XX:+UnlockExperimentalVMOptions -XX:InitialRAMPercentage=75 -XX:MaxRAMPercentage=75 -Duser.language=en -Duser.region=US
2025-01-28 23:53:15,488 INFO c.h.h.t.HelmChartContainer - [hivemq-test-hivemq-platform] [hivemq-platform-operator] [e8d92505] 
2025-01-28 23:53:15,488 INFO c.h.h.t.HelmChartContainer - [hivemq-test-hivemq-platform] [hivemq-platform-operator] [e8d92505]   JAVA_VERSION: 21
2025-01-28 23:53:15,488 INFO c.h.h.t.HelmChartContainer - [hivemq-test-hivemq-platform] [hivemq-platform-operator] [e8d92505] 
2025-01-28 23:53:15,488 INFO c.h.h.t.HelmChartContainer - [hivemq-test-hivemq-platform] [hivemq-platform-operator] [e8d92505] -------------------------------------------------------------------------
2025-01-28 23:53:15,488 INFO c.h.h.t.HelmChartContainer - [hivemq-test-hivemq-platform] [hivemq-platform-operator] [e8d92505] 
2025-01-28 23:53:17,937 INFO c.h.h.t.HelmChartContainer - [hivemq-test-hivemq-platform] [hivemq-platform-operator] [e8d92505] 23:53:17.934 [main] DEBUG org.jboss.logging - Logging Provider: org.jboss.logging.Slf4jLoggerProvider
2025-01-28 23:53:18,039 INFO c.h.h.t.HelmChartContainer - [hivemq-test-hivemq-platform] [hivemq-platform-operator] [e8d92505] 23:53:18.038 [main] DEBUG io.smallrye.config - SRCFG01006: Loaded ConfigSource SysPropConfigSource with ordinal 400
2025-01-28 23:53:18,039 INFO c.h.h.t.HelmChartContainer - [hivemq-test-hivemq-platform] [hivemq-platform-operator] [e8d92505] 23:53:18.038 [main] DEBUG io.smallrye.config - SRCFG01006: Loaded ConfigSource EnvConfigSource with ordinal 300
2025-01-28 23:53:18,040 INFO c.h.h.t.HelmChartContainer - [hivemq-test-hivemq-platform] [hivemq-platform-operator] [e8d92505] 23:53:18.038 [main] DEBUG io.smallrye.config - SRCFG01006: Loaded ConfigSource PropertiesConfigSource[source=jar:file:///opt/hivemq-platform-operator/bin/hivemq-platform-operator.jar!/hivemq-platform-operator.properties] with ordinal 100
2025-01-28 23:53:18,040 INFO c.h.h.t.HelmChartContainer - [hivemq-test-hivemq-platform] [hivemq-platform-operator] [e8d92505] 23:53:18.038 [main] DEBUG io.smallrye.config - SRCFG01006: Loaded ConfigSource DefaultValuesConfigSource with ordinal -2147483648
2025-01-28 23:53:18,153 INFO c.h.h.t.HelmChartContainer - [hivemq-test-hivemq-platform] [hivemq-platform-operator] [e8d92505] 23:53:18.152 [main] DEBUG i.m.c.u.i.l.InternalLoggerFactory - Using SLF4J as the default logging framework
2025-01-28 23:53:18,256 INFO c.h.h.t.HelmChartContainer - [hivemq-test-hivemq-platform] [hivemq-platform-operator] [e8d92505] 23:53:18.250 [main] INFO  c.h.p.o.HiveMQPlatformOperatorApplication - HiveMQ Platform Operator 1.7.0-SNAPSHOT (commit: bebf408 on branch: HEAD) built on Sun Jan 26 20:47:47 UTC 2025
2025-01-28 23:53:18,257 INFO c.h.h.t.HelmChartContainer - [hivemq-test-hivemq-platform] [hivemq-platform-operator] [e8d92505] 23:53:18.256 [main] INFO  c.h.p.o.HiveMQPlatformOperatorApplication - HiveMQ Platform Operator is running in namespace: helminitcontainerit-operator
2025-01-28 23:53:18,257 INFO c.h.h.t.HelmChartContainer - [hivemq-test-hivemq-platform] [hivemq-platform-operator] [e8d92505] 23:53:18.256 [main] INFO  c.h.p.o.HiveMQPlatformOperatorApplication - Watching all namespaces
2025-01-28 23:53:18,257 INFO c.h.h.t.HelmChartContainer - [hivemq-test-hivemq-platform] [hivemq-platform-operator] [e8d92505] 23:53:18.256 [main] INFO  c.h.p.o.HiveMQPlatformOperatorApplication - Log level: DEBUG
2025-01-28 23:53:18,257 INFO c.h.h.t.HelmChartContainer - [hivemq-test-hivemq-platform] [hivemq-platform-operator] [e8d92505] 23:53:18.256 [main] INFO  c.h.p.o.HiveMQPlatformOperatorApplication - Release name: test-hivemq-platform-operator
2025-01-28 23:53:18,257 INFO c.h.h.t.HelmChartContainer - [hivemq-test-hivemq-platform] [hivemq-platform-operator] [e8d92505] 23:53:18.256 [main] INFO  c.h.p.o.HiveMQPlatformOperatorApplication - HiveMQ Platform Operator Init image: docker.io/hivemq/hivemq-platform-operator-init-test:snapshot
2025-01-28 23:53:18,257 INFO c.h.h.t.HelmChartContainer - [hivemq-test-hivemq-platform] [hivemq-platform-operator] [e8d92505] 23:53:18.256 [main] INFO  c.h.p.o.HiveMQPlatformOperatorApplication - HiveMQ Platform Operator Init App update URL: http://hivemq-platform-operator-test-hivemq-platform-operator.helminitcontainerit-operator.svc:8080/initAppUpdate/hivemq-platform-operator-init-app-1.7.0-SNAPSHOT.jar
2025-01-28 23:53:18,257 INFO c.h.h.t.HelmChartContainer - [hivemq-test-hivemq-platform] [hivemq-platform-operator] [e8d92505] 23:53:18.256 [main] INFO  c.h.p.o.HiveMQPlatformOperatorApplication - Additional imagePullSecret for all Platform deployments: none
2025-01-28 23:53:18,257 INFO c.h.h.t.HelmChartContainer - [hivemq-test-hivemq-platform] [hivemq-platform-operator] [e8d92505] 23:53:18.256 [main] INFO  c.h.p.o.HiveMQPlatformOperatorApplication - Apply HiveMQ Platform CRD: true
2025-01-28 23:53:18,257 INFO c.h.h.t.HelmChartContainer - [hivemq-test-hivemq-platform] [hivemq-platform-operator] [e8d92505] 23:53:18.256 [main] INFO  c.h.p.o.HiveMQPlatformOperatorApplication - Create Platform ServiceAccount: true
2025-01-28 23:53:18,258 INFO c.h.h.t.HelmChartContainer - [hivemq-test-hivemq-platform] [hivemq-platform-operator] [e8d92505] 23:53:18.256 [main] INFO  c.h.p.o.HiveMQPlatformOperatorApplication - Create Platform ServiceAccount permissions: true
2025-01-28 23:53:18,258 INFO c.h.h.t.HelmChartContainer - [hivemq-test-hivemq-platform] [hivemq-platform-operator] [e8d92505] 23:53:18.256 [main] INFO  c.h.p.o.HiveMQPlatformOperatorApplication - Validate Platform ServiceAccount: true
2025-01-28 23:53:18,258 INFO c.h.h.t.HelmChartContainer - [hivemq-test-hivemq-platform] [hivemq-platform-operator] [e8d92505] 23:53:18.256 [main] INFO  c.h.p.o.HiveMQPlatformOperatorApplication - Validate Platform ServiceAccount permissions: true
2025-01-28 23:53:18,439 INFO c.h.h.t.HelmChartContainer - [hivemq-test-hivemq-platform] [hivemq-platform-operator] [e8d92505] 23:53:18.438 [main] INFO  c.h.platform.operator.util.CRDUtil - Verifying deployed HiveMQ Platform CRD...
2025-01-28 23:53:20,939 INFO c.h.h.t.HelmChartContainer - [hivemq-test-hivemq-platform] [hivemq-platform-operator] [e8d92505] 23:53:20.938 [main] DEBUG c.h.platform.operator.util.CRDUtil - HiveMQ Platform CRD version v1 is up to date
2025-01-28 23:53:20,939 INFO c.h.h.t.HelmChartContainer - [hivemq-test-hivemq-platform] [hivemq-platform-operator] [e8d92505] 23:53:20.938 [main] INFO  c.h.platform.operator.util.CRDUtil - HiveMQ Platform CRD is up to date (version: V1_6_0)
2025-01-28 23:53:20,940 INFO c.h.h.t.HelmChartContainer - [hivemq-test-hivemq-platform] [hivemq-platform-operator] [e8d92505] 23:53:20.938 [main] INFO  c.h.platform.operator.util.CRDUtil - Waiting 10000 ms for HiveMQ Platform CRD 'hivemq-platforms.hivemq.com' to become ready...
2025-01-28 23:53:21,241 INFO c.h.h.t.HelmChartContainer - [hivemq-test-hivemq-platform] [hivemq-platform-operator] [e8d92505] 23:53:21.240 [vert.x-eventloop-thread-1] DEBUG c.h.platform.operator.util.CRDUtil - Checking CRD condition 'NamesAccepted' (status: 'True')
2025-01-28 23:53:21,243 INFO c.h.h.t.HelmChartContainer - [hivemq-test-hivemq-platform] [hivemq-platform-operator] [e8d92505] 23:53:21.241 [vert.x-eventloop-thread-1] DEBUG c.h.platform.operator.util.CRDUtil - Checking CRD condition 'Established' (status: 'True')
2025-01-28 23:53:21,243 INFO c.h.h.t.HelmChartContainer - [hivemq-test-hivemq-platform] [hivemq-platform-operator] [e8d92505] 23:53:21.241 [main] INFO  c.h.platform.operator.util.CRDUtil - HiveMQ Platform CRD 'hivemq-platforms.hivemq.com' is ready
2025-01-28 23:53:21,441 INFO c.h.h.t.HelmChartContainer - [hivemq-test-hivemq-platform] [hivemq-platform-operator] [e8d92505] 23:53:21.440 [main] INFO  c.h.p.o.HiveMQPlatformReconciler - HiveMQ Platform Operator is starting...
2025-01-28 23:53:21,546 INFO c.h.h.t.HelmChartContainer - [hivemq-test-hivemq-platform] [hivemq-platform-operator] [e8d92505] 23:53:21.545 [main] WARN  Default ConfigurationService implementation - Configuration for reconciler 'hivemq-controller' was not found. Known reconcilers: None.
2025-01-28 23:53:21,631 INFO c.h.h.t.HelmChartContainer - [hivemq-test-hivemq-platform] [hivemq-platform-operator] [e8d92505] 23:53:21.630 [main] INFO  Default ConfigurationService implementation - Created configuration for reconciler com.hivemq.platform.operator.HiveMQPlatformReconciler with name hivemq-controller
2025-01-28 23:53:21,740 INFO c.h.h.t.HelmChartContainer - [hivemq-test-hivemq-platform] [hivemq-platform-operator] [e8d92505] 23:53:21.738 [main] DEBUG c.h.p.o.HiveMQPlatformReconciler - HiveMQ Platform Operator is preparing EventSources
2025-01-28 23:53:21,802 INFO c.h.h.t.HelmChartContainer - [hivemq-test-hivemq-platform] [hivemq-platform-operator] [e8d92505] 23:53:21.801 [main] INFO  i.javaoperatorsdk.operator.Operator - Registered reconciler: 'hivemq-controller' for resource: 'class com.hivemq.platform.operator.v1.HiveMQPlatform' for namespace(s): [all namespaces]
2025-01-28 23:53:22,431 INFO c.h.h.t.HelmChartContainer - [hivemq-test-hivemq-platform] [hivemq-platform-operator] [e8d92505] 23:53:22.430 [main] INFO  c.h.p.operator.webserver.JettyServer - Starting Jetty server on port 8080
2025-01-28 23:53:22,530 INFO c.h.h.t.HelmChartContainer - [hivemq-test-hivemq-platform] [hivemq-platform-operator] [e8d92505] 23:53:22.529 [main] INFO  i.javaoperatorsdk.operator.Operator - Operator SDK 4.9.7 (commit: 2133d28) built on Wed Nov 20 12:56:20 UTC 2024 starting...
2025-01-28 23:53:22,530 INFO c.h.h.t.HelmChartContainer - [hivemq-test-hivemq-platform] [hivemq-platform-operator] [e8d92505] 23:53:22.529 [main] INFO  i.javaoperatorsdk.operator.Operator - Client version: 6.13.4
2025-01-28 23:53:22,532 INFO c.h.h.t.HelmChartContainer - [hivemq-test-hivemq-platform] [hivemq-platform-operator] [e8d92505] 23:53:22.531 [Controller Starter for: hivemq-controller] INFO  i.j.operator.processing.Controller - Starting 'hivemq-controller' controller for reconciler: com.hivemq.platform.operator.HiveMQPlatformReconciler, resource: com.hivemq.platform.operator.v1.HiveMQPlatform
2025-01-28 23:53:24,831 INFO c.h.h.t.HelmChartContainer - [hivemq-test-hivemq-platform] [hivemq-platform-operator] [e8d92505] 23:53:24.830 [Controller Starter for: hivemq-controller] INFO  i.j.operator.processing.Controller - 'hivemq-controller' controller started
2025-01-28 23:53:24,832 INFO c.h.h.t.HelmChartContainer - [hivemq-test-hivemq-platform] [hivemq-platform-operator] [e8d92505] 23:53:24.831 [main] INFO  c.h.p.o.HiveMQPlatformOperatorApplication - HiveMQ Platform Operator 1.7.0-SNAPSHOT started in 6580 ms
2025-01-28 23:53:26,483 INFO c.h.h.t.HelmChartContainer - [POD] hivemq-test-hivemq-platform-operator-6966f96d65-mxxqt [e8d92505-dad9-47eb-bf62-acb840f09ae1] in helminitcontainerit-operator was MODIFIED
2025-01-28 23:53:26,490 INFO c.h.h.t.HelmChartContainer - [K3S] [replica_set.go:679] "Finished syncing" kind="ReplicaSet" key="helminitcontainerit-operator/hivemq-test-hivemq-platform-operator-6966f96d65" duration="10.43676ms"
2025-01-28 23:53:26,490 INFO c.h.h.t.HelmChartContainer - [K3S] [replica_set.go:679] "Finished syncing" kind="ReplicaSet" key="helminitcontainerit-operator/hivemq-test-hivemq-platform-operator-6966f96d65" duration="39.955µs"
2025-01-28 23:53:27,178 DEBUG c.h.h.t.HelmChartContainer - Executing helm command: /bin/helm --kubeconfig /etc/rancher/k3s/k3s.yaml install test-hivemq-platform /charts/hivemq-platform --wait --timeout 5m0s --set image.repository=docker.io/hivemq --set image.tag=4.36.0 --set image.pullPolicy=Never --set nodes.resources.cpu=512m --set-file config.overrideInitContainers=/files/init-containers-spec.yaml -f /files/init-container-additional-volumes-values.yaml --namespace helminitcontainerit
2025-01-28 23:53:27,529 INFO c.h.h.t.HelmChartContainer - [hivemq-test-hivemq-platform] [hivemq-platform-operator] [e8d92505] 23:53:27.528 [-373097727-pool-1-thread-3] WARN  i.m.p.PrometheusMeterRegistry - The meter (MeterId{name='operator.sdk.events.received', tags=[tag(action=ADDED),tag(event=ResourceEvent),tag(group=hivemq.com),tag(kind=HiveMQPlatform),tag(name=test-hivemq-platform),tag(namespace=helminitcontainerit),tag(scope=namespace),tag(version=v1)]}) registration has failed: Prometheus requires that all meters with the same name have the same set of tag keys. There is already an existing meter named 'operator.sdk.events.received' containing tag keys [event, group, kind, name, namespace, scope, version]. The meter you are attempting to register has keys [action, event, group, kind, name, namespace, scope, version]. Note that subsequent logs will be logged at debug level.
2025-01-28 23:53:27,909 INFO c.h.h.t.HelmChartContainer - [hivemq-test-hivemq-platform] [hivemq-platform-operator] [e8d92505] 23:53:27.908 [pool-6-thread-3] DEBUG c.h.p.o.dependants.PodInfoConfigMap - [helminit] Desired PodInfo ConfigMap (1 extensions) (1 enabled)
2025-01-28 23:53:27,910 INFO c.h.h.t.HelmChartContainer - [hivemq-test-hivemq-platform] [hivemq-platform-operator] [e8d92505] 23:53:27.909 [pool-6-thread-3] DEBUG c.h.p.o.dependants.PodInfoConfigMap - [helminit] Desired PodInfo ConfigMap (metrics port: 9399) (metrics path: /)
2025-01-28 23:53:27,910 INFO c.h.h.t.HelmChartContainer - [hivemq-test-hivemq-platform] [hivemq-platform-operator] [e8d92505] 23:53:27.909 [pool-6-thread-3] DEBUG c.h.p.o.dependants.PodInfoConfigMap - [helminit] Desired PodInfo ConfigMap (extension state hash: -1817474005)
2025-01-28 23:53:27,911 INFO c.h.h.t.HelmChartContainer - [hivemq-test-hivemq-platform] [hivemq-platform-operator] [e8d92505] 23:53:27.910 [pool-6-thread-3] DEBUG c.h.p.o.dependants.PodInfoConfigMap - [helminit] Create PodInfo ConfigMap
2025-01-28 23:53:28,037 INFO c.h.h.t.HelmChartContainer - [hivemq-test-hivemq-platform] [hivemq-platform-operator] [e8d92505] 23:53:28.034 [pool-6-thread-5] DEBUG c.h.p.o.dependants.PodRoleResource - [helminit] Create Role: Role(apiVersion=rbac.authorization.k8s.io/v1, kind=Role, metadata=ObjectMeta(annotations={meta.helm.sh/release-name=test-hivemq-platform, meta.helm.sh/release-namespace=helminitcontainerit}, creationTimestamp=null, deletionGracePeriodSeconds=null, deletionTimestamp=null, finalizers=[], generateName=null, generation=null, labels={helm.sh/chart=hivemq-platform-0.2.32, app.kubernetes.io/managed-by=Helm, app.kubernetes.io/name=hivemq-platform, hivemq-platform=test-hivemq-platform, app.kubernetes.io/instance=test-hivemq-platform, app.kubernetes.io/version=4.36.0}, managedFields=[], name=hivemq-platform-role-test-hivemq-platform, namespace=helminitcontainerit, ownerReferences=[OwnerReference(apiVersion=hivemq.com/v1, blockOwnerDeletion=null, controller=null, kind=HiveMQPlatform, name=test-hivemq-platform, uid=631575a1-b775-4c80-893d-64eb90ab6931, additionalProperties={})], resourceVersion=null, selfLink=null, uid=null, additionalProperties={}), rules=[PolicyRule(apiGroups=[], nonResourceURLs=[], resourceNames=[], resources=[pods], verbs=[get, patch, update], additionalProperties={})], additionalProperties={})
2025-01-28 23:53:28,139 INFO c.h.h.t.HelmChartContainer - [hivemq-test-hivemq-platform] [hivemq-platform-operator] [e8d92505] 23:53:28.137 [pool-6-thread-7] DEBUG c.h.p.o.d.PodServiceAccountResource - [helminit] Desired PodServiceAccountResource (serviceAccountName: hivemq-platform-pod-test-hivemq-platform)
2025-01-28 23:53:28,139 INFO c.h.h.t.HelmChartContainer - [hivemq-test-hivemq-platform] [hivemq-platform-operator] [e8d92505] 23:53:28.138 [pool-6-thread-7] DEBUG c.h.p.o.d.PodServiceAccountResource - [helminit] Create ServiceAccount 'hivemq-platform-pod-test-hivemq-platform'
2025-01-28 23:53:28,331 INFO c.h.h.t.HelmChartContainer - [hivemq-test-hivemq-platform] [hivemq-platform-operator] [e8d92505] 23:53:28.329 [pool-6-thread-10] DEBUG c.h.p.o.d.PodRoleBindingResource - [helminit] Create RoleBinding: RoleBinding(apiVersion=rbac.authorization.k8s.io/v1, kind=RoleBinding, metadata=ObjectMeta(annotations={meta.helm.sh/release-name=test-hivemq-platform, meta.helm.sh/release-namespace=helminitcontainerit}, creationTimestamp=null, deletionGracePeriodSeconds=null, deletionTimestamp=null, finalizers=[], generateName=null, generation=null, labels={helm.sh/chart=hivemq-platform-0.2.32, app.kubernetes.io/managed-by=Helm, app.kubernetes.io/name=hivemq-platform, hivemq-platform=test-hivemq-platform, app.kubernetes.io/instance=test-hivemq-platform, app.kubernetes.io/version=4.36.0}, managedFields=[], name=hivemq-platform-role-binding-test-hivemq-platform, namespace=helminitcontainerit, ownerReferences=[OwnerReference(apiVersion=hivemq.com/v1, blockOwnerDeletion=null, controller=null, kind=HiveMQPlatform, name=test-hivemq-platform, uid=631575a1-b775-4c80-893d-64eb90ab6931, additionalProperties={})], resourceVersion=null, selfLink=null, uid=null, additionalProperties={}), roleRef=RoleRef(apiGroup=rbac.authorization.k8s.io, kind=Role, name=hivemq-platform-role-test-hivemq-platform, additionalProperties={}), subjects=[Subject(apiGroup=null, kind=ServiceAccount, name=hivemq-platform-pod-test-hivemq-platform, namespace=helminitcontainerit, additionalProperties={})], additionalProperties={})
2025-01-28 23:53:28,404 INFO c.h.h.t.HelmChartContainer - [hivemq-test-hivemq-platform] [hivemq-platform-operator] [e8d92505] 23:53:28.402 [ReconcilerExecutor-hivemq-controller-53] INFO  c.h.p.o.HiveMQPlatformReconciler - [helminit] Reconciling HiveMQ Platform 'test-hivemq-platform' in namespace 'helminitcontainerit'
2025-01-28 23:53:28,404 INFO c.h.h.t.HelmChartContainer - [hivemq-test-hivemq-platform] [hivemq-platform-operator] [e8d92505] 23:53:28.402 [ReconcilerExecutor-hivemq-controller-53] DEBUG c.h.p.o.HiveMQPlatformReconciler - [helminit] Custom Resource Status CREATED - HiveMQ Platform was created (READY)
2025-01-28 23:53:28,404 INFO c.h.h.t.HelmChartContainer - [hivemq-test-hivemq-platform] [hivemq-platform-operator] [e8d92505] 23:53:28.402 [ReconcilerExecutor-hivemq-controller-53] DEBUG c.h.p.o.HiveMQPlatformReconciler - [helminit] Custom Resource Spec (replicas: 1) (extensions: 1)
2025-01-28 23:53:28,430 INFO c.h.h.t.HelmChartContainer - [hivemq-test-hivemq-platform] [hivemq-platform-operator] [e8d92505] 23:53:28.429 [ReconcilerExecutor-hivemq-controller-53] INFO  c.h.p.o.h.HiveMQPlatformReconcilerBaseHandler - [helminit] HiveMQ Platform is starting
2025-01-28 23:53:28,539 INFO c.h.h.t.HelmChartContainer - [hivemq-test-hivemq-platform] [hivemq-platform-operator] [e8d92505] 23:53:28.538 [ReconcilerExecutor-hivemq-controller-53] DEBUG c.h.p.operator.event.EventSender - [helminit] Creating K8s event hivemq-platform-starting: [Start] HiveMQ Platform is starting
2025-01-28 23:53:28,605 INFO c.h.h.t.HelmChartContainer - [EVENT] Normal [Start] HiveMQ Platform is starting [helminitcontainerit:test-hivemq-platform]
2025-01-28 23:53:28,609 INFO c.h.h.t.HelmChartContainer - [hivemq-test-hivemq-platform] [hivemq-platform-operator] [e8d92505] 23:53:28.608 [ReconcilerExecutor-hivemq-controller-53] INFO  c.h.p.o.h.AbstractHiveMQReconcilerStateHandler - [helminit] Update HiveMQ Platform Status (CREATED [READY] -> STARTING [READY]): HiveMQ Platform is starting
2025-01-28 23:53:28,641 DEBUG com.hivemq.helmcharts.util.K8sUtil - Comparing actual state 'STARTING' and waiting for 'RUNNING'
2025-01-28 23:53:38,737 INFO c.h.h.t.HelmChartContainer - [hivemq-test-hivemq-platform] [hivemq-platform-operator] [e8d92505] 23:53:38.732 [pool-6-thread-12] DEBUG c.h.p.o.d.PlatformServiceResource - [helminit] Desired Platform services (3 services)
2025-01-28 23:53:38,737 INFO c.h.h.t.HelmChartContainer - [hivemq-test-hivemq-platform] [hivemq-platform-operator] [e8d92505] 23:53:38.734 [pool-6-thread-13] DEBUG c.h.p.o.dependants.PodInfoConfigMap - [helminit] Desired PodInfo ConfigMap (1 extensions) (1 enabled)
2025-01-28 23:53:38,737 INFO c.h.h.t.HelmChartContainer - [hivemq-test-hivemq-platform] [hivemq-platform-operator] [e8d92505] 23:53:38.734 [pool-6-thread-13] DEBUG c.h.p.o.dependants.PodInfoConfigMap - [helminit] Desired PodInfo ConfigMap (metrics port: 9399) (metrics path: /)
2025-01-28 23:53:38,737 INFO c.h.h.t.HelmChartContainer - [hivemq-test-hivemq-platform] [hivemq-platform-operator] [e8d92505] 23:53:38.734 [pool-6-thread-13] DEBUG c.h.p.o.dependants.PodInfoConfigMap - [helminit] Desired PodInfo ConfigMap (extension state hash: -1817474005)
2025-01-28 23:53:38,739 INFO c.h.h.t.HelmChartContainer - [hivemq-test-hivemq-platform] [hivemq-platform-operator] [e8d92505] 23:53:38.738 [pool-6-thread-13] DEBUG c.h.p.o.dependants.PodInfoConfigMap - [helminit] Update PodInfo ConfigMap
2025-01-28 23:53:38,741 INFO c.h.h.t.HelmChartContainer - [hivemq-test-hivemq-platform] [hivemq-platform-operator] [e8d92505] 23:53:38.739 [pool-6-thread-17] DEBUG c.h.p.o.d.PodServiceAccountResource - [helminit] Desired PodServiceAccountResource (serviceAccountName: hivemq-platform-pod-test-hivemq-platform)
2025-01-28 23:53:38,840 INFO c.h.h.t.HelmChartContainer - [K3S] [alloc.go:330] "allocated clusterIPs" service="helminitcontainerit/hivemq-test-hivemq-platform-cc-8080" clusterIPs={"IPv4":"10.43.233.223"}
2025-01-28 23:53:38,855 INFO c.h.h.t.HelmChartContainer - [K3S] [alloc.go:330] "allocated clusterIPs" service="helminitcontainerit/hivemq-test-hivemq-platform-metrics-9399" clusterIPs={"IPv4":"10.43.153.150"}
2025-01-28 23:53:38,936 INFO c.h.h.t.HelmChartContainer - [K3S] [alloc.go:330] "allocated clusterIPs" service="helminitcontainerit/hivemq-test-hivemq-platform-mqtt-1883" clusterIPs={"IPv4":"10.43.72.81"}
2025-01-28 23:53:38,944 INFO c.h.h.t.HelmChartContainer - [hivemq-test-hivemq-platform] [hivemq-platform-operator] [e8d92505] 23:53:38.943 [pool-6-thread-20] DEBUG c.h.p.o.d.StatefulSetResource - [helminit] Desired StatefulSet (1 replicas) for status STARTING (READY)
2025-01-28 23:53:39,037 INFO c.h.h.t.HelmChartContainer - [hivemq-test-hivemq-platform] [hivemq-platform-operator] [e8d92505] 23:53:39.036 [pool-6-thread-20] DEBUG c.h.p.o.d.StatefulSetResource - [helminit] Create StatefulSet
2025-01-28 23:53:39,061 INFO c.h.h.t.HelmChartContainer - [POD] test-hivemq-platform-0 [a705c841-4412-43cb-87c1-8ea948552249] in helminitcontainerit was ADDED
2025-01-28 23:53:39,062 INFO c.h.h.t.HelmChartContainer - [EVENT] Normal [SuccessfulCreate] create Pod test-hivemq-platform-0 in StatefulSet test-hivemq-platform successful [helminitcontainerit:test-hivemq-platform]
2025-01-28 23:53:39,066 INFO c.h.h.t.HelmChartContainer - [POD] test-hivemq-platform-0 [a705c841-4412-43cb-87c1-8ea948552249] in helminitcontainerit was MODIFIED
2025-01-28 23:53:39,068 INFO c.h.h.t.HelmChartContainer - [EVENT] Normal [Scheduled] Successfully assigned helminitcontainerit/test-hivemq-platform-0 to fa4611d197e6 [helminitcontainerit:test-hivemq-platform-0]
2025-01-28 23:53:39,075 INFO c.h.h.t.HelmChartContainer - [POD] test-hivemq-platform-0 [a705c841-4412-43cb-87c1-8ea948552249] in helminitcontainerit was MODIFIED
2025-01-28 23:53:39,184 INFO c.h.h.t.HelmChartContainer - [K3S] [reconciler_common.go:251] "operationExecutor.VerifyControllerAttachedVolume started for volume \"pod-info\" (UniqueName: \"kubernetes.io/configmap/a705c841-4412-43cb-87c1-8ea948552249-pod-info\") pod \"test-hivemq-platform-0\" (UID: \"a705c841-4412-43cb-87c1-8ea948552249\") " pod="helminitcontainerit/test-hivemq-platform-0"
2025-01-28 23:53:39,184 INFO c.h.h.t.HelmChartContainer - [K3S] [reconciler_common.go:251] "operationExecutor.VerifyControllerAttachedVolume started for volume \"operator-init\" (UniqueName: \"kubernetes.io/empty-dir/a705c841-4412-43cb-87c1-8ea948552249-operator-init\") pod \"test-hivemq-platform-0\" (UID: \"a705c841-4412-43cb-87c1-8ea948552249\") " pod="helminitcontainerit/test-hivemq-platform-0"
2025-01-28 23:53:39,184 INFO c.h.h.t.HelmChartContainer - [K3S] [reconciler_common.go:251] "operationExecutor.VerifyControllerAttachedVolume started for volume \"kube-api-access-m56cm\" (UniqueName: \"kubernetes.io/projected/a705c841-4412-43cb-87c1-8ea948552249-kube-api-access-m56cm\") pod \"test-hivemq-platform-0\" (UID: \"a705c841-4412-43cb-87c1-8ea948552249\") " pod="helminitcontainerit/test-hivemq-platform-0"
2025-01-28 23:53:39,184 INFO c.h.h.t.HelmChartContainer - [K3S] [reconciler_common.go:251] "operationExecutor.VerifyControllerAttachedVolume started for volume \"broker-configuration\" (UniqueName: \"kubernetes.io/configmap/a705c841-4412-43cb-87c1-8ea948552249-broker-configuration\") pod \"test-hivemq-platform-0\" (UID: \"a705c841-4412-43cb-87c1-8ea948552249\") " pod="helminitcontainerit/test-hivemq-platform-0"
2025-01-28 23:53:39,184 INFO c.h.h.t.HelmChartContainer - [K3S] [reconciler_common.go:251] "operationExecutor.VerifyControllerAttachedVolume started for volume \"init-container-volume\" (UniqueName: \"kubernetes.io/empty-dir/a705c841-4412-43cb-87c1-8ea948552249-init-container-volume\") pod \"test-hivemq-platform-0\" (UID: \"a705c841-4412-43cb-87c1-8ea948552249\") " pod="helminitcontainerit/test-hivemq-platform-0"
2025-01-28 23:53:39,231 INFO c.h.h.t.HelmChartContainer - [hivemq-test-hivemq-platform] [hivemq-platform-operator] [e8d92505] 23:53:39.228 [ReconcilerExecutor-hivemq-controller-65] INFO  c.h.p.o.HiveMQPlatformReconciler - [helminit] Reconciling HiveMQ Platform 'test-hivemq-platform' in namespace 'helminitcontainerit'
2025-01-28 23:53:39,231 INFO c.h.h.t.HelmChartContainer - [hivemq-test-hivemq-platform] [hivemq-platform-operator] [e8d92505] 23:53:39.228 [ReconcilerExecutor-hivemq-controller-65] DEBUG c.h.p.o.HiveMQPlatformReconciler - [helminit] Custom Resource Status STARTING - HiveMQ Platform is starting (READY)
2025-01-28 23:53:39,231 INFO c.h.h.t.HelmChartContainer - [hivemq-test-hivemq-platform] [hivemq-platform-operator] [e8d92505] 23:53:39.228 [ReconcilerExecutor-hivemq-controller-65] DEBUG c.h.p.o.HiveMQPlatformReconciler - [helminit] Custom Resource Spec (replicas: 1) (extensions: 1)
2025-01-28 23:53:39,233 INFO c.h.h.t.HelmChartContainer - [hivemq-test-hivemq-platform] [hivemq-platform-operator] [e8d92505] 23:53:39.232 [ReconcilerExecutor-hivemq-controller-65] DEBUG c.h.p.o.HiveMQPlatformReconciler - [helminit] StatefulSet Status (revision: test-hivemq-platform-bdc69c5dd, replicas: 1, available: 0, ready: 0, current: 1, updated: 1)
2025-01-28 23:53:39,233 INFO c.h.h.t.HelmChartContainer - [hivemq-test-hivemq-platform] [hivemq-platform-operator] [e8d92505] 23:53:39.232 [ReconcilerExecutor-hivemq-controller-65] DEBUG c.h.p.o.HiveMQPlatformReconciler - [helminit] StatefulSet Spec (replicas: 1, init containers: 2, containers: 1, volumes: 4)
2025-01-28 23:53:39,330 INFO c.h.h.t.HelmChartContainer - [hivemq-test-hivemq-platform] [hivemq-platform-operator] [e8d92505] 23:53:39.328 [ReconcilerExecutor-hivemq-controller-65] DEBUG c.h.p.o.h.HiveMQPlatformReconcilerErrorHandler - [helminit] Pod 'test-hivemq-platform-0' phase Pending
2025-01-28 23:53:39,331 INFO c.h.h.t.HelmChartContainer - [hivemq-test-hivemq-platform] [hivemq-platform-operator] [e8d92505] 23:53:39.329 [ReconcilerExecutor-hivemq-controller-65] DEBUG c.h.p.o.h.HiveMQPlatformReconcilerErrorHandler - [helminit] Pod 'test-hivemq-platform-0' condition 'PodReadyToStartContainers': False
2025-01-28 23:53:39,331 INFO c.h.h.t.HelmChartContainer - [hivemq-test-hivemq-platform] [hivemq-platform-operator] [e8d92505] 23:53:39.329 [ReconcilerExecutor-hivemq-controller-65] DEBUG c.h.p.o.h.HiveMQPlatformReconcilerErrorHandler - [helminit] Pod 'test-hivemq-platform-0' condition 'Initialized': False
2025-01-28 23:53:39,331 INFO c.h.h.t.HelmChartContainer - [hivemq-test-hivemq-platform] [hivemq-platform-operator] [e8d92505] 23:53:39.329 [ReconcilerExecutor-hivemq-controller-65] DEBUG c.h.p.o.h.HiveMQPlatformReconcilerErrorHandler - [helminit] Pod 'test-hivemq-platform-0' condition 'Ready': False
2025-01-28 23:53:39,331 INFO c.h.h.t.HelmChartContainer - [hivemq-test-hivemq-platform] [hivemq-platform-operator] [e8d92505] 23:53:39.329 [ReconcilerExecutor-hivemq-controller-65] DEBUG c.h.p.o.h.HiveMQPlatformReconcilerErrorHandler - [helminit] Pod 'test-hivemq-platform-0' condition 'ContainersReady': False
2025-01-28 23:53:39,331 INFO c.h.h.t.HelmChartContainer - [hivemq-test-hivemq-platform] [hivemq-platform-operator] [e8d92505] 23:53:39.329 [ReconcilerExecutor-hivemq-controller-65] DEBUG c.h.p.o.h.HiveMQPlatformReconcilerErrorHandler - [helminit] Pod 'test-hivemq-platform-0' condition 'PodScheduled': True
2025-01-28 23:53:39,331 INFO c.h.h.t.HelmChartContainer - [hivemq-test-hivemq-platform] [hivemq-platform-operator] [e8d92505] 23:53:39.330 [ReconcilerExecutor-hivemq-controller-65] DEBUG c.h.p.o.h.HiveMQPlatformReconcilerErrorHandler - [helminit] Pod 'test-hivemq-platform-0' containerStatus 'hivemq' (started: false) (ready: false) (waiting: [PodInitializing] null)
2025-01-28 23:53:39,333 INFO c.h.h.t.HelmChartContainer - [hivemq-test-hivemq-platform] [hivemq-platform-operator] [e8d92505] 23:53:39.332 [ReconcilerExecutor-hivemq-controller-65] INFO  c.h.p.o.h.HiveMQPlatformReconcilerBaseHandler - [helminit] HiveMQ Platform is starting, 0 of 1 replicas are ready
2025-01-28 23:53:39,339 INFO c.h.h.t.HelmChartContainer - [hivemq-test-hivemq-platform] [hivemq-platform-operator] [e8d92505] 23:53:39.337 [pool-6-thread-22] DEBUG c.h.p.o.d.PlatformServiceResource - [helminit] Desired Platform services (3 services)
2025-01-28 23:53:39,340 INFO c.h.h.t.HelmChartContainer - [hivemq-test-hivemq-platform] [hivemq-platform-operator] [e8d92505] 23:53:39.338 [pool-6-thread-23] DEBUG c.h.p.o.dependants.PodInfoConfigMap - [helminit] Desired PodInfo ConfigMap (1 extensions) (1 enabled)
2025-01-28 23:53:39,340 INFO c.h.h.t.HelmChartContainer - [hivemq-test-hivemq-platform] [hivemq-platform-operator] [e8d92505] 23:53:39.339 [pool-6-thread-23] DEBUG c.h.p.o.dependants.PodInfoConfigMap - [helminit] Desired PodInfo ConfigMap (metrics port: 9399) (metrics path: /)
2025-01-28 23:53:39,340 INFO c.h.h.t.HelmChartContainer - [hivemq-test-hivemq-platform] [hivemq-platform-operator] [e8d92505] 23:53:39.339 [pool-6-thread-23] DEBUG c.h.p.o.dependants.PodInfoConfigMap - [helminit] Desired PodInfo ConfigMap (extension state hash: -1817474005)
2025-01-28 23:53:39,432 INFO c.h.h.t.HelmChartContainer - [hivemq-test-hivemq-platform] [hivemq-platform-operator] [e8d92505] 23:53:39.430 [pool-6-thread-27] DEBUG c.h.p.o.d.PodServiceAccountResource - [helminit] Desired PodServiceAccountResource (serviceAccountName: hivemq-platform-pod-test-hivemq-platform)
2025-01-28 23:53:39,439 INFO c.h.h.t.HelmChartContainer - [hivemq-test-hivemq-platform] [hivemq-platform-operator] [e8d92505] 23:53:39.436 [pool-6-thread-30] DEBUG c.h.p.o.d.StatefulSetResource - [helminit] Desired StatefulSet (1 replicas) for status STARTING (READY)
2025-01-28 23:53:39,458 INFO c.h.h.t.HelmChartContainer - [EVENT] Normal [Pulling] Pulling image "busybox" [helminitcontainerit:test-hivemq-platform-0]
2025-01-28 23:53:39,530 INFO c.h.h.t.HelmChartContainer - [hivemq-test-hivemq-platform] [hivemq-platform-operator] [e8d92505] 23:53:39.528 [ReconcilerExecutor-hivemq-controller-76] INFO  c.h.p.o.HiveMQPlatformReconciler - [helminit] Reconciling HiveMQ Platform 'test-hivemq-platform' in namespace 'helminitcontainerit'
2025-01-28 23:53:39,530 INFO c.h.h.t.HelmChartContainer - [hivemq-test-hivemq-platform] [hivemq-platform-operator] [e8d92505] 23:53:39.528 [ReconcilerExecutor-hivemq-controller-76] DEBUG c.h.p.o.HiveMQPlatformReconciler - [helminit] Custom Resource Status STARTING - HiveMQ Platform is starting (READY)
2025-01-28 23:53:39,530 INFO c.h.h.t.HelmChartContainer - [hivemq-test-hivemq-platform] [hivemq-platform-operator] [e8d92505] 23:53:39.529 [ReconcilerExecutor-hivemq-controller-76] DEBUG c.h.p.o.HiveMQPlatformReconciler - [helminit] Custom Resource Spec (replicas: 1) (extensions: 1)
2025-01-28 23:53:39,533 INFO c.h.h.t.HelmChartContainer - [hivemq-test-hivemq-platform] [hivemq-platform-operator] [e8d92505] 23:53:39.531 [ReconcilerExecutor-hivemq-controller-76] DEBUG c.h.p.o.HiveMQPlatformReconciler - [helminit] StatefulSet Status (revision: test-hivemq-platform-bdc69c5dd, replicas: 1, available: 0, ready: 0, current: 1, updated: 1)
2025-01-28 23:53:39,533 INFO c.h.h.t.HelmChartContainer - [hivemq-test-hivemq-platform] [hivemq-platform-operator] [e8d92505] 23:53:39.532 [ReconcilerExecutor-hivemq-controller-76] DEBUG c.h.p.o.HiveMQPlatformReconciler - [helminit] StatefulSet Spec (replicas: 1, init containers: 2, containers: 1, volumes: 4)
2025-01-28 23:53:39,534 INFO c.h.h.t.HelmChartContainer - [hivemq-test-hivemq-platform] [hivemq-platform-operator] [e8d92505] 23:53:39.534 [ReconcilerExecutor-hivemq-controller-76] DEBUG c.h.p.o.h.HiveMQPlatformReconcilerErrorHandler - [helminit] Pod 'test-hivemq-platform-0' phase Pending
2025-01-28 23:53:39,535 INFO c.h.h.t.HelmChartContainer - [hivemq-test-hivemq-platform] [hivemq-platform-operator] [e8d92505] 23:53:39.534 [ReconcilerExecutor-hivemq-controller-76] DEBUG c.h.p.o.h.HiveMQPlatformReconcilerErrorHandler - [helminit] Pod 'test-hivemq-platform-0' condition 'PodReadyToStartContainers': False
2025-01-28 23:53:39,535 INFO c.h.h.t.HelmChartContainer - [hivemq-test-hivemq-platform] [hivemq-platform-operator] [e8d92505] 23:53:39.534 [ReconcilerExecutor-hivemq-controller-76] DEBUG c.h.p.o.h.HiveMQPlatformReconcilerErrorHandler - [helminit] Pod 'test-hivemq-platform-0' condition 'Initialized': False
2025-01-28 23:53:39,535 INFO c.h.h.t.HelmChartContainer - [hivemq-test-hivemq-platform] [hivemq-platform-operator] [e8d92505] 23:53:39.534 [ReconcilerExecutor-hivemq-controller-76] DEBUG c.h.p.o.h.HiveMQPlatformReconcilerErrorHandler - [helminit] Pod 'test-hivemq-platform-0' condition 'Ready': False
2025-01-28 23:53:39,535 INFO c.h.h.t.HelmChartContainer - [hivemq-test-hivemq-platform] [hivemq-platform-operator] [e8d92505] 23:53:39.534 [ReconcilerExecutor-hivemq-controller-76] DEBUG c.h.p.o.h.HiveMQPlatformReconcilerErrorHandler - [helminit] Pod 'test-hivemq-platform-0' condition 'ContainersReady': False
2025-01-28 23:53:39,536 INFO c.h.h.t.HelmChartContainer - [hivemq-test-hivemq-platform] [hivemq-platform-operator] [e8d92505] 23:53:39.534 [ReconcilerExecutor-hivemq-controller-76] DEBUG c.h.p.o.h.HiveMQPlatformReconcilerErrorHandler - [helminit] Pod 'test-hivemq-platform-0' condition 'PodScheduled': True
2025-01-28 23:53:39,536 INFO c.h.h.t.HelmChartContainer - [hivemq-test-hivemq-platform] [hivemq-platform-operator] [e8d92505] 23:53:39.534 [ReconcilerExecutor-hivemq-controller-76] DEBUG c.h.p.o.h.HiveMQPlatformReconcilerErrorHandler - [helminit] Pod 'test-hivemq-platform-0' containerStatus 'hivemq' (started: false) (ready: false) (waiting: [PodInitializing] null)
2025-01-28 23:53:39,536 INFO c.h.h.t.HelmChartContainer - [hivemq-test-hivemq-platform] [hivemq-platform-operator] [e8d92505] 23:53:39.535 [ReconcilerExecutor-hivemq-controller-76] INFO  c.h.p.o.h.HiveMQPlatformReconcilerBaseHandler - [helminit] HiveMQ Platform is starting, 0 of 1 replicas are ready
2025-01-28 23:53:40,155 INFO c.h.h.t.HelmChartContainer - [EVENT] Normal [Pulled] Successfully pulled image "busybox" in 696ms (696ms including waiting). Image size: 2167089 bytes. [helminitcontainerit:test-hivemq-platform-0]
2025-01-28 23:53:40,160 INFO c.h.h.t.HelmChartContainer - [EVENT] Normal [Created] Created container: test-init-container [helminitcontainerit:test-hivemq-platform-0]
2025-01-28 23:53:40,196 INFO c.h.h.t.HelmChartContainer - [EVENT] Normal [Started] Started container test-init-container [helminitcontainerit:test-hivemq-platform-0]
2025-01-28 23:53:40,513 INFO c.h.h.t.HelmChartContainer - [POD] test-hivemq-platform-0 [a705c841-4412-43cb-87c1-8ea948552249] in helminitcontainerit was MODIFIED
2025-01-28 23:53:40,542 INFO c.h.h.t.HelmChartContainer - [hivemq-test-hivemq-platform] [hivemq-platform-operator] [e8d92505] 23:53:40.526 [pool-6-thread-32] DEBUG c.h.p.o.d.PlatformServiceResource - [helminit] Desired Platform services (3 services)
2025-01-28 23:53:40,542 INFO c.h.h.t.HelmChartContainer - [hivemq-test-hivemq-platform] [hivemq-platform-operator] [e8d92505] 23:53:40.530 [pool-6-thread-33] DEBUG c.h.p.o.dependants.PodInfoConfigMap - [helminit] Desired PodInfo ConfigMap (1 extensions) (1 enabled)
2025-01-28 23:53:40,542 INFO c.h.h.t.HelmChartContainer - [hivemq-test-hivemq-platform] [hivemq-platform-operator] [e8d92505] 23:53:40.531 [pool-6-thread-33] DEBUG c.h.p.o.dependants.PodInfoConfigMap - [helminit] Desired PodInfo ConfigMap (metrics port: 9399) (metrics path: /)
2025-01-28 23:53:40,542 INFO c.h.h.t.HelmChartContainer - [hivemq-test-hivemq-platform] [hivemq-platform-operator] [e8d92505] 23:53:40.531 [pool-6-thread-33] DEBUG c.h.p.o.dependants.PodInfoConfigMap - [helminit] Desired PodInfo ConfigMap (extension state hash: -1817474005)
2025-01-28 23:53:40,542 INFO c.h.h.t.HelmChartContainer - [hivemq-test-hivemq-platform] [hivemq-platform-operator] [e8d92505] 23:53:40.536 [pool-6-thread-37] DEBUG c.h.p.o.d.PodServiceAccountResource - [helminit] Desired PodServiceAccountResource (serviceAccountName: hivemq-platform-pod-test-hivemq-platform)
2025-01-28 23:53:40,602 INFO c.h.h.t.HelmChartContainer - [hivemq-test-hivemq-platform] [hivemq-platform-operator] [e8d92505] 23:53:40.601 [pool-6-thread-39] DEBUG c.h.p.o.d.StatefulSetResource - [helminit] Desired StatefulSet (1 replicas) for status STARTING (READY)
2025-01-28 23:53:40,630 INFO c.h.h.t.HelmChartContainer - [hivemq-test-hivemq-platform] [hivemq-platform-operator] [e8d92505] 23:53:40.629 [ReconcilerExecutor-hivemq-controller-87] INFO  c.h.p.o.HiveMQPlatformReconciler - [helminit] Reconciling HiveMQ Platform 'test-hivemq-platform' in namespace 'helminitcontainerit'
2025-01-28 23:53:40,630 INFO c.h.h.t.HelmChartContainer - [hivemq-test-hivemq-platform] [hivemq-platform-operator] [e8d92505] 23:53:40.629 [ReconcilerExecutor-hivemq-controller-87] DEBUG c.h.p.o.HiveMQPlatformReconciler - [helminit] Custom Resource Status STARTING - HiveMQ Platform is starting (READY)
2025-01-28 23:53:40,631 INFO c.h.h.t.HelmChartContainer - [hivemq-test-hivemq-platform] [hivemq-platform-operator] [e8d92505] 23:53:40.629 [ReconcilerExecutor-hivemq-controller-87] DEBUG c.h.p.o.HiveMQPlatformReconciler - [helminit] Custom Resource Spec (replicas: 1) (extensions: 1)
2025-01-28 23:53:40,633 INFO c.h.h.t.HelmChartContainer - [hivemq-test-hivemq-platform] [hivemq-platform-operator] [e8d92505] 23:53:40.632 [ReconcilerExecutor-hivemq-controller-87] DEBUG c.h.p.o.HiveMQPlatformReconciler - [helminit] StatefulSet Status (revision: test-hivemq-platform-bdc69c5dd, replicas: 1, available: 0, ready: 0, current: 1, updated: 1)
2025-01-28 23:53:40,634 INFO c.h.h.t.HelmChartContainer - [hivemq-test-hivemq-platform] [hivemq-platform-operator] [e8d92505] 23:53:40.632 [ReconcilerExecutor-hivemq-controller-87] DEBUG c.h.p.o.HiveMQPlatformReconciler - [helminit] StatefulSet Spec (replicas: 1, init containers: 2, containers: 1, volumes: 4)
2025-01-28 23:53:40,637 INFO c.h.h.t.HelmChartContainer - [hivemq-test-hivemq-platform] [hivemq-platform-operator] [e8d92505] 23:53:40.636 [ReconcilerExecutor-hivemq-controller-87] DEBUG c.h.p.o.h.HiveMQPlatformReconcilerErrorHandler - [helminit] Pod 'test-hivemq-platform-0' phase Pending
2025-01-28 23:53:40,701 INFO c.h.h.t.HelmChartContainer - [hivemq-test-hivemq-platform] [hivemq-platform-operator] [e8d92505] 23:53:40.699 [ReconcilerExecutor-hivemq-controller-87] DEBUG c.h.p.o.h.HiveMQPlatformReconcilerErrorHandler - [helminit] Pod 'test-hivemq-platform-0' condition 'PodReadyToStartContainers': True
2025-01-28 23:53:40,702 INFO c.h.h.t.HelmChartContainer - [hivemq-test-hivemq-platform] [hivemq-platform-operator] [e8d92505] 23:53:40.700 [ReconcilerExecutor-hivemq-controller-87] DEBUG c.h.p.o.h.HiveMQPlatformReconcilerErrorHandler - [helminit] Pod 'test-hivemq-platform-0' condition 'Initialized': False
2025-01-28 23:53:40,702 INFO c.h.h.t.HelmChartContainer - [hivemq-test-hivemq-platform] [hivemq-platform-operator] [e8d92505] 23:53:40.700 [ReconcilerExecutor-hivemq-controller-87] DEBUG c.h.p.o.h.HiveMQPlatformReconcilerErrorHandler - [helminit] Pod 'test-hivemq-platform-0' condition 'Ready': False
2025-01-28 23:53:40,702 INFO c.h.h.t.HelmChartContainer - [hivemq-test-hivemq-platform] [hivemq-platform-operator] [e8d92505] 23:53:40.700 [ReconcilerExecutor-hivemq-controller-87] DEBUG c.h.p.o.h.HiveMQPlatformReconcilerErrorHandler - [helminit] Pod 'test-hivemq-platform-0' condition 'ContainersReady': False
2025-01-28 23:53:40,702 INFO c.h.h.t.HelmChartContainer - [hivemq-test-hivemq-platform] [hivemq-platform-operator] [e8d92505] 23:53:40.700 [ReconcilerExecutor-hivemq-controller-87] DEBUG c.h.p.o.h.HiveMQPlatformReconcilerErrorHandler - [helminit] Pod 'test-hivemq-platform-0' condition 'PodScheduled': True
2025-01-28 23:53:40,702 INFO c.h.h.t.HelmChartContainer - [hivemq-test-hivemq-platform] [hivemq-platform-operator] [e8d92505] 23:53:40.700 [ReconcilerExecutor-hivemq-controller-87] DEBUG c.h.p.o.h.HiveMQPlatformReconcilerErrorHandler - [helminit] Pod 'test-hivemq-platform-0' containerStatus 'hivemq' (started: false) (ready: false) (waiting: [PodInitializing] null)
2025-01-28 23:53:40,702 INFO c.h.h.t.HelmChartContainer - [hivemq-test-hivemq-platform] [hivemq-platform-operator] [e8d92505] 23:53:40.701 [ReconcilerExecutor-hivemq-controller-87] INFO  c.h.p.o.h.HiveMQPlatformReconcilerBaseHandler - [helminit] HiveMQ Platform is starting, 0 of 1 replicas are ready
2025-01-28 23:53:41,508 INFO c.h.h.t.HelmChartContainer - [EVENT] Normal [Pulled] Container image "docker.io/hivemq/hivemq-platform-operator-init-test:snapshot" already present on machine [helminitcontainerit:test-hivemq-platform-0]
2025-01-28 23:53:41,518 INFO c.h.h.t.HelmChartContainer - [POD] test-hivemq-platform-0 [a705c841-4412-43cb-87c1-8ea948552249] in helminitcontainerit was MODIFIED
2025-01-28 23:53:41,530 INFO c.h.h.t.HelmChartContainer - [hivemq-test-hivemq-platform] [hivemq-platform-operator] [e8d92505] 23:53:41.529 [pool-6-thread-42] DEBUG c.h.p.o.d.PlatformServiceResource - [helminit] Desired Platform services (3 services)
2025-01-28 23:53:41,532 INFO c.h.h.t.HelmChartContainer - [hivemq-test-hivemq-platform] [hivemq-platform-operator] [e8d92505] 23:53:41.531 [pool-6-thread-43] DEBUG c.h.p.o.dependants.PodInfoConfigMap - [helminit] Desired PodInfo ConfigMap (1 extensions) (1 enabled)
2025-01-28 23:53:41,533 INFO c.h.h.t.HelmChartContainer - [hivemq-test-hivemq-platform] [hivemq-platform-operator] [e8d92505] 23:53:41.531 [pool-6-thread-43] DEBUG c.h.p.o.dependants.PodInfoConfigMap - [helminit] Desired PodInfo ConfigMap (metrics port: 9399) (metrics path: /)
2025-01-28 23:53:41,533 INFO c.h.h.t.HelmChartContainer - [hivemq-test-hivemq-platform] [hivemq-platform-operator] [e8d92505] 23:53:41.531 [pool-6-thread-43] DEBUG c.h.p.o.dependants.PodInfoConfigMap - [helminit] Desired PodInfo ConfigMap (extension state hash: -1817474005)
2025-01-28 23:53:41,604 INFO c.h.h.t.HelmChartContainer - [hivemq-test-hivemq-platform] [hivemq-platform-operator] [e8d92505] 23:53:41.600 [pool-6-thread-47] DEBUG c.h.p.o.d.PodServiceAccountResource - [helminit] Desired PodServiceAccountResource (serviceAccountName: hivemq-platform-pod-test-hivemq-platform)
2025-01-28 23:53:41,609 INFO c.h.h.t.HelmChartContainer - [hivemq-test-hivemq-platform] [hivemq-platform-operator] [e8d92505] 23:53:41.608 [pool-6-thread-50] DEBUG c.h.p.o.d.StatefulSetResource - [helminit] Desired StatefulSet (1 replicas) for status STARTING (READY)
2025-01-28 23:53:41,613 INFO c.h.h.t.HelmChartContainer - [hivemq-test-hivemq-platform] [hivemq-platform-operator] [e8d92505] 23:53:41.612 [ReconcilerExecutor-hivemq-controller-98] INFO  c.h.p.o.HiveMQPlatformReconciler - [helminit] Reconciling HiveMQ Platform 'test-hivemq-platform' in namespace 'helminitcontainerit'
2025-01-28 23:53:41,614 INFO c.h.h.t.HelmChartContainer - [hivemq-test-hivemq-platform] [hivemq-platform-operator] [e8d92505] 23:53:41.613 [ReconcilerExecutor-hivemq-controller-98] DEBUG c.h.p.o.HiveMQPlatformReconciler - [helminit] Custom Resource Status STARTING - HiveMQ Platform is starting (READY)
2025-01-28 23:53:41,614 INFO c.h.h.t.HelmChartContainer - [hivemq-test-hivemq-platform] [hivemq-platform-operator] [e8d92505] 23:53:41.613 [ReconcilerExecutor-hivemq-controller-98] DEBUG c.h.p.o.HiveMQPlatformReconciler - [helminit] Custom Resource Spec (replicas: 1) (extensions: 1)
2025-01-28 23:53:41,630 INFO c.h.h.t.HelmChartContainer - [hivemq-test-hivemq-platform] [hivemq-platform-operator] [e8d92505] 23:53:41.628 [ReconcilerExecutor-hivemq-controller-98] DEBUG c.h.p.o.HiveMQPlatformReconciler - [helminit] StatefulSet Status (revision: test-hivemq-platform-bdc69c5dd, replicas: 1, available: 0, ready: 0, current: 1, updated: 1)
2025-01-28 23:53:41,630 INFO c.h.h.t.HelmChartContainer - [hivemq-test-hivemq-platform] [hivemq-platform-operator] [e8d92505] 23:53:41.628 [ReconcilerExecutor-hivemq-controller-98] DEBUG c.h.p.o.HiveMQPlatformReconciler - [helminit] StatefulSet Spec (replicas: 1, init containers: 2, containers: 1, volumes: 4)
2025-01-28 23:53:41,633 INFO c.h.h.t.HelmChartContainer - [hivemq-test-hivemq-platform] [hivemq-platform-operator] [e8d92505] 23:53:41.631 [ReconcilerExecutor-hivemq-controller-98] DEBUG c.h.p.o.h.HiveMQPlatformReconcilerErrorHandler - [helminit] Pod 'test-hivemq-platform-0' phase Pending
2025-01-28 23:53:41,633 INFO c.h.h.t.HelmChartContainer - [hivemq-test-hivemq-platform] [hivemq-platform-operator] [e8d92505] 23:53:41.632 [ReconcilerExecutor-hivemq-controller-98] DEBUG c.h.p.o.h.HiveMQPlatformReconcilerErrorHandler - [helminit] Pod 'test-hivemq-platform-0' condition 'PodReadyToStartContainers': True
2025-01-28 23:53:41,634 INFO c.h.h.t.HelmChartContainer - [hivemq-test-hivemq-platform] [hivemq-platform-operator] [e8d92505] 23:53:41.632 [ReconcilerExecutor-hivemq-controller-98] DEBUG c.h.p.o.h.HiveMQPlatformReconcilerErrorHandler - [helminit] Pod 'test-hivemq-platform-0' condition 'Initialized': False
2025-01-28 23:53:41,634 INFO c.h.h.t.HelmChartContainer - [hivemq-test-hivemq-platform] [hivemq-platform-operator] [e8d92505] 23:53:41.632 [ReconcilerExecutor-hivemq-controller-98] DEBUG c.h.p.o.h.HiveMQPlatformReconcilerErrorHandler - [helminit] Pod 'test-hivemq-platform-0' condition 'Ready': False
2025-01-28 23:53:41,634 INFO c.h.h.t.HelmChartContainer - [hivemq-test-hivemq-platform] [hivemq-platform-operator] [e8d92505] 23:53:41.632 [ReconcilerExecutor-hivemq-controller-98] DEBUG c.h.p.o.h.HiveMQPlatformReconcilerErrorHandler - [helminit] Pod 'test-hivemq-platform-0' condition 'ContainersReady': False
2025-01-28 23:53:41,634 INFO c.h.h.t.HelmChartContainer - [hivemq-test-hivemq-platform] [hivemq-platform-operator] [e8d92505] 23:53:41.632 [ReconcilerExecutor-hivemq-controller-98] DEBUG c.h.p.o.h.HiveMQPlatformReconcilerErrorHandler - [helminit] Pod 'test-hivemq-platform-0' condition 'PodScheduled': True
2025-01-28 23:53:41,634 INFO c.h.h.t.HelmChartContainer - [hivemq-test-hivemq-platform] [hivemq-platform-operator] [e8d92505] 23:53:41.632 [ReconcilerExecutor-hivemq-controller-98] DEBUG c.h.p.o.h.HiveMQPlatformReconcilerErrorHandler - [helminit] Pod 'test-hivemq-platform-0' containerStatus 'hivemq' (started: false) (ready: false) (waiting: [PodInitializing] null)
2025-01-28 23:53:41,635 INFO c.h.h.t.HelmChartContainer - [hivemq-test-hivemq-platform] [hivemq-platform-operator] [e8d92505] 23:53:41.634 [ReconcilerExecutor-hivemq-controller-98] INFO  c.h.p.o.h.HiveMQPlatformReconcilerBaseHandler - [helminit] HiveMQ Platform is starting, 0 of 1 replicas are ready
2025-01-28 23:53:41,678 INFO c.h.h.t.HelmChartContainer - [EVENT] Normal [Created] Created container: hivemq-platform-operator-init [helminitcontainerit:test-hivemq-platform-0]
2025-01-28 23:53:41,729 INFO c.h.h.t.HelmChartContainer - [EVENT] Normal [Started] Started container hivemq-platform-operator-init [helminitcontainerit:test-hivemq-platform-0]
2025-01-28 23:53:42,511 INFO c.h.h.t.HelmChartContainer - [EVENT] Normal [Pulled] Container image "docker.io/hivemq/hivemq4:4.36.0" already present on machine [helminitcontainerit:test-hivemq-platform-0]
2025-01-28 23:53:42,511 INFO c.h.h.t.HelmChartContainer - Received Pulled event for container hivemq in pod test-hivemq-platform-0 [a705c841-4412-43cb-87c1-8ea948552249]
2025-01-28 23:53:42,520 INFO c.h.h.t.HelmChartContainer - [POD] test-hivemq-platform-0 [a705c841-4412-43cb-87c1-8ea948552249] in helminitcontainerit was MODIFIED
2025-01-28 23:53:42,528 INFO c.h.h.t.HelmChartContainer - [hivemq-test-hivemq-platform] [hivemq-platform-operator] [e8d92505] 23:53:42.525 [pool-6-thread-8] DEBUG c.h.p.o.d.PlatformServiceResource - [helminit] Desired Platform services (3 services)
2025-01-28 23:53:42,528 INFO c.h.h.t.HelmChartContainer - [hivemq-test-hivemq-platform] [hivemq-platform-operator] [e8d92505] 23:53:42.526 [pool-6-thread-6] DEBUG c.h.p.o.dependants.PodInfoConfigMap - [helminit] Desired PodInfo ConfigMap (1 extensions) (1 enabled)
2025-01-28 23:53:42,529 INFO c.h.h.t.HelmChartContainer - [hivemq-test-hivemq-platform] [hivemq-platform-operator] [e8d92505] 23:53:42.528 [pool-6-thread-6] DEBUG c.h.p.o.dependants.PodInfoConfigMap - [helminit] Desired PodInfo ConfigMap (metrics port: 9399) (metrics path: /)
2025-01-28 23:53:42,531 INFO c.h.h.t.HelmChartContainer - [hivemq-test-hivemq-platform] [hivemq-platform-operator] [e8d92505] 23:53:42.528 [pool-6-thread-6] DEBUG c.h.p.o.dependants.PodInfoConfigMap - [helminit] Desired PodInfo ConfigMap (extension state hash: -1817474005)
2025-01-28 23:53:42,532 INFO c.h.h.t.HelmChartContainer - [hivemq-test-hivemq-platform] [hivemq-platform-operator] [e8d92505] 23:53:42.531 [pool-6-thread-3] DEBUG c.h.p.o.d.PodServiceAccountResource - [helminit] Desired PodServiceAccountResource (serviceAccountName: hivemq-platform-pod-test-hivemq-platform)
2025-01-28 23:53:42,604 INFO c.h.h.t.HelmChartContainer - [hivemq-test-hivemq-platform] [hivemq-platform-operator] [e8d92505] 23:53:42.600 [pool-6-thread-8] DEBUG c.h.p.o.d.StatefulSetResource - [helminit] Desired StatefulSet (1 replicas) for status STARTING (READY)
2025-01-28 23:53:42,606 INFO c.h.h.t.HelmChartContainer - [hivemq-test-hivemq-platform] [hivemq-platform-operator] [e8d92505] 23:53:42.604 [ReconcilerExecutor-hivemq-controller-109] INFO  c.h.p.o.HiveMQPlatformReconciler - [helminit] Reconciling HiveMQ Platform 'test-hivemq-platform' in namespace 'helminitcontainerit'
2025-01-28 23:53:42,607 INFO c.h.h.t.HelmChartContainer - [hivemq-test-hivemq-platform] [hivemq-platform-operator] [e8d92505] 23:53:42.604 [ReconcilerExecutor-hivemq-controller-109] DEBUG c.h.p.o.HiveMQPlatformReconciler - [helminit] Custom Resource Status STARTING - HiveMQ Platform is starting (READY)
2025-01-28 23:53:42,607 INFO c.h.h.t.HelmChartContainer - [hivemq-test-hivemq-platform] [hivemq-platform-operator] [e8d92505] 23:53:42.604 [ReconcilerExecutor-hivemq-controller-109] DEBUG c.h.p.o.HiveMQPlatformReconciler - [helminit] Custom Resource Spec (replicas: 1) (extensions: 1)
2025-01-28 23:53:42,614 INFO c.h.h.t.HelmChartContainer - [hivemq-test-hivemq-platform] [hivemq-platform-operator] [e8d92505] 23:53:42.612 [ReconcilerExecutor-hivemq-controller-109] DEBUG c.h.p.o.HiveMQPlatformReconciler - [helminit] StatefulSet Status (revision: test-hivemq-platform-bdc69c5dd, replicas: 1, available: 0, ready: 0, current: 1, updated: 1)
2025-01-28 23:53:42,615 INFO c.h.h.t.HelmChartContainer - [hivemq-test-hivemq-platform] [hivemq-platform-operator] [e8d92505] 23:53:42.612 [ReconcilerExecutor-hivemq-controller-109] DEBUG c.h.p.o.HiveMQPlatformReconciler - [helminit] StatefulSet Spec (replicas: 1, init containers: 2, containers: 1, volumes: 4)
2025-01-28 23:53:42,615 INFO c.h.h.t.HelmChartContainer - [hivemq-test-hivemq-platform] [hivemq-platform-operator] [e8d92505] 23:53:42.613 [ReconcilerExecutor-hivemq-controller-109] DEBUG c.h.p.o.h.HiveMQPlatformReconcilerErrorHandler - [helminit] Pod 'test-hivemq-platform-0' phase Pending
2025-01-28 23:53:42,628 INFO c.h.h.t.HelmChartContainer - [hivemq-test-hivemq-platform] [hivemq-platform-operator] [e8d92505] 23:53:42.627 [ReconcilerExecutor-hivemq-controller-109] DEBUG c.h.p.o.h.HiveMQPlatformReconcilerErrorHandler - [helminit] Pod 'test-hivemq-platform-0' condition 'PodReadyToStartContainers': True
2025-01-28 23:53:42,629 INFO c.h.h.t.HelmChartContainer - [hivemq-test-hivemq-platform] [hivemq-platform-operator] [e8d92505] 23:53:42.627 [ReconcilerExecutor-hivemq-controller-109] DEBUG c.h.p.o.h.HiveMQPlatformReconcilerErrorHandler - [helminit] Pod 'test-hivemq-platform-0' condition 'Initialized': True
2025-01-28 23:53:42,629 INFO c.h.h.t.HelmChartContainer - [hivemq-test-hivemq-platform] [hivemq-platform-operator] [e8d92505] 23:53:42.627 [ReconcilerExecutor-hivemq-controller-109] DEBUG c.h.p.o.h.HiveMQPlatformReconcilerErrorHandler - [helminit] Pod 'test-hivemq-platform-0' condition 'Ready': False
2025-01-28 23:53:42,629 INFO c.h.h.t.HelmChartContainer - [hivemq-test-hivemq-platform] [hivemq-platform-operator] [e8d92505] 23:53:42.627 [ReconcilerExecutor-hivemq-controller-109] DEBUG c.h.p.o.h.HiveMQPlatformReconcilerErrorHandler - [helminit] Pod 'test-hivemq-platform-0' condition 'ContainersReady': False
2025-01-28 23:53:42,629 INFO c.h.h.t.HelmChartContainer - [hivemq-test-hivemq-platform] [hivemq-platform-operator] [e8d92505] 23:53:42.627 [ReconcilerExecutor-hivemq-controller-109] DEBUG c.h.p.o.h.HiveMQPlatformReconcilerErrorHandler - [helminit] Pod 'test-hivemq-platform-0' condition 'PodScheduled': True
2025-01-28 23:53:42,630 INFO c.h.h.t.HelmChartContainer - [hivemq-test-hivemq-platform] [hivemq-platform-operator] [e8d92505] 23:53:42.627 [ReconcilerExecutor-hivemq-controller-109] DEBUG c.h.p.o.h.HiveMQPlatformReconcilerErrorHandler - [helminit] Pod 'test-hivemq-platform-0' containerStatus 'hivemq' (started: false) (ready: false) (waiting: [PodInitializing] null)
2025-01-28 23:53:42,630 INFO c.h.h.t.HelmChartContainer - [hivemq-test-hivemq-platform] [hivemq-platform-operator] [e8d92505] 23:53:42.628 [ReconcilerExecutor-hivemq-controller-109] INFO  c.h.p.o.h.HiveMQPlatformReconcilerBaseHandler - [helminit] HiveMQ Platform is starting, 0 of 1 replicas are ready
2025-01-28 23:53:42,934 INFO c.h.h.t.HelmChartContainer - [K3S] [range_allocator.go:247] "Successfully synced" key="fa4611d197e6"
2025-01-28 23:53:43,814 INFO c.h.h.t.HelmChartContainer - [EVENT] Normal [Created] Created container: hivemq [helminitcontainerit:test-hivemq-platform-0]
2025-01-28 23:53:43,814 INFO c.h.h.t.HelmChartContainer - Received Created event for container hivemq in pod test-hivemq-platform-0 [a705c841-4412-43cb-87c1-8ea948552249]
2025-01-28 23:53:44,527 INFO c.h.h.t.HelmChartContainer - [POD] test-hivemq-platform-0 [a705c841-4412-43cb-87c1-8ea948552249] in helminitcontainerit was MODIFIED
2025-01-28 23:53:44,535 INFO c.h.h.t.HelmChartContainer - [hivemq-test-hivemq-platform] [hivemq-platform-operator] [e8d92505] 23:53:44.534 [pool-6-thread-16] DEBUG c.h.p.o.d.PlatformServiceResource - [helminit] Desired Platform services (3 services)
2025-01-28 23:53:44,537 INFO c.h.h.t.HelmChartContainer - [hivemq-test-hivemq-platform] [hivemq-platform-operator] [e8d92505] 23:53:44.536 [pool-6-thread-14] DEBUG c.h.p.o.dependants.PodInfoConfigMap - [helminit] Desired PodInfo ConfigMap (1 extensions) (1 enabled)
2025-01-28 23:53:44,538 INFO c.h.h.t.HelmChartContainer - [hivemq-test-hivemq-platform] [hivemq-platform-operator] [e8d92505] 23:53:44.536 [pool-6-thread-17] DEBUG c.h.p.o.d.PodServiceAccountResource - [helminit] Desired PodServiceAccountResource (serviceAccountName: hivemq-platform-pod-test-hivemq-platform)
2025-01-28 23:53:44,541 INFO c.h.h.t.HelmChartContainer - [hivemq-test-hivemq-platform] [hivemq-platform-operator] [e8d92505] 23:53:44.536 [pool-6-thread-14] DEBUG c.h.p.o.dependants.PodInfoConfigMap - [helminit] Desired PodInfo ConfigMap (metrics port: 9399) (metrics path: /)
2025-01-28 23:53:44,542 INFO c.h.h.t.HelmChartContainer - [hivemq-test-hivemq-platform] [hivemq-platform-operator] [e8d92505] 23:53:44.538 [pool-6-thread-14] DEBUG c.h.p.o.dependants.PodInfoConfigMap - [helminit] Desired PodInfo ConfigMap (extension state hash: -1817474005)
2025-01-28 23:53:44,543 INFO c.h.h.t.HelmChartContainer - Started log watcher for hivemq in pod test-hivemq-platform-0 [a705c841-4412-43cb-87c1-8ea948552249]
2025-01-28 23:53:44,543 INFO c.h.h.t.HelmChartContainer - [EVENT] Normal [Started] Started container hivemq [helminitcontainerit:test-hivemq-platform-0]
2025-01-28 23:53:44,543 INFO c.h.h.t.HelmChartContainer - Received Started event for container hivemq in pod test-hivemq-platform-0 [a705c841-4412-43cb-87c1-8ea948552249]
2025-01-28 23:53:44,546 INFO c.h.h.t.HelmChartContainer - [test-hivemq-platform] [hivemq] [a705c841] Adding pre-installed HiveMQ Platform Operator extensions
2025-01-28 23:53:44,547 INFO c.h.h.t.HelmChartContainer - [test-hivemq-platform] [hivemq] [a705c841] Running as user 10000
2025-01-28 23:53:44,547 INFO c.h.h.t.HelmChartContainer - [test-hivemq-platform] [hivemq] [a705c841] Starting HiveMQ Platform Operator Init
2025-01-28 23:53:44,547 INFO c.h.h.t.HelmChartContainer - [hivemq-test-hivemq-platform] [hivemq-platform-operator] [e8d92505] 23:53:44.546 [pool-6-thread-16] DEBUG c.h.p.o.d.StatefulSetResource - [helminit] Desired StatefulSet (1 replicas) for status STARTING (READY)
2025-01-28 23:53:44,556 INFO c.h.h.t.HelmChartContainer - [hivemq-test-hivemq-platform] [hivemq-platform-operator] [e8d92505] 23:53:44.555 [ReconcilerExecutor-hivemq-controller-110] INFO  c.h.p.o.HiveMQPlatformReconciler - [helminit] Reconciling HiveMQ Platform 'test-hivemq-platform' in namespace 'helminitcontainerit'
2025-01-28 23:53:44,601 INFO c.h.h.t.HelmChartContainer - [hivemq-test-hivemq-platform] [hivemq-platform-operator] [e8d92505] 23:53:44.599 [ReconcilerExecutor-hivemq-controller-110] DEBUG c.h.p.o.HiveMQPlatformReconciler - [helminit] Custom Resource Status STARTING - HiveMQ Platform is starting (READY)
2025-01-28 23:53:44,601 INFO c.h.h.t.HelmChartContainer - [hivemq-test-hivemq-platform] [hivemq-platform-operator] [e8d92505] 23:53:44.600 [ReconcilerExecutor-hivemq-controller-110] DEBUG c.h.p.o.HiveMQPlatformReconciler - [helminit] Custom Resource Spec (replicas: 1) (extensions: 1)
2025-01-28 23:53:44,604 INFO c.h.h.t.HelmChartContainer - [hivemq-test-hivemq-platform] [hivemq-platform-operator] [e8d92505] 23:53:44.603 [ReconcilerExecutor-hivemq-controller-110] DEBUG c.h.p.o.HiveMQPlatformReconciler - [helminit] StatefulSet Status (revision: test-hivemq-platform-bdc69c5dd, replicas: 1, available: 0, ready: 0, current: 1, updated: 1)
2025-01-28 23:53:44,604 INFO c.h.h.t.HelmChartContainer - [hivemq-test-hivemq-platform] [hivemq-platform-operator] [e8d92505] 23:53:44.603 [ReconcilerExecutor-hivemq-controller-110] DEBUG c.h.p.o.HiveMQPlatformReconciler - [helminit] StatefulSet Spec (replicas: 1, init containers: 2, containers: 1, volumes: 4)
2025-01-28 23:53:44,605 INFO c.h.h.t.HelmChartContainer - [hivemq-test-hivemq-platform] [hivemq-platform-operator] [e8d92505] 23:53:44.604 [ReconcilerExecutor-hivemq-controller-110] DEBUG c.h.p.o.h.HiveMQPlatformReconcilerErrorHandler - [helminit] Pod 'test-hivemq-platform-0' phase Running
2025-01-28 23:53:44,606 INFO c.h.h.t.HelmChartContainer - [hivemq-test-hivemq-platform] [hivemq-platform-operator] [e8d92505] 23:53:44.605 [ReconcilerExecutor-hivemq-controller-110] INFO  c.h.p.o.h.HiveMQPlatformReconcilerBaseHandler - [helminit] HiveMQ Platform is starting, 0 of 1 replicas are ready
2025-01-28 23:53:45,147 INFO c.h.h.t.HelmChartContainer - [test-hivemq-platform] [hivemq] [a705c841] INFO  - [HiveMQ Platform Operator Init 1.7.0-SNAPSHOT] HiveMQ Platform Operator Init 1.7.0-SNAPSHOT (commit: bebf408 on branch: HEAD) built on Sun Jan 26 20:47:47 UTC 2025
2025-01-28 23:53:46,250 INFO c.h.h.t.HelmChartContainer - [test-hivemq-platform] [hivemq] [a705c841] INFO  - [HiveMQ Platform Operator Init App 1.7.0-SNAPSHOT] Using bind address 10.42.0.8 from environment variable
2025-01-28 23:53:47,056 INFO c.h.h.t.HelmChartContainer - [test-hivemq-platform] [hivemq] [a705c841] INFO  - [HiveMQ Platform Operator Init App 1.7.0-SNAPSHOT] HiveMQ Platform Operator Init App 1.7.0-SNAPSHOT (commit: bebf408 on branch: HEAD) built on Sun Jan 26 20:47:47 UTC 2025
2025-01-28 23:53:47,057 INFO c.h.h.t.HelmChartContainer - [test-hivemq-platform] [hivemq] [a705c841] INFO  - [HiveMQ Platform Operator Init App 1.7.0-SNAPSHOT] PodInfo ConfigMap directory: /etc/podinfo
2025-01-28 23:53:47,057 INFO c.h.h.t.HelmChartContainer - [test-hivemq-platform] [hivemq] [a705c841] INFO  - [HiveMQ Platform Operator Init App 1.7.0-SNAPSHOT] HiveMQ home directory: /opt/hivemq
2025-01-28 23:53:47,057 INFO c.h.h.t.HelmChartContainer - [test-hivemq-platform] [hivemq] [a705c841] INFO  - [HiveMQ Platform Operator Init App 1.7.0-SNAPSHOT] HiveMQ Logback folder: /opt/hivemq/conf
2025-01-28 23:53:47,057 INFO c.h.h.t.HelmChartContainer - [test-hivemq-platform] [hivemq] [a705c841] INFO  - [HiveMQ Platform Operator Init App 1.7.0-SNAPSHOT] HiveMQ Config folder: /opt/hivemq/conf-k8s
2025-01-28 23:53:47,057 INFO c.h.h.t.HelmChartContainer - [test-hivemq-platform] [hivemq] [a705c841] INFO  - [HiveMQ Platform Operator Init App 1.7.0-SNAPSHOT] Starting HiveMQ Platform Operator Init App
2025-01-28 23:53:47,057 INFO c.h.h.t.HelmChartContainer - [test-hivemq-platform] [hivemq] [a705c841] INFO  - [HiveMQ Platform Operator Init App 1.7.0-SNAPSHOT] Starting Pod reconciler
2025-01-28 23:53:48,167 INFO c.h.h.t.HelmChartContainer - [test-hivemq-platform] [hivemq] [a705c841] INFO  - [HiveMQ Platform Operator Init App 1.7.0-SNAPSHOT] Pod reconciler is scheduled (interval: 5000 ms)
2025-01-28 23:53:48,168 INFO c.h.h.t.HelmChartContainer - [test-hivemq-platform] [hivemq] [a705c841] INFO  - [HiveMQ Platform Operator Init App 1.7.0-SNAPSHOT] Starting the REST API on 10.42.0.8:7979
2025-01-28 23:53:48,241 INFO c.h.h.t.HelmChartContainer - [test-hivemq-platform] [hivemq] [a705c841] INFO  - [HiveMQ Platform Operator Init App 1.7.0-SNAPSHOT] Waiting up to 600s for at most 1 HiveMQ nodes in cluster service hivemq-test-hivemq-platform-cluster.helminitcontainerit.svc
2025-01-28 23:53:48,555 INFO c.h.h.t.HelmChartContainer - [test-hivemq-platform] [hivemq] [a705c841] INFO  - [HiveMQ Platform Operator Init App 1.7.0-SNAPSHOT] Resolved 1 IP addresses: [10.42.0.8]
2025-01-28 23:53:48,555 INFO c.h.h.t.HelmChartContainer - [test-hivemq-platform] [hivemq] [a705c841] INFO  - [HiveMQ Platform Operator Init App 1.7.0-SNAPSHOT] HiveMQ node count of 1 is within threshold of 1
2025-01-28 23:53:48,555 INFO c.h.h.t.HelmChartContainer - [test-hivemq-platform] [hivemq] [a705c841] INFO  - [HiveMQ Platform Operator Init App 1.7.0-SNAPSHOT] Proceeding with container start
2025-01-28 23:53:48,647 INFO c.h.h.t.HelmChartContainer - [test-hivemq-platform] [hivemq] [a705c841] INFO  - [HiveMQ Platform Operator Init App 1.7.0-SNAPSHOT] Initializing HiveMQ Platform extensions with initial configuration: {hivemq-allow-all-extension={start-priority=-1, skip-https-hostname-verification=false, restart=true, config-version=0, header-version=0, c-uri=, priority=-1, uri=preinstalled, skip-https-certificate-validation=false, enabled=true}, hivemq-prometheus-extension={priority=-1, start-priority=-1, c-uri=, skip-https-hostname-verification=false, skip-https-certificate-validation=false, uri=preinstalled, request-header-path=no-request-headers, enabled=true, restart=true}}
2025-01-28 23:53:49,148 INFO c.h.h.t.HelmChartContainer - [test-hivemq-platform] [hivemq] [a705c841] INFO  - [HiveMQ Platform Operator Init App 1.7.0-SNAPSHOT] Extension hivemq-allow-all-extension was already enabled
2025-01-28 23:53:49,242 INFO c.h.h.t.HelmChartContainer - [test-hivemq-platform] [hivemq] [a705c841] INFO  - [HiveMQ Platform Operator Init App 1.7.0-SNAPSHOT] Successfully enabled extension hivemq-prometheus-extension
2025-01-28 23:53:49,247 INFO c.h.h.t.HelmChartContainer - [test-hivemq-platform] [hivemq] [a705c841] INFO  - [HiveMQ Platform Operator Init App 1.7.0-SNAPSHOT] Starting HiveMQ Platform version 4.36.0 (4.36.0)
2025-01-28 23:53:49,247 INFO c.h.h.t.HelmChartContainer - [test-hivemq-platform] [hivemq] [a705c841] INFO  - [HiveMQ Platform Operator Init App 1.7.0-SNAPSHOT] Configuring the HiveMQ Platform
2025-01-28 23:53:49,255 INFO c.h.h.t.HelmChartContainer - [test-hivemq-platform] [hivemq] [a705c841] INFO  - [HiveMQ Platform Operator Init App 1.7.0-SNAPSHOT] Changed logback.xml file scan period to 20 seconds
2025-01-28 23:53:49,350 INFO c.h.h.t.HelmChartContainer - [test-hivemq-platform] [hivemq] [a705c841] INFO  - [HiveMQ Platform Operator Init App 1.7.0-SNAPSHOT] Starting the HiveMQ Platform
2025-01-28 23:53:49,353 INFO c.h.h.t.HelmChartContainer - [test-hivemq-platform] [hivemq] [a705c841] -------------------------------------------------------------------------
2025-01-28 23:53:49,354 INFO c.h.h.t.HelmChartContainer - [test-hivemq-platform] [hivemq] [a705c841] 
2025-01-28 23:53:49,354 INFO c.h.h.t.HelmChartContainer - [test-hivemq-platform] [hivemq] [a705c841]                   _    _  _              __  __   ____
2025-01-28 23:53:49,354 INFO c.h.h.t.HelmChartContainer - [test-hivemq-platform] [hivemq] [a705c841]                  | |  | |(_)            |  \/  | / __ \
2025-01-28 23:53:49,354 INFO c.h.h.t.HelmChartContainer - [test-hivemq-platform] [hivemq] [a705c841]                  | |__| | _ __   __ ___ | \  / || |  | |
2025-01-28 23:53:49,354 INFO c.h.h.t.HelmChartContainer - [test-hivemq-platform] [hivemq] [a705c841]                  |  __  || |\ \ / // _ \| |\/| || |  | |
2025-01-28 23:53:49,354 INFO c.h.h.t.HelmChartContainer - [test-hivemq-platform] [hivemq] [a705c841]                  | |  | || | \ V /|  __/| |  | || |__| |
2025-01-28 23:53:49,354 INFO c.h.h.t.HelmChartContainer - [test-hivemq-platform] [hivemq] [a705c841]                  |_|  |_||_|  \_/  \___||_|  |_| \___\_\
2025-01-28 23:53:49,354 INFO c.h.h.t.HelmChartContainer - [test-hivemq-platform] [hivemq] [a705c841] 
2025-01-28 23:53:49,354 INFO c.h.h.t.HelmChartContainer - [test-hivemq-platform] [hivemq] [a705c841] -------------------------------------------------------------------------
2025-01-28 23:53:49,354 INFO c.h.h.t.HelmChartContainer - [test-hivemq-platform] [hivemq] [a705c841] 
2025-01-28 23:53:49,354 INFO c.h.h.t.HelmChartContainer - [test-hivemq-platform] [hivemq] [a705c841]   HiveMQ Start Script for Linux/Unix v1.14
2025-01-28 23:53:49,356 INFO c.h.h.t.HelmChartContainer - [test-hivemq-platform] [hivemq] [a705c841] 
2025-01-28 23:53:49,452 INFO c.h.h.t.HelmChartContainer - [test-hivemq-platform] [hivemq] [a705c841] -------------------------------------------------------------------------
2025-01-28 23:53:49,452 INFO c.h.h.t.HelmChartContainer - [test-hivemq-platform] [hivemq] [a705c841] 
2025-01-28 23:53:49,452 INFO c.h.h.t.HelmChartContainer - [test-hivemq-platform] [hivemq] [a705c841]   HIVEMQ_HOME: /opt/hivemq
2025-01-28 23:53:49,452 INFO c.h.h.t.HelmChartContainer - [test-hivemq-platform] [hivemq] [a705c841] 
2025-01-28 23:53:49,452 INFO c.h.h.t.HelmChartContainer - [test-hivemq-platform] [hivemq] [a705c841]   JAVA_OPTS: -XX:+UnlockExperimentalVMOptions -XX:InitialRAMPercentage=50 -XX:MaxRAMPercentage=50 -Djava.net.preferIPv4Stack=true --add-opens java.base/java.lang=ALL-UNNAMED --add-opens java.base/java.nio=ALL-UNNAMED --add-opens java.base/sun.nio.ch=ALL-UNNAMED --add-opens jdk.management/com.sun.management.internal=ALL-UNNAMED --add-exports java.base/jdk.internal.misc=ALL-UNNAMED -Djava.security.egd=file:/dev/./urandom -Dcom.sun.management.jmxremote -Dcom.sun.management.jmxremote.port=9010 -Dcom.sun.management.jmxremote.local.only=false -Dcom.sun.management.jmxremote.authenticate=false -Dcom.sun.management.jmxremote.ssl=false -Duser.language=en -Duser.region=US -XX:+CrashOnOutOfMemoryError -XX:+HeapDumpOnOutOfMemoryError
2025-01-28 23:53:49,452 INFO c.h.h.t.HelmChartContainer - [test-hivemq-platform] [hivemq] [a705c841] 
2025-01-28 23:53:49,452 INFO c.h.h.t.HelmChartContainer - [test-hivemq-platform] [hivemq] [a705c841]   JAVA_VERSION: 21
2025-01-28 23:53:49,452 INFO c.h.h.t.HelmChartContainer - [test-hivemq-platform] [hivemq] [a705c841] 
2025-01-28 23:53:49,453 INFO c.h.h.t.HelmChartContainer - [test-hivemq-platform] [hivemq] [a705c841] -------------------------------------------------------------------------
2025-01-28 23:53:49,453 INFO c.h.h.t.HelmChartContainer - [test-hivemq-platform] [hivemq] [a705c841] 
2025-01-28 23:53:50,546 INFO c.h.h.t.HelmChartContainer - [test-hivemq-platform] [hivemq] [a705c841] INFO  - [HiveMQ Platform Operator Init App 1.7.0-SNAPSHOT] Returning default Health API response 503 for readiness
2025-01-28 23:53:50,853 INFO c.h.h.t.HelmChartContainer - [EVENT] Warning [Unhealthy] Readiness probe failed: HTTP probe failed with statuscode: 503 [helminitcontainerit:test-hivemq-platform-0]
2025-01-28 23:53:50,853 INFO c.h.h.t.HelmChartContainer - Received Unhealthy event for container hivemq in pod test-hivemq-platform-0 [a705c841-4412-43cb-87c1-8ea948552249]
2025-01-28 23:53:52,139 INFO c.h.h.t.HelmChartContainer - [test-hivemq-platform] [hivemq] [a705c841] INFO  - Starting HiveMQ Enterprise Server
2025-01-28 23:53:52,145 INFO c.h.h.t.HelmChartContainer - [test-hivemq-platform] [hivemq] [a705c841] INFO  - HiveMQ version: 4.36.0
2025-01-28 23:53:52,146 INFO c.h.h.t.HelmChartContainer - [test-hivemq-platform] [hivemq] [a705c841] INFO  - HiveMQ home directory: /opt/hivemq
2025-01-28 23:53:52,146 INFO c.h.h.t.HelmChartContainer - [test-hivemq-platform] [hivemq] [a705c841] INFO  - Log Configuration was overridden by /opt/hivemq/conf/logback.xml
2025-01-28 23:53:53,346 INFO c.h.h.t.HelmChartContainer - [test-hivemq-platform] [hivemq] [a705c841] INFO  - Successfully loaded configuration from '/opt/hivemq/conf-k8s/config.xml'.
2025-01-28 23:53:54,049 INFO c.h.h.t.HelmChartContainer - [test-hivemq-platform] [hivemq] [a705c841] INFO  - This node's ID is Mas3u
2025-01-28 23:53:54,049 INFO c.h.h.t.HelmChartContainer - [test-hivemq-platform] [hivemq] [a705c841] INFO  - Clustering is enabled
2025-01-28 23:53:54,609 INFO c.h.h.t.HelmChartContainer - [hivemq-test-hivemq-platform] [hivemq-platform-operator] [e8d92505] 23:53:54.608 [pool-6-thread-27] DEBUG c.h.p.o.d.PlatformServiceResource - [helminit] Desired Platform services (3 services)
2025-01-28 23:53:54,611 INFO c.h.h.t.HelmChartContainer - [hivemq-test-hivemq-platform] [hivemq-platform-operator] [e8d92505] 23:53:54.609 [pool-6-thread-22] DEBUG c.h.p.o.dependants.PodInfoConfigMap - [helminit] Desired PodInfo ConfigMap (1 extensions) (1 enabled)
2025-01-28 23:53:54,613 INFO c.h.h.t.HelmChartContainer - [hivemq-test-hivemq-platform] [hivemq-platform-operator] [e8d92505] 23:53:54.609 [pool-6-thread-22] DEBUG c.h.p.o.dependants.PodInfoConfigMap - [helminit] Desired PodInfo ConfigMap (metrics port: 9399) (metrics path: /)
2025-01-28 23:53:54,613 INFO c.h.h.t.HelmChartContainer - [hivemq-test-hivemq-platform] [hivemq-platform-operator] [e8d92505] 23:53:54.609 [pool-6-thread-22] DEBUG c.h.p.o.dependants.PodInfoConfigMap - [helminit] Desired PodInfo ConfigMap (extension state hash: -1817474005)
2025-01-28 23:53:54,613 INFO c.h.h.t.HelmChartContainer - [hivemq-test-hivemq-platform] [hivemq-platform-operator] [e8d92505] 23:53:54.610 [pool-6-thread-24] DEBUG c.h.p.o.d.PodServiceAccountResource - [helminit] Desired PodServiceAccountResource (serviceAccountName: hivemq-platform-pod-test-hivemq-platform)
2025-01-28 23:53:54,617 INFO c.h.h.t.HelmChartContainer - [hivemq-test-hivemq-platform] [hivemq-platform-operator] [e8d92505] 23:53:54.616 [pool-6-thread-27] DEBUG c.h.p.o.d.StatefulSetResource - [helminit] Desired StatefulSet (1 replicas) for status STARTING (READY)
2025-01-28 23:53:54,623 INFO c.h.h.t.HelmChartContainer - [hivemq-test-hivemq-platform] [hivemq-platform-operator] [e8d92505] 23:53:54.621 [ReconcilerExecutor-hivemq-controller-111] INFO  c.h.p.o.HiveMQPlatformReconciler - [helminit] Reconciling HiveMQ Platform 'test-hivemq-platform' in namespace 'helminitcontainerit'
2025-01-28 23:53:54,623 INFO c.h.h.t.HelmChartContainer - [hivemq-test-hivemq-platform] [hivemq-platform-operator] [e8d92505] 23:53:54.621 [ReconcilerExecutor-hivemq-controller-111] DEBUG c.h.p.o.HiveMQPlatformReconciler - [helminit] Custom Resource Status STARTING - HiveMQ Platform is starting (READY)
2025-01-28 23:53:54,623 INFO c.h.h.t.HelmChartContainer - [hivemq-test-hivemq-platform] [hivemq-platform-operator] [e8d92505] 23:53:54.621 [ReconcilerExecutor-hivemq-controller-111] DEBUG c.h.p.o.HiveMQPlatformReconciler - [helminit] Custom Resource Spec (replicas: 1) (extensions: 1)
2025-01-28 23:53:54,623 INFO c.h.h.t.HelmChartContainer - [hivemq-test-hivemq-platform] [hivemq-platform-operator] [e8d92505] 23:53:54.622 [ReconcilerExecutor-hivemq-controller-111] DEBUG c.h.p.o.HiveMQPlatformReconciler - [helminit] StatefulSet Status (revision: test-hivemq-platform-bdc69c5dd, replicas: 1, available: 0, ready: 0, current: 1, updated: 1)
2025-01-28 23:53:54,624 INFO c.h.h.t.HelmChartContainer - [hivemq-test-hivemq-platform] [hivemq-platform-operator] [e8d92505] 23:53:54.622 [ReconcilerExecutor-hivemq-controller-111] DEBUG c.h.p.o.HiveMQPlatformReconciler - [helminit] StatefulSet Spec (replicas: 1, init containers: 2, containers: 1, volumes: 4)
2025-01-28 23:53:54,625 INFO c.h.h.t.HelmChartContainer - [hivemq-test-hivemq-platform] [hivemq-platform-operator] [e8d92505] 23:53:54.624 [ReconcilerExecutor-hivemq-controller-111] DEBUG c.h.p.o.h.HiveMQPlatformReconcilerErrorHandler - [helminit] Pod 'test-hivemq-platform-0' phase Running
2025-01-28 23:53:54,701 INFO c.h.h.t.HelmChartContainer - [hivemq-test-hivemq-platform] [hivemq-platform-operator] [e8d92505] 23:53:54.700 [ReconcilerExecutor-hivemq-controller-111] INFO  c.h.p.o.h.HiveMQPlatformReconcilerBaseHandler - [helminit] HiveMQ Platform is starting, 0 of 1 replicas are ready
2025-01-28 23:53:55,847 INFO c.h.h.t.HelmChartContainer - [test-hivemq-platform] [hivemq] [a705c841] WARN  - [HiveMQ Platform Operator Init App 1.7.0-SNAPSHOT] Cannot connect to Health API for readiness: null
2025-01-28 23:53:55,851 INFO c.h.h.t.HelmChartContainer - [EVENT] Warning [Unhealthy] Readiness probe failed: HTTP probe failed with statuscode: 503 [helminitcontainerit:test-hivemq-platform-0]
2025-01-28 23:53:55,851 INFO c.h.h.t.HelmChartContainer - Received Unhealthy event for container hivemq in pod test-hivemq-platform-0 [a705c841-4412-43cb-87c1-8ea948552249]
2025-01-28 23:53:58,548 INFO c.h.h.t.HelmChartContainer - [test-hivemq-platform] [hivemq] [a705c841] Jan 28, 2025 11:53:58 PM io.vertx.core.impl.BlockedThreadChecker
2025-01-28 23:53:58,548 INFO c.h.h.t.HelmChartContainer - [test-hivemq-platform] [hivemq] [a705c841] WARNING: Thread Thread[vert.x-eventloop-thread-1,5,main] has been blocked for 2891 ms, time limit is 2000 ms
2025-01-28 23:53:58,548 INFO c.h.h.t.HelmChartContainer - [test-hivemq-platform] [hivemq] [a705c841] INFO  - [HiveMQ Platform Operator Init App 1.7.0-SNAPSHOT] Updating Pod HiveMQ Platform Operator Init App version annotation (version: 1.7.0-SNAPSHOT)
2025-01-28 23:53:59,460 INFO c.h.h.t.HelmChartContainer - [POD] test-hivemq-platform-0 [a705c841-4412-43cb-87c1-8ea948552249] in helminitcontainerit was MODIFIED
2025-01-28 23:53:59,469 INFO c.h.h.t.HelmChartContainer - [hivemq-test-hivemq-platform] [hivemq-platform-operator] [e8d92505] 23:53:59.465 [pool-6-thread-37] DEBUG c.h.p.o.d.PlatformServiceResource - [helminit] Desired Platform services (3 services)
2025-01-28 23:53:59,470 INFO c.h.h.t.HelmChartContainer - [hivemq-test-hivemq-platform] [hivemq-platform-operator] [e8d92505] 23:53:59.465 [pool-6-thread-34] DEBUG c.h.p.o.dependants.PodInfoConfigMap - [helminit] Desired PodInfo ConfigMap (1 extensions) (1 enabled)
2025-01-28 23:53:59,470 INFO c.h.h.t.HelmChartContainer - [hivemq-test-hivemq-platform] [hivemq-platform-operator] [e8d92505] 23:53:59.465 [pool-6-thread-34] DEBUG c.h.p.o.dependants.PodInfoConfigMap - [helminit] Desired PodInfo ConfigMap (metrics port: 9399) (metrics path: /)
2025-01-28 23:53:59,470 INFO c.h.h.t.HelmChartContainer - [hivemq-test-hivemq-platform] [hivemq-platform-operator] [e8d92505] 23:53:59.465 [pool-6-thread-34] DEBUG c.h.p.o.dependants.PodInfoConfigMap - [helminit] Desired PodInfo ConfigMap (extension state hash: -1817474005)
2025-01-28 23:53:59,470 INFO c.h.h.t.HelmChartContainer - [hivemq-test-hivemq-platform] [hivemq-platform-operator] [e8d92505] 23:53:59.468 [pool-6-thread-36] DEBUG c.h.p.o.d.PodServiceAccountResource - [helminit] Desired PodServiceAccountResource (serviceAccountName: hivemq-platform-pod-test-hivemq-platform)
2025-01-28 23:53:59,472 INFO c.h.h.t.HelmChartContainer - [hivemq-test-hivemq-platform] [hivemq-platform-operator] [e8d92505] 23:53:59.472 [pool-6-thread-36] DEBUG c.h.p.o.d.StatefulSetResource - [helminit] Desired StatefulSet (1 replicas) for status STARTING (READY)
2025-01-28 23:53:59,476 INFO c.h.h.t.HelmChartContainer - [hivemq-test-hivemq-platform] [hivemq-platform-operator] [e8d92505] 23:53:59.475 [ReconcilerExecutor-hivemq-controller-112] INFO  c.h.p.o.HiveMQPlatformReconciler - [helminit] Reconciling HiveMQ Platform 'test-hivemq-platform' in namespace 'helminitcontainerit'
2025-01-28 23:53:59,477 INFO c.h.h.t.HelmChartContainer - [hivemq-test-hivemq-platform] [hivemq-platform-operator] [e8d92505] 23:53:59.475 [ReconcilerExecutor-hivemq-controller-112] DEBUG c.h.p.o.HiveMQPlatformReconciler - [helminit] Custom Resource Status STARTING - HiveMQ Platform is starting (READY)
2025-01-28 23:53:59,478 INFO c.h.h.t.HelmChartContainer - [hivemq-test-hivemq-platform] [hivemq-platform-operator] [e8d92505] 23:53:59.475 [ReconcilerExecutor-hivemq-controller-112] DEBUG c.h.p.o.HiveMQPlatformReconciler - [helminit] Custom Resource Spec (replicas: 1) (extensions: 1)
2025-01-28 23:53:59,478 INFO c.h.h.t.HelmChartContainer - [hivemq-test-hivemq-platform] [hivemq-platform-operator] [e8d92505] 23:53:59.477 [ReconcilerExecutor-hivemq-controller-112] DEBUG c.h.p.o.HiveMQPlatformReconciler - [helminit] StatefulSet Status (revision: test-hivemq-platform-bdc69c5dd, replicas: 1, available: 0, ready: 0, current: 1, updated: 1)
2025-01-28 23:53:59,478 INFO c.h.h.t.HelmChartContainer - [hivemq-test-hivemq-platform] [hivemq-platform-operator] [e8d92505] 23:53:59.477 [ReconcilerExecutor-hivemq-controller-112] DEBUG c.h.p.o.HiveMQPlatformReconciler - [helminit] StatefulSet Spec (replicas: 1, init containers: 2, containers: 1, volumes: 4)
2025-01-28 23:53:59,479 INFO c.h.h.t.HelmChartContainer - [hivemq-test-hivemq-platform] [hivemq-platform-operator] [e8d92505] 23:53:59.479 [ReconcilerExecutor-hivemq-controller-112] DEBUG c.h.p.o.h.HiveMQPlatformReconcilerErrorHandler - [helminit] Pod 'test-hivemq-platform-0' phase Running
2025-01-28 23:53:59,528 INFO c.h.h.t.HelmChartContainer - [hivemq-test-hivemq-platform] [hivemq-platform-operator] [e8d92505] 23:53:59.527 [ReconcilerExecutor-hivemq-controller-112] INFO  c.h.p.o.h.HiveMQPlatformReconcilerBaseHandler - [helminit] HiveMQ Platform is starting, 0 of 1 replicas are ready
2025-01-28 23:53:59,549 INFO c.h.h.t.HelmChartContainer - [test-hivemq-platform] [hivemq] [a705c841] WARN  - [HiveMQ Platform Operator Init App 1.7.0-SNAPSHOT] Cannot connect to Health API for readiness: null
2025-01-28 23:53:59,551 INFO c.h.h.t.HelmChartContainer - [EVENT] Warning [Unhealthy] Readiness probe failed: HTTP probe failed with statuscode: 503 [helminitcontainerit:test-hivemq-platform-0]
2025-01-28 23:53:59,551 INFO c.h.h.t.HelmChartContainer - Received Unhealthy event for container hivemq in pod test-hivemq-platform-0 [a705c841-4412-43cb-87c1-8ea948552249]
2025-01-28 23:53:59,553 INFO c.h.h.t.HelmChartContainer - [test-hivemq-platform] [hivemq] [a705c841] INFO  - [HiveMQ Platform Operator Init App 1.7.0-SNAPSHOT] Successfully updated Pod HiveMQ Platform Operator Init App version annotation (version: 1.7.0-SNAPSHOT)
2025-01-28 23:54:04,542 INFO c.h.h.t.HelmChartContainer - [test-hivemq-platform] [hivemq] [a705c841] WARN  - [HiveMQ Platform Operator Init App 1.7.0-SNAPSHOT] Cannot connect to Health API for readiness: null
2025-01-28 23:54:04,546 INFO c.h.h.t.HelmChartContainer - [EVENT] Warning [Unhealthy] Readiness probe failed: HTTP probe failed with statuscode: 503 [helminitcontainerit:test-hivemq-platform-0]
2025-01-28 23:54:04,546 INFO c.h.h.t.HelmChartContainer - Received Unhealthy event for container hivemq in pod test-hivemq-platform-0 [a705c841-4412-43cb-87c1-8ea948552249]
2025-01-28 23:54:09,445 INFO c.h.h.t.HelmChartContainer - [test-hivemq-platform] [hivemq] [a705c841] WARN  - [HiveMQ Platform Operator Init App 1.7.0-SNAPSHOT] Cannot connect to Health API for liveness: null
2025-01-28 23:54:09,445 INFO c.h.h.t.HelmChartContainer - [test-hivemq-platform] [hivemq] [a705c841] INFO  - [HiveMQ Platform Operator Init App 1.7.0-SNAPSHOT] Returning default Health API response 200 for liveness
2025-01-28 23:54:09,534 INFO c.h.h.t.HelmChartContainer - [hivemq-test-hivemq-platform] [hivemq-platform-operator] [e8d92505] 23:54:09.530 [pool-6-thread-46] DEBUG c.h.p.o.d.PlatformServiceResource - [helminit] Desired Platform services (3 services)
2025-01-28 23:54:09,534 INFO c.h.h.t.HelmChartContainer - [hivemq-test-hivemq-platform] [hivemq-platform-operator] [e8d92505] 23:54:09.531 [pool-6-thread-47] DEBUG c.h.p.o.dependants.PodInfoConfigMap - [helminit] Desired PodInfo ConfigMap (1 extensions) (1 enabled)
2025-01-28 23:54:09,534 INFO c.h.h.t.HelmChartContainer - [hivemq-test-hivemq-platform] [hivemq-platform-operator] [e8d92505] 23:54:09.531 [pool-6-thread-47] DEBUG c.h.p.o.dependants.PodInfoConfigMap - [helminit] Desired PodInfo ConfigMap (metrics port: 9399) (metrics path: /)
2025-01-28 23:54:09,534 INFO c.h.h.t.HelmChartContainer - [hivemq-test-hivemq-platform] [hivemq-platform-operator] [e8d92505] 23:54:09.531 [pool-6-thread-47] DEBUG c.h.p.o.dependants.PodInfoConfigMap - [helminit] Desired PodInfo ConfigMap (extension state hash: -1817474005)
2025-01-28 23:54:09,535 INFO c.h.h.t.HelmChartContainer - [hivemq-test-hivemq-platform] [hivemq-platform-operator] [e8d92505] 23:54:09.533 [pool-6-thread-45] DEBUG c.h.p.o.d.PodServiceAccountResource - [helminit] Desired PodServiceAccountResource (serviceAccountName: hivemq-platform-pod-test-hivemq-platform)
2025-01-28 23:54:09,537 INFO c.h.h.t.HelmChartContainer - [hivemq-test-hivemq-platform] [hivemq-platform-operator] [e8d92505] 23:54:09.536 [pool-6-thread-47] DEBUG c.h.p.o.d.StatefulSetResource - [helminit] Desired StatefulSet (1 replicas) for status STARTING (READY)
2025-01-28 23:54:09,543 INFO c.h.h.t.HelmChartContainer - [hivemq-test-hivemq-platform] [hivemq-platform-operator] [e8d92505] 23:54:09.542 [ReconcilerExecutor-hivemq-controller-113] INFO  c.h.p.o.HiveMQPlatformReconciler - [helminit] Reconciling HiveMQ Platform 'test-hivemq-platform' in namespace 'helminitcontainerit'
2025-01-28 23:54:09,545 INFO c.h.h.t.HelmChartContainer - [hivemq-test-hivemq-platform] [hivemq-platform-operator] [e8d92505] 23:54:09.543 [ReconcilerExecutor-hivemq-controller-113] DEBUG c.h.p.o.HiveMQPlatformReconciler - [helminit] Custom Resource Status STARTING - HiveMQ Platform is starting (READY)
2025-01-28 23:54:09,545 INFO c.h.h.t.HelmChartContainer - [hivemq-test-hivemq-platform] [hivemq-platform-operator] [e8d92505] 23:54:09.543 [ReconcilerExecutor-hivemq-controller-113] DEBUG c.h.p.o.HiveMQPlatformReconciler - [helminit] Custom Resource Spec (replicas: 1) (extensions: 1)
2025-01-28 23:54:09,545 INFO c.h.h.t.HelmChartContainer - [hivemq-test-hivemq-platform] [hivemq-platform-operator] [e8d92505] 23:54:09.544 [ReconcilerExecutor-hivemq-controller-113] DEBUG c.h.p.o.HiveMQPlatformReconciler - [helminit] StatefulSet Status (revision: test-hivemq-platform-bdc69c5dd, replicas: 1, available: 0, ready: 0, current: 1, updated: 1)
2025-01-28 23:54:09,546 INFO c.h.h.t.HelmChartContainer - [hivemq-test-hivemq-platform] [hivemq-platform-operator] [e8d92505] 23:54:09.545 [ReconcilerExecutor-hivemq-controller-113] DEBUG c.h.p.o.HiveMQPlatformReconciler - [helminit] StatefulSet Spec (replicas: 1, init containers: 2, containers: 1, volumes: 4)
2025-01-28 23:54:09,549 INFO c.h.h.t.HelmChartContainer - [test-hivemq-platform] [hivemq] [a705c841] WARN  - [HiveMQ Platform Operator Init App 1.7.0-SNAPSHOT] Cannot connect to Health API for readiness: null
2025-01-28 23:54:09,552 INFO c.h.h.t.HelmChartContainer - [hivemq-test-hivemq-platform] [hivemq-platform-operator] [e8d92505] 23:54:09.551 [ReconcilerExecutor-hivemq-controller-113] DEBUG c.h.p.o.h.HiveMQPlatformReconcilerErrorHandler - [helminit] Pod 'test-hivemq-platform-0' phase Running
2025-01-28 23:54:09,554 INFO c.h.h.t.HelmChartContainer - [hivemq-test-hivemq-platform] [hivemq-platform-operator] [e8d92505] 23:54:09.553 [ReconcilerExecutor-hivemq-controller-113] INFO  c.h.p.o.h.HiveMQPlatformReconcilerBaseHandler - [helminit] HiveMQ Platform is starting, 0 of 1 replicas are ready
2025-01-28 23:54:09,557 INFO c.h.h.t.HelmChartContainer - [EVENT] Warning [Unhealthy] Readiness probe failed: HTTP probe failed with statuscode: 503 [helminitcontainerit:test-hivemq-platform-0]
2025-01-28 23:54:09,557 INFO c.h.h.t.HelmChartContainer - Received Unhealthy event for container hivemq in pod test-hivemq-platform-0 [a705c841-4412-43cb-87c1-8ea948552249]
2025-01-28 23:54:11,844 INFO c.h.h.t.HelmChartContainer - [test-hivemq-platform] [hivemq] [a705c841] INFO  - No valid license file found. Using trial license, restricted to 25 connections.
2025-01-28 23:54:14,543 INFO c.h.h.t.HelmChartContainer - [test-hivemq-platform] [hivemq] [a705c841] WARN  - [HiveMQ Platform Operator Init App 1.7.0-SNAPSHOT] Cannot connect to Health API for readiness: null
2025-01-28 23:54:14,548 INFO c.h.h.t.HelmChartContainer - [EVENT] Warning [Unhealthy] Readiness probe failed: HTTP probe failed with statuscode: 503 [helminitcontainerit:test-hivemq-platform-0]
2025-01-28 23:54:14,548 INFO c.h.h.t.HelmChartContainer - Received Unhealthy event for container hivemq in pod test-hivemq-platform-0 [a705c841-4412-43cb-87c1-8ea948552249]
2025-01-28 23:54:16,252 INFO c.h.h.t.HelmChartContainer - [test-hivemq-platform] [hivemq] [a705c841] INFO  - No valid license file for Data Hub found. Using free license, restricted to 1 policy.
2025-01-28 23:54:17,355 INFO c.h.h.t.HelmChartContainer - [test-hivemq-platform] [hivemq] [a705c841] INFO  - Audit Logger started.
2025-01-28 23:54:17,581 INFO c.h.h.t.HelmChartContainer - [test-hivemq-platform] [hivemq] [a705c841] INFO  - This node uses '1' CPU cores.
2025-01-28 23:54:17,644 INFO c.h.h.t.HelmChartContainer - [test-hivemq-platform] [hivemq] [a705c841] INFO  - Starting HiveMQ Health API on address 0.0.0.0 and port 8889
2025-01-28 23:54:18,352 INFO c.h.h.t.HelmChartContainer - [test-hivemq-platform] [hivemq] [a705c841] INFO  - Started HiveMQ Health API in 708ms
2025-01-28 23:54:18,963 INFO c.h.h.t.HelmChartContainer - [test-hivemq-platform] [hivemq] [a705c841] INFO  - Starting HiveMQ extension system.
2025-01-28 23:54:19,256 INFO c.h.h.t.HelmChartContainer - [test-hivemq-platform] [hivemq] [a705c841] INFO  - Starting extension with id "hivemq-dns-cluster-discovery" at /opt/hivemq/extensions/hivemq-dns-cluster-discovery
2025-01-28 23:54:19,560 INFO c.h.h.t.HelmChartContainer - [hivemq-test-hivemq-platform] [hivemq-platform-operator] [e8d92505] 23:54:19.558 [pool-6-thread-1] DEBUG c.h.p.o.d.PlatformServiceResource - [helminit] Desired Platform services (3 services)
2025-01-28 23:54:19,561 INFO c.h.h.t.HelmChartContainer - [hivemq-test-hivemq-platform] [hivemq-platform-operator] [e8d92505] 23:54:19.559 [pool-6-thread-4] DEBUG c.h.p.o.d.PodServiceAccountResource - [helminit] Desired PodServiceAccountResource (serviceAccountName: hivemq-platform-pod-test-hivemq-platform)
2025-01-28 23:54:19,562 INFO c.h.h.t.HelmChartContainer - [hivemq-test-hivemq-platform] [hivemq-platform-operator] [e8d92505] 23:54:19.560 [pool-6-thread-9] DEBUG c.h.p.o.dependants.PodInfoConfigMap - [helminit] Desired PodInfo ConfigMap (1 extensions) (1 enabled)
2025-01-28 23:54:19,563 INFO c.h.h.t.HelmChartContainer - [hivemq-test-hivemq-platform] [hivemq-platform-operator] [e8d92505] 23:54:19.560 [pool-6-thread-9] DEBUG c.h.p.o.dependants.PodInfoConfigMap - [helminit] Desired PodInfo ConfigMap (metrics port: 9399) (metrics path: /)
2025-01-28 23:54:19,563 INFO c.h.h.t.HelmChartContainer - [hivemq-test-hivemq-platform] [hivemq-platform-operator] [e8d92505] 23:54:19.560 [pool-6-thread-9] DEBUG c.h.p.o.dependants.PodInfoConfigMap - [helminit] Desired PodInfo ConfigMap (extension state hash: -1817474005)
2025-01-28 23:54:19,565 INFO c.h.h.t.HelmChartContainer - [hivemq-test-hivemq-platform] [hivemq-platform-operator] [e8d92505] 23:54:19.564 [pool-6-thread-9] DEBUG c.h.p.o.d.StatefulSetResource - [helminit] Desired StatefulSet (1 replicas) for status STARTING (READY)
2025-01-28 23:54:19,568 INFO c.h.h.t.HelmChartContainer - [hivemq-test-hivemq-platform] [hivemq-platform-operator] [e8d92505] 23:54:19.567 [ReconcilerExecutor-hivemq-controller-114] INFO  c.h.p.o.HiveMQPlatformReconciler - [helminit] Reconciling HiveMQ Platform 'test-hivemq-platform' in namespace 'helminitcontainerit'
2025-01-28 23:54:19,570 INFO c.h.h.t.HelmChartContainer - [hivemq-test-hivemq-platform] [hivemq-platform-operator] [e8d92505] 23:54:19.568 [ReconcilerExecutor-hivemq-controller-114] DEBUG c.h.p.o.HiveMQPlatformReconciler - [helminit] Custom Resource Status STARTING - HiveMQ Platform is starting (READY)
2025-01-28 23:54:19,570 INFO c.h.h.t.HelmChartContainer - [hivemq-test-hivemq-platform] [hivemq-platform-operator] [e8d92505] 23:54:19.568 [ReconcilerExecutor-hivemq-controller-114] DEBUG c.h.p.o.HiveMQPlatformReconciler - [helminit] Custom Resource Spec (replicas: 1) (extensions: 1)
2025-01-28 23:54:19,571 INFO c.h.h.t.HelmChartContainer - [hivemq-test-hivemq-platform] [hivemq-platform-operator] [e8d92505] 23:54:19.569 [ReconcilerExecutor-hivemq-controller-114] DEBUG c.h.p.o.HiveMQPlatformReconciler - [helminit] StatefulSet Status (revision: test-hivemq-platform-bdc69c5dd, replicas: 1, available: 0, ready: 0, current: 1, updated: 1)
2025-01-28 23:54:19,572 INFO c.h.h.t.HelmChartContainer - [hivemq-test-hivemq-platform] [hivemq-platform-operator] [e8d92505] 23:54:19.569 [ReconcilerExecutor-hivemq-controller-114] DEBUG c.h.p.o.HiveMQPlatformReconciler - [helminit] StatefulSet Spec (replicas: 1, init containers: 2, containers: 1, volumes: 4)
2025-01-28 23:54:19,572 INFO c.h.h.t.HelmChartContainer - [hivemq-test-hivemq-platform] [hivemq-platform-operator] [e8d92505] 23:54:19.571 [ReconcilerExecutor-hivemq-controller-114] DEBUG c.h.p.o.h.HiveMQPlatformReconcilerErrorHandler - [helminit] Pod 'test-hivemq-platform-0' phase Running
2025-01-28 23:54:19,573 INFO c.h.h.t.HelmChartContainer - [hivemq-test-hivemq-platform] [hivemq-platform-operator] [e8d92505] 23:54:19.572 [ReconcilerExecutor-hivemq-controller-114] INFO  c.h.p.o.h.HiveMQPlatformReconcilerBaseHandler - [helminit] HiveMQ Platform is starting, 0 of 1 replicas are ready
2025-01-28 23:54:19,943 INFO c.h.h.t.HelmChartContainer - [test-hivemq-platform] [hivemq] [a705c841] INFO  - Extension "DNS Cluster Discovery Extension" version 4.3.2 started successfully.
2025-01-28 23:54:19,943 INFO c.h.h.t.HelmChartContainer - [test-hivemq-platform] [hivemq] [a705c841] INFO  - Starting extension with id "hivemq-prometheus-extension" at /opt/hivemq/extensions/hivemq-prometheus-extension
2025-01-28 23:54:20,047 INFO c.h.h.t.HelmChartContainer - [test-hivemq-platform] [hivemq] [a705c841] INFO  - Using TCP cluster transport on address 10.42.0.8 and port 7000
2025-01-28 23:54:20,143 INFO c.h.h.t.HelmChartContainer - [test-hivemq-platform] [hivemq] [a705c841] INFO  - Using extension cluster discovery
2025-01-28 23:54:20,506 INFO c.h.h.t.HelmChartContainer - [EVENT] Warning [Unhealthy] Readiness probe failed: Get "http://10.42.0.8:7979/readiness": context deadline exceeded (Client.Timeout exceeded while awaiting headers) [helminitcontainerit:test-hivemq-platform-0]
2025-01-28 23:54:20,506 INFO c.h.h.t.HelmChartContainer - Received Unhealthy event for container hivemq in pod test-hivemq-platform-0 [a705c841-4412-43cb-87c1-8ea948552249]
2025-01-28 23:54:21,243 INFO c.h.h.t.HelmChartContainer - [test-hivemq-platform] [hivemq] [a705c841] INFO  - [HiveMQ Platform Operator Init App 1.7.0-SNAPSHOT] Returning Health API response 503 for readiness
2025-01-28 23:54:21,245 INFO c.h.h.t.HelmChartContainer - [test-hivemq-platform] [hivemq] [a705c841] INFO  - Started Jetty Server exposing Prometheus Servlet on URI http://0.0.0.0:9399/
2025-01-28 23:54:21,247 INFO c.h.h.t.HelmChartContainer - [test-hivemq-platform] [hivemq] [a705c841] INFO  - Extension "Prometheus Monitoring Extension" version 4.0.12 started successfully.
2025-01-28 23:54:21,247 INFO c.h.h.t.HelmChartContainer - [test-hivemq-platform] [hivemq] [a705c841] INFO  - Starting extension with id "hivemq-allow-all-extension" at /opt/hivemq/extensions/hivemq-allow-all-extension
2025-01-28 23:54:21,247 INFO c.h.h.t.HelmChartContainer - [test-hivemq-platform] [hivemq] [a705c841] WARN  - 
2025-01-28 23:54:21,247 INFO c.h.h.t.HelmChartContainer - [test-hivemq-platform] [hivemq] [a705c841] ################################################################################################################
2025-01-28 23:54:21,247 INFO c.h.h.t.HelmChartContainer - [test-hivemq-platform] [hivemq] [a705c841] # This HiveMQ deployment is not secure! You are lacking Authentication and Authorization.                      #
2025-01-28 23:54:21,247 INFO c.h.h.t.HelmChartContainer - [test-hivemq-platform] [hivemq] [a705c841] # Right now any MQTT client can connect to the broker with a full set of permissions.                          #
2025-01-28 23:54:21,247 INFO c.h.h.t.HelmChartContainer - [test-hivemq-platform] [hivemq] [a705c841] # For production usage, add an appropriate security extension and remove the hivemq-allow-all extension.       #
2025-01-28 23:54:21,247 INFO c.h.h.t.HelmChartContainer - [test-hivemq-platform] [hivemq] [a705c841] # You can download security extensions from the HiveMQ Marketplace (https://www.hivemq.com/extensions/).       #
2025-01-28 23:54:21,247 INFO c.h.h.t.HelmChartContainer - [test-hivemq-platform] [hivemq] [a705c841] ################################################################################################################
2025-01-28 23:54:21,251 INFO c.h.h.t.HelmChartContainer - [test-hivemq-platform] [hivemq] [a705c841] INFO  - Extension "Allow All Extension" version 1.1.1 started successfully.
2025-01-28 23:54:23,552 INFO c.h.h.t.HelmChartContainer - [test-hivemq-platform] [hivemq] [a705c841] INFO  - Mas3u: no members discovered after 2702 ms: creating cluster as first member
2025-01-28 23:54:23,559 INFO c.h.h.t.HelmChartContainer - [test-hivemq-platform] [hivemq] [a705c841] INFO  - Cluster nodes found by discovery: [Mas3u|0] (1) [Mas3u].
2025-01-28 23:54:23,645 INFO c.h.h.t.HelmChartContainer - [test-hivemq-platform] [hivemq] [a705c841] WARN  - No user for HiveMQ Control Center configured. Starting with default user
2025-01-28 23:54:23,645 INFO c.h.h.t.HelmChartContainer - [test-hivemq-platform] [hivemq] [a705c841] INFO  - Starting HiveMQ Control Center on address 0.0.0.0 and port 8080
2025-01-28 23:54:23,658 INFO c.h.h.t.HelmChartContainer - [test-hivemq-platform] [hivemq] [a705c841] INFO  - Mounting HiveMQ Control Center V2 Preview
2025-01-28 23:54:24,255 INFO c.h.h.t.HelmChartContainer - [test-hivemq-platform] [hivemq] [a705c841] INFO  - Started HiveMQ Control Center in 611ms
2025-01-28 23:54:24,345 INFO c.h.h.t.HelmChartContainer - [test-hivemq-platform] [hivemq] [a705c841] INFO  - Starting TCP listener on address 0.0.0.0 and port 1883
2025-01-28 23:54:24,359 INFO c.h.h.t.HelmChartContainer - [test-hivemq-platform] [hivemq] [a705c841] INFO  - Started TCP Listener on address 0.0.0.0 and on port 1883.
2025-01-28 23:54:24,359 INFO c.h.h.t.HelmChartContainer - [test-hivemq-platform] [hivemq] [a705c841] INFO  - Started HiveMQ in 32613ms
2025-01-28 23:54:24,468 INFO c.h.h.t.HelmChartContainer - [test-hivemq-platform] [hivemq] [a705c841] INFO  - [HiveMQ Platform Operator Init App 1.7.0-SNAPSHOT] Returning Health API response 200 for readiness
2025-01-28 23:54:24,482 INFO c.h.h.t.HelmChartContainer - [POD] test-hivemq-platform-0 [a705c841-4412-43cb-87c1-8ea948552249] in helminitcontainerit was MODIFIED
2025-01-28 23:54:24,498 INFO c.h.h.t.HelmChartContainer - [hivemq-test-hivemq-platform] [hivemq-platform-operator] [e8d92505] 23:54:24.489 [pool-6-thread-13] DEBUG c.h.p.o.d.PlatformServiceResource - [helminit] Desired Platform services (3 services)
2025-01-28 23:54:24,498 INFO c.h.h.t.HelmChartContainer - [hivemq-test-hivemq-platform] [hivemq-platform-operator] [e8d92505] 23:54:24.490 [pool-6-thread-11] DEBUG c.h.p.o.dependants.PodInfoConfigMap - [helminit] Desired PodInfo ConfigMap (1 extensions) (1 enabled)
2025-01-28 23:54:24,499 INFO c.h.h.t.HelmChartContainer - [hivemq-test-hivemq-platform] [hivemq-platform-operator] [e8d92505] 23:54:24.490 [pool-6-thread-11] DEBUG c.h.p.o.dependants.PodInfoConfigMap - [helminit] Desired PodInfo ConfigMap (metrics port: 9399) (metrics path: /)
2025-01-28 23:54:24,499 INFO c.h.h.t.HelmChartContainer - [hivemq-test-hivemq-platform] [hivemq-platform-operator] [e8d92505] 23:54:24.490 [pool-6-thread-11] DEBUG c.h.p.o.dependants.PodInfoConfigMap - [helminit] Desired PodInfo ConfigMap (extension state hash: -1817474005)
2025-01-28 23:54:24,499 INFO c.h.h.t.HelmChartContainer - [hivemq-test-hivemq-platform] [hivemq-platform-operator] [e8d92505] 23:54:24.492 [pool-6-thread-15] DEBUG c.h.p.o.d.PodServiceAccountResource - [helminit] Desired PodServiceAccountResource (serviceAccountName: hivemq-platform-pod-test-hivemq-platform)
2025-01-28 23:54:24,507 INFO c.h.h.t.HelmChartContainer - [hivemq-test-hivemq-platform] [hivemq-platform-operator] [e8d92505] 23:54:24.506 [pool-6-thread-13] DEBUG c.h.p.o.d.StatefulSetResource - [helminit] Desired StatefulSet (1 replicas) for status STARTING (READY)
2025-01-28 23:54:24,529 INFO c.h.h.t.HelmChartContainer - [hivemq-test-hivemq-platform] [hivemq-platform-operator] [e8d92505] 23:54:24.528 [ReconcilerExecutor-hivemq-controller-115] INFO  c.h.p.o.HiveMQPlatformReconciler - [helminit] Reconciling HiveMQ Platform 'test-hivemq-platform' in namespace 'helminitcontainerit'
2025-01-28 23:54:24,530 INFO c.h.h.t.HelmChartContainer - [hivemq-test-hivemq-platform] [hivemq-platform-operator] [e8d92505] 23:54:24.528 [ReconcilerExecutor-hivemq-controller-115] DEBUG c.h.p.o.HiveMQPlatformReconciler - [helminit] Custom Resource Status STARTING - HiveMQ Platform is starting (READY)
2025-01-28 23:54:24,530 INFO c.h.h.t.HelmChartContainer - [hivemq-test-hivemq-platform] [hivemq-platform-operator] [e8d92505] 23:54:24.528 [ReconcilerExecutor-hivemq-controller-115] DEBUG c.h.p.o.HiveMQPlatformReconciler - [helminit] Custom Resource Spec (replicas: 1) (extensions: 1)
2025-01-28 23:54:24,532 INFO c.h.h.t.HelmChartContainer - [hivemq-test-hivemq-platform] [hivemq-platform-operator] [e8d92505] 23:54:24.531 [ReconcilerExecutor-hivemq-controller-115] DEBUG c.h.p.o.HiveMQPlatformReconciler - [helminit] StatefulSet Status (revision: test-hivemq-platform-bdc69c5dd, replicas: 1, available: 1, ready: 1, current: 1, updated: 1)
2025-01-28 23:54:24,532 INFO c.h.h.t.HelmChartContainer - [hivemq-test-hivemq-platform] [hivemq-platform-operator] [e8d92505] 23:54:24.531 [ReconcilerExecutor-hivemq-controller-115] DEBUG c.h.p.o.HiveMQPlatformReconciler - [helminit] StatefulSet Spec (replicas: 1, init containers: 2, containers: 1, volumes: 4)
2025-01-28 23:54:24,536 INFO c.h.h.t.HelmChartContainer - [hivemq-test-hivemq-platform] [hivemq-platform-operator] [e8d92505] 23:54:24.532 [ReconcilerExecutor-hivemq-controller-115] DEBUG c.h.p.o.h.HiveMQPlatformReconcilerErrorHandler - [helminit] Pod 'test-hivemq-platform-0' phase Running
2025-01-28 23:54:24,536 INFO c.h.h.t.HelmChartContainer - [hivemq-test-hivemq-platform] [hivemq-platform-operator] [e8d92505] 23:54:24.533 [ReconcilerExecutor-hivemq-controller-115] INFO  c.h.p.o.h.HiveMQPlatformReconcilerBaseHandler - [helminit] HiveMQ Platform started successfully
2025-01-28 23:54:24,633 INFO c.h.h.t.HelmChartContainer - [hivemq-test-hivemq-platform] [hivemq-platform-operator] [e8d92505] 23:54:24.632 [ReconcilerExecutor-hivemq-controller-115] DEBUG c.h.p.operator.event.EventSender - [helminit] Creating K8s event hivemq-platform-ready: [Ready] HiveMQ Platform is ready
2025-01-28 23:54:24,638 INFO c.h.h.t.HelmChartContainer - [EVENT] Normal [Ready] HiveMQ Platform is ready [helminitcontainerit:test-hivemq-platform]
2025-01-28 23:54:24,639 INFO c.h.h.t.HelmChartContainer - [hivemq-test-hivemq-platform] [hivemq-platform-operator] [e8d92505] 23:54:24.637 [ReconcilerExecutor-hivemq-controller-115] INFO  c.h.p.o.h.AbstractHiveMQReconcilerStateHandler - [helminit] Update HiveMQ Platform Status (STARTING [READY] -> RUNNING [READY]): HiveMQ Platform is ready
2025-01-28 23:54:24,646 DEBUG com.hivemq.helmcharts.util.K8sUtil - Comparing actual state 'RUNNING' and waiting for 'RUNNING'
2025-01-28 23:54:24,703 INFO c.h.h.t.HelmChartContainer - [hivemq-test-hivemq-platform] [hivemq-platform-operator] [e8d92505] 23:54:24.701 [pool-6-thread-23] DEBUG c.h.p.o.d.PlatformServiceResource - [helminit] Desired Platform services (3 services)
2025-01-28 23:54:24,703 INFO c.h.h.t.HelmChartContainer - [hivemq-test-hivemq-platform] [hivemq-platform-operator] [e8d92505] 23:54:24.701 [pool-6-thread-24] DEBUG c.h.p.o.dependants.PodInfoConfigMap - [helminit] Desired PodInfo ConfigMap (1 extensions) (1 enabled)
2025-01-28 23:54:24,703 INFO c.h.h.t.HelmChartContainer - [hivemq-test-hivemq-platform] [hivemq-platform-operator] [e8d92505] 23:54:24.701 [pool-6-thread-24] DEBUG c.h.p.o.dependants.PodInfoConfigMap - [helminit] Desired PodInfo ConfigMap (metrics port: 9399) (metrics path: /)
2025-01-28 23:54:24,703 INFO c.h.h.t.HelmChartContainer - [hivemq-test-hivemq-platform] [hivemq-platform-operator] [e8d92505] 23:54:24.701 [pool-6-thread-24] DEBUG c.h.p.o.dependants.PodInfoConfigMap - [helminit] Desired PodInfo ConfigMap (extension state hash: -1817474005)
2025-01-28 23:54:24,703 INFO c.h.h.t.HelmChartContainer - [hivemq-test-hivemq-platform] [hivemq-platform-operator] [e8d92505] 23:54:24.702 [pool-6-thread-24] DEBUG c.h.p.o.dependants.PodInfoConfigMap - [helminit] Update PodInfo ConfigMap
2025-01-28 23:54:24,704 INFO c.h.h.t.HelmChartContainer - [hivemq-test-hivemq-platform] [hivemq-platform-operator] [e8d92505] 23:54:24.704 [pool-6-thread-21] DEBUG c.h.p.o.d.PodServiceAccountResource - [helminit] Desired PodServiceAccountResource (serviceAccountName: hivemq-platform-pod-test-hivemq-platform)
2025-01-28 23:54:24,736 INFO c.h.h.t.HelmChartContainer - [hivemq-test-hivemq-platform] [hivemq-platform-operator] [e8d92505] 23:54:24.736 [pool-6-thread-24] DEBUG c.h.p.o.d.StatefulSetResource - [helminit] Desired StatefulSet (1 replicas) for status RUNNING (READY)
2025-01-28 23:54:24,801 INFO c.h.h.t.HelmChartContainer - [hivemq-test-hivemq-platform] [hivemq-platform-operator] [e8d92505] 23:54:24.799 [ReconcilerExecutor-hivemq-controller-116] INFO  c.h.p.o.HiveMQPlatformReconciler - [helminit] Reconciling HiveMQ Platform 'test-hivemq-platform' in namespace 'helminitcontainerit'
2025-01-28 23:54:24,801 INFO c.h.h.t.HelmChartContainer - [hivemq-test-hivemq-platform] [hivemq-platform-operator] [e8d92505] 23:54:24.800 [ReconcilerExecutor-hivemq-controller-116] DEBUG c.h.p.o.HiveMQPlatformReconciler - [helminit] Custom Resource Status RUNNING - HiveMQ Platform is ready (READY)
2025-01-28 23:54:24,801 INFO c.h.h.t.HelmChartContainer - [hivemq-test-hivemq-platform] [hivemq-platform-operator] [e8d92505] 23:54:24.800 [ReconcilerExecutor-hivemq-controller-116] DEBUG c.h.p.o.HiveMQPlatformReconciler - [helminit] Custom Resource Spec (replicas: 1) (extensions: 1)
2025-01-28 23:54:24,803 INFO c.h.h.t.HelmChartContainer - [hivemq-test-hivemq-platform] [hivemq-platform-operator] [e8d92505] 23:54:24.801 [ReconcilerExecutor-hivemq-controller-116] DEBUG c.h.p.o.HiveMQPlatformReconciler - [helminit] StatefulSet Status (revision: test-hivemq-platform-bdc69c5dd, replicas: 1, available: 1, ready: 1, current: 1, updated: 1)
2025-01-28 23:54:24,803 INFO c.h.h.t.HelmChartContainer - [hivemq-test-hivemq-platform] [hivemq-platform-operator] [e8d92505] 23:54:24.801 [ReconcilerExecutor-hivemq-controller-116] DEBUG c.h.p.o.HiveMQPlatformReconciler - [helminit] StatefulSet Spec (replicas: 1, init containers: 2, containers: 1, volumes: 4)
2025-01-28 23:54:24,804 INFO c.h.h.t.HelmChartContainer - [hivemq-test-hivemq-platform] [hivemq-platform-operator] [e8d92505] 23:54:24.803 [ReconcilerExecutor-hivemq-controller-116] DEBUG c.h.p.o.h.HiveMQPlatformReconcilerErrorHandler - [helminit] Pod 'test-hivemq-platform-0' phase Running
2025-01-28 23:54:28,755 INFO c.h.h.t.HelmChartContainer - Uninstalling release 'test-hivemq-platform' in namespace 'helminitcontainerit'...
2025-01-28 23:54:28,755 DEBUG c.h.h.t.HelmChartContainer - Executing helm command: /bin/helm --kubeconfig /etc/rancher/k3s/k3s.yaml uninstall test-hivemq-platform  --wait --timeout 5m0s --cascade foreground --namespace helminitcontainerit
2025-01-28 23:54:28,937 INFO c.h.h.t.HelmChartContainer - [hivemq-test-hivemq-platform] [hivemq-platform-operator] [e8d92505] 23:54:28.935 [ReconcilerExecutor-hivemq-controller-117] INFO  c.h.p.o.HiveMQPlatformReconciler - [helminit] Cleanup test-hivemq-platform - helminitcontainerit HiveMQ Platform is shut down
2025-01-28 23:54:29,676 INFO c.h.h.t.HelmChartContainer - [POD] test-hivemq-platform-0 [a705c841-4412-43cb-87c1-8ea948552249] in helminitcontainerit was MODIFIED
2025-01-28 23:54:29,686 INFO c.h.h.t.HelmChartContainer - [EVENT] Normal [Killing] Stopping container hivemq [helminitcontainerit:test-hivemq-platform-0]
2025-01-28 23:54:29,686 INFO c.h.h.t.HelmChartContainer - Received Killing event for container hivemq in pod test-hivemq-platform-0 [a705c841-4412-43cb-87c1-8ea948552249]
2025-01-28 23:54:29,686 INFO c.h.h.t.HelmChartContainer - Container [test-hivemq-platform-0] [hivemq] [a705c841-4412-43cb-87c1-8ea948552249] was terminated
2025-01-28 23:54:29,686 INFO c.h.h.t.HelmChartContainer - Stopped log watcher for hivemq in pod test-hivemq-platform-0 [a705c841-4412-43cb-87c1-8ea948552249]
2025-01-28 23:54:29,692 INFO c.h.h.t.HelmChartContainer - [test-hivemq-platform] [hivemq] [a705c841] INFO  - [HiveMQ Platform Operator Init App 1.7.0-SNAPSHOT] Shutting down
2025-01-28 23:54:29,692 INFO c.h.h.t.HelmChartContainer - [test-hivemq-platform] [hivemq] [a705c841] INFO  - [HiveMQ Platform Operator Init App 1.7.0-SNAPSHOT] Stopping the HiveMQ Platform
2025-01-28 23:54:29,754 INFO c.h.h.t.HelmChartContainer - [test-hivemq-platform] [hivemq] [a705c841] INFO  - Shutting down HiveMQ. Please wait, this could take a while...
2025-01-28 23:54:29,757 INFO c.h.h.t.HelmChartContainer - [test-hivemq-platform] [hivemq] [a705c841] INFO  - Shutting down listeners and clients
2025-01-28 23:54:29,758 INFO c.h.h.t.HelmChartContainer - [test-hivemq-platform] [hivemq] [a705c841] INFO  - Shutdown of listeners is done
2025-01-28 23:54:29,759 INFO c.h.h.t.HelmChartContainer - [test-hivemq-platform] [hivemq] [a705c841] INFO  - No clients are connected, proceeding with shutdown
2025-01-28 23:54:29,960 INFO c.h.h.t.HelmChartContainer - [K3S] [authentication.go:74] "Unable to authenticate the request" err="[invalid bearer token, serviceaccounts \"hivemq-platform-pod-test-hivemq-platform\" not found]"
2025-01-28 23:54:29,981 INFO c.h.h.t.HelmChartContainer - [K3S] [authentication.go:74] "Unable to authenticate the request" err="[invalid bearer token, serviceaccounts \"hivemq-platform-pod-test-hivemq-platform\" not found]"
2025-01-28 23:54:30,048 INFO c.h.h.t.HelmChartContainer - [test-hivemq-platform] [hivemq] [a705c841] WARN  - [HiveMQ Platform Operator Init App 1.7.0-SNAPSHOT] Could not update Pod annotations: Failure executing: GET at: https://10.43.0.1:443/api/v1/namespaces/helminitcontainerit/pods/test-hivemq-platform-0. Message: Unauthorized. Received status: Status(apiVersion=v1, code=401, details=null, kind=Status, message=Unauthorized, metadata=ListMeta(_continue=null, remainingItemCount=null, resourceVersion=null, selfLink=null, additionalProperties={}), reason=Unauthorized, status=Failure, additionalProperties={}).
2025-01-28 23:54:30,998 INFO c.h.h.t.HelmChartContainer - Deleting namespace 'helminitcontainerit'...
2025-01-28 23:54:33,050 INFO c.h.h.t.HelmChartContainer - [test-hivemq-platform] [hivemq] [a705c841] INFO  - Shutting down extension system
2025-01-28 23:54:33,051 INFO c.h.h.t.HelmChartContainer - [test-hivemq-platform] [hivemq] [a705c841] INFO  - Stopping extension with id hivemq-dns-cluster-discovery
2025-01-28 23:54:33,053 INFO c.h.h.t.HelmChartContainer - [test-hivemq-platform] [hivemq] [a705c841] INFO  - Extension "DNS Cluster Discovery Extension" version 4.3.2 stopped successfully.
2025-01-28 23:54:33,053 INFO c.h.h.t.HelmChartContainer - [test-hivemq-platform] [hivemq] [a705c841] INFO  - Stopping extension with id hivemq-prometheus-extension
2025-01-28 23:54:33,057 INFO c.h.h.t.HelmChartContainer - [test-hivemq-platform] [hivemq] [a705c841] INFO  - Extension "Prometheus Monitoring Extension" version 4.0.12 stopped successfully.
2025-01-28 23:54:33,057 INFO c.h.h.t.HelmChartContainer - [test-hivemq-platform] [hivemq] [a705c841] INFO  - Stopping extension with id hivemq-allow-all-extension
2025-01-28 23:54:33,057 INFO c.h.h.t.HelmChartContainer - [test-hivemq-platform] [hivemq] [a705c841] INFO  - Extension "Allow All Extension" version 1.1.1 stopped successfully.
2025-01-28 23:54:34,464 INFO c.h.h.t.HelmChartContainer - [test-hivemq-platform] [hivemq] [a705c841] INFO  - [HiveMQ Platform Operator Init App 1.7.0-SNAPSHOT] Returning shutdown Health API response 503 for readiness
2025-01-28 23:54:34,468 INFO c.h.h.t.HelmChartContainer - [EVENT] Warning [Unhealthy] Readiness probe failed: HTTP probe failed with statuscode: 503 [helminitcontainerit:test-hivemq-platform-0]
2025-01-28 23:54:34,468 INFO c.h.h.t.HelmChartContainer - Received Unhealthy event for container hivemq in pod test-hivemq-platform-0 [a705c841-4412-43cb-87c1-8ea948552249]
2025-01-28 23:54:35,051 INFO c.h.h.t.HelmChartContainer - [K3S] [authentication.go:74] "Unable to authenticate the request" err="[invalid bearer token, serviceaccounts \"hivemq-platform-pod-test-hivemq-platform\" not found]"
2025-01-28 23:54:35,065 INFO c.h.h.t.HelmChartContainer - [K3S] [authentication.go:74] "Unable to authenticate the request" err="[invalid bearer token, serviceaccounts \"hivemq-platform-pod-test-hivemq-platform\" not found]"
2025-01-28 23:54:35,067 INFO c.h.h.t.HelmChartContainer - [test-hivemq-platform] [hivemq] [a705c841] WARN  - [HiveMQ Platform Operator Init App 1.7.0-SNAPSHOT] Could not update Pod annotations: Failure executing: GET at: https://10.43.0.1:443/api/v1/namespaces/helminitcontainerit/pods/test-hivemq-platform-0. Message: Unauthorized. Received status: Status(apiVersion=v1, code=401, details=null, kind=Status, message=Unauthorized, metadata=ListMeta(_continue=null, remainingItemCount=null, resourceVersion=null, selfLink=null, additionalProperties={}), reason=Unauthorized, status=Failure, additionalProperties={}).
2025-01-28 23:54:35,355 INFO c.h.h.t.HelmChartContainer - [test-hivemq-platform] [hivemq] [a705c841] INFO  - Shutdown completed.
2025-01-28 23:54:35,701 INFO c.h.h.t.HelmChartContainer - [test-hivemq-platform] [hivemq] [a705c841] INFO  - [HiveMQ Platform Operator Init App 1.7.0-SNAPSHOT] The HiveMQ Platform exited with code 143
2025-01-28 23:54:35,701 INFO c.h.h.t.HelmChartContainer - [test-hivemq-platform] [hivemq] [a705c841] INFO  - [HiveMQ Platform Operator Init App 1.7.0-SNAPSHOT] Stopping the REST API
2025-01-28 23:54:35,707 INFO c.h.h.t.HelmChartContainer - [test-hivemq-platform] [hivemq] [a705c841] INFO  - [HiveMQ Platform Operator Init App 1.7.0-SNAPSHOT] Shutdown complete
2025-01-28 23:54:36,157 INFO c.h.h.t.HelmChartContainer - [K3S] [stateful_set.go:466] "StatefulSet has been deleted" key="helminitcontainerit/test-hivemq-platform"
2025-01-28 23:54:36,185 INFO c.h.h.t.HelmChartContainer - [POD] test-hivemq-platform-0 [a705c841-4412-43cb-87c1-8ea948552249] in helminitcontainerit was MODIFIED
2025-01-28 23:54:36,319 INFO c.h.h.t.HelmChartContainer - [K3S] [reconciler_common.go:162] "operationExecutor.UnmountVolume started for volume \"pod-info\" (UniqueName: \"kubernetes.io/configmap/a705c841-4412-43cb-87c1-8ea948552249-pod-info\") pod \"a705c841-4412-43cb-87c1-8ea948552249\" (UID: \"a705c841-4412-43cb-87c1-8ea948552249\") "
2025-01-28 23:54:36,319 INFO c.h.h.t.HelmChartContainer - [K3S] [reconciler_common.go:162] "operationExecutor.UnmountVolume started for volume \"init-container-volume\" (UniqueName: \"kubernetes.io/empty-dir/a705c841-4412-43cb-87c1-8ea948552249-init-container-volume\") pod \"a705c841-4412-43cb-87c1-8ea948552249\" (UID: \"a705c841-4412-43cb-87c1-8ea948552249\") "
2025-01-28 23:54:36,319 INFO c.h.h.t.HelmChartContainer - [K3S] [reconciler_common.go:162] "operationExecutor.UnmountVolume started for volume \"broker-configuration\" (UniqueName: \"kubernetes.io/configmap/a705c841-4412-43cb-87c1-8ea948552249-broker-configuration\") pod \"a705c841-4412-43cb-87c1-8ea948552249\" (UID: \"a705c841-4412-43cb-87c1-8ea948552249\") "
2025-01-28 23:54:36,320 INFO c.h.h.t.HelmChartContainer - [K3S] [reconciler_common.go:162] "operationExecutor.UnmountVolume started for volume \"operator-init\" (UniqueName: \"kubernetes.io/empty-dir/a705c841-4412-43cb-87c1-8ea948552249-operator-init\") pod \"a705c841-4412-43cb-87c1-8ea948552249\" (UID: \"a705c841-4412-43cb-87c1-8ea948552249\") "
2025-01-28 23:54:36,320 INFO c.h.h.t.HelmChartContainer - [K3S] [reconciler_common.go:162] "operationExecutor.UnmountVolume started for volume \"kube-api-access-m56cm\" (UniqueName: \"kubernetes.io/projected/a705c841-4412-43cb-87c1-8ea948552249-kube-api-access-m56cm\") pod \"a705c841-4412-43cb-87c1-8ea948552249\" (UID: \"a705c841-4412-43cb-87c1-8ea948552249\") "
2025-01-28 23:54:36,420 INFO c.h.h.t.HelmChartContainer - [K3S] [reconciler_common.go:299] "Volume detached for volume \"pod-info\" (UniqueName: \"kubernetes.io/configmap/a705c841-4412-43cb-87c1-8ea948552249-pod-info\") on node \"fa4611d197e6\" DevicePath \"\""
2025-01-28 23:54:36,420 INFO c.h.h.t.HelmChartContainer - [K3S] [reconciler_common.go:299] "Volume detached for volume \"init-container-volume\" (UniqueName: \"kubernetes.io/empty-dir/a705c841-4412-43cb-87c1-8ea948552249-init-container-volume\") on node \"fa4611d197e6\" DevicePath \"\""
2025-01-28 23:54:36,420 INFO c.h.h.t.HelmChartContainer - [K3S] [reconciler_common.go:299] "Volume detached for volume \"broker-configuration\" (UniqueName: \"kubernetes.io/configmap/a705c841-4412-43cb-87c1-8ea948552249-broker-configuration\") on node \"fa4611d197e6\" DevicePath \"\""
2025-01-28 23:54:36,420 INFO c.h.h.t.HelmChartContainer - [K3S] [reconciler_common.go:299] "Volume detached for volume \"operator-init\" (UniqueName: \"kubernetes.io/empty-dir/a705c841-4412-43cb-87c1-8ea948552249-operator-init\") on node \"fa4611d197e6\" DevicePath \"\""
2025-01-28 23:54:36,420 INFO c.h.h.t.HelmChartContainer - [K3S] [reconciler_common.go:299] "Volume detached for volume \"kube-api-access-m56cm\" (UniqueName: \"kubernetes.io/projected/a705c841-4412-43cb-87c1-8ea948552249-kube-api-access-m56cm\") on node \"fa4611d197e6\" DevicePath \"\""
2025-01-28 23:54:36,588 INFO c.h.h.t.HelmChartContainer - [K3S] [scope.go:117] "RemoveContainer" containerID="7584875350d44e5c2a09523f8846202aced42b665ab93b0cd4c3cfcbf29c07ac"
2025-01-28 23:54:36,605 INFO c.h.h.t.HelmChartContainer - [POD] test-hivemq-platform-0 [a705c841-4412-43cb-87c1-8ea948552249] in helminitcontainerit was MODIFIED
2025-01-28 23:54:36,608 INFO c.h.h.t.HelmChartContainer - [POD] test-hivemq-platform-0 [a705c841-4412-43cb-87c1-8ea948552249] in helminitcontainerit was DELETED
2025-01-28 23:54:36,710 INFO c.h.h.t.HelmChartContainer - [K3S] [scope.go:117] "RemoveContainer" containerID="9e9e9884a390e44a661846c2755c6354af64040d71204dc924c9d3259da7533b"
2025-01-28 23:54:36,713 INFO c.h.h.t.HelmChartContainer - [K3S] [scope.go:117] "RemoveContainer" containerID="9302c0bfa64ebcc812c198bf720bbe77c4c8ba85abde30fe26f869d4128bf1a2"
2025-01-28 23:54:36,715 INFO c.h.h.t.HelmChartContainer - [K3S] [scope.go:117] "RemoveContainer" containerID="7584875350d44e5c2a09523f8846202aced42b665ab93b0cd4c3cfcbf29c07ac"
2025-01-28 23:54:36,716 INFO c.h.h.t.HelmChartContainer - [K3S] [scope.go:117] "RemoveContainer" containerID="9e9e9884a390e44a661846c2755c6354af64040d71204dc924c9d3259da7533b"
2025-01-28 23:54:36,716 INFO c.h.h.t.HelmChartContainer - [K3S] [scope.go:117] "RemoveContainer" containerID="9302c0bfa64ebcc812c198bf720bbe77c4c8ba85abde30fe26f869d4128bf1a2"
2025-01-28 23:54:38,221 INFO c.h.h.t.HelmChartContainer - [K3S] [kubelet_volumes.go:163] "Cleaned up orphaned pod volumes dir" podUID="a705c841-4412-43cb-87c1-8ea948552249" path="/var/lib/kubelet/pods/a705c841-4412-43cb-87c1-8ea948552249/volumes"
2025-01-28 23:54:41,342 INFO c.h.h.t.HelmChartContainer - Namespace 'helminitcontainerit' deleted
2025-01-28 23:54:41,342 INFO c.h.h.t.HelmChartContainer - Release 'test-hivemq-platform' in namespace 'helminitcontainerit' is uninstalled
2025-01-28 23:54:41,342 INFO c.h.h.t.HelmChartContainer - Uninstalling release 'test-hivemq-platform-operator' in namespace 'helminitcontainerit-operator'...
2025-01-28 23:54:41,342 DEBUG c.h.h.t.HelmChartContainer - Executing helm command: /bin/helm --kubeconfig /etc/rancher/k3s/k3s.yaml uninstall test-hivemq-platform-operator  --wait --timeout 5m0s --cascade foreground --namespace helminitcontainerit-operator
2025-01-28 23:54:41,497 INFO c.h.h.t.HelmChartContainer - [K3S] [replica_set.go:679] "Finished syncing" kind="ReplicaSet" key="helminitcontainerit-operator/hivemq-test-hivemq-platform-operator-6966f96d65" duration="8.486512ms"
2025-01-28 23:54:41,497 INFO c.h.h.t.HelmChartContainer - [K3S] [replica_set.go:679] "Finished syncing" kind="ReplicaSet" key="helminitcontainerit-operator/hivemq-test-hivemq-platform-operator-6966f96d65" duration="32.662µs"
2025-01-28 23:54:41,507 INFO c.h.h.t.HelmChartContainer - [POD] hivemq-test-hivemq-platform-operator-6966f96d65-mxxqt [e8d92505-dad9-47eb-bf62-acb840f09ae1] in helminitcontainerit-operator was MODIFIED
2025-01-28 23:54:41,515 INFO c.h.h.t.HelmChartContainer - [EVENT] Normal [Killing] Stopping container hivemq-platform-operator [helminitcontainerit-operator:hivemq-test-hivemq-platform-operator-6966f96d65-mxxqt]
2025-01-28 23:54:41,515 INFO c.h.h.t.HelmChartContainer - Received Killing event for container hivemq-platform-operator in pod hivemq-test-hivemq-platform-operator-6966f96d65-mxxqt [e8d92505-dad9-47eb-bf62-acb840f09ae1]
2025-01-28 23:54:41,515 INFO c.h.h.t.HelmChartContainer - Container [hivemq-test-hivemq-platform-operator-6966f96d65-mxxqt] [hivemq-platform-operator] [e8d92505-dad9-47eb-bf62-acb840f09ae1] was terminated
2025-01-28 23:54:41,515 INFO c.h.h.t.HelmChartContainer - Stopped log watcher for hivemq-platform-operator in pod hivemq-test-hivemq-platform-operator-6966f96d65-mxxqt [e8d92505-dad9-47eb-bf62-acb840f09ae1]
2025-01-28 23:54:41,518 INFO c.h.h.t.HelmChartContainer - [K3S] [replica_set.go:679] "Finished syncing" kind="ReplicaSet" key="helminitcontainerit-operator/hivemq-test-hivemq-platform-operator-6966f96d65" duration="10.712678ms"
2025-01-28 23:54:41,519 INFO c.h.h.t.HelmChartContainer - [K3S] [replica_set.go:679] "Finished syncing" kind="ReplicaSet" key="helminitcontainerit-operator/hivemq-test-hivemq-platform-operator-6966f96d65" duration="32.441µs"
2025-01-28 23:54:41,550 INFO c.h.h.t.HelmChartContainer - [hivemq-test-hivemq-platform] [hivemq-platform-operator] [e8d92505] 23:54:41.547 [application-shutdown-thread] INFO  c.h.p.o.HiveMQPlatformOperatorApplication - HiveMQ Platform Operator is stopping...
2025-01-28 23:54:41,550 INFO c.h.h.t.HelmChartContainer - [hivemq-test-hivemq-platform] [hivemq-platform-operator] [e8d92505] 23:54:41.548 [application-shutdown-thread] INFO  i.javaoperatorsdk.operator.Operator - Operator SDK 4.9.7 is shutting down...
2025-01-28 23:54:42,138 INFO c.h.h.t.HelmChartContainer - [K3S] [replica_set.go:679] "Finished syncing" kind="ReplicaSet" key="helminitcontainerit-operator/hivemq-test-hivemq-platform-operator-6966f96d65" duration="38.051µs"
2025-01-28 23:54:42,138 INFO c.h.h.t.HelmChartContainer - [POD] hivemq-test-hivemq-platform-operator-6966f96d65-mxxqt [e8d92505-dad9-47eb-bf62-acb840f09ae1] in helminitcontainerit-operator was MODIFIED
2025-01-28 23:54:42,252 INFO c.h.h.t.HelmChartContainer - [K3S] [reconciler_common.go:162] "operationExecutor.UnmountVolume started for volume \"kube-api-access-zzgdm\" (UniqueName: \"kubernetes.io/projected/e8d92505-dad9-47eb-bf62-acb840f09ae1-kube-api-access-zzgdm\") pod \"e8d92505-dad9-47eb-bf62-acb840f09ae1\" (UID: \"e8d92505-dad9-47eb-bf62-acb840f09ae1\") "
2025-01-28 23:54:42,353 INFO c.h.h.t.HelmChartContainer - [K3S] [reconciler_common.go:299] "Volume detached for volume \"kube-api-access-zzgdm\" (UniqueName: \"kubernetes.io/projected/e8d92505-dad9-47eb-bf62-acb840f09ae1-kube-api-access-zzgdm\") on node \"fa4611d197e6\" DevicePath \"\""
2025-01-28 23:54:42,597 INFO c.h.h.t.HelmChartContainer - [K3S] [scope.go:117] "RemoveContainer" containerID="9f29e57a91fa833ce25bfc449be9d1feb6f0614305e4a8932df01c9822094b67"
2025-01-28 23:54:42,601 INFO c.h.h.t.HelmChartContainer - [K3S] [scope.go:117] "RemoveContainer" containerID="9f29e57a91fa833ce25bfc449be9d1feb6f0614305e4a8932df01c9822094b67"
2025-01-28 23:54:42,609 INFO c.h.h.t.HelmChartContainer - [K3S] [replica_set.go:679] "Finished syncing" kind="ReplicaSet" key="helminitcontainerit-operator/hivemq-test-hivemq-platform-operator-6966f96d65" duration="43.461µs"
2025-01-28 23:54:42,609 INFO c.h.h.t.HelmChartContainer - [POD] hivemq-test-hivemq-platform-operator-6966f96d65-mxxqt [e8d92505-dad9-47eb-bf62-acb840f09ae1] in helminitcontainerit-operator was MODIFIED
2025-01-28 23:54:42,611 INFO c.h.h.t.HelmChartContainer - [K3S] [replica_set.go:679] "Finished syncing" kind="ReplicaSet" key="helminitcontainerit-operator/hivemq-test-hivemq-platform-operator-6966f96d65" duration="33.413µs"
2025-01-28 23:54:42,612 INFO c.h.h.t.HelmChartContainer - [POD] hivemq-test-hivemq-platform-operator-6966f96d65-mxxqt [e8d92505-dad9-47eb-bf62-acb840f09ae1] in helminitcontainerit-operator was DELETED
2025-01-28 23:54:42,621 INFO c.h.h.t.HelmChartContainer - [K3S] [replica_set.go:679] "Finished syncing" kind="ReplicaSet" key="helminitcontainerit-operator/hivemq-test-hivemq-platform-operator-6966f96d65" duration="5.49µs"
2025-01-28 23:54:43,538 INFO c.h.h.t.HelmChartContainer - Deleting namespace 'helminitcontainerit-operator'...
2025-01-28 23:54:44,221 INFO c.h.h.t.HelmChartContainer - [K3S] [kubelet_volumes.go:163] "Cleaned up orphaned pod volumes dir" podUID="e8d92505-dad9-47eb-bf62-acb840f09ae1" path="/var/lib/kubelet/pods/e8d92505-dad9-47eb-bf62-acb840f09ae1/volumes"
2025-01-28 23:54:46,280 INFO c.h.h.t.HelmChartContainer - [K3S] [namespace_controller.go:187] "Namespace has been deleted" namespace="helminitcontainerit"
2025-01-28 23:54:48,753 INFO c.h.h.t.HelmChartContainer - Namespace 'helminitcontainerit-operator' deleted
2025-01-28 23:54:48,753 INFO c.h.h.t.HelmChartContainer - Release 'test-hivemq-platform-operator' in namespace 'helminitcontainerit-operator' is uninstalled
2025-01-28 23:54:49,470 INFO c.h.helmcharts.AbstractHelmChartIT - Removed unused containers:

2025-01-28 23:54:53,656 INFO c.h.h.t.HelmChartContainer - [K3S] [namespace_controller.go:187] "Namespace has been deleted" namespace="helminitcontainerit-operator"
2025-01-28 23:54:57,271 INFO c.h.helmcharts.AbstractHelmChartIT - Removed unused snapshots:
Removing snapshot sha256:03af251906410714c5aef9fa705b63f6bbc39c4a5e787de7361eeb18886c2ed2
Removing snapshot sha256:0c46b3b43cce082ce5ec34ffc6c294e0417d17b9d1e6f366d114b6aadc4f96dc
Removing snapshot sha256:0ce761beee59082d6ed5bcebd3a805b8ddd9b3426b617e4809e7fb7c6587ffec
Removing snapshot sha256:0df91287303208332c8ff6ba40ae4710105201739addbfbddfb955f1ad593664
Removing snapshot sha256:1021ef88c7974bfff89c5a0ec4fd3160daac6c48a075f74cff721f85dd104e68
Removing snapshot sha256:10aba4953ddc18145dd38e3704709bc464aa20af60b56fe52caaff4b68411e62
Removing snapshot sha256:2573e0d8158209ed54ab25c87bcdcb00bd3d2539246960a3d592a1c599d70465
Removing snapshot sha256:362a8a37f8bbc31925a8146adcf7cf51f9882f5c1dcbef67c5baa03a297543c0
Removing snapshot sha256:3fa4ad33f0ddc8fd45b39b6b4640f82a3a83619606cd975bfe89d8710ad2d4cd
Removing snapshot sha256:43a7c979bbaba6838bc3102d6b10a1459f3ab050b87ccdfef84ef90cf43d3058
Removing snapshot sha256:48d22716954df9a3d29156cf535eac67649092bf93811997637534568b254851
Removing snapshot sha256:4ab04491cdf0d3267f08206fe30bd48f49f94b9cab2f016d6739220f722a64af
Removing snapshot sha256:4b6068250e89c96f263060261819c7d912855bfbd64b3eb4c4a8483299b8c295
Removing snapshot sha256:580e69a0a8034ede1921139bbd2bfb72a69ebf276d008281896c32dd8bf74775
Removing snapshot sha256:59654b79daad74c77dc2e28502ca577ba8ce73276720002234a23fc60ee92692
Removing snapshot sha256:5d30ba46b27fe37484567ccc5242cadc78217b8da605f3f195ef25cbf7487904
Removing snapshot sha256:63ca1fbb43ae5034640e5e6cb3e083e05c290072c5366fcaa9d62435a4cced85
Removing snapshot sha256:67f702c6baae873bceb19487c8b1f27bd2b86077e4f2f0e480e6d60ab508b8f5
Removing snapshot sha256:6864348dd42806d552efdec384f1274be15e2d0c10ce44c1f04347af004c10a9
Removing snapshot sha256:6c7dee8f2c39b84b7dc2711c01d33de93514d9055499173e9290176fbe484b6c
Removing snapshot sha256:82753493a6d61ded36556292f02f31841a14c20d2f279f19eaad65afb661d5cd
Removing snapshot sha256:8a10d3db42c505ee0fcfa98417bdd7e39b304f6bcc0a06bb1b220797ff2cc63c
Removing snapshot sha256:a0904247e36a7726c03c71ee48f3e64462021c88dafeb13f37fdaf613b27f11c
Removing snapshot sha256:a21e5b12dbac529ad45d976eb9ce45c881f3bedcc500fb30aba1e52aa1813418
Removing snapshot sha256:b921e6c28969094157f9b8e7244677780319637afd14450b7cb6b2fdea558a0c
Removing snapshot sha256:bc27ecb5769a00e309cf99ebc763c4a4b958b618d1decc96ffac5bc05f02f5b7
Removing snapshot sha256:be3ccb6627a5332e309d45ef461d09b4879dd870c7394d89323d0ebc6ca6aa8a
Removing snapshot sha256:c261f7cbbc64211ee175ee47273acdb7b1a36a4450b397a064a8f2c026490095
Removing snapshot sha256:c34d9393647eea0c9e3557ab988efaf59f61d10a2a5613b439ef0958cca5ec10
Removing snapshot sha256:ccf3c4a0fa967a41c1c83497a2ce6fa5787965859df0adb32c4ca2cf7490bc2b
Removing snapshot sha256:cf92d33f869417309692088c341cd0f223c178ea78a125f757317b22aa8f90e9
Removing snapshot sha256:d0037344cf2fb078884f1849f6a1f8cf9a33a3b6139b6a85833e5ee528e1f9a8
Removing snapshot sha256:d3b36d5b79273b1e98e7700470eaeff05a882e777124d84cebcc1505b85ecb36
Removing snapshot sha256:d65a44a37914602d12c611e5e22a50f11451d847e63015cc1c2aef92dee777a4
Removing snapshot sha256:e2dc0bae2455930f23ae570e019b7f32edc75c0f2d71cab084db837ff9051796
Removing snapshot sha256:eccbd24a99c60cd9e86ee5305dbfc4a4dc89f5ab4fb1f06c8d64797cecedef34
Removing snapshot sha256:f144bb4c7c7f0d2aa7eeffd36d934ec40db1ee167be727e326aad9fdc616f475
Removing snapshot sha256:f2826e8078ae122722a5947e87cf2c69da961df377aa866b1242251aa8f9d35e

]]></system-out>
  </testcase>
  <system-out><![CDATA[2025-01-28 23:50:44,752 INFO c.h.h.t.HelmChartContainerExtension - Using cached HelmChartContainer instance
2025-01-28 23:50:44,757 INFO c.h.h.t.HelmChartContainerExtension - Creating cached HelmChartContainer instance
2025-01-28 23:50:44,774 INFO o.testcontainers.DockerClientFactory - Testcontainers version: 1.20.4
2025-01-28 23:50:45,178 INFO o.t.d.DockerClientProviderStrategy - Found Docker environment with local Unix socket (unix:///var/run/docker.sock)
2025-01-28 23:50:45,187 INFO o.testcontainers.DockerClientFactory - Docker host IP address is localhost
2025-01-28 23:50:45,203 INFO o.testcontainers.DockerClientFactory - Connected to docker: 
  Server Version: 26.1.3
  API Version: 1.45
  Operating System: Ubuntu 24.04.1 LTS
  Total Memory: 15990 MB
2025-01-28 23:50:45,211 INFO o.testcontainers.images.PullPolicy - Image pull policy will be performed by: DefaultPullPolicy()
2025-01-28 23:50:45,213 INFO o.t.utility.ImageNameSubstitutor - Image name substitution will be performed by: DefaultImageNameSubstitutor (composite of 'ConfigurationFileImageNameSubstitutor' and 'PrefixingImageNameSubstitutor')
2025-01-28 23:50:45,239 INFO tc.testcontainers/ryuk:0.11.0 - Pulling docker image: testcontainers/ryuk:0.11.0. Please be patient; this may take some time but only needs to be done once.
2025-01-28 23:50:45,652 INFO tc.testcontainers/ryuk:0.11.0 - Starting to pull image
2025-01-28 23:50:45,668 INFO tc.testcontainers/ryuk:0.11.0 - Pulling image layers:  0 pending,  0 downloaded,  0 extracted, (0 bytes/0 bytes)
2025-01-28 23:50:45,874 INFO tc.testcontainers/ryuk:0.11.0 - Pulling image layers:  2 pending,  1 downloaded,  0 extracted, (117 KB/? MB)
2025-01-28 23:50:45,880 INFO tc.testcontainers/ryuk:0.11.0 - Pulling image layers:  1 pending,  2 downloaded,  0 extracted, (117 KB/? MB)
2025-01-28 23:50:45,888 INFO tc.testcontainers/ryuk:0.11.0 - Pulling image layers:  0 pending,  3 downloaded,  0 extracted, (144 KB/10 MB)
2025-01-28 23:50:45,981 INFO tc.testcontainers/ryuk:0.11.0 - Pulling image layers:  0 pending,  3 downloaded,  1 extracted, (3 MB/10 MB)
2025-01-28 23:50:46,120 INFO tc.testcontainers/ryuk:0.11.0 - Pulling image layers:  0 pending,  3 downloaded,  2 extracted, (4 MB/10 MB)
2025-01-28 23:50:46,157 INFO tc.testcontainers/ryuk:0.11.0 - Pulling image layers:  0 pending,  3 downloaded,  3 extracted, (10 MB/10 MB)
2025-01-28 23:50:46,163 INFO tc.testcontainers/ryuk:0.11.0 - Image testcontainers/ryuk:0.11.0 pull took PT0.924179616S
2025-01-28 23:50:46,184 INFO tc.testcontainers/ryuk:0.11.0 - Creating container for image: testcontainers/ryuk:0.11.0
2025-01-28 23:50:46,241 INFO tc.testcontainers/ryuk:0.11.0 - Container testcontainers/ryuk:0.11.0 is starting: a454ebc9a9a0309dd0b2bb38b9587362c9408aacdf12b5d17a0a50f6edb73f6e
2025-01-28 23:50:46,503 INFO tc.testcontainers/ryuk:0.11.0 - Container testcontainers/ryuk:0.11.0 started in PT0.319547278S
2025-01-28 23:50:46,508 INFO o.t.utility.RyukResourceReaper - Ryuk started - will monitor and terminate Testcontainers containers on JVM exit
2025-01-28 23:50:46,508 INFO o.testcontainers.DockerClientFactory - Checking the system...
2025-01-28 23:50:46,509 INFO o.testcontainers.DockerClientFactory - ✔︎ Docker server version should be at least 1.6.0
2025-01-28 23:50:46,584 INFO o.t.i.builder.ImageFromDockerfile - Pre-emptively checking local images for 'ubuntu:noble-20241118.1@sha256:80dd3c3b9c6cecb9f1667e9290b3bc61b78c2678c02cbdae5f0fea92cc6734ab', referenced via a Dockerfile. If not available, it will be pulled.
2025-01-28 23:50:46,587 INFO t.u.1@sha256:80dd3c... - Pulling docker image: ubuntu:noble-20241118.1@sha256:80dd3c3b9c6cecb9f1667e9290b3bc61b78c2678c02cbdae5f0fea92cc6734ab. Please be patient; this may take some time but only needs to be done once.
2025-01-28 23:50:46,825 INFO t.u.1@sha256:80dd3c... - Starting to pull image
2025-01-28 23:50:46,825 INFO t.u.1@sha256:80dd3c... - Pulling image layers:  0 pending,  0 downloaded,  0 extracted, (0 bytes/0 bytes)
2025-01-28 23:50:47,259 INFO t.u.1@sha256:80dd3c... - Pulling image layers:  0 pending,  1 downloaded,  0 extracted, (27 MB/28 MB)
2025-01-28 23:50:48,187 INFO t.u.1@sha256:80dd3c... - Pulling image layers:  0 pending,  1 downloaded,  1 extracted, (28 MB/28 MB)
2025-01-28 23:50:48,192 INFO t.u.1@sha256:80dd3c... - Image ubuntu:noble-20241118.1@sha256:80dd3c3b9c6cecb9f1667e9290b3bc61b78c2678c02cbdae5f0fea92cc6734ab pull took PT1.604801459S
2025-01-28 23:50:48,192 INFO t.u.1@sha256:80dd3c... - Pull complete. 1 layers, pulled in 1s (downloaded 28 MB at 28 MB/s)
2025-01-28 23:50:48,194 INFO o.t.i.builder.ImageFromDockerfile - Pre-emptively checking local images for 'rancher/k3s:v1.32.1-k3s1', referenced via a Dockerfile. If not available, it will be pulled.
2025-01-28 23:50:48,196 INFO tc.rancher/k3s:v1.32.1-k3s1 - Pulling docker image: rancher/k3s:v1.32.1-k3s1. Please be patient; this may take some time but only needs to be done once.
2025-01-28 23:50:48,551 INFO tc.rancher/k3s:v1.32.1-k3s1 - Starting to pull image
2025-01-28 23:50:48,552 INFO tc.rancher/k3s:v1.32.1-k3s1 - Pulling image layers:  0 pending,  0 downloaded,  0 extracted, (0 bytes/0 bytes)
2025-01-28 23:50:49,299 INFO tc.rancher/k3s:v1.32.1-k3s1 - Pulling image layers:  0 pending,  1 downloaded,  0 extracted, (69 MB/71 MB)
2025-01-28 23:50:50,335 INFO tc.rancher/k3s:v1.32.1-k3s1 - Pulling image layers:  0 pending,  1 downloaded,  1 extracted, (71 MB/71 MB)
2025-01-28 23:50:50,341 INFO tc.rancher/k3s:v1.32.1-k3s1 - Image rancher/k3s:v1.32.1-k3s1 pull took PT2.145243315S
2025-01-28 23:50:50,341 INFO tc.rancher/k3s:v1.32.1-k3s1 - Pull complete. 1 layers, pulled in 1s (downloaded 71 MB at 71 MB/s)
2025-01-28 23:50:50,346 INFO o.t.i.builder.ImageFromDockerfile - Transferred 0 bytes to Docker daemon
2025-01-28 23:51:05,018 INFO c.h.h.t.HelmChartContainer - Starting HelmChartContainer...
2025-01-28 23:51:05,020 INFO t.localhost/testcontainers/uyuw3srtsjeysbuu:latest - Creating container for image: localhost/testcontainers/uyuw3srtsjeysbuu:latest
2025-01-28 23:51:05,089 INFO tc.alpine:3.17 - Pulling docker image: alpine:3.17. Please be patient; this may take some time but only needs to be done once.
2025-01-28 23:51:05,453 INFO tc.alpine:3.17 - Starting to pull image
2025-01-28 23:51:05,454 INFO tc.alpine:3.17 - Pulling image layers:  0 pending,  0 downloaded,  0 extracted, (0 bytes/0 bytes)
2025-01-28 23:51:05,697 INFO tc.alpine:3.17 - Pulling image layers:  0 pending,  1 downloaded,  0 extracted, (33 KB/3 MB)
2025-01-28 23:51:05,794 INFO tc.alpine:3.17 - Pulling image layers:  0 pending,  1 downloaded,  1 extracted, (3 MB/3 MB)
2025-01-28 23:51:05,800 INFO tc.alpine:3.17 - Image alpine:3.17 pull took PT0.710699117S
2025-01-28 23:51:06,336 INFO t.localhost/testcontainers/uyuw3srtsjeysbuu:latest - Container localhost/testcontainers/uyuw3srtsjeysbuu:latest is starting: fa4611d197e6309bf7aa607b8abbb9755bdcb106b7512966c5291f23ad6039ad
2025-01-28 23:51:06,694 INFO c.h.h.t.HelmChartContainer - [K3S] [INFO] Starting k3s v1.32.1+k3s1 (6a322f12)
2025-01-28 23:51:06,696 INFO c.h.h.t.HelmChartContainer - [K3S] [INFO] Configuring sqlite3 database connection pooling: maxIdleConns=2, maxOpenConns=0, connMaxLifetime=0s
2025-01-28 23:51:06,697 INFO c.h.h.t.HelmChartContainer - [K3S] [INFO] Configuring database table schema and indexes, this may take a moment...
2025-01-28 23:51:06,700 INFO c.h.h.t.HelmChartContainer - [K3S] [INFO] Database tables and indexes are up to date
2025-01-28 23:51:06,702 INFO c.h.h.t.HelmChartContainer - [K3S] [INFO] Kine available at unix://kine.sock
2025-01-28 23:51:06,796 INFO c.h.h.t.HelmChartContainer - [K3S] [INFO] Saving cluster bootstrap data to datastore
2025-01-28 23:51:06,797 INFO c.h.h.t.HelmChartContainer - [K3S] [WARNING] dynamiclistener [::]:6443: no cached certificate available for preload - deferring certificate load until storage initialization or first client request
2025-01-28 23:51:06,798 INFO c.h.h.t.HelmChartContainer - [K3S] [INFO] Active TLS secret / (ver=) (count 10): map[listener.cattle.io/cn-10.43.0.1:10.43.0.1 listener.cattle.io/cn-127.0.0.1:127.0.0.1 listener.cattle.io/cn-172.18.0.2:172.18.0.2 listener.cattle.io/cn-__1-f16284:::1 listener.cattle.io/cn-fa4611d197e6:fa4611d197e6 listener.cattle.io/cn-kubernetes:kubernetes listener.cattle.io/cn-kubernetes.default:kubernetes.default listener.cattle.io/cn-kubernetes.default.svc:kubernetes.default.svc listener.cattle.io/cn-kubernetes.default.svc.cluster.local:kubernetes.default.svc.cluster.local listener.cattle.io/cn-localhost:localhost listener.cattle.io/fingerprint:SHA1=902559E955C4D15BD002FC4E7C747BE18ED98E2B]
2025-01-28 23:51:06,960 INFO c.h.h.t.HelmChartContainer - [K3S] [INFO] Running kube-apiserver --advertise-port=6443 --allow-privileged=true --anonymous-auth=false --api-audiences=https://kubernetes.default.svc.cluster.local,k3s --authorization-mode=Node,RBAC --bind-address=127.0.0.1 --cert-dir=/var/lib/rancher/k3s/server/tls/temporary-certs --client-ca-file=/var/lib/rancher/k3s/server/tls/client-ca.crt --egress-selector-config-file=/var/lib/rancher/k3s/server/etc/egress-selector-config.yaml --enable-admission-plugins=NodeRestriction --enable-aggregator-routing=true --enable-bootstrap-token-auth=true --etcd-compaction-interval=0s --etcd-servers=unix://kine.sock --kubelet-certificate-authority=/var/lib/rancher/k3s/server/tls/server-ca.crt --kubelet-client-certificate=/var/lib/rancher/k3s/server/tls/client-kube-apiserver.crt --kubelet-client-key=/var/lib/rancher/k3s/server/tls/client-kube-apiserver.key --kubelet-preferred-address-types=InternalIP,ExternalIP,Hostname --profiling=false --proxy-client-cert-file=/var/lib/rancher/k3s/server/tls/client-auth-proxy.crt --proxy-client-key-file=/var/lib/rancher/k3s/server/tls/client-auth-proxy.key --requestheader-allowed-names=system:auth-proxy --requestheader-client-ca-file=/var/lib/rancher/k3s/server/tls/request-header-ca.crt --requestheader-extra-headers-prefix=X-Remote-Extra- --requestheader-group-headers=X-Remote-Group --requestheader-username-headers=X-Remote-User --secure-port=6444 --service-account-issuer=https://kubernetes.default.svc.cluster.local --service-account-key-file=/var/lib/rancher/k3s/server/tls/service.key --service-account-signing-key-file=/var/lib/rancher/k3s/server/tls/service.current.key --service-cluster-ip-range=10.43.0.0/16 --service-node-port-range=30000-32767 --storage-backend=etcd3 --tls-cert-file=/var/lib/rancher/k3s/server/tls/serving-kube-apiserver.crt --tls-cipher-suites=TLS_ECDHE_ECDSA_WITH_AES_256_GCM_SHA384,TLS_ECDHE_RSA_WITH_AES_256_GCM_SHA384,TLS_ECDHE_ECDSA_WITH_AES_128_GCM_SHA256,TLS_ECDHE_RSA_WITH_AES_128_GCM_SHA256,TLS_ECDHE_ECDSA_WITH_CHACHA20_POLY1305,TLS_ECDHE_RSA_WITH_CHACHA20_POLY1305 --tls-private-key-file=/var/lib/rancher/k3s/server/tls/serving-kube-apiserver.key
2025-01-28 23:51:06,962 INFO c.h.h.t.HelmChartContainer - [K3S] [INFO] Running kube-scheduler --authentication-kubeconfig=/var/lib/rancher/k3s/server/cred/scheduler.kubeconfig --authorization-kubeconfig=/var/lib/rancher/k3s/server/cred/scheduler.kubeconfig --bind-address=127.0.0.1 --kubeconfig=/var/lib/rancher/k3s/server/cred/scheduler.kubeconfig --leader-elect=false --profiling=false --secure-port=10259
2025-01-28 23:51:06,962 INFO c.h.h.t.HelmChartContainer - [K3S] [registry.go:256] calling componentGlobalsRegistry.AddFlags more than once, the registry will be set by the latest flags
2025-01-28 23:51:06,963 INFO c.h.h.t.HelmChartContainer - [K3S] [INFO] Running kube-controller-manager --allocate-node-cidrs=true --authentication-kubeconfig=/var/lib/rancher/k3s/server/cred/controller.kubeconfig --authorization-kubeconfig=/var/lib/rancher/k3s/server/cred/controller.kubeconfig --bind-address=127.0.0.1 --cluster-cidr=10.42.0.0/16 --cluster-signing-kube-apiserver-client-cert-file=/var/lib/rancher/k3s/server/tls/client-ca.nochain.crt --cluster-signing-kube-apiserver-client-key-file=/var/lib/rancher/k3s/server/tls/client-ca.key --cluster-signing-kubelet-client-cert-file=/var/lib/rancher/k3s/server/tls/client-ca.nochain.crt --cluster-signing-kubelet-client-key-file=/var/lib/rancher/k3s/server/tls/client-ca.key --cluster-signing-kubelet-serving-cert-file=/var/lib/rancher/k3s/server/tls/server-ca.nochain.crt --cluster-signing-kubelet-serving-key-file=/var/lib/rancher/k3s/server/tls/server-ca.key --cluster-signing-legacy-unknown-cert-file=/var/lib/rancher/k3s/server/tls/server-ca.nochain.crt --cluster-signing-legacy-unknown-key-file=/var/lib/rancher/k3s/server/tls/server-ca.key --configure-cloud-routes=false --controllers=*,tokencleaner,-service,-route,-cloud-node-lifecycle --kubeconfig=/var/lib/rancher/k3s/server/cred/controller.kubeconfig --leader-elect=false --profiling=false --root-ca-file=/var/lib/rancher/k3s/server/tls/server-ca.crt --secure-port=10257 --service-account-private-key-file=/var/lib/rancher/k3s/server/tls/service.current.key --service-cluster-ip-range=10.43.0.0/16 --use-service-account-credentials=true
2025-01-28 23:51:06,964 INFO c.h.h.t.HelmChartContainer - [K3S] [INFO] Waiting for API server to become available
2025-01-28 23:51:06,964 INFO c.h.h.t.HelmChartContainer - [K3S] [options.go:299] unable to set WatchListClient feature gate, err: cannot override default for feature "WatchListClient": gates already added to a flag set
2025-01-28 23:51:06,964 INFO c.h.h.t.HelmChartContainer - [K3S] [registry.go:256] calling componentGlobalsRegistry.AddFlags more than once, the registry will be set by the latest flags
2025-01-28 23:51:06,964 INFO c.h.h.t.HelmChartContainer - [K3S] [INFO] Running cloud-controller-manager --allocate-node-cidrs=true --authentication-kubeconfig=/var/lib/rancher/k3s/server/cred/cloud-controller.kubeconfig --authorization-kubeconfig=/var/lib/rancher/k3s/server/cred/cloud-controller.kubeconfig --bind-address=127.0.0.1 --cloud-config=/var/lib/rancher/k3s/server/etc/cloud-config.yaml --cloud-provider=k3s --cluster-cidr=10.42.0.0/16 --configure-cloud-routes=false --controllers=*,-route --kubeconfig=/var/lib/rancher/k3s/server/cred/cloud-controller.kubeconfig --leader-elect=false --leader-elect-resource-name=k3s-cloud-controller-manager --node-status-update-frequency=1m0s --profiling=false
2025-01-28 23:51:06,965 INFO c.h.h.t.HelmChartContainer - [K3S] [INFO] Server node token is available at /var/lib/rancher/k3s/server/token
2025-01-28 23:51:06,965 INFO c.h.h.t.HelmChartContainer - [K3S] [INFO] To join server node to cluster: k3s server -s https://172.18.0.2:6443 -t ${SERVER_NODE_TOKEN}
2025-01-28 23:51:06,965 INFO c.h.h.t.HelmChartContainer - [K3S] [INFO] Agent node token is available at /var/lib/rancher/k3s/server/agent-token
2025-01-28 23:51:06,965 INFO c.h.h.t.HelmChartContainer - [K3S] [INFO] To join agent node to cluster: k3s agent -s https://172.18.0.2:6443 -t ${AGENT_NODE_TOKEN}
2025-01-28 23:51:06,965 INFO c.h.h.t.HelmChartContainer - [K3S] [registry.go:256] calling componentGlobalsRegistry.AddFlags more than once, the registry will be set by the latest flags
2025-01-28 23:51:06,965 INFO c.h.h.t.HelmChartContainer - [K3S] [options.go:238] external host was not specified, using 172.18.0.2
2025-01-28 23:51:06,966 INFO c.h.h.t.HelmChartContainer - [K3S] [INFO] Wrote kubeconfig /etc/rancher/k3s/k3s.yaml
2025-01-28 23:51:06,966 INFO c.h.h.t.HelmChartContainer - [K3S] [INFO] Run: k3s kubectl
2025-01-28 23:51:06,966 INFO c.h.h.t.HelmChartContainer - [K3S] [server.go:151] Version: v1.32.1+k3s1
2025-01-28 23:51:06,966 INFO c.h.h.t.HelmChartContainer - [K3S] [server.go:153] "Golang settings" GOGC="" GOMAXPROCS="" GOTRACEBACK=""
2025-01-28 23:51:07,375 INFO c.h.h.t.HelmChartContainer - [K3S] [plugins.go:157] Loaded 13 mutating admission controller(s) successfully in the following order: NamespaceLifecycle,LimitRanger,ServiceAccount,NodeRestriction,TaintNodesByCondition,Priority,DefaultTolerationSeconds,DefaultStorageClass,StorageObjectInUseProtection,RuntimeClass,DefaultIngressClass,MutatingAdmissionPolicy,MutatingAdmissionWebhook.
2025-01-28 23:51:07,375 INFO c.h.h.t.HelmChartContainer - [K3S] [plugins.go:160] Loaded 13 validating admission controller(s) successfully in the following order: LimitRanger,ServiceAccount,PodSecurity,Priority,PersistentVolumeClaimResize,RuntimeClass,CertificateApproval,CertificateSigning,ClusterTrustBundleAttest,CertificateSubjectRestriction,ValidatingAdmissionPolicy,ValidatingAdmissionWebhook,ResourceQuota.
2025-01-28 23:51:07,376 INFO c.h.h.t.HelmChartContainer - [K3S] [instance.go:233] Using reconciler: lease
2025-01-28 23:51:07,430 INFO c.h.h.t.HelmChartContainer - [K3S] [apis.go:106] API group "internal.apiserver.k8s.io" is not enabled, skipping.
2025-01-28 23:51:07,484 INFO c.h.h.t.HelmChartContainer - [K3S] [apis.go:106] API group "storagemigration.k8s.io" is not enabled, skipping.
2025-01-28 23:51:07,511 INFO c.h.h.t.HelmChartContainer - [K3S] [apis.go:106] API group "resource.k8s.io" is not enabled, skipping.
2025-01-28 23:51:07,572 INFO c.h.h.t.HelmChartContainer - [K3S] [INFO] Password verified locally for node fa4611d197e6
2025-01-28 23:51:07,825 INFO c.h.h.t.HelmChartContainer - [K3S] [dynamic_cafile_content.go:161] "Starting controller" name="request-header::/var/lib/rancher/k3s/server/tls/request-header-ca.crt"
2025-01-28 23:51:07,825 INFO c.h.h.t.HelmChartContainer - [K3S] [dynamic_cafile_content.go:161] "Starting controller" name="client-ca-bundle::/var/lib/rancher/k3s/server/tls/client-ca.crt"
2025-01-28 23:51:07,826 INFO c.h.h.t.HelmChartContainer - [K3S] [dynamic_serving_content.go:135] "Starting controller" name="serving-cert::/var/lib/rancher/k3s/server/tls/serving-kube-apiserver.crt::/var/lib/rancher/k3s/server/tls/serving-kube-apiserver.key"
2025-01-28 23:51:07,828 INFO c.h.h.t.HelmChartContainer - [K3S] [secure_serving.go:213] Serving securely on 127.0.0.1:6444
2025-01-28 23:51:07,828 INFO c.h.h.t.HelmChartContainer - [K3S] [aggregator.go:169] waiting for initial CRD sync...
2025-01-28 23:51:07,829 INFO c.h.h.t.HelmChartContainer - [K3S] [tlsconfig.go:243] "Starting DynamicServingCertificateController"
2025-01-28 23:51:07,829 INFO c.h.h.t.HelmChartContainer - [K3S] [crdregistration_controller.go:114] Starting crd-autoregister controller
2025-01-28 23:51:07,829 INFO c.h.h.t.HelmChartContainer - [K3S] [customresource_discovery_controller.go:292] Starting DiscoveryController
2025-01-28 23:51:07,829 INFO c.h.h.t.HelmChartContainer - [K3S] [remote_available_controller.go:411] Starting RemoteAvailability controller
2025-01-28 23:51:07,829 INFO c.h.h.t.HelmChartContainer - [K3S] [controller.go:119] Starting legacy_token_tracking_controller
2025-01-28 23:51:07,829 INFO c.h.h.t.HelmChartContainer - [K3S] [apf_controller.go:377] Starting API Priority and Fairness config controller
2025-01-28 23:51:07,829 INFO c.h.h.t.HelmChartContainer - [K3S] [dynamic_serving_content.go:135] "Starting controller" name="aggregator-proxy-cert::/var/lib/rancher/k3s/server/tls/client-auth-proxy.crt::/var/lib/rancher/k3s/server/tls/client-auth-proxy.key"
2025-01-28 23:51:07,832 INFO c.h.h.t.HelmChartContainer - [K3S] [controller.go:80] Starting OpenAPI V3 AggregationController
2025-01-28 23:51:07,832 INFO c.h.h.t.HelmChartContainer - [K3S] [local_available_controller.go:156] Starting LocalAvailability controller
2025-01-28 23:51:07,832 INFO c.h.h.t.HelmChartContainer - [K3S] [gc_controller.go:78] Starting apiserver lease garbage collector
2025-01-28 23:51:07,832 INFO c.h.h.t.HelmChartContainer - [K3S] [system_namespaces_controller.go:66] Starting system namespaces controller
2025-01-28 23:51:07,832 INFO c.h.h.t.HelmChartContainer - [K3S] [cluster_authentication_trust_controller.go:462] Starting cluster_authentication_trust_controller controller
2025-01-28 23:51:07,832 INFO c.h.h.t.HelmChartContainer - [K3S] [apiservice_controller.go:100] Starting APIServiceRegistrationController
2025-01-28 23:51:07,832 INFO c.h.h.t.HelmChartContainer - [K3S] [controller.go:78] Starting OpenAPI AggregationController
2025-01-28 23:51:07,832 INFO c.h.h.t.HelmChartContainer - [K3S] [controller.go:142] Starting OpenAPI controller
2025-01-28 23:51:07,832 INFO c.h.h.t.HelmChartContainer - [K3S] [controller.go:90] Starting OpenAPI V3 controller
2025-01-28 23:51:07,832 INFO c.h.h.t.HelmChartContainer - [K3S] [naming_controller.go:294] Starting NamingConditionController
2025-01-28 23:51:07,833 INFO c.h.h.t.HelmChartContainer - [K3S] [establishing_controller.go:81] Starting EstablishingController
2025-01-28 23:51:07,833 INFO c.h.h.t.HelmChartContainer - [K3S] [nonstructuralschema_controller.go:195] Starting NonStructuralSchemaConditionController
2025-01-28 23:51:07,833 INFO c.h.h.t.HelmChartContainer - [K3S] [apiapproval_controller.go:189] Starting KubernetesAPIApprovalPolicyConformantConditionController
2025-01-28 23:51:07,833 INFO c.h.h.t.HelmChartContainer - [K3S] [crd_finalizer.go:269] Starting CRDFinalizer
2025-01-28 23:51:07,835 INFO c.h.h.t.HelmChartContainer - [K3S] [dynamic_cafile_content.go:161] "Starting controller" name="client-ca-bundle::/var/lib/rancher/k3s/server/tls/client-ca.crt"
2025-01-28 23:51:07,836 INFO c.h.h.t.HelmChartContainer - [K3S] [dynamic_cafile_content.go:161] "Starting controller" name="request-header::/var/lib/rancher/k3s/server/tls/request-header-ca.crt"
2025-01-28 23:51:07,927 INFO c.h.h.t.HelmChartContainer - [K3S] [apf_controller.go:382] Running API Priority and Fairness config worker
2025-01-28 23:51:07,928 INFO c.h.h.t.HelmChartContainer - [K3S] [apf_controller.go:385] Running API Priority and Fairness periodic rebalancing process
2025-01-28 23:51:07,928 INFO c.h.h.t.HelmChartContainer - [K3S] [handler_discovery.go:451] Starting ResourceDiscoveryManager
2025-01-28 23:51:07,928 INFO c.h.h.t.HelmChartContainer - [K3S] [aggregator.go:171] initial CRD sync complete...
2025-01-28 23:51:07,928 INFO c.h.h.t.HelmChartContainer - [K3S] [autoregister_controller.go:144] Starting autoregister controller
2025-01-28 23:51:07,946 INFO c.h.h.t.HelmChartContainer - [K3S] [controller.go:145] "Failed to ensure lease exists, will retry" err="namespaces \"kube-system\" not found" interval="200ms"
2025-01-28 23:51:07,972 INFO c.h.h.t.HelmChartContainer - [K3S] [policy_source.go:240] refreshing policies
2025-01-28 23:51:07,980 INFO c.h.h.t.HelmChartContainer - [K3S] [controller.go:95] Unable to perform initial Kubernetes service initialization: namespaces "default" not found
2025-01-28 23:51:07,981 INFO c.h.h.t.HelmChartContainer - [K3S] [controller.go:148] "Unhandled Error" err="while syncing ConfigMap \"kube-system/kube-apiserver-legacy-service-account-token-tracking\", err: namespaces \"kube-system\" not found" logger="UnhandledError"
2025-01-28 23:51:08,141 INFO c.h.h.t.HelmChartContainer - [K3S] [WARNING] Host resolv.conf includes loopback or multicast nameservers - kubelet will use autogenerated resolv.conf with nameserver 8.8.8.8
2025-01-28 23:51:08,151 INFO c.h.h.t.HelmChartContainer - [K3S] [INFO] Module overlay was already loaded
2025-01-28 23:51:08,151 INFO c.h.h.t.HelmChartContainer - [K3S] [INFO] Module nf_conntrack was already loaded
2025-01-28 23:51:08,152 INFO c.h.h.t.HelmChartContainer - [K3S] [INFO] Module br_netfilter was already loaded
2025-01-28 23:51:08,156 INFO c.h.h.t.HelmChartContainer - [K3S] [INFO] Set sysctl 'net/netfilter/nf_conntrack_tcp_timeout_established' to 86400
2025-01-28 23:51:08,156 INFO c.h.h.t.HelmChartContainer - [K3S] [INFO] Set sysctl 'net/netfilter/nf_conntrack_tcp_timeout_close_wait' to 3600
2025-01-28 23:51:08,157 INFO c.h.h.t.HelmChartContainer - [K3S] [INFO] Set sysctl 'net/netfilter/nf_conntrack_max' to 131072
2025-01-28 23:51:08,158 INFO c.h.h.t.HelmChartContainer - [K3S] [INFO] Logging containerd to /var/lib/rancher/k3s/agent/containerd/containerd.log
2025-01-28 23:51:08,158 INFO c.h.h.t.HelmChartContainer - [K3S] [INFO] Running containerd -c /var/lib/rancher/k3s/agent/etc/containerd/config.toml -a /run/k3s/containerd/containerd.sock --state /run/k3s/containerd --root /var/lib/rancher/k3s/agent/containerd
2025-01-28 23:51:08,830 INFO c.h.h.t.HelmChartContainer - [K3S] [storage_scheduling.go:95] created PriorityClass system-node-critical with value 2000001000
2025-01-28 23:51:08,833 INFO c.h.h.t.HelmChartContainer - [K3S] [storage_scheduling.go:95] created PriorityClass system-cluster-critical with value 2000000000
2025-01-28 23:51:08,833 INFO c.h.h.t.HelmChartContainer - [K3S] [storage_scheduling.go:111] all system priority classes are created successfully or already exist.
2025-01-28 23:51:09,162 INFO c.h.h.t.HelmChartContainer - [K3S] [INFO] containerd is now running
2025-01-28 23:51:09,166 INFO c.h.h.t.HelmChartContainer - [K3S] [INFO] Connecting to proxy" url="wss://127.0.0.1:6443/v1-k3s/connect
2025-01-28 23:51:09,167 INFO c.h.h.t.HelmChartContainer - [K3S] [INFO] Creating k3s-cert-monitor event broadcaster
2025-01-28 23:51:09,168 INFO c.h.h.t.HelmChartContainer - [K3S] [INFO] Running kubelet --cloud-provider=external --config-dir=/var/lib/rancher/k3s/agent/etc/kubelet.conf.d --containerd=/run/k3s/containerd/containerd.sock --hostname-override=fa4611d197e6 --kubeconfig=/var/lib/rancher/k3s/agent/kubelet.kubeconfig --node-ip=172.18.0.2 --node-labels=
2025-01-28 23:51:09,170 INFO c.h.h.t.HelmChartContainer - [K3S] [INFO] Handling backend connection request [fa4611d197e6]
2025-01-28 23:51:09,170 INFO c.h.h.t.HelmChartContainer - [K3S] [INFO] Remotedialer connected to proxy" url="wss://127.0.0.1:6443/v1-k3s/connect
2025-01-28 23:51:09,187 INFO c.h.h.t.HelmChartContainer - [K3S] [alloc.go:330] "allocated clusterIPs" service="default/kubernetes" clusterIPs={"IPv4":"10.43.0.1"}
2025-01-28 23:51:09,190 INFO c.h.h.t.HelmChartContainer - [K3S] [lease.go:265] Resetting endpoints for master service "kubernetes" to [172.18.0.2]
2025-01-28 23:51:09,256 INFO c.h.h.t.HelmChartContainer - [K3S] [ERROR] Sending HTTP/1.1 503 response to 127.0.0.1:34680: runtime core not ready
2025-01-28 23:51:09,332 INFO c.h.h.t.HelmChartContainer - [K3S] [INFO] Running kube-proxy --cluster-cidr=10.42.0.0/16 --conntrack-max-per-core=0 --conntrack-tcp-timeout-close-wait=0s --conntrack-tcp-timeout-established=0s --healthz-bind-address=127.0.0.1 --hostname-override=fa4611d197e6 --kubeconfig=/var/lib/rancher/k3s/agent/kubeproxy.kubeconfig --proxy-mode=iptables
2025-01-28 23:51:09,369 INFO c.h.h.t.HelmChartContainer - [K3S] [server.go:687] "Failed to retrieve node info" err="nodes \"fa4611d197e6\" not found"
2025-01-28 23:51:09,965 INFO c.h.h.t.HelmChartContainer - [K3S] [INFO] Waiting for cloud-controller-manager privileges to become available
2025-01-28 23:51:09,965 INFO c.h.h.t.HelmChartContainer - [K3S] [INFO] Waiting for untainted node
2025-01-28 23:51:09,965 INFO c.h.h.t.HelmChartContainer - [K3S] [INFO] Kube API server is now running
2025-01-28 23:51:09,965 INFO c.h.h.t.HelmChartContainer - [K3S] [INFO] ETCD server is now running
2025-01-28 23:51:09,966 INFO c.h.h.t.HelmChartContainer - [K3S] [INFO] k3s is up and running
2025-01-28 23:51:09,966 INFO c.h.h.t.HelmChartContainer - [K3S] [INFO] Creating k3s-supervisor event broadcaster
2025-01-28 23:51:09,971 INFO c.h.h.t.HelmChartContainer - [K3S] [INFO] Applying CRD addons.k3s.cattle.io
2025-01-28 23:51:09,987 INFO c.h.h.t.HelmChartContainer - [K3S] [INFO] Applying CRD etcdsnapshotfiles.k3s.cattle.io
2025-01-28 23:51:10,001 INFO c.h.h.t.HelmChartContainer - [K3S] [INFO] Applying CRD helmcharts.helm.cattle.io
2025-01-28 23:51:10,032 INFO c.h.h.t.HelmChartContainer - [K3S] [INFO] Applying CRD helmchartconfigs.helm.cattle.io
2025-01-28 23:51:10,051 INFO c.h.h.t.HelmChartContainer - [K3S] [INFO] Waiting for CRD helmchartconfigs.helm.cattle.io to become available
2025-01-28 23:51:10,176 INFO c.h.h.t.HelmChartContainer - [K3S] Flag --containerd has been deprecated, This is a cadvisor flag that was mistakenly registered with the Kubelet. Due to legacy concerns, it will follow the standard CLI deprecation timeline before being removed.
2025-01-28 23:51:10,178 INFO c.h.h.t.HelmChartContainer - [K3S] [server.go:515] "Kubelet version" kubeletVersion="v1.32.1+k3s1"
2025-01-28 23:51:10,178 INFO c.h.h.t.HelmChartContainer - [K3S] [server.go:517] "Golang settings" GOGC="" GOMAXPROCS="" GOTRACEBACK=""
2025-01-28 23:51:10,180 INFO c.h.h.t.HelmChartContainer - [K3S] [dynamic_cafile_content.go:161] "Starting controller" name="client-ca-bundle::/var/lib/rancher/k3s/agent/client-ca.crt"
2025-01-28 23:51:10,182 INFO c.h.h.t.HelmChartContainer - [K3S] [log.go:32] "RuntimeConfig from runtime service failed" err="rpc error: code = Unimplemented desc = method RuntimeConfig not implemented"
2025-01-28 23:51:10,182 INFO c.h.h.t.HelmChartContainer - [K3S] [server.go:1416] "CRI implementation should be updated to support RuntimeConfig when KubeletCgroupDriverFromCRI feature gate has been enabled. Falling back to using cgroupDriver from kubelet config."
2025-01-28 23:51:10,185 INFO c.h.h.t.HelmChartContainer - [K3S] [info.go:53] Couldn't collect info from any of the files in "/etc/machine-id,/var/lib/dbus/machine-id"
2025-01-28 23:51:10,186 INFO c.h.h.t.HelmChartContainer - [K3S] [server.go:767] "--cgroups-per-qos enabled, but --cgroup-root was not specified.  defaulting to /"
2025-01-28 23:51:10,186 INFO c.h.h.t.HelmChartContainer - [K3S] [server.go:836] "NoSwap is set due to memorySwapBehavior not specified" memorySwapBehavior="" FailSwapOn=false
2025-01-28 23:51:10,186 INFO c.h.h.t.HelmChartContainer - [K3S] [swap_util.go:115] "Swap is on" /proc/swaps contents=<
2025-01-28 23:51:10,186 INFO c.h.h.t.HelmChartContainer - [K3S] 	Filename				Type		Size		Used		Priority
2025-01-28 23:51:10,186 INFO c.h.h.t.HelmChartContainer - [K3S] 	/mnt/swapfile                           file		4194300		0		-2
2025-01-28 23:51:10,186 INFO c.h.h.t.HelmChartContainer - [K3S]  >
2025-01-28 23:51:10,186 INFO c.h.h.t.HelmChartContainer - [K3S] [container_manager_linux.go:268] "Container manager verified user specified cgroup-root exists" cgroupRoot=[]
2025-01-28 23:51:10,187 INFO c.h.h.t.HelmChartContainer - [K3S] [container_manager_linux.go:273] "Creating Container Manager object based on Node Config" nodeConfig={"NodeName":"fa4611d197e6","RuntimeCgroupsName":"","SystemCgroupsName":"","KubeletCgroupsName":"/k3s","KubeletOOMScoreAdj":-999,"ContainerRuntime":"","CgroupsPerQOS":true,"CgroupRoot":"/","CgroupDriver":"cgroupfs","KubeletRootDir":"/var/lib/kubelet","ProtectKernelDefaults":false,"KubeReservedCgroupName":"","SystemReservedCgroupName":"","ReservedSystemCPUs":{},"EnforceNodeAllocatable":{"pods":{}},"KubeReserved":null,"SystemReserved":null,"HardEvictionThresholds":[{"Signal":"nodefs.available","Operator":"LessThan","Value":{"Quantity":null,"Percentage":0.05},"GracePeriod":0,"MinReclaim":null},{"Signal":"imagefs.available","Operator":"LessThan","Value":{"Quantity":null,"Percentage":0.05},"GracePeriod":0,"MinReclaim":null}],"QOSReserved":{},"CPUManagerPolicy":"none","CPUManagerPolicyOptions":null,"TopologyManagerScope":"container","CPUManagerReconcilePeriod":10000000000,"ExperimentalMemoryManagerPolicy":"None","ExperimentalMemoryManagerReservedMemory":null,"PodPidsLimit":-1,"EnforceCPULimits":true,"CPUCFSQuotaPeriod":100000000,"TopologyManagerPolicy":"none","TopologyManagerPolicyOptions":null,"CgroupVersion":2}
2025-01-28 23:51:10,187 INFO c.h.h.t.HelmChartContainer - [K3S] [topology_manager.go:138] "Creating topology manager with none policy"
2025-01-28 23:51:10,188 INFO c.h.h.t.HelmChartContainer - [K3S] [container_manager_linux.go:304] "Creating device plugin manager"
2025-01-28 23:51:10,188 INFO c.h.h.t.HelmChartContainer - [K3S] [state_mem.go:36] "Initialized new in-memory state store"
2025-01-28 23:51:10,188 INFO c.h.h.t.HelmChartContainer - [K3S] [kubelet.go:446] "Attempting to sync node with API server"
2025-01-28 23:51:10,188 INFO c.h.h.t.HelmChartContainer - [K3S] [kubelet.go:341] "Adding static pod path" path="/var/lib/rancher/k3s/agent/pod-manifests"
2025-01-28 23:51:10,188 INFO c.h.h.t.HelmChartContainer - [K3S] [kubelet.go:352] "Adding apiserver pod source"
2025-01-28 23:51:10,188 INFO c.h.h.t.HelmChartContainer - [K3S] [apiserver.go:42] "Waiting for node sync before watching apiserver pods"
2025-01-28 23:51:10,190 INFO c.h.h.t.HelmChartContainer - [K3S] [kuberuntime_manager.go:269] "Container runtime initialized" containerRuntime="containerd" version="v1.7.23-k3s2" apiVersion="v1"
2025-01-28 23:51:10,190 INFO c.h.h.t.HelmChartContainer - [K3S] [kubelet.go:890] "Not starting ClusterTrustBundle informer because we are in static kubelet mode"
2025-01-28 23:51:10,190 INFO c.h.h.t.HelmChartContainer - [K3S] [probe.go:272] Flexvolume plugin directory at /usr/libexec/kubernetes/kubelet-plugins/volume/exec/ does not exist. Recreating.
2025-01-28 23:51:10,191 INFO c.h.h.t.HelmChartContainer - [K3S] [watchdog_linux.go:99] "Systemd watchdog is not enabled"
2025-01-28 23:51:10,191 INFO c.h.h.t.HelmChartContainer - [K3S] [server.go:1282] "Started kubelet"
2025-01-28 23:51:10,193 INFO c.h.h.t.HelmChartContainer - [K3S] [fs_resource_analyzer.go:67] "Starting FS ResourceAnalyzer"
2025-01-28 23:51:10,197 INFO c.h.h.t.HelmChartContainer - [K3S] [kubelet.go:1561] "Image garbage collection failed once. Stats initialization may not have completed yet" err="invalid capacity 0 on image filesystem"
2025-01-28 23:51:10,199 INFO c.h.h.t.HelmChartContainer - [K3S] [server.go:169] "Starting to listen" address="0.0.0.0" port=10250
2025-01-28 23:51:10,199 INFO c.h.h.t.HelmChartContainer - [K3S] [server.go:208] "Starting to listen read-only" address="0.0.0.0" port=10255
2025-01-28 23:51:10,199 INFO c.h.h.t.HelmChartContainer - [K3S] [ratelimit.go:55] "Setting rate limiting for endpoint" service="podresources" qps=100 burstTokens=10
2025-01-28 23:51:10,201 INFO c.h.h.t.HelmChartContainer - [K3S] [server.go:243] "Starting to serve the podresources API" endpoint="unix:/var/lib/kubelet/pod-resources/kubelet.sock"
2025-01-28 23:51:10,201 INFO c.h.h.t.HelmChartContainer - [K3S] [dynamic_serving_content.go:135] "Starting controller" name="kubelet-server-cert-files::/var/lib/rancher/k3s/agent/serving-kubelet.crt::/var/lib/rancher/k3s/agent/serving-kubelet.key"
2025-01-28 23:51:10,202 INFO c.h.h.t.HelmChartContainer - [K3S] [server.go:490] "Adding debug handlers to kubelet server"
2025-01-28 23:51:10,202 INFO c.h.h.t.HelmChartContainer - [K3S] [volume_manager.go:297] "Starting Kubelet Volume Manager"
2025-01-28 23:51:10,202 INFO c.h.h.t.HelmChartContainer - [K3S] [kubelet_node_status.go:467] "Error getting the current node from lister" err="node \"fa4611d197e6\" not found"
2025-01-28 23:51:10,206 INFO c.h.h.t.HelmChartContainer - [K3S] [desired_state_of_world_populator.go:149] "Desired state populator starts to run"
2025-01-28 23:51:10,206 INFO c.h.h.t.HelmChartContainer - [K3S] [reconciler.go:26] "Reconciler: start to sync state"
2025-01-28 23:51:10,209 INFO c.h.h.t.HelmChartContainer - [K3S] [factory.go:221] Registration of the containerd container factory successfully
2025-01-28 23:51:10,209 INFO c.h.h.t.HelmChartContainer - [K3S] [factory.go:221] Registration of the systemd container factory successfully
2025-01-28 23:51:10,210 INFO c.h.h.t.HelmChartContainer - [K3S] [factory.go:219] Registration of the crio container factory failed: Get "http://%2Fvar%2Frun%2Fcrio%2Fcrio.sock/info": dial unix /var/run/crio/crio.sock: connect: no such file or directory
2025-01-28 23:51:10,215 INFO c.h.h.t.HelmChartContainer - [K3S] [nodelease.go:49] "Failed to get node when trying to set owner ref to the node lease" err="nodes \"fa4611d197e6\" not found" node="fa4611d197e6"
2025-01-28 23:51:10,217 INFO c.h.h.t.HelmChartContainer - [K3S] [kubelet_network_linux.go:50] "Initialized iptables rules." protocol="IPv4"
2025-01-28 23:51:10,219 INFO c.h.h.t.HelmChartContainer - [K3S] [kubelet_network_linux.go:50] "Initialized iptables rules." protocol="IPv6"
2025-01-28 23:51:10,219 INFO c.h.h.t.HelmChartContainer - [K3S] [status_manager.go:227] "Starting to sync pod status with apiserver"
2025-01-28 23:51:10,219 INFO c.h.h.t.HelmChartContainer - [K3S] [watchdog_linux.go:127] "Systemd watchdog is not enabled or the interval is invalid, so health checking will not be started."
2025-01-28 23:51:10,219 INFO c.h.h.t.HelmChartContainer - [K3S] [kubelet.go:2388] "Starting kubelet main sync loop"
2025-01-28 23:51:10,219 INFO c.h.h.t.HelmChartContainer - [K3S] [kubelet.go:2412] "Skipping pod synchronization" err="[container runtime status check may not have completed yet, PLEG is not healthy: pleg has yet to be successful]"
2025-01-28 23:51:10,229 INFO c.h.h.t.HelmChartContainer - [K3S] [cpu_manager.go:221] "Starting CPU manager" policy="none"
2025-01-28 23:51:10,229 INFO c.h.h.t.HelmChartContainer - [K3S] [cpu_manager.go:222] "Reconciling" reconcilePeriod="10s"
2025-01-28 23:51:10,230 INFO c.h.h.t.HelmChartContainer - [K3S] [state_mem.go:36] "Initialized new in-memory state store"
2025-01-28 23:51:10,232 INFO c.h.h.t.HelmChartContainer - [K3S] [policy_none.go:49] "None policy: Start"
2025-01-28 23:51:10,232 INFO c.h.h.t.HelmChartContainer - [K3S] [memory_manager.go:186] "Starting memorymanager" policy="None"
2025-01-28 23:51:10,232 INFO c.h.h.t.HelmChartContainer - [K3S] [state_mem.go:35] "Initializing new in-memory state store"
2025-01-28 23:51:10,235 INFO c.h.h.t.HelmChartContainer - [K3S] [manager.go:519] "Failed to read data from checkpoint" checkpoint="kubelet_internal_checkpoint" err="checkpoint is not found"
2025-01-28 23:51:10,235 INFO c.h.h.t.HelmChartContainer - [K3S] [eviction_manager.go:189] "Eviction manager: starting control loop"
2025-01-28 23:51:10,236 INFO c.h.h.t.HelmChartContainer - [K3S] [container_log_manager.go:189] "Initializing container log rotate workers" workers=1 monitorPeriod="10s"
2025-01-28 23:51:10,238 INFO c.h.h.t.HelmChartContainer - [K3S] [plugin_manager.go:118] "Starting Kubelet Plugin Manager"
2025-01-28 23:51:10,239 INFO c.h.h.t.HelmChartContainer - [K3S] [eviction_manager.go:267] "eviction manager: failed to check if we have separate container filesystem. Ignoring." err="no imagefs label for configured runtime"
2025-01-28 23:51:10,239 INFO c.h.h.t.HelmChartContainer - [K3S] [eviction_manager.go:292] "Eviction manager: failed to get summary stats" err="failed to get node info: node \"fa4611d197e6\" not found"
2025-01-28 23:51:10,337 INFO c.h.h.t.HelmChartContainer - [K3S] [serving.go:392] Generated self-signed cert in-memory
2025-01-28 23:51:10,338 INFO c.h.h.t.HelmChartContainer - [K3S] [kubelet_node_status.go:76] "Attempting to register node" node="fa4611d197e6"
2025-01-28 23:51:10,341 INFO c.h.h.t.HelmChartContainer - [K3S] [kubelet_node_status.go:79] "Successfully registered node" node="fa4611d197e6"
2025-01-28 23:51:10,341 INFO c.h.h.t.HelmChartContainer - [K3S] [kubelet_node_status.go:549] "Error updating node status, will retry" err="error getting node \"fa4611d197e6\": node \"fa4611d197e6\" not found"
2025-01-28 23:51:10,346 INFO c.h.h.t.HelmChartContainer - [K3S] [INFO] Annotations and labels have been set successfully on node: fa4611d197e6
2025-01-28 23:51:10,347 INFO c.h.h.t.HelmChartContainer - [K3S] [INFO] Starting flannel with backend vxlan
2025-01-28 23:51:10,397 INFO c.h.h.t.HelmChartContainer - [K3S] [server.go:698] "Successfully retrieved node IP(s)" IPs=["172.18.0.2"]
2025-01-28 23:51:10,397 INFO c.h.h.t.HelmChartContainer - [K3S] [server.go:234] "Kube-proxy configuration may be incomplete or incorrect" err="nodePortAddresses is unset; NodePort connections will be accepted on all local IPs. Consider using `--nodeport-addresses primary`"
2025-01-28 23:51:10,400 INFO c.h.h.t.HelmChartContainer - [K3S] [server.go:243] "kube-proxy running in dual-stack mode" primary ipFamily="IPv4"
2025-01-28 23:51:10,400 INFO c.h.h.t.HelmChartContainer - [K3S] [server_linux.go:170] "Using iptables Proxier"
2025-01-28 23:51:10,401 INFO c.h.h.t.HelmChartContainer - [K3S] [proxier.go:255] "Setting route_localnet=1 to allow node-ports on localhost; to change this either disable iptables.localhostNodePorts (--iptables-localhost-nodeports) or set nodePortAddresses (--nodeport-addresses) to filter loopback addresses"
2025-01-28 23:51:10,405 INFO c.h.h.t.HelmChartContainer - [K3S] [server.go:497] "Version info" version="v1.32.1+k3s1"
2025-01-28 23:51:10,406 INFO c.h.h.t.HelmChartContainer - [K3S] [server.go:499] "Golang settings" GOGC="" GOMAXPROCS="" GOTRACEBACK=""
2025-01-28 23:51:10,407 INFO c.h.h.t.HelmChartContainer - [K3S] [config.go:199] "Starting service config controller"
2025-01-28 23:51:10,407 INFO c.h.h.t.HelmChartContainer - [K3S] [config.go:105] "Starting endpoint slice config controller"
2025-01-28 23:51:10,409 INFO c.h.h.t.HelmChartContainer - [K3S] [config.go:329] "Starting node config controller"
2025-01-28 23:51:10,457 INFO c.h.h.t.HelmChartContainer - [K3S] [controllermanager.go:185] "Starting" version="v1.32.1+k3s1"
2025-01-28 23:51:10,457 INFO c.h.h.t.HelmChartContainer - [K3S] [controllermanager.go:187] "Golang settings" GOGC="" GOMAXPROCS="" GOTRACEBACK=""
2025-01-28 23:51:10,461 INFO c.h.h.t.HelmChartContainer - [K3S] [requestheader_controller.go:180] Starting RequestHeaderAuthRequestController
2025-01-28 23:51:10,461 INFO c.h.h.t.HelmChartContainer - [K3S] [configmap_cafile_content.go:205] "Starting controller" name="client-ca::kube-system::extension-apiserver-authentication::requestheader-client-ca-file"
2025-01-28 23:51:10,461 INFO c.h.h.t.HelmChartContainer - [K3S] [configmap_cafile_content.go:205] "Starting controller" name="client-ca::kube-system::extension-apiserver-authentication::client-ca-file"
2025-01-28 23:51:10,461 INFO c.h.h.t.HelmChartContainer - [K3S] [secure_serving.go:213] Serving securely on 127.0.0.1:10257
2025-01-28 23:51:10,461 INFO c.h.h.t.HelmChartContainer - [K3S] [tlsconfig.go:243] "Starting DynamicServingCertificateController"
2025-01-28 23:51:10,464 INFO c.h.h.t.HelmChartContainer - [K3S] [controllermanager.go:765] "Started controller" controller="serviceaccount-token-controller"
2025-01-28 23:51:10,469 INFO c.h.h.t.HelmChartContainer - [K3S] [controllermanager.go:765] "Started controller" controller="ephemeral-volume-controller"
2025-01-28 23:51:10,470 INFO c.h.h.t.HelmChartContainer - [K3S] [controller.go:173] "Starting ephemeral volume controller"
2025-01-28 23:51:10,475 INFO c.h.h.t.HelmChartContainer - [K3S] [controllermanager.go:765] "Started controller" controller="endpointslice-mirroring-controller"
2025-01-28 23:51:10,475 INFO c.h.h.t.HelmChartContainer - [K3S] [endpointslicemirroring_controller.go:227] "Starting EndpointSliceMirroring controller"
2025-01-28 23:51:10,488 INFO c.h.h.t.HelmChartContainer - [K3S] [controllermanager.go:765] "Started controller" controller="namespace-controller"
2025-01-28 23:51:10,488 INFO c.h.h.t.HelmChartContainer - [K3S] [namespace_controller.go:202] "Starting namespace controller"
2025-01-28 23:51:10,493 INFO c.h.h.t.HelmChartContainer - [K3S] [controllermanager.go:765] "Started controller" controller="replicaset-controller"
2025-01-28 23:51:10,493 INFO c.h.h.t.HelmChartContainer - [K3S] [replica_set.go:217] "Starting controller" name="replicaset"
2025-01-28 23:51:10,499 INFO c.h.h.t.HelmChartContainer - [K3S] [controllermanager.go:765] "Started controller" controller="certificatesigningrequest-cleaner-controller"
2025-01-28 23:51:10,499 INFO c.h.h.t.HelmChartContainer - [K3S] [controllermanager.go:723] "Skipping a cloud provider controller" controller="service-lb-controller"
2025-01-28 23:51:10,499 INFO c.h.h.t.HelmChartContainer - [K3S] [cleaner.go:83] "Starting CSR cleaner controller"
2025-01-28 23:51:10,504 INFO c.h.h.t.HelmChartContainer - [K3S] [controllermanager.go:765] "Started controller" controller="persistentvolume-binder-controller"
2025-01-28 23:51:10,504 INFO c.h.h.t.HelmChartContainer - [K3S] [pv_controller_base.go:308] "Starting persistent volume controller"
2025-01-28 23:51:10,509 INFO c.h.h.t.HelmChartContainer - [K3S] [controllermanager.go:765] "Started controller" controller="clusterrole-aggregation-controller"
2025-01-28 23:51:10,509 INFO c.h.h.t.HelmChartContainer - [K3S] [clusterroleaggregation_controller.go:194] "Starting ClusterRoleAggregator controller"
2025-01-28 23:51:10,515 INFO c.h.h.t.HelmChartContainer - [K3S] [controllermanager.go:765] "Started controller" controller="legacy-serviceaccount-token-cleaner-controller"
2025-01-28 23:51:10,515 INFO c.h.h.t.HelmChartContainer - [K3S] [legacy_serviceaccount_token_cleaner.go:103] "Starting legacy service account token cleaner controller"
2025-01-28 23:51:10,520 INFO c.h.h.t.HelmChartContainer - [K3S] [controllermanager.go:765] "Started controller" controller="taint-eviction-controller"
2025-01-28 23:51:10,520 INFO c.h.h.t.HelmChartContainer - [K3S] [controllermanager.go:717] "Controller is disabled by a feature gate" controller="service-cidr-controller" requiredFeatureGates=["MultiCIDRServiceAllocator"]
2025-01-28 23:51:10,521 INFO c.h.h.t.HelmChartContainer - [K3S] [taint_eviction.go:281] "Starting" controller="taint-eviction-controller"
2025-01-28 23:51:10,521 INFO c.h.h.t.HelmChartContainer - [K3S] [taint_eviction.go:287] "Sending events to api server"
2025-01-28 23:51:10,553 INFO c.h.h.t.HelmChartContainer - [K3S] [INFO] Done waiting for CRD helmchartconfigs.helm.cattle.io to become available
2025-01-28 23:51:10,553 INFO c.h.h.t.HelmChartContainer - [K3S] [INFO] Waiting for CRD helmcharts.helm.cattle.io to become available
2025-01-28 23:51:10,568 INFO c.h.h.t.HelmChartContainer - [K3S] [controllermanager.go:765] "Started controller" controller="pod-garbage-collector-controller"
2025-01-28 23:51:10,568 INFO c.h.h.t.HelmChartContainer - [K3S] [gc_controller.go:99] "Starting GC controller"
2025-01-28 23:51:10,650 INFO c.h.h.t.HelmChartContainer - [K3S] [kubelet_node_status.go:502] "Fast updating node status as it just became ready"
2025-01-28 23:51:10,717 INFO c.h.h.t.HelmChartContainer - [K3S] [controllermanager.go:765] "Started controller" controller="deployment-controller"
2025-01-28 23:51:10,717 INFO c.h.h.t.HelmChartContainer - [K3S] [deployment_controller.go:173] "Starting controller" controller="deployment"
2025-01-28 23:51:10,766 INFO c.h.h.t.HelmChartContainer - [K3S] [node_lifecycle_controller.go:432] "Controller will reconcile labels"
2025-01-28 23:51:10,766 INFO c.h.h.t.HelmChartContainer - [K3S] [controllermanager.go:765] "Started controller" controller="node-lifecycle-controller"
2025-01-28 23:51:10,766 INFO c.h.h.t.HelmChartContainer - [K3S] [node_lifecycle_controller.go:466] "Sending events to api server"
2025-01-28 23:51:10,766 INFO c.h.h.t.HelmChartContainer - [K3S] [node_lifecycle_controller.go:477] "Starting node controller"
2025-01-28 23:51:10,917 INFO c.h.h.t.HelmChartContainer - [K3S] [controllermanager.go:765] "Started controller" controller="persistentvolume-expander-controller"
2025-01-28 23:51:10,917 INFO c.h.h.t.HelmChartContainer - [K3S] [controllermanager.go:717] "Controller is disabled by a feature gate" controller="storageversion-garbage-collector-controller" requiredFeatureGates=["APIServerIdentity","StorageVersionAPI"]
2025-01-28 23:51:10,917 INFO c.h.h.t.HelmChartContainer - [K3S] [expand_controller.go:329] "Starting expand controller"
2025-01-28 23:51:11,057 INFO c.h.h.t.HelmChartContainer - [K3S] [INFO] Done waiting for CRD helmcharts.helm.cattle.io to become available
2025-01-28 23:51:11,058 INFO c.h.h.t.HelmChartContainer - [K3S] [INFO] Writing static file: /var/lib/rancher/k3s/server/static/charts/traefik-crd-27.0.201+up27.0.2.tgz
2025-01-28 23:51:11,059 INFO c.h.h.t.HelmChartContainer - [K3S] [INFO] Writing static file: /var/lib/rancher/k3s/server/static/charts/traefik-27.0.201+up27.0.2.tgz
2025-01-28 23:51:11,059 INFO c.h.h.t.HelmChartContainer - [K3S] [INFO] Writing manifest: /var/lib/rancher/k3s/server/manifests/metrics-server/auth-delegator.yaml
2025-01-28 23:51:11,059 INFO c.h.h.t.HelmChartContainer - [K3S] [INFO] Writing manifest: /var/lib/rancher/k3s/server/manifests/metrics-server/metrics-server-deployment.yaml
2025-01-28 23:51:11,059 INFO c.h.h.t.HelmChartContainer - [K3S] [INFO] Writing manifest: /var/lib/rancher/k3s/server/manifests/metrics-server/metrics-server-service.yaml
2025-01-28 23:51:11,060 INFO c.h.h.t.HelmChartContainer - [K3S] [INFO] Writing manifest: /var/lib/rancher/k3s/server/manifests/ccm.yaml
2025-01-28 23:51:11,060 INFO c.h.h.t.HelmChartContainer - [K3S] [INFO] Writing manifest: /var/lib/rancher/k3s/server/manifests/coredns.yaml
2025-01-28 23:51:11,060 INFO c.h.h.t.HelmChartContainer - [K3S] [INFO] Writing manifest: /var/lib/rancher/k3s/server/manifests/local-storage.yaml
2025-01-28 23:51:11,060 INFO c.h.h.t.HelmChartContainer - [K3S] [INFO] Writing manifest: /var/lib/rancher/k3s/server/manifests/metrics-server/aggregated-metrics-reader.yaml
2025-01-28 23:51:11,060 INFO c.h.h.t.HelmChartContainer - [K3S] [INFO] Writing manifest: /var/lib/rancher/k3s/server/manifests/metrics-server/auth-reader.yaml
2025-01-28 23:51:11,060 INFO c.h.h.t.HelmChartContainer - [K3S] [INFO] Writing manifest: /var/lib/rancher/k3s/server/manifests/metrics-server/metrics-apiservice.yaml
2025-01-28 23:51:11,060 INFO c.h.h.t.HelmChartContainer - [K3S] [INFO] Writing manifest: /var/lib/rancher/k3s/server/manifests/metrics-server/resource-reader.yaml
2025-01-28 23:51:11,060 INFO c.h.h.t.HelmChartContainer - [K3S] [INFO] Writing manifest: /var/lib/rancher/k3s/server/manifests/rolebindings.yaml
2025-01-28 23:51:11,060 INFO c.h.h.t.HelmChartContainer - [K3S] [INFO] Writing manifest: /var/lib/rancher/k3s/server/manifests/runtimes.yaml
2025-01-28 23:51:11,062 INFO c.h.h.t.HelmChartContainer - [K3S] [INFO] Starting dynamiclistener CN filter node controller with SANs: [localhost 127.0.0.1 ::1 localhost fa4611d197e6 172.18.0.2 10.43.0.1 kubernetes kubernetes.default kubernetes.default.svc kubernetes.default.svc.cluster.local]
2025-01-28 23:51:11,062 INFO c.h.h.t.HelmChartContainer - [K3S] [INFO] Tunnel server egress proxy mode: agent
2025-01-28 23:51:11,117 INFO c.h.h.t.HelmChartContainer - [K3S] [controllermanager.go:765] "Started controller" controller="validatingadmissionpolicy-status-controller"
2025-01-28 23:51:11,168 INFO c.h.h.t.HelmChartContainer - [K3S] [INFO] Starting k3s.cattle.io/v1, Kind=Addon controller
2025-01-28 23:51:11,169 INFO c.h.h.t.HelmChartContainer - [K3S] [INFO] Creating deploy event broadcaster
2025-01-28 23:51:11,174 INFO c.h.h.t.HelmChartContainer - [K3S] [event.go:389] "Event occurred" object="kube-system/ccm" fieldPath="" kind="Addon" apiVersion="k3s.cattle.io/v1" type="Normal" reason="ApplyingManifest" message="Applying manifest at \"/var/lib/rancher/k3s/server/manifests/ccm.yaml\""
2025-01-28 23:51:11,188 INFO c.h.h.t.HelmChartContainer - [K3S] [apiserver.go:52] "Watching apiserver"
2025-01-28 23:51:11,202 INFO c.h.h.t.HelmChartContainer - [K3S] [event.go:389] "Event occurred" object="kube-system/ccm" fieldPath="" kind="Addon" apiVersion="k3s.cattle.io/v1" type="Normal" reason="AppliedManifest" message="Applied manifest at \"/var/lib/rancher/k3s/server/manifests/ccm.yaml\""
2025-01-28 23:51:11,206 INFO c.h.h.t.HelmChartContainer - [K3S] [desired_state_of_world_populator.go:157] "Finished populating initial desired state of world"
2025-01-28 23:51:11,211 INFO c.h.h.t.HelmChartContainer - [K3S] [event.go:389] "Event occurred" object="kube-system/coredns" fieldPath="" kind="Addon" apiVersion="k3s.cattle.io/v1" type="Normal" reason="ApplyingManifest" message="Applying manifest at \"/var/lib/rancher/k3s/server/manifests/coredns.yaml\""
2025-01-28 23:51:11,274 INFO c.h.h.t.HelmChartContainer - [K3S] [INFO] Starting /v1, Kind=Node controller
2025-01-28 23:51:11,280 INFO c.h.h.t.HelmChartContainer - [K3S] [INFO] Creating helm-controller event broadcaster
2025-01-28 23:51:11,281 INFO c.h.h.t.HelmChartContainer - [K3S] [INFO] Cluster dns configmap has been set successfully
2025-01-28 23:51:11,297 INFO c.h.h.t.HelmChartContainer - [K3S] [INFO] Labels and annotations have been set successfully on node: fa4611d197e6
2025-01-28 23:51:11,366 INFO c.h.h.t.HelmChartContainer - [K3S] [graph_builder.go:351] "Running" component="GraphBuilder"
2025-01-28 23:51:11,366 INFO c.h.h.t.HelmChartContainer - [K3S] [controllermanager.go:765] "Started controller" controller="garbage-collector-controller"
2025-01-28 23:51:11,388 INFO c.h.h.t.HelmChartContainer - [K3S] [INFO] Starting helm.cattle.io/v1, Kind=HelmChart controller
2025-01-28 23:51:11,388 INFO c.h.h.t.HelmChartContainer - [K3S] [INFO] Starting helm.cattle.io/v1, Kind=HelmChartConfig controller
2025-01-28 23:51:11,391 INFO c.h.h.t.HelmChartContainer - [K3S] [INFO] Starting rbac.authorization.k8s.io/v1, Kind=ClusterRoleBinding controller
2025-01-28 23:51:11,395 INFO c.h.h.t.HelmChartContainer - [K3S] [INFO] Starting batch/v1, Kind=Job controller
2025-01-28 23:51:11,396 INFO c.h.h.t.HelmChartContainer - [K3S] [INFO] Starting /v1, Kind=ConfigMap controller
2025-01-28 23:51:11,396 INFO c.h.h.t.HelmChartContainer - [K3S] [INFO] Starting /v1, Kind=Secret controller
2025-01-28 23:51:11,396 INFO c.h.h.t.HelmChartContainer - [K3S] [INFO] Starting /v1, Kind=ServiceAccount controller
2025-01-28 23:51:11,409 INFO c.h.h.t.HelmChartContainer - [K3S] [alloc.go:330] "allocated clusterIPs" service="kube-system/kube-dns" clusterIPs={"IPv4":"10.43.0.10"}
2025-01-28 23:51:11,410 INFO c.h.h.t.HelmChartContainer - [K3S] [event.go:389] "Event occurred" object="kube-system/coredns" fieldPath="" kind="Addon" apiVersion="k3s.cattle.io/v1" type="Normal" reason="AppliedManifest" message="Applied manifest at \"/var/lib/rancher/k3s/server/manifests/coredns.yaml\""
2025-01-28 23:51:11,417 INFO c.h.h.t.HelmChartContainer - [K3S] [event.go:389] "Event occurred" object="kube-system/local-storage" fieldPath="" kind="Addon" apiVersion="k3s.cattle.io/v1" type="Normal" reason="ApplyingManifest" message="Applying manifest at \"/var/lib/rancher/k3s/server/manifests/local-storage.yaml\""
2025-01-28 23:51:11,511 INFO c.h.h.t.HelmChartContainer - [K3S] [event.go:389] "Event occurred" object="kube-system/local-storage" fieldPath="" kind="Addon" apiVersion="k3s.cattle.io/v1" type="Normal" reason="AppliedManifest" message="Applied manifest at \"/var/lib/rancher/k3s/server/manifests/local-storage.yaml\""
2025-01-28 23:51:11,518 INFO c.h.h.t.HelmChartContainer - [K3S] [event.go:389] "Event occurred" object="kube-system/aggregated-metrics-reader" fieldPath="" kind="Addon" apiVersion="k3s.cattle.io/v1" type="Normal" reason="ApplyingManifest" message="Applying manifest at \"/var/lib/rancher/k3s/server/manifests/metrics-server/aggregated-metrics-reader.yaml\""
2025-01-28 23:51:11,533 INFO c.h.h.t.HelmChartContainer - [K3S] [event.go:389] "Event occurred" object="kube-system/aggregated-metrics-reader" fieldPath="" kind="Addon" apiVersion="k3s.cattle.io/v1" type="Normal" reason="AppliedManifest" message="Applied manifest at \"/var/lib/rancher/k3s/server/manifests/metrics-server/aggregated-metrics-reader.yaml\""
2025-01-28 23:51:11,539 INFO c.h.h.t.HelmChartContainer - [K3S] [event.go:389] "Event occurred" object="kube-system/auth-delegator" fieldPath="" kind="Addon" apiVersion="k3s.cattle.io/v1" type="Normal" reason="ApplyingManifest" message="Applying manifest at \"/var/lib/rancher/k3s/server/manifests/metrics-server/auth-delegator.yaml\""
2025-01-28 23:51:11,543 INFO c.h.h.t.HelmChartContainer - [K3S] [event.go:389] "Event occurred" object="kube-system/auth-delegator" fieldPath="" kind="Addon" apiVersion="k3s.cattle.io/v1" type="Normal" reason="AppliedManifest" message="Applied manifest at \"/var/lib/rancher/k3s/server/manifests/metrics-server/auth-delegator.yaml\""
2025-01-28 23:51:11,549 INFO c.h.h.t.HelmChartContainer - [K3S] [event.go:389] "Event occurred" object="kube-system/auth-reader" fieldPath="" kind="Addon" apiVersion="k3s.cattle.io/v1" type="Normal" reason="ApplyingManifest" message="Applying manifest at \"/var/lib/rancher/k3s/server/manifests/metrics-server/auth-reader.yaml\""
2025-01-28 23:51:11,553 INFO c.h.h.t.HelmChartContainer - [K3S] [event.go:389] "Event occurred" object="kube-system/auth-reader" fieldPath="" kind="Addon" apiVersion="k3s.cattle.io/v1" type="Normal" reason="AppliedManifest" message="Applied manifest at \"/var/lib/rancher/k3s/server/manifests/metrics-server/auth-reader.yaml\""
2025-01-28 23:51:11,560 INFO c.h.h.t.HelmChartContainer - [K3S] [event.go:389] "Event occurred" object="kube-system/metrics-apiservice" fieldPath="" kind="Addon" apiVersion="k3s.cattle.io/v1" type="Normal" reason="ApplyingManifest" message="Applying manifest at \"/var/lib/rancher/k3s/server/manifests/metrics-server/metrics-apiservice.yaml\""
2025-01-28 23:51:11,567 INFO c.h.h.t.HelmChartContainer - [K3S] [event.go:389] "Event occurred" object="kube-system/metrics-apiservice" fieldPath="" kind="Addon" apiVersion="k3s.cattle.io/v1" type="Normal" reason="AppliedManifest" message="Applied manifest at \"/var/lib/rancher/k3s/server/manifests/metrics-server/metrics-apiservice.yaml\""
2025-01-28 23:51:11,570 INFO c.h.h.t.HelmChartContainer - [K3S] [handler_proxy.go:99] no RequestInfo found in the context
2025-01-28 23:51:11,570 INFO c.h.h.t.HelmChartContainer - [K3S] [controller.go:146] "Unhandled Error" err=<
2025-01-28 23:51:11,570 INFO c.h.h.t.HelmChartContainer - [K3S] 	, Header: map[Content-Type:[text/plain; charset=utf-8] X-Content-Type-Options:[nosniff]]
2025-01-28 23:51:11,570 INFO c.h.h.t.HelmChartContainer - [K3S]  >
2025-01-28 23:51:11,571 INFO c.h.h.t.HelmChartContainer - [K3S] [handler_proxy.go:143] error resolving kube-system/metrics-server: service "metrics-server" not found
2025-01-28 23:51:11,572 INFO c.h.h.t.HelmChartContainer - [K3S] [event.go:389] "Event occurred" object="kube-system/metrics-server-deployment" fieldPath="" kind="Addon" apiVersion="k3s.cattle.io/v1" type="Normal" reason="ApplyingManifest" message="Applying manifest at \"/var/lib/rancher/k3s/server/manifests/metrics-server/metrics-server-deployment.yaml\""
2025-01-28 23:51:11,601 INFO c.h.h.t.HelmChartContainer - [K3S] [event.go:389] "Event occurred" object="kube-system/metrics-server-deployment" fieldPath="" kind="Addon" apiVersion="k3s.cattle.io/v1" type="Normal" reason="AppliedManifest" message="Applied manifest at \"/var/lib/rancher/k3s/server/manifests/metrics-server/metrics-server-deployment.yaml\""
2025-01-28 23:51:11,609 INFO c.h.h.t.HelmChartContainer - [K3S] [event.go:389] "Event occurred" object="kube-system/metrics-server-service" fieldPath="" kind="Addon" apiVersion="k3s.cattle.io/v1" type="Normal" reason="ApplyingManifest" message="Applying manifest at \"/var/lib/rancher/k3s/server/manifests/metrics-server/metrics-server-service.yaml\""
2025-01-28 23:51:11,617 INFO c.h.h.t.HelmChartContainer - [K3S] [controllermanager.go:765] "Started controller" controller="statefulset-controller"
2025-01-28 23:51:11,618 INFO c.h.h.t.HelmChartContainer - [K3S] [controllermanager.go:723] "Skipping a cloud provider controller" controller="node-route-controller"
2025-01-28 23:51:11,618 INFO c.h.h.t.HelmChartContainer - [K3S] [controllermanager.go:717] "Controller is disabled by a feature gate" controller="volumeattributesclass-protection-controller" requiredFeatureGates=["VolumeAttributesClass"]
2025-01-28 23:51:11,618 INFO c.h.h.t.HelmChartContainer - [K3S] [stateful_set.go:166] "Starting stateful set controller"
2025-01-28 23:51:11,618 INFO c.h.h.t.HelmChartContainer - [K3S] [alloc.go:330] "allocated clusterIPs" service="kube-system/metrics-server" clusterIPs={"IPv4":"10.43.58.149"}
2025-01-28 23:51:11,618 INFO c.h.h.t.HelmChartContainer - [K3S] [event.go:389] "Event occurred" object="kube-system/metrics-server-service" fieldPath="" kind="Addon" apiVersion="k3s.cattle.io/v1" type="Normal" reason="AppliedManifest" message="Applied manifest at \"/var/lib/rancher/k3s/server/manifests/metrics-server/metrics-server-service.yaml\""
2025-01-28 23:51:11,623 INFO c.h.h.t.HelmChartContainer - [K3S] [handler_proxy.go:99] no RequestInfo found in the context
2025-01-28 23:51:11,623 INFO c.h.h.t.HelmChartContainer - [K3S] [controller.go:146] "Unhandled Error" err=<
2025-01-28 23:51:11,623 INFO c.h.h.t.HelmChartContainer - [K3S] 	, Header: map[Content-Type:[text/plain; charset=utf-8] X-Content-Type-Options:[nosniff]]
2025-01-28 23:51:11,623 INFO c.h.h.t.HelmChartContainer - [K3S]  >
2025-01-28 23:51:11,625 INFO c.h.h.t.HelmChartContainer - [K3S] [handler_proxy.go:143] error resolving kube-system/metrics-server: endpoints "metrics-server" not found
2025-01-28 23:51:11,627 INFO c.h.h.t.HelmChartContainer - [K3S] [event.go:389] "Event occurred" object="kube-system/resource-reader" fieldPath="" kind="Addon" apiVersion="k3s.cattle.io/v1" type="Normal" reason="ApplyingManifest" message="Applying manifest at \"/var/lib/rancher/k3s/server/manifests/metrics-server/resource-reader.yaml\""
2025-01-28 23:51:11,644 INFO c.h.h.t.HelmChartContainer - [K3S] [event.go:389] "Event occurred" object="kube-system/resource-reader" fieldPath="" kind="Addon" apiVersion="k3s.cattle.io/v1" type="Normal" reason="AppliedManifest" message="Applied manifest at \"/var/lib/rancher/k3s/server/manifests/metrics-server/resource-reader.yaml\""
2025-01-28 23:51:11,650 INFO c.h.h.t.HelmChartContainer - [K3S] [event.go:389] "Event occurred" object="kube-system/rolebindings" fieldPath="" kind="Addon" apiVersion="k3s.cattle.io/v1" type="Normal" reason="ApplyingManifest" message="Applying manifest at \"/var/lib/rancher/k3s/server/manifests/rolebindings.yaml\""
2025-01-28 23:51:11,755 INFO c.h.h.t.HelmChartContainer - [K3S] [event.go:389] "Event occurred" object="kube-system/rolebindings" fieldPath="" kind="Addon" apiVersion="k3s.cattle.io/v1" type="Normal" reason="AppliedManifest" message="Applied manifest at \"/var/lib/rancher/k3s/server/manifests/rolebindings.yaml\""
2025-01-28 23:51:11,762 INFO c.h.h.t.HelmChartContainer - [K3S] [event.go:389] "Event occurred" object="kube-system/runtimes" fieldPath="" kind="Addon" apiVersion="k3s.cattle.io/v1" type="Normal" reason="ApplyingManifest" message="Applying manifest at \"/var/lib/rancher/k3s/server/manifests/runtimes.yaml\""
2025-01-28 23:51:11,767 INFO c.h.h.t.HelmChartContainer - [K3S] [controllermanager.go:765] "Started controller" controller="ttl-after-finished-controller"
2025-01-28 23:51:11,767 INFO c.h.h.t.HelmChartContainer - [K3S] [controllermanager.go:717] "Controller is disabled by a feature gate" controller="resourceclaim-controller" requiredFeatureGates=["DynamicResourceAllocation"]
2025-01-28 23:51:11,767 INFO c.h.h.t.HelmChartContainer - [K3S] [controllermanager.go:743] "Warning: skipping controller" controller="storage-version-migrator-controller"
2025-01-28 23:51:11,767 INFO c.h.h.t.HelmChartContainer - [K3S] [ttlafterfinished_controller.go:112] "Starting TTL after finished controller"
2025-01-28 23:51:11,788 INFO c.h.h.t.HelmChartContainer - [K3S] [event.go:389] "Event occurred" object="kube-system/runtimes" fieldPath="" kind="Addon" apiVersion="k3s.cattle.io/v1" type="Normal" reason="AppliedManifest" message="Applied manifest at \"/var/lib/rancher/k3s/server/manifests/runtimes.yaml\""
2025-01-28 23:51:11,802 INFO c.h.h.t.HelmChartContainer - [K3S] [INFO] Updating TLS secret for kube-system/k3s-serving (count: 10): map[listener.cattle.io/cn-10.43.0.1:10.43.0.1 listener.cattle.io/cn-127.0.0.1:127.0.0.1 listener.cattle.io/cn-172.18.0.2:172.18.0.2 listener.cattle.io/cn-__1-f16284:::1 listener.cattle.io/cn-fa4611d197e6:fa4611d197e6 listener.cattle.io/cn-kubernetes:kubernetes listener.cattle.io/cn-kubernetes.default:kubernetes.default listener.cattle.io/cn-kubernetes.default.svc:kubernetes.default.svc listener.cattle.io/cn-kubernetes.default.svc.cluster.local:kubernetes.default.svc.cluster.local listener.cattle.io/cn-localhost:localhost listener.cattle.io/fingerprint:SHA1=902559E955C4D15BD002FC4E7C747BE18ED98E2B]
2025-01-28 23:51:11,804 INFO c.h.h.t.HelmChartContainer - [K3S] [INFO] Active TLS secret kube-system/k3s-serving (ver=338) (count 10): map[listener.cattle.io/cn-10.43.0.1:10.43.0.1 listener.cattle.io/cn-127.0.0.1:127.0.0.1 listener.cattle.io/cn-172.18.0.2:172.18.0.2 listener.cattle.io/cn-__1-f16284:::1 listener.cattle.io/cn-fa4611d197e6:fa4611d197e6 listener.cattle.io/cn-kubernetes:kubernetes listener.cattle.io/cn-kubernetes.default:kubernetes.default listener.cattle.io/cn-kubernetes.default.svc:kubernetes.default.svc listener.cattle.io/cn-kubernetes.default.svc.cluster.local:kubernetes.default.svc.cluster.local listener.cattle.io/cn-localhost:localhost listener.cattle.io/fingerprint:SHA1=902559E955C4D15BD002FC4E7C747BE18ED98E2B]
2025-01-28 23:51:11,899 INFO c.h.h.t.HelmChartContainer - [K3S] [INFO] Updating TLS secret for kube-system/k3s-serving (count: 10): map[listener.cattle.io/cn-10.43.0.1:10.43.0.1 listener.cattle.io/cn-127.0.0.1:127.0.0.1 listener.cattle.io/cn-172.18.0.2:172.18.0.2 listener.cattle.io/cn-__1-f16284:::1 listener.cattle.io/cn-fa4611d197e6:fa4611d197e6 listener.cattle.io/cn-kubernetes:kubernetes listener.cattle.io/cn-kubernetes.default:kubernetes.default listener.cattle.io/cn-kubernetes.default.svc:kubernetes.default.svc listener.cattle.io/cn-kubernetes.default.svc.cluster.local:kubernetes.default.svc.cluster.local listener.cattle.io/cn-localhost:localhost listener.cattle.io/fingerprint:SHA1=902559E955C4D15BD002FC4E7C747BE18ED98E2B]
2025-01-28 23:51:11,917 INFO c.h.h.t.HelmChartContainer - [K3S] [controllermanager.go:765] "Started controller" controller="endpoints-controller"
2025-01-28 23:51:11,917 INFO c.h.h.t.HelmChartContainer - [K3S] [endpoints_controller.go:182] "Starting endpoint controller"
2025-01-28 23:51:12,067 INFO c.h.h.t.HelmChartContainer - [K3S] [controllermanager.go:765] "Started controller" controller="replicationcontroller-controller"
2025-01-28 23:51:12,067 INFO c.h.h.t.HelmChartContainer - [K3S] [replica_set.go:217] "Starting controller" name="replicationcontroller"
2025-01-28 23:51:12,131 INFO c.h.h.t.HelmChartContainer - [K3S] [serving.go:392] Generated self-signed cert in-memory
2025-01-28 23:51:12,181 INFO c.h.h.t.HelmChartContainer - [K3S] [INFO] Tunnel authorizer set Kubelet Port 0.0.0.0:10250
2025-01-28 23:51:12,353 INFO c.h.h.t.HelmChartContainer - [K3S] [serving.go:392] Generated self-signed cert in-memory
2025-01-28 23:51:12,366 INFO c.h.h.t.HelmChartContainer - [K3S] [controllermanager.go:765] "Started controller" controller="horizontal-pod-autoscaler-controller"
2025-01-28 23:51:12,366 INFO c.h.h.t.HelmChartContainer - [K3S] [controllermanager.go:728] "Warning: controller is disabled" controller="bootstrap-signer-controller"
2025-01-28 23:51:12,366 INFO c.h.h.t.HelmChartContainer - [K3S] [horizontal.go:201] "Starting HPA controller"
2025-01-28 23:51:12,517 INFO c.h.h.t.HelmChartContainer - [K3S] [controllermanager.go:765] "Started controller" controller="root-ca-certificate-publisher-controller"
2025-01-28 23:51:12,517 INFO c.h.h.t.HelmChartContainer - [K3S] [publisher.go:107] "Starting root CA cert publisher controller"
2025-01-28 23:51:12,567 INFO c.h.h.t.HelmChartContainer - [K3S] [handler_proxy.go:99] no RequestInfo found in the context
2025-01-28 23:51:12,568 INFO c.h.h.t.HelmChartContainer - [K3S] [handler_proxy.go:99] no RequestInfo found in the context
2025-01-28 23:51:12,568 INFO c.h.h.t.HelmChartContainer - [K3S] [controller.go:102] "Unhandled Error" err=<
2025-01-28 23:51:12,568 INFO c.h.h.t.HelmChartContainer - [K3S] 	, Header: map[Content-Type:[text/plain; charset=utf-8] X-Content-Type-Options:[nosniff]]
2025-01-28 23:51:12,568 INFO c.h.h.t.HelmChartContainer - [K3S]  >
2025-01-28 23:51:12,668 INFO c.h.h.t.HelmChartContainer - [K3S] [controllermanager.go:765] "Started controller" controller="endpointslice-controller"
2025-01-28 23:51:12,671 INFO c.h.h.t.HelmChartContainer - [K3S] [endpointslice_controller.go:281] "Starting endpoint slice controller"
2025-01-28 23:51:12,705 INFO c.h.h.t.HelmChartContainer - [K3S] [event.go:389] "Event occurred" object="fa4611d197e6" fieldPath="" kind="Node" apiVersion="" type="Normal" reason="NodePasswordValidationComplete" message="Deferred node password secret validation complete"
2025-01-28 23:51:12,867 INFO c.h.h.t.HelmChartContainer - [K3S] [controllermanager.go:765] "Started controller" controller="disruption-controller"
2025-01-28 23:51:12,867 INFO c.h.h.t.HelmChartContainer - [K3S] [disruption.go:452] "Sending events to api server."
2025-01-28 23:51:12,867 INFO c.h.h.t.HelmChartContainer - [K3S] [disruption.go:463] "Starting disruption controller"
2025-01-28 23:51:12,917 INFO c.h.h.t.HelmChartContainer - [K3S] [certificate_controller.go:120] "Starting certificate controller" name="csrsigning-kubelet-serving"
2025-01-28 23:51:12,918 INFO c.h.h.t.HelmChartContainer - [K3S] [certificate_controller.go:120] "Starting certificate controller" name="csrsigning-kubelet-client"
2025-01-28 23:51:12,918 INFO c.h.h.t.HelmChartContainer - [K3S] [dynamic_serving_content.go:135] "Starting controller" name="csr-controller::/var/lib/rancher/k3s/server/tls/client-ca.nochain.crt::/var/lib/rancher/k3s/server/tls/client-ca.key"
2025-01-28 23:51:12,918 INFO c.h.h.t.HelmChartContainer - [K3S] [dynamic_serving_content.go:135] "Starting controller" name="csr-controller::/var/lib/rancher/k3s/server/tls/server-ca.nochain.crt::/var/lib/rancher/k3s/server/tls/server-ca.key"
2025-01-28 23:51:12,919 INFO c.h.h.t.HelmChartContainer - [K3S] [controllermanager.go:765] "Started controller" controller="certificatesigningrequest-signing-controller"
2025-01-28 23:51:12,919 INFO c.h.h.t.HelmChartContainer - [K3S] [certificate_controller.go:120] "Starting certificate controller" name="csrsigning-legacy-unknown"
2025-01-28 23:51:12,919 INFO c.h.h.t.HelmChartContainer - [K3S] [certificate_controller.go:120] "Starting certificate controller" name="csrsigning-kube-apiserver-client"
2025-01-28 23:51:12,919 INFO c.h.h.t.HelmChartContainer - [K3S] [dynamic_serving_content.go:135] "Starting controller" name="csr-controller::/var/lib/rancher/k3s/server/tls/server-ca.nochain.crt::/var/lib/rancher/k3s/server/tls/server-ca.key"
2025-01-28 23:51:12,919 INFO c.h.h.t.HelmChartContainer - [K3S] [dynamic_serving_content.go:135] "Starting controller" name="csr-controller::/var/lib/rancher/k3s/server/tls/client-ca.nochain.crt::/var/lib/rancher/k3s/server/tls/client-ca.key"
2025-01-28 23:51:13,009 INFO c.h.h.t.HelmChartContainer - [K3S] [controllermanager.go:160] Version: v1.32.1+k3s1
2025-01-28 23:51:13,012 INFO c.h.h.t.HelmChartContainer - [K3S] [requestheader_controller.go:180] Starting RequestHeaderAuthRequestController
2025-01-28 23:51:13,012 INFO c.h.h.t.HelmChartContainer - [K3S] [configmap_cafile_content.go:205] "Starting controller" name="client-ca::kube-system::extension-apiserver-authentication::client-ca-file"
2025-01-28 23:51:13,012 INFO c.h.h.t.HelmChartContainer - [K3S] [configmap_cafile_content.go:205] "Starting controller" name="client-ca::kube-system::extension-apiserver-authentication::requestheader-client-ca-file"
2025-01-28 23:51:13,013 INFO c.h.h.t.HelmChartContainer - [K3S] [secure_serving.go:213] Serving securely on 127.0.0.1:10258
2025-01-28 23:51:13,014 INFO c.h.h.t.HelmChartContainer - [K3S] [tlsconfig.go:243] "Starting DynamicServingCertificateController"
2025-01-28 23:51:13,018 INFO c.h.h.t.HelmChartContainer - [K3S] [INFO] Creating service-lb-controller event broadcaster
2025-01-28 23:51:13,131 INFO c.h.h.t.HelmChartContainer - [K3S] [INFO] Starting /v1, Kind=Node controller
2025-01-28 23:51:13,134 INFO c.h.h.t.HelmChartContainer - [K3S] [INFO] Starting /v1, Kind=Pod controller
2025-01-28 23:51:13,137 INFO c.h.h.t.HelmChartContainer - [K3S] [INFO] Starting apps/v1, Kind=DaemonSet controller
2025-01-28 23:51:13,140 INFO c.h.h.t.HelmChartContainer - [K3S] [INFO] Starting discovery.k8s.io/v1, Kind=EndpointSlice controller
2025-01-28 23:51:13,140 INFO c.h.h.t.HelmChartContainer - [K3S] [controllermanager.go:329] Started "cloud-node-controller"
2025-01-28 23:51:13,141 INFO c.h.h.t.HelmChartContainer - [K3S] [controllermanager.go:329] Started "cloud-node-lifecycle-controller"
2025-01-28 23:51:13,141 INFO c.h.h.t.HelmChartContainer - [K3S] [controllermanager.go:329] Started "service-lb-controller"
2025-01-28 23:51:13,141 INFO c.h.h.t.HelmChartContainer - [K3S] [controllermanager.go:306] "node-route-controller" is disabled
2025-01-28 23:51:13,142 INFO c.h.h.t.HelmChartContainer - [K3S] [node_lifecycle_controller.go:112] Sending events to api server
2025-01-28 23:51:13,142 INFO c.h.h.t.HelmChartContainer - [K3S] [node_controller.go:176] Sending events to api server.
2025-01-28 23:51:13,142 INFO c.h.h.t.HelmChartContainer - [K3S] [node_controller.go:185] Waiting for informer caches to sync
2025-01-28 23:51:13,142 INFO c.h.h.t.HelmChartContainer - [K3S] [controller.go:234] Starting service controller
2025-01-28 23:51:13,179 INFO c.h.h.t.HelmChartContainer - [K3S] [INFO] Started tunnel to 172.18.0.2:6443
2025-01-28 23:51:13,179 INFO c.h.h.t.HelmChartContainer - [K3S] [INFO] Stopped tunnel to 127.0.0.1:6443
2025-01-28 23:51:13,179 INFO c.h.h.t.HelmChartContainer - [K3S] [INFO] Connecting to proxy" url="wss://172.18.0.2:6443/v1-k3s/connect
2025-01-28 23:51:13,180 INFO c.h.h.t.HelmChartContainer - [K3S] [INFO] Proxy done" err="context canceled" url="wss://127.0.0.1:6443/v1-k3s/connect
2025-01-28 23:51:13,180 INFO c.h.h.t.HelmChartContainer - [K3S] [INFO] error in remotedialer server [400]: websocket: close 1006 (abnormal closure): unexpected EOF
2025-01-28 23:51:13,181 INFO c.h.h.t.HelmChartContainer - [K3S] [INFO] Handling backend connection request [fa4611d197e6]
2025-01-28 23:51:13,182 INFO c.h.h.t.HelmChartContainer - [K3S] [INFO] Remotedialer connected to proxy" url="wss://172.18.0.2:6443/v1-k3s/connect
2025-01-28 23:51:13,223 INFO c.h.h.t.HelmChartContainer - [K3S] [controllermanager.go:765] "Started controller" controller="resourcequota-controller"
2025-01-28 23:51:13,223 INFO c.h.h.t.HelmChartContainer - [K3S] [resource_quota_controller.go:300] "Starting resource quota controller"
2025-01-28 23:51:13,242 INFO c.h.h.t.HelmChartContainer - [K3S] [node_controller.go:429] Initializing node fa4611d197e6 with cloud provider
2025-01-28 23:51:13,247 INFO c.h.h.t.HelmChartContainer - [K3S] [node_controller.go:474] Successfully initialized node fa4611d197e6 with cloud provider
2025-01-28 23:51:13,248 INFO c.h.h.t.HelmChartContainer - [K3S] [event.go:389] "Event occurred" object="fa4611d197e6" fieldPath="" kind="Node" apiVersion="v1" type="Normal" reason="Synced" message="Node synced successfully"
2025-01-28 23:51:13,263 INFO c.h.h.t.HelmChartContainer - [K3S] [INFO] Updated coredns NodeHosts entry for fa4611d197e6
2025-01-28 23:51:13,368 INFO c.h.h.t.HelmChartContainer - [K3S] [controllermanager.go:765] "Started controller" controller="ttl-controller"
2025-01-28 23:51:13,368 INFO c.h.h.t.HelmChartContainer - [K3S] [ttl_controller.go:127] "Starting TTL controller"
2025-01-28 23:51:13,517 INFO c.h.h.t.HelmChartContainer - [K3S] [controllermanager.go:765] "Started controller" controller="token-cleaner-controller"
2025-01-28 23:51:13,517 INFO c.h.h.t.HelmChartContainer - [K3S] [controllermanager.go:723] "Skipping a cloud provider controller" controller="cloud-node-lifecycle-controller"
2025-01-28 23:51:13,518 INFO c.h.h.t.HelmChartContainer - [K3S] [tokencleaner.go:117] "Starting token cleaner controller"
2025-01-28 23:51:13,619 INFO c.h.h.t.HelmChartContainer - [K3S] [serving.go:392] Generated self-signed cert in-memory
2025-01-28 23:51:13,677 INFO c.h.h.t.HelmChartContainer - [K3S] [controllermanager.go:765] "Started controller" controller="persistentvolumeclaim-protection-controller"
2025-01-28 23:51:13,677 INFO c.h.h.t.HelmChartContainer - [K3S] [pvc_protection_controller.go:168] "Starting PVC protection controller"
2025-01-28 23:51:13,817 INFO c.h.h.t.HelmChartContainer - [K3S] [controllermanager.go:765] "Started controller" controller="persistentvolume-protection-controller"
2025-01-28 23:51:13,817 INFO c.h.h.t.HelmChartContainer - [K3S] [pv_protection_controller.go:81] "Starting PV protection controller"
2025-01-28 23:51:13,968 INFO c.h.h.t.HelmChartContainer - [K3S] [controllermanager.go:765] "Started controller" controller="daemonset-controller"
2025-01-28 23:51:13,968 INFO c.h.h.t.HelmChartContainer - [K3S] [daemon_controller.go:294] "Starting daemon sets controller"
2025-01-28 23:51:14,020 INFO c.h.h.t.HelmChartContainer - [K3S] [server.go:164] "Starting Kubernetes Scheduler" version="v1.32.1+k3s1"
2025-01-28 23:51:14,020 INFO c.h.h.t.HelmChartContainer - [K3S] [server.go:166] "Golang settings" GOGC="" GOMAXPROCS="" GOTRACEBACK=""
2025-01-28 23:51:14,024 INFO c.h.h.t.HelmChartContainer - [K3S] [secure_serving.go:213] Serving securely on 127.0.0.1:10259
2025-01-28 23:51:14,024 INFO c.h.h.t.HelmChartContainer - [K3S] [configmap_cafile_content.go:205] "Starting controller" name="client-ca::kube-system::extension-apiserver-authentication::client-ca-file"
2025-01-28 23:51:14,024 INFO c.h.h.t.HelmChartContainer - [K3S] [requestheader_controller.go:180] Starting RequestHeaderAuthRequestController
2025-01-28 23:51:14,026 INFO c.h.h.t.HelmChartContainer - [K3S] [tlsconfig.go:243] "Starting DynamicServingCertificateController"
2025-01-28 23:51:14,026 INFO c.h.h.t.HelmChartContainer - [K3S] [configmap_cafile_content.go:205] "Starting controller" name="client-ca::kube-system::extension-apiserver-authentication::requestheader-client-ca-file"
2025-01-28 23:51:14,117 INFO c.h.h.t.HelmChartContainer - [K3S] [controllermanager.go:765] "Started controller" controller="job-controller"
2025-01-28 23:51:14,117 INFO c.h.h.t.HelmChartContainer - [K3S] [job_controller.go:243] "Starting job controller"
2025-01-28 23:51:14,270 INFO c.h.h.t.HelmChartContainer - [K3S] [range_allocator.go:112] "No Secondary Service CIDR provided. Skipping filtering out secondary service addresses"
2025-01-28 23:51:14,270 INFO c.h.h.t.HelmChartContainer - [K3S] [controllermanager.go:765] "Started controller" controller="node-ipam-controller"
2025-01-28 23:51:14,270 INFO c.h.h.t.HelmChartContainer - [K3S] [controllermanager.go:717] "Controller is disabled by a feature gate" controller="selinux-warning-controller" requiredFeatureGates=["SELinuxChangePolicy"]
2025-01-28 23:51:14,270 INFO c.h.h.t.HelmChartContainer - [K3S] [node_ipam_controller.go:141] "Starting ipam controller"
2025-01-28 23:51:14,416 INFO c.h.h.t.HelmChartContainer - [K3S] [controllermanager.go:765] "Started controller" controller="serviceaccount-controller"
2025-01-28 23:51:14,417 INFO c.h.h.t.HelmChartContainer - [K3S] [serviceaccounts_controller.go:114] "Starting service account controller"
2025-01-28 23:51:14,566 INFO c.h.h.t.HelmChartContainer - [K3S] [controllermanager.go:765] "Started controller" controller="cronjob-controller"
2025-01-28 23:51:14,567 INFO c.h.h.t.HelmChartContainer - [K3S] [cronjob_controllerv2.go:145] "Starting cronjob controller v2"
2025-01-28 23:51:14,616 INFO c.h.h.t.HelmChartContainer - [K3S] [controllermanager.go:765] "Started controller" controller="certificatesigningrequest-approving-controller"
2025-01-28 23:51:14,616 INFO c.h.h.t.HelmChartContainer - [K3S] [certificate_controller.go:120] "Starting certificate controller" name="csrapproving"
2025-01-28 23:51:14,767 INFO c.h.h.t.HelmChartContainer - [K3S] [controllermanager.go:765] "Started controller" controller="persistentvolume-attach-detach-controller"
2025-01-28 23:51:14,767 INFO c.h.h.t.HelmChartContainer - [K3S] [controllermanager.go:717] "Controller is disabled by a feature gate" controller="kube-apiserver-serving-clustertrustbundle-publisher-controller" requiredFeatureGates=["ClusterTrustBundle"]
2025-01-28 23:51:14,767 INFO c.h.h.t.HelmChartContainer - [K3S] [attach_detach_controller.go:338] "Starting attach detach controller"
2025-01-28 23:51:14,789 INFO c.h.h.t.HelmChartContainer - [K3S] [actual_state_of_world.go:541] "Failed to update statusUpdateNeeded field in actual state of world" err="Failed to set statusUpdateNeeded to needed true, because nodeName=\"fa4611d197e6\" does not exist"
2025-01-28 23:51:14,866 INFO c.h.h.t.HelmChartContainer - [K3S] [node_lifecycle_controller.go:1234] "Initializing eviction metric for zone" zone=""
2025-01-28 23:51:14,867 INFO c.h.h.t.HelmChartContainer - [K3S] [node_lifecycle_controller.go:886] "Missing timestamp for Node. Assuming now as a timestamp" node="fa4611d197e6"
2025-01-28 23:51:14,867 INFO c.h.h.t.HelmChartContainer - [K3S] [node_lifecycle_controller.go:1080] "Controller detected that zone is now in new state" zone="" newState="Normal"
2025-01-28 23:51:14,870 INFO c.h.h.t.HelmChartContainer - [K3S] [range_allocator.go:177] "Sending events to api server"
2025-01-28 23:51:14,871 INFO c.h.h.t.HelmChartContainer - [K3S] [range_allocator.go:183] "Starting range CIDR allocator"
2025-01-28 23:51:14,877 INFO c.h.h.t.HelmChartContainer - [K3S] [range_allocator.go:428] "Set node PodCIDR" node="fa4611d197e6" podCIDRs=["10.42.0.0/24"]
2025-01-28 23:51:14,877 INFO c.h.h.t.HelmChartContainer - [K3S] [range_allocator.go:247] "Successfully synced" key="fa4611d197e6"
2025-01-28 23:51:14,878 INFO c.h.h.t.HelmChartContainer - [K3S] [INFO] Flannel found PodCIDR assigned for node fa4611d197e6
2025-01-28 23:51:14,880 INFO c.h.h.t.HelmChartContainer - [K3S] [INFO] The interface eth0 with ipv4 address 172.18.0.2 will be used by flannel
2025-01-28 23:51:14,880 INFO c.h.h.t.HelmChartContainer - [K3S] [kube.go:139] Waiting 10m0s for node controller to sync
2025-01-28 23:51:14,880 INFO c.h.h.t.HelmChartContainer - [K3S] [kube.go:469] Starting kube subnet manager
2025-01-28 23:51:14,887 INFO c.h.h.t.HelmChartContainer - [K3S] [range_allocator.go:433] "Failed to update node PodCIDR after multiple attempts" err="failed to patch node CIDR: Node \"fa4611d197e6\" is invalid: [spec.podCIDRs: Invalid value: []string{\"10.42.1.0/24\", \"10.42.0.0/24\"}: may specify no more than one CIDR for each IP family, spec.podCIDRs: Forbidden: node updates may not change podCIDR except from \"\" to valid]" node="fa4611d197e6" podCIDRs=["10.42.1.0/24"]
2025-01-28 23:51:14,887 INFO c.h.h.t.HelmChartContainer - [K3S] [range_allocator.go:439] "CIDR assignment for node failed. Releasing allocated CIDR" err="failed to patch node CIDR: Node \"fa4611d197e6\" is invalid: [spec.podCIDRs: Invalid value: []string{\"10.42.1.0/24\", \"10.42.0.0/24\"}: may specify no more than one CIDR for each IP family, spec.podCIDRs: Forbidden: node updates may not change podCIDR except from \"\" to valid]" node="fa4611d197e6"
2025-01-28 23:51:14,887 INFO c.h.h.t.HelmChartContainer - [K3S] [range_allocator.go:252] "Unhandled Error" err="error syncing 'fa4611d197e6': failed to patch node CIDR: Node \"fa4611d197e6\" is invalid: [spec.podCIDRs: Invalid value: []string{\"10.42.1.0/24\", \"10.42.0.0/24\"}: may specify no more than one CIDR for each IP family, spec.podCIDRs: Forbidden: node updates may not change podCIDR except from \"\" to valid], requeuing"
2025-01-28 23:51:14,887 INFO c.h.h.t.HelmChartContainer - [K3S] [range_allocator.go:247] "Successfully synced" key="fa4611d197e6"
2025-01-28 23:51:14,892 INFO c.h.h.t.HelmChartContainer - [K3S] [range_allocator.go:247] "Successfully synced" key="fa4611d197e6"
2025-01-28 23:51:14,993 INFO c.h.h.t.HelmChartContainer - [K3S] [INFO] Starting network policy controller version v2.2.1, built on 2025-01-28T18:27:08Z, go1.23.4
2025-01-28 23:51:14,993 INFO c.h.h.t.HelmChartContainer - [K3S] [network_policy_controller.go:164] Starting network policy controller
2025-01-28 23:51:15,024 INFO c.h.h.t.HelmChartContainer - [K3S] [network_policy_controller.go:176] Starting network policy controller full sync goroutine
2025-01-28 23:51:15,473 INFO c.h.h.t.HelmChartContainer - [K3S] [range_allocator.go:247] "Successfully synced" key="fa4611d197e6"
2025-01-28 23:51:15,574 INFO c.h.h.t.HelmChartContainer - [K3S] [handler_proxy.go:99] no RequestInfo found in the context
2025-01-28 23:51:15,574 INFO c.h.h.t.HelmChartContainer - [K3S] [controller.go:146] "Unhandled Error" err=<
2025-01-28 23:51:15,574 INFO c.h.h.t.HelmChartContainer - [K3S] 	, Header: map[Content-Type:[text/plain; charset=utf-8] X-Content-Type-Options:[nosniff]]
2025-01-28 23:51:15,574 INFO c.h.h.t.HelmChartContainer - [K3S]  >
2025-01-28 23:51:15,575 INFO c.h.h.t.HelmChartContainer - [K3S] [handler_proxy.go:143] error resolving kube-system/metrics-server: no endpoints available for service "metrics-server"
2025-01-28 23:51:15,684 INFO c.h.h.t.HelmChartContainer - [K3S] [replica_set.go:679] "Finished syncing" kind="ReplicaSet" key="kube-system/local-path-provisioner-698b58967b" duration="459.730823ms"
2025-01-28 23:51:15,688 INFO c.h.h.t.HelmChartContainer - [K3S] [replica_set.go:679] "Finished syncing" kind="ReplicaSet" key="kube-system/coredns-ff8999cc5" duration="460.565568ms"
2025-01-28 23:51:15,688 INFO c.h.h.t.HelmChartContainer - [K3S] [reflector.go:569] object-"kube-system"/"local-path-config": failed to list *v1.ConfigMap: configmaps "local-path-config" is forbidden: User "system:node:fa4611d197e6" cannot list resource "configmaps" in API group "" in the namespace "kube-system": no relationship found between node 'fa4611d197e6' and this object
2025-01-28 23:51:15,688 INFO c.h.h.t.HelmChartContainer - [K3S] [reflector.go:166] "Unhandled Error" err="object-\"kube-system\"/\"local-path-config\": Failed to watch *v1.ConfigMap: failed to list *v1.ConfigMap: configmaps \"local-path-config\" is forbidden: User \"system:node:fa4611d197e6\" cannot list resource \"configmaps\" in API group \"\" in the namespace \"kube-system\": no relationship found between node 'fa4611d197e6' and this object"
2025-01-28 23:51:15,688 INFO c.h.h.t.HelmChartContainer - [K3S] [status_manager.go:890] "Failed to get status for pod" podUID="171fec77-f8eb-41f4-a5c7-8835a3bf2595" pod="kube-system/local-path-provisioner-698b58967b-6pgqt" err="pods \"local-path-provisioner-698b58967b-6pgqt\" is forbidden: User \"system:node:fa4611d197e6\" cannot get resource \"pods\" in API group \"\" in the namespace \"kube-system\": no relationship found between node 'fa4611d197e6' and this object"
2025-01-28 23:51:15,688 INFO c.h.h.t.HelmChartContainer - [K3S] [reflector.go:569] object-"kube-system"/"kube-root-ca.crt": failed to list *v1.ConfigMap: configmaps "kube-root-ca.crt" is forbidden: User "system:node:fa4611d197e6" cannot list resource "configmaps" in API group "" in the namespace "kube-system": no relationship found between node 'fa4611d197e6' and this object
2025-01-28 23:51:15,688 INFO c.h.h.t.HelmChartContainer - [K3S] [reflector.go:166] "Unhandled Error" err="object-\"kube-system\"/\"kube-root-ca.crt\": Failed to watch *v1.ConfigMap: failed to list *v1.ConfigMap: configmaps \"kube-root-ca.crt\" is forbidden: User \"system:node:fa4611d197e6\" cannot list resource \"configmaps\" in API group \"\" in the namespace \"kube-system\": no relationship found between node 'fa4611d197e6' and this object"
2025-01-28 23:51:15,693 INFO c.h.h.t.HelmChartContainer - [K3S] [replica_set.go:679] "Finished syncing" kind="ReplicaSet" key="kube-system/metrics-server-8584b5786c" duration="468.949051ms"
2025-01-28 23:51:15,702 INFO c.h.h.t.HelmChartContainer - [K3S] [replica_set.go:679] "Finished syncing" kind="ReplicaSet" key="kube-system/local-path-provisioner-698b58967b" duration="15.790319ms"
2025-01-28 23:51:15,702 INFO c.h.h.t.HelmChartContainer - [K3S] [replica_set.go:679] "Finished syncing" kind="ReplicaSet" key="kube-system/local-path-provisioner-698b58967b" duration="25.498µs"
2025-01-28 23:51:15,702 INFO c.h.h.t.HelmChartContainer - [K3S] [replica_set.go:679] "Finished syncing" kind="ReplicaSet" key="kube-system/coredns-ff8999cc5" duration="15.184332ms"
2025-01-28 23:51:15,702 INFO c.h.h.t.HelmChartContainer - [K3S] [replica_set.go:679] "Finished syncing" kind="ReplicaSet" key="kube-system/coredns-ff8999cc5" duration="29.906µs"
2025-01-28 23:51:15,707 INFO c.h.h.t.HelmChartContainer - [K3S] [replica_set.go:679] "Finished syncing" kind="ReplicaSet" key="kube-system/metrics-server-8584b5786c" duration="7.497646ms"
2025-01-28 23:51:15,725 INFO c.h.h.t.HelmChartContainer - [K3S] [replica_set.go:679] "Finished syncing" kind="ReplicaSet" key="kube-system/local-path-provisioner-698b58967b" duration="25.498µs"
2025-01-28 23:51:15,727 INFO c.h.h.t.HelmChartContainer - [K3S] [replica_set.go:679] "Finished syncing" kind="ReplicaSet" key="kube-system/metrics-server-8584b5786c" duration="25.733299ms"
2025-01-28 23:51:15,728 INFO c.h.h.t.HelmChartContainer - [K3S] [replica_set.go:679] "Finished syncing" kind="ReplicaSet" key="kube-system/metrics-server-8584b5786c" duration="56.155µs"
2025-01-28 23:51:15,729 INFO c.h.h.t.HelmChartContainer - [K3S] [reconciler_common.go:251] "operationExecutor.VerifyControllerAttachedVolume started for volume \"config-volume\" (UniqueName: \"kubernetes.io/configmap/c98dc799-28ae-4da0-b65c-f7e0709faf28-config-volume\") pod \"coredns-ff8999cc5-sgpd4\" (UID: \"c98dc799-28ae-4da0-b65c-f7e0709faf28\") " pod="kube-system/coredns-ff8999cc5-sgpd4"
2025-01-28 23:51:15,729 INFO c.h.h.t.HelmChartContainer - [K3S] [reconciler_common.go:251] "operationExecutor.VerifyControllerAttachedVolume started for volume \"custom-config-volume\" (UniqueName: \"kubernetes.io/configmap/c98dc799-28ae-4da0-b65c-f7e0709faf28-custom-config-volume\") pod \"coredns-ff8999cc5-sgpd4\" (UID: \"c98dc799-28ae-4da0-b65c-f7e0709faf28\") " pod="kube-system/coredns-ff8999cc5-sgpd4"
2025-01-28 23:51:15,729 INFO c.h.h.t.HelmChartContainer - [K3S] [reconciler_common.go:251] "operationExecutor.VerifyControllerAttachedVolume started for volume \"kube-api-access-jltv6\" (UniqueName: \"kubernetes.io/projected/c98dc799-28ae-4da0-b65c-f7e0709faf28-kube-api-access-jltv6\") pod \"coredns-ff8999cc5-sgpd4\" (UID: \"c98dc799-28ae-4da0-b65c-f7e0709faf28\") " pod="kube-system/coredns-ff8999cc5-sgpd4"
2025-01-28 23:51:15,730 INFO c.h.h.t.HelmChartContainer - [K3S] [reconciler_common.go:251] "operationExecutor.VerifyControllerAttachedVolume started for volume \"tmp-dir\" (UniqueName: \"kubernetes.io/empty-dir/67e40a77-9249-4fc4-a2c6-e83d149bfe46-tmp-dir\") pod \"metrics-server-8584b5786c-j4z89\" (UID: \"67e40a77-9249-4fc4-a2c6-e83d149bfe46\") " pod="kube-system/metrics-server-8584b5786c-j4z89"
2025-01-28 23:51:15,731 INFO c.h.h.t.HelmChartContainer - [K3S] [reconciler_common.go:251] "operationExecutor.VerifyControllerAttachedVolume started for volume \"kube-api-access-59h4c\" (UniqueName: \"kubernetes.io/projected/67e40a77-9249-4fc4-a2c6-e83d149bfe46-kube-api-access-59h4c\") pod \"metrics-server-8584b5786c-j4z89\" (UID: \"67e40a77-9249-4fc4-a2c6-e83d149bfe46\") " pod="kube-system/metrics-server-8584b5786c-j4z89"
2025-01-28 23:51:15,731 INFO c.h.h.t.HelmChartContainer - [K3S] [reconciler_common.go:251] "operationExecutor.VerifyControllerAttachedVolume started for volume \"config-volume\" (UniqueName: \"kubernetes.io/configmap/171fec77-f8eb-41f4-a5c7-8835a3bf2595-config-volume\") pod \"local-path-provisioner-698b58967b-6pgqt\" (UID: \"171fec77-f8eb-41f4-a5c7-8835a3bf2595\") " pod="kube-system/local-path-provisioner-698b58967b-6pgqt"
2025-01-28 23:51:15,731 INFO c.h.h.t.HelmChartContainer - [K3S] [reconciler_common.go:251] "operationExecutor.VerifyControllerAttachedVolume started for volume \"kube-api-access-bt8gp\" (UniqueName: \"kubernetes.io/projected/171fec77-f8eb-41f4-a5c7-8835a3bf2595-kube-api-access-bt8gp\") pod \"local-path-provisioner-698b58967b-6pgqt\" (UID: \"171fec77-f8eb-41f4-a5c7-8835a3bf2595\") " pod="kube-system/local-path-provisioner-698b58967b-6pgqt"
2025-01-28 23:51:15,740 INFO c.h.h.t.HelmChartContainer - [K3S] [replica_set.go:679] "Finished syncing" kind="ReplicaSet" key="kube-system/coredns-ff8999cc5" duration="38.452µs"
2025-01-28 23:51:15,748 INFO c.h.h.t.HelmChartContainer - [K3S] [replica_set.go:679] "Finished syncing" kind="ReplicaSet" key="kube-system/metrics-server-8584b5786c" duration="28.362µs"
2025-01-28 23:51:15,879 INFO c.h.h.t.HelmChartContainer - [K3S] [kube.go:146] Node controller sync successful
2025-01-28 23:51:15,880 INFO c.h.h.t.HelmChartContainer - [K3S] [vxlan.go:141] VXLAN config: VNI=1 Port=0 GBP=false Learning=false DirectRouting=false
2025-01-28 23:51:15,882 INFO c.h.h.t.HelmChartContainer - [K3S] [kube.go:636] List of node(fa4611d197e6) annotations: map[string]string{"alpha.kubernetes.io/provided-node-ip":"172.18.0.2", "k3s.io/hostname":"fa4611d197e6", "k3s.io/internal-ip":"172.18.0.2", "k3s.io/node-args":"[\"server\",\"--etcd-arg\",\"unsafe-no-fsync\",\"--etcd-arg\",\"snapshot-count=10000\",\"--etcd-arg\",\"auto-compaction-mode=revision\",\"--etcd-arg\",\"auto-compaction-retention=1000000\",\"--kube-apiserver-arg\",\"etcd-compaction-interval=0s\",\"--disable\",\"traefik\",\"--tls-san\",\"localhost\"]", "k3s.io/node-config-hash":"2QNNT5M5XUBFOLO5XPGEVGOM5UDLHHTIVMSRUPAUHE5DU3HUYQUQ====", "k3s.io/node-env":"{}", "node.alpha.kubernetes.io/ttl":"0", "volumes.kubernetes.io/controller-managed-attach-detach":"true"}
2025-01-28 23:51:15,888 INFO c.h.h.t.HelmChartContainer - [K3S] [kube.go:490] Creating the node lease for IPv4. This is the n.Spec.PodCIDRs: [10.42.0.0/24]
2025-01-28 23:51:15,889 INFO c.h.h.t.HelmChartContainer - [K3S] [iptables.go:51] Starting flannel in iptables mode...
2025-01-28 23:51:15,889 INFO c.h.h.t.HelmChartContainer - [K3S] [WARNING] no subnet found for key: FLANNEL_NETWORK in file: /run/flannel/subnet.env
2025-01-28 23:51:15,889 INFO c.h.h.t.HelmChartContainer - [K3S] [WARNING] no subnet found for key: FLANNEL_SUBNET in file: /run/flannel/subnet.env
2025-01-28 23:51:15,890 INFO c.h.h.t.HelmChartContainer - [K3S] [WARNING] no subnet found for key: FLANNEL_IPV6_NETWORK in file: /run/flannel/subnet.env
2025-01-28 23:51:15,890 INFO c.h.h.t.HelmChartContainer - [K3S] [WARNING] no subnet found for key: FLANNEL_IPV6_SUBNET in file: /run/flannel/subnet.env
2025-01-28 23:51:15,890 INFO c.h.h.t.HelmChartContainer - [K3S] [iptables.go:115] Current network or subnet (10.42.0.0/16, 10.42.0.0/24) is not equal to previous one (0.0.0.0/0, 0.0.0.0/0), trying to recycle old iptables rules
2025-01-28 23:51:15,890 INFO c.h.h.t.HelmChartContainer - [K3S] [range_allocator.go:247] "Successfully synced" key="fa4611d197e6"
2025-01-28 23:51:15,897 INFO c.h.h.t.HelmChartContainer - [K3S] [iptables.go:125] Setting up masking rules
2025-01-28 23:51:15,900 INFO c.h.h.t.HelmChartContainer - [K3S] [iptables.go:226] Changing default FORWARD chain policy to ACCEPT
2025-01-28 23:51:15,902 INFO c.h.h.t.HelmChartContainer - [K3S] [INFO] Wrote flannel subnet file to /run/flannel/subnet.env
2025-01-28 23:51:15,902 INFO c.h.h.t.HelmChartContainer - [K3S] [INFO] Running flannel backend.
2025-01-28 23:51:15,902 INFO c.h.h.t.HelmChartContainer - [K3S] [vxlan_network.go:65] watching for new subnet leases
2025-01-28 23:51:15,911 INFO c.h.h.t.HelmChartContainer - [K3S] [iptables.go:372] bootstrap done
2025-01-28 23:51:15,916 INFO c.h.h.t.HelmChartContainer - [K3S] [iptables.go:372] bootstrap done
2025-01-28 23:51:16,576 INFO c.h.h.t.HelmChartContainer - [K3S] [handler_proxy.go:99] no RequestInfo found in the context
2025-01-28 23:51:16,576 INFO c.h.h.t.HelmChartContainer - [K3S] [handler_proxy.go:99] no RequestInfo found in the context
2025-01-28 23:51:16,576 INFO c.h.h.t.HelmChartContainer - [K3S] [controller.go:102] "Unhandled Error" err=<
2025-01-28 23:51:16,576 INFO c.h.h.t.HelmChartContainer - [K3S] 	, Header: map[Content-Type:[text/plain; charset=utf-8] X-Content-Type-Options:[nosniff]]
2025-01-28 23:51:16,576 INFO c.h.h.t.HelmChartContainer - [K3S]  >
2025-01-28 23:51:16,843 INFO c.h.h.t.HelmChartContainer - [K3S] [projected.go:288] Couldn't get configMap kube-system/kube-root-ca.crt: failed to sync configmap cache: timed out waiting for the condition
2025-01-28 23:51:16,843 INFO c.h.h.t.HelmChartContainer - [K3S] [projected.go:194] Error preparing data for projected volume kube-api-access-59h4c for pod kube-system/metrics-server-8584b5786c-j4z89: failed to sync configmap cache: timed out waiting for the condition
2025-01-28 23:51:16,843 INFO c.h.h.t.HelmChartContainer - [K3S] [nestedpendingoperations.go:348] Operation for "{volumeName:kubernetes.io/projected/67e40a77-9249-4fc4-a2c6-e83d149bfe46-kube-api-access-59h4c podName:67e40a77-9249-4fc4-a2c6-e83d149bfe46 nodeName:}" failed. No retries permitted until 2025-01-28 23:51:17.342709264 +0000 UTC m=+10.720872185 (durationBeforeRetry 500ms). Error: MountVolume.SetUp failed for volume "kube-api-access-59h4c" (UniqueName: "kubernetes.io/projected/67e40a77-9249-4fc4-a2c6-e83d149bfe46-kube-api-access-59h4c") pod "metrics-server-8584b5786c-j4z89" (UID: "67e40a77-9249-4fc4-a2c6-e83d149bfe46") : failed to sync configmap cache: timed out waiting for the condition
2025-01-28 23:51:16,844 INFO c.h.h.t.HelmChartContainer - [K3S] [projected.go:288] Couldn't get configMap kube-system/kube-root-ca.crt: failed to sync configmap cache: timed out waiting for the condition
2025-01-28 23:51:16,844 INFO c.h.h.t.HelmChartContainer - [K3S] [projected.go:194] Error preparing data for projected volume kube-api-access-jltv6 for pod kube-system/coredns-ff8999cc5-sgpd4: failed to sync configmap cache: timed out waiting for the condition
2025-01-28 23:51:16,845 INFO c.h.h.t.HelmChartContainer - [K3S] [projected.go:288] Couldn't get configMap kube-system/kube-root-ca.crt: failed to sync configmap cache: timed out waiting for the condition
2025-01-28 23:51:16,845 INFO c.h.h.t.HelmChartContainer - [K3S] [projected.go:194] Error preparing data for projected volume kube-api-access-bt8gp for pod kube-system/local-path-provisioner-698b58967b-6pgqt: failed to sync configmap cache: timed out waiting for the condition
2025-01-28 23:51:16,845 INFO c.h.h.t.HelmChartContainer - [K3S] [nestedpendingoperations.go:348] Operation for "{volumeName:kubernetes.io/projected/c98dc799-28ae-4da0-b65c-f7e0709faf28-kube-api-access-jltv6 podName:c98dc799-28ae-4da0-b65c-f7e0709faf28 nodeName:}" failed. No retries permitted until 2025-01-28 23:51:17.344452849 +0000 UTC m=+10.722615779 (durationBeforeRetry 500ms). Error: MountVolume.SetUp failed for volume "kube-api-access-jltv6" (UniqueName: "kubernetes.io/projected/c98dc799-28ae-4da0-b65c-f7e0709faf28-kube-api-access-jltv6") pod "coredns-ff8999cc5-sgpd4" (UID: "c98dc799-28ae-4da0-b65c-f7e0709faf28") : failed to sync configmap cache: timed out waiting for the condition
2025-01-28 23:51:16,845 INFO c.h.h.t.HelmChartContainer - [K3S] [nestedpendingoperations.go:348] Operation for "{volumeName:kubernetes.io/projected/171fec77-f8eb-41f4-a5c7-8835a3bf2595-kube-api-access-bt8gp podName:171fec77-f8eb-41f4-a5c7-8835a3bf2595 nodeName:}" failed. No retries permitted until 2025-01-28 23:51:17.344474036 +0000 UTC m=+10.722636967 (durationBeforeRetry 500ms). Error: MountVolume.SetUp failed for volume "kube-api-access-bt8gp" (UniqueName: "kubernetes.io/projected/171fec77-f8eb-41f4-a5c7-8835a3bf2595-kube-api-access-bt8gp") pod "local-path-provisioner-698b58967b-6pgqt" (UID: "171fec77-f8eb-41f4-a5c7-8835a3bf2595") : failed to sync configmap cache: timed out waiting for the condition
2025-01-28 23:51:19,155 DEBUG c.h.h.t.HelmChartContainer - Image file loaded 'hivemq-platform-operator.tar'
2025-01-28 23:51:19,926 DEBUG c.h.h.t.HelmChartContainer - Image file loaded 'hivemq-platform-operator-init.tar'
2025-01-28 23:51:20,297 INFO c.h.h.t.HelmChartContainer - [K3S] [replica_set.go:679] "Finished syncing" kind="ReplicaSet" key="kube-system/local-path-provisioner-698b58967b" duration="11.453389ms"
2025-01-28 23:51:20,299 INFO c.h.h.t.HelmChartContainer - [K3S] [replica_set.go:679] "Finished syncing" kind="ReplicaSet" key="kube-system/local-path-provisioner-698b58967b" duration="41.368µs"
2025-01-28 23:51:20,303 INFO c.h.h.t.HelmChartContainer - [K3S] [replica_set.go:679] "Finished syncing" kind="ReplicaSet" key="kube-system/metrics-server-8584b5786c" duration="2.502139ms"
2025-01-28 23:51:20,335 INFO c.h.h.t.HelmChartContainer - [K3S] [replica_set.go:679] "Finished syncing" kind="ReplicaSet" key="kube-system/coredns-ff8999cc5" duration="5.937559ms"
2025-01-28 23:51:20,337 INFO c.h.h.t.HelmChartContainer - [K3S] [replica_set.go:679] "Finished syncing" kind="ReplicaSet" key="kube-system/coredns-ff8999cc5" duration="33.974µs"
2025-01-28 23:51:20,611 INFO c.h.h.t.HelmChartContainer - [K3S] [kuberuntime_manager.go:1702] "Updating runtime config through cri with podcidr" CIDR="10.42.0.0/24"
2025-01-28 23:51:20,611 INFO c.h.h.t.HelmChartContainer - [K3S] [kubelet_network.go:61] "Updating Pod CIDR" originalPodCIDR="" newPodCIDR="10.42.0.0/24"
2025-01-28 23:51:20,620 INFO c.h.h.t.HelmChartContainer - [K3S] [range_allocator.go:247] "Successfully synced" key="fa4611d197e6"
2025-01-28 23:51:25,839 DEBUG c.h.h.t.HelmChartContainer - Image file loaded 'hivemq-platform.tar'
2025-01-28 23:51:25,839 DEBUG c.h.h.t.HelmChartContainer - Successful Helm chart Container startup
2025-01-28 23:51:25,852 INFO t.localhost/testcontainers/uyuw3srtsjeysbuu:latest - Container localhost/testcontainers/uyuw3srtsjeysbuu:latest started in PT20.832217111S
2025-01-28 23:51:25,862 DEBUG c.h.h.t.HelmChartContainer - Executing helm command: /bin/helm --kubeconfig /etc/rancher/k3s/k3s.yaml repo add hivemq https://hivemq.github.io/helm-charts
2025-01-28 23:51:27,323 INFO c.h.h.t.HelmChartContainer - Saved kubeconfig file on /tmp/kubeconfig-10704594980370443535.yaml
2025-01-28 23:51:27,324 INFO c.h.h.t.HelmChartContainer - HelmChartContainer is started
2025-01-28 23:51:27,332 INFO c.h.h.t.HelmChartContainer - [EVENT] Normal [Starting] Starting kubelet. [null:fa4611d197e6]
2025-01-28 23:51:27,333 INFO c.h.h.t.HelmChartContainer - [EVENT] Warning [InvalidDiskCapacity] invalid capacity 0 on image filesystem [null:fa4611d197e6]
2025-01-28 23:51:27,333 INFO c.h.h.t.HelmChartContainer - [EVENT] Normal [NodeHasSufficientMemory] Node fa4611d197e6 status is now: NodeHasSufficientMemory [null:fa4611d197e6]
2025-01-28 23:51:27,334 INFO c.h.h.t.HelmChartContainer - [EVENT] Normal [NodeHasNoDiskPressure] Node fa4611d197e6 status is now: NodeHasNoDiskPressure [null:fa4611d197e6]
2025-01-28 23:51:27,335 INFO c.h.h.t.HelmChartContainer - [EVENT] Normal [NodeHasSufficientPID] Node fa4611d197e6 status is now: NodeHasSufficientPID [null:fa4611d197e6]
2025-01-28 23:51:27,339 INFO c.h.h.t.HelmChartContainer - [EVENT] Normal [NodeAllocatableEnforced] Updated Node Allocatable limit across pods [null:fa4611d197e6]
2025-01-28 23:51:27,342 INFO c.h.h.t.HelmChartContainer - [EVENT] Normal [NodeReady] Node fa4611d197e6 status is now: NodeReady [null:fa4611d197e6]
2025-01-28 23:51:27,343 INFO c.h.h.t.HelmChartContainer - [EVENT] Normal [NodePasswordValidationComplete] Deferred node password secret validation complete [null:fa4611d197e6]
2025-01-28 23:51:27,344 INFO c.h.h.t.HelmChartContainer - [EVENT] Normal [Synced] Node synced successfully [null:fa4611d197e6]
2025-01-28 23:51:27,348 INFO c.h.h.t.HelmChartContainer - [EVENT] Normal [RegisteredNode] Node fa4611d197e6 event: Registered Node fa4611d197e6 in Controller [null:fa4611d197e6]
2025-01-28 23:51:27,348 INFO c.h.h.t.HelmChartContainer - [EVENT] Normal [CIDRAssignmentFailed] Node fa4611d197e6 status is now: CIDRAssignmentFailed [null:fa4611d197e6]
]]></system-out>
  <system-err><![CDATA[]]></system-err>
</testsuite>
