<?xml version="1.0" encoding="UTF-8"?>
<testsuite name="com.hivemq.helmcharts.serviceaccount.HelmCustomServiceAccountDisabledCreationAndValidationIT" tests="1" skipped="0" failures="0" errors="0" timestamp="2025-07-30T14:23:24" hostname="pkrvmjbmru5nbw0" time="82.7">
  <properties/>
  <testcase name="platformCharts_withCreationAndValidationDisabled_withCorrectExternalPermissions_hivemqRunning()" classname="com.hivemq.helmcharts.serviceaccount.HelmCustomServiceAccountDisabledCreationAndValidationIT" time="82.7"/>
</testsuite>
