<?xml version="1.0" encoding="UTF-8"?>
<testsuite name="com.hivemq.helmcharts.volumes.HelmVolumeClaimTemplatesIT" tests="1" skipped="1" failures="0" errors="0" timestamp="2025-07-28T08:11:52" hostname="pkrvmpptgkbjq6m" time="0.001">
  <properties/>
  <testcase name="platform_whenVolumeClaimTemplateIsConfigured_withAdditionalVolumes_thenPersistentVolumeClaimsCreated()" classname="com.hivemq.helmcharts.volumes.HelmVolumeClaimTemplatesIT" time="0.001">
    <skipped/>
  </testcase>
</testsuite>
