<?xml version="1.0" encoding="UTF-8"?>
<testsuite name="com.hivemq.helmcharts.platform.HelmCustomSecretConfigIT" tests="2" skipped="0" failures="0" errors="0" timestamp="2025-01-29T22:14:51" hostname="fv-az1376-582" time="292.975">
  <properties/>
  <testcase name="withExistingSecret_hivemqRunning()" classname="com.hivemq.helmcharts.platform.HelmCustomSecretConfigIT" time="141.752">
    <system-out><![CDATA[2025-01-29 22:14:51,714 INFO c.h.h.t.HelmChartContainer - Creating namespace 'helmcustomsecretconfigit-operator'...
2025-01-29 22:14:51,724 INFO c.h.h.t.HelmChartContainer - Namespace 'helmcustomsecretconfigit-operator' created
2025-01-29 22:14:51,725 INFO c.h.h.t.HelmChartContainer - Creating namespace 'helmcustomsecretconfigit'...
2025-01-29 22:14:51,823 INFO c.h.h.t.HelmChartContainer - Namespace 'helmcustomsecretconfigit' created
2025-01-29 22:14:51,882 DEBUG c.h.h.t.HelmChartContainer - Executing helm command: /bin/helm --kubeconfig /etc/rancher/k3s/k3s.yaml install test-hivemq-platform-operator /charts/hivemq-platform-operator --wait --timeout 5m0s --set image.repository=docker.io/hivemq --set image.name=hivemq-platform-operator-test --set image.initImageName=hivemq-platform-operator-init-test --set image.tag=snapshot --set image.pullPolicy=Never --set logLevel=DEBUG --set resources.cpu=512m --namespace helmcustomsecretconfigit-operator
2025-01-29 22:14:52,185 INFO c.h.h.t.HelmChartContainer - [K3S] [alloc.go:330] "allocated clusterIPs" service="helmcustomsecretconfigit-operator/hivemq-platform-operator-test-hivemq-platform-operator" clusterIPs={"IPv4":"10.43.113.55"}
2025-01-29 22:14:52,212 INFO c.h.h.t.HelmChartContainer - [EVENT] Normal [ScalingReplicaSet] Scaled up replica set hivemq-test-hivemq-platform-operator-6966f96d65 from 0 to 1 [helmcustomsecretconfigit-operator:hivemq-test-hivemq-platform-operator]
2025-01-29 22:14:52,219 INFO c.h.h.t.HelmChartContainer - [POD] hivemq-test-hivemq-platform-operator-6966f96d65-stsl2 [9b99058d-f417-4fe2-8b5e-fed15c1bee1d] in helmcustomsecretconfigit-operator was ADDED
2025-01-29 22:14:52,231 INFO c.h.h.t.HelmChartContainer - [EVENT] Normal [Scheduled] Successfully assigned helmcustomsecretconfigit-operator/hivemq-test-hivemq-platform-operator-6966f96d65-stsl2 to 8a91ea74c8b8 [helmcustomsecretconfigit-operator:hivemq-test-hivemq-platform-operator-6966f96d65-stsl2]
2025-01-29 22:14:52,231 INFO c.h.h.t.HelmChartContainer - [K3S] [memory_manager.go:355] "RemoveStaleState removing state" podUID="340459fc-1425-4fb5-aa1b-331f7d3defcf" containerName="config-reloader"
2025-01-29 22:14:52,231 INFO c.h.h.t.HelmChartContainer - [K3S] [memory_manager.go:355] "RemoveStaleState removing state" podUID="05be070a-4d89-43ef-a18e-c6665eef51f9" containerName="node-exporter"
2025-01-29 22:14:52,231 INFO c.h.h.t.HelmChartContainer - [K3S] [memory_manager.go:355] "RemoveStaleState removing state" podUID="66c9e3d4-7f5d-4bd3-aafa-0f3c9873d044" containerName="grafana"
2025-01-29 22:14:52,231 INFO c.h.h.t.HelmChartContainer - [K3S] [memory_manager.go:355] "RemoveStaleState removing state" podUID="0993f30a-d6c5-4e8d-92b4-99a8e24efd9e" containerName="kube-prometheus-stack"
2025-01-29 22:14:52,231 INFO c.h.h.t.HelmChartContainer - [K3S] [memory_manager.go:355] "RemoveStaleState removing state" podUID="16063ce1-5845-4a5c-861c-bf61308ba7d7" containerName="config-reloader"
2025-01-29 22:14:52,231 INFO c.h.h.t.HelmChartContainer - [K3S] [memory_manager.go:355] "RemoveStaleState removing state" podUID="0f1b430a-f532-4abd-9c1d-f09b1fc2c7b4" containerName="kube-state-metrics"
2025-01-29 22:14:52,231 INFO c.h.h.t.HelmChartContainer - [K3S] [memory_manager.go:355] "RemoveStaleState removing state" podUID="66c9e3d4-7f5d-4bd3-aafa-0f3c9873d044" containerName="grafana-sc-datasources"
2025-01-29 22:14:52,232 INFO c.h.h.t.HelmChartContainer - [K3S] [memory_manager.go:355] "RemoveStaleState removing state" podUID="1aaf4ee6-caea-40b2-9db3-2b046d571251" containerName="hivemq-platform-operator"
2025-01-29 22:14:52,232 INFO c.h.h.t.HelmChartContainer - [K3S] [memory_manager.go:355] "RemoveStaleState removing state" podUID="66c9e3d4-7f5d-4bd3-aafa-0f3c9873d044" containerName="grafana-sc-dashboard"
2025-01-29 22:14:52,232 INFO c.h.h.t.HelmChartContainer - [K3S] [memory_manager.go:355] "RemoveStaleState removing state" podUID="340459fc-1425-4fb5-aa1b-331f7d3defcf" containerName="prometheus"
2025-01-29 22:14:52,232 INFO c.h.h.t.HelmChartContainer - [K3S] [memory_manager.go:355] "RemoveStaleState removing state" podUID="16063ce1-5845-4a5c-861c-bf61308ba7d7" containerName="alertmanager"
2025-01-29 22:14:52,231 INFO c.h.h.t.HelmChartContainer - [POD] hivemq-test-hivemq-platform-operator-6966f96d65-stsl2 [9b99058d-f417-4fe2-8b5e-fed15c1bee1d] in helmcustomsecretconfigit-operator was MODIFIED
2025-01-29 22:14:52,233 INFO c.h.h.t.HelmChartContainer - [K3S] [replica_set.go:679] "Finished syncing" kind="ReplicaSet" key="helmcustomsecretconfigit-operator/hivemq-test-hivemq-platform-operator-6966f96d65" duration="28.570749ms"
2025-01-29 22:14:52,245 INFO c.h.h.t.HelmChartContainer - [K3S] [replica_set.go:679] "Finished syncing" kind="ReplicaSet" key="helmcustomsecretconfigit-operator/hivemq-test-hivemq-platform-operator-6966f96d65" duration="9.24893ms"
2025-01-29 22:14:52,249 INFO c.h.h.t.HelmChartContainer - [EVENT] Normal [SuccessfulCreate] Created pod: hivemq-test-hivemq-platform-operator-6966f96d65-stsl2 [helmcustomsecretconfigit-operator:hivemq-test-hivemq-platform-operator-6966f96d65]
2025-01-29 22:14:52,257 INFO c.h.h.t.HelmChartContainer - [POD] hivemq-test-hivemq-platform-operator-6966f96d65-stsl2 [9b99058d-f417-4fe2-8b5e-fed15c1bee1d] in helmcustomsecretconfigit-operator was MODIFIED
2025-01-29 22:14:52,263 INFO c.h.h.t.HelmChartContainer - [K3S] [replica_set.go:679] "Finished syncing" kind="ReplicaSet" key="helmcustomsecretconfigit-operator/hivemq-test-hivemq-platform-operator-6966f96d65" duration="20.462965ms"
2025-01-29 22:14:52,263 INFO c.h.h.t.HelmChartContainer - [K3S] [replica_set.go:679] "Finished syncing" kind="ReplicaSet" key="helmcustomsecretconfigit-operator/hivemq-test-hivemq-platform-operator-6966f96d65" duration="67.626µs"
2025-01-29 22:14:52,275 INFO c.h.h.t.HelmChartContainer - [K3S] [reconciler_common.go:251] "operationExecutor.VerifyControllerAttachedVolume started for volume \"kube-api-access-pkqpm\" (UniqueName: \"kubernetes.io/projected/9b99058d-f417-4fe2-8b5e-fed15c1bee1d-kube-api-access-pkqpm\") pod \"hivemq-test-hivemq-platform-operator-6966f96d65-stsl2\" (UID: \"9b99058d-f417-4fe2-8b5e-fed15c1bee1d\") " pod="helmcustomsecretconfigit-operator/hivemq-test-hivemq-platform-operator-6966f96d65-stsl2"
2025-01-29 22:14:52,644 INFO c.h.h.t.HelmChartContainer - [EVENT] Normal [Pulled] Container image "docker.io/hivemq/hivemq-platform-operator-test:snapshot" already present on machine [helmcustomsecretconfigit-operator:hivemq-test-hivemq-platform-operator-6966f96d65-stsl2]
2025-01-29 22:14:52,645 INFO c.h.h.t.HelmChartContainer - Received Pulled event for container hivemq-platform-operator in pod hivemq-test-hivemq-platform-operator-6966f96d65-stsl2 [9b99058d-f417-4fe2-8b5e-fed15c1bee1d]
2025-01-29 22:14:53,903 INFO c.h.h.t.HelmChartContainer - [EVENT] Normal [Created] Created container: hivemq-platform-operator [helmcustomsecretconfigit-operator:hivemq-test-hivemq-platform-operator-6966f96d65-stsl2]
2025-01-29 22:14:53,903 INFO c.h.h.t.HelmChartContainer - Received Created event for container hivemq-platform-operator in pod hivemq-test-hivemq-platform-operator-6966f96d65-stsl2 [9b99058d-f417-4fe2-8b5e-fed15c1bee1d]
2025-01-29 22:14:54,749 INFO c.h.h.t.HelmChartContainer - [POD] hivemq-test-hivemq-platform-operator-6966f96d65-stsl2 [9b99058d-f417-4fe2-8b5e-fed15c1bee1d] in helmcustomsecretconfigit-operator was MODIFIED
2025-01-29 22:14:54,749 INFO c.h.h.t.HelmChartContainer - [K3S] [replica_set.go:679] "Finished syncing" kind="ReplicaSet" key="helmcustomsecretconfigit-operator/hivemq-test-hivemq-platform-operator-6966f96d65" duration="38.762µs"
2025-01-29 22:14:54,758 INFO c.h.h.t.HelmChartContainer - Started log watcher for hivemq-platform-operator in pod hivemq-test-hivemq-platform-operator-6966f96d65-stsl2 [9b99058d-f417-4fe2-8b5e-fed15c1bee1d]
2025-01-29 22:14:54,758 INFO c.h.h.t.HelmChartContainer - [EVENT] Normal [Started] Started container hivemq-platform-operator [helmcustomsecretconfigit-operator:hivemq-test-hivemq-platform-operator-6966f96d65-stsl2]
2025-01-29 22:14:54,758 INFO c.h.h.t.HelmChartContainer - Received Started event for container hivemq-platform-operator in pod hivemq-test-hivemq-platform-operator-6966f96d65-stsl2 [9b99058d-f417-4fe2-8b5e-fed15c1bee1d]
2025-01-29 22:14:54,759 INFO c.h.h.t.HelmChartContainer - [hivemq-test-hivemq-platform] [hivemq-platform-operator] [9b99058d] -------------------------------------------------------------------------
2025-01-29 22:14:54,759 INFO c.h.h.t.HelmChartContainer - [hivemq-test-hivemq-platform] [hivemq-platform-operator] [9b99058d] 
2025-01-29 22:14:54,759 INFO c.h.h.t.HelmChartContainer - [hivemq-test-hivemq-platform] [hivemq-platform-operator] [9b99058d]                   _    _  _              __  __   ____
2025-01-29 22:14:54,759 INFO c.h.h.t.HelmChartContainer - [hivemq-test-hivemq-platform] [hivemq-platform-operator] [9b99058d]                  | |  | |(_)            |  \/  | / __ \
2025-01-29 22:14:54,759 INFO c.h.h.t.HelmChartContainer - [hivemq-test-hivemq-platform] [hivemq-platform-operator] [9b99058d]                  | |__| | _ __   __ ___ | \  / || |  | |
2025-01-29 22:14:54,759 INFO c.h.h.t.HelmChartContainer - [hivemq-test-hivemq-platform] [hivemq-platform-operator] [9b99058d]                  |  __  || |\ \ / // _ \| |\/| || |  | |
2025-01-29 22:14:54,759 INFO c.h.h.t.HelmChartContainer - [hivemq-test-hivemq-platform] [hivemq-platform-operator] [9b99058d]                  | |  | || | \ V /|  __/| |  | || |__| |
2025-01-29 22:14:54,759 INFO c.h.h.t.HelmChartContainer - [hivemq-test-hivemq-platform] [hivemq-platform-operator] [9b99058d]                  |_|  |_||_|  \_/  \___||_|  |_| \___\_\
2025-01-29 22:14:54,759 INFO c.h.h.t.HelmChartContainer - [hivemq-test-hivemq-platform] [hivemq-platform-operator] [9b99058d] 
2025-01-29 22:14:54,759 INFO c.h.h.t.HelmChartContainer - [hivemq-test-hivemq-platform] [hivemq-platform-operator] [9b99058d] -------------------------------------------------------------------------
2025-01-29 22:14:54,759 INFO c.h.h.t.HelmChartContainer - [hivemq-test-hivemq-platform] [hivemq-platform-operator] [9b99058d] 
2025-01-29 22:14:54,759 INFO c.h.h.t.HelmChartContainer - [hivemq-test-hivemq-platform] [hivemq-platform-operator] [9b99058d]   HiveMQ Platform Operator Start Script v1.0
2025-01-29 22:14:54,759 INFO c.h.h.t.HelmChartContainer - [hivemq-test-hivemq-platform] [hivemq-platform-operator] [9b99058d] 
2025-01-29 22:14:54,763 INFO c.h.h.t.HelmChartContainer - [hivemq-test-hivemq-platform] [hivemq-platform-operator] [9b99058d] -------------------------------------------------------------------------
2025-01-29 22:14:54,763 INFO c.h.h.t.HelmChartContainer - [hivemq-test-hivemq-platform] [hivemq-platform-operator] [9b99058d] 
2025-01-29 22:14:54,763 INFO c.h.h.t.HelmChartContainer - [hivemq-test-hivemq-platform] [hivemq-platform-operator] [9b99058d]   JAVA_OPTS: -XX:+UnlockExperimentalVMOptions -XX:InitialRAMPercentage=75 -XX:MaxRAMPercentage=75 -Duser.language=en -Duser.region=US
2025-01-29 22:14:54,763 INFO c.h.h.t.HelmChartContainer - [hivemq-test-hivemq-platform] [hivemq-platform-operator] [9b99058d] 
2025-01-29 22:14:54,763 INFO c.h.h.t.HelmChartContainer - [hivemq-test-hivemq-platform] [hivemq-platform-operator] [9b99058d]   JAVA_VERSION: 21
2025-01-29 22:14:54,763 INFO c.h.h.t.HelmChartContainer - [hivemq-test-hivemq-platform] [hivemq-platform-operator] [9b99058d] 
2025-01-29 22:14:54,764 INFO c.h.h.t.HelmChartContainer - [hivemq-test-hivemq-platform] [hivemq-platform-operator] [9b99058d] -------------------------------------------------------------------------
2025-01-29 22:14:54,764 INFO c.h.h.t.HelmChartContainer - [hivemq-test-hivemq-platform] [hivemq-platform-operator] [9b99058d] 
2025-01-29 22:14:57,253 INFO c.h.h.t.HelmChartContainer - [hivemq-test-hivemq-platform] [hivemq-platform-operator] [9b99058d] 22:14:57.227 [main] DEBUG org.jboss.logging - Logging Provider: org.jboss.logging.Slf4jLoggerProvider
2025-01-29 22:14:57,358 INFO c.h.h.t.HelmChartContainer - [hivemq-test-hivemq-platform] [hivemq-platform-operator] [9b99058d] 22:14:57.356 [main] DEBUG io.smallrye.config - SRCFG01006: Loaded ConfigSource SysPropConfigSource with ordinal 400
2025-01-29 22:14:57,358 INFO c.h.h.t.HelmChartContainer - [hivemq-test-hivemq-platform] [hivemq-platform-operator] [9b99058d] 22:14:57.356 [main] DEBUG io.smallrye.config - SRCFG01006: Loaded ConfigSource EnvConfigSource with ordinal 300
2025-01-29 22:14:57,358 INFO c.h.h.t.HelmChartContainer - [hivemq-test-hivemq-platform] [hivemq-platform-operator] [9b99058d] 22:14:57.356 [main] DEBUG io.smallrye.config - SRCFG01006: Loaded ConfigSource PropertiesConfigSource[source=jar:file:///opt/hivemq-platform-operator/bin/hivemq-platform-operator.jar!/hivemq-platform-operator.properties] with ordinal 100
2025-01-29 22:14:57,358 INFO c.h.h.t.HelmChartContainer - [hivemq-test-hivemq-platform] [hivemq-platform-operator] [9b99058d] 22:14:57.356 [main] DEBUG io.smallrye.config - SRCFG01006: Loaded ConfigSource DefaultValuesConfigSource with ordinal -2147483648
2025-01-29 22:14:57,459 INFO c.h.h.t.HelmChartContainer - [hivemq-test-hivemq-platform] [hivemq-platform-operator] [9b99058d] 22:14:57.458 [main] DEBUG i.m.c.u.i.l.InternalLoggerFactory - Using SLF4J as the default logging framework
2025-01-29 22:14:57,630 INFO c.h.h.t.HelmChartContainer - [hivemq-test-hivemq-platform] [hivemq-platform-operator] [9b99058d] 22:14:57.561 [main] INFO  c.h.p.o.HiveMQPlatformOperatorApplication - HiveMQ Platform Operator 1.7.0-SNAPSHOT (commit: 3bc9484 on branch: HEAD) built on Wed Jan 29 22:06:36 UTC 2025
2025-01-29 22:14:57,632 INFO c.h.h.t.HelmChartContainer - [hivemq-test-hivemq-platform] [hivemq-platform-operator] [9b99058d] 22:14:57.629 [main] INFO  c.h.p.o.HiveMQPlatformOperatorApplication - HiveMQ Platform Operator is running in namespace: helmcustomsecretconfigit-operator
2025-01-29 22:14:57,633 INFO c.h.h.t.HelmChartContainer - [hivemq-test-hivemq-platform] [hivemq-platform-operator] [9b99058d] 22:14:57.629 [main] INFO  c.h.p.o.HiveMQPlatformOperatorApplication - Watching all namespaces
2025-01-29 22:14:57,633 INFO c.h.h.t.HelmChartContainer - [hivemq-test-hivemq-platform] [hivemq-platform-operator] [9b99058d] 22:14:57.629 [main] INFO  c.h.p.o.HiveMQPlatformOperatorApplication - Log level: DEBUG
2025-01-29 22:14:57,633 INFO c.h.h.t.HelmChartContainer - [hivemq-test-hivemq-platform] [hivemq-platform-operator] [9b99058d] 22:14:57.629 [main] INFO  c.h.p.o.HiveMQPlatformOperatorApplication - Release name: test-hivemq-platform-operator
2025-01-29 22:14:57,633 INFO c.h.h.t.HelmChartContainer - [hivemq-test-hivemq-platform] [hivemq-platform-operator] [9b99058d] 22:14:57.629 [main] INFO  c.h.p.o.HiveMQPlatformOperatorApplication - HiveMQ Platform Operator Init image: docker.io/hivemq/hivemq-platform-operator-init-test:snapshot
2025-01-29 22:14:57,633 INFO c.h.h.t.HelmChartContainer - [hivemq-test-hivemq-platform] [hivemq-platform-operator] [9b99058d] 22:14:57.630 [main] INFO  c.h.p.o.HiveMQPlatformOperatorApplication - HiveMQ Platform Operator Init App update URL: http://hivemq-platform-operator-test-hivemq-platform-operator.helmcustomsecretconfigit-operator.svc:8080/initAppUpdate/hivemq-platform-operator-init-app-1.7.0-SNAPSHOT.jar
2025-01-29 22:14:57,633 INFO c.h.h.t.HelmChartContainer - [hivemq-test-hivemq-platform] [hivemq-platform-operator] [9b99058d] 22:14:57.630 [main] INFO  c.h.p.o.HiveMQPlatformOperatorApplication - Additional imagePullSecret for all Platform deployments: none
2025-01-29 22:14:57,633 INFO c.h.h.t.HelmChartContainer - [hivemq-test-hivemq-platform] [hivemq-platform-operator] [9b99058d] 22:14:57.630 [main] INFO  c.h.p.o.HiveMQPlatformOperatorApplication - Apply HiveMQ Platform CRD: true
2025-01-29 22:14:57,633 INFO c.h.h.t.HelmChartContainer - [hivemq-test-hivemq-platform] [hivemq-platform-operator] [9b99058d] 22:14:57.630 [main] INFO  c.h.p.o.HiveMQPlatformOperatorApplication - Create Platform ServiceAccount: true
2025-01-29 22:14:57,633 INFO c.h.h.t.HelmChartContainer - [hivemq-test-hivemq-platform] [hivemq-platform-operator] [9b99058d] 22:14:57.630 [main] INFO  c.h.p.o.HiveMQPlatformOperatorApplication - Create Platform ServiceAccount permissions: true
2025-01-29 22:14:57,633 INFO c.h.h.t.HelmChartContainer - [hivemq-test-hivemq-platform] [hivemq-platform-operator] [9b99058d] 22:14:57.630 [main] INFO  c.h.p.o.HiveMQPlatformOperatorApplication - Validate Platform ServiceAccount: true
2025-01-29 22:14:57,633 INFO c.h.h.t.HelmChartContainer - [hivemq-test-hivemq-platform] [hivemq-platform-operator] [9b99058d] 22:14:57.630 [main] INFO  c.h.p.o.HiveMQPlatformOperatorApplication - Validate Platform ServiceAccount permissions: true
2025-01-29 22:14:57,768 INFO c.h.h.t.HelmChartContainer - [hivemq-test-hivemq-platform] [hivemq-platform-operator] [9b99058d] 22:14:57.767 [main] INFO  c.h.platform.operator.util.CRDUtil - Verifying deployed HiveMQ Platform CRD...
2025-01-29 22:15:00,229 INFO c.h.h.t.HelmChartContainer - [hivemq-test-hivemq-platform] [hivemq-platform-operator] [9b99058d] 22:15:00.228 [main] DEBUG c.h.platform.operator.util.CRDUtil - HiveMQ Platform CRD version v1 is up to date
2025-01-29 22:15:00,229 INFO c.h.h.t.HelmChartContainer - [hivemq-test-hivemq-platform] [hivemq-platform-operator] [9b99058d] 22:15:00.228 [main] INFO  c.h.platform.operator.util.CRDUtil - HiveMQ Platform CRD is up to date (version: V1_6_0)
2025-01-29 22:15:00,252 INFO c.h.h.t.HelmChartContainer - [hivemq-test-hivemq-platform] [hivemq-platform-operator] [9b99058d] 22:15:00.228 [main] INFO  c.h.platform.operator.util.CRDUtil - Waiting 10000 ms for HiveMQ Platform CRD 'hivemq-platforms.hivemq.com' to become ready...
2025-01-29 22:15:00,554 INFO c.h.h.t.HelmChartContainer - [hivemq-test-hivemq-platform] [hivemq-platform-operator] [9b99058d] 22:15:00.553 [vert.x-eventloop-thread-1] DEBUG c.h.platform.operator.util.CRDUtil - Checking CRD condition 'NamesAccepted' (status: 'True')
2025-01-29 22:15:00,555 INFO c.h.h.t.HelmChartContainer - [hivemq-test-hivemq-platform] [hivemq-platform-operator] [9b99058d] 22:15:00.553 [vert.x-eventloop-thread-1] DEBUG c.h.platform.operator.util.CRDUtil - Checking CRD condition 'Established' (status: 'True')
2025-01-29 22:15:00,556 INFO c.h.h.t.HelmChartContainer - [hivemq-test-hivemq-platform] [hivemq-platform-operator] [9b99058d] 22:15:00.554 [main] INFO  c.h.platform.operator.util.CRDUtil - HiveMQ Platform CRD 'hivemq-platforms.hivemq.com' is ready
2025-01-29 22:15:00,662 INFO c.h.h.t.HelmChartContainer - [hivemq-test-hivemq-platform] [hivemq-platform-operator] [9b99058d] 22:15:00.660 [main] INFO  c.h.p.o.HiveMQPlatformReconciler - HiveMQ Platform Operator is starting...
2025-01-29 22:15:00,757 INFO c.h.h.t.HelmChartContainer - [hivemq-test-hivemq-platform] [hivemq-platform-operator] [9b99058d] 22:15:00.755 [main] WARN  Default ConfigurationService implementation - Configuration for reconciler 'hivemq-controller' was not found. Known reconcilers: None.
2025-01-29 22:15:00,763 INFO c.h.h.t.HelmChartContainer - [hivemq-test-hivemq-platform] [hivemq-platform-operator] [9b99058d] 22:15:00.763 [main] INFO  Default ConfigurationService implementation - Created configuration for reconciler com.hivemq.platform.operator.HiveMQPlatformReconciler with name hivemq-controller
2025-01-29 22:15:00,862 INFO c.h.h.t.HelmChartContainer - [hivemq-test-hivemq-platform] [hivemq-platform-operator] [9b99058d] 22:15:00.861 [main] DEBUG c.h.p.o.HiveMQPlatformReconciler - HiveMQ Platform Operator is preparing EventSources
2025-01-29 22:15:00,955 INFO c.h.h.t.HelmChartContainer - [hivemq-test-hivemq-platform] [hivemq-platform-operator] [9b99058d] 22:15:00.954 [main] INFO  i.javaoperatorsdk.operator.Operator - Registered reconciler: 'hivemq-controller' for resource: 'class com.hivemq.platform.operator.v1.HiveMQPlatform' for namespace(s): [all namespaces]
2025-01-29 22:15:01,458 INFO c.h.h.t.HelmChartContainer - [hivemq-test-hivemq-platform] [hivemq-platform-operator] [9b99058d] 22:15:01.457 [main] INFO  c.h.p.operator.webserver.JettyServer - Starting Jetty server on port 8080
2025-01-29 22:15:01,554 INFO c.h.h.t.HelmChartContainer - [hivemq-test-hivemq-platform] [hivemq-platform-operator] [9b99058d] 22:15:01.553 [main] INFO  i.javaoperatorsdk.operator.Operator - Operator SDK 4.9.7 (commit: 2133d28) built on Wed Nov 20 12:56:20 UTC 2024 starting...
2025-01-29 22:15:01,554 INFO c.h.h.t.HelmChartContainer - [hivemq-test-hivemq-platform] [hivemq-platform-operator] [9b99058d] 22:15:01.553 [main] INFO  i.javaoperatorsdk.operator.Operator - Client version: 6.13.5
2025-01-29 22:15:01,555 INFO c.h.h.t.HelmChartContainer - [hivemq-test-hivemq-platform] [hivemq-platform-operator] [9b99058d] 22:15:01.554 [Controller Starter for: hivemq-controller] INFO  i.j.operator.processing.Controller - Starting 'hivemq-controller' controller for reconciler: com.hivemq.platform.operator.HiveMQPlatformReconciler, resource: com.hivemq.platform.operator.v1.HiveMQPlatform
2025-01-29 22:15:04,057 INFO c.h.h.t.HelmChartContainer - [hivemq-test-hivemq-platform] [hivemq-platform-operator] [9b99058d] 22:15:04.056 [Controller Starter for: hivemq-controller] INFO  i.j.operator.processing.Controller - 'hivemq-controller' controller started
2025-01-29 22:15:04,057 INFO c.h.h.t.HelmChartContainer - [hivemq-test-hivemq-platform] [hivemq-platform-operator] [9b99058d] 22:15:04.057 [main] INFO  c.h.p.o.HiveMQPlatformOperatorApplication - HiveMQ Platform Operator 1.7.0-SNAPSHOT started in 6495 ms
2025-01-29 22:15:05,756 INFO c.h.h.t.HelmChartContainer - [POD] hivemq-test-hivemq-platform-operator-6966f96d65-stsl2 [9b99058d-f417-4fe2-8b5e-fed15c1bee1d] in helmcustomsecretconfigit-operator was MODIFIED
2025-01-29 22:15:05,764 INFO c.h.h.t.HelmChartContainer - [K3S] [replica_set.go:679] "Finished syncing" kind="ReplicaSet" key="helmcustomsecretconfigit-operator/hivemq-test-hivemq-platform-operator-6966f96d65" duration="9.060772ms"
2025-01-29 22:15:05,764 INFO c.h.h.t.HelmChartContainer - [K3S] [replica_set.go:679] "Finished syncing" kind="ReplicaSet" key="helmcustomsecretconfigit-operator/hivemq-test-hivemq-platform-operator-6966f96d65" duration="43.601µs"
2025-01-29 22:15:06,343 DEBUG c.h.h.t.HelmChartContainer - Executing helm command: /bin/helm --kubeconfig /etc/rancher/k3s/k3s.yaml install test-hivemq-platform /charts/hivemq-platform --wait --timeout 5m0s --set image.repository=docker.io/hivemq --set image.tag=4.36.0 --set image.pullPolicy=Never --set nodes.resources.cpu=512m --set config.create=false --set config.name=hivemq-configuration --set config.createAs=Secret --namespace helmcustomsecretconfigit
2025-01-29 22:15:06,753 INFO c.h.h.t.HelmChartContainer - [hivemq-test-hivemq-platform] [hivemq-platform-operator] [9b99058d] 22:15:06.752 [-2082509879-pool-1-thread-3] WARN  i.m.p.PrometheusMeterRegistry - The meter (MeterId{name='operator.sdk.events.received', tags=[tag(action=ADDED),tag(event=ResourceEvent),tag(group=hivemq.com),tag(kind=HiveMQPlatform),tag(name=test-hivemq-platform),tag(namespace=helmcustomsecretconfigit),tag(scope=namespace),tag(version=v1)]}) registration has failed: Prometheus requires that all meters with the same name have the same set of tag keys. There is already an existing meter named 'operator.sdk.events.received' containing tag keys [event, group, kind, name, namespace, scope, version]. The meter you are attempting to register has keys [action, event, group, kind, name, namespace, scope, version]. Note that subsequent logs will be logged at debug level.
2025-01-29 22:15:07,162 INFO c.h.h.t.HelmChartContainer - [hivemq-test-hivemq-platform] [hivemq-platform-operator] [9b99058d] 22:15:07.160 [pool-6-thread-3] DEBUG c.h.p.o.dependants.PodInfoConfigMap - [helmcust] Desired PodInfo ConfigMap (1 extensions) (1 enabled)
2025-01-29 22:15:07,164 INFO c.h.h.t.HelmChartContainer - [hivemq-test-hivemq-platform] [hivemq-platform-operator] [9b99058d] 22:15:07.160 [pool-6-thread-3] DEBUG c.h.p.o.dependants.PodInfoConfigMap - [helmcust] Desired PodInfo ConfigMap (metrics port: 9399) (metrics path: /)
2025-01-29 22:15:07,164 INFO c.h.h.t.HelmChartContainer - [hivemq-test-hivemq-platform] [hivemq-platform-operator] [9b99058d] 22:15:07.160 [pool-6-thread-3] DEBUG c.h.p.o.dependants.PodInfoConfigMap - [helmcust] Desired PodInfo ConfigMap (extension state hash: -1817474005)
2025-01-29 22:15:07,164 INFO c.h.h.t.HelmChartContainer - [hivemq-test-hivemq-platform] [hivemq-platform-operator] [9b99058d] 22:15:07.162 [pool-6-thread-3] DEBUG c.h.p.o.dependants.PodInfoConfigMap - [helmcust] Create PodInfo ConfigMap
2025-01-29 22:15:07,324 INFO c.h.h.t.HelmChartContainer - [hivemq-test-hivemq-platform] [hivemq-platform-operator] [9b99058d] 22:15:07.322 [pool-6-thread-5] DEBUG c.h.p.o.dependants.PodRoleResource - [helmcust] Create Role: Role(apiVersion=rbac.authorization.k8s.io/v1, kind=Role, metadata=ObjectMeta(annotations={meta.helm.sh/release-name=test-hivemq-platform, meta.helm.sh/release-namespace=helmcustomsecretconfigit}, creationTimestamp=null, deletionGracePeriodSeconds=null, deletionTimestamp=null, finalizers=[], generateName=null, generation=null, labels={helm.sh/chart=hivemq-platform-0.2.32, app.kubernetes.io/managed-by=Helm, app.kubernetes.io/name=hivemq-platform, hivemq-platform=test-hivemq-platform, app.kubernetes.io/instance=test-hivemq-platform, app.kubernetes.io/version=4.36.0}, managedFields=[], name=hivemq-platform-role-test-hivemq-platform, namespace=helmcustomsecretconfigit, ownerReferences=[OwnerReference(apiVersion=hivemq.com/v1, blockOwnerDeletion=null, controller=null, kind=HiveMQPlatform, name=test-hivemq-platform, uid=f0d2b7db-ef5a-415f-8eee-39954e72d852, additionalProperties={})], resourceVersion=null, selfLink=null, uid=null, additionalProperties={}), rules=[PolicyRule(apiGroups=[], nonResourceURLs=[], resourceNames=[], resources=[pods], verbs=[get, patch, update], additionalProperties={})], additionalProperties={})
2025-01-29 22:15:07,458 INFO c.h.h.t.HelmChartContainer - [hivemq-test-hivemq-platform] [hivemq-platform-operator] [9b99058d] 22:15:07.455 [pool-6-thread-7] DEBUG c.h.p.o.d.PodServiceAccountResource - [helmcust] Desired PodServiceAccountResource (serviceAccountName: hivemq-platform-pod-test-hivemq-platform)
2025-01-29 22:15:07,458 INFO c.h.h.t.HelmChartContainer - [hivemq-test-hivemq-platform] [hivemq-platform-operator] [9b99058d] 22:15:07.456 [pool-6-thread-7] DEBUG c.h.p.o.d.PodServiceAccountResource - [helmcust] Create ServiceAccount 'hivemq-platform-pod-test-hivemq-platform'
2025-01-29 22:15:07,564 INFO c.h.h.t.HelmChartContainer - [hivemq-test-hivemq-platform] [hivemq-platform-operator] [9b99058d] 22:15:07.562 [pool-6-thread-10] DEBUG c.h.p.o.d.PodRoleBindingResource - [helmcust] Create RoleBinding: RoleBinding(apiVersion=rbac.authorization.k8s.io/v1, kind=RoleBinding, metadata=ObjectMeta(annotations={meta.helm.sh/release-name=test-hivemq-platform, meta.helm.sh/release-namespace=helmcustomsecretconfigit}, creationTimestamp=null, deletionGracePeriodSeconds=null, deletionTimestamp=null, finalizers=[], generateName=null, generation=null, labels={helm.sh/chart=hivemq-platform-0.2.32, app.kubernetes.io/managed-by=Helm, app.kubernetes.io/name=hivemq-platform, hivemq-platform=test-hivemq-platform, app.kubernetes.io/instance=test-hivemq-platform, app.kubernetes.io/version=4.36.0}, managedFields=[], name=hivemq-platform-role-binding-test-hivemq-platform, namespace=helmcustomsecretconfigit, ownerReferences=[OwnerReference(apiVersion=hivemq.com/v1, blockOwnerDeletion=null, controller=null, kind=HiveMQPlatform, name=test-hivemq-platform, uid=f0d2b7db-ef5a-415f-8eee-39954e72d852, additionalProperties={})], resourceVersion=null, selfLink=null, uid=null, additionalProperties={}), roleRef=RoleRef(apiGroup=rbac.authorization.k8s.io, kind=Role, name=hivemq-platform-role-test-hivemq-platform, additionalProperties={}), subjects=[Subject(apiGroup=null, kind=ServiceAccount, name=hivemq-platform-pod-test-hivemq-platform, namespace=helmcustomsecretconfigit, additionalProperties={})], additionalProperties={})
2025-01-29 22:15:07,654 INFO c.h.h.t.HelmChartContainer - [hivemq-test-hivemq-platform] [hivemq-platform-operator] [9b99058d] 22:15:07.653 [ReconcilerExecutor-hivemq-controller-54] INFO  c.h.p.o.HiveMQPlatformReconciler - [helmcust] Reconciling HiveMQ Platform 'test-hivemq-platform' in namespace 'helmcustomsecretconfigit'
2025-01-29 22:15:07,655 INFO c.h.h.t.HelmChartContainer - [hivemq-test-hivemq-platform] [hivemq-platform-operator] [9b99058d] 22:15:07.653 [ReconcilerExecutor-hivemq-controller-54] DEBUG c.h.p.o.HiveMQPlatformReconciler - [helmcust] Custom Resource Status CREATED - HiveMQ Platform was created (READY)
2025-01-29 22:15:07,655 INFO c.h.h.t.HelmChartContainer - [hivemq-test-hivemq-platform] [hivemq-platform-operator] [9b99058d] 22:15:07.653 [ReconcilerExecutor-hivemq-controller-54] DEBUG c.h.p.o.HiveMQPlatformReconciler - [helmcust] Custom Resource Spec (replicas: 2) (extensions: 1)
2025-01-29 22:15:07,658 INFO c.h.h.t.HelmChartContainer - [hivemq-test-hivemq-platform] [hivemq-platform-operator] [9b99058d] 22:15:07.658 [ReconcilerExecutor-hivemq-controller-54] INFO  c.h.p.o.h.HiveMQPlatformReconcilerBaseHandler - [helmcust] HiveMQ Platform is starting
2025-01-29 22:15:07,761 INFO c.h.h.t.HelmChartContainer - [hivemq-test-hivemq-platform] [hivemq-platform-operator] [9b99058d] 22:15:07.760 [ReconcilerExecutor-hivemq-controller-54] DEBUG c.h.p.operator.event.EventSender - [helmcust] Creating K8s event hivemq-platform-starting: [Start] HiveMQ Platform is starting
2025-01-29 22:15:07,769 INFO c.h.h.t.HelmChartContainer - [EVENT] Normal [Start] HiveMQ Platform is starting [helmcustomsecretconfigit:test-hivemq-platform]
2025-01-29 22:15:07,853 INFO c.h.h.t.HelmChartContainer - [hivemq-test-hivemq-platform] [hivemq-platform-operator] [9b99058d] 22:15:07.823 [ReconcilerExecutor-hivemq-controller-54] INFO  c.h.p.o.h.AbstractHiveMQReconcilerStateHandler - [helmcust] Update HiveMQ Platform Status (CREATED [READY] -> STARTING [READY]): HiveMQ Platform is starting
2025-01-29 22:15:07,867 DEBUG com.hivemq.helmcharts.util.K8sUtil - Comparing actual state 'STARTING' and waiting for 'RUNNING'
2025-01-29 22:15:17,931 INFO c.h.h.t.HelmChartContainer - [hivemq-test-hivemq-platform] [hivemq-platform-operator] [9b99058d] 22:15:17.929 [pool-6-thread-12] DEBUG c.h.p.o.d.PlatformServiceResource - [helmcust] Desired Platform services (3 services)
2025-01-29 22:15:17,933 INFO c.h.h.t.HelmChartContainer - [hivemq-test-hivemq-platform] [hivemq-platform-operator] [9b99058d] 22:15:17.931 [pool-6-thread-13] DEBUG c.h.p.o.dependants.PodInfoConfigMap - [helmcust] Desired PodInfo ConfigMap (1 extensions) (1 enabled)
2025-01-29 22:15:17,933 INFO c.h.h.t.HelmChartContainer - [hivemq-test-hivemq-platform] [hivemq-platform-operator] [9b99058d] 22:15:17.932 [pool-6-thread-13] DEBUG c.h.p.o.dependants.PodInfoConfigMap - [helmcust] Desired PodInfo ConfigMap (metrics port: 9399) (metrics path: /)
2025-01-29 22:15:17,934 INFO c.h.h.t.HelmChartContainer - [hivemq-test-hivemq-platform] [hivemq-platform-operator] [9b99058d] 22:15:17.932 [pool-6-thread-13] DEBUG c.h.p.o.dependants.PodInfoConfigMap - [helmcust] Desired PodInfo ConfigMap (extension state hash: -1817474005)
2025-01-29 22:15:17,936 INFO c.h.h.t.HelmChartContainer - [hivemq-test-hivemq-platform] [hivemq-platform-operator] [9b99058d] 22:15:17.935 [pool-6-thread-17] DEBUG c.h.p.o.d.PodServiceAccountResource - [helmcust] Desired PodServiceAccountResource (serviceAccountName: hivemq-platform-pod-test-hivemq-platform)
2025-01-29 22:15:18,026 INFO c.h.h.t.HelmChartContainer - [hivemq-test-hivemq-platform] [hivemq-platform-operator] [9b99058d] 22:15:18.023 [pool-6-thread-13] DEBUG c.h.p.o.dependants.PodInfoConfigMap - [helmcust] Update PodInfo ConfigMap
2025-01-29 22:15:18,038 INFO c.h.h.t.HelmChartContainer - [K3S] [alloc.go:330] "allocated clusterIPs" service="helmcustomsecretconfigit/hivemq-test-hivemq-platform-cc-8080" clusterIPs={"IPv4":"10.43.209.136"}
2025-01-29 22:15:18,130 INFO c.h.h.t.HelmChartContainer - [K3S] [alloc.go:330] "allocated clusterIPs" service="helmcustomsecretconfigit/hivemq-test-hivemq-platform-metrics-9399" clusterIPs={"IPv4":"10.43.79.157"}
2025-01-29 22:15:18,142 INFO c.h.h.t.HelmChartContainer - [K3S] [alloc.go:330] "allocated clusterIPs" service="helmcustomsecretconfigit/hivemq-test-hivemq-platform-mqtt-1883" clusterIPs={"IPv4":"10.43.96.63"}
2025-01-29 22:15:18,225 INFO c.h.h.t.HelmChartContainer - [hivemq-test-hivemq-platform] [hivemq-platform-operator] [9b99058d] 22:15:18.222 [pool-6-thread-20] DEBUG c.h.p.o.d.StatefulSetResource - [helmcust] Desired StatefulSet (2 replicas) for status STARTING (READY)
2025-01-29 22:15:18,235 INFO c.h.h.t.HelmChartContainer - [hivemq-test-hivemq-platform] [hivemq-platform-operator] [9b99058d] 22:15:18.234 [pool-6-thread-20] DEBUG c.h.p.o.d.StatefulSetResource - [helmcust] Create StatefulSet
2025-01-29 22:15:18,339 INFO c.h.h.t.HelmChartContainer - [hivemq-test-hivemq-platform] [hivemq-platform-operator] [9b99058d] 22:15:18.337 [ReconcilerExecutor-hivemq-controller-65] INFO  c.h.p.o.HiveMQPlatformReconciler - [helmcust] Reconciling HiveMQ Platform 'test-hivemq-platform' in namespace 'helmcustomsecretconfigit'
2025-01-29 22:15:18,340 INFO c.h.h.t.HelmChartContainer - [hivemq-test-hivemq-platform] [hivemq-platform-operator] [9b99058d] 22:15:18.338 [ReconcilerExecutor-hivemq-controller-65] DEBUG c.h.p.o.HiveMQPlatformReconciler - [helmcust] Custom Resource Status STARTING - HiveMQ Platform is starting (READY)
2025-01-29 22:15:18,340 INFO c.h.h.t.HelmChartContainer - [hivemq-test-hivemq-platform] [hivemq-platform-operator] [9b99058d] 22:15:18.338 [ReconcilerExecutor-hivemq-controller-65] DEBUG c.h.p.o.HiveMQPlatformReconciler - [helmcust] Custom Resource Spec (replicas: 2) (extensions: 1)
2025-01-29 22:15:18,345 INFO c.h.h.t.HelmChartContainer - [hivemq-test-hivemq-platform] [hivemq-platform-operator] [9b99058d] 22:15:18.344 [ReconcilerExecutor-hivemq-controller-65] DEBUG c.h.p.o.HiveMQPlatformReconciler - [helmcust] StatefulSet Status (revision: null, replicas: 0, available: 0, ready: 0, current: 0, updated: 0)
2025-01-29 22:15:18,347 INFO c.h.h.t.HelmChartContainer - [POD] test-hivemq-platform-0 [8f49760f-b412-4d7a-9519-ed05bed118fb] in helmcustomsecretconfigit was ADDED
2025-01-29 22:15:18,353 INFO c.h.h.t.HelmChartContainer - [EVENT] Normal [SuccessfulCreate] create Pod test-hivemq-platform-0 in StatefulSet test-hivemq-platform successful [helmcustomsecretconfigit:test-hivemq-platform]
2025-01-29 22:15:18,353 INFO c.h.h.t.HelmChartContainer - [POD] test-hivemq-platform-0 [8f49760f-b412-4d7a-9519-ed05bed118fb] in helmcustomsecretconfigit was MODIFIED
2025-01-29 22:15:18,356 INFO c.h.h.t.HelmChartContainer - [EVENT] Normal [Scheduled] Successfully assigned helmcustomsecretconfigit/test-hivemq-platform-0 to 8a91ea74c8b8 [helmcustomsecretconfigit:test-hivemq-platform-0]
2025-01-29 22:15:18,366 INFO c.h.h.t.HelmChartContainer - [POD] test-hivemq-platform-0 [8f49760f-b412-4d7a-9519-ed05bed118fb] in helmcustomsecretconfigit was MODIFIED
2025-01-29 22:15:18,429 INFO c.h.h.t.HelmChartContainer - [K3S] [reconciler_common.go:251] "operationExecutor.VerifyControllerAttachedVolume started for volume \"operator-init\" (UniqueName: \"kubernetes.io/empty-dir/8f49760f-b412-4d7a-9519-ed05bed118fb-operator-init\") pod \"test-hivemq-platform-0\" (UID: \"8f49760f-b412-4d7a-9519-ed05bed118fb\") " pod="helmcustomsecretconfigit/test-hivemq-platform-0"
2025-01-29 22:15:18,429 INFO c.h.h.t.HelmChartContainer - [K3S] [reconciler_common.go:251] "operationExecutor.VerifyControllerAttachedVolume started for volume \"kube-api-access-62tdf\" (UniqueName: \"kubernetes.io/projected/8f49760f-b412-4d7a-9519-ed05bed118fb-kube-api-access-62tdf\") pod \"test-hivemq-platform-0\" (UID: \"8f49760f-b412-4d7a-9519-ed05bed118fb\") " pod="helmcustomsecretconfigit/test-hivemq-platform-0"
2025-01-29 22:15:18,430 INFO c.h.h.t.HelmChartContainer - [K3S] [reconciler_common.go:251] "operationExecutor.VerifyControllerAttachedVolume started for volume \"pod-info\" (UniqueName: \"kubernetes.io/configmap/8f49760f-b412-4d7a-9519-ed05bed118fb-pod-info\") pod \"test-hivemq-platform-0\" (UID: \"8f49760f-b412-4d7a-9519-ed05bed118fb\") " pod="helmcustomsecretconfigit/test-hivemq-platform-0"
2025-01-29 22:15:18,430 INFO c.h.h.t.HelmChartContainer - [K3S] [reconciler_common.go:251] "operationExecutor.VerifyControllerAttachedVolume started for volume \"broker-configuration\" (UniqueName: \"kubernetes.io/secret/8f49760f-b412-4d7a-9519-ed05bed118fb-broker-configuration\") pod \"test-hivemq-platform-0\" (UID: \"8f49760f-b412-4d7a-9519-ed05bed118fb\") " pod="helmcustomsecretconfigit/test-hivemq-platform-0"
2025-01-29 22:15:18,431 INFO c.h.h.t.HelmChartContainer - [hivemq-test-hivemq-platform] [hivemq-platform-operator] [9b99058d] 22:15:18.422 [ReconcilerExecutor-hivemq-controller-65] DEBUG c.h.p.o.HiveMQPlatformReconciler - [helmcust] StatefulSet Spec (replicas: 2, init containers: 1, containers: 1, volumes: 3)
2025-01-29 22:15:18,526 INFO c.h.h.t.HelmChartContainer - [hivemq-test-hivemq-platform] [hivemq-platform-operator] [9b99058d] 22:15:18.524 [ReconcilerExecutor-hivemq-controller-65] DEBUG c.h.p.o.h.HiveMQPlatformReconcilerErrorHandler - [helmcust] Pod 'test-hivemq-platform-0' phase Pending
2025-01-29 22:15:18,526 INFO c.h.h.t.HelmChartContainer - [hivemq-test-hivemq-platform] [hivemq-platform-operator] [9b99058d] 22:15:18.524 [ReconcilerExecutor-hivemq-controller-65] DEBUG c.h.p.o.h.HiveMQPlatformReconcilerErrorHandler - [helmcust] Pod 'test-hivemq-platform-0' condition 'PodScheduled': True
2025-01-29 22:15:18,528 INFO c.h.h.t.HelmChartContainer - [hivemq-test-hivemq-platform] [hivemq-platform-operator] [9b99058d] 22:15:18.526 [ReconcilerExecutor-hivemq-controller-65] INFO  c.h.p.o.h.HiveMQPlatformReconcilerBaseHandler - [helmcust] HiveMQ Platform is starting, 0 of 2 replicas are ready
2025-01-29 22:15:18,533 INFO c.h.h.t.HelmChartContainer - [hivemq-test-hivemq-platform] [hivemq-platform-operator] [9b99058d] 22:15:18.531 [pool-6-thread-22] DEBUG c.h.p.o.d.PlatformServiceResource - [helmcust] Desired Platform services (3 services)
2025-01-29 22:15:18,534 INFO c.h.h.t.HelmChartContainer - [hivemq-test-hivemq-platform] [hivemq-platform-operator] [9b99058d] 22:15:18.532 [pool-6-thread-23] DEBUG c.h.p.o.dependants.PodInfoConfigMap - [helmcust] Desired PodInfo ConfigMap (1 extensions) (1 enabled)
2025-01-29 22:15:18,534 INFO c.h.h.t.HelmChartContainer - [hivemq-test-hivemq-platform] [hivemq-platform-operator] [9b99058d] 22:15:18.532 [pool-6-thread-23] DEBUG c.h.p.o.dependants.PodInfoConfigMap - [helmcust] Desired PodInfo ConfigMap (metrics port: 9399) (metrics path: /)
2025-01-29 22:15:18,534 INFO c.h.h.t.HelmChartContainer - [hivemq-test-hivemq-platform] [hivemq-platform-operator] [9b99058d] 22:15:18.532 [pool-6-thread-23] DEBUG c.h.p.o.dependants.PodInfoConfigMap - [helmcust] Desired PodInfo ConfigMap (extension state hash: -1817474005)
2025-01-29 22:15:18,540 INFO c.h.h.t.HelmChartContainer - [hivemq-test-hivemq-platform] [hivemq-platform-operator] [9b99058d] 22:15:18.539 [pool-6-thread-27] DEBUG c.h.p.o.d.PodServiceAccountResource - [helmcust] Desired PodServiceAccountResource (serviceAccountName: hivemq-platform-pod-test-hivemq-platform)
2025-01-29 22:15:18,628 INFO c.h.h.t.HelmChartContainer - [hivemq-test-hivemq-platform] [hivemq-platform-operator] [9b99058d] 22:15:18.626 [pool-6-thread-30] DEBUG c.h.p.o.d.StatefulSetResource - [helmcust] Desired StatefulSet (2 replicas) for status STARTING (READY)
2025-01-29 22:15:18,633 INFO c.h.h.t.HelmChartContainer - [hivemq-test-hivemq-platform] [hivemq-platform-operator] [9b99058d] 22:15:18.632 [ReconcilerExecutor-hivemq-controller-76] INFO  c.h.p.o.HiveMQPlatformReconciler - [helmcust] Reconciling HiveMQ Platform 'test-hivemq-platform' in namespace 'helmcustomsecretconfigit'
2025-01-29 22:15:18,634 INFO c.h.h.t.HelmChartContainer - [hivemq-test-hivemq-platform] [hivemq-platform-operator] [9b99058d] 22:15:18.632 [ReconcilerExecutor-hivemq-controller-76] DEBUG c.h.p.o.HiveMQPlatformReconciler - [helmcust] Custom Resource Status STARTING - HiveMQ Platform is starting (READY)
2025-01-29 22:15:18,635 INFO c.h.h.t.HelmChartContainer - [hivemq-test-hivemq-platform] [hivemq-platform-operator] [9b99058d] 22:15:18.633 [ReconcilerExecutor-hivemq-controller-76] DEBUG c.h.p.o.HiveMQPlatformReconciler - [helmcust] Custom Resource Spec (replicas: 2) (extensions: 1)
2025-01-29 22:15:18,637 INFO c.h.h.t.HelmChartContainer - [hivemq-test-hivemq-platform] [hivemq-platform-operator] [9b99058d] 22:15:18.635 [ReconcilerExecutor-hivemq-controller-76] DEBUG c.h.p.o.HiveMQPlatformReconciler - [helmcust] StatefulSet Status (revision: test-hivemq-platform-65cfcbfbf9, replicas: 1, available: 0, ready: 0, current: 1, updated: 1)
2025-01-29 22:15:18,637 INFO c.h.h.t.HelmChartContainer - [hivemq-test-hivemq-platform] [hivemq-platform-operator] [9b99058d] 22:15:18.635 [ReconcilerExecutor-hivemq-controller-76] DEBUG c.h.p.o.HiveMQPlatformReconciler - [helmcust] StatefulSet Spec (replicas: 2, init containers: 1, containers: 1, volumes: 3)
2025-01-29 22:15:18,727 INFO c.h.h.t.HelmChartContainer - [hivemq-test-hivemq-platform] [hivemq-platform-operator] [9b99058d] 22:15:18.723 [ReconcilerExecutor-hivemq-controller-76] DEBUG c.h.p.o.h.HiveMQPlatformReconcilerErrorHandler - [helmcust] Pod 'test-hivemq-platform-0' phase Pending
2025-01-29 22:15:18,727 INFO c.h.h.t.HelmChartContainer - [hivemq-test-hivemq-platform] [hivemq-platform-operator] [9b99058d] 22:15:18.724 [ReconcilerExecutor-hivemq-controller-76] DEBUG c.h.p.o.h.HiveMQPlatformReconcilerErrorHandler - [helmcust] Pod 'test-hivemq-platform-0' condition 'PodReadyToStartContainers': False
2025-01-29 22:15:18,727 INFO c.h.h.t.HelmChartContainer - [hivemq-test-hivemq-platform] [hivemq-platform-operator] [9b99058d] 22:15:18.724 [ReconcilerExecutor-hivemq-controller-76] DEBUG c.h.p.o.h.HiveMQPlatformReconcilerErrorHandler - [helmcust] Pod 'test-hivemq-platform-0' condition 'Initialized': False
2025-01-29 22:15:18,727 INFO c.h.h.t.HelmChartContainer - [hivemq-test-hivemq-platform] [hivemq-platform-operator] [9b99058d] 22:15:18.724 [ReconcilerExecutor-hivemq-controller-76] DEBUG c.h.p.o.h.HiveMQPlatformReconcilerErrorHandler - [helmcust] Pod 'test-hivemq-platform-0' condition 'Ready': False
2025-01-29 22:15:18,727 INFO c.h.h.t.HelmChartContainer - [hivemq-test-hivemq-platform] [hivemq-platform-operator] [9b99058d] 22:15:18.724 [ReconcilerExecutor-hivemq-controller-76] DEBUG c.h.p.o.h.HiveMQPlatformReconcilerErrorHandler - [helmcust] Pod 'test-hivemq-platform-0' condition 'ContainersReady': False
2025-01-29 22:15:18,727 INFO c.h.h.t.HelmChartContainer - [hivemq-test-hivemq-platform] [hivemq-platform-operator] [9b99058d] 22:15:18.724 [ReconcilerExecutor-hivemq-controller-76] DEBUG c.h.p.o.h.HiveMQPlatformReconcilerErrorHandler - [helmcust] Pod 'test-hivemq-platform-0' condition 'PodScheduled': True
2025-01-29 22:15:18,727 INFO c.h.h.t.HelmChartContainer - [hivemq-test-hivemq-platform] [hivemq-platform-operator] [9b99058d] 22:15:18.724 [ReconcilerExecutor-hivemq-controller-76] DEBUG c.h.p.o.h.HiveMQPlatformReconcilerErrorHandler - [helmcust] Pod 'test-hivemq-platform-0' containerStatus 'hivemq' (started: false) (ready: false) (waiting: [PodInitializing] null)
2025-01-29 22:15:18,729 INFO c.h.h.t.HelmChartContainer - [hivemq-test-hivemq-platform] [hivemq-platform-operator] [9b99058d] 22:15:18.728 [ReconcilerExecutor-hivemq-controller-76] INFO  c.h.p.o.h.HiveMQPlatformReconcilerBaseHandler - [helmcust] HiveMQ Platform is starting, 0 of 2 replicas are ready
2025-01-29 22:15:18,745 INFO c.h.h.t.HelmChartContainer - [EVENT] Normal [Pulled] Container image "docker.io/hivemq/hivemq-platform-operator-init-test:snapshot" already present on machine [helmcustomsecretconfigit:test-hivemq-platform-0]
2025-01-29 22:15:18,900 INFO c.h.h.t.HelmChartContainer - [EVENT] Normal [Created] Created container: hivemq-platform-operator-init [helmcustomsecretconfigit:test-hivemq-platform-0]
2025-01-29 22:15:18,949 INFO c.h.h.t.HelmChartContainer - [EVENT] Normal [Started] Started container hivemq-platform-operator-init [helmcustomsecretconfigit:test-hivemq-platform-0]
2025-01-29 22:15:19,792 INFO c.h.h.t.HelmChartContainer - [POD] test-hivemq-platform-0 [8f49760f-b412-4d7a-9519-ed05bed118fb] in helmcustomsecretconfigit was MODIFIED
2025-01-29 22:15:19,813 INFO c.h.h.t.HelmChartContainer - [hivemq-test-hivemq-platform] [hivemq-platform-operator] [9b99058d] 22:15:19.810 [pool-6-thread-33] DEBUG c.h.p.o.dependants.PodInfoConfigMap - [helmcust] Desired PodInfo ConfigMap (1 extensions) (1 enabled)
2025-01-29 22:15:19,813 INFO c.h.h.t.HelmChartContainer - [hivemq-test-hivemq-platform] [hivemq-platform-operator] [9b99058d] 22:15:19.810 [pool-6-thread-33] DEBUG c.h.p.o.dependants.PodInfoConfigMap - [helmcust] Desired PodInfo ConfigMap (metrics port: 9399) (metrics path: /)
2025-01-29 22:15:19,813 INFO c.h.h.t.HelmChartContainer - [hivemq-test-hivemq-platform] [hivemq-platform-operator] [9b99058d] 22:15:19.810 [pool-6-thread-33] DEBUG c.h.p.o.dependants.PodInfoConfigMap - [helmcust] Desired PodInfo ConfigMap (extension state hash: -1817474005)
2025-01-29 22:15:19,813 INFO c.h.h.t.HelmChartContainer - [hivemq-test-hivemq-platform] [hivemq-platform-operator] [9b99058d] 22:15:19.808 [pool-6-thread-32] DEBUG c.h.p.o.d.PlatformServiceResource - [helmcust] Desired Platform services (3 services)
2025-01-29 22:15:19,819 INFO c.h.h.t.HelmChartContainer - [hivemq-test-hivemq-platform] [hivemq-platform-operator] [9b99058d] 22:15:19.816 [pool-6-thread-37] DEBUG c.h.p.o.d.PodServiceAccountResource - [helmcust] Desired PodServiceAccountResource (serviceAccountName: hivemq-platform-pod-test-hivemq-platform)
2025-01-29 22:15:19,859 INFO c.h.h.t.HelmChartContainer - [hivemq-test-hivemq-platform] [hivemq-platform-operator] [9b99058d] 22:15:19.858 [pool-6-thread-40] DEBUG c.h.p.o.d.StatefulSetResource - [helmcust] Desired StatefulSet (2 replicas) for status STARTING (READY)
2025-01-29 22:15:19,863 INFO c.h.h.t.HelmChartContainer - [hivemq-test-hivemq-platform] [hivemq-platform-operator] [9b99058d] 22:15:19.861 [ReconcilerExecutor-hivemq-controller-87] INFO  c.h.p.o.HiveMQPlatformReconciler - [helmcust] Reconciling HiveMQ Platform 'test-hivemq-platform' in namespace 'helmcustomsecretconfigit'
2025-01-29 22:15:19,863 INFO c.h.h.t.HelmChartContainer - [hivemq-test-hivemq-platform] [hivemq-platform-operator] [9b99058d] 22:15:19.862 [ReconcilerExecutor-hivemq-controller-87] DEBUG c.h.p.o.HiveMQPlatformReconciler - [helmcust] Custom Resource Status STARTING - HiveMQ Platform is starting (READY)
2025-01-29 22:15:19,863 INFO c.h.h.t.HelmChartContainer - [hivemq-test-hivemq-platform] [hivemq-platform-operator] [9b99058d] 22:15:19.862 [ReconcilerExecutor-hivemq-controller-87] DEBUG c.h.p.o.HiveMQPlatformReconciler - [helmcust] Custom Resource Spec (replicas: 2) (extensions: 1)
2025-01-29 22:15:19,865 INFO c.h.h.t.HelmChartContainer - [hivemq-test-hivemq-platform] [hivemq-platform-operator] [9b99058d] 22:15:19.864 [ReconcilerExecutor-hivemq-controller-87] DEBUG c.h.p.o.HiveMQPlatformReconciler - [helmcust] StatefulSet Status (revision: test-hivemq-platform-65cfcbfbf9, replicas: 1, available: 0, ready: 0, current: 1, updated: 1)
2025-01-29 22:15:19,865 INFO c.h.h.t.HelmChartContainer - [hivemq-test-hivemq-platform] [hivemq-platform-operator] [9b99058d] 22:15:19.864 [ReconcilerExecutor-hivemq-controller-87] DEBUG c.h.p.o.HiveMQPlatformReconciler - [helmcust] StatefulSet Spec (replicas: 2, init containers: 1, containers: 1, volumes: 3)
2025-01-29 22:15:19,868 INFO c.h.h.t.HelmChartContainer - [hivemq-test-hivemq-platform] [hivemq-platform-operator] [9b99058d] 22:15:19.867 [ReconcilerExecutor-hivemq-controller-87] DEBUG c.h.p.o.h.HiveMQPlatformReconcilerErrorHandler - [helmcust] Pod 'test-hivemq-platform-0' phase Pending
2025-01-29 22:15:19,869 INFO c.h.h.t.HelmChartContainer - [hivemq-test-hivemq-platform] [hivemq-platform-operator] [9b99058d] 22:15:19.867 [ReconcilerExecutor-hivemq-controller-87] DEBUG c.h.p.o.h.HiveMQPlatformReconcilerErrorHandler - [helmcust] Pod 'test-hivemq-platform-0' condition 'PodReadyToStartContainers': True
2025-01-29 22:15:19,869 INFO c.h.h.t.HelmChartContainer - [hivemq-test-hivemq-platform] [hivemq-platform-operator] [9b99058d] 22:15:19.867 [ReconcilerExecutor-hivemq-controller-87] DEBUG c.h.p.o.h.HiveMQPlatformReconcilerErrorHandler - [helmcust] Pod 'test-hivemq-platform-0' condition 'Initialized': False
2025-01-29 22:15:19,869 INFO c.h.h.t.HelmChartContainer - [hivemq-test-hivemq-platform] [hivemq-platform-operator] [9b99058d] 22:15:19.867 [ReconcilerExecutor-hivemq-controller-87] DEBUG c.h.p.o.h.HiveMQPlatformReconcilerErrorHandler - [helmcust] Pod 'test-hivemq-platform-0' condition 'Ready': False
2025-01-29 22:15:19,869 INFO c.h.h.t.HelmChartContainer - [hivemq-test-hivemq-platform] [hivemq-platform-operator] [9b99058d] 22:15:19.867 [ReconcilerExecutor-hivemq-controller-87] DEBUG c.h.p.o.h.HiveMQPlatformReconcilerErrorHandler - [helmcust] Pod 'test-hivemq-platform-0' condition 'ContainersReady': False
2025-01-29 22:15:19,870 INFO c.h.h.t.HelmChartContainer - [hivemq-test-hivemq-platform] [hivemq-platform-operator] [9b99058d] 22:15:19.867 [ReconcilerExecutor-hivemq-controller-87] DEBUG c.h.p.o.h.HiveMQPlatformReconcilerErrorHandler - [helmcust] Pod 'test-hivemq-platform-0' condition 'PodScheduled': True
2025-01-29 22:15:19,870 INFO c.h.h.t.HelmChartContainer - [hivemq-test-hivemq-platform] [hivemq-platform-operator] [9b99058d] 22:15:19.867 [ReconcilerExecutor-hivemq-controller-87] DEBUG c.h.p.o.h.HiveMQPlatformReconcilerErrorHandler - [helmcust] Pod 'test-hivemq-platform-0' containerStatus 'hivemq' (started: false) (ready: false) (waiting: [PodInitializing] null)
2025-01-29 22:15:19,870 INFO c.h.h.t.HelmChartContainer - [hivemq-test-hivemq-platform] [hivemq-platform-operator] [9b99058d] 22:15:19.868 [ReconcilerExecutor-hivemq-controller-87] INFO  c.h.p.o.h.HiveMQPlatformReconcilerBaseHandler - [helmcust] HiveMQ Platform is starting, 0 of 2 replicas are ready
2025-01-29 22:15:20,788 INFO c.h.h.t.HelmChartContainer - [EVENT] Normal [Pulled] Container image "docker.io/hivemq/hivemq4:4.36.0" already present on machine [helmcustomsecretconfigit:test-hivemq-platform-0]
2025-01-29 22:15:20,788 INFO c.h.h.t.HelmChartContainer - Received Pulled event for container hivemq in pod test-hivemq-platform-0 [8f49760f-b412-4d7a-9519-ed05bed118fb]
2025-01-29 22:15:20,795 INFO c.h.h.t.HelmChartContainer - [POD] test-hivemq-platform-0 [8f49760f-b412-4d7a-9519-ed05bed118fb] in helmcustomsecretconfigit was MODIFIED
2025-01-29 22:15:20,806 INFO c.h.h.t.HelmChartContainer - [hivemq-test-hivemq-platform] [hivemq-platform-operator] [9b99058d] 22:15:20.803 [pool-6-thread-42] DEBUG c.h.p.o.d.PlatformServiceResource - [helmcust] Desired Platform services (3 services)
2025-01-29 22:15:20,806 INFO c.h.h.t.HelmChartContainer - [hivemq-test-hivemq-platform] [hivemq-platform-operator] [9b99058d] 22:15:20.803 [pool-6-thread-43] DEBUG c.h.p.o.dependants.PodInfoConfigMap - [helmcust] Desired PodInfo ConfigMap (1 extensions) (1 enabled)
2025-01-29 22:15:20,806 INFO c.h.h.t.HelmChartContainer - [hivemq-test-hivemq-platform] [hivemq-platform-operator] [9b99058d] 22:15:20.804 [pool-6-thread-43] DEBUG c.h.p.o.dependants.PodInfoConfigMap - [helmcust] Desired PodInfo ConfigMap (metrics port: 9399) (metrics path: /)
2025-01-29 22:15:20,806 INFO c.h.h.t.HelmChartContainer - [hivemq-test-hivemq-platform] [hivemq-platform-operator] [9b99058d] 22:15:20.804 [pool-6-thread-43] DEBUG c.h.p.o.dependants.PodInfoConfigMap - [helmcust] Desired PodInfo ConfigMap (extension state hash: -1817474005)
2025-01-29 22:15:20,808 INFO c.h.h.t.HelmChartContainer - [hivemq-test-hivemq-platform] [hivemq-platform-operator] [9b99058d] 22:15:20.806 [pool-6-thread-47] DEBUG c.h.p.o.d.PodServiceAccountResource - [helmcust] Desired PodServiceAccountResource (serviceAccountName: hivemq-platform-pod-test-hivemq-platform)
2025-01-29 22:15:20,815 INFO c.h.h.t.HelmChartContainer - [hivemq-test-hivemq-platform] [hivemq-platform-operator] [9b99058d] 22:15:20.814 [pool-6-thread-50] DEBUG c.h.p.o.d.StatefulSetResource - [helmcust] Desired StatefulSet (2 replicas) for status STARTING (READY)
2025-01-29 22:15:20,858 INFO c.h.h.t.HelmChartContainer - [hivemq-test-hivemq-platform] [hivemq-platform-operator] [9b99058d] 22:15:20.851 [ReconcilerExecutor-hivemq-controller-98] INFO  c.h.p.o.HiveMQPlatformReconciler - [helmcust] Reconciling HiveMQ Platform 'test-hivemq-platform' in namespace 'helmcustomsecretconfigit'
2025-01-29 22:15:20,858 INFO c.h.h.t.HelmChartContainer - [hivemq-test-hivemq-platform] [hivemq-platform-operator] [9b99058d] 22:15:20.851 [ReconcilerExecutor-hivemq-controller-98] DEBUG c.h.p.o.HiveMQPlatformReconciler - [helmcust] Custom Resource Status STARTING - HiveMQ Platform is starting (READY)
2025-01-29 22:15:20,858 INFO c.h.h.t.HelmChartContainer - [hivemq-test-hivemq-platform] [hivemq-platform-operator] [9b99058d] 22:15:20.851 [ReconcilerExecutor-hivemq-controller-98] DEBUG c.h.p.o.HiveMQPlatformReconciler - [helmcust] Custom Resource Spec (replicas: 2) (extensions: 1)
2025-01-29 22:15:20,858 INFO c.h.h.t.HelmChartContainer - [hivemq-test-hivemq-platform] [hivemq-platform-operator] [9b99058d] 22:15:20.853 [ReconcilerExecutor-hivemq-controller-98] DEBUG c.h.p.o.HiveMQPlatformReconciler - [helmcust] StatefulSet Status (revision: test-hivemq-platform-65cfcbfbf9, replicas: 1, available: 0, ready: 0, current: 1, updated: 1)
2025-01-29 22:15:20,859 INFO c.h.h.t.HelmChartContainer - [hivemq-test-hivemq-platform] [hivemq-platform-operator] [9b99058d] 22:15:20.854 [ReconcilerExecutor-hivemq-controller-98] DEBUG c.h.p.o.HiveMQPlatformReconciler - [helmcust] StatefulSet Spec (replicas: 2, init containers: 1, containers: 1, volumes: 3)
2025-01-29 22:15:20,860 INFO c.h.h.t.HelmChartContainer - [hivemq-test-hivemq-platform] [hivemq-platform-operator] [9b99058d] 22:15:20.856 [ReconcilerExecutor-hivemq-controller-98] DEBUG c.h.p.o.h.HiveMQPlatformReconcilerErrorHandler - [helmcust] Pod 'test-hivemq-platform-0' phase Pending
2025-01-29 22:15:20,860 INFO c.h.h.t.HelmChartContainer - [hivemq-test-hivemq-platform] [hivemq-platform-operator] [9b99058d] 22:15:20.856 [ReconcilerExecutor-hivemq-controller-98] DEBUG c.h.p.o.h.HiveMQPlatformReconcilerErrorHandler - [helmcust] Pod 'test-hivemq-platform-0' condition 'PodReadyToStartContainers': True
2025-01-29 22:15:20,860 INFO c.h.h.t.HelmChartContainer - [hivemq-test-hivemq-platform] [hivemq-platform-operator] [9b99058d] 22:15:20.856 [ReconcilerExecutor-hivemq-controller-98] DEBUG c.h.p.o.h.HiveMQPlatformReconcilerErrorHandler - [helmcust] Pod 'test-hivemq-platform-0' condition 'Initialized': True
2025-01-29 22:15:20,860 INFO c.h.h.t.HelmChartContainer - [hivemq-test-hivemq-platform] [hivemq-platform-operator] [9b99058d] 22:15:20.856 [ReconcilerExecutor-hivemq-controller-98] DEBUG c.h.p.o.h.HiveMQPlatformReconcilerErrorHandler - [helmcust] Pod 'test-hivemq-platform-0' condition 'Ready': False
2025-01-29 22:15:20,860 INFO c.h.h.t.HelmChartContainer - [hivemq-test-hivemq-platform] [hivemq-platform-operator] [9b99058d] 22:15:20.856 [ReconcilerExecutor-hivemq-controller-98] DEBUG c.h.p.o.h.HiveMQPlatformReconcilerErrorHandler - [helmcust] Pod 'test-hivemq-platform-0' condition 'ContainersReady': False
2025-01-29 22:15:20,860 INFO c.h.h.t.HelmChartContainer - [hivemq-test-hivemq-platform] [hivemq-platform-operator] [9b99058d] 22:15:20.856 [ReconcilerExecutor-hivemq-controller-98] DEBUG c.h.p.o.h.HiveMQPlatformReconcilerErrorHandler - [helmcust] Pod 'test-hivemq-platform-0' condition 'PodScheduled': True
2025-01-29 22:15:20,860 INFO c.h.h.t.HelmChartContainer - [hivemq-test-hivemq-platform] [hivemq-platform-operator] [9b99058d] 22:15:20.856 [ReconcilerExecutor-hivemq-controller-98] DEBUG c.h.p.o.h.HiveMQPlatformReconcilerErrorHandler - [helmcust] Pod 'test-hivemq-platform-0' containerStatus 'hivemq' (started: false) (ready: false) (waiting: [PodInitializing] null)
2025-01-29 22:15:20,860 INFO c.h.h.t.HelmChartContainer - [hivemq-test-hivemq-platform] [hivemq-platform-operator] [9b99058d] 22:15:20.857 [ReconcilerExecutor-hivemq-controller-98] INFO  c.h.p.o.h.HiveMQPlatformReconcilerBaseHandler - [helmcust] HiveMQ Platform is starting, 0 of 2 replicas are ready
2025-01-29 22:15:22,928 INFO c.h.h.t.HelmChartContainer - [EVENT] Normal [Created] Created container: hivemq [helmcustomsecretconfigit:test-hivemq-platform-0]
2025-01-29 22:15:22,928 INFO c.h.h.t.HelmChartContainer - Received Created event for container hivemq in pod test-hivemq-platform-0 [8f49760f-b412-4d7a-9519-ed05bed118fb]
2025-01-29 22:15:23,801 INFO c.h.h.t.HelmChartContainer - [POD] test-hivemq-platform-0 [8f49760f-b412-4d7a-9519-ed05bed118fb] in helmcustomsecretconfigit was MODIFIED
2025-01-29 22:15:23,815 INFO c.h.h.t.HelmChartContainer - [EVENT] Normal [Started] Started container hivemq [helmcustomsecretconfigit:test-hivemq-platform-0]
2025-01-29 22:15:23,815 INFO c.h.h.t.HelmChartContainer - Started log watcher for hivemq in pod test-hivemq-platform-0 [8f49760f-b412-4d7a-9519-ed05bed118fb]
2025-01-29 22:15:23,815 INFO c.h.h.t.HelmChartContainer - Received Started event for container hivemq in pod test-hivemq-platform-0 [8f49760f-b412-4d7a-9519-ed05bed118fb]
2025-01-29 22:15:23,815 INFO c.h.h.t.HelmChartContainer - [test-hivemq-platform] [hivemq] [8f49760f] Adding pre-installed HiveMQ Platform Operator extensions
2025-01-29 22:15:23,815 INFO c.h.h.t.HelmChartContainer - [test-hivemq-platform] [hivemq] [8f49760f] Running as user 10000
2025-01-29 22:15:23,815 INFO c.h.h.t.HelmChartContainer - [test-hivemq-platform] [hivemq] [8f49760f] Starting HiveMQ Platform Operator Init
2025-01-29 22:15:23,819 INFO c.h.h.t.HelmChartContainer - [hivemq-test-hivemq-platform] [hivemq-platform-operator] [9b99058d] 22:15:23.816 [pool-6-thread-8] DEBUG c.h.p.o.d.PlatformServiceResource - [helmcust] Desired Platform services (3 services)
2025-01-29 22:15:23,821 INFO c.h.h.t.HelmChartContainer - [hivemq-test-hivemq-platform] [hivemq-platform-operator] [9b99058d] 22:15:23.820 [pool-6-thread-3] DEBUG c.h.p.o.d.PodServiceAccountResource - [helmcust] Desired PodServiceAccountResource (serviceAccountName: hivemq-platform-pod-test-hivemq-platform)
2025-01-29 22:15:23,827 INFO c.h.h.t.HelmChartContainer - [hivemq-test-hivemq-platform] [hivemq-platform-operator] [9b99058d] 22:15:23.817 [pool-6-thread-5] DEBUG c.h.p.o.dependants.PodInfoConfigMap - [helmcust] Desired PodInfo ConfigMap (1 extensions) (1 enabled)
2025-01-29 22:15:23,829 INFO c.h.h.t.HelmChartContainer - [hivemq-test-hivemq-platform] [hivemq-platform-operator] [9b99058d] 22:15:23.826 [pool-6-thread-5] DEBUG c.h.p.o.dependants.PodInfoConfigMap - [helmcust] Desired PodInfo ConfigMap (metrics port: 9399) (metrics path: /)
2025-01-29 22:15:23,829 INFO c.h.h.t.HelmChartContainer - [hivemq-test-hivemq-platform] [hivemq-platform-operator] [9b99058d] 22:15:23.826 [pool-6-thread-5] DEBUG c.h.p.o.dependants.PodInfoConfigMap - [helmcust] Desired PodInfo ConfigMap (extension state hash: -1817474005)
2025-01-29 22:15:23,834 INFO c.h.h.t.HelmChartContainer - [hivemq-test-hivemq-platform] [hivemq-platform-operator] [9b99058d] 22:15:23.832 [pool-6-thread-8] DEBUG c.h.p.o.d.StatefulSetResource - [helmcust] Desired StatefulSet (2 replicas) for status STARTING (READY)
2025-01-29 22:15:23,857 INFO c.h.h.t.HelmChartContainer - [hivemq-test-hivemq-platform] [hivemq-platform-operator] [9b99058d] 22:15:23.855 [ReconcilerExecutor-hivemq-controller-109] INFO  c.h.p.o.HiveMQPlatformReconciler - [helmcust] Reconciling HiveMQ Platform 'test-hivemq-platform' in namespace 'helmcustomsecretconfigit'
2025-01-29 22:15:23,857 INFO c.h.h.t.HelmChartContainer - [hivemq-test-hivemq-platform] [hivemq-platform-operator] [9b99058d] 22:15:23.856 [ReconcilerExecutor-hivemq-controller-109] DEBUG c.h.p.o.HiveMQPlatformReconciler - [helmcust] Custom Resource Status STARTING - HiveMQ Platform is starting (READY)
2025-01-29 22:15:23,857 INFO c.h.h.t.HelmChartContainer - [hivemq-test-hivemq-platform] [hivemq-platform-operator] [9b99058d] 22:15:23.856 [ReconcilerExecutor-hivemq-controller-109] DEBUG c.h.p.o.HiveMQPlatformReconciler - [helmcust] Custom Resource Spec (replicas: 2) (extensions: 1)
2025-01-29 22:15:23,861 INFO c.h.h.t.HelmChartContainer - [hivemq-test-hivemq-platform] [hivemq-platform-operator] [9b99058d] 22:15:23.858 [ReconcilerExecutor-hivemq-controller-109] DEBUG c.h.p.o.HiveMQPlatformReconciler - [helmcust] StatefulSet Status (revision: test-hivemq-platform-65cfcbfbf9, replicas: 1, available: 0, ready: 0, current: 1, updated: 1)
2025-01-29 22:15:23,861 INFO c.h.h.t.HelmChartContainer - [hivemq-test-hivemq-platform] [hivemq-platform-operator] [9b99058d] 22:15:23.858 [ReconcilerExecutor-hivemq-controller-109] DEBUG c.h.p.o.HiveMQPlatformReconciler - [helmcust] StatefulSet Spec (replicas: 2, init containers: 1, containers: 1, volumes: 3)
2025-01-29 22:15:23,862 INFO c.h.h.t.HelmChartContainer - [hivemq-test-hivemq-platform] [hivemq-platform-operator] [9b99058d] 22:15:23.859 [ReconcilerExecutor-hivemq-controller-109] DEBUG c.h.p.o.h.HiveMQPlatformReconcilerErrorHandler - [helmcust] Pod 'test-hivemq-platform-0' phase Running
2025-01-29 22:15:23,862 INFO c.h.h.t.HelmChartContainer - [hivemq-test-hivemq-platform] [hivemq-platform-operator] [9b99058d] 22:15:23.860 [ReconcilerExecutor-hivemq-controller-109] INFO  c.h.p.o.h.HiveMQPlatformReconcilerBaseHandler - [helmcust] HiveMQ Platform is starting, 0 of 2 replicas are ready
2025-01-29 22:15:24,193 INFO c.h.h.t.HelmChartContainer - [test-hivemq-platform] [hivemq] [8f49760f] INFO  - [HiveMQ Platform Operator Init 1.7.0-SNAPSHOT] HiveMQ Platform Operator Init 1.7.0-SNAPSHOT (commit: 3bc9484 on branch: HEAD) built on Wed Jan 29 22:06:36 UTC 2025
2025-01-29 22:15:25,297 INFO c.h.h.t.HelmChartContainer - [test-hivemq-platform] [hivemq] [8f49760f] INFO  - [HiveMQ Platform Operator Init App 1.7.0-SNAPSHOT] Using bind address 10.42.0.14 from environment variable
2025-01-29 22:15:26,206 INFO c.h.h.t.HelmChartContainer - [test-hivemq-platform] [hivemq] [8f49760f] INFO  - [HiveMQ Platform Operator Init App 1.7.0-SNAPSHOT] HiveMQ Platform Operator Init App 1.7.0-SNAPSHOT (commit: 3bc9484 on branch: HEAD) built on Wed Jan 29 22:06:36 UTC 2025
2025-01-29 22:15:26,206 INFO c.h.h.t.HelmChartContainer - [test-hivemq-platform] [hivemq] [8f49760f] INFO  - [HiveMQ Platform Operator Init App 1.7.0-SNAPSHOT] PodInfo ConfigMap directory: /etc/podinfo
2025-01-29 22:15:26,206 INFO c.h.h.t.HelmChartContainer - [test-hivemq-platform] [hivemq] [8f49760f] INFO  - [HiveMQ Platform Operator Init App 1.7.0-SNAPSHOT] HiveMQ home directory: /opt/hivemq
2025-01-29 22:15:26,206 INFO c.h.h.t.HelmChartContainer - [test-hivemq-platform] [hivemq] [8f49760f] INFO  - [HiveMQ Platform Operator Init App 1.7.0-SNAPSHOT] HiveMQ Logback folder: /opt/hivemq/conf
2025-01-29 22:15:26,206 INFO c.h.h.t.HelmChartContainer - [test-hivemq-platform] [hivemq] [8f49760f] INFO  - [HiveMQ Platform Operator Init App 1.7.0-SNAPSHOT] HiveMQ Config folder: /opt/hivemq/conf-k8s
2025-01-29 22:15:26,206 INFO c.h.h.t.HelmChartContainer - [test-hivemq-platform] [hivemq] [8f49760f] INFO  - [HiveMQ Platform Operator Init App 1.7.0-SNAPSHOT] Starting HiveMQ Platform Operator Init App
2025-01-29 22:15:26,206 INFO c.h.h.t.HelmChartContainer - [test-hivemq-platform] [hivemq] [8f49760f] INFO  - [HiveMQ Platform Operator Init App 1.7.0-SNAPSHOT] Starting Pod reconciler
2025-01-29 22:15:27,310 INFO c.h.h.t.HelmChartContainer - [test-hivemq-platform] [hivemq] [8f49760f] INFO  - [HiveMQ Platform Operator Init App 1.7.0-SNAPSHOT] Pod reconciler is scheduled (interval: 5000 ms)
2025-01-29 22:15:27,311 INFO c.h.h.t.HelmChartContainer - [test-hivemq-platform] [hivemq] [8f49760f] INFO  - [HiveMQ Platform Operator Init App 1.7.0-SNAPSHOT] Starting the REST API on 10.42.0.14:7979
2025-01-29 22:15:27,313 INFO c.h.h.t.HelmChartContainer - [test-hivemq-platform] [hivemq] [8f49760f] INFO  - [HiveMQ Platform Operator Init App 1.7.0-SNAPSHOT] Waiting up to 600s for at most 2 HiveMQ nodes in cluster service hivemq-test-hivemq-platform-cluster.helmcustomsecretconfigit.svc
2025-01-29 22:15:27,693 INFO c.h.h.t.HelmChartContainer - [test-hivemq-platform] [hivemq] [8f49760f] INFO  - [HiveMQ Platform Operator Init App 1.7.0-SNAPSHOT] Resolved 1 IP addresses: [10.42.0.14]
2025-01-29 22:15:27,693 INFO c.h.h.t.HelmChartContainer - [test-hivemq-platform] [hivemq] [8f49760f] INFO  - [HiveMQ Platform Operator Init App 1.7.0-SNAPSHOT] HiveMQ node count of 1 is within threshold of 2
2025-01-29 22:15:27,693 INFO c.h.h.t.HelmChartContainer - [test-hivemq-platform] [hivemq] [8f49760f] INFO  - [HiveMQ Platform Operator Init App 1.7.0-SNAPSHOT] Proceeding with container start
2025-01-29 22:15:27,716 INFO c.h.h.t.HelmChartContainer - [test-hivemq-platform] [hivemq] [8f49760f] INFO  - [HiveMQ Platform Operator Init App 1.7.0-SNAPSHOT] Initializing HiveMQ Platform extensions with initial configuration: {hivemq-allow-all-extension={start-priority=-1, skip-https-hostname-verification=false, restart=true, config-version=0, header-version=0, c-uri=, priority=-1, uri=preinstalled, skip-https-certificate-validation=false, enabled=true}, hivemq-prometheus-extension={priority=-1, start-priority=-1, c-uri=, skip-https-hostname-verification=false, skip-https-certificate-validation=false, uri=preinstalled, request-header-path=no-request-headers, enabled=true, restart=true}}
2025-01-29 22:15:28,185 INFO c.h.h.t.HelmChartContainer - [test-hivemq-platform] [hivemq] [8f49760f] INFO  - [HiveMQ Platform Operator Init App 1.7.0-SNAPSHOT] Extension hivemq-allow-all-extension was already enabled
2025-01-29 22:15:28,197 INFO c.h.h.t.HelmChartContainer - [test-hivemq-platform] [hivemq] [8f49760f] INFO  - [HiveMQ Platform Operator Init App 1.7.0-SNAPSHOT] Successfully enabled extension hivemq-prometheus-extension
2025-01-29 22:15:28,200 INFO c.h.h.t.HelmChartContainer - [test-hivemq-platform] [hivemq] [8f49760f] INFO  - [HiveMQ Platform Operator Init App 1.7.0-SNAPSHOT] Starting HiveMQ Platform version 4.36.0 (4.36.0)
2025-01-29 22:15:28,201 INFO c.h.h.t.HelmChartContainer - [test-hivemq-platform] [hivemq] [8f49760f] INFO  - [HiveMQ Platform Operator Init App 1.7.0-SNAPSHOT] Configuring the HiveMQ Platform
2025-01-29 22:15:28,293 INFO c.h.h.t.HelmChartContainer - [test-hivemq-platform] [hivemq] [8f49760f] INFO  - [HiveMQ Platform Operator Init App 1.7.0-SNAPSHOT] Changed logback.xml file scan period to 20 seconds
2025-01-29 22:15:28,390 INFO c.h.h.t.HelmChartContainer - [test-hivemq-platform] [hivemq] [8f49760f] INFO  - [HiveMQ Platform Operator Init App 1.7.0-SNAPSHOT] Starting the HiveMQ Platform
2025-01-29 22:15:28,393 INFO c.h.h.t.HelmChartContainer - [test-hivemq-platform] [hivemq] [8f49760f] -------------------------------------------------------------------------
2025-01-29 22:15:28,393 INFO c.h.h.t.HelmChartContainer - [test-hivemq-platform] [hivemq] [8f49760f] 
2025-01-29 22:15:28,394 INFO c.h.h.t.HelmChartContainer - [test-hivemq-platform] [hivemq] [8f49760f]                   _    _  _              __  __   ____
2025-01-29 22:15:28,394 INFO c.h.h.t.HelmChartContainer - [test-hivemq-platform] [hivemq] [8f49760f]                  | |  | |(_)            |  \/  | / __ \
2025-01-29 22:15:28,394 INFO c.h.h.t.HelmChartContainer - [test-hivemq-platform] [hivemq] [8f49760f]                  | |__| | _ __   __ ___ | \  / || |  | |
2025-01-29 22:15:28,394 INFO c.h.h.t.HelmChartContainer - [test-hivemq-platform] [hivemq] [8f49760f]                  |  __  || |\ \ / // _ \| |\/| || |  | |
2025-01-29 22:15:28,394 INFO c.h.h.t.HelmChartContainer - [test-hivemq-platform] [hivemq] [8f49760f]                  | |  | || | \ V /|  __/| |  | || |__| |
2025-01-29 22:15:28,394 INFO c.h.h.t.HelmChartContainer - [test-hivemq-platform] [hivemq] [8f49760f]                  |_|  |_||_|  \_/  \___||_|  |_| \___\_\
2025-01-29 22:15:28,394 INFO c.h.h.t.HelmChartContainer - [test-hivemq-platform] [hivemq] [8f49760f] 
2025-01-29 22:15:28,395 INFO c.h.h.t.HelmChartContainer - [test-hivemq-platform] [hivemq] [8f49760f] -------------------------------------------------------------------------
2025-01-29 22:15:28,395 INFO c.h.h.t.HelmChartContainer - [test-hivemq-platform] [hivemq] [8f49760f] 
2025-01-29 22:15:28,395 INFO c.h.h.t.HelmChartContainer - [test-hivemq-platform] [hivemq] [8f49760f]   HiveMQ Start Script for Linux/Unix v1.14
2025-01-29 22:15:28,395 INFO c.h.h.t.HelmChartContainer - [test-hivemq-platform] [hivemq] [8f49760f] 
2025-01-29 22:15:28,487 INFO c.h.h.t.HelmChartContainer - [test-hivemq-platform] [hivemq] [8f49760f] -------------------------------------------------------------------------
2025-01-29 22:15:28,487 INFO c.h.h.t.HelmChartContainer - [test-hivemq-platform] [hivemq] [8f49760f] 
2025-01-29 22:15:28,487 INFO c.h.h.t.HelmChartContainer - [test-hivemq-platform] [hivemq] [8f49760f]   HIVEMQ_HOME: /opt/hivemq
2025-01-29 22:15:28,487 INFO c.h.h.t.HelmChartContainer - [test-hivemq-platform] [hivemq] [8f49760f] 
2025-01-29 22:15:28,488 INFO c.h.h.t.HelmChartContainer - [test-hivemq-platform] [hivemq] [8f49760f]   JAVA_OPTS: -XX:+UnlockExperimentalVMOptions -XX:InitialRAMPercentage=50 -XX:MaxRAMPercentage=50 -Djava.net.preferIPv4Stack=true --add-opens java.base/java.lang=ALL-UNNAMED --add-opens java.base/java.nio=ALL-UNNAMED --add-opens java.base/sun.nio.ch=ALL-UNNAMED --add-opens jdk.management/com.sun.management.internal=ALL-UNNAMED --add-exports java.base/jdk.internal.misc=ALL-UNNAMED -Djava.security.egd=file:/dev/./urandom -Dcom.sun.management.jmxremote -Dcom.sun.management.jmxremote.port=9010 -Dcom.sun.management.jmxremote.local.only=false -Dcom.sun.management.jmxremote.authenticate=false -Dcom.sun.management.jmxremote.ssl=false -Duser.language=en -Duser.region=US -XX:+CrashOnOutOfMemoryError -XX:+HeapDumpOnOutOfMemoryError
2025-01-29 22:15:28,488 INFO c.h.h.t.HelmChartContainer - [test-hivemq-platform] [hivemq] [8f49760f] 
2025-01-29 22:15:28,488 INFO c.h.h.t.HelmChartContainer - [test-hivemq-platform] [hivemq] [8f49760f]   JAVA_VERSION: 21
2025-01-29 22:15:28,488 INFO c.h.h.t.HelmChartContainer - [test-hivemq-platform] [hivemq] [8f49760f] 
2025-01-29 22:15:28,488 INFO c.h.h.t.HelmChartContainer - [test-hivemq-platform] [hivemq] [8f49760f] -------------------------------------------------------------------------
2025-01-29 22:15:28,488 INFO c.h.h.t.HelmChartContainer - [test-hivemq-platform] [hivemq] [8f49760f] 
2025-01-29 22:15:29,801 INFO c.h.h.t.HelmChartContainer - [test-hivemq-platform] [hivemq] [8f49760f] INFO  - [HiveMQ Platform Operator Init App 1.7.0-SNAPSHOT] Returning default Health API response 503 for readiness
2025-01-29 22:15:30,195 INFO c.h.h.t.HelmChartContainer - [EVENT] Warning [Unhealthy] Readiness probe failed: HTTP probe failed with statuscode: 503 [helmcustomsecretconfigit:test-hivemq-platform-0]
2025-01-29 22:15:30,195 INFO c.h.h.t.HelmChartContainer - Received Unhealthy event for container hivemq in pod test-hivemq-platform-0 [8f49760f-b412-4d7a-9519-ed05bed118fb]
2025-01-29 22:15:31,189 INFO c.h.h.t.HelmChartContainer - [test-hivemq-platform] [hivemq] [8f49760f] INFO  - Starting HiveMQ Enterprise Server
2025-01-29 22:15:31,196 INFO c.h.h.t.HelmChartContainer - [test-hivemq-platform] [hivemq] [8f49760f] INFO  - HiveMQ version: 4.36.0
2025-01-29 22:15:31,196 INFO c.h.h.t.HelmChartContainer - [test-hivemq-platform] [hivemq] [8f49760f] INFO  - HiveMQ home directory: /opt/hivemq
2025-01-29 22:15:31,197 INFO c.h.h.t.HelmChartContainer - [test-hivemq-platform] [hivemq] [8f49760f] INFO  - Log Configuration was overridden by /opt/hivemq/conf/logback.xml
2025-01-29 22:15:32,590 INFO c.h.h.t.HelmChartContainer - [test-hivemq-platform] [hivemq] [8f49760f] INFO  - Successfully loaded configuration from '/opt/hivemq/conf-k8s/config.xml'.
2025-01-29 22:15:33,488 INFO c.h.h.t.HelmChartContainer - [test-hivemq-platform] [hivemq] [8f49760f] INFO  - This node's ID is 6rPmN
2025-01-29 22:15:33,488 INFO c.h.h.t.HelmChartContainer - [test-hivemq-platform] [hivemq] [8f49760f] INFO  - Clustering is enabled
2025-01-29 22:15:33,866 INFO c.h.h.t.HelmChartContainer - [hivemq-test-hivemq-platform] [hivemq-platform-operator] [9b99058d] 22:15:33.862 [pool-6-thread-11] DEBUG c.h.p.o.d.PlatformServiceResource - [helmcust] Desired Platform services (3 services)
2025-01-29 22:15:33,866 INFO c.h.h.t.HelmChartContainer - [hivemq-test-hivemq-platform] [hivemq-platform-operator] [9b99058d] 22:15:33.863 [pool-6-thread-14] DEBUG c.h.p.o.dependants.PodInfoConfigMap - [helmcust] Desired PodInfo ConfigMap (1 extensions) (1 enabled)
2025-01-29 22:15:33,867 INFO c.h.h.t.HelmChartContainer - [hivemq-test-hivemq-platform] [hivemq-platform-operator] [9b99058d] 22:15:33.863 [pool-6-thread-14] DEBUG c.h.p.o.dependants.PodInfoConfigMap - [helmcust] Desired PodInfo ConfigMap (metrics port: 9399) (metrics path: /)
2025-01-29 22:15:33,867 INFO c.h.h.t.HelmChartContainer - [hivemq-test-hivemq-platform] [hivemq-platform-operator] [9b99058d] 22:15:33.863 [pool-6-thread-14] DEBUG c.h.p.o.dependants.PodInfoConfigMap - [helmcust] Desired PodInfo ConfigMap (extension state hash: -1817474005)
2025-01-29 22:15:33,868 INFO c.h.h.t.HelmChartContainer - [hivemq-test-hivemq-platform] [hivemq-platform-operator] [9b99058d] 22:15:33.867 [pool-6-thread-14] DEBUG c.h.p.o.d.PodServiceAccountResource - [helmcust] Desired PodServiceAccountResource (serviceAccountName: hivemq-platform-pod-test-hivemq-platform)
2025-01-29 22:15:33,872 INFO c.h.h.t.HelmChartContainer - [hivemq-test-hivemq-platform] [hivemq-platform-operator] [9b99058d] 22:15:33.871 [pool-6-thread-11] DEBUG c.h.p.o.d.StatefulSetResource - [helmcust] Desired StatefulSet (2 replicas) for status STARTING (READY)
2025-01-29 22:15:33,877 INFO c.h.h.t.HelmChartContainer - [hivemq-test-hivemq-platform] [hivemq-platform-operator] [9b99058d] 22:15:33.876 [ReconcilerExecutor-hivemq-controller-110] INFO  c.h.p.o.HiveMQPlatformReconciler - [helmcust] Reconciling HiveMQ Platform 'test-hivemq-platform' in namespace 'helmcustomsecretconfigit'
2025-01-29 22:15:33,877 INFO c.h.h.t.HelmChartContainer - [hivemq-test-hivemq-platform] [hivemq-platform-operator] [9b99058d] 22:15:33.876 [ReconcilerExecutor-hivemq-controller-110] DEBUG c.h.p.o.HiveMQPlatformReconciler - [helmcust] Custom Resource Status STARTING - HiveMQ Platform is starting (READY)
2025-01-29 22:15:33,878 INFO c.h.h.t.HelmChartContainer - [hivemq-test-hivemq-platform] [hivemq-platform-operator] [9b99058d] 22:15:33.876 [ReconcilerExecutor-hivemq-controller-110] DEBUG c.h.p.o.HiveMQPlatformReconciler - [helmcust] Custom Resource Spec (replicas: 2) (extensions: 1)
2025-01-29 22:15:33,923 INFO c.h.h.t.HelmChartContainer - [hivemq-test-hivemq-platform] [hivemq-platform-operator] [9b99058d] 22:15:33.922 [ReconcilerExecutor-hivemq-controller-110] DEBUG c.h.p.o.HiveMQPlatformReconciler - [helmcust] StatefulSet Status (revision: test-hivemq-platform-65cfcbfbf9, replicas: 1, available: 0, ready: 0, current: 1, updated: 1)
2025-01-29 22:15:33,923 INFO c.h.h.t.HelmChartContainer - [hivemq-test-hivemq-platform] [hivemq-platform-operator] [9b99058d] 22:15:33.922 [ReconcilerExecutor-hivemq-controller-110] DEBUG c.h.p.o.HiveMQPlatformReconciler - [helmcust] StatefulSet Spec (replicas: 2, init containers: 1, containers: 1, volumes: 3)
2025-01-29 22:15:33,924 INFO c.h.h.t.HelmChartContainer - [hivemq-test-hivemq-platform] [hivemq-platform-operator] [9b99058d] 22:15:33.924 [ReconcilerExecutor-hivemq-controller-110] DEBUG c.h.p.o.h.HiveMQPlatformReconcilerErrorHandler - [helmcust] Pod 'test-hivemq-platform-0' phase Running
2025-01-29 22:15:33,925 INFO c.h.h.t.HelmChartContainer - [hivemq-test-hivemq-platform] [hivemq-platform-operator] [9b99058d] 22:15:33.924 [ReconcilerExecutor-hivemq-controller-110] INFO  c.h.p.o.h.HiveMQPlatformReconcilerBaseHandler - [helmcust] HiveMQ Platform is starting, 0 of 2 replicas are ready
2025-01-29 22:15:35,287 INFO c.h.h.t.HelmChartContainer - [test-hivemq-platform] [hivemq] [8f49760f] WARN  - [HiveMQ Platform Operator Init App 1.7.0-SNAPSHOT] Cannot connect to Health API for readiness: null
2025-01-29 22:15:35,293 INFO c.h.h.t.HelmChartContainer - [EVENT] Warning [Unhealthy] Readiness probe failed: HTTP probe failed with statuscode: 503 [helmcustomsecretconfigit:test-hivemq-platform-0]
2025-01-29 22:15:35,293 INFO c.h.h.t.HelmChartContainer - Received Unhealthy event for container hivemq in pod test-hivemq-platform-0 [8f49760f-b412-4d7a-9519-ed05bed118fb]
2025-01-29 22:15:37,694 INFO c.h.h.t.HelmChartContainer - [test-hivemq-platform] [hivemq] [8f49760f] Jan 29, 2025 10:15:37 PM io.vertx.core.impl.BlockedThreadChecker
2025-01-29 22:15:37,694 INFO c.h.h.t.HelmChartContainer - [test-hivemq-platform] [hivemq] [8f49760f] WARNING: Thread Thread[vert.x-eventloop-thread-1,5,main] has been blocked for 2703 ms, time limit is 2000 ms
2025-01-29 22:15:37,993 INFO c.h.h.t.HelmChartContainer - [test-hivemq-platform] [hivemq] [8f49760f] INFO  - [HiveMQ Platform Operator Init App 1.7.0-SNAPSHOT] Updating Pod HiveMQ Platform Operator Init App version annotation (version: 1.7.0-SNAPSHOT)
2025-01-29 22:15:38,700 INFO c.h.h.t.HelmChartContainer - [POD] test-hivemq-platform-0 [8f49760f-b412-4d7a-9519-ed05bed118fb] in helmcustomsecretconfigit was MODIFIED
2025-01-29 22:15:38,713 INFO c.h.h.t.HelmChartContainer - [hivemq-test-hivemq-platform] [hivemq-platform-operator] [9b99058d] 22:15:38.709 [pool-6-thread-24] DEBUG c.h.p.o.d.PlatformServiceResource - [helmcust] Desired Platform services (3 services)
2025-01-29 22:15:38,713 INFO c.h.h.t.HelmChartContainer - [hivemq-test-hivemq-platform] [hivemq-platform-operator] [9b99058d] 22:15:38.709 [pool-6-thread-21] DEBUG c.h.p.o.dependants.PodInfoConfigMap - [helmcust] Desired PodInfo ConfigMap (1 extensions) (1 enabled)
2025-01-29 22:15:38,713 INFO c.h.h.t.HelmChartContainer - [hivemq-test-hivemq-platform] [hivemq-platform-operator] [9b99058d] 22:15:38.710 [pool-6-thread-21] DEBUG c.h.p.o.dependants.PodInfoConfigMap - [helmcust] Desired PodInfo ConfigMap (metrics port: 9399) (metrics path: /)
2025-01-29 22:15:38,713 INFO c.h.h.t.HelmChartContainer - [hivemq-test-hivemq-platform] [hivemq-platform-operator] [9b99058d] 22:15:38.710 [pool-6-thread-21] DEBUG c.h.p.o.dependants.PodInfoConfigMap - [helmcust] Desired PodInfo ConfigMap (extension state hash: -1817474005)
2025-01-29 22:15:38,715 INFO c.h.h.t.HelmChartContainer - [hivemq-test-hivemq-platform] [hivemq-platform-operator] [9b99058d] 22:15:38.712 [pool-6-thread-23] DEBUG c.h.p.o.d.PodServiceAccountResource - [helmcust] Desired PodServiceAccountResource (serviceAccountName: hivemq-platform-pod-test-hivemq-platform)
2025-01-29 22:15:38,721 INFO c.h.h.t.HelmChartContainer - [hivemq-test-hivemq-platform] [hivemq-platform-operator] [9b99058d] 22:15:38.717 [pool-6-thread-24] DEBUG c.h.p.o.d.StatefulSetResource - [helmcust] Desired StatefulSet (2 replicas) for status STARTING (READY)
2025-01-29 22:15:38,723 INFO c.h.h.t.HelmChartContainer - [hivemq-test-hivemq-platform] [hivemq-platform-operator] [9b99058d] 22:15:38.721 [ReconcilerExecutor-hivemq-controller-111] INFO  c.h.p.o.HiveMQPlatformReconciler - [helmcust] Reconciling HiveMQ Platform 'test-hivemq-platform' in namespace 'helmcustomsecretconfigit'
2025-01-29 22:15:38,723 INFO c.h.h.t.HelmChartContainer - [hivemq-test-hivemq-platform] [hivemq-platform-operator] [9b99058d] 22:15:38.721 [ReconcilerExecutor-hivemq-controller-111] DEBUG c.h.p.o.HiveMQPlatformReconciler - [helmcust] Custom Resource Status STARTING - HiveMQ Platform is starting (READY)
2025-01-29 22:15:38,723 INFO c.h.h.t.HelmChartContainer - [hivemq-test-hivemq-platform] [hivemq-platform-operator] [9b99058d] 22:15:38.721 [ReconcilerExecutor-hivemq-controller-111] DEBUG c.h.p.o.HiveMQPlatformReconciler - [helmcust] Custom Resource Spec (replicas: 2) (extensions: 1)
2025-01-29 22:15:38,752 INFO c.h.h.t.HelmChartContainer - [hivemq-test-hivemq-platform] [hivemq-platform-operator] [9b99058d] 22:15:38.751 [ReconcilerExecutor-hivemq-controller-111] DEBUG c.h.p.o.HiveMQPlatformReconciler - [helmcust] StatefulSet Status (revision: test-hivemq-platform-65cfcbfbf9, replicas: 1, available: 0, ready: 0, current: 1, updated: 1)
2025-01-29 22:15:38,752 INFO c.h.h.t.HelmChartContainer - [hivemq-test-hivemq-platform] [hivemq-platform-operator] [9b99058d] 22:15:38.751 [ReconcilerExecutor-hivemq-controller-111] DEBUG c.h.p.o.HiveMQPlatformReconciler - [helmcust] StatefulSet Spec (replicas: 2, init containers: 1, containers: 1, volumes: 3)
2025-01-29 22:15:38,754 INFO c.h.h.t.HelmChartContainer - [hivemq-test-hivemq-platform] [hivemq-platform-operator] [9b99058d] 22:15:38.753 [ReconcilerExecutor-hivemq-controller-111] DEBUG c.h.p.o.h.HiveMQPlatformReconcilerErrorHandler - [helmcust] Pod 'test-hivemq-platform-0' phase Running
2025-01-29 22:15:38,754 INFO c.h.h.t.HelmChartContainer - [hivemq-test-hivemq-platform] [hivemq-platform-operator] [9b99058d] 22:15:38.753 [ReconcilerExecutor-hivemq-controller-111] INFO  c.h.p.o.h.HiveMQPlatformReconcilerBaseHandler - [helmcust] HiveMQ Platform is starting, 0 of 2 replicas are ready
2025-01-29 22:15:38,792 INFO c.h.h.t.HelmChartContainer - [test-hivemq-platform] [hivemq] [8f49760f] WARN  - [HiveMQ Platform Operator Init App 1.7.0-SNAPSHOT] Cannot connect to Health API for readiness: null
2025-01-29 22:15:38,801 INFO c.h.h.t.HelmChartContainer - [EVENT] Warning [Unhealthy] Readiness probe failed: HTTP probe failed with statuscode: 503 [helmcustomsecretconfigit:test-hivemq-platform-0]
2025-01-29 22:15:38,801 INFO c.h.h.t.HelmChartContainer - Received Unhealthy event for container hivemq in pod test-hivemq-platform-0 [8f49760f-b412-4d7a-9519-ed05bed118fb]
2025-01-29 22:15:38,890 INFO c.h.h.t.HelmChartContainer - [test-hivemq-platform] [hivemq] [8f49760f] INFO  - [HiveMQ Platform Operator Init App 1.7.0-SNAPSHOT] Successfully updated Pod HiveMQ Platform Operator Init App version annotation (version: 1.7.0-SNAPSHOT)
2025-01-29 22:15:43,704 INFO c.h.h.t.HelmChartContainer - [test-hivemq-platform] [hivemq] [8f49760f] WARN  - [HiveMQ Platform Operator Init App 1.7.0-SNAPSHOT] Cannot connect to Health API for readiness: null
2025-01-29 22:15:43,710 INFO c.h.h.t.HelmChartContainer - [EVENT] Warning [Unhealthy] Readiness probe failed: HTTP probe failed with statuscode: 503 [helmcustomsecretconfigit:test-hivemq-platform-0]
2025-01-29 22:15:43,710 INFO c.h.h.t.HelmChartContainer - Received Unhealthy event for container hivemq in pod test-hivemq-platform-0 [8f49760f-b412-4d7a-9519-ed05bed118fb]
2025-01-29 22:15:48,686 INFO c.h.h.t.HelmChartContainer - [test-hivemq-platform] [hivemq] [8f49760f] WARN  - [HiveMQ Platform Operator Init App 1.7.0-SNAPSHOT] Cannot connect to Health API for liveness: null
2025-01-29 22:15:48,686 INFO c.h.h.t.HelmChartContainer - [test-hivemq-platform] [hivemq] [8f49760f] INFO  - [HiveMQ Platform Operator Init App 1.7.0-SNAPSHOT] Returning default Health API response 200 for liveness
2025-01-29 22:15:48,761 INFO c.h.h.t.HelmChartContainer - [hivemq-test-hivemq-platform] [hivemq-platform-operator] [9b99058d] 22:15:48.758 [pool-6-thread-36] DEBUG c.h.p.o.d.PlatformServiceResource - [helmcust] Desired Platform services (3 services)
2025-01-29 22:15:48,762 INFO c.h.h.t.HelmChartContainer - [hivemq-test-hivemq-platform] [hivemq-platform-operator] [9b99058d] 22:15:48.759 [pool-6-thread-33] DEBUG c.h.p.o.dependants.PodInfoConfigMap - [helmcust] Desired PodInfo ConfigMap (1 extensions) (1 enabled)
2025-01-29 22:15:48,762 INFO c.h.h.t.HelmChartContainer - [hivemq-test-hivemq-platform] [hivemq-platform-operator] [9b99058d] 22:15:48.759 [pool-6-thread-33] DEBUG c.h.p.o.dependants.PodInfoConfigMap - [helmcust] Desired PodInfo ConfigMap (metrics port: 9399) (metrics path: /)
2025-01-29 22:15:48,762 INFO c.h.h.t.HelmChartContainer - [hivemq-test-hivemq-platform] [hivemq-platform-operator] [9b99058d] 22:15:48.759 [pool-6-thread-33] DEBUG c.h.p.o.dependants.PodInfoConfigMap - [helmcust] Desired PodInfo ConfigMap (extension state hash: -1817474005)
2025-01-29 22:15:48,762 INFO c.h.h.t.HelmChartContainer - [hivemq-test-hivemq-platform] [hivemq-platform-operator] [9b99058d] 22:15:48.759 [pool-6-thread-37] DEBUG c.h.p.o.d.PodServiceAccountResource - [helmcust] Desired PodServiceAccountResource (serviceAccountName: hivemq-platform-pod-test-hivemq-platform)
2025-01-29 22:15:48,770 INFO c.h.h.t.HelmChartContainer - [hivemq-test-hivemq-platform] [hivemq-platform-operator] [9b99058d] 22:15:48.768 [pool-6-thread-36] DEBUG c.h.p.o.d.StatefulSetResource - [helmcust] Desired StatefulSet (2 replicas) for status STARTING (READY)
2025-01-29 22:15:48,775 INFO c.h.h.t.HelmChartContainer - [hivemq-test-hivemq-platform] [hivemq-platform-operator] [9b99058d] 22:15:48.774 [ReconcilerExecutor-hivemq-controller-112] INFO  c.h.p.o.HiveMQPlatformReconciler - [helmcust] Reconciling HiveMQ Platform 'test-hivemq-platform' in namespace 'helmcustomsecretconfigit'
2025-01-29 22:15:48,775 INFO c.h.h.t.HelmChartContainer - [hivemq-test-hivemq-platform] [hivemq-platform-operator] [9b99058d] 22:15:48.774 [ReconcilerExecutor-hivemq-controller-112] DEBUG c.h.p.o.HiveMQPlatformReconciler - [helmcust] Custom Resource Status STARTING - HiveMQ Platform is starting (READY)
2025-01-29 22:15:48,775 INFO c.h.h.t.HelmChartContainer - [hivemq-test-hivemq-platform] [hivemq-platform-operator] [9b99058d] 22:15:48.774 [ReconcilerExecutor-hivemq-controller-112] DEBUG c.h.p.o.HiveMQPlatformReconciler - [helmcust] Custom Resource Spec (replicas: 2) (extensions: 1)
2025-01-29 22:15:48,777 INFO c.h.h.t.HelmChartContainer - [hivemq-test-hivemq-platform] [hivemq-platform-operator] [9b99058d] 22:15:48.776 [ReconcilerExecutor-hivemq-controller-112] DEBUG c.h.p.o.HiveMQPlatformReconciler - [helmcust] StatefulSet Status (revision: test-hivemq-platform-65cfcbfbf9, replicas: 1, available: 0, ready: 0, current: 1, updated: 1)
2025-01-29 22:15:48,778 INFO c.h.h.t.HelmChartContainer - [hivemq-test-hivemq-platform] [hivemq-platform-operator] [9b99058d] 22:15:48.776 [ReconcilerExecutor-hivemq-controller-112] DEBUG c.h.p.o.HiveMQPlatformReconciler - [helmcust] StatefulSet Spec (replicas: 2, init containers: 1, containers: 1, volumes: 3)
2025-01-29 22:15:48,786 INFO c.h.h.t.HelmChartContainer - [test-hivemq-platform] [hivemq] [8f49760f] WARN  - [HiveMQ Platform Operator Init App 1.7.0-SNAPSHOT] Cannot connect to Health API for readiness: null
2025-01-29 22:15:48,792 INFO c.h.h.t.HelmChartContainer - [EVENT] Warning [Unhealthy] Readiness probe failed: HTTP probe failed with statuscode: 503 [helmcustomsecretconfigit:test-hivemq-platform-0]
2025-01-29 22:15:48,792 INFO c.h.h.t.HelmChartContainer - Received Unhealthy event for container hivemq in pod test-hivemq-platform-0 [8f49760f-b412-4d7a-9519-ed05bed118fb]
2025-01-29 22:15:48,853 INFO c.h.h.t.HelmChartContainer - [hivemq-test-hivemq-platform] [hivemq-platform-operator] [9b99058d] 22:15:48.851 [ReconcilerExecutor-hivemq-controller-112] DEBUG c.h.p.o.h.HiveMQPlatformReconcilerErrorHandler - [helmcust] Pod 'test-hivemq-platform-0' phase Running
2025-01-29 22:15:48,853 INFO c.h.h.t.HelmChartContainer - [hivemq-test-hivemq-platform] [hivemq-platform-operator] [9b99058d] 22:15:48.852 [ReconcilerExecutor-hivemq-controller-112] INFO  c.h.p.o.h.HiveMQPlatformReconcilerBaseHandler - [helmcust] HiveMQ Platform is starting, 0 of 2 replicas are ready
2025-01-29 22:15:50,898 INFO c.h.h.t.HelmChartContainer - [test-hivemq-platform] [hivemq] [8f49760f] INFO  - No valid license file found. Using trial license, restricted to 25 connections.
2025-01-29 22:15:53,785 INFO c.h.h.t.HelmChartContainer - [test-hivemq-platform] [hivemq] [8f49760f] WARN  - [HiveMQ Platform Operator Init App 1.7.0-SNAPSHOT] Cannot connect to Health API for readiness: null
2025-01-29 22:15:53,790 INFO c.h.h.t.HelmChartContainer - [EVENT] Warning [Unhealthy] Readiness probe failed: HTTP probe failed with statuscode: 503 [helmcustomsecretconfigit:test-hivemq-platform-0]
2025-01-29 22:15:53,790 INFO c.h.h.t.HelmChartContainer - Received Unhealthy event for container hivemq in pod test-hivemq-platform-0 [8f49760f-b412-4d7a-9519-ed05bed118fb]
2025-01-29 22:15:54,995 INFO c.h.h.t.HelmChartContainer - [test-hivemq-platform] [hivemq] [8f49760f] INFO  - No valid license file for Data Hub found. Using free license, restricted to 1 policy.
2025-01-29 22:15:56,192 INFO c.h.h.t.HelmChartContainer - [test-hivemq-platform] [hivemq] [8f49760f] INFO  - Audit Logger started.
2025-01-29 22:15:56,486 INFO c.h.h.t.HelmChartContainer - [test-hivemq-platform] [hivemq] [8f49760f] INFO  - This node uses '1' CPU cores.
2025-01-29 22:15:56,491 INFO c.h.h.t.HelmChartContainer - [test-hivemq-platform] [hivemq] [8f49760f] INFO  - Starting HiveMQ Health API on address 0.0.0.0 and port 8889
2025-01-29 22:15:57,298 INFO c.h.h.t.HelmChartContainer - [test-hivemq-platform] [hivemq] [8f49760f] INFO  - Started HiveMQ Health API in 808ms
2025-01-29 22:15:57,894 INFO c.h.h.t.HelmChartContainer - [test-hivemq-platform] [hivemq] [8f49760f] INFO  - Starting HiveMQ extension system.
2025-01-29 22:15:58,286 INFO c.h.h.t.HelmChartContainer - [test-hivemq-platform] [hivemq] [8f49760f] INFO  - Starting extension with id "hivemq-dns-cluster-discovery" at /opt/hivemq/extensions/hivemq-dns-cluster-discovery
2025-01-29 22:15:58,795 INFO c.h.h.t.HelmChartContainer - [test-hivemq-platform] [hivemq] [8f49760f] INFO  - Using TCP cluster transport on address 10.42.0.14 and port 7000
2025-01-29 22:15:58,859 INFO c.h.h.t.HelmChartContainer - [hivemq-test-hivemq-platform] [hivemq-platform-operator] [9b99058d] 22:15:58.856 [pool-6-thread-46] DEBUG c.h.p.o.d.PlatformServiceResource - [helmcust] Desired Platform services (3 services)
2025-01-29 22:15:58,860 INFO c.h.h.t.HelmChartContainer - [hivemq-test-hivemq-platform] [hivemq-platform-operator] [9b99058d] 22:15:58.857 [pool-6-thread-43] DEBUG c.h.p.o.dependants.PodInfoConfigMap - [helmcust] Desired PodInfo ConfigMap (1 extensions) (1 enabled)
2025-01-29 22:15:58,862 INFO c.h.h.t.HelmChartContainer - [hivemq-test-hivemq-platform] [hivemq-platform-operator] [9b99058d] 22:15:58.859 [pool-6-thread-47] DEBUG c.h.p.o.d.PodServiceAccountResource - [helmcust] Desired PodServiceAccountResource (serviceAccountName: hivemq-platform-pod-test-hivemq-platform)
2025-01-29 22:15:58,862 INFO c.h.h.t.HelmChartContainer - [hivemq-test-hivemq-platform] [hivemq-platform-operator] [9b99058d] 22:15:58.859 [pool-6-thread-43] DEBUG c.h.p.o.dependants.PodInfoConfigMap - [helmcust] Desired PodInfo ConfigMap (metrics port: 9399) (metrics path: /)
2025-01-29 22:15:58,864 INFO c.h.h.t.HelmChartContainer - [hivemq-test-hivemq-platform] [hivemq-platform-operator] [9b99058d] 22:15:58.861 [pool-6-thread-43] DEBUG c.h.p.o.dependants.PodInfoConfigMap - [helmcust] Desired PodInfo ConfigMap (extension state hash: -1817474005)
2025-01-29 22:15:58,866 INFO c.h.h.t.HelmChartContainer - [hivemq-test-hivemq-platform] [hivemq-platform-operator] [9b99058d] 22:15:58.865 [pool-6-thread-46] DEBUG c.h.p.o.d.StatefulSetResource - [helmcust] Desired StatefulSet (2 replicas) for status STARTING (READY)
2025-01-29 22:15:58,888 INFO c.h.h.t.HelmChartContainer - [test-hivemq-platform] [hivemq] [8f49760f] INFO  - Extension "DNS Cluster Discovery Extension" version 4.3.2 started successfully.
2025-01-29 22:15:58,888 INFO c.h.h.t.HelmChartContainer - [test-hivemq-platform] [hivemq] [8f49760f] INFO  - Starting extension with id "hivemq-prometheus-extension" at /opt/hivemq/extensions/hivemq-prometheus-extension
2025-01-29 22:15:58,896 INFO c.h.h.t.HelmChartContainer - [test-hivemq-platform] [hivemq] [8f49760f] INFO  - Using extension cluster discovery
2025-01-29 22:15:58,958 INFO c.h.h.t.HelmChartContainer - [hivemq-test-hivemq-platform] [hivemq-platform-operator] [9b99058d] 22:15:58.954 [ReconcilerExecutor-hivemq-controller-113] INFO  c.h.p.o.HiveMQPlatformReconciler - [helmcust] Reconciling HiveMQ Platform 'test-hivemq-platform' in namespace 'helmcustomsecretconfigit'
2025-01-29 22:15:58,958 INFO c.h.h.t.HelmChartContainer - [hivemq-test-hivemq-platform] [hivemq-platform-operator] [9b99058d] 22:15:58.955 [ReconcilerExecutor-hivemq-controller-113] DEBUG c.h.p.o.HiveMQPlatformReconciler - [helmcust] Custom Resource Status STARTING - HiveMQ Platform is starting (READY)
2025-01-29 22:15:58,958 INFO c.h.h.t.HelmChartContainer - [hivemq-test-hivemq-platform] [hivemq-platform-operator] [9b99058d] 22:15:58.955 [ReconcilerExecutor-hivemq-controller-113] DEBUG c.h.p.o.HiveMQPlatformReconciler - [helmcust] Custom Resource Spec (replicas: 2) (extensions: 1)
2025-01-29 22:15:58,958 INFO c.h.h.t.HelmChartContainer - [hivemq-test-hivemq-platform] [hivemq-platform-operator] [9b99058d] 22:15:58.956 [ReconcilerExecutor-hivemq-controller-113] DEBUG c.h.p.o.HiveMQPlatformReconciler - [helmcust] StatefulSet Status (revision: test-hivemq-platform-65cfcbfbf9, replicas: 1, available: 0, ready: 0, current: 1, updated: 1)
2025-01-29 22:15:58,958 INFO c.h.h.t.HelmChartContainer - [hivemq-test-hivemq-platform] [hivemq-platform-operator] [9b99058d] 22:15:58.956 [ReconcilerExecutor-hivemq-controller-113] DEBUG c.h.p.o.HiveMQPlatformReconciler - [helmcust] StatefulSet Spec (replicas: 2, init containers: 1, containers: 1, volumes: 3)
2025-01-29 22:15:58,960 INFO c.h.h.t.HelmChartContainer - [hivemq-test-hivemq-platform] [hivemq-platform-operator] [9b99058d] 22:15:58.959 [ReconcilerExecutor-hivemq-controller-113] DEBUG c.h.p.o.h.HiveMQPlatformReconcilerErrorHandler - [helmcust] Pod 'test-hivemq-platform-0' phase Running
2025-01-29 22:15:58,961 INFO c.h.h.t.HelmChartContainer - [hivemq-test-hivemq-platform] [hivemq-platform-operator] [9b99058d] 22:15:58.960 [ReconcilerExecutor-hivemq-controller-113] INFO  c.h.p.o.h.HiveMQPlatformReconcilerBaseHandler - [helmcust] HiveMQ Platform is starting, 0 of 2 replicas are ready
2025-01-29 22:15:59,743 INFO c.h.h.t.HelmChartContainer - [EVENT] Warning [Unhealthy] Readiness probe failed: Get "http://10.42.0.14:7979/readiness": context deadline exceeded (Client.Timeout exceeded while awaiting headers) [helmcustomsecretconfigit:test-hivemq-platform-0]
2025-01-29 22:15:59,743 INFO c.h.h.t.HelmChartContainer - Received Unhealthy event for container hivemq in pod test-hivemq-platform-0 [8f49760f-b412-4d7a-9519-ed05bed118fb]
2025-01-29 22:16:00,088 INFO c.h.h.t.HelmChartContainer - [test-hivemq-platform] [hivemq] [8f49760f] INFO  - Started Jetty Server exposing Prometheus Servlet on URI http://0.0.0.0:9399/
2025-01-29 22:16:00,088 INFO c.h.h.t.HelmChartContainer - [test-hivemq-platform] [hivemq] [8f49760f] INFO  - Extension "Prometheus Monitoring Extension" version 4.0.12 started successfully.
2025-01-29 22:16:00,088 INFO c.h.h.t.HelmChartContainer - [test-hivemq-platform] [hivemq] [8f49760f] INFO  - Starting extension with id "hivemq-allow-all-extension" at /opt/hivemq/extensions/hivemq-allow-all-extension
2025-01-29 22:16:00,088 INFO c.h.h.t.HelmChartContainer - [test-hivemq-platform] [hivemq] [8f49760f] WARN  - 
2025-01-29 22:16:00,088 INFO c.h.h.t.HelmChartContainer - [test-hivemq-platform] [hivemq] [8f49760f] ################################################################################################################
2025-01-29 22:16:00,088 INFO c.h.h.t.HelmChartContainer - [test-hivemq-platform] [hivemq] [8f49760f] # This HiveMQ deployment is not secure! You are lacking Authentication and Authorization.                      #
2025-01-29 22:16:00,088 INFO c.h.h.t.HelmChartContainer - [test-hivemq-platform] [hivemq] [8f49760f] # Right now any MQTT client can connect to the broker with a full set of permissions.                          #
2025-01-29 22:16:00,088 INFO c.h.h.t.HelmChartContainer - [test-hivemq-platform] [hivemq] [8f49760f] # For production usage, add an appropriate security extension and remove the hivemq-allow-all extension.       #
2025-01-29 22:16:00,088 INFO c.h.h.t.HelmChartContainer - [test-hivemq-platform] [hivemq] [8f49760f] # You can download security extensions from the HiveMQ Marketplace (https://www.hivemq.com/extensions/).       #
2025-01-29 22:16:00,088 INFO c.h.h.t.HelmChartContainer - [test-hivemq-platform] [hivemq] [8f49760f] ################################################################################################################
2025-01-29 22:16:00,088 INFO c.h.h.t.HelmChartContainer - [test-hivemq-platform] [hivemq] [8f49760f] INFO  - Extension "Allow All Extension" version 1.1.1 started successfully.
2025-01-29 22:16:00,191 INFO c.h.h.t.HelmChartContainer - [test-hivemq-platform] [hivemq] [8f49760f] INFO  - [HiveMQ Platform Operator Init App 1.7.0-SNAPSHOT] Returning Health API response 503 for readiness
2025-01-29 22:16:02,592 INFO c.h.h.t.HelmChartContainer - [test-hivemq-platform] [hivemq] [8f49760f] INFO  - 6rPmN: no members discovered after 3000 ms: creating cluster as first member
2025-01-29 22:16:02,598 INFO c.h.h.t.HelmChartContainer - [test-hivemq-platform] [hivemq] [8f49760f] INFO  - Cluster nodes found by discovery: [6rPmN|0] (1) [6rPmN].
2025-01-29 22:16:02,618 INFO c.h.h.t.HelmChartContainer - [test-hivemq-platform] [hivemq] [8f49760f] WARN  - No user for HiveMQ Control Center configured. Starting with default user
2025-01-29 22:16:02,618 INFO c.h.h.t.HelmChartContainer - [test-hivemq-platform] [hivemq] [8f49760f] INFO  - Starting HiveMQ Control Center on address 0.0.0.0 and port 8080
2025-01-29 22:16:02,697 INFO c.h.h.t.HelmChartContainer - [test-hivemq-platform] [hivemq] [8f49760f] INFO  - Mounting HiveMQ Control Center V2 Preview
2025-01-29 22:16:03,293 INFO c.h.h.t.HelmChartContainer - [test-hivemq-platform] [hivemq] [8f49760f] INFO  - Started HiveMQ Control Center in 675ms
2025-01-29 22:16:03,393 INFO c.h.h.t.HelmChartContainer - [test-hivemq-platform] [hivemq] [8f49760f] INFO  - Starting TCP listener on address 0.0.0.0 and port 1883
2025-01-29 22:16:03,408 INFO c.h.h.t.HelmChartContainer - [test-hivemq-platform] [hivemq] [8f49760f] INFO  - Started TCP Listener on address 0.0.0.0 and on port 1883.
2025-01-29 22:16:03,483 INFO c.h.h.t.HelmChartContainer - [test-hivemq-platform] [hivemq] [8f49760f] INFO  - Started HiveMQ in 32615ms
2025-01-29 22:16:03,705 INFO c.h.h.t.HelmChartContainer - [test-hivemq-platform] [hivemq] [8f49760f] INFO  - [HiveMQ Platform Operator Init App 1.7.0-SNAPSHOT] Returning Health API response 200 for readiness
2025-01-29 22:16:03,715 INFO c.h.h.t.HelmChartContainer - [POD] test-hivemq-platform-0 [8f49760f-b412-4d7a-9519-ed05bed118fb] in helmcustomsecretconfigit was MODIFIED
2025-01-29 22:16:03,730 INFO c.h.h.t.HelmChartContainer - [hivemq-test-hivemq-platform] [hivemq-platform-operator] [9b99058d] 22:16:03.721 [pool-6-thread-6] DEBUG c.h.p.o.d.PlatformServiceResource - [helmcust] Desired Platform services (3 services)
2025-01-29 22:16:03,730 INFO c.h.h.t.HelmChartContainer - [hivemq-test-hivemq-platform] [hivemq-platform-operator] [9b99058d] 22:16:03.723 [pool-6-thread-7] DEBUG c.h.p.o.d.PodServiceAccountResource - [helmcust] Desired PodServiceAccountResource (serviceAccountName: hivemq-platform-pod-test-hivemq-platform)
2025-01-29 22:16:03,733 INFO c.h.h.t.HelmChartContainer - [hivemq-test-hivemq-platform] [hivemq-platform-operator] [9b99058d] 22:16:03.722 [pool-6-thread-4] DEBUG c.h.p.o.dependants.PodInfoConfigMap - [helmcust] Desired PodInfo ConfigMap (1 extensions) (1 enabled)
2025-01-29 22:16:03,733 INFO c.h.h.t.HelmChartContainer - [hivemq-test-hivemq-platform] [hivemq-platform-operator] [9b99058d] 22:16:03.727 [pool-6-thread-4] DEBUG c.h.p.o.dependants.PodInfoConfigMap - [helmcust] Desired PodInfo ConfigMap (metrics port: 9399) (metrics path: /)
2025-01-29 22:16:03,733 INFO c.h.h.t.HelmChartContainer - [hivemq-test-hivemq-platform] [hivemq-platform-operator] [9b99058d] 22:16:03.727 [pool-6-thread-4] DEBUG c.h.p.o.dependants.PodInfoConfigMap - [helmcust] Desired PodInfo ConfigMap (extension state hash: -1817474005)
2025-01-29 22:16:03,736 INFO c.h.h.t.HelmChartContainer - [hivemq-test-hivemq-platform] [hivemq-platform-operator] [9b99058d] 22:16:03.734 [pool-6-thread-6] DEBUG c.h.p.o.d.StatefulSetResource - [helmcust] Desired StatefulSet (2 replicas) for status STARTING (READY)
2025-01-29 22:16:03,740 INFO c.h.h.t.HelmChartContainer - [hivemq-test-hivemq-platform] [hivemq-platform-operator] [9b99058d] 22:16:03.739 [ReconcilerExecutor-hivemq-controller-114] INFO  c.h.p.o.HiveMQPlatformReconciler - [helmcust] Reconciling HiveMQ Platform 'test-hivemq-platform' in namespace 'helmcustomsecretconfigit'
2025-01-29 22:16:03,745 INFO c.h.h.t.HelmChartContainer - [hivemq-test-hivemq-platform] [hivemq-platform-operator] [9b99058d] 22:16:03.739 [ReconcilerExecutor-hivemq-controller-114] DEBUG c.h.p.o.HiveMQPlatformReconciler - [helmcust] Custom Resource Status STARTING - HiveMQ Platform is starting (READY)
2025-01-29 22:16:03,745 INFO c.h.h.t.HelmChartContainer - [hivemq-test-hivemq-platform] [hivemq-platform-operator] [9b99058d] 22:16:03.739 [ReconcilerExecutor-hivemq-controller-114] DEBUG c.h.p.o.HiveMQPlatformReconciler - [helmcust] Custom Resource Spec (replicas: 2) (extensions: 1)
2025-01-29 22:16:03,746 INFO c.h.h.t.HelmChartContainer - [hivemq-test-hivemq-platform] [hivemq-platform-operator] [9b99058d] 22:16:03.741 [ReconcilerExecutor-hivemq-controller-114] DEBUG c.h.p.o.HiveMQPlatformReconciler - [helmcust] StatefulSet Status (revision: test-hivemq-platform-65cfcbfbf9, replicas: 1, available: 0, ready: 0, current: 1, updated: 1)
2025-01-29 22:16:03,748 INFO c.h.h.t.HelmChartContainer - [hivemq-test-hivemq-platform] [hivemq-platform-operator] [9b99058d] 22:16:03.744 [ReconcilerExecutor-hivemq-controller-114] DEBUG c.h.p.o.HiveMQPlatformReconciler - [helmcust] StatefulSet Spec (replicas: 2, init containers: 1, containers: 1, volumes: 3)
2025-01-29 22:16:03,748 INFO c.h.h.t.HelmChartContainer - [hivemq-test-hivemq-platform] [hivemq-platform-operator] [9b99058d] 22:16:03.746 [ReconcilerExecutor-hivemq-controller-114] DEBUG c.h.p.o.h.HiveMQPlatformReconcilerErrorHandler - [helmcust] Pod 'test-hivemq-platform-0' phase Running
2025-01-29 22:16:03,749 INFO c.h.h.t.HelmChartContainer - [hivemq-test-hivemq-platform] [hivemq-platform-operator] [9b99058d] 22:16:03.747 [ReconcilerExecutor-hivemq-controller-114] INFO  c.h.p.o.h.HiveMQPlatformReconcilerBaseHandler - [helmcust] HiveMQ Platform is starting, 0 of 2 replicas are ready
2025-01-29 22:16:03,753 INFO c.h.h.t.HelmChartContainer - [POD] test-hivemq-platform-1 [d0e8277a-eaf3-4dc5-af2d-68c0fb5dadac] in helmcustomsecretconfigit was ADDED
2025-01-29 22:16:03,764 INFO c.h.h.t.HelmChartContainer - [POD] test-hivemq-platform-1 [d0e8277a-eaf3-4dc5-af2d-68c0fb5dadac] in helmcustomsecretconfigit was MODIFIED
2025-01-29 22:16:03,766 INFO c.h.h.t.HelmChartContainer - [EVENT] Normal [SuccessfulCreate] create Pod test-hivemq-platform-1 in StatefulSet test-hivemq-platform successful [helmcustomsecretconfigit:test-hivemq-platform]
2025-01-29 22:16:03,772 INFO c.h.h.t.HelmChartContainer - [EVENT] Normal [Scheduled] Successfully assigned helmcustomsecretconfigit/test-hivemq-platform-1 to 8a91ea74c8b8 [helmcustomsecretconfigit:test-hivemq-platform-1]
2025-01-29 22:16:03,783 INFO c.h.h.t.HelmChartContainer - [POD] test-hivemq-platform-1 [d0e8277a-eaf3-4dc5-af2d-68c0fb5dadac] in helmcustomsecretconfigit was MODIFIED
2025-01-29 22:16:03,790 INFO c.h.h.t.HelmChartContainer - [K3S] [reconciler_common.go:251] "operationExecutor.VerifyControllerAttachedVolume started for volume \"operator-init\" (UniqueName: \"kubernetes.io/empty-dir/d0e8277a-eaf3-4dc5-af2d-68c0fb5dadac-operator-init\") pod \"test-hivemq-platform-1\" (UID: \"d0e8277a-eaf3-4dc5-af2d-68c0fb5dadac\") " pod="helmcustomsecretconfigit/test-hivemq-platform-1"
2025-01-29 22:16:03,790 INFO c.h.h.t.HelmChartContainer - [K3S] [reconciler_common.go:251] "operationExecutor.VerifyControllerAttachedVolume started for volume \"kube-api-access-r5nnh\" (UniqueName: \"kubernetes.io/projected/d0e8277a-eaf3-4dc5-af2d-68c0fb5dadac-kube-api-access-r5nnh\") pod \"test-hivemq-platform-1\" (UID: \"d0e8277a-eaf3-4dc5-af2d-68c0fb5dadac\") " pod="helmcustomsecretconfigit/test-hivemq-platform-1"
2025-01-29 22:16:03,791 INFO c.h.h.t.HelmChartContainer - [K3S] [reconciler_common.go:251] "operationExecutor.VerifyControllerAttachedVolume started for volume \"pod-info\" (UniqueName: \"kubernetes.io/configmap/d0e8277a-eaf3-4dc5-af2d-68c0fb5dadac-pod-info\") pod \"test-hivemq-platform-1\" (UID: \"d0e8277a-eaf3-4dc5-af2d-68c0fb5dadac\") " pod="helmcustomsecretconfigit/test-hivemq-platform-1"
2025-01-29 22:16:03,791 INFO c.h.h.t.HelmChartContainer - [K3S] [reconciler_common.go:251] "operationExecutor.VerifyControllerAttachedVolume started for volume \"broker-configuration\" (UniqueName: \"kubernetes.io/secret/d0e8277a-eaf3-4dc5-af2d-68c0fb5dadac-broker-configuration\") pod \"test-hivemq-platform-1\" (UID: \"d0e8277a-eaf3-4dc5-af2d-68c0fb5dadac\") " pod="helmcustomsecretconfigit/test-hivemq-platform-1"
2025-01-29 22:16:03,836 INFO c.h.h.t.HelmChartContainer - [hivemq-test-hivemq-platform] [hivemq-platform-operator] [9b99058d] 22:16:03.833 [pool-6-thread-15] DEBUG c.h.p.o.dependants.PodInfoConfigMap - [helmcust] Desired PodInfo ConfigMap (1 extensions) (1 enabled)
2025-01-29 22:16:03,838 INFO c.h.h.t.HelmChartContainer - [hivemq-test-hivemq-platform] [hivemq-platform-operator] [9b99058d] 22:16:03.834 [pool-6-thread-15] DEBUG c.h.p.o.dependants.PodInfoConfigMap - [helmcust] Desired PodInfo ConfigMap (metrics port: 9399) (metrics path: /)
2025-01-29 22:16:03,838 INFO c.h.h.t.HelmChartContainer - [hivemq-test-hivemq-platform] [hivemq-platform-operator] [9b99058d] 22:16:03.834 [pool-6-thread-15] DEBUG c.h.p.o.dependants.PodInfoConfigMap - [helmcust] Desired PodInfo ConfigMap (extension state hash: -1817474005)
2025-01-29 22:16:03,842 INFO c.h.h.t.HelmChartContainer - [hivemq-test-hivemq-platform] [hivemq-platform-operator] [9b99058d] 22:16:03.834 [pool-6-thread-19] DEBUG c.h.p.o.d.PodServiceAccountResource - [helmcust] Desired PodServiceAccountResource (serviceAccountName: hivemq-platform-pod-test-hivemq-platform)
2025-01-29 22:16:03,843 INFO c.h.h.t.HelmChartContainer - [hivemq-test-hivemq-platform] [hivemq-platform-operator] [9b99058d] 22:16:03.832 [pool-6-thread-14] DEBUG c.h.p.o.d.PlatformServiceResource - [helmcust] Desired Platform services (3 services)
2025-01-29 22:16:03,859 INFO c.h.h.t.HelmChartContainer - [hivemq-test-hivemq-platform] [hivemq-platform-operator] [9b99058d] 22:16:03.857 [pool-6-thread-14] DEBUG c.h.p.o.d.StatefulSetResource - [helmcust] Desired StatefulSet (2 replicas) for status STARTING (READY)
2025-01-29 22:16:03,932 INFO c.h.h.t.HelmChartContainer - [hivemq-test-hivemq-platform] [hivemq-platform-operator] [9b99058d] 22:16:03.925 [ReconcilerExecutor-hivemq-controller-115] INFO  c.h.p.o.HiveMQPlatformReconciler - [helmcust] Reconciling HiveMQ Platform 'test-hivemq-platform' in namespace 'helmcustomsecretconfigit'
2025-01-29 22:16:03,935 INFO c.h.h.t.HelmChartContainer - [hivemq-test-hivemq-platform] [hivemq-platform-operator] [9b99058d] 22:16:03.926 [ReconcilerExecutor-hivemq-controller-115] DEBUG c.h.p.o.HiveMQPlatformReconciler - [helmcust] Custom Resource Status STARTING - HiveMQ Platform is starting (READY)
2025-01-29 22:16:03,935 INFO c.h.h.t.HelmChartContainer - [hivemq-test-hivemq-platform] [hivemq-platform-operator] [9b99058d] 22:16:03.926 [ReconcilerExecutor-hivemq-controller-115] DEBUG c.h.p.o.HiveMQPlatformReconciler - [helmcust] Custom Resource Spec (replicas: 2) (extensions: 1)
2025-01-29 22:16:03,935 INFO c.h.h.t.HelmChartContainer - [hivemq-test-hivemq-platform] [hivemq-platform-operator] [9b99058d] 22:16:03.927 [ReconcilerExecutor-hivemq-controller-115] DEBUG c.h.p.o.HiveMQPlatformReconciler - [helmcust] StatefulSet Status (revision: test-hivemq-platform-65cfcbfbf9, replicas: 2, available: 1, ready: 1, current: 2, updated: 2)
2025-01-29 22:16:03,935 INFO c.h.h.t.HelmChartContainer - [hivemq-test-hivemq-platform] [hivemq-platform-operator] [9b99058d] 22:16:03.927 [ReconcilerExecutor-hivemq-controller-115] DEBUG c.h.p.o.HiveMQPlatformReconciler - [helmcust] StatefulSet Spec (replicas: 2, init containers: 1, containers: 1, volumes: 3)
2025-01-29 22:16:03,935 INFO c.h.h.t.HelmChartContainer - [hivemq-test-hivemq-platform] [hivemq-platform-operator] [9b99058d] 22:16:03.928 [ReconcilerExecutor-hivemq-controller-115] DEBUG c.h.p.o.h.HiveMQPlatformReconcilerErrorHandler - [helmcust] Pod 'test-hivemq-platform-1' phase Pending
2025-01-29 22:16:03,935 INFO c.h.h.t.HelmChartContainer - [hivemq-test-hivemq-platform] [hivemq-platform-operator] [9b99058d] 22:16:03.928 [ReconcilerExecutor-hivemq-controller-115] DEBUG c.h.p.o.h.HiveMQPlatformReconcilerErrorHandler - [helmcust] Pod 'test-hivemq-platform-1' condition 'PodReadyToStartContainers': False
2025-01-29 22:16:03,935 INFO c.h.h.t.HelmChartContainer - [hivemq-test-hivemq-platform] [hivemq-platform-operator] [9b99058d] 22:16:03.929 [ReconcilerExecutor-hivemq-controller-115] DEBUG c.h.p.o.h.HiveMQPlatformReconcilerErrorHandler - [helmcust] Pod 'test-hivemq-platform-1' condition 'Initialized': False
2025-01-29 22:16:03,935 INFO c.h.h.t.HelmChartContainer - [hivemq-test-hivemq-platform] [hivemq-platform-operator] [9b99058d] 22:16:03.929 [ReconcilerExecutor-hivemq-controller-115] DEBUG c.h.p.o.h.HiveMQPlatformReconcilerErrorHandler - [helmcust] Pod 'test-hivemq-platform-1' condition 'Ready': False
2025-01-29 22:16:03,935 INFO c.h.h.t.HelmChartContainer - [hivemq-test-hivemq-platform] [hivemq-platform-operator] [9b99058d] 22:16:03.929 [ReconcilerExecutor-hivemq-controller-115] DEBUG c.h.p.o.h.HiveMQPlatformReconcilerErrorHandler - [helmcust] Pod 'test-hivemq-platform-1' condition 'ContainersReady': False
2025-01-29 22:16:03,935 INFO c.h.h.t.HelmChartContainer - [hivemq-test-hivemq-platform] [hivemq-platform-operator] [9b99058d] 22:16:03.929 [ReconcilerExecutor-hivemq-controller-115] DEBUG c.h.p.o.h.HiveMQPlatformReconcilerErrorHandler - [helmcust] Pod 'test-hivemq-platform-1' condition 'PodScheduled': True
2025-01-29 22:16:03,935 INFO c.h.h.t.HelmChartContainer - [hivemq-test-hivemq-platform] [hivemq-platform-operator] [9b99058d] 22:16:03.929 [ReconcilerExecutor-hivemq-controller-115] DEBUG c.h.p.o.h.HiveMQPlatformReconcilerErrorHandler - [helmcust] Pod 'test-hivemq-platform-1' containerStatus 'hivemq' (started: false) (ready: false) (waiting: [PodInitializing] null)
2025-01-29 22:16:03,935 INFO c.h.h.t.HelmChartContainer - [hivemq-test-hivemq-platform] [hivemq-platform-operator] [9b99058d] 22:16:03.931 [ReconcilerExecutor-hivemq-controller-115] DEBUG c.h.p.o.h.HiveMQPlatformReconcilerErrorHandler - [helmcust] Pod 'test-hivemq-platform-0' phase Running
2025-01-29 22:16:03,935 INFO c.h.h.t.HelmChartContainer - [hivemq-test-hivemq-platform] [hivemq-platform-operator] [9b99058d] 22:16:03.932 [ReconcilerExecutor-hivemq-controller-115] INFO  c.h.p.o.h.HiveMQPlatformReconcilerBaseHandler - [helmcust] HiveMQ Platform is starting, 1 of 2 replicas are ready
2025-01-29 22:16:03,938 INFO c.h.h.t.HelmChartContainer - [hivemq-test-hivemq-platform] [hivemq-platform-operator] [9b99058d] 22:16:03.937 [pool-6-thread-26] DEBUG c.h.p.o.d.PlatformServiceResource - [helmcust] Desired Platform services (3 services)
2025-01-29 22:16:03,955 INFO c.h.h.t.HelmChartContainer - [hivemq-test-hivemq-platform] [hivemq-platform-operator] [9b99058d] 22:16:03.952 [pool-6-thread-28] DEBUG c.h.p.o.d.PodServiceAccountResource - [helmcust] Desired PodServiceAccountResource (serviceAccountName: hivemq-platform-pod-test-hivemq-platform)
2025-01-29 22:16:03,955 INFO c.h.h.t.HelmChartContainer - [hivemq-test-hivemq-platform] [hivemq-platform-operator] [9b99058d] 22:16:03.953 [pool-6-thread-25] DEBUG c.h.p.o.dependants.PodInfoConfigMap - [helmcust] Desired PodInfo ConfigMap (1 extensions) (1 enabled)
2025-01-29 22:16:03,955 INFO c.h.h.t.HelmChartContainer - [hivemq-test-hivemq-platform] [hivemq-platform-operator] [9b99058d] 22:16:03.953 [pool-6-thread-25] DEBUG c.h.p.o.dependants.PodInfoConfigMap - [helmcust] Desired PodInfo ConfigMap (metrics port: 9399) (metrics path: /)
2025-01-29 22:16:03,955 INFO c.h.h.t.HelmChartContainer - [hivemq-test-hivemq-platform] [hivemq-platform-operator] [9b99058d] 22:16:03.953 [pool-6-thread-25] DEBUG c.h.p.o.dependants.PodInfoConfigMap - [helmcust] Desired PodInfo ConfigMap (extension state hash: -1817474005)
2025-01-29 22:16:04,027 INFO c.h.h.t.HelmChartContainer - [hivemq-test-hivemq-platform] [hivemq-platform-operator] [9b99058d] 22:16:04.025 [pool-6-thread-22] DEBUG c.h.p.o.d.StatefulSetResource - [helmcust] Desired StatefulSet (2 replicas) for status STARTING (READY)
2025-01-29 22:16:04,032 INFO c.h.h.t.HelmChartContainer - [hivemq-test-hivemq-platform] [hivemq-platform-operator] [9b99058d] 22:16:04.030 [ReconcilerExecutor-hivemq-controller-116] INFO  c.h.p.o.HiveMQPlatformReconciler - [helmcust] Reconciling HiveMQ Platform 'test-hivemq-platform' in namespace 'helmcustomsecretconfigit'
2025-01-29 22:16:04,032 INFO c.h.h.t.HelmChartContainer - [hivemq-test-hivemq-platform] [hivemq-platform-operator] [9b99058d] 22:16:04.030 [ReconcilerExecutor-hivemq-controller-116] DEBUG c.h.p.o.HiveMQPlatformReconciler - [helmcust] Custom Resource Status STARTING - HiveMQ Platform is starting (READY)
2025-01-29 22:16:04,032 INFO c.h.h.t.HelmChartContainer - [hivemq-test-hivemq-platform] [hivemq-platform-operator] [9b99058d] 22:16:04.030 [ReconcilerExecutor-hivemq-controller-116] DEBUG c.h.p.o.HiveMQPlatformReconciler - [helmcust] Custom Resource Spec (replicas: 2) (extensions: 1)
2025-01-29 22:16:04,034 INFO c.h.h.t.HelmChartContainer - [hivemq-test-hivemq-platform] [hivemq-platform-operator] [9b99058d] 22:16:04.032 [ReconcilerExecutor-hivemq-controller-116] DEBUG c.h.p.o.HiveMQPlatformReconciler - [helmcust] StatefulSet Status (revision: test-hivemq-platform-65cfcbfbf9, replicas: 2, available: 1, ready: 1, current: 2, updated: 2)
2025-01-29 22:16:04,034 INFO c.h.h.t.HelmChartContainer - [hivemq-test-hivemq-platform] [hivemq-platform-operator] [9b99058d] 22:16:04.032 [ReconcilerExecutor-hivemq-controller-116] DEBUG c.h.p.o.HiveMQPlatformReconciler - [helmcust] StatefulSet Spec (replicas: 2, init containers: 1, containers: 1, volumes: 3)
2025-01-29 22:16:04,035 INFO c.h.h.t.HelmChartContainer - [hivemq-test-hivemq-platform] [hivemq-platform-operator] [9b99058d] 22:16:04.033 [ReconcilerExecutor-hivemq-controller-116] DEBUG c.h.p.o.h.HiveMQPlatformReconcilerErrorHandler - [helmcust] Pod 'test-hivemq-platform-1' phase Pending
2025-01-29 22:16:04,035 INFO c.h.h.t.HelmChartContainer - [hivemq-test-hivemq-platform] [hivemq-platform-operator] [9b99058d] 22:16:04.034 [ReconcilerExecutor-hivemq-controller-116] DEBUG c.h.p.o.h.HiveMQPlatformReconcilerErrorHandler - [helmcust] Pod 'test-hivemq-platform-1' condition 'PodReadyToStartContainers': False
2025-01-29 22:16:04,035 INFO c.h.h.t.HelmChartContainer - [hivemq-test-hivemq-platform] [hivemq-platform-operator] [9b99058d] 22:16:04.034 [ReconcilerExecutor-hivemq-controller-116] DEBUG c.h.p.o.h.HiveMQPlatformReconcilerErrorHandler - [helmcust] Pod 'test-hivemq-platform-1' condition 'Initialized': False
2025-01-29 22:16:04,035 INFO c.h.h.t.HelmChartContainer - [hivemq-test-hivemq-platform] [hivemq-platform-operator] [9b99058d] 22:16:04.034 [ReconcilerExecutor-hivemq-controller-116] DEBUG c.h.p.o.h.HiveMQPlatformReconcilerErrorHandler - [helmcust] Pod 'test-hivemq-platform-1' condition 'Ready': False
2025-01-29 22:16:04,035 INFO c.h.h.t.HelmChartContainer - [hivemq-test-hivemq-platform] [hivemq-platform-operator] [9b99058d] 22:16:04.034 [ReconcilerExecutor-hivemq-controller-116] DEBUG c.h.p.o.h.HiveMQPlatformReconcilerErrorHandler - [helmcust] Pod 'test-hivemq-platform-1' condition 'ContainersReady': False
2025-01-29 22:16:04,035 INFO c.h.h.t.HelmChartContainer - [hivemq-test-hivemq-platform] [hivemq-platform-operator] [9b99058d] 22:16:04.034 [ReconcilerExecutor-hivemq-controller-116] DEBUG c.h.p.o.h.HiveMQPlatformReconcilerErrorHandler - [helmcust] Pod 'test-hivemq-platform-1' condition 'PodScheduled': True
2025-01-29 22:16:04,035 INFO c.h.h.t.HelmChartContainer - [hivemq-test-hivemq-platform] [hivemq-platform-operator] [9b99058d] 22:16:04.034 [ReconcilerExecutor-hivemq-controller-116] DEBUG c.h.p.o.h.HiveMQPlatformReconcilerErrorHandler - [helmcust] Pod 'test-hivemq-platform-1' containerStatus 'hivemq' (started: false) (ready: false) (waiting: [PodInitializing] null)
2025-01-29 22:16:04,036 INFO c.h.h.t.HelmChartContainer - [hivemq-test-hivemq-platform] [hivemq-platform-operator] [9b99058d] 22:16:04.036 [ReconcilerExecutor-hivemq-controller-116] DEBUG c.h.p.o.h.HiveMQPlatformReconcilerErrorHandler - [helmcust] Pod 'test-hivemq-platform-0' phase Running
2025-01-29 22:16:04,037 INFO c.h.h.t.HelmChartContainer - [hivemq-test-hivemq-platform] [hivemq-platform-operator] [9b99058d] 22:16:04.036 [ReconcilerExecutor-hivemq-controller-116] INFO  c.h.p.o.h.HiveMQPlatformReconcilerBaseHandler - [helmcust] HiveMQ Platform is starting, 1 of 2 replicas are ready
2025-01-29 22:16:04,158 INFO c.h.h.t.HelmChartContainer - [EVENT] Normal [Pulled] Container image "docker.io/hivemq/hivemq-platform-operator-init-test:snapshot" already present on machine [helmcustomsecretconfigit:test-hivemq-platform-1]
2025-01-29 22:16:04,165 INFO c.h.h.t.HelmChartContainer - [EVENT] Normal [Created] Created container: hivemq-platform-operator-init [helmcustomsecretconfigit:test-hivemq-platform-1]
2025-01-29 22:16:04,208 INFO c.h.h.t.HelmChartContainer - [EVENT] Normal [Started] Started container hivemq-platform-operator-init [helmcustomsecretconfigit:test-hivemq-platform-1]
2025-01-29 22:16:04,854 INFO c.h.h.t.HelmChartContainer - [EVENT] Normal [Pulled] Container image "docker.io/hivemq/hivemq4:4.36.0" already present on machine [helmcustomsecretconfigit:test-hivemq-platform-1]
2025-01-29 22:16:04,854 INFO c.h.h.t.HelmChartContainer - Received Pulled event for container hivemq in pod test-hivemq-platform-1 [d0e8277a-eaf3-4dc5-af2d-68c0fb5dadac]
2025-01-29 22:16:04,863 INFO c.h.h.t.HelmChartContainer - [POD] test-hivemq-platform-1 [d0e8277a-eaf3-4dc5-af2d-68c0fb5dadac] in helmcustomsecretconfigit was MODIFIED
2025-01-29 22:16:04,870 INFO c.h.h.t.HelmChartContainer - [EVENT] Normal [Created] Created container: hivemq [helmcustomsecretconfigit:test-hivemq-platform-1]
2025-01-29 22:16:04,870 INFO c.h.h.t.HelmChartContainer - Received Created event for container hivemq in pod test-hivemq-platform-1 [d0e8277a-eaf3-4dc5-af2d-68c0fb5dadac]
2025-01-29 22:16:04,884 INFO c.h.h.t.HelmChartContainer - [hivemq-test-hivemq-platform] [hivemq-platform-operator] [9b99058d] 22:16:04.871 [pool-6-thread-33] DEBUG c.h.p.o.d.PlatformServiceResource - [helmcust] Desired Platform services (3 services)
2025-01-29 22:16:04,885 INFO c.h.h.t.HelmChartContainer - [hivemq-test-hivemq-platform] [hivemq-platform-operator] [9b99058d] 22:16:04.876 [pool-6-thread-37] DEBUG c.h.p.o.dependants.PodInfoConfigMap - [helmcust] Desired PodInfo ConfigMap (1 extensions) (1 enabled)
2025-01-29 22:16:04,886 INFO c.h.h.t.HelmChartContainer - [hivemq-test-hivemq-platform] [hivemq-platform-operator] [9b99058d] 22:16:04.877 [pool-6-thread-37] DEBUG c.h.p.o.dependants.PodInfoConfigMap - [helmcust] Desired PodInfo ConfigMap (metrics port: 9399) (metrics path: /)
2025-01-29 22:16:04,888 INFO c.h.h.t.HelmChartContainer - [hivemq-test-hivemq-platform] [hivemq-platform-operator] [9b99058d] 22:16:04.877 [pool-6-thread-37] DEBUG c.h.p.o.dependants.PodInfoConfigMap - [helmcust] Desired PodInfo ConfigMap (extension state hash: -1817474005)
2025-01-29 22:16:04,888 INFO c.h.h.t.HelmChartContainer - [hivemq-test-hivemq-platform] [hivemq-platform-operator] [9b99058d] 22:16:04.879 [pool-6-thread-37] DEBUG c.h.p.o.d.PodServiceAccountResource - [helmcust] Desired PodServiceAccountResource (serviceAccountName: hivemq-platform-pod-test-hivemq-platform)
2025-01-29 22:16:04,890 INFO c.h.h.t.HelmChartContainer - [hivemq-test-hivemq-platform] [hivemq-platform-operator] [9b99058d] 22:16:04.886 [pool-6-thread-36] DEBUG c.h.p.o.d.StatefulSetResource - [helmcust] Desired StatefulSet (2 replicas) for status STARTING (READY)
2025-01-29 22:16:04,953 INFO c.h.h.t.HelmChartContainer - [hivemq-test-hivemq-platform] [hivemq-platform-operator] [9b99058d] 22:16:04.951 [ReconcilerExecutor-hivemq-controller-117] INFO  c.h.p.o.HiveMQPlatformReconciler - [helmcust] Reconciling HiveMQ Platform 'test-hivemq-platform' in namespace 'helmcustomsecretconfigit'
2025-01-29 22:16:04,953 INFO c.h.h.t.HelmChartContainer - [hivemq-test-hivemq-platform] [hivemq-platform-operator] [9b99058d] 22:16:04.951 [ReconcilerExecutor-hivemq-controller-117] DEBUG c.h.p.o.HiveMQPlatformReconciler - [helmcust] Custom Resource Status STARTING - HiveMQ Platform is starting (READY)
2025-01-29 22:16:04,953 INFO c.h.h.t.HelmChartContainer - [hivemq-test-hivemq-platform] [hivemq-platform-operator] [9b99058d] 22:16:04.951 [ReconcilerExecutor-hivemq-controller-117] DEBUG c.h.p.o.HiveMQPlatformReconciler - [helmcust] Custom Resource Spec (replicas: 2) (extensions: 1)
2025-01-29 22:16:04,957 INFO c.h.h.t.HelmChartContainer - [hivemq-test-hivemq-platform] [hivemq-platform-operator] [9b99058d] 22:16:04.956 [ReconcilerExecutor-hivemq-controller-117] DEBUG c.h.p.o.HiveMQPlatformReconciler - [helmcust] StatefulSet Status (revision: test-hivemq-platform-65cfcbfbf9, replicas: 2, available: 1, ready: 1, current: 2, updated: 2)
2025-01-29 22:16:04,958 INFO c.h.h.t.HelmChartContainer - [hivemq-test-hivemq-platform] [hivemq-platform-operator] [9b99058d] 22:16:04.956 [ReconcilerExecutor-hivemq-controller-117] DEBUG c.h.p.o.HiveMQPlatformReconciler - [helmcust] StatefulSet Spec (replicas: 2, init containers: 1, containers: 1, volumes: 3)
2025-01-29 22:16:04,961 INFO c.h.h.t.HelmChartContainer - [hivemq-test-hivemq-platform] [hivemq-platform-operator] [9b99058d] 22:16:04.958 [ReconcilerExecutor-hivemq-controller-117] DEBUG c.h.p.o.h.HiveMQPlatformReconcilerErrorHandler - [helmcust] Pod 'test-hivemq-platform-1' phase Pending
2025-01-29 22:16:04,964 INFO c.h.h.t.HelmChartContainer - [hivemq-test-hivemq-platform] [hivemq-platform-operator] [9b99058d] 22:16:04.958 [ReconcilerExecutor-hivemq-controller-117] DEBUG c.h.p.o.h.HiveMQPlatformReconcilerErrorHandler - [helmcust] Pod 'test-hivemq-platform-1' condition 'PodReadyToStartContainers': True
2025-01-29 22:16:04,964 INFO c.h.h.t.HelmChartContainer - [hivemq-test-hivemq-platform] [hivemq-platform-operator] [9b99058d] 22:16:04.959 [ReconcilerExecutor-hivemq-controller-117] DEBUG c.h.p.o.h.HiveMQPlatformReconcilerErrorHandler - [helmcust] Pod 'test-hivemq-platform-1' condition 'Initialized': True
2025-01-29 22:16:04,964 INFO c.h.h.t.HelmChartContainer - [hivemq-test-hivemq-platform] [hivemq-platform-operator] [9b99058d] 22:16:04.959 [ReconcilerExecutor-hivemq-controller-117] DEBUG c.h.p.o.h.HiveMQPlatformReconcilerErrorHandler - [helmcust] Pod 'test-hivemq-platform-1' condition 'Ready': False
2025-01-29 22:16:04,964 INFO c.h.h.t.HelmChartContainer - [hivemq-test-hivemq-platform] [hivemq-platform-operator] [9b99058d] 22:16:04.960 [ReconcilerExecutor-hivemq-controller-117] DEBUG c.h.p.o.h.HiveMQPlatformReconcilerErrorHandler - [helmcust] Pod 'test-hivemq-platform-1' condition 'ContainersReady': False
2025-01-29 22:16:04,964 INFO c.h.h.t.HelmChartContainer - [hivemq-test-hivemq-platform] [hivemq-platform-operator] [9b99058d] 22:16:04.960 [ReconcilerExecutor-hivemq-controller-117] DEBUG c.h.p.o.h.HiveMQPlatformReconcilerErrorHandler - [helmcust] Pod 'test-hivemq-platform-1' condition 'PodScheduled': True
2025-01-29 22:16:04,964 INFO c.h.h.t.HelmChartContainer - [hivemq-test-hivemq-platform] [hivemq-platform-operator] [9b99058d] 22:16:04.962 [ReconcilerExecutor-hivemq-controller-117] DEBUG c.h.p.o.h.HiveMQPlatformReconcilerErrorHandler - [helmcust] Pod 'test-hivemq-platform-1' containerStatus 'hivemq' (started: false) (ready: false) (waiting: [PodInitializing] null)
2025-01-29 22:16:04,973 INFO c.h.h.t.HelmChartContainer - [hivemq-test-hivemq-platform] [hivemq-platform-operator] [9b99058d] 22:16:04.972 [ReconcilerExecutor-hivemq-controller-117] DEBUG c.h.p.o.h.HiveMQPlatformReconcilerErrorHandler - [helmcust] Pod 'test-hivemq-platform-0' phase Running
2025-01-29 22:16:04,975 INFO c.h.h.t.HelmChartContainer - [hivemq-test-hivemq-platform] [hivemq-platform-operator] [9b99058d] 22:16:04.975 [ReconcilerExecutor-hivemq-controller-117] INFO  c.h.p.o.h.HiveMQPlatformReconcilerBaseHandler - [helmcust] HiveMQ Platform is starting, 1 of 2 replicas are ready
2025-01-29 22:16:05,867 INFO c.h.h.t.HelmChartContainer - [POD] test-hivemq-platform-1 [d0e8277a-eaf3-4dc5-af2d-68c0fb5dadac] in helmcustomsecretconfigit was MODIFIED
2025-01-29 22:16:05,881 INFO c.h.h.t.HelmChartContainer - [hivemq-test-hivemq-platform] [hivemq-platform-operator] [9b99058d] 22:16:05.875 [pool-6-thread-44] DEBUG c.h.p.o.d.PlatformServiceResource - [helmcust] Desired Platform services (3 services)
2025-01-29 22:16:05,881 INFO c.h.h.t.HelmChartContainer - [hivemq-test-hivemq-platform] [hivemq-platform-operator] [9b99058d] 22:16:05.878 [pool-6-thread-49] DEBUG c.h.p.o.dependants.PodInfoConfigMap - [helmcust] Desired PodInfo ConfigMap (1 extensions) (1 enabled)
2025-01-29 22:16:05,881 INFO c.h.h.t.HelmChartContainer - [hivemq-test-hivemq-platform] [hivemq-platform-operator] [9b99058d] 22:16:05.878 [pool-6-thread-49] DEBUG c.h.p.o.dependants.PodInfoConfigMap - [helmcust] Desired PodInfo ConfigMap (metrics port: 9399) (metrics path: /)
2025-01-29 22:16:05,881 INFO c.h.h.t.HelmChartContainer - [hivemq-test-hivemq-platform] [hivemq-platform-operator] [9b99058d] 22:16:05.878 [pool-6-thread-49] DEBUG c.h.p.o.dependants.PodInfoConfigMap - [helmcust] Desired PodInfo ConfigMap (extension state hash: -1817474005)
2025-01-29 22:16:05,883 INFO c.h.h.t.HelmChartContainer - [hivemq-test-hivemq-platform] [hivemq-platform-operator] [9b99058d] 22:16:05.880 [pool-6-thread-49] DEBUG c.h.p.o.d.PodServiceAccountResource - [helmcust] Desired PodServiceAccountResource (serviceAccountName: hivemq-platform-pod-test-hivemq-platform)
2025-01-29 22:16:05,885 INFO c.h.h.t.HelmChartContainer - [EVENT] Normal [Started] Started container hivemq [helmcustomsecretconfigit:test-hivemq-platform-1]
2025-01-29 22:16:05,885 INFO c.h.h.t.HelmChartContainer - Started log watcher for hivemq in pod test-hivemq-platform-1 [d0e8277a-eaf3-4dc5-af2d-68c0fb5dadac]
2025-01-29 22:16:05,885 INFO c.h.h.t.HelmChartContainer - Received Started event for container hivemq in pod test-hivemq-platform-1 [d0e8277a-eaf3-4dc5-af2d-68c0fb5dadac]
2025-01-29 22:16:05,885 INFO c.h.h.t.HelmChartContainer - [test-hivemq-platform] [hivemq] [d0e8277a] Adding pre-installed HiveMQ Platform Operator extensions
2025-01-29 22:16:05,885 INFO c.h.h.t.HelmChartContainer - [test-hivemq-platform] [hivemq] [d0e8277a] Running as user 10000
2025-01-29 22:16:05,885 INFO c.h.h.t.HelmChartContainer - [test-hivemq-platform] [hivemq] [d0e8277a] Starting HiveMQ Platform Operator Init
2025-01-29 22:16:05,886 INFO c.h.h.t.HelmChartContainer - [hivemq-test-hivemq-platform] [hivemq-platform-operator] [9b99058d] 22:16:05.883 [pool-6-thread-44] DEBUG c.h.p.o.d.StatefulSetResource - [helmcust] Desired StatefulSet (2 replicas) for status STARTING (READY)
2025-01-29 22:16:05,887 INFO c.h.h.t.HelmChartContainer - [hivemq-test-hivemq-platform] [hivemq-platform-operator] [9b99058d] 22:16:05.886 [ReconcilerExecutor-hivemq-controller-118] INFO  c.h.p.o.HiveMQPlatformReconciler - [helmcust] Reconciling HiveMQ Platform 'test-hivemq-platform' in namespace 'helmcustomsecretconfigit'
2025-01-29 22:16:05,887 INFO c.h.h.t.HelmChartContainer - [hivemq-test-hivemq-platform] [hivemq-platform-operator] [9b99058d] 22:16:05.887 [ReconcilerExecutor-hivemq-controller-118] DEBUG c.h.p.o.HiveMQPlatformReconciler - [helmcust] Custom Resource Status STARTING - HiveMQ Platform is starting (READY)
2025-01-29 22:16:05,889 INFO c.h.h.t.HelmChartContainer - [hivemq-test-hivemq-platform] [hivemq-platform-operator] [9b99058d] 22:16:05.887 [ReconcilerExecutor-hivemq-controller-118] DEBUG c.h.p.o.HiveMQPlatformReconciler - [helmcust] Custom Resource Spec (replicas: 2) (extensions: 1)
2025-01-29 22:16:05,891 INFO c.h.h.t.HelmChartContainer - [hivemq-test-hivemq-platform] [hivemq-platform-operator] [9b99058d] 22:16:05.889 [ReconcilerExecutor-hivemq-controller-118] DEBUG c.h.p.o.HiveMQPlatformReconciler - [helmcust] StatefulSet Status (revision: test-hivemq-platform-65cfcbfbf9, replicas: 2, available: 1, ready: 1, current: 2, updated: 2)
2025-01-29 22:16:05,891 INFO c.h.h.t.HelmChartContainer - [hivemq-test-hivemq-platform] [hivemq-platform-operator] [9b99058d] 22:16:05.890 [ReconcilerExecutor-hivemq-controller-118] DEBUG c.h.p.o.HiveMQPlatformReconciler - [helmcust] StatefulSet Spec (replicas: 2, init containers: 1, containers: 1, volumes: 3)
2025-01-29 22:16:05,893 INFO c.h.h.t.HelmChartContainer - [hivemq-test-hivemq-platform] [hivemq-platform-operator] [9b99058d] 22:16:05.891 [ReconcilerExecutor-hivemq-controller-118] DEBUG c.h.p.o.h.HiveMQPlatformReconcilerErrorHandler - [helmcust] Pod 'test-hivemq-platform-1' phase Running
2025-01-29 22:16:05,893 INFO c.h.h.t.HelmChartContainer - [hivemq-test-hivemq-platform] [hivemq-platform-operator] [9b99058d] 22:16:05.892 [ReconcilerExecutor-hivemq-controller-118] DEBUG c.h.p.o.h.HiveMQPlatformReconcilerErrorHandler - [helmcust] Pod 'test-hivemq-platform-0' phase Running
2025-01-29 22:16:05,953 INFO c.h.h.t.HelmChartContainer - [hivemq-test-hivemq-platform] [hivemq-platform-operator] [9b99058d] 22:16:05.951 [ReconcilerExecutor-hivemq-controller-118] INFO  c.h.p.o.h.HiveMQPlatformReconcilerBaseHandler - [helmcust] HiveMQ Platform is starting, 1 of 2 replicas are ready
2025-01-29 22:16:06,248 INFO c.h.h.t.HelmChartContainer - [test-hivemq-platform] [hivemq] [d0e8277a] INFO  - [HiveMQ Platform Operator Init 1.7.0-SNAPSHOT] HiveMQ Platform Operator Init 1.7.0-SNAPSHOT (commit: 3bc9484 on branch: HEAD) built on Wed Jan 29 22:06:36 UTC 2025
2025-01-29 22:16:07,387 INFO c.h.h.t.HelmChartContainer - [test-hivemq-platform] [hivemq] [d0e8277a] INFO  - [HiveMQ Platform Operator Init App 1.7.0-SNAPSHOT] Using bind address 10.42.0.15 from environment variable
2025-01-29 22:16:08,368 INFO c.h.h.t.HelmChartContainer - [test-hivemq-platform] [hivemq] [d0e8277a] INFO  - [HiveMQ Platform Operator Init App 1.7.0-SNAPSHOT] HiveMQ Platform Operator Init App 1.7.0-SNAPSHOT (commit: 3bc9484 on branch: HEAD) built on Wed Jan 29 22:06:36 UTC 2025
2025-01-29 22:16:08,368 INFO c.h.h.t.HelmChartContainer - [test-hivemq-platform] [hivemq] [d0e8277a] INFO  - [HiveMQ Platform Operator Init App 1.7.0-SNAPSHOT] PodInfo ConfigMap directory: /etc/podinfo
2025-01-29 22:16:08,368 INFO c.h.h.t.HelmChartContainer - [test-hivemq-platform] [hivemq] [d0e8277a] INFO  - [HiveMQ Platform Operator Init App 1.7.0-SNAPSHOT] HiveMQ home directory: /opt/hivemq
2025-01-29 22:16:08,368 INFO c.h.h.t.HelmChartContainer - [test-hivemq-platform] [hivemq] [d0e8277a] INFO  - [HiveMQ Platform Operator Init App 1.7.0-SNAPSHOT] HiveMQ Logback folder: /opt/hivemq/conf
2025-01-29 22:16:08,368 INFO c.h.h.t.HelmChartContainer - [test-hivemq-platform] [hivemq] [d0e8277a] INFO  - [HiveMQ Platform Operator Init App 1.7.0-SNAPSHOT] HiveMQ Config folder: /opt/hivemq/conf-k8s
2025-01-29 22:16:08,369 INFO c.h.h.t.HelmChartContainer - [test-hivemq-platform] [hivemq] [d0e8277a] INFO  - [HiveMQ Platform Operator Init App 1.7.0-SNAPSHOT] Starting HiveMQ Platform Operator Init App
2025-01-29 22:16:08,369 INFO c.h.h.t.HelmChartContainer - [test-hivemq-platform] [hivemq] [d0e8277a] INFO  - [HiveMQ Platform Operator Init App 1.7.0-SNAPSHOT] Starting Pod reconciler
2025-01-29 22:16:09,655 INFO c.h.h.t.HelmChartContainer - [test-hivemq-platform] [hivemq] [d0e8277a] INFO  - [HiveMQ Platform Operator Init App 1.7.0-SNAPSHOT] Pod reconciler is scheduled (interval: 5000 ms)
2025-01-29 22:16:09,657 INFO c.h.h.t.HelmChartContainer - [test-hivemq-platform] [hivemq] [d0e8277a] INFO  - [HiveMQ Platform Operator Init App 1.7.0-SNAPSHOT] Starting the REST API on 10.42.0.15:7979
2025-01-29 22:16:09,659 INFO c.h.h.t.HelmChartContainer - [test-hivemq-platform] [hivemq] [d0e8277a] INFO  - [HiveMQ Platform Operator Init App 1.7.0-SNAPSHOT] Waiting up to 600s for at most 2 HiveMQ nodes in cluster service hivemq-test-hivemq-platform-cluster.helmcustomsecretconfigit.svc
2025-01-29 22:16:09,967 INFO c.h.h.t.HelmChartContainer - [test-hivemq-platform] [hivemq] [d0e8277a] INFO  - [HiveMQ Platform Operator Init App 1.7.0-SNAPSHOT] Resolved 2 IP addresses: [10.42.0.15, 10.42.0.14]
2025-01-29 22:16:09,967 INFO c.h.h.t.HelmChartContainer - [test-hivemq-platform] [hivemq] [d0e8277a] INFO  - [HiveMQ Platform Operator Init App 1.7.0-SNAPSHOT] HiveMQ node count of 2 is within threshold of 2
2025-01-29 22:16:09,967 INFO c.h.h.t.HelmChartContainer - [test-hivemq-platform] [hivemq] [d0e8277a] INFO  - [HiveMQ Platform Operator Init App 1.7.0-SNAPSHOT] Proceeding with container start
2025-01-29 22:16:10,067 INFO c.h.h.t.HelmChartContainer - [test-hivemq-platform] [hivemq] [d0e8277a] INFO  - [HiveMQ Platform Operator Init App 1.7.0-SNAPSHOT] Initializing HiveMQ Platform extensions with initial configuration: {hivemq-allow-all-extension={start-priority=-1, skip-https-hostname-verification=false, restart=true, config-version=0, header-version=0, c-uri=, priority=-1, uri=preinstalled, skip-https-certificate-validation=false, enabled=true}, hivemq-prometheus-extension={priority=-1, start-priority=-1, c-uri=, skip-https-hostname-verification=false, skip-https-certificate-validation=false, uri=preinstalled, request-header-path=no-request-headers, enabled=true, restart=true}}
2025-01-29 22:16:10,558 INFO c.h.h.t.HelmChartContainer - [test-hivemq-platform] [hivemq] [d0e8277a] INFO  - [HiveMQ Platform Operator Init App 1.7.0-SNAPSHOT] Extension hivemq-allow-all-extension was already enabled
2025-01-29 22:16:10,652 INFO c.h.h.t.HelmChartContainer - [test-hivemq-platform] [hivemq] [d0e8277a] INFO  - [HiveMQ Platform Operator Init App 1.7.0-SNAPSHOT] Successfully enabled extension hivemq-prometheus-extension
2025-01-29 22:16:10,654 INFO c.h.h.t.HelmChartContainer - [test-hivemq-platform] [hivemq] [d0e8277a] INFO  - [HiveMQ Platform Operator Init App 1.7.0-SNAPSHOT] Starting HiveMQ Platform version 4.36.0 (4.36.0)
2025-01-29 22:16:10,655 INFO c.h.h.t.HelmChartContainer - [test-hivemq-platform] [hivemq] [d0e8277a] INFO  - [HiveMQ Platform Operator Init App 1.7.0-SNAPSHOT] Configuring the HiveMQ Platform
2025-01-29 22:16:10,664 INFO c.h.h.t.HelmChartContainer - [test-hivemq-platform] [hivemq] [d0e8277a] INFO  - [HiveMQ Platform Operator Init App 1.7.0-SNAPSHOT] Changed logback.xml file scan period to 20 seconds
2025-01-29 22:16:10,753 INFO c.h.h.t.HelmChartContainer - [test-hivemq-platform] [hivemq] [d0e8277a] INFO  - [HiveMQ Platform Operator Init App 1.7.0-SNAPSHOT] Starting the HiveMQ Platform
2025-01-29 22:16:10,756 INFO c.h.h.t.HelmChartContainer - [test-hivemq-platform] [hivemq] [d0e8277a] -------------------------------------------------------------------------
2025-01-29 22:16:10,756 INFO c.h.h.t.HelmChartContainer - [test-hivemq-platform] [hivemq] [d0e8277a] 
2025-01-29 22:16:10,756 INFO c.h.h.t.HelmChartContainer - [test-hivemq-platform] [hivemq] [d0e8277a]                   _    _  _              __  __   ____
2025-01-29 22:16:10,756 INFO c.h.h.t.HelmChartContainer - [test-hivemq-platform] [hivemq] [d0e8277a]                  | |  | |(_)            |  \/  | / __ \
2025-01-29 22:16:10,756 INFO c.h.h.t.HelmChartContainer - [test-hivemq-platform] [hivemq] [d0e8277a]                  | |__| | _ __   __ ___ | \  / || |  | |
2025-01-29 22:16:10,756 INFO c.h.h.t.HelmChartContainer - [test-hivemq-platform] [hivemq] [d0e8277a]                  |  __  || |\ \ / // _ \| |\/| || |  | |
2025-01-29 22:16:10,756 INFO c.h.h.t.HelmChartContainer - [test-hivemq-platform] [hivemq] [d0e8277a]                  | |  | || | \ V /|  __/| |  | || |__| |
2025-01-29 22:16:10,756 INFO c.h.h.t.HelmChartContainer - [test-hivemq-platform] [hivemq] [d0e8277a]                  |_|  |_||_|  \_/  \___||_|  |_| \___\_\
2025-01-29 22:16:10,756 INFO c.h.h.t.HelmChartContainer - [test-hivemq-platform] [hivemq] [d0e8277a] 
2025-01-29 22:16:10,758 INFO c.h.h.t.HelmChartContainer - [test-hivemq-platform] [hivemq] [d0e8277a] -------------------------------------------------------------------------
2025-01-29 22:16:10,758 INFO c.h.h.t.HelmChartContainer - [test-hivemq-platform] [hivemq] [d0e8277a] 
2025-01-29 22:16:10,758 INFO c.h.h.t.HelmChartContainer - [test-hivemq-platform] [hivemq] [d0e8277a]   HiveMQ Start Script for Linux/Unix v1.14
2025-01-29 22:16:10,758 INFO c.h.h.t.HelmChartContainer - [test-hivemq-platform] [hivemq] [d0e8277a] 
2025-01-29 22:16:10,856 INFO c.h.h.t.HelmChartContainer - [test-hivemq-platform] [hivemq] [d0e8277a] -------------------------------------------------------------------------
2025-01-29 22:16:10,856 INFO c.h.h.t.HelmChartContainer - [test-hivemq-platform] [hivemq] [d0e8277a] 
2025-01-29 22:16:10,856 INFO c.h.h.t.HelmChartContainer - [test-hivemq-platform] [hivemq] [d0e8277a]   HIVEMQ_HOME: /opt/hivemq
2025-01-29 22:16:10,856 INFO c.h.h.t.HelmChartContainer - [test-hivemq-platform] [hivemq] [d0e8277a] 
2025-01-29 22:16:10,856 INFO c.h.h.t.HelmChartContainer - [test-hivemq-platform] [hivemq] [d0e8277a]   JAVA_OPTS: -XX:+UnlockExperimentalVMOptions -XX:InitialRAMPercentage=50 -XX:MaxRAMPercentage=50 -Djava.net.preferIPv4Stack=true --add-opens java.base/java.lang=ALL-UNNAMED --add-opens java.base/java.nio=ALL-UNNAMED --add-opens java.base/sun.nio.ch=ALL-UNNAMED --add-opens jdk.management/com.sun.management.internal=ALL-UNNAMED --add-exports java.base/jdk.internal.misc=ALL-UNNAMED -Djava.security.egd=file:/dev/./urandom -Dcom.sun.management.jmxremote -Dcom.sun.management.jmxremote.port=9010 -Dcom.sun.management.jmxremote.local.only=false -Dcom.sun.management.jmxremote.authenticate=false -Dcom.sun.management.jmxremote.ssl=false -Duser.language=en -Duser.region=US -XX:+CrashOnOutOfMemoryError -XX:+HeapDumpOnOutOfMemoryError
2025-01-29 22:16:10,856 INFO c.h.h.t.HelmChartContainer - [test-hivemq-platform] [hivemq] [d0e8277a] 
2025-01-29 22:16:10,856 INFO c.h.h.t.HelmChartContainer - [test-hivemq-platform] [hivemq] [d0e8277a]   JAVA_VERSION: 21
2025-01-29 22:16:10,856 INFO c.h.h.t.HelmChartContainer - [test-hivemq-platform] [hivemq] [d0e8277a] 
2025-01-29 22:16:10,856 INFO c.h.h.t.HelmChartContainer - [test-hivemq-platform] [hivemq] [d0e8277a] -------------------------------------------------------------------------
2025-01-29 22:16:10,856 INFO c.h.h.t.HelmChartContainer - [test-hivemq-platform] [hivemq] [d0e8277a] 
2025-01-29 22:16:11,867 INFO c.h.h.t.HelmChartContainer - [test-hivemq-platform] [hivemq] [d0e8277a] INFO  - [HiveMQ Platform Operator Init App 1.7.0-SNAPSHOT] Returning default Health API response 503 for readiness
2025-01-29 22:16:12,253 INFO c.h.h.t.HelmChartContainer - [EVENT] Warning [Unhealthy] Readiness probe failed: HTTP probe failed with statuscode: 503 [helmcustomsecretconfigit:test-hivemq-platform-1]
2025-01-29 22:16:12,253 INFO c.h.h.t.HelmChartContainer - Received Unhealthy event for container hivemq in pod test-hivemq-platform-1 [d0e8277a-eaf3-4dc5-af2d-68c0fb5dadac]
2025-01-29 22:16:13,464 INFO c.h.h.t.HelmChartContainer - [test-hivemq-platform] [hivemq] [d0e8277a] INFO  - Starting HiveMQ Enterprise Server
2025-01-29 22:16:13,549 INFO c.h.h.t.HelmChartContainer - [test-hivemq-platform] [hivemq] [d0e8277a] INFO  - HiveMQ version: 4.36.0
2025-01-29 22:16:13,549 INFO c.h.h.t.HelmChartContainer - [test-hivemq-platform] [hivemq] [d0e8277a] INFO  - HiveMQ home directory: /opt/hivemq
2025-01-29 22:16:13,550 INFO c.h.h.t.HelmChartContainer - [test-hivemq-platform] [hivemq] [d0e8277a] INFO  - Log Configuration was overridden by /opt/hivemq/conf/logback.xml
2025-01-29 22:16:14,761 INFO c.h.h.t.HelmChartContainer - [test-hivemq-platform] [hivemq] [d0e8277a] INFO  - Successfully loaded configuration from '/opt/hivemq/conf-k8s/config.xml'.
2025-01-29 22:16:15,356 INFO c.h.h.t.HelmChartContainer - [test-hivemq-platform] [hivemq] [d0e8277a] INFO  - This node's ID is lwvl3
2025-01-29 22:16:15,357 INFO c.h.h.t.HelmChartContainer - [test-hivemq-platform] [hivemq] [d0e8277a] INFO  - Clustering is enabled
2025-01-29 22:16:15,959 INFO c.h.h.t.HelmChartContainer - [hivemq-test-hivemq-platform] [hivemq-platform-operator] [9b99058d] 22:16:15.957 [pool-6-thread-2] DEBUG c.h.p.o.d.PlatformServiceResource - [helmcust] Desired Platform services (3 services)
2025-01-29 22:16:15,961 INFO c.h.h.t.HelmChartContainer - [hivemq-test-hivemq-platform] [hivemq-platform-operator] [9b99058d] 22:16:15.958 [pool-6-thread-7] DEBUG c.h.p.o.d.PodServiceAccountResource - [helmcust] Desired PodServiceAccountResource (serviceAccountName: hivemq-platform-pod-test-hivemq-platform)
2025-01-29 22:16:15,963 INFO c.h.h.t.HelmChartContainer - [hivemq-test-hivemq-platform] [hivemq-platform-operator] [9b99058d] 22:16:15.961 [pool-6-thread-9] DEBUG c.h.p.o.dependants.PodInfoConfigMap - [helmcust] Desired PodInfo ConfigMap (1 extensions) (1 enabled)
2025-01-29 22:16:15,963 INFO c.h.h.t.HelmChartContainer - [hivemq-test-hivemq-platform] [hivemq-platform-operator] [9b99058d] 22:16:15.963 [pool-6-thread-9] DEBUG c.h.p.o.dependants.PodInfoConfigMap - [helmcust] Desired PodInfo ConfigMap (metrics port: 9399) (metrics path: /)
2025-01-29 22:16:15,964 INFO c.h.h.t.HelmChartContainer - [hivemq-test-hivemq-platform] [hivemq-platform-operator] [9b99058d] 22:16:15.963 [pool-6-thread-9] DEBUG c.h.p.o.dependants.PodInfoConfigMap - [helmcust] Desired PodInfo ConfigMap (extension state hash: -1817474005)
2025-01-29 22:16:15,969 INFO c.h.h.t.HelmChartContainer - [hivemq-test-hivemq-platform] [hivemq-platform-operator] [9b99058d] 22:16:15.968 [pool-6-thread-9] DEBUG c.h.p.o.d.StatefulSetResource - [helmcust] Desired StatefulSet (2 replicas) for status STARTING (READY)
2025-01-29 22:16:15,974 INFO c.h.h.t.HelmChartContainer - [hivemq-test-hivemq-platform] [hivemq-platform-operator] [9b99058d] 22:16:15.973 [ReconcilerExecutor-hivemq-controller-119] INFO  c.h.p.o.HiveMQPlatformReconciler - [helmcust] Reconciling HiveMQ Platform 'test-hivemq-platform' in namespace 'helmcustomsecretconfigit'
2025-01-29 22:16:15,974 INFO c.h.h.t.HelmChartContainer - [hivemq-test-hivemq-platform] [hivemq-platform-operator] [9b99058d] 22:16:15.973 [ReconcilerExecutor-hivemq-controller-119] DEBUG c.h.p.o.HiveMQPlatformReconciler - [helmcust] Custom Resource Status STARTING - HiveMQ Platform is starting (READY)
2025-01-29 22:16:15,974 INFO c.h.h.t.HelmChartContainer - [hivemq-test-hivemq-platform] [hivemq-platform-operator] [9b99058d] 22:16:15.973 [ReconcilerExecutor-hivemq-controller-119] DEBUG c.h.p.o.HiveMQPlatformReconciler - [helmcust] Custom Resource Spec (replicas: 2) (extensions: 1)
2025-01-29 22:16:15,975 INFO c.h.h.t.HelmChartContainer - [hivemq-test-hivemq-platform] [hivemq-platform-operator] [9b99058d] 22:16:15.975 [ReconcilerExecutor-hivemq-controller-119] DEBUG c.h.p.o.HiveMQPlatformReconciler - [helmcust] StatefulSet Status (revision: test-hivemq-platform-65cfcbfbf9, replicas: 2, available: 1, ready: 1, current: 2, updated: 2)
2025-01-29 22:16:15,976 INFO c.h.h.t.HelmChartContainer - [hivemq-test-hivemq-platform] [hivemq-platform-operator] [9b99058d] 22:16:15.975 [ReconcilerExecutor-hivemq-controller-119] DEBUG c.h.p.o.HiveMQPlatformReconciler - [helmcust] StatefulSet Spec (replicas: 2, init containers: 1, containers: 1, volumes: 3)
2025-01-29 22:16:15,978 INFO c.h.h.t.HelmChartContainer - [hivemq-test-hivemq-platform] [hivemq-platform-operator] [9b99058d] 22:16:15.977 [ReconcilerExecutor-hivemq-controller-119] DEBUG c.h.p.o.h.HiveMQPlatformReconcilerErrorHandler - [helmcust] Pod 'test-hivemq-platform-1' phase Running
2025-01-29 22:16:15,979 INFO c.h.h.t.HelmChartContainer - [hivemq-test-hivemq-platform] [hivemq-platform-operator] [9b99058d] 22:16:15.978 [ReconcilerExecutor-hivemq-controller-119] DEBUG c.h.p.o.h.HiveMQPlatformReconcilerErrorHandler - [helmcust] Pod 'test-hivemq-platform-0' phase Running
2025-01-29 22:16:15,980 INFO c.h.h.t.HelmChartContainer - [hivemq-test-hivemq-platform] [hivemq-platform-operator] [9b99058d] 22:16:15.979 [ReconcilerExecutor-hivemq-controller-119] INFO  c.h.p.o.h.HiveMQPlatformReconcilerBaseHandler - [helmcust] HiveMQ Platform is starting, 1 of 2 replicas are ready
2025-01-29 22:16:17,253 INFO c.h.h.t.HelmChartContainer - [test-hivemq-platform] [hivemq] [d0e8277a] WARN  - [HiveMQ Platform Operator Init App 1.7.0-SNAPSHOT] Cannot connect to Health API for readiness: null
2025-01-29 22:16:17,256 INFO c.h.h.t.HelmChartContainer - [EVENT] Warning [Unhealthy] Readiness probe failed: HTTP probe failed with statuscode: 503 [helmcustomsecretconfigit:test-hivemq-platform-1]
2025-01-29 22:16:17,256 INFO c.h.h.t.HelmChartContainer - Received Unhealthy event for container hivemq in pod test-hivemq-platform-1 [d0e8277a-eaf3-4dc5-af2d-68c0fb5dadac]
2025-01-29 22:16:18,668 INFO c.h.h.t.HelmChartContainer - [test-hivemq-platform] [hivemq] [8f49760f] INFO  - [HiveMQ Platform Operator Init App 1.7.0-SNAPSHOT] Returning Health API response 200 for liveness
2025-01-29 22:16:20,954 INFO c.h.h.t.HelmChartContainer - [test-hivemq-platform] [hivemq] [d0e8277a] Jan 29, 2025 10:16:20 PM io.vertx.core.impl.BlockedThreadChecker
2025-01-29 22:16:20,954 INFO c.h.h.t.HelmChartContainer - [test-hivemq-platform] [hivemq] [d0e8277a] WARNING: Thread Thread[vert.x-eventloop-thread-1,5,main] has been blocked for 2799 ms, time limit is 2000 ms
2025-01-29 22:16:21,156 INFO c.h.h.t.HelmChartContainer - [test-hivemq-platform] [hivemq] [d0e8277a] INFO  - [HiveMQ Platform Operator Init App 1.7.0-SNAPSHOT] Updating Pod HiveMQ Platform Operator Init App version annotation (version: 1.7.0-SNAPSHOT)
2025-01-29 22:16:21,672 INFO c.h.h.t.HelmChartContainer - [POD] test-hivemq-platform-1 [d0e8277a-eaf3-4dc5-af2d-68c0fb5dadac] in helmcustomsecretconfigit was MODIFIED
2025-01-29 22:16:21,689 INFO c.h.h.t.HelmChartContainer - [hivemq-test-hivemq-platform] [hivemq-platform-operator] [9b99058d] 22:16:21.685 [pool-6-thread-13] DEBUG c.h.p.o.d.PlatformServiceResource - [helmcust] Desired Platform services (3 services)
2025-01-29 22:16:21,690 INFO c.h.h.t.HelmChartContainer - [hivemq-test-hivemq-platform] [hivemq-platform-operator] [9b99058d] 22:16:21.689 [pool-6-thread-15] DEBUG c.h.p.o.dependants.PodInfoConfigMap - [helmcust] Desired PodInfo ConfigMap (1 extensions) (1 enabled)
2025-01-29 22:16:21,690 INFO c.h.h.t.HelmChartContainer - [hivemq-test-hivemq-platform] [hivemq-platform-operator] [9b99058d] 22:16:21.689 [pool-6-thread-15] DEBUG c.h.p.o.dependants.PodInfoConfigMap - [helmcust] Desired PodInfo ConfigMap (metrics port: 9399) (metrics path: /)
2025-01-29 22:16:21,691 INFO c.h.h.t.HelmChartContainer - [hivemq-test-hivemq-platform] [hivemq-platform-operator] [9b99058d] 22:16:21.689 [pool-6-thread-15] DEBUG c.h.p.o.dependants.PodInfoConfigMap - [helmcust] Desired PodInfo ConfigMap (extension state hash: -1817474005)
2025-01-29 22:16:21,696 INFO c.h.h.t.HelmChartContainer - [hivemq-test-hivemq-platform] [hivemq-platform-operator] [9b99058d] 22:16:21.690 [pool-6-thread-18] DEBUG c.h.p.o.d.PodServiceAccountResource - [helmcust] Desired PodServiceAccountResource (serviceAccountName: hivemq-platform-pod-test-hivemq-platform)
2025-01-29 22:16:21,707 INFO c.h.h.t.HelmChartContainer - [hivemq-test-hivemq-platform] [hivemq-platform-operator] [9b99058d] 22:16:21.704 [pool-6-thread-13] DEBUG c.h.p.o.d.StatefulSetResource - [helmcust] Desired StatefulSet (2 replicas) for status STARTING (READY)
2025-01-29 22:16:21,711 INFO c.h.h.t.HelmChartContainer - [hivemq-test-hivemq-platform] [hivemq-platform-operator] [9b99058d] 22:16:21.709 [ReconcilerExecutor-hivemq-controller-120] INFO  c.h.p.o.HiveMQPlatformReconciler - [helmcust] Reconciling HiveMQ Platform 'test-hivemq-platform' in namespace 'helmcustomsecretconfigit'
2025-01-29 22:16:21,711 INFO c.h.h.t.HelmChartContainer - [hivemq-test-hivemq-platform] [hivemq-platform-operator] [9b99058d] 22:16:21.709 [ReconcilerExecutor-hivemq-controller-120] DEBUG c.h.p.o.HiveMQPlatformReconciler - [helmcust] Custom Resource Status STARTING - HiveMQ Platform is starting (READY)
2025-01-29 22:16:21,715 INFO c.h.h.t.HelmChartContainer - [hivemq-test-hivemq-platform] [hivemq-platform-operator] [9b99058d] 22:16:21.709 [ReconcilerExecutor-hivemq-controller-120] DEBUG c.h.p.o.HiveMQPlatformReconciler - [helmcust] Custom Resource Spec (replicas: 2) (extensions: 1)
2025-01-29 22:16:21,715 INFO c.h.h.t.HelmChartContainer - [hivemq-test-hivemq-platform] [hivemq-platform-operator] [9b99058d] 22:16:21.710 [ReconcilerExecutor-hivemq-controller-120] DEBUG c.h.p.o.HiveMQPlatformReconciler - [helmcust] StatefulSet Status (revision: test-hivemq-platform-65cfcbfbf9, replicas: 2, available: 1, ready: 1, current: 2, updated: 2)
2025-01-29 22:16:21,715 INFO c.h.h.t.HelmChartContainer - [hivemq-test-hivemq-platform] [hivemq-platform-operator] [9b99058d] 22:16:21.710 [ReconcilerExecutor-hivemq-controller-120] DEBUG c.h.p.o.HiveMQPlatformReconciler - [helmcust] StatefulSet Spec (replicas: 2, init containers: 1, containers: 1, volumes: 3)
2025-01-29 22:16:21,719 INFO c.h.h.t.HelmChartContainer - [hivemq-test-hivemq-platform] [hivemq-platform-operator] [9b99058d] 22:16:21.718 [ReconcilerExecutor-hivemq-controller-120] DEBUG c.h.p.o.h.HiveMQPlatformReconcilerErrorHandler - [helmcust] Pod 'test-hivemq-platform-1' phase Running
2025-01-29 22:16:21,758 INFO c.h.h.t.HelmChartContainer - [hivemq-test-hivemq-platform] [hivemq-platform-operator] [9b99058d] 22:16:21.753 [ReconcilerExecutor-hivemq-controller-120] DEBUG c.h.p.o.h.HiveMQPlatformReconcilerErrorHandler - [helmcust] Pod 'test-hivemq-platform-0' phase Running
2025-01-29 22:16:21,759 INFO c.h.h.t.HelmChartContainer - [hivemq-test-hivemq-platform] [hivemq-platform-operator] [9b99058d] 22:16:21.754 [ReconcilerExecutor-hivemq-controller-120] INFO  c.h.p.o.h.HiveMQPlatformReconcilerBaseHandler - [helmcust] HiveMQ Platform is starting, 1 of 2 replicas are ready
2025-01-29 22:16:21,760 INFO c.h.h.t.HelmChartContainer - [test-hivemq-platform] [hivemq] [d0e8277a] WARN  - [HiveMQ Platform Operator Init App 1.7.0-SNAPSHOT] Cannot connect to Health API for readiness: null
2025-01-29 22:16:21,767 INFO c.h.h.t.HelmChartContainer - [test-hivemq-platform] [hivemq] [d0e8277a] INFO  - [HiveMQ Platform Operator Init App 1.7.0-SNAPSHOT] Successfully updated Pod HiveMQ Platform Operator Init App version annotation (version: 1.7.0-SNAPSHOT)
2025-01-29 22:16:21,774 INFO c.h.h.t.HelmChartContainer - [EVENT] Warning [Unhealthy] Readiness probe failed: HTTP probe failed with statuscode: 503 [helmcustomsecretconfigit:test-hivemq-platform-1]
2025-01-29 22:16:21,774 INFO c.h.h.t.HelmChartContainer - Received Unhealthy event for container hivemq in pod test-hivemq-platform-1 [d0e8277a-eaf3-4dc5-af2d-68c0fb5dadac]
2025-01-29 22:16:26,751 INFO c.h.h.t.HelmChartContainer - [test-hivemq-platform] [hivemq] [d0e8277a] WARN  - [HiveMQ Platform Operator Init App 1.7.0-SNAPSHOT] Cannot connect to Health API for readiness: null
2025-01-29 22:16:26,755 INFO c.h.h.t.HelmChartContainer - [EVENT] Warning [Unhealthy] Readiness probe failed: HTTP probe failed with statuscode: 503 [helmcustomsecretconfigit:test-hivemq-platform-1]
2025-01-29 22:16:26,755 INFO c.h.h.t.HelmChartContainer - Received Unhealthy event for container hivemq in pod test-hivemq-platform-1 [d0e8277a-eaf3-4dc5-af2d-68c0fb5dadac]
2025-01-29 22:16:31,752 INFO c.h.h.t.HelmChartContainer - [test-hivemq-platform] [hivemq] [d0e8277a] WARN  - [HiveMQ Platform Operator Init App 1.7.0-SNAPSHOT] Cannot connect to Health API for readiness: null
2025-01-29 22:16:31,758 INFO c.h.h.t.HelmChartContainer - [EVENT] Warning [Unhealthy] Readiness probe failed: HTTP probe failed with statuscode: 503 [helmcustomsecretconfigit:test-hivemq-platform-1]
2025-01-29 22:16:31,758 INFO c.h.h.t.HelmChartContainer - Received Unhealthy event for container hivemq in pod test-hivemq-platform-1 [d0e8277a-eaf3-4dc5-af2d-68c0fb5dadac]
2025-01-29 22:16:31,762 INFO c.h.h.t.HelmChartContainer - [hivemq-test-hivemq-platform] [hivemq-platform-operator] [9b99058d] 22:16:31.761 [pool-6-thread-30] DEBUG c.h.p.o.d.PlatformServiceResource - [helmcust] Desired Platform services (3 services)
2025-01-29 22:16:31,767 INFO c.h.h.t.HelmChartContainer - [hivemq-test-hivemq-platform] [hivemq-platform-operator] [9b99058d] 22:16:31.763 [pool-6-thread-21] DEBUG c.h.p.o.dependants.PodInfoConfigMap - [helmcust] Desired PodInfo ConfigMap (1 extensions) (1 enabled)
2025-01-29 22:16:31,767 INFO c.h.h.t.HelmChartContainer - [hivemq-test-hivemq-platform] [hivemq-platform-operator] [9b99058d] 22:16:31.763 [pool-6-thread-21] DEBUG c.h.p.o.dependants.PodInfoConfigMap - [helmcust] Desired PodInfo ConfigMap (metrics port: 9399) (metrics path: /)
2025-01-29 22:16:31,767 INFO c.h.h.t.HelmChartContainer - [hivemq-test-hivemq-platform] [hivemq-platform-operator] [9b99058d] 22:16:31.763 [pool-6-thread-21] DEBUG c.h.p.o.dependants.PodInfoConfigMap - [helmcust] Desired PodInfo ConfigMap (extension state hash: -1817474005)
2025-01-29 22:16:31,768 INFO c.h.h.t.HelmChartContainer - [hivemq-test-hivemq-platform] [hivemq-platform-operator] [9b99058d] 22:16:31.766 [pool-6-thread-21] DEBUG c.h.p.o.d.PodServiceAccountResource - [helmcust] Desired PodServiceAccountResource (serviceAccountName: hivemq-platform-pod-test-hivemq-platform)
2025-01-29 22:16:31,769 INFO c.h.h.t.HelmChartContainer - [hivemq-test-hivemq-platform] [hivemq-platform-operator] [9b99058d] 22:16:31.767 [pool-6-thread-22] DEBUG c.h.p.o.d.StatefulSetResource - [helmcust] Desired StatefulSet (2 replicas) for status STARTING (READY)
2025-01-29 22:16:31,773 INFO c.h.h.t.HelmChartContainer - [hivemq-test-hivemq-platform] [hivemq-platform-operator] [9b99058d] 22:16:31.770 [ReconcilerExecutor-hivemq-controller-121] INFO  c.h.p.o.HiveMQPlatformReconciler - [helmcust] Reconciling HiveMQ Platform 'test-hivemq-platform' in namespace 'helmcustomsecretconfigit'
2025-01-29 22:16:31,773 INFO c.h.h.t.HelmChartContainer - [hivemq-test-hivemq-platform] [hivemq-platform-operator] [9b99058d] 22:16:31.770 [ReconcilerExecutor-hivemq-controller-121] DEBUG c.h.p.o.HiveMQPlatformReconciler - [helmcust] Custom Resource Status STARTING - HiveMQ Platform is starting (READY)
2025-01-29 22:16:31,774 INFO c.h.h.t.HelmChartContainer - [hivemq-test-hivemq-platform] [hivemq-platform-operator] [9b99058d] 22:16:31.770 [ReconcilerExecutor-hivemq-controller-121] DEBUG c.h.p.o.HiveMQPlatformReconciler - [helmcust] Custom Resource Spec (replicas: 2) (extensions: 1)
2025-01-29 22:16:31,774 INFO c.h.h.t.HelmChartContainer - [hivemq-test-hivemq-platform] [hivemq-platform-operator] [9b99058d] 22:16:31.771 [ReconcilerExecutor-hivemq-controller-121] DEBUG c.h.p.o.HiveMQPlatformReconciler - [helmcust] StatefulSet Status (revision: test-hivemq-platform-65cfcbfbf9, replicas: 2, available: 1, ready: 1, current: 2, updated: 2)
2025-01-29 22:16:31,774 INFO c.h.h.t.HelmChartContainer - [hivemq-test-hivemq-platform] [hivemq-platform-operator] [9b99058d] 22:16:31.772 [ReconcilerExecutor-hivemq-controller-121] DEBUG c.h.p.o.HiveMQPlatformReconciler - [helmcust] StatefulSet Spec (replicas: 2, init containers: 1, containers: 1, volumes: 3)
2025-01-29 22:16:31,775 INFO c.h.h.t.HelmChartContainer - [hivemq-test-hivemq-platform] [hivemq-platform-operator] [9b99058d] 22:16:31.773 [ReconcilerExecutor-hivemq-controller-121] DEBUG c.h.p.o.h.HiveMQPlatformReconcilerErrorHandler - [helmcust] Pod 'test-hivemq-platform-1' phase Running
2025-01-29 22:16:31,776 INFO c.h.h.t.HelmChartContainer - [hivemq-test-hivemq-platform] [hivemq-platform-operator] [9b99058d] 22:16:31.775 [ReconcilerExecutor-hivemq-controller-121] DEBUG c.h.p.o.h.HiveMQPlatformReconcilerErrorHandler - [helmcust] Pod 'test-hivemq-platform-0' phase Running
2025-01-29 22:16:31,777 INFO c.h.h.t.HelmChartContainer - [hivemq-test-hivemq-platform] [hivemq-platform-operator] [9b99058d] 22:16:31.776 [ReconcilerExecutor-hivemq-controller-121] INFO  c.h.p.o.h.HiveMQPlatformReconcilerBaseHandler - [helmcust] HiveMQ Platform is starting, 1 of 2 replicas are ready
2025-01-29 22:16:32,874 INFO c.h.h.t.HelmChartContainer - [test-hivemq-platform] [hivemq] [d0e8277a] INFO  - No valid license file found. Using trial license, restricted to 25 connections.
2025-01-29 22:16:34,151 INFO c.h.h.t.HelmChartContainer - [test-hivemq-platform] [hivemq] [d0e8277a] WARN  - [HiveMQ Platform Operator Init App 1.7.0-SNAPSHOT] Cannot connect to Health API for liveness: null
2025-01-29 22:16:34,152 INFO c.h.h.t.HelmChartContainer - [test-hivemq-platform] [hivemq] [d0e8277a] INFO  - [HiveMQ Platform Operator Init App 1.7.0-SNAPSHOT] Returning default Health API response 200 for liveness
2025-01-29 22:16:36,350 INFO c.h.h.t.HelmChartContainer - [test-hivemq-platform] [hivemq] [d0e8277a] INFO  - No valid license file for Data Hub found. Using free license, restricted to 1 policy.
2025-01-29 22:16:36,752 INFO c.h.h.t.HelmChartContainer - [test-hivemq-platform] [hivemq] [d0e8277a] WARN  - [HiveMQ Platform Operator Init App 1.7.0-SNAPSHOT] Cannot connect to Health API for readiness: null
2025-01-29 22:16:36,759 INFO c.h.h.t.HelmChartContainer - [EVENT] Warning [Unhealthy] Readiness probe failed: HTTP probe failed with statuscode: 503 [helmcustomsecretconfigit:test-hivemq-platform-1]
2025-01-29 22:16:36,760 INFO c.h.h.t.HelmChartContainer - Received Unhealthy event for container hivemq in pod test-hivemq-platform-1 [d0e8277a-eaf3-4dc5-af2d-68c0fb5dadac]
2025-01-29 22:16:37,547 INFO c.h.h.t.HelmChartContainer - [test-hivemq-platform] [hivemq] [d0e8277a] INFO  - Audit Logger started.
2025-01-29 22:16:37,790 INFO c.h.h.t.HelmChartContainer - [test-hivemq-platform] [hivemq] [d0e8277a] INFO  - This node uses '1' CPU cores.
2025-01-29 22:16:37,811 INFO c.h.h.t.HelmChartContainer - [test-hivemq-platform] [hivemq] [d0e8277a] INFO  - Starting HiveMQ Health API on address 0.0.0.0 and port 8889
2025-01-29 22:16:38,660 INFO c.h.h.t.HelmChartContainer - [test-hivemq-platform] [hivemq] [d0e8277a] INFO  - Started HiveMQ Health API in 849ms
2025-01-29 22:16:39,262 INFO c.h.h.t.HelmChartContainer - [test-hivemq-platform] [hivemq] [d0e8277a] INFO  - Starting HiveMQ extension system.
2025-01-29 22:16:39,508 INFO c.h.h.t.HelmChartContainer - [test-hivemq-platform] [hivemq] [d0e8277a] INFO  - Starting extension with id "hivemq-dns-cluster-discovery" at /opt/hivemq/extensions/hivemq-dns-cluster-discovery
2025-01-29 22:16:40,051 INFO c.h.h.t.HelmChartContainer - [test-hivemq-platform] [hivemq] [d0e8277a] INFO  - Extension "DNS Cluster Discovery Extension" version 4.3.2 started successfully.
2025-01-29 22:16:40,052 INFO c.h.h.t.HelmChartContainer - [test-hivemq-platform] [hivemq] [d0e8277a] INFO  - Starting extension with id "hivemq-prometheus-extension" at /opt/hivemq/extensions/hivemq-prometheus-extension
2025-01-29 22:16:40,108 INFO c.h.h.t.HelmChartContainer - [test-hivemq-platform] [hivemq] [d0e8277a] INFO  - Using TCP cluster transport on address 10.42.0.15 and port 7000
2025-01-29 22:16:40,154 INFO c.h.h.t.HelmChartContainer - [test-hivemq-platform] [hivemq] [d0e8277a] INFO  - Using extension cluster discovery
2025-01-29 22:16:41,061 INFO c.h.h.t.HelmChartContainer - [test-hivemq-platform] [hivemq] [d0e8277a] INFO  - Started Jetty Server exposing Prometheus Servlet on URI http://0.0.0.0:9399/
2025-01-29 22:16:41,061 INFO c.h.h.t.HelmChartContainer - [test-hivemq-platform] [hivemq] [d0e8277a] INFO  - Extension "Prometheus Monitoring Extension" version 4.0.12 started successfully.
2025-01-29 22:16:41,107 INFO c.h.h.t.HelmChartContainer - [test-hivemq-platform] [hivemq] [d0e8277a] INFO  - Starting extension with id "hivemq-allow-all-extension" at /opt/hivemq/extensions/hivemq-allow-all-extension
2025-01-29 22:16:41,107 INFO c.h.h.t.HelmChartContainer - [test-hivemq-platform] [hivemq] [d0e8277a] WARN  - 
2025-01-29 22:16:41,107 INFO c.h.h.t.HelmChartContainer - [test-hivemq-platform] [hivemq] [d0e8277a] ################################################################################################################
2025-01-29 22:16:41,107 INFO c.h.h.t.HelmChartContainer - [test-hivemq-platform] [hivemq] [d0e8277a] # This HiveMQ deployment is not secure! You are lacking Authentication and Authorization.                      #
2025-01-29 22:16:41,107 INFO c.h.h.t.HelmChartContainer - [test-hivemq-platform] [hivemq] [d0e8277a] # Right now any MQTT client can connect to the broker with a full set of permissions.                          #
2025-01-29 22:16:41,107 INFO c.h.h.t.HelmChartContainer - [test-hivemq-platform] [hivemq] [d0e8277a] # For production usage, add an appropriate security extension and remove the hivemq-allow-all extension.       #
2025-01-29 22:16:41,107 INFO c.h.h.t.HelmChartContainer - [test-hivemq-platform] [hivemq] [d0e8277a] # You can download security extensions from the HiveMQ Marketplace (https://www.hivemq.com/extensions/).       #
2025-01-29 22:16:41,107 INFO c.h.h.t.HelmChartContainer - [test-hivemq-platform] [hivemq] [d0e8277a] ################################################################################################################
2025-01-29 22:16:41,148 INFO c.h.h.t.HelmChartContainer - [test-hivemq-platform] [hivemq] [d0e8277a] INFO  - Extension "Allow All Extension" version 1.1.1 started successfully.
2025-01-29 22:16:41,213 INFO c.h.h.t.HelmChartContainer - [test-hivemq-platform] [hivemq] [8f49760f] INFO  - Cluster nodes found by discovery: [6rPmN|1] (2) [6rPmN, lwvl3].
2025-01-29 22:16:41,259 INFO c.h.h.t.HelmChartContainer - [test-hivemq-platform] [hivemq] [d0e8277a] INFO  - Cluster nodes found by discovery: [6rPmN|1] (2) [6rPmN, lwvl3].
2025-01-29 22:16:41,407 INFO c.h.h.t.HelmChartContainer - [test-hivemq-platform] [hivemq] [d0e8277a] INFO  - Cluster size = 1, members : [6rPmN].
2025-01-29 22:16:41,781 INFO c.h.h.t.HelmChartContainer - [hivemq-test-hivemq-platform] [hivemq-platform-operator] [9b99058d] 22:16:41.779 [pool-6-thread-38] DEBUG c.h.p.o.d.PlatformServiceResource - [helmcust] Desired Platform services (3 services)
2025-01-29 22:16:41,781 INFO c.h.h.t.HelmChartContainer - [hivemq-test-hivemq-platform] [hivemq-platform-operator] [9b99058d] 22:16:41.779 [pool-6-thread-37] DEBUG c.h.p.o.dependants.PodInfoConfigMap - [helmcust] Desired PodInfo ConfigMap (1 extensions) (1 enabled)
2025-01-29 22:16:41,782 INFO c.h.h.t.HelmChartContainer - [hivemq-test-hivemq-platform] [hivemq-platform-operator] [9b99058d] 22:16:41.780 [pool-6-thread-37] DEBUG c.h.p.o.dependants.PodInfoConfigMap - [helmcust] Desired PodInfo ConfigMap (metrics port: 9399) (metrics path: /)
2025-01-29 22:16:41,782 INFO c.h.h.t.HelmChartContainer - [hivemq-test-hivemq-platform] [hivemq-platform-operator] [9b99058d] 22:16:41.780 [pool-6-thread-37] DEBUG c.h.p.o.dependants.PodInfoConfigMap - [helmcust] Desired PodInfo ConfigMap (extension state hash: -1817474005)
2025-01-29 22:16:41,783 INFO c.h.h.t.HelmChartContainer - [hivemq-test-hivemq-platform] [hivemq-platform-operator] [9b99058d] 22:16:41.780 [pool-6-thread-34] DEBUG c.h.p.o.d.PodServiceAccountResource - [helmcust] Desired PodServiceAccountResource (serviceAccountName: hivemq-platform-pod-test-hivemq-platform)
2025-01-29 22:16:41,788 INFO c.h.h.t.HelmChartContainer - [hivemq-test-hivemq-platform] [hivemq-platform-operator] [9b99058d] 22:16:41.786 [pool-6-thread-38] DEBUG c.h.p.o.d.StatefulSetResource - [helmcust] Desired StatefulSet (2 replicas) for status STARTING (READY)
2025-01-29 22:16:41,792 INFO c.h.h.t.HelmChartContainer - [hivemq-test-hivemq-platform] [hivemq-platform-operator] [9b99058d] 22:16:41.790 [ReconcilerExecutor-hivemq-controller-122] INFO  c.h.p.o.HiveMQPlatformReconciler - [helmcust] Reconciling HiveMQ Platform 'test-hivemq-platform' in namespace 'helmcustomsecretconfigit'
2025-01-29 22:16:41,793 INFO c.h.h.t.HelmChartContainer - [hivemq-test-hivemq-platform] [hivemq-platform-operator] [9b99058d] 22:16:41.790 [ReconcilerExecutor-hivemq-controller-122] DEBUG c.h.p.o.HiveMQPlatformReconciler - [helmcust] Custom Resource Status STARTING - HiveMQ Platform is starting (READY)
2025-01-29 22:16:41,793 INFO c.h.h.t.HelmChartContainer - [hivemq-test-hivemq-platform] [hivemq-platform-operator] [9b99058d] 22:16:41.790 [ReconcilerExecutor-hivemq-controller-122] DEBUG c.h.p.o.HiveMQPlatformReconciler - [helmcust] Custom Resource Spec (replicas: 2) (extensions: 1)
2025-01-29 22:16:41,793 INFO c.h.h.t.HelmChartContainer - [hivemq-test-hivemq-platform] [hivemq-platform-operator] [9b99058d] 22:16:41.791 [ReconcilerExecutor-hivemq-controller-122] DEBUG c.h.p.o.HiveMQPlatformReconciler - [helmcust] StatefulSet Status (revision: test-hivemq-platform-65cfcbfbf9, replicas: 2, available: 1, ready: 1, current: 2, updated: 2)
2025-01-29 22:16:41,794 INFO c.h.h.t.HelmChartContainer - [hivemq-test-hivemq-platform] [hivemq-platform-operator] [9b99058d] 22:16:41.791 [ReconcilerExecutor-hivemq-controller-122] DEBUG c.h.p.o.HiveMQPlatformReconciler - [helmcust] StatefulSet Spec (replicas: 2, init containers: 1, containers: 1, volumes: 3)
2025-01-29 22:16:41,794 INFO c.h.h.t.HelmChartContainer - [hivemq-test-hivemq-platform] [hivemq-platform-operator] [9b99058d] 22:16:41.792 [ReconcilerExecutor-hivemq-controller-122] DEBUG c.h.p.o.h.HiveMQPlatformReconcilerErrorHandler - [helmcust] Pod 'test-hivemq-platform-1' phase Running
2025-01-29 22:16:41,796 INFO c.h.h.t.HelmChartContainer - [hivemq-test-hivemq-platform] [hivemq-platform-operator] [9b99058d] 22:16:41.794 [ReconcilerExecutor-hivemq-controller-122] DEBUG c.h.p.o.h.HiveMQPlatformReconcilerErrorHandler - [helmcust] Pod 'test-hivemq-platform-0' phase Running
2025-01-29 22:16:41,796 INFO c.h.h.t.HelmChartContainer - [hivemq-test-hivemq-platform] [hivemq-platform-operator] [9b99058d] 22:16:41.795 [ReconcilerExecutor-hivemq-controller-122] INFO  c.h.p.o.h.HiveMQPlatformReconcilerBaseHandler - [helmcust] HiveMQ Platform is starting, 1 of 2 replicas are ready
2025-01-29 22:16:42,054 INFO c.h.h.t.HelmChartContainer - [test-hivemq-platform] [hivemq] [d0e8277a] INFO  - Starting cluster join process. This may take a while. Please do not shut down HiveMQ.
2025-01-29 22:16:42,058 INFO c.h.h.t.HelmChartContainer - [test-hivemq-platform] [hivemq] [d0e8277a] INFO  - Cluster join process is still ongoing. Please do not shut down HiveMQ.
2025-01-29 22:16:42,454 INFO c.h.h.t.HelmChartContainer - [test-hivemq-platform] [hivemq] [d0e8277a] INFO  - [HiveMQ Platform Operator Init App 1.7.0-SNAPSHOT] Returning Health API response 503 for readiness
2025-01-29 22:16:42,467 INFO c.h.h.t.HelmChartContainer - [EVENT] Warning [Unhealthy] Readiness probe failed: HTTP probe failed with statuscode: 503 [helmcustomsecretconfigit:test-hivemq-platform-1]
2025-01-29 22:16:42,467 INFO c.h.h.t.HelmChartContainer - Received Unhealthy event for container hivemq in pod test-hivemq-platform-1 [d0e8277a-eaf3-4dc5-af2d-68c0fb5dadac]
2025-01-29 22:16:44,067 INFO c.h.h.t.HelmChartContainer - [test-hivemq-platform] [hivemq] [8f49760f] INFO  - Cluster size = 2, members : [6rPmN, lwvl3].
2025-01-29 22:16:44,077 INFO c.h.h.t.HelmChartContainer - [test-hivemq-platform] [hivemq] [d0e8277a] INFO  - Cluster size = 2, members : [6rPmN, lwvl3].
2025-01-29 22:16:44,084 INFO c.h.h.t.HelmChartContainer - [test-hivemq-platform] [hivemq] [d0e8277a] INFO  - Finished cluster join process successfully.
2025-01-29 22:16:44,086 INFO c.h.h.t.HelmChartContainer - [test-hivemq-platform] [hivemq] [d0e8277a] WARN  - No user for HiveMQ Control Center configured. Starting with default user
2025-01-29 22:16:44,086 INFO c.h.h.t.HelmChartContainer - [test-hivemq-platform] [hivemq] [d0e8277a] INFO  - Starting HiveMQ Control Center on address 0.0.0.0 and port 8080
2025-01-29 22:16:44,089 INFO c.h.h.t.HelmChartContainer - [test-hivemq-platform] [hivemq] [d0e8277a] INFO  - Mounting HiveMQ Control Center V2 Preview
2025-01-29 22:16:44,750 INFO c.h.h.t.HelmChartContainer - [test-hivemq-platform] [hivemq] [d0e8277a] INFO  - Started HiveMQ Control Center in 664ms
2025-01-29 22:16:44,765 INFO c.h.h.t.HelmChartContainer - [test-hivemq-platform] [hivemq] [d0e8277a] INFO  - Starting TCP listener on address 0.0.0.0 and port 1883
2025-01-29 22:16:44,848 INFO c.h.h.t.HelmChartContainer - [test-hivemq-platform] [hivemq] [d0e8277a] INFO  - Started TCP Listener on address 0.0.0.0 and on port 1883.
2025-01-29 22:16:44,848 INFO c.h.h.t.HelmChartContainer - [test-hivemq-platform] [hivemq] [d0e8277a] INFO  - Started HiveMQ in 31697ms
2025-01-29 22:16:45,741 INFO c.h.h.t.HelmChartContainer - [K3S] [INFO] COMPACT compactRev=0 targetCompactRev=2 currentRev=1685
2025-01-29 22:16:45,742 INFO c.h.h.t.HelmChartContainer - [K3S] [INFO] COMPACT deleted 0 rows from 2 revisions in 609.09µs - compacted to 2/1685
2025-01-29 22:16:45,742 INFO c.h.h.t.HelmChartContainer - [K3S] [INFO] COMPACT compacted from 0 to 2 in 1 transactions over 1ms
2025-01-29 22:16:46,678 INFO c.h.h.t.HelmChartContainer - [test-hivemq-platform] [hivemq] [d0e8277a] INFO  - [HiveMQ Platform Operator Init App 1.7.0-SNAPSHOT] Returning Health API response 200 for readiness
2025-01-29 22:16:46,690 INFO c.h.h.t.HelmChartContainer - [POD] test-hivemq-platform-1 [d0e8277a-eaf3-4dc5-af2d-68c0fb5dadac] in helmcustomsecretconfigit was MODIFIED
2025-01-29 22:16:46,700 INFO c.h.h.t.HelmChartContainer - [hivemq-test-hivemq-platform] [hivemq-platform-operator] [9b99058d] 22:16:46.695 [pool-6-thread-42] DEBUG c.h.p.o.d.PlatformServiceResource - [helmcust] Desired Platform services (3 services)
2025-01-29 22:16:46,705 INFO c.h.h.t.HelmChartContainer - [hivemq-test-hivemq-platform] [hivemq-platform-operator] [9b99058d] 22:16:46.696 [pool-6-thread-41] DEBUG c.h.p.o.dependants.PodInfoConfigMap - [helmcust] Desired PodInfo ConfigMap (1 extensions) (1 enabled)
2025-01-29 22:16:46,705 INFO c.h.h.t.HelmChartContainer - [hivemq-test-hivemq-platform] [hivemq-platform-operator] [9b99058d] 22:16:46.696 [pool-6-thread-41] DEBUG c.h.p.o.dependants.PodInfoConfigMap - [helmcust] Desired PodInfo ConfigMap (metrics port: 9399) (metrics path: /)
2025-01-29 22:16:46,705 INFO c.h.h.t.HelmChartContainer - [hivemq-test-hivemq-platform] [hivemq-platform-operator] [9b99058d] 22:16:46.696 [pool-6-thread-41] DEBUG c.h.p.o.dependants.PodInfoConfigMap - [helmcust] Desired PodInfo ConfigMap (extension state hash: -1817474005)
2025-01-29 22:16:46,705 INFO c.h.h.t.HelmChartContainer - [hivemq-test-hivemq-platform] [hivemq-platform-operator] [9b99058d] 22:16:46.698 [pool-6-thread-41] DEBUG c.h.p.o.d.PodServiceAccountResource - [helmcust] Desired PodServiceAccountResource (serviceAccountName: hivemq-platform-pod-test-hivemq-platform)
2025-01-29 22:16:46,708 INFO c.h.h.t.HelmChartContainer - [hivemq-test-hivemq-platform] [hivemq-platform-operator] [9b99058d] 22:16:46.703 [pool-6-thread-42] DEBUG c.h.p.o.d.StatefulSetResource - [helmcust] Desired StatefulSet (2 replicas) for status STARTING (READY)
2025-01-29 22:16:46,713 INFO c.h.h.t.HelmChartContainer - [hivemq-test-hivemq-platform] [hivemq-platform-operator] [9b99058d] 22:16:46.707 [ReconcilerExecutor-hivemq-controller-123] INFO  c.h.p.o.HiveMQPlatformReconciler - [helmcust] Reconciling HiveMQ Platform 'test-hivemq-platform' in namespace 'helmcustomsecretconfigit'
2025-01-29 22:16:46,713 INFO c.h.h.t.HelmChartContainer - [hivemq-test-hivemq-platform] [hivemq-platform-operator] [9b99058d] 22:16:46.707 [ReconcilerExecutor-hivemq-controller-123] DEBUG c.h.p.o.HiveMQPlatformReconciler - [helmcust] Custom Resource Status STARTING - HiveMQ Platform is starting (READY)
2025-01-29 22:16:46,713 INFO c.h.h.t.HelmChartContainer - [hivemq-test-hivemq-platform] [hivemq-platform-operator] [9b99058d] 22:16:46.707 [ReconcilerExecutor-hivemq-controller-123] DEBUG c.h.p.o.HiveMQPlatformReconciler - [helmcust] Custom Resource Spec (replicas: 2) (extensions: 1)
2025-01-29 22:16:46,713 INFO c.h.h.t.HelmChartContainer - [hivemq-test-hivemq-platform] [hivemq-platform-operator] [9b99058d] 22:16:46.709 [ReconcilerExecutor-hivemq-controller-123] DEBUG c.h.p.o.HiveMQPlatformReconciler - [helmcust] StatefulSet Status (revision: test-hivemq-platform-65cfcbfbf9, replicas: 2, available: 1, ready: 1, current: 2, updated: 2)
2025-01-29 22:16:46,713 INFO c.h.h.t.HelmChartContainer - [hivemq-test-hivemq-platform] [hivemq-platform-operator] [9b99058d] 22:16:46.709 [ReconcilerExecutor-hivemq-controller-123] DEBUG c.h.p.o.HiveMQPlatformReconciler - [helmcust] StatefulSet Spec (replicas: 2, init containers: 1, containers: 1, volumes: 3)
2025-01-29 22:16:46,717 INFO c.h.h.t.HelmChartContainer - [hivemq-test-hivemq-platform] [hivemq-platform-operator] [9b99058d] 22:16:46.715 [ReconcilerExecutor-hivemq-controller-123] DEBUG c.h.p.o.h.HiveMQPlatformReconcilerErrorHandler - [helmcust] Pod 'test-hivemq-platform-1' phase Running
2025-01-29 22:16:46,718 INFO c.h.h.t.HelmChartContainer - [hivemq-test-hivemq-platform] [hivemq-platform-operator] [9b99058d] 22:16:46.716 [ReconcilerExecutor-hivemq-controller-123] DEBUG c.h.p.o.h.HiveMQPlatformReconcilerErrorHandler - [helmcust] Pod 'test-hivemq-platform-0' phase Running
2025-01-29 22:16:46,718 INFO c.h.h.t.HelmChartContainer - [hivemq-test-hivemq-platform] [hivemq-platform-operator] [9b99058d] 22:16:46.717 [ReconcilerExecutor-hivemq-controller-123] INFO  c.h.p.o.h.HiveMQPlatformReconcilerBaseHandler - [helmcust] HiveMQ Platform is starting, 1 of 2 replicas are ready
2025-01-29 22:16:46,755 INFO c.h.h.t.HelmChartContainer - [hivemq-test-hivemq-platform] [hivemq-platform-operator] [9b99058d] 22:16:46.751 [pool-6-thread-8] DEBUG c.h.p.o.d.PodServiceAccountResource - [helmcust] Desired PodServiceAccountResource (serviceAccountName: hivemq-platform-pod-test-hivemq-platform)
2025-01-29 22:16:46,755 INFO c.h.h.t.HelmChartContainer - [hivemq-test-hivemq-platform] [hivemq-platform-operator] [9b99058d] 22:16:46.751 [pool-6-thread-3] DEBUG c.h.p.o.d.PlatformServiceResource - [helmcust] Desired Platform services (3 services)
2025-01-29 22:16:46,756 INFO c.h.h.t.HelmChartContainer - [hivemq-test-hivemq-platform] [hivemq-platform-operator] [9b99058d] 22:16:46.753 [pool-6-thread-10] DEBUG c.h.p.o.dependants.PodInfoConfigMap - [helmcust] Desired PodInfo ConfigMap (1 extensions) (1 enabled)
2025-01-29 22:16:46,756 INFO c.h.h.t.HelmChartContainer - [hivemq-test-hivemq-platform] [hivemq-platform-operator] [9b99058d] 22:16:46.753 [pool-6-thread-10] DEBUG c.h.p.o.dependants.PodInfoConfigMap - [helmcust] Desired PodInfo ConfigMap (metrics port: 9399) (metrics path: /)
2025-01-29 22:16:46,756 INFO c.h.h.t.HelmChartContainer - [hivemq-test-hivemq-platform] [hivemq-platform-operator] [9b99058d] 22:16:46.753 [pool-6-thread-10] DEBUG c.h.p.o.dependants.PodInfoConfigMap - [helmcust] Desired PodInfo ConfigMap (extension state hash: -1817474005)
2025-01-29 22:16:46,761 INFO c.h.h.t.HelmChartContainer - [hivemq-test-hivemq-platform] [hivemq-platform-operator] [9b99058d] 22:16:46.758 [pool-6-thread-3] DEBUG c.h.p.o.d.StatefulSetResource - [helmcust] Desired StatefulSet (2 replicas) for status STARTING (READY)
2025-01-29 22:16:46,763 INFO c.h.h.t.HelmChartContainer - [hivemq-test-hivemq-platform] [hivemq-platform-operator] [9b99058d] 22:16:46.761 [ReconcilerExecutor-hivemq-controller-124] INFO  c.h.p.o.HiveMQPlatformReconciler - [helmcust] Reconciling HiveMQ Platform 'test-hivemq-platform' in namespace 'helmcustomsecretconfigit'
2025-01-29 22:16:46,763 INFO c.h.h.t.HelmChartContainer - [hivemq-test-hivemq-platform] [hivemq-platform-operator] [9b99058d] 22:16:46.762 [ReconcilerExecutor-hivemq-controller-124] DEBUG c.h.p.o.HiveMQPlatformReconciler - [helmcust] Custom Resource Status STARTING - HiveMQ Platform is starting (READY)
2025-01-29 22:16:46,763 INFO c.h.h.t.HelmChartContainer - [hivemq-test-hivemq-platform] [hivemq-platform-operator] [9b99058d] 22:16:46.762 [ReconcilerExecutor-hivemq-controller-124] DEBUG c.h.p.o.HiveMQPlatformReconciler - [helmcust] Custom Resource Spec (replicas: 2) (extensions: 1)
2025-01-29 22:16:46,765 INFO c.h.h.t.HelmChartContainer - [hivemq-test-hivemq-platform] [hivemq-platform-operator] [9b99058d] 22:16:46.763 [ReconcilerExecutor-hivemq-controller-124] DEBUG c.h.p.o.HiveMQPlatformReconciler - [helmcust] StatefulSet Status (revision: test-hivemq-platform-65cfcbfbf9, replicas: 2, available: 2, ready: 2, current: 2, updated: 2)
2025-01-29 22:16:46,765 INFO c.h.h.t.HelmChartContainer - [hivemq-test-hivemq-platform] [hivemq-platform-operator] [9b99058d] 22:16:46.763 [ReconcilerExecutor-hivemq-controller-124] DEBUG c.h.p.o.HiveMQPlatformReconciler - [helmcust] StatefulSet Spec (replicas: 2, init containers: 1, containers: 1, volumes: 3)
2025-01-29 22:16:46,766 INFO c.h.h.t.HelmChartContainer - [hivemq-test-hivemq-platform] [hivemq-platform-operator] [9b99058d] 22:16:46.764 [ReconcilerExecutor-hivemq-controller-124] DEBUG c.h.p.o.h.HiveMQPlatformReconcilerErrorHandler - [helmcust] Pod 'test-hivemq-platform-1' phase Running
2025-01-29 22:16:46,767 INFO c.h.h.t.HelmChartContainer - [hivemq-test-hivemq-platform] [hivemq-platform-operator] [9b99058d] 22:16:46.765 [ReconcilerExecutor-hivemq-controller-124] DEBUG c.h.p.o.h.HiveMQPlatformReconcilerErrorHandler - [helmcust] Pod 'test-hivemq-platform-0' phase Running
2025-01-29 22:16:46,767 INFO c.h.h.t.HelmChartContainer - [hivemq-test-hivemq-platform] [hivemq-platform-operator] [9b99058d] 22:16:46.766 [ReconcilerExecutor-hivemq-controller-124] INFO  c.h.p.o.h.HiveMQPlatformReconcilerBaseHandler - [helmcust] HiveMQ Platform started successfully
2025-01-29 22:16:46,875 INFO c.h.h.t.HelmChartContainer - [hivemq-test-hivemq-platform] [hivemq-platform-operator] [9b99058d] 22:16:46.874 [ReconcilerExecutor-hivemq-controller-124] DEBUG c.h.p.operator.event.EventSender - [helmcust] Creating K8s event hivemq-platform-ready: [Ready] HiveMQ Platform is ready
2025-01-29 22:16:46,878 INFO c.h.h.t.HelmChartContainer - [EVENT] Normal [Ready] HiveMQ Platform is ready [helmcustomsecretconfigit:test-hivemq-platform]
2025-01-29 22:16:46,953 INFO c.h.h.t.HelmChartContainer - [hivemq-test-hivemq-platform] [hivemq-platform-operator] [9b99058d] 22:16:46.951 [ReconcilerExecutor-hivemq-controller-124] INFO  c.h.p.o.h.AbstractHiveMQReconcilerStateHandler - [helmcust] Update HiveMQ Platform Status (STARTING [READY] -> RUNNING [READY]): HiveMQ Platform is ready
2025-01-29 22:16:46,961 DEBUG com.hivemq.helmcharts.util.K8sUtil - Comparing actual state 'RUNNING' and waiting for 'RUNNING'
2025-01-29 22:16:48,997 INFO c.h.h.t.HelmChartContainer - Uninstalling release 'test-hivemq-platform' in namespace 'helmcustomsecretconfigit'...
2025-01-29 22:16:48,997 DEBUG c.h.h.t.HelmChartContainer - Executing helm command: /bin/helm --kubeconfig /etc/rancher/k3s/k3s.yaml uninstall test-hivemq-platform  --wait --timeout 5m0s --cascade foreground --namespace helmcustomsecretconfigit
2025-01-29 22:16:49,208 INFO c.h.h.t.HelmChartContainer - [hivemq-test-hivemq-platform] [hivemq-platform-operator] [9b99058d] 22:16:49.206 [ReconcilerExecutor-hivemq-controller-125] INFO  c.h.p.o.HiveMQPlatformReconciler - [helmcust] Cleanup test-hivemq-platform - helmcustomsecretconfigit HiveMQ Platform is shut down
2025-01-29 22:16:49,309 INFO c.h.h.t.HelmChartContainer - [test-hivemq-platform] [hivemq] [8f49760f] WARN  - [HiveMQ Platform Operator Init App 1.7.0-SNAPSHOT] Could not update Pod annotations: Failure executing: GET at: https://10.43.0.1:443/api/v1/namespaces/helmcustomsecretconfigit/pods/test-hivemq-platform-0. Message: pods "test-hivemq-platform-0" is forbidden: User "system:serviceaccount:helmcustomsecretconfigit:hivemq-platform-pod-test-hivemq-platform" cannot get resource "pods" in API group "" in the namespace "helmcustomsecretconfigit". Received status: Status(apiVersion=v1, code=403, details=StatusDetails(causes=[], group=null, kind=pods, name=test-hivemq-platform-0, retryAfterSeconds=null, uid=null, additionalProperties={}), kind=Status, message=pods "test-hivemq-platform-0" is forbidden: User "system:serviceaccount:helmcustomsecretconfigit:hivemq-platform-pod-test-hivemq-platform" cannot get resource "pods" in API group "" in the namespace "helmcustomsecretconfigit", metadata=ListMeta(_continue=null, remainingItemCount=null, resourceVersion=null, selfLink=null, additionalProperties={}), reason=Forbidden, status=Failure, additionalProperties={}).
2025-01-29 22:16:49,358 INFO c.h.h.t.HelmChartContainer - [K3S] [info.go:53] Couldn't collect info from any of the files in "/etc/machine-id,/var/lib/dbus/machine-id"
2025-01-29 22:16:49,966 INFO c.h.h.t.HelmChartContainer - [POD] test-hivemq-platform-0 [8f49760f-b412-4d7a-9519-ed05bed118fb] in helmcustomsecretconfigit was MODIFIED
2025-01-29 22:16:49,987 INFO c.h.h.t.HelmChartContainer - [test-hivemq-platform] [hivemq] [8f49760f] INFO  - [HiveMQ Platform Operator Init App 1.7.0-SNAPSHOT] Shutting down
2025-01-29 22:16:49,987 INFO c.h.h.t.HelmChartContainer - [test-hivemq-platform] [hivemq] [8f49760f] INFO  - [HiveMQ Platform Operator Init App 1.7.0-SNAPSHOT] Stopping the HiveMQ Platform
2025-01-29 22:16:49,988 INFO c.h.h.t.HelmChartContainer - [EVENT] Normal [Killing] Stopping container hivemq [helmcustomsecretconfigit:test-hivemq-platform-0]
2025-01-29 22:16:49,988 INFO c.h.h.t.HelmChartContainer - Received Killing event for container hivemq in pod test-hivemq-platform-0 [8f49760f-b412-4d7a-9519-ed05bed118fb]
2025-01-29 22:16:49,988 INFO c.h.h.t.HelmChartContainer - Container [test-hivemq-platform-0] [hivemq] [8f49760f-b412-4d7a-9519-ed05bed118fb] was terminated
2025-01-29 22:16:49,988 INFO c.h.h.t.HelmChartContainer - Stopped log watcher for hivemq in pod test-hivemq-platform-0 [8f49760f-b412-4d7a-9519-ed05bed118fb]
2025-01-29 22:16:50,001 INFO c.h.h.t.HelmChartContainer - [POD] test-hivemq-platform-1 [d0e8277a-eaf3-4dc5-af2d-68c0fb5dadac] in helmcustomsecretconfigit was MODIFIED
2025-01-29 22:16:50,017 INFO c.h.h.t.HelmChartContainer - [test-hivemq-platform] [hivemq] [d0e8277a] INFO  - [HiveMQ Platform Operator Init App 1.7.0-SNAPSHOT] Shutting down
2025-01-29 22:16:50,017 INFO c.h.h.t.HelmChartContainer - [test-hivemq-platform] [hivemq] [d0e8277a] INFO  - [HiveMQ Platform Operator Init App 1.7.0-SNAPSHOT] Stopping the HiveMQ Platform
2025-01-29 22:16:50,032 INFO c.h.h.t.HelmChartContainer - [EVENT] Normal [Killing] Stopping container hivemq [helmcustomsecretconfigit:test-hivemq-platform-1]
2025-01-29 22:16:50,033 INFO c.h.h.t.HelmChartContainer - Received Killing event for container hivemq in pod test-hivemq-platform-1 [d0e8277a-eaf3-4dc5-af2d-68c0fb5dadac]
2025-01-29 22:16:50,033 INFO c.h.h.t.HelmChartContainer - Container [test-hivemq-platform-1] [hivemq] [d0e8277a-eaf3-4dc5-af2d-68c0fb5dadac] was terminated
2025-01-29 22:16:50,033 INFO c.h.h.t.HelmChartContainer - Stopped log watcher for hivemq in pod test-hivemq-platform-1 [d0e8277a-eaf3-4dc5-af2d-68c0fb5dadac]
2025-01-29 22:16:50,100 INFO c.h.h.t.HelmChartContainer - [test-hivemq-platform] [hivemq] [8f49760f] INFO  - Shutting down HiveMQ. Please wait, this could take a while...
2025-01-29 22:16:50,148 INFO c.h.h.t.HelmChartContainer - [test-hivemq-platform] [hivemq] [d0e8277a] INFO  - Shutting down HiveMQ. Please wait, this could take a while...
2025-01-29 22:16:50,187 INFO c.h.h.t.HelmChartContainer - [test-hivemq-platform] [hivemq] [8f49760f] INFO  - Shutting down listeners and clients
2025-01-29 22:16:50,187 INFO c.h.h.t.HelmChartContainer - [test-hivemq-platform] [hivemq] [8f49760f] INFO  - Shutdown of listeners is done
2025-01-29 22:16:50,188 INFO c.h.h.t.HelmChartContainer - [test-hivemq-platform] [hivemq] [8f49760f] INFO  - No clients are connected, proceeding with shutdown
2025-01-29 22:16:50,207 INFO c.h.h.t.HelmChartContainer - [test-hivemq-platform] [hivemq] [d0e8277a] INFO  - Shutting down listeners and clients
2025-01-29 22:16:50,210 INFO c.h.h.t.HelmChartContainer - [test-hivemq-platform] [hivemq] [d0e8277a] INFO  - Shutdown of listeners is done
2025-01-29 22:16:50,211 INFO c.h.h.t.HelmChartContainer - [test-hivemq-platform] [hivemq] [d0e8277a] INFO  - No clients are connected, proceeding with shutdown
2025-01-29 22:16:51,244 INFO c.h.h.t.HelmChartContainer - Deleting namespace 'helmcustomsecretconfigit'...
2025-01-29 22:16:51,673 INFO c.h.h.t.HelmChartContainer - [test-hivemq-platform] [hivemq] [d0e8277a] INFO  - [HiveMQ Platform Operator Init App 1.7.0-SNAPSHOT] Returning shutdown Health API response 503 for readiness
2025-01-29 22:16:51,677 INFO c.h.h.t.HelmChartContainer - [EVENT] Warning [Unhealthy] Readiness probe failed: HTTP probe failed with statuscode: 503 [helmcustomsecretconfigit:test-hivemq-platform-1]
2025-01-29 22:16:51,678 INFO c.h.h.t.HelmChartContainer - Received Unhealthy event for container hivemq in pod test-hivemq-platform-1 [d0e8277a-eaf3-4dc5-af2d-68c0fb5dadac]
2025-01-29 22:16:52,166 INFO c.h.h.t.HelmChartContainer - [K3S] [authentication.go:74] "Unable to authenticate the request" err="[invalid bearer token, serviceaccounts \"hivemq-platform-pod-test-hivemq-platform\" not found]"
2025-01-29 22:16:52,185 INFO c.h.h.t.HelmChartContainer - [K3S] [authentication.go:74] "Unable to authenticate the request" err="[invalid bearer token, serviceaccounts \"hivemq-platform-pod-test-hivemq-platform\" not found]"
2025-01-29 22:16:52,249 INFO c.h.h.t.HelmChartContainer - [test-hivemq-platform] [hivemq] [d0e8277a] WARN  - [HiveMQ Platform Operator Init App 1.7.0-SNAPSHOT] Could not update Pod annotations: Failure executing: GET at: https://10.43.0.1:443/api/v1/namespaces/helmcustomsecretconfigit/pods/test-hivemq-platform-1. Message: Unauthorized. Received status: Status(apiVersion=v1, code=401, details=null, kind=Status, message=Unauthorized, metadata=ListMeta(_continue=null, remainingItemCount=null, resourceVersion=null, selfLink=null, additionalProperties={}), reason=Unauthorized, status=Failure, additionalProperties={}).
2025-01-29 22:16:52,355 INFO c.h.h.t.HelmChartContainer - [test-hivemq-platform] [hivemq] [d0e8277a] INFO  - Shutting down extension system
2025-01-29 22:16:52,362 INFO c.h.h.t.HelmChartContainer - [test-hivemq-platform] [hivemq] [d0e8277a] INFO  - Stopping extension with id hivemq-dns-cluster-discovery
2025-01-29 22:16:52,362 INFO c.h.h.t.HelmChartContainer - [test-hivemq-platform] [hivemq] [d0e8277a] INFO  - Extension "DNS Cluster Discovery Extension" version 4.3.2 stopped successfully.
2025-01-29 22:16:52,363 INFO c.h.h.t.HelmChartContainer - [test-hivemq-platform] [hivemq] [d0e8277a] INFO  - Stopping extension with id hivemq-prometheus-extension
2025-01-29 22:16:52,367 INFO c.h.h.t.HelmChartContainer - [test-hivemq-platform] [hivemq] [d0e8277a] INFO  - Extension "Prometheus Monitoring Extension" version 4.0.12 stopped successfully.
2025-01-29 22:16:52,368 INFO c.h.h.t.HelmChartContainer - [test-hivemq-platform] [hivemq] [d0e8277a] INFO  - Stopping extension with id hivemq-allow-all-extension
2025-01-29 22:16:52,368 INFO c.h.h.t.HelmChartContainer - [test-hivemq-platform] [hivemq] [d0e8277a] INFO  - Extension "Allow All Extension" version 1.1.1 stopped successfully.
2025-01-29 22:16:52,372 INFO c.h.h.t.HelmChartContainer - [test-hivemq-platform] [hivemq] [8f49760f] INFO  - Cluster nodes found by discovery: [6rPmN|2] (1) [6rPmN].
2025-01-29 22:16:52,381 INFO c.h.h.t.HelmChartContainer - [test-hivemq-platform] [hivemq] [8f49760f] INFO  - Cluster size = 1, members : [6rPmN].
2025-01-29 22:16:52,997 INFO c.h.h.t.HelmChartContainer - [test-hivemq-platform] [hivemq] [8f49760f] INFO  - Shutting down extension system
2025-01-29 22:16:52,998 INFO c.h.h.t.HelmChartContainer - [test-hivemq-platform] [hivemq] [8f49760f] INFO  - Stopping extension with id hivemq-dns-cluster-discovery
2025-01-29 22:16:52,999 INFO c.h.h.t.HelmChartContainer - [test-hivemq-platform] [hivemq] [8f49760f] INFO  - Extension "DNS Cluster Discovery Extension" version 4.3.2 stopped successfully.
2025-01-29 22:16:53,000 INFO c.h.h.t.HelmChartContainer - [test-hivemq-platform] [hivemq] [8f49760f] INFO  - Stopping extension with id hivemq-prometheus-extension
2025-01-29 22:16:53,008 INFO c.h.h.t.HelmChartContainer - [test-hivemq-platform] [hivemq] [8f49760f] INFO  - Extension "Prometheus Monitoring Extension" version 4.0.12 stopped successfully.
2025-01-29 22:16:53,008 INFO c.h.h.t.HelmChartContainer - [test-hivemq-platform] [hivemq] [8f49760f] INFO  - Stopping extension with id hivemq-allow-all-extension
2025-01-29 22:16:53,008 INFO c.h.h.t.HelmChartContainer - [test-hivemq-platform] [hivemq] [8f49760f] INFO  - Extension "Allow All Extension" version 1.1.1 stopped successfully.
2025-01-29 22:16:53,701 INFO c.h.h.t.HelmChartContainer - [test-hivemq-platform] [hivemq] [8f49760f] INFO  - [HiveMQ Platform Operator Init App 1.7.0-SNAPSHOT] Returning shutdown Health API response 503 for readiness
2025-01-29 22:16:53,705 INFO c.h.h.t.HelmChartContainer - [EVENT] Warning [Unhealthy] Readiness probe failed: HTTP probe failed with statuscode: 503 [helmcustomsecretconfigit:test-hivemq-platform-0]
2025-01-29 22:16:53,705 INFO c.h.h.t.HelmChartContainer - Received Unhealthy event for container hivemq in pod test-hivemq-platform-0 [8f49760f-b412-4d7a-9519-ed05bed118fb]
2025-01-29 22:16:54,312 INFO c.h.h.t.HelmChartContainer - [test-hivemq-platform] [hivemq] [8f49760f] WARN  - [HiveMQ Platform Operator Init App 1.7.0-SNAPSHOT] Could not update Pod annotations: Failure executing: GET at: https://10.43.0.1:443/api/v1/namespaces/helmcustomsecretconfigit/pods/test-hivemq-platform-0. Message: pods "test-hivemq-platform-0" is forbidden: User "system:serviceaccount:helmcustomsecretconfigit:hivemq-platform-pod-test-hivemq-platform" cannot get resource "pods" in API group "" in the namespace "helmcustomsecretconfigit". Received status: Status(apiVersion=v1, code=403, details=StatusDetails(causes=[], group=null, kind=pods, name=test-hivemq-platform-0, retryAfterSeconds=null, uid=null, additionalProperties={}), kind=Status, message=pods "test-hivemq-platform-0" is forbidden: User "system:serviceaccount:helmcustomsecretconfigit:hivemq-platform-pod-test-hivemq-platform" cannot get resource "pods" in API group "" in the namespace "helmcustomsecretconfigit", metadata=ListMeta(_continue=null, remainingItemCount=null, resourceVersion=null, selfLink=null, additionalProperties={}), reason=Forbidden, status=Failure, additionalProperties={}).
2025-01-29 22:16:54,657 INFO c.h.h.t.HelmChartContainer - [test-hivemq-platform] [hivemq] [d0e8277a] INFO  - Shutdown completed.
2025-01-29 22:16:55,010 INFO c.h.h.t.HelmChartContainer - [test-hivemq-platform] [hivemq] [d0e8277a] INFO  - [HiveMQ Platform Operator Init App 1.7.0-SNAPSHOT] The HiveMQ Platform exited with code 143
2025-01-29 22:16:55,010 INFO c.h.h.t.HelmChartContainer - [test-hivemq-platform] [hivemq] [d0e8277a] INFO  - [HiveMQ Platform Operator Init App 1.7.0-SNAPSHOT] Stopping the REST API
2025-01-29 22:16:55,017 INFO c.h.h.t.HelmChartContainer - [test-hivemq-platform] [hivemq] [d0e8277a] INFO  - [HiveMQ Platform Operator Init App 1.7.0-SNAPSHOT] Shutdown complete
2025-01-29 22:16:55,294 INFO c.h.h.t.HelmChartContainer - [test-hivemq-platform] [hivemq] [8f49760f] INFO  - Shutdown completed.
2025-01-29 22:16:55,527 INFO c.h.h.t.HelmChartContainer - [K3S] [stateful_set.go:438] "Unhandled Error" err="error syncing StatefulSet helmcustomsecretconfigit/test-hivemq-platform, requeuing: controllerrevisions.apps \"test-hivemq-platform-65cfcbfbf9\" is forbidden: unable to create new content in namespace helmcustomsecretconfigit because it is being terminated"
2025-01-29 22:16:55,527 INFO c.h.h.t.HelmChartContainer - [POD] test-hivemq-platform-1 [d0e8277a-eaf3-4dc5-af2d-68c0fb5dadac] in helmcustomsecretconfigit was MODIFIED
2025-01-29 22:16:55,535 INFO c.h.h.t.HelmChartContainer - [K3S] [stateful_set.go:438] "Unhandled Error" err="error syncing StatefulSet helmcustomsecretconfigit/test-hivemq-platform, requeuing: controllerrevisions.apps \"test-hivemq-platform-65cfcbfbf9\" is forbidden: unable to create new content in namespace helmcustomsecretconfigit because it is being terminated"
2025-01-29 22:16:55,548 INFO c.h.h.t.HelmChartContainer - [K3S] [stateful_set.go:438] "Unhandled Error" err="error syncing StatefulSet helmcustomsecretconfigit/test-hivemq-platform, requeuing: controllerrevisions.apps \"test-hivemq-platform-65cfcbfbf9\" is forbidden: unable to create new content in namespace helmcustomsecretconfigit because it is being terminated"
2025-01-29 22:16:55,572 INFO c.h.h.t.HelmChartContainer - [K3S] [stateful_set.go:438] "Unhandled Error" err="error syncing StatefulSet helmcustomsecretconfigit/test-hivemq-platform, requeuing: controllerrevisions.apps \"test-hivemq-platform-65cfcbfbf9\" is forbidden: unable to create new content in namespace helmcustomsecretconfigit because it is being terminated"
2025-01-29 22:16:55,615 INFO c.h.h.t.HelmChartContainer - [K3S] [reconciler_common.go:162] "operationExecutor.UnmountVolume started for volume \"operator-init\" (UniqueName: \"kubernetes.io/empty-dir/d0e8277a-eaf3-4dc5-af2d-68c0fb5dadac-operator-init\") pod \"d0e8277a-eaf3-4dc5-af2d-68c0fb5dadac\" (UID: \"d0e8277a-eaf3-4dc5-af2d-68c0fb5dadac\") "
2025-01-29 22:16:55,615 INFO c.h.h.t.HelmChartContainer - [K3S] [reconciler_common.go:162] "operationExecutor.UnmountVolume started for volume \"kube-api-access-r5nnh\" (UniqueName: \"kubernetes.io/projected/d0e8277a-eaf3-4dc5-af2d-68c0fb5dadac-kube-api-access-r5nnh\") pod \"d0e8277a-eaf3-4dc5-af2d-68c0fb5dadac\" (UID: \"d0e8277a-eaf3-4dc5-af2d-68c0fb5dadac\") "
2025-01-29 22:16:55,615 INFO c.h.h.t.HelmChartContainer - [K3S] [reconciler_common.go:162] "operationExecutor.UnmountVolume started for volume \"broker-configuration\" (UniqueName: \"kubernetes.io/secret/d0e8277a-eaf3-4dc5-af2d-68c0fb5dadac-broker-configuration\") pod \"d0e8277a-eaf3-4dc5-af2d-68c0fb5dadac\" (UID: \"d0e8277a-eaf3-4dc5-af2d-68c0fb5dadac\") "
2025-01-29 22:16:55,615 INFO c.h.h.t.HelmChartContainer - [K3S] [reconciler_common.go:162] "operationExecutor.UnmountVolume started for volume \"pod-info\" (UniqueName: \"kubernetes.io/configmap/d0e8277a-eaf3-4dc5-af2d-68c0fb5dadac-pod-info\") pod \"d0e8277a-eaf3-4dc5-af2d-68c0fb5dadac\" (UID: \"d0e8277a-eaf3-4dc5-af2d-68c0fb5dadac\") "
2025-01-29 22:16:55,618 INFO c.h.h.t.HelmChartContainer - [K3S] [stateful_set.go:438] "Unhandled Error" err="error syncing StatefulSet helmcustomsecretconfigit/test-hivemq-platform, requeuing: controllerrevisions.apps \"test-hivemq-platform-65cfcbfbf9\" is forbidden: unable to create new content in namespace helmcustomsecretconfigit because it is being terminated"
2025-01-29 22:16:55,645 INFO c.h.h.t.HelmChartContainer - [test-hivemq-platform] [hivemq] [8f49760f] INFO  - [HiveMQ Platform Operator Init App 1.7.0-SNAPSHOT] The HiveMQ Platform exited with code 143
2025-01-29 22:16:55,645 INFO c.h.h.t.HelmChartContainer - [test-hivemq-platform] [hivemq] [8f49760f] INFO  - [HiveMQ Platform Operator Init App 1.7.0-SNAPSHOT] Stopping the REST API
2025-01-29 22:16:55,683 INFO c.h.h.t.HelmChartContainer - [test-hivemq-platform] [hivemq] [8f49760f] INFO  - [HiveMQ Platform Operator Init App 1.7.0-SNAPSHOT] Shutdown complete
2025-01-29 22:16:55,701 INFO c.h.h.t.HelmChartContainer - [K3S] [stateful_set.go:438] "Unhandled Error" err="error syncing StatefulSet helmcustomsecretconfigit/test-hivemq-platform, requeuing: controllerrevisions.apps \"test-hivemq-platform-65cfcbfbf9\" is forbidden: unable to create new content in namespace helmcustomsecretconfigit because it is being terminated"
2025-01-29 22:16:55,714 INFO c.h.h.t.HelmChartContainer - [K3S] [reconciler_common.go:299] "Volume detached for volume \"operator-init\" (UniqueName: \"kubernetes.io/empty-dir/d0e8277a-eaf3-4dc5-af2d-68c0fb5dadac-operator-init\") on node \"8a91ea74c8b8\" DevicePath \"\""
2025-01-29 22:16:55,715 INFO c.h.h.t.HelmChartContainer - [K3S] [reconciler_common.go:299] "Volume detached for volume \"kube-api-access-r5nnh\" (UniqueName: \"kubernetes.io/projected/d0e8277a-eaf3-4dc5-af2d-68c0fb5dadac-kube-api-access-r5nnh\") on node \"8a91ea74c8b8\" DevicePath \"\""
2025-01-29 22:16:55,715 INFO c.h.h.t.HelmChartContainer - [K3S] [reconciler_common.go:299] "Volume detached for volume \"broker-configuration\" (UniqueName: \"kubernetes.io/secret/d0e8277a-eaf3-4dc5-af2d-68c0fb5dadac-broker-configuration\") on node \"8a91ea74c8b8\" DevicePath \"\""
2025-01-29 22:16:55,715 INFO c.h.h.t.HelmChartContainer - [K3S] [reconciler_common.go:299] "Volume detached for volume \"pod-info\" (UniqueName: \"kubernetes.io/configmap/d0e8277a-eaf3-4dc5-af2d-68c0fb5dadac-pod-info\") on node \"8a91ea74c8b8\" DevicePath \"\""
2025-01-29 22:16:55,865 INFO c.h.h.t.HelmChartContainer - [K3S] [stateful_set.go:438] "Unhandled Error" err="error syncing StatefulSet helmcustomsecretconfigit/test-hivemq-platform, requeuing: controllerrevisions.apps \"test-hivemq-platform-65cfcbfbf9\" is forbidden: unable to create new content in namespace helmcustomsecretconfigit because it is being terminated"
2025-01-29 22:16:55,930 INFO c.h.h.t.HelmChartContainer - [K3S] [scope.go:117] "RemoveContainer" containerID="9aee6a3b3399efd5756ebbcfe75ae5c5b573319401c7d6d564614ca5ea39f540"
2025-01-29 22:16:55,948 INFO c.h.h.t.HelmChartContainer - [K3S] [stateful_set.go:438] "Unhandled Error" err="error syncing StatefulSet helmcustomsecretconfigit/test-hivemq-platform, requeuing: controllerrevisions.apps \"test-hivemq-platform-65cfcbfbf9\" is forbidden: unable to create new content in namespace helmcustomsecretconfigit because it is being terminated"
2025-01-29 22:16:55,948 INFO c.h.h.t.HelmChartContainer - [K3S] [stateful_set.go:438] "Unhandled Error" err="error syncing StatefulSet helmcustomsecretconfigit/test-hivemq-platform, requeuing: controllerrevisions.apps \"test-hivemq-platform-65cfcbfbf9\" is forbidden: unable to create new content in namespace helmcustomsecretconfigit because it is being terminated"
2025-01-29 22:16:55,953 INFO c.h.h.t.HelmChartContainer - [POD] test-hivemq-platform-1 [d0e8277a-eaf3-4dc5-af2d-68c0fb5dadac] in helmcustomsecretconfigit was MODIFIED
2025-01-29 22:16:55,956 INFO c.h.h.t.HelmChartContainer - [POD] test-hivemq-platform-1 [d0e8277a-eaf3-4dc5-af2d-68c0fb5dadac] in helmcustomsecretconfigit was DELETED
2025-01-29 22:16:56,037 INFO c.h.h.t.HelmChartContainer - [K3S] [scope.go:117] "RemoveContainer" containerID="eb6321db84b06516ccfaf2434b124463987ddb289db19725e67cd9072a96fcdd"
2025-01-29 22:16:56,040 INFO c.h.h.t.HelmChartContainer - [K3S] [scope.go:117] "RemoveContainer" containerID="9aee6a3b3399efd5756ebbcfe75ae5c5b573319401c7d6d564614ca5ea39f540"
2025-01-29 22:16:56,041 INFO c.h.h.t.HelmChartContainer - [K3S] [scope.go:117] "RemoveContainer" containerID="eb6321db84b06516ccfaf2434b124463987ddb289db19725e67cd9072a96fcdd"
2025-01-29 22:16:56,152 INFO c.h.h.t.HelmChartContainer - [POD] test-hivemq-platform-0 [8f49760f-b412-4d7a-9519-ed05bed118fb] in helmcustomsecretconfigit was MODIFIED
2025-01-29 22:16:56,153 INFO c.h.h.t.HelmChartContainer - [K3S] [stateful_set.go:438] "Unhandled Error" err="error syncing StatefulSet helmcustomsecretconfigit/test-hivemq-platform, requeuing: controllerrevisions.apps \"test-hivemq-platform-65cfcbfbf9\" is forbidden: unable to create new content in namespace helmcustomsecretconfigit because it is being terminated"
2025-01-29 22:16:56,188 INFO c.h.h.t.HelmChartContainer - [K3S] [stateful_set.go:438] "Unhandled Error" err="error syncing StatefulSet helmcustomsecretconfigit/test-hivemq-platform, requeuing: controllerrevisions.apps \"test-hivemq-platform-65cfcbfbf9\" is forbidden: unable to create new content in namespace helmcustomsecretconfigit because it is being terminated"
2025-01-29 22:16:56,318 INFO c.h.h.t.HelmChartContainer - [K3S] [reconciler_common.go:162] "operationExecutor.UnmountVolume started for volume \"broker-configuration\" (UniqueName: \"kubernetes.io/secret/8f49760f-b412-4d7a-9519-ed05bed118fb-broker-configuration\") pod \"8f49760f-b412-4d7a-9519-ed05bed118fb\" (UID: \"8f49760f-b412-4d7a-9519-ed05bed118fb\") "
2025-01-29 22:16:56,318 INFO c.h.h.t.HelmChartContainer - [K3S] [reconciler_common.go:162] "operationExecutor.UnmountVolume started for volume \"operator-init\" (UniqueName: \"kubernetes.io/empty-dir/8f49760f-b412-4d7a-9519-ed05bed118fb-operator-init\") pod \"8f49760f-b412-4d7a-9519-ed05bed118fb\" (UID: \"8f49760f-b412-4d7a-9519-ed05bed118fb\") "
2025-01-29 22:16:56,318 INFO c.h.h.t.HelmChartContainer - [K3S] [reconciler_common.go:162] "operationExecutor.UnmountVolume started for volume \"kube-api-access-62tdf\" (UniqueName: \"kubernetes.io/projected/8f49760f-b412-4d7a-9519-ed05bed118fb-kube-api-access-62tdf\") pod \"8f49760f-b412-4d7a-9519-ed05bed118fb\" (UID: \"8f49760f-b412-4d7a-9519-ed05bed118fb\") "
2025-01-29 22:16:56,318 INFO c.h.h.t.HelmChartContainer - [K3S] [reconciler_common.go:162] "operationExecutor.UnmountVolume started for volume \"pod-info\" (UniqueName: \"kubernetes.io/configmap/8f49760f-b412-4d7a-9519-ed05bed118fb-pod-info\") pod \"8f49760f-b412-4d7a-9519-ed05bed118fb\" (UID: \"8f49760f-b412-4d7a-9519-ed05bed118fb\") "
2025-01-29 22:16:56,417 INFO c.h.h.t.HelmChartContainer - [K3S] [reconciler_common.go:299] "Volume detached for volume \"broker-configuration\" (UniqueName: \"kubernetes.io/secret/8f49760f-b412-4d7a-9519-ed05bed118fb-broker-configuration\") on node \"8a91ea74c8b8\" DevicePath \"\""
2025-01-29 22:16:56,418 INFO c.h.h.t.HelmChartContainer - [K3S] [reconciler_common.go:299] "Volume detached for volume \"operator-init\" (UniqueName: \"kubernetes.io/empty-dir/8f49760f-b412-4d7a-9519-ed05bed118fb-operator-init\") on node \"8a91ea74c8b8\" DevicePath \"\""
2025-01-29 22:16:56,418 INFO c.h.h.t.HelmChartContainer - [K3S] [reconciler_common.go:299] "Volume detached for volume \"kube-api-access-62tdf\" (UniqueName: \"kubernetes.io/projected/8f49760f-b412-4d7a-9519-ed05bed118fb-kube-api-access-62tdf\") on node \"8a91ea74c8b8\" DevicePath \"\""
2025-01-29 22:16:56,418 INFO c.h.h.t.HelmChartContainer - [K3S] [reconciler_common.go:299] "Volume detached for volume \"pod-info\" (UniqueName: \"kubernetes.io/configmap/8f49760f-b412-4d7a-9519-ed05bed118fb-pod-info\") on node \"8a91ea74c8b8\" DevicePath \"\""
2025-01-29 22:16:56,421 INFO c.h.h.t.HelmChartContainer - [K3S] [stateful_set.go:466] "StatefulSet has been deleted" key="helmcustomsecretconfigit/test-hivemq-platform"
2025-01-29 22:16:56,446 INFO c.h.h.t.HelmChartContainer - [K3S] [namespace_controller.go:164] "Unhandled Error" err="deletion of namespace helmcustomsecretconfigit failed: unexpected items still remain in namespace: helmcustomsecretconfigit for gvr: /v1, Resource=pods"
2025-01-29 22:16:56,641 INFO c.h.h.t.HelmChartContainer - [K3S] [namespace_controller.go:164] "Unhandled Error" err="deletion of namespace helmcustomsecretconfigit failed: unexpected items still remain in namespace: helmcustomsecretconfigit for gvr: /v1, Resource=pods"
2025-01-29 22:16:56,766 INFO c.h.h.t.HelmChartContainer - [K3S] [namespace_controller.go:164] "Unhandled Error" err="deletion of namespace helmcustomsecretconfigit failed: unexpected items still remain in namespace: helmcustomsecretconfigit for gvr: /v1, Resource=pods"
2025-01-29 22:16:56,900 INFO c.h.h.t.HelmChartContainer - [K3S] [namespace_controller.go:164] "Unhandled Error" err="deletion of namespace helmcustomsecretconfigit failed: unexpected items still remain in namespace: helmcustomsecretconfigit for gvr: /v1, Resource=pods"
2025-01-29 22:16:56,933 INFO c.h.h.t.HelmChartContainer - [K3S] [scope.go:117] "RemoveContainer" containerID="f7c49c3f875f6456d71aeff6fea5a6af461f8b43f8bd37b1ab48b1473b7f4008"
2025-01-29 22:16:56,950 INFO c.h.h.t.HelmChartContainer - [POD] test-hivemq-platform-0 [8f49760f-b412-4d7a-9519-ed05bed118fb] in helmcustomsecretconfigit was MODIFIED
2025-01-29 22:16:56,953 INFO c.h.h.t.HelmChartContainer - [POD] test-hivemq-platform-0 [8f49760f-b412-4d7a-9519-ed05bed118fb] in helmcustomsecretconfigit was DELETED
2025-01-29 22:16:57,039 INFO c.h.h.t.HelmChartContainer - [K3S] [scope.go:117] "RemoveContainer" containerID="c98892df4634492dfb3950393496d5c2f959a21509f75f0885346d0376121ee0"
2025-01-29 22:16:57,042 INFO c.h.h.t.HelmChartContainer - [K3S] [scope.go:117] "RemoveContainer" containerID="f7c49c3f875f6456d71aeff6fea5a6af461f8b43f8bd37b1ab48b1473b7f4008"
2025-01-29 22:16:57,042 INFO c.h.h.t.HelmChartContainer - [K3S] [scope.go:117] "RemoveContainer" containerID="c98892df4634492dfb3950393496d5c2f959a21509f75f0885346d0376121ee0"
2025-01-29 22:16:57,269 INFO c.h.h.t.HelmChartContainer - Namespace 'helmcustomsecretconfigit' deleted
2025-01-29 22:16:57,269 INFO c.h.h.t.HelmChartContainer - Release 'test-hivemq-platform' in namespace 'helmcustomsecretconfigit' is uninstalled
2025-01-29 22:16:57,269 INFO c.h.h.t.HelmChartContainer - Uninstalling release 'test-hivemq-platform-operator' in namespace 'helmcustomsecretconfigit-operator'...
2025-01-29 22:16:57,270 DEBUG c.h.h.t.HelmChartContainer - Executing helm command: /bin/helm --kubeconfig /etc/rancher/k3s/k3s.yaml uninstall test-hivemq-platform-operator  --wait --timeout 5m0s --cascade foreground --namespace helmcustomsecretconfigit-operator
2025-01-29 22:16:57,338 INFO c.h.h.t.HelmChartContainer - [K3S] [kubelet_volumes.go:163] "Cleaned up orphaned pod volumes dir" podUID="8f49760f-b412-4d7a-9519-ed05bed118fb" path="/var/lib/kubelet/pods/8f49760f-b412-4d7a-9519-ed05bed118fb/volumes"
2025-01-29 22:16:57,339 INFO c.h.h.t.HelmChartContainer - [K3S] [kubelet_volumes.go:163] "Cleaned up orphaned pod volumes dir" podUID="d0e8277a-eaf3-4dc5-af2d-68c0fb5dadac" path="/var/lib/kubelet/pods/d0e8277a-eaf3-4dc5-af2d-68c0fb5dadac/volumes"
2025-01-29 22:16:57,432 INFO c.h.h.t.HelmChartContainer - [K3S] [replica_set.go:679] "Finished syncing" kind="ReplicaSet" key="helmcustomsecretconfigit-operator/hivemq-test-hivemq-platform-operator-6966f96d65" duration="11.833417ms"
2025-01-29 22:16:57,433 INFO c.h.h.t.HelmChartContainer - [K3S] [replica_set.go:679] "Finished syncing" kind="ReplicaSet" key="helmcustomsecretconfigit-operator/hivemq-test-hivemq-platform-operator-6966f96d65" duration="37.71µs"
2025-01-29 22:16:57,448 INFO c.h.h.t.HelmChartContainer - [POD] hivemq-test-hivemq-platform-operator-6966f96d65-stsl2 [9b99058d-f417-4fe2-8b5e-fed15c1bee1d] in helmcustomsecretconfigit-operator was MODIFIED
2025-01-29 22:16:57,460 INFO c.h.h.t.HelmChartContainer - [hivemq-test-hivemq-platform] [hivemq-platform-operator] [9b99058d] 22:16:57.457 [application-shutdown-thread] INFO  c.h.p.o.HiveMQPlatformOperatorApplication - HiveMQ Platform Operator is stopping...
2025-01-29 22:16:57,461 INFO c.h.h.t.HelmChartContainer - [hivemq-test-hivemq-platform] [hivemq-platform-operator] [9b99058d] 22:16:57.457 [application-shutdown-thread] INFO  i.javaoperatorsdk.operator.Operator - Operator SDK 4.9.7 is shutting down...
2025-01-29 22:16:57,461 INFO c.h.h.t.HelmChartContainer - [EVENT] Normal [Killing] Stopping container hivemq-platform-operator [helmcustomsecretconfigit-operator:hivemq-test-hivemq-platform-operator-6966f96d65-stsl2]
2025-01-29 22:16:57,461 INFO c.h.h.t.HelmChartContainer - Received Killing event for container hivemq-platform-operator in pod hivemq-test-hivemq-platform-operator-6966f96d65-stsl2 [9b99058d-f417-4fe2-8b5e-fed15c1bee1d]
2025-01-29 22:16:57,461 INFO c.h.h.t.HelmChartContainer - Container [hivemq-test-hivemq-platform-operator-6966f96d65-stsl2] [hivemq-platform-operator] [9b99058d-f417-4fe2-8b5e-fed15c1bee1d] was terminated
2025-01-29 22:16:57,461 INFO c.h.h.t.HelmChartContainer - Stopped log watcher for hivemq-platform-operator in pod hivemq-test-hivemq-platform-operator-6966f96d65-stsl2 [9b99058d-f417-4fe2-8b5e-fed15c1bee1d]
2025-01-29 22:16:57,463 INFO c.h.h.t.HelmChartContainer - [K3S] [replica_set.go:679] "Finished syncing" kind="ReplicaSet" key="helmcustomsecretconfigit-operator/hivemq-test-hivemq-platform-operator-6966f96d65" duration="14.039455ms"
2025-01-29 22:16:57,464 INFO c.h.h.t.HelmChartContainer - [K3S] [replica_set.go:679] "Finished syncing" kind="ReplicaSet" key="helmcustomsecretconfigit-operator/hivemq-test-hivemq-platform-operator-6966f96d65" duration="50.033µs"
2025-01-29 22:16:58,012 INFO c.h.h.t.HelmChartContainer - [K3S] [replica_set.go:679] "Finished syncing" kind="ReplicaSet" key="helmcustomsecretconfigit-operator/hivemq-test-hivemq-platform-operator-6966f96d65" duration="44.773µs"
2025-01-29 22:16:58,013 INFO c.h.h.t.HelmChartContainer - [POD] hivemq-test-hivemq-platform-operator-6966f96d65-stsl2 [9b99058d-f417-4fe2-8b5e-fed15c1bee1d] in helmcustomsecretconfigit-operator was MODIFIED
2025-01-29 22:16:58,125 INFO c.h.h.t.HelmChartContainer - [K3S] [reconciler_common.go:162] "operationExecutor.UnmountVolume started for volume \"kube-api-access-pkqpm\" (UniqueName: \"kubernetes.io/projected/9b99058d-f417-4fe2-8b5e-fed15c1bee1d-kube-api-access-pkqpm\") pod \"9b99058d-f417-4fe2-8b5e-fed15c1bee1d\" (UID: \"9b99058d-f417-4fe2-8b5e-fed15c1bee1d\") "
2025-01-29 22:16:58,226 INFO c.h.h.t.HelmChartContainer - [K3S] [reconciler_common.go:299] "Volume detached for volume \"kube-api-access-pkqpm\" (UniqueName: \"kubernetes.io/projected/9b99058d-f417-4fe2-8b5e-fed15c1bee1d-kube-api-access-pkqpm\") on node \"8a91ea74c8b8\" DevicePath \"\""
2025-01-29 22:16:58,942 INFO c.h.h.t.HelmChartContainer - [K3S] [scope.go:117] "RemoveContainer" containerID="18070ffec9fc7fdf847f77aaf58886cebd1b7038bffcf7173d331dcc6ab53ed2"
2025-01-29 22:16:58,954 INFO c.h.h.t.HelmChartContainer - [K3S] [replica_set.go:679] "Finished syncing" kind="ReplicaSet" key="helmcustomsecretconfigit-operator/hivemq-test-hivemq-platform-operator-6966f96d65" duration="50.514µs"
2025-01-29 22:16:58,955 INFO c.h.h.t.HelmChartContainer - [POD] hivemq-test-hivemq-platform-operator-6966f96d65-stsl2 [9b99058d-f417-4fe2-8b5e-fed15c1bee1d] in helmcustomsecretconfigit-operator was MODIFIED
2025-01-29 22:16:58,957 INFO c.h.h.t.HelmChartContainer - [K3S] [replica_set.go:679] "Finished syncing" kind="ReplicaSet" key="helmcustomsecretconfigit-operator/hivemq-test-hivemq-platform-operator-6966f96d65" duration="37.209µs"
2025-01-29 22:16:58,957 INFO c.h.h.t.HelmChartContainer - [POD] hivemq-test-hivemq-platform-operator-6966f96d65-stsl2 [9b99058d-f417-4fe2-8b5e-fed15c1bee1d] in helmcustomsecretconfigit-operator was DELETED
2025-01-29 22:16:58,967 INFO c.h.h.t.HelmChartContainer - [K3S] [replica_set.go:679] "Finished syncing" kind="ReplicaSet" key="helmcustomsecretconfigit-operator/hivemq-test-hivemq-platform-operator-6966f96d65" duration="8.045µs"
2025-01-29 22:16:59,338 INFO c.h.h.t.HelmChartContainer - [K3S] [kubelet_volumes.go:163] "Cleaned up orphaned pod volumes dir" podUID="9b99058d-f417-4fe2-8b5e-fed15c1bee1d" path="/var/lib/kubelet/pods/9b99058d-f417-4fe2-8b5e-fed15c1bee1d/volumes"
2025-01-29 22:16:59,468 INFO c.h.h.t.HelmChartContainer - Deleting namespace 'helmcustomsecretconfigit-operator'...
2025-01-29 22:17:01,309 INFO c.h.h.t.HelmChartContainer - [K3S] [stateful_set.go:466] "StatefulSet has been deleted" key="helmcustomsecretconfigit/test-hivemq-platform"
2025-01-29 22:17:02,171 INFO c.h.h.t.HelmChartContainer - [K3S] [namespace_controller.go:187] "Namespace has been deleted" namespace="helmcustomsecretconfigit"
2025-01-29 22:17:04,686 INFO c.h.h.t.HelmChartContainer - Namespace 'helmcustomsecretconfigit-operator' deleted
2025-01-29 22:17:04,686 INFO c.h.h.t.HelmChartContainer - Release 'test-hivemq-platform-operator' in namespace 'helmcustomsecretconfigit-operator' is uninstalled
2025-01-29 22:17:05,496 INFO c.h.helmcharts.AbstractHelmChartIT - Removed unused containers:

2025-01-29 22:17:09,622 INFO c.h.h.t.HelmChartContainer - [K3S] [namespace_controller.go:187] "Namespace has been deleted" namespace="helmcustomsecretconfigit-operator"
2025-01-29 22:17:13,464 INFO c.h.helmcharts.AbstractHelmChartIT - Removed unused snapshots:
Removing snapshot sha256:03af251906410714c5aef9fa705b63f6bbc39c4a5e787de7361eeb18886c2ed2
Removing snapshot sha256:0c46b3b43cce082ce5ec34ffc6c294e0417d17b9d1e6f366d114b6aadc4f96dc
Removing snapshot sha256:0ce761beee59082d6ed5bcebd3a805b8ddd9b3426b617e4809e7fb7c6587ffec
Removing snapshot sha256:0df91287303208332c8ff6ba40ae4710105201739addbfbddfb955f1ad593664
Removing snapshot sha256:1021ef88c7974bfff89c5a0ec4fd3160daac6c48a075f74cff721f85dd104e68
Removing snapshot sha256:10aba4953ddc18145dd38e3704709bc464aa20af60b56fe52caaff4b68411e62
Removing snapshot sha256:2573e0d8158209ed54ab25c87bcdcb00bd3d2539246960a3d592a1c599d70465
Removing snapshot sha256:362a8a37f8bbc31925a8146adcf7cf51f9882f5c1dcbef67c5baa03a297543c0
Removing snapshot sha256:3fa4ad33f0ddc8fd45b39b6b4640f82a3a83619606cd975bfe89d8710ad2d4cd
Removing snapshot sha256:43a7c979bbaba6838bc3102d6b10a1459f3ab050b87ccdfef84ef90cf43d3058
Removing snapshot sha256:4ab04491cdf0d3267f08206fe30bd48f49f94b9cab2f016d6739220f722a64af
Removing snapshot sha256:4b6068250e89c96f263060261819c7d912855bfbd64b3eb4c4a8483299b8c295
Removing snapshot sha256:567e12c1d6a4822a69deeaed036b1f24af42a9f1c94295a0d3860b27776a8c8d
Removing snapshot sha256:580e69a0a8034ede1921139bbd2bfb72a69ebf276d008281896c32dd8bf74775
Removing snapshot sha256:5d30ba46b27fe37484567ccc5242cadc78217b8da605f3f195ef25cbf7487904
Removing snapshot sha256:63ca1fbb43ae5034640e5e6cb3e083e05c290072c5366fcaa9d62435a4cced85
Removing snapshot sha256:67f702c6baae873bceb19487c8b1f27bd2b86077e4f2f0e480e6d60ab508b8f5
Removing snapshot sha256:6864348dd42806d552efdec384f1274be15e2d0c10ce44c1f04347af004c10a9
Removing snapshot sha256:6c7dee8f2c39b84b7dc2711c01d33de93514d9055499173e9290176fbe484b6c
Removing snapshot sha256:82753493a6d61ded36556292f02f31841a14c20d2f279f19eaad65afb661d5cd
Removing snapshot sha256:8a10d3db42c505ee0fcfa98417bdd7e39b304f6bcc0a06bb1b220797ff2cc63c
Removing snapshot sha256:a0904247e36a7726c03c71ee48f3e64462021c88dafeb13f37fdaf613b27f11c
Removing snapshot sha256:a21e5b12dbac529ad45d976eb9ce45c881f3bedcc500fb30aba1e52aa1813418
Removing snapshot sha256:b921e6c28969094157f9b8e7244677780319637afd14450b7cb6b2fdea558a0c
Removing snapshot sha256:bc27ecb5769a00e309cf99ebc763c4a4b958b618d1decc96ffac5bc05f02f5b7
Removing snapshot sha256:be3ccb6627a5332e309d45ef461d09b4879dd870c7394d89323d0ebc6ca6aa8a
Removing snapshot sha256:c261f7cbbc64211ee175ee47273acdb7b1a36a4450b397a064a8f2c026490095
Removing snapshot sha256:c34d9393647eea0c9e3557ab988efaf59f61d10a2a5613b439ef0958cca5ec10
Removing snapshot sha256:ccf3c4a0fa967a41c1c83497a2ce6fa5787965859df0adb32c4ca2cf7490bc2b
Removing snapshot sha256:cf92d33f869417309692088c341cd0f223c178ea78a125f757317b22aa8f90e9
Removing snapshot sha256:d0037344cf2fb078884f1849f6a1f8cf9a33a3b6139b6a85833e5ee528e1f9a8
Removing snapshot sha256:d3b36d5b79273b1e98e7700470eaeff05a882e777124d84cebcc1505b85ecb36
Removing snapshot sha256:d4562df88430d729a5df40113882cab4ed57d39a9b3f6735342cef8ea362de66
Removing snapshot sha256:d65a44a37914602d12c611e5e22a50f11451d847e63015cc1c2aef92dee777a4
Removing snapshot sha256:e2dc0bae2455930f23ae570e019b7f32edc75c0f2d71cab084db837ff9051796
Removing snapshot sha256:eccbd24a99c60cd9e86ee5305dbfc4a4dc89f5ab4fb1f06c8d64797cecedef34
Removing snapshot sha256:f144bb4c7c7f0d2aa7eeffd36d934ec40db1ee167be727e326aad9fdc616f475

]]></system-out>
  </testcase>
  <testcase name="withSecretConfig_hivemqRunning()" classname="com.hivemq.helmcharts.platform.HelmCustomSecretConfigIT" time="151.223">
    <system-out><![CDATA[2025-01-29 22:17:13,466 INFO c.h.h.t.HelmChartContainer - Creating namespace 'helmcustomsecretconfigit-operator'...
2025-01-29 22:17:13,472 INFO c.h.h.t.HelmChartContainer - Namespace 'helmcustomsecretconfigit-operator' created
2025-01-29 22:17:13,472 INFO c.h.h.t.HelmChartContainer - Creating namespace 'helmcustomsecretconfigit'...
2025-01-29 22:17:13,479 INFO c.h.h.t.HelmChartContainer - Namespace 'helmcustomsecretconfigit' created
2025-01-29 22:17:13,549 DEBUG c.h.h.t.HelmChartContainer - Executing helm command: /bin/helm --kubeconfig /etc/rancher/k3s/k3s.yaml install test-hivemq-platform-operator /charts/hivemq-platform-operator --wait --timeout 5m0s --set image.repository=docker.io/hivemq --set image.name=hivemq-platform-operator-test --set image.initImageName=hivemq-platform-operator-init-test --set image.tag=snapshot --set image.pullPolicy=Never --set logLevel=DEBUG --set resources.cpu=512m --namespace helmcustomsecretconfigit-operator
2025-01-29 22:17:13,874 INFO c.h.h.t.HelmChartContainer - [K3S] [alloc.go:330] "allocated clusterIPs" service="helmcustomsecretconfigit-operator/hivemq-platform-operator-test-hivemq-platform-operator" clusterIPs={"IPv4":"10.43.158.248"}
2025-01-29 22:17:13,894 INFO c.h.h.t.HelmChartContainer - [EVENT] Normal [ScalingReplicaSet] Scaled up replica set hivemq-test-hivemq-platform-operator-6966f96d65 from 0 to 1 [helmcustomsecretconfigit-operator:hivemq-test-hivemq-platform-operator]
2025-01-29 22:17:13,901 INFO c.h.h.t.HelmChartContainer - [POD] hivemq-test-hivemq-platform-operator-6966f96d65-smm6j [9fde0877-52c2-46bd-9186-e2009659d248] in helmcustomsecretconfigit-operator was ADDED
2025-01-29 22:17:13,908 INFO c.h.h.t.HelmChartContainer - [EVENT] Normal [SuccessfulCreate] Created pod: hivemq-test-hivemq-platform-operator-6966f96d65-smm6j [helmcustomsecretconfigit-operator:hivemq-test-hivemq-platform-operator-6966f96d65]
2025-01-29 22:17:13,910 INFO c.h.h.t.HelmChartContainer - [K3S] [memory_manager.go:355] "RemoveStaleState removing state" podUID="8f49760f-b412-4d7a-9519-ed05bed118fb" containerName="hivemq"
2025-01-29 22:17:13,912 INFO c.h.h.t.HelmChartContainer - [K3S] [memory_manager.go:355] "RemoveStaleState removing state" podUID="9b99058d-f417-4fe2-8b5e-fed15c1bee1d" containerName="hivemq-platform-operator"
2025-01-29 22:17:13,912 INFO c.h.h.t.HelmChartContainer - [K3S] [memory_manager.go:355] "RemoveStaleState removing state" podUID="d0e8277a-eaf3-4dc5-af2d-68c0fb5dadac" containerName="hivemq"
2025-01-29 22:17:13,912 INFO c.h.h.t.HelmChartContainer - [K3S] [replica_set.go:679] "Finished syncing" kind="ReplicaSet" key="helmcustomsecretconfigit-operator/hivemq-test-hivemq-platform-operator-6966f96d65" duration="22.97265ms"
2025-01-29 22:17:13,913 INFO c.h.h.t.HelmChartContainer - [POD] hivemq-test-hivemq-platform-operator-6966f96d65-smm6j [9fde0877-52c2-46bd-9186-e2009659d248] in helmcustomsecretconfigit-operator was MODIFIED
2025-01-29 22:17:13,919 INFO c.h.h.t.HelmChartContainer - [EVENT] Normal [Scheduled] Successfully assigned helmcustomsecretconfigit-operator/hivemq-test-hivemq-platform-operator-6966f96d65-smm6j to 8a91ea74c8b8 [helmcustomsecretconfigit-operator:hivemq-test-hivemq-platform-operator-6966f96d65-smm6j]
2025-01-29 22:17:13,929 INFO c.h.h.t.HelmChartContainer - [POD] hivemq-test-hivemq-platform-operator-6966f96d65-smm6j [9fde0877-52c2-46bd-9186-e2009659d248] in helmcustomsecretconfigit-operator was MODIFIED
2025-01-29 22:17:13,932 INFO c.h.h.t.HelmChartContainer - [K3S] [replica_set.go:679] "Finished syncing" kind="ReplicaSet" key="helmcustomsecretconfigit-operator/hivemq-test-hivemq-platform-operator-6966f96d65" duration="20.707689ms"
2025-01-29 22:17:13,961 INFO c.h.h.t.HelmChartContainer - [K3S] [replica_set.go:679] "Finished syncing" kind="ReplicaSet" key="helmcustomsecretconfigit-operator/hivemq-test-hivemq-platform-operator-6966f96d65" duration="28.70356ms"
2025-01-29 22:17:13,961 INFO c.h.h.t.HelmChartContainer - [K3S] [replica_set.go:679] "Finished syncing" kind="ReplicaSet" key="helmcustomsecretconfigit-operator/hivemq-test-hivemq-platform-operator-6966f96d65" duration="139.38µs"
2025-01-29 22:17:14,022 INFO c.h.h.t.HelmChartContainer - [K3S] [reconciler_common.go:251] "operationExecutor.VerifyControllerAttachedVolume started for volume \"kube-api-access-6phvn\" (UniqueName: \"kubernetes.io/projected/9fde0877-52c2-46bd-9186-e2009659d248-kube-api-access-6phvn\") pod \"hivemq-test-hivemq-platform-operator-6966f96d65-smm6j\" (UID: \"9fde0877-52c2-46bd-9186-e2009659d248\") " pod="helmcustomsecretconfigit-operator/hivemq-test-hivemq-platform-operator-6966f96d65-smm6j"
2025-01-29 22:17:14,308 INFO c.h.h.t.HelmChartContainer - [EVENT] Normal [Pulled] Container image "docker.io/hivemq/hivemq-platform-operator-test:snapshot" already present on machine [helmcustomsecretconfigit-operator:hivemq-test-hivemq-platform-operator-6966f96d65-smm6j]
2025-01-29 22:17:14,308 INFO c.h.h.t.HelmChartContainer - Received Pulled event for container hivemq-platform-operator in pod hivemq-test-hivemq-platform-operator-6966f96d65-smm6j [9fde0877-52c2-46bd-9186-e2009659d248]
2025-01-29 22:17:15,573 INFO c.h.h.t.HelmChartContainer - [EVENT] Normal [Created] Created container: hivemq-platform-operator [helmcustomsecretconfigit-operator:hivemq-test-hivemq-platform-operator-6966f96d65-smm6j]
2025-01-29 22:17:15,573 INFO c.h.h.t.HelmChartContainer - Received Created event for container hivemq-platform-operator in pod hivemq-test-hivemq-platform-operator-6966f96d65-smm6j [9fde0877-52c2-46bd-9186-e2009659d248]
2025-01-29 22:17:15,980 INFO c.h.h.t.HelmChartContainer - [K3S] [replica_set.go:679] "Finished syncing" kind="ReplicaSet" key="helmcustomsecretconfigit-operator/hivemq-test-hivemq-platform-operator-6966f96d65" duration="40.856µs"
2025-01-29 22:17:15,980 INFO c.h.h.t.HelmChartContainer - [POD] hivemq-test-hivemq-platform-operator-6966f96d65-smm6j [9fde0877-52c2-46bd-9186-e2009659d248] in helmcustomsecretconfigit-operator was MODIFIED
2025-01-29 22:17:15,990 INFO c.h.h.t.HelmChartContainer - Started log watcher for hivemq-platform-operator in pod hivemq-test-hivemq-platform-operator-6966f96d65-smm6j [9fde0877-52c2-46bd-9186-e2009659d248]
2025-01-29 22:17:15,990 INFO c.h.h.t.HelmChartContainer - [EVENT] Normal [Started] Started container hivemq-platform-operator [helmcustomsecretconfigit-operator:hivemq-test-hivemq-platform-operator-6966f96d65-smm6j]
2025-01-29 22:17:15,990 INFO c.h.h.t.HelmChartContainer - Received Started event for container hivemq-platform-operator in pod hivemq-test-hivemq-platform-operator-6966f96d65-smm6j [9fde0877-52c2-46bd-9186-e2009659d248]
2025-01-29 22:17:15,991 INFO c.h.h.t.HelmChartContainer - [hivemq-test-hivemq-platform] [hivemq-platform-operator] [9fde0877] -------------------------------------------------------------------------
2025-01-29 22:17:15,991 INFO c.h.h.t.HelmChartContainer - [hivemq-test-hivemq-platform] [hivemq-platform-operator] [9fde0877] 
2025-01-29 22:17:15,991 INFO c.h.h.t.HelmChartContainer - [hivemq-test-hivemq-platform] [hivemq-platform-operator] [9fde0877]                   _    _  _              __  __   ____
2025-01-29 22:17:15,991 INFO c.h.h.t.HelmChartContainer - [hivemq-test-hivemq-platform] [hivemq-platform-operator] [9fde0877]                  | |  | |(_)            |  \/  | / __ \
2025-01-29 22:17:15,991 INFO c.h.h.t.HelmChartContainer - [hivemq-test-hivemq-platform] [hivemq-platform-operator] [9fde0877]                  | |__| | _ __   __ ___ | \  / || |  | |
2025-01-29 22:17:15,991 INFO c.h.h.t.HelmChartContainer - [hivemq-test-hivemq-platform] [hivemq-platform-operator] [9fde0877]                  |  __  || |\ \ / // _ \| |\/| || |  | |
2025-01-29 22:17:15,991 INFO c.h.h.t.HelmChartContainer - [hivemq-test-hivemq-platform] [hivemq-platform-operator] [9fde0877]                  | |  | || | \ V /|  __/| |  | || |__| |
2025-01-29 22:17:15,991 INFO c.h.h.t.HelmChartContainer - [hivemq-test-hivemq-platform] [hivemq-platform-operator] [9fde0877]                  |_|  |_||_|  \_/  \___||_|  |_| \___\_\
2025-01-29 22:17:15,991 INFO c.h.h.t.HelmChartContainer - [hivemq-test-hivemq-platform] [hivemq-platform-operator] [9fde0877] 
2025-01-29 22:17:15,991 INFO c.h.h.t.HelmChartContainer - [hivemq-test-hivemq-platform] [hivemq-platform-operator] [9fde0877] -------------------------------------------------------------------------
2025-01-29 22:17:15,991 INFO c.h.h.t.HelmChartContainer - [hivemq-test-hivemq-platform] [hivemq-platform-operator] [9fde0877] 
2025-01-29 22:17:15,991 INFO c.h.h.t.HelmChartContainer - [hivemq-test-hivemq-platform] [hivemq-platform-operator] [9fde0877]   HiveMQ Platform Operator Start Script v1.0
2025-01-29 22:17:15,991 INFO c.h.h.t.HelmChartContainer - [hivemq-test-hivemq-platform] [hivemq-platform-operator] [9fde0877] 
2025-01-29 22:17:15,991 INFO c.h.h.t.HelmChartContainer - [hivemq-test-hivemq-platform] [hivemq-platform-operator] [9fde0877] -------------------------------------------------------------------------
2025-01-29 22:17:15,991 INFO c.h.h.t.HelmChartContainer - [hivemq-test-hivemq-platform] [hivemq-platform-operator] [9fde0877] 
2025-01-29 22:17:15,991 INFO c.h.h.t.HelmChartContainer - [hivemq-test-hivemq-platform] [hivemq-platform-operator] [9fde0877]   JAVA_OPTS: -XX:+UnlockExperimentalVMOptions -XX:InitialRAMPercentage=75 -XX:MaxRAMPercentage=75 -Duser.language=en -Duser.region=US
2025-01-29 22:17:15,991 INFO c.h.h.t.HelmChartContainer - [hivemq-test-hivemq-platform] [hivemq-platform-operator] [9fde0877] 
2025-01-29 22:17:15,991 INFO c.h.h.t.HelmChartContainer - [hivemq-test-hivemq-platform] [hivemq-platform-operator] [9fde0877]   JAVA_VERSION: 21
2025-01-29 22:17:15,991 INFO c.h.h.t.HelmChartContainer - [hivemq-test-hivemq-platform] [hivemq-platform-operator] [9fde0877] 
2025-01-29 22:17:15,991 INFO c.h.h.t.HelmChartContainer - [hivemq-test-hivemq-platform] [hivemq-platform-operator] [9fde0877] -------------------------------------------------------------------------
2025-01-29 22:17:15,991 INFO c.h.h.t.HelmChartContainer - [hivemq-test-hivemq-platform] [hivemq-platform-operator] [9fde0877] 
2025-01-29 22:17:18,915 INFO c.h.h.t.HelmChartContainer - [hivemq-test-hivemq-platform] [hivemq-platform-operator] [9fde0877] 22:17:18.911 [main] DEBUG org.jboss.logging - Logging Provider: org.jboss.logging.Slf4jLoggerProvider
2025-01-29 22:17:19,012 INFO c.h.h.t.HelmChartContainer - [hivemq-test-hivemq-platform] [hivemq-platform-operator] [9fde0877] 22:17:19.011 [main] DEBUG io.smallrye.config - SRCFG01006: Loaded ConfigSource SysPropConfigSource with ordinal 400
2025-01-29 22:17:19,012 INFO c.h.h.t.HelmChartContainer - [hivemq-test-hivemq-platform] [hivemq-platform-operator] [9fde0877] 22:17:19.011 [main] DEBUG io.smallrye.config - SRCFG01006: Loaded ConfigSource EnvConfigSource with ordinal 300
2025-01-29 22:17:19,012 INFO c.h.h.t.HelmChartContainer - [hivemq-test-hivemq-platform] [hivemq-platform-operator] [9fde0877] 22:17:19.011 [main] DEBUG io.smallrye.config - SRCFG01006: Loaded ConfigSource PropertiesConfigSource[source=jar:file:///opt/hivemq-platform-operator/bin/hivemq-platform-operator.jar!/hivemq-platform-operator.properties] with ordinal 100
2025-01-29 22:17:19,012 INFO c.h.h.t.HelmChartContainer - [hivemq-test-hivemq-platform] [hivemq-platform-operator] [9fde0877] 22:17:19.011 [main] DEBUG io.smallrye.config - SRCFG01006: Loaded ConfigSource DefaultValuesConfigSource with ordinal -2147483648
2025-01-29 22:17:19,123 INFO c.h.h.t.HelmChartContainer - [hivemq-test-hivemq-platform] [hivemq-platform-operator] [9fde0877] 22:17:19.122 [main] DEBUG i.m.c.u.i.l.InternalLoggerFactory - Using SLF4J as the default logging framework
2025-01-29 22:17:19,302 INFO c.h.h.t.HelmChartContainer - [hivemq-test-hivemq-platform] [hivemq-platform-operator] [9fde0877] 22:17:19.219 [main] INFO  c.h.p.o.HiveMQPlatformOperatorApplication - HiveMQ Platform Operator 1.7.0-SNAPSHOT (commit: 3bc9484 on branch: HEAD) built on Wed Jan 29 22:06:36 UTC 2025
2025-01-29 22:17:19,303 INFO c.h.h.t.HelmChartContainer - [hivemq-test-hivemq-platform] [hivemq-platform-operator] [9fde0877] 22:17:19.301 [main] INFO  c.h.p.o.HiveMQPlatformOperatorApplication - HiveMQ Platform Operator is running in namespace: helmcustomsecretconfigit-operator
2025-01-29 22:17:19,303 INFO c.h.h.t.HelmChartContainer - [hivemq-test-hivemq-platform] [hivemq-platform-operator] [9fde0877] 22:17:19.301 [main] INFO  c.h.p.o.HiveMQPlatformOperatorApplication - Watching all namespaces
2025-01-29 22:17:19,303 INFO c.h.h.t.HelmChartContainer - [hivemq-test-hivemq-platform] [hivemq-platform-operator] [9fde0877] 22:17:19.301 [main] INFO  c.h.p.o.HiveMQPlatformOperatorApplication - Log level: DEBUG
2025-01-29 22:17:19,303 INFO c.h.h.t.HelmChartContainer - [hivemq-test-hivemq-platform] [hivemq-platform-operator] [9fde0877] 22:17:19.301 [main] INFO  c.h.p.o.HiveMQPlatformOperatorApplication - Release name: test-hivemq-platform-operator
2025-01-29 22:17:19,303 INFO c.h.h.t.HelmChartContainer - [hivemq-test-hivemq-platform] [hivemq-platform-operator] [9fde0877] 22:17:19.301 [main] INFO  c.h.p.o.HiveMQPlatformOperatorApplication - HiveMQ Platform Operator Init image: docker.io/hivemq/hivemq-platform-operator-init-test:snapshot
2025-01-29 22:17:19,303 INFO c.h.h.t.HelmChartContainer - [hivemq-test-hivemq-platform] [hivemq-platform-operator] [9fde0877] 22:17:19.302 [main] INFO  c.h.p.o.HiveMQPlatformOperatorApplication - HiveMQ Platform Operator Init App update URL: http://hivemq-platform-operator-test-hivemq-platform-operator.helmcustomsecretconfigit-operator.svc:8080/initAppUpdate/hivemq-platform-operator-init-app-1.7.0-SNAPSHOT.jar
2025-01-29 22:17:19,303 INFO c.h.h.t.HelmChartContainer - [hivemq-test-hivemq-platform] [hivemq-platform-operator] [9fde0877] 22:17:19.302 [main] INFO  c.h.p.o.HiveMQPlatformOperatorApplication - Additional imagePullSecret for all Platform deployments: none
2025-01-29 22:17:19,303 INFO c.h.h.t.HelmChartContainer - [hivemq-test-hivemq-platform] [hivemq-platform-operator] [9fde0877] 22:17:19.302 [main] INFO  c.h.p.o.HiveMQPlatformOperatorApplication - Apply HiveMQ Platform CRD: true
2025-01-29 22:17:19,303 INFO c.h.h.t.HelmChartContainer - [hivemq-test-hivemq-platform] [hivemq-platform-operator] [9fde0877] 22:17:19.302 [main] INFO  c.h.p.o.HiveMQPlatformOperatorApplication - Create Platform ServiceAccount: true
2025-01-29 22:17:19,304 INFO c.h.h.t.HelmChartContainer - [hivemq-test-hivemq-platform] [hivemq-platform-operator] [9fde0877] 22:17:19.302 [main] INFO  c.h.p.o.HiveMQPlatformOperatorApplication - Create Platform ServiceAccount permissions: true
2025-01-29 22:17:19,304 INFO c.h.h.t.HelmChartContainer - [hivemq-test-hivemq-platform] [hivemq-platform-operator] [9fde0877] 22:17:19.302 [main] INFO  c.h.p.o.HiveMQPlatformOperatorApplication - Validate Platform ServiceAccount: true
2025-01-29 22:17:19,304 INFO c.h.h.t.HelmChartContainer - [hivemq-test-hivemq-platform] [hivemq-platform-operator] [9fde0877] 22:17:19.302 [main] INFO  c.h.p.o.HiveMQPlatformOperatorApplication - Validate Platform ServiceAccount permissions: true
2025-01-29 22:17:19,424 INFO c.h.h.t.HelmChartContainer - [hivemq-test-hivemq-platform] [hivemq-platform-operator] [9fde0877] 22:17:19.423 [main] INFO  c.h.platform.operator.util.CRDUtil - Verifying deployed HiveMQ Platform CRD...
2025-01-29 22:17:21,712 INFO c.h.h.t.HelmChartContainer - [hivemq-test-hivemq-platform] [hivemq-platform-operator] [9fde0877] 22:17:21.711 [main] DEBUG c.h.platform.operator.util.CRDUtil - HiveMQ Platform CRD version v1 is up to date
2025-01-29 22:17:21,796 INFO c.h.h.t.HelmChartContainer - [hivemq-test-hivemq-platform] [hivemq-platform-operator] [9fde0877] 22:17:21.794 [main] INFO  c.h.platform.operator.util.CRDUtil - HiveMQ Platform CRD is up to date (version: V1_6_0)
2025-01-29 22:17:21,796 INFO c.h.h.t.HelmChartContainer - [hivemq-test-hivemq-platform] [hivemq-platform-operator] [9fde0877] 22:17:21.795 [main] INFO  c.h.platform.operator.util.CRDUtil - Waiting 10000 ms for HiveMQ Platform CRD 'hivemq-platforms.hivemq.com' to become ready...
2025-01-29 22:17:22,014 INFO c.h.h.t.HelmChartContainer - [hivemq-test-hivemq-platform] [hivemq-platform-operator] [9fde0877] 22:17:22.013 [vert.x-eventloop-thread-1] DEBUG c.h.platform.operator.util.CRDUtil - Checking CRD condition 'NamesAccepted' (status: 'True')
2025-01-29 22:17:22,096 INFO c.h.h.t.HelmChartContainer - [hivemq-test-hivemq-platform] [hivemq-platform-operator] [9fde0877] 22:17:22.094 [vert.x-eventloop-thread-1] DEBUG c.h.platform.operator.util.CRDUtil - Checking CRD condition 'Established' (status: 'True')
2025-01-29 22:17:22,098 INFO c.h.h.t.HelmChartContainer - [hivemq-test-hivemq-platform] [hivemq-platform-operator] [9fde0877] 22:17:22.096 [main] INFO  c.h.platform.operator.util.CRDUtil - HiveMQ Platform CRD 'hivemq-platforms.hivemq.com' is ready
2025-01-29 22:17:22,214 INFO c.h.h.t.HelmChartContainer - [hivemq-test-hivemq-platform] [hivemq-platform-operator] [9fde0877] 22:17:22.213 [main] INFO  c.h.p.o.HiveMQPlatformReconciler - HiveMQ Platform Operator is starting...
2025-01-29 22:17:22,395 INFO c.h.h.t.HelmChartContainer - [hivemq-test-hivemq-platform] [hivemq-platform-operator] [9fde0877] 22:17:22.317 [main] WARN  Default ConfigurationService implementation - Configuration for reconciler 'hivemq-controller' was not found. Known reconcilers: None.
2025-01-29 22:17:22,403 INFO c.h.h.t.HelmChartContainer - [hivemq-test-hivemq-platform] [hivemq-platform-operator] [9fde0877] 22:17:22.402 [main] INFO  Default ConfigurationService implementation - Created configuration for reconciler com.hivemq.platform.operator.HiveMQPlatformReconciler with name hivemq-controller
2025-01-29 22:17:22,505 INFO c.h.h.t.HelmChartContainer - [hivemq-test-hivemq-platform] [hivemq-platform-operator] [9fde0877] 22:17:22.504 [main] DEBUG c.h.p.o.HiveMQPlatformReconciler - HiveMQ Platform Operator is preparing EventSources
2025-01-29 22:17:22,518 INFO c.h.h.t.HelmChartContainer - [hivemq-test-hivemq-platform] [hivemq-platform-operator] [9fde0877] 22:17:22.517 [main] INFO  i.javaoperatorsdk.operator.Operator - Registered reconciler: 'hivemq-controller' for resource: 'class com.hivemq.platform.operator.v1.HiveMQPlatform' for namespace(s): [all namespaces]
2025-01-29 22:17:23,111 INFO c.h.h.t.HelmChartContainer - [hivemq-test-hivemq-platform] [hivemq-platform-operator] [9fde0877] 22:17:23.110 [main] INFO  c.h.p.operator.webserver.JettyServer - Starting Jetty server on port 8080
2025-01-29 22:17:23,210 INFO c.h.h.t.HelmChartContainer - [hivemq-test-hivemq-platform] [hivemq-platform-operator] [9fde0877] 22:17:23.209 [main] INFO  i.javaoperatorsdk.operator.Operator - Operator SDK 4.9.7 (commit: 2133d28) built on Wed Nov 20 12:56:20 UTC 2024 starting...
2025-01-29 22:17:23,210 INFO c.h.h.t.HelmChartContainer - [hivemq-test-hivemq-platform] [hivemq-platform-operator] [9fde0877] 22:17:23.209 [main] INFO  i.javaoperatorsdk.operator.Operator - Client version: 6.13.5
2025-01-29 22:17:23,211 INFO c.h.h.t.HelmChartContainer - [hivemq-test-hivemq-platform] [hivemq-platform-operator] [9fde0877] 22:17:23.211 [Controller Starter for: hivemq-controller] INFO  i.j.operator.processing.Controller - Starting 'hivemq-controller' controller for reconciler: com.hivemq.platform.operator.HiveMQPlatformReconciler, resource: com.hivemq.platform.operator.v1.HiveMQPlatform
2025-01-29 22:17:25,508 INFO c.h.h.t.HelmChartContainer - [hivemq-test-hivemq-platform] [hivemq-platform-operator] [9fde0877] 22:17:25.507 [Controller Starter for: hivemq-controller] INFO  i.j.operator.processing.Controller - 'hivemq-controller' controller started
2025-01-29 22:17:25,509 INFO c.h.h.t.HelmChartContainer - [hivemq-test-hivemq-platform] [hivemq-platform-operator] [9fde0877] 22:17:25.507 [main] INFO  c.h.p.o.HiveMQPlatformOperatorApplication - HiveMQ Platform Operator 1.7.0-SNAPSHOT started in 6287 ms
2025-01-29 22:17:26,986 INFO c.h.h.t.HelmChartContainer - [POD] hivemq-test-hivemq-platform-operator-6966f96d65-smm6j [9fde0877-52c2-46bd-9186-e2009659d248] in helmcustomsecretconfigit-operator was MODIFIED
2025-01-29 22:17:26,996 INFO c.h.h.t.HelmChartContainer - [K3S] [replica_set.go:679] "Finished syncing" kind="ReplicaSet" key="helmcustomsecretconfigit-operator/hivemq-test-hivemq-platform-operator-6966f96d65" duration="10.30651ms"
2025-01-29 22:17:26,997 INFO c.h.h.t.HelmChartContainer - [K3S] [replica_set.go:679] "Finished syncing" kind="ReplicaSet" key="helmcustomsecretconfigit-operator/hivemq-test-hivemq-platform-operator-6966f96d65" duration="43.632µs"
2025-01-29 22:17:28,009 DEBUG c.h.h.t.HelmChartContainer - Executing helm command: /bin/helm --kubeconfig /etc/rancher/k3s/k3s.yaml install test-hivemq-platform /charts/hivemq-platform --wait --timeout 5m0s --set image.repository=docker.io/hivemq --set image.tag=4.36.0 --set image.pullPolicy=Never --set nodes.resources.cpu=512m --set config.createAs=Secret --namespace helmcustomsecretconfigit
2025-01-29 22:17:28,300 INFO c.h.h.t.HelmChartContainer - [hivemq-test-hivemq-platform] [hivemq-platform-operator] [9fde0877] 22:17:28.298 [-2082509879-pool-1-thread-1] WARN  i.m.p.PrometheusMeterRegistry - The meter (MeterId{name='operator.sdk.events.received', tags=[tag(action=ADDED),tag(event=ResourceEvent),tag(group=hivemq.com),tag(kind=HiveMQPlatform),tag(name=test-hivemq-platform),tag(namespace=helmcustomsecretconfigit),tag(scope=namespace),tag(version=v1)]}) registration has failed: Prometheus requires that all meters with the same name have the same set of tag keys. There is already an existing meter named 'operator.sdk.events.received' containing tag keys [event, group, kind, name, namespace, scope, version]. The meter you are attempting to register has keys [action, event, group, kind, name, namespace, scope, version]. Note that subsequent logs will be logged at debug level.
2025-01-29 22:17:28,699 INFO c.h.h.t.HelmChartContainer - [hivemq-test-hivemq-platform] [hivemq-platform-operator] [9fde0877] 22:17:28.698 [pool-6-thread-3] DEBUG c.h.p.o.dependants.PodInfoConfigMap - [helmcust] Desired PodInfo ConfigMap (1 extensions) (1 enabled)
2025-01-29 22:17:28,699 INFO c.h.h.t.HelmChartContainer - [hivemq-test-hivemq-platform] [hivemq-platform-operator] [9fde0877] 22:17:28.698 [pool-6-thread-3] DEBUG c.h.p.o.dependants.PodInfoConfigMap - [helmcust] Desired PodInfo ConfigMap (metrics port: 9399) (metrics path: /)
2025-01-29 22:17:28,699 INFO c.h.h.t.HelmChartContainer - [hivemq-test-hivemq-platform] [hivemq-platform-operator] [9fde0877] 22:17:28.699 [pool-6-thread-3] DEBUG c.h.p.o.dependants.PodInfoConfigMap - [helmcust] Desired PodInfo ConfigMap (extension state hash: -1817474005)
2025-01-29 22:17:28,703 INFO c.h.h.t.HelmChartContainer - [hivemq-test-hivemq-platform] [hivemq-platform-operator] [9fde0877] 22:17:28.701 [pool-6-thread-3] DEBUG c.h.p.o.dependants.PodInfoConfigMap - [helmcust] Create PodInfo ConfigMap
2025-01-29 22:17:28,805 INFO c.h.h.t.HelmChartContainer - [hivemq-test-hivemq-platform] [hivemq-platform-operator] [9fde0877] 22:17:28.803 [pool-6-thread-5] DEBUG c.h.p.o.dependants.PodRoleResource - [helmcust] Create Role: Role(apiVersion=rbac.authorization.k8s.io/v1, kind=Role, metadata=ObjectMeta(annotations={meta.helm.sh/release-name=test-hivemq-platform, meta.helm.sh/release-namespace=helmcustomsecretconfigit}, creationTimestamp=null, deletionGracePeriodSeconds=null, deletionTimestamp=null, finalizers=[], generateName=null, generation=null, labels={helm.sh/chart=hivemq-platform-0.2.32, app.kubernetes.io/managed-by=Helm, app.kubernetes.io/name=hivemq-platform, hivemq-platform=test-hivemq-platform, app.kubernetes.io/instance=test-hivemq-platform, app.kubernetes.io/version=4.36.0}, managedFields=[], name=hivemq-platform-role-test-hivemq-platform, namespace=helmcustomsecretconfigit, ownerReferences=[OwnerReference(apiVersion=hivemq.com/v1, blockOwnerDeletion=null, controller=null, kind=HiveMQPlatform, name=test-hivemq-platform, uid=108e8694-d6ce-4ffa-87d9-29fbb3e68785, additionalProperties={})], resourceVersion=null, selfLink=null, uid=null, additionalProperties={}), rules=[PolicyRule(apiGroups=[], nonResourceURLs=[], resourceNames=[], resources=[pods], verbs=[get, patch, update], additionalProperties={})], additionalProperties={})
2025-01-29 22:17:28,908 INFO c.h.h.t.HelmChartContainer - [hivemq-test-hivemq-platform] [hivemq-platform-operator] [9fde0877] 22:17:28.906 [pool-6-thread-7] DEBUG c.h.p.o.d.PodServiceAccountResource - [helmcust] Desired PodServiceAccountResource (serviceAccountName: hivemq-platform-pod-test-hivemq-platform)
2025-01-29 22:17:28,908 INFO c.h.h.t.HelmChartContainer - [hivemq-test-hivemq-platform] [hivemq-platform-operator] [9fde0877] 22:17:28.907 [pool-6-thread-7] DEBUG c.h.p.o.d.PodServiceAccountResource - [helmcust] Create ServiceAccount 'hivemq-platform-pod-test-hivemq-platform'
2025-01-29 22:17:29,098 INFO c.h.h.t.HelmChartContainer - [hivemq-test-hivemq-platform] [hivemq-platform-operator] [9fde0877] 22:17:29.097 [pool-6-thread-10] DEBUG c.h.p.o.d.PodRoleBindingResource - [helmcust] Create RoleBinding: RoleBinding(apiVersion=rbac.authorization.k8s.io/v1, kind=RoleBinding, metadata=ObjectMeta(annotations={meta.helm.sh/release-name=test-hivemq-platform, meta.helm.sh/release-namespace=helmcustomsecretconfigit}, creationTimestamp=null, deletionGracePeriodSeconds=null, deletionTimestamp=null, finalizers=[], generateName=null, generation=null, labels={helm.sh/chart=hivemq-platform-0.2.32, app.kubernetes.io/managed-by=Helm, app.kubernetes.io/name=hivemq-platform, hivemq-platform=test-hivemq-platform, app.kubernetes.io/instance=test-hivemq-platform, app.kubernetes.io/version=4.36.0}, managedFields=[], name=hivemq-platform-role-binding-test-hivemq-platform, namespace=helmcustomsecretconfigit, ownerReferences=[OwnerReference(apiVersion=hivemq.com/v1, blockOwnerDeletion=null, controller=null, kind=HiveMQPlatform, name=test-hivemq-platform, uid=108e8694-d6ce-4ffa-87d9-29fbb3e68785, additionalProperties={})], resourceVersion=null, selfLink=null, uid=null, additionalProperties={}), roleRef=RoleRef(apiGroup=rbac.authorization.k8s.io, kind=Role, name=hivemq-platform-role-test-hivemq-platform, additionalProperties={}), subjects=[Subject(apiGroup=null, kind=ServiceAccount, name=hivemq-platform-pod-test-hivemq-platform, namespace=helmcustomsecretconfigit, additionalProperties={})], additionalProperties={})
2025-01-29 22:17:29,118 INFO c.h.h.t.HelmChartContainer - [hivemq-test-hivemq-platform] [hivemq-platform-operator] [9fde0877] 22:17:29.117 [ReconcilerExecutor-hivemq-controller-54] INFO  c.h.p.o.HiveMQPlatformReconciler - [helmcust] Reconciling HiveMQ Platform 'test-hivemq-platform' in namespace 'helmcustomsecretconfigit'
2025-01-29 22:17:29,190 INFO c.h.h.t.HelmChartContainer - [hivemq-test-hivemq-platform] [hivemq-platform-operator] [9fde0877] 22:17:29.189 [ReconcilerExecutor-hivemq-controller-54] DEBUG c.h.p.o.HiveMQPlatformReconciler - [helmcust] Custom Resource Status CREATED - HiveMQ Platform was created (READY)
2025-01-29 22:17:29,191 INFO c.h.h.t.HelmChartContainer - [hivemq-test-hivemq-platform] [hivemq-platform-operator] [9fde0877] 22:17:29.190 [ReconcilerExecutor-hivemq-controller-54] DEBUG c.h.p.o.HiveMQPlatformReconciler - [helmcust] Custom Resource Spec (replicas: 2) (extensions: 1)
2025-01-29 22:17:29,197 INFO c.h.h.t.HelmChartContainer - [hivemq-test-hivemq-platform] [hivemq-platform-operator] [9fde0877] 22:17:29.196 [ReconcilerExecutor-hivemq-controller-54] INFO  c.h.p.o.h.HiveMQPlatformReconcilerBaseHandler - [helmcust] HiveMQ Platform is starting
2025-01-29 22:17:29,300 INFO c.h.h.t.HelmChartContainer - [hivemq-test-hivemq-platform] [hivemq-platform-operator] [9fde0877] 22:17:29.299 [ReconcilerExecutor-hivemq-controller-54] DEBUG c.h.p.operator.event.EventSender - [helmcust] Creating K8s event hivemq-platform-starting: [Start] HiveMQ Platform is starting
2025-01-29 22:17:29,308 INFO c.h.h.t.HelmChartContainer - [EVENT] Normal [Start] HiveMQ Platform is starting [helmcustomsecretconfigit:test-hivemq-platform]
2025-01-29 22:17:29,313 INFO c.h.h.t.HelmChartContainer - [hivemq-test-hivemq-platform] [hivemq-platform-operator] [9fde0877] 22:17:29.312 [ReconcilerExecutor-hivemq-controller-54] INFO  c.h.p.o.h.AbstractHiveMQReconcilerStateHandler - [helmcust] Update HiveMQ Platform Status (CREATED [READY] -> STARTING [READY]): HiveMQ Platform is starting
2025-01-29 22:17:29,407 DEBUG com.hivemq.helmcharts.util.K8sUtil - Comparing actual state 'STARTING' and waiting for 'RUNNING'
2025-01-29 22:17:39,421 INFO c.h.h.t.HelmChartContainer - [hivemq-test-hivemq-platform] [hivemq-platform-operator] [9fde0877] 22:17:39.416 [pool-6-thread-12] DEBUG c.h.p.o.d.PlatformServiceResource - [helmcust] Desired Platform services (3 services)
2025-01-29 22:17:39,421 INFO c.h.h.t.HelmChartContainer - [hivemq-test-hivemq-platform] [hivemq-platform-operator] [9fde0877] 22:17:39.417 [pool-6-thread-13] DEBUG c.h.p.o.dependants.PodInfoConfigMap - [helmcust] Desired PodInfo ConfigMap (1 extensions) (1 enabled)
2025-01-29 22:17:39,421 INFO c.h.h.t.HelmChartContainer - [hivemq-test-hivemq-platform] [hivemq-platform-operator] [9fde0877] 22:17:39.417 [pool-6-thread-13] DEBUG c.h.p.o.dependants.PodInfoConfigMap - [helmcust] Desired PodInfo ConfigMap (metrics port: 9399) (metrics path: /)
2025-01-29 22:17:39,421 INFO c.h.h.t.HelmChartContainer - [hivemq-test-hivemq-platform] [hivemq-platform-operator] [9fde0877] 22:17:39.417 [pool-6-thread-13] DEBUG c.h.p.o.dependants.PodInfoConfigMap - [helmcust] Desired PodInfo ConfigMap (extension state hash: -1817474005)
2025-01-29 22:17:39,423 INFO c.h.h.t.HelmChartContainer - [hivemq-test-hivemq-platform] [hivemq-platform-operator] [9fde0877] 22:17:39.422 [pool-6-thread-13] DEBUG c.h.p.o.dependants.PodInfoConfigMap - [helmcust] Update PodInfo ConfigMap
2025-01-29 22:17:39,424 INFO c.h.h.t.HelmChartContainer - [hivemq-test-hivemq-platform] [hivemq-platform-operator] [9fde0877] 22:17:39.424 [pool-6-thread-17] DEBUG c.h.p.o.d.PodServiceAccountResource - [helmcust] Desired PodServiceAccountResource (serviceAccountName: hivemq-platform-pod-test-hivemq-platform)
2025-01-29 22:17:39,509 INFO c.h.h.t.HelmChartContainer - [K3S] [alloc.go:330] "allocated clusterIPs" service="helmcustomsecretconfigit/hivemq-test-hivemq-platform-cc-8080" clusterIPs={"IPv4":"10.43.158.219"}
2025-01-29 22:17:39,609 INFO c.h.h.t.HelmChartContainer - [K3S] [alloc.go:330] "allocated clusterIPs" service="helmcustomsecretconfigit/hivemq-test-hivemq-platform-metrics-9399" clusterIPs={"IPv4":"10.43.110.125"}
2025-01-29 22:17:39,620 INFO c.h.h.t.HelmChartContainer - [K3S] [alloc.go:330] "allocated clusterIPs" service="helmcustomsecretconfigit/hivemq-test-hivemq-platform-mqtt-1883" clusterIPs={"IPv4":"10.43.24.202"}
2025-01-29 22:17:39,697 INFO c.h.h.t.HelmChartContainer - [hivemq-test-hivemq-platform] [hivemq-platform-operator] [9fde0877] 22:17:39.695 [pool-6-thread-20] DEBUG c.h.p.o.d.StatefulSetResource - [helmcust] Desired StatefulSet (2 replicas) for status STARTING (READY)
2025-01-29 22:17:39,711 INFO c.h.h.t.HelmChartContainer - [hivemq-test-hivemq-platform] [hivemq-platform-operator] [9fde0877] 22:17:39.710 [pool-6-thread-20] DEBUG c.h.p.o.d.StatefulSetResource - [helmcust] Create StatefulSet
2025-01-29 22:17:39,818 INFO c.h.h.t.HelmChartContainer - [hivemq-test-hivemq-platform] [hivemq-platform-operator] [9fde0877] 22:17:39.813 [ReconcilerExecutor-hivemq-controller-65] INFO  c.h.p.o.HiveMQPlatformReconciler - [helmcust] Reconciling HiveMQ Platform 'test-hivemq-platform' in namespace 'helmcustomsecretconfigit'
2025-01-29 22:17:39,818 INFO c.h.h.t.HelmChartContainer - [hivemq-test-hivemq-platform] [hivemq-platform-operator] [9fde0877] 22:17:39.813 [ReconcilerExecutor-hivemq-controller-65] DEBUG c.h.p.o.HiveMQPlatformReconciler - [helmcust] Custom Resource Status STARTING - HiveMQ Platform is starting (READY)
2025-01-29 22:17:39,818 INFO c.h.h.t.HelmChartContainer - [hivemq-test-hivemq-platform] [hivemq-platform-operator] [9fde0877] 22:17:39.813 [ReconcilerExecutor-hivemq-controller-65] DEBUG c.h.p.o.HiveMQPlatformReconciler - [helmcust] Custom Resource Spec (replicas: 2) (extensions: 1)
2025-01-29 22:17:39,819 INFO c.h.h.t.HelmChartContainer - [hivemq-test-hivemq-platform] [hivemq-platform-operator] [9fde0877] 22:17:39.818 [ReconcilerExecutor-hivemq-controller-65] DEBUG c.h.p.o.HiveMQPlatformReconciler - [helmcust] StatefulSet Status (revision: null, replicas: 0, available: 0, ready: 0, current: 0, updated: 0)
2025-01-29 22:17:39,821 INFO c.h.h.t.HelmChartContainer - [POD] test-hivemq-platform-0 [0a9d4b7d-7a2d-4ffd-aef4-937f2b18b111] in helmcustomsecretconfigit was ADDED
2025-01-29 22:17:39,822 INFO c.h.h.t.HelmChartContainer - [EVENT] Normal [SuccessfulCreate] create Pod test-hivemq-platform-0 in StatefulSet test-hivemq-platform successful [helmcustomsecretconfigit:test-hivemq-platform]
2025-01-29 22:17:39,822 INFO c.h.h.t.HelmChartContainer - [hivemq-test-hivemq-platform] [hivemq-platform-operator] [9fde0877] 22:17:39.819 [ReconcilerExecutor-hivemq-controller-65] DEBUG c.h.p.o.HiveMQPlatformReconciler - [helmcust] StatefulSet Spec (replicas: 2, init containers: 1, containers: 1, volumes: 3)
2025-01-29 22:17:39,827 INFO c.h.h.t.HelmChartContainer - [POD] test-hivemq-platform-0 [0a9d4b7d-7a2d-4ffd-aef4-937f2b18b111] in helmcustomsecretconfigit was MODIFIED
2025-01-29 22:17:39,827 INFO c.h.h.t.HelmChartContainer - [EVENT] Normal [Scheduled] Successfully assigned helmcustomsecretconfigit/test-hivemq-platform-0 to 8a91ea74c8b8 [helmcustomsecretconfigit:test-hivemq-platform-0]
2025-01-29 22:17:39,839 INFO c.h.h.t.HelmChartContainer - [POD] test-hivemq-platform-0 [0a9d4b7d-7a2d-4ffd-aef4-937f2b18b111] in helmcustomsecretconfigit was MODIFIED
2025-01-29 22:17:39,899 INFO c.h.h.t.HelmChartContainer - [hivemq-test-hivemq-platform] [hivemq-platform-operator] [9fde0877] 22:17:39.897 [ReconcilerExecutor-hivemq-controller-65] INFO  c.h.p.o.h.HiveMQPlatformReconcilerBaseHandler - [helmcust] HiveMQ Platform is starting, 0 of 2 replicas are ready
2025-01-29 22:17:39,908 INFO c.h.h.t.HelmChartContainer - [hivemq-test-hivemq-platform] [hivemq-platform-operator] [9fde0877] 22:17:39.906 [pool-6-thread-22] DEBUG c.h.p.o.d.PlatformServiceResource - [helmcust] Desired Platform services (3 services)
2025-01-29 22:17:39,975 INFO c.h.h.t.HelmChartContainer - [K3S] [reconciler_common.go:251] "operationExecutor.VerifyControllerAttachedVolume started for volume \"operator-init\" (UniqueName: \"kubernetes.io/empty-dir/0a9d4b7d-7a2d-4ffd-aef4-937f2b18b111-operator-init\") pod \"test-hivemq-platform-0\" (UID: \"0a9d4b7d-7a2d-4ffd-aef4-937f2b18b111\") " pod="helmcustomsecretconfigit/test-hivemq-platform-0"
2025-01-29 22:17:39,975 INFO c.h.h.t.HelmChartContainer - [K3S] [reconciler_common.go:251] "operationExecutor.VerifyControllerAttachedVolume started for volume \"kube-api-access-6wrxj\" (UniqueName: \"kubernetes.io/projected/0a9d4b7d-7a2d-4ffd-aef4-937f2b18b111-kube-api-access-6wrxj\") pod \"test-hivemq-platform-0\" (UID: \"0a9d4b7d-7a2d-4ffd-aef4-937f2b18b111\") " pod="helmcustomsecretconfigit/test-hivemq-platform-0"
2025-01-29 22:17:39,975 INFO c.h.h.t.HelmChartContainer - [K3S] [reconciler_common.go:251] "operationExecutor.VerifyControllerAttachedVolume started for volume \"pod-info\" (UniqueName: \"kubernetes.io/configmap/0a9d4b7d-7a2d-4ffd-aef4-937f2b18b111-pod-info\") pod \"test-hivemq-platform-0\" (UID: \"0a9d4b7d-7a2d-4ffd-aef4-937f2b18b111\") " pod="helmcustomsecretconfigit/test-hivemq-platform-0"
2025-01-29 22:17:39,975 INFO c.h.h.t.HelmChartContainer - [K3S] [reconciler_common.go:251] "operationExecutor.VerifyControllerAttachedVolume started for volume \"broker-configuration\" (UniqueName: \"kubernetes.io/secret/0a9d4b7d-7a2d-4ffd-aef4-937f2b18b111-broker-configuration\") pod \"test-hivemq-platform-0\" (UID: \"0a9d4b7d-7a2d-4ffd-aef4-937f2b18b111\") " pod="helmcustomsecretconfigit/test-hivemq-platform-0"
2025-01-29 22:17:39,999 INFO c.h.h.t.HelmChartContainer - [hivemq-test-hivemq-platform] [hivemq-platform-operator] [9fde0877] 22:17:39.996 [pool-6-thread-23] DEBUG c.h.p.o.dependants.PodInfoConfigMap - [helmcust] Desired PodInfo ConfigMap (1 extensions) (1 enabled)
2025-01-29 22:17:39,999 INFO c.h.h.t.HelmChartContainer - [hivemq-test-hivemq-platform] [hivemq-platform-operator] [9fde0877] 22:17:39.996 [pool-6-thread-23] DEBUG c.h.p.o.dependants.PodInfoConfigMap - [helmcust] Desired PodInfo ConfigMap (metrics port: 9399) (metrics path: /)
2025-01-29 22:17:39,999 INFO c.h.h.t.HelmChartContainer - [hivemq-test-hivemq-platform] [hivemq-platform-operator] [9fde0877] 22:17:39.996 [pool-6-thread-23] DEBUG c.h.p.o.dependants.PodInfoConfigMap - [helmcust] Desired PodInfo ConfigMap (extension state hash: -1817474005)
2025-01-29 22:17:40,006 INFO c.h.h.t.HelmChartContainer - [hivemq-test-hivemq-platform] [hivemq-platform-operator] [9fde0877] 22:17:40.004 [pool-6-thread-27] DEBUG c.h.p.o.d.PodServiceAccountResource - [helmcust] Desired PodServiceAccountResource (serviceAccountName: hivemq-platform-pod-test-hivemq-platform)
2025-01-29 22:17:40,100 INFO c.h.h.t.HelmChartContainer - [hivemq-test-hivemq-platform] [hivemq-platform-operator] [9fde0877] 22:17:40.098 [pool-6-thread-30] DEBUG c.h.p.o.d.StatefulSetResource - [helmcust] Desired StatefulSet (2 replicas) for status STARTING (READY)
2025-01-29 22:17:40,106 INFO c.h.h.t.HelmChartContainer - [hivemq-test-hivemq-platform] [hivemq-platform-operator] [9fde0877] 22:17:40.105 [ReconcilerExecutor-hivemq-controller-76] INFO  c.h.p.o.HiveMQPlatformReconciler - [helmcust] Reconciling HiveMQ Platform 'test-hivemq-platform' in namespace 'helmcustomsecretconfigit'
2025-01-29 22:17:40,106 INFO c.h.h.t.HelmChartContainer - [hivemq-test-hivemq-platform] [hivemq-platform-operator] [9fde0877] 22:17:40.105 [ReconcilerExecutor-hivemq-controller-76] DEBUG c.h.p.o.HiveMQPlatformReconciler - [helmcust] Custom Resource Status STARTING - HiveMQ Platform is starting (READY)
2025-01-29 22:17:40,107 INFO c.h.h.t.HelmChartContainer - [hivemq-test-hivemq-platform] [hivemq-platform-operator] [9fde0877] 22:17:40.105 [ReconcilerExecutor-hivemq-controller-76] DEBUG c.h.p.o.HiveMQPlatformReconciler - [helmcust] Custom Resource Spec (replicas: 2) (extensions: 1)
2025-01-29 22:17:40,109 INFO c.h.h.t.HelmChartContainer - [hivemq-test-hivemq-platform] [hivemq-platform-operator] [9fde0877] 22:17:40.108 [ReconcilerExecutor-hivemq-controller-76] DEBUG c.h.p.o.HiveMQPlatformReconciler - [helmcust] StatefulSet Status (revision: test-hivemq-platform-7f5cbb4b76, replicas: 1, available: 0, ready: 0, current: 1, updated: 1)
2025-01-29 22:17:40,109 INFO c.h.h.t.HelmChartContainer - [hivemq-test-hivemq-platform] [hivemq-platform-operator] [9fde0877] 22:17:40.108 [ReconcilerExecutor-hivemq-controller-76] DEBUG c.h.p.o.HiveMQPlatformReconciler - [helmcust] StatefulSet Spec (replicas: 2, init containers: 1, containers: 1, volumes: 3)
2025-01-29 22:17:40,205 INFO c.h.h.t.HelmChartContainer - [hivemq-test-hivemq-platform] [hivemq-platform-operator] [9fde0877] 22:17:40.201 [ReconcilerExecutor-hivemq-controller-76] DEBUG c.h.p.o.h.HiveMQPlatformReconcilerErrorHandler - [helmcust] Pod 'test-hivemq-platform-0' phase Pending
2025-01-29 22:17:40,205 INFO c.h.h.t.HelmChartContainer - [hivemq-test-hivemq-platform] [hivemq-platform-operator] [9fde0877] 22:17:40.202 [ReconcilerExecutor-hivemq-controller-76] DEBUG c.h.p.o.h.HiveMQPlatformReconcilerErrorHandler - [helmcust] Pod 'test-hivemq-platform-0' condition 'PodReadyToStartContainers': False
2025-01-29 22:17:40,205 INFO c.h.h.t.HelmChartContainer - [hivemq-test-hivemq-platform] [hivemq-platform-operator] [9fde0877] 22:17:40.202 [ReconcilerExecutor-hivemq-controller-76] DEBUG c.h.p.o.h.HiveMQPlatformReconcilerErrorHandler - [helmcust] Pod 'test-hivemq-platform-0' condition 'Initialized': False
2025-01-29 22:17:40,205 INFO c.h.h.t.HelmChartContainer - [hivemq-test-hivemq-platform] [hivemq-platform-operator] [9fde0877] 22:17:40.202 [ReconcilerExecutor-hivemq-controller-76] DEBUG c.h.p.o.h.HiveMQPlatformReconcilerErrorHandler - [helmcust] Pod 'test-hivemq-platform-0' condition 'Ready': False
2025-01-29 22:17:40,205 INFO c.h.h.t.HelmChartContainer - [hivemq-test-hivemq-platform] [hivemq-platform-operator] [9fde0877] 22:17:40.202 [ReconcilerExecutor-hivemq-controller-76] DEBUG c.h.p.o.h.HiveMQPlatformReconcilerErrorHandler - [helmcust] Pod 'test-hivemq-platform-0' condition 'ContainersReady': False
2025-01-29 22:17:40,205 INFO c.h.h.t.HelmChartContainer - [hivemq-test-hivemq-platform] [hivemq-platform-operator] [9fde0877] 22:17:40.202 [ReconcilerExecutor-hivemq-controller-76] DEBUG c.h.p.o.h.HiveMQPlatformReconcilerErrorHandler - [helmcust] Pod 'test-hivemq-platform-0' condition 'PodScheduled': True
2025-01-29 22:17:40,207 INFO c.h.h.t.HelmChartContainer - [hivemq-test-hivemq-platform] [hivemq-platform-operator] [9fde0877] 22:17:40.203 [ReconcilerExecutor-hivemq-controller-76] DEBUG c.h.p.o.h.HiveMQPlatformReconcilerErrorHandler - [helmcust] Pod 'test-hivemq-platform-0' containerStatus 'hivemq' (started: false) (ready: false) (waiting: [PodInitializing] null)
2025-01-29 22:17:40,207 INFO c.h.h.t.HelmChartContainer - [hivemq-test-hivemq-platform] [hivemq-platform-operator] [9fde0877] 22:17:40.204 [ReconcilerExecutor-hivemq-controller-76] INFO  c.h.p.o.h.HiveMQPlatformReconcilerBaseHandler - [helmcust] HiveMQ Platform is starting, 0 of 2 replicas are ready
2025-01-29 22:17:40,213 INFO c.h.h.t.HelmChartContainer - [hivemq-test-hivemq-platform] [hivemq-platform-operator] [9fde0877] 22:17:40.212 [pool-6-thread-32] DEBUG c.h.p.o.d.PlatformServiceResource - [helmcust] Desired Platform services (3 services)
2025-01-29 22:17:40,228 INFO c.h.h.t.HelmChartContainer - [EVENT] Normal [Pulled] Container image "docker.io/hivemq/hivemq-platform-operator-init-test:snapshot" already present on machine [helmcustomsecretconfigit:test-hivemq-platform-0]
2025-01-29 22:17:40,299 INFO c.h.h.t.HelmChartContainer - [hivemq-test-hivemq-platform] [hivemq-platform-operator] [9fde0877] 22:17:40.295 [pool-6-thread-33] DEBUG c.h.p.o.dependants.PodInfoConfigMap - [helmcust] Desired PodInfo ConfigMap (1 extensions) (1 enabled)
2025-01-29 22:17:40,299 INFO c.h.h.t.HelmChartContainer - [hivemq-test-hivemq-platform] [hivemq-platform-operator] [9fde0877] 22:17:40.296 [pool-6-thread-33] DEBUG c.h.p.o.dependants.PodInfoConfigMap - [helmcust] Desired PodInfo ConfigMap (metrics port: 9399) (metrics path: /)
2025-01-29 22:17:40,299 INFO c.h.h.t.HelmChartContainer - [hivemq-test-hivemq-platform] [hivemq-platform-operator] [9fde0877] 22:17:40.296 [pool-6-thread-33] DEBUG c.h.p.o.dependants.PodInfoConfigMap - [helmcust] Desired PodInfo ConfigMap (extension state hash: -1817474005)
2025-01-29 22:17:40,299 INFO c.h.h.t.HelmChartContainer - [hivemq-test-hivemq-platform] [hivemq-platform-operator] [9fde0877] 22:17:40.298 [pool-6-thread-37] DEBUG c.h.p.o.d.PodServiceAccountResource - [helmcust] Desired PodServiceAccountResource (serviceAccountName: hivemq-platform-pod-test-hivemq-platform)
2025-01-29 22:17:40,308 INFO c.h.h.t.HelmChartContainer - [hivemq-test-hivemq-platform] [hivemq-platform-operator] [9fde0877] 22:17:40.306 [pool-6-thread-40] DEBUG c.h.p.o.d.StatefulSetResource - [helmcust] Desired StatefulSet (2 replicas) for status STARTING (READY)
2025-01-29 22:17:40,311 INFO c.h.h.t.HelmChartContainer - [hivemq-test-hivemq-platform] [hivemq-platform-operator] [9fde0877] 22:17:40.310 [ReconcilerExecutor-hivemq-controller-87] INFO  c.h.p.o.HiveMQPlatformReconciler - [helmcust] Reconciling HiveMQ Platform 'test-hivemq-platform' in namespace 'helmcustomsecretconfigit'
2025-01-29 22:17:40,313 INFO c.h.h.t.HelmChartContainer - [hivemq-test-hivemq-platform] [hivemq-platform-operator] [9fde0877] 22:17:40.311 [ReconcilerExecutor-hivemq-controller-87] DEBUG c.h.p.o.HiveMQPlatformReconciler - [helmcust] Custom Resource Status STARTING - HiveMQ Platform is starting (READY)
2025-01-29 22:17:40,313 INFO c.h.h.t.HelmChartContainer - [hivemq-test-hivemq-platform] [hivemq-platform-operator] [9fde0877] 22:17:40.311 [ReconcilerExecutor-hivemq-controller-87] DEBUG c.h.p.o.HiveMQPlatformReconciler - [helmcust] Custom Resource Spec (replicas: 2) (extensions: 1)
2025-01-29 22:17:40,346 INFO c.h.h.t.HelmChartContainer - [EVENT] Normal [Created] Created container: hivemq-platform-operator-init [helmcustomsecretconfigit:test-hivemq-platform-0]
2025-01-29 22:17:40,384 INFO c.h.h.t.HelmChartContainer - [EVENT] Normal [Started] Started container hivemq-platform-operator-init [helmcustomsecretconfigit:test-hivemq-platform-0]
2025-01-29 22:17:40,397 INFO c.h.h.t.HelmChartContainer - [hivemq-test-hivemq-platform] [hivemq-platform-operator] [9fde0877] 22:17:40.395 [ReconcilerExecutor-hivemq-controller-87] DEBUG c.h.p.o.HiveMQPlatformReconciler - [helmcust] StatefulSet Status (revision: test-hivemq-platform-7f5cbb4b76, replicas: 1, available: 0, ready: 0, current: 1, updated: 1)
2025-01-29 22:17:40,398 INFO c.h.h.t.HelmChartContainer - [hivemq-test-hivemq-platform] [hivemq-platform-operator] [9fde0877] 22:17:40.395 [ReconcilerExecutor-hivemq-controller-87] DEBUG c.h.p.o.HiveMQPlatformReconciler - [helmcust] StatefulSet Spec (replicas: 2, init containers: 1, containers: 1, volumes: 3)
2025-01-29 22:17:40,399 INFO c.h.h.t.HelmChartContainer - [hivemq-test-hivemq-platform] [hivemq-platform-operator] [9fde0877] 22:17:40.398 [ReconcilerExecutor-hivemq-controller-87] DEBUG c.h.p.o.h.HiveMQPlatformReconcilerErrorHandler - [helmcust] Pod 'test-hivemq-platform-0' phase Pending
2025-01-29 22:17:40,401 INFO c.h.h.t.HelmChartContainer - [hivemq-test-hivemq-platform] [hivemq-platform-operator] [9fde0877] 22:17:40.399 [ReconcilerExecutor-hivemq-controller-87] DEBUG c.h.p.o.h.HiveMQPlatformReconcilerErrorHandler - [helmcust] Pod 'test-hivemq-platform-0' condition 'PodReadyToStartContainers': False
2025-01-29 22:17:40,401 INFO c.h.h.t.HelmChartContainer - [hivemq-test-hivemq-platform] [hivemq-platform-operator] [9fde0877] 22:17:40.399 [ReconcilerExecutor-hivemq-controller-87] DEBUG c.h.p.o.h.HiveMQPlatformReconcilerErrorHandler - [helmcust] Pod 'test-hivemq-platform-0' condition 'Initialized': False
2025-01-29 22:17:40,401 INFO c.h.h.t.HelmChartContainer - [hivemq-test-hivemq-platform] [hivemq-platform-operator] [9fde0877] 22:17:40.399 [ReconcilerExecutor-hivemq-controller-87] DEBUG c.h.p.o.h.HiveMQPlatformReconcilerErrorHandler - [helmcust] Pod 'test-hivemq-platform-0' condition 'Ready': False
2025-01-29 22:17:40,401 INFO c.h.h.t.HelmChartContainer - [hivemq-test-hivemq-platform] [hivemq-platform-operator] [9fde0877] 22:17:40.399 [ReconcilerExecutor-hivemq-controller-87] DEBUG c.h.p.o.h.HiveMQPlatformReconcilerErrorHandler - [helmcust] Pod 'test-hivemq-platform-0' condition 'ContainersReady': False
2025-01-29 22:17:40,402 INFO c.h.h.t.HelmChartContainer - [hivemq-test-hivemq-platform] [hivemq-platform-operator] [9fde0877] 22:17:40.399 [ReconcilerExecutor-hivemq-controller-87] DEBUG c.h.p.o.h.HiveMQPlatformReconcilerErrorHandler - [helmcust] Pod 'test-hivemq-platform-0' condition 'PodScheduled': True
2025-01-29 22:17:40,402 INFO c.h.h.t.HelmChartContainer - [hivemq-test-hivemq-platform] [hivemq-platform-operator] [9fde0877] 22:17:40.399 [ReconcilerExecutor-hivemq-controller-87] DEBUG c.h.p.o.h.HiveMQPlatformReconcilerErrorHandler - [helmcust] Pod 'test-hivemq-platform-0' containerStatus 'hivemq' (started: false) (ready: false) (waiting: [PodInitializing] null)
2025-01-29 22:17:40,402 INFO c.h.h.t.HelmChartContainer - [hivemq-test-hivemq-platform] [hivemq-platform-operator] [9fde0877] 22:17:40.400 [ReconcilerExecutor-hivemq-controller-87] INFO  c.h.p.o.h.HiveMQPlatformReconcilerBaseHandler - [helmcust] HiveMQ Platform is starting, 0 of 2 replicas are ready
2025-01-29 22:17:41,018 INFO c.h.h.t.HelmChartContainer - [POD] test-hivemq-platform-0 [0a9d4b7d-7a2d-4ffd-aef4-937f2b18b111] in helmcustomsecretconfigit was MODIFIED
2025-01-29 22:17:41,031 INFO c.h.h.t.HelmChartContainer - [hivemq-test-hivemq-platform] [hivemq-platform-operator] [9fde0877] 22:17:41.030 [pool-6-thread-42] DEBUG c.h.p.o.d.PlatformServiceResource - [helmcust] Desired Platform services (3 services)
2025-01-29 22:17:41,041 INFO c.h.h.t.HelmChartContainer - [hivemq-test-hivemq-platform] [hivemq-platform-operator] [9fde0877] 22:17:41.034 [pool-6-thread-43] DEBUG c.h.p.o.dependants.PodInfoConfigMap - [helmcust] Desired PodInfo ConfigMap (1 extensions) (1 enabled)
2025-01-29 22:17:41,041 INFO c.h.h.t.HelmChartContainer - [hivemq-test-hivemq-platform] [hivemq-platform-operator] [9fde0877] 22:17:41.040 [pool-6-thread-43] DEBUG c.h.p.o.dependants.PodInfoConfigMap - [helmcust] Desired PodInfo ConfigMap (metrics port: 9399) (metrics path: /)
2025-01-29 22:17:41,041 INFO c.h.h.t.HelmChartContainer - [hivemq-test-hivemq-platform] [hivemq-platform-operator] [9fde0877] 22:17:41.040 [pool-6-thread-43] DEBUG c.h.p.o.dependants.PodInfoConfigMap - [helmcust] Desired PodInfo ConfigMap (extension state hash: -1817474005)
2025-01-29 22:17:41,098 INFO c.h.h.t.HelmChartContainer - [hivemq-test-hivemq-platform] [hivemq-platform-operator] [9fde0877] 22:17:41.038 [pool-6-thread-47] DEBUG c.h.p.o.d.PodServiceAccountResource - [helmcust] Desired PodServiceAccountResource (serviceAccountName: hivemq-platform-pod-test-hivemq-platform)
2025-01-29 22:17:41,106 INFO c.h.h.t.HelmChartContainer - [hivemq-test-hivemq-platform] [hivemq-platform-operator] [9fde0877] 22:17:41.101 [pool-6-thread-50] DEBUG c.h.p.o.d.StatefulSetResource - [helmcust] Desired StatefulSet (2 replicas) for status STARTING (READY)
2025-01-29 22:17:41,106 INFO c.h.h.t.HelmChartContainer - [hivemq-test-hivemq-platform] [hivemq-platform-operator] [9fde0877] 22:17:41.105 [ReconcilerExecutor-hivemq-controller-98] INFO  c.h.p.o.HiveMQPlatformReconciler - [helmcust] Reconciling HiveMQ Platform 'test-hivemq-platform' in namespace 'helmcustomsecretconfigit'
2025-01-29 22:17:41,106 INFO c.h.h.t.HelmChartContainer - [hivemq-test-hivemq-platform] [hivemq-platform-operator] [9fde0877] 22:17:41.105 [ReconcilerExecutor-hivemq-controller-98] DEBUG c.h.p.o.HiveMQPlatformReconciler - [helmcust] Custom Resource Status STARTING - HiveMQ Platform is starting (READY)
2025-01-29 22:17:41,107 INFO c.h.h.t.HelmChartContainer - [hivemq-test-hivemq-platform] [hivemq-platform-operator] [9fde0877] 22:17:41.106 [ReconcilerExecutor-hivemq-controller-98] DEBUG c.h.p.o.HiveMQPlatformReconciler - [helmcust] Custom Resource Spec (replicas: 2) (extensions: 1)
2025-01-29 22:17:41,109 INFO c.h.h.t.HelmChartContainer - [hivemq-test-hivemq-platform] [hivemq-platform-operator] [9fde0877] 22:17:41.108 [ReconcilerExecutor-hivemq-controller-98] DEBUG c.h.p.o.HiveMQPlatformReconciler - [helmcust] StatefulSet Status (revision: test-hivemq-platform-7f5cbb4b76, replicas: 1, available: 0, ready: 0, current: 1, updated: 1)
2025-01-29 22:17:41,109 INFO c.h.h.t.HelmChartContainer - [hivemq-test-hivemq-platform] [hivemq-platform-operator] [9fde0877] 22:17:41.108 [ReconcilerExecutor-hivemq-controller-98] DEBUG c.h.p.o.HiveMQPlatformReconciler - [helmcust] StatefulSet Spec (replicas: 2, init containers: 1, containers: 1, volumes: 3)
2025-01-29 22:17:41,196 INFO c.h.h.t.HelmChartContainer - [hivemq-test-hivemq-platform] [hivemq-platform-operator] [9fde0877] 22:17:41.195 [ReconcilerExecutor-hivemq-controller-98] DEBUG c.h.p.o.h.HiveMQPlatformReconcilerErrorHandler - [helmcust] Pod 'test-hivemq-platform-0' phase Pending
2025-01-29 22:17:41,197 INFO c.h.h.t.HelmChartContainer - [hivemq-test-hivemq-platform] [hivemq-platform-operator] [9fde0877] 22:17:41.195 [ReconcilerExecutor-hivemq-controller-98] DEBUG c.h.p.o.h.HiveMQPlatformReconcilerErrorHandler - [helmcust] Pod 'test-hivemq-platform-0' condition 'PodReadyToStartContainers': True
2025-01-29 22:17:41,197 INFO c.h.h.t.HelmChartContainer - [hivemq-test-hivemq-platform] [hivemq-platform-operator] [9fde0877] 22:17:41.195 [ReconcilerExecutor-hivemq-controller-98] DEBUG c.h.p.o.h.HiveMQPlatformReconcilerErrorHandler - [helmcust] Pod 'test-hivemq-platform-0' condition 'Initialized': False
2025-01-29 22:17:41,198 INFO c.h.h.t.HelmChartContainer - [hivemq-test-hivemq-platform] [hivemq-platform-operator] [9fde0877] 22:17:41.195 [ReconcilerExecutor-hivemq-controller-98] DEBUG c.h.p.o.h.HiveMQPlatformReconcilerErrorHandler - [helmcust] Pod 'test-hivemq-platform-0' condition 'Ready': False
2025-01-29 22:17:41,198 INFO c.h.h.t.HelmChartContainer - [hivemq-test-hivemq-platform] [hivemq-platform-operator] [9fde0877] 22:17:41.195 [ReconcilerExecutor-hivemq-controller-98] DEBUG c.h.p.o.h.HiveMQPlatformReconcilerErrorHandler - [helmcust] Pod 'test-hivemq-platform-0' condition 'ContainersReady': False
2025-01-29 22:17:41,198 INFO c.h.h.t.HelmChartContainer - [hivemq-test-hivemq-platform] [hivemq-platform-operator] [9fde0877] 22:17:41.195 [ReconcilerExecutor-hivemq-controller-98] DEBUG c.h.p.o.h.HiveMQPlatformReconcilerErrorHandler - [helmcust] Pod 'test-hivemq-platform-0' condition 'PodScheduled': True
2025-01-29 22:17:41,198 INFO c.h.h.t.HelmChartContainer - [hivemq-test-hivemq-platform] [hivemq-platform-operator] [9fde0877] 22:17:41.195 [ReconcilerExecutor-hivemq-controller-98] DEBUG c.h.p.o.h.HiveMQPlatformReconcilerErrorHandler - [helmcust] Pod 'test-hivemq-platform-0' containerStatus 'hivemq' (started: false) (ready: false) (waiting: [PodInitializing] null)
2025-01-29 22:17:41,198 INFO c.h.h.t.HelmChartContainer - [hivemq-test-hivemq-platform] [hivemq-platform-operator] [9fde0877] 22:17:41.196 [ReconcilerExecutor-hivemq-controller-98] INFO  c.h.p.o.h.HiveMQPlatformReconcilerBaseHandler - [helmcust] HiveMQ Platform is starting, 0 of 2 replicas are ready
2025-01-29 22:17:42,011 INFO c.h.h.t.HelmChartContainer - [EVENT] Normal [Pulled] Container image "docker.io/hivemq/hivemq4:4.36.0" already present on machine [helmcustomsecretconfigit:test-hivemq-platform-0]
2025-01-29 22:17:42,011 INFO c.h.h.t.HelmChartContainer - Received Pulled event for container hivemq in pod test-hivemq-platform-0 [0a9d4b7d-7a2d-4ffd-aef4-937f2b18b111]
2025-01-29 22:17:42,019 INFO c.h.h.t.HelmChartContainer - [POD] test-hivemq-platform-0 [0a9d4b7d-7a2d-4ffd-aef4-937f2b18b111] in helmcustomsecretconfigit was MODIFIED
2025-01-29 22:17:42,027 INFO c.h.h.t.HelmChartContainer - [hivemq-test-hivemq-platform] [hivemq-platform-operator] [9fde0877] 22:17:42.025 [pool-6-thread-8] DEBUG c.h.p.o.d.PlatformServiceResource - [helmcust] Desired Platform services (3 services)
2025-01-29 22:17:42,030 INFO c.h.h.t.HelmChartContainer - [hivemq-test-hivemq-platform] [hivemq-platform-operator] [9fde0877] 22:17:42.027 [pool-6-thread-1] DEBUG c.h.p.o.d.PodServiceAccountResource - [helmcust] Desired PodServiceAccountResource (serviceAccountName: hivemq-platform-pod-test-hivemq-platform)
2025-01-29 22:17:42,034 INFO c.h.h.t.HelmChartContainer - [hivemq-test-hivemq-platform] [hivemq-platform-operator] [9fde0877] 22:17:42.032 [pool-6-thread-6] DEBUG c.h.p.o.dependants.PodInfoConfigMap - [helmcust] Desired PodInfo ConfigMap (1 extensions) (1 enabled)
2025-01-29 22:17:42,034 INFO c.h.h.t.HelmChartContainer - [hivemq-test-hivemq-platform] [hivemq-platform-operator] [9fde0877] 22:17:42.032 [pool-6-thread-6] DEBUG c.h.p.o.dependants.PodInfoConfigMap - [helmcust] Desired PodInfo ConfigMap (metrics port: 9399) (metrics path: /)
2025-01-29 22:17:42,035 INFO c.h.h.t.HelmChartContainer - [hivemq-test-hivemq-platform] [hivemq-platform-operator] [9fde0877] 22:17:42.032 [pool-6-thread-6] DEBUG c.h.p.o.dependants.PodInfoConfigMap - [helmcust] Desired PodInfo ConfigMap (extension state hash: -1817474005)
2025-01-29 22:17:42,097 INFO c.h.h.t.HelmChartContainer - [hivemq-test-hivemq-platform] [hivemq-platform-operator] [9fde0877] 22:17:42.095 [pool-6-thread-8] DEBUG c.h.p.o.d.StatefulSetResource - [helmcust] Desired StatefulSet (2 replicas) for status STARTING (READY)
2025-01-29 22:17:42,102 INFO c.h.h.t.HelmChartContainer - [hivemq-test-hivemq-platform] [hivemq-platform-operator] [9fde0877] 22:17:42.101 [ReconcilerExecutor-hivemq-controller-109] INFO  c.h.p.o.HiveMQPlatformReconciler - [helmcust] Reconciling HiveMQ Platform 'test-hivemq-platform' in namespace 'helmcustomsecretconfigit'
2025-01-29 22:17:42,103 INFO c.h.h.t.HelmChartContainer - [hivemq-test-hivemq-platform] [hivemq-platform-operator] [9fde0877] 22:17:42.101 [ReconcilerExecutor-hivemq-controller-109] DEBUG c.h.p.o.HiveMQPlatformReconciler - [helmcust] Custom Resource Status STARTING - HiveMQ Platform is starting (READY)
2025-01-29 22:17:42,104 INFO c.h.h.t.HelmChartContainer - [hivemq-test-hivemq-platform] [hivemq-platform-operator] [9fde0877] 22:17:42.101 [ReconcilerExecutor-hivemq-controller-109] DEBUG c.h.p.o.HiveMQPlatformReconciler - [helmcust] Custom Resource Spec (replicas: 2) (extensions: 1)
2025-01-29 22:17:42,105 INFO c.h.h.t.HelmChartContainer - [hivemq-test-hivemq-platform] [hivemq-platform-operator] [9fde0877] 22:17:42.104 [ReconcilerExecutor-hivemq-controller-109] DEBUG c.h.p.o.HiveMQPlatformReconciler - [helmcust] StatefulSet Status (revision: test-hivemq-platform-7f5cbb4b76, replicas: 1, available: 0, ready: 0, current: 1, updated: 1)
2025-01-29 22:17:42,106 INFO c.h.h.t.HelmChartContainer - [hivemq-test-hivemq-platform] [hivemq-platform-operator] [9fde0877] 22:17:42.104 [ReconcilerExecutor-hivemq-controller-109] DEBUG c.h.p.o.HiveMQPlatformReconciler - [helmcust] StatefulSet Spec (replicas: 2, init containers: 1, containers: 1, volumes: 3)
2025-01-29 22:17:42,111 INFO c.h.h.t.HelmChartContainer - [hivemq-test-hivemq-platform] [hivemq-platform-operator] [9fde0877] 22:17:42.109 [ReconcilerExecutor-hivemq-controller-109] DEBUG c.h.p.o.h.HiveMQPlatformReconcilerErrorHandler - [helmcust] Pod 'test-hivemq-platform-0' phase Pending
2025-01-29 22:17:42,111 INFO c.h.h.t.HelmChartContainer - [hivemq-test-hivemq-platform] [hivemq-platform-operator] [9fde0877] 22:17:42.109 [ReconcilerExecutor-hivemq-controller-109] DEBUG c.h.p.o.h.HiveMQPlatformReconcilerErrorHandler - [helmcust] Pod 'test-hivemq-platform-0' condition 'PodReadyToStartContainers': True
2025-01-29 22:17:42,111 INFO c.h.h.t.HelmChartContainer - [hivemq-test-hivemq-platform] [hivemq-platform-operator] [9fde0877] 22:17:42.109 [ReconcilerExecutor-hivemq-controller-109] DEBUG c.h.p.o.h.HiveMQPlatformReconcilerErrorHandler - [helmcust] Pod 'test-hivemq-platform-0' condition 'Initialized': True
2025-01-29 22:17:42,111 INFO c.h.h.t.HelmChartContainer - [hivemq-test-hivemq-platform] [hivemq-platform-operator] [9fde0877] 22:17:42.109 [ReconcilerExecutor-hivemq-controller-109] DEBUG c.h.p.o.h.HiveMQPlatformReconcilerErrorHandler - [helmcust] Pod 'test-hivemq-platform-0' condition 'Ready': False
2025-01-29 22:17:42,111 INFO c.h.h.t.HelmChartContainer - [hivemq-test-hivemq-platform] [hivemq-platform-operator] [9fde0877] 22:17:42.109 [ReconcilerExecutor-hivemq-controller-109] DEBUG c.h.p.o.h.HiveMQPlatformReconcilerErrorHandler - [helmcust] Pod 'test-hivemq-platform-0' condition 'ContainersReady': False
2025-01-29 22:17:42,111 INFO c.h.h.t.HelmChartContainer - [hivemq-test-hivemq-platform] [hivemq-platform-operator] [9fde0877] 22:17:42.109 [ReconcilerExecutor-hivemq-controller-109] DEBUG c.h.p.o.h.HiveMQPlatformReconcilerErrorHandler - [helmcust] Pod 'test-hivemq-platform-0' condition 'PodScheduled': True
2025-01-29 22:17:42,111 INFO c.h.h.t.HelmChartContainer - [hivemq-test-hivemq-platform] [hivemq-platform-operator] [9fde0877] 22:17:42.109 [ReconcilerExecutor-hivemq-controller-109] DEBUG c.h.p.o.h.HiveMQPlatformReconcilerErrorHandler - [helmcust] Pod 'test-hivemq-platform-0' containerStatus 'hivemq' (started: false) (ready: false) (waiting: [PodInitializing] null)
2025-01-29 22:17:42,111 INFO c.h.h.t.HelmChartContainer - [hivemq-test-hivemq-platform] [hivemq-platform-operator] [9fde0877] 22:17:42.110 [ReconcilerExecutor-hivemq-controller-109] INFO  c.h.p.o.h.HiveMQPlatformReconcilerBaseHandler - [helmcust] HiveMQ Platform is starting, 0 of 2 replicas are ready
2025-01-29 22:17:43,088 INFO c.h.h.t.HelmChartContainer - [EVENT] Normal [Created] Created container: hivemq [helmcustomsecretconfigit:test-hivemq-platform-0]
2025-01-29 22:17:43,088 INFO c.h.h.t.HelmChartContainer - Received Created event for container hivemq in pod test-hivemq-platform-0 [0a9d4b7d-7a2d-4ffd-aef4-937f2b18b111]
2025-01-29 22:17:44,024 INFO c.h.h.t.HelmChartContainer - [POD] test-hivemq-platform-0 [0a9d4b7d-7a2d-4ffd-aef4-937f2b18b111] in helmcustomsecretconfigit was MODIFIED
2025-01-29 22:17:44,028 INFO c.h.h.t.HelmChartContainer - [hivemq-test-hivemq-platform] [hivemq-platform-operator] [9fde0877] 22:17:44.025 [pool-6-thread-11] DEBUG c.h.p.o.d.PlatformServiceResource - [helmcust] Desired Platform services (3 services)
2025-01-29 22:17:44,030 INFO c.h.h.t.HelmChartContainer - [hivemq-test-hivemq-platform] [hivemq-platform-operator] [9fde0877] 22:17:44.026 [pool-6-thread-15] DEBUG c.h.p.o.dependants.PodInfoConfigMap - [helmcust] Desired PodInfo ConfigMap (1 extensions) (1 enabled)
2025-01-29 22:17:44,031 INFO c.h.h.t.HelmChartContainer - [hivemq-test-hivemq-platform] [hivemq-platform-operator] [9fde0877] 22:17:44.026 [pool-6-thread-15] DEBUG c.h.p.o.dependants.PodInfoConfigMap - [helmcust] Desired PodInfo ConfigMap (metrics port: 9399) (metrics path: /)
2025-01-29 22:17:44,031 INFO c.h.h.t.HelmChartContainer - [hivemq-test-hivemq-platform] [hivemq-platform-operator] [9fde0877] 22:17:44.026 [pool-6-thread-15] DEBUG c.h.p.o.dependants.PodInfoConfigMap - [helmcust] Desired PodInfo ConfigMap (extension state hash: -1817474005)
2025-01-29 22:17:44,032 INFO c.h.h.t.HelmChartContainer - [hivemq-test-hivemq-platform] [hivemq-platform-operator] [9fde0877] 22:17:44.029 [pool-6-thread-14] DEBUG c.h.p.o.d.PodServiceAccountResource - [helmcust] Desired PodServiceAccountResource (serviceAccountName: hivemq-platform-pod-test-hivemq-platform)
2025-01-29 22:17:44,037 INFO c.h.h.t.HelmChartContainer - Started log watcher for hivemq in pod test-hivemq-platform-0 [0a9d4b7d-7a2d-4ffd-aef4-937f2b18b111]
2025-01-29 22:17:44,037 INFO c.h.h.t.HelmChartContainer - [test-hivemq-platform] [hivemq] [0a9d4b7d] Adding pre-installed HiveMQ Platform Operator extensions
2025-01-29 22:17:44,037 INFO c.h.h.t.HelmChartContainer - [test-hivemq-platform] [hivemq] [0a9d4b7d] Running as user 10000
2025-01-29 22:17:44,037 INFO c.h.h.t.HelmChartContainer - [test-hivemq-platform] [hivemq] [0a9d4b7d] Starting HiveMQ Platform Operator Init
2025-01-29 22:17:44,037 INFO c.h.h.t.HelmChartContainer - [EVENT] Normal [Started] Started container hivemq [helmcustomsecretconfigit:test-hivemq-platform-0]
2025-01-29 22:17:44,037 INFO c.h.h.t.HelmChartContainer - Received Started event for container hivemq in pod test-hivemq-platform-0 [0a9d4b7d-7a2d-4ffd-aef4-937f2b18b111]
2025-01-29 22:17:44,040 INFO c.h.h.t.HelmChartContainer - [hivemq-test-hivemq-platform] [hivemq-platform-operator] [9fde0877] 22:17:44.039 [pool-6-thread-11] DEBUG c.h.p.o.d.StatefulSetResource - [helmcust] Desired StatefulSet (2 replicas) for status STARTING (READY)
2025-01-29 22:17:44,097 INFO c.h.h.t.HelmChartContainer - [hivemq-test-hivemq-platform] [hivemq-platform-operator] [9fde0877] 22:17:44.095 [ReconcilerExecutor-hivemq-controller-110] INFO  c.h.p.o.HiveMQPlatformReconciler - [helmcust] Reconciling HiveMQ Platform 'test-hivemq-platform' in namespace 'helmcustomsecretconfigit'
2025-01-29 22:17:44,097 INFO c.h.h.t.HelmChartContainer - [hivemq-test-hivemq-platform] [hivemq-platform-operator] [9fde0877] 22:17:44.095 [ReconcilerExecutor-hivemq-controller-110] DEBUG c.h.p.o.HiveMQPlatformReconciler - [helmcust] Custom Resource Status STARTING - HiveMQ Platform is starting (READY)
2025-01-29 22:17:44,097 INFO c.h.h.t.HelmChartContainer - [hivemq-test-hivemq-platform] [hivemq-platform-operator] [9fde0877] 22:17:44.095 [ReconcilerExecutor-hivemq-controller-110] DEBUG c.h.p.o.HiveMQPlatformReconciler - [helmcust] Custom Resource Spec (replicas: 2) (extensions: 1)
2025-01-29 22:17:44,099 INFO c.h.h.t.HelmChartContainer - [hivemq-test-hivemq-platform] [hivemq-platform-operator] [9fde0877] 22:17:44.098 [ReconcilerExecutor-hivemq-controller-110] DEBUG c.h.p.o.HiveMQPlatformReconciler - [helmcust] StatefulSet Status (revision: test-hivemq-platform-7f5cbb4b76, replicas: 1, available: 0, ready: 0, current: 1, updated: 1)
2025-01-29 22:17:44,099 INFO c.h.h.t.HelmChartContainer - [hivemq-test-hivemq-platform] [hivemq-platform-operator] [9fde0877] 22:17:44.098 [ReconcilerExecutor-hivemq-controller-110] DEBUG c.h.p.o.HiveMQPlatformReconciler - [helmcust] StatefulSet Spec (replicas: 2, init containers: 1, containers: 1, volumes: 3)
2025-01-29 22:17:44,102 INFO c.h.h.t.HelmChartContainer - [hivemq-test-hivemq-platform] [hivemq-platform-operator] [9fde0877] 22:17:44.100 [ReconcilerExecutor-hivemq-controller-110] DEBUG c.h.p.o.h.HiveMQPlatformReconcilerErrorHandler - [helmcust] Pod 'test-hivemq-platform-0' phase Running
2025-01-29 22:17:44,102 INFO c.h.h.t.HelmChartContainer - [hivemq-test-hivemq-platform] [hivemq-platform-operator] [9fde0877] 22:17:44.101 [ReconcilerExecutor-hivemq-controller-110] INFO  c.h.p.o.h.HiveMQPlatformReconcilerBaseHandler - [helmcust] HiveMQ Platform is starting, 0 of 2 replicas are ready
2025-01-29 22:17:44,496 INFO c.h.h.t.HelmChartContainer - [test-hivemq-platform] [hivemq] [0a9d4b7d] INFO  - [HiveMQ Platform Operator Init 1.7.0-SNAPSHOT] HiveMQ Platform Operator Init 1.7.0-SNAPSHOT (commit: 3bc9484 on branch: HEAD) built on Wed Jan 29 22:06:36 UTC 2025
2025-01-29 22:17:45,708 INFO c.h.h.t.HelmChartContainer - [test-hivemq-platform] [hivemq] [0a9d4b7d] INFO  - [HiveMQ Platform Operator Init App 1.7.0-SNAPSHOT] Using bind address 10.42.0.17 from environment variable
2025-01-29 22:17:46,602 INFO c.h.h.t.HelmChartContainer - [test-hivemq-platform] [hivemq] [0a9d4b7d] INFO  - [HiveMQ Platform Operator Init App 1.7.0-SNAPSHOT] HiveMQ Platform Operator Init App 1.7.0-SNAPSHOT (commit: 3bc9484 on branch: HEAD) built on Wed Jan 29 22:06:36 UTC 2025
2025-01-29 22:17:46,603 INFO c.h.h.t.HelmChartContainer - [test-hivemq-platform] [hivemq] [0a9d4b7d] INFO  - [HiveMQ Platform Operator Init App 1.7.0-SNAPSHOT] PodInfo ConfigMap directory: /etc/podinfo
2025-01-29 22:17:46,603 INFO c.h.h.t.HelmChartContainer - [test-hivemq-platform] [hivemq] [0a9d4b7d] INFO  - [HiveMQ Platform Operator Init App 1.7.0-SNAPSHOT] HiveMQ home directory: /opt/hivemq
2025-01-29 22:17:46,603 INFO c.h.h.t.HelmChartContainer - [test-hivemq-platform] [hivemq] [0a9d4b7d] INFO  - [HiveMQ Platform Operator Init App 1.7.0-SNAPSHOT] HiveMQ Logback folder: /opt/hivemq/conf
2025-01-29 22:17:46,603 INFO c.h.h.t.HelmChartContainer - [test-hivemq-platform] [hivemq] [0a9d4b7d] INFO  - [HiveMQ Platform Operator Init App 1.7.0-SNAPSHOT] HiveMQ Config folder: /opt/hivemq/conf-k8s
2025-01-29 22:17:46,603 INFO c.h.h.t.HelmChartContainer - [test-hivemq-platform] [hivemq] [0a9d4b7d] INFO  - [HiveMQ Platform Operator Init App 1.7.0-SNAPSHOT] Starting HiveMQ Platform Operator Init App
2025-01-29 22:17:46,603 INFO c.h.h.t.HelmChartContainer - [test-hivemq-platform] [hivemq] [0a9d4b7d] INFO  - [HiveMQ Platform Operator Init App 1.7.0-SNAPSHOT] Starting Pod reconciler
2025-01-29 22:17:47,024 INFO c.h.h.t.HelmChartContainer - [K3S] [range_allocator.go:247] "Successfully synced" key="8a91ea74c8b8"
2025-01-29 22:17:47,817 INFO c.h.h.t.HelmChartContainer - [test-hivemq-platform] [hivemq] [0a9d4b7d] INFO  - [HiveMQ Platform Operator Init App 1.7.0-SNAPSHOT] Pod reconciler is scheduled (interval: 5000 ms)
2025-01-29 22:17:47,818 INFO c.h.h.t.HelmChartContainer - [test-hivemq-platform] [hivemq] [0a9d4b7d] INFO  - [HiveMQ Platform Operator Init App 1.7.0-SNAPSHOT] Starting the REST API on 10.42.0.17:7979
2025-01-29 22:17:47,843 INFO c.h.h.t.HelmChartContainer - [test-hivemq-platform] [hivemq] [0a9d4b7d] INFO  - [HiveMQ Platform Operator Init App 1.7.0-SNAPSHOT] Waiting up to 600s for at most 2 HiveMQ nodes in cluster service hivemq-test-hivemq-platform-cluster.helmcustomsecretconfigit.svc
2025-01-29 22:17:48,209 INFO c.h.h.t.HelmChartContainer - [test-hivemq-platform] [hivemq] [0a9d4b7d] INFO  - [HiveMQ Platform Operator Init App 1.7.0-SNAPSHOT] Resolved 1 IP addresses: [10.42.0.17]
2025-01-29 22:17:48,209 INFO c.h.h.t.HelmChartContainer - [test-hivemq-platform] [hivemq] [0a9d4b7d] INFO  - [HiveMQ Platform Operator Init App 1.7.0-SNAPSHOT] HiveMQ node count of 1 is within threshold of 2
2025-01-29 22:17:48,210 INFO c.h.h.t.HelmChartContainer - [test-hivemq-platform] [hivemq] [0a9d4b7d] INFO  - [HiveMQ Platform Operator Init App 1.7.0-SNAPSHOT] Proceeding with container start
2025-01-29 22:17:48,302 INFO c.h.h.t.HelmChartContainer - [test-hivemq-platform] [hivemq] [0a9d4b7d] INFO  - [HiveMQ Platform Operator Init App 1.7.0-SNAPSHOT] Initializing HiveMQ Platform extensions with initial configuration: {hivemq-allow-all-extension={start-priority=-1, skip-https-hostname-verification=false, restart=true, config-version=0, header-version=0, c-uri=, priority=-1, uri=preinstalled, skip-https-certificate-validation=false, enabled=true}, hivemq-prometheus-extension={restart=true, priority=-1, start-priority=-1, c-uri=, skip-https-hostname-verification=false, skip-https-certificate-validation=false, uri=preinstalled, request-header-path=no-request-headers, enabled=true}}
2025-01-29 22:17:48,745 INFO c.h.h.t.HelmChartContainer - [test-hivemq-platform] [hivemq] [0a9d4b7d] INFO  - [HiveMQ Platform Operator Init App 1.7.0-SNAPSHOT] Extension hivemq-allow-all-extension was already enabled
2025-01-29 22:17:48,799 INFO c.h.h.t.HelmChartContainer - [test-hivemq-platform] [hivemq] [0a9d4b7d] INFO  - [HiveMQ Platform Operator Init App 1.7.0-SNAPSHOT] Successfully enabled extension hivemq-prometheus-extension
2025-01-29 22:17:48,800 INFO c.h.h.t.HelmChartContainer - [test-hivemq-platform] [hivemq] [0a9d4b7d] INFO  - [HiveMQ Platform Operator Init App 1.7.0-SNAPSHOT] Starting HiveMQ Platform version 4.36.0 (4.36.0)
2025-01-29 22:17:48,801 INFO c.h.h.t.HelmChartContainer - [test-hivemq-platform] [hivemq] [0a9d4b7d] INFO  - [HiveMQ Platform Operator Init App 1.7.0-SNAPSHOT] Configuring the HiveMQ Platform
2025-01-29 22:17:48,898 INFO c.h.h.t.HelmChartContainer - [test-hivemq-platform] [hivemq] [0a9d4b7d] INFO  - [HiveMQ Platform Operator Init App 1.7.0-SNAPSHOT] Changed logback.xml file scan period to 20 seconds
2025-01-29 22:17:48,947 INFO c.h.h.t.HelmChartContainer - [test-hivemq-platform] [hivemq] [0a9d4b7d] INFO  - [HiveMQ Platform Operator Init App 1.7.0-SNAPSHOT] Starting the HiveMQ Platform
2025-01-29 22:17:48,995 INFO c.h.h.t.HelmChartContainer - [test-hivemq-platform] [hivemq] [0a9d4b7d] -------------------------------------------------------------------------
2025-01-29 22:17:48,995 INFO c.h.h.t.HelmChartContainer - [test-hivemq-platform] [hivemq] [0a9d4b7d] 
2025-01-29 22:17:48,996 INFO c.h.h.t.HelmChartContainer - [test-hivemq-platform] [hivemq] [0a9d4b7d]                   _    _  _              __  __   ____
2025-01-29 22:17:48,996 INFO c.h.h.t.HelmChartContainer - [test-hivemq-platform] [hivemq] [0a9d4b7d]                  | |  | |(_)            |  \/  | / __ \
2025-01-29 22:17:48,996 INFO c.h.h.t.HelmChartContainer - [test-hivemq-platform] [hivemq] [0a9d4b7d]                  | |__| | _ __   __ ___ | \  / || |  | |
2025-01-29 22:17:48,996 INFO c.h.h.t.HelmChartContainer - [test-hivemq-platform] [hivemq] [0a9d4b7d]                  |  __  || |\ \ / // _ \| |\/| || |  | |
2025-01-29 22:17:48,996 INFO c.h.h.t.HelmChartContainer - [test-hivemq-platform] [hivemq] [0a9d4b7d]                  | |  | || | \ V /|  __/| |  | || |__| |
2025-01-29 22:17:48,996 INFO c.h.h.t.HelmChartContainer - [test-hivemq-platform] [hivemq] [0a9d4b7d]                  |_|  |_||_|  \_/  \___||_|  |_| \___\_\
2025-01-29 22:17:48,996 INFO c.h.h.t.HelmChartContainer - [test-hivemq-platform] [hivemq] [0a9d4b7d] 
2025-01-29 22:17:48,996 INFO c.h.h.t.HelmChartContainer - [test-hivemq-platform] [hivemq] [0a9d4b7d] -------------------------------------------------------------------------
2025-01-29 22:17:48,996 INFO c.h.h.t.HelmChartContainer - [test-hivemq-platform] [hivemq] [0a9d4b7d] 
2025-01-29 22:17:48,996 INFO c.h.h.t.HelmChartContainer - [test-hivemq-platform] [hivemq] [0a9d4b7d]   HiveMQ Start Script for Linux/Unix v1.14
2025-01-29 22:17:48,996 INFO c.h.h.t.HelmChartContainer - [test-hivemq-platform] [hivemq] [0a9d4b7d] 
2025-01-29 22:17:49,044 INFO c.h.h.t.HelmChartContainer - [test-hivemq-platform] [hivemq] [0a9d4b7d] -------------------------------------------------------------------------
2025-01-29 22:17:49,044 INFO c.h.h.t.HelmChartContainer - [test-hivemq-platform] [hivemq] [0a9d4b7d] 
2025-01-29 22:17:49,044 INFO c.h.h.t.HelmChartContainer - [test-hivemq-platform] [hivemq] [0a9d4b7d]   HIVEMQ_HOME: /opt/hivemq
2025-01-29 22:17:49,044 INFO c.h.h.t.HelmChartContainer - [test-hivemq-platform] [hivemq] [0a9d4b7d] 
2025-01-29 22:17:49,044 INFO c.h.h.t.HelmChartContainer - [test-hivemq-platform] [hivemq] [0a9d4b7d]   JAVA_OPTS: -XX:+UnlockExperimentalVMOptions -XX:InitialRAMPercentage=50 -XX:MaxRAMPercentage=50 -Djava.net.preferIPv4Stack=true --add-opens java.base/java.lang=ALL-UNNAMED --add-opens java.base/java.nio=ALL-UNNAMED --add-opens java.base/sun.nio.ch=ALL-UNNAMED --add-opens jdk.management/com.sun.management.internal=ALL-UNNAMED --add-exports java.base/jdk.internal.misc=ALL-UNNAMED -Djava.security.egd=file:/dev/./urandom -Dcom.sun.management.jmxremote -Dcom.sun.management.jmxremote.port=9010 -Dcom.sun.management.jmxremote.local.only=false -Dcom.sun.management.jmxremote.authenticate=false -Dcom.sun.management.jmxremote.ssl=false -Duser.language=en -Duser.region=US -XX:+CrashOnOutOfMemoryError -XX:+HeapDumpOnOutOfMemoryError
2025-01-29 22:17:49,044 INFO c.h.h.t.HelmChartContainer - [test-hivemq-platform] [hivemq] [0a9d4b7d] 
2025-01-29 22:17:49,044 INFO c.h.h.t.HelmChartContainer - [test-hivemq-platform] [hivemq] [0a9d4b7d]   JAVA_VERSION: 21
2025-01-29 22:17:49,044 INFO c.h.h.t.HelmChartContainer - [test-hivemq-platform] [hivemq] [0a9d4b7d] 
2025-01-29 22:17:49,044 INFO c.h.h.t.HelmChartContainer - [test-hivemq-platform] [hivemq] [0a9d4b7d] -------------------------------------------------------------------------
2025-01-29 22:17:49,044 INFO c.h.h.t.HelmChartContainer - [test-hivemq-platform] [hivemq] [0a9d4b7d] 
2025-01-29 22:17:50,102 INFO c.h.h.t.HelmChartContainer - [test-hivemq-platform] [hivemq] [0a9d4b7d] INFO  - [HiveMQ Platform Operator Init App 1.7.0-SNAPSHOT] Returning default Health API response 503 for readiness
2025-01-29 22:17:50,501 INFO c.h.h.t.HelmChartContainer - [EVENT] Warning [Unhealthy] Readiness probe failed: HTTP probe failed with statuscode: 503 [helmcustomsecretconfigit:test-hivemq-platform-0]
2025-01-29 22:17:50,501 INFO c.h.h.t.HelmChartContainer - Received Unhealthy event for container hivemq in pod test-hivemq-platform-0 [0a9d4b7d-7a2d-4ffd-aef4-937f2b18b111]
2025-01-29 22:17:51,797 INFO c.h.h.t.HelmChartContainer - [test-hivemq-platform] [hivemq] [0a9d4b7d] INFO  - Starting HiveMQ Enterprise Server
2025-01-29 22:17:51,802 INFO c.h.h.t.HelmChartContainer - [test-hivemq-platform] [hivemq] [0a9d4b7d] INFO  - HiveMQ version: 4.36.0
2025-01-29 22:17:51,802 INFO c.h.h.t.HelmChartContainer - [test-hivemq-platform] [hivemq] [0a9d4b7d] INFO  - HiveMQ home directory: /opt/hivemq
2025-01-29 22:17:51,803 INFO c.h.h.t.HelmChartContainer - [test-hivemq-platform] [hivemq] [0a9d4b7d] INFO  - Log Configuration was overridden by /opt/hivemq/conf/logback.xml
2025-01-29 22:17:53,302 INFO c.h.h.t.HelmChartContainer - [test-hivemq-platform] [hivemq] [0a9d4b7d] INFO  - Successfully loaded configuration from '/opt/hivemq/conf-k8s/config.xml'.
2025-01-29 22:17:54,002 INFO c.h.h.t.HelmChartContainer - [test-hivemq-platform] [hivemq] [0a9d4b7d] INFO  - This node's ID is 7yhMG
2025-01-29 22:17:54,002 INFO c.h.h.t.HelmChartContainer - [test-hivemq-platform] [hivemq] [0a9d4b7d] INFO  - Clustering is enabled
2025-01-29 22:17:54,110 INFO c.h.h.t.HelmChartContainer - [hivemq-test-hivemq-platform] [hivemq-platform-operator] [9fde0877] 22:17:54.108 [pool-6-thread-27] DEBUG c.h.p.o.d.PlatformServiceResource - [helmcust] Desired Platform services (3 services)
2025-01-29 22:17:54,113 INFO c.h.h.t.HelmChartContainer - [hivemq-test-hivemq-platform] [hivemq-platform-operator] [9fde0877] 22:17:54.108 [pool-6-thread-22] DEBUG c.h.p.o.dependants.PodInfoConfigMap - [helmcust] Desired PodInfo ConfigMap (1 extensions) (1 enabled)
2025-01-29 22:17:54,113 INFO c.h.h.t.HelmChartContainer - [hivemq-test-hivemq-platform] [hivemq-platform-operator] [9fde0877] 22:17:54.109 [pool-6-thread-22] DEBUG c.h.p.o.dependants.PodInfoConfigMap - [helmcust] Desired PodInfo ConfigMap (metrics port: 9399) (metrics path: /)
2025-01-29 22:17:54,113 INFO c.h.h.t.HelmChartContainer - [hivemq-test-hivemq-platform] [hivemq-platform-operator] [9fde0877] 22:17:54.109 [pool-6-thread-22] DEBUG c.h.p.o.dependants.PodInfoConfigMap - [helmcust] Desired PodInfo ConfigMap (extension state hash: -1817474005)
2025-01-29 22:17:54,114 INFO c.h.h.t.HelmChartContainer - [hivemq-test-hivemq-platform] [hivemq-platform-operator] [9fde0877] 22:17:54.111 [pool-6-thread-26] DEBUG c.h.p.o.d.PodServiceAccountResource - [helmcust] Desired PodServiceAccountResource (serviceAccountName: hivemq-platform-pod-test-hivemq-platform)
2025-01-29 22:17:54,117 INFO c.h.h.t.HelmChartContainer - [hivemq-test-hivemq-platform] [hivemq-platform-operator] [9fde0877] 22:17:54.116 [pool-6-thread-25] DEBUG c.h.p.o.d.StatefulSetResource - [helmcust] Desired StatefulSet (2 replicas) for status STARTING (READY)
2025-01-29 22:17:54,121 INFO c.h.h.t.HelmChartContainer - [hivemq-test-hivemq-platform] [hivemq-platform-operator] [9fde0877] 22:17:54.120 [ReconcilerExecutor-hivemq-controller-111] INFO  c.h.p.o.HiveMQPlatformReconciler - [helmcust] Reconciling HiveMQ Platform 'test-hivemq-platform' in namespace 'helmcustomsecretconfigit'
2025-01-29 22:17:54,122 INFO c.h.h.t.HelmChartContainer - [hivemq-test-hivemq-platform] [hivemq-platform-operator] [9fde0877] 22:17:54.121 [ReconcilerExecutor-hivemq-controller-111] DEBUG c.h.p.o.HiveMQPlatformReconciler - [helmcust] Custom Resource Status STARTING - HiveMQ Platform is starting (READY)
2025-01-29 22:17:54,123 INFO c.h.h.t.HelmChartContainer - [hivemq-test-hivemq-platform] [hivemq-platform-operator] [9fde0877] 22:17:54.121 [ReconcilerExecutor-hivemq-controller-111] DEBUG c.h.p.o.HiveMQPlatformReconciler - [helmcust] Custom Resource Spec (replicas: 2) (extensions: 1)
2025-01-29 22:17:54,123 INFO c.h.h.t.HelmChartContainer - [hivemq-test-hivemq-platform] [hivemq-platform-operator] [9fde0877] 22:17:54.122 [ReconcilerExecutor-hivemq-controller-111] DEBUG c.h.p.o.HiveMQPlatformReconciler - [helmcust] StatefulSet Status (revision: test-hivemq-platform-7f5cbb4b76, replicas: 1, available: 0, ready: 0, current: 1, updated: 1)
2025-01-29 22:17:54,123 INFO c.h.h.t.HelmChartContainer - [hivemq-test-hivemq-platform] [hivemq-platform-operator] [9fde0877] 22:17:54.122 [ReconcilerExecutor-hivemq-controller-111] DEBUG c.h.p.o.HiveMQPlatformReconciler - [helmcust] StatefulSet Spec (replicas: 2, init containers: 1, containers: 1, volumes: 3)
2025-01-29 22:17:54,124 INFO c.h.h.t.HelmChartContainer - [hivemq-test-hivemq-platform] [hivemq-platform-operator] [9fde0877] 22:17:54.123 [ReconcilerExecutor-hivemq-controller-111] DEBUG c.h.p.o.h.HiveMQPlatformReconcilerErrorHandler - [helmcust] Pod 'test-hivemq-platform-0' phase Running
2025-01-29 22:17:54,125 INFO c.h.h.t.HelmChartContainer - [hivemq-test-hivemq-platform] [hivemq-platform-operator] [9fde0877] 22:17:54.124 [ReconcilerExecutor-hivemq-controller-111] INFO  c.h.p.o.h.HiveMQPlatformReconcilerBaseHandler - [helmcust] HiveMQ Platform is starting, 0 of 2 replicas are ready
2025-01-29 22:17:55,599 INFO c.h.h.t.HelmChartContainer - [test-hivemq-platform] [hivemq] [0a9d4b7d] WARN  - [HiveMQ Platform Operator Init App 1.7.0-SNAPSHOT] Cannot connect to Health API for readiness: null
2025-01-29 22:17:55,606 INFO c.h.h.t.HelmChartContainer - [EVENT] Warning [Unhealthy] Readiness probe failed: HTTP probe failed with statuscode: 503 [helmcustomsecretconfigit:test-hivemq-platform-0]
2025-01-29 22:17:55,606 INFO c.h.h.t.HelmChartContainer - Received Unhealthy event for container hivemq in pod test-hivemq-platform-0 [0a9d4b7d-7a2d-4ffd-aef4-937f2b18b111]
2025-01-29 22:17:58,145 INFO c.h.h.t.HelmChartContainer - [test-hivemq-platform] [hivemq] [0a9d4b7d] Jan 29, 2025 10:17:58 PM io.vertx.core.impl.BlockedThreadChecker
2025-01-29 22:17:58,145 INFO c.h.h.t.HelmChartContainer - [test-hivemq-platform] [hivemq] [0a9d4b7d] WARNING: Thread Thread[vert.x-eventloop-thread-1,5,main] has been blocked for 2402 ms, time limit is 2000 ms
2025-01-29 22:17:58,597 INFO c.h.h.t.HelmChartContainer - [test-hivemq-platform] [hivemq] [0a9d4b7d] INFO  - [HiveMQ Platform Operator Init App 1.7.0-SNAPSHOT] Updating Pod HiveMQ Platform Operator Init App version annotation (version: 1.7.0-SNAPSHOT)
2025-01-29 22:17:59,510 INFO c.h.h.t.HelmChartContainer - [POD] test-hivemq-platform-0 [0a9d4b7d-7a2d-4ffd-aef4-937f2b18b111] in helmcustomsecretconfigit was MODIFIED
2025-01-29 22:17:59,522 INFO c.h.h.t.HelmChartContainer - [hivemq-test-hivemq-platform] [hivemq-platform-operator] [9fde0877] 22:17:59.517 [pool-6-thread-37] DEBUG c.h.p.o.d.PlatformServiceResource - [helmcust] Desired Platform services (3 services)
2025-01-29 22:17:59,523 INFO c.h.h.t.HelmChartContainer - [hivemq-test-hivemq-platform] [hivemq-platform-operator] [9fde0877] 22:17:59.518 [pool-6-thread-36] DEBUG c.h.p.o.dependants.PodInfoConfigMap - [helmcust] Desired PodInfo ConfigMap (1 extensions) (1 enabled)
2025-01-29 22:17:59,523 INFO c.h.h.t.HelmChartContainer - [hivemq-test-hivemq-platform] [hivemq-platform-operator] [9fde0877] 22:17:59.518 [pool-6-thread-36] DEBUG c.h.p.o.dependants.PodInfoConfigMap - [helmcust] Desired PodInfo ConfigMap (metrics port: 9399) (metrics path: /)
2025-01-29 22:17:59,523 INFO c.h.h.t.HelmChartContainer - [hivemq-test-hivemq-platform] [hivemq-platform-operator] [9fde0877] 22:17:59.518 [pool-6-thread-36] DEBUG c.h.p.o.dependants.PodInfoConfigMap - [helmcust] Desired PodInfo ConfigMap (extension state hash: -1817474005)
2025-01-29 22:17:59,523 INFO c.h.h.t.HelmChartContainer - [hivemq-test-hivemq-platform] [hivemq-platform-operator] [9fde0877] 22:17:59.519 [pool-6-thread-36] DEBUG c.h.p.o.d.PodServiceAccountResource - [helmcust] Desired PodServiceAccountResource (serviceAccountName: hivemq-platform-pod-test-hivemq-platform)
2025-01-29 22:17:59,525 INFO c.h.h.t.HelmChartContainer - [hivemq-test-hivemq-platform] [hivemq-platform-operator] [9fde0877] 22:17:59.524 [pool-6-thread-37] DEBUG c.h.p.o.d.StatefulSetResource - [helmcust] Desired StatefulSet (2 replicas) for status STARTING (READY)
2025-01-29 22:17:59,529 INFO c.h.h.t.HelmChartContainer - [hivemq-test-hivemq-platform] [hivemq-platform-operator] [9fde0877] 22:17:59.528 [ReconcilerExecutor-hivemq-controller-112] INFO  c.h.p.o.HiveMQPlatformReconciler - [helmcust] Reconciling HiveMQ Platform 'test-hivemq-platform' in namespace 'helmcustomsecretconfigit'
2025-01-29 22:17:59,529 INFO c.h.h.t.HelmChartContainer - [hivemq-test-hivemq-platform] [hivemq-platform-operator] [9fde0877] 22:17:59.528 [ReconcilerExecutor-hivemq-controller-112] DEBUG c.h.p.o.HiveMQPlatformReconciler - [helmcust] Custom Resource Status STARTING - HiveMQ Platform is starting (READY)
2025-01-29 22:17:59,529 INFO c.h.h.t.HelmChartContainer - [hivemq-test-hivemq-platform] [hivemq-platform-operator] [9fde0877] 22:17:59.528 [ReconcilerExecutor-hivemq-controller-112] DEBUG c.h.p.o.HiveMQPlatformReconciler - [helmcust] Custom Resource Spec (replicas: 2) (extensions: 1)
2025-01-29 22:17:59,598 INFO c.h.h.t.HelmChartContainer - [hivemq-test-hivemq-platform] [hivemq-platform-operator] [9fde0877] 22:17:59.597 [ReconcilerExecutor-hivemq-controller-112] DEBUG c.h.p.o.HiveMQPlatformReconciler - [helmcust] StatefulSet Status (revision: test-hivemq-platform-7f5cbb4b76, replicas: 1, available: 0, ready: 0, current: 1, updated: 1)
2025-01-29 22:17:59,600 INFO c.h.h.t.HelmChartContainer - [hivemq-test-hivemq-platform] [hivemq-platform-operator] [9fde0877] 22:17:59.598 [ReconcilerExecutor-hivemq-controller-112] DEBUG c.h.p.o.HiveMQPlatformReconciler - [helmcust] StatefulSet Spec (replicas: 2, init containers: 1, containers: 1, volumes: 3)
2025-01-29 22:17:59,601 INFO c.h.h.t.HelmChartContainer - [test-hivemq-platform] [hivemq] [0a9d4b7d] WARN  - [HiveMQ Platform Operator Init App 1.7.0-SNAPSHOT] Cannot connect to Health API for readiness: null
2025-01-29 22:17:59,603 INFO c.h.h.t.HelmChartContainer - [hivemq-test-hivemq-platform] [hivemq-platform-operator] [9fde0877] 22:17:59.601 [ReconcilerExecutor-hivemq-controller-112] DEBUG c.h.p.o.h.HiveMQPlatformReconcilerErrorHandler - [helmcust] Pod 'test-hivemq-platform-0' phase Running
2025-01-29 22:17:59,603 INFO c.h.h.t.HelmChartContainer - [hivemq-test-hivemq-platform] [hivemq-platform-operator] [9fde0877] 22:17:59.602 [ReconcilerExecutor-hivemq-controller-112] INFO  c.h.p.o.h.HiveMQPlatformReconcilerBaseHandler - [helmcust] HiveMQ Platform is starting, 0 of 2 replicas are ready
2025-01-29 22:17:59,609 INFO c.h.h.t.HelmChartContainer - [EVENT] Warning [Unhealthy] Readiness probe failed: HTTP probe failed with statuscode: 503 [helmcustomsecretconfigit:test-hivemq-platform-0]
2025-01-29 22:17:59,609 INFO c.h.h.t.HelmChartContainer - Received Unhealthy event for container hivemq in pod test-hivemq-platform-0 [0a9d4b7d-7a2d-4ffd-aef4-937f2b18b111]
2025-01-29 22:17:59,743 INFO c.h.h.t.HelmChartContainer - [test-hivemq-platform] [hivemq] [0a9d4b7d] INFO  - [HiveMQ Platform Operator Init App 1.7.0-SNAPSHOT] Successfully updated Pod HiveMQ Platform Operator Init App version annotation (version: 1.7.0-SNAPSHOT)
2025-01-29 22:18:04,514 INFO c.h.h.t.HelmChartContainer - [test-hivemq-platform] [hivemq] [0a9d4b7d] WARN  - [HiveMQ Platform Operator Init App 1.7.0-SNAPSHOT] Cannot connect to Health API for readiness: null
2025-01-29 22:18:04,520 INFO c.h.h.t.HelmChartContainer - [EVENT] Warning [Unhealthy] Readiness probe failed: HTTP probe failed with statuscode: 503 [helmcustomsecretconfigit:test-hivemq-platform-0]
2025-01-29 22:18:04,520 INFO c.h.h.t.HelmChartContainer - Received Unhealthy event for container hivemq in pod test-hivemq-platform-0 [0a9d4b7d-7a2d-4ffd-aef4-937f2b18b111]
2025-01-29 22:18:09,548 INFO c.h.h.t.HelmChartContainer - [test-hivemq-platform] [hivemq] [0a9d4b7d] WARN  - [HiveMQ Platform Operator Init App 1.7.0-SNAPSHOT] Cannot connect to Health API for readiness: null
2025-01-29 22:18:09,555 INFO c.h.h.t.HelmChartContainer - [EVENT] Warning [Unhealthy] Readiness probe failed: HTTP probe failed with statuscode: 503 [helmcustomsecretconfigit:test-hivemq-platform-0]
2025-01-29 22:18:09,555 INFO c.h.h.t.HelmChartContainer - Received Unhealthy event for container hivemq in pod test-hivemq-platform-0 [0a9d4b7d-7a2d-4ffd-aef4-937f2b18b111]
2025-01-29 22:18:09,611 INFO c.h.h.t.HelmChartContainer - [hivemq-test-hivemq-platform] [hivemq-platform-operator] [9fde0877] 22:18:09.607 [pool-6-thread-43] DEBUG c.h.p.o.d.PlatformServiceResource - [helmcust] Desired Platform services (3 services)
2025-01-29 22:18:09,611 INFO c.h.h.t.HelmChartContainer - [hivemq-test-hivemq-platform] [hivemq-platform-operator] [9fde0877] 22:18:09.607 [pool-6-thread-42] DEBUG c.h.p.o.dependants.PodInfoConfigMap - [helmcust] Desired PodInfo ConfigMap (1 extensions) (1 enabled)
2025-01-29 22:18:09,611 INFO c.h.h.t.HelmChartContainer - [hivemq-test-hivemq-platform] [hivemq-platform-operator] [9fde0877] 22:18:09.607 [pool-6-thread-42] DEBUG c.h.p.o.dependants.PodInfoConfigMap - [helmcust] Desired PodInfo ConfigMap (metrics port: 9399) (metrics path: /)
2025-01-29 22:18:09,611 INFO c.h.h.t.HelmChartContainer - [hivemq-test-hivemq-platform] [hivemq-platform-operator] [9fde0877] 22:18:09.607 [pool-6-thread-42] DEBUG c.h.p.o.dependants.PodInfoConfigMap - [helmcust] Desired PodInfo ConfigMap (extension state hash: -1817474005)
2025-01-29 22:18:09,613 INFO c.h.h.t.HelmChartContainer - [hivemq-test-hivemq-platform] [hivemq-platform-operator] [9fde0877] 22:18:09.609 [pool-6-thread-47] DEBUG c.h.p.o.d.PodServiceAccountResource - [helmcust] Desired PodServiceAccountResource (serviceAccountName: hivemq-platform-pod-test-hivemq-platform)
2025-01-29 22:18:09,614 INFO c.h.h.t.HelmChartContainer - [hivemq-test-hivemq-platform] [hivemq-platform-operator] [9fde0877] 22:18:09.613 [pool-6-thread-46] DEBUG c.h.p.o.d.StatefulSetResource - [helmcust] Desired StatefulSet (2 replicas) for status STARTING (READY)
2025-01-29 22:18:09,696 INFO c.h.h.t.HelmChartContainer - [hivemq-test-hivemq-platform] [hivemq-platform-operator] [9fde0877] 22:18:09.695 [ReconcilerExecutor-hivemq-controller-113] INFO  c.h.p.o.HiveMQPlatformReconciler - [helmcust] Reconciling HiveMQ Platform 'test-hivemq-platform' in namespace 'helmcustomsecretconfigit'
2025-01-29 22:18:09,696 INFO c.h.h.t.HelmChartContainer - [hivemq-test-hivemq-platform] [hivemq-platform-operator] [9fde0877] 22:18:09.695 [ReconcilerExecutor-hivemq-controller-113] DEBUG c.h.p.o.HiveMQPlatformReconciler - [helmcust] Custom Resource Status STARTING - HiveMQ Platform is starting (READY)
2025-01-29 22:18:09,696 INFO c.h.h.t.HelmChartContainer - [hivemq-test-hivemq-platform] [hivemq-platform-operator] [9fde0877] 22:18:09.695 [ReconcilerExecutor-hivemq-controller-113] DEBUG c.h.p.o.HiveMQPlatformReconciler - [helmcust] Custom Resource Spec (replicas: 2) (extensions: 1)
2025-01-29 22:18:09,699 INFO c.h.h.t.HelmChartContainer - [hivemq-test-hivemq-platform] [hivemq-platform-operator] [9fde0877] 22:18:09.698 [ReconcilerExecutor-hivemq-controller-113] DEBUG c.h.p.o.HiveMQPlatformReconciler - [helmcust] StatefulSet Status (revision: test-hivemq-platform-7f5cbb4b76, replicas: 1, available: 0, ready: 0, current: 1, updated: 1)
2025-01-29 22:18:09,700 INFO c.h.h.t.HelmChartContainer - [hivemq-test-hivemq-platform] [hivemq-platform-operator] [9fde0877] 22:18:09.698 [ReconcilerExecutor-hivemq-controller-113] DEBUG c.h.p.o.HiveMQPlatformReconciler - [helmcust] StatefulSet Spec (replicas: 2, init containers: 1, containers: 1, volumes: 3)
2025-01-29 22:18:09,703 INFO c.h.h.t.HelmChartContainer - [hivemq-test-hivemq-platform] [hivemq-platform-operator] [9fde0877] 22:18:09.702 [ReconcilerExecutor-hivemq-controller-113] DEBUG c.h.p.o.h.HiveMQPlatformReconcilerErrorHandler - [helmcust] Pod 'test-hivemq-platform-0' phase Running
2025-01-29 22:18:09,703 INFO c.h.h.t.HelmChartContainer - [hivemq-test-hivemq-platform] [hivemq-platform-operator] [9fde0877] 22:18:09.702 [ReconcilerExecutor-hivemq-controller-113] INFO  c.h.p.o.h.HiveMQPlatformReconcilerBaseHandler - [helmcust] HiveMQ Platform is starting, 0 of 2 replicas are ready
2025-01-29 22:18:10,149 INFO c.h.h.t.HelmChartContainer - [test-hivemq-platform] [hivemq] [0a9d4b7d] WARN  - [HiveMQ Platform Operator Init App 1.7.0-SNAPSHOT] Cannot connect to Health API for liveness: null
2025-01-29 22:18:10,149 INFO c.h.h.t.HelmChartContainer - [test-hivemq-platform] [hivemq] [0a9d4b7d] INFO  - [HiveMQ Platform Operator Init App 1.7.0-SNAPSHOT] Returning default Health API response 200 for liveness
2025-01-29 22:18:13,065 INFO c.h.h.t.HelmChartContainer - [test-hivemq-platform] [hivemq] [0a9d4b7d] INFO  - No valid license file found. Using trial license, restricted to 25 connections.
2025-01-29 22:18:14,548 INFO c.h.h.t.HelmChartContainer - [test-hivemq-platform] [hivemq] [0a9d4b7d] WARN  - [HiveMQ Platform Operator Init App 1.7.0-SNAPSHOT] Cannot connect to Health API for readiness: null
2025-01-29 22:18:14,554 INFO c.h.h.t.HelmChartContainer - [EVENT] Warning [Unhealthy] Readiness probe failed: HTTP probe failed with statuscode: 503 [helmcustomsecretconfigit:test-hivemq-platform-0]
2025-01-29 22:18:14,554 INFO c.h.h.t.HelmChartContainer - Received Unhealthy event for container hivemq in pod test-hivemq-platform-0 [0a9d4b7d-7a2d-4ffd-aef4-937f2b18b111]
2025-01-29 22:18:16,645 INFO c.h.h.t.HelmChartContainer - [test-hivemq-platform] [hivemq] [0a9d4b7d] INFO  - No valid license file for Data Hub found. Using free license, restricted to 1 policy.
2025-01-29 22:18:17,846 INFO c.h.h.t.HelmChartContainer - [test-hivemq-platform] [hivemq] [0a9d4b7d] INFO  - Audit Logger started.
2025-01-29 22:18:18,069 INFO c.h.h.t.HelmChartContainer - [test-hivemq-platform] [hivemq] [0a9d4b7d] INFO  - This node uses '1' CPU cores.
2025-01-29 22:18:18,073 INFO c.h.h.t.HelmChartContainer - [test-hivemq-platform] [hivemq] [0a9d4b7d] INFO  - Starting HiveMQ Health API on address 0.0.0.0 and port 8889
2025-01-29 22:18:18,960 INFO c.h.h.t.HelmChartContainer - [test-hivemq-platform] [hivemq] [0a9d4b7d] INFO  - Started HiveMQ Health API in 887ms
2025-01-29 22:18:19,555 INFO c.h.h.t.HelmChartContainer - [test-hivemq-platform] [hivemq] [0a9d4b7d] INFO  - Starting HiveMQ extension system.
2025-01-29 22:18:19,711 INFO c.h.h.t.HelmChartContainer - [hivemq-test-hivemq-platform] [hivemq-platform-operator] [9fde0877] 22:18:19.707 [pool-6-thread-2] DEBUG c.h.p.o.d.PlatformServiceResource - [helmcust] Desired Platform services (3 services)
2025-01-29 22:18:19,712 INFO c.h.h.t.HelmChartContainer - [hivemq-test-hivemq-platform] [hivemq-platform-operator] [9fde0877] 22:18:19.709 [pool-6-thread-1] DEBUG c.h.p.o.dependants.PodInfoConfigMap - [helmcust] Desired PodInfo ConfigMap (1 extensions) (1 enabled)
2025-01-29 22:18:19,712 INFO c.h.h.t.HelmChartContainer - [hivemq-test-hivemq-platform] [hivemq-platform-operator] [9fde0877] 22:18:19.709 [pool-6-thread-1] DEBUG c.h.p.o.dependants.PodInfoConfigMap - [helmcust] Desired PodInfo ConfigMap (metrics port: 9399) (metrics path: /)
2025-01-29 22:18:19,713 INFO c.h.h.t.HelmChartContainer - [hivemq-test-hivemq-platform] [hivemq-platform-operator] [9fde0877] 22:18:19.709 [pool-6-thread-1] DEBUG c.h.p.o.dependants.PodInfoConfigMap - [helmcust] Desired PodInfo ConfigMap (extension state hash: -1817474005)
2025-01-29 22:18:19,713 INFO c.h.h.t.HelmChartContainer - [hivemq-test-hivemq-platform] [hivemq-platform-operator] [9fde0877] 22:18:19.709 [pool-6-thread-5] DEBUG c.h.p.o.d.PodServiceAccountResource - [helmcust] Desired PodServiceAccountResource (serviceAccountName: hivemq-platform-pod-test-hivemq-platform)
2025-01-29 22:18:19,717 INFO c.h.h.t.HelmChartContainer - [hivemq-test-hivemq-platform] [hivemq-platform-operator] [9fde0877] 22:18:19.717 [pool-6-thread-2] DEBUG c.h.p.o.d.StatefulSetResource - [helmcust] Desired StatefulSet (2 replicas) for status STARTING (READY)
2025-01-29 22:18:19,722 INFO c.h.h.t.HelmChartContainer - [hivemq-test-hivemq-platform] [hivemq-platform-operator] [9fde0877] 22:18:19.721 [ReconcilerExecutor-hivemq-controller-114] INFO  c.h.p.o.HiveMQPlatformReconciler - [helmcust] Reconciling HiveMQ Platform 'test-hivemq-platform' in namespace 'helmcustomsecretconfigit'
2025-01-29 22:18:19,722 INFO c.h.h.t.HelmChartContainer - [hivemq-test-hivemq-platform] [hivemq-platform-operator] [9fde0877] 22:18:19.721 [ReconcilerExecutor-hivemq-controller-114] DEBUG c.h.p.o.HiveMQPlatformReconciler - [helmcust] Custom Resource Status STARTING - HiveMQ Platform is starting (READY)
2025-01-29 22:18:19,723 INFO c.h.h.t.HelmChartContainer - [hivemq-test-hivemq-platform] [hivemq-platform-operator] [9fde0877] 22:18:19.721 [ReconcilerExecutor-hivemq-controller-114] DEBUG c.h.p.o.HiveMQPlatformReconciler - [helmcust] Custom Resource Spec (replicas: 2) (extensions: 1)
2025-01-29 22:18:19,724 INFO c.h.h.t.HelmChartContainer - [hivemq-test-hivemq-platform] [hivemq-platform-operator] [9fde0877] 22:18:19.722 [ReconcilerExecutor-hivemq-controller-114] DEBUG c.h.p.o.HiveMQPlatformReconciler - [helmcust] StatefulSet Status (revision: test-hivemq-platform-7f5cbb4b76, replicas: 1, available: 0, ready: 0, current: 1, updated: 1)
2025-01-29 22:18:19,724 INFO c.h.h.t.HelmChartContainer - [hivemq-test-hivemq-platform] [hivemq-platform-operator] [9fde0877] 22:18:19.722 [ReconcilerExecutor-hivemq-controller-114] DEBUG c.h.p.o.HiveMQPlatformReconciler - [helmcust] StatefulSet Spec (replicas: 2, init containers: 1, containers: 1, volumes: 3)
2025-01-29 22:18:19,725 INFO c.h.h.t.HelmChartContainer - [hivemq-test-hivemq-platform] [hivemq-platform-operator] [9fde0877] 22:18:19.724 [ReconcilerExecutor-hivemq-controller-114] DEBUG c.h.p.o.h.HiveMQPlatformReconcilerErrorHandler - [helmcust] Pod 'test-hivemq-platform-0' phase Running
2025-01-29 22:18:19,725 INFO c.h.h.t.HelmChartContainer - [hivemq-test-hivemq-platform] [hivemq-platform-operator] [9fde0877] 22:18:19.725 [ReconcilerExecutor-hivemq-controller-114] INFO  c.h.p.o.h.HiveMQPlatformReconcilerBaseHandler - [helmcust] HiveMQ Platform is starting, 0 of 2 replicas are ready
2025-01-29 22:18:20,057 INFO c.h.h.t.HelmChartContainer - [test-hivemq-platform] [hivemq] [0a9d4b7d] INFO  - Starting extension with id "hivemq-dns-cluster-discovery" at /opt/hivemq/extensions/hivemq-dns-cluster-discovery
2025-01-29 22:18:20,556 INFO c.h.h.t.HelmChartContainer - [EVENT] Warning [Unhealthy] Readiness probe failed: Get "http://10.42.0.17:7979/readiness": context deadline exceeded (Client.Timeout exceeded while awaiting headers) [helmcustomsecretconfigit:test-hivemq-platform-0]
2025-01-29 22:18:20,557 INFO c.h.h.t.HelmChartContainer - Received Unhealthy event for container hivemq in pod test-hivemq-platform-0 [0a9d4b7d-7a2d-4ffd-aef4-937f2b18b111]
2025-01-29 22:18:20,850 INFO c.h.h.t.HelmChartContainer - [test-hivemq-platform] [hivemq] [0a9d4b7d] INFO  - [HiveMQ Platform Operator Init App 1.7.0-SNAPSHOT] Returning Health API response 503 for readiness
2025-01-29 22:18:20,952 INFO c.h.h.t.HelmChartContainer - [test-hivemq-platform] [hivemq] [0a9d4b7d] INFO  - Using TCP cluster transport on address 10.42.0.17 and port 7000
2025-01-29 22:18:20,993 INFO c.h.h.t.HelmChartContainer - [test-hivemq-platform] [hivemq] [0a9d4b7d] INFO  - Using extension cluster discovery
2025-01-29 22:18:21,049 INFO c.h.h.t.HelmChartContainer - [test-hivemq-platform] [hivemq] [0a9d4b7d] INFO  - Extension "DNS Cluster Discovery Extension" version 4.3.2 started successfully.
2025-01-29 22:18:21,050 INFO c.h.h.t.HelmChartContainer - [test-hivemq-platform] [hivemq] [0a9d4b7d] INFO  - Starting extension with id "hivemq-prometheus-extension" at /opt/hivemq/extensions/hivemq-prometheus-extension
2025-01-29 22:18:22,252 INFO c.h.h.t.HelmChartContainer - [test-hivemq-platform] [hivemq] [0a9d4b7d] INFO  - Started Jetty Server exposing Prometheus Servlet on URI http://0.0.0.0:9399/
2025-01-29 22:18:22,253 INFO c.h.h.t.HelmChartContainer - [test-hivemq-platform] [hivemq] [0a9d4b7d] INFO  - Extension "Prometheus Monitoring Extension" version 4.0.12 started successfully.
2025-01-29 22:18:22,253 INFO c.h.h.t.HelmChartContainer - [test-hivemq-platform] [hivemq] [0a9d4b7d] INFO  - Starting extension with id "hivemq-allow-all-extension" at /opt/hivemq/extensions/hivemq-allow-all-extension
2025-01-29 22:18:22,253 INFO c.h.h.t.HelmChartContainer - [test-hivemq-platform] [hivemq] [0a9d4b7d] WARN  - 
2025-01-29 22:18:22,253 INFO c.h.h.t.HelmChartContainer - [test-hivemq-platform] [hivemq] [0a9d4b7d] ################################################################################################################
2025-01-29 22:18:22,253 INFO c.h.h.t.HelmChartContainer - [test-hivemq-platform] [hivemq] [0a9d4b7d] # This HiveMQ deployment is not secure! You are lacking Authentication and Authorization.                      #
2025-01-29 22:18:22,253 INFO c.h.h.t.HelmChartContainer - [test-hivemq-platform] [hivemq] [0a9d4b7d] # Right now any MQTT client can connect to the broker with a full set of permissions.                          #
2025-01-29 22:18:22,253 INFO c.h.h.t.HelmChartContainer - [test-hivemq-platform] [hivemq] [0a9d4b7d] # For production usage, add an appropriate security extension and remove the hivemq-allow-all extension.       #
2025-01-29 22:18:22,253 INFO c.h.h.t.HelmChartContainer - [test-hivemq-platform] [hivemq] [0a9d4b7d] # You can download security extensions from the HiveMQ Marketplace (https://www.hivemq.com/extensions/).       #
2025-01-29 22:18:22,253 INFO c.h.h.t.HelmChartContainer - [test-hivemq-platform] [hivemq] [0a9d4b7d] ################################################################################################################
2025-01-29 22:18:22,255 INFO c.h.h.t.HelmChartContainer - [test-hivemq-platform] [hivemq] [0a9d4b7d] INFO  - Extension "Allow All Extension" version 1.1.1 started successfully.
2025-01-29 22:18:24,155 INFO c.h.h.t.HelmChartContainer - [test-hivemq-platform] [hivemq] [0a9d4b7d] INFO  - 7yhMG: no members discovered after 2402 ms: creating cluster as first member
2025-01-29 22:18:24,162 INFO c.h.h.t.HelmChartContainer - [test-hivemq-platform] [hivemq] [0a9d4b7d] INFO  - Cluster nodes found by discovery: [7yhMG|0] (1) [7yhMG].
2025-01-29 22:18:24,247 INFO c.h.h.t.HelmChartContainer - [test-hivemq-platform] [hivemq] [0a9d4b7d] WARN  - No user for HiveMQ Control Center configured. Starting with default user
2025-01-29 22:18:24,247 INFO c.h.h.t.HelmChartContainer - [test-hivemq-platform] [hivemq] [0a9d4b7d] INFO  - Starting HiveMQ Control Center on address 0.0.0.0 and port 8080
2025-01-29 22:18:24,260 INFO c.h.h.t.HelmChartContainer - [test-hivemq-platform] [hivemq] [0a9d4b7d] INFO  - Mounting HiveMQ Control Center V2 Preview
2025-01-29 22:18:24,554 INFO c.h.h.t.HelmChartContainer - [EVENT] Warning [Unhealthy] Readiness probe failed: HTTP probe failed with statuscode: 503 [helmcustomsecretconfigit:test-hivemq-platform-0]
2025-01-29 22:18:24,554 INFO c.h.h.t.HelmChartContainer - Received Unhealthy event for container hivemq in pod test-hivemq-platform-0 [0a9d4b7d-7a2d-4ffd-aef4-937f2b18b111]
2025-01-29 22:18:24,963 INFO c.h.h.t.HelmChartContainer - [test-hivemq-platform] [hivemq] [0a9d4b7d] INFO  - Started HiveMQ Control Center in 717ms
2025-01-29 22:18:25,057 INFO c.h.h.t.HelmChartContainer - [test-hivemq-platform] [hivemq] [0a9d4b7d] INFO  - Starting TCP listener on address 0.0.0.0 and port 1883
2025-01-29 22:18:25,073 INFO c.h.h.t.HelmChartContainer - [test-hivemq-platform] [hivemq] [0a9d4b7d] INFO  - Started TCP Listener on address 0.0.0.0 and on port 1883.
2025-01-29 22:18:25,073 INFO c.h.h.t.HelmChartContainer - [test-hivemq-platform] [hivemq] [0a9d4b7d] INFO  - Started HiveMQ in 33662ms
2025-01-29 22:18:29,515 INFO c.h.h.t.HelmChartContainer - [test-hivemq-platform] [hivemq] [0a9d4b7d] INFO  - [HiveMQ Platform Operator Init App 1.7.0-SNAPSHOT] Returning Health API response 200 for readiness
2025-01-29 22:18:29,526 INFO c.h.h.t.HelmChartContainer - [POD] test-hivemq-platform-0 [0a9d4b7d-7a2d-4ffd-aef4-937f2b18b111] in helmcustomsecretconfigit was MODIFIED
2025-01-29 22:18:29,538 INFO c.h.h.t.HelmChartContainer - [hivemq-test-hivemq-platform] [hivemq-platform-operator] [9fde0877] 22:18:29.533 [pool-6-thread-17] DEBUG c.h.p.o.d.PlatformServiceResource - [helmcust] Desired Platform services (3 services)
2025-01-29 22:18:29,538 INFO c.h.h.t.HelmChartContainer - [hivemq-test-hivemq-platform] [hivemq-platform-operator] [9fde0877] 22:18:29.536 [pool-6-thread-16] DEBUG c.h.p.o.dependants.PodInfoConfigMap - [helmcust] Desired PodInfo ConfigMap (1 extensions) (1 enabled)
2025-01-29 22:18:29,538 INFO c.h.h.t.HelmChartContainer - [hivemq-test-hivemq-platform] [hivemq-platform-operator] [9fde0877] 22:18:29.537 [pool-6-thread-16] DEBUG c.h.p.o.dependants.PodInfoConfigMap - [helmcust] Desired PodInfo ConfigMap (metrics port: 9399) (metrics path: /)
2025-01-29 22:18:29,538 INFO c.h.h.t.HelmChartContainer - [hivemq-test-hivemq-platform] [hivemq-platform-operator] [9fde0877] 22:18:29.537 [pool-6-thread-16] DEBUG c.h.p.o.dependants.PodInfoConfigMap - [helmcust] Desired PodInfo ConfigMap (extension state hash: -1817474005)
2025-01-29 22:18:29,542 INFO c.h.h.t.HelmChartContainer - [hivemq-test-hivemq-platform] [hivemq-platform-operator] [9fde0877] 22:18:29.541 [pool-6-thread-14] DEBUG c.h.p.o.d.PodServiceAccountResource - [helmcust] Desired PodServiceAccountResource (serviceAccountName: hivemq-platform-pod-test-hivemq-platform)
2025-01-29 22:18:29,550 INFO c.h.h.t.HelmChartContainer - [POD] test-hivemq-platform-1 [e8ba2cc3-a38e-4091-9318-f1de8603fe40] in helmcustomsecretconfigit was ADDED
2025-01-29 22:18:29,553 INFO c.h.h.t.HelmChartContainer - [hivemq-test-hivemq-platform] [hivemq-platform-operator] [9fde0877] 22:18:29.551 [pool-6-thread-16] DEBUG c.h.p.o.d.StatefulSetResource - [helmcust] Desired StatefulSet (2 replicas) for status STARTING (READY)
2025-01-29 22:18:29,561 INFO c.h.h.t.HelmChartContainer - [POD] test-hivemq-platform-1 [e8ba2cc3-a38e-4091-9318-f1de8603fe40] in helmcustomsecretconfigit was MODIFIED
2025-01-29 22:18:29,562 INFO c.h.h.t.HelmChartContainer - [EVENT] Normal [SuccessfulCreate] create Pod test-hivemq-platform-1 in StatefulSet test-hivemq-platform successful [helmcustomsecretconfigit:test-hivemq-platform]
2025-01-29 22:18:29,568 INFO c.h.h.t.HelmChartContainer - [EVENT] Normal [Scheduled] Successfully assigned helmcustomsecretconfigit/test-hivemq-platform-1 to 8a91ea74c8b8 [helmcustomsecretconfigit:test-hivemq-platform-1]
2025-01-29 22:18:29,574 INFO c.h.h.t.HelmChartContainer - [POD] test-hivemq-platform-1 [e8ba2cc3-a38e-4091-9318-f1de8603fe40] in helmcustomsecretconfigit was MODIFIED
2025-01-29 22:18:29,599 INFO c.h.h.t.HelmChartContainer - [hivemq-test-hivemq-platform] [hivemq-platform-operator] [9fde0877] 22:18:29.597 [ReconcilerExecutor-hivemq-controller-115] INFO  c.h.p.o.HiveMQPlatformReconciler - [helmcust] Reconciling HiveMQ Platform 'test-hivemq-platform' in namespace 'helmcustomsecretconfigit'
2025-01-29 22:18:29,602 INFO c.h.h.t.HelmChartContainer - [hivemq-test-hivemq-platform] [hivemq-platform-operator] [9fde0877] 22:18:29.598 [ReconcilerExecutor-hivemq-controller-115] DEBUG c.h.p.o.HiveMQPlatformReconciler - [helmcust] Custom Resource Status STARTING - HiveMQ Platform is starting (READY)
2025-01-29 22:18:29,603 INFO c.h.h.t.HelmChartContainer - [hivemq-test-hivemq-platform] [hivemq-platform-operator] [9fde0877] 22:18:29.598 [ReconcilerExecutor-hivemq-controller-115] DEBUG c.h.p.o.HiveMQPlatformReconciler - [helmcust] Custom Resource Spec (replicas: 2) (extensions: 1)
2025-01-29 22:18:29,604 INFO c.h.h.t.HelmChartContainer - [hivemq-test-hivemq-platform] [hivemq-platform-operator] [9fde0877] 22:18:29.600 [ReconcilerExecutor-hivemq-controller-115] DEBUG c.h.p.o.HiveMQPlatformReconciler - [helmcust] StatefulSet Status (revision: test-hivemq-platform-7f5cbb4b76, replicas: 1, available: 1, ready: 1, current: 1, updated: 1)
2025-01-29 22:18:29,604 INFO c.h.h.t.HelmChartContainer - [hivemq-test-hivemq-platform] [hivemq-platform-operator] [9fde0877] 22:18:29.600 [ReconcilerExecutor-hivemq-controller-115] DEBUG c.h.p.o.HiveMQPlatformReconciler - [helmcust] StatefulSet Spec (replicas: 2, init containers: 1, containers: 1, volumes: 3)
2025-01-29 22:18:29,607 INFO c.h.h.t.HelmChartContainer - [hivemq-test-hivemq-platform] [hivemq-platform-operator] [9fde0877] 22:18:29.601 [ReconcilerExecutor-hivemq-controller-115] DEBUG c.h.p.o.h.HiveMQPlatformReconcilerErrorHandler - [helmcust] Pod 'test-hivemq-platform-1' phase Pending
2025-01-29 22:18:29,607 INFO c.h.h.t.HelmChartContainer - [hivemq-test-hivemq-platform] [hivemq-platform-operator] [9fde0877] 22:18:29.601 [ReconcilerExecutor-hivemq-controller-115] DEBUG c.h.p.o.h.HiveMQPlatformReconcilerErrorHandler - [helmcust] Pod 'test-hivemq-platform-1' condition 'PodReadyToStartContainers': False
2025-01-29 22:18:29,607 INFO c.h.h.t.HelmChartContainer - [hivemq-test-hivemq-platform] [hivemq-platform-operator] [9fde0877] 22:18:29.601 [ReconcilerExecutor-hivemq-controller-115] DEBUG c.h.p.o.h.HiveMQPlatformReconcilerErrorHandler - [helmcust] Pod 'test-hivemq-platform-1' condition 'Initialized': False
2025-01-29 22:18:29,607 INFO c.h.h.t.HelmChartContainer - [hivemq-test-hivemq-platform] [hivemq-platform-operator] [9fde0877] 22:18:29.601 [ReconcilerExecutor-hivemq-controller-115] DEBUG c.h.p.o.h.HiveMQPlatformReconcilerErrorHandler - [helmcust] Pod 'test-hivemq-platform-1' condition 'Ready': False
2025-01-29 22:18:29,607 INFO c.h.h.t.HelmChartContainer - [hivemq-test-hivemq-platform] [hivemq-platform-operator] [9fde0877] 22:18:29.601 [ReconcilerExecutor-hivemq-controller-115] DEBUG c.h.p.o.h.HiveMQPlatformReconcilerErrorHandler - [helmcust] Pod 'test-hivemq-platform-1' condition 'ContainersReady': False
2025-01-29 22:18:29,607 INFO c.h.h.t.HelmChartContainer - [hivemq-test-hivemq-platform] [hivemq-platform-operator] [9fde0877] 22:18:29.601 [ReconcilerExecutor-hivemq-controller-115] DEBUG c.h.p.o.h.HiveMQPlatformReconcilerErrorHandler - [helmcust] Pod 'test-hivemq-platform-1' condition 'PodScheduled': True
2025-01-29 22:18:29,607 INFO c.h.h.t.HelmChartContainer - [hivemq-test-hivemq-platform] [hivemq-platform-operator] [9fde0877] 22:18:29.601 [ReconcilerExecutor-hivemq-controller-115] DEBUG c.h.p.o.h.HiveMQPlatformReconcilerErrorHandler - [helmcust] Pod 'test-hivemq-platform-1' containerStatus 'hivemq' (started: false) (ready: false) (waiting: [PodInitializing] null)
2025-01-29 22:18:29,608 INFO c.h.h.t.HelmChartContainer - [hivemq-test-hivemq-platform] [hivemq-platform-operator] [9fde0877] 22:18:29.603 [ReconcilerExecutor-hivemq-controller-115] DEBUG c.h.p.o.h.HiveMQPlatformReconcilerErrorHandler - [helmcust] Pod 'test-hivemq-platform-0' phase Running
2025-01-29 22:18:29,608 INFO c.h.h.t.HelmChartContainer - [hivemq-test-hivemq-platform] [hivemq-platform-operator] [9fde0877] 22:18:29.603 [ReconcilerExecutor-hivemq-controller-115] INFO  c.h.p.o.h.HiveMQPlatformReconcilerBaseHandler - [helmcust] HiveMQ Platform is starting, 1 of 2 replicas are ready
2025-01-29 22:18:29,614 INFO c.h.h.t.HelmChartContainer - [hivemq-test-hivemq-platform] [hivemq-platform-operator] [9fde0877] 22:18:29.612 [pool-6-thread-24] DEBUG c.h.p.o.dependants.PodInfoConfigMap - [helmcust] Desired PodInfo ConfigMap (1 extensions) (1 enabled)
2025-01-29 22:18:29,675 INFO c.h.h.t.HelmChartContainer - [K3S] [reconciler_common.go:251] "operationExecutor.VerifyControllerAttachedVolume started for volume \"kube-api-access-7fbfd\" (UniqueName: \"kubernetes.io/projected/e8ba2cc3-a38e-4091-9318-f1de8603fe40-kube-api-access-7fbfd\") pod \"test-hivemq-platform-1\" (UID: \"e8ba2cc3-a38e-4091-9318-f1de8603fe40\") " pod="helmcustomsecretconfigit/test-hivemq-platform-1"
2025-01-29 22:18:29,675 INFO c.h.h.t.HelmChartContainer - [K3S] [reconciler_common.go:251] "operationExecutor.VerifyControllerAttachedVolume started for volume \"broker-configuration\" (UniqueName: \"kubernetes.io/secret/e8ba2cc3-a38e-4091-9318-f1de8603fe40-broker-configuration\") pod \"test-hivemq-platform-1\" (UID: \"e8ba2cc3-a38e-4091-9318-f1de8603fe40\") " pod="helmcustomsecretconfigit/test-hivemq-platform-1"
2025-01-29 22:18:29,675 INFO c.h.h.t.HelmChartContainer - [K3S] [reconciler_common.go:251] "operationExecutor.VerifyControllerAttachedVolume started for volume \"operator-init\" (UniqueName: \"kubernetes.io/empty-dir/e8ba2cc3-a38e-4091-9318-f1de8603fe40-operator-init\") pod \"test-hivemq-platform-1\" (UID: \"e8ba2cc3-a38e-4091-9318-f1de8603fe40\") " pod="helmcustomsecretconfigit/test-hivemq-platform-1"
2025-01-29 22:18:29,675 INFO c.h.h.t.HelmChartContainer - [K3S] [reconciler_common.go:251] "operationExecutor.VerifyControllerAttachedVolume started for volume \"pod-info\" (UniqueName: \"kubernetes.io/configmap/e8ba2cc3-a38e-4091-9318-f1de8603fe40-pod-info\") pod \"test-hivemq-platform-1\" (UID: \"e8ba2cc3-a38e-4091-9318-f1de8603fe40\") " pod="helmcustomsecretconfigit/test-hivemq-platform-1"
2025-01-29 22:18:29,697 INFO c.h.h.t.HelmChartContainer - [hivemq-test-hivemq-platform] [hivemq-platform-operator] [9fde0877] 22:18:29.696 [pool-6-thread-24] DEBUG c.h.p.o.dependants.PodInfoConfigMap - [helmcust] Desired PodInfo ConfigMap (metrics port: 9399) (metrics path: /)
2025-01-29 22:18:29,698 INFO c.h.h.t.HelmChartContainer - [hivemq-test-hivemq-platform] [hivemq-platform-operator] [9fde0877] 22:18:29.696 [pool-6-thread-24] DEBUG c.h.p.o.dependants.PodInfoConfigMap - [helmcust] Desired PodInfo ConfigMap (extension state hash: -1817474005)
2025-01-29 22:18:29,698 INFO c.h.h.t.HelmChartContainer - [hivemq-test-hivemq-platform] [hivemq-platform-operator] [9fde0877] 22:18:29.696 [pool-6-thread-27] DEBUG c.h.p.o.d.PlatformServiceResource - [helmcust] Desired Platform services (3 services)
2025-01-29 22:18:29,698 INFO c.h.h.t.HelmChartContainer - [hivemq-test-hivemq-platform] [hivemq-platform-operator] [9fde0877] 22:18:29.614 [pool-6-thread-26] DEBUG c.h.p.o.d.PodServiceAccountResource - [helmcust] Desired PodServiceAccountResource (serviceAccountName: hivemq-platform-pod-test-hivemq-platform)
2025-01-29 22:18:29,701 INFO c.h.h.t.HelmChartContainer - [hivemq-test-hivemq-platform] [hivemq-platform-operator] [9fde0877] 22:18:29.700 [pool-6-thread-27] DEBUG c.h.p.o.d.StatefulSetResource - [helmcust] Desired StatefulSet (2 replicas) for status STARTING (READY)
2025-01-29 22:18:29,704 INFO c.h.h.t.HelmChartContainer - [hivemq-test-hivemq-platform] [hivemq-platform-operator] [9fde0877] 22:18:29.704 [ReconcilerExecutor-hivemq-controller-116] INFO  c.h.p.o.HiveMQPlatformReconciler - [helmcust] Reconciling HiveMQ Platform 'test-hivemq-platform' in namespace 'helmcustomsecretconfigit'
2025-01-29 22:18:29,705 INFO c.h.h.t.HelmChartContainer - [hivemq-test-hivemq-platform] [hivemq-platform-operator] [9fde0877] 22:18:29.704 [ReconcilerExecutor-hivemq-controller-116] DEBUG c.h.p.o.HiveMQPlatformReconciler - [helmcust] Custom Resource Status STARTING - HiveMQ Platform is starting (READY)
2025-01-29 22:18:29,705 INFO c.h.h.t.HelmChartContainer - [hivemq-test-hivemq-platform] [hivemq-platform-operator] [9fde0877] 22:18:29.704 [ReconcilerExecutor-hivemq-controller-116] DEBUG c.h.p.o.HiveMQPlatformReconciler - [helmcust] Custom Resource Spec (replicas: 2) (extensions: 1)
2025-01-29 22:18:29,708 INFO c.h.h.t.HelmChartContainer - [hivemq-test-hivemq-platform] [hivemq-platform-operator] [9fde0877] 22:18:29.706 [ReconcilerExecutor-hivemq-controller-116] DEBUG c.h.p.o.HiveMQPlatformReconciler - [helmcust] StatefulSet Status (revision: test-hivemq-platform-7f5cbb4b76, replicas: 2, available: 1, ready: 1, current: 2, updated: 2)
2025-01-29 22:18:29,708 INFO c.h.h.t.HelmChartContainer - [hivemq-test-hivemq-platform] [hivemq-platform-operator] [9fde0877] 22:18:29.706 [ReconcilerExecutor-hivemq-controller-116] DEBUG c.h.p.o.HiveMQPlatformReconciler - [helmcust] StatefulSet Spec (replicas: 2, init containers: 1, containers: 1, volumes: 3)
2025-01-29 22:18:29,708 INFO c.h.h.t.HelmChartContainer - [hivemq-test-hivemq-platform] [hivemq-platform-operator] [9fde0877] 22:18:29.707 [ReconcilerExecutor-hivemq-controller-116] DEBUG c.h.p.o.h.HiveMQPlatformReconcilerErrorHandler - [helmcust] Pod 'test-hivemq-platform-1' phase Pending
2025-01-29 22:18:29,708 INFO c.h.h.t.HelmChartContainer - [hivemq-test-hivemq-platform] [hivemq-platform-operator] [9fde0877] 22:18:29.707 [ReconcilerExecutor-hivemq-controller-116] DEBUG c.h.p.o.h.HiveMQPlatformReconcilerErrorHandler - [helmcust] Pod 'test-hivemq-platform-1' condition 'PodReadyToStartContainers': False
2025-01-29 22:18:29,709 INFO c.h.h.t.HelmChartContainer - [hivemq-test-hivemq-platform] [hivemq-platform-operator] [9fde0877] 22:18:29.707 [ReconcilerExecutor-hivemq-controller-116] DEBUG c.h.p.o.h.HiveMQPlatformReconcilerErrorHandler - [helmcust] Pod 'test-hivemq-platform-1' condition 'Initialized': False
2025-01-29 22:18:29,709 INFO c.h.h.t.HelmChartContainer - [hivemq-test-hivemq-platform] [hivemq-platform-operator] [9fde0877] 22:18:29.708 [ReconcilerExecutor-hivemq-controller-116] DEBUG c.h.p.o.h.HiveMQPlatformReconcilerErrorHandler - [helmcust] Pod 'test-hivemq-platform-1' condition 'Ready': False
2025-01-29 22:18:29,709 INFO c.h.h.t.HelmChartContainer - [hivemq-test-hivemq-platform] [hivemq-platform-operator] [9fde0877] 22:18:29.708 [ReconcilerExecutor-hivemq-controller-116] DEBUG c.h.p.o.h.HiveMQPlatformReconcilerErrorHandler - [helmcust] Pod 'test-hivemq-platform-1' condition 'ContainersReady': False
2025-01-29 22:18:29,710 INFO c.h.h.t.HelmChartContainer - [hivemq-test-hivemq-platform] [hivemq-platform-operator] [9fde0877] 22:18:29.708 [ReconcilerExecutor-hivemq-controller-116] DEBUG c.h.p.o.h.HiveMQPlatformReconcilerErrorHandler - [helmcust] Pod 'test-hivemq-platform-1' condition 'PodScheduled': True
2025-01-29 22:18:29,710 INFO c.h.h.t.HelmChartContainer - [hivemq-test-hivemq-platform] [hivemq-platform-operator] [9fde0877] 22:18:29.708 [ReconcilerExecutor-hivemq-controller-116] DEBUG c.h.p.o.h.HiveMQPlatformReconcilerErrorHandler - [helmcust] Pod 'test-hivemq-platform-1' containerStatus 'hivemq' (started: false) (ready: false) (waiting: [PodInitializing] null)
2025-01-29 22:18:29,712 INFO c.h.h.t.HelmChartContainer - [hivemq-test-hivemq-platform] [hivemq-platform-operator] [9fde0877] 22:18:29.711 [ReconcilerExecutor-hivemq-controller-116] DEBUG c.h.p.o.h.HiveMQPlatformReconcilerErrorHandler - [helmcust] Pod 'test-hivemq-platform-0' phase Running
2025-01-29 22:18:29,713 INFO c.h.h.t.HelmChartContainer - [hivemq-test-hivemq-platform] [hivemq-platform-operator] [9fde0877] 22:18:29.712 [ReconcilerExecutor-hivemq-controller-116] INFO  c.h.p.o.h.HiveMQPlatformReconcilerBaseHandler - [helmcust] HiveMQ Platform is starting, 1 of 2 replicas are ready
2025-01-29 22:18:29,955 INFO c.h.h.t.HelmChartContainer - [EVENT] Normal [Pulled] Container image "docker.io/hivemq/hivemq-platform-operator-init-test:snapshot" already present on machine [helmcustomsecretconfigit:test-hivemq-platform-1]
2025-01-29 22:18:29,962 INFO c.h.h.t.HelmChartContainer - [EVENT] Normal [Created] Created container: hivemq-platform-operator-init [helmcustomsecretconfigit:test-hivemq-platform-1]
2025-01-29 22:18:30,000 INFO c.h.h.t.HelmChartContainer - [EVENT] Normal [Started] Started container hivemq-platform-operator-init [helmcustomsecretconfigit:test-hivemq-platform-1]
2025-01-29 22:18:30,099 INFO c.h.h.t.HelmChartContainer - [POD] test-hivemq-platform-1 [e8ba2cc3-a38e-4091-9318-f1de8603fe40] in helmcustomsecretconfigit was MODIFIED
2025-01-29 22:18:30,118 INFO c.h.h.t.HelmChartContainer - [hivemq-test-hivemq-platform] [hivemq-platform-operator] [9fde0877] 22:18:30.106 [pool-6-thread-36] DEBUG c.h.p.o.d.PlatformServiceResource - [helmcust] Desired Platform services (3 services)
2025-01-29 22:18:30,118 INFO c.h.h.t.HelmChartContainer - [hivemq-test-hivemq-platform] [hivemq-platform-operator] [9fde0877] 22:18:30.108 [pool-6-thread-33] DEBUG c.h.p.o.d.PodServiceAccountResource - [helmcust] Desired PodServiceAccountResource (serviceAccountName: hivemq-platform-pod-test-hivemq-platform)
2025-01-29 22:18:30,122 INFO c.h.h.t.HelmChartContainer - [hivemq-test-hivemq-platform] [hivemq-platform-operator] [9fde0877] 22:18:30.112 [pool-6-thread-35] DEBUG c.h.p.o.dependants.PodInfoConfigMap - [helmcust] Desired PodInfo ConfigMap (1 extensions) (1 enabled)
2025-01-29 22:18:30,122 INFO c.h.h.t.HelmChartContainer - [hivemq-test-hivemq-platform] [hivemq-platform-operator] [9fde0877] 22:18:30.113 [pool-6-thread-35] DEBUG c.h.p.o.dependants.PodInfoConfigMap - [helmcust] Desired PodInfo ConfigMap (metrics port: 9399) (metrics path: /)
2025-01-29 22:18:30,122 INFO c.h.h.t.HelmChartContainer - [hivemq-test-hivemq-platform] [hivemq-platform-operator] [9fde0877] 22:18:30.113 [pool-6-thread-35] DEBUG c.h.p.o.dependants.PodInfoConfigMap - [helmcust] Desired PodInfo ConfigMap (extension state hash: -1817474005)
2025-01-29 22:18:30,126 INFO c.h.h.t.HelmChartContainer - [hivemq-test-hivemq-platform] [hivemq-platform-operator] [9fde0877] 22:18:30.118 [pool-6-thread-33] DEBUG c.h.p.o.d.StatefulSetResource - [helmcust] Desired StatefulSet (2 replicas) for status STARTING (READY)
2025-01-29 22:18:30,130 INFO c.h.h.t.HelmChartContainer - [hivemq-test-hivemq-platform] [hivemq-platform-operator] [9fde0877] 22:18:30.125 [ReconcilerExecutor-hivemq-controller-117] INFO  c.h.p.o.HiveMQPlatformReconciler - [helmcust] Reconciling HiveMQ Platform 'test-hivemq-platform' in namespace 'helmcustomsecretconfigit'
2025-01-29 22:18:30,130 INFO c.h.h.t.HelmChartContainer - [hivemq-test-hivemq-platform] [hivemq-platform-operator] [9fde0877] 22:18:30.125 [ReconcilerExecutor-hivemq-controller-117] DEBUG c.h.p.o.HiveMQPlatformReconciler - [helmcust] Custom Resource Status STARTING - HiveMQ Platform is starting (READY)
2025-01-29 22:18:30,130 INFO c.h.h.t.HelmChartContainer - [hivemq-test-hivemq-platform] [hivemq-platform-operator] [9fde0877] 22:18:30.126 [ReconcilerExecutor-hivemq-controller-117] DEBUG c.h.p.o.HiveMQPlatformReconciler - [helmcust] Custom Resource Spec (replicas: 2) (extensions: 1)
2025-01-29 22:18:30,202 INFO c.h.h.t.HelmChartContainer - [hivemq-test-hivemq-platform] [hivemq-platform-operator] [9fde0877] 22:18:30.200 [ReconcilerExecutor-hivemq-controller-117] DEBUG c.h.p.o.HiveMQPlatformReconciler - [helmcust] StatefulSet Status (revision: test-hivemq-platform-7f5cbb4b76, replicas: 2, available: 1, ready: 1, current: 2, updated: 2)
2025-01-29 22:18:30,202 INFO c.h.h.t.HelmChartContainer - [hivemq-test-hivemq-platform] [hivemq-platform-operator] [9fde0877] 22:18:30.200 [ReconcilerExecutor-hivemq-controller-117] DEBUG c.h.p.o.HiveMQPlatformReconciler - [helmcust] StatefulSet Spec (replicas: 2, init containers: 1, containers: 1, volumes: 3)
2025-01-29 22:18:30,208 INFO c.h.h.t.HelmChartContainer - [hivemq-test-hivemq-platform] [hivemq-platform-operator] [9fde0877] 22:18:30.206 [ReconcilerExecutor-hivemq-controller-117] DEBUG c.h.p.o.h.HiveMQPlatformReconcilerErrorHandler - [helmcust] Pod 'test-hivemq-platform-1' phase Pending
2025-01-29 22:18:30,209 INFO c.h.h.t.HelmChartContainer - [hivemq-test-hivemq-platform] [hivemq-platform-operator] [9fde0877] 22:18:30.207 [ReconcilerExecutor-hivemq-controller-117] DEBUG c.h.p.o.h.HiveMQPlatformReconcilerErrorHandler - [helmcust] Pod 'test-hivemq-platform-1' condition 'PodReadyToStartContainers': True
2025-01-29 22:18:30,209 INFO c.h.h.t.HelmChartContainer - [hivemq-test-hivemq-platform] [hivemq-platform-operator] [9fde0877] 22:18:30.207 [ReconcilerExecutor-hivemq-controller-117] DEBUG c.h.p.o.h.HiveMQPlatformReconcilerErrorHandler - [helmcust] Pod 'test-hivemq-platform-1' condition 'Initialized': False
2025-01-29 22:18:30,209 INFO c.h.h.t.HelmChartContainer - [hivemq-test-hivemq-platform] [hivemq-platform-operator] [9fde0877] 22:18:30.207 [ReconcilerExecutor-hivemq-controller-117] DEBUG c.h.p.o.h.HiveMQPlatformReconcilerErrorHandler - [helmcust] Pod 'test-hivemq-platform-1' condition 'Ready': False
2025-01-29 22:18:30,209 INFO c.h.h.t.HelmChartContainer - [hivemq-test-hivemq-platform] [hivemq-platform-operator] [9fde0877] 22:18:30.207 [ReconcilerExecutor-hivemq-controller-117] DEBUG c.h.p.o.h.HiveMQPlatformReconcilerErrorHandler - [helmcust] Pod 'test-hivemq-platform-1' condition 'ContainersReady': False
2025-01-29 22:18:30,209 INFO c.h.h.t.HelmChartContainer - [hivemq-test-hivemq-platform] [hivemq-platform-operator] [9fde0877] 22:18:30.207 [ReconcilerExecutor-hivemq-controller-117] DEBUG c.h.p.o.h.HiveMQPlatformReconcilerErrorHandler - [helmcust] Pod 'test-hivemq-platform-1' condition 'PodScheduled': True
2025-01-29 22:18:30,209 INFO c.h.h.t.HelmChartContainer - [hivemq-test-hivemq-platform] [hivemq-platform-operator] [9fde0877] 22:18:30.207 [ReconcilerExecutor-hivemq-controller-117] DEBUG c.h.p.o.h.HiveMQPlatformReconcilerErrorHandler - [helmcust] Pod 'test-hivemq-platform-1' containerStatus 'hivemq' (started: false) (ready: false) (waiting: [PodInitializing] null)
2025-01-29 22:18:30,212 INFO c.h.h.t.HelmChartContainer - [hivemq-test-hivemq-platform] [hivemq-platform-operator] [9fde0877] 22:18:30.210 [ReconcilerExecutor-hivemq-controller-117] DEBUG c.h.p.o.h.HiveMQPlatformReconcilerErrorHandler - [helmcust] Pod 'test-hivemq-platform-0' phase Running
2025-01-29 22:18:30,213 INFO c.h.h.t.HelmChartContainer - [hivemq-test-hivemq-platform] [hivemq-platform-operator] [9fde0877] 22:18:30.212 [ReconcilerExecutor-hivemq-controller-117] INFO  c.h.p.o.h.HiveMQPlatformReconcilerBaseHandler - [helmcust] HiveMQ Platform is starting, 1 of 2 replicas are ready
2025-01-29 22:18:31,092 INFO c.h.h.t.HelmChartContainer - [EVENT] Normal [Pulled] Container image "docker.io/hivemq/hivemq4:4.36.0" already present on machine [helmcustomsecretconfigit:test-hivemq-platform-1]
2025-01-29 22:18:31,093 INFO c.h.h.t.HelmChartContainer - Received Pulled event for container hivemq in pod test-hivemq-platform-1 [e8ba2cc3-a38e-4091-9318-f1de8603fe40]
2025-01-29 22:18:31,099 INFO c.h.h.t.HelmChartContainer - [POD] test-hivemq-platform-1 [e8ba2cc3-a38e-4091-9318-f1de8603fe40] in helmcustomsecretconfigit was MODIFIED
2025-01-29 22:18:31,106 INFO c.h.h.t.HelmChartContainer - [EVENT] Normal [Created] Created container: hivemq [helmcustomsecretconfigit:test-hivemq-platform-1]
2025-01-29 22:18:31,106 INFO c.h.h.t.HelmChartContainer - Received Created event for container hivemq in pod test-hivemq-platform-1 [e8ba2cc3-a38e-4091-9318-f1de8603fe40]
2025-01-29 22:18:31,112 INFO c.h.h.t.HelmChartContainer - [hivemq-test-hivemq-platform] [hivemq-platform-operator] [9fde0877] 22:18:31.110 [pool-6-thread-42] DEBUG c.h.p.o.d.PlatformServiceResource - [helmcust] Desired Platform services (3 services)
2025-01-29 22:18:31,116 INFO c.h.h.t.HelmChartContainer - [hivemq-test-hivemq-platform] [hivemq-platform-operator] [9fde0877] 22:18:31.112 [pool-6-thread-44] DEBUG c.h.p.o.dependants.PodInfoConfigMap - [helmcust] Desired PodInfo ConfigMap (1 extensions) (1 enabled)
2025-01-29 22:18:31,117 INFO c.h.h.t.HelmChartContainer - [hivemq-test-hivemq-platform] [hivemq-platform-operator] [9fde0877] 22:18:31.112 [pool-6-thread-44] DEBUG c.h.p.o.dependants.PodInfoConfigMap - [helmcust] Desired PodInfo ConfigMap (metrics port: 9399) (metrics path: /)
2025-01-29 22:18:31,117 INFO c.h.h.t.HelmChartContainer - [hivemq-test-hivemq-platform] [hivemq-platform-operator] [9fde0877] 22:18:31.112 [pool-6-thread-44] DEBUG c.h.p.o.dependants.PodInfoConfigMap - [helmcust] Desired PodInfo ConfigMap (extension state hash: -1817474005)
2025-01-29 22:18:31,117 INFO c.h.h.t.HelmChartContainer - [hivemq-test-hivemq-platform] [hivemq-platform-operator] [9fde0877] 22:18:31.114 [pool-6-thread-41] DEBUG c.h.p.o.d.PodServiceAccountResource - [helmcust] Desired PodServiceAccountResource (serviceAccountName: hivemq-platform-pod-test-hivemq-platform)
2025-01-29 22:18:31,126 INFO c.h.h.t.HelmChartContainer - [hivemq-test-hivemq-platform] [hivemq-platform-operator] [9fde0877] 22:18:31.122 [pool-6-thread-42] DEBUG c.h.p.o.d.StatefulSetResource - [helmcust] Desired StatefulSet (2 replicas) for status STARTING (READY)
2025-01-29 22:18:31,200 INFO c.h.h.t.HelmChartContainer - [hivemq-test-hivemq-platform] [hivemq-platform-operator] [9fde0877] 22:18:31.198 [ReconcilerExecutor-hivemq-controller-118] INFO  c.h.p.o.HiveMQPlatformReconciler - [helmcust] Reconciling HiveMQ Platform 'test-hivemq-platform' in namespace 'helmcustomsecretconfigit'
2025-01-29 22:18:31,200 INFO c.h.h.t.HelmChartContainer - [hivemq-test-hivemq-platform] [hivemq-platform-operator] [9fde0877] 22:18:31.198 [ReconcilerExecutor-hivemq-controller-118] DEBUG c.h.p.o.HiveMQPlatformReconciler - [helmcust] Custom Resource Status STARTING - HiveMQ Platform is starting (READY)
2025-01-29 22:18:31,200 INFO c.h.h.t.HelmChartContainer - [hivemq-test-hivemq-platform] [hivemq-platform-operator] [9fde0877] 22:18:31.198 [ReconcilerExecutor-hivemq-controller-118] DEBUG c.h.p.o.HiveMQPlatformReconciler - [helmcust] Custom Resource Spec (replicas: 2) (extensions: 1)
2025-01-29 22:18:31,201 INFO c.h.h.t.HelmChartContainer - [hivemq-test-hivemq-platform] [hivemq-platform-operator] [9fde0877] 22:18:31.200 [ReconcilerExecutor-hivemq-controller-118] DEBUG c.h.p.o.HiveMQPlatformReconciler - [helmcust] StatefulSet Status (revision: test-hivemq-platform-7f5cbb4b76, replicas: 2, available: 1, ready: 1, current: 2, updated: 2)
2025-01-29 22:18:31,202 INFO c.h.h.t.HelmChartContainer - [hivemq-test-hivemq-platform] [hivemq-platform-operator] [9fde0877] 22:18:31.201 [ReconcilerExecutor-hivemq-controller-118] DEBUG c.h.p.o.HiveMQPlatformReconciler - [helmcust] StatefulSet Spec (replicas: 2, init containers: 1, containers: 1, volumes: 3)
2025-01-29 22:18:31,204 INFO c.h.h.t.HelmChartContainer - [hivemq-test-hivemq-platform] [hivemq-platform-operator] [9fde0877] 22:18:31.202 [ReconcilerExecutor-hivemq-controller-118] DEBUG c.h.p.o.h.HiveMQPlatformReconcilerErrorHandler - [helmcust] Pod 'test-hivemq-platform-1' phase Pending
2025-01-29 22:18:31,204 INFO c.h.h.t.HelmChartContainer - [hivemq-test-hivemq-platform] [hivemq-platform-operator] [9fde0877] 22:18:31.202 [ReconcilerExecutor-hivemq-controller-118] DEBUG c.h.p.o.h.HiveMQPlatformReconcilerErrorHandler - [helmcust] Pod 'test-hivemq-platform-1' condition 'PodReadyToStartContainers': True
2025-01-29 22:18:31,204 INFO c.h.h.t.HelmChartContainer - [hivemq-test-hivemq-platform] [hivemq-platform-operator] [9fde0877] 22:18:31.203 [ReconcilerExecutor-hivemq-controller-118] DEBUG c.h.p.o.h.HiveMQPlatformReconcilerErrorHandler - [helmcust] Pod 'test-hivemq-platform-1' condition 'Initialized': True
2025-01-29 22:18:31,204 INFO c.h.h.t.HelmChartContainer - [hivemq-test-hivemq-platform] [hivemq-platform-operator] [9fde0877] 22:18:31.203 [ReconcilerExecutor-hivemq-controller-118] DEBUG c.h.p.o.h.HiveMQPlatformReconcilerErrorHandler - [helmcust] Pod 'test-hivemq-platform-1' condition 'Ready': False
2025-01-29 22:18:31,204 INFO c.h.h.t.HelmChartContainer - [hivemq-test-hivemq-platform] [hivemq-platform-operator] [9fde0877] 22:18:31.203 [ReconcilerExecutor-hivemq-controller-118] DEBUG c.h.p.o.h.HiveMQPlatformReconcilerErrorHandler - [helmcust] Pod 'test-hivemq-platform-1' condition 'ContainersReady': False
2025-01-29 22:18:31,205 INFO c.h.h.t.HelmChartContainer - [hivemq-test-hivemq-platform] [hivemq-platform-operator] [9fde0877] 22:18:31.203 [ReconcilerExecutor-hivemq-controller-118] DEBUG c.h.p.o.h.HiveMQPlatformReconcilerErrorHandler - [helmcust] Pod 'test-hivemq-platform-1' condition 'PodScheduled': True
2025-01-29 22:18:31,205 INFO c.h.h.t.HelmChartContainer - [hivemq-test-hivemq-platform] [hivemq-platform-operator] [9fde0877] 22:18:31.203 [ReconcilerExecutor-hivemq-controller-118] DEBUG c.h.p.o.h.HiveMQPlatformReconcilerErrorHandler - [helmcust] Pod 'test-hivemq-platform-1' containerStatus 'hivemq' (started: false) (ready: false) (waiting: [PodInitializing] null)
2025-01-29 22:18:31,205 INFO c.h.h.t.HelmChartContainer - [hivemq-test-hivemq-platform] [hivemq-platform-operator] [9fde0877] 22:18:31.204 [ReconcilerExecutor-hivemq-controller-118] DEBUG c.h.p.o.h.HiveMQPlatformReconcilerErrorHandler - [helmcust] Pod 'test-hivemq-platform-0' phase Running
2025-01-29 22:18:31,206 INFO c.h.h.t.HelmChartContainer - [hivemq-test-hivemq-platform] [hivemq-platform-operator] [9fde0877] 22:18:31.205 [ReconcilerExecutor-hivemq-controller-118] INFO  c.h.p.o.h.HiveMQPlatformReconcilerBaseHandler - [helmcust] HiveMQ Platform is starting, 1 of 2 replicas are ready
2025-01-29 22:18:32,104 INFO c.h.h.t.HelmChartContainer - [POD] test-hivemq-platform-1 [e8ba2cc3-a38e-4091-9318-f1de8603fe40] in helmcustomsecretconfigit was MODIFIED
2025-01-29 22:18:32,116 INFO c.h.h.t.HelmChartContainer - [hivemq-test-hivemq-platform] [hivemq-platform-operator] [9fde0877] 22:18:32.112 [pool-6-thread-5] DEBUG c.h.p.o.d.PlatformServiceResource - [helmcust] Desired Platform services (3 services)
2025-01-29 22:18:32,116 INFO c.h.h.t.HelmChartContainer - [hivemq-test-hivemq-platform] [hivemq-platform-operator] [9fde0877] 22:18:32.113 [pool-6-thread-1] DEBUG c.h.p.o.dependants.PodInfoConfigMap - [helmcust] Desired PodInfo ConfigMap (1 extensions) (1 enabled)
2025-01-29 22:18:32,116 INFO c.h.h.t.HelmChartContainer - [hivemq-test-hivemq-platform] [hivemq-platform-operator] [9fde0877] 22:18:32.113 [pool-6-thread-1] DEBUG c.h.p.o.dependants.PodInfoConfigMap - [helmcust] Desired PodInfo ConfigMap (metrics port: 9399) (metrics path: /)
2025-01-29 22:18:32,116 INFO c.h.h.t.HelmChartContainer - [hivemq-test-hivemq-platform] [hivemq-platform-operator] [9fde0877] 22:18:32.113 [pool-6-thread-1] DEBUG c.h.p.o.dependants.PodInfoConfigMap - [helmcust] Desired PodInfo ConfigMap (extension state hash: -1817474005)
2025-01-29 22:18:32,116 INFO c.h.h.t.HelmChartContainer - [hivemq-test-hivemq-platform] [hivemq-platform-operator] [9fde0877] 22:18:32.114 [pool-6-thread-1] DEBUG c.h.p.o.d.PodServiceAccountResource - [helmcust] Desired PodServiceAccountResource (serviceAccountName: hivemq-platform-pod-test-hivemq-platform)
2025-01-29 22:18:32,117 INFO c.h.h.t.HelmChartContainer - [EVENT] Normal [Started] Started container hivemq [helmcustomsecretconfigit:test-hivemq-platform-1]
2025-01-29 22:18:32,118 INFO c.h.h.t.HelmChartContainer - Received Started event for container hivemq in pod test-hivemq-platform-1 [e8ba2cc3-a38e-4091-9318-f1de8603fe40]
2025-01-29 22:18:32,120 INFO c.h.h.t.HelmChartContainer - Started log watcher for hivemq in pod test-hivemq-platform-1 [e8ba2cc3-a38e-4091-9318-f1de8603fe40]
2025-01-29 22:18:32,120 INFO c.h.h.t.HelmChartContainer - [test-hivemq-platform] [hivemq] [e8ba2cc3] Adding pre-installed HiveMQ Platform Operator extensions
2025-01-29 22:18:32,120 INFO c.h.h.t.HelmChartContainer - [test-hivemq-platform] [hivemq] [e8ba2cc3] Running as user 10000
2025-01-29 22:18:32,120 INFO c.h.h.t.HelmChartContainer - [test-hivemq-platform] [hivemq] [e8ba2cc3] Starting HiveMQ Platform Operator Init
2025-01-29 22:18:32,123 INFO c.h.h.t.HelmChartContainer - [hivemq-test-hivemq-platform] [hivemq-platform-operator] [9fde0877] 22:18:32.122 [pool-6-thread-5] DEBUG c.h.p.o.d.StatefulSetResource - [helmcust] Desired StatefulSet (2 replicas) for status STARTING (READY)
2025-01-29 22:18:32,133 INFO c.h.h.t.HelmChartContainer - [hivemq-test-hivemq-platform] [hivemq-platform-operator] [9fde0877] 22:18:32.132 [ReconcilerExecutor-hivemq-controller-119] INFO  c.h.p.o.HiveMQPlatformReconciler - [helmcust] Reconciling HiveMQ Platform 'test-hivemq-platform' in namespace 'helmcustomsecretconfigit'
2025-01-29 22:18:32,134 INFO c.h.h.t.HelmChartContainer - [hivemq-test-hivemq-platform] [hivemq-platform-operator] [9fde0877] 22:18:32.132 [ReconcilerExecutor-hivemq-controller-119] DEBUG c.h.p.o.HiveMQPlatformReconciler - [helmcust] Custom Resource Status STARTING - HiveMQ Platform is starting (READY)
2025-01-29 22:18:32,134 INFO c.h.h.t.HelmChartContainer - [hivemq-test-hivemq-platform] [hivemq-platform-operator] [9fde0877] 22:18:32.132 [ReconcilerExecutor-hivemq-controller-119] DEBUG c.h.p.o.HiveMQPlatformReconciler - [helmcust] Custom Resource Spec (replicas: 2) (extensions: 1)
2025-01-29 22:18:32,200 INFO c.h.h.t.HelmChartContainer - [hivemq-test-hivemq-platform] [hivemq-platform-operator] [9fde0877] 22:18:32.197 [ReconcilerExecutor-hivemq-controller-119] DEBUG c.h.p.o.HiveMQPlatformReconciler - [helmcust] StatefulSet Status (revision: test-hivemq-platform-7f5cbb4b76, replicas: 2, available: 1, ready: 1, current: 2, updated: 2)
2025-01-29 22:18:32,201 INFO c.h.h.t.HelmChartContainer - [hivemq-test-hivemq-platform] [hivemq-platform-operator] [9fde0877] 22:18:32.198 [ReconcilerExecutor-hivemq-controller-119] DEBUG c.h.p.o.HiveMQPlatformReconciler - [helmcust] StatefulSet Spec (replicas: 2, init containers: 1, containers: 1, volumes: 3)
2025-01-29 22:18:32,201 INFO c.h.h.t.HelmChartContainer - [hivemq-test-hivemq-platform] [hivemq-platform-operator] [9fde0877] 22:18:32.199 [ReconcilerExecutor-hivemq-controller-119] DEBUG c.h.p.o.h.HiveMQPlatformReconcilerErrorHandler - [helmcust] Pod 'test-hivemq-platform-1' phase Running
2025-01-29 22:18:32,201 INFO c.h.h.t.HelmChartContainer - [hivemq-test-hivemq-platform] [hivemq-platform-operator] [9fde0877] 22:18:32.201 [ReconcilerExecutor-hivemq-controller-119] DEBUG c.h.p.o.h.HiveMQPlatformReconcilerErrorHandler - [helmcust] Pod 'test-hivemq-platform-0' phase Running
2025-01-29 22:18:32,202 INFO c.h.h.t.HelmChartContainer - [hivemq-test-hivemq-platform] [hivemq-platform-operator] [9fde0877] 22:18:32.202 [ReconcilerExecutor-hivemq-controller-119] INFO  c.h.p.o.h.HiveMQPlatformReconcilerBaseHandler - [helmcust] HiveMQ Platform is starting, 1 of 2 replicas are ready
2025-01-29 22:18:32,449 INFO c.h.h.t.HelmChartContainer - [test-hivemq-platform] [hivemq] [e8ba2cc3] INFO  - [HiveMQ Platform Operator Init 1.7.0-SNAPSHOT] HiveMQ Platform Operator Init 1.7.0-SNAPSHOT (commit: 3bc9484 on branch: HEAD) built on Wed Jan 29 22:06:36 UTC 2025
2025-01-29 22:18:33,837 INFO c.h.h.t.HelmChartContainer - [test-hivemq-platform] [hivemq] [e8ba2cc3] INFO  - [HiveMQ Platform Operator Init App 1.7.0-SNAPSHOT] Using bind address 10.42.0.18 from environment variable
2025-01-29 22:18:34,757 INFO c.h.h.t.HelmChartContainer - [test-hivemq-platform] [hivemq] [e8ba2cc3] INFO  - [HiveMQ Platform Operator Init App 1.7.0-SNAPSHOT] HiveMQ Platform Operator Init App 1.7.0-SNAPSHOT (commit: 3bc9484 on branch: HEAD) built on Wed Jan 29 22:06:36 UTC 2025
2025-01-29 22:18:34,757 INFO c.h.h.t.HelmChartContainer - [test-hivemq-platform] [hivemq] [e8ba2cc3] INFO  - [HiveMQ Platform Operator Init App 1.7.0-SNAPSHOT] PodInfo ConfigMap directory: /etc/podinfo
2025-01-29 22:18:34,757 INFO c.h.h.t.HelmChartContainer - [test-hivemq-platform] [hivemq] [e8ba2cc3] INFO  - [HiveMQ Platform Operator Init App 1.7.0-SNAPSHOT] HiveMQ home directory: /opt/hivemq
2025-01-29 22:18:34,758 INFO c.h.h.t.HelmChartContainer - [test-hivemq-platform] [hivemq] [e8ba2cc3] INFO  - [HiveMQ Platform Operator Init App 1.7.0-SNAPSHOT] HiveMQ Logback folder: /opt/hivemq/conf
2025-01-29 22:18:34,758 INFO c.h.h.t.HelmChartContainer - [test-hivemq-platform] [hivemq] [e8ba2cc3] INFO  - [HiveMQ Platform Operator Init App 1.7.0-SNAPSHOT] HiveMQ Config folder: /opt/hivemq/conf-k8s
2025-01-29 22:18:34,759 INFO c.h.h.t.HelmChartContainer - [test-hivemq-platform] [hivemq] [e8ba2cc3] INFO  - [HiveMQ Platform Operator Init App 1.7.0-SNAPSHOT] Starting HiveMQ Platform Operator Init App
2025-01-29 22:18:34,759 INFO c.h.h.t.HelmChartContainer - [test-hivemq-platform] [hivemq] [e8ba2cc3] INFO  - [HiveMQ Platform Operator Init App 1.7.0-SNAPSHOT] Starting Pod reconciler
2025-01-29 22:18:36,040 INFO c.h.h.t.HelmChartContainer - [test-hivemq-platform] [hivemq] [e8ba2cc3] INFO  - [HiveMQ Platform Operator Init App 1.7.0-SNAPSHOT] Pod reconciler is scheduled (interval: 5000 ms)
2025-01-29 22:18:36,041 INFO c.h.h.t.HelmChartContainer - [test-hivemq-platform] [hivemq] [e8ba2cc3] INFO  - [HiveMQ Platform Operator Init App 1.7.0-SNAPSHOT] Starting the REST API on 10.42.0.18:7979
2025-01-29 22:18:36,043 INFO c.h.h.t.HelmChartContainer - [test-hivemq-platform] [hivemq] [e8ba2cc3] INFO  - [HiveMQ Platform Operator Init App 1.7.0-SNAPSHOT] Waiting up to 600s for at most 2 HiveMQ nodes in cluster service hivemq-test-hivemq-platform-cluster.helmcustomsecretconfigit.svc
2025-01-29 22:18:36,352 INFO c.h.h.t.HelmChartContainer - [test-hivemq-platform] [hivemq] [e8ba2cc3] INFO  - [HiveMQ Platform Operator Init App 1.7.0-SNAPSHOT] Resolved 2 IP addresses: [10.42.0.17, 10.42.0.18]
2025-01-29 22:18:36,352 INFO c.h.h.t.HelmChartContainer - [test-hivemq-platform] [hivemq] [e8ba2cc3] INFO  - [HiveMQ Platform Operator Init App 1.7.0-SNAPSHOT] HiveMQ node count of 2 is within threshold of 2
2025-01-29 22:18:36,352 INFO c.h.h.t.HelmChartContainer - [test-hivemq-platform] [hivemq] [e8ba2cc3] INFO  - [HiveMQ Platform Operator Init App 1.7.0-SNAPSHOT] Proceeding with container start
2025-01-29 22:18:36,448 INFO c.h.h.t.HelmChartContainer - [test-hivemq-platform] [hivemq] [e8ba2cc3] INFO  - [HiveMQ Platform Operator Init App 1.7.0-SNAPSHOT] Initializing HiveMQ Platform extensions with initial configuration: {hivemq-allow-all-extension={start-priority=-1, skip-https-hostname-verification=false, restart=true, config-version=0, header-version=0, c-uri=, priority=-1, uri=preinstalled, skip-https-certificate-validation=false, enabled=true}, hivemq-prometheus-extension={restart=true, enabled=true, request-header-path=no-request-headers, uri=preinstalled, skip-https-certificate-validation=false, skip-https-hostname-verification=false, c-uri=, start-priority=-1, priority=-1}}
2025-01-29 22:18:36,950 INFO c.h.h.t.HelmChartContainer - [test-hivemq-platform] [hivemq] [e8ba2cc3] INFO  - [HiveMQ Platform Operator Init App 1.7.0-SNAPSHOT] Extension hivemq-allow-all-extension was already enabled
2025-01-29 22:18:37,034 INFO c.h.h.t.HelmChartContainer - [test-hivemq-platform] [hivemq] [e8ba2cc3] INFO  - [HiveMQ Platform Operator Init App 1.7.0-SNAPSHOT] Successfully enabled extension hivemq-prometheus-extension
2025-01-29 22:18:37,036 INFO c.h.h.t.HelmChartContainer - [test-hivemq-platform] [hivemq] [e8ba2cc3] INFO  - [HiveMQ Platform Operator Init App 1.7.0-SNAPSHOT] Starting HiveMQ Platform version 4.36.0 (4.36.0)
2025-01-29 22:18:37,036 INFO c.h.h.t.HelmChartContainer - [test-hivemq-platform] [hivemq] [e8ba2cc3] INFO  - [HiveMQ Platform Operator Init App 1.7.0-SNAPSHOT] Configuring the HiveMQ Platform
2025-01-29 22:18:37,046 INFO c.h.h.t.HelmChartContainer - [test-hivemq-platform] [hivemq] [e8ba2cc3] INFO  - [HiveMQ Platform Operator Init App 1.7.0-SNAPSHOT] Changed logback.xml file scan period to 20 seconds
2025-01-29 22:18:37,139 INFO c.h.h.t.HelmChartContainer - [test-hivemq-platform] [hivemq] [e8ba2cc3] INFO  - [HiveMQ Platform Operator Init App 1.7.0-SNAPSHOT] Starting the HiveMQ Platform
2025-01-29 22:18:37,142 INFO c.h.h.t.HelmChartContainer - [test-hivemq-platform] [hivemq] [e8ba2cc3] -------------------------------------------------------------------------
2025-01-29 22:18:37,142 INFO c.h.h.t.HelmChartContainer - [test-hivemq-platform] [hivemq] [e8ba2cc3] 
2025-01-29 22:18:37,142 INFO c.h.h.t.HelmChartContainer - [test-hivemq-platform] [hivemq] [e8ba2cc3]                   _    _  _              __  __   ____
2025-01-29 22:18:37,142 INFO c.h.h.t.HelmChartContainer - [test-hivemq-platform] [hivemq] [e8ba2cc3]                  | |  | |(_)            |  \/  | / __ \
2025-01-29 22:18:37,142 INFO c.h.h.t.HelmChartContainer - [test-hivemq-platform] [hivemq] [e8ba2cc3]                  | |__| | _ __   __ ___ | \  / || |  | |
2025-01-29 22:18:37,142 INFO c.h.h.t.HelmChartContainer - [test-hivemq-platform] [hivemq] [e8ba2cc3]                  |  __  || |\ \ / // _ \| |\/| || |  | |
2025-01-29 22:18:37,142 INFO c.h.h.t.HelmChartContainer - [test-hivemq-platform] [hivemq] [e8ba2cc3]                  | |  | || | \ V /|  __/| |  | || |__| |
2025-01-29 22:18:37,142 INFO c.h.h.t.HelmChartContainer - [test-hivemq-platform] [hivemq] [e8ba2cc3]                  |_|  |_||_|  \_/  \___||_|  |_| \___\_\
2025-01-29 22:18:37,142 INFO c.h.h.t.HelmChartContainer - [test-hivemq-platform] [hivemq] [e8ba2cc3] 
2025-01-29 22:18:37,142 INFO c.h.h.t.HelmChartContainer - [test-hivemq-platform] [hivemq] [e8ba2cc3] -------------------------------------------------------------------------
2025-01-29 22:18:37,142 INFO c.h.h.t.HelmChartContainer - [test-hivemq-platform] [hivemq] [e8ba2cc3] 
2025-01-29 22:18:37,142 INFO c.h.h.t.HelmChartContainer - [test-hivemq-platform] [hivemq] [e8ba2cc3]   HiveMQ Start Script for Linux/Unix v1.14
2025-01-29 22:18:37,142 INFO c.h.h.t.HelmChartContainer - [test-hivemq-platform] [hivemq] [e8ba2cc3] 
2025-01-29 22:18:37,249 INFO c.h.h.t.HelmChartContainer - [test-hivemq-platform] [hivemq] [e8ba2cc3] -------------------------------------------------------------------------
2025-01-29 22:18:37,249 INFO c.h.h.t.HelmChartContainer - [test-hivemq-platform] [hivemq] [e8ba2cc3] 
2025-01-29 22:18:37,249 INFO c.h.h.t.HelmChartContainer - [test-hivemq-platform] [hivemq] [e8ba2cc3]   HIVEMQ_HOME: /opt/hivemq
2025-01-29 22:18:37,249 INFO c.h.h.t.HelmChartContainer - [test-hivemq-platform] [hivemq] [e8ba2cc3] 
2025-01-29 22:18:37,249 INFO c.h.h.t.HelmChartContainer - [test-hivemq-platform] [hivemq] [e8ba2cc3]   JAVA_OPTS: -XX:+UnlockExperimentalVMOptions -XX:InitialRAMPercentage=50 -XX:MaxRAMPercentage=50 -Djava.net.preferIPv4Stack=true --add-opens java.base/java.lang=ALL-UNNAMED --add-opens java.base/java.nio=ALL-UNNAMED --add-opens java.base/sun.nio.ch=ALL-UNNAMED --add-opens jdk.management/com.sun.management.internal=ALL-UNNAMED --add-exports java.base/jdk.internal.misc=ALL-UNNAMED -Djava.security.egd=file:/dev/./urandom -Dcom.sun.management.jmxremote -Dcom.sun.management.jmxremote.port=9010 -Dcom.sun.management.jmxremote.local.only=false -Dcom.sun.management.jmxremote.authenticate=false -Dcom.sun.management.jmxremote.ssl=false -Duser.language=en -Duser.region=US -XX:+CrashOnOutOfMemoryError -XX:+HeapDumpOnOutOfMemoryError
2025-01-29 22:18:37,249 INFO c.h.h.t.HelmChartContainer - [test-hivemq-platform] [hivemq] [e8ba2cc3] 
2025-01-29 22:18:37,249 INFO c.h.h.t.HelmChartContainer - [test-hivemq-platform] [hivemq] [e8ba2cc3]   JAVA_VERSION: 21
2025-01-29 22:18:37,249 INFO c.h.h.t.HelmChartContainer - [test-hivemq-platform] [hivemq] [e8ba2cc3] 
2025-01-29 22:18:37,249 INFO c.h.h.t.HelmChartContainer - [test-hivemq-platform] [hivemq] [e8ba2cc3] -------------------------------------------------------------------------
2025-01-29 22:18:37,249 INFO c.h.h.t.HelmChartContainer - [test-hivemq-platform] [hivemq] [e8ba2cc3] 
2025-01-29 22:18:38,243 INFO c.h.h.t.HelmChartContainer - [test-hivemq-platform] [hivemq] [e8ba2cc3] INFO  - [HiveMQ Platform Operator Init App 1.7.0-SNAPSHOT] Returning default Health API response 503 for readiness
2025-01-29 22:18:38,642 INFO c.h.h.t.HelmChartContainer - [EVENT] Warning [Unhealthy] Readiness probe failed: HTTP probe failed with statuscode: 503 [helmcustomsecretconfigit:test-hivemq-platform-1]
2025-01-29 22:18:38,643 INFO c.h.h.t.HelmChartContainer - Received Unhealthy event for container hivemq in pod test-hivemq-platform-1 [e8ba2cc3-a38e-4091-9318-f1de8603fe40]
2025-01-29 22:18:40,140 INFO c.h.h.t.HelmChartContainer - [test-hivemq-platform] [hivemq] [e8ba2cc3] INFO  - Starting HiveMQ Enterprise Server
2025-01-29 22:18:40,141 INFO c.h.h.t.HelmChartContainer - [test-hivemq-platform] [hivemq] [0a9d4b7d] INFO  - [HiveMQ Platform Operator Init App 1.7.0-SNAPSHOT] Returning Health API response 200 for liveness
2025-01-29 22:18:40,148 INFO c.h.h.t.HelmChartContainer - [test-hivemq-platform] [hivemq] [e8ba2cc3] INFO  - HiveMQ version: 4.36.0
2025-01-29 22:18:40,148 INFO c.h.h.t.HelmChartContainer - [test-hivemq-platform] [hivemq] [e8ba2cc3] INFO  - HiveMQ home directory: /opt/hivemq
2025-01-29 22:18:40,148 INFO c.h.h.t.HelmChartContainer - [test-hivemq-platform] [hivemq] [e8ba2cc3] INFO  - Log Configuration was overridden by /opt/hivemq/conf/logback.xml
2025-01-29 22:18:41,742 INFO c.h.h.t.HelmChartContainer - [test-hivemq-platform] [hivemq] [e8ba2cc3] INFO  - Successfully loaded configuration from '/opt/hivemq/conf-k8s/config.xml'.
2025-01-29 22:18:42,212 INFO c.h.h.t.HelmChartContainer - [hivemq-test-hivemq-platform] [hivemq-platform-operator] [9fde0877] 22:18:42.206 [pool-6-thread-19] DEBUG c.h.p.o.d.PlatformServiceResource - [helmcust] Desired Platform services (3 services)
2025-01-29 22:18:42,212 INFO c.h.h.t.HelmChartContainer - [hivemq-test-hivemq-platform] [hivemq-platform-operator] [9fde0877] 22:18:42.207 [pool-6-thread-17] DEBUG c.h.p.o.dependants.PodInfoConfigMap - [helmcust] Desired PodInfo ConfigMap (1 extensions) (1 enabled)
2025-01-29 22:18:42,212 INFO c.h.h.t.HelmChartContainer - [hivemq-test-hivemq-platform] [hivemq-platform-operator] [9fde0877] 22:18:42.207 [pool-6-thread-17] DEBUG c.h.p.o.dependants.PodInfoConfigMap - [helmcust] Desired PodInfo ConfigMap (metrics port: 9399) (metrics path: /)
2025-01-29 22:18:42,212 INFO c.h.h.t.HelmChartContainer - [hivemq-test-hivemq-platform] [hivemq-platform-operator] [9fde0877] 22:18:42.207 [pool-6-thread-17] DEBUG c.h.p.o.dependants.PodInfoConfigMap - [helmcust] Desired PodInfo ConfigMap (extension state hash: -1817474005)
2025-01-29 22:18:42,212 INFO c.h.h.t.HelmChartContainer - [hivemq-test-hivemq-platform] [hivemq-platform-operator] [9fde0877] 22:18:42.209 [pool-6-thread-17] DEBUG c.h.p.o.d.PodServiceAccountResource - [helmcust] Desired PodServiceAccountResource (serviceAccountName: hivemq-platform-pod-test-hivemq-platform)
2025-01-29 22:18:42,216 INFO c.h.h.t.HelmChartContainer - [hivemq-test-hivemq-platform] [hivemq-platform-operator] [9fde0877] 22:18:42.214 [pool-6-thread-19] DEBUG c.h.p.o.d.StatefulSetResource - [helmcust] Desired StatefulSet (2 replicas) for status STARTING (READY)
2025-01-29 22:18:42,218 INFO c.h.h.t.HelmChartContainer - [hivemq-test-hivemq-platform] [hivemq-platform-operator] [9fde0877] 22:18:42.217 [ReconcilerExecutor-hivemq-controller-120] INFO  c.h.p.o.HiveMQPlatformReconciler - [helmcust] Reconciling HiveMQ Platform 'test-hivemq-platform' in namespace 'helmcustomsecretconfigit'
2025-01-29 22:18:42,218 INFO c.h.h.t.HelmChartContainer - [hivemq-test-hivemq-platform] [hivemq-platform-operator] [9fde0877] 22:18:42.217 [ReconcilerExecutor-hivemq-controller-120] DEBUG c.h.p.o.HiveMQPlatformReconciler - [helmcust] Custom Resource Status STARTING - HiveMQ Platform is starting (READY)
2025-01-29 22:18:42,219 INFO c.h.h.t.HelmChartContainer - [hivemq-test-hivemq-platform] [hivemq-platform-operator] [9fde0877] 22:18:42.217 [ReconcilerExecutor-hivemq-controller-120] DEBUG c.h.p.o.HiveMQPlatformReconciler - [helmcust] Custom Resource Spec (replicas: 2) (extensions: 1)
2025-01-29 22:18:42,220 INFO c.h.h.t.HelmChartContainer - [hivemq-test-hivemq-platform] [hivemq-platform-operator] [9fde0877] 22:18:42.218 [ReconcilerExecutor-hivemq-controller-120] DEBUG c.h.p.o.HiveMQPlatformReconciler - [helmcust] StatefulSet Status (revision: test-hivemq-platform-7f5cbb4b76, replicas: 2, available: 1, ready: 1, current: 2, updated: 2)
2025-01-29 22:18:42,220 INFO c.h.h.t.HelmChartContainer - [hivemq-test-hivemq-platform] [hivemq-platform-operator] [9fde0877] 22:18:42.218 [ReconcilerExecutor-hivemq-controller-120] DEBUG c.h.p.o.HiveMQPlatformReconciler - [helmcust] StatefulSet Spec (replicas: 2, init containers: 1, containers: 1, volumes: 3)
2025-01-29 22:18:42,221 INFO c.h.h.t.HelmChartContainer - [hivemq-test-hivemq-platform] [hivemq-platform-operator] [9fde0877] 22:18:42.220 [ReconcilerExecutor-hivemq-controller-120] DEBUG c.h.p.o.h.HiveMQPlatformReconcilerErrorHandler - [helmcust] Pod 'test-hivemq-platform-1' phase Running
2025-01-29 22:18:42,222 INFO c.h.h.t.HelmChartContainer - [hivemq-test-hivemq-platform] [hivemq-platform-operator] [9fde0877] 22:18:42.221 [ReconcilerExecutor-hivemq-controller-120] DEBUG c.h.p.o.h.HiveMQPlatformReconcilerErrorHandler - [helmcust] Pod 'test-hivemq-platform-0' phase Running
2025-01-29 22:18:42,223 INFO c.h.h.t.HelmChartContainer - [hivemq-test-hivemq-platform] [hivemq-platform-operator] [9fde0877] 22:18:42.222 [ReconcilerExecutor-hivemq-controller-120] INFO  c.h.p.o.h.HiveMQPlatformReconcilerBaseHandler - [helmcust] HiveMQ Platform is starting, 1 of 2 replicas are ready
2025-01-29 22:18:42,639 INFO c.h.h.t.HelmChartContainer - [test-hivemq-platform] [hivemq] [e8ba2cc3] INFO  - This node's ID is ekfu5
2025-01-29 22:18:42,639 INFO c.h.h.t.HelmChartContainer - [test-hivemq-platform] [hivemq] [e8ba2cc3] INFO  - Clustering is enabled
2025-01-29 22:18:43,501 INFO c.h.h.t.HelmChartContainer - [test-hivemq-platform] [hivemq] [e8ba2cc3] WARN  - [HiveMQ Platform Operator Init App 1.7.0-SNAPSHOT] Cannot connect to Health API for readiness: null
2025-01-29 22:18:43,505 INFO c.h.h.t.HelmChartContainer - [EVENT] Warning [Unhealthy] Readiness probe failed: HTTP probe failed with statuscode: 503 [helmcustomsecretconfigit:test-hivemq-platform-1]
2025-01-29 22:18:43,505 INFO c.h.h.t.HelmChartContainer - Received Unhealthy event for container hivemq in pod test-hivemq-platform-1 [e8ba2cc3-a38e-4091-9318-f1de8603fe40]
2025-01-29 22:18:46,241 INFO c.h.h.t.HelmChartContainer - [test-hivemq-platform] [hivemq] [e8ba2cc3] Jan 29, 2025 10:18:46 PM io.vertx.core.impl.BlockedThreadChecker
2025-01-29 22:18:46,241 INFO c.h.h.t.HelmChartContainer - [test-hivemq-platform] [hivemq] [e8ba2cc3] WARNING: Thread Thread[vert.x-eventloop-thread-1,5,main] has been blocked for 2230 ms, time limit is 2000 ms
2025-01-29 22:18:47,101 INFO c.h.h.t.HelmChartContainer - [test-hivemq-platform] [hivemq] [e8ba2cc3] INFO  - [HiveMQ Platform Operator Init App 1.7.0-SNAPSHOT] Updating Pod HiveMQ Platform Operator Init App version annotation (version: 1.7.0-SNAPSHOT)
2025-01-29 22:18:47,745 INFO c.h.h.t.HelmChartContainer - [POD] test-hivemq-platform-1 [e8ba2cc3-a38e-4091-9318-f1de8603fe40] in helmcustomsecretconfigit was MODIFIED
2025-01-29 22:18:47,750 INFO c.h.h.t.HelmChartContainer - [hivemq-test-hivemq-platform] [hivemq-platform-operator] [9fde0877] 22:18:47.748 [pool-6-thread-23] DEBUG c.h.p.o.d.PlatformServiceResource - [helmcust] Desired Platform services (3 services)
2025-01-29 22:18:47,751 INFO c.h.h.t.HelmChartContainer - [hivemq-test-hivemq-platform] [hivemq-platform-operator] [9fde0877] 22:18:47.749 [pool-6-thread-22] DEBUG c.h.p.o.d.PodServiceAccountResource - [helmcust] Desired PodServiceAccountResource (serviceAccountName: hivemq-platform-pod-test-hivemq-platform)
2025-01-29 22:18:47,752 INFO c.h.h.t.HelmChartContainer - [hivemq-test-hivemq-platform] [hivemq-platform-operator] [9fde0877] 22:18:47.749 [pool-6-thread-28] DEBUG c.h.p.o.dependants.PodInfoConfigMap - [helmcust] Desired PodInfo ConfigMap (1 extensions) (1 enabled)
2025-01-29 22:18:47,753 INFO c.h.h.t.HelmChartContainer - [hivemq-test-hivemq-platform] [hivemq-platform-operator] [9fde0877] 22:18:47.751 [pool-6-thread-28] DEBUG c.h.p.o.dependants.PodInfoConfigMap - [helmcust] Desired PodInfo ConfigMap (metrics port: 9399) (metrics path: /)
2025-01-29 22:18:47,754 INFO c.h.h.t.HelmChartContainer - [hivemq-test-hivemq-platform] [hivemq-platform-operator] [9fde0877] 22:18:47.751 [pool-6-thread-28] DEBUG c.h.p.o.dependants.PodInfoConfigMap - [helmcust] Desired PodInfo ConfigMap (extension state hash: -1817474005)
2025-01-29 22:18:47,757 INFO c.h.h.t.HelmChartContainer - [hivemq-test-hivemq-platform] [hivemq-platform-operator] [9fde0877] 22:18:47.756 [pool-6-thread-23] DEBUG c.h.p.o.d.StatefulSetResource - [helmcust] Desired StatefulSet (2 replicas) for status STARTING (READY)
2025-01-29 22:18:47,761 INFO c.h.h.t.HelmChartContainer - [hivemq-test-hivemq-platform] [hivemq-platform-operator] [9fde0877] 22:18:47.760 [ReconcilerExecutor-hivemq-controller-121] INFO  c.h.p.o.HiveMQPlatformReconciler - [helmcust] Reconciling HiveMQ Platform 'test-hivemq-platform' in namespace 'helmcustomsecretconfigit'
2025-01-29 22:18:47,761 INFO c.h.h.t.HelmChartContainer - [hivemq-test-hivemq-platform] [hivemq-platform-operator] [9fde0877] 22:18:47.760 [ReconcilerExecutor-hivemq-controller-121] DEBUG c.h.p.o.HiveMQPlatformReconciler - [helmcust] Custom Resource Status STARTING - HiveMQ Platform is starting (READY)
2025-01-29 22:18:47,761 INFO c.h.h.t.HelmChartContainer - [hivemq-test-hivemq-platform] [hivemq-platform-operator] [9fde0877] 22:18:47.760 [ReconcilerExecutor-hivemq-controller-121] DEBUG c.h.p.o.HiveMQPlatformReconciler - [helmcust] Custom Resource Spec (replicas: 2) (extensions: 1)
2025-01-29 22:18:47,764 INFO c.h.h.t.HelmChartContainer - [hivemq-test-hivemq-platform] [hivemq-platform-operator] [9fde0877] 22:18:47.762 [ReconcilerExecutor-hivemq-controller-121] DEBUG c.h.p.o.HiveMQPlatformReconciler - [helmcust] StatefulSet Status (revision: test-hivemq-platform-7f5cbb4b76, replicas: 2, available: 1, ready: 1, current: 2, updated: 2)
2025-01-29 22:18:47,765 INFO c.h.h.t.HelmChartContainer - [hivemq-test-hivemq-platform] [hivemq-platform-operator] [9fde0877] 22:18:47.763 [ReconcilerExecutor-hivemq-controller-121] DEBUG c.h.p.o.HiveMQPlatformReconciler - [helmcust] StatefulSet Spec (replicas: 2, init containers: 1, containers: 1, volumes: 3)
2025-01-29 22:18:47,765 INFO c.h.h.t.HelmChartContainer - [hivemq-test-hivemq-platform] [hivemq-platform-operator] [9fde0877] 22:18:47.765 [ReconcilerExecutor-hivemq-controller-121] DEBUG c.h.p.o.h.HiveMQPlatformReconcilerErrorHandler - [helmcust] Pod 'test-hivemq-platform-1' phase Running
2025-01-29 22:18:47,767 INFO c.h.h.t.HelmChartContainer - [hivemq-test-hivemq-platform] [hivemq-platform-operator] [9fde0877] 22:18:47.766 [ReconcilerExecutor-hivemq-controller-121] DEBUG c.h.p.o.h.HiveMQPlatformReconcilerErrorHandler - [helmcust] Pod 'test-hivemq-platform-0' phase Running
2025-01-29 22:18:47,795 INFO c.h.h.t.HelmChartContainer - [hivemq-test-hivemq-platform] [hivemq-platform-operator] [9fde0877] 22:18:47.794 [ReconcilerExecutor-hivemq-controller-121] INFO  c.h.p.o.h.HiveMQPlatformReconcilerBaseHandler - [helmcust] HiveMQ Platform is starting, 1 of 2 replicas are ready
2025-01-29 22:18:47,903 INFO c.h.h.t.HelmChartContainer - [test-hivemq-platform] [hivemq] [e8ba2cc3] WARN  - [HiveMQ Platform Operator Init App 1.7.0-SNAPSHOT] Cannot connect to Health API for readiness: null
2025-01-29 22:18:48,000 INFO c.h.h.t.HelmChartContainer - [test-hivemq-platform] [hivemq] [e8ba2cc3] INFO  - [HiveMQ Platform Operator Init App 1.7.0-SNAPSHOT] Successfully updated Pod HiveMQ Platform Operator Init App version annotation (version: 1.7.0-SNAPSHOT)
2025-01-29 22:18:48,000 INFO c.h.h.t.HelmChartContainer - [EVENT] Warning [Unhealthy] Readiness probe failed: HTTP probe failed with statuscode: 503 [helmcustomsecretconfigit:test-hivemq-platform-1]
2025-01-29 22:18:48,000 INFO c.h.h.t.HelmChartContainer - Received Unhealthy event for container hivemq in pod test-hivemq-platform-1 [e8ba2cc3-a38e-4091-9318-f1de8603fe40]
2025-01-29 22:18:52,804 INFO c.h.h.t.HelmChartContainer - [test-hivemq-platform] [hivemq] [e8ba2cc3] WARN  - [HiveMQ Platform Operator Init App 1.7.0-SNAPSHOT] Cannot connect to Health API for readiness: null
2025-01-29 22:18:52,808 INFO c.h.h.t.HelmChartContainer - [EVENT] Warning [Unhealthy] Readiness probe failed: HTTP probe failed with statuscode: 503 [helmcustomsecretconfigit:test-hivemq-platform-1]
2025-01-29 22:18:52,809 INFO c.h.h.t.HelmChartContainer - Received Unhealthy event for container hivemq in pod test-hivemq-platform-1 [e8ba2cc3-a38e-4091-9318-f1de8603fe40]
2025-01-29 22:18:57,800 INFO c.h.h.t.HelmChartContainer - [hivemq-test-hivemq-platform] [hivemq-platform-operator] [9fde0877] 22:18:57.797 [pool-6-thread-34] DEBUG c.h.p.o.d.PlatformServiceResource - [helmcust] Desired Platform services (3 services)
2025-01-29 22:18:57,801 INFO c.h.h.t.HelmChartContainer - [hivemq-test-hivemq-platform] [hivemq-platform-operator] [9fde0877] 22:18:57.798 [pool-6-thread-40] DEBUG c.h.p.o.d.PodServiceAccountResource - [helmcust] Desired PodServiceAccountResource (serviceAccountName: hivemq-platform-pod-test-hivemq-platform)
2025-01-29 22:18:57,802 INFO c.h.h.t.HelmChartContainer - [hivemq-test-hivemq-platform] [hivemq-platform-operator] [9fde0877] 22:18:57.800 [pool-6-thread-32] DEBUG c.h.p.o.dependants.PodInfoConfigMap - [helmcust] Desired PodInfo ConfigMap (1 extensions) (1 enabled)
2025-01-29 22:18:57,802 INFO c.h.h.t.HelmChartContainer - [hivemq-test-hivemq-platform] [hivemq-platform-operator] [9fde0877] 22:18:57.801 [pool-6-thread-32] DEBUG c.h.p.o.dependants.PodInfoConfigMap - [helmcust] Desired PodInfo ConfigMap (metrics port: 9399) (metrics path: /)
2025-01-29 22:18:57,802 INFO c.h.h.t.HelmChartContainer - [hivemq-test-hivemq-platform] [hivemq-platform-operator] [9fde0877] 22:18:57.801 [pool-6-thread-32] DEBUG c.h.p.o.dependants.PodInfoConfigMap - [helmcust] Desired PodInfo ConfigMap (extension state hash: -1817474005)
2025-01-29 22:18:57,813 INFO c.h.h.t.HelmChartContainer - [hivemq-test-hivemq-platform] [hivemq-platform-operator] [9fde0877] 22:18:57.810 [pool-6-thread-33] DEBUG c.h.p.o.d.StatefulSetResource - [helmcust] Desired StatefulSet (2 replicas) for status STARTING (READY)
2025-01-29 22:18:57,813 INFO c.h.h.t.HelmChartContainer - [test-hivemq-platform] [hivemq] [e8ba2cc3] WARN  - [HiveMQ Platform Operator Init App 1.7.0-SNAPSHOT] Cannot connect to Health API for readiness: null
2025-01-29 22:18:57,818 INFO c.h.h.t.HelmChartContainer - [hivemq-test-hivemq-platform] [hivemq-platform-operator] [9fde0877] 22:18:57.816 [ReconcilerExecutor-hivemq-controller-122] INFO  c.h.p.o.HiveMQPlatformReconciler - [helmcust] Reconciling HiveMQ Platform 'test-hivemq-platform' in namespace 'helmcustomsecretconfigit'
2025-01-29 22:18:57,818 INFO c.h.h.t.HelmChartContainer - [hivemq-test-hivemq-platform] [hivemq-platform-operator] [9fde0877] 22:18:57.816 [ReconcilerExecutor-hivemq-controller-122] DEBUG c.h.p.o.HiveMQPlatformReconciler - [helmcust] Custom Resource Status STARTING - HiveMQ Platform is starting (READY)
2025-01-29 22:18:57,818 INFO c.h.h.t.HelmChartContainer - [hivemq-test-hivemq-platform] [hivemq-platform-operator] [9fde0877] 22:18:57.816 [ReconcilerExecutor-hivemq-controller-122] DEBUG c.h.p.o.HiveMQPlatformReconciler - [helmcust] Custom Resource Spec (replicas: 2) (extensions: 1)
2025-01-29 22:18:57,819 INFO c.h.h.t.HelmChartContainer - [hivemq-test-hivemq-platform] [hivemq-platform-operator] [9fde0877] 22:18:57.818 [ReconcilerExecutor-hivemq-controller-122] DEBUG c.h.p.o.HiveMQPlatformReconciler - [helmcust] StatefulSet Status (revision: test-hivemq-platform-7f5cbb4b76, replicas: 2, available: 1, ready: 1, current: 2, updated: 2)
2025-01-29 22:18:57,820 INFO c.h.h.t.HelmChartContainer - [hivemq-test-hivemq-platform] [hivemq-platform-operator] [9fde0877] 22:18:57.818 [ReconcilerExecutor-hivemq-controller-122] DEBUG c.h.p.o.HiveMQPlatformReconciler - [helmcust] StatefulSet Spec (replicas: 2, init containers: 1, containers: 1, volumes: 3)
2025-01-29 22:18:57,820 INFO c.h.h.t.HelmChartContainer - [EVENT] Warning [Unhealthy] Readiness probe failed: HTTP probe failed with statuscode: 503 [helmcustomsecretconfigit:test-hivemq-platform-1]
2025-01-29 22:18:57,820 INFO c.h.h.t.HelmChartContainer - Received Unhealthy event for container hivemq in pod test-hivemq-platform-1 [e8ba2cc3-a38e-4091-9318-f1de8603fe40]
2025-01-29 22:18:57,822 INFO c.h.h.t.HelmChartContainer - [hivemq-test-hivemq-platform] [hivemq-platform-operator] [9fde0877] 22:18:57.821 [ReconcilerExecutor-hivemq-controller-122] DEBUG c.h.p.o.h.HiveMQPlatformReconcilerErrorHandler - [helmcust] Pod 'test-hivemq-platform-1' phase Running
2025-01-29 22:18:57,824 INFO c.h.h.t.HelmChartContainer - [hivemq-test-hivemq-platform] [hivemq-platform-operator] [9fde0877] 22:18:57.823 [ReconcilerExecutor-hivemq-controller-122] DEBUG c.h.p.o.h.HiveMQPlatformReconcilerErrorHandler - [helmcust] Pod 'test-hivemq-platform-0' phase Running
2025-01-29 22:18:57,824 INFO c.h.h.t.HelmChartContainer - [hivemq-test-hivemq-platform] [hivemq-platform-operator] [9fde0877] 22:18:57.823 [ReconcilerExecutor-hivemq-controller-122] INFO  c.h.p.o.h.HiveMQPlatformReconcilerBaseHandler - [helmcust] HiveMQ Platform is starting, 1 of 2 replicas are ready
2025-01-29 22:18:59,901 INFO c.h.h.t.HelmChartContainer - [test-hivemq-platform] [hivemq] [e8ba2cc3] WARN  - [HiveMQ Platform Operator Init App 1.7.0-SNAPSHOT] Cannot connect to Health API for liveness: null
2025-01-29 22:18:59,902 INFO c.h.h.t.HelmChartContainer - [test-hivemq-platform] [hivemq] [e8ba2cc3] INFO  - [HiveMQ Platform Operator Init App 1.7.0-SNAPSHOT] Returning default Health API response 200 for liveness
2025-01-29 22:19:00,999 INFO c.h.h.t.HelmChartContainer - [test-hivemq-platform] [hivemq] [e8ba2cc3] INFO  - No valid license file found. Using trial license, restricted to 25 connections.
2025-01-29 22:19:02,804 INFO c.h.h.t.HelmChartContainer - [test-hivemq-platform] [hivemq] [e8ba2cc3] WARN  - [HiveMQ Platform Operator Init App 1.7.0-SNAPSHOT] Cannot connect to Health API for readiness: null
2025-01-29 22:19:02,809 INFO c.h.h.t.HelmChartContainer - [EVENT] Warning [Unhealthy] Readiness probe failed: HTTP probe failed with statuscode: 503 [helmcustomsecretconfigit:test-hivemq-platform-1]
2025-01-29 22:19:02,809 INFO c.h.h.t.HelmChartContainer - Received Unhealthy event for container hivemq in pod test-hivemq-platform-1 [e8ba2cc3-a38e-4091-9318-f1de8603fe40]
2025-01-29 22:19:04,206 INFO c.h.h.t.HelmChartContainer - [test-hivemq-platform] [hivemq] [e8ba2cc3] INFO  - No valid license file for Data Hub found. Using free license, restricted to 1 policy.
2025-01-29 22:19:05,312 INFO c.h.h.t.HelmChartContainer - [test-hivemq-platform] [hivemq] [e8ba2cc3] INFO  - Audit Logger started.
2025-01-29 22:19:05,610 INFO c.h.h.t.HelmChartContainer - [test-hivemq-platform] [hivemq] [e8ba2cc3] INFO  - This node uses '1' CPU cores.
2025-01-29 22:19:05,615 INFO c.h.h.t.HelmChartContainer - [test-hivemq-platform] [hivemq] [e8ba2cc3] INFO  - Starting HiveMQ Health API on address 0.0.0.0 and port 8889
2025-01-29 22:19:06,340 INFO c.h.h.t.HelmChartContainer - [test-hivemq-platform] [hivemq] [e8ba2cc3] INFO  - Started HiveMQ Health API in 724ms
2025-01-29 22:19:06,912 INFO c.h.h.t.HelmChartContainer - [test-hivemq-platform] [hivemq] [e8ba2cc3] INFO  - Starting HiveMQ extension system.
2025-01-29 22:19:07,234 INFO c.h.h.t.HelmChartContainer - [test-hivemq-platform] [hivemq] [e8ba2cc3] INFO  - Starting extension with id "hivemq-dns-cluster-discovery" at /opt/hivemq/extensions/hivemq-dns-cluster-discovery
2025-01-29 22:19:07,707 INFO c.h.h.t.HelmChartContainer - [test-hivemq-platform] [hivemq] [e8ba2cc3] INFO  - Using TCP cluster transport on address 10.42.0.18 and port 7000
2025-01-29 22:19:07,801 INFO c.h.h.t.HelmChartContainer - [test-hivemq-platform] [hivemq] [e8ba2cc3] INFO  - Using extension cluster discovery
2025-01-29 22:19:07,830 INFO c.h.h.t.HelmChartContainer - [hivemq-test-hivemq-platform] [hivemq-platform-operator] [9fde0877] 22:19:07.827 [pool-6-thread-47] DEBUG c.h.p.o.dependants.PodInfoConfigMap - [helmcust] Desired PodInfo ConfigMap (1 extensions) (1 enabled)
2025-01-29 22:19:07,830 INFO c.h.h.t.HelmChartContainer - [hivemq-test-hivemq-platform] [hivemq-platform-operator] [9fde0877] 22:19:07.829 [pool-6-thread-47] DEBUG c.h.p.o.dependants.PodInfoConfigMap - [helmcust] Desired PodInfo ConfigMap (metrics port: 9399) (metrics path: /)
2025-01-29 22:19:07,832 INFO c.h.h.t.HelmChartContainer - [hivemq-test-hivemq-platform] [hivemq-platform-operator] [9fde0877] 22:19:07.830 [pool-6-thread-47] DEBUG c.h.p.o.dependants.PodInfoConfigMap - [helmcust] Desired PodInfo ConfigMap (extension state hash: -1817474005)
2025-01-29 22:19:07,832 INFO c.h.h.t.HelmChartContainer - [hivemq-test-hivemq-platform] [hivemq-platform-operator] [9fde0877] 22:19:07.827 [pool-6-thread-45] DEBUG c.h.p.o.d.PlatformServiceResource - [helmcust] Desired Platform services (3 services)
2025-01-29 22:19:07,835 INFO c.h.h.t.HelmChartContainer - [hivemq-test-hivemq-platform] [hivemq-platform-operator] [9fde0877] 22:19:07.834 [pool-6-thread-50] DEBUG c.h.p.o.d.PodServiceAccountResource - [helmcust] Desired PodServiceAccountResource (serviceAccountName: hivemq-platform-pod-test-hivemq-platform)
2025-01-29 22:19:07,839 INFO c.h.h.t.HelmChartContainer - [hivemq-test-hivemq-platform] [hivemq-platform-operator] [9fde0877] 22:19:07.838 [pool-6-thread-45] DEBUG c.h.p.o.d.StatefulSetResource - [helmcust] Desired StatefulSet (2 replicas) for status STARTING (READY)
2025-01-29 22:19:07,841 INFO c.h.h.t.HelmChartContainer - [hivemq-test-hivemq-platform] [hivemq-platform-operator] [9fde0877] 22:19:07.841 [ReconcilerExecutor-hivemq-controller-123] INFO  c.h.p.o.HiveMQPlatformReconciler - [helmcust] Reconciling HiveMQ Platform 'test-hivemq-platform' in namespace 'helmcustomsecretconfigit'
2025-01-29 22:19:07,842 INFO c.h.h.t.HelmChartContainer - [hivemq-test-hivemq-platform] [hivemq-platform-operator] [9fde0877] 22:19:07.841 [ReconcilerExecutor-hivemq-controller-123] DEBUG c.h.p.o.HiveMQPlatformReconciler - [helmcust] Custom Resource Status STARTING - HiveMQ Platform is starting (READY)
2025-01-29 22:19:07,842 INFO c.h.h.t.HelmChartContainer - [hivemq-test-hivemq-platform] [hivemq-platform-operator] [9fde0877] 22:19:07.841 [ReconcilerExecutor-hivemq-controller-123] DEBUG c.h.p.o.HiveMQPlatformReconciler - [helmcust] Custom Resource Spec (replicas: 2) (extensions: 1)
2025-01-29 22:19:07,843 INFO c.h.h.t.HelmChartContainer - [hivemq-test-hivemq-platform] [hivemq-platform-operator] [9fde0877] 22:19:07.842 [ReconcilerExecutor-hivemq-controller-123] DEBUG c.h.p.o.HiveMQPlatformReconciler - [helmcust] StatefulSet Status (revision: test-hivemq-platform-7f5cbb4b76, replicas: 2, available: 1, ready: 1, current: 2, updated: 2)
2025-01-29 22:19:07,843 INFO c.h.h.t.HelmChartContainer - [hivemq-test-hivemq-platform] [hivemq-platform-operator] [9fde0877] 22:19:07.842 [ReconcilerExecutor-hivemq-controller-123] DEBUG c.h.p.o.HiveMQPlatformReconciler - [helmcust] StatefulSet Spec (replicas: 2, init containers: 1, containers: 1, volumes: 3)
2025-01-29 22:19:07,846 INFO c.h.h.t.HelmChartContainer - [hivemq-test-hivemq-platform] [hivemq-platform-operator] [9fde0877] 22:19:07.845 [ReconcilerExecutor-hivemq-controller-123] DEBUG c.h.p.o.h.HiveMQPlatformReconcilerErrorHandler - [helmcust] Pod 'test-hivemq-platform-1' phase Running
2025-01-29 22:19:07,848 INFO c.h.h.t.HelmChartContainer - [hivemq-test-hivemq-platform] [hivemq-platform-operator] [9fde0877] 22:19:07.847 [ReconcilerExecutor-hivemq-controller-123] DEBUG c.h.p.o.h.HiveMQPlatformReconcilerErrorHandler - [helmcust] Pod 'test-hivemq-platform-0' phase Running
2025-01-29 22:19:07,849 INFO c.h.h.t.HelmChartContainer - [hivemq-test-hivemq-platform] [hivemq-platform-operator] [9fde0877] 22:19:07.848 [ReconcilerExecutor-hivemq-controller-123] INFO  c.h.p.o.h.HiveMQPlatformReconcilerBaseHandler - [helmcust] HiveMQ Platform is starting, 1 of 2 replicas are ready
2025-01-29 22:19:07,934 INFO c.h.h.t.HelmChartContainer - [test-hivemq-platform] [hivemq] [e8ba2cc3] INFO  - Extension "DNS Cluster Discovery Extension" version 4.3.2 started successfully.
2025-01-29 22:19:07,936 INFO c.h.h.t.HelmChartContainer - [test-hivemq-platform] [hivemq] [e8ba2cc3] INFO  - Starting extension with id "hivemq-prometheus-extension" at /opt/hivemq/extensions/hivemq-prometheus-extension
2025-01-29 22:19:08,789 INFO c.h.h.t.HelmChartContainer - [EVENT] Warning [Unhealthy] Readiness probe failed: Get "http://10.42.0.18:7979/readiness": context deadline exceeded (Client.Timeout exceeded while awaiting headers) [helmcustomsecretconfigit:test-hivemq-platform-1]
2025-01-29 22:19:08,789 INFO c.h.h.t.HelmChartContainer - Received Unhealthy event for container hivemq in pod test-hivemq-platform-1 [e8ba2cc3-a38e-4091-9318-f1de8603fe40]
2025-01-29 22:19:09,204 INFO c.h.h.t.HelmChartContainer - [test-hivemq-platform] [hivemq] [e8ba2cc3] INFO  - Started Jetty Server exposing Prometheus Servlet on URI http://0.0.0.0:9399/
2025-01-29 22:19:09,205 INFO c.h.h.t.HelmChartContainer - [test-hivemq-platform] [hivemq] [e8ba2cc3] INFO  - Extension "Prometheus Monitoring Extension" version 4.0.12 started successfully.
2025-01-29 22:19:09,205 INFO c.h.h.t.HelmChartContainer - [test-hivemq-platform] [hivemq] [e8ba2cc3] INFO  - Starting extension with id "hivemq-allow-all-extension" at /opt/hivemq/extensions/hivemq-allow-all-extension
2025-01-29 22:19:09,206 INFO c.h.h.t.HelmChartContainer - [test-hivemq-platform] [hivemq] [e8ba2cc3] WARN  - 
2025-01-29 22:19:09,206 INFO c.h.h.t.HelmChartContainer - [test-hivemq-platform] [hivemq] [e8ba2cc3] ################################################################################################################
2025-01-29 22:19:09,207 INFO c.h.h.t.HelmChartContainer - [test-hivemq-platform] [hivemq] [e8ba2cc3] # This HiveMQ deployment is not secure! You are lacking Authentication and Authorization.                      #
2025-01-29 22:19:09,207 INFO c.h.h.t.HelmChartContainer - [test-hivemq-platform] [hivemq] [e8ba2cc3] # Right now any MQTT client can connect to the broker with a full set of permissions.                          #
2025-01-29 22:19:09,207 INFO c.h.h.t.HelmChartContainer - [test-hivemq-platform] [hivemq] [e8ba2cc3] # For production usage, add an appropriate security extension and remove the hivemq-allow-all extension.       #
2025-01-29 22:19:09,207 INFO c.h.h.t.HelmChartContainer - [test-hivemq-platform] [hivemq] [e8ba2cc3] # You can download security extensions from the HiveMQ Marketplace (https://www.hivemq.com/extensions/).       #
2025-01-29 22:19:09,207 INFO c.h.h.t.HelmChartContainer - [test-hivemq-platform] [hivemq] [e8ba2cc3] ################################################################################################################
2025-01-29 22:19:09,207 INFO c.h.h.t.HelmChartContainer - [test-hivemq-platform] [hivemq] [e8ba2cc3] INFO  - Extension "Allow All Extension" version 1.1.1 started successfully.
2025-01-29 22:19:09,512 INFO c.h.h.t.HelmChartContainer - [test-hivemq-platform] [hivemq] [e8ba2cc3] INFO  - [HiveMQ Platform Operator Init App 1.7.0-SNAPSHOT] Returning Health API response 503 for readiness
2025-01-29 22:19:09,512 INFO c.h.h.t.HelmChartContainer - [test-hivemq-platform] [hivemq] [0a9d4b7d] INFO  - Cluster nodes found by discovery: [7yhMG|1] (2) [7yhMG, ekfu5].
2025-01-29 22:19:09,613 INFO c.h.h.t.HelmChartContainer - [test-hivemq-platform] [hivemq] [e8ba2cc3] INFO  - Cluster nodes found by discovery: [7yhMG|1] (2) [7yhMG, ekfu5].
2025-01-29 22:19:09,906 INFO c.h.h.t.HelmChartContainer - [test-hivemq-platform] [hivemq] [e8ba2cc3] INFO  - Cluster size = 1, members : [7yhMG].
2025-01-29 22:19:10,412 INFO c.h.h.t.HelmChartContainer - [test-hivemq-platform] [hivemq] [e8ba2cc3] INFO  - Starting cluster join process. This may take a while. Please do not shut down HiveMQ.
2025-01-29 22:19:10,413 INFO c.h.h.t.HelmChartContainer - [test-hivemq-platform] [hivemq] [e8ba2cc3] INFO  - Cluster join process is still ongoing. Please do not shut down HiveMQ.
2025-01-29 22:19:12,423 INFO c.h.h.t.HelmChartContainer - [test-hivemq-platform] [hivemq] [0a9d4b7d] INFO  - Cluster size = 2, members : [ekfu5, 7yhMG].
2025-01-29 22:19:12,433 INFO c.h.h.t.HelmChartContainer - [test-hivemq-platform] [hivemq] [e8ba2cc3] INFO  - Cluster size = 2, members : [ekfu5, 7yhMG].
2025-01-29 22:19:12,439 INFO c.h.h.t.HelmChartContainer - [test-hivemq-platform] [hivemq] [e8ba2cc3] INFO  - Finished cluster join process successfully.
2025-01-29 22:19:12,441 INFO c.h.h.t.HelmChartContainer - [test-hivemq-platform] [hivemq] [e8ba2cc3] WARN  - No user for HiveMQ Control Center configured. Starting with default user
2025-01-29 22:19:12,442 INFO c.h.h.t.HelmChartContainer - [test-hivemq-platform] [hivemq] [e8ba2cc3] INFO  - Starting HiveMQ Control Center on address 0.0.0.0 and port 8080
2025-01-29 22:19:12,501 INFO c.h.h.t.HelmChartContainer - [test-hivemq-platform] [hivemq] [e8ba2cc3] INFO  - Mounting HiveMQ Control Center V2 Preview
2025-01-29 22:19:12,842 INFO c.h.h.t.HelmChartContainer - [EVENT] Warning [Unhealthy] Readiness probe failed: HTTP probe failed with statuscode: 503 [helmcustomsecretconfigit:test-hivemq-platform-1]
2025-01-29 22:19:12,842 INFO c.h.h.t.HelmChartContainer - Received Unhealthy event for container hivemq in pod test-hivemq-platform-1 [e8ba2cc3-a38e-4091-9318-f1de8603fe40]
2025-01-29 22:19:13,234 INFO c.h.h.t.HelmChartContainer - [test-hivemq-platform] [hivemq] [e8ba2cc3] INFO  - Started HiveMQ Control Center in 793ms
2025-01-29 22:19:13,303 INFO c.h.h.t.HelmChartContainer - [test-hivemq-platform] [hivemq] [e8ba2cc3] INFO  - Starting TCP listener on address 0.0.0.0 and port 1883
2025-01-29 22:19:13,346 INFO c.h.h.t.HelmChartContainer - [test-hivemq-platform] [hivemq] [e8ba2cc3] INFO  - Started TCP Listener on address 0.0.0.0 and on port 1883.
2025-01-29 22:19:13,346 INFO c.h.h.t.HelmChartContainer - [test-hivemq-platform] [hivemq] [e8ba2cc3] INFO  - Started HiveMQ in 33604ms
2025-01-29 22:19:17,751 INFO c.h.h.t.HelmChartContainer - [test-hivemq-platform] [hivemq] [e8ba2cc3] INFO  - [HiveMQ Platform Operator Init App 1.7.0-SNAPSHOT] Returning Health API response 200 for readiness
2025-01-29 22:19:17,763 INFO c.h.h.t.HelmChartContainer - [POD] test-hivemq-platform-1 [e8ba2cc3-a38e-4091-9318-f1de8603fe40] in helmcustomsecretconfigit was MODIFIED
2025-01-29 22:19:17,772 INFO c.h.h.t.HelmChartContainer - [hivemq-test-hivemq-platform] [hivemq-platform-operator] [9fde0877] 22:19:17.770 [pool-6-thread-3] DEBUG c.h.p.o.d.PlatformServiceResource - [helmcust] Desired Platform services (3 services)
2025-01-29 22:19:17,783 INFO c.h.h.t.HelmChartContainer - [hivemq-test-hivemq-platform] [hivemq-platform-operator] [9fde0877] 22:19:17.770 [pool-6-thread-1] DEBUG c.h.p.o.dependants.PodInfoConfigMap - [helmcust] Desired PodInfo ConfigMap (1 extensions) (1 enabled)
2025-01-29 22:19:17,784 INFO c.h.h.t.HelmChartContainer - [hivemq-test-hivemq-platform] [hivemq-platform-operator] [9fde0877] 22:19:17.773 [pool-6-thread-1] DEBUG c.h.p.o.dependants.PodInfoConfigMap - [helmcust] Desired PodInfo ConfigMap (metrics port: 9399) (metrics path: /)
2025-01-29 22:19:17,784 INFO c.h.h.t.HelmChartContainer - [hivemq-test-hivemq-platform] [hivemq-platform-operator] [9fde0877] 22:19:17.773 [pool-6-thread-1] DEBUG c.h.p.o.dependants.PodInfoConfigMap - [helmcust] Desired PodInfo ConfigMap (extension state hash: -1817474005)
2025-01-29 22:19:17,784 INFO c.h.h.t.HelmChartContainer - [hivemq-test-hivemq-platform] [hivemq-platform-operator] [9fde0877] 22:19:17.771 [pool-6-thread-9] DEBUG c.h.p.o.d.PodServiceAccountResource - [helmcust] Desired PodServiceAccountResource (serviceAccountName: hivemq-platform-pod-test-hivemq-platform)
2025-01-29 22:19:17,784 INFO c.h.h.t.HelmChartContainer - [hivemq-test-hivemq-platform] [hivemq-platform-operator] [9fde0877] 22:19:17.775 [pool-6-thread-6] DEBUG c.h.p.o.d.StatefulSetResource - [helmcust] Desired StatefulSet (2 replicas) for status STARTING (READY)
2025-01-29 22:19:17,784 INFO c.h.h.t.HelmChartContainer - [hivemq-test-hivemq-platform] [hivemq-platform-operator] [9fde0877] 22:19:17.781 [ReconcilerExecutor-hivemq-controller-124] INFO  c.h.p.o.HiveMQPlatformReconciler - [helmcust] Reconciling HiveMQ Platform 'test-hivemq-platform' in namespace 'helmcustomsecretconfigit'
2025-01-29 22:19:17,784 INFO c.h.h.t.HelmChartContainer - [hivemq-test-hivemq-platform] [hivemq-platform-operator] [9fde0877] 22:19:17.781 [ReconcilerExecutor-hivemq-controller-124] DEBUG c.h.p.o.HiveMQPlatformReconciler - [helmcust] Custom Resource Status STARTING - HiveMQ Platform is starting (READY)
2025-01-29 22:19:17,784 INFO c.h.h.t.HelmChartContainer - [hivemq-test-hivemq-platform] [hivemq-platform-operator] [9fde0877] 22:19:17.781 [ReconcilerExecutor-hivemq-controller-124] DEBUG c.h.p.o.HiveMQPlatformReconciler - [helmcust] Custom Resource Spec (replicas: 2) (extensions: 1)
2025-01-29 22:19:17,785 INFO c.h.h.t.HelmChartContainer - [hivemq-test-hivemq-platform] [hivemq-platform-operator] [9fde0877] 22:19:17.783 [ReconcilerExecutor-hivemq-controller-124] DEBUG c.h.p.o.HiveMQPlatformReconciler - [helmcust] StatefulSet Status (revision: test-hivemq-platform-7f5cbb4b76, replicas: 2, available: 1, ready: 1, current: 2, updated: 2)
2025-01-29 22:19:17,785 INFO c.h.h.t.HelmChartContainer - [hivemq-test-hivemq-platform] [hivemq-platform-operator] [9fde0877] 22:19:17.783 [ReconcilerExecutor-hivemq-controller-124] DEBUG c.h.p.o.HiveMQPlatformReconciler - [helmcust] StatefulSet Spec (replicas: 2, init containers: 1, containers: 1, volumes: 3)
2025-01-29 22:19:17,785 INFO c.h.h.t.HelmChartContainer - [hivemq-test-hivemq-platform] [hivemq-platform-operator] [9fde0877] 22:19:17.784 [ReconcilerExecutor-hivemq-controller-124] DEBUG c.h.p.o.h.HiveMQPlatformReconcilerErrorHandler - [helmcust] Pod 'test-hivemq-platform-1' phase Running
2025-01-29 22:19:17,786 INFO c.h.h.t.HelmChartContainer - [hivemq-test-hivemq-platform] [hivemq-platform-operator] [9fde0877] 22:19:17.785 [ReconcilerExecutor-hivemq-controller-124] DEBUG c.h.p.o.h.HiveMQPlatformReconcilerErrorHandler - [helmcust] Pod 'test-hivemq-platform-0' phase Running
2025-01-29 22:19:17,786 INFO c.h.h.t.HelmChartContainer - [hivemq-test-hivemq-platform] [hivemq-platform-operator] [9fde0877] 22:19:17.786 [ReconcilerExecutor-hivemq-controller-124] INFO  c.h.p.o.h.HiveMQPlatformReconcilerBaseHandler - [helmcust] HiveMQ Platform is starting, 1 of 2 replicas are ready
2025-01-29 22:19:17,800 INFO c.h.h.t.HelmChartContainer - [hivemq-test-hivemq-platform] [hivemq-platform-operator] [9fde0877] 22:19:17.798 [pool-6-thread-15] DEBUG c.h.p.o.d.PlatformServiceResource - [helmcust] Desired Platform services (3 services)
2025-01-29 22:19:17,803 INFO c.h.h.t.HelmChartContainer - [hivemq-test-hivemq-platform] [hivemq-platform-operator] [9fde0877] 22:19:17.801 [pool-6-thread-20] DEBUG c.h.p.o.d.PodServiceAccountResource - [helmcust] Desired PodServiceAccountResource (serviceAccountName: hivemq-platform-pod-test-hivemq-platform)
2025-01-29 22:19:17,804 INFO c.h.h.t.HelmChartContainer - [hivemq-test-hivemq-platform] [hivemq-platform-operator] [9fde0877] 22:19:17.802 [pool-6-thread-12] DEBUG c.h.p.o.dependants.PodInfoConfigMap - [helmcust] Desired PodInfo ConfigMap (1 extensions) (1 enabled)
2025-01-29 22:19:17,806 INFO c.h.h.t.HelmChartContainer - [hivemq-test-hivemq-platform] [hivemq-platform-operator] [9fde0877] 22:19:17.803 [pool-6-thread-12] DEBUG c.h.p.o.dependants.PodInfoConfigMap - [helmcust] Desired PodInfo ConfigMap (metrics port: 9399) (metrics path: /)
2025-01-29 22:19:17,806 INFO c.h.h.t.HelmChartContainer - [hivemq-test-hivemq-platform] [hivemq-platform-operator] [9fde0877] 22:19:17.804 [pool-6-thread-12] DEBUG c.h.p.o.dependants.PodInfoConfigMap - [helmcust] Desired PodInfo ConfigMap (extension state hash: -1817474005)
2025-01-29 22:19:17,808 INFO c.h.h.t.HelmChartContainer - [hivemq-test-hivemq-platform] [hivemq-platform-operator] [9fde0877] 22:19:17.807 [pool-6-thread-15] DEBUG c.h.p.o.d.StatefulSetResource - [helmcust] Desired StatefulSet (2 replicas) for status STARTING (READY)
2025-01-29 22:19:17,813 INFO c.h.h.t.HelmChartContainer - [hivemq-test-hivemq-platform] [hivemq-platform-operator] [9fde0877] 22:19:17.811 [ReconcilerExecutor-hivemq-controller-125] INFO  c.h.p.o.HiveMQPlatformReconciler - [helmcust] Reconciling HiveMQ Platform 'test-hivemq-platform' in namespace 'helmcustomsecretconfigit'
2025-01-29 22:19:17,814 INFO c.h.h.t.HelmChartContainer - [hivemq-test-hivemq-platform] [hivemq-platform-operator] [9fde0877] 22:19:17.811 [ReconcilerExecutor-hivemq-controller-125] DEBUG c.h.p.o.HiveMQPlatformReconciler - [helmcust] Custom Resource Status STARTING - HiveMQ Platform is starting (READY)
2025-01-29 22:19:17,814 INFO c.h.h.t.HelmChartContainer - [hivemq-test-hivemq-platform] [hivemq-platform-operator] [9fde0877] 22:19:17.811 [ReconcilerExecutor-hivemq-controller-125] DEBUG c.h.p.o.HiveMQPlatformReconciler - [helmcust] Custom Resource Spec (replicas: 2) (extensions: 1)
2025-01-29 22:19:17,814 INFO c.h.h.t.HelmChartContainer - [hivemq-test-hivemq-platform] [hivemq-platform-operator] [9fde0877] 22:19:17.813 [ReconcilerExecutor-hivemq-controller-125] DEBUG c.h.p.o.HiveMQPlatformReconciler - [helmcust] StatefulSet Status (revision: test-hivemq-platform-7f5cbb4b76, replicas: 2, available: 2, ready: 2, current: 2, updated: 2)
2025-01-29 22:19:17,814 INFO c.h.h.t.HelmChartContainer - [hivemq-test-hivemq-platform] [hivemq-platform-operator] [9fde0877] 22:19:17.813 [ReconcilerExecutor-hivemq-controller-125] DEBUG c.h.p.o.HiveMQPlatformReconciler - [helmcust] StatefulSet Spec (replicas: 2, init containers: 1, containers: 1, volumes: 3)
2025-01-29 22:19:17,816 INFO c.h.h.t.HelmChartContainer - [hivemq-test-hivemq-platform] [hivemq-platform-operator] [9fde0877] 22:19:17.814 [ReconcilerExecutor-hivemq-controller-125] DEBUG c.h.p.o.h.HiveMQPlatformReconcilerErrorHandler - [helmcust] Pod 'test-hivemq-platform-1' phase Running
2025-01-29 22:19:17,817 INFO c.h.h.t.HelmChartContainer - [hivemq-test-hivemq-platform] [hivemq-platform-operator] [9fde0877] 22:19:17.816 [ReconcilerExecutor-hivemq-controller-125] DEBUG c.h.p.o.h.HiveMQPlatformReconcilerErrorHandler - [helmcust] Pod 'test-hivemq-platform-0' phase Running
2025-01-29 22:19:17,818 INFO c.h.h.t.HelmChartContainer - [hivemq-test-hivemq-platform] [hivemq-platform-operator] [9fde0877] 22:19:17.816 [ReconcilerExecutor-hivemq-controller-125] INFO  c.h.p.o.h.HiveMQPlatformReconcilerBaseHandler - [helmcust] HiveMQ Platform started successfully
2025-01-29 22:19:17,918 INFO c.h.h.t.HelmChartContainer - [hivemq-test-hivemq-platform] [hivemq-platform-operator] [9fde0877] 22:19:17.917 [ReconcilerExecutor-hivemq-controller-125] DEBUG c.h.p.operator.event.EventSender - [helmcust] Creating K8s event hivemq-platform-ready: [Ready] HiveMQ Platform is ready
2025-01-29 22:19:17,999 INFO c.h.h.t.HelmChartContainer - [EVENT] Normal [Ready] HiveMQ Platform is ready [helmcustomsecretconfigit:test-hivemq-platform]
2025-01-29 22:19:18,001 INFO c.h.h.t.HelmChartContainer - [hivemq-test-hivemq-platform] [hivemq-platform-operator] [9fde0877] 22:19:18.000 [ReconcilerExecutor-hivemq-controller-125] INFO  c.h.p.o.h.AbstractHiveMQReconcilerStateHandler - [helmcust] Update HiveMQ Platform Status (STARTING [READY] -> RUNNING [READY]): HiveMQ Platform is ready
2025-01-29 22:19:18,010 DEBUG com.hivemq.helmcharts.util.K8sUtil - Comparing actual state 'RUNNING' and waiting for 'RUNNING'
2025-01-29 22:19:20,030 INFO c.h.h.t.HelmChartContainer - Uninstalling release 'test-hivemq-platform' in namespace 'helmcustomsecretconfigit'...
2025-01-29 22:19:20,030 DEBUG c.h.h.t.HelmChartContainer - Executing helm command: /bin/helm --kubeconfig /etc/rancher/k3s/k3s.yaml uninstall test-hivemq-platform  --wait --timeout 5m0s --cascade foreground --namespace helmcustomsecretconfigit
2025-01-29 22:19:20,218 INFO c.h.h.t.HelmChartContainer - [hivemq-test-hivemq-platform] [hivemq-platform-operator] [9fde0877] 22:19:20.208 [pool-6-thread-24] DEBUG c.h.p.o.d.PlatformServiceResource - [helmcust] Desired Platform services (3 services)
2025-01-29 22:19:20,225 INFO c.h.h.t.HelmChartContainer - [hivemq-test-hivemq-platform] [hivemq-platform-operator] [9fde0877] 22:19:20.213 [pool-6-thread-21] DEBUG c.h.p.o.dependants.PodInfoConfigMap - [helmcust] Desired PodInfo ConfigMap (1 extensions) (1 enabled)
2025-01-29 22:19:20,225 INFO c.h.h.t.HelmChartContainer - [hivemq-test-hivemq-platform] [hivemq-platform-operator] [9fde0877] 22:19:20.214 [pool-6-thread-21] DEBUG c.h.p.o.dependants.PodInfoConfigMap - [helmcust] Desired PodInfo ConfigMap (metrics port: 9399) (metrics path: /)
2025-01-29 22:19:20,225 INFO c.h.h.t.HelmChartContainer - [hivemq-test-hivemq-platform] [hivemq-platform-operator] [9fde0877] 22:19:20.214 [pool-6-thread-21] DEBUG c.h.p.o.dependants.PodInfoConfigMap - [helmcust] Desired PodInfo ConfigMap (extension state hash: -1817474005)
2025-01-29 22:19:20,225 INFO c.h.h.t.HelmChartContainer - [hivemq-test-hivemq-platform] [hivemq-platform-operator] [9fde0877] 22:19:20.214 [pool-6-thread-21] DEBUG c.h.p.o.dependants.PodInfoConfigMap - [helmcust] Update PodInfo ConfigMap
2025-01-29 22:19:20,225 INFO c.h.h.t.HelmChartContainer - [hivemq-test-hivemq-platform] [hivemq-platform-operator] [9fde0877] 22:19:20.215 [pool-6-thread-26] DEBUG c.h.p.o.d.PodServiceAccountResource - [helmcust] Desired PodServiceAccountResource (serviceAccountName: hivemq-platform-pod-test-hivemq-platform)
2025-01-29 22:19:20,298 INFO c.h.h.t.HelmChartContainer - [hivemq-test-hivemq-platform] [hivemq-platform-operator] [9fde0877] 22:19:20.296 [pool-6-thread-21] DEBUG c.h.p.o.d.StatefulSetResource - [helmcust] Desired StatefulSet (2 replicas) for status RUNNING (READY)
2025-01-29 22:19:20,307 INFO c.h.h.t.HelmChartContainer - [K3S] [authentication.go:74] "Unable to authenticate the request" err="[invalid bearer token, serviceaccounts \"hivemq-platform-pod-test-hivemq-platform\" not found]"
2025-01-29 22:19:20,398 INFO c.h.h.t.HelmChartContainer - [K3S] [authentication.go:74] "Unable to authenticate the request" err="[invalid bearer token, serviceaccounts \"hivemq-platform-pod-test-hivemq-platform\" not found]"
2025-01-29 22:19:20,401 INFO c.h.h.t.HelmChartContainer - [hivemq-test-hivemq-platform] [hivemq-platform-operator] [9fde0877] 22:19:20.400 [ReconcilerExecutor-hivemq-controller-126] INFO  c.h.p.o.HiveMQPlatformReconciler - [helmcust] Reconciling HiveMQ Platform 'test-hivemq-platform' in namespace 'helmcustomsecretconfigit'
2025-01-29 22:19:20,401 INFO c.h.h.t.HelmChartContainer - [hivemq-test-hivemq-platform] [hivemq-platform-operator] [9fde0877] 22:19:20.400 [ReconcilerExecutor-hivemq-controller-126] DEBUG c.h.p.o.HiveMQPlatformReconciler - [helmcust] Custom Resource Status RUNNING - HiveMQ Platform is ready (READY)
2025-01-29 22:19:20,401 INFO c.h.h.t.HelmChartContainer - [hivemq-test-hivemq-platform] [hivemq-platform-operator] [9fde0877] 22:19:20.400 [ReconcilerExecutor-hivemq-controller-126] DEBUG c.h.p.o.HiveMQPlatformReconciler - [helmcust] Custom Resource Spec (replicas: 2) (extensions: 1)
2025-01-29 22:19:20,402 INFO c.h.h.t.HelmChartContainer - [hivemq-test-hivemq-platform] [hivemq-platform-operator] [9fde0877] 22:19:20.401 [ReconcilerExecutor-hivemq-controller-126] WARN  c.h.p.o.h.HiveMQPlatformReconcilerErrorHandler - [helmcust] Could not find Secret 'hivemq-configuration-test-hivemq-platform' for HiveMQ Platform configuration
2025-01-29 22:19:20,422 INFO c.h.h.t.HelmChartContainer - [test-hivemq-platform] [hivemq] [0a9d4b7d] WARN  - [HiveMQ Platform Operator Init App 1.7.0-SNAPSHOT] Could not update Pod annotations: Failure executing: GET at: https://10.43.0.1:443/api/v1/namespaces/helmcustomsecretconfigit/pods/test-hivemq-platform-0. Message: Unauthorized. Received status: Status(apiVersion=v1, code=401, details=null, kind=Status, message=Unauthorized, metadata=ListMeta(_continue=null, remainingItemCount=null, resourceVersion=null, selfLink=null, additionalProperties={}), reason=Unauthorized, status=Failure, additionalProperties={}).
2025-01-29 22:19:20,506 INFO c.h.h.t.HelmChartContainer - [hivemq-test-hivemq-platform] [hivemq-platform-operator] [9fde0877] 22:19:20.504 [ReconcilerExecutor-hivemq-controller-126] DEBUG c.h.p.operator.event.EventSender - [helmcust] Creating K8s event hivemq-platform-invalid-configuration: [Start] Could not find Secret 'hivemq-configuration-test-hivemq-platform' for HiveMQ Platform configuration
2025-01-29 22:19:20,511 INFO c.h.h.t.HelmChartContainer - [EVENT] Warning [Start] Could not find Secret 'hivemq-configuration-test-hivemq-platform' for HiveMQ Platform configuration [helmcustomsecretconfigit:test-hivemq-platform]
2025-01-29 22:19:20,513 INFO c.h.h.t.HelmChartContainer - [hivemq-test-hivemq-platform] [hivemq-platform-operator] [9fde0877] 22:19:20.512 [ReconcilerExecutor-hivemq-controller-126] INFO  c.h.p.o.h.AbstractHiveMQReconcilerStateHandler - [helmcust] Update HiveMQ Platform Status (RUNNING [READY] -> ERROR [INVALID_SECRET]): Could not find Secret 'hivemq-configuration-test-hivemq-platform' for HiveMQ Platform configuration
2025-01-29 22:19:20,525 INFO c.h.h.t.HelmChartContainer - [hivemq-test-hivemq-platform] [hivemq-platform-operator] [9fde0877] 22:19:20.521 [ReconcilerExecutor-hivemq-controller-126] ERROR i.j.o.p.event.EventProcessor - Error during event processing ExecutionScope{ resource id: ResourceID{name='test-hivemq-platform', namespace='helmcustomsecretconfigit'}, version: 2028}
2025-01-29 22:19:20,525 INFO c.h.h.t.HelmChartContainer - [hivemq-test-hivemq-platform] [hivemq-platform-operator] [9fde0877] io.fabric8.kubernetes.client.KubernetesClientException: Failure executing: PUT at: https://10.43.0.1:443/apis/hivemq.com/v1/namespaces/helmcustomsecretconfigit/hivemq-platforms/test-hivemq-platform/status. Message: Operation cannot be fulfilled on hivemq-platforms.hivemq.com "test-hivemq-platform": the object has been modified; please apply your changes to the latest version and try again. Received status: Status(apiVersion=v1, code=409, details=StatusDetails(causes=[], group=hivemq.com, kind=hivemq-platforms, name=test-hivemq-platform, retryAfterSeconds=null, uid=null, additionalProperties={}), kind=Status, message=Operation cannot be fulfilled on hivemq-platforms.hivemq.com "test-hivemq-platform": the object has been modified; please apply your changes to the latest version and try again, metadata=ListMeta(_continue=null, remainingItemCount=null, resourceVersion=null, selfLink=null, additionalProperties={}), reason=Conflict, status=Failure, additionalProperties={}).
2025-01-29 22:19:20,525 INFO c.h.h.t.HelmChartContainer - [hivemq-test-hivemq-platform] [hivemq-platform-operator] [9fde0877] 	at io.fabric8.kubernetes.client.KubernetesClientException.copyAsCause(KubernetesClientException.java:238)
2025-01-29 22:19:20,525 INFO c.h.h.t.HelmChartContainer - [hivemq-test-hivemq-platform] [hivemq-platform-operator] [9fde0877] 	at io.fabric8.kubernetes.client.dsl.internal.OperationSupport.waitForResult(OperationSupport.java:507)
2025-01-29 22:19:20,526 INFO c.h.h.t.HelmChartContainer - [hivemq-test-hivemq-platform] [hivemq-platform-operator] [9fde0877] 	at io.fabric8.kubernetes.client.dsl.internal.OperationSupport.handleResponse(OperationSupport.java:524)
2025-01-29 22:19:20,526 INFO c.h.h.t.HelmChartContainer - [hivemq-test-hivemq-platform] [hivemq-platform-operator] [9fde0877] 	at io.fabric8.kubernetes.client.dsl.internal.OperationSupport.handleUpdate(OperationSupport.java:358)
2025-01-29 22:19:20,526 INFO c.h.h.t.HelmChartContainer - [hivemq-test-hivemq-platform] [hivemq-platform-operator] [9fde0877] 	at io.fabric8.kubernetes.client.dsl.internal.BaseOperation.handleUpdate(BaseOperation.java:759)
2025-01-29 22:19:20,526 INFO c.h.h.t.HelmChartContainer - [hivemq-test-hivemq-platform] [hivemq-platform-operator] [9fde0877] 	at io.fabric8.kubernetes.client.dsl.internal.HasMetadataOperation.update(HasMetadataOperation.java:138)
2025-01-29 22:19:20,526 INFO c.h.h.t.HelmChartContainer - [hivemq-test-hivemq-platform] [hivemq-platform-operator] [9fde0877] 	at io.fabric8.kubernetes.client.dsl.internal.HasMetadataOperation.update(HasMetadataOperation.java:121)
2025-01-29 22:19:20,526 INFO c.h.h.t.HelmChartContainer - [hivemq-test-hivemq-platform] [hivemq-platform-operator] [9fde0877] 	at io.fabric8.kubernetes.client.dsl.internal.HasMetadataOperation.updateStatus(HasMetadataOperation.java:126)
2025-01-29 22:19:20,526 INFO c.h.h.t.HelmChartContainer - [hivemq-test-hivemq-platform] [hivemq-platform-operator] [9fde0877] 	at io.fabric8.kubernetes.client.dsl.internal.HasMetadataOperation.updateStatus(HasMetadataOperation.java:44)
2025-01-29 22:19:20,526 INFO c.h.h.t.HelmChartContainer - [hivemq-test-hivemq-platform] [hivemq-platform-operator] [9fde0877] 	at io.javaoperatorsdk.operator.processing.event.ReconciliationDispatcher$CustomResourceFacade.updateStatus(ReconciliationDispatcher.java:408)
2025-01-29 22:19:20,526 INFO c.h.h.t.HelmChartContainer - [hivemq-test-hivemq-platform] [hivemq-platform-operator] [9fde0877] 	at io.javaoperatorsdk.operator.processing.event.ReconciliationDispatcher.updateStatusGenerationAware(ReconciliationDispatcher.java:228)
2025-01-29 22:19:20,526 INFO c.h.h.t.HelmChartContainer - [hivemq-test-hivemq-platform] [hivemq-platform-operator] [9fde0877] 	at io.javaoperatorsdk.operator.processing.event.ReconciliationDispatcher.reconcileExecution(ReconciliationDispatcher.java:150)
2025-01-29 22:19:20,526 INFO c.h.h.t.HelmChartContainer - [hivemq-test-hivemq-platform] [hivemq-platform-operator] [9fde0877] 	at io.javaoperatorsdk.operator.processing.event.ReconciliationDispatcher.handleReconcile(ReconciliationDispatcher.java:117)
2025-01-29 22:19:20,526 INFO c.h.h.t.HelmChartContainer - [hivemq-test-hivemq-platform] [hivemq-platform-operator] [9fde0877] 	at io.javaoperatorsdk.operator.processing.event.ReconciliationDispatcher.handleDispatch(ReconciliationDispatcher.java:91)
2025-01-29 22:19:20,526 INFO c.h.h.t.HelmChartContainer - [hivemq-test-hivemq-platform] [hivemq-platform-operator] [9fde0877] 	at io.javaoperatorsdk.operator.processing.event.ReconciliationDispatcher.handleExecution(ReconciliationDispatcher.java:64)
2025-01-29 22:19:20,526 INFO c.h.h.t.HelmChartContainer - [hivemq-test-hivemq-platform] [hivemq-platform-operator] [9fde0877] 	at io.javaoperatorsdk.operator.processing.event.EventProcessor$ReconcilerExecutor.run(EventProcessor.java:452)
2025-01-29 22:19:20,526 INFO c.h.h.t.HelmChartContainer - [hivemq-test-hivemq-platform] [hivemq-platform-operator] [9fde0877] 	at java.base/java.util.concurrent.ThreadPoolExecutor.runWorker(Unknown Source)
2025-01-29 22:19:20,526 INFO c.h.h.t.HelmChartContainer - [hivemq-test-hivemq-platform] [hivemq-platform-operator] [9fde0877] 	at java.base/java.util.concurrent.ThreadPoolExecutor$Worker.run(Unknown Source)
2025-01-29 22:19:20,526 INFO c.h.h.t.HelmChartContainer - [hivemq-test-hivemq-platform] [hivemq-platform-operator] [9fde0877] 	at java.base/java.lang.Thread.run(Unknown Source)
2025-01-29 22:19:20,526 INFO c.h.h.t.HelmChartContainer - [hivemq-test-hivemq-platform] [hivemq-platform-operator] [9fde0877] Caused by: io.fabric8.kubernetes.client.KubernetesClientException: Failure executing: PUT at: https://10.43.0.1:443/apis/hivemq.com/v1/namespaces/helmcustomsecretconfigit/hivemq-platforms/test-hivemq-platform/status. Message: Operation cannot be fulfilled on hivemq-platforms.hivemq.com "test-hivemq-platform": the object has been modified; please apply your changes to the latest version and try again. Received status: Status(apiVersion=v1, code=409, details=StatusDetails(causes=[], group=hivemq.com, kind=hivemq-platforms, name=test-hivemq-platform, retryAfterSeconds=null, uid=null, additionalProperties={}), kind=Status, message=Operation cannot be fulfilled on hivemq-platforms.hivemq.com "test-hivemq-platform": the object has been modified; please apply your changes to the latest version and try again, metadata=ListMeta(_continue=null, remainingItemCount=null, resourceVersion=null, selfLink=null, additionalProperties={}), reason=Conflict, status=Failure, additionalProperties={}).
2025-01-29 22:19:20,526 INFO c.h.h.t.HelmChartContainer - [hivemq-test-hivemq-platform] [hivemq-platform-operator] [9fde0877] 	at io.fabric8.kubernetes.client.dsl.internal.OperationSupport.requestFailure(OperationSupport.java:660)
2025-01-29 22:19:20,526 INFO c.h.h.t.HelmChartContainer - [hivemq-test-hivemq-platform] [hivemq-platform-operator] [9fde0877] 	at io.fabric8.kubernetes.client.dsl.internal.OperationSupport.requestFailure(OperationSupport.java:640)
2025-01-29 22:19:20,526 INFO c.h.h.t.HelmChartContainer - [hivemq-test-hivemq-platform] [hivemq-platform-operator] [9fde0877] 	at io.fabric8.kubernetes.client.dsl.internal.OperationSupport.assertResponseCode(OperationSupport.java:589)
2025-01-29 22:19:20,526 INFO c.h.h.t.HelmChartContainer - [hivemq-test-hivemq-platform] [hivemq-platform-operator] [9fde0877] 	at io.fabric8.kubernetes.client.dsl.internal.OperationSupport.lambda$handleResponse$0(OperationSupport.java:549)
2025-01-29 22:19:20,526 INFO c.h.h.t.HelmChartContainer - [hivemq-test-hivemq-platform] [hivemq-platform-operator] [9fde0877] 	at java.base/java.util.concurrent.CompletableFuture$UniApply.tryFire(Unknown Source)
2025-01-29 22:19:20,526 INFO c.h.h.t.HelmChartContainer - [hivemq-test-hivemq-platform] [hivemq-platform-operator] [9fde0877] 	at java.base/java.util.concurrent.CompletableFuture.postComplete(Unknown Source)
2025-01-29 22:19:20,526 INFO c.h.h.t.HelmChartContainer - [hivemq-test-hivemq-platform] [hivemq-platform-operator] [9fde0877] 	at java.base/java.util.concurrent.CompletableFuture.complete(Unknown Source)
2025-01-29 22:19:20,526 INFO c.h.h.t.HelmChartContainer - [hivemq-test-hivemq-platform] [hivemq-platform-operator] [9fde0877] 	at io.fabric8.kubernetes.client.http.StandardHttpClient.lambda$completeOrCancel$10(StandardHttpClient.java:141)
2025-01-29 22:19:20,526 INFO c.h.h.t.HelmChartContainer - [hivemq-test-hivemq-platform] [hivemq-platform-operator] [9fde0877] 	at java.base/java.util.concurrent.CompletableFuture.uniWhenComplete(Unknown Source)
2025-01-29 22:19:20,526 INFO c.h.h.t.HelmChartContainer - [hivemq-test-hivemq-platform] [hivemq-platform-operator] [9fde0877] 	at java.base/java.util.concurrent.CompletableFuture$UniWhenComplete.tryFire(Unknown Source)
2025-01-29 22:19:20,526 INFO c.h.h.t.HelmChartContainer - [hivemq-test-hivemq-platform] [hivemq-platform-operator] [9fde0877] 	at java.base/java.util.concurrent.CompletableFuture.postComplete(Unknown Source)
2025-01-29 22:19:20,526 INFO c.h.h.t.HelmChartContainer - [hivemq-test-hivemq-platform] [hivemq-platform-operator] [9fde0877] 	at java.base/java.util.concurrent.CompletableFuture.complete(Unknown Source)
2025-01-29 22:19:20,526 INFO c.h.h.t.HelmChartContainer - [hivemq-test-hivemq-platform] [hivemq-platform-operator] [9fde0877] 	at io.fabric8.kubernetes.client.http.ByteArrayBodyHandler.onBodyDone(ByteArrayBodyHandler.java:51)
2025-01-29 22:19:20,526 INFO c.h.h.t.HelmChartContainer - [hivemq-test-hivemq-platform] [hivemq-platform-operator] [9fde0877] 	at java.base/java.util.concurrent.CompletableFuture.uniWhenComplete(Unknown Source)
2025-01-29 22:19:20,526 INFO c.h.h.t.HelmChartContainer - [hivemq-test-hivemq-platform] [hivemq-platform-operator] [9fde0877] 	at java.base/java.util.concurrent.CompletableFuture$UniWhenComplete.tryFire(Unknown Source)
2025-01-29 22:19:20,526 INFO c.h.h.t.HelmChartContainer - [hivemq-test-hivemq-platform] [hivemq-platform-operator] [9fde0877] 	at java.base/java.util.concurrent.CompletableFuture.postComplete(Unknown Source)
2025-01-29 22:19:20,527 INFO c.h.h.t.HelmChartContainer - [hivemq-test-hivemq-platform] [hivemq-platform-operator] [9fde0877] 	at java.base/java.util.concurrent.CompletableFuture.complete(Unknown Source)
2025-01-29 22:19:20,527 INFO c.h.h.t.HelmChartContainer - [hivemq-test-hivemq-platform] [hivemq-platform-operator] [9fde0877] 	at io.fabric8.kubernetes.client.vertx.VertxHttpRequest.lambda$null$1(VertxHttpRequest.java:121)
2025-01-29 22:19:20,527 INFO c.h.h.t.HelmChartContainer - [hivemq-test-hivemq-platform] [hivemq-platform-operator] [9fde0877] 	at io.vertx.core.impl.ContextInternal.dispatch(ContextInternal.java:279)
2025-01-29 22:19:20,527 INFO c.h.h.t.HelmChartContainer - [hivemq-test-hivemq-platform] [hivemq-platform-operator] [9fde0877] 	at io.vertx.core.impl.ContextInternal.dispatch(ContextInternal.java:261)
2025-01-29 22:19:20,527 INFO c.h.h.t.HelmChartContainer - [hivemq-test-hivemq-platform] [hivemq-platform-operator] [9fde0877] 	at io.vertx.core.http.impl.HttpEventHandler.handleEnd(HttpEventHandler.java:76)
2025-01-29 22:19:20,527 INFO c.h.h.t.HelmChartContainer - [hivemq-test-hivemq-platform] [hivemq-platform-operator] [9fde0877] 	at io.vertx.core.http.impl.HttpClientResponseImpl.handleEnd(HttpClientResponseImpl.java:250)
2025-01-29 22:19:20,527 INFO c.h.h.t.HelmChartContainer - [hivemq-test-hivemq-platform] [hivemq-platform-operator] [9fde0877] 	at io.vertx.core.http.impl.Http1xClientConnection$StreamImpl.lambda$new$0(Http1xClientConnection.java:421)
2025-01-29 22:19:20,527 INFO c.h.h.t.HelmChartContainer - [hivemq-test-hivemq-platform] [hivemq-platform-operator] [9fde0877] 	at io.vertx.core.streams.impl.InboundBuffer.handleEvent(InboundBuffer.java:279)
2025-01-29 22:19:20,528 INFO c.h.h.t.HelmChartContainer - [hivemq-test-hivemq-platform] [hivemq-platform-operator] [9fde0877] 	at io.vertx.core.streams.impl.InboundBuffer.write(InboundBuffer.java:157)
2025-01-29 22:19:20,528 INFO c.h.h.t.HelmChartContainer - [hivemq-test-hivemq-platform] [hivemq-platform-operator] [9fde0877] 	at io.vertx.core.http.impl.Http1xClientConnection$StreamImpl.handleEnd(Http1xClientConnection.java:709)
2025-01-29 22:19:20,528 INFO c.h.h.t.HelmChartContainer - [hivemq-test-hivemq-platform] [hivemq-platform-operator] [9fde0877] 	at io.vertx.core.impl.ContextImpl.execute(ContextImpl.java:313)
2025-01-29 22:19:20,528 INFO c.h.h.t.HelmChartContainer - [hivemq-test-hivemq-platform] [hivemq-platform-operator] [9fde0877] 	at io.vertx.core.impl.ContextImpl.execute(ContextImpl.java:293)
2025-01-29 22:19:20,528 INFO c.h.h.t.HelmChartContainer - [hivemq-test-hivemq-platform] [hivemq-platform-operator] [9fde0877] 	at io.vertx.core.http.impl.Http1xClientConnection.handleResponseEnd(Http1xClientConnection.java:940)
2025-01-29 22:19:20,528 INFO c.h.h.t.HelmChartContainer - [hivemq-test-hivemq-platform] [hivemq-platform-operator] [9fde0877] 	at io.vertx.core.http.impl.Http1xClientConnection.handleHttpMessage(Http1xClientConnection.java:810)
2025-01-29 22:19:20,528 INFO c.h.h.t.HelmChartContainer - [hivemq-test-hivemq-platform] [hivemq-platform-operator] [9fde0877] 	at io.vertx.core.http.impl.Http1xClientConnection.handleMessage(Http1xClientConnection.java:774)
2025-01-29 22:19:20,528 INFO c.h.h.t.HelmChartContainer - [hivemq-test-hivemq-platform] [hivemq-platform-operator] [9fde0877] 	at io.vertx.core.net.impl.ConnectionBase.read(ConnectionBase.java:159)
2025-01-29 22:19:20,528 INFO c.h.h.t.HelmChartContainer - [hivemq-test-hivemq-platform] [hivemq-platform-operator] [9fde0877] 	at io.vertx.core.net.impl.VertxHandler.channelRead(VertxHandler.java:153)
2025-01-29 22:19:20,528 INFO c.h.h.t.HelmChartContainer - [hivemq-test-hivemq-platform] [hivemq-platform-operator] [9fde0877] 	at io.netty.channel.AbstractChannelHandlerContext.invokeChannelRead(AbstractChannelHandlerContext.java:442)
2025-01-29 22:19:20,528 INFO c.h.h.t.HelmChartContainer - [hivemq-test-hivemq-platform] [hivemq-platform-operator] [9fde0877] 	at io.netty.channel.AbstractChannelHandlerContext.invokeChannelRead(AbstractChannelHandlerContext.java:420)
2025-01-29 22:19:20,528 INFO c.h.h.t.HelmChartContainer - [hivemq-test-hivemq-platform] [hivemq-platform-operator] [9fde0877] 	at io.netty.channel.AbstractChannelHandlerContext.fireChannelRead(AbstractChannelHandlerContext.java:412)
2025-01-29 22:19:20,528 INFO c.h.h.t.HelmChartContainer - [hivemq-test-hivemq-platform] [hivemq-platform-operator] [9fde0877] 	at io.netty.channel.CombinedChannelDuplexHandler$DelegatingChannelHandlerContext.fireChannelRead(CombinedChannelDuplexHandler.java:436)
2025-01-29 22:19:20,528 INFO c.h.h.t.HelmChartContainer - [hivemq-test-hivemq-platform] [hivemq-platform-operator] [9fde0877] 	at io.netty.handler.codec.ByteToMessageDecoder.fireChannelRead(ByteToMessageDecoder.java:346)
2025-01-29 22:19:20,528 INFO c.h.h.t.HelmChartContainer - [hivemq-test-hivemq-platform] [hivemq-platform-operator] [9fde0877] 	at io.netty.handler.codec.ByteToMessageDecoder.channelRead(ByteToMessageDecoder.java:318)
2025-01-29 22:19:20,528 INFO c.h.h.t.HelmChartContainer - [hivemq-test-hivemq-platform] [hivemq-platform-operator] [9fde0877] 	at io.netty.channel.CombinedChannelDuplexHandler.channelRead(CombinedChannelDuplexHandler.java:251)
2025-01-29 22:19:20,528 INFO c.h.h.t.HelmChartContainer - [hivemq-test-hivemq-platform] [hivemq-platform-operator] [9fde0877] 	at io.netty.channel.AbstractChannelHandlerContext.invokeChannelRead(AbstractChannelHandlerContext.java:442)
2025-01-29 22:19:20,528 INFO c.h.h.t.HelmChartContainer - [hivemq-test-hivemq-platform] [hivemq-platform-operator] [9fde0877] 	at io.netty.channel.AbstractChannelHandlerContext.invokeChannelRead(AbstractChannelHandlerContext.java:420)
2025-01-29 22:19:20,528 INFO c.h.h.t.HelmChartContainer - [hivemq-test-hivemq-platform] [hivemq-platform-operator] [9fde0877] 	at io.netty.channel.AbstractChannelHandlerContext.fireChannelRead(AbstractChannelHandlerContext.java:412)
2025-01-29 22:19:20,528 INFO c.h.h.t.HelmChartContainer - [hivemq-test-hivemq-platform] [hivemq-platform-operator] [9fde0877] 	at io.netty.handler.ssl.SslHandler.unwrap(SslHandler.java:1475)
2025-01-29 22:19:20,528 INFO c.h.h.t.HelmChartContainer - [hivemq-test-hivemq-platform] [hivemq-platform-operator] [9fde0877] 	at io.netty.handler.ssl.SslHandler.decodeJdkCompatible(SslHandler.java:1338)
2025-01-29 22:19:20,528 INFO c.h.h.t.HelmChartContainer - [hivemq-test-hivemq-platform] [hivemq-platform-operator] [9fde0877] 	at io.netty.handler.ssl.SslHandler.decode(SslHandler.java:1387)
2025-01-29 22:19:20,528 INFO c.h.h.t.HelmChartContainer - [hivemq-test-hivemq-platform] [hivemq-platform-operator] [9fde0877] 	at io.netty.handler.codec.ByteToMessageDecoder.decodeRemovalReentryProtection(ByteToMessageDecoder.java:530)
2025-01-29 22:19:20,528 INFO c.h.h.t.HelmChartContainer - [hivemq-test-hivemq-platform] [hivemq-platform-operator] [9fde0877] 	at io.netty.handler.codec.ByteToMessageDecoder.callDecode(ByteToMessageDecoder.java:469)
2025-01-29 22:19:20,528 INFO c.h.h.t.HelmChartContainer - [hivemq-test-hivemq-platform] [hivemq-platform-operator] [9fde0877] 	at io.netty.handler.codec.ByteToMessageDecoder.channelRead(ByteToMessageDecoder.java:290)
2025-01-29 22:19:20,528 INFO c.h.h.t.HelmChartContainer - [hivemq-test-hivemq-platform] [hivemq-platform-operator] [9fde0877] 	at io.netty.channel.AbstractChannelHandlerContext.invokeChannelRead(AbstractChannelHandlerContext.java:444)
2025-01-29 22:19:20,528 INFO c.h.h.t.HelmChartContainer - [hivemq-test-hivemq-platform] [hivemq-platform-operator] [9fde0877] 	at io.netty.channel.AbstractChannelHandlerContext.invokeChannelRead(AbstractChannelHandlerContext.java:420)
2025-01-29 22:19:20,528 INFO c.h.h.t.HelmChartContainer - [hivemq-test-hivemq-platform] [hivemq-platform-operator] [9fde0877] 	at io.netty.channel.AbstractChannelHandlerContext.fireChannelRead(AbstractChannelHandlerContext.java:412)
2025-01-29 22:19:20,528 INFO c.h.h.t.HelmChartContainer - [hivemq-test-hivemq-platform] [hivemq-platform-operator] [9fde0877] 	at io.netty.channel.DefaultChannelPipeline$HeadContext.channelRead(DefaultChannelPipeline.java:1407)
2025-01-29 22:19:20,528 INFO c.h.h.t.HelmChartContainer - [hivemq-test-hivemq-platform] [hivemq-platform-operator] [9fde0877] 	at io.netty.channel.AbstractChannelHandlerContext.invokeChannelRead(AbstractChannelHandlerContext.java:440)
2025-01-29 22:19:20,528 INFO c.h.h.t.HelmChartContainer - [hivemq-test-hivemq-platform] [hivemq-platform-operator] [9fde0877] 	at io.netty.channel.AbstractChannelHandlerContext.invokeChannelRead(AbstractChannelHandlerContext.java:420)
2025-01-29 22:19:20,528 INFO c.h.h.t.HelmChartContainer - [hivemq-test-hivemq-platform] [hivemq-platform-operator] [9fde0877] 	at io.netty.channel.DefaultChannelPipeline.fireChannelRead(DefaultChannelPipeline.java:918)
2025-01-29 22:19:20,528 INFO c.h.h.t.HelmChartContainer - [hivemq-test-hivemq-platform] [hivemq-platform-operator] [9fde0877] 	at io.netty.channel.nio.AbstractNioByteChannel$NioByteUnsafe.read(AbstractNioByteChannel.java:166)
2025-01-29 22:19:20,528 INFO c.h.h.t.HelmChartContainer - [hivemq-test-hivemq-platform] [hivemq-platform-operator] [9fde0877] 	at io.netty.channel.nio.NioEventLoop.processSelectedKey(NioEventLoop.java:788)
2025-01-29 22:19:20,528 INFO c.h.h.t.HelmChartContainer - [hivemq-test-hivemq-platform] [hivemq-platform-operator] [9fde0877] 	at io.netty.channel.nio.NioEventLoop.processSelectedKeysOptimized(NioEventLoop.java:724)
2025-01-29 22:19:20,528 INFO c.h.h.t.HelmChartContainer - [hivemq-test-hivemq-platform] [hivemq-platform-operator] [9fde0877] 	at io.netty.channel.nio.NioEventLoop.processSelectedKeys(NioEventLoop.java:650)
2025-01-29 22:19:20,528 INFO c.h.h.t.HelmChartContainer - [hivemq-test-hivemq-platform] [hivemq-platform-operator] [9fde0877] 	at io.netty.channel.nio.NioEventLoop.run(NioEventLoop.java:562)
2025-01-29 22:19:20,528 INFO c.h.h.t.HelmChartContainer - [hivemq-test-hivemq-platform] [hivemq-platform-operator] [9fde0877] 	at io.netty.util.concurrent.SingleThreadEventExecutor$4.run(SingleThreadEventExecutor.java:997)
2025-01-29 22:19:20,528 INFO c.h.h.t.HelmChartContainer - [hivemq-test-hivemq-platform] [hivemq-platform-operator] [9fde0877] 	at io.netty.util.internal.ThreadExecutorMap$2.run(ThreadExecutorMap.java:74)
2025-01-29 22:19:20,528 INFO c.h.h.t.HelmChartContainer - [hivemq-test-hivemq-platform] [hivemq-platform-operator] [9fde0877] 	at io.netty.util.concurrent.FastThreadLocalRunnable.run(FastThreadLocalRunnable.java:30)
2025-01-29 22:19:20,528 INFO c.h.h.t.HelmChartContainer - [hivemq-test-hivemq-platform] [hivemq-platform-operator] [9fde0877] 	... 1 common frames omitted
2025-01-29 22:19:20,596 INFO c.h.h.t.HelmChartContainer - [hivemq-test-hivemq-platform] [hivemq-platform-operator] [9fde0877] 22:19:20.595 [ReconcilerExecutor-hivemq-controller-129] INFO  c.h.p.o.HiveMQPlatformReconciler - [helmcust] Cleanup test-hivemq-platform - helmcustomsecretconfigit HiveMQ Platform is shut down
2025-01-29 22:19:20,735 INFO c.h.h.t.HelmChartContainer - [K3S] [stateful_set.go:466] "StatefulSet has been deleted" key="helmcustomsecretconfigit/test-hivemq-platform"
2025-01-29 22:19:21,015 INFO c.h.h.t.HelmChartContainer - [POD] test-hivemq-platform-1 [e8ba2cc3-a38e-4091-9318-f1de8603fe40] in helmcustomsecretconfigit was MODIFIED
2025-01-29 22:19:21,016 INFO c.h.h.t.HelmChartContainer - [EVENT] Normal [Killing] Stopping container hivemq [helmcustomsecretconfigit:test-hivemq-platform-1]
2025-01-29 22:19:21,016 INFO c.h.h.t.HelmChartContainer - Received Killing event for container hivemq in pod test-hivemq-platform-1 [e8ba2cc3-a38e-4091-9318-f1de8603fe40]
2025-01-29 22:19:21,016 INFO c.h.h.t.HelmChartContainer - Container [test-hivemq-platform-1] [hivemq] [e8ba2cc3-a38e-4091-9318-f1de8603fe40] was terminated
2025-01-29 22:19:21,016 INFO c.h.h.t.HelmChartContainer - Stopped log watcher for hivemq in pod test-hivemq-platform-1 [e8ba2cc3-a38e-4091-9318-f1de8603fe40]
2025-01-29 22:19:21,023 INFO c.h.h.t.HelmChartContainer - [test-hivemq-platform] [hivemq] [e8ba2cc3] INFO  - [HiveMQ Platform Operator Init App 1.7.0-SNAPSHOT] Shutting down
2025-01-29 22:19:21,023 INFO c.h.h.t.HelmChartContainer - [test-hivemq-platform] [hivemq] [e8ba2cc3] INFO  - [HiveMQ Platform Operator Init App 1.7.0-SNAPSHOT] Stopping the HiveMQ Platform
2025-01-29 22:19:21,042 INFO c.h.h.t.HelmChartContainer - [POD] test-hivemq-platform-0 [0a9d4b7d-7a2d-4ffd-aef4-937f2b18b111] in helmcustomsecretconfigit was MODIFIED
2025-01-29 22:19:21,048 INFO c.h.h.t.HelmChartContainer - [EVENT] Normal [Killing] Stopping container hivemq [helmcustomsecretconfigit:test-hivemq-platform-0]
2025-01-29 22:19:21,048 INFO c.h.h.t.HelmChartContainer - Received Killing event for container hivemq in pod test-hivemq-platform-0 [0a9d4b7d-7a2d-4ffd-aef4-937f2b18b111]
2025-01-29 22:19:21,048 INFO c.h.h.t.HelmChartContainer - Container [test-hivemq-platform-0] [hivemq] [0a9d4b7d-7a2d-4ffd-aef4-937f2b18b111] was terminated
2025-01-29 22:19:21,048 INFO c.h.h.t.HelmChartContainer - Stopped log watcher for hivemq in pod test-hivemq-platform-0 [0a9d4b7d-7a2d-4ffd-aef4-937f2b18b111]
2025-01-29 22:19:21,052 INFO c.h.h.t.HelmChartContainer - [test-hivemq-platform] [hivemq] [0a9d4b7d] INFO  - [HiveMQ Platform Operator Init App 1.7.0-SNAPSHOT] Shutting down
2025-01-29 22:19:21,052 INFO c.h.h.t.HelmChartContainer - [test-hivemq-platform] [hivemq] [0a9d4b7d] INFO  - [HiveMQ Platform Operator Init App 1.7.0-SNAPSHOT] Stopping the HiveMQ Platform
2025-01-29 22:19:21,137 INFO c.h.h.t.HelmChartContainer - [test-hivemq-platform] [hivemq] [e8ba2cc3] INFO  - Shutting down HiveMQ. Please wait, this could take a while...
2025-01-29 22:19:21,203 INFO c.h.h.t.HelmChartContainer - [test-hivemq-platform] [hivemq] [e8ba2cc3] INFO  - Shutting down listeners and clients
2025-01-29 22:19:21,203 INFO c.h.h.t.HelmChartContainer - [test-hivemq-platform] [hivemq] [e8ba2cc3] INFO  - Shutdown of listeners is done
2025-01-29 22:19:21,204 INFO c.h.h.t.HelmChartContainer - [test-hivemq-platform] [hivemq] [e8ba2cc3] INFO  - No clients are connected, proceeding with shutdown
2025-01-29 22:19:21,246 INFO c.h.h.t.HelmChartContainer - [test-hivemq-platform] [hivemq] [0a9d4b7d] INFO  - Shutting down HiveMQ. Please wait, this could take a while...
2025-01-29 22:19:21,249 INFO c.h.h.t.HelmChartContainer - [test-hivemq-platform] [hivemq] [0a9d4b7d] INFO  - Shutting down listeners and clients
2025-01-29 22:19:21,251 INFO c.h.h.t.HelmChartContainer - [test-hivemq-platform] [hivemq] [0a9d4b7d] INFO  - Shutdown of listeners is done
2025-01-29 22:19:21,252 INFO c.h.h.t.HelmChartContainer - [test-hivemq-platform] [hivemq] [0a9d4b7d] INFO  - No clients are connected, proceeding with shutdown
2025-01-29 22:19:22,263 INFO c.h.h.t.HelmChartContainer - Deleting namespace 'helmcustomsecretconfigit'...
2025-01-29 22:19:22,746 INFO c.h.h.t.HelmChartContainer - [test-hivemq-platform] [hivemq] [e8ba2cc3] INFO  - [HiveMQ Platform Operator Init App 1.7.0-SNAPSHOT] Returning shutdown Health API response 503 for readiness
2025-01-29 22:19:22,750 INFO c.h.h.t.HelmChartContainer - [EVENT] Warning [Unhealthy] Readiness probe failed: HTTP probe failed with statuscode: 503 [helmcustomsecretconfigit:test-hivemq-platform-1]
2025-01-29 22:19:22,750 INFO c.h.h.t.HelmChartContainer - Received Unhealthy event for container hivemq in pod test-hivemq-platform-1 [e8ba2cc3-a38e-4091-9318-f1de8603fe40]
2025-01-29 22:19:23,429 INFO c.h.h.t.HelmChartContainer - [test-hivemq-platform] [hivemq] [e8ba2cc3] WARN  - [HiveMQ Platform Operator Init App 1.7.0-SNAPSHOT] Could not update Pod annotations: Failure executing: GET at: https://10.43.0.1:443/api/v1/namespaces/helmcustomsecretconfigit/pods/test-hivemq-platform-1. Message: pods "test-hivemq-platform-1" is forbidden: User "system:serviceaccount:helmcustomsecretconfigit:hivemq-platform-pod-test-hivemq-platform" cannot get resource "pods" in API group "" in the namespace "helmcustomsecretconfigit". Received status: Status(apiVersion=v1, code=403, details=StatusDetails(causes=[], group=null, kind=pods, name=test-hivemq-platform-1, retryAfterSeconds=null, uid=null, additionalProperties={}), kind=Status, message=pods "test-hivemq-platform-1" is forbidden: User "system:serviceaccount:helmcustomsecretconfigit:hivemq-platform-pod-test-hivemq-platform" cannot get resource "pods" in API group "" in the namespace "helmcustomsecretconfigit", metadata=ListMeta(_continue=null, remainingItemCount=null, resourceVersion=null, selfLink=null, additionalProperties={}), reason=Forbidden, status=Failure, additionalProperties={}).
2025-01-29 22:19:23,700 INFO c.h.h.t.HelmChartContainer - [test-hivemq-platform] [hivemq] [0a9d4b7d] INFO  - Shutting down extension system
2025-01-29 22:19:23,702 INFO c.h.h.t.HelmChartContainer - [test-hivemq-platform] [hivemq] [0a9d4b7d] INFO  - Stopping extension with id hivemq-dns-cluster-discovery
2025-01-29 22:19:23,703 INFO c.h.h.t.HelmChartContainer - [test-hivemq-platform] [hivemq] [0a9d4b7d] INFO  - Extension "DNS Cluster Discovery Extension" version 4.3.2 stopped successfully.
2025-01-29 22:19:23,703 INFO c.h.h.t.HelmChartContainer - [test-hivemq-platform] [hivemq] [0a9d4b7d] INFO  - Stopping extension with id hivemq-prometheus-extension
2025-01-29 22:19:23,707 INFO c.h.h.t.HelmChartContainer - [test-hivemq-platform] [hivemq] [0a9d4b7d] INFO  - Extension "Prometheus Monitoring Extension" version 4.0.12 stopped successfully.
2025-01-29 22:19:23,708 INFO c.h.h.t.HelmChartContainer - [test-hivemq-platform] [hivemq] [0a9d4b7d] INFO  - Stopping extension with id hivemq-allow-all-extension
2025-01-29 22:19:23,708 INFO c.h.h.t.HelmChartContainer - [test-hivemq-platform] [hivemq] [0a9d4b7d] INFO  - Extension "Allow All Extension" version 1.1.1 stopped successfully.
2025-01-29 22:19:23,714 INFO c.h.h.t.HelmChartContainer - [test-hivemq-platform] [hivemq] [e8ba2cc3] INFO  - Cluster nodes found by discovery: [ekfu5|2] (1) [ekfu5].
2025-01-29 22:19:23,718 INFO c.h.h.t.HelmChartContainer - [test-hivemq-platform] [hivemq] [e8ba2cc3] INFO  - Cluster size = 1, members : [ekfu5].
2025-01-29 22:19:24,008 INFO c.h.h.t.HelmChartContainer - [test-hivemq-platform] [hivemq] [e8ba2cc3] INFO  - Shutting down extension system
2025-01-29 22:19:24,009 INFO c.h.h.t.HelmChartContainer - [test-hivemq-platform] [hivemq] [e8ba2cc3] INFO  - Stopping extension with id hivemq-dns-cluster-discovery
2025-01-29 22:19:24,011 INFO c.h.h.t.HelmChartContainer - [test-hivemq-platform] [hivemq] [e8ba2cc3] INFO  - Extension "DNS Cluster Discovery Extension" version 4.3.2 stopped successfully.
2025-01-29 22:19:24,011 INFO c.h.h.t.HelmChartContainer - [test-hivemq-platform] [hivemq] [e8ba2cc3] INFO  - Stopping extension with id hivemq-prometheus-extension
2025-01-29 22:19:24,016 INFO c.h.h.t.HelmChartContainer - [test-hivemq-platform] [hivemq] [e8ba2cc3] INFO  - Extension "Prometheus Monitoring Extension" version 4.0.12 stopped successfully.
2025-01-29 22:19:24,016 INFO c.h.h.t.HelmChartContainer - [test-hivemq-platform] [hivemq] [e8ba2cc3] INFO  - Stopping extension with id hivemq-allow-all-extension
2025-01-29 22:19:24,016 INFO c.h.h.t.HelmChartContainer - [test-hivemq-platform] [hivemq] [e8ba2cc3] INFO  - Extension "Allow All Extension" version 1.1.1 stopped successfully.
2025-01-29 22:19:24,511 INFO c.h.h.t.HelmChartContainer - [test-hivemq-platform] [hivemq] [0a9d4b7d] INFO  - [HiveMQ Platform Operator Init App 1.7.0-SNAPSHOT] Returning shutdown Health API response 503 for readiness
2025-01-29 22:19:24,515 INFO c.h.h.t.HelmChartContainer - [EVENT] Warning [Unhealthy] Readiness probe failed: HTTP probe failed with statuscode: 503 [helmcustomsecretconfigit:test-hivemq-platform-0]
2025-01-29 22:19:24,515 INFO c.h.h.t.HelmChartContainer - Received Unhealthy event for container hivemq in pod test-hivemq-platform-0 [0a9d4b7d-7a2d-4ffd-aef4-937f2b18b111]
2025-01-29 22:19:25,426 INFO c.h.h.t.HelmChartContainer - [K3S] [authentication.go:74] "Unable to authenticate the request" err="[invalid bearer token, serviceaccounts \"hivemq-platform-pod-test-hivemq-platform\" not found]"
2025-01-29 22:19:25,438 INFO c.h.h.t.HelmChartContainer - [K3S] [authentication.go:74] "Unable to authenticate the request" err="[invalid bearer token, serviceaccounts \"hivemq-platform-pod-test-hivemq-platform\" not found]"
2025-01-29 22:19:25,440 INFO c.h.h.t.HelmChartContainer - [test-hivemq-platform] [hivemq] [0a9d4b7d] WARN  - [HiveMQ Platform Operator Init App 1.7.0-SNAPSHOT] Could not update Pod annotations: Failure executing: GET at: https://10.43.0.1:443/api/v1/namespaces/helmcustomsecretconfigit/pods/test-hivemq-platform-0. Message: Unauthorized. Received status: Status(apiVersion=v1, code=401, details=null, kind=Status, message=Unauthorized, metadata=ListMeta(_continue=null, remainingItemCount=null, resourceVersion=null, selfLink=null, additionalProperties={}), reason=Unauthorized, status=Failure, additionalProperties={}).
2025-01-29 22:19:26,047 INFO c.h.h.t.HelmChartContainer - [test-hivemq-platform] [hivemq] [0a9d4b7d] INFO  - Shutdown completed.
2025-01-29 22:19:26,396 INFO c.h.h.t.HelmChartContainer - [test-hivemq-platform] [hivemq] [0a9d4b7d] INFO  - [HiveMQ Platform Operator Init App 1.7.0-SNAPSHOT] The HiveMQ Platform exited with code 143
2025-01-29 22:19:26,396 INFO c.h.h.t.HelmChartContainer - [test-hivemq-platform] [hivemq] [0a9d4b7d] INFO  - [HiveMQ Platform Operator Init App 1.7.0-SNAPSHOT] Stopping the REST API
2025-01-29 22:19:26,402 INFO c.h.h.t.HelmChartContainer - [test-hivemq-platform] [hivemq] [0a9d4b7d] INFO  - [HiveMQ Platform Operator Init App 1.7.0-SNAPSHOT] Shutdown complete
2025-01-29 22:19:26,436 INFO c.h.h.t.HelmChartContainer - [test-hivemq-platform] [hivemq] [e8ba2cc3] INFO  - Shutdown completed.
2025-01-29 22:19:26,789 INFO c.h.h.t.HelmChartContainer - [test-hivemq-platform] [hivemq] [e8ba2cc3] INFO  - [HiveMQ Platform Operator Init App 1.7.0-SNAPSHOT] The HiveMQ Platform exited with code 143
2025-01-29 22:19:26,789 INFO c.h.h.t.HelmChartContainer - [test-hivemq-platform] [hivemq] [e8ba2cc3] INFO  - [HiveMQ Platform Operator Init App 1.7.0-SNAPSHOT] Stopping the REST API
2025-01-29 22:19:26,835 INFO c.h.h.t.HelmChartContainer - [test-hivemq-platform] [hivemq] [e8ba2cc3] INFO  - [HiveMQ Platform Operator Init App 1.7.0-SNAPSHOT] Shutdown complete
2025-01-29 22:19:26,915 INFO c.h.h.t.HelmChartContainer - [POD] test-hivemq-platform-0 [0a9d4b7d-7a2d-4ffd-aef4-937f2b18b111] in helmcustomsecretconfigit was MODIFIED
2025-01-29 22:19:26,922 INFO c.h.h.t.HelmChartContainer - [K3S] [reconciler_common.go:162] "operationExecutor.UnmountVolume started for volume \"broker-configuration\" (UniqueName: \"kubernetes.io/secret/0a9d4b7d-7a2d-4ffd-aef4-937f2b18b111-broker-configuration\") pod \"0a9d4b7d-7a2d-4ffd-aef4-937f2b18b111\" (UID: \"0a9d4b7d-7a2d-4ffd-aef4-937f2b18b111\") "
2025-01-29 22:19:26,922 INFO c.h.h.t.HelmChartContainer - [K3S] [reconciler_common.go:162] "operationExecutor.UnmountVolume started for volume \"operator-init\" (UniqueName: \"kubernetes.io/empty-dir/0a9d4b7d-7a2d-4ffd-aef4-937f2b18b111-operator-init\") pod \"0a9d4b7d-7a2d-4ffd-aef4-937f2b18b111\" (UID: \"0a9d4b7d-7a2d-4ffd-aef4-937f2b18b111\") "
2025-01-29 22:19:26,923 INFO c.h.h.t.HelmChartContainer - [K3S] [reconciler_common.go:162] "operationExecutor.UnmountVolume started for volume \"kube-api-access-6wrxj\" (UniqueName: \"kubernetes.io/projected/0a9d4b7d-7a2d-4ffd-aef4-937f2b18b111-kube-api-access-6wrxj\") pod \"0a9d4b7d-7a2d-4ffd-aef4-937f2b18b111\" (UID: \"0a9d4b7d-7a2d-4ffd-aef4-937f2b18b111\") "
2025-01-29 22:19:26,923 INFO c.h.h.t.HelmChartContainer - [K3S] [reconciler_common.go:162] "operationExecutor.UnmountVolume started for volume \"pod-info\" (UniqueName: \"kubernetes.io/configmap/0a9d4b7d-7a2d-4ffd-aef4-937f2b18b111-pod-info\") pod \"0a9d4b7d-7a2d-4ffd-aef4-937f2b18b111\" (UID: \"0a9d4b7d-7a2d-4ffd-aef4-937f2b18b111\") "
2025-01-29 22:19:27,023 INFO c.h.h.t.HelmChartContainer - [K3S] [reconciler_common.go:299] "Volume detached for volume \"broker-configuration\" (UniqueName: \"kubernetes.io/secret/0a9d4b7d-7a2d-4ffd-aef4-937f2b18b111-broker-configuration\") on node \"8a91ea74c8b8\" DevicePath \"\""
2025-01-29 22:19:27,023 INFO c.h.h.t.HelmChartContainer - [K3S] [reconciler_common.go:299] "Volume detached for volume \"operator-init\" (UniqueName: \"kubernetes.io/empty-dir/0a9d4b7d-7a2d-4ffd-aef4-937f2b18b111-operator-init\") on node \"8a91ea74c8b8\" DevicePath \"\""
2025-01-29 22:19:27,023 INFO c.h.h.t.HelmChartContainer - [K3S] [reconciler_common.go:299] "Volume detached for volume \"kube-api-access-6wrxj\" (UniqueName: \"kubernetes.io/projected/0a9d4b7d-7a2d-4ffd-aef4-937f2b18b111-kube-api-access-6wrxj\") on node \"8a91ea74c8b8\" DevicePath \"\""
2025-01-29 22:19:27,023 INFO c.h.h.t.HelmChartContainer - [K3S] [reconciler_common.go:299] "Volume detached for volume \"pod-info\" (UniqueName: \"kubernetes.io/configmap/0a9d4b7d-7a2d-4ffd-aef4-937f2b18b111-pod-info\") on node \"8a91ea74c8b8\" DevicePath \"\""
2025-01-29 22:19:27,176 INFO c.h.h.t.HelmChartContainer - [K3S] [scope.go:117] "RemoveContainer" containerID="3d1bbd27dd9365a677f1de0b5d91871175ca5007293bbaedbd84aa6c7dcbcf1c"
2025-01-29 22:19:27,203 INFO c.h.h.t.HelmChartContainer - [POD] test-hivemq-platform-0 [0a9d4b7d-7a2d-4ffd-aef4-937f2b18b111] in helmcustomsecretconfigit was MODIFIED
2025-01-29 22:19:27,205 INFO c.h.h.t.HelmChartContainer - [POD] test-hivemq-platform-0 [0a9d4b7d-7a2d-4ffd-aef4-937f2b18b111] in helmcustomsecretconfigit was DELETED
2025-01-29 22:19:27,282 INFO c.h.h.t.HelmChartContainer - [K3S] [scope.go:117] "RemoveContainer" containerID="237e7363a495dbe09f20a9c14f12e778c2da3dc7e4d4fe5303858a1944f7b04f"
2025-01-29 22:19:27,287 INFO c.h.h.t.HelmChartContainer - [K3S] [scope.go:117] "RemoveContainer" containerID="3d1bbd27dd9365a677f1de0b5d91871175ca5007293bbaedbd84aa6c7dcbcf1c"
2025-01-29 22:19:27,287 INFO c.h.h.t.HelmChartContainer - [K3S] [scope.go:117] "RemoveContainer" containerID="237e7363a495dbe09f20a9c14f12e778c2da3dc7e4d4fe5303858a1944f7b04f"
2025-01-29 22:19:27,325 INFO c.h.h.t.HelmChartContainer - [K3S] [reconciler_common.go:162] "operationExecutor.UnmountVolume started for volume \"pod-info\" (UniqueName: \"kubernetes.io/configmap/e8ba2cc3-a38e-4091-9318-f1de8603fe40-pod-info\") pod \"e8ba2cc3-a38e-4091-9318-f1de8603fe40\" (UID: \"e8ba2cc3-a38e-4091-9318-f1de8603fe40\") "
2025-01-29 22:19:27,325 INFO c.h.h.t.HelmChartContainer - [K3S] [reconciler_common.go:162] "operationExecutor.UnmountVolume started for volume \"kube-api-access-7fbfd\" (UniqueName: \"kubernetes.io/projected/e8ba2cc3-a38e-4091-9318-f1de8603fe40-kube-api-access-7fbfd\") pod \"e8ba2cc3-a38e-4091-9318-f1de8603fe40\" (UID: \"e8ba2cc3-a38e-4091-9318-f1de8603fe40\") "
2025-01-29 22:19:27,327 INFO c.h.h.t.HelmChartContainer - [K3S] [reconciler_common.go:162] "operationExecutor.UnmountVolume started for volume \"operator-init\" (UniqueName: \"kubernetes.io/empty-dir/e8ba2cc3-a38e-4091-9318-f1de8603fe40-operator-init\") pod \"e8ba2cc3-a38e-4091-9318-f1de8603fe40\" (UID: \"e8ba2cc3-a38e-4091-9318-f1de8603fe40\") "
2025-01-29 22:19:27,327 INFO c.h.h.t.HelmChartContainer - [K3S] [reconciler_common.go:162] "operationExecutor.UnmountVolume started for volume \"broker-configuration\" (UniqueName: \"kubernetes.io/secret/e8ba2cc3-a38e-4091-9318-f1de8603fe40-broker-configuration\") pod \"e8ba2cc3-a38e-4091-9318-f1de8603fe40\" (UID: \"e8ba2cc3-a38e-4091-9318-f1de8603fe40\") "
2025-01-29 22:19:27,336 INFO c.h.h.t.HelmChartContainer - [POD] test-hivemq-platform-1 [e8ba2cc3-a38e-4091-9318-f1de8603fe40] in helmcustomsecretconfigit was MODIFIED
2025-01-29 22:19:27,340 INFO c.h.h.t.HelmChartContainer - [K3S] [kubelet_volumes.go:163] "Cleaned up orphaned pod volumes dir" podUID="0a9d4b7d-7a2d-4ffd-aef4-937f2b18b111" path="/var/lib/kubelet/pods/0a9d4b7d-7a2d-4ffd-aef4-937f2b18b111/volumes"
2025-01-29 22:19:27,425 INFO c.h.h.t.HelmChartContainer - [K3S] [reconciler_common.go:299] "Volume detached for volume \"broker-configuration\" (UniqueName: \"kubernetes.io/secret/e8ba2cc3-a38e-4091-9318-f1de8603fe40-broker-configuration\") on node \"8a91ea74c8b8\" DevicePath \"\""
2025-01-29 22:19:27,425 INFO c.h.h.t.HelmChartContainer - [K3S] [reconciler_common.go:299] "Volume detached for volume \"pod-info\" (UniqueName: \"kubernetes.io/configmap/e8ba2cc3-a38e-4091-9318-f1de8603fe40-pod-info\") on node \"8a91ea74c8b8\" DevicePath \"\""
2025-01-29 22:19:27,425 INFO c.h.h.t.HelmChartContainer - [K3S] [reconciler_common.go:299] "Volume detached for volume \"kube-api-access-7fbfd\" (UniqueName: \"kubernetes.io/projected/e8ba2cc3-a38e-4091-9318-f1de8603fe40-kube-api-access-7fbfd\") on node \"8a91ea74c8b8\" DevicePath \"\""
2025-01-29 22:19:27,425 INFO c.h.h.t.HelmChartContainer - [K3S] [reconciler_common.go:299] "Volume detached for volume \"operator-init\" (UniqueName: \"kubernetes.io/empty-dir/e8ba2cc3-a38e-4091-9318-f1de8603fe40-operator-init\") on node \"8a91ea74c8b8\" DevicePath \"\""
2025-01-29 22:19:27,508 INFO c.h.h.t.HelmChartContainer - [K3S] [namespace_controller.go:164] "Unhandled Error" err="deletion of namespace helmcustomsecretconfigit failed: unexpected items still remain in namespace: helmcustomsecretconfigit for gvr: /v1, Resource=pods"
2025-01-29 22:19:27,697 INFO c.h.h.t.HelmChartContainer - [K3S] [namespace_controller.go:164] "Unhandled Error" err="deletion of namespace helmcustomsecretconfigit failed: unexpected items still remain in namespace: helmcustomsecretconfigit for gvr: /v1, Resource=pods"
2025-01-29 22:19:27,829 INFO c.h.h.t.HelmChartContainer - [K3S] [namespace_controller.go:164] "Unhandled Error" err="deletion of namespace helmcustomsecretconfigit failed: unexpected items still remain in namespace: helmcustomsecretconfigit for gvr: /v1, Resource=pods"
2025-01-29 22:19:27,970 INFO c.h.h.t.HelmChartContainer - [K3S] [namespace_controller.go:164] "Unhandled Error" err="deletion of namespace helmcustomsecretconfigit failed: unexpected items still remain in namespace: helmcustomsecretconfigit for gvr: /v1, Resource=pods"
2025-01-29 22:19:28,159 INFO c.h.h.t.HelmChartContainer - [K3S] [namespace_controller.go:164] "Unhandled Error" err="deletion of namespace helmcustomsecretconfigit failed: unexpected items still remain in namespace: helmcustomsecretconfigit for gvr: /v1, Resource=pods"
2025-01-29 22:19:28,178 INFO c.h.h.t.HelmChartContainer - [K3S] [scope.go:117] "RemoveContainer" containerID="69caa28b8fc960faffcbef1d43da55997f88bd13a75eb59a525abbd3a52c974b"
2025-01-29 22:19:28,191 INFO c.h.h.t.HelmChartContainer - [POD] test-hivemq-platform-1 [e8ba2cc3-a38e-4091-9318-f1de8603fe40] in helmcustomsecretconfigit was MODIFIED
2025-01-29 22:19:28,193 INFO c.h.h.t.HelmChartContainer - [POD] test-hivemq-platform-1 [e8ba2cc3-a38e-4091-9318-f1de8603fe40] in helmcustomsecretconfigit was DELETED
2025-01-29 22:19:28,296 INFO c.h.h.t.HelmChartContainer - [K3S] [scope.go:117] "RemoveContainer" containerID="2d0ce6913f6ac5ccbc99ab8502357be6e5ebfd81c5be086d888f883b6928932a"
2025-01-29 22:19:28,299 INFO c.h.h.t.HelmChartContainer - [K3S] [scope.go:117] "RemoveContainer" containerID="69caa28b8fc960faffcbef1d43da55997f88bd13a75eb59a525abbd3a52c974b"
2025-01-29 22:19:28,299 INFO c.h.h.t.HelmChartContainer - [K3S] [scope.go:117] "RemoveContainer" containerID="2d0ce6913f6ac5ccbc99ab8502357be6e5ebfd81c5be086d888f883b6928932a"
2025-01-29 22:19:28,390 INFO c.h.h.t.HelmChartContainer - Namespace 'helmcustomsecretconfigit' deleted
2025-01-29 22:19:28,390 INFO c.h.h.t.HelmChartContainer - Release 'test-hivemq-platform' in namespace 'helmcustomsecretconfigit' is uninstalled
2025-01-29 22:19:28,390 INFO c.h.h.t.HelmChartContainer - Uninstalling release 'test-hivemq-platform-operator' in namespace 'helmcustomsecretconfigit-operator'...
2025-01-29 22:19:28,390 DEBUG c.h.h.t.HelmChartContainer - Executing helm command: /bin/helm --kubeconfig /etc/rancher/k3s/k3s.yaml uninstall test-hivemq-platform-operator  --wait --timeout 5m0s --cascade foreground --namespace helmcustomsecretconfigit-operator
2025-01-29 22:19:28,566 INFO c.h.h.t.HelmChartContainer - [K3S] [replica_set.go:679] "Finished syncing" kind="ReplicaSet" key="helmcustomsecretconfigit-operator/hivemq-test-hivemq-platform-operator-6966f96d65" duration="8.591386ms"
2025-01-29 22:19:28,567 INFO c.h.h.t.HelmChartContainer - [K3S] [replica_set.go:679] "Finished syncing" kind="ReplicaSet" key="helmcustomsecretconfigit-operator/hivemq-test-hivemq-platform-operator-6966f96d65" duration="38.602µs"
2025-01-29 22:19:28,585 INFO c.h.h.t.HelmChartContainer - [POD] hivemq-test-hivemq-platform-operator-6966f96d65-smm6j [9fde0877-52c2-46bd-9186-e2009659d248] in helmcustomsecretconfigit-operator was MODIFIED
2025-01-29 22:19:28,599 INFO c.h.h.t.HelmChartContainer - [K3S] [replica_set.go:679] "Finished syncing" kind="ReplicaSet" key="helmcustomsecretconfigit-operator/hivemq-test-hivemq-platform-operator-6966f96d65" duration="16.35178ms"
2025-01-29 22:19:28,603 INFO c.h.h.t.HelmChartContainer - [hivemq-test-hivemq-platform] [hivemq-platform-operator] [9fde0877] 22:19:28.601 [application-shutdown-thread] INFO  c.h.p.o.HiveMQPlatformOperatorApplication - HiveMQ Platform Operator is stopping...
2025-01-29 22:19:28,603 INFO c.h.h.t.HelmChartContainer - [hivemq-test-hivemq-platform] [hivemq-platform-operator] [9fde0877] 22:19:28.602 [application-shutdown-thread] INFO  i.javaoperatorsdk.operator.Operator - Operator SDK 4.9.7 is shutting down...
2025-01-29 22:19:28,603 INFO c.h.h.t.HelmChartContainer - [K3S] [replica_set.go:679] "Finished syncing" kind="ReplicaSet" key="helmcustomsecretconfigit-operator/hivemq-test-hivemq-platform-operator-6966f96d65" duration="44.813µs"
2025-01-29 22:19:28,610 INFO c.h.h.t.HelmChartContainer - [EVENT] Normal [Killing] Stopping container hivemq-platform-operator [helmcustomsecretconfigit-operator:hivemq-test-hivemq-platform-operator-6966f96d65-smm6j]
2025-01-29 22:19:28,610 INFO c.h.h.t.HelmChartContainer - Received Killing event for container hivemq-platform-operator in pod hivemq-test-hivemq-platform-operator-6966f96d65-smm6j [9fde0877-52c2-46bd-9186-e2009659d248]
2025-01-29 22:19:28,610 INFO c.h.h.t.HelmChartContainer - Container [hivemq-test-hivemq-platform-operator-6966f96d65-smm6j] [hivemq-platform-operator] [9fde0877-52c2-46bd-9186-e2009659d248] was terminated
2025-01-29 22:19:28,610 INFO c.h.h.t.HelmChartContainer - Stopped log watcher for hivemq-platform-operator in pod hivemq-test-hivemq-platform-operator-6966f96d65-smm6j [9fde0877-52c2-46bd-9186-e2009659d248]
2025-01-29 22:19:29,132 INFO c.h.h.t.HelmChartContainer - [K3S] [reconciler_common.go:162] "operationExecutor.UnmountVolume started for volume \"kube-api-access-6phvn\" (UniqueName: \"kubernetes.io/projected/9fde0877-52c2-46bd-9186-e2009659d248-kube-api-access-6phvn\") pod \"9fde0877-52c2-46bd-9186-e2009659d248\" (UID: \"9fde0877-52c2-46bd-9186-e2009659d248\") "
2025-01-29 22:19:29,133 INFO c.h.h.t.HelmChartContainer - [K3S] [replica_set.go:679] "Finished syncing" kind="ReplicaSet" key="helmcustomsecretconfigit-operator/hivemq-test-hivemq-platform-operator-6966f96d65" duration="52.287µs"
2025-01-29 22:19:29,133 INFO c.h.h.t.HelmChartContainer - [POD] hivemq-test-hivemq-platform-operator-6966f96d65-smm6j [9fde0877-52c2-46bd-9186-e2009659d248] in helmcustomsecretconfigit-operator was MODIFIED
2025-01-29 22:19:29,183 INFO c.h.h.t.HelmChartContainer - [K3S] [scope.go:117] "RemoveContainer" containerID="fd74e577c6a869d9cfe4ab281cfa275a468902424a9ec5481214134ea849f88d"
2025-01-29 22:19:29,186 INFO c.h.h.t.HelmChartContainer - [K3S] [scope.go:117] "RemoveContainer" containerID="fd74e577c6a869d9cfe4ab281cfa275a468902424a9ec5481214134ea849f88d"
2025-01-29 22:19:29,194 INFO c.h.h.t.HelmChartContainer - [K3S] [replica_set.go:679] "Finished syncing" kind="ReplicaSet" key="helmcustomsecretconfigit-operator/hivemq-test-hivemq-platform-operator-6966f96d65" duration="47.299µs"
2025-01-29 22:19:29,195 INFO c.h.h.t.HelmChartContainer - [POD] hivemq-test-hivemq-platform-operator-6966f96d65-smm6j [9fde0877-52c2-46bd-9186-e2009659d248] in helmcustomsecretconfigit-operator was MODIFIED
2025-01-29 22:19:29,197 INFO c.h.h.t.HelmChartContainer - [POD] hivemq-test-hivemq-platform-operator-6966f96d65-smm6j [9fde0877-52c2-46bd-9186-e2009659d248] in helmcustomsecretconfigit-operator was DELETED
2025-01-29 22:19:29,197 INFO c.h.h.t.HelmChartContainer - [K3S] [replica_set.go:679] "Finished syncing" kind="ReplicaSet" key="helmcustomsecretconfigit-operator/hivemq-test-hivemq-platform-operator-6966f96d65" duration="53.85µs"
2025-01-29 22:19:29,208 INFO c.h.h.t.HelmChartContainer - [K3S] [replica_set.go:679] "Finished syncing" kind="ReplicaSet" key="helmcustomsecretconfigit-operator/hivemq-test-hivemq-platform-operator-6966f96d65" duration="5.822µs"
2025-01-29 22:19:29,233 INFO c.h.h.t.HelmChartContainer - [K3S] [reconciler_common.go:299] "Volume detached for volume \"kube-api-access-6phvn\" (UniqueName: \"kubernetes.io/projected/9fde0877-52c2-46bd-9186-e2009659d248-kube-api-access-6phvn\") on node \"8a91ea74c8b8\" DevicePath \"\""
2025-01-29 22:19:29,338 INFO c.h.h.t.HelmChartContainer - [K3S] [kubelet_volumes.go:163] "Cleaned up orphaned pod volumes dir" podUID="9fde0877-52c2-46bd-9186-e2009659d248" path="/var/lib/kubelet/pods/9fde0877-52c2-46bd-9186-e2009659d248/volumes"
2025-01-29 22:19:29,339 INFO c.h.h.t.HelmChartContainer - [K3S] [kubelet_volumes.go:163] "Cleaned up orphaned pod volumes dir" podUID="e8ba2cc3-a38e-4091-9318-f1de8603fe40" path="/var/lib/kubelet/pods/e8ba2cc3-a38e-4091-9318-f1de8603fe40/volumes"
2025-01-29 22:19:30,611 INFO c.h.h.t.HelmChartContainer - Deleting namespace 'helmcustomsecretconfigit-operator'...
2025-01-29 22:19:33,376 INFO c.h.h.t.HelmChartContainer - [K3S] [namespace_controller.go:187] "Namespace has been deleted" namespace="helmcustomsecretconfigit"
2025-01-29 22:19:35,830 INFO c.h.h.t.HelmChartContainer - Namespace 'helmcustomsecretconfigit-operator' deleted
2025-01-29 22:19:35,830 INFO c.h.h.t.HelmChartContainer - Release 'test-hivemq-platform-operator' in namespace 'helmcustomsecretconfigit-operator' is uninstalled
2025-01-29 22:19:36,642 INFO c.h.helmcharts.AbstractHelmChartIT - Removed unused containers:

2025-01-29 22:19:40,768 INFO c.h.h.t.HelmChartContainer - [K3S] [namespace_controller.go:187] "Namespace has been deleted" namespace="helmcustomsecretconfigit-operator"
2025-01-29 22:19:44,687 INFO c.h.helmcharts.AbstractHelmChartIT - Removed unused snapshots:
Removing snapshot sha256:03af251906410714c5aef9fa705b63f6bbc39c4a5e787de7361eeb18886c2ed2
Removing snapshot sha256:0c46b3b43cce082ce5ec34ffc6c294e0417d17b9d1e6f366d114b6aadc4f96dc
Removing snapshot sha256:0ce761beee59082d6ed5bcebd3a805b8ddd9b3426b617e4809e7fb7c6587ffec
Removing snapshot sha256:0df91287303208332c8ff6ba40ae4710105201739addbfbddfb955f1ad593664
Removing snapshot sha256:1021ef88c7974bfff89c5a0ec4fd3160daac6c48a075f74cff721f85dd104e68
Removing snapshot sha256:10aba4953ddc18145dd38e3704709bc464aa20af60b56fe52caaff4b68411e62
Removing snapshot sha256:2573e0d8158209ed54ab25c87bcdcb00bd3d2539246960a3d592a1c599d70465
Removing snapshot sha256:362a8a37f8bbc31925a8146adcf7cf51f9882f5c1dcbef67c5baa03a297543c0
Removing snapshot sha256:3fa4ad33f0ddc8fd45b39b6b4640f82a3a83619606cd975bfe89d8710ad2d4cd
Removing snapshot sha256:43a7c979bbaba6838bc3102d6b10a1459f3ab050b87ccdfef84ef90cf43d3058
Removing snapshot sha256:4ab04491cdf0d3267f08206fe30bd48f49f94b9cab2f016d6739220f722a64af
Removing snapshot sha256:4b6068250e89c96f263060261819c7d912855bfbd64b3eb4c4a8483299b8c295
Removing snapshot sha256:567e12c1d6a4822a69deeaed036b1f24af42a9f1c94295a0d3860b27776a8c8d
Removing snapshot sha256:580e69a0a8034ede1921139bbd2bfb72a69ebf276d008281896c32dd8bf74775
Removing snapshot sha256:5d30ba46b27fe37484567ccc5242cadc78217b8da605f3f195ef25cbf7487904
Removing snapshot sha256:63ca1fbb43ae5034640e5e6cb3e083e05c290072c5366fcaa9d62435a4cced85
Removing snapshot sha256:67f702c6baae873bceb19487c8b1f27bd2b86077e4f2f0e480e6d60ab508b8f5
Removing snapshot sha256:6864348dd42806d552efdec384f1274be15e2d0c10ce44c1f04347af004c10a9
Removing snapshot sha256:6c7dee8f2c39b84b7dc2711c01d33de93514d9055499173e9290176fbe484b6c
Removing snapshot sha256:82753493a6d61ded36556292f02f31841a14c20d2f279f19eaad65afb661d5cd
Removing snapshot sha256:8a10d3db42c505ee0fcfa98417bdd7e39b304f6bcc0a06bb1b220797ff2cc63c
Removing snapshot sha256:a0904247e36a7726c03c71ee48f3e64462021c88dafeb13f37fdaf613b27f11c
Removing snapshot sha256:a21e5b12dbac529ad45d976eb9ce45c881f3bedcc500fb30aba1e52aa1813418
Removing snapshot sha256:b921e6c28969094157f9b8e7244677780319637afd14450b7cb6b2fdea558a0c
Removing snapshot sha256:bc27ecb5769a00e309cf99ebc763c4a4b958b618d1decc96ffac5bc05f02f5b7
Removing snapshot sha256:be3ccb6627a5332e309d45ef461d09b4879dd870c7394d89323d0ebc6ca6aa8a
Removing snapshot sha256:c261f7cbbc64211ee175ee47273acdb7b1a36a4450b397a064a8f2c026490095
Removing snapshot sha256:c34d9393647eea0c9e3557ab988efaf59f61d10a2a5613b439ef0958cca5ec10
Removing snapshot sha256:ccf3c4a0fa967a41c1c83497a2ce6fa5787965859df0adb32c4ca2cf7490bc2b
Removing snapshot sha256:cf92d33f869417309692088c341cd0f223c178ea78a125f757317b22aa8f90e9
Removing snapshot sha256:d0037344cf2fb078884f1849f6a1f8cf9a33a3b6139b6a85833e5ee528e1f9a8
Removing snapshot sha256:d3b36d5b79273b1e98e7700470eaeff05a882e777124d84cebcc1505b85ecb36
Removing snapshot sha256:d4562df88430d729a5df40113882cab4ed57d39a9b3f6735342cef8ea362de66
Removing snapshot sha256:d65a44a37914602d12c611e5e22a50f11451d847e63015cc1c2aef92dee777a4
Removing snapshot sha256:e2dc0bae2455930f23ae570e019b7f32edc75c0f2d71cab084db837ff9051796
Removing snapshot sha256:eccbd24a99c60cd9e86ee5305dbfc4a4dc89f5ab4fb1f06c8d64797cecedef34
Removing snapshot sha256:f144bb4c7c7f0d2aa7eeffd36d934ec40db1ee167be727e326aad9fdc616f475

]]></system-out>
  </testcase>
  <system-out><![CDATA[2025-01-29 22:14:51,713 INFO c.h.h.t.HelmChartContainerExtension - Using cached HelmChartContainer instance
]]></system-out>
  <system-err><![CDATA[]]></system-err>
</testsuite>
