<?xml version="1.0" encoding="UTF-8"?>
<testsuite name="com.hivemq.helmcharts.securitycontext.HelmContainerSecurityContextUpgradePlatformIT" tests="2" skipped="0" failures="0" errors="0" timestamp="2025-01-28T20:40:31" hostname="fv-az805-899" time="440.333">
  <properties/>
  <testcase name="Operator values: (UID=0, GID=0, valuesFile='/files/operator-container-security-context-root-user-values.yaml') and Platform values: (UID=0, GID=0, valuesFile='/files/platform-container-security-context-root-user-values.yaml')" classname="com.hivemq.helmcharts.securitycontext.HelmContainerSecurityContextUpgradePlatformIT" time="221.891">
    <system-out><![CDATA[2025-01-28 20:40:31,173 INFO c.h.h.t.HelmChartContainer - Creating namespace 'helmcontainersecuritycontextupgradeplatformit-operator'...
2025-01-28 20:40:31,362 INFO c.h.h.t.HelmChartContainer - Namespace 'helmcontainersecuritycontextupgradeplatformit-operator' created
2025-01-28 20:40:31,362 INFO c.h.h.t.HelmChartContainer - [POD] coredns-ff8999cc5-fwtcl [8e2415fb-024b-478a-8900-a5a14acb4189] in kube-system was ADDED
2025-01-28 20:40:31,362 INFO c.h.h.t.HelmChartContainer - Creating namespace 'helmcontainersecuritycontextupgradeplatformit'...
2025-01-28 20:40:31,365 INFO c.h.h.t.HelmChartContainer - [POD] local-path-provisioner-698b58967b-2zf25 [76163ead-e31e-40ae-a6bc-3fd7a26e3e8b] in kube-system was ADDED
2025-01-28 20:40:31,368 INFO c.h.h.t.HelmChartContainer - [POD] metrics-server-8584b5786c-jnjw9 [fbef742d-c160-4e16-80c1-f9812219cf2d] in kube-system was ADDED
2025-01-28 20:40:31,373 INFO c.h.h.t.HelmChartContainer - Namespace 'helmcontainersecuritycontextupgradeplatformit' created
2025-01-28 20:40:31,452 DEBUG c.h.h.t.HelmChartContainer - Executing helm command: /bin/helm --kubeconfig /etc/rancher/k3s/k3s.yaml install test-hivemq-platform-operator /charts/hivemq-platform-operator --wait --timeout 5m0s --set image.repository=docker.io/hivemq --set image.name=hivemq-platform-operator-test --set image.initImageName=hivemq-platform-operator-init-test --set image.tag=snapshot --set image.pullPolicy=Never --set logLevel=DEBUG --set resources.cpu=512m -f /files/operator-container-security-context-root-user-values.yaml --namespace helmcontainersecuritycontextupgradeplatformit-operator
2025-01-28 20:40:33,829 INFO c.h.h.t.HelmChartContainer - [K3S] [alloc.go:330] "allocated clusterIPs" service="helmcontainersecuritycontextupgradeplatformit-operator/hivemq-platform-operator-test-hivemq-platform-operator" clusterIPs={"IPv4":"10.43.89.94"}
2025-01-28 20:40:33,847 INFO c.h.h.t.HelmChartContainer - [EVENT] Normal [ScalingReplicaSet] Scaled up replica set hivemq-test-hivemq-platform-operator-8669f546db from 0 to 1 [helmcontainersecuritycontextupgradeplatformit-operator:hivemq-test-hivemq-platform-operator]
2025-01-28 20:40:33,860 INFO c.h.h.t.HelmChartContainer - [EVENT] Normal [SuccessfulCreate] Created pod: hivemq-test-hivemq-platform-operator-8669f546db-rw4sh [helmcontainersecuritycontextupgradeplatformit-operator:hivemq-test-hivemq-platform-operator-8669f546db]
2025-01-28 20:40:33,861 INFO c.h.h.t.HelmChartContainer - [POD] hivemq-test-hivemq-platform-operator-8669f546db-rw4sh [13a66c66-0226-413a-b052-b4ebf8bdfcc7] in helmcontainersecuritycontextupgradeplatformit-operator was ADDED
2025-01-28 20:40:33,868 INFO c.h.h.t.HelmChartContainer - [K3S] [replica_set.go:679] "Finished syncing" kind="ReplicaSet" key="helmcontainersecuritycontextupgradeplatformit-operator/hivemq-test-hivemq-platform-operator-8669f546db" duration="23.80358ms"
2025-01-28 20:40:33,877 INFO c.h.h.t.HelmChartContainer - [POD] hivemq-test-hivemq-platform-operator-8669f546db-rw4sh [13a66c66-0226-413a-b052-b4ebf8bdfcc7] in helmcontainersecuritycontextupgradeplatformit-operator was MODIFIED
2025-01-28 20:40:33,888 INFO c.h.h.t.HelmChartContainer - [EVENT] Normal [Scheduled] Successfully assigned helmcontainersecuritycontextupgradeplatformit-operator/hivemq-test-hivemq-platform-operator-8669f546db-rw4sh to a4d7440200d1 [helmcontainersecuritycontextupgradeplatformit-operator:hivemq-test-hivemq-platform-operator-8669f546db-rw4sh]
2025-01-28 20:40:33,904 INFO c.h.h.t.HelmChartContainer - [K3S] [replica_set.go:679] "Finished syncing" kind="ReplicaSet" key="helmcontainersecuritycontextupgradeplatformit-operator/hivemq-test-hivemq-platform-operator-8669f546db" duration="36.711306ms"
2025-01-28 20:40:33,906 INFO c.h.h.t.HelmChartContainer - [POD] hivemq-test-hivemq-platform-operator-8669f546db-rw4sh [13a66c66-0226-413a-b052-b4ebf8bdfcc7] in helmcontainersecuritycontextupgradeplatformit-operator was MODIFIED
2025-01-28 20:40:33,921 INFO c.h.h.t.HelmChartContainer - [K3S] [replica_set.go:679] "Finished syncing" kind="ReplicaSet" key="helmcontainersecuritycontextupgradeplatformit-operator/hivemq-test-hivemq-platform-operator-8669f546db" duration="17.467203ms"
2025-01-28 20:40:33,921 INFO c.h.h.t.HelmChartContainer - [K3S] [replica_set.go:679] "Finished syncing" kind="ReplicaSet" key="helmcontainersecuritycontextupgradeplatformit-operator/hivemq-test-hivemq-platform-operator-8669f546db" duration="42.731µs"
2025-01-28 20:40:33,974 INFO c.h.h.t.HelmChartContainer - [K3S] [reconciler_common.go:251] "operationExecutor.VerifyControllerAttachedVolume started for volume \"kube-api-access-ldj4w\" (UniqueName: \"kubernetes.io/projected/13a66c66-0226-413a-b052-b4ebf8bdfcc7-kube-api-access-ldj4w\") pod \"hivemq-test-hivemq-platform-operator-8669f546db-rw4sh\" (UID: \"13a66c66-0226-413a-b052-b4ebf8bdfcc7\") " pod="helmcontainersecuritycontextupgradeplatformit-operator/hivemq-test-hivemq-platform-operator-8669f546db-rw4sh"
2025-01-28 20:40:34,268 INFO c.h.h.t.HelmChartContainer - [EVENT] Normal [Pulled] Container image "docker.io/hivemq/hivemq-platform-operator-test:snapshot" already present on machine [helmcontainersecuritycontextupgradeplatformit-operator:hivemq-test-hivemq-platform-operator-8669f546db-rw4sh]
2025-01-28 20:40:34,269 INFO c.h.h.t.HelmChartContainer - Received Pulled event for container hivemq-platform-operator in pod hivemq-test-hivemq-platform-operator-8669f546db-rw4sh [13a66c66-0226-413a-b052-b4ebf8bdfcc7]
2025-01-28 20:40:34,276 INFO c.h.h.t.HelmChartContainer - [EVENT] Normal [Created] Created container: hivemq-platform-operator [helmcontainersecuritycontextupgradeplatformit-operator:hivemq-test-hivemq-platform-operator-8669f546db-rw4sh]
2025-01-28 20:40:34,276 INFO c.h.h.t.HelmChartContainer - Received Created event for container hivemq-platform-operator in pod hivemq-test-hivemq-platform-operator-8669f546db-rw4sh [13a66c66-0226-413a-b052-b4ebf8bdfcc7]
2025-01-28 20:40:35,236 INFO c.h.h.t.HelmChartContainer - [K3S] [replica_set.go:679] "Finished syncing" kind="ReplicaSet" key="helmcontainersecuritycontextupgradeplatformit-operator/hivemq-test-hivemq-platform-operator-8669f546db" duration="45.916µs"
2025-01-28 20:40:35,245 INFO c.h.h.t.HelmChartContainer - [POD] hivemq-test-hivemq-platform-operator-8669f546db-rw4sh [13a66c66-0226-413a-b052-b4ebf8bdfcc7] in helmcontainersecuritycontextupgradeplatformit-operator was MODIFIED
2025-01-28 20:40:35,258 INFO c.h.h.t.HelmChartContainer - Started log watcher for hivemq-platform-operator in pod hivemq-test-hivemq-platform-operator-8669f546db-rw4sh [13a66c66-0226-413a-b052-b4ebf8bdfcc7]
2025-01-28 20:40:35,258 INFO c.h.h.t.HelmChartContainer - [EVENT] Normal [Started] Started container hivemq-platform-operator [helmcontainersecuritycontextupgradeplatformit-operator:hivemq-test-hivemq-platform-operator-8669f546db-rw4sh]
2025-01-28 20:40:35,259 INFO c.h.h.t.HelmChartContainer - Received Started event for container hivemq-platform-operator in pod hivemq-test-hivemq-platform-operator-8669f546db-rw4sh [13a66c66-0226-413a-b052-b4ebf8bdfcc7]
2025-01-28 20:40:35,259 INFO c.h.h.t.HelmChartContainer - [hivemq-test-hivemq-platform] [hivemq-platform-operator] [13a66c66] -------------------------------------------------------------------------
2025-01-28 20:40:35,259 INFO c.h.h.t.HelmChartContainer - [hivemq-test-hivemq-platform] [hivemq-platform-operator] [13a66c66] 
2025-01-28 20:40:35,259 INFO c.h.h.t.HelmChartContainer - [hivemq-test-hivemq-platform] [hivemq-platform-operator] [13a66c66]                   _    _  _              __  __   ____
2025-01-28 20:40:35,259 INFO c.h.h.t.HelmChartContainer - [hivemq-test-hivemq-platform] [hivemq-platform-operator] [13a66c66]                  | |  | |(_)            |  \/  | / __ \
2025-01-28 20:40:35,259 INFO c.h.h.t.HelmChartContainer - [hivemq-test-hivemq-platform] [hivemq-platform-operator] [13a66c66]                  | |__| | _ __   __ ___ | \  / || |  | |
2025-01-28 20:40:35,259 INFO c.h.h.t.HelmChartContainer - [hivemq-test-hivemq-platform] [hivemq-platform-operator] [13a66c66]                  |  __  || |\ \ / // _ \| |\/| || |  | |
2025-01-28 20:40:35,259 INFO c.h.h.t.HelmChartContainer - [hivemq-test-hivemq-platform] [hivemq-platform-operator] [13a66c66]                  | |  | || | \ V /|  __/| |  | || |__| |
2025-01-28 20:40:35,259 INFO c.h.h.t.HelmChartContainer - [hivemq-test-hivemq-platform] [hivemq-platform-operator] [13a66c66]                  |_|  |_||_|  \_/  \___||_|  |_| \___\_\
2025-01-28 20:40:35,259 INFO c.h.h.t.HelmChartContainer - [hivemq-test-hivemq-platform] [hivemq-platform-operator] [13a66c66] 
2025-01-28 20:40:35,259 INFO c.h.h.t.HelmChartContainer - [hivemq-test-hivemq-platform] [hivemq-platform-operator] [13a66c66] -------------------------------------------------------------------------
2025-01-28 20:40:35,259 INFO c.h.h.t.HelmChartContainer - [hivemq-test-hivemq-platform] [hivemq-platform-operator] [13a66c66] 
2025-01-28 20:40:35,259 INFO c.h.h.t.HelmChartContainer - [hivemq-test-hivemq-platform] [hivemq-platform-operator] [13a66c66]   HiveMQ Platform Operator Start Script v1.0
2025-01-28 20:40:35,259 INFO c.h.h.t.HelmChartContainer - [hivemq-test-hivemq-platform] [hivemq-platform-operator] [13a66c66] 
2025-01-28 20:40:35,259 INFO c.h.h.t.HelmChartContainer - [hivemq-test-hivemq-platform] [hivemq-platform-operator] [13a66c66] -------------------------------------------------------------------------
2025-01-28 20:40:35,259 INFO c.h.h.t.HelmChartContainer - [hivemq-test-hivemq-platform] [hivemq-platform-operator] [13a66c66] 
2025-01-28 20:40:35,259 INFO c.h.h.t.HelmChartContainer - [hivemq-test-hivemq-platform] [hivemq-platform-operator] [13a66c66]   JAVA_OPTS: -XX:+UnlockExperimentalVMOptions -XX:InitialRAMPercentage=75 -XX:MaxRAMPercentage=75 -Duser.language=en -Duser.region=US
2025-01-28 20:40:35,259 INFO c.h.h.t.HelmChartContainer - [hivemq-test-hivemq-platform] [hivemq-platform-operator] [13a66c66] 
2025-01-28 20:40:35,259 INFO c.h.h.t.HelmChartContainer - [hivemq-test-hivemq-platform] [hivemq-platform-operator] [13a66c66]   JAVA_VERSION: 21
2025-01-28 20:40:35,259 INFO c.h.h.t.HelmChartContainer - [hivemq-test-hivemq-platform] [hivemq-platform-operator] [13a66c66] 
2025-01-28 20:40:35,259 INFO c.h.h.t.HelmChartContainer - [hivemq-test-hivemq-platform] [hivemq-platform-operator] [13a66c66] -------------------------------------------------------------------------
2025-01-28 20:40:35,259 INFO c.h.h.t.HelmChartContainer - [hivemq-test-hivemq-platform] [hivemq-platform-operator] [13a66c66] 
2025-01-28 20:40:37,654 INFO c.h.h.t.HelmChartContainer - [hivemq-test-hivemq-platform] [hivemq-platform-operator] [13a66c66] 20:40:37.651 [main] DEBUG org.jboss.logging - Logging Provider: org.jboss.logging.Slf4jLoggerProvider
2025-01-28 20:40:37,797 INFO c.h.h.t.HelmChartContainer - [hivemq-test-hivemq-platform] [hivemq-platform-operator] [13a66c66] 20:40:37.794 [main] DEBUG io.smallrye.config - SRCFG01006: Loaded ConfigSource SysPropConfigSource with ordinal 400
2025-01-28 20:40:37,797 INFO c.h.h.t.HelmChartContainer - [hivemq-test-hivemq-platform] [hivemq-platform-operator] [13a66c66] 20:40:37.795 [main] DEBUG io.smallrye.config - SRCFG01006: Loaded ConfigSource EnvConfigSource with ordinal 300
2025-01-28 20:40:37,797 INFO c.h.h.t.HelmChartContainer - [hivemq-test-hivemq-platform] [hivemq-platform-operator] [13a66c66] 20:40:37.795 [main] DEBUG io.smallrye.config - SRCFG01006: Loaded ConfigSource PropertiesConfigSource[source=jar:file:///opt/hivemq-platform-operator/bin/hivemq-platform-operator.jar!/hivemq-platform-operator.properties] with ordinal 100
2025-01-28 20:40:37,797 INFO c.h.h.t.HelmChartContainer - [hivemq-test-hivemq-platform] [hivemq-platform-operator] [13a66c66] 20:40:37.795 [main] DEBUG io.smallrye.config - SRCFG01006: Loaded ConfigSource DefaultValuesConfigSource with ordinal -2147483648
2025-01-28 20:40:37,898 INFO c.h.h.t.HelmChartContainer - [hivemq-test-hivemq-platform] [hivemq-platform-operator] [13a66c66] 20:40:37.897 [main] DEBUG i.m.c.u.i.l.InternalLoggerFactory - Using SLF4J as the default logging framework
2025-01-28 20:40:38,054 INFO c.h.h.t.HelmChartContainer - [hivemq-test-hivemq-platform] [hivemq-platform-operator] [13a66c66] 20:40:38.003 [main] INFO  c.h.p.o.HiveMQPlatformOperatorApplication - HiveMQ Platform Operator 1.7.0-SNAPSHOT (commit: bebf408 on branch: HEAD) built on Sun Jan 26 20:47:47 UTC 2025
2025-01-28 20:40:38,055 INFO c.h.h.t.HelmChartContainer - [hivemq-test-hivemq-platform] [hivemq-platform-operator] [13a66c66] 20:40:38.053 [main] INFO  c.h.p.o.HiveMQPlatformOperatorApplication - HiveMQ Platform Operator is running in namespace: helmcontainersecuritycontextupgradeplatformit-operator
2025-01-28 20:40:38,055 INFO c.h.h.t.HelmChartContainer - [hivemq-test-hivemq-platform] [hivemq-platform-operator] [13a66c66] 20:40:38.053 [main] INFO  c.h.p.o.HiveMQPlatformOperatorApplication - Watching all namespaces
2025-01-28 20:40:38,055 INFO c.h.h.t.HelmChartContainer - [hivemq-test-hivemq-platform] [hivemq-platform-operator] [13a66c66] 20:40:38.053 [main] INFO  c.h.p.o.HiveMQPlatformOperatorApplication - Log level: DEBUG
2025-01-28 20:40:38,055 INFO c.h.h.t.HelmChartContainer - [hivemq-test-hivemq-platform] [hivemq-platform-operator] [13a66c66] 20:40:38.053 [main] INFO  c.h.p.o.HiveMQPlatformOperatorApplication - Release name: test-hivemq-platform-operator
2025-01-28 20:40:38,055 INFO c.h.h.t.HelmChartContainer - [hivemq-test-hivemq-platform] [hivemq-platform-operator] [13a66c66] 20:40:38.053 [main] INFO  c.h.p.o.HiveMQPlatformOperatorApplication - HiveMQ Platform Operator Init image: docker.io/hivemq/hivemq-platform-operator-init-test:snapshot
2025-01-28 20:40:38,055 INFO c.h.h.t.HelmChartContainer - [hivemq-test-hivemq-platform] [hivemq-platform-operator] [13a66c66] 20:40:38.053 [main] INFO  c.h.p.o.HiveMQPlatformOperatorApplication - HiveMQ Platform Operator Init App update URL: http://hivemq-platform-operator-test-hivemq-platform-operator.helmcontainersecuritycontextupgradeplatformit-operator.svc:8080/initAppUpdate/hivemq-platform-operator-init-app-1.7.0-SNAPSHOT.jar
2025-01-28 20:40:38,055 INFO c.h.h.t.HelmChartContainer - [hivemq-test-hivemq-platform] [hivemq-platform-operator] [13a66c66] 20:40:38.054 [main] INFO  c.h.p.o.HiveMQPlatformOperatorApplication - Additional imagePullSecret for all Platform deployments: none
2025-01-28 20:40:38,055 INFO c.h.h.t.HelmChartContainer - [hivemq-test-hivemq-platform] [hivemq-platform-operator] [13a66c66] 20:40:38.054 [main] INFO  c.h.p.o.HiveMQPlatformOperatorApplication - Apply HiveMQ Platform CRD: true
2025-01-28 20:40:38,055 INFO c.h.h.t.HelmChartContainer - [hivemq-test-hivemq-platform] [hivemq-platform-operator] [13a66c66] 20:40:38.054 [main] INFO  c.h.p.o.HiveMQPlatformOperatorApplication - Create Platform ServiceAccount: true
2025-01-28 20:40:38,055 INFO c.h.h.t.HelmChartContainer - [hivemq-test-hivemq-platform] [hivemq-platform-operator] [13a66c66] 20:40:38.054 [main] INFO  c.h.p.o.HiveMQPlatformOperatorApplication - Create Platform ServiceAccount permissions: true
2025-01-28 20:40:38,055 INFO c.h.h.t.HelmChartContainer - [hivemq-test-hivemq-platform] [hivemq-platform-operator] [13a66c66] 20:40:38.054 [main] INFO  c.h.p.o.HiveMQPlatformOperatorApplication - Validate Platform ServiceAccount: true
2025-01-28 20:40:38,056 INFO c.h.h.t.HelmChartContainer - [hivemq-test-hivemq-platform] [hivemq-platform-operator] [13a66c66] 20:40:38.054 [main] INFO  c.h.p.o.HiveMQPlatformOperatorApplication - Validate Platform ServiceAccount permissions: true
2025-01-28 20:40:38,192 INFO c.h.h.t.HelmChartContainer - [hivemq-test-hivemq-platform] [hivemq-platform-operator] [13a66c66] 20:40:38.191 [main] INFO  c.h.platform.operator.util.CRDUtil - Verifying deployed HiveMQ Platform CRD...
2025-01-28 20:40:38,225 INFO c.h.h.t.HelmChartContainer - [POD] metrics-server-8584b5786c-jnjw9 [fbef742d-c160-4e16-80c1-f9812219cf2d] in kube-system was MODIFIED
2025-01-28 20:40:38,232 INFO c.h.h.t.HelmChartContainer - [K3S] [replica_set.go:679] "Finished syncing" kind="ReplicaSet" key="kube-system/metrics-server-8584b5786c" duration="7.803596ms"
2025-01-28 20:40:38,232 INFO c.h.h.t.HelmChartContainer - [K3S] [replica_set.go:679] "Finished syncing" kind="ReplicaSet" key="kube-system/metrics-server-8584b5786c" duration="38.863µs"
2025-01-28 20:40:40,802 INFO c.h.h.t.HelmChartContainer - [hivemq-test-hivemq-platform] [hivemq-platform-operator] [13a66c66] 20:40:40.800 [main] DEBUG c.h.platform.operator.util.CRDUtil - HiveMQ Platform CRD version v1 is up to date
2025-01-28 20:40:40,803 INFO c.h.h.t.HelmChartContainer - [hivemq-test-hivemq-platform] [hivemq-platform-operator] [13a66c66] 20:40:40.800 [main] INFO  c.h.platform.operator.util.CRDUtil - HiveMQ Platform CRD is up to date (version: V1_6_0)
2025-01-28 20:40:40,803 INFO c.h.h.t.HelmChartContainer - [hivemq-test-hivemq-platform] [hivemq-platform-operator] [13a66c66] 20:40:40.801 [main] INFO  c.h.platform.operator.util.CRDUtil - Waiting 10000 ms for HiveMQ Platform CRD 'hivemq-platforms.hivemq.com' to become ready...
2025-01-28 20:40:41,195 INFO c.h.h.t.HelmChartContainer - [hivemq-test-hivemq-platform] [hivemq-platform-operator] [13a66c66] 20:40:41.193 [vert.x-eventloop-thread-1] DEBUG c.h.platform.operator.util.CRDUtil - Checking CRD condition 'NamesAccepted' (status: 'True')
2025-01-28 20:40:41,196 INFO c.h.h.t.HelmChartContainer - [hivemq-test-hivemq-platform] [hivemq-platform-operator] [13a66c66] 20:40:41.194 [vert.x-eventloop-thread-1] DEBUG c.h.platform.operator.util.CRDUtil - Checking CRD condition 'Established' (status: 'True')
2025-01-28 20:40:41,196 INFO c.h.h.t.HelmChartContainer - [hivemq-test-hivemq-platform] [hivemq-platform-operator] [13a66c66] 20:40:41.194 [main] INFO  c.h.platform.operator.util.CRDUtil - HiveMQ Platform CRD 'hivemq-platforms.hivemq.com' is ready
2025-01-28 20:40:41,405 INFO c.h.h.t.HelmChartContainer - [hivemq-test-hivemq-platform] [hivemq-platform-operator] [13a66c66] 20:40:41.403 [main] INFO  c.h.p.o.HiveMQPlatformReconciler - HiveMQ Platform Operator is starting...
2025-01-28 20:40:41,592 INFO c.h.h.t.HelmChartContainer - [hivemq-test-hivemq-platform] [hivemq-platform-operator] [13a66c66] 20:40:41.590 [main] WARN  Default ConfigurationService implementation - Configuration for reconciler 'hivemq-controller' was not found. Known reconcilers: None.
2025-01-28 20:40:41,600 INFO c.h.h.t.HelmChartContainer - [hivemq-test-hivemq-platform] [hivemq-platform-operator] [13a66c66] 20:40:41.599 [main] INFO  Default ConfigurationService implementation - Created configuration for reconciler com.hivemq.platform.operator.HiveMQPlatformReconciler with name hivemq-controller
2025-01-28 20:40:41,704 INFO c.h.h.t.HelmChartContainer - [hivemq-test-hivemq-platform] [hivemq-platform-operator] [13a66c66] 20:40:41.703 [main] DEBUG c.h.p.o.HiveMQPlatformReconciler - HiveMQ Platform Operator is preparing EventSources
2025-01-28 20:40:41,798 INFO c.h.h.t.HelmChartContainer - [hivemq-test-hivemq-platform] [hivemq-platform-operator] [13a66c66] 20:40:41.797 [main] INFO  i.javaoperatorsdk.operator.Operator - Registered reconciler: 'hivemq-controller' for resource: 'class com.hivemq.platform.operator.v1.HiveMQPlatform' for namespace(s): [all namespaces]
2025-01-28 20:40:42,392 INFO c.h.h.t.HelmChartContainer - [hivemq-test-hivemq-platform] [hivemq-platform-operator] [13a66c66] 20:40:42.391 [main] INFO  c.h.p.operator.webserver.JettyServer - Starting Jetty server on port 8080
2025-01-28 20:40:42,454 INFO c.h.h.t.HelmChartContainer - [hivemq-test-hivemq-platform] [hivemq-platform-operator] [13a66c66] 20:40:42.452 [main] INFO  i.javaoperatorsdk.operator.Operator - Operator SDK 4.9.7 (commit: 2133d28) built on Wed Nov 20 12:56:20 UTC 2024 starting...
2025-01-28 20:40:42,454 INFO c.h.h.t.HelmChartContainer - [hivemq-test-hivemq-platform] [hivemq-platform-operator] [13a66c66] 20:40:42.453 [main] INFO  i.javaoperatorsdk.operator.Operator - Client version: 6.13.4
2025-01-28 20:40:42,455 INFO c.h.h.t.HelmChartContainer - [hivemq-test-hivemq-platform] [hivemq-platform-operator] [13a66c66] 20:40:42.454 [Controller Starter for: hivemq-controller] INFO  i.j.operator.processing.Controller - Starting 'hivemq-controller' controller for reconciler: com.hivemq.platform.operator.HiveMQPlatformReconciler, resource: com.hivemq.platform.operator.v1.HiveMQPlatform
2025-01-28 20:40:42,849 INFO c.h.h.t.HelmChartContainer - [K3S] [range_allocator.go:247] "Successfully synced" key="a4d7440200d1"
2025-01-28 20:40:45,153 INFO c.h.h.t.HelmChartContainer - [hivemq-test-hivemq-platform] [hivemq-platform-operator] [13a66c66] 20:40:45.152 [Controller Starter for: hivemq-controller] INFO  i.j.operator.processing.Controller - 'hivemq-controller' controller started
2025-01-28 20:40:45,154 INFO c.h.h.t.HelmChartContainer - [hivemq-test-hivemq-platform] [hivemq-platform-operator] [13a66c66] 20:40:45.152 [main] INFO  c.h.p.o.HiveMQPlatformOperatorApplication - HiveMQ Platform Operator 1.7.0-SNAPSHOT started in 7149 ms
2025-01-28 20:40:46,247 INFO c.h.h.t.HelmChartContainer - [POD] hivemq-test-hivemq-platform-operator-8669f546db-rw4sh [13a66c66-0226-413a-b052-b4ebf8bdfcc7] in helmcontainersecuritycontextupgradeplatformit-operator was MODIFIED
2025-01-28 20:40:46,260 INFO c.h.h.t.HelmChartContainer - [K3S] [replica_set.go:679] "Finished syncing" kind="ReplicaSet" key="helmcontainersecuritycontextupgradeplatformit-operator/hivemq-test-hivemq-platform-operator-8669f546db" duration="17.935635ms"
2025-01-28 20:40:46,260 INFO c.h.h.t.HelmChartContainer - [K3S] [replica_set.go:679] "Finished syncing" kind="ReplicaSet" key="helmcontainersecuritycontextupgradeplatformit-operator/hivemq-test-hivemq-platform-operator-8669f546db" duration="48.962µs"
2025-01-28 20:40:47,913 INFO com.hivemq.helmcharts.util.K8sUtil - Pod 'hivemq-test-hivemq-platform-operator-8669f546db-rw4sh' is ready
2025-01-28 20:40:48,018 DEBUG com.hivemq.helmcharts.util.PodUtil - Received status for command '[sh, -c, stat -c "%u:%g" /proc/1]' on pod 'hivemq-test-hivemq-platform-operator-8669f546db-rw4sh' (exit code: 0)
2025-01-28 20:40:48,086 DEBUG c.h.h.t.HelmChartContainer - Executing helm command: /bin/helm --kubeconfig /etc/rancher/k3s/k3s.yaml install test-hivemq-platform /charts/hivemq-platform --wait --timeout 5m0s --set image.repository=docker.io/hivemq --set image.tag=4.36.0 --set image.pullPolicy=Never --set nodes.resources.cpu=512m -f /files/platform-container-security-context-root-user-values.yaml --namespace helmcontainersecuritycontextupgradeplatformit
2025-01-28 20:40:48,325 INFO c.h.h.t.HelmChartContainer - [hivemq-test-hivemq-platform] [hivemq-platform-operator] [13a66c66] 20:40:48.324 [-373097727-pool-1-thread-3] WARN  i.m.p.PrometheusMeterRegistry - The meter (MeterId{name='operator.sdk.events.received', tags=[tag(action=ADDED),tag(event=ResourceEvent),tag(group=hivemq.com),tag(kind=HiveMQPlatform),tag(name=test-hivemq-platform),tag(namespace=helmcontainersecuritycontextupgradeplatformit),tag(scope=namespace),tag(version=v1)]}) registration has failed: Prometheus requires that all meters with the same name have the same set of tag keys. There is already an existing meter named 'operator.sdk.events.received' containing tag keys [event, group, kind, name, namespace, scope, version]. The meter you are attempting to register has keys [action, event, group, kind, name, namespace, scope, version]. Note that subsequent logs will be logged at debug level.
2025-01-28 20:40:48,801 INFO c.h.h.t.HelmChartContainer - [hivemq-test-hivemq-platform] [hivemq-platform-operator] [13a66c66] 20:40:48.795 [pool-6-thread-3] DEBUG c.h.p.o.dependants.PodInfoConfigMap - [helmcont] Desired PodInfo ConfigMap (1 extensions) (1 enabled)
2025-01-28 20:40:48,801 INFO c.h.h.t.HelmChartContainer - [hivemq-test-hivemq-platform] [hivemq-platform-operator] [13a66c66] 20:40:48.796 [pool-6-thread-3] DEBUG c.h.p.o.dependants.PodInfoConfigMap - [helmcont] Desired PodInfo ConfigMap (metrics port: 9399) (metrics path: /)
2025-01-28 20:40:48,801 INFO c.h.h.t.HelmChartContainer - [hivemq-test-hivemq-platform] [hivemq-platform-operator] [13a66c66] 20:40:48.796 [pool-6-thread-3] DEBUG c.h.p.o.dependants.PodInfoConfigMap - [helmcont] Desired PodInfo ConfigMap (extension state hash: -1817474005)
2025-01-28 20:40:48,802 INFO c.h.h.t.HelmChartContainer - [hivemq-test-hivemq-platform] [hivemq-platform-operator] [13a66c66] 20:40:48.799 [pool-6-thread-3] DEBUG c.h.p.o.dependants.PodInfoConfigMap - [helmcont] Create PodInfo ConfigMap
2025-01-28 20:40:48,902 INFO c.h.h.t.HelmChartContainer - [hivemq-test-hivemq-platform] [hivemq-platform-operator] [13a66c66] 20:40:48.897 [pool-6-thread-5] DEBUG c.h.p.o.dependants.PodRoleResource - [helmcont] Create Role: Role(apiVersion=rbac.authorization.k8s.io/v1, kind=Role, metadata=ObjectMeta(annotations={meta.helm.sh/release-name=test-hivemq-platform, meta.helm.sh/release-namespace=helmcontainersecuritycontextupgradeplatformit}, creationTimestamp=null, deletionGracePeriodSeconds=null, deletionTimestamp=null, finalizers=[], generateName=null, generation=null, labels={helm.sh/chart=hivemq-platform-0.2.32, app.kubernetes.io/managed-by=Helm, app.kubernetes.io/name=hivemq-platform, hivemq-platform=test-hivemq-platform, app.kubernetes.io/instance=test-hivemq-platform, app.kubernetes.io/version=4.36.0}, managedFields=[], name=hivemq-platform-role-test-hivemq-platform, namespace=helmcontainersecuritycontextupgradeplatformit, ownerReferences=[OwnerReference(apiVersion=hivemq.com/v1, blockOwnerDeletion=null, controller=null, kind=HiveMQPlatform, name=test-hivemq-platform, uid=75614e62-785f-499b-ad3d-fa2646372d11, additionalProperties={})], resourceVersion=null, selfLink=null, uid=null, additionalProperties={}), rules=[PolicyRule(apiGroups=[], nonResourceURLs=[], resourceNames=[], resources=[pods], verbs=[get, patch, update], additionalProperties={})], additionalProperties={})
2025-01-28 20:40:49,094 INFO c.h.h.t.HelmChartContainer - [hivemq-test-hivemq-platform] [hivemq-platform-operator] [13a66c66] 20:40:49.007 [pool-6-thread-7] DEBUG c.h.p.o.d.PodServiceAccountResource - [helmcont] Desired PodServiceAccountResource (serviceAccountName: hivemq-platform-pod-test-hivemq-platform)
2025-01-28 20:40:49,094 INFO c.h.h.t.HelmChartContainer - [hivemq-test-hivemq-platform] [hivemq-platform-operator] [13a66c66] 20:40:49.091 [pool-6-thread-7] DEBUG c.h.p.o.d.PodServiceAccountResource - [helmcont] Create ServiceAccount 'hivemq-platform-pod-test-hivemq-platform'
2025-01-28 20:40:49,193 INFO c.h.h.t.HelmChartContainer - [hivemq-test-hivemq-platform] [hivemq-platform-operator] [13a66c66] 20:40:49.192 [pool-6-thread-10] DEBUG c.h.p.o.d.PodRoleBindingResource - [helmcont] Create RoleBinding: RoleBinding(apiVersion=rbac.authorization.k8s.io/v1, kind=RoleBinding, metadata=ObjectMeta(annotations={meta.helm.sh/release-name=test-hivemq-platform, meta.helm.sh/release-namespace=helmcontainersecuritycontextupgradeplatformit}, creationTimestamp=null, deletionGracePeriodSeconds=null, deletionTimestamp=null, finalizers=[], generateName=null, generation=null, labels={helm.sh/chart=hivemq-platform-0.2.32, app.kubernetes.io/managed-by=Helm, app.kubernetes.io/name=hivemq-platform, hivemq-platform=test-hivemq-platform, app.kubernetes.io/instance=test-hivemq-platform, app.kubernetes.io/version=4.36.0}, managedFields=[], name=hivemq-platform-role-binding-test-hivemq-platform, namespace=helmcontainersecuritycontextupgradeplatformit, ownerReferences=[OwnerReference(apiVersion=hivemq.com/v1, blockOwnerDeletion=null, controller=null, kind=HiveMQPlatform, name=test-hivemq-platform, uid=75614e62-785f-499b-ad3d-fa2646372d11, additionalProperties={})], resourceVersion=null, selfLink=null, uid=null, additionalProperties={}), roleRef=RoleRef(apiGroup=rbac.authorization.k8s.io, kind=Role, name=hivemq-platform-role-test-hivemq-platform, additionalProperties={}), subjects=[Subject(apiGroup=null, kind=ServiceAccount, name=hivemq-platform-pod-test-hivemq-platform, namespace=helmcontainersecuritycontextupgradeplatformit, additionalProperties={})], additionalProperties={})
2025-01-28 20:40:49,215 INFO c.h.h.t.HelmChartContainer - [hivemq-test-hivemq-platform] [hivemq-platform-operator] [13a66c66] 20:40:49.213 [ReconcilerExecutor-hivemq-controller-54] INFO  c.h.p.o.HiveMQPlatformReconciler - [helmcont] Reconciling HiveMQ Platform 'test-hivemq-platform' in namespace 'helmcontainersecuritycontextupgradeplatformit'
2025-01-28 20:40:49,215 INFO c.h.h.t.HelmChartContainer - [hivemq-test-hivemq-platform] [hivemq-platform-operator] [13a66c66] 20:40:49.214 [ReconcilerExecutor-hivemq-controller-54] DEBUG c.h.p.o.HiveMQPlatformReconciler - [helmcont] Custom Resource Status CREATED - HiveMQ Platform was created (READY)
2025-01-28 20:40:49,215 INFO c.h.h.t.HelmChartContainer - [hivemq-test-hivemq-platform] [hivemq-platform-operator] [13a66c66] 20:40:49.214 [ReconcilerExecutor-hivemq-controller-54] DEBUG c.h.p.o.HiveMQPlatformReconciler - [helmcont] Custom Resource Spec (replicas: 1) (extensions: 1)
2025-01-28 20:40:49,219 INFO c.h.h.t.HelmChartContainer - [hivemq-test-hivemq-platform] [hivemq-platform-operator] [13a66c66] 20:40:49.218 [ReconcilerExecutor-hivemq-controller-54] INFO  c.h.p.o.h.HiveMQPlatformReconcilerBaseHandler - [helmcont] HiveMQ Platform is starting
2025-01-28 20:40:49,317 INFO c.h.h.t.HelmChartContainer - [hivemq-test-hivemq-platform] [hivemq-platform-operator] [13a66c66] 20:40:49.315 [ReconcilerExecutor-hivemq-controller-54] DEBUG c.h.p.operator.event.EventSender - [helmcont] Creating K8s event hivemq-platform-starting: [Start] HiveMQ Platform is starting
2025-01-28 20:40:49,396 INFO c.h.h.t.HelmChartContainer - [EVENT] Normal [Start] HiveMQ Platform is starting [helmcontainersecuritycontextupgradeplatformit:test-hivemq-platform]
2025-01-28 20:40:49,402 INFO c.h.h.t.HelmChartContainer - [hivemq-test-hivemq-platform] [hivemq-platform-operator] [13a66c66] 20:40:49.400 [ReconcilerExecutor-hivemq-controller-54] INFO  c.h.p.o.h.AbstractHiveMQReconcilerStateHandler - [helmcont] Update HiveMQ Platform Status (CREATED [READY] -> STARTING [READY]): HiveMQ Platform is starting
2025-01-28 20:40:49,502 DEBUG com.hivemq.helmcharts.util.K8sUtil - Comparing actual state 'STARTING' and waiting for 'RUNNING'
2025-01-28 20:40:59,512 INFO c.h.h.t.HelmChartContainer - [hivemq-test-hivemq-platform] [hivemq-platform-operator] [13a66c66] 20:40:59.508 [pool-6-thread-12] DEBUG c.h.p.o.d.PlatformServiceResource - [helmcont] Desired Platform services (3 services)
2025-01-28 20:40:59,512 INFO c.h.h.t.HelmChartContainer - [hivemq-test-hivemq-platform] [hivemq-platform-operator] [13a66c66] 20:40:59.512 [pool-6-thread-13] DEBUG c.h.p.o.dependants.PodInfoConfigMap - [helmcont] Desired PodInfo ConfigMap (1 extensions) (1 enabled)
2025-01-28 20:40:59,514 INFO c.h.h.t.HelmChartContainer - [hivemq-test-hivemq-platform] [hivemq-platform-operator] [13a66c66] 20:40:59.513 [pool-6-thread-13] DEBUG c.h.p.o.dependants.PodInfoConfigMap - [helmcont] Desired PodInfo ConfigMap (metrics port: 9399) (metrics path: /)
2025-01-28 20:40:59,516 INFO c.h.h.t.HelmChartContainer - [hivemq-test-hivemq-platform] [hivemq-platform-operator] [13a66c66] 20:40:59.514 [pool-6-thread-13] DEBUG c.h.p.o.dependants.PodInfoConfigMap - [helmcont] Desired PodInfo ConfigMap (extension state hash: -1817474005)
2025-01-28 20:40:59,519 INFO c.h.h.t.HelmChartContainer - [hivemq-test-hivemq-platform] [hivemq-platform-operator] [13a66c66] 20:40:59.514 [pool-6-thread-17] DEBUG c.h.p.o.d.PodServiceAccountResource - [helmcont] Desired PodServiceAccountResource (serviceAccountName: hivemq-platform-pod-test-hivemq-platform)
2025-01-28 20:40:59,523 INFO c.h.h.t.HelmChartContainer - [hivemq-test-hivemq-platform] [hivemq-platform-operator] [13a66c66] 20:40:59.522 [pool-6-thread-13] DEBUG c.h.p.o.dependants.PodInfoConfigMap - [helmcont] Update PodInfo ConfigMap
2025-01-28 20:40:59,531 INFO c.h.h.t.HelmChartContainer - [K3S] [alloc.go:330] "allocated clusterIPs" service="helmcontainersecuritycontextupgradeplatformit/hivemq-test-hivemq-platform-metrics-9399" clusterIPs={"IPv4":"10.43.253.46"}
2025-01-28 20:40:59,603 INFO c.h.h.t.HelmChartContainer - [K3S] [alloc.go:330] "allocated clusterIPs" service="helmcontainersecuritycontextupgradeplatformit/hivemq-test-hivemq-platform-mqtt-1883" clusterIPs={"IPv4":"10.43.131.127"}
2025-01-28 20:40:59,616 INFO c.h.h.t.HelmChartContainer - [K3S] [alloc.go:330] "allocated clusterIPs" service="helmcontainersecuritycontextupgradeplatformit/hivemq-test-hivemq-platform-cc-8080" clusterIPs={"IPv4":"10.43.199.13"}
2025-01-28 20:40:59,695 INFO c.h.h.t.HelmChartContainer - [hivemq-test-hivemq-platform] [hivemq-platform-operator] [13a66c66] 20:40:59.693 [pool-6-thread-20] DEBUG c.h.p.o.d.StatefulSetResource - [helmcont] Desired StatefulSet (1 replicas) for status STARTING (READY)
2025-01-28 20:40:59,709 INFO c.h.h.t.HelmChartContainer - [hivemq-test-hivemq-platform] [hivemq-platform-operator] [13a66c66] 20:40:59.708 [pool-6-thread-20] DEBUG c.h.p.o.d.StatefulSetResource - [helmcont] Create StatefulSet
2025-01-28 20:40:59,825 INFO c.h.h.t.HelmChartContainer - [POD] test-hivemq-platform-0 [98ee0fbb-7b30-4379-8eea-e5899cefded5] in helmcontainersecuritycontextupgradeplatformit was ADDED
2025-01-28 20:40:59,826 INFO c.h.h.t.HelmChartContainer - [EVENT] Normal [SuccessfulCreate] create Pod test-hivemq-platform-0 in StatefulSet test-hivemq-platform successful [helmcontainersecuritycontextupgradeplatformit:test-hivemq-platform]
2025-01-28 20:40:59,833 INFO c.h.h.t.HelmChartContainer - [POD] test-hivemq-platform-0 [98ee0fbb-7b30-4379-8eea-e5899cefded5] in helmcontainersecuritycontextupgradeplatformit was MODIFIED
2025-01-28 20:40:59,834 INFO c.h.h.t.HelmChartContainer - [EVENT] Normal [Scheduled] Successfully assigned helmcontainersecuritycontextupgradeplatformit/test-hivemq-platform-0 to a4d7440200d1 [helmcontainersecuritycontextupgradeplatformit:test-hivemq-platform-0]
2025-01-28 20:40:59,843 INFO c.h.h.t.HelmChartContainer - [POD] test-hivemq-platform-0 [98ee0fbb-7b30-4379-8eea-e5899cefded5] in helmcontainersecuritycontextupgradeplatformit was MODIFIED
2025-01-28 20:40:59,902 INFO c.h.h.t.HelmChartContainer - [hivemq-test-hivemq-platform] [hivemq-platform-operator] [13a66c66] 20:40:59.900 [ReconcilerExecutor-hivemq-controller-65] INFO  c.h.p.o.HiveMQPlatformReconciler - [helmcont] Reconciling HiveMQ Platform 'test-hivemq-platform' in namespace 'helmcontainersecuritycontextupgradeplatformit'
2025-01-28 20:40:59,903 INFO c.h.h.t.HelmChartContainer - [hivemq-test-hivemq-platform] [hivemq-platform-operator] [13a66c66] 20:40:59.901 [ReconcilerExecutor-hivemq-controller-65] DEBUG c.h.p.o.HiveMQPlatformReconciler - [helmcont] Custom Resource Status STARTING - HiveMQ Platform is starting (READY)
2025-01-28 20:40:59,903 INFO c.h.h.t.HelmChartContainer - [hivemq-test-hivemq-platform] [hivemq-platform-operator] [13a66c66] 20:40:59.902 [ReconcilerExecutor-hivemq-controller-65] DEBUG c.h.p.o.HiveMQPlatformReconciler - [helmcont] Custom Resource Spec (replicas: 1) (extensions: 1)
2025-01-28 20:40:59,906 INFO c.h.h.t.HelmChartContainer - [hivemq-test-hivemq-platform] [hivemq-platform-operator] [13a66c66] 20:40:59.906 [ReconcilerExecutor-hivemq-controller-65] DEBUG c.h.p.o.HiveMQPlatformReconciler - [helmcont] StatefulSet Status (revision: test-hivemq-platform-5fb49467b6, replicas: 1, available: 0, ready: 0, current: 1, updated: 1)
2025-01-28 20:40:59,907 INFO c.h.h.t.HelmChartContainer - [hivemq-test-hivemq-platform] [hivemq-platform-operator] [13a66c66] 20:40:59.906 [ReconcilerExecutor-hivemq-controller-65] DEBUG c.h.p.o.HiveMQPlatformReconciler - [helmcont] StatefulSet Spec (replicas: 1, init containers: 1, containers: 1, volumes: 3)
2025-01-28 20:40:59,927 INFO c.h.h.t.HelmChartContainer - [K3S] [reconciler_common.go:251] "operationExecutor.VerifyControllerAttachedVolume started for volume \"pod-info\" (UniqueName: \"kubernetes.io/configmap/98ee0fbb-7b30-4379-8eea-e5899cefded5-pod-info\") pod \"test-hivemq-platform-0\" (UID: \"98ee0fbb-7b30-4379-8eea-e5899cefded5\") " pod="helmcontainersecuritycontextupgradeplatformit/test-hivemq-platform-0"
2025-01-28 20:40:59,927 INFO c.h.h.t.HelmChartContainer - [K3S] [reconciler_common.go:251] "operationExecutor.VerifyControllerAttachedVolume started for volume \"broker-configuration\" (UniqueName: \"kubernetes.io/configmap/98ee0fbb-7b30-4379-8eea-e5899cefded5-broker-configuration\") pod \"test-hivemq-platform-0\" (UID: \"98ee0fbb-7b30-4379-8eea-e5899cefded5\") " pod="helmcontainersecuritycontextupgradeplatformit/test-hivemq-platform-0"
2025-01-28 20:40:59,927 INFO c.h.h.t.HelmChartContainer - [K3S] [reconciler_common.go:251] "operationExecutor.VerifyControllerAttachedVolume started for volume \"operator-init\" (UniqueName: \"kubernetes.io/empty-dir/98ee0fbb-7b30-4379-8eea-e5899cefded5-operator-init\") pod \"test-hivemq-platform-0\" (UID: \"98ee0fbb-7b30-4379-8eea-e5899cefded5\") " pod="helmcontainersecuritycontextupgradeplatformit/test-hivemq-platform-0"
2025-01-28 20:40:59,927 INFO c.h.h.t.HelmChartContainer - [K3S] [reconciler_common.go:251] "operationExecutor.VerifyControllerAttachedVolume started for volume \"kube-api-access-8hnkh\" (UniqueName: \"kubernetes.io/projected/98ee0fbb-7b30-4379-8eea-e5899cefded5-kube-api-access-8hnkh\") pod \"test-hivemq-platform-0\" (UID: \"98ee0fbb-7b30-4379-8eea-e5899cefded5\") " pod="helmcontainersecuritycontextupgradeplatformit/test-hivemq-platform-0"
2025-01-28 20:41:00,005 INFO c.h.h.t.HelmChartContainer - [hivemq-test-hivemq-platform] [hivemq-platform-operator] [13a66c66] 20:41:00.003 [ReconcilerExecutor-hivemq-controller-65] DEBUG c.h.p.o.h.HiveMQPlatformReconcilerErrorHandler - [helmcont] Pod 'test-hivemq-platform-0' phase Pending
2025-01-28 20:41:00,006 INFO c.h.h.t.HelmChartContainer - [hivemq-test-hivemq-platform] [hivemq-platform-operator] [13a66c66] 20:41:00.004 [ReconcilerExecutor-hivemq-controller-65] DEBUG c.h.p.o.h.HiveMQPlatformReconcilerErrorHandler - [helmcont] Pod 'test-hivemq-platform-0' condition 'PodReadyToStartContainers': False
2025-01-28 20:41:00,007 INFO c.h.h.t.HelmChartContainer - [hivemq-test-hivemq-platform] [hivemq-platform-operator] [13a66c66] 20:41:00.004 [ReconcilerExecutor-hivemq-controller-65] DEBUG c.h.p.o.h.HiveMQPlatformReconcilerErrorHandler - [helmcont] Pod 'test-hivemq-platform-0' condition 'Initialized': False
2025-01-28 20:41:00,008 INFO c.h.h.t.HelmChartContainer - [hivemq-test-hivemq-platform] [hivemq-platform-operator] [13a66c66] 20:41:00.004 [ReconcilerExecutor-hivemq-controller-65] DEBUG c.h.p.o.h.HiveMQPlatformReconcilerErrorHandler - [helmcont] Pod 'test-hivemq-platform-0' condition 'Ready': False
2025-01-28 20:41:00,009 INFO c.h.h.t.HelmChartContainer - [hivemq-test-hivemq-platform] [hivemq-platform-operator] [13a66c66] 20:41:00.005 [ReconcilerExecutor-hivemq-controller-65] DEBUG c.h.p.o.h.HiveMQPlatformReconcilerErrorHandler - [helmcont] Pod 'test-hivemq-platform-0' condition 'ContainersReady': False
2025-01-28 20:41:00,010 INFO c.h.h.t.HelmChartContainer - [hivemq-test-hivemq-platform] [hivemq-platform-operator] [13a66c66] 20:41:00.005 [ReconcilerExecutor-hivemq-controller-65] DEBUG c.h.p.o.h.HiveMQPlatformReconcilerErrorHandler - [helmcont] Pod 'test-hivemq-platform-0' condition 'PodScheduled': True
2025-01-28 20:41:00,010 INFO c.h.h.t.HelmChartContainer - [hivemq-test-hivemq-platform] [hivemq-platform-operator] [13a66c66] 20:41:00.005 [ReconcilerExecutor-hivemq-controller-65] DEBUG c.h.p.o.h.HiveMQPlatformReconcilerErrorHandler - [helmcont] Pod 'test-hivemq-platform-0' containerStatus 'hivemq' (started: false) (ready: false) (waiting: [PodInitializing] null)
2025-01-28 20:41:00,010 INFO c.h.h.t.HelmChartContainer - [hivemq-test-hivemq-platform] [hivemq-platform-operator] [13a66c66] 20:41:00.007 [ReconcilerExecutor-hivemq-controller-65] INFO  c.h.p.o.h.HiveMQPlatformReconcilerBaseHandler - [helmcont] HiveMQ Platform is starting, 0 of 1 replicas are ready
2025-01-28 20:41:00,094 INFO c.h.h.t.HelmChartContainer - [hivemq-test-hivemq-platform] [hivemq-platform-operator] [13a66c66] 20:41:00.092 [pool-6-thread-22] DEBUG c.h.p.o.d.PlatformServiceResource - [helmcont] Desired Platform services (3 services)
2025-01-28 20:41:00,097 INFO c.h.h.t.HelmChartContainer - [hivemq-test-hivemq-platform] [hivemq-platform-operator] [13a66c66] 20:41:00.096 [pool-6-thread-23] DEBUG c.h.p.o.dependants.PodInfoConfigMap - [helmcont] Desired PodInfo ConfigMap (1 extensions) (1 enabled)
2025-01-28 20:41:00,099 INFO c.h.h.t.HelmChartContainer - [hivemq-test-hivemq-platform] [hivemq-platform-operator] [13a66c66] 20:41:00.096 [pool-6-thread-23] DEBUG c.h.p.o.dependants.PodInfoConfigMap - [helmcont] Desired PodInfo ConfigMap (metrics port: 9399) (metrics path: /)
2025-01-28 20:41:00,099 INFO c.h.h.t.HelmChartContainer - [hivemq-test-hivemq-platform] [hivemq-platform-operator] [13a66c66] 20:41:00.096 [pool-6-thread-23] DEBUG c.h.p.o.dependants.PodInfoConfigMap - [helmcont] Desired PodInfo ConfigMap (extension state hash: -1817474005)
2025-01-28 20:41:00,101 INFO c.h.h.t.HelmChartContainer - [hivemq-test-hivemq-platform] [hivemq-platform-operator] [13a66c66] 20:41:00.099 [pool-6-thread-27] DEBUG c.h.p.o.d.PodServiceAccountResource - [helmcont] Desired PodServiceAccountResource (serviceAccountName: hivemq-platform-pod-test-hivemq-platform)
2025-01-28 20:41:00,194 INFO c.h.h.t.HelmChartContainer - [hivemq-test-hivemq-platform] [hivemq-platform-operator] [13a66c66] 20:41:00.192 [pool-6-thread-30] DEBUG c.h.p.o.d.StatefulSetResource - [helmcont] Desired StatefulSet (1 replicas) for status STARTING (READY)
2025-01-28 20:41:00,205 INFO c.h.h.t.HelmChartContainer - [hivemq-test-hivemq-platform] [hivemq-platform-operator] [13a66c66] 20:41:00.203 [ReconcilerExecutor-hivemq-controller-76] INFO  c.h.p.o.HiveMQPlatformReconciler - [helmcont] Reconciling HiveMQ Platform 'test-hivemq-platform' in namespace 'helmcontainersecuritycontextupgradeplatformit'
2025-01-28 20:41:00,208 INFO c.h.h.t.HelmChartContainer - [hivemq-test-hivemq-platform] [hivemq-platform-operator] [13a66c66] 20:41:00.203 [ReconcilerExecutor-hivemq-controller-76] DEBUG c.h.p.o.HiveMQPlatformReconciler - [helmcont] Custom Resource Status STARTING - HiveMQ Platform is starting (READY)
2025-01-28 20:41:00,208 INFO c.h.h.t.HelmChartContainer - [hivemq-test-hivemq-platform] [hivemq-platform-operator] [13a66c66] 20:41:00.203 [ReconcilerExecutor-hivemq-controller-76] DEBUG c.h.p.o.HiveMQPlatformReconciler - [helmcont] Custom Resource Spec (replicas: 1) (extensions: 1)
2025-01-28 20:41:00,214 INFO c.h.h.t.HelmChartContainer - [hivemq-test-hivemq-platform] [hivemq-platform-operator] [13a66c66] 20:41:00.208 [ReconcilerExecutor-hivemq-controller-76] DEBUG c.h.p.o.HiveMQPlatformReconciler - [helmcont] StatefulSet Status (revision: test-hivemq-platform-5fb49467b6, replicas: 1, available: 0, ready: 0, current: 1, updated: 1)
2025-01-28 20:41:00,214 INFO c.h.h.t.HelmChartContainer - [hivemq-test-hivemq-platform] [hivemq-platform-operator] [13a66c66] 20:41:00.209 [ReconcilerExecutor-hivemq-controller-76] DEBUG c.h.p.o.HiveMQPlatformReconciler - [helmcont] StatefulSet Spec (replicas: 1, init containers: 1, containers: 1, volumes: 3)
2025-01-28 20:41:00,214 INFO c.h.h.t.HelmChartContainer - [hivemq-test-hivemq-platform] [hivemq-platform-operator] [13a66c66] 20:41:00.211 [ReconcilerExecutor-hivemq-controller-76] DEBUG c.h.p.o.h.HiveMQPlatformReconcilerErrorHandler - [helmcont] Pod 'test-hivemq-platform-0' phase Pending
2025-01-28 20:41:00,214 INFO c.h.h.t.HelmChartContainer - [hivemq-test-hivemq-platform] [hivemq-platform-operator] [13a66c66] 20:41:00.211 [ReconcilerExecutor-hivemq-controller-76] DEBUG c.h.p.o.h.HiveMQPlatformReconcilerErrorHandler - [helmcont] Pod 'test-hivemq-platform-0' condition 'PodReadyToStartContainers': False
2025-01-28 20:41:00,214 INFO c.h.h.t.HelmChartContainer - [hivemq-test-hivemq-platform] [hivemq-platform-operator] [13a66c66] 20:41:00.211 [ReconcilerExecutor-hivemq-controller-76] DEBUG c.h.p.o.h.HiveMQPlatformReconcilerErrorHandler - [helmcont] Pod 'test-hivemq-platform-0' condition 'Initialized': False
2025-01-28 20:41:00,214 INFO c.h.h.t.HelmChartContainer - [hivemq-test-hivemq-platform] [hivemq-platform-operator] [13a66c66] 20:41:00.211 [ReconcilerExecutor-hivemq-controller-76] DEBUG c.h.p.o.h.HiveMQPlatformReconcilerErrorHandler - [helmcont] Pod 'test-hivemq-platform-0' condition 'Ready': False
2025-01-28 20:41:00,214 INFO c.h.h.t.HelmChartContainer - [hivemq-test-hivemq-platform] [hivemq-platform-operator] [13a66c66] 20:41:00.211 [ReconcilerExecutor-hivemq-controller-76] DEBUG c.h.p.o.h.HiveMQPlatformReconcilerErrorHandler - [helmcont] Pod 'test-hivemq-platform-0' condition 'ContainersReady': False
2025-01-28 20:41:00,214 INFO c.h.h.t.HelmChartContainer - [hivemq-test-hivemq-platform] [hivemq-platform-operator] [13a66c66] 20:41:00.211 [ReconcilerExecutor-hivemq-controller-76] DEBUG c.h.p.o.h.HiveMQPlatformReconcilerErrorHandler - [helmcont] Pod 'test-hivemq-platform-0' condition 'PodScheduled': True
2025-01-28 20:41:00,214 INFO c.h.h.t.HelmChartContainer - [hivemq-test-hivemq-platform] [hivemq-platform-operator] [13a66c66] 20:41:00.211 [ReconcilerExecutor-hivemq-controller-76] DEBUG c.h.p.o.h.HiveMQPlatformReconcilerErrorHandler - [helmcont] Pod 'test-hivemq-platform-0' containerStatus 'hivemq' (started: false) (ready: false) (waiting: [PodInitializing] null)
2025-01-28 20:41:00,214 INFO c.h.h.t.HelmChartContainer - [hivemq-test-hivemq-platform] [hivemq-platform-operator] [13a66c66] 20:41:00.212 [ReconcilerExecutor-hivemq-controller-76] INFO  c.h.p.o.h.HiveMQPlatformReconcilerBaseHandler - [helmcont] HiveMQ Platform is starting, 0 of 1 replicas are ready
2025-01-28 20:41:00,237 INFO c.h.h.t.HelmChartContainer - [EVENT] Normal [Pulled] Container image "docker.io/hivemq/hivemq-platform-operator-init-test:snapshot" already present on machine [helmcontainersecuritycontextupgradeplatformit:test-hivemq-platform-0]
2025-01-28 20:41:00,245 INFO c.h.h.t.HelmChartContainer - [EVENT] Normal [Created] Created container: hivemq-platform-operator-init [helmcontainersecuritycontextupgradeplatformit:test-hivemq-platform-0]
2025-01-28 20:41:00,290 INFO c.h.h.t.HelmChartContainer - [EVENT] Normal [Started] Started container hivemq-platform-operator-init [helmcontainersecuritycontextupgradeplatformit:test-hivemq-platform-0]
2025-01-28 20:41:01,275 INFO c.h.h.t.HelmChartContainer - [EVENT] Normal [Pulled] Container image "docker.io/hivemq/hivemq4:4.36.0" already present on machine [helmcontainersecuritycontextupgradeplatformit:test-hivemq-platform-0]
2025-01-28 20:41:01,276 INFO c.h.h.t.HelmChartContainer - Received Pulled event for container hivemq in pod test-hivemq-platform-0 [98ee0fbb-7b30-4379-8eea-e5899cefded5]
2025-01-28 20:41:01,288 INFO c.h.h.t.HelmChartContainer - [POD] test-hivemq-platform-0 [98ee0fbb-7b30-4379-8eea-e5899cefded5] in helmcontainersecuritycontextupgradeplatformit was MODIFIED
2025-01-28 20:41:01,291 INFO c.h.h.t.HelmChartContainer - [EVENT] Normal [Created] Created container: hivemq [helmcontainersecuritycontextupgradeplatformit:test-hivemq-platform-0]
2025-01-28 20:41:01,291 INFO c.h.h.t.HelmChartContainer - Received Created event for container hivemq in pod test-hivemq-platform-0 [98ee0fbb-7b30-4379-8eea-e5899cefded5]
2025-01-28 20:41:01,309 INFO c.h.h.t.HelmChartContainer - [hivemq-test-hivemq-platform] [hivemq-platform-operator] [13a66c66] 20:41:01.303 [pool-6-thread-32] DEBUG c.h.p.o.d.PlatformServiceResource - [helmcont] Desired Platform services (3 services)
2025-01-28 20:41:01,316 INFO c.h.h.t.HelmChartContainer - [hivemq-test-hivemq-platform] [hivemq-platform-operator] [13a66c66] 20:41:01.305 [pool-6-thread-33] DEBUG c.h.p.o.dependants.PodInfoConfigMap - [helmcont] Desired PodInfo ConfigMap (1 extensions) (1 enabled)
2025-01-28 20:41:01,318 INFO c.h.h.t.HelmChartContainer - [hivemq-test-hivemq-platform] [hivemq-platform-operator] [13a66c66] 20:41:01.309 [pool-6-thread-33] DEBUG c.h.p.o.dependants.PodInfoConfigMap - [helmcont] Desired PodInfo ConfigMap (metrics port: 9399) (metrics path: /)
2025-01-28 20:41:01,318 INFO c.h.h.t.HelmChartContainer - [hivemq-test-hivemq-platform] [hivemq-platform-operator] [13a66c66] 20:41:01.309 [pool-6-thread-33] DEBUG c.h.p.o.dependants.PodInfoConfigMap - [helmcont] Desired PodInfo ConfigMap (extension state hash: -1817474005)
2025-01-28 20:41:01,327 INFO c.h.h.t.HelmChartContainer - [hivemq-test-hivemq-platform] [hivemq-platform-operator] [13a66c66] 20:41:01.320 [pool-6-thread-37] DEBUG c.h.p.o.d.PodServiceAccountResource - [helmcont] Desired PodServiceAccountResource (serviceAccountName: hivemq-platform-pod-test-hivemq-platform)
2025-01-28 20:41:01,394 INFO c.h.h.t.HelmChartContainer - [hivemq-test-hivemq-platform] [hivemq-platform-operator] [13a66c66] 20:41:01.392 [pool-6-thread-40] DEBUG c.h.p.o.d.StatefulSetResource - [helmcont] Desired StatefulSet (1 replicas) for status STARTING (READY)
2025-01-28 20:41:01,399 INFO c.h.h.t.HelmChartContainer - [hivemq-test-hivemq-platform] [hivemq-platform-operator] [13a66c66] 20:41:01.398 [ReconcilerExecutor-hivemq-controller-87] INFO  c.h.p.o.HiveMQPlatformReconciler - [helmcont] Reconciling HiveMQ Platform 'test-hivemq-platform' in namespace 'helmcontainersecuritycontextupgradeplatformit'
2025-01-28 20:41:01,401 INFO c.h.h.t.HelmChartContainer - [hivemq-test-hivemq-platform] [hivemq-platform-operator] [13a66c66] 20:41:01.398 [ReconcilerExecutor-hivemq-controller-87] DEBUG c.h.p.o.HiveMQPlatformReconciler - [helmcont] Custom Resource Status STARTING - HiveMQ Platform is starting (READY)
2025-01-28 20:41:01,401 INFO c.h.h.t.HelmChartContainer - [hivemq-test-hivemq-platform] [hivemq-platform-operator] [13a66c66] 20:41:01.398 [ReconcilerExecutor-hivemq-controller-87] DEBUG c.h.p.o.HiveMQPlatformReconciler - [helmcont] Custom Resource Spec (replicas: 1) (extensions: 1)
2025-01-28 20:41:01,405 INFO c.h.h.t.HelmChartContainer - [hivemq-test-hivemq-platform] [hivemq-platform-operator] [13a66c66] 20:41:01.403 [ReconcilerExecutor-hivemq-controller-87] DEBUG c.h.p.o.HiveMQPlatformReconciler - [helmcont] StatefulSet Status (revision: test-hivemq-platform-5fb49467b6, replicas: 1, available: 0, ready: 0, current: 1, updated: 1)
2025-01-28 20:41:01,405 INFO c.h.h.t.HelmChartContainer - [hivemq-test-hivemq-platform] [hivemq-platform-operator] [13a66c66] 20:41:01.403 [ReconcilerExecutor-hivemq-controller-87] DEBUG c.h.p.o.HiveMQPlatformReconciler - [helmcont] StatefulSet Spec (replicas: 1, init containers: 1, containers: 1, volumes: 3)
2025-01-28 20:41:01,411 INFO c.h.h.t.HelmChartContainer - [hivemq-test-hivemq-platform] [hivemq-platform-operator] [13a66c66] 20:41:01.409 [ReconcilerExecutor-hivemq-controller-87] DEBUG c.h.p.o.h.HiveMQPlatformReconcilerErrorHandler - [helmcont] Pod 'test-hivemq-platform-0' phase Pending
2025-01-28 20:41:01,492 INFO c.h.h.t.HelmChartContainer - [hivemq-test-hivemq-platform] [hivemq-platform-operator] [13a66c66] 20:41:01.411 [ReconcilerExecutor-hivemq-controller-87] DEBUG c.h.p.o.h.HiveMQPlatformReconcilerErrorHandler - [helmcont] Pod 'test-hivemq-platform-0' condition 'PodReadyToStartContainers': True
2025-01-28 20:41:01,493 INFO c.h.h.t.HelmChartContainer - [hivemq-test-hivemq-platform] [hivemq-platform-operator] [13a66c66] 20:41:01.490 [ReconcilerExecutor-hivemq-controller-87] DEBUG c.h.p.o.h.HiveMQPlatformReconcilerErrorHandler - [helmcont] Pod 'test-hivemq-platform-0' condition 'Initialized': True
2025-01-28 20:41:01,493 INFO c.h.h.t.HelmChartContainer - [hivemq-test-hivemq-platform] [hivemq-platform-operator] [13a66c66] 20:41:01.490 [ReconcilerExecutor-hivemq-controller-87] DEBUG c.h.p.o.h.HiveMQPlatformReconcilerErrorHandler - [helmcont] Pod 'test-hivemq-platform-0' condition 'Ready': False
2025-01-28 20:41:01,493 INFO c.h.h.t.HelmChartContainer - [hivemq-test-hivemq-platform] [hivemq-platform-operator] [13a66c66] 20:41:01.490 [ReconcilerExecutor-hivemq-controller-87] DEBUG c.h.p.o.h.HiveMQPlatformReconcilerErrorHandler - [helmcont] Pod 'test-hivemq-platform-0' condition 'ContainersReady': False
2025-01-28 20:41:01,493 INFO c.h.h.t.HelmChartContainer - [hivemq-test-hivemq-platform] [hivemq-platform-operator] [13a66c66] 20:41:01.490 [ReconcilerExecutor-hivemq-controller-87] DEBUG c.h.p.o.h.HiveMQPlatformReconcilerErrorHandler - [helmcont] Pod 'test-hivemq-platform-0' condition 'PodScheduled': True
2025-01-28 20:41:01,493 INFO c.h.h.t.HelmChartContainer - [hivemq-test-hivemq-platform] [hivemq-platform-operator] [13a66c66] 20:41:01.490 [ReconcilerExecutor-hivemq-controller-87] DEBUG c.h.p.o.h.HiveMQPlatformReconcilerErrorHandler - [helmcont] Pod 'test-hivemq-platform-0' containerStatus 'hivemq' (started: false) (ready: false) (waiting: [PodInitializing] null)
2025-01-28 20:41:01,493 INFO c.h.h.t.HelmChartContainer - [hivemq-test-hivemq-platform] [hivemq-platform-operator] [13a66c66] 20:41:01.492 [ReconcilerExecutor-hivemq-controller-87] INFO  c.h.p.o.h.HiveMQPlatformReconcilerBaseHandler - [helmcont] HiveMQ Platform is starting, 0 of 1 replicas are ready
2025-01-28 20:41:02,285 INFO c.h.h.t.HelmChartContainer - [POD] test-hivemq-platform-0 [98ee0fbb-7b30-4379-8eea-e5899cefded5] in helmcontainersecuritycontextupgradeplatformit was MODIFIED
2025-01-28 20:41:02,301 INFO c.h.h.t.HelmChartContainer - [hivemq-test-hivemq-platform] [hivemq-platform-operator] [13a66c66] 20:41:02.297 [pool-6-thread-42] DEBUG c.h.p.o.d.PlatformServiceResource - [helmcont] Desired Platform services (3 services)
2025-01-28 20:41:02,312 INFO c.h.h.t.HelmChartContainer - Started log watcher for hivemq in pod test-hivemq-platform-0 [98ee0fbb-7b30-4379-8eea-e5899cefded5]
2025-01-28 20:41:02,312 INFO c.h.h.t.HelmChartContainer - [test-hivemq-platform] [hivemq] [98ee0fbb] Adding pre-installed HiveMQ Platform Operator extensions
2025-01-28 20:41:02,312 INFO c.h.h.t.HelmChartContainer - [test-hivemq-platform] [hivemq] [98ee0fbb] Running as user 0
2025-01-28 20:41:02,312 INFO c.h.h.t.HelmChartContainer - [test-hivemq-platform] [hivemq] [98ee0fbb] Starting HiveMQ Platform Operator Init
2025-01-28 20:41:02,313 INFO c.h.h.t.HelmChartContainer - [EVENT] Normal [Started] Started container hivemq [helmcontainersecuritycontextupgradeplatformit:test-hivemq-platform-0]
2025-01-28 20:41:02,313 INFO c.h.h.t.HelmChartContainer - Received Started event for container hivemq in pod test-hivemq-platform-0 [98ee0fbb-7b30-4379-8eea-e5899cefded5]
2025-01-28 20:41:02,315 INFO c.h.h.t.HelmChartContainer - [hivemq-test-hivemq-platform] [hivemq-platform-operator] [13a66c66] 20:41:02.301 [pool-6-thread-43] DEBUG c.h.p.o.dependants.PodInfoConfigMap - [helmcont] Desired PodInfo ConfigMap (1 extensions) (1 enabled)
2025-01-28 20:41:02,318 INFO c.h.h.t.HelmChartContainer - [hivemq-test-hivemq-platform] [hivemq-platform-operator] [13a66c66] 20:41:02.302 [pool-6-thread-43] DEBUG c.h.p.o.dependants.PodInfoConfigMap - [helmcont] Desired PodInfo ConfigMap (metrics port: 9399) (metrics path: /)
2025-01-28 20:41:02,318 INFO c.h.h.t.HelmChartContainer - [hivemq-test-hivemq-platform] [hivemq-platform-operator] [13a66c66] 20:41:02.302 [pool-6-thread-43] DEBUG c.h.p.o.dependants.PodInfoConfigMap - [helmcont] Desired PodInfo ConfigMap (extension state hash: -1817474005)
2025-01-28 20:41:02,318 INFO c.h.h.t.HelmChartContainer - [hivemq-test-hivemq-platform] [hivemq-platform-operator] [13a66c66] 20:41:02.304 [pool-6-thread-47] DEBUG c.h.p.o.d.PodServiceAccountResource - [helmcont] Desired PodServiceAccountResource (serviceAccountName: hivemq-platform-pod-test-hivemq-platform)
2025-01-28 20:41:02,327 INFO c.h.h.t.HelmChartContainer - [hivemq-test-hivemq-platform] [hivemq-platform-operator] [13a66c66] 20:41:02.320 [pool-6-thread-50] DEBUG c.h.p.o.d.StatefulSetResource - [helmcont] Desired StatefulSet (1 replicas) for status STARTING (READY)
2025-01-28 20:41:02,358 INFO c.h.h.t.HelmChartContainer - [hivemq-test-hivemq-platform] [hivemq-platform-operator] [13a66c66] 20:41:02.354 [ReconcilerExecutor-hivemq-controller-98] INFO  c.h.p.o.HiveMQPlatformReconciler - [helmcont] Reconciling HiveMQ Platform 'test-hivemq-platform' in namespace 'helmcontainersecuritycontextupgradeplatformit'
2025-01-28 20:41:02,364 INFO c.h.h.t.HelmChartContainer - [hivemq-test-hivemq-platform] [hivemq-platform-operator] [13a66c66] 20:41:02.356 [ReconcilerExecutor-hivemq-controller-98] DEBUG c.h.p.o.HiveMQPlatformReconciler - [helmcont] Custom Resource Status STARTING - HiveMQ Platform is starting (READY)
2025-01-28 20:41:02,366 INFO c.h.h.t.HelmChartContainer - [hivemq-test-hivemq-platform] [hivemq-platform-operator] [13a66c66] 20:41:02.359 [ReconcilerExecutor-hivemq-controller-98] DEBUG c.h.p.o.HiveMQPlatformReconciler - [helmcont] Custom Resource Spec (replicas: 1) (extensions: 1)
2025-01-28 20:41:02,392 INFO c.h.h.t.HelmChartContainer - [hivemq-test-hivemq-platform] [hivemq-platform-operator] [13a66c66] 20:41:02.361 [ReconcilerExecutor-hivemq-controller-98] DEBUG c.h.p.o.HiveMQPlatformReconciler - [helmcont] StatefulSet Status (revision: test-hivemq-platform-5fb49467b6, replicas: 1, available: 0, ready: 0, current: 1, updated: 1)
2025-01-28 20:41:02,392 INFO c.h.h.t.HelmChartContainer - [hivemq-test-hivemq-platform] [hivemq-platform-operator] [13a66c66] 20:41:02.390 [ReconcilerExecutor-hivemq-controller-98] DEBUG c.h.p.o.HiveMQPlatformReconciler - [helmcont] StatefulSet Spec (replicas: 1, init containers: 1, containers: 1, volumes: 3)
2025-01-28 20:41:02,395 INFO c.h.h.t.HelmChartContainer - [hivemq-test-hivemq-platform] [hivemq-platform-operator] [13a66c66] 20:41:02.394 [ReconcilerExecutor-hivemq-controller-98] DEBUG c.h.p.o.h.HiveMQPlatformReconcilerErrorHandler - [helmcont] Pod 'test-hivemq-platform-0' phase Running
2025-01-28 20:41:02,396 INFO c.h.h.t.HelmChartContainer - [hivemq-test-hivemq-platform] [hivemq-platform-operator] [13a66c66] 20:41:02.396 [ReconcilerExecutor-hivemq-controller-98] INFO  c.h.p.o.h.HiveMQPlatformReconcilerBaseHandler - [helmcont] HiveMQ Platform is starting, 0 of 1 replicas are ready
2025-01-28 20:41:02,610 INFO c.h.h.t.HelmChartContainer - [test-hivemq-platform] [hivemq] [98ee0fbb] INFO  - [HiveMQ Platform Operator Init 1.7.0-SNAPSHOT] HiveMQ Platform Operator Init 1.7.0-SNAPSHOT (commit: bebf408 on branch: HEAD) built on Sun Jan 26 20:47:47 UTC 2025
2025-01-28 20:41:03,650 INFO c.h.h.t.HelmChartContainer - [test-hivemq-platform] [hivemq] [98ee0fbb] INFO  - [HiveMQ Platform Operator Init App 1.7.0-SNAPSHOT] Using bind address 10.42.0.6 from environment variable
2025-01-28 20:41:04,627 INFO c.h.h.t.HelmChartContainer - [test-hivemq-platform] [hivemq] [98ee0fbb] INFO  - [HiveMQ Platform Operator Init App 1.7.0-SNAPSHOT] HiveMQ Platform Operator Init App 1.7.0-SNAPSHOT (commit: bebf408 on branch: HEAD) built on Sun Jan 26 20:47:47 UTC 2025
2025-01-28 20:41:04,627 INFO c.h.h.t.HelmChartContainer - [test-hivemq-platform] [hivemq] [98ee0fbb] INFO  - [HiveMQ Platform Operator Init App 1.7.0-SNAPSHOT] PodInfo ConfigMap directory: /etc/podinfo
2025-01-28 20:41:04,627 INFO c.h.h.t.HelmChartContainer - [test-hivemq-platform] [hivemq] [98ee0fbb] INFO  - [HiveMQ Platform Operator Init App 1.7.0-SNAPSHOT] HiveMQ home directory: /opt/hivemq
2025-01-28 20:41:04,627 INFO c.h.h.t.HelmChartContainer - [test-hivemq-platform] [hivemq] [98ee0fbb] INFO  - [HiveMQ Platform Operator Init App 1.7.0-SNAPSHOT] HiveMQ Logback folder: /opt/hivemq/conf
2025-01-28 20:41:04,627 INFO c.h.h.t.HelmChartContainer - [test-hivemq-platform] [hivemq] [98ee0fbb] INFO  - [HiveMQ Platform Operator Init App 1.7.0-SNAPSHOT] HiveMQ Config folder: /opt/hivemq/conf-k8s
2025-01-28 20:41:04,627 INFO c.h.h.t.HelmChartContainer - [test-hivemq-platform] [hivemq] [98ee0fbb] INFO  - [HiveMQ Platform Operator Init App 1.7.0-SNAPSHOT] Starting HiveMQ Platform Operator Init App
2025-01-28 20:41:04,627 INFO c.h.h.t.HelmChartContainer - [test-hivemq-platform] [hivemq] [98ee0fbb] INFO  - [HiveMQ Platform Operator Init App 1.7.0-SNAPSHOT] Starting Pod reconciler
2025-01-28 20:41:05,925 INFO c.h.h.t.HelmChartContainer - [test-hivemq-platform] [hivemq] [98ee0fbb] INFO  - [HiveMQ Platform Operator Init App 1.7.0-SNAPSHOT] Pod reconciler is scheduled (interval: 5000 ms)
2025-01-28 20:41:05,925 INFO c.h.h.t.HelmChartContainer - [test-hivemq-platform] [hivemq] [98ee0fbb] INFO  - [HiveMQ Platform Operator Init App 1.7.0-SNAPSHOT] Starting the REST API on 10.42.0.6:7979
2025-01-28 20:41:05,927 INFO c.h.h.t.HelmChartContainer - [test-hivemq-platform] [hivemq] [98ee0fbb] INFO  - [HiveMQ Platform Operator Init App 1.7.0-SNAPSHOT] Waiting up to 600s for at most 1 HiveMQ nodes in cluster service hivemq-test-hivemq-platform-cluster.helmcontainersecuritycontextupgradeplatformit.svc
2025-01-28 20:41:06,309 INFO c.h.h.t.HelmChartContainer - [test-hivemq-platform] [hivemq] [98ee0fbb] INFO  - [HiveMQ Platform Operator Init App 1.7.0-SNAPSHOT] Resolved 1 IP addresses: [10.42.0.6]
2025-01-28 20:41:06,309 INFO c.h.h.t.HelmChartContainer - [test-hivemq-platform] [hivemq] [98ee0fbb] INFO  - [HiveMQ Platform Operator Init App 1.7.0-SNAPSHOT] HiveMQ node count of 1 is within threshold of 1
2025-01-28 20:41:06,309 INFO c.h.h.t.HelmChartContainer - [test-hivemq-platform] [hivemq] [98ee0fbb] INFO  - [HiveMQ Platform Operator Init App 1.7.0-SNAPSHOT] Proceeding with container start
2025-01-28 20:41:06,334 INFO c.h.h.t.HelmChartContainer - [test-hivemq-platform] [hivemq] [98ee0fbb] INFO  - [HiveMQ Platform Operator Init App 1.7.0-SNAPSHOT] Initializing HiveMQ Platform extensions with initial configuration: {hivemq-allow-all-extension={start-priority=-1, skip-https-hostname-verification=false, restart=true, config-version=0, header-version=0, c-uri=, priority=-1, uri=preinstalled, skip-https-certificate-validation=false, enabled=true}, hivemq-prometheus-extension={restart=true, priority=-1, start-priority=-1, c-uri=, skip-https-hostname-verification=false, skip-https-certificate-validation=false, uri=preinstalled, request-header-path=no-request-headers, enabled=true}}
2025-01-28 20:41:06,828 INFO c.h.h.t.HelmChartContainer - [test-hivemq-platform] [hivemq] [98ee0fbb] INFO  - [HiveMQ Platform Operator Init App 1.7.0-SNAPSHOT] Extension hivemq-allow-all-extension was already enabled
2025-01-28 20:41:06,908 INFO c.h.h.t.HelmChartContainer - [test-hivemq-platform] [hivemq] [98ee0fbb] INFO  - [HiveMQ Platform Operator Init App 1.7.0-SNAPSHOT] Successfully enabled extension hivemq-prometheus-extension
2025-01-28 20:41:06,911 INFO c.h.h.t.HelmChartContainer - [test-hivemq-platform] [hivemq] [98ee0fbb] INFO  - [HiveMQ Platform Operator Init App 1.7.0-SNAPSHOT] Starting HiveMQ Platform version 4.36.0 (4.36.0)
2025-01-28 20:41:06,911 INFO c.h.h.t.HelmChartContainer - [test-hivemq-platform] [hivemq] [98ee0fbb] INFO  - [HiveMQ Platform Operator Init App 1.7.0-SNAPSHOT] Configuring the HiveMQ Platform
2025-01-28 20:41:06,925 INFO c.h.h.t.HelmChartContainer - [test-hivemq-platform] [hivemq] [98ee0fbb] INFO  - [HiveMQ Platform Operator Init App 1.7.0-SNAPSHOT] Changed logback.xml file scan period to 20 seconds
2025-01-28 20:41:07,020 INFO c.h.h.t.HelmChartContainer - [test-hivemq-platform] [hivemq] [98ee0fbb] INFO  - [HiveMQ Platform Operator Init App 1.7.0-SNAPSHOT] Starting the HiveMQ Platform
2025-01-28 20:41:07,023 INFO c.h.h.t.HelmChartContainer - [test-hivemq-platform] [hivemq] [98ee0fbb] -------------------------------------------------------------------------
2025-01-28 20:41:07,025 INFO c.h.h.t.HelmChartContainer - [test-hivemq-platform] [hivemq] [98ee0fbb] 
2025-01-28 20:41:07,025 INFO c.h.h.t.HelmChartContainer - [test-hivemq-platform] [hivemq] [98ee0fbb]                   _    _  _              __  __   ____
2025-01-28 20:41:07,025 INFO c.h.h.t.HelmChartContainer - [test-hivemq-platform] [hivemq] [98ee0fbb]                  | |  | |(_)            |  \/  | / __ \
2025-01-28 20:41:07,025 INFO c.h.h.t.HelmChartContainer - [test-hivemq-platform] [hivemq] [98ee0fbb]                  | |__| | _ __   __ ___ | \  / || |  | |
2025-01-28 20:41:07,025 INFO c.h.h.t.HelmChartContainer - [test-hivemq-platform] [hivemq] [98ee0fbb]                  |  __  || |\ \ / // _ \| |\/| || |  | |
2025-01-28 20:41:07,025 INFO c.h.h.t.HelmChartContainer - [test-hivemq-platform] [hivemq] [98ee0fbb]                  | |  | || | \ V /|  __/| |  | || |__| |
2025-01-28 20:41:07,025 INFO c.h.h.t.HelmChartContainer - [test-hivemq-platform] [hivemq] [98ee0fbb]                  |_|  |_||_|  \_/  \___||_|  |_| \___\_\
2025-01-28 20:41:07,025 INFO c.h.h.t.HelmChartContainer - [test-hivemq-platform] [hivemq] [98ee0fbb] 
2025-01-28 20:41:07,025 INFO c.h.h.t.HelmChartContainer - [test-hivemq-platform] [hivemq] [98ee0fbb] -------------------------------------------------------------------------
2025-01-28 20:41:07,025 INFO c.h.h.t.HelmChartContainer - [test-hivemq-platform] [hivemq] [98ee0fbb] 
2025-01-28 20:41:07,025 INFO c.h.h.t.HelmChartContainer - [test-hivemq-platform] [hivemq] [98ee0fbb]   HiveMQ Start Script for Linux/Unix v1.14
2025-01-28 20:41:07,025 INFO c.h.h.t.HelmChartContainer - [test-hivemq-platform] [hivemq] [98ee0fbb] 
2025-01-28 20:41:07,124 INFO c.h.h.t.HelmChartContainer - [test-hivemq-platform] [hivemq] [98ee0fbb] -------------------------------------------------------------------------
2025-01-28 20:41:07,124 INFO c.h.h.t.HelmChartContainer - [test-hivemq-platform] [hivemq] [98ee0fbb] 
2025-01-28 20:41:07,124 INFO c.h.h.t.HelmChartContainer - [test-hivemq-platform] [hivemq] [98ee0fbb]   HIVEMQ_HOME: /opt/hivemq
2025-01-28 20:41:07,124 INFO c.h.h.t.HelmChartContainer - [test-hivemq-platform] [hivemq] [98ee0fbb] 
2025-01-28 20:41:07,124 INFO c.h.h.t.HelmChartContainer - [test-hivemq-platform] [hivemq] [98ee0fbb]   JAVA_OPTS: -XX:+UnlockExperimentalVMOptions -XX:InitialRAMPercentage=50 -XX:MaxRAMPercentage=50 -Djava.net.preferIPv4Stack=true --add-opens java.base/java.lang=ALL-UNNAMED --add-opens java.base/java.nio=ALL-UNNAMED --add-opens java.base/sun.nio.ch=ALL-UNNAMED --add-opens jdk.management/com.sun.management.internal=ALL-UNNAMED --add-exports java.base/jdk.internal.misc=ALL-UNNAMED -Djava.security.egd=file:/dev/./urandom -Dcom.sun.management.jmxremote -Dcom.sun.management.jmxremote.port=9010 -Dcom.sun.management.jmxremote.local.only=false -Dcom.sun.management.jmxremote.authenticate=false -Dcom.sun.management.jmxremote.ssl=false -Duser.language=en -Duser.region=US -XX:+CrashOnOutOfMemoryError -XX:+HeapDumpOnOutOfMemoryError
2025-01-28 20:41:07,124 INFO c.h.h.t.HelmChartContainer - [test-hivemq-platform] [hivemq] [98ee0fbb] 
2025-01-28 20:41:07,124 INFO c.h.h.t.HelmChartContainer - [test-hivemq-platform] [hivemq] [98ee0fbb]   JAVA_VERSION: 21
2025-01-28 20:41:07,124 INFO c.h.h.t.HelmChartContainer - [test-hivemq-platform] [hivemq] [98ee0fbb] 
2025-01-28 20:41:07,124 INFO c.h.h.t.HelmChartContainer - [test-hivemq-platform] [hivemq] [98ee0fbb] -------------------------------------------------------------------------
2025-01-28 20:41:07,124 INFO c.h.h.t.HelmChartContainer - [test-hivemq-platform] [hivemq] [98ee0fbb] 
2025-01-28 20:41:08,318 INFO c.h.h.t.HelmChartContainer - [test-hivemq-platform] [hivemq] [98ee0fbb] INFO  - [HiveMQ Platform Operator Init App 1.7.0-SNAPSHOT] Returning default Health API response 503 for readiness
2025-01-28 20:41:08,621 INFO c.h.h.t.HelmChartContainer - [EVENT] Warning [Unhealthy] Readiness probe failed: HTTP probe failed with statuscode: 503 [helmcontainersecuritycontextupgradeplatformit:test-hivemq-platform-0]
2025-01-28 20:41:08,621 INFO c.h.h.t.HelmChartContainer - Received Unhealthy event for container hivemq in pod test-hivemq-platform-0 [98ee0fbb-7b30-4379-8eea-e5899cefded5]
2025-01-28 20:41:09,816 INFO c.h.h.t.HelmChartContainer - [test-hivemq-platform] [hivemq] [98ee0fbb] INFO  - Starting HiveMQ Enterprise Server
2025-01-28 20:41:09,821 INFO c.h.h.t.HelmChartContainer - [test-hivemq-platform] [hivemq] [98ee0fbb] INFO  - HiveMQ version: 4.36.0
2025-01-28 20:41:09,821 INFO c.h.h.t.HelmChartContainer - [test-hivemq-platform] [hivemq] [98ee0fbb] INFO  - HiveMQ home directory: /opt/hivemq
2025-01-28 20:41:09,822 INFO c.h.h.t.HelmChartContainer - [test-hivemq-platform] [hivemq] [98ee0fbb] INFO  - Log Configuration was overridden by /opt/hivemq/conf/logback.xml
2025-01-28 20:41:11,022 INFO c.h.h.t.HelmChartContainer - [test-hivemq-platform] [hivemq] [98ee0fbb] INFO  - Successfully loaded configuration from '/opt/hivemq/conf-k8s/config.xml'.
2025-01-28 20:41:11,718 INFO c.h.h.t.HelmChartContainer - [test-hivemq-platform] [hivemq] [98ee0fbb] INFO  - This node's ID is MUStw
2025-01-28 20:41:11,718 INFO c.h.h.t.HelmChartContainer - [test-hivemq-platform] [hivemq] [98ee0fbb] INFO  - Clustering is enabled
2025-01-28 20:41:12,404 INFO c.h.h.t.HelmChartContainer - [hivemq-test-hivemq-platform] [hivemq-platform-operator] [13a66c66] 20:41:12.400 [pool-6-thread-5] DEBUG c.h.p.o.d.PlatformServiceResource - [helmcont] Desired Platform services (3 services)
2025-01-28 20:41:12,404 INFO c.h.h.t.HelmChartContainer - [hivemq-test-hivemq-platform] [hivemq-platform-operator] [13a66c66] 20:41:12.401 [pool-6-thread-8] DEBUG c.h.p.o.dependants.PodInfoConfigMap - [helmcont] Desired PodInfo ConfigMap (1 extensions) (1 enabled)
2025-01-28 20:41:12,404 INFO c.h.h.t.HelmChartContainer - [hivemq-test-hivemq-platform] [hivemq-platform-operator] [13a66c66] 20:41:12.401 [pool-6-thread-8] DEBUG c.h.p.o.dependants.PodInfoConfigMap - [helmcont] Desired PodInfo ConfigMap (metrics port: 9399) (metrics path: /)
2025-01-28 20:41:12,404 INFO c.h.h.t.HelmChartContainer - [hivemq-test-hivemq-platform] [hivemq-platform-operator] [13a66c66] 20:41:12.401 [pool-6-thread-8] DEBUG c.h.p.o.dependants.PodInfoConfigMap - [helmcont] Desired PodInfo ConfigMap (extension state hash: -1817474005)
2025-01-28 20:41:12,404 INFO c.h.h.t.HelmChartContainer - [hivemq-test-hivemq-platform] [hivemq-platform-operator] [13a66c66] 20:41:12.401 [pool-6-thread-3] DEBUG c.h.p.o.d.PodServiceAccountResource - [helmcont] Desired PodServiceAccountResource (serviceAccountName: hivemq-platform-pod-test-hivemq-platform)
2025-01-28 20:41:12,413 INFO c.h.h.t.HelmChartContainer - [hivemq-test-hivemq-platform] [hivemq-platform-operator] [13a66c66] 20:41:12.410 [pool-6-thread-5] DEBUG c.h.p.o.d.StatefulSetResource - [helmcont] Desired StatefulSet (1 replicas) for status STARTING (READY)
2025-01-28 20:41:12,494 INFO c.h.h.t.HelmChartContainer - [hivemq-test-hivemq-platform] [hivemq-platform-operator] [13a66c66] 20:41:12.492 [ReconcilerExecutor-hivemq-controller-109] INFO  c.h.p.o.HiveMQPlatformReconciler - [helmcont] Reconciling HiveMQ Platform 'test-hivemq-platform' in namespace 'helmcontainersecuritycontextupgradeplatformit'
2025-01-28 20:41:12,496 INFO c.h.h.t.HelmChartContainer - [hivemq-test-hivemq-platform] [hivemq-platform-operator] [13a66c66] 20:41:12.493 [ReconcilerExecutor-hivemq-controller-109] DEBUG c.h.p.o.HiveMQPlatformReconciler - [helmcont] Custom Resource Status STARTING - HiveMQ Platform is starting (READY)
2025-01-28 20:41:12,496 INFO c.h.h.t.HelmChartContainer - [hivemq-test-hivemq-platform] [hivemq-platform-operator] [13a66c66] 20:41:12.493 [ReconcilerExecutor-hivemq-controller-109] DEBUG c.h.p.o.HiveMQPlatformReconciler - [helmcont] Custom Resource Spec (replicas: 1) (extensions: 1)
2025-01-28 20:41:12,500 INFO c.h.h.t.HelmChartContainer - [hivemq-test-hivemq-platform] [hivemq-platform-operator] [13a66c66] 20:41:12.497 [ReconcilerExecutor-hivemq-controller-109] DEBUG c.h.p.o.HiveMQPlatformReconciler - [helmcont] StatefulSet Status (revision: test-hivemq-platform-5fb49467b6, replicas: 1, available: 0, ready: 0, current: 1, updated: 1)
2025-01-28 20:41:12,500 INFO c.h.h.t.HelmChartContainer - [hivemq-test-hivemq-platform] [hivemq-platform-operator] [13a66c66] 20:41:12.497 [ReconcilerExecutor-hivemq-controller-109] DEBUG c.h.p.o.HiveMQPlatformReconciler - [helmcont] StatefulSet Spec (replicas: 1, init containers: 1, containers: 1, volumes: 3)
2025-01-28 20:41:12,500 INFO c.h.h.t.HelmChartContainer - [hivemq-test-hivemq-platform] [hivemq-platform-operator] [13a66c66] 20:41:12.499 [ReconcilerExecutor-hivemq-controller-109] DEBUG c.h.p.o.h.HiveMQPlatformReconcilerErrorHandler - [helmcont] Pod 'test-hivemq-platform-0' phase Running
2025-01-28 20:41:12,501 INFO c.h.h.t.HelmChartContainer - [hivemq-test-hivemq-platform] [hivemq-platform-operator] [13a66c66] 20:41:12.500 [ReconcilerExecutor-hivemq-controller-109] INFO  c.h.p.o.h.HiveMQPlatformReconcilerBaseHandler - [helmcont] HiveMQ Platform is starting, 0 of 1 replicas are ready
2025-01-28 20:41:13,820 INFO c.h.h.t.HelmChartContainer - [test-hivemq-platform] [hivemq] [98ee0fbb] WARN  - [HiveMQ Platform Operator Init App 1.7.0-SNAPSHOT] Cannot connect to Health API for readiness: null
2025-01-28 20:41:13,825 INFO c.h.h.t.HelmChartContainer - [EVENT] Warning [Unhealthy] Readiness probe failed: HTTP probe failed with statuscode: 503 [helmcontainersecuritycontextupgradeplatformit:test-hivemq-platform-0]
2025-01-28 20:41:13,825 INFO c.h.h.t.HelmChartContainer - Received Unhealthy event for container hivemq in pod test-hivemq-platform-0 [98ee0fbb-7b30-4379-8eea-e5899cefded5]
2025-01-28 20:41:16,317 INFO c.h.h.t.HelmChartContainer - [test-hivemq-platform] [hivemq] [98ee0fbb] Jan 28, 2025 8:41:16 PM io.vertx.core.impl.BlockedThreadChecker
2025-01-28 20:41:16,318 INFO c.h.h.t.HelmChartContainer - [test-hivemq-platform] [hivemq] [98ee0fbb] WARNING: Thread Thread[vert.x-eventloop-thread-1,5,main] has been blocked for 2303 ms, time limit is 2000 ms
2025-01-28 20:41:17,016 INFO c.h.h.t.HelmChartContainer - [test-hivemq-platform] [hivemq] [98ee0fbb] INFO  - [HiveMQ Platform Operator Init App 1.7.0-SNAPSHOT] Updating Pod HiveMQ Platform Operator Init App version annotation (version: 1.7.0-SNAPSHOT)
2025-01-28 20:41:17,637 INFO c.h.h.t.HelmChartContainer - [POD] test-hivemq-platform-0 [98ee0fbb-7b30-4379-8eea-e5899cefded5] in helmcontainersecuritycontextupgradeplatformit was MODIFIED
2025-01-28 20:41:17,712 INFO c.h.h.t.HelmChartContainer - [hivemq-test-hivemq-platform] [hivemq-platform-operator] [13a66c66] 20:41:17.637 [pool-6-thread-16] DEBUG c.h.p.o.d.PlatformServiceResource - [helmcont] Desired Platform services (3 services)
2025-01-28 20:41:17,712 INFO c.h.h.t.HelmChartContainer - [hivemq-test-hivemq-platform] [hivemq-platform-operator] [13a66c66] 20:41:17.638 [pool-6-thread-17] DEBUG c.h.p.o.d.PodServiceAccountResource - [helmcont] Desired PodServiceAccountResource (serviceAccountName: hivemq-platform-pod-test-hivemq-platform)
2025-01-28 20:41:17,712 INFO c.h.h.t.HelmChartContainer - [hivemq-test-hivemq-platform] [hivemq-platform-operator] [13a66c66] 20:41:17.640 [pool-6-thread-15] DEBUG c.h.p.o.dependants.PodInfoConfigMap - [helmcont] Desired PodInfo ConfigMap (1 extensions) (1 enabled)
2025-01-28 20:41:17,712 INFO c.h.h.t.HelmChartContainer - [hivemq-test-hivemq-platform] [hivemq-platform-operator] [13a66c66] 20:41:17.641 [pool-6-thread-15] DEBUG c.h.p.o.dependants.PodInfoConfigMap - [helmcont] Desired PodInfo ConfigMap (metrics port: 9399) (metrics path: /)
2025-01-28 20:41:17,712 INFO c.h.h.t.HelmChartContainer - [hivemq-test-hivemq-platform] [hivemq-platform-operator] [13a66c66] 20:41:17.641 [pool-6-thread-15] DEBUG c.h.p.o.dependants.PodInfoConfigMap - [helmcont] Desired PodInfo ConfigMap (extension state hash: -1817474005)
2025-01-28 20:41:17,712 INFO c.h.h.t.HelmChartContainer - [hivemq-test-hivemq-platform] [hivemq-platform-operator] [13a66c66] 20:41:17.643 [pool-6-thread-16] DEBUG c.h.p.o.d.StatefulSetResource - [helmcont] Desired StatefulSet (1 replicas) for status STARTING (READY)
2025-01-28 20:41:17,712 INFO c.h.h.t.HelmChartContainer - [hivemq-test-hivemq-platform] [hivemq-platform-operator] [13a66c66] 20:41:17.646 [ReconcilerExecutor-hivemq-controller-110] INFO  c.h.p.o.HiveMQPlatformReconciler - [helmcont] Reconciling HiveMQ Platform 'test-hivemq-platform' in namespace 'helmcontainersecuritycontextupgradeplatformit'
2025-01-28 20:41:17,712 INFO c.h.h.t.HelmChartContainer - [hivemq-test-hivemq-platform] [hivemq-platform-operator] [13a66c66] 20:41:17.646 [ReconcilerExecutor-hivemq-controller-110] DEBUG c.h.p.o.HiveMQPlatformReconciler - [helmcont] Custom Resource Status STARTING - HiveMQ Platform is starting (READY)
2025-01-28 20:41:17,712 INFO c.h.h.t.HelmChartContainer - [hivemq-test-hivemq-platform] [hivemq-platform-operator] [13a66c66] 20:41:17.646 [ReconcilerExecutor-hivemq-controller-110] DEBUG c.h.p.o.HiveMQPlatformReconciler - [helmcont] Custom Resource Spec (replicas: 1) (extensions: 1)
2025-01-28 20:41:17,712 INFO c.h.h.t.HelmChartContainer - [hivemq-test-hivemq-platform] [hivemq-platform-operator] [13a66c66] 20:41:17.647 [ReconcilerExecutor-hivemq-controller-110] DEBUG c.h.p.o.HiveMQPlatformReconciler - [helmcont] StatefulSet Status (revision: test-hivemq-platform-5fb49467b6, replicas: 1, available: 0, ready: 0, current: 1, updated: 1)
2025-01-28 20:41:17,712 INFO c.h.h.t.HelmChartContainer - [hivemq-test-hivemq-platform] [hivemq-platform-operator] [13a66c66] 20:41:17.647 [ReconcilerExecutor-hivemq-controller-110] DEBUG c.h.p.o.HiveMQPlatformReconciler - [helmcont] StatefulSet Spec (replicas: 1, init containers: 1, containers: 1, volumes: 3)
2025-01-28 20:41:17,712 INFO c.h.h.t.HelmChartContainer - [hivemq-test-hivemq-platform] [hivemq-platform-operator] [13a66c66] 20:41:17.649 [ReconcilerExecutor-hivemq-controller-110] DEBUG c.h.p.o.h.HiveMQPlatformReconcilerErrorHandler - [helmcont] Pod 'test-hivemq-platform-0' phase Running
2025-01-28 20:41:17,712 INFO c.h.h.t.HelmChartContainer - [hivemq-test-hivemq-platform] [hivemq-platform-operator] [13a66c66] 20:41:17.691 [ReconcilerExecutor-hivemq-controller-110] INFO  c.h.p.o.h.HiveMQPlatformReconcilerBaseHandler - [helmcont] HiveMQ Platform is starting, 0 of 1 replicas are ready
2025-01-28 20:41:17,715 INFO c.h.h.t.HelmChartContainer - [test-hivemq-platform] [hivemq] [98ee0fbb] WARN  - [HiveMQ Platform Operator Init App 1.7.0-SNAPSHOT] Cannot connect to Health API for readiness: null
2025-01-28 20:41:17,723 INFO c.h.h.t.HelmChartContainer - [EVENT] Warning [Unhealthy] Readiness probe failed: HTTP probe failed with statuscode: 503 [helmcontainersecuritycontextupgradeplatformit:test-hivemq-platform-0]
2025-01-28 20:41:17,724 INFO c.h.h.t.HelmChartContainer - Received Unhealthy event for container hivemq in pod test-hivemq-platform-0 [98ee0fbb-7b30-4379-8eea-e5899cefded5]
2025-01-28 20:41:17,725 INFO c.h.h.t.HelmChartContainer - [test-hivemq-platform] [hivemq] [98ee0fbb] INFO  - [HiveMQ Platform Operator Init App 1.7.0-SNAPSHOT] Successfully updated Pod HiveMQ Platform Operator Init App version annotation (version: 1.7.0-SNAPSHOT)
2025-01-28 20:41:22,635 INFO c.h.h.t.HelmChartContainer - [test-hivemq-platform] [hivemq] [98ee0fbb] WARN  - [HiveMQ Platform Operator Init App 1.7.0-SNAPSHOT] Cannot connect to Health API for readiness: null
2025-01-28 20:41:22,640 INFO c.h.h.t.HelmChartContainer - [EVENT] Warning [Unhealthy] Readiness probe failed: HTTP probe failed with statuscode: 503 [helmcontainersecuritycontextupgradeplatformit:test-hivemq-platform-0]
2025-01-28 20:41:22,640 INFO c.h.h.t.HelmChartContainer - Received Unhealthy event for container hivemq in pod test-hivemq-platform-0 [98ee0fbb-7b30-4379-8eea-e5899cefded5]
2025-01-28 20:41:27,699 INFO c.h.h.t.HelmChartContainer - [hivemq-test-hivemq-platform] [hivemq-platform-operator] [13a66c66] 20:41:27.696 [pool-6-thread-22] DEBUG c.h.p.o.d.PlatformServiceResource - [helmcont] Desired Platform services (3 services)
2025-01-28 20:41:27,699 INFO c.h.h.t.HelmChartContainer - [hivemq-test-hivemq-platform] [hivemq-platform-operator] [13a66c66] 20:41:27.697 [pool-6-thread-27] DEBUG c.h.p.o.dependants.PodInfoConfigMap - [helmcont] Desired PodInfo ConfigMap (1 extensions) (1 enabled)
2025-01-28 20:41:27,702 INFO c.h.h.t.HelmChartContainer - [hivemq-test-hivemq-platform] [hivemq-platform-operator] [13a66c66] 20:41:27.698 [pool-6-thread-27] DEBUG c.h.p.o.dependants.PodInfoConfigMap - [helmcont] Desired PodInfo ConfigMap (metrics port: 9399) (metrics path: /)
2025-01-28 20:41:27,703 INFO c.h.h.t.HelmChartContainer - [hivemq-test-hivemq-platform] [hivemq-platform-operator] [13a66c66] 20:41:27.698 [pool-6-thread-27] DEBUG c.h.p.o.dependants.PodInfoConfigMap - [helmcont] Desired PodInfo ConfigMap (extension state hash: -1817474005)
2025-01-28 20:41:27,703 INFO c.h.h.t.HelmChartContainer - [hivemq-test-hivemq-platform] [hivemq-platform-operator] [13a66c66] 20:41:27.700 [pool-6-thread-26] DEBUG c.h.p.o.d.PodServiceAccountResource - [helmcont] Desired PodServiceAccountResource (serviceAccountName: hivemq-platform-pod-test-hivemq-platform)
2025-01-28 20:41:27,707 INFO c.h.h.t.HelmChartContainer - [hivemq-test-hivemq-platform] [hivemq-platform-operator] [13a66c66] 20:41:27.706 [pool-6-thread-22] DEBUG c.h.p.o.d.StatefulSetResource - [helmcont] Desired StatefulSet (1 replicas) for status STARTING (READY)
2025-01-28 20:41:27,717 INFO c.h.h.t.HelmChartContainer - [test-hivemq-platform] [hivemq] [98ee0fbb] WARN  - [HiveMQ Platform Operator Init App 1.7.0-SNAPSHOT] Cannot connect to Health API for readiness: null
2025-01-28 20:41:27,723 INFO c.h.h.t.HelmChartContainer - [EVENT] Warning [Unhealthy] Readiness probe failed: HTTP probe failed with statuscode: 503 [helmcontainersecuritycontextupgradeplatformit:test-hivemq-platform-0]
2025-01-28 20:41:27,723 INFO c.h.h.t.HelmChartContainer - Received Unhealthy event for container hivemq in pod test-hivemq-platform-0 [98ee0fbb-7b30-4379-8eea-e5899cefded5]
2025-01-28 20:41:27,793 INFO c.h.h.t.HelmChartContainer - [hivemq-test-hivemq-platform] [hivemq-platform-operator] [13a66c66] 20:41:27.791 [ReconcilerExecutor-hivemq-controller-111] INFO  c.h.p.o.HiveMQPlatformReconciler - [helmcont] Reconciling HiveMQ Platform 'test-hivemq-platform' in namespace 'helmcontainersecuritycontextupgradeplatformit'
2025-01-28 20:41:27,793 INFO c.h.h.t.HelmChartContainer - [hivemq-test-hivemq-platform] [hivemq-platform-operator] [13a66c66] 20:41:27.791 [ReconcilerExecutor-hivemq-controller-111] DEBUG c.h.p.o.HiveMQPlatformReconciler - [helmcont] Custom Resource Status STARTING - HiveMQ Platform is starting (READY)
2025-01-28 20:41:27,795 INFO c.h.h.t.HelmChartContainer - [hivemq-test-hivemq-platform] [hivemq-platform-operator] [13a66c66] 20:41:27.791 [ReconcilerExecutor-hivemq-controller-111] DEBUG c.h.p.o.HiveMQPlatformReconciler - [helmcont] Custom Resource Spec (replicas: 1) (extensions: 1)
2025-01-28 20:41:27,796 INFO c.h.h.t.HelmChartContainer - [hivemq-test-hivemq-platform] [hivemq-platform-operator] [13a66c66] 20:41:27.793 [ReconcilerExecutor-hivemq-controller-111] DEBUG c.h.p.o.HiveMQPlatformReconciler - [helmcont] StatefulSet Status (revision: test-hivemq-platform-5fb49467b6, replicas: 1, available: 0, ready: 0, current: 1, updated: 1)
2025-01-28 20:41:27,796 INFO c.h.h.t.HelmChartContainer - [hivemq-test-hivemq-platform] [hivemq-platform-operator] [13a66c66] 20:41:27.794 [ReconcilerExecutor-hivemq-controller-111] DEBUG c.h.p.o.HiveMQPlatformReconciler - [helmcont] StatefulSet Spec (replicas: 1, init containers: 1, containers: 1, volumes: 3)
2025-01-28 20:41:27,797 INFO c.h.h.t.HelmChartContainer - [hivemq-test-hivemq-platform] [hivemq-platform-operator] [13a66c66] 20:41:27.795 [ReconcilerExecutor-hivemq-controller-111] DEBUG c.h.p.o.h.HiveMQPlatformReconcilerErrorHandler - [helmcont] Pod 'test-hivemq-platform-0' phase Running
2025-01-28 20:41:27,797 INFO c.h.h.t.HelmChartContainer - [hivemq-test-hivemq-platform] [hivemq-platform-operator] [13a66c66] 20:41:27.796 [ReconcilerExecutor-hivemq-controller-111] INFO  c.h.p.o.h.HiveMQPlatformReconcilerBaseHandler - [helmcont] HiveMQ Platform is starting, 0 of 1 replicas are ready
2025-01-28 20:41:29,837 INFO c.h.h.t.HelmChartContainer - [test-hivemq-platform] [hivemq] [98ee0fbb] INFO  - No valid license file found. Using trial license, restricted to 25 connections.
2025-01-28 20:41:30,216 INFO c.h.h.t.HelmChartContainer - [test-hivemq-platform] [hivemq] [98ee0fbb] WARN  - [HiveMQ Platform Operator Init App 1.7.0-SNAPSHOT] Cannot connect to Health API for liveness: null
2025-01-28 20:41:30,216 INFO c.h.h.t.HelmChartContainer - [test-hivemq-platform] [hivemq] [98ee0fbb] INFO  - [HiveMQ Platform Operator Init App 1.7.0-SNAPSHOT] Returning default Health API response 200 for liveness
2025-01-28 20:41:32,634 INFO c.h.h.t.HelmChartContainer - [test-hivemq-platform] [hivemq] [98ee0fbb] WARN  - [HiveMQ Platform Operator Init App 1.7.0-SNAPSHOT] Cannot connect to Health API for readiness: null
2025-01-28 20:41:32,716 INFO c.h.h.t.HelmChartContainer - [EVENT] Warning [Unhealthy] Readiness probe failed: HTTP probe failed with statuscode: 503 [helmcontainersecuritycontextupgradeplatformit:test-hivemq-platform-0]
2025-01-28 20:41:32,716 INFO c.h.h.t.HelmChartContainer - Received Unhealthy event for container hivemq in pod test-hivemq-platform-0 [98ee0fbb-7b30-4379-8eea-e5899cefded5]
2025-01-28 20:41:33,824 INFO c.h.h.t.HelmChartContainer - [test-hivemq-platform] [hivemq] [98ee0fbb] INFO  - No valid license file for Data Hub found. Using free license, restricted to 1 policy.
2025-01-28 20:41:35,016 INFO c.h.h.t.HelmChartContainer - [test-hivemq-platform] [hivemq] [98ee0fbb] INFO  - Audit Logger started.
2025-01-28 20:41:35,247 INFO c.h.h.t.HelmChartContainer - [test-hivemq-platform] [hivemq] [98ee0fbb] INFO  - This node uses '1' CPU cores.
2025-01-28 20:41:35,312 INFO c.h.h.t.HelmChartContainer - [test-hivemq-platform] [hivemq] [98ee0fbb] INFO  - Starting HiveMQ Health API on address 0.0.0.0 and port 8889
2025-01-28 20:41:36,027 INFO c.h.h.t.HelmChartContainer - [test-hivemq-platform] [hivemq] [98ee0fbb] INFO  - Started HiveMQ Health API in 716ms
2025-01-28 20:41:36,626 INFO c.h.h.t.HelmChartContainer - [test-hivemq-platform] [hivemq] [98ee0fbb] INFO  - Starting HiveMQ extension system.
2025-01-28 20:41:36,921 INFO c.h.h.t.HelmChartContainer - [test-hivemq-platform] [hivemq] [98ee0fbb] INFO  - Starting extension with id "hivemq-dns-cluster-discovery" at /opt/hivemq/extensions/hivemq-dns-cluster-discovery
2025-01-28 20:41:37,326 INFO c.h.h.t.HelmChartContainer - [test-hivemq-platform] [hivemq] [98ee0fbb] INFO  - Using TCP cluster transport on address 10.42.0.6 and port 7000
2025-01-28 20:41:37,413 INFO c.h.h.t.HelmChartContainer - [test-hivemq-platform] [hivemq] [98ee0fbb] INFO  - Using extension cluster discovery
2025-01-28 20:41:37,622 INFO c.h.h.t.HelmChartContainer - [test-hivemq-platform] [hivemq] [98ee0fbb] INFO  - Extension "DNS Cluster Discovery Extension" version 4.3.2 started successfully.
2025-01-28 20:41:37,622 INFO c.h.h.t.HelmChartContainer - [test-hivemq-platform] [hivemq] [98ee0fbb] INFO  - Starting extension with id "hivemq-prometheus-extension" at /opt/hivemq/extensions/hivemq-prometheus-extension
2025-01-28 20:41:37,806 INFO c.h.h.t.HelmChartContainer - [hivemq-test-hivemq-platform] [hivemq-platform-operator] [13a66c66] 20:41:37.800 [pool-6-thread-37] DEBUG c.h.p.o.d.PlatformServiceResource - [helmcont] Desired Platform services (3 services)
2025-01-28 20:41:37,806 INFO c.h.h.t.HelmChartContainer - [hivemq-test-hivemq-platform] [hivemq-platform-operator] [13a66c66] 20:41:37.801 [pool-6-thread-33] DEBUG c.h.p.o.d.PodServiceAccountResource - [helmcont] Desired PodServiceAccountResource (serviceAccountName: hivemq-platform-pod-test-hivemq-platform)
2025-01-28 20:41:37,806 INFO c.h.h.t.HelmChartContainer - [hivemq-test-hivemq-platform] [hivemq-platform-operator] [13a66c66] 20:41:37.801 [pool-6-thread-36] DEBUG c.h.p.o.dependants.PodInfoConfigMap - [helmcont] Desired PodInfo ConfigMap (1 extensions) (1 enabled)
2025-01-28 20:41:37,806 INFO c.h.h.t.HelmChartContainer - [hivemq-test-hivemq-platform] [hivemq-platform-operator] [13a66c66] 20:41:37.801 [pool-6-thread-36] DEBUG c.h.p.o.dependants.PodInfoConfigMap - [helmcont] Desired PodInfo ConfigMap (metrics port: 9399) (metrics path: /)
2025-01-28 20:41:37,806 INFO c.h.h.t.HelmChartContainer - [hivemq-test-hivemq-platform] [hivemq-platform-operator] [13a66c66] 20:41:37.801 [pool-6-thread-36] DEBUG c.h.p.o.dependants.PodInfoConfigMap - [helmcont] Desired PodInfo ConfigMap (extension state hash: -1817474005)
2025-01-28 20:41:37,809 INFO c.h.h.t.HelmChartContainer - [hivemq-test-hivemq-platform] [hivemq-platform-operator] [13a66c66] 20:41:37.808 [pool-6-thread-37] DEBUG c.h.p.o.d.StatefulSetResource - [helmcont] Desired StatefulSet (1 replicas) for status STARTING (READY)
2025-01-28 20:41:37,818 INFO c.h.h.t.HelmChartContainer - [hivemq-test-hivemq-platform] [hivemq-platform-operator] [13a66c66] 20:41:37.817 [ReconcilerExecutor-hivemq-controller-112] INFO  c.h.p.o.HiveMQPlatformReconciler - [helmcont] Reconciling HiveMQ Platform 'test-hivemq-platform' in namespace 'helmcontainersecuritycontextupgradeplatformit'
2025-01-28 20:41:37,818 INFO c.h.h.t.HelmChartContainer - [hivemq-test-hivemq-platform] [hivemq-platform-operator] [13a66c66] 20:41:37.817 [ReconcilerExecutor-hivemq-controller-112] DEBUG c.h.p.o.HiveMQPlatformReconciler - [helmcont] Custom Resource Status STARTING - HiveMQ Platform is starting (READY)
2025-01-28 20:41:37,818 INFO c.h.h.t.HelmChartContainer - [hivemq-test-hivemq-platform] [hivemq-platform-operator] [13a66c66] 20:41:37.817 [ReconcilerExecutor-hivemq-controller-112] DEBUG c.h.p.o.HiveMQPlatformReconciler - [helmcont] Custom Resource Spec (replicas: 1) (extensions: 1)
2025-01-28 20:41:37,892 INFO c.h.h.t.HelmChartContainer - [hivemq-test-hivemq-platform] [hivemq-platform-operator] [13a66c66] 20:41:37.891 [ReconcilerExecutor-hivemq-controller-112] DEBUG c.h.p.o.HiveMQPlatformReconciler - [helmcont] StatefulSet Status (revision: test-hivemq-platform-5fb49467b6, replicas: 1, available: 0, ready: 0, current: 1, updated: 1)
2025-01-28 20:41:37,892 INFO c.h.h.t.HelmChartContainer - [hivemq-test-hivemq-platform] [hivemq-platform-operator] [13a66c66] 20:41:37.891 [ReconcilerExecutor-hivemq-controller-112] DEBUG c.h.p.o.HiveMQPlatformReconciler - [helmcont] StatefulSet Spec (replicas: 1, init containers: 1, containers: 1, volumes: 3)
2025-01-28 20:41:37,895 INFO c.h.h.t.HelmChartContainer - [hivemq-test-hivemq-platform] [hivemq-platform-operator] [13a66c66] 20:41:37.893 [ReconcilerExecutor-hivemq-controller-112] DEBUG c.h.p.o.h.HiveMQPlatformReconcilerErrorHandler - [helmcont] Pod 'test-hivemq-platform-0' phase Running
2025-01-28 20:41:37,895 INFO c.h.h.t.HelmChartContainer - [hivemq-test-hivemq-platform] [hivemq-platform-operator] [13a66c66] 20:41:37.894 [ReconcilerExecutor-hivemq-controller-112] INFO  c.h.p.o.h.HiveMQPlatformReconcilerBaseHandler - [helmcont] HiveMQ Platform is starting, 0 of 1 replicas are ready
2025-01-28 20:41:38,676 INFO c.h.h.t.HelmChartContainer - [EVENT] Warning [Unhealthy] Readiness probe failed: Get "http://10.42.0.6:7979/readiness": context deadline exceeded (Client.Timeout exceeded while awaiting headers) [helmcontainersecuritycontextupgradeplatformit:test-hivemq-platform-0]
2025-01-28 20:41:38,676 INFO c.h.h.t.HelmChartContainer - Received Unhealthy event for container hivemq in pod test-hivemq-platform-0 [98ee0fbb-7b30-4379-8eea-e5899cefded5]
2025-01-28 20:41:38,918 INFO c.h.h.t.HelmChartContainer - [test-hivemq-platform] [hivemq] [98ee0fbb] INFO  - Started Jetty Server exposing Prometheus Servlet on URI http://0.0.0.0:9399/
2025-01-28 20:41:38,921 INFO c.h.h.t.HelmChartContainer - [test-hivemq-platform] [hivemq] [98ee0fbb] INFO  - Extension "Prometheus Monitoring Extension" version 4.0.12 started successfully.
2025-01-28 20:41:38,921 INFO c.h.h.t.HelmChartContainer - [test-hivemq-platform] [hivemq] [98ee0fbb] INFO  - Starting extension with id "hivemq-allow-all-extension" at /opt/hivemq/extensions/hivemq-allow-all-extension
2025-01-28 20:41:38,921 INFO c.h.h.t.HelmChartContainer - [test-hivemq-platform] [hivemq] [98ee0fbb] WARN  - 
2025-01-28 20:41:38,921 INFO c.h.h.t.HelmChartContainer - [test-hivemq-platform] [hivemq] [98ee0fbb] ################################################################################################################
2025-01-28 20:41:38,921 INFO c.h.h.t.HelmChartContainer - [test-hivemq-platform] [hivemq] [98ee0fbb] # This HiveMQ deployment is not secure! You are lacking Authentication and Authorization.                      #
2025-01-28 20:41:38,921 INFO c.h.h.t.HelmChartContainer - [test-hivemq-platform] [hivemq] [98ee0fbb] # Right now any MQTT client can connect to the broker with a full set of permissions.                          #
2025-01-28 20:41:38,921 INFO c.h.h.t.HelmChartContainer - [test-hivemq-platform] [hivemq] [98ee0fbb] # For production usage, add an appropriate security extension and remove the hivemq-allow-all extension.       #
2025-01-28 20:41:38,921 INFO c.h.h.t.HelmChartContainer - [test-hivemq-platform] [hivemq] [98ee0fbb] # You can download security extensions from the HiveMQ Marketplace (https://www.hivemq.com/extensions/).       #
2025-01-28 20:41:38,921 INFO c.h.h.t.HelmChartContainer - [test-hivemq-platform] [hivemq] [98ee0fbb] ################################################################################################################
2025-01-28 20:41:38,921 INFO c.h.h.t.HelmChartContainer - [test-hivemq-platform] [hivemq] [98ee0fbb] INFO  - Extension "Allow All Extension" version 1.1.1 started successfully.
2025-01-28 20:41:39,124 INFO c.h.h.t.HelmChartContainer - [test-hivemq-platform] [hivemq] [98ee0fbb] INFO  - [HiveMQ Platform Operator Init App 1.7.0-SNAPSHOT] Returning Health API response 503 for readiness
2025-01-28 20:41:41,312 INFO c.h.h.t.HelmChartContainer - [test-hivemq-platform] [hivemq] [98ee0fbb] INFO  - MUStw: no members discovered after 3197 ms: creating cluster as first member
2025-01-28 20:41:41,318 INFO c.h.h.t.HelmChartContainer - [test-hivemq-platform] [hivemq] [98ee0fbb] INFO  - Cluster nodes found by discovery: [MUStw|0] (1) [MUStw].
2025-01-28 20:41:41,415 INFO c.h.h.t.HelmChartContainer - [test-hivemq-platform] [hivemq] [98ee0fbb] WARN  - No user for HiveMQ Control Center configured. Starting with default user
2025-01-28 20:41:41,416 INFO c.h.h.t.HelmChartContainer - [test-hivemq-platform] [hivemq] [98ee0fbb] INFO  - Starting HiveMQ Control Center on address 0.0.0.0 and port 8080
2025-01-28 20:41:41,418 INFO c.h.h.t.HelmChartContainer - [test-hivemq-platform] [hivemq] [98ee0fbb] INFO  - Mounting HiveMQ Control Center V2 Preview
2025-01-28 20:41:42,028 INFO c.h.h.t.HelmChartContainer - [test-hivemq-platform] [hivemq] [98ee0fbb] INFO  - Started HiveMQ Control Center in 613ms
2025-01-28 20:41:42,121 INFO c.h.h.t.HelmChartContainer - [test-hivemq-platform] [hivemq] [98ee0fbb] INFO  - Starting TCP listener on address 0.0.0.0 and port 1883
2025-01-28 20:41:42,136 INFO c.h.h.t.HelmChartContainer - [test-hivemq-platform] [hivemq] [98ee0fbb] INFO  - Started TCP Listener on address 0.0.0.0 and on port 1883.
2025-01-28 20:41:42,136 INFO c.h.h.t.HelmChartContainer - [test-hivemq-platform] [hivemq] [98ee0fbb] INFO  - Started HiveMQ in 32714ms
2025-01-28 20:41:42,638 INFO c.h.h.t.HelmChartContainer - [test-hivemq-platform] [hivemq] [98ee0fbb] INFO  - [HiveMQ Platform Operator Init App 1.7.0-SNAPSHOT] Returning Health API response 200 for readiness
2025-01-28 20:41:42,653 INFO c.h.h.t.HelmChartContainer - [POD] test-hivemq-platform-0 [98ee0fbb-7b30-4379-8eea-e5899cefded5] in helmcontainersecuritycontextupgradeplatformit was MODIFIED
2025-01-28 20:41:42,667 INFO c.h.h.t.HelmChartContainer - [hivemq-test-hivemq-platform] [hivemq-platform-operator] [13a66c66] 20:41:42.657 [pool-6-thread-41] DEBUG c.h.p.o.d.PlatformServiceResource - [helmcont] Desired Platform services (3 services)
2025-01-28 20:41:42,668 INFO c.h.h.t.HelmChartContainer - [hivemq-test-hivemq-platform] [hivemq-platform-operator] [13a66c66] 20:41:42.658 [pool-6-thread-45] DEBUG c.h.p.o.dependants.PodInfoConfigMap - [helmcont] Desired PodInfo ConfigMap (1 extensions) (1 enabled)
2025-01-28 20:41:42,668 INFO c.h.h.t.HelmChartContainer - [hivemq-test-hivemq-platform] [hivemq-platform-operator] [13a66c66] 20:41:42.658 [pool-6-thread-45] DEBUG c.h.p.o.dependants.PodInfoConfigMap - [helmcont] Desired PodInfo ConfigMap (metrics port: 9399) (metrics path: /)
2025-01-28 20:41:42,668 INFO c.h.h.t.HelmChartContainer - [hivemq-test-hivemq-platform] [hivemq-platform-operator] [13a66c66] 20:41:42.658 [pool-6-thread-45] DEBUG c.h.p.o.dependants.PodInfoConfigMap - [helmcont] Desired PodInfo ConfigMap (extension state hash: -1817474005)
2025-01-28 20:41:42,668 INFO c.h.h.t.HelmChartContainer - [hivemq-test-hivemq-platform] [hivemq-platform-operator] [13a66c66] 20:41:42.660 [pool-6-thread-45] DEBUG c.h.p.o.d.PodServiceAccountResource - [helmcont] Desired PodServiceAccountResource (serviceAccountName: hivemq-platform-pod-test-hivemq-platform)
2025-01-28 20:41:42,754 INFO c.h.h.t.HelmChartContainer - [hivemq-test-hivemq-platform] [hivemq-platform-operator] [13a66c66] 20:41:42.751 [pool-6-thread-41] DEBUG c.h.p.o.d.StatefulSetResource - [helmcont] Desired StatefulSet (1 replicas) for status STARTING (READY)
2025-01-28 20:41:42,758 INFO c.h.h.t.HelmChartContainer - [hivemq-test-hivemq-platform] [hivemq-platform-operator] [13a66c66] 20:41:42.756 [ReconcilerExecutor-hivemq-controller-113] INFO  c.h.p.o.HiveMQPlatformReconciler - [helmcont] Reconciling HiveMQ Platform 'test-hivemq-platform' in namespace 'helmcontainersecuritycontextupgradeplatformit'
2025-01-28 20:41:42,758 INFO c.h.h.t.HelmChartContainer - [hivemq-test-hivemq-platform] [hivemq-platform-operator] [13a66c66] 20:41:42.757 [ReconcilerExecutor-hivemq-controller-113] DEBUG c.h.p.o.HiveMQPlatformReconciler - [helmcont] Custom Resource Status STARTING - HiveMQ Platform is starting (READY)
2025-01-28 20:41:42,758 INFO c.h.h.t.HelmChartContainer - [hivemq-test-hivemq-platform] [hivemq-platform-operator] [13a66c66] 20:41:42.757 [ReconcilerExecutor-hivemq-controller-113] DEBUG c.h.p.o.HiveMQPlatformReconciler - [helmcont] Custom Resource Spec (replicas: 1) (extensions: 1)
2025-01-28 20:41:42,760 INFO c.h.h.t.HelmChartContainer - [hivemq-test-hivemq-platform] [hivemq-platform-operator] [13a66c66] 20:41:42.759 [ReconcilerExecutor-hivemq-controller-113] DEBUG c.h.p.o.HiveMQPlatformReconciler - [helmcont] StatefulSet Status (revision: test-hivemq-platform-5fb49467b6, replicas: 1, available: 1, ready: 1, current: 1, updated: 1)
2025-01-28 20:41:42,760 INFO c.h.h.t.HelmChartContainer - [hivemq-test-hivemq-platform] [hivemq-platform-operator] [13a66c66] 20:41:42.759 [ReconcilerExecutor-hivemq-controller-113] DEBUG c.h.p.o.HiveMQPlatformReconciler - [helmcont] StatefulSet Spec (replicas: 1, init containers: 1, containers: 1, volumes: 3)
2025-01-28 20:41:42,762 INFO c.h.h.t.HelmChartContainer - [hivemq-test-hivemq-platform] [hivemq-platform-operator] [13a66c66] 20:41:42.760 [ReconcilerExecutor-hivemq-controller-113] DEBUG c.h.p.o.h.HiveMQPlatformReconcilerErrorHandler - [helmcont] Pod 'test-hivemq-platform-0' phase Running
2025-01-28 20:41:42,763 INFO c.h.h.t.HelmChartContainer - [hivemq-test-hivemq-platform] [hivemq-platform-operator] [13a66c66] 20:41:42.761 [ReconcilerExecutor-hivemq-controller-113] INFO  c.h.p.o.h.HiveMQPlatformReconcilerBaseHandler - [helmcont] HiveMQ Platform started successfully
2025-01-28 20:41:42,864 INFO c.h.h.t.HelmChartContainer - [hivemq-test-hivemq-platform] [hivemq-platform-operator] [13a66c66] 20:41:42.863 [ReconcilerExecutor-hivemq-controller-113] DEBUG c.h.p.operator.event.EventSender - [helmcont] Creating K8s event hivemq-platform-ready: [Ready] HiveMQ Platform is ready
2025-01-28 20:41:42,868 INFO c.h.h.t.HelmChartContainer - [EVENT] Normal [Ready] HiveMQ Platform is ready [helmcontainersecuritycontextupgradeplatformit:test-hivemq-platform]
2025-01-28 20:41:42,869 INFO c.h.h.t.HelmChartContainer - [hivemq-test-hivemq-platform] [hivemq-platform-operator] [13a66c66] 20:41:42.868 [ReconcilerExecutor-hivemq-controller-113] INFO  c.h.p.o.h.AbstractHiveMQReconcilerStateHandler - [helmcont] Update HiveMQ Platform Status (STARTING [READY] -> RUNNING [READY]): HiveMQ Platform is ready
2025-01-28 20:41:42,876 DEBUG com.hivemq.helmcharts.util.K8sUtil - Comparing actual state 'RUNNING' and waiting for 'RUNNING'
2025-01-28 20:41:42,964 INFO c.h.h.t.HelmChartContainer - [hivemq-test-hivemq-platform] [hivemq-platform-operator] [13a66c66] 20:41:42.956 [pool-6-thread-1] DEBUG c.h.p.o.d.PlatformServiceResource - [helmcont] Desired Platform services (3 services)
2025-01-28 20:41:42,964 INFO c.h.h.t.HelmChartContainer - [hivemq-test-hivemq-platform] [hivemq-platform-operator] [13a66c66] 20:41:42.957 [pool-6-thread-8] DEBUG c.h.p.o.d.PodServiceAccountResource - [helmcont] Desired PodServiceAccountResource (serviceAccountName: hivemq-platform-pod-test-hivemq-platform)
2025-01-28 20:41:42,964 INFO c.h.h.t.HelmChartContainer - [hivemq-test-hivemq-platform] [hivemq-platform-operator] [13a66c66] 20:41:42.957 [pool-6-thread-2] DEBUG c.h.p.o.dependants.PodInfoConfigMap - [helmcont] Desired PodInfo ConfigMap (1 extensions) (1 enabled)
2025-01-28 20:41:42,964 INFO c.h.h.t.HelmChartContainer - [hivemq-test-hivemq-platform] [hivemq-platform-operator] [13a66c66] 20:41:42.962 [pool-6-thread-2] DEBUG c.h.p.o.dependants.PodInfoConfigMap - [helmcont] Desired PodInfo ConfigMap (metrics port: 9399) (metrics path: /)
2025-01-28 20:41:42,965 INFO c.h.h.t.HelmChartContainer - [hivemq-test-hivemq-platform] [hivemq-platform-operator] [13a66c66] 20:41:42.962 [pool-6-thread-2] DEBUG c.h.p.o.dependants.PodInfoConfigMap - [helmcont] Desired PodInfo ConfigMap (extension state hash: -1817474005)
2025-01-28 20:41:42,965 INFO c.h.h.t.HelmChartContainer - [hivemq-test-hivemq-platform] [hivemq-platform-operator] [13a66c66] 20:41:42.963 [pool-6-thread-2] DEBUG c.h.p.o.dependants.PodInfoConfigMap - [helmcont] Update PodInfo ConfigMap
2025-01-28 20:41:42,983 DEBUG com.hivemq.helmcharts.util.PodUtil - Received status for command '[sh, -c, stat -c "%u:%g" /proc/1]' on pod 'test-hivemq-platform-0' (exit code: 0)
2025-01-28 20:41:43,012 DEBUG com.hivemq.helmcharts.util.K8sUtil - Comparing actual state 'RUNNING' and waiting for 'ROLLING_RESTART'
2025-01-28 20:41:43,058 INFO c.h.h.t.HelmChartContainer - [hivemq-test-hivemq-platform] [hivemq-platform-operator] [13a66c66] 20:41:43.056 [pool-6-thread-2] DEBUG c.h.p.o.d.StatefulSetResource - [helmcont] Desired StatefulSet (1 replicas) for status RUNNING (READY)
2025-01-28 20:41:43,062 INFO c.h.h.t.HelmChartContainer - [hivemq-test-hivemq-platform] [hivemq-platform-operator] [13a66c66] 20:41:43.061 [pool-6-thread-2] DEBUG c.h.p.o.d.StatefulSetResource - [helmcont] Update StatefulSet (replicas: 1 -> 1)
2025-01-28 20:41:43,063 INFO c.h.h.t.HelmChartContainer - [hivemq-test-hivemq-platform] [hivemq-platform-operator] [13a66c66] 20:41:43.062 [pool-6-thread-2] DEBUG c.h.p.o.d.StatefulSetResource - [helmcont] Detected change in StatefulSet specification (path: /template/metadata/annotations/kubernetes-resource-versions) (actual value: {broker-configuration-v2=-2089688360}) (target value: {broker-configuration-v2=1242811043})
2025-01-28 20:41:43,065 INFO c.h.h.t.HelmChartContainer - [hivemq-test-hivemq-platform] [hivemq-platform-operator] [13a66c66] 20:41:43.063 [pool-6-thread-2] INFO  c.h.p.o.d.StatefulSetResource - [helmcont] StatefulSet spec was updated, triggering rolling restart
2025-01-28 20:41:43,153 INFO c.h.h.t.HelmChartContainer - [hivemq-test-hivemq-platform] [hivemq-platform-operator] [13a66c66] 20:41:43.151 [ReconcilerExecutor-hivemq-controller-114] INFO  c.h.p.o.HiveMQPlatformReconciler - [helmcont] Reconciling HiveMQ Platform 'test-hivemq-platform' in namespace 'helmcontainersecuritycontextupgradeplatformit'
2025-01-28 20:41:43,155 INFO c.h.h.t.HelmChartContainer - [hivemq-test-hivemq-platform] [hivemq-platform-operator] [13a66c66] 20:41:43.151 [ReconcilerExecutor-hivemq-controller-114] DEBUG c.h.p.o.HiveMQPlatformReconciler - [helmcont] Custom Resource Status RUNNING - HiveMQ Platform is ready (READY) (reconciliation requests: REQUESTS_UPDATED, ROLLING_RESTART)
2025-01-28 20:41:43,155 INFO c.h.h.t.HelmChartContainer - [hivemq-test-hivemq-platform] [hivemq-platform-operator] [13a66c66] 20:41:43.151 [ReconcilerExecutor-hivemq-controller-114] DEBUG c.h.p.o.HiveMQPlatformReconciler - [helmcont] Custom Resource Spec (replicas: 1) (extensions: 1)
2025-01-28 20:41:43,155 INFO c.h.h.t.HelmChartContainer - [hivemq-test-hivemq-platform] [hivemq-platform-operator] [13a66c66] 20:41:43.153 [ReconcilerExecutor-hivemq-controller-114] DEBUG c.h.p.o.HiveMQPlatformReconciler - [helmcont] StatefulSet Status (revision: test-hivemq-platform-579f489c45, replicas: 1, available: 1, ready: 1, current: 1, updated: 0)
2025-01-28 20:41:43,155 INFO c.h.h.t.HelmChartContainer - [hivemq-test-hivemq-platform] [hivemq-platform-operator] [13a66c66] 20:41:43.153 [ReconcilerExecutor-hivemq-controller-114] DEBUG c.h.p.o.HiveMQPlatformReconciler - [helmcont] StatefulSet Spec (replicas: 1, init containers: 1, containers: 1, volumes: 3)
2025-01-28 20:41:43,155 INFO c.h.h.t.HelmChartContainer - [hivemq-test-hivemq-platform] [hivemq-platform-operator] [13a66c66] 20:41:43.154 [ReconcilerExecutor-hivemq-controller-114] DEBUG c.h.p.o.h.HiveMQPlatformReconcilerErrorHandler - [helmcont] Pod 'test-hivemq-platform-0' phase Running
2025-01-28 20:41:43,156 INFO c.h.h.t.HelmChartContainer - [hivemq-test-hivemq-platform] [hivemq-platform-operator] [13a66c66] 20:41:43.155 [ReconcilerExecutor-hivemq-controller-114] INFO  c.h.p.o.h.HiveMQPlatformReconcilerBaseHandler - [helmcont] Started rolling restart (scaling to 2 replicas)
2025-01-28 20:41:43,195 INFO c.h.h.t.HelmChartContainer - [hivemq-test-hivemq-platform] [hivemq-platform-operator] [13a66c66] 20:41:43.194 [ReconcilerExecutor-hivemq-controller-114] DEBUG c.h.p.operator.event.EventSender - [helmcont] Creating K8s event rolling-restart-started: [RollingRestart] HiveMQ Platform is starting a surge Pod (rolling restart)
2025-01-28 20:41:43,255 INFO c.h.h.t.HelmChartContainer - [EVENT] Normal [RollingRestart] HiveMQ Platform is starting a surge Pod (rolling restart) [helmcontainersecuritycontextupgradeplatformit:test-hivemq-platform]
2025-01-28 20:41:43,257 INFO c.h.h.t.HelmChartContainer - [hivemq-test-hivemq-platform] [hivemq-platform-operator] [13a66c66] 20:41:43.256 [ReconcilerExecutor-hivemq-controller-114] INFO  c.h.p.o.h.AbstractHiveMQReconcilerStateHandler - [helmcont] Update HiveMQ Platform Status (RUNNING [READY] -> ROLLING_RESTART [SURGE_IN_PROGRESS]): HiveMQ Platform is starting a surge Pod (rolling restart)
2025-01-28 20:41:43,267 DEBUG com.hivemq.helmcharts.util.K8sUtil - Comparing actual state 'ROLLING_RESTART' and waiting for 'ROLLING_RESTART'
2025-01-28 20:41:43,273 INFO c.h.h.t.HelmChartContainer - [hivemq-test-hivemq-platform] [hivemq-platform-operator] [13a66c66] 20:41:43.271 [pool-6-thread-19] DEBUG c.h.p.o.d.PlatformServiceResource - [helmcont] Desired Platform services (3 services)
2025-01-28 20:41:43,273 INFO c.h.h.t.HelmChartContainer - [hivemq-test-hivemq-platform] [hivemq-platform-operator] [13a66c66] 20:41:43.272 [pool-6-thread-14] DEBUG c.h.p.o.dependants.PodInfoConfigMap - [helmcont] Desired PodInfo ConfigMap (1 extensions) (1 enabled)
2025-01-28 20:41:43,273 INFO c.h.h.t.HelmChartContainer - [hivemq-test-hivemq-platform] [hivemq-platform-operator] [13a66c66] 20:41:43.272 [pool-6-thread-14] DEBUG c.h.p.o.dependants.PodInfoConfigMap - [helmcont] Desired PodInfo ConfigMap (metrics port: 9399) (metrics path: /)
2025-01-28 20:41:43,273 INFO c.h.h.t.HelmChartContainer - [hivemq-test-hivemq-platform] [hivemq-platform-operator] [13a66c66] 20:41:43.272 [pool-6-thread-14] DEBUG c.h.p.o.dependants.PodInfoConfigMap - [helmcont] Desired PodInfo ConfigMap (extension state hash: -1817474005)
2025-01-28 20:41:43,274 INFO c.h.h.t.HelmChartContainer - [hivemq-test-hivemq-platform] [hivemq-platform-operator] [13a66c66] 20:41:43.274 [pool-6-thread-13] DEBUG c.h.p.o.d.PodServiceAccountResource - [helmcont] Desired PodServiceAccountResource (serviceAccountName: hivemq-platform-pod-test-hivemq-platform)
2025-01-28 20:41:43,275 DEBUG com.hivemq.helmcharts.util.K8sUtil - Comparing actual state 'ROLLING_RESTART' and waiting for 'RUNNING'
2025-01-28 20:41:43,277 INFO c.h.h.t.HelmChartContainer - [hivemq-test-hivemq-platform] [hivemq-platform-operator] [13a66c66] 20:41:43.276 [pool-6-thread-14] DEBUG c.h.p.o.dependants.PodInfoConfigMap - [helmcont] Update PodInfo ConfigMap
2025-01-28 20:41:43,359 INFO c.h.h.t.HelmChartContainer - [hivemq-test-hivemq-platform] [hivemq-platform-operator] [13a66c66] 20:41:43.358 [pool-6-thread-19] DEBUG c.h.p.o.d.StatefulSetResource - [helmcont] Desired StatefulSet (2 replicas) for status ROLLING_RESTART (SURGE_IN_PROGRESS)
2025-01-28 20:41:43,364 INFO c.h.h.t.HelmChartContainer - [hivemq-test-hivemq-platform] [hivemq-platform-operator] [13a66c66] 20:41:43.362 [pool-6-thread-19] DEBUG c.h.p.o.d.StatefulSetResource - [helmcont] Update StatefulSet (replicas: 1 -> 2)
2025-01-28 20:41:43,386 INFO c.h.h.t.HelmChartContainer - [POD] test-hivemq-platform-1 [918b2933-cb4b-4122-a005-1e5c0ac84200] in helmcontainersecuritycontextupgradeplatformit was ADDED
2025-01-28 20:41:43,394 INFO c.h.h.t.HelmChartContainer - [POD] test-hivemq-platform-1 [918b2933-cb4b-4122-a005-1e5c0ac84200] in helmcontainersecuritycontextupgradeplatformit was MODIFIED
2025-01-28 20:41:43,396 INFO c.h.h.t.HelmChartContainer - [EVENT] Normal [SuccessfulCreate] create Pod test-hivemq-platform-1 in StatefulSet test-hivemq-platform successful [helmcontainersecuritycontextupgradeplatformit:test-hivemq-platform]
2025-01-28 20:41:43,396 INFO c.h.h.t.HelmChartContainer - [EVENT] Normal [Scheduled] Successfully assigned helmcontainersecuritycontextupgradeplatformit/test-hivemq-platform-1 to a4d7440200d1 [helmcontainersecuritycontextupgradeplatformit:test-hivemq-platform-1]
2025-01-28 20:41:43,404 INFO c.h.h.t.HelmChartContainer - [POD] test-hivemq-platform-1 [918b2933-cb4b-4122-a005-1e5c0ac84200] in helmcontainersecuritycontextupgradeplatformit was MODIFIED
2025-01-28 20:41:43,455 INFO c.h.h.t.HelmChartContainer - [hivemq-test-hivemq-platform] [hivemq-platform-operator] [13a66c66] 20:41:43.453 [ReconcilerExecutor-hivemq-controller-115] INFO  c.h.p.o.HiveMQPlatformReconciler - [helmcont] Reconciling HiveMQ Platform 'test-hivemq-platform' in namespace 'helmcontainersecuritycontextupgradeplatformit'
2025-01-28 20:41:43,455 INFO c.h.h.t.HelmChartContainer - [hivemq-test-hivemq-platform] [hivemq-platform-operator] [13a66c66] 20:41:43.454 [ReconcilerExecutor-hivemq-controller-115] DEBUG c.h.p.o.HiveMQPlatformReconciler - [helmcont] Custom Resource Status ROLLING_RESTART - HiveMQ Platform is starting a surge Pod (rolling restart) (SURGE_IN_PROGRESS)
2025-01-28 20:41:43,455 INFO c.h.h.t.HelmChartContainer - [hivemq-test-hivemq-platform] [hivemq-platform-operator] [13a66c66] 20:41:43.454 [ReconcilerExecutor-hivemq-controller-115] DEBUG c.h.p.o.HiveMQPlatformReconciler - [helmcont] Custom Resource Spec (replicas: 1) (extensions: 1)
2025-01-28 20:41:43,457 INFO c.h.h.t.HelmChartContainer - [hivemq-test-hivemq-platform] [hivemq-platform-operator] [13a66c66] 20:41:43.455 [ReconcilerExecutor-hivemq-controller-115] DEBUG c.h.p.o.HiveMQPlatformReconciler - [helmcont] StatefulSet Status (revision: test-hivemq-platform-579f489c45, replicas: 1, available: 1, ready: 1, current: 1, updated: 0)
2025-01-28 20:41:43,459 INFO c.h.h.t.HelmChartContainer - [hivemq-test-hivemq-platform] [hivemq-platform-operator] [13a66c66] 20:41:43.456 [ReconcilerExecutor-hivemq-controller-115] DEBUG c.h.p.o.HiveMQPlatformReconciler - [helmcont] StatefulSet Spec (replicas: 2, init containers: 1, containers: 1, volumes: 3)
2025-01-28 20:41:43,460 INFO c.h.h.t.HelmChartContainer - [hivemq-test-hivemq-platform] [hivemq-platform-operator] [13a66c66] 20:41:43.459 [ReconcilerExecutor-hivemq-controller-115] DEBUG c.h.p.o.h.HiveMQPlatformReconcilerErrorHandler - [helmcont] Pod 'test-hivemq-platform-1' phase Pending
2025-01-28 20:41:43,462 INFO c.h.h.t.HelmChartContainer - [hivemq-test-hivemq-platform] [hivemq-platform-operator] [13a66c66] 20:41:43.460 [ReconcilerExecutor-hivemq-controller-115] DEBUG c.h.p.o.h.HiveMQPlatformReconcilerErrorHandler - [helmcont] Pod 'test-hivemq-platform-1' condition 'PodReadyToStartContainers': False
2025-01-28 20:41:43,463 INFO c.h.h.t.HelmChartContainer - [hivemq-test-hivemq-platform] [hivemq-platform-operator] [13a66c66] 20:41:43.460 [ReconcilerExecutor-hivemq-controller-115] DEBUG c.h.p.o.h.HiveMQPlatformReconcilerErrorHandler - [helmcont] Pod 'test-hivemq-platform-1' condition 'Initialized': False
2025-01-28 20:41:43,463 INFO c.h.h.t.HelmChartContainer - [hivemq-test-hivemq-platform] [hivemq-platform-operator] [13a66c66] 20:41:43.460 [ReconcilerExecutor-hivemq-controller-115] DEBUG c.h.p.o.h.HiveMQPlatformReconcilerErrorHandler - [helmcont] Pod 'test-hivemq-platform-1' condition 'Ready': False
2025-01-28 20:41:43,463 INFO c.h.h.t.HelmChartContainer - [hivemq-test-hivemq-platform] [hivemq-platform-operator] [13a66c66] 20:41:43.460 [ReconcilerExecutor-hivemq-controller-115] DEBUG c.h.p.o.h.HiveMQPlatformReconcilerErrorHandler - [helmcont] Pod 'test-hivemq-platform-1' condition 'ContainersReady': False
2025-01-28 20:41:43,463 INFO c.h.h.t.HelmChartContainer - [hivemq-test-hivemq-platform] [hivemq-platform-operator] [13a66c66] 20:41:43.460 [ReconcilerExecutor-hivemq-controller-115] DEBUG c.h.p.o.h.HiveMQPlatformReconcilerErrorHandler - [helmcont] Pod 'test-hivemq-platform-1' condition 'PodScheduled': True
2025-01-28 20:41:43,463 INFO c.h.h.t.HelmChartContainer - [hivemq-test-hivemq-platform] [hivemq-platform-operator] [13a66c66] 20:41:43.461 [ReconcilerExecutor-hivemq-controller-115] DEBUG c.h.p.o.h.HiveMQPlatformReconcilerErrorHandler - [helmcont] Pod 'test-hivemq-platform-1' containerStatus 'hivemq' (started: false) (ready: false) (waiting: [PodInitializing] null)
2025-01-28 20:41:43,464 INFO c.h.h.t.HelmChartContainer - [hivemq-test-hivemq-platform] [hivemq-platform-operator] [13a66c66] 20:41:43.463 [ReconcilerExecutor-hivemq-controller-115] DEBUG c.h.p.o.h.HiveMQPlatformReconcilerErrorHandler - [helmcont] Pod 'test-hivemq-platform-0' phase Running
2025-01-28 20:41:43,467 INFO c.h.h.t.HelmChartContainer - [hivemq-test-hivemq-platform] [hivemq-platform-operator] [13a66c66] 20:41:43.465 [ReconcilerExecutor-hivemq-controller-115] DEBUG c.h.p.o.h.HiveMQPlatformReconcilerRollingRestartHandler - [helmcont] Rolling restart is waiting for 1 of 2 replicas
2025-01-28 20:41:43,490 INFO c.h.h.t.HelmChartContainer - [K3S] [reconciler_common.go:251] "operationExecutor.VerifyControllerAttachedVolume started for volume \"operator-init\" (UniqueName: \"kubernetes.io/empty-dir/918b2933-cb4b-4122-a005-1e5c0ac84200-operator-init\") pod \"test-hivemq-platform-1\" (UID: \"918b2933-cb4b-4122-a005-1e5c0ac84200\") " pod="helmcontainersecuritycontextupgradeplatformit/test-hivemq-platform-1"
2025-01-28 20:41:43,490 INFO c.h.h.t.HelmChartContainer - [K3S] [reconciler_common.go:251] "operationExecutor.VerifyControllerAttachedVolume started for volume \"pod-info\" (UniqueName: \"kubernetes.io/configmap/918b2933-cb4b-4122-a005-1e5c0ac84200-pod-info\") pod \"test-hivemq-platform-1\" (UID: \"918b2933-cb4b-4122-a005-1e5c0ac84200\") " pod="helmcontainersecuritycontextupgradeplatformit/test-hivemq-platform-1"
2025-01-28 20:41:43,490 INFO c.h.h.t.HelmChartContainer - [K3S] [reconciler_common.go:251] "operationExecutor.VerifyControllerAttachedVolume started for volume \"broker-configuration\" (UniqueName: \"kubernetes.io/configmap/918b2933-cb4b-4122-a005-1e5c0ac84200-broker-configuration\") pod \"test-hivemq-platform-1\" (UID: \"918b2933-cb4b-4122-a005-1e5c0ac84200\") " pod="helmcontainersecuritycontextupgradeplatformit/test-hivemq-platform-1"
2025-01-28 20:41:43,490 INFO c.h.h.t.HelmChartContainer - [K3S] [reconciler_common.go:251] "operationExecutor.VerifyControllerAttachedVolume started for volume \"kube-api-access-qx97x\" (UniqueName: \"kubernetes.io/projected/918b2933-cb4b-4122-a005-1e5c0ac84200-kube-api-access-qx97x\") pod \"test-hivemq-platform-1\" (UID: \"918b2933-cb4b-4122-a005-1e5c0ac84200\") " pod="helmcontainersecuritycontextupgradeplatformit/test-hivemq-platform-1"
2025-01-28 20:41:43,557 INFO c.h.h.t.HelmChartContainer - [hivemq-test-hivemq-platform] [hivemq-platform-operator] [13a66c66] 20:41:43.551 [pool-6-thread-26] DEBUG c.h.p.o.d.PlatformServiceResource - [helmcont] Desired Platform services (3 services)
2025-01-28 20:41:43,557 INFO c.h.h.t.HelmChartContainer - [hivemq-test-hivemq-platform] [hivemq-platform-operator] [13a66c66] 20:41:43.554 [pool-6-thread-25] DEBUG c.h.p.o.dependants.PodInfoConfigMap - [helmcont] Desired PodInfo ConfigMap (1 extensions) (1 enabled)
2025-01-28 20:41:43,557 INFO c.h.h.t.HelmChartContainer - [hivemq-test-hivemq-platform] [hivemq-platform-operator] [13a66c66] 20:41:43.554 [pool-6-thread-25] DEBUG c.h.p.o.dependants.PodInfoConfigMap - [helmcont] Desired PodInfo ConfigMap (metrics port: 9399) (metrics path: /)
2025-01-28 20:41:43,557 INFO c.h.h.t.HelmChartContainer - [hivemq-test-hivemq-platform] [hivemq-platform-operator] [13a66c66] 20:41:43.554 [pool-6-thread-25] DEBUG c.h.p.o.dependants.PodInfoConfigMap - [helmcont] Desired PodInfo ConfigMap (extension state hash: -1817474005)
2025-01-28 20:41:43,557 INFO c.h.h.t.HelmChartContainer - [hivemq-test-hivemq-platform] [hivemq-platform-operator] [13a66c66] 20:41:43.554 [pool-6-thread-21] DEBUG c.h.p.o.d.PodServiceAccountResource - [helmcont] Desired PodServiceAccountResource (serviceAccountName: hivemq-platform-pod-test-hivemq-platform)
2025-01-28 20:41:43,560 INFO c.h.h.t.HelmChartContainer - [hivemq-test-hivemq-platform] [hivemq-platform-operator] [13a66c66] 20:41:43.558 [pool-6-thread-26] DEBUG c.h.p.o.d.StatefulSetResource - [helmcont] Desired StatefulSet (2 replicas) for status ROLLING_RESTART (SURGE_IN_PROGRESS)
2025-01-28 20:41:43,593 INFO c.h.h.t.HelmChartContainer - [hivemq-test-hivemq-platform] [hivemq-platform-operator] [13a66c66] 20:41:43.591 [ReconcilerExecutor-hivemq-controller-116] INFO  c.h.p.o.HiveMQPlatformReconciler - [helmcont] Reconciling HiveMQ Platform 'test-hivemq-platform' in namespace 'helmcontainersecuritycontextupgradeplatformit'
2025-01-28 20:41:43,593 INFO c.h.h.t.HelmChartContainer - [hivemq-test-hivemq-platform] [hivemq-platform-operator] [13a66c66] 20:41:43.591 [ReconcilerExecutor-hivemq-controller-116] DEBUG c.h.p.o.HiveMQPlatformReconciler - [helmcont] Custom Resource Status ROLLING_RESTART - HiveMQ Platform is starting a surge Pod (rolling restart) (SURGE_IN_PROGRESS)
2025-01-28 20:41:43,652 INFO c.h.h.t.HelmChartContainer - [hivemq-test-hivemq-platform] [hivemq-platform-operator] [13a66c66] 20:41:43.591 [ReconcilerExecutor-hivemq-controller-116] DEBUG c.h.p.o.HiveMQPlatformReconciler - [helmcont] Custom Resource Spec (replicas: 1) (extensions: 1)
2025-01-28 20:41:43,655 INFO c.h.h.t.HelmChartContainer - [hivemq-test-hivemq-platform] [hivemq-platform-operator] [13a66c66] 20:41:43.654 [ReconcilerExecutor-hivemq-controller-116] DEBUG c.h.p.o.HiveMQPlatformReconciler - [helmcont] StatefulSet Status (revision: test-hivemq-platform-579f489c45, replicas: 2, available: 1, ready: 1, current: 1, updated: 1)
2025-01-28 20:41:43,656 INFO c.h.h.t.HelmChartContainer - [hivemq-test-hivemq-platform] [hivemq-platform-operator] [13a66c66] 20:41:43.654 [ReconcilerExecutor-hivemq-controller-116] DEBUG c.h.p.o.HiveMQPlatformReconciler - [helmcont] StatefulSet Spec (replicas: 2, init containers: 1, containers: 1, volumes: 3)
2025-01-28 20:41:43,660 INFO c.h.h.t.HelmChartContainer - [hivemq-test-hivemq-platform] [hivemq-platform-operator] [13a66c66] 20:41:43.658 [ReconcilerExecutor-hivemq-controller-116] DEBUG c.h.p.o.h.HiveMQPlatformReconcilerErrorHandler - [helmcont] Pod 'test-hivemq-platform-1' phase Pending
2025-01-28 20:41:43,661 INFO c.h.h.t.HelmChartContainer - [hivemq-test-hivemq-platform] [hivemq-platform-operator] [13a66c66] 20:41:43.658 [ReconcilerExecutor-hivemq-controller-116] DEBUG c.h.p.o.h.HiveMQPlatformReconcilerErrorHandler - [helmcont] Pod 'test-hivemq-platform-1' condition 'PodReadyToStartContainers': False
2025-01-28 20:41:43,661 INFO c.h.h.t.HelmChartContainer - [hivemq-test-hivemq-platform] [hivemq-platform-operator] [13a66c66] 20:41:43.658 [ReconcilerExecutor-hivemq-controller-116] DEBUG c.h.p.o.h.HiveMQPlatformReconcilerErrorHandler - [helmcont] Pod 'test-hivemq-platform-1' condition 'Initialized': False
2025-01-28 20:41:43,661 INFO c.h.h.t.HelmChartContainer - [hivemq-test-hivemq-platform] [hivemq-platform-operator] [13a66c66] 20:41:43.658 [ReconcilerExecutor-hivemq-controller-116] DEBUG c.h.p.o.h.HiveMQPlatformReconcilerErrorHandler - [helmcont] Pod 'test-hivemq-platform-1' condition 'Ready': False
2025-01-28 20:41:43,661 INFO c.h.h.t.HelmChartContainer - [hivemq-test-hivemq-platform] [hivemq-platform-operator] [13a66c66] 20:41:43.658 [ReconcilerExecutor-hivemq-controller-116] DEBUG c.h.p.o.h.HiveMQPlatformReconcilerErrorHandler - [helmcont] Pod 'test-hivemq-platform-1' condition 'ContainersReady': False
2025-01-28 20:41:43,661 INFO c.h.h.t.HelmChartContainer - [hivemq-test-hivemq-platform] [hivemq-platform-operator] [13a66c66] 20:41:43.658 [ReconcilerExecutor-hivemq-controller-116] DEBUG c.h.p.o.h.HiveMQPlatformReconcilerErrorHandler - [helmcont] Pod 'test-hivemq-platform-1' condition 'PodScheduled': True
2025-01-28 20:41:43,661 INFO c.h.h.t.HelmChartContainer - [hivemq-test-hivemq-platform] [hivemq-platform-operator] [13a66c66] 20:41:43.659 [ReconcilerExecutor-hivemq-controller-116] DEBUG c.h.p.o.h.HiveMQPlatformReconcilerErrorHandler - [helmcont] Pod 'test-hivemq-platform-1' containerStatus 'hivemq' (started: false) (ready: false) (waiting: [PodInitializing] null)
2025-01-28 20:41:43,664 INFO c.h.h.t.HelmChartContainer - [hivemq-test-hivemq-platform] [hivemq-platform-operator] [13a66c66] 20:41:43.663 [ReconcilerExecutor-hivemq-controller-116] DEBUG c.h.p.o.h.HiveMQPlatformReconcilerErrorHandler - [helmcont] Pod 'test-hivemq-platform-0' phase Running
2025-01-28 20:41:43,665 INFO c.h.h.t.HelmChartContainer - [hivemq-test-hivemq-platform] [hivemq-platform-operator] [13a66c66] 20:41:43.664 [ReconcilerExecutor-hivemq-controller-116] DEBUG c.h.p.o.h.HiveMQPlatformReconcilerRollingRestartHandler - [helmcont] Rolling restart is waiting for 1 of 2 replicas
2025-01-28 20:41:43,791 INFO c.h.h.t.HelmChartContainer - [EVENT] Normal [Pulled] Container image "docker.io/hivemq/hivemq-platform-operator-init-test:snapshot" already present on machine [helmcontainersecuritycontextupgradeplatformit:test-hivemq-platform-1]
2025-01-28 20:41:43,798 INFO c.h.h.t.HelmChartContainer - [EVENT] Normal [Created] Created container: hivemq-platform-operator-init [helmcontainersecuritycontextupgradeplatformit:test-hivemq-platform-1]
2025-01-28 20:41:43,834 INFO c.h.h.t.HelmChartContainer - [EVENT] Normal [Started] Started container hivemq-platform-operator-init [helmcontainersecuritycontextupgradeplatformit:test-hivemq-platform-1]
2025-01-28 20:41:44,340 INFO c.h.h.t.HelmChartContainer - [EVENT] Normal [Pulled] Container image "docker.io/hivemq/hivemq4:4.36.0" already present on machine [helmcontainersecuritycontextupgradeplatformit:test-hivemq-platform-1]
2025-01-28 20:41:44,340 INFO c.h.h.t.HelmChartContainer - Received Pulled event for container hivemq in pod test-hivemq-platform-1 [918b2933-cb4b-4122-a005-1e5c0ac84200]
2025-01-28 20:41:44,358 INFO c.h.h.t.HelmChartContainer - [POD] test-hivemq-platform-1 [918b2933-cb4b-4122-a005-1e5c0ac84200] in helmcontainersecuritycontextupgradeplatformit was MODIFIED
2025-01-28 20:41:44,381 INFO c.h.h.t.HelmChartContainer - [hivemq-test-hivemq-platform] [hivemq-platform-operator] [13a66c66] 20:41:44.368 [pool-6-thread-33] DEBUG c.h.p.o.d.PlatformServiceResource - [helmcont] Desired Platform services (3 services)
2025-01-28 20:41:44,386 INFO c.h.h.t.HelmChartContainer - [EVENT] Normal [Created] Created container: hivemq [helmcontainersecuritycontextupgradeplatformit:test-hivemq-platform-1]
2025-01-28 20:41:44,386 INFO c.h.h.t.HelmChartContainer - Received Created event for container hivemq in pod test-hivemq-platform-1 [918b2933-cb4b-4122-a005-1e5c0ac84200]
2025-01-28 20:41:44,390 INFO c.h.h.t.HelmChartContainer - [hivemq-test-hivemq-platform] [hivemq-platform-operator] [13a66c66] 20:41:44.382 [pool-6-thread-36] DEBUG c.h.p.o.d.PodServiceAccountResource - [helmcont] Desired PodServiceAccountResource (serviceAccountName: hivemq-platform-pod-test-hivemq-platform)
2025-01-28 20:41:44,391 INFO c.h.h.t.HelmChartContainer - [hivemq-test-hivemq-platform] [hivemq-platform-operator] [13a66c66] 20:41:44.369 [pool-6-thread-34] DEBUG c.h.p.o.dependants.PodInfoConfigMap - [helmcont] Desired PodInfo ConfigMap (1 extensions) (1 enabled)
2025-01-28 20:41:44,391 INFO c.h.h.t.HelmChartContainer - [hivemq-test-hivemq-platform] [hivemq-platform-operator] [13a66c66] 20:41:44.382 [pool-6-thread-34] DEBUG c.h.p.o.dependants.PodInfoConfigMap - [helmcont] Desired PodInfo ConfigMap (metrics port: 9399) (metrics path: /)
2025-01-28 20:41:44,391 INFO c.h.h.t.HelmChartContainer - [hivemq-test-hivemq-platform] [hivemq-platform-operator] [13a66c66] 20:41:44.383 [pool-6-thread-34] DEBUG c.h.p.o.dependants.PodInfoConfigMap - [helmcont] Desired PodInfo ConfigMap (extension state hash: -1817474005)
2025-01-28 20:41:44,395 INFO c.h.h.t.HelmChartContainer - [hivemq-test-hivemq-platform] [hivemq-platform-operator] [13a66c66] 20:41:44.393 [pool-6-thread-33] DEBUG c.h.p.o.d.StatefulSetResource - [helmcont] Desired StatefulSet (2 replicas) for status ROLLING_RESTART (SURGE_IN_PROGRESS)
2025-01-28 20:41:44,456 INFO c.h.h.t.HelmChartContainer - [hivemq-test-hivemq-platform] [hivemq-platform-operator] [13a66c66] 20:41:44.454 [ReconcilerExecutor-hivemq-controller-117] INFO  c.h.p.o.HiveMQPlatformReconciler - [helmcont] Reconciling HiveMQ Platform 'test-hivemq-platform' in namespace 'helmcontainersecuritycontextupgradeplatformit'
2025-01-28 20:41:44,456 INFO c.h.h.t.HelmChartContainer - [hivemq-test-hivemq-platform] [hivemq-platform-operator] [13a66c66] 20:41:44.454 [ReconcilerExecutor-hivemq-controller-117] DEBUG c.h.p.o.HiveMQPlatformReconciler - [helmcont] Custom Resource Status ROLLING_RESTART - HiveMQ Platform is starting a surge Pod (rolling restart) (SURGE_IN_PROGRESS)
2025-01-28 20:41:44,457 INFO c.h.h.t.HelmChartContainer - [hivemq-test-hivemq-platform] [hivemq-platform-operator] [13a66c66] 20:41:44.455 [ReconcilerExecutor-hivemq-controller-117] DEBUG c.h.p.o.HiveMQPlatformReconciler - [helmcont] Custom Resource Spec (replicas: 1) (extensions: 1)
2025-01-28 20:41:44,458 INFO c.h.h.t.HelmChartContainer - [hivemq-test-hivemq-platform] [hivemq-platform-operator] [13a66c66] 20:41:44.457 [ReconcilerExecutor-hivemq-controller-117] DEBUG c.h.p.o.HiveMQPlatformReconciler - [helmcont] StatefulSet Status (revision: test-hivemq-platform-579f489c45, replicas: 2, available: 1, ready: 1, current: 1, updated: 1)
2025-01-28 20:41:44,459 INFO c.h.h.t.HelmChartContainer - [hivemq-test-hivemq-platform] [hivemq-platform-operator] [13a66c66] 20:41:44.457 [ReconcilerExecutor-hivemq-controller-117] DEBUG c.h.p.o.HiveMQPlatformReconciler - [helmcont] StatefulSet Spec (replicas: 2, init containers: 1, containers: 1, volumes: 3)
2025-01-28 20:41:44,461 INFO c.h.h.t.HelmChartContainer - [hivemq-test-hivemq-platform] [hivemq-platform-operator] [13a66c66] 20:41:44.460 [ReconcilerExecutor-hivemq-controller-117] DEBUG c.h.p.o.h.HiveMQPlatformReconcilerErrorHandler - [helmcont] Pod 'test-hivemq-platform-1' phase Pending
2025-01-28 20:41:44,461 INFO c.h.h.t.HelmChartContainer - [hivemq-test-hivemq-platform] [hivemq-platform-operator] [13a66c66] 20:41:44.460 [ReconcilerExecutor-hivemq-controller-117] DEBUG c.h.p.o.h.HiveMQPlatformReconcilerErrorHandler - [helmcont] Pod 'test-hivemq-platform-1' condition 'PodReadyToStartContainers': True
2025-01-28 20:41:44,462 INFO c.h.h.t.HelmChartContainer - [hivemq-test-hivemq-platform] [hivemq-platform-operator] [13a66c66] 20:41:44.460 [ReconcilerExecutor-hivemq-controller-117] DEBUG c.h.p.o.h.HiveMQPlatformReconcilerErrorHandler - [helmcont] Pod 'test-hivemq-platform-1' condition 'Initialized': True
2025-01-28 20:41:44,464 INFO c.h.h.t.HelmChartContainer - [hivemq-test-hivemq-platform] [hivemq-platform-operator] [13a66c66] 20:41:44.460 [ReconcilerExecutor-hivemq-controller-117] DEBUG c.h.p.o.h.HiveMQPlatformReconcilerErrorHandler - [helmcont] Pod 'test-hivemq-platform-1' condition 'Ready': False
2025-01-28 20:41:44,464 INFO c.h.h.t.HelmChartContainer - [hivemq-test-hivemq-platform] [hivemq-platform-operator] [13a66c66] 20:41:44.460 [ReconcilerExecutor-hivemq-controller-117] DEBUG c.h.p.o.h.HiveMQPlatformReconcilerErrorHandler - [helmcont] Pod 'test-hivemq-platform-1' condition 'ContainersReady': False
2025-01-28 20:41:44,464 INFO c.h.h.t.HelmChartContainer - [hivemq-test-hivemq-platform] [hivemq-platform-operator] [13a66c66] 20:41:44.460 [ReconcilerExecutor-hivemq-controller-117] DEBUG c.h.p.o.h.HiveMQPlatformReconcilerErrorHandler - [helmcont] Pod 'test-hivemq-platform-1' condition 'PodScheduled': True
2025-01-28 20:41:44,464 INFO c.h.h.t.HelmChartContainer - [hivemq-test-hivemq-platform] [hivemq-platform-operator] [13a66c66] 20:41:44.460 [ReconcilerExecutor-hivemq-controller-117] DEBUG c.h.p.o.h.HiveMQPlatformReconcilerErrorHandler - [helmcont] Pod 'test-hivemq-platform-1' containerStatus 'hivemq' (started: false) (ready: false) (waiting: [PodInitializing] null)
2025-01-28 20:41:44,464 INFO c.h.h.t.HelmChartContainer - [hivemq-test-hivemq-platform] [hivemq-platform-operator] [13a66c66] 20:41:44.462 [ReconcilerExecutor-hivemq-controller-117] DEBUG c.h.p.o.h.HiveMQPlatformReconcilerErrorHandler - [helmcont] Pod 'test-hivemq-platform-0' phase Running
2025-01-28 20:41:44,465 INFO c.h.h.t.HelmChartContainer - [hivemq-test-hivemq-platform] [hivemq-platform-operator] [13a66c66] 20:41:44.463 [ReconcilerExecutor-hivemq-controller-117] DEBUG c.h.p.o.h.HiveMQPlatformReconcilerRollingRestartHandler - [helmcont] Rolling restart is waiting for 1 of 2 replicas
2025-01-28 20:41:45,356 INFO c.h.h.t.HelmChartContainer - [POD] test-hivemq-platform-1 [918b2933-cb4b-4122-a005-1e5c0ac84200] in helmcontainersecuritycontextupgradeplatformit was MODIFIED
2025-01-28 20:41:45,362 INFO c.h.h.t.HelmChartContainer - Started log watcher for hivemq in pod test-hivemq-platform-1 [918b2933-cb4b-4122-a005-1e5c0ac84200]
2025-01-28 20:41:45,362 INFO c.h.h.t.HelmChartContainer - [test-hivemq-platform] [hivemq] [918b2933] Adding pre-installed HiveMQ Platform Operator extensions
2025-01-28 20:41:45,362 INFO c.h.h.t.HelmChartContainer - [test-hivemq-platform] [hivemq] [918b2933] Running as user 0
2025-01-28 20:41:45,362 INFO c.h.h.t.HelmChartContainer - [test-hivemq-platform] [hivemq] [918b2933] Starting HiveMQ Platform Operator Init
2025-01-28 20:41:45,362 INFO c.h.h.t.HelmChartContainer - [EVENT] Normal [Started] Started container hivemq [helmcontainersecuritycontextupgradeplatformit:test-hivemq-platform-1]
2025-01-28 20:41:45,362 INFO c.h.h.t.HelmChartContainer - Received Started event for container hivemq in pod test-hivemq-platform-1 [918b2933-cb4b-4122-a005-1e5c0ac84200]
2025-01-28 20:41:45,371 INFO c.h.h.t.HelmChartContainer - [hivemq-test-hivemq-platform] [hivemq-platform-operator] [13a66c66] 20:41:45.367 [pool-6-thread-48] DEBUG c.h.p.o.d.PlatformServiceResource - [helmcont] Desired Platform services (3 services)
2025-01-28 20:41:45,371 INFO c.h.h.t.HelmChartContainer - [hivemq-test-hivemq-platform] [hivemq-platform-operator] [13a66c66] 20:41:45.368 [pool-6-thread-49] DEBUG c.h.p.o.dependants.PodInfoConfigMap - [helmcont] Desired PodInfo ConfigMap (1 extensions) (1 enabled)
2025-01-28 20:41:45,371 INFO c.h.h.t.HelmChartContainer - [hivemq-test-hivemq-platform] [hivemq-platform-operator] [13a66c66] 20:41:45.368 [pool-6-thread-49] DEBUG c.h.p.o.dependants.PodInfoConfigMap - [helmcont] Desired PodInfo ConfigMap (metrics port: 9399) (metrics path: /)
2025-01-28 20:41:45,371 INFO c.h.h.t.HelmChartContainer - [hivemq-test-hivemq-platform] [hivemq-platform-operator] [13a66c66] 20:41:45.368 [pool-6-thread-49] DEBUG c.h.p.o.dependants.PodInfoConfigMap - [helmcont] Desired PodInfo ConfigMap (extension state hash: -1817474005)
2025-01-28 20:41:45,376 INFO c.h.h.t.HelmChartContainer - [hivemq-test-hivemq-platform] [hivemq-platform-operator] [13a66c66] 20:41:45.373 [pool-6-thread-49] DEBUG c.h.p.o.d.PodServiceAccountResource - [helmcont] Desired PodServiceAccountResource (serviceAccountName: hivemq-platform-pod-test-hivemq-platform)
2025-01-28 20:41:45,382 INFO c.h.h.t.HelmChartContainer - [hivemq-test-hivemq-platform] [hivemq-platform-operator] [13a66c66] 20:41:45.381 [pool-6-thread-41] DEBUG c.h.p.o.d.StatefulSetResource - [helmcont] Desired StatefulSet (2 replicas) for status ROLLING_RESTART (SURGE_IN_PROGRESS)
2025-01-28 20:41:45,391 INFO c.h.h.t.HelmChartContainer - [hivemq-test-hivemq-platform] [hivemq-platform-operator] [13a66c66] 20:41:45.390 [ReconcilerExecutor-hivemq-controller-118] INFO  c.h.p.o.HiveMQPlatformReconciler - [helmcont] Reconciling HiveMQ Platform 'test-hivemq-platform' in namespace 'helmcontainersecuritycontextupgradeplatformit'
2025-01-28 20:41:45,391 INFO c.h.h.t.HelmChartContainer - [hivemq-test-hivemq-platform] [hivemq-platform-operator] [13a66c66] 20:41:45.390 [ReconcilerExecutor-hivemq-controller-118] DEBUG c.h.p.o.HiveMQPlatformReconciler - [helmcont] Custom Resource Status ROLLING_RESTART - HiveMQ Platform is starting a surge Pod (rolling restart) (SURGE_IN_PROGRESS)
2025-01-28 20:41:45,391 INFO c.h.h.t.HelmChartContainer - [hivemq-test-hivemq-platform] [hivemq-platform-operator] [13a66c66] 20:41:45.390 [ReconcilerExecutor-hivemq-controller-118] DEBUG c.h.p.o.HiveMQPlatformReconciler - [helmcont] Custom Resource Spec (replicas: 1) (extensions: 1)
2025-01-28 20:41:45,453 INFO c.h.h.t.HelmChartContainer - [hivemq-test-hivemq-platform] [hivemq-platform-operator] [13a66c66] 20:41:45.451 [ReconcilerExecutor-hivemq-controller-118] DEBUG c.h.p.o.HiveMQPlatformReconciler - [helmcont] StatefulSet Status (revision: test-hivemq-platform-579f489c45, replicas: 2, available: 1, ready: 1, current: 1, updated: 1)
2025-01-28 20:41:45,453 INFO c.h.h.t.HelmChartContainer - [hivemq-test-hivemq-platform] [hivemq-platform-operator] [13a66c66] 20:41:45.452 [ReconcilerExecutor-hivemq-controller-118] DEBUG c.h.p.o.HiveMQPlatformReconciler - [helmcont] StatefulSet Spec (replicas: 2, init containers: 1, containers: 1, volumes: 3)
2025-01-28 20:41:45,455 INFO c.h.h.t.HelmChartContainer - [hivemq-test-hivemq-platform] [hivemq-platform-operator] [13a66c66] 20:41:45.453 [ReconcilerExecutor-hivemq-controller-118] DEBUG c.h.p.o.h.HiveMQPlatformReconcilerErrorHandler - [helmcont] Pod 'test-hivemq-platform-1' phase Running
2025-01-28 20:41:45,456 INFO c.h.h.t.HelmChartContainer - [hivemq-test-hivemq-platform] [hivemq-platform-operator] [13a66c66] 20:41:45.455 [ReconcilerExecutor-hivemq-controller-118] DEBUG c.h.p.o.h.HiveMQPlatformReconcilerErrorHandler - [helmcont] Pod 'test-hivemq-platform-0' phase Running
2025-01-28 20:41:45,457 INFO c.h.h.t.HelmChartContainer - [hivemq-test-hivemq-platform] [hivemq-platform-operator] [13a66c66] 20:41:45.456 [ReconcilerExecutor-hivemq-controller-118] DEBUG c.h.p.o.h.HiveMQPlatformReconcilerRollingRestartHandler - [helmcont] Rolling restart is waiting for 1 of 2 replicas
2025-01-28 20:41:45,775 INFO c.h.h.t.HelmChartContainer - [test-hivemq-platform] [hivemq] [918b2933] INFO  - [HiveMQ Platform Operator Init 1.7.0-SNAPSHOT] HiveMQ Platform Operator Init 1.7.0-SNAPSHOT (commit: bebf408 on branch: HEAD) built on Sun Jan 26 20:47:47 UTC 2025
2025-01-28 20:41:46,961 INFO c.h.h.t.HelmChartContainer - [test-hivemq-platform] [hivemq] [918b2933] INFO  - [HiveMQ Platform Operator Init App 1.7.0-SNAPSHOT] Using bind address 10.42.0.7 from environment variable
2025-01-28 20:41:47,952 INFO c.h.h.t.HelmChartContainer - [test-hivemq-platform] [hivemq] [918b2933] INFO  - [HiveMQ Platform Operator Init App 1.7.0-SNAPSHOT] HiveMQ Platform Operator Init App 1.7.0-SNAPSHOT (commit: bebf408 on branch: HEAD) built on Sun Jan 26 20:47:47 UTC 2025
2025-01-28 20:41:47,954 INFO c.h.h.t.HelmChartContainer - [test-hivemq-platform] [hivemq] [918b2933] INFO  - [HiveMQ Platform Operator Init App 1.7.0-SNAPSHOT] PodInfo ConfigMap directory: /etc/podinfo
2025-01-28 20:41:47,954 INFO c.h.h.t.HelmChartContainer - [test-hivemq-platform] [hivemq] [918b2933] INFO  - [HiveMQ Platform Operator Init App 1.7.0-SNAPSHOT] HiveMQ home directory: /opt/hivemq
2025-01-28 20:41:47,954 INFO c.h.h.t.HelmChartContainer - [test-hivemq-platform] [hivemq] [918b2933] INFO  - [HiveMQ Platform Operator Init App 1.7.0-SNAPSHOT] HiveMQ Logback folder: /opt/hivemq/conf
2025-01-28 20:41:47,954 INFO c.h.h.t.HelmChartContainer - [test-hivemq-platform] [hivemq] [918b2933] INFO  - [HiveMQ Platform Operator Init App 1.7.0-SNAPSHOT] HiveMQ Config folder: /opt/hivemq/conf-k8s
2025-01-28 20:41:47,954 INFO c.h.h.t.HelmChartContainer - [test-hivemq-platform] [hivemq] [918b2933] INFO  - [HiveMQ Platform Operator Init App 1.7.0-SNAPSHOT] Starting HiveMQ Platform Operator Init App
2025-01-28 20:41:47,955 INFO c.h.h.t.HelmChartContainer - [test-hivemq-platform] [hivemq] [918b2933] INFO  - [HiveMQ Platform Operator Init App 1.7.0-SNAPSHOT] Starting Pod reconciler
2025-01-28 20:41:49,252 INFO c.h.h.t.HelmChartContainer - [test-hivemq-platform] [hivemq] [918b2933] INFO  - [HiveMQ Platform Operator Init App 1.7.0-SNAPSHOT] Pod reconciler is scheduled (interval: 5000 ms)
2025-01-28 20:41:49,253 INFO c.h.h.t.HelmChartContainer - [test-hivemq-platform] [hivemq] [918b2933] INFO  - [HiveMQ Platform Operator Init App 1.7.0-SNAPSHOT] Starting the REST API on 10.42.0.7:7979
2025-01-28 20:41:49,264 INFO c.h.h.t.HelmChartContainer - [test-hivemq-platform] [hivemq] [918b2933] INFO  - [HiveMQ Platform Operator Init App 1.7.0-SNAPSHOT] Waiting up to 600s for at most 2 HiveMQ nodes in cluster service hivemq-test-hivemq-platform-cluster.helmcontainersecuritycontextupgradeplatformit.svc
2025-01-28 20:41:49,651 INFO c.h.h.t.HelmChartContainer - [test-hivemq-platform] [hivemq] [918b2933] INFO  - [HiveMQ Platform Operator Init App 1.7.0-SNAPSHOT] Resolved 2 IP addresses: [10.42.0.6, 10.42.0.7]
2025-01-28 20:41:49,652 INFO c.h.h.t.HelmChartContainer - [test-hivemq-platform] [hivemq] [918b2933] INFO  - [HiveMQ Platform Operator Init App 1.7.0-SNAPSHOT] HiveMQ node count of 2 is within threshold of 2
2025-01-28 20:41:49,652 INFO c.h.h.t.HelmChartContainer - [test-hivemq-platform] [hivemq] [918b2933] INFO  - [HiveMQ Platform Operator Init App 1.7.0-SNAPSHOT] Waiting 15s for previous shutdown replication to finish...
2025-01-28 20:41:51,349 INFO c.h.h.t.HelmChartContainer - [test-hivemq-platform] [hivemq] [918b2933] INFO  - [HiveMQ Platform Operator Init App 1.7.0-SNAPSHOT] Returning default Health API response 503 for readiness
2025-01-28 20:41:51,471 INFO c.h.h.t.HelmChartContainer - [EVENT] Warning [Unhealthy] Readiness probe failed: HTTP probe failed with statuscode: 503 [helmcontainersecuritycontextupgradeplatformit:test-hivemq-platform-1]
2025-01-28 20:41:51,471 INFO c.h.h.t.HelmChartContainer - Received Unhealthy event for container hivemq in pod test-hivemq-platform-1 [918b2933-cb4b-4122-a005-1e5c0ac84200]
2025-01-28 20:41:55,465 INFO c.h.h.t.HelmChartContainer - [hivemq-test-hivemq-platform] [hivemq-platform-operator] [13a66c66] 20:41:55.462 [pool-6-thread-4] DEBUG c.h.p.o.d.PlatformServiceResource - [helmcont] Desired Platform services (3 services)
2025-01-28 20:41:55,467 INFO c.h.h.t.HelmChartContainer - [hivemq-test-hivemq-platform] [hivemq-platform-operator] [13a66c66] 20:41:55.462 [pool-6-thread-7] DEBUG c.h.p.o.dependants.PodInfoConfigMap - [helmcont] Desired PodInfo ConfigMap (1 extensions) (1 enabled)
2025-01-28 20:41:55,470 INFO c.h.h.t.HelmChartContainer - [hivemq-test-hivemq-platform] [hivemq-platform-operator] [13a66c66] 20:41:55.466 [pool-6-thread-7] DEBUG c.h.p.o.dependants.PodInfoConfigMap - [helmcont] Desired PodInfo ConfigMap (metrics port: 9399) (metrics path: /)
2025-01-28 20:41:55,470 INFO c.h.h.t.HelmChartContainer - [hivemq-test-hivemq-platform] [hivemq-platform-operator] [13a66c66] 20:41:55.468 [pool-6-thread-7] DEBUG c.h.p.o.dependants.PodInfoConfigMap - [helmcont] Desired PodInfo ConfigMap (extension state hash: -1817474005)
2025-01-28 20:41:55,470 INFO c.h.h.t.HelmChartContainer - [hivemq-test-hivemq-platform] [hivemq-platform-operator] [13a66c66] 20:41:55.464 [pool-6-thread-3] DEBUG c.h.p.o.d.PodServiceAccountResource - [helmcont] Desired PodServiceAccountResource (serviceAccountName: hivemq-platform-pod-test-hivemq-platform)
2025-01-28 20:41:55,474 INFO c.h.h.t.HelmChartContainer - [hivemq-test-hivemq-platform] [hivemq-platform-operator] [13a66c66] 20:41:55.473 [pool-6-thread-4] DEBUG c.h.p.o.d.StatefulSetResource - [helmcont] Desired StatefulSet (2 replicas) for status ROLLING_RESTART (SURGE_IN_PROGRESS)
2025-01-28 20:41:55,480 INFO c.h.h.t.HelmChartContainer - [hivemq-test-hivemq-platform] [hivemq-platform-operator] [13a66c66] 20:41:55.479 [ReconcilerExecutor-hivemq-controller-119] INFO  c.h.p.o.HiveMQPlatformReconciler - [helmcont] Reconciling HiveMQ Platform 'test-hivemq-platform' in namespace 'helmcontainersecuritycontextupgradeplatformit'
2025-01-28 20:41:55,481 INFO c.h.h.t.HelmChartContainer - [hivemq-test-hivemq-platform] [hivemq-platform-operator] [13a66c66] 20:41:55.479 [ReconcilerExecutor-hivemq-controller-119] DEBUG c.h.p.o.HiveMQPlatformReconciler - [helmcont] Custom Resource Status ROLLING_RESTART - HiveMQ Platform is starting a surge Pod (rolling restart) (SURGE_IN_PROGRESS)
2025-01-28 20:41:55,481 INFO c.h.h.t.HelmChartContainer - [hivemq-test-hivemq-platform] [hivemq-platform-operator] [13a66c66] 20:41:55.479 [ReconcilerExecutor-hivemq-controller-119] DEBUG c.h.p.o.HiveMQPlatformReconciler - [helmcont] Custom Resource Spec (replicas: 1) (extensions: 1)
2025-01-28 20:41:55,483 INFO c.h.h.t.HelmChartContainer - [hivemq-test-hivemq-platform] [hivemq-platform-operator] [13a66c66] 20:41:55.481 [ReconcilerExecutor-hivemq-controller-119] DEBUG c.h.p.o.HiveMQPlatformReconciler - [helmcont] StatefulSet Status (revision: test-hivemq-platform-579f489c45, replicas: 2, available: 1, ready: 1, current: 1, updated: 1)
2025-01-28 20:41:55,483 INFO c.h.h.t.HelmChartContainer - [hivemq-test-hivemq-platform] [hivemq-platform-operator] [13a66c66] 20:41:55.482 [ReconcilerExecutor-hivemq-controller-119] DEBUG c.h.p.o.HiveMQPlatformReconciler - [helmcont] StatefulSet Spec (replicas: 2, init containers: 1, containers: 1, volumes: 3)
2025-01-28 20:41:55,553 INFO c.h.h.t.HelmChartContainer - [hivemq-test-hivemq-platform] [hivemq-platform-operator] [13a66c66] 20:41:55.551 [ReconcilerExecutor-hivemq-controller-119] DEBUG c.h.p.o.h.HiveMQPlatformReconcilerErrorHandler - [helmcont] Pod 'test-hivemq-platform-1' phase Running
2025-01-28 20:41:55,554 INFO c.h.h.t.HelmChartContainer - [hivemq-test-hivemq-platform] [hivemq-platform-operator] [13a66c66] 20:41:55.553 [ReconcilerExecutor-hivemq-controller-119] DEBUG c.h.p.o.h.HiveMQPlatformReconcilerErrorHandler - [helmcont] Pod 'test-hivemq-platform-0' phase Running
2025-01-28 20:41:55,555 INFO c.h.h.t.HelmChartContainer - [hivemq-test-hivemq-platform] [hivemq-platform-operator] [13a66c66] 20:41:55.554 [ReconcilerExecutor-hivemq-controller-119] DEBUG c.h.p.o.h.HiveMQPlatformReconcilerRollingRestartHandler - [helmcont] Rolling restart is waiting for 1 of 2 replicas
2025-01-28 20:41:56,369 INFO c.h.h.t.HelmChartContainer - [EVENT] Warning [Unhealthy] Readiness probe failed: HTTP probe failed with statuscode: 503 [helmcontainersecuritycontextupgradeplatformit:test-hivemq-platform-1]
2025-01-28 20:41:56,370 INFO c.h.h.t.HelmChartContainer - Received Unhealthy event for container hivemq in pod test-hivemq-platform-1 [918b2933-cb4b-4122-a005-1e5c0ac84200]
2025-01-28 20:41:56,765 INFO c.h.h.t.HelmChartContainer - [test-hivemq-platform] [hivemq] [918b2933] INFO  - [HiveMQ Platform Operator Init App 1.7.0-SNAPSHOT] Updating Pod HiveMQ Platform Operator Init App version annotation (version: 1.7.0-SNAPSHOT)
2025-01-28 20:41:56,988 INFO c.h.h.t.HelmChartContainer - [POD] test-hivemq-platform-1 [918b2933-cb4b-4122-a005-1e5c0ac84200] in helmcontainersecuritycontextupgradeplatformit was MODIFIED
2025-01-28 20:41:56,995 INFO c.h.h.t.HelmChartContainer - [hivemq-test-hivemq-platform] [hivemq-platform-operator] [13a66c66] 20:41:56.993 [pool-6-thread-18] DEBUG c.h.p.o.dependants.PodInfoConfigMap - [helmcont] Desired PodInfo ConfigMap (1 extensions) (1 enabled)
2025-01-28 20:41:56,995 INFO c.h.h.t.HelmChartContainer - [hivemq-test-hivemq-platform] [hivemq-platform-operator] [13a66c66] 20:41:56.994 [pool-6-thread-18] DEBUG c.h.p.o.dependants.PodInfoConfigMap - [helmcont] Desired PodInfo ConfigMap (metrics port: 9399) (metrics path: /)
2025-01-28 20:41:56,996 INFO c.h.h.t.HelmChartContainer - [hivemq-test-hivemq-platform] [hivemq-platform-operator] [13a66c66] 20:41:56.995 [pool-6-thread-18] DEBUG c.h.p.o.dependants.PodInfoConfigMap - [helmcont] Desired PodInfo ConfigMap (extension state hash: -1817474005)
2025-01-28 20:41:56,997 INFO c.h.h.t.HelmChartContainer - [hivemq-test-hivemq-platform] [hivemq-platform-operator] [13a66c66] 20:41:56.994 [pool-6-thread-12] DEBUG c.h.p.o.d.PodServiceAccountResource - [helmcont] Desired PodServiceAccountResource (serviceAccountName: hivemq-platform-pod-test-hivemq-platform)
2025-01-28 20:41:56,997 INFO c.h.h.t.HelmChartContainer - [hivemq-test-hivemq-platform] [hivemq-platform-operator] [13a66c66] 20:41:56.995 [pool-6-thread-14] DEBUG c.h.p.o.d.PlatformServiceResource - [helmcont] Desired Platform services (3 services)
2025-01-28 20:41:57,002 INFO c.h.h.t.HelmChartContainer - [hivemq-test-hivemq-platform] [hivemq-platform-operator] [13a66c66] 20:41:57.001 [pool-6-thread-14] DEBUG c.h.p.o.d.StatefulSetResource - [helmcont] Desired StatefulSet (2 replicas) for status ROLLING_RESTART (SURGE_IN_PROGRESS)
2025-01-28 20:41:57,008 INFO c.h.h.t.HelmChartContainer - [hivemq-test-hivemq-platform] [hivemq-platform-operator] [13a66c66] 20:41:57.006 [ReconcilerExecutor-hivemq-controller-120] INFO  c.h.p.o.HiveMQPlatformReconciler - [helmcont] Reconciling HiveMQ Platform 'test-hivemq-platform' in namespace 'helmcontainersecuritycontextupgradeplatformit'
2025-01-28 20:41:57,008 INFO c.h.h.t.HelmChartContainer - [hivemq-test-hivemq-platform] [hivemq-platform-operator] [13a66c66] 20:41:57.007 [ReconcilerExecutor-hivemq-controller-120] DEBUG c.h.p.o.HiveMQPlatformReconciler - [helmcont] Custom Resource Status ROLLING_RESTART - HiveMQ Platform is starting a surge Pod (rolling restart) (SURGE_IN_PROGRESS)
2025-01-28 20:41:57,008 INFO c.h.h.t.HelmChartContainer - [hivemq-test-hivemq-platform] [hivemq-platform-operator] [13a66c66] 20:41:57.007 [ReconcilerExecutor-hivemq-controller-120] DEBUG c.h.p.o.HiveMQPlatformReconciler - [helmcont] Custom Resource Spec (replicas: 1) (extensions: 1)
2025-01-28 20:41:57,009 INFO c.h.h.t.HelmChartContainer - [hivemq-test-hivemq-platform] [hivemq-platform-operator] [13a66c66] 20:41:57.008 [ReconcilerExecutor-hivemq-controller-120] DEBUG c.h.p.o.HiveMQPlatformReconciler - [helmcont] StatefulSet Status (revision: test-hivemq-platform-579f489c45, replicas: 2, available: 1, ready: 1, current: 1, updated: 1)
2025-01-28 20:41:57,010 INFO c.h.h.t.HelmChartContainer - [hivemq-test-hivemq-platform] [hivemq-platform-operator] [13a66c66] 20:41:57.008 [ReconcilerExecutor-hivemq-controller-120] DEBUG c.h.p.o.HiveMQPlatformReconciler - [helmcont] StatefulSet Spec (replicas: 2, init containers: 1, containers: 1, volumes: 3)
2025-01-28 20:41:57,012 INFO c.h.h.t.HelmChartContainer - [hivemq-test-hivemq-platform] [hivemq-platform-operator] [13a66c66] 20:41:57.010 [ReconcilerExecutor-hivemq-controller-120] DEBUG c.h.p.o.h.HiveMQPlatformReconcilerErrorHandler - [helmcont] Pod 'test-hivemq-platform-1' phase Running
2025-01-28 20:41:57,067 INFO c.h.h.t.HelmChartContainer - [EVENT] Warning [Unhealthy] Readiness probe failed: HTTP probe failed with statuscode: 503 [helmcontainersecuritycontextupgradeplatformit:test-hivemq-platform-1]
2025-01-28 20:41:57,068 INFO c.h.h.t.HelmChartContainer - Received Unhealthy event for container hivemq in pod test-hivemq-platform-1 [918b2933-cb4b-4122-a005-1e5c0ac84200]
2025-01-28 20:41:57,069 INFO c.h.h.t.HelmChartContainer - [test-hivemq-platform] [hivemq] [918b2933] INFO  - [HiveMQ Platform Operator Init App 1.7.0-SNAPSHOT] Successfully updated Pod HiveMQ Platform Operator Init App version annotation (version: 1.7.0-SNAPSHOT)
2025-01-28 20:41:57,093 INFO c.h.h.t.HelmChartContainer - [hivemq-test-hivemq-platform] [hivemq-platform-operator] [13a66c66] 20:41:57.091 [ReconcilerExecutor-hivemq-controller-120] DEBUG c.h.p.o.h.HiveMQPlatformReconcilerErrorHandler - [helmcont] Pod 'test-hivemq-platform-0' phase Running
2025-01-28 20:41:57,093 INFO c.h.h.t.HelmChartContainer - [hivemq-test-hivemq-platform] [hivemq-platform-operator] [13a66c66] 20:41:57.092 [ReconcilerExecutor-hivemq-controller-120] DEBUG c.h.p.o.h.HiveMQPlatformReconcilerRollingRestartHandler - [helmcont] Rolling restart is waiting for 1 of 2 replicas
2025-01-28 20:42:00,140 INFO c.h.h.t.HelmChartContainer - [test-hivemq-platform] [hivemq] [98ee0fbb] INFO  - [HiveMQ Platform Operator Init App 1.7.0-SNAPSHOT] Returning Health API response 200 for liveness
2025-01-28 20:42:01,992 INFO c.h.h.t.HelmChartContainer - [EVENT] Warning [Unhealthy] Readiness probe failed: HTTP probe failed with statuscode: 503 [helmcontainersecuritycontextupgradeplatformit:test-hivemq-platform-1]
2025-01-28 20:42:01,992 INFO c.h.h.t.HelmChartContainer - Received Unhealthy event for container hivemq in pod test-hivemq-platform-1 [918b2933-cb4b-4122-a005-1e5c0ac84200]
2025-01-28 20:42:04,652 INFO c.h.h.t.HelmChartContainer - [test-hivemq-platform] [hivemq] [918b2933] INFO  - [HiveMQ Platform Operator Init App 1.7.0-SNAPSHOT] Proceeding with container start
2025-01-28 20:42:04,656 INFO c.h.h.t.HelmChartContainer - [test-hivemq-platform] [hivemq] [918b2933] INFO  - [HiveMQ Platform Operator Init App 1.7.0-SNAPSHOT] Initializing HiveMQ Platform extensions with initial configuration: {hivemq-allow-all-extension={start-priority=-1, skip-https-hostname-verification=false, restart=true, config-version=0, header-version=0, c-uri=, priority=-1, uri=preinstalled, skip-https-certificate-validation=false, enabled=true}, hivemq-prometheus-extension={uri=preinstalled, skip-https-certificate-validation=false, skip-https-hostname-verification=false, c-uri=, start-priority=-1, priority=-1, restart=true, enabled=true, request-header-path=no-request-headers}}
2025-01-28 20:42:05,067 INFO c.h.h.t.HelmChartContainer - [test-hivemq-platform] [hivemq] [918b2933] INFO  - [HiveMQ Platform Operator Init App 1.7.0-SNAPSHOT] Extension hivemq-allow-all-extension was already enabled
2025-01-28 20:42:05,156 INFO c.h.h.t.HelmChartContainer - [test-hivemq-platform] [hivemq] [918b2933] INFO  - [HiveMQ Platform Operator Init App 1.7.0-SNAPSHOT] Successfully enabled extension hivemq-prometheus-extension
2025-01-28 20:42:05,157 INFO c.h.h.t.HelmChartContainer - [test-hivemq-platform] [hivemq] [918b2933] INFO  - [HiveMQ Platform Operator Init App 1.7.0-SNAPSHOT] Starting HiveMQ Platform version 4.36.0 (4.36.0)
2025-01-28 20:42:05,157 INFO c.h.h.t.HelmChartContainer - [test-hivemq-platform] [hivemq] [918b2933] INFO  - [HiveMQ Platform Operator Init App 1.7.0-SNAPSHOT] Configuring the HiveMQ Platform
2025-01-28 20:42:05,253 INFO c.h.h.t.HelmChartContainer - [test-hivemq-platform] [hivemq] [918b2933] INFO  - [HiveMQ Platform Operator Init App 1.7.0-SNAPSHOT] Changed logback.xml file scan period to 20 seconds
2025-01-28 20:42:05,271 INFO c.h.h.t.HelmChartContainer - [test-hivemq-platform] [hivemq] [918b2933] INFO  - [HiveMQ Platform Operator Init App 1.7.0-SNAPSHOT] Starting the HiveMQ Platform
2025-01-28 20:42:05,274 INFO c.h.h.t.HelmChartContainer - [test-hivemq-platform] [hivemq] [918b2933] -------------------------------------------------------------------------
2025-01-28 20:42:05,274 INFO c.h.h.t.HelmChartContainer - [test-hivemq-platform] [hivemq] [918b2933] 
2025-01-28 20:42:05,274 INFO c.h.h.t.HelmChartContainer - [test-hivemq-platform] [hivemq] [918b2933]                   _    _  _              __  __   ____
2025-01-28 20:42:05,274 INFO c.h.h.t.HelmChartContainer - [test-hivemq-platform] [hivemq] [918b2933]                  | |  | |(_)            |  \/  | / __ \
2025-01-28 20:42:05,274 INFO c.h.h.t.HelmChartContainer - [test-hivemq-platform] [hivemq] [918b2933]                  | |__| | _ __   __ ___ | \  / || |  | |
2025-01-28 20:42:05,274 INFO c.h.h.t.HelmChartContainer - [test-hivemq-platform] [hivemq] [918b2933]                  |  __  || |\ \ / // _ \| |\/| || |  | |
2025-01-28 20:42:05,274 INFO c.h.h.t.HelmChartContainer - [test-hivemq-platform] [hivemq] [918b2933]                  | |  | || | \ V /|  __/| |  | || |__| |
2025-01-28 20:42:05,274 INFO c.h.h.t.HelmChartContainer - [test-hivemq-platform] [hivemq] [918b2933]                  |_|  |_||_|  \_/  \___||_|  |_| \___\_\
2025-01-28 20:42:05,274 INFO c.h.h.t.HelmChartContainer - [test-hivemq-platform] [hivemq] [918b2933] 
2025-01-28 20:42:05,274 INFO c.h.h.t.HelmChartContainer - [test-hivemq-platform] [hivemq] [918b2933] -------------------------------------------------------------------------
2025-01-28 20:42:05,274 INFO c.h.h.t.HelmChartContainer - [test-hivemq-platform] [hivemq] [918b2933] 
2025-01-28 20:42:05,274 INFO c.h.h.t.HelmChartContainer - [test-hivemq-platform] [hivemq] [918b2933]   HiveMQ Start Script for Linux/Unix v1.14
2025-01-28 20:42:05,274 INFO c.h.h.t.HelmChartContainer - [test-hivemq-platform] [hivemq] [918b2933] 
2025-01-28 20:42:05,381 INFO c.h.h.t.HelmChartContainer - [test-hivemq-platform] [hivemq] [918b2933] -------------------------------------------------------------------------
2025-01-28 20:42:05,381 INFO c.h.h.t.HelmChartContainer - [test-hivemq-platform] [hivemq] [918b2933] 
2025-01-28 20:42:05,381 INFO c.h.h.t.HelmChartContainer - [test-hivemq-platform] [hivemq] [918b2933]   HIVEMQ_HOME: /opt/hivemq
2025-01-28 20:42:05,381 INFO c.h.h.t.HelmChartContainer - [test-hivemq-platform] [hivemq] [918b2933] 
2025-01-28 20:42:05,381 INFO c.h.h.t.HelmChartContainer - [test-hivemq-platform] [hivemq] [918b2933]   JAVA_OPTS: -XX:+UnlockExperimentalVMOptions -XX:InitialRAMPercentage=50 -XX:MaxRAMPercentage=50 -Djava.net.preferIPv4Stack=true --add-opens java.base/java.lang=ALL-UNNAMED --add-opens java.base/java.nio=ALL-UNNAMED --add-opens java.base/sun.nio.ch=ALL-UNNAMED --add-opens jdk.management/com.sun.management.internal=ALL-UNNAMED --add-exports java.base/jdk.internal.misc=ALL-UNNAMED -Djava.security.egd=file:/dev/./urandom -Dcom.sun.management.jmxremote -Dcom.sun.management.jmxremote.port=9010 -Dcom.sun.management.jmxremote.local.only=false -Dcom.sun.management.jmxremote.authenticate=false -Dcom.sun.management.jmxremote.ssl=false -Duser.language=en -Duser.region=US -XX:+CrashOnOutOfMemoryError -XX:+HeapDumpOnOutOfMemoryError
2025-01-28 20:42:05,381 INFO c.h.h.t.HelmChartContainer - [test-hivemq-platform] [hivemq] [918b2933] 
2025-01-28 20:42:05,381 INFO c.h.h.t.HelmChartContainer - [test-hivemq-platform] [hivemq] [918b2933]   JAVA_VERSION: 21
2025-01-28 20:42:05,381 INFO c.h.h.t.HelmChartContainer - [test-hivemq-platform] [hivemq] [918b2933] 
2025-01-28 20:42:05,381 INFO c.h.h.t.HelmChartContainer - [test-hivemq-platform] [hivemq] [918b2933] -------------------------------------------------------------------------
2025-01-28 20:42:05,381 INFO c.h.h.t.HelmChartContainer - [test-hivemq-platform] [hivemq] [918b2933] 
2025-01-28 20:42:07,058 INFO c.h.h.t.HelmChartContainer - [EVENT] Warning [Unhealthy] Readiness probe failed: HTTP probe failed with statuscode: 503 [helmcontainersecuritycontextupgradeplatformit:test-hivemq-platform-1]
2025-01-28 20:42:07,058 INFO c.h.h.t.HelmChartContainer - Received Unhealthy event for container hivemq in pod test-hivemq-platform-1 [918b2933-cb4b-4122-a005-1e5c0ac84200]
2025-01-28 20:42:07,099 INFO c.h.h.t.HelmChartContainer - [hivemq-test-hivemq-platform] [hivemq-platform-operator] [13a66c66] 20:42:07.097 [pool-6-thread-25] DEBUG c.h.p.o.dependants.PodInfoConfigMap - [helmcont] Desired PodInfo ConfigMap (1 extensions) (1 enabled)
2025-01-28 20:42:07,099 INFO c.h.h.t.HelmChartContainer - [hivemq-test-hivemq-platform] [hivemq-platform-operator] [13a66c66] 20:42:07.097 [pool-6-thread-25] DEBUG c.h.p.o.dependants.PodInfoConfigMap - [helmcont] Desired PodInfo ConfigMap (metrics port: 9399) (metrics path: /)
2025-01-28 20:42:07,099 INFO c.h.h.t.HelmChartContainer - [hivemq-test-hivemq-platform] [hivemq-platform-operator] [13a66c66] 20:42:07.097 [pool-6-thread-27] DEBUG c.h.p.o.d.PodServiceAccountResource - [helmcont] Desired PodServiceAccountResource (serviceAccountName: hivemq-platform-pod-test-hivemq-platform)
2025-01-28 20:42:07,099 INFO c.h.h.t.HelmChartContainer - [hivemq-test-hivemq-platform] [hivemq-platform-operator] [13a66c66] 20:42:07.097 [pool-6-thread-25] DEBUG c.h.p.o.dependants.PodInfoConfigMap - [helmcont] Desired PodInfo ConfigMap (extension state hash: -1817474005)
2025-01-28 20:42:07,099 INFO c.h.h.t.HelmChartContainer - [hivemq-test-hivemq-platform] [hivemq-platform-operator] [13a66c66] 20:42:07.098 [pool-6-thread-28] DEBUG c.h.p.o.d.PlatformServiceResource - [helmcont] Desired Platform services (3 services)
2025-01-28 20:42:07,102 INFO c.h.h.t.HelmChartContainer - [hivemq-test-hivemq-platform] [hivemq-platform-operator] [13a66c66] 20:42:07.102 [pool-6-thread-28] DEBUG c.h.p.o.d.StatefulSetResource - [helmcont] Desired StatefulSet (2 replicas) for status ROLLING_RESTART (SURGE_IN_PROGRESS)
2025-01-28 20:42:07,107 INFO c.h.h.t.HelmChartContainer - [hivemq-test-hivemq-platform] [hivemq-platform-operator] [13a66c66] 20:42:07.105 [ReconcilerExecutor-hivemq-controller-121] INFO  c.h.p.o.HiveMQPlatformReconciler - [helmcont] Reconciling HiveMQ Platform 'test-hivemq-platform' in namespace 'helmcontainersecuritycontextupgradeplatformit'
2025-01-28 20:42:07,107 INFO c.h.h.t.HelmChartContainer - [hivemq-test-hivemq-platform] [hivemq-platform-operator] [13a66c66] 20:42:07.105 [ReconcilerExecutor-hivemq-controller-121] DEBUG c.h.p.o.HiveMQPlatformReconciler - [helmcont] Custom Resource Status ROLLING_RESTART - HiveMQ Platform is starting a surge Pod (rolling restart) (SURGE_IN_PROGRESS)
2025-01-28 20:42:07,107 INFO c.h.h.t.HelmChartContainer - [hivemq-test-hivemq-platform] [hivemq-platform-operator] [13a66c66] 20:42:07.105 [ReconcilerExecutor-hivemq-controller-121] DEBUG c.h.p.o.HiveMQPlatformReconciler - [helmcont] Custom Resource Spec (replicas: 1) (extensions: 1)
2025-01-28 20:42:07,108 INFO c.h.h.t.HelmChartContainer - [hivemq-test-hivemq-platform] [hivemq-platform-operator] [13a66c66] 20:42:07.106 [ReconcilerExecutor-hivemq-controller-121] DEBUG c.h.p.o.HiveMQPlatformReconciler - [helmcont] StatefulSet Status (revision: test-hivemq-platform-579f489c45, replicas: 2, available: 1, ready: 1, current: 1, updated: 1)
2025-01-28 20:42:07,108 INFO c.h.h.t.HelmChartContainer - [hivemq-test-hivemq-platform] [hivemq-platform-operator] [13a66c66] 20:42:07.107 [ReconcilerExecutor-hivemq-controller-121] DEBUG c.h.p.o.HiveMQPlatformReconciler - [helmcont] StatefulSet Spec (replicas: 2, init containers: 1, containers: 1, volumes: 3)
2025-01-28 20:42:07,109 INFO c.h.h.t.HelmChartContainer - [hivemq-test-hivemq-platform] [hivemq-platform-operator] [13a66c66] 20:42:07.108 [ReconcilerExecutor-hivemq-controller-121] DEBUG c.h.p.o.h.HiveMQPlatformReconcilerErrorHandler - [helmcont] Pod 'test-hivemq-platform-1' phase Running
2025-01-28 20:42:07,110 INFO c.h.h.t.HelmChartContainer - [hivemq-test-hivemq-platform] [hivemq-platform-operator] [13a66c66] 20:42:07.110 [ReconcilerExecutor-hivemq-controller-121] DEBUG c.h.p.o.h.HiveMQPlatformReconcilerErrorHandler - [helmcont] Pod 'test-hivemq-platform-0' phase Running
2025-01-28 20:42:07,111 INFO c.h.h.t.HelmChartContainer - [hivemq-test-hivemq-platform] [hivemq-platform-operator] [13a66c66] 20:42:07.110 [ReconcilerExecutor-hivemq-controller-121] DEBUG c.h.p.o.h.HiveMQPlatformReconcilerRollingRestartHandler - [helmcont] Rolling restart is waiting for 1 of 2 replicas
2025-01-28 20:42:07,968 INFO c.h.h.t.HelmChartContainer - [test-hivemq-platform] [hivemq] [918b2933] INFO  - Starting HiveMQ Enterprise Server
2025-01-28 20:42:07,974 INFO c.h.h.t.HelmChartContainer - [test-hivemq-platform] [hivemq] [918b2933] INFO  - HiveMQ version: 4.36.0
2025-01-28 20:42:07,974 INFO c.h.h.t.HelmChartContainer - [test-hivemq-platform] [hivemq] [918b2933] INFO  - HiveMQ home directory: /opt/hivemq
2025-01-28 20:42:07,974 INFO c.h.h.t.HelmChartContainer - [test-hivemq-platform] [hivemq] [918b2933] INFO  - Log Configuration was overridden by /opt/hivemq/conf/logback.xml
2025-01-28 20:42:09,254 INFO c.h.h.t.HelmChartContainer - [test-hivemq-platform] [hivemq] [918b2933] INFO  - Successfully loaded configuration from '/opt/hivemq/conf-k8s/config.xml'.
2025-01-28 20:42:09,657 INFO c.h.h.t.HelmChartContainer - [test-hivemq-platform] [hivemq] [918b2933] INFO  - This node's ID is e821g
2025-01-28 20:42:09,657 INFO c.h.h.t.HelmChartContainer - [test-hivemq-platform] [hivemq] [918b2933] INFO  - Clustering is enabled
2025-01-28 20:42:12,256 INFO c.h.h.t.HelmChartContainer - [test-hivemq-platform] [hivemq] [918b2933] WARN  - [HiveMQ Platform Operator Init App 1.7.0-SNAPSHOT] Cannot connect to Health API for readiness: null
2025-01-28 20:42:12,260 INFO c.h.h.t.HelmChartContainer - [EVENT] Warning [Unhealthy] Readiness probe failed: HTTP probe failed with statuscode: 503 [helmcontainersecuritycontextupgradeplatformit:test-hivemq-platform-1]
2025-01-28 20:42:12,260 INFO c.h.h.t.HelmChartContainer - Received Unhealthy event for container hivemq in pod test-hivemq-platform-1 [918b2933-cb4b-4122-a005-1e5c0ac84200]
2025-01-28 20:42:13,764 INFO c.h.h.t.HelmChartContainer - [test-hivemq-platform] [hivemq] [918b2933] WARN  - [HiveMQ Platform Operator Init App 1.7.0-SNAPSHOT] Cannot connect to Health API for liveness: null
2025-01-28 20:42:13,764 INFO c.h.h.t.HelmChartContainer - [test-hivemq-platform] [hivemq] [918b2933] INFO  - [HiveMQ Platform Operator Init App 1.7.0-SNAPSHOT] Returning default Health API response 200 for liveness
2025-01-28 20:42:17,066 INFO c.h.h.t.HelmChartContainer - [test-hivemq-platform] [hivemq] [918b2933] WARN  - [HiveMQ Platform Operator Init App 1.7.0-SNAPSHOT] Cannot connect to Health API for readiness: null
2025-01-28 20:42:17,072 INFO c.h.h.t.HelmChartContainer - [EVENT] Warning [Unhealthy] Readiness probe failed: HTTP probe failed with statuscode: 503 [helmcontainersecuritycontextupgradeplatformit:test-hivemq-platform-1]
2025-01-28 20:42:17,072 INFO c.h.h.t.HelmChartContainer - Received Unhealthy event for container hivemq in pod test-hivemq-platform-1 [918b2933-cb4b-4122-a005-1e5c0ac84200]
2025-01-28 20:42:17,116 INFO c.h.h.t.HelmChartContainer - [hivemq-test-hivemq-platform] [hivemq-platform-operator] [13a66c66] 20:42:17.114 [pool-6-thread-32] DEBUG c.h.p.o.d.PlatformServiceResource - [helmcont] Desired Platform services (3 services)
2025-01-28 20:42:17,117 INFO c.h.h.t.HelmChartContainer - [hivemq-test-hivemq-platform] [hivemq-platform-operator] [13a66c66] 20:42:17.114 [pool-6-thread-35] DEBUG c.h.p.o.dependants.PodInfoConfigMap - [helmcont] Desired PodInfo ConfigMap (1 extensions) (1 enabled)
2025-01-28 20:42:17,118 INFO c.h.h.t.HelmChartContainer - [hivemq-test-hivemq-platform] [hivemq-platform-operator] [13a66c66] 20:42:17.114 [pool-6-thread-35] DEBUG c.h.p.o.dependants.PodInfoConfigMap - [helmcont] Desired PodInfo ConfigMap (metrics port: 9399) (metrics path: /)
2025-01-28 20:42:17,118 INFO c.h.h.t.HelmChartContainer - [hivemq-test-hivemq-platform] [hivemq-platform-operator] [13a66c66] 20:42:17.114 [pool-6-thread-35] DEBUG c.h.p.o.dependants.PodInfoConfigMap - [helmcont] Desired PodInfo ConfigMap (extension state hash: -1817474005)
2025-01-28 20:42:17,118 INFO c.h.h.t.HelmChartContainer - [hivemq-test-hivemq-platform] [hivemq-platform-operator] [13a66c66] 20:42:17.114 [pool-6-thread-31] DEBUG c.h.p.o.d.PodServiceAccountResource - [helmcont] Desired PodServiceAccountResource (serviceAccountName: hivemq-platform-pod-test-hivemq-platform)
2025-01-28 20:42:17,120 INFO c.h.h.t.HelmChartContainer - [hivemq-test-hivemq-platform] [hivemq-platform-operator] [13a66c66] 20:42:17.119 [pool-6-thread-32] DEBUG c.h.p.o.d.StatefulSetResource - [helmcont] Desired StatefulSet (2 replicas) for status ROLLING_RESTART (SURGE_IN_PROGRESS)
2025-01-28 20:42:17,123 INFO c.h.h.t.HelmChartContainer - [hivemq-test-hivemq-platform] [hivemq-platform-operator] [13a66c66] 20:42:17.122 [ReconcilerExecutor-hivemq-controller-122] INFO  c.h.p.o.HiveMQPlatformReconciler - [helmcont] Reconciling HiveMQ Platform 'test-hivemq-platform' in namespace 'helmcontainersecuritycontextupgradeplatformit'
2025-01-28 20:42:17,125 INFO c.h.h.t.HelmChartContainer - [hivemq-test-hivemq-platform] [hivemq-platform-operator] [13a66c66] 20:42:17.123 [ReconcilerExecutor-hivemq-controller-122] DEBUG c.h.p.o.HiveMQPlatformReconciler - [helmcont] Custom Resource Status ROLLING_RESTART - HiveMQ Platform is starting a surge Pod (rolling restart) (SURGE_IN_PROGRESS)
2025-01-28 20:42:17,125 INFO c.h.h.t.HelmChartContainer - [hivemq-test-hivemq-platform] [hivemq-platform-operator] [13a66c66] 20:42:17.123 [ReconcilerExecutor-hivemq-controller-122] DEBUG c.h.p.o.HiveMQPlatformReconciler - [helmcont] Custom Resource Spec (replicas: 1) (extensions: 1)
2025-01-28 20:42:17,126 INFO c.h.h.t.HelmChartContainer - [hivemq-test-hivemq-platform] [hivemq-platform-operator] [13a66c66] 20:42:17.124 [ReconcilerExecutor-hivemq-controller-122] DEBUG c.h.p.o.HiveMQPlatformReconciler - [helmcont] StatefulSet Status (revision: test-hivemq-platform-579f489c45, replicas: 2, available: 1, ready: 1, current: 1, updated: 1)
2025-01-28 20:42:17,126 INFO c.h.h.t.HelmChartContainer - [hivemq-test-hivemq-platform] [hivemq-platform-operator] [13a66c66] 20:42:17.125 [ReconcilerExecutor-hivemq-controller-122] DEBUG c.h.p.o.HiveMQPlatformReconciler - [helmcont] StatefulSet Spec (replicas: 2, init containers: 1, containers: 1, volumes: 3)
2025-01-28 20:42:17,127 INFO c.h.h.t.HelmChartContainer - [hivemq-test-hivemq-platform] [hivemq-platform-operator] [13a66c66] 20:42:17.126 [ReconcilerExecutor-hivemq-controller-122] DEBUG c.h.p.o.h.HiveMQPlatformReconcilerErrorHandler - [helmcont] Pod 'test-hivemq-platform-1' phase Running
2025-01-28 20:42:17,129 INFO c.h.h.t.HelmChartContainer - [hivemq-test-hivemq-platform] [hivemq-platform-operator] [13a66c66] 20:42:17.128 [ReconcilerExecutor-hivemq-controller-122] DEBUG c.h.p.o.h.HiveMQPlatformReconcilerErrorHandler - [helmcont] Pod 'test-hivemq-platform-0' phase Running
2025-01-28 20:42:17,130 INFO c.h.h.t.HelmChartContainer - [hivemq-test-hivemq-platform] [hivemq-platform-operator] [13a66c66] 20:42:17.129 [ReconcilerExecutor-hivemq-controller-122] DEBUG c.h.p.o.h.HiveMQPlatformReconcilerRollingRestartHandler - [helmcont] Rolling restart is waiting for 1 of 2 replicas
2025-01-28 20:42:22,068 INFO c.h.h.t.HelmChartContainer - [test-hivemq-platform] [hivemq] [918b2933] WARN  - [HiveMQ Platform Operator Init App 1.7.0-SNAPSHOT] Cannot connect to Health API for readiness: null
2025-01-28 20:42:22,073 INFO c.h.h.t.HelmChartContainer - [EVENT] Warning [Unhealthy] Readiness probe failed: HTTP probe failed with statuscode: 503 [helmcontainersecuritycontextupgradeplatformit:test-hivemq-platform-1]
2025-01-28 20:42:22,073 INFO c.h.h.t.HelmChartContainer - Received Unhealthy event for container hivemq in pod test-hivemq-platform-1 [918b2933-cb4b-4122-a005-1e5c0ac84200]
2025-01-28 20:42:23,372 INFO c.h.h.t.HelmChartContainer - [test-hivemq-platform] [hivemq] [918b2933] INFO  - No valid license file found. Using trial license, restricted to 25 connections.
2025-01-28 20:42:27,066 INFO c.h.h.t.HelmChartContainer - [test-hivemq-platform] [hivemq] [918b2933] WARN  - [HiveMQ Platform Operator Init App 1.7.0-SNAPSHOT] Cannot connect to Health API for readiness: null
2025-01-28 20:42:27,071 INFO c.h.h.t.HelmChartContainer - [EVENT] Warning [Unhealthy] Readiness probe failed: HTTP probe failed with statuscode: 503 [helmcontainersecuritycontextupgradeplatformit:test-hivemq-platform-1]
2025-01-28 20:42:27,071 INFO c.h.h.t.HelmChartContainer - Received Unhealthy event for container hivemq in pod test-hivemq-platform-1 [918b2933-cb4b-4122-a005-1e5c0ac84200]
2025-01-28 20:42:27,137 INFO c.h.h.t.HelmChartContainer - [hivemq-test-hivemq-platform] [hivemq-platform-operator] [13a66c66] 20:42:27.132 [pool-6-thread-44] DEBUG c.h.p.o.d.PlatformServiceResource - [helmcont] Desired Platform services (3 services)
2025-01-28 20:42:27,137 INFO c.h.h.t.HelmChartContainer - [hivemq-test-hivemq-platform] [hivemq-platform-operator] [13a66c66] 20:42:27.132 [pool-6-thread-47] DEBUG c.h.p.o.dependants.PodInfoConfigMap - [helmcont] Desired PodInfo ConfigMap (1 extensions) (1 enabled)
2025-01-28 20:42:27,137 INFO c.h.h.t.HelmChartContainer - [hivemq-test-hivemq-platform] [hivemq-platform-operator] [13a66c66] 20:42:27.132 [pool-6-thread-47] DEBUG c.h.p.o.dependants.PodInfoConfigMap - [helmcont] Desired PodInfo ConfigMap (metrics port: 9399) (metrics path: /)
2025-01-28 20:42:27,137 INFO c.h.h.t.HelmChartContainer - [hivemq-test-hivemq-platform] [hivemq-platform-operator] [13a66c66] 20:42:27.132 [pool-6-thread-47] DEBUG c.h.p.o.dependants.PodInfoConfigMap - [helmcont] Desired PodInfo ConfigMap (extension state hash: -1817474005)
2025-01-28 20:42:27,137 INFO c.h.h.t.HelmChartContainer - [hivemq-test-hivemq-platform] [hivemq-platform-operator] [13a66c66] 20:42:27.133 [pool-6-thread-50] DEBUG c.h.p.o.d.PodServiceAccountResource - [helmcont] Desired PodServiceAccountResource (serviceAccountName: hivemq-platform-pod-test-hivemq-platform)
2025-01-28 20:42:27,139 INFO c.h.h.t.HelmChartContainer - [hivemq-test-hivemq-platform] [hivemq-platform-operator] [13a66c66] 20:42:27.137 [pool-6-thread-44] DEBUG c.h.p.o.d.StatefulSetResource - [helmcont] Desired StatefulSet (2 replicas) for status ROLLING_RESTART (SURGE_IN_PROGRESS)
2025-01-28 20:42:27,142 INFO c.h.h.t.HelmChartContainer - [hivemq-test-hivemq-platform] [hivemq-platform-operator] [13a66c66] 20:42:27.141 [ReconcilerExecutor-hivemq-controller-123] INFO  c.h.p.o.HiveMQPlatformReconciler - [helmcont] Reconciling HiveMQ Platform 'test-hivemq-platform' in namespace 'helmcontainersecuritycontextupgradeplatformit'
2025-01-28 20:42:27,142 INFO c.h.h.t.HelmChartContainer - [hivemq-test-hivemq-platform] [hivemq-platform-operator] [13a66c66] 20:42:27.141 [ReconcilerExecutor-hivemq-controller-123] DEBUG c.h.p.o.HiveMQPlatformReconciler - [helmcont] Custom Resource Status ROLLING_RESTART - HiveMQ Platform is starting a surge Pod (rolling restart) (SURGE_IN_PROGRESS)
2025-01-28 20:42:27,144 INFO c.h.h.t.HelmChartContainer - [hivemq-test-hivemq-platform] [hivemq-platform-operator] [13a66c66] 20:42:27.141 [ReconcilerExecutor-hivemq-controller-123] DEBUG c.h.p.o.HiveMQPlatformReconciler - [helmcont] Custom Resource Spec (replicas: 1) (extensions: 1)
2025-01-28 20:42:27,144 INFO c.h.h.t.HelmChartContainer - [hivemq-test-hivemq-platform] [hivemq-platform-operator] [13a66c66] 20:42:27.143 [ReconcilerExecutor-hivemq-controller-123] DEBUG c.h.p.o.HiveMQPlatformReconciler - [helmcont] StatefulSet Status (revision: test-hivemq-platform-579f489c45, replicas: 2, available: 1, ready: 1, current: 1, updated: 1)
2025-01-28 20:42:27,145 INFO c.h.h.t.HelmChartContainer - [hivemq-test-hivemq-platform] [hivemq-platform-operator] [13a66c66] 20:42:27.144 [ReconcilerExecutor-hivemq-controller-123] DEBUG c.h.p.o.HiveMQPlatformReconciler - [helmcont] StatefulSet Spec (replicas: 2, init containers: 1, containers: 1, volumes: 3)
2025-01-28 20:42:27,146 INFO c.h.h.t.HelmChartContainer - [hivemq-test-hivemq-platform] [hivemq-platform-operator] [13a66c66] 20:42:27.145 [ReconcilerExecutor-hivemq-controller-123] DEBUG c.h.p.o.h.HiveMQPlatformReconcilerErrorHandler - [helmcont] Pod 'test-hivemq-platform-1' phase Running
2025-01-28 20:42:27,148 INFO c.h.h.t.HelmChartContainer - [hivemq-test-hivemq-platform] [hivemq-platform-operator] [13a66c66] 20:42:27.146 [ReconcilerExecutor-hivemq-controller-123] DEBUG c.h.p.o.h.HiveMQPlatformReconcilerErrorHandler - [helmcont] Pod 'test-hivemq-platform-0' phase Running
2025-01-28 20:42:27,148 INFO c.h.h.t.HelmChartContainer - [hivemq-test-hivemq-platform] [hivemq-platform-operator] [13a66c66] 20:42:27.147 [ReconcilerExecutor-hivemq-controller-123] DEBUG c.h.p.o.h.HiveMQPlatformReconcilerRollingRestartHandler - [helmcont] Rolling restart is waiting for 1 of 2 replicas
2025-01-28 20:42:27,453 INFO c.h.h.t.HelmChartContainer - [test-hivemq-platform] [hivemq] [918b2933] INFO  - No valid license file for Data Hub found. Using free license, restricted to 1 policy.
2025-01-28 20:42:28,678 INFO c.h.h.t.HelmChartContainer - [test-hivemq-platform] [hivemq] [918b2933] INFO  - Audit Logger started.
2025-01-28 20:42:28,982 INFO c.h.h.t.HelmChartContainer - [test-hivemq-platform] [hivemq] [918b2933] INFO  - This node uses '1' CPU cores.
2025-01-28 20:42:28,988 INFO c.h.h.t.HelmChartContainer - [test-hivemq-platform] [hivemq] [918b2933] INFO  - Starting HiveMQ Health API on address 0.0.0.0 and port 8889
2025-01-28 20:42:30,152 INFO c.h.h.t.HelmChartContainer - [test-hivemq-platform] [hivemq] [918b2933] INFO  - Started HiveMQ Health API in 1164ms
2025-01-28 20:42:30,867 INFO c.h.h.t.HelmChartContainer - [test-hivemq-platform] [hivemq] [918b2933] INFO  - Starting HiveMQ extension system.
2025-01-28 20:42:31,075 INFO c.h.h.t.HelmChartContainer - [test-hivemq-platform] [hivemq] [918b2933] INFO  - Starting extension with id "hivemq-dns-cluster-discovery" at /opt/hivemq/extensions/hivemq-dns-cluster-discovery
2025-01-28 20:42:31,670 INFO c.h.h.t.HelmChartContainer - [test-hivemq-platform] [hivemq] [918b2933] INFO  - Using TCP cluster transport on address 10.42.0.7 and port 7000
2025-01-28 20:42:31,678 INFO c.h.h.t.HelmChartContainer - [test-hivemq-platform] [hivemq] [918b2933] INFO  - Using extension cluster discovery
2025-01-28 20:42:31,864 INFO c.h.h.t.HelmChartContainer - [test-hivemq-platform] [hivemq] [918b2933] INFO  - Extension "DNS Cluster Discovery Extension" version 4.3.2 started successfully.
2025-01-28 20:42:31,864 INFO c.h.h.t.HelmChartContainer - [test-hivemq-platform] [hivemq] [918b2933] INFO  - Starting extension with id "hivemq-prometheus-extension" at /opt/hivemq/extensions/hivemq-prometheus-extension
2025-01-28 20:42:33,031 INFO c.h.h.t.HelmChartContainer - [EVENT] Warning [Unhealthy] Readiness probe failed: Get "http://10.42.0.7:7979/readiness": context deadline exceeded (Client.Timeout exceeded while awaiting headers) [helmcontainersecuritycontextupgradeplatformit:test-hivemq-platform-1]
2025-01-28 20:42:33,031 INFO c.h.h.t.HelmChartContainer - Received Unhealthy event for container hivemq in pod test-hivemq-platform-1 [918b2933-cb4b-4122-a005-1e5c0ac84200]
2025-01-28 20:42:33,465 INFO c.h.h.t.HelmChartContainer - [test-hivemq-platform] [hivemq] [918b2933] INFO  - [HiveMQ Platform Operator Init App 1.7.0-SNAPSHOT] Returning Health API response 503 for readiness
2025-01-28 20:42:33,467 INFO c.h.h.t.HelmChartContainer - [test-hivemq-platform] [hivemq] [918b2933] INFO  - Started Jetty Server exposing Prometheus Servlet on URI http://0.0.0.0:9399/
2025-01-28 20:42:33,470 INFO c.h.h.t.HelmChartContainer - [test-hivemq-platform] [hivemq] [918b2933] INFO  - Extension "Prometheus Monitoring Extension" version 4.0.12 started successfully.
2025-01-28 20:42:33,470 INFO c.h.h.t.HelmChartContainer - [test-hivemq-platform] [hivemq] [918b2933] INFO  - Starting extension with id "hivemq-allow-all-extension" at /opt/hivemq/extensions/hivemq-allow-all-extension
2025-01-28 20:42:33,470 INFO c.h.h.t.HelmChartContainer - [test-hivemq-platform] [hivemq] [918b2933] WARN  - 
2025-01-28 20:42:33,470 INFO c.h.h.t.HelmChartContainer - [test-hivemq-platform] [hivemq] [918b2933] ################################################################################################################
2025-01-28 20:42:33,470 INFO c.h.h.t.HelmChartContainer - [test-hivemq-platform] [hivemq] [918b2933] # This HiveMQ deployment is not secure! You are lacking Authentication and Authorization.                      #
2025-01-28 20:42:33,470 INFO c.h.h.t.HelmChartContainer - [test-hivemq-platform] [hivemq] [918b2933] # Right now any MQTT client can connect to the broker with a full set of permissions.                          #
2025-01-28 20:42:33,470 INFO c.h.h.t.HelmChartContainer - [test-hivemq-platform] [hivemq] [918b2933] # For production usage, add an appropriate security extension and remove the hivemq-allow-all extension.       #
2025-01-28 20:42:33,470 INFO c.h.h.t.HelmChartContainer - [test-hivemq-platform] [hivemq] [918b2933] # You can download security extensions from the HiveMQ Marketplace (https://www.hivemq.com/extensions/).       #
2025-01-28 20:42:33,470 INFO c.h.h.t.HelmChartContainer - [test-hivemq-platform] [hivemq] [918b2933] ################################################################################################################
2025-01-28 20:42:33,470 INFO c.h.h.t.HelmChartContainer - [test-hivemq-platform] [hivemq] [918b2933] INFO  - Extension "Allow All Extension" version 1.1.1 started successfully.
2025-01-28 20:42:33,481 INFO c.h.h.t.HelmChartContainer - [test-hivemq-platform] [hivemq] [98ee0fbb] INFO  - Cluster nodes found by discovery: [MUStw|1] (2) [MUStw, e821g].
2025-01-28 20:42:33,580 INFO c.h.h.t.HelmChartContainer - [test-hivemq-platform] [hivemq] [918b2933] INFO  - Cluster nodes found by discovery: [MUStw|1] (2) [MUStw, e821g].
2025-01-28 20:42:33,869 INFO c.h.h.t.HelmChartContainer - [test-hivemq-platform] [hivemq] [918b2933] INFO  - Cluster size = 1, members : [MUStw].
2025-01-28 20:42:34,465 INFO c.h.h.t.HelmChartContainer - [test-hivemq-platform] [hivemq] [918b2933] INFO  - Starting cluster join process. This may take a while. Please do not shut down HiveMQ.
2025-01-28 20:42:34,466 INFO c.h.h.t.HelmChartContainer - [test-hivemq-platform] [hivemq] [918b2933] INFO  - Cluster join process is still ongoing. Please do not shut down HiveMQ.
2025-01-28 20:42:36,479 INFO c.h.h.t.HelmChartContainer - [test-hivemq-platform] [hivemq] [98ee0fbb] INFO  - Cluster size = 2, members : [MUStw, e821g].
2025-01-28 20:42:36,492 INFO c.h.h.t.HelmChartContainer - [test-hivemq-platform] [hivemq] [918b2933] INFO  - Cluster size = 2, members : [MUStw, e821g].
2025-01-28 20:42:36,564 INFO c.h.h.t.HelmChartContainer - [test-hivemq-platform] [hivemq] [918b2933] INFO  - Finished cluster join process successfully.
2025-01-28 20:42:36,565 INFO c.h.h.t.HelmChartContainer - [test-hivemq-platform] [hivemq] [918b2933] WARN  - No user for HiveMQ Control Center configured. Starting with default user
2025-01-28 20:42:36,565 INFO c.h.h.t.HelmChartContainer - [test-hivemq-platform] [hivemq] [918b2933] INFO  - Starting HiveMQ Control Center on address 0.0.0.0 and port 8080
2025-01-28 20:42:36,571 INFO c.h.h.t.HelmChartContainer - [test-hivemq-platform] [hivemq] [918b2933] INFO  - Mounting HiveMQ Control Center V2 Preview
2025-01-28 20:42:37,075 INFO c.h.h.t.HelmChartContainer - [EVENT] Warning [Unhealthy] Readiness probe failed: HTTP probe failed with statuscode: 503 [helmcontainersecuritycontextupgradeplatformit:test-hivemq-platform-1]
2025-01-28 20:42:37,075 INFO c.h.h.t.HelmChartContainer - Received Unhealthy event for container hivemq in pod test-hivemq-platform-1 [918b2933-cb4b-4122-a005-1e5c0ac84200]
2025-01-28 20:42:37,151 INFO c.h.h.t.HelmChartContainer - [hivemq-test-hivemq-platform] [hivemq-platform-operator] [13a66c66] 20:42:37.150 [pool-6-thread-10] DEBUG c.h.p.o.d.PlatformServiceResource - [helmcont] Desired Platform services (3 services)
2025-01-28 20:42:37,154 INFO c.h.h.t.HelmChartContainer - [hivemq-test-hivemq-platform] [hivemq-platform-operator] [13a66c66] 20:42:37.150 [pool-6-thread-9] DEBUG c.h.p.o.d.PodServiceAccountResource - [helmcont] Desired PodServiceAccountResource (serviceAccountName: hivemq-platform-pod-test-hivemq-platform)
2025-01-28 20:42:37,154 INFO c.h.h.t.HelmChartContainer - [hivemq-test-hivemq-platform] [hivemq-platform-operator] [13a66c66] 20:42:37.151 [pool-6-thread-8] DEBUG c.h.p.o.dependants.PodInfoConfigMap - [helmcont] Desired PodInfo ConfigMap (1 extensions) (1 enabled)
2025-01-28 20:42:37,154 INFO c.h.h.t.HelmChartContainer - [hivemq-test-hivemq-platform] [hivemq-platform-operator] [13a66c66] 20:42:37.151 [pool-6-thread-8] DEBUG c.h.p.o.dependants.PodInfoConfigMap - [helmcont] Desired PodInfo ConfigMap (metrics port: 9399) (metrics path: /)
2025-01-28 20:42:37,154 INFO c.h.h.t.HelmChartContainer - [hivemq-test-hivemq-platform] [hivemq-platform-operator] [13a66c66] 20:42:37.151 [pool-6-thread-8] DEBUG c.h.p.o.dependants.PodInfoConfigMap - [helmcont] Desired PodInfo ConfigMap (extension state hash: -1817474005)
2025-01-28 20:42:37,157 INFO c.h.h.t.HelmChartContainer - [hivemq-test-hivemq-platform] [hivemq-platform-operator] [13a66c66] 20:42:37.156 [pool-6-thread-10] DEBUG c.h.p.o.d.StatefulSetResource - [helmcont] Desired StatefulSet (2 replicas) for status ROLLING_RESTART (SURGE_IN_PROGRESS)
2025-01-28 20:42:37,161 INFO c.h.h.t.HelmChartContainer - [hivemq-test-hivemq-platform] [hivemq-platform-operator] [13a66c66] 20:42:37.160 [ReconcilerExecutor-hivemq-controller-124] INFO  c.h.p.o.HiveMQPlatformReconciler - [helmcont] Reconciling HiveMQ Platform 'test-hivemq-platform' in namespace 'helmcontainersecuritycontextupgradeplatformit'
2025-01-28 20:42:37,161 INFO c.h.h.t.HelmChartContainer - [hivemq-test-hivemq-platform] [hivemq-platform-operator] [13a66c66] 20:42:37.160 [ReconcilerExecutor-hivemq-controller-124] DEBUG c.h.p.o.HiveMQPlatformReconciler - [helmcont] Custom Resource Status ROLLING_RESTART - HiveMQ Platform is starting a surge Pod (rolling restart) (SURGE_IN_PROGRESS)
2025-01-28 20:42:37,161 INFO c.h.h.t.HelmChartContainer - [hivemq-test-hivemq-platform] [hivemq-platform-operator] [13a66c66] 20:42:37.160 [ReconcilerExecutor-hivemq-controller-124] DEBUG c.h.p.o.HiveMQPlatformReconciler - [helmcont] Custom Resource Spec (replicas: 1) (extensions: 1)
2025-01-28 20:42:37,163 INFO c.h.h.t.HelmChartContainer - [hivemq-test-hivemq-platform] [hivemq-platform-operator] [13a66c66] 20:42:37.161 [ReconcilerExecutor-hivemq-controller-124] DEBUG c.h.p.o.HiveMQPlatformReconciler - [helmcont] StatefulSet Status (revision: test-hivemq-platform-579f489c45, replicas: 2, available: 1, ready: 1, current: 1, updated: 1)
2025-01-28 20:42:37,163 INFO c.h.h.t.HelmChartContainer - [hivemq-test-hivemq-platform] [hivemq-platform-operator] [13a66c66] 20:42:37.161 [ReconcilerExecutor-hivemq-controller-124] DEBUG c.h.p.o.HiveMQPlatformReconciler - [helmcont] StatefulSet Spec (replicas: 2, init containers: 1, containers: 1, volumes: 3)
2025-01-28 20:42:37,165 INFO c.h.h.t.HelmChartContainer - [hivemq-test-hivemq-platform] [hivemq-platform-operator] [13a66c66] 20:42:37.164 [ReconcilerExecutor-hivemq-controller-124] DEBUG c.h.p.o.h.HiveMQPlatformReconcilerErrorHandler - [helmcont] Pod 'test-hivemq-platform-1' phase Running
2025-01-28 20:42:37,167 INFO c.h.h.t.HelmChartContainer - [hivemq-test-hivemq-platform] [hivemq-platform-operator] [13a66c66] 20:42:37.166 [ReconcilerExecutor-hivemq-controller-124] DEBUG c.h.p.o.h.HiveMQPlatformReconcilerErrorHandler - [helmcont] Pod 'test-hivemq-platform-0' phase Running
2025-01-28 20:42:37,167 INFO c.h.h.t.HelmChartContainer - [hivemq-test-hivemq-platform] [hivemq-platform-operator] [13a66c66] 20:42:37.166 [ReconcilerExecutor-hivemq-controller-124] DEBUG c.h.p.o.h.HiveMQPlatformReconcilerRollingRestartHandler - [helmcont] Rolling restart is waiting for 1 of 2 replicas
2025-01-28 20:42:37,363 INFO c.h.h.t.HelmChartContainer - [test-hivemq-platform] [hivemq] [918b2933] INFO  - Started HiveMQ Control Center in 798ms
2025-01-28 20:42:37,383 INFO c.h.h.t.HelmChartContainer - [test-hivemq-platform] [hivemq] [918b2933] INFO  - Starting TCP listener on address 0.0.0.0 and port 1884
2025-01-28 20:42:37,476 INFO c.h.h.t.HelmChartContainer - [test-hivemq-platform] [hivemq] [918b2933] INFO  - Started TCP Listener on address 0.0.0.0 and on port 1884.
2025-01-28 20:42:37,477 INFO c.h.h.t.HelmChartContainer - [test-hivemq-platform] [hivemq] [918b2933] INFO  - Started HiveMQ in 29915ms
2025-01-28 20:42:41,992 INFO c.h.h.t.HelmChartContainer - [test-hivemq-platform] [hivemq] [918b2933] INFO  - [HiveMQ Platform Operator Init App 1.7.0-SNAPSHOT] Returning Health API response 200 for readiness
2025-01-28 20:42:42,005 INFO c.h.h.t.HelmChartContainer - [POD] test-hivemq-platform-1 [918b2933-cb4b-4122-a005-1e5c0ac84200] in helmcontainersecuritycontextupgradeplatformit was MODIFIED
2025-01-28 20:42:42,014 INFO c.h.h.t.HelmChartContainer - [hivemq-test-hivemq-platform] [hivemq-platform-operator] [13a66c66] 20:42:42.011 [pool-6-thread-11] DEBUG c.h.p.o.d.PlatformServiceResource - [helmcont] Desired Platform services (3 services)
2025-01-28 20:42:42,016 INFO c.h.h.t.HelmChartContainer - [hivemq-test-hivemq-platform] [hivemq-platform-operator] [13a66c66] 20:42:42.013 [pool-6-thread-17] DEBUG c.h.p.o.dependants.PodInfoConfigMap - [helmcont] Desired PodInfo ConfigMap (1 extensions) (1 enabled)
2025-01-28 20:42:42,016 INFO c.h.h.t.HelmChartContainer - [hivemq-test-hivemq-platform] [hivemq-platform-operator] [13a66c66] 20:42:42.013 [pool-6-thread-17] DEBUG c.h.p.o.dependants.PodInfoConfigMap - [helmcont] Desired PodInfo ConfigMap (metrics port: 9399) (metrics path: /)
2025-01-28 20:42:42,020 INFO c.h.h.t.HelmChartContainer - [hivemq-test-hivemq-platform] [hivemq-platform-operator] [13a66c66] 20:42:42.013 [pool-6-thread-17] DEBUG c.h.p.o.dependants.PodInfoConfigMap - [helmcont] Desired PodInfo ConfigMap (extension state hash: -1817474005)
2025-01-28 20:42:42,020 INFO c.h.h.t.HelmChartContainer - [hivemq-test-hivemq-platform] [hivemq-platform-operator] [13a66c66] 20:42:42.014 [pool-6-thread-17] DEBUG c.h.p.o.d.PodServiceAccountResource - [helmcont] Desired PodServiceAccountResource (serviceAccountName: hivemq-platform-pod-test-hivemq-platform)
2025-01-28 20:42:42,025 INFO c.h.h.t.HelmChartContainer - [hivemq-test-hivemq-platform] [hivemq-platform-operator] [13a66c66] 20:42:42.023 [pool-6-thread-11] DEBUG c.h.p.o.d.StatefulSetResource - [helmcont] Desired StatefulSet (2 replicas) for status ROLLING_RESTART (SURGE_IN_PROGRESS)
2025-01-28 20:42:42,029 INFO c.h.h.t.HelmChartContainer - [hivemq-test-hivemq-platform] [hivemq-platform-operator] [13a66c66] 20:42:42.028 [ReconcilerExecutor-hivemq-controller-125] INFO  c.h.p.o.HiveMQPlatformReconciler - [helmcont] Reconciling HiveMQ Platform 'test-hivemq-platform' in namespace 'helmcontainersecuritycontextupgradeplatformit'
2025-01-28 20:42:42,029 INFO c.h.h.t.HelmChartContainer - [hivemq-test-hivemq-platform] [hivemq-platform-operator] [13a66c66] 20:42:42.028 [ReconcilerExecutor-hivemq-controller-125] DEBUG c.h.p.o.HiveMQPlatformReconciler - [helmcont] Custom Resource Status ROLLING_RESTART - HiveMQ Platform is starting a surge Pod (rolling restart) (SURGE_IN_PROGRESS)
2025-01-28 20:42:42,029 INFO c.h.h.t.HelmChartContainer - [hivemq-test-hivemq-platform] [hivemq-platform-operator] [13a66c66] 20:42:42.028 [ReconcilerExecutor-hivemq-controller-125] DEBUG c.h.p.o.HiveMQPlatformReconciler - [helmcont] Custom Resource Spec (replicas: 1) (extensions: 1)
2025-01-28 20:42:42,032 INFO c.h.h.t.HelmChartContainer - [hivemq-test-hivemq-platform] [hivemq-platform-operator] [13a66c66] 20:42:42.030 [ReconcilerExecutor-hivemq-controller-125] DEBUG c.h.p.o.HiveMQPlatformReconciler - [helmcont] StatefulSet Status (revision: test-hivemq-platform-579f489c45, replicas: 2, available: 2, ready: 2, current: 1, updated: 1)
2025-01-28 20:42:42,032 INFO c.h.h.t.HelmChartContainer - [hivemq-test-hivemq-platform] [hivemq-platform-operator] [13a66c66] 20:42:42.030 [ReconcilerExecutor-hivemq-controller-125] DEBUG c.h.p.o.HiveMQPlatformReconciler - [helmcont] StatefulSet Spec (replicas: 2, init containers: 1, containers: 1, volumes: 3)
2025-01-28 20:42:42,033 INFO c.h.h.t.HelmChartContainer - [hivemq-test-hivemq-platform] [hivemq-platform-operator] [13a66c66] 20:42:42.031 [ReconcilerExecutor-hivemq-controller-125] DEBUG c.h.p.o.h.HiveMQPlatformReconcilerErrorHandler - [helmcont] Pod 'test-hivemq-platform-1' phase Running
2025-01-28 20:42:42,033 INFO c.h.h.t.HelmChartContainer - [hivemq-test-hivemq-platform] [hivemq-platform-operator] [13a66c66] 20:42:42.033 [ReconcilerExecutor-hivemq-controller-125] DEBUG c.h.p.o.h.HiveMQPlatformReconcilerErrorHandler - [helmcont] Pod 'test-hivemq-platform-0' phase Running
2025-01-28 20:42:42,092 INFO c.h.h.t.HelmChartContainer - [hivemq-test-hivemq-platform] [hivemq-platform-operator] [13a66c66] 20:42:42.091 [ReconcilerExecutor-hivemq-controller-125] INFO  c.h.p.o.h.HiveMQPlatformReconcilerRollingRestartHandler - [helmcont] Surge Pod started successfully
2025-01-28 20:42:42,107 INFO c.h.h.t.HelmChartContainer - [hivemq-test-hivemq-platform] [hivemq-platform-operator] [13a66c66] 20:42:42.106 [ReconcilerExecutor-hivemq-controller-125] DEBUG c.h.p.operator.event.EventSender - [helmcont] Creating K8s event rolling-restart-surge-in-progress: [RollingRestart] HiveMQ Platform is restarting Pods (rolling restart)
2025-01-28 20:42:42,112 INFO c.h.h.t.HelmChartContainer - [EVENT] Normal [RollingRestart] HiveMQ Platform is restarting Pods (rolling restart) [helmcontainersecuritycontextupgradeplatformit:test-hivemq-platform]
2025-01-28 20:42:42,113 INFO c.h.h.t.HelmChartContainer - [hivemq-test-hivemq-platform] [hivemq-platform-operator] [13a66c66] 20:42:42.111 [ReconcilerExecutor-hivemq-controller-125] INFO  c.h.p.o.h.AbstractHiveMQReconcilerStateHandler - [helmcont] Update HiveMQ Platform Status (ROLLING_RESTART [SURGE_IN_PROGRESS] -> ROLLING_RESTART [RESTART_PODS_IN_PROGRESS]): HiveMQ Platform is restarting Pods (rolling restart)
2025-01-28 20:42:42,198 DEBUG com.hivemq.helmcharts.util.K8sUtil - Comparing actual state 'ROLLING_RESTART' and waiting for 'RUNNING'
2025-01-28 20:42:42,203 INFO c.h.h.t.HelmChartContainer - [hivemq-test-hivemq-platform] [hivemq-platform-operator] [13a66c66] 20:42:42.201 [pool-6-thread-23] DEBUG c.h.p.o.d.PlatformServiceResource - [helmcont] Desired Platform services (3 services)
2025-01-28 20:42:42,204 INFO c.h.h.t.HelmChartContainer - [hivemq-test-hivemq-platform] [hivemq-platform-operator] [13a66c66] 20:42:42.202 [pool-6-thread-27] DEBUG c.h.p.o.d.PodServiceAccountResource - [helmcont] Desired PodServiceAccountResource (serviceAccountName: hivemq-platform-pod-test-hivemq-platform)
2025-01-28 20:42:42,205 INFO c.h.h.t.HelmChartContainer - [hivemq-test-hivemq-platform] [hivemq-platform-operator] [13a66c66] 20:42:42.203 [pool-6-thread-24] DEBUG c.h.p.o.dependants.PodInfoConfigMap - [helmcont] Desired PodInfo ConfigMap (1 extensions) (1 enabled)
2025-01-28 20:42:42,205 INFO c.h.h.t.HelmChartContainer - [hivemq-test-hivemq-platform] [hivemq-platform-operator] [13a66c66] 20:42:42.203 [pool-6-thread-24] DEBUG c.h.p.o.dependants.PodInfoConfigMap - [helmcont] Desired PodInfo ConfigMap (metrics port: 9399) (metrics path: /)
2025-01-28 20:42:42,205 INFO c.h.h.t.HelmChartContainer - [hivemq-test-hivemq-platform] [hivemq-platform-operator] [13a66c66] 20:42:42.205 [pool-6-thread-24] DEBUG c.h.p.o.dependants.PodInfoConfigMap - [helmcont] Desired PodInfo ConfigMap (extension state hash: -1817474005)
2025-01-28 20:42:42,208 INFO c.h.h.t.HelmChartContainer - [hivemq-test-hivemq-platform] [hivemq-platform-operator] [13a66c66] 20:42:42.207 [pool-6-thread-23] DEBUG c.h.p.o.d.StatefulSetResource - [helmcont] Desired StatefulSet (2 replicas) for status ROLLING_RESTART (RESTART_PODS_IN_PROGRESS)
2025-01-28 20:42:42,212 INFO c.h.h.t.HelmChartContainer - [hivemq-test-hivemq-platform] [hivemq-platform-operator] [13a66c66] 20:42:42.210 [ReconcilerExecutor-hivemq-controller-126] INFO  c.h.p.o.HiveMQPlatformReconciler - [helmcont] Reconciling HiveMQ Platform 'test-hivemq-platform' in namespace 'helmcontainersecuritycontextupgradeplatformit'
2025-01-28 20:42:42,212 INFO c.h.h.t.HelmChartContainer - [hivemq-test-hivemq-platform] [hivemq-platform-operator] [13a66c66] 20:42:42.211 [ReconcilerExecutor-hivemq-controller-126] DEBUG c.h.p.o.HiveMQPlatformReconciler - [helmcont] Custom Resource Status ROLLING_RESTART - HiveMQ Platform is restarting Pods (rolling restart) (RESTART_PODS_IN_PROGRESS)
2025-01-28 20:42:42,212 INFO c.h.h.t.HelmChartContainer - [hivemq-test-hivemq-platform] [hivemq-platform-operator] [13a66c66] 20:42:42.211 [ReconcilerExecutor-hivemq-controller-126] DEBUG c.h.p.o.HiveMQPlatformReconciler - [helmcont] Custom Resource Spec (replicas: 1) (extensions: 1)
2025-01-28 20:42:42,214 INFO c.h.h.t.HelmChartContainer - [hivemq-test-hivemq-platform] [hivemq-platform-operator] [13a66c66] 20:42:42.213 [ReconcilerExecutor-hivemq-controller-126] DEBUG c.h.p.o.HiveMQPlatformReconciler - [helmcont] StatefulSet Status (revision: test-hivemq-platform-579f489c45, replicas: 2, available: 2, ready: 2, current: 1, updated: 1)
2025-01-28 20:42:42,214 INFO c.h.h.t.HelmChartContainer - [hivemq-test-hivemq-platform] [hivemq-platform-operator] [13a66c66] 20:42:42.213 [ReconcilerExecutor-hivemq-controller-126] DEBUG c.h.p.o.HiveMQPlatformReconciler - [helmcont] StatefulSet Spec (replicas: 2, init containers: 1, containers: 1, volumes: 3)
2025-01-28 20:42:42,216 INFO c.h.h.t.HelmChartContainer - [hivemq-test-hivemq-platform] [hivemq-platform-operator] [13a66c66] 20:42:42.215 [ReconcilerExecutor-hivemq-controller-126] DEBUG c.h.p.o.h.HiveMQPlatformReconcilerErrorHandler - [helmcont] Pod 'test-hivemq-platform-1' phase Running
2025-01-28 20:42:42,291 INFO c.h.h.t.HelmChartContainer - [hivemq-test-hivemq-platform] [hivemq-platform-operator] [13a66c66] 20:42:42.290 [ReconcilerExecutor-hivemq-controller-126] DEBUG c.h.p.o.h.HiveMQPlatformReconcilerErrorHandler - [helmcont] Pod 'test-hivemq-platform-0' phase Running
2025-01-28 20:42:42,298 INFO c.h.h.t.HelmChartContainer - [hivemq-test-hivemq-platform] [hivemq-platform-operator] [13a66c66] 20:42:42.297 [ReconcilerExecutor-hivemq-controller-126] DEBUG c.h.p.o.h.HiveMQPlatformReconcilerRollingRestartHandler - [helmcont] Skipping Pod test-hivemq-platform-1 as it's already on the controller update revision (update revision: test-hivemq-platform-579f489c45, pod revision: test-hivemq-platform-579f489c45)
2025-01-28 20:42:42,311 INFO c.h.h.t.HelmChartContainer - [hivemq-test-hivemq-platform] [hivemq-platform-operator] [13a66c66] 20:42:42.310 [ReconcilerExecutor-hivemq-controller-126] DEBUG c.h.p.o.h.HiveMQPlatformReconcilerRollingRestartHandler - [helmcont] The last Pod is running for 59 seconds, the next Pod can be restarted
2025-01-28 20:42:42,312 INFO c.h.h.t.HelmChartContainer - [hivemq-test-hivemq-platform] [hivemq-platform-operator] [13a66c66] 20:42:42.310 [ReconcilerExecutor-hivemq-controller-126] INFO  c.h.p.o.h.HiveMQPlatformReconcilerRollingRestartHandler - [helmcont] Restarting Pod test-hivemq-platform-0 as it's not matching the controller update revision (update revision: test-hivemq-platform-579f489c45, pod revision: test-hivemq-platform-5fb49467b6)
2025-01-28 20:42:42,419 INFO c.h.h.t.HelmChartContainer - [EVENT] Normal [Killing] Stopping container hivemq [helmcontainersecuritycontextupgradeplatformit:test-hivemq-platform-0]
2025-01-28 20:42:42,419 INFO c.h.h.t.HelmChartContainer - Received Killing event for container hivemq in pod test-hivemq-platform-0 [98ee0fbb-7b30-4379-8eea-e5899cefded5]
2025-01-28 20:42:42,419 INFO c.h.h.t.HelmChartContainer - Container [test-hivemq-platform-0] [hivemq] [98ee0fbb-7b30-4379-8eea-e5899cefded5] was terminated
2025-01-28 20:42:42,423 INFO c.h.h.t.HelmChartContainer - [POD] test-hivemq-platform-0 [98ee0fbb-7b30-4379-8eea-e5899cefded5] in helmcontainersecuritycontextupgradeplatformit was MODIFIED
2025-01-28 20:42:42,420 INFO c.h.h.t.HelmChartContainer - Stopped log watcher for hivemq in pod test-hivemq-platform-0 [98ee0fbb-7b30-4379-8eea-e5899cefded5]
2025-01-28 20:42:42,426 INFO c.h.h.t.HelmChartContainer - [test-hivemq-platform] [hivemq] [98ee0fbb] INFO  - [HiveMQ Platform Operator Init App 1.7.0-SNAPSHOT] Shutting down
2025-01-28 20:42:42,426 INFO c.h.h.t.HelmChartContainer - [test-hivemq-platform] [hivemq] [98ee0fbb] INFO  - [HiveMQ Platform Operator Init App 1.7.0-SNAPSHOT] Stopping the HiveMQ Platform
2025-01-28 20:42:42,505 INFO c.h.h.t.HelmChartContainer - [hivemq-test-hivemq-platform] [hivemq-platform-operator] [13a66c66] 20:42:42.501 [pool-6-thread-35] DEBUG c.h.p.o.d.PlatformServiceResource - [helmcont] Desired Platform services (3 services)
2025-01-28 20:42:42,505 INFO c.h.h.t.HelmChartContainer - [hivemq-test-hivemq-platform] [hivemq-platform-operator] [13a66c66] 20:42:42.504 [pool-6-thread-35] DEBUG c.h.p.o.d.PodServiceAccountResource - [helmcont] Desired PodServiceAccountResource (serviceAccountName: hivemq-platform-pod-test-hivemq-platform)
2025-01-28 20:42:42,506 INFO c.h.h.t.HelmChartContainer - [hivemq-test-hivemq-platform] [hivemq-platform-operator] [13a66c66] 20:42:42.506 [pool-6-thread-31] DEBUG c.h.p.o.dependants.PodInfoConfigMap - [helmcont] Desired PodInfo ConfigMap (1 extensions) (1 enabled)
2025-01-28 20:42:42,507 INFO c.h.h.t.HelmChartContainer - [hivemq-test-hivemq-platform] [hivemq-platform-operator] [13a66c66] 20:42:42.506 [pool-6-thread-31] DEBUG c.h.p.o.dependants.PodInfoConfigMap - [helmcont] Desired PodInfo ConfigMap (metrics port: 9399) (metrics path: /)
2025-01-28 20:42:42,508 INFO c.h.h.t.HelmChartContainer - [hivemq-test-hivemq-platform] [hivemq-platform-operator] [13a66c66] 20:42:42.506 [pool-6-thread-31] DEBUG c.h.p.o.dependants.PodInfoConfigMap - [helmcont] Desired PodInfo ConfigMap (extension state hash: -1817474005)
2025-01-28 20:42:42,510 INFO c.h.h.t.HelmChartContainer - [hivemq-test-hivemq-platform] [hivemq-platform-operator] [13a66c66] 20:42:42.509 [pool-6-thread-38] DEBUG c.h.p.o.d.StatefulSetResource - [helmcont] Desired StatefulSet (2 replicas) for status ROLLING_RESTART (RESTART_PODS_IN_PROGRESS)
2025-01-28 20:42:42,519 INFO c.h.h.t.HelmChartContainer - [hivemq-test-hivemq-platform] [hivemq-platform-operator] [13a66c66] 20:42:42.517 [ReconcilerExecutor-hivemq-controller-127] INFO  c.h.p.o.HiveMQPlatformReconciler - [helmcont] Reconciling HiveMQ Platform 'test-hivemq-platform' in namespace 'helmcontainersecuritycontextupgradeplatformit'
2025-01-28 20:42:42,520 INFO c.h.h.t.HelmChartContainer - [hivemq-test-hivemq-platform] [hivemq-platform-operator] [13a66c66] 20:42:42.517 [ReconcilerExecutor-hivemq-controller-127] DEBUG c.h.p.o.HiveMQPlatformReconciler - [helmcont] Custom Resource Status ROLLING_RESTART - HiveMQ Platform is restarting Pods (rolling restart) (RESTART_PODS_IN_PROGRESS)
2025-01-28 20:42:42,520 INFO c.h.h.t.HelmChartContainer - [hivemq-test-hivemq-platform] [hivemq-platform-operator] [13a66c66] 20:42:42.517 [ReconcilerExecutor-hivemq-controller-127] DEBUG c.h.p.o.HiveMQPlatformReconciler - [helmcont] Custom Resource Spec (replicas: 1) (extensions: 1)
2025-01-28 20:42:42,533 INFO c.h.h.t.HelmChartContainer - [test-hivemq-platform] [hivemq] [98ee0fbb] INFO  - Shutting down HiveMQ. Please wait, this could take a while...
2025-01-28 20:42:42,592 INFO c.h.h.t.HelmChartContainer - [hivemq-test-hivemq-platform] [hivemq-platform-operator] [13a66c66] 20:42:42.591 [ReconcilerExecutor-hivemq-controller-127] DEBUG c.h.p.o.HiveMQPlatformReconciler - [helmcont] StatefulSet Status (revision: test-hivemq-platform-579f489c45, replicas: 2, available: 2, ready: 2, current: 0, updated: 1)
2025-01-28 20:42:42,592 INFO c.h.h.t.HelmChartContainer - [hivemq-test-hivemq-platform] [hivemq-platform-operator] [13a66c66] 20:42:42.591 [ReconcilerExecutor-hivemq-controller-127] DEBUG c.h.p.o.HiveMQPlatformReconciler - [helmcont] StatefulSet Spec (replicas: 2, init containers: 1, containers: 1, volumes: 3)
2025-01-28 20:42:42,594 INFO c.h.h.t.HelmChartContainer - [hivemq-test-hivemq-platform] [hivemq-platform-operator] [13a66c66] 20:42:42.593 [ReconcilerExecutor-hivemq-controller-127] DEBUG c.h.p.o.h.HiveMQPlatformReconcilerErrorHandler - [helmcont] Pod 'test-hivemq-platform-1' phase Running
2025-01-28 20:42:42,595 INFO c.h.h.t.HelmChartContainer - [hivemq-test-hivemq-platform] [hivemq-platform-operator] [13a66c66] 20:42:42.594 [ReconcilerExecutor-hivemq-controller-127] DEBUG c.h.p.o.h.HiveMQPlatformReconcilerErrorHandler - [helmcont] Pod 'test-hivemq-platform-0' phase Running
2025-01-28 20:42:42,601 INFO c.h.h.t.HelmChartContainer - [hivemq-test-hivemq-platform] [hivemq-platform-operator] [13a66c66] 20:42:42.600 [ReconcilerExecutor-hivemq-controller-127] DEBUG c.h.p.o.h.HiveMQPlatformReconcilerRollingRestartHandler - [helmcont] Skipping Pod test-hivemq-platform-1 as it's already on the controller update revision (update revision: test-hivemq-platform-579f489c45, pod revision: test-hivemq-platform-579f489c45)
2025-01-28 20:42:42,615 INFO c.h.h.t.HelmChartContainer - [hivemq-test-hivemq-platform] [hivemq-platform-operator] [13a66c66] 20:42:42.612 [ReconcilerExecutor-hivemq-controller-127] DEBUG c.h.p.o.h.HiveMQPlatformReconcilerRollingRestartHandler - [helmcont] The last Pod is running for 59 seconds, the next Pod can be restarted
2025-01-28 20:42:42,615 INFO c.h.h.t.HelmChartContainer - [hivemq-test-hivemq-platform] [hivemq-platform-operator] [13a66c66] 20:42:42.613 [ReconcilerExecutor-hivemq-controller-127] INFO  c.h.p.o.h.HiveMQPlatformReconcilerRollingRestartHandler - [helmcont] Restarting Pod test-hivemq-platform-0 as it's not matching the controller update revision (update revision: test-hivemq-platform-579f489c45, pod revision: test-hivemq-platform-5fb49467b6)
2025-01-28 20:42:42,616 INFO c.h.h.t.HelmChartContainer - [test-hivemq-platform] [hivemq] [98ee0fbb] INFO  - Shutting down listeners and clients
2025-01-28 20:42:42,618 INFO c.h.h.t.HelmChartContainer - [test-hivemq-platform] [hivemq] [98ee0fbb] INFO  - Shutdown of listeners is done
2025-01-28 20:42:42,618 INFO c.h.h.t.HelmChartContainer - [test-hivemq-platform] [hivemq] [98ee0fbb] INFO  - No clients are connected, proceeding with shutdown
2025-01-28 20:42:42,633 INFO c.h.h.t.HelmChartContainer - [test-hivemq-platform] [hivemq] [98ee0fbb] INFO  - [HiveMQ Platform Operator Init App 1.7.0-SNAPSHOT] Returning shutdown Health API response 503 for readiness
2025-01-28 20:42:42,637 INFO c.h.h.t.HelmChartContainer - [EVENT] Warning [Unhealthy] Readiness probe failed: HTTP probe failed with statuscode: 503 [helmcontainersecuritycontextupgradeplatformit:test-hivemq-platform-0]
2025-01-28 20:42:42,637 INFO c.h.h.t.HelmChartContainer - Received Unhealthy event for container hivemq in pod test-hivemq-platform-0 [98ee0fbb-7b30-4379-8eea-e5899cefded5]
2025-01-28 20:42:42,699 INFO c.h.h.t.HelmChartContainer - [hivemq-test-hivemq-platform] [hivemq-platform-operator] [13a66c66] 20:42:42.694 [pool-6-thread-47] DEBUG c.h.p.o.d.PlatformServiceResource - [helmcont] Desired Platform services (3 services)
2025-01-28 20:42:42,699 INFO c.h.h.t.HelmChartContainer - [hivemq-test-hivemq-platform] [hivemq-platform-operator] [13a66c66] 20:42:42.695 [pool-6-thread-46] DEBUG c.h.p.o.dependants.PodInfoConfigMap - [helmcont] Desired PodInfo ConfigMap (1 extensions) (1 enabled)
2025-01-28 20:42:42,699 INFO c.h.h.t.HelmChartContainer - [hivemq-test-hivemq-platform] [hivemq-platform-operator] [13a66c66] 20:42:42.695 [pool-6-thread-46] DEBUG c.h.p.o.dependants.PodInfoConfigMap - [helmcont] Desired PodInfo ConfigMap (metrics port: 9399) (metrics path: /)
2025-01-28 20:42:42,699 INFO c.h.h.t.HelmChartContainer - [hivemq-test-hivemq-platform] [hivemq-platform-operator] [13a66c66] 20:42:42.695 [pool-6-thread-46] DEBUG c.h.p.o.dependants.PodInfoConfigMap - [helmcont] Desired PodInfo ConfigMap (extension state hash: -1817474005)
2025-01-28 20:42:42,699 INFO c.h.h.t.HelmChartContainer - [hivemq-test-hivemq-platform] [hivemq-platform-operator] [13a66c66] 20:42:42.696 [pool-6-thread-46] DEBUG c.h.p.o.d.PodServiceAccountResource - [helmcont] Desired PodServiceAccountResource (serviceAccountName: hivemq-platform-pod-test-hivemq-platform)
2025-01-28 20:42:42,700 INFO c.h.h.t.HelmChartContainer - [hivemq-test-hivemq-platform] [hivemq-platform-operator] [13a66c66] 20:42:42.700 [pool-6-thread-44] DEBUG c.h.p.o.d.StatefulSetResource - [helmcont] Desired StatefulSet (2 replicas) for status ROLLING_RESTART (RESTART_PODS_IN_PROGRESS)
2025-01-28 20:42:42,704 INFO c.h.h.t.HelmChartContainer - [hivemq-test-hivemq-platform] [hivemq-platform-operator] [13a66c66] 20:42:42.703 [ReconcilerExecutor-hivemq-controller-128] INFO  c.h.p.o.HiveMQPlatformReconciler - [helmcont] Reconciling HiveMQ Platform 'test-hivemq-platform' in namespace 'helmcontainersecuritycontextupgradeplatformit'
2025-01-28 20:42:42,704 INFO c.h.h.t.HelmChartContainer - [hivemq-test-hivemq-platform] [hivemq-platform-operator] [13a66c66] 20:42:42.703 [ReconcilerExecutor-hivemq-controller-128] DEBUG c.h.p.o.HiveMQPlatformReconciler - [helmcont] Custom Resource Status ROLLING_RESTART - HiveMQ Platform is restarting Pods (rolling restart) (RESTART_PODS_IN_PROGRESS)
2025-01-28 20:42:42,704 INFO c.h.h.t.HelmChartContainer - [hivemq-test-hivemq-platform] [hivemq-platform-operator] [13a66c66] 20:42:42.703 [ReconcilerExecutor-hivemq-controller-128] DEBUG c.h.p.o.HiveMQPlatformReconciler - [helmcont] Custom Resource Spec (replicas: 1) (extensions: 1)
2025-01-28 20:42:42,706 INFO c.h.h.t.HelmChartContainer - [hivemq-test-hivemq-platform] [hivemq-platform-operator] [13a66c66] 20:42:42.704 [ReconcilerExecutor-hivemq-controller-128] DEBUG c.h.p.o.HiveMQPlatformReconciler - [helmcont] StatefulSet Status (revision: test-hivemq-platform-579f489c45, replicas: 2, available: 2, ready: 2, current: 0, updated: 1)
2025-01-28 20:42:42,706 INFO c.h.h.t.HelmChartContainer - [hivemq-test-hivemq-platform] [hivemq-platform-operator] [13a66c66] 20:42:42.704 [ReconcilerExecutor-hivemq-controller-128] DEBUG c.h.p.o.HiveMQPlatformReconciler - [helmcont] StatefulSet Spec (replicas: 2, init containers: 1, containers: 1, volumes: 3)
2025-01-28 20:42:42,707 INFO c.h.h.t.HelmChartContainer - [hivemq-test-hivemq-platform] [hivemq-platform-operator] [13a66c66] 20:42:42.706 [ReconcilerExecutor-hivemq-controller-128] DEBUG c.h.p.o.h.HiveMQPlatformReconcilerErrorHandler - [helmcont] Pod 'test-hivemq-platform-1' phase Running
2025-01-28 20:42:42,707 INFO c.h.h.t.HelmChartContainer - [hivemq-test-hivemq-platform] [hivemq-platform-operator] [13a66c66] 20:42:42.707 [ReconcilerExecutor-hivemq-controller-128] DEBUG c.h.p.o.h.HiveMQPlatformReconcilerErrorHandler - [helmcont] Pod 'test-hivemq-platform-0' phase Running
2025-01-28 20:42:42,797 INFO c.h.h.t.HelmChartContainer - [hivemq-test-hivemq-platform] [hivemq-platform-operator] [13a66c66] 20:42:42.795 [ReconcilerExecutor-hivemq-controller-128] DEBUG c.h.p.o.h.HiveMQPlatformReconcilerRollingRestartHandler - [helmcont] Skipping Pod test-hivemq-platform-1 as it's already on the controller update revision (update revision: test-hivemq-platform-579f489c45, pod revision: test-hivemq-platform-579f489c45)
2025-01-28 20:42:42,809 INFO c.h.h.t.HelmChartContainer - [hivemq-test-hivemq-platform] [hivemq-platform-operator] [13a66c66] 20:42:42.807 [ReconcilerExecutor-hivemq-controller-128] DEBUG c.h.p.o.h.HiveMQPlatformReconcilerRollingRestartHandler - [helmcont] The last Pod is running for 59 seconds, the next Pod can be restarted
2025-01-28 20:42:42,809 INFO c.h.h.t.HelmChartContainer - [hivemq-test-hivemq-platform] [hivemq-platform-operator] [13a66c66] 20:42:42.807 [ReconcilerExecutor-hivemq-controller-128] INFO  c.h.p.o.h.HiveMQPlatformReconcilerRollingRestartHandler - [helmcont] Restarting Pod test-hivemq-platform-0 as it's not matching the controller update revision (update revision: test-hivemq-platform-579f489c45, pod revision: test-hivemq-platform-5fb49467b6)
2025-01-28 20:42:43,704 INFO c.h.h.t.HelmChartContainer - [test-hivemq-platform] [hivemq] [918b2933] INFO  - [HiveMQ Platform Operator Init App 1.7.0-SNAPSHOT] Returning Health API response 200 for liveness
2025-01-28 20:42:45,723 INFO c.h.h.t.HelmChartContainer - [test-hivemq-platform] [hivemq] [98ee0fbb] INFO  - Shutting down extension system
2025-01-28 20:42:45,725 INFO c.h.h.t.HelmChartContainer - [test-hivemq-platform] [hivemq] [98ee0fbb] INFO  - Stopping extension with id hivemq-dns-cluster-discovery
2025-01-28 20:42:45,726 INFO c.h.h.t.HelmChartContainer - [test-hivemq-platform] [hivemq] [98ee0fbb] INFO  - Extension "DNS Cluster Discovery Extension" version 4.3.2 stopped successfully.
2025-01-28 20:42:45,726 INFO c.h.h.t.HelmChartContainer - [test-hivemq-platform] [hivemq] [98ee0fbb] INFO  - Stopping extension with id hivemq-prometheus-extension
2025-01-28 20:42:45,733 INFO c.h.h.t.HelmChartContainer - [test-hivemq-platform] [hivemq] [98ee0fbb] INFO  - Extension "Prometheus Monitoring Extension" version 4.0.12 stopped successfully.
2025-01-28 20:42:45,733 INFO c.h.h.t.HelmChartContainer - [test-hivemq-platform] [hivemq] [98ee0fbb] INFO  - Stopping extension with id hivemq-allow-all-extension
2025-01-28 20:42:45,733 INFO c.h.h.t.HelmChartContainer - [test-hivemq-platform] [hivemq] [98ee0fbb] INFO  - Extension "Allow All Extension" version 1.1.1 stopped successfully.
2025-01-28 20:42:45,741 INFO c.h.h.t.HelmChartContainer - [test-hivemq-platform] [hivemq] [918b2933] INFO  - Cluster nodes found by discovery: [e821g|2] (1) [e821g].
2025-01-28 20:42:45,743 INFO c.h.h.t.HelmChartContainer - [test-hivemq-platform] [hivemq] [918b2933] INFO  - Cluster size = 1, members : [e821g].
2025-01-28 20:42:47,637 INFO c.h.h.t.HelmChartContainer - [EVENT] Warning [Unhealthy] Readiness probe failed: HTTP probe failed with statuscode: 503 [helmcontainersecuritycontextupgradeplatformit:test-hivemq-platform-0]
2025-01-28 20:42:47,637 INFO c.h.h.t.HelmChartContainer - Received Unhealthy event for container hivemq in pod test-hivemq-platform-0 [98ee0fbb-7b30-4379-8eea-e5899cefded5]
2025-01-28 20:42:48,020 INFO c.h.h.t.HelmChartContainer - [test-hivemq-platform] [hivemq] [98ee0fbb] INFO  - Shutdown completed.
2025-01-28 20:42:48,370 INFO c.h.h.t.HelmChartContainer - [test-hivemq-platform] [hivemq] [98ee0fbb] INFO  - [HiveMQ Platform Operator Init App 1.7.0-SNAPSHOT] The HiveMQ Platform exited with code 143
2025-01-28 20:42:48,370 INFO c.h.h.t.HelmChartContainer - [test-hivemq-platform] [hivemq] [98ee0fbb] INFO  - [HiveMQ Platform Operator Init App 1.7.0-SNAPSHOT] Stopping the REST API
2025-01-28 20:42:48,378 INFO c.h.h.t.HelmChartContainer - [test-hivemq-platform] [hivemq] [98ee0fbb] INFO  - [HiveMQ Platform Operator Init App 1.7.0-SNAPSHOT] Shutdown complete
2025-01-28 20:42:48,875 INFO c.h.h.t.HelmChartContainer - [POD] test-hivemq-platform-0 [98ee0fbb-7b30-4379-8eea-e5899cefded5] in helmcontainersecuritycontextupgradeplatformit was MODIFIED
2025-01-28 20:42:48,886 INFO c.h.h.t.HelmChartContainer - [hivemq-test-hivemq-platform] [hivemq-platform-operator] [13a66c66] 20:42:48.882 [pool-6-thread-7] DEBUG c.h.p.o.d.PlatformServiceResource - [helmcont] Desired Platform services (3 services)
2025-01-28 20:42:48,887 INFO c.h.h.t.HelmChartContainer - [hivemq-test-hivemq-platform] [hivemq-platform-operator] [13a66c66] 20:42:48.882 [pool-6-thread-5] DEBUG c.h.p.o.dependants.PodInfoConfigMap - [helmcont] Desired PodInfo ConfigMap (1 extensions) (1 enabled)
2025-01-28 20:42:48,888 INFO c.h.h.t.HelmChartContainer - [hivemq-test-hivemq-platform] [hivemq-platform-operator] [13a66c66] 20:42:48.882 [pool-6-thread-5] DEBUG c.h.p.o.dependants.PodInfoConfigMap - [helmcont] Desired PodInfo ConfigMap (metrics port: 9399) (metrics path: /)
2025-01-28 20:42:48,888 INFO c.h.h.t.HelmChartContainer - [hivemq-test-hivemq-platform] [hivemq-platform-operator] [13a66c66] 20:42:48.882 [pool-6-thread-5] DEBUG c.h.p.o.dependants.PodInfoConfigMap - [helmcont] Desired PodInfo ConfigMap (extension state hash: -1817474005)
2025-01-28 20:42:48,888 INFO c.h.h.t.HelmChartContainer - [hivemq-test-hivemq-platform] [hivemq-platform-operator] [13a66c66] 20:42:48.884 [pool-6-thread-3] DEBUG c.h.p.o.d.PodServiceAccountResource - [helmcont] Desired PodServiceAccountResource (serviceAccountName: hivemq-platform-pod-test-hivemq-platform)
2025-01-28 20:42:48,893 INFO c.h.h.t.HelmChartContainer - [hivemq-test-hivemq-platform] [hivemq-platform-operator] [13a66c66] 20:42:48.892 [pool-6-thread-8] DEBUG c.h.p.o.d.StatefulSetResource - [helmcont] Desired StatefulSet (2 replicas) for status ROLLING_RESTART (RESTART_PODS_IN_PROGRESS)
2025-01-28 20:42:48,899 INFO c.h.h.t.HelmChartContainer - [hivemq-test-hivemq-platform] [hivemq-platform-operator] [13a66c66] 20:42:48.894 [ReconcilerExecutor-hivemq-controller-129] INFO  c.h.p.o.HiveMQPlatformReconciler - [helmcont] Reconciling HiveMQ Platform 'test-hivemq-platform' in namespace 'helmcontainersecuritycontextupgradeplatformit'
2025-01-28 20:42:48,901 INFO c.h.h.t.HelmChartContainer - [hivemq-test-hivemq-platform] [hivemq-platform-operator] [13a66c66] 20:42:48.895 [ReconcilerExecutor-hivemq-controller-129] DEBUG c.h.p.o.HiveMQPlatformReconciler - [helmcont] Custom Resource Status ROLLING_RESTART - HiveMQ Platform is restarting Pods (rolling restart) (RESTART_PODS_IN_PROGRESS)
2025-01-28 20:42:48,901 INFO c.h.h.t.HelmChartContainer - [hivemq-test-hivemq-platform] [hivemq-platform-operator] [13a66c66] 20:42:48.895 [ReconcilerExecutor-hivemq-controller-129] DEBUG c.h.p.o.HiveMQPlatformReconciler - [helmcont] Custom Resource Spec (replicas: 1) (extensions: 1)
2025-01-28 20:42:48,901 INFO c.h.h.t.HelmChartContainer - [hivemq-test-hivemq-platform] [hivemq-platform-operator] [13a66c66] 20:42:48.896 [ReconcilerExecutor-hivemq-controller-129] DEBUG c.h.p.o.HiveMQPlatformReconciler - [helmcont] StatefulSet Status (revision: test-hivemq-platform-579f489c45, replicas: 2, available: 1, ready: 1, current: 0, updated: 1)
2025-01-28 20:42:48,901 INFO c.h.h.t.HelmChartContainer - [hivemq-test-hivemq-platform] [hivemq-platform-operator] [13a66c66] 20:42:48.896 [ReconcilerExecutor-hivemq-controller-129] DEBUG c.h.p.o.HiveMQPlatformReconciler - [helmcont] StatefulSet Spec (replicas: 2, init containers: 1, containers: 1, volumes: 3)
2025-01-28 20:42:48,901 INFO c.h.h.t.HelmChartContainer - [hivemq-test-hivemq-platform] [hivemq-platform-operator] [13a66c66] 20:42:48.897 [ReconcilerExecutor-hivemq-controller-129] DEBUG c.h.p.o.h.HiveMQPlatformReconcilerErrorHandler - [helmcont] Pod 'test-hivemq-platform-1' phase Running
2025-01-28 20:42:48,901 INFO c.h.h.t.HelmChartContainer - [hivemq-test-hivemq-platform] [hivemq-platform-operator] [13a66c66] 20:42:48.898 [ReconcilerExecutor-hivemq-controller-129] DEBUG c.h.p.o.h.HiveMQPlatformReconcilerErrorHandler - [helmcont] Pod 'test-hivemq-platform-0' phase Failed
2025-01-28 20:42:48,901 INFO c.h.h.t.HelmChartContainer - [hivemq-test-hivemq-platform] [hivemq-platform-operator] [13a66c66] 20:42:48.898 [ReconcilerExecutor-hivemq-controller-129] DEBUG c.h.p.o.h.HiveMQPlatformReconcilerErrorHandler - [helmcont] Pod 'test-hivemq-platform-0' condition 'PodReadyToStartContainers': False
2025-01-28 20:42:48,901 INFO c.h.h.t.HelmChartContainer - [hivemq-test-hivemq-platform] [hivemq-platform-operator] [13a66c66] 20:42:48.898 [ReconcilerExecutor-hivemq-controller-129] DEBUG c.h.p.o.h.HiveMQPlatformReconcilerErrorHandler - [helmcont] Pod 'test-hivemq-platform-0' condition 'Initialized': True
2025-01-28 20:42:48,901 INFO c.h.h.t.HelmChartContainer - [hivemq-test-hivemq-platform] [hivemq-platform-operator] [13a66c66] 20:42:48.898 [ReconcilerExecutor-hivemq-controller-129] DEBUG c.h.p.o.h.HiveMQPlatformReconcilerErrorHandler - [helmcont] Pod 'test-hivemq-platform-0' condition 'Ready': False
2025-01-28 20:42:48,901 INFO c.h.h.t.HelmChartContainer - [hivemq-test-hivemq-platform] [hivemq-platform-operator] [13a66c66] 20:42:48.898 [ReconcilerExecutor-hivemq-controller-129] DEBUG c.h.p.o.h.HiveMQPlatformReconcilerErrorHandler - [helmcont] Pod 'test-hivemq-platform-0' condition 'ContainersReady': False
2025-01-28 20:42:48,901 INFO c.h.h.t.HelmChartContainer - [hivemq-test-hivemq-platform] [hivemq-platform-operator] [13a66c66] 20:42:48.898 [ReconcilerExecutor-hivemq-controller-129] DEBUG c.h.p.o.h.HiveMQPlatformReconcilerErrorHandler - [helmcont] Pod 'test-hivemq-platform-0' condition 'PodScheduled': True
2025-01-28 20:42:48,901 INFO c.h.h.t.HelmChartContainer - [hivemq-test-hivemq-platform] [hivemq-platform-operator] [13a66c66] 20:42:48.898 [ReconcilerExecutor-hivemq-controller-129] DEBUG c.h.p.o.h.HiveMQPlatformReconcilerErrorHandler - [helmcont] Pod 'test-hivemq-platform-0' containerStatus 'hivemq' (started: false) (ready: false) (waiting: [Unknown] no message)
2025-01-28 20:42:48,901 INFO c.h.h.t.HelmChartContainer - [hivemq-test-hivemq-platform] [hivemq-platform-operator] [13a66c66] 20:42:48.899 [ReconcilerExecutor-hivemq-controller-129] DEBUG c.h.p.o.h.HiveMQPlatformReconcilerRollingRestartHandler - [helmcont] Rolling restart is waiting for 1 of 2 replicas
2025-01-28 20:42:48,955 INFO c.h.h.t.HelmChartContainer - [hivemq-test-hivemq-platform] [hivemq-platform-operator] [13a66c66] 20:42:48.952 [pool-6-thread-13] DEBUG c.h.p.o.d.PlatformServiceResource - [helmcont] Desired Platform services (3 services)
2025-01-28 20:42:48,956 INFO c.h.h.t.HelmChartContainer - [hivemq-test-hivemq-platform] [hivemq-platform-operator] [13a66c66] 20:42:48.953 [pool-6-thread-17] DEBUG c.h.p.o.dependants.PodInfoConfigMap - [helmcont] Desired PodInfo ConfigMap (1 extensions) (1 enabled)
2025-01-28 20:42:48,956 INFO c.h.h.t.HelmChartContainer - [hivemq-test-hivemq-platform] [hivemq-platform-operator] [13a66c66] 20:42:48.953 [pool-6-thread-17] DEBUG c.h.p.o.dependants.PodInfoConfigMap - [helmcont] Desired PodInfo ConfigMap (metrics port: 9399) (metrics path: /)
2025-01-28 20:42:48,956 INFO c.h.h.t.HelmChartContainer - [hivemq-test-hivemq-platform] [hivemq-platform-operator] [13a66c66] 20:42:48.953 [pool-6-thread-17] DEBUG c.h.p.o.dependants.PodInfoConfigMap - [helmcont] Desired PodInfo ConfigMap (extension state hash: -1817474005)
2025-01-28 20:42:48,956 INFO c.h.h.t.HelmChartContainer - [hivemq-test-hivemq-platform] [hivemq-platform-operator] [13a66c66] 20:42:48.954 [pool-6-thread-17] DEBUG c.h.p.o.d.PodServiceAccountResource - [helmcont] Desired PodServiceAccountResource (serviceAccountName: hivemq-platform-pod-test-hivemq-platform)
2025-01-28 20:42:48,960 INFO c.h.h.t.HelmChartContainer - [hivemq-test-hivemq-platform] [hivemq-platform-operator] [13a66c66] 20:42:48.959 [pool-6-thread-13] DEBUG c.h.p.o.d.StatefulSetResource - [helmcont] Desired StatefulSet (2 replicas) for status ROLLING_RESTART (RESTART_PODS_IN_PROGRESS)
2025-01-28 20:42:48,962 INFO c.h.h.t.HelmChartContainer - [hivemq-test-hivemq-platform] [hivemq-platform-operator] [13a66c66] 20:42:48.961 [ReconcilerExecutor-hivemq-controller-130] INFO  c.h.p.o.HiveMQPlatformReconciler - [helmcont] Reconciling HiveMQ Platform 'test-hivemq-platform' in namespace 'helmcontainersecuritycontextupgradeplatformit'
2025-01-28 20:42:48,962 INFO c.h.h.t.HelmChartContainer - [hivemq-test-hivemq-platform] [hivemq-platform-operator] [13a66c66] 20:42:48.961 [ReconcilerExecutor-hivemq-controller-130] DEBUG c.h.p.o.HiveMQPlatformReconciler - [helmcont] Custom Resource Status ROLLING_RESTART - HiveMQ Platform is restarting Pods (rolling restart) (RESTART_PODS_IN_PROGRESS)
2025-01-28 20:42:48,962 INFO c.h.h.t.HelmChartContainer - [hivemq-test-hivemq-platform] [hivemq-platform-operator] [13a66c66] 20:42:48.961 [ReconcilerExecutor-hivemq-controller-130] DEBUG c.h.p.o.HiveMQPlatformReconciler - [helmcont] Custom Resource Spec (replicas: 1) (extensions: 1)
2025-01-28 20:42:48,990 INFO c.h.h.t.HelmChartContainer - [K3S] [reconciler_common.go:162] "operationExecutor.UnmountVolume started for volume \"pod-info\" (UniqueName: \"kubernetes.io/configmap/98ee0fbb-7b30-4379-8eea-e5899cefded5-pod-info\") pod \"98ee0fbb-7b30-4379-8eea-e5899cefded5\" (UID: \"98ee0fbb-7b30-4379-8eea-e5899cefded5\") "
2025-01-28 20:42:48,990 INFO c.h.h.t.HelmChartContainer - [K3S] [reconciler_common.go:162] "operationExecutor.UnmountVolume started for volume \"broker-configuration\" (UniqueName: \"kubernetes.io/configmap/98ee0fbb-7b30-4379-8eea-e5899cefded5-broker-configuration\") pod \"98ee0fbb-7b30-4379-8eea-e5899cefded5\" (UID: \"98ee0fbb-7b30-4379-8eea-e5899cefded5\") "
2025-01-28 20:42:48,990 INFO c.h.h.t.HelmChartContainer - [K3S] [reconciler_common.go:162] "operationExecutor.UnmountVolume started for volume \"kube-api-access-8hnkh\" (UniqueName: \"kubernetes.io/projected/98ee0fbb-7b30-4379-8eea-e5899cefded5-kube-api-access-8hnkh\") pod \"98ee0fbb-7b30-4379-8eea-e5899cefded5\" (UID: \"98ee0fbb-7b30-4379-8eea-e5899cefded5\") "
2025-01-28 20:42:48,990 INFO c.h.h.t.HelmChartContainer - [K3S] [reconciler_common.go:162] "operationExecutor.UnmountVolume started for volume \"operator-init\" (UniqueName: \"kubernetes.io/empty-dir/98ee0fbb-7b30-4379-8eea-e5899cefded5-operator-init\") pod \"98ee0fbb-7b30-4379-8eea-e5899cefded5\" (UID: \"98ee0fbb-7b30-4379-8eea-e5899cefded5\") "
2025-01-28 20:42:48,993 INFO c.h.h.t.HelmChartContainer - [hivemq-test-hivemq-platform] [hivemq-platform-operator] [13a66c66] 20:42:48.990 [ReconcilerExecutor-hivemq-controller-130] DEBUG c.h.p.o.HiveMQPlatformReconciler - [helmcont] StatefulSet Status (revision: test-hivemq-platform-579f489c45, replicas: 2, available: 1, ready: 1, current: 0, updated: 1)
2025-01-28 20:42:48,996 INFO c.h.h.t.HelmChartContainer - [hivemq-test-hivemq-platform] [hivemq-platform-operator] [13a66c66] 20:42:48.990 [ReconcilerExecutor-hivemq-controller-130] DEBUG c.h.p.o.HiveMQPlatformReconciler - [helmcont] StatefulSet Spec (replicas: 2, init containers: 1, containers: 1, volumes: 3)
2025-01-28 20:42:48,996 INFO c.h.h.t.HelmChartContainer - [hivemq-test-hivemq-platform] [hivemq-platform-operator] [13a66c66] 20:42:48.992 [ReconcilerExecutor-hivemq-controller-130] DEBUG c.h.p.o.h.HiveMQPlatformReconcilerErrorHandler - [helmcont] Pod 'test-hivemq-platform-1' phase Running
2025-01-28 20:42:48,996 INFO c.h.h.t.HelmChartContainer - [hivemq-test-hivemq-platform] [hivemq-platform-operator] [13a66c66] 20:42:48.994 [ReconcilerExecutor-hivemq-controller-130] DEBUG c.h.p.o.h.HiveMQPlatformReconcilerErrorHandler - [helmcont] Pod 'test-hivemq-platform-0' phase Failed
2025-01-28 20:42:48,996 INFO c.h.h.t.HelmChartContainer - [hivemq-test-hivemq-platform] [hivemq-platform-operator] [13a66c66] 20:42:48.994 [ReconcilerExecutor-hivemq-controller-130] DEBUG c.h.p.o.h.HiveMQPlatformReconcilerErrorHandler - [helmcont] Pod 'test-hivemq-platform-0' condition 'PodReadyToStartContainers': False
2025-01-28 20:42:48,996 INFO c.h.h.t.HelmChartContainer - [hivemq-test-hivemq-platform] [hivemq-platform-operator] [13a66c66] 20:42:48.994 [ReconcilerExecutor-hivemq-controller-130] DEBUG c.h.p.o.h.HiveMQPlatformReconcilerErrorHandler - [helmcont] Pod 'test-hivemq-platform-0' condition 'Initialized': True
2025-01-28 20:42:48,996 INFO c.h.h.t.HelmChartContainer - [hivemq-test-hivemq-platform] [hivemq-platform-operator] [13a66c66] 20:42:48.994 [ReconcilerExecutor-hivemq-controller-130] DEBUG c.h.p.o.h.HiveMQPlatformReconcilerErrorHandler - [helmcont] Pod 'test-hivemq-platform-0' condition 'Ready': False
2025-01-28 20:42:48,996 INFO c.h.h.t.HelmChartContainer - [hivemq-test-hivemq-platform] [hivemq-platform-operator] [13a66c66] 20:42:48.994 [ReconcilerExecutor-hivemq-controller-130] DEBUG c.h.p.o.h.HiveMQPlatformReconcilerErrorHandler - [helmcont] Pod 'test-hivemq-platform-0' condition 'ContainersReady': False
2025-01-28 20:42:48,996 INFO c.h.h.t.HelmChartContainer - [hivemq-test-hivemq-platform] [hivemq-platform-operator] [13a66c66] 20:42:48.994 [ReconcilerExecutor-hivemq-controller-130] DEBUG c.h.p.o.h.HiveMQPlatformReconcilerErrorHandler - [helmcont] Pod 'test-hivemq-platform-0' condition 'PodScheduled': True
2025-01-28 20:42:48,997 INFO c.h.h.t.HelmChartContainer - [hivemq-test-hivemq-platform] [hivemq-platform-operator] [13a66c66] 20:42:48.994 [ReconcilerExecutor-hivemq-controller-130] DEBUG c.h.p.o.h.HiveMQPlatformReconcilerErrorHandler - [helmcont] Pod 'test-hivemq-platform-0' containerStatus 'hivemq' (started: false) (ready: false) (waiting: [Unknown] no message)
2025-01-28 20:42:48,997 INFO c.h.h.t.HelmChartContainer - [hivemq-test-hivemq-platform] [hivemq-platform-operator] [13a66c66] 20:42:48.995 [ReconcilerExecutor-hivemq-controller-130] DEBUG c.h.p.o.h.HiveMQPlatformReconcilerRollingRestartHandler - [helmcont] Rolling restart is waiting for 1 of 2 replicas
2025-01-28 20:42:49,090 INFO c.h.h.t.HelmChartContainer - [K3S] [reconciler_common.go:299] "Volume detached for volume \"pod-info\" (UniqueName: \"kubernetes.io/configmap/98ee0fbb-7b30-4379-8eea-e5899cefded5-pod-info\") on node \"a4d7440200d1\" DevicePath \"\""
2025-01-28 20:42:49,090 INFO c.h.h.t.HelmChartContainer - [K3S] [reconciler_common.go:299] "Volume detached for volume \"broker-configuration\" (UniqueName: \"kubernetes.io/configmap/98ee0fbb-7b30-4379-8eea-e5899cefded5-broker-configuration\") on node \"a4d7440200d1\" DevicePath \"\""
2025-01-28 20:42:49,090 INFO c.h.h.t.HelmChartContainer - [K3S] [reconciler_common.go:299] "Volume detached for volume \"kube-api-access-8hnkh\" (UniqueName: \"kubernetes.io/projected/98ee0fbb-7b30-4379-8eea-e5899cefded5-kube-api-access-8hnkh\") on node \"a4d7440200d1\" DevicePath \"\""
2025-01-28 20:42:49,090 INFO c.h.h.t.HelmChartContainer - [K3S] [reconciler_common.go:299] "Volume detached for volume \"operator-init\" (UniqueName: \"kubernetes.io/empty-dir/98ee0fbb-7b30-4379-8eea-e5899cefded5-operator-init\") on node \"a4d7440200d1\" DevicePath \"\""
2025-01-28 20:42:49,439 INFO c.h.h.t.HelmChartContainer - [K3S] [scope.go:117] "RemoveContainer" containerID="dcea5cd90b45f208758c7168e320276be9c66cb52f89013672c642056f54a3ef"
2025-01-28 20:42:49,468 INFO c.h.h.t.HelmChartContainer - [POD] test-hivemq-platform-0 [98ee0fbb-7b30-4379-8eea-e5899cefded5] in helmcontainersecuritycontextupgradeplatformit was MODIFIED
2025-01-28 20:42:49,475 INFO c.h.h.t.HelmChartContainer - [POD] test-hivemq-platform-0 [98ee0fbb-7b30-4379-8eea-e5899cefded5] in helmcontainersecuritycontextupgradeplatformit was DELETED
2025-01-28 20:42:49,482 INFO c.h.h.t.HelmChartContainer - [hivemq-test-hivemq-platform] [hivemq-platform-operator] [13a66c66] 20:42:49.472 [pool-6-thread-25] DEBUG c.h.p.o.d.PlatformServiceResource - [helmcont] Desired Platform services (3 services)
2025-01-28 20:42:49,482 INFO c.h.h.t.HelmChartContainer - [hivemq-test-hivemq-platform] [hivemq-platform-operator] [13a66c66] 20:42:49.477 [pool-6-thread-22] DEBUG c.h.p.o.d.PodServiceAccountResource - [helmcont] Desired PodServiceAccountResource (serviceAccountName: hivemq-platform-pod-test-hivemq-platform)
2025-01-28 20:42:49,486 INFO c.h.h.t.HelmChartContainer - [POD] test-hivemq-platform-0 [87c810f9-c1cd-416b-b70c-05c054c36435] in helmcontainersecuritycontextupgradeplatformit was ADDED
2025-01-28 20:42:49,494 INFO c.h.h.t.HelmChartContainer - [hivemq-test-hivemq-platform] [hivemq-platform-operator] [13a66c66] 20:42:49.468 [pool-6-thread-21] DEBUG c.h.p.o.dependants.PodInfoConfigMap - [helmcont] Desired PodInfo ConfigMap (1 extensions) (1 enabled)
2025-01-28 20:42:49,494 INFO c.h.h.t.HelmChartContainer - [hivemq-test-hivemq-platform] [hivemq-platform-operator] [13a66c66] 20:42:49.480 [pool-6-thread-21] DEBUG c.h.p.o.dependants.PodInfoConfigMap - [helmcont] Desired PodInfo ConfigMap (metrics port: 9399) (metrics path: /)
2025-01-28 20:42:49,494 INFO c.h.h.t.HelmChartContainer - [hivemq-test-hivemq-platform] [hivemq-platform-operator] [13a66c66] 20:42:49.480 [pool-6-thread-21] DEBUG c.h.p.o.dependants.PodInfoConfigMap - [helmcont] Desired PodInfo ConfigMap (extension state hash: -1817474005)
2025-01-28 20:42:49,494 INFO c.h.h.t.HelmChartContainer - [hivemq-test-hivemq-platform] [hivemq-platform-operator] [13a66c66] 20:42:49.490 [pool-6-thread-25] DEBUG c.h.p.o.d.StatefulSetResource - [helmcont] Desired StatefulSet (2 replicas) for status ROLLING_RESTART (RESTART_PODS_IN_PROGRESS)
2025-01-28 20:42:49,503 INFO c.h.h.t.HelmChartContainer - [K3S] [memory_manager.go:355] "RemoveStaleState removing state" podUID="98ee0fbb-7b30-4379-8eea-e5899cefded5" containerName="hivemq"
2025-01-28 20:42:49,507 INFO c.h.h.t.HelmChartContainer - [POD] test-hivemq-platform-0 [87c810f9-c1cd-416b-b70c-05c054c36435] in helmcontainersecuritycontextupgradeplatformit was MODIFIED
2025-01-28 20:42:49,507 INFO c.h.h.t.HelmChartContainer - [EVENT] Normal [SuccessfulCreate] create Pod test-hivemq-platform-0 in StatefulSet test-hivemq-platform successful [helmcontainersecuritycontextupgradeplatformit:test-hivemq-platform]
2025-01-28 20:42:49,514 INFO c.h.h.t.HelmChartContainer - [hivemq-test-hivemq-platform] [hivemq-platform-operator] [13a66c66] 20:42:49.507 [ReconcilerExecutor-hivemq-controller-132] INFO  c.h.p.o.HiveMQPlatformReconciler - [helmcont] Reconciling HiveMQ Platform 'test-hivemq-platform' in namespace 'helmcontainersecuritycontextupgradeplatformit'
2025-01-28 20:42:49,515 INFO c.h.h.t.HelmChartContainer - [hivemq-test-hivemq-platform] [hivemq-platform-operator] [13a66c66] 20:42:49.507 [ReconcilerExecutor-hivemq-controller-132] DEBUG c.h.p.o.HiveMQPlatformReconciler - [helmcont] Custom Resource Status ROLLING_RESTART - HiveMQ Platform is restarting Pods (rolling restart) (RESTART_PODS_IN_PROGRESS)
2025-01-28 20:42:49,515 INFO c.h.h.t.HelmChartContainer - [hivemq-test-hivemq-platform] [hivemq-platform-operator] [13a66c66] 20:42:49.508 [ReconcilerExecutor-hivemq-controller-132] DEBUG c.h.p.o.HiveMQPlatformReconciler - [helmcont] Custom Resource Spec (replicas: 1) (extensions: 1)
2025-01-28 20:42:49,516 INFO c.h.h.t.HelmChartContainer - [EVENT] Normal [Scheduled] Successfully assigned helmcontainersecuritycontextupgradeplatformit/test-hivemq-platform-0 to a4d7440200d1 [helmcontainersecuritycontextupgradeplatformit:test-hivemq-platform-0]
2025-01-28 20:42:49,518 INFO c.h.h.t.HelmChartContainer - [hivemq-test-hivemq-platform] [hivemq-platform-operator] [13a66c66] 20:42:49.509 [ReconcilerExecutor-hivemq-controller-132] DEBUG c.h.p.o.HiveMQPlatformReconciler - [helmcont] StatefulSet Status (revision: test-hivemq-platform-579f489c45, replicas: 2, available: 1, ready: 1, current: 0, updated: 1)
2025-01-28 20:42:49,526 INFO c.h.h.t.HelmChartContainer - [POD] test-hivemq-platform-0 [87c810f9-c1cd-416b-b70c-05c054c36435] in helmcontainersecuritycontextupgradeplatformit was MODIFIED
2025-01-28 20:42:49,554 INFO c.h.h.t.HelmChartContainer - [hivemq-test-hivemq-platform] [hivemq-platform-operator] [13a66c66] 20:42:49.550 [ReconcilerExecutor-hivemq-controller-132] DEBUG c.h.p.o.HiveMQPlatformReconciler - [helmcont] StatefulSet Spec (replicas: 2, init containers: 1, containers: 1, volumes: 3)
2025-01-28 20:42:49,560 INFO c.h.h.t.HelmChartContainer - [hivemq-test-hivemq-platform] [hivemq-platform-operator] [13a66c66] 20:42:49.557 [ReconcilerExecutor-hivemq-controller-132] DEBUG c.h.p.o.h.HiveMQPlatformReconcilerErrorHandler - [helmcont] Pod 'test-hivemq-platform-1' phase Running
2025-01-28 20:42:49,561 INFO c.h.h.t.HelmChartContainer - [hivemq-test-hivemq-platform] [hivemq-platform-operator] [13a66c66] 20:42:49.559 [ReconcilerExecutor-hivemq-controller-132] DEBUG c.h.p.o.h.HiveMQPlatformReconcilerErrorHandler - [helmcont] Pod 'test-hivemq-platform-0' phase Pending
2025-01-28 20:42:49,562 INFO c.h.h.t.HelmChartContainer - [hivemq-test-hivemq-platform] [hivemq-platform-operator] [13a66c66] 20:42:49.560 [ReconcilerExecutor-hivemq-controller-132] DEBUG c.h.p.o.h.HiveMQPlatformReconcilerErrorHandler - [helmcont] Pod 'test-hivemq-platform-0' condition 'PodReadyToStartContainers': False
2025-01-28 20:42:49,565 INFO c.h.h.t.HelmChartContainer - [hivemq-test-hivemq-platform] [hivemq-platform-operator] [13a66c66] 20:42:49.561 [ReconcilerExecutor-hivemq-controller-132] DEBUG c.h.p.o.h.HiveMQPlatformReconcilerErrorHandler - [helmcont] Pod 'test-hivemq-platform-0' condition 'Initialized': False
2025-01-28 20:42:49,565 INFO c.h.h.t.HelmChartContainer - [hivemq-test-hivemq-platform] [hivemq-platform-operator] [13a66c66] 20:42:49.561 [ReconcilerExecutor-hivemq-controller-132] DEBUG c.h.p.o.h.HiveMQPlatformReconcilerErrorHandler - [helmcont] Pod 'test-hivemq-platform-0' condition 'Ready': False
2025-01-28 20:42:49,565 INFO c.h.h.t.HelmChartContainer - [hivemq-test-hivemq-platform] [hivemq-platform-operator] [13a66c66] 20:42:49.561 [ReconcilerExecutor-hivemq-controller-132] DEBUG c.h.p.o.h.HiveMQPlatformReconcilerErrorHandler - [helmcont] Pod 'test-hivemq-platform-0' condition 'ContainersReady': False
2025-01-28 20:42:49,565 INFO c.h.h.t.HelmChartContainer - [hivemq-test-hivemq-platform] [hivemq-platform-operator] [13a66c66] 20:42:49.561 [ReconcilerExecutor-hivemq-controller-132] DEBUG c.h.p.o.h.HiveMQPlatformReconcilerErrorHandler - [helmcont] Pod 'test-hivemq-platform-0' condition 'PodScheduled': True
2025-01-28 20:42:49,565 INFO c.h.h.t.HelmChartContainer - [hivemq-test-hivemq-platform] [hivemq-platform-operator] [13a66c66] 20:42:49.561 [ReconcilerExecutor-hivemq-controller-132] DEBUG c.h.p.o.h.HiveMQPlatformReconcilerErrorHandler - [helmcont] Pod 'test-hivemq-platform-0' containerStatus 'hivemq' (started: false) (ready: false) (waiting: [PodInitializing] null)
2025-01-28 20:42:49,565 INFO c.h.h.t.HelmChartContainer - [hivemq-test-hivemq-platform] [hivemq-platform-operator] [13a66c66] 20:42:49.562 [ReconcilerExecutor-hivemq-controller-132] DEBUG c.h.p.o.h.HiveMQPlatformReconcilerRollingRestartHandler - [helmcont] Rolling restart is waiting for 1 of 2 replicas
2025-01-28 20:42:49,593 INFO c.h.h.t.HelmChartContainer - [K3S] [reconciler_common.go:251] "operationExecutor.VerifyControllerAttachedVolume started for volume \"broker-configuration\" (UniqueName: \"kubernetes.io/configmap/87c810f9-c1cd-416b-b70c-05c054c36435-broker-configuration\") pod \"test-hivemq-platform-0\" (UID: \"87c810f9-c1cd-416b-b70c-05c054c36435\") " pod="helmcontainersecuritycontextupgradeplatformit/test-hivemq-platform-0"
2025-01-28 20:42:49,594 INFO c.h.h.t.HelmChartContainer - [K3S] [reconciler_common.go:251] "operationExecutor.VerifyControllerAttachedVolume started for volume \"kube-api-access-fzfdq\" (UniqueName: \"kubernetes.io/projected/87c810f9-c1cd-416b-b70c-05c054c36435-kube-api-access-fzfdq\") pod \"test-hivemq-platform-0\" (UID: \"87c810f9-c1cd-416b-b70c-05c054c36435\") " pod="helmcontainersecuritycontextupgradeplatformit/test-hivemq-platform-0"
2025-01-28 20:42:49,594 INFO c.h.h.t.HelmChartContainer - [K3S] [reconciler_common.go:251] "operationExecutor.VerifyControllerAttachedVolume started for volume \"pod-info\" (UniqueName: \"kubernetes.io/configmap/87c810f9-c1cd-416b-b70c-05c054c36435-pod-info\") pod \"test-hivemq-platform-0\" (UID: \"87c810f9-c1cd-416b-b70c-05c054c36435\") " pod="helmcontainersecuritycontextupgradeplatformit/test-hivemq-platform-0"
2025-01-28 20:42:49,594 INFO c.h.h.t.HelmChartContainer - [K3S] [reconciler_common.go:251] "operationExecutor.VerifyControllerAttachedVolume started for volume \"operator-init\" (UniqueName: \"kubernetes.io/empty-dir/87c810f9-c1cd-416b-b70c-05c054c36435-operator-init\") pod \"test-hivemq-platform-0\" (UID: \"87c810f9-c1cd-416b-b70c-05c054c36435\") " pod="helmcontainersecuritycontextupgradeplatformit/test-hivemq-platform-0"
2025-01-28 20:42:49,598 INFO c.h.h.t.HelmChartContainer - [hivemq-test-hivemq-platform] [hivemq-platform-operator] [13a66c66] 20:42:49.595 [pool-6-thread-36] DEBUG c.h.p.o.d.PlatformServiceResource - [helmcont] Desired Platform services (3 services)
2025-01-28 20:42:49,603 INFO c.h.h.t.HelmChartContainer - [K3S] [scope.go:117] "RemoveContainer" containerID="4907618bfb900024250a0a2f7178b98d1b4c735d9913fff2fff96615c1d80454"
2025-01-28 20:42:49,606 INFO c.h.h.t.HelmChartContainer - [K3S] [scope.go:117] "RemoveContainer" containerID="dcea5cd90b45f208758c7168e320276be9c66cb52f89013672c642056f54a3ef"
2025-01-28 20:42:49,607 INFO c.h.h.t.HelmChartContainer - [K3S] [scope.go:117] "RemoveContainer" containerID="4907618bfb900024250a0a2f7178b98d1b4c735d9913fff2fff96615c1d80454"
2025-01-28 20:42:49,653 INFO c.h.h.t.HelmChartContainer - [hivemq-test-hivemq-platform] [hivemq-platform-operator] [13a66c66] 20:42:49.651 [pool-6-thread-39] DEBUG c.h.p.o.dependants.PodInfoConfigMap - [helmcont] Desired PodInfo ConfigMap (1 extensions) (1 enabled)
2025-01-28 20:42:49,654 INFO c.h.h.t.HelmChartContainer - [hivemq-test-hivemq-platform] [hivemq-platform-operator] [13a66c66] 20:42:49.651 [pool-6-thread-39] DEBUG c.h.p.o.dependants.PodInfoConfigMap - [helmcont] Desired PodInfo ConfigMap (metrics port: 9399) (metrics path: /)
2025-01-28 20:42:49,654 INFO c.h.h.t.HelmChartContainer - [hivemq-test-hivemq-platform] [hivemq-platform-operator] [13a66c66] 20:42:49.651 [pool-6-thread-39] DEBUG c.h.p.o.dependants.PodInfoConfigMap - [helmcont] Desired PodInfo ConfigMap (extension state hash: -1817474005)
2025-01-28 20:42:49,654 INFO c.h.h.t.HelmChartContainer - [hivemq-test-hivemq-platform] [hivemq-platform-operator] [13a66c66] 20:42:49.651 [pool-6-thread-37] DEBUG c.h.p.o.d.PodServiceAccountResource - [helmcont] Desired PodServiceAccountResource (serviceAccountName: hivemq-platform-pod-test-hivemq-platform)
2025-01-28 20:42:49,656 INFO c.h.h.t.HelmChartContainer - [hivemq-test-hivemq-platform] [hivemq-platform-operator] [13a66c66] 20:42:49.655 [pool-6-thread-35] DEBUG c.h.p.o.d.StatefulSetResource - [helmcont] Desired StatefulSet (2 replicas) for status ROLLING_RESTART (RESTART_PODS_IN_PROGRESS)
2025-01-28 20:42:49,658 INFO c.h.h.t.HelmChartContainer - [hivemq-test-hivemq-platform] [hivemq-platform-operator] [13a66c66] 20:42:49.658 [ReconcilerExecutor-hivemq-controller-133] INFO  c.h.p.o.HiveMQPlatformReconciler - [helmcont] Reconciling HiveMQ Platform 'test-hivemq-platform' in namespace 'helmcontainersecuritycontextupgradeplatformit'
2025-01-28 20:42:49,659 INFO c.h.h.t.HelmChartContainer - [hivemq-test-hivemq-platform] [hivemq-platform-operator] [13a66c66] 20:42:49.658 [ReconcilerExecutor-hivemq-controller-133] DEBUG c.h.p.o.HiveMQPlatformReconciler - [helmcont] Custom Resource Status ROLLING_RESTART - HiveMQ Platform is restarting Pods (rolling restart) (RESTART_PODS_IN_PROGRESS)
2025-01-28 20:42:49,659 INFO c.h.h.t.HelmChartContainer - [hivemq-test-hivemq-platform] [hivemq-platform-operator] [13a66c66] 20:42:49.658 [ReconcilerExecutor-hivemq-controller-133] DEBUG c.h.p.o.HiveMQPlatformReconciler - [helmcont] Custom Resource Spec (replicas: 1) (extensions: 1)
2025-01-28 20:42:49,661 INFO c.h.h.t.HelmChartContainer - [hivemq-test-hivemq-platform] [hivemq-platform-operator] [13a66c66] 20:42:49.661 [ReconcilerExecutor-hivemq-controller-133] DEBUG c.h.p.o.HiveMQPlatformReconciler - [helmcont] StatefulSet Status (revision: test-hivemq-platform-579f489c45, replicas: 2, available: 1, ready: 1, current: 0, updated: 2)
2025-01-28 20:42:49,661 INFO c.h.h.t.HelmChartContainer - [hivemq-test-hivemq-platform] [hivemq-platform-operator] [13a66c66] 20:42:49.661 [ReconcilerExecutor-hivemq-controller-133] DEBUG c.h.p.o.HiveMQPlatformReconciler - [helmcont] StatefulSet Spec (replicas: 2, init containers: 1, containers: 1, volumes: 3)
2025-01-28 20:42:49,662 INFO c.h.h.t.HelmChartContainer - [hivemq-test-hivemq-platform] [hivemq-platform-operator] [13a66c66] 20:42:49.662 [ReconcilerExecutor-hivemq-controller-133] DEBUG c.h.p.o.h.HiveMQPlatformReconcilerErrorHandler - [helmcont] Pod 'test-hivemq-platform-1' phase Running
2025-01-28 20:42:49,665 INFO c.h.h.t.HelmChartContainer - [hivemq-test-hivemq-platform] [hivemq-platform-operator] [13a66c66] 20:42:49.663 [ReconcilerExecutor-hivemq-controller-133] DEBUG c.h.p.o.h.HiveMQPlatformReconcilerErrorHandler - [helmcont] Pod 'test-hivemq-platform-0' phase Pending
2025-01-28 20:42:49,666 INFO c.h.h.t.HelmChartContainer - [hivemq-test-hivemq-platform] [hivemq-platform-operator] [13a66c66] 20:42:49.664 [ReconcilerExecutor-hivemq-controller-133] DEBUG c.h.p.o.h.HiveMQPlatformReconcilerErrorHandler - [helmcont] Pod 'test-hivemq-platform-0' condition 'PodReadyToStartContainers': False
2025-01-28 20:42:49,666 INFO c.h.h.t.HelmChartContainer - [hivemq-test-hivemq-platform] [hivemq-platform-operator] [13a66c66] 20:42:49.664 [ReconcilerExecutor-hivemq-controller-133] DEBUG c.h.p.o.h.HiveMQPlatformReconcilerErrorHandler - [helmcont] Pod 'test-hivemq-platform-0' condition 'Initialized': False
2025-01-28 20:42:49,666 INFO c.h.h.t.HelmChartContainer - [hivemq-test-hivemq-platform] [hivemq-platform-operator] [13a66c66] 20:42:49.664 [ReconcilerExecutor-hivemq-controller-133] DEBUG c.h.p.o.h.HiveMQPlatformReconcilerErrorHandler - [helmcont] Pod 'test-hivemq-platform-0' condition 'Ready': False
2025-01-28 20:42:49,691 INFO c.h.h.t.HelmChartContainer - [hivemq-test-hivemq-platform] [hivemq-platform-operator] [13a66c66] 20:42:49.664 [ReconcilerExecutor-hivemq-controller-133] DEBUG c.h.p.o.h.HiveMQPlatformReconcilerErrorHandler - [helmcont] Pod 'test-hivemq-platform-0' condition 'ContainersReady': False
2025-01-28 20:42:49,693 INFO c.h.h.t.HelmChartContainer - [hivemq-test-hivemq-platform] [hivemq-platform-operator] [13a66c66] 20:42:49.690 [ReconcilerExecutor-hivemq-controller-133] DEBUG c.h.p.o.h.HiveMQPlatformReconcilerErrorHandler - [helmcont] Pod 'test-hivemq-platform-0' condition 'PodScheduled': True
2025-01-28 20:42:49,693 INFO c.h.h.t.HelmChartContainer - [hivemq-test-hivemq-platform] [hivemq-platform-operator] [13a66c66] 20:42:49.690 [ReconcilerExecutor-hivemq-controller-133] DEBUG c.h.p.o.h.HiveMQPlatformReconcilerErrorHandler - [helmcont] Pod 'test-hivemq-platform-0' containerStatus 'hivemq' (started: false) (ready: false) (waiting: [PodInitializing] null)
2025-01-28 20:42:49,693 INFO c.h.h.t.HelmChartContainer - [hivemq-test-hivemq-platform] [hivemq-platform-operator] [13a66c66] 20:42:49.691 [ReconcilerExecutor-hivemq-controller-133] DEBUG c.h.p.o.h.HiveMQPlatformReconcilerRollingRestartHandler - [helmcont] Rolling restart is waiting for 1 of 2 replicas
2025-01-28 20:42:49,754 INFO c.h.h.t.HelmChartContainer - [hivemq-test-hivemq-platform] [hivemq-platform-operator] [13a66c66] 20:42:49.753 [pool-6-thread-46] DEBUG c.h.p.o.d.PlatformServiceResource - [helmcont] Desired Platform services (3 services)
2025-01-28 20:42:49,756 INFO c.h.h.t.HelmChartContainer - [hivemq-test-hivemq-platform] [hivemq-platform-operator] [13a66c66] 20:42:49.754 [pool-6-thread-45] DEBUG c.h.p.o.d.PodServiceAccountResource - [helmcont] Desired PodServiceAccountResource (serviceAccountName: hivemq-platform-pod-test-hivemq-platform)
2025-01-28 20:42:49,758 INFO c.h.h.t.HelmChartContainer - [hivemq-test-hivemq-platform] [hivemq-platform-operator] [13a66c66] 20:42:49.757 [pool-6-thread-50] DEBUG c.h.p.o.dependants.PodInfoConfigMap - [helmcont] Desired PodInfo ConfigMap (1 extensions) (1 enabled)
2025-01-28 20:42:49,758 INFO c.h.h.t.HelmChartContainer - [hivemq-test-hivemq-platform] [hivemq-platform-operator] [13a66c66] 20:42:49.757 [pool-6-thread-50] DEBUG c.h.p.o.dependants.PodInfoConfigMap - [helmcont] Desired PodInfo ConfigMap (metrics port: 9399) (metrics path: /)
2025-01-28 20:42:49,758 INFO c.h.h.t.HelmChartContainer - [hivemq-test-hivemq-platform] [hivemq-platform-operator] [13a66c66] 20:42:49.757 [pool-6-thread-50] DEBUG c.h.p.o.dependants.PodInfoConfigMap - [helmcont] Desired PodInfo ConfigMap (extension state hash: -1817474005)
2025-01-28 20:42:49,760 INFO c.h.h.t.HelmChartContainer - [hivemq-test-hivemq-platform] [hivemq-platform-operator] [13a66c66] 20:42:49.759 [pool-6-thread-46] DEBUG c.h.p.o.d.StatefulSetResource - [helmcont] Desired StatefulSet (2 replicas) for status ROLLING_RESTART (RESTART_PODS_IN_PROGRESS)
2025-01-28 20:42:49,763 INFO c.h.h.t.HelmChartContainer - [hivemq-test-hivemq-platform] [hivemq-platform-operator] [13a66c66] 20:42:49.762 [ReconcilerExecutor-hivemq-controller-134] INFO  c.h.p.o.HiveMQPlatformReconciler - [helmcont] Reconciling HiveMQ Platform 'test-hivemq-platform' in namespace 'helmcontainersecuritycontextupgradeplatformit'
2025-01-28 20:42:49,763 INFO c.h.h.t.HelmChartContainer - [hivemq-test-hivemq-platform] [hivemq-platform-operator] [13a66c66] 20:42:49.762 [ReconcilerExecutor-hivemq-controller-134] DEBUG c.h.p.o.HiveMQPlatformReconciler - [helmcont] Custom Resource Status ROLLING_RESTART - HiveMQ Platform is restarting Pods (rolling restart) (RESTART_PODS_IN_PROGRESS)
2025-01-28 20:42:49,763 INFO c.h.h.t.HelmChartContainer - [hivemq-test-hivemq-platform] [hivemq-platform-operator] [13a66c66] 20:42:49.762 [ReconcilerExecutor-hivemq-controller-134] DEBUG c.h.p.o.HiveMQPlatformReconciler - [helmcont] Custom Resource Spec (replicas: 1) (extensions: 1)
2025-01-28 20:42:49,764 INFO c.h.h.t.HelmChartContainer - [hivemq-test-hivemq-platform] [hivemq-platform-operator] [13a66c66] 20:42:49.763 [ReconcilerExecutor-hivemq-controller-134] DEBUG c.h.p.o.HiveMQPlatformReconciler - [helmcont] StatefulSet Status (revision: test-hivemq-platform-579f489c45, replicas: 2, available: 1, ready: 1, current: 0, updated: 2)
2025-01-28 20:42:49,765 INFO c.h.h.t.HelmChartContainer - [hivemq-test-hivemq-platform] [hivemq-platform-operator] [13a66c66] 20:42:49.763 [ReconcilerExecutor-hivemq-controller-134] DEBUG c.h.p.o.HiveMQPlatformReconciler - [helmcont] StatefulSet Spec (replicas: 2, init containers: 1, containers: 1, volumes: 3)
2025-01-28 20:42:49,792 INFO c.h.h.t.HelmChartContainer - [hivemq-test-hivemq-platform] [hivemq-platform-operator] [13a66c66] 20:42:49.791 [ReconcilerExecutor-hivemq-controller-134] DEBUG c.h.p.o.h.HiveMQPlatformReconcilerErrorHandler - [helmcont] Pod 'test-hivemq-platform-1' phase Running
2025-01-28 20:42:49,854 INFO c.h.h.t.HelmChartContainer - [hivemq-test-hivemq-platform] [hivemq-platform-operator] [13a66c66] 20:42:49.852 [ReconcilerExecutor-hivemq-controller-134] DEBUG c.h.p.o.h.HiveMQPlatformReconcilerErrorHandler - [helmcont] Pod 'test-hivemq-platform-0' phase Pending
2025-01-28 20:42:49,854 INFO c.h.h.t.HelmChartContainer - [hivemq-test-hivemq-platform] [hivemq-platform-operator] [13a66c66] 20:42:49.852 [ReconcilerExecutor-hivemq-controller-134] DEBUG c.h.p.o.h.HiveMQPlatformReconcilerErrorHandler - [helmcont] Pod 'test-hivemq-platform-0' condition 'PodReadyToStartContainers': False
2025-01-28 20:42:49,854 INFO c.h.h.t.HelmChartContainer - [hivemq-test-hivemq-platform] [hivemq-platform-operator] [13a66c66] 20:42:49.852 [ReconcilerExecutor-hivemq-controller-134] DEBUG c.h.p.o.h.HiveMQPlatformReconcilerErrorHandler - [helmcont] Pod 'test-hivemq-platform-0' condition 'Initialized': False
2025-01-28 20:42:49,854 INFO c.h.h.t.HelmChartContainer - [hivemq-test-hivemq-platform] [hivemq-platform-operator] [13a66c66] 20:42:49.852 [ReconcilerExecutor-hivemq-controller-134] DEBUG c.h.p.o.h.HiveMQPlatformReconcilerErrorHandler - [helmcont] Pod 'test-hivemq-platform-0' condition 'Ready': False
2025-01-28 20:42:49,855 INFO c.h.h.t.HelmChartContainer - [hivemq-test-hivemq-platform] [hivemq-platform-operator] [13a66c66] 20:42:49.852 [ReconcilerExecutor-hivemq-controller-134] DEBUG c.h.p.o.h.HiveMQPlatformReconcilerErrorHandler - [helmcont] Pod 'test-hivemq-platform-0' condition 'ContainersReady': False
2025-01-28 20:42:49,855 INFO c.h.h.t.HelmChartContainer - [hivemq-test-hivemq-platform] [hivemq-platform-operator] [13a66c66] 20:42:49.852 [ReconcilerExecutor-hivemq-controller-134] DEBUG c.h.p.o.h.HiveMQPlatformReconcilerErrorHandler - [helmcont] Pod 'test-hivemq-platform-0' condition 'PodScheduled': True
2025-01-28 20:42:49,855 INFO c.h.h.t.HelmChartContainer - [hivemq-test-hivemq-platform] [hivemq-platform-operator] [13a66c66] 20:42:49.852 [ReconcilerExecutor-hivemq-controller-134] DEBUG c.h.p.o.h.HiveMQPlatformReconcilerErrorHandler - [helmcont] Pod 'test-hivemq-platform-0' containerStatus 'hivemq' (started: false) (ready: false) (waiting: [PodInitializing] null)
2025-01-28 20:42:49,856 INFO c.h.h.t.HelmChartContainer - [hivemq-test-hivemq-platform] [hivemq-platform-operator] [13a66c66] 20:42:49.853 [ReconcilerExecutor-hivemq-controller-134] DEBUG c.h.p.o.h.HiveMQPlatformReconcilerRollingRestartHandler - [helmcont] Rolling restart is waiting for 1 of 2 replicas
2025-01-28 20:42:49,908 INFO c.h.h.t.HelmChartContainer - [EVENT] Normal [Pulled] Container image "docker.io/hivemq/hivemq-platform-operator-init-test:snapshot" already present on machine [helmcontainersecuritycontextupgradeplatformit:test-hivemq-platform-0]
2025-01-28 20:42:49,916 INFO c.h.h.t.HelmChartContainer - [EVENT] Normal [Created] Created container: hivemq-platform-operator-init [helmcontainersecuritycontextupgradeplatformit:test-hivemq-platform-0]
2025-01-28 20:42:49,952 INFO c.h.h.t.HelmChartContainer - [EVENT] Normal [Started] Started container hivemq-platform-operator-init [helmcontainersecuritycontextupgradeplatformit:test-hivemq-platform-0]
2025-01-28 20:42:50,156 INFO c.h.h.t.HelmChartContainer - [K3S] [kubelet_volumes.go:163] "Cleaned up orphaned pod volumes dir" podUID="98ee0fbb-7b30-4379-8eea-e5899cefded5" path="/var/lib/kubelet/pods/98ee0fbb-7b30-4379-8eea-e5899cefded5/volumes"
2025-01-28 20:42:50,445 INFO c.h.h.t.HelmChartContainer - [EVENT] Normal [Pulled] Container image "docker.io/hivemq/hivemq4:4.36.0" already present on machine [helmcontainersecuritycontextupgradeplatformit:test-hivemq-platform-0]
2025-01-28 20:42:50,446 INFO c.h.h.t.HelmChartContainer - Received Pulled event for container hivemq in pod test-hivemq-platform-0 [87c810f9-c1cd-416b-b70c-05c054c36435]
2025-01-28 20:42:50,456 INFO c.h.h.t.HelmChartContainer - [POD] test-hivemq-platform-0 [87c810f9-c1cd-416b-b70c-05c054c36435] in helmcontainersecuritycontextupgradeplatformit was MODIFIED
2025-01-28 20:42:50,475 INFO c.h.h.t.HelmChartContainer - [hivemq-test-hivemq-platform] [hivemq-platform-operator] [13a66c66] 20:42:50.458 [pool-6-thread-9] DEBUG c.h.p.o.d.PlatformServiceResource - [helmcont] Desired Platform services (3 services)
2025-01-28 20:42:50,481 INFO c.h.h.t.HelmChartContainer - [hivemq-test-hivemq-platform] [hivemq-platform-operator] [13a66c66] 20:42:50.459 [pool-6-thread-1] DEBUG c.h.p.o.dependants.PodInfoConfigMap - [helmcont] Desired PodInfo ConfigMap (1 extensions) (1 enabled)
2025-01-28 20:42:50,481 INFO c.h.h.t.HelmChartContainer - [hivemq-test-hivemq-platform] [hivemq-platform-operator] [13a66c66] 20:42:50.459 [pool-6-thread-1] DEBUG c.h.p.o.dependants.PodInfoConfigMap - [helmcont] Desired PodInfo ConfigMap (metrics port: 9399) (metrics path: /)
2025-01-28 20:42:50,481 INFO c.h.h.t.HelmChartContainer - [hivemq-test-hivemq-platform] [hivemq-platform-operator] [13a66c66] 20:42:50.459 [pool-6-thread-1] DEBUG c.h.p.o.dependants.PodInfoConfigMap - [helmcont] Desired PodInfo ConfigMap (extension state hash: -1817474005)
2025-01-28 20:42:50,481 INFO c.h.h.t.HelmChartContainer - [hivemq-test-hivemq-platform] [hivemq-platform-operator] [13a66c66] 20:42:50.462 [pool-6-thread-5] DEBUG c.h.p.o.d.PodServiceAccountResource - [helmcont] Desired PodServiceAccountResource (serviceAccountName: hivemq-platform-pod-test-hivemq-platform)
2025-01-28 20:42:50,481 INFO c.h.h.t.HelmChartContainer - [hivemq-test-hivemq-platform] [hivemq-platform-operator] [13a66c66] 20:42:50.469 [pool-6-thread-9] DEBUG c.h.p.o.d.StatefulSetResource - [helmcont] Desired StatefulSet (2 replicas) for status ROLLING_RESTART (RESTART_PODS_IN_PROGRESS)
2025-01-28 20:42:50,481 INFO c.h.h.t.HelmChartContainer - [hivemq-test-hivemq-platform] [hivemq-platform-operator] [13a66c66] 20:42:50.472 [ReconcilerExecutor-hivemq-controller-135] INFO  c.h.p.o.HiveMQPlatformReconciler - [helmcont] Reconciling HiveMQ Platform 'test-hivemq-platform' in namespace 'helmcontainersecuritycontextupgradeplatformit'
2025-01-28 20:42:50,482 INFO c.h.h.t.HelmChartContainer - [hivemq-test-hivemq-platform] [hivemq-platform-operator] [13a66c66] 20:42:50.472 [ReconcilerExecutor-hivemq-controller-135] DEBUG c.h.p.o.HiveMQPlatformReconciler - [helmcont] Custom Resource Status ROLLING_RESTART - HiveMQ Platform is restarting Pods (rolling restart) (RESTART_PODS_IN_PROGRESS)
2025-01-28 20:42:50,482 INFO c.h.h.t.HelmChartContainer - [hivemq-test-hivemq-platform] [hivemq-platform-operator] [13a66c66] 20:42:50.472 [ReconcilerExecutor-hivemq-controller-135] DEBUG c.h.p.o.HiveMQPlatformReconciler - [helmcont] Custom Resource Spec (replicas: 1) (extensions: 1)
2025-01-28 20:42:50,482 INFO c.h.h.t.HelmChartContainer - [hivemq-test-hivemq-platform] [hivemq-platform-operator] [13a66c66] 20:42:50.473 [ReconcilerExecutor-hivemq-controller-135] DEBUG c.h.p.o.HiveMQPlatformReconciler - [helmcont] StatefulSet Status (revision: test-hivemq-platform-579f489c45, replicas: 2, available: 1, ready: 1, current: 0, updated: 2)
2025-01-28 20:42:50,482 INFO c.h.h.t.HelmChartContainer - [hivemq-test-hivemq-platform] [hivemq-platform-operator] [13a66c66] 20:42:50.473 [ReconcilerExecutor-hivemq-controller-135] DEBUG c.h.p.o.HiveMQPlatformReconciler - [helmcont] StatefulSet Spec (replicas: 2, init containers: 1, containers: 1, volumes: 3)
2025-01-28 20:42:50,482 INFO c.h.h.t.HelmChartContainer - [hivemq-test-hivemq-platform] [hivemq-platform-operator] [13a66c66] 20:42:50.474 [ReconcilerExecutor-hivemq-controller-135] DEBUG c.h.p.o.h.HiveMQPlatformReconcilerErrorHandler - [helmcont] Pod 'test-hivemq-platform-1' phase Running
2025-01-28 20:42:50,482 INFO c.h.h.t.HelmChartContainer - [hivemq-test-hivemq-platform] [hivemq-platform-operator] [13a66c66] 20:42:50.477 [ReconcilerExecutor-hivemq-controller-135] DEBUG c.h.p.o.h.HiveMQPlatformReconcilerErrorHandler - [helmcont] Pod 'test-hivemq-platform-0' phase Pending
2025-01-28 20:42:50,484 INFO c.h.h.t.HelmChartContainer - [hivemq-test-hivemq-platform] [hivemq-platform-operator] [13a66c66] 20:42:50.477 [ReconcilerExecutor-hivemq-controller-135] DEBUG c.h.p.o.h.HiveMQPlatformReconcilerErrorHandler - [helmcont] Pod 'test-hivemq-platform-0' condition 'PodReadyToStartContainers': True
2025-01-28 20:42:50,485 INFO c.h.h.t.HelmChartContainer - [hivemq-test-hivemq-platform] [hivemq-platform-operator] [13a66c66] 20:42:50.477 [ReconcilerExecutor-hivemq-controller-135] DEBUG c.h.p.o.h.HiveMQPlatformReconcilerErrorHandler - [helmcont] Pod 'test-hivemq-platform-0' condition 'Initialized': True
2025-01-28 20:42:50,485 INFO c.h.h.t.HelmChartContainer - [hivemq-test-hivemq-platform] [hivemq-platform-operator] [13a66c66] 20:42:50.477 [ReconcilerExecutor-hivemq-controller-135] DEBUG c.h.p.o.h.HiveMQPlatformReconcilerErrorHandler - [helmcont] Pod 'test-hivemq-platform-0' condition 'Ready': False
2025-01-28 20:42:50,485 INFO c.h.h.t.HelmChartContainer - [hivemq-test-hivemq-platform] [hivemq-platform-operator] [13a66c66] 20:42:50.477 [ReconcilerExecutor-hivemq-controller-135] DEBUG c.h.p.o.h.HiveMQPlatformReconcilerErrorHandler - [helmcont] Pod 'test-hivemq-platform-0' condition 'ContainersReady': False
2025-01-28 20:42:50,485 INFO c.h.h.t.HelmChartContainer - [hivemq-test-hivemq-platform] [hivemq-platform-operator] [13a66c66] 20:42:50.477 [ReconcilerExecutor-hivemq-controller-135] DEBUG c.h.p.o.h.HiveMQPlatformReconcilerErrorHandler - [helmcont] Pod 'test-hivemq-platform-0' condition 'PodScheduled': True
2025-01-28 20:42:50,485 INFO c.h.h.t.HelmChartContainer - [hivemq-test-hivemq-platform] [hivemq-platform-operator] [13a66c66] 20:42:50.478 [ReconcilerExecutor-hivemq-controller-135] DEBUG c.h.p.o.h.HiveMQPlatformReconcilerErrorHandler - [helmcont] Pod 'test-hivemq-platform-0' containerStatus 'hivemq' (started: false) (ready: false) (waiting: [PodInitializing] null)
2025-01-28 20:42:50,485 INFO c.h.h.t.HelmChartContainer - [hivemq-test-hivemq-platform] [hivemq-platform-operator] [13a66c66] 20:42:50.478 [ReconcilerExecutor-hivemq-controller-135] DEBUG c.h.p.o.h.HiveMQPlatformReconcilerRollingRestartHandler - [helmcont] Rolling restart is waiting for 1 of 2 replicas
2025-01-28 20:42:50,491 INFO c.h.h.t.HelmChartContainer - [EVENT] Normal [Created] Created container: hivemq [helmcontainersecuritycontextupgradeplatformit:test-hivemq-platform-0]
2025-01-28 20:42:50,491 INFO c.h.h.t.HelmChartContainer - Received Created event for container hivemq in pod test-hivemq-platform-0 [87c810f9-c1cd-416b-b70c-05c054c36435]
2025-01-28 20:42:51,475 INFO c.h.h.t.HelmChartContainer - [hivemq-test-hivemq-platform] [hivemq-platform-operator] [13a66c66] 20:42:51.474 [pool-6-thread-17] DEBUG c.h.p.o.d.PlatformServiceResource - [helmcont] Desired Platform services (3 services)
2025-01-28 20:42:51,485 INFO c.h.h.t.HelmChartContainer - [hivemq-test-hivemq-platform] [hivemq-platform-operator] [13a66c66] 20:42:51.482 [pool-6-thread-18] DEBUG c.h.p.o.dependants.PodInfoConfigMap - [helmcont] Desired PodInfo ConfigMap (1 extensions) (1 enabled)
2025-01-28 20:42:51,485 INFO c.h.h.t.HelmChartContainer - [hivemq-test-hivemq-platform] [hivemq-platform-operator] [13a66c66] 20:42:51.482 [pool-6-thread-18] DEBUG c.h.p.o.dependants.PodInfoConfigMap - [helmcont] Desired PodInfo ConfigMap (metrics port: 9399) (metrics path: /)
2025-01-28 20:42:51,485 INFO c.h.h.t.HelmChartContainer - [hivemq-test-hivemq-platform] [hivemq-platform-operator] [13a66c66] 20:42:51.482 [pool-6-thread-18] DEBUG c.h.p.o.dependants.PodInfoConfigMap - [helmcont] Desired PodInfo ConfigMap (extension state hash: -1817474005)
2025-01-28 20:42:51,488 INFO c.h.h.t.HelmChartContainer - [POD] test-hivemq-platform-0 [87c810f9-c1cd-416b-b70c-05c054c36435] in helmcontainersecuritycontextupgradeplatformit was MODIFIED
2025-01-28 20:42:51,496 INFO c.h.h.t.HelmChartContainer - [hivemq-test-hivemq-platform] [hivemq-platform-operator] [13a66c66] 20:42:51.491 [pool-6-thread-18] DEBUG c.h.p.o.d.PodServiceAccountResource - [helmcont] Desired PodServiceAccountResource (serviceAccountName: hivemq-platform-pod-test-hivemq-platform)
2025-01-28 20:42:51,496 INFO c.h.h.t.HelmChartContainer - [hivemq-test-hivemq-platform] [hivemq-platform-operator] [13a66c66] 20:42:51.492 [pool-6-thread-17] DEBUG c.h.p.o.d.StatefulSetResource - [helmcont] Desired StatefulSet (2 replicas) for status ROLLING_RESTART (RESTART_PODS_IN_PROGRESS)
2025-01-28 20:42:51,498 INFO c.h.h.t.HelmChartContainer - [hivemq-test-hivemq-platform] [hivemq-platform-operator] [13a66c66] 20:42:51.495 [ReconcilerExecutor-hivemq-controller-136] INFO  c.h.p.o.HiveMQPlatformReconciler - [helmcont] Reconciling HiveMQ Platform 'test-hivemq-platform' in namespace 'helmcontainersecuritycontextupgradeplatformit'
2025-01-28 20:42:51,498 INFO c.h.h.t.HelmChartContainer - [hivemq-test-hivemq-platform] [hivemq-platform-operator] [13a66c66] 20:42:51.495 [ReconcilerExecutor-hivemq-controller-136] DEBUG c.h.p.o.HiveMQPlatformReconciler - [helmcont] Custom Resource Status ROLLING_RESTART - HiveMQ Platform is restarting Pods (rolling restart) (RESTART_PODS_IN_PROGRESS)
2025-01-28 20:42:51,499 INFO c.h.h.t.HelmChartContainer - [hivemq-test-hivemq-platform] [hivemq-platform-operator] [13a66c66] 20:42:51.495 [ReconcilerExecutor-hivemq-controller-136] DEBUG c.h.p.o.HiveMQPlatformReconciler - [helmcont] Custom Resource Spec (replicas: 1) (extensions: 1)
2025-01-28 20:42:51,499 INFO c.h.h.t.HelmChartContainer - [EVENT] Normal [Started] Started container hivemq [helmcontainersecuritycontextupgradeplatformit:test-hivemq-platform-0]
2025-01-28 20:42:51,499 INFO c.h.h.t.HelmChartContainer - Received Started event for container hivemq in pod test-hivemq-platform-0 [87c810f9-c1cd-416b-b70c-05c054c36435]
2025-01-28 20:42:51,499 INFO c.h.h.t.HelmChartContainer - Started log watcher for hivemq in pod test-hivemq-platform-0 [87c810f9-c1cd-416b-b70c-05c054c36435]
2025-01-28 20:42:51,499 INFO c.h.h.t.HelmChartContainer - [test-hivemq-platform] [hivemq] [87c810f9] Adding pre-installed HiveMQ Platform Operator extensions
2025-01-28 20:42:51,499 INFO c.h.h.t.HelmChartContainer - [test-hivemq-platform] [hivemq] [87c810f9] Running as user 0
2025-01-28 20:42:51,499 INFO c.h.h.t.HelmChartContainer - [test-hivemq-platform] [hivemq] [87c810f9] Starting HiveMQ Platform Operator Init
2025-01-28 20:42:51,504 INFO c.h.h.t.HelmChartContainer - [hivemq-test-hivemq-platform] [hivemq-platform-operator] [13a66c66] 20:42:51.496 [ReconcilerExecutor-hivemq-controller-136] DEBUG c.h.p.o.HiveMQPlatformReconciler - [helmcont] StatefulSet Status (revision: test-hivemq-platform-579f489c45, replicas: 2, available: 1, ready: 1, current: 0, updated: 2)
2025-01-28 20:42:51,504 INFO c.h.h.t.HelmChartContainer - [hivemq-test-hivemq-platform] [hivemq-platform-operator] [13a66c66] 20:42:51.497 [ReconcilerExecutor-hivemq-controller-136] DEBUG c.h.p.o.HiveMQPlatformReconciler - [helmcont] StatefulSet Spec (replicas: 2, init containers: 1, containers: 1, volumes: 3)
2025-01-28 20:42:51,504 INFO c.h.h.t.HelmChartContainer - [hivemq-test-hivemq-platform] [hivemq-platform-operator] [13a66c66] 20:42:51.498 [ReconcilerExecutor-hivemq-controller-136] DEBUG c.h.p.o.h.HiveMQPlatformReconcilerErrorHandler - [helmcont] Pod 'test-hivemq-platform-1' phase Running
2025-01-28 20:42:51,504 INFO c.h.h.t.HelmChartContainer - [hivemq-test-hivemq-platform] [hivemq-platform-operator] [13a66c66] 20:42:51.498 [ReconcilerExecutor-hivemq-controller-136] DEBUG c.h.p.o.h.HiveMQPlatformReconcilerErrorHandler - [helmcont] Pod 'test-hivemq-platform-0' phase Running
2025-01-28 20:42:51,505 INFO c.h.h.t.HelmChartContainer - [hivemq-test-hivemq-platform] [hivemq-platform-operator] [13a66c66] 20:42:51.500 [ReconcilerExecutor-hivemq-controller-136] DEBUG c.h.p.o.h.HiveMQPlatformReconcilerRollingRestartHandler - [helmcont] Rolling restart is waiting for 1 of 2 replicas
2025-01-28 20:42:51,727 INFO c.h.h.t.HelmChartContainer - [test-hivemq-platform] [hivemq] [87c810f9] INFO  - [HiveMQ Platform Operator Init 1.7.0-SNAPSHOT] HiveMQ Platform Operator Init 1.7.0-SNAPSHOT (commit: bebf408 on branch: HEAD) built on Sun Jan 26 20:47:47 UTC 2025
2025-01-28 20:42:52,852 INFO c.h.h.t.HelmChartContainer - [test-hivemq-platform] [hivemq] [87c810f9] INFO  - [HiveMQ Platform Operator Init App 1.7.0-SNAPSHOT] Using bind address 10.42.0.8 from environment variable
2025-01-28 20:42:53,825 INFO c.h.h.t.HelmChartContainer - [test-hivemq-platform] [hivemq] [87c810f9] INFO  - [HiveMQ Platform Operator Init App 1.7.0-SNAPSHOT] HiveMQ Platform Operator Init App 1.7.0-SNAPSHOT (commit: bebf408 on branch: HEAD) built on Sun Jan 26 20:47:47 UTC 2025
2025-01-28 20:42:53,825 INFO c.h.h.t.HelmChartContainer - [test-hivemq-platform] [hivemq] [87c810f9] INFO  - [HiveMQ Platform Operator Init App 1.7.0-SNAPSHOT] PodInfo ConfigMap directory: /etc/podinfo
2025-01-28 20:42:53,825 INFO c.h.h.t.HelmChartContainer - [test-hivemq-platform] [hivemq] [87c810f9] INFO  - [HiveMQ Platform Operator Init App 1.7.0-SNAPSHOT] HiveMQ home directory: /opt/hivemq
2025-01-28 20:42:53,825 INFO c.h.h.t.HelmChartContainer - [test-hivemq-platform] [hivemq] [87c810f9] INFO  - [HiveMQ Platform Operator Init App 1.7.0-SNAPSHOT] HiveMQ Logback folder: /opt/hivemq/conf
2025-01-28 20:42:53,825 INFO c.h.h.t.HelmChartContainer - [test-hivemq-platform] [hivemq] [87c810f9] INFO  - [HiveMQ Platform Operator Init App 1.7.0-SNAPSHOT] HiveMQ Config folder: /opt/hivemq/conf-k8s
2025-01-28 20:42:53,826 INFO c.h.h.t.HelmChartContainer - [test-hivemq-platform] [hivemq] [87c810f9] INFO  - [HiveMQ Platform Operator Init App 1.7.0-SNAPSHOT] Starting HiveMQ Platform Operator Init App
2025-01-28 20:42:53,826 INFO c.h.h.t.HelmChartContainer - [test-hivemq-platform] [hivemq] [87c810f9] INFO  - [HiveMQ Platform Operator Init App 1.7.0-SNAPSHOT] Starting Pod reconciler
2025-01-28 20:42:55,044 INFO c.h.h.t.HelmChartContainer - [test-hivemq-platform] [hivemq] [87c810f9] INFO  - [HiveMQ Platform Operator Init App 1.7.0-SNAPSHOT] Pod reconciler is scheduled (interval: 5000 ms)
2025-01-28 20:42:55,114 INFO c.h.h.t.HelmChartContainer - [test-hivemq-platform] [hivemq] [87c810f9] INFO  - [HiveMQ Platform Operator Init App 1.7.0-SNAPSHOT] Starting the REST API on 10.42.0.8:7979
2025-01-28 20:42:55,116 INFO c.h.h.t.HelmChartContainer - [test-hivemq-platform] [hivemq] [87c810f9] INFO  - [HiveMQ Platform Operator Init App 1.7.0-SNAPSHOT] Waiting up to 600s for at most 2 HiveMQ nodes in cluster service hivemq-test-hivemq-platform-cluster.helmcontainersecuritycontextupgradeplatformit.svc
2025-01-28 20:42:55,434 INFO c.h.h.t.HelmChartContainer - [test-hivemq-platform] [hivemq] [87c810f9] INFO  - [HiveMQ Platform Operator Init App 1.7.0-SNAPSHOT] Resolved 2 IP addresses: [10.42.0.7, 10.42.0.8]
2025-01-28 20:42:55,434 INFO c.h.h.t.HelmChartContainer - [test-hivemq-platform] [hivemq] [87c810f9] INFO  - [HiveMQ Platform Operator Init App 1.7.0-SNAPSHOT] HiveMQ node count of 2 is within threshold of 2
2025-01-28 20:42:55,434 INFO c.h.h.t.HelmChartContainer - [test-hivemq-platform] [hivemq] [87c810f9] INFO  - [HiveMQ Platform Operator Init App 1.7.0-SNAPSHOT] Waiting 15s for previous shutdown replication to finish...
2025-01-28 20:42:57,455 INFO c.h.h.t.HelmChartContainer - [test-hivemq-platform] [hivemq] [87c810f9] INFO  - [HiveMQ Platform Operator Init App 1.7.0-SNAPSHOT] Returning default Health API response 503 for readiness
2025-01-28 20:42:57,533 INFO c.h.h.t.HelmChartContainer - [EVENT] Warning [Unhealthy] Readiness probe failed: HTTP probe failed with statuscode: 503 [helmcontainersecuritycontextupgradeplatformit:test-hivemq-platform-0]
2025-01-28 20:42:57,533 INFO c.h.h.t.HelmChartContainer - Received Unhealthy event for container hivemq in pod test-hivemq-platform-0 [87c810f9-c1cd-416b-b70c-05c054c36435]
2025-01-28 20:43:01,505 INFO c.h.h.t.HelmChartContainer - [hivemq-test-hivemq-platform] [hivemq-platform-operator] [13a66c66] 20:43:01.503 [pool-6-thread-29] DEBUG c.h.p.o.dependants.PodInfoConfigMap - [helmcont] Desired PodInfo ConfigMap (1 extensions) (1 enabled)
2025-01-28 20:43:01,505 INFO c.h.h.t.HelmChartContainer - [hivemq-test-hivemq-platform] [hivemq-platform-operator] [13a66c66] 20:43:01.503 [pool-6-thread-29] DEBUG c.h.p.o.dependants.PodInfoConfigMap - [helmcont] Desired PodInfo ConfigMap (metrics port: 9399) (metrics path: /)
2025-01-28 20:43:01,505 INFO c.h.h.t.HelmChartContainer - [hivemq-test-hivemq-platform] [hivemq-platform-operator] [13a66c66] 20:43:01.503 [pool-6-thread-26] DEBUG c.h.p.o.d.PodServiceAccountResource - [helmcont] Desired PodServiceAccountResource (serviceAccountName: hivemq-platform-pod-test-hivemq-platform)
2025-01-28 20:43:01,505 INFO c.h.h.t.HelmChartContainer - [hivemq-test-hivemq-platform] [hivemq-platform-operator] [13a66c66] 20:43:01.503 [pool-6-thread-29] DEBUG c.h.p.o.dependants.PodInfoConfigMap - [helmcont] Desired PodInfo ConfigMap (extension state hash: -1817474005)
2025-01-28 20:43:01,505 INFO c.h.h.t.HelmChartContainer - [hivemq-test-hivemq-platform] [hivemq-platform-operator] [13a66c66] 20:43:01.504 [pool-6-thread-21] DEBUG c.h.p.o.d.PlatformServiceResource - [helmcont] Desired Platform services (3 services)
2025-01-28 20:43:01,508 INFO c.h.h.t.HelmChartContainer - [hivemq-test-hivemq-platform] [hivemq-platform-operator] [13a66c66] 20:43:01.508 [pool-6-thread-21] DEBUG c.h.p.o.d.StatefulSetResource - [helmcont] Desired StatefulSet (2 replicas) for status ROLLING_RESTART (RESTART_PODS_IN_PROGRESS)
2025-01-28 20:43:01,515 INFO c.h.h.t.HelmChartContainer - [hivemq-test-hivemq-platform] [hivemq-platform-operator] [13a66c66] 20:43:01.511 [ReconcilerExecutor-hivemq-controller-137] INFO  c.h.p.o.HiveMQPlatformReconciler - [helmcont] Reconciling HiveMQ Platform 'test-hivemq-platform' in namespace 'helmcontainersecuritycontextupgradeplatformit'
2025-01-28 20:43:01,515 INFO c.h.h.t.HelmChartContainer - [hivemq-test-hivemq-platform] [hivemq-platform-operator] [13a66c66] 20:43:01.512 [ReconcilerExecutor-hivemq-controller-137] DEBUG c.h.p.o.HiveMQPlatformReconciler - [helmcont] Custom Resource Status ROLLING_RESTART - HiveMQ Platform is restarting Pods (rolling restart) (RESTART_PODS_IN_PROGRESS)
2025-01-28 20:43:01,515 INFO c.h.h.t.HelmChartContainer - [hivemq-test-hivemq-platform] [hivemq-platform-operator] [13a66c66] 20:43:01.512 [ReconcilerExecutor-hivemq-controller-137] DEBUG c.h.p.o.HiveMQPlatformReconciler - [helmcont] Custom Resource Spec (replicas: 1) (extensions: 1)
2025-01-28 20:43:01,515 INFO c.h.h.t.HelmChartContainer - [hivemq-test-hivemq-platform] [hivemq-platform-operator] [13a66c66] 20:43:01.513 [ReconcilerExecutor-hivemq-controller-137] DEBUG c.h.p.o.HiveMQPlatformReconciler - [helmcont] StatefulSet Status (revision: test-hivemq-platform-579f489c45, replicas: 2, available: 1, ready: 1, current: 0, updated: 2)
2025-01-28 20:43:01,515 INFO c.h.h.t.HelmChartContainer - [hivemq-test-hivemq-platform] [hivemq-platform-operator] [13a66c66] 20:43:01.513 [ReconcilerExecutor-hivemq-controller-137] DEBUG c.h.p.o.HiveMQPlatformReconciler - [helmcont] StatefulSet Spec (replicas: 2, init containers: 1, containers: 1, volumes: 3)
2025-01-28 20:43:01,515 INFO c.h.h.t.HelmChartContainer - [hivemq-test-hivemq-platform] [hivemq-platform-operator] [13a66c66] 20:43:01.514 [ReconcilerExecutor-hivemq-controller-137] DEBUG c.h.p.o.h.HiveMQPlatformReconcilerErrorHandler - [helmcont] Pod 'test-hivemq-platform-1' phase Running
2025-01-28 20:43:01,517 INFO c.h.h.t.HelmChartContainer - [hivemq-test-hivemq-platform] [hivemq-platform-operator] [13a66c66] 20:43:01.516 [ReconcilerExecutor-hivemq-controller-137] DEBUG c.h.p.o.h.HiveMQPlatformReconcilerErrorHandler - [helmcont] Pod 'test-hivemq-platform-0' phase Running
2025-01-28 20:43:01,518 INFO c.h.h.t.HelmChartContainer - [hivemq-test-hivemq-platform] [hivemq-platform-operator] [13a66c66] 20:43:01.517 [ReconcilerExecutor-hivemq-controller-137] DEBUG c.h.p.o.h.HiveMQPlatformReconcilerRollingRestartHandler - [helmcont] Rolling restart is waiting for 1 of 2 replicas
2025-01-28 20:43:02,453 INFO c.h.h.t.HelmChartContainer - [EVENT] Warning [Unhealthy] Readiness probe failed: HTTP probe failed with statuscode: 503 [helmcontainersecuritycontextupgradeplatformit:test-hivemq-platform-0]
2025-01-28 20:43:02,453 INFO c.h.h.t.HelmChartContainer - Received Unhealthy event for container hivemq in pod test-hivemq-platform-0 [87c810f9-c1cd-416b-b70c-05c054c36435]
2025-01-28 20:43:02,736 INFO c.h.h.t.HelmChartContainer - [test-hivemq-platform] [hivemq] [87c810f9] INFO  - [HiveMQ Platform Operator Init App 1.7.0-SNAPSHOT] Updating Pod HiveMQ Platform Operator Init App version annotation (version: 1.7.0-SNAPSHOT)
2025-01-28 20:43:03,137 INFO c.h.h.t.HelmChartContainer - [POD] test-hivemq-platform-0 [87c810f9-c1cd-416b-b70c-05c054c36435] in helmcontainersecuritycontextupgradeplatformit was MODIFIED
2025-01-28 20:43:03,143 INFO c.h.h.t.HelmChartContainer - [hivemq-test-hivemq-platform] [hivemq-platform-operator] [13a66c66] 20:43:03.140 [pool-6-thread-39] DEBUG c.h.p.o.d.PlatformServiceResource - [helmcont] Desired Platform services (3 services)
2025-01-28 20:43:03,143 INFO c.h.h.t.HelmChartContainer - [EVENT] Warning [Unhealthy] Readiness probe failed: HTTP probe failed with statuscode: 503 [helmcontainersecuritycontextupgradeplatformit:test-hivemq-platform-0]
2025-01-28 20:43:03,143 INFO c.h.h.t.HelmChartContainer - Received Unhealthy event for container hivemq in pod test-hivemq-platform-0 [87c810f9-c1cd-416b-b70c-05c054c36435]
2025-01-28 20:43:03,144 INFO c.h.h.t.HelmChartContainer - [hivemq-test-hivemq-platform] [hivemq-platform-operator] [13a66c66] 20:43:03.142 [pool-6-thread-37] DEBUG c.h.p.o.dependants.PodInfoConfigMap - [helmcont] Desired PodInfo ConfigMap (1 extensions) (1 enabled)
2025-01-28 20:43:03,144 INFO c.h.h.t.HelmChartContainer - [hivemq-test-hivemq-platform] [hivemq-platform-operator] [13a66c66] 20:43:03.142 [pool-6-thread-37] DEBUG c.h.p.o.dependants.PodInfoConfigMap - [helmcont] Desired PodInfo ConfigMap (metrics port: 9399) (metrics path: /)
2025-01-28 20:43:03,144 INFO c.h.h.t.HelmChartContainer - [hivemq-test-hivemq-platform] [hivemq-platform-operator] [13a66c66] 20:43:03.142 [pool-6-thread-37] DEBUG c.h.p.o.dependants.PodInfoConfigMap - [helmcont] Desired PodInfo ConfigMap (extension state hash: -1817474005)
2025-01-28 20:43:03,144 INFO c.h.h.t.HelmChartContainer - [hivemq-test-hivemq-platform] [hivemq-platform-operator] [13a66c66] 20:43:03.143 [pool-6-thread-34] DEBUG c.h.p.o.d.PodServiceAccountResource - [helmcont] Desired PodServiceAccountResource (serviceAccountName: hivemq-platform-pod-test-hivemq-platform)
2025-01-28 20:43:03,147 INFO c.h.h.t.HelmChartContainer - [hivemq-test-hivemq-platform] [hivemq-platform-operator] [13a66c66] 20:43:03.146 [pool-6-thread-37] DEBUG c.h.p.o.d.StatefulSetResource - [helmcont] Desired StatefulSet (2 replicas) for status ROLLING_RESTART (RESTART_PODS_IN_PROGRESS)
2025-01-28 20:43:03,149 INFO c.h.h.t.HelmChartContainer - [hivemq-test-hivemq-platform] [hivemq-platform-operator] [13a66c66] 20:43:03.149 [ReconcilerExecutor-hivemq-controller-138] INFO  c.h.p.o.HiveMQPlatformReconciler - [helmcont] Reconciling HiveMQ Platform 'test-hivemq-platform' in namespace 'helmcontainersecuritycontextupgradeplatformit'
2025-01-28 20:43:03,149 INFO c.h.h.t.HelmChartContainer - [hivemq-test-hivemq-platform] [hivemq-platform-operator] [13a66c66] 20:43:03.149 [ReconcilerExecutor-hivemq-controller-138] DEBUG c.h.p.o.HiveMQPlatformReconciler - [helmcont] Custom Resource Status ROLLING_RESTART - HiveMQ Platform is restarting Pods (rolling restart) (RESTART_PODS_IN_PROGRESS)
2025-01-28 20:43:03,149 INFO c.h.h.t.HelmChartContainer - [hivemq-test-hivemq-platform] [hivemq-platform-operator] [13a66c66] 20:43:03.149 [ReconcilerExecutor-hivemq-controller-138] DEBUG c.h.p.o.HiveMQPlatformReconciler - [helmcont] Custom Resource Spec (replicas: 1) (extensions: 1)
2025-01-28 20:43:03,151 INFO c.h.h.t.HelmChartContainer - [hivemq-test-hivemq-platform] [hivemq-platform-operator] [13a66c66] 20:43:03.150 [ReconcilerExecutor-hivemq-controller-138] DEBUG c.h.p.o.HiveMQPlatformReconciler - [helmcont] StatefulSet Status (revision: test-hivemq-platform-579f489c45, replicas: 2, available: 1, ready: 1, current: 0, updated: 2)
2025-01-28 20:43:03,151 INFO c.h.h.t.HelmChartContainer - [hivemq-test-hivemq-platform] [hivemq-platform-operator] [13a66c66] 20:43:03.150 [ReconcilerExecutor-hivemq-controller-138] DEBUG c.h.p.o.HiveMQPlatformReconciler - [helmcont] StatefulSet Spec (replicas: 2, init containers: 1, containers: 1, volumes: 3)
2025-01-28 20:43:03,152 INFO c.h.h.t.HelmChartContainer - [hivemq-test-hivemq-platform] [hivemq-platform-operator] [13a66c66] 20:43:03.151 [ReconcilerExecutor-hivemq-controller-138] DEBUG c.h.p.o.h.HiveMQPlatformReconcilerErrorHandler - [helmcont] Pod 'test-hivemq-platform-1' phase Running
2025-01-28 20:43:03,153 INFO c.h.h.t.HelmChartContainer - [hivemq-test-hivemq-platform] [hivemq-platform-operator] [13a66c66] 20:43:03.152 [ReconcilerExecutor-hivemq-controller-138] DEBUG c.h.p.o.h.HiveMQPlatformReconcilerErrorHandler - [helmcont] Pod 'test-hivemq-platform-0' phase Running
2025-01-28 20:43:03,153 INFO c.h.h.t.HelmChartContainer - [hivemq-test-hivemq-platform] [hivemq-platform-operator] [13a66c66] 20:43:03.153 [ReconcilerExecutor-hivemq-controller-138] DEBUG c.h.p.o.h.HiveMQPlatformReconcilerRollingRestartHandler - [helmcont] Rolling restart is waiting for 1 of 2 replicas
2025-01-28 20:43:03,214 INFO c.h.h.t.HelmChartContainer - [test-hivemq-platform] [hivemq] [87c810f9] INFO  - [HiveMQ Platform Operator Init App 1.7.0-SNAPSHOT] Successfully updated Pod HiveMQ Platform Operator Init App version annotation (version: 1.7.0-SNAPSHOT)
2025-01-28 20:43:08,141 INFO c.h.h.t.HelmChartContainer - [EVENT] Warning [Unhealthy] Readiness probe failed: HTTP probe failed with statuscode: 503 [helmcontainersecuritycontextupgradeplatformit:test-hivemq-platform-0]
2025-01-28 20:43:08,141 INFO c.h.h.t.HelmChartContainer - Received Unhealthy event for container hivemq in pod test-hivemq-platform-0 [87c810f9-c1cd-416b-b70c-05c054c36435]
2025-01-28 20:43:10,435 INFO c.h.h.t.HelmChartContainer - [test-hivemq-platform] [hivemq] [87c810f9] INFO  - [HiveMQ Platform Operator Init App 1.7.0-SNAPSHOT] Proceeding with container start
2025-01-28 20:43:10,437 INFO c.h.h.t.HelmChartContainer - [test-hivemq-platform] [hivemq] [87c810f9] INFO  - [HiveMQ Platform Operator Init App 1.7.0-SNAPSHOT] Initializing HiveMQ Platform extensions with initial configuration: {hivemq-allow-all-extension={start-priority=-1, skip-https-hostname-verification=false, restart=true, config-version=0, header-version=0, c-uri=, priority=-1, uri=preinstalled, skip-https-certificate-validation=false, enabled=true}, hivemq-prometheus-extension={restart=true, enabled=true, request-header-path=no-request-headers, uri=preinstalled, skip-https-certificate-validation=false, skip-https-hostname-verification=false, c-uri=, start-priority=-1, priority=-1}}
2025-01-28 20:43:10,915 INFO c.h.h.t.HelmChartContainer - [test-hivemq-platform] [hivemq] [87c810f9] INFO  - [HiveMQ Platform Operator Init App 1.7.0-SNAPSHOT] Extension hivemq-allow-all-extension was already enabled
2025-01-28 20:43:10,927 INFO c.h.h.t.HelmChartContainer - [test-hivemq-platform] [hivemq] [87c810f9] INFO  - [HiveMQ Platform Operator Init App 1.7.0-SNAPSHOT] Successfully enabled extension hivemq-prometheus-extension
2025-01-28 20:43:10,928 INFO c.h.h.t.HelmChartContainer - [test-hivemq-platform] [hivemq] [87c810f9] INFO  - [HiveMQ Platform Operator Init App 1.7.0-SNAPSHOT] Starting HiveMQ Platform version 4.36.0 (4.36.0)
2025-01-28 20:43:10,929 INFO c.h.h.t.HelmChartContainer - [test-hivemq-platform] [hivemq] [87c810f9] INFO  - [HiveMQ Platform Operator Init App 1.7.0-SNAPSHOT] Configuring the HiveMQ Platform
2025-01-28 20:43:11,019 INFO c.h.h.t.HelmChartContainer - [test-hivemq-platform] [hivemq] [87c810f9] INFO  - [HiveMQ Platform Operator Init App 1.7.0-SNAPSHOT] Changed logback.xml file scan period to 20 seconds
2025-01-28 20:43:11,115 INFO c.h.h.t.HelmChartContainer - [test-hivemq-platform] [hivemq] [87c810f9] INFO  - [HiveMQ Platform Operator Init App 1.7.0-SNAPSHOT] Starting the HiveMQ Platform
2025-01-28 20:43:11,118 INFO c.h.h.t.HelmChartContainer - [test-hivemq-platform] [hivemq] [87c810f9] -------------------------------------------------------------------------
2025-01-28 20:43:11,118 INFO c.h.h.t.HelmChartContainer - [test-hivemq-platform] [hivemq] [87c810f9] 
2025-01-28 20:43:11,118 INFO c.h.h.t.HelmChartContainer - [test-hivemq-platform] [hivemq] [87c810f9]                   _    _  _              __  __   ____
2025-01-28 20:43:11,118 INFO c.h.h.t.HelmChartContainer - [test-hivemq-platform] [hivemq] [87c810f9]                  | |  | |(_)            |  \/  | / __ \
2025-01-28 20:43:11,118 INFO c.h.h.t.HelmChartContainer - [test-hivemq-platform] [hivemq] [87c810f9]                  | |__| | _ __   __ ___ | \  / || |  | |
2025-01-28 20:43:11,118 INFO c.h.h.t.HelmChartContainer - [test-hivemq-platform] [hivemq] [87c810f9]                  |  __  || |\ \ / // _ \| |\/| || |  | |
2025-01-28 20:43:11,118 INFO c.h.h.t.HelmChartContainer - [test-hivemq-platform] [hivemq] [87c810f9]                  | |  | || | \ V /|  __/| |  | || |__| |
2025-01-28 20:43:11,118 INFO c.h.h.t.HelmChartContainer - [test-hivemq-platform] [hivemq] [87c810f9]                  |_|  |_||_|  \_/  \___||_|  |_| \___\_\
2025-01-28 20:43:11,118 INFO c.h.h.t.HelmChartContainer - [test-hivemq-platform] [hivemq] [87c810f9] 
2025-01-28 20:43:11,118 INFO c.h.h.t.HelmChartContainer - [test-hivemq-platform] [hivemq] [87c810f9] -------------------------------------------------------------------------
2025-01-28 20:43:11,118 INFO c.h.h.t.HelmChartContainer - [test-hivemq-platform] [hivemq] [87c810f9] 
2025-01-28 20:43:11,118 INFO c.h.h.t.HelmChartContainer - [test-hivemq-platform] [hivemq] [87c810f9]   HiveMQ Start Script for Linux/Unix v1.14
2025-01-28 20:43:11,118 INFO c.h.h.t.HelmChartContainer - [test-hivemq-platform] [hivemq] [87c810f9] 
2025-01-28 20:43:11,146 INFO c.h.h.t.HelmChartContainer - [test-hivemq-platform] [hivemq] [87c810f9] -------------------------------------------------------------------------
2025-01-28 20:43:11,146 INFO c.h.h.t.HelmChartContainer - [test-hivemq-platform] [hivemq] [87c810f9] 
2025-01-28 20:43:11,146 INFO c.h.h.t.HelmChartContainer - [test-hivemq-platform] [hivemq] [87c810f9]   HIVEMQ_HOME: /opt/hivemq
2025-01-28 20:43:11,146 INFO c.h.h.t.HelmChartContainer - [test-hivemq-platform] [hivemq] [87c810f9] 
2025-01-28 20:43:11,146 INFO c.h.h.t.HelmChartContainer - [test-hivemq-platform] [hivemq] [87c810f9]   JAVA_OPTS: -XX:+UnlockExperimentalVMOptions -XX:InitialRAMPercentage=50 -XX:MaxRAMPercentage=50 -Djava.net.preferIPv4Stack=true --add-opens java.base/java.lang=ALL-UNNAMED --add-opens java.base/java.nio=ALL-UNNAMED --add-opens java.base/sun.nio.ch=ALL-UNNAMED --add-opens jdk.management/com.sun.management.internal=ALL-UNNAMED --add-exports java.base/jdk.internal.misc=ALL-UNNAMED -Djava.security.egd=file:/dev/./urandom -Dcom.sun.management.jmxremote -Dcom.sun.management.jmxremote.port=9010 -Dcom.sun.management.jmxremote.local.only=false -Dcom.sun.management.jmxremote.authenticate=false -Dcom.sun.management.jmxremote.ssl=false -Duser.language=en -Duser.region=US -XX:+CrashOnOutOfMemoryError -XX:+HeapDumpOnOutOfMemoryError
2025-01-28 20:43:11,146 INFO c.h.h.t.HelmChartContainer - [test-hivemq-platform] [hivemq] [87c810f9] 
2025-01-28 20:43:11,146 INFO c.h.h.t.HelmChartContainer - [test-hivemq-platform] [hivemq] [87c810f9]   JAVA_VERSION: 21
2025-01-28 20:43:11,146 INFO c.h.h.t.HelmChartContainer - [test-hivemq-platform] [hivemq] [87c810f9] 
2025-01-28 20:43:11,146 INFO c.h.h.t.HelmChartContainer - [test-hivemq-platform] [hivemq] [87c810f9] -------------------------------------------------------------------------
2025-01-28 20:43:11,146 INFO c.h.h.t.HelmChartContainer - [test-hivemq-platform] [hivemq] [87c810f9] 
2025-01-28 20:43:13,141 INFO c.h.h.t.HelmChartContainer - [EVENT] Warning [Unhealthy] Readiness probe failed: HTTP probe failed with statuscode: 503 [helmcontainersecuritycontextupgradeplatformit:test-hivemq-platform-0]
2025-01-28 20:43:13,141 INFO c.h.h.t.HelmChartContainer - Received Unhealthy event for container hivemq in pod test-hivemq-platform-0 [87c810f9-c1cd-416b-b70c-05c054c36435]
2025-01-28 20:43:13,157 INFO c.h.h.t.HelmChartContainer - [hivemq-test-hivemq-platform] [hivemq-platform-operator] [13a66c66] 20:43:13.156 [pool-6-thread-43] DEBUG c.h.p.o.d.PlatformServiceResource - [helmcont] Desired Platform services (3 services)
2025-01-28 20:43:13,160 INFO c.h.h.t.HelmChartContainer - [hivemq-test-hivemq-platform] [hivemq-platform-operator] [13a66c66] 20:43:13.158 [pool-6-thread-49] DEBUG c.h.p.o.dependants.PodInfoConfigMap - [helmcont] Desired PodInfo ConfigMap (1 extensions) (1 enabled)
2025-01-28 20:43:13,160 INFO c.h.h.t.HelmChartContainer - [hivemq-test-hivemq-platform] [hivemq-platform-operator] [13a66c66] 20:43:13.158 [pool-6-thread-49] DEBUG c.h.p.o.dependants.PodInfoConfigMap - [helmcont] Desired PodInfo ConfigMap (metrics port: 9399) (metrics path: /)
2025-01-28 20:43:13,160 INFO c.h.h.t.HelmChartContainer - [hivemq-test-hivemq-platform] [hivemq-platform-operator] [13a66c66] 20:43:13.158 [pool-6-thread-49] DEBUG c.h.p.o.dependants.PodInfoConfigMap - [helmcont] Desired PodInfo ConfigMap (extension state hash: -1817474005)
2025-01-28 20:43:13,160 INFO c.h.h.t.HelmChartContainer - [hivemq-test-hivemq-platform] [hivemq-platform-operator] [13a66c66] 20:43:13.156 [pool-6-thread-42] DEBUG c.h.p.o.d.PodServiceAccountResource - [helmcont] Desired PodServiceAccountResource (serviceAccountName: hivemq-platform-pod-test-hivemq-platform)
2025-01-28 20:43:13,161 INFO c.h.h.t.HelmChartContainer - [hivemq-test-hivemq-platform] [hivemq-platform-operator] [13a66c66] 20:43:13.160 [pool-6-thread-46] DEBUG c.h.p.o.d.StatefulSetResource - [helmcont] Desired StatefulSet (2 replicas) for status ROLLING_RESTART (RESTART_PODS_IN_PROGRESS)
2025-01-28 20:43:13,165 INFO c.h.h.t.HelmChartContainer - [hivemq-test-hivemq-platform] [hivemq-platform-operator] [13a66c66] 20:43:13.163 [ReconcilerExecutor-hivemq-controller-139] INFO  c.h.p.o.HiveMQPlatformReconciler - [helmcont] Reconciling HiveMQ Platform 'test-hivemq-platform' in namespace 'helmcontainersecuritycontextupgradeplatformit'
2025-01-28 20:43:13,165 INFO c.h.h.t.HelmChartContainer - [hivemq-test-hivemq-platform] [hivemq-platform-operator] [13a66c66] 20:43:13.163 [ReconcilerExecutor-hivemq-controller-139] DEBUG c.h.p.o.HiveMQPlatformReconciler - [helmcont] Custom Resource Status ROLLING_RESTART - HiveMQ Platform is restarting Pods (rolling restart) (RESTART_PODS_IN_PROGRESS)
2025-01-28 20:43:13,165 INFO c.h.h.t.HelmChartContainer - [hivemq-test-hivemq-platform] [hivemq-platform-operator] [13a66c66] 20:43:13.163 [ReconcilerExecutor-hivemq-controller-139] DEBUG c.h.p.o.HiveMQPlatformReconciler - [helmcont] Custom Resource Spec (replicas: 1) (extensions: 1)
2025-01-28 20:43:13,167 INFO c.h.h.t.HelmChartContainer - [hivemq-test-hivemq-platform] [hivemq-platform-operator] [13a66c66] 20:43:13.165 [ReconcilerExecutor-hivemq-controller-139] DEBUG c.h.p.o.HiveMQPlatformReconciler - [helmcont] StatefulSet Status (revision: test-hivemq-platform-579f489c45, replicas: 2, available: 1, ready: 1, current: 0, updated: 2)
2025-01-28 20:43:13,167 INFO c.h.h.t.HelmChartContainer - [hivemq-test-hivemq-platform] [hivemq-platform-operator] [13a66c66] 20:43:13.165 [ReconcilerExecutor-hivemq-controller-139] DEBUG c.h.p.o.HiveMQPlatformReconciler - [helmcont] StatefulSet Spec (replicas: 2, init containers: 1, containers: 1, volumes: 3)
2025-01-28 20:43:13,167 INFO c.h.h.t.HelmChartContainer - [hivemq-test-hivemq-platform] [hivemq-platform-operator] [13a66c66] 20:43:13.166 [ReconcilerExecutor-hivemq-controller-139] DEBUG c.h.p.o.h.HiveMQPlatformReconcilerErrorHandler - [helmcont] Pod 'test-hivemq-platform-1' phase Running
2025-01-28 20:43:13,168 INFO c.h.h.t.HelmChartContainer - [hivemq-test-hivemq-platform] [hivemq-platform-operator] [13a66c66] 20:43:13.167 [ReconcilerExecutor-hivemq-controller-139] DEBUG c.h.p.o.h.HiveMQPlatformReconcilerErrorHandler - [helmcont] Pod 'test-hivemq-platform-0' phase Running
2025-01-28 20:43:13,168 INFO c.h.h.t.HelmChartContainer - [hivemq-test-hivemq-platform] [hivemq-platform-operator] [13a66c66] 20:43:13.167 [ReconcilerExecutor-hivemq-controller-139] DEBUG c.h.p.o.h.HiveMQPlatformReconcilerRollingRestartHandler - [helmcont] Rolling restart is waiting for 1 of 2 replicas
2025-01-28 20:43:13,824 INFO c.h.h.t.HelmChartContainer - [test-hivemq-platform] [hivemq] [87c810f9] INFO  - Starting HiveMQ Enterprise Server
2025-01-28 20:43:13,831 INFO c.h.h.t.HelmChartContainer - [test-hivemq-platform] [hivemq] [87c810f9] INFO  - HiveMQ version: 4.36.0
2025-01-28 20:43:13,832 INFO c.h.h.t.HelmChartContainer - [test-hivemq-platform] [hivemq] [87c810f9] INFO  - HiveMQ home directory: /opt/hivemq
2025-01-28 20:43:13,832 INFO c.h.h.t.HelmChartContainer - [test-hivemq-platform] [hivemq] [87c810f9] INFO  - Log Configuration was overridden by /opt/hivemq/conf/logback.xml
2025-01-28 20:43:15,129 INFO c.h.h.t.HelmChartContainer - [test-hivemq-platform] [hivemq] [87c810f9] INFO  - Successfully loaded configuration from '/opt/hivemq/conf-k8s/config.xml'.
2025-01-28 20:43:15,525 INFO c.h.h.t.HelmChartContainer - [test-hivemq-platform] [hivemq] [87c810f9] INFO  - This node's ID is 6BIqz
2025-01-28 20:43:15,525 INFO c.h.h.t.HelmChartContainer - [test-hivemq-platform] [hivemq] [87c810f9] INFO  - Clustering is enabled
2025-01-28 20:43:18,416 INFO c.h.h.t.HelmChartContainer - [test-hivemq-platform] [hivemq] [87c810f9] WARN  - [HiveMQ Platform Operator Init App 1.7.0-SNAPSHOT] Cannot connect to Health API for readiness: null
2025-01-28 20:43:18,422 INFO c.h.h.t.HelmChartContainer - [EVENT] Warning [Unhealthy] Readiness probe failed: HTTP probe failed with statuscode: 503 [helmcontainersecuritycontextupgradeplatformit:test-hivemq-platform-0]
2025-01-28 20:43:18,422 INFO c.h.h.t.HelmChartContainer - Received Unhealthy event for container hivemq in pod test-hivemq-platform-0 [87c810f9-c1cd-416b-b70c-05c054c36435]
2025-01-28 20:43:19,819 INFO c.h.h.t.HelmChartContainer - [test-hivemq-platform] [hivemq] [87c810f9] WARN  - [HiveMQ Platform Operator Init App 1.7.0-SNAPSHOT] Cannot connect to Health API for liveness: null
2025-01-28 20:43:19,819 INFO c.h.h.t.HelmChartContainer - [test-hivemq-platform] [hivemq] [87c810f9] INFO  - [HiveMQ Platform Operator Init App 1.7.0-SNAPSHOT] Returning default Health API response 200 for liveness
2025-01-28 20:43:23,176 INFO c.h.h.t.HelmChartContainer - [hivemq-test-hivemq-platform] [hivemq-platform-operator] [13a66c66] 20:43:23.170 [pool-6-thread-7] DEBUG c.h.p.o.d.PlatformServiceResource - [helmcont] Desired Platform services (3 services)
2025-01-28 20:43:23,177 INFO c.h.h.t.HelmChartContainer - [hivemq-test-hivemq-platform] [hivemq-platform-operator] [13a66c66] 20:43:23.170 [pool-6-thread-6] DEBUG c.h.p.o.dependants.PodInfoConfigMap - [helmcont] Desired PodInfo ConfigMap (1 extensions) (1 enabled)
2025-01-28 20:43:23,178 INFO c.h.h.t.HelmChartContainer - [hivemq-test-hivemq-platform] [hivemq-platform-operator] [13a66c66] 20:43:23.171 [pool-6-thread-6] DEBUG c.h.p.o.dependants.PodInfoConfigMap - [helmcont] Desired PodInfo ConfigMap (metrics port: 9399) (metrics path: /)
2025-01-28 20:43:23,178 INFO c.h.h.t.HelmChartContainer - [hivemq-test-hivemq-platform] [hivemq-platform-operator] [13a66c66] 20:43:23.171 [pool-6-thread-6] DEBUG c.h.p.o.dependants.PodInfoConfigMap - [helmcont] Desired PodInfo ConfigMap (extension state hash: -1817474005)
2025-01-28 20:43:23,178 INFO c.h.h.t.HelmChartContainer - [hivemq-test-hivemq-platform] [hivemq-platform-operator] [13a66c66] 20:43:23.171 [pool-6-thread-6] DEBUG c.h.p.o.d.PodServiceAccountResource - [helmcont] Desired PodServiceAccountResource (serviceAccountName: hivemq-platform-pod-test-hivemq-platform)
2025-01-28 20:43:23,178 INFO c.h.h.t.HelmChartContainer - [hivemq-test-hivemq-platform] [hivemq-platform-operator] [13a66c66] 20:43:23.174 [pool-6-thread-7] DEBUG c.h.p.o.d.StatefulSetResource - [helmcont] Desired StatefulSet (2 replicas) for status ROLLING_RESTART (RESTART_PODS_IN_PROGRESS)
2025-01-28 20:43:23,178 INFO c.h.h.t.HelmChartContainer - [hivemq-test-hivemq-platform] [hivemq-platform-operator] [13a66c66] 20:43:23.177 [ReconcilerExecutor-hivemq-controller-140] INFO  c.h.p.o.HiveMQPlatformReconciler - [helmcont] Reconciling HiveMQ Platform 'test-hivemq-platform' in namespace 'helmcontainersecuritycontextupgradeplatformit'
2025-01-28 20:43:23,180 INFO c.h.h.t.HelmChartContainer - [hivemq-test-hivemq-platform] [hivemq-platform-operator] [13a66c66] 20:43:23.178 [ReconcilerExecutor-hivemq-controller-140] DEBUG c.h.p.o.HiveMQPlatformReconciler - [helmcont] Custom Resource Status ROLLING_RESTART - HiveMQ Platform is restarting Pods (rolling restart) (RESTART_PODS_IN_PROGRESS)
2025-01-28 20:43:23,180 INFO c.h.h.t.HelmChartContainer - [hivemq-test-hivemq-platform] [hivemq-platform-operator] [13a66c66] 20:43:23.178 [ReconcilerExecutor-hivemq-controller-140] DEBUG c.h.p.o.HiveMQPlatformReconciler - [helmcont] Custom Resource Spec (replicas: 1) (extensions: 1)
2025-01-28 20:43:23,181 INFO c.h.h.t.HelmChartContainer - [hivemq-test-hivemq-platform] [hivemq-platform-operator] [13a66c66] 20:43:23.179 [ReconcilerExecutor-hivemq-controller-140] DEBUG c.h.p.o.HiveMQPlatformReconciler - [helmcont] StatefulSet Status (revision: test-hivemq-platform-579f489c45, replicas: 2, available: 1, ready: 1, current: 0, updated: 2)
2025-01-28 20:43:23,182 INFO c.h.h.t.HelmChartContainer - [hivemq-test-hivemq-platform] [hivemq-platform-operator] [13a66c66] 20:43:23.179 [ReconcilerExecutor-hivemq-controller-140] DEBUG c.h.p.o.HiveMQPlatformReconciler - [helmcont] StatefulSet Spec (replicas: 2, init containers: 1, containers: 1, volumes: 3)
2025-01-28 20:43:23,182 INFO c.h.h.t.HelmChartContainer - [hivemq-test-hivemq-platform] [hivemq-platform-operator] [13a66c66] 20:43:23.180 [ReconcilerExecutor-hivemq-controller-140] DEBUG c.h.p.o.h.HiveMQPlatformReconcilerErrorHandler - [helmcont] Pod 'test-hivemq-platform-1' phase Running
2025-01-28 20:43:23,183 INFO c.h.h.t.HelmChartContainer - [hivemq-test-hivemq-platform] [hivemq-platform-operator] [13a66c66] 20:43:23.181 [ReconcilerExecutor-hivemq-controller-140] DEBUG c.h.p.o.h.HiveMQPlatformReconcilerErrorHandler - [helmcont] Pod 'test-hivemq-platform-0' phase Running
2025-01-28 20:43:23,183 INFO c.h.h.t.HelmChartContainer - [hivemq-test-hivemq-platform] [hivemq-platform-operator] [13a66c66] 20:43:23.182 [ReconcilerExecutor-hivemq-controller-140] DEBUG c.h.p.o.h.HiveMQPlatformReconcilerRollingRestartHandler - [helmcont] Rolling restart is waiting for 1 of 2 replicas
2025-01-28 20:43:23,215 INFO c.h.h.t.HelmChartContainer - [test-hivemq-platform] [hivemq] [87c810f9] WARN  - [HiveMQ Platform Operator Init App 1.7.0-SNAPSHOT] Cannot connect to Health API for readiness: null
2025-01-28 20:43:23,222 INFO c.h.h.t.HelmChartContainer - [EVENT] Warning [Unhealthy] Readiness probe failed: HTTP probe failed with statuscode: 503 [helmcontainersecuritycontextupgradeplatformit:test-hivemq-platform-0]
2025-01-28 20:43:23,222 INFO c.h.h.t.HelmChartContainer - Received Unhealthy event for container hivemq in pod test-hivemq-platform-0 [87c810f9-c1cd-416b-b70c-05c054c36435]
2025-01-28 20:43:28,217 INFO c.h.h.t.HelmChartContainer - [test-hivemq-platform] [hivemq] [87c810f9] WARN  - [HiveMQ Platform Operator Init App 1.7.0-SNAPSHOT] Cannot connect to Health API for readiness: null
2025-01-28 20:43:28,222 INFO c.h.h.t.HelmChartContainer - [EVENT] Warning [Unhealthy] Readiness probe failed: HTTP probe failed with statuscode: 503 [helmcontainersecuritycontextupgradeplatformit:test-hivemq-platform-0]
2025-01-28 20:43:28,222 INFO c.h.h.t.HelmChartContainer - Received Unhealthy event for container hivemq in pod test-hivemq-platform-0 [87c810f9-c1cd-416b-b70c-05c054c36435]
2025-01-28 20:43:28,525 INFO c.h.h.t.HelmChartContainer - [test-hivemq-platform] [hivemq] [87c810f9] INFO  - No valid license file found. Using trial license, restricted to 25 connections.
2025-01-28 20:43:32,832 INFO c.h.h.t.HelmChartContainer - [test-hivemq-platform] [hivemq] [87c810f9] INFO  - No valid license file for Data Hub found. Using free license, restricted to 1 policy.
2025-01-28 20:43:33,187 INFO c.h.h.t.HelmChartContainer - [hivemq-test-hivemq-platform] [hivemq-platform-operator] [13a66c66] 20:43:33.184 [pool-6-thread-15] DEBUG c.h.p.o.d.PlatformServiceResource - [helmcont] Desired Platform services (3 services)
2025-01-28 20:43:33,187 INFO c.h.h.t.HelmChartContainer - [hivemq-test-hivemq-platform] [hivemq-platform-operator] [13a66c66] 20:43:33.184 [pool-6-thread-16] DEBUG c.h.p.o.d.PodServiceAccountResource - [helmcont] Desired PodServiceAccountResource (serviceAccountName: hivemq-platform-pod-test-hivemq-platform)
2025-01-28 20:43:33,187 INFO c.h.h.t.HelmChartContainer - [hivemq-test-hivemq-platform] [hivemq-platform-operator] [13a66c66] 20:43:33.185 [pool-6-thread-19] DEBUG c.h.p.o.dependants.PodInfoConfigMap - [helmcont] Desired PodInfo ConfigMap (1 extensions) (1 enabled)
2025-01-28 20:43:33,187 INFO c.h.h.t.HelmChartContainer - [hivemq-test-hivemq-platform] [hivemq-platform-operator] [13a66c66] 20:43:33.186 [pool-6-thread-19] DEBUG c.h.p.o.dependants.PodInfoConfigMap - [helmcont] Desired PodInfo ConfigMap (metrics port: 9399) (metrics path: /)
2025-01-28 20:43:33,187 INFO c.h.h.t.HelmChartContainer - [hivemq-test-hivemq-platform] [hivemq-platform-operator] [13a66c66] 20:43:33.186 [pool-6-thread-19] DEBUG c.h.p.o.dependants.PodInfoConfigMap - [helmcont] Desired PodInfo ConfigMap (extension state hash: -1817474005)
2025-01-28 20:43:33,188 INFO c.h.h.t.HelmChartContainer - [hivemq-test-hivemq-platform] [hivemq-platform-operator] [13a66c66] 20:43:33.187 [pool-6-thread-15] DEBUG c.h.p.o.d.StatefulSetResource - [helmcont] Desired StatefulSet (2 replicas) for status ROLLING_RESTART (RESTART_PODS_IN_PROGRESS)
2025-01-28 20:43:33,191 INFO c.h.h.t.HelmChartContainer - [hivemq-test-hivemq-platform] [hivemq-platform-operator] [13a66c66] 20:43:33.190 [ReconcilerExecutor-hivemq-controller-141] INFO  c.h.p.o.HiveMQPlatformReconciler - [helmcont] Reconciling HiveMQ Platform 'test-hivemq-platform' in namespace 'helmcontainersecuritycontextupgradeplatformit'
2025-01-28 20:43:33,191 INFO c.h.h.t.HelmChartContainer - [hivemq-test-hivemq-platform] [hivemq-platform-operator] [13a66c66] 20:43:33.190 [ReconcilerExecutor-hivemq-controller-141] DEBUG c.h.p.o.HiveMQPlatformReconciler - [helmcont] Custom Resource Status ROLLING_RESTART - HiveMQ Platform is restarting Pods (rolling restart) (RESTART_PODS_IN_PROGRESS)
2025-01-28 20:43:33,191 INFO c.h.h.t.HelmChartContainer - [hivemq-test-hivemq-platform] [hivemq-platform-operator] [13a66c66] 20:43:33.190 [ReconcilerExecutor-hivemq-controller-141] DEBUG c.h.p.o.HiveMQPlatformReconciler - [helmcont] Custom Resource Spec (replicas: 1) (extensions: 1)
2025-01-28 20:43:33,193 INFO c.h.h.t.HelmChartContainer - [hivemq-test-hivemq-platform] [hivemq-platform-operator] [13a66c66] 20:43:33.191 [ReconcilerExecutor-hivemq-controller-141] DEBUG c.h.p.o.HiveMQPlatformReconciler - [helmcont] StatefulSet Status (revision: test-hivemq-platform-579f489c45, replicas: 2, available: 1, ready: 1, current: 0, updated: 2)
2025-01-28 20:43:33,193 INFO c.h.h.t.HelmChartContainer - [hivemq-test-hivemq-platform] [hivemq-platform-operator] [13a66c66] 20:43:33.191 [ReconcilerExecutor-hivemq-controller-141] DEBUG c.h.p.o.HiveMQPlatformReconciler - [helmcont] StatefulSet Spec (replicas: 2, init containers: 1, containers: 1, volumes: 3)
2025-01-28 20:43:33,194 INFO c.h.h.t.HelmChartContainer - [hivemq-test-hivemq-platform] [hivemq-platform-operator] [13a66c66] 20:43:33.192 [ReconcilerExecutor-hivemq-controller-141] DEBUG c.h.p.o.h.HiveMQPlatformReconcilerErrorHandler - [helmcont] Pod 'test-hivemq-platform-1' phase Running
2025-01-28 20:43:33,195 INFO c.h.h.t.HelmChartContainer - [hivemq-test-hivemq-platform] [hivemq-platform-operator] [13a66c66] 20:43:33.193 [ReconcilerExecutor-hivemq-controller-141] DEBUG c.h.p.o.h.HiveMQPlatformReconcilerErrorHandler - [helmcont] Pod 'test-hivemq-platform-0' phase Running
2025-01-28 20:43:33,195 INFO c.h.h.t.HelmChartContainer - [hivemq-test-hivemq-platform] [hivemq-platform-operator] [13a66c66] 20:43:33.193 [ReconcilerExecutor-hivemq-controller-141] DEBUG c.h.p.o.h.HiveMQPlatformReconcilerRollingRestartHandler - [helmcont] Rolling restart is waiting for 1 of 2 replicas
2025-01-28 20:43:33,216 INFO c.h.h.t.HelmChartContainer - [test-hivemq-platform] [hivemq] [87c810f9] WARN  - [HiveMQ Platform Operator Init App 1.7.0-SNAPSHOT] Cannot connect to Health API for readiness: null
2025-01-28 20:43:33,221 INFO c.h.h.t.HelmChartContainer - [EVENT] Warning [Unhealthy] Readiness probe failed: HTTP probe failed with statuscode: 503 [helmcontainersecuritycontextupgradeplatformit:test-hivemq-platform-0]
2025-01-28 20:43:33,221 INFO c.h.h.t.HelmChartContainer - Received Unhealthy event for container hivemq in pod test-hivemq-platform-0 [87c810f9-c1cd-416b-b70c-05c054c36435]
2025-01-28 20:43:34,117 INFO c.h.h.t.HelmChartContainer - [test-hivemq-platform] [hivemq] [87c810f9] INFO  - Audit Logger started.
2025-01-28 20:43:34,357 INFO c.h.h.t.HelmChartContainer - [test-hivemq-platform] [hivemq] [87c810f9] INFO  - This node uses '1' CPU cores.
2025-01-28 20:43:34,413 INFO c.h.h.t.HelmChartContainer - [test-hivemq-platform] [hivemq] [87c810f9] INFO  - Starting HiveMQ Health API on address 0.0.0.0 and port 8889
2025-01-28 20:43:35,314 INFO c.h.h.t.HelmChartContainer - [test-hivemq-platform] [hivemq] [87c810f9] INFO  - Started HiveMQ Health API in 813ms
2025-01-28 20:43:36,016 INFO c.h.h.t.HelmChartContainer - [test-hivemq-platform] [hivemq] [87c810f9] INFO  - Starting HiveMQ extension system.
2025-01-28 20:43:36,230 INFO c.h.h.t.HelmChartContainer - [test-hivemq-platform] [hivemq] [87c810f9] INFO  - Starting extension with id "hivemq-dns-cluster-discovery" at /opt/hivemq/extensions/hivemq-dns-cluster-discovery
2025-01-28 20:43:36,799 INFO c.h.h.t.HelmChartContainer - [test-hivemq-platform] [hivemq] [87c810f9] INFO  - Extension "DNS Cluster Discovery Extension" version 4.3.2 started successfully.
2025-01-28 20:43:36,799 INFO c.h.h.t.HelmChartContainer - [test-hivemq-platform] [hivemq] [87c810f9] INFO  - Starting extension with id "hivemq-prometheus-extension" at /opt/hivemq/extensions/hivemq-prometheus-extension
2025-01-28 20:43:36,824 INFO c.h.h.t.HelmChartContainer - [test-hivemq-platform] [hivemq] [87c810f9] INFO  - Using TCP cluster transport on address 10.42.0.8 and port 7000
2025-01-28 20:43:36,920 INFO c.h.h.t.HelmChartContainer - [test-hivemq-platform] [hivemq] [87c810f9] INFO  - Using extension cluster discovery
2025-01-28 20:43:37,818 INFO c.h.h.t.HelmChartContainer - [test-hivemq-platform] [hivemq] [87c810f9] INFO  - Started Jetty Server exposing Prometheus Servlet on URI http://0.0.0.0:9399/
2025-01-28 20:43:37,818 INFO c.h.h.t.HelmChartContainer - [test-hivemq-platform] [hivemq] [87c810f9] INFO  - Extension "Prometheus Monitoring Extension" version 4.0.12 started successfully.
2025-01-28 20:43:37,818 INFO c.h.h.t.HelmChartContainer - [test-hivemq-platform] [hivemq] [87c810f9] INFO  - Starting extension with id "hivemq-allow-all-extension" at /opt/hivemq/extensions/hivemq-allow-all-extension
2025-01-28 20:43:37,818 INFO c.h.h.t.HelmChartContainer - [test-hivemq-platform] [hivemq] [87c810f9] WARN  - 
2025-01-28 20:43:37,818 INFO c.h.h.t.HelmChartContainer - [test-hivemq-platform] [hivemq] [87c810f9] ################################################################################################################
2025-01-28 20:43:37,818 INFO c.h.h.t.HelmChartContainer - [test-hivemq-platform] [hivemq] [87c810f9] # This HiveMQ deployment is not secure! You are lacking Authentication and Authorization.                      #
2025-01-28 20:43:37,818 INFO c.h.h.t.HelmChartContainer - [test-hivemq-platform] [hivemq] [87c810f9] # Right now any MQTT client can connect to the broker with a full set of permissions.                          #
2025-01-28 20:43:37,818 INFO c.h.h.t.HelmChartContainer - [test-hivemq-platform] [hivemq] [87c810f9] # For production usage, add an appropriate security extension and remove the hivemq-allow-all extension.       #
2025-01-28 20:43:37,818 INFO c.h.h.t.HelmChartContainer - [test-hivemq-platform] [hivemq] [87c810f9] # You can download security extensions from the HiveMQ Marketplace (https://www.hivemq.com/extensions/).       #
2025-01-28 20:43:37,818 INFO c.h.h.t.HelmChartContainer - [test-hivemq-platform] [hivemq] [87c810f9] ################################################################################################################
2025-01-28 20:43:37,819 INFO c.h.h.t.HelmChartContainer - [test-hivemq-platform] [hivemq] [87c810f9] INFO  - Extension "Allow All Extension" version 1.1.1 started successfully.
2025-01-28 20:43:37,930 INFO c.h.h.t.HelmChartContainer - [test-hivemq-platform] [hivemq] [918b2933] INFO  - Cluster nodes found by discovery: [e821g|3] (2) [e821g, 6BIqz].
2025-01-28 20:43:38,018 INFO c.h.h.t.HelmChartContainer - [test-hivemq-platform] [hivemq] [87c810f9] INFO  - Cluster nodes found by discovery: [e821g|3] (2) [e821g, 6BIqz].
2025-01-28 20:43:38,131 INFO c.h.h.t.HelmChartContainer - [test-hivemq-platform] [hivemq] [87c810f9] INFO  - Cluster size = 1, members : [e821g].
2025-01-28 20:43:38,722 INFO c.h.h.t.HelmChartContainer - [test-hivemq-platform] [hivemq] [87c810f9] INFO  - Starting cluster join process. This may take a while. Please do not shut down HiveMQ.
2025-01-28 20:43:38,723 INFO c.h.h.t.HelmChartContainer - [test-hivemq-platform] [hivemq] [87c810f9] INFO  - Cluster join process is still ongoing. Please do not shut down HiveMQ.
2025-01-28 20:43:39,182 INFO c.h.h.t.HelmChartContainer - [EVENT] Warning [Unhealthy] Readiness probe failed: Get "http://10.42.0.8:7979/readiness": context deadline exceeded (Client.Timeout exceeded while awaiting headers) [helmcontainersecuritycontextupgradeplatformit:test-hivemq-platform-0]
2025-01-28 20:43:39,182 INFO c.h.h.t.HelmChartContainer - Received Unhealthy event for container hivemq in pod test-hivemq-platform-0 [87c810f9-c1cd-416b-b70c-05c054c36435]
2025-01-28 20:43:39,215 INFO c.h.h.t.HelmChartContainer - [test-hivemq-platform] [hivemq] [87c810f9] INFO  - [HiveMQ Platform Operator Init App 1.7.0-SNAPSHOT] Returning Health API response 503 for readiness
2025-01-28 20:43:40,730 INFO c.h.h.t.HelmChartContainer - [test-hivemq-platform] [hivemq] [918b2933] INFO  - Cluster size = 2, members : [e821g, 6BIqz].
2025-01-28 20:43:40,740 INFO c.h.h.t.HelmChartContainer - [test-hivemq-platform] [hivemq] [87c810f9] INFO  - Cluster size = 2, members : [e821g, 6BIqz].
2025-01-28 20:43:40,744 INFO c.h.h.t.HelmChartContainer - [test-hivemq-platform] [hivemq] [87c810f9] INFO  - Finished cluster join process successfully.
2025-01-28 20:43:40,746 INFO c.h.h.t.HelmChartContainer - [test-hivemq-platform] [hivemq] [87c810f9] WARN  - No user for HiveMQ Control Center configured. Starting with default user
2025-01-28 20:43:40,747 INFO c.h.h.t.HelmChartContainer - [test-hivemq-platform] [hivemq] [87c810f9] INFO  - Starting HiveMQ Control Center on address 0.0.0.0 and port 8080
2025-01-28 20:43:40,817 INFO c.h.h.t.HelmChartContainer - [test-hivemq-platform] [hivemq] [87c810f9] INFO  - Mounting HiveMQ Control Center V2 Preview
2025-01-28 20:43:41,520 INFO c.h.h.t.HelmChartContainer - [test-hivemq-platform] [hivemq] [87c810f9] INFO  - Started HiveMQ Control Center in 774ms
2025-01-28 20:43:41,536 INFO c.h.h.t.HelmChartContainer - [test-hivemq-platform] [hivemq] [87c810f9] INFO  - Starting TCP listener on address 0.0.0.0 and port 1884
2025-01-28 20:43:41,628 INFO c.h.h.t.HelmChartContainer - [test-hivemq-platform] [hivemq] [87c810f9] INFO  - Started TCP Listener on address 0.0.0.0 and on port 1884.
2025-01-28 20:43:41,628 INFO c.h.h.t.HelmChartContainer - [test-hivemq-platform] [hivemq] [87c810f9] INFO  - Started HiveMQ in 28200ms
2025-01-28 20:43:43,141 INFO c.h.h.t.HelmChartContainer - [test-hivemq-platform] [hivemq] [87c810f9] INFO  - [HiveMQ Platform Operator Init App 1.7.0-SNAPSHOT] Returning Health API response 200 for readiness
2025-01-28 20:43:43,152 INFO c.h.h.t.HelmChartContainer - [POD] test-hivemq-platform-0 [87c810f9-c1cd-416b-b70c-05c054c36435] in helmcontainersecuritycontextupgradeplatformit was MODIFIED
2025-01-28 20:43:43,164 INFO c.h.h.t.HelmChartContainer - [hivemq-test-hivemq-platform] [hivemq-platform-operator] [13a66c66] 20:43:43.156 [pool-6-thread-27] DEBUG c.h.p.o.dependants.PodInfoConfigMap - [helmcont] Desired PodInfo ConfigMap (1 extensions) (1 enabled)
2025-01-28 20:43:43,166 INFO c.h.h.t.HelmChartContainer - [hivemq-test-hivemq-platform] [hivemq-platform-operator] [13a66c66] 20:43:43.156 [pool-6-thread-27] DEBUG c.h.p.o.dependants.PodInfoConfigMap - [helmcont] Desired PodInfo ConfigMap (metrics port: 9399) (metrics path: /)
2025-01-28 20:43:43,167 INFO c.h.h.t.HelmChartContainer - [hivemq-test-hivemq-platform] [hivemq-platform-operator] [13a66c66] 20:43:43.158 [pool-6-thread-27] DEBUG c.h.p.o.dependants.PodInfoConfigMap - [helmcont] Desired PodInfo ConfigMap (extension state hash: -1817474005)
2025-01-28 20:43:43,167 INFO c.h.h.t.HelmChartContainer - [hivemq-test-hivemq-platform] [hivemq-platform-operator] [13a66c66] 20:43:43.158 [pool-6-thread-24] DEBUG c.h.p.o.d.PlatformServiceResource - [helmcont] Desired Platform services (3 services)
2025-01-28 20:43:43,169 INFO c.h.h.t.HelmChartContainer - [hivemq-test-hivemq-platform] [hivemq-platform-operator] [13a66c66] 20:43:43.157 [pool-6-thread-28] DEBUG c.h.p.o.d.PodServiceAccountResource - [helmcont] Desired PodServiceAccountResource (serviceAccountName: hivemq-platform-pod-test-hivemq-platform)
2025-01-28 20:43:43,172 INFO c.h.h.t.HelmChartContainer - [hivemq-test-hivemq-platform] [hivemq-platform-operator] [13a66c66] 20:43:43.170 [pool-6-thread-24] DEBUG c.h.p.o.d.StatefulSetResource - [helmcont] Desired StatefulSet (2 replicas) for status ROLLING_RESTART (RESTART_PODS_IN_PROGRESS)
2025-01-28 20:43:43,175 INFO c.h.h.t.HelmChartContainer - [hivemq-test-hivemq-platform] [hivemq-platform-operator] [13a66c66] 20:43:43.173 [ReconcilerExecutor-hivemq-controller-142] INFO  c.h.p.o.HiveMQPlatformReconciler - [helmcont] Reconciling HiveMQ Platform 'test-hivemq-platform' in namespace 'helmcontainersecuritycontextupgradeplatformit'
2025-01-28 20:43:43,175 INFO c.h.h.t.HelmChartContainer - [hivemq-test-hivemq-platform] [hivemq-platform-operator] [13a66c66] 20:43:43.173 [ReconcilerExecutor-hivemq-controller-142] DEBUG c.h.p.o.HiveMQPlatformReconciler - [helmcont] Custom Resource Status ROLLING_RESTART - HiveMQ Platform is restarting Pods (rolling restart) (RESTART_PODS_IN_PROGRESS)
2025-01-28 20:43:43,175 INFO c.h.h.t.HelmChartContainer - [hivemq-test-hivemq-platform] [hivemq-platform-operator] [13a66c66] 20:43:43.173 [ReconcilerExecutor-hivemq-controller-142] DEBUG c.h.p.o.HiveMQPlatformReconciler - [helmcont] Custom Resource Spec (replicas: 1) (extensions: 1)
2025-01-28 20:43:43,175 INFO c.h.h.t.HelmChartContainer - [hivemq-test-hivemq-platform] [hivemq-platform-operator] [13a66c66] 20:43:43.174 [ReconcilerExecutor-hivemq-controller-142] DEBUG c.h.p.o.HiveMQPlatformReconciler - [helmcont] StatefulSet Status (revision: test-hivemq-platform-579f489c45, replicas: 2, available: 2, ready: 2, current: 0, updated: 2)
2025-01-28 20:43:43,175 INFO c.h.h.t.HelmChartContainer - [hivemq-test-hivemq-platform] [hivemq-platform-operator] [13a66c66] 20:43:43.174 [ReconcilerExecutor-hivemq-controller-142] DEBUG c.h.p.o.HiveMQPlatformReconciler - [helmcont] StatefulSet Spec (replicas: 2, init containers: 1, containers: 1, volumes: 3)
2025-01-28 20:43:43,176 INFO c.h.h.t.HelmChartContainer - [hivemq-test-hivemq-platform] [hivemq-platform-operator] [13a66c66] 20:43:43.175 [ReconcilerExecutor-hivemq-controller-142] DEBUG c.h.p.o.h.HiveMQPlatformReconcilerErrorHandler - [helmcont] Pod 'test-hivemq-platform-1' phase Running
2025-01-28 20:43:43,180 INFO c.h.h.t.HelmChartContainer - [hivemq-test-hivemq-platform] [hivemq-platform-operator] [13a66c66] 20:43:43.178 [ReconcilerExecutor-hivemq-controller-142] DEBUG c.h.p.o.h.HiveMQPlatformReconcilerErrorHandler - [helmcont] Pod 'test-hivemq-platform-0' phase Running
2025-01-28 20:43:43,257 INFO c.h.h.t.HelmChartContainer - [hivemq-test-hivemq-platform] [hivemq-platform-operator] [13a66c66] 20:43:43.256 [ReconcilerExecutor-hivemq-controller-142] DEBUG c.h.p.o.h.HiveMQPlatformReconcilerRollingRestartHandler - [helmcont] Skipping Pod test-hivemq-platform-1 as it's already on the controller update revision (update revision: test-hivemq-platform-579f489c45, pod revision: test-hivemq-platform-579f489c45)
2025-01-28 20:43:43,261 INFO c.h.h.t.HelmChartContainer - [hivemq-test-hivemq-platform] [hivemq-platform-operator] [13a66c66] 20:43:43.260 [ReconcilerExecutor-hivemq-controller-142] DEBUG c.h.p.o.h.HiveMQPlatformReconcilerRollingRestartHandler - [helmcont] Skipping Pod test-hivemq-platform-0 as it's already on the controller update revision (update revision: test-hivemq-platform-579f489c45, pod revision: test-hivemq-platform-579f489c45)
2025-01-28 20:43:43,262 INFO c.h.h.t.HelmChartContainer - [hivemq-test-hivemq-platform] [hivemq-platform-operator] [13a66c66] 20:43:43.260 [ReconcilerExecutor-hivemq-controller-142] INFO  c.h.p.o.h.HiveMQPlatformReconcilerRollingRestartHandler - [helmcont] Stopping surge Pod
2025-01-28 20:43:43,273 INFO c.h.h.t.HelmChartContainer - [hivemq-test-hivemq-platform] [hivemq-platform-operator] [13a66c66] 20:43:43.273 [ReconcilerExecutor-hivemq-controller-142] DEBUG c.h.p.operator.event.EventSender - [helmcont] Creating K8s event rolling-restart-scale-down-in-progress: [RollingRestart] HiveMQ Platform is stopping the surge Pod (rolling restart)
2025-01-28 20:43:43,277 INFO c.h.h.t.HelmChartContainer - [hivemq-test-hivemq-platform] [hivemq-platform-operator] [13a66c66] 20:43:43.276 [ReconcilerExecutor-hivemq-controller-142] INFO  c.h.p.o.h.AbstractHiveMQReconcilerStateHandler - [helmcont] Update HiveMQ Platform Status (ROLLING_RESTART [RESTART_PODS_IN_PROGRESS] -> ROLLING_RESTART [SCALE_DOWN_IN_PROGRESS]): HiveMQ Platform is stopping the surge Pod (rolling restart)
2025-01-28 20:43:43,279 INFO c.h.h.t.HelmChartContainer - [EVENT] Normal [RollingRestart] HiveMQ Platform is stopping the surge Pod (rolling restart) [helmcontainersecuritycontextupgradeplatformit:test-hivemq-platform]
2025-01-28 20:43:43,284 DEBUG com.hivemq.helmcharts.util.K8sUtil - Comparing actual state 'ROLLING_RESTART' and waiting for 'RUNNING'
2025-01-28 20:43:43,292 INFO c.h.h.t.HelmChartContainer - [hivemq-test-hivemq-platform] [hivemq-platform-operator] [13a66c66] 20:43:43.290 [pool-6-thread-36] DEBUG c.h.p.o.d.PlatformServiceResource - [helmcont] Desired Platform services (3 services)
2025-01-28 20:43:43,292 INFO c.h.h.t.HelmChartContainer - [hivemq-test-hivemq-platform] [hivemq-platform-operator] [13a66c66] 20:43:43.291 [pool-6-thread-31] DEBUG c.h.p.o.dependants.PodInfoConfigMap - [helmcont] Desired PodInfo ConfigMap (1 extensions) (1 enabled)
2025-01-28 20:43:43,292 INFO c.h.h.t.HelmChartContainer - [hivemq-test-hivemq-platform] [hivemq-platform-operator] [13a66c66] 20:43:43.291 [pool-6-thread-31] DEBUG c.h.p.o.dependants.PodInfoConfigMap - [helmcont] Desired PodInfo ConfigMap (metrics port: 9399) (metrics path: /)
2025-01-28 20:43:43,292 INFO c.h.h.t.HelmChartContainer - [hivemq-test-hivemq-platform] [hivemq-platform-operator] [13a66c66] 20:43:43.291 [pool-6-thread-31] DEBUG c.h.p.o.dependants.PodInfoConfigMap - [helmcont] Desired PodInfo ConfigMap (extension state hash: -1817474005)
2025-01-28 20:43:43,292 INFO c.h.h.t.HelmChartContainer - [hivemq-test-hivemq-platform] [hivemq-platform-operator] [13a66c66] 20:43:43.291 [pool-6-thread-33] DEBUG c.h.p.o.d.PodServiceAccountResource - [helmcont] Desired PodServiceAccountResource (serviceAccountName: hivemq-platform-pod-test-hivemq-platform)
2025-01-28 20:43:43,353 INFO c.h.h.t.HelmChartContainer - [hivemq-test-hivemq-platform] [hivemq-platform-operator] [13a66c66] 20:43:43.351 [pool-6-thread-31] DEBUG c.h.p.o.dependants.PodInfoConfigMap - [helmcont] Update PodInfo ConfigMap
2025-01-28 20:43:43,360 INFO c.h.h.t.HelmChartContainer - [hivemq-test-hivemq-platform] [hivemq-platform-operator] [13a66c66] 20:43:43.359 [pool-6-thread-31] DEBUG c.h.p.o.d.StatefulSetResource - [helmcont] Desired StatefulSet (1 replicas) for status ROLLING_RESTART (SCALE_DOWN_IN_PROGRESS)
2025-01-28 20:43:43,362 INFO c.h.h.t.HelmChartContainer - [hivemq-test-hivemq-platform] [hivemq-platform-operator] [13a66c66] 20:43:43.361 [pool-6-thread-31] DEBUG c.h.p.o.d.StatefulSetResource - [helmcont] Update StatefulSet (replicas: 2 -> 1)
2025-01-28 20:43:43,387 INFO c.h.h.t.HelmChartContainer - [POD] test-hivemq-platform-1 [918b2933-cb4b-4122-a005-1e5c0ac84200] in helmcontainersecuritycontextupgradeplatformit was MODIFIED
2025-01-28 20:43:43,392 INFO c.h.h.t.HelmChartContainer - [EVENT] Normal [Killing] Stopping container hivemq [helmcontainersecuritycontextupgradeplatformit:test-hivemq-platform-1]
2025-01-28 20:43:43,393 INFO c.h.h.t.HelmChartContainer - Received Killing event for container hivemq in pod test-hivemq-platform-1 [918b2933-cb4b-4122-a005-1e5c0ac84200]
2025-01-28 20:43:43,393 INFO c.h.h.t.HelmChartContainer - Container [test-hivemq-platform-1] [hivemq] [918b2933-cb4b-4122-a005-1e5c0ac84200] was terminated
2025-01-28 20:43:43,393 INFO c.h.h.t.HelmChartContainer - Stopped log watcher for hivemq in pod test-hivemq-platform-1 [918b2933-cb4b-4122-a005-1e5c0ac84200]
2025-01-28 20:43:43,393 INFO c.h.h.t.HelmChartContainer - [EVENT] Normal [SuccessfulDelete] delete Pod test-hivemq-platform-1 in StatefulSet test-hivemq-platform successful [helmcontainersecuritycontextupgradeplatformit:test-hivemq-platform]
2025-01-28 20:43:43,404 INFO c.h.h.t.HelmChartContainer - [test-hivemq-platform] [hivemq] [918b2933] INFO  - [HiveMQ Platform Operator Init App 1.7.0-SNAPSHOT] Shutting down
2025-01-28 20:43:43,404 INFO c.h.h.t.HelmChartContainer - [test-hivemq-platform] [hivemq] [918b2933] INFO  - [HiveMQ Platform Operator Init App 1.7.0-SNAPSHOT] Stopping the HiveMQ Platform
2025-01-28 20:43:43,453 INFO c.h.h.t.HelmChartContainer - [hivemq-test-hivemq-platform] [hivemq-platform-operator] [13a66c66] 20:43:43.452 [ReconcilerExecutor-hivemq-controller-143] INFO  c.h.p.o.HiveMQPlatformReconciler - [helmcont] Reconciling HiveMQ Platform 'test-hivemq-platform' in namespace 'helmcontainersecuritycontextupgradeplatformit'
2025-01-28 20:43:43,454 INFO c.h.h.t.HelmChartContainer - [hivemq-test-hivemq-platform] [hivemq-platform-operator] [13a66c66] 20:43:43.452 [ReconcilerExecutor-hivemq-controller-143] DEBUG c.h.p.o.HiveMQPlatformReconciler - [helmcont] Custom Resource Status ROLLING_RESTART - HiveMQ Platform is stopping the surge Pod (rolling restart) (SCALE_DOWN_IN_PROGRESS)
2025-01-28 20:43:43,454 INFO c.h.h.t.HelmChartContainer - [hivemq-test-hivemq-platform] [hivemq-platform-operator] [13a66c66] 20:43:43.452 [ReconcilerExecutor-hivemq-controller-143] DEBUG c.h.p.o.HiveMQPlatformReconciler - [helmcont] Custom Resource Spec (replicas: 1) (extensions: 1)
2025-01-28 20:43:43,455 INFO c.h.h.t.HelmChartContainer - [hivemq-test-hivemq-platform] [hivemq-platform-operator] [13a66c66] 20:43:43.453 [ReconcilerExecutor-hivemq-controller-143] DEBUG c.h.p.o.HiveMQPlatformReconciler - [helmcont] StatefulSet Status (revision: test-hivemq-platform-579f489c45, replicas: 2, available: 2, ready: 2, current: 0, updated: 2)
2025-01-28 20:43:43,455 INFO c.h.h.t.HelmChartContainer - [hivemq-test-hivemq-platform] [hivemq-platform-operator] [13a66c66] 20:43:43.453 [ReconcilerExecutor-hivemq-controller-143] DEBUG c.h.p.o.HiveMQPlatformReconciler - [helmcont] StatefulSet Spec (replicas: 1, init containers: 1, containers: 1, volumes: 3)
2025-01-28 20:43:43,455 INFO c.h.h.t.HelmChartContainer - [hivemq-test-hivemq-platform] [hivemq-platform-operator] [13a66c66] 20:43:43.454 [ReconcilerExecutor-hivemq-controller-143] DEBUG c.h.p.o.h.HiveMQPlatformReconcilerErrorHandler - [helmcont] Pod 'test-hivemq-platform-0' phase Running
2025-01-28 20:43:43,455 INFO c.h.h.t.HelmChartContainer - [hivemq-test-hivemq-platform] [hivemq-platform-operator] [13a66c66] 20:43:43.454 [ReconcilerExecutor-hivemq-controller-143] DEBUG c.h.p.o.h.HiveMQPlatformReconcilerRollingRestartHandler - [helmcont] Rolling restart is waiting for 2 of 1 replicas
2025-01-28 20:43:43,459 INFO c.h.h.t.HelmChartContainer - [hivemq-test-hivemq-platform] [hivemq-platform-operator] [13a66c66] 20:43:43.457 [pool-6-thread-50] DEBUG c.h.p.o.d.PlatformServiceResource - [helmcont] Desired Platform services (3 services)
2025-01-28 20:43:43,459 INFO c.h.h.t.HelmChartContainer - [hivemq-test-hivemq-platform] [hivemq-platform-operator] [13a66c66] 20:43:43.457 [pool-6-thread-48] DEBUG c.h.p.o.dependants.PodInfoConfigMap - [helmcont] Desired PodInfo ConfigMap (1 extensions) (1 enabled)
2025-01-28 20:43:43,459 INFO c.h.h.t.HelmChartContainer - [hivemq-test-hivemq-platform] [hivemq-platform-operator] [13a66c66] 20:43:43.457 [pool-6-thread-48] DEBUG c.h.p.o.dependants.PodInfoConfigMap - [helmcont] Desired PodInfo ConfigMap (metrics port: 9399) (metrics path: /)
2025-01-28 20:43:43,459 INFO c.h.h.t.HelmChartContainer - [hivemq-test-hivemq-platform] [hivemq-platform-operator] [13a66c66] 20:43:43.457 [pool-6-thread-48] DEBUG c.h.p.o.dependants.PodInfoConfigMap - [helmcont] Desired PodInfo ConfigMap (extension state hash: -1817474005)
2025-01-28 20:43:43,459 INFO c.h.h.t.HelmChartContainer - [hivemq-test-hivemq-platform] [hivemq-platform-operator] [13a66c66] 20:43:43.458 [pool-6-thread-41] DEBUG c.h.p.o.d.PodServiceAccountResource - [helmcont] Desired PodServiceAccountResource (serviceAccountName: hivemq-platform-pod-test-hivemq-platform)
2025-01-28 20:43:43,465 INFO c.h.h.t.HelmChartContainer - [hivemq-test-hivemq-platform] [hivemq-platform-operator] [13a66c66] 20:43:43.462 [pool-6-thread-46] DEBUG c.h.p.o.d.StatefulSetResource - [helmcont] Desired StatefulSet (1 replicas) for status ROLLING_RESTART (SCALE_DOWN_IN_PROGRESS)
2025-01-28 20:43:43,469 INFO c.h.h.t.HelmChartContainer - [hivemq-test-hivemq-platform] [hivemq-platform-operator] [13a66c66] 20:43:43.466 [ReconcilerExecutor-hivemq-controller-144] INFO  c.h.p.o.HiveMQPlatformReconciler - [helmcont] Reconciling HiveMQ Platform 'test-hivemq-platform' in namespace 'helmcontainersecuritycontextupgradeplatformit'
2025-01-28 20:43:43,470 INFO c.h.h.t.HelmChartContainer - [hivemq-test-hivemq-platform] [hivemq-platform-operator] [13a66c66] 20:43:43.467 [ReconcilerExecutor-hivemq-controller-144] DEBUG c.h.p.o.HiveMQPlatformReconciler - [helmcont] Custom Resource Status ROLLING_RESTART - HiveMQ Platform is stopping the surge Pod (rolling restart) (SCALE_DOWN_IN_PROGRESS)
2025-01-28 20:43:43,470 INFO c.h.h.t.HelmChartContainer - [hivemq-test-hivemq-platform] [hivemq-platform-operator] [13a66c66] 20:43:43.467 [ReconcilerExecutor-hivemq-controller-144] DEBUG c.h.p.o.HiveMQPlatformReconciler - [helmcont] Custom Resource Spec (replicas: 1) (extensions: 1)
2025-01-28 20:43:43,470 INFO c.h.h.t.HelmChartContainer - [hivemq-test-hivemq-platform] [hivemq-platform-operator] [13a66c66] 20:43:43.468 [ReconcilerExecutor-hivemq-controller-144] DEBUG c.h.p.o.HiveMQPlatformReconciler - [helmcont] StatefulSet Status (revision: test-hivemq-platform-579f489c45, replicas: 2, available: 2, ready: 2, current: 0, updated: 1)
2025-01-28 20:43:43,470 INFO c.h.h.t.HelmChartContainer - [hivemq-test-hivemq-platform] [hivemq-platform-operator] [13a66c66] 20:43:43.468 [ReconcilerExecutor-hivemq-controller-144] DEBUG c.h.p.o.HiveMQPlatformReconciler - [helmcont] StatefulSet Spec (replicas: 1, init containers: 1, containers: 1, volumes: 3)
2025-01-28 20:43:43,472 INFO c.h.h.t.HelmChartContainer - [hivemq-test-hivemq-platform] [hivemq-platform-operator] [13a66c66] 20:43:43.471 [ReconcilerExecutor-hivemq-controller-144] DEBUG c.h.p.o.h.HiveMQPlatformReconcilerErrorHandler - [helmcont] Pod 'test-hivemq-platform-0' phase Running
2025-01-28 20:43:43,474 INFO c.h.h.t.HelmChartContainer - [hivemq-test-hivemq-platform] [hivemq-platform-operator] [13a66c66] 20:43:43.472 [ReconcilerExecutor-hivemq-controller-144] DEBUG c.h.p.o.h.HiveMQPlatformReconcilerRollingRestartHandler - [helmcont] Rolling restart is waiting for 2 of 1 replicas
2025-01-28 20:43:43,554 INFO c.h.h.t.HelmChartContainer - [hivemq-test-hivemq-platform] [hivemq-platform-operator] [13a66c66] 20:43:43.551 [pool-6-thread-1] DEBUG c.h.p.o.d.PlatformServiceResource - [helmcont] Desired Platform services (3 services)
2025-01-28 20:43:43,555 INFO c.h.h.t.HelmChartContainer - [hivemq-test-hivemq-platform] [hivemq-platform-operator] [13a66c66] 20:43:43.552 [pool-6-thread-6] DEBUG c.h.p.o.dependants.PodInfoConfigMap - [helmcont] Desired PodInfo ConfigMap (1 extensions) (1 enabled)
2025-01-28 20:43:43,556 INFO c.h.h.t.HelmChartContainer - [hivemq-test-hivemq-platform] [hivemq-platform-operator] [13a66c66] 20:43:43.552 [pool-6-thread-6] DEBUG c.h.p.o.dependants.PodInfoConfigMap - [helmcont] Desired PodInfo ConfigMap (metrics port: 9399) (metrics path: /)
2025-01-28 20:43:43,556 INFO c.h.h.t.HelmChartContainer - [hivemq-test-hivemq-platform] [hivemq-platform-operator] [13a66c66] 20:43:43.552 [pool-6-thread-6] DEBUG c.h.p.o.dependants.PodInfoConfigMap - [helmcont] Desired PodInfo ConfigMap (extension state hash: -1817474005)
2025-01-28 20:43:43,556 INFO c.h.h.t.HelmChartContainer - [hivemq-test-hivemq-platform] [hivemq-platform-operator] [13a66c66] 20:43:43.553 [pool-6-thread-6] DEBUG c.h.p.o.d.PodServiceAccountResource - [helmcont] Desired PodServiceAccountResource (serviceAccountName: hivemq-platform-pod-test-hivemq-platform)
2025-01-28 20:43:43,557 INFO c.h.h.t.HelmChartContainer - [hivemq-test-hivemq-platform] [hivemq-platform-operator] [13a66c66] 20:43:43.556 [pool-6-thread-1] DEBUG c.h.p.o.d.StatefulSetResource - [helmcont] Desired StatefulSet (1 replicas) for status ROLLING_RESTART (SCALE_DOWN_IN_PROGRESS)
2025-01-28 20:43:43,562 INFO c.h.h.t.HelmChartContainer - [hivemq-test-hivemq-platform] [hivemq-platform-operator] [13a66c66] 20:43:43.561 [ReconcilerExecutor-hivemq-controller-145] INFO  c.h.p.o.HiveMQPlatformReconciler - [helmcont] Reconciling HiveMQ Platform 'test-hivemq-platform' in namespace 'helmcontainersecuritycontextupgradeplatformit'
2025-01-28 20:43:43,562 INFO c.h.h.t.HelmChartContainer - [hivemq-test-hivemq-platform] [hivemq-platform-operator] [13a66c66] 20:43:43.561 [ReconcilerExecutor-hivemq-controller-145] DEBUG c.h.p.o.HiveMQPlatformReconciler - [helmcont] Custom Resource Status ROLLING_RESTART - HiveMQ Platform is stopping the surge Pod (rolling restart) (SCALE_DOWN_IN_PROGRESS)
2025-01-28 20:43:43,564 INFO c.h.h.t.HelmChartContainer - [hivemq-test-hivemq-platform] [hivemq-platform-operator] [13a66c66] 20:43:43.561 [ReconcilerExecutor-hivemq-controller-145] DEBUG c.h.p.o.HiveMQPlatformReconciler - [helmcont] Custom Resource Spec (replicas: 1) (extensions: 1)
2025-01-28 20:43:43,566 INFO c.h.h.t.HelmChartContainer - [hivemq-test-hivemq-platform] [hivemq-platform-operator] [13a66c66] 20:43:43.565 [ReconcilerExecutor-hivemq-controller-145] DEBUG c.h.p.o.HiveMQPlatformReconciler - [helmcont] StatefulSet Status (revision: test-hivemq-platform-579f489c45, replicas: 2, available: 2, ready: 2, current: 0, updated: 1)
2025-01-28 20:43:43,567 INFO c.h.h.t.HelmChartContainer - [hivemq-test-hivemq-platform] [hivemq-platform-operator] [13a66c66] 20:43:43.566 [ReconcilerExecutor-hivemq-controller-145] DEBUG c.h.p.o.HiveMQPlatformReconciler - [helmcont] StatefulSet Spec (replicas: 1, init containers: 1, containers: 1, volumes: 3)
2025-01-28 20:43:43,569 INFO c.h.h.t.HelmChartContainer - [hivemq-test-hivemq-platform] [hivemq-platform-operator] [13a66c66] 20:43:43.569 [ReconcilerExecutor-hivemq-controller-145] DEBUG c.h.p.o.h.HiveMQPlatformReconcilerErrorHandler - [helmcont] Pod 'test-hivemq-platform-0' phase Running
2025-01-28 20:43:43,570 INFO c.h.h.t.HelmChartContainer - [hivemq-test-hivemq-platform] [hivemq-platform-operator] [13a66c66] 20:43:43.570 [ReconcilerExecutor-hivemq-controller-145] DEBUG c.h.p.o.h.HiveMQPlatformReconcilerRollingRestartHandler - [helmcont] Rolling restart is waiting for 2 of 1 replicas
2025-01-28 20:43:43,576 INFO c.h.h.t.HelmChartContainer - [test-hivemq-platform] [hivemq] [918b2933] INFO  - Shutting down HiveMQ. Please wait, this could take a while...
2025-01-28 20:43:43,580 INFO c.h.h.t.HelmChartContainer - [test-hivemq-platform] [hivemq] [918b2933] INFO  - Shutting down listeners and clients
2025-01-28 20:43:43,581 INFO c.h.h.t.HelmChartContainer - [test-hivemq-platform] [hivemq] [918b2933] INFO  - Shutdown of listeners is done
2025-01-28 20:43:43,581 INFO c.h.h.t.HelmChartContainer - [test-hivemq-platform] [hivemq] [918b2933] INFO  - No clients are connected, proceeding with shutdown
2025-01-28 20:43:45,878 INFO c.h.h.t.HelmChartContainer - [test-hivemq-platform] [hivemq] [918b2933] INFO  - Shutting down extension system
2025-01-28 20:43:45,884 INFO c.h.h.t.HelmChartContainer - [test-hivemq-platform] [hivemq] [918b2933] INFO  - Stopping extension with id hivemq-dns-cluster-discovery
2025-01-28 20:43:45,885 INFO c.h.h.t.HelmChartContainer - [test-hivemq-platform] [hivemq] [918b2933] INFO  - Extension "DNS Cluster Discovery Extension" version 4.3.2 stopped successfully.
2025-01-28 20:43:45,885 INFO c.h.h.t.HelmChartContainer - [test-hivemq-platform] [hivemq] [918b2933] INFO  - Stopping extension with id hivemq-prometheus-extension
2025-01-28 20:43:45,889 INFO c.h.h.t.HelmChartContainer - [test-hivemq-platform] [hivemq] [918b2933] INFO  - Extension "Prometheus Monitoring Extension" version 4.0.12 stopped successfully.
2025-01-28 20:43:45,890 INFO c.h.h.t.HelmChartContainer - [test-hivemq-platform] [hivemq] [918b2933] INFO  - Stopping extension with id hivemq-allow-all-extension
2025-01-28 20:43:45,891 INFO c.h.h.t.HelmChartContainer - [test-hivemq-platform] [hivemq] [918b2933] INFO  - Extension "Allow All Extension" version 1.1.1 stopped successfully.
2025-01-28 20:43:45,897 INFO c.h.h.t.HelmChartContainer - [test-hivemq-platform] [hivemq] [87c810f9] INFO  - Cluster nodes found by discovery: [6BIqz|4] (1) [6BIqz].
2025-01-28 20:43:45,904 INFO c.h.h.t.HelmChartContainer - [test-hivemq-platform] [hivemq] [87c810f9] INFO  - Cluster size = 1, members : [6BIqz].
2025-01-28 20:43:46,988 INFO c.h.h.t.HelmChartContainer - [test-hivemq-platform] [hivemq] [918b2933] INFO  - [HiveMQ Platform Operator Init App 1.7.0-SNAPSHOT] Returning shutdown Health API response 503 for readiness
2025-01-28 20:43:46,992 INFO c.h.h.t.HelmChartContainer - [EVENT] Warning [Unhealthy] Readiness probe failed: HTTP probe failed with statuscode: 503 [helmcontainersecuritycontextupgradeplatformit:test-hivemq-platform-1]
2025-01-28 20:43:46,992 INFO c.h.h.t.HelmChartContainer - Received Unhealthy event for container hivemq in pod test-hivemq-platform-1 [918b2933-cb4b-4122-a005-1e5c0ac84200]
2025-01-28 20:43:48,176 INFO c.h.h.t.HelmChartContainer - [test-hivemq-platform] [hivemq] [918b2933] INFO  - Shutdown completed.
2025-01-28 20:43:48,525 INFO c.h.h.t.HelmChartContainer - [test-hivemq-platform] [hivemq] [918b2933] INFO  - [HiveMQ Platform Operator Init App 1.7.0-SNAPSHOT] The HiveMQ Platform exited with code 143
2025-01-28 20:43:48,525 INFO c.h.h.t.HelmChartContainer - [test-hivemq-platform] [hivemq] [918b2933] INFO  - [HiveMQ Platform Operator Init App 1.7.0-SNAPSHOT] Stopping the REST API
2025-01-28 20:43:48,563 INFO c.h.h.t.HelmChartContainer - [test-hivemq-platform] [hivemq] [918b2933] INFO  - [HiveMQ Platform Operator Init App 1.7.0-SNAPSHOT] Shutdown complete
2025-01-28 20:43:49,062 INFO c.h.h.t.HelmChartContainer - [POD] test-hivemq-platform-1 [918b2933-cb4b-4122-a005-1e5c0ac84200] in helmcontainersecuritycontextupgradeplatformit was MODIFIED
2025-01-28 20:43:49,078 INFO c.h.h.t.HelmChartContainer - [hivemq-test-hivemq-platform] [hivemq-platform-operator] [13a66c66] 20:43:49.068 [pool-6-thread-16] DEBUG c.h.p.o.d.PlatformServiceResource - [helmcont] Desired Platform services (3 services)
2025-01-28 20:43:49,078 INFO c.h.h.t.HelmChartContainer - [hivemq-test-hivemq-platform] [hivemq-platform-operator] [13a66c66] 20:43:49.071 [pool-6-thread-14] DEBUG c.h.p.o.dependants.PodInfoConfigMap - [helmcont] Desired PodInfo ConfigMap (1 extensions) (1 enabled)
2025-01-28 20:43:49,078 INFO c.h.h.t.HelmChartContainer - [hivemq-test-hivemq-platform] [hivemq-platform-operator] [13a66c66] 20:43:49.073 [pool-6-thread-14] DEBUG c.h.p.o.dependants.PodInfoConfigMap - [helmcont] Desired PodInfo ConfigMap (metrics port: 9399) (metrics path: /)
2025-01-28 20:43:49,078 INFO c.h.h.t.HelmChartContainer - [hivemq-test-hivemq-platform] [hivemq-platform-operator] [13a66c66] 20:43:49.073 [pool-6-thread-14] DEBUG c.h.p.o.dependants.PodInfoConfigMap - [helmcont] Desired PodInfo ConfigMap (extension state hash: -1817474005)
2025-01-28 20:43:49,079 INFO c.h.h.t.HelmChartContainer - [hivemq-test-hivemq-platform] [hivemq-platform-operator] [13a66c66] 20:43:49.076 [pool-6-thread-18] DEBUG c.h.p.o.d.PodServiceAccountResource - [helmcont] Desired PodServiceAccountResource (serviceAccountName: hivemq-platform-pod-test-hivemq-platform)
2025-01-28 20:43:49,083 INFO c.h.h.t.HelmChartContainer - [hivemq-test-hivemq-platform] [hivemq-platform-operator] [13a66c66] 20:43:49.082 [pool-6-thread-14] DEBUG c.h.p.o.d.StatefulSetResource - [helmcont] Desired StatefulSet (1 replicas) for status ROLLING_RESTART (SCALE_DOWN_IN_PROGRESS)
2025-01-28 20:43:49,086 INFO c.h.h.t.HelmChartContainer - [hivemq-test-hivemq-platform] [hivemq-platform-operator] [13a66c66] 20:43:49.085 [ReconcilerExecutor-hivemq-controller-146] INFO  c.h.p.o.HiveMQPlatformReconciler - [helmcont] Reconciling HiveMQ Platform 'test-hivemq-platform' in namespace 'helmcontainersecuritycontextupgradeplatformit'
2025-01-28 20:43:49,086 INFO c.h.h.t.HelmChartContainer - [hivemq-test-hivemq-platform] [hivemq-platform-operator] [13a66c66] 20:43:49.085 [ReconcilerExecutor-hivemq-controller-146] DEBUG c.h.p.o.HiveMQPlatformReconciler - [helmcont] Custom Resource Status ROLLING_RESTART - HiveMQ Platform is stopping the surge Pod (rolling restart) (SCALE_DOWN_IN_PROGRESS)
2025-01-28 20:43:49,086 INFO c.h.h.t.HelmChartContainer - [hivemq-test-hivemq-platform] [hivemq-platform-operator] [13a66c66] 20:43:49.085 [ReconcilerExecutor-hivemq-controller-146] DEBUG c.h.p.o.HiveMQPlatformReconciler - [helmcont] Custom Resource Spec (replicas: 1) (extensions: 1)
2025-01-28 20:43:49,089 INFO c.h.h.t.HelmChartContainer - [hivemq-test-hivemq-platform] [hivemq-platform-operator] [13a66c66] 20:43:49.086 [ReconcilerExecutor-hivemq-controller-146] DEBUG c.h.p.o.HiveMQPlatformReconciler - [helmcont] StatefulSet Status (revision: test-hivemq-platform-579f489c45, replicas: 2, available: 1, ready: 1, current: 0, updated: 1)
2025-01-28 20:43:49,090 INFO c.h.h.t.HelmChartContainer - [hivemq-test-hivemq-platform] [hivemq-platform-operator] [13a66c66] 20:43:49.087 [ReconcilerExecutor-hivemq-controller-146] DEBUG c.h.p.o.HiveMQPlatformReconciler - [helmcont] StatefulSet Spec (replicas: 1, init containers: 1, containers: 1, volumes: 3)
2025-01-28 20:43:49,091 INFO c.h.h.t.HelmChartContainer - [hivemq-test-hivemq-platform] [hivemq-platform-operator] [13a66c66] 20:43:49.090 [ReconcilerExecutor-hivemq-controller-146] DEBUG c.h.p.o.h.HiveMQPlatformReconcilerErrorHandler - [helmcont] Pod 'test-hivemq-platform-0' phase Running
2025-01-28 20:43:49,092 INFO c.h.h.t.HelmChartContainer - [hivemq-test-hivemq-platform] [hivemq-platform-operator] [13a66c66] 20:43:49.090 [ReconcilerExecutor-hivemq-controller-146] INFO  c.h.p.o.h.HiveMQPlatformReconcilerRollingRestartHandler - [helmcont] Rolling restart is done
2025-01-28 20:43:49,158 INFO c.h.h.t.HelmChartContainer - [K3S] [reconciler_common.go:162] "operationExecutor.UnmountVolume started for volume \"pod-info\" (UniqueName: \"kubernetes.io/configmap/918b2933-cb4b-4122-a005-1e5c0ac84200-pod-info\") pod \"918b2933-cb4b-4122-a005-1e5c0ac84200\" (UID: \"918b2933-cb4b-4122-a005-1e5c0ac84200\") "
2025-01-28 20:43:49,159 INFO c.h.h.t.HelmChartContainer - [K3S] [reconciler_common.go:162] "operationExecutor.UnmountVolume started for volume \"operator-init\" (UniqueName: \"kubernetes.io/empty-dir/918b2933-cb4b-4122-a005-1e5c0ac84200-operator-init\") pod \"918b2933-cb4b-4122-a005-1e5c0ac84200\" (UID: \"918b2933-cb4b-4122-a005-1e5c0ac84200\") "
2025-01-28 20:43:49,159 INFO c.h.h.t.HelmChartContainer - [K3S] [reconciler_common.go:162] "operationExecutor.UnmountVolume started for volume \"broker-configuration\" (UniqueName: \"kubernetes.io/configmap/918b2933-cb4b-4122-a005-1e5c0ac84200-broker-configuration\") pod \"918b2933-cb4b-4122-a005-1e5c0ac84200\" (UID: \"918b2933-cb4b-4122-a005-1e5c0ac84200\") "
2025-01-28 20:43:49,159 INFO c.h.h.t.HelmChartContainer - [K3S] [reconciler_common.go:162] "operationExecutor.UnmountVolume started for volume \"kube-api-access-qx97x\" (UniqueName: \"kubernetes.io/projected/918b2933-cb4b-4122-a005-1e5c0ac84200-kube-api-access-qx97x\") pod \"918b2933-cb4b-4122-a005-1e5c0ac84200\" (UID: \"918b2933-cb4b-4122-a005-1e5c0ac84200\") "
2025-01-28 20:43:49,160 INFO c.h.h.t.HelmChartContainer - [EVENT] Normal [Ready] HiveMQ Platform is ready [helmcontainersecuritycontextupgradeplatformit:test-hivemq-platform]
2025-01-28 20:43:49,161 INFO c.h.h.t.HelmChartContainer - [hivemq-test-hivemq-platform] [hivemq-platform-operator] [13a66c66] 20:43:49.160 [ReconcilerExecutor-hivemq-controller-146] DEBUG c.h.p.operator.event.EventSender - [helmcont] Updating K8s event hivemq-platform-ready: [Ready] HiveMQ Platform is ready
2025-01-28 20:43:49,162 INFO c.h.h.t.HelmChartContainer - [hivemq-test-hivemq-platform] [hivemq-platform-operator] [13a66c66] 20:43:49.160 [ReconcilerExecutor-hivemq-controller-146] INFO  c.h.p.o.h.AbstractHiveMQReconcilerStateHandler - [helmcont] Update HiveMQ Platform Status (ROLLING_RESTART [SCALE_DOWN_IN_PROGRESS] -> RUNNING [READY]): HiveMQ Platform is ready
2025-01-28 20:43:49,170 DEBUG com.hivemq.helmcharts.util.K8sUtil - Comparing actual state 'RUNNING' and waiting for 'RUNNING'
2025-01-28 20:43:49,175 INFO c.h.h.t.HelmChartContainer - [hivemq-test-hivemq-platform] [hivemq-platform-operator] [13a66c66] 20:43:49.173 [pool-6-thread-23] DEBUG c.h.p.o.d.PlatformServiceResource - [helmcont] Desired Platform services (3 services)
2025-01-28 20:43:49,175 INFO c.h.h.t.HelmChartContainer - Uninstalling release 'test-hivemq-platform' in namespace 'helmcontainersecuritycontextupgradeplatformit'...
2025-01-28 20:43:49,175 DEBUG c.h.h.t.HelmChartContainer - Executing helm command: /bin/helm --kubeconfig /etc/rancher/k3s/k3s.yaml uninstall test-hivemq-platform  --wait --timeout 5m0s --cascade foreground --namespace helmcontainersecuritycontextupgradeplatformit
2025-01-28 20:43:49,178 INFO c.h.h.t.HelmChartContainer - [hivemq-test-hivemq-platform] [hivemq-platform-operator] [13a66c66] 20:43:49.177 [pool-6-thread-29] DEBUG c.h.p.o.dependants.PodInfoConfigMap - [helmcont] Desired PodInfo ConfigMap (1 extensions) (1 enabled)
2025-01-28 20:43:49,178 INFO c.h.h.t.HelmChartContainer - [hivemq-test-hivemq-platform] [hivemq-platform-operator] [13a66c66] 20:43:49.177 [pool-6-thread-29] DEBUG c.h.p.o.dependants.PodInfoConfigMap - [helmcont] Desired PodInfo ConfigMap (metrics port: 9399) (metrics path: /)
2025-01-28 20:43:49,178 INFO c.h.h.t.HelmChartContainer - [hivemq-test-hivemq-platform] [hivemq-platform-operator] [13a66c66] 20:43:49.177 [pool-6-thread-29] DEBUG c.h.p.o.dependants.PodInfoConfigMap - [helmcont] Desired PodInfo ConfigMap (extension state hash: -1817474005)
2025-01-28 20:43:49,179 INFO c.h.h.t.HelmChartContainer - [hivemq-test-hivemq-platform] [hivemq-platform-operator] [13a66c66] 20:43:49.178 [pool-6-thread-29] DEBUG c.h.p.o.dependants.PodInfoConfigMap - [helmcont] Update PodInfo ConfigMap
2025-01-28 20:43:49,258 INFO c.h.h.t.HelmChartContainer - [hivemq-test-hivemq-platform] [hivemq-platform-operator] [13a66c66] 20:43:49.253 [pool-6-thread-22] DEBUG c.h.p.o.d.PodServiceAccountResource - [helmcont] Desired PodServiceAccountResource (serviceAccountName: hivemq-platform-pod-test-hivemq-platform)
2025-01-28 20:43:49,258 INFO c.h.h.t.HelmChartContainer - [K3S] [reconciler_common.go:299] "Volume detached for volume \"broker-configuration\" (UniqueName: \"kubernetes.io/configmap/918b2933-cb4b-4122-a005-1e5c0ac84200-broker-configuration\") on node \"a4d7440200d1\" DevicePath \"\""
2025-01-28 20:43:49,259 INFO c.h.h.t.HelmChartContainer - [K3S] [reconciler_common.go:299] "Volume detached for volume \"kube-api-access-qx97x\" (UniqueName: \"kubernetes.io/projected/918b2933-cb4b-4122-a005-1e5c0ac84200-kube-api-access-qx97x\") on node \"a4d7440200d1\" DevicePath \"\""
2025-01-28 20:43:49,259 INFO c.h.h.t.HelmChartContainer - [K3S] [reconciler_common.go:299] "Volume detached for volume \"pod-info\" (UniqueName: \"kubernetes.io/configmap/918b2933-cb4b-4122-a005-1e5c0ac84200-pod-info\") on node \"a4d7440200d1\" DevicePath \"\""
2025-01-28 20:43:49,259 INFO c.h.h.t.HelmChartContainer - [K3S] [reconciler_common.go:299] "Volume detached for volume \"operator-init\" (UniqueName: \"kubernetes.io/empty-dir/918b2933-cb4b-4122-a005-1e5c0ac84200-operator-init\") on node \"a4d7440200d1\" DevicePath \"\""
2025-01-28 20:43:49,262 INFO c.h.h.t.HelmChartContainer - [hivemq-test-hivemq-platform] [hivemq-platform-operator] [13a66c66] 20:43:49.259 [pool-6-thread-29] DEBUG c.h.p.o.d.StatefulSetResource - [helmcont] Desired StatefulSet (1 replicas) for status RUNNING (READY)
2025-01-28 20:43:49,263 INFO c.h.h.t.HelmChartContainer - [hivemq-test-hivemq-platform] [hivemq-platform-operator] [13a66c66] 20:43:49.262 [ReconcilerExecutor-hivemq-controller-147] INFO  c.h.p.o.HiveMQPlatformReconciler - [helmcont] Reconciling HiveMQ Platform 'test-hivemq-platform' in namespace 'helmcontainersecuritycontextupgradeplatformit'
2025-01-28 20:43:49,263 INFO c.h.h.t.HelmChartContainer - [hivemq-test-hivemq-platform] [hivemq-platform-operator] [13a66c66] 20:43:49.262 [ReconcilerExecutor-hivemq-controller-147] DEBUG c.h.p.o.HiveMQPlatformReconciler - [helmcont] Custom Resource Status RUNNING - HiveMQ Platform is ready (READY)
2025-01-28 20:43:49,263 INFO c.h.h.t.HelmChartContainer - [hivemq-test-hivemq-platform] [hivemq-platform-operator] [13a66c66] 20:43:49.262 [ReconcilerExecutor-hivemq-controller-147] DEBUG c.h.p.o.HiveMQPlatformReconciler - [helmcont] Custom Resource Spec (replicas: 1) (extensions: 1)
2025-01-28 20:43:49,268 INFO c.h.h.t.HelmChartContainer - [hivemq-test-hivemq-platform] [hivemq-platform-operator] [13a66c66] 20:43:49.264 [ReconcilerExecutor-hivemq-controller-147] DEBUG c.h.p.o.HiveMQPlatformReconciler - [helmcont] StatefulSet Status (revision: test-hivemq-platform-579f489c45, replicas: 2, available: 1, ready: 1, current: 0, updated: 1)
2025-01-28 20:43:49,268 INFO c.h.h.t.HelmChartContainer - [hivemq-test-hivemq-platform] [hivemq-platform-operator] [13a66c66] 20:43:49.264 [ReconcilerExecutor-hivemq-controller-147] DEBUG c.h.p.o.HiveMQPlatformReconciler - [helmcont] StatefulSet Spec (replicas: 1, init containers: 1, containers: 1, volumes: 3)
2025-01-28 20:43:49,268 INFO c.h.h.t.HelmChartContainer - [hivemq-test-hivemq-platform] [hivemq-platform-operator] [13a66c66] 20:43:49.265 [ReconcilerExecutor-hivemq-controller-147] DEBUG c.h.p.o.h.HiveMQPlatformReconcilerErrorHandler - [helmcont] Pod 'test-hivemq-platform-0' phase Running
2025-01-28 20:43:49,411 INFO c.h.h.t.HelmChartContainer - [hivemq-test-hivemq-platform] [hivemq-platform-operator] [13a66c66] 20:43:49.408 [pool-6-thread-33] DEBUG c.h.p.o.d.PlatformServiceResource - [helmcont] Desired Platform services (3 services)
2025-01-28 20:43:49,411 INFO c.h.h.t.HelmChartContainer - [hivemq-test-hivemq-platform] [hivemq-platform-operator] [13a66c66] 20:43:49.409 [pool-6-thread-34] DEBUG c.h.p.o.dependants.PodInfoConfigMap - [helmcont] Desired PodInfo ConfigMap (1 extensions) (1 enabled)
2025-01-28 20:43:49,411 INFO c.h.h.t.HelmChartContainer - [hivemq-test-hivemq-platform] [hivemq-platform-operator] [13a66c66] 20:43:49.409 [pool-6-thread-34] DEBUG c.h.p.o.dependants.PodInfoConfigMap - [helmcont] Desired PodInfo ConfigMap (metrics port: 9399) (metrics path: /)
2025-01-28 20:43:49,411 INFO c.h.h.t.HelmChartContainer - [hivemq-test-hivemq-platform] [hivemq-platform-operator] [13a66c66] 20:43:49.409 [pool-6-thread-34] DEBUG c.h.p.o.dependants.PodInfoConfigMap - [helmcont] Desired PodInfo ConfigMap (extension state hash: -1817474005)
2025-01-28 20:43:49,458 INFO c.h.h.t.HelmChartContainer - [hivemq-test-hivemq-platform] [hivemq-platform-operator] [13a66c66] 20:43:49.454 [pool-6-thread-34] DEBUG c.h.p.o.d.PodServiceAccountResource - [helmcont] Desired PodServiceAccountResource (serviceAccountName: hivemq-platform-pod-test-hivemq-platform)
2025-01-28 20:43:49,458 INFO c.h.h.t.HelmChartContainer - [hivemq-test-hivemq-platform] [hivemq-platform-operator] [13a66c66] 20:43:49.454 [pool-6-thread-36] DEBUG c.h.p.o.d.PodRoleBindingResource - [helmcont] Create RoleBinding: RoleBinding(apiVersion=rbac.authorization.k8s.io/v1, kind=RoleBinding, metadata=ObjectMeta(annotations={meta.helm.sh/release-name=test-hivemq-platform, meta.helm.sh/release-namespace=helmcontainersecuritycontextupgradeplatformit}, creationTimestamp=null, deletionGracePeriodSeconds=null, deletionTimestamp=null, finalizers=[], generateName=null, generation=null, labels={helm.sh/chart=hivemq-platform-0.2.32, app.kubernetes.io/managed-by=Helm, app.kubernetes.io/name=hivemq-platform, hivemq-platform=test-hivemq-platform, app.kubernetes.io/instance=test-hivemq-platform, app.kubernetes.io/version=4.36.0}, managedFields=[], name=hivemq-platform-role-binding-test-hivemq-platform, namespace=helmcontainersecuritycontextupgradeplatformit, ownerReferences=[OwnerReference(apiVersion=hivemq.com/v1, blockOwnerDeletion=null, controller=null, kind=HiveMQPlatform, name=test-hivemq-platform, uid=75614e62-785f-499b-ad3d-fa2646372d11, additionalProperties={})], resourceVersion=null, selfLink=null, uid=null, additionalProperties={}), roleRef=RoleRef(apiGroup=rbac.authorization.k8s.io, kind=Role, name=hivemq-platform-role-test-hivemq-platform, additionalProperties={}), subjects=[Subject(apiGroup=null, kind=ServiceAccount, name=hivemq-platform-pod-test-hivemq-platform, namespace=helmcontainersecuritycontextupgradeplatformit, additionalProperties={})], additionalProperties={})
2025-01-28 20:43:49,462 INFO c.h.h.t.HelmChartContainer - [hivemq-test-hivemq-platform] [hivemq-platform-operator] [13a66c66] 20:43:49.461 [pool-6-thread-33] DEBUG c.h.p.o.d.StatefulSetResource - [helmcont] Desired StatefulSet (1 replicas) for status RUNNING (READY)
2025-01-28 20:43:49,466 INFO c.h.h.t.HelmChartContainer - [hivemq-test-hivemq-platform] [hivemq-platform-operator] [13a66c66] 20:43:49.465 [pool-6-thread-33] DEBUG c.h.p.o.d.StatefulSetResource - [helmcont] Update StatefulSet (replicas: 1 -> 1)
2025-01-28 20:43:49,466 INFO c.h.h.t.HelmChartContainer - [hivemq-test-hivemq-platform] [hivemq-platform-operator] [13a66c66] 20:43:49.465 [pool-6-thread-33] DEBUG c.h.p.o.d.StatefulSetResource - [helmcont] Detected change in StatefulSet specification (path: /template/metadata/annotations/kubernetes-resource-versions) (actual value: {broker-configuration-v2=1242811043}) (target value: {broker-configuration-v2=0})
2025-01-28 20:43:49,467 INFO c.h.h.t.HelmChartContainer - [hivemq-test-hivemq-platform] [hivemq-platform-operator] [13a66c66] 20:43:49.466 [pool-6-thread-33] INFO  c.h.p.o.d.StatefulSetResource - [helmcont] StatefulSet spec was updated, triggering rolling restart
2025-01-28 20:43:49,529 INFO c.h.h.t.HelmChartContainer - [K3S] [scope.go:117] "RemoveContainer" containerID="4e3ec69f7b6b3bf16fdc79e7da8b33978e8003722b1b56f60cc737c166626d9d"
2025-01-28 20:43:49,546 INFO c.h.h.t.HelmChartContainer - [POD] test-hivemq-platform-1 [918b2933-cb4b-4122-a005-1e5c0ac84200] in helmcontainersecuritycontextupgradeplatformit was MODIFIED
2025-01-28 20:43:49,547 INFO c.h.h.t.HelmChartContainer - [POD] test-hivemq-platform-1 [918b2933-cb4b-4122-a005-1e5c0ac84200] in helmcontainersecuritycontextupgradeplatformit was DELETED
2025-01-28 20:43:49,655 INFO c.h.h.t.HelmChartContainer - [hivemq-test-hivemq-platform] [hivemq-platform-operator] [13a66c66] 20:43:49.596 [ReconcilerExecutor-hivemq-controller-148] ERROR i.j.o.p.event.EventProcessor - Error during event processing ExecutionScope{ resource id: ResourceID{name='test-hivemq-platform', namespace='helmcontainersecuritycontextupgradeplatformit'}, version: 786}
2025-01-28 20:43:49,655 INFO c.h.h.t.HelmChartContainer - [hivemq-test-hivemq-platform] [hivemq-platform-operator] [13a66c66] io.javaoperatorsdk.operator.OperatorException: io.javaoperatorsdk.operator.AggregatedOperatorException: Exception(s) during workflow execution. Details:
2025-01-28 20:43:49,655 INFO c.h.h.t.HelmChartContainer - [hivemq-test-hivemq-platform] [hivemq-platform-operator] [13a66c66]  - com.hivemq.platform.operator.dependants.PodRoleBindingResource -> io.fabric8.kubernetes.client.KubernetesClientException: Failure executing: PATCH at: https://10.43.0.1:443/apis/rbac.authorization.k8s.io/v1/namespaces/helmcontainersecuritycontextupgradeplatformit/rolebindings/hivemq-platform-role-binding-test-hivemq-platform?fieldManager=hivemq-controller&force=true. Message: rolebindings.rbac.authorization.k8s.io "hivemq-platform-role-test-hivemq-platform" not found. Received status: Status(apiVersion=v1, code=404, details=StatusDetails(causes=[], group=rbac.authorization.k8s.io, kind=rolebindings, name=hivemq-platform-role-test-hivemq-platform, retryAfterSeconds=null, uid=null, additionalProperties={}), kind=Status, message=rolebindings.rbac.authorization.k8s.io "hivemq-platform-role-test-hivemq-platform" not found, metadata=ListMeta(_continue=null, remainingItemCount=null, resourceVersion=null, selfLink=null, additionalProperties={}), reason=NotFound, status=Failure, additionalProperties={}).
2025-01-28 20:43:49,655 INFO c.h.h.t.HelmChartContainer - [hivemq-test-hivemq-platform] [hivemq-platform-operator] [13a66c66] 	at io.fabric8.kubernetes.client.KubernetesClientException.copyAsCause(KubernetesClientException.java:238)
2025-01-28 20:43:49,655 INFO c.h.h.t.HelmChartContainer - [hivemq-test-hivemq-platform] [hivemq-platform-operator] [13a66c66] 	at io.fabric8.kubernetes.client.dsl.internal.OperationSupport.waitForResult(OperationSupport.java:507)
2025-01-28 20:43:49,655 INFO c.h.h.t.HelmChartContainer - [hivemq-test-hivemq-platform] [hivemq-platform-operator] [13a66c66] 	at io.fabric8.kubernetes.client.dsl.internal.OperationSupport.handleResponse(OperationSupport.java:524)
2025-01-28 20:43:49,655 INFO c.h.h.t.HelmChartContainer - [hivemq-test-hivemq-platform] [hivemq-platform-operator] [13a66c66] 	at io.fabric8.kubernetes.client.dsl.internal.OperationSupport.handlePatch(OperationSupport.java:419)
2025-01-28 20:43:49,655 INFO c.h.h.t.HelmChartContainer - [hivemq-test-hivemq-platform] [hivemq-platform-operator] [13a66c66] 	at io.fabric8.kubernetes.client.dsl.internal.OperationSupport.handlePatch(OperationSupport.java:397)
2025-01-28 20:43:49,655 INFO c.h.h.t.HelmChartContainer - [hivemq-test-hivemq-platform] [hivemq-platform-operator] [13a66c66] 	at io.fabric8.kubernetes.client.dsl.internal.BaseOperation.handlePatch(BaseOperation.java:764)
2025-01-28 20:43:49,655 INFO c.h.h.t.HelmChartContainer - [hivemq-test-hivemq-platform] [hivemq-platform-operator] [13a66c66] 	at io.fabric8.kubernetes.client.dsl.internal.HasMetadataOperation.lambda$patch$2(HasMetadataOperation.java:231)
2025-01-28 20:43:49,655 INFO c.h.h.t.HelmChartContainer - [hivemq-test-hivemq-platform] [hivemq-platform-operator] [13a66c66] 	at io.fabric8.kubernetes.client.dsl.internal.HasMetadataOperation.patch(HasMetadataOperation.java:236)
2025-01-28 20:43:49,655 INFO c.h.h.t.HelmChartContainer - [hivemq-test-hivemq-platform] [hivemq-platform-operator] [13a66c66] 	at io.fabric8.kubernetes.client.dsl.internal.HasMetadataOperation.patch(HasMetadataOperation.java:251)
2025-01-28 20:43:49,655 INFO c.h.h.t.HelmChartContainer - [hivemq-test-hivemq-platform] [hivemq-platform-operator] [13a66c66] 	at io.fabric8.kubernetes.client.dsl.internal.BaseOperation.serverSideApply(BaseOperation.java:1179)
2025-01-28 20:43:49,655 INFO c.h.h.t.HelmChartContainer - [hivemq-test-hivemq-platform] [hivemq-platform-operator] [13a66c66] 	at io.fabric8.kubernetes.client.dsl.internal.BaseOperation.serverSideApply(BaseOperation.java:98)
2025-01-28 20:43:49,655 INFO c.h.h.t.HelmChartContainer - [hivemq-test-hivemq-platform] [hivemq-platform-operator] [13a66c66] 	at io.javaoperatorsdk.operator.processing.dependent.kubernetes.KubernetesDependentResource.create(KubernetesDependentResource.java:123)
2025-01-28 20:43:49,655 INFO c.h.h.t.HelmChartContainer - [hivemq-test-hivemq-platform] [hivemq-platform-operator] [13a66c66] 	at com.hivemq.platform.operator.dependants.PodRoleBindingResource.create(PodRoleBindingResource.java:55)
2025-01-28 20:43:49,655 INFO c.h.h.t.HelmChartContainer - [hivemq-test-hivemq-platform] [hivemq-platform-operator] [13a66c66] 	at com.hivemq.platform.operator.dependants.PodRoleBindingResource.create(PodRoleBindingResource.java:22)
2025-01-28 20:43:49,655 INFO c.h.h.t.HelmChartContainer - [hivemq-test-hivemq-platform] [hivemq-platform-operator] [13a66c66] 	at io.javaoperatorsdk.operator.processing.dependent.AbstractDependentResource.handleCreate(AbstractDependentResource.java:119)
2025-01-28 20:43:49,655 INFO c.h.h.t.HelmChartContainer - [hivemq-test-hivemq-platform] [hivemq-platform-operator] [13a66c66] 	at io.javaoperatorsdk.operator.processing.dependent.AbstractDependentResource.reconcile(AbstractDependentResource.java:62)
2025-01-28 20:43:49,655 INFO c.h.h.t.HelmChartContainer - [hivemq-test-hivemq-platform] [hivemq-platform-operator] [13a66c66] 	at io.javaoperatorsdk.operator.processing.dependent.SingleDependentResourceReconciler.reconcile(SingleDependentResourceReconciler.java:19)
2025-01-28 20:43:49,655 INFO c.h.h.t.HelmChartContainer - [hivemq-test-hivemq-platform] [hivemq-platform-operator] [13a66c66] 	at io.javaoperatorsdk.operator.processing.dependent.AbstractDependentResource.reconcile(AbstractDependentResource.java:52)
2025-01-28 20:43:49,655 INFO c.h.h.t.HelmChartContainer - [hivemq-test-hivemq-platform] [hivemq-platform-operator] [13a66c66] 	at com.hivemq.platform.operator.dependants.PodRoleBindingResource.reconcile(PodRoleBindingResource.java:46)
2025-01-28 20:43:49,655 INFO c.h.h.t.HelmChartContainer - [hivemq-test-hivemq-platform] [hivemq-platform-operator] [13a66c66] 	at com.hivemq.platform.operator.dependants.PodRoleBindingResource.reconcile(PodRoleBindingResource.java:22)
2025-01-28 20:43:49,655 INFO c.h.h.t.HelmChartContainer - [hivemq-test-hivemq-platform] [hivemq-platform-operator] [13a66c66] 	at io.javaoperatorsdk.operator.processing.dependent.workflow.WorkflowReconcileExecutor$NodeReconcileExecutor.doRun(WorkflowReconcileExecutor.java:123)
2025-01-28 20:43:49,655 INFO c.h.h.t.HelmChartContainer - [hivemq-test-hivemq-platform] [hivemq-platform-operator] [13a66c66] 	at io.javaoperatorsdk.operator.processing.dependent.workflow.NodeExecutor.run(NodeExecutor.java:22)
2025-01-28 20:43:49,655 INFO c.h.h.t.HelmChartContainer - [hivemq-test-hivemq-platform] [hivemq-platform-operator] [13a66c66] 	at java.base/java.util.concurrent.Executors$RunnableAdapter.call(Unknown Source)
2025-01-28 20:43:49,655 INFO c.h.h.t.HelmChartContainer - [hivemq-test-hivemq-platform] [hivemq-platform-operator] [13a66c66] 	at java.base/java.util.concurrent.FutureTask.run(Unknown Source)
2025-01-28 20:43:49,655 INFO c.h.h.t.HelmChartContainer - [hivemq-test-hivemq-platform] [hivemq-platform-operator] [13a66c66] 	at java.base/java.util.concurrent.ThreadPoolExecutor.runWorker(Unknown Source)
2025-01-28 20:43:49,655 INFO c.h.h.t.HelmChartContainer - [hivemq-test-hivemq-platform] [hivemq-platform-operator] [13a66c66] 	at java.base/java.util.concurrent.ThreadPoolExecutor$Worker.run(Unknown Source)
2025-01-28 20:43:49,656 INFO c.h.h.t.HelmChartContainer - [hivemq-test-hivemq-platform] [hivemq-platform-operator] [13a66c66] 	at java.base/java.lang.Thread.run(Unknown Source)
2025-01-28 20:43:49,656 INFO c.h.h.t.HelmChartContainer - [hivemq-test-hivemq-platform] [hivemq-platform-operator] [13a66c66] Caused by: io.fabric8.kubernetes.client.KubernetesClientException: Failure executing: PATCH at: https://10.43.0.1:443/apis/rbac.authorization.k8s.io/v1/namespaces/helmcontainersecuritycontextupgradeplatformit/rolebindings/hivemq-platform-role-binding-test-hivemq-platform?fieldManager=hivemq-controller&force=true. Message: rolebindings.rbac.authorization.k8s.io "hivemq-platform-role-test-hivemq-platform" not found. Received status: Status(apiVersion=v1, code=404, details=StatusDetails(causes=[], group=rbac.authorization.k8s.io, kind=rolebindings, name=hivemq-platform-role-test-hivemq-platform, retryAfterSeconds=null, uid=null, additionalProperties={}), kind=Status, message=rolebindings.rbac.authorization.k8s.io "hivemq-platform-role-test-hivemq-platform" not found, metadata=ListMeta(_continue=null, remainingItemCount=null, resourceVersion=null, selfLink=null, additionalProperties={}), reason=NotFound, status=Failure, additionalProperties={}).
2025-01-28 20:43:49,656 INFO c.h.h.t.HelmChartContainer - [hivemq-test-hivemq-platform] [hivemq-platform-operator] [13a66c66] 	at io.fabric8.kubernetes.client.dsl.internal.OperationSupport.requestFailure(OperationSupport.java:660)
2025-01-28 20:43:49,656 INFO c.h.h.t.HelmChartContainer - [hivemq-test-hivemq-platform] [hivemq-platform-operator] [13a66c66] 	at io.fabric8.kubernetes.client.dsl.internal.OperationSupport.requestFailure(OperationSupport.java:640)
2025-01-28 20:43:49,656 INFO c.h.h.t.HelmChartContainer - [hivemq-test-hivemq-platform] [hivemq-platform-operator] [13a66c66] 	at io.fabric8.kubernetes.client.dsl.internal.OperationSupport.assertResponseCode(OperationSupport.java:589)
2025-01-28 20:43:49,656 INFO c.h.h.t.HelmChartContainer - [hivemq-test-hivemq-platform] [hivemq-platform-operator] [13a66c66] 	at io.fabric8.kubernetes.client.dsl.internal.OperationSupport.lambda$handleResponse$0(OperationSupport.java:549)
2025-01-28 20:43:49,656 INFO c.h.h.t.HelmChartContainer - [hivemq-test-hivemq-platform] [hivemq-platform-operator] [13a66c66] 	at java.base/java.util.concurrent.CompletableFuture$UniApply.tryFire(Unknown Source)
2025-01-28 20:43:49,656 INFO c.h.h.t.HelmChartContainer - [hivemq-test-hivemq-platform] [hivemq-platform-operator] [13a66c66] 	at java.base/java.util.concurrent.CompletableFuture.postComplete(Unknown Source)
2025-01-28 20:43:49,656 INFO c.h.h.t.HelmChartContainer - [hivemq-test-hivemq-platform] [hivemq-platform-operator] [13a66c66] 	at java.base/java.util.concurrent.CompletableFuture.complete(Unknown Source)
2025-01-28 20:43:49,656 INFO c.h.h.t.HelmChartContainer - [hivemq-test-hivemq-platform] [hivemq-platform-operator] [13a66c66] 	at io.fabric8.kubernetes.client.http.StandardHttpClient.lambda$completeOrCancel$10(StandardHttpClient.java:141)
2025-01-28 20:43:49,656 INFO c.h.h.t.HelmChartContainer - [hivemq-test-hivemq-platform] [hivemq-platform-operator] [13a66c66] 	at java.base/java.util.concurrent.CompletableFuture.uniWhenComplete(Unknown Source)
2025-01-28 20:43:49,656 INFO c.h.h.t.HelmChartContainer - [hivemq-test-hivemq-platform] [hivemq-platform-operator] [13a66c66] 	at java.base/java.util.concurrent.CompletableFuture$UniWhenComplete.tryFire(Unknown Source)
2025-01-28 20:43:49,656 INFO c.h.h.t.HelmChartContainer - [hivemq-test-hivemq-platform] [hivemq-platform-operator] [13a66c66] 	at java.base/java.util.concurrent.CompletableFuture.postComplete(Unknown Source)
2025-01-28 20:43:49,656 INFO c.h.h.t.HelmChartContainer - [hivemq-test-hivemq-platform] [hivemq-platform-operator] [13a66c66] 	at java.base/java.util.concurrent.CompletableFuture.complete(Unknown Source)
2025-01-28 20:43:49,656 INFO c.h.h.t.HelmChartContainer - [hivemq-test-hivemq-platform] [hivemq-platform-operator] [13a66c66] 	at io.fabric8.kubernetes.client.http.ByteArrayBodyHandler.onBodyDone(ByteArrayBodyHandler.java:51)
2025-01-28 20:43:49,656 INFO c.h.h.t.HelmChartContainer - [hivemq-test-hivemq-platform] [hivemq-platform-operator] [13a66c66] 	at java.base/java.util.concurrent.CompletableFuture.uniWhenComplete(Unknown Source)
2025-01-28 20:43:49,656 INFO c.h.h.t.HelmChartContainer - [hivemq-test-hivemq-platform] [hivemq-platform-operator] [13a66c66] 	at java.base/java.util.concurrent.CompletableFuture$UniWhenComplete.tryFire(Unknown Source)
2025-01-28 20:43:49,656 INFO c.h.h.t.HelmChartContainer - [hivemq-test-hivemq-platform] [hivemq-platform-operator] [13a66c66] 	at java.base/java.util.concurrent.CompletableFuture.postComplete(Unknown Source)
2025-01-28 20:43:49,656 INFO c.h.h.t.HelmChartContainer - [hivemq-test-hivemq-platform] [hivemq-platform-operator] [13a66c66] 	at java.base/java.util.concurrent.CompletableFuture.complete(Unknown Source)
2025-01-28 20:43:49,656 INFO c.h.h.t.HelmChartContainer - [hivemq-test-hivemq-platform] [hivemq-platform-operator] [13a66c66] 	at io.fabric8.kubernetes.client.vertx.VertxHttpRequest.lambda$null$1(VertxHttpRequest.java:121)
2025-01-28 20:43:49,656 INFO c.h.h.t.HelmChartContainer - [hivemq-test-hivemq-platform] [hivemq-platform-operator] [13a66c66] 	at io.vertx.core.impl.ContextInternal.dispatch(ContextInternal.java:279)
2025-01-28 20:43:49,656 INFO c.h.h.t.HelmChartContainer - [hivemq-test-hivemq-platform] [hivemq-platform-operator] [13a66c66] 	at io.vertx.core.impl.ContextInternal.dispatch(ContextInternal.java:261)
2025-01-28 20:43:49,656 INFO c.h.h.t.HelmChartContainer - [hivemq-test-hivemq-platform] [hivemq-platform-operator] [13a66c66] 	at io.vertx.core.http.impl.HttpEventHandler.handleEnd(HttpEventHandler.java:76)
2025-01-28 20:43:49,656 INFO c.h.h.t.HelmChartContainer - [hivemq-test-hivemq-platform] [hivemq-platform-operator] [13a66c66] 	at io.vertx.core.http.impl.HttpClientResponseImpl.handleEnd(HttpClientResponseImpl.java:250)
2025-01-28 20:43:49,656 INFO c.h.h.t.HelmChartContainer - [hivemq-test-hivemq-platform] [hivemq-platform-operator] [13a66c66] 	at io.vertx.core.http.impl.Http1xClientConnection$StreamImpl.lambda$new$0(Http1xClientConnection.java:421)
2025-01-28 20:43:49,656 INFO c.h.h.t.HelmChartContainer - [hivemq-test-hivemq-platform] [hivemq-platform-operator] [13a66c66] 	at io.vertx.core.streams.impl.InboundBuffer.handleEvent(InboundBuffer.java:279)
2025-01-28 20:43:49,656 INFO c.h.h.t.HelmChartContainer - [hivemq-test-hivemq-platform] [hivemq-platform-operator] [13a66c66] 	at io.vertx.core.streams.impl.InboundBuffer.write(InboundBuffer.java:157)
2025-01-28 20:43:49,656 INFO c.h.h.t.HelmChartContainer - [hivemq-test-hivemq-platform] [hivemq-platform-operator] [13a66c66] 	at io.vertx.core.http.impl.Http1xClientConnection$StreamImpl.handleEnd(Http1xClientConnection.java:709)
2025-01-28 20:43:49,656 INFO c.h.h.t.HelmChartContainer - [hivemq-test-hivemq-platform] [hivemq-platform-operator] [13a66c66] 	at io.vertx.core.impl.ContextImpl.lambda$execute$4(ContextImpl.java:315)
2025-01-28 20:43:49,656 INFO c.h.h.t.HelmChartContainer - [hivemq-test-hivemq-platform] [hivemq-platform-operator] [13a66c66] 	at io.netty.util.concurrent.AbstractEventExecutor.runTask(AbstractEventExecutor.java:173)
2025-01-28 20:43:49,656 INFO c.h.h.t.HelmChartContainer - [hivemq-test-hivemq-platform] [hivemq-platform-operator] [13a66c66] 	at io.netty.util.concurrent.AbstractEventExecutor.safeExecute(AbstractEventExecutor.java:166)
2025-01-28 20:43:49,656 INFO c.h.h.t.HelmChartContainer - [hivemq-test-hivemq-platform] [hivemq-platform-operator] [13a66c66] 	at io.netty.util.concurrent.SingleThreadEventExecutor.runAllTasks(SingleThreadEventExecutor.java:472)
2025-01-28 20:43:49,656 INFO c.h.h.t.HelmChartContainer - [hivemq-test-hivemq-platform] [hivemq-platform-operator] [13a66c66] 	at io.netty.channel.nio.NioEventLoop.run(NioEventLoop.java:566)
2025-01-28 20:43:49,656 INFO c.h.h.t.HelmChartContainer - [hivemq-test-hivemq-platform] [hivemq-platform-operator] [13a66c66] 	at io.netty.util.concurrent.SingleThreadEventExecutor$4.run(SingleThreadEventExecutor.java:997)
2025-01-28 20:43:49,656 INFO c.h.h.t.HelmChartContainer - [hivemq-test-hivemq-platform] [hivemq-platform-operator] [13a66c66] 	at io.netty.util.internal.ThreadExecutorMap$2.run(ThreadExecutorMap.java:74)
2025-01-28 20:43:49,656 INFO c.h.h.t.HelmChartContainer - [hivemq-test-hivemq-platform] [hivemq-platform-operator] [13a66c66] 	at io.netty.util.concurrent.FastThreadLocalRunnable.run(FastThreadLocalRunnable.java:30)
2025-01-28 20:43:49,656 INFO c.h.h.t.HelmChartContainer - [hivemq-test-hivemq-platform] [hivemq-platform-operator] [13a66c66] 	... 1 more
2025-01-28 20:43:49,656 INFO c.h.h.t.HelmChartContainer - [hivemq-test-hivemq-platform] [hivemq-platform-operator] [13a66c66] 
2025-01-28 20:43:49,656 INFO c.h.h.t.HelmChartContainer - [hivemq-test-hivemq-platform] [hivemq-platform-operator] [13a66c66] 	at io.javaoperatorsdk.operator.monitoring.micrometer.MicrometerMetrics.lambda$timeControllerExecution$0(MicrometerMetrics.java:165)
2025-01-28 20:43:49,656 INFO c.h.h.t.HelmChartContainer - [hivemq-test-hivemq-platform] [hivemq-platform-operator] [13a66c66] 	at io.micrometer.core.instrument.AbstractTimer.record(AbstractTimer.java:190)
2025-01-28 20:43:49,656 INFO c.h.h.t.HelmChartContainer - [hivemq-test-hivemq-platform] [hivemq-platform-operator] [13a66c66] 	at io.javaoperatorsdk.operator.monitoring.micrometer.MicrometerMetrics.timeControllerExecution(MicrometerMetrics.java:161)
2025-01-28 20:43:49,656 INFO c.h.h.t.HelmChartContainer - [hivemq-test-hivemq-platform] [hivemq-platform-operator] [13a66c66] 	at io.javaoperatorsdk.operator.processing.Controller.reconcile(Controller.java:109)
2025-01-28 20:43:49,656 INFO c.h.h.t.HelmChartContainer - [hivemq-test-hivemq-platform] [hivemq-platform-operator] [13a66c66] 	at io.javaoperatorsdk.operator.processing.event.ReconciliationDispatcher.reconcileExecution(ReconciliationDispatcher.java:136)
2025-01-28 20:43:49,656 INFO c.h.h.t.HelmChartContainer - [hivemq-test-hivemq-platform] [hivemq-platform-operator] [13a66c66] 	at io.javaoperatorsdk.operator.processing.event.ReconciliationDispatcher.handleReconcile(ReconciliationDispatcher.java:117)
2025-01-28 20:43:49,656 INFO c.h.h.t.HelmChartContainer - [hivemq-test-hivemq-platform] [hivemq-platform-operator] [13a66c66] 	at io.javaoperatorsdk.operator.processing.event.ReconciliationDispatcher.handleDispatch(ReconciliationDispatcher.java:91)
2025-01-28 20:43:49,656 INFO c.h.h.t.HelmChartContainer - [hivemq-test-hivemq-platform] [hivemq-platform-operator] [13a66c66] 	at io.javaoperatorsdk.operator.processing.event.ReconciliationDispatcher.handleExecution(ReconciliationDispatcher.java:64)
2025-01-28 20:43:49,656 INFO c.h.h.t.HelmChartContainer - [hivemq-test-hivemq-platform] [hivemq-platform-operator] [13a66c66] 	at io.javaoperatorsdk.operator.processing.event.EventProcessor$ReconcilerExecutor.run(EventProcessor.java:452)
2025-01-28 20:43:49,656 INFO c.h.h.t.HelmChartContainer - [hivemq-test-hivemq-platform] [hivemq-platform-operator] [13a66c66] 	at java.base/java.util.concurrent.ThreadPoolExecutor.runWorker(Unknown Source)
2025-01-28 20:43:49,656 INFO c.h.h.t.HelmChartContainer - [hivemq-test-hivemq-platform] [hivemq-platform-operator] [13a66c66] 	at java.base/java.util.concurrent.ThreadPoolExecutor$Worker.run(Unknown Source)
2025-01-28 20:43:49,656 INFO c.h.h.t.HelmChartContainer - [hivemq-test-hivemq-platform] [hivemq-platform-operator] [13a66c66] 	at java.base/java.lang.Thread.run(Unknown Source)
2025-01-28 20:43:49,656 INFO c.h.h.t.HelmChartContainer - [hivemq-test-hivemq-platform] [hivemq-platform-operator] [13a66c66] Caused by: io.javaoperatorsdk.operator.AggregatedOperatorException: Exception(s) during workflow execution. Details:
2025-01-28 20:43:49,656 INFO c.h.h.t.HelmChartContainer - [hivemq-test-hivemq-platform] [hivemq-platform-operator] [13a66c66]  - com.hivemq.platform.operator.dependants.PodRoleBindingResource -> io.fabric8.kubernetes.client.KubernetesClientException: Failure executing: PATCH at: https://10.43.0.1:443/apis/rbac.authorization.k8s.io/v1/namespaces/helmcontainersecuritycontextupgradeplatformit/rolebindings/hivemq-platform-role-binding-test-hivemq-platform?fieldManager=hivemq-controller&force=true. Message: rolebindings.rbac.authorization.k8s.io "hivemq-platform-role-test-hivemq-platform" not found. Received status: Status(apiVersion=v1, code=404, details=StatusDetails(causes=[], group=rbac.authorization.k8s.io, kind=rolebindings, name=hivemq-platform-role-test-hivemq-platform, retryAfterSeconds=null, uid=null, additionalProperties={}), kind=Status, message=rolebindings.rbac.authorization.k8s.io "hivemq-platform-role-test-hivemq-platform" not found, metadata=ListMeta(_continue=null, remainingItemCount=null, resourceVersion=null, selfLink=null, additionalProperties={}), reason=NotFound, status=Failure, additionalProperties={}).
2025-01-28 20:43:49,656 INFO c.h.h.t.HelmChartContainer - [hivemq-test-hivemq-platform] [hivemq-platform-operator] [13a66c66] 	at io.fabric8.kubernetes.client.KubernetesClientException.copyAsCause(KubernetesClientException.java:238)
2025-01-28 20:43:49,656 INFO c.h.h.t.HelmChartContainer - [hivemq-test-hivemq-platform] [hivemq-platform-operator] [13a66c66] 	at io.fabric8.kubernetes.client.dsl.internal.OperationSupport.waitForResult(OperationSupport.java:507)
2025-01-28 20:43:49,656 INFO c.h.h.t.HelmChartContainer - [hivemq-test-hivemq-platform] [hivemq-platform-operator] [13a66c66] 	at io.fabric8.kubernetes.client.dsl.internal.OperationSupport.handleResponse(OperationSupport.java:524)
2025-01-28 20:43:49,657 INFO c.h.h.t.HelmChartContainer - [hivemq-test-hivemq-platform] [hivemq-platform-operator] [13a66c66] 	at io.fabric8.kubernetes.client.dsl.internal.OperationSupport.handlePatch(OperationSupport.java:419)
2025-01-28 20:43:49,657 INFO c.h.h.t.HelmChartContainer - [hivemq-test-hivemq-platform] [hivemq-platform-operator] [13a66c66] 	at io.fabric8.kubernetes.client.dsl.internal.OperationSupport.handlePatch(OperationSupport.java:397)
2025-01-28 20:43:49,657 INFO c.h.h.t.HelmChartContainer - [hivemq-test-hivemq-platform] [hivemq-platform-operator] [13a66c66] 	at io.fabric8.kubernetes.client.dsl.internal.BaseOperation.handlePatch(BaseOperation.java:764)
2025-01-28 20:43:49,657 INFO c.h.h.t.HelmChartContainer - [hivemq-test-hivemq-platform] [hivemq-platform-operator] [13a66c66] 	at io.fabric8.kubernetes.client.dsl.internal.HasMetadataOperation.lambda$patch$2(HasMetadataOperation.java:231)
2025-01-28 20:43:49,657 INFO c.h.h.t.HelmChartContainer - [hivemq-test-hivemq-platform] [hivemq-platform-operator] [13a66c66] 	at io.fabric8.kubernetes.client.dsl.internal.HasMetadataOperation.patch(HasMetadataOperation.java:236)
2025-01-28 20:43:49,657 INFO c.h.h.t.HelmChartContainer - [hivemq-test-hivemq-platform] [hivemq-platform-operator] [13a66c66] 	at io.fabric8.kubernetes.client.dsl.internal.HasMetadataOperation.patch(HasMetadataOperation.java:251)
2025-01-28 20:43:49,657 INFO c.h.h.t.HelmChartContainer - [hivemq-test-hivemq-platform] [hivemq-platform-operator] [13a66c66] 	at io.fabric8.kubernetes.client.dsl.internal.BaseOperation.serverSideApply(BaseOperation.java:1179)
2025-01-28 20:43:49,657 INFO c.h.h.t.HelmChartContainer - [hivemq-test-hivemq-platform] [hivemq-platform-operator] [13a66c66] 	at io.fabric8.kubernetes.client.dsl.internal.BaseOperation.serverSideApply(BaseOperation.java:98)
2025-01-28 20:43:49,657 INFO c.h.h.t.HelmChartContainer - [hivemq-test-hivemq-platform] [hivemq-platform-operator] [13a66c66] 	at io.javaoperatorsdk.operator.processing.dependent.kubernetes.KubernetesDependentResource.create(KubernetesDependentResource.java:123)
2025-01-28 20:43:49,657 INFO c.h.h.t.HelmChartContainer - [hivemq-test-hivemq-platform] [hivemq-platform-operator] [13a66c66] 	at com.hivemq.platform.operator.dependants.PodRoleBindingResource.create(PodRoleBindingResource.java:55)
2025-01-28 20:43:49,657 INFO c.h.h.t.HelmChartContainer - [hivemq-test-hivemq-platform] [hivemq-platform-operator] [13a66c66] 	at com.hivemq.platform.operator.dependants.PodRoleBindingResource.create(PodRoleBindingResource.java:22)
2025-01-28 20:43:49,657 INFO c.h.h.t.HelmChartContainer - [hivemq-test-hivemq-platform] [hivemq-platform-operator] [13a66c66] 	at io.javaoperatorsdk.operator.processing.dependent.AbstractDependentResource.handleCreate(AbstractDependentResource.java:119)
2025-01-28 20:43:49,657 INFO c.h.h.t.HelmChartContainer - [hivemq-test-hivemq-platform] [hivemq-platform-operator] [13a66c66] 	at io.javaoperatorsdk.operator.processing.dependent.AbstractDependentResource.reconcile(AbstractDependentResource.java:62)
2025-01-28 20:43:49,657 INFO c.h.h.t.HelmChartContainer - [hivemq-test-hivemq-platform] [hivemq-platform-operator] [13a66c66] 	at io.javaoperatorsdk.operator.processing.dependent.SingleDependentResourceReconciler.reconcile(SingleDependentResourceReconciler.java:19)
2025-01-28 20:43:49,657 INFO c.h.h.t.HelmChartContainer - [hivemq-test-hivemq-platform] [hivemq-platform-operator] [13a66c66] 	at io.javaoperatorsdk.operator.processing.dependent.AbstractDependentResource.reconcile(AbstractDependentResource.java:52)
2025-01-28 20:43:49,657 INFO c.h.h.t.HelmChartContainer - [hivemq-test-hivemq-platform] [hivemq-platform-operator] [13a66c66] 	at com.hivemq.platform.operator.dependants.PodRoleBindingResource.reconcile(PodRoleBindingResource.java:46)
2025-01-28 20:43:49,657 INFO c.h.h.t.HelmChartContainer - [hivemq-test-hivemq-platform] [hivemq-platform-operator] [13a66c66] 	at com.hivemq.platform.operator.dependants.PodRoleBindingResource.reconcile(PodRoleBindingResource.java:22)
2025-01-28 20:43:49,657 INFO c.h.h.t.HelmChartContainer - [hivemq-test-hivemq-platform] [hivemq-platform-operator] [13a66c66] 	at io.javaoperatorsdk.operator.processing.dependent.workflow.WorkflowReconcileExecutor$NodeReconcileExecutor.doRun(WorkflowReconcileExecutor.java:123)
2025-01-28 20:43:49,657 INFO c.h.h.t.HelmChartContainer - [hivemq-test-hivemq-platform] [hivemq-platform-operator] [13a66c66] 	at io.javaoperatorsdk.operator.processing.dependent.workflow.NodeExecutor.run(NodeExecutor.java:22)
2025-01-28 20:43:49,657 INFO c.h.h.t.HelmChartContainer - [hivemq-test-hivemq-platform] [hivemq-platform-operator] [13a66c66] 	at java.base/java.util.concurrent.Executors$RunnableAdapter.call(Unknown Source)
2025-01-28 20:43:49,657 INFO c.h.h.t.HelmChartContainer - [hivemq-test-hivemq-platform] [hivemq-platform-operator] [13a66c66] 	at java.base/java.util.concurrent.FutureTask.run(Unknown Source)
2025-01-28 20:43:49,657 INFO c.h.h.t.HelmChartContainer - [hivemq-test-hivemq-platform] [hivemq-platform-operator] [13a66c66] 	at java.base/java.util.concurrent.ThreadPoolExecutor.runWorker(Unknown Source)
2025-01-28 20:43:49,657 INFO c.h.h.t.HelmChartContainer - [hivemq-test-hivemq-platform] [hivemq-platform-operator] [13a66c66] 	at java.base/java.util.concurrent.ThreadPoolExecutor$Worker.run(Unknown Source)
2025-01-28 20:43:49,657 INFO c.h.h.t.HelmChartContainer - [hivemq-test-hivemq-platform] [hivemq-platform-operator] [13a66c66] 	at java.base/java.lang.Thread.run(Unknown Source)
2025-01-28 20:43:49,657 INFO c.h.h.t.HelmChartContainer - [hivemq-test-hivemq-platform] [hivemq-platform-operator] [13a66c66] Caused by: io.fabric8.kubernetes.client.KubernetesClientException: Failure executing: PATCH at: https://10.43.0.1:443/apis/rbac.authorization.k8s.io/v1/namespaces/helmcontainersecuritycontextupgradeplatformit/rolebindings/hivemq-platform-role-binding-test-hivemq-platform?fieldManager=hivemq-controller&force=true. Message: rolebindings.rbac.authorization.k8s.io "hivemq-platform-role-test-hivemq-platform" not found. Received status: Status(apiVersion=v1, code=404, details=StatusDetails(causes=[], group=rbac.authorization.k8s.io, kind=rolebindings, name=hivemq-platform-role-test-hivemq-platform, retryAfterSeconds=null, uid=null, additionalProperties={}), kind=Status, message=rolebindings.rbac.authorization.k8s.io "hivemq-platform-role-test-hivemq-platform" not found, metadata=ListMeta(_continue=null, remainingItemCount=null, resourceVersion=null, selfLink=null, additionalProperties={}), reason=NotFound, status=Failure, additionalProperties={}).
2025-01-28 20:43:49,657 INFO c.h.h.t.HelmChartContainer - [hivemq-test-hivemq-platform] [hivemq-platform-operator] [13a66c66] 	at io.fabric8.kubernetes.client.dsl.internal.OperationSupport.requestFailure(OperationSupport.java:660)
2025-01-28 20:43:49,657 INFO c.h.h.t.HelmChartContainer - [hivemq-test-hivemq-platform] [hivemq-platform-operator] [13a66c66] 	at io.fabric8.kubernetes.client.dsl.internal.OperationSupport.requestFailure(OperationSupport.java:640)
2025-01-28 20:43:49,657 INFO c.h.h.t.HelmChartContainer - [hivemq-test-hivemq-platform] [hivemq-platform-operator] [13a66c66] 	at io.fabric8.kubernetes.client.dsl.internal.OperationSupport.assertResponseCode(OperationSupport.java:589)
2025-01-28 20:43:49,657 INFO c.h.h.t.HelmChartContainer - [hivemq-test-hivemq-platform] [hivemq-platform-operator] [13a66c66] 	at io.fabric8.kubernetes.client.dsl.internal.OperationSupport.lambda$handleResponse$0(OperationSupport.java:549)
2025-01-28 20:43:49,657 INFO c.h.h.t.HelmChartContainer - [hivemq-test-hivemq-platform] [hivemq-platform-operator] [13a66c66] 	at java.base/java.util.concurrent.CompletableFuture$UniApply.tryFire(Unknown Source)
2025-01-28 20:43:49,657 INFO c.h.h.t.HelmChartContainer - [hivemq-test-hivemq-platform] [hivemq-platform-operator] [13a66c66] 	at java.base/java.util.concurrent.CompletableFuture.postComplete(Unknown Source)
2025-01-28 20:43:49,657 INFO c.h.h.t.HelmChartContainer - [hivemq-test-hivemq-platform] [hivemq-platform-operator] [13a66c66] 	at java.base/java.util.concurrent.CompletableFuture.complete(Unknown Source)
2025-01-28 20:43:49,657 INFO c.h.h.t.HelmChartContainer - [hivemq-test-hivemq-platform] [hivemq-platform-operator] [13a66c66] 	at io.fabric8.kubernetes.client.http.StandardHttpClient.lambda$completeOrCancel$10(StandardHttpClient.java:141)
2025-01-28 20:43:49,657 INFO c.h.h.t.HelmChartContainer - [hivemq-test-hivemq-platform] [hivemq-platform-operator] [13a66c66] 	at java.base/java.util.concurrent.CompletableFuture.uniWhenComplete(Unknown Source)
2025-01-28 20:43:49,657 INFO c.h.h.t.HelmChartContainer - [hivemq-test-hivemq-platform] [hivemq-platform-operator] [13a66c66] 	at java.base/java.util.concurrent.CompletableFuture$UniWhenComplete.tryFire(Unknown Source)
2025-01-28 20:43:49,657 INFO c.h.h.t.HelmChartContainer - [hivemq-test-hivemq-platform] [hivemq-platform-operator] [13a66c66] 	at java.base/java.util.concurrent.CompletableFuture.postComplete(Unknown Source)
2025-01-28 20:43:49,657 INFO c.h.h.t.HelmChartContainer - [hivemq-test-hivemq-platform] [hivemq-platform-operator] [13a66c66] 	at java.base/java.util.concurrent.CompletableFuture.complete(Unknown Source)
2025-01-28 20:43:49,657 INFO c.h.h.t.HelmChartContainer - [hivemq-test-hivemq-platform] [hivemq-platform-operator] [13a66c66] 	at io.fabric8.kubernetes.client.http.ByteArrayBodyHandler.onBodyDone(ByteArrayBodyHandler.java:51)
2025-01-28 20:43:49,657 INFO c.h.h.t.HelmChartContainer - [hivemq-test-hivemq-platform] [hivemq-platform-operator] [13a66c66] 	at java.base/java.util.concurrent.CompletableFuture.uniWhenComplete(Unknown Source)
2025-01-28 20:43:49,657 INFO c.h.h.t.HelmChartContainer - [hivemq-test-hivemq-platform] [hivemq-platform-operator] [13a66c66] 	at java.base/java.util.concurrent.CompletableFuture$UniWhenComplete.tryFire(Unknown Source)
2025-01-28 20:43:49,657 INFO c.h.h.t.HelmChartContainer - [hivemq-test-hivemq-platform] [hivemq-platform-operator] [13a66c66] 	at java.base/java.util.concurrent.CompletableFuture.postComplete(Unknown Source)
2025-01-28 20:43:49,657 INFO c.h.h.t.HelmChartContainer - [hivemq-test-hivemq-platform] [hivemq-platform-operator] [13a66c66] 	at java.base/java.util.concurrent.CompletableFuture.complete(Unknown Source)
2025-01-28 20:43:49,657 INFO c.h.h.t.HelmChartContainer - [hivemq-test-hivemq-platform] [hivemq-platform-operator] [13a66c66] 	at io.fabric8.kubernetes.client.vertx.VertxHttpRequest.lambda$null$1(VertxHttpRequest.java:121)
2025-01-28 20:43:49,657 INFO c.h.h.t.HelmChartContainer - [hivemq-test-hivemq-platform] [hivemq-platform-operator] [13a66c66] 	at io.vertx.core.impl.ContextInternal.dispatch(ContextInternal.java:279)
2025-01-28 20:43:49,657 INFO c.h.h.t.HelmChartContainer - [hivemq-test-hivemq-platform] [hivemq-platform-operator] [13a66c66] 	at io.vertx.core.impl.ContextInternal.dispatch(ContextInternal.java:261)
2025-01-28 20:43:49,657 INFO c.h.h.t.HelmChartContainer - [hivemq-test-hivemq-platform] [hivemq-platform-operator] [13a66c66] 	at io.vertx.core.http.impl.HttpEventHandler.handleEnd(HttpEventHandler.java:76)
2025-01-28 20:43:49,657 INFO c.h.h.t.HelmChartContainer - [hivemq-test-hivemq-platform] [hivemq-platform-operator] [13a66c66] 	at io.vertx.core.http.impl.HttpClientResponseImpl.handleEnd(HttpClientResponseImpl.java:250)
2025-01-28 20:43:49,657 INFO c.h.h.t.HelmChartContainer - [hivemq-test-hivemq-platform] [hivemq-platform-operator] [13a66c66] 	at io.vertx.core.http.impl.Http1xClientConnection$StreamImpl.lambda$new$0(Http1xClientConnection.java:421)
2025-01-28 20:43:49,657 INFO c.h.h.t.HelmChartContainer - [hivemq-test-hivemq-platform] [hivemq-platform-operator] [13a66c66] 	at io.vertx.core.streams.impl.InboundBuffer.handleEvent(InboundBuffer.java:279)
2025-01-28 20:43:49,657 INFO c.h.h.t.HelmChartContainer - [hivemq-test-hivemq-platform] [hivemq-platform-operator] [13a66c66] 	at io.vertx.core.streams.impl.InboundBuffer.write(InboundBuffer.java:157)
2025-01-28 20:43:49,657 INFO c.h.h.t.HelmChartContainer - [hivemq-test-hivemq-platform] [hivemq-platform-operator] [13a66c66] 	at io.vertx.core.http.impl.Http1xClientConnection$StreamImpl.handleEnd(Http1xClientConnection.java:709)
2025-01-28 20:43:49,657 INFO c.h.h.t.HelmChartContainer - [hivemq-test-hivemq-platform] [hivemq-platform-operator] [13a66c66] 	at io.vertx.core.impl.ContextImpl.lambda$execute$4(ContextImpl.java:315)
2025-01-28 20:43:49,657 INFO c.h.h.t.HelmChartContainer - [hivemq-test-hivemq-platform] [hivemq-platform-operator] [13a66c66] 	at io.netty.util.concurrent.AbstractEventExecutor.runTask(AbstractEventExecutor.java:173)
2025-01-28 20:43:49,657 INFO c.h.h.t.HelmChartContainer - [hivemq-test-hivemq-platform] [hivemq-platform-operator] [13a66c66] 	at io.netty.util.concurrent.AbstractEventExecutor.safeExecute(AbstractEventExecutor.java:166)
2025-01-28 20:43:49,657 INFO c.h.h.t.HelmChartContainer - [hivemq-test-hivemq-platform] [hivemq-platform-operator] [13a66c66] 	at io.netty.util.concurrent.SingleThreadEventExecutor.runAllTasks(SingleThreadEventExecutor.java:472)
2025-01-28 20:43:49,657 INFO c.h.h.t.HelmChartContainer - [hivemq-test-hivemq-platform] [hivemq-platform-operator] [13a66c66] 	at io.netty.channel.nio.NioEventLoop.run(NioEventLoop.java:566)
2025-01-28 20:43:49,657 INFO c.h.h.t.HelmChartContainer - [hivemq-test-hivemq-platform] [hivemq-platform-operator] [13a66c66] 	at io.netty.util.concurrent.SingleThreadEventExecutor$4.run(SingleThreadEventExecutor.java:997)
2025-01-28 20:43:49,657 INFO c.h.h.t.HelmChartContainer - [hivemq-test-hivemq-platform] [hivemq-platform-operator] [13a66c66] 	at io.netty.util.internal.ThreadExecutorMap$2.run(ThreadExecutorMap.java:74)
2025-01-28 20:43:49,657 INFO c.h.h.t.HelmChartContainer - [hivemq-test-hivemq-platform] [hivemq-platform-operator] [13a66c66] 	at io.netty.util.concurrent.FastThreadLocalRunnable.run(FastThreadLocalRunnable.java:30)
2025-01-28 20:43:49,657 INFO c.h.h.t.HelmChartContainer - [hivemq-test-hivemq-platform] [hivemq-platform-operator] [13a66c66] 	... 1 more
2025-01-28 20:43:49,657 INFO c.h.h.t.HelmChartContainer - [hivemq-test-hivemq-platform] [hivemq-platform-operator] [13a66c66] 
2025-01-28 20:43:49,657 INFO c.h.h.t.HelmChartContainer - [hivemq-test-hivemq-platform] [hivemq-platform-operator] [13a66c66] 	at io.javaoperatorsdk.operator.processing.dependent.workflow.WorkflowResult.throwAggregateExceptionIfErrorsPresent(WorkflowResult.java:54)
2025-01-28 20:43:49,657 INFO c.h.h.t.HelmChartContainer - [hivemq-test-hivemq-platform] [hivemq-platform-operator] [13a66c66] 	at io.javaoperatorsdk.operator.processing.dependent.workflow.WorkflowReconcileResult.throwAggregateExceptionIfErrorsPresent(WorkflowReconcileResult.java:9)
2025-01-28 20:43:49,657 INFO c.h.h.t.HelmChartContainer - [hivemq-test-hivemq-platform] [hivemq-platform-operator] [13a66c66] 	at io.javaoperatorsdk.operator.processing.dependent.workflow.DefaultWorkflow.reconcile(DefaultWorkflow.java:98)
2025-01-28 20:43:49,657 INFO c.h.h.t.HelmChartContainer - [hivemq-test-hivemq-platform] [hivemq-platform-operator] [13a66c66] 	at io.javaoperatorsdk.operator.processing.Controller$1.execute(Controller.java:147)
2025-01-28 20:43:49,657 INFO c.h.h.t.HelmChartContainer - [hivemq-test-hivemq-platform] [hivemq-platform-operator] [13a66c66] 	at io.javaoperatorsdk.operator.processing.Controller$1.execute(Controller.java:110)
2025-01-28 20:43:49,657 INFO c.h.h.t.HelmChartContainer - [hivemq-test-hivemq-platform] [hivemq-platform-operator] [13a66c66] 	at io.javaoperatorsdk.operator.monitoring.micrometer.MicrometerMetrics.lambda$timeControllerExecution$0(MicrometerMetrics.java:163)
2025-01-28 20:43:49,657 INFO c.h.h.t.HelmChartContainer - [hivemq-test-hivemq-platform] [hivemq-platform-operator] [13a66c66] 	... 11 common frames omitted
2025-01-28 20:43:49,661 INFO c.h.h.t.HelmChartContainer - [K3S] [scope.go:117] "RemoveContainer" containerID="70417a4ca2221b59e2d0ed57f3916745cb4ec594a0bff05e5ec646711100cefc"
2025-01-28 20:43:49,663 INFO c.h.h.t.HelmChartContainer - [hivemq-test-hivemq-platform] [hivemq-platform-operator] [13a66c66] 20:43:49.661 [ReconcilerExecutor-hivemq-controller-156] INFO  c.h.p.o.HiveMQPlatformReconciler - [helmcont] Cleanup test-hivemq-platform - helmcontainersecuritycontextupgradeplatformit HiveMQ Platform is shut down
2025-01-28 20:43:49,668 INFO c.h.h.t.HelmChartContainer - [K3S] [scope.go:117] "RemoveContainer" containerID="4e3ec69f7b6b3bf16fdc79e7da8b33978e8003722b1b56f60cc737c166626d9d"
2025-01-28 20:43:49,669 INFO c.h.h.t.HelmChartContainer - [K3S] [scope.go:117] "RemoveContainer" containerID="70417a4ca2221b59e2d0ed57f3916745cb4ec594a0bff05e5ec646711100cefc"
2025-01-28 20:43:49,822 INFO c.h.h.t.HelmChartContainer - [test-hivemq-platform] [hivemq] [87c810f9] INFO  - [HiveMQ Platform Operator Init App 1.7.0-SNAPSHOT] Returning Health API response 200 for liveness
2025-01-28 20:43:50,156 INFO c.h.h.t.HelmChartContainer - [K3S] [kubelet_volumes.go:163] "Cleaned up orphaned pod volumes dir" podUID="918b2933-cb4b-4122-a005-1e5c0ac84200" path="/var/lib/kubelet/pods/918b2933-cb4b-4122-a005-1e5c0ac84200/volumes"
2025-01-28 20:43:50,371 INFO c.h.h.t.HelmChartContainer - [POD] test-hivemq-platform-0 [87c810f9-c1cd-416b-b70c-05c054c36435] in helmcontainersecuritycontextupgradeplatformit was MODIFIED
2025-01-28 20:43:50,373 INFO c.h.h.t.HelmChartContainer - [EVENT] Normal [Killing] Stopping container hivemq [helmcontainersecuritycontextupgradeplatformit:test-hivemq-platform-0]
2025-01-28 20:43:50,373 INFO c.h.h.t.HelmChartContainer - Received Killing event for container hivemq in pod test-hivemq-platform-0 [87c810f9-c1cd-416b-b70c-05c054c36435]
2025-01-28 20:43:50,373 INFO c.h.h.t.HelmChartContainer - Container [test-hivemq-platform-0] [hivemq] [87c810f9-c1cd-416b-b70c-05c054c36435] was terminated
2025-01-28 20:43:50,373 INFO c.h.h.t.HelmChartContainer - Stopped log watcher for hivemq in pod test-hivemq-platform-0 [87c810f9-c1cd-416b-b70c-05c054c36435]
2025-01-28 20:43:50,374 INFO c.h.h.t.HelmChartContainer - [test-hivemq-platform] [hivemq] [87c810f9] INFO  - [HiveMQ Platform Operator Init App 1.7.0-SNAPSHOT] Shutting down
2025-01-28 20:43:50,374 INFO c.h.h.t.HelmChartContainer - [test-hivemq-platform] [hivemq] [87c810f9] INFO  - [HiveMQ Platform Operator Init App 1.7.0-SNAPSHOT] Stopping the HiveMQ Platform
2025-01-28 20:43:50,427 INFO c.h.h.t.HelmChartContainer - [test-hivemq-platform] [hivemq] [87c810f9] INFO  - Shutting down HiveMQ. Please wait, this could take a while...
2025-01-28 20:43:50,431 INFO c.h.h.t.HelmChartContainer - [test-hivemq-platform] [hivemq] [87c810f9] INFO  - Shutting down listeners and clients
2025-01-28 20:43:50,513 INFO c.h.h.t.HelmChartContainer - [test-hivemq-platform] [hivemq] [87c810f9] INFO  - Shutdown of listeners is done
2025-01-28 20:43:50,514 INFO c.h.h.t.HelmChartContainer - [test-hivemq-platform] [hivemq] [87c810f9] INFO  - No clients are connected, proceeding with shutdown
2025-01-28 20:43:51,467 INFO c.h.h.t.HelmChartContainer - Deleting namespace 'helmcontainersecuritycontextupgradeplatformit'...
2025-01-28 20:43:53,025 INFO c.h.h.t.HelmChartContainer - [test-hivemq-platform] [hivemq] [87c810f9] INFO  - Shutting down extension system
2025-01-28 20:43:53,028 INFO c.h.h.t.HelmChartContainer - [test-hivemq-platform] [hivemq] [87c810f9] INFO  - Stopping extension with id hivemq-dns-cluster-discovery
2025-01-28 20:43:53,029 INFO c.h.h.t.HelmChartContainer - [test-hivemq-platform] [hivemq] [87c810f9] INFO  - Extension "DNS Cluster Discovery Extension" version 4.3.2 stopped successfully.
2025-01-28 20:43:53,029 INFO c.h.h.t.HelmChartContainer - [test-hivemq-platform] [hivemq] [87c810f9] INFO  - Stopping extension with id hivemq-prometheus-extension
2025-01-28 20:43:53,033 INFO c.h.h.t.HelmChartContainer - [test-hivemq-platform] [hivemq] [87c810f9] INFO  - Extension "Prometheus Monitoring Extension" version 4.0.12 stopped successfully.
2025-01-28 20:43:53,033 INFO c.h.h.t.HelmChartContainer - [test-hivemq-platform] [hivemq] [87c810f9] INFO  - Stopping extension with id hivemq-allow-all-extension
2025-01-28 20:43:53,033 INFO c.h.h.t.HelmChartContainer - [test-hivemq-platform] [hivemq] [87c810f9] INFO  - Extension "Allow All Extension" version 1.1.1 stopped successfully.
2025-01-28 20:43:53,136 INFO c.h.h.t.HelmChartContainer - [test-hivemq-platform] [hivemq] [87c810f9] INFO  - [HiveMQ Platform Operator Init App 1.7.0-SNAPSHOT] Returning shutdown Health API response 503 for readiness
2025-01-28 20:43:53,141 INFO c.h.h.t.HelmChartContainer - [EVENT] Warning [Unhealthy] Readiness probe failed: HTTP probe failed with statuscode: 503 [helmcontainersecuritycontextupgradeplatformit:test-hivemq-platform-0]
2025-01-28 20:43:53,141 INFO c.h.h.t.HelmChartContainer - Received Unhealthy event for container hivemq in pod test-hivemq-platform-0 [87c810f9-c1cd-416b-b70c-05c054c36435]
2025-01-28 20:43:53,644 INFO c.h.h.t.HelmChartContainer - [K3S] [authentication.go:74] "Unable to authenticate the request" err="[invalid bearer token, serviceaccounts \"hivemq-platform-pod-test-hivemq-platform\" not found]"
2025-01-28 20:43:53,661 INFO c.h.h.t.HelmChartContainer - [K3S] [authentication.go:74] "Unable to authenticate the request" err="[invalid bearer token, serviceaccounts \"hivemq-platform-pod-test-hivemq-platform\" not found]"
2025-01-28 20:43:53,727 INFO c.h.h.t.HelmChartContainer - [test-hivemq-platform] [hivemq] [87c810f9] WARN  - [HiveMQ Platform Operator Init App 1.7.0-SNAPSHOT] Could not update Pod annotations: Failure executing: GET at: https://10.43.0.1:443/api/v1/namespaces/helmcontainersecuritycontextupgradeplatformit/pods/test-hivemq-platform-0. Message: Unauthorized. Received status: Status(apiVersion=v1, code=401, details=null, kind=Status, message=Unauthorized, metadata=ListMeta(_continue=null, remainingItemCount=null, resourceVersion=null, selfLink=null, additionalProperties={}), reason=Unauthorized, status=Failure, additionalProperties={}).
2025-01-28 20:43:55,304 INFO c.h.h.t.HelmChartContainer - [test-hivemq-platform] [hivemq] [87c810f9] INFO  - Shutdown completed.
2025-01-28 20:43:55,662 INFO c.h.h.t.HelmChartContainer - [test-hivemq-platform] [hivemq] [87c810f9] INFO  - [HiveMQ Platform Operator Init App 1.7.0-SNAPSHOT] The HiveMQ Platform exited with code 143
2025-01-28 20:43:55,662 INFO c.h.h.t.HelmChartContainer - [test-hivemq-platform] [hivemq] [87c810f9] INFO  - [HiveMQ Platform Operator Init App 1.7.0-SNAPSHOT] Stopping the REST API
2025-01-28 20:43:55,669 INFO c.h.h.t.HelmChartContainer - [test-hivemq-platform] [hivemq] [87c810f9] INFO  - [HiveMQ Platform Operator Init App 1.7.0-SNAPSHOT] Shutdown complete
2025-01-28 20:43:56,144 INFO c.h.h.t.HelmChartContainer - [POD] test-hivemq-platform-0 [87c810f9-c1cd-416b-b70c-05c054c36435] in helmcontainersecuritycontextupgradeplatformit was MODIFIED
2025-01-28 20:43:56,144 INFO c.h.h.t.HelmChartContainer - [K3S] [stateful_set.go:438] "Unhandled Error" err="error syncing StatefulSet helmcontainersecuritycontextupgradeplatformit/test-hivemq-platform, requeuing: controllerrevisions.apps \"test-hivemq-platform-bcdd64595\" is forbidden: unable to create new content in namespace helmcontainersecuritycontextupgradeplatformit because it is being terminated"
2025-01-28 20:43:56,152 INFO c.h.h.t.HelmChartContainer - [K3S] [stateful_set.go:438] "Unhandled Error" err="error syncing StatefulSet helmcontainersecuritycontextupgradeplatformit/test-hivemq-platform, requeuing: controllerrevisions.apps \"test-hivemq-platform-bcdd64595\" is forbidden: unable to create new content in namespace helmcontainersecuritycontextupgradeplatformit because it is being terminated"
2025-01-28 20:43:56,166 INFO c.h.h.t.HelmChartContainer - [K3S] [stateful_set.go:438] "Unhandled Error" err="error syncing StatefulSet helmcontainersecuritycontextupgradeplatformit/test-hivemq-platform, requeuing: controllerrevisions.apps \"test-hivemq-platform-bcdd64595\" is forbidden: unable to create new content in namespace helmcontainersecuritycontextupgradeplatformit because it is being terminated"
2025-01-28 20:43:56,189 INFO c.h.h.t.HelmChartContainer - [K3S] [stateful_set.go:438] "Unhandled Error" err="error syncing StatefulSet helmcontainersecuritycontextupgradeplatformit/test-hivemq-platform, requeuing: controllerrevisions.apps \"test-hivemq-platform-bcdd64595\" is forbidden: unable to create new content in namespace helmcontainersecuritycontextupgradeplatformit because it is being terminated"
2025-01-28 20:43:56,199 INFO c.h.h.t.HelmChartContainer - [K3S] [reconciler_common.go:162] "operationExecutor.UnmountVolume started for volume \"operator-init\" (UniqueName: \"kubernetes.io/empty-dir/87c810f9-c1cd-416b-b70c-05c054c36435-operator-init\") pod \"87c810f9-c1cd-416b-b70c-05c054c36435\" (UID: \"87c810f9-c1cd-416b-b70c-05c054c36435\") "
2025-01-28 20:43:56,199 INFO c.h.h.t.HelmChartContainer - [K3S] [reconciler_common.go:162] "operationExecutor.UnmountVolume started for volume \"pod-info\" (UniqueName: \"kubernetes.io/configmap/87c810f9-c1cd-416b-b70c-05c054c36435-pod-info\") pod \"87c810f9-c1cd-416b-b70c-05c054c36435\" (UID: \"87c810f9-c1cd-416b-b70c-05c054c36435\") "
2025-01-28 20:43:56,199 INFO c.h.h.t.HelmChartContainer - [K3S] [reconciler_common.go:162] "operationExecutor.UnmountVolume started for volume \"broker-configuration\" (UniqueName: \"kubernetes.io/configmap/87c810f9-c1cd-416b-b70c-05c054c36435-broker-configuration\") pod \"87c810f9-c1cd-416b-b70c-05c054c36435\" (UID: \"87c810f9-c1cd-416b-b70c-05c054c36435\") "
2025-01-28 20:43:56,199 INFO c.h.h.t.HelmChartContainer - [K3S] [reconciler_common.go:162] "operationExecutor.UnmountVolume started for volume \"kube-api-access-fzfdq\" (UniqueName: \"kubernetes.io/projected/87c810f9-c1cd-416b-b70c-05c054c36435-kube-api-access-fzfdq\") pod \"87c810f9-c1cd-416b-b70c-05c054c36435\" (UID: \"87c810f9-c1cd-416b-b70c-05c054c36435\") "
2025-01-28 20:43:56,234 INFO c.h.h.t.HelmChartContainer - [K3S] [stateful_set.go:438] "Unhandled Error" err="error syncing StatefulSet helmcontainersecuritycontextupgradeplatformit/test-hivemq-platform, requeuing: controllerrevisions.apps \"test-hivemq-platform-bcdd64595\" is forbidden: unable to create new content in namespace helmcontainersecuritycontextupgradeplatformit because it is being terminated"
2025-01-28 20:43:56,300 INFO c.h.h.t.HelmChartContainer - [K3S] [reconciler_common.go:299] "Volume detached for volume \"operator-init\" (UniqueName: \"kubernetes.io/empty-dir/87c810f9-c1cd-416b-b70c-05c054c36435-operator-init\") on node \"a4d7440200d1\" DevicePath \"\""
2025-01-28 20:43:56,300 INFO c.h.h.t.HelmChartContainer - [K3S] [reconciler_common.go:299] "Volume detached for volume \"pod-info\" (UniqueName: \"kubernetes.io/configmap/87c810f9-c1cd-416b-b70c-05c054c36435-pod-info\") on node \"a4d7440200d1\" DevicePath \"\""
2025-01-28 20:43:56,300 INFO c.h.h.t.HelmChartContainer - [K3S] [reconciler_common.go:299] "Volume detached for volume \"broker-configuration\" (UniqueName: \"kubernetes.io/configmap/87c810f9-c1cd-416b-b70c-05c054c36435-broker-configuration\") on node \"a4d7440200d1\" DevicePath \"\""
2025-01-28 20:43:56,300 INFO c.h.h.t.HelmChartContainer - [K3S] [reconciler_common.go:299] "Volume detached for volume \"kube-api-access-fzfdq\" (UniqueName: \"kubernetes.io/projected/87c810f9-c1cd-416b-b70c-05c054c36435-kube-api-access-fzfdq\") on node \"a4d7440200d1\" DevicePath \"\""
2025-01-28 20:43:56,318 INFO c.h.h.t.HelmChartContainer - [K3S] [stateful_set.go:438] "Unhandled Error" err="error syncing StatefulSet helmcontainersecuritycontextupgradeplatformit/test-hivemq-platform, requeuing: controllerrevisions.apps \"test-hivemq-platform-bcdd64595\" is forbidden: unable to create new content in namespace helmcontainersecuritycontextupgradeplatformit because it is being terminated"
2025-01-28 20:43:56,481 INFO c.h.h.t.HelmChartContainer - [K3S] [stateful_set.go:438] "Unhandled Error" err="error syncing StatefulSet helmcontainersecuritycontextupgradeplatformit/test-hivemq-platform, requeuing: controllerrevisions.apps \"test-hivemq-platform-bcdd64595\" is forbidden: unable to create new content in namespace helmcontainersecuritycontextupgradeplatformit because it is being terminated"
2025-01-28 20:43:56,543 INFO c.h.h.t.HelmChartContainer - [K3S] [scope.go:117] "RemoveContainer" containerID="d6549941fdbf7dcbdbbf2e7af83e5804400935667d99859d086b613deeb4fd98"
2025-01-28 20:43:56,564 INFO c.h.h.t.HelmChartContainer - [POD] test-hivemq-platform-0 [87c810f9-c1cd-416b-b70c-05c054c36435] in helmcontainersecuritycontextupgradeplatformit was MODIFIED
2025-01-28 20:43:56,572 INFO c.h.h.t.HelmChartContainer - [K3S] [stateful_set.go:438] "Unhandled Error" err="error syncing StatefulSet helmcontainersecuritycontextupgradeplatformit/test-hivemq-platform, requeuing: controllerrevisions.apps \"test-hivemq-platform-bcdd64595\" is forbidden: unable to create new content in namespace helmcontainersecuritycontextupgradeplatformit because it is being terminated"
2025-01-28 20:43:56,574 INFO c.h.h.t.HelmChartContainer - [POD] test-hivemq-platform-0 [87c810f9-c1cd-416b-b70c-05c054c36435] in helmcontainersecuritycontextupgradeplatformit was DELETED
2025-01-28 20:43:56,581 INFO c.h.h.t.HelmChartContainer - [K3S] [stateful_set.go:438] "Unhandled Error" err="error syncing StatefulSet helmcontainersecuritycontextupgradeplatformit/test-hivemq-platform, requeuing: controllerrevisions.apps \"test-hivemq-platform-bcdd64595\" is forbidden: unable to create new content in namespace helmcontainersecuritycontextupgradeplatformit because it is being terminated"
2025-01-28 20:43:56,613 INFO c.h.h.t.HelmChartContainer - [K3S] [stateful_set.go:466] "StatefulSet has been deleted" key="helmcontainersecuritycontextupgradeplatformit/test-hivemq-platform"
2025-01-28 20:43:56,717 INFO c.h.h.t.HelmChartContainer - [K3S] [scope.go:117] "RemoveContainer" containerID="82cf2219faab72ba8c9359608ade74d6bbf0a46b41f15f63ecdaf2cb508e2b18"
2025-01-28 20:43:56,720 INFO c.h.h.t.HelmChartContainer - [K3S] [scope.go:117] "RemoveContainer" containerID="d6549941fdbf7dcbdbbf2e7af83e5804400935667d99859d086b613deeb4fd98"
2025-01-28 20:43:56,721 INFO c.h.h.t.HelmChartContainer - [K3S] [scope.go:117] "RemoveContainer" containerID="82cf2219faab72ba8c9359608ade74d6bbf0a46b41f15f63ecdaf2cb508e2b18"
2025-01-28 20:43:56,802 INFO c.h.h.t.HelmChartContainer - [K3S] [stateful_set.go:466] "StatefulSet has been deleted" key="helmcontainersecuritycontextupgradeplatformit/test-hivemq-platform"
2025-01-28 20:43:56,804 INFO c.h.h.t.HelmChartContainer - Namespace 'helmcontainersecuritycontextupgradeplatformit' deleted
2025-01-28 20:43:56,804 INFO c.h.h.t.HelmChartContainer - Release 'test-hivemq-platform' in namespace 'helmcontainersecuritycontextupgradeplatformit' is uninstalled
2025-01-28 20:43:56,804 INFO c.h.h.t.HelmChartContainer - Uninstalling release 'test-hivemq-platform-operator' in namespace 'helmcontainersecuritycontextupgradeplatformit-operator'...
2025-01-28 20:43:56,804 DEBUG c.h.h.t.HelmChartContainer - Executing helm command: /bin/helm --kubeconfig /etc/rancher/k3s/k3s.yaml uninstall test-hivemq-platform-operator  --wait --timeout 5m0s --cascade foreground --namespace helmcontainersecuritycontextupgradeplatformit-operator
2025-01-28 20:43:56,969 INFO c.h.h.t.HelmChartContainer - [K3S] [replica_set.go:679] "Finished syncing" kind="ReplicaSet" key="helmcontainersecuritycontextupgradeplatformit-operator/hivemq-test-hivemq-platform-operator-8669f546db" duration="9.796328ms"
2025-01-28 20:43:56,970 INFO c.h.h.t.HelmChartContainer - [K3S] [replica_set.go:679] "Finished syncing" kind="ReplicaSet" key="helmcontainersecuritycontextupgradeplatformit-operator/hivemq-test-hivemq-platform-operator-8669f546db" duration="92.813µs"
2025-01-28 20:43:56,984 INFO c.h.h.t.HelmChartContainer - [POD] hivemq-test-hivemq-platform-operator-8669f546db-rw4sh [13a66c66-0226-413a-b052-b4ebf8bdfcc7] in helmcontainersecuritycontextupgradeplatformit-operator was MODIFIED
2025-01-28 20:43:56,996 INFO c.h.h.t.HelmChartContainer - [hivemq-test-hivemq-platform] [hivemq-platform-operator] [13a66c66] 20:43:56.994 [application-shutdown-thread] INFO  c.h.p.o.HiveMQPlatformOperatorApplication - HiveMQ Platform Operator is stopping...
2025-01-28 20:43:56,998 INFO c.h.h.t.HelmChartContainer - [hivemq-test-hivemq-platform] [hivemq-platform-operator] [13a66c66] 20:43:56.994 [application-shutdown-thread] INFO  i.javaoperatorsdk.operator.Operator - Operator SDK 4.9.7 is shutting down...
2025-01-28 20:43:56,999 INFO c.h.h.t.HelmChartContainer - [K3S] [replica_set.go:679] "Finished syncing" kind="ReplicaSet" key="helmcontainersecuritycontextupgradeplatformit-operator/hivemq-test-hivemq-platform-operator-8669f546db" duration="10.492391ms"
2025-01-28 20:43:57,000 INFO c.h.h.t.HelmChartContainer - [K3S] [replica_set.go:679] "Finished syncing" kind="ReplicaSet" key="helmcontainersecuritycontextupgradeplatformit-operator/hivemq-test-hivemq-platform-operator-8669f546db" duration="44.363µs"
2025-01-28 20:43:57,001 INFO c.h.h.t.HelmChartContainer - [EVENT] Normal [Killing] Stopping container hivemq-platform-operator [helmcontainersecuritycontextupgradeplatformit-operator:hivemq-test-hivemq-platform-operator-8669f546db-rw4sh]
2025-01-28 20:43:57,001 INFO c.h.h.t.HelmChartContainer - Received Killing event for container hivemq-platform-operator in pod hivemq-test-hivemq-platform-operator-8669f546db-rw4sh [13a66c66-0226-413a-b052-b4ebf8bdfcc7]
2025-01-28 20:43:57,001 INFO c.h.h.t.HelmChartContainer - Container [hivemq-test-hivemq-platform-operator-8669f546db-rw4sh] [hivemq-platform-operator] [13a66c66-0226-413a-b052-b4ebf8bdfcc7] was terminated
2025-01-28 20:43:57,001 INFO c.h.h.t.HelmChartContainer - Stopped log watcher for hivemq-platform-operator in pod hivemq-test-hivemq-platform-operator-8669f546db-rw4sh [13a66c66-0226-413a-b052-b4ebf8bdfcc7]
2025-01-28 20:43:57,545 INFO c.h.h.t.HelmChartContainer - [K3S] [replica_set.go:679] "Finished syncing" kind="ReplicaSet" key="helmcontainersecuritycontextupgradeplatformit-operator/hivemq-test-hivemq-platform-operator-8669f546db" duration="39.974µs"
2025-01-28 20:43:57,547 INFO c.h.h.t.HelmChartContainer - [K3S] [scope.go:117] "RemoveContainer" containerID="33c6e2a3d6c8627dd759265b7513e9b7df6ae7d955039895f11ed9e813447241"
2025-01-28 20:43:57,547 INFO c.h.h.t.HelmChartContainer - [POD] hivemq-test-hivemq-platform-operator-8669f546db-rw4sh [13a66c66-0226-413a-b052-b4ebf8bdfcc7] in helmcontainersecuritycontextupgradeplatformit-operator was MODIFIED
2025-01-28 20:43:57,552 INFO c.h.h.t.HelmChartContainer - [K3S] [scope.go:117] "RemoveContainer" containerID="33c6e2a3d6c8627dd759265b7513e9b7df6ae7d955039895f11ed9e813447241"
2025-01-28 20:43:57,606 INFO c.h.h.t.HelmChartContainer - [K3S] [reconciler_common.go:162] "operationExecutor.UnmountVolume started for volume \"kube-api-access-ldj4w\" (UniqueName: \"kubernetes.io/projected/13a66c66-0226-413a-b052-b4ebf8bdfcc7-kube-api-access-ldj4w\") pod \"13a66c66-0226-413a-b052-b4ebf8bdfcc7\" (UID: \"13a66c66-0226-413a-b052-b4ebf8bdfcc7\") "
2025-01-28 20:43:57,707 INFO c.h.h.t.HelmChartContainer - [K3S] [reconciler_common.go:299] "Volume detached for volume \"kube-api-access-ldj4w\" (UniqueName: \"kubernetes.io/projected/13a66c66-0226-413a-b052-b4ebf8bdfcc7-kube-api-access-ldj4w\") on node \"a4d7440200d1\" DevicePath \"\""
2025-01-28 20:43:57,859 INFO c.h.h.t.HelmChartContainer - [K3S] [replica_set.go:679] "Finished syncing" kind="ReplicaSet" key="helmcontainersecuritycontextupgradeplatformit-operator/hivemq-test-hivemq-platform-operator-8669f546db" duration="41.618µs"
2025-01-28 20:43:57,860 INFO c.h.h.t.HelmChartContainer - [POD] hivemq-test-hivemq-platform-operator-8669f546db-rw4sh [13a66c66-0226-413a-b052-b4ebf8bdfcc7] in helmcontainersecuritycontextupgradeplatformit-operator was MODIFIED
2025-01-28 20:43:57,862 INFO c.h.h.t.HelmChartContainer - [K3S] [replica_set.go:679] "Finished syncing" kind="ReplicaSet" key="helmcontainersecuritycontextupgradeplatformit-operator/hivemq-test-hivemq-platform-operator-8669f546db" duration="34.304µs"
2025-01-28 20:43:57,862 INFO c.h.h.t.HelmChartContainer - [POD] hivemq-test-hivemq-platform-operator-8669f546db-rw4sh [13a66c66-0226-413a-b052-b4ebf8bdfcc7] in helmcontainersecuritycontextupgradeplatformit-operator was DELETED
2025-01-28 20:43:57,873 INFO c.h.h.t.HelmChartContainer - [K3S] [replica_set.go:679] "Finished syncing" kind="ReplicaSet" key="helmcontainersecuritycontextupgradeplatformit-operator/hivemq-test-hivemq-platform-operator-8669f546db" duration="5.45µs"
2025-01-28 20:43:58,156 INFO c.h.h.t.HelmChartContainer - [K3S] [kubelet_volumes.go:163] "Cleaned up orphaned pod volumes dir" podUID="13a66c66-0226-413a-b052-b4ebf8bdfcc7" path="/var/lib/kubelet/pods/13a66c66-0226-413a-b052-b4ebf8bdfcc7/volumes"
2025-01-28 20:43:58,157 INFO c.h.h.t.HelmChartContainer - [K3S] [kubelet_volumes.go:163] "Cleaned up orphaned pod volumes dir" podUID="87c810f9-c1cd-416b-b70c-05c054c36435" path="/var/lib/kubelet/pods/87c810f9-c1cd-416b-b70c-05c054c36435/volumes"
2025-01-28 20:43:59,009 INFO c.h.h.t.HelmChartContainer - Deleting namespace 'helmcontainersecuritycontextupgradeplatformit-operator'...
2025-01-28 20:44:01,766 INFO c.h.h.t.HelmChartContainer - [K3S] [namespace_controller.go:187] "Namespace has been deleted" namespace="helmcontainersecuritycontextupgradeplatformit"
2025-01-28 20:44:04,230 INFO c.h.h.t.HelmChartContainer - Namespace 'helmcontainersecuritycontextupgradeplatformit-operator' deleted
2025-01-28 20:44:04,230 INFO c.h.h.t.HelmChartContainer - Release 'test-hivemq-platform-operator' in namespace 'helmcontainersecuritycontextupgradeplatformit-operator' is uninstalled
2025-01-28 20:44:05,040 INFO c.h.helmcharts.AbstractHelmChartIT - Removed unused containers:

2025-01-28 20:44:09,140 INFO c.h.h.t.HelmChartContainer - [K3S] [namespace_controller.go:187] "Namespace has been deleted" namespace="helmcontainersecuritycontextupgradeplatformit-operator"
2025-01-28 20:44:13,054 INFO c.h.helmcharts.AbstractHelmChartIT - Removed unused snapshots:
Removing snapshot sha256:03af251906410714c5aef9fa705b63f6bbc39c4a5e787de7361eeb18886c2ed2
Removing snapshot sha256:0c46b3b43cce082ce5ec34ffc6c294e0417d17b9d1e6f366d114b6aadc4f96dc
Removing snapshot sha256:0ce761beee59082d6ed5bcebd3a805b8ddd9b3426b617e4809e7fb7c6587ffec
Removing snapshot sha256:0df91287303208332c8ff6ba40ae4710105201739addbfbddfb955f1ad593664
Removing snapshot sha256:1021ef88c7974bfff89c5a0ec4fd3160daac6c48a075f74cff721f85dd104e68
Removing snapshot sha256:10aba4953ddc18145dd38e3704709bc464aa20af60b56fe52caaff4b68411e62
Removing snapshot sha256:2573e0d8158209ed54ab25c87bcdcb00bd3d2539246960a3d592a1c599d70465
Removing snapshot sha256:362a8a37f8bbc31925a8146adcf7cf51f9882f5c1dcbef67c5baa03a297543c0
Removing snapshot sha256:3fa4ad33f0ddc8fd45b39b6b4640f82a3a83619606cd975bfe89d8710ad2d4cd
Removing snapshot sha256:43a7c979bbaba6838bc3102d6b10a1459f3ab050b87ccdfef84ef90cf43d3058
Removing snapshot sha256:4ab04491cdf0d3267f08206fe30bd48f49f94b9cab2f016d6739220f722a64af
Removing snapshot sha256:4b6068250e89c96f263060261819c7d912855bfbd64b3eb4c4a8483299b8c295
Removing snapshot sha256:529cf27ffc1a90f6819467a05eb4ce3104bd09b7e3002bad2dcf0f319ed59d3a
Removing snapshot sha256:580e69a0a8034ede1921139bbd2bfb72a69ebf276d008281896c32dd8bf74775
Removing snapshot sha256:5d30ba46b27fe37484567ccc5242cadc78217b8da605f3f195ef25cbf7487904
Removing snapshot sha256:63ca1fbb43ae5034640e5e6cb3e083e05c290072c5366fcaa9d62435a4cced85
Removing snapshot sha256:67f702c6baae873bceb19487c8b1f27bd2b86077e4f2f0e480e6d60ab508b8f5
Removing snapshot sha256:6864348dd42806d552efdec384f1274be15e2d0c10ce44c1f04347af004c10a9
Removing snapshot sha256:6c7dee8f2c39b84b7dc2711c01d33de93514d9055499173e9290176fbe484b6c
Removing snapshot sha256:82753493a6d61ded36556292f02f31841a14c20d2f279f19eaad65afb661d5cd
Removing snapshot sha256:8a10d3db42c505ee0fcfa98417bdd7e39b304f6bcc0a06bb1b220797ff2cc63c
Removing snapshot sha256:a0904247e36a7726c03c71ee48f3e64462021c88dafeb13f37fdaf613b27f11c
Removing snapshot sha256:a21e5b12dbac529ad45d976eb9ce45c881f3bedcc500fb30aba1e52aa1813418
Removing snapshot sha256:b921e6c28969094157f9b8e7244677780319637afd14450b7cb6b2fdea558a0c
Removing snapshot sha256:bc27ecb5769a00e309cf99ebc763c4a4b958b618d1decc96ffac5bc05f02f5b7
Removing snapshot sha256:bccb8ddd345cefcc0f792bc5885335877c11c4c7d8f86fba2b37e890e6e2e307
Removing snapshot sha256:be3ccb6627a5332e309d45ef461d09b4879dd870c7394d89323d0ebc6ca6aa8a
Removing snapshot sha256:c261f7cbbc64211ee175ee47273acdb7b1a36a4450b397a064a8f2c026490095
Removing snapshot sha256:c34d9393647eea0c9e3557ab988efaf59f61d10a2a5613b439ef0958cca5ec10
Removing snapshot sha256:ccf3c4a0fa967a41c1c83497a2ce6fa5787965859df0adb32c4ca2cf7490bc2b
Removing snapshot sha256:cf92d33f869417309692088c341cd0f223c178ea78a125f757317b22aa8f90e9
Removing snapshot sha256:d0037344cf2fb078884f1849f6a1f8cf9a33a3b6139b6a85833e5ee528e1f9a8
Removing snapshot sha256:d3b36d5b79273b1e98e7700470eaeff05a882e777124d84cebcc1505b85ecb36
Removing snapshot sha256:d65a44a37914602d12c611e5e22a50f11451d847e63015cc1c2aef92dee777a4
Removing snapshot sha256:e2dc0bae2455930f23ae570e019b7f32edc75c0f2d71cab084db837ff9051796
Removing snapshot sha256:eccbd24a99c60cd9e86ee5305dbfc4a4dc89f5ab4fb1f06c8d64797cecedef34
Removing snapshot sha256:f144bb4c7c7f0d2aa7eeffd36d934ec40db1ee167be727e326aad9fdc616f475

]]></system-out>
  </testcase>
  <testcase name="Operator values: (UID=185, GID=0, valuesFile='/files/operator-container-security-context-non-root-user-values.yaml') and Platform values: (UID=10000, GID=0, valuesFile='/files/platform-container-security-context-non-root-user-values.yaml')" classname="com.hivemq.helmcharts.securitycontext.HelmContainerSecurityContextUpgradePlatformIT" time="218.44">
    <system-out><![CDATA[2025-01-28 20:44:13,063 INFO c.h.h.t.HelmChartContainer - Creating namespace 'helmcontainersecuritycontextupgradeplatformit-operator'...
2025-01-28 20:44:13,070 INFO c.h.h.t.HelmChartContainer - Namespace 'helmcontainersecuritycontextupgradeplatformit-operator' created
2025-01-28 20:44:13,070 INFO c.h.h.t.HelmChartContainer - Creating namespace 'helmcontainersecuritycontextupgradeplatformit'...
2025-01-28 20:44:13,079 INFO c.h.h.t.HelmChartContainer - Namespace 'helmcontainersecuritycontextupgradeplatformit' created
2025-01-28 20:44:13,142 DEBUG c.h.h.t.HelmChartContainer - Executing helm command: /bin/helm --kubeconfig /etc/rancher/k3s/k3s.yaml install test-hivemq-platform-operator /charts/hivemq-platform-operator --wait --timeout 5m0s --set image.repository=docker.io/hivemq --set image.name=hivemq-platform-operator-test --set image.initImageName=hivemq-platform-operator-init-test --set image.tag=snapshot --set image.pullPolicy=Never --set logLevel=DEBUG --set resources.cpu=512m -f /files/operator-container-security-context-non-root-user-values.yaml --namespace helmcontainersecuritycontextupgradeplatformit-operator
2025-01-28 20:44:13,455 INFO c.h.h.t.HelmChartContainer - [K3S] [alloc.go:330] "allocated clusterIPs" service="helmcontainersecuritycontextupgradeplatformit-operator/hivemq-platform-operator-test-hivemq-platform-operator" clusterIPs={"IPv4":"10.43.33.113"}
2025-01-28 20:44:13,475 INFO c.h.h.t.HelmChartContainer - [EVENT] Normal [ScalingReplicaSet] Scaled up replica set hivemq-test-hivemq-platform-operator-85995884cf from 0 to 1 [helmcontainersecuritycontextupgradeplatformit-operator:hivemq-test-hivemq-platform-operator]
2025-01-28 20:44:13,481 INFO c.h.h.t.HelmChartContainer - [POD] hivemq-test-hivemq-platform-operator-85995884cf-x2hhj [9c8e0590-343f-4f08-8204-03082c73e5e3] in helmcontainersecuritycontextupgradeplatformit-operator was ADDED
2025-01-28 20:44:13,494 INFO c.h.h.t.HelmChartContainer - [EVENT] Normal [SuccessfulCreate] Created pod: hivemq-test-hivemq-platform-operator-85995884cf-x2hhj [helmcontainersecuritycontextupgradeplatformit-operator:hivemq-test-hivemq-platform-operator-85995884cf]
2025-01-28 20:44:13,494 INFO c.h.h.t.HelmChartContainer - [K3S] [memory_manager.go:355] "RemoveStaleState removing state" podUID="918b2933-cb4b-4122-a005-1e5c0ac84200" containerName="hivemq"
2025-01-28 20:44:13,494 INFO c.h.h.t.HelmChartContainer - [K3S] [memory_manager.go:355] "RemoveStaleState removing state" podUID="13a66c66-0226-413a-b052-b4ebf8bdfcc7" containerName="hivemq-platform-operator"
2025-01-28 20:44:13,494 INFO c.h.h.t.HelmChartContainer - [POD] hivemq-test-hivemq-platform-operator-85995884cf-x2hhj [9c8e0590-343f-4f08-8204-03082c73e5e3] in helmcontainersecuritycontextupgradeplatformit-operator was MODIFIED
2025-01-28 20:44:13,495 INFO c.h.h.t.HelmChartContainer - [K3S] [memory_manager.go:355] "RemoveStaleState removing state" podUID="87c810f9-c1cd-416b-b70c-05c054c36435" containerName="hivemq"
2025-01-28 20:44:13,499 INFO c.h.h.t.HelmChartContainer - [K3S] [replica_set.go:679] "Finished syncing" kind="ReplicaSet" key="helmcontainersecuritycontextupgradeplatformit-operator/hivemq-test-hivemq-platform-operator-85995884cf" duration="30.078989ms"
2025-01-28 20:44:13,502 INFO c.h.h.t.HelmChartContainer - [EVENT] Normal [Scheduled] Successfully assigned helmcontainersecuritycontextupgradeplatformit-operator/hivemq-test-hivemq-platform-operator-85995884cf-x2hhj to a4d7440200d1 [helmcontainersecuritycontextupgradeplatformit-operator:hivemq-test-hivemq-platform-operator-85995884cf-x2hhj]
2025-01-28 20:44:13,508 INFO c.h.h.t.HelmChartContainer - [K3S] [replica_set.go:679] "Finished syncing" kind="ReplicaSet" key="helmcontainersecuritycontextupgradeplatformit-operator/hivemq-test-hivemq-platform-operator-85995884cf" duration="8.4435ms"
2025-01-28 20:44:13,508 INFO c.h.h.t.HelmChartContainer - [K3S] [replica_set.go:679] "Finished syncing" kind="ReplicaSet" key="helmcontainersecuritycontextupgradeplatformit-operator/hivemq-test-hivemq-platform-operator-85995884cf" duration="36.368µs"
2025-01-28 20:44:13,510 INFO c.h.h.t.HelmChartContainer - [K3S] [replica_set.go:679] "Finished syncing" kind="ReplicaSet" key="helmcontainersecuritycontextupgradeplatformit-operator/hivemq-test-hivemq-platform-operator-85995884cf" duration="30.868µs"
2025-01-28 20:44:13,512 INFO c.h.h.t.HelmChartContainer - [POD] hivemq-test-hivemq-platform-operator-85995884cf-x2hhj [9c8e0590-343f-4f08-8204-03082c73e5e3] in helmcontainersecuritycontextupgradeplatformit-operator was MODIFIED
2025-01-28 20:44:13,601 INFO c.h.h.t.HelmChartContainer - [K3S] [reconciler_common.go:251] "operationExecutor.VerifyControllerAttachedVolume started for volume \"kube-api-access-5x4sc\" (UniqueName: \"kubernetes.io/projected/9c8e0590-343f-4f08-8204-03082c73e5e3-kube-api-access-5x4sc\") pod \"hivemq-test-hivemq-platform-operator-85995884cf-x2hhj\" (UID: \"9c8e0590-343f-4f08-8204-03082c73e5e3\") " pod="helmcontainersecuritycontextupgradeplatformit-operator/hivemq-test-hivemq-platform-operator-85995884cf-x2hhj"
2025-01-28 20:44:13,890 INFO c.h.h.t.HelmChartContainer - [EVENT] Normal [Pulled] Container image "docker.io/hivemq/hivemq-platform-operator-test:snapshot" already present on machine [helmcontainersecuritycontextupgradeplatformit-operator:hivemq-test-hivemq-platform-operator-85995884cf-x2hhj]
2025-01-28 20:44:13,890 INFO c.h.h.t.HelmChartContainer - Received Pulled event for container hivemq-platform-operator in pod hivemq-test-hivemq-platform-operator-85995884cf-x2hhj [9c8e0590-343f-4f08-8204-03082c73e5e3]
2025-01-28 20:44:15,176 INFO c.h.h.t.HelmChartContainer - [EVENT] Normal [Created] Created container: hivemq-platform-operator [helmcontainersecuritycontextupgradeplatformit-operator:hivemq-test-hivemq-platform-operator-85995884cf-x2hhj]
2025-01-28 20:44:15,176 INFO c.h.h.t.HelmChartContainer - Received Created event for container hivemq-platform-operator in pod hivemq-test-hivemq-platform-operator-85995884cf-x2hhj [9c8e0590-343f-4f08-8204-03082c73e5e3]
2025-01-28 20:44:15,587 INFO c.h.h.t.HelmChartContainer - [K3S] [replica_set.go:679] "Finished syncing" kind="ReplicaSet" key="helmcontainersecuritycontextupgradeplatformit-operator/hivemq-test-hivemq-platform-operator-85995884cf" duration="45.866µs"
2025-01-28 20:44:15,600 INFO c.h.h.t.HelmChartContainer - [POD] hivemq-test-hivemq-platform-operator-85995884cf-x2hhj [9c8e0590-343f-4f08-8204-03082c73e5e3] in helmcontainersecuritycontextupgradeplatformit-operator was MODIFIED
2025-01-28 20:44:15,605 INFO c.h.h.t.HelmChartContainer - Started log watcher for hivemq-platform-operator in pod hivemq-test-hivemq-platform-operator-85995884cf-x2hhj [9c8e0590-343f-4f08-8204-03082c73e5e3]
2025-01-28 20:44:15,605 INFO c.h.h.t.HelmChartContainer - [EVENT] Normal [Started] Started container hivemq-platform-operator [helmcontainersecuritycontextupgradeplatformit-operator:hivemq-test-hivemq-platform-operator-85995884cf-x2hhj]
2025-01-28 20:44:15,605 INFO c.h.h.t.HelmChartContainer - Received Started event for container hivemq-platform-operator in pod hivemq-test-hivemq-platform-operator-85995884cf-x2hhj [9c8e0590-343f-4f08-8204-03082c73e5e3]
2025-01-28 20:44:15,605 INFO c.h.h.t.HelmChartContainer - [hivemq-test-hivemq-platform] [hivemq-platform-operator] [9c8e0590] -------------------------------------------------------------------------
2025-01-28 20:44:15,606 INFO c.h.h.t.HelmChartContainer - [hivemq-test-hivemq-platform] [hivemq-platform-operator] [9c8e0590] 
2025-01-28 20:44:15,606 INFO c.h.h.t.HelmChartContainer - [hivemq-test-hivemq-platform] [hivemq-platform-operator] [9c8e0590]                   _    _  _              __  __   ____
2025-01-28 20:44:15,606 INFO c.h.h.t.HelmChartContainer - [hivemq-test-hivemq-platform] [hivemq-platform-operator] [9c8e0590]                  | |  | |(_)            |  \/  | / __ \
2025-01-28 20:44:15,606 INFO c.h.h.t.HelmChartContainer - [hivemq-test-hivemq-platform] [hivemq-platform-operator] [9c8e0590]                  | |__| | _ __   __ ___ | \  / || |  | |
2025-01-28 20:44:15,606 INFO c.h.h.t.HelmChartContainer - [hivemq-test-hivemq-platform] [hivemq-platform-operator] [9c8e0590]                  |  __  || |\ \ / // _ \| |\/| || |  | |
2025-01-28 20:44:15,606 INFO c.h.h.t.HelmChartContainer - [hivemq-test-hivemq-platform] [hivemq-platform-operator] [9c8e0590]                  | |  | || | \ V /|  __/| |  | || |__| |
2025-01-28 20:44:15,606 INFO c.h.h.t.HelmChartContainer - [hivemq-test-hivemq-platform] [hivemq-platform-operator] [9c8e0590]                  |_|  |_||_|  \_/  \___||_|  |_| \___\_\
2025-01-28 20:44:15,606 INFO c.h.h.t.HelmChartContainer - [hivemq-test-hivemq-platform] [hivemq-platform-operator] [9c8e0590] 
2025-01-28 20:44:15,606 INFO c.h.h.t.HelmChartContainer - [hivemq-test-hivemq-platform] [hivemq-platform-operator] [9c8e0590] -------------------------------------------------------------------------
2025-01-28 20:44:15,606 INFO c.h.h.t.HelmChartContainer - [hivemq-test-hivemq-platform] [hivemq-platform-operator] [9c8e0590] 
2025-01-28 20:44:15,606 INFO c.h.h.t.HelmChartContainer - [hivemq-test-hivemq-platform] [hivemq-platform-operator] [9c8e0590]   HiveMQ Platform Operator Start Script v1.0
2025-01-28 20:44:15,606 INFO c.h.h.t.HelmChartContainer - [hivemq-test-hivemq-platform] [hivemq-platform-operator] [9c8e0590] 
2025-01-28 20:44:15,606 INFO c.h.h.t.HelmChartContainer - [hivemq-test-hivemq-platform] [hivemq-platform-operator] [9c8e0590] -------------------------------------------------------------------------
2025-01-28 20:44:15,606 INFO c.h.h.t.HelmChartContainer - [hivemq-test-hivemq-platform] [hivemq-platform-operator] [9c8e0590] 
2025-01-28 20:44:15,606 INFO c.h.h.t.HelmChartContainer - [hivemq-test-hivemq-platform] [hivemq-platform-operator] [9c8e0590]   JAVA_OPTS: -XX:+UnlockExperimentalVMOptions -XX:InitialRAMPercentage=75 -XX:MaxRAMPercentage=75 -Duser.language=en -Duser.region=US
2025-01-28 20:44:15,607 INFO c.h.h.t.HelmChartContainer - [hivemq-test-hivemq-platform] [hivemq-platform-operator] [9c8e0590] 
2025-01-28 20:44:15,607 INFO c.h.h.t.HelmChartContainer - [hivemq-test-hivemq-platform] [hivemq-platform-operator] [9c8e0590]   JAVA_VERSION: 21
2025-01-28 20:44:15,607 INFO c.h.h.t.HelmChartContainer - [hivemq-test-hivemq-platform] [hivemq-platform-operator] [9c8e0590] 
2025-01-28 20:44:15,607 INFO c.h.h.t.HelmChartContainer - [hivemq-test-hivemq-platform] [hivemq-platform-operator] [9c8e0590] -------------------------------------------------------------------------
2025-01-28 20:44:15,607 INFO c.h.h.t.HelmChartContainer - [hivemq-test-hivemq-platform] [hivemq-platform-operator] [9c8e0590] 
2025-01-28 20:44:18,733 INFO c.h.h.t.HelmChartContainer - [hivemq-test-hivemq-platform] [hivemq-platform-operator] [9c8e0590] 20:44:18.730 [main] DEBUG org.jboss.logging - Logging Provider: org.jboss.logging.Slf4jLoggerProvider
2025-01-28 20:44:18,878 INFO c.h.h.t.HelmChartContainer - [hivemq-test-hivemq-platform] [hivemq-platform-operator] [9c8e0590] 20:44:18.877 [main] DEBUG io.smallrye.config - SRCFG01006: Loaded ConfigSource SysPropConfigSource with ordinal 400
2025-01-28 20:44:18,878 INFO c.h.h.t.HelmChartContainer - [hivemq-test-hivemq-platform] [hivemq-platform-operator] [9c8e0590] 20:44:18.878 [main] DEBUG io.smallrye.config - SRCFG01006: Loaded ConfigSource EnvConfigSource with ordinal 300
2025-01-28 20:44:18,878 INFO c.h.h.t.HelmChartContainer - [hivemq-test-hivemq-platform] [hivemq-platform-operator] [9c8e0590] 20:44:18.878 [main] DEBUG io.smallrye.config - SRCFG01006: Loaded ConfigSource PropertiesConfigSource[source=jar:file:///opt/hivemq-platform-operator/bin/hivemq-platform-operator.jar!/hivemq-platform-operator.properties] with ordinal 100
2025-01-28 20:44:18,879 INFO c.h.h.t.HelmChartContainer - [hivemq-test-hivemq-platform] [hivemq-platform-operator] [9c8e0590] 20:44:18.878 [main] DEBUG io.smallrye.config - SRCFG01006: Loaded ConfigSource DefaultValuesConfigSource with ordinal -2147483648
2025-01-28 20:44:18,939 INFO c.h.h.t.HelmChartContainer - [hivemq-test-hivemq-platform] [hivemq-platform-operator] [9c8e0590] 20:44:18.938 [main] DEBUG i.m.c.u.i.l.InternalLoggerFactory - Using SLF4J as the default logging framework
2025-01-28 20:44:19,091 INFO c.h.h.t.HelmChartContainer - [hivemq-test-hivemq-platform] [hivemq-platform-operator] [9c8e0590] 20:44:19.082 [main] INFO  c.h.p.o.HiveMQPlatformOperatorApplication - HiveMQ Platform Operator 1.7.0-SNAPSHOT (commit: bebf408 on branch: HEAD) built on Sun Jan 26 20:47:47 UTC 2025
2025-01-28 20:44:19,092 INFO c.h.h.t.HelmChartContainer - [hivemq-test-hivemq-platform] [hivemq-platform-operator] [9c8e0590] 20:44:19.091 [main] INFO  c.h.p.o.HiveMQPlatformOperatorApplication - HiveMQ Platform Operator is running in namespace: helmcontainersecuritycontextupgradeplatformit-operator
2025-01-28 20:44:19,092 INFO c.h.h.t.HelmChartContainer - [hivemq-test-hivemq-platform] [hivemq-platform-operator] [9c8e0590] 20:44:19.091 [main] INFO  c.h.p.o.HiveMQPlatformOperatorApplication - Watching all namespaces
2025-01-28 20:44:19,092 INFO c.h.h.t.HelmChartContainer - [hivemq-test-hivemq-platform] [hivemq-platform-operator] [9c8e0590] 20:44:19.091 [main] INFO  c.h.p.o.HiveMQPlatformOperatorApplication - Log level: DEBUG
2025-01-28 20:44:19,092 INFO c.h.h.t.HelmChartContainer - [hivemq-test-hivemq-platform] [hivemq-platform-operator] [9c8e0590] 20:44:19.091 [main] INFO  c.h.p.o.HiveMQPlatformOperatorApplication - Release name: test-hivemq-platform-operator
2025-01-28 20:44:19,092 INFO c.h.h.t.HelmChartContainer - [hivemq-test-hivemq-platform] [hivemq-platform-operator] [9c8e0590] 20:44:19.091 [main] INFO  c.h.p.o.HiveMQPlatformOperatorApplication - HiveMQ Platform Operator Init image: docker.io/hivemq/hivemq-platform-operator-init-test:snapshot
2025-01-28 20:44:19,092 INFO c.h.h.t.HelmChartContainer - [hivemq-test-hivemq-platform] [hivemq-platform-operator] [9c8e0590] 20:44:19.091 [main] INFO  c.h.p.o.HiveMQPlatformOperatorApplication - HiveMQ Platform Operator Init App update URL: http://hivemq-platform-operator-test-hivemq-platform-operator.helmcontainersecuritycontextupgradeplatformit-operator.svc:8080/initAppUpdate/hivemq-platform-operator-init-app-1.7.0-SNAPSHOT.jar
2025-01-28 20:44:19,092 INFO c.h.h.t.HelmChartContainer - [hivemq-test-hivemq-platform] [hivemq-platform-operator] [9c8e0590] 20:44:19.091 [main] INFO  c.h.p.o.HiveMQPlatformOperatorApplication - Additional imagePullSecret for all Platform deployments: none
2025-01-28 20:44:19,092 INFO c.h.h.t.HelmChartContainer - [hivemq-test-hivemq-platform] [hivemq-platform-operator] [9c8e0590] 20:44:19.091 [main] INFO  c.h.p.o.HiveMQPlatformOperatorApplication - Apply HiveMQ Platform CRD: true
2025-01-28 20:44:19,092 INFO c.h.h.t.HelmChartContainer - [hivemq-test-hivemq-platform] [hivemq-platform-operator] [9c8e0590] 20:44:19.091 [main] INFO  c.h.p.o.HiveMQPlatformOperatorApplication - Create Platform ServiceAccount: true
2025-01-28 20:44:19,128 INFO c.h.h.t.HelmChartContainer - [hivemq-test-hivemq-platform] [hivemq-platform-operator] [9c8e0590] 20:44:19.127 [main] INFO  c.h.p.o.HiveMQPlatformOperatorApplication - Create Platform ServiceAccount permissions: true
2025-01-28 20:44:19,128 INFO c.h.h.t.HelmChartContainer - [hivemq-test-hivemq-platform] [hivemq-platform-operator] [9c8e0590] 20:44:19.127 [main] INFO  c.h.p.o.HiveMQPlatformOperatorApplication - Validate Platform ServiceAccount: true
2025-01-28 20:44:19,128 INFO c.h.h.t.HelmChartContainer - [hivemq-test-hivemq-platform] [hivemq-platform-operator] [9c8e0590] 20:44:19.127 [main] INFO  c.h.p.o.HiveMQPlatformOperatorApplication - Validate Platform ServiceAccount permissions: true
2025-01-28 20:44:19,287 INFO c.h.h.t.HelmChartContainer - [hivemq-test-hivemq-platform] [hivemq-platform-operator] [9c8e0590] 20:44:19.285 [main] INFO  c.h.platform.operator.util.CRDUtil - Verifying deployed HiveMQ Platform CRD...
2025-01-28 20:44:21,879 INFO c.h.h.t.HelmChartContainer - [hivemq-test-hivemq-platform] [hivemq-platform-operator] [9c8e0590] 20:44:21.877 [main] DEBUG c.h.platform.operator.util.CRDUtil - HiveMQ Platform CRD version v1 is up to date
2025-01-28 20:44:21,879 INFO c.h.h.t.HelmChartContainer - [hivemq-test-hivemq-platform] [hivemq-platform-operator] [9c8e0590] 20:44:21.878 [main] INFO  c.h.platform.operator.util.CRDUtil - HiveMQ Platform CRD is up to date (version: V1_6_0)
2025-01-28 20:44:21,879 INFO c.h.h.t.HelmChartContainer - [hivemq-test-hivemq-platform] [hivemq-platform-operator] [9c8e0590] 20:44:21.878 [main] INFO  c.h.platform.operator.util.CRDUtil - Waiting 10000 ms for HiveMQ Platform CRD 'hivemq-platforms.hivemq.com' to become ready...
2025-01-28 20:44:22,179 INFO c.h.h.t.HelmChartContainer - [hivemq-test-hivemq-platform] [hivemq-platform-operator] [9c8e0590] 20:44:22.177 [vert.x-eventloop-thread-1] DEBUG c.h.platform.operator.util.CRDUtil - Checking CRD condition 'NamesAccepted' (status: 'True')
2025-01-28 20:44:22,179 INFO c.h.h.t.HelmChartContainer - [hivemq-test-hivemq-platform] [hivemq-platform-operator] [9c8e0590] 20:44:22.178 [vert.x-eventloop-thread-1] DEBUG c.h.platform.operator.util.CRDUtil - Checking CRD condition 'Established' (status: 'True')
2025-01-28 20:44:22,181 INFO c.h.h.t.HelmChartContainer - [hivemq-test-hivemq-platform] [hivemq-platform-operator] [9c8e0590] 20:44:22.178 [main] INFO  c.h.platform.operator.util.CRDUtil - HiveMQ Platform CRD 'hivemq-platforms.hivemq.com' is ready
2025-01-28 20:44:22,337 INFO c.h.h.t.HelmChartContainer - [hivemq-test-hivemq-platform] [hivemq-platform-operator] [9c8e0590] 20:44:22.336 [main] INFO  c.h.p.o.HiveMQPlatformReconciler - HiveMQ Platform Operator is starting...
2025-01-28 20:44:22,434 INFO c.h.h.t.HelmChartContainer - [hivemq-test-hivemq-platform] [hivemq-platform-operator] [9c8e0590] 20:44:22.433 [main] WARN  Default ConfigurationService implementation - Configuration for reconciler 'hivemq-controller' was not found. Known reconcilers: None.
2025-01-28 20:44:22,480 INFO c.h.h.t.HelmChartContainer - [hivemq-test-hivemq-platform] [hivemq-platform-operator] [9c8e0590] 20:44:22.479 [main] INFO  Default ConfigurationService implementation - Created configuration for reconciler com.hivemq.platform.operator.HiveMQPlatformReconciler with name hivemq-controller
2025-01-28 20:44:22,583 INFO c.h.h.t.HelmChartContainer - [hivemq-test-hivemq-platform] [hivemq-platform-operator] [9c8e0590] 20:44:22.582 [main] DEBUG c.h.p.o.HiveMQPlatformReconciler - HiveMQ Platform Operator is preparing EventSources
2025-01-28 20:44:22,632 INFO c.h.h.t.HelmChartContainer - [hivemq-test-hivemq-platform] [hivemq-platform-operator] [9c8e0590] 20:44:22.631 [main] INFO  i.javaoperatorsdk.operator.Operator - Registered reconciler: 'hivemq-controller' for resource: 'class com.hivemq.platform.operator.v1.HiveMQPlatform' for namespace(s): [all namespaces]
2025-01-28 20:44:23,185 INFO c.h.h.t.HelmChartContainer - [hivemq-test-hivemq-platform] [hivemq-platform-operator] [9c8e0590] 20:44:23.184 [main] INFO  c.h.p.operator.webserver.JettyServer - Starting Jetty server on port 8080
2025-01-28 20:44:23,279 INFO c.h.h.t.HelmChartContainer - [hivemq-test-hivemq-platform] [hivemq-platform-operator] [9c8e0590] 20:44:23.278 [main] INFO  i.javaoperatorsdk.operator.Operator - Operator SDK 4.9.7 (commit: 2133d28) built on Wed Nov 20 12:56:20 UTC 2024 starting...
2025-01-28 20:44:23,280 INFO c.h.h.t.HelmChartContainer - [hivemq-test-hivemq-platform] [hivemq-platform-operator] [9c8e0590] 20:44:23.278 [main] INFO  i.javaoperatorsdk.operator.Operator - Client version: 6.13.4
2025-01-28 20:44:23,281 INFO c.h.h.t.HelmChartContainer - [hivemq-test-hivemq-platform] [hivemq-platform-operator] [9c8e0590] 20:44:23.280 [Controller Starter for: hivemq-controller] INFO  i.j.operator.processing.Controller - Starting 'hivemq-controller' controller for reconciler: com.hivemq.platform.operator.HiveMQPlatformReconciler, resource: com.hivemq.platform.operator.v1.HiveMQPlatform
2025-01-28 20:44:25,984 INFO c.h.h.t.HelmChartContainer - [hivemq-test-hivemq-platform] [hivemq-platform-operator] [9c8e0590] 20:44:25.982 [Controller Starter for: hivemq-controller] INFO  i.j.operator.processing.Controller - 'hivemq-controller' controller started
2025-01-28 20:44:25,984 INFO c.h.h.t.HelmChartContainer - [hivemq-test-hivemq-platform] [hivemq-platform-operator] [9c8e0590] 20:44:25.983 [main] INFO  c.h.p.o.HiveMQPlatformOperatorApplication - HiveMQ Platform Operator 1.7.0-SNAPSHOT started in 6900 ms
2025-01-28 20:44:26,592 INFO c.h.h.t.HelmChartContainer - [POD] hivemq-test-hivemq-platform-operator-85995884cf-x2hhj [9c8e0590-343f-4f08-8204-03082c73e5e3] in helmcontainersecuritycontextupgradeplatformit-operator was MODIFIED
2025-01-28 20:44:26,604 INFO c.h.h.t.HelmChartContainer - [K3S] [replica_set.go:679] "Finished syncing" kind="ReplicaSet" key="helmcontainersecuritycontextupgradeplatformit-operator/hivemq-test-hivemq-platform-operator-85995884cf" duration="13.206515ms"
2025-01-28 20:44:26,606 INFO c.h.h.t.HelmChartContainer - [K3S] [replica_set.go:679] "Finished syncing" kind="ReplicaSet" key="helmcontainersecuritycontextupgradeplatformit-operator/hivemq-test-hivemq-platform-operator-85995884cf" duration="36.518µs"
2025-01-28 20:44:27,534 INFO com.hivemq.helmcharts.util.K8sUtil - Pod 'hivemq-test-hivemq-platform-operator-85995884cf-x2hhj' is ready
2025-01-28 20:44:27,683 DEBUG com.hivemq.helmcharts.util.PodUtil - Received status for command '[sh, -c, stat -c "%u:%g" /proc/1]' on pod 'hivemq-test-hivemq-platform-operator-85995884cf-x2hhj' (exit code: 0)
2025-01-28 20:44:27,745 DEBUG c.h.h.t.HelmChartContainer - Executing helm command: /bin/helm --kubeconfig /etc/rancher/k3s/k3s.yaml install test-hivemq-platform /charts/hivemq-platform --wait --timeout 5m0s --set image.repository=docker.io/hivemq --set image.tag=4.36.0 --set image.pullPolicy=Never --set nodes.resources.cpu=512m -f /files/platform-container-security-context-non-root-user-values.yaml --namespace helmcontainersecuritycontextupgradeplatformit
2025-01-28 20:44:28,180 INFO c.h.h.t.HelmChartContainer - [hivemq-test-hivemq-platform] [hivemq-platform-operator] [9c8e0590] 20:44:28.179 [-373097727-pool-1-thread-3] WARN  i.m.p.PrometheusMeterRegistry - The meter (MeterId{name='operator.sdk.events.received', tags=[tag(action=ADDED),tag(event=ResourceEvent),tag(group=hivemq.com),tag(kind=HiveMQPlatform),tag(name=test-hivemq-platform),tag(namespace=helmcontainersecuritycontextupgradeplatformit),tag(scope=namespace),tag(version=v1)]}) registration has failed: Prometheus requires that all meters with the same name have the same set of tag keys. There is already an existing meter named 'operator.sdk.events.received' containing tag keys [event, group, kind, name, namespace, scope, version]. The meter you are attempting to register has keys [action, event, group, kind, name, namespace, scope, version]. Note that subsequent logs will be logged at debug level.
2025-01-28 20:44:28,591 INFO c.h.h.t.HelmChartContainer - [hivemq-test-hivemq-platform] [hivemq-platform-operator] [9c8e0590] 20:44:28.590 [pool-6-thread-3] DEBUG c.h.p.o.dependants.PodInfoConfigMap - [helmcont] Desired PodInfo ConfigMap (1 extensions) (1 enabled)
2025-01-28 20:44:28,628 INFO c.h.h.t.HelmChartContainer - [hivemq-test-hivemq-platform] [hivemq-platform-operator] [9c8e0590] 20:44:28.627 [pool-6-thread-3] DEBUG c.h.p.o.dependants.PodInfoConfigMap - [helmcont] Desired PodInfo ConfigMap (metrics port: 9399) (metrics path: /)
2025-01-28 20:44:28,628 INFO c.h.h.t.HelmChartContainer - [hivemq-test-hivemq-platform] [hivemq-platform-operator] [9c8e0590] 20:44:28.627 [pool-6-thread-3] DEBUG c.h.p.o.dependants.PodInfoConfigMap - [helmcont] Desired PodInfo ConfigMap (extension state hash: -1817474005)
2025-01-28 20:44:28,630 INFO c.h.h.t.HelmChartContainer - [hivemq-test-hivemq-platform] [hivemq-platform-operator] [9c8e0590] 20:44:28.629 [pool-6-thread-3] DEBUG c.h.p.o.dependants.PodInfoConfigMap - [helmcont] Create PodInfo ConfigMap
2025-01-28 20:44:28,687 INFO c.h.h.t.HelmChartContainer - [hivemq-test-hivemq-platform] [hivemq-platform-operator] [9c8e0590] 20:44:28.686 [pool-6-thread-5] DEBUG c.h.p.o.dependants.PodRoleResource - [helmcont] Create Role: Role(apiVersion=rbac.authorization.k8s.io/v1, kind=Role, metadata=ObjectMeta(annotations={meta.helm.sh/release-name=test-hivemq-platform, meta.helm.sh/release-namespace=helmcontainersecuritycontextupgradeplatformit}, creationTimestamp=null, deletionGracePeriodSeconds=null, deletionTimestamp=null, finalizers=[], generateName=null, generation=null, labels={helm.sh/chart=hivemq-platform-0.2.32, app.kubernetes.io/managed-by=Helm, app.kubernetes.io/name=hivemq-platform, hivemq-platform=test-hivemq-platform, app.kubernetes.io/instance=test-hivemq-platform, app.kubernetes.io/version=4.36.0}, managedFields=[], name=hivemq-platform-role-test-hivemq-platform, namespace=helmcontainersecuritycontextupgradeplatformit, ownerReferences=[OwnerReference(apiVersion=hivemq.com/v1, blockOwnerDeletion=null, controller=null, kind=HiveMQPlatform, name=test-hivemq-platform, uid=7f2bf364-e268-4850-a45f-f47fb4e8e7af, additionalProperties={})], resourceVersion=null, selfLink=null, uid=null, additionalProperties={}), rules=[PolicyRule(apiGroups=[], nonResourceURLs=[], resourceNames=[], resources=[pods], verbs=[get, patch, update], additionalProperties={})], additionalProperties={})
2025-01-28 20:44:28,829 INFO c.h.h.t.HelmChartContainer - [hivemq-test-hivemq-platform] [hivemq-platform-operator] [9c8e0590] 20:44:28.828 [pool-6-thread-7] DEBUG c.h.p.o.d.PodServiceAccountResource - [helmcont] Desired PodServiceAccountResource (serviceAccountName: hivemq-platform-pod-test-hivemq-platform)
2025-01-28 20:44:28,830 INFO c.h.h.t.HelmChartContainer - [hivemq-test-hivemq-platform] [hivemq-platform-operator] [9c8e0590] 20:44:28.828 [pool-6-thread-7] DEBUG c.h.p.o.d.PodServiceAccountResource - [helmcont] Create ServiceAccount 'hivemq-platform-pod-test-hivemq-platform'
2025-01-28 20:44:28,983 INFO c.h.h.t.HelmChartContainer - [hivemq-test-hivemq-platform] [hivemq-platform-operator] [9c8e0590] 20:44:28.982 [pool-6-thread-9] DEBUG c.h.p.o.d.PodRoleBindingResource - [helmcont] Create RoleBinding: RoleBinding(apiVersion=rbac.authorization.k8s.io/v1, kind=RoleBinding, metadata=ObjectMeta(annotations={meta.helm.sh/release-name=test-hivemq-platform, meta.helm.sh/release-namespace=helmcontainersecuritycontextupgradeplatformit}, creationTimestamp=null, deletionGracePeriodSeconds=null, deletionTimestamp=null, finalizers=[], generateName=null, generation=null, labels={helm.sh/chart=hivemq-platform-0.2.32, app.kubernetes.io/managed-by=Helm, app.kubernetes.io/name=hivemq-platform, hivemq-platform=test-hivemq-platform, app.kubernetes.io/instance=test-hivemq-platform, app.kubernetes.io/version=4.36.0}, managedFields=[], name=hivemq-platform-role-binding-test-hivemq-platform, namespace=helmcontainersecuritycontextupgradeplatformit, ownerReferences=[OwnerReference(apiVersion=hivemq.com/v1, blockOwnerDeletion=null, controller=null, kind=HiveMQPlatform, name=test-hivemq-platform, uid=7f2bf364-e268-4850-a45f-f47fb4e8e7af, additionalProperties={})], resourceVersion=null, selfLink=null, uid=null, additionalProperties={}), roleRef=RoleRef(apiGroup=rbac.authorization.k8s.io, kind=Role, name=hivemq-platform-role-test-hivemq-platform, additionalProperties={}), subjects=[Subject(apiGroup=null, kind=ServiceAccount, name=hivemq-platform-pod-test-hivemq-platform, namespace=helmcontainersecuritycontextupgradeplatformit, additionalProperties={})], additionalProperties={})
2025-01-28 20:44:29,029 INFO c.h.h.t.HelmChartContainer - [hivemq-test-hivemq-platform] [hivemq-platform-operator] [9c8e0590] 20:44:29.028 [ReconcilerExecutor-hivemq-controller-53] INFO  c.h.p.o.HiveMQPlatformReconciler - [helmcont] Reconciling HiveMQ Platform 'test-hivemq-platform' in namespace 'helmcontainersecuritycontextupgradeplatformit'
2025-01-28 20:44:29,076 INFO c.h.h.t.HelmChartContainer - [hivemq-test-hivemq-platform] [hivemq-platform-operator] [9c8e0590] 20:44:29.028 [ReconcilerExecutor-hivemq-controller-53] DEBUG c.h.p.o.HiveMQPlatformReconciler - [helmcont] Custom Resource Status CREATED - HiveMQ Platform was created (READY)
2025-01-28 20:44:29,076 INFO c.h.h.t.HelmChartContainer - [hivemq-test-hivemq-platform] [hivemq-platform-operator] [9c8e0590] 20:44:29.076 [ReconcilerExecutor-hivemq-controller-53] DEBUG c.h.p.o.HiveMQPlatformReconciler - [helmcont] Custom Resource Spec (replicas: 1) (extensions: 1)
2025-01-28 20:44:29,081 INFO c.h.h.t.HelmChartContainer - [hivemq-test-hivemq-platform] [hivemq-platform-operator] [9c8e0590] 20:44:29.079 [ReconcilerExecutor-hivemq-controller-53] INFO  c.h.p.o.h.HiveMQPlatformReconcilerBaseHandler - [helmcont] HiveMQ Platform is starting
2025-01-28 20:44:29,197 INFO c.h.h.t.HelmChartContainer - [hivemq-test-hivemq-platform] [hivemq-platform-operator] [9c8e0590] 20:44:29.196 [ReconcilerExecutor-hivemq-controller-53] DEBUG c.h.p.operator.event.EventSender - [helmcont] Creating K8s event hivemq-platform-starting: [Start] HiveMQ Platform is starting
2025-01-28 20:44:29,281 INFO c.h.h.t.HelmChartContainer - [EVENT] Normal [Start] HiveMQ Platform is starting [helmcontainersecuritycontextupgradeplatformit:test-hivemq-platform]
2025-01-28 20:44:29,285 INFO c.h.h.t.HelmChartContainer - [hivemq-test-hivemq-platform] [hivemq-platform-operator] [9c8e0590] 20:44:29.284 [ReconcilerExecutor-hivemq-controller-53] INFO  c.h.p.o.h.AbstractHiveMQReconcilerStateHandler - [helmcont] Update HiveMQ Platform Status (CREATED [READY] -> STARTING [READY]): HiveMQ Platform is starting
2025-01-28 20:44:29,297 DEBUG com.hivemq.helmcharts.util.K8sUtil - Comparing actual state 'STARTING' and waiting for 'RUNNING'
2025-01-28 20:44:39,385 INFO c.h.h.t.HelmChartContainer - [hivemq-test-hivemq-platform] [hivemq-platform-operator] [9c8e0590] 20:44:39.382 [pool-6-thread-12] DEBUG c.h.p.o.d.PlatformServiceResource - [helmcont] Desired Platform services (3 services)
2025-01-28 20:44:39,385 INFO c.h.h.t.HelmChartContainer - [hivemq-test-hivemq-platform] [hivemq-platform-operator] [9c8e0590] 20:44:39.384 [pool-6-thread-13] DEBUG c.h.p.o.dependants.PodInfoConfigMap - [helmcont] Desired PodInfo ConfigMap (1 extensions) (1 enabled)
2025-01-28 20:44:39,386 INFO c.h.h.t.HelmChartContainer - [hivemq-test-hivemq-platform] [hivemq-platform-operator] [9c8e0590] 20:44:39.384 [pool-6-thread-13] DEBUG c.h.p.o.dependants.PodInfoConfigMap - [helmcont] Desired PodInfo ConfigMap (metrics port: 9399) (metrics path: /)
2025-01-28 20:44:39,386 INFO c.h.h.t.HelmChartContainer - [hivemq-test-hivemq-platform] [hivemq-platform-operator] [9c8e0590] 20:44:39.384 [pool-6-thread-13] DEBUG c.h.p.o.dependants.PodInfoConfigMap - [helmcont] Desired PodInfo ConfigMap (extension state hash: -1817474005)
2025-01-28 20:44:39,390 INFO c.h.h.t.HelmChartContainer - [hivemq-test-hivemq-platform] [hivemq-platform-operator] [9c8e0590] 20:44:39.389 [pool-6-thread-17] DEBUG c.h.p.o.d.PodServiceAccountResource - [helmcont] Desired PodServiceAccountResource (serviceAccountName: hivemq-platform-pod-test-hivemq-platform)
2025-01-28 20:44:39,391 INFO c.h.h.t.HelmChartContainer - [hivemq-test-hivemq-platform] [hivemq-platform-operator] [9c8e0590] 20:44:39.390 [pool-6-thread-13] DEBUG c.h.p.o.dependants.PodInfoConfigMap - [helmcont] Update PodInfo ConfigMap
2025-01-28 20:44:39,495 INFO c.h.h.t.HelmChartContainer - [K3S] [alloc.go:330] "allocated clusterIPs" service="helmcontainersecuritycontextupgradeplatformit/hivemq-test-hivemq-platform-metrics-9399" clusterIPs={"IPv4":"10.43.147.71"}
2025-01-28 20:44:39,586 INFO c.h.h.t.HelmChartContainer - [K3S] [alloc.go:330] "allocated clusterIPs" service="helmcontainersecuritycontextupgradeplatformit/hivemq-test-hivemq-platform-mqtt-1883" clusterIPs={"IPv4":"10.43.26.88"}
2025-01-28 20:44:39,597 INFO c.h.h.t.HelmChartContainer - [K3S] [alloc.go:330] "allocated clusterIPs" service="helmcontainersecuritycontextupgradeplatformit/hivemq-test-hivemq-platform-cc-8080" clusterIPs={"IPv4":"10.43.217.83"}
2025-01-28 20:44:39,680 INFO c.h.h.t.HelmChartContainer - [hivemq-test-hivemq-platform] [hivemq-platform-operator] [9c8e0590] 20:44:39.679 [pool-6-thread-20] DEBUG c.h.p.o.d.StatefulSetResource - [helmcont] Desired StatefulSet (1 replicas) for status STARTING (READY)
2025-01-28 20:44:39,692 INFO c.h.h.t.HelmChartContainer - [hivemq-test-hivemq-platform] [hivemq-platform-operator] [9c8e0590] 20:44:39.691 [pool-6-thread-20] DEBUG c.h.p.o.d.StatefulSetResource - [helmcont] Create StatefulSet
2025-01-28 20:44:39,798 INFO c.h.h.t.HelmChartContainer - [POD] test-hivemq-platform-0 [acf82c85-ec5c-4de1-aba8-4c4667eb30a0] in helmcontainersecuritycontextupgradeplatformit was ADDED
2025-01-28 20:44:39,800 INFO c.h.h.t.HelmChartContainer - [EVENT] Normal [SuccessfulCreate] create Pod test-hivemq-platform-0 in StatefulSet test-hivemq-platform successful [helmcontainersecuritycontextupgradeplatformit:test-hivemq-platform]
2025-01-28 20:44:39,805 INFO c.h.h.t.HelmChartContainer - [EVENT] Normal [Scheduled] Successfully assigned helmcontainersecuritycontextupgradeplatformit/test-hivemq-platform-0 to a4d7440200d1 [helmcontainersecuritycontextupgradeplatformit:test-hivemq-platform-0]
2025-01-28 20:44:39,806 INFO c.h.h.t.HelmChartContainer - [POD] test-hivemq-platform-0 [acf82c85-ec5c-4de1-aba8-4c4667eb30a0] in helmcontainersecuritycontextupgradeplatformit was MODIFIED
2025-01-28 20:44:39,814 INFO c.h.h.t.HelmChartContainer - [POD] test-hivemq-platform-0 [acf82c85-ec5c-4de1-aba8-4c4667eb30a0] in helmcontainersecuritycontextupgradeplatformit was MODIFIED
2025-01-28 20:44:39,878 INFO c.h.h.t.HelmChartContainer - [hivemq-test-hivemq-platform] [hivemq-platform-operator] [9c8e0590] 20:44:39.876 [ReconcilerExecutor-hivemq-controller-64] INFO  c.h.p.o.HiveMQPlatformReconciler - [helmcont] Reconciling HiveMQ Platform 'test-hivemq-platform' in namespace 'helmcontainersecuritycontextupgradeplatformit'
2025-01-28 20:44:39,878 INFO c.h.h.t.HelmChartContainer - [hivemq-test-hivemq-platform] [hivemq-platform-operator] [9c8e0590] 20:44:39.876 [ReconcilerExecutor-hivemq-controller-64] DEBUG c.h.p.o.HiveMQPlatformReconciler - [helmcont] Custom Resource Status STARTING - HiveMQ Platform is starting (READY)
2025-01-28 20:44:39,878 INFO c.h.h.t.HelmChartContainer - [hivemq-test-hivemq-platform] [hivemq-platform-operator] [9c8e0590] 20:44:39.876 [ReconcilerExecutor-hivemq-controller-64] DEBUG c.h.p.o.HiveMQPlatformReconciler - [helmcont] Custom Resource Spec (replicas: 1) (extensions: 1)
2025-01-28 20:44:39,882 INFO c.h.h.t.HelmChartContainer - [hivemq-test-hivemq-platform] [hivemq-platform-operator] [9c8e0590] 20:44:39.881 [ReconcilerExecutor-hivemq-controller-64] DEBUG c.h.p.o.HiveMQPlatformReconciler - [helmcont] StatefulSet Status (revision: null, replicas: 0, available: 0, ready: 0, current: 0, updated: 0)
2025-01-28 20:44:39,884 INFO c.h.h.t.HelmChartContainer - [hivemq-test-hivemq-platform] [hivemq-platform-operator] [9c8e0590] 20:44:39.881 [ReconcilerExecutor-hivemq-controller-64] DEBUG c.h.p.o.HiveMQPlatformReconciler - [helmcont] StatefulSet Spec (replicas: 1, init containers: 1, containers: 1, volumes: 3)
2025-01-28 20:44:39,972 INFO c.h.h.t.HelmChartContainer - [K3S] [reconciler_common.go:251] "operationExecutor.VerifyControllerAttachedVolume started for volume \"pod-info\" (UniqueName: \"kubernetes.io/configmap/acf82c85-ec5c-4de1-aba8-4c4667eb30a0-pod-info\") pod \"test-hivemq-platform-0\" (UID: \"acf82c85-ec5c-4de1-aba8-4c4667eb30a0\") " pod="helmcontainersecuritycontextupgradeplatformit/test-hivemq-platform-0"
2025-01-28 20:44:39,972 INFO c.h.h.t.HelmChartContainer - [K3S] [reconciler_common.go:251] "operationExecutor.VerifyControllerAttachedVolume started for volume \"operator-init\" (UniqueName: \"kubernetes.io/empty-dir/acf82c85-ec5c-4de1-aba8-4c4667eb30a0-operator-init\") pod \"test-hivemq-platform-0\" (UID: \"acf82c85-ec5c-4de1-aba8-4c4667eb30a0\") " pod="helmcontainersecuritycontextupgradeplatformit/test-hivemq-platform-0"
2025-01-28 20:44:39,972 INFO c.h.h.t.HelmChartContainer - [K3S] [reconciler_common.go:251] "operationExecutor.VerifyControllerAttachedVolume started for volume \"broker-configuration\" (UniqueName: \"kubernetes.io/configmap/acf82c85-ec5c-4de1-aba8-4c4667eb30a0-broker-configuration\") pod \"test-hivemq-platform-0\" (UID: \"acf82c85-ec5c-4de1-aba8-4c4667eb30a0\") " pod="helmcontainersecuritycontextupgradeplatformit/test-hivemq-platform-0"
2025-01-28 20:44:39,972 INFO c.h.h.t.HelmChartContainer - [K3S] [reconciler_common.go:251] "operationExecutor.VerifyControllerAttachedVolume started for volume \"kube-api-access-cmzv2\" (UniqueName: \"kubernetes.io/projected/acf82c85-ec5c-4de1-aba8-4c4667eb30a0-kube-api-access-cmzv2\") pod \"test-hivemq-platform-0\" (UID: \"acf82c85-ec5c-4de1-aba8-4c4667eb30a0\") " pod="helmcontainersecuritycontextupgradeplatformit/test-hivemq-platform-0"
2025-01-28 20:44:39,980 INFO c.h.h.t.HelmChartContainer - [hivemq-test-hivemq-platform] [hivemq-platform-operator] [9c8e0590] 20:44:39.978 [ReconcilerExecutor-hivemq-controller-64] DEBUG c.h.p.o.h.HiveMQPlatformReconcilerErrorHandler - [helmcont] Pod 'test-hivemq-platform-0' phase Pending
2025-01-28 20:44:39,980 INFO c.h.h.t.HelmChartContainer - [hivemq-test-hivemq-platform] [hivemq-platform-operator] [9c8e0590] 20:44:39.979 [ReconcilerExecutor-hivemq-controller-64] DEBUG c.h.p.o.h.HiveMQPlatformReconcilerErrorHandler - [helmcont] Pod 'test-hivemq-platform-0' condition 'PodScheduled': True
2025-01-28 20:44:39,982 INFO c.h.h.t.HelmChartContainer - [hivemq-test-hivemq-platform] [hivemq-platform-operator] [9c8e0590] 20:44:39.981 [ReconcilerExecutor-hivemq-controller-64] INFO  c.h.p.o.h.HiveMQPlatformReconcilerBaseHandler - [helmcont] HiveMQ Platform is starting, 0 of 1 replicas are ready
2025-01-28 20:44:39,988 INFO c.h.h.t.HelmChartContainer - [hivemq-test-hivemq-platform] [hivemq-platform-operator] [9c8e0590] 20:44:39.986 [pool-6-thread-22] DEBUG c.h.p.o.d.PlatformServiceResource - [helmcont] Desired Platform services (3 services)
2025-01-28 20:44:39,989 INFO c.h.h.t.HelmChartContainer - [hivemq-test-hivemq-platform] [hivemq-platform-operator] [9c8e0590] 20:44:39.987 [pool-6-thread-23] DEBUG c.h.p.o.dependants.PodInfoConfigMap - [helmcont] Desired PodInfo ConfigMap (1 extensions) (1 enabled)
2025-01-28 20:44:39,989 INFO c.h.h.t.HelmChartContainer - [hivemq-test-hivemq-platform] [hivemq-platform-operator] [9c8e0590] 20:44:39.987 [pool-6-thread-23] DEBUG c.h.p.o.dependants.PodInfoConfigMap - [helmcont] Desired PodInfo ConfigMap (metrics port: 9399) (metrics path: /)
2025-01-28 20:44:39,989 INFO c.h.h.t.HelmChartContainer - [hivemq-test-hivemq-platform] [hivemq-platform-operator] [9c8e0590] 20:44:39.987 [pool-6-thread-23] DEBUG c.h.p.o.dependants.PodInfoConfigMap - [helmcont] Desired PodInfo ConfigMap (extension state hash: -1817474005)
2025-01-28 20:44:39,992 INFO c.h.h.t.HelmChartContainer - [hivemq-test-hivemq-platform] [hivemq-platform-operator] [9c8e0590] 20:44:39.991 [pool-6-thread-27] DEBUG c.h.p.o.d.PodServiceAccountResource - [helmcont] Desired PodServiceAccountResource (serviceAccountName: hivemq-platform-pod-test-hivemq-platform)
2025-01-28 20:44:40,083 INFO c.h.h.t.HelmChartContainer - [hivemq-test-hivemq-platform] [hivemq-platform-operator] [9c8e0590] 20:44:40.082 [pool-6-thread-30] DEBUG c.h.p.o.d.StatefulSetResource - [helmcont] Desired StatefulSet (1 replicas) for status STARTING (READY)
2025-01-28 20:44:40,088 INFO c.h.h.t.HelmChartContainer - [hivemq-test-hivemq-platform] [hivemq-platform-operator] [9c8e0590] 20:44:40.087 [ReconcilerExecutor-hivemq-controller-75] INFO  c.h.p.o.HiveMQPlatformReconciler - [helmcont] Reconciling HiveMQ Platform 'test-hivemq-platform' in namespace 'helmcontainersecuritycontextupgradeplatformit'
2025-01-28 20:44:40,089 INFO c.h.h.t.HelmChartContainer - [hivemq-test-hivemq-platform] [hivemq-platform-operator] [9c8e0590] 20:44:40.087 [ReconcilerExecutor-hivemq-controller-75] DEBUG c.h.p.o.HiveMQPlatformReconciler - [helmcont] Custom Resource Status STARTING - HiveMQ Platform is starting (READY)
2025-01-28 20:44:40,089 INFO c.h.h.t.HelmChartContainer - [hivemq-test-hivemq-platform] [hivemq-platform-operator] [9c8e0590] 20:44:40.087 [ReconcilerExecutor-hivemq-controller-75] DEBUG c.h.p.o.HiveMQPlatformReconciler - [helmcont] Custom Resource Spec (replicas: 1) (extensions: 1)
2025-01-28 20:44:40,092 INFO c.h.h.t.HelmChartContainer - [hivemq-test-hivemq-platform] [hivemq-platform-operator] [9c8e0590] 20:44:40.092 [ReconcilerExecutor-hivemq-controller-75] DEBUG c.h.p.o.HiveMQPlatformReconciler - [helmcont] StatefulSet Status (revision: test-hivemq-platform-fc778bc4c, replicas: 1, available: 0, ready: 0, current: 1, updated: 1)
2025-01-28 20:44:40,092 INFO c.h.h.t.HelmChartContainer - [hivemq-test-hivemq-platform] [hivemq-platform-operator] [9c8e0590] 20:44:40.092 [ReconcilerExecutor-hivemq-controller-75] DEBUG c.h.p.o.HiveMQPlatformReconciler - [helmcont] StatefulSet Spec (replicas: 1, init containers: 1, containers: 1, volumes: 3)
2025-01-28 20:44:40,180 INFO c.h.h.t.HelmChartContainer - [hivemq-test-hivemq-platform] [hivemq-platform-operator] [9c8e0590] 20:44:40.179 [ReconcilerExecutor-hivemq-controller-75] DEBUG c.h.p.o.h.HiveMQPlatformReconcilerErrorHandler - [helmcont] Pod 'test-hivemq-platform-0' phase Pending
2025-01-28 20:44:40,181 INFO c.h.h.t.HelmChartContainer - [hivemq-test-hivemq-platform] [hivemq-platform-operator] [9c8e0590] 20:44:40.179 [ReconcilerExecutor-hivemq-controller-75] DEBUG c.h.p.o.h.HiveMQPlatformReconcilerErrorHandler - [helmcont] Pod 'test-hivemq-platform-0' condition 'PodReadyToStartContainers': False
2025-01-28 20:44:40,182 INFO c.h.h.t.HelmChartContainer - [hivemq-test-hivemq-platform] [hivemq-platform-operator] [9c8e0590] 20:44:40.179 [ReconcilerExecutor-hivemq-controller-75] DEBUG c.h.p.o.h.HiveMQPlatformReconcilerErrorHandler - [helmcont] Pod 'test-hivemq-platform-0' condition 'Initialized': False
2025-01-28 20:44:40,182 INFO c.h.h.t.HelmChartContainer - [hivemq-test-hivemq-platform] [hivemq-platform-operator] [9c8e0590] 20:44:40.179 [ReconcilerExecutor-hivemq-controller-75] DEBUG c.h.p.o.h.HiveMQPlatformReconcilerErrorHandler - [helmcont] Pod 'test-hivemq-platform-0' condition 'Ready': False
2025-01-28 20:44:40,183 INFO c.h.h.t.HelmChartContainer - [hivemq-test-hivemq-platform] [hivemq-platform-operator] [9c8e0590] 20:44:40.179 [ReconcilerExecutor-hivemq-controller-75] DEBUG c.h.p.o.h.HiveMQPlatformReconcilerErrorHandler - [helmcont] Pod 'test-hivemq-platform-0' condition 'ContainersReady': False
2025-01-28 20:44:40,183 INFO c.h.h.t.HelmChartContainer - [hivemq-test-hivemq-platform] [hivemq-platform-operator] [9c8e0590] 20:44:40.179 [ReconcilerExecutor-hivemq-controller-75] DEBUG c.h.p.o.h.HiveMQPlatformReconcilerErrorHandler - [helmcont] Pod 'test-hivemq-platform-0' condition 'PodScheduled': True
2025-01-28 20:44:40,183 INFO c.h.h.t.HelmChartContainer - [hivemq-test-hivemq-platform] [hivemq-platform-operator] [9c8e0590] 20:44:40.179 [ReconcilerExecutor-hivemq-controller-75] DEBUG c.h.p.o.h.HiveMQPlatformReconcilerErrorHandler - [helmcont] Pod 'test-hivemq-platform-0' containerStatus 'hivemq' (started: false) (ready: false) (waiting: [PodInitializing] null)
2025-01-28 20:44:40,184 INFO c.h.h.t.HelmChartContainer - [hivemq-test-hivemq-platform] [hivemq-platform-operator] [9c8e0590] 20:44:40.182 [ReconcilerExecutor-hivemq-controller-75] INFO  c.h.p.o.h.HiveMQPlatformReconcilerBaseHandler - [helmcont] HiveMQ Platform is starting, 0 of 1 replicas are ready
2025-01-28 20:44:40,197 INFO c.h.h.t.HelmChartContainer - [EVENT] Normal [Pulled] Container image "docker.io/hivemq/hivemq-platform-operator-init-test:snapshot" already present on machine [helmcontainersecuritycontextupgradeplatformit:test-hivemq-platform-0]
2025-01-28 20:44:40,336 INFO c.h.h.t.HelmChartContainer - [EVENT] Normal [Created] Created container: hivemq-platform-operator-init [helmcontainersecuritycontextupgradeplatformit:test-hivemq-platform-0]
2025-01-28 20:44:40,371 INFO c.h.h.t.HelmChartContainer - [EVENT] Normal [Started] Started container hivemq-platform-operator-init [helmcontainersecuritycontextupgradeplatformit:test-hivemq-platform-0]
2025-01-28 20:44:40,615 INFO c.h.h.t.HelmChartContainer - [EVENT] Normal [Pulled] Container image "docker.io/hivemq/hivemq4:4.36.0" already present on machine [helmcontainersecuritycontextupgradeplatformit:test-hivemq-platform-0]
2025-01-28 20:44:40,615 INFO c.h.h.t.HelmChartContainer - Received Pulled event for container hivemq in pod test-hivemq-platform-0 [acf82c85-ec5c-4de1-aba8-4c4667eb30a0]
2025-01-28 20:44:40,624 INFO c.h.h.t.HelmChartContainer - [POD] test-hivemq-platform-0 [acf82c85-ec5c-4de1-aba8-4c4667eb30a0] in helmcontainersecuritycontextupgradeplatformit was MODIFIED
2025-01-28 20:44:40,661 INFO c.h.h.t.HelmChartContainer - [hivemq-test-hivemq-platform] [hivemq-platform-operator] [9c8e0590] 20:44:40.643 [pool-6-thread-32] DEBUG c.h.p.o.d.PlatformServiceResource - [helmcont] Desired Platform services (3 services)
2025-01-28 20:44:40,662 INFO c.h.h.t.HelmChartContainer - [hivemq-test-hivemq-platform] [hivemq-platform-operator] [9c8e0590] 20:44:40.650 [pool-6-thread-33] DEBUG c.h.p.o.dependants.PodInfoConfigMap - [helmcont] Desired PodInfo ConfigMap (1 extensions) (1 enabled)
2025-01-28 20:44:40,662 INFO c.h.h.t.HelmChartContainer - [hivemq-test-hivemq-platform] [hivemq-platform-operator] [9c8e0590] 20:44:40.650 [pool-6-thread-33] DEBUG c.h.p.o.dependants.PodInfoConfigMap - [helmcont] Desired PodInfo ConfigMap (metrics port: 9399) (metrics path: /)
2025-01-28 20:44:40,662 INFO c.h.h.t.HelmChartContainer - [hivemq-test-hivemq-platform] [hivemq-platform-operator] [9c8e0590] 20:44:40.650 [pool-6-thread-33] DEBUG c.h.p.o.dependants.PodInfoConfigMap - [helmcont] Desired PodInfo ConfigMap (extension state hash: -1817474005)
2025-01-28 20:44:40,662 INFO c.h.h.t.HelmChartContainer - [hivemq-test-hivemq-platform] [hivemq-platform-operator] [9c8e0590] 20:44:40.652 [pool-6-thread-37] DEBUG c.h.p.o.d.PodServiceAccountResource - [helmcont] Desired PodServiceAccountResource (serviceAccountName: hivemq-platform-pod-test-hivemq-platform)
2025-01-28 20:44:40,736 INFO c.h.h.t.HelmChartContainer - [hivemq-test-hivemq-platform] [hivemq-platform-operator] [9c8e0590] 20:44:40.734 [pool-6-thread-40] DEBUG c.h.p.o.d.StatefulSetResource - [helmcont] Desired StatefulSet (1 replicas) for status STARTING (READY)
2025-01-28 20:44:40,741 INFO c.h.h.t.HelmChartContainer - [hivemq-test-hivemq-platform] [hivemq-platform-operator] [9c8e0590] 20:44:40.740 [ReconcilerExecutor-hivemq-controller-86] INFO  c.h.p.o.HiveMQPlatformReconciler - [helmcont] Reconciling HiveMQ Platform 'test-hivemq-platform' in namespace 'helmcontainersecuritycontextupgradeplatformit'
2025-01-28 20:44:40,742 INFO c.h.h.t.HelmChartContainer - [hivemq-test-hivemq-platform] [hivemq-platform-operator] [9c8e0590] 20:44:40.740 [ReconcilerExecutor-hivemq-controller-86] DEBUG c.h.p.o.HiveMQPlatformReconciler - [helmcont] Custom Resource Status STARTING - HiveMQ Platform is starting (READY)
2025-01-28 20:44:40,743 INFO c.h.h.t.HelmChartContainer - [hivemq-test-hivemq-platform] [hivemq-platform-operator] [9c8e0590] 20:44:40.740 [ReconcilerExecutor-hivemq-controller-86] DEBUG c.h.p.o.HiveMQPlatformReconciler - [helmcont] Custom Resource Spec (replicas: 1) (extensions: 1)
2025-01-28 20:44:40,745 INFO c.h.h.t.HelmChartContainer - [hivemq-test-hivemq-platform] [hivemq-platform-operator] [9c8e0590] 20:44:40.744 [ReconcilerExecutor-hivemq-controller-86] DEBUG c.h.p.o.HiveMQPlatformReconciler - [helmcont] StatefulSet Status (revision: test-hivemq-platform-fc778bc4c, replicas: 1, available: 0, ready: 0, current: 1, updated: 1)
2025-01-28 20:44:40,745 INFO c.h.h.t.HelmChartContainer - [hivemq-test-hivemq-platform] [hivemq-platform-operator] [9c8e0590] 20:44:40.744 [ReconcilerExecutor-hivemq-controller-86] DEBUG c.h.p.o.HiveMQPlatformReconciler - [helmcont] StatefulSet Spec (replicas: 1, init containers: 1, containers: 1, volumes: 3)
2025-01-28 20:44:40,831 INFO c.h.h.t.HelmChartContainer - [hivemq-test-hivemq-platform] [hivemq-platform-operator] [9c8e0590] 20:44:40.828 [ReconcilerExecutor-hivemq-controller-86] DEBUG c.h.p.o.h.HiveMQPlatformReconcilerErrorHandler - [helmcont] Pod 'test-hivemq-platform-0' phase Pending
2025-01-28 20:44:40,831 INFO c.h.h.t.HelmChartContainer - [hivemq-test-hivemq-platform] [hivemq-platform-operator] [9c8e0590] 20:44:40.828 [ReconcilerExecutor-hivemq-controller-86] DEBUG c.h.p.o.h.HiveMQPlatformReconcilerErrorHandler - [helmcont] Pod 'test-hivemq-platform-0' condition 'PodReadyToStartContainers': True
2025-01-28 20:44:40,831 INFO c.h.h.t.HelmChartContainer - [hivemq-test-hivemq-platform] [hivemq-platform-operator] [9c8e0590] 20:44:40.828 [ReconcilerExecutor-hivemq-controller-86] DEBUG c.h.p.o.h.HiveMQPlatformReconcilerErrorHandler - [helmcont] Pod 'test-hivemq-platform-0' condition 'Initialized': True
2025-01-28 20:44:40,831 INFO c.h.h.t.HelmChartContainer - [hivemq-test-hivemq-platform] [hivemq-platform-operator] [9c8e0590] 20:44:40.828 [ReconcilerExecutor-hivemq-controller-86] DEBUG c.h.p.o.h.HiveMQPlatformReconcilerErrorHandler - [helmcont] Pod 'test-hivemq-platform-0' condition 'Ready': False
2025-01-28 20:44:40,831 INFO c.h.h.t.HelmChartContainer - [hivemq-test-hivemq-platform] [hivemq-platform-operator] [9c8e0590] 20:44:40.828 [ReconcilerExecutor-hivemq-controller-86] DEBUG c.h.p.o.h.HiveMQPlatformReconcilerErrorHandler - [helmcont] Pod 'test-hivemq-platform-0' condition 'ContainersReady': False
2025-01-28 20:44:40,831 INFO c.h.h.t.HelmChartContainer - [hivemq-test-hivemq-platform] [hivemq-platform-operator] [9c8e0590] 20:44:40.829 [ReconcilerExecutor-hivemq-controller-86] DEBUG c.h.p.o.h.HiveMQPlatformReconcilerErrorHandler - [helmcont] Pod 'test-hivemq-platform-0' condition 'PodScheduled': True
2025-01-28 20:44:40,831 INFO c.h.h.t.HelmChartContainer - [hivemq-test-hivemq-platform] [hivemq-platform-operator] [9c8e0590] 20:44:40.829 [ReconcilerExecutor-hivemq-controller-86] DEBUG c.h.p.o.h.HiveMQPlatformReconcilerErrorHandler - [helmcont] Pod 'test-hivemq-platform-0' containerStatus 'hivemq' (started: false) (ready: false) (waiting: [PodInitializing] null)
2025-01-28 20:44:40,832 INFO c.h.h.t.HelmChartContainer - [hivemq-test-hivemq-platform] [hivemq-platform-operator] [9c8e0590] 20:44:40.831 [ReconcilerExecutor-hivemq-controller-86] INFO  c.h.p.o.h.HiveMQPlatformReconcilerBaseHandler - [helmcont] HiveMQ Platform is starting, 0 of 1 replicas are ready
2025-01-28 20:44:42,136 INFO c.h.h.t.HelmChartContainer - [EVENT] Normal [Created] Created container: hivemq [helmcontainersecuritycontextupgradeplatformit:test-hivemq-platform-0]
2025-01-28 20:44:42,136 INFO c.h.h.t.HelmChartContainer - Received Created event for container hivemq in pod test-hivemq-platform-0 [acf82c85-ec5c-4de1-aba8-4c4667eb30a0]
2025-01-28 20:44:42,628 INFO c.h.h.t.HelmChartContainer - [POD] test-hivemq-platform-0 [acf82c85-ec5c-4de1-aba8-4c4667eb30a0] in helmcontainersecuritycontextupgradeplatformit was MODIFIED
2025-01-28 20:44:42,639 INFO c.h.h.t.HelmChartContainer - [hivemq-test-hivemq-platform] [hivemq-platform-operator] [9c8e0590] 20:44:42.638 [pool-6-thread-42] DEBUG c.h.p.o.d.PlatformServiceResource - [helmcont] Desired Platform services (3 services)
2025-01-28 20:44:42,641 INFO c.h.h.t.HelmChartContainer - [EVENT] Normal [Started] Started container hivemq [helmcontainersecuritycontextupgradeplatformit:test-hivemq-platform-0]
2025-01-28 20:44:42,641 INFO c.h.h.t.HelmChartContainer - Received Started event for container hivemq in pod test-hivemq-platform-0 [acf82c85-ec5c-4de1-aba8-4c4667eb30a0]
2025-01-28 20:44:42,641 INFO c.h.h.t.HelmChartContainer - Started log watcher for hivemq in pod test-hivemq-platform-0 [acf82c85-ec5c-4de1-aba8-4c4667eb30a0]
2025-01-28 20:44:42,641 INFO c.h.h.t.HelmChartContainer - [test-hivemq-platform] [hivemq] [acf82c85] Adding pre-installed HiveMQ Platform Operator extensions
2025-01-28 20:44:42,641 INFO c.h.h.t.HelmChartContainer - [test-hivemq-platform] [hivemq] [acf82c85] Running as user 10000
2025-01-28 20:44:42,641 INFO c.h.h.t.HelmChartContainer - [test-hivemq-platform] [hivemq] [acf82c85] Starting HiveMQ Platform Operator Init
2025-01-28 20:44:42,642 INFO c.h.h.t.HelmChartContainer - [hivemq-test-hivemq-platform] [hivemq-platform-operator] [9c8e0590] 20:44:42.640 [pool-6-thread-43] DEBUG c.h.p.o.dependants.PodInfoConfigMap - [helmcont] Desired PodInfo ConfigMap (1 extensions) (1 enabled)
2025-01-28 20:44:42,644 INFO c.h.h.t.HelmChartContainer - [hivemq-test-hivemq-platform] [hivemq-platform-operator] [9c8e0590] 20:44:42.641 [pool-6-thread-43] DEBUG c.h.p.o.dependants.PodInfoConfigMap - [helmcont] Desired PodInfo ConfigMap (metrics port: 9399) (metrics path: /)
2025-01-28 20:44:42,644 INFO c.h.h.t.HelmChartContainer - [hivemq-test-hivemq-platform] [hivemq-platform-operator] [9c8e0590] 20:44:42.641 [pool-6-thread-43] DEBUG c.h.p.o.dependants.PodInfoConfigMap - [helmcont] Desired PodInfo ConfigMap (extension state hash: -1817474005)
2025-01-28 20:44:42,648 INFO c.h.h.t.HelmChartContainer - [hivemq-test-hivemq-platform] [hivemq-platform-operator] [9c8e0590] 20:44:42.646 [pool-6-thread-47] DEBUG c.h.p.o.d.PodServiceAccountResource - [helmcont] Desired PodServiceAccountResource (serviceAccountName: hivemq-platform-pod-test-hivemq-platform)
2025-01-28 20:44:42,731 INFO c.h.h.t.HelmChartContainer - [hivemq-test-hivemq-platform] [hivemq-platform-operator] [9c8e0590] 20:44:42.730 [pool-6-thread-50] DEBUG c.h.p.o.d.StatefulSetResource - [helmcont] Desired StatefulSet (1 replicas) for status STARTING (READY)
2025-01-28 20:44:42,735 INFO c.h.h.t.HelmChartContainer - [hivemq-test-hivemq-platform] [hivemq-platform-operator] [9c8e0590] 20:44:42.734 [ReconcilerExecutor-hivemq-controller-97] INFO  c.h.p.o.HiveMQPlatformReconciler - [helmcont] Reconciling HiveMQ Platform 'test-hivemq-platform' in namespace 'helmcontainersecuritycontextupgradeplatformit'
2025-01-28 20:44:42,735 INFO c.h.h.t.HelmChartContainer - [hivemq-test-hivemq-platform] [hivemq-platform-operator] [9c8e0590] 20:44:42.734 [ReconcilerExecutor-hivemq-controller-97] DEBUG c.h.p.o.HiveMQPlatformReconciler - [helmcont] Custom Resource Status STARTING - HiveMQ Platform is starting (READY)
2025-01-28 20:44:42,735 INFO c.h.h.t.HelmChartContainer - [hivemq-test-hivemq-platform] [hivemq-platform-operator] [9c8e0590] 20:44:42.734 [ReconcilerExecutor-hivemq-controller-97] DEBUG c.h.p.o.HiveMQPlatformReconciler - [helmcont] Custom Resource Spec (replicas: 1) (extensions: 1)
2025-01-28 20:44:42,741 INFO c.h.h.t.HelmChartContainer - [hivemq-test-hivemq-platform] [hivemq-platform-operator] [9c8e0590] 20:44:42.737 [ReconcilerExecutor-hivemq-controller-97] DEBUG c.h.p.o.HiveMQPlatformReconciler - [helmcont] StatefulSet Status (revision: test-hivemq-platform-fc778bc4c, replicas: 1, available: 0, ready: 0, current: 1, updated: 1)
2025-01-28 20:44:42,741 INFO c.h.h.t.HelmChartContainer - [hivemq-test-hivemq-platform] [hivemq-platform-operator] [9c8e0590] 20:44:42.737 [ReconcilerExecutor-hivemq-controller-97] DEBUG c.h.p.o.HiveMQPlatformReconciler - [helmcont] StatefulSet Spec (replicas: 1, init containers: 1, containers: 1, volumes: 3)
2025-01-28 20:44:42,742 INFO c.h.h.t.HelmChartContainer - [hivemq-test-hivemq-platform] [hivemq-platform-operator] [9c8e0590] 20:44:42.739 [ReconcilerExecutor-hivemq-controller-97] DEBUG c.h.p.o.h.HiveMQPlatformReconcilerErrorHandler - [helmcont] Pod 'test-hivemq-platform-0' phase Running
2025-01-28 20:44:42,742 INFO c.h.h.t.HelmChartContainer - [hivemq-test-hivemq-platform] [hivemq-platform-operator] [9c8e0590] 20:44:42.740 [ReconcilerExecutor-hivemq-controller-97] INFO  c.h.p.o.h.HiveMQPlatformReconcilerBaseHandler - [helmcont] HiveMQ Platform is starting, 0 of 1 replicas are ready
2025-01-28 20:44:43,486 INFO c.h.h.t.HelmChartContainer - [test-hivemq-platform] [hivemq] [acf82c85] INFO  - [HiveMQ Platform Operator Init 1.7.0-SNAPSHOT] HiveMQ Platform Operator Init 1.7.0-SNAPSHOT (commit: bebf408 on branch: HEAD) built on Sun Jan 26 20:47:47 UTC 2025
2025-01-28 20:44:44,703 INFO c.h.h.t.HelmChartContainer - [test-hivemq-platform] [hivemq] [acf82c85] INFO  - [HiveMQ Platform Operator Init App 1.7.0-SNAPSHOT] Using bind address 10.42.0.10 from environment variable
2025-01-28 20:44:45,597 INFO c.h.h.t.HelmChartContainer - [test-hivemq-platform] [hivemq] [acf82c85] INFO  - [HiveMQ Platform Operator Init App 1.7.0-SNAPSHOT] HiveMQ Platform Operator Init App 1.7.0-SNAPSHOT (commit: bebf408 on branch: HEAD) built on Sun Jan 26 20:47:47 UTC 2025
2025-01-28 20:44:45,597 INFO c.h.h.t.HelmChartContainer - [test-hivemq-platform] [hivemq] [acf82c85] INFO  - [HiveMQ Platform Operator Init App 1.7.0-SNAPSHOT] PodInfo ConfigMap directory: /etc/podinfo
2025-01-28 20:44:45,597 INFO c.h.h.t.HelmChartContainer - [test-hivemq-platform] [hivemq] [acf82c85] INFO  - [HiveMQ Platform Operator Init App 1.7.0-SNAPSHOT] HiveMQ home directory: /opt/hivemq
2025-01-28 20:44:45,598 INFO c.h.h.t.HelmChartContainer - [test-hivemq-platform] [hivemq] [acf82c85] INFO  - [HiveMQ Platform Operator Init App 1.7.0-SNAPSHOT] HiveMQ Logback folder: /opt/hivemq/conf
2025-01-28 20:44:45,598 INFO c.h.h.t.HelmChartContainer - [test-hivemq-platform] [hivemq] [acf82c85] INFO  - [HiveMQ Platform Operator Init App 1.7.0-SNAPSHOT] HiveMQ Config folder: /opt/hivemq/conf-k8s
2025-01-28 20:44:45,598 INFO c.h.h.t.HelmChartContainer - [test-hivemq-platform] [hivemq] [acf82c85] INFO  - [HiveMQ Platform Operator Init App 1.7.0-SNAPSHOT] Starting HiveMQ Platform Operator Init App
2025-01-28 20:44:45,598 INFO c.h.h.t.HelmChartContainer - [test-hivemq-platform] [hivemq] [acf82c85] INFO  - [HiveMQ Platform Operator Init App 1.7.0-SNAPSHOT] Starting Pod reconciler
2025-01-28 20:44:46,797 INFO c.h.h.t.HelmChartContainer - [test-hivemq-platform] [hivemq] [acf82c85] INFO  - [HiveMQ Platform Operator Init App 1.7.0-SNAPSHOT] Pod reconciler is scheduled (interval: 5000 ms)
2025-01-28 20:44:46,798 INFO c.h.h.t.HelmChartContainer - [test-hivemq-platform] [hivemq] [acf82c85] INFO  - [HiveMQ Platform Operator Init App 1.7.0-SNAPSHOT] Starting the REST API on 10.42.0.10:7979
2025-01-28 20:44:46,800 INFO c.h.h.t.HelmChartContainer - [test-hivemq-platform] [hivemq] [acf82c85] INFO  - [HiveMQ Platform Operator Init App 1.7.0-SNAPSHOT] Waiting up to 600s for at most 1 HiveMQ nodes in cluster service hivemq-test-hivemq-platform-cluster.helmcontainersecuritycontextupgradeplatformit.svc
2025-01-28 20:44:47,187 INFO c.h.h.t.HelmChartContainer - [test-hivemq-platform] [hivemq] [acf82c85] INFO  - [HiveMQ Platform Operator Init App 1.7.0-SNAPSHOT] Resolved 1 IP addresses: [10.42.0.10]
2025-01-28 20:44:47,187 INFO c.h.h.t.HelmChartContainer - [test-hivemq-platform] [hivemq] [acf82c85] INFO  - [HiveMQ Platform Operator Init App 1.7.0-SNAPSHOT] HiveMQ node count of 1 is within threshold of 1
2025-01-28 20:44:47,187 INFO c.h.h.t.HelmChartContainer - [test-hivemq-platform] [hivemq] [acf82c85] INFO  - [HiveMQ Platform Operator Init App 1.7.0-SNAPSHOT] Proceeding with container start
2025-01-28 20:44:47,283 INFO c.h.h.t.HelmChartContainer - [test-hivemq-platform] [hivemq] [acf82c85] INFO  - [HiveMQ Platform Operator Init App 1.7.0-SNAPSHOT] Initializing HiveMQ Platform extensions with initial configuration: {hivemq-allow-all-extension={start-priority=-1, skip-https-hostname-verification=false, restart=true, config-version=0, header-version=0, c-uri=, priority=-1, uri=preinstalled, skip-https-certificate-validation=false, enabled=true}, hivemq-prometheus-extension={skip-https-certificate-validation=false, uri=preinstalled, request-header-path=no-request-headers, enabled=true, restart=true, priority=-1, start-priority=-1, c-uri=, skip-https-hostname-verification=false}}
2025-01-28 20:44:47,785 INFO c.h.h.t.HelmChartContainer - [test-hivemq-platform] [hivemq] [acf82c85] INFO  - [HiveMQ Platform Operator Init App 1.7.0-SNAPSHOT] Extension hivemq-allow-all-extension was already enabled
2025-01-28 20:44:47,797 INFO c.h.h.t.HelmChartContainer - [test-hivemq-platform] [hivemq] [acf82c85] INFO  - [HiveMQ Platform Operator Init App 1.7.0-SNAPSHOT] Successfully enabled extension hivemq-prometheus-extension
2025-01-28 20:44:47,822 INFO c.h.h.t.HelmChartContainer - [test-hivemq-platform] [hivemq] [acf82c85] INFO  - [HiveMQ Platform Operator Init App 1.7.0-SNAPSHOT] Starting HiveMQ Platform version 4.36.0 (4.36.0)
2025-01-28 20:44:47,822 INFO c.h.h.t.HelmChartContainer - [test-hivemq-platform] [hivemq] [acf82c85] INFO  - [HiveMQ Platform Operator Init App 1.7.0-SNAPSHOT] Configuring the HiveMQ Platform
2025-01-28 20:44:47,889 INFO c.h.h.t.HelmChartContainer - [test-hivemq-platform] [hivemq] [acf82c85] INFO  - [HiveMQ Platform Operator Init App 1.7.0-SNAPSHOT] Changed logback.xml file scan period to 20 seconds
2025-01-28 20:44:47,985 INFO c.h.h.t.HelmChartContainer - [test-hivemq-platform] [hivemq] [acf82c85] INFO  - [HiveMQ Platform Operator Init App 1.7.0-SNAPSHOT] Starting the HiveMQ Platform
2025-01-28 20:44:47,988 INFO c.h.h.t.HelmChartContainer - [test-hivemq-platform] [hivemq] [acf82c85] -------------------------------------------------------------------------
2025-01-28 20:44:47,988 INFO c.h.h.t.HelmChartContainer - [test-hivemq-platform] [hivemq] [acf82c85] 
2025-01-28 20:44:47,989 INFO c.h.h.t.HelmChartContainer - [test-hivemq-platform] [hivemq] [acf82c85]                   _    _  _              __  __   ____
2025-01-28 20:44:47,989 INFO c.h.h.t.HelmChartContainer - [test-hivemq-platform] [hivemq] [acf82c85]                  | |  | |(_)            |  \/  | / __ \
2025-01-28 20:44:47,989 INFO c.h.h.t.HelmChartContainer - [test-hivemq-platform] [hivemq] [acf82c85]                  | |__| | _ __   __ ___ | \  / || |  | |
2025-01-28 20:44:47,989 INFO c.h.h.t.HelmChartContainer - [test-hivemq-platform] [hivemq] [acf82c85]                  |  __  || |\ \ / // _ \| |\/| || |  | |
2025-01-28 20:44:47,989 INFO c.h.h.t.HelmChartContainer - [test-hivemq-platform] [hivemq] [acf82c85]                  | |  | || | \ V /|  __/| |  | || |__| |
2025-01-28 20:44:47,989 INFO c.h.h.t.HelmChartContainer - [test-hivemq-platform] [hivemq] [acf82c85]                  |_|  |_||_|  \_/  \___||_|  |_| \___\_\
2025-01-28 20:44:47,989 INFO c.h.h.t.HelmChartContainer - [test-hivemq-platform] [hivemq] [acf82c85] 
2025-01-28 20:44:47,989 INFO c.h.h.t.HelmChartContainer - [test-hivemq-platform] [hivemq] [acf82c85] -------------------------------------------------------------------------
2025-01-28 20:44:47,989 INFO c.h.h.t.HelmChartContainer - [test-hivemq-platform] [hivemq] [acf82c85] 
2025-01-28 20:44:47,989 INFO c.h.h.t.HelmChartContainer - [test-hivemq-platform] [hivemq] [acf82c85]   HiveMQ Start Script for Linux/Unix v1.14
2025-01-28 20:44:47,989 INFO c.h.h.t.HelmChartContainer - [test-hivemq-platform] [hivemq] [acf82c85] 
2025-01-28 20:44:48,086 INFO c.h.h.t.HelmChartContainer - [test-hivemq-platform] [hivemq] [acf82c85] -------------------------------------------------------------------------
2025-01-28 20:44:48,086 INFO c.h.h.t.HelmChartContainer - [test-hivemq-platform] [hivemq] [acf82c85] 
2025-01-28 20:44:48,086 INFO c.h.h.t.HelmChartContainer - [test-hivemq-platform] [hivemq] [acf82c85]   HIVEMQ_HOME: /opt/hivemq
2025-01-28 20:44:48,086 INFO c.h.h.t.HelmChartContainer - [test-hivemq-platform] [hivemq] [acf82c85] 
2025-01-28 20:44:48,086 INFO c.h.h.t.HelmChartContainer - [test-hivemq-platform] [hivemq] [acf82c85]   JAVA_OPTS: -XX:+UnlockExperimentalVMOptions -XX:InitialRAMPercentage=50 -XX:MaxRAMPercentage=50 -Djava.net.preferIPv4Stack=true --add-opens java.base/java.lang=ALL-UNNAMED --add-opens java.base/java.nio=ALL-UNNAMED --add-opens java.base/sun.nio.ch=ALL-UNNAMED --add-opens jdk.management/com.sun.management.internal=ALL-UNNAMED --add-exports java.base/jdk.internal.misc=ALL-UNNAMED -Djava.security.egd=file:/dev/./urandom -Dcom.sun.management.jmxremote -Dcom.sun.management.jmxremote.port=9010 -Dcom.sun.management.jmxremote.local.only=false -Dcom.sun.management.jmxremote.authenticate=false -Dcom.sun.management.jmxremote.ssl=false -Duser.language=en -Duser.region=US -XX:+CrashOnOutOfMemoryError -XX:+HeapDumpOnOutOfMemoryError
2025-01-28 20:44:48,086 INFO c.h.h.t.HelmChartContainer - [test-hivemq-platform] [hivemq] [acf82c85] 
2025-01-28 20:44:48,086 INFO c.h.h.t.HelmChartContainer - [test-hivemq-platform] [hivemq] [acf82c85]   JAVA_VERSION: 21
2025-01-28 20:44:48,086 INFO c.h.h.t.HelmChartContainer - [test-hivemq-platform] [hivemq] [acf82c85] 
2025-01-28 20:44:48,086 INFO c.h.h.t.HelmChartContainer - [test-hivemq-platform] [hivemq] [acf82c85] -------------------------------------------------------------------------
2025-01-28 20:44:48,086 INFO c.h.h.t.HelmChartContainer - [test-hivemq-platform] [hivemq] [acf82c85] 
2025-01-28 20:44:48,687 INFO c.h.h.t.HelmChartContainer - [test-hivemq-platform] [hivemq] [acf82c85] INFO  - [HiveMQ Platform Operator Init App 1.7.0-SNAPSHOT] Returning default Health API response 503 for readiness
2025-01-28 20:44:49,091 INFO c.h.h.t.HelmChartContainer - [EVENT] Warning [Unhealthy] Readiness probe failed: HTTP probe failed with statuscode: 503 [helmcontainersecuritycontextupgradeplatformit:test-hivemq-platform-0]
2025-01-28 20:44:49,091 INFO c.h.h.t.HelmChartContainer - Received Unhealthy event for container hivemq in pod test-hivemq-platform-0 [acf82c85-ec5c-4de1-aba8-4c4667eb30a0]
2025-01-28 20:44:50,796 INFO c.h.h.t.HelmChartContainer - [test-hivemq-platform] [hivemq] [acf82c85] INFO  - Starting HiveMQ Enterprise Server
2025-01-28 20:44:50,882 INFO c.h.h.t.HelmChartContainer - [test-hivemq-platform] [hivemq] [acf82c85] INFO  - HiveMQ version: 4.36.0
2025-01-28 20:44:50,882 INFO c.h.h.t.HelmChartContainer - [test-hivemq-platform] [hivemq] [acf82c85] INFO  - HiveMQ home directory: /opt/hivemq
2025-01-28 20:44:50,882 INFO c.h.h.t.HelmChartContainer - [test-hivemq-platform] [hivemq] [acf82c85] INFO  - Log Configuration was overridden by /opt/hivemq/conf/logback.xml
2025-01-28 20:44:52,487 INFO c.h.h.t.HelmChartContainer - [test-hivemq-platform] [hivemq] [acf82c85] INFO  - Successfully loaded configuration from '/opt/hivemq/conf-k8s/config.xml'.
2025-01-28 20:44:52,748 INFO c.h.h.t.HelmChartContainer - [hivemq-test-hivemq-platform] [hivemq-platform-operator] [9c8e0590] 20:44:52.743 [pool-6-thread-5] DEBUG c.h.p.o.d.PlatformServiceResource - [helmcont] Desired Platform services (3 services)
2025-01-28 20:44:52,748 INFO c.h.h.t.HelmChartContainer - [hivemq-test-hivemq-platform] [hivemq-platform-operator] [9c8e0590] 20:44:52.745 [pool-6-thread-4] DEBUG c.h.p.o.d.PodServiceAccountResource - [helmcont] Desired PodServiceAccountResource (serviceAccountName: hivemq-platform-pod-test-hivemq-platform)
2025-01-28 20:44:52,749 INFO c.h.h.t.HelmChartContainer - [hivemq-test-hivemq-platform] [hivemq-platform-operator] [9c8e0590] 20:44:52.748 [pool-6-thread-3] DEBUG c.h.p.o.dependants.PodInfoConfigMap - [helmcont] Desired PodInfo ConfigMap (1 extensions) (1 enabled)
2025-01-28 20:44:52,749 INFO c.h.h.t.HelmChartContainer - [hivemq-test-hivemq-platform] [hivemq-platform-operator] [9c8e0590] 20:44:52.748 [pool-6-thread-3] DEBUG c.h.p.o.dependants.PodInfoConfigMap - [helmcont] Desired PodInfo ConfigMap (metrics port: 9399) (metrics path: /)
2025-01-28 20:44:52,750 INFO c.h.h.t.HelmChartContainer - [hivemq-test-hivemq-platform] [hivemq-platform-operator] [9c8e0590] 20:44:52.748 [pool-6-thread-3] DEBUG c.h.p.o.dependants.PodInfoConfigMap - [helmcont] Desired PodInfo ConfigMap (extension state hash: -1817474005)
2025-01-28 20:44:52,754 INFO c.h.h.t.HelmChartContainer - [hivemq-test-hivemq-platform] [hivemq-platform-operator] [9c8e0590] 20:44:52.753 [pool-6-thread-3] DEBUG c.h.p.o.d.StatefulSetResource - [helmcont] Desired StatefulSet (1 replicas) for status STARTING (READY)
2025-01-28 20:44:52,758 INFO c.h.h.t.HelmChartContainer - [hivemq-test-hivemq-platform] [hivemq-platform-operator] [9c8e0590] 20:44:52.757 [ReconcilerExecutor-hivemq-controller-108] INFO  c.h.p.o.HiveMQPlatformReconciler - [helmcont] Reconciling HiveMQ Platform 'test-hivemq-platform' in namespace 'helmcontainersecuritycontextupgradeplatformit'
2025-01-28 20:44:52,759 INFO c.h.h.t.HelmChartContainer - [hivemq-test-hivemq-platform] [hivemq-platform-operator] [9c8e0590] 20:44:52.757 [ReconcilerExecutor-hivemq-controller-108] DEBUG c.h.p.o.HiveMQPlatformReconciler - [helmcont] Custom Resource Status STARTING - HiveMQ Platform is starting (READY)
2025-01-28 20:44:52,759 INFO c.h.h.t.HelmChartContainer - [hivemq-test-hivemq-platform] [hivemq-platform-operator] [9c8e0590] 20:44:52.757 [ReconcilerExecutor-hivemq-controller-108] DEBUG c.h.p.o.HiveMQPlatformReconciler - [helmcont] Custom Resource Spec (replicas: 1) (extensions: 1)
2025-01-28 20:44:52,830 INFO c.h.h.t.HelmChartContainer - [hivemq-test-hivemq-platform] [hivemq-platform-operator] [9c8e0590] 20:44:52.828 [ReconcilerExecutor-hivemq-controller-108] DEBUG c.h.p.o.HiveMQPlatformReconciler - [helmcont] StatefulSet Status (revision: test-hivemq-platform-fc778bc4c, replicas: 1, available: 0, ready: 0, current: 1, updated: 1)
2025-01-28 20:44:52,830 INFO c.h.h.t.HelmChartContainer - [hivemq-test-hivemq-platform] [hivemq-platform-operator] [9c8e0590] 20:44:52.828 [ReconcilerExecutor-hivemq-controller-108] DEBUG c.h.p.o.HiveMQPlatformReconciler - [helmcont] StatefulSet Spec (replicas: 1, init containers: 1, containers: 1, volumes: 3)
2025-01-28 20:44:52,832 INFO c.h.h.t.HelmChartContainer - [hivemq-test-hivemq-platform] [hivemq-platform-operator] [9c8e0590] 20:44:52.831 [ReconcilerExecutor-hivemq-controller-108] DEBUG c.h.p.o.h.HiveMQPlatformReconcilerErrorHandler - [helmcont] Pod 'test-hivemq-platform-0' phase Running
2025-01-28 20:44:52,833 INFO c.h.h.t.HelmChartContainer - [hivemq-test-hivemq-platform] [hivemq-platform-operator] [9c8e0590] 20:44:52.832 [ReconcilerExecutor-hivemq-controller-108] INFO  c.h.p.o.h.HiveMQPlatformReconcilerBaseHandler - [helmcont] HiveMQ Platform is starting, 0 of 1 replicas are ready
2025-01-28 20:44:53,286 INFO c.h.h.t.HelmChartContainer - [test-hivemq-platform] [hivemq] [acf82c85] INFO  - This node's ID is 3e1G5
2025-01-28 20:44:53,286 INFO c.h.h.t.HelmChartContainer - [test-hivemq-platform] [hivemq] [acf82c85] INFO  - Clustering is enabled
2025-01-28 20:44:54,386 INFO c.h.h.t.HelmChartContainer - [test-hivemq-platform] [hivemq] [acf82c85] WARN  - [HiveMQ Platform Operator Init App 1.7.0-SNAPSHOT] Cannot connect to Health API for readiness: null
2025-01-28 20:44:54,389 INFO c.h.h.t.HelmChartContainer - [EVENT] Warning [Unhealthy] Readiness probe failed: HTTP probe failed with statuscode: 503 [helmcontainersecuritycontextupgradeplatformit:test-hivemq-platform-0]
2025-01-28 20:44:54,389 INFO c.h.h.t.HelmChartContainer - Received Unhealthy event for container hivemq in pod test-hivemq-platform-0 [acf82c85-ec5c-4de1-aba8-4c4667eb30a0]
2025-01-28 20:44:58,092 INFO c.h.h.t.HelmChartContainer - [test-hivemq-platform] [hivemq] [acf82c85] Jan 28, 2025 8:44:58 PM io.vertx.core.impl.BlockedThreadChecker
2025-01-28 20:44:58,093 INFO c.h.h.t.HelmChartContainer - [test-hivemq-platform] [hivemq] [acf82c85] WARNING: Thread Thread[vert.x-eventloop-thread-1,5,main] has been blocked for 2699 ms, time limit is 2000 ms
2025-01-28 20:44:58,183 INFO c.h.h.t.HelmChartContainer - [test-hivemq-platform] [hivemq] [acf82c85] INFO  - [HiveMQ Platform Operator Init App 1.7.0-SNAPSHOT] Updating Pod HiveMQ Platform Operator Init App version annotation (version: 1.7.0-SNAPSHOT)
2025-01-28 20:44:58,690 INFO c.h.h.t.HelmChartContainer - [test-hivemq-platform] [hivemq] [acf82c85] WARN  - [HiveMQ Platform Operator Init App 1.7.0-SNAPSHOT] Cannot connect to Health API for readiness: null
2025-01-28 20:44:58,695 INFO c.h.h.t.HelmChartContainer - [EVENT] Warning [Unhealthy] Readiness probe failed: HTTP probe failed with statuscode: 503 [helmcontainersecuritycontextupgradeplatformit:test-hivemq-platform-0]
2025-01-28 20:44:58,695 INFO c.h.h.t.HelmChartContainer - Received Unhealthy event for container hivemq in pod test-hivemq-platform-0 [acf82c85-ec5c-4de1-aba8-4c4667eb30a0]
2025-01-28 20:44:59,000 INFO c.h.h.t.HelmChartContainer - [POD] test-hivemq-platform-0 [acf82c85-ec5c-4de1-aba8-4c4667eb30a0] in helmcontainersecuritycontextupgradeplatformit was MODIFIED
2025-01-28 20:44:59,009 INFO c.h.h.t.HelmChartContainer - [hivemq-test-hivemq-platform] [hivemq-platform-operator] [9c8e0590] 20:44:59.005 [pool-6-thread-15] DEBUG c.h.p.o.d.PlatformServiceResource - [helmcont] Desired Platform services (3 services)
2025-01-28 20:44:59,010 INFO c.h.h.t.HelmChartContainer - [hivemq-test-hivemq-platform] [hivemq-platform-operator] [9c8e0590] 20:44:59.007 [pool-6-thread-19] DEBUG c.h.p.o.d.PodServiceAccountResource - [helmcont] Desired PodServiceAccountResource (serviceAccountName: hivemq-platform-pod-test-hivemq-platform)
2025-01-28 20:44:59,013 INFO c.h.h.t.HelmChartContainer - [hivemq-test-hivemq-platform] [hivemq-platform-operator] [9c8e0590] 20:44:59.006 [pool-6-thread-14] DEBUG c.h.p.o.dependants.PodInfoConfigMap - [helmcont] Desired PodInfo ConfigMap (1 extensions) (1 enabled)
2025-01-28 20:44:59,013 INFO c.h.h.t.HelmChartContainer - [hivemq-test-hivemq-platform] [hivemq-platform-operator] [9c8e0590] 20:44:59.009 [pool-6-thread-14] DEBUG c.h.p.o.dependants.PodInfoConfigMap - [helmcont] Desired PodInfo ConfigMap (metrics port: 9399) (metrics path: /)
2025-01-28 20:44:59,013 INFO c.h.h.t.HelmChartContainer - [hivemq-test-hivemq-platform] [hivemq-platform-operator] [9c8e0590] 20:44:59.010 [pool-6-thread-14] DEBUG c.h.p.o.dependants.PodInfoConfigMap - [helmcont] Desired PodInfo ConfigMap (extension state hash: -1817474005)
2025-01-28 20:44:59,018 INFO c.h.h.t.HelmChartContainer - [hivemq-test-hivemq-platform] [hivemq-platform-operator] [9c8e0590] 20:44:59.014 [pool-6-thread-14] DEBUG c.h.p.o.d.StatefulSetResource - [helmcont] Desired StatefulSet (1 replicas) for status STARTING (READY)
2025-01-28 20:44:59,020 INFO c.h.h.t.HelmChartContainer - [hivemq-test-hivemq-platform] [hivemq-platform-operator] [9c8e0590] 20:44:59.019 [ReconcilerExecutor-hivemq-controller-109] INFO  c.h.p.o.HiveMQPlatformReconciler - [helmcont] Reconciling HiveMQ Platform 'test-hivemq-platform' in namespace 'helmcontainersecuritycontextupgradeplatformit'
2025-01-28 20:44:59,021 INFO c.h.h.t.HelmChartContainer - [hivemq-test-hivemq-platform] [hivemq-platform-operator] [9c8e0590] 20:44:59.019 [ReconcilerExecutor-hivemq-controller-109] DEBUG c.h.p.o.HiveMQPlatformReconciler - [helmcont] Custom Resource Status STARTING - HiveMQ Platform is starting (READY)
2025-01-28 20:44:59,021 INFO c.h.h.t.HelmChartContainer - [hivemq-test-hivemq-platform] [hivemq-platform-operator] [9c8e0590] 20:44:59.019 [ReconcilerExecutor-hivemq-controller-109] DEBUG c.h.p.o.HiveMQPlatformReconciler - [helmcont] Custom Resource Spec (replicas: 1) (extensions: 1)
2025-01-28 20:44:59,023 INFO c.h.h.t.HelmChartContainer - [hivemq-test-hivemq-platform] [hivemq-platform-operator] [9c8e0590] 20:44:59.021 [ReconcilerExecutor-hivemq-controller-109] DEBUG c.h.p.o.HiveMQPlatformReconciler - [helmcont] StatefulSet Status (revision: test-hivemq-platform-fc778bc4c, replicas: 1, available: 0, ready: 0, current: 1, updated: 1)
2025-01-28 20:44:59,081 INFO c.h.h.t.HelmChartContainer - [hivemq-test-hivemq-platform] [hivemq-platform-operator] [9c8e0590] 20:44:59.075 [ReconcilerExecutor-hivemq-controller-109] DEBUG c.h.p.o.HiveMQPlatformReconciler - [helmcont] StatefulSet Spec (replicas: 1, init containers: 1, containers: 1, volumes: 3)
2025-01-28 20:44:59,082 INFO c.h.h.t.HelmChartContainer - [hivemq-test-hivemq-platform] [hivemq-platform-operator] [9c8e0590] 20:44:59.078 [ReconcilerExecutor-hivemq-controller-109] DEBUG c.h.p.o.h.HiveMQPlatformReconcilerErrorHandler - [helmcont] Pod 'test-hivemq-platform-0' phase Running
2025-01-28 20:44:59,082 INFO c.h.h.t.HelmChartContainer - [hivemq-test-hivemq-platform] [hivemq-platform-operator] [9c8e0590] 20:44:59.079 [ReconcilerExecutor-hivemq-controller-109] INFO  c.h.p.o.h.HiveMQPlatformReconcilerBaseHandler - [helmcont] HiveMQ Platform is starting, 0 of 1 replicas are ready
2025-01-28 20:44:59,089 INFO c.h.h.t.HelmChartContainer - [test-hivemq-platform] [hivemq] [acf82c85] WARN  - [HiveMQ Platform Operator Init App 1.7.0-SNAPSHOT] Cannot connect to Health API for readiness: null
2025-01-28 20:44:59,093 INFO c.h.h.t.HelmChartContainer - [test-hivemq-platform] [hivemq] [acf82c85] INFO  - [HiveMQ Platform Operator Init App 1.7.0-SNAPSHOT] Successfully updated Pod HiveMQ Platform Operator Init App version annotation (version: 1.7.0-SNAPSHOT)
2025-01-28 20:44:59,099 INFO c.h.h.t.HelmChartContainer - [EVENT] Warning [Unhealthy] Readiness probe failed: HTTP probe failed with statuscode: 503 [helmcontainersecuritycontextupgradeplatformit:test-hivemq-platform-0]
2025-01-28 20:44:59,099 INFO c.h.h.t.HelmChartContainer - Received Unhealthy event for container hivemq in pod test-hivemq-platform-0 [acf82c85-ec5c-4de1-aba8-4c4667eb30a0]
2025-01-28 20:45:04,024 INFO c.h.h.t.HelmChartContainer - [test-hivemq-platform] [hivemq] [acf82c85] WARN  - [HiveMQ Platform Operator Init App 1.7.0-SNAPSHOT] Cannot connect to Health API for readiness: null
2025-01-28 20:45:04,029 INFO c.h.h.t.HelmChartContainer - [EVENT] Warning [Unhealthy] Readiness probe failed: HTTP probe failed with statuscode: 503 [helmcontainersecuritycontextupgradeplatformit:test-hivemq-platform-0]
2025-01-28 20:45:04,029 INFO c.h.h.t.HelmChartContainer - Received Unhealthy event for container hivemq in pod test-hivemq-platform-0 [acf82c85-ec5c-4de1-aba8-4c4667eb30a0]
2025-01-28 20:45:09,084 INFO c.h.h.t.HelmChartContainer - [test-hivemq-platform] [hivemq] [acf82c85] WARN  - [HiveMQ Platform Operator Init App 1.7.0-SNAPSHOT] Cannot connect to Health API for readiness: null
2025-01-28 20:45:09,090 INFO c.h.h.t.HelmChartContainer - [EVENT] Warning [Unhealthy] Readiness probe failed: HTTP probe failed with statuscode: 503 [helmcontainersecuritycontextupgradeplatformit:test-hivemq-platform-0]
2025-01-28 20:45:09,090 INFO c.h.h.t.HelmChartContainer - Received Unhealthy event for container hivemq in pod test-hivemq-platform-0 [acf82c85-ec5c-4de1-aba8-4c4667eb30a0]
2025-01-28 20:45:09,097 INFO c.h.h.t.HelmChartContainer - [hivemq-test-hivemq-platform] [hivemq-platform-operator] [9c8e0590] 20:45:09.093 [pool-6-thread-21] DEBUG c.h.p.o.d.PlatformServiceResource - [helmcont] Desired Platform services (3 services)
2025-01-28 20:45:09,097 INFO c.h.h.t.HelmChartContainer - [hivemq-test-hivemq-platform] [hivemq-platform-operator] [9c8e0590] 20:45:09.094 [pool-6-thread-24] DEBUG c.h.p.o.dependants.PodInfoConfigMap - [helmcont] Desired PodInfo ConfigMap (1 extensions) (1 enabled)
2025-01-28 20:45:09,097 INFO c.h.h.t.HelmChartContainer - [hivemq-test-hivemq-platform] [hivemq-platform-operator] [9c8e0590] 20:45:09.094 [pool-6-thread-24] DEBUG c.h.p.o.dependants.PodInfoConfigMap - [helmcont] Desired PodInfo ConfigMap (metrics port: 9399) (metrics path: /)
2025-01-28 20:45:09,097 INFO c.h.h.t.HelmChartContainer - [hivemq-test-hivemq-platform] [hivemq-platform-operator] [9c8e0590] 20:45:09.094 [pool-6-thread-24] DEBUG c.h.p.o.dependants.PodInfoConfigMap - [helmcont] Desired PodInfo ConfigMap (extension state hash: -1817474005)
2025-01-28 20:45:09,099 INFO c.h.h.t.HelmChartContainer - [hivemq-test-hivemq-platform] [hivemq-platform-operator] [9c8e0590] 20:45:09.098 [pool-6-thread-25] DEBUG c.h.p.o.d.PodServiceAccountResource - [helmcont] Desired PodServiceAccountResource (serviceAccountName: hivemq-platform-pod-test-hivemq-platform)
2025-01-28 20:45:09,102 INFO c.h.h.t.HelmChartContainer - [hivemq-test-hivemq-platform] [hivemq-platform-operator] [9c8e0590] 20:45:09.101 [pool-6-thread-22] DEBUG c.h.p.o.d.StatefulSetResource - [helmcont] Desired StatefulSet (1 replicas) for status STARTING (READY)
2025-01-28 20:45:09,105 INFO c.h.h.t.HelmChartContainer - [hivemq-test-hivemq-platform] [hivemq-platform-operator] [9c8e0590] 20:45:09.104 [ReconcilerExecutor-hivemq-controller-110] INFO  c.h.p.o.HiveMQPlatformReconciler - [helmcont] Reconciling HiveMQ Platform 'test-hivemq-platform' in namespace 'helmcontainersecuritycontextupgradeplatformit'
2025-01-28 20:45:09,106 INFO c.h.h.t.HelmChartContainer - [hivemq-test-hivemq-platform] [hivemq-platform-operator] [9c8e0590] 20:45:09.104 [ReconcilerExecutor-hivemq-controller-110] DEBUG c.h.p.o.HiveMQPlatformReconciler - [helmcont] Custom Resource Status STARTING - HiveMQ Platform is starting (READY)
2025-01-28 20:45:09,106 INFO c.h.h.t.HelmChartContainer - [hivemq-test-hivemq-platform] [hivemq-platform-operator] [9c8e0590] 20:45:09.104 [ReconcilerExecutor-hivemq-controller-110] DEBUG c.h.p.o.HiveMQPlatformReconciler - [helmcont] Custom Resource Spec (replicas: 1) (extensions: 1)
2025-01-28 20:45:09,178 INFO c.h.h.t.HelmChartContainer - [hivemq-test-hivemq-platform] [hivemq-platform-operator] [9c8e0590] 20:45:09.176 [ReconcilerExecutor-hivemq-controller-110] DEBUG c.h.p.o.HiveMQPlatformReconciler - [helmcont] StatefulSet Status (revision: test-hivemq-platform-fc778bc4c, replicas: 1, available: 0, ready: 0, current: 1, updated: 1)
2025-01-28 20:45:09,178 INFO c.h.h.t.HelmChartContainer - [hivemq-test-hivemq-platform] [hivemq-platform-operator] [9c8e0590] 20:45:09.176 [ReconcilerExecutor-hivemq-controller-110] DEBUG c.h.p.o.HiveMQPlatformReconciler - [helmcont] StatefulSet Spec (replicas: 1, init containers: 1, containers: 1, volumes: 3)
2025-01-28 20:45:09,180 INFO c.h.h.t.HelmChartContainer - [hivemq-test-hivemq-platform] [hivemq-platform-operator] [9c8e0590] 20:45:09.178 [ReconcilerExecutor-hivemq-controller-110] DEBUG c.h.p.o.h.HiveMQPlatformReconcilerErrorHandler - [helmcont] Pod 'test-hivemq-platform-0' phase Running
2025-01-28 20:45:09,180 INFO c.h.h.t.HelmChartContainer - [hivemq-test-hivemq-platform] [hivemq-platform-operator] [9c8e0590] 20:45:09.179 [ReconcilerExecutor-hivemq-controller-110] INFO  c.h.p.o.h.HiveMQPlatformReconcilerBaseHandler - [helmcont] HiveMQ Platform is starting, 0 of 1 replicas are ready
2025-01-28 20:45:09,526 INFO c.h.h.t.HelmChartContainer - [K3S] [INFO] COMPACT compactRev=0 targetCompactRev=2 currentRev=1048
2025-01-28 20:45:09,527 INFO c.h.h.t.HelmChartContainer - [K3S] [INFO] COMPACT deleted 0 rows from 2 revisions in 476.499µs - compacted to 2/1048
2025-01-28 20:45:09,527 INFO c.h.h.t.HelmChartContainer - [K3S] [INFO] COMPACT compacted from 0 to 2 in 1 transactions over 1ms
2025-01-28 20:45:10,183 INFO c.h.h.t.HelmChartContainer - [test-hivemq-platform] [hivemq] [acf82c85] WARN  - [HiveMQ Platform Operator Init App 1.7.0-SNAPSHOT] Cannot connect to Health API for liveness: null
2025-01-28 20:45:10,184 INFO c.h.h.t.HelmChartContainer - [test-hivemq-platform] [hivemq] [acf82c85] INFO  - [HiveMQ Platform Operator Init App 1.7.0-SNAPSHOT] Returning default Health API response 200 for liveness
2025-01-28 20:45:11,426 INFO c.h.h.t.HelmChartContainer - [test-hivemq-platform] [hivemq] [acf82c85] INFO  - No valid license file found. Using trial license, restricted to 25 connections.
2025-01-28 20:45:12,173 INFO c.h.h.t.HelmChartContainer - [K3S] [info.go:53] Couldn't collect info from any of the files in "/etc/machine-id,/var/lib/dbus/machine-id"
2025-01-28 20:45:14,082 INFO c.h.h.t.HelmChartContainer - [test-hivemq-platform] [hivemq] [acf82c85] WARN  - [HiveMQ Platform Operator Init App 1.7.0-SNAPSHOT] Cannot connect to Health API for readiness: null
2025-01-28 20:45:14,087 INFO c.h.h.t.HelmChartContainer - [EVENT] Warning [Unhealthy] Readiness probe failed: HTTP probe failed with statuscode: 503 [helmcontainersecuritycontextupgradeplatformit:test-hivemq-platform-0]
2025-01-28 20:45:14,087 INFO c.h.h.t.HelmChartContainer - Received Unhealthy event for container hivemq in pod test-hivemq-platform-0 [acf82c85-ec5c-4de1-aba8-4c4667eb30a0]
2025-01-28 20:45:15,686 INFO c.h.h.t.HelmChartContainer - [test-hivemq-platform] [hivemq] [acf82c85] INFO  - No valid license file for Data Hub found. Using free license, restricted to 1 policy.
2025-01-28 20:45:16,879 INFO c.h.h.t.HelmChartContainer - [test-hivemq-platform] [hivemq] [acf82c85] INFO  - Audit Logger started.
2025-01-28 20:45:17,100 INFO c.h.h.t.HelmChartContainer - [test-hivemq-platform] [hivemq] [acf82c85] INFO  - This node uses '1' CPU cores.
2025-01-28 20:45:17,104 INFO c.h.h.t.HelmChartContainer - [test-hivemq-platform] [hivemq] [acf82c85] INFO  - Starting HiveMQ Health API on address 0.0.0.0 and port 8889
2025-01-28 20:45:17,929 INFO c.h.h.t.HelmChartContainer - [test-hivemq-platform] [hivemq] [acf82c85] INFO  - Started HiveMQ Health API in 825ms
2025-01-28 20:45:18,486 INFO c.h.h.t.HelmChartContainer - [test-hivemq-platform] [hivemq] [acf82c85] INFO  - Starting HiveMQ extension system.
2025-01-28 20:45:18,786 INFO c.h.h.t.HelmChartContainer - [test-hivemq-platform] [hivemq] [acf82c85] INFO  - Starting extension with id "hivemq-dns-cluster-discovery" at /opt/hivemq/extensions/hivemq-dns-cluster-discovery
2025-01-28 20:45:19,190 INFO c.h.h.t.HelmChartContainer - [hivemq-test-hivemq-platform] [hivemq-platform-operator] [9c8e0590] 20:45:19.184 [pool-6-thread-31] DEBUG c.h.p.o.d.PlatformServiceResource - [helmcont] Desired Platform services (3 services)
2025-01-28 20:45:19,190 INFO c.h.h.t.HelmChartContainer - [hivemq-test-hivemq-platform] [hivemq-platform-operator] [9c8e0590] 20:45:19.186 [pool-6-thread-32] DEBUG c.h.p.o.dependants.PodInfoConfigMap - [helmcont] Desired PodInfo ConfigMap (1 extensions) (1 enabled)
2025-01-28 20:45:19,190 INFO c.h.h.t.HelmChartContainer - [hivemq-test-hivemq-platform] [hivemq-platform-operator] [9c8e0590] 20:45:19.186 [pool-6-thread-32] DEBUG c.h.p.o.dependants.PodInfoConfigMap - [helmcont] Desired PodInfo ConfigMap (metrics port: 9399) (metrics path: /)
2025-01-28 20:45:19,191 INFO c.h.h.t.HelmChartContainer - [hivemq-test-hivemq-platform] [hivemq-platform-operator] [9c8e0590] 20:45:19.189 [pool-6-thread-32] DEBUG c.h.p.o.dependants.PodInfoConfigMap - [helmcont] Desired PodInfo ConfigMap (extension state hash: -1817474005)
2025-01-28 20:45:19,194 INFO c.h.h.t.HelmChartContainer - [hivemq-test-hivemq-platform] [hivemq-platform-operator] [9c8e0590] 20:45:19.193 [pool-6-thread-37] DEBUG c.h.p.o.d.PodServiceAccountResource - [helmcont] Desired PodServiceAccountResource (serviceAccountName: hivemq-platform-pod-test-hivemq-platform)
2025-01-28 20:45:19,196 INFO c.h.h.t.HelmChartContainer - [hivemq-test-hivemq-platform] [hivemq-platform-operator] [9c8e0590] 20:45:19.195 [pool-6-thread-32] DEBUG c.h.p.o.d.StatefulSetResource - [helmcont] Desired StatefulSet (1 replicas) for status STARTING (READY)
2025-01-28 20:45:19,201 INFO c.h.h.t.HelmChartContainer - [hivemq-test-hivemq-platform] [hivemq-platform-operator] [9c8e0590] 20:45:19.199 [ReconcilerExecutor-hivemq-controller-111] INFO  c.h.p.o.HiveMQPlatformReconciler - [helmcont] Reconciling HiveMQ Platform 'test-hivemq-platform' in namespace 'helmcontainersecuritycontextupgradeplatformit'
2025-01-28 20:45:19,201 INFO c.h.h.t.HelmChartContainer - [hivemq-test-hivemq-platform] [hivemq-platform-operator] [9c8e0590] 20:45:19.199 [ReconcilerExecutor-hivemq-controller-111] DEBUG c.h.p.o.HiveMQPlatformReconciler - [helmcont] Custom Resource Status STARTING - HiveMQ Platform is starting (READY)
2025-01-28 20:45:19,201 INFO c.h.h.t.HelmChartContainer - [hivemq-test-hivemq-platform] [hivemq-platform-operator] [9c8e0590] 20:45:19.199 [ReconcilerExecutor-hivemq-controller-111] DEBUG c.h.p.o.HiveMQPlatformReconciler - [helmcont] Custom Resource Spec (replicas: 1) (extensions: 1)
2025-01-28 20:45:19,202 INFO c.h.h.t.HelmChartContainer - [hivemq-test-hivemq-platform] [hivemq-platform-operator] [9c8e0590] 20:45:19.201 [ReconcilerExecutor-hivemq-controller-111] DEBUG c.h.p.o.HiveMQPlatformReconciler - [helmcont] StatefulSet Status (revision: test-hivemq-platform-fc778bc4c, replicas: 1, available: 0, ready: 0, current: 1, updated: 1)
2025-01-28 20:45:19,203 INFO c.h.h.t.HelmChartContainer - [hivemq-test-hivemq-platform] [hivemq-platform-operator] [9c8e0590] 20:45:19.201 [ReconcilerExecutor-hivemq-controller-111] DEBUG c.h.p.o.HiveMQPlatformReconciler - [helmcont] StatefulSet Spec (replicas: 1, init containers: 1, containers: 1, volumes: 3)
2025-01-28 20:45:19,204 INFO c.h.h.t.HelmChartContainer - [hivemq-test-hivemq-platform] [hivemq-platform-operator] [9c8e0590] 20:45:19.203 [ReconcilerExecutor-hivemq-controller-111] DEBUG c.h.p.o.h.HiveMQPlatformReconcilerErrorHandler - [helmcont] Pod 'test-hivemq-platform-0' phase Running
2025-01-28 20:45:19,204 INFO c.h.h.t.HelmChartContainer - [hivemq-test-hivemq-platform] [hivemq-platform-operator] [9c8e0590] 20:45:19.203 [ReconcilerExecutor-hivemq-controller-111] INFO  c.h.p.o.h.HiveMQPlatformReconcilerBaseHandler - [helmcont] HiveMQ Platform is starting, 0 of 1 replicas are ready
2025-01-28 20:45:19,388 INFO c.h.h.t.HelmChartContainer - [test-hivemq-platform] [hivemq] [acf82c85] INFO  - Using TCP cluster transport on address 10.42.0.10 and port 7000
2025-01-28 20:45:19,388 INFO c.h.h.t.HelmChartContainer - [test-hivemq-platform] [hivemq] [acf82c85] INFO  - Extension "DNS Cluster Discovery Extension" version 4.3.2 started successfully.
2025-01-28 20:45:19,388 INFO c.h.h.t.HelmChartContainer - [test-hivemq-platform] [hivemq] [acf82c85] INFO  - Starting extension with id "hivemq-prometheus-extension" at /opt/hivemq/extensions/hivemq-prometheus-extension
2025-01-28 20:45:19,487 INFO c.h.h.t.HelmChartContainer - [test-hivemq-platform] [hivemq] [acf82c85] INFO  - Using extension cluster discovery
2025-01-28 20:45:20,040 INFO c.h.h.t.HelmChartContainer - [EVENT] Warning [Unhealthy] Readiness probe failed: Get "http://10.42.0.10:7979/readiness": context deadline exceeded (Client.Timeout exceeded while awaiting headers) [helmcontainersecuritycontextupgradeplatformit:test-hivemq-platform-0]
2025-01-28 20:45:20,040 INFO c.h.h.t.HelmChartContainer - Received Unhealthy event for container hivemq in pod test-hivemq-platform-0 [acf82c85-ec5c-4de1-aba8-4c4667eb30a0]
2025-01-28 20:45:20,789 INFO c.h.h.t.HelmChartContainer - [test-hivemq-platform] [hivemq] [acf82c85] INFO  - [HiveMQ Platform Operator Init App 1.7.0-SNAPSHOT] Returning Health API response 503 for readiness
2025-01-28 20:45:20,789 INFO c.h.h.t.HelmChartContainer - [test-hivemq-platform] [hivemq] [acf82c85] INFO  - Started Jetty Server exposing Prometheus Servlet on URI http://0.0.0.0:9399/
2025-01-28 20:45:20,789 INFO c.h.h.t.HelmChartContainer - [test-hivemq-platform] [hivemq] [acf82c85] INFO  - Extension "Prometheus Monitoring Extension" version 4.0.12 started successfully.
2025-01-28 20:45:20,789 INFO c.h.h.t.HelmChartContainer - [test-hivemq-platform] [hivemq] [acf82c85] INFO  - Starting extension with id "hivemq-allow-all-extension" at /opt/hivemq/extensions/hivemq-allow-all-extension
2025-01-28 20:45:20,789 INFO c.h.h.t.HelmChartContainer - [test-hivemq-platform] [hivemq] [acf82c85] WARN  - 
2025-01-28 20:45:20,789 INFO c.h.h.t.HelmChartContainer - [test-hivemq-platform] [hivemq] [acf82c85] ################################################################################################################
2025-01-28 20:45:20,789 INFO c.h.h.t.HelmChartContainer - [test-hivemq-platform] [hivemq] [acf82c85] # This HiveMQ deployment is not secure! You are lacking Authentication and Authorization.                      #
2025-01-28 20:45:20,789 INFO c.h.h.t.HelmChartContainer - [test-hivemq-platform] [hivemq] [acf82c85] # Right now any MQTT client can connect to the broker with a full set of permissions.                          #
2025-01-28 20:45:20,790 INFO c.h.h.t.HelmChartContainer - [test-hivemq-platform] [hivemq] [acf82c85] # For production usage, add an appropriate security extension and remove the hivemq-allow-all extension.       #
2025-01-28 20:45:20,790 INFO c.h.h.t.HelmChartContainer - [test-hivemq-platform] [hivemq] [acf82c85] # You can download security extensions from the HiveMQ Marketplace (https://www.hivemq.com/extensions/).       #
2025-01-28 20:45:20,790 INFO c.h.h.t.HelmChartContainer - [test-hivemq-platform] [hivemq] [acf82c85] ################################################################################################################
2025-01-28 20:45:20,790 INFO c.h.h.t.HelmChartContainer - [test-hivemq-platform] [hivemq] [acf82c85] INFO  - Extension "Allow All Extension" version 1.1.1 started successfully.
2025-01-28 20:45:22,884 INFO c.h.h.t.HelmChartContainer - [test-hivemq-platform] [hivemq] [acf82c85] INFO  - 3e1G5: no members discovered after 2499 ms: creating cluster as first member
2025-01-28 20:45:22,893 INFO c.h.h.t.HelmChartContainer - [test-hivemq-platform] [hivemq] [acf82c85] INFO  - Cluster nodes found by discovery: [3e1G5|0] (1) [3e1G5].
2025-01-28 20:45:22,989 INFO c.h.h.t.HelmChartContainer - [test-hivemq-platform] [hivemq] [acf82c85] WARN  - No user for HiveMQ Control Center configured. Starting with default user
2025-01-28 20:45:22,989 INFO c.h.h.t.HelmChartContainer - [test-hivemq-platform] [hivemq] [acf82c85] INFO  - Starting HiveMQ Control Center on address 0.0.0.0 and port 8080
2025-01-28 20:45:22,992 INFO c.h.h.t.HelmChartContainer - [test-hivemq-platform] [hivemq] [acf82c85] INFO  - Mounting HiveMQ Control Center V2 Preview
2025-01-28 20:45:23,691 INFO c.h.h.t.HelmChartContainer - [test-hivemq-platform] [hivemq] [acf82c85] INFO  - Started HiveMQ Control Center in 702ms
2025-01-28 20:45:23,704 INFO c.h.h.t.HelmChartContainer - [test-hivemq-platform] [hivemq] [acf82c85] INFO  - Starting TCP listener on address 0.0.0.0 and port 1883
2025-01-28 20:45:23,791 INFO c.h.h.t.HelmChartContainer - [test-hivemq-platform] [hivemq] [acf82c85] INFO  - Started TCP Listener on address 0.0.0.0 and on port 1883.
2025-01-28 20:45:23,791 INFO c.h.h.t.HelmChartContainer - [test-hivemq-platform] [hivemq] [acf82c85] INFO  - Started HiveMQ in 33389ms
2025-01-28 20:45:24,002 INFO c.h.h.t.HelmChartContainer - [test-hivemq-platform] [hivemq] [acf82c85] INFO  - [HiveMQ Platform Operator Init App 1.7.0-SNAPSHOT] Returning Health API response 200 for readiness
2025-01-28 20:45:24,018 INFO c.h.h.t.HelmChartContainer - [POD] test-hivemq-platform-0 [acf82c85-ec5c-4de1-aba8-4c4667eb30a0] in helmcontainersecuritycontextupgradeplatformit was MODIFIED
2025-01-28 20:45:24,035 INFO c.h.h.t.HelmChartContainer - [hivemq-test-hivemq-platform] [hivemq-platform-operator] [9c8e0590] 20:45:24.026 [pool-6-thread-45] DEBUG c.h.p.o.d.PlatformServiceResource - [helmcont] Desired Platform services (3 services)
2025-01-28 20:45:24,035 INFO c.h.h.t.HelmChartContainer - [hivemq-test-hivemq-platform] [hivemq-platform-operator] [9c8e0590] 20:45:24.032 [pool-6-thread-42] DEBUG c.h.p.o.dependants.PodInfoConfigMap - [helmcont] Desired PodInfo ConfigMap (1 extensions) (1 enabled)
2025-01-28 20:45:24,044 INFO c.h.h.t.HelmChartContainer - [hivemq-test-hivemq-platform] [hivemq-platform-operator] [9c8e0590] 20:45:24.036 [pool-6-thread-46] DEBUG c.h.p.o.d.PodServiceAccountResource - [helmcont] Desired PodServiceAccountResource (serviceAccountName: hivemq-platform-pod-test-hivemq-platform)
2025-01-28 20:45:24,044 INFO c.h.h.t.HelmChartContainer - [hivemq-test-hivemq-platform] [hivemq-platform-operator] [9c8e0590] 20:45:24.043 [pool-6-thread-42] DEBUG c.h.p.o.dependants.PodInfoConfigMap - [helmcont] Desired PodInfo ConfigMap (metrics port: 9399) (metrics path: /)
2025-01-28 20:45:24,044 INFO c.h.h.t.HelmChartContainer - [hivemq-test-hivemq-platform] [hivemq-platform-operator] [9c8e0590] 20:45:24.043 [pool-6-thread-42] DEBUG c.h.p.o.dependants.PodInfoConfigMap - [helmcont] Desired PodInfo ConfigMap (extension state hash: -1817474005)
2025-01-28 20:45:24,085 INFO c.h.h.t.HelmChartContainer - [hivemq-test-hivemq-platform] [hivemq-platform-operator] [9c8e0590] 20:45:24.083 [pool-6-thread-42] DEBUG c.h.p.o.d.StatefulSetResource - [helmcont] Desired StatefulSet (1 replicas) for status STARTING (READY)
2025-01-28 20:45:24,137 INFO c.h.h.t.HelmChartContainer - [hivemq-test-hivemq-platform] [hivemq-platform-operator] [9c8e0590] 20:45:24.135 [ReconcilerExecutor-hivemq-controller-112] INFO  c.h.p.o.HiveMQPlatformReconciler - [helmcont] Reconciling HiveMQ Platform 'test-hivemq-platform' in namespace 'helmcontainersecuritycontextupgradeplatformit'
2025-01-28 20:45:24,138 INFO c.h.h.t.HelmChartContainer - [hivemq-test-hivemq-platform] [hivemq-platform-operator] [9c8e0590] 20:45:24.135 [ReconcilerExecutor-hivemq-controller-112] DEBUG c.h.p.o.HiveMQPlatformReconciler - [helmcont] Custom Resource Status STARTING - HiveMQ Platform is starting (READY)
2025-01-28 20:45:24,138 INFO c.h.h.t.HelmChartContainer - [hivemq-test-hivemq-platform] [hivemq-platform-operator] [9c8e0590] 20:45:24.135 [ReconcilerExecutor-hivemq-controller-112] DEBUG c.h.p.o.HiveMQPlatformReconciler - [helmcont] Custom Resource Spec (replicas: 1) (extensions: 1)
2025-01-28 20:45:24,139 INFO c.h.h.t.HelmChartContainer - [hivemq-test-hivemq-platform] [hivemq-platform-operator] [9c8e0590] 20:45:24.138 [ReconcilerExecutor-hivemq-controller-112] DEBUG c.h.p.o.HiveMQPlatformReconciler - [helmcont] StatefulSet Status (revision: test-hivemq-platform-fc778bc4c, replicas: 1, available: 1, ready: 1, current: 1, updated: 1)
2025-01-28 20:45:24,140 INFO c.h.h.t.HelmChartContainer - [hivemq-test-hivemq-platform] [hivemq-platform-operator] [9c8e0590] 20:45:24.138 [ReconcilerExecutor-hivemq-controller-112] DEBUG c.h.p.o.HiveMQPlatformReconciler - [helmcont] StatefulSet Spec (replicas: 1, init containers: 1, containers: 1, volumes: 3)
2025-01-28 20:45:24,178 INFO c.h.h.t.HelmChartContainer - [hivemq-test-hivemq-platform] [hivemq-platform-operator] [9c8e0590] 20:45:24.176 [ReconcilerExecutor-hivemq-controller-112] DEBUG c.h.p.o.h.HiveMQPlatformReconcilerErrorHandler - [helmcont] Pod 'test-hivemq-platform-0' phase Running
2025-01-28 20:45:24,178 INFO c.h.h.t.HelmChartContainer - [hivemq-test-hivemq-platform] [hivemq-platform-operator] [9c8e0590] 20:45:24.177 [ReconcilerExecutor-hivemq-controller-112] INFO  c.h.p.o.h.HiveMQPlatformReconcilerBaseHandler - [helmcont] HiveMQ Platform started successfully
2025-01-28 20:45:24,243 INFO c.h.h.t.HelmChartContainer - [hivemq-test-hivemq-platform] [hivemq-platform-operator] [9c8e0590] 20:45:24.242 [ReconcilerExecutor-hivemq-controller-112] DEBUG c.h.p.operator.event.EventSender - [helmcont] Creating K8s event hivemq-platform-ready: [Ready] HiveMQ Platform is ready
2025-01-28 20:45:24,281 INFO c.h.h.t.HelmChartContainer - [EVENT] Normal [Ready] HiveMQ Platform is ready [helmcontainersecuritycontextupgradeplatformit:test-hivemq-platform]
2025-01-28 20:45:24,282 INFO c.h.h.t.HelmChartContainer - [hivemq-test-hivemq-platform] [hivemq-platform-operator] [9c8e0590] 20:45:24.281 [ReconcilerExecutor-hivemq-controller-112] INFO  c.h.p.o.h.AbstractHiveMQReconcilerStateHandler - [helmcont] Update HiveMQ Platform Status (STARTING [READY] -> RUNNING [READY]): HiveMQ Platform is ready
2025-01-28 20:45:24,289 DEBUG com.hivemq.helmcharts.util.K8sUtil - Comparing actual state 'RUNNING' and waiting for 'RUNNING'
2025-01-28 20:45:24,335 INFO c.h.h.t.HelmChartContainer - [hivemq-test-hivemq-platform] [hivemq-platform-operator] [9c8e0590] 20:45:24.332 [pool-6-thread-4] DEBUG c.h.p.o.d.PlatformServiceResource - [helmcont] Desired Platform services (3 services)
2025-01-28 20:45:24,335 INFO c.h.h.t.HelmChartContainer - [hivemq-test-hivemq-platform] [hivemq-platform-operator] [9c8e0590] 20:45:24.332 [pool-6-thread-2] DEBUG c.h.p.o.dependants.PodInfoConfigMap - [helmcont] Desired PodInfo ConfigMap (1 extensions) (1 enabled)
2025-01-28 20:45:24,335 INFO c.h.h.t.HelmChartContainer - [hivemq-test-hivemq-platform] [hivemq-platform-operator] [9c8e0590] 20:45:24.332 [pool-6-thread-2] DEBUG c.h.p.o.dependants.PodInfoConfigMap - [helmcont] Desired PodInfo ConfigMap (metrics port: 9399) (metrics path: /)
2025-01-28 20:45:24,335 INFO c.h.h.t.HelmChartContainer - [hivemq-test-hivemq-platform] [hivemq-platform-operator] [9c8e0590] 20:45:24.332 [pool-6-thread-2] DEBUG c.h.p.o.dependants.PodInfoConfigMap - [helmcont] Desired PodInfo ConfigMap (extension state hash: -1817474005)
2025-01-28 20:45:24,335 INFO c.h.h.t.HelmChartContainer - [hivemq-test-hivemq-platform] [hivemq-platform-operator] [9c8e0590] 20:45:24.333 [pool-6-thread-2] DEBUG c.h.p.o.dependants.PodInfoConfigMap - [helmcont] Update PodInfo ConfigMap
2025-01-28 20:45:24,335 INFO c.h.h.t.HelmChartContainer - [hivemq-test-hivemq-platform] [hivemq-platform-operator] [9c8e0590] 20:45:24.334 [pool-6-thread-5] DEBUG c.h.p.o.d.PodServiceAccountResource - [helmcont] Desired PodServiceAccountResource (serviceAccountName: hivemq-platform-pod-test-hivemq-platform)
2025-01-28 20:45:24,384 DEBUG com.hivemq.helmcharts.util.PodUtil - Received status for command '[sh, -c, stat -c "%u:%g" /proc/1]' on pod 'test-hivemq-platform-0' (exit code: 0)
2025-01-28 20:45:24,400 DEBUG com.hivemq.helmcharts.util.K8sUtil - Comparing actual state 'RUNNING' and waiting for 'ROLLING_RESTART'
2025-01-28 20:45:24,431 INFO c.h.h.t.HelmChartContainer - [hivemq-test-hivemq-platform] [hivemq-platform-operator] [9c8e0590] 20:45:24.430 [pool-6-thread-2] DEBUG c.h.p.o.d.StatefulSetResource - [helmcont] Desired StatefulSet (1 replicas) for status RUNNING (READY)
2025-01-28 20:45:24,434 INFO c.h.h.t.HelmChartContainer - [hivemq-test-hivemq-platform] [hivemq-platform-operator] [9c8e0590] 20:45:24.433 [pool-6-thread-2] DEBUG c.h.p.o.d.StatefulSetResource - [helmcont] Update StatefulSet (replicas: 1 -> 1)
2025-01-28 20:45:24,435 INFO c.h.h.t.HelmChartContainer - [hivemq-test-hivemq-platform] [hivemq-platform-operator] [9c8e0590] 20:45:24.434 [pool-6-thread-2] DEBUG c.h.p.o.d.StatefulSetResource - [helmcont] Detected change in StatefulSet specification (path: /template/metadata/annotations/kubernetes-resource-versions) (actual value: {broker-configuration-v2=-2089688360}) (target value: {broker-configuration-v2=1242811043})
2025-01-28 20:45:24,436 INFO c.h.h.t.HelmChartContainer - [hivemq-test-hivemq-platform] [hivemq-platform-operator] [9c8e0590] 20:45:24.434 [pool-6-thread-2] INFO  c.h.p.o.d.StatefulSetResource - [helmcont] StatefulSet spec was updated, triggering rolling restart
2025-01-28 20:45:24,530 INFO c.h.h.t.HelmChartContainer - [hivemq-test-hivemq-platform] [hivemq-platform-operator] [9c8e0590] 20:45:24.528 [ReconcilerExecutor-hivemq-controller-113] INFO  c.h.p.o.HiveMQPlatformReconciler - [helmcont] Reconciling HiveMQ Platform 'test-hivemq-platform' in namespace 'helmcontainersecuritycontextupgradeplatformit'
2025-01-28 20:45:24,534 INFO c.h.h.t.HelmChartContainer - [hivemq-test-hivemq-platform] [hivemq-platform-operator] [9c8e0590] 20:45:24.529 [ReconcilerExecutor-hivemq-controller-113] DEBUG c.h.p.o.HiveMQPlatformReconciler - [helmcont] Custom Resource Status RUNNING - HiveMQ Platform is ready (READY) (reconciliation requests: REQUESTS_UPDATED, ROLLING_RESTART)
2025-01-28 20:45:24,534 INFO c.h.h.t.HelmChartContainer - [hivemq-test-hivemq-platform] [hivemq-platform-operator] [9c8e0590] 20:45:24.529 [ReconcilerExecutor-hivemq-controller-113] DEBUG c.h.p.o.HiveMQPlatformReconciler - [helmcont] Custom Resource Spec (replicas: 1) (extensions: 1)
2025-01-28 20:45:24,535 INFO c.h.h.t.HelmChartContainer - [hivemq-test-hivemq-platform] [hivemq-platform-operator] [9c8e0590] 20:45:24.532 [ReconcilerExecutor-hivemq-controller-113] DEBUG c.h.p.o.HiveMQPlatformReconciler - [helmcont] StatefulSet Status (revision: test-hivemq-platform-fc778bc4c, replicas: 1, available: 1, ready: 1, current: 1, updated: 1)
2025-01-28 20:45:24,535 INFO c.h.h.t.HelmChartContainer - [hivemq-test-hivemq-platform] [hivemq-platform-operator] [9c8e0590] 20:45:24.532 [ReconcilerExecutor-hivemq-controller-113] DEBUG c.h.p.o.HiveMQPlatformReconciler - [helmcont] StatefulSet Spec (replicas: 1, init containers: 1, containers: 1, volumes: 3)
2025-01-28 20:45:24,535 INFO c.h.h.t.HelmChartContainer - [hivemq-test-hivemq-platform] [hivemq-platform-operator] [9c8e0590] 20:45:24.534 [ReconcilerExecutor-hivemq-controller-113] DEBUG c.h.p.o.h.HiveMQPlatformReconcilerErrorHandler - [helmcont] Pod 'test-hivemq-platform-0' phase Running
2025-01-28 20:45:24,537 INFO c.h.h.t.HelmChartContainer - [hivemq-test-hivemq-platform] [hivemq-platform-operator] [9c8e0590] 20:45:24.535 [ReconcilerExecutor-hivemq-controller-113] INFO  c.h.p.o.h.HiveMQPlatformReconcilerBaseHandler - [helmcont] Started rolling restart (scaling to 2 replicas)
2025-01-28 20:45:24,634 INFO c.h.h.t.HelmChartContainer - [hivemq-test-hivemq-platform] [hivemq-platform-operator] [9c8e0590] 20:45:24.632 [ReconcilerExecutor-hivemq-controller-113] DEBUG c.h.p.operator.event.EventSender - [helmcont] Creating K8s event rolling-restart-started: [RollingRestart] HiveMQ Platform is starting a surge Pod (rolling restart)
2025-01-28 20:45:24,637 INFO c.h.h.t.HelmChartContainer - [EVENT] Normal [RollingRestart] HiveMQ Platform is starting a surge Pod (rolling restart) [helmcontainersecuritycontextupgradeplatformit:test-hivemq-platform]
2025-01-28 20:45:24,638 INFO c.h.h.t.HelmChartContainer - [hivemq-test-hivemq-platform] [hivemq-platform-operator] [9c8e0590] 20:45:24.637 [ReconcilerExecutor-hivemq-controller-113] INFO  c.h.p.o.h.AbstractHiveMQReconcilerStateHandler - [helmcont] Update HiveMQ Platform Status (RUNNING [READY] -> ROLLING_RESTART [SURGE_IN_PROGRESS]): HiveMQ Platform is starting a surge Pod (rolling restart)
2025-01-28 20:45:24,650 DEBUG com.hivemq.helmcharts.util.K8sUtil - Comparing actual state 'ROLLING_RESTART' and waiting for 'ROLLING_RESTART'
2025-01-28 20:45:24,656 DEBUG com.hivemq.helmcharts.util.K8sUtil - Comparing actual state 'ROLLING_RESTART' and waiting for 'RUNNING'
2025-01-28 20:45:24,689 INFO c.h.h.t.HelmChartContainer - [hivemq-test-hivemq-platform] [hivemq-platform-operator] [9c8e0590] 20:45:24.683 [pool-6-thread-17] DEBUG c.h.p.o.d.PlatformServiceResource - [helmcont] Desired Platform services (3 services)
2025-01-28 20:45:24,731 INFO c.h.h.t.HelmChartContainer - [hivemq-test-hivemq-platform] [hivemq-platform-operator] [9c8e0590] 20:45:24.728 [pool-6-thread-16] DEBUG c.h.p.o.dependants.PodInfoConfigMap - [helmcont] Desired PodInfo ConfigMap (1 extensions) (1 enabled)
2025-01-28 20:45:24,733 INFO c.h.h.t.HelmChartContainer - [hivemq-test-hivemq-platform] [hivemq-platform-operator] [9c8e0590] 20:45:24.731 [pool-6-thread-16] DEBUG c.h.p.o.dependants.PodInfoConfigMap - [helmcont] Desired PodInfo ConfigMap (metrics port: 9399) (metrics path: /)
2025-01-28 20:45:24,734 INFO c.h.h.t.HelmChartContainer - [hivemq-test-hivemq-platform] [hivemq-platform-operator] [9c8e0590] 20:45:24.731 [pool-6-thread-16] DEBUG c.h.p.o.dependants.PodInfoConfigMap - [helmcont] Desired PodInfo ConfigMap (extension state hash: -1817474005)
2025-01-28 20:45:24,735 INFO c.h.h.t.HelmChartContainer - [hivemq-test-hivemq-platform] [hivemq-platform-operator] [9c8e0590] 20:45:24.732 [pool-6-thread-16] DEBUG c.h.p.o.dependants.PodInfoConfigMap - [helmcont] Update PodInfo ConfigMap
2025-01-28 20:45:24,735 INFO c.h.h.t.HelmChartContainer - [hivemq-test-hivemq-platform] [hivemq-platform-operator] [9c8e0590] 20:45:24.732 [pool-6-thread-19] DEBUG c.h.p.o.d.PodServiceAccountResource - [helmcont] Desired PodServiceAccountResource (serviceAccountName: hivemq-platform-pod-test-hivemq-platform)
2025-01-28 20:45:24,829 INFO c.h.h.t.HelmChartContainer - [hivemq-test-hivemq-platform] [hivemq-platform-operator] [9c8e0590] 20:45:24.828 [pool-6-thread-16] DEBUG c.h.p.o.d.StatefulSetResource - [helmcont] Desired StatefulSet (2 replicas) for status ROLLING_RESTART (SURGE_IN_PROGRESS)
2025-01-28 20:45:24,833 INFO c.h.h.t.HelmChartContainer - [hivemq-test-hivemq-platform] [hivemq-platform-operator] [9c8e0590] 20:45:24.833 [pool-6-thread-16] DEBUG c.h.p.o.d.StatefulSetResource - [helmcont] Update StatefulSet (replicas: 1 -> 2)
2025-01-28 20:45:24,856 INFO c.h.h.t.HelmChartContainer - [POD] test-hivemq-platform-1 [1666440a-baca-482c-99cf-db78abef100f] in helmcontainersecuritycontextupgradeplatformit was ADDED
2025-01-28 20:45:24,864 INFO c.h.h.t.HelmChartContainer - [EVENT] Normal [SuccessfulCreate] create Pod test-hivemq-platform-1 in StatefulSet test-hivemq-platform successful [helmcontainersecuritycontextupgradeplatformit:test-hivemq-platform]
2025-01-28 20:45:24,868 INFO c.h.h.t.HelmChartContainer - [POD] test-hivemq-platform-1 [1666440a-baca-482c-99cf-db78abef100f] in helmcontainersecuritycontextupgradeplatformit was MODIFIED
2025-01-28 20:45:24,873 INFO c.h.h.t.HelmChartContainer - [EVENT] Normal [Scheduled] Successfully assigned helmcontainersecuritycontextupgradeplatformit/test-hivemq-platform-1 to a4d7440200d1 [helmcontainersecuritycontextupgradeplatformit:test-hivemq-platform-1]
2025-01-28 20:45:24,890 INFO c.h.h.t.HelmChartContainer - [hivemq-test-hivemq-platform] [hivemq-platform-operator] [9c8e0590] 20:45:24.883 [ReconcilerExecutor-hivemq-controller-114] INFO  c.h.p.o.HiveMQPlatformReconciler - [helmcont] Reconciling HiveMQ Platform 'test-hivemq-platform' in namespace 'helmcontainersecuritycontextupgradeplatformit'
2025-01-28 20:45:24,890 INFO c.h.h.t.HelmChartContainer - [hivemq-test-hivemq-platform] [hivemq-platform-operator] [9c8e0590] 20:45:24.883 [ReconcilerExecutor-hivemq-controller-114] DEBUG c.h.p.o.HiveMQPlatformReconciler - [helmcont] Custom Resource Status ROLLING_RESTART - HiveMQ Platform is starting a surge Pod (rolling restart) (SURGE_IN_PROGRESS)
2025-01-28 20:45:24,891 INFO c.h.h.t.HelmChartContainer - [hivemq-test-hivemq-platform] [hivemq-platform-operator] [9c8e0590] 20:45:24.883 [ReconcilerExecutor-hivemq-controller-114] DEBUG c.h.p.o.HiveMQPlatformReconciler - [helmcont] Custom Resource Spec (replicas: 1) (extensions: 1)
2025-01-28 20:45:24,892 INFO c.h.h.t.HelmChartContainer - [hivemq-test-hivemq-platform] [hivemq-platform-operator] [9c8e0590] 20:45:24.888 [ReconcilerExecutor-hivemq-controller-114] DEBUG c.h.p.o.HiveMQPlatformReconciler - [helmcont] StatefulSet Status (revision: test-hivemq-platform-85948b8786, replicas: 1, available: 1, ready: 1, current: 1, updated: 0)
2025-01-28 20:45:24,892 INFO c.h.h.t.HelmChartContainer - [hivemq-test-hivemq-platform] [hivemq-platform-operator] [9c8e0590] 20:45:24.888 [ReconcilerExecutor-hivemq-controller-114] DEBUG c.h.p.o.HiveMQPlatformReconciler - [helmcont] StatefulSet Spec (replicas: 2, init containers: 1, containers: 1, volumes: 3)
2025-01-28 20:45:24,896 INFO c.h.h.t.HelmChartContainer - [POD] test-hivemq-platform-1 [1666440a-baca-482c-99cf-db78abef100f] in helmcontainersecuritycontextupgradeplatformit was MODIFIED
2025-01-28 20:45:24,938 INFO c.h.h.t.HelmChartContainer - [hivemq-test-hivemq-platform] [hivemq-platform-operator] [9c8e0590] 20:45:24.930 [ReconcilerExecutor-hivemq-controller-114] DEBUG c.h.p.o.h.HiveMQPlatformReconcilerErrorHandler - [helmcont] Pod 'test-hivemq-platform-1' phase Pending
2025-01-28 20:45:24,938 INFO c.h.h.t.HelmChartContainer - [hivemq-test-hivemq-platform] [hivemq-platform-operator] [9c8e0590] 20:45:24.930 [ReconcilerExecutor-hivemq-controller-114] DEBUG c.h.p.o.h.HiveMQPlatformReconcilerErrorHandler - [helmcont] Pod 'test-hivemq-platform-1' condition 'PodScheduled': True
2025-01-28 20:45:24,938 INFO c.h.h.t.HelmChartContainer - [hivemq-test-hivemq-platform] [hivemq-platform-operator] [9c8e0590] 20:45:24.931 [ReconcilerExecutor-hivemq-controller-114] DEBUG c.h.p.o.h.HiveMQPlatformReconcilerErrorHandler - [helmcont] Pod 'test-hivemq-platform-0' phase Running
2025-01-28 20:45:24,944 INFO c.h.h.t.HelmChartContainer - [hivemq-test-hivemq-platform] [hivemq-platform-operator] [9c8e0590] 20:45:24.935 [ReconcilerExecutor-hivemq-controller-114] DEBUG c.h.p.o.h.HiveMQPlatformReconcilerRollingRestartHandler - [helmcont] Rolling restart is waiting for 1 of 2 replicas
2025-01-28 20:45:24,949 INFO c.h.h.t.HelmChartContainer - [K3S] [reconciler_common.go:251] "operationExecutor.VerifyControllerAttachedVolume started for volume \"pod-info\" (UniqueName: \"kubernetes.io/configmap/1666440a-baca-482c-99cf-db78abef100f-pod-info\") pod \"test-hivemq-platform-1\" (UID: \"1666440a-baca-482c-99cf-db78abef100f\") " pod="helmcontainersecuritycontextupgradeplatformit/test-hivemq-platform-1"
2025-01-28 20:45:24,949 INFO c.h.h.t.HelmChartContainer - [K3S] [reconciler_common.go:251] "operationExecutor.VerifyControllerAttachedVolume started for volume \"broker-configuration\" (UniqueName: \"kubernetes.io/configmap/1666440a-baca-482c-99cf-db78abef100f-broker-configuration\") pod \"test-hivemq-platform-1\" (UID: \"1666440a-baca-482c-99cf-db78abef100f\") " pod="helmcontainersecuritycontextupgradeplatformit/test-hivemq-platform-1"
2025-01-28 20:45:24,981 INFO c.h.h.t.HelmChartContainer - [hivemq-test-hivemq-platform] [hivemq-platform-operator] [9c8e0590] 20:45:24.980 [pool-6-thread-29] DEBUG c.h.p.o.d.PlatformServiceResource - [helmcont] Desired Platform services (3 services)
2025-01-28 20:45:24,983 INFO c.h.h.t.HelmChartContainer - [hivemq-test-hivemq-platform] [hivemq-platform-operator] [9c8e0590] 20:45:24.982 [pool-6-thread-28] DEBUG c.h.p.o.dependants.PodInfoConfigMap - [helmcont] Desired PodInfo ConfigMap (1 extensions) (1 enabled)
2025-01-28 20:45:24,983 INFO c.h.h.t.HelmChartContainer - [hivemq-test-hivemq-platform] [hivemq-platform-operator] [9c8e0590] 20:45:24.982 [pool-6-thread-28] DEBUG c.h.p.o.dependants.PodInfoConfigMap - [helmcont] Desired PodInfo ConfigMap (metrics port: 9399) (metrics path: /)
2025-01-28 20:45:24,984 INFO c.h.h.t.HelmChartContainer - [hivemq-test-hivemq-platform] [hivemq-platform-operator] [9c8e0590] 20:45:24.982 [pool-6-thread-28] DEBUG c.h.p.o.dependants.PodInfoConfigMap - [helmcont] Desired PodInfo ConfigMap (extension state hash: -1817474005)
2025-01-28 20:45:25,030 INFO c.h.h.t.HelmChartContainer - [hivemq-test-hivemq-platform] [hivemq-platform-operator] [9c8e0590] 20:45:25.028 [pool-6-thread-29] DEBUG c.h.p.o.d.PodServiceAccountResource - [helmcont] Desired PodServiceAccountResource (serviceAccountName: hivemq-platform-pod-test-hivemq-platform)
2025-01-28 20:45:25,032 INFO c.h.h.t.HelmChartContainer - [hivemq-test-hivemq-platform] [hivemq-platform-operator] [9c8e0590] 20:45:25.031 [pool-6-thread-27] DEBUG c.h.p.o.d.StatefulSetResource - [helmcont] Desired StatefulSet (2 replicas) for status ROLLING_RESTART (SURGE_IN_PROGRESS)
2025-01-28 20:45:25,050 INFO c.h.h.t.HelmChartContainer - [K3S] [reconciler_common.go:251] "operationExecutor.VerifyControllerAttachedVolume started for volume \"kube-api-access-8hgdg\" (UniqueName: \"kubernetes.io/projected/1666440a-baca-482c-99cf-db78abef100f-kube-api-access-8hgdg\") pod \"test-hivemq-platform-1\" (UID: \"1666440a-baca-482c-99cf-db78abef100f\") " pod="helmcontainersecuritycontextupgradeplatformit/test-hivemq-platform-1"
2025-01-28 20:45:25,050 INFO c.h.h.t.HelmChartContainer - [K3S] [reconciler_common.go:251] "operationExecutor.VerifyControllerAttachedVolume started for volume \"operator-init\" (UniqueName: \"kubernetes.io/empty-dir/1666440a-baca-482c-99cf-db78abef100f-operator-init\") pod \"test-hivemq-platform-1\" (UID: \"1666440a-baca-482c-99cf-db78abef100f\") " pod="helmcontainersecuritycontextupgradeplatformit/test-hivemq-platform-1"
2025-01-28 20:45:25,077 INFO c.h.h.t.HelmChartContainer - [hivemq-test-hivemq-platform] [hivemq-platform-operator] [9c8e0590] 20:45:25.076 [ReconcilerExecutor-hivemq-controller-115] INFO  c.h.p.o.HiveMQPlatformReconciler - [helmcont] Reconciling HiveMQ Platform 'test-hivemq-platform' in namespace 'helmcontainersecuritycontextupgradeplatformit'
2025-01-28 20:45:25,078 INFO c.h.h.t.HelmChartContainer - [hivemq-test-hivemq-platform] [hivemq-platform-operator] [9c8e0590] 20:45:25.076 [ReconcilerExecutor-hivemq-controller-115] DEBUG c.h.p.o.HiveMQPlatformReconciler - [helmcont] Custom Resource Status ROLLING_RESTART - HiveMQ Platform is starting a surge Pod (rolling restart) (SURGE_IN_PROGRESS)
2025-01-28 20:45:25,078 INFO c.h.h.t.HelmChartContainer - [hivemq-test-hivemq-platform] [hivemq-platform-operator] [9c8e0590] 20:45:25.076 [ReconcilerExecutor-hivemq-controller-115] DEBUG c.h.p.o.HiveMQPlatformReconciler - [helmcont] Custom Resource Spec (replicas: 1) (extensions: 1)
2025-01-28 20:45:25,129 INFO c.h.h.t.HelmChartContainer - [hivemq-test-hivemq-platform] [hivemq-platform-operator] [9c8e0590] 20:45:25.128 [ReconcilerExecutor-hivemq-controller-115] DEBUG c.h.p.o.HiveMQPlatformReconciler - [helmcont] StatefulSet Status (revision: test-hivemq-platform-85948b8786, replicas: 2, available: 1, ready: 1, current: 1, updated: 1)
2025-01-28 20:45:25,129 INFO c.h.h.t.HelmChartContainer - [hivemq-test-hivemq-platform] [hivemq-platform-operator] [9c8e0590] 20:45:25.128 [ReconcilerExecutor-hivemq-controller-115] DEBUG c.h.p.o.HiveMQPlatformReconciler - [helmcont] StatefulSet Spec (replicas: 2, init containers: 1, containers: 1, volumes: 3)
2025-01-28 20:45:25,134 INFO c.h.h.t.HelmChartContainer - [hivemq-test-hivemq-platform] [hivemq-platform-operator] [9c8e0590] 20:45:25.132 [ReconcilerExecutor-hivemq-controller-115] DEBUG c.h.p.o.h.HiveMQPlatformReconcilerErrorHandler - [helmcont] Pod 'test-hivemq-platform-1' phase Pending
2025-01-28 20:45:25,134 INFO c.h.h.t.HelmChartContainer - [hivemq-test-hivemq-platform] [hivemq-platform-operator] [9c8e0590] 20:45:25.133 [ReconcilerExecutor-hivemq-controller-115] DEBUG c.h.p.o.h.HiveMQPlatformReconcilerErrorHandler - [helmcont] Pod 'test-hivemq-platform-1' condition 'PodReadyToStartContainers': False
2025-01-28 20:45:25,134 INFO c.h.h.t.HelmChartContainer - [hivemq-test-hivemq-platform] [hivemq-platform-operator] [9c8e0590] 20:45:25.133 [ReconcilerExecutor-hivemq-controller-115] DEBUG c.h.p.o.h.HiveMQPlatformReconcilerErrorHandler - [helmcont] Pod 'test-hivemq-platform-1' condition 'Initialized': False
2025-01-28 20:45:25,134 INFO c.h.h.t.HelmChartContainer - [hivemq-test-hivemq-platform] [hivemq-platform-operator] [9c8e0590] 20:45:25.133 [ReconcilerExecutor-hivemq-controller-115] DEBUG c.h.p.o.h.HiveMQPlatformReconcilerErrorHandler - [helmcont] Pod 'test-hivemq-platform-1' condition 'Ready': False
2025-01-28 20:45:25,134 INFO c.h.h.t.HelmChartContainer - [hivemq-test-hivemq-platform] [hivemq-platform-operator] [9c8e0590] 20:45:25.133 [ReconcilerExecutor-hivemq-controller-115] DEBUG c.h.p.o.h.HiveMQPlatformReconcilerErrorHandler - [helmcont] Pod 'test-hivemq-platform-1' condition 'ContainersReady': False
2025-01-28 20:45:25,134 INFO c.h.h.t.HelmChartContainer - [hivemq-test-hivemq-platform] [hivemq-platform-operator] [9c8e0590] 20:45:25.133 [ReconcilerExecutor-hivemq-controller-115] DEBUG c.h.p.o.h.HiveMQPlatformReconcilerErrorHandler - [helmcont] Pod 'test-hivemq-platform-1' condition 'PodScheduled': True
2025-01-28 20:45:25,134 INFO c.h.h.t.HelmChartContainer - [hivemq-test-hivemq-platform] [hivemq-platform-operator] [9c8e0590] 20:45:25.133 [ReconcilerExecutor-hivemq-controller-115] DEBUG c.h.p.o.h.HiveMQPlatformReconcilerErrorHandler - [helmcont] Pod 'test-hivemq-platform-1' containerStatus 'hivemq' (started: false) (ready: false) (waiting: [PodInitializing] null)
2025-01-28 20:45:25,135 INFO c.h.h.t.HelmChartContainer - [hivemq-test-hivemq-platform] [hivemq-platform-operator] [9c8e0590] 20:45:25.135 [ReconcilerExecutor-hivemq-controller-115] DEBUG c.h.p.o.h.HiveMQPlatformReconcilerErrorHandler - [helmcont] Pod 'test-hivemq-platform-0' phase Running
2025-01-28 20:45:25,136 INFO c.h.h.t.HelmChartContainer - [hivemq-test-hivemq-platform] [hivemq-platform-operator] [9c8e0590] 20:45:25.136 [ReconcilerExecutor-hivemq-controller-115] DEBUG c.h.p.o.h.HiveMQPlatformReconcilerRollingRestartHandler - [helmcont] Rolling restart is waiting for 1 of 2 replicas
2025-01-28 20:45:25,140 INFO c.h.h.t.HelmChartContainer - [hivemq-test-hivemq-platform] [hivemq-platform-operator] [9c8e0590] 20:45:25.138 [pool-6-thread-39] DEBUG c.h.p.o.d.PlatformServiceResource - [helmcont] Desired Platform services (3 services)
2025-01-28 20:45:25,140 INFO c.h.h.t.HelmChartContainer - [hivemq-test-hivemq-platform] [hivemq-platform-operator] [9c8e0590] 20:45:25.139 [pool-6-thread-35] DEBUG c.h.p.o.dependants.PodInfoConfigMap - [helmcont] Desired PodInfo ConfigMap (1 extensions) (1 enabled)
2025-01-28 20:45:25,140 INFO c.h.h.t.HelmChartContainer - [hivemq-test-hivemq-platform] [hivemq-platform-operator] [9c8e0590] 20:45:25.139 [pool-6-thread-35] DEBUG c.h.p.o.dependants.PodInfoConfigMap - [helmcont] Desired PodInfo ConfigMap (metrics port: 9399) (metrics path: /)
2025-01-28 20:45:25,141 INFO c.h.h.t.HelmChartContainer - [hivemq-test-hivemq-platform] [hivemq-platform-operator] [9c8e0590] 20:45:25.139 [pool-6-thread-35] DEBUG c.h.p.o.dependants.PodInfoConfigMap - [helmcont] Desired PodInfo ConfigMap (extension state hash: -1817474005)
2025-01-28 20:45:25,179 INFO c.h.h.t.HelmChartContainer - [hivemq-test-hivemq-platform] [hivemq-platform-operator] [9c8e0590] 20:45:25.176 [pool-6-thread-35] DEBUG c.h.p.o.d.PodServiceAccountResource - [helmcont] Desired PodServiceAccountResource (serviceAccountName: hivemq-platform-pod-test-hivemq-platform)
2025-01-28 20:45:25,229 INFO c.h.h.t.HelmChartContainer - [hivemq-test-hivemq-platform] [hivemq-platform-operator] [9c8e0590] 20:45:25.228 [pool-6-thread-39] DEBUG c.h.p.o.d.StatefulSetResource - [helmcont] Desired StatefulSet (2 replicas) for status ROLLING_RESTART (SURGE_IN_PROGRESS)
2025-01-28 20:45:25,234 INFO c.h.h.t.HelmChartContainer - [hivemq-test-hivemq-platform] [hivemq-platform-operator] [9c8e0590] 20:45:25.233 [ReconcilerExecutor-hivemq-controller-116] INFO  c.h.p.o.HiveMQPlatformReconciler - [helmcont] Reconciling HiveMQ Platform 'test-hivemq-platform' in namespace 'helmcontainersecuritycontextupgradeplatformit'
2025-01-28 20:45:25,236 INFO c.h.h.t.HelmChartContainer - [hivemq-test-hivemq-platform] [hivemq-platform-operator] [9c8e0590] 20:45:25.233 [ReconcilerExecutor-hivemq-controller-116] DEBUG c.h.p.o.HiveMQPlatformReconciler - [helmcont] Custom Resource Status ROLLING_RESTART - HiveMQ Platform is starting a surge Pod (rolling restart) (SURGE_IN_PROGRESS)
2025-01-28 20:45:25,236 INFO c.h.h.t.HelmChartContainer - [hivemq-test-hivemq-platform] [hivemq-platform-operator] [9c8e0590] 20:45:25.233 [ReconcilerExecutor-hivemq-controller-116] DEBUG c.h.p.o.HiveMQPlatformReconciler - [helmcont] Custom Resource Spec (replicas: 1) (extensions: 1)
2025-01-28 20:45:25,236 INFO c.h.h.t.HelmChartContainer - [hivemq-test-hivemq-platform] [hivemq-platform-operator] [9c8e0590] 20:45:25.234 [ReconcilerExecutor-hivemq-controller-116] DEBUG c.h.p.o.HiveMQPlatformReconciler - [helmcont] StatefulSet Status (revision: test-hivemq-platform-85948b8786, replicas: 2, available: 1, ready: 1, current: 1, updated: 1)
2025-01-28 20:45:25,237 INFO c.h.h.t.HelmChartContainer - [hivemq-test-hivemq-platform] [hivemq-platform-operator] [9c8e0590] 20:45:25.234 [ReconcilerExecutor-hivemq-controller-116] DEBUG c.h.p.o.HiveMQPlatformReconciler - [helmcont] StatefulSet Spec (replicas: 2, init containers: 1, containers: 1, volumes: 3)
2025-01-28 20:45:25,239 INFO c.h.h.t.HelmChartContainer - [hivemq-test-hivemq-platform] [hivemq-platform-operator] [9c8e0590] 20:45:25.235 [ReconcilerExecutor-hivemq-controller-116] DEBUG c.h.p.o.h.HiveMQPlatformReconcilerErrorHandler - [helmcont] Pod 'test-hivemq-platform-1' phase Pending
2025-01-28 20:45:25,239 INFO c.h.h.t.HelmChartContainer - [hivemq-test-hivemq-platform] [hivemq-platform-operator] [9c8e0590] 20:45:25.236 [ReconcilerExecutor-hivemq-controller-116] DEBUG c.h.p.o.h.HiveMQPlatformReconcilerErrorHandler - [helmcont] Pod 'test-hivemq-platform-1' condition 'PodReadyToStartContainers': False
2025-01-28 20:45:25,239 INFO c.h.h.t.HelmChartContainer - [hivemq-test-hivemq-platform] [hivemq-platform-operator] [9c8e0590] 20:45:25.236 [ReconcilerExecutor-hivemq-controller-116] DEBUG c.h.p.o.h.HiveMQPlatformReconcilerErrorHandler - [helmcont] Pod 'test-hivemq-platform-1' condition 'Initialized': False
2025-01-28 20:45:25,239 INFO c.h.h.t.HelmChartContainer - [hivemq-test-hivemq-platform] [hivemq-platform-operator] [9c8e0590] 20:45:25.236 [ReconcilerExecutor-hivemq-controller-116] DEBUG c.h.p.o.h.HiveMQPlatformReconcilerErrorHandler - [helmcont] Pod 'test-hivemq-platform-1' condition 'Ready': False
2025-01-28 20:45:25,239 INFO c.h.h.t.HelmChartContainer - [hivemq-test-hivemq-platform] [hivemq-platform-operator] [9c8e0590] 20:45:25.236 [ReconcilerExecutor-hivemq-controller-116] DEBUG c.h.p.o.h.HiveMQPlatformReconcilerErrorHandler - [helmcont] Pod 'test-hivemq-platform-1' condition 'ContainersReady': False
2025-01-28 20:45:25,239 INFO c.h.h.t.HelmChartContainer - [hivemq-test-hivemq-platform] [hivemq-platform-operator] [9c8e0590] 20:45:25.236 [ReconcilerExecutor-hivemq-controller-116] DEBUG c.h.p.o.h.HiveMQPlatformReconcilerErrorHandler - [helmcont] Pod 'test-hivemq-platform-1' condition 'PodScheduled': True
2025-01-28 20:45:25,239 INFO c.h.h.t.HelmChartContainer - [hivemq-test-hivemq-platform] [hivemq-platform-operator] [9c8e0590] 20:45:25.236 [ReconcilerExecutor-hivemq-controller-116] DEBUG c.h.p.o.h.HiveMQPlatformReconcilerErrorHandler - [helmcont] Pod 'test-hivemq-platform-1' containerStatus 'hivemq' (started: false) (ready: false) (waiting: [PodInitializing] null)
2025-01-28 20:45:25,276 INFO c.h.h.t.HelmChartContainer - [EVENT] Normal [Pulled] Container image "docker.io/hivemq/hivemq-platform-operator-init-test:snapshot" already present on machine [helmcontainersecuritycontextupgradeplatformit:test-hivemq-platform-1]
2025-01-28 20:45:25,279 INFO c.h.h.t.HelmChartContainer - [hivemq-test-hivemq-platform] [hivemq-platform-operator] [9c8e0590] 20:45:25.276 [ReconcilerExecutor-hivemq-controller-116] DEBUG c.h.p.o.h.HiveMQPlatformReconcilerErrorHandler - [helmcont] Pod 'test-hivemq-platform-0' phase Running
2025-01-28 20:45:25,279 INFO c.h.h.t.HelmChartContainer - [hivemq-test-hivemq-platform] [hivemq-platform-operator] [9c8e0590] 20:45:25.278 [ReconcilerExecutor-hivemq-controller-116] DEBUG c.h.p.o.h.HiveMQPlatformReconcilerRollingRestartHandler - [helmcont] Rolling restart is waiting for 1 of 2 replicas
2025-01-28 20:45:25,288 INFO c.h.h.t.HelmChartContainer - [EVENT] Normal [Created] Created container: hivemq-platform-operator-init [helmcontainersecuritycontextupgradeplatformit:test-hivemq-platform-1]
2025-01-28 20:45:25,331 INFO c.h.h.t.HelmChartContainer - [EVENT] Normal [Started] Started container hivemq-platform-operator-init [helmcontainersecuritycontextupgradeplatformit:test-hivemq-platform-1]
2025-01-28 20:45:25,693 INFO c.h.h.t.HelmChartContainer - [EVENT] Normal [Pulled] Container image "docker.io/hivemq/hivemq4:4.36.0" already present on machine [helmcontainersecuritycontextupgradeplatformit:test-hivemq-platform-1]
2025-01-28 20:45:25,693 INFO c.h.h.t.HelmChartContainer - Received Pulled event for container hivemq in pod test-hivemq-platform-1 [1666440a-baca-482c-99cf-db78abef100f]
2025-01-28 20:45:25,699 INFO c.h.h.t.HelmChartContainer - [POD] test-hivemq-platform-1 [1666440a-baca-482c-99cf-db78abef100f] in helmcontainersecuritycontextupgradeplatformit was MODIFIED
2025-01-28 20:45:25,717 INFO c.h.h.t.HelmChartContainer - [EVENT] Normal [Created] Created container: hivemq [helmcontainersecuritycontextupgradeplatformit:test-hivemq-platform-1]
2025-01-28 20:45:25,717 INFO c.h.h.t.HelmChartContainer - Received Created event for container hivemq in pod test-hivemq-platform-1 [1666440a-baca-482c-99cf-db78abef100f]
2025-01-28 20:45:25,720 INFO c.h.h.t.HelmChartContainer - [hivemq-test-hivemq-platform] [hivemq-platform-operator] [9c8e0590] 20:45:25.708 [pool-6-thread-41] DEBUG c.h.p.o.d.PlatformServiceResource - [helmcont] Desired Platform services (3 services)
2025-01-28 20:45:25,720 INFO c.h.h.t.HelmChartContainer - [hivemq-test-hivemq-platform] [hivemq-platform-operator] [9c8e0590] 20:45:25.710 [pool-6-thread-47] DEBUG c.h.p.o.dependants.PodInfoConfigMap - [helmcont] Desired PodInfo ConfigMap (1 extensions) (1 enabled)
2025-01-28 20:45:25,720 INFO c.h.h.t.HelmChartContainer - [hivemq-test-hivemq-platform] [hivemq-platform-operator] [9c8e0590] 20:45:25.711 [pool-6-thread-47] DEBUG c.h.p.o.dependants.PodInfoConfigMap - [helmcont] Desired PodInfo ConfigMap (metrics port: 9399) (metrics path: /)
2025-01-28 20:45:25,720 INFO c.h.h.t.HelmChartContainer - [hivemq-test-hivemq-platform] [hivemq-platform-operator] [9c8e0590] 20:45:25.711 [pool-6-thread-47] DEBUG c.h.p.o.dependants.PodInfoConfigMap - [helmcont] Desired PodInfo ConfigMap (extension state hash: -1817474005)
2025-01-28 20:45:25,739 INFO c.h.h.t.HelmChartContainer - [hivemq-test-hivemq-platform] [hivemq-platform-operator] [9c8e0590] 20:45:25.725 [pool-6-thread-45] DEBUG c.h.p.o.d.PodServiceAccountResource - [helmcont] Desired PodServiceAccountResource (serviceAccountName: hivemq-platform-pod-test-hivemq-platform)
2025-01-28 20:45:25,741 INFO c.h.h.t.HelmChartContainer - [hivemq-test-hivemq-platform] [hivemq-platform-operator] [9c8e0590] 20:45:25.736 [pool-6-thread-45] DEBUG c.h.p.o.d.StatefulSetResource - [helmcont] Desired StatefulSet (2 replicas) for status ROLLING_RESTART (SURGE_IN_PROGRESS)
2025-01-28 20:45:25,781 INFO c.h.h.t.HelmChartContainer - [hivemq-test-hivemq-platform] [hivemq-platform-operator] [9c8e0590] 20:45:25.780 [ReconcilerExecutor-hivemq-controller-117] INFO  c.h.p.o.HiveMQPlatformReconciler - [helmcont] Reconciling HiveMQ Platform 'test-hivemq-platform' in namespace 'helmcontainersecuritycontextupgradeplatformit'
2025-01-28 20:45:25,782 INFO c.h.h.t.HelmChartContainer - [hivemq-test-hivemq-platform] [hivemq-platform-operator] [9c8e0590] 20:45:25.781 [ReconcilerExecutor-hivemq-controller-117] DEBUG c.h.p.o.HiveMQPlatformReconciler - [helmcont] Custom Resource Status ROLLING_RESTART - HiveMQ Platform is starting a surge Pod (rolling restart) (SURGE_IN_PROGRESS)
2025-01-28 20:45:25,783 INFO c.h.h.t.HelmChartContainer - [hivemq-test-hivemq-platform] [hivemq-platform-operator] [9c8e0590] 20:45:25.781 [ReconcilerExecutor-hivemq-controller-117] DEBUG c.h.p.o.HiveMQPlatformReconciler - [helmcont] Custom Resource Spec (replicas: 1) (extensions: 1)
2025-01-28 20:45:25,786 INFO c.h.h.t.HelmChartContainer - [hivemq-test-hivemq-platform] [hivemq-platform-operator] [9c8e0590] 20:45:25.784 [ReconcilerExecutor-hivemq-controller-117] DEBUG c.h.p.o.HiveMQPlatformReconciler - [helmcont] StatefulSet Status (revision: test-hivemq-platform-85948b8786, replicas: 2, available: 1, ready: 1, current: 1, updated: 1)
2025-01-28 20:45:25,786 INFO c.h.h.t.HelmChartContainer - [hivemq-test-hivemq-platform] [hivemq-platform-operator] [9c8e0590] 20:45:25.784 [ReconcilerExecutor-hivemq-controller-117] DEBUG c.h.p.o.HiveMQPlatformReconciler - [helmcont] StatefulSet Spec (replicas: 2, init containers: 1, containers: 1, volumes: 3)
2025-01-28 20:45:25,788 INFO c.h.h.t.HelmChartContainer - [hivemq-test-hivemq-platform] [hivemq-platform-operator] [9c8e0590] 20:45:25.787 [ReconcilerExecutor-hivemq-controller-117] DEBUG c.h.p.o.h.HiveMQPlatformReconcilerErrorHandler - [helmcont] Pod 'test-hivemq-platform-1' phase Pending
2025-01-28 20:45:25,789 INFO c.h.h.t.HelmChartContainer - [hivemq-test-hivemq-platform] [hivemq-platform-operator] [9c8e0590] 20:45:25.788 [ReconcilerExecutor-hivemq-controller-117] DEBUG c.h.p.o.h.HiveMQPlatformReconcilerErrorHandler - [helmcont] Pod 'test-hivemq-platform-1' condition 'PodReadyToStartContainers': True
2025-01-28 20:45:25,789 INFO c.h.h.t.HelmChartContainer - [hivemq-test-hivemq-platform] [hivemq-platform-operator] [9c8e0590] 20:45:25.788 [ReconcilerExecutor-hivemq-controller-117] DEBUG c.h.p.o.h.HiveMQPlatformReconcilerErrorHandler - [helmcont] Pod 'test-hivemq-platform-1' condition 'Initialized': True
2025-01-28 20:45:25,789 INFO c.h.h.t.HelmChartContainer - [hivemq-test-hivemq-platform] [hivemq-platform-operator] [9c8e0590] 20:45:25.788 [ReconcilerExecutor-hivemq-controller-117] DEBUG c.h.p.o.h.HiveMQPlatformReconcilerErrorHandler - [helmcont] Pod 'test-hivemq-platform-1' condition 'Ready': False
2025-01-28 20:45:25,789 INFO c.h.h.t.HelmChartContainer - [hivemq-test-hivemq-platform] [hivemq-platform-operator] [9c8e0590] 20:45:25.788 [ReconcilerExecutor-hivemq-controller-117] DEBUG c.h.p.o.h.HiveMQPlatformReconcilerErrorHandler - [helmcont] Pod 'test-hivemq-platform-1' condition 'ContainersReady': False
2025-01-28 20:45:25,792 INFO c.h.h.t.HelmChartContainer - [hivemq-test-hivemq-platform] [hivemq-platform-operator] [9c8e0590] 20:45:25.788 [ReconcilerExecutor-hivemq-controller-117] DEBUG c.h.p.o.h.HiveMQPlatformReconcilerErrorHandler - [helmcont] Pod 'test-hivemq-platform-1' condition 'PodScheduled': True
2025-01-28 20:45:25,792 INFO c.h.h.t.HelmChartContainer - [hivemq-test-hivemq-platform] [hivemq-platform-operator] [9c8e0590] 20:45:25.788 [ReconcilerExecutor-hivemq-controller-117] DEBUG c.h.p.o.h.HiveMQPlatformReconcilerErrorHandler - [helmcont] Pod 'test-hivemq-platform-1' containerStatus 'hivemq' (started: false) (ready: false) (waiting: [PodInitializing] null)
2025-01-28 20:45:25,792 INFO c.h.h.t.HelmChartContainer - [hivemq-test-hivemq-platform] [hivemq-platform-operator] [9c8e0590] 20:45:25.790 [ReconcilerExecutor-hivemq-controller-117] DEBUG c.h.p.o.h.HiveMQPlatformReconcilerErrorHandler - [helmcont] Pod 'test-hivemq-platform-0' phase Running
2025-01-28 20:45:25,793 INFO c.h.h.t.HelmChartContainer - [hivemq-test-hivemq-platform] [hivemq-platform-operator] [9c8e0590] 20:45:25.791 [ReconcilerExecutor-hivemq-controller-117] DEBUG c.h.p.o.h.HiveMQPlatformReconcilerRollingRestartHandler - [helmcont] Rolling restart is waiting for 1 of 2 replicas
2025-01-28 20:45:26,702 INFO c.h.h.t.HelmChartContainer - [POD] test-hivemq-platform-1 [1666440a-baca-482c-99cf-db78abef100f] in helmcontainersecuritycontextupgradeplatformit was MODIFIED
2025-01-28 20:45:26,718 INFO c.h.h.t.HelmChartContainer - [hivemq-test-hivemq-platform] [hivemq-platform-operator] [9c8e0590] 20:45:26.707 [pool-6-thread-1] DEBUG c.h.p.o.d.PlatformServiceResource - [helmcont] Desired Platform services (3 services)
2025-01-28 20:45:26,718 INFO c.h.h.t.HelmChartContainer - [hivemq-test-hivemq-platform] [hivemq-platform-operator] [9c8e0590] 20:45:26.710 [pool-6-thread-5] DEBUG c.h.p.o.dependants.PodInfoConfigMap - [helmcont] Desired PodInfo ConfigMap (1 extensions) (1 enabled)
2025-01-28 20:45:26,719 INFO c.h.h.t.HelmChartContainer - [hivemq-test-hivemq-platform] [hivemq-platform-operator] [9c8e0590] 20:45:26.710 [pool-6-thread-5] DEBUG c.h.p.o.dependants.PodInfoConfigMap - [helmcont] Desired PodInfo ConfigMap (metrics port: 9399) (metrics path: /)
2025-01-28 20:45:26,719 INFO c.h.h.t.HelmChartContainer - [hivemq-test-hivemq-platform] [hivemq-platform-operator] [9c8e0590] 20:45:26.710 [pool-6-thread-5] DEBUG c.h.p.o.dependants.PodInfoConfigMap - [helmcont] Desired PodInfo ConfigMap (extension state hash: -1817474005)
2025-01-28 20:45:26,719 INFO c.h.h.t.HelmChartContainer - [hivemq-test-hivemq-platform] [hivemq-platform-operator] [9c8e0590] 20:45:26.712 [pool-6-thread-5] DEBUG c.h.p.o.d.PodServiceAccountResource - [helmcont] Desired PodServiceAccountResource (serviceAccountName: hivemq-platform-pod-test-hivemq-platform)
2025-01-28 20:45:26,719 INFO c.h.h.t.HelmChartContainer - [hivemq-test-hivemq-platform] [hivemq-platform-operator] [9c8e0590] 20:45:26.717 [pool-6-thread-1] DEBUG c.h.p.o.d.StatefulSetResource - [helmcont] Desired StatefulSet (2 replicas) for status ROLLING_RESTART (SURGE_IN_PROGRESS)
2025-01-28 20:45:26,726 INFO c.h.h.t.HelmChartContainer - [hivemq-test-hivemq-platform] [hivemq-platform-operator] [9c8e0590] 20:45:26.721 [ReconcilerExecutor-hivemq-controller-118] INFO  c.h.p.o.HiveMQPlatformReconciler - [helmcont] Reconciling HiveMQ Platform 'test-hivemq-platform' in namespace 'helmcontainersecuritycontextupgradeplatformit'
2025-01-28 20:45:26,726 INFO c.h.h.t.HelmChartContainer - [hivemq-test-hivemq-platform] [hivemq-platform-operator] [9c8e0590] 20:45:26.721 [ReconcilerExecutor-hivemq-controller-118] DEBUG c.h.p.o.HiveMQPlatformReconciler - [helmcont] Custom Resource Status ROLLING_RESTART - HiveMQ Platform is starting a surge Pod (rolling restart) (SURGE_IN_PROGRESS)
2025-01-28 20:45:26,726 INFO c.h.h.t.HelmChartContainer - [hivemq-test-hivemq-platform] [hivemq-platform-operator] [9c8e0590] 20:45:26.722 [ReconcilerExecutor-hivemq-controller-118] DEBUG c.h.p.o.HiveMQPlatformReconciler - [helmcont] Custom Resource Spec (replicas: 1) (extensions: 1)
2025-01-28 20:45:26,728 INFO c.h.h.t.HelmChartContainer - Started log watcher for hivemq in pod test-hivemq-platform-1 [1666440a-baca-482c-99cf-db78abef100f]
2025-01-28 20:45:26,729 INFO c.h.h.t.HelmChartContainer - [test-hivemq-platform] [hivemq] [1666440a] Adding pre-installed HiveMQ Platform Operator extensions
2025-01-28 20:45:26,729 INFO c.h.h.t.HelmChartContainer - [test-hivemq-platform] [hivemq] [1666440a] Running as user 10000
2025-01-28 20:45:26,729 INFO c.h.h.t.HelmChartContainer - [test-hivemq-platform] [hivemq] [1666440a] Starting HiveMQ Platform Operator Init
2025-01-28 20:45:26,729 INFO c.h.h.t.HelmChartContainer - [EVENT] Normal [Started] Started container hivemq [helmcontainersecuritycontextupgradeplatformit:test-hivemq-platform-1]
2025-01-28 20:45:26,729 INFO c.h.h.t.HelmChartContainer - Received Started event for container hivemq in pod test-hivemq-platform-1 [1666440a-baca-482c-99cf-db78abef100f]
2025-01-28 20:45:26,781 INFO c.h.h.t.HelmChartContainer - [hivemq-test-hivemq-platform] [hivemq-platform-operator] [9c8e0590] 20:45:26.777 [ReconcilerExecutor-hivemq-controller-118] DEBUG c.h.p.o.HiveMQPlatformReconciler - [helmcont] StatefulSet Status (revision: test-hivemq-platform-85948b8786, replicas: 2, available: 1, ready: 1, current: 1, updated: 1)
2025-01-28 20:45:26,782 INFO c.h.h.t.HelmChartContainer - [hivemq-test-hivemq-platform] [hivemq-platform-operator] [9c8e0590] 20:45:26.777 [ReconcilerExecutor-hivemq-controller-118] DEBUG c.h.p.o.HiveMQPlatformReconciler - [helmcont] StatefulSet Spec (replicas: 2, init containers: 1, containers: 1, volumes: 3)
2025-01-28 20:45:26,782 INFO c.h.h.t.HelmChartContainer - [hivemq-test-hivemq-platform] [hivemq-platform-operator] [9c8e0590] 20:45:26.781 [ReconcilerExecutor-hivemq-controller-118] DEBUG c.h.p.o.h.HiveMQPlatformReconcilerErrorHandler - [helmcont] Pod 'test-hivemq-platform-1' phase Running
2025-01-28 20:45:26,784 INFO c.h.h.t.HelmChartContainer - [hivemq-test-hivemq-platform] [hivemq-platform-operator] [9c8e0590] 20:45:26.783 [ReconcilerExecutor-hivemq-controller-118] DEBUG c.h.p.o.h.HiveMQPlatformReconcilerErrorHandler - [helmcont] Pod 'test-hivemq-platform-0' phase Running
2025-01-28 20:45:26,786 INFO c.h.h.t.HelmChartContainer - [hivemq-test-hivemq-platform] [hivemq-platform-operator] [9c8e0590] 20:45:26.784 [ReconcilerExecutor-hivemq-controller-118] DEBUG c.h.p.o.h.HiveMQPlatformReconcilerRollingRestartHandler - [helmcont] Rolling restart is waiting for 1 of 2 replicas
2025-01-28 20:45:27,064 INFO c.h.h.t.HelmChartContainer - [test-hivemq-platform] [hivemq] [1666440a] INFO  - [HiveMQ Platform Operator Init 1.7.0-SNAPSHOT] HiveMQ Platform Operator Init 1.7.0-SNAPSHOT (commit: bebf408 on branch: HEAD) built on Sun Jan 26 20:47:47 UTC 2025
2025-01-28 20:45:28,193 INFO c.h.h.t.HelmChartContainer - [test-hivemq-platform] [hivemq] [1666440a] INFO  - [HiveMQ Platform Operator Init App 1.7.0-SNAPSHOT] Using bind address 10.42.0.11 from environment variable
2025-01-28 20:45:29,092 INFO c.h.h.t.HelmChartContainer - [test-hivemq-platform] [hivemq] [1666440a] INFO  - [HiveMQ Platform Operator Init App 1.7.0-SNAPSHOT] HiveMQ Platform Operator Init App 1.7.0-SNAPSHOT (commit: bebf408 on branch: HEAD) built on Sun Jan 26 20:47:47 UTC 2025
2025-01-28 20:45:29,093 INFO c.h.h.t.HelmChartContainer - [test-hivemq-platform] [hivemq] [1666440a] INFO  - [HiveMQ Platform Operator Init App 1.7.0-SNAPSHOT] PodInfo ConfigMap directory: /etc/podinfo
2025-01-28 20:45:29,093 INFO c.h.h.t.HelmChartContainer - [test-hivemq-platform] [hivemq] [1666440a] INFO  - [HiveMQ Platform Operator Init App 1.7.0-SNAPSHOT] HiveMQ home directory: /opt/hivemq
2025-01-28 20:45:29,093 INFO c.h.h.t.HelmChartContainer - [test-hivemq-platform] [hivemq] [1666440a] INFO  - [HiveMQ Platform Operator Init App 1.7.0-SNAPSHOT] HiveMQ Logback folder: /opt/hivemq/conf
2025-01-28 20:45:29,094 INFO c.h.h.t.HelmChartContainer - [test-hivemq-platform] [hivemq] [1666440a] INFO  - [HiveMQ Platform Operator Init App 1.7.0-SNAPSHOT] HiveMQ Config folder: /opt/hivemq/conf-k8s
2025-01-28 20:45:29,095 INFO c.h.h.t.HelmChartContainer - [test-hivemq-platform] [hivemq] [1666440a] INFO  - [HiveMQ Platform Operator Init App 1.7.0-SNAPSHOT] Starting HiveMQ Platform Operator Init App
2025-01-28 20:45:29,095 INFO c.h.h.t.HelmChartContainer - [test-hivemq-platform] [hivemq] [1666440a] INFO  - [HiveMQ Platform Operator Init App 1.7.0-SNAPSHOT] Starting Pod reconciler
2025-01-28 20:45:30,381 INFO c.h.h.t.HelmChartContainer - [test-hivemq-platform] [hivemq] [1666440a] INFO  - [HiveMQ Platform Operator Init App 1.7.0-SNAPSHOT] Pod reconciler is scheduled (interval: 5000 ms)
2025-01-28 20:45:30,381 INFO c.h.h.t.HelmChartContainer - [test-hivemq-platform] [hivemq] [1666440a] INFO  - [HiveMQ Platform Operator Init App 1.7.0-SNAPSHOT] Starting the REST API on 10.42.0.11:7979
2025-01-28 20:45:30,384 INFO c.h.h.t.HelmChartContainer - [test-hivemq-platform] [hivemq] [1666440a] INFO  - [HiveMQ Platform Operator Init App 1.7.0-SNAPSHOT] Waiting up to 600s for at most 2 HiveMQ nodes in cluster service hivemq-test-hivemq-platform-cluster.helmcontainersecuritycontextupgradeplatformit.svc
2025-01-28 20:45:30,776 INFO c.h.h.t.HelmChartContainer - [test-hivemq-platform] [hivemq] [1666440a] INFO  - [HiveMQ Platform Operator Init App 1.7.0-SNAPSHOT] Resolved 2 IP addresses: [10.42.0.11, 10.42.0.10]
2025-01-28 20:45:30,776 INFO c.h.h.t.HelmChartContainer - [test-hivemq-platform] [hivemq] [1666440a] INFO  - [HiveMQ Platform Operator Init App 1.7.0-SNAPSHOT] HiveMQ node count of 2 is within threshold of 2
2025-01-28 20:45:30,776 INFO c.h.h.t.HelmChartContainer - [test-hivemq-platform] [hivemq] [1666440a] INFO  - [HiveMQ Platform Operator Init App 1.7.0-SNAPSHOT] Waiting 15s for previous shutdown replication to finish...
2025-01-28 20:45:32,702 INFO c.h.h.t.HelmChartContainer - [test-hivemq-platform] [hivemq] [1666440a] INFO  - [HiveMQ Platform Operator Init App 1.7.0-SNAPSHOT] Returning default Health API response 503 for readiness
2025-01-28 20:45:32,796 INFO c.h.h.t.HelmChartContainer - [EVENT] Warning [Unhealthy] Readiness probe failed: HTTP probe failed with statuscode: 503 [helmcontainersecuritycontextupgradeplatformit:test-hivemq-platform-1]
2025-01-28 20:45:32,796 INFO c.h.h.t.HelmChartContainer - Received Unhealthy event for container hivemq in pod test-hivemq-platform-1 [1666440a-baca-482c-99cf-db78abef100f]
2025-01-28 20:45:36,793 INFO c.h.h.t.HelmChartContainer - [hivemq-test-hivemq-platform] [hivemq-platform-operator] [9c8e0590] 20:45:36.789 [pool-6-thread-13] DEBUG c.h.p.o.d.PlatformServiceResource - [helmcont] Desired Platform services (3 services)
2025-01-28 20:45:36,793 INFO c.h.h.t.HelmChartContainer - [hivemq-test-hivemq-platform] [hivemq-platform-operator] [9c8e0590] 20:45:36.791 [pool-6-thread-19] DEBUG c.h.p.o.d.PodServiceAccountResource - [helmcont] Desired PodServiceAccountResource (serviceAccountName: hivemq-platform-pod-test-hivemq-platform)
2025-01-28 20:45:36,795 INFO c.h.h.t.HelmChartContainer - [hivemq-test-hivemq-platform] [hivemq-platform-operator] [9c8e0590] 20:45:36.790 [pool-6-thread-18] DEBUG c.h.p.o.dependants.PodInfoConfigMap - [helmcont] Desired PodInfo ConfigMap (1 extensions) (1 enabled)
2025-01-28 20:45:36,798 INFO c.h.h.t.HelmChartContainer - [hivemq-test-hivemq-platform] [hivemq-platform-operator] [9c8e0590] 20:45:36.795 [pool-6-thread-18] DEBUG c.h.p.o.dependants.PodInfoConfigMap - [helmcont] Desired PodInfo ConfigMap (metrics port: 9399) (metrics path: /)
2025-01-28 20:45:36,799 INFO c.h.h.t.HelmChartContainer - [hivemq-test-hivemq-platform] [hivemq-platform-operator] [9c8e0590] 20:45:36.796 [pool-6-thread-18] DEBUG c.h.p.o.dependants.PodInfoConfigMap - [helmcont] Desired PodInfo ConfigMap (extension state hash: -1817474005)
2025-01-28 20:45:36,800 INFO c.h.h.t.HelmChartContainer - [hivemq-test-hivemq-platform] [hivemq-platform-operator] [9c8e0590] 20:45:36.800 [pool-6-thread-18] DEBUG c.h.p.o.d.StatefulSetResource - [helmcont] Desired StatefulSet (2 replicas) for status ROLLING_RESTART (SURGE_IN_PROGRESS)
2025-01-28 20:45:36,804 INFO c.h.h.t.HelmChartContainer - [hivemq-test-hivemq-platform] [hivemq-platform-operator] [9c8e0590] 20:45:36.804 [ReconcilerExecutor-hivemq-controller-119] INFO  c.h.p.o.HiveMQPlatformReconciler - [helmcont] Reconciling HiveMQ Platform 'test-hivemq-platform' in namespace 'helmcontainersecuritycontextupgradeplatformit'
2025-01-28 20:45:36,805 INFO c.h.h.t.HelmChartContainer - [hivemq-test-hivemq-platform] [hivemq-platform-operator] [9c8e0590] 20:45:36.804 [ReconcilerExecutor-hivemq-controller-119] DEBUG c.h.p.o.HiveMQPlatformReconciler - [helmcont] Custom Resource Status ROLLING_RESTART - HiveMQ Platform is starting a surge Pod (rolling restart) (SURGE_IN_PROGRESS)
2025-01-28 20:45:36,805 INFO c.h.h.t.HelmChartContainer - [hivemq-test-hivemq-platform] [hivemq-platform-operator] [9c8e0590] 20:45:36.804 [ReconcilerExecutor-hivemq-controller-119] DEBUG c.h.p.o.HiveMQPlatformReconciler - [helmcont] Custom Resource Spec (replicas: 1) (extensions: 1)
2025-01-28 20:45:36,807 INFO c.h.h.t.HelmChartContainer - [hivemq-test-hivemq-platform] [hivemq-platform-operator] [9c8e0590] 20:45:36.806 [ReconcilerExecutor-hivemq-controller-119] DEBUG c.h.p.o.HiveMQPlatformReconciler - [helmcont] StatefulSet Status (revision: test-hivemq-platform-85948b8786, replicas: 2, available: 1, ready: 1, current: 1, updated: 1)
2025-01-28 20:45:36,807 INFO c.h.h.t.HelmChartContainer - [hivemq-test-hivemq-platform] [hivemq-platform-operator] [9c8e0590] 20:45:36.806 [ReconcilerExecutor-hivemq-controller-119] DEBUG c.h.p.o.HiveMQPlatformReconciler - [helmcont] StatefulSet Spec (replicas: 2, init containers: 1, containers: 1, volumes: 3)
2025-01-28 20:45:36,808 INFO c.h.h.t.HelmChartContainer - [hivemq-test-hivemq-platform] [hivemq-platform-operator] [9c8e0590] 20:45:36.807 [ReconcilerExecutor-hivemq-controller-119] DEBUG c.h.p.o.h.HiveMQPlatformReconcilerErrorHandler - [helmcont] Pod 'test-hivemq-platform-1' phase Running
2025-01-28 20:45:36,810 INFO c.h.h.t.HelmChartContainer - [hivemq-test-hivemq-platform] [hivemq-platform-operator] [9c8e0590] 20:45:36.809 [ReconcilerExecutor-hivemq-controller-119] DEBUG c.h.p.o.h.HiveMQPlatformReconcilerErrorHandler - [helmcont] Pod 'test-hivemq-platform-0' phase Running
2025-01-28 20:45:36,810 INFO c.h.h.t.HelmChartContainer - [hivemq-test-hivemq-platform] [hivemq-platform-operator] [9c8e0590] 20:45:36.810 [ReconcilerExecutor-hivemq-controller-119] DEBUG c.h.p.o.h.HiveMQPlatformReconcilerRollingRestartHandler - [helmcont] Rolling restart is waiting for 1 of 2 replicas
2025-01-28 20:45:37,775 INFO c.h.h.t.HelmChartContainer - [EVENT] Warning [Unhealthy] Readiness probe failed: HTTP probe failed with statuscode: 503 [helmcontainersecuritycontextupgradeplatformit:test-hivemq-platform-1]
2025-01-28 20:45:37,775 INFO c.h.h.t.HelmChartContainer - Received Unhealthy event for container hivemq in pod test-hivemq-platform-1 [1666440a-baca-482c-99cf-db78abef100f]
2025-01-28 20:45:37,882 INFO c.h.h.t.HelmChartContainer - [test-hivemq-platform] [hivemq] [1666440a] INFO  - [HiveMQ Platform Operator Init App 1.7.0-SNAPSHOT] Updating Pod HiveMQ Platform Operator Init App version annotation (version: 1.7.0-SNAPSHOT)
2025-01-28 20:45:38,289 INFO c.h.h.t.HelmChartContainer - [POD] test-hivemq-platform-1 [1666440a-baca-482c-99cf-db78abef100f] in helmcontainersecuritycontextupgradeplatformit was MODIFIED
2025-01-28 20:45:38,294 INFO c.h.h.t.HelmChartContainer - [EVENT] Warning [Unhealthy] Readiness probe failed: HTTP probe failed with statuscode: 503 [helmcontainersecuritycontextupgradeplatformit:test-hivemq-platform-1]
2025-01-28 20:45:38,295 INFO c.h.h.t.HelmChartContainer - Received Unhealthy event for container hivemq in pod test-hivemq-platform-1 [1666440a-baca-482c-99cf-db78abef100f]
2025-01-28 20:45:38,296 INFO c.h.h.t.HelmChartContainer - [hivemq-test-hivemq-platform] [hivemq-platform-operator] [9c8e0590] 20:45:38.293 [pool-6-thread-25] DEBUG c.h.p.o.d.PlatformServiceResource - [helmcont] Desired Platform services (3 services)
2025-01-28 20:45:38,300 INFO c.h.h.t.HelmChartContainer - [hivemq-test-hivemq-platform] [hivemq-platform-operator] [9c8e0590] 20:45:38.298 [pool-6-thread-21] DEBUG c.h.p.o.dependants.PodInfoConfigMap - [helmcont] Desired PodInfo ConfigMap (1 extensions) (1 enabled)
2025-01-28 20:45:38,300 INFO c.h.h.t.HelmChartContainer - [hivemq-test-hivemq-platform] [hivemq-platform-operator] [9c8e0590] 20:45:38.298 [pool-6-thread-29] DEBUG c.h.p.o.d.PodServiceAccountResource - [helmcont] Desired PodServiceAccountResource (serviceAccountName: hivemq-platform-pod-test-hivemq-platform)
2025-01-28 20:45:38,300 INFO c.h.h.t.HelmChartContainer - [hivemq-test-hivemq-platform] [hivemq-platform-operator] [9c8e0590] 20:45:38.298 [pool-6-thread-21] DEBUG c.h.p.o.dependants.PodInfoConfigMap - [helmcont] Desired PodInfo ConfigMap (metrics port: 9399) (metrics path: /)
2025-01-28 20:45:38,301 INFO c.h.h.t.HelmChartContainer - [hivemq-test-hivemq-platform] [hivemq-platform-operator] [9c8e0590] 20:45:38.298 [pool-6-thread-21] DEBUG c.h.p.o.dependants.PodInfoConfigMap - [helmcont] Desired PodInfo ConfigMap (extension state hash: -1817474005)
2025-01-28 20:45:38,304 INFO c.h.h.t.HelmChartContainer - [hivemq-test-hivemq-platform] [hivemq-platform-operator] [9c8e0590] 20:45:38.303 [pool-6-thread-27] DEBUG c.h.p.o.d.StatefulSetResource - [helmcont] Desired StatefulSet (2 replicas) for status ROLLING_RESTART (SURGE_IN_PROGRESS)
2025-01-28 20:45:38,308 INFO c.h.h.t.HelmChartContainer - [hivemq-test-hivemq-platform] [hivemq-platform-operator] [9c8e0590] 20:45:38.306 [ReconcilerExecutor-hivemq-controller-120] INFO  c.h.p.o.HiveMQPlatformReconciler - [helmcont] Reconciling HiveMQ Platform 'test-hivemq-platform' in namespace 'helmcontainersecuritycontextupgradeplatformit'
2025-01-28 20:45:38,308 INFO c.h.h.t.HelmChartContainer - [hivemq-test-hivemq-platform] [hivemq-platform-operator] [9c8e0590] 20:45:38.306 [ReconcilerExecutor-hivemq-controller-120] DEBUG c.h.p.o.HiveMQPlatformReconciler - [helmcont] Custom Resource Status ROLLING_RESTART - HiveMQ Platform is starting a surge Pod (rolling restart) (SURGE_IN_PROGRESS)
2025-01-28 20:45:38,309 INFO c.h.h.t.HelmChartContainer - [hivemq-test-hivemq-platform] [hivemq-platform-operator] [9c8e0590] 20:45:38.306 [ReconcilerExecutor-hivemq-controller-120] DEBUG c.h.p.o.HiveMQPlatformReconciler - [helmcont] Custom Resource Spec (replicas: 1) (extensions: 1)
2025-01-28 20:45:38,310 INFO c.h.h.t.HelmChartContainer - [hivemq-test-hivemq-platform] [hivemq-platform-operator] [9c8e0590] 20:45:38.308 [ReconcilerExecutor-hivemq-controller-120] DEBUG c.h.p.o.HiveMQPlatformReconciler - [helmcont] StatefulSet Status (revision: test-hivemq-platform-85948b8786, replicas: 2, available: 1, ready: 1, current: 1, updated: 1)
2025-01-28 20:45:38,310 INFO c.h.h.t.HelmChartContainer - [hivemq-test-hivemq-platform] [hivemq-platform-operator] [9c8e0590] 20:45:38.308 [ReconcilerExecutor-hivemq-controller-120] DEBUG c.h.p.o.HiveMQPlatformReconciler - [helmcont] StatefulSet Spec (replicas: 2, init containers: 1, containers: 1, volumes: 3)
2025-01-28 20:45:38,312 INFO c.h.h.t.HelmChartContainer - [hivemq-test-hivemq-platform] [hivemq-platform-operator] [9c8e0590] 20:45:38.311 [ReconcilerExecutor-hivemq-controller-120] DEBUG c.h.p.o.h.HiveMQPlatformReconcilerErrorHandler - [helmcont] Pod 'test-hivemq-platform-1' phase Running
2025-01-28 20:45:38,371 INFO c.h.h.t.HelmChartContainer - [test-hivemq-platform] [hivemq] [1666440a] INFO  - [HiveMQ Platform Operator Init App 1.7.0-SNAPSHOT] Successfully updated Pod HiveMQ Platform Operator Init App version annotation (version: 1.7.0-SNAPSHOT)
2025-01-28 20:45:38,380 INFO c.h.h.t.HelmChartContainer - [hivemq-test-hivemq-platform] [hivemq-platform-operator] [9c8e0590] 20:45:38.378 [ReconcilerExecutor-hivemq-controller-120] DEBUG c.h.p.o.h.HiveMQPlatformReconcilerErrorHandler - [helmcont] Pod 'test-hivemq-platform-0' phase Running
2025-01-28 20:45:38,382 INFO c.h.h.t.HelmChartContainer - [hivemq-test-hivemq-platform] [hivemq-platform-operator] [9c8e0590] 20:45:38.379 [ReconcilerExecutor-hivemq-controller-120] DEBUG c.h.p.o.h.HiveMQPlatformReconcilerRollingRestartHandler - [helmcont] Rolling restart is waiting for 1 of 2 replicas
2025-01-28 20:45:40,115 INFO c.h.h.t.HelmChartContainer - [test-hivemq-platform] [hivemq] [acf82c85] INFO  - [HiveMQ Platform Operator Init App 1.7.0-SNAPSHOT] Returning Health API response 200 for liveness
2025-01-28 20:45:43,293 INFO c.h.h.t.HelmChartContainer - [EVENT] Warning [Unhealthy] Readiness probe failed: HTTP probe failed with statuscode: 503 [helmcontainersecuritycontextupgradeplatformit:test-hivemq-platform-1]
2025-01-28 20:45:43,293 INFO c.h.h.t.HelmChartContainer - Received Unhealthy event for container hivemq in pod test-hivemq-platform-1 [1666440a-baca-482c-99cf-db78abef100f]
2025-01-28 20:45:45,777 INFO c.h.h.t.HelmChartContainer - [test-hivemq-platform] [hivemq] [1666440a] INFO  - [HiveMQ Platform Operator Init App 1.7.0-SNAPSHOT] Proceeding with container start
2025-01-28 20:45:45,780 INFO c.h.h.t.HelmChartContainer - [test-hivemq-platform] [hivemq] [1666440a] INFO  - [HiveMQ Platform Operator Init App 1.7.0-SNAPSHOT] Initializing HiveMQ Platform extensions with initial configuration: {hivemq-allow-all-extension={start-priority=-1, skip-https-hostname-verification=false, restart=true, config-version=0, header-version=0, c-uri=, priority=-1, uri=preinstalled, skip-https-certificate-validation=false, enabled=true}, hivemq-prometheus-extension={enabled=true, request-header-path=no-request-headers, uri=preinstalled, skip-https-certificate-validation=false, skip-https-hostname-verification=false, c-uri=, start-priority=-1, priority=-1, restart=true}}
2025-01-28 20:45:46,170 INFO c.h.h.t.HelmChartContainer - [test-hivemq-platform] [hivemq] [1666440a] INFO  - [HiveMQ Platform Operator Init App 1.7.0-SNAPSHOT] Extension hivemq-allow-all-extension was already enabled
2025-01-28 20:45:46,181 INFO c.h.h.t.HelmChartContainer - [test-hivemq-platform] [hivemq] [1666440a] INFO  - [HiveMQ Platform Operator Init App 1.7.0-SNAPSHOT] Successfully enabled extension hivemq-prometheus-extension
2025-01-28 20:45:46,183 INFO c.h.h.t.HelmChartContainer - [test-hivemq-platform] [hivemq] [1666440a] INFO  - [HiveMQ Platform Operator Init App 1.7.0-SNAPSHOT] Starting HiveMQ Platform version 4.36.0 (4.36.0)
2025-01-28 20:45:46,183 INFO c.h.h.t.HelmChartContainer - [test-hivemq-platform] [hivemq] [1666440a] INFO  - [HiveMQ Platform Operator Init App 1.7.0-SNAPSHOT] Configuring the HiveMQ Platform
2025-01-28 20:45:46,275 INFO c.h.h.t.HelmChartContainer - [test-hivemq-platform] [hivemq] [1666440a] INFO  - [HiveMQ Platform Operator Init App 1.7.0-SNAPSHOT] Changed logback.xml file scan period to 20 seconds
2025-01-28 20:45:46,285 INFO c.h.h.t.HelmChartContainer - [test-hivemq-platform] [hivemq] [1666440a] INFO  - [HiveMQ Platform Operator Init App 1.7.0-SNAPSHOT] Starting the HiveMQ Platform
2025-01-28 20:45:46,372 INFO c.h.h.t.HelmChartContainer - [test-hivemq-platform] [hivemq] [1666440a] -------------------------------------------------------------------------
2025-01-28 20:45:46,372 INFO c.h.h.t.HelmChartContainer - [test-hivemq-platform] [hivemq] [1666440a] 
2025-01-28 20:45:46,372 INFO c.h.h.t.HelmChartContainer - [test-hivemq-platform] [hivemq] [1666440a]                   _    _  _              __  __   ____
2025-01-28 20:45:46,372 INFO c.h.h.t.HelmChartContainer - [test-hivemq-platform] [hivemq] [1666440a]                  | |  | |(_)            |  \/  | / __ \
2025-01-28 20:45:46,372 INFO c.h.h.t.HelmChartContainer - [test-hivemq-platform] [hivemq] [1666440a]                  | |__| | _ __   __ ___ | \  / || |  | |
2025-01-28 20:45:46,372 INFO c.h.h.t.HelmChartContainer - [test-hivemq-platform] [hivemq] [1666440a]                  |  __  || |\ \ / // _ \| |\/| || |  | |
2025-01-28 20:45:46,372 INFO c.h.h.t.HelmChartContainer - [test-hivemq-platform] [hivemq] [1666440a]                  | |  | || | \ V /|  __/| |  | || |__| |
2025-01-28 20:45:46,372 INFO c.h.h.t.HelmChartContainer - [test-hivemq-platform] [hivemq] [1666440a]                  |_|  |_||_|  \_/  \___||_|  |_| \___\_\
2025-01-28 20:45:46,372 INFO c.h.h.t.HelmChartContainer - [test-hivemq-platform] [hivemq] [1666440a] 
2025-01-28 20:45:46,372 INFO c.h.h.t.HelmChartContainer - [test-hivemq-platform] [hivemq] [1666440a] -------------------------------------------------------------------------
2025-01-28 20:45:46,372 INFO c.h.h.t.HelmChartContainer - [test-hivemq-platform] [hivemq] [1666440a] 
2025-01-28 20:45:46,372 INFO c.h.h.t.HelmChartContainer - [test-hivemq-platform] [hivemq] [1666440a]   HiveMQ Start Script for Linux/Unix v1.14
2025-01-28 20:45:46,372 INFO c.h.h.t.HelmChartContainer - [test-hivemq-platform] [hivemq] [1666440a] 
2025-01-28 20:45:46,471 INFO c.h.h.t.HelmChartContainer - [test-hivemq-platform] [hivemq] [1666440a] -------------------------------------------------------------------------
2025-01-28 20:45:46,471 INFO c.h.h.t.HelmChartContainer - [test-hivemq-platform] [hivemq] [1666440a] 
2025-01-28 20:45:46,471 INFO c.h.h.t.HelmChartContainer - [test-hivemq-platform] [hivemq] [1666440a]   HIVEMQ_HOME: /opt/hivemq
2025-01-28 20:45:46,471 INFO c.h.h.t.HelmChartContainer - [test-hivemq-platform] [hivemq] [1666440a] 
2025-01-28 20:45:46,471 INFO c.h.h.t.HelmChartContainer - [test-hivemq-platform] [hivemq] [1666440a]   JAVA_OPTS: -XX:+UnlockExperimentalVMOptions -XX:InitialRAMPercentage=50 -XX:MaxRAMPercentage=50 -Djava.net.preferIPv4Stack=true --add-opens java.base/java.lang=ALL-UNNAMED --add-opens java.base/java.nio=ALL-UNNAMED --add-opens java.base/sun.nio.ch=ALL-UNNAMED --add-opens jdk.management/com.sun.management.internal=ALL-UNNAMED --add-exports java.base/jdk.internal.misc=ALL-UNNAMED -Djava.security.egd=file:/dev/./urandom -Dcom.sun.management.jmxremote -Dcom.sun.management.jmxremote.port=9010 -Dcom.sun.management.jmxremote.local.only=false -Dcom.sun.management.jmxremote.authenticate=false -Dcom.sun.management.jmxremote.ssl=false -Duser.language=en -Duser.region=US -XX:+CrashOnOutOfMemoryError -XX:+HeapDumpOnOutOfMemoryError
2025-01-28 20:45:46,471 INFO c.h.h.t.HelmChartContainer - [test-hivemq-platform] [hivemq] [1666440a] 
2025-01-28 20:45:46,471 INFO c.h.h.t.HelmChartContainer - [test-hivemq-platform] [hivemq] [1666440a]   JAVA_VERSION: 21
2025-01-28 20:45:46,471 INFO c.h.h.t.HelmChartContainer - [test-hivemq-platform] [hivemq] [1666440a] 
2025-01-28 20:45:46,471 INFO c.h.h.t.HelmChartContainer - [test-hivemq-platform] [hivemq] [1666440a] -------------------------------------------------------------------------
2025-01-28 20:45:46,471 INFO c.h.h.t.HelmChartContainer - [test-hivemq-platform] [hivemq] [1666440a] 
2025-01-28 20:45:48,376 INFO c.h.h.t.HelmChartContainer - [EVENT] Warning [Unhealthy] Readiness probe failed: HTTP probe failed with statuscode: 503 [helmcontainersecuritycontextupgradeplatformit:test-hivemq-platform-1]
2025-01-28 20:45:48,376 INFO c.h.h.t.HelmChartContainer - Received Unhealthy event for container hivemq in pod test-hivemq-platform-1 [1666440a-baca-482c-99cf-db78abef100f]
2025-01-28 20:45:48,388 INFO c.h.h.t.HelmChartContainer - [hivemq-test-hivemq-platform] [hivemq-platform-operator] [9c8e0590] 20:45:48.384 [pool-6-thread-35] DEBUG c.h.p.o.d.PlatformServiceResource - [helmcont] Desired Platform services (3 services)
2025-01-28 20:45:48,391 INFO c.h.h.t.HelmChartContainer - [hivemq-test-hivemq-platform] [hivemq-platform-operator] [9c8e0590] 20:45:48.390 [pool-6-thread-34] DEBUG c.h.p.o.dependants.PodInfoConfigMap - [helmcont] Desired PodInfo ConfigMap (1 extensions) (1 enabled)
2025-01-28 20:45:48,392 INFO c.h.h.t.HelmChartContainer - [hivemq-test-hivemq-platform] [hivemq-platform-operator] [9c8e0590] 20:45:48.390 [pool-6-thread-34] DEBUG c.h.p.o.dependants.PodInfoConfigMap - [helmcont] Desired PodInfo ConfigMap (metrics port: 9399) (metrics path: /)
2025-01-28 20:45:48,393 INFO c.h.h.t.HelmChartContainer - [hivemq-test-hivemq-platform] [hivemq-platform-operator] [9c8e0590] 20:45:48.390 [pool-6-thread-34] DEBUG c.h.p.o.dependants.PodInfoConfigMap - [helmcont] Desired PodInfo ConfigMap (extension state hash: -1817474005)
2025-01-28 20:45:48,393 INFO c.h.h.t.HelmChartContainer - [hivemq-test-hivemq-platform] [hivemq-platform-operator] [9c8e0590] 20:45:48.391 [pool-6-thread-34] DEBUG c.h.p.o.d.PodServiceAccountResource - [helmcont] Desired PodServiceAccountResource (serviceAccountName: hivemq-platform-pod-test-hivemq-platform)
2025-01-28 20:45:48,396 INFO c.h.h.t.HelmChartContainer - [hivemq-test-hivemq-platform] [hivemq-platform-operator] [9c8e0590] 20:45:48.395 [pool-6-thread-31] DEBUG c.h.p.o.d.StatefulSetResource - [helmcont] Desired StatefulSet (2 replicas) for status ROLLING_RESTART (SURGE_IN_PROGRESS)
2025-01-28 20:45:48,400 INFO c.h.h.t.HelmChartContainer - [hivemq-test-hivemq-platform] [hivemq-platform-operator] [9c8e0590] 20:45:48.399 [ReconcilerExecutor-hivemq-controller-121] INFO  c.h.p.o.HiveMQPlatformReconciler - [helmcont] Reconciling HiveMQ Platform 'test-hivemq-platform' in namespace 'helmcontainersecuritycontextupgradeplatformit'
2025-01-28 20:45:48,400 INFO c.h.h.t.HelmChartContainer - [hivemq-test-hivemq-platform] [hivemq-platform-operator] [9c8e0590] 20:45:48.399 [ReconcilerExecutor-hivemq-controller-121] DEBUG c.h.p.o.HiveMQPlatformReconciler - [helmcont] Custom Resource Status ROLLING_RESTART - HiveMQ Platform is starting a surge Pod (rolling restart) (SURGE_IN_PROGRESS)
2025-01-28 20:45:48,400 INFO c.h.h.t.HelmChartContainer - [hivemq-test-hivemq-platform] [hivemq-platform-operator] [9c8e0590] 20:45:48.399 [ReconcilerExecutor-hivemq-controller-121] DEBUG c.h.p.o.HiveMQPlatformReconciler - [helmcont] Custom Resource Spec (replicas: 1) (extensions: 1)
2025-01-28 20:45:48,402 INFO c.h.h.t.HelmChartContainer - [hivemq-test-hivemq-platform] [hivemq-platform-operator] [9c8e0590] 20:45:48.401 [ReconcilerExecutor-hivemq-controller-121] DEBUG c.h.p.o.HiveMQPlatformReconciler - [helmcont] StatefulSet Status (revision: test-hivemq-platform-85948b8786, replicas: 2, available: 1, ready: 1, current: 1, updated: 1)
2025-01-28 20:45:48,402 INFO c.h.h.t.HelmChartContainer - [hivemq-test-hivemq-platform] [hivemq-platform-operator] [9c8e0590] 20:45:48.401 [ReconcilerExecutor-hivemq-controller-121] DEBUG c.h.p.o.HiveMQPlatformReconciler - [helmcont] StatefulSet Spec (replicas: 2, init containers: 1, containers: 1, volumes: 3)
2025-01-28 20:45:48,403 INFO c.h.h.t.HelmChartContainer - [hivemq-test-hivemq-platform] [hivemq-platform-operator] [9c8e0590] 20:45:48.402 [ReconcilerExecutor-hivemq-controller-121] DEBUG c.h.p.o.h.HiveMQPlatformReconcilerErrorHandler - [helmcont] Pod 'test-hivemq-platform-1' phase Running
2025-01-28 20:45:48,405 INFO c.h.h.t.HelmChartContainer - [hivemq-test-hivemq-platform] [hivemq-platform-operator] [9c8e0590] 20:45:48.403 [ReconcilerExecutor-hivemq-controller-121] DEBUG c.h.p.o.h.HiveMQPlatformReconcilerErrorHandler - [helmcont] Pod 'test-hivemq-platform-0' phase Running
2025-01-28 20:45:48,405 INFO c.h.h.t.HelmChartContainer - [hivemq-test-hivemq-platform] [hivemq-platform-operator] [9c8e0590] 20:45:48.404 [ReconcilerExecutor-hivemq-controller-121] DEBUG c.h.p.o.h.HiveMQPlatformReconcilerRollingRestartHandler - [helmcont] Rolling restart is waiting for 1 of 2 replicas
2025-01-28 20:45:49,087 INFO c.h.h.t.HelmChartContainer - [test-hivemq-platform] [hivemq] [1666440a] INFO  - Starting HiveMQ Enterprise Server
2025-01-28 20:45:49,172 INFO c.h.h.t.HelmChartContainer - [test-hivemq-platform] [hivemq] [1666440a] INFO  - HiveMQ version: 4.36.0
2025-01-28 20:45:49,172 INFO c.h.h.t.HelmChartContainer - [test-hivemq-platform] [hivemq] [1666440a] INFO  - HiveMQ home directory: /opt/hivemq
2025-01-28 20:45:49,173 INFO c.h.h.t.HelmChartContainer - [test-hivemq-platform] [hivemq] [1666440a] INFO  - Log Configuration was overridden by /opt/hivemq/conf/logback.xml
2025-01-28 20:45:50,478 INFO c.h.h.t.HelmChartContainer - [test-hivemq-platform] [hivemq] [1666440a] INFO  - Successfully loaded configuration from '/opt/hivemq/conf-k8s/config.xml'.
2025-01-28 20:45:50,880 INFO c.h.h.t.HelmChartContainer - [test-hivemq-platform] [hivemq] [1666440a] INFO  - This node's ID is n2vnQ
2025-01-28 20:45:50,880 INFO c.h.h.t.HelmChartContainer - [test-hivemq-platform] [hivemq] [1666440a] INFO  - Clustering is enabled
2025-01-28 20:45:53,569 INFO c.h.h.t.HelmChartContainer - [test-hivemq-platform] [hivemq] [1666440a] WARN  - [HiveMQ Platform Operator Init App 1.7.0-SNAPSHOT] Cannot connect to Health API for readiness: null
2025-01-28 20:45:53,576 INFO c.h.h.t.HelmChartContainer - [EVENT] Warning [Unhealthy] Readiness probe failed: HTTP probe failed with statuscode: 503 [helmcontainersecuritycontextupgradeplatformit:test-hivemq-platform-1]
2025-01-28 20:45:53,576 INFO c.h.h.t.HelmChartContainer - Received Unhealthy event for container hivemq in pod test-hivemq-platform-1 [1666440a-baca-482c-99cf-db78abef100f]
2025-01-28 20:45:55,176 INFO c.h.h.t.HelmChartContainer - [test-hivemq-platform] [hivemq] [1666440a] WARN  - [HiveMQ Platform Operator Init App 1.7.0-SNAPSHOT] Cannot connect to Health API for liveness: null
2025-01-28 20:45:55,176 INFO c.h.h.t.HelmChartContainer - [test-hivemq-platform] [hivemq] [1666440a] INFO  - [HiveMQ Platform Operator Init App 1.7.0-SNAPSHOT] Returning default Health API response 200 for liveness
2025-01-28 20:45:58,371 INFO c.h.h.t.HelmChartContainer - [test-hivemq-platform] [hivemq] [1666440a] WARN  - [HiveMQ Platform Operator Init App 1.7.0-SNAPSHOT] Cannot connect to Health API for readiness: null
2025-01-28 20:45:58,376 INFO c.h.h.t.HelmChartContainer - [EVENT] Warning [Unhealthy] Readiness probe failed: HTTP probe failed with statuscode: 503 [helmcontainersecuritycontextupgradeplatformit:test-hivemq-platform-1]
2025-01-28 20:45:58,376 INFO c.h.h.t.HelmChartContainer - Received Unhealthy event for container hivemq in pod test-hivemq-platform-1 [1666440a-baca-482c-99cf-db78abef100f]
2025-01-28 20:45:58,410 INFO c.h.h.t.HelmChartContainer - [hivemq-test-hivemq-platform] [hivemq-platform-operator] [9c8e0590] 20:45:58.408 [pool-6-thread-43] DEBUG c.h.p.o.d.PlatformServiceResource - [helmcont] Desired Platform services (3 services)
2025-01-28 20:45:58,411 INFO c.h.h.t.HelmChartContainer - [hivemq-test-hivemq-platform] [hivemq-platform-operator] [9c8e0590] 20:45:58.409 [pool-6-thread-44] DEBUG c.h.p.o.dependants.PodInfoConfigMap - [helmcont] Desired PodInfo ConfigMap (1 extensions) (1 enabled)
2025-01-28 20:45:58,413 INFO c.h.h.t.HelmChartContainer - [hivemq-test-hivemq-platform] [hivemq-platform-operator] [9c8e0590] 20:45:58.409 [pool-6-thread-48] DEBUG c.h.p.o.d.PodServiceAccountResource - [helmcont] Desired PodServiceAccountResource (serviceAccountName: hivemq-platform-pod-test-hivemq-platform)
2025-01-28 20:45:58,413 INFO c.h.h.t.HelmChartContainer - [hivemq-test-hivemq-platform] [hivemq-platform-operator] [9c8e0590] 20:45:58.411 [pool-6-thread-44] DEBUG c.h.p.o.dependants.PodInfoConfigMap - [helmcont] Desired PodInfo ConfigMap (metrics port: 9399) (metrics path: /)
2025-01-28 20:45:58,413 INFO c.h.h.t.HelmChartContainer - [hivemq-test-hivemq-platform] [hivemq-platform-operator] [9c8e0590] 20:45:58.411 [pool-6-thread-44] DEBUG c.h.p.o.dependants.PodInfoConfigMap - [helmcont] Desired PodInfo ConfigMap (extension state hash: -1817474005)
2025-01-28 20:45:58,415 INFO c.h.h.t.HelmChartContainer - [hivemq-test-hivemq-platform] [hivemq-platform-operator] [9c8e0590] 20:45:58.414 [pool-6-thread-49] DEBUG c.h.p.o.d.StatefulSetResource - [helmcont] Desired StatefulSet (2 replicas) for status ROLLING_RESTART (SURGE_IN_PROGRESS)
2025-01-28 20:45:58,418 INFO c.h.h.t.HelmChartContainer - [hivemq-test-hivemq-platform] [hivemq-platform-operator] [9c8e0590] 20:45:58.417 [ReconcilerExecutor-hivemq-controller-122] INFO  c.h.p.o.HiveMQPlatformReconciler - [helmcont] Reconciling HiveMQ Platform 'test-hivemq-platform' in namespace 'helmcontainersecuritycontextupgradeplatformit'
2025-01-28 20:45:58,419 INFO c.h.h.t.HelmChartContainer - [hivemq-test-hivemq-platform] [hivemq-platform-operator] [9c8e0590] 20:45:58.417 [ReconcilerExecutor-hivemq-controller-122] DEBUG c.h.p.o.HiveMQPlatformReconciler - [helmcont] Custom Resource Status ROLLING_RESTART - HiveMQ Platform is starting a surge Pod (rolling restart) (SURGE_IN_PROGRESS)
2025-01-28 20:45:58,419 INFO c.h.h.t.HelmChartContainer - [hivemq-test-hivemq-platform] [hivemq-platform-operator] [9c8e0590] 20:45:58.417 [ReconcilerExecutor-hivemq-controller-122] DEBUG c.h.p.o.HiveMQPlatformReconciler - [helmcont] Custom Resource Spec (replicas: 1) (extensions: 1)
2025-01-28 20:45:58,421 INFO c.h.h.t.HelmChartContainer - [hivemq-test-hivemq-platform] [hivemq-platform-operator] [9c8e0590] 20:45:58.420 [ReconcilerExecutor-hivemq-controller-122] DEBUG c.h.p.o.HiveMQPlatformReconciler - [helmcont] StatefulSet Status (revision: test-hivemq-platform-85948b8786, replicas: 2, available: 1, ready: 1, current: 1, updated: 1)
2025-01-28 20:45:58,421 INFO c.h.h.t.HelmChartContainer - [hivemq-test-hivemq-platform] [hivemq-platform-operator] [9c8e0590] 20:45:58.420 [ReconcilerExecutor-hivemq-controller-122] DEBUG c.h.p.o.HiveMQPlatformReconciler - [helmcont] StatefulSet Spec (replicas: 2, init containers: 1, containers: 1, volumes: 3)
2025-01-28 20:45:58,422 INFO c.h.h.t.HelmChartContainer - [hivemq-test-hivemq-platform] [hivemq-platform-operator] [9c8e0590] 20:45:58.421 [ReconcilerExecutor-hivemq-controller-122] DEBUG c.h.p.o.h.HiveMQPlatformReconcilerErrorHandler - [helmcont] Pod 'test-hivemq-platform-1' phase Running
2025-01-28 20:45:58,424 INFO c.h.h.t.HelmChartContainer - [hivemq-test-hivemq-platform] [hivemq-platform-operator] [9c8e0590] 20:45:58.423 [ReconcilerExecutor-hivemq-controller-122] DEBUG c.h.p.o.h.HiveMQPlatformReconcilerErrorHandler - [helmcont] Pod 'test-hivemq-platform-0' phase Running
2025-01-28 20:45:58,425 INFO c.h.h.t.HelmChartContainer - [hivemq-test-hivemq-platform] [hivemq-platform-operator] [9c8e0590] 20:45:58.424 [ReconcilerExecutor-hivemq-controller-122] DEBUG c.h.p.o.h.HiveMQPlatformReconcilerRollingRestartHandler - [helmcont] Rolling restart is waiting for 1 of 2 replicas
2025-01-28 20:46:03,374 INFO c.h.h.t.HelmChartContainer - [test-hivemq-platform] [hivemq] [1666440a] WARN  - [HiveMQ Platform Operator Init App 1.7.0-SNAPSHOT] Cannot connect to Health API for readiness: null
2025-01-28 20:46:03,380 INFO c.h.h.t.HelmChartContainer - [EVENT] Warning [Unhealthy] Readiness probe failed: HTTP probe failed with statuscode: 503 [helmcontainersecuritycontextupgradeplatformit:test-hivemq-platform-1]
2025-01-28 20:46:03,380 INFO c.h.h.t.HelmChartContainer - Received Unhealthy event for container hivemq in pod test-hivemq-platform-1 [1666440a-baca-482c-99cf-db78abef100f]
2025-01-28 20:46:04,495 INFO c.h.h.t.HelmChartContainer - [test-hivemq-platform] [hivemq] [1666440a] INFO  - No valid license file found. Using trial license, restricted to 25 connections.
2025-01-28 20:46:07,786 INFO c.h.h.t.HelmChartContainer - [test-hivemq-platform] [hivemq] [1666440a] INFO  - No valid license file for Data Hub found. Using free license, restricted to 1 policy.
2025-01-28 20:46:08,375 INFO c.h.h.t.HelmChartContainer - [test-hivemq-platform] [hivemq] [1666440a] WARN  - [HiveMQ Platform Operator Init App 1.7.0-SNAPSHOT] Cannot connect to Health API for readiness: null
2025-01-28 20:46:08,378 INFO c.h.h.t.HelmChartContainer - [EVENT] Warning [Unhealthy] Readiness probe failed: HTTP probe failed with statuscode: 503 [helmcontainersecuritycontextupgradeplatformit:test-hivemq-platform-1]
2025-01-28 20:46:08,378 INFO c.h.h.t.HelmChartContainer - Received Unhealthy event for container hivemq in pod test-hivemq-platform-1 [1666440a-baca-482c-99cf-db78abef100f]
2025-01-28 20:46:08,430 INFO c.h.h.t.HelmChartContainer - [hivemq-test-hivemq-platform] [hivemq-platform-operator] [9c8e0590] 20:46:08.428 [pool-6-thread-10] DEBUG c.h.p.o.d.PlatformServiceResource - [helmcont] Desired Platform services (3 services)
2025-01-28 20:46:08,430 INFO c.h.h.t.HelmChartContainer - [hivemq-test-hivemq-platform] [hivemq-platform-operator] [9c8e0590] 20:46:08.430 [pool-6-thread-6] DEBUG c.h.p.o.dependants.PodInfoConfigMap - [helmcont] Desired PodInfo ConfigMap (1 extensions) (1 enabled)
2025-01-28 20:46:08,431 INFO c.h.h.t.HelmChartContainer - [hivemq-test-hivemq-platform] [hivemq-platform-operator] [9c8e0590] 20:46:08.430 [pool-6-thread-6] DEBUG c.h.p.o.dependants.PodInfoConfigMap - [helmcont] Desired PodInfo ConfigMap (metrics port: 9399) (metrics path: /)
2025-01-28 20:46:08,432 INFO c.h.h.t.HelmChartContainer - [hivemq-test-hivemq-platform] [hivemq-platform-operator] [9c8e0590] 20:46:08.430 [pool-6-thread-6] DEBUG c.h.p.o.dependants.PodInfoConfigMap - [helmcont] Desired PodInfo ConfigMap (extension state hash: -1817474005)
2025-01-28 20:46:08,433 INFO c.h.h.t.HelmChartContainer - [hivemq-test-hivemq-platform] [hivemq-platform-operator] [9c8e0590] 20:46:08.432 [pool-6-thread-8] DEBUG c.h.p.o.d.PodServiceAccountResource - [helmcont] Desired PodServiceAccountResource (serviceAccountName: hivemq-platform-pod-test-hivemq-platform)
2025-01-28 20:46:08,435 INFO c.h.h.t.HelmChartContainer - [hivemq-test-hivemq-platform] [hivemq-platform-operator] [9c8e0590] 20:46:08.435 [pool-6-thread-1] DEBUG c.h.p.o.d.StatefulSetResource - [helmcont] Desired StatefulSet (2 replicas) for status ROLLING_RESTART (SURGE_IN_PROGRESS)
2025-01-28 20:46:08,439 INFO c.h.h.t.HelmChartContainer - [hivemq-test-hivemq-platform] [hivemq-platform-operator] [9c8e0590] 20:46:08.438 [ReconcilerExecutor-hivemq-controller-123] INFO  c.h.p.o.HiveMQPlatformReconciler - [helmcont] Reconciling HiveMQ Platform 'test-hivemq-platform' in namespace 'helmcontainersecuritycontextupgradeplatformit'
2025-01-28 20:46:08,439 INFO c.h.h.t.HelmChartContainer - [hivemq-test-hivemq-platform] [hivemq-platform-operator] [9c8e0590] 20:46:08.438 [ReconcilerExecutor-hivemq-controller-123] DEBUG c.h.p.o.HiveMQPlatformReconciler - [helmcont] Custom Resource Status ROLLING_RESTART - HiveMQ Platform is starting a surge Pod (rolling restart) (SURGE_IN_PROGRESS)
2025-01-28 20:46:08,439 INFO c.h.h.t.HelmChartContainer - [hivemq-test-hivemq-platform] [hivemq-platform-operator] [9c8e0590] 20:46:08.438 [ReconcilerExecutor-hivemq-controller-123] DEBUG c.h.p.o.HiveMQPlatformReconciler - [helmcont] Custom Resource Spec (replicas: 1) (extensions: 1)
2025-01-28 20:46:08,443 INFO c.h.h.t.HelmChartContainer - [hivemq-test-hivemq-platform] [hivemq-platform-operator] [9c8e0590] 20:46:08.439 [ReconcilerExecutor-hivemq-controller-123] DEBUG c.h.p.o.HiveMQPlatformReconciler - [helmcont] StatefulSet Status (revision: test-hivemq-platform-85948b8786, replicas: 2, available: 1, ready: 1, current: 1, updated: 1)
2025-01-28 20:46:08,443 INFO c.h.h.t.HelmChartContainer - [hivemq-test-hivemq-platform] [hivemq-platform-operator] [9c8e0590] 20:46:08.440 [ReconcilerExecutor-hivemq-controller-123] DEBUG c.h.p.o.HiveMQPlatformReconciler - [helmcont] StatefulSet Spec (replicas: 2, init containers: 1, containers: 1, volumes: 3)
2025-01-28 20:46:08,443 INFO c.h.h.t.HelmChartContainer - [hivemq-test-hivemq-platform] [hivemq-platform-operator] [9c8e0590] 20:46:08.441 [ReconcilerExecutor-hivemq-controller-123] DEBUG c.h.p.o.h.HiveMQPlatformReconcilerErrorHandler - [helmcont] Pod 'test-hivemq-platform-1' phase Running
2025-01-28 20:46:08,444 INFO c.h.h.t.HelmChartContainer - [hivemq-test-hivemq-platform] [hivemq-platform-operator] [9c8e0590] 20:46:08.442 [ReconcilerExecutor-hivemq-controller-123] DEBUG c.h.p.o.h.HiveMQPlatformReconcilerErrorHandler - [helmcont] Pod 'test-hivemq-platform-0' phase Running
2025-01-28 20:46:08,444 INFO c.h.h.t.HelmChartContainer - [hivemq-test-hivemq-platform] [hivemq-platform-operator] [9c8e0590] 20:46:08.443 [ReconcilerExecutor-hivemq-controller-123] DEBUG c.h.p.o.h.HiveMQPlatformReconcilerRollingRestartHandler - [helmcont] Rolling restart is waiting for 1 of 2 replicas
2025-01-28 20:46:09,386 INFO c.h.h.t.HelmChartContainer - [test-hivemq-platform] [hivemq] [1666440a] INFO  - Audit Logger started.
2025-01-28 20:46:09,713 INFO c.h.h.t.HelmChartContainer - [test-hivemq-platform] [hivemq] [1666440a] INFO  - This node uses '1' CPU cores.
2025-01-28 20:46:09,773 INFO c.h.h.t.HelmChartContainer - [test-hivemq-platform] [hivemq] [1666440a] INFO  - Starting HiveMQ Health API on address 0.0.0.0 and port 8889
2025-01-28 20:46:10,582 INFO c.h.h.t.HelmChartContainer - [test-hivemq-platform] [hivemq] [1666440a] INFO  - Started HiveMQ Health API in 809ms
2025-01-28 20:46:11,482 INFO c.h.h.t.HelmChartContainer - [test-hivemq-platform] [hivemq] [1666440a] INFO  - Starting HiveMQ extension system.
2025-01-28 20:46:11,775 INFO c.h.h.t.HelmChartContainer - [test-hivemq-platform] [hivemq] [1666440a] INFO  - Starting extension with id "hivemq-dns-cluster-discovery" at /opt/hivemq/extensions/hivemq-dns-cluster-discovery
2025-01-28 20:46:12,371 INFO c.h.h.t.HelmChartContainer - [test-hivemq-platform] [hivemq] [1666440a] INFO  - Extension "DNS Cluster Discovery Extension" version 4.3.2 started successfully.
2025-01-28 20:46:12,371 INFO c.h.h.t.HelmChartContainer - [test-hivemq-platform] [hivemq] [1666440a] INFO  - Starting extension with id "hivemq-prometheus-extension" at /opt/hivemq/extensions/hivemq-prometheus-extension
2025-01-28 20:46:12,475 INFO c.h.h.t.HelmChartContainer - [test-hivemq-platform] [hivemq] [1666440a] INFO  - Using TCP cluster transport on address 10.42.0.11 and port 7000
2025-01-28 20:46:12,575 INFO c.h.h.t.HelmChartContainer - [test-hivemq-platform] [hivemq] [1666440a] INFO  - Using extension cluster discovery
2025-01-28 20:46:13,279 INFO c.h.h.t.HelmChartContainer - [test-hivemq-platform] [hivemq] [1666440a] INFO  - Started Jetty Server exposing Prometheus Servlet on URI http://0.0.0.0:9399/
2025-01-28 20:46:13,280 INFO c.h.h.t.HelmChartContainer - [test-hivemq-platform] [hivemq] [1666440a] INFO  - Extension "Prometheus Monitoring Extension" version 4.0.12 started successfully.
2025-01-28 20:46:13,280 INFO c.h.h.t.HelmChartContainer - [test-hivemq-platform] [hivemq] [1666440a] INFO  - Starting extension with id "hivemq-allow-all-extension" at /opt/hivemq/extensions/hivemq-allow-all-extension
2025-01-28 20:46:13,281 INFO c.h.h.t.HelmChartContainer - [test-hivemq-platform] [hivemq] [1666440a] WARN  - 
2025-01-28 20:46:13,281 INFO c.h.h.t.HelmChartContainer - [test-hivemq-platform] [hivemq] [1666440a] ################################################################################################################
2025-01-28 20:46:13,281 INFO c.h.h.t.HelmChartContainer - [test-hivemq-platform] [hivemq] [1666440a] # This HiveMQ deployment is not secure! You are lacking Authentication and Authorization.                      #
2025-01-28 20:46:13,281 INFO c.h.h.t.HelmChartContainer - [test-hivemq-platform] [hivemq] [1666440a] # Right now any MQTT client can connect to the broker with a full set of permissions.                          #
2025-01-28 20:46:13,281 INFO c.h.h.t.HelmChartContainer - [test-hivemq-platform] [hivemq] [1666440a] # For production usage, add an appropriate security extension and remove the hivemq-allow-all extension.       #
2025-01-28 20:46:13,281 INFO c.h.h.t.HelmChartContainer - [test-hivemq-platform] [hivemq] [1666440a] # You can download security extensions from the HiveMQ Marketplace (https://www.hivemq.com/extensions/).       #
2025-01-28 20:46:13,282 INFO c.h.h.t.HelmChartContainer - [test-hivemq-platform] [hivemq] [1666440a] ################################################################################################################
2025-01-28 20:46:13,282 INFO c.h.h.t.HelmChartContainer - [test-hivemq-platform] [hivemq] [1666440a] INFO  - Extension "Allow All Extension" version 1.1.1 started successfully.
2025-01-28 20:46:13,585 INFO c.h.h.t.HelmChartContainer - [test-hivemq-platform] [hivemq] [acf82c85] INFO  - Cluster nodes found by discovery: [3e1G5|1] (2) [3e1G5, n2vnQ].
2025-01-28 20:46:13,678 INFO c.h.h.t.HelmChartContainer - [test-hivemq-platform] [hivemq] [1666440a] INFO  - Cluster nodes found by discovery: [3e1G5|1] (2) [3e1G5, n2vnQ].
2025-01-28 20:46:13,977 INFO c.h.h.t.HelmChartContainer - [test-hivemq-platform] [hivemq] [1666440a] INFO  - Cluster size = 1, members : [3e1G5].
2025-01-28 20:46:14,289 INFO c.h.h.t.HelmChartContainer - [test-hivemq-platform] [hivemq] [1666440a] INFO  - [HiveMQ Platform Operator Init App 1.7.0-SNAPSHOT] Returning Health API response 503 for readiness
2025-01-28 20:46:14,292 INFO c.h.h.t.HelmChartContainer - [EVENT] Warning [Unhealthy] Readiness probe failed: Get "http://10.42.0.11:7979/readiness": context deadline exceeded (Client.Timeout exceeded while awaiting headers) [helmcontainersecuritycontextupgradeplatformit:test-hivemq-platform-1]
2025-01-28 20:46:14,292 INFO c.h.h.t.HelmChartContainer - Received Unhealthy event for container hivemq in pod test-hivemq-platform-1 [1666440a-baca-482c-99cf-db78abef100f]
2025-01-28 20:46:14,675 INFO c.h.h.t.HelmChartContainer - [test-hivemq-platform] [hivemq] [1666440a] INFO  - Starting cluster join process. This may take a while. Please do not shut down HiveMQ.
2025-01-28 20:46:14,677 INFO c.h.h.t.HelmChartContainer - [test-hivemq-platform] [hivemq] [1666440a] INFO  - Cluster join process is still ongoing. Please do not shut down HiveMQ.
2025-01-28 20:46:16,690 INFO c.h.h.t.HelmChartContainer - [test-hivemq-platform] [hivemq] [acf82c85] INFO  - Cluster size = 2, members : [3e1G5, n2vnQ].
2025-01-28 20:46:16,706 INFO c.h.h.t.HelmChartContainer - [test-hivemq-platform] [hivemq] [1666440a] INFO  - Cluster size = 2, members : [3e1G5, n2vnQ].
2025-01-28 20:46:16,782 INFO c.h.h.t.HelmChartContainer - [test-hivemq-platform] [hivemq] [1666440a] INFO  - Finished cluster join process successfully.
2025-01-28 20:46:16,870 INFO c.h.h.t.HelmChartContainer - [test-hivemq-platform] [hivemq] [1666440a] WARN  - No user for HiveMQ Control Center configured. Starting with default user
2025-01-28 20:46:16,870 INFO c.h.h.t.HelmChartContainer - [test-hivemq-platform] [hivemq] [1666440a] INFO  - Starting HiveMQ Control Center on address 0.0.0.0 and port 8080
2025-01-28 20:46:16,873 INFO c.h.h.t.HelmChartContainer - [test-hivemq-platform] [hivemq] [1666440a] INFO  - Mounting HiveMQ Control Center V2 Preview
2025-01-28 20:46:17,582 INFO c.h.h.t.HelmChartContainer - [test-hivemq-platform] [hivemq] [1666440a] INFO  - Started HiveMQ Control Center in 712ms
2025-01-28 20:46:17,676 INFO c.h.h.t.HelmChartContainer - [test-hivemq-platform] [hivemq] [1666440a] INFO  - Starting TCP listener on address 0.0.0.0 and port 1884
2025-01-28 20:46:17,772 INFO c.h.h.t.HelmChartContainer - [test-hivemq-platform] [hivemq] [1666440a] INFO  - Started TCP Listener on address 0.0.0.0 and on port 1884.
2025-01-28 20:46:17,773 INFO c.h.h.t.HelmChartContainer - [test-hivemq-platform] [hivemq] [1666440a] INFO  - Started HiveMQ in 29088ms
2025-01-28 20:46:18,293 INFO c.h.h.t.HelmChartContainer - [test-hivemq-platform] [hivemq] [1666440a] INFO  - [HiveMQ Platform Operator Init App 1.7.0-SNAPSHOT] Returning Health API response 200 for readiness
2025-01-28 20:46:18,306 INFO c.h.h.t.HelmChartContainer - [POD] test-hivemq-platform-1 [1666440a-baca-482c-99cf-db78abef100f] in helmcontainersecuritycontextupgradeplatformit was MODIFIED
2025-01-28 20:46:18,322 INFO c.h.h.t.HelmChartContainer - [hivemq-test-hivemq-platform] [hivemq-platform-operator] [9c8e0590] 20:46:18.312 [pool-6-thread-12] DEBUG c.h.p.o.d.PlatformServiceResource - [helmcont] Desired Platform services (3 services)
2025-01-28 20:46:18,322 INFO c.h.h.t.HelmChartContainer - [hivemq-test-hivemq-platform] [hivemq-platform-operator] [9c8e0590] 20:46:18.314 [pool-6-thread-20] DEBUG c.h.p.o.dependants.PodInfoConfigMap - [helmcont] Desired PodInfo ConfigMap (1 extensions) (1 enabled)
2025-01-28 20:46:18,322 INFO c.h.h.t.HelmChartContainer - [hivemq-test-hivemq-platform] [hivemq-platform-operator] [9c8e0590] 20:46:18.314 [pool-6-thread-20] DEBUG c.h.p.o.dependants.PodInfoConfigMap - [helmcont] Desired PodInfo ConfigMap (metrics port: 9399) (metrics path: /)
2025-01-28 20:46:18,322 INFO c.h.h.t.HelmChartContainer - [hivemq-test-hivemq-platform] [hivemq-platform-operator] [9c8e0590] 20:46:18.314 [pool-6-thread-20] DEBUG c.h.p.o.dependants.PodInfoConfigMap - [helmcont] Desired PodInfo ConfigMap (extension state hash: -1817474005)
2025-01-28 20:46:18,322 INFO c.h.h.t.HelmChartContainer - [hivemq-test-hivemq-platform] [hivemq-platform-operator] [9c8e0590] 20:46:18.316 [pool-6-thread-20] DEBUG c.h.p.o.d.PodServiceAccountResource - [helmcont] Desired PodServiceAccountResource (serviceAccountName: hivemq-platform-pod-test-hivemq-platform)
2025-01-28 20:46:18,323 INFO c.h.h.t.HelmChartContainer - [hivemq-test-hivemq-platform] [hivemq-platform-operator] [9c8e0590] 20:46:18.322 [pool-6-thread-12] DEBUG c.h.p.o.d.StatefulSetResource - [helmcont] Desired StatefulSet (2 replicas) for status ROLLING_RESTART (SURGE_IN_PROGRESS)
2025-01-28 20:46:18,377 INFO c.h.h.t.HelmChartContainer - [hivemq-test-hivemq-platform] [hivemq-platform-operator] [9c8e0590] 20:46:18.376 [ReconcilerExecutor-hivemq-controller-124] INFO  c.h.p.o.HiveMQPlatformReconciler - [helmcont] Reconciling HiveMQ Platform 'test-hivemq-platform' in namespace 'helmcontainersecuritycontextupgradeplatformit'
2025-01-28 20:46:18,378 INFO c.h.h.t.HelmChartContainer - [hivemq-test-hivemq-platform] [hivemq-platform-operator] [9c8e0590] 20:46:18.377 [ReconcilerExecutor-hivemq-controller-124] DEBUG c.h.p.o.HiveMQPlatformReconciler - [helmcont] Custom Resource Status ROLLING_RESTART - HiveMQ Platform is starting a surge Pod (rolling restart) (SURGE_IN_PROGRESS)
2025-01-28 20:46:18,378 INFO c.h.h.t.HelmChartContainer - [hivemq-test-hivemq-platform] [hivemq-platform-operator] [9c8e0590] 20:46:18.377 [ReconcilerExecutor-hivemq-controller-124] DEBUG c.h.p.o.HiveMQPlatformReconciler - [helmcont] Custom Resource Spec (replicas: 1) (extensions: 1)
2025-01-28 20:46:18,379 INFO c.h.h.t.HelmChartContainer - [hivemq-test-hivemq-platform] [hivemq-platform-operator] [9c8e0590] 20:46:18.379 [ReconcilerExecutor-hivemq-controller-124] DEBUG c.h.p.o.HiveMQPlatformReconciler - [helmcont] StatefulSet Status (revision: test-hivemq-platform-85948b8786, replicas: 2, available: 2, ready: 2, current: 1, updated: 1)
2025-01-28 20:46:18,379 INFO c.h.h.t.HelmChartContainer - [hivemq-test-hivemq-platform] [hivemq-platform-operator] [9c8e0590] 20:46:18.379 [ReconcilerExecutor-hivemq-controller-124] DEBUG c.h.p.o.HiveMQPlatformReconciler - [helmcont] StatefulSet Spec (replicas: 2, init containers: 1, containers: 1, volumes: 3)
2025-01-28 20:46:18,380 INFO c.h.h.t.HelmChartContainer - [hivemq-test-hivemq-platform] [hivemq-platform-operator] [9c8e0590] 20:46:18.380 [ReconcilerExecutor-hivemq-controller-124] DEBUG c.h.p.o.h.HiveMQPlatformReconcilerErrorHandler - [helmcont] Pod 'test-hivemq-platform-1' phase Running
2025-01-28 20:46:18,382 INFO c.h.h.t.HelmChartContainer - [hivemq-test-hivemq-platform] [hivemq-platform-operator] [9c8e0590] 20:46:18.382 [ReconcilerExecutor-hivemq-controller-124] DEBUG c.h.p.o.h.HiveMQPlatformReconcilerErrorHandler - [helmcont] Pod 'test-hivemq-platform-0' phase Running
2025-01-28 20:46:18,384 INFO c.h.h.t.HelmChartContainer - [hivemq-test-hivemq-platform] [hivemq-platform-operator] [9c8e0590] 20:46:18.382 [ReconcilerExecutor-hivemq-controller-124] INFO  c.h.p.o.h.HiveMQPlatformReconcilerRollingRestartHandler - [helmcont] Surge Pod started successfully
2025-01-28 20:46:18,400 INFO c.h.h.t.HelmChartContainer - [hivemq-test-hivemq-platform] [hivemq-platform-operator] [9c8e0590] 20:46:18.399 [ReconcilerExecutor-hivemq-controller-124] DEBUG c.h.p.operator.event.EventSender - [helmcont] Creating K8s event rolling-restart-surge-in-progress: [RollingRestart] HiveMQ Platform is restarting Pods (rolling restart)
2025-01-28 20:46:18,406 INFO c.h.h.t.HelmChartContainer - [EVENT] Normal [RollingRestart] HiveMQ Platform is restarting Pods (rolling restart) [helmcontainersecuritycontextupgradeplatformit:test-hivemq-platform]
2025-01-28 20:46:18,477 INFO c.h.h.t.HelmChartContainer - [hivemq-test-hivemq-platform] [hivemq-platform-operator] [9c8e0590] 20:46:18.405 [ReconcilerExecutor-hivemq-controller-124] INFO  c.h.p.o.h.AbstractHiveMQReconcilerStateHandler - [helmcont] Update HiveMQ Platform Status (ROLLING_RESTART [SURGE_IN_PROGRESS] -> ROLLING_RESTART [RESTART_PODS_IN_PROGRESS]): HiveMQ Platform is restarting Pods (rolling restart)
2025-01-28 20:46:18,485 DEBUG com.hivemq.helmcharts.util.K8sUtil - Comparing actual state 'ROLLING_RESTART' and waiting for 'RUNNING'
2025-01-28 20:46:18,493 INFO c.h.h.t.HelmChartContainer - [hivemq-test-hivemq-platform] [hivemq-platform-operator] [9c8e0590] 20:46:18.489 [pool-6-thread-29] DEBUG c.h.p.o.d.PlatformServiceResource - [helmcont] Desired Platform services (3 services)
2025-01-28 20:46:18,493 INFO c.h.h.t.HelmChartContainer - [hivemq-test-hivemq-platform] [hivemq-platform-operator] [9c8e0590] 20:46:18.490 [pool-6-thread-26] DEBUG c.h.p.o.dependants.PodInfoConfigMap - [helmcont] Desired PodInfo ConfigMap (1 extensions) (1 enabled)
2025-01-28 20:46:18,493 INFO c.h.h.t.HelmChartContainer - [hivemq-test-hivemq-platform] [hivemq-platform-operator] [9c8e0590] 20:46:18.490 [pool-6-thread-26] DEBUG c.h.p.o.dependants.PodInfoConfigMap - [helmcont] Desired PodInfo ConfigMap (metrics port: 9399) (metrics path: /)
2025-01-28 20:46:18,493 INFO c.h.h.t.HelmChartContainer - [hivemq-test-hivemq-platform] [hivemq-platform-operator] [9c8e0590] 20:46:18.490 [pool-6-thread-26] DEBUG c.h.p.o.dependants.PodInfoConfigMap - [helmcont] Desired PodInfo ConfigMap (extension state hash: -1817474005)
2025-01-28 20:46:18,493 INFO c.h.h.t.HelmChartContainer - [hivemq-test-hivemq-platform] [hivemq-platform-operator] [9c8e0590] 20:46:18.492 [pool-6-thread-22] DEBUG c.h.p.o.d.PodServiceAccountResource - [helmcont] Desired PodServiceAccountResource (serviceAccountName: hivemq-platform-pod-test-hivemq-platform)
2025-01-28 20:46:18,497 INFO c.h.h.t.HelmChartContainer - [hivemq-test-hivemq-platform] [hivemq-platform-operator] [9c8e0590] 20:46:18.496 [pool-6-thread-21] DEBUG c.h.p.o.d.StatefulSetResource - [helmcont] Desired StatefulSet (2 replicas) for status ROLLING_RESTART (RESTART_PODS_IN_PROGRESS)
2025-01-28 20:46:18,528 INFO c.h.h.t.HelmChartContainer - [hivemq-test-hivemq-platform] [hivemq-platform-operator] [9c8e0590] 20:46:18.527 [ReconcilerExecutor-hivemq-controller-125] INFO  c.h.p.o.HiveMQPlatformReconciler - [helmcont] Reconciling HiveMQ Platform 'test-hivemq-platform' in namespace 'helmcontainersecuritycontextupgradeplatformit'
2025-01-28 20:46:18,528 INFO c.h.h.t.HelmChartContainer - [hivemq-test-hivemq-platform] [hivemq-platform-operator] [9c8e0590] 20:46:18.527 [ReconcilerExecutor-hivemq-controller-125] DEBUG c.h.p.o.HiveMQPlatformReconciler - [helmcont] Custom Resource Status ROLLING_RESTART - HiveMQ Platform is restarting Pods (rolling restart) (RESTART_PODS_IN_PROGRESS)
2025-01-28 20:46:18,528 INFO c.h.h.t.HelmChartContainer - [hivemq-test-hivemq-platform] [hivemq-platform-operator] [9c8e0590] 20:46:18.527 [ReconcilerExecutor-hivemq-controller-125] DEBUG c.h.p.o.HiveMQPlatformReconciler - [helmcont] Custom Resource Spec (replicas: 1) (extensions: 1)
2025-01-28 20:46:18,581 INFO c.h.h.t.HelmChartContainer - [hivemq-test-hivemq-platform] [hivemq-platform-operator] [9c8e0590] 20:46:18.577 [ReconcilerExecutor-hivemq-controller-125] DEBUG c.h.p.o.HiveMQPlatformReconciler - [helmcont] StatefulSet Status (revision: test-hivemq-platform-85948b8786, replicas: 2, available: 2, ready: 2, current: 1, updated: 1)
2025-01-28 20:46:18,581 INFO c.h.h.t.HelmChartContainer - [hivemq-test-hivemq-platform] [hivemq-platform-operator] [9c8e0590] 20:46:18.577 [ReconcilerExecutor-hivemq-controller-125] DEBUG c.h.p.o.HiveMQPlatformReconciler - [helmcont] StatefulSet Spec (replicas: 2, init containers: 1, containers: 1, volumes: 3)
2025-01-28 20:46:18,581 INFO c.h.h.t.HelmChartContainer - [hivemq-test-hivemq-platform] [hivemq-platform-operator] [9c8e0590] 20:46:18.579 [ReconcilerExecutor-hivemq-controller-125] DEBUG c.h.p.o.h.HiveMQPlatformReconcilerErrorHandler - [helmcont] Pod 'test-hivemq-platform-1' phase Running
2025-01-28 20:46:18,582 INFO c.h.h.t.HelmChartContainer - [hivemq-test-hivemq-platform] [hivemq-platform-operator] [9c8e0590] 20:46:18.581 [ReconcilerExecutor-hivemq-controller-125] DEBUG c.h.p.o.h.HiveMQPlatformReconcilerErrorHandler - [helmcont] Pod 'test-hivemq-platform-0' phase Running
2025-01-28 20:46:18,589 INFO c.h.h.t.HelmChartContainer - [hivemq-test-hivemq-platform] [hivemq-platform-operator] [9c8e0590] 20:46:18.588 [ReconcilerExecutor-hivemq-controller-125] DEBUG c.h.p.o.h.HiveMQPlatformReconcilerRollingRestartHandler - [helmcont] Skipping Pod test-hivemq-platform-1 as it's already on the controller update revision (update revision: test-hivemq-platform-85948b8786, pod revision: test-hivemq-platform-85948b8786)
2025-01-28 20:46:18,681 INFO c.h.h.t.HelmChartContainer - [hivemq-test-hivemq-platform] [hivemq-platform-operator] [9c8e0590] 20:46:18.679 [ReconcilerExecutor-hivemq-controller-125] DEBUG c.h.p.o.h.HiveMQPlatformReconcilerRollingRestartHandler - [helmcont] The last Pod is running for 54 seconds, the next Pod can be restarted
2025-01-28 20:46:18,681 INFO c.h.h.t.HelmChartContainer - [hivemq-test-hivemq-platform] [hivemq-platform-operator] [9c8e0590] 20:46:18.679 [ReconcilerExecutor-hivemq-controller-125] INFO  c.h.p.o.h.HiveMQPlatformReconcilerRollingRestartHandler - [helmcont] Restarting Pod test-hivemq-platform-0 as it's not matching the controller update revision (update revision: test-hivemq-platform-85948b8786, pod revision: test-hivemq-platform-fc778bc4c)
2025-01-28 20:46:18,692 INFO c.h.h.t.HelmChartContainer - [POD] test-hivemq-platform-0 [acf82c85-ec5c-4de1-aba8-4c4667eb30a0] in helmcontainersecuritycontextupgradeplatformit was MODIFIED
2025-01-28 20:46:18,699 INFO c.h.h.t.HelmChartContainer - [EVENT] Normal [Killing] Stopping container hivemq [helmcontainersecuritycontextupgradeplatformit:test-hivemq-platform-0]
2025-01-28 20:46:18,700 INFO c.h.h.t.HelmChartContainer - Received Killing event for container hivemq in pod test-hivemq-platform-0 [acf82c85-ec5c-4de1-aba8-4c4667eb30a0]
2025-01-28 20:46:18,700 INFO c.h.h.t.HelmChartContainer - Container [test-hivemq-platform-0] [hivemq] [acf82c85-ec5c-4de1-aba8-4c4667eb30a0] was terminated
2025-01-28 20:46:18,700 INFO c.h.h.t.HelmChartContainer - Stopped log watcher for hivemq in pod test-hivemq-platform-0 [acf82c85-ec5c-4de1-aba8-4c4667eb30a0]
2025-01-28 20:46:18,713 INFO c.h.h.t.HelmChartContainer - [test-hivemq-platform] [hivemq] [acf82c85] INFO  - [HiveMQ Platform Operator Init App 1.7.0-SNAPSHOT] Shutting down
2025-01-28 20:46:18,713 INFO c.h.h.t.HelmChartContainer - [test-hivemq-platform] [hivemq] [acf82c85] INFO  - [HiveMQ Platform Operator Init App 1.7.0-SNAPSHOT] Stopping the HiveMQ Platform
2025-01-28 20:46:18,785 INFO c.h.h.t.HelmChartContainer - [hivemq-test-hivemq-platform] [hivemq-platform-operator] [9c8e0590] 20:46:18.782 [pool-6-thread-33] DEBUG c.h.p.o.dependants.PodInfoConfigMap - [helmcont] Desired PodInfo ConfigMap (1 extensions) (1 enabled)
2025-01-28 20:46:18,785 INFO c.h.h.t.HelmChartContainer - [hivemq-test-hivemq-platform] [hivemq-platform-operator] [9c8e0590] 20:46:18.782 [pool-6-thread-33] DEBUG c.h.p.o.dependants.PodInfoConfigMap - [helmcont] Desired PodInfo ConfigMap (metrics port: 9399) (metrics path: /)
2025-01-28 20:46:18,785 INFO c.h.h.t.HelmChartContainer - [hivemq-test-hivemq-platform] [hivemq-platform-operator] [9c8e0590] 20:46:18.782 [pool-6-thread-33] DEBUG c.h.p.o.dependants.PodInfoConfigMap - [helmcont] Desired PodInfo ConfigMap (extension state hash: -1817474005)
2025-01-28 20:46:18,791 INFO c.h.h.t.HelmChartContainer - [hivemq-test-hivemq-platform] [hivemq-platform-operator] [9c8e0590] 20:46:18.782 [pool-6-thread-34] DEBUG c.h.p.o.d.PodServiceAccountResource - [helmcont] Desired PodServiceAccountResource (serviceAccountName: hivemq-platform-pod-test-hivemq-platform)
2025-01-28 20:46:18,795 INFO c.h.h.t.HelmChartContainer - [hivemq-test-hivemq-platform] [hivemq-platform-operator] [9c8e0590] 20:46:18.793 [pool-6-thread-35] DEBUG c.h.p.o.d.PlatformServiceResource - [helmcont] Desired Platform services (3 services)
2025-01-28 20:46:18,802 INFO c.h.h.t.HelmChartContainer - [hivemq-test-hivemq-platform] [hivemq-platform-operator] [9c8e0590] 20:46:18.801 [pool-6-thread-35] DEBUG c.h.p.o.d.StatefulSetResource - [helmcont] Desired StatefulSet (2 replicas) for status ROLLING_RESTART (RESTART_PODS_IN_PROGRESS)
2025-01-28 20:46:18,879 INFO c.h.h.t.HelmChartContainer - [hivemq-test-hivemq-platform] [hivemq-platform-operator] [9c8e0590] 20:46:18.877 [ReconcilerExecutor-hivemq-controller-126] INFO  c.h.p.o.HiveMQPlatformReconciler - [helmcont] Reconciling HiveMQ Platform 'test-hivemq-platform' in namespace 'helmcontainersecuritycontextupgradeplatformit'
2025-01-28 20:46:18,880 INFO c.h.h.t.HelmChartContainer - [hivemq-test-hivemq-platform] [hivemq-platform-operator] [9c8e0590] 20:46:18.877 [ReconcilerExecutor-hivemq-controller-126] DEBUG c.h.p.o.HiveMQPlatformReconciler - [helmcont] Custom Resource Status ROLLING_RESTART - HiveMQ Platform is restarting Pods (rolling restart) (RESTART_PODS_IN_PROGRESS)
2025-01-28 20:46:18,880 INFO c.h.h.t.HelmChartContainer - [hivemq-test-hivemq-platform] [hivemq-platform-operator] [9c8e0590] 20:46:18.878 [ReconcilerExecutor-hivemq-controller-126] DEBUG c.h.p.o.HiveMQPlatformReconciler - [helmcont] Custom Resource Spec (replicas: 1) (extensions: 1)
2025-01-28 20:46:18,882 INFO c.h.h.t.HelmChartContainer - [hivemq-test-hivemq-platform] [hivemq-platform-operator] [9c8e0590] 20:46:18.881 [ReconcilerExecutor-hivemq-controller-126] DEBUG c.h.p.o.HiveMQPlatformReconciler - [helmcont] StatefulSet Status (revision: test-hivemq-platform-85948b8786, replicas: 2, available: 2, ready: 2, current: 0, updated: 1)
2025-01-28 20:46:18,886 INFO c.h.h.t.HelmChartContainer - [hivemq-test-hivemq-platform] [hivemq-platform-operator] [9c8e0590] 20:46:18.882 [ReconcilerExecutor-hivemq-controller-126] DEBUG c.h.p.o.HiveMQPlatformReconciler - [helmcont] StatefulSet Spec (replicas: 2, init containers: 1, containers: 1, volumes: 3)
2025-01-28 20:46:18,886 INFO c.h.h.t.HelmChartContainer - [hivemq-test-hivemq-platform] [hivemq-platform-operator] [9c8e0590] 20:46:18.885 [ReconcilerExecutor-hivemq-controller-126] DEBUG c.h.p.o.h.HiveMQPlatformReconcilerErrorHandler - [helmcont] Pod 'test-hivemq-platform-1' phase Running
2025-01-28 20:46:18,890 INFO c.h.h.t.HelmChartContainer - [test-hivemq-platform] [hivemq] [acf82c85] INFO  - Shutting down HiveMQ. Please wait, this could take a while...
2025-01-28 20:46:18,890 INFO c.h.h.t.HelmChartContainer - [hivemq-test-hivemq-platform] [hivemq-platform-operator] [9c8e0590] 20:46:18.888 [ReconcilerExecutor-hivemq-controller-126] DEBUG c.h.p.o.h.HiveMQPlatformReconcilerErrorHandler - [helmcont] Pod 'test-hivemq-platform-0' phase Running
2025-01-28 20:46:18,898 INFO c.h.h.t.HelmChartContainer - [hivemq-test-hivemq-platform] [hivemq-platform-operator] [9c8e0590] 20:46:18.897 [ReconcilerExecutor-hivemq-controller-126] DEBUG c.h.p.o.h.HiveMQPlatformReconcilerRollingRestartHandler - [helmcont] Skipping Pod test-hivemq-platform-1 as it's already on the controller update revision (update revision: test-hivemq-platform-85948b8786, pod revision: test-hivemq-platform-85948b8786)
2025-01-28 20:46:18,922 INFO c.h.h.t.HelmChartContainer - [test-hivemq-platform] [hivemq] [acf82c85] INFO  - Shutting down listeners and clients
2025-01-28 20:46:18,924 INFO c.h.h.t.HelmChartContainer - [test-hivemq-platform] [hivemq] [acf82c85] INFO  - Shutdown of listeners is done
2025-01-28 20:46:18,924 INFO c.h.h.t.HelmChartContainer - [test-hivemq-platform] [hivemq] [acf82c85] INFO  - No clients are connected, proceeding with shutdown
2025-01-28 20:46:19,000 INFO c.h.h.t.HelmChartContainer - [test-hivemq-platform] [hivemq] [acf82c85] INFO  - [HiveMQ Platform Operator Init App 1.7.0-SNAPSHOT] Returning shutdown Health API response 503 for readiness
2025-01-28 20:46:19,005 INFO c.h.h.t.HelmChartContainer - [EVENT] Warning [Unhealthy] Readiness probe failed: HTTP probe failed with statuscode: 503 [helmcontainersecuritycontextupgradeplatformit:test-hivemq-platform-0]
2025-01-28 20:46:19,005 INFO c.h.h.t.HelmChartContainer - Received Unhealthy event for container hivemq in pod test-hivemq-platform-0 [acf82c85-ec5c-4de1-aba8-4c4667eb30a0]
2025-01-28 20:46:19,006 INFO c.h.h.t.HelmChartContainer - [hivemq-test-hivemq-platform] [hivemq-platform-operator] [9c8e0590] 20:46:19.004 [ReconcilerExecutor-hivemq-controller-126] DEBUG c.h.p.o.h.HiveMQPlatformReconcilerRollingRestartHandler - [helmcont] The last Pod is running for 55 seconds, the next Pod can be restarted
2025-01-28 20:46:19,006 INFO c.h.h.t.HelmChartContainer - [hivemq-test-hivemq-platform] [hivemq-platform-operator] [9c8e0590] 20:46:19.005 [ReconcilerExecutor-hivemq-controller-126] INFO  c.h.p.o.h.HiveMQPlatformReconcilerRollingRestartHandler - [helmcont] Restarting Pod test-hivemq-platform-0 as it's not matching the controller update revision (update revision: test-hivemq-platform-85948b8786, pod revision: test-hivemq-platform-fc778bc4c)
2025-01-28 20:46:19,084 INFO c.h.h.t.HelmChartContainer - [hivemq-test-hivemq-platform] [hivemq-platform-operator] [9c8e0590] 20:46:19.080 [pool-6-thread-42] DEBUG c.h.p.o.d.PlatformServiceResource - [helmcont] Desired Platform services (3 services)
2025-01-28 20:46:19,084 INFO c.h.h.t.HelmChartContainer - [hivemq-test-hivemq-platform] [hivemq-platform-operator] [9c8e0590] 20:46:19.080 [pool-6-thread-50] DEBUG c.h.p.o.d.PodServiceAccountResource - [helmcont] Desired PodServiceAccountResource (serviceAccountName: hivemq-platform-pod-test-hivemq-platform)
2025-01-28 20:46:19,085 INFO c.h.h.t.HelmChartContainer - [hivemq-test-hivemq-platform] [hivemq-platform-operator] [9c8e0590] 20:46:19.082 [pool-6-thread-41] DEBUG c.h.p.o.dependants.PodInfoConfigMap - [helmcont] Desired PodInfo ConfigMap (1 extensions) (1 enabled)
2025-01-28 20:46:19,085 INFO c.h.h.t.HelmChartContainer - [hivemq-test-hivemq-platform] [hivemq-platform-operator] [9c8e0590] 20:46:19.082 [pool-6-thread-41] DEBUG c.h.p.o.dependants.PodInfoConfigMap - [helmcont] Desired PodInfo ConfigMap (metrics port: 9399) (metrics path: /)
2025-01-28 20:46:19,085 INFO c.h.h.t.HelmChartContainer - [hivemq-test-hivemq-platform] [hivemq-platform-operator] [9c8e0590] 20:46:19.082 [pool-6-thread-41] DEBUG c.h.p.o.dependants.PodInfoConfigMap - [helmcont] Desired PodInfo ConfigMap (extension state hash: -1817474005)
2025-01-28 20:46:19,087 INFO c.h.h.t.HelmChartContainer - [hivemq-test-hivemq-platform] [hivemq-platform-operator] [9c8e0590] 20:46:19.086 [pool-6-thread-42] DEBUG c.h.p.o.d.StatefulSetResource - [helmcont] Desired StatefulSet (2 replicas) for status ROLLING_RESTART (RESTART_PODS_IN_PROGRESS)
2025-01-28 20:46:19,089 INFO c.h.h.t.HelmChartContainer - [hivemq-test-hivemq-platform] [hivemq-platform-operator] [9c8e0590] 20:46:19.089 [ReconcilerExecutor-hivemq-controller-127] INFO  c.h.p.o.HiveMQPlatformReconciler - [helmcont] Reconciling HiveMQ Platform 'test-hivemq-platform' in namespace 'helmcontainersecuritycontextupgradeplatformit'
2025-01-28 20:46:19,091 INFO c.h.h.t.HelmChartContainer - [hivemq-test-hivemq-platform] [hivemq-platform-operator] [9c8e0590] 20:46:19.089 [ReconcilerExecutor-hivemq-controller-127] DEBUG c.h.p.o.HiveMQPlatformReconciler - [helmcont] Custom Resource Status ROLLING_RESTART - HiveMQ Platform is restarting Pods (rolling restart) (RESTART_PODS_IN_PROGRESS)
2025-01-28 20:46:19,091 INFO c.h.h.t.HelmChartContainer - [hivemq-test-hivemq-platform] [hivemq-platform-operator] [9c8e0590] 20:46:19.089 [ReconcilerExecutor-hivemq-controller-127] DEBUG c.h.p.o.HiveMQPlatformReconciler - [helmcont] Custom Resource Spec (replicas: 1) (extensions: 1)
2025-01-28 20:46:19,091 INFO c.h.h.t.HelmChartContainer - [hivemq-test-hivemq-platform] [hivemq-platform-operator] [9c8e0590] 20:46:19.091 [ReconcilerExecutor-hivemq-controller-127] DEBUG c.h.p.o.HiveMQPlatformReconciler - [helmcont] StatefulSet Status (revision: test-hivemq-platform-85948b8786, replicas: 2, available: 2, ready: 2, current: 0, updated: 1)
2025-01-28 20:46:19,092 INFO c.h.h.t.HelmChartContainer - [hivemq-test-hivemq-platform] [hivemq-platform-operator] [9c8e0590] 20:46:19.091 [ReconcilerExecutor-hivemq-controller-127] DEBUG c.h.p.o.HiveMQPlatformReconciler - [helmcont] StatefulSet Spec (replicas: 2, init containers: 1, containers: 1, volumes: 3)
2025-01-28 20:46:19,093 INFO c.h.h.t.HelmChartContainer - [hivemq-test-hivemq-platform] [hivemq-platform-operator] [9c8e0590] 20:46:19.092 [ReconcilerExecutor-hivemq-controller-127] DEBUG c.h.p.o.h.HiveMQPlatformReconcilerErrorHandler - [helmcont] Pod 'test-hivemq-platform-1' phase Running
2025-01-28 20:46:19,094 INFO c.h.h.t.HelmChartContainer - [hivemq-test-hivemq-platform] [hivemq-platform-operator] [9c8e0590] 20:46:19.094 [ReconcilerExecutor-hivemq-controller-127] DEBUG c.h.p.o.h.HiveMQPlatformReconcilerErrorHandler - [helmcont] Pod 'test-hivemq-platform-0' phase Running
2025-01-28 20:46:19,182 INFO c.h.h.t.HelmChartContainer - [hivemq-test-hivemq-platform] [hivemq-platform-operator] [9c8e0590] 20:46:19.181 [ReconcilerExecutor-hivemq-controller-127] DEBUG c.h.p.o.h.HiveMQPlatformReconcilerRollingRestartHandler - [helmcont] Skipping Pod test-hivemq-platform-1 as it's already on the controller update revision (update revision: test-hivemq-platform-85948b8786, pod revision: test-hivemq-platform-85948b8786)
2025-01-28 20:46:19,194 INFO c.h.h.t.HelmChartContainer - [hivemq-test-hivemq-platform] [hivemq-platform-operator] [9c8e0590] 20:46:19.193 [ReconcilerExecutor-hivemq-controller-127] DEBUG c.h.p.o.h.HiveMQPlatformReconcilerRollingRestartHandler - [helmcont] The last Pod is running for 55 seconds, the next Pod can be restarted
2025-01-28 20:46:19,195 INFO c.h.h.t.HelmChartContainer - [hivemq-test-hivemq-platform] [hivemq-platform-operator] [9c8e0590] 20:46:19.193 [ReconcilerExecutor-hivemq-controller-127] INFO  c.h.p.o.h.HiveMQPlatformReconcilerRollingRestartHandler - [helmcont] Restarting Pod test-hivemq-platform-0 as it's not matching the controller update revision (update revision: test-hivemq-platform-85948b8786, pod revision: test-hivemq-platform-fc778bc4c)
2025-01-28 20:46:22,501 INFO c.h.h.t.HelmChartContainer - [test-hivemq-platform] [hivemq] [acf82c85] INFO  - Shutting down extension system
2025-01-28 20:46:22,503 INFO c.h.h.t.HelmChartContainer - [test-hivemq-platform] [hivemq] [acf82c85] INFO  - Stopping extension with id hivemq-dns-cluster-discovery
2025-01-28 20:46:22,503 INFO c.h.h.t.HelmChartContainer - [test-hivemq-platform] [hivemq] [acf82c85] INFO  - Extension "DNS Cluster Discovery Extension" version 4.3.2 stopped successfully.
2025-01-28 20:46:22,504 INFO c.h.h.t.HelmChartContainer - [test-hivemq-platform] [hivemq] [acf82c85] INFO  - Stopping extension with id hivemq-prometheus-extension
2025-01-28 20:46:22,512 INFO c.h.h.t.HelmChartContainer - [test-hivemq-platform] [hivemq] [acf82c85] INFO  - Extension "Prometheus Monitoring Extension" version 4.0.12 stopped successfully.
2025-01-28 20:46:22,513 INFO c.h.h.t.HelmChartContainer - [test-hivemq-platform] [hivemq] [acf82c85] INFO  - Stopping extension with id hivemq-allow-all-extension
2025-01-28 20:46:22,513 INFO c.h.h.t.HelmChartContainer - [test-hivemq-platform] [hivemq] [acf82c85] INFO  - Extension "Allow All Extension" version 1.1.1 stopped successfully.
2025-01-28 20:46:22,520 INFO c.h.h.t.HelmChartContainer - [test-hivemq-platform] [hivemq] [1666440a] INFO  - Cluster nodes found by discovery: [n2vnQ|2] (1) [n2vnQ].
2025-01-28 20:46:22,530 INFO c.h.h.t.HelmChartContainer - [test-hivemq-platform] [hivemq] [1666440a] INFO  - Cluster size = 1, members : [n2vnQ].
2025-01-28 20:46:24,002 INFO c.h.h.t.HelmChartContainer - [EVENT] Warning [Unhealthy] Readiness probe failed: HTTP probe failed with statuscode: 503 [helmcontainersecuritycontextupgradeplatformit:test-hivemq-platform-0]
2025-01-28 20:46:24,002 INFO c.h.h.t.HelmChartContainer - Received Unhealthy event for container hivemq in pod test-hivemq-platform-0 [acf82c85-ec5c-4de1-aba8-4c4667eb30a0]
2025-01-28 20:46:24,925 INFO c.h.h.t.HelmChartContainer - [test-hivemq-platform] [hivemq] [acf82c85] INFO  - Shutdown completed.
2025-01-28 20:46:25,180 INFO c.h.h.t.HelmChartContainer - [test-hivemq-platform] [hivemq] [1666440a] INFO  - [HiveMQ Platform Operator Init App 1.7.0-SNAPSHOT] Returning Health API response 200 for liveness
2025-01-28 20:46:25,274 INFO c.h.h.t.HelmChartContainer - [test-hivemq-platform] [hivemq] [acf82c85] INFO  - [HiveMQ Platform Operator Init App 1.7.0-SNAPSHOT] The HiveMQ Platform exited with code 143
2025-01-28 20:46:25,274 INFO c.h.h.t.HelmChartContainer - [test-hivemq-platform] [hivemq] [acf82c85] INFO  - [HiveMQ Platform Operator Init App 1.7.0-SNAPSHOT] Stopping the REST API
2025-01-28 20:46:25,281 INFO c.h.h.t.HelmChartContainer - [test-hivemq-platform] [hivemq] [acf82c85] INFO  - [HiveMQ Platform Operator Init App 1.7.0-SNAPSHOT] Shutdown complete
2025-01-28 20:46:25,778 INFO c.h.h.t.HelmChartContainer - [K3S] [scope.go:117] "RemoveContainer" containerID="d8365783495fded8433a4377cf3d60869d6f142c4d319930dc7ba8552d5131c1"
2025-01-28 20:46:25,787 INFO c.h.h.t.HelmChartContainer - [POD] test-hivemq-platform-0 [acf82c85-ec5c-4de1-aba8-4c4667eb30a0] in helmcontainersecuritycontextupgradeplatformit was MODIFIED
2025-01-28 20:46:25,804 INFO c.h.h.t.HelmChartContainer - [hivemq-test-hivemq-platform] [hivemq-platform-operator] [9c8e0590] 20:46:25.795 [pool-6-thread-3] DEBUG c.h.p.o.d.PlatformServiceResource - [helmcont] Desired Platform services (3 services)
2025-01-28 20:46:25,804 INFO c.h.h.t.HelmChartContainer - [hivemq-test-hivemq-platform] [hivemq-platform-operator] [9c8e0590] 20:46:25.795 [pool-6-thread-4] DEBUG c.h.p.o.dependants.PodInfoConfigMap - [helmcont] Desired PodInfo ConfigMap (1 extensions) (1 enabled)
2025-01-28 20:46:25,804 INFO c.h.h.t.HelmChartContainer - [hivemq-test-hivemq-platform] [hivemq-platform-operator] [9c8e0590] 20:46:25.795 [pool-6-thread-4] DEBUG c.h.p.o.dependants.PodInfoConfigMap - [helmcont] Desired PodInfo ConfigMap (metrics port: 9399) (metrics path: /)
2025-01-28 20:46:25,804 INFO c.h.h.t.HelmChartContainer - [hivemq-test-hivemq-platform] [hivemq-platform-operator] [9c8e0590] 20:46:25.795 [pool-6-thread-4] DEBUG c.h.p.o.dependants.PodInfoConfigMap - [helmcont] Desired PodInfo ConfigMap (extension state hash: -1817474005)
2025-01-28 20:46:25,804 INFO c.h.h.t.HelmChartContainer - [hivemq-test-hivemq-platform] [hivemq-platform-operator] [9c8e0590] 20:46:25.797 [pool-6-thread-4] DEBUG c.h.p.o.d.PodServiceAccountResource - [helmcont] Desired PodServiceAccountResource (serviceAccountName: hivemq-platform-pod-test-hivemq-platform)
2025-01-28 20:46:25,807 INFO c.h.h.t.HelmChartContainer - [hivemq-test-hivemq-platform] [hivemq-platform-operator] [9c8e0590] 20:46:25.805 [pool-6-thread-4] DEBUG c.h.p.o.d.StatefulSetResource - [helmcont] Desired StatefulSet (2 replicas) for status ROLLING_RESTART (RESTART_PODS_IN_PROGRESS)
2025-01-28 20:46:25,817 INFO c.h.h.t.HelmChartContainer - [hivemq-test-hivemq-platform] [hivemq-platform-operator] [9c8e0590] 20:46:25.810 [ReconcilerExecutor-hivemq-controller-128] INFO  c.h.p.o.HiveMQPlatformReconciler - [helmcont] Reconciling HiveMQ Platform 'test-hivemq-platform' in namespace 'helmcontainersecuritycontextupgradeplatformit'
2025-01-28 20:46:25,818 INFO c.h.h.t.HelmChartContainer - [hivemq-test-hivemq-platform] [hivemq-platform-operator] [9c8e0590] 20:46:25.810 [ReconcilerExecutor-hivemq-controller-128] DEBUG c.h.p.o.HiveMQPlatformReconciler - [helmcont] Custom Resource Status ROLLING_RESTART - HiveMQ Platform is restarting Pods (rolling restart) (RESTART_PODS_IN_PROGRESS)
2025-01-28 20:46:25,818 INFO c.h.h.t.HelmChartContainer - [hivemq-test-hivemq-platform] [hivemq-platform-operator] [9c8e0590] 20:46:25.810 [ReconcilerExecutor-hivemq-controller-128] DEBUG c.h.p.o.HiveMQPlatformReconciler - [helmcont] Custom Resource Spec (replicas: 1) (extensions: 1)
2025-01-28 20:46:25,818 INFO c.h.h.t.HelmChartContainer - [hivemq-test-hivemq-platform] [hivemq-platform-operator] [9c8e0590] 20:46:25.813 [ReconcilerExecutor-hivemq-controller-128] DEBUG c.h.p.o.HiveMQPlatformReconciler - [helmcont] StatefulSet Status (revision: test-hivemq-platform-85948b8786, replicas: 2, available: 1, ready: 1, current: 0, updated: 1)
2025-01-28 20:46:25,818 INFO c.h.h.t.HelmChartContainer - [hivemq-test-hivemq-platform] [hivemq-platform-operator] [9c8e0590] 20:46:25.813 [ReconcilerExecutor-hivemq-controller-128] DEBUG c.h.p.o.HiveMQPlatformReconciler - [helmcont] StatefulSet Spec (replicas: 2, init containers: 1, containers: 1, volumes: 3)
2025-01-28 20:46:25,818 INFO c.h.h.t.HelmChartContainer - [hivemq-test-hivemq-platform] [hivemq-platform-operator] [9c8e0590] 20:46:25.814 [ReconcilerExecutor-hivemq-controller-128] DEBUG c.h.p.o.h.HiveMQPlatformReconcilerErrorHandler - [helmcont] Pod 'test-hivemq-platform-1' phase Running
2025-01-28 20:46:25,818 INFO c.h.h.t.HelmChartContainer - [hivemq-test-hivemq-platform] [hivemq-platform-operator] [9c8e0590] 20:46:25.815 [ReconcilerExecutor-hivemq-controller-128] DEBUG c.h.p.o.h.HiveMQPlatformReconcilerErrorHandler - [helmcont] Pod 'test-hivemq-platform-0' phase Failed
2025-01-28 20:46:25,818 INFO c.h.h.t.HelmChartContainer - [hivemq-test-hivemq-platform] [hivemq-platform-operator] [9c8e0590] 20:46:25.815 [ReconcilerExecutor-hivemq-controller-128] DEBUG c.h.p.o.h.HiveMQPlatformReconcilerErrorHandler - [helmcont] Pod 'test-hivemq-platform-0' condition 'PodReadyToStartContainers': False
2025-01-28 20:46:25,818 INFO c.h.h.t.HelmChartContainer - [hivemq-test-hivemq-platform] [hivemq-platform-operator] [9c8e0590] 20:46:25.815 [ReconcilerExecutor-hivemq-controller-128] DEBUG c.h.p.o.h.HiveMQPlatformReconcilerErrorHandler - [helmcont] Pod 'test-hivemq-platform-0' condition 'Initialized': True
2025-01-28 20:46:25,820 INFO c.h.h.t.HelmChartContainer - [hivemq-test-hivemq-platform] [hivemq-platform-operator] [9c8e0590] 20:46:25.815 [ReconcilerExecutor-hivemq-controller-128] DEBUG c.h.p.o.h.HiveMQPlatformReconcilerErrorHandler - [helmcont] Pod 'test-hivemq-platform-0' condition 'Ready': False
2025-01-28 20:46:25,820 INFO c.h.h.t.HelmChartContainer - [hivemq-test-hivemq-platform] [hivemq-platform-operator] [9c8e0590] 20:46:25.815 [ReconcilerExecutor-hivemq-controller-128] DEBUG c.h.p.o.h.HiveMQPlatformReconcilerErrorHandler - [helmcont] Pod 'test-hivemq-platform-0' condition 'ContainersReady': False
2025-01-28 20:46:25,820 INFO c.h.h.t.HelmChartContainer - [hivemq-test-hivemq-platform] [hivemq-platform-operator] [9c8e0590] 20:46:25.815 [ReconcilerExecutor-hivemq-controller-128] DEBUG c.h.p.o.h.HiveMQPlatformReconcilerErrorHandler - [helmcont] Pod 'test-hivemq-platform-0' condition 'PodScheduled': True
2025-01-28 20:46:25,820 INFO c.h.h.t.HelmChartContainer - [hivemq-test-hivemq-platform] [hivemq-platform-operator] [9c8e0590] 20:46:25.815 [ReconcilerExecutor-hivemq-controller-128] DEBUG c.h.p.o.h.HiveMQPlatformReconcilerErrorHandler - [helmcont] Pod 'test-hivemq-platform-0' containerStatus 'hivemq' (started: false) (ready: false) (waiting: [Unknown] no message)
2025-01-28 20:46:25,820 INFO c.h.h.t.HelmChartContainer - [hivemq-test-hivemq-platform] [hivemq-platform-operator] [9c8e0590] 20:46:25.816 [ReconcilerExecutor-hivemq-controller-128] DEBUG c.h.p.o.h.HiveMQPlatformReconcilerRollingRestartHandler - [helmcont] Rolling restart is waiting for 1 of 2 replicas
2025-01-28 20:46:25,889 INFO c.h.h.t.HelmChartContainer - [hivemq-test-hivemq-platform] [hivemq-platform-operator] [9c8e0590] 20:46:25.878 [pool-6-thread-17] DEBUG c.h.p.o.d.PodServiceAccountResource - [helmcont] Desired PodServiceAccountResource (serviceAccountName: hivemq-platform-pod-test-hivemq-platform)
2025-01-28 20:46:25,889 INFO c.h.h.t.HelmChartContainer - [hivemq-test-hivemq-platform] [hivemq-platform-operator] [9c8e0590] 20:46:25.881 [pool-6-thread-11] DEBUG c.h.p.o.dependants.PodInfoConfigMap - [helmcont] Desired PodInfo ConfigMap (1 extensions) (1 enabled)
2025-01-28 20:46:25,889 INFO c.h.h.t.HelmChartContainer - [hivemq-test-hivemq-platform] [hivemq-platform-operator] [9c8e0590] 20:46:25.881 [pool-6-thread-11] DEBUG c.h.p.o.dependants.PodInfoConfigMap - [helmcont] Desired PodInfo ConfigMap (metrics port: 9399) (metrics path: /)
2025-01-28 20:46:25,889 INFO c.h.h.t.HelmChartContainer - [hivemq-test-hivemq-platform] [hivemq-platform-operator] [9c8e0590] 20:46:25.881 [pool-6-thread-11] DEBUG c.h.p.o.dependants.PodInfoConfigMap - [helmcont] Desired PodInfo ConfigMap (extension state hash: -1817474005)
2025-01-28 20:46:25,890 INFO c.h.h.t.HelmChartContainer - [hivemq-test-hivemq-platform] [hivemq-platform-operator] [9c8e0590] 20:46:25.883 [pool-6-thread-19] DEBUG c.h.p.o.d.PlatformServiceResource - [helmcont] Desired Platform services (3 services)
2025-01-28 20:46:25,895 INFO c.h.h.t.HelmChartContainer - [hivemq-test-hivemq-platform] [hivemq-platform-operator] [9c8e0590] 20:46:25.891 [pool-6-thread-19] DEBUG c.h.p.o.d.StatefulSetResource - [helmcont] Desired StatefulSet (2 replicas) for status ROLLING_RESTART (RESTART_PODS_IN_PROGRESS)
2025-01-28 20:46:25,898 INFO c.h.h.t.HelmChartContainer - [hivemq-test-hivemq-platform] [hivemq-platform-operator] [9c8e0590] 20:46:25.895 [ReconcilerExecutor-hivemq-controller-129] INFO  c.h.p.o.HiveMQPlatformReconciler - [helmcont] Reconciling HiveMQ Platform 'test-hivemq-platform' in namespace 'helmcontainersecuritycontextupgradeplatformit'
2025-01-28 20:46:25,898 INFO c.h.h.t.HelmChartContainer - [hivemq-test-hivemq-platform] [hivemq-platform-operator] [9c8e0590] 20:46:25.895 [ReconcilerExecutor-hivemq-controller-129] DEBUG c.h.p.o.HiveMQPlatformReconciler - [helmcont] Custom Resource Status ROLLING_RESTART - HiveMQ Platform is restarting Pods (rolling restart) (RESTART_PODS_IN_PROGRESS)
2025-01-28 20:46:25,898 INFO c.h.h.t.HelmChartContainer - [hivemq-test-hivemq-platform] [hivemq-platform-operator] [9c8e0590] 20:46:25.895 [ReconcilerExecutor-hivemq-controller-129] DEBUG c.h.p.o.HiveMQPlatformReconciler - [helmcont] Custom Resource Spec (replicas: 1) (extensions: 1)
2025-01-28 20:46:25,899 INFO c.h.h.t.HelmChartContainer - [hivemq-test-hivemq-platform] [hivemq-platform-operator] [9c8e0590] 20:46:25.898 [ReconcilerExecutor-hivemq-controller-129] DEBUG c.h.p.o.HiveMQPlatformReconciler - [helmcont] StatefulSet Status (revision: test-hivemq-platform-85948b8786, replicas: 2, available: 1, ready: 1, current: 0, updated: 1)
2025-01-28 20:46:25,900 INFO c.h.h.t.HelmChartContainer - [hivemq-test-hivemq-platform] [hivemq-platform-operator] [9c8e0590] 20:46:25.899 [ReconcilerExecutor-hivemq-controller-129] DEBUG c.h.p.o.HiveMQPlatformReconciler - [helmcont] StatefulSet Spec (replicas: 2, init containers: 1, containers: 1, volumes: 3)
2025-01-28 20:46:25,904 INFO c.h.h.t.HelmChartContainer - [hivemq-test-hivemq-platform] [hivemq-platform-operator] [9c8e0590] 20:46:25.902 [ReconcilerExecutor-hivemq-controller-129] DEBUG c.h.p.o.h.HiveMQPlatformReconcilerErrorHandler - [helmcont] Pod 'test-hivemq-platform-1' phase Running
2025-01-28 20:46:25,905 INFO c.h.h.t.HelmChartContainer - [K3S] [reconciler_common.go:162] "operationExecutor.UnmountVolume started for volume \"kube-api-access-cmzv2\" (UniqueName: \"kubernetes.io/projected/acf82c85-ec5c-4de1-aba8-4c4667eb30a0-kube-api-access-cmzv2\") pod \"acf82c85-ec5c-4de1-aba8-4c4667eb30a0\" (UID: \"acf82c85-ec5c-4de1-aba8-4c4667eb30a0\") "
2025-01-28 20:46:25,905 INFO c.h.h.t.HelmChartContainer - [K3S] [reconciler_common.go:162] "operationExecutor.UnmountVolume started for volume \"broker-configuration\" (UniqueName: \"kubernetes.io/configmap/acf82c85-ec5c-4de1-aba8-4c4667eb30a0-broker-configuration\") pod \"acf82c85-ec5c-4de1-aba8-4c4667eb30a0\" (UID: \"acf82c85-ec5c-4de1-aba8-4c4667eb30a0\") "
2025-01-28 20:46:25,905 INFO c.h.h.t.HelmChartContainer - [K3S] [reconciler_common.go:162] "operationExecutor.UnmountVolume started for volume \"operator-init\" (UniqueName: \"kubernetes.io/empty-dir/acf82c85-ec5c-4de1-aba8-4c4667eb30a0-operator-init\") pod \"acf82c85-ec5c-4de1-aba8-4c4667eb30a0\" (UID: \"acf82c85-ec5c-4de1-aba8-4c4667eb30a0\") "
2025-01-28 20:46:25,905 INFO c.h.h.t.HelmChartContainer - [K3S] [reconciler_common.go:162] "operationExecutor.UnmountVolume started for volume \"pod-info\" (UniqueName: \"kubernetes.io/configmap/acf82c85-ec5c-4de1-aba8-4c4667eb30a0-pod-info\") pod \"acf82c85-ec5c-4de1-aba8-4c4667eb30a0\" (UID: \"acf82c85-ec5c-4de1-aba8-4c4667eb30a0\") "
2025-01-28 20:46:25,908 INFO c.h.h.t.HelmChartContainer - [hivemq-test-hivemq-platform] [hivemq-platform-operator] [9c8e0590] 20:46:25.904 [ReconcilerExecutor-hivemq-controller-129] DEBUG c.h.p.o.h.HiveMQPlatformReconcilerErrorHandler - [helmcont] Pod 'test-hivemq-platform-0' phase Failed
2025-01-28 20:46:25,908 INFO c.h.h.t.HelmChartContainer - [hivemq-test-hivemq-platform] [hivemq-platform-operator] [9c8e0590] 20:46:25.904 [ReconcilerExecutor-hivemq-controller-129] DEBUG c.h.p.o.h.HiveMQPlatformReconcilerErrorHandler - [helmcont] Pod 'test-hivemq-platform-0' condition 'PodReadyToStartContainers': False
2025-01-28 20:46:25,908 INFO c.h.h.t.HelmChartContainer - [hivemq-test-hivemq-platform] [hivemq-platform-operator] [9c8e0590] 20:46:25.904 [ReconcilerExecutor-hivemq-controller-129] DEBUG c.h.p.o.h.HiveMQPlatformReconcilerErrorHandler - [helmcont] Pod 'test-hivemq-platform-0' condition 'Initialized': True
2025-01-28 20:46:25,908 INFO c.h.h.t.HelmChartContainer - [hivemq-test-hivemq-platform] [hivemq-platform-operator] [9c8e0590] 20:46:25.904 [ReconcilerExecutor-hivemq-controller-129] DEBUG c.h.p.o.h.HiveMQPlatformReconcilerErrorHandler - [helmcont] Pod 'test-hivemq-platform-0' condition 'Ready': False
2025-01-28 20:46:25,908 INFO c.h.h.t.HelmChartContainer - [hivemq-test-hivemq-platform] [hivemq-platform-operator] [9c8e0590] 20:46:25.904 [ReconcilerExecutor-hivemq-controller-129] DEBUG c.h.p.o.h.HiveMQPlatformReconcilerErrorHandler - [helmcont] Pod 'test-hivemq-platform-0' condition 'ContainersReady': False
2025-01-28 20:46:25,908 INFO c.h.h.t.HelmChartContainer - [hivemq-test-hivemq-platform] [hivemq-platform-operator] [9c8e0590] 20:46:25.904 [ReconcilerExecutor-hivemq-controller-129] DEBUG c.h.p.o.h.HiveMQPlatformReconcilerErrorHandler - [helmcont] Pod 'test-hivemq-platform-0' condition 'PodScheduled': True
2025-01-28 20:46:25,908 INFO c.h.h.t.HelmChartContainer - [hivemq-test-hivemq-platform] [hivemq-platform-operator] [9c8e0590] 20:46:25.904 [ReconcilerExecutor-hivemq-controller-129] DEBUG c.h.p.o.h.HiveMQPlatformReconcilerErrorHandler - [helmcont] Pod 'test-hivemq-platform-0' containerStatus 'hivemq' (started: false) (ready: false) (waiting: [Unknown] no message)
2025-01-28 20:46:25,908 INFO c.h.h.t.HelmChartContainer - [hivemq-test-hivemq-platform] [hivemq-platform-operator] [9c8e0590] 20:46:25.906 [ReconcilerExecutor-hivemq-controller-129] DEBUG c.h.p.o.h.HiveMQPlatformReconcilerRollingRestartHandler - [helmcont] Rolling restart is waiting for 1 of 2 replicas
2025-01-28 20:46:25,945 INFO c.h.h.t.HelmChartContainer - [K3S] [scope.go:117] "RemoveContainer" containerID="e29065b55a8ae704e7ad0664f59418f85e204feed23ce92e88910c9c35f03e5a"
2025-01-28 20:46:25,949 INFO c.h.h.t.HelmChartContainer - [K3S] [scope.go:117] "RemoveContainer" containerID="d8365783495fded8433a4377cf3d60869d6f142c4d319930dc7ba8552d5131c1"
2025-01-28 20:46:25,949 INFO c.h.h.t.HelmChartContainer - [K3S] [scope.go:117] "RemoveContainer" containerID="e29065b55a8ae704e7ad0664f59418f85e204feed23ce92e88910c9c35f03e5a"
2025-01-28 20:46:26,004 INFO c.h.h.t.HelmChartContainer - [K3S] [reconciler_common.go:299] "Volume detached for volume \"pod-info\" (UniqueName: \"kubernetes.io/configmap/acf82c85-ec5c-4de1-aba8-4c4667eb30a0-pod-info\") on node \"a4d7440200d1\" DevicePath \"\""
2025-01-28 20:46:26,004 INFO c.h.h.t.HelmChartContainer - [K3S] [reconciler_common.go:299] "Volume detached for volume \"kube-api-access-cmzv2\" (UniqueName: \"kubernetes.io/projected/acf82c85-ec5c-4de1-aba8-4c4667eb30a0-kube-api-access-cmzv2\") on node \"a4d7440200d1\" DevicePath \"\""
2025-01-28 20:46:26,004 INFO c.h.h.t.HelmChartContainer - [K3S] [reconciler_common.go:299] "Volume detached for volume \"broker-configuration\" (UniqueName: \"kubernetes.io/configmap/acf82c85-ec5c-4de1-aba8-4c4667eb30a0-broker-configuration\") on node \"a4d7440200d1\" DevicePath \"\""
2025-01-28 20:46:26,004 INFO c.h.h.t.HelmChartContainer - [K3S] [reconciler_common.go:299] "Volume detached for volume \"operator-init\" (UniqueName: \"kubernetes.io/empty-dir/acf82c85-ec5c-4de1-aba8-4c4667eb30a0-operator-init\") on node \"a4d7440200d1\" DevicePath \"\""
2025-01-28 20:46:26,092 INFO c.h.h.t.HelmChartContainer - [POD] test-hivemq-platform-0 [acf82c85-ec5c-4de1-aba8-4c4667eb30a0] in helmcontainersecuritycontextupgradeplatformit was MODIFIED
2025-01-28 20:46:26,099 INFO c.h.h.t.HelmChartContainer - [POD] test-hivemq-platform-0 [acf82c85-ec5c-4de1-aba8-4c4667eb30a0] in helmcontainersecuritycontextupgradeplatformit was DELETED
2025-01-28 20:46:26,108 INFO c.h.h.t.HelmChartContainer - [hivemq-test-hivemq-platform] [hivemq-platform-operator] [9c8e0590] 20:46:26.106 [pool-6-thread-28] DEBUG c.h.p.o.d.PlatformServiceResource - [helmcont] Desired Platform services (3 services)
2025-01-28 20:46:26,110 INFO c.h.h.t.HelmChartContainer - [hivemq-test-hivemq-platform] [hivemq-platform-operator] [9c8e0590] 20:46:26.109 [pool-6-thread-22] DEBUG c.h.p.o.d.PodServiceAccountResource - [helmcont] Desired PodServiceAccountResource (serviceAccountName: hivemq-platform-pod-test-hivemq-platform)
2025-01-28 20:46:26,110 INFO c.h.h.t.HelmChartContainer - [hivemq-test-hivemq-platform] [hivemq-platform-operator] [9c8e0590] 20:46:26.109 [pool-6-thread-23] DEBUG c.h.p.o.dependants.PodInfoConfigMap - [helmcont] Desired PodInfo ConfigMap (1 extensions) (1 enabled)
2025-01-28 20:46:26,110 INFO c.h.h.t.HelmChartContainer - [hivemq-test-hivemq-platform] [hivemq-platform-operator] [9c8e0590] 20:46:26.109 [pool-6-thread-23] DEBUG c.h.p.o.dependants.PodInfoConfigMap - [helmcont] Desired PodInfo ConfigMap (metrics port: 9399) (metrics path: /)
2025-01-28 20:46:26,110 INFO c.h.h.t.HelmChartContainer - [hivemq-test-hivemq-platform] [hivemq-platform-operator] [9c8e0590] 20:46:26.109 [pool-6-thread-23] DEBUG c.h.p.o.dependants.PodInfoConfigMap - [helmcont] Desired PodInfo ConfigMap (extension state hash: -1817474005)
2025-01-28 20:46:26,118 INFO c.h.h.t.HelmChartContainer - [hivemq-test-hivemq-platform] [hivemq-platform-operator] [9c8e0590] 20:46:26.117 [pool-6-thread-28] DEBUG c.h.p.o.d.StatefulSetResource - [helmcont] Desired StatefulSet (2 replicas) for status ROLLING_RESTART (RESTART_PODS_IN_PROGRESS)
2025-01-28 20:46:26,118 INFO c.h.h.t.HelmChartContainer - [POD] test-hivemq-platform-0 [a8ffe0c3-2713-4da7-b2bd-e8ce57608fc2] in helmcontainersecuritycontextupgradeplatformit was ADDED
2025-01-28 20:46:26,128 INFO c.h.h.t.HelmChartContainer - [hivemq-test-hivemq-platform] [hivemq-platform-operator] [9c8e0590] 20:46:26.125 [ReconcilerExecutor-hivemq-controller-130] INFO  c.h.p.o.HiveMQPlatformReconciler - [helmcont] Reconciling HiveMQ Platform 'test-hivemq-platform' in namespace 'helmcontainersecuritycontextupgradeplatformit'
2025-01-28 20:46:26,128 INFO c.h.h.t.HelmChartContainer - [hivemq-test-hivemq-platform] [hivemq-platform-operator] [9c8e0590] 20:46:26.126 [ReconcilerExecutor-hivemq-controller-130] DEBUG c.h.p.o.HiveMQPlatformReconciler - [helmcont] Custom Resource Status ROLLING_RESTART - HiveMQ Platform is restarting Pods (rolling restart) (RESTART_PODS_IN_PROGRESS)
2025-01-28 20:46:26,130 INFO c.h.h.t.HelmChartContainer - [hivemq-test-hivemq-platform] [hivemq-platform-operator] [9c8e0590] 20:46:26.126 [ReconcilerExecutor-hivemq-controller-130] DEBUG c.h.p.o.HiveMQPlatformReconciler - [helmcont] Custom Resource Spec (replicas: 1) (extensions: 1)
2025-01-28 20:46:26,130 INFO c.h.h.t.HelmChartContainer - [hivemq-test-hivemq-platform] [hivemq-platform-operator] [9c8e0590] 20:46:26.127 [ReconcilerExecutor-hivemq-controller-130] DEBUG c.h.p.o.HiveMQPlatformReconciler - [helmcont] StatefulSet Status (revision: test-hivemq-platform-85948b8786, replicas: 2, available: 1, ready: 1, current: 0, updated: 1)
2025-01-28 20:46:26,130 INFO c.h.h.t.HelmChartContainer - [hivemq-test-hivemq-platform] [hivemq-platform-operator] [9c8e0590] 20:46:26.127 [ReconcilerExecutor-hivemq-controller-130] DEBUG c.h.p.o.HiveMQPlatformReconciler - [helmcont] StatefulSet Spec (replicas: 2, init containers: 1, containers: 1, volumes: 3)
2025-01-28 20:46:26,133 INFO c.h.h.t.HelmChartContainer - [EVENT] Normal [SuccessfulCreate] create Pod test-hivemq-platform-0 in StatefulSet test-hivemq-platform successful [helmcontainersecuritycontextupgradeplatformit:test-hivemq-platform]
2025-01-28 20:46:26,134 INFO c.h.h.t.HelmChartContainer - [K3S] [memory_manager.go:355] "RemoveStaleState removing state" podUID="acf82c85-ec5c-4de1-aba8-4c4667eb30a0" containerName="hivemq"
2025-01-28 20:46:26,134 INFO c.h.h.t.HelmChartContainer - [POD] test-hivemq-platform-0 [a8ffe0c3-2713-4da7-b2bd-e8ce57608fc2] in helmcontainersecuritycontextupgradeplatformit was MODIFIED
2025-01-28 20:46:26,137 INFO c.h.h.t.HelmChartContainer - [EVENT] Normal [Scheduled] Successfully assigned helmcontainersecuritycontextupgradeplatformit/test-hivemq-platform-0 to a4d7440200d1 [helmcontainersecuritycontextupgradeplatformit:test-hivemq-platform-0]
2025-01-28 20:46:26,147 INFO c.h.h.t.HelmChartContainer - [POD] test-hivemq-platform-0 [a8ffe0c3-2713-4da7-b2bd-e8ce57608fc2] in helmcontainersecuritycontextupgradeplatformit was MODIFIED
2025-01-28 20:46:26,156 INFO c.h.h.t.HelmChartContainer - [K3S] [kubelet_volumes.go:163] "Cleaned up orphaned pod volumes dir" podUID="acf82c85-ec5c-4de1-aba8-4c4667eb30a0" path="/var/lib/kubelet/pods/acf82c85-ec5c-4de1-aba8-4c4667eb30a0/volumes"
2025-01-28 20:46:26,183 INFO c.h.h.t.HelmChartContainer - [hivemq-test-hivemq-platform] [hivemq-platform-operator] [9c8e0590] 20:46:26.179 [ReconcilerExecutor-hivemq-controller-130] DEBUG c.h.p.o.h.HiveMQPlatformReconcilerErrorHandler - [helmcont] Pod 'test-hivemq-platform-1' phase Running
2025-01-28 20:46:26,185 INFO c.h.h.t.HelmChartContainer - [hivemq-test-hivemq-platform] [hivemq-platform-operator] [9c8e0590] 20:46:26.181 [ReconcilerExecutor-hivemq-controller-130] DEBUG c.h.p.o.h.HiveMQPlatformReconcilerErrorHandler - [helmcont] Pod 'test-hivemq-platform-0' phase Pending
2025-01-28 20:46:26,186 INFO c.h.h.t.HelmChartContainer - [hivemq-test-hivemq-platform] [hivemq-platform-operator] [9c8e0590] 20:46:26.181 [ReconcilerExecutor-hivemq-controller-130] DEBUG c.h.p.o.h.HiveMQPlatformReconcilerErrorHandler - [helmcont] Pod 'test-hivemq-platform-0' condition 'PodReadyToStartContainers': False
2025-01-28 20:46:26,186 INFO c.h.h.t.HelmChartContainer - [hivemq-test-hivemq-platform] [hivemq-platform-operator] [9c8e0590] 20:46:26.181 [ReconcilerExecutor-hivemq-controller-130] DEBUG c.h.p.o.h.HiveMQPlatformReconcilerErrorHandler - [helmcont] Pod 'test-hivemq-platform-0' condition 'Initialized': False
2025-01-28 20:46:26,186 INFO c.h.h.t.HelmChartContainer - [hivemq-test-hivemq-platform] [hivemq-platform-operator] [9c8e0590] 20:46:26.181 [ReconcilerExecutor-hivemq-controller-130] DEBUG c.h.p.o.h.HiveMQPlatformReconcilerErrorHandler - [helmcont] Pod 'test-hivemq-platform-0' condition 'Ready': False
2025-01-28 20:46:26,186 INFO c.h.h.t.HelmChartContainer - [hivemq-test-hivemq-platform] [hivemq-platform-operator] [9c8e0590] 20:46:26.181 [ReconcilerExecutor-hivemq-controller-130] DEBUG c.h.p.o.h.HiveMQPlatformReconcilerErrorHandler - [helmcont] Pod 'test-hivemq-platform-0' condition 'ContainersReady': False
2025-01-28 20:46:26,186 INFO c.h.h.t.HelmChartContainer - [hivemq-test-hivemq-platform] [hivemq-platform-operator] [9c8e0590] 20:46:26.181 [ReconcilerExecutor-hivemq-controller-130] DEBUG c.h.p.o.h.HiveMQPlatformReconcilerErrorHandler - [helmcont] Pod 'test-hivemq-platform-0' condition 'PodScheduled': True
2025-01-28 20:46:26,186 INFO c.h.h.t.HelmChartContainer - [hivemq-test-hivemq-platform] [hivemq-platform-operator] [9c8e0590] 20:46:26.181 [ReconcilerExecutor-hivemq-controller-130] DEBUG c.h.p.o.h.HiveMQPlatformReconcilerErrorHandler - [helmcont] Pod 'test-hivemq-platform-0' containerStatus 'hivemq' (started: false) (ready: false) (waiting: [PodInitializing] null)
2025-01-28 20:46:26,186 INFO c.h.h.t.HelmChartContainer - [hivemq-test-hivemq-platform] [hivemq-platform-operator] [9c8e0590] 20:46:26.181 [ReconcilerExecutor-hivemq-controller-130] DEBUG c.h.p.o.h.HiveMQPlatformReconcilerRollingRestartHandler - [helmcont] Rolling restart is waiting for 1 of 2 replicas
2025-01-28 20:46:26,188 INFO c.h.h.t.HelmChartContainer - [hivemq-test-hivemq-platform] [hivemq-platform-operator] [9c8e0590] 20:46:26.188 [pool-6-thread-37] DEBUG c.h.p.o.d.PlatformServiceResource - [helmcont] Desired Platform services (3 services)
2025-01-28 20:46:26,191 INFO c.h.h.t.HelmChartContainer - [hivemq-test-hivemq-platform] [hivemq-platform-operator] [9c8e0590] 20:46:26.189 [pool-6-thread-34] DEBUG c.h.p.o.dependants.PodInfoConfigMap - [helmcont] Desired PodInfo ConfigMap (1 extensions) (1 enabled)
2025-01-28 20:46:26,191 INFO c.h.h.t.HelmChartContainer - [hivemq-test-hivemq-platform] [hivemq-platform-operator] [9c8e0590] 20:46:26.189 [pool-6-thread-34] DEBUG c.h.p.o.dependants.PodInfoConfigMap - [helmcont] Desired PodInfo ConfigMap (metrics port: 9399) (metrics path: /)
2025-01-28 20:46:26,193 INFO c.h.h.t.HelmChartContainer - [hivemq-test-hivemq-platform] [hivemq-platform-operator] [9c8e0590] 20:46:26.189 [pool-6-thread-34] DEBUG c.h.p.o.dependants.PodInfoConfigMap - [helmcont] Desired PodInfo ConfigMap (extension state hash: -1817474005)
2025-01-28 20:46:26,194 INFO c.h.h.t.HelmChartContainer - [hivemq-test-hivemq-platform] [hivemq-platform-operator] [9c8e0590] 20:46:26.190 [pool-6-thread-36] DEBUG c.h.p.o.d.PodServiceAccountResource - [helmcont] Desired PodServiceAccountResource (serviceAccountName: hivemq-platform-pod-test-hivemq-platform)
2025-01-28 20:46:26,196 INFO c.h.h.t.HelmChartContainer - [hivemq-test-hivemq-platform] [hivemq-platform-operator] [9c8e0590] 20:46:26.195 [pool-6-thread-40] DEBUG c.h.p.o.d.StatefulSetResource - [helmcont] Desired StatefulSet (2 replicas) for status ROLLING_RESTART (RESTART_PODS_IN_PROGRESS)
2025-01-28 20:46:26,278 INFO c.h.h.t.HelmChartContainer - [hivemq-test-hivemq-platform] [hivemq-platform-operator] [9c8e0590] 20:46:26.277 [ReconcilerExecutor-hivemq-controller-132] INFO  c.h.p.o.HiveMQPlatformReconciler - [helmcont] Reconciling HiveMQ Platform 'test-hivemq-platform' in namespace 'helmcontainersecuritycontextupgradeplatformit'
2025-01-28 20:46:26,279 INFO c.h.h.t.HelmChartContainer - [hivemq-test-hivemq-platform] [hivemq-platform-operator] [9c8e0590] 20:46:26.277 [ReconcilerExecutor-hivemq-controller-132] DEBUG c.h.p.o.HiveMQPlatformReconciler - [helmcont] Custom Resource Status ROLLING_RESTART - HiveMQ Platform is restarting Pods (rolling restart) (RESTART_PODS_IN_PROGRESS)
2025-01-28 20:46:26,279 INFO c.h.h.t.HelmChartContainer - [hivemq-test-hivemq-platform] [hivemq-platform-operator] [9c8e0590] 20:46:26.277 [ReconcilerExecutor-hivemq-controller-132] DEBUG c.h.p.o.HiveMQPlatformReconciler - [helmcont] Custom Resource Spec (replicas: 1) (extensions: 1)
2025-01-28 20:46:26,279 INFO c.h.h.t.HelmChartContainer - [hivemq-test-hivemq-platform] [hivemq-platform-operator] [9c8e0590] 20:46:26.279 [ReconcilerExecutor-hivemq-controller-132] DEBUG c.h.p.o.HiveMQPlatformReconciler - [helmcont] StatefulSet Status (revision: test-hivemq-platform-85948b8786, replicas: 2, available: 1, ready: 1, current: 0, updated: 2)
2025-01-28 20:46:26,280 INFO c.h.h.t.HelmChartContainer - [hivemq-test-hivemq-platform] [hivemq-platform-operator] [9c8e0590] 20:46:26.279 [ReconcilerExecutor-hivemq-controller-132] DEBUG c.h.p.o.HiveMQPlatformReconciler - [helmcont] StatefulSet Spec (replicas: 2, init containers: 1, containers: 1, volumes: 3)
2025-01-28 20:46:26,282 INFO c.h.h.t.HelmChartContainer - [hivemq-test-hivemq-platform] [hivemq-platform-operator] [9c8e0590] 20:46:26.280 [ReconcilerExecutor-hivemq-controller-132] DEBUG c.h.p.o.h.HiveMQPlatformReconcilerErrorHandler - [helmcont] Pod 'test-hivemq-platform-1' phase Running
2025-01-28 20:46:26,282 INFO c.h.h.t.HelmChartContainer - [hivemq-test-hivemq-platform] [hivemq-platform-operator] [9c8e0590] 20:46:26.281 [ReconcilerExecutor-hivemq-controller-132] DEBUG c.h.p.o.h.HiveMQPlatformReconcilerErrorHandler - [helmcont] Pod 'test-hivemq-platform-0' phase Pending
2025-01-28 20:46:26,282 INFO c.h.h.t.HelmChartContainer - [hivemq-test-hivemq-platform] [hivemq-platform-operator] [9c8e0590] 20:46:26.281 [ReconcilerExecutor-hivemq-controller-132] DEBUG c.h.p.o.h.HiveMQPlatformReconcilerErrorHandler - [helmcont] Pod 'test-hivemq-platform-0' condition 'PodReadyToStartContainers': False
2025-01-28 20:46:26,282 INFO c.h.h.t.HelmChartContainer - [hivemq-test-hivemq-platform] [hivemq-platform-operator] [9c8e0590] 20:46:26.281 [ReconcilerExecutor-hivemq-controller-132] DEBUG c.h.p.o.h.HiveMQPlatformReconcilerErrorHandler - [helmcont] Pod 'test-hivemq-platform-0' condition 'Initialized': False
2025-01-28 20:46:26,282 INFO c.h.h.t.HelmChartContainer - [hivemq-test-hivemq-platform] [hivemq-platform-operator] [9c8e0590] 20:46:26.281 [ReconcilerExecutor-hivemq-controller-132] DEBUG c.h.p.o.h.HiveMQPlatformReconcilerErrorHandler - [helmcont] Pod 'test-hivemq-platform-0' condition 'Ready': False
2025-01-28 20:46:26,282 INFO c.h.h.t.HelmChartContainer - [hivemq-test-hivemq-platform] [hivemq-platform-operator] [9c8e0590] 20:46:26.281 [ReconcilerExecutor-hivemq-controller-132] DEBUG c.h.p.o.h.HiveMQPlatformReconcilerErrorHandler - [helmcont] Pod 'test-hivemq-platform-0' condition 'ContainersReady': False
2025-01-28 20:46:26,282 INFO c.h.h.t.HelmChartContainer - [hivemq-test-hivemq-platform] [hivemq-platform-operator] [9c8e0590] 20:46:26.281 [ReconcilerExecutor-hivemq-controller-132] DEBUG c.h.p.o.h.HiveMQPlatformReconcilerErrorHandler - [helmcont] Pod 'test-hivemq-platform-0' condition 'PodScheduled': True
2025-01-28 20:46:26,282 INFO c.h.h.t.HelmChartContainer - [hivemq-test-hivemq-platform] [hivemq-platform-operator] [9c8e0590] 20:46:26.281 [ReconcilerExecutor-hivemq-controller-132] DEBUG c.h.p.o.h.HiveMQPlatformReconcilerErrorHandler - [helmcont] Pod 'test-hivemq-platform-0' containerStatus 'hivemq' (started: false) (ready: false) (waiting: [PodInitializing] null)
2025-01-28 20:46:26,283 INFO c.h.h.t.HelmChartContainer - [hivemq-test-hivemq-platform] [hivemq-platform-operator] [9c8e0590] 20:46:26.281 [ReconcilerExecutor-hivemq-controller-132] DEBUG c.h.p.o.h.HiveMQPlatformReconcilerRollingRestartHandler - [helmcont] Rolling restart is waiting for 1 of 2 replicas
2025-01-28 20:46:26,288 INFO c.h.h.t.HelmChartContainer - [hivemq-test-hivemq-platform] [hivemq-platform-operator] [9c8e0590] 20:46:26.285 [pool-6-thread-43] DEBUG c.h.p.o.d.PlatformServiceResource - [helmcont] Desired Platform services (3 services)
2025-01-28 20:46:26,288 INFO c.h.h.t.HelmChartContainer - [hivemq-test-hivemq-platform] [hivemq-platform-operator] [9c8e0590] 20:46:26.286 [pool-6-thread-50] DEBUG c.h.p.o.d.PodServiceAccountResource - [helmcont] Desired PodServiceAccountResource (serviceAccountName: hivemq-platform-pod-test-hivemq-platform)
2025-01-28 20:46:26,290 INFO c.h.h.t.HelmChartContainer - [hivemq-test-hivemq-platform] [hivemq-platform-operator] [9c8e0590] 20:46:26.286 [pool-6-thread-46] DEBUG c.h.p.o.dependants.PodInfoConfigMap - [helmcont] Desired PodInfo ConfigMap (1 extensions) (1 enabled)
2025-01-28 20:46:26,290 INFO c.h.h.t.HelmChartContainer - [hivemq-test-hivemq-platform] [hivemq-platform-operator] [9c8e0590] 20:46:26.288 [pool-6-thread-46] DEBUG c.h.p.o.dependants.PodInfoConfigMap - [helmcont] Desired PodInfo ConfigMap (metrics port: 9399) (metrics path: /)
2025-01-28 20:46:26,290 INFO c.h.h.t.HelmChartContainer - [hivemq-test-hivemq-platform] [hivemq-platform-operator] [9c8e0590] 20:46:26.288 [pool-6-thread-46] DEBUG c.h.p.o.dependants.PodInfoConfigMap - [helmcont] Desired PodInfo ConfigMap (extension state hash: -1817474005)
2025-01-28 20:46:26,290 INFO c.h.h.t.HelmChartContainer - [hivemq-test-hivemq-platform] [hivemq-platform-operator] [9c8e0590] 20:46:26.289 [pool-6-thread-46] DEBUG c.h.p.o.d.StatefulSetResource - [helmcont] Desired StatefulSet (2 replicas) for status ROLLING_RESTART (RESTART_PODS_IN_PROGRESS)
2025-01-28 20:46:26,293 INFO c.h.h.t.HelmChartContainer - [hivemq-test-hivemq-platform] [hivemq-platform-operator] [9c8e0590] 20:46:26.292 [ReconcilerExecutor-hivemq-controller-133] INFO  c.h.p.o.HiveMQPlatformReconciler - [helmcont] Reconciling HiveMQ Platform 'test-hivemq-platform' in namespace 'helmcontainersecuritycontextupgradeplatformit'
2025-01-28 20:46:26,293 INFO c.h.h.t.HelmChartContainer - [hivemq-test-hivemq-platform] [hivemq-platform-operator] [9c8e0590] 20:46:26.292 [ReconcilerExecutor-hivemq-controller-133] DEBUG c.h.p.o.HiveMQPlatformReconciler - [helmcont] Custom Resource Status ROLLING_RESTART - HiveMQ Platform is restarting Pods (rolling restart) (RESTART_PODS_IN_PROGRESS)
2025-01-28 20:46:26,293 INFO c.h.h.t.HelmChartContainer - [hivemq-test-hivemq-platform] [hivemq-platform-operator] [9c8e0590] 20:46:26.292 [ReconcilerExecutor-hivemq-controller-133] DEBUG c.h.p.o.HiveMQPlatformReconciler - [helmcont] Custom Resource Spec (replicas: 1) (extensions: 1)
2025-01-28 20:46:26,294 INFO c.h.h.t.HelmChartContainer - [hivemq-test-hivemq-platform] [hivemq-platform-operator] [9c8e0590] 20:46:26.293 [ReconcilerExecutor-hivemq-controller-133] DEBUG c.h.p.o.HiveMQPlatformReconciler - [helmcont] StatefulSet Status (revision: test-hivemq-platform-85948b8786, replicas: 2, available: 1, ready: 1, current: 0, updated: 2)
2025-01-28 20:46:26,294 INFO c.h.h.t.HelmChartContainer - [hivemq-test-hivemq-platform] [hivemq-platform-operator] [9c8e0590] 20:46:26.293 [ReconcilerExecutor-hivemq-controller-133] DEBUG c.h.p.o.HiveMQPlatformReconciler - [helmcont] StatefulSet Spec (replicas: 2, init containers: 1, containers: 1, volumes: 3)
2025-01-28 20:46:26,295 INFO c.h.h.t.HelmChartContainer - [hivemq-test-hivemq-platform] [hivemq-platform-operator] [9c8e0590] 20:46:26.294 [ReconcilerExecutor-hivemq-controller-133] DEBUG c.h.p.o.h.HiveMQPlatformReconcilerErrorHandler - [helmcont] Pod 'test-hivemq-platform-1' phase Running
2025-01-28 20:46:26,296 INFO c.h.h.t.HelmChartContainer - [hivemq-test-hivemq-platform] [hivemq-platform-operator] [9c8e0590] 20:46:26.295 [ReconcilerExecutor-hivemq-controller-133] DEBUG c.h.p.o.h.HiveMQPlatformReconcilerErrorHandler - [helmcont] Pod 'test-hivemq-platform-0' phase Pending
2025-01-28 20:46:26,296 INFO c.h.h.t.HelmChartContainer - [hivemq-test-hivemq-platform] [hivemq-platform-operator] [9c8e0590] 20:46:26.295 [ReconcilerExecutor-hivemq-controller-133] DEBUG c.h.p.o.h.HiveMQPlatformReconcilerErrorHandler - [helmcont] Pod 'test-hivemq-platform-0' condition 'PodReadyToStartContainers': False
2025-01-28 20:46:26,296 INFO c.h.h.t.HelmChartContainer - [hivemq-test-hivemq-platform] [hivemq-platform-operator] [9c8e0590] 20:46:26.295 [ReconcilerExecutor-hivemq-controller-133] DEBUG c.h.p.o.h.HiveMQPlatformReconcilerErrorHandler - [helmcont] Pod 'test-hivemq-platform-0' condition 'Initialized': False
2025-01-28 20:46:26,296 INFO c.h.h.t.HelmChartContainer - [hivemq-test-hivemq-platform] [hivemq-platform-operator] [9c8e0590] 20:46:26.295 [ReconcilerExecutor-hivemq-controller-133] DEBUG c.h.p.o.h.HiveMQPlatformReconcilerErrorHandler - [helmcont] Pod 'test-hivemq-platform-0' condition 'Ready': False
2025-01-28 20:46:26,296 INFO c.h.h.t.HelmChartContainer - [hivemq-test-hivemq-platform] [hivemq-platform-operator] [9c8e0590] 20:46:26.295 [ReconcilerExecutor-hivemq-controller-133] DEBUG c.h.p.o.h.HiveMQPlatformReconcilerErrorHandler - [helmcont] Pod 'test-hivemq-platform-0' condition 'ContainersReady': False
2025-01-28 20:46:26,296 INFO c.h.h.t.HelmChartContainer - [hivemq-test-hivemq-platform] [hivemq-platform-operator] [9c8e0590] 20:46:26.295 [ReconcilerExecutor-hivemq-controller-133] DEBUG c.h.p.o.h.HiveMQPlatformReconcilerErrorHandler - [helmcont] Pod 'test-hivemq-platform-0' condition 'PodScheduled': True
2025-01-28 20:46:26,296 INFO c.h.h.t.HelmChartContainer - [hivemq-test-hivemq-platform] [hivemq-platform-operator] [9c8e0590] 20:46:26.295 [ReconcilerExecutor-hivemq-controller-133] DEBUG c.h.p.o.h.HiveMQPlatformReconcilerErrorHandler - [helmcont] Pod 'test-hivemq-platform-0' containerStatus 'hivemq' (started: false) (ready: false) (waiting: [PodInitializing] null)
2025-01-28 20:46:26,297 INFO c.h.h.t.HelmChartContainer - [hivemq-test-hivemq-platform] [hivemq-platform-operator] [9c8e0590] 20:46:26.296 [ReconcilerExecutor-hivemq-controller-133] DEBUG c.h.p.o.h.HiveMQPlatformReconcilerRollingRestartHandler - [helmcont] Rolling restart is waiting for 1 of 2 replicas
2025-01-28 20:46:26,306 INFO c.h.h.t.HelmChartContainer - [K3S] [reconciler_common.go:251] "operationExecutor.VerifyControllerAttachedVolume started for volume \"broker-configuration\" (UniqueName: \"kubernetes.io/configmap/a8ffe0c3-2713-4da7-b2bd-e8ce57608fc2-broker-configuration\") pod \"test-hivemq-platform-0\" (UID: \"a8ffe0c3-2713-4da7-b2bd-e8ce57608fc2\") " pod="helmcontainersecuritycontextupgradeplatformit/test-hivemq-platform-0"
2025-01-28 20:46:26,306 INFO c.h.h.t.HelmChartContainer - [K3S] [reconciler_common.go:251] "operationExecutor.VerifyControllerAttachedVolume started for volume \"pod-info\" (UniqueName: \"kubernetes.io/configmap/a8ffe0c3-2713-4da7-b2bd-e8ce57608fc2-pod-info\") pod \"test-hivemq-platform-0\" (UID: \"a8ffe0c3-2713-4da7-b2bd-e8ce57608fc2\") " pod="helmcontainersecuritycontextupgradeplatformit/test-hivemq-platform-0"
2025-01-28 20:46:26,306 INFO c.h.h.t.HelmChartContainer - [K3S] [reconciler_common.go:251] "operationExecutor.VerifyControllerAttachedVolume started for volume \"operator-init\" (UniqueName: \"kubernetes.io/empty-dir/a8ffe0c3-2713-4da7-b2bd-e8ce57608fc2-operator-init\") pod \"test-hivemq-platform-0\" (UID: \"a8ffe0c3-2713-4da7-b2bd-e8ce57608fc2\") " pod="helmcontainersecuritycontextupgradeplatformit/test-hivemq-platform-0"
2025-01-28 20:46:26,306 INFO c.h.h.t.HelmChartContainer - [K3S] [reconciler_common.go:251] "operationExecutor.VerifyControllerAttachedVolume started for volume \"kube-api-access-f764f\" (UniqueName: \"kubernetes.io/projected/a8ffe0c3-2713-4da7-b2bd-e8ce57608fc2-kube-api-access-f764f\") pod \"test-hivemq-platform-0\" (UID: \"a8ffe0c3-2713-4da7-b2bd-e8ce57608fc2\") " pod="helmcontainersecuritycontextupgradeplatformit/test-hivemq-platform-0"
2025-01-28 20:46:26,542 INFO c.h.h.t.HelmChartContainer - [EVENT] Normal [Pulled] Container image "docker.io/hivemq/hivemq-platform-operator-init-test:snapshot" already present on machine [helmcontainersecuritycontextupgradeplatformit:test-hivemq-platform-0]
2025-01-28 20:46:26,548 INFO c.h.h.t.HelmChartContainer - [EVENT] Normal [Created] Created container: hivemq-platform-operator-init [helmcontainersecuritycontextupgradeplatformit:test-hivemq-platform-0]
2025-01-28 20:46:26,591 INFO c.h.h.t.HelmChartContainer - [EVENT] Normal [Started] Started container hivemq-platform-operator-init [helmcontainersecuritycontextupgradeplatformit:test-hivemq-platform-0]
2025-01-28 20:46:26,791 INFO c.h.h.t.HelmChartContainer - [EVENT] Normal [Pulled] Container image "docker.io/hivemq/hivemq4:4.36.0" already present on machine [helmcontainersecuritycontextupgradeplatformit:test-hivemq-platform-0]
2025-01-28 20:46:26,791 INFO c.h.h.t.HelmChartContainer - Received Pulled event for container hivemq in pod test-hivemq-platform-0 [a8ffe0c3-2713-4da7-b2bd-e8ce57608fc2]
2025-01-28 20:46:26,811 INFO c.h.h.t.HelmChartContainer - [POD] test-hivemq-platform-0 [a8ffe0c3-2713-4da7-b2bd-e8ce57608fc2] in helmcontainersecuritycontextupgradeplatformit was MODIFIED
2025-01-28 20:46:26,829 INFO c.h.h.t.HelmChartContainer - [EVENT] Normal [Created] Created container: hivemq [helmcontainersecuritycontextupgradeplatformit:test-hivemq-platform-0]
2025-01-28 20:46:26,830 INFO c.h.h.t.HelmChartContainer - Received Created event for container hivemq in pod test-hivemq-platform-0 [a8ffe0c3-2713-4da7-b2bd-e8ce57608fc2]
2025-01-28 20:46:26,854 INFO c.h.h.t.HelmChartContainer - [hivemq-test-hivemq-platform] [hivemq-platform-operator] [9c8e0590] 20:46:26.823 [pool-6-thread-5] DEBUG c.h.p.o.d.PlatformServiceResource - [helmcont] Desired Platform services (3 services)
2025-01-28 20:46:26,855 INFO c.h.h.t.HelmChartContainer - [hivemq-test-hivemq-platform] [hivemq-platform-operator] [9c8e0590] 20:46:26.832 [pool-6-thread-6] DEBUG c.h.p.o.d.PodServiceAccountResource - [helmcont] Desired PodServiceAccountResource (serviceAccountName: hivemq-platform-pod-test-hivemq-platform)
2025-01-28 20:46:26,855 INFO c.h.h.t.HelmChartContainer - [hivemq-test-hivemq-platform] [hivemq-platform-operator] [9c8e0590] 20:46:26.838 [pool-6-thread-5] DEBUG c.h.p.o.dependants.PodInfoConfigMap - [helmcont] Desired PodInfo ConfigMap (1 extensions) (1 enabled)
2025-01-28 20:46:26,856 INFO c.h.h.t.HelmChartContainer - [hivemq-test-hivemq-platform] [hivemq-platform-operator] [9c8e0590] 20:46:26.838 [pool-6-thread-5] DEBUG c.h.p.o.dependants.PodInfoConfigMap - [helmcont] Desired PodInfo ConfigMap (metrics port: 9399) (metrics path: /)
2025-01-28 20:46:26,856 INFO c.h.h.t.HelmChartContainer - [hivemq-test-hivemq-platform] [hivemq-platform-operator] [9c8e0590] 20:46:26.838 [pool-6-thread-5] DEBUG c.h.p.o.dependants.PodInfoConfigMap - [helmcont] Desired PodInfo ConfigMap (extension state hash: -1817474005)
2025-01-28 20:46:26,857 INFO c.h.h.t.HelmChartContainer - [hivemq-test-hivemq-platform] [hivemq-platform-operator] [9c8e0590] 20:46:26.842 [pool-6-thread-5] DEBUG c.h.p.o.d.StatefulSetResource - [helmcont] Desired StatefulSet (2 replicas) for status ROLLING_RESTART (RESTART_PODS_IN_PROGRESS)
2025-01-28 20:46:26,882 INFO c.h.h.t.HelmChartContainer - [hivemq-test-hivemq-platform] [hivemq-platform-operator] [9c8e0590] 20:46:26.878 [ReconcilerExecutor-hivemq-controller-134] INFO  c.h.p.o.HiveMQPlatformReconciler - [helmcont] Reconciling HiveMQ Platform 'test-hivemq-platform' in namespace 'helmcontainersecuritycontextupgradeplatformit'
2025-01-28 20:46:26,882 INFO c.h.h.t.HelmChartContainer - [hivemq-test-hivemq-platform] [hivemq-platform-operator] [9c8e0590] 20:46:26.878 [ReconcilerExecutor-hivemq-controller-134] DEBUG c.h.p.o.HiveMQPlatformReconciler - [helmcont] Custom Resource Status ROLLING_RESTART - HiveMQ Platform is restarting Pods (rolling restart) (RESTART_PODS_IN_PROGRESS)
2025-01-28 20:46:26,882 INFO c.h.h.t.HelmChartContainer - [hivemq-test-hivemq-platform] [hivemq-platform-operator] [9c8e0590] 20:46:26.878 [ReconcilerExecutor-hivemq-controller-134] DEBUG c.h.p.o.HiveMQPlatformReconciler - [helmcont] Custom Resource Spec (replicas: 1) (extensions: 1)
2025-01-28 20:46:26,884 INFO c.h.h.t.HelmChartContainer - [hivemq-test-hivemq-platform] [hivemq-platform-operator] [9c8e0590] 20:46:26.880 [ReconcilerExecutor-hivemq-controller-134] DEBUG c.h.p.o.HiveMQPlatformReconciler - [helmcont] StatefulSet Status (revision: test-hivemq-platform-85948b8786, replicas: 2, available: 1, ready: 1, current: 0, updated: 2)
2025-01-28 20:46:26,884 INFO c.h.h.t.HelmChartContainer - [hivemq-test-hivemq-platform] [hivemq-platform-operator] [9c8e0590] 20:46:26.880 [ReconcilerExecutor-hivemq-controller-134] DEBUG c.h.p.o.HiveMQPlatformReconciler - [helmcont] StatefulSet Spec (replicas: 2, init containers: 1, containers: 1, volumes: 3)
2025-01-28 20:46:26,890 INFO c.h.h.t.HelmChartContainer - [hivemq-test-hivemq-platform] [hivemq-platform-operator] [9c8e0590] 20:46:26.886 [ReconcilerExecutor-hivemq-controller-134] DEBUG c.h.p.o.h.HiveMQPlatformReconcilerErrorHandler - [helmcont] Pod 'test-hivemq-platform-1' phase Running
2025-01-28 20:46:26,908 INFO c.h.h.t.HelmChartContainer - [hivemq-test-hivemq-platform] [hivemq-platform-operator] [9c8e0590] 20:46:26.892 [ReconcilerExecutor-hivemq-controller-134] DEBUG c.h.p.o.h.HiveMQPlatformReconcilerErrorHandler - [helmcont] Pod 'test-hivemq-platform-0' phase Pending
2025-01-28 20:46:26,908 INFO c.h.h.t.HelmChartContainer - [hivemq-test-hivemq-platform] [hivemq-platform-operator] [9c8e0590] 20:46:26.893 [ReconcilerExecutor-hivemq-controller-134] DEBUG c.h.p.o.h.HiveMQPlatformReconcilerErrorHandler - [helmcont] Pod 'test-hivemq-platform-0' condition 'PodReadyToStartContainers': True
2025-01-28 20:46:26,908 INFO c.h.h.t.HelmChartContainer - [hivemq-test-hivemq-platform] [hivemq-platform-operator] [9c8e0590] 20:46:26.893 [ReconcilerExecutor-hivemq-controller-134] DEBUG c.h.p.o.h.HiveMQPlatformReconcilerErrorHandler - [helmcont] Pod 'test-hivemq-platform-0' condition 'Initialized': True
2025-01-28 20:46:26,908 INFO c.h.h.t.HelmChartContainer - [hivemq-test-hivemq-platform] [hivemq-platform-operator] [9c8e0590] 20:46:26.893 [ReconcilerExecutor-hivemq-controller-134] DEBUG c.h.p.o.h.HiveMQPlatformReconcilerErrorHandler - [helmcont] Pod 'test-hivemq-platform-0' condition 'Ready': False
2025-01-28 20:46:26,908 INFO c.h.h.t.HelmChartContainer - [hivemq-test-hivemq-platform] [hivemq-platform-operator] [9c8e0590] 20:46:26.893 [ReconcilerExecutor-hivemq-controller-134] DEBUG c.h.p.o.h.HiveMQPlatformReconcilerErrorHandler - [helmcont] Pod 'test-hivemq-platform-0' condition 'ContainersReady': False
2025-01-28 20:46:26,908 INFO c.h.h.t.HelmChartContainer - [hivemq-test-hivemq-platform] [hivemq-platform-operator] [9c8e0590] 20:46:26.893 [ReconcilerExecutor-hivemq-controller-134] DEBUG c.h.p.o.h.HiveMQPlatformReconcilerErrorHandler - [helmcont] Pod 'test-hivemq-platform-0' condition 'PodScheduled': True
2025-01-28 20:46:26,908 INFO c.h.h.t.HelmChartContainer - [hivemq-test-hivemq-platform] [hivemq-platform-operator] [9c8e0590] 20:46:26.893 [ReconcilerExecutor-hivemq-controller-134] DEBUG c.h.p.o.h.HiveMQPlatformReconcilerErrorHandler - [helmcont] Pod 'test-hivemq-platform-0' containerStatus 'hivemq' (started: false) (ready: false) (waiting: [PodInitializing] null)
2025-01-28 20:46:26,908 INFO c.h.h.t.HelmChartContainer - [hivemq-test-hivemq-platform] [hivemq-platform-operator] [9c8e0590] 20:46:26.893 [ReconcilerExecutor-hivemq-controller-134] DEBUG c.h.p.o.h.HiveMQPlatformReconcilerRollingRestartHandler - [helmcont] Rolling restart is waiting for 1 of 2 replicas
2025-01-28 20:46:27,802 INFO c.h.h.t.HelmChartContainer - [POD] test-hivemq-platform-0 [a8ffe0c3-2713-4da7-b2bd-e8ce57608fc2] in helmcontainersecuritycontextupgradeplatformit was MODIFIED
2025-01-28 20:46:27,807 INFO c.h.h.t.HelmChartContainer - [hivemq-test-hivemq-platform] [hivemq-platform-operator] [9c8e0590] 20:46:27.805 [pool-6-thread-16] DEBUG c.h.p.o.d.PlatformServiceResource - [helmcont] Desired Platform services (3 services)
2025-01-28 20:46:27,810 INFO c.h.h.t.HelmChartContainer - [hivemq-test-hivemq-platform] [hivemq-platform-operator] [9c8e0590] 20:46:27.808 [pool-6-thread-20] DEBUG c.h.p.o.dependants.PodInfoConfigMap - [helmcont] Desired PodInfo ConfigMap (1 extensions) (1 enabled)
2025-01-28 20:46:27,811 INFO c.h.h.t.HelmChartContainer - [hivemq-test-hivemq-platform] [hivemq-platform-operator] [9c8e0590] 20:46:27.808 [pool-6-thread-20] DEBUG c.h.p.o.dependants.PodInfoConfigMap - [helmcont] Desired PodInfo ConfigMap (metrics port: 9399) (metrics path: /)
2025-01-28 20:46:27,811 INFO c.h.h.t.HelmChartContainer - [hivemq-test-hivemq-platform] [hivemq-platform-operator] [9c8e0590] 20:46:27.808 [pool-6-thread-20] DEBUG c.h.p.o.dependants.PodInfoConfigMap - [helmcont] Desired PodInfo ConfigMap (extension state hash: -1817474005)
2025-01-28 20:46:27,812 INFO c.h.h.t.HelmChartContainer - [hivemq-test-hivemq-platform] [hivemq-platform-operator] [9c8e0590] 20:46:27.811 [pool-6-thread-20] DEBUG c.h.p.o.d.PodServiceAccountResource - [helmcont] Desired PodServiceAccountResource (serviceAccountName: hivemq-platform-pod-test-hivemq-platform)
2025-01-28 20:46:27,814 INFO c.h.h.t.HelmChartContainer - [EVENT] Normal [Started] Started container hivemq [helmcontainersecuritycontextupgradeplatformit:test-hivemq-platform-0]
2025-01-28 20:46:27,815 INFO c.h.h.t.HelmChartContainer - Received Started event for container hivemq in pod test-hivemq-platform-0 [a8ffe0c3-2713-4da7-b2bd-e8ce57608fc2]
2025-01-28 20:46:27,815 INFO c.h.h.t.HelmChartContainer - Started log watcher for hivemq in pod test-hivemq-platform-0 [a8ffe0c3-2713-4da7-b2bd-e8ce57608fc2]
2025-01-28 20:46:27,815 INFO c.h.h.t.HelmChartContainer - [test-hivemq-platform] [hivemq] [a8ffe0c3] Adding pre-installed HiveMQ Platform Operator extensions
2025-01-28 20:46:27,815 INFO c.h.h.t.HelmChartContainer - [test-hivemq-platform] [hivemq] [a8ffe0c3] Running as user 10000
2025-01-28 20:46:27,815 INFO c.h.h.t.HelmChartContainer - [test-hivemq-platform] [hivemq] [a8ffe0c3] Starting HiveMQ Platform Operator Init
2025-01-28 20:46:27,819 INFO c.h.h.t.HelmChartContainer - [hivemq-test-hivemq-platform] [hivemq-platform-operator] [9c8e0590] 20:46:27.816 [pool-6-thread-16] DEBUG c.h.p.o.d.StatefulSetResource - [helmcont] Desired StatefulSet (2 replicas) for status ROLLING_RESTART (RESTART_PODS_IN_PROGRESS)
2025-01-28 20:46:27,822 INFO c.h.h.t.HelmChartContainer - [hivemq-test-hivemq-platform] [hivemq-platform-operator] [9c8e0590] 20:46:27.820 [ReconcilerExecutor-hivemq-controller-135] INFO  c.h.p.o.HiveMQPlatformReconciler - [helmcont] Reconciling HiveMQ Platform 'test-hivemq-platform' in namespace 'helmcontainersecuritycontextupgradeplatformit'
2025-01-28 20:46:27,822 INFO c.h.h.t.HelmChartContainer - [hivemq-test-hivemq-platform] [hivemq-platform-operator] [9c8e0590] 20:46:27.820 [ReconcilerExecutor-hivemq-controller-135] DEBUG c.h.p.o.HiveMQPlatformReconciler - [helmcont] Custom Resource Status ROLLING_RESTART - HiveMQ Platform is restarting Pods (rolling restart) (RESTART_PODS_IN_PROGRESS)
2025-01-28 20:46:27,822 INFO c.h.h.t.HelmChartContainer - [hivemq-test-hivemq-platform] [hivemq-platform-operator] [9c8e0590] 20:46:27.820 [ReconcilerExecutor-hivemq-controller-135] DEBUG c.h.p.o.HiveMQPlatformReconciler - [helmcont] Custom Resource Spec (replicas: 1) (extensions: 1)
2025-01-28 20:46:27,823 INFO c.h.h.t.HelmChartContainer - [hivemq-test-hivemq-platform] [hivemq-platform-operator] [9c8e0590] 20:46:27.822 [ReconcilerExecutor-hivemq-controller-135] DEBUG c.h.p.o.HiveMQPlatformReconciler - [helmcont] StatefulSet Status (revision: test-hivemq-platform-85948b8786, replicas: 2, available: 1, ready: 1, current: 0, updated: 2)
2025-01-28 20:46:27,823 INFO c.h.h.t.HelmChartContainer - [hivemq-test-hivemq-platform] [hivemq-platform-operator] [9c8e0590] 20:46:27.822 [ReconcilerExecutor-hivemq-controller-135] DEBUG c.h.p.o.HiveMQPlatformReconciler - [helmcont] StatefulSet Spec (replicas: 2, init containers: 1, containers: 1, volumes: 3)
2025-01-28 20:46:27,826 INFO c.h.h.t.HelmChartContainer - [hivemq-test-hivemq-platform] [hivemq-platform-operator] [9c8e0590] 20:46:27.825 [ReconcilerExecutor-hivemq-controller-135] DEBUG c.h.p.o.h.HiveMQPlatformReconcilerErrorHandler - [helmcont] Pod 'test-hivemq-platform-1' phase Running
2025-01-28 20:46:27,832 INFO c.h.h.t.HelmChartContainer - [hivemq-test-hivemq-platform] [hivemq-platform-operator] [9c8e0590] 20:46:27.828 [ReconcilerExecutor-hivemq-controller-135] DEBUG c.h.p.o.h.HiveMQPlatformReconcilerErrorHandler - [helmcont] Pod 'test-hivemq-platform-0' phase Running
2025-01-28 20:46:27,832 INFO c.h.h.t.HelmChartContainer - [hivemq-test-hivemq-platform] [hivemq-platform-operator] [9c8e0590] 20:46:27.828 [ReconcilerExecutor-hivemq-controller-135] DEBUG c.h.p.o.h.HiveMQPlatformReconcilerRollingRestartHandler - [helmcont] Rolling restart is waiting for 1 of 2 replicas
2025-01-28 20:46:28,180 INFO c.h.h.t.HelmChartContainer - [test-hivemq-platform] [hivemq] [a8ffe0c3] INFO  - [HiveMQ Platform Operator Init 1.7.0-SNAPSHOT] HiveMQ Platform Operator Init 1.7.0-SNAPSHOT (commit: bebf408 on branch: HEAD) built on Sun Jan 26 20:47:47 UTC 2025
2025-01-28 20:46:29,418 INFO c.h.h.t.HelmChartContainer - [test-hivemq-platform] [hivemq] [a8ffe0c3] INFO  - [HiveMQ Platform Operator Init App 1.7.0-SNAPSHOT] Using bind address 10.42.0.12 from environment variable
2025-01-28 20:46:30,421 INFO c.h.h.t.HelmChartContainer - [test-hivemq-platform] [hivemq] [a8ffe0c3] INFO  - [HiveMQ Platform Operator Init App 1.7.0-SNAPSHOT] HiveMQ Platform Operator Init App 1.7.0-SNAPSHOT (commit: bebf408 on branch: HEAD) built on Sun Jan 26 20:47:47 UTC 2025
2025-01-28 20:46:30,422 INFO c.h.h.t.HelmChartContainer - [test-hivemq-platform] [hivemq] [a8ffe0c3] INFO  - [HiveMQ Platform Operator Init App 1.7.0-SNAPSHOT] PodInfo ConfigMap directory: /etc/podinfo
2025-01-28 20:46:30,422 INFO c.h.h.t.HelmChartContainer - [test-hivemq-platform] [hivemq] [a8ffe0c3] INFO  - [HiveMQ Platform Operator Init App 1.7.0-SNAPSHOT] HiveMQ home directory: /opt/hivemq
2025-01-28 20:46:30,422 INFO c.h.h.t.HelmChartContainer - [test-hivemq-platform] [hivemq] [a8ffe0c3] INFO  - [HiveMQ Platform Operator Init App 1.7.0-SNAPSHOT] HiveMQ Logback folder: /opt/hivemq/conf
2025-01-28 20:46:30,422 INFO c.h.h.t.HelmChartContainer - [test-hivemq-platform] [hivemq] [a8ffe0c3] INFO  - [HiveMQ Platform Operator Init App 1.7.0-SNAPSHOT] HiveMQ Config folder: /opt/hivemq/conf-k8s
2025-01-28 20:46:30,423 INFO c.h.h.t.HelmChartContainer - [test-hivemq-platform] [hivemq] [a8ffe0c3] INFO  - [HiveMQ Platform Operator Init App 1.7.0-SNAPSHOT] Starting HiveMQ Platform Operator Init App
2025-01-28 20:46:30,423 INFO c.h.h.t.HelmChartContainer - [test-hivemq-platform] [hivemq] [a8ffe0c3] INFO  - [HiveMQ Platform Operator Init App 1.7.0-SNAPSHOT] Starting Pod reconciler
2025-01-28 20:46:31,784 INFO c.h.h.t.HelmChartContainer - [test-hivemq-platform] [hivemq] [a8ffe0c3] INFO  - [HiveMQ Platform Operator Init App 1.7.0-SNAPSHOT] Pod reconciler is scheduled (interval: 5000 ms)
2025-01-28 20:46:31,785 INFO c.h.h.t.HelmChartContainer - [test-hivemq-platform] [hivemq] [a8ffe0c3] INFO  - [HiveMQ Platform Operator Init App 1.7.0-SNAPSHOT] Starting the REST API on 10.42.0.12:7979
2025-01-28 20:46:31,818 INFO c.h.h.t.HelmChartContainer - [test-hivemq-platform] [hivemq] [a8ffe0c3] INFO  - [HiveMQ Platform Operator Init App 1.7.0-SNAPSHOT] Waiting up to 600s for at most 2 HiveMQ nodes in cluster service hivemq-test-hivemq-platform-cluster.helmcontainersecuritycontextupgradeplatformit.svc
2025-01-28 20:46:32,218 INFO c.h.h.t.HelmChartContainer - [test-hivemq-platform] [hivemq] [a8ffe0c3] INFO  - [HiveMQ Platform Operator Init App 1.7.0-SNAPSHOT] Resolved 2 IP addresses: [10.42.0.11, 10.42.0.12]
2025-01-28 20:46:32,218 INFO c.h.h.t.HelmChartContainer - [test-hivemq-platform] [hivemq] [a8ffe0c3] INFO  - [HiveMQ Platform Operator Init App 1.7.0-SNAPSHOT] HiveMQ node count of 2 is within threshold of 2
2025-01-28 20:46:32,218 INFO c.h.h.t.HelmChartContainer - [test-hivemq-platform] [hivemq] [a8ffe0c3] INFO  - [HiveMQ Platform Operator Init App 1.7.0-SNAPSHOT] Waiting 15s for previous shutdown replication to finish...
2025-01-28 20:46:33,801 INFO c.h.h.t.HelmChartContainer - [test-hivemq-platform] [hivemq] [a8ffe0c3] INFO  - [HiveMQ Platform Operator Init App 1.7.0-SNAPSHOT] Returning default Health API response 503 for readiness
2025-01-28 20:46:33,921 INFO c.h.h.t.HelmChartContainer - [EVENT] Warning [Unhealthy] Readiness probe failed: HTTP probe failed with statuscode: 503 [helmcontainersecuritycontextupgradeplatformit:test-hivemq-platform-0]
2025-01-28 20:46:33,921 INFO c.h.h.t.HelmChartContainer - Received Unhealthy event for container hivemq in pod test-hivemq-platform-0 [a8ffe0c3-2713-4da7-b2bd-e8ce57608fc2]
2025-01-28 20:46:37,835 INFO c.h.h.t.HelmChartContainer - [hivemq-test-hivemq-platform] [hivemq-platform-operator] [9c8e0590] 20:46:37.831 [pool-6-thread-24] DEBUG c.h.p.o.d.PlatformServiceResource - [helmcont] Desired Platform services (3 services)
2025-01-28 20:46:37,835 INFO c.h.h.t.HelmChartContainer - [hivemq-test-hivemq-platform] [hivemq-platform-operator] [9c8e0590] 20:46:37.832 [pool-6-thread-30] DEBUG c.h.p.o.dependants.PodInfoConfigMap - [helmcont] Desired PodInfo ConfigMap (1 extensions) (1 enabled)
2025-01-28 20:46:37,836 INFO c.h.h.t.HelmChartContainer - [hivemq-test-hivemq-platform] [hivemq-platform-operator] [9c8e0590] 20:46:37.832 [pool-6-thread-30] DEBUG c.h.p.o.dependants.PodInfoConfigMap - [helmcont] Desired PodInfo ConfigMap (metrics port: 9399) (metrics path: /)
2025-01-28 20:46:37,836 INFO c.h.h.t.HelmChartContainer - [hivemq-test-hivemq-platform] [hivemq-platform-operator] [9c8e0590] 20:46:37.832 [pool-6-thread-30] DEBUG c.h.p.o.dependants.PodInfoConfigMap - [helmcont] Desired PodInfo ConfigMap (extension state hash: -1817474005)
2025-01-28 20:46:37,836 INFO c.h.h.t.HelmChartContainer - [hivemq-test-hivemq-platform] [hivemq-platform-operator] [9c8e0590] 20:46:37.832 [pool-6-thread-25] DEBUG c.h.p.o.d.PodServiceAccountResource - [helmcont] Desired PodServiceAccountResource (serviceAccountName: hivemq-platform-pod-test-hivemq-platform)
2025-01-28 20:46:37,838 INFO c.h.h.t.HelmChartContainer - [hivemq-test-hivemq-platform] [hivemq-platform-operator] [9c8e0590] 20:46:37.837 [pool-6-thread-28] DEBUG c.h.p.o.d.StatefulSetResource - [helmcont] Desired StatefulSet (2 replicas) for status ROLLING_RESTART (RESTART_PODS_IN_PROGRESS)
2025-01-28 20:46:37,840 INFO c.h.h.t.HelmChartContainer - [hivemq-test-hivemq-platform] [hivemq-platform-operator] [9c8e0590] 20:46:37.840 [ReconcilerExecutor-hivemq-controller-136] INFO  c.h.p.o.HiveMQPlatformReconciler - [helmcont] Reconciling HiveMQ Platform 'test-hivemq-platform' in namespace 'helmcontainersecuritycontextupgradeplatformit'
2025-01-28 20:46:37,841 INFO c.h.h.t.HelmChartContainer - [hivemq-test-hivemq-platform] [hivemq-platform-operator] [9c8e0590] 20:46:37.840 [ReconcilerExecutor-hivemq-controller-136] DEBUG c.h.p.o.HiveMQPlatformReconciler - [helmcont] Custom Resource Status ROLLING_RESTART - HiveMQ Platform is restarting Pods (rolling restart) (RESTART_PODS_IN_PROGRESS)
2025-01-28 20:46:37,841 INFO c.h.h.t.HelmChartContainer - [hivemq-test-hivemq-platform] [hivemq-platform-operator] [9c8e0590] 20:46:37.840 [ReconcilerExecutor-hivemq-controller-136] DEBUG c.h.p.o.HiveMQPlatformReconciler - [helmcont] Custom Resource Spec (replicas: 1) (extensions: 1)
2025-01-28 20:46:37,843 INFO c.h.h.t.HelmChartContainer - [hivemq-test-hivemq-platform] [hivemq-platform-operator] [9c8e0590] 20:46:37.842 [ReconcilerExecutor-hivemq-controller-136] DEBUG c.h.p.o.HiveMQPlatformReconciler - [helmcont] StatefulSet Status (revision: test-hivemq-platform-85948b8786, replicas: 2, available: 1, ready: 1, current: 0, updated: 2)
2025-01-28 20:46:37,844 INFO c.h.h.t.HelmChartContainer - [hivemq-test-hivemq-platform] [hivemq-platform-operator] [9c8e0590] 20:46:37.842 [ReconcilerExecutor-hivemq-controller-136] DEBUG c.h.p.o.HiveMQPlatformReconciler - [helmcont] StatefulSet Spec (replicas: 2, init containers: 1, containers: 1, volumes: 3)
2025-01-28 20:46:37,844 INFO c.h.h.t.HelmChartContainer - [hivemq-test-hivemq-platform] [hivemq-platform-operator] [9c8e0590] 20:46:37.843 [ReconcilerExecutor-hivemq-controller-136] DEBUG c.h.p.o.h.HiveMQPlatformReconcilerErrorHandler - [helmcont] Pod 'test-hivemq-platform-1' phase Running
2025-01-28 20:46:37,846 INFO c.h.h.t.HelmChartContainer - [hivemq-test-hivemq-platform] [hivemq-platform-operator] [9c8e0590] 20:46:37.844 [ReconcilerExecutor-hivemq-controller-136] DEBUG c.h.p.o.h.HiveMQPlatformReconcilerErrorHandler - [helmcont] Pod 'test-hivemq-platform-0' phase Running
2025-01-28 20:46:37,846 INFO c.h.h.t.HelmChartContainer - [hivemq-test-hivemq-platform] [hivemq-platform-operator] [9c8e0590] 20:46:37.845 [ReconcilerExecutor-hivemq-controller-136] DEBUG c.h.p.o.h.HiveMQPlatformReconcilerRollingRestartHandler - [helmcont] Rolling restart is waiting for 1 of 2 replicas
2025-01-28 20:46:38,799 INFO c.h.h.t.HelmChartContainer - [EVENT] Warning [Unhealthy] Readiness probe failed: HTTP probe failed with statuscode: 503 [helmcontainersecuritycontextupgradeplatformit:test-hivemq-platform-0]
2025-01-28 20:46:38,799 INFO c.h.h.t.HelmChartContainer - Received Unhealthy event for container hivemq in pod test-hivemq-platform-0 [a8ffe0c3-2713-4da7-b2bd-e8ce57608fc2]
2025-01-28 20:46:39,296 INFO c.h.h.t.HelmChartContainer - [test-hivemq-platform] [hivemq] [a8ffe0c3] INFO  - [HiveMQ Platform Operator Init App 1.7.0-SNAPSHOT] Updating Pod HiveMQ Platform Operator Init App version annotation (version: 1.7.0-SNAPSHOT)
2025-01-28 20:46:39,694 INFO c.h.h.t.HelmChartContainer - [POD] test-hivemq-platform-0 [a8ffe0c3-2713-4da7-b2bd-e8ce57608fc2] in helmcontainersecuritycontextupgradeplatformit was MODIFIED
2025-01-28 20:46:39,705 INFO c.h.h.t.HelmChartContainer - [hivemq-test-hivemq-platform] [hivemq-platform-operator] [9c8e0590] 20:46:39.702 [pool-6-thread-38] DEBUG c.h.p.o.d.PlatformServiceResource - [helmcont] Desired Platform services (3 services)
2025-01-28 20:46:39,706 INFO c.h.h.t.HelmChartContainer - [hivemq-test-hivemq-platform] [hivemq-platform-operator] [9c8e0590] 20:46:39.702 [pool-6-thread-39] DEBUG c.h.p.o.dependants.PodInfoConfigMap - [helmcont] Desired PodInfo ConfigMap (1 extensions) (1 enabled)
2025-01-28 20:46:39,706 INFO c.h.h.t.HelmChartContainer - [hivemq-test-hivemq-platform] [hivemq-platform-operator] [9c8e0590] 20:46:39.702 [pool-6-thread-39] DEBUG c.h.p.o.dependants.PodInfoConfigMap - [helmcont] Desired PodInfo ConfigMap (metrics port: 9399) (metrics path: /)
2025-01-28 20:46:39,706 INFO c.h.h.t.HelmChartContainer - [hivemq-test-hivemq-platform] [hivemq-platform-operator] [9c8e0590] 20:46:39.703 [pool-6-thread-39] DEBUG c.h.p.o.dependants.PodInfoConfigMap - [helmcont] Desired PodInfo ConfigMap (extension state hash: -1817474005)
2025-01-28 20:46:39,706 INFO c.h.h.t.HelmChartContainer - [hivemq-test-hivemq-platform] [hivemq-platform-operator] [9c8e0590] 20:46:39.704 [pool-6-thread-39] DEBUG c.h.p.o.d.PodServiceAccountResource - [helmcont] Desired PodServiceAccountResource (serviceAccountName: hivemq-platform-pod-test-hivemq-platform)
2025-01-28 20:46:39,706 INFO c.h.h.t.HelmChartContainer - [EVENT] Warning [Unhealthy] Readiness probe failed: HTTP probe failed with statuscode: 503 [helmcontainersecuritycontextupgradeplatformit:test-hivemq-platform-0]
2025-01-28 20:46:39,707 INFO c.h.h.t.HelmChartContainer - Received Unhealthy event for container hivemq in pod test-hivemq-platform-0 [a8ffe0c3-2713-4da7-b2bd-e8ce57608fc2]
2025-01-28 20:46:39,710 INFO c.h.h.t.HelmChartContainer - [hivemq-test-hivemq-platform] [hivemq-platform-operator] [9c8e0590] 20:46:39.709 [pool-6-thread-38] DEBUG c.h.p.o.d.StatefulSetResource - [helmcont] Desired StatefulSet (2 replicas) for status ROLLING_RESTART (RESTART_PODS_IN_PROGRESS)
2025-01-28 20:46:39,714 INFO c.h.h.t.HelmChartContainer - [hivemq-test-hivemq-platform] [hivemq-platform-operator] [9c8e0590] 20:46:39.712 [ReconcilerExecutor-hivemq-controller-137] INFO  c.h.p.o.HiveMQPlatformReconciler - [helmcont] Reconciling HiveMQ Platform 'test-hivemq-platform' in namespace 'helmcontainersecuritycontextupgradeplatformit'
2025-01-28 20:46:39,714 INFO c.h.h.t.HelmChartContainer - [hivemq-test-hivemq-platform] [hivemq-platform-operator] [9c8e0590] 20:46:39.713 [ReconcilerExecutor-hivemq-controller-137] DEBUG c.h.p.o.HiveMQPlatformReconciler - [helmcont] Custom Resource Status ROLLING_RESTART - HiveMQ Platform is restarting Pods (rolling restart) (RESTART_PODS_IN_PROGRESS)
2025-01-28 20:46:39,714 INFO c.h.h.t.HelmChartContainer - [hivemq-test-hivemq-platform] [hivemq-platform-operator] [9c8e0590] 20:46:39.713 [ReconcilerExecutor-hivemq-controller-137] DEBUG c.h.p.o.HiveMQPlatformReconciler - [helmcont] Custom Resource Spec (replicas: 1) (extensions: 1)
2025-01-28 20:46:39,714 INFO c.h.h.t.HelmChartContainer - [hivemq-test-hivemq-platform] [hivemq-platform-operator] [9c8e0590] 20:46:39.714 [ReconcilerExecutor-hivemq-controller-137] DEBUG c.h.p.o.HiveMQPlatformReconciler - [helmcont] StatefulSet Status (revision: test-hivemq-platform-85948b8786, replicas: 2, available: 1, ready: 1, current: 0, updated: 2)
2025-01-28 20:46:39,718 INFO c.h.h.t.HelmChartContainer - [hivemq-test-hivemq-platform] [hivemq-platform-operator] [9c8e0590] 20:46:39.714 [ReconcilerExecutor-hivemq-controller-137] DEBUG c.h.p.o.HiveMQPlatformReconciler - [helmcont] StatefulSet Spec (replicas: 2, init containers: 1, containers: 1, volumes: 3)
2025-01-28 20:46:39,719 INFO c.h.h.t.HelmChartContainer - [hivemq-test-hivemq-platform] [hivemq-platform-operator] [9c8e0590] 20:46:39.718 [ReconcilerExecutor-hivemq-controller-137] DEBUG c.h.p.o.h.HiveMQPlatformReconcilerErrorHandler - [helmcont] Pod 'test-hivemq-platform-1' phase Running
2025-01-28 20:46:39,721 INFO c.h.h.t.HelmChartContainer - [test-hivemq-platform] [hivemq] [a8ffe0c3] INFO  - [HiveMQ Platform Operator Init App 1.7.0-SNAPSHOT] Successfully updated Pod HiveMQ Platform Operator Init App version annotation (version: 1.7.0-SNAPSHOT)
2025-01-28 20:46:39,721 INFO c.h.h.t.HelmChartContainer - [hivemq-test-hivemq-platform] [hivemq-platform-operator] [9c8e0590] 20:46:39.721 [ReconcilerExecutor-hivemq-controller-137] DEBUG c.h.p.o.h.HiveMQPlatformReconcilerErrorHandler - [helmcont] Pod 'test-hivemq-platform-0' phase Running
2025-01-28 20:46:39,722 INFO c.h.h.t.HelmChartContainer - [hivemq-test-hivemq-platform] [hivemq-platform-operator] [9c8e0590] 20:46:39.721 [ReconcilerExecutor-hivemq-controller-137] DEBUG c.h.p.o.h.HiveMQPlatformReconcilerRollingRestartHandler - [helmcont] Rolling restart is waiting for 1 of 2 replicas
2025-01-28 20:46:44,702 INFO c.h.h.t.HelmChartContainer - [EVENT] Warning [Unhealthy] Readiness probe failed: HTTP probe failed with statuscode: 503 [helmcontainersecuritycontextupgradeplatformit:test-hivemq-platform-0]
2025-01-28 20:46:44,702 INFO c.h.h.t.HelmChartContainer - Received Unhealthy event for container hivemq in pod test-hivemq-platform-0 [a8ffe0c3-2713-4da7-b2bd-e8ce57608fc2]
2025-01-28 20:46:47,219 INFO c.h.h.t.HelmChartContainer - [test-hivemq-platform] [hivemq] [a8ffe0c3] INFO  - [HiveMQ Platform Operator Init App 1.7.0-SNAPSHOT] Proceeding with container start
2025-01-28 20:46:47,222 INFO c.h.h.t.HelmChartContainer - [test-hivemq-platform] [hivemq] [a8ffe0c3] INFO  - [HiveMQ Platform Operator Init App 1.7.0-SNAPSHOT] Initializing HiveMQ Platform extensions with initial configuration: {hivemq-allow-all-extension={start-priority=-1, skip-https-hostname-verification=false, restart=true, config-version=0, header-version=0, c-uri=, priority=-1, uri=preinstalled, skip-https-certificate-validation=false, enabled=true}, hivemq-prometheus-extension={start-priority=-1, c-uri=, skip-https-hostname-verification=false, skip-https-certificate-validation=false, uri=preinstalled, request-header-path=no-request-headers, enabled=true, restart=true, priority=-1}}
2025-01-28 20:46:47,637 INFO c.h.h.t.HelmChartContainer - [test-hivemq-platform] [hivemq] [a8ffe0c3] INFO  - [HiveMQ Platform Operator Init App 1.7.0-SNAPSHOT] Extension hivemq-allow-all-extension was already enabled
2025-01-28 20:46:47,725 INFO c.h.h.t.HelmChartContainer - [test-hivemq-platform] [hivemq] [a8ffe0c3] INFO  - [HiveMQ Platform Operator Init App 1.7.0-SNAPSHOT] Successfully enabled extension hivemq-prometheus-extension
2025-01-28 20:46:47,726 INFO c.h.h.t.HelmChartContainer - [test-hivemq-platform] [hivemq] [a8ffe0c3] INFO  - [HiveMQ Platform Operator Init App 1.7.0-SNAPSHOT] Starting HiveMQ Platform version 4.36.0 (4.36.0)
2025-01-28 20:46:47,727 INFO c.h.h.t.HelmChartContainer - [test-hivemq-platform] [hivemq] [a8ffe0c3] INFO  - [HiveMQ Platform Operator Init App 1.7.0-SNAPSHOT] Configuring the HiveMQ Platform
2025-01-28 20:46:47,823 INFO c.h.h.t.HelmChartContainer - [test-hivemq-platform] [hivemq] [a8ffe0c3] INFO  - [HiveMQ Platform Operator Init App 1.7.0-SNAPSHOT] Changed logback.xml file scan period to 20 seconds
2025-01-28 20:46:47,919 INFO c.h.h.t.HelmChartContainer - [test-hivemq-platform] [hivemq] [a8ffe0c3] INFO  - [HiveMQ Platform Operator Init App 1.7.0-SNAPSHOT] Starting the HiveMQ Platform
2025-01-28 20:46:47,922 INFO c.h.h.t.HelmChartContainer - [test-hivemq-platform] [hivemq] [a8ffe0c3] -------------------------------------------------------------------------
2025-01-28 20:46:47,922 INFO c.h.h.t.HelmChartContainer - [test-hivemq-platform] [hivemq] [a8ffe0c3] 
2025-01-28 20:46:47,922 INFO c.h.h.t.HelmChartContainer - [test-hivemq-platform] [hivemq] [a8ffe0c3]                   _    _  _              __  __   ____
2025-01-28 20:46:47,922 INFO c.h.h.t.HelmChartContainer - [test-hivemq-platform] [hivemq] [a8ffe0c3]                  | |  | |(_)            |  \/  | / __ \
2025-01-28 20:46:47,922 INFO c.h.h.t.HelmChartContainer - [test-hivemq-platform] [hivemq] [a8ffe0c3]                  | |__| | _ __   __ ___ | \  / || |  | |
2025-01-28 20:46:47,922 INFO c.h.h.t.HelmChartContainer - [test-hivemq-platform] [hivemq] [a8ffe0c3]                  |  __  || |\ \ / // _ \| |\/| || |  | |
2025-01-28 20:46:47,922 INFO c.h.h.t.HelmChartContainer - [test-hivemq-platform] [hivemq] [a8ffe0c3]                  | |  | || | \ V /|  __/| |  | || |__| |
2025-01-28 20:46:47,922 INFO c.h.h.t.HelmChartContainer - [test-hivemq-platform] [hivemq] [a8ffe0c3]                  |_|  |_||_|  \_/  \___||_|  |_| \___\_\
2025-01-28 20:46:47,922 INFO c.h.h.t.HelmChartContainer - [test-hivemq-platform] [hivemq] [a8ffe0c3] 
2025-01-28 20:46:47,922 INFO c.h.h.t.HelmChartContainer - [test-hivemq-platform] [hivemq] [a8ffe0c3] -------------------------------------------------------------------------
2025-01-28 20:46:47,922 INFO c.h.h.t.HelmChartContainer - [test-hivemq-platform] [hivemq] [a8ffe0c3] 
2025-01-28 20:46:47,922 INFO c.h.h.t.HelmChartContainer - [test-hivemq-platform] [hivemq] [a8ffe0c3]   HiveMQ Start Script for Linux/Unix v1.14
2025-01-28 20:46:47,922 INFO c.h.h.t.HelmChartContainer - [test-hivemq-platform] [hivemq] [a8ffe0c3] 
2025-01-28 20:46:47,952 INFO c.h.h.t.HelmChartContainer - [test-hivemq-platform] [hivemq] [a8ffe0c3] -------------------------------------------------------------------------
2025-01-28 20:46:47,952 INFO c.h.h.t.HelmChartContainer - [test-hivemq-platform] [hivemq] [a8ffe0c3] 
2025-01-28 20:46:47,952 INFO c.h.h.t.HelmChartContainer - [test-hivemq-platform] [hivemq] [a8ffe0c3]   HIVEMQ_HOME: /opt/hivemq
2025-01-28 20:46:47,952 INFO c.h.h.t.HelmChartContainer - [test-hivemq-platform] [hivemq] [a8ffe0c3] 
2025-01-28 20:46:47,952 INFO c.h.h.t.HelmChartContainer - [test-hivemq-platform] [hivemq] [a8ffe0c3]   JAVA_OPTS: -XX:+UnlockExperimentalVMOptions -XX:InitialRAMPercentage=50 -XX:MaxRAMPercentage=50 -Djava.net.preferIPv4Stack=true --add-opens java.base/java.lang=ALL-UNNAMED --add-opens java.base/java.nio=ALL-UNNAMED --add-opens java.base/sun.nio.ch=ALL-UNNAMED --add-opens jdk.management/com.sun.management.internal=ALL-UNNAMED --add-exports java.base/jdk.internal.misc=ALL-UNNAMED -Djava.security.egd=file:/dev/./urandom -Dcom.sun.management.jmxremote -Dcom.sun.management.jmxremote.port=9010 -Dcom.sun.management.jmxremote.local.only=false -Dcom.sun.management.jmxremote.authenticate=false -Dcom.sun.management.jmxremote.ssl=false -Duser.language=en -Duser.region=US -XX:+CrashOnOutOfMemoryError -XX:+HeapDumpOnOutOfMemoryError
2025-01-28 20:46:47,952 INFO c.h.h.t.HelmChartContainer - [test-hivemq-platform] [hivemq] [a8ffe0c3] 
2025-01-28 20:46:47,952 INFO c.h.h.t.HelmChartContainer - [test-hivemq-platform] [hivemq] [a8ffe0c3]   JAVA_VERSION: 21
2025-01-28 20:46:47,952 INFO c.h.h.t.HelmChartContainer - [test-hivemq-platform] [hivemq] [a8ffe0c3] 
2025-01-28 20:46:47,952 INFO c.h.h.t.HelmChartContainer - [test-hivemq-platform] [hivemq] [a8ffe0c3] -------------------------------------------------------------------------
2025-01-28 20:46:47,952 INFO c.h.h.t.HelmChartContainer - [test-hivemq-platform] [hivemq] [a8ffe0c3] 
2025-01-28 20:46:49,724 INFO c.h.h.t.HelmChartContainer - [EVENT] Warning [Unhealthy] Readiness probe failed: HTTP probe failed with statuscode: 503 [helmcontainersecuritycontextupgradeplatformit:test-hivemq-platform-0]
2025-01-28 20:46:49,724 INFO c.h.h.t.HelmChartContainer - Received Unhealthy event for container hivemq in pod test-hivemq-platform-0 [a8ffe0c3-2713-4da7-b2bd-e8ce57608fc2]
2025-01-28 20:46:49,726 INFO c.h.h.t.HelmChartContainer - [hivemq-test-hivemq-platform] [hivemq-platform-operator] [9c8e0590] 20:46:49.724 [pool-6-thread-44] DEBUG c.h.p.o.d.PlatformServiceResource - [helmcont] Desired Platform services (3 services)
2025-01-28 20:46:49,727 INFO c.h.h.t.HelmChartContainer - [hivemq-test-hivemq-platform] [hivemq-platform-operator] [9c8e0590] 20:46:49.725 [pool-6-thread-41] DEBUG c.h.p.o.dependants.PodInfoConfigMap - [helmcont] Desired PodInfo ConfigMap (1 extensions) (1 enabled)
2025-01-28 20:46:49,728 INFO c.h.h.t.HelmChartContainer - [hivemq-test-hivemq-platform] [hivemq-platform-operator] [9c8e0590] 20:46:49.725 [pool-6-thread-41] DEBUG c.h.p.o.dependants.PodInfoConfigMap - [helmcont] Desired PodInfo ConfigMap (metrics port: 9399) (metrics path: /)
2025-01-28 20:46:49,728 INFO c.h.h.t.HelmChartContainer - [hivemq-test-hivemq-platform] [hivemq-platform-operator] [9c8e0590] 20:46:49.725 [pool-6-thread-41] DEBUG c.h.p.o.dependants.PodInfoConfigMap - [helmcont] Desired PodInfo ConfigMap (extension state hash: -1817474005)
2025-01-28 20:46:49,729 INFO c.h.h.t.HelmChartContainer - [hivemq-test-hivemq-platform] [hivemq-platform-operator] [9c8e0590] 20:46:49.728 [pool-6-thread-44] DEBUG c.h.p.o.d.PodServiceAccountResource - [helmcont] Desired PodServiceAccountResource (serviceAccountName: hivemq-platform-pod-test-hivemq-platform)
2025-01-28 20:46:49,731 INFO c.h.h.t.HelmChartContainer - [hivemq-test-hivemq-platform] [hivemq-platform-operator] [9c8e0590] 20:46:49.731 [pool-6-thread-41] DEBUG c.h.p.o.d.StatefulSetResource - [helmcont] Desired StatefulSet (2 replicas) for status ROLLING_RESTART (RESTART_PODS_IN_PROGRESS)
2025-01-28 20:46:49,739 INFO c.h.h.t.HelmChartContainer - [hivemq-test-hivemq-platform] [hivemq-platform-operator] [9c8e0590] 20:46:49.736 [ReconcilerExecutor-hivemq-controller-138] INFO  c.h.p.o.HiveMQPlatformReconciler - [helmcont] Reconciling HiveMQ Platform 'test-hivemq-platform' in namespace 'helmcontainersecuritycontextupgradeplatformit'
2025-01-28 20:46:49,740 INFO c.h.h.t.HelmChartContainer - [hivemq-test-hivemq-platform] [hivemq-platform-operator] [9c8e0590] 20:46:49.736 [ReconcilerExecutor-hivemq-controller-138] DEBUG c.h.p.o.HiveMQPlatformReconciler - [helmcont] Custom Resource Status ROLLING_RESTART - HiveMQ Platform is restarting Pods (rolling restart) (RESTART_PODS_IN_PROGRESS)
2025-01-28 20:46:49,740 INFO c.h.h.t.HelmChartContainer - [hivemq-test-hivemq-platform] [hivemq-platform-operator] [9c8e0590] 20:46:49.736 [ReconcilerExecutor-hivemq-controller-138] DEBUG c.h.p.o.HiveMQPlatformReconciler - [helmcont] Custom Resource Spec (replicas: 1) (extensions: 1)
2025-01-28 20:46:49,740 INFO c.h.h.t.HelmChartContainer - [hivemq-test-hivemq-platform] [hivemq-platform-operator] [9c8e0590] 20:46:49.738 [ReconcilerExecutor-hivemq-controller-138] DEBUG c.h.p.o.HiveMQPlatformReconciler - [helmcont] StatefulSet Status (revision: test-hivemq-platform-85948b8786, replicas: 2, available: 1, ready: 1, current: 0, updated: 2)
2025-01-28 20:46:49,740 INFO c.h.h.t.HelmChartContainer - [hivemq-test-hivemq-platform] [hivemq-platform-operator] [9c8e0590] 20:46:49.738 [ReconcilerExecutor-hivemq-controller-138] DEBUG c.h.p.o.HiveMQPlatformReconciler - [helmcont] StatefulSet Spec (replicas: 2, init containers: 1, containers: 1, volumes: 3)
2025-01-28 20:46:49,740 INFO c.h.h.t.HelmChartContainer - [hivemq-test-hivemq-platform] [hivemq-platform-operator] [9c8e0590] 20:46:49.739 [ReconcilerExecutor-hivemq-controller-138] DEBUG c.h.p.o.h.HiveMQPlatformReconcilerErrorHandler - [helmcont] Pod 'test-hivemq-platform-1' phase Running
2025-01-28 20:46:49,741 INFO c.h.h.t.HelmChartContainer - [hivemq-test-hivemq-platform] [hivemq-platform-operator] [9c8e0590] 20:46:49.741 [ReconcilerExecutor-hivemq-controller-138] DEBUG c.h.p.o.h.HiveMQPlatformReconcilerErrorHandler - [helmcont] Pod 'test-hivemq-platform-0' phase Running
2025-01-28 20:46:49,742 INFO c.h.h.t.HelmChartContainer - [hivemq-test-hivemq-platform] [hivemq-platform-operator] [9c8e0590] 20:46:49.741 [ReconcilerExecutor-hivemq-controller-138] DEBUG c.h.p.o.h.HiveMQPlatformReconcilerRollingRestartHandler - [helmcont] Rolling restart is waiting for 1 of 2 replicas
2025-01-28 20:46:50,529 INFO c.h.h.t.HelmChartContainer - [test-hivemq-platform] [hivemq] [a8ffe0c3] INFO  - Starting HiveMQ Enterprise Server
2025-01-28 20:46:50,535 INFO c.h.h.t.HelmChartContainer - [test-hivemq-platform] [hivemq] [a8ffe0c3] INFO  - HiveMQ version: 4.36.0
2025-01-28 20:46:50,535 INFO c.h.h.t.HelmChartContainer - [test-hivemq-platform] [hivemq] [a8ffe0c3] INFO  - HiveMQ home directory: /opt/hivemq
2025-01-28 20:46:50,536 INFO c.h.h.t.HelmChartContainer - [test-hivemq-platform] [hivemq] [a8ffe0c3] INFO  - Log Configuration was overridden by /opt/hivemq/conf/logback.xml
2025-01-28 20:46:51,929 INFO c.h.h.t.HelmChartContainer - [test-hivemq-platform] [hivemq] [a8ffe0c3] INFO  - Successfully loaded configuration from '/opt/hivemq/conf-k8s/config.xml'.
2025-01-28 20:46:52,225 INFO c.h.h.t.HelmChartContainer - [test-hivemq-platform] [hivemq] [a8ffe0c3] INFO  - This node's ID is nXJSa
2025-01-28 20:46:52,225 INFO c.h.h.t.HelmChartContainer - [test-hivemq-platform] [hivemq] [a8ffe0c3] INFO  - Clustering is enabled
2025-01-28 20:46:54,926 INFO c.h.h.t.HelmChartContainer - [test-hivemq-platform] [hivemq] [a8ffe0c3] WARN  - [HiveMQ Platform Operator Init App 1.7.0-SNAPSHOT] Cannot connect to Health API for readiness: null
2025-01-28 20:46:54,930 INFO c.h.h.t.HelmChartContainer - [EVENT] Warning [Unhealthy] Readiness probe failed: HTTP probe failed with statuscode: 503 [helmcontainersecuritycontextupgradeplatformit:test-hivemq-platform-0]
2025-01-28 20:46:54,930 INFO c.h.h.t.HelmChartContainer - Received Unhealthy event for container hivemq in pod test-hivemq-platform-0 [a8ffe0c3-2713-4da7-b2bd-e8ce57608fc2]
2025-01-28 20:46:56,442 INFO c.h.h.t.HelmChartContainer - [test-hivemq-platform] [hivemq] [a8ffe0c3] WARN  - [HiveMQ Platform Operator Init App 1.7.0-SNAPSHOT] Cannot connect to Health API for liveness: null
2025-01-28 20:46:56,442 INFO c.h.h.t.HelmChartContainer - [test-hivemq-platform] [hivemq] [a8ffe0c3] INFO  - [HiveMQ Platform Operator Init App 1.7.0-SNAPSHOT] Returning default Health API response 200 for liveness
2025-01-28 20:46:59,720 INFO c.h.h.t.HelmChartContainer - [test-hivemq-platform] [hivemq] [a8ffe0c3] WARN  - [HiveMQ Platform Operator Init App 1.7.0-SNAPSHOT] Cannot connect to Health API for readiness: null
2025-01-28 20:46:59,725 INFO c.h.h.t.HelmChartContainer - [EVENT] Warning [Unhealthy] Readiness probe failed: HTTP probe failed with statuscode: 503 [helmcontainersecuritycontextupgradeplatformit:test-hivemq-platform-0]
2025-01-28 20:46:59,725 INFO c.h.h.t.HelmChartContainer - Received Unhealthy event for container hivemq in pod test-hivemq-platform-0 [a8ffe0c3-2713-4da7-b2bd-e8ce57608fc2]
2025-01-28 20:46:59,749 INFO c.h.h.t.HelmChartContainer - [hivemq-test-hivemq-platform] [hivemq-platform-operator] [9c8e0590] 20:46:59.745 [pool-6-thread-7] DEBUG c.h.p.o.d.PlatformServiceResource - [helmcont] Desired Platform services (3 services)
2025-01-28 20:46:59,749 INFO c.h.h.t.HelmChartContainer - [hivemq-test-hivemq-platform] [hivemq-platform-operator] [9c8e0590] 20:46:59.745 [pool-6-thread-8] DEBUG c.h.p.o.dependants.PodInfoConfigMap - [helmcont] Desired PodInfo ConfigMap (1 extensions) (1 enabled)
2025-01-28 20:46:59,749 INFO c.h.h.t.HelmChartContainer - [hivemq-test-hivemq-platform] [hivemq-platform-operator] [9c8e0590] 20:46:59.745 [pool-6-thread-8] DEBUG c.h.p.o.dependants.PodInfoConfigMap - [helmcont] Desired PodInfo ConfigMap (metrics port: 9399) (metrics path: /)
2025-01-28 20:46:59,749 INFO c.h.h.t.HelmChartContainer - [hivemq-test-hivemq-platform] [hivemq-platform-operator] [9c8e0590] 20:46:59.745 [pool-6-thread-8] DEBUG c.h.p.o.dependants.PodInfoConfigMap - [helmcont] Desired PodInfo ConfigMap (extension state hash: -1817474005)
2025-01-28 20:46:59,749 INFO c.h.h.t.HelmChartContainer - [hivemq-test-hivemq-platform] [hivemq-platform-operator] [9c8e0590] 20:46:59.748 [pool-6-thread-6] DEBUG c.h.p.o.d.PodServiceAccountResource - [helmcont] Desired PodServiceAccountResource (serviceAccountName: hivemq-platform-pod-test-hivemq-platform)
2025-01-28 20:46:59,751 INFO c.h.h.t.HelmChartContainer - [hivemq-test-hivemq-platform] [hivemq-platform-operator] [9c8e0590] 20:46:59.750 [pool-6-thread-7] DEBUG c.h.p.o.d.StatefulSetResource - [helmcont] Desired StatefulSet (2 replicas) for status ROLLING_RESTART (RESTART_PODS_IN_PROGRESS)
2025-01-28 20:46:59,754 INFO c.h.h.t.HelmChartContainer - [hivemq-test-hivemq-platform] [hivemq-platform-operator] [9c8e0590] 20:46:59.753 [ReconcilerExecutor-hivemq-controller-139] INFO  c.h.p.o.HiveMQPlatformReconciler - [helmcont] Reconciling HiveMQ Platform 'test-hivemq-platform' in namespace 'helmcontainersecuritycontextupgradeplatformit'
2025-01-28 20:46:59,754 INFO c.h.h.t.HelmChartContainer - [hivemq-test-hivemq-platform] [hivemq-platform-operator] [9c8e0590] 20:46:59.753 [ReconcilerExecutor-hivemq-controller-139] DEBUG c.h.p.o.HiveMQPlatformReconciler - [helmcont] Custom Resource Status ROLLING_RESTART - HiveMQ Platform is restarting Pods (rolling restart) (RESTART_PODS_IN_PROGRESS)
2025-01-28 20:46:59,754 INFO c.h.h.t.HelmChartContainer - [hivemq-test-hivemq-platform] [hivemq-platform-operator] [9c8e0590] 20:46:59.753 [ReconcilerExecutor-hivemq-controller-139] DEBUG c.h.p.o.HiveMQPlatformReconciler - [helmcont] Custom Resource Spec (replicas: 1) (extensions: 1)
2025-01-28 20:46:59,755 INFO c.h.h.t.HelmChartContainer - [hivemq-test-hivemq-platform] [hivemq-platform-operator] [9c8e0590] 20:46:59.755 [ReconcilerExecutor-hivemq-controller-139] DEBUG c.h.p.o.HiveMQPlatformReconciler - [helmcont] StatefulSet Status (revision: test-hivemq-platform-85948b8786, replicas: 2, available: 1, ready: 1, current: 0, updated: 2)
2025-01-28 20:46:59,757 INFO c.h.h.t.HelmChartContainer - [hivemq-test-hivemq-platform] [hivemq-platform-operator] [9c8e0590] 20:46:59.755 [ReconcilerExecutor-hivemq-controller-139] DEBUG c.h.p.o.HiveMQPlatformReconciler - [helmcont] StatefulSet Spec (replicas: 2, init containers: 1, containers: 1, volumes: 3)
2025-01-28 20:46:59,757 INFO c.h.h.t.HelmChartContainer - [hivemq-test-hivemq-platform] [hivemq-platform-operator] [9c8e0590] 20:46:59.756 [ReconcilerExecutor-hivemq-controller-139] DEBUG c.h.p.o.h.HiveMQPlatformReconcilerErrorHandler - [helmcont] Pod 'test-hivemq-platform-1' phase Running
2025-01-28 20:46:59,758 INFO c.h.h.t.HelmChartContainer - [hivemq-test-hivemq-platform] [hivemq-platform-operator] [9c8e0590] 20:46:59.757 [ReconcilerExecutor-hivemq-controller-139] DEBUG c.h.p.o.h.HiveMQPlatformReconcilerErrorHandler - [helmcont] Pod 'test-hivemq-platform-0' phase Running
2025-01-28 20:46:59,758 INFO c.h.h.t.HelmChartContainer - [hivemq-test-hivemq-platform] [hivemq-platform-operator] [9c8e0590] 20:46:59.757 [ReconcilerExecutor-hivemq-controller-139] DEBUG c.h.p.o.h.HiveMQPlatformReconcilerRollingRestartHandler - [helmcont] Rolling restart is waiting for 1 of 2 replicas
2025-01-28 20:47:04,721 INFO c.h.h.t.HelmChartContainer - [test-hivemq-platform] [hivemq] [a8ffe0c3] WARN  - [HiveMQ Platform Operator Init App 1.7.0-SNAPSHOT] Cannot connect to Health API for readiness: null
2025-01-28 20:47:04,726 INFO c.h.h.t.HelmChartContainer - [EVENT] Warning [Unhealthy] Readiness probe failed: HTTP probe failed with statuscode: 503 [helmcontainersecuritycontextupgradeplatformit:test-hivemq-platform-0]
2025-01-28 20:47:04,726 INFO c.h.h.t.HelmChartContainer - Received Unhealthy event for container hivemq in pod test-hivemq-platform-0 [a8ffe0c3-2713-4da7-b2bd-e8ce57608fc2]
2025-01-28 20:47:05,439 INFO c.h.h.t.HelmChartContainer - [test-hivemq-platform] [hivemq] [a8ffe0c3] INFO  - No valid license file found. Using trial license, restricted to 25 connections.
2025-01-28 20:47:09,721 INFO c.h.h.t.HelmChartContainer - [test-hivemq-platform] [hivemq] [a8ffe0c3] WARN  - [HiveMQ Platform Operator Init App 1.7.0-SNAPSHOT] Cannot connect to Health API for readiness: null
2025-01-28 20:47:09,725 INFO c.h.h.t.HelmChartContainer - [EVENT] Warning [Unhealthy] Readiness probe failed: HTTP probe failed with statuscode: 503 [helmcontainersecuritycontextupgradeplatformit:test-hivemq-platform-0]
2025-01-28 20:47:09,725 INFO c.h.h.t.HelmChartContainer - Received Unhealthy event for container hivemq in pod test-hivemq-platform-0 [a8ffe0c3-2713-4da7-b2bd-e8ce57608fc2]
2025-01-28 20:47:09,761 INFO c.h.h.t.HelmChartContainer - [hivemq-test-hivemq-platform] [hivemq-platform-operator] [9c8e0590] 20:47:09.760 [pool-6-thread-18] DEBUG c.h.p.o.d.PlatformServiceResource - [helmcont] Desired Platform services (3 services)
2025-01-28 20:47:09,763 INFO c.h.h.t.HelmChartContainer - [hivemq-test-hivemq-platform] [hivemq-platform-operator] [9c8e0590] 20:47:09.761 [pool-6-thread-15] DEBUG c.h.p.o.d.PodServiceAccountResource - [helmcont] Desired PodServiceAccountResource (serviceAccountName: hivemq-platform-pod-test-hivemq-platform)
2025-01-28 20:47:09,763 INFO c.h.h.t.HelmChartContainer - [hivemq-test-hivemq-platform] [hivemq-platform-operator] [9c8e0590] 20:47:09.761 [pool-6-thread-14] DEBUG c.h.p.o.dependants.PodInfoConfigMap - [helmcont] Desired PodInfo ConfigMap (1 extensions) (1 enabled)
2025-01-28 20:47:09,763 INFO c.h.h.t.HelmChartContainer - [hivemq-test-hivemq-platform] [hivemq-platform-operator] [9c8e0590] 20:47:09.762 [pool-6-thread-14] DEBUG c.h.p.o.dependants.PodInfoConfigMap - [helmcont] Desired PodInfo ConfigMap (metrics port: 9399) (metrics path: /)
2025-01-28 20:47:09,763 INFO c.h.h.t.HelmChartContainer - [hivemq-test-hivemq-platform] [hivemq-platform-operator] [9c8e0590] 20:47:09.762 [pool-6-thread-14] DEBUG c.h.p.o.dependants.PodInfoConfigMap - [helmcont] Desired PodInfo ConfigMap (extension state hash: -1817474005)
2025-01-28 20:47:09,766 INFO c.h.h.t.HelmChartContainer - [hivemq-test-hivemq-platform] [hivemq-platform-operator] [9c8e0590] 20:47:09.765 [pool-6-thread-18] DEBUG c.h.p.o.d.StatefulSetResource - [helmcont] Desired StatefulSet (2 replicas) for status ROLLING_RESTART (RESTART_PODS_IN_PROGRESS)
2025-01-28 20:47:09,773 INFO c.h.h.t.HelmChartContainer - [hivemq-test-hivemq-platform] [hivemq-platform-operator] [9c8e0590] 20:47:09.767 [ReconcilerExecutor-hivemq-controller-140] INFO  c.h.p.o.HiveMQPlatformReconciler - [helmcont] Reconciling HiveMQ Platform 'test-hivemq-platform' in namespace 'helmcontainersecuritycontextupgradeplatformit'
2025-01-28 20:47:09,773 INFO c.h.h.t.HelmChartContainer - [hivemq-test-hivemq-platform] [hivemq-platform-operator] [9c8e0590] 20:47:09.767 [ReconcilerExecutor-hivemq-controller-140] DEBUG c.h.p.o.HiveMQPlatformReconciler - [helmcont] Custom Resource Status ROLLING_RESTART - HiveMQ Platform is restarting Pods (rolling restart) (RESTART_PODS_IN_PROGRESS)
2025-01-28 20:47:09,773 INFO c.h.h.t.HelmChartContainer - [hivemq-test-hivemq-platform] [hivemq-platform-operator] [9c8e0590] 20:47:09.767 [ReconcilerExecutor-hivemq-controller-140] DEBUG c.h.p.o.HiveMQPlatformReconciler - [helmcont] Custom Resource Spec (replicas: 1) (extensions: 1)
2025-01-28 20:47:09,773 INFO c.h.h.t.HelmChartContainer - [hivemq-test-hivemq-platform] [hivemq-platform-operator] [9c8e0590] 20:47:09.768 [ReconcilerExecutor-hivemq-controller-140] DEBUG c.h.p.o.HiveMQPlatformReconciler - [helmcont] StatefulSet Status (revision: test-hivemq-platform-85948b8786, replicas: 2, available: 1, ready: 1, current: 0, updated: 2)
2025-01-28 20:47:09,773 INFO c.h.h.t.HelmChartContainer - [hivemq-test-hivemq-platform] [hivemq-platform-operator] [9c8e0590] 20:47:09.768 [ReconcilerExecutor-hivemq-controller-140] DEBUG c.h.p.o.HiveMQPlatformReconciler - [helmcont] StatefulSet Spec (replicas: 2, init containers: 1, containers: 1, volumes: 3)
2025-01-28 20:47:09,773 INFO c.h.h.t.HelmChartContainer - [hivemq-test-hivemq-platform] [hivemq-platform-operator] [9c8e0590] 20:47:09.769 [ReconcilerExecutor-hivemq-controller-140] DEBUG c.h.p.o.h.HiveMQPlatformReconcilerErrorHandler - [helmcont] Pod 'test-hivemq-platform-1' phase Running
2025-01-28 20:47:09,774 INFO c.h.h.t.HelmChartContainer - [hivemq-test-hivemq-platform] [hivemq-platform-operator] [9c8e0590] 20:47:09.772 [ReconcilerExecutor-hivemq-controller-140] DEBUG c.h.p.o.h.HiveMQPlatformReconcilerErrorHandler - [helmcont] Pod 'test-hivemq-platform-0' phase Running
2025-01-28 20:47:09,774 INFO c.h.h.t.HelmChartContainer - [hivemq-test-hivemq-platform] [hivemq-platform-operator] [9c8e0590] 20:47:09.773 [ReconcilerExecutor-hivemq-controller-140] DEBUG c.h.p.o.h.HiveMQPlatformReconcilerRollingRestartHandler - [helmcont] Rolling restart is waiting for 1 of 2 replicas
2025-01-28 20:47:09,923 INFO c.h.h.t.HelmChartContainer - [K3S] [range_allocator.go:247] "Successfully synced" key="a4d7440200d1"
2025-01-28 20:47:10,121 INFO c.h.h.t.HelmChartContainer - [test-hivemq-platform] [hivemq] [a8ffe0c3] INFO  - No valid license file for Data Hub found. Using free license, restricted to 1 policy.
2025-01-28 20:47:11,323 INFO c.h.h.t.HelmChartContainer - [test-hivemq-platform] [hivemq] [a8ffe0c3] INFO  - Audit Logger started.
2025-01-28 20:47:11,553 INFO c.h.h.t.HelmChartContainer - [test-hivemq-platform] [hivemq] [a8ffe0c3] INFO  - This node uses '1' CPU cores.
2025-01-28 20:47:11,616 INFO c.h.h.t.HelmChartContainer - [test-hivemq-platform] [hivemq] [a8ffe0c3] INFO  - Starting HiveMQ Health API on address 0.0.0.0 and port 8889
2025-01-28 20:47:12,527 INFO c.h.h.t.HelmChartContainer - [test-hivemq-platform] [hivemq] [a8ffe0c3] INFO  - Started HiveMQ Health API in 910ms
2025-01-28 20:47:13,223 INFO c.h.h.t.HelmChartContainer - [test-hivemq-platform] [hivemq] [a8ffe0c3] INFO  - Starting HiveMQ extension system.
2025-01-28 20:47:13,518 INFO c.h.h.t.HelmChartContainer - [test-hivemq-platform] [hivemq] [a8ffe0c3] INFO  - Starting extension with id "hivemq-dns-cluster-discovery" at /opt/hivemq/extensions/hivemq-dns-cluster-discovery
2025-01-28 20:47:13,923 INFO c.h.h.t.HelmChartContainer - [test-hivemq-platform] [hivemq] [a8ffe0c3] INFO  - Extension "DNS Cluster Discovery Extension" version 4.3.2 started successfully.
2025-01-28 20:47:13,923 INFO c.h.h.t.HelmChartContainer - [test-hivemq-platform] [hivemq] [a8ffe0c3] INFO  - Starting extension with id "hivemq-prometheus-extension" at /opt/hivemq/extensions/hivemq-prometheus-extension
2025-01-28 20:47:14,122 INFO c.h.h.t.HelmChartContainer - [test-hivemq-platform] [hivemq] [a8ffe0c3] INFO  - Using TCP cluster transport on address 10.42.0.12 and port 7000
2025-01-28 20:47:14,219 INFO c.h.h.t.HelmChartContainer - [test-hivemq-platform] [hivemq] [a8ffe0c3] INFO  - Using extension cluster discovery
2025-01-28 20:47:15,020 INFO c.h.h.t.HelmChartContainer - [test-hivemq-platform] [hivemq] [a8ffe0c3] INFO  - Started Jetty Server exposing Prometheus Servlet on URI http://0.0.0.0:9399/
2025-01-28 20:47:15,023 INFO c.h.h.t.HelmChartContainer - [test-hivemq-platform] [hivemq] [a8ffe0c3] INFO  - Extension "Prometheus Monitoring Extension" version 4.0.12 started successfully.
2025-01-28 20:47:15,023 INFO c.h.h.t.HelmChartContainer - [test-hivemq-platform] [hivemq] [a8ffe0c3] INFO  - Starting extension with id "hivemq-allow-all-extension" at /opt/hivemq/extensions/hivemq-allow-all-extension
2025-01-28 20:47:15,023 INFO c.h.h.t.HelmChartContainer - [test-hivemq-platform] [hivemq] [a8ffe0c3] WARN  - 
2025-01-28 20:47:15,023 INFO c.h.h.t.HelmChartContainer - [test-hivemq-platform] [hivemq] [a8ffe0c3] ################################################################################################################
2025-01-28 20:47:15,023 INFO c.h.h.t.HelmChartContainer - [test-hivemq-platform] [hivemq] [a8ffe0c3] # This HiveMQ deployment is not secure! You are lacking Authentication and Authorization.                      #
2025-01-28 20:47:15,023 INFO c.h.h.t.HelmChartContainer - [test-hivemq-platform] [hivemq] [a8ffe0c3] # Right now any MQTT client can connect to the broker with a full set of permissions.                          #
2025-01-28 20:47:15,023 INFO c.h.h.t.HelmChartContainer - [test-hivemq-platform] [hivemq] [a8ffe0c3] # For production usage, add an appropriate security extension and remove the hivemq-allow-all extension.       #
2025-01-28 20:47:15,023 INFO c.h.h.t.HelmChartContainer - [test-hivemq-platform] [hivemq] [a8ffe0c3] # You can download security extensions from the HiveMQ Marketplace (https://www.hivemq.com/extensions/).       #
2025-01-28 20:47:15,023 INFO c.h.h.t.HelmChartContainer - [test-hivemq-platform] [hivemq] [a8ffe0c3] ################################################################################################################
2025-01-28 20:47:15,023 INFO c.h.h.t.HelmChartContainer - [test-hivemq-platform] [hivemq] [a8ffe0c3] INFO  - Extension "Allow All Extension" version 1.1.1 started successfully.
2025-01-28 20:47:15,331 INFO c.h.h.t.HelmChartContainer - [test-hivemq-platform] [hivemq] [1666440a] INFO  - Cluster nodes found by discovery: [n2vnQ|3] (2) [n2vnQ, nXJSa].
2025-01-28 20:47:15,427 INFO c.h.h.t.HelmChartContainer - [test-hivemq-platform] [hivemq] [a8ffe0c3] INFO  - Cluster nodes found by discovery: [n2vnQ|3] (2) [n2vnQ, nXJSa].
2025-01-28 20:47:15,727 INFO c.h.h.t.HelmChartContainer - [test-hivemq-platform] [hivemq] [a8ffe0c3] INFO  - Cluster size = 1, members : [n2vnQ].
2025-01-28 20:47:15,740 INFO c.h.h.t.HelmChartContainer - [EVENT] Warning [Unhealthy] Readiness probe failed: Get "http://10.42.0.12:7979/readiness": context deadline exceeded (Client.Timeout exceeded while awaiting headers) [helmcontainersecuritycontextupgradeplatformit:test-hivemq-platform-0]
2025-01-28 20:47:15,740 INFO c.h.h.t.HelmChartContainer - Received Unhealthy event for container hivemq in pod test-hivemq-platform-0 [a8ffe0c3-2713-4da7-b2bd-e8ce57608fc2]
2025-01-28 20:47:16,021 INFO c.h.h.t.HelmChartContainer - [test-hivemq-platform] [hivemq] [a8ffe0c3] INFO  - [HiveMQ Platform Operator Init App 1.7.0-SNAPSHOT] Returning Health API response 503 for readiness
2025-01-28 20:47:16,229 INFO c.h.h.t.HelmChartContainer - [test-hivemq-platform] [hivemq] [a8ffe0c3] INFO  - Starting cluster join process. This may take a while. Please do not shut down HiveMQ.
2025-01-28 20:47:16,319 INFO c.h.h.t.HelmChartContainer - [test-hivemq-platform] [hivemq] [a8ffe0c3] INFO  - Cluster join process is still ongoing. Please do not shut down HiveMQ.
2025-01-28 20:47:18,238 INFO c.h.h.t.HelmChartContainer - [test-hivemq-platform] [hivemq] [1666440a] INFO  - Cluster size = 2, members : [n2vnQ, nXJSa].
2025-01-28 20:47:18,248 INFO c.h.h.t.HelmChartContainer - [test-hivemq-platform] [hivemq] [a8ffe0c3] INFO  - Cluster size = 2, members : [n2vnQ, nXJSa].
2025-01-28 20:47:18,253 INFO c.h.h.t.HelmChartContainer - [test-hivemq-platform] [hivemq] [a8ffe0c3] INFO  - Finished cluster join process successfully.
2025-01-28 20:47:18,318 INFO c.h.h.t.HelmChartContainer - [test-hivemq-platform] [hivemq] [a8ffe0c3] WARN  - No user for HiveMQ Control Center configured. Starting with default user
2025-01-28 20:47:18,318 INFO c.h.h.t.HelmChartContainer - [test-hivemq-platform] [hivemq] [a8ffe0c3] INFO  - Starting HiveMQ Control Center on address 0.0.0.0 and port 8080
2025-01-28 20:47:18,325 INFO c.h.h.t.HelmChartContainer - [test-hivemq-platform] [hivemq] [a8ffe0c3] INFO  - Mounting HiveMQ Control Center V2 Preview
2025-01-28 20:47:18,929 INFO c.h.h.t.HelmChartContainer - [test-hivemq-platform] [hivemq] [a8ffe0c3] INFO  - Started HiveMQ Control Center in 673ms
2025-01-28 20:47:19,021 INFO c.h.h.t.HelmChartContainer - [test-hivemq-platform] [hivemq] [a8ffe0c3] INFO  - Starting TCP listener on address 0.0.0.0 and port 1884
2025-01-28 20:47:19,036 INFO c.h.h.t.HelmChartContainer - [test-hivemq-platform] [hivemq] [a8ffe0c3] INFO  - Started TCP Listener on address 0.0.0.0 and on port 1884.
2025-01-28 20:47:19,036 INFO c.h.h.t.HelmChartContainer - [test-hivemq-platform] [hivemq] [a8ffe0c3] INFO  - Started HiveMQ in 28905ms
2025-01-28 20:47:19,700 INFO c.h.h.t.HelmChartContainer - [test-hivemq-platform] [hivemq] [a8ffe0c3] INFO  - [HiveMQ Platform Operator Init App 1.7.0-SNAPSHOT] Returning Health API response 200 for readiness
2025-01-28 20:47:19,713 INFO c.h.h.t.HelmChartContainer - [POD] test-hivemq-platform-0 [a8ffe0c3-2713-4da7-b2bd-e8ce57608fc2] in helmcontainersecuritycontextupgradeplatformit was MODIFIED
2025-01-28 20:47:19,732 INFO c.h.h.t.HelmChartContainer - [hivemq-test-hivemq-platform] [hivemq-platform-operator] [9c8e0590] 20:47:19.718 [pool-6-thread-25] DEBUG c.h.p.o.d.PlatformServiceResource - [helmcont] Desired Platform services (3 services)
2025-01-28 20:47:19,732 INFO c.h.h.t.HelmChartContainer - [hivemq-test-hivemq-platform] [hivemq-platform-operator] [9c8e0590] 20:47:19.718 [pool-6-thread-30] DEBUG c.h.p.o.dependants.PodInfoConfigMap - [helmcont] Desired PodInfo ConfigMap (1 extensions) (1 enabled)
2025-01-28 20:47:19,732 INFO c.h.h.t.HelmChartContainer - [hivemq-test-hivemq-platform] [hivemq-platform-operator] [9c8e0590] 20:47:19.718 [pool-6-thread-30] DEBUG c.h.p.o.dependants.PodInfoConfigMap - [helmcont] Desired PodInfo ConfigMap (metrics port: 9399) (metrics path: /)
2025-01-28 20:47:19,732 INFO c.h.h.t.HelmChartContainer - [hivemq-test-hivemq-platform] [hivemq-platform-operator] [9c8e0590] 20:47:19.718 [pool-6-thread-30] DEBUG c.h.p.o.dependants.PodInfoConfigMap - [helmcont] Desired PodInfo ConfigMap (extension state hash: -1817474005)
2025-01-28 20:47:19,732 INFO c.h.h.t.HelmChartContainer - [hivemq-test-hivemq-platform] [hivemq-platform-operator] [9c8e0590] 20:47:19.720 [pool-6-thread-30] DEBUG c.h.p.o.d.PodServiceAccountResource - [helmcont] Desired PodServiceAccountResource (serviceAccountName: hivemq-platform-pod-test-hivemq-platform)
2025-01-28 20:47:19,732 INFO c.h.h.t.HelmChartContainer - [hivemq-test-hivemq-platform] [hivemq-platform-operator] [9c8e0590] 20:47:19.725 [pool-6-thread-30] DEBUG c.h.p.o.d.StatefulSetResource - [helmcont] Desired StatefulSet (2 replicas) for status ROLLING_RESTART (RESTART_PODS_IN_PROGRESS)
2025-01-28 20:47:19,732 INFO c.h.h.t.HelmChartContainer - [hivemq-test-hivemq-platform] [hivemq-platform-operator] [9c8e0590] 20:47:19.729 [ReconcilerExecutor-hivemq-controller-141] INFO  c.h.p.o.HiveMQPlatformReconciler - [helmcont] Reconciling HiveMQ Platform 'test-hivemq-platform' in namespace 'helmcontainersecuritycontextupgradeplatformit'
2025-01-28 20:47:19,732 INFO c.h.h.t.HelmChartContainer - [hivemq-test-hivemq-platform] [hivemq-platform-operator] [9c8e0590] 20:47:19.729 [ReconcilerExecutor-hivemq-controller-141] DEBUG c.h.p.o.HiveMQPlatformReconciler - [helmcont] Custom Resource Status ROLLING_RESTART - HiveMQ Platform is restarting Pods (rolling restart) (RESTART_PODS_IN_PROGRESS)
2025-01-28 20:47:19,732 INFO c.h.h.t.HelmChartContainer - [hivemq-test-hivemq-platform] [hivemq-platform-operator] [9c8e0590] 20:47:19.729 [ReconcilerExecutor-hivemq-controller-141] DEBUG c.h.p.o.HiveMQPlatformReconciler - [helmcont] Custom Resource Spec (replicas: 1) (extensions: 1)
2025-01-28 20:47:19,732 INFO c.h.h.t.HelmChartContainer - [hivemq-test-hivemq-platform] [hivemq-platform-operator] [9c8e0590] 20:47:19.730 [ReconcilerExecutor-hivemq-controller-141] DEBUG c.h.p.o.HiveMQPlatformReconciler - [helmcont] StatefulSet Status (revision: test-hivemq-platform-85948b8786, replicas: 2, available: 2, ready: 2, current: 0, updated: 2)
2025-01-28 20:47:19,732 INFO c.h.h.t.HelmChartContainer - [hivemq-test-hivemq-platform] [hivemq-platform-operator] [9c8e0590] 20:47:19.730 [ReconcilerExecutor-hivemq-controller-141] DEBUG c.h.p.o.HiveMQPlatformReconciler - [helmcont] StatefulSet Spec (replicas: 2, init containers: 1, containers: 1, volumes: 3)
2025-01-28 20:47:19,732 INFO c.h.h.t.HelmChartContainer - [hivemq-test-hivemq-platform] [hivemq-platform-operator] [9c8e0590] 20:47:19.731 [ReconcilerExecutor-hivemq-controller-141] DEBUG c.h.p.o.h.HiveMQPlatformReconcilerErrorHandler - [helmcont] Pod 'test-hivemq-platform-1' phase Running
2025-01-28 20:47:19,738 INFO c.h.h.t.HelmChartContainer - [hivemq-test-hivemq-platform] [hivemq-platform-operator] [9c8e0590] 20:47:19.737 [ReconcilerExecutor-hivemq-controller-141] DEBUG c.h.p.o.h.HiveMQPlatformReconcilerErrorHandler - [helmcont] Pod 'test-hivemq-platform-0' phase Running
2025-01-28 20:47:19,788 INFO c.h.h.t.HelmChartContainer - [hivemq-test-hivemq-platform] [hivemq-platform-operator] [9c8e0590] 20:47:19.787 [ReconcilerExecutor-hivemq-controller-141] DEBUG c.h.p.o.h.HiveMQPlatformReconcilerRollingRestartHandler - [helmcont] Skipping Pod test-hivemq-platform-1 as it's already on the controller update revision (update revision: test-hivemq-platform-85948b8786, pod revision: test-hivemq-platform-85948b8786)
2025-01-28 20:47:19,830 INFO c.h.h.t.HelmChartContainer - [hivemq-test-hivemq-platform] [hivemq-platform-operator] [9c8e0590] 20:47:19.829 [ReconcilerExecutor-hivemq-controller-141] DEBUG c.h.p.o.h.HiveMQPlatformReconcilerRollingRestartHandler - [helmcont] Skipping Pod test-hivemq-platform-0 as it's already on the controller update revision (update revision: test-hivemq-platform-85948b8786, pod revision: test-hivemq-platform-85948b8786)
2025-01-28 20:47:19,831 INFO c.h.h.t.HelmChartContainer - [hivemq-test-hivemq-platform] [hivemq-platform-operator] [9c8e0590] 20:47:19.829 [ReconcilerExecutor-hivemq-controller-141] INFO  c.h.p.o.h.HiveMQPlatformReconcilerRollingRestartHandler - [helmcont] Stopping surge Pod
2025-01-28 20:47:19,886 INFO c.h.h.t.HelmChartContainer - [hivemq-test-hivemq-platform] [hivemq-platform-operator] [9c8e0590] 20:47:19.885 [ReconcilerExecutor-hivemq-controller-141] DEBUG c.h.p.operator.event.EventSender - [helmcont] Creating K8s event rolling-restart-scale-down-in-progress: [RollingRestart] HiveMQ Platform is stopping the surge Pod (rolling restart)
2025-01-28 20:47:19,889 INFO c.h.h.t.HelmChartContainer - [EVENT] Normal [RollingRestart] HiveMQ Platform is stopping the surge Pod (rolling restart) [helmcontainersecuritycontextupgradeplatformit:test-hivemq-platform]
2025-01-28 20:47:19,890 INFO c.h.h.t.HelmChartContainer - [hivemq-test-hivemq-platform] [hivemq-platform-operator] [9c8e0590] 20:47:19.889 [ReconcilerExecutor-hivemq-controller-141] INFO  c.h.p.o.h.AbstractHiveMQReconcilerStateHandler - [helmcont] Update HiveMQ Platform Status (ROLLING_RESTART [RESTART_PODS_IN_PROGRESS] -> ROLLING_RESTART [SCALE_DOWN_IN_PROGRESS]): HiveMQ Platform is stopping the surge Pod (rolling restart)
2025-01-28 20:47:19,896 DEBUG com.hivemq.helmcharts.util.K8sUtil - Comparing actual state 'ROLLING_RESTART' and waiting for 'RUNNING'
2025-01-28 20:47:19,930 INFO c.h.h.t.HelmChartContainer - [hivemq-test-hivemq-platform] [hivemq-platform-operator] [9c8e0590] 20:47:19.929 [pool-6-thread-36] DEBUG c.h.p.o.d.PlatformServiceResource - [helmcont] Desired Platform services (3 services)
2025-01-28 20:47:19,932 INFO c.h.h.t.HelmChartContainer - [hivemq-test-hivemq-platform] [hivemq-platform-operator] [9c8e0590] 20:47:19.929 [pool-6-thread-39] DEBUG c.h.p.o.dependants.PodInfoConfigMap - [helmcont] Desired PodInfo ConfigMap (1 extensions) (1 enabled)
2025-01-28 20:47:19,932 INFO c.h.h.t.HelmChartContainer - [hivemq-test-hivemq-platform] [hivemq-platform-operator] [9c8e0590] 20:47:19.930 [pool-6-thread-39] DEBUG c.h.p.o.dependants.PodInfoConfigMap - [helmcont] Desired PodInfo ConfigMap (metrics port: 9399) (metrics path: /)
2025-01-28 20:47:19,932 INFO c.h.h.t.HelmChartContainer - [hivemq-test-hivemq-platform] [hivemq-platform-operator] [9c8e0590] 20:47:19.931 [pool-6-thread-39] DEBUG c.h.p.o.dependants.PodInfoConfigMap - [helmcont] Desired PodInfo ConfigMap (extension state hash: -1817474005)
2025-01-28 20:47:19,932 INFO c.h.h.t.HelmChartContainer - [hivemq-test-hivemq-platform] [hivemq-platform-operator] [9c8e0590] 20:47:19.931 [pool-6-thread-33] DEBUG c.h.p.o.d.PodServiceAccountResource - [helmcont] Desired PodServiceAccountResource (serviceAccountName: hivemq-platform-pod-test-hivemq-platform)
2025-01-28 20:47:19,932 INFO c.h.h.t.HelmChartContainer - [hivemq-test-hivemq-platform] [hivemq-platform-operator] [9c8e0590] 20:47:19.932 [pool-6-thread-39] DEBUG c.h.p.o.dependants.PodInfoConfigMap - [helmcont] Update PodInfo ConfigMap
2025-01-28 20:47:19,984 INFO c.h.h.t.HelmChartContainer - [hivemq-test-hivemq-platform] [hivemq-platform-operator] [9c8e0590] 20:47:19.983 [pool-6-thread-39] DEBUG c.h.p.o.d.StatefulSetResource - [helmcont] Desired StatefulSet (1 replicas) for status ROLLING_RESTART (SCALE_DOWN_IN_PROGRESS)
2025-01-28 20:47:19,986 INFO c.h.h.t.HelmChartContainer - [hivemq-test-hivemq-platform] [hivemq-platform-operator] [9c8e0590] 20:47:19.985 [pool-6-thread-39] DEBUG c.h.p.o.d.StatefulSetResource - [helmcont] Update StatefulSet (replicas: 2 -> 1)
2025-01-28 20:47:20,048 INFO c.h.h.t.HelmChartContainer - [POD] test-hivemq-platform-1 [1666440a-baca-482c-99cf-db78abef100f] in helmcontainersecuritycontextupgradeplatformit was MODIFIED
2025-01-28 20:47:20,050 INFO c.h.h.t.HelmChartContainer - [EVENT] Normal [SuccessfulDelete] delete Pod test-hivemq-platform-1 in StatefulSet test-hivemq-platform successful [helmcontainersecuritycontextupgradeplatformit:test-hivemq-platform]
2025-01-28 20:47:20,058 INFO c.h.h.t.HelmChartContainer - [EVENT] Normal [Killing] Stopping container hivemq [helmcontainersecuritycontextupgradeplatformit:test-hivemq-platform-1]
2025-01-28 20:47:20,058 INFO c.h.h.t.HelmChartContainer - Received Killing event for container hivemq in pod test-hivemq-platform-1 [1666440a-baca-482c-99cf-db78abef100f]
2025-01-28 20:47:20,058 INFO c.h.h.t.HelmChartContainer - Container [test-hivemq-platform-1] [hivemq] [1666440a-baca-482c-99cf-db78abef100f] was terminated
2025-01-28 20:47:20,058 INFO c.h.h.t.HelmChartContainer - Stopped log watcher for hivemq in pod test-hivemq-platform-1 [1666440a-baca-482c-99cf-db78abef100f]
2025-01-28 20:47:20,061 INFO c.h.h.t.HelmChartContainer - [test-hivemq-platform] [hivemq] [1666440a] INFO  - [HiveMQ Platform Operator Init App 1.7.0-SNAPSHOT] Shutting down
2025-01-28 20:47:20,061 INFO c.h.h.t.HelmChartContainer - [test-hivemq-platform] [hivemq] [1666440a] INFO  - [HiveMQ Platform Operator Init App 1.7.0-SNAPSHOT] Stopping the HiveMQ Platform
2025-01-28 20:47:20,132 INFO c.h.h.t.HelmChartContainer - [hivemq-test-hivemq-platform] [hivemq-platform-operator] [9c8e0590] 20:47:20.128 [ReconcilerExecutor-hivemq-controller-142] INFO  c.h.p.o.HiveMQPlatformReconciler - [helmcont] Reconciling HiveMQ Platform 'test-hivemq-platform' in namespace 'helmcontainersecuritycontextupgradeplatformit'
2025-01-28 20:47:20,132 INFO c.h.h.t.HelmChartContainer - [hivemq-test-hivemq-platform] [hivemq-platform-operator] [9c8e0590] 20:47:20.128 [ReconcilerExecutor-hivemq-controller-142] DEBUG c.h.p.o.HiveMQPlatformReconciler - [helmcont] Custom Resource Status ROLLING_RESTART - HiveMQ Platform is stopping the surge Pod (rolling restart) (SCALE_DOWN_IN_PROGRESS)
2025-01-28 20:47:20,132 INFO c.h.h.t.HelmChartContainer - [hivemq-test-hivemq-platform] [hivemq-platform-operator] [9c8e0590] 20:47:20.128 [ReconcilerExecutor-hivemq-controller-142] DEBUG c.h.p.o.HiveMQPlatformReconciler - [helmcont] Custom Resource Spec (replicas: 1) (extensions: 1)
2025-01-28 20:47:20,132 INFO c.h.h.t.HelmChartContainer - [hivemq-test-hivemq-platform] [hivemq-platform-operator] [9c8e0590] 20:47:20.129 [ReconcilerExecutor-hivemq-controller-142] DEBUG c.h.p.o.HiveMQPlatformReconciler - [helmcont] StatefulSet Status (revision: test-hivemq-platform-85948b8786, replicas: 2, available: 2, ready: 2, current: 0, updated: 1)
2025-01-28 20:47:20,132 INFO c.h.h.t.HelmChartContainer - [hivemq-test-hivemq-platform] [hivemq-platform-operator] [9c8e0590] 20:47:20.129 [ReconcilerExecutor-hivemq-controller-142] DEBUG c.h.p.o.HiveMQPlatformReconciler - [helmcont] StatefulSet Spec (replicas: 1, init containers: 1, containers: 1, volumes: 3)
2025-01-28 20:47:20,132 INFO c.h.h.t.HelmChartContainer - [hivemq-test-hivemq-platform] [hivemq-platform-operator] [9c8e0590] 20:47:20.130 [ReconcilerExecutor-hivemq-controller-142] DEBUG c.h.p.o.h.HiveMQPlatformReconcilerErrorHandler - [helmcont] Pod 'test-hivemq-platform-0' phase Running
2025-01-28 20:47:20,132 INFO c.h.h.t.HelmChartContainer - [hivemq-test-hivemq-platform] [hivemq-platform-operator] [9c8e0590] 20:47:20.130 [ReconcilerExecutor-hivemq-controller-142] DEBUG c.h.p.o.h.HiveMQPlatformReconcilerRollingRestartHandler - [helmcont] Rolling restart is waiting for 2 of 1 replicas
2025-01-28 20:47:20,134 INFO c.h.h.t.HelmChartContainer - [hivemq-test-hivemq-platform] [hivemq-platform-operator] [9c8e0590] 20:47:20.133 [pool-6-thread-47] DEBUG c.h.p.o.dependants.PodInfoConfigMap - [helmcont] Desired PodInfo ConfigMap (1 extensions) (1 enabled)
2025-01-28 20:47:20,135 INFO c.h.h.t.HelmChartContainer - [hivemq-test-hivemq-platform] [hivemq-platform-operator] [9c8e0590] 20:47:20.133 [pool-6-thread-50] DEBUG c.h.p.o.d.PlatformServiceResource - [helmcont] Desired Platform services (3 services)
2025-01-28 20:47:20,135 INFO c.h.h.t.HelmChartContainer - [hivemq-test-hivemq-platform] [hivemq-platform-operator] [9c8e0590] 20:47:20.133 [pool-6-thread-44] DEBUG c.h.p.o.d.PodServiceAccountResource - [helmcont] Desired PodServiceAccountResource (serviceAccountName: hivemq-platform-pod-test-hivemq-platform)
2025-01-28 20:47:20,135 INFO c.h.h.t.HelmChartContainer - [hivemq-test-hivemq-platform] [hivemq-platform-operator] [9c8e0590] 20:47:20.133 [pool-6-thread-47] DEBUG c.h.p.o.dependants.PodInfoConfigMap - [helmcont] Desired PodInfo ConfigMap (metrics port: 9399) (metrics path: /)
2025-01-28 20:47:20,135 INFO c.h.h.t.HelmChartContainer - [hivemq-test-hivemq-platform] [hivemq-platform-operator] [9c8e0590] 20:47:20.134 [pool-6-thread-47] DEBUG c.h.p.o.dependants.PodInfoConfigMap - [helmcont] Desired PodInfo ConfigMap (extension state hash: -1817474005)
2025-01-28 20:47:20,180 INFO c.h.h.t.HelmChartContainer - [hivemq-test-hivemq-platform] [hivemq-platform-operator] [9c8e0590] 20:47:20.178 [pool-6-thread-48] DEBUG c.h.p.o.d.StatefulSetResource - [helmcont] Desired StatefulSet (1 replicas) for status ROLLING_RESTART (SCALE_DOWN_IN_PROGRESS)
2025-01-28 20:47:20,185 INFO c.h.h.t.HelmChartContainer - [hivemq-test-hivemq-platform] [hivemq-platform-operator] [9c8e0590] 20:47:20.181 [ReconcilerExecutor-hivemq-controller-143] INFO  c.h.p.o.HiveMQPlatformReconciler - [helmcont] Reconciling HiveMQ Platform 'test-hivemq-platform' in namespace 'helmcontainersecuritycontextupgradeplatformit'
2025-01-28 20:47:20,185 INFO c.h.h.t.HelmChartContainer - [hivemq-test-hivemq-platform] [hivemq-platform-operator] [9c8e0590] 20:47:20.181 [ReconcilerExecutor-hivemq-controller-143] DEBUG c.h.p.o.HiveMQPlatformReconciler - [helmcont] Custom Resource Status ROLLING_RESTART - HiveMQ Platform is stopping the surge Pod (rolling restart) (SCALE_DOWN_IN_PROGRESS)
2025-01-28 20:47:20,185 INFO c.h.h.t.HelmChartContainer - [hivemq-test-hivemq-platform] [hivemq-platform-operator] [9c8e0590] 20:47:20.181 [ReconcilerExecutor-hivemq-controller-143] DEBUG c.h.p.o.HiveMQPlatformReconciler - [helmcont] Custom Resource Spec (replicas: 1) (extensions: 1)
2025-01-28 20:47:20,185 INFO c.h.h.t.HelmChartContainer - [hivemq-test-hivemq-platform] [hivemq-platform-operator] [9c8e0590] 20:47:20.182 [ReconcilerExecutor-hivemq-controller-143] DEBUG c.h.p.o.HiveMQPlatformReconciler - [helmcont] StatefulSet Status (revision: test-hivemq-platform-85948b8786, replicas: 2, available: 2, ready: 2, current: 0, updated: 1)
2025-01-28 20:47:20,185 INFO c.h.h.t.HelmChartContainer - [hivemq-test-hivemq-platform] [hivemq-platform-operator] [9c8e0590] 20:47:20.182 [ReconcilerExecutor-hivemq-controller-143] DEBUG c.h.p.o.HiveMQPlatformReconciler - [helmcont] StatefulSet Spec (replicas: 1, init containers: 1, containers: 1, volumes: 3)
2025-01-28 20:47:20,185 INFO c.h.h.t.HelmChartContainer - [hivemq-test-hivemq-platform] [hivemq-platform-operator] [9c8e0590] 20:47:20.184 [ReconcilerExecutor-hivemq-controller-143] DEBUG c.h.p.o.h.HiveMQPlatformReconcilerErrorHandler - [helmcont] Pod 'test-hivemq-platform-0' phase Running
2025-01-28 20:47:20,186 INFO c.h.h.t.HelmChartContainer - [hivemq-test-hivemq-platform] [hivemq-platform-operator] [9c8e0590] 20:47:20.184 [ReconcilerExecutor-hivemq-controller-143] DEBUG c.h.p.o.h.HiveMQPlatformReconcilerRollingRestartHandler - [helmcont] Rolling restart is waiting for 2 of 1 replicas
2025-01-28 20:47:20,189 INFO c.h.h.t.HelmChartContainer - [test-hivemq-platform] [hivemq] [1666440a] INFO  - Shutting down HiveMQ. Please wait, this could take a while...
2025-01-28 20:47:20,272 INFO c.h.h.t.HelmChartContainer - [test-hivemq-platform] [hivemq] [1666440a] INFO  - Shutting down listeners and clients
2025-01-28 20:47:20,273 INFO c.h.h.t.HelmChartContainer - [test-hivemq-platform] [hivemq] [1666440a] INFO  - Shutdown of listeners is done
2025-01-28 20:47:20,273 INFO c.h.h.t.HelmChartContainer - [test-hivemq-platform] [hivemq] [1666440a] INFO  - No clients are connected, proceeding with shutdown
2025-01-28 20:47:23,289 INFO c.h.h.t.HelmChartContainer - [test-hivemq-platform] [hivemq] [1666440a] INFO  - [HiveMQ Platform Operator Init App 1.7.0-SNAPSHOT] Returning shutdown Health API response 503 for readiness
2025-01-28 20:47:23,293 INFO c.h.h.t.HelmChartContainer - [EVENT] Warning [Unhealthy] Readiness probe failed: HTTP probe failed with statuscode: 503 [helmcontainersecuritycontextupgradeplatformit:test-hivemq-platform-1]
2025-01-28 20:47:23,293 INFO c.h.h.t.HelmChartContainer - Received Unhealthy event for container hivemq in pod test-hivemq-platform-1 [1666440a-baca-482c-99cf-db78abef100f]
2025-01-28 20:47:23,582 INFO c.h.h.t.HelmChartContainer - [test-hivemq-platform] [hivemq] [1666440a] INFO  - Shutting down extension system
2025-01-28 20:47:23,584 INFO c.h.h.t.HelmChartContainer - [test-hivemq-platform] [hivemq] [1666440a] INFO  - Stopping extension with id hivemq-dns-cluster-discovery
2025-01-28 20:47:23,585 INFO c.h.h.t.HelmChartContainer - [test-hivemq-platform] [hivemq] [1666440a] INFO  - Extension "DNS Cluster Discovery Extension" version 4.3.2 stopped successfully.
2025-01-28 20:47:23,586 INFO c.h.h.t.HelmChartContainer - [test-hivemq-platform] [hivemq] [1666440a] INFO  - Stopping extension with id hivemq-prometheus-extension
2025-01-28 20:47:23,589 INFO c.h.h.t.HelmChartContainer - [test-hivemq-platform] [hivemq] [1666440a] INFO  - Extension "Prometheus Monitoring Extension" version 4.0.12 stopped successfully.
2025-01-28 20:47:23,590 INFO c.h.h.t.HelmChartContainer - [test-hivemq-platform] [hivemq] [1666440a] INFO  - Stopping extension with id hivemq-allow-all-extension
2025-01-28 20:47:23,590 INFO c.h.h.t.HelmChartContainer - [test-hivemq-platform] [hivemq] [1666440a] INFO  - Extension "Allow All Extension" version 1.1.1 stopped successfully.
2025-01-28 20:47:23,596 INFO c.h.h.t.HelmChartContainer - [test-hivemq-platform] [hivemq] [a8ffe0c3] INFO  - Cluster nodes found by discovery: [nXJSa|4] (1) [nXJSa].
2025-01-28 20:47:23,601 INFO c.h.h.t.HelmChartContainer - [test-hivemq-platform] [hivemq] [a8ffe0c3] INFO  - Cluster size = 1, members : [nXJSa].
2025-01-28 20:47:25,884 INFO c.h.h.t.HelmChartContainer - [test-hivemq-platform] [hivemq] [1666440a] INFO  - Shutdown completed.
2025-01-28 20:47:26,237 INFO c.h.h.t.HelmChartContainer - [test-hivemq-platform] [hivemq] [1666440a] INFO  - [HiveMQ Platform Operator Init App 1.7.0-SNAPSHOT] The HiveMQ Platform exited with code 143
2025-01-28 20:47:26,237 INFO c.h.h.t.HelmChartContainer - [test-hivemq-platform] [hivemq] [1666440a] INFO  - [HiveMQ Platform Operator Init App 1.7.0-SNAPSHOT] Stopping the REST API
2025-01-28 20:47:26,270 INFO c.h.h.t.HelmChartContainer - [test-hivemq-platform] [hivemq] [1666440a] INFO  - [HiveMQ Platform Operator Init App 1.7.0-SNAPSHOT] Shutdown complete
2025-01-28 20:47:26,446 INFO c.h.h.t.HelmChartContainer - [test-hivemq-platform] [hivemq] [a8ffe0c3] INFO  - [HiveMQ Platform Operator Init App 1.7.0-SNAPSHOT] Returning Health API response 200 for liveness
2025-01-28 20:47:26,764 INFO c.h.h.t.HelmChartContainer - [POD] test-hivemq-platform-1 [1666440a-baca-482c-99cf-db78abef100f] in helmcontainersecuritycontextupgradeplatformit was MODIFIED
2025-01-28 20:47:26,772 INFO c.h.h.t.HelmChartContainer - [hivemq-test-hivemq-platform] [hivemq-platform-operator] [9c8e0590] 20:47:26.768 [pool-6-thread-6] DEBUG c.h.p.o.d.PlatformServiceResource - [helmcont] Desired Platform services (3 services)
2025-01-28 20:47:26,772 INFO c.h.h.t.HelmChartContainer - [hivemq-test-hivemq-platform] [hivemq-platform-operator] [9c8e0590] 20:47:26.768 [pool-6-thread-2] DEBUG c.h.p.o.dependants.PodInfoConfigMap - [helmcont] Desired PodInfo ConfigMap (1 extensions) (1 enabled)
2025-01-28 20:47:26,772 INFO c.h.h.t.HelmChartContainer - [hivemq-test-hivemq-platform] [hivemq-platform-operator] [9c8e0590] 20:47:26.768 [pool-6-thread-2] DEBUG c.h.p.o.dependants.PodInfoConfigMap - [helmcont] Desired PodInfo ConfigMap (metrics port: 9399) (metrics path: /)
2025-01-28 20:47:26,772 INFO c.h.h.t.HelmChartContainer - [hivemq-test-hivemq-platform] [hivemq-platform-operator] [9c8e0590] 20:47:26.768 [pool-6-thread-2] DEBUG c.h.p.o.dependants.PodInfoConfigMap - [helmcont] Desired PodInfo ConfigMap (extension state hash: -1817474005)
2025-01-28 20:47:26,774 INFO c.h.h.t.HelmChartContainer - [hivemq-test-hivemq-platform] [hivemq-platform-operator] [9c8e0590] 20:47:26.772 [pool-6-thread-2] DEBUG c.h.p.o.d.PodServiceAccountResource - [helmcont] Desired PodServiceAccountResource (serviceAccountName: hivemq-platform-pod-test-hivemq-platform)
2025-01-28 20:47:26,780 INFO c.h.h.t.HelmChartContainer - [hivemq-test-hivemq-platform] [hivemq-platform-operator] [9c8e0590] 20:47:26.778 [pool-6-thread-6] DEBUG c.h.p.o.d.StatefulSetResource - [helmcont] Desired StatefulSet (1 replicas) for status ROLLING_RESTART (SCALE_DOWN_IN_PROGRESS)
2025-01-28 20:47:26,785 INFO c.h.h.t.HelmChartContainer - [hivemq-test-hivemq-platform] [hivemq-platform-operator] [9c8e0590] 20:47:26.784 [ReconcilerExecutor-hivemq-controller-144] INFO  c.h.p.o.HiveMQPlatformReconciler - [helmcont] Reconciling HiveMQ Platform 'test-hivemq-platform' in namespace 'helmcontainersecuritycontextupgradeplatformit'
2025-01-28 20:47:26,786 INFO c.h.h.t.HelmChartContainer - [hivemq-test-hivemq-platform] [hivemq-platform-operator] [9c8e0590] 20:47:26.784 [ReconcilerExecutor-hivemq-controller-144] DEBUG c.h.p.o.HiveMQPlatformReconciler - [helmcont] Custom Resource Status ROLLING_RESTART - HiveMQ Platform is stopping the surge Pod (rolling restart) (SCALE_DOWN_IN_PROGRESS)
2025-01-28 20:47:26,786 INFO c.h.h.t.HelmChartContainer - [hivemq-test-hivemq-platform] [hivemq-platform-operator] [9c8e0590] 20:47:26.784 [ReconcilerExecutor-hivemq-controller-144] DEBUG c.h.p.o.HiveMQPlatformReconciler - [helmcont] Custom Resource Spec (replicas: 1) (extensions: 1)
2025-01-28 20:47:26,786 INFO c.h.h.t.HelmChartContainer - [hivemq-test-hivemq-platform] [hivemq-platform-operator] [9c8e0590] 20:47:26.785 [ReconcilerExecutor-hivemq-controller-144] DEBUG c.h.p.o.HiveMQPlatformReconciler - [helmcont] StatefulSet Status (revision: test-hivemq-platform-85948b8786, replicas: 2, available: 1, ready: 1, current: 0, updated: 1)
2025-01-28 20:47:26,786 INFO c.h.h.t.HelmChartContainer - [hivemq-test-hivemq-platform] [hivemq-platform-operator] [9c8e0590] 20:47:26.785 [ReconcilerExecutor-hivemq-controller-144] DEBUG c.h.p.o.HiveMQPlatformReconciler - [helmcont] StatefulSet Spec (replicas: 1, init containers: 1, containers: 1, volumes: 3)
2025-01-28 20:47:26,788 INFO c.h.h.t.HelmChartContainer - [hivemq-test-hivemq-platform] [hivemq-platform-operator] [9c8e0590] 20:47:26.787 [ReconcilerExecutor-hivemq-controller-144] DEBUG c.h.p.o.h.HiveMQPlatformReconcilerErrorHandler - [helmcont] Pod 'test-hivemq-platform-0' phase Running
2025-01-28 20:47:26,788 INFO c.h.h.t.HelmChartContainer - [hivemq-test-hivemq-platform] [hivemq-platform-operator] [9c8e0590] 20:47:26.787 [ReconcilerExecutor-hivemq-controller-144] INFO  c.h.p.o.h.HiveMQPlatformReconcilerRollingRestartHandler - [helmcont] Rolling restart is done
2025-01-28 20:47:26,798 INFO c.h.h.t.HelmChartContainer - [EVENT] Normal [Ready] HiveMQ Platform is ready [helmcontainersecuritycontextupgradeplatformit:test-hivemq-platform]
2025-01-28 20:47:26,800 INFO c.h.h.t.HelmChartContainer - [hivemq-test-hivemq-platform] [hivemq-platform-operator] [9c8e0590] 20:47:26.798 [ReconcilerExecutor-hivemq-controller-144] DEBUG c.h.p.operator.event.EventSender - [helmcont] Updating K8s event hivemq-platform-ready: [Ready] HiveMQ Platform is ready
2025-01-28 20:47:26,800 INFO c.h.h.t.HelmChartContainer - [hivemq-test-hivemq-platform] [hivemq-platform-operator] [9c8e0590] 20:47:26.799 [ReconcilerExecutor-hivemq-controller-144] INFO  c.h.p.o.h.AbstractHiveMQReconcilerStateHandler - [helmcont] Update HiveMQ Platform Status (ROLLING_RESTART [SCALE_DOWN_IN_PROGRESS] -> RUNNING [READY]): HiveMQ Platform is ready
2025-01-28 20:47:26,836 DEBUG com.hivemq.helmcharts.util.K8sUtil - Comparing actual state 'RUNNING' and waiting for 'RUNNING'
2025-01-28 20:47:26,838 INFO c.h.h.t.HelmChartContainer - Uninstalling release 'test-hivemq-platform' in namespace 'helmcontainersecuritycontextupgradeplatformit'...
2025-01-28 20:47:26,838 DEBUG c.h.h.t.HelmChartContainer - Executing helm command: /bin/helm --kubeconfig /etc/rancher/k3s/k3s.yaml uninstall test-hivemq-platform  --wait --timeout 5m0s --cascade foreground --namespace helmcontainersecuritycontextupgradeplatformit
2025-01-28 20:47:26,842 INFO c.h.h.t.HelmChartContainer - [hivemq-test-hivemq-platform] [hivemq-platform-operator] [9c8e0590] 20:47:26.840 [pool-6-thread-20] DEBUG c.h.p.o.d.PlatformServiceResource - [helmcont] Desired Platform services (3 services)
2025-01-28 20:47:26,844 INFO c.h.h.t.HelmChartContainer - [hivemq-test-hivemq-platform] [hivemq-platform-operator] [9c8e0590] 20:47:26.842 [pool-6-thread-15] DEBUG c.h.p.o.dependants.PodInfoConfigMap - [helmcont] Desired PodInfo ConfigMap (1 extensions) (1 enabled)
2025-01-28 20:47:26,845 INFO c.h.h.t.HelmChartContainer - [hivemq-test-hivemq-platform] [hivemq-platform-operator] [9c8e0590] 20:47:26.842 [pool-6-thread-15] DEBUG c.h.p.o.dependants.PodInfoConfigMap - [helmcont] Desired PodInfo ConfigMap (metrics port: 9399) (metrics path: /)
2025-01-28 20:47:26,845 INFO c.h.h.t.HelmChartContainer - [hivemq-test-hivemq-platform] [hivemq-platform-operator] [9c8e0590] 20:47:26.842 [pool-6-thread-15] DEBUG c.h.p.o.dependants.PodInfoConfigMap - [helmcont] Desired PodInfo ConfigMap (extension state hash: -1817474005)
2025-01-28 20:47:26,845 INFO c.h.h.t.HelmChartContainer - [hivemq-test-hivemq-platform] [hivemq-platform-operator] [9c8e0590] 20:47:26.842 [pool-6-thread-15] DEBUG c.h.p.o.dependants.PodInfoConfigMap - [helmcont] Update PodInfo ConfigMap
2025-01-28 20:47:26,871 INFO c.h.h.t.HelmChartContainer - [K3S] [reconciler_common.go:162] "operationExecutor.UnmountVolume started for volume \"pod-info\" (UniqueName: \"kubernetes.io/configmap/1666440a-baca-482c-99cf-db78abef100f-pod-info\") pod \"1666440a-baca-482c-99cf-db78abef100f\" (UID: \"1666440a-baca-482c-99cf-db78abef100f\") "
2025-01-28 20:47:26,871 INFO c.h.h.t.HelmChartContainer - [K3S] [reconciler_common.go:162] "operationExecutor.UnmountVolume started for volume \"operator-init\" (UniqueName: \"kubernetes.io/empty-dir/1666440a-baca-482c-99cf-db78abef100f-operator-init\") pod \"1666440a-baca-482c-99cf-db78abef100f\" (UID: \"1666440a-baca-482c-99cf-db78abef100f\") "
2025-01-28 20:47:26,872 INFO c.h.h.t.HelmChartContainer - [K3S] [reconciler_common.go:162] "operationExecutor.UnmountVolume started for volume \"kube-api-access-8hgdg\" (UniqueName: \"kubernetes.io/projected/1666440a-baca-482c-99cf-db78abef100f-kube-api-access-8hgdg\") pod \"1666440a-baca-482c-99cf-db78abef100f\" (UID: \"1666440a-baca-482c-99cf-db78abef100f\") "
2025-01-28 20:47:26,872 INFO c.h.h.t.HelmChartContainer - [K3S] [reconciler_common.go:162] "operationExecutor.UnmountVolume started for volume \"broker-configuration\" (UniqueName: \"kubernetes.io/configmap/1666440a-baca-482c-99cf-db78abef100f-broker-configuration\") pod \"1666440a-baca-482c-99cf-db78abef100f\" (UID: \"1666440a-baca-482c-99cf-db78abef100f\") "
2025-01-28 20:47:26,879 INFO c.h.h.t.HelmChartContainer - [hivemq-test-hivemq-platform] [hivemq-platform-operator] [9c8e0590] 20:47:26.877 [pool-6-thread-20] DEBUG c.h.p.o.d.PodServiceAccountResource - [helmcont] Desired PodServiceAccountResource (serviceAccountName: hivemq-platform-pod-test-hivemq-platform)
2025-01-28 20:47:26,889 INFO c.h.h.t.HelmChartContainer - [hivemq-test-hivemq-platform] [hivemq-platform-operator] [9c8e0590] 20:47:26.886 [pool-6-thread-15] DEBUG c.h.p.o.d.StatefulSetResource - [helmcont] Desired StatefulSet (1 replicas) for status RUNNING (READY)
2025-01-28 20:47:26,892 INFO c.h.h.t.HelmChartContainer - [K3S] [scope.go:117] "RemoveContainer" containerID="acd776879089b797c93f50341835fc5af4e27fee8b7d89b170c22d608bb728f9"
2025-01-28 20:47:26,914 INFO c.h.h.t.HelmChartContainer - [POD] test-hivemq-platform-1 [1666440a-baca-482c-99cf-db78abef100f] in helmcontainersecuritycontextupgradeplatformit was MODIFIED
2025-01-28 20:47:26,916 INFO c.h.h.t.HelmChartContainer - [POD] test-hivemq-platform-1 [1666440a-baca-482c-99cf-db78abef100f] in helmcontainersecuritycontextupgradeplatformit was DELETED
2025-01-28 20:47:26,928 INFO c.h.h.t.HelmChartContainer - [hivemq-test-hivemq-platform] [hivemq-platform-operator] [9c8e0590] 20:47:26.927 [ReconcilerExecutor-hivemq-controller-145] INFO  c.h.p.o.HiveMQPlatformReconciler - [helmcont] Reconciling HiveMQ Platform 'test-hivemq-platform' in namespace 'helmcontainersecuritycontextupgradeplatformit'
2025-01-28 20:47:26,928 INFO c.h.h.t.HelmChartContainer - [hivemq-test-hivemq-platform] [hivemq-platform-operator] [9c8e0590] 20:47:26.927 [ReconcilerExecutor-hivemq-controller-145] DEBUG c.h.p.o.HiveMQPlatformReconciler - [helmcont] Custom Resource Status RUNNING - HiveMQ Platform is ready (READY)
2025-01-28 20:47:26,928 INFO c.h.h.t.HelmChartContainer - [hivemq-test-hivemq-platform] [hivemq-platform-operator] [9c8e0590] 20:47:26.927 [ReconcilerExecutor-hivemq-controller-145] DEBUG c.h.p.o.HiveMQPlatformReconciler - [helmcont] Custom Resource Spec (replicas: 1) (extensions: 1)
2025-01-28 20:47:26,930 INFO c.h.h.t.HelmChartContainer - [hivemq-test-hivemq-platform] [hivemq-platform-operator] [9c8e0590] 20:47:26.930 [ReconcilerExecutor-hivemq-controller-145] DEBUG c.h.p.o.HiveMQPlatformReconciler - [helmcont] StatefulSet Status (revision: test-hivemq-platform-85948b8786, replicas: 2, available: 1, ready: 1, current: 0, updated: 1)
2025-01-28 20:47:26,930 INFO c.h.h.t.HelmChartContainer - [hivemq-test-hivemq-platform] [hivemq-platform-operator] [9c8e0590] 20:47:26.930 [ReconcilerExecutor-hivemq-controller-145] DEBUG c.h.p.o.HiveMQPlatformReconciler - [helmcont] StatefulSet Spec (replicas: 1, init containers: 1, containers: 1, volumes: 3)
2025-01-28 20:47:26,935 INFO c.h.h.t.HelmChartContainer - [hivemq-test-hivemq-platform] [hivemq-platform-operator] [9c8e0590] 20:47:26.931 [ReconcilerExecutor-hivemq-controller-145] DEBUG c.h.p.o.h.HiveMQPlatformReconcilerErrorHandler - [helmcont] Pod 'test-hivemq-platform-0' phase Running
2025-01-28 20:47:26,972 INFO c.h.h.t.HelmChartContainer - [K3S] [reconciler_common.go:299] "Volume detached for volume \"broker-configuration\" (UniqueName: \"kubernetes.io/configmap/1666440a-baca-482c-99cf-db78abef100f-broker-configuration\") on node \"a4d7440200d1\" DevicePath \"\""
2025-01-28 20:47:26,972 INFO c.h.h.t.HelmChartContainer - [K3S] [reconciler_common.go:299] "Volume detached for volume \"pod-info\" (UniqueName: \"kubernetes.io/configmap/1666440a-baca-482c-99cf-db78abef100f-pod-info\") on node \"a4d7440200d1\" DevicePath \"\""
2025-01-28 20:47:26,972 INFO c.h.h.t.HelmChartContainer - [K3S] [reconciler_common.go:299] "Volume detached for volume \"operator-init\" (UniqueName: \"kubernetes.io/empty-dir/1666440a-baca-482c-99cf-db78abef100f-operator-init\") on node \"a4d7440200d1\" DevicePath \"\""
2025-01-28 20:47:26,972 INFO c.h.h.t.HelmChartContainer - [K3S] [reconciler_common.go:299] "Volume detached for volume \"kube-api-access-8hgdg\" (UniqueName: \"kubernetes.io/projected/1666440a-baca-482c-99cf-db78abef100f-kube-api-access-8hgdg\") on node \"a4d7440200d1\" DevicePath \"\""
2025-01-28 20:47:26,982 INFO c.h.h.t.HelmChartContainer - [hivemq-test-hivemq-platform] [hivemq-platform-operator] [9c8e0590] 20:47:26.978 [pool-6-thread-29] DEBUG c.h.p.o.d.PlatformServiceResource - [helmcont] Desired Platform services (3 services)
2025-01-28 20:47:26,982 INFO c.h.h.t.HelmChartContainer - [hivemq-test-hivemq-platform] [hivemq-platform-operator] [9c8e0590] 20:47:26.979 [pool-6-thread-23] DEBUG c.h.p.o.dependants.PodInfoConfigMap - [helmcont] Desired PodInfo ConfigMap (1 extensions) (1 enabled)
2025-01-28 20:47:26,982 INFO c.h.h.t.HelmChartContainer - [hivemq-test-hivemq-platform] [hivemq-platform-operator] [9c8e0590] 20:47:26.979 [pool-6-thread-23] DEBUG c.h.p.o.dependants.PodInfoConfigMap - [helmcont] Desired PodInfo ConfigMap (metrics port: 9399) (metrics path: /)
2025-01-28 20:47:26,982 INFO c.h.h.t.HelmChartContainer - [hivemq-test-hivemq-platform] [hivemq-platform-operator] [9c8e0590] 20:47:26.979 [pool-6-thread-23] DEBUG c.h.p.o.dependants.PodInfoConfigMap - [helmcont] Desired PodInfo ConfigMap (extension state hash: -1817474005)
2025-01-28 20:47:26,982 INFO c.h.h.t.HelmChartContainer - [hivemq-test-hivemq-platform] [hivemq-platform-operator] [9c8e0590] 20:47:26.980 [pool-6-thread-22] DEBUG c.h.p.o.d.PodServiceAccountResource - [helmcont] Desired PodServiceAccountResource (serviceAccountName: hivemq-platform-pod-test-hivemq-platform)
2025-01-28 20:47:26,988 INFO c.h.h.t.HelmChartContainer - [hivemq-test-hivemq-platform] [hivemq-platform-operator] [9c8e0590] 20:47:26.986 [pool-6-thread-26] DEBUG c.h.p.o.d.StatefulSetResource - [helmcont] Desired StatefulSet (1 replicas) for status RUNNING (READY)
2025-01-28 20:47:27,024 INFO c.h.h.t.HelmChartContainer - [K3S] [scope.go:117] "RemoveContainer" containerID="d33d71f38f960f1f819f211da3c4689a1b13e748b9bd4cfb677aea5017f3b565"
2025-01-28 20:47:27,029 INFO c.h.h.t.HelmChartContainer - [K3S] [scope.go:117] "RemoveContainer" containerID="acd776879089b797c93f50341835fc5af4e27fee8b7d89b170c22d608bb728f9"
2025-01-28 20:47:27,030 INFO c.h.h.t.HelmChartContainer - [K3S] [scope.go:117] "RemoveContainer" containerID="d33d71f38f960f1f819f211da3c4689a1b13e748b9bd4cfb677aea5017f3b565"
2025-01-28 20:47:27,030 INFO c.h.h.t.HelmChartContainer - [hivemq-test-hivemq-platform] [hivemq-platform-operator] [9c8e0590] 20:47:27.029 [ReconcilerExecutor-hivemq-controller-146] INFO  c.h.p.o.HiveMQPlatformReconciler - [helmcont] Reconciling HiveMQ Platform 'test-hivemq-platform' in namespace 'helmcontainersecuritycontextupgradeplatformit'
2025-01-28 20:47:27,031 INFO c.h.h.t.HelmChartContainer - [hivemq-test-hivemq-platform] [hivemq-platform-operator] [9c8e0590] 20:47:27.029 [ReconcilerExecutor-hivemq-controller-146] DEBUG c.h.p.o.HiveMQPlatformReconciler - [helmcont] Custom Resource Status RUNNING - HiveMQ Platform is ready (READY)
2025-01-28 20:47:27,031 INFO c.h.h.t.HelmChartContainer - [hivemq-test-hivemq-platform] [hivemq-platform-operator] [9c8e0590] 20:47:27.029 [ReconcilerExecutor-hivemq-controller-146] DEBUG c.h.p.o.HiveMQPlatformReconciler - [helmcont] Custom Resource Spec (replicas: 1) (extensions: 1)
2025-01-28 20:47:27,035 INFO c.h.h.t.HelmChartContainer - [hivemq-test-hivemq-platform] [hivemq-platform-operator] [9c8e0590] 20:47:27.032 [ReconcilerExecutor-hivemq-controller-146] DEBUG c.h.p.o.HiveMQPlatformReconciler - [helmcont] StatefulSet Status (revision: test-hivemq-platform-85948b8786, replicas: 1, available: 1, ready: 1, current: 0, updated: 1)
2025-01-28 20:47:27,037 INFO c.h.h.t.HelmChartContainer - [hivemq-test-hivemq-platform] [hivemq-platform-operator] [9c8e0590] 20:47:27.032 [ReconcilerExecutor-hivemq-controller-146] DEBUG c.h.p.o.HiveMQPlatformReconciler - [helmcont] StatefulSet Spec (replicas: 1, init containers: 1, containers: 1, volumes: 3)
2025-01-28 20:47:27,037 INFO c.h.h.t.HelmChartContainer - [hivemq-test-hivemq-platform] [hivemq-platform-operator] [9c8e0590] 20:47:27.034 [ReconcilerExecutor-hivemq-controller-146] DEBUG c.h.p.o.h.HiveMQPlatformReconcilerErrorHandler - [helmcont] Pod 'test-hivemq-platform-0' phase Running
2025-01-28 20:47:27,038 INFO c.h.h.t.HelmChartContainer - [hivemq-test-hivemq-platform] [hivemq-platform-operator] [9c8e0590] 20:47:27.037 [pool-6-thread-34] DEBUG c.h.p.o.d.PlatformServiceResource - [helmcont] Desired Platform services (3 services)
2025-01-28 20:47:27,079 INFO c.h.h.t.HelmChartContainer - [hivemq-test-hivemq-platform] [hivemq-platform-operator] [9c8e0590] 20:47:27.078 [pool-6-thread-40] DEBUG c.h.p.o.d.PodServiceAccountResource - [helmcont] Desired PodServiceAccountResource (serviceAccountName: hivemq-platform-pod-test-hivemq-platform)
2025-01-28 20:47:27,079 INFO c.h.h.t.HelmChartContainer - [hivemq-test-hivemq-platform] [hivemq-platform-operator] [9c8e0590] 20:47:27.078 [pool-6-thread-33] DEBUG c.h.p.o.dependants.PodInfoConfigMap - [helmcont] Desired PodInfo ConfigMap (1 extensions) (1 enabled)
2025-01-28 20:47:27,080 INFO c.h.h.t.HelmChartContainer - [hivemq-test-hivemq-platform] [hivemq-platform-operator] [9c8e0590] 20:47:27.079 [pool-6-thread-33] DEBUG c.h.p.o.dependants.PodInfoConfigMap - [helmcont] Desired PodInfo ConfigMap (metrics port: 9399) (metrics path: /)
2025-01-28 20:47:27,080 INFO c.h.h.t.HelmChartContainer - [hivemq-test-hivemq-platform] [hivemq-platform-operator] [9c8e0590] 20:47:27.079 [pool-6-thread-33] DEBUG c.h.p.o.dependants.PodInfoConfigMap - [helmcont] Desired PodInfo ConfigMap (extension state hash: -1817474005)
2025-01-28 20:47:27,101 INFO c.h.h.t.HelmChartContainer - [hivemq-test-hivemq-platform] [hivemq-platform-operator] [9c8e0590] 20:47:27.095 [pool-6-thread-34] DEBUG c.h.p.o.d.StatefulSetResource - [helmcont] Desired StatefulSet (1 replicas) for status RUNNING (READY)
2025-01-28 20:47:27,137 INFO c.h.h.t.HelmChartContainer - [hivemq-test-hivemq-platform] [hivemq-platform-operator] [9c8e0590] 20:47:27.131 [ReconcilerExecutor-hivemq-controller-147] INFO  c.h.p.o.HiveMQPlatformReconciler - [helmcont] Reconciling HiveMQ Platform 'test-hivemq-platform' in namespace 'helmcontainersecuritycontextupgradeplatformit'
2025-01-28 20:47:27,137 INFO c.h.h.t.HelmChartContainer - [hivemq-test-hivemq-platform] [hivemq-platform-operator] [9c8e0590] 20:47:27.131 [ReconcilerExecutor-hivemq-controller-147] DEBUG c.h.p.o.HiveMQPlatformReconciler - [helmcont] Custom Resource Status RUNNING - HiveMQ Platform is ready (READY)
2025-01-28 20:47:27,144 INFO c.h.h.t.HelmChartContainer - [hivemq-test-hivemq-platform] [hivemq-platform-operator] [9c8e0590] 20:47:27.131 [ReconcilerExecutor-hivemq-controller-147] DEBUG c.h.p.o.HiveMQPlatformReconciler - [helmcont] Custom Resource Spec (replicas: 1) (extensions: 1)
2025-01-28 20:47:27,145 INFO c.h.h.t.HelmChartContainer - [hivemq-test-hivemq-platform] [hivemq-platform-operator] [9c8e0590] 20:47:27.132 [ReconcilerExecutor-hivemq-controller-147] WARN  c.h.p.o.h.HiveMQPlatformReconcilerErrorHandler - [helmcont] Could not find ConfigMap 'hivemq-configuration-test-hivemq-platform' for HiveMQ Platform configuration
2025-01-28 20:47:27,234 INFO c.h.h.t.HelmChartContainer - [hivemq-test-hivemq-platform] [hivemq-platform-operator] [9c8e0590] 20:47:27.233 [ReconcilerExecutor-hivemq-controller-147] DEBUG c.h.p.operator.event.EventSender - [helmcont] Creating K8s event hivemq-platform-invalid-configuration: [Start] Could not find ConfigMap 'hivemq-configuration-test-hivemq-platform' for HiveMQ Platform configuration
2025-01-28 20:47:27,281 INFO c.h.h.t.HelmChartContainer - [hivemq-test-hivemq-platform] [hivemq-platform-operator] [9c8e0590] 20:47:27.280 [ReconcilerExecutor-hivemq-controller-147] INFO  c.h.p.o.h.AbstractHiveMQReconcilerStateHandler - [helmcont] Update HiveMQ Platform Status (RUNNING [READY] -> ERROR [INVALID_CONFIG_MAP]): Could not find ConfigMap 'hivemq-configuration-test-hivemq-platform' for HiveMQ Platform configuration
2025-01-28 20:47:27,281 INFO c.h.h.t.HelmChartContainer - [EVENT] Warning [Start] Could not find ConfigMap 'hivemq-configuration-test-hivemq-platform' for HiveMQ Platform configuration [helmcontainersecuritycontextupgradeplatformit:test-hivemq-platform]
2025-01-28 20:47:27,291 INFO c.h.h.t.HelmChartContainer - [hivemq-test-hivemq-platform] [hivemq-platform-operator] [9c8e0590] 20:47:27.287 [ReconcilerExecutor-hivemq-controller-147] ERROR i.j.o.p.event.EventProcessor - Error during event processing ExecutionScope{ resource id: ResourceID{name='test-hivemq-platform', namespace='helmcontainersecuritycontextupgradeplatformit'}, version: 1250}
2025-01-28 20:47:27,291 INFO c.h.h.t.HelmChartContainer - [hivemq-test-hivemq-platform] [hivemq-platform-operator] [9c8e0590] io.fabric8.kubernetes.client.KubernetesClientException: Failure executing: PUT at: https://10.43.0.1:443/apis/hivemq.com/v1/namespaces/helmcontainersecuritycontextupgradeplatformit/hivemq-platforms/test-hivemq-platform/status. Message: Operation cannot be fulfilled on hivemq-platforms.hivemq.com "test-hivemq-platform": the object has been modified; please apply your changes to the latest version and try again. Received status: Status(apiVersion=v1, code=409, details=StatusDetails(causes=[], group=hivemq.com, kind=hivemq-platforms, name=test-hivemq-platform, retryAfterSeconds=null, uid=null, additionalProperties={}), kind=Status, message=Operation cannot be fulfilled on hivemq-platforms.hivemq.com "test-hivemq-platform": the object has been modified; please apply your changes to the latest version and try again, metadata=ListMeta(_continue=null, remainingItemCount=null, resourceVersion=null, selfLink=null, additionalProperties={}), reason=Conflict, status=Failure, additionalProperties={}).
2025-01-28 20:47:27,291 INFO c.h.h.t.HelmChartContainer - [hivemq-test-hivemq-platform] [hivemq-platform-operator] [9c8e0590] 	at io.fabric8.kubernetes.client.KubernetesClientException.copyAsCause(KubernetesClientException.java:238)
2025-01-28 20:47:27,291 INFO c.h.h.t.HelmChartContainer - [hivemq-test-hivemq-platform] [hivemq-platform-operator] [9c8e0590] 	at io.fabric8.kubernetes.client.dsl.internal.OperationSupport.waitForResult(OperationSupport.java:507)
2025-01-28 20:47:27,291 INFO c.h.h.t.HelmChartContainer - [hivemq-test-hivemq-platform] [hivemq-platform-operator] [9c8e0590] 	at io.fabric8.kubernetes.client.dsl.internal.OperationSupport.handleResponse(OperationSupport.java:524)
2025-01-28 20:47:27,291 INFO c.h.h.t.HelmChartContainer - [hivemq-test-hivemq-platform] [hivemq-platform-operator] [9c8e0590] 	at io.fabric8.kubernetes.client.dsl.internal.OperationSupport.handleUpdate(OperationSupport.java:358)
2025-01-28 20:47:27,291 INFO c.h.h.t.HelmChartContainer - [hivemq-test-hivemq-platform] [hivemq-platform-operator] [9c8e0590] 	at io.fabric8.kubernetes.client.dsl.internal.BaseOperation.handleUpdate(BaseOperation.java:759)
2025-01-28 20:47:27,291 INFO c.h.h.t.HelmChartContainer - [hivemq-test-hivemq-platform] [hivemq-platform-operator] [9c8e0590] 	at io.fabric8.kubernetes.client.dsl.internal.HasMetadataOperation.update(HasMetadataOperation.java:138)
2025-01-28 20:47:27,291 INFO c.h.h.t.HelmChartContainer - [hivemq-test-hivemq-platform] [hivemq-platform-operator] [9c8e0590] 	at io.fabric8.kubernetes.client.dsl.internal.HasMetadataOperation.update(HasMetadataOperation.java:121)
2025-01-28 20:47:27,291 INFO c.h.h.t.HelmChartContainer - [hivemq-test-hivemq-platform] [hivemq-platform-operator] [9c8e0590] 	at io.fabric8.kubernetes.client.dsl.internal.HasMetadataOperation.updateStatus(HasMetadataOperation.java:126)
2025-01-28 20:47:27,291 INFO c.h.h.t.HelmChartContainer - [hivemq-test-hivemq-platform] [hivemq-platform-operator] [9c8e0590] 	at io.fabric8.kubernetes.client.dsl.internal.HasMetadataOperation.updateStatus(HasMetadataOperation.java:44)
2025-01-28 20:47:27,291 INFO c.h.h.t.HelmChartContainer - [hivemq-test-hivemq-platform] [hivemq-platform-operator] [9c8e0590] 	at io.javaoperatorsdk.operator.processing.event.ReconciliationDispatcher$CustomResourceFacade.updateStatus(ReconciliationDispatcher.java:408)
2025-01-28 20:47:27,291 INFO c.h.h.t.HelmChartContainer - [hivemq-test-hivemq-platform] [hivemq-platform-operator] [9c8e0590] 	at io.javaoperatorsdk.operator.processing.event.ReconciliationDispatcher.updateStatusGenerationAware(ReconciliationDispatcher.java:228)
2025-01-28 20:47:27,291 INFO c.h.h.t.HelmChartContainer - [hivemq-test-hivemq-platform] [hivemq-platform-operator] [9c8e0590] 	at io.javaoperatorsdk.operator.processing.event.ReconciliationDispatcher.reconcileExecution(ReconciliationDispatcher.java:150)
2025-01-28 20:47:27,291 INFO c.h.h.t.HelmChartContainer - [hivemq-test-hivemq-platform] [hivemq-platform-operator] [9c8e0590] 	at io.javaoperatorsdk.operator.processing.event.ReconciliationDispatcher.handleReconcile(ReconciliationDispatcher.java:117)
2025-01-28 20:47:27,291 INFO c.h.h.t.HelmChartContainer - [hivemq-test-hivemq-platform] [hivemq-platform-operator] [9c8e0590] 	at io.javaoperatorsdk.operator.processing.event.ReconciliationDispatcher.handleDispatch(ReconciliationDispatcher.java:91)
2025-01-28 20:47:27,291 INFO c.h.h.t.HelmChartContainer - [hivemq-test-hivemq-platform] [hivemq-platform-operator] [9c8e0590] 	at io.javaoperatorsdk.operator.processing.event.ReconciliationDispatcher.handleExecution(ReconciliationDispatcher.java:64)
2025-01-28 20:47:27,291 INFO c.h.h.t.HelmChartContainer - [hivemq-test-hivemq-platform] [hivemq-platform-operator] [9c8e0590] 	at io.javaoperatorsdk.operator.processing.event.EventProcessor$ReconcilerExecutor.run(EventProcessor.java:452)
2025-01-28 20:47:27,291 INFO c.h.h.t.HelmChartContainer - [hivemq-test-hivemq-platform] [hivemq-platform-operator] [9c8e0590] 	at java.base/java.util.concurrent.ThreadPoolExecutor.runWorker(Unknown Source)
2025-01-28 20:47:27,292 INFO c.h.h.t.HelmChartContainer - [hivemq-test-hivemq-platform] [hivemq-platform-operator] [9c8e0590] 	at java.base/java.util.concurrent.ThreadPoolExecutor$Worker.run(Unknown Source)
2025-01-28 20:47:27,292 INFO c.h.h.t.HelmChartContainer - [hivemq-test-hivemq-platform] [hivemq-platform-operator] [9c8e0590] 	at java.base/java.lang.Thread.run(Unknown Source)
2025-01-28 20:47:27,292 INFO c.h.h.t.HelmChartContainer - [hivemq-test-hivemq-platform] [hivemq-platform-operator] [9c8e0590] Caused by: io.fabric8.kubernetes.client.KubernetesClientException: Failure executing: PUT at: https://10.43.0.1:443/apis/hivemq.com/v1/namespaces/helmcontainersecuritycontextupgradeplatformit/hivemq-platforms/test-hivemq-platform/status. Message: Operation cannot be fulfilled on hivemq-platforms.hivemq.com "test-hivemq-platform": the object has been modified; please apply your changes to the latest version and try again. Received status: Status(apiVersion=v1, code=409, details=StatusDetails(causes=[], group=hivemq.com, kind=hivemq-platforms, name=test-hivemq-platform, retryAfterSeconds=null, uid=null, additionalProperties={}), kind=Status, message=Operation cannot be fulfilled on hivemq-platforms.hivemq.com "test-hivemq-platform": the object has been modified; please apply your changes to the latest version and try again, metadata=ListMeta(_continue=null, remainingItemCount=null, resourceVersion=null, selfLink=null, additionalProperties={}), reason=Conflict, status=Failure, additionalProperties={}).
2025-01-28 20:47:27,292 INFO c.h.h.t.HelmChartContainer - [hivemq-test-hivemq-platform] [hivemq-platform-operator] [9c8e0590] 	at io.fabric8.kubernetes.client.dsl.internal.OperationSupport.requestFailure(OperationSupport.java:660)
2025-01-28 20:47:27,292 INFO c.h.h.t.HelmChartContainer - [hivemq-test-hivemq-platform] [hivemq-platform-operator] [9c8e0590] 	at io.fabric8.kubernetes.client.dsl.internal.OperationSupport.requestFailure(OperationSupport.java:640)
2025-01-28 20:47:27,292 INFO c.h.h.t.HelmChartContainer - [hivemq-test-hivemq-platform] [hivemq-platform-operator] [9c8e0590] 	at io.fabric8.kubernetes.client.dsl.internal.OperationSupport.assertResponseCode(OperationSupport.java:589)
2025-01-28 20:47:27,292 INFO c.h.h.t.HelmChartContainer - [hivemq-test-hivemq-platform] [hivemq-platform-operator] [9c8e0590] 	at io.fabric8.kubernetes.client.dsl.internal.OperationSupport.lambda$handleResponse$0(OperationSupport.java:549)
2025-01-28 20:47:27,292 INFO c.h.h.t.HelmChartContainer - [hivemq-test-hivemq-platform] [hivemq-platform-operator] [9c8e0590] 	at java.base/java.util.concurrent.CompletableFuture$UniApply.tryFire(Unknown Source)
2025-01-28 20:47:27,292 INFO c.h.h.t.HelmChartContainer - [hivemq-test-hivemq-platform] [hivemq-platform-operator] [9c8e0590] 	at java.base/java.util.concurrent.CompletableFuture.postComplete(Unknown Source)
2025-01-28 20:47:27,292 INFO c.h.h.t.HelmChartContainer - [hivemq-test-hivemq-platform] [hivemq-platform-operator] [9c8e0590] 	at java.base/java.util.concurrent.CompletableFuture.complete(Unknown Source)
2025-01-28 20:47:27,292 INFO c.h.h.t.HelmChartContainer - [hivemq-test-hivemq-platform] [hivemq-platform-operator] [9c8e0590] 	at io.fabric8.kubernetes.client.http.StandardHttpClient.lambda$completeOrCancel$10(StandardHttpClient.java:141)
2025-01-28 20:47:27,292 INFO c.h.h.t.HelmChartContainer - [hivemq-test-hivemq-platform] [hivemq-platform-operator] [9c8e0590] 	at java.base/java.util.concurrent.CompletableFuture.uniWhenComplete(Unknown Source)
2025-01-28 20:47:27,292 INFO c.h.h.t.HelmChartContainer - [hivemq-test-hivemq-platform] [hivemq-platform-operator] [9c8e0590] 	at java.base/java.util.concurrent.CompletableFuture$UniWhenComplete.tryFire(Unknown Source)
2025-01-28 20:47:27,292 INFO c.h.h.t.HelmChartContainer - [hivemq-test-hivemq-platform] [hivemq-platform-operator] [9c8e0590] 	at java.base/java.util.concurrent.CompletableFuture.postComplete(Unknown Source)
2025-01-28 20:47:27,292 INFO c.h.h.t.HelmChartContainer - [hivemq-test-hivemq-platform] [hivemq-platform-operator] [9c8e0590] 	at java.base/java.util.concurrent.CompletableFuture.complete(Unknown Source)
2025-01-28 20:47:27,292 INFO c.h.h.t.HelmChartContainer - [hivemq-test-hivemq-platform] [hivemq-platform-operator] [9c8e0590] 	at io.fabric8.kubernetes.client.http.ByteArrayBodyHandler.onBodyDone(ByteArrayBodyHandler.java:51)
2025-01-28 20:47:27,292 INFO c.h.h.t.HelmChartContainer - [hivemq-test-hivemq-platform] [hivemq-platform-operator] [9c8e0590] 	at java.base/java.util.concurrent.CompletableFuture.uniWhenComplete(Unknown Source)
2025-01-28 20:47:27,292 INFO c.h.h.t.HelmChartContainer - [hivemq-test-hivemq-platform] [hivemq-platform-operator] [9c8e0590] 	at java.base/java.util.concurrent.CompletableFuture$UniWhenComplete.tryFire(Unknown Source)
2025-01-28 20:47:27,292 INFO c.h.h.t.HelmChartContainer - [hivemq-test-hivemq-platform] [hivemq-platform-operator] [9c8e0590] 	at java.base/java.util.concurrent.CompletableFuture.postComplete(Unknown Source)
2025-01-28 20:47:27,292 INFO c.h.h.t.HelmChartContainer - [hivemq-test-hivemq-platform] [hivemq-platform-operator] [9c8e0590] 	at java.base/java.util.concurrent.CompletableFuture.complete(Unknown Source)
2025-01-28 20:47:27,292 INFO c.h.h.t.HelmChartContainer - [hivemq-test-hivemq-platform] [hivemq-platform-operator] [9c8e0590] 	at io.fabric8.kubernetes.client.vertx.VertxHttpRequest.lambda$null$1(VertxHttpRequest.java:121)
2025-01-28 20:47:27,292 INFO c.h.h.t.HelmChartContainer - [hivemq-test-hivemq-platform] [hivemq-platform-operator] [9c8e0590] 	at io.vertx.core.impl.ContextInternal.dispatch(ContextInternal.java:279)
2025-01-28 20:47:27,292 INFO c.h.h.t.HelmChartContainer - [hivemq-test-hivemq-platform] [hivemq-platform-operator] [9c8e0590] 	at io.vertx.core.impl.ContextInternal.dispatch(ContextInternal.java:261)
2025-01-28 20:47:27,292 INFO c.h.h.t.HelmChartContainer - [hivemq-test-hivemq-platform] [hivemq-platform-operator] [9c8e0590] 	at io.vertx.core.http.impl.HttpEventHandler.handleEnd(HttpEventHandler.java:76)
2025-01-28 20:47:27,292 INFO c.h.h.t.HelmChartContainer - [hivemq-test-hivemq-platform] [hivemq-platform-operator] [9c8e0590] 	at io.vertx.core.http.impl.HttpClientResponseImpl.handleEnd(HttpClientResponseImpl.java:250)
2025-01-28 20:47:27,292 INFO c.h.h.t.HelmChartContainer - [hivemq-test-hivemq-platform] [hivemq-platform-operator] [9c8e0590] 	at io.vertx.core.http.impl.Http1xClientConnection$StreamImpl.lambda$new$0(Http1xClientConnection.java:421)
2025-01-28 20:47:27,292 INFO c.h.h.t.HelmChartContainer - [hivemq-test-hivemq-platform] [hivemq-platform-operator] [9c8e0590] 	at io.vertx.core.streams.impl.InboundBuffer.handleEvent(InboundBuffer.java:279)
2025-01-28 20:47:27,292 INFO c.h.h.t.HelmChartContainer - [hivemq-test-hivemq-platform] [hivemq-platform-operator] [9c8e0590] 	at io.vertx.core.streams.impl.InboundBuffer.write(InboundBuffer.java:157)
2025-01-28 20:47:27,292 INFO c.h.h.t.HelmChartContainer - [hivemq-test-hivemq-platform] [hivemq-platform-operator] [9c8e0590] 	at io.vertx.core.http.impl.Http1xClientConnection$StreamImpl.handleEnd(Http1xClientConnection.java:709)
2025-01-28 20:47:27,292 INFO c.h.h.t.HelmChartContainer - [hivemq-test-hivemq-platform] [hivemq-platform-operator] [9c8e0590] 	at io.vertx.core.impl.ContextImpl.execute(ContextImpl.java:313)
2025-01-28 20:47:27,292 INFO c.h.h.t.HelmChartContainer - [hivemq-test-hivemq-platform] [hivemq-platform-operator] [9c8e0590] 	at io.vertx.core.impl.ContextImpl.execute(ContextImpl.java:293)
2025-01-28 20:47:27,292 INFO c.h.h.t.HelmChartContainer - [hivemq-test-hivemq-platform] [hivemq-platform-operator] [9c8e0590] 	at io.vertx.core.http.impl.Http1xClientConnection.handleResponseEnd(Http1xClientConnection.java:940)
2025-01-28 20:47:27,292 INFO c.h.h.t.HelmChartContainer - [hivemq-test-hivemq-platform] [hivemq-platform-operator] [9c8e0590] 	at io.vertx.core.http.impl.Http1xClientConnection.handleHttpMessage(Http1xClientConnection.java:810)
2025-01-28 20:47:27,292 INFO c.h.h.t.HelmChartContainer - [hivemq-test-hivemq-platform] [hivemq-platform-operator] [9c8e0590] 	at io.vertx.core.http.impl.Http1xClientConnection.handleMessage(Http1xClientConnection.java:774)
2025-01-28 20:47:27,292 INFO c.h.h.t.HelmChartContainer - [hivemq-test-hivemq-platform] [hivemq-platform-operator] [9c8e0590] 	at io.vertx.core.net.impl.ConnectionBase.read(ConnectionBase.java:159)
2025-01-28 20:47:27,292 INFO c.h.h.t.HelmChartContainer - [hivemq-test-hivemq-platform] [hivemq-platform-operator] [9c8e0590] 	at io.vertx.core.net.impl.VertxHandler.channelRead(VertxHandler.java:153)
2025-01-28 20:47:27,292 INFO c.h.h.t.HelmChartContainer - [hivemq-test-hivemq-platform] [hivemq-platform-operator] [9c8e0590] 	at io.netty.channel.AbstractChannelHandlerContext.invokeChannelRead(AbstractChannelHandlerContext.java:442)
2025-01-28 20:47:27,292 INFO c.h.h.t.HelmChartContainer - [hivemq-test-hivemq-platform] [hivemq-platform-operator] [9c8e0590] 	at io.netty.channel.AbstractChannelHandlerContext.invokeChannelRead(AbstractChannelHandlerContext.java:420)
2025-01-28 20:47:27,292 INFO c.h.h.t.HelmChartContainer - [hivemq-test-hivemq-platform] [hivemq-platform-operator] [9c8e0590] 	at io.netty.channel.AbstractChannelHandlerContext.fireChannelRead(AbstractChannelHandlerContext.java:412)
2025-01-28 20:47:27,292 INFO c.h.h.t.HelmChartContainer - [hivemq-test-hivemq-platform] [hivemq-platform-operator] [9c8e0590] 	at io.netty.channel.CombinedChannelDuplexHandler$DelegatingChannelHandlerContext.fireChannelRead(CombinedChannelDuplexHandler.java:436)
2025-01-28 20:47:27,293 INFO c.h.h.t.HelmChartContainer - [hivemq-test-hivemq-platform] [hivemq-platform-operator] [9c8e0590] 	at io.netty.handler.codec.ByteToMessageDecoder.fireChannelRead(ByteToMessageDecoder.java:346)
2025-01-28 20:47:27,293 INFO c.h.h.t.HelmChartContainer - [hivemq-test-hivemq-platform] [hivemq-platform-operator] [9c8e0590] 	at io.netty.handler.codec.ByteToMessageDecoder.channelRead(ByteToMessageDecoder.java:318)
2025-01-28 20:47:27,293 INFO c.h.h.t.HelmChartContainer - [hivemq-test-hivemq-platform] [hivemq-platform-operator] [9c8e0590] 	at io.netty.channel.CombinedChannelDuplexHandler.channelRead(CombinedChannelDuplexHandler.java:251)
2025-01-28 20:47:27,293 INFO c.h.h.t.HelmChartContainer - [hivemq-test-hivemq-platform] [hivemq-platform-operator] [9c8e0590] 	at io.netty.channel.AbstractChannelHandlerContext.invokeChannelRead(AbstractChannelHandlerContext.java:442)
2025-01-28 20:47:27,293 INFO c.h.h.t.HelmChartContainer - [hivemq-test-hivemq-platform] [hivemq-platform-operator] [9c8e0590] 	at io.netty.channel.AbstractChannelHandlerContext.invokeChannelRead(AbstractChannelHandlerContext.java:420)
2025-01-28 20:47:27,293 INFO c.h.h.t.HelmChartContainer - [hivemq-test-hivemq-platform] [hivemq-platform-operator] [9c8e0590] 	at io.netty.channel.AbstractChannelHandlerContext.fireChannelRead(AbstractChannelHandlerContext.java:412)
2025-01-28 20:47:27,293 INFO c.h.h.t.HelmChartContainer - [hivemq-test-hivemq-platform] [hivemq-platform-operator] [9c8e0590] 	at io.netty.handler.ssl.SslHandler.unwrap(SslHandler.java:1475)
2025-01-28 20:47:27,293 INFO c.h.h.t.HelmChartContainer - [hivemq-test-hivemq-platform] [hivemq-platform-operator] [9c8e0590] 	at io.netty.handler.ssl.SslHandler.decodeJdkCompatible(SslHandler.java:1338)
2025-01-28 20:47:27,293 INFO c.h.h.t.HelmChartContainer - [hivemq-test-hivemq-platform] [hivemq-platform-operator] [9c8e0590] 	at io.netty.handler.ssl.SslHandler.decode(SslHandler.java:1387)
2025-01-28 20:47:27,293 INFO c.h.h.t.HelmChartContainer - [hivemq-test-hivemq-platform] [hivemq-platform-operator] [9c8e0590] 	at io.netty.handler.codec.ByteToMessageDecoder.decodeRemovalReentryProtection(ByteToMessageDecoder.java:530)
2025-01-28 20:47:27,293 INFO c.h.h.t.HelmChartContainer - [hivemq-test-hivemq-platform] [hivemq-platform-operator] [9c8e0590] 	at io.netty.handler.codec.ByteToMessageDecoder.callDecode(ByteToMessageDecoder.java:469)
2025-01-28 20:47:27,293 INFO c.h.h.t.HelmChartContainer - [hivemq-test-hivemq-platform] [hivemq-platform-operator] [9c8e0590] 	at io.netty.handler.codec.ByteToMessageDecoder.channelRead(ByteToMessageDecoder.java:290)
2025-01-28 20:47:27,293 INFO c.h.h.t.HelmChartContainer - [hivemq-test-hivemq-platform] [hivemq-platform-operator] [9c8e0590] 	at io.netty.channel.AbstractChannelHandlerContext.invokeChannelRead(AbstractChannelHandlerContext.java:444)
2025-01-28 20:47:27,293 INFO c.h.h.t.HelmChartContainer - [hivemq-test-hivemq-platform] [hivemq-platform-operator] [9c8e0590] 	at io.netty.channel.AbstractChannelHandlerContext.invokeChannelRead(AbstractChannelHandlerContext.java:420)
2025-01-28 20:47:27,293 INFO c.h.h.t.HelmChartContainer - [hivemq-test-hivemq-platform] [hivemq-platform-operator] [9c8e0590] 	at io.netty.channel.AbstractChannelHandlerContext.fireChannelRead(AbstractChannelHandlerContext.java:412)
2025-01-28 20:47:27,293 INFO c.h.h.t.HelmChartContainer - [hivemq-test-hivemq-platform] [hivemq-platform-operator] [9c8e0590] 	at io.netty.channel.DefaultChannelPipeline$HeadContext.channelRead(DefaultChannelPipeline.java:1407)
2025-01-28 20:47:27,293 INFO c.h.h.t.HelmChartContainer - [hivemq-test-hivemq-platform] [hivemq-platform-operator] [9c8e0590] 	at io.netty.channel.AbstractChannelHandlerContext.invokeChannelRead(AbstractChannelHandlerContext.java:440)
2025-01-28 20:47:27,293 INFO c.h.h.t.HelmChartContainer - [hivemq-test-hivemq-platform] [hivemq-platform-operator] [9c8e0590] 	at io.netty.channel.AbstractChannelHandlerContext.invokeChannelRead(AbstractChannelHandlerContext.java:420)
2025-01-28 20:47:27,293 INFO c.h.h.t.HelmChartContainer - [hivemq-test-hivemq-platform] [hivemq-platform-operator] [9c8e0590] 	at io.netty.channel.DefaultChannelPipeline.fireChannelRead(DefaultChannelPipeline.java:918)
2025-01-28 20:47:27,293 INFO c.h.h.t.HelmChartContainer - [hivemq-test-hivemq-platform] [hivemq-platform-operator] [9c8e0590] 	at io.netty.channel.nio.AbstractNioByteChannel$NioByteUnsafe.read(AbstractNioByteChannel.java:166)
2025-01-28 20:47:27,293 INFO c.h.h.t.HelmChartContainer - [hivemq-test-hivemq-platform] [hivemq-platform-operator] [9c8e0590] 	at io.netty.channel.nio.NioEventLoop.processSelectedKey(NioEventLoop.java:788)
2025-01-28 20:47:27,293 INFO c.h.h.t.HelmChartContainer - [hivemq-test-hivemq-platform] [hivemq-platform-operator] [9c8e0590] 	at io.netty.channel.nio.NioEventLoop.processSelectedKeysOptimized(NioEventLoop.java:724)
2025-01-28 20:47:27,293 INFO c.h.h.t.HelmChartContainer - [hivemq-test-hivemq-platform] [hivemq-platform-operator] [9c8e0590] 	at io.netty.channel.nio.NioEventLoop.processSelectedKeys(NioEventLoop.java:650)
2025-01-28 20:47:27,293 INFO c.h.h.t.HelmChartContainer - [hivemq-test-hivemq-platform] [hivemq-platform-operator] [9c8e0590] 	at io.netty.channel.nio.NioEventLoop.run(NioEventLoop.java:562)
2025-01-28 20:47:27,293 INFO c.h.h.t.HelmChartContainer - [hivemq-test-hivemq-platform] [hivemq-platform-operator] [9c8e0590] 	at io.netty.util.concurrent.SingleThreadEventExecutor$4.run(SingleThreadEventExecutor.java:997)
2025-01-28 20:47:27,293 INFO c.h.h.t.HelmChartContainer - [hivemq-test-hivemq-platform] [hivemq-platform-operator] [9c8e0590] 	at io.netty.util.internal.ThreadExecutorMap$2.run(ThreadExecutorMap.java:74)
2025-01-28 20:47:27,293 INFO c.h.h.t.HelmChartContainer - [hivemq-test-hivemq-platform] [hivemq-platform-operator] [9c8e0590] 	at io.netty.util.concurrent.FastThreadLocalRunnable.run(FastThreadLocalRunnable.java:30)
2025-01-28 20:47:27,293 INFO c.h.h.t.HelmChartContainer - [hivemq-test-hivemq-platform] [hivemq-platform-operator] [9c8e0590] 	... 1 common frames omitted
2025-01-28 20:47:27,296 INFO c.h.h.t.HelmChartContainer - [hivemq-test-hivemq-platform] [hivemq-platform-operator] [9c8e0590] 20:47:27.295 [ReconcilerExecutor-hivemq-controller-152] INFO  c.h.p.o.HiveMQPlatformReconciler - [helmcont] Cleanup test-hivemq-platform - helmcontainersecuritycontextupgradeplatformit HiveMQ Platform is shut down
2025-01-28 20:47:27,991 INFO c.h.h.t.HelmChartContainer - [POD] test-hivemq-platform-0 [a8ffe0c3-2713-4da7-b2bd-e8ce57608fc2] in helmcontainersecuritycontextupgradeplatformit was MODIFIED
2025-01-28 20:47:27,996 INFO c.h.h.t.HelmChartContainer - [EVENT] Normal [Killing] Stopping container hivemq [helmcontainersecuritycontextupgradeplatformit:test-hivemq-platform-0]
2025-01-28 20:47:27,996 INFO c.h.h.t.HelmChartContainer - Received Killing event for container hivemq in pod test-hivemq-platform-0 [a8ffe0c3-2713-4da7-b2bd-e8ce57608fc2]
2025-01-28 20:47:27,996 INFO c.h.h.t.HelmChartContainer - Container [test-hivemq-platform-0] [hivemq] [a8ffe0c3-2713-4da7-b2bd-e8ce57608fc2] was terminated
2025-01-28 20:47:27,996 INFO c.h.h.t.HelmChartContainer - Stopped log watcher for hivemq in pod test-hivemq-platform-0 [a8ffe0c3-2713-4da7-b2bd-e8ce57608fc2]
2025-01-28 20:47:28,003 INFO c.h.h.t.HelmChartContainer - [test-hivemq-platform] [hivemq] [a8ffe0c3] INFO  - [HiveMQ Platform Operator Init App 1.7.0-SNAPSHOT] Shutting down
2025-01-28 20:47:28,004 INFO c.h.h.t.HelmChartContainer - [test-hivemq-platform] [hivemq] [a8ffe0c3] INFO  - [HiveMQ Platform Operator Init App 1.7.0-SNAPSHOT] Stopping the HiveMQ Platform
2025-01-28 20:47:28,123 INFO c.h.h.t.HelmChartContainer - [test-hivemq-platform] [hivemq] [a8ffe0c3] INFO  - Shutting down HiveMQ. Please wait, this could take a while...
2025-01-28 20:47:28,126 INFO c.h.h.t.HelmChartContainer - [test-hivemq-platform] [hivemq] [a8ffe0c3] INFO  - Shutting down listeners and clients
2025-01-28 20:47:28,156 INFO c.h.h.t.HelmChartContainer - [K3S] [kubelet_volumes.go:163] "Cleaned up orphaned pod volumes dir" podUID="1666440a-baca-482c-99cf-db78abef100f" path="/var/lib/kubelet/pods/1666440a-baca-482c-99cf-db78abef100f/volumes"
2025-01-28 20:47:28,183 INFO c.h.h.t.HelmChartContainer - [test-hivemq-platform] [hivemq] [a8ffe0c3] INFO  - Shutdown of listeners is done
2025-01-28 20:47:28,183 INFO c.h.h.t.HelmChartContainer - [test-hivemq-platform] [hivemq] [a8ffe0c3] INFO  - No clients are connected, proceeding with shutdown
2025-01-28 20:47:29,160 INFO c.h.h.t.HelmChartContainer - Deleting namespace 'helmcontainersecuritycontextupgradeplatformit'...
2025-01-28 20:47:29,696 INFO c.h.h.t.HelmChartContainer - [test-hivemq-platform] [hivemq] [a8ffe0c3] INFO  - [HiveMQ Platform Operator Init App 1.7.0-SNAPSHOT] Returning shutdown Health API response 503 for readiness
2025-01-28 20:47:29,700 INFO c.h.h.t.HelmChartContainer - [EVENT] Warning [Unhealthy] Readiness probe failed: HTTP probe failed with statuscode: 503 [helmcontainersecuritycontextupgradeplatformit:test-hivemq-platform-0]
2025-01-28 20:47:29,700 INFO c.h.h.t.HelmChartContainer - Received Unhealthy event for container hivemq in pod test-hivemq-platform-0 [a8ffe0c3-2713-4da7-b2bd-e8ce57608fc2]
2025-01-28 20:47:30,234 INFO c.h.h.t.HelmChartContainer - [K3S] [authentication.go:74] "Unable to authenticate the request" err="[invalid bearer token, serviceaccounts \"hivemq-platform-pod-test-hivemq-platform\" not found]"
2025-01-28 20:47:30,281 INFO c.h.h.t.HelmChartContainer - [K3S] [authentication.go:74] "Unable to authenticate the request" err="[invalid bearer token, serviceaccounts \"hivemq-platform-pod-test-hivemq-platform\" not found]"
2025-01-28 20:47:30,321 INFO c.h.h.t.HelmChartContainer - [test-hivemq-platform] [hivemq] [a8ffe0c3] WARN  - [HiveMQ Platform Operator Init App 1.7.0-SNAPSHOT] Could not update Pod annotations: Failure executing: GET at: https://10.43.0.1:443/api/v1/namespaces/helmcontainersecuritycontextupgradeplatformit/pods/test-hivemq-platform-0. Message: Unauthorized. Received status: Status(apiVersion=v1, code=401, details=null, kind=Status, message=Unauthorized, metadata=ListMeta(_continue=null, remainingItemCount=null, resourceVersion=null, selfLink=null, additionalProperties={}), reason=Unauthorized, status=Failure, additionalProperties={}).
2025-01-28 20:47:31,231 INFO c.h.h.t.HelmChartContainer - [test-hivemq-platform] [hivemq] [a8ffe0c3] INFO  - Shutting down extension system
2025-01-28 20:47:31,236 INFO c.h.h.t.HelmChartContainer - [test-hivemq-platform] [hivemq] [a8ffe0c3] INFO  - Stopping extension with id hivemq-dns-cluster-discovery
2025-01-28 20:47:31,237 INFO c.h.h.t.HelmChartContainer - [test-hivemq-platform] [hivemq] [a8ffe0c3] INFO  - Extension "DNS Cluster Discovery Extension" version 4.3.2 stopped successfully.
2025-01-28 20:47:31,238 INFO c.h.h.t.HelmChartContainer - [test-hivemq-platform] [hivemq] [a8ffe0c3] INFO  - Stopping extension with id hivemq-prometheus-extension
2025-01-28 20:47:31,241 INFO c.h.h.t.HelmChartContainer - [test-hivemq-platform] [hivemq] [a8ffe0c3] INFO  - Extension "Prometheus Monitoring Extension" version 4.0.12 stopped successfully.
2025-01-28 20:47:31,242 INFO c.h.h.t.HelmChartContainer - [test-hivemq-platform] [hivemq] [a8ffe0c3] INFO  - Stopping extension with id hivemq-allow-all-extension
2025-01-28 20:47:31,242 INFO c.h.h.t.HelmChartContainer - [test-hivemq-platform] [hivemq] [a8ffe0c3] INFO  - Extension "Allow All Extension" version 1.1.1 stopped successfully.
2025-01-28 20:47:33,523 INFO c.h.h.t.HelmChartContainer - [test-hivemq-platform] [hivemq] [a8ffe0c3] INFO  - Shutdown completed.
2025-01-28 20:47:33,872 INFO c.h.h.t.HelmChartContainer - [test-hivemq-platform] [hivemq] [a8ffe0c3] INFO  - [HiveMQ Platform Operator Init App 1.7.0-SNAPSHOT] The HiveMQ Platform exited with code 143
2025-01-28 20:47:33,872 INFO c.h.h.t.HelmChartContainer - [test-hivemq-platform] [hivemq] [a8ffe0c3] INFO  - [HiveMQ Platform Operator Init App 1.7.0-SNAPSHOT] Stopping the REST API
2025-01-28 20:47:33,878 INFO c.h.h.t.HelmChartContainer - [test-hivemq-platform] [hivemq] [a8ffe0c3] INFO  - [HiveMQ Platform Operator Init App 1.7.0-SNAPSHOT] Shutdown complete
2025-01-28 20:47:34,350 INFO c.h.h.t.HelmChartContainer - [POD] test-hivemq-platform-0 [a8ffe0c3-2713-4da7-b2bd-e8ce57608fc2] in helmcontainersecuritycontextupgradeplatformit was MODIFIED
2025-01-28 20:47:34,351 INFO c.h.h.t.HelmChartContainer - [K3S] [stateful_set.go:438] "Unhandled Error" err="error syncing StatefulSet helmcontainersecuritycontextupgradeplatformit/test-hivemq-platform, requeuing: controllerrevisions.apps \"test-hivemq-platform-85948b8786\" is forbidden: unable to create new content in namespace helmcontainersecuritycontextupgradeplatformit because it is being terminated"
2025-01-28 20:47:34,359 INFO c.h.h.t.HelmChartContainer - [K3S] [stateful_set.go:438] "Unhandled Error" err="error syncing StatefulSet helmcontainersecuritycontextupgradeplatformit/test-hivemq-platform, requeuing: controllerrevisions.apps \"test-hivemq-platform-85948b8786\" is forbidden: unable to create new content in namespace helmcontainersecuritycontextupgradeplatformit because it is being terminated"
2025-01-28 20:47:34,372 INFO c.h.h.t.HelmChartContainer - [K3S] [stateful_set.go:438] "Unhandled Error" err="error syncing StatefulSet helmcontainersecuritycontextupgradeplatformit/test-hivemq-platform, requeuing: controllerrevisions.apps \"test-hivemq-platform-85948b8786\" is forbidden: unable to create new content in namespace helmcontainersecuritycontextupgradeplatformit because it is being terminated"
2025-01-28 20:47:34,395 INFO c.h.h.t.HelmChartContainer - [K3S] [stateful_set.go:438] "Unhandled Error" err="error syncing StatefulSet helmcontainersecuritycontextupgradeplatformit/test-hivemq-platform, requeuing: controllerrevisions.apps \"test-hivemq-platform-85948b8786\" is forbidden: unable to create new content in namespace helmcontainersecuritycontextupgradeplatformit because it is being terminated"
2025-01-28 20:47:34,414 INFO c.h.h.t.HelmChartContainer - [K3S] [stateful_set.go:466] "StatefulSet has been deleted" key="helmcontainersecuritycontextupgradeplatformit/test-hivemq-platform"
2025-01-28 20:47:34,436 INFO c.h.h.t.HelmChartContainer - [K3S] [stateful_set.go:466] "StatefulSet has been deleted" key="helmcontainersecuritycontextupgradeplatformit/test-hivemq-platform"
2025-01-28 20:47:34,438 INFO c.h.h.t.HelmChartContainer - [K3S] [namespace_controller.go:164] "Unhandled Error" err="deletion of namespace helmcontainersecuritycontextupgradeplatformit failed: unexpected items still remain in namespace: helmcontainersecuritycontextupgradeplatformit for gvr: /v1, Resource=pods"
2025-01-28 20:47:34,512 INFO c.h.h.t.HelmChartContainer - [K3S] [reconciler_common.go:162] "operationExecutor.UnmountVolume started for volume \"kube-api-access-f764f\" (UniqueName: \"kubernetes.io/projected/a8ffe0c3-2713-4da7-b2bd-e8ce57608fc2-kube-api-access-f764f\") pod \"a8ffe0c3-2713-4da7-b2bd-e8ce57608fc2\" (UID: \"a8ffe0c3-2713-4da7-b2bd-e8ce57608fc2\") "
2025-01-28 20:47:34,512 INFO c.h.h.t.HelmChartContainer - [K3S] [reconciler_common.go:162] "operationExecutor.UnmountVolume started for volume \"broker-configuration\" (UniqueName: \"kubernetes.io/configmap/a8ffe0c3-2713-4da7-b2bd-e8ce57608fc2-broker-configuration\") pod \"a8ffe0c3-2713-4da7-b2bd-e8ce57608fc2\" (UID: \"a8ffe0c3-2713-4da7-b2bd-e8ce57608fc2\") "
2025-01-28 20:47:34,513 INFO c.h.h.t.HelmChartContainer - [K3S] [reconciler_common.go:162] "operationExecutor.UnmountVolume started for volume \"operator-init\" (UniqueName: \"kubernetes.io/empty-dir/a8ffe0c3-2713-4da7-b2bd-e8ce57608fc2-operator-init\") pod \"a8ffe0c3-2713-4da7-b2bd-e8ce57608fc2\" (UID: \"a8ffe0c3-2713-4da7-b2bd-e8ce57608fc2\") "
2025-01-28 20:47:34,513 INFO c.h.h.t.HelmChartContainer - [K3S] [reconciler_common.go:162] "operationExecutor.UnmountVolume started for volume \"pod-info\" (UniqueName: \"kubernetes.io/configmap/a8ffe0c3-2713-4da7-b2bd-e8ce57608fc2-pod-info\") pod \"a8ffe0c3-2713-4da7-b2bd-e8ce57608fc2\" (UID: \"a8ffe0c3-2713-4da7-b2bd-e8ce57608fc2\") "
2025-01-28 20:47:34,596 INFO c.h.h.t.HelmChartContainer - [K3S] [namespace_controller.go:164] "Unhandled Error" err="deletion of namespace helmcontainersecuritycontextupgradeplatformit failed: unexpected items still remain in namespace: helmcontainersecuritycontextupgradeplatformit for gvr: /v1, Resource=pods"
2025-01-28 20:47:34,612 INFO c.h.h.t.HelmChartContainer - [K3S] [reconciler_common.go:299] "Volume detached for volume \"broker-configuration\" (UniqueName: \"kubernetes.io/configmap/a8ffe0c3-2713-4da7-b2bd-e8ce57608fc2-broker-configuration\") on node \"a4d7440200d1\" DevicePath \"\""
2025-01-28 20:47:34,612 INFO c.h.h.t.HelmChartContainer - [K3S] [reconciler_common.go:299] "Volume detached for volume \"operator-init\" (UniqueName: \"kubernetes.io/empty-dir/a8ffe0c3-2713-4da7-b2bd-e8ce57608fc2-operator-init\") on node \"a4d7440200d1\" DevicePath \"\""
2025-01-28 20:47:34,613 INFO c.h.h.t.HelmChartContainer - [K3S] [reconciler_common.go:299] "Volume detached for volume \"pod-info\" (UniqueName: \"kubernetes.io/configmap/a8ffe0c3-2713-4da7-b2bd-e8ce57608fc2-pod-info\") on node \"a4d7440200d1\" DevicePath \"\""
2025-01-28 20:47:34,613 INFO c.h.h.t.HelmChartContainer - [K3S] [reconciler_common.go:299] "Volume detached for volume \"kube-api-access-f764f\" (UniqueName: \"kubernetes.io/projected/a8ffe0c3-2713-4da7-b2bd-e8ce57608fc2-kube-api-access-f764f\") on node \"a4d7440200d1\" DevicePath \"\""
2025-01-28 20:47:34,696 INFO c.h.h.t.HelmChartContainer - [K3S] [namespace_controller.go:164] "Unhandled Error" err="deletion of namespace helmcontainersecuritycontextupgradeplatformit failed: unexpected items still remain in namespace: helmcontainersecuritycontextupgradeplatformit for gvr: /v1, Resource=pods"
2025-01-28 20:47:34,810 INFO c.h.h.t.HelmChartContainer - [K3S] [namespace_controller.go:164] "Unhandled Error" err="deletion of namespace helmcontainersecuritycontextupgradeplatformit failed: unexpected items still remain in namespace: helmcontainersecuritycontextupgradeplatformit for gvr: /v1, Resource=pods"
2025-01-28 20:47:34,904 INFO c.h.h.t.HelmChartContainer - [K3S] [scope.go:117] "RemoveContainer" containerID="79a5e0df1f36c4b02193323358915240a3e46239a1bc3379d804ce97cc8c4791"
2025-01-28 20:47:34,919 INFO c.h.h.t.HelmChartContainer - [POD] test-hivemq-platform-0 [a8ffe0c3-2713-4da7-b2bd-e8ce57608fc2] in helmcontainersecuritycontextupgradeplatformit was MODIFIED
2025-01-28 20:47:34,923 INFO c.h.h.t.HelmChartContainer - [POD] test-hivemq-platform-0 [a8ffe0c3-2713-4da7-b2bd-e8ce57608fc2] in helmcontainersecuritycontextupgradeplatformit was DELETED
2025-01-28 20:47:35,005 INFO c.h.h.t.HelmChartContainer - [K3S] [scope.go:117] "RemoveContainer" containerID="7dc5f52f59b1e23f633fe0e0105e96c02ac2d3cc3ef8c56f303bc1d83a741650"
2025-01-28 20:47:35,009 INFO c.h.h.t.HelmChartContainer - [K3S] [scope.go:117] "RemoveContainer" containerID="79a5e0df1f36c4b02193323358915240a3e46239a1bc3379d804ce97cc8c4791"
2025-01-28 20:47:35,009 INFO c.h.h.t.HelmChartContainer - [K3S] [scope.go:117] "RemoveContainer" containerID="7dc5f52f59b1e23f633fe0e0105e96c02ac2d3cc3ef8c56f303bc1d83a741650"
2025-01-28 20:47:35,048 INFO c.h.h.t.HelmChartContainer - [K3S] [namespace_controller.go:164] "Unhandled Error" err="deletion of namespace helmcontainersecuritycontextupgradeplatformit failed: unexpected items still remain in namespace: helmcontainersecuritycontextupgradeplatformit for gvr: /v1, Resource=pods"
2025-01-28 20:47:35,284 INFO c.h.h.t.HelmChartContainer - Namespace 'helmcontainersecuritycontextupgradeplatformit' deleted
2025-01-28 20:47:35,284 INFO c.h.h.t.HelmChartContainer - Release 'test-hivemq-platform' in namespace 'helmcontainersecuritycontextupgradeplatformit' is uninstalled
2025-01-28 20:47:35,284 INFO c.h.h.t.HelmChartContainer - Uninstalling release 'test-hivemq-platform-operator' in namespace 'helmcontainersecuritycontextupgradeplatformit-operator'...
2025-01-28 20:47:35,284 DEBUG c.h.h.t.HelmChartContainer - Executing helm command: /bin/helm --kubeconfig /etc/rancher/k3s/k3s.yaml uninstall test-hivemq-platform-operator  --wait --timeout 5m0s --cascade foreground --namespace helmcontainersecuritycontextupgradeplatformit-operator
2025-01-28 20:47:35,447 INFO c.h.h.t.HelmChartContainer - [K3S] [replica_set.go:679] "Finished syncing" kind="ReplicaSet" key="helmcontainersecuritycontextupgradeplatformit-operator/hivemq-test-hivemq-platform-operator-85995884cf" duration="10.112829ms"
2025-01-28 20:47:35,447 INFO c.h.h.t.HelmChartContainer - [K3S] [replica_set.go:679] "Finished syncing" kind="ReplicaSet" key="helmcontainersecuritycontextupgradeplatformit-operator/hivemq-test-hivemq-platform-operator-85995884cf" duration="58.85µs"
2025-01-28 20:47:35,457 INFO c.h.h.t.HelmChartContainer - [POD] hivemq-test-hivemq-platform-operator-85995884cf-x2hhj [9c8e0590-343f-4f08-8204-03082c73e5e3] in helmcontainersecuritycontextupgradeplatformit-operator was MODIFIED
2025-01-28 20:47:35,473 INFO c.h.h.t.HelmChartContainer - [EVENT] Normal [Killing] Stopping container hivemq-platform-operator [helmcontainersecuritycontextupgradeplatformit-operator:hivemq-test-hivemq-platform-operator-85995884cf-x2hhj]
2025-01-28 20:47:35,473 INFO c.h.h.t.HelmChartContainer - Received Killing event for container hivemq-platform-operator in pod hivemq-test-hivemq-platform-operator-85995884cf-x2hhj [9c8e0590-343f-4f08-8204-03082c73e5e3]
2025-01-28 20:47:35,473 INFO c.h.h.t.HelmChartContainer - Container [hivemq-test-hivemq-platform-operator-85995884cf-x2hhj] [hivemq-platform-operator] [9c8e0590-343f-4f08-8204-03082c73e5e3] was terminated
2025-01-28 20:47:35,473 INFO c.h.h.t.HelmChartContainer - Stopped log watcher for hivemq-platform-operator in pod hivemq-test-hivemq-platform-operator-85995884cf-x2hhj [9c8e0590-343f-4f08-8204-03082c73e5e3]
2025-01-28 20:47:35,477 INFO c.h.h.t.HelmChartContainer - [hivemq-test-hivemq-platform] [hivemq-platform-operator] [9c8e0590] 20:47:35.476 [application-shutdown-thread] INFO  c.h.p.o.HiveMQPlatformOperatorApplication - HiveMQ Platform Operator is stopping...
2025-01-28 20:47:35,478 INFO c.h.h.t.HelmChartContainer - [hivemq-test-hivemq-platform] [hivemq-platform-operator] [9c8e0590] 20:47:35.476 [application-shutdown-thread] INFO  i.javaoperatorsdk.operator.Operator - Operator SDK 4.9.7 is shutting down...
2025-01-28 20:47:35,478 INFO c.h.h.t.HelmChartContainer - [K3S] [replica_set.go:679] "Finished syncing" kind="ReplicaSet" key="helmcontainersecuritycontextupgradeplatformit-operator/hivemq-test-hivemq-platform-operator-85995884cf" duration="20.487987ms"
2025-01-28 20:47:35,486 INFO c.h.h.t.HelmChartContainer - [K3S] [replica_set.go:679] "Finished syncing" kind="ReplicaSet" key="helmcontainersecuritycontextupgradeplatformit-operator/hivemq-test-hivemq-platform-operator-85995884cf" duration="45.825µs"
2025-01-28 20:47:35,498 INFO c.h.h.t.HelmChartContainer - [EVENT] Warning [FailedToUpdateEndpoint] Failed to update endpoint helmcontainersecuritycontextupgradeplatformit-operator/hivemq-platform-operator-test-hivemq-platform-operator: Operation cannot be fulfilled on endpoints "hivemq-platform-operator-test-hivemq-platform-operator": StorageError: invalid object, Code: 4, Key: /registry/services/endpoints/helmcontainersecuritycontextupgradeplatformit-operator/hivemq-platform-operator-test-hivemq-platform-operator, ResourceVersion: 0, AdditionalErrorMsg: Precondition failed: UID in precondition: 88e45282-ea80-473c-b4f7-3f37c2f54fdb, UID in object meta:  [helmcontainersecuritycontextupgradeplatformit-operator:hivemq-platform-operator-test-hivemq-platform-operator]
2025-01-28 20:47:36,028 INFO c.h.h.t.HelmChartContainer - [K3S] [replica_set.go:679] "Finished syncing" kind="ReplicaSet" key="helmcontainersecuritycontextupgradeplatformit-operator/hivemq-test-hivemq-platform-operator-85995884cf" duration="47.208µs"
2025-01-28 20:47:36,030 INFO c.h.h.t.HelmChartContainer - [POD] hivemq-test-hivemq-platform-operator-85995884cf-x2hhj [9c8e0590-343f-4f08-8204-03082c73e5e3] in helmcontainersecuritycontextupgradeplatformit-operator was MODIFIED
2025-01-28 20:47:36,120 INFO c.h.h.t.HelmChartContainer - [K3S] [reconciler_common.go:162] "operationExecutor.UnmountVolume started for volume \"kube-api-access-5x4sc\" (UniqueName: \"kubernetes.io/projected/9c8e0590-343f-4f08-8204-03082c73e5e3-kube-api-access-5x4sc\") pod \"9c8e0590-343f-4f08-8204-03082c73e5e3\" (UID: \"9c8e0590-343f-4f08-8204-03082c73e5e3\") "
2025-01-28 20:47:36,156 INFO c.h.h.t.HelmChartContainer - [K3S] [kubelet_volumes.go:163] "Cleaned up orphaned pod volumes dir" podUID="a8ffe0c3-2713-4da7-b2bd-e8ce57608fc2" path="/var/lib/kubelet/pods/a8ffe0c3-2713-4da7-b2bd-e8ce57608fc2/volumes"
2025-01-28 20:47:36,220 INFO c.h.h.t.HelmChartContainer - [K3S] [reconciler_common.go:299] "Volume detached for volume \"kube-api-access-5x4sc\" (UniqueName: \"kubernetes.io/projected/9c8e0590-343f-4f08-8204-03082c73e5e3-kube-api-access-5x4sc\") on node \"a4d7440200d1\" DevicePath \"\""
2025-01-28 20:47:36,908 INFO c.h.h.t.HelmChartContainer - [K3S] [scope.go:117] "RemoveContainer" containerID="3d73ff07975a71c55fe06b9e9b484edaa9962097399a3aff2d211faf0de807a5"
2025-01-28 20:47:36,911 INFO c.h.h.t.HelmChartContainer - [K3S] [scope.go:117] "RemoveContainer" containerID="3d73ff07975a71c55fe06b9e9b484edaa9962097399a3aff2d211faf0de807a5"
2025-01-28 20:47:36,917 INFO c.h.h.t.HelmChartContainer - [K3S] [replica_set.go:679] "Finished syncing" kind="ReplicaSet" key="helmcontainersecuritycontextupgradeplatformit-operator/hivemq-test-hivemq-platform-operator-85995884cf" duration="44.173µs"
2025-01-28 20:47:36,919 INFO c.h.h.t.HelmChartContainer - [POD] hivemq-test-hivemq-platform-operator-85995884cf-x2hhj [9c8e0590-343f-4f08-8204-03082c73e5e3] in helmcontainersecuritycontextupgradeplatformit-operator was MODIFIED
2025-01-28 20:47:36,921 INFO c.h.h.t.HelmChartContainer - [POD] hivemq-test-hivemq-platform-operator-85995884cf-x2hhj [9c8e0590-343f-4f08-8204-03082c73e5e3] in helmcontainersecuritycontextupgradeplatformit-operator was DELETED
2025-01-28 20:47:36,921 INFO c.h.h.t.HelmChartContainer - [K3S] [replica_set.go:679] "Finished syncing" kind="ReplicaSet" key="helmcontainersecuritycontextupgradeplatformit-operator/hivemq-test-hivemq-platform-operator-85995884cf" duration="31.599µs"
2025-01-28 20:47:36,931 INFO c.h.h.t.HelmChartContainer - [K3S] [replica_set.go:679] "Finished syncing" kind="ReplicaSet" key="helmcontainersecuritycontextupgradeplatformit-operator/hivemq-test-hivemq-platform-operator-85995884cf" duration="8.907µs"
2025-01-28 20:47:37,505 INFO c.h.h.t.HelmChartContainer - Deleting namespace 'helmcontainersecuritycontextupgradeplatformit-operator'...
2025-01-28 20:47:38,155 INFO c.h.h.t.HelmChartContainer - [K3S] [kubelet_volumes.go:163] "Cleaned up orphaned pod volumes dir" podUID="9c8e0590-343f-4f08-8204-03082c73e5e3" path="/var/lib/kubelet/pods/9c8e0590-343f-4f08-8204-03082c73e5e3/volumes"
2025-01-28 20:47:40,223 INFO c.h.h.t.HelmChartContainer - [K3S] [namespace_controller.go:187] "Namespace has been deleted" namespace="helmcontainersecuritycontextupgradeplatformit"
2025-01-28 20:47:42,725 INFO c.h.h.t.HelmChartContainer - Namespace 'helmcontainersecuritycontextupgradeplatformit-operator' deleted
2025-01-28 20:47:42,725 INFO c.h.h.t.HelmChartContainer - Release 'test-hivemq-platform-operator' in namespace 'helmcontainersecuritycontextupgradeplatformit-operator' is uninstalled
2025-01-28 20:47:43,546 INFO c.h.helmcharts.AbstractHelmChartIT - Removed unused containers:

2025-01-28 20:47:47,641 INFO c.h.h.t.HelmChartContainer - [K3S] [namespace_controller.go:187] "Namespace has been deleted" namespace="helmcontainersecuritycontextupgradeplatformit-operator"
2025-01-28 20:47:51,501 INFO c.h.helmcharts.AbstractHelmChartIT - Removed unused snapshots:
Removing snapshot sha256:03af251906410714c5aef9fa705b63f6bbc39c4a5e787de7361eeb18886c2ed2
Removing snapshot sha256:0c46b3b43cce082ce5ec34ffc6c294e0417d17b9d1e6f366d114b6aadc4f96dc
Removing snapshot sha256:0ce761beee59082d6ed5bcebd3a805b8ddd9b3426b617e4809e7fb7c6587ffec
Removing snapshot sha256:0df91287303208332c8ff6ba40ae4710105201739addbfbddfb955f1ad593664
Removing snapshot sha256:1021ef88c7974bfff89c5a0ec4fd3160daac6c48a075f74cff721f85dd104e68
Removing snapshot sha256:10aba4953ddc18145dd38e3704709bc464aa20af60b56fe52caaff4b68411e62
Removing snapshot sha256:2573e0d8158209ed54ab25c87bcdcb00bd3d2539246960a3d592a1c599d70465
Removing snapshot sha256:362a8a37f8bbc31925a8146adcf7cf51f9882f5c1dcbef67c5baa03a297543c0
Removing snapshot sha256:3fa4ad33f0ddc8fd45b39b6b4640f82a3a83619606cd975bfe89d8710ad2d4cd
Removing snapshot sha256:43a7c979bbaba6838bc3102d6b10a1459f3ab050b87ccdfef84ef90cf43d3058
Removing snapshot sha256:4ab04491cdf0d3267f08206fe30bd48f49f94b9cab2f016d6739220f722a64af
Removing snapshot sha256:4b6068250e89c96f263060261819c7d912855bfbd64b3eb4c4a8483299b8c295
Removing snapshot sha256:529cf27ffc1a90f6819467a05eb4ce3104bd09b7e3002bad2dcf0f319ed59d3a
Removing snapshot sha256:580e69a0a8034ede1921139bbd2bfb72a69ebf276d008281896c32dd8bf74775
Removing snapshot sha256:5d30ba46b27fe37484567ccc5242cadc78217b8da605f3f195ef25cbf7487904
Removing snapshot sha256:63ca1fbb43ae5034640e5e6cb3e083e05c290072c5366fcaa9d62435a4cced85
Removing snapshot sha256:67f702c6baae873bceb19487c8b1f27bd2b86077e4f2f0e480e6d60ab508b8f5
Removing snapshot sha256:6864348dd42806d552efdec384f1274be15e2d0c10ce44c1f04347af004c10a9
Removing snapshot sha256:6c7dee8f2c39b84b7dc2711c01d33de93514d9055499173e9290176fbe484b6c
Removing snapshot sha256:82753493a6d61ded36556292f02f31841a14c20d2f279f19eaad65afb661d5cd
Removing snapshot sha256:8a10d3db42c505ee0fcfa98417bdd7e39b304f6bcc0a06bb1b220797ff2cc63c
Removing snapshot sha256:a0904247e36a7726c03c71ee48f3e64462021c88dafeb13f37fdaf613b27f11c
Removing snapshot sha256:a21e5b12dbac529ad45d976eb9ce45c881f3bedcc500fb30aba1e52aa1813418
Removing snapshot sha256:b921e6c28969094157f9b8e7244677780319637afd14450b7cb6b2fdea558a0c
Removing snapshot sha256:bc27ecb5769a00e309cf99ebc763c4a4b958b618d1decc96ffac5bc05f02f5b7
Removing snapshot sha256:bccb8ddd345cefcc0f792bc5885335877c11c4c7d8f86fba2b37e890e6e2e307
Removing snapshot sha256:be3ccb6627a5332e309d45ef461d09b4879dd870c7394d89323d0ebc6ca6aa8a
Removing snapshot sha256:c261f7cbbc64211ee175ee47273acdb7b1a36a4450b397a064a8f2c026490095
Removing snapshot sha256:c34d9393647eea0c9e3557ab988efaf59f61d10a2a5613b439ef0958cca5ec10
Removing snapshot sha256:ccf3c4a0fa967a41c1c83497a2ce6fa5787965859df0adb32c4ca2cf7490bc2b
Removing snapshot sha256:cf92d33f869417309692088c341cd0f223c178ea78a125f757317b22aa8f90e9
Removing snapshot sha256:d0037344cf2fb078884f1849f6a1f8cf9a33a3b6139b6a85833e5ee528e1f9a8
Removing snapshot sha256:d3b36d5b79273b1e98e7700470eaeff05a882e777124d84cebcc1505b85ecb36
Removing snapshot sha256:d65a44a37914602d12c611e5e22a50f11451d847e63015cc1c2aef92dee777a4
Removing snapshot sha256:e2dc0bae2455930f23ae570e019b7f32edc75c0f2d71cab084db837ff9051796
Removing snapshot sha256:eccbd24a99c60cd9e86ee5305dbfc4a4dc89f5ab4fb1f06c8d64797cecedef34
Removing snapshot sha256:f144bb4c7c7f0d2aa7eeffd36d934ec40db1ee167be727e326aad9fdc616f475

]]></system-out>
  </testcase>
  <system-out><![CDATA[2025-01-28 20:39:48,036 INFO c.h.h.t.HelmChartContainerExtension - Using cached HelmChartContainer instance
2025-01-28 20:39:48,042 INFO c.h.h.t.HelmChartContainerExtension - Creating cached HelmChartContainer instance
2025-01-28 20:39:48,062 INFO o.testcontainers.DockerClientFactory - Testcontainers version: 1.20.4
2025-01-28 20:39:48,479 INFO o.t.d.DockerClientProviderStrategy - Found Docker environment with local Unix socket (unix:///var/run/docker.sock)
2025-01-28 20:39:48,494 INFO o.testcontainers.DockerClientFactory - Docker host IP address is localhost
2025-01-28 20:39:48,511 INFO o.testcontainers.DockerClientFactory - Connected to docker: 
  Server Version: 26.1.3
  API Version: 1.45
  Operating System: Ubuntu 24.04.1 LTS
  Total Memory: 15990 MB
2025-01-28 20:39:48,518 INFO o.testcontainers.images.PullPolicy - Image pull policy will be performed by: DefaultPullPolicy()
2025-01-28 20:39:48,520 INFO o.t.utility.ImageNameSubstitutor - Image name substitution will be performed by: DefaultImageNameSubstitutor (composite of 'ConfigurationFileImageNameSubstitutor' and 'PrefixingImageNameSubstitutor')
2025-01-28 20:39:48,545 INFO tc.testcontainers/ryuk:0.11.0 - Pulling docker image: testcontainers/ryuk:0.11.0. Please be patient; this may take some time but only needs to be done once.
2025-01-28 20:39:48,762 INFO tc.testcontainers/ryuk:0.11.0 - Starting to pull image
2025-01-28 20:39:48,776 INFO tc.testcontainers/ryuk:0.11.0 - Pulling image layers:  0 pending,  0 downloaded,  0 extracted, (0 bytes/0 bytes)
2025-01-28 20:39:48,908 INFO tc.testcontainers/ryuk:0.11.0 - Pulling image layers:  2 pending,  1 downloaded,  0 extracted, (116 KB/? MB)
2025-01-28 20:39:48,915 INFO tc.testcontainers/ryuk:0.11.0 - Pulling image layers:  1 pending,  2 downloaded,  0 extracted, (116 KB/? MB)
2025-01-28 20:39:48,937 INFO tc.testcontainers/ryuk:0.11.0 - Pulling image layers:  0 pending,  3 downloaded,  0 extracted, (144 KB/10 MB)
2025-01-28 20:39:49,017 INFO tc.testcontainers/ryuk:0.11.0 - Pulling image layers:  0 pending,  3 downloaded,  1 extracted, (3 MB/10 MB)
2025-01-28 20:39:49,743 INFO tc.testcontainers/ryuk:0.11.0 - Pulling image layers:  0 pending,  3 downloaded,  2 extracted, (4 MB/10 MB)
2025-01-28 20:39:49,786 INFO tc.testcontainers/ryuk:0.11.0 - Pulling image layers:  0 pending,  3 downloaded,  3 extracted, (10 MB/10 MB)
2025-01-28 20:39:49,793 INFO tc.testcontainers/ryuk:0.11.0 - Pull complete. 3 layers, pulled in 1s (downloaded 10 MB at 10 MB/s)
2025-01-28 20:39:49,793 INFO tc.testcontainers/ryuk:0.11.0 - Image testcontainers/ryuk:0.11.0 pull took PT1.247881212S
2025-01-28 20:39:49,813 INFO tc.testcontainers/ryuk:0.11.0 - Creating container for image: testcontainers/ryuk:0.11.0
2025-01-28 20:39:49,866 INFO tc.testcontainers/ryuk:0.11.0 - Container testcontainers/ryuk:0.11.0 is starting: fbb03eb71a82a6afe0636f7937e5b26b0bcc6cd2b1bd0e02b9126f6b81b5eaf4
2025-01-28 20:39:50,121 INFO tc.testcontainers/ryuk:0.11.0 - Container testcontainers/ryuk:0.11.0 started in PT0.307247251S
2025-01-28 20:39:50,125 INFO o.t.utility.RyukResourceReaper - Ryuk started - will monitor and terminate Testcontainers containers on JVM exit
2025-01-28 20:39:50,125 INFO o.testcontainers.DockerClientFactory - Checking the system...
2025-01-28 20:39:50,126 INFO o.testcontainers.DockerClientFactory - ✔︎ Docker server version should be at least 1.6.0
2025-01-28 20:39:50,203 INFO o.t.i.builder.ImageFromDockerfile - Pre-emptively checking local images for 'ubuntu:noble-20241118.1@sha256:80dd3c3b9c6cecb9f1667e9290b3bc61b78c2678c02cbdae5f0fea92cc6734ab', referenced via a Dockerfile. If not available, it will be pulled.
2025-01-28 20:39:50,207 INFO t.u.1@sha256:80dd3c... - Pulling docker image: ubuntu:noble-20241118.1@sha256:80dd3c3b9c6cecb9f1667e9290b3bc61b78c2678c02cbdae5f0fea92cc6734ab. Please be patient; this may take some time but only needs to be done once.
2025-01-28 20:39:50,317 INFO t.u.1@sha256:80dd3c... - Starting to pull image
2025-01-28 20:39:50,318 INFO t.u.1@sha256:80dd3c... - Pulling image layers:  0 pending,  0 downloaded,  0 extracted, (0 bytes/0 bytes)
2025-01-28 20:39:50,906 INFO t.u.1@sha256:80dd3c... - Pulling image layers:  0 pending,  1 downloaded,  0 extracted, (21 MB/28 MB)
2025-01-28 20:39:51,828 INFO t.u.1@sha256:80dd3c... - Pulling image layers:  0 pending,  1 downloaded,  1 extracted, (28 MB/28 MB)
2025-01-28 20:39:51,838 INFO t.u.1@sha256:80dd3c... - Pull complete. 1 layers, pulled in 1s (downloaded 28 MB at 28 MB/s)
2025-01-28 20:39:51,838 INFO t.u.1@sha256:80dd3c... - Image ubuntu:noble-20241118.1@sha256:80dd3c3b9c6cecb9f1667e9290b3bc61b78c2678c02cbdae5f0fea92cc6734ab pull took PT1.63137128S
2025-01-28 20:39:51,841 INFO o.t.i.builder.ImageFromDockerfile - Pre-emptively checking local images for 'rancher/k3s:v1.32.0-k3s1', referenced via a Dockerfile. If not available, it will be pulled.
2025-01-28 20:39:51,842 INFO tc.rancher/k3s:v1.32.0-k3s1 - Pulling docker image: rancher/k3s:v1.32.0-k3s1. Please be patient; this may take some time but only needs to be done once.
2025-01-28 20:39:52,030 INFO tc.rancher/k3s:v1.32.0-k3s1 - Starting to pull image
2025-01-28 20:39:52,031 INFO tc.rancher/k3s:v1.32.0-k3s1 - Pulling image layers:  0 pending,  0 downloaded,  0 extracted, (0 bytes/0 bytes)
2025-01-28 20:39:52,859 INFO tc.rancher/k3s:v1.32.0-k3s1 - Pulling image layers:  0 pending,  1 downloaded,  0 extracted, (63 MB/71 MB)
2025-01-28 20:39:53,898 INFO tc.rancher/k3s:v1.32.0-k3s1 - Pulling image layers:  0 pending,  1 downloaded,  1 extracted, (71 MB/71 MB)
2025-01-28 20:39:53,904 INFO tc.rancher/k3s:v1.32.0-k3s1 - Image rancher/k3s:v1.32.0-k3s1 pull took PT2.061741534S
2025-01-28 20:39:53,904 INFO tc.rancher/k3s:v1.32.0-k3s1 - Pull complete. 1 layers, pulled in 1s (downloaded 71 MB at 71 MB/s)
2025-01-28 20:39:53,909 INFO o.t.i.builder.ImageFromDockerfile - Transferred 0 bytes to Docker daemon
2025-01-28 20:40:08,021 INFO c.h.h.t.HelmChartContainer - Starting HelmChartContainer...
2025-01-28 20:40:08,024 INFO t.localhost/testcontainers/qgnw2agrrv7kwjeq:latest - Creating container for image: localhost/testcontainers/qgnw2agrrv7kwjeq:latest
2025-01-28 20:40:08,090 INFO tc.alpine:3.17 - Pulling docker image: alpine:3.17. Please be patient; this may take some time but only needs to be done once.
2025-01-28 20:40:08,321 INFO tc.alpine:3.17 - Starting to pull image
2025-01-28 20:40:08,322 INFO tc.alpine:3.17 - Pulling image layers:  0 pending,  0 downloaded,  0 extracted, (0 bytes/0 bytes)
2025-01-28 20:40:08,482 INFO tc.alpine:3.17 - Pulling image layers:  0 pending,  1 downloaded,  0 extracted, (33 KB/3 MB)
2025-01-28 20:40:08,578 INFO tc.alpine:3.17 - Pulling image layers:  0 pending,  1 downloaded,  1 extracted, (3 MB/3 MB)
2025-01-28 20:40:08,585 INFO tc.alpine:3.17 - Image alpine:3.17 pull took PT0.494840227S
2025-01-28 20:40:09,140 INFO t.localhost/testcontainers/qgnw2agrrv7kwjeq:latest - Container localhost/testcontainers/qgnw2agrrv7kwjeq:latest is starting: a4d7440200d1bcb619b8b0eb9bb6fbf7fa15b40c887653ec2a5b1bdd13473e1b
2025-01-28 20:40:09,512 INFO c.h.h.t.HelmChartContainer - [K3S] [INFO] Starting k3s v1.32.0+k3s1 (cca8faca)
2025-01-28 20:40:09,515 INFO c.h.h.t.HelmChartContainer - [K3S] [INFO] Configuring sqlite3 database connection pooling: maxIdleConns=2, maxOpenConns=0, connMaxLifetime=0s
2025-01-28 20:40:09,516 INFO c.h.h.t.HelmChartContainer - [K3S] [INFO] Configuring database table schema and indexes, this may take a moment...
2025-01-28 20:40:09,520 INFO c.h.h.t.HelmChartContainer - [K3S] [INFO] Database tables and indexes are up to date
2025-01-28 20:40:09,523 INFO c.h.h.t.HelmChartContainer - [K3S] [INFO] Kine available at unix://kine.sock
2025-01-28 20:40:09,719 INFO c.h.h.t.HelmChartContainer - [K3S] [INFO] Saving cluster bootstrap data to datastore
2025-01-28 20:40:09,720 INFO c.h.h.t.HelmChartContainer - [K3S] [WARNING] dynamiclistener [::]:6443: no cached certificate available for preload - deferring certificate load until storage initialization or first client request
2025-01-28 20:40:09,720 INFO c.h.h.t.HelmChartContainer - [K3S] [INFO] Active TLS secret / (ver=) (count 10): map[listener.cattle.io/cn-10.43.0.1:10.43.0.1 listener.cattle.io/cn-127.0.0.1:127.0.0.1 listener.cattle.io/cn-172.18.0.2:172.18.0.2 listener.cattle.io/cn-__1-f16284:::1 listener.cattle.io/cn-a4d7440200d1:a4d7440200d1 listener.cattle.io/cn-kubernetes:kubernetes listener.cattle.io/cn-kubernetes.default:kubernetes.default listener.cattle.io/cn-kubernetes.default.svc:kubernetes.default.svc listener.cattle.io/cn-kubernetes.default.svc.cluster.local:kubernetes.default.svc.cluster.local listener.cattle.io/cn-localhost:localhost listener.cattle.io/fingerprint:SHA1=A2DBE9F62E135FDBD3257B0E9087D68F26F942C0]
2025-01-28 20:40:09,883 INFO c.h.h.t.HelmChartContainer - [K3S] [INFO] Running kube-apiserver --advertise-port=6443 --allow-privileged=true --anonymous-auth=false --api-audiences=https://kubernetes.default.svc.cluster.local,k3s --authorization-mode=Node,RBAC --bind-address=127.0.0.1 --cert-dir=/var/lib/rancher/k3s/server/tls/temporary-certs --client-ca-file=/var/lib/rancher/k3s/server/tls/client-ca.crt --egress-selector-config-file=/var/lib/rancher/k3s/server/etc/egress-selector-config.yaml --enable-admission-plugins=NodeRestriction --enable-aggregator-routing=true --enable-bootstrap-token-auth=true --etcd-compaction-interval=0s --etcd-servers=unix://kine.sock --kubelet-certificate-authority=/var/lib/rancher/k3s/server/tls/server-ca.crt --kubelet-client-certificate=/var/lib/rancher/k3s/server/tls/client-kube-apiserver.crt --kubelet-client-key=/var/lib/rancher/k3s/server/tls/client-kube-apiserver.key --kubelet-preferred-address-types=InternalIP,ExternalIP,Hostname --profiling=false --proxy-client-cert-file=/var/lib/rancher/k3s/server/tls/client-auth-proxy.crt --proxy-client-key-file=/var/lib/rancher/k3s/server/tls/client-auth-proxy.key --requestheader-allowed-names=system:auth-proxy --requestheader-client-ca-file=/var/lib/rancher/k3s/server/tls/request-header-ca.crt --requestheader-extra-headers-prefix=X-Remote-Extra- --requestheader-group-headers=X-Remote-Group --requestheader-username-headers=X-Remote-User --secure-port=6444 --service-account-issuer=https://kubernetes.default.svc.cluster.local --service-account-key-file=/var/lib/rancher/k3s/server/tls/service.key --service-account-signing-key-file=/var/lib/rancher/k3s/server/tls/service.current.key --service-cluster-ip-range=10.43.0.0/16 --service-node-port-range=30000-32767 --storage-backend=etcd3 --tls-cert-file=/var/lib/rancher/k3s/server/tls/serving-kube-apiserver.crt --tls-cipher-suites=TLS_ECDHE_ECDSA_WITH_AES_256_GCM_SHA384,TLS_ECDHE_RSA_WITH_AES_256_GCM_SHA384,TLS_ECDHE_ECDSA_WITH_AES_128_GCM_SHA256,TLS_ECDHE_RSA_WITH_AES_128_GCM_SHA256,TLS_ECDHE_ECDSA_WITH_CHACHA20_POLY1305,TLS_ECDHE_RSA_WITH_CHACHA20_POLY1305 --tls-private-key-file=/var/lib/rancher/k3s/server/tls/serving-kube-apiserver.key
2025-01-28 20:40:09,886 INFO c.h.h.t.HelmChartContainer - [K3S] [INFO] Running kube-scheduler --authentication-kubeconfig=/var/lib/rancher/k3s/server/cred/scheduler.kubeconfig --authorization-kubeconfig=/var/lib/rancher/k3s/server/cred/scheduler.kubeconfig --bind-address=127.0.0.1 --kubeconfig=/var/lib/rancher/k3s/server/cred/scheduler.kubeconfig --leader-elect=false --profiling=false --secure-port=10259
2025-01-28 20:40:09,886 INFO c.h.h.t.HelmChartContainer - [K3S] [registry.go:256] calling componentGlobalsRegistry.AddFlags more than once, the registry will be set by the latest flags
2025-01-28 20:40:09,886 INFO c.h.h.t.HelmChartContainer - [K3S] [INFO] Waiting for API server to become available
2025-01-28 20:40:09,887 INFO c.h.h.t.HelmChartContainer - [K3S] [INFO] Running kube-controller-manager --allocate-node-cidrs=true --authentication-kubeconfig=/var/lib/rancher/k3s/server/cred/controller.kubeconfig --authorization-kubeconfig=/var/lib/rancher/k3s/server/cred/controller.kubeconfig --bind-address=127.0.0.1 --cluster-cidr=10.42.0.0/16 --cluster-signing-kube-apiserver-client-cert-file=/var/lib/rancher/k3s/server/tls/client-ca.nochain.crt --cluster-signing-kube-apiserver-client-key-file=/var/lib/rancher/k3s/server/tls/client-ca.key --cluster-signing-kubelet-client-cert-file=/var/lib/rancher/k3s/server/tls/client-ca.nochain.crt --cluster-signing-kubelet-client-key-file=/var/lib/rancher/k3s/server/tls/client-ca.key --cluster-signing-kubelet-serving-cert-file=/var/lib/rancher/k3s/server/tls/server-ca.nochain.crt --cluster-signing-kubelet-serving-key-file=/var/lib/rancher/k3s/server/tls/server-ca.key --cluster-signing-legacy-unknown-cert-file=/var/lib/rancher/k3s/server/tls/server-ca.nochain.crt --cluster-signing-legacy-unknown-key-file=/var/lib/rancher/k3s/server/tls/server-ca.key --configure-cloud-routes=false --controllers=*,tokencleaner,-service,-route,-cloud-node-lifecycle --kubeconfig=/var/lib/rancher/k3s/server/cred/controller.kubeconfig --leader-elect=false --profiling=false --root-ca-file=/var/lib/rancher/k3s/server/tls/server-ca.crt --secure-port=10257 --service-account-private-key-file=/var/lib/rancher/k3s/server/tls/service.current.key --service-cluster-ip-range=10.43.0.0/16 --use-service-account-credentials=true
2025-01-28 20:40:09,888 INFO c.h.h.t.HelmChartContainer - [K3S] [options.go:299] unable to set WatchListClient feature gate, err: cannot override default for feature "WatchListClient": gates already added to a flag set
2025-01-28 20:40:09,888 INFO c.h.h.t.HelmChartContainer - [K3S] [registry.go:256] calling componentGlobalsRegistry.AddFlags more than once, the registry will be set by the latest flags
2025-01-28 20:40:09,888 INFO c.h.h.t.HelmChartContainer - [K3S] [INFO] Running cloud-controller-manager --allocate-node-cidrs=true --authentication-kubeconfig=/var/lib/rancher/k3s/server/cred/cloud-controller.kubeconfig --authorization-kubeconfig=/var/lib/rancher/k3s/server/cred/cloud-controller.kubeconfig --bind-address=127.0.0.1 --cloud-config=/var/lib/rancher/k3s/server/etc/cloud-config.yaml --cloud-provider=k3s --cluster-cidr=10.42.0.0/16 --configure-cloud-routes=false --controllers=*,-route --kubeconfig=/var/lib/rancher/k3s/server/cred/cloud-controller.kubeconfig --leader-elect=false --leader-elect-resource-name=k3s-cloud-controller-manager --node-status-update-frequency=1m0s --profiling=false
2025-01-28 20:40:09,889 INFO c.h.h.t.HelmChartContainer - [K3S] [registry.go:256] calling componentGlobalsRegistry.AddFlags more than once, the registry will be set by the latest flags
2025-01-28 20:40:09,891 INFO c.h.h.t.HelmChartContainer - [K3S] [INFO] Server node token is available at /var/lib/rancher/k3s/server/token
2025-01-28 20:40:09,892 INFO c.h.h.t.HelmChartContainer - [K3S] [options.go:238] external host was not specified, using 172.18.0.2
2025-01-28 20:40:09,892 INFO c.h.h.t.HelmChartContainer - [K3S] [INFO] To join server node to cluster: k3s server -s https://172.18.0.2:6443 -t ${SERVER_NODE_TOKEN}
2025-01-28 20:40:09,892 INFO c.h.h.t.HelmChartContainer - [K3S] [INFO] Agent node token is available at /var/lib/rancher/k3s/server/agent-token
2025-01-28 20:40:09,892 INFO c.h.h.t.HelmChartContainer - [K3S] [INFO] To join agent node to cluster: k3s agent -s https://172.18.0.2:6443 -t ${AGENT_NODE_TOKEN}
2025-01-28 20:40:09,893 INFO c.h.h.t.HelmChartContainer - [K3S] [INFO] Wrote kubeconfig /etc/rancher/k3s/k3s.yaml
2025-01-28 20:40:09,893 INFO c.h.h.t.HelmChartContainer - [K3S] [INFO] Run: k3s kubectl
2025-01-28 20:40:09,893 INFO c.h.h.t.HelmChartContainer - [K3S] [server.go:151] Version: v1.32.0+k3s1
2025-01-28 20:40:09,893 INFO c.h.h.t.HelmChartContainer - [K3S] [server.go:153] "Golang settings" GOGC="" GOMAXPROCS="" GOTRACEBACK=""
2025-01-28 20:40:10,202 INFO c.h.h.t.HelmChartContainer - [K3S] [plugins.go:157] Loaded 13 mutating admission controller(s) successfully in the following order: NamespaceLifecycle,LimitRanger,ServiceAccount,NodeRestriction,TaintNodesByCondition,Priority,DefaultTolerationSeconds,DefaultStorageClass,StorageObjectInUseProtection,RuntimeClass,DefaultIngressClass,MutatingAdmissionPolicy,MutatingAdmissionWebhook.
2025-01-28 20:40:10,202 INFO c.h.h.t.HelmChartContainer - [K3S] [plugins.go:160] Loaded 13 validating admission controller(s) successfully in the following order: LimitRanger,ServiceAccount,PodSecurity,Priority,PersistentVolumeClaimResize,RuntimeClass,CertificateApproval,CertificateSigning,ClusterTrustBundleAttest,CertificateSubjectRestriction,ValidatingAdmissionPolicy,ValidatingAdmissionWebhook,ResourceQuota.
2025-01-28 20:40:10,203 INFO c.h.h.t.HelmChartContainer - [K3S] [instance.go:233] Using reconciler: lease
2025-01-28 20:40:10,266 INFO c.h.h.t.HelmChartContainer - [K3S] [apis.go:106] API group "internal.apiserver.k8s.io" is not enabled, skipping.
2025-01-28 20:40:10,321 INFO c.h.h.t.HelmChartContainer - [K3S] [apis.go:106] API group "storagemigration.k8s.io" is not enabled, skipping.
2025-01-28 20:40:10,345 INFO c.h.h.t.HelmChartContainer - [K3S] [apis.go:106] API group "resource.k8s.io" is not enabled, skipping.
2025-01-28 20:40:10,518 INFO c.h.h.t.HelmChartContainer - [K3S] [INFO] Password verified locally for node a4d7440200d1
2025-01-28 20:40:10,679 INFO c.h.h.t.HelmChartContainer - [K3S] [secure_serving.go:213] Serving securely on 127.0.0.1:6444
2025-01-28 20:40:10,679 INFO c.h.h.t.HelmChartContainer - [K3S] [dynamic_cafile_content.go:161] "Starting controller" name="request-header::/var/lib/rancher/k3s/server/tls/request-header-ca.crt"
2025-01-28 20:40:10,680 INFO c.h.h.t.HelmChartContainer - [K3S] [dynamic_serving_content.go:135] "Starting controller" name="serving-cert::/var/lib/rancher/k3s/server/tls/serving-kube-apiserver.crt::/var/lib/rancher/k3s/server/tls/serving-kube-apiserver.key"
2025-01-28 20:40:10,681 INFO c.h.h.t.HelmChartContainer - [K3S] [tlsconfig.go:243] "Starting DynamicServingCertificateController"
2025-01-28 20:40:10,681 INFO c.h.h.t.HelmChartContainer - [K3S] [dynamic_serving_content.go:135] "Starting controller" name="aggregator-proxy-cert::/var/lib/rancher/k3s/server/tls/client-auth-proxy.crt::/var/lib/rancher/k3s/server/tls/client-auth-proxy.key"
2025-01-28 20:40:10,684 INFO c.h.h.t.HelmChartContainer - [K3S] [customresource_discovery_controller.go:292] Starting DiscoveryController
2025-01-28 20:40:10,684 INFO c.h.h.t.HelmChartContainer - [K3S] [system_namespaces_controller.go:66] Starting system namespaces controller
2025-01-28 20:40:10,684 INFO c.h.h.t.HelmChartContainer - [K3S] [controller.go:119] Starting legacy_token_tracking_controller
2025-01-28 20:40:10,684 INFO c.h.h.t.HelmChartContainer - [K3S] [remote_available_controller.go:411] Starting RemoteAvailability controller
2025-01-28 20:40:10,684 INFO c.h.h.t.HelmChartContainer - [K3S] [controller.go:78] Starting OpenAPI AggregationController
2025-01-28 20:40:10,684 INFO c.h.h.t.HelmChartContainer - [K3S] [cluster_authentication_trust_controller.go:462] Starting cluster_authentication_trust_controller controller
2025-01-28 20:40:10,684 INFO c.h.h.t.HelmChartContainer - [K3S] [gc_controller.go:78] Starting apiserver lease garbage collector
2025-01-28 20:40:10,684 INFO c.h.h.t.HelmChartContainer - [K3S] [aggregator.go:169] waiting for initial CRD sync...
2025-01-28 20:40:10,685 INFO c.h.h.t.HelmChartContainer - [K3S] [apf_controller.go:377] Starting API Priority and Fairness config controller
2025-01-28 20:40:10,685 INFO c.h.h.t.HelmChartContainer - [K3S] [local_available_controller.go:156] Starting LocalAvailability controller
2025-01-28 20:40:10,685 INFO c.h.h.t.HelmChartContainer - [K3S] [controller.go:80] Starting OpenAPI V3 AggregationController
2025-01-28 20:40:10,685 INFO c.h.h.t.HelmChartContainer - [K3S] [apiservice_controller.go:100] Starting APIServiceRegistrationController
2025-01-28 20:40:10,685 INFO c.h.h.t.HelmChartContainer - [K3S] [dynamic_cafile_content.go:161] "Starting controller" name="client-ca-bundle::/var/lib/rancher/k3s/server/tls/client-ca.crt"
2025-01-28 20:40:10,690 INFO c.h.h.t.HelmChartContainer - [K3S] [controller.go:142] Starting OpenAPI controller
2025-01-28 20:40:10,690 INFO c.h.h.t.HelmChartContainer - [K3S] [controller.go:90] Starting OpenAPI V3 controller
2025-01-28 20:40:10,690 INFO c.h.h.t.HelmChartContainer - [K3S] [naming_controller.go:294] Starting NamingConditionController
2025-01-28 20:40:10,690 INFO c.h.h.t.HelmChartContainer - [K3S] [establishing_controller.go:81] Starting EstablishingController
2025-01-28 20:40:10,690 INFO c.h.h.t.HelmChartContainer - [K3S] [nonstructuralschema_controller.go:195] Starting NonStructuralSchemaConditionController
2025-01-28 20:40:10,691 INFO c.h.h.t.HelmChartContainer - [K3S] [apiapproval_controller.go:189] Starting KubernetesAPIApprovalPolicyConformantConditionController
2025-01-28 20:40:10,691 INFO c.h.h.t.HelmChartContainer - [K3S] [crd_finalizer.go:269] Starting CRDFinalizer
2025-01-28 20:40:10,691 INFO c.h.h.t.HelmChartContainer - [K3S] [dynamic_cafile_content.go:161] "Starting controller" name="client-ca-bundle::/var/lib/rancher/k3s/server/tls/client-ca.crt"
2025-01-28 20:40:10,691 INFO c.h.h.t.HelmChartContainer - [K3S] [dynamic_cafile_content.go:161] "Starting controller" name="request-header::/var/lib/rancher/k3s/server/tls/request-header-ca.crt"
2025-01-28 20:40:10,691 INFO c.h.h.t.HelmChartContainer - [K3S] [crdregistration_controller.go:114] Starting crd-autoregister controller
2025-01-28 20:40:10,769 INFO c.h.h.t.HelmChartContainer - [K3S] [controller.go:145] "Failed to ensure lease exists, will retry" err="namespaces \"kube-system\" not found" interval="200ms"
2025-01-28 20:40:10,782 INFO c.h.h.t.HelmChartContainer - [K3S] [apf_controller.go:382] Running API Priority and Fairness config worker
2025-01-28 20:40:10,782 INFO c.h.h.t.HelmChartContainer - [K3S] [apf_controller.go:385] Running API Priority and Fairness periodic rebalancing process
2025-01-28 20:40:10,783 INFO c.h.h.t.HelmChartContainer - [K3S] [handler_discovery.go:451] Starting ResourceDiscoveryManager
2025-01-28 20:40:10,792 INFO c.h.h.t.HelmChartContainer - [K3S] [aggregator.go:171] initial CRD sync complete...
2025-01-28 20:40:10,792 INFO c.h.h.t.HelmChartContainer - [K3S] [autoregister_controller.go:144] Starting autoregister controller
2025-01-28 20:40:10,798 INFO c.h.h.t.HelmChartContainer - [K3S] [policy_source.go:240] refreshing policies
2025-01-28 20:40:10,834 INFO c.h.h.t.HelmChartContainer - [K3S] [controller.go:148] "Unhandled Error" err="while syncing ConfigMap \"kube-system/kube-apiserver-legacy-service-account-token-tracking\", err: namespaces \"kube-system\" not found" logger="UnhandledError"
2025-01-28 20:40:10,834 INFO c.h.h.t.HelmChartContainer - [K3S] [controller.go:95] Unable to perform initial Kubernetes service initialization: namespaces "default" not found
2025-01-28 20:40:11,058 INFO c.h.h.t.HelmChartContainer - [K3S] [WARNING] Host resolv.conf includes loopback or multicast nameservers - kubelet will use autogenerated resolv.conf with nameserver 8.8.8.8
2025-01-28 20:40:11,069 INFO c.h.h.t.HelmChartContainer - [K3S] [INFO] Module overlay was already loaded
2025-01-28 20:40:11,069 INFO c.h.h.t.HelmChartContainer - [K3S] [INFO] Module nf_conntrack was already loaded
2025-01-28 20:40:11,069 INFO c.h.h.t.HelmChartContainer - [K3S] [INFO] Module br_netfilter was already loaded
2025-01-28 20:40:11,074 INFO c.h.h.t.HelmChartContainer - [K3S] [INFO] Set sysctl 'net/netfilter/nf_conntrack_max' to 131072
2025-01-28 20:40:11,074 INFO c.h.h.t.HelmChartContainer - [K3S] [INFO] Set sysctl 'net/netfilter/nf_conntrack_tcp_timeout_established' to 86400
2025-01-28 20:40:11,075 INFO c.h.h.t.HelmChartContainer - [K3S] [INFO] Set sysctl 'net/netfilter/nf_conntrack_tcp_timeout_close_wait' to 3600
2025-01-28 20:40:11,076 INFO c.h.h.t.HelmChartContainer - [K3S] [INFO] Logging containerd to /var/lib/rancher/k3s/agent/containerd/containerd.log
2025-01-28 20:40:11,077 INFO c.h.h.t.HelmChartContainer - [K3S] [INFO] Running containerd -c /var/lib/rancher/k3s/agent/etc/containerd/config.toml -a /run/k3s/containerd/containerd.sock --state /run/k3s/containerd --root /var/lib/rancher/k3s/agent/containerd
2025-01-28 20:40:11,684 INFO c.h.h.t.HelmChartContainer - [K3S] [storage_scheduling.go:95] created PriorityClass system-node-critical with value 2000001000
2025-01-28 20:40:11,687 INFO c.h.h.t.HelmChartContainer - [K3S] [storage_scheduling.go:95] created PriorityClass system-cluster-critical with value 2000000000
2025-01-28 20:40:11,687 INFO c.h.h.t.HelmChartContainer - [K3S] [storage_scheduling.go:111] all system priority classes are created successfully or already exist.
2025-01-28 20:40:12,039 INFO c.h.h.t.HelmChartContainer - [K3S] [alloc.go:330] "allocated clusterIPs" service="default/kubernetes" clusterIPs={"IPv4":"10.43.0.1"}
2025-01-28 20:40:12,043 INFO c.h.h.t.HelmChartContainer - [K3S] [lease.go:265] Resetting endpoints for master service "kubernetes" to [172.18.0.2]
2025-01-28 20:40:12,081 INFO c.h.h.t.HelmChartContainer - [K3S] [INFO] containerd is now running
2025-01-28 20:40:12,082 INFO c.h.h.t.HelmChartContainer - [K3S] [INFO] Connecting to proxy" url="wss://127.0.0.1:6443/v1-k3s/connect
2025-01-28 20:40:12,084 INFO c.h.h.t.HelmChartContainer - [K3S] [INFO] Creating k3s-cert-monitor event broadcaster
2025-01-28 20:40:12,085 INFO c.h.h.t.HelmChartContainer - [K3S] [INFO] Running kubelet --cloud-provider=external --config-dir=/var/lib/rancher/k3s/agent/etc/kubelet.conf.d --containerd=/run/k3s/containerd/containerd.sock --hostname-override=a4d7440200d1 --kubeconfig=/var/lib/rancher/k3s/agent/kubelet.kubeconfig --node-ip=172.18.0.2 --node-labels=
2025-01-28 20:40:12,085 INFO c.h.h.t.HelmChartContainer - [K3S] [INFO] Handling backend connection request [a4d7440200d1]
2025-01-28 20:40:12,085 INFO c.h.h.t.HelmChartContainer - [K3S] [INFO] Remotedialer connected to proxy" url="wss://127.0.0.1:6443/v1-k3s/connect
2025-01-28 20:40:12,089 INFO c.h.h.t.HelmChartContainer - [K3S] Flag --containerd has been deprecated, This is a cadvisor flag that was mistakenly registered with the Kubelet. Due to legacy concerns, it will follow the standard CLI deprecation timeline before being removed.
2025-01-28 20:40:12,093 INFO c.h.h.t.HelmChartContainer - [K3S] [server.go:515] "Kubelet version" kubeletVersion="v1.32.0+k3s1"
2025-01-28 20:40:12,094 INFO c.h.h.t.HelmChartContainer - [K3S] [server.go:517] "Golang settings" GOGC="" GOMAXPROCS="" GOTRACEBACK=""
2025-01-28 20:40:12,095 INFO c.h.h.t.HelmChartContainer - [K3S] [dynamic_cafile_content.go:161] "Starting controller" name="client-ca-bundle::/var/lib/rancher/k3s/agent/client-ca.crt"
2025-01-28 20:40:12,102 INFO c.h.h.t.HelmChartContainer - [K3S] [log.go:32] "RuntimeConfig from runtime service failed" err="rpc error: code = Unimplemented desc = method RuntimeConfig not implemented"
2025-01-28 20:40:12,102 INFO c.h.h.t.HelmChartContainer - [K3S] [server.go:1416] "CRI implementation should be updated to support RuntimeConfig when KubeletCgroupDriverFromCRI feature gate has been enabled. Falling back to using cgroupDriver from kubelet config."
2025-01-28 20:40:12,103 INFO c.h.h.t.HelmChartContainer - [K3S] [info.go:53] Couldn't collect info from any of the files in "/etc/machine-id,/var/lib/dbus/machine-id"
2025-01-28 20:40:12,103 INFO c.h.h.t.HelmChartContainer - [K3S] [server.go:767] "--cgroups-per-qos enabled, but --cgroup-root was not specified.  defaulting to /"
2025-01-28 20:40:12,103 INFO c.h.h.t.HelmChartContainer - [K3S] [server.go:836] "NoSwap is set due to memorySwapBehavior not specified" memorySwapBehavior="" FailSwapOn=false
2025-01-28 20:40:12,103 INFO c.h.h.t.HelmChartContainer - [K3S] [swap_util.go:115] "Swap is on" /proc/swaps contents=<
2025-01-28 20:40:12,103 INFO c.h.h.t.HelmChartContainer - [K3S] 	Filename				Type		Size		Used		Priority
2025-01-28 20:40:12,103 INFO c.h.h.t.HelmChartContainer - [K3S] 	/mnt/swapfile                           file		4194300		0		-2
2025-01-28 20:40:12,103 INFO c.h.h.t.HelmChartContainer - [K3S]  >
2025-01-28 20:40:12,103 INFO c.h.h.t.HelmChartContainer - [K3S] [container_manager_linux.go:268] "Container manager verified user specified cgroup-root exists" cgroupRoot=[]
2025-01-28 20:40:12,103 INFO c.h.h.t.HelmChartContainer - [K3S] [container_manager_linux.go:273] "Creating Container Manager object based on Node Config" nodeConfig={"NodeName":"a4d7440200d1","RuntimeCgroupsName":"","SystemCgroupsName":"","KubeletCgroupsName":"/k3s","KubeletOOMScoreAdj":-999,"ContainerRuntime":"","CgroupsPerQOS":true,"CgroupRoot":"/","CgroupDriver":"cgroupfs","KubeletRootDir":"/var/lib/kubelet","ProtectKernelDefaults":false,"KubeReservedCgroupName":"","SystemReservedCgroupName":"","ReservedSystemCPUs":{},"EnforceNodeAllocatable":{"pods":{}},"KubeReserved":null,"SystemReserved":null,"HardEvictionThresholds":[{"Signal":"imagefs.available","Operator":"LessThan","Value":{"Quantity":null,"Percentage":0.05},"GracePeriod":0,"MinReclaim":null},{"Signal":"nodefs.available","Operator":"LessThan","Value":{"Quantity":null,"Percentage":0.05},"GracePeriod":0,"MinReclaim":null}],"QOSReserved":{},"CPUManagerPolicy":"none","CPUManagerPolicyOptions":null,"TopologyManagerScope":"container","CPUManagerReconcilePeriod":10000000000,"ExperimentalMemoryManagerPolicy":"None","ExperimentalMemoryManagerReservedMemory":null,"PodPidsLimit":-1,"EnforceCPULimits":true,"CPUCFSQuotaPeriod":100000000,"TopologyManagerPolicy":"none","TopologyManagerPolicyOptions":null,"CgroupVersion":2}
2025-01-28 20:40:12,104 INFO c.h.h.t.HelmChartContainer - [K3S] [topology_manager.go:138] "Creating topology manager with none policy"
2025-01-28 20:40:12,104 INFO c.h.h.t.HelmChartContainer - [K3S] [container_manager_linux.go:304] "Creating device plugin manager"
2025-01-28 20:40:12,106 INFO c.h.h.t.HelmChartContainer - [K3S] [state_mem.go:36] "Initialized new in-memory state store"
2025-01-28 20:40:12,107 INFO c.h.h.t.HelmChartContainer - [K3S] [kubelet.go:446] "Attempting to sync node with API server"
2025-01-28 20:40:12,107 INFO c.h.h.t.HelmChartContainer - [K3S] [kubelet.go:341] "Adding static pod path" path="/var/lib/rancher/k3s/agent/pod-manifests"
2025-01-28 20:40:12,107 INFO c.h.h.t.HelmChartContainer - [K3S] [kubelet.go:352] "Adding apiserver pod source"
2025-01-28 20:40:12,107 INFO c.h.h.t.HelmChartContainer - [K3S] [apiserver.go:42] "Waiting for node sync before watching apiserver pods"
2025-01-28 20:40:12,107 INFO c.h.h.t.HelmChartContainer - [K3S] [apiserver.go:52] "Watching apiserver"
2025-01-28 20:40:12,107 INFO c.h.h.t.HelmChartContainer - [K3S] [kuberuntime_manager.go:269] "Container runtime initialized" containerRuntime="containerd" version="v1.7.23-k3s2" apiVersion="v1"
2025-01-28 20:40:12,107 INFO c.h.h.t.HelmChartContainer - [K3S] [kubelet.go:890] "Not starting ClusterTrustBundle informer because we are in static kubelet mode"
2025-01-28 20:40:12,107 INFO c.h.h.t.HelmChartContainer - [K3S] [probe.go:272] Flexvolume plugin directory at /usr/libexec/kubernetes/kubelet-plugins/volume/exec/ does not exist. Recreating.
2025-01-28 20:40:12,107 INFO c.h.h.t.HelmChartContainer - [K3S] [watchdog_linux.go:99] "Systemd watchdog is not enabled"
2025-01-28 20:40:12,111 INFO c.h.h.t.HelmChartContainer - [K3S] [server.go:1282] "Started kubelet"
2025-01-28 20:40:12,114 INFO c.h.h.t.HelmChartContainer - [K3S] [fs_resource_analyzer.go:67] "Starting FS ResourceAnalyzer"
2025-01-28 20:40:12,122 INFO c.h.h.t.HelmChartContainer - [K3S] [server.go:169] "Starting to listen" address="0.0.0.0" port=10250
2025-01-28 20:40:12,124 INFO c.h.h.t.HelmChartContainer - [K3S] [server.go:490] "Adding debug handlers to kubelet server"
2025-01-28 20:40:12,125 INFO c.h.h.t.HelmChartContainer - [K3S] [kubelet.go:1561] "Image garbage collection failed once. Stats initialization may not have completed yet" err="invalid capacity 0 on image filesystem"
2025-01-28 20:40:12,127 INFO c.h.h.t.HelmChartContainer - [K3S] [volume_manager.go:297] "Starting Kubelet Volume Manager"
2025-01-28 20:40:12,127 INFO c.h.h.t.HelmChartContainer - [K3S] [server.go:208] "Starting to listen read-only" address="0.0.0.0" port=10255
2025-01-28 20:40:12,128 INFO c.h.h.t.HelmChartContainer - [K3S] [ratelimit.go:55] "Setting rate limiting for endpoint" service="podresources" qps=100 burstTokens=10
2025-01-28 20:40:12,131 INFO c.h.h.t.HelmChartContainer - [K3S] [server.go:243] "Starting to serve the podresources API" endpoint="unix:/var/lib/kubelet/pod-resources/kubelet.sock"
2025-01-28 20:40:12,132 INFO c.h.h.t.HelmChartContainer - [K3S] [dynamic_serving_content.go:135] "Starting controller" name="kubelet-server-cert-files::/var/lib/rancher/k3s/agent/serving-kubelet.crt::/var/lib/rancher/k3s/agent/serving-kubelet.key"
2025-01-28 20:40:12,132 INFO c.h.h.t.HelmChartContainer - [K3S] [desired_state_of_world_populator.go:149] "Desired state populator starts to run"
2025-01-28 20:40:12,132 INFO c.h.h.t.HelmChartContainer - [K3S] [reconciler.go:26] "Reconciler: start to sync state"
2025-01-28 20:40:12,132 INFO c.h.h.t.HelmChartContainer - [K3S] [kubelet_node_status.go:467] "Error getting the current node from lister" err="node \"a4d7440200d1\" not found"
2025-01-28 20:40:12,133 INFO c.h.h.t.HelmChartContainer - [K3S] [factory.go:221] Registration of the systemd container factory successfully
2025-01-28 20:40:12,133 INFO c.h.h.t.HelmChartContainer - [K3S] [factory.go:219] Registration of the crio container factory failed: Get "http://%2Fvar%2Frun%2Fcrio%2Fcrio.sock/info": dial unix /var/run/crio/crio.sock: connect: no such file or directory
2025-01-28 20:40:12,137 INFO c.h.h.t.HelmChartContainer - [K3S] [factory.go:221] Registration of the containerd container factory successfully
2025-01-28 20:40:12,138 INFO c.h.h.t.HelmChartContainer - [K3S] [nodelease.go:49] "Failed to get node when trying to set owner ref to the node lease" err="nodes \"a4d7440200d1\" not found" node="a4d7440200d1"
2025-01-28 20:40:12,149 INFO c.h.h.t.HelmChartContainer - [K3S] [kubelet_network_linux.go:50] "Initialized iptables rules." protocol="IPv4"
2025-01-28 20:40:12,151 INFO c.h.h.t.HelmChartContainer - [K3S] [kubelet_network_linux.go:50] "Initialized iptables rules." protocol="IPv6"
2025-01-28 20:40:12,151 INFO c.h.h.t.HelmChartContainer - [K3S] [status_manager.go:227] "Starting to sync pod status with apiserver"
2025-01-28 20:40:12,152 INFO c.h.h.t.HelmChartContainer - [K3S] [watchdog_linux.go:127] "Systemd watchdog is not enabled or the interval is invalid, so health checking will not be started."
2025-01-28 20:40:12,152 INFO c.h.h.t.HelmChartContainer - [K3S] [kubelet.go:2388] "Starting kubelet main sync loop"
2025-01-28 20:40:12,153 INFO c.h.h.t.HelmChartContainer - [K3S] [kubelet.go:2412] "Skipping pod synchronization" err="[container runtime status check may not have completed yet, PLEG is not healthy: pleg has yet to be successful]"
2025-01-28 20:40:12,173 INFO c.h.h.t.HelmChartContainer - [K3S] [cpu_manager.go:221] "Starting CPU manager" policy="none"
2025-01-28 20:40:12,173 INFO c.h.h.t.HelmChartContainer - [K3S] [cpu_manager.go:222] "Reconciling" reconcilePeriod="10s"
2025-01-28 20:40:12,173 INFO c.h.h.t.HelmChartContainer - [K3S] [state_mem.go:36] "Initialized new in-memory state store"
2025-01-28 20:40:12,175 INFO c.h.h.t.HelmChartContainer - [K3S] [policy_none.go:49] "None policy: Start"
2025-01-28 20:40:12,175 INFO c.h.h.t.HelmChartContainer - [K3S] [memory_manager.go:186] "Starting memorymanager" policy="None"
2025-01-28 20:40:12,176 INFO c.h.h.t.HelmChartContainer - [K3S] [state_mem.go:35] "Initializing new in-memory state store"
2025-01-28 20:40:12,179 INFO c.h.h.t.HelmChartContainer - [K3S] [manager.go:519] "Failed to read data from checkpoint" checkpoint="kubelet_internal_checkpoint" err="checkpoint is not found"
2025-01-28 20:40:12,180 INFO c.h.h.t.HelmChartContainer - [K3S] [eviction_manager.go:189] "Eviction manager: starting control loop"
2025-01-28 20:40:12,180 INFO c.h.h.t.HelmChartContainer - [K3S] [container_log_manager.go:189] "Initializing container log rotate workers" workers=1 monitorPeriod="10s"
2025-01-28 20:40:12,190 INFO c.h.h.t.HelmChartContainer - [K3S] [plugin_manager.go:118] "Starting Kubelet Plugin Manager"
2025-01-28 20:40:12,190 INFO c.h.h.t.HelmChartContainer - [K3S] [eviction_manager.go:267] "eviction manager: failed to check if we have separate container filesystem. Ignoring." err="no imagefs label for configured runtime"
2025-01-28 20:40:12,190 INFO c.h.h.t.HelmChartContainer - [K3S] [eviction_manager.go:292] "Eviction manager: failed to get summary stats" err="failed to get node info: node \"a4d7440200d1\" not found"
2025-01-28 20:40:12,219 INFO c.h.h.t.HelmChartContainer - [K3S] [ERROR] Sending HTTP/1.1 503 response to 127.0.0.1:53250: runtime core not ready
2025-01-28 20:40:12,282 INFO c.h.h.t.HelmChartContainer - [K3S] [kubelet_node_status.go:76] "Attempting to register node" node="a4d7440200d1"
2025-01-28 20:40:12,287 INFO c.h.h.t.HelmChartContainer - [K3S] [kubelet_node_status.go:79] "Successfully registered node" node="a4d7440200d1"
2025-01-28 20:40:12,287 INFO c.h.h.t.HelmChartContainer - [K3S] [kubelet_node_status.go:549] "Error updating node status, will retry" err="error getting node \"a4d7440200d1\": node \"a4d7440200d1\" not found"
2025-01-28 20:40:12,293 INFO c.h.h.t.HelmChartContainer - [K3S] [INFO] Annotations and labels have been set successfully on node: a4d7440200d1
2025-01-28 20:40:12,294 INFO c.h.h.t.HelmChartContainer - [K3S] [INFO] Starting flannel with backend vxlan
2025-01-28 20:40:12,316 INFO c.h.h.t.HelmChartContainer - [K3S] [INFO] Running kube-proxy --cluster-cidr=10.42.0.0/16 --conntrack-max-per-core=0 --conntrack-tcp-timeout-close-wait=0s --conntrack-tcp-timeout-established=0s --healthz-bind-address=127.0.0.1 --hostname-override=a4d7440200d1 --kubeconfig=/var/lib/rancher/k3s/agent/kubeproxy.kubeconfig --proxy-mode=iptables
2025-01-28 20:40:12,332 INFO c.h.h.t.HelmChartContainer - [K3S] [desired_state_of_world_populator.go:157] "Finished populating initial desired state of world"
2025-01-28 20:40:12,355 INFO c.h.h.t.HelmChartContainer - [K3S] [server.go:698] "Successfully retrieved node IP(s)" IPs=["172.18.0.2"]
2025-01-28 20:40:12,355 INFO c.h.h.t.HelmChartContainer - [K3S] [server.go:234] "Kube-proxy configuration may be incomplete or incorrect" err="nodePortAddresses is unset; NodePort connections will be accepted on all local IPs. Consider using `--nodeport-addresses primary`"
2025-01-28 20:40:12,358 INFO c.h.h.t.HelmChartContainer - [K3S] [server.go:243] "kube-proxy running in dual-stack mode" primary ipFamily="IPv4"
2025-01-28 20:40:12,358 INFO c.h.h.t.HelmChartContainer - [K3S] [server_linux.go:170] "Using iptables Proxier"
2025-01-28 20:40:12,359 INFO c.h.h.t.HelmChartContainer - [K3S] [proxier.go:255] "Setting route_localnet=1 to allow node-ports on localhost; to change this either disable iptables.localhostNodePorts (--iptables-localhost-nodeports) or set nodePortAddresses (--nodeport-addresses) to filter loopback addresses"
2025-01-28 20:40:12,363 INFO c.h.h.t.HelmChartContainer - [K3S] [server.go:497] "Version info" version="v1.32.0+k3s1"
2025-01-28 20:40:12,364 INFO c.h.h.t.HelmChartContainer - [K3S] [server.go:499] "Golang settings" GOGC="" GOMAXPROCS="" GOTRACEBACK=""
2025-01-28 20:40:12,365 INFO c.h.h.t.HelmChartContainer - [K3S] [config.go:199] "Starting service config controller"
2025-01-28 20:40:12,365 INFO c.h.h.t.HelmChartContainer - [K3S] [config.go:105] "Starting endpoint slice config controller"
2025-01-28 20:40:12,366 INFO c.h.h.t.HelmChartContainer - [K3S] [config.go:329] "Starting node config controller"
2025-01-28 20:40:12,594 INFO c.h.h.t.HelmChartContainer - [K3S] [kubelet_node_status.go:502] "Fast updating node status as it just became ready"
2025-01-28 20:40:12,891 INFO c.h.h.t.HelmChartContainer - [K3S] [INFO] Waiting for untainted node
2025-01-28 20:40:12,891 INFO c.h.h.t.HelmChartContainer - [K3S] [INFO] Waiting for cloud-controller-manager privileges to become available
2025-01-28 20:40:12,891 INFO c.h.h.t.HelmChartContainer - [K3S] [INFO] Creating k3s-supervisor event broadcaster
2025-01-28 20:40:12,891 INFO c.h.h.t.HelmChartContainer - [K3S] [INFO] Kube API server is now running
2025-01-28 20:40:12,891 INFO c.h.h.t.HelmChartContainer - [K3S] [INFO] ETCD server is now running
2025-01-28 20:40:12,891 INFO c.h.h.t.HelmChartContainer - [K3S] [INFO] k3s is up and running
2025-01-28 20:40:12,900 INFO c.h.h.t.HelmChartContainer - [K3S] [INFO] Applying CRD addons.k3s.cattle.io
2025-01-28 20:40:12,911 INFO c.h.h.t.HelmChartContainer - [K3S] [INFO] Applying CRD etcdsnapshotfiles.k3s.cattle.io
2025-01-28 20:40:12,925 INFO c.h.h.t.HelmChartContainer - [K3S] [INFO] Applying CRD helmcharts.helm.cattle.io
2025-01-28 20:40:12,937 INFO c.h.h.t.HelmChartContainer - [K3S] [INFO] Applying CRD helmchartconfigs.helm.cattle.io
2025-01-28 20:40:12,950 INFO c.h.h.t.HelmChartContainer - [K3S] [INFO] Waiting for CRD helmchartconfigs.helm.cattle.io to become available
2025-01-28 20:40:13,238 INFO c.h.h.t.HelmChartContainer - [K3S] [serving.go:392] Generated self-signed cert in-memory
2025-01-28 20:40:13,453 INFO c.h.h.t.HelmChartContainer - [K3S] [INFO] Done waiting for CRD helmchartconfigs.helm.cattle.io to become available
2025-01-28 20:40:13,454 INFO c.h.h.t.HelmChartContainer - [K3S] [INFO] Writing static file: /var/lib/rancher/k3s/server/static/charts/traefik-27.0.201+up27.0.2.tgz
2025-01-28 20:40:13,454 INFO c.h.h.t.HelmChartContainer - [K3S] [INFO] Writing static file: /var/lib/rancher/k3s/server/static/charts/traefik-crd-27.0.201+up27.0.2.tgz
2025-01-28 20:40:13,455 INFO c.h.h.t.HelmChartContainer - [K3S] [INFO] Writing manifest: /var/lib/rancher/k3s/server/manifests/metrics-server/auth-delegator.yaml
2025-01-28 20:40:13,455 INFO c.h.h.t.HelmChartContainer - [K3S] [INFO] Writing manifest: /var/lib/rancher/k3s/server/manifests/metrics-server/auth-reader.yaml
2025-01-28 20:40:13,455 INFO c.h.h.t.HelmChartContainer - [K3S] [INFO] Writing manifest: /var/lib/rancher/k3s/server/manifests/metrics-server/metrics-server-deployment.yaml
2025-01-28 20:40:13,455 INFO c.h.h.t.HelmChartContainer - [K3S] [INFO] Writing manifest: /var/lib/rancher/k3s/server/manifests/metrics-server/resource-reader.yaml
2025-01-28 20:40:13,455 INFO c.h.h.t.HelmChartContainer - [K3S] [INFO] Writing manifest: /var/lib/rancher/k3s/server/manifests/runtimes.yaml
2025-01-28 20:40:13,456 INFO c.h.h.t.HelmChartContainer - [K3S] [INFO] Writing manifest: /var/lib/rancher/k3s/server/manifests/metrics-server/aggregated-metrics-reader.yaml
2025-01-28 20:40:13,456 INFO c.h.h.t.HelmChartContainer - [K3S] [INFO] Writing manifest: /var/lib/rancher/k3s/server/manifests/coredns.yaml
2025-01-28 20:40:13,456 INFO c.h.h.t.HelmChartContainer - [K3S] [INFO] Writing manifest: /var/lib/rancher/k3s/server/manifests/local-storage.yaml
2025-01-28 20:40:13,456 INFO c.h.h.t.HelmChartContainer - [K3S] [INFO] Writing manifest: /var/lib/rancher/k3s/server/manifests/metrics-server/metrics-apiservice.yaml
2025-01-28 20:40:13,456 INFO c.h.h.t.HelmChartContainer - [K3S] [INFO] Writing manifest: /var/lib/rancher/k3s/server/manifests/metrics-server/metrics-server-service.yaml
2025-01-28 20:40:13,457 INFO c.h.h.t.HelmChartContainer - [K3S] [INFO] Writing manifest: /var/lib/rancher/k3s/server/manifests/rolebindings.yaml
2025-01-28 20:40:13,457 INFO c.h.h.t.HelmChartContainer - [K3S] [INFO] Writing manifest: /var/lib/rancher/k3s/server/manifests/ccm.yaml
2025-01-28 20:40:13,460 INFO c.h.h.t.HelmChartContainer - [K3S] [INFO] Starting dynamiclistener CN filter node controller with SANs: [localhost 127.0.0.1 ::1 localhost a4d7440200d1 172.18.0.2 10.43.0.1 kubernetes kubernetes.default kubernetes.default.svc kubernetes.default.svc.cluster.local]
2025-01-28 20:40:13,462 INFO c.h.h.t.HelmChartContainer - [K3S] [INFO] Tunnel server egress proxy mode: agent
2025-01-28 20:40:13,557 INFO c.h.h.t.HelmChartContainer - [K3S] [controllermanager.go:185] "Starting" version="v1.32.0+k3s1"
2025-01-28 20:40:13,557 INFO c.h.h.t.HelmChartContainer - [K3S] [controllermanager.go:187] "Golang settings" GOGC="" GOMAXPROCS="" GOTRACEBACK=""
2025-01-28 20:40:13,563 INFO c.h.h.t.HelmChartContainer - [K3S] [requestheader_controller.go:180] Starting RequestHeaderAuthRequestController
2025-01-28 20:40:13,564 INFO c.h.h.t.HelmChartContainer - [K3S] [configmap_cafile_content.go:205] "Starting controller" name="client-ca::kube-system::extension-apiserver-authentication::client-ca-file"
2025-01-28 20:40:13,565 INFO c.h.h.t.HelmChartContainer - [K3S] [configmap_cafile_content.go:205] "Starting controller" name="client-ca::kube-system::extension-apiserver-authentication::requestheader-client-ca-file"
2025-01-28 20:40:13,565 INFO c.h.h.t.HelmChartContainer - [K3S] [secure_serving.go:213] Serving securely on 127.0.0.1:10257
2025-01-28 20:40:13,565 INFO c.h.h.t.HelmChartContainer - [K3S] [tlsconfig.go:243] "Starting DynamicServingCertificateController"
2025-01-28 20:40:13,566 INFO c.h.h.t.HelmChartContainer - [K3S] [INFO] Starting k3s.cattle.io/v1, Kind=Addon controller
2025-01-28 20:40:13,566 INFO c.h.h.t.HelmChartContainer - [K3S] [INFO] Creating deploy event broadcaster
2025-01-28 20:40:13,567 INFO c.h.h.t.HelmChartContainer - [K3S] [controllermanager.go:765] "Started controller" controller="serviceaccount-token-controller"
2025-01-28 20:40:13,567 INFO c.h.h.t.HelmChartContainer - [K3S] [controllermanager.go:723] "Skipping a cloud provider controller" controller="node-route-controller"
2025-01-28 20:40:13,571 INFO c.h.h.t.HelmChartContainer - [K3S] [controllermanager.go:765] "Started controller" controller="persistentvolume-expander-controller"
2025-01-28 20:40:13,572 INFO c.h.h.t.HelmChartContainer - [K3S] [expand_controller.go:329] "Starting expand controller"
2025-01-28 20:40:13,576 INFO c.h.h.t.HelmChartContainer - [K3S] [controllermanager.go:765] "Started controller" controller="clusterrole-aggregation-controller"
2025-01-28 20:40:13,576 INFO c.h.h.t.HelmChartContainer - [K3S] [clusterroleaggregation_controller.go:194] "Starting ClusterRoleAggregator controller"
2025-01-28 20:40:13,581 INFO c.h.h.t.HelmChartContainer - [K3S] [controllermanager.go:765] "Started controller" controller="serviceaccount-controller"
2025-01-28 20:40:13,582 INFO c.h.h.t.HelmChartContainer - [K3S] [serviceaccounts_controller.go:114] "Starting service account controller"
2025-01-28 20:40:13,588 INFO c.h.h.t.HelmChartContainer - [K3S] [controllermanager.go:765] "Started controller" controller="disruption-controller"
2025-01-28 20:40:13,588 INFO c.h.h.t.HelmChartContainer - [K3S] [disruption.go:452] "Sending events to api server."
2025-01-28 20:40:13,588 INFO c.h.h.t.HelmChartContainer - [K3S] [disruption.go:463] "Starting disruption controller"
2025-01-28 20:40:13,593 INFO c.h.h.t.HelmChartContainer - [K3S] [controllermanager.go:765] "Started controller" controller="token-cleaner-controller"
2025-01-28 20:40:13,593 INFO c.h.h.t.HelmChartContainer - [K3S] [tokencleaner.go:117] "Starting token cleaner controller"
2025-01-28 20:40:13,606 INFO c.h.h.t.HelmChartContainer - [K3S] [controllermanager.go:765] "Started controller" controller="validatingadmissionpolicy-status-controller"
2025-01-28 20:40:13,606 INFO c.h.h.t.HelmChartContainer - [K3S] [controllermanager.go:717] "Controller is disabled by a feature gate" controller="resourceclaim-controller" requiredFeatureGates=["DynamicResourceAllocation"]
2025-01-28 20:40:13,620 INFO c.h.h.t.HelmChartContainer - [K3S] [controllermanager.go:765] "Started controller" controller="namespace-controller"
2025-01-28 20:40:13,620 INFO c.h.h.t.HelmChartContainer - [K3S] [namespace_controller.go:202] "Starting namespace controller"
2025-01-28 20:40:13,625 INFO c.h.h.t.HelmChartContainer - [K3S] [controllermanager.go:765] "Started controller" controller="replicaset-controller"
2025-01-28 20:40:13,625 INFO c.h.h.t.HelmChartContainer - [K3S] [replica_set.go:217] "Starting controller" name="replicaset"
2025-01-28 20:40:13,668 INFO c.h.h.t.HelmChartContainer - [K3S] [INFO] Starting /v1, Kind=Node controller
2025-01-28 20:40:13,668 INFO c.h.h.t.HelmChartContainer - [K3S] [INFO] Creating helm-controller event broadcaster
2025-01-28 20:40:13,678 INFO c.h.h.t.HelmChartContainer - [K3S] [INFO] Cluster dns configmap has been set successfully
2025-01-28 20:40:13,720 INFO c.h.h.t.HelmChartContainer - [K3S] [INFO] Starting /v1, Kind=Secret controller
2025-01-28 20:40:13,721 INFO c.h.h.t.HelmChartContainer - [K3S] [INFO] Starting /v1, Kind=ConfigMap controller
2025-01-28 20:40:13,721 INFO c.h.h.t.HelmChartContainer - [K3S] [INFO] Starting /v1, Kind=ServiceAccount controller
2025-01-28 20:40:13,725 INFO c.h.h.t.HelmChartContainer - [K3S] [INFO] Updating TLS secret for kube-system/k3s-serving (count: 10): map[listener.cattle.io/cn-10.43.0.1:10.43.0.1 listener.cattle.io/cn-127.0.0.1:127.0.0.1 listener.cattle.io/cn-172.18.0.2:172.18.0.2 listener.cattle.io/cn-__1-f16284:::1 listener.cattle.io/cn-a4d7440200d1:a4d7440200d1 listener.cattle.io/cn-kubernetes:kubernetes listener.cattle.io/cn-kubernetes.default:kubernetes.default listener.cattle.io/cn-kubernetes.default.svc:kubernetes.default.svc listener.cattle.io/cn-kubernetes.default.svc.cluster.local:kubernetes.default.svc.cluster.local listener.cattle.io/cn-localhost:localhost listener.cattle.io/fingerprint:SHA1=A2DBE9F62E135FDBD3257B0E9087D68F26F942C0]
2025-01-28 20:40:13,728 INFO c.h.h.t.HelmChartContainer - [K3S] [INFO] Active TLS secret kube-system/k3s-serving (ver=238) (count 10): map[listener.cattle.io/cn-10.43.0.1:10.43.0.1 listener.cattle.io/cn-127.0.0.1:127.0.0.1 listener.cattle.io/cn-172.18.0.2:172.18.0.2 listener.cattle.io/cn-__1-f16284:::1 listener.cattle.io/cn-a4d7440200d1:a4d7440200d1 listener.cattle.io/cn-kubernetes:kubernetes listener.cattle.io/cn-kubernetes.default:kubernetes.default listener.cattle.io/cn-kubernetes.default.svc:kubernetes.default.svc listener.cattle.io/cn-kubernetes.default.svc.cluster.local:kubernetes.default.svc.cluster.local listener.cattle.io/cn-localhost:localhost listener.cattle.io/fingerprint:SHA1=A2DBE9F62E135FDBD3257B0E9087D68F26F942C0]
2025-01-28 20:40:13,767 INFO c.h.h.t.HelmChartContainer - [K3S] [controllermanager.go:765] "Started controller" controller="horizontal-pod-autoscaler-controller"
2025-01-28 20:40:13,767 INFO c.h.h.t.HelmChartContainer - [K3S] [horizontal.go:201] "Starting HPA controller"
2025-01-28 20:40:13,776 INFO c.h.h.t.HelmChartContainer - [K3S] [INFO] Starting helm.cattle.io/v1, Kind=HelmChart controller
2025-01-28 20:40:13,776 INFO c.h.h.t.HelmChartContainer - [K3S] [INFO] Starting helm.cattle.io/v1, Kind=HelmChartConfig controller
2025-01-28 20:40:13,779 INFO c.h.h.t.HelmChartContainer - [K3S] [INFO] Starting rbac.authorization.k8s.io/v1, Kind=ClusterRoleBinding controller
2025-01-28 20:40:13,781 INFO c.h.h.t.HelmChartContainer - [K3S] [INFO] Starting batch/v1, Kind=Job controller
2025-01-28 20:40:13,823 INFO c.h.h.t.HelmChartContainer - [K3S] [INFO] Updating TLS secret for kube-system/k3s-serving (count: 10): map[listener.cattle.io/cn-10.43.0.1:10.43.0.1 listener.cattle.io/cn-127.0.0.1:127.0.0.1 listener.cattle.io/cn-172.18.0.2:172.18.0.2 listener.cattle.io/cn-__1-f16284:::1 listener.cattle.io/cn-a4d7440200d1:a4d7440200d1 listener.cattle.io/cn-kubernetes:kubernetes listener.cattle.io/cn-kubernetes.default:kubernetes.default listener.cattle.io/cn-kubernetes.default.svc:kubernetes.default.svc listener.cattle.io/cn-kubernetes.default.svc.cluster.local:kubernetes.default.svc.cluster.local listener.cattle.io/cn-localhost:localhost listener.cattle.io/fingerprint:SHA1=A2DBE9F62E135FDBD3257B0E9087D68F26F942C0]
2025-01-28 20:40:13,925 INFO c.h.h.t.HelmChartContainer - [K3S] [controllermanager.go:765] "Started controller" controller="persistentvolume-protection-controller"
2025-01-28 20:40:13,925 INFO c.h.h.t.HelmChartContainer - [K3S] [controllermanager.go:717] "Controller is disabled by a feature gate" controller="volumeattributesclass-protection-controller" requiredFeatureGates=["VolumeAttributesClass"]
2025-01-28 20:40:13,925 INFO c.h.h.t.HelmChartContainer - [K3S] [pv_protection_controller.go:81] "Starting PV protection controller"
2025-01-28 20:40:14,068 INFO c.h.h.t.HelmChartContainer - [K3S] [controllermanager.go:765] "Started controller" controller="root-ca-certificate-publisher-controller"
2025-01-28 20:40:14,068 INFO c.h.h.t.HelmChartContainer - [K3S] [publisher.go:107] "Starting root CA cert publisher controller"
2025-01-28 20:40:14,218 INFO c.h.h.t.HelmChartContainer - [K3S] [controllermanager.go:765] "Started controller" controller="persistentvolume-binder-controller"
2025-01-28 20:40:14,218 INFO c.h.h.t.HelmChartContainer - [K3S] [pv_controller_base.go:308] "Starting persistent volume controller"
2025-01-28 20:40:14,368 INFO c.h.h.t.HelmChartContainer - [K3S] [controllermanager.go:765] "Started controller" controller="endpointslice-controller"
2025-01-28 20:40:14,368 INFO c.h.h.t.HelmChartContainer - [K3S] [endpointslice_controller.go:281] "Starting endpoint slice controller"
2025-01-28 20:40:14,518 INFO c.h.h.t.HelmChartContainer - [K3S] [controllermanager.go:765] "Started controller" controller="pod-garbage-collector-controller"
2025-01-28 20:40:14,518 INFO c.h.h.t.HelmChartContainer - [K3S] [gc_controller.go:99] "Starting GC controller"
2025-01-28 20:40:14,668 INFO c.h.h.t.HelmChartContainer - [K3S] [controllermanager.go:765] "Started controller" controller="job-controller"
2025-01-28 20:40:14,668 INFO c.h.h.t.HelmChartContainer - [K3S] [job_controller.go:243] "Starting job controller"
2025-01-28 20:40:14,684 INFO c.h.h.t.HelmChartContainer - [K3S] [INFO] Labels and annotations have been set successfully on node: a4d7440200d1
2025-01-28 20:40:14,818 INFO c.h.h.t.HelmChartContainer - [K3S] [controllermanager.go:765] "Started controller" controller="deployment-controller"
2025-01-28 20:40:14,818 INFO c.h.h.t.HelmChartContainer - [K3S] [deployment_controller.go:173] "Starting controller" controller="deployment"
2025-01-28 20:40:14,968 INFO c.h.h.t.HelmChartContainer - [K3S] [certificate_controller.go:120] "Starting certificate controller" name="csrsigning-kubelet-serving"
2025-01-28 20:40:14,968 INFO c.h.h.t.HelmChartContainer - [K3S] [dynamic_serving_content.go:135] "Starting controller" name="csr-controller::/var/lib/rancher/k3s/server/tls/server-ca.nochain.crt::/var/lib/rancher/k3s/server/tls/server-ca.key"
2025-01-28 20:40:14,968 INFO c.h.h.t.HelmChartContainer - [K3S] [certificate_controller.go:120] "Starting certificate controller" name="csrsigning-kubelet-client"
2025-01-28 20:40:14,968 INFO c.h.h.t.HelmChartContainer - [K3S] [dynamic_serving_content.go:135] "Starting controller" name="csr-controller::/var/lib/rancher/k3s/server/tls/client-ca.nochain.crt::/var/lib/rancher/k3s/server/tls/client-ca.key"
2025-01-28 20:40:14,969 INFO c.h.h.t.HelmChartContainer - [K3S] [certificate_controller.go:120] "Starting certificate controller" name="csrsigning-kube-apiserver-client"
2025-01-28 20:40:14,969 INFO c.h.h.t.HelmChartContainer - [K3S] [dynamic_serving_content.go:135] "Starting controller" name="csr-controller::/var/lib/rancher/k3s/server/tls/client-ca.nochain.crt::/var/lib/rancher/k3s/server/tls/client-ca.key"
2025-01-28 20:40:14,969 INFO c.h.h.t.HelmChartContainer - [K3S] [controllermanager.go:765] "Started controller" controller="certificatesigningrequest-signing-controller"
2025-01-28 20:40:14,969 INFO c.h.h.t.HelmChartContainer - [K3S] [controllermanager.go:728] "Warning: controller is disabled" controller="bootstrap-signer-controller"
2025-01-28 20:40:14,969 INFO c.h.h.t.HelmChartContainer - [K3S] [certificate_controller.go:120] "Starting certificate controller" name="csrsigning-legacy-unknown"
2025-01-28 20:40:14,969 INFO c.h.h.t.HelmChartContainer - [K3S] [dynamic_serving_content.go:135] "Starting controller" name="csr-controller::/var/lib/rancher/k3s/server/tls/server-ca.nochain.crt::/var/lib/rancher/k3s/server/tls/server-ca.key"
2025-01-28 20:40:15,221 INFO c.h.h.t.HelmChartContainer - [K3S] [range_allocator.go:112] "No Secondary Service CIDR provided. Skipping filtering out secondary service addresses"
2025-01-28 20:40:15,221 INFO c.h.h.t.HelmChartContainer - [K3S] [controllermanager.go:765] "Started controller" controller="node-ipam-controller"
2025-01-28 20:40:15,222 INFO c.h.h.t.HelmChartContainer - [K3S] [node_ipam_controller.go:141] "Starting ipam controller"
2025-01-28 20:40:15,368 INFO c.h.h.t.HelmChartContainer - [K3S] [controllermanager.go:765] "Started controller" controller="persistentvolumeclaim-protection-controller"
2025-01-28 20:40:15,368 INFO c.h.h.t.HelmChartContainer - [K3S] [pvc_protection_controller.go:168] "Starting PVC protection controller"
2025-01-28 20:40:15,518 INFO c.h.h.t.HelmChartContainer - [K3S] [controllermanager.go:765] "Started controller" controller="ttl-after-finished-controller"
2025-01-28 20:40:15,518 INFO c.h.h.t.HelmChartContainer - [K3S] [controllermanager.go:717] "Controller is disabled by a feature gate" controller="kube-apiserver-serving-clustertrustbundle-publisher-controller" requiredFeatureGates=["ClusterTrustBundle"]
2025-01-28 20:40:15,518 INFO c.h.h.t.HelmChartContainer - [K3S] [ttlafterfinished_controller.go:112] "Starting TTL after finished controller"
2025-01-28 20:40:15,571 INFO c.h.h.t.HelmChartContainer - [K3S] [event.go:389] "Event occurred" object="kube-system/ccm" fieldPath="" kind="Addon" apiVersion="k3s.cattle.io/v1" type="Normal" reason="ApplyingManifest" message="Applying manifest at \"/var/lib/rancher/k3s/server/manifests/ccm.yaml\""
2025-01-28 20:40:15,589 INFO c.h.h.t.HelmChartContainer - [K3S] [event.go:389] "Event occurred" object="kube-system/ccm" fieldPath="" kind="Addon" apiVersion="k3s.cattle.io/v1" type="Normal" reason="AppliedManifest" message="Applied manifest at \"/var/lib/rancher/k3s/server/manifests/ccm.yaml\""
2025-01-28 20:40:15,598 INFO c.h.h.t.HelmChartContainer - [K3S] [event.go:389] "Event occurred" object="kube-system/coredns" fieldPath="" kind="Addon" apiVersion="k3s.cattle.io/v1" type="Normal" reason="ApplyingManifest" message="Applying manifest at \"/var/lib/rancher/k3s/server/manifests/coredns.yaml\""
2025-01-28 20:40:15,607 INFO c.h.h.t.HelmChartContainer - [K3S] [event.go:389] "Event occurred" object="a4d7440200d1" fieldPath="" kind="Node" apiVersion="" type="Normal" reason="NodePasswordValidationComplete" message="Deferred node password secret validation complete"
2025-01-28 20:40:15,668 INFO c.h.h.t.HelmChartContainer - [K3S] [controllermanager.go:765] "Started controller" controller="ephemeral-volume-controller"
2025-01-28 20:40:15,668 INFO c.h.h.t.HelmChartContainer - [K3S] [controller.go:173] "Starting ephemeral volume controller"
2025-01-28 20:40:15,704 INFO c.h.h.t.HelmChartContainer - [K3S] [alloc.go:330] "allocated clusterIPs" service="kube-system/kube-dns" clusterIPs={"IPv4":"10.43.0.10"}
2025-01-28 20:40:15,705 INFO c.h.h.t.HelmChartContainer - [K3S] [event.go:389] "Event occurred" object="kube-system/coredns" fieldPath="" kind="Addon" apiVersion="k3s.cattle.io/v1" type="Normal" reason="AppliedManifest" message="Applied manifest at \"/var/lib/rancher/k3s/server/manifests/coredns.yaml\""
2025-01-28 20:40:15,713 INFO c.h.h.t.HelmChartContainer - [K3S] [event.go:389] "Event occurred" object="kube-system/local-storage" fieldPath="" kind="Addon" apiVersion="k3s.cattle.io/v1" type="Normal" reason="ApplyingManifest" message="Applying manifest at \"/var/lib/rancher/k3s/server/manifests/local-storage.yaml\""
2025-01-28 20:40:15,807 INFO c.h.h.t.HelmChartContainer - [K3S] [event.go:389] "Event occurred" object="kube-system/local-storage" fieldPath="" kind="Addon" apiVersion="k3s.cattle.io/v1" type="Normal" reason="AppliedManifest" message="Applied manifest at \"/var/lib/rancher/k3s/server/manifests/local-storage.yaml\""
2025-01-28 20:40:15,812 INFO c.h.h.t.HelmChartContainer - [K3S] [event.go:389] "Event occurred" object="kube-system/aggregated-metrics-reader" fieldPath="" kind="Addon" apiVersion="k3s.cattle.io/v1" type="Normal" reason="ApplyingManifest" message="Applying manifest at \"/var/lib/rancher/k3s/server/manifests/metrics-server/aggregated-metrics-reader.yaml\""
2025-01-28 20:40:15,816 INFO c.h.h.t.HelmChartContainer - [K3S] [controllermanager.go:765] "Started controller" controller="legacy-serviceaccount-token-cleaner-controller"
2025-01-28 20:40:15,816 INFO c.h.h.t.HelmChartContainer - [K3S] [legacy_serviceaccount_token_cleaner.go:103] "Starting legacy service account token cleaner controller"
2025-01-28 20:40:15,879 INFO c.h.h.t.HelmChartContainer - [K3S] [event.go:389] "Event occurred" object="kube-system/aggregated-metrics-reader" fieldPath="" kind="Addon" apiVersion="k3s.cattle.io/v1" type="Normal" reason="AppliedManifest" message="Applied manifest at \"/var/lib/rancher/k3s/server/manifests/metrics-server/aggregated-metrics-reader.yaml\""
2025-01-28 20:40:15,884 INFO c.h.h.t.HelmChartContainer - [K3S] [event.go:389] "Event occurred" object="kube-system/auth-delegator" fieldPath="" kind="Addon" apiVersion="k3s.cattle.io/v1" type="Normal" reason="ApplyingManifest" message="Applying manifest at \"/var/lib/rancher/k3s/server/manifests/metrics-server/auth-delegator.yaml\""
2025-01-28 20:40:15,889 INFO c.h.h.t.HelmChartContainer - [K3S] [event.go:389] "Event occurred" object="kube-system/auth-delegator" fieldPath="" kind="Addon" apiVersion="k3s.cattle.io/v1" type="Normal" reason="AppliedManifest" message="Applied manifest at \"/var/lib/rancher/k3s/server/manifests/metrics-server/auth-delegator.yaml\""
2025-01-28 20:40:15,894 INFO c.h.h.t.HelmChartContainer - [K3S] [event.go:389] "Event occurred" object="kube-system/auth-reader" fieldPath="" kind="Addon" apiVersion="k3s.cattle.io/v1" type="Normal" reason="ApplyingManifest" message="Applying manifest at \"/var/lib/rancher/k3s/server/manifests/metrics-server/auth-reader.yaml\""
2025-01-28 20:40:15,899 INFO c.h.h.t.HelmChartContainer - [K3S] [event.go:389] "Event occurred" object="kube-system/auth-reader" fieldPath="" kind="Addon" apiVersion="k3s.cattle.io/v1" type="Normal" reason="AppliedManifest" message="Applied manifest at \"/var/lib/rancher/k3s/server/manifests/metrics-server/auth-reader.yaml\""
2025-01-28 20:40:15,905 INFO c.h.h.t.HelmChartContainer - [K3S] [event.go:389] "Event occurred" object="kube-system/metrics-apiservice" fieldPath="" kind="Addon" apiVersion="k3s.cattle.io/v1" type="Normal" reason="ApplyingManifest" message="Applying manifest at \"/var/lib/rancher/k3s/server/manifests/metrics-server/metrics-apiservice.yaml\""
2025-01-28 20:40:15,913 INFO c.h.h.t.HelmChartContainer - [K3S] [event.go:389] "Event occurred" object="kube-system/metrics-apiservice" fieldPath="" kind="Addon" apiVersion="k3s.cattle.io/v1" type="Normal" reason="AppliedManifest" message="Applied manifest at \"/var/lib/rancher/k3s/server/manifests/metrics-server/metrics-apiservice.yaml\""
2025-01-28 20:40:15,919 INFO c.h.h.t.HelmChartContainer - [K3S] [handler_proxy.go:99] no RequestInfo found in the context
2025-01-28 20:40:15,919 INFO c.h.h.t.HelmChartContainer - [K3S] [controller.go:146] "Unhandled Error" err=<
2025-01-28 20:40:15,919 INFO c.h.h.t.HelmChartContainer - [K3S] 	, Header: map[Content-Type:[text/plain; charset=utf-8] X-Content-Type-Options:[nosniff]]
2025-01-28 20:40:15,919 INFO c.h.h.t.HelmChartContainer - [K3S]  >
2025-01-28 20:40:15,920 INFO c.h.h.t.HelmChartContainer - [K3S] [handler_proxy.go:143] error resolving kube-system/metrics-server: service "metrics-server" not found
2025-01-28 20:40:15,922 INFO c.h.h.t.HelmChartContainer - [K3S] [event.go:389] "Event occurred" object="kube-system/metrics-server-deployment" fieldPath="" kind="Addon" apiVersion="k3s.cattle.io/v1" type="Normal" reason="ApplyingManifest" message="Applying manifest at \"/var/lib/rancher/k3s/server/manifests/metrics-server/metrics-server-deployment.yaml\""
2025-01-28 20:40:15,932 INFO c.h.h.t.HelmChartContainer - [K3S] [event.go:389] "Event occurred" object="kube-system/metrics-server-deployment" fieldPath="" kind="Addon" apiVersion="k3s.cattle.io/v1" type="Normal" reason="AppliedManifest" message="Applied manifest at \"/var/lib/rancher/k3s/server/manifests/metrics-server/metrics-server-deployment.yaml\""
2025-01-28 20:40:15,937 INFO c.h.h.t.HelmChartContainer - [K3S] [event.go:389] "Event occurred" object="kube-system/metrics-server-service" fieldPath="" kind="Addon" apiVersion="k3s.cattle.io/v1" type="Normal" reason="ApplyingManifest" message="Applying manifest at \"/var/lib/rancher/k3s/server/manifests/metrics-server/metrics-server-service.yaml\""
2025-01-28 20:40:15,944 INFO c.h.h.t.HelmChartContainer - [K3S] [alloc.go:330] "allocated clusterIPs" service="kube-system/metrics-server" clusterIPs={"IPv4":"10.43.219.122"}
2025-01-28 20:40:15,947 INFO c.h.h.t.HelmChartContainer - [K3S] [event.go:389] "Event occurred" object="kube-system/metrics-server-service" fieldPath="" kind="Addon" apiVersion="k3s.cattle.io/v1" type="Normal" reason="AppliedManifest" message="Applied manifest at \"/var/lib/rancher/k3s/server/manifests/metrics-server/metrics-server-service.yaml\""
2025-01-28 20:40:15,950 INFO c.h.h.t.HelmChartContainer - [K3S] [handler_proxy.go:99] no RequestInfo found in the context
2025-01-28 20:40:15,951 INFO c.h.h.t.HelmChartContainer - [K3S] [controller.go:146] "Unhandled Error" err=<
2025-01-28 20:40:15,951 INFO c.h.h.t.HelmChartContainer - [K3S] 	, Header: map[Content-Type:[text/plain; charset=utf-8] X-Content-Type-Options:[nosniff]]
2025-01-28 20:40:15,951 INFO c.h.h.t.HelmChartContainer - [K3S]  >
2025-01-28 20:40:15,953 INFO c.h.h.t.HelmChartContainer - [K3S] [handler_proxy.go:143] error resolving kube-system/metrics-server: endpoints "metrics-server" not found
2025-01-28 20:40:15,955 INFO c.h.h.t.HelmChartContainer - [K3S] [event.go:389] "Event occurred" object="kube-system/resource-reader" fieldPath="" kind="Addon" apiVersion="k3s.cattle.io/v1" type="Normal" reason="ApplyingManifest" message="Applying manifest at \"/var/lib/rancher/k3s/server/manifests/metrics-server/resource-reader.yaml\""
2025-01-28 20:40:15,967 INFO c.h.h.t.HelmChartContainer - [K3S] [controllermanager.go:765] "Started controller" controller="replicationcontroller-controller"
2025-01-28 20:40:15,967 INFO c.h.h.t.HelmChartContainer - [K3S] [replica_set.go:217] "Starting controller" name="replicationcontroller"
2025-01-28 20:40:15,989 INFO c.h.h.t.HelmChartContainer - [K3S] [event.go:389] "Event occurred" object="kube-system/resource-reader" fieldPath="" kind="Addon" apiVersion="k3s.cattle.io/v1" type="Normal" reason="AppliedManifest" message="Applied manifest at \"/var/lib/rancher/k3s/server/manifests/metrics-server/resource-reader.yaml\""
2025-01-28 20:40:15,995 INFO c.h.h.t.HelmChartContainer - [K3S] [event.go:389] "Event occurred" object="kube-system/rolebindings" fieldPath="" kind="Addon" apiVersion="k3s.cattle.io/v1" type="Normal" reason="ApplyingManifest" message="Applying manifest at \"/var/lib/rancher/k3s/server/manifests/rolebindings.yaml\""
2025-01-28 20:40:16,106 INFO c.h.h.t.HelmChartContainer - [K3S] [event.go:389] "Event occurred" object="kube-system/rolebindings" fieldPath="" kind="Addon" apiVersion="k3s.cattle.io/v1" type="Normal" reason="AppliedManifest" message="Applied manifest at \"/var/lib/rancher/k3s/server/manifests/rolebindings.yaml\""
2025-01-28 20:40:16,115 INFO c.h.h.t.HelmChartContainer - [K3S] [event.go:389] "Event occurred" object="kube-system/runtimes" fieldPath="" kind="Addon" apiVersion="k3s.cattle.io/v1" type="Normal" reason="ApplyingManifest" message="Applying manifest at \"/var/lib/rancher/k3s/server/manifests/runtimes.yaml\""
2025-01-28 20:40:16,121 INFO c.h.h.t.HelmChartContainer - [K3S] [controllermanager.go:765] "Started controller" controller="cronjob-controller"
2025-01-28 20:40:16,121 INFO c.h.h.t.HelmChartContainer - [K3S] [controllermanager.go:717] "Controller is disabled by a feature gate" controller="storageversion-garbage-collector-controller" requiredFeatureGates=["APIServerIdentity","StorageVersionAPI"]
2025-01-28 20:40:16,122 INFO c.h.h.t.HelmChartContainer - [K3S] [controllermanager.go:717] "Controller is disabled by a feature gate" controller="selinux-warning-controller" requiredFeatureGates=["SELinuxChangePolicy"]
2025-01-28 20:40:16,122 INFO c.h.h.t.HelmChartContainer - [K3S] [cronjob_controllerv2.go:145] "Starting cronjob controller v2"
2025-01-28 20:40:16,152 INFO c.h.h.t.HelmChartContainer - [K3S] [event.go:389] "Event occurred" object="kube-system/runtimes" fieldPath="" kind="Addon" apiVersion="k3s.cattle.io/v1" type="Normal" reason="AppliedManifest" message="Applied manifest at \"/var/lib/rancher/k3s/server/manifests/runtimes.yaml\""
2025-01-28 20:40:16,217 INFO c.h.h.t.HelmChartContainer - [K3S] [serving.go:392] Generated self-signed cert in-memory
2025-01-28 20:40:16,268 INFO c.h.h.t.HelmChartContainer - [K3S] [controllermanager.go:765] "Started controller" controller="endpointslice-mirroring-controller"
2025-01-28 20:40:16,269 INFO c.h.h.t.HelmChartContainer - [K3S] [endpointslicemirroring_controller.go:227] "Starting EndpointSliceMirroring controller"
2025-01-28 20:40:16,352 INFO c.h.h.t.HelmChartContainer - [K3S] [serving.go:392] Generated self-signed cert in-memory
2025-01-28 20:40:16,559 INFO c.h.h.t.HelmChartContainer - [K3S] [controllermanager.go:160] Version: v1.32.0+k3s1
2025-01-28 20:40:16,562 INFO c.h.h.t.HelmChartContainer - [K3S] [requestheader_controller.go:180] Starting RequestHeaderAuthRequestController
2025-01-28 20:40:16,564 INFO c.h.h.t.HelmChartContainer - [K3S] [configmap_cafile_content.go:205] "Starting controller" name="client-ca::kube-system::extension-apiserver-authentication::client-ca-file"
2025-01-28 20:40:16,564 INFO c.h.h.t.HelmChartContainer - [K3S] [configmap_cafile_content.go:205] "Starting controller" name="client-ca::kube-system::extension-apiserver-authentication::requestheader-client-ca-file"
2025-01-28 20:40:16,566 INFO c.h.h.t.HelmChartContainer - [K3S] [secure_serving.go:213] Serving securely on 127.0.0.1:10258
2025-01-28 20:40:16,567 INFO c.h.h.t.HelmChartContainer - [K3S] [tlsconfig.go:243] "Starting DynamicServingCertificateController"
2025-01-28 20:40:16,568 INFO c.h.h.t.HelmChartContainer - [K3S] [INFO] Creating service-lb-controller event broadcaster
2025-01-28 20:40:16,575 INFO c.h.h.t.HelmChartContainer - [K3S] [controllermanager.go:765] "Started controller" controller="resourcequota-controller"
2025-01-28 20:40:16,575 INFO c.h.h.t.HelmChartContainer - [K3S] [resource_quota_controller.go:300] "Starting resource quota controller"
2025-01-28 20:40:16,687 INFO c.h.h.t.HelmChartContainer - [K3S] [INFO] Starting /v1, Kind=Node controller
2025-01-28 20:40:16,689 INFO c.h.h.t.HelmChartContainer - [K3S] [INFO] Starting /v1, Kind=Pod controller
2025-01-28 20:40:16,692 INFO c.h.h.t.HelmChartContainer - [K3S] [INFO] Starting apps/v1, Kind=DaemonSet controller
2025-01-28 20:40:16,695 INFO c.h.h.t.HelmChartContainer - [K3S] [INFO] Starting discovery.k8s.io/v1, Kind=EndpointSlice controller
2025-01-28 20:40:16,695 INFO c.h.h.t.HelmChartContainer - [K3S] [controllermanager.go:329] Started "cloud-node-lifecycle-controller"
2025-01-28 20:40:16,696 INFO c.h.h.t.HelmChartContainer - [K3S] [node_lifecycle_controller.go:112] Sending events to api server
2025-01-28 20:40:16,696 INFO c.h.h.t.HelmChartContainer - [K3S] [controllermanager.go:329] Started "service-lb-controller"
2025-01-28 20:40:16,696 INFO c.h.h.t.HelmChartContainer - [K3S] [controllermanager.go:306] "node-route-controller" is disabled
2025-01-28 20:40:16,697 INFO c.h.h.t.HelmChartContainer - [K3S] [controller.go:234] Starting service controller
2025-01-28 20:40:16,697 INFO c.h.h.t.HelmChartContainer - [K3S] [controllermanager.go:329] Started "cloud-node-controller"
2025-01-28 20:40:16,697 INFO c.h.h.t.HelmChartContainer - [K3S] [node_controller.go:176] Sending events to api server.
2025-01-28 20:40:16,697 INFO c.h.h.t.HelmChartContainer - [K3S] [node_controller.go:185] Waiting for informer caches to sync
2025-01-28 20:40:16,797 INFO c.h.h.t.HelmChartContainer - [K3S] [node_controller.go:429] Initializing node a4d7440200d1 with cloud provider
2025-01-28 20:40:16,801 INFO c.h.h.t.HelmChartContainer - [K3S] [node_controller.go:474] Successfully initialized node a4d7440200d1 with cloud provider
2025-01-28 20:40:16,802 INFO c.h.h.t.HelmChartContainer - [K3S] [event.go:389] "Event occurred" object="a4d7440200d1" fieldPath="" kind="Node" apiVersion="v1" type="Normal" reason="Synced" message="Node synced successfully"
2025-01-28 20:40:16,808 INFO c.h.h.t.HelmChartContainer - [K3S] [INFO] Updated coredns NodeHosts entry for a4d7440200d1
2025-01-28 20:40:16,818 INFO c.h.h.t.HelmChartContainer - [K3S] [controllermanager.go:765] "Started controller" controller="garbage-collector-controller"
2025-01-28 20:40:16,820 INFO c.h.h.t.HelmChartContainer - [K3S] [graph_builder.go:351] "Running" component="GraphBuilder"
2025-01-28 20:40:16,914 INFO c.h.h.t.HelmChartContainer - [K3S] [handler_proxy.go:99] no RequestInfo found in the context
2025-01-28 20:40:16,914 INFO c.h.h.t.HelmChartContainer - [K3S] [handler_proxy.go:99] no RequestInfo found in the context
2025-01-28 20:40:16,914 INFO c.h.h.t.HelmChartContainer - [K3S] [controller.go:102] "Unhandled Error" err=<
2025-01-28 20:40:16,914 INFO c.h.h.t.HelmChartContainer - [K3S] 	, Header: map[Content-Type:[text/plain; charset=utf-8] X-Content-Type-Options:[nosniff]]
2025-01-28 20:40:16,915 INFO c.h.h.t.HelmChartContainer - [K3S]  >
2025-01-28 20:40:17,069 INFO c.h.h.t.HelmChartContainer - [K3S] [controllermanager.go:765] "Started controller" controller="statefulset-controller"
2025-01-28 20:40:17,069 INFO c.h.h.t.HelmChartContainer - [K3S] [controllermanager.go:743] "Warning: skipping controller" controller="storage-version-migrator-controller"
2025-01-28 20:40:17,069 INFO c.h.h.t.HelmChartContainer - [K3S] [stateful_set.go:166] "Starting stateful set controller"
2025-01-28 20:40:17,085 INFO c.h.h.t.HelmChartContainer - [K3S] [serving.go:392] Generated self-signed cert in-memory
2025-01-28 20:40:17,091 INFO c.h.h.t.HelmChartContainer - [K3S] [INFO] Tunnel authorizer set Kubelet Port 0.0.0.0:10250
2025-01-28 20:40:17,118 INFO c.h.h.t.HelmChartContainer - [K3S] [controllermanager.go:765] "Started controller" controller="certificatesigningrequest-cleaner-controller"
2025-01-28 20:40:17,118 INFO c.h.h.t.HelmChartContainer - [K3S] [cleaner.go:83] "Starting CSR cleaner controller"
2025-01-28 20:40:17,266 INFO c.h.h.t.HelmChartContainer - [K3S] [server.go:164] "Starting Kubernetes Scheduler" version="v1.32.0+k3s1"
2025-01-28 20:40:17,266 INFO c.h.h.t.HelmChartContainer - [K3S] [server.go:166] "Golang settings" GOGC="" GOMAXPROCS="" GOTRACEBACK=""
2025-01-28 20:40:17,267 INFO c.h.h.t.HelmChartContainer - [K3S] [controllermanager.go:765] "Started controller" controller="ttl-controller"
2025-01-28 20:40:17,267 INFO c.h.h.t.HelmChartContainer - [K3S] [controllermanager.go:723] "Skipping a cloud provider controller" controller="service-lb-controller"
2025-01-28 20:40:17,267 INFO c.h.h.t.HelmChartContainer - [K3S] [ttl_controller.go:127] "Starting TTL controller"
2025-01-28 20:40:17,269 INFO c.h.h.t.HelmChartContainer - [K3S] [secure_serving.go:213] Serving securely on 127.0.0.1:10259
2025-01-28 20:40:17,269 INFO c.h.h.t.HelmChartContainer - [K3S] [requestheader_controller.go:180] Starting RequestHeaderAuthRequestController
2025-01-28 20:40:17,270 INFO c.h.h.t.HelmChartContainer - [K3S] [tlsconfig.go:243] "Starting DynamicServingCertificateController"
2025-01-28 20:40:17,273 INFO c.h.h.t.HelmChartContainer - [K3S] [configmap_cafile_content.go:205] "Starting controller" name="client-ca::kube-system::extension-apiserver-authentication::client-ca-file"
2025-01-28 20:40:17,273 INFO c.h.h.t.HelmChartContainer - [K3S] [configmap_cafile_content.go:205] "Starting controller" name="client-ca::kube-system::extension-apiserver-authentication::requestheader-client-ca-file"
2025-01-28 20:40:17,317 INFO c.h.h.t.HelmChartContainer - [K3S] [controllermanager.go:765] "Started controller" controller="taint-eviction-controller"
2025-01-28 20:40:17,317 INFO c.h.h.t.HelmChartContainer - [K3S] [taint_eviction.go:281] "Starting" controller="taint-eviction-controller"
2025-01-28 20:40:17,317 INFO c.h.h.t.HelmChartContainer - [K3S] [taint_eviction.go:287] "Sending events to api server"
2025-01-28 20:40:17,468 INFO c.h.h.t.HelmChartContainer - [K3S] [controllermanager.go:765] "Started controller" controller="endpoints-controller"
2025-01-28 20:40:17,468 INFO c.h.h.t.HelmChartContainer - [K3S] [endpoints_controller.go:182] "Starting endpoint controller"
2025-01-28 20:40:17,618 INFO c.h.h.t.HelmChartContainer - [K3S] [controllermanager.go:765] "Started controller" controller="daemonset-controller"
2025-01-28 20:40:17,618 INFO c.h.h.t.HelmChartContainer - [K3S] [daemon_controller.go:294] "Starting daemon sets controller"
2025-01-28 20:40:17,667 INFO c.h.h.t.HelmChartContainer - [K3S] [controllermanager.go:765] "Started controller" controller="certificatesigningrequest-approving-controller"
2025-01-28 20:40:17,667 INFO c.h.h.t.HelmChartContainer - [K3S] [certificate_controller.go:120] "Starting certificate controller" name="csrapproving"
2025-01-28 20:40:17,718 INFO c.h.h.t.HelmChartContainer - [K3S] [node_lifecycle_controller.go:432] "Controller will reconcile labels"
2025-01-28 20:40:17,718 INFO c.h.h.t.HelmChartContainer - [K3S] [controllermanager.go:765] "Started controller" controller="node-lifecycle-controller"
2025-01-28 20:40:17,718 INFO c.h.h.t.HelmChartContainer - [K3S] [controllermanager.go:723] "Skipping a cloud provider controller" controller="cloud-node-lifecycle-controller"
2025-01-28 20:40:17,718 INFO c.h.h.t.HelmChartContainer - [K3S] [node_lifecycle_controller.go:466] "Sending events to api server"
2025-01-28 20:40:17,718 INFO c.h.h.t.HelmChartContainer - [K3S] [node_lifecycle_controller.go:477] "Starting node controller"
2025-01-28 20:40:17,868 INFO c.h.h.t.HelmChartContainer - [K3S] [controllermanager.go:765] "Started controller" controller="persistentvolume-attach-detach-controller"
2025-01-28 20:40:17,868 INFO c.h.h.t.HelmChartContainer - [K3S] [controllermanager.go:717] "Controller is disabled by a feature gate" controller="service-cidr-controller" requiredFeatureGates=["MultiCIDRServiceAllocator"]
2025-01-28 20:40:17,868 INFO c.h.h.t.HelmChartContainer - [K3S] [attach_detach_controller.go:338] "Starting attach detach controller"
2025-01-28 20:40:17,880 INFO c.h.h.t.HelmChartContainer - [K3S] [actual_state_of_world.go:541] "Failed to update statusUpdateNeeded field in actual state of world" err="Failed to set statusUpdateNeeded to needed true, because nodeName=\"a4d7440200d1\" does not exist"
2025-01-28 20:40:17,918 INFO c.h.h.t.HelmChartContainer - [K3S] [node_lifecycle_controller.go:1234] "Initializing eviction metric for zone" zone=""
2025-01-28 20:40:17,918 INFO c.h.h.t.HelmChartContainer - [K3S] [node_lifecycle_controller.go:886] "Missing timestamp for Node. Assuming now as a timestamp" node="a4d7440200d1"
2025-01-28 20:40:17,918 INFO c.h.h.t.HelmChartContainer - [K3S] [node_lifecycle_controller.go:1080] "Controller detected that zone is now in new state" zone="" newState="Normal"
2025-01-28 20:40:17,921 INFO c.h.h.t.HelmChartContainer - [K3S] [range_allocator.go:177] "Sending events to api server"
2025-01-28 20:40:17,922 INFO c.h.h.t.HelmChartContainer - [K3S] [range_allocator.go:183] "Starting range CIDR allocator"
2025-01-28 20:40:17,927 INFO c.h.h.t.HelmChartContainer - [K3S] [range_allocator.go:428] "Set node PodCIDR" node="a4d7440200d1" podCIDRs=["10.42.0.0/24"]
2025-01-28 20:40:17,927 INFO c.h.h.t.HelmChartContainer - [K3S] [range_allocator.go:247] "Successfully synced" key="a4d7440200d1"
2025-01-28 20:40:17,928 INFO c.h.h.t.HelmChartContainer - [K3S] [INFO] Flannel found PodCIDR assigned for node a4d7440200d1
2025-01-28 20:40:17,929 INFO c.h.h.t.HelmChartContainer - [K3S] [INFO] The interface eth0 with ipv4 address 172.18.0.2 will be used by flannel
2025-01-28 20:40:17,931 INFO c.h.h.t.HelmChartContainer - [K3S] [kube.go:139] Waiting 10m0s for node controller to sync
2025-01-28 20:40:17,931 INFO c.h.h.t.HelmChartContainer - [K3S] [kube.go:469] Starting kube subnet manager
2025-01-28 20:40:17,937 INFO c.h.h.t.HelmChartContainer - [K3S] [range_allocator.go:433] "Failed to update node PodCIDR after multiple attempts" err="failed to patch node CIDR: Node \"a4d7440200d1\" is invalid: [spec.podCIDRs: Invalid value: []string{\"10.42.1.0/24\", \"10.42.0.0/24\"}: may specify no more than one CIDR for each IP family, spec.podCIDRs: Forbidden: node updates may not change podCIDR except from \"\" to valid]" node="a4d7440200d1" podCIDRs=["10.42.1.0/24"]
2025-01-28 20:40:17,937 INFO c.h.h.t.HelmChartContainer - [K3S] [range_allocator.go:439] "CIDR assignment for node failed. Releasing allocated CIDR" err="failed to patch node CIDR: Node \"a4d7440200d1\" is invalid: [spec.podCIDRs: Invalid value: []string{\"10.42.1.0/24\", \"10.42.0.0/24\"}: may specify no more than one CIDR for each IP family, spec.podCIDRs: Forbidden: node updates may not change podCIDR except from \"\" to valid]" node="a4d7440200d1"
2025-01-28 20:40:17,937 INFO c.h.h.t.HelmChartContainer - [K3S] [range_allocator.go:252] "Unhandled Error" err="error syncing 'a4d7440200d1': failed to patch node CIDR: Node \"a4d7440200d1\" is invalid: [spec.podCIDRs: Invalid value: []string{\"10.42.1.0/24\", \"10.42.0.0/24\"}: may specify no more than one CIDR for each IP family, spec.podCIDRs: Forbidden: node updates may not change podCIDR except from \"\" to valid], requeuing"
2025-01-28 20:40:17,938 INFO c.h.h.t.HelmChartContainer - [K3S] [range_allocator.go:247] "Successfully synced" key="a4d7440200d1"
2025-01-28 20:40:17,943 INFO c.h.h.t.HelmChartContainer - [K3S] [range_allocator.go:247] "Successfully synced" key="a4d7440200d1"
2025-01-28 20:40:18,042 INFO c.h.h.t.HelmChartContainer - [K3S] [INFO] Starting network policy controller version v2.2.1, built on 2025-01-10T17:03:20Z, go1.23.3
2025-01-28 20:40:18,042 INFO c.h.h.t.HelmChartContainer - [K3S] [network_policy_controller.go:164] Starting network policy controller
2025-01-28 20:40:18,069 INFO c.h.h.t.HelmChartContainer - [K3S] [network_policy_controller.go:176] Starting network policy controller full sync goroutine
2025-01-28 20:40:18,091 INFO c.h.h.t.HelmChartContainer - [K3S] [INFO] Started tunnel to 172.18.0.2:6443
2025-01-28 20:40:18,091 INFO c.h.h.t.HelmChartContainer - [K3S] [INFO] Stopped tunnel to 127.0.0.1:6443
2025-01-28 20:40:18,091 INFO c.h.h.t.HelmChartContainer - [K3S] [INFO] Connecting to proxy" url="wss://172.18.0.2:6443/v1-k3s/connect
2025-01-28 20:40:18,091 INFO c.h.h.t.HelmChartContainer - [K3S] [INFO] Proxy done" err="context canceled" url="wss://127.0.0.1:6443/v1-k3s/connect
2025-01-28 20:40:18,091 INFO c.h.h.t.HelmChartContainer - [K3S] [INFO] error in remotedialer server [400]: websocket: close 1006 (abnormal closure): unexpected EOF
2025-01-28 20:40:18,093 INFO c.h.h.t.HelmChartContainer - [K3S] [INFO] Handling backend connection request [a4d7440200d1]
2025-01-28 20:40:18,093 INFO c.h.h.t.HelmChartContainer - [K3S] [INFO] Remotedialer connected to proxy" url="wss://172.18.0.2:6443/v1-k3s/connect
2025-01-28 20:40:18,525 INFO c.h.h.t.HelmChartContainer - [K3S] [handler_proxy.go:99] no RequestInfo found in the context
2025-01-28 20:40:18,525 INFO c.h.h.t.HelmChartContainer - [K3S] [controller.go:146] "Unhandled Error" err=<
2025-01-28 20:40:18,525 INFO c.h.h.t.HelmChartContainer - [K3S] 	, Header: map[Content-Type:[text/plain; charset=utf-8] X-Content-Type-Options:[nosniff]]
2025-01-28 20:40:18,525 INFO c.h.h.t.HelmChartContainer - [K3S]  >
2025-01-28 20:40:18,526 INFO c.h.h.t.HelmChartContainer - [K3S] [handler_proxy.go:143] error resolving kube-system/metrics-server: no endpoints available for service "metrics-server"
2025-01-28 20:40:18,572 INFO c.h.h.t.HelmChartContainer - [K3S] [range_allocator.go:247] "Successfully synced" key="a4d7440200d1"
2025-01-28 20:40:18,782 INFO c.h.h.t.HelmChartContainer - [K3S] [replica_set.go:679] "Finished syncing" kind="ReplicaSet" key="kube-system/local-path-provisioner-698b58967b" duration="106.692549ms"
2025-01-28 20:40:18,785 INFO c.h.h.t.HelmChartContainer - [K3S] [replica_set.go:679] "Finished syncing" kind="ReplicaSet" key="kube-system/coredns-ff8999cc5" duration="110.767792ms"
2025-01-28 20:40:18,799 INFO c.h.h.t.HelmChartContainer - [K3S] [replica_set.go:679] "Finished syncing" kind="ReplicaSet" key="kube-system/metrics-server-8584b5786c" duration="123.848531ms"
2025-01-28 20:40:18,806 INFO c.h.h.t.HelmChartContainer - [K3S] [replica_set.go:679] "Finished syncing" kind="ReplicaSet" key="kube-system/metrics-server-8584b5786c" duration="8.398774ms"
2025-01-28 20:40:18,807 INFO c.h.h.t.HelmChartContainer - [K3S] [replica_set.go:679] "Finished syncing" kind="ReplicaSet" key="kube-system/metrics-server-8584b5786c" duration="30.758µs"
2025-01-28 20:40:18,810 INFO c.h.h.t.HelmChartContainer - [K3S] [replica_set.go:679] "Finished syncing" kind="ReplicaSet" key="kube-system/local-path-provisioner-698b58967b" duration="29.269178ms"
2025-01-28 20:40:18,810 INFO c.h.h.t.HelmChartContainer - [K3S] [replica_set.go:679] "Finished syncing" kind="ReplicaSet" key="kube-system/local-path-provisioner-698b58967b" duration="22.822µs"
2025-01-28 20:40:18,814 INFO c.h.h.t.HelmChartContainer - [K3S] [replica_set.go:679] "Finished syncing" kind="ReplicaSet" key="kube-system/coredns-ff8999cc5" duration="28.822808ms"
2025-01-28 20:40:18,827 INFO c.h.h.t.HelmChartContainer - [K3S] [replica_set.go:679] "Finished syncing" kind="ReplicaSet" key="kube-system/coredns-ff8999cc5" duration="13.133165ms"
2025-01-28 20:40:18,827 INFO c.h.h.t.HelmChartContainer - [K3S] [replica_set.go:679] "Finished syncing" kind="ReplicaSet" key="kube-system/coredns-ff8999cc5" duration="125.775µs"
2025-01-28 20:40:18,834 INFO c.h.h.t.HelmChartContainer - [K3S] [replica_set.go:679] "Finished syncing" kind="ReplicaSet" key="kube-system/local-path-provisioner-698b58967b" duration="31.398µs"
2025-01-28 20:40:18,845 INFO c.h.h.t.HelmChartContainer - [K3S] [replica_set.go:679] "Finished syncing" kind="ReplicaSet" key="kube-system/metrics-server-8584b5786c" duration="82.875µs"
2025-01-28 20:40:18,869 INFO c.h.h.t.HelmChartContainer - [K3S] [reconciler_common.go:251] "operationExecutor.VerifyControllerAttachedVolume started for volume \"config-volume\" (UniqueName: \"kubernetes.io/configmap/8e2415fb-024b-478a-8900-a5a14acb4189-config-volume\") pod \"coredns-ff8999cc5-fwtcl\" (UID: \"8e2415fb-024b-478a-8900-a5a14acb4189\") " pod="kube-system/coredns-ff8999cc5-fwtcl"
2025-01-28 20:40:18,870 INFO c.h.h.t.HelmChartContainer - [K3S] [reconciler_common.go:251] "operationExecutor.VerifyControllerAttachedVolume started for volume \"custom-config-volume\" (UniqueName: \"kubernetes.io/configmap/8e2415fb-024b-478a-8900-a5a14acb4189-custom-config-volume\") pod \"coredns-ff8999cc5-fwtcl\" (UID: \"8e2415fb-024b-478a-8900-a5a14acb4189\") " pod="kube-system/coredns-ff8999cc5-fwtcl"
2025-01-28 20:40:18,870 INFO c.h.h.t.HelmChartContainer - [K3S] [reconciler_common.go:251] "operationExecutor.VerifyControllerAttachedVolume started for volume \"kube-api-access-q4wjq\" (UniqueName: \"kubernetes.io/projected/8e2415fb-024b-478a-8900-a5a14acb4189-kube-api-access-q4wjq\") pod \"coredns-ff8999cc5-fwtcl\" (UID: \"8e2415fb-024b-478a-8900-a5a14acb4189\") " pod="kube-system/coredns-ff8999cc5-fwtcl"
2025-01-28 20:40:18,870 INFO c.h.h.t.HelmChartContainer - [K3S] [reconciler_common.go:251] "operationExecutor.VerifyControllerAttachedVolume started for volume \"tmp-dir\" (UniqueName: \"kubernetes.io/empty-dir/fbef742d-c160-4e16-80c1-f9812219cf2d-tmp-dir\") pod \"metrics-server-8584b5786c-jnjw9\" (UID: \"fbef742d-c160-4e16-80c1-f9812219cf2d\") " pod="kube-system/metrics-server-8584b5786c-jnjw9"
2025-01-28 20:40:18,870 INFO c.h.h.t.HelmChartContainer - [K3S] [reconciler_common.go:251] "operationExecutor.VerifyControllerAttachedVolume started for volume \"kube-api-access-tljj6\" (UniqueName: \"kubernetes.io/projected/fbef742d-c160-4e16-80c1-f9812219cf2d-kube-api-access-tljj6\") pod \"metrics-server-8584b5786c-jnjw9\" (UID: \"fbef742d-c160-4e16-80c1-f9812219cf2d\") " pod="kube-system/metrics-server-8584b5786c-jnjw9"
2025-01-28 20:40:18,870 INFO c.h.h.t.HelmChartContainer - [K3S] [reconciler_common.go:251] "operationExecutor.VerifyControllerAttachedVolume started for volume \"config-volume\" (UniqueName: \"kubernetes.io/configmap/76163ead-e31e-40ae-a6bc-3fd7a26e3e8b-config-volume\") pod \"local-path-provisioner-698b58967b-2zf25\" (UID: \"76163ead-e31e-40ae-a6bc-3fd7a26e3e8b\") " pod="kube-system/local-path-provisioner-698b58967b-2zf25"
2025-01-28 20:40:18,870 INFO c.h.h.t.HelmChartContainer - [K3S] [reconciler_common.go:251] "operationExecutor.VerifyControllerAttachedVolume started for volume \"kube-api-access-8j4r7\" (UniqueName: \"kubernetes.io/projected/76163ead-e31e-40ae-a6bc-3fd7a26e3e8b-kube-api-access-8j4r7\") pod \"local-path-provisioner-698b58967b-2zf25\" (UID: \"76163ead-e31e-40ae-a6bc-3fd7a26e3e8b\") " pod="kube-system/local-path-provisioner-698b58967b-2zf25"
2025-01-28 20:40:18,932 INFO c.h.h.t.HelmChartContainer - [K3S] [kube.go:146] Node controller sync successful
2025-01-28 20:40:18,933 INFO c.h.h.t.HelmChartContainer - [K3S] [vxlan.go:141] VXLAN config: VNI=1 Port=0 GBP=false Learning=false DirectRouting=false
2025-01-28 20:40:18,934 INFO c.h.h.t.HelmChartContainer - [K3S] [kube.go:636] List of node(a4d7440200d1) annotations: map[string]string{"alpha.kubernetes.io/provided-node-ip":"172.18.0.2", "k3s.io/hostname":"a4d7440200d1", "k3s.io/internal-ip":"172.18.0.2", "k3s.io/node-args":"[\"server\",\"--etcd-arg\",\"unsafe-no-fsync\",\"--etcd-arg\",\"snapshot-count=10000\",\"--etcd-arg\",\"auto-compaction-mode=revision\",\"--etcd-arg\",\"auto-compaction-retention=1000000\",\"--kube-apiserver-arg\",\"etcd-compaction-interval=0s\",\"--disable\",\"traefik\",\"--tls-san\",\"localhost\"]", "k3s.io/node-config-hash":"2QNNT5M5XUBFOLO5XPGEVGOM5UDLHHTIVMSRUPAUHE5DU3HUYQUQ====", "k3s.io/node-env":"{}", "node.alpha.kubernetes.io/ttl":"0", "volumes.kubernetes.io/controller-managed-attach-detach":"true"}
2025-01-28 20:40:18,939 INFO c.h.h.t.HelmChartContainer - [K3S] [iptables.go:51] Starting flannel in iptables mode...
2025-01-28 20:40:18,939 INFO c.h.h.t.HelmChartContainer - [K3S] [WARNING] no subnet found for key: FLANNEL_NETWORK in file: /run/flannel/subnet.env
2025-01-28 20:40:18,940 INFO c.h.h.t.HelmChartContainer - [K3S] [WARNING] no subnet found for key: FLANNEL_SUBNET in file: /run/flannel/subnet.env
2025-01-28 20:40:18,940 INFO c.h.h.t.HelmChartContainer - [K3S] [WARNING] no subnet found for key: FLANNEL_IPV6_NETWORK in file: /run/flannel/subnet.env
2025-01-28 20:40:18,940 INFO c.h.h.t.HelmChartContainer - [K3S] [WARNING] no subnet found for key: FLANNEL_IPV6_SUBNET in file: /run/flannel/subnet.env
2025-01-28 20:40:18,940 INFO c.h.h.t.HelmChartContainer - [K3S] [iptables.go:115] Current network or subnet (10.42.0.0/16, 10.42.0.0/24) is not equal to previous one (0.0.0.0/0, 0.0.0.0/0), trying to recycle old iptables rules
2025-01-28 20:40:18,940 INFO c.h.h.t.HelmChartContainer - [K3S] [kube.go:490] Creating the node lease for IPv4. This is the n.Spec.PodCIDRs: [10.42.0.0/24]
2025-01-28 20:40:18,940 INFO c.h.h.t.HelmChartContainer - [K3S] [range_allocator.go:247] "Successfully synced" key="a4d7440200d1"
2025-01-28 20:40:18,950 INFO c.h.h.t.HelmChartContainer - [K3S] [iptables.go:125] Setting up masking rules
2025-01-28 20:40:18,952 INFO c.h.h.t.HelmChartContainer - [K3S] [iptables.go:226] Changing default FORWARD chain policy to ACCEPT
2025-01-28 20:40:18,954 INFO c.h.h.t.HelmChartContainer - [K3S] [INFO] Wrote flannel subnet file to /run/flannel/subnet.env
2025-01-28 20:40:18,955 INFO c.h.h.t.HelmChartContainer - [K3S] [INFO] Running flannel backend.
2025-01-28 20:40:18,956 INFO c.h.h.t.HelmChartContainer - [K3S] [vxlan_network.go:65] watching for new subnet leases
2025-01-28 20:40:18,964 INFO c.h.h.t.HelmChartContainer - [K3S] [iptables.go:372] bootstrap done
2025-01-28 20:40:18,969 INFO c.h.h.t.HelmChartContainer - [K3S] [iptables.go:372] bootstrap done
2025-01-28 20:40:19,526 INFO c.h.h.t.HelmChartContainer - [K3S] [handler_proxy.go:99] no RequestInfo found in the context
2025-01-28 20:40:19,527 INFO c.h.h.t.HelmChartContainer - [K3S] [handler_proxy.go:99] no RequestInfo found in the context
2025-01-28 20:40:19,527 INFO c.h.h.t.HelmChartContainer - [K3S] [controller.go:102] "Unhandled Error" err=<
2025-01-28 20:40:19,528 INFO c.h.h.t.HelmChartContainer - [K3S] 	, Header: map[Content-Type:[text/plain; charset=utf-8] X-Content-Type-Options:[nosniff]]
2025-01-28 20:40:19,528 INFO c.h.h.t.HelmChartContainer - [K3S]  >
2025-01-28 20:40:22,217 INFO c.h.h.t.HelmChartContainer - [K3S] [replica_set.go:679] "Finished syncing" kind="ReplicaSet" key="kube-system/local-path-provisioner-698b58967b" duration="11.8623ms"
2025-01-28 20:40:22,219 INFO c.h.h.t.HelmChartContainer - [K3S] [replica_set.go:679] "Finished syncing" kind="ReplicaSet" key="kube-system/local-path-provisioner-698b58967b" duration="39.263µs"
2025-01-28 20:40:22,233 INFO c.h.h.t.HelmChartContainer - [K3S] [replica_set.go:679] "Finished syncing" kind="ReplicaSet" key="kube-system/metrics-server-8584b5786c" duration="33.823µs"
2025-01-28 20:40:22,281 INFO c.h.h.t.HelmChartContainer - [K3S] [replica_set.go:679] "Finished syncing" kind="ReplicaSet" key="kube-system/coredns-ff8999cc5" duration="18.944127ms"
2025-01-28 20:40:22,282 INFO c.h.h.t.HelmChartContainer - [K3S] [replica_set.go:679] "Finished syncing" kind="ReplicaSet" key="kube-system/coredns-ff8999cc5" duration="42.489µs"
2025-01-28 20:40:22,522 INFO c.h.h.t.HelmChartContainer - [K3S] [kuberuntime_manager.go:1702] "Updating runtime config through cri with podcidr" CIDR="10.42.0.0/24"
2025-01-28 20:40:22,525 INFO c.h.h.t.HelmChartContainer - [K3S] [kubelet_network.go:61] "Updating Pod CIDR" originalPodCIDR="" newPodCIDR="10.42.0.0/24"
2025-01-28 20:40:22,533 INFO c.h.h.t.HelmChartContainer - [K3S] [range_allocator.go:247] "Successfully synced" key="a4d7440200d1"
2025-01-28 20:40:23,312 DEBUG c.h.h.t.HelmChartContainer - Image file loaded 'hivemq-platform-operator.tar'
2025-01-28 20:40:23,807 DEBUG c.h.h.t.HelmChartContainer - Image file loaded 'hivemq-platform-operator-init.tar'
2025-01-28 20:40:29,792 DEBUG c.h.h.t.HelmChartContainer - Image file loaded 'hivemq-platform.tar'
2025-01-28 20:40:29,792 DEBUG c.h.h.t.HelmChartContainer - Successful Helm chart Container startup
2025-01-28 20:40:29,805 INFO t.localhost/testcontainers/qgnw2agrrv7kwjeq:latest - Container localhost/testcontainers/qgnw2agrrv7kwjeq:latest started in PT21.781127257S
2025-01-28 20:40:29,816 DEBUG c.h.h.t.HelmChartContainer - Executing helm command: /bin/helm --kubeconfig /etc/rancher/k3s/k3s.yaml repo add hivemq https://hivemq.github.io/helm-charts
2025-01-28 20:40:31,115 INFO c.h.h.t.HelmChartContainer - [EVENT] Normal [Starting] Starting kubelet. [null:a4d7440200d1]
2025-01-28 20:40:31,116 INFO c.h.h.t.HelmChartContainer - [EVENT] Warning [InvalidDiskCapacity] invalid capacity 0 on image filesystem [null:a4d7440200d1]
2025-01-28 20:40:31,118 INFO c.h.h.t.HelmChartContainer - [EVENT] Normal [NodeHasSufficientMemory] Node a4d7440200d1 status is now: NodeHasSufficientMemory [null:a4d7440200d1]
2025-01-28 20:40:31,119 INFO c.h.h.t.HelmChartContainer - Saved kubeconfig file on /tmp/kubeconfig-13517854113088701803.yaml
2025-01-28 20:40:31,119 INFO c.h.h.t.HelmChartContainer - [EVENT] Normal [NodeHasNoDiskPressure] Node a4d7440200d1 status is now: NodeHasNoDiskPressure [null:a4d7440200d1]
2025-01-28 20:40:31,119 INFO c.h.h.t.HelmChartContainer - HelmChartContainer is started
2025-01-28 20:40:31,121 INFO c.h.h.t.HelmChartContainer - [EVENT] Normal [NodeHasSufficientPID] Node a4d7440200d1 status is now: NodeHasSufficientPID [null:a4d7440200d1]
2025-01-28 20:40:31,121 INFO c.h.h.t.HelmChartContainer - [EVENT] Normal [NodeAllocatableEnforced] Updated Node Allocatable limit across pods [null:a4d7440200d1]
2025-01-28 20:40:31,122 INFO c.h.h.t.HelmChartContainer - [EVENT] Normal [NodeReady] Node a4d7440200d1 status is now: NodeReady [null:a4d7440200d1]
2025-01-28 20:40:31,124 INFO c.h.h.t.HelmChartContainer - [EVENT] Normal [NodePasswordValidationComplete] Deferred node password secret validation complete [null:a4d7440200d1]
2025-01-28 20:40:31,125 INFO c.h.h.t.HelmChartContainer - [EVENT] Normal [Synced] Node synced successfully [null:a4d7440200d1]
2025-01-28 20:40:31,126 INFO c.h.h.t.HelmChartContainer - [EVENT] Normal [RegisteredNode] Node a4d7440200d1 event: Registered Node a4d7440200d1 in Controller [null:a4d7440200d1]
2025-01-28 20:40:31,127 INFO c.h.h.t.HelmChartContainer - [EVENT] Normal [CIDRAssignmentFailed] Node a4d7440200d1 status is now: CIDRAssignmentFailed [null:a4d7440200d1]
]]></system-out>
  <system-err><![CDATA[]]></system-err>
</testsuite>
