<?xml version="1.0" encoding="UTF-8"?>
<testsuite name="com.hivemq.helmcharts.containers.HelmInitContainerIT" tests="2" skipped="0" failures="0" errors="0" timestamp="2025-01-30T18:27:56" hostname="fv-az1914-513" time="211.92">
  <properties/>
  <testcase name="whenAdditionalInitContainer_withConsulTemplate_thenLicenseUpdated()" classname="com.hivemq.helmcharts.containers.HelmInitContainerIT" time="106.413">
    <system-out><![CDATA[2025-01-30 18:27:56,841 INFO c.h.h.t.HelmChartContainer - Creating namespace 'helminitcontainerit-operator'...
2025-01-30 18:27:57,051 INFO c.h.h.t.HelmChartContainer - Namespace 'helminitcontainerit-operator' created
2025-01-30 18:27:57,051 INFO c.h.h.t.HelmChartContainer - Creating namespace 'helminitcontainerit'...
2025-01-30 18:27:57,053 INFO c.h.h.t.HelmChartContainer - [POD] coredns-ff8999cc5-vtq5d [ec755fe1-3e95-4a3a-b9a0-e66fca522044] in kube-system was ADDED
2025-01-30 18:27:57,055 INFO c.h.h.t.HelmChartContainer - [POD] local-path-provisioner-698b58967b-bzlfc [877d2eda-a1db-46a7-a8bc-3c908c54b975] in kube-system was ADDED
2025-01-30 18:27:57,057 INFO c.h.h.t.HelmChartContainer - [POD] metrics-server-8584b5786c-fvrmk [4d7c0ee0-0663-4913-ab6f-fd63891e07ae] in kube-system was ADDED
2025-01-30 18:27:57,061 INFO c.h.h.t.HelmChartContainer - Namespace 'helminitcontainerit' created
2025-01-30 18:27:57,146 DEBUG c.h.h.t.HelmChartContainer - Executing helm command: /bin/helm --kubeconfig /etc/rancher/k3s/k3s.yaml install test-hivemq-platform-operator /charts/hivemq-platform-operator --wait --timeout 5m0s --set image.repository=docker.io/hivemq --set image.name=hivemq-platform-operator-test --set image.initImageName=hivemq-platform-operator-init-test --set image.tag=snapshot --set image.pullPolicy=Never --set logLevel=DEBUG --set resources.cpu=512m --namespace helminitcontainerit-operator
2025-01-30 18:27:59,537 INFO c.h.h.t.HelmChartContainer - [K3S] [alloc.go:330] "allocated clusterIPs" service="helminitcontainerit-operator/hivemq-platform-operator-test-hivemq-platform-operator" clusterIPs={"IPv4":"10.43.208.62"}
2025-01-30 18:27:59,553 INFO c.h.h.t.HelmChartContainer - [EVENT] Normal [ScalingReplicaSet] Scaled up replica set hivemq-test-hivemq-platform-operator-6966f96d65 from 0 to 1 [helminitcontainerit-operator:hivemq-test-hivemq-platform-operator]
2025-01-30 18:27:59,559 INFO c.h.h.t.HelmChartContainer - [POD] hivemq-test-hivemq-platform-operator-6966f96d65-fmcc4 [01c25ee7-5fb7-4c2e-9e20-33402a38c222] in helminitcontainerit-operator was ADDED
2025-01-30 18:27:59,571 INFO c.h.h.t.HelmChartContainer - [K3S] [replica_set.go:679] "Finished syncing" kind="ReplicaSet" key="helminitcontainerit-operator/hivemq-test-hivemq-platform-operator-6966f96d65" duration="23.035407ms"
2025-01-30 18:27:59,571 INFO c.h.h.t.HelmChartContainer - [POD] hivemq-test-hivemq-platform-operator-6966f96d65-fmcc4 [01c25ee7-5fb7-4c2e-9e20-33402a38c222] in helminitcontainerit-operator was MODIFIED
2025-01-30 18:27:59,572 INFO c.h.h.t.HelmChartContainer - [EVENT] Normal [SuccessfulCreate] Created pod: hivemq-test-hivemq-platform-operator-6966f96d65-fmcc4 [helminitcontainerit-operator:hivemq-test-hivemq-platform-operator-6966f96d65]
2025-01-30 18:27:59,576 INFO c.h.h.t.HelmChartContainer - [K3S] [reflector.go:569] object-"helminitcontainerit-operator"/"kube-root-ca.crt": failed to list *v1.ConfigMap: configmaps "kube-root-ca.crt" is forbidden: User "system:node:c181d80517a6" cannot list resource "configmaps" in API group "" in the namespace "helminitcontainerit-operator": no relationship found between node 'c181d80517a6' and this object
2025-01-30 18:27:59,576 INFO c.h.h.t.HelmChartContainer - [K3S] [reflector.go:166] "Unhandled Error" err="object-\"helminitcontainerit-operator\"/\"kube-root-ca.crt\": Failed to watch *v1.ConfigMap: failed to list *v1.ConfigMap: configmaps \"kube-root-ca.crt\" is forbidden: User \"system:node:c181d80517a6\" cannot list resource \"configmaps\" in API group \"\" in the namespace \"helminitcontainerit-operator\": no relationship found between node 'c181d80517a6' and this object"
2025-01-30 18:27:59,579 INFO c.h.h.t.HelmChartContainer - [EVENT] Normal [Scheduled] Successfully assigned helminitcontainerit-operator/hivemq-test-hivemq-platform-operator-6966f96d65-fmcc4 to c181d80517a6 [helminitcontainerit-operator:hivemq-test-hivemq-platform-operator-6966f96d65-fmcc4]
2025-01-30 18:27:59,587 INFO c.h.h.t.HelmChartContainer - [K3S] [replica_set.go:679] "Finished syncing" kind="ReplicaSet" key="helminitcontainerit-operator/hivemq-test-hivemq-platform-operator-6966f96d65" duration="16.030356ms"
2025-01-30 18:27:59,588 INFO c.h.h.t.HelmChartContainer - [POD] hivemq-test-hivemq-platform-operator-6966f96d65-fmcc4 [01c25ee7-5fb7-4c2e-9e20-33402a38c222] in helminitcontainerit-operator was MODIFIED
2025-01-30 18:27:59,592 INFO c.h.h.t.HelmChartContainer - [K3S] [reconciler_common.go:251] "operationExecutor.VerifyControllerAttachedVolume started for volume \"kube-api-access-czzxh\" (UniqueName: \"kubernetes.io/projected/01c25ee7-5fb7-4c2e-9e20-33402a38c222-kube-api-access-czzxh\") pod \"hivemq-test-hivemq-platform-operator-6966f96d65-fmcc4\" (UID: \"01c25ee7-5fb7-4c2e-9e20-33402a38c222\") " pod="helminitcontainerit-operator/hivemq-test-hivemq-platform-operator-6966f96d65-fmcc4"
2025-01-30 18:27:59,598 INFO c.h.h.t.HelmChartContainer - [K3S] [replica_set.go:679] "Finished syncing" kind="ReplicaSet" key="helminitcontainerit-operator/hivemq-test-hivemq-platform-operator-6966f96d65" duration="10.96071ms"
2025-01-30 18:27:59,598 INFO c.h.h.t.HelmChartContainer - [K3S] [replica_set.go:679] "Finished syncing" kind="ReplicaSet" key="helminitcontainerit-operator/hivemq-test-hivemq-platform-operator-6966f96d65" duration="63.569µs"
2025-01-30 18:28:00,697 INFO c.h.h.t.HelmChartContainer - [K3S] [projected.go:288] Couldn't get configMap helminitcontainerit-operator/kube-root-ca.crt: failed to sync configmap cache: timed out waiting for the condition
2025-01-30 18:28:00,698 INFO c.h.h.t.HelmChartContainer - [K3S] [projected.go:194] Error preparing data for projected volume kube-api-access-czzxh for pod helminitcontainerit-operator/hivemq-test-hivemq-platform-operator-6966f96d65-fmcc4: failed to sync configmap cache: timed out waiting for the condition
2025-01-30 18:28:00,698 INFO c.h.h.t.HelmChartContainer - [K3S] [nestedpendingoperations.go:348] Operation for "{volumeName:kubernetes.io/projected/01c25ee7-5fb7-4c2e-9e20-33402a38c222-kube-api-access-czzxh podName:01c25ee7-5fb7-4c2e-9e20-33402a38c222 nodeName:}" failed. No retries permitted until 2025-01-30 18:28:01.197484198 +0000 UTC m=+24.458699773 (durationBeforeRetry 500ms). Error: MountVolume.SetUp failed for volume "kube-api-access-czzxh" (UniqueName: "kubernetes.io/projected/01c25ee7-5fb7-4c2e-9e20-33402a38c222-kube-api-access-czzxh") pod "hivemq-test-hivemq-platform-operator-6966f96d65-fmcc4" (UID: "01c25ee7-5fb7-4c2e-9e20-33402a38c222") : failed to sync configmap cache: timed out waiting for the condition
2025-01-30 18:28:00,701 INFO c.h.h.t.HelmChartContainer - [EVENT] Warning [FailedMount] MountVolume.SetUp failed for volume "kube-api-access-czzxh" : failed to sync configmap cache: timed out waiting for the condition [helminitcontainerit-operator:hivemq-test-hivemq-platform-operator-6966f96d65-fmcc4]
2025-01-30 18:28:03,138 INFO c.h.h.t.HelmChartContainer - [EVENT] Normal [Pulled] Container image "docker.io/hivemq/hivemq-platform-operator-test:snapshot" already present on machine [helminitcontainerit-operator:hivemq-test-hivemq-platform-operator-6966f96d65-fmcc4]
2025-01-30 18:28:03,139 INFO c.h.h.t.HelmChartContainer - Received Pulled event for container hivemq-platform-operator in pod hivemq-test-hivemq-platform-operator-6966f96d65-fmcc4 [01c25ee7-5fb7-4c2e-9e20-33402a38c222]
2025-01-30 18:28:03,148 INFO c.h.h.t.HelmChartContainer - [EVENT] Normal [Created] Created container: hivemq-platform-operator [helminitcontainerit-operator:hivemq-test-hivemq-platform-operator-6966f96d65-fmcc4]
2025-01-30 18:28:03,148 INFO c.h.h.t.HelmChartContainer - Received Created event for container hivemq-platform-operator in pod hivemq-test-hivemq-platform-operator-6966f96d65-fmcc4 [01c25ee7-5fb7-4c2e-9e20-33402a38c222]
2025-01-30 18:28:03,359 INFO c.h.h.t.HelmChartContainer - [K3S] [replica_set.go:679] "Finished syncing" kind="ReplicaSet" key="helminitcontainerit-operator/hivemq-test-hivemq-platform-operator-6966f96d65" duration="64.851µs"
2025-01-30 18:28:03,376 INFO c.h.h.t.HelmChartContainer - [POD] hivemq-test-hivemq-platform-operator-6966f96d65-fmcc4 [01c25ee7-5fb7-4c2e-9e20-33402a38c222] in helminitcontainerit-operator was MODIFIED
2025-01-30 18:28:03,408 INFO c.h.h.t.HelmChartContainer - Started log watcher for hivemq-platform-operator in pod hivemq-test-hivemq-platform-operator-6966f96d65-fmcc4 [01c25ee7-5fb7-4c2e-9e20-33402a38c222]
2025-01-30 18:28:03,408 INFO c.h.h.t.HelmChartContainer - [EVENT] Normal [Started] Started container hivemq-platform-operator [helminitcontainerit-operator:hivemq-test-hivemq-platform-operator-6966f96d65-fmcc4]
2025-01-30 18:28:03,408 INFO c.h.h.t.HelmChartContainer - Received Started event for container hivemq-platform-operator in pod hivemq-test-hivemq-platform-operator-6966f96d65-fmcc4 [01c25ee7-5fb7-4c2e-9e20-33402a38c222]
2025-01-30 18:28:03,413 INFO c.h.h.t.HelmChartContainer - [hivemq-test-hivemq-platform] [hivemq-platform-operator] [01c25ee7] -------------------------------------------------------------------------
2025-01-30 18:28:03,413 INFO c.h.h.t.HelmChartContainer - [hivemq-test-hivemq-platform] [hivemq-platform-operator] [01c25ee7] 
2025-01-30 18:28:03,413 INFO c.h.h.t.HelmChartContainer - [hivemq-test-hivemq-platform] [hivemq-platform-operator] [01c25ee7]                   _    _  _              __  __   ____
2025-01-30 18:28:03,413 INFO c.h.h.t.HelmChartContainer - [hivemq-test-hivemq-platform] [hivemq-platform-operator] [01c25ee7]                  | |  | |(_)            |  \/  | / __ \
2025-01-30 18:28:03,414 INFO c.h.h.t.HelmChartContainer - [hivemq-test-hivemq-platform] [hivemq-platform-operator] [01c25ee7]                  | |__| | _ __   __ ___ | \  / || |  | |
2025-01-30 18:28:03,414 INFO c.h.h.t.HelmChartContainer - [hivemq-test-hivemq-platform] [hivemq-platform-operator] [01c25ee7]                  |  __  || |\ \ / // _ \| |\/| || |  | |
2025-01-30 18:28:03,414 INFO c.h.h.t.HelmChartContainer - [hivemq-test-hivemq-platform] [hivemq-platform-operator] [01c25ee7]                  | |  | || | \ V /|  __/| |  | || |__| |
2025-01-30 18:28:03,414 INFO c.h.h.t.HelmChartContainer - [hivemq-test-hivemq-platform] [hivemq-platform-operator] [01c25ee7]                  |_|  |_||_|  \_/  \___||_|  |_| \___\_\
2025-01-30 18:28:03,414 INFO c.h.h.t.HelmChartContainer - [hivemq-test-hivemq-platform] [hivemq-platform-operator] [01c25ee7] 
2025-01-30 18:28:03,414 INFO c.h.h.t.HelmChartContainer - [hivemq-test-hivemq-platform] [hivemq-platform-operator] [01c25ee7] -------------------------------------------------------------------------
2025-01-30 18:28:03,414 INFO c.h.h.t.HelmChartContainer - [hivemq-test-hivemq-platform] [hivemq-platform-operator] [01c25ee7] 
2025-01-30 18:28:03,414 INFO c.h.h.t.HelmChartContainer - [hivemq-test-hivemq-platform] [hivemq-platform-operator] [01c25ee7]   HiveMQ Platform Operator Start Script v1.0
2025-01-30 18:28:03,414 INFO c.h.h.t.HelmChartContainer - [hivemq-test-hivemq-platform] [hivemq-platform-operator] [01c25ee7] 
2025-01-30 18:28:03,414 INFO c.h.h.t.HelmChartContainer - [hivemq-test-hivemq-platform] [hivemq-platform-operator] [01c25ee7] -------------------------------------------------------------------------
2025-01-30 18:28:03,414 INFO c.h.h.t.HelmChartContainer - [hivemq-test-hivemq-platform] [hivemq-platform-operator] [01c25ee7] 
2025-01-30 18:28:03,414 INFO c.h.h.t.HelmChartContainer - [hivemq-test-hivemq-platform] [hivemq-platform-operator] [01c25ee7]   JAVA_OPTS: -XX:+UnlockExperimentalVMOptions -XX:InitialRAMPercentage=75 -XX:MaxRAMPercentage=75 -Duser.language=en -Duser.region=US
2025-01-30 18:28:03,414 INFO c.h.h.t.HelmChartContainer - [hivemq-test-hivemq-platform] [hivemq-platform-operator] [01c25ee7] 
2025-01-30 18:28:03,414 INFO c.h.h.t.HelmChartContainer - [hivemq-test-hivemq-platform] [hivemq-platform-operator] [01c25ee7]   JAVA_VERSION: 21
2025-01-30 18:28:03,414 INFO c.h.h.t.HelmChartContainer - [hivemq-test-hivemq-platform] [hivemq-platform-operator] [01c25ee7] 
2025-01-30 18:28:03,414 INFO c.h.h.t.HelmChartContainer - [hivemq-test-hivemq-platform] [hivemq-platform-operator] [01c25ee7] -------------------------------------------------------------------------
2025-01-30 18:28:03,414 INFO c.h.h.t.HelmChartContainer - [hivemq-test-hivemq-platform] [hivemq-platform-operator] [01c25ee7] 
2025-01-30 18:28:06,347 INFO c.h.h.t.HelmChartContainer - [POD] metrics-server-8584b5786c-fvrmk [4d7c0ee0-0663-4913-ab6f-fd63891e07ae] in kube-system was MODIFIED
2025-01-30 18:28:06,353 INFO c.h.h.t.HelmChartContainer - [K3S] [replica_set.go:679] "Finished syncing" kind="ReplicaSet" key="kube-system/metrics-server-8584b5786c" duration="8.6135ms"
2025-01-30 18:28:06,353 INFO c.h.h.t.HelmChartContainer - [K3S] [replica_set.go:679] "Finished syncing" kind="ReplicaSet" key="kube-system/metrics-server-8584b5786c" duration="32.08µs"
2025-01-30 18:28:06,482 INFO c.h.h.t.HelmChartContainer - [hivemq-test-hivemq-platform] [hivemq-platform-operator] [01c25ee7] 18:28:06.479 [main] DEBUG org.jboss.logging - Logging Provider: org.jboss.logging.Slf4jLoggerProvider
2025-01-30 18:28:06,583 INFO c.h.h.t.HelmChartContainer - [hivemq-test-hivemq-platform] [hivemq-platform-operator] [01c25ee7] 18:28:06.582 [main] DEBUG io.smallrye.config - SRCFG01006: Loaded ConfigSource SysPropConfigSource with ordinal 400
2025-01-30 18:28:06,584 INFO c.h.h.t.HelmChartContainer - [hivemq-test-hivemq-platform] [hivemq-platform-operator] [01c25ee7] 18:28:06.582 [main] DEBUG io.smallrye.config - SRCFG01006: Loaded ConfigSource EnvConfigSource with ordinal 300
2025-01-30 18:28:06,584 INFO c.h.h.t.HelmChartContainer - [hivemq-test-hivemq-platform] [hivemq-platform-operator] [01c25ee7] 18:28:06.582 [main] DEBUG io.smallrye.config - SRCFG01006: Loaded ConfigSource PropertiesConfigSource[source=jar:file:///opt/hivemq-platform-operator/bin/hivemq-platform-operator.jar!/hivemq-platform-operator.properties] with ordinal 100
2025-01-30 18:28:06,585 INFO c.h.h.t.HelmChartContainer - [hivemq-test-hivemq-platform] [hivemq-platform-operator] [01c25ee7] 18:28:06.582 [main] DEBUG io.smallrye.config - SRCFG01006: Loaded ConfigSource DefaultValuesConfigSource with ordinal -2147483648
2025-01-30 18:28:06,690 INFO c.h.h.t.HelmChartContainer - [hivemq-test-hivemq-platform] [hivemq-platform-operator] [01c25ee7] 18:28:06.689 [main] DEBUG i.m.c.u.i.l.InternalLoggerFactory - Using SLF4J as the default logging framework
2025-01-30 18:28:06,874 INFO c.h.h.t.HelmChartContainer - [hivemq-test-hivemq-platform] [hivemq-platform-operator] [01c25ee7] 18:28:06.788 [main] INFO  c.h.p.o.HiveMQPlatformOperatorApplication - HiveMQ Platform Operator 1.7.0-SNAPSHOT (commit: 47e3375 on branch: HEAD) built on Thu Jan 30 03:55:50 UTC 2025
2025-01-30 18:28:06,876 INFO c.h.h.t.HelmChartContainer - [hivemq-test-hivemq-platform] [hivemq-platform-operator] [01c25ee7] 18:28:06.873 [main] INFO  c.h.p.o.HiveMQPlatformOperatorApplication - HiveMQ Platform Operator is running in namespace: helminitcontainerit-operator
2025-01-30 18:28:06,876 INFO c.h.h.t.HelmChartContainer - [hivemq-test-hivemq-platform] [hivemq-platform-operator] [01c25ee7] 18:28:06.873 [main] INFO  c.h.p.o.HiveMQPlatformOperatorApplication - Watching all namespaces
2025-01-30 18:28:06,876 INFO c.h.h.t.HelmChartContainer - [hivemq-test-hivemq-platform] [hivemq-platform-operator] [01c25ee7] 18:28:06.873 [main] INFO  c.h.p.o.HiveMQPlatformOperatorApplication - Log level: DEBUG
2025-01-30 18:28:06,876 INFO c.h.h.t.HelmChartContainer - [hivemq-test-hivemq-platform] [hivemq-platform-operator] [01c25ee7] 18:28:06.873 [main] INFO  c.h.p.o.HiveMQPlatformOperatorApplication - Release name: test-hivemq-platform-operator
2025-01-30 18:28:06,876 INFO c.h.h.t.HelmChartContainer - [hivemq-test-hivemq-platform] [hivemq-platform-operator] [01c25ee7] 18:28:06.873 [main] INFO  c.h.p.o.HiveMQPlatformOperatorApplication - HiveMQ Platform Operator Init image: docker.io/hivemq/hivemq-platform-operator-init-test:snapshot
2025-01-30 18:28:06,876 INFO c.h.h.t.HelmChartContainer - [hivemq-test-hivemq-platform] [hivemq-platform-operator] [01c25ee7] 18:28:06.873 [main] INFO  c.h.p.o.HiveMQPlatformOperatorApplication - HiveMQ Platform Operator Init App update URL: http://hivemq-platform-operator-test-hivemq-platform-operator.helminitcontainerit-operator.svc:8080/initAppUpdate/hivemq-platform-operator-init-app-1.7.0-SNAPSHOT.jar
2025-01-30 18:28:06,876 INFO c.h.h.t.HelmChartContainer - [hivemq-test-hivemq-platform] [hivemq-platform-operator] [01c25ee7] 18:28:06.873 [main] INFO  c.h.p.o.HiveMQPlatformOperatorApplication - Additional imagePullSecret for all Platform deployments: none
2025-01-30 18:28:06,876 INFO c.h.h.t.HelmChartContainer - [hivemq-test-hivemq-platform] [hivemq-platform-operator] [01c25ee7] 18:28:06.873 [main] INFO  c.h.p.o.HiveMQPlatformOperatorApplication - Apply HiveMQ Platform CRD: true
2025-01-30 18:28:06,876 INFO c.h.h.t.HelmChartContainer - [hivemq-test-hivemq-platform] [hivemq-platform-operator] [01c25ee7] 18:28:06.873 [main] INFO  c.h.p.o.HiveMQPlatformOperatorApplication - Create Platform ServiceAccount: true
2025-01-30 18:28:06,876 INFO c.h.h.t.HelmChartContainer - [hivemq-test-hivemq-platform] [hivemq-platform-operator] [01c25ee7] 18:28:06.873 [main] INFO  c.h.p.o.HiveMQPlatformOperatorApplication - Create Platform ServiceAccount permissions: true
2025-01-30 18:28:06,876 INFO c.h.h.t.HelmChartContainer - [hivemq-test-hivemq-platform] [hivemq-platform-operator] [01c25ee7] 18:28:06.873 [main] INFO  c.h.p.o.HiveMQPlatformOperatorApplication - Validate Platform ServiceAccount: true
2025-01-30 18:28:06,876 INFO c.h.h.t.HelmChartContainer - [hivemq-test-hivemq-platform] [hivemq-platform-operator] [01c25ee7] 18:28:06.873 [main] INFO  c.h.p.o.HiveMQPlatformOperatorApplication - Validate Platform ServiceAccount permissions: true
2025-01-30 18:28:06,980 INFO c.h.h.t.HelmChartContainer - [hivemq-test-hivemq-platform] [hivemq-platform-operator] [01c25ee7] 18:28:06.979 [main] INFO  c.h.platform.operator.util.CRDUtil - Verifying deployed HiveMQ Platform CRD...
2025-01-30 18:28:09,184 INFO c.h.h.t.HelmChartContainer - [hivemq-test-hivemq-platform] [hivemq-platform-operator] [01c25ee7] 18:28:09.183 [main] DEBUG c.h.platform.operator.util.CRDUtil - HiveMQ Platform CRD version v1 is up to date
2025-01-30 18:28:09,185 INFO c.h.h.t.HelmChartContainer - [hivemq-test-hivemq-platform] [hivemq-platform-operator] [01c25ee7] 18:28:09.183 [main] INFO  c.h.platform.operator.util.CRDUtil - HiveMQ Platform CRD is up to date (version: V1_6_0)
2025-01-30 18:28:09,185 INFO c.h.h.t.HelmChartContainer - [hivemq-test-hivemq-platform] [hivemq-platform-operator] [01c25ee7] 18:28:09.183 [main] INFO  c.h.platform.operator.util.CRDUtil - Waiting 10000 ms for HiveMQ Platform CRD 'hivemq-platforms.hivemq.com' to become ready...
2025-01-30 18:28:09,485 INFO c.h.h.t.HelmChartContainer - [hivemq-test-hivemq-platform] [hivemq-platform-operator] [01c25ee7] 18:28:09.483 [vert.x-eventloop-thread-1] DEBUG c.h.platform.operator.util.CRDUtil - Checking CRD condition 'NamesAccepted' (status: 'True')
2025-01-30 18:28:09,485 INFO c.h.h.t.HelmChartContainer - [hivemq-test-hivemq-platform] [hivemq-platform-operator] [01c25ee7] 18:28:09.484 [vert.x-eventloop-thread-1] DEBUG c.h.platform.operator.util.CRDUtil - Checking CRD condition 'Established' (status: 'True')
2025-01-30 18:28:09,486 INFO c.h.h.t.HelmChartContainer - [hivemq-test-hivemq-platform] [hivemq-platform-operator] [01c25ee7] 18:28:09.485 [main] INFO  c.h.platform.operator.util.CRDUtil - HiveMQ Platform CRD 'hivemq-platforms.hivemq.com' is ready
2025-01-30 18:28:09,676 INFO c.h.h.t.HelmChartContainer - [hivemq-test-hivemq-platform] [hivemq-platform-operator] [01c25ee7] 18:28:09.674 [main] INFO  c.h.p.o.HiveMQPlatformReconciler - HiveMQ Platform Operator is starting...
2025-01-30 18:28:09,713 INFO c.h.h.t.HelmChartContainer - [hivemq-test-hivemq-platform] [hivemq-platform-operator] [01c25ee7] 18:28:09.712 [main] WARN  Default ConfigurationService implementation - Configuration for reconciler 'hivemq-controller' was not found. Known reconcilers: None.
2025-01-30 18:28:09,779 INFO c.h.h.t.HelmChartContainer - [hivemq-test-hivemq-platform] [hivemq-platform-operator] [01c25ee7] 18:28:09.778 [main] INFO  Default ConfigurationService implementation - Created configuration for reconciler com.hivemq.platform.operator.HiveMQPlatformReconciler with name hivemq-controller
2025-01-30 18:28:09,884 INFO c.h.h.t.HelmChartContainer - [hivemq-test-hivemq-platform] [hivemq-platform-operator] [01c25ee7] 18:28:09.883 [main] DEBUG c.h.p.o.HiveMQPlatformReconciler - HiveMQ Platform Operator is preparing EventSources
2025-01-30 18:28:09,912 INFO c.h.h.t.HelmChartContainer - [hivemq-test-hivemq-platform] [hivemq-platform-operator] [01c25ee7] 18:28:09.911 [main] INFO  i.javaoperatorsdk.operator.Operator - Registered reconciler: 'hivemq-controller' for resource: 'class com.hivemq.platform.operator.v1.HiveMQPlatform' for namespace(s): [all namespaces]
2025-01-30 18:28:10,285 INFO c.h.h.t.HelmChartContainer - [K3S] [range_allocator.go:247] "Successfully synced" key="c181d80517a6"
2025-01-30 18:28:10,410 INFO c.h.h.t.HelmChartContainer - [hivemq-test-hivemq-platform] [hivemq-platform-operator] [01c25ee7] 18:28:10.409 [main] INFO  c.h.p.operator.webserver.JettyServer - Starting Jetty server on port 8080
2025-01-30 18:28:10,487 INFO c.h.h.t.HelmChartContainer - [hivemq-test-hivemq-platform] [hivemq-platform-operator] [01c25ee7] 18:28:10.486 [main] INFO  i.javaoperatorsdk.operator.Operator - Operator SDK 4.9.7 (commit: 2133d28) built on Wed Nov 20 12:56:20 UTC 2024 starting...
2025-01-30 18:28:10,487 INFO c.h.h.t.HelmChartContainer - [hivemq-test-hivemq-platform] [hivemq-platform-operator] [01c25ee7] 18:28:10.486 [main] INFO  i.javaoperatorsdk.operator.Operator - Client version: 6.13.5
2025-01-30 18:28:10,489 INFO c.h.h.t.HelmChartContainer - [hivemq-test-hivemq-platform] [hivemq-platform-operator] [01c25ee7] 18:28:10.488 [Controller Starter for: hivemq-controller] INFO  i.j.operator.processing.Controller - Starting 'hivemq-controller' controller for reconciler: com.hivemq.platform.operator.HiveMQPlatformReconciler, resource: com.hivemq.platform.operator.v1.HiveMQPlatform
2025-01-30 18:28:12,881 INFO c.h.h.t.HelmChartContainer - [hivemq-test-hivemq-platform] [hivemq-platform-operator] [01c25ee7] 18:28:12.880 [Controller Starter for: hivemq-controller] INFO  i.j.operator.processing.Controller - 'hivemq-controller' controller started
2025-01-30 18:28:12,881 INFO c.h.h.t.HelmChartContainer - [hivemq-test-hivemq-platform] [hivemq-platform-operator] [01c25ee7] 18:28:12.880 [main] INFO  c.h.p.o.HiveMQPlatformOperatorApplication - HiveMQ Platform Operator 1.7.0-SNAPSHOT started in 6091 ms
2025-01-30 18:28:14,367 INFO c.h.h.t.HelmChartContainer - [POD] hivemq-test-hivemq-platform-operator-6966f96d65-fmcc4 [01c25ee7-5fb7-4c2e-9e20-33402a38c222] in helminitcontainerit-operator was MODIFIED
2025-01-30 18:28:14,373 INFO c.h.h.t.HelmChartContainer - [K3S] [replica_set.go:679] "Finished syncing" kind="ReplicaSet" key="helminitcontainerit-operator/hivemq-test-hivemq-platform-operator-6966f96d65" duration="8.964772ms"
2025-01-30 18:28:14,377 INFO c.h.h.t.HelmChartContainer - [K3S] [replica_set.go:679] "Finished syncing" kind="ReplicaSet" key="helminitcontainerit-operator/hivemq-test-hivemq-platform-operator-6966f96d65" duration="32.872µs"
2025-01-30 18:28:15,687 DEBUG c.h.h.t.HelmChartContainer - Executing helm command: /bin/helm --kubeconfig /etc/rancher/k3s/k3s.yaml install test-hivemq-platform /charts/hivemq-platform --wait --timeout 5m0s --set image.repository=docker.io/hivemq --set image.tag=4.36.0 --set image.pullPolicy=Never --set nodes.resources.cpu=512m -f /files/additional-init-containers-values.yaml --namespace helminitcontainerit
2025-01-30 18:28:15,925 INFO c.h.h.t.HelmChartContainer - [hivemq-test-hivemq-platform] [hivemq-platform-operator] [01c25ee7] 18:28:15.923 [-2082509879-pool-1-thread-2] WARN  i.m.p.PrometheusMeterRegistry - The meter (MeterId{name='operator.sdk.events.received', tags=[tag(action=ADDED),tag(event=ResourceEvent),tag(group=hivemq.com),tag(kind=HiveMQPlatform),tag(name=test-hivemq-platform),tag(namespace=helminitcontainerit),tag(scope=namespace),tag(version=v1)]}) registration has failed: Prometheus requires that all meters with the same name have the same set of tag keys. There is already an existing meter named 'operator.sdk.events.received' containing tag keys [event, group, kind, name, namespace, scope, version]. The meter you are attempting to register has keys [action, event, group, kind, name, namespace, scope, version]. Note that subsequent logs will be logged at debug level.
2025-01-30 18:28:16,418 INFO c.h.h.t.HelmChartContainer - [hivemq-test-hivemq-platform] [hivemq-platform-operator] [01c25ee7] 18:28:16.416 [pool-6-thread-3] DEBUG c.h.p.o.dependants.PodInfoConfigMap - [helminit] Desired PodInfo ConfigMap (1 extensions) (1 enabled)
2025-01-30 18:28:16,419 INFO c.h.h.t.HelmChartContainer - [hivemq-test-hivemq-platform] [hivemq-platform-operator] [01c25ee7] 18:28:16.416 [pool-6-thread-3] DEBUG c.h.p.o.dependants.PodInfoConfigMap - [helminit] Desired PodInfo ConfigMap (metrics port: 9399) (metrics path: /)
2025-01-30 18:28:16,419 INFO c.h.h.t.HelmChartContainer - [hivemq-test-hivemq-platform] [hivemq-platform-operator] [01c25ee7] 18:28:16.416 [pool-6-thread-3] DEBUG c.h.p.o.dependants.PodInfoConfigMap - [helminit] Desired PodInfo ConfigMap (extension state hash: -1817474005)
2025-01-30 18:28:16,474 INFO c.h.h.t.HelmChartContainer - [hivemq-test-hivemq-platform] [hivemq-platform-operator] [01c25ee7] 18:28:16.472 [pool-6-thread-3] DEBUG c.h.p.o.dependants.PodInfoConfigMap - [helminit] Create PodInfo ConfigMap
2025-01-30 18:28:16,576 INFO c.h.h.t.HelmChartContainer - [hivemq-test-hivemq-platform] [hivemq-platform-operator] [01c25ee7] 18:28:16.574 [pool-6-thread-5] DEBUG c.h.p.o.dependants.PodRoleResource - [helminit] Create Role: Role(apiVersion=rbac.authorization.k8s.io/v1, kind=Role, metadata=ObjectMeta(annotations={meta.helm.sh/release-name=test-hivemq-platform, meta.helm.sh/release-namespace=helminitcontainerit}, creationTimestamp=null, deletionGracePeriodSeconds=null, deletionTimestamp=null, finalizers=[], generateName=null, generation=null, labels={helm.sh/chart=hivemq-platform-0.2.32, app.kubernetes.io/managed-by=Helm, app.kubernetes.io/name=hivemq-platform, hivemq-platform=test-hivemq-platform, app.kubernetes.io/instance=test-hivemq-platform, app.kubernetes.io/version=4.36.0}, managedFields=[], name=hivemq-platform-role-test-hivemq-platform, namespace=helminitcontainerit, ownerReferences=[OwnerReference(apiVersion=hivemq.com/v1, blockOwnerDeletion=null, controller=null, kind=HiveMQPlatform, name=test-hivemq-platform, uid=395cb12b-c06e-491a-ade2-2f28a7329a4d, additionalProperties={})], resourceVersion=null, selfLink=null, uid=null, additionalProperties={}), rules=[PolicyRule(apiGroups=[], nonResourceURLs=[], resourceNames=[], resources=[pods], verbs=[get, patch, update], additionalProperties={})], additionalProperties={})
2025-01-30 18:28:16,711 INFO c.h.h.t.HelmChartContainer - [hivemq-test-hivemq-platform] [hivemq-platform-operator] [01c25ee7] 18:28:16.710 [pool-6-thread-7] DEBUG c.h.p.o.d.PodServiceAccountResource - [helminit] Desired PodServiceAccountResource (serviceAccountName: hivemq-platform-pod-test-hivemq-platform)
2025-01-30 18:28:16,714 INFO c.h.h.t.HelmChartContainer - [hivemq-test-hivemq-platform] [hivemq-platform-operator] [01c25ee7] 18:28:16.711 [pool-6-thread-7] DEBUG c.h.p.o.d.PodServiceAccountResource - [helminit] Create ServiceAccount 'hivemq-platform-pod-test-hivemq-platform'
2025-01-30 18:28:16,813 INFO c.h.h.t.HelmChartContainer - [hivemq-test-hivemq-platform] [hivemq-platform-operator] [01c25ee7] 18:28:16.811 [pool-6-thread-9] DEBUG c.h.p.o.d.PodRoleBindingResource - [helminit] Create RoleBinding: RoleBinding(apiVersion=rbac.authorization.k8s.io/v1, kind=RoleBinding, metadata=ObjectMeta(annotations={meta.helm.sh/release-name=test-hivemq-platform, meta.helm.sh/release-namespace=helminitcontainerit}, creationTimestamp=null, deletionGracePeriodSeconds=null, deletionTimestamp=null, finalizers=[], generateName=null, generation=null, labels={helm.sh/chart=hivemq-platform-0.2.32, app.kubernetes.io/managed-by=Helm, app.kubernetes.io/name=hivemq-platform, hivemq-platform=test-hivemq-platform, app.kubernetes.io/instance=test-hivemq-platform, app.kubernetes.io/version=4.36.0}, managedFields=[], name=hivemq-platform-role-binding-test-hivemq-platform, namespace=helminitcontainerit, ownerReferences=[OwnerReference(apiVersion=hivemq.com/v1, blockOwnerDeletion=null, controller=null, kind=HiveMQPlatform, name=test-hivemq-platform, uid=395cb12b-c06e-491a-ade2-2f28a7329a4d, additionalProperties={})], resourceVersion=null, selfLink=null, uid=null, additionalProperties={}), roleRef=RoleRef(apiGroup=rbac.authorization.k8s.io, kind=Role, name=hivemq-platform-role-test-hivemq-platform, additionalProperties={}), subjects=[Subject(apiGroup=null, kind=ServiceAccount, name=hivemq-platform-pod-test-hivemq-platform, namespace=helminitcontainerit, additionalProperties={})], additionalProperties={})
2025-01-30 18:28:16,873 INFO c.h.h.t.HelmChartContainer - [hivemq-test-hivemq-platform] [hivemq-platform-operator] [01c25ee7] 18:28:16.872 [ReconcilerExecutor-hivemq-controller-54] INFO  c.h.p.o.HiveMQPlatformReconciler - [helminit] Reconciling HiveMQ Platform 'test-hivemq-platform' in namespace 'helminitcontainerit'
2025-01-30 18:28:16,874 INFO c.h.h.t.HelmChartContainer - [hivemq-test-hivemq-platform] [hivemq-platform-operator] [01c25ee7] 18:28:16.872 [ReconcilerExecutor-hivemq-controller-54] DEBUG c.h.p.o.HiveMQPlatformReconciler - [helminit] Custom Resource Status CREATED - HiveMQ Platform was created (READY)
2025-01-30 18:28:16,874 INFO c.h.h.t.HelmChartContainer - [hivemq-test-hivemq-platform] [hivemq-platform-operator] [01c25ee7] 18:28:16.872 [ReconcilerExecutor-hivemq-controller-54] DEBUG c.h.p.o.HiveMQPlatformReconciler - [helminit] Custom Resource Spec (replicas: 1) (extensions: 1)
2025-01-30 18:28:16,878 INFO c.h.h.t.HelmChartContainer - [hivemq-test-hivemq-platform] [hivemq-platform-operator] [01c25ee7] 18:28:16.877 [ReconcilerExecutor-hivemq-controller-54] INFO  c.h.p.o.h.HiveMQPlatformReconcilerBaseHandler - [helminit] HiveMQ Platform is starting
2025-01-30 18:28:17,014 INFO c.h.h.t.HelmChartContainer - [hivemq-test-hivemq-platform] [hivemq-platform-operator] [01c25ee7] 18:28:17.013 [ReconcilerExecutor-hivemq-controller-54] DEBUG c.h.p.operator.event.EventSender - [helminit] Creating K8s event hivemq-platform-starting: [Start] HiveMQ Platform is starting
2025-01-30 18:28:17,023 INFO c.h.h.t.HelmChartContainer - [EVENT] Normal [Start] HiveMQ Platform is starting [helminitcontainerit:test-hivemq-platform]
2025-01-30 18:28:17,077 INFO c.h.h.t.HelmChartContainer - [hivemq-test-hivemq-platform] [hivemq-platform-operator] [01c25ee7] 18:28:17.075 [ReconcilerExecutor-hivemq-controller-54] INFO  c.h.p.o.h.AbstractHiveMQReconcilerStateHandler - [helminit] Update HiveMQ Platform Status (CREATED [READY] -> STARTING [READY]): HiveMQ Platform is starting
2025-01-30 18:28:17,124 DEBUG com.hivemq.helmcharts.util.K8sUtil - Comparing actual state 'STARTING' and waiting for 'RUNNING'
2025-01-30 18:28:27,134 INFO c.h.h.t.HelmChartContainer - [hivemq-test-hivemq-platform] [hivemq-platform-operator] [01c25ee7] 18:28:27.131 [pool-6-thread-12] DEBUG c.h.p.o.d.PlatformServiceResource - [helminit] Desired Platform services (3 services)
2025-01-30 18:28:27,135 INFO c.h.h.t.HelmChartContainer - [hivemq-test-hivemq-platform] [hivemq-platform-operator] [01c25ee7] 18:28:27.132 [pool-6-thread-13] DEBUG c.h.p.o.dependants.PodInfoConfigMap - [helminit] Desired PodInfo ConfigMap (1 extensions) (1 enabled)
2025-01-30 18:28:27,135 INFO c.h.h.t.HelmChartContainer - [hivemq-test-hivemq-platform] [hivemq-platform-operator] [01c25ee7] 18:28:27.132 [pool-6-thread-13] DEBUG c.h.p.o.dependants.PodInfoConfigMap - [helminit] Desired PodInfo ConfigMap (metrics port: 9399) (metrics path: /)
2025-01-30 18:28:27,135 INFO c.h.h.t.HelmChartContainer - [hivemq-test-hivemq-platform] [hivemq-platform-operator] [01c25ee7] 18:28:27.133 [pool-6-thread-13] DEBUG c.h.p.o.dependants.PodInfoConfigMap - [helminit] Desired PodInfo ConfigMap (extension state hash: -1817474005)
2025-01-30 18:28:27,138 INFO c.h.h.t.HelmChartContainer - [hivemq-test-hivemq-platform] [hivemq-platform-operator] [01c25ee7] 18:28:27.137 [pool-6-thread-17] DEBUG c.h.p.o.d.PodServiceAccountResource - [helminit] Desired PodServiceAccountResource (serviceAccountName: hivemq-platform-pod-test-hivemq-platform)
2025-01-30 18:28:27,150 INFO c.h.h.t.HelmChartContainer - [K3S] [alloc.go:330] "allocated clusterIPs" service="helminitcontainerit/hivemq-test-hivemq-platform-cc-8080" clusterIPs={"IPv4":"10.43.160.154"}
2025-01-30 18:28:27,217 INFO c.h.h.t.HelmChartContainer - [hivemq-test-hivemq-platform] [hivemq-platform-operator] [01c25ee7] 18:28:27.212 [pool-6-thread-13] DEBUG c.h.p.o.dependants.PodInfoConfigMap - [helminit] Update PodInfo ConfigMap
2025-01-30 18:28:27,225 INFO c.h.h.t.HelmChartContainer - [K3S] [alloc.go:330] "allocated clusterIPs" service="helminitcontainerit/hivemq-test-hivemq-platform-metrics-9399" clusterIPs={"IPv4":"10.43.161.73"}
2025-01-30 18:28:27,238 INFO c.h.h.t.HelmChartContainer - [K3S] [alloc.go:330] "allocated clusterIPs" service="helminitcontainerit/hivemq-test-hivemq-platform-mqtt-1883" clusterIPs={"IPv4":"10.43.109.33"}
2025-01-30 18:28:27,315 INFO c.h.h.t.HelmChartContainer - [hivemq-test-hivemq-platform] [hivemq-platform-operator] [01c25ee7] 18:28:27.314 [pool-6-thread-20] DEBUG c.h.p.o.d.StatefulSetResource - [helminit] Desired StatefulSet (1 replicas) for status STARTING (READY)
2025-01-30 18:28:27,326 INFO c.h.h.t.HelmChartContainer - [hivemq-test-hivemq-platform] [hivemq-platform-operator] [01c25ee7] 18:28:27.325 [pool-6-thread-20] DEBUG c.h.p.o.d.StatefulSetResource - [helminit] Create StatefulSet
2025-01-30 18:28:27,397 INFO c.h.h.t.HelmChartContainer - [POD] test-hivemq-platform-0 [a928bf9a-7356-4665-8236-61465fe8a905] in helminitcontainerit was ADDED
2025-01-30 18:28:27,397 INFO c.h.h.t.HelmChartContainer - [EVENT] Normal [SuccessfulCreate] create Pod test-hivemq-platform-0 in StatefulSet test-hivemq-platform successful [helminitcontainerit:test-hivemq-platform]
2025-01-30 18:28:27,401 INFO c.h.h.t.HelmChartContainer - [POD] test-hivemq-platform-0 [a928bf9a-7356-4665-8236-61465fe8a905] in helminitcontainerit was MODIFIED
2025-01-30 18:28:27,402 INFO c.h.h.t.HelmChartContainer - [EVENT] Normal [Scheduled] Successfully assigned helminitcontainerit/test-hivemq-platform-0 to c181d80517a6 [helminitcontainerit:test-hivemq-platform-0]
2025-01-30 18:28:27,427 INFO c.h.h.t.HelmChartContainer - [hivemq-test-hivemq-platform] [hivemq-platform-operator] [01c25ee7] 18:28:27.424 [ReconcilerExecutor-hivemq-controller-65] INFO  c.h.p.o.HiveMQPlatformReconciler - [helminit] Reconciling HiveMQ Platform 'test-hivemq-platform' in namespace 'helminitcontainerit'
2025-01-30 18:28:27,429 INFO c.h.h.t.HelmChartContainer - [hivemq-test-hivemq-platform] [hivemq-platform-operator] [01c25ee7] 18:28:27.424 [ReconcilerExecutor-hivemq-controller-65] DEBUG c.h.p.o.HiveMQPlatformReconciler - [helminit] Custom Resource Status STARTING - HiveMQ Platform is starting (READY)
2025-01-30 18:28:27,429 INFO c.h.h.t.HelmChartContainer - [hivemq-test-hivemq-platform] [hivemq-platform-operator] [01c25ee7] 18:28:27.424 [ReconcilerExecutor-hivemq-controller-65] DEBUG c.h.p.o.HiveMQPlatformReconciler - [helminit] Custom Resource Spec (replicas: 1) (extensions: 1)
2025-01-30 18:28:27,430 INFO c.h.h.t.HelmChartContainer - [POD] test-hivemq-platform-0 [a928bf9a-7356-4665-8236-61465fe8a905] in helminitcontainerit was MODIFIED
2025-01-30 18:28:27,515 INFO c.h.h.t.HelmChartContainer - [hivemq-test-hivemq-platform] [hivemq-platform-operator] [01c25ee7] 18:28:27.512 [ReconcilerExecutor-hivemq-controller-65] DEBUG c.h.p.o.HiveMQPlatformReconciler - [helminit] StatefulSet Status (revision: test-hivemq-platform-74977b996d, replicas: 0, available: 0, ready: 0, current: 0, updated: 0)
2025-01-30 18:28:27,515 INFO c.h.h.t.HelmChartContainer - [hivemq-test-hivemq-platform] [hivemq-platform-operator] [01c25ee7] 18:28:27.512 [ReconcilerExecutor-hivemq-controller-65] DEBUG c.h.p.o.HiveMQPlatformReconciler - [helminit] StatefulSet Spec (replicas: 1, init containers: 2, containers: 1, volumes: 5)
2025-01-30 18:28:27,525 INFO c.h.h.t.HelmChartContainer - [hivemq-test-hivemq-platform] [hivemq-platform-operator] [01c25ee7] 18:28:27.525 [ReconcilerExecutor-hivemq-controller-65] DEBUG c.h.p.o.h.HiveMQPlatformReconcilerErrorHandler - [helminit] Pod 'test-hivemq-platform-0' phase Pending
2025-01-30 18:28:27,526 INFO c.h.h.t.HelmChartContainer - [hivemq-test-hivemq-platform] [hivemq-platform-operator] [01c25ee7] 18:28:27.525 [ReconcilerExecutor-hivemq-controller-65] DEBUG c.h.p.o.h.HiveMQPlatformReconcilerErrorHandler - [helminit] Pod 'test-hivemq-platform-0' condition 'PodReadyToStartContainers': False
2025-01-30 18:28:27,526 INFO c.h.h.t.HelmChartContainer - [hivemq-test-hivemq-platform] [hivemq-platform-operator] [01c25ee7] 18:28:27.526 [ReconcilerExecutor-hivemq-controller-65] DEBUG c.h.p.o.h.HiveMQPlatformReconcilerErrorHandler - [helminit] Pod 'test-hivemq-platform-0' condition 'Initialized': False
2025-01-30 18:28:27,526 INFO c.h.h.t.HelmChartContainer - [hivemq-test-hivemq-platform] [hivemq-platform-operator] [01c25ee7] 18:28:27.526 [ReconcilerExecutor-hivemq-controller-65] DEBUG c.h.p.o.h.HiveMQPlatformReconcilerErrorHandler - [helminit] Pod 'test-hivemq-platform-0' condition 'Ready': False
2025-01-30 18:28:27,527 INFO c.h.h.t.HelmChartContainer - [hivemq-test-hivemq-platform] [hivemq-platform-operator] [01c25ee7] 18:28:27.526 [ReconcilerExecutor-hivemq-controller-65] DEBUG c.h.p.o.h.HiveMQPlatformReconcilerErrorHandler - [helminit] Pod 'test-hivemq-platform-0' condition 'ContainersReady': False
2025-01-30 18:28:27,527 INFO c.h.h.t.HelmChartContainer - [hivemq-test-hivemq-platform] [hivemq-platform-operator] [01c25ee7] 18:28:27.526 [ReconcilerExecutor-hivemq-controller-65] DEBUG c.h.p.o.h.HiveMQPlatformReconcilerErrorHandler - [helminit] Pod 'test-hivemq-platform-0' condition 'PodScheduled': True
2025-01-30 18:28:27,528 INFO c.h.h.t.HelmChartContainer - [hivemq-test-hivemq-platform] [hivemq-platform-operator] [01c25ee7] 18:28:27.527 [ReconcilerExecutor-hivemq-controller-65] DEBUG c.h.p.o.h.HiveMQPlatformReconcilerErrorHandler - [helminit] Pod 'test-hivemq-platform-0' containerStatus 'hivemq' (started: false) (ready: false) (waiting: [PodInitializing] null)
2025-01-30 18:28:27,530 INFO c.h.h.t.HelmChartContainer - [hivemq-test-hivemq-platform] [hivemq-platform-operator] [01c25ee7] 18:28:27.529 [ReconcilerExecutor-hivemq-controller-65] INFO  c.h.p.o.h.HiveMQPlatformReconcilerBaseHandler - [helminit] HiveMQ Platform is starting, 0 of 1 replicas are ready
2025-01-30 18:28:27,554 INFO c.h.h.t.HelmChartContainer - [K3S] [reconciler_common.go:251] "operationExecutor.VerifyControllerAttachedVolume started for volume \"pod-info\" (UniqueName: \"kubernetes.io/configmap/a928bf9a-7356-4665-8236-61465fe8a905-pod-info\") pod \"test-hivemq-platform-0\" (UID: \"a928bf9a-7356-4665-8236-61465fe8a905\") " pod="helminitcontainerit/test-hivemq-platform-0"
2025-01-30 18:28:27,554 INFO c.h.h.t.HelmChartContainer - [K3S] [reconciler_common.go:251] "operationExecutor.VerifyControllerAttachedVolume started for volume \"consul-template-volume\" (UniqueName: \"kubernetes.io/configmap/a928bf9a-7356-4665-8236-61465fe8a905-consul-template-volume\") pod \"test-hivemq-platform-0\" (UID: \"a928bf9a-7356-4665-8236-61465fe8a905\") " pod="helminitcontainerit/test-hivemq-platform-0"
2025-01-30 18:28:27,554 INFO c.h.h.t.HelmChartContainer - [K3S] [reconciler_common.go:251] "operationExecutor.VerifyControllerAttachedVolume started for volume \"broker-configuration\" (UniqueName: \"kubernetes.io/configmap/a928bf9a-7356-4665-8236-61465fe8a905-broker-configuration\") pod \"test-hivemq-platform-0\" (UID: \"a928bf9a-7356-4665-8236-61465fe8a905\") " pod="helminitcontainerit/test-hivemq-platform-0"
2025-01-30 18:28:27,555 INFO c.h.h.t.HelmChartContainer - [K3S] [reconciler_common.go:251] "operationExecutor.VerifyControllerAttachedVolume started for volume \"license-volume\" (UniqueName: \"kubernetes.io/empty-dir/a928bf9a-7356-4665-8236-61465fe8a905-license-volume\") pod \"test-hivemq-platform-0\" (UID: \"a928bf9a-7356-4665-8236-61465fe8a905\") " pod="helminitcontainerit/test-hivemq-platform-0"
2025-01-30 18:28:27,555 INFO c.h.h.t.HelmChartContainer - [K3S] [reconciler_common.go:251] "operationExecutor.VerifyControllerAttachedVolume started for volume \"operator-init\" (UniqueName: \"kubernetes.io/empty-dir/a928bf9a-7356-4665-8236-61465fe8a905-operator-init\") pod \"test-hivemq-platform-0\" (UID: \"a928bf9a-7356-4665-8236-61465fe8a905\") " pod="helminitcontainerit/test-hivemq-platform-0"
2025-01-30 18:28:27,555 INFO c.h.h.t.HelmChartContainer - [K3S] [reconciler_common.go:251] "operationExecutor.VerifyControllerAttachedVolume started for volume \"kube-api-access-m67db\" (UniqueName: \"kubernetes.io/projected/a928bf9a-7356-4665-8236-61465fe8a905-kube-api-access-m67db\") pod \"test-hivemq-platform-0\" (UID: \"a928bf9a-7356-4665-8236-61465fe8a905\") " pod="helminitcontainerit/test-hivemq-platform-0"
2025-01-30 18:28:27,615 INFO c.h.h.t.HelmChartContainer - [hivemq-test-hivemq-platform] [hivemq-platform-operator] [01c25ee7] 18:28:27.612 [pool-6-thread-22] DEBUG c.h.p.o.d.PlatformServiceResource - [helminit] Desired Platform services (3 services)
2025-01-30 18:28:27,616 INFO c.h.h.t.HelmChartContainer - [hivemq-test-hivemq-platform] [hivemq-platform-operator] [01c25ee7] 18:28:27.614 [pool-6-thread-23] DEBUG c.h.p.o.dependants.PodInfoConfigMap - [helminit] Desired PodInfo ConfigMap (1 extensions) (1 enabled)
2025-01-30 18:28:27,616 INFO c.h.h.t.HelmChartContainer - [hivemq-test-hivemq-platform] [hivemq-platform-operator] [01c25ee7] 18:28:27.614 [pool-6-thread-23] DEBUG c.h.p.o.dependants.PodInfoConfigMap - [helminit] Desired PodInfo ConfigMap (metrics port: 9399) (metrics path: /)
2025-01-30 18:28:27,617 INFO c.h.h.t.HelmChartContainer - [hivemq-test-hivemq-platform] [hivemq-platform-operator] [01c25ee7] 18:28:27.614 [pool-6-thread-23] DEBUG c.h.p.o.dependants.PodInfoConfigMap - [helminit] Desired PodInfo ConfigMap (extension state hash: -1817474005)
2025-01-30 18:28:27,622 INFO c.h.h.t.HelmChartContainer - [hivemq-test-hivemq-platform] [hivemq-platform-operator] [01c25ee7] 18:28:27.620 [pool-6-thread-27] DEBUG c.h.p.o.d.PodServiceAccountResource - [helminit] Desired PodServiceAccountResource (serviceAccountName: hivemq-platform-pod-test-hivemq-platform)
2025-01-30 18:28:27,630 INFO c.h.h.t.HelmChartContainer - [hivemq-test-hivemq-platform] [hivemq-platform-operator] [01c25ee7] 18:28:27.629 [pool-6-thread-30] DEBUG c.h.p.o.d.StatefulSetResource - [helminit] Desired StatefulSet (1 replicas) for status STARTING (READY)
2025-01-30 18:28:27,719 INFO c.h.h.t.HelmChartContainer - [hivemq-test-hivemq-platform] [hivemq-platform-operator] [01c25ee7] 18:28:27.716 [ReconcilerExecutor-hivemq-controller-76] INFO  c.h.p.o.HiveMQPlatformReconciler - [helminit] Reconciling HiveMQ Platform 'test-hivemq-platform' in namespace 'helminitcontainerit'
2025-01-30 18:28:27,719 INFO c.h.h.t.HelmChartContainer - [hivemq-test-hivemq-platform] [hivemq-platform-operator] [01c25ee7] 18:28:27.716 [ReconcilerExecutor-hivemq-controller-76] DEBUG c.h.p.o.HiveMQPlatformReconciler - [helminit] Custom Resource Status STARTING - HiveMQ Platform is starting (READY)
2025-01-30 18:28:27,719 INFO c.h.h.t.HelmChartContainer - [hivemq-test-hivemq-platform] [hivemq-platform-operator] [01c25ee7] 18:28:27.716 [ReconcilerExecutor-hivemq-controller-76] DEBUG c.h.p.o.HiveMQPlatformReconciler - [helminit] Custom Resource Spec (replicas: 1) (extensions: 1)
2025-01-30 18:28:27,723 INFO c.h.h.t.HelmChartContainer - [hivemq-test-hivemq-platform] [hivemq-platform-operator] [01c25ee7] 18:28:27.722 [ReconcilerExecutor-hivemq-controller-76] DEBUG c.h.p.o.HiveMQPlatformReconciler - [helminit] StatefulSet Status (revision: test-hivemq-platform-74977b996d, replicas: 1, available: 0, ready: 0, current: 1, updated: 1)
2025-01-30 18:28:27,724 INFO c.h.h.t.HelmChartContainer - [hivemq-test-hivemq-platform] [hivemq-platform-operator] [01c25ee7] 18:28:27.722 [ReconcilerExecutor-hivemq-controller-76] DEBUG c.h.p.o.HiveMQPlatformReconciler - [helminit] StatefulSet Spec (replicas: 1, init containers: 2, containers: 1, volumes: 5)
2025-01-30 18:28:27,728 INFO c.h.h.t.HelmChartContainer - [hivemq-test-hivemq-platform] [hivemq-platform-operator] [01c25ee7] 18:28:27.727 [ReconcilerExecutor-hivemq-controller-76] DEBUG c.h.p.o.h.HiveMQPlatformReconcilerErrorHandler - [helminit] Pod 'test-hivemq-platform-0' phase Pending
2025-01-30 18:28:27,729 INFO c.h.h.t.HelmChartContainer - [hivemq-test-hivemq-platform] [hivemq-platform-operator] [01c25ee7] 18:28:27.727 [ReconcilerExecutor-hivemq-controller-76] DEBUG c.h.p.o.h.HiveMQPlatformReconcilerErrorHandler - [helminit] Pod 'test-hivemq-platform-0' condition 'PodReadyToStartContainers': False
2025-01-30 18:28:27,731 INFO c.h.h.t.HelmChartContainer - [hivemq-test-hivemq-platform] [hivemq-platform-operator] [01c25ee7] 18:28:27.727 [ReconcilerExecutor-hivemq-controller-76] DEBUG c.h.p.o.h.HiveMQPlatformReconcilerErrorHandler - [helminit] Pod 'test-hivemq-platform-0' condition 'Initialized': False
2025-01-30 18:28:27,731 INFO c.h.h.t.HelmChartContainer - [hivemq-test-hivemq-platform] [hivemq-platform-operator] [01c25ee7] 18:28:27.727 [ReconcilerExecutor-hivemq-controller-76] DEBUG c.h.p.o.h.HiveMQPlatformReconcilerErrorHandler - [helminit] Pod 'test-hivemq-platform-0' condition 'Ready': False
2025-01-30 18:28:27,731 INFO c.h.h.t.HelmChartContainer - [hivemq-test-hivemq-platform] [hivemq-platform-operator] [01c25ee7] 18:28:27.727 [ReconcilerExecutor-hivemq-controller-76] DEBUG c.h.p.o.h.HiveMQPlatformReconcilerErrorHandler - [helminit] Pod 'test-hivemq-platform-0' condition 'ContainersReady': False
2025-01-30 18:28:27,731 INFO c.h.h.t.HelmChartContainer - [hivemq-test-hivemq-platform] [hivemq-platform-operator] [01c25ee7] 18:28:27.727 [ReconcilerExecutor-hivemq-controller-76] DEBUG c.h.p.o.h.HiveMQPlatformReconcilerErrorHandler - [helminit] Pod 'test-hivemq-platform-0' condition 'PodScheduled': True
2025-01-30 18:28:27,731 INFO c.h.h.t.HelmChartContainer - [hivemq-test-hivemq-platform] [hivemq-platform-operator] [01c25ee7] 18:28:27.727 [ReconcilerExecutor-hivemq-controller-76] DEBUG c.h.p.o.h.HiveMQPlatformReconcilerErrorHandler - [helminit] Pod 'test-hivemq-platform-0' containerStatus 'hivemq' (started: false) (ready: false) (waiting: [PodInitializing] null)
2025-01-30 18:28:27,731 INFO c.h.h.t.HelmChartContainer - [hivemq-test-hivemq-platform] [hivemq-platform-operator] [01c25ee7] 18:28:27.728 [ReconcilerExecutor-hivemq-controller-76] INFO  c.h.p.o.h.HiveMQPlatformReconcilerBaseHandler - [helminit] HiveMQ Platform is starting, 0 of 1 replicas are ready
2025-01-30 18:28:27,806 INFO c.h.h.t.HelmChartContainer - [EVENT] Normal [Pulling] Pulling image "hashicorp/consul-template:latest" [helminitcontainerit:test-hivemq-platform-0]
2025-01-30 18:28:28,758 INFO c.h.h.t.HelmChartContainer - [EVENT] Normal [Pulled] Successfully pulled image "hashicorp/consul-template:latest" in 952ms (952ms including waiting). Image size: 8961926 bytes. [helminitcontainerit:test-hivemq-platform-0]
2025-01-30 18:28:28,765 INFO c.h.h.t.HelmChartContainer - [EVENT] Normal [Created] Created container: consul-template-init-container [helminitcontainerit:test-hivemq-platform-0]
2025-01-30 18:28:28,805 INFO c.h.h.t.HelmChartContainer - [EVENT] Normal [Started] Started container consul-template-init-container [helminitcontainerit:test-hivemq-platform-0]
2025-01-30 18:28:29,397 INFO c.h.h.t.HelmChartContainer - [EVENT] Normal [Pulled] Container image "docker.io/hivemq/hivemq-platform-operator-init-test:snapshot" already present on machine [helminitcontainerit:test-hivemq-platform-0]
2025-01-30 18:28:29,425 INFO c.h.h.t.HelmChartContainer - [POD] test-hivemq-platform-0 [a928bf9a-7356-4665-8236-61465fe8a905] in helminitcontainerit was MODIFIED
2025-01-30 18:28:29,426 INFO c.h.h.t.HelmChartContainer - [hivemq-test-hivemq-platform] [hivemq-platform-operator] [01c25ee7] 18:28:29.415 [pool-6-thread-32] DEBUG c.h.p.o.d.PlatformServiceResource - [helminit] Desired Platform services (3 services)
2025-01-30 18:28:29,432 INFO c.h.h.t.HelmChartContainer - [EVENT] Normal [Created] Created container: hivemq-platform-operator-init [helminitcontainerit:test-hivemq-platform-0]
2025-01-30 18:28:29,438 INFO c.h.h.t.HelmChartContainer - [hivemq-test-hivemq-platform] [hivemq-platform-operator] [01c25ee7] 18:28:29.427 [pool-6-thread-33] DEBUG c.h.p.o.dependants.PodInfoConfigMap - [helminit] Desired PodInfo ConfigMap (1 extensions) (1 enabled)
2025-01-30 18:28:29,438 INFO c.h.h.t.HelmChartContainer - [hivemq-test-hivemq-platform] [hivemq-platform-operator] [01c25ee7] 18:28:29.428 [pool-6-thread-33] DEBUG c.h.p.o.dependants.PodInfoConfigMap - [helminit] Desired PodInfo ConfigMap (metrics port: 9399) (metrics path: /)
2025-01-30 18:28:29,438 INFO c.h.h.t.HelmChartContainer - [hivemq-test-hivemq-platform] [hivemq-platform-operator] [01c25ee7] 18:28:29.428 [pool-6-thread-33] DEBUG c.h.p.o.dependants.PodInfoConfigMap - [helminit] Desired PodInfo ConfigMap (extension state hash: -1817474005)
2025-01-30 18:28:29,444 INFO c.h.h.t.HelmChartContainer - [hivemq-test-hivemq-platform] [hivemq-platform-operator] [01c25ee7] 18:28:29.437 [pool-6-thread-37] DEBUG c.h.p.o.d.PodServiceAccountResource - [helminit] Desired PodServiceAccountResource (serviceAccountName: hivemq-platform-pod-test-hivemq-platform)
2025-01-30 18:28:29,478 INFO c.h.h.t.HelmChartContainer - [EVENT] Normal [Started] Started container hivemq-platform-operator-init [helminitcontainerit:test-hivemq-platform-0]
2025-01-30 18:28:29,520 INFO c.h.h.t.HelmChartContainer - [hivemq-test-hivemq-platform] [hivemq-platform-operator] [01c25ee7] 18:28:29.518 [pool-6-thread-40] DEBUG c.h.p.o.d.StatefulSetResource - [helminit] Desired StatefulSet (1 replicas) for status STARTING (READY)
2025-01-30 18:28:29,527 INFO c.h.h.t.HelmChartContainer - [hivemq-test-hivemq-platform] [hivemq-platform-operator] [01c25ee7] 18:28:29.525 [ReconcilerExecutor-hivemq-controller-87] INFO  c.h.p.o.HiveMQPlatformReconciler - [helminit] Reconciling HiveMQ Platform 'test-hivemq-platform' in namespace 'helminitcontainerit'
2025-01-30 18:28:29,527 INFO c.h.h.t.HelmChartContainer - [hivemq-test-hivemq-platform] [hivemq-platform-operator] [01c25ee7] 18:28:29.525 [ReconcilerExecutor-hivemq-controller-87] DEBUG c.h.p.o.HiveMQPlatformReconciler - [helminit] Custom Resource Status STARTING - HiveMQ Platform is starting (READY)
2025-01-30 18:28:29,527 INFO c.h.h.t.HelmChartContainer - [hivemq-test-hivemq-platform] [hivemq-platform-operator] [01c25ee7] 18:28:29.525 [ReconcilerExecutor-hivemq-controller-87] DEBUG c.h.p.o.HiveMQPlatformReconciler - [helminit] Custom Resource Spec (replicas: 1) (extensions: 1)
2025-01-30 18:28:29,530 INFO c.h.h.t.HelmChartContainer - [hivemq-test-hivemq-platform] [hivemq-platform-operator] [01c25ee7] 18:28:29.528 [ReconcilerExecutor-hivemq-controller-87] DEBUG c.h.p.o.HiveMQPlatformReconciler - [helminit] StatefulSet Status (revision: test-hivemq-platform-74977b996d, replicas: 1, available: 0, ready: 0, current: 1, updated: 1)
2025-01-30 18:28:29,531 INFO c.h.h.t.HelmChartContainer - [hivemq-test-hivemq-platform] [hivemq-platform-operator] [01c25ee7] 18:28:29.528 [ReconcilerExecutor-hivemq-controller-87] DEBUG c.h.p.o.HiveMQPlatformReconciler - [helminit] StatefulSet Spec (replicas: 1, init containers: 2, containers: 1, volumes: 5)
2025-01-30 18:28:29,616 INFO c.h.h.t.HelmChartContainer - [hivemq-test-hivemq-platform] [hivemq-platform-operator] [01c25ee7] 18:28:29.614 [ReconcilerExecutor-hivemq-controller-87] DEBUG c.h.p.o.h.HiveMQPlatformReconcilerErrorHandler - [helminit] Pod 'test-hivemq-platform-0' phase Pending
2025-01-30 18:28:29,618 INFO c.h.h.t.HelmChartContainer - [hivemq-test-hivemq-platform] [hivemq-platform-operator] [01c25ee7] 18:28:29.615 [ReconcilerExecutor-hivemq-controller-87] DEBUG c.h.p.o.h.HiveMQPlatformReconcilerErrorHandler - [helminit] Pod 'test-hivemq-platform-0' condition 'PodReadyToStartContainers': True
2025-01-30 18:28:29,618 INFO c.h.h.t.HelmChartContainer - [hivemq-test-hivemq-platform] [hivemq-platform-operator] [01c25ee7] 18:28:29.615 [ReconcilerExecutor-hivemq-controller-87] DEBUG c.h.p.o.h.HiveMQPlatformReconcilerErrorHandler - [helminit] Pod 'test-hivemq-platform-0' condition 'Initialized': False
2025-01-30 18:28:29,618 INFO c.h.h.t.HelmChartContainer - [hivemq-test-hivemq-platform] [hivemq-platform-operator] [01c25ee7] 18:28:29.615 [ReconcilerExecutor-hivemq-controller-87] DEBUG c.h.p.o.h.HiveMQPlatformReconcilerErrorHandler - [helminit] Pod 'test-hivemq-platform-0' condition 'Ready': False
2025-01-30 18:28:29,618 INFO c.h.h.t.HelmChartContainer - [hivemq-test-hivemq-platform] [hivemq-platform-operator] [01c25ee7] 18:28:29.615 [ReconcilerExecutor-hivemq-controller-87] DEBUG c.h.p.o.h.HiveMQPlatformReconcilerErrorHandler - [helminit] Pod 'test-hivemq-platform-0' condition 'ContainersReady': False
2025-01-30 18:28:29,619 INFO c.h.h.t.HelmChartContainer - [hivemq-test-hivemq-platform] [hivemq-platform-operator] [01c25ee7] 18:28:29.615 [ReconcilerExecutor-hivemq-controller-87] DEBUG c.h.p.o.h.HiveMQPlatformReconcilerErrorHandler - [helminit] Pod 'test-hivemq-platform-0' condition 'PodScheduled': True
2025-01-30 18:28:29,619 INFO c.h.h.t.HelmChartContainer - [hivemq-test-hivemq-platform] [hivemq-platform-operator] [01c25ee7] 18:28:29.615 [ReconcilerExecutor-hivemq-controller-87] DEBUG c.h.p.o.h.HiveMQPlatformReconcilerErrorHandler - [helminit] Pod 'test-hivemq-platform-0' containerStatus 'hivemq' (started: false) (ready: false) (waiting: [PodInitializing] null)
2025-01-30 18:28:29,619 INFO c.h.h.t.HelmChartContainer - [hivemq-test-hivemq-platform] [hivemq-platform-operator] [01c25ee7] 18:28:29.616 [ReconcilerExecutor-hivemq-controller-87] INFO  c.h.p.o.h.HiveMQPlatformReconcilerBaseHandler - [helminit] HiveMQ Platform is starting, 0 of 1 replicas are ready
2025-01-30 18:28:30,399 INFO c.h.h.t.HelmChartContainer - [EVENT] Normal [Pulled] Container image "docker.io/hivemq/hivemq4:4.36.0" already present on machine [helminitcontainerit:test-hivemq-platform-0]
2025-01-30 18:28:30,399 INFO c.h.h.t.HelmChartContainer - Received Pulled event for container hivemq in pod test-hivemq-platform-0 [a928bf9a-7356-4665-8236-61465fe8a905]
2025-01-30 18:28:30,409 INFO c.h.h.t.HelmChartContainer - [POD] test-hivemq-platform-0 [a928bf9a-7356-4665-8236-61465fe8a905] in helminitcontainerit was MODIFIED
2025-01-30 18:28:30,416 INFO c.h.h.t.HelmChartContainer - [EVENT] Normal [Created] Created container: hivemq [helminitcontainerit:test-hivemq-platform-0]
2025-01-30 18:28:30,416 INFO c.h.h.t.HelmChartContainer - Received Created event for container hivemq in pod test-hivemq-platform-0 [a928bf9a-7356-4665-8236-61465fe8a905]
2025-01-30 18:28:30,427 INFO c.h.h.t.HelmChartContainer - [hivemq-test-hivemq-platform] [hivemq-platform-operator] [01c25ee7] 18:28:30.423 [pool-6-thread-42] DEBUG c.h.p.o.d.PlatformServiceResource - [helminit] Desired Platform services (3 services)
2025-01-30 18:28:30,431 INFO c.h.h.t.HelmChartContainer - [hivemq-test-hivemq-platform] [hivemq-platform-operator] [01c25ee7] 18:28:30.426 [pool-6-thread-43] DEBUG c.h.p.o.dependants.PodInfoConfigMap - [helminit] Desired PodInfo ConfigMap (1 extensions) (1 enabled)
2025-01-30 18:28:30,432 INFO c.h.h.t.HelmChartContainer - [hivemq-test-hivemq-platform] [hivemq-platform-operator] [01c25ee7] 18:28:30.430 [pool-6-thread-43] DEBUG c.h.p.o.dependants.PodInfoConfigMap - [helminit] Desired PodInfo ConfigMap (metrics port: 9399) (metrics path: /)
2025-01-30 18:28:30,433 INFO c.h.h.t.HelmChartContainer - [hivemq-test-hivemq-platform] [hivemq-platform-operator] [01c25ee7] 18:28:30.432 [pool-6-thread-43] DEBUG c.h.p.o.dependants.PodInfoConfigMap - [helminit] Desired PodInfo ConfigMap (extension state hash: -1817474005)
2025-01-30 18:28:30,475 INFO c.h.h.t.HelmChartContainer - [hivemq-test-hivemq-platform] [hivemq-platform-operator] [01c25ee7] 18:28:30.474 [pool-6-thread-47] DEBUG c.h.p.o.d.PodServiceAccountResource - [helminit] Desired PodServiceAccountResource (serviceAccountName: hivemq-platform-pod-test-hivemq-platform)
2025-01-30 18:28:30,515 INFO c.h.h.t.HelmChartContainer - [hivemq-test-hivemq-platform] [hivemq-platform-operator] [01c25ee7] 18:28:30.513 [pool-6-thread-50] DEBUG c.h.p.o.d.StatefulSetResource - [helminit] Desired StatefulSet (1 replicas) for status STARTING (READY)
2025-01-30 18:28:30,521 INFO c.h.h.t.HelmChartContainer - [hivemq-test-hivemq-platform] [hivemq-platform-operator] [01c25ee7] 18:28:30.519 [ReconcilerExecutor-hivemq-controller-98] INFO  c.h.p.o.HiveMQPlatformReconciler - [helminit] Reconciling HiveMQ Platform 'test-hivemq-platform' in namespace 'helminitcontainerit'
2025-01-30 18:28:30,522 INFO c.h.h.t.HelmChartContainer - [hivemq-test-hivemq-platform] [hivemq-platform-operator] [01c25ee7] 18:28:30.519 [ReconcilerExecutor-hivemq-controller-98] DEBUG c.h.p.o.HiveMQPlatformReconciler - [helminit] Custom Resource Status STARTING - HiveMQ Platform is starting (READY)
2025-01-30 18:28:30,523 INFO c.h.h.t.HelmChartContainer - [hivemq-test-hivemq-platform] [hivemq-platform-operator] [01c25ee7] 18:28:30.519 [ReconcilerExecutor-hivemq-controller-98] DEBUG c.h.p.o.HiveMQPlatformReconciler - [helminit] Custom Resource Spec (replicas: 1) (extensions: 1)
2025-01-30 18:28:30,523 INFO c.h.h.t.HelmChartContainer - [hivemq-test-hivemq-platform] [hivemq-platform-operator] [01c25ee7] 18:28:30.521 [ReconcilerExecutor-hivemq-controller-98] DEBUG c.h.p.o.HiveMQPlatformReconciler - [helminit] StatefulSet Status (revision: test-hivemq-platform-74977b996d, replicas: 1, available: 0, ready: 0, current: 1, updated: 1)
2025-01-30 18:28:30,523 INFO c.h.h.t.HelmChartContainer - [hivemq-test-hivemq-platform] [hivemq-platform-operator] [01c25ee7] 18:28:30.521 [ReconcilerExecutor-hivemq-controller-98] DEBUG c.h.p.o.HiveMQPlatformReconciler - [helminit] StatefulSet Spec (replicas: 1, init containers: 2, containers: 1, volumes: 5)
2025-01-30 18:28:30,577 INFO c.h.h.t.HelmChartContainer - [hivemq-test-hivemq-platform] [hivemq-platform-operator] [01c25ee7] 18:28:30.573 [ReconcilerExecutor-hivemq-controller-98] DEBUG c.h.p.o.h.HiveMQPlatformReconcilerErrorHandler - [helminit] Pod 'test-hivemq-platform-0' phase Pending
2025-01-30 18:28:30,577 INFO c.h.h.t.HelmChartContainer - [hivemq-test-hivemq-platform] [hivemq-platform-operator] [01c25ee7] 18:28:30.574 [ReconcilerExecutor-hivemq-controller-98] DEBUG c.h.p.o.h.HiveMQPlatformReconcilerErrorHandler - [helminit] Pod 'test-hivemq-platform-0' condition 'PodReadyToStartContainers': True
2025-01-30 18:28:30,577 INFO c.h.h.t.HelmChartContainer - [hivemq-test-hivemq-platform] [hivemq-platform-operator] [01c25ee7] 18:28:30.574 [ReconcilerExecutor-hivemq-controller-98] DEBUG c.h.p.o.h.HiveMQPlatformReconcilerErrorHandler - [helminit] Pod 'test-hivemq-platform-0' condition 'Initialized': True
2025-01-30 18:28:30,577 INFO c.h.h.t.HelmChartContainer - [hivemq-test-hivemq-platform] [hivemq-platform-operator] [01c25ee7] 18:28:30.574 [ReconcilerExecutor-hivemq-controller-98] DEBUG c.h.p.o.h.HiveMQPlatformReconcilerErrorHandler - [helminit] Pod 'test-hivemq-platform-0' condition 'Ready': False
2025-01-30 18:28:30,578 INFO c.h.h.t.HelmChartContainer - [hivemq-test-hivemq-platform] [hivemq-platform-operator] [01c25ee7] 18:28:30.574 [ReconcilerExecutor-hivemq-controller-98] DEBUG c.h.p.o.h.HiveMQPlatformReconcilerErrorHandler - [helminit] Pod 'test-hivemq-platform-0' condition 'ContainersReady': False
2025-01-30 18:28:30,578 INFO c.h.h.t.HelmChartContainer - [hivemq-test-hivemq-platform] [hivemq-platform-operator] [01c25ee7] 18:28:30.574 [ReconcilerExecutor-hivemq-controller-98] DEBUG c.h.p.o.h.HiveMQPlatformReconcilerErrorHandler - [helminit] Pod 'test-hivemq-platform-0' condition 'PodScheduled': True
2025-01-30 18:28:30,578 INFO c.h.h.t.HelmChartContainer - [hivemq-test-hivemq-platform] [hivemq-platform-operator] [01c25ee7] 18:28:30.574 [ReconcilerExecutor-hivemq-controller-98] DEBUG c.h.p.o.h.HiveMQPlatformReconcilerErrorHandler - [helminit] Pod 'test-hivemq-platform-0' containerStatus 'hivemq' (started: false) (ready: false) (waiting: [PodInitializing] null)
2025-01-30 18:28:30,578 INFO c.h.h.t.HelmChartContainer - [hivemq-test-hivemq-platform] [hivemq-platform-operator] [01c25ee7] 18:28:30.575 [ReconcilerExecutor-hivemq-controller-98] INFO  c.h.p.o.h.HiveMQPlatformReconcilerBaseHandler - [helminit] HiveMQ Platform is starting, 0 of 1 replicas are ready
2025-01-30 18:28:31,416 INFO c.h.h.t.HelmChartContainer - [POD] test-hivemq-platform-0 [a928bf9a-7356-4665-8236-61465fe8a905] in helminitcontainerit was MODIFIED
2025-01-30 18:28:31,421 INFO c.h.h.t.HelmChartContainer - [hivemq-test-hivemq-platform] [hivemq-platform-operator] [01c25ee7] 18:28:31.416 [pool-6-thread-5] DEBUG c.h.p.o.d.PlatformServiceResource - [helminit] Desired Platform services (3 services)
2025-01-30 18:28:31,425 INFO c.h.h.t.HelmChartContainer - [hivemq-test-hivemq-platform] [hivemq-platform-operator] [01c25ee7] 18:28:31.423 [pool-6-thread-6] DEBUG c.h.p.o.dependants.PodInfoConfigMap - [helminit] Desired PodInfo ConfigMap (1 extensions) (1 enabled)
2025-01-30 18:28:31,429 INFO c.h.h.t.HelmChartContainer - [hivemq-test-hivemq-platform] [hivemq-platform-operator] [01c25ee7] 18:28:31.423 [pool-6-thread-6] DEBUG c.h.p.o.dependants.PodInfoConfigMap - [helminit] Desired PodInfo ConfigMap (metrics port: 9399) (metrics path: /)
2025-01-30 18:28:31,430 INFO c.h.h.t.HelmChartContainer - [hivemq-test-hivemq-platform] [hivemq-platform-operator] [01c25ee7] 18:28:31.424 [pool-6-thread-6] DEBUG c.h.p.o.dependants.PodInfoConfigMap - [helminit] Desired PodInfo ConfigMap (extension state hash: -1817474005)
2025-01-30 18:28:31,430 INFO c.h.h.t.HelmChartContainer - [hivemq-test-hivemq-platform] [hivemq-platform-operator] [01c25ee7] 18:28:31.425 [pool-6-thread-6] DEBUG c.h.p.o.d.PodServiceAccountResource - [helminit] Desired PodServiceAccountResource (serviceAccountName: hivemq-platform-pod-test-hivemq-platform)
2025-01-30 18:28:31,433 INFO c.h.h.t.HelmChartContainer - [EVENT] Normal [Started] Started container hivemq [helminitcontainerit:test-hivemq-platform-0]
2025-01-30 18:28:31,433 INFO c.h.h.t.HelmChartContainer - Started log watcher for hivemq in pod test-hivemq-platform-0 [a928bf9a-7356-4665-8236-61465fe8a905]
2025-01-30 18:28:31,433 INFO c.h.h.t.HelmChartContainer - Received Started event for container hivemq in pod test-hivemq-platform-0 [a928bf9a-7356-4665-8236-61465fe8a905]
2025-01-30 18:28:31,434 INFO c.h.h.t.HelmChartContainer - [test-hivemq-platform] [hivemq] [a928bf9a] Adding pre-installed HiveMQ Platform Operator extensions
2025-01-30 18:28:31,434 INFO c.h.h.t.HelmChartContainer - [test-hivemq-platform] [hivemq] [a928bf9a] Running as user 10000
2025-01-30 18:28:31,434 INFO c.h.h.t.HelmChartContainer - [test-hivemq-platform] [hivemq] [a928bf9a] Starting HiveMQ Platform Operator Init
2025-01-30 18:28:31,513 INFO c.h.h.t.HelmChartContainer - [hivemq-test-hivemq-platform] [hivemq-platform-operator] [01c25ee7] 18:28:31.511 [pool-6-thread-6] DEBUG c.h.p.o.d.StatefulSetResource - [helminit] Desired StatefulSet (1 replicas) for status STARTING (READY)
2025-01-30 18:28:31,518 INFO c.h.h.t.HelmChartContainer - [hivemq-test-hivemq-platform] [hivemq-platform-operator] [01c25ee7] 18:28:31.515 [ReconcilerExecutor-hivemq-controller-109] INFO  c.h.p.o.HiveMQPlatformReconciler - [helminit] Reconciling HiveMQ Platform 'test-hivemq-platform' in namespace 'helminitcontainerit'
2025-01-30 18:28:31,518 INFO c.h.h.t.HelmChartContainer - [hivemq-test-hivemq-platform] [hivemq-platform-operator] [01c25ee7] 18:28:31.515 [ReconcilerExecutor-hivemq-controller-109] DEBUG c.h.p.o.HiveMQPlatformReconciler - [helminit] Custom Resource Status STARTING - HiveMQ Platform is starting (READY)
2025-01-30 18:28:31,518 INFO c.h.h.t.HelmChartContainer - [hivemq-test-hivemq-platform] [hivemq-platform-operator] [01c25ee7] 18:28:31.516 [ReconcilerExecutor-hivemq-controller-109] DEBUG c.h.p.o.HiveMQPlatformReconciler - [helminit] Custom Resource Spec (replicas: 1) (extensions: 1)
2025-01-30 18:28:31,519 INFO c.h.h.t.HelmChartContainer - [hivemq-test-hivemq-platform] [hivemq-platform-operator] [01c25ee7] 18:28:31.517 [ReconcilerExecutor-hivemq-controller-109] DEBUG c.h.p.o.HiveMQPlatformReconciler - [helminit] StatefulSet Status (revision: test-hivemq-platform-74977b996d, replicas: 1, available: 0, ready: 0, current: 1, updated: 1)
2025-01-30 18:28:31,519 INFO c.h.h.t.HelmChartContainer - [hivemq-test-hivemq-platform] [hivemq-platform-operator] [01c25ee7] 18:28:31.518 [ReconcilerExecutor-hivemq-controller-109] DEBUG c.h.p.o.HiveMQPlatformReconciler - [helminit] StatefulSet Spec (replicas: 1, init containers: 2, containers: 1, volumes: 5)
2025-01-30 18:28:31,520 INFO c.h.h.t.HelmChartContainer - [hivemq-test-hivemq-platform] [hivemq-platform-operator] [01c25ee7] 18:28:31.519 [ReconcilerExecutor-hivemq-controller-109] DEBUG c.h.p.o.h.HiveMQPlatformReconcilerErrorHandler - [helminit] Pod 'test-hivemq-platform-0' phase Running
2025-01-30 18:28:31,521 INFO c.h.h.t.HelmChartContainer - [hivemq-test-hivemq-platform] [hivemq-platform-operator] [01c25ee7] 18:28:31.520 [ReconcilerExecutor-hivemq-controller-109] INFO  c.h.p.o.h.HiveMQPlatformReconcilerBaseHandler - [helminit] HiveMQ Platform is starting, 0 of 1 replicas are ready
2025-01-30 18:28:31,659 INFO c.h.h.t.HelmChartContainer - [test-hivemq-platform] [hivemq] [a928bf9a] INFO  - [HiveMQ Platform Operator Init 1.7.0-SNAPSHOT] HiveMQ Platform Operator Init 1.7.0-SNAPSHOT (commit: 47e3375 on branch: HEAD) built on Thu Jan 30 03:55:50 UTC 2025
2025-01-30 18:28:32,787 INFO c.h.h.t.HelmChartContainer - [test-hivemq-platform] [hivemq] [a928bf9a] INFO  - [HiveMQ Platform Operator Init App 1.7.0-SNAPSHOT] Using bind address 10.42.0.6 from environment variable
2025-01-30 18:28:33,662 INFO c.h.h.t.HelmChartContainer - [test-hivemq-platform] [hivemq] [a928bf9a] INFO  - [HiveMQ Platform Operator Init App 1.7.0-SNAPSHOT] HiveMQ Platform Operator Init App 1.7.0-SNAPSHOT (commit: 47e3375 on branch: HEAD) built on Thu Jan 30 03:55:50 UTC 2025
2025-01-30 18:28:33,662 INFO c.h.h.t.HelmChartContainer - [test-hivemq-platform] [hivemq] [a928bf9a] INFO  - [HiveMQ Platform Operator Init App 1.7.0-SNAPSHOT] PodInfo ConfigMap directory: /etc/podinfo
2025-01-30 18:28:33,662 INFO c.h.h.t.HelmChartContainer - [test-hivemq-platform] [hivemq] [a928bf9a] INFO  - [HiveMQ Platform Operator Init App 1.7.0-SNAPSHOT] HiveMQ home directory: /opt/hivemq
2025-01-30 18:28:33,663 INFO c.h.h.t.HelmChartContainer - [test-hivemq-platform] [hivemq] [a928bf9a] INFO  - [HiveMQ Platform Operator Init App 1.7.0-SNAPSHOT] HiveMQ Logback folder: /opt/hivemq/conf
2025-01-30 18:28:33,663 INFO c.h.h.t.HelmChartContainer - [test-hivemq-platform] [hivemq] [a928bf9a] INFO  - [HiveMQ Platform Operator Init App 1.7.0-SNAPSHOT] HiveMQ Config folder: /opt/hivemq/conf-k8s
2025-01-30 18:28:33,663 INFO c.h.h.t.HelmChartContainer - [test-hivemq-platform] [hivemq] [a928bf9a] INFO  - [HiveMQ Platform Operator Init App 1.7.0-SNAPSHOT] Starting HiveMQ Platform Operator Init App
2025-01-30 18:28:33,663 INFO c.h.h.t.HelmChartContainer - [test-hivemq-platform] [hivemq] [a928bf9a] INFO  - [HiveMQ Platform Operator Init App 1.7.0-SNAPSHOT] Starting Pod reconciler
2025-01-30 18:28:34,773 INFO c.h.h.t.HelmChartContainer - [test-hivemq-platform] [hivemq] [a928bf9a] INFO  - [HiveMQ Platform Operator Init App 1.7.0-SNAPSHOT] Pod reconciler is scheduled (interval: 5000 ms)
2025-01-30 18:28:34,774 INFO c.h.h.t.HelmChartContainer - [test-hivemq-platform] [hivemq] [a928bf9a] INFO  - [HiveMQ Platform Operator Init App 1.7.0-SNAPSHOT] Starting the REST API on 10.42.0.6:7979
2025-01-30 18:28:34,851 INFO c.h.h.t.HelmChartContainer - [test-hivemq-platform] [hivemq] [a928bf9a] INFO  - [HiveMQ Platform Operator Init App 1.7.0-SNAPSHOT] Waiting up to 600s for at most 1 HiveMQ nodes in cluster service hivemq-test-hivemq-platform-cluster.helminitcontainerit.svc
2025-01-30 18:28:35,163 INFO c.h.h.t.HelmChartContainer - [test-hivemq-platform] [hivemq] [a928bf9a] INFO  - [HiveMQ Platform Operator Init App 1.7.0-SNAPSHOT] Resolved 1 IP addresses: [10.42.0.6]
2025-01-30 18:28:35,163 INFO c.h.h.t.HelmChartContainer - [test-hivemq-platform] [hivemq] [a928bf9a] INFO  - [HiveMQ Platform Operator Init App 1.7.0-SNAPSHOT] HiveMQ node count of 1 is within threshold of 1
2025-01-30 18:28:35,163 INFO c.h.h.t.HelmChartContainer - [test-hivemq-platform] [hivemq] [a928bf9a] INFO  - [HiveMQ Platform Operator Init App 1.7.0-SNAPSHOT] Proceeding with container start
2025-01-30 18:28:35,249 INFO c.h.h.t.HelmChartContainer - [test-hivemq-platform] [hivemq] [a928bf9a] INFO  - [HiveMQ Platform Operator Init App 1.7.0-SNAPSHOT] Initializing HiveMQ Platform extensions with initial configuration: {hivemq-allow-all-extension={start-priority=-1, skip-https-hostname-verification=false, restart=true, config-version=0, header-version=0, c-uri=, priority=-1, uri=preinstalled, skip-https-certificate-validation=false, enabled=true}, hivemq-prometheus-extension={restart=true, priority=-1, start-priority=-1, c-uri=, skip-https-hostname-verification=false, skip-https-certificate-validation=false, uri=preinstalled, request-header-path=no-request-headers, enabled=true}}
2025-01-30 18:28:35,657 INFO c.h.h.t.HelmChartContainer - [test-hivemq-platform] [hivemq] [a928bf9a] INFO  - [HiveMQ Platform Operator Init App 1.7.0-SNAPSHOT] Extension hivemq-allow-all-extension was already enabled
2025-01-30 18:28:35,666 INFO c.h.h.t.HelmChartContainer - [test-hivemq-platform] [hivemq] [a928bf9a] INFO  - [HiveMQ Platform Operator Init App 1.7.0-SNAPSHOT] Successfully enabled extension hivemq-prometheus-extension
2025-01-30 18:28:35,667 INFO c.h.h.t.HelmChartContainer - [test-hivemq-platform] [hivemq] [a928bf9a] INFO  - [HiveMQ Platform Operator Init App 1.7.0-SNAPSHOT] Starting HiveMQ Platform version 4.36.0 (4.36.0)
2025-01-30 18:28:35,668 INFO c.h.h.t.HelmChartContainer - [test-hivemq-platform] [hivemq] [a928bf9a] INFO  - [HiveMQ Platform Operator Init App 1.7.0-SNAPSHOT] Configuring the HiveMQ Platform
2025-01-30 18:28:35,760 INFO c.h.h.t.HelmChartContainer - [test-hivemq-platform] [hivemq] [a928bf9a] INFO  - [HiveMQ Platform Operator Init App 1.7.0-SNAPSHOT] Changed logback.xml file scan period to 20 seconds
2025-01-30 18:28:35,854 INFO c.h.h.t.HelmChartContainer - [test-hivemq-platform] [hivemq] [a928bf9a] INFO  - [HiveMQ Platform Operator Init App 1.7.0-SNAPSHOT] Starting the HiveMQ Platform
2025-01-30 18:28:35,857 INFO c.h.h.t.HelmChartContainer - [test-hivemq-platform] [hivemq] [a928bf9a] -------------------------------------------------------------------------
2025-01-30 18:28:35,857 INFO c.h.h.t.HelmChartContainer - [test-hivemq-platform] [hivemq] [a928bf9a] 
2025-01-30 18:28:35,857 INFO c.h.h.t.HelmChartContainer - [test-hivemq-platform] [hivemq] [a928bf9a]                   _    _  _              __  __   ____
2025-01-30 18:28:35,857 INFO c.h.h.t.HelmChartContainer - [test-hivemq-platform] [hivemq] [a928bf9a]                  | |  | |(_)            |  \/  | / __ \
2025-01-30 18:28:35,857 INFO c.h.h.t.HelmChartContainer - [test-hivemq-platform] [hivemq] [a928bf9a]                  | |__| | _ __   __ ___ | \  / || |  | |
2025-01-30 18:28:35,857 INFO c.h.h.t.HelmChartContainer - [test-hivemq-platform] [hivemq] [a928bf9a]                  |  __  || |\ \ / // _ \| |\/| || |  | |
2025-01-30 18:28:35,857 INFO c.h.h.t.HelmChartContainer - [test-hivemq-platform] [hivemq] [a928bf9a]                  | |  | || | \ V /|  __/| |  | || |__| |
2025-01-30 18:28:35,857 INFO c.h.h.t.HelmChartContainer - [test-hivemq-platform] [hivemq] [a928bf9a]                  |_|  |_||_|  \_/  \___||_|  |_| \___\_\
2025-01-30 18:28:35,857 INFO c.h.h.t.HelmChartContainer - [test-hivemq-platform] [hivemq] [a928bf9a] 
2025-01-30 18:28:35,857 INFO c.h.h.t.HelmChartContainer - [test-hivemq-platform] [hivemq] [a928bf9a] -------------------------------------------------------------------------
2025-01-30 18:28:35,857 INFO c.h.h.t.HelmChartContainer - [test-hivemq-platform] [hivemq] [a928bf9a] 
2025-01-30 18:28:35,857 INFO c.h.h.t.HelmChartContainer - [test-hivemq-platform] [hivemq] [a928bf9a]   HiveMQ Start Script for Linux/Unix v1.14
2025-01-30 18:28:35,857 INFO c.h.h.t.HelmChartContainer - [test-hivemq-platform] [hivemq] [a928bf9a] 
2025-01-30 18:28:35,956 INFO c.h.h.t.HelmChartContainer - [test-hivemq-platform] [hivemq] [a928bf9a] -------------------------------------------------------------------------
2025-01-30 18:28:35,956 INFO c.h.h.t.HelmChartContainer - [test-hivemq-platform] [hivemq] [a928bf9a] 
2025-01-30 18:28:35,956 INFO c.h.h.t.HelmChartContainer - [test-hivemq-platform] [hivemq] [a928bf9a]   HIVEMQ_HOME: /opt/hivemq
2025-01-30 18:28:35,956 INFO c.h.h.t.HelmChartContainer - [test-hivemq-platform] [hivemq] [a928bf9a] 
2025-01-30 18:28:35,956 INFO c.h.h.t.HelmChartContainer - [test-hivemq-platform] [hivemq] [a928bf9a]   JAVA_OPTS: -XX:+UnlockExperimentalVMOptions -XX:InitialRAMPercentage=50 -XX:MaxRAMPercentage=50 -Djava.net.preferIPv4Stack=true --add-opens java.base/java.lang=ALL-UNNAMED --add-opens java.base/java.nio=ALL-UNNAMED --add-opens java.base/sun.nio.ch=ALL-UNNAMED --add-opens jdk.management/com.sun.management.internal=ALL-UNNAMED --add-exports java.base/jdk.internal.misc=ALL-UNNAMED -Djava.security.egd=file:/dev/./urandom -Dcom.sun.management.jmxremote -Dcom.sun.management.jmxremote.port=9010 -Dcom.sun.management.jmxremote.local.only=false -Dcom.sun.management.jmxremote.authenticate=false -Dcom.sun.management.jmxremote.ssl=false -Duser.language=en -Duser.region=US -XX:+CrashOnOutOfMemoryError -XX:+HeapDumpOnOutOfMemoryError
2025-01-30 18:28:35,956 INFO c.h.h.t.HelmChartContainer - [test-hivemq-platform] [hivemq] [a928bf9a] 
2025-01-30 18:28:35,956 INFO c.h.h.t.HelmChartContainer - [test-hivemq-platform] [hivemq] [a928bf9a]   JAVA_VERSION: 21
2025-01-30 18:28:35,956 INFO c.h.h.t.HelmChartContainer - [test-hivemq-platform] [hivemq] [a928bf9a] 
2025-01-30 18:28:35,956 INFO c.h.h.t.HelmChartContainer - [test-hivemq-platform] [hivemq] [a928bf9a] -------------------------------------------------------------------------
2025-01-30 18:28:35,956 INFO c.h.h.t.HelmChartContainer - [test-hivemq-platform] [hivemq] [a928bf9a] 
2025-01-30 18:28:37,457 INFO c.h.h.t.HelmChartContainer - [test-hivemq-platform] [hivemq] [a928bf9a] INFO  - [HiveMQ Platform Operator Init App 1.7.0-SNAPSHOT] Returning default Health API response 503 for readiness
2025-01-30 18:28:37,761 INFO c.h.h.t.HelmChartContainer - [EVENT] Warning [Unhealthy] Readiness probe failed: HTTP probe failed with statuscode: 503 [helminitcontainerit:test-hivemq-platform-0]
2025-01-30 18:28:37,761 INFO c.h.h.t.HelmChartContainer - Received Unhealthy event for container hivemq in pod test-hivemq-platform-0 [a928bf9a-7356-4665-8236-61465fe8a905]
2025-01-30 18:28:38,566 INFO c.h.h.t.HelmChartContainer - [test-hivemq-platform] [hivemq] [a928bf9a] INFO  - Starting HiveMQ Enterprise Server
2025-01-30 18:28:38,651 INFO c.h.h.t.HelmChartContainer - [test-hivemq-platform] [hivemq] [a928bf9a] INFO  - HiveMQ version: 4.36.0
2025-01-30 18:28:38,651 INFO c.h.h.t.HelmChartContainer - [test-hivemq-platform] [hivemq] [a928bf9a] INFO  - HiveMQ home directory: /opt/hivemq
2025-01-30 18:28:38,651 INFO c.h.h.t.HelmChartContainer - [test-hivemq-platform] [hivemq] [a928bf9a] INFO  - Log Configuration was overridden by /opt/hivemq/conf/logback.xml
2025-01-30 18:28:39,759 INFO c.h.h.t.HelmChartContainer - [test-hivemq-platform] [hivemq] [a928bf9a] INFO  - Successfully loaded configuration from '/opt/hivemq/conf-k8s/config.xml'.
2025-01-30 18:28:40,353 INFO c.h.h.t.HelmChartContainer - [test-hivemq-platform] [hivemq] [a928bf9a] INFO  - This node's ID is 100Mp
2025-01-30 18:28:40,353 INFO c.h.h.t.HelmChartContainer - [test-hivemq-platform] [hivemq] [a928bf9a] INFO  - Clustering is enabled
2025-01-30 18:28:41,015 INFO c.h.h.t.HelmChartContainer - [K3S] [range_allocator.go:247] "Successfully synced" key="c181d80517a6"
2025-01-30 18:28:41,527 INFO c.h.h.t.HelmChartContainer - [hivemq-test-hivemq-platform] [hivemq-platform-operator] [01c25ee7] 18:28:41.525 [pool-6-thread-11] DEBUG c.h.p.o.dependants.PodInfoConfigMap - [helminit] Desired PodInfo ConfigMap (1 extensions) (1 enabled)
2025-01-30 18:28:41,527 INFO c.h.h.t.HelmChartContainer - [hivemq-test-hivemq-platform] [hivemq-platform-operator] [01c25ee7] 18:28:41.526 [pool-6-thread-11] DEBUG c.h.p.o.dependants.PodInfoConfigMap - [helminit] Desired PodInfo ConfigMap (metrics port: 9399) (metrics path: /)
2025-01-30 18:28:41,527 INFO c.h.h.t.HelmChartContainer - [hivemq-test-hivemq-platform] [hivemq-platform-operator] [01c25ee7] 18:28:41.526 [pool-6-thread-11] DEBUG c.h.p.o.dependants.PodInfoConfigMap - [helminit] Desired PodInfo ConfigMap (extension state hash: -1817474005)
2025-01-30 18:28:41,529 INFO c.h.h.t.HelmChartContainer - [hivemq-test-hivemq-platform] [hivemq-platform-operator] [01c25ee7] 18:28:41.529 [pool-6-thread-15] DEBUG c.h.p.o.d.PlatformServiceResource - [helminit] Desired Platform services (3 services)
2025-01-30 18:28:41,530 INFO c.h.h.t.HelmChartContainer - [hivemq-test-hivemq-platform] [hivemq-platform-operator] [01c25ee7] 18:28:41.529 [pool-6-thread-11] DEBUG c.h.p.o.d.PodServiceAccountResource - [helminit] Desired PodServiceAccountResource (serviceAccountName: hivemq-platform-pod-test-hivemq-platform)
2025-01-30 18:28:41,535 INFO c.h.h.t.HelmChartContainer - [hivemq-test-hivemq-platform] [hivemq-platform-operator] [01c25ee7] 18:28:41.534 [pool-6-thread-15] DEBUG c.h.p.o.d.StatefulSetResource - [helminit] Desired StatefulSet (1 replicas) for status STARTING (READY)
2025-01-30 18:28:41,539 INFO c.h.h.t.HelmChartContainer - [hivemq-test-hivemq-platform] [hivemq-platform-operator] [01c25ee7] 18:28:41.539 [ReconcilerExecutor-hivemq-controller-110] INFO  c.h.p.o.HiveMQPlatformReconciler - [helminit] Reconciling HiveMQ Platform 'test-hivemq-platform' in namespace 'helminitcontainerit'
2025-01-30 18:28:41,540 INFO c.h.h.t.HelmChartContainer - [hivemq-test-hivemq-platform] [hivemq-platform-operator] [01c25ee7] 18:28:41.539 [ReconcilerExecutor-hivemq-controller-110] DEBUG c.h.p.o.HiveMQPlatformReconciler - [helminit] Custom Resource Status STARTING - HiveMQ Platform is starting (READY)
2025-01-30 18:28:41,541 INFO c.h.h.t.HelmChartContainer - [hivemq-test-hivemq-platform] [hivemq-platform-operator] [01c25ee7] 18:28:41.539 [ReconcilerExecutor-hivemq-controller-110] DEBUG c.h.p.o.HiveMQPlatformReconciler - [helminit] Custom Resource Spec (replicas: 1) (extensions: 1)
2025-01-30 18:28:41,542 INFO c.h.h.t.HelmChartContainer - [hivemq-test-hivemq-platform] [hivemq-platform-operator] [01c25ee7] 18:28:41.540 [ReconcilerExecutor-hivemq-controller-110] DEBUG c.h.p.o.HiveMQPlatformReconciler - [helminit] StatefulSet Status (revision: test-hivemq-platform-74977b996d, replicas: 1, available: 0, ready: 0, current: 1, updated: 1)
2025-01-30 18:28:41,542 INFO c.h.h.t.HelmChartContainer - [hivemq-test-hivemq-platform] [hivemq-platform-operator] [01c25ee7] 18:28:41.540 [ReconcilerExecutor-hivemq-controller-110] DEBUG c.h.p.o.HiveMQPlatformReconciler - [helminit] StatefulSet Spec (replicas: 1, init containers: 2, containers: 1, volumes: 5)
2025-01-30 18:28:41,615 INFO c.h.h.t.HelmChartContainer - [hivemq-test-hivemq-platform] [hivemq-platform-operator] [01c25ee7] 18:28:41.613 [ReconcilerExecutor-hivemq-controller-110] DEBUG c.h.p.o.h.HiveMQPlatformReconcilerErrorHandler - [helminit] Pod 'test-hivemq-platform-0' phase Running
2025-01-30 18:28:41,616 INFO c.h.h.t.HelmChartContainer - [hivemq-test-hivemq-platform] [hivemq-platform-operator] [01c25ee7] 18:28:41.614 [ReconcilerExecutor-hivemq-controller-110] INFO  c.h.p.o.h.HiveMQPlatformReconcilerBaseHandler - [helminit] HiveMQ Platform is starting, 0 of 1 replicas are ready
2025-01-30 18:28:42,751 INFO c.h.h.t.HelmChartContainer - [test-hivemq-platform] [hivemq] [a928bf9a] WARN  - [HiveMQ Platform Operator Init App 1.7.0-SNAPSHOT] Cannot connect to Health API for readiness: null
2025-01-30 18:28:42,756 INFO c.h.h.t.HelmChartContainer - [EVENT] Warning [Unhealthy] Readiness probe failed: HTTP probe failed with statuscode: 503 [helminitcontainerit:test-hivemq-platform-0]
2025-01-30 18:28:42,757 INFO c.h.h.t.HelmChartContainer - Received Unhealthy event for container hivemq in pod test-hivemq-platform-0 [a928bf9a-7356-4665-8236-61465fe8a905]
2025-01-30 18:28:45,257 INFO c.h.h.t.HelmChartContainer - [test-hivemq-platform] [hivemq] [a928bf9a] Jan 30, 2025 6:28:45 PM io.vertx.core.impl.BlockedThreadChecker
2025-01-30 18:28:45,257 INFO c.h.h.t.HelmChartContainer - [test-hivemq-platform] [hivemq] [a928bf9a] WARNING: Thread Thread[vert.x-eventloop-thread-1,5,main] has been blocked for 2198 ms, time limit is 2000 ms
2025-01-30 18:28:46,150 INFO c.h.h.t.HelmChartContainer - [test-hivemq-platform] [hivemq] [a928bf9a] INFO  - [HiveMQ Platform Operator Init App 1.7.0-SNAPSHOT] Updating Pod HiveMQ Platform Operator Init App version annotation (version: 1.7.0-SNAPSHOT)
2025-01-30 18:28:46,778 INFO c.h.h.t.HelmChartContainer - [POD] test-hivemq-platform-0 [a928bf9a-7356-4665-8236-61465fe8a905] in helminitcontainerit was MODIFIED
2025-01-30 18:28:46,780 INFO c.h.h.t.HelmChartContainer - [hivemq-test-hivemq-platform] [hivemq-platform-operator] [01c25ee7] 18:28:46.777 [pool-6-thread-23] DEBUG c.h.p.o.dependants.PodInfoConfigMap - [helminit] Desired PodInfo ConfigMap (1 extensions) (1 enabled)
2025-01-30 18:28:46,784 INFO c.h.h.t.HelmChartContainer - [hivemq-test-hivemq-platform] [hivemq-platform-operator] [01c25ee7] 18:28:46.783 [pool-6-thread-23] DEBUG c.h.p.o.dependants.PodInfoConfigMap - [helminit] Desired PodInfo ConfigMap (metrics port: 9399) (metrics path: /)
2025-01-30 18:28:46,785 INFO c.h.h.t.HelmChartContainer - [hivemq-test-hivemq-platform] [hivemq-platform-operator] [01c25ee7] 18:28:46.783 [pool-6-thread-23] DEBUG c.h.p.o.dependants.PodInfoConfigMap - [helminit] Desired PodInfo ConfigMap (extension state hash: -1817474005)
2025-01-30 18:28:46,785 INFO c.h.h.t.HelmChartContainer - [hivemq-test-hivemq-platform] [hivemq-platform-operator] [01c25ee7] 18:28:46.781 [pool-6-thread-27] DEBUG c.h.p.o.d.PlatformServiceResource - [helminit] Desired Platform services (3 services)
2025-01-30 18:28:46,792 INFO c.h.h.t.HelmChartContainer - [hivemq-test-hivemq-platform] [hivemq-platform-operator] [01c25ee7] 18:28:46.782 [pool-6-thread-26] DEBUG c.h.p.o.d.PodServiceAccountResource - [helminit] Desired PodServiceAccountResource (serviceAccountName: hivemq-platform-pod-test-hivemq-platform)
2025-01-30 18:28:46,793 INFO c.h.h.t.HelmChartContainer - [hivemq-test-hivemq-platform] [hivemq-platform-operator] [01c25ee7] 18:28:46.791 [pool-6-thread-24] DEBUG c.h.p.o.d.StatefulSetResource - [helminit] Desired StatefulSet (1 replicas) for status STARTING (READY)
2025-01-30 18:28:46,853 INFO c.h.h.t.HelmChartContainer - [test-hivemq-platform] [hivemq] [a928bf9a] WARN  - [HiveMQ Platform Operator Init App 1.7.0-SNAPSHOT] Cannot connect to Health API for readiness: null
2025-01-30 18:28:46,858 INFO c.h.h.t.HelmChartContainer - [EVENT] Warning [Unhealthy] Readiness probe failed: HTTP probe failed with statuscode: 503 [helminitcontainerit:test-hivemq-platform-0]
2025-01-30 18:28:46,858 INFO c.h.h.t.HelmChartContainer - Received Unhealthy event for container hivemq in pod test-hivemq-platform-0 [a928bf9a-7356-4665-8236-61465fe8a905]
2025-01-30 18:28:46,877 INFO c.h.h.t.HelmChartContainer - [hivemq-test-hivemq-platform] [hivemq-platform-operator] [01c25ee7] 18:28:46.876 [ReconcilerExecutor-hivemq-controller-111] INFO  c.h.p.o.HiveMQPlatformReconciler - [helminit] Reconciling HiveMQ Platform 'test-hivemq-platform' in namespace 'helminitcontainerit'
2025-01-30 18:28:46,878 INFO c.h.h.t.HelmChartContainer - [hivemq-test-hivemq-platform] [hivemq-platform-operator] [01c25ee7] 18:28:46.876 [ReconcilerExecutor-hivemq-controller-111] DEBUG c.h.p.o.HiveMQPlatformReconciler - [helminit] Custom Resource Status STARTING - HiveMQ Platform is starting (READY)
2025-01-30 18:28:46,878 INFO c.h.h.t.HelmChartContainer - [hivemq-test-hivemq-platform] [hivemq-platform-operator] [01c25ee7] 18:28:46.876 [ReconcilerExecutor-hivemq-controller-111] DEBUG c.h.p.o.HiveMQPlatformReconciler - [helminit] Custom Resource Spec (replicas: 1) (extensions: 1)
2025-01-30 18:28:46,881 INFO c.h.h.t.HelmChartContainer - [hivemq-test-hivemq-platform] [hivemq-platform-operator] [01c25ee7] 18:28:46.878 [ReconcilerExecutor-hivemq-controller-111] DEBUG c.h.p.o.HiveMQPlatformReconciler - [helminit] StatefulSet Status (revision: test-hivemq-platform-74977b996d, replicas: 1, available: 0, ready: 0, current: 1, updated: 1)
2025-01-30 18:28:46,882 INFO c.h.h.t.HelmChartContainer - [hivemq-test-hivemq-platform] [hivemq-platform-operator] [01c25ee7] 18:28:46.878 [ReconcilerExecutor-hivemq-controller-111] DEBUG c.h.p.o.HiveMQPlatformReconciler - [helminit] StatefulSet Spec (replicas: 1, init containers: 2, containers: 1, volumes: 5)
2025-01-30 18:28:46,882 INFO c.h.h.t.HelmChartContainer - [hivemq-test-hivemq-platform] [hivemq-platform-operator] [01c25ee7] 18:28:46.880 [ReconcilerExecutor-hivemq-controller-111] DEBUG c.h.p.o.h.HiveMQPlatformReconcilerErrorHandler - [helminit] Pod 'test-hivemq-platform-0' phase Running
2025-01-30 18:28:46,882 INFO c.h.h.t.HelmChartContainer - [hivemq-test-hivemq-platform] [hivemq-platform-operator] [01c25ee7] 18:28:46.880 [ReconcilerExecutor-hivemq-controller-111] INFO  c.h.p.o.h.HiveMQPlatformReconcilerBaseHandler - [helminit] HiveMQ Platform is starting, 0 of 1 replicas are ready
2025-01-30 18:28:46,950 INFO c.h.h.t.HelmChartContainer - [test-hivemq-platform] [hivemq] [a928bf9a] INFO  - [HiveMQ Platform Operator Init App 1.7.0-SNAPSHOT] Successfully updated Pod HiveMQ Platform Operator Init App version annotation (version: 1.7.0-SNAPSHOT)
2025-01-30 18:28:51,852 INFO c.h.h.t.HelmChartContainer - [test-hivemq-platform] [hivemq] [a928bf9a] WARN  - [HiveMQ Platform Operator Init App 1.7.0-SNAPSHOT] Cannot connect to Health API for readiness: null
2025-01-30 18:28:51,855 INFO c.h.h.t.HelmChartContainer - [EVENT] Warning [Unhealthy] Readiness probe failed: HTTP probe failed with statuscode: 503 [helminitcontainerit:test-hivemq-platform-0]
2025-01-30 18:28:51,855 INFO c.h.h.t.HelmChartContainer - Received Unhealthy event for container hivemq in pod test-hivemq-platform-0 [a928bf9a-7356-4665-8236-61465fe8a905]
2025-01-30 18:28:56,773 INFO c.h.h.t.HelmChartContainer - [test-hivemq-platform] [hivemq] [a928bf9a] WARN  - [HiveMQ Platform Operator Init App 1.7.0-SNAPSHOT] Cannot connect to Health API for readiness: null
2025-01-30 18:28:56,777 INFO c.h.h.t.HelmChartContainer - [EVENT] Warning [Unhealthy] Readiness probe failed: HTTP probe failed with statuscode: 503 [helminitcontainerit:test-hivemq-platform-0]
2025-01-30 18:28:56,777 INFO c.h.h.t.HelmChartContainer - Received Unhealthy event for container hivemq in pod test-hivemq-platform-0 [a928bf9a-7356-4665-8236-61465fe8a905]
2025-01-30 18:28:56,860 INFO c.h.h.t.HelmChartContainer - [test-hivemq-platform] [hivemq] [a928bf9a] WARN  - License file license.lic is corrupt.
2025-01-30 18:28:56,862 INFO c.h.h.t.HelmChartContainer - [test-hivemq-platform] [hivemq] [a928bf9a] INFO  - No valid license file found. Using trial license, restricted to 25 connections.
2025-01-30 18:28:56,888 INFO c.h.h.t.HelmChartContainer - [hivemq-test-hivemq-platform] [hivemq-platform-operator] [01c25ee7] 18:28:56.886 [pool-6-thread-37] DEBUG c.h.p.o.d.PlatformServiceResource - [helminit] Desired Platform services (3 services)
2025-01-30 18:28:56,891 INFO c.h.h.t.HelmChartContainer - [hivemq-test-hivemq-platform] [hivemq-platform-operator] [01c25ee7] 18:28:56.888 [pool-6-thread-36] DEBUG c.h.p.o.dependants.PodInfoConfigMap - [helminit] Desired PodInfo ConfigMap (1 extensions) (1 enabled)
2025-01-30 18:28:56,891 INFO c.h.h.t.HelmChartContainer - [hivemq-test-hivemq-platform] [hivemq-platform-operator] [01c25ee7] 18:28:56.888 [pool-6-thread-36] DEBUG c.h.p.o.dependants.PodInfoConfigMap - [helminit] Desired PodInfo ConfigMap (metrics port: 9399) (metrics path: /)
2025-01-30 18:28:56,891 INFO c.h.h.t.HelmChartContainer - [hivemq-test-hivemq-platform] [hivemq-platform-operator] [01c25ee7] 18:28:56.888 [pool-6-thread-36] DEBUG c.h.p.o.dependants.PodInfoConfigMap - [helminit] Desired PodInfo ConfigMap (extension state hash: -1817474005)
2025-01-30 18:28:56,891 INFO c.h.h.t.HelmChartContainer - [hivemq-test-hivemq-platform] [hivemq-platform-operator] [01c25ee7] 18:28:56.889 [pool-6-thread-35] DEBUG c.h.p.o.d.PodServiceAccountResource - [helminit] Desired PodServiceAccountResource (serviceAccountName: hivemq-platform-pod-test-hivemq-platform)
2025-01-30 18:28:56,900 INFO c.h.h.t.HelmChartContainer - [hivemq-test-hivemq-platform] [hivemq-platform-operator] [01c25ee7] 18:28:56.895 [pool-6-thread-37] DEBUG c.h.p.o.d.StatefulSetResource - [helminit] Desired StatefulSet (1 replicas) for status STARTING (READY)
2025-01-30 18:28:56,902 INFO c.h.h.t.HelmChartContainer - [hivemq-test-hivemq-platform] [hivemq-platform-operator] [01c25ee7] 18:28:56.901 [ReconcilerExecutor-hivemq-controller-112] INFO  c.h.p.o.HiveMQPlatformReconciler - [helminit] Reconciling HiveMQ Platform 'test-hivemq-platform' in namespace 'helminitcontainerit'
2025-01-30 18:28:56,903 INFO c.h.h.t.HelmChartContainer - [hivemq-test-hivemq-platform] [hivemq-platform-operator] [01c25ee7] 18:28:56.901 [ReconcilerExecutor-hivemq-controller-112] DEBUG c.h.p.o.HiveMQPlatformReconciler - [helminit] Custom Resource Status STARTING - HiveMQ Platform is starting (READY)
2025-01-30 18:28:56,903 INFO c.h.h.t.HelmChartContainer - [hivemq-test-hivemq-platform] [hivemq-platform-operator] [01c25ee7] 18:28:56.901 [ReconcilerExecutor-hivemq-controller-112] DEBUG c.h.p.o.HiveMQPlatformReconciler - [helminit] Custom Resource Spec (replicas: 1) (extensions: 1)
2025-01-30 18:28:56,905 INFO c.h.h.t.HelmChartContainer - [hivemq-test-hivemq-platform] [hivemq-platform-operator] [01c25ee7] 18:28:56.903 [ReconcilerExecutor-hivemq-controller-112] DEBUG c.h.p.o.HiveMQPlatformReconciler - [helminit] StatefulSet Status (revision: test-hivemq-platform-74977b996d, replicas: 1, available: 0, ready: 0, current: 1, updated: 1)
2025-01-30 18:28:56,905 INFO c.h.h.t.HelmChartContainer - [hivemq-test-hivemq-platform] [hivemq-platform-operator] [01c25ee7] 18:28:56.903 [ReconcilerExecutor-hivemq-controller-112] DEBUG c.h.p.o.HiveMQPlatformReconciler - [helminit] StatefulSet Spec (replicas: 1, init containers: 2, containers: 1, volumes: 5)
2025-01-30 18:28:56,906 INFO c.h.h.t.HelmChartContainer - [hivemq-test-hivemq-platform] [hivemq-platform-operator] [01c25ee7] 18:28:56.904 [ReconcilerExecutor-hivemq-controller-112] DEBUG c.h.p.o.h.HiveMQPlatformReconcilerErrorHandler - [helminit] Pod 'test-hivemq-platform-0' phase Running
2025-01-30 18:28:56,906 INFO c.h.h.t.HelmChartContainer - [hivemq-test-hivemq-platform] [hivemq-platform-operator] [01c25ee7] 18:28:56.906 [ReconcilerExecutor-hivemq-controller-112] INFO  c.h.p.o.h.HiveMQPlatformReconcilerBaseHandler - [helminit] HiveMQ Platform is starting, 0 of 1 replicas are ready
2025-01-30 18:28:57,752 INFO c.h.h.t.HelmChartContainer - [test-hivemq-platform] [hivemq] [a928bf9a] WARN  - [HiveMQ Platform Operator Init App 1.7.0-SNAPSHOT] Cannot connect to Health API for liveness: null
2025-01-30 18:28:57,754 INFO c.h.h.t.HelmChartContainer - [test-hivemq-platform] [hivemq] [a928bf9a] INFO  - [HiveMQ Platform Operator Init App 1.7.0-SNAPSHOT] Returning default Health API response 200 for liveness
2025-01-30 18:29:00,159 INFO c.h.h.t.HelmChartContainer - [test-hivemq-platform] [hivemq] [a928bf9a] INFO  - No valid license file for Data Hub found. Using free license, restricted to 1 policy.
2025-01-30 18:29:01,261 INFO c.h.h.t.HelmChartContainer - [test-hivemq-platform] [hivemq] [a928bf9a] INFO  - Audit Logger started.
2025-01-30 18:29:01,572 INFO c.h.h.t.HelmChartContainer - [test-hivemq-platform] [hivemq] [a928bf9a] INFO  - This node uses '1' CPU cores.
2025-01-30 18:29:01,577 INFO c.h.h.t.HelmChartContainer - [test-hivemq-platform] [hivemq] [a928bf9a] INFO  - Starting HiveMQ Health API on address 0.0.0.0 and port 8889
2025-01-30 18:29:01,853 INFO c.h.h.t.HelmChartContainer - [test-hivemq-platform] [hivemq] [a928bf9a] WARN  - [HiveMQ Platform Operator Init App 1.7.0-SNAPSHOT] Cannot connect to Health API for readiness: null
2025-01-30 18:29:01,858 INFO c.h.h.t.HelmChartContainer - [EVENT] Warning [Unhealthy] Readiness probe failed: HTTP probe failed with statuscode: 503 [helminitcontainerit:test-hivemq-platform-0]
2025-01-30 18:29:01,858 INFO c.h.h.t.HelmChartContainer - Received Unhealthy event for container hivemq in pod test-hivemq-platform-0 [a928bf9a-7356-4665-8236-61465fe8a905]
2025-01-30 18:29:02,464 INFO c.h.h.t.HelmChartContainer - [test-hivemq-platform] [hivemq] [a928bf9a] INFO  - Started HiveMQ Health API in 886ms
2025-01-30 18:29:02,976 INFO c.h.h.t.HelmChartContainer - [test-hivemq-platform] [hivemq] [a928bf9a] INFO  - Starting HiveMQ extension system.
2025-01-30 18:29:03,253 INFO c.h.h.t.HelmChartContainer - [test-hivemq-platform] [hivemq] [a928bf9a] INFO  - Starting extension with id "hivemq-dns-cluster-discovery" at /opt/hivemq/extensions/hivemq-dns-cluster-discovery
2025-01-30 18:29:03,750 INFO c.h.h.t.HelmChartContainer - [test-hivemq-platform] [hivemq] [a928bf9a] INFO  - Using TCP cluster transport on address 10.42.0.6 and port 7000
2025-01-30 18:29:03,755 INFO c.h.h.t.HelmChartContainer - [test-hivemq-platform] [hivemq] [a928bf9a] INFO  - Using extension cluster discovery
2025-01-30 18:29:03,764 INFO c.h.h.t.HelmChartContainer - [test-hivemq-platform] [hivemq] [a928bf9a] INFO  - Extension "DNS Cluster Discovery Extension" version 4.3.2 started successfully.
2025-01-30 18:29:03,764 INFO c.h.h.t.HelmChartContainer - [test-hivemq-platform] [hivemq] [a928bf9a] INFO  - Starting extension with id "hivemq-prometheus-extension" at /opt/hivemq/extensions/hivemq-prometheus-extension
2025-01-30 18:29:04,852 INFO c.h.h.t.HelmChartContainer - [test-hivemq-platform] [hivemq] [a928bf9a] INFO  - Started Jetty Server exposing Prometheus Servlet on URI http://0.0.0.0:9399/
2025-01-30 18:29:04,853 INFO c.h.h.t.HelmChartContainer - [test-hivemq-platform] [hivemq] [a928bf9a] INFO  - Extension "Prometheus Monitoring Extension" version 4.0.12 started successfully.
2025-01-30 18:29:04,853 INFO c.h.h.t.HelmChartContainer - [test-hivemq-platform] [hivemq] [a928bf9a] INFO  - Starting extension with id "hivemq-allow-all-extension" at /opt/hivemq/extensions/hivemq-allow-all-extension
2025-01-30 18:29:04,853 INFO c.h.h.t.HelmChartContainer - [test-hivemq-platform] [hivemq] [a928bf9a] WARN  - 
2025-01-30 18:29:04,853 INFO c.h.h.t.HelmChartContainer - [test-hivemq-platform] [hivemq] [a928bf9a] ################################################################################################################
2025-01-30 18:29:04,853 INFO c.h.h.t.HelmChartContainer - [test-hivemq-platform] [hivemq] [a928bf9a] # This HiveMQ deployment is not secure! You are lacking Authentication and Authorization.                      #
2025-01-30 18:29:04,853 INFO c.h.h.t.HelmChartContainer - [test-hivemq-platform] [hivemq] [a928bf9a] # Right now any MQTT client can connect to the broker with a full set of permissions.                          #
2025-01-30 18:29:04,853 INFO c.h.h.t.HelmChartContainer - [test-hivemq-platform] [hivemq] [a928bf9a] # For production usage, add an appropriate security extension and remove the hivemq-allow-all extension.       #
2025-01-30 18:29:04,853 INFO c.h.h.t.HelmChartContainer - [test-hivemq-platform] [hivemq] [a928bf9a] # You can download security extensions from the HiveMQ Marketplace (https://www.hivemq.com/extensions/).       #
2025-01-30 18:29:04,853 INFO c.h.h.t.HelmChartContainer - [test-hivemq-platform] [hivemq] [a928bf9a] ################################################################################################################
2025-01-30 18:29:04,853 INFO c.h.h.t.HelmChartContainer - [test-hivemq-platform] [hivemq] [a928bf9a] INFO  - Extension "Allow All Extension" version 1.1.1 started successfully.
2025-01-30 18:29:06,658 INFO c.h.h.t.HelmChartContainer - [test-hivemq-platform] [hivemq] [a928bf9a] INFO  - 100Mp: no members discovered after 2406 ms: creating cluster as first member
2025-01-30 18:29:06,663 INFO c.h.h.t.HelmChartContainer - [test-hivemq-platform] [hivemq] [a928bf9a] INFO  - Cluster nodes found by discovery: [100Mp|0] (1) [100Mp].
2025-01-30 18:29:06,750 INFO c.h.h.t.HelmChartContainer - [test-hivemq-platform] [hivemq] [a928bf9a] WARN  - No user for HiveMQ Control Center configured. Starting with default user
2025-01-30 18:29:06,751 INFO c.h.h.t.HelmChartContainer - [test-hivemq-platform] [hivemq] [a928bf9a] INFO  - Starting HiveMQ Control Center on address 0.0.0.0 and port 8080
2025-01-30 18:29:06,763 INFO c.h.h.t.HelmChartContainer - [test-hivemq-platform] [hivemq] [a928bf9a] INFO  - Mounting HiveMQ Control Center V2 Preview
2025-01-30 18:29:06,914 INFO c.h.h.t.HelmChartContainer - [hivemq-test-hivemq-platform] [hivemq-platform-operator] [01c25ee7] 18:29:06.910 [pool-6-thread-44] DEBUG c.h.p.o.d.PodServiceAccountResource - [helminit] Desired PodServiceAccountResource (serviceAccountName: hivemq-platform-pod-test-hivemq-platform)
2025-01-30 18:29:06,914 INFO c.h.h.t.HelmChartContainer - [hivemq-test-hivemq-platform] [hivemq-platform-operator] [01c25ee7] 18:29:06.910 [pool-6-thread-41] DEBUG c.h.p.o.dependants.PodInfoConfigMap - [helminit] Desired PodInfo ConfigMap (1 extensions) (1 enabled)
2025-01-30 18:29:06,914 INFO c.h.h.t.HelmChartContainer - [hivemq-test-hivemq-platform] [hivemq-platform-operator] [01c25ee7] 18:29:06.910 [pool-6-thread-41] DEBUG c.h.p.o.dependants.PodInfoConfigMap - [helminit] Desired PodInfo ConfigMap (metrics port: 9399) (metrics path: /)
2025-01-30 18:29:06,914 INFO c.h.h.t.HelmChartContainer - [hivemq-test-hivemq-platform] [hivemq-platform-operator] [01c25ee7] 18:29:06.910 [pool-6-thread-41] DEBUG c.h.p.o.dependants.PodInfoConfigMap - [helminit] Desired PodInfo ConfigMap (extension state hash: -1817474005)
2025-01-30 18:29:06,914 INFO c.h.h.t.HelmChartContainer - [hivemq-test-hivemq-platform] [hivemq-platform-operator] [01c25ee7] 18:29:06.910 [pool-6-thread-47] DEBUG c.h.p.o.d.PlatformServiceResource - [helminit] Desired Platform services (3 services)
2025-01-30 18:29:06,917 INFO c.h.h.t.HelmChartContainer - [hivemq-test-hivemq-platform] [hivemq-platform-operator] [01c25ee7] 18:29:06.915 [pool-6-thread-47] DEBUG c.h.p.o.d.StatefulSetResource - [helminit] Desired StatefulSet (1 replicas) for status STARTING (READY)
2025-01-30 18:29:06,920 INFO c.h.h.t.HelmChartContainer - [hivemq-test-hivemq-platform] [hivemq-platform-operator] [01c25ee7] 18:29:06.919 [ReconcilerExecutor-hivemq-controller-113] INFO  c.h.p.o.HiveMQPlatformReconciler - [helminit] Reconciling HiveMQ Platform 'test-hivemq-platform' in namespace 'helminitcontainerit'
2025-01-30 18:29:06,920 INFO c.h.h.t.HelmChartContainer - [hivemq-test-hivemq-platform] [hivemq-platform-operator] [01c25ee7] 18:29:06.919 [ReconcilerExecutor-hivemq-controller-113] DEBUG c.h.p.o.HiveMQPlatformReconciler - [helminit] Custom Resource Status STARTING - HiveMQ Platform is starting (READY)
2025-01-30 18:29:06,920 INFO c.h.h.t.HelmChartContainer - [hivemq-test-hivemq-platform] [hivemq-platform-operator] [01c25ee7] 18:29:06.919 [ReconcilerExecutor-hivemq-controller-113] DEBUG c.h.p.o.HiveMQPlatformReconciler - [helminit] Custom Resource Spec (replicas: 1) (extensions: 1)
2025-01-30 18:29:06,921 INFO c.h.h.t.HelmChartContainer - [hivemq-test-hivemq-platform] [hivemq-platform-operator] [01c25ee7] 18:29:06.921 [ReconcilerExecutor-hivemq-controller-113] DEBUG c.h.p.o.HiveMQPlatformReconciler - [helminit] StatefulSet Status (revision: test-hivemq-platform-74977b996d, replicas: 1, available: 0, ready: 0, current: 1, updated: 1)
2025-01-30 18:29:06,922 INFO c.h.h.t.HelmChartContainer - [hivemq-test-hivemq-platform] [hivemq-platform-operator] [01c25ee7] 18:29:06.921 [ReconcilerExecutor-hivemq-controller-113] DEBUG c.h.p.o.HiveMQPlatformReconciler - [helminit] StatefulSet Spec (replicas: 1, init containers: 2, containers: 1, volumes: 5)
2025-01-30 18:29:06,923 INFO c.h.h.t.HelmChartContainer - [hivemq-test-hivemq-platform] [hivemq-platform-operator] [01c25ee7] 18:29:06.922 [ReconcilerExecutor-hivemq-controller-113] DEBUG c.h.p.o.h.HiveMQPlatformReconcilerErrorHandler - [helminit] Pod 'test-hivemq-platform-0' phase Running
2025-01-30 18:29:06,924 INFO c.h.h.t.HelmChartContainer - [hivemq-test-hivemq-platform] [hivemq-platform-operator] [01c25ee7] 18:29:06.923 [ReconcilerExecutor-hivemq-controller-113] INFO  c.h.p.o.h.HiveMQPlatformReconcilerBaseHandler - [helminit] HiveMQ Platform is starting, 0 of 1 replicas are ready
2025-01-30 18:29:07,753 INFO c.h.h.t.HelmChartContainer - [test-hivemq-platform] [hivemq] [a928bf9a] INFO  - [HiveMQ Platform Operator Init App 1.7.0-SNAPSHOT] Returning Health API response 503 for readiness
2025-01-30 18:29:07,760 INFO c.h.h.t.HelmChartContainer - [EVENT] Warning [Unhealthy] Readiness probe failed: HTTP probe failed with statuscode: 503 [helminitcontainerit:test-hivemq-platform-0]
2025-01-30 18:29:07,760 INFO c.h.h.t.HelmChartContainer - Received Unhealthy event for container hivemq in pod test-hivemq-platform-0 [a928bf9a-7356-4665-8236-61465fe8a905]
2025-01-30 18:29:08,051 INFO c.h.h.t.HelmChartContainer - [test-hivemq-platform] [hivemq] [a928bf9a] INFO  - Started HiveMQ Control Center in 1301ms
2025-01-30 18:29:08,166 INFO c.h.h.t.HelmChartContainer - [test-hivemq-platform] [hivemq] [a928bf9a] INFO  - Starting TCP listener on address 0.0.0.0 and port 1883
2025-01-30 18:29:08,254 INFO c.h.h.t.HelmChartContainer - [test-hivemq-platform] [hivemq] [a928bf9a] INFO  - Started TCP Listener on address 0.0.0.0 and on port 1883.
2025-01-30 18:29:08,256 INFO c.h.h.t.HelmChartContainer - [test-hivemq-platform] [hivemq] [a928bf9a] INFO  - Started HiveMQ in 29996ms
2025-01-30 18:29:11,775 INFO c.h.h.t.HelmChartContainer - [test-hivemq-platform] [hivemq] [a928bf9a] INFO  - [HiveMQ Platform Operator Init App 1.7.0-SNAPSHOT] Returning Health API response 200 for readiness
2025-01-30 18:29:11,791 INFO c.h.h.t.HelmChartContainer - [POD] test-hivemq-platform-0 [a928bf9a-7356-4665-8236-61465fe8a905] in helminitcontainerit was MODIFIED
2025-01-30 18:29:11,800 INFO c.h.h.t.HelmChartContainer - [hivemq-test-hivemq-platform] [hivemq-platform-operator] [01c25ee7] 18:29:11.795 [pool-6-thread-10] DEBUG c.h.p.o.d.PlatformServiceResource - [helminit] Desired Platform services (3 services)
2025-01-30 18:29:11,803 INFO c.h.h.t.HelmChartContainer - [hivemq-test-hivemq-platform] [hivemq-platform-operator] [01c25ee7] 18:29:11.800 [pool-6-thread-4] DEBUG c.h.p.o.dependants.PodInfoConfigMap - [helminit] Desired PodInfo ConfigMap (1 extensions) (1 enabled)
2025-01-30 18:29:11,806 INFO c.h.h.t.HelmChartContainer - [hivemq-test-hivemq-platform] [hivemq-platform-operator] [01c25ee7] 18:29:11.804 [pool-6-thread-4] DEBUG c.h.p.o.dependants.PodInfoConfigMap - [helminit] Desired PodInfo ConfigMap (metrics port: 9399) (metrics path: /)
2025-01-30 18:29:11,806 INFO c.h.h.t.HelmChartContainer - [hivemq-test-hivemq-platform] [hivemq-platform-operator] [01c25ee7] 18:29:11.804 [pool-6-thread-4] DEBUG c.h.p.o.dependants.PodInfoConfigMap - [helminit] Desired PodInfo ConfigMap (extension state hash: -1817474005)
2025-01-30 18:29:11,808 INFO c.h.h.t.HelmChartContainer - [hivemq-test-hivemq-platform] [hivemq-platform-operator] [01c25ee7] 18:29:11.801 [pool-6-thread-10] DEBUG c.h.p.o.d.PodServiceAccountResource - [helminit] Desired PodServiceAccountResource (serviceAccountName: hivemq-platform-pod-test-hivemq-platform)
2025-01-30 18:29:11,811 INFO c.h.h.t.HelmChartContainer - [hivemq-test-hivemq-platform] [hivemq-platform-operator] [01c25ee7] 18:29:11.809 [pool-6-thread-4] DEBUG c.h.p.o.d.StatefulSetResource - [helminit] Desired StatefulSet (1 replicas) for status STARTING (READY)
2025-01-30 18:29:11,874 INFO c.h.h.t.HelmChartContainer - [hivemq-test-hivemq-platform] [hivemq-platform-operator] [01c25ee7] 18:29:11.872 [ReconcilerExecutor-hivemq-controller-114] INFO  c.h.p.o.HiveMQPlatformReconciler - [helminit] Reconciling HiveMQ Platform 'test-hivemq-platform' in namespace 'helminitcontainerit'
2025-01-30 18:29:11,874 INFO c.h.h.t.HelmChartContainer - [hivemq-test-hivemq-platform] [hivemq-platform-operator] [01c25ee7] 18:29:11.873 [ReconcilerExecutor-hivemq-controller-114] DEBUG c.h.p.o.HiveMQPlatformReconciler - [helminit] Custom Resource Status STARTING - HiveMQ Platform is starting (READY)
2025-01-30 18:29:11,874 INFO c.h.h.t.HelmChartContainer - [hivemq-test-hivemq-platform] [hivemq-platform-operator] [01c25ee7] 18:29:11.873 [ReconcilerExecutor-hivemq-controller-114] DEBUG c.h.p.o.HiveMQPlatformReconciler - [helminit] Custom Resource Spec (replicas: 1) (extensions: 1)
2025-01-30 18:29:11,878 INFO c.h.h.t.HelmChartContainer - [hivemq-test-hivemq-platform] [hivemq-platform-operator] [01c25ee7] 18:29:11.875 [ReconcilerExecutor-hivemq-controller-114] DEBUG c.h.p.o.HiveMQPlatformReconciler - [helminit] StatefulSet Status (revision: test-hivemq-platform-74977b996d, replicas: 1, available: 1, ready: 1, current: 1, updated: 1)
2025-01-30 18:29:11,878 INFO c.h.h.t.HelmChartContainer - [hivemq-test-hivemq-platform] [hivemq-platform-operator] [01c25ee7] 18:29:11.875 [ReconcilerExecutor-hivemq-controller-114] DEBUG c.h.p.o.HiveMQPlatformReconciler - [helminit] StatefulSet Spec (replicas: 1, init containers: 2, containers: 1, volumes: 5)
2025-01-30 18:29:11,879 INFO c.h.h.t.HelmChartContainer - [hivemq-test-hivemq-platform] [hivemq-platform-operator] [01c25ee7] 18:29:11.876 [ReconcilerExecutor-hivemq-controller-114] DEBUG c.h.p.o.h.HiveMQPlatformReconcilerErrorHandler - [helminit] Pod 'test-hivemq-platform-0' phase Running
2025-01-30 18:29:11,879 INFO c.h.h.t.HelmChartContainer - [hivemq-test-hivemq-platform] [hivemq-platform-operator] [01c25ee7] 18:29:11.877 [ReconcilerExecutor-hivemq-controller-114] INFO  c.h.p.o.h.HiveMQPlatformReconcilerBaseHandler - [helminit] HiveMQ Platform started successfully
2025-01-30 18:29:11,974 INFO c.h.h.t.HelmChartContainer - [hivemq-test-hivemq-platform] [hivemq-platform-operator] [01c25ee7] 18:29:11.973 [ReconcilerExecutor-hivemq-controller-114] DEBUG c.h.p.operator.event.EventSender - [helminit] Creating K8s event hivemq-platform-ready: [Ready] HiveMQ Platform is ready
2025-01-30 18:29:11,979 INFO c.h.h.t.HelmChartContainer - [EVENT] Normal [Ready] HiveMQ Platform is ready [helminitcontainerit:test-hivemq-platform]
2025-01-30 18:29:11,980 INFO c.h.h.t.HelmChartContainer - [hivemq-test-hivemq-platform] [hivemq-platform-operator] [01c25ee7] 18:29:11.977 [ReconcilerExecutor-hivemq-controller-114] INFO  c.h.p.o.h.AbstractHiveMQReconcilerStateHandler - [helminit] Update HiveMQ Platform Status (STARTING [READY] -> RUNNING [READY]): HiveMQ Platform is ready
2025-01-30 18:29:11,989 DEBUG com.hivemq.helmcharts.util.K8sUtil - Comparing actual state 'RUNNING' and waiting for 'RUNNING'
2025-01-30 18:29:12,014 INFO c.h.h.t.HelmChartContainer - [hivemq-test-hivemq-platform] [hivemq-platform-operator] [01c25ee7] 18:29:12.011 [pool-6-thread-14] DEBUG c.h.p.o.d.PlatformServiceResource - [helminit] Desired Platform services (3 services)
2025-01-30 18:29:12,014 INFO c.h.h.t.HelmChartContainer - [hivemq-test-hivemq-platform] [hivemq-platform-operator] [01c25ee7] 18:29:12.012 [pool-6-thread-17] DEBUG c.h.p.o.dependants.PodInfoConfigMap - [helminit] Desired PodInfo ConfigMap (1 extensions) (1 enabled)
2025-01-30 18:29:12,014 INFO c.h.h.t.HelmChartContainer - [hivemq-test-hivemq-platform] [hivemq-platform-operator] [01c25ee7] 18:29:12.012 [pool-6-thread-17] DEBUG c.h.p.o.dependants.PodInfoConfigMap - [helminit] Desired PodInfo ConfigMap (metrics port: 9399) (metrics path: /)
2025-01-30 18:29:12,014 INFO c.h.h.t.HelmChartContainer - [hivemq-test-hivemq-platform] [hivemq-platform-operator] [01c25ee7] 18:29:12.012 [pool-6-thread-17] DEBUG c.h.p.o.dependants.PodInfoConfigMap - [helminit] Desired PodInfo ConfigMap (extension state hash: -1817474005)
2025-01-30 18:29:12,016 INFO c.h.h.t.HelmChartContainer - [hivemq-test-hivemq-platform] [hivemq-platform-operator] [01c25ee7] 18:29:12.014 [pool-6-thread-11] DEBUG c.h.p.o.d.PodServiceAccountResource - [helminit] Desired PodServiceAccountResource (serviceAccountName: hivemq-platform-pod-test-hivemq-platform)
2025-01-30 18:29:12,074 INFO c.h.h.t.HelmChartContainer - [hivemq-test-hivemq-platform] [hivemq-platform-operator] [01c25ee7] 18:29:12.072 [pool-6-thread-17] DEBUG c.h.p.o.dependants.PodInfoConfigMap - [helminit] Update PodInfo ConfigMap
2025-01-30 18:29:12,084 INFO c.h.h.t.HelmChartContainer - [hivemq-test-hivemq-platform] [hivemq-platform-operator] [01c25ee7] 18:29:12.083 [pool-6-thread-17] DEBUG c.h.p.o.d.StatefulSetResource - [helminit] Desired StatefulSet (1 replicas) for status RUNNING (READY)
2025-01-30 18:29:12,118 INFO c.h.h.t.HelmChartContainer - [hivemq-test-hivemq-platform] [hivemq-platform-operator] [01c25ee7] 18:29:12.114 [ReconcilerExecutor-hivemq-controller-115] INFO  c.h.p.o.HiveMQPlatformReconciler - [helminit] Reconciling HiveMQ Platform 'test-hivemq-platform' in namespace 'helminitcontainerit'
2025-01-30 18:29:12,118 INFO c.h.h.t.HelmChartContainer - [hivemq-test-hivemq-platform] [hivemq-platform-operator] [01c25ee7] 18:29:12.115 [ReconcilerExecutor-hivemq-controller-115] DEBUG c.h.p.o.HiveMQPlatformReconciler - [helminit] Custom Resource Status RUNNING - HiveMQ Platform is ready (READY)
2025-01-30 18:29:12,118 INFO c.h.h.t.HelmChartContainer - [hivemq-test-hivemq-platform] [hivemq-platform-operator] [01c25ee7] 18:29:12.115 [ReconcilerExecutor-hivemq-controller-115] DEBUG c.h.p.o.HiveMQPlatformReconciler - [helminit] Custom Resource Spec (replicas: 1) (extensions: 1)
2025-01-30 18:29:12,119 INFO c.h.h.t.HelmChartContainer - [hivemq-test-hivemq-platform] [hivemq-platform-operator] [01c25ee7] 18:29:12.117 [ReconcilerExecutor-hivemq-controller-115] DEBUG c.h.p.o.HiveMQPlatformReconciler - [helminit] StatefulSet Status (revision: test-hivemq-platform-74977b996d, replicas: 1, available: 1, ready: 1, current: 1, updated: 1)
2025-01-30 18:29:12,119 INFO c.h.h.t.HelmChartContainer - [hivemq-test-hivemq-platform] [hivemq-platform-operator] [01c25ee7] 18:29:12.118 [ReconcilerExecutor-hivemq-controller-115] DEBUG c.h.p.o.HiveMQPlatformReconciler - [helminit] StatefulSet Spec (replicas: 1, init containers: 2, containers: 1, volumes: 5)
2025-01-30 18:29:12,175 INFO c.h.h.t.HelmChartContainer - [hivemq-test-hivemq-platform] [hivemq-platform-operator] [01c25ee7] 18:29:12.173 [ReconcilerExecutor-hivemq-controller-115] DEBUG c.h.p.o.h.HiveMQPlatformReconcilerErrorHandler - [helminit] Pod 'test-hivemq-platform-0' phase Running
2025-01-30 18:29:14,036 INFO c.h.h.testcontainer.LogWaiterUtil - TEST Waiting for log pattern on 'test-hivemq-platform-0': .*License file license.lic is corrupt.
2025-01-30 18:29:14,037 INFO c.h.h.t.HelmChartContainer - Uninstalling release 'test-hivemq-platform' in namespace 'helminitcontainerit'...
2025-01-30 18:29:14,037 DEBUG c.h.h.t.HelmChartContainer - Executing helm command: /bin/helm --kubeconfig /etc/rancher/k3s/k3s.yaml uninstall test-hivemq-platform  --wait --timeout 5m0s --cascade foreground --namespace helminitcontainerit
2025-01-30 18:29:14,232 INFO c.h.h.t.HelmChartContainer - [hivemq-test-hivemq-platform] [hivemq-platform-operator] [01c25ee7] 18:29:14.223 [pool-6-thread-21] DEBUG c.h.p.o.d.PlatformServiceResource - [helminit] Desired Platform services (3 services)
2025-01-30 18:29:14,234 INFO c.h.h.t.HelmChartContainer - [hivemq-test-hivemq-platform] [hivemq-platform-operator] [01c25ee7] 18:29:14.223 [pool-6-thread-28] DEBUG c.h.p.o.dependants.PodInfoConfigMap - [helminit] Desired PodInfo ConfigMap (1 extensions) (1 enabled)
2025-01-30 18:29:14,235 INFO c.h.h.t.HelmChartContainer - [hivemq-test-hivemq-platform] [hivemq-platform-operator] [01c25ee7] 18:29:14.223 [pool-6-thread-28] DEBUG c.h.p.o.dependants.PodInfoConfigMap - [helminit] Desired PodInfo ConfigMap (metrics port: 9399) (metrics path: /)
2025-01-30 18:29:14,235 INFO c.h.h.t.HelmChartContainer - [hivemq-test-hivemq-platform] [hivemq-platform-operator] [01c25ee7] 18:29:14.223 [pool-6-thread-28] DEBUG c.h.p.o.dependants.PodInfoConfigMap - [helminit] Desired PodInfo ConfigMap (extension state hash: -1817474005)
2025-01-30 18:29:14,235 INFO c.h.h.t.HelmChartContainer - [hivemq-test-hivemq-platform] [hivemq-platform-operator] [01c25ee7] 18:29:14.226 [pool-6-thread-25] DEBUG c.h.p.o.d.PodServiceAccountResource - [helminit] Desired PodServiceAccountResource (serviceAccountName: hivemq-platform-pod-test-hivemq-platform)
2025-01-30 18:29:14,235 INFO c.h.h.t.HelmChartContainer - [hivemq-test-hivemq-platform] [hivemq-platform-operator] [01c25ee7] 18:29:14.230 [pool-6-thread-21] DEBUG c.h.p.o.d.StatefulSetResource - [helminit] Desired StatefulSet (1 replicas) for status RUNNING (READY)
2025-01-30 18:29:14,276 INFO c.h.h.t.HelmChartContainer - [hivemq-test-hivemq-platform] [hivemq-platform-operator] [01c25ee7] 18:29:14.274 [ReconcilerExecutor-hivemq-controller-116] INFO  c.h.p.o.HiveMQPlatformReconciler - [helminit] Reconciling HiveMQ Platform 'test-hivemq-platform' in namespace 'helminitcontainerit'
2025-01-30 18:29:14,276 INFO c.h.h.t.HelmChartContainer - [hivemq-test-hivemq-platform] [hivemq-platform-operator] [01c25ee7] 18:29:14.274 [ReconcilerExecutor-hivemq-controller-116] DEBUG c.h.p.o.HiveMQPlatformReconciler - [helminit] Custom Resource Status RUNNING - HiveMQ Platform is ready (READY)
2025-01-30 18:29:14,276 INFO c.h.h.t.HelmChartContainer - [hivemq-test-hivemq-platform] [hivemq-platform-operator] [01c25ee7] 18:29:14.274 [ReconcilerExecutor-hivemq-controller-116] DEBUG c.h.p.o.HiveMQPlatformReconciler - [helminit] Custom Resource Spec (replicas: 1) (extensions: 1)
2025-01-30 18:29:14,277 INFO c.h.h.t.HelmChartContainer - [hivemq-test-hivemq-platform] [hivemq-platform-operator] [01c25ee7] 18:29:14.276 [ReconcilerExecutor-hivemq-controller-116] DEBUG c.h.p.o.HiveMQPlatformReconciler - [helminit] StatefulSet Status (revision: test-hivemq-platform-74977b996d, replicas: 1, available: 1, ready: 1, current: 1, updated: 1)
2025-01-30 18:29:14,277 INFO c.h.h.t.HelmChartContainer - [hivemq-test-hivemq-platform] [hivemq-platform-operator] [01c25ee7] 18:29:14.276 [ReconcilerExecutor-hivemq-controller-116] DEBUG c.h.p.o.HiveMQPlatformReconciler - [helminit] StatefulSet Spec (replicas: 1, init containers: 2, containers: 1, volumes: 5)
2025-01-30 18:29:14,313 INFO c.h.h.t.HelmChartContainer - [hivemq-test-hivemq-platform] [hivemq-platform-operator] [01c25ee7] 18:29:14.309 [ReconcilerExecutor-hivemq-controller-116] DEBUG c.h.p.o.h.HiveMQPlatformReconcilerErrorHandler - [helminit] Pod 'test-hivemq-platform-0' phase Running
2025-01-30 18:29:14,318 INFO c.h.h.t.HelmChartContainer - [hivemq-test-hivemq-platform] [hivemq-platform-operator] [01c25ee7] 18:29:14.316 [ReconcilerExecutor-hivemq-controller-118] INFO  c.h.p.o.HiveMQPlatformReconciler - [helminit] Cleanup test-hivemq-platform - helminitcontainerit HiveMQ Platform is shut down
2025-01-30 18:29:14,960 INFO c.h.h.t.HelmChartContainer - [EVENT] Normal [Killing] Stopping container consul-template-init-container [helminitcontainerit:test-hivemq-platform-0]
2025-01-30 18:29:14,962 INFO c.h.h.t.HelmChartContainer - [POD] test-hivemq-platform-0 [a928bf9a-7356-4665-8236-61465fe8a905] in helminitcontainerit was MODIFIED
2025-01-30 18:29:14,972 INFO c.h.h.t.HelmChartContainer - [EVENT] Normal [Killing] Stopping container hivemq [helminitcontainerit:test-hivemq-platform-0]
2025-01-30 18:29:14,972 INFO c.h.h.t.HelmChartContainer - Received Killing event for container hivemq in pod test-hivemq-platform-0 [a928bf9a-7356-4665-8236-61465fe8a905]
2025-01-30 18:29:14,972 INFO c.h.h.t.HelmChartContainer - Container [test-hivemq-platform-0] [hivemq] [a928bf9a-7356-4665-8236-61465fe8a905] was terminated
2025-01-30 18:29:14,975 INFO c.h.h.t.HelmChartContainer - Stopped log watcher for hivemq in pod test-hivemq-platform-0 [a928bf9a-7356-4665-8236-61465fe8a905]
2025-01-30 18:29:14,982 INFO c.h.h.t.HelmChartContainer - [test-hivemq-platform] [hivemq] [a928bf9a] INFO  - [HiveMQ Platform Operator Init App 1.7.0-SNAPSHOT] Shutting down
2025-01-30 18:29:14,983 INFO c.h.h.t.HelmChartContainer - [test-hivemq-platform] [hivemq] [a928bf9a] INFO  - [HiveMQ Platform Operator Init App 1.7.0-SNAPSHOT] Stopping the HiveMQ Platform
2025-01-30 18:29:15,068 INFO c.h.h.t.HelmChartContainer - [test-hivemq-platform] [hivemq] [a928bf9a] INFO  - Shutting down HiveMQ. Please wait, this could take a while...
2025-01-30 18:29:15,149 INFO c.h.h.t.HelmChartContainer - [test-hivemq-platform] [hivemq] [a928bf9a] INFO  - Shutting down listeners and clients
2025-01-30 18:29:15,150 INFO c.h.h.t.HelmChartContainer - [test-hivemq-platform] [hivemq] [a928bf9a] INFO  - Shutdown of listeners is done
2025-01-30 18:29:15,150 INFO c.h.h.t.HelmChartContainer - [test-hivemq-platform] [hivemq] [a928bf9a] INFO  - No clients are connected, proceeding with shutdown
2025-01-30 18:29:16,284 INFO c.h.h.t.HelmChartContainer - Deleting namespace 'helminitcontainerit'...
2025-01-30 18:29:16,771 INFO c.h.h.t.HelmChartContainer - [test-hivemq-platform] [hivemq] [a928bf9a] INFO  - [HiveMQ Platform Operator Init App 1.7.0-SNAPSHOT] Returning shutdown Health API response 503 for readiness
2025-01-30 18:29:16,775 INFO c.h.h.t.HelmChartContainer - [EVENT] Warning [Unhealthy] Readiness probe failed: HTTP probe failed with statuscode: 503 [helminitcontainerit:test-hivemq-platform-0]
2025-01-30 18:29:16,775 INFO c.h.h.t.HelmChartContainer - Received Unhealthy event for container hivemq in pod test-hivemq-platform-0 [a928bf9a-7356-4665-8236-61465fe8a905]
2025-01-30 18:29:17,262 INFO c.h.h.t.HelmChartContainer - [K3S] [authentication.go:74] "Unable to authenticate the request" err="[invalid bearer token, serviceaccounts \"hivemq-platform-pod-test-hivemq-platform\" not found]"
2025-01-30 18:29:17,282 INFO c.h.h.t.HelmChartContainer - [K3S] [authentication.go:74] "Unable to authenticate the request" err="[invalid bearer token, serviceaccounts \"hivemq-platform-pod-test-hivemq-platform\" not found]"
2025-01-30 18:29:17,356 INFO c.h.h.t.HelmChartContainer - [test-hivemq-platform] [hivemq] [a928bf9a] WARN  - [HiveMQ Platform Operator Init App 1.7.0-SNAPSHOT] Could not update Pod annotations: Failure executing: GET at: https://10.43.0.1:443/api/v1/namespaces/helminitcontainerit/pods/test-hivemq-platform-0. Message: Unauthorized. Received status: Status(apiVersion=v1, code=401, details=null, kind=Status, message=Unauthorized, metadata=ListMeta(_continue=null, remainingItemCount=null, resourceVersion=null, selfLink=null, additionalProperties={}), reason=Unauthorized, status=Failure, additionalProperties={}).
2025-01-30 18:29:19,059 INFO c.h.h.t.HelmChartContainer - [test-hivemq-platform] [hivemq] [a928bf9a] INFO  - Shutting down extension system
2025-01-30 18:29:19,061 INFO c.h.h.t.HelmChartContainer - [test-hivemq-platform] [hivemq] [a928bf9a] INFO  - Stopping extension with id hivemq-dns-cluster-discovery
2025-01-30 18:29:19,061 INFO c.h.h.t.HelmChartContainer - [test-hivemq-platform] [hivemq] [a928bf9a] INFO  - Extension "DNS Cluster Discovery Extension" version 4.3.2 stopped successfully.
2025-01-30 18:29:19,062 INFO c.h.h.t.HelmChartContainer - [test-hivemq-platform] [hivemq] [a928bf9a] INFO  - Stopping extension with id hivemq-prometheus-extension
2025-01-30 18:29:19,066 INFO c.h.h.t.HelmChartContainer - [test-hivemq-platform] [hivemq] [a928bf9a] INFO  - Extension "Prometheus Monitoring Extension" version 4.0.12 stopped successfully.
2025-01-30 18:29:19,067 INFO c.h.h.t.HelmChartContainer - [test-hivemq-platform] [hivemq] [a928bf9a] INFO  - Stopping extension with id hivemq-allow-all-extension
2025-01-30 18:29:19,067 INFO c.h.h.t.HelmChartContainer - [test-hivemq-platform] [hivemq] [a928bf9a] INFO  - Extension "Allow All Extension" version 1.1.1 stopped successfully.
2025-01-30 18:29:21,353 INFO c.h.h.t.HelmChartContainer - [test-hivemq-platform] [hivemq] [a928bf9a] INFO  - Shutdown completed.
2025-01-30 18:29:21,444 INFO c.h.h.t.HelmChartContainer - [K3S] [stateful_set.go:466] "StatefulSet has been deleted" key="helminitcontainerit/test-hivemq-platform"
2025-01-30 18:29:21,703 INFO c.h.h.t.HelmChartContainer - [test-hivemq-platform] [hivemq] [a928bf9a] INFO  - [HiveMQ Platform Operator Init App 1.7.0-SNAPSHOT] The HiveMQ Platform exited with code 143
2025-01-30 18:29:21,703 INFO c.h.h.t.HelmChartContainer - [test-hivemq-platform] [hivemq] [a928bf9a] INFO  - [HiveMQ Platform Operator Init App 1.7.0-SNAPSHOT] Stopping the REST API
2025-01-30 18:29:21,749 INFO c.h.h.t.HelmChartContainer - [test-hivemq-platform] [hivemq] [a928bf9a] INFO  - [HiveMQ Platform Operator Init App 1.7.0-SNAPSHOT] Shutdown complete
2025-01-30 18:29:22,239 INFO c.h.h.t.HelmChartContainer - [POD] test-hivemq-platform-0 [a928bf9a-7356-4665-8236-61465fe8a905] in helminitcontainerit was MODIFIED
2025-01-30 18:29:22,265 INFO c.h.h.t.HelmChartContainer - [K3S] [reconciler_common.go:162] "operationExecutor.UnmountVolume started for volume \"pod-info\" (UniqueName: \"kubernetes.io/configmap/a928bf9a-7356-4665-8236-61465fe8a905-pod-info\") pod \"a928bf9a-7356-4665-8236-61465fe8a905\" (UID: \"a928bf9a-7356-4665-8236-61465fe8a905\") "
2025-01-30 18:29:22,265 INFO c.h.h.t.HelmChartContainer - [K3S] [reconciler_common.go:162] "operationExecutor.UnmountVolume started for volume \"license-volume\" (UniqueName: \"kubernetes.io/empty-dir/a928bf9a-7356-4665-8236-61465fe8a905-license-volume\") pod \"a928bf9a-7356-4665-8236-61465fe8a905\" (UID: \"a928bf9a-7356-4665-8236-61465fe8a905\") "
2025-01-30 18:29:22,266 INFO c.h.h.t.HelmChartContainer - [K3S] [reconciler_common.go:162] "operationExecutor.UnmountVolume started for volume \"kube-api-access-m67db\" (UniqueName: \"kubernetes.io/projected/a928bf9a-7356-4665-8236-61465fe8a905-kube-api-access-m67db\") pod \"a928bf9a-7356-4665-8236-61465fe8a905\" (UID: \"a928bf9a-7356-4665-8236-61465fe8a905\") "
2025-01-30 18:29:22,266 INFO c.h.h.t.HelmChartContainer - [K3S] [reconciler_common.go:162] "operationExecutor.UnmountVolume started for volume \"operator-init\" (UniqueName: \"kubernetes.io/empty-dir/a928bf9a-7356-4665-8236-61465fe8a905-operator-init\") pod \"a928bf9a-7356-4665-8236-61465fe8a905\" (UID: \"a928bf9a-7356-4665-8236-61465fe8a905\") "
2025-01-30 18:29:22,266 INFO c.h.h.t.HelmChartContainer - [K3S] [reconciler_common.go:162] "operationExecutor.UnmountVolume started for volume \"consul-template-volume\" (UniqueName: \"kubernetes.io/configmap/a928bf9a-7356-4665-8236-61465fe8a905-consul-template-volume\") pod \"a928bf9a-7356-4665-8236-61465fe8a905\" (UID: \"a928bf9a-7356-4665-8236-61465fe8a905\") "
2025-01-30 18:29:22,266 INFO c.h.h.t.HelmChartContainer - [K3S] [reconciler_common.go:162] "operationExecutor.UnmountVolume started for volume \"broker-configuration\" (UniqueName: \"kubernetes.io/configmap/a928bf9a-7356-4665-8236-61465fe8a905-broker-configuration\") pod \"a928bf9a-7356-4665-8236-61465fe8a905\" (UID: \"a928bf9a-7356-4665-8236-61465fe8a905\") "
2025-01-30 18:29:22,366 INFO c.h.h.t.HelmChartContainer - [K3S] [reconciler_common.go:299] "Volume detached for volume \"pod-info\" (UniqueName: \"kubernetes.io/configmap/a928bf9a-7356-4665-8236-61465fe8a905-pod-info\") on node \"c181d80517a6\" DevicePath \"\""
2025-01-30 18:29:22,366 INFO c.h.h.t.HelmChartContainer - [K3S] [reconciler_common.go:299] "Volume detached for volume \"license-volume\" (UniqueName: \"kubernetes.io/empty-dir/a928bf9a-7356-4665-8236-61465fe8a905-license-volume\") on node \"c181d80517a6\" DevicePath \"\""
2025-01-30 18:29:22,366 INFO c.h.h.t.HelmChartContainer - [K3S] [reconciler_common.go:299] "Volume detached for volume \"kube-api-access-m67db\" (UniqueName: \"kubernetes.io/projected/a928bf9a-7356-4665-8236-61465fe8a905-kube-api-access-m67db\") on node \"c181d80517a6\" DevicePath \"\""
2025-01-30 18:29:22,366 INFO c.h.h.t.HelmChartContainer - [K3S] [reconciler_common.go:299] "Volume detached for volume \"operator-init\" (UniqueName: \"kubernetes.io/empty-dir/a928bf9a-7356-4665-8236-61465fe8a905-operator-init\") on node \"c181d80517a6\" DevicePath \"\""
2025-01-30 18:29:22,366 INFO c.h.h.t.HelmChartContainer - [K3S] [reconciler_common.go:299] "Volume detached for volume \"consul-template-volume\" (UniqueName: \"kubernetes.io/configmap/a928bf9a-7356-4665-8236-61465fe8a905-consul-template-volume\") on node \"c181d80517a6\" DevicePath \"\""
2025-01-30 18:29:22,366 INFO c.h.h.t.HelmChartContainer - [K3S] [reconciler_common.go:299] "Volume detached for volume \"broker-configuration\" (UniqueName: \"kubernetes.io/configmap/a928bf9a-7356-4665-8236-61465fe8a905-broker-configuration\") on node \"c181d80517a6\" DevicePath \"\""
2025-01-30 18:29:22,466 INFO c.h.h.t.HelmChartContainer - [K3S] [scope.go:117] "RemoveContainer" containerID="65822696720634f3685dc081e0c4360242467c99890aeb92a03e0c5299ec7c17"
2025-01-30 18:29:22,483 INFO c.h.h.t.HelmChartContainer - [POD] test-hivemq-platform-0 [a928bf9a-7356-4665-8236-61465fe8a905] in helminitcontainerit was MODIFIED
2025-01-30 18:29:22,488 INFO c.h.h.t.HelmChartContainer - [POD] test-hivemq-platform-0 [a928bf9a-7356-4665-8236-61465fe8a905] in helminitcontainerit was DELETED
2025-01-30 18:29:22,566 INFO c.h.h.t.HelmChartContainer - [K3S] [scope.go:117] "RemoveContainer" containerID="c8170470c2e2395e8051e26df5b1846b794ad1c9dd4a10a4871d21f15142d986"
2025-01-30 18:29:22,569 INFO c.h.h.t.HelmChartContainer - [K3S] [scope.go:117] "RemoveContainer" containerID="5c3dd0a66ab468e159bbaa244c44bd432be562ce5ec421570ce8edf2432fa426"
2025-01-30 18:29:22,572 INFO c.h.h.t.HelmChartContainer - [K3S] [scope.go:117] "RemoveContainer" containerID="65822696720634f3685dc081e0c4360242467c99890aeb92a03e0c5299ec7c17"
2025-01-30 18:29:22,573 INFO c.h.h.t.HelmChartContainer - [K3S] [scope.go:117] "RemoveContainer" containerID="c8170470c2e2395e8051e26df5b1846b794ad1c9dd4a10a4871d21f15142d986"
2025-01-30 18:29:22,573 INFO c.h.h.t.HelmChartContainer - [K3S] [scope.go:117] "RemoveContainer" containerID="5c3dd0a66ab468e159bbaa244c44bd432be562ce5ec421570ce8edf2432fa426"
2025-01-30 18:29:22,574 INFO c.h.h.t.HelmChartContainer - [K3S] [scope.go:117] "RemoveContainer" containerID="65822696720634f3685dc081e0c4360242467c99890aeb92a03e0c5299ec7c17"
2025-01-30 18:29:22,574 INFO c.h.h.t.HelmChartContainer - [K3S] [scope.go:117] "RemoveContainer" containerID="c8170470c2e2395e8051e26df5b1846b794ad1c9dd4a10a4871d21f15142d986"
2025-01-30 18:29:22,574 INFO c.h.h.t.HelmChartContainer - [K3S] [scope.go:117] "RemoveContainer" containerID="5c3dd0a66ab468e159bbaa244c44bd432be562ce5ec421570ce8edf2432fa426"
2025-01-30 18:29:23,310 INFO c.h.h.t.HelmChartContainer - [K3S] [kubelet_volumes.go:163] "Cleaned up orphaned pod volumes dir" podUID="a928bf9a-7356-4665-8236-61465fe8a905" path="/var/lib/kubelet/pods/a928bf9a-7356-4665-8236-61465fe8a905/volumes"
2025-01-30 18:29:26,625 INFO c.h.h.t.HelmChartContainer - Namespace 'helminitcontainerit' deleted
2025-01-30 18:29:26,625 INFO c.h.h.t.HelmChartContainer - Release 'test-hivemq-platform' in namespace 'helminitcontainerit' is uninstalled
2025-01-30 18:29:26,625 INFO c.h.h.t.HelmChartContainer - Uninstalling release 'test-hivemq-platform-operator' in namespace 'helminitcontainerit-operator'...
2025-01-30 18:29:26,625 DEBUG c.h.h.t.HelmChartContainer - Executing helm command: /bin/helm --kubeconfig /etc/rancher/k3s/k3s.yaml uninstall test-hivemq-platform-operator  --wait --timeout 5m0s --cascade foreground --namespace helminitcontainerit-operator
2025-01-30 18:29:26,786 INFO c.h.h.t.HelmChartContainer - [K3S] [replica_set.go:679] "Finished syncing" kind="ReplicaSet" key="helminitcontainerit-operator/hivemq-test-hivemq-platform-operator-6966f96d65" duration="9.892441ms"
2025-01-30 18:29:26,787 INFO c.h.h.t.HelmChartContainer - [K3S] [replica_set.go:679] "Finished syncing" kind="ReplicaSet" key="helminitcontainerit-operator/hivemq-test-hivemq-platform-operator-6966f96d65" duration="39.374µs"
2025-01-30 18:29:26,805 INFO c.h.h.t.HelmChartContainer - [POD] hivemq-test-hivemq-platform-operator-6966f96d65-fmcc4 [01c25ee7-5fb7-4c2e-9e20-33402a38c222] in helminitcontainerit-operator was MODIFIED
2025-01-30 18:29:26,815 INFO c.h.h.t.HelmChartContainer - [hivemq-test-hivemq-platform] [hivemq-platform-operator] [01c25ee7] 18:29:26.814 [application-shutdown-thread] INFO  c.h.p.o.HiveMQPlatformOperatorApplication - HiveMQ Platform Operator is stopping...
2025-01-30 18:29:26,815 INFO c.h.h.t.HelmChartContainer - [hivemq-test-hivemq-platform] [hivemq-platform-operator] [01c25ee7] 18:29:26.814 [application-shutdown-thread] INFO  i.javaoperatorsdk.operator.Operator - Operator SDK 4.9.7 is shutting down...
2025-01-30 18:29:26,818 INFO c.h.h.t.HelmChartContainer - [K3S] [replica_set.go:679] "Finished syncing" kind="ReplicaSet" key="helminitcontainerit-operator/hivemq-test-hivemq-platform-operator-6966f96d65" duration="11.165236ms"
2025-01-30 18:29:26,822 INFO c.h.h.t.HelmChartContainer - [K3S] [replica_set.go:679] "Finished syncing" kind="ReplicaSet" key="helminitcontainerit-operator/hivemq-test-hivemq-platform-operator-6966f96d65" duration="52.258µs"
2025-01-30 18:29:26,822 INFO c.h.h.t.HelmChartContainer - [EVENT] Normal [Killing] Stopping container hivemq-platform-operator [helminitcontainerit-operator:hivemq-test-hivemq-platform-operator-6966f96d65-fmcc4]
2025-01-30 18:29:26,822 INFO c.h.h.t.HelmChartContainer - Received Killing event for container hivemq-platform-operator in pod hivemq-test-hivemq-platform-operator-6966f96d65-fmcc4 [01c25ee7-5fb7-4c2e-9e20-33402a38c222]
2025-01-30 18:29:26,822 INFO c.h.h.t.HelmChartContainer - Container [hivemq-test-hivemq-platform-operator-6966f96d65-fmcc4] [hivemq-platform-operator] [01c25ee7-5fb7-4c2e-9e20-33402a38c222] was terminated
2025-01-30 18:29:26,822 INFO c.h.h.t.HelmChartContainer - Stopped log watcher for hivemq-platform-operator in pod hivemq-test-hivemq-platform-operator-6966f96d65-fmcc4 [01c25ee7-5fb7-4c2e-9e20-33402a38c222]
2025-01-30 18:29:27,445 INFO c.h.h.t.HelmChartContainer - [K3S] [replica_set.go:679] "Finished syncing" kind="ReplicaSet" key="helminitcontainerit-operator/hivemq-test-hivemq-platform-operator-6966f96d65" duration="41.929µs"
2025-01-30 18:29:27,446 INFO c.h.h.t.HelmChartContainer - [POD] hivemq-test-hivemq-platform-operator-6966f96d65-fmcc4 [01c25ee7-5fb7-4c2e-9e20-33402a38c222] in helminitcontainerit-operator was MODIFIED
2025-01-30 18:29:27,472 INFO c.h.h.t.HelmChartContainer - [K3S] [scope.go:117] "RemoveContainer" containerID="9fd2fd00e3bf5ee49dbcc4803d5dde6dadb44f56a3cd79208dedbc8da114369c"
2025-01-30 18:29:27,475 INFO c.h.h.t.HelmChartContainer - [K3S] [scope.go:117] "RemoveContainer" containerID="9fd2fd00e3bf5ee49dbcc4803d5dde6dadb44f56a3cd79208dedbc8da114369c"
2025-01-30 18:29:27,596 INFO c.h.h.t.HelmChartContainer - [K3S] [reconciler_common.go:162] "operationExecutor.UnmountVolume started for volume \"kube-api-access-czzxh\" (UniqueName: \"kubernetes.io/projected/01c25ee7-5fb7-4c2e-9e20-33402a38c222-kube-api-access-czzxh\") pod \"01c25ee7-5fb7-4c2e-9e20-33402a38c222\" (UID: \"01c25ee7-5fb7-4c2e-9e20-33402a38c222\") "
2025-01-30 18:29:27,696 INFO c.h.h.t.HelmChartContainer - [K3S] [reconciler_common.go:299] "Volume detached for volume \"kube-api-access-czzxh\" (UniqueName: \"kubernetes.io/projected/01c25ee7-5fb7-4c2e-9e20-33402a38c222-kube-api-access-czzxh\") on node \"c181d80517a6\" DevicePath \"\""
2025-01-30 18:29:27,783 INFO c.h.h.t.HelmChartContainer - [K3S] [replica_set.go:679] "Finished syncing" kind="ReplicaSet" key="helminitcontainerit-operator/hivemq-test-hivemq-platform-operator-6966f96d65" duration="43.612µs"
2025-01-30 18:29:27,784 INFO c.h.h.t.HelmChartContainer - [POD] hivemq-test-hivemq-platform-operator-6966f96d65-fmcc4 [01c25ee7-5fb7-4c2e-9e20-33402a38c222] in helminitcontainerit-operator was MODIFIED
2025-01-30 18:29:27,786 INFO c.h.h.t.HelmChartContainer - [POD] hivemq-test-hivemq-platform-operator-6966f96d65-fmcc4 [01c25ee7-5fb7-4c2e-9e20-33402a38c222] in helminitcontainerit-operator was DELETED
2025-01-30 18:29:27,787 INFO c.h.h.t.HelmChartContainer - [K3S] [replica_set.go:679] "Finished syncing" kind="ReplicaSet" key="helminitcontainerit-operator/hivemq-test-hivemq-platform-operator-6966f96d65" duration="27.982µs"
2025-01-30 18:29:27,797 INFO c.h.h.t.HelmChartContainer - [K3S] [replica_set.go:679] "Finished syncing" kind="ReplicaSet" key="helminitcontainerit-operator/hivemq-test-hivemq-platform-operator-6966f96d65" duration="6.462µs"
2025-01-30 18:29:28,835 INFO c.h.h.t.HelmChartContainer - Deleting namespace 'helminitcontainerit-operator'...
2025-01-30 18:29:29,310 INFO c.h.h.t.HelmChartContainer - [K3S] [kubelet_volumes.go:163] "Cleaned up orphaned pod volumes dir" podUID="01c25ee7-5fb7-4c2e-9e20-33402a38c222" path="/var/lib/kubelet/pods/01c25ee7-5fb7-4c2e-9e20-33402a38c222/volumes"
2025-01-30 18:29:31,535 INFO c.h.h.t.HelmChartContainer - [K3S] [namespace_controller.go:187] "Namespace has been deleted" namespace="helminitcontainerit"
2025-01-30 18:29:34,052 INFO c.h.h.t.HelmChartContainer - Namespace 'helminitcontainerit-operator' deleted
2025-01-30 18:29:34,053 INFO c.h.h.t.HelmChartContainer - Release 'test-hivemq-platform-operator' in namespace 'helminitcontainerit-operator' is uninstalled
2025-01-30 18:29:34,768 INFO c.h.helmcharts.AbstractHelmChartIT - Removed unused containers:

2025-01-30 18:29:38,954 INFO c.h.h.t.HelmChartContainer - [K3S] [namespace_controller.go:187] "Namespace has been deleted" namespace="helminitcontainerit-operator"
2025-01-30 18:29:43,245 INFO c.h.helmcharts.AbstractHelmChartIT - Removed unused snapshots:
Removing snapshot sha256:03af251906410714c5aef9fa705b63f6bbc39c4a5e787de7361eeb18886c2ed2
Removing snapshot sha256:0c46b3b43cce082ce5ec34ffc6c294e0417d17b9d1e6f366d114b6aadc4f96dc
Removing snapshot sha256:0ce761beee59082d6ed5bcebd3a805b8ddd9b3426b617e4809e7fb7c6587ffec
Removing snapshot sha256:0df91287303208332c8ff6ba40ae4710105201739addbfbddfb955f1ad593664
Removing snapshot sha256:1021ef88c7974bfff89c5a0ec4fd3160daac6c48a075f74cff721f85dd104e68
Removing snapshot sha256:10aba4953ddc18145dd38e3704709bc464aa20af60b56fe52caaff4b68411e62
Removing snapshot sha256:1d5cf3e3eb812061f06c49abff02b68d81953942566ded85fcc9c1f47b13186a
Removing snapshot sha256:2573e0d8158209ed54ab25c87bcdcb00bd3d2539246960a3d592a1c599d70465
Removing snapshot sha256:362a8a37f8bbc31925a8146adcf7cf51f9882f5c1dcbef67c5baa03a297543c0
Removing snapshot sha256:3fa4ad33f0ddc8fd45b39b6b4640f82a3a83619606cd975bfe89d8710ad2d4cd
Removing snapshot sha256:43a7c979bbaba6838bc3102d6b10a1459f3ab050b87ccdfef84ef90cf43d3058
Removing snapshot sha256:49b1ace819f91691463b13f94371df68a923468eeb043988a99ab7cfb35e0ee6
Removing snapshot sha256:4ab04491cdf0d3267f08206fe30bd48f49f94b9cab2f016d6739220f722a64af
Removing snapshot sha256:4b6068250e89c96f263060261819c7d912855bfbd64b3eb4c4a8483299b8c295
Removing snapshot sha256:580e69a0a8034ede1921139bbd2bfb72a69ebf276d008281896c32dd8bf74775
Removing snapshot sha256:5a2c5491767de96088c4fcd4fddc22d7bfee323fe2e34fc7205056783b5dc099
Removing snapshot sha256:5d30ba46b27fe37484567ccc5242cadc78217b8da605f3f195ef25cbf7487904
Removing snapshot sha256:5f1df1c19f2f87fc725ef0cdaf4f43831c47e5cce7fdc062186f008bea2344fb
Removing snapshot sha256:63ca1fbb43ae5034640e5e6cb3e083e05c290072c5366fcaa9d62435a4cced85
Removing snapshot sha256:67f702c6baae873bceb19487c8b1f27bd2b86077e4f2f0e480e6d60ab508b8f5
Removing snapshot sha256:6864348dd42806d552efdec384f1274be15e2d0c10ce44c1f04347af004c10a9
Removing snapshot sha256:6c7dee8f2c39b84b7dc2711c01d33de93514d9055499173e9290176fbe484b6c
Removing snapshot sha256:82753493a6d61ded36556292f02f31841a14c20d2f279f19eaad65afb661d5cd
Removing snapshot sha256:8a10d3db42c505ee0fcfa98417bdd7e39b304f6bcc0a06bb1b220797ff2cc63c
Removing snapshot sha256:94e5f06ff8e3d4441dc3cd8b090ff38dc911bfa8ebdb0dc28395bc98f82f983f
Removing snapshot sha256:9733d82e91bb8b55b3ec037fce43fdaf10a33f93ad539d52cf062809443c1a5e
Removing snapshot sha256:9fe266bdfabb549dd4b3148560da7ce6ac593863d81fe17f9972d3ab187474ec
Removing snapshot sha256:a0904247e36a7726c03c71ee48f3e64462021c88dafeb13f37fdaf613b27f11c
Removing snapshot sha256:a21e5b12dbac529ad45d976eb9ce45c881f3bedcc500fb30aba1e52aa1813418
Removing snapshot sha256:b921e6c28969094157f9b8e7244677780319637afd14450b7cb6b2fdea558a0c
Removing snapshot sha256:bc27ecb5769a00e309cf99ebc763c4a4b958b618d1decc96ffac5bc05f02f5b7
Removing snapshot sha256:be3ccb6627a5332e309d45ef461d09b4879dd870c7394d89323d0ebc6ca6aa8a
Removing snapshot sha256:c261f7cbbc64211ee175ee47273acdb7b1a36a4450b397a064a8f2c026490095
Removing snapshot sha256:c34d9393647eea0c9e3557ab988efaf59f61d10a2a5613b439ef0958cca5ec10
Removing snapshot sha256:ccf3c4a0fa967a41c1c83497a2ce6fa5787965859df0adb32c4ca2cf7490bc2b
Removing snapshot sha256:cf92d33f869417309692088c341cd0f223c178ea78a125f757317b22aa8f90e9
Removing snapshot sha256:d0037344cf2fb078884f1849f6a1f8cf9a33a3b6139b6a85833e5ee528e1f9a8
Removing snapshot sha256:d3b36d5b79273b1e98e7700470eaeff05a882e777124d84cebcc1505b85ecb36
Removing snapshot sha256:d65a44a37914602d12c611e5e22a50f11451d847e63015cc1c2aef92dee777a4
Removing snapshot sha256:e2dc0bae2455930f23ae570e019b7f32edc75c0f2d71cab084db837ff9051796
Removing snapshot sha256:eccbd24a99c60cd9e86ee5305dbfc4a4dc89f5ab4fb1f06c8d64797cecedef34
Removing snapshot sha256:f144bb4c7c7f0d2aa7eeffd36d934ec40db1ee167be727e326aad9fdc616f475

]]></system-out>
  </testcase>
  <testcase name="withOverrideInitContainer_hivemqRunningWithVolumeMounts()" classname="com.hivemq.helmcharts.containers.HelmInitContainerIT" time="105.506">
    <system-out><![CDATA[2025-01-30 18:29:43,253 INFO c.h.h.t.HelmChartContainer - Creating namespace 'helminitcontainerit-operator'...
2025-01-30 18:29:43,259 INFO c.h.h.t.HelmChartContainer - Namespace 'helminitcontainerit-operator' created
2025-01-30 18:29:43,260 INFO c.h.h.t.HelmChartContainer - Creating namespace 'helminitcontainerit'...
2025-01-30 18:29:43,265 INFO c.h.h.t.HelmChartContainer - Namespace 'helminitcontainerit' created
2025-01-30 18:29:43,327 DEBUG c.h.h.t.HelmChartContainer - Executing helm command: /bin/helm --kubeconfig /etc/rancher/k3s/k3s.yaml install test-hivemq-platform-operator /charts/hivemq-platform-operator --wait --timeout 5m0s --set image.repository=docker.io/hivemq --set image.name=hivemq-platform-operator-test --set image.initImageName=hivemq-platform-operator-init-test --set image.tag=snapshot --set image.pullPolicy=Never --set logLevel=DEBUG --set resources.cpu=512m --namespace helminitcontainerit-operator
2025-01-30 18:29:43,624 INFO c.h.h.t.HelmChartContainer - [K3S] [alloc.go:330] "allocated clusterIPs" service="helminitcontainerit-operator/hivemq-platform-operator-test-hivemq-platform-operator" clusterIPs={"IPv4":"10.43.226.65"}
2025-01-30 18:29:43,641 INFO c.h.h.t.HelmChartContainer - [EVENT] Normal [ScalingReplicaSet] Scaled up replica set hivemq-test-hivemq-platform-operator-6966f96d65 from 0 to 1 [helminitcontainerit-operator:hivemq-test-hivemq-platform-operator]
2025-01-30 18:29:43,646 INFO c.h.h.t.HelmChartContainer - [POD] hivemq-test-hivemq-platform-operator-6966f96d65-mcpv2 [ea3fbc68-f8b0-4632-b52e-53e66f443b3a] in helminitcontainerit-operator was ADDED
2025-01-30 18:29:43,656 INFO c.h.h.t.HelmChartContainer - [K3S] [memory_manager.go:355] "RemoveStaleState removing state" podUID="a928bf9a-7356-4665-8236-61465fe8a905" containerName="hivemq"
2025-01-30 18:29:43,656 INFO c.h.h.t.HelmChartContainer - [K3S] [memory_manager.go:355] "RemoveStaleState removing state" podUID="01c25ee7-5fb7-4c2e-9e20-33402a38c222" containerName="hivemq-platform-operator"
2025-01-30 18:29:43,656 INFO c.h.h.t.HelmChartContainer - [K3S] [memory_manager.go:355] "RemoveStaleState removing state" podUID="a928bf9a-7356-4665-8236-61465fe8a905" containerName="consul-template-init-container"
2025-01-30 18:29:43,658 INFO c.h.h.t.HelmChartContainer - [POD] hivemq-test-hivemq-platform-operator-6966f96d65-mcpv2 [ea3fbc68-f8b0-4632-b52e-53e66f443b3a] in helminitcontainerit-operator was MODIFIED
2025-01-30 18:29:43,666 INFO c.h.h.t.HelmChartContainer - [EVENT] Normal [SuccessfulCreate] Created pod: hivemq-test-hivemq-platform-operator-6966f96d65-mcpv2 [helminitcontainerit-operator:hivemq-test-hivemq-platform-operator-6966f96d65]
2025-01-30 18:29:43,669 INFO c.h.h.t.HelmChartContainer - [K3S] [replica_set.go:679] "Finished syncing" kind="ReplicaSet" key="helminitcontainerit-operator/hivemq-test-hivemq-platform-operator-6966f96d65" duration="31.570946ms"
2025-01-30 18:29:43,675 INFO c.h.h.t.HelmChartContainer - [EVENT] Normal [Scheduled] Successfully assigned helminitcontainerit-operator/hivemq-test-hivemq-platform-operator-6966f96d65-mcpv2 to c181d80517a6 [helminitcontainerit-operator:hivemq-test-hivemq-platform-operator-6966f96d65-mcpv2]
2025-01-30 18:29:43,680 INFO c.h.h.t.HelmChartContainer - [POD] hivemq-test-hivemq-platform-operator-6966f96d65-mcpv2 [ea3fbc68-f8b0-4632-b52e-53e66f443b3a] in helminitcontainerit-operator was MODIFIED
2025-01-30 18:29:43,695 INFO c.h.h.t.HelmChartContainer - [K3S] [replica_set.go:679] "Finished syncing" kind="ReplicaSet" key="helminitcontainerit-operator/hivemq-test-hivemq-platform-operator-6966f96d65" duration="27.310347ms"
2025-01-30 18:29:43,695 INFO c.h.h.t.HelmChartContainer - [K3S] [replica_set.go:679] "Finished syncing" kind="ReplicaSet" key="helminitcontainerit-operator/hivemq-test-hivemq-platform-operator-6966f96d65" duration="116.598µs"
2025-01-30 18:29:43,695 INFO c.h.h.t.HelmChartContainer - [K3S] [replica_set.go:679] "Finished syncing" kind="ReplicaSet" key="helminitcontainerit-operator/hivemq-test-hivemq-platform-operator-6966f96d65" duration="167.984µs"
2025-01-30 18:29:43,795 INFO c.h.h.t.HelmChartContainer - [K3S] [reconciler_common.go:251] "operationExecutor.VerifyControllerAttachedVolume started for volume \"kube-api-access-8b7cd\" (UniqueName: \"kubernetes.io/projected/ea3fbc68-f8b0-4632-b52e-53e66f443b3a-kube-api-access-8b7cd\") pod \"hivemq-test-hivemq-platform-operator-6966f96d65-mcpv2\" (UID: \"ea3fbc68-f8b0-4632-b52e-53e66f443b3a\") " pod="helminitcontainerit-operator/hivemq-test-hivemq-platform-operator-6966f96d65-mcpv2"
2025-01-30 18:29:44,060 INFO c.h.h.t.HelmChartContainer - [EVENT] Normal [Pulled] Container image "docker.io/hivemq/hivemq-platform-operator-test:snapshot" already present on machine [helminitcontainerit-operator:hivemq-test-hivemq-platform-operator-6966f96d65-mcpv2]
2025-01-30 18:29:44,060 INFO c.h.h.t.HelmChartContainer - Received Pulled event for container hivemq-platform-operator in pod hivemq-test-hivemq-platform-operator-6966f96d65-mcpv2 [ea3fbc68-f8b0-4632-b52e-53e66f443b3a]
2025-01-30 18:29:45,510 INFO c.h.h.t.HelmChartContainer - [EVENT] Normal [Created] Created container: hivemq-platform-operator [helminitcontainerit-operator:hivemq-test-hivemq-platform-operator-6966f96d65-mcpv2]
2025-01-30 18:29:45,510 INFO c.h.h.t.HelmChartContainer - Received Created event for container hivemq-platform-operator in pod hivemq-test-hivemq-platform-operator-6966f96d65-mcpv2 [ea3fbc68-f8b0-4632-b52e-53e66f443b3a]
2025-01-30 18:29:46,509 INFO c.h.h.t.HelmChartContainer - [K3S] [replica_set.go:679] "Finished syncing" kind="ReplicaSet" key="helminitcontainerit-operator/hivemq-test-hivemq-platform-operator-6966f96d65" duration="44.663µs"
2025-01-30 18:29:46,514 INFO c.h.h.t.HelmChartContainer - [POD] hivemq-test-hivemq-platform-operator-6966f96d65-mcpv2 [ea3fbc68-f8b0-4632-b52e-53e66f443b3a] in helminitcontainerit-operator was MODIFIED
2025-01-30 18:29:46,527 INFO c.h.h.t.HelmChartContainer - [EVENT] Normal [Started] Started container hivemq-platform-operator [helminitcontainerit-operator:hivemq-test-hivemq-platform-operator-6966f96d65-mcpv2]
2025-01-30 18:29:46,527 INFO c.h.h.t.HelmChartContainer - Received Started event for container hivemq-platform-operator in pod hivemq-test-hivemq-platform-operator-6966f96d65-mcpv2 [ea3fbc68-f8b0-4632-b52e-53e66f443b3a]
2025-01-30 18:29:46,527 INFO c.h.h.t.HelmChartContainer - Started log watcher for hivemq-platform-operator in pod hivemq-test-hivemq-platform-operator-6966f96d65-mcpv2 [ea3fbc68-f8b0-4632-b52e-53e66f443b3a]
2025-01-30 18:29:46,527 INFO c.h.h.t.HelmChartContainer - [hivemq-test-hivemq-platform] [hivemq-platform-operator] [ea3fbc68] -------------------------------------------------------------------------
2025-01-30 18:29:46,527 INFO c.h.h.t.HelmChartContainer - [hivemq-test-hivemq-platform] [hivemq-platform-operator] [ea3fbc68] 
2025-01-30 18:29:46,527 INFO c.h.h.t.HelmChartContainer - [hivemq-test-hivemq-platform] [hivemq-platform-operator] [ea3fbc68]                   _    _  _              __  __   ____
2025-01-30 18:29:46,527 INFO c.h.h.t.HelmChartContainer - [hivemq-test-hivemq-platform] [hivemq-platform-operator] [ea3fbc68]                  | |  | |(_)            |  \/  | / __ \
2025-01-30 18:29:46,527 INFO c.h.h.t.HelmChartContainer - [hivemq-test-hivemq-platform] [hivemq-platform-operator] [ea3fbc68]                  | |__| | _ __   __ ___ | \  / || |  | |
2025-01-30 18:29:46,527 INFO c.h.h.t.HelmChartContainer - [hivemq-test-hivemq-platform] [hivemq-platform-operator] [ea3fbc68]                  |  __  || |\ \ / // _ \| |\/| || |  | |
2025-01-30 18:29:46,527 INFO c.h.h.t.HelmChartContainer - [hivemq-test-hivemq-platform] [hivemq-platform-operator] [ea3fbc68]                  | |  | || | \ V /|  __/| |  | || |__| |
2025-01-30 18:29:46,527 INFO c.h.h.t.HelmChartContainer - [hivemq-test-hivemq-platform] [hivemq-platform-operator] [ea3fbc68]                  |_|  |_||_|  \_/  \___||_|  |_| \___\_\
2025-01-30 18:29:46,527 INFO c.h.h.t.HelmChartContainer - [hivemq-test-hivemq-platform] [hivemq-platform-operator] [ea3fbc68] 
2025-01-30 18:29:46,528 INFO c.h.h.t.HelmChartContainer - [hivemq-test-hivemq-platform] [hivemq-platform-operator] [ea3fbc68] -------------------------------------------------------------------------
2025-01-30 18:29:46,529 INFO c.h.h.t.HelmChartContainer - [hivemq-test-hivemq-platform] [hivemq-platform-operator] [ea3fbc68] 
2025-01-30 18:29:46,529 INFO c.h.h.t.HelmChartContainer - [hivemq-test-hivemq-platform] [hivemq-platform-operator] [ea3fbc68]   HiveMQ Platform Operator Start Script v1.0
2025-01-30 18:29:46,529 INFO c.h.h.t.HelmChartContainer - [hivemq-test-hivemq-platform] [hivemq-platform-operator] [ea3fbc68] 
2025-01-30 18:29:46,529 INFO c.h.h.t.HelmChartContainer - [hivemq-test-hivemq-platform] [hivemq-platform-operator] [ea3fbc68] -------------------------------------------------------------------------
2025-01-30 18:29:46,529 INFO c.h.h.t.HelmChartContainer - [hivemq-test-hivemq-platform] [hivemq-platform-operator] [ea3fbc68] 
2025-01-30 18:29:46,529 INFO c.h.h.t.HelmChartContainer - [hivemq-test-hivemq-platform] [hivemq-platform-operator] [ea3fbc68]   JAVA_OPTS: -XX:+UnlockExperimentalVMOptions -XX:InitialRAMPercentage=75 -XX:MaxRAMPercentage=75 -Duser.language=en -Duser.region=US
2025-01-30 18:29:46,529 INFO c.h.h.t.HelmChartContainer - [hivemq-test-hivemq-platform] [hivemq-platform-operator] [ea3fbc68] 
2025-01-30 18:29:46,529 INFO c.h.h.t.HelmChartContainer - [hivemq-test-hivemq-platform] [hivemq-platform-operator] [ea3fbc68]   JAVA_VERSION: 21
2025-01-30 18:29:46,529 INFO c.h.h.t.HelmChartContainer - [hivemq-test-hivemq-platform] [hivemq-platform-operator] [ea3fbc68] 
2025-01-30 18:29:46,529 INFO c.h.h.t.HelmChartContainer - [hivemq-test-hivemq-platform] [hivemq-platform-operator] [ea3fbc68] -------------------------------------------------------------------------
2025-01-30 18:29:46,529 INFO c.h.h.t.HelmChartContainer - [hivemq-test-hivemq-platform] [hivemq-platform-operator] [ea3fbc68] 
2025-01-30 18:29:48,805 INFO c.h.h.t.HelmChartContainer - [hivemq-test-hivemq-platform] [hivemq-platform-operator] [ea3fbc68] 18:29:48.802 [main] DEBUG org.jboss.logging - Logging Provider: org.jboss.logging.Slf4jLoggerProvider
2025-01-30 18:29:48,908 INFO c.h.h.t.HelmChartContainer - [hivemq-test-hivemq-platform] [hivemq-platform-operator] [ea3fbc68] 18:29:48.907 [main] DEBUG io.smallrye.config - SRCFG01006: Loaded ConfigSource SysPropConfigSource with ordinal 400
2025-01-30 18:29:48,909 INFO c.h.h.t.HelmChartContainer - [hivemq-test-hivemq-platform] [hivemq-platform-operator] [ea3fbc68] 18:29:48.907 [main] DEBUG io.smallrye.config - SRCFG01006: Loaded ConfigSource EnvConfigSource with ordinal 300
2025-01-30 18:29:48,909 INFO c.h.h.t.HelmChartContainer - [hivemq-test-hivemq-platform] [hivemq-platform-operator] [ea3fbc68] 18:29:48.907 [main] DEBUG io.smallrye.config - SRCFG01006: Loaded ConfigSource PropertiesConfigSource[source=jar:file:///opt/hivemq-platform-operator/bin/hivemq-platform-operator.jar!/hivemq-platform-operator.properties] with ordinal 100
2025-01-30 18:29:48,909 INFO c.h.h.t.HelmChartContainer - [hivemq-test-hivemq-platform] [hivemq-platform-operator] [ea3fbc68] 18:29:48.907 [main] DEBUG io.smallrye.config - SRCFG01006: Loaded ConfigSource DefaultValuesConfigSource with ordinal -2147483648
2025-01-30 18:29:49,015 INFO c.h.h.t.HelmChartContainer - [hivemq-test-hivemq-platform] [hivemq-platform-operator] [ea3fbc68] 18:29:49.014 [main] DEBUG i.m.c.u.i.l.InternalLoggerFactory - Using SLF4J as the default logging framework
2025-01-30 18:29:49,195 INFO c.h.h.t.HelmChartContainer - [hivemq-test-hivemq-platform] [hivemq-platform-operator] [ea3fbc68] 18:29:49.116 [main] INFO  c.h.p.o.HiveMQPlatformOperatorApplication - HiveMQ Platform Operator 1.7.0-SNAPSHOT (commit: 47e3375 on branch: HEAD) built on Thu Jan 30 03:55:50 UTC 2025
2025-01-30 18:29:49,196 INFO c.h.h.t.HelmChartContainer - [hivemq-test-hivemq-platform] [hivemq-platform-operator] [ea3fbc68] 18:29:49.195 [main] INFO  c.h.p.o.HiveMQPlatformOperatorApplication - HiveMQ Platform Operator is running in namespace: helminitcontainerit-operator
2025-01-30 18:29:49,196 INFO c.h.h.t.HelmChartContainer - [hivemq-test-hivemq-platform] [hivemq-platform-operator] [ea3fbc68] 18:29:49.195 [main] INFO  c.h.p.o.HiveMQPlatformOperatorApplication - Watching all namespaces
2025-01-30 18:29:49,196 INFO c.h.h.t.HelmChartContainer - [hivemq-test-hivemq-platform] [hivemq-platform-operator] [ea3fbc68] 18:29:49.195 [main] INFO  c.h.p.o.HiveMQPlatformOperatorApplication - Log level: DEBUG
2025-01-30 18:29:49,196 INFO c.h.h.t.HelmChartContainer - [hivemq-test-hivemq-platform] [hivemq-platform-operator] [ea3fbc68] 18:29:49.195 [main] INFO  c.h.p.o.HiveMQPlatformOperatorApplication - Release name: test-hivemq-platform-operator
2025-01-30 18:29:49,197 INFO c.h.h.t.HelmChartContainer - [hivemq-test-hivemq-platform] [hivemq-platform-operator] [ea3fbc68] 18:29:49.195 [main] INFO  c.h.p.o.HiveMQPlatformOperatorApplication - HiveMQ Platform Operator Init image: docker.io/hivemq/hivemq-platform-operator-init-test:snapshot
2025-01-30 18:29:49,197 INFO c.h.h.t.HelmChartContainer - [hivemq-test-hivemq-platform] [hivemq-platform-operator] [ea3fbc68] 18:29:49.195 [main] INFO  c.h.p.o.HiveMQPlatformOperatorApplication - HiveMQ Platform Operator Init App update URL: http://hivemq-platform-operator-test-hivemq-platform-operator.helminitcontainerit-operator.svc:8080/initAppUpdate/hivemq-platform-operator-init-app-1.7.0-SNAPSHOT.jar
2025-01-30 18:29:49,197 INFO c.h.h.t.HelmChartContainer - [hivemq-test-hivemq-platform] [hivemq-platform-operator] [ea3fbc68] 18:29:49.195 [main] INFO  c.h.p.o.HiveMQPlatformOperatorApplication - Additional imagePullSecret for all Platform deployments: none
2025-01-30 18:29:49,197 INFO c.h.h.t.HelmChartContainer - [hivemq-test-hivemq-platform] [hivemq-platform-operator] [ea3fbc68] 18:29:49.195 [main] INFO  c.h.p.o.HiveMQPlatformOperatorApplication - Apply HiveMQ Platform CRD: true
2025-01-30 18:29:49,197 INFO c.h.h.t.HelmChartContainer - [hivemq-test-hivemq-platform] [hivemq-platform-operator] [ea3fbc68] 18:29:49.195 [main] INFO  c.h.p.o.HiveMQPlatformOperatorApplication - Create Platform ServiceAccount: true
2025-01-30 18:29:49,197 INFO c.h.h.t.HelmChartContainer - [hivemq-test-hivemq-platform] [hivemq-platform-operator] [ea3fbc68] 18:29:49.195 [main] INFO  c.h.p.o.HiveMQPlatformOperatorApplication - Create Platform ServiceAccount permissions: true
2025-01-30 18:29:49,197 INFO c.h.h.t.HelmChartContainer - [hivemq-test-hivemq-platform] [hivemq-platform-operator] [ea3fbc68] 18:29:49.195 [main] INFO  c.h.p.o.HiveMQPlatformOperatorApplication - Validate Platform ServiceAccount: true
2025-01-30 18:29:49,197 INFO c.h.h.t.HelmChartContainer - [hivemq-test-hivemq-platform] [hivemq-platform-operator] [ea3fbc68] 18:29:49.195 [main] INFO  c.h.p.o.HiveMQPlatformOperatorApplication - Validate Platform ServiceAccount permissions: true
2025-01-30 18:29:49,309 INFO c.h.h.t.HelmChartContainer - [hivemq-test-hivemq-platform] [hivemq-platform-operator] [ea3fbc68] 18:29:49.306 [main] INFO  c.h.platform.operator.util.CRDUtil - Verifying deployed HiveMQ Platform CRD...
2025-01-30 18:29:51,711 INFO c.h.h.t.HelmChartContainer - [hivemq-test-hivemq-platform] [hivemq-platform-operator] [ea3fbc68] 18:29:51.709 [main] DEBUG c.h.platform.operator.util.CRDUtil - HiveMQ Platform CRD version v1 is up to date
2025-01-30 18:29:51,711 INFO c.h.h.t.HelmChartContainer - [hivemq-test-hivemq-platform] [hivemq-platform-operator] [ea3fbc68] 18:29:51.710 [main] INFO  c.h.platform.operator.util.CRDUtil - HiveMQ Platform CRD is up to date (version: V1_6_0)
2025-01-30 18:29:51,712 INFO c.h.h.t.HelmChartContainer - [hivemq-test-hivemq-platform] [hivemq-platform-operator] [ea3fbc68] 18:29:51.710 [main] INFO  c.h.platform.operator.util.CRDUtil - Waiting 10000 ms for HiveMQ Platform CRD 'hivemq-platforms.hivemq.com' to become ready...
2025-01-30 18:29:52,012 INFO c.h.h.t.HelmChartContainer - [hivemq-test-hivemq-platform] [hivemq-platform-operator] [ea3fbc68] 18:29:52.010 [vert.x-eventloop-thread-1] DEBUG c.h.platform.operator.util.CRDUtil - Checking CRD condition 'NamesAccepted' (status: 'True')
2025-01-30 18:29:52,013 INFO c.h.h.t.HelmChartContainer - [hivemq-test-hivemq-platform] [hivemq-platform-operator] [ea3fbc68] 18:29:52.010 [vert.x-eventloop-thread-1] DEBUG c.h.platform.operator.util.CRDUtil - Checking CRD condition 'Established' (status: 'True')
2025-01-30 18:29:52,013 INFO c.h.h.t.HelmChartContainer - [hivemq-test-hivemq-platform] [hivemq-platform-operator] [ea3fbc68] 18:29:52.011 [main] INFO  c.h.platform.operator.util.CRDUtil - HiveMQ Platform CRD 'hivemq-platforms.hivemq.com' is ready
2025-01-30 18:29:52,205 INFO c.h.h.t.HelmChartContainer - [hivemq-test-hivemq-platform] [hivemq-platform-operator] [ea3fbc68] 18:29:52.203 [main] INFO  c.h.p.o.HiveMQPlatformReconciler - HiveMQ Platform Operator is starting...
2025-01-30 18:29:52,305 INFO c.h.h.t.HelmChartContainer - [hivemq-test-hivemq-platform] [hivemq-platform-operator] [ea3fbc68] 18:29:52.304 [main] WARN  Default ConfigurationService implementation - Configuration for reconciler 'hivemq-controller' was not found. Known reconcilers: None.
2025-01-30 18:29:52,312 INFO c.h.h.t.HelmChartContainer - [hivemq-test-hivemq-platform] [hivemq-platform-operator] [ea3fbc68] 18:29:52.311 [main] INFO  Default ConfigurationService implementation - Created configuration for reconciler com.hivemq.platform.operator.HiveMQPlatformReconciler with name hivemq-controller
2025-01-30 18:29:52,412 INFO c.h.h.t.HelmChartContainer - [hivemq-test-hivemq-platform] [hivemq-platform-operator] [ea3fbc68] 18:29:52.411 [main] DEBUG c.h.p.o.HiveMQPlatformReconciler - HiveMQ Platform Operator is preparing EventSources
2025-01-30 18:29:52,424 INFO c.h.h.t.HelmChartContainer - [hivemq-test-hivemq-platform] [hivemq-platform-operator] [ea3fbc68] 18:29:52.423 [main] INFO  i.javaoperatorsdk.operator.Operator - Registered reconciler: 'hivemq-controller' for resource: 'class com.hivemq.platform.operator.v1.HiveMQPlatform' for namespace(s): [all namespaces]
2025-01-30 18:29:53,018 INFO c.h.h.t.HelmChartContainer - [hivemq-test-hivemq-platform] [hivemq-platform-operator] [ea3fbc68] 18:29:53.017 [main] INFO  c.h.p.operator.webserver.JettyServer - Starting Jetty server on port 8080
2025-01-30 18:29:53,115 INFO c.h.h.t.HelmChartContainer - [hivemq-test-hivemq-platform] [hivemq-platform-operator] [ea3fbc68] 18:29:53.113 [main] INFO  i.javaoperatorsdk.operator.Operator - Operator SDK 4.9.7 (commit: 2133d28) built on Wed Nov 20 12:56:20 UTC 2024 starting...
2025-01-30 18:29:53,116 INFO c.h.h.t.HelmChartContainer - [hivemq-test-hivemq-platform] [hivemq-platform-operator] [ea3fbc68] 18:29:53.114 [main] INFO  i.javaoperatorsdk.operator.Operator - Client version: 6.13.5
2025-01-30 18:29:53,118 INFO c.h.h.t.HelmChartContainer - [hivemq-test-hivemq-platform] [hivemq-platform-operator] [ea3fbc68] 18:29:53.116 [Controller Starter for: hivemq-controller] INFO  i.j.operator.processing.Controller - Starting 'hivemq-controller' controller for reconciler: com.hivemq.platform.operator.HiveMQPlatformReconciler, resource: com.hivemq.platform.operator.v1.HiveMQPlatform
2025-01-30 18:29:55,408 INFO c.h.h.t.HelmChartContainer - [hivemq-test-hivemq-platform] [hivemq-platform-operator] [ea3fbc68] 18:29:55.408 [Controller Starter for: hivemq-controller] INFO  i.j.operator.processing.Controller - 'hivemq-controller' controller started
2025-01-30 18:29:55,409 INFO c.h.h.t.HelmChartContainer - [hivemq-test-hivemq-platform] [hivemq-platform-operator] [ea3fbc68] 18:29:55.408 [main] INFO  c.h.p.o.HiveMQPlatformOperatorApplication - HiveMQ Platform Operator 1.7.0-SNAPSHOT started in 6292 ms
2025-01-30 18:29:57,515 INFO c.h.h.t.HelmChartContainer - [POD] hivemq-test-hivemq-platform-operator-6966f96d65-mcpv2 [ea3fbc68-f8b0-4632-b52e-53e66f443b3a] in helminitcontainerit-operator was MODIFIED
2025-01-30 18:29:57,524 INFO c.h.h.t.HelmChartContainer - [K3S] [replica_set.go:679] "Finished syncing" kind="ReplicaSet" key="helminitcontainerit-operator/hivemq-test-hivemq-platform-operator-6966f96d65" duration="9.604175ms"
2025-01-30 18:29:57,525 INFO c.h.h.t.HelmChartContainer - [K3S] [replica_set.go:679] "Finished syncing" kind="ReplicaSet" key="helminitcontainerit-operator/hivemq-test-hivemq-platform-operator-6966f96d65" duration="37.861µs"
2025-01-30 18:29:57,754 DEBUG c.h.h.t.HelmChartContainer - Executing helm command: /bin/helm --kubeconfig /etc/rancher/k3s/k3s.yaml install test-hivemq-platform /charts/hivemq-platform --wait --timeout 5m0s --set image.repository=docker.io/hivemq --set image.tag=4.36.0 --set image.pullPolicy=Never --set nodes.resources.cpu=512m --set-file config.overrideInitContainers=/files/init-containers-spec.yaml -f /files/init-container-additional-volumes-values.yaml --namespace helminitcontainerit
2025-01-30 18:29:58,309 INFO c.h.h.t.HelmChartContainer - [hivemq-test-hivemq-platform] [hivemq-platform-operator] [ea3fbc68] 18:29:58.306 [-2082509879-pool-1-thread-2] WARN  i.m.p.PrometheusMeterRegistry - The meter (MeterId{name='operator.sdk.events.received', tags=[tag(action=ADDED),tag(event=ResourceEvent),tag(group=hivemq.com),tag(kind=HiveMQPlatform),tag(name=test-hivemq-platform),tag(namespace=helminitcontainerit),tag(scope=namespace),tag(version=v1)]}) registration has failed: Prometheus requires that all meters with the same name have the same set of tag keys. There is already an existing meter named 'operator.sdk.events.received' containing tag keys [event, group, kind, name, namespace, scope, version]. The meter you are attempting to register has keys [action, event, group, kind, name, namespace, scope, version]. Note that subsequent logs will be logged at debug level.
2025-01-30 18:29:58,718 INFO c.h.h.t.HelmChartContainer - [hivemq-test-hivemq-platform] [hivemq-platform-operator] [ea3fbc68] 18:29:58.717 [pool-6-thread-3] DEBUG c.h.p.o.dependants.PodInfoConfigMap - [helminit] Desired PodInfo ConfigMap (1 extensions) (1 enabled)
2025-01-30 18:29:58,719 INFO c.h.h.t.HelmChartContainer - [hivemq-test-hivemq-platform] [hivemq-platform-operator] [ea3fbc68] 18:29:58.718 [pool-6-thread-3] DEBUG c.h.p.o.dependants.PodInfoConfigMap - [helminit] Desired PodInfo ConfigMap (metrics port: 9399) (metrics path: /)
2025-01-30 18:29:58,719 INFO c.h.h.t.HelmChartContainer - [hivemq-test-hivemq-platform] [hivemq-platform-operator] [ea3fbc68] 18:29:58.718 [pool-6-thread-3] DEBUG c.h.p.o.dependants.PodInfoConfigMap - [helminit] Desired PodInfo ConfigMap (extension state hash: -1817474005)
2025-01-30 18:29:58,721 INFO c.h.h.t.HelmChartContainer - [hivemq-test-hivemq-platform] [hivemq-platform-operator] [ea3fbc68] 18:29:58.720 [pool-6-thread-3] DEBUG c.h.p.o.dependants.PodInfoConfigMap - [helminit] Create PodInfo ConfigMap
2025-01-30 18:29:58,816 INFO c.h.h.t.HelmChartContainer - [hivemq-test-hivemq-platform] [hivemq-platform-operator] [ea3fbc68] 18:29:58.814 [pool-6-thread-5] DEBUG c.h.p.o.dependants.PodRoleResource - [helminit] Create Role: Role(apiVersion=rbac.authorization.k8s.io/v1, kind=Role, metadata=ObjectMeta(annotations={meta.helm.sh/release-name=test-hivemq-platform, meta.helm.sh/release-namespace=helminitcontainerit}, creationTimestamp=null, deletionGracePeriodSeconds=null, deletionTimestamp=null, finalizers=[], generateName=null, generation=null, labels={helm.sh/chart=hivemq-platform-0.2.32, app.kubernetes.io/managed-by=Helm, app.kubernetes.io/name=hivemq-platform, hivemq-platform=test-hivemq-platform, app.kubernetes.io/instance=test-hivemq-platform, app.kubernetes.io/version=4.36.0}, managedFields=[], name=hivemq-platform-role-test-hivemq-platform, namespace=helminitcontainerit, ownerReferences=[OwnerReference(apiVersion=hivemq.com/v1, blockOwnerDeletion=null, controller=null, kind=HiveMQPlatform, name=test-hivemq-platform, uid=0e3e92f1-f916-4a62-96a6-f24a29cb4e98, additionalProperties={})], resourceVersion=null, selfLink=null, uid=null, additionalProperties={}), rules=[PolicyRule(apiGroups=[], nonResourceURLs=[], resourceNames=[], resources=[pods], verbs=[get, patch, update], additionalProperties={})], additionalProperties={})
2025-01-30 18:29:59,011 INFO c.h.h.t.HelmChartContainer - [hivemq-test-hivemq-platform] [hivemq-platform-operator] [ea3fbc68] 18:29:59.008 [pool-6-thread-7] DEBUG c.h.p.o.d.PodServiceAccountResource - [helminit] Desired PodServiceAccountResource (serviceAccountName: hivemq-platform-pod-test-hivemq-platform)
2025-01-30 18:29:59,012 INFO c.h.h.t.HelmChartContainer - [hivemq-test-hivemq-platform] [hivemq-platform-operator] [ea3fbc68] 18:29:59.009 [pool-6-thread-7] DEBUG c.h.p.o.d.PodServiceAccountResource - [helminit] Create ServiceAccount 'hivemq-platform-pod-test-hivemq-platform'
2025-01-30 18:29:59,118 INFO c.h.h.t.HelmChartContainer - [hivemq-test-hivemq-platform] [hivemq-platform-operator] [ea3fbc68] 18:29:59.117 [pool-6-thread-10] DEBUG c.h.p.o.d.PodRoleBindingResource - [helminit] Create RoleBinding: RoleBinding(apiVersion=rbac.authorization.k8s.io/v1, kind=RoleBinding, metadata=ObjectMeta(annotations={meta.helm.sh/release-name=test-hivemq-platform, meta.helm.sh/release-namespace=helminitcontainerit}, creationTimestamp=null, deletionGracePeriodSeconds=null, deletionTimestamp=null, finalizers=[], generateName=null, generation=null, labels={helm.sh/chart=hivemq-platform-0.2.32, app.kubernetes.io/managed-by=Helm, app.kubernetes.io/name=hivemq-platform, hivemq-platform=test-hivemq-platform, app.kubernetes.io/instance=test-hivemq-platform, app.kubernetes.io/version=4.36.0}, managedFields=[], name=hivemq-platform-role-binding-test-hivemq-platform, namespace=helminitcontainerit, ownerReferences=[OwnerReference(apiVersion=hivemq.com/v1, blockOwnerDeletion=null, controller=null, kind=HiveMQPlatform, name=test-hivemq-platform, uid=0e3e92f1-f916-4a62-96a6-f24a29cb4e98, additionalProperties={})], resourceVersion=null, selfLink=null, uid=null, additionalProperties={}), roleRef=RoleRef(apiGroup=rbac.authorization.k8s.io, kind=Role, name=hivemq-platform-role-test-hivemq-platform, additionalProperties={}), subjects=[Subject(apiGroup=null, kind=ServiceAccount, name=hivemq-platform-pod-test-hivemq-platform, namespace=helminitcontainerit, additionalProperties={})], additionalProperties={})
2025-01-30 18:29:59,206 INFO c.h.h.t.HelmChartContainer - [hivemq-test-hivemq-platform] [hivemq-platform-operator] [ea3fbc68] 18:29:59.205 [ReconcilerExecutor-hivemq-controller-54] INFO  c.h.p.o.HiveMQPlatformReconciler - [helminit] Reconciling HiveMQ Platform 'test-hivemq-platform' in namespace 'helminitcontainerit'
2025-01-30 18:29:59,207 INFO c.h.h.t.HelmChartContainer - [hivemq-test-hivemq-platform] [hivemq-platform-operator] [ea3fbc68] 18:29:59.206 [ReconcilerExecutor-hivemq-controller-54] DEBUG c.h.p.o.HiveMQPlatformReconciler - [helminit] Custom Resource Status CREATED - HiveMQ Platform was created (READY)
2025-01-30 18:29:59,207 INFO c.h.h.t.HelmChartContainer - [hivemq-test-hivemq-platform] [hivemq-platform-operator] [ea3fbc68] 18:29:59.206 [ReconcilerExecutor-hivemq-controller-54] DEBUG c.h.p.o.HiveMQPlatformReconciler - [helminit] Custom Resource Spec (replicas: 1) (extensions: 1)
2025-01-30 18:29:59,210 INFO c.h.h.t.HelmChartContainer - [hivemq-test-hivemq-platform] [hivemq-platform-operator] [ea3fbc68] 18:29:59.209 [ReconcilerExecutor-hivemq-controller-54] INFO  c.h.p.o.h.HiveMQPlatformReconcilerBaseHandler - [helminit] HiveMQ Platform is starting
2025-01-30 18:29:59,314 INFO c.h.h.t.HelmChartContainer - [hivemq-test-hivemq-platform] [hivemq-platform-operator] [ea3fbc68] 18:29:59.312 [ReconcilerExecutor-hivemq-controller-54] DEBUG c.h.p.operator.event.EventSender - [helminit] Creating K8s event hivemq-platform-starting: [Start] HiveMQ Platform is starting
2025-01-30 18:29:59,321 INFO c.h.h.t.HelmChartContainer - [EVENT] Normal [Start] HiveMQ Platform is starting [helminitcontainerit:test-hivemq-platform]
2025-01-30 18:29:59,403 INFO c.h.h.t.HelmChartContainer - [hivemq-test-hivemq-platform] [hivemq-platform-operator] [ea3fbc68] 18:29:59.402 [ReconcilerExecutor-hivemq-controller-54] INFO  c.h.p.o.h.AbstractHiveMQReconcilerStateHandler - [helminit] Update HiveMQ Platform Status (CREATED [READY] -> STARTING [READY]): HiveMQ Platform is starting
2025-01-30 18:29:59,419 DEBUG com.hivemq.helmcharts.util.K8sUtil - Comparing actual state 'STARTING' and waiting for 'RUNNING'
2025-01-30 18:30:09,513 INFO c.h.h.t.HelmChartContainer - [hivemq-test-hivemq-platform] [hivemq-platform-operator] [ea3fbc68] 18:30:09.510 [pool-6-thread-12] DEBUG c.h.p.o.d.PlatformServiceResource - [helminit] Desired Platform services (3 services)
2025-01-30 18:30:09,514 INFO c.h.h.t.HelmChartContainer - [hivemq-test-hivemq-platform] [hivemq-platform-operator] [ea3fbc68] 18:30:09.511 [pool-6-thread-13] DEBUG c.h.p.o.dependants.PodInfoConfigMap - [helminit] Desired PodInfo ConfigMap (1 extensions) (1 enabled)
2025-01-30 18:30:09,514 INFO c.h.h.t.HelmChartContainer - [hivemq-test-hivemq-platform] [hivemq-platform-operator] [ea3fbc68] 18:30:09.511 [pool-6-thread-13] DEBUG c.h.p.o.dependants.PodInfoConfigMap - [helminit] Desired PodInfo ConfigMap (metrics port: 9399) (metrics path: /)
2025-01-30 18:30:09,514 INFO c.h.h.t.HelmChartContainer - [hivemq-test-hivemq-platform] [hivemq-platform-operator] [ea3fbc68] 18:30:09.512 [pool-6-thread-13] DEBUG c.h.p.o.dependants.PodInfoConfigMap - [helminit] Desired PodInfo ConfigMap (extension state hash: -1817474005)
2025-01-30 18:30:09,517 INFO c.h.h.t.HelmChartContainer - [hivemq-test-hivemq-platform] [hivemq-platform-operator] [ea3fbc68] 18:30:09.516 [pool-6-thread-17] DEBUG c.h.p.o.d.PodServiceAccountResource - [helminit] Desired PodServiceAccountResource (serviceAccountName: hivemq-platform-pod-test-hivemq-platform)
2025-01-30 18:30:09,518 INFO c.h.h.t.HelmChartContainer - [hivemq-test-hivemq-platform] [hivemq-platform-operator] [ea3fbc68] 18:30:09.517 [pool-6-thread-13] DEBUG c.h.p.o.dependants.PodInfoConfigMap - [helminit] Update PodInfo ConfigMap
2025-01-30 18:30:09,613 INFO c.h.h.t.HelmChartContainer - [K3S] [alloc.go:330] "allocated clusterIPs" service="helminitcontainerit/hivemq-test-hivemq-platform-cc-8080" clusterIPs={"IPv4":"10.43.83.195"}
2025-01-30 18:30:09,710 INFO c.h.h.t.HelmChartContainer - [K3S] [alloc.go:330] "allocated clusterIPs" service="helminitcontainerit/hivemq-test-hivemq-platform-metrics-9399" clusterIPs={"IPv4":"10.43.218.245"}
2025-01-30 18:30:09,722 INFO c.h.h.t.HelmChartContainer - [K3S] [alloc.go:330] "allocated clusterIPs" service="helminitcontainerit/hivemq-test-hivemq-platform-mqtt-1883" clusterIPs={"IPv4":"10.43.197.100"}
2025-01-30 18:30:09,805 INFO c.h.h.t.HelmChartContainer - [hivemq-test-hivemq-platform] [hivemq-platform-operator] [ea3fbc68] 18:30:09.802 [pool-6-thread-20] DEBUG c.h.p.o.d.StatefulSetResource - [helminit] Desired StatefulSet (1 replicas) for status STARTING (READY)
2025-01-30 18:30:09,816 INFO c.h.h.t.HelmChartContainer - [hivemq-test-hivemq-platform] [hivemq-platform-operator] [ea3fbc68] 18:30:09.815 [pool-6-thread-20] DEBUG c.h.p.o.d.StatefulSetResource - [helminit] Create StatefulSet
2025-01-30 18:30:09,922 INFO c.h.h.t.HelmChartContainer - [hivemq-test-hivemq-platform] [hivemq-platform-operator] [ea3fbc68] 18:30:09.921 [ReconcilerExecutor-hivemq-controller-65] INFO  c.h.p.o.HiveMQPlatformReconciler - [helminit] Reconciling HiveMQ Platform 'test-hivemq-platform' in namespace 'helminitcontainerit'
2025-01-30 18:30:09,926 INFO c.h.h.t.HelmChartContainer - [hivemq-test-hivemq-platform] [hivemq-platform-operator] [ea3fbc68] 18:30:09.921 [ReconcilerExecutor-hivemq-controller-65] DEBUG c.h.p.o.HiveMQPlatformReconciler - [helminit] Custom Resource Status STARTING - HiveMQ Platform is starting (READY)
2025-01-30 18:30:09,926 INFO c.h.h.t.HelmChartContainer - [hivemq-test-hivemq-platform] [hivemq-platform-operator] [ea3fbc68] 18:30:09.921 [ReconcilerExecutor-hivemq-controller-65] DEBUG c.h.p.o.HiveMQPlatformReconciler - [helminit] Custom Resource Spec (replicas: 1) (extensions: 1)
2025-01-30 18:30:09,927 INFO c.h.h.t.HelmChartContainer - [EVENT] Normal [SuccessfulCreate] create Pod test-hivemq-platform-0 in StatefulSet test-hivemq-platform successful [helminitcontainerit:test-hivemq-platform]
2025-01-30 18:30:09,927 INFO c.h.h.t.HelmChartContainer - [hivemq-test-hivemq-platform] [hivemq-platform-operator] [ea3fbc68] 18:30:09.925 [ReconcilerExecutor-hivemq-controller-65] DEBUG c.h.p.o.HiveMQPlatformReconciler - [helminit] StatefulSet Status (revision: null, replicas: 0, available: 0, ready: 0, current: 0, updated: 0)
2025-01-30 18:30:09,927 INFO c.h.h.t.HelmChartContainer - [POD] test-hivemq-platform-0 [d8b70422-f8a0-4995-8e37-91f09fb8b34a] in helminitcontainerit was ADDED
2025-01-30 18:30:09,934 INFO c.h.h.t.HelmChartContainer - [POD] test-hivemq-platform-0 [d8b70422-f8a0-4995-8e37-91f09fb8b34a] in helminitcontainerit was MODIFIED
2025-01-30 18:30:09,935 INFO c.h.h.t.HelmChartContainer - [EVENT] Normal [Scheduled] Successfully assigned helminitcontainerit/test-hivemq-platform-0 to c181d80517a6 [helminitcontainerit:test-hivemq-platform-0]
2025-01-30 18:30:09,941 INFO c.h.h.t.HelmChartContainer - [K3S] [reconciler_common.go:251] "operationExecutor.VerifyControllerAttachedVolume started for volume \"broker-configuration\" (UniqueName: \"kubernetes.io/configmap/d8b70422-f8a0-4995-8e37-91f09fb8b34a-broker-configuration\") pod \"test-hivemq-platform-0\" (UID: \"d8b70422-f8a0-4995-8e37-91f09fb8b34a\") " pod="helminitcontainerit/test-hivemq-platform-0"
2025-01-30 18:30:09,941 INFO c.h.h.t.HelmChartContainer - [K3S] [reconciler_common.go:251] "operationExecutor.VerifyControllerAttachedVolume started for volume \"operator-init\" (UniqueName: \"kubernetes.io/empty-dir/d8b70422-f8a0-4995-8e37-91f09fb8b34a-operator-init\") pod \"test-hivemq-platform-0\" (UID: \"d8b70422-f8a0-4995-8e37-91f09fb8b34a\") " pod="helminitcontainerit/test-hivemq-platform-0"
2025-01-30 18:30:09,942 INFO c.h.h.t.HelmChartContainer - [K3S] [reconciler_common.go:251] "operationExecutor.VerifyControllerAttachedVolume started for volume \"init-container-volume\" (UniqueName: \"kubernetes.io/empty-dir/d8b70422-f8a0-4995-8e37-91f09fb8b34a-init-container-volume\") pod \"test-hivemq-platform-0\" (UID: \"d8b70422-f8a0-4995-8e37-91f09fb8b34a\") " pod="helminitcontainerit/test-hivemq-platform-0"
2025-01-30 18:30:09,942 INFO c.h.h.t.HelmChartContainer - [K3S] [reconciler_common.go:251] "operationExecutor.VerifyControllerAttachedVolume started for volume \"pod-info\" (UniqueName: \"kubernetes.io/configmap/d8b70422-f8a0-4995-8e37-91f09fb8b34a-pod-info\") pod \"test-hivemq-platform-0\" (UID: \"d8b70422-f8a0-4995-8e37-91f09fb8b34a\") " pod="helminitcontainerit/test-hivemq-platform-0"
2025-01-30 18:30:09,942 INFO c.h.h.t.HelmChartContainer - [K3S] [reconciler_common.go:251] "operationExecutor.VerifyControllerAttachedVolume started for volume \"kube-api-access-pjhv8\" (UniqueName: \"kubernetes.io/projected/d8b70422-f8a0-4995-8e37-91f09fb8b34a-kube-api-access-pjhv8\") pod \"test-hivemq-platform-0\" (UID: \"d8b70422-f8a0-4995-8e37-91f09fb8b34a\") " pod="helminitcontainerit/test-hivemq-platform-0"
2025-01-30 18:30:09,946 INFO c.h.h.t.HelmChartContainer - [POD] test-hivemq-platform-0 [d8b70422-f8a0-4995-8e37-91f09fb8b34a] in helminitcontainerit was MODIFIED
2025-01-30 18:30:10,011 INFO c.h.h.t.HelmChartContainer - [hivemq-test-hivemq-platform] [hivemq-platform-operator] [ea3fbc68] 18:30:09.925 [ReconcilerExecutor-hivemq-controller-65] DEBUG c.h.p.o.HiveMQPlatformReconciler - [helminit] StatefulSet Spec (replicas: 1, init containers: 2, containers: 1, volumes: 4)
2025-01-30 18:30:10,109 INFO c.h.h.t.HelmChartContainer - [hivemq-test-hivemq-platform] [hivemq-platform-operator] [ea3fbc68] 18:30:10.108 [ReconcilerExecutor-hivemq-controller-65] DEBUG c.h.p.o.h.HiveMQPlatformReconcilerErrorHandler - [helminit] Pod 'test-hivemq-platform-0' phase Pending
2025-01-30 18:30:10,111 INFO c.h.h.t.HelmChartContainer - [hivemq-test-hivemq-platform] [hivemq-platform-operator] [ea3fbc68] 18:30:10.110 [ReconcilerExecutor-hivemq-controller-65] INFO  c.h.p.o.h.HiveMQPlatformReconcilerBaseHandler - [helminit] HiveMQ Platform is starting, 0 of 1 replicas are ready
2025-01-30 18:30:10,116 INFO c.h.h.t.HelmChartContainer - [hivemq-test-hivemq-platform] [hivemq-platform-operator] [ea3fbc68] 18:30:10.114 [pool-6-thread-22] DEBUG c.h.p.o.d.PlatformServiceResource - [helminit] Desired Platform services (3 services)
2025-01-30 18:30:10,203 INFO c.h.h.t.HelmChartContainer - [hivemq-test-hivemq-platform] [hivemq-platform-operator] [ea3fbc68] 18:30:10.116 [pool-6-thread-23] DEBUG c.h.p.o.dependants.PodInfoConfigMap - [helminit] Desired PodInfo ConfigMap (1 extensions) (1 enabled)
2025-01-30 18:30:10,203 INFO c.h.h.t.HelmChartContainer - [hivemq-test-hivemq-platform] [hivemq-platform-operator] [ea3fbc68] 18:30:10.201 [pool-6-thread-23] DEBUG c.h.p.o.dependants.PodInfoConfigMap - [helminit] Desired PodInfo ConfigMap (metrics port: 9399) (metrics path: /)
2025-01-30 18:30:10,203 INFO c.h.h.t.HelmChartContainer - [hivemq-test-hivemq-platform] [hivemq-platform-operator] [ea3fbc68] 18:30:10.202 [pool-6-thread-23] DEBUG c.h.p.o.dependants.PodInfoConfigMap - [helminit] Desired PodInfo ConfigMap (extension state hash: -1817474005)
2025-01-30 18:30:10,206 INFO c.h.h.t.HelmChartContainer - [hivemq-test-hivemq-platform] [hivemq-platform-operator] [ea3fbc68] 18:30:10.204 [pool-6-thread-27] DEBUG c.h.p.o.d.PodServiceAccountResource - [helminit] Desired PodServiceAccountResource (serviceAccountName: hivemq-platform-pod-test-hivemq-platform)
2025-01-30 18:30:10,211 INFO c.h.h.t.HelmChartContainer - [hivemq-test-hivemq-platform] [hivemq-platform-operator] [ea3fbc68] 18:30:10.210 [pool-6-thread-30] DEBUG c.h.p.o.d.StatefulSetResource - [helminit] Desired StatefulSet (1 replicas) for status STARTING (READY)
2025-01-30 18:30:10,216 INFO c.h.h.t.HelmChartContainer - [hivemq-test-hivemq-platform] [hivemq-platform-operator] [ea3fbc68] 18:30:10.215 [ReconcilerExecutor-hivemq-controller-76] INFO  c.h.p.o.HiveMQPlatformReconciler - [helminit] Reconciling HiveMQ Platform 'test-hivemq-platform' in namespace 'helminitcontainerit'
2025-01-30 18:30:10,216 INFO c.h.h.t.HelmChartContainer - [hivemq-test-hivemq-platform] [hivemq-platform-operator] [ea3fbc68] 18:30:10.215 [ReconcilerExecutor-hivemq-controller-76] DEBUG c.h.p.o.HiveMQPlatformReconciler - [helminit] Custom Resource Status STARTING - HiveMQ Platform is starting (READY)
2025-01-30 18:30:10,217 INFO c.h.h.t.HelmChartContainer - [hivemq-test-hivemq-platform] [hivemq-platform-operator] [ea3fbc68] 18:30:10.215 [ReconcilerExecutor-hivemq-controller-76] DEBUG c.h.p.o.HiveMQPlatformReconciler - [helminit] Custom Resource Spec (replicas: 1) (extensions: 1)
2025-01-30 18:30:10,295 INFO c.h.h.t.HelmChartContainer - [hivemq-test-hivemq-platform] [hivemq-platform-operator] [ea3fbc68] 18:30:10.218 [ReconcilerExecutor-hivemq-controller-76] DEBUG c.h.p.o.HiveMQPlatformReconciler - [helminit] StatefulSet Status (revision: test-hivemq-platform-bdc69c5dd, replicas: 1, available: 0, ready: 0, current: 1, updated: 1)
2025-01-30 18:30:10,296 INFO c.h.h.t.HelmChartContainer - [hivemq-test-hivemq-platform] [hivemq-platform-operator] [ea3fbc68] 18:30:10.294 [ReconcilerExecutor-hivemq-controller-76] DEBUG c.h.p.o.HiveMQPlatformReconciler - [helminit] StatefulSet Spec (replicas: 1, init containers: 2, containers: 1, volumes: 4)
2025-01-30 18:30:10,307 INFO c.h.h.t.HelmChartContainer - [hivemq-test-hivemq-platform] [hivemq-platform-operator] [ea3fbc68] 18:30:10.307 [ReconcilerExecutor-hivemq-controller-76] DEBUG c.h.p.o.h.HiveMQPlatformReconcilerErrorHandler - [helminit] Pod 'test-hivemq-platform-0' phase Pending
2025-01-30 18:30:10,312 INFO c.h.h.t.HelmChartContainer - [hivemq-test-hivemq-platform] [hivemq-platform-operator] [ea3fbc68] 18:30:10.308 [ReconcilerExecutor-hivemq-controller-76] DEBUG c.h.p.o.h.HiveMQPlatformReconcilerErrorHandler - [helminit] Pod 'test-hivemq-platform-0' condition 'PodReadyToStartContainers': False
2025-01-30 18:30:10,312 INFO c.h.h.t.HelmChartContainer - [hivemq-test-hivemq-platform] [hivemq-platform-operator] [ea3fbc68] 18:30:10.308 [ReconcilerExecutor-hivemq-controller-76] DEBUG c.h.p.o.h.HiveMQPlatformReconcilerErrorHandler - [helminit] Pod 'test-hivemq-platform-0' condition 'Initialized': False
2025-01-30 18:30:10,312 INFO c.h.h.t.HelmChartContainer - [hivemq-test-hivemq-platform] [hivemq-platform-operator] [ea3fbc68] 18:30:10.308 [ReconcilerExecutor-hivemq-controller-76] DEBUG c.h.p.o.h.HiveMQPlatformReconcilerErrorHandler - [helminit] Pod 'test-hivemq-platform-0' condition 'Ready': False
2025-01-30 18:30:10,312 INFO c.h.h.t.HelmChartContainer - [hivemq-test-hivemq-platform] [hivemq-platform-operator] [ea3fbc68] 18:30:10.308 [ReconcilerExecutor-hivemq-controller-76] DEBUG c.h.p.o.h.HiveMQPlatformReconcilerErrorHandler - [helminit] Pod 'test-hivemq-platform-0' condition 'ContainersReady': False
2025-01-30 18:30:10,312 INFO c.h.h.t.HelmChartContainer - [hivemq-test-hivemq-platform] [hivemq-platform-operator] [ea3fbc68] 18:30:10.308 [ReconcilerExecutor-hivemq-controller-76] DEBUG c.h.p.o.h.HiveMQPlatformReconcilerErrorHandler - [helminit] Pod 'test-hivemq-platform-0' condition 'PodScheduled': True
2025-01-30 18:30:10,313 INFO c.h.h.t.HelmChartContainer - [hivemq-test-hivemq-platform] [hivemq-platform-operator] [ea3fbc68] 18:30:10.309 [ReconcilerExecutor-hivemq-controller-76] DEBUG c.h.p.o.h.HiveMQPlatformReconcilerErrorHandler - [helminit] Pod 'test-hivemq-platform-0' containerStatus 'hivemq' (started: false) (ready: false) (waiting: [PodInitializing] null)
2025-01-30 18:30:10,313 INFO c.h.h.t.HelmChartContainer - [hivemq-test-hivemq-platform] [hivemq-platform-operator] [ea3fbc68] 18:30:10.310 [ReconcilerExecutor-hivemq-controller-76] INFO  c.h.p.o.h.HiveMQPlatformReconcilerBaseHandler - [helminit] HiveMQ Platform is starting, 0 of 1 replicas are ready
2025-01-30 18:30:10,330 INFO c.h.h.t.HelmChartContainer - [EVENT] Normal [Pulling] Pulling image "busybox" [helminitcontainerit:test-hivemq-platform-0]
2025-01-30 18:30:11,120 INFO c.h.h.t.HelmChartContainer - [EVENT] Normal [Pulled] Successfully pulled image "busybox" in 791ms (791ms including waiting). Image size: 2167089 bytes. [helminitcontainerit:test-hivemq-platform-0]
2025-01-30 18:30:11,126 INFO c.h.h.t.HelmChartContainer - [EVENT] Normal [Created] Created container: test-init-container [helminitcontainerit:test-hivemq-platform-0]
2025-01-30 18:30:11,165 INFO c.h.h.t.HelmChartContainer - [EVENT] Normal [Started] Started container test-init-container [helminitcontainerit:test-hivemq-platform-0]
2025-01-30 18:30:11,545 INFO c.h.h.t.HelmChartContainer - [POD] test-hivemq-platform-0 [d8b70422-f8a0-4995-8e37-91f09fb8b34a] in helminitcontainerit was MODIFIED
2025-01-30 18:30:11,562 INFO c.h.h.t.HelmChartContainer - [hivemq-test-hivemq-platform] [hivemq-platform-operator] [ea3fbc68] 18:30:11.559 [pool-6-thread-32] DEBUG c.h.p.o.d.PlatformServiceResource - [helminit] Desired Platform services (3 services)
2025-01-30 18:30:11,562 INFO c.h.h.t.HelmChartContainer - [hivemq-test-hivemq-platform] [hivemq-platform-operator] [ea3fbc68] 18:30:11.559 [pool-6-thread-33] DEBUG c.h.p.o.dependants.PodInfoConfigMap - [helminit] Desired PodInfo ConfigMap (1 extensions) (1 enabled)
2025-01-30 18:30:11,562 INFO c.h.h.t.HelmChartContainer - [hivemq-test-hivemq-platform] [hivemq-platform-operator] [ea3fbc68] 18:30:11.559 [pool-6-thread-33] DEBUG c.h.p.o.dependants.PodInfoConfigMap - [helminit] Desired PodInfo ConfigMap (metrics port: 9399) (metrics path: /)
2025-01-30 18:30:11,562 INFO c.h.h.t.HelmChartContainer - [hivemq-test-hivemq-platform] [hivemq-platform-operator] [ea3fbc68] 18:30:11.559 [pool-6-thread-33] DEBUG c.h.p.o.dependants.PodInfoConfigMap - [helminit] Desired PodInfo ConfigMap (extension state hash: -1817474005)
2025-01-30 18:30:11,565 INFO c.h.h.t.HelmChartContainer - [hivemq-test-hivemq-platform] [hivemq-platform-operator] [ea3fbc68] 18:30:11.562 [pool-6-thread-37] DEBUG c.h.p.o.d.PodServiceAccountResource - [helminit] Desired PodServiceAccountResource (serviceAccountName: hivemq-platform-pod-test-hivemq-platform)
2025-01-30 18:30:11,607 INFO c.h.h.t.HelmChartContainer - [hivemq-test-hivemq-platform] [hivemq-platform-operator] [ea3fbc68] 18:30:11.604 [pool-6-thread-40] DEBUG c.h.p.o.d.StatefulSetResource - [helminit] Desired StatefulSet (1 replicas) for status STARTING (READY)
2025-01-30 18:30:11,610 INFO c.h.h.t.HelmChartContainer - [hivemq-test-hivemq-platform] [hivemq-platform-operator] [ea3fbc68] 18:30:11.609 [ReconcilerExecutor-hivemq-controller-87] INFO  c.h.p.o.HiveMQPlatformReconciler - [helminit] Reconciling HiveMQ Platform 'test-hivemq-platform' in namespace 'helminitcontainerit'
2025-01-30 18:30:11,611 INFO c.h.h.t.HelmChartContainer - [hivemq-test-hivemq-platform] [hivemq-platform-operator] [ea3fbc68] 18:30:11.609 [ReconcilerExecutor-hivemq-controller-87] DEBUG c.h.p.o.HiveMQPlatformReconciler - [helminit] Custom Resource Status STARTING - HiveMQ Platform is starting (READY)
2025-01-30 18:30:11,611 INFO c.h.h.t.HelmChartContainer - [hivemq-test-hivemq-platform] [hivemq-platform-operator] [ea3fbc68] 18:30:11.609 [ReconcilerExecutor-hivemq-controller-87] DEBUG c.h.p.o.HiveMQPlatformReconciler - [helminit] Custom Resource Spec (replicas: 1) (extensions: 1)
2025-01-30 18:30:11,612 INFO c.h.h.t.HelmChartContainer - [hivemq-test-hivemq-platform] [hivemq-platform-operator] [ea3fbc68] 18:30:11.611 [ReconcilerExecutor-hivemq-controller-87] DEBUG c.h.p.o.HiveMQPlatformReconciler - [helminit] StatefulSet Status (revision: test-hivemq-platform-bdc69c5dd, replicas: 1, available: 0, ready: 0, current: 1, updated: 1)
2025-01-30 18:30:11,614 INFO c.h.h.t.HelmChartContainer - [hivemq-test-hivemq-platform] [hivemq-platform-operator] [ea3fbc68] 18:30:11.612 [ReconcilerExecutor-hivemq-controller-87] DEBUG c.h.p.o.HiveMQPlatformReconciler - [helminit] StatefulSet Spec (replicas: 1, init containers: 2, containers: 1, volumes: 4)
2025-01-30 18:30:11,618 INFO c.h.h.t.HelmChartContainer - [hivemq-test-hivemq-platform] [hivemq-platform-operator] [ea3fbc68] 18:30:11.616 [ReconcilerExecutor-hivemq-controller-87] DEBUG c.h.p.o.h.HiveMQPlatformReconcilerErrorHandler - [helminit] Pod 'test-hivemq-platform-0' phase Pending
2025-01-30 18:30:11,620 INFO c.h.h.t.HelmChartContainer - [hivemq-test-hivemq-platform] [hivemq-platform-operator] [ea3fbc68] 18:30:11.617 [ReconcilerExecutor-hivemq-controller-87] DEBUG c.h.p.o.h.HiveMQPlatformReconcilerErrorHandler - [helminit] Pod 'test-hivemq-platform-0' condition 'PodReadyToStartContainers': True
2025-01-30 18:30:11,620 INFO c.h.h.t.HelmChartContainer - [hivemq-test-hivemq-platform] [hivemq-platform-operator] [ea3fbc68] 18:30:11.617 [ReconcilerExecutor-hivemq-controller-87] DEBUG c.h.p.o.h.HiveMQPlatformReconcilerErrorHandler - [helminit] Pod 'test-hivemq-platform-0' condition 'Initialized': False
2025-01-30 18:30:11,620 INFO c.h.h.t.HelmChartContainer - [hivemq-test-hivemq-platform] [hivemq-platform-operator] [ea3fbc68] 18:30:11.617 [ReconcilerExecutor-hivemq-controller-87] DEBUG c.h.p.o.h.HiveMQPlatformReconcilerErrorHandler - [helminit] Pod 'test-hivemq-platform-0' condition 'Ready': False
2025-01-30 18:30:11,621 INFO c.h.h.t.HelmChartContainer - [hivemq-test-hivemq-platform] [hivemq-platform-operator] [ea3fbc68] 18:30:11.617 [ReconcilerExecutor-hivemq-controller-87] DEBUG c.h.p.o.h.HiveMQPlatformReconcilerErrorHandler - [helminit] Pod 'test-hivemq-platform-0' condition 'ContainersReady': False
2025-01-30 18:30:11,621 INFO c.h.h.t.HelmChartContainer - [hivemq-test-hivemq-platform] [hivemq-platform-operator] [ea3fbc68] 18:30:11.617 [ReconcilerExecutor-hivemq-controller-87] DEBUG c.h.p.o.h.HiveMQPlatformReconcilerErrorHandler - [helminit] Pod 'test-hivemq-platform-0' condition 'PodScheduled': True
2025-01-30 18:30:11,622 INFO c.h.h.t.HelmChartContainer - [hivemq-test-hivemq-platform] [hivemq-platform-operator] [ea3fbc68] 18:30:11.617 [ReconcilerExecutor-hivemq-controller-87] DEBUG c.h.p.o.h.HiveMQPlatformReconcilerErrorHandler - [helminit] Pod 'test-hivemq-platform-0' containerStatus 'hivemq' (started: false) (ready: false) (waiting: [PodInitializing] null)
2025-01-30 18:30:11,622 INFO c.h.h.t.HelmChartContainer - [hivemq-test-hivemq-platform] [hivemq-platform-operator] [ea3fbc68] 18:30:11.617 [ReconcilerExecutor-hivemq-controller-87] INFO  c.h.p.o.h.HiveMQPlatformReconcilerBaseHandler - [helminit] HiveMQ Platform is starting, 0 of 1 replicas are ready
2025-01-30 18:30:12,539 INFO c.h.h.t.HelmChartContainer - [EVENT] Normal [Pulled] Container image "docker.io/hivemq/hivemq-platform-operator-init-test:snapshot" already present on machine [helminitcontainerit:test-hivemq-platform-0]
2025-01-30 18:30:12,546 INFO c.h.h.t.HelmChartContainer - [POD] test-hivemq-platform-0 [d8b70422-f8a0-4995-8e37-91f09fb8b34a] in helminitcontainerit was MODIFIED
2025-01-30 18:30:12,559 INFO c.h.h.t.HelmChartContainer - [hivemq-test-hivemq-platform] [hivemq-platform-operator] [ea3fbc68] 18:30:12.556 [pool-6-thread-42] DEBUG c.h.p.o.d.PlatformServiceResource - [helminit] Desired Platform services (3 services)
2025-01-30 18:30:12,561 INFO c.h.h.t.HelmChartContainer - [hivemq-test-hivemq-platform] [hivemq-platform-operator] [ea3fbc68] 18:30:12.557 [pool-6-thread-43] DEBUG c.h.p.o.dependants.PodInfoConfigMap - [helminit] Desired PodInfo ConfigMap (1 extensions) (1 enabled)
2025-01-30 18:30:12,562 INFO c.h.h.t.HelmChartContainer - [hivemq-test-hivemq-platform] [hivemq-platform-operator] [ea3fbc68] 18:30:12.559 [pool-6-thread-43] DEBUG c.h.p.o.dependants.PodInfoConfigMap - [helminit] Desired PodInfo ConfigMap (metrics port: 9399) (metrics path: /)
2025-01-30 18:30:12,562 INFO c.h.h.t.HelmChartContainer - [hivemq-test-hivemq-platform] [hivemq-platform-operator] [ea3fbc68] 18:30:12.559 [pool-6-thread-43] DEBUG c.h.p.o.dependants.PodInfoConfigMap - [helminit] Desired PodInfo ConfigMap (extension state hash: -1817474005)
2025-01-30 18:30:12,567 INFO c.h.h.t.HelmChartContainer - [hivemq-test-hivemq-platform] [hivemq-platform-operator] [ea3fbc68] 18:30:12.564 [pool-6-thread-47] DEBUG c.h.p.o.d.PodServiceAccountResource - [helminit] Desired PodServiceAccountResource (serviceAccountName: hivemq-platform-pod-test-hivemq-platform)
2025-01-30 18:30:12,607 INFO c.h.h.t.HelmChartContainer - [hivemq-test-hivemq-platform] [hivemq-platform-operator] [ea3fbc68] 18:30:12.605 [pool-6-thread-50] DEBUG c.h.p.o.d.StatefulSetResource - [helminit] Desired StatefulSet (1 replicas) for status STARTING (READY)
2025-01-30 18:30:12,611 INFO c.h.h.t.HelmChartContainer - [hivemq-test-hivemq-platform] [hivemq-platform-operator] [ea3fbc68] 18:30:12.610 [ReconcilerExecutor-hivemq-controller-98] INFO  c.h.p.o.HiveMQPlatformReconciler - [helminit] Reconciling HiveMQ Platform 'test-hivemq-platform' in namespace 'helminitcontainerit'
2025-01-30 18:30:12,614 INFO c.h.h.t.HelmChartContainer - [hivemq-test-hivemq-platform] [hivemq-platform-operator] [ea3fbc68] 18:30:12.610 [ReconcilerExecutor-hivemq-controller-98] DEBUG c.h.p.o.HiveMQPlatformReconciler - [helminit] Custom Resource Status STARTING - HiveMQ Platform is starting (READY)
2025-01-30 18:30:12,614 INFO c.h.h.t.HelmChartContainer - [hivemq-test-hivemq-platform] [hivemq-platform-operator] [ea3fbc68] 18:30:12.610 [ReconcilerExecutor-hivemq-controller-98] DEBUG c.h.p.o.HiveMQPlatformReconciler - [helminit] Custom Resource Spec (replicas: 1) (extensions: 1)
2025-01-30 18:30:12,614 INFO c.h.h.t.HelmChartContainer - [hivemq-test-hivemq-platform] [hivemq-platform-operator] [ea3fbc68] 18:30:12.611 [ReconcilerExecutor-hivemq-controller-98] DEBUG c.h.p.o.HiveMQPlatformReconciler - [helminit] StatefulSet Status (revision: test-hivemq-platform-bdc69c5dd, replicas: 1, available: 0, ready: 0, current: 1, updated: 1)
2025-01-30 18:30:12,614 INFO c.h.h.t.HelmChartContainer - [hivemq-test-hivemq-platform] [hivemq-platform-operator] [ea3fbc68] 18:30:12.612 [ReconcilerExecutor-hivemq-controller-98] DEBUG c.h.p.o.HiveMQPlatformReconciler - [helminit] StatefulSet Spec (replicas: 1, init containers: 2, containers: 1, volumes: 4)
2025-01-30 18:30:12,617 INFO c.h.h.t.HelmChartContainer - [hivemq-test-hivemq-platform] [hivemq-platform-operator] [ea3fbc68] 18:30:12.615 [ReconcilerExecutor-hivemq-controller-98] DEBUG c.h.p.o.h.HiveMQPlatformReconcilerErrorHandler - [helminit] Pod 'test-hivemq-platform-0' phase Pending
2025-01-30 18:30:12,619 INFO c.h.h.t.HelmChartContainer - [hivemq-test-hivemq-platform] [hivemq-platform-operator] [ea3fbc68] 18:30:12.615 [ReconcilerExecutor-hivemq-controller-98] DEBUG c.h.p.o.h.HiveMQPlatformReconcilerErrorHandler - [helminit] Pod 'test-hivemq-platform-0' condition 'PodReadyToStartContainers': True
2025-01-30 18:30:12,620 INFO c.h.h.t.HelmChartContainer - [hivemq-test-hivemq-platform] [hivemq-platform-operator] [ea3fbc68] 18:30:12.615 [ReconcilerExecutor-hivemq-controller-98] DEBUG c.h.p.o.h.HiveMQPlatformReconcilerErrorHandler - [helminit] Pod 'test-hivemq-platform-0' condition 'Initialized': False
2025-01-30 18:30:12,620 INFO c.h.h.t.HelmChartContainer - [hivemq-test-hivemq-platform] [hivemq-platform-operator] [ea3fbc68] 18:30:12.615 [ReconcilerExecutor-hivemq-controller-98] DEBUG c.h.p.o.h.HiveMQPlatformReconcilerErrorHandler - [helminit] Pod 'test-hivemq-platform-0' condition 'Ready': False
2025-01-30 18:30:12,620 INFO c.h.h.t.HelmChartContainer - [hivemq-test-hivemq-platform] [hivemq-platform-operator] [ea3fbc68] 18:30:12.615 [ReconcilerExecutor-hivemq-controller-98] DEBUG c.h.p.o.h.HiveMQPlatformReconcilerErrorHandler - [helminit] Pod 'test-hivemq-platform-0' condition 'ContainersReady': False
2025-01-30 18:30:12,620 INFO c.h.h.t.HelmChartContainer - [hivemq-test-hivemq-platform] [hivemq-platform-operator] [ea3fbc68] 18:30:12.615 [ReconcilerExecutor-hivemq-controller-98] DEBUG c.h.p.o.h.HiveMQPlatformReconcilerErrorHandler - [helminit] Pod 'test-hivemq-platform-0' condition 'PodScheduled': True
2025-01-30 18:30:12,620 INFO c.h.h.t.HelmChartContainer - [hivemq-test-hivemq-platform] [hivemq-platform-operator] [ea3fbc68] 18:30:12.616 [ReconcilerExecutor-hivemq-controller-98] DEBUG c.h.p.o.h.HiveMQPlatformReconcilerErrorHandler - [helminit] Pod 'test-hivemq-platform-0' containerStatus 'hivemq' (started: false) (ready: false) (waiting: [PodInitializing] null)
2025-01-30 18:30:12,620 INFO c.h.h.t.HelmChartContainer - [hivemq-test-hivemq-platform] [hivemq-platform-operator] [ea3fbc68] 18:30:12.616 [ReconcilerExecutor-hivemq-controller-98] INFO  c.h.p.o.h.HiveMQPlatformReconcilerBaseHandler - [helminit] HiveMQ Platform is starting, 0 of 1 replicas are ready
2025-01-30 18:30:12,706 INFO c.h.h.t.HelmChartContainer - [EVENT] Normal [Created] Created container: hivemq-platform-operator-init [helminitcontainerit:test-hivemq-platform-0]
2025-01-30 18:30:12,753 INFO c.h.h.t.HelmChartContainer - [EVENT] Normal [Started] Started container hivemq-platform-operator-init [helminitcontainerit:test-hivemq-platform-0]
2025-01-30 18:30:13,542 INFO c.h.h.t.HelmChartContainer - [EVENT] Normal [Pulled] Container image "docker.io/hivemq/hivemq4:4.36.0" already present on machine [helminitcontainerit:test-hivemq-platform-0]
2025-01-30 18:30:13,542 INFO c.h.h.t.HelmChartContainer - Received Pulled event for container hivemq in pod test-hivemq-platform-0 [d8b70422-f8a0-4995-8e37-91f09fb8b34a]
2025-01-30 18:30:13,553 INFO c.h.h.t.HelmChartContainer - [POD] test-hivemq-platform-0 [d8b70422-f8a0-4995-8e37-91f09fb8b34a] in helminitcontainerit was MODIFIED
2025-01-30 18:30:13,562 INFO c.h.h.t.HelmChartContainer - [hivemq-test-hivemq-platform] [hivemq-platform-operator] [ea3fbc68] 18:30:13.558 [pool-6-thread-5] DEBUG c.h.p.o.dependants.PodInfoConfigMap - [helminit] Desired PodInfo ConfigMap (1 extensions) (1 enabled)
2025-01-30 18:30:13,562 INFO c.h.h.t.HelmChartContainer - [hivemq-test-hivemq-platform] [hivemq-platform-operator] [ea3fbc68] 18:30:13.558 [pool-6-thread-5] DEBUG c.h.p.o.dependants.PodInfoConfigMap - [helminit] Desired PodInfo ConfigMap (metrics port: 9399) (metrics path: /)
2025-01-30 18:30:13,562 INFO c.h.h.t.HelmChartContainer - [hivemq-test-hivemq-platform] [hivemq-platform-operator] [ea3fbc68] 18:30:13.558 [pool-6-thread-5] DEBUG c.h.p.o.dependants.PodInfoConfigMap - [helminit] Desired PodInfo ConfigMap (extension state hash: -1817474005)
2025-01-30 18:30:13,562 INFO c.h.h.t.HelmChartContainer - [hivemq-test-hivemq-platform] [hivemq-platform-operator] [ea3fbc68] 18:30:13.557 [pool-6-thread-6] DEBUG c.h.p.o.d.PlatformServiceResource - [helminit] Desired Platform services (3 services)
2025-01-30 18:30:13,563 INFO c.h.h.t.HelmChartContainer - [hivemq-test-hivemq-platform] [hivemq-platform-operator] [ea3fbc68] 18:30:13.562 [pool-6-thread-3] DEBUG c.h.p.o.d.PodServiceAccountResource - [helminit] Desired PodServiceAccountResource (serviceAccountName: hivemq-platform-pod-test-hivemq-platform)
2025-01-30 18:30:13,578 INFO c.h.h.t.HelmChartContainer - [hivemq-test-hivemq-platform] [hivemq-platform-operator] [ea3fbc68] 18:30:13.578 [pool-6-thread-6] DEBUG c.h.p.o.d.StatefulSetResource - [helminit] Desired StatefulSet (1 replicas) for status STARTING (READY)
2025-01-30 18:30:13,611 INFO c.h.h.t.HelmChartContainer - [hivemq-test-hivemq-platform] [hivemq-platform-operator] [ea3fbc68] 18:30:13.610 [ReconcilerExecutor-hivemq-controller-109] INFO  c.h.p.o.HiveMQPlatformReconciler - [helminit] Reconciling HiveMQ Platform 'test-hivemq-platform' in namespace 'helminitcontainerit'
2025-01-30 18:30:13,611 INFO c.h.h.t.HelmChartContainer - [hivemq-test-hivemq-platform] [hivemq-platform-operator] [ea3fbc68] 18:30:13.610 [ReconcilerExecutor-hivemq-controller-109] DEBUG c.h.p.o.HiveMQPlatformReconciler - [helminit] Custom Resource Status STARTING - HiveMQ Platform is starting (READY)
2025-01-30 18:30:13,612 INFO c.h.h.t.HelmChartContainer - [hivemq-test-hivemq-platform] [hivemq-platform-operator] [ea3fbc68] 18:30:13.610 [ReconcilerExecutor-hivemq-controller-109] DEBUG c.h.p.o.HiveMQPlatformReconciler - [helminit] Custom Resource Spec (replicas: 1) (extensions: 1)
2025-01-30 18:30:13,618 INFO c.h.h.t.HelmChartContainer - [hivemq-test-hivemq-platform] [hivemq-platform-operator] [ea3fbc68] 18:30:13.616 [ReconcilerExecutor-hivemq-controller-109] DEBUG c.h.p.o.HiveMQPlatformReconciler - [helminit] StatefulSet Status (revision: test-hivemq-platform-bdc69c5dd, replicas: 1, available: 0, ready: 0, current: 1, updated: 1)
2025-01-30 18:30:13,619 INFO c.h.h.t.HelmChartContainer - [hivemq-test-hivemq-platform] [hivemq-platform-operator] [ea3fbc68] 18:30:13.616 [ReconcilerExecutor-hivemq-controller-109] DEBUG c.h.p.o.HiveMQPlatformReconciler - [helminit] StatefulSet Spec (replicas: 1, init containers: 2, containers: 1, volumes: 4)
2025-01-30 18:30:13,621 INFO c.h.h.t.HelmChartContainer - [hivemq-test-hivemq-platform] [hivemq-platform-operator] [ea3fbc68] 18:30:13.618 [ReconcilerExecutor-hivemq-controller-109] DEBUG c.h.p.o.h.HiveMQPlatformReconcilerErrorHandler - [helminit] Pod 'test-hivemq-platform-0' phase Pending
2025-01-30 18:30:13,622 INFO c.h.h.t.HelmChartContainer - [hivemq-test-hivemq-platform] [hivemq-platform-operator] [ea3fbc68] 18:30:13.618 [ReconcilerExecutor-hivemq-controller-109] DEBUG c.h.p.o.h.HiveMQPlatformReconcilerErrorHandler - [helminit] Pod 'test-hivemq-platform-0' condition 'PodReadyToStartContainers': True
2025-01-30 18:30:13,622 INFO c.h.h.t.HelmChartContainer - [hivemq-test-hivemq-platform] [hivemq-platform-operator] [ea3fbc68] 18:30:13.619 [ReconcilerExecutor-hivemq-controller-109] DEBUG c.h.p.o.h.HiveMQPlatformReconcilerErrorHandler - [helminit] Pod 'test-hivemq-platform-0' condition 'Initialized': True
2025-01-30 18:30:13,622 INFO c.h.h.t.HelmChartContainer - [hivemq-test-hivemq-platform] [hivemq-platform-operator] [ea3fbc68] 18:30:13.619 [ReconcilerExecutor-hivemq-controller-109] DEBUG c.h.p.o.h.HiveMQPlatformReconcilerErrorHandler - [helminit] Pod 'test-hivemq-platform-0' condition 'Ready': False
2025-01-30 18:30:13,622 INFO c.h.h.t.HelmChartContainer - [hivemq-test-hivemq-platform] [hivemq-platform-operator] [ea3fbc68] 18:30:13.619 [ReconcilerExecutor-hivemq-controller-109] DEBUG c.h.p.o.h.HiveMQPlatformReconcilerErrorHandler - [helminit] Pod 'test-hivemq-platform-0' condition 'ContainersReady': False
2025-01-30 18:30:13,623 INFO c.h.h.t.HelmChartContainer - [hivemq-test-hivemq-platform] [hivemq-platform-operator] [ea3fbc68] 18:30:13.619 [ReconcilerExecutor-hivemq-controller-109] DEBUG c.h.p.o.h.HiveMQPlatformReconcilerErrorHandler - [helminit] Pod 'test-hivemq-platform-0' condition 'PodScheduled': True
2025-01-30 18:30:13,623 INFO c.h.h.t.HelmChartContainer - [hivemq-test-hivemq-platform] [hivemq-platform-operator] [ea3fbc68] 18:30:13.619 [ReconcilerExecutor-hivemq-controller-109] DEBUG c.h.p.o.h.HiveMQPlatformReconcilerErrorHandler - [helminit] Pod 'test-hivemq-platform-0' containerStatus 'hivemq' (started: false) (ready: false) (waiting: [PodInitializing] null)
2025-01-30 18:30:13,624 INFO c.h.h.t.HelmChartContainer - [hivemq-test-hivemq-platform] [hivemq-platform-operator] [ea3fbc68] 18:30:13.619 [ReconcilerExecutor-hivemq-controller-109] INFO  c.h.p.o.h.HiveMQPlatformReconcilerBaseHandler - [helminit] HiveMQ Platform is starting, 0 of 1 replicas are ready
2025-01-30 18:30:14,873 INFO c.h.h.t.HelmChartContainer - [EVENT] Normal [Created] Created container: hivemq [helminitcontainerit:test-hivemq-platform-0]
2025-01-30 18:30:14,873 INFO c.h.h.t.HelmChartContainer - Received Created event for container hivemq in pod test-hivemq-platform-0 [d8b70422-f8a0-4995-8e37-91f09fb8b34a]
2025-01-30 18:30:15,555 INFO c.h.h.t.HelmChartContainer - [POD] test-hivemq-platform-0 [d8b70422-f8a0-4995-8e37-91f09fb8b34a] in helminitcontainerit was MODIFIED
2025-01-30 18:30:15,564 INFO c.h.h.t.HelmChartContainer - [hivemq-test-hivemq-platform] [hivemq-platform-operator] [ea3fbc68] 18:30:15.559 [pool-6-thread-15] DEBUG c.h.p.o.d.PlatformServiceResource - [helminit] Desired Platform services (3 services)
2025-01-30 18:30:15,564 INFO c.h.h.t.HelmChartContainer - [hivemq-test-hivemq-platform] [hivemq-platform-operator] [ea3fbc68] 18:30:15.561 [pool-6-thread-17] DEBUG c.h.p.o.dependants.PodInfoConfigMap - [helminit] Desired PodInfo ConfigMap (1 extensions) (1 enabled)
2025-01-30 18:30:15,564 INFO c.h.h.t.HelmChartContainer - [hivemq-test-hivemq-platform] [hivemq-platform-operator] [ea3fbc68] 18:30:15.561 [pool-6-thread-17] DEBUG c.h.p.o.dependants.PodInfoConfigMap - [helminit] Desired PodInfo ConfigMap (metrics port: 9399) (metrics path: /)
2025-01-30 18:30:15,564 INFO c.h.h.t.HelmChartContainer - [hivemq-test-hivemq-platform] [hivemq-platform-operator] [ea3fbc68] 18:30:15.561 [pool-6-thread-17] DEBUG c.h.p.o.dependants.PodInfoConfigMap - [helminit] Desired PodInfo ConfigMap (extension state hash: -1817474005)
2025-01-30 18:30:15,565 INFO c.h.h.t.HelmChartContainer - [hivemq-test-hivemq-platform] [hivemq-platform-operator] [ea3fbc68] 18:30:15.562 [pool-6-thread-17] DEBUG c.h.p.o.d.PodServiceAccountResource - [helminit] Desired PodServiceAccountResource (serviceAccountName: hivemq-platform-pod-test-hivemq-platform)
2025-01-30 18:30:15,567 INFO c.h.h.t.HelmChartContainer - Started log watcher for hivemq in pod test-hivemq-platform-0 [d8b70422-f8a0-4995-8e37-91f09fb8b34a]
2025-01-30 18:30:15,567 INFO c.h.h.t.HelmChartContainer - [EVENT] Normal [Started] Started container hivemq [helminitcontainerit:test-hivemq-platform-0]
2025-01-30 18:30:15,567 INFO c.h.h.t.HelmChartContainer - Received Started event for container hivemq in pod test-hivemq-platform-0 [d8b70422-f8a0-4995-8e37-91f09fb8b34a]
2025-01-30 18:30:15,568 INFO c.h.h.t.HelmChartContainer - [test-hivemq-platform] [hivemq] [d8b70422] Adding pre-installed HiveMQ Platform Operator extensions
2025-01-30 18:30:15,568 INFO c.h.h.t.HelmChartContainer - [test-hivemq-platform] [hivemq] [d8b70422] Running as user 10000
2025-01-30 18:30:15,568 INFO c.h.h.t.HelmChartContainer - [test-hivemq-platform] [hivemq] [d8b70422] Starting HiveMQ Platform Operator Init
2025-01-30 18:30:15,575 INFO c.h.h.t.HelmChartContainer - [hivemq-test-hivemq-platform] [hivemq-platform-operator] [ea3fbc68] 18:30:15.574 [pool-6-thread-15] DEBUG c.h.p.o.d.StatefulSetResource - [helminit] Desired StatefulSet (1 replicas) for status STARTING (READY)
2025-01-30 18:30:15,607 INFO c.h.h.t.HelmChartContainer - [hivemq-test-hivemq-platform] [hivemq-platform-operator] [ea3fbc68] 18:30:15.605 [ReconcilerExecutor-hivemq-controller-110] INFO  c.h.p.o.HiveMQPlatformReconciler - [helminit] Reconciling HiveMQ Platform 'test-hivemq-platform' in namespace 'helminitcontainerit'
2025-01-30 18:30:15,607 INFO c.h.h.t.HelmChartContainer - [hivemq-test-hivemq-platform] [hivemq-platform-operator] [ea3fbc68] 18:30:15.605 [ReconcilerExecutor-hivemq-controller-110] DEBUG c.h.p.o.HiveMQPlatformReconciler - [helminit] Custom Resource Status STARTING - HiveMQ Platform is starting (READY)
2025-01-30 18:30:15,607 INFO c.h.h.t.HelmChartContainer - [hivemq-test-hivemq-platform] [hivemq-platform-operator] [ea3fbc68] 18:30:15.606 [ReconcilerExecutor-hivemq-controller-110] DEBUG c.h.p.o.HiveMQPlatformReconciler - [helminit] Custom Resource Spec (replicas: 1) (extensions: 1)
2025-01-30 18:30:15,609 INFO c.h.h.t.HelmChartContainer - [hivemq-test-hivemq-platform] [hivemq-platform-operator] [ea3fbc68] 18:30:15.608 [ReconcilerExecutor-hivemq-controller-110] DEBUG c.h.p.o.HiveMQPlatformReconciler - [helminit] StatefulSet Status (revision: test-hivemq-platform-bdc69c5dd, replicas: 1, available: 0, ready: 0, current: 1, updated: 1)
2025-01-30 18:30:15,609 INFO c.h.h.t.HelmChartContainer - [hivemq-test-hivemq-platform] [hivemq-platform-operator] [ea3fbc68] 18:30:15.608 [ReconcilerExecutor-hivemq-controller-110] DEBUG c.h.p.o.HiveMQPlatformReconciler - [helminit] StatefulSet Spec (replicas: 1, init containers: 2, containers: 1, volumes: 4)
2025-01-30 18:30:15,610 INFO c.h.h.t.HelmChartContainer - [hivemq-test-hivemq-platform] [hivemq-platform-operator] [ea3fbc68] 18:30:15.609 [ReconcilerExecutor-hivemq-controller-110] DEBUG c.h.p.o.h.HiveMQPlatformReconcilerErrorHandler - [helminit] Pod 'test-hivemq-platform-0' phase Running
2025-01-30 18:30:15,611 INFO c.h.h.t.HelmChartContainer - [hivemq-test-hivemq-platform] [hivemq-platform-operator] [ea3fbc68] 18:30:15.610 [ReconcilerExecutor-hivemq-controller-110] INFO  c.h.p.o.h.HiveMQPlatformReconcilerBaseHandler - [helminit] HiveMQ Platform is starting, 0 of 1 replicas are ready
2025-01-30 18:30:16,044 INFO c.h.h.t.HelmChartContainer - [test-hivemq-platform] [hivemq] [d8b70422] INFO  - [HiveMQ Platform Operator Init 1.7.0-SNAPSHOT] HiveMQ Platform Operator Init 1.7.0-SNAPSHOT (commit: 47e3375 on branch: HEAD) built on Thu Jan 30 03:55:50 UTC 2025
2025-01-30 18:30:17,168 INFO c.h.h.t.HelmChartContainer - [test-hivemq-platform] [hivemq] [d8b70422] INFO  - [HiveMQ Platform Operator Init App 1.7.0-SNAPSHOT] Using bind address 10.42.0.8 from environment variable
2025-01-30 18:30:18,053 INFO c.h.h.t.HelmChartContainer - [test-hivemq-platform] [hivemq] [d8b70422] INFO  - [HiveMQ Platform Operator Init App 1.7.0-SNAPSHOT] HiveMQ Platform Operator Init App 1.7.0-SNAPSHOT (commit: 47e3375 on branch: HEAD) built on Thu Jan 30 03:55:50 UTC 2025
2025-01-30 18:30:18,053 INFO c.h.h.t.HelmChartContainer - [test-hivemq-platform] [hivemq] [d8b70422] INFO  - [HiveMQ Platform Operator Init App 1.7.0-SNAPSHOT] PodInfo ConfigMap directory: /etc/podinfo
2025-01-30 18:30:18,053 INFO c.h.h.t.HelmChartContainer - [test-hivemq-platform] [hivemq] [d8b70422] INFO  - [HiveMQ Platform Operator Init App 1.7.0-SNAPSHOT] HiveMQ home directory: /opt/hivemq
2025-01-30 18:30:18,053 INFO c.h.h.t.HelmChartContainer - [test-hivemq-platform] [hivemq] [d8b70422] INFO  - [HiveMQ Platform Operator Init App 1.7.0-SNAPSHOT] HiveMQ Logback folder: /opt/hivemq/conf
2025-01-30 18:30:18,053 INFO c.h.h.t.HelmChartContainer - [test-hivemq-platform] [hivemq] [d8b70422] INFO  - [HiveMQ Platform Operator Init App 1.7.0-SNAPSHOT] HiveMQ Config folder: /opt/hivemq/conf-k8s
2025-01-30 18:30:18,053 INFO c.h.h.t.HelmChartContainer - [test-hivemq-platform] [hivemq] [d8b70422] INFO  - [HiveMQ Platform Operator Init App 1.7.0-SNAPSHOT] Starting HiveMQ Platform Operator Init App
2025-01-30 18:30:18,053 INFO c.h.h.t.HelmChartContainer - [test-hivemq-platform] [hivemq] [d8b70422] INFO  - [HiveMQ Platform Operator Init App 1.7.0-SNAPSHOT] Starting Pod reconciler
2025-01-30 18:30:19,234 INFO c.h.h.t.HelmChartContainer - [test-hivemq-platform] [hivemq] [d8b70422] INFO  - [HiveMQ Platform Operator Init App 1.7.0-SNAPSHOT] Pod reconciler is scheduled (interval: 5000 ms)
2025-01-30 18:30:19,235 INFO c.h.h.t.HelmChartContainer - [test-hivemq-platform] [hivemq] [d8b70422] INFO  - [HiveMQ Platform Operator Init App 1.7.0-SNAPSHOT] Starting the REST API on 10.42.0.8:7979
2025-01-30 18:30:19,237 INFO c.h.h.t.HelmChartContainer - [test-hivemq-platform] [hivemq] [d8b70422] INFO  - [HiveMQ Platform Operator Init App 1.7.0-SNAPSHOT] Waiting up to 600s for at most 1 HiveMQ nodes in cluster service hivemq-test-hivemq-platform-cluster.helminitcontainerit.svc
2025-01-30 18:30:19,630 INFO c.h.h.t.HelmChartContainer - [test-hivemq-platform] [hivemq] [d8b70422] INFO  - [HiveMQ Platform Operator Init App 1.7.0-SNAPSHOT] Resolved 1 IP addresses: [10.42.0.8]
2025-01-30 18:30:19,631 INFO c.h.h.t.HelmChartContainer - [test-hivemq-platform] [hivemq] [d8b70422] INFO  - [HiveMQ Platform Operator Init App 1.7.0-SNAPSHOT] HiveMQ node count of 1 is within threshold of 1
2025-01-30 18:30:19,631 INFO c.h.h.t.HelmChartContainer - [test-hivemq-platform] [hivemq] [d8b70422] INFO  - [HiveMQ Platform Operator Init App 1.7.0-SNAPSHOT] Proceeding with container start
2025-01-30 18:30:19,736 INFO c.h.h.t.HelmChartContainer - [test-hivemq-platform] [hivemq] [d8b70422] INFO  - [HiveMQ Platform Operator Init App 1.7.0-SNAPSHOT] Initializing HiveMQ Platform extensions with initial configuration: {hivemq-allow-all-extension={start-priority=-1, skip-https-hostname-verification=false, restart=true, config-version=0, header-version=0, c-uri=, priority=-1, uri=preinstalled, skip-https-certificate-validation=false, enabled=true}, hivemq-prometheus-extension={restart=true, enabled=true, request-header-path=no-request-headers, uri=preinstalled, skip-https-certificate-validation=false, skip-https-hostname-verification=false, c-uri=, start-priority=-1, priority=-1}}
2025-01-30 18:30:20,348 INFO c.h.h.t.HelmChartContainer - [test-hivemq-platform] [hivemq] [d8b70422] INFO  - [HiveMQ Platform Operator Init App 1.7.0-SNAPSHOT] Extension hivemq-allow-all-extension was already enabled
2025-01-30 18:30:20,435 INFO c.h.h.t.HelmChartContainer - [test-hivemq-platform] [hivemq] [d8b70422] INFO  - [HiveMQ Platform Operator Init App 1.7.0-SNAPSHOT] Successfully enabled extension hivemq-prometheus-extension
2025-01-30 18:30:20,437 INFO c.h.h.t.HelmChartContainer - [test-hivemq-platform] [hivemq] [d8b70422] INFO  - [HiveMQ Platform Operator Init App 1.7.0-SNAPSHOT] Starting HiveMQ Platform version 4.36.0 (4.36.0)
2025-01-30 18:30:20,437 INFO c.h.h.t.HelmChartContainer - [test-hivemq-platform] [hivemq] [d8b70422] INFO  - [HiveMQ Platform Operator Init App 1.7.0-SNAPSHOT] Configuring the HiveMQ Platform
2025-01-30 18:30:20,447 INFO c.h.h.t.HelmChartContainer - [test-hivemq-platform] [hivemq] [d8b70422] INFO  - [HiveMQ Platform Operator Init App 1.7.0-SNAPSHOT] Changed logback.xml file scan period to 20 seconds
2025-01-30 18:30:20,539 INFO c.h.h.t.HelmChartContainer - [test-hivemq-platform] [hivemq] [d8b70422] INFO  - [HiveMQ Platform Operator Init App 1.7.0-SNAPSHOT] Starting the HiveMQ Platform
2025-01-30 18:30:20,542 INFO c.h.h.t.HelmChartContainer - [test-hivemq-platform] [hivemq] [d8b70422] -------------------------------------------------------------------------
2025-01-30 18:30:20,543 INFO c.h.h.t.HelmChartContainer - [test-hivemq-platform] [hivemq] [d8b70422] 
2025-01-30 18:30:20,543 INFO c.h.h.t.HelmChartContainer - [test-hivemq-platform] [hivemq] [d8b70422]                   _    _  _              __  __   ____
2025-01-30 18:30:20,543 INFO c.h.h.t.HelmChartContainer - [test-hivemq-platform] [hivemq] [d8b70422]                  | |  | |(_)            |  \/  | / __ \
2025-01-30 18:30:20,543 INFO c.h.h.t.HelmChartContainer - [test-hivemq-platform] [hivemq] [d8b70422]                  | |__| | _ __   __ ___ | \  / || |  | |
2025-01-30 18:30:20,543 INFO c.h.h.t.HelmChartContainer - [test-hivemq-platform] [hivemq] [d8b70422]                  |  __  || |\ \ / // _ \| |\/| || |  | |
2025-01-30 18:30:20,543 INFO c.h.h.t.HelmChartContainer - [test-hivemq-platform] [hivemq] [d8b70422]                  | |  | || | \ V /|  __/| |  | || |__| |
2025-01-30 18:30:20,543 INFO c.h.h.t.HelmChartContainer - [test-hivemq-platform] [hivemq] [d8b70422]                  |_|  |_||_|  \_/  \___||_|  |_| \___\_\
2025-01-30 18:30:20,543 INFO c.h.h.t.HelmChartContainer - [test-hivemq-platform] [hivemq] [d8b70422] 
2025-01-30 18:30:20,544 INFO c.h.h.t.HelmChartContainer - [test-hivemq-platform] [hivemq] [d8b70422] -------------------------------------------------------------------------
2025-01-30 18:30:20,544 INFO c.h.h.t.HelmChartContainer - [test-hivemq-platform] [hivemq] [d8b70422] 
2025-01-30 18:30:20,544 INFO c.h.h.t.HelmChartContainer - [test-hivemq-platform] [hivemq] [d8b70422]   HiveMQ Start Script for Linux/Unix v1.14
2025-01-30 18:30:20,544 INFO c.h.h.t.HelmChartContainer - [test-hivemq-platform] [hivemq] [d8b70422] 
2025-01-30 18:30:20,648 INFO c.h.h.t.HelmChartContainer - [test-hivemq-platform] [hivemq] [d8b70422] -------------------------------------------------------------------------
2025-01-30 18:30:20,649 INFO c.h.h.t.HelmChartContainer - [test-hivemq-platform] [hivemq] [d8b70422] 
2025-01-30 18:30:20,649 INFO c.h.h.t.HelmChartContainer - [test-hivemq-platform] [hivemq] [d8b70422]   HIVEMQ_HOME: /opt/hivemq
2025-01-30 18:30:20,649 INFO c.h.h.t.HelmChartContainer - [test-hivemq-platform] [hivemq] [d8b70422] 
2025-01-30 18:30:20,649 INFO c.h.h.t.HelmChartContainer - [test-hivemq-platform] [hivemq] [d8b70422]   JAVA_OPTS: -XX:+UnlockExperimentalVMOptions -XX:InitialRAMPercentage=50 -XX:MaxRAMPercentage=50 -Djava.net.preferIPv4Stack=true --add-opens java.base/java.lang=ALL-UNNAMED --add-opens java.base/java.nio=ALL-UNNAMED --add-opens java.base/sun.nio.ch=ALL-UNNAMED --add-opens jdk.management/com.sun.management.internal=ALL-UNNAMED --add-exports java.base/jdk.internal.misc=ALL-UNNAMED -Djava.security.egd=file:/dev/./urandom -Dcom.sun.management.jmxremote -Dcom.sun.management.jmxremote.port=9010 -Dcom.sun.management.jmxremote.local.only=false -Dcom.sun.management.jmxremote.authenticate=false -Dcom.sun.management.jmxremote.ssl=false -Duser.language=en -Duser.region=US -XX:+CrashOnOutOfMemoryError -XX:+HeapDumpOnOutOfMemoryError
2025-01-30 18:30:20,649 INFO c.h.h.t.HelmChartContainer - [test-hivemq-platform] [hivemq] [d8b70422] 
2025-01-30 18:30:20,649 INFO c.h.h.t.HelmChartContainer - [test-hivemq-platform] [hivemq] [d8b70422]   JAVA_VERSION: 21
2025-01-30 18:30:20,649 INFO c.h.h.t.HelmChartContainer - [test-hivemq-platform] [hivemq] [d8b70422] 
2025-01-30 18:30:20,649 INFO c.h.h.t.HelmChartContainer - [test-hivemq-platform] [hivemq] [d8b70422] -------------------------------------------------------------------------
2025-01-30 18:30:20,649 INFO c.h.h.t.HelmChartContainer - [test-hivemq-platform] [hivemq] [d8b70422] 
2025-01-30 18:30:21,638 INFO c.h.h.t.HelmChartContainer - [test-hivemq-platform] [hivemq] [d8b70422] INFO  - [HiveMQ Platform Operator Init App 1.7.0-SNAPSHOT] Returning default Health API response 503 for readiness
2025-01-30 18:30:21,941 INFO c.h.h.t.HelmChartContainer - [EVENT] Warning [Unhealthy] Readiness probe failed: HTTP probe failed with statuscode: 503 [helminitcontainerit:test-hivemq-platform-0]
2025-01-30 18:30:21,942 INFO c.h.h.t.HelmChartContainer - Received Unhealthy event for container hivemq in pod test-hivemq-platform-0 [d8b70422-f8a0-4995-8e37-91f09fb8b34a]
2025-01-30 18:30:23,146 INFO c.h.h.t.HelmChartContainer - [test-hivemq-platform] [hivemq] [d8b70422] INFO  - Starting HiveMQ Enterprise Server
2025-01-30 18:30:23,234 INFO c.h.h.t.HelmChartContainer - [test-hivemq-platform] [hivemq] [d8b70422] INFO  - HiveMQ version: 4.36.0
2025-01-30 18:30:23,235 INFO c.h.h.t.HelmChartContainer - [test-hivemq-platform] [hivemq] [d8b70422] INFO  - HiveMQ home directory: /opt/hivemq
2025-01-30 18:30:23,235 INFO c.h.h.t.HelmChartContainer - [test-hivemq-platform] [hivemq] [d8b70422] INFO  - Log Configuration was overridden by /opt/hivemq/conf/logback.xml
2025-01-30 18:30:24,729 INFO c.h.h.t.HelmChartContainer - [test-hivemq-platform] [hivemq] [d8b70422] INFO  - Successfully loaded configuration from '/opt/hivemq/conf-k8s/config.xml'.
2025-01-30 18:30:25,616 INFO c.h.h.t.HelmChartContainer - [hivemq-test-hivemq-platform] [hivemq-platform-operator] [ea3fbc68] 18:30:25.614 [pool-6-thread-25] DEBUG c.h.p.o.d.PlatformServiceResource - [helminit] Desired Platform services (3 services)
2025-01-30 18:30:25,616 INFO c.h.h.t.HelmChartContainer - [hivemq-test-hivemq-platform] [hivemq-platform-operator] [ea3fbc68] 18:30:25.615 [pool-6-thread-22] DEBUG c.h.p.o.dependants.PodInfoConfigMap - [helminit] Desired PodInfo ConfigMap (1 extensions) (1 enabled)
2025-01-30 18:30:25,616 INFO c.h.h.t.HelmChartContainer - [hivemq-test-hivemq-platform] [hivemq-platform-operator] [ea3fbc68] 18:30:25.615 [pool-6-thread-22] DEBUG c.h.p.o.dependants.PodInfoConfigMap - [helminit] Desired PodInfo ConfigMap (metrics port: 9399) (metrics path: /)
2025-01-30 18:30:25,618 INFO c.h.h.t.HelmChartContainer - [hivemq-test-hivemq-platform] [hivemq-platform-operator] [ea3fbc68] 18:30:25.615 [pool-6-thread-22] DEBUG c.h.p.o.dependants.PodInfoConfigMap - [helminit] Desired PodInfo ConfigMap (extension state hash: -1817474005)
2025-01-30 18:30:25,620 INFO c.h.h.t.HelmChartContainer - [hivemq-test-hivemq-platform] [hivemq-platform-operator] [ea3fbc68] 18:30:25.616 [pool-6-thread-23] DEBUG c.h.p.o.d.PodServiceAccountResource - [helminit] Desired PodServiceAccountResource (serviceAccountName: hivemq-platform-pod-test-hivemq-platform)
2025-01-30 18:30:25,625 INFO c.h.h.t.HelmChartContainer - [hivemq-test-hivemq-platform] [hivemq-platform-operator] [ea3fbc68] 18:30:25.621 [pool-6-thread-25] DEBUG c.h.p.o.d.StatefulSetResource - [helminit] Desired StatefulSet (1 replicas) for status STARTING (READY)
2025-01-30 18:30:25,631 INFO c.h.h.t.HelmChartContainer - [hivemq-test-hivemq-platform] [hivemq-platform-operator] [ea3fbc68] 18:30:25.626 [ReconcilerExecutor-hivemq-controller-111] INFO  c.h.p.o.HiveMQPlatformReconciler - [helminit] Reconciling HiveMQ Platform 'test-hivemq-platform' in namespace 'helminitcontainerit'
2025-01-30 18:30:25,631 INFO c.h.h.t.HelmChartContainer - [hivemq-test-hivemq-platform] [hivemq-platform-operator] [ea3fbc68] 18:30:25.627 [ReconcilerExecutor-hivemq-controller-111] DEBUG c.h.p.o.HiveMQPlatformReconciler - [helminit] Custom Resource Status STARTING - HiveMQ Platform is starting (READY)
2025-01-30 18:30:25,631 INFO c.h.h.t.HelmChartContainer - [hivemq-test-hivemq-platform] [hivemq-platform-operator] [ea3fbc68] 18:30:25.627 [ReconcilerExecutor-hivemq-controller-111] DEBUG c.h.p.o.HiveMQPlatformReconciler - [helminit] Custom Resource Spec (replicas: 1) (extensions: 1)
2025-01-30 18:30:25,633 INFO c.h.h.t.HelmChartContainer - [hivemq-test-hivemq-platform] [hivemq-platform-operator] [ea3fbc68] 18:30:25.632 [ReconcilerExecutor-hivemq-controller-111] DEBUG c.h.p.o.HiveMQPlatformReconciler - [helminit] StatefulSet Status (revision: test-hivemq-platform-bdc69c5dd, replicas: 1, available: 0, ready: 0, current: 1, updated: 1)
2025-01-30 18:30:25,633 INFO c.h.h.t.HelmChartContainer - [hivemq-test-hivemq-platform] [hivemq-platform-operator] [ea3fbc68] 18:30:25.632 [ReconcilerExecutor-hivemq-controller-111] DEBUG c.h.p.o.HiveMQPlatformReconciler - [helminit] StatefulSet Spec (replicas: 1, init containers: 2, containers: 1, volumes: 4)
2025-01-30 18:30:25,637 INFO c.h.h.t.HelmChartContainer - [hivemq-test-hivemq-platform] [hivemq-platform-operator] [ea3fbc68] 18:30:25.636 [ReconcilerExecutor-hivemq-controller-111] DEBUG c.h.p.o.h.HiveMQPlatformReconcilerErrorHandler - [helminit] Pod 'test-hivemq-platform-0' phase Running
2025-01-30 18:30:25,638 INFO c.h.h.t.HelmChartContainer - [test-hivemq-platform] [hivemq] [d8b70422] INFO  - This node's ID is nHZto
2025-01-30 18:30:25,639 INFO c.h.h.t.HelmChartContainer - [hivemq-test-hivemq-platform] [hivemq-platform-operator] [ea3fbc68] 18:30:25.637 [ReconcilerExecutor-hivemq-controller-111] INFO  c.h.p.o.h.HiveMQPlatformReconcilerBaseHandler - [helminit] HiveMQ Platform is starting, 0 of 1 replicas are ready
2025-01-30 18:30:25,640 INFO c.h.h.t.HelmChartContainer - [test-hivemq-platform] [hivemq] [d8b70422] INFO  - Clustering is enabled
2025-01-30 18:30:27,034 INFO c.h.h.t.HelmChartContainer - [test-hivemq-platform] [hivemq] [d8b70422] WARN  - [HiveMQ Platform Operator Init App 1.7.0-SNAPSHOT] Cannot connect to Health API for readiness: null
2025-01-30 18:30:27,041 INFO c.h.h.t.HelmChartContainer - [EVENT] Warning [Unhealthy] Readiness probe failed: HTTP probe failed with statuscode: 503 [helminitcontainerit:test-hivemq-platform-0]
2025-01-30 18:30:27,042 INFO c.h.h.t.HelmChartContainer - Received Unhealthy event for container hivemq in pod test-hivemq-platform-0 [d8b70422-f8a0-4995-8e37-91f09fb8b34a]
2025-01-30 18:30:29,538 INFO c.h.h.t.HelmChartContainer - [test-hivemq-platform] [hivemq] [d8b70422] Jan 30, 2025 6:30:29 PM io.vertx.core.impl.BlockedThreadChecker
2025-01-30 18:30:29,539 INFO c.h.h.t.HelmChartContainer - [test-hivemq-platform] [hivemq] [d8b70422] WARNING: Thread Thread[vert.x-eventloop-thread-1,5,main] has been blocked for 2397 ms, time limit is 2000 ms
2025-01-30 18:30:30,131 INFO c.h.h.t.HelmChartContainer - [test-hivemq-platform] [hivemq] [d8b70422] INFO  - [HiveMQ Platform Operator Init App 1.7.0-SNAPSHOT] Updating Pod HiveMQ Platform Operator Init App version annotation (version: 1.7.0-SNAPSHOT)
2025-01-30 18:30:30,849 INFO c.h.h.t.HelmChartContainer - [POD] test-hivemq-platform-0 [d8b70422-f8a0-4995-8e37-91f09fb8b34a] in helminitcontainerit was MODIFIED
2025-01-30 18:30:30,860 INFO c.h.h.t.HelmChartContainer - [hivemq-test-hivemq-platform] [hivemq-platform-operator] [ea3fbc68] 18:30:30.854 [pool-6-thread-33] DEBUG c.h.p.o.d.PlatformServiceResource - [helminit] Desired Platform services (3 services)
2025-01-30 18:30:30,861 INFO c.h.h.t.HelmChartContainer - [hivemq-test-hivemq-platform] [hivemq-platform-operator] [ea3fbc68] 18:30:30.856 [pool-6-thread-31] DEBUG c.h.p.o.d.PodServiceAccountResource - [helminit] Desired PodServiceAccountResource (serviceAccountName: hivemq-platform-pod-test-hivemq-platform)
2025-01-30 18:30:30,861 INFO c.h.h.t.HelmChartContainer - [hivemq-test-hivemq-platform] [hivemq-platform-operator] [ea3fbc68] 18:30:30.857 [pool-6-thread-35] DEBUG c.h.p.o.dependants.PodInfoConfigMap - [helminit] Desired PodInfo ConfigMap (1 extensions) (1 enabled)
2025-01-30 18:30:30,861 INFO c.h.h.t.HelmChartContainer - [hivemq-test-hivemq-platform] [hivemq-platform-operator] [ea3fbc68] 18:30:30.858 [pool-6-thread-35] DEBUG c.h.p.o.dependants.PodInfoConfigMap - [helminit] Desired PodInfo ConfigMap (metrics port: 9399) (metrics path: /)
2025-01-30 18:30:30,861 INFO c.h.h.t.HelmChartContainer - [hivemq-test-hivemq-platform] [hivemq-platform-operator] [ea3fbc68] 18:30:30.860 [pool-6-thread-35] DEBUG c.h.p.o.dependants.PodInfoConfigMap - [helminit] Desired PodInfo ConfigMap (extension state hash: -1817474005)
2025-01-30 18:30:30,865 INFO c.h.h.t.HelmChartContainer - [hivemq-test-hivemq-platform] [hivemq-platform-operator] [ea3fbc68] 18:30:30.863 [pool-6-thread-32] DEBUG c.h.p.o.d.StatefulSetResource - [helminit] Desired StatefulSet (1 replicas) for status STARTING (READY)
2025-01-30 18:30:30,868 INFO c.h.h.t.HelmChartContainer - [hivemq-test-hivemq-platform] [hivemq-platform-operator] [ea3fbc68] 18:30:30.867 [ReconcilerExecutor-hivemq-controller-112] INFO  c.h.p.o.HiveMQPlatformReconciler - [helminit] Reconciling HiveMQ Platform 'test-hivemq-platform' in namespace 'helminitcontainerit'
2025-01-30 18:30:30,869 INFO c.h.h.t.HelmChartContainer - [hivemq-test-hivemq-platform] [hivemq-platform-operator] [ea3fbc68] 18:30:30.867 [ReconcilerExecutor-hivemq-controller-112] DEBUG c.h.p.o.HiveMQPlatformReconciler - [helminit] Custom Resource Status STARTING - HiveMQ Platform is starting (READY)
2025-01-30 18:30:30,869 INFO c.h.h.t.HelmChartContainer - [hivemq-test-hivemq-platform] [hivemq-platform-operator] [ea3fbc68] 18:30:30.868 [ReconcilerExecutor-hivemq-controller-112] DEBUG c.h.p.o.HiveMQPlatformReconciler - [helminit] Custom Resource Spec (replicas: 1) (extensions: 1)
2025-01-30 18:30:30,870 INFO c.h.h.t.HelmChartContainer - [hivemq-test-hivemq-platform] [hivemq-platform-operator] [ea3fbc68] 18:30:30.869 [ReconcilerExecutor-hivemq-controller-112] DEBUG c.h.p.o.HiveMQPlatformReconciler - [helminit] StatefulSet Status (revision: test-hivemq-platform-bdc69c5dd, replicas: 1, available: 0, ready: 0, current: 1, updated: 1)
2025-01-30 18:30:30,870 INFO c.h.h.t.HelmChartContainer - [hivemq-test-hivemq-platform] [hivemq-platform-operator] [ea3fbc68] 18:30:30.869 [ReconcilerExecutor-hivemq-controller-112] DEBUG c.h.p.o.HiveMQPlatformReconciler - [helminit] StatefulSet Spec (replicas: 1, init containers: 2, containers: 1, volumes: 4)
2025-01-30 18:30:30,872 INFO c.h.h.t.HelmChartContainer - [hivemq-test-hivemq-platform] [hivemq-platform-operator] [ea3fbc68] 18:30:30.871 [ReconcilerExecutor-hivemq-controller-112] DEBUG c.h.p.o.h.HiveMQPlatformReconcilerErrorHandler - [helminit] Pod 'test-hivemq-platform-0' phase Running
2025-01-30 18:30:30,903 INFO c.h.h.t.HelmChartContainer - [hivemq-test-hivemq-platform] [hivemq-platform-operator] [ea3fbc68] 18:30:30.902 [ReconcilerExecutor-hivemq-controller-112] INFO  c.h.p.o.h.HiveMQPlatformReconcilerBaseHandler - [helminit] HiveMQ Platform is starting, 0 of 1 replicas are ready
2025-01-30 18:30:30,935 INFO c.h.h.t.HelmChartContainer - [test-hivemq-platform] [hivemq] [d8b70422] WARN  - [HiveMQ Platform Operator Init App 1.7.0-SNAPSHOT] Cannot connect to Health API for readiness: null
2025-01-30 18:30:30,941 INFO c.h.h.t.HelmChartContainer - [EVENT] Warning [Unhealthy] Readiness probe failed: HTTP probe failed with statuscode: 503 [helminitcontainerit:test-hivemq-platform-0]
2025-01-30 18:30:30,941 INFO c.h.h.t.HelmChartContainer - Received Unhealthy event for container hivemq in pod test-hivemq-platform-0 [d8b70422-f8a0-4995-8e37-91f09fb8b34a]
2025-01-30 18:30:30,946 INFO c.h.h.t.HelmChartContainer - [test-hivemq-platform] [hivemq] [d8b70422] INFO  - [HiveMQ Platform Operator Init App 1.7.0-SNAPSHOT] Successfully updated Pod HiveMQ Platform Operator Init App version annotation (version: 1.7.0-SNAPSHOT)
2025-01-30 18:30:35,930 INFO c.h.h.t.HelmChartContainer - [test-hivemq-platform] [hivemq] [d8b70422] WARN  - [HiveMQ Platform Operator Init App 1.7.0-SNAPSHOT] Cannot connect to Health API for readiness: null
2025-01-30 18:30:35,935 INFO c.h.h.t.HelmChartContainer - [EVENT] Warning [Unhealthy] Readiness probe failed: HTTP probe failed with statuscode: 503 [helminitcontainerit:test-hivemq-platform-0]
2025-01-30 18:30:35,935 INFO c.h.h.t.HelmChartContainer - Received Unhealthy event for container hivemq in pod test-hivemq-platform-0 [d8b70422-f8a0-4995-8e37-91f09fb8b34a]
2025-01-30 18:30:40,242 INFO c.h.h.t.HelmChartContainer - [test-hivemq-platform] [hivemq] [d8b70422] WARN  - [HiveMQ Platform Operator Init App 1.7.0-SNAPSHOT] Cannot connect to Health API for liveness: null
2025-01-30 18:30:40,242 INFO c.h.h.t.HelmChartContainer - [test-hivemq-platform] [hivemq] [d8b70422] INFO  - [HiveMQ Platform Operator Init App 1.7.0-SNAPSHOT] Returning default Health API response 200 for liveness
2025-01-30 18:30:40,848 INFO c.h.h.t.HelmChartContainer - [test-hivemq-platform] [hivemq] [d8b70422] WARN  - [HiveMQ Platform Operator Init App 1.7.0-SNAPSHOT] Cannot connect to Health API for readiness: null
2025-01-30 18:30:40,852 INFO c.h.h.t.HelmChartContainer - [EVENT] Warning [Unhealthy] Readiness probe failed: HTTP probe failed with statuscode: 503 [helminitcontainerit:test-hivemq-platform-0]
2025-01-30 18:30:40,852 INFO c.h.h.t.HelmChartContainer - Received Unhealthy event for container hivemq in pod test-hivemq-platform-0 [d8b70422-f8a0-4995-8e37-91f09fb8b34a]
2025-01-30 18:30:40,910 INFO c.h.h.t.HelmChartContainer - [hivemq-test-hivemq-platform] [hivemq-platform-operator] [ea3fbc68] 18:30:40.907 [pool-6-thread-47] DEBUG c.h.p.o.dependants.PodInfoConfigMap - [helminit] Desired PodInfo ConfigMap (1 extensions) (1 enabled)
2025-01-30 18:30:40,910 INFO c.h.h.t.HelmChartContainer - [hivemq-test-hivemq-platform] [hivemq-platform-operator] [ea3fbc68] 18:30:40.907 [pool-6-thread-47] DEBUG c.h.p.o.dependants.PodInfoConfigMap - [helminit] Desired PodInfo ConfigMap (metrics port: 9399) (metrics path: /)
2025-01-30 18:30:40,910 INFO c.h.h.t.HelmChartContainer - [hivemq-test-hivemq-platform] [hivemq-platform-operator] [ea3fbc68] 18:30:40.907 [pool-6-thread-47] DEBUG c.h.p.o.dependants.PodInfoConfigMap - [helminit] Desired PodInfo ConfigMap (extension state hash: -1817474005)
2025-01-30 18:30:40,910 INFO c.h.h.t.HelmChartContainer - [hivemq-test-hivemq-platform] [hivemq-platform-operator] [ea3fbc68] 18:30:40.907 [pool-6-thread-46] DEBUG c.h.p.o.d.PodServiceAccountResource - [helminit] Desired PodServiceAccountResource (serviceAccountName: hivemq-platform-pod-test-hivemq-platform)
2025-01-30 18:30:40,910 INFO c.h.h.t.HelmChartContainer - [hivemq-test-hivemq-platform] [hivemq-platform-operator] [ea3fbc68] 18:30:40.908 [pool-6-thread-41] DEBUG c.h.p.o.d.PlatformServiceResource - [helminit] Desired Platform services (3 services)
2025-01-30 18:30:40,915 INFO c.h.h.t.HelmChartContainer - [hivemq-test-hivemq-platform] [hivemq-platform-operator] [ea3fbc68] 18:30:40.914 [pool-6-thread-41] DEBUG c.h.p.o.d.StatefulSetResource - [helminit] Desired StatefulSet (1 replicas) for status STARTING (READY)
2025-01-30 18:30:40,920 INFO c.h.h.t.HelmChartContainer - [hivemq-test-hivemq-platform] [hivemq-platform-operator] [ea3fbc68] 18:30:40.918 [ReconcilerExecutor-hivemq-controller-113] INFO  c.h.p.o.HiveMQPlatformReconciler - [helminit] Reconciling HiveMQ Platform 'test-hivemq-platform' in namespace 'helminitcontainerit'
2025-01-30 18:30:40,920 INFO c.h.h.t.HelmChartContainer - [hivemq-test-hivemq-platform] [hivemq-platform-operator] [ea3fbc68] 18:30:40.918 [ReconcilerExecutor-hivemq-controller-113] DEBUG c.h.p.o.HiveMQPlatformReconciler - [helminit] Custom Resource Status STARTING - HiveMQ Platform is starting (READY)
2025-01-30 18:30:40,920 INFO c.h.h.t.HelmChartContainer - [hivemq-test-hivemq-platform] [hivemq-platform-operator] [ea3fbc68] 18:30:40.918 [ReconcilerExecutor-hivemq-controller-113] DEBUG c.h.p.o.HiveMQPlatformReconciler - [helminit] Custom Resource Spec (replicas: 1) (extensions: 1)
2025-01-30 18:30:40,921 INFO c.h.h.t.HelmChartContainer - [hivemq-test-hivemq-platform] [hivemq-platform-operator] [ea3fbc68] 18:30:40.920 [ReconcilerExecutor-hivemq-controller-113] DEBUG c.h.p.o.HiveMQPlatformReconciler - [helminit] StatefulSet Status (revision: test-hivemq-platform-bdc69c5dd, replicas: 1, available: 0, ready: 0, current: 1, updated: 1)
2025-01-30 18:30:40,922 INFO c.h.h.t.HelmChartContainer - [hivemq-test-hivemq-platform] [hivemq-platform-operator] [ea3fbc68] 18:30:40.920 [ReconcilerExecutor-hivemq-controller-113] DEBUG c.h.p.o.HiveMQPlatformReconciler - [helminit] StatefulSet Spec (replicas: 1, init containers: 2, containers: 1, volumes: 4)
2025-01-30 18:30:41,006 INFO c.h.h.t.HelmChartContainer - [hivemq-test-hivemq-platform] [hivemq-platform-operator] [ea3fbc68] 18:30:41.004 [ReconcilerExecutor-hivemq-controller-113] DEBUG c.h.p.o.h.HiveMQPlatformReconcilerErrorHandler - [helminit] Pod 'test-hivemq-platform-0' phase Running
2025-01-30 18:30:41,006 INFO c.h.h.t.HelmChartContainer - [hivemq-test-hivemq-platform] [hivemq-platform-operator] [ea3fbc68] 18:30:41.005 [ReconcilerExecutor-hivemq-controller-113] INFO  c.h.p.o.h.HiveMQPlatformReconcilerBaseHandler - [helminit] HiveMQ Platform is starting, 0 of 1 replicas are ready
2025-01-30 18:30:41,951 INFO c.h.h.t.HelmChartContainer - [test-hivemq-platform] [hivemq] [d8b70422] INFO  - No valid license file found. Using trial license, restricted to 25 connections.
2025-01-30 18:30:43,367 INFO c.h.h.t.HelmChartContainer - [K3S] [range_allocator.go:247] "Successfully synced" key="c181d80517a6"
2025-01-30 18:30:45,933 INFO c.h.h.t.HelmChartContainer - [test-hivemq-platform] [hivemq] [d8b70422] WARN  - [HiveMQ Platform Operator Init App 1.7.0-SNAPSHOT] Cannot connect to Health API for readiness: null
2025-01-30 18:30:45,939 INFO c.h.h.t.HelmChartContainer - [EVENT] Warning [Unhealthy] Readiness probe failed: HTTP probe failed with statuscode: 503 [helminitcontainerit:test-hivemq-platform-0]
2025-01-30 18:30:45,939 INFO c.h.h.t.HelmChartContainer - Received Unhealthy event for container hivemq in pod test-hivemq-platform-0 [d8b70422-f8a0-4995-8e37-91f09fb8b34a]
2025-01-30 18:30:46,440 INFO c.h.h.t.HelmChartContainer - [test-hivemq-platform] [hivemq] [d8b70422] INFO  - No valid license file for Data Hub found. Using free license, restricted to 1 policy.
2025-01-30 18:30:47,554 INFO c.h.h.t.HelmChartContainer - [test-hivemq-platform] [hivemq] [d8b70422] INFO  - Audit Logger started.
2025-01-30 18:30:47,848 INFO c.h.h.t.HelmChartContainer - [test-hivemq-platform] [hivemq] [d8b70422] INFO  - This node uses '1' CPU cores.
2025-01-30 18:30:47,853 INFO c.h.h.t.HelmChartContainer - [test-hivemq-platform] [hivemq] [d8b70422] INFO  - Starting HiveMQ Health API on address 0.0.0.0 and port 8889
2025-01-30 18:30:48,546 INFO c.h.h.t.HelmChartContainer - [test-hivemq-platform] [hivemq] [d8b70422] INFO  - Started HiveMQ Health API in 694ms
2025-01-30 18:30:49,336 INFO c.h.h.t.HelmChartContainer - [test-hivemq-platform] [hivemq] [d8b70422] INFO  - Starting HiveMQ extension system.
2025-01-30 18:30:49,539 INFO c.h.h.t.HelmChartContainer - [test-hivemq-platform] [hivemq] [d8b70422] INFO  - Starting extension with id "hivemq-dns-cluster-discovery" at /opt/hivemq/extensions/hivemq-dns-cluster-discovery
2025-01-30 18:30:49,933 INFO c.h.h.t.HelmChartContainer - [test-hivemq-platform] [hivemq] [d8b70422] INFO  - Using TCP cluster transport on address 10.42.0.8 and port 7000
2025-01-30 18:30:49,938 INFO c.h.h.t.HelmChartContainer - [test-hivemq-platform] [hivemq] [d8b70422] INFO  - Using extension cluster discovery
2025-01-30 18:30:50,037 INFO c.h.h.t.HelmChartContainer - [test-hivemq-platform] [hivemq] [d8b70422] INFO  - Extension "DNS Cluster Discovery Extension" version 4.3.2 started successfully.
2025-01-30 18:30:50,038 INFO c.h.h.t.HelmChartContainer - [test-hivemq-platform] [hivemq] [d8b70422] INFO  - Starting extension with id "hivemq-prometheus-extension" at /opt/hivemq/extensions/hivemq-prometheus-extension
2025-01-30 18:30:51,013 INFO c.h.h.t.HelmChartContainer - [hivemq-test-hivemq-platform] [hivemq-platform-operator] [ea3fbc68] 18:30:51.010 [pool-6-thread-3] DEBUG c.h.p.o.d.PlatformServiceResource - [helminit] Desired Platform services (3 services)
2025-01-30 18:30:51,014 INFO c.h.h.t.HelmChartContainer - [hivemq-test-hivemq-platform] [hivemq-platform-operator] [ea3fbc68] 18:30:51.010 [pool-6-thread-4] DEBUG c.h.p.o.dependants.PodInfoConfigMap - [helminit] Desired PodInfo ConfigMap (1 extensions) (1 enabled)
2025-01-30 18:30:51,014 INFO c.h.h.t.HelmChartContainer - [hivemq-test-hivemq-platform] [hivemq-platform-operator] [ea3fbc68] 18:30:51.010 [pool-6-thread-4] DEBUG c.h.p.o.dependants.PodInfoConfigMap - [helminit] Desired PodInfo ConfigMap (metrics port: 9399) (metrics path: /)
2025-01-30 18:30:51,014 INFO c.h.h.t.HelmChartContainer - [hivemq-test-hivemq-platform] [hivemq-platform-operator] [ea3fbc68] 18:30:51.010 [pool-6-thread-4] DEBUG c.h.p.o.dependants.PodInfoConfigMap - [helminit] Desired PodInfo ConfigMap (extension state hash: -1817474005)
2025-01-30 18:30:51,014 INFO c.h.h.t.HelmChartContainer - [hivemq-test-hivemq-platform] [hivemq-platform-operator] [ea3fbc68] 18:30:51.011 [pool-6-thread-4] DEBUG c.h.p.o.d.PodServiceAccountResource - [helminit] Desired PodServiceAccountResource (serviceAccountName: hivemq-platform-pod-test-hivemq-platform)
2025-01-30 18:30:51,017 INFO c.h.h.t.HelmChartContainer - [hivemq-test-hivemq-platform] [hivemq-platform-operator] [ea3fbc68] 18:30:51.017 [pool-6-thread-3] DEBUG c.h.p.o.d.StatefulSetResource - [helminit] Desired StatefulSet (1 replicas) for status STARTING (READY)
2025-01-30 18:30:51,023 INFO c.h.h.t.HelmChartContainer - [hivemq-test-hivemq-platform] [hivemq-platform-operator] [ea3fbc68] 18:30:51.021 [ReconcilerExecutor-hivemq-controller-114] INFO  c.h.p.o.HiveMQPlatformReconciler - [helminit] Reconciling HiveMQ Platform 'test-hivemq-platform' in namespace 'helminitcontainerit'
2025-01-30 18:30:51,023 INFO c.h.h.t.HelmChartContainer - [hivemq-test-hivemq-platform] [hivemq-platform-operator] [ea3fbc68] 18:30:51.022 [ReconcilerExecutor-hivemq-controller-114] DEBUG c.h.p.o.HiveMQPlatformReconciler - [helminit] Custom Resource Status STARTING - HiveMQ Platform is starting (READY)
2025-01-30 18:30:51,023 INFO c.h.h.t.HelmChartContainer - [hivemq-test-hivemq-platform] [hivemq-platform-operator] [ea3fbc68] 18:30:51.022 [ReconcilerExecutor-hivemq-controller-114] DEBUG c.h.p.o.HiveMQPlatformReconciler - [helminit] Custom Resource Spec (replicas: 1) (extensions: 1)
2025-01-30 18:30:51,033 INFO c.h.h.t.HelmChartContainer - [test-hivemq-platform] [hivemq] [d8b70422] INFO  - Started Jetty Server exposing Prometheus Servlet on URI http://0.0.0.0:9399/
2025-01-30 18:30:51,033 INFO c.h.h.t.HelmChartContainer - [test-hivemq-platform] [hivemq] [d8b70422] INFO  - Extension "Prometheus Monitoring Extension" version 4.0.12 started successfully.
2025-01-30 18:30:51,033 INFO c.h.h.t.HelmChartContainer - [test-hivemq-platform] [hivemq] [d8b70422] INFO  - Starting extension with id "hivemq-allow-all-extension" at /opt/hivemq/extensions/hivemq-allow-all-extension
2025-01-30 18:30:51,033 INFO c.h.h.t.HelmChartContainer - [test-hivemq-platform] [hivemq] [d8b70422] WARN  - 
2025-01-30 18:30:51,033 INFO c.h.h.t.HelmChartContainer - [test-hivemq-platform] [hivemq] [d8b70422] ################################################################################################################
2025-01-30 18:30:51,033 INFO c.h.h.t.HelmChartContainer - [test-hivemq-platform] [hivemq] [d8b70422] # This HiveMQ deployment is not secure! You are lacking Authentication and Authorization.                      #
2025-01-30 18:30:51,033 INFO c.h.h.t.HelmChartContainer - [test-hivemq-platform] [hivemq] [d8b70422] # Right now any MQTT client can connect to the broker with a full set of permissions.                          #
2025-01-30 18:30:51,034 INFO c.h.h.t.HelmChartContainer - [test-hivemq-platform] [hivemq] [d8b70422] # For production usage, add an appropriate security extension and remove the hivemq-allow-all extension.       #
2025-01-30 18:30:51,034 INFO c.h.h.t.HelmChartContainer - [test-hivemq-platform] [hivemq] [d8b70422] # You can download security extensions from the HiveMQ Marketplace (https://www.hivemq.com/extensions/).       #
2025-01-30 18:30:51,034 INFO c.h.h.t.HelmChartContainer - [test-hivemq-platform] [hivemq] [d8b70422] ################################################################################################################
2025-01-30 18:30:51,034 INFO c.h.h.t.HelmChartContainer - [test-hivemq-platform] [hivemq] [d8b70422] INFO  - Extension "Allow All Extension" version 1.1.1 started successfully.
2025-01-30 18:30:51,106 INFO c.h.h.t.HelmChartContainer - [hivemq-test-hivemq-platform] [hivemq-platform-operator] [ea3fbc68] 18:30:51.103 [ReconcilerExecutor-hivemq-controller-114] DEBUG c.h.p.o.HiveMQPlatformReconciler - [helminit] StatefulSet Status (revision: test-hivemq-platform-bdc69c5dd, replicas: 1, available: 0, ready: 0, current: 1, updated: 1)
2025-01-30 18:30:51,106 INFO c.h.h.t.HelmChartContainer - [hivemq-test-hivemq-platform] [hivemq-platform-operator] [ea3fbc68] 18:30:51.103 [ReconcilerExecutor-hivemq-controller-114] DEBUG c.h.p.o.HiveMQPlatformReconciler - [helminit] StatefulSet Spec (replicas: 1, init containers: 2, containers: 1, volumes: 4)
2025-01-30 18:30:51,106 INFO c.h.h.t.HelmChartContainer - [hivemq-test-hivemq-platform] [hivemq-platform-operator] [ea3fbc68] 18:30:51.104 [ReconcilerExecutor-hivemq-controller-114] DEBUG c.h.p.o.h.HiveMQPlatformReconcilerErrorHandler - [helminit] Pod 'test-hivemq-platform-0' phase Running
2025-01-30 18:30:51,106 INFO c.h.h.t.HelmChartContainer - [hivemq-test-hivemq-platform] [hivemq-platform-operator] [ea3fbc68] 18:30:51.105 [ReconcilerExecutor-hivemq-controller-114] INFO  c.h.p.o.h.HiveMQPlatformReconcilerBaseHandler - [helminit] HiveMQ Platform is starting, 0 of 1 replicas are ready
2025-01-30 18:30:51,544 INFO c.h.h.t.HelmChartContainer - [test-hivemq-platform] [hivemq] [d8b70422] INFO  - [HiveMQ Platform Operator Init App 1.7.0-SNAPSHOT] Returning Health API response 503 for readiness
2025-01-30 18:30:51,549 INFO c.h.h.t.HelmChartContainer - [EVENT] Warning [Unhealthy] Readiness probe failed: HTTP probe failed with statuscode: 503 [helminitcontainerit:test-hivemq-platform-0]
2025-01-30 18:30:51,549 INFO c.h.h.t.HelmChartContainer - Received Unhealthy event for container hivemq in pod test-hivemq-platform-0 [d8b70422-f8a0-4995-8e37-91f09fb8b34a]
2025-01-30 18:30:53,041 INFO c.h.h.t.HelmChartContainer - [test-hivemq-platform] [hivemq] [d8b70422] INFO  - nHZto: no members discovered after 2507 ms: creating cluster as first member
2025-01-30 18:30:53,048 INFO c.h.h.t.HelmChartContainer - [test-hivemq-platform] [hivemq] [d8b70422] INFO  - Cluster nodes found by discovery: [nHZto|0] (1) [nHZto].
2025-01-30 18:30:53,132 INFO c.h.h.t.HelmChartContainer - [test-hivemq-platform] [hivemq] [d8b70422] WARN  - No user for HiveMQ Control Center configured. Starting with default user
2025-01-30 18:30:53,132 INFO c.h.h.t.HelmChartContainer - [test-hivemq-platform] [hivemq] [d8b70422] INFO  - Starting HiveMQ Control Center on address 0.0.0.0 and port 8080
2025-01-30 18:30:53,146 INFO c.h.h.t.HelmChartContainer - [test-hivemq-platform] [hivemq] [d8b70422] INFO  - Mounting HiveMQ Control Center V2 Preview
2025-01-30 18:30:53,737 INFO c.h.h.t.HelmChartContainer - [test-hivemq-platform] [hivemq] [d8b70422] INFO  - Started HiveMQ Control Center in 604ms
2025-01-30 18:30:53,831 INFO c.h.h.t.HelmChartContainer - [test-hivemq-platform] [hivemq] [d8b70422] INFO  - Starting TCP listener on address 0.0.0.0 and port 1883
2025-01-30 18:30:53,845 INFO c.h.h.t.HelmChartContainer - [test-hivemq-platform] [hivemq] [d8b70422] INFO  - Started TCP Listener on address 0.0.0.0 and on port 1883.
2025-01-30 18:30:53,846 INFO c.h.h.t.HelmChartContainer - [test-hivemq-platform] [hivemq] [d8b70422] INFO  - Started HiveMQ in 31014ms
2025-01-30 18:30:55,850 INFO c.h.h.t.HelmChartContainer - [test-hivemq-platform] [hivemq] [d8b70422] INFO  - [HiveMQ Platform Operator Init App 1.7.0-SNAPSHOT] Returning Health API response 200 for readiness
2025-01-30 18:30:55,866 INFO c.h.h.t.HelmChartContainer - [POD] test-hivemq-platform-0 [d8b70422-f8a0-4995-8e37-91f09fb8b34a] in helminitcontainerit was MODIFIED
2025-01-30 18:30:55,872 INFO c.h.h.t.HelmChartContainer - [hivemq-test-hivemq-platform] [hivemq-platform-operator] [ea3fbc68] 18:30:55.867 [pool-6-thread-14] DEBUG c.h.p.o.d.PlatformServiceResource - [helminit] Desired Platform services (3 services)
2025-01-30 18:30:55,875 INFO c.h.h.t.HelmChartContainer - [hivemq-test-hivemq-platform] [hivemq-platform-operator] [ea3fbc68] 18:30:55.871 [pool-6-thread-16] DEBUG c.h.p.o.dependants.PodInfoConfigMap - [helminit] Desired PodInfo ConfigMap (1 extensions) (1 enabled)
2025-01-30 18:30:55,885 INFO c.h.h.t.HelmChartContainer - [hivemq-test-hivemq-platform] [hivemq-platform-operator] [ea3fbc68] 18:30:55.871 [pool-6-thread-16] DEBUG c.h.p.o.dependants.PodInfoConfigMap - [helminit] Desired PodInfo ConfigMap (metrics port: 9399) (metrics path: /)
2025-01-30 18:30:55,886 INFO c.h.h.t.HelmChartContainer - [hivemq-test-hivemq-platform] [hivemq-platform-operator] [ea3fbc68] 18:30:55.871 [pool-6-thread-16] DEBUG c.h.p.o.dependants.PodInfoConfigMap - [helminit] Desired PodInfo ConfigMap (extension state hash: -1817474005)
2025-01-30 18:30:55,886 INFO c.h.h.t.HelmChartContainer - [hivemq-test-hivemq-platform] [hivemq-platform-operator] [ea3fbc68] 18:30:55.873 [pool-6-thread-18] DEBUG c.h.p.o.d.PodServiceAccountResource - [helminit] Desired PodServiceAccountResource (serviceAccountName: hivemq-platform-pod-test-hivemq-platform)
2025-01-30 18:30:55,891 INFO c.h.h.t.HelmChartContainer - [hivemq-test-hivemq-platform] [hivemq-platform-operator] [ea3fbc68] 18:30:55.890 [pool-6-thread-13] DEBUG c.h.p.o.d.StatefulSetResource - [helminit] Desired StatefulSet (1 replicas) for status STARTING (READY)
2025-01-30 18:30:55,907 INFO c.h.h.t.HelmChartContainer - [hivemq-test-hivemq-platform] [hivemq-platform-operator] [ea3fbc68] 18:30:55.904 [ReconcilerExecutor-hivemq-controller-115] INFO  c.h.p.o.HiveMQPlatformReconciler - [helminit] Reconciling HiveMQ Platform 'test-hivemq-platform' in namespace 'helminitcontainerit'
2025-01-30 18:30:55,907 INFO c.h.h.t.HelmChartContainer - [hivemq-test-hivemq-platform] [hivemq-platform-operator] [ea3fbc68] 18:30:55.904 [ReconcilerExecutor-hivemq-controller-115] DEBUG c.h.p.o.HiveMQPlatformReconciler - [helminit] Custom Resource Status STARTING - HiveMQ Platform is starting (READY)
2025-01-30 18:30:55,908 INFO c.h.h.t.HelmChartContainer - [hivemq-test-hivemq-platform] [hivemq-platform-operator] [ea3fbc68] 18:30:55.905 [ReconcilerExecutor-hivemq-controller-115] DEBUG c.h.p.o.HiveMQPlatformReconciler - [helminit] Custom Resource Spec (replicas: 1) (extensions: 1)
2025-01-30 18:30:55,912 INFO c.h.h.t.HelmChartContainer - [hivemq-test-hivemq-platform] [hivemq-platform-operator] [ea3fbc68] 18:30:55.908 [ReconcilerExecutor-hivemq-controller-115] DEBUG c.h.p.o.HiveMQPlatformReconciler - [helminit] StatefulSet Status (revision: test-hivemq-platform-bdc69c5dd, replicas: 1, available: 1, ready: 1, current: 1, updated: 1)
2025-01-30 18:30:55,912 INFO c.h.h.t.HelmChartContainer - [hivemq-test-hivemq-platform] [hivemq-platform-operator] [ea3fbc68] 18:30:55.908 [ReconcilerExecutor-hivemq-controller-115] DEBUG c.h.p.o.HiveMQPlatformReconciler - [helminit] StatefulSet Spec (replicas: 1, init containers: 2, containers: 1, volumes: 4)
2025-01-30 18:30:55,912 INFO c.h.h.t.HelmChartContainer - [hivemq-test-hivemq-platform] [hivemq-platform-operator] [ea3fbc68] 18:30:55.909 [ReconcilerExecutor-hivemq-controller-115] DEBUG c.h.p.o.h.HiveMQPlatformReconcilerErrorHandler - [helminit] Pod 'test-hivemq-platform-0' phase Running
2025-01-30 18:30:55,912 INFO c.h.h.t.HelmChartContainer - [hivemq-test-hivemq-platform] [hivemq-platform-operator] [ea3fbc68] 18:30:55.910 [ReconcilerExecutor-hivemq-controller-115] INFO  c.h.p.o.h.HiveMQPlatformReconcilerBaseHandler - [helminit] HiveMQ Platform started successfully
2025-01-30 18:30:56,007 INFO c.h.h.t.HelmChartContainer - [hivemq-test-hivemq-platform] [hivemq-platform-operator] [ea3fbc68] 18:30:56.006 [ReconcilerExecutor-hivemq-controller-115] DEBUG c.h.p.operator.event.EventSender - [helminit] Creating K8s event hivemq-platform-ready: [Ready] HiveMQ Platform is ready
2025-01-30 18:30:56,014 INFO c.h.h.t.HelmChartContainer - [EVENT] Normal [Ready] HiveMQ Platform is ready [helminitcontainerit:test-hivemq-platform]
2025-01-30 18:30:56,014 INFO c.h.h.t.HelmChartContainer - [hivemq-test-hivemq-platform] [hivemq-platform-operator] [ea3fbc68] 18:30:56.013 [ReconcilerExecutor-hivemq-controller-115] INFO  c.h.p.o.h.AbstractHiveMQReconcilerStateHandler - [helminit] Update HiveMQ Platform Status (STARTING [READY] -> RUNNING [READY]): HiveMQ Platform is ready
2025-01-30 18:30:56,024 DEBUG com.hivemq.helmcharts.util.K8sUtil - Comparing actual state 'RUNNING' and waiting for 'RUNNING'
2025-01-30 18:30:56,026 INFO c.h.h.t.HelmChartContainer - [hivemq-test-hivemq-platform] [hivemq-platform-operator] [ea3fbc68] 18:30:56.025 [pool-6-thread-23] DEBUG c.h.p.o.d.PlatformServiceResource - [helminit] Desired Platform services (3 services)
2025-01-30 18:30:56,028 INFO c.h.h.t.HelmChartContainer - [hivemq-test-hivemq-platform] [hivemq-platform-operator] [ea3fbc68] 18:30:56.027 [pool-6-thread-21] DEBUG c.h.p.o.d.PodServiceAccountResource - [helminit] Desired PodServiceAccountResource (serviceAccountName: hivemq-platform-pod-test-hivemq-platform)
2025-01-30 18:30:56,031 INFO c.h.h.t.HelmChartContainer - [hivemq-test-hivemq-platform] [hivemq-platform-operator] [ea3fbc68] 18:30:56.030 [pool-6-thread-22] DEBUG c.h.p.o.dependants.PodInfoConfigMap - [helminit] Desired PodInfo ConfigMap (1 extensions) (1 enabled)
2025-01-30 18:30:56,031 INFO c.h.h.t.HelmChartContainer - [hivemq-test-hivemq-platform] [hivemq-platform-operator] [ea3fbc68] 18:30:56.030 [pool-6-thread-22] DEBUG c.h.p.o.dependants.PodInfoConfigMap - [helminit] Desired PodInfo ConfigMap (metrics port: 9399) (metrics path: /)
2025-01-30 18:30:56,031 INFO c.h.h.t.HelmChartContainer - [hivemq-test-hivemq-platform] [hivemq-platform-operator] [ea3fbc68] 18:30:56.030 [pool-6-thread-22] DEBUG c.h.p.o.dependants.PodInfoConfigMap - [helminit] Desired PodInfo ConfigMap (extension state hash: -1817474005)
2025-01-30 18:30:56,032 INFO c.h.h.t.HelmChartContainer - [hivemq-test-hivemq-platform] [hivemq-platform-operator] [ea3fbc68] 18:30:56.031 [pool-6-thread-22] DEBUG c.h.p.o.dependants.PodInfoConfigMap - [helminit] Update PodInfo ConfigMap
2025-01-30 18:30:56,111 INFO c.h.h.t.HelmChartContainer - [hivemq-test-hivemq-platform] [hivemq-platform-operator] [ea3fbc68] 18:30:56.109 [pool-6-thread-22] DEBUG c.h.p.o.d.StatefulSetResource - [helminit] Desired StatefulSet (1 replicas) for status RUNNING (READY)
2025-01-30 18:30:56,116 INFO c.h.h.t.HelmChartContainer - [hivemq-test-hivemq-platform] [hivemq-platform-operator] [ea3fbc68] 18:30:56.114 [ReconcilerExecutor-hivemq-controller-116] INFO  c.h.p.o.HiveMQPlatformReconciler - [helminit] Reconciling HiveMQ Platform 'test-hivemq-platform' in namespace 'helminitcontainerit'
2025-01-30 18:30:56,117 INFO c.h.h.t.HelmChartContainer - [hivemq-test-hivemq-platform] [hivemq-platform-operator] [ea3fbc68] 18:30:56.114 [ReconcilerExecutor-hivemq-controller-116] DEBUG c.h.p.o.HiveMQPlatformReconciler - [helminit] Custom Resource Status RUNNING - HiveMQ Platform is ready (READY)
2025-01-30 18:30:56,117 INFO c.h.h.t.HelmChartContainer - [hivemq-test-hivemq-platform] [hivemq-platform-operator] [ea3fbc68] 18:30:56.114 [ReconcilerExecutor-hivemq-controller-116] DEBUG c.h.p.o.HiveMQPlatformReconciler - [helminit] Custom Resource Spec (replicas: 1) (extensions: 1)
2025-01-30 18:30:56,120 INFO c.h.h.t.HelmChartContainer - [hivemq-test-hivemq-platform] [hivemq-platform-operator] [ea3fbc68] 18:30:56.116 [ReconcilerExecutor-hivemq-controller-116] DEBUG c.h.p.o.HiveMQPlatformReconciler - [helminit] StatefulSet Status (revision: test-hivemq-platform-bdc69c5dd, replicas: 1, available: 1, ready: 1, current: 1, updated: 1)
2025-01-30 18:30:56,121 INFO c.h.h.t.HelmChartContainer - [hivemq-test-hivemq-platform] [hivemq-platform-operator] [ea3fbc68] 18:30:56.118 [ReconcilerExecutor-hivemq-controller-116] DEBUG c.h.p.o.HiveMQPlatformReconciler - [helminit] StatefulSet Spec (replicas: 1, init containers: 2, containers: 1, volumes: 4)
2025-01-30 18:30:56,204 INFO c.h.h.t.HelmChartContainer - [hivemq-test-hivemq-platform] [hivemq-platform-operator] [ea3fbc68] 18:30:56.202 [ReconcilerExecutor-hivemq-controller-116] DEBUG c.h.p.o.h.HiveMQPlatformReconcilerErrorHandler - [helminit] Pod 'test-hivemq-platform-0' phase Running
2025-01-30 18:31:00,139 INFO c.h.h.t.HelmChartContainer - Uninstalling release 'test-hivemq-platform' in namespace 'helminitcontainerit'...
2025-01-30 18:31:00,139 DEBUG c.h.h.t.HelmChartContainer - Executing helm command: /bin/helm --kubeconfig /etc/rancher/k3s/k3s.yaml uninstall test-hivemq-platform  --wait --timeout 5m0s --cascade foreground --namespace helminitcontainerit
2025-01-30 18:31:00,328 INFO c.h.h.t.HelmChartContainer - [hivemq-test-hivemq-platform] [hivemq-platform-operator] [ea3fbc68] 18:31:00.325 [pool-6-thread-36] DEBUG c.h.p.o.d.PlatformServiceResource - [helminit] Desired Platform services (3 services)
2025-01-30 18:31:00,404 INFO c.h.h.t.HelmChartContainer - [hivemq-test-hivemq-platform] [hivemq-platform-operator] [ea3fbc68] 18:31:00.401 [pool-6-thread-37] DEBUG c.h.p.o.dependants.PodInfoConfigMap - [helminit] Desired PodInfo ConfigMap (1 extensions) (1 enabled)
2025-01-30 18:31:00,404 INFO c.h.h.t.HelmChartContainer - [hivemq-test-hivemq-platform] [hivemq-platform-operator] [ea3fbc68] 18:31:00.402 [pool-6-thread-37] DEBUG c.h.p.o.dependants.PodInfoConfigMap - [helminit] Desired PodInfo ConfigMap (metrics port: 9399) (metrics path: /)
2025-01-30 18:31:00,404 INFO c.h.h.t.HelmChartContainer - [hivemq-test-hivemq-platform] [hivemq-platform-operator] [ea3fbc68] 18:31:00.402 [pool-6-thread-37] DEBUG c.h.p.o.dependants.PodInfoConfigMap - [helminit] Desired PodInfo ConfigMap (extension state hash: -1817474005)
2025-01-30 18:31:00,406 INFO c.h.h.t.HelmChartContainer - [hivemq-test-hivemq-platform] [hivemq-platform-operator] [ea3fbc68] 18:31:00.405 [pool-6-thread-31] DEBUG c.h.p.o.d.PodServiceAccountResource - [helminit] Desired PodServiceAccountResource (serviceAccountName: hivemq-platform-pod-test-hivemq-platform)
2025-01-30 18:31:00,412 INFO c.h.h.t.HelmChartContainer - [hivemq-test-hivemq-platform] [hivemq-platform-operator] [ea3fbc68] 18:31:00.408 [pool-6-thread-36] DEBUG c.h.p.o.d.PodRoleBindingResource - [helminit] Create RoleBinding: RoleBinding(apiVersion=rbac.authorization.k8s.io/v1, kind=RoleBinding, metadata=ObjectMeta(annotations={meta.helm.sh/release-name=test-hivemq-platform, meta.helm.sh/release-namespace=helminitcontainerit}, creationTimestamp=null, deletionGracePeriodSeconds=null, deletionTimestamp=null, finalizers=[], generateName=null, generation=null, labels={helm.sh/chart=hivemq-platform-0.2.32, app.kubernetes.io/managed-by=Helm, app.kubernetes.io/name=hivemq-platform, hivemq-platform=test-hivemq-platform, app.kubernetes.io/instance=test-hivemq-platform, app.kubernetes.io/version=4.36.0}, managedFields=[], name=hivemq-platform-role-binding-test-hivemq-platform, namespace=helminitcontainerit, ownerReferences=[OwnerReference(apiVersion=hivemq.com/v1, blockOwnerDeletion=null, controller=null, kind=HiveMQPlatform, name=test-hivemq-platform, uid=0e3e92f1-f916-4a62-96a6-f24a29cb4e98, additionalProperties={})], resourceVersion=null, selfLink=null, uid=null, additionalProperties={}), roleRef=RoleRef(apiGroup=rbac.authorization.k8s.io, kind=Role, name=hivemq-platform-role-test-hivemq-platform, additionalProperties={}), subjects=[Subject(apiGroup=null, kind=ServiceAccount, name=hivemq-platform-pod-test-hivemq-platform, namespace=helminitcontainerit, additionalProperties={})], additionalProperties={})
2025-01-30 18:31:00,413 INFO c.h.h.t.HelmChartContainer - [hivemq-test-hivemq-platform] [hivemq-platform-operator] [ea3fbc68] 18:31:00.410 [pool-6-thread-37] DEBUG c.h.p.o.d.StatefulSetResource - [helminit] Desired StatefulSet (1 replicas) for status RUNNING (READY)
2025-01-30 18:31:00,506 INFO c.h.h.t.HelmChartContainer - [hivemq-test-hivemq-platform] [hivemq-platform-operator] [ea3fbc68] 18:31:00.504 [pool-6-thread-37] DEBUG c.h.p.o.d.StatefulSetResource - [helminit] Update StatefulSet (replicas: 1 -> 1)
2025-01-30 18:31:00,506 INFO c.h.h.t.HelmChartContainer - [hivemq-test-hivemq-platform] [hivemq-platform-operator] [ea3fbc68] 18:31:00.505 [pool-6-thread-37] DEBUG c.h.p.o.d.StatefulSetResource - [helminit] Detected change in StatefulSet specification (path: /template/metadata/annotations/kubernetes-resource-versions) (actual value: {broker-configuration-v2=-2089688360}) (target value: {broker-configuration-v2=0})
2025-01-30 18:31:00,507 INFO c.h.h.t.HelmChartContainer - [hivemq-test-hivemq-platform] [hivemq-platform-operator] [ea3fbc68] 18:31:00.505 [pool-6-thread-37] INFO  c.h.p.o.d.StatefulSetResource - [helminit] StatefulSet spec was updated, triggering rolling restart
2025-01-30 18:31:00,614 INFO c.h.h.t.HelmChartContainer - [hivemq-test-hivemq-platform] [hivemq-platform-operator] [ea3fbc68] 18:31:00.609 [ReconcilerExecutor-hivemq-controller-117] ERROR i.j.o.p.event.EventProcessor - Error during event processing ExecutionScope{ resource id: ResourceID{name='test-hivemq-platform', namespace='helminitcontainerit'}, version: 877}
2025-01-30 18:31:00,614 INFO c.h.h.t.HelmChartContainer - [hivemq-test-hivemq-platform] [hivemq-platform-operator] [ea3fbc68] io.javaoperatorsdk.operator.OperatorException: io.javaoperatorsdk.operator.AggregatedOperatorException: Exception(s) during workflow execution. Details:
2025-01-30 18:31:00,614 INFO c.h.h.t.HelmChartContainer - [hivemq-test-hivemq-platform] [hivemq-platform-operator] [ea3fbc68]  - com.hivemq.platform.operator.dependants.PodRoleBindingResource -> io.fabric8.kubernetes.client.KubernetesClientException: Failure executing: PATCH at: https://10.43.0.1:443/apis/rbac.authorization.k8s.io/v1/namespaces/helminitcontainerit/rolebindings/hivemq-platform-role-binding-test-hivemq-platform?fieldManager=hivemq-controller&force=true. Message: rolebindings.rbac.authorization.k8s.io "hivemq-platform-role-test-hivemq-platform" not found. Received status: Status(apiVersion=v1, code=404, details=StatusDetails(causes=[], group=rbac.authorization.k8s.io, kind=rolebindings, name=hivemq-platform-role-test-hivemq-platform, retryAfterSeconds=null, uid=null, additionalProperties={}), kind=Status, message=rolebindings.rbac.authorization.k8s.io "hivemq-platform-role-test-hivemq-platform" not found, metadata=ListMeta(_continue=null, remainingItemCount=null, resourceVersion=null, selfLink=null, additionalProperties={}), reason=NotFound, status=Failure, additionalProperties={}).
2025-01-30 18:31:00,614 INFO c.h.h.t.HelmChartContainer - [hivemq-test-hivemq-platform] [hivemq-platform-operator] [ea3fbc68] 	at io.fabric8.kubernetes.client.KubernetesClientException.copyAsCause(KubernetesClientException.java:238)
2025-01-30 18:31:00,614 INFO c.h.h.t.HelmChartContainer - [hivemq-test-hivemq-platform] [hivemq-platform-operator] [ea3fbc68] 	at io.fabric8.kubernetes.client.dsl.internal.OperationSupport.waitForResult(OperationSupport.java:507)
2025-01-30 18:31:00,614 INFO c.h.h.t.HelmChartContainer - [hivemq-test-hivemq-platform] [hivemq-platform-operator] [ea3fbc68] 	at io.fabric8.kubernetes.client.dsl.internal.OperationSupport.handleResponse(OperationSupport.java:524)
2025-01-30 18:31:00,614 INFO c.h.h.t.HelmChartContainer - [hivemq-test-hivemq-platform] [hivemq-platform-operator] [ea3fbc68] 	at io.fabric8.kubernetes.client.dsl.internal.OperationSupport.handlePatch(OperationSupport.java:419)
2025-01-30 18:31:00,614 INFO c.h.h.t.HelmChartContainer - [hivemq-test-hivemq-platform] [hivemq-platform-operator] [ea3fbc68] 	at io.fabric8.kubernetes.client.dsl.internal.OperationSupport.handlePatch(OperationSupport.java:397)
2025-01-30 18:31:00,614 INFO c.h.h.t.HelmChartContainer - [hivemq-test-hivemq-platform] [hivemq-platform-operator] [ea3fbc68] 	at io.fabric8.kubernetes.client.dsl.internal.BaseOperation.handlePatch(BaseOperation.java:764)
2025-01-30 18:31:00,614 INFO c.h.h.t.HelmChartContainer - [hivemq-test-hivemq-platform] [hivemq-platform-operator] [ea3fbc68] 	at io.fabric8.kubernetes.client.dsl.internal.HasMetadataOperation.lambda$patch$2(HasMetadataOperation.java:231)
2025-01-30 18:31:00,614 INFO c.h.h.t.HelmChartContainer - [hivemq-test-hivemq-platform] [hivemq-platform-operator] [ea3fbc68] 	at io.fabric8.kubernetes.client.dsl.internal.HasMetadataOperation.patch(HasMetadataOperation.java:236)
2025-01-30 18:31:00,621 INFO c.h.h.t.HelmChartContainer - [hivemq-test-hivemq-platform] [hivemq-platform-operator] [ea3fbc68] 	at io.fabric8.kubernetes.client.dsl.internal.HasMetadataOperation.patch(HasMetadataOperation.java:251)
2025-01-30 18:31:00,621 INFO c.h.h.t.HelmChartContainer - [hivemq-test-hivemq-platform] [hivemq-platform-operator] [ea3fbc68] 	at io.fabric8.kubernetes.client.dsl.internal.BaseOperation.serverSideApply(BaseOperation.java:1179)
2025-01-30 18:31:00,621 INFO c.h.h.t.HelmChartContainer - [hivemq-test-hivemq-platform] [hivemq-platform-operator] [ea3fbc68] 	at io.fabric8.kubernetes.client.dsl.internal.BaseOperation.serverSideApply(BaseOperation.java:98)
2025-01-30 18:31:00,621 INFO c.h.h.t.HelmChartContainer - [hivemq-test-hivemq-platform] [hivemq-platform-operator] [ea3fbc68] 	at io.javaoperatorsdk.operator.processing.dependent.kubernetes.KubernetesDependentResource.create(KubernetesDependentResource.java:123)
2025-01-30 18:31:00,621 INFO c.h.h.t.HelmChartContainer - [hivemq-test-hivemq-platform] [hivemq-platform-operator] [ea3fbc68] 	at com.hivemq.platform.operator.dependants.PodRoleBindingResource.create(PodRoleBindingResource.java:55)
2025-01-30 18:31:00,621 INFO c.h.h.t.HelmChartContainer - [hivemq-test-hivemq-platform] [hivemq-platform-operator] [ea3fbc68] 	at com.hivemq.platform.operator.dependants.PodRoleBindingResource.create(PodRoleBindingResource.java:22)
2025-01-30 18:31:00,621 INFO c.h.h.t.HelmChartContainer - [hivemq-test-hivemq-platform] [hivemq-platform-operator] [ea3fbc68] 	at io.javaoperatorsdk.operator.processing.dependent.AbstractDependentResource.handleCreate(AbstractDependentResource.java:119)
2025-01-30 18:31:00,621 INFO c.h.h.t.HelmChartContainer - [hivemq-test-hivemq-platform] [hivemq-platform-operator] [ea3fbc68] 	at io.javaoperatorsdk.operator.processing.dependent.AbstractDependentResource.reconcile(AbstractDependentResource.java:62)
2025-01-30 18:31:00,621 INFO c.h.h.t.HelmChartContainer - [hivemq-test-hivemq-platform] [hivemq-platform-operator] [ea3fbc68] 	at io.javaoperatorsdk.operator.processing.dependent.SingleDependentResourceReconciler.reconcile(SingleDependentResourceReconciler.java:19)
2025-01-30 18:31:00,621 INFO c.h.h.t.HelmChartContainer - [hivemq-test-hivemq-platform] [hivemq-platform-operator] [ea3fbc68] 	at io.javaoperatorsdk.operator.processing.dependent.AbstractDependentResource.reconcile(AbstractDependentResource.java:52)
2025-01-30 18:31:00,621 INFO c.h.h.t.HelmChartContainer - [hivemq-test-hivemq-platform] [hivemq-platform-operator] [ea3fbc68] 	at com.hivemq.platform.operator.dependants.PodRoleBindingResource.reconcile(PodRoleBindingResource.java:46)
2025-01-30 18:31:00,621 INFO c.h.h.t.HelmChartContainer - [hivemq-test-hivemq-platform] [hivemq-platform-operator] [ea3fbc68] 	at com.hivemq.platform.operator.dependants.PodRoleBindingResource.reconcile(PodRoleBindingResource.java:22)
2025-01-30 18:31:00,621 INFO c.h.h.t.HelmChartContainer - [hivemq-test-hivemq-platform] [hivemq-platform-operator] [ea3fbc68] 	at io.javaoperatorsdk.operator.processing.dependent.workflow.WorkflowReconcileExecutor$NodeReconcileExecutor.doRun(WorkflowReconcileExecutor.java:123)
2025-01-30 18:31:00,621 INFO c.h.h.t.HelmChartContainer - [hivemq-test-hivemq-platform] [hivemq-platform-operator] [ea3fbc68] 	at io.javaoperatorsdk.operator.processing.dependent.workflow.NodeExecutor.run(NodeExecutor.java:22)
2025-01-30 18:31:00,621 INFO c.h.h.t.HelmChartContainer - [hivemq-test-hivemq-platform] [hivemq-platform-operator] [ea3fbc68] 	at java.base/java.util.concurrent.Executors$RunnableAdapter.call(Unknown Source)
2025-01-30 18:31:00,621 INFO c.h.h.t.HelmChartContainer - [hivemq-test-hivemq-platform] [hivemq-platform-operator] [ea3fbc68] 	at java.base/java.util.concurrent.FutureTask.run(Unknown Source)
2025-01-30 18:31:00,621 INFO c.h.h.t.HelmChartContainer - [hivemq-test-hivemq-platform] [hivemq-platform-operator] [ea3fbc68] 	at java.base/java.util.concurrent.ThreadPoolExecutor.runWorker(Unknown Source)
2025-01-30 18:31:00,621 INFO c.h.h.t.HelmChartContainer - [hivemq-test-hivemq-platform] [hivemq-platform-operator] [ea3fbc68] 	at java.base/java.util.concurrent.ThreadPoolExecutor$Worker.run(Unknown Source)
2025-01-30 18:31:00,621 INFO c.h.h.t.HelmChartContainer - [hivemq-test-hivemq-platform] [hivemq-platform-operator] [ea3fbc68] 	at java.base/java.lang.Thread.run(Unknown Source)
2025-01-30 18:31:00,621 INFO c.h.h.t.HelmChartContainer - [hivemq-test-hivemq-platform] [hivemq-platform-operator] [ea3fbc68] Caused by: io.fabric8.kubernetes.client.KubernetesClientException: Failure executing: PATCH at: https://10.43.0.1:443/apis/rbac.authorization.k8s.io/v1/namespaces/helminitcontainerit/rolebindings/hivemq-platform-role-binding-test-hivemq-platform?fieldManager=hivemq-controller&force=true. Message: rolebindings.rbac.authorization.k8s.io "hivemq-platform-role-test-hivemq-platform" not found. Received status: Status(apiVersion=v1, code=404, details=StatusDetails(causes=[], group=rbac.authorization.k8s.io, kind=rolebindings, name=hivemq-platform-role-test-hivemq-platform, retryAfterSeconds=null, uid=null, additionalProperties={}), kind=Status, message=rolebindings.rbac.authorization.k8s.io "hivemq-platform-role-test-hivemq-platform" not found, metadata=ListMeta(_continue=null, remainingItemCount=null, resourceVersion=null, selfLink=null, additionalProperties={}), reason=NotFound, status=Failure, additionalProperties={}).
2025-01-30 18:31:00,621 INFO c.h.h.t.HelmChartContainer - [hivemq-test-hivemq-platform] [hivemq-platform-operator] [ea3fbc68] 	at io.fabric8.kubernetes.client.dsl.internal.OperationSupport.requestFailure(OperationSupport.java:660)
2025-01-30 18:31:00,621 INFO c.h.h.t.HelmChartContainer - [hivemq-test-hivemq-platform] [hivemq-platform-operator] [ea3fbc68] 	at io.fabric8.kubernetes.client.dsl.internal.OperationSupport.requestFailure(OperationSupport.java:640)
2025-01-30 18:31:00,621 INFO c.h.h.t.HelmChartContainer - [hivemq-test-hivemq-platform] [hivemq-platform-operator] [ea3fbc68] 	at io.fabric8.kubernetes.client.dsl.internal.OperationSupport.assertResponseCode(OperationSupport.java:589)
2025-01-30 18:31:00,621 INFO c.h.h.t.HelmChartContainer - [hivemq-test-hivemq-platform] [hivemq-platform-operator] [ea3fbc68] 	at io.fabric8.kubernetes.client.dsl.internal.OperationSupport.lambda$handleResponse$0(OperationSupport.java:549)
2025-01-30 18:31:00,622 INFO c.h.h.t.HelmChartContainer - [hivemq-test-hivemq-platform] [hivemq-platform-operator] [ea3fbc68] 	at java.base/java.util.concurrent.CompletableFuture$UniApply.tryFire(Unknown Source)
2025-01-30 18:31:00,622 INFO c.h.h.t.HelmChartContainer - [hivemq-test-hivemq-platform] [hivemq-platform-operator] [ea3fbc68] 	at java.base/java.util.concurrent.CompletableFuture.postComplete(Unknown Source)
2025-01-30 18:31:00,622 INFO c.h.h.t.HelmChartContainer - [hivemq-test-hivemq-platform] [hivemq-platform-operator] [ea3fbc68] 	at java.base/java.util.concurrent.CompletableFuture.complete(Unknown Source)
2025-01-30 18:31:00,622 INFO c.h.h.t.HelmChartContainer - [hivemq-test-hivemq-platform] [hivemq-platform-operator] [ea3fbc68] 	at io.fabric8.kubernetes.client.http.StandardHttpClient.lambda$completeOrCancel$10(StandardHttpClient.java:141)
2025-01-30 18:31:00,622 INFO c.h.h.t.HelmChartContainer - [hivemq-test-hivemq-platform] [hivemq-platform-operator] [ea3fbc68] 	at java.base/java.util.concurrent.CompletableFuture.uniWhenComplete(Unknown Source)
2025-01-30 18:31:00,622 INFO c.h.h.t.HelmChartContainer - [hivemq-test-hivemq-platform] [hivemq-platform-operator] [ea3fbc68] 	at java.base/java.util.concurrent.CompletableFuture$UniWhenComplete.tryFire(Unknown Source)
2025-01-30 18:31:00,622 INFO c.h.h.t.HelmChartContainer - [hivemq-test-hivemq-platform] [hivemq-platform-operator] [ea3fbc68] 	at java.base/java.util.concurrent.CompletableFuture.postComplete(Unknown Source)
2025-01-30 18:31:00,622 INFO c.h.h.t.HelmChartContainer - [hivemq-test-hivemq-platform] [hivemq-platform-operator] [ea3fbc68] 	at java.base/java.util.concurrent.CompletableFuture.complete(Unknown Source)
2025-01-30 18:31:00,622 INFO c.h.h.t.HelmChartContainer - [hivemq-test-hivemq-platform] [hivemq-platform-operator] [ea3fbc68] 	at io.fabric8.kubernetes.client.http.ByteArrayBodyHandler.onBodyDone(ByteArrayBodyHandler.java:51)
2025-01-30 18:31:00,622 INFO c.h.h.t.HelmChartContainer - [hivemq-test-hivemq-platform] [hivemq-platform-operator] [ea3fbc68] 	at java.base/java.util.concurrent.CompletableFuture.uniWhenComplete(Unknown Source)
2025-01-30 18:31:00,622 INFO c.h.h.t.HelmChartContainer - [hivemq-test-hivemq-platform] [hivemq-platform-operator] [ea3fbc68] 	at java.base/java.util.concurrent.CompletableFuture$UniWhenComplete.tryFire(Unknown Source)
2025-01-30 18:31:00,622 INFO c.h.h.t.HelmChartContainer - [hivemq-test-hivemq-platform] [hivemq-platform-operator] [ea3fbc68] 	at java.base/java.util.concurrent.CompletableFuture.postComplete(Unknown Source)
2025-01-30 18:31:00,622 INFO c.h.h.t.HelmChartContainer - [hivemq-test-hivemq-platform] [hivemq-platform-operator] [ea3fbc68] 	at java.base/java.util.concurrent.CompletableFuture.complete(Unknown Source)
2025-01-30 18:31:00,622 INFO c.h.h.t.HelmChartContainer - [hivemq-test-hivemq-platform] [hivemq-platform-operator] [ea3fbc68] 	at io.fabric8.kubernetes.client.vertx.VertxHttpRequest.lambda$null$1(VertxHttpRequest.java:121)
2025-01-30 18:31:00,622 INFO c.h.h.t.HelmChartContainer - [hivemq-test-hivemq-platform] [hivemq-platform-operator] [ea3fbc68] 	at io.vertx.core.impl.ContextInternal.dispatch(ContextInternal.java:279)
2025-01-30 18:31:00,622 INFO c.h.h.t.HelmChartContainer - [hivemq-test-hivemq-platform] [hivemq-platform-operator] [ea3fbc68] 	at io.vertx.core.impl.ContextInternal.dispatch(ContextInternal.java:261)
2025-01-30 18:31:00,622 INFO c.h.h.t.HelmChartContainer - [hivemq-test-hivemq-platform] [hivemq-platform-operator] [ea3fbc68] 	at io.vertx.core.http.impl.HttpEventHandler.handleEnd(HttpEventHandler.java:76)
2025-01-30 18:31:00,622 INFO c.h.h.t.HelmChartContainer - [hivemq-test-hivemq-platform] [hivemq-platform-operator] [ea3fbc68] 	at io.vertx.core.http.impl.HttpClientResponseImpl.handleEnd(HttpClientResponseImpl.java:250)
2025-01-30 18:31:00,622 INFO c.h.h.t.HelmChartContainer - [hivemq-test-hivemq-platform] [hivemq-platform-operator] [ea3fbc68] 	at io.vertx.core.http.impl.Http1xClientConnection$StreamImpl.lambda$new$0(Http1xClientConnection.java:421)
2025-01-30 18:31:00,622 INFO c.h.h.t.HelmChartContainer - [hivemq-test-hivemq-platform] [hivemq-platform-operator] [ea3fbc68] 	at io.vertx.core.streams.impl.InboundBuffer.handleEvent(InboundBuffer.java:279)
2025-01-30 18:31:00,622 INFO c.h.h.t.HelmChartContainer - [hivemq-test-hivemq-platform] [hivemq-platform-operator] [ea3fbc68] 	at io.vertx.core.streams.impl.InboundBuffer.write(InboundBuffer.java:157)
2025-01-30 18:31:00,622 INFO c.h.h.t.HelmChartContainer - [hivemq-test-hivemq-platform] [hivemq-platform-operator] [ea3fbc68] 	at io.vertx.core.http.impl.Http1xClientConnection$StreamImpl.handleEnd(Http1xClientConnection.java:709)
2025-01-30 18:31:00,622 INFO c.h.h.t.HelmChartContainer - [hivemq-test-hivemq-platform] [hivemq-platform-operator] [ea3fbc68] 	at io.vertx.core.impl.ContextImpl.execute(ContextImpl.java:313)
2025-01-30 18:31:00,622 INFO c.h.h.t.HelmChartContainer - [hivemq-test-hivemq-platform] [hivemq-platform-operator] [ea3fbc68] 	at io.vertx.core.impl.ContextImpl.execute(ContextImpl.java:293)
2025-01-30 18:31:00,622 INFO c.h.h.t.HelmChartContainer - [hivemq-test-hivemq-platform] [hivemq-platform-operator] [ea3fbc68] 	at io.vertx.core.http.impl.Http1xClientConnection.handleResponseEnd(Http1xClientConnection.java:940)
2025-01-30 18:31:00,622 INFO c.h.h.t.HelmChartContainer - [hivemq-test-hivemq-platform] [hivemq-platform-operator] [ea3fbc68] 	at io.vertx.core.http.impl.Http1xClientConnection.handleHttpMessage(Http1xClientConnection.java:810)
2025-01-30 18:31:00,622 INFO c.h.h.t.HelmChartContainer - [hivemq-test-hivemq-platform] [hivemq-platform-operator] [ea3fbc68] 	at io.vertx.core.http.impl.Http1xClientConnection.handleMessage(Http1xClientConnection.java:774)
2025-01-30 18:31:00,622 INFO c.h.h.t.HelmChartContainer - [hivemq-test-hivemq-platform] [hivemq-platform-operator] [ea3fbc68] 	at io.vertx.core.net.impl.ConnectionBase.read(ConnectionBase.java:159)
2025-01-30 18:31:00,622 INFO c.h.h.t.HelmChartContainer - [hivemq-test-hivemq-platform] [hivemq-platform-operator] [ea3fbc68] 	at io.vertx.core.net.impl.VertxHandler.channelRead(VertxHandler.java:153)
2025-01-30 18:31:00,622 INFO c.h.h.t.HelmChartContainer - [hivemq-test-hivemq-platform] [hivemq-platform-operator] [ea3fbc68] 	at io.netty.channel.AbstractChannelHandlerContext.invokeChannelRead(AbstractChannelHandlerContext.java:442)
2025-01-30 18:31:00,622 INFO c.h.h.t.HelmChartContainer - [hivemq-test-hivemq-platform] [hivemq-platform-operator] [ea3fbc68] 	at io.netty.channel.AbstractChannelHandlerContext.invokeChannelRead(AbstractChannelHandlerContext.java:420)
2025-01-30 18:31:00,622 INFO c.h.h.t.HelmChartContainer - [hivemq-test-hivemq-platform] [hivemq-platform-operator] [ea3fbc68] 	at io.netty.channel.AbstractChannelHandlerContext.fireChannelRead(AbstractChannelHandlerContext.java:412)
2025-01-30 18:31:00,622 INFO c.h.h.t.HelmChartContainer - [hivemq-test-hivemq-platform] [hivemq-platform-operator] [ea3fbc68] 	at io.netty.channel.CombinedChannelDuplexHandler$DelegatingChannelHandlerContext.fireChannelRead(CombinedChannelDuplexHandler.java:436)
2025-01-30 18:31:00,622 INFO c.h.h.t.HelmChartContainer - [hivemq-test-hivemq-platform] [hivemq-platform-operator] [ea3fbc68] 	at io.netty.handler.codec.ByteToMessageDecoder.fireChannelRead(ByteToMessageDecoder.java:346)
2025-01-30 18:31:00,622 INFO c.h.h.t.HelmChartContainer - [hivemq-test-hivemq-platform] [hivemq-platform-operator] [ea3fbc68] 	at io.netty.handler.codec.ByteToMessageDecoder.channelRead(ByteToMessageDecoder.java:318)
2025-01-30 18:31:00,623 INFO c.h.h.t.HelmChartContainer - [hivemq-test-hivemq-platform] [hivemq-platform-operator] [ea3fbc68] 	at io.netty.channel.CombinedChannelDuplexHandler.channelRead(CombinedChannelDuplexHandler.java:251)
2025-01-30 18:31:00,623 INFO c.h.h.t.HelmChartContainer - [hivemq-test-hivemq-platform] [hivemq-platform-operator] [ea3fbc68] 	at io.netty.channel.AbstractChannelHandlerContext.invokeChannelRead(AbstractChannelHandlerContext.java:442)
2025-01-30 18:31:00,623 INFO c.h.h.t.HelmChartContainer - [hivemq-test-hivemq-platform] [hivemq-platform-operator] [ea3fbc68] 	at io.netty.channel.AbstractChannelHandlerContext.invokeChannelRead(AbstractChannelHandlerContext.java:420)
2025-01-30 18:31:00,623 INFO c.h.h.t.HelmChartContainer - [hivemq-test-hivemq-platform] [hivemq-platform-operator] [ea3fbc68] 	at io.netty.channel.AbstractChannelHandlerContext.fireChannelRead(AbstractChannelHandlerContext.java:412)
2025-01-30 18:31:00,623 INFO c.h.h.t.HelmChartContainer - [hivemq-test-hivemq-platform] [hivemq-platform-operator] [ea3fbc68] 	at io.netty.handler.ssl.SslHandler.unwrap(SslHandler.java:1475)
2025-01-30 18:31:00,623 INFO c.h.h.t.HelmChartContainer - [hivemq-test-hivemq-platform] [hivemq-platform-operator] [ea3fbc68] 	at io.netty.handler.ssl.SslHandler.decodeJdkCompatible(SslHandler.java:1338)
2025-01-30 18:31:00,623 INFO c.h.h.t.HelmChartContainer - [hivemq-test-hivemq-platform] [hivemq-platform-operator] [ea3fbc68] 	at io.netty.handler.ssl.SslHandler.decode(SslHandler.java:1387)
2025-01-30 18:31:00,623 INFO c.h.h.t.HelmChartContainer - [hivemq-test-hivemq-platform] [hivemq-platform-operator] [ea3fbc68] 	at io.netty.handler.codec.ByteToMessageDecoder.decodeRemovalReentryProtection(ByteToMessageDecoder.java:530)
2025-01-30 18:31:00,623 INFO c.h.h.t.HelmChartContainer - [hivemq-test-hivemq-platform] [hivemq-platform-operator] [ea3fbc68] 	at io.netty.handler.codec.ByteToMessageDecoder.callDecode(ByteToMessageDecoder.java:469)
2025-01-30 18:31:00,623 INFO c.h.h.t.HelmChartContainer - [hivemq-test-hivemq-platform] [hivemq-platform-operator] [ea3fbc68] 	at io.netty.handler.codec.ByteToMessageDecoder.channelRead(ByteToMessageDecoder.java:290)
2025-01-30 18:31:00,623 INFO c.h.h.t.HelmChartContainer - [hivemq-test-hivemq-platform] [hivemq-platform-operator] [ea3fbc68] 	at io.netty.channel.AbstractChannelHandlerContext.invokeChannelRead(AbstractChannelHandlerContext.java:444)
2025-01-30 18:31:00,623 INFO c.h.h.t.HelmChartContainer - [hivemq-test-hivemq-platform] [hivemq-platform-operator] [ea3fbc68] 	at io.netty.channel.AbstractChannelHandlerContext.invokeChannelRead(AbstractChannelHandlerContext.java:420)
2025-01-30 18:31:00,623 INFO c.h.h.t.HelmChartContainer - [hivemq-test-hivemq-platform] [hivemq-platform-operator] [ea3fbc68] 	at io.netty.channel.AbstractChannelHandlerContext.fireChannelRead(AbstractChannelHandlerContext.java:412)
2025-01-30 18:31:00,623 INFO c.h.h.t.HelmChartContainer - [hivemq-test-hivemq-platform] [hivemq-platform-operator] [ea3fbc68] 	at io.netty.channel.DefaultChannelPipeline$HeadContext.channelRead(DefaultChannelPipeline.java:1407)
2025-01-30 18:31:00,623 INFO c.h.h.t.HelmChartContainer - [hivemq-test-hivemq-platform] [hivemq-platform-operator] [ea3fbc68] 	at io.netty.channel.AbstractChannelHandlerContext.invokeChannelRead(AbstractChannelHandlerContext.java:440)
2025-01-30 18:31:00,623 INFO c.h.h.t.HelmChartContainer - [hivemq-test-hivemq-platform] [hivemq-platform-operator] [ea3fbc68] 	at io.netty.channel.AbstractChannelHandlerContext.invokeChannelRead(AbstractChannelHandlerContext.java:420)
2025-01-30 18:31:00,623 INFO c.h.h.t.HelmChartContainer - [hivemq-test-hivemq-platform] [hivemq-platform-operator] [ea3fbc68] 	at io.netty.channel.DefaultChannelPipeline.fireChannelRead(DefaultChannelPipeline.java:918)
2025-01-30 18:31:00,623 INFO c.h.h.t.HelmChartContainer - [hivemq-test-hivemq-platform] [hivemq-platform-operator] [ea3fbc68] 	at io.netty.channel.nio.AbstractNioByteChannel$NioByteUnsafe.read(AbstractNioByteChannel.java:166)
2025-01-30 18:31:00,623 INFO c.h.h.t.HelmChartContainer - [hivemq-test-hivemq-platform] [hivemq-platform-operator] [ea3fbc68] 	at io.netty.channel.nio.NioEventLoop.processSelectedKey(NioEventLoop.java:788)
2025-01-30 18:31:00,623 INFO c.h.h.t.HelmChartContainer - [hivemq-test-hivemq-platform] [hivemq-platform-operator] [ea3fbc68] 	at io.netty.channel.nio.NioEventLoop.processSelectedKeysOptimized(NioEventLoop.java:724)
2025-01-30 18:31:00,623 INFO c.h.h.t.HelmChartContainer - [hivemq-test-hivemq-platform] [hivemq-platform-operator] [ea3fbc68] 	at io.netty.channel.nio.NioEventLoop.processSelectedKeys(NioEventLoop.java:650)
2025-01-30 18:31:00,623 INFO c.h.h.t.HelmChartContainer - [hivemq-test-hivemq-platform] [hivemq-platform-operator] [ea3fbc68] 	at io.netty.channel.nio.NioEventLoop.run(NioEventLoop.java:562)
2025-01-30 18:31:00,623 INFO c.h.h.t.HelmChartContainer - [hivemq-test-hivemq-platform] [hivemq-platform-operator] [ea3fbc68] 	at io.netty.util.concurrent.SingleThreadEventExecutor$4.run(SingleThreadEventExecutor.java:997)
2025-01-30 18:31:00,623 INFO c.h.h.t.HelmChartContainer - [hivemq-test-hivemq-platform] [hivemq-platform-operator] [ea3fbc68] 	at io.netty.util.internal.ThreadExecutorMap$2.run(ThreadExecutorMap.java:74)
2025-01-30 18:31:00,623 INFO c.h.h.t.HelmChartContainer - [hivemq-test-hivemq-platform] [hivemq-platform-operator] [ea3fbc68] 	at io.netty.util.concurrent.FastThreadLocalRunnable.run(FastThreadLocalRunnable.java:30)
2025-01-30 18:31:00,623 INFO c.h.h.t.HelmChartContainer - [hivemq-test-hivemq-platform] [hivemq-platform-operator] [ea3fbc68] 	... 1 more
2025-01-30 18:31:00,623 INFO c.h.h.t.HelmChartContainer - [hivemq-test-hivemq-platform] [hivemq-platform-operator] [ea3fbc68] 
2025-01-30 18:31:00,623 INFO c.h.h.t.HelmChartContainer - [hivemq-test-hivemq-platform] [hivemq-platform-operator] [ea3fbc68] 	at io.javaoperatorsdk.operator.monitoring.micrometer.MicrometerMetrics.lambda$timeControllerExecution$0(MicrometerMetrics.java:165)
2025-01-30 18:31:00,623 INFO c.h.h.t.HelmChartContainer - [hivemq-test-hivemq-platform] [hivemq-platform-operator] [ea3fbc68] 	at io.micrometer.core.instrument.AbstractTimer.record(AbstractTimer.java:190)
2025-01-30 18:31:00,623 INFO c.h.h.t.HelmChartContainer - [hivemq-test-hivemq-platform] [hivemq-platform-operator] [ea3fbc68] 	at io.javaoperatorsdk.operator.monitoring.micrometer.MicrometerMetrics.timeControllerExecution(MicrometerMetrics.java:161)
2025-01-30 18:31:00,623 INFO c.h.h.t.HelmChartContainer - [hivemq-test-hivemq-platform] [hivemq-platform-operator] [ea3fbc68] 	at io.javaoperatorsdk.operator.processing.Controller.reconcile(Controller.java:109)
2025-01-30 18:31:00,623 INFO c.h.h.t.HelmChartContainer - [hivemq-test-hivemq-platform] [hivemq-platform-operator] [ea3fbc68] 	at io.javaoperatorsdk.operator.processing.event.ReconciliationDispatcher.reconcileExecution(ReconciliationDispatcher.java:136)
2025-01-30 18:31:00,623 INFO c.h.h.t.HelmChartContainer - [hivemq-test-hivemq-platform] [hivemq-platform-operator] [ea3fbc68] 	at io.javaoperatorsdk.operator.processing.event.ReconciliationDispatcher.handleReconcile(ReconciliationDispatcher.java:117)
2025-01-30 18:31:00,623 INFO c.h.h.t.HelmChartContainer - [hivemq-test-hivemq-platform] [hivemq-platform-operator] [ea3fbc68] 	at io.javaoperatorsdk.operator.processing.event.ReconciliationDispatcher.handleDispatch(ReconciliationDispatcher.java:91)
2025-01-30 18:31:00,623 INFO c.h.h.t.HelmChartContainer - [hivemq-test-hivemq-platform] [hivemq-platform-operator] [ea3fbc68] 	at io.javaoperatorsdk.operator.processing.event.ReconciliationDispatcher.handleExecution(ReconciliationDispatcher.java:64)
2025-01-30 18:31:00,623 INFO c.h.h.t.HelmChartContainer - [hivemq-test-hivemq-platform] [hivemq-platform-operator] [ea3fbc68] 	at io.javaoperatorsdk.operator.processing.event.EventProcessor$ReconcilerExecutor.run(EventProcessor.java:452)
2025-01-30 18:31:00,623 INFO c.h.h.t.HelmChartContainer - [hivemq-test-hivemq-platform] [hivemq-platform-operator] [ea3fbc68] 	at java.base/java.util.concurrent.ThreadPoolExecutor.runWorker(Unknown Source)
2025-01-30 18:31:00,623 INFO c.h.h.t.HelmChartContainer - [hivemq-test-hivemq-platform] [hivemq-platform-operator] [ea3fbc68] 	at java.base/java.util.concurrent.ThreadPoolExecutor$Worker.run(Unknown Source)
2025-01-30 18:31:00,623 INFO c.h.h.t.HelmChartContainer - [hivemq-test-hivemq-platform] [hivemq-platform-operator] [ea3fbc68] 	at java.base/java.lang.Thread.run(Unknown Source)
2025-01-30 18:31:00,623 INFO c.h.h.t.HelmChartContainer - [hivemq-test-hivemq-platform] [hivemq-platform-operator] [ea3fbc68] Caused by: io.javaoperatorsdk.operator.AggregatedOperatorException: Exception(s) during workflow execution. Details:
2025-01-30 18:31:00,623 INFO c.h.h.t.HelmChartContainer - [hivemq-test-hivemq-platform] [hivemq-platform-operator] [ea3fbc68]  - com.hivemq.platform.operator.dependants.PodRoleBindingResource -> io.fabric8.kubernetes.client.KubernetesClientException: Failure executing: PATCH at: https://10.43.0.1:443/apis/rbac.authorization.k8s.io/v1/namespaces/helminitcontainerit/rolebindings/hivemq-platform-role-binding-test-hivemq-platform?fieldManager=hivemq-controller&force=true. Message: rolebindings.rbac.authorization.k8s.io "hivemq-platform-role-test-hivemq-platform" not found. Received status: Status(apiVersion=v1, code=404, details=StatusDetails(causes=[], group=rbac.authorization.k8s.io, kind=rolebindings, name=hivemq-platform-role-test-hivemq-platform, retryAfterSeconds=null, uid=null, additionalProperties={}), kind=Status, message=rolebindings.rbac.authorization.k8s.io "hivemq-platform-role-test-hivemq-platform" not found, metadata=ListMeta(_continue=null, remainingItemCount=null, resourceVersion=null, selfLink=null, additionalProperties={}), reason=NotFound, status=Failure, additionalProperties={}).
2025-01-30 18:31:00,623 INFO c.h.h.t.HelmChartContainer - [hivemq-test-hivemq-platform] [hivemq-platform-operator] [ea3fbc68] 	at io.fabric8.kubernetes.client.KubernetesClientException.copyAsCause(KubernetesClientException.java:238)
2025-01-30 18:31:00,623 INFO c.h.h.t.HelmChartContainer - [hivemq-test-hivemq-platform] [hivemq-platform-operator] [ea3fbc68] 	at io.fabric8.kubernetes.client.dsl.internal.OperationSupport.waitForResult(OperationSupport.java:507)
2025-01-30 18:31:00,623 INFO c.h.h.t.HelmChartContainer - [hivemq-test-hivemq-platform] [hivemq-platform-operator] [ea3fbc68] 	at io.fabric8.kubernetes.client.dsl.internal.OperationSupport.handleResponse(OperationSupport.java:524)
2025-01-30 18:31:00,623 INFO c.h.h.t.HelmChartContainer - [hivemq-test-hivemq-platform] [hivemq-platform-operator] [ea3fbc68] 	at io.fabric8.kubernetes.client.dsl.internal.OperationSupport.handlePatch(OperationSupport.java:419)
2025-01-30 18:31:00,623 INFO c.h.h.t.HelmChartContainer - [hivemq-test-hivemq-platform] [hivemq-platform-operator] [ea3fbc68] 	at io.fabric8.kubernetes.client.dsl.internal.OperationSupport.handlePatch(OperationSupport.java:397)
2025-01-30 18:31:00,623 INFO c.h.h.t.HelmChartContainer - [hivemq-test-hivemq-platform] [hivemq-platform-operator] [ea3fbc68] 	at io.fabric8.kubernetes.client.dsl.internal.BaseOperation.handlePatch(BaseOperation.java:764)
2025-01-30 18:31:00,623 INFO c.h.h.t.HelmChartContainer - [hivemq-test-hivemq-platform] [hivemq-platform-operator] [ea3fbc68] 	at io.fabric8.kubernetes.client.dsl.internal.HasMetadataOperation.lambda$patch$2(HasMetadataOperation.java:231)
2025-01-30 18:31:00,623 INFO c.h.h.t.HelmChartContainer - [hivemq-test-hivemq-platform] [hivemq-platform-operator] [ea3fbc68] 	at io.fabric8.kubernetes.client.dsl.internal.HasMetadataOperation.patch(HasMetadataOperation.java:236)
2025-01-30 18:31:00,623 INFO c.h.h.t.HelmChartContainer - [hivemq-test-hivemq-platform] [hivemq-platform-operator] [ea3fbc68] 	at io.fabric8.kubernetes.client.dsl.internal.HasMetadataOperation.patch(HasMetadataOperation.java:251)
2025-01-30 18:31:00,623 INFO c.h.h.t.HelmChartContainer - [hivemq-test-hivemq-platform] [hivemq-platform-operator] [ea3fbc68] 	at io.fabric8.kubernetes.client.dsl.internal.BaseOperation.serverSideApply(BaseOperation.java:1179)
2025-01-30 18:31:00,623 INFO c.h.h.t.HelmChartContainer - [hivemq-test-hivemq-platform] [hivemq-platform-operator] [ea3fbc68] 	at io.fabric8.kubernetes.client.dsl.internal.BaseOperation.serverSideApply(BaseOperation.java:98)
2025-01-30 18:31:00,623 INFO c.h.h.t.HelmChartContainer - [hivemq-test-hivemq-platform] [hivemq-platform-operator] [ea3fbc68] 	at io.javaoperatorsdk.operator.processing.dependent.kubernetes.KubernetesDependentResource.create(KubernetesDependentResource.java:123)
2025-01-30 18:31:00,623 INFO c.h.h.t.HelmChartContainer - [hivemq-test-hivemq-platform] [hivemq-platform-operator] [ea3fbc68] 	at com.hivemq.platform.operator.dependants.PodRoleBindingResource.create(PodRoleBindingResource.java:55)
2025-01-30 18:31:00,623 INFO c.h.h.t.HelmChartContainer - [hivemq-test-hivemq-platform] [hivemq-platform-operator] [ea3fbc68] 	at com.hivemq.platform.operator.dependants.PodRoleBindingResource.create(PodRoleBindingResource.java:22)
2025-01-30 18:31:00,623 INFO c.h.h.t.HelmChartContainer - [hivemq-test-hivemq-platform] [hivemq-platform-operator] [ea3fbc68] 	at io.javaoperatorsdk.operator.processing.dependent.AbstractDependentResource.handleCreate(AbstractDependentResource.java:119)
2025-01-30 18:31:00,624 INFO c.h.h.t.HelmChartContainer - [hivemq-test-hivemq-platform] [hivemq-platform-operator] [ea3fbc68] 	at io.javaoperatorsdk.operator.processing.dependent.AbstractDependentResource.reconcile(AbstractDependentResource.java:62)
2025-01-30 18:31:00,624 INFO c.h.h.t.HelmChartContainer - [hivemq-test-hivemq-platform] [hivemq-platform-operator] [ea3fbc68] 	at io.javaoperatorsdk.operator.processing.dependent.SingleDependentResourceReconciler.reconcile(SingleDependentResourceReconciler.java:19)
2025-01-30 18:31:00,624 INFO c.h.h.t.HelmChartContainer - [hivemq-test-hivemq-platform] [hivemq-platform-operator] [ea3fbc68] 	at io.javaoperatorsdk.operator.processing.dependent.AbstractDependentResource.reconcile(AbstractDependentResource.java:52)
2025-01-30 18:31:00,624 INFO c.h.h.t.HelmChartContainer - [hivemq-test-hivemq-platform] [hivemq-platform-operator] [ea3fbc68] 	at com.hivemq.platform.operator.dependants.PodRoleBindingResource.reconcile(PodRoleBindingResource.java:46)
2025-01-30 18:31:00,624 INFO c.h.h.t.HelmChartContainer - [hivemq-test-hivemq-platform] [hivemq-platform-operator] [ea3fbc68] 	at com.hivemq.platform.operator.dependants.PodRoleBindingResource.reconcile(PodRoleBindingResource.java:22)
2025-01-30 18:31:00,624 INFO c.h.h.t.HelmChartContainer - [hivemq-test-hivemq-platform] [hivemq-platform-operator] [ea3fbc68] 	at io.javaoperatorsdk.operator.processing.dependent.workflow.WorkflowReconcileExecutor$NodeReconcileExecutor.doRun(WorkflowReconcileExecutor.java:123)
2025-01-30 18:31:00,624 INFO c.h.h.t.HelmChartContainer - [hivemq-test-hivemq-platform] [hivemq-platform-operator] [ea3fbc68] 	at io.javaoperatorsdk.operator.processing.dependent.workflow.NodeExecutor.run(NodeExecutor.java:22)
2025-01-30 18:31:00,624 INFO c.h.h.t.HelmChartContainer - [hivemq-test-hivemq-platform] [hivemq-platform-operator] [ea3fbc68] 	at java.base/java.util.concurrent.Executors$RunnableAdapter.call(Unknown Source)
2025-01-30 18:31:00,624 INFO c.h.h.t.HelmChartContainer - [hivemq-test-hivemq-platform] [hivemq-platform-operator] [ea3fbc68] 	at java.base/java.util.concurrent.FutureTask.run(Unknown Source)
2025-01-30 18:31:00,624 INFO c.h.h.t.HelmChartContainer - [hivemq-test-hivemq-platform] [hivemq-platform-operator] [ea3fbc68] 	at java.base/java.util.concurrent.ThreadPoolExecutor.runWorker(Unknown Source)
2025-01-30 18:31:00,624 INFO c.h.h.t.HelmChartContainer - [hivemq-test-hivemq-platform] [hivemq-platform-operator] [ea3fbc68] 	at java.base/java.util.concurrent.ThreadPoolExecutor$Worker.run(Unknown Source)
2025-01-30 18:31:00,624 INFO c.h.h.t.HelmChartContainer - [hivemq-test-hivemq-platform] [hivemq-platform-operator] [ea3fbc68] 	at java.base/java.lang.Thread.run(Unknown Source)
2025-01-30 18:31:00,624 INFO c.h.h.t.HelmChartContainer - [hivemq-test-hivemq-platform] [hivemq-platform-operator] [ea3fbc68] Caused by: io.fabric8.kubernetes.client.KubernetesClientException: Failure executing: PATCH at: https://10.43.0.1:443/apis/rbac.authorization.k8s.io/v1/namespaces/helminitcontainerit/rolebindings/hivemq-platform-role-binding-test-hivemq-platform?fieldManager=hivemq-controller&force=true. Message: rolebindings.rbac.authorization.k8s.io "hivemq-platform-role-test-hivemq-platform" not found. Received status: Status(apiVersion=v1, code=404, details=StatusDetails(causes=[], group=rbac.authorization.k8s.io, kind=rolebindings, name=hivemq-platform-role-test-hivemq-platform, retryAfterSeconds=null, uid=null, additionalProperties={}), kind=Status, message=rolebindings.rbac.authorization.k8s.io "hivemq-platform-role-test-hivemq-platform" not found, metadata=ListMeta(_continue=null, remainingItemCount=null, resourceVersion=null, selfLink=null, additionalProperties={}), reason=NotFound, status=Failure, additionalProperties={}).
2025-01-30 18:31:00,624 INFO c.h.h.t.HelmChartContainer - [hivemq-test-hivemq-platform] [hivemq-platform-operator] [ea3fbc68] 	at io.fabric8.kubernetes.client.dsl.internal.OperationSupport.requestFailure(OperationSupport.java:660)
2025-01-30 18:31:00,624 INFO c.h.h.t.HelmChartContainer - [hivemq-test-hivemq-platform] [hivemq-platform-operator] [ea3fbc68] 	at io.fabric8.kubernetes.client.dsl.internal.OperationSupport.requestFailure(OperationSupport.java:640)
2025-01-30 18:31:00,624 INFO c.h.h.t.HelmChartContainer - [hivemq-test-hivemq-platform] [hivemq-platform-operator] [ea3fbc68] 	at io.fabric8.kubernetes.client.dsl.internal.OperationSupport.assertResponseCode(OperationSupport.java:589)
2025-01-30 18:31:00,624 INFO c.h.h.t.HelmChartContainer - [hivemq-test-hivemq-platform] [hivemq-platform-operator] [ea3fbc68] 	at io.fabric8.kubernetes.client.dsl.internal.OperationSupport.lambda$handleResponse$0(OperationSupport.java:549)
2025-01-30 18:31:00,624 INFO c.h.h.t.HelmChartContainer - [hivemq-test-hivemq-platform] [hivemq-platform-operator] [ea3fbc68] 	at java.base/java.util.concurrent.CompletableFuture$UniApply.tryFire(Unknown Source)
2025-01-30 18:31:00,624 INFO c.h.h.t.HelmChartContainer - [hivemq-test-hivemq-platform] [hivemq-platform-operator] [ea3fbc68] 	at java.base/java.util.concurrent.CompletableFuture.postComplete(Unknown Source)
2025-01-30 18:31:00,624 INFO c.h.h.t.HelmChartContainer - [hivemq-test-hivemq-platform] [hivemq-platform-operator] [ea3fbc68] 	at java.base/java.util.concurrent.CompletableFuture.complete(Unknown Source)
2025-01-30 18:31:00,624 INFO c.h.h.t.HelmChartContainer - [hivemq-test-hivemq-platform] [hivemq-platform-operator] [ea3fbc68] 	at io.fabric8.kubernetes.client.http.StandardHttpClient.lambda$completeOrCancel$10(StandardHttpClient.java:141)
2025-01-30 18:31:00,624 INFO c.h.h.t.HelmChartContainer - [hivemq-test-hivemq-platform] [hivemq-platform-operator] [ea3fbc68] 	at java.base/java.util.concurrent.CompletableFuture.uniWhenComplete(Unknown Source)
2025-01-30 18:31:00,624 INFO c.h.h.t.HelmChartContainer - [hivemq-test-hivemq-platform] [hivemq-platform-operator] [ea3fbc68] 	at java.base/java.util.concurrent.CompletableFuture$UniWhenComplete.tryFire(Unknown Source)
2025-01-30 18:31:00,624 INFO c.h.h.t.HelmChartContainer - [hivemq-test-hivemq-platform] [hivemq-platform-operator] [ea3fbc68] 	at java.base/java.util.concurrent.CompletableFuture.postComplete(Unknown Source)
2025-01-30 18:31:00,624 INFO c.h.h.t.HelmChartContainer - [hivemq-test-hivemq-platform] [hivemq-platform-operator] [ea3fbc68] 	at java.base/java.util.concurrent.CompletableFuture.complete(Unknown Source)
2025-01-30 18:31:00,624 INFO c.h.h.t.HelmChartContainer - [hivemq-test-hivemq-platform] [hivemq-platform-operator] [ea3fbc68] 	at io.fabric8.kubernetes.client.http.ByteArrayBodyHandler.onBodyDone(ByteArrayBodyHandler.java:51)
2025-01-30 18:31:00,624 INFO c.h.h.t.HelmChartContainer - [hivemq-test-hivemq-platform] [hivemq-platform-operator] [ea3fbc68] 	at java.base/java.util.concurrent.CompletableFuture.uniWhenComplete(Unknown Source)
2025-01-30 18:31:00,624 INFO c.h.h.t.HelmChartContainer - [hivemq-test-hivemq-platform] [hivemq-platform-operator] [ea3fbc68] 	at java.base/java.util.concurrent.CompletableFuture$UniWhenComplete.tryFire(Unknown Source)
2025-01-30 18:31:00,624 INFO c.h.h.t.HelmChartContainer - [hivemq-test-hivemq-platform] [hivemq-platform-operator] [ea3fbc68] 	at java.base/java.util.concurrent.CompletableFuture.postComplete(Unknown Source)
2025-01-30 18:31:00,624 INFO c.h.h.t.HelmChartContainer - [hivemq-test-hivemq-platform] [hivemq-platform-operator] [ea3fbc68] 	at java.base/java.util.concurrent.CompletableFuture.complete(Unknown Source)
2025-01-30 18:31:00,625 INFO c.h.h.t.HelmChartContainer - [hivemq-test-hivemq-platform] [hivemq-platform-operator] [ea3fbc68] 	at io.fabric8.kubernetes.client.vertx.VertxHttpRequest.lambda$null$1(VertxHttpRequest.java:121)
2025-01-30 18:31:00,625 INFO c.h.h.t.HelmChartContainer - [hivemq-test-hivemq-platform] [hivemq-platform-operator] [ea3fbc68] 	at io.vertx.core.impl.ContextInternal.dispatch(ContextInternal.java:279)
2025-01-30 18:31:00,625 INFO c.h.h.t.HelmChartContainer - [hivemq-test-hivemq-platform] [hivemq-platform-operator] [ea3fbc68] 	at io.vertx.core.impl.ContextInternal.dispatch(ContextInternal.java:261)
2025-01-30 18:31:00,625 INFO c.h.h.t.HelmChartContainer - [hivemq-test-hivemq-platform] [hivemq-platform-operator] [ea3fbc68] 	at io.vertx.core.http.impl.HttpEventHandler.handleEnd(HttpEventHandler.java:76)
2025-01-30 18:31:00,625 INFO c.h.h.t.HelmChartContainer - [hivemq-test-hivemq-platform] [hivemq-platform-operator] [ea3fbc68] 	at io.vertx.core.http.impl.HttpClientResponseImpl.handleEnd(HttpClientResponseImpl.java:250)
2025-01-30 18:31:00,625 INFO c.h.h.t.HelmChartContainer - [hivemq-test-hivemq-platform] [hivemq-platform-operator] [ea3fbc68] 	at io.vertx.core.http.impl.Http1xClientConnection$StreamImpl.lambda$new$0(Http1xClientConnection.java:421)
2025-01-30 18:31:00,625 INFO c.h.h.t.HelmChartContainer - [hivemq-test-hivemq-platform] [hivemq-platform-operator] [ea3fbc68] 	at io.vertx.core.streams.impl.InboundBuffer.handleEvent(InboundBuffer.java:279)
2025-01-30 18:31:00,625 INFO c.h.h.t.HelmChartContainer - [hivemq-test-hivemq-platform] [hivemq-platform-operator] [ea3fbc68] 	at io.vertx.core.streams.impl.InboundBuffer.write(InboundBuffer.java:157)
2025-01-30 18:31:00,625 INFO c.h.h.t.HelmChartContainer - [hivemq-test-hivemq-platform] [hivemq-platform-operator] [ea3fbc68] 	at io.vertx.core.http.impl.Http1xClientConnection$StreamImpl.handleEnd(Http1xClientConnection.java:709)
2025-01-30 18:31:00,625 INFO c.h.h.t.HelmChartContainer - [hivemq-test-hivemq-platform] [hivemq-platform-operator] [ea3fbc68] 	at io.vertx.core.impl.ContextImpl.execute(ContextImpl.java:313)
2025-01-30 18:31:00,625 INFO c.h.h.t.HelmChartContainer - [hivemq-test-hivemq-platform] [hivemq-platform-operator] [ea3fbc68] 	at io.vertx.core.impl.ContextImpl.execute(ContextImpl.java:293)
2025-01-30 18:31:00,625 INFO c.h.h.t.HelmChartContainer - [hivemq-test-hivemq-platform] [hivemq-platform-operator] [ea3fbc68] 	at io.vertx.core.http.impl.Http1xClientConnection.handleResponseEnd(Http1xClientConnection.java:940)
2025-01-30 18:31:00,625 INFO c.h.h.t.HelmChartContainer - [hivemq-test-hivemq-platform] [hivemq-platform-operator] [ea3fbc68] 	at io.vertx.core.http.impl.Http1xClientConnection.handleHttpMessage(Http1xClientConnection.java:810)
2025-01-30 18:31:00,625 INFO c.h.h.t.HelmChartContainer - [hivemq-test-hivemq-platform] [hivemq-platform-operator] [ea3fbc68] 	at io.vertx.core.http.impl.Http1xClientConnection.handleMessage(Http1xClientConnection.java:774)
2025-01-30 18:31:00,625 INFO c.h.h.t.HelmChartContainer - [hivemq-test-hivemq-platform] [hivemq-platform-operator] [ea3fbc68] 	at io.vertx.core.net.impl.ConnectionBase.read(ConnectionBase.java:159)
2025-01-30 18:31:00,625 INFO c.h.h.t.HelmChartContainer - [hivemq-test-hivemq-platform] [hivemq-platform-operator] [ea3fbc68] 	at io.vertx.core.net.impl.VertxHandler.channelRead(VertxHandler.java:153)
2025-01-30 18:31:00,625 INFO c.h.h.t.HelmChartContainer - [hivemq-test-hivemq-platform] [hivemq-platform-operator] [ea3fbc68] 	at io.netty.channel.AbstractChannelHandlerContext.invokeChannelRead(AbstractChannelHandlerContext.java:442)
2025-01-30 18:31:00,625 INFO c.h.h.t.HelmChartContainer - [hivemq-test-hivemq-platform] [hivemq-platform-operator] [ea3fbc68] 	at io.netty.channel.AbstractChannelHandlerContext.invokeChannelRead(AbstractChannelHandlerContext.java:420)
2025-01-30 18:31:00,625 INFO c.h.h.t.HelmChartContainer - [hivemq-test-hivemq-platform] [hivemq-platform-operator] [ea3fbc68] 	at io.netty.channel.AbstractChannelHandlerContext.fireChannelRead(AbstractChannelHandlerContext.java:412)
2025-01-30 18:31:00,625 INFO c.h.h.t.HelmChartContainer - [hivemq-test-hivemq-platform] [hivemq-platform-operator] [ea3fbc68] 	at io.netty.channel.CombinedChannelDuplexHandler$DelegatingChannelHandlerContext.fireChannelRead(CombinedChannelDuplexHandler.java:436)
2025-01-30 18:31:00,625 INFO c.h.h.t.HelmChartContainer - [hivemq-test-hivemq-platform] [hivemq-platform-operator] [ea3fbc68] 	at io.netty.handler.codec.ByteToMessageDecoder.fireChannelRead(ByteToMessageDecoder.java:346)
2025-01-30 18:31:00,625 INFO c.h.h.t.HelmChartContainer - [hivemq-test-hivemq-platform] [hivemq-platform-operator] [ea3fbc68] 	at io.netty.handler.codec.ByteToMessageDecoder.channelRead(ByteToMessageDecoder.java:318)
2025-01-30 18:31:00,625 INFO c.h.h.t.HelmChartContainer - [hivemq-test-hivemq-platform] [hivemq-platform-operator] [ea3fbc68] 	at io.netty.channel.CombinedChannelDuplexHandler.channelRead(CombinedChannelDuplexHandler.java:251)
2025-01-30 18:31:00,625 INFO c.h.h.t.HelmChartContainer - [hivemq-test-hivemq-platform] [hivemq-platform-operator] [ea3fbc68] 	at io.netty.channel.AbstractChannelHandlerContext.invokeChannelRead(AbstractChannelHandlerContext.java:442)
2025-01-30 18:31:00,625 INFO c.h.h.t.HelmChartContainer - [hivemq-test-hivemq-platform] [hivemq-platform-operator] [ea3fbc68] 	at io.netty.channel.AbstractChannelHandlerContext.invokeChannelRead(AbstractChannelHandlerContext.java:420)
2025-01-30 18:31:00,625 INFO c.h.h.t.HelmChartContainer - [hivemq-test-hivemq-platform] [hivemq-platform-operator] [ea3fbc68] 	at io.netty.channel.AbstractChannelHandlerContext.fireChannelRead(AbstractChannelHandlerContext.java:412)
2025-01-30 18:31:00,625 INFO c.h.h.t.HelmChartContainer - [hivemq-test-hivemq-platform] [hivemq-platform-operator] [ea3fbc68] 	at io.netty.handler.ssl.SslHandler.unwrap(SslHandler.java:1475)
2025-01-30 18:31:00,625 INFO c.h.h.t.HelmChartContainer - [hivemq-test-hivemq-platform] [hivemq-platform-operator] [ea3fbc68] 	at io.netty.handler.ssl.SslHandler.decodeJdkCompatible(SslHandler.java:1338)
2025-01-30 18:31:00,625 INFO c.h.h.t.HelmChartContainer - [hivemq-test-hivemq-platform] [hivemq-platform-operator] [ea3fbc68] 	at io.netty.handler.ssl.SslHandler.decode(SslHandler.java:1387)
2025-01-30 18:31:00,625 INFO c.h.h.t.HelmChartContainer - [hivemq-test-hivemq-platform] [hivemq-platform-operator] [ea3fbc68] 	at io.netty.handler.codec.ByteToMessageDecoder.decodeRemovalReentryProtection(ByteToMessageDecoder.java:530)
2025-01-30 18:31:00,625 INFO c.h.h.t.HelmChartContainer - [hivemq-test-hivemq-platform] [hivemq-platform-operator] [ea3fbc68] 	at io.netty.handler.codec.ByteToMessageDecoder.callDecode(ByteToMessageDecoder.java:469)
2025-01-30 18:31:00,625 INFO c.h.h.t.HelmChartContainer - [hivemq-test-hivemq-platform] [hivemq-platform-operator] [ea3fbc68] 	at io.netty.handler.codec.ByteToMessageDecoder.channelRead(ByteToMessageDecoder.java:290)
2025-01-30 18:31:00,625 INFO c.h.h.t.HelmChartContainer - [hivemq-test-hivemq-platform] [hivemq-platform-operator] [ea3fbc68] 	at io.netty.channel.AbstractChannelHandlerContext.invokeChannelRead(AbstractChannelHandlerContext.java:444)
2025-01-30 18:31:00,625 INFO c.h.h.t.HelmChartContainer - [hivemq-test-hivemq-platform] [hivemq-platform-operator] [ea3fbc68] 	at io.netty.channel.AbstractChannelHandlerContext.invokeChannelRead(AbstractChannelHandlerContext.java:420)
2025-01-30 18:31:00,625 INFO c.h.h.t.HelmChartContainer - [hivemq-test-hivemq-platform] [hivemq-platform-operator] [ea3fbc68] 	at io.netty.channel.AbstractChannelHandlerContext.fireChannelRead(AbstractChannelHandlerContext.java:412)
2025-01-30 18:31:00,625 INFO c.h.h.t.HelmChartContainer - [hivemq-test-hivemq-platform] [hivemq-platform-operator] [ea3fbc68] 	at io.netty.channel.DefaultChannelPipeline$HeadContext.channelRead(DefaultChannelPipeline.java:1407)
2025-01-30 18:31:00,625 INFO c.h.h.t.HelmChartContainer - [hivemq-test-hivemq-platform] [hivemq-platform-operator] [ea3fbc68] 	at io.netty.channel.AbstractChannelHandlerContext.invokeChannelRead(AbstractChannelHandlerContext.java:440)
2025-01-30 18:31:00,625 INFO c.h.h.t.HelmChartContainer - [hivemq-test-hivemq-platform] [hivemq-platform-operator] [ea3fbc68] 	at io.netty.channel.AbstractChannelHandlerContext.invokeChannelRead(AbstractChannelHandlerContext.java:420)
2025-01-30 18:31:00,625 INFO c.h.h.t.HelmChartContainer - [hivemq-test-hivemq-platform] [hivemq-platform-operator] [ea3fbc68] 	at io.netty.channel.DefaultChannelPipeline.fireChannelRead(DefaultChannelPipeline.java:918)
2025-01-30 18:31:00,625 INFO c.h.h.t.HelmChartContainer - [hivemq-test-hivemq-platform] [hivemq-platform-operator] [ea3fbc68] 	at io.netty.channel.nio.AbstractNioByteChannel$NioByteUnsafe.read(AbstractNioByteChannel.java:166)
2025-01-30 18:31:00,625 INFO c.h.h.t.HelmChartContainer - [hivemq-test-hivemq-platform] [hivemq-platform-operator] [ea3fbc68] 	at io.netty.channel.nio.NioEventLoop.processSelectedKey(NioEventLoop.java:788)
2025-01-30 18:31:00,625 INFO c.h.h.t.HelmChartContainer - [hivemq-test-hivemq-platform] [hivemq-platform-operator] [ea3fbc68] 	at io.netty.channel.nio.NioEventLoop.processSelectedKeysOptimized(NioEventLoop.java:724)
2025-01-30 18:31:00,625 INFO c.h.h.t.HelmChartContainer - [hivemq-test-hivemq-platform] [hivemq-platform-operator] [ea3fbc68] 	at io.netty.channel.nio.NioEventLoop.processSelectedKeys(NioEventLoop.java:650)
2025-01-30 18:31:00,625 INFO c.h.h.t.HelmChartContainer - [hivemq-test-hivemq-platform] [hivemq-platform-operator] [ea3fbc68] 	at io.netty.channel.nio.NioEventLoop.run(NioEventLoop.java:562)
2025-01-30 18:31:00,625 INFO c.h.h.t.HelmChartContainer - [hivemq-test-hivemq-platform] [hivemq-platform-operator] [ea3fbc68] 	at io.netty.util.concurrent.SingleThreadEventExecutor$4.run(SingleThreadEventExecutor.java:997)
2025-01-30 18:31:00,625 INFO c.h.h.t.HelmChartContainer - [hivemq-test-hivemq-platform] [hivemq-platform-operator] [ea3fbc68] 	at io.netty.util.internal.ThreadExecutorMap$2.run(ThreadExecutorMap.java:74)
2025-01-30 18:31:00,625 INFO c.h.h.t.HelmChartContainer - [hivemq-test-hivemq-platform] [hivemq-platform-operator] [ea3fbc68] 	at io.netty.util.concurrent.FastThreadLocalRunnable.run(FastThreadLocalRunnable.java:30)
2025-01-30 18:31:00,625 INFO c.h.h.t.HelmChartContainer - [hivemq-test-hivemq-platform] [hivemq-platform-operator] [ea3fbc68] 	... 1 more
2025-01-30 18:31:00,625 INFO c.h.h.t.HelmChartContainer - [hivemq-test-hivemq-platform] [hivemq-platform-operator] [ea3fbc68] 
2025-01-30 18:31:00,631 INFO c.h.h.t.HelmChartContainer - [hivemq-test-hivemq-platform] [hivemq-platform-operator] [ea3fbc68] 	at io.javaoperatorsdk.operator.processing.dependent.workflow.WorkflowResult.throwAggregateExceptionIfErrorsPresent(WorkflowResult.java:54)
2025-01-30 18:31:00,631 INFO c.h.h.t.HelmChartContainer - [hivemq-test-hivemq-platform] [hivemq-platform-operator] [ea3fbc68] 	at io.javaoperatorsdk.operator.processing.dependent.workflow.WorkflowReconcileResult.throwAggregateExceptionIfErrorsPresent(WorkflowReconcileResult.java:9)
2025-01-30 18:31:00,631 INFO c.h.h.t.HelmChartContainer - [hivemq-test-hivemq-platform] [hivemq-platform-operator] [ea3fbc68] 	at io.javaoperatorsdk.operator.processing.dependent.workflow.DefaultWorkflow.reconcile(DefaultWorkflow.java:98)
2025-01-30 18:31:00,631 INFO c.h.h.t.HelmChartContainer - [hivemq-test-hivemq-platform] [hivemq-platform-operator] [ea3fbc68] 	at io.javaoperatorsdk.operator.processing.Controller$1.execute(Controller.java:147)
2025-01-30 18:31:00,631 INFO c.h.h.t.HelmChartContainer - [hivemq-test-hivemq-platform] [hivemq-platform-operator] [ea3fbc68] 	at io.javaoperatorsdk.operator.processing.Controller$1.execute(Controller.java:110)
2025-01-30 18:31:00,631 INFO c.h.h.t.HelmChartContainer - [hivemq-test-hivemq-platform] [hivemq-platform-operator] [ea3fbc68] 	at io.javaoperatorsdk.operator.monitoring.micrometer.MicrometerMetrics.lambda$timeControllerExecution$0(MicrometerMetrics.java:163)
2025-01-30 18:31:00,631 INFO c.h.h.t.HelmChartContainer - [hivemq-test-hivemq-platform] [hivemq-platform-operator] [ea3fbc68] 	... 11 common frames omitted
2025-01-30 18:31:00,631 INFO c.h.h.t.HelmChartContainer - [hivemq-test-hivemq-platform] [hivemq-platform-operator] [ea3fbc68] 18:31:00.616 [ReconcilerExecutor-hivemq-controller-125] INFO  c.h.p.o.HiveMQPlatformReconciler - [helminit] Cleanup test-hivemq-platform - helminitcontainerit HiveMQ Platform is shut down
2025-01-30 18:31:01,178 INFO c.h.h.t.HelmChartContainer - [POD] test-hivemq-platform-0 [d8b70422-f8a0-4995-8e37-91f09fb8b34a] in helminitcontainerit was MODIFIED
2025-01-30 18:31:01,184 INFO c.h.h.t.HelmChartContainer - [EVENT] Normal [Killing] Stopping container hivemq [helminitcontainerit:test-hivemq-platform-0]
2025-01-30 18:31:01,185 INFO c.h.h.t.HelmChartContainer - Received Killing event for container hivemq in pod test-hivemq-platform-0 [d8b70422-f8a0-4995-8e37-91f09fb8b34a]
2025-01-30 18:31:01,185 INFO c.h.h.t.HelmChartContainer - Container [test-hivemq-platform-0] [hivemq] [d8b70422-f8a0-4995-8e37-91f09fb8b34a] was terminated
2025-01-30 18:31:01,185 INFO c.h.h.t.HelmChartContainer - Stopped log watcher for hivemq in pod test-hivemq-platform-0 [d8b70422-f8a0-4995-8e37-91f09fb8b34a]
2025-01-30 18:31:01,190 INFO c.h.h.t.HelmChartContainer - [test-hivemq-platform] [hivemq] [d8b70422] INFO  - [HiveMQ Platform Operator Init App 1.7.0-SNAPSHOT] Shutting down
2025-01-30 18:31:01,191 INFO c.h.h.t.HelmChartContainer - [test-hivemq-platform] [hivemq] [d8b70422] INFO  - [HiveMQ Platform Operator Init App 1.7.0-SNAPSHOT] Stopping the HiveMQ Platform
2025-01-30 18:31:01,241 INFO c.h.h.t.HelmChartContainer - [test-hivemq-platform] [hivemq] [d8b70422] INFO  - Shutting down HiveMQ. Please wait, this could take a while...
2025-01-30 18:31:01,245 INFO c.h.h.t.HelmChartContainer - [test-hivemq-platform] [hivemq] [d8b70422] INFO  - Shutting down listeners and clients
2025-01-30 18:31:01,329 INFO c.h.h.t.HelmChartContainer - [test-hivemq-platform] [hivemq] [d8b70422] INFO  - Shutdown of listeners is done
2025-01-30 18:31:01,330 INFO c.h.h.t.HelmChartContainer - [test-hivemq-platform] [hivemq] [d8b70422] INFO  - No clients are connected, proceeding with shutdown
2025-01-30 18:31:01,334 INFO c.h.h.t.HelmChartContainer - [K3S] [authentication.go:74] "Unable to authenticate the request" err="[invalid bearer token, serviceaccounts \"hivemq-platform-pod-test-hivemq-platform\" not found]"
2025-01-30 18:31:01,431 INFO c.h.h.t.HelmChartContainer - [K3S] [authentication.go:74] "Unable to authenticate the request" err="[invalid bearer token, serviceaccounts \"hivemq-platform-pod-test-hivemq-platform\" not found]"
2025-01-30 18:31:01,445 INFO c.h.h.t.HelmChartContainer - [test-hivemq-platform] [hivemq] [d8b70422] WARN  - [HiveMQ Platform Operator Init App 1.7.0-SNAPSHOT] Could not update Pod annotations: Failure executing: GET at: https://10.43.0.1:443/api/v1/namespaces/helminitcontainerit/pods/test-hivemq-platform-0. Message: Unauthorized. Received status: Status(apiVersion=v1, code=401, details=null, kind=Status, message=Unauthorized, metadata=ListMeta(_continue=null, remainingItemCount=null, resourceVersion=null, selfLink=null, additionalProperties={}), reason=Unauthorized, status=Failure, additionalProperties={}).
2025-01-30 18:31:02,370 INFO c.h.h.t.HelmChartContainer - Deleting namespace 'helminitcontainerit'...
2025-01-30 18:31:04,346 INFO c.h.h.t.HelmChartContainer - [test-hivemq-platform] [hivemq] [d8b70422] INFO  - Shutting down extension system
2025-01-30 18:31:04,348 INFO c.h.h.t.HelmChartContainer - [test-hivemq-platform] [hivemq] [d8b70422] INFO  - Stopping extension with id hivemq-dns-cluster-discovery
2025-01-30 18:31:04,350 INFO c.h.h.t.HelmChartContainer - [test-hivemq-platform] [hivemq] [d8b70422] INFO  - Extension "DNS Cluster Discovery Extension" version 4.3.2 stopped successfully.
2025-01-30 18:31:04,350 INFO c.h.h.t.HelmChartContainer - [test-hivemq-platform] [hivemq] [d8b70422] INFO  - Stopping extension with id hivemq-prometheus-extension
2025-01-30 18:31:04,354 INFO c.h.h.t.HelmChartContainer - [test-hivemq-platform] [hivemq] [d8b70422] INFO  - Extension "Prometheus Monitoring Extension" version 4.0.12 stopped successfully.
2025-01-30 18:31:04,355 INFO c.h.h.t.HelmChartContainer - [test-hivemq-platform] [hivemq] [d8b70422] INFO  - Stopping extension with id hivemq-allow-all-extension
2025-01-30 18:31:04,355 INFO c.h.h.t.HelmChartContainer - [test-hivemq-platform] [hivemq] [d8b70422] INFO  - Extension "Allow All Extension" version 1.1.1 stopped successfully.
2025-01-30 18:31:05,846 INFO c.h.h.t.HelmChartContainer - [test-hivemq-platform] [hivemq] [d8b70422] INFO  - [HiveMQ Platform Operator Init App 1.7.0-SNAPSHOT] Returning shutdown Health API response 503 for readiness
2025-01-30 18:31:05,850 INFO c.h.h.t.HelmChartContainer - [EVENT] Warning [Unhealthy] Readiness probe failed: HTTP probe failed with statuscode: 503 [helminitcontainerit:test-hivemq-platform-0]
2025-01-30 18:31:05,850 INFO c.h.h.t.HelmChartContainer - Received Unhealthy event for container hivemq in pod test-hivemq-platform-0 [d8b70422-f8a0-4995-8e37-91f09fb8b34a]
2025-01-30 18:31:06,448 INFO c.h.h.t.HelmChartContainer - [K3S] [authentication.go:74] "Unable to authenticate the request" err="[invalid bearer token, serviceaccounts \"hivemq-platform-pod-test-hivemq-platform\" not found]"
2025-01-30 18:31:06,460 INFO c.h.h.t.HelmChartContainer - [K3S] [authentication.go:74] "Unable to authenticate the request" err="[invalid bearer token, serviceaccounts \"hivemq-platform-pod-test-hivemq-platform\" not found]"
2025-01-30 18:31:06,462 INFO c.h.h.t.HelmChartContainer - [test-hivemq-platform] [hivemq] [d8b70422] WARN  - [HiveMQ Platform Operator Init App 1.7.0-SNAPSHOT] Could not update Pod annotations: Failure executing: GET at: https://10.43.0.1:443/api/v1/namespaces/helminitcontainerit/pods/test-hivemq-platform-0. Message: Unauthorized. Received status: Status(apiVersion=v1, code=401, details=null, kind=Status, message=Unauthorized, metadata=ListMeta(_continue=null, remainingItemCount=null, resourceVersion=null, selfLink=null, additionalProperties={}), reason=Unauthorized, status=Failure, additionalProperties={}).
2025-01-30 18:31:06,756 INFO c.h.h.t.HelmChartContainer - [test-hivemq-platform] [hivemq] [d8b70422] INFO  - Shutdown completed.
2025-01-30 18:31:07,113 INFO c.h.h.t.HelmChartContainer - [test-hivemq-platform] [hivemq] [d8b70422] INFO  - [HiveMQ Platform Operator Init App 1.7.0-SNAPSHOT] The HiveMQ Platform exited with code 143
2025-01-30 18:31:07,114 INFO c.h.h.t.HelmChartContainer - [test-hivemq-platform] [hivemq] [d8b70422] INFO  - [HiveMQ Platform Operator Init App 1.7.0-SNAPSHOT] Stopping the REST API
2025-01-30 18:31:07,122 INFO c.h.h.t.HelmChartContainer - [test-hivemq-platform] [hivemq] [d8b70422] INFO  - [HiveMQ Platform Operator Init App 1.7.0-SNAPSHOT] Shutdown complete
2025-01-30 18:31:07,486 INFO c.h.h.t.HelmChartContainer - [K3S] [stateful_set.go:466] "StatefulSet has been deleted" key="helminitcontainerit/test-hivemq-platform"
2025-01-30 18:31:07,593 INFO c.h.h.t.HelmChartContainer - [POD] test-hivemq-platform-0 [d8b70422-f8a0-4995-8e37-91f09fb8b34a] in helminitcontainerit was MODIFIED
2025-01-30 18:31:07,613 INFO c.h.h.t.HelmChartContainer - [K3S] [scope.go:117] "RemoveContainer" containerID="0b58697f38b5f2455434361f0e68eebdb98290ba9083af50591038bec0925c83"
2025-01-30 18:31:07,701 INFO c.h.h.t.HelmChartContainer - [K3S] [reconciler_common.go:162] "operationExecutor.UnmountVolume started for volume \"init-container-volume\" (UniqueName: \"kubernetes.io/empty-dir/d8b70422-f8a0-4995-8e37-91f09fb8b34a-init-container-volume\") pod \"d8b70422-f8a0-4995-8e37-91f09fb8b34a\" (UID: \"d8b70422-f8a0-4995-8e37-91f09fb8b34a\") "
2025-01-30 18:31:07,701 INFO c.h.h.t.HelmChartContainer - [K3S] [reconciler_common.go:162] "operationExecutor.UnmountVolume started for volume \"kube-api-access-pjhv8\" (UniqueName: \"kubernetes.io/projected/d8b70422-f8a0-4995-8e37-91f09fb8b34a-kube-api-access-pjhv8\") pod \"d8b70422-f8a0-4995-8e37-91f09fb8b34a\" (UID: \"d8b70422-f8a0-4995-8e37-91f09fb8b34a\") "
2025-01-30 18:31:07,701 INFO c.h.h.t.HelmChartContainer - [K3S] [reconciler_common.go:162] "operationExecutor.UnmountVolume started for volume \"pod-info\" (UniqueName: \"kubernetes.io/configmap/d8b70422-f8a0-4995-8e37-91f09fb8b34a-pod-info\") pod \"d8b70422-f8a0-4995-8e37-91f09fb8b34a\" (UID: \"d8b70422-f8a0-4995-8e37-91f09fb8b34a\") "
2025-01-30 18:31:07,701 INFO c.h.h.t.HelmChartContainer - [K3S] [reconciler_common.go:162] "operationExecutor.UnmountVolume started for volume \"operator-init\" (UniqueName: \"kubernetes.io/empty-dir/d8b70422-f8a0-4995-8e37-91f09fb8b34a-operator-init\") pod \"d8b70422-f8a0-4995-8e37-91f09fb8b34a\" (UID: \"d8b70422-f8a0-4995-8e37-91f09fb8b34a\") "
2025-01-30 18:31:07,701 INFO c.h.h.t.HelmChartContainer - [K3S] [reconciler_common.go:162] "operationExecutor.UnmountVolume started for volume \"broker-configuration\" (UniqueName: \"kubernetes.io/configmap/d8b70422-f8a0-4995-8e37-91f09fb8b34a-broker-configuration\") pod \"d8b70422-f8a0-4995-8e37-91f09fb8b34a\" (UID: \"d8b70422-f8a0-4995-8e37-91f09fb8b34a\") "
2025-01-30 18:31:07,709 INFO c.h.h.t.HelmChartContainer - [K3S] [scope.go:117] "RemoveContainer" containerID="fe8b4061ef23a86cbb1fce94c9dbb00e9cf824173b182866079e61c0c3f702bb"
2025-01-30 18:31:07,711 INFO c.h.h.t.HelmChartContainer - [K3S] [scope.go:117] "RemoveContainer" containerID="9629084a93802338811fd7ba58d23afefb8f71cc4551618e8c252ff33913bd7b"
2025-01-30 18:31:07,714 INFO c.h.h.t.HelmChartContainer - [K3S] [scope.go:117] "RemoveContainer" containerID="0b58697f38b5f2455434361f0e68eebdb98290ba9083af50591038bec0925c83"
2025-01-30 18:31:07,715 INFO c.h.h.t.HelmChartContainer - [K3S] [scope.go:117] "RemoveContainer" containerID="fe8b4061ef23a86cbb1fce94c9dbb00e9cf824173b182866079e61c0c3f702bb"
2025-01-30 18:31:07,715 INFO c.h.h.t.HelmChartContainer - [K3S] [scope.go:117] "RemoveContainer" containerID="9629084a93802338811fd7ba58d23afefb8f71cc4551618e8c252ff33913bd7b"
2025-01-30 18:31:07,801 INFO c.h.h.t.HelmChartContainer - [K3S] [reconciler_common.go:299] "Volume detached for volume \"init-container-volume\" (UniqueName: \"kubernetes.io/empty-dir/d8b70422-f8a0-4995-8e37-91f09fb8b34a-init-container-volume\") on node \"c181d80517a6\" DevicePath \"\""
2025-01-30 18:31:07,801 INFO c.h.h.t.HelmChartContainer - [K3S] [reconciler_common.go:299] "Volume detached for volume \"kube-api-access-pjhv8\" (UniqueName: \"kubernetes.io/projected/d8b70422-f8a0-4995-8e37-91f09fb8b34a-kube-api-access-pjhv8\") on node \"c181d80517a6\" DevicePath \"\""
2025-01-30 18:31:07,801 INFO c.h.h.t.HelmChartContainer - [K3S] [reconciler_common.go:299] "Volume detached for volume \"operator-init\" (UniqueName: \"kubernetes.io/empty-dir/d8b70422-f8a0-4995-8e37-91f09fb8b34a-operator-init\") on node \"c181d80517a6\" DevicePath \"\""
2025-01-30 18:31:07,801 INFO c.h.h.t.HelmChartContainer - [K3S] [reconciler_common.go:299] "Volume detached for volume \"broker-configuration\" (UniqueName: \"kubernetes.io/configmap/d8b70422-f8a0-4995-8e37-91f09fb8b34a-broker-configuration\") on node \"c181d80517a6\" DevicePath \"\""
2025-01-30 18:31:07,801 INFO c.h.h.t.HelmChartContainer - [K3S] [reconciler_common.go:299] "Volume detached for volume \"pod-info\" (UniqueName: \"kubernetes.io/configmap/d8b70422-f8a0-4995-8e37-91f09fb8b34a-pod-info\") on node \"c181d80517a6\" DevicePath \"\""
2025-01-30 18:31:07,929 INFO c.h.h.t.HelmChartContainer - [POD] test-hivemq-platform-0 [d8b70422-f8a0-4995-8e37-91f09fb8b34a] in helminitcontainerit was MODIFIED
2025-01-30 18:31:07,935 INFO c.h.h.t.HelmChartContainer - [POD] test-hivemq-platform-0 [d8b70422-f8a0-4995-8e37-91f09fb8b34a] in helminitcontainerit was DELETED
2025-01-30 18:31:09,310 INFO c.h.h.t.HelmChartContainer - [K3S] [kubelet_volumes.go:163] "Cleaned up orphaned pod volumes dir" podUID="d8b70422-f8a0-4995-8e37-91f09fb8b34a" path="/var/lib/kubelet/pods/d8b70422-f8a0-4995-8e37-91f09fb8b34a/volumes"
2025-01-30 18:31:12,706 INFO c.h.h.t.HelmChartContainer - Namespace 'helminitcontainerit' deleted
2025-01-30 18:31:12,706 INFO c.h.h.t.HelmChartContainer - Release 'test-hivemq-platform' in namespace 'helminitcontainerit' is uninstalled
2025-01-30 18:31:12,706 INFO c.h.h.t.HelmChartContainer - Uninstalling release 'test-hivemq-platform-operator' in namespace 'helminitcontainerit-operator'...
2025-01-30 18:31:12,706 DEBUG c.h.h.t.HelmChartContainer - Executing helm command: /bin/helm --kubeconfig /etc/rancher/k3s/k3s.yaml uninstall test-hivemq-platform-operator  --wait --timeout 5m0s --cascade foreground --namespace helminitcontainerit-operator
2025-01-30 18:31:12,875 INFO c.h.h.t.HelmChartContainer - [K3S] [replica_set.go:679] "Finished syncing" kind="ReplicaSet" key="helminitcontainerit-operator/hivemq-test-hivemq-platform-operator-6966f96d65" duration="9.118557ms"
2025-01-30 18:31:12,876 INFO c.h.h.t.HelmChartContainer - [K3S] [replica_set.go:679] "Finished syncing" kind="ReplicaSet" key="helminitcontainerit-operator/hivemq-test-hivemq-platform-operator-6966f96d65" duration="38.923µs"
2025-01-30 18:31:12,889 INFO c.h.h.t.HelmChartContainer - [POD] hivemq-test-hivemq-platform-operator-6966f96d65-mcpv2 [ea3fbc68-f8b0-4632-b52e-53e66f443b3a] in helminitcontainerit-operator was MODIFIED
2025-01-30 18:31:12,896 INFO c.h.h.t.HelmChartContainer - [EVENT] Normal [Killing] Stopping container hivemq-platform-operator [helminitcontainerit-operator:hivemq-test-hivemq-platform-operator-6966f96d65-mcpv2]
2025-01-30 18:31:12,897 INFO c.h.h.t.HelmChartContainer - Received Killing event for container hivemq-platform-operator in pod hivemq-test-hivemq-platform-operator-6966f96d65-mcpv2 [ea3fbc68-f8b0-4632-b52e-53e66f443b3a]
2025-01-30 18:31:12,897 INFO c.h.h.t.HelmChartContainer - Container [hivemq-test-hivemq-platform-operator-6966f96d65-mcpv2] [hivemq-platform-operator] [ea3fbc68-f8b0-4632-b52e-53e66f443b3a] was terminated
2025-01-30 18:31:12,897 INFO c.h.h.t.HelmChartContainer - Stopped log watcher for hivemq-platform-operator in pod hivemq-test-hivemq-platform-operator-6966f96d65-mcpv2 [ea3fbc68-f8b0-4632-b52e-53e66f443b3a]
2025-01-30 18:31:12,908 INFO c.h.h.t.HelmChartContainer - [K3S] [replica_set.go:679] "Finished syncing" kind="ReplicaSet" key="helminitcontainerit-operator/hivemq-test-hivemq-platform-operator-6966f96d65" duration="22.24311ms"
2025-01-30 18:31:12,909 INFO c.h.h.t.HelmChartContainer - [hivemq-test-hivemq-platform] [hivemq-platform-operator] [ea3fbc68] 18:31:12.906 [application-shutdown-thread] INFO  c.h.p.o.HiveMQPlatformOperatorApplication - HiveMQ Platform Operator is stopping...
2025-01-30 18:31:12,917 INFO c.h.h.t.HelmChartContainer - [K3S] [replica_set.go:679] "Finished syncing" kind="ReplicaSet" key="helminitcontainerit-operator/hivemq-test-hivemq-platform-operator-6966f96d65" duration="45.946µs"
2025-01-30 18:31:12,917 INFO c.h.h.t.HelmChartContainer - [hivemq-test-hivemq-platform] [hivemq-platform-operator] [ea3fbc68] 18:31:12.906 [application-shutdown-thread] INFO  i.javaoperatorsdk.operator.Operator - Operator SDK 4.9.7 is shutting down...
2025-01-30 18:31:13,534 INFO c.h.h.t.HelmChartContainer - [K3S] [replica_set.go:679] "Finished syncing" kind="ReplicaSet" key="helminitcontainerit-operator/hivemq-test-hivemq-platform-operator-6966f96d65" duration="42.179µs"
2025-01-30 18:31:13,535 INFO c.h.h.t.HelmChartContainer - [POD] hivemq-test-hivemq-platform-operator-6966f96d65-mcpv2 [ea3fbc68-f8b0-4632-b52e-53e66f443b3a] in helminitcontainerit-operator was MODIFIED
2025-01-30 18:31:13,622 INFO c.h.h.t.HelmChartContainer - [K3S] [scope.go:117] "RemoveContainer" containerID="fb51f6bd2a464c47ddd0d63eaf8eff6ac2e5aeebd9be18a5e87f901b91df4f26"
2025-01-30 18:31:13,625 INFO c.h.h.t.HelmChartContainer - [K3S] [scope.go:117] "RemoveContainer" containerID="fb51f6bd2a464c47ddd0d63eaf8eff6ac2e5aeebd9be18a5e87f901b91df4f26"
2025-01-30 18:31:13,643 INFO c.h.h.t.HelmChartContainer - [K3S] [reconciler_common.go:162] "operationExecutor.UnmountVolume started for volume \"kube-api-access-8b7cd\" (UniqueName: \"kubernetes.io/projected/ea3fbc68-f8b0-4632-b52e-53e66f443b3a-kube-api-access-8b7cd\") pod \"ea3fbc68-f8b0-4632-b52e-53e66f443b3a\" (UID: \"ea3fbc68-f8b0-4632-b52e-53e66f443b3a\") "
2025-01-30 18:31:13,744 INFO c.h.h.t.HelmChartContainer - [K3S] [reconciler_common.go:299] "Volume detached for volume \"kube-api-access-8b7cd\" (UniqueName: \"kubernetes.io/projected/ea3fbc68-f8b0-4632-b52e-53e66f443b3a-kube-api-access-8b7cd\") on node \"c181d80517a6\" DevicePath \"\""
2025-01-30 18:31:13,933 INFO c.h.h.t.HelmChartContainer - [K3S] [replica_set.go:679] "Finished syncing" kind="ReplicaSet" key="helminitcontainerit-operator/hivemq-test-hivemq-platform-operator-6966f96d65" duration="44.624µs"
2025-01-30 18:31:13,937 INFO c.h.h.t.HelmChartContainer - [POD] hivemq-test-hivemq-platform-operator-6966f96d65-mcpv2 [ea3fbc68-f8b0-4632-b52e-53e66f443b3a] in helminitcontainerit-operator was MODIFIED
2025-01-30 18:31:13,938 INFO c.h.h.t.HelmChartContainer - [POD] hivemq-test-hivemq-platform-operator-6966f96d65-mcpv2 [ea3fbc68-f8b0-4632-b52e-53e66f443b3a] in helminitcontainerit-operator was DELETED
2025-01-30 18:31:13,938 INFO c.h.h.t.HelmChartContainer - [K3S] [replica_set.go:679] "Finished syncing" kind="ReplicaSet" key="helminitcontainerit-operator/hivemq-test-hivemq-platform-operator-6966f96d65" duration="31.369µs"
2025-01-30 18:31:13,947 INFO c.h.h.t.HelmChartContainer - [K3S] [replica_set.go:679] "Finished syncing" kind="ReplicaSet" key="helminitcontainerit-operator/hivemq-test-hivemq-platform-operator-6966f96d65" duration="5.921µs"
2025-01-30 18:31:14,929 INFO c.h.h.t.HelmChartContainer - Deleting namespace 'helminitcontainerit-operator'...
2025-01-30 18:31:15,310 INFO c.h.h.t.HelmChartContainer - [K3S] [kubelet_volumes.go:163] "Cleaned up orphaned pod volumes dir" podUID="ea3fbc68-f8b0-4632-b52e-53e66f443b3a" path="/var/lib/kubelet/pods/ea3fbc68-f8b0-4632-b52e-53e66f443b3a/volumes"
2025-01-30 18:31:17,639 INFO c.h.h.t.HelmChartContainer - [K3S] [namespace_controller.go:187] "Namespace has been deleted" namespace="helminitcontainerit"
2025-01-30 18:31:20,146 INFO c.h.h.t.HelmChartContainer - Namespace 'helminitcontainerit-operator' deleted
2025-01-30 18:31:20,146 INFO c.h.h.t.HelmChartContainer - Release 'test-hivemq-platform-operator' in namespace 'helminitcontainerit-operator' is uninstalled
2025-01-30 18:31:20,862 INFO c.h.helmcharts.AbstractHelmChartIT - Removed unused containers:

2025-01-30 18:31:25,048 INFO c.h.h.t.HelmChartContainer - [K3S] [namespace_controller.go:187] "Namespace has been deleted" namespace="helminitcontainerit-operator"
2025-01-30 18:31:28,758 INFO c.h.helmcharts.AbstractHelmChartIT - Removed unused snapshots:
Removing snapshot sha256:03af251906410714c5aef9fa705b63f6bbc39c4a5e787de7361eeb18886c2ed2
Removing snapshot sha256:0c46b3b43cce082ce5ec34ffc6c294e0417d17b9d1e6f366d114b6aadc4f96dc
Removing snapshot sha256:0ce761beee59082d6ed5bcebd3a805b8ddd9b3426b617e4809e7fb7c6587ffec
Removing snapshot sha256:0df91287303208332c8ff6ba40ae4710105201739addbfbddfb955f1ad593664
Removing snapshot sha256:1021ef88c7974bfff89c5a0ec4fd3160daac6c48a075f74cff721f85dd104e68
Removing snapshot sha256:10aba4953ddc18145dd38e3704709bc464aa20af60b56fe52caaff4b68411e62
Removing snapshot sha256:1d5cf3e3eb812061f06c49abff02b68d81953942566ded85fcc9c1f47b13186a
Removing snapshot sha256:2573e0d8158209ed54ab25c87bcdcb00bd3d2539246960a3d592a1c599d70465
Removing snapshot sha256:362a8a37f8bbc31925a8146adcf7cf51f9882f5c1dcbef67c5baa03a297543c0
Removing snapshot sha256:3fa4ad33f0ddc8fd45b39b6b4640f82a3a83619606cd975bfe89d8710ad2d4cd
Removing snapshot sha256:43a7c979bbaba6838bc3102d6b10a1459f3ab050b87ccdfef84ef90cf43d3058
Removing snapshot sha256:49b1ace819f91691463b13f94371df68a923468eeb043988a99ab7cfb35e0ee6
Removing snapshot sha256:4ab04491cdf0d3267f08206fe30bd48f49f94b9cab2f016d6739220f722a64af
Removing snapshot sha256:4b6068250e89c96f263060261819c7d912855bfbd64b3eb4c4a8483299b8c295
Removing snapshot sha256:580e69a0a8034ede1921139bbd2bfb72a69ebf276d008281896c32dd8bf74775
Removing snapshot sha256:59654b79daad74c77dc2e28502ca577ba8ce73276720002234a23fc60ee92692
Removing snapshot sha256:5d30ba46b27fe37484567ccc5242cadc78217b8da605f3f195ef25cbf7487904
Removing snapshot sha256:63ca1fbb43ae5034640e5e6cb3e083e05c290072c5366fcaa9d62435a4cced85
Removing snapshot sha256:67f702c6baae873bceb19487c8b1f27bd2b86077e4f2f0e480e6d60ab508b8f5
Removing snapshot sha256:6864348dd42806d552efdec384f1274be15e2d0c10ce44c1f04347af004c10a9
Removing snapshot sha256:6c7dee8f2c39b84b7dc2711c01d33de93514d9055499173e9290176fbe484b6c
Removing snapshot sha256:82753493a6d61ded36556292f02f31841a14c20d2f279f19eaad65afb661d5cd
Removing snapshot sha256:8a10d3db42c505ee0fcfa98417bdd7e39b304f6bcc0a06bb1b220797ff2cc63c
Removing snapshot sha256:9733d82e91bb8b55b3ec037fce43fdaf10a33f93ad539d52cf062809443c1a5e
Removing snapshot sha256:a0904247e36a7726c03c71ee48f3e64462021c88dafeb13f37fdaf613b27f11c
Removing snapshot sha256:a21e5b12dbac529ad45d976eb9ce45c881f3bedcc500fb30aba1e52aa1813418
Removing snapshot sha256:b921e6c28969094157f9b8e7244677780319637afd14450b7cb6b2fdea558a0c
Removing snapshot sha256:bc27ecb5769a00e309cf99ebc763c4a4b958b618d1decc96ffac5bc05f02f5b7
Removing snapshot sha256:be3ccb6627a5332e309d45ef461d09b4879dd870c7394d89323d0ebc6ca6aa8a
Removing snapshot sha256:c261f7cbbc64211ee175ee47273acdb7b1a36a4450b397a064a8f2c026490095
Removing snapshot sha256:c34d9393647eea0c9e3557ab988efaf59f61d10a2a5613b439ef0958cca5ec10
Removing snapshot sha256:ccf3c4a0fa967a41c1c83497a2ce6fa5787965859df0adb32c4ca2cf7490bc2b
Removing snapshot sha256:cf92d33f869417309692088c341cd0f223c178ea78a125f757317b22aa8f90e9
Removing snapshot sha256:d0037344cf2fb078884f1849f6a1f8cf9a33a3b6139b6a85833e5ee528e1f9a8
Removing snapshot sha256:d3b36d5b79273b1e98e7700470eaeff05a882e777124d84cebcc1505b85ecb36
Removing snapshot sha256:d65a44a37914602d12c611e5e22a50f11451d847e63015cc1c2aef92dee777a4
Removing snapshot sha256:e2dc0bae2455930f23ae570e019b7f32edc75c0f2d71cab084db837ff9051796
Removing snapshot sha256:eccbd24a99c60cd9e86ee5305dbfc4a4dc89f5ab4fb1f06c8d64797cecedef34
Removing snapshot sha256:f144bb4c7c7f0d2aa7eeffd36d934ec40db1ee167be727e326aad9fdc616f475

]]></system-out>
  </testcase>
  <system-out><![CDATA[2025-01-30 18:27:16,376 INFO c.h.h.t.HelmChartContainerExtension - Using cached HelmChartContainer instance
2025-01-30 18:27:16,381 INFO c.h.h.t.HelmChartContainerExtension - Creating cached HelmChartContainer instance
2025-01-30 18:27:16,398 INFO o.testcontainers.DockerClientFactory - Testcontainers version: 1.20.4
2025-01-30 18:27:16,761 INFO o.t.d.DockerClientProviderStrategy - Found Docker environment with local Unix socket (unix:///var/run/docker.sock)
2025-01-30 18:27:16,768 INFO o.testcontainers.DockerClientFactory - Docker host IP address is localhost
2025-01-30 18:27:16,783 INFO o.testcontainers.DockerClientFactory - Connected to docker: 
  Server Version: 26.1.3
  API Version: 1.45
  Operating System: Ubuntu 24.04.1 LTS
  Total Memory: 15990 MB
2025-01-30 18:27:16,789 INFO o.testcontainers.images.PullPolicy - Image pull policy will be performed by: DefaultPullPolicy()
2025-01-30 18:27:16,791 INFO o.t.utility.ImageNameSubstitutor - Image name substitution will be performed by: DefaultImageNameSubstitutor (composite of 'ConfigurationFileImageNameSubstitutor' and 'PrefixingImageNameSubstitutor')
2025-01-30 18:27:16,816 INFO tc.testcontainers/ryuk:0.11.0 - Pulling docker image: testcontainers/ryuk:0.11.0. Please be patient; this may take some time but only needs to be done once.
2025-01-30 18:27:17,238 INFO tc.testcontainers/ryuk:0.11.0 - Starting to pull image
2025-01-30 18:27:17,254 INFO tc.testcontainers/ryuk:0.11.0 - Pulling image layers:  0 pending,  0 downloaded,  0 extracted, (0 bytes/0 bytes)
2025-01-30 18:27:17,462 INFO tc.testcontainers/ryuk:0.11.0 - Pulling image layers:  2 pending,  1 downloaded,  0 extracted, (117 KB/? MB)
2025-01-30 18:27:17,471 INFO tc.testcontainers/ryuk:0.11.0 - Pulling image layers:  1 pending,  2 downloaded,  0 extracted, (117 KB/? MB)
2025-01-30 18:27:17,494 INFO tc.testcontainers/ryuk:0.11.0 - Pulling image layers:  0 pending,  3 downloaded,  0 extracted, (144 KB/10 MB)
2025-01-30 18:27:17,578 INFO tc.testcontainers/ryuk:0.11.0 - Pulling image layers:  0 pending,  3 downloaded,  1 extracted, (3 MB/10 MB)
2025-01-30 18:27:17,725 INFO tc.testcontainers/ryuk:0.11.0 - Pulling image layers:  0 pending,  3 downloaded,  2 extracted, (4 MB/10 MB)
2025-01-30 18:27:17,761 INFO tc.testcontainers/ryuk:0.11.0 - Pulling image layers:  0 pending,  3 downloaded,  3 extracted, (10 MB/10 MB)
2025-01-30 18:27:17,767 INFO tc.testcontainers/ryuk:0.11.0 - Image testcontainers/ryuk:0.11.0 pull took PT0.950372657S
2025-01-30 18:27:17,787 INFO tc.testcontainers/ryuk:0.11.0 - Creating container for image: testcontainers/ryuk:0.11.0
2025-01-30 18:27:17,845 INFO tc.testcontainers/ryuk:0.11.0 - Container testcontainers/ryuk:0.11.0 is starting: 51ca98993080ae569489409a6563d7ce68fb48858dc55e5942b16a32041fdece
2025-01-30 18:27:18,096 INFO tc.testcontainers/ryuk:0.11.0 - Container testcontainers/ryuk:0.11.0 started in PT0.309368327S
2025-01-30 18:27:18,100 INFO o.t.utility.RyukResourceReaper - Ryuk started - will monitor and terminate Testcontainers containers on JVM exit
2025-01-30 18:27:18,100 INFO o.testcontainers.DockerClientFactory - Checking the system...
2025-01-30 18:27:18,101 INFO o.testcontainers.DockerClientFactory - ✔︎ Docker server version should be at least 1.6.0
2025-01-30 18:27:18,179 INFO o.t.i.builder.ImageFromDockerfile - Pre-emptively checking local images for 'ubuntu:noble-20241118.1@sha256:80dd3c3b9c6cecb9f1667e9290b3bc61b78c2678c02cbdae5f0fea92cc6734ab', referenced via a Dockerfile. If not available, it will be pulled.
2025-01-30 18:27:18,181 INFO t.u.1@sha256:80dd3c... - Pulling docker image: ubuntu:noble-20241118.1@sha256:80dd3c3b9c6cecb9f1667e9290b3bc61b78c2678c02cbdae5f0fea92cc6734ab. Please be patient; this may take some time but only needs to be done once.
2025-01-30 18:27:18,453 INFO t.u.1@sha256:80dd3c... - Starting to pull image
2025-01-30 18:27:18,454 INFO t.u.1@sha256:80dd3c... - Pulling image layers:  0 pending,  0 downloaded,  0 extracted, (0 bytes/0 bytes)
2025-01-30 18:27:18,825 INFO t.u.1@sha256:80dd3c... - Pulling image layers:  0 pending,  1 downloaded,  0 extracted, (20 MB/28 MB)
2025-01-30 18:27:19,744 INFO t.u.1@sha256:80dd3c... - Pulling image layers:  0 pending,  1 downloaded,  1 extracted, (28 MB/28 MB)
2025-01-30 18:27:19,749 INFO t.u.1@sha256:80dd3c... - Pull complete. 1 layers, pulled in 1s (downloaded 28 MB at 28 MB/s)
2025-01-30 18:27:19,750 INFO t.u.1@sha256:80dd3c... - Image ubuntu:noble-20241118.1@sha256:80dd3c3b9c6cecb9f1667e9290b3bc61b78c2678c02cbdae5f0fea92cc6734ab pull took PT1.568355104S
2025-01-30 18:27:19,752 INFO o.t.i.builder.ImageFromDockerfile - Pre-emptively checking local images for 'rancher/k3s:v1.32.1-k3s1', referenced via a Dockerfile. If not available, it will be pulled.
2025-01-30 18:27:19,753 INFO tc.rancher/k3s:v1.32.1-k3s1 - Pulling docker image: rancher/k3s:v1.32.1-k3s1. Please be patient; this may take some time but only needs to be done once.
2025-01-30 18:27:20,134 INFO tc.rancher/k3s:v1.32.1-k3s1 - Starting to pull image
2025-01-30 18:27:20,134 INFO tc.rancher/k3s:v1.32.1-k3s1 - Pulling image layers:  0 pending,  0 downloaded,  0 extracted, (0 bytes/0 bytes)
2025-01-30 18:27:20,759 INFO tc.rancher/k3s:v1.32.1-k3s1 - Pulling image layers:  0 pending,  1 downloaded,  0 extracted, (56 MB/71 MB)
2025-01-30 18:27:21,793 INFO tc.rancher/k3s:v1.32.1-k3s1 - Pulling image layers:  0 pending,  1 downloaded,  1 extracted, (71 MB/71 MB)
2025-01-30 18:27:21,798 INFO tc.rancher/k3s:v1.32.1-k3s1 - Image rancher/k3s:v1.32.1-k3s1 pull took PT2.04451722S
2025-01-30 18:27:21,798 INFO tc.rancher/k3s:v1.32.1-k3s1 - Pull complete. 1 layers, pulled in 1s (downloaded 71 MB at 71 MB/s)
2025-01-30 18:27:21,804 INFO o.t.i.builder.ImageFromDockerfile - Transferred 0 bytes to Docker daemon
2025-01-30 18:27:35,019 INFO c.h.h.t.HelmChartContainer - Starting HelmChartContainer...
2025-01-30 18:27:35,022 INFO t.localhost/testcontainers/mxnk5naqdzef647q:latest - Creating container for image: localhost/testcontainers/mxnk5naqdzef647q:latest
2025-01-30 18:27:35,106 INFO tc.alpine:3.17 - Pulling docker image: alpine:3.17. Please be patient; this may take some time but only needs to be done once.
2025-01-30 18:27:35,542 INFO tc.alpine:3.17 - Starting to pull image
2025-01-30 18:27:35,543 INFO tc.alpine:3.17 - Pulling image layers:  0 pending,  0 downloaded,  0 extracted, (0 bytes/0 bytes)
2025-01-30 18:27:35,801 INFO tc.alpine:3.17 - Pulling image layers:  0 pending,  1 downloaded,  0 extracted, (33 KB/3 MB)
2025-01-30 18:27:35,896 INFO tc.alpine:3.17 - Pulling image layers:  0 pending,  1 downloaded,  1 extracted, (3 MB/3 MB)
2025-01-30 18:27:35,903 INFO tc.alpine:3.17 - Image alpine:3.17 pull took PT0.797445808S
2025-01-30 18:27:36,455 INFO t.localhost/testcontainers/mxnk5naqdzef647q:latest - Container localhost/testcontainers/mxnk5naqdzef647q:latest is starting: c181d80517a6c379b8d89b4ec2d1dc02b14d127946d30469f9a35603b1b894ad
2025-01-30 18:27:36,808 INFO c.h.h.t.HelmChartContainer - [K3S] [INFO] Starting k3s v1.32.1+k3s1 (6a322f12)
2025-01-30 18:27:36,810 INFO c.h.h.t.HelmChartContainer - [K3S] [INFO] Configuring sqlite3 database connection pooling: maxIdleConns=2, maxOpenConns=0, connMaxLifetime=0s
2025-01-30 18:27:36,811 INFO c.h.h.t.HelmChartContainer - [K3S] [INFO] Configuring database table schema and indexes, this may take a moment...
2025-01-30 18:27:36,816 INFO c.h.h.t.HelmChartContainer - [K3S] [INFO] Database tables and indexes are up to date
2025-01-30 18:27:36,819 INFO c.h.h.t.HelmChartContainer - [K3S] [INFO] Kine available at unix://kine.sock
2025-01-30 18:27:36,894 INFO c.h.h.t.HelmChartContainer - [K3S] [INFO] Saving cluster bootstrap data to datastore
2025-01-30 18:27:36,895 INFO c.h.h.t.HelmChartContainer - [K3S] [WARNING] dynamiclistener [::]:6443: no cached certificate available for preload - deferring certificate load until storage initialization or first client request
2025-01-30 18:27:36,895 INFO c.h.h.t.HelmChartContainer - [K3S] [INFO] Active TLS secret / (ver=) (count 10): map[listener.cattle.io/cn-10.43.0.1:10.43.0.1 listener.cattle.io/cn-127.0.0.1:127.0.0.1 listener.cattle.io/cn-172.18.0.2:172.18.0.2 listener.cattle.io/cn-__1-f16284:::1 listener.cattle.io/cn-c181d80517a6:c181d80517a6 listener.cattle.io/cn-kubernetes:kubernetes listener.cattle.io/cn-kubernetes.default:kubernetes.default listener.cattle.io/cn-kubernetes.default.svc:kubernetes.default.svc listener.cattle.io/cn-kubernetes.default.svc.cluster.local:kubernetes.default.svc.cluster.local listener.cattle.io/cn-localhost:localhost listener.cattle.io/fingerprint:SHA1=0CC9A543832422B3786E09102FC820034860EFE7]
2025-01-30 18:27:37,056 INFO c.h.h.t.HelmChartContainer - [K3S] [INFO] Running kube-apiserver --advertise-port=6443 --allow-privileged=true --anonymous-auth=false --api-audiences=https://kubernetes.default.svc.cluster.local,k3s --authorization-mode=Node,RBAC --bind-address=127.0.0.1 --cert-dir=/var/lib/rancher/k3s/server/tls/temporary-certs --client-ca-file=/var/lib/rancher/k3s/server/tls/client-ca.crt --egress-selector-config-file=/var/lib/rancher/k3s/server/etc/egress-selector-config.yaml --enable-admission-plugins=NodeRestriction --enable-aggregator-routing=true --enable-bootstrap-token-auth=true --etcd-compaction-interval=0s --etcd-servers=unix://kine.sock --kubelet-certificate-authority=/var/lib/rancher/k3s/server/tls/server-ca.crt --kubelet-client-certificate=/var/lib/rancher/k3s/server/tls/client-kube-apiserver.crt --kubelet-client-key=/var/lib/rancher/k3s/server/tls/client-kube-apiserver.key --kubelet-preferred-address-types=InternalIP,ExternalIP,Hostname --profiling=false --proxy-client-cert-file=/var/lib/rancher/k3s/server/tls/client-auth-proxy.crt --proxy-client-key-file=/var/lib/rancher/k3s/server/tls/client-auth-proxy.key --requestheader-allowed-names=system:auth-proxy --requestheader-client-ca-file=/var/lib/rancher/k3s/server/tls/request-header-ca.crt --requestheader-extra-headers-prefix=X-Remote-Extra- --requestheader-group-headers=X-Remote-Group --requestheader-username-headers=X-Remote-User --secure-port=6444 --service-account-issuer=https://kubernetes.default.svc.cluster.local --service-account-key-file=/var/lib/rancher/k3s/server/tls/service.key --service-account-signing-key-file=/var/lib/rancher/k3s/server/tls/service.current.key --service-cluster-ip-range=10.43.0.0/16 --service-node-port-range=30000-32767 --storage-backend=etcd3 --tls-cert-file=/var/lib/rancher/k3s/server/tls/serving-kube-apiserver.crt --tls-cipher-suites=TLS_ECDHE_ECDSA_WITH_AES_256_GCM_SHA384,TLS_ECDHE_RSA_WITH_AES_256_GCM_SHA384,TLS_ECDHE_ECDSA_WITH_AES_128_GCM_SHA256,TLS_ECDHE_RSA_WITH_AES_128_GCM_SHA256,TLS_ECDHE_ECDSA_WITH_CHACHA20_POLY1305,TLS_ECDHE_RSA_WITH_CHACHA20_POLY1305 --tls-private-key-file=/var/lib/rancher/k3s/server/tls/serving-kube-apiserver.key
2025-01-30 18:27:37,057 INFO c.h.h.t.HelmChartContainer - [K3S] [INFO] Running kube-scheduler --authentication-kubeconfig=/var/lib/rancher/k3s/server/cred/scheduler.kubeconfig --authorization-kubeconfig=/var/lib/rancher/k3s/server/cred/scheduler.kubeconfig --bind-address=127.0.0.1 --kubeconfig=/var/lib/rancher/k3s/server/cred/scheduler.kubeconfig --leader-elect=false --profiling=false --secure-port=10259
2025-01-30 18:27:37,057 INFO c.h.h.t.HelmChartContainer - [K3S] [registry.go:256] calling componentGlobalsRegistry.AddFlags more than once, the registry will be set by the latest flags
2025-01-30 18:27:37,058 INFO c.h.h.t.HelmChartContainer - [K3S] [INFO] Running kube-controller-manager --allocate-node-cidrs=true --authentication-kubeconfig=/var/lib/rancher/k3s/server/cred/controller.kubeconfig --authorization-kubeconfig=/var/lib/rancher/k3s/server/cred/controller.kubeconfig --bind-address=127.0.0.1 --cluster-cidr=10.42.0.0/16 --cluster-signing-kube-apiserver-client-cert-file=/var/lib/rancher/k3s/server/tls/client-ca.nochain.crt --cluster-signing-kube-apiserver-client-key-file=/var/lib/rancher/k3s/server/tls/client-ca.key --cluster-signing-kubelet-client-cert-file=/var/lib/rancher/k3s/server/tls/client-ca.nochain.crt --cluster-signing-kubelet-client-key-file=/var/lib/rancher/k3s/server/tls/client-ca.key --cluster-signing-kubelet-serving-cert-file=/var/lib/rancher/k3s/server/tls/server-ca.nochain.crt --cluster-signing-kubelet-serving-key-file=/var/lib/rancher/k3s/server/tls/server-ca.key --cluster-signing-legacy-unknown-cert-file=/var/lib/rancher/k3s/server/tls/server-ca.nochain.crt --cluster-signing-legacy-unknown-key-file=/var/lib/rancher/k3s/server/tls/server-ca.key --configure-cloud-routes=false --controllers=*,tokencleaner,-service,-route,-cloud-node-lifecycle --kubeconfig=/var/lib/rancher/k3s/server/cred/controller.kubeconfig --leader-elect=false --profiling=false --root-ca-file=/var/lib/rancher/k3s/server/tls/server-ca.crt --secure-port=10257 --service-account-private-key-file=/var/lib/rancher/k3s/server/tls/service.current.key --service-cluster-ip-range=10.43.0.0/16 --use-service-account-credentials=true
2025-01-30 18:27:37,059 INFO c.h.h.t.HelmChartContainer - [K3S] [INFO] Waiting for API server to become available
2025-01-30 18:27:37,059 INFO c.h.h.t.HelmChartContainer - [K3S] [options.go:299] unable to set WatchListClient feature gate, err: cannot override default for feature "WatchListClient": gates already added to a flag set
2025-01-30 18:27:37,059 INFO c.h.h.t.HelmChartContainer - [K3S] [registry.go:256] calling componentGlobalsRegistry.AddFlags more than once, the registry will be set by the latest flags
2025-01-30 18:27:37,059 INFO c.h.h.t.HelmChartContainer - [K3S] [INFO] Running cloud-controller-manager --allocate-node-cidrs=true --authentication-kubeconfig=/var/lib/rancher/k3s/server/cred/cloud-controller.kubeconfig --authorization-kubeconfig=/var/lib/rancher/k3s/server/cred/cloud-controller.kubeconfig --bind-address=127.0.0.1 --cloud-config=/var/lib/rancher/k3s/server/etc/cloud-config.yaml --cloud-provider=k3s --cluster-cidr=10.42.0.0/16 --configure-cloud-routes=false --controllers=*,-route --kubeconfig=/var/lib/rancher/k3s/server/cred/cloud-controller.kubeconfig --leader-elect=false --leader-elect-resource-name=k3s-cloud-controller-manager --node-status-update-frequency=1m0s --profiling=false
2025-01-30 18:27:37,060 INFO c.h.h.t.HelmChartContainer - [K3S] [registry.go:256] calling componentGlobalsRegistry.AddFlags more than once, the registry will be set by the latest flags
2025-01-30 18:27:37,060 INFO c.h.h.t.HelmChartContainer - [K3S] [INFO] Server node token is available at /var/lib/rancher/k3s/server/token
2025-01-30 18:27:37,060 INFO c.h.h.t.HelmChartContainer - [K3S] [INFO] To join server node to cluster: k3s server -s https://172.18.0.2:6443 -t ${SERVER_NODE_TOKEN}
2025-01-30 18:27:37,061 INFO c.h.h.t.HelmChartContainer - [K3S] [INFO] Agent node token is available at /var/lib/rancher/k3s/server/agent-token
2025-01-30 18:27:37,061 INFO c.h.h.t.HelmChartContainer - [K3S] [INFO] To join agent node to cluster: k3s agent -s https://172.18.0.2:6443 -t ${AGENT_NODE_TOKEN}
2025-01-30 18:27:37,061 INFO c.h.h.t.HelmChartContainer - [K3S] [INFO] Wrote kubeconfig /etc/rancher/k3s/k3s.yaml
2025-01-30 18:27:37,061 INFO c.h.h.t.HelmChartContainer - [K3S] [INFO] Run: k3s kubectl
2025-01-30 18:27:37,064 INFO c.h.h.t.HelmChartContainer - [K3S] [options.go:238] external host was not specified, using 172.18.0.2
2025-01-30 18:27:37,064 INFO c.h.h.t.HelmChartContainer - [K3S] [server.go:151] Version: v1.32.1+k3s1
2025-01-30 18:27:37,064 INFO c.h.h.t.HelmChartContainer - [K3S] [server.go:153] "Golang settings" GOGC="" GOMAXPROCS="" GOTRACEBACK=""
2025-01-30 18:27:37,313 INFO c.h.h.t.HelmChartContainer - [K3S] [plugins.go:157] Loaded 13 mutating admission controller(s) successfully in the following order: NamespaceLifecycle,LimitRanger,ServiceAccount,NodeRestriction,TaintNodesByCondition,Priority,DefaultTolerationSeconds,DefaultStorageClass,StorageObjectInUseProtection,RuntimeClass,DefaultIngressClass,MutatingAdmissionPolicy,MutatingAdmissionWebhook.
2025-01-30 18:27:37,313 INFO c.h.h.t.HelmChartContainer - [K3S] [plugins.go:160] Loaded 13 validating admission controller(s) successfully in the following order: LimitRanger,ServiceAccount,PodSecurity,Priority,PersistentVolumeClaimResize,RuntimeClass,CertificateApproval,CertificateSigning,ClusterTrustBundleAttest,CertificateSubjectRestriction,ValidatingAdmissionPolicy,ValidatingAdmissionWebhook,ResourceQuota.
2025-01-30 18:27:37,313 INFO c.h.h.t.HelmChartContainer - [K3S] [instance.go:233] Using reconciler: lease
2025-01-30 18:27:37,386 INFO c.h.h.t.HelmChartContainer - [K3S] [apis.go:106] API group "internal.apiserver.k8s.io" is not enabled, skipping.
2025-01-30 18:27:37,428 INFO c.h.h.t.HelmChartContainer - [K3S] [apis.go:106] API group "storagemigration.k8s.io" is not enabled, skipping.
2025-01-30 18:27:37,464 INFO c.h.h.t.HelmChartContainer - [K3S] [apis.go:106] API group "resource.k8s.io" is not enabled, skipping.
2025-01-30 18:27:37,678 INFO c.h.h.t.HelmChartContainer - [K3S] [INFO] Password verified locally for node c181d80517a6
2025-01-30 18:27:37,774 INFO c.h.h.t.HelmChartContainer - [K3S] [dynamic_cafile_content.go:161] "Starting controller" name="request-header::/var/lib/rancher/k3s/server/tls/request-header-ca.crt"
2025-01-30 18:27:37,775 INFO c.h.h.t.HelmChartContainer - [K3S] [dynamic_cafile_content.go:161] "Starting controller" name="client-ca-bundle::/var/lib/rancher/k3s/server/tls/client-ca.crt"
2025-01-30 18:27:37,776 INFO c.h.h.t.HelmChartContainer - [K3S] [secure_serving.go:213] Serving securely on 127.0.0.1:6444
2025-01-30 18:27:37,777 INFO c.h.h.t.HelmChartContainer - [K3S] [tlsconfig.go:243] "Starting DynamicServingCertificateController"
2025-01-30 18:27:37,777 INFO c.h.h.t.HelmChartContainer - [K3S] [dynamic_serving_content.go:135] "Starting controller" name="serving-cert::/var/lib/rancher/k3s/server/tls/serving-kube-apiserver.crt::/var/lib/rancher/k3s/server/tls/serving-kube-apiserver.key"
2025-01-30 18:27:37,777 INFO c.h.h.t.HelmChartContainer - [K3S] [apiservice_controller.go:100] Starting APIServiceRegistrationController
2025-01-30 18:27:37,777 INFO c.h.h.t.HelmChartContainer - [K3S] [local_available_controller.go:156] Starting LocalAvailability controller
2025-01-30 18:27:37,777 INFO c.h.h.t.HelmChartContainer - [K3S] [customresource_discovery_controller.go:292] Starting DiscoveryController
2025-01-30 18:27:37,777 INFO c.h.h.t.HelmChartContainer - [K3S] [gc_controller.go:78] Starting apiserver lease garbage collector
2025-01-30 18:27:37,777 INFO c.h.h.t.HelmChartContainer - [K3S] [cluster_authentication_trust_controller.go:462] Starting cluster_authentication_trust_controller controller
2025-01-30 18:27:37,777 INFO c.h.h.t.HelmChartContainer - [K3S] [controller.go:119] Starting legacy_token_tracking_controller
2025-01-30 18:27:37,778 INFO c.h.h.t.HelmChartContainer - [K3S] [controller.go:78] Starting OpenAPI AggregationController
2025-01-30 18:27:37,778 INFO c.h.h.t.HelmChartContainer - [K3S] [dynamic_serving_content.go:135] "Starting controller" name="aggregator-proxy-cert::/var/lib/rancher/k3s/server/tls/client-auth-proxy.crt::/var/lib/rancher/k3s/server/tls/client-auth-proxy.key"
2025-01-30 18:27:37,778 INFO c.h.h.t.HelmChartContainer - [K3S] [remote_available_controller.go:411] Starting RemoteAvailability controller
2025-01-30 18:27:37,778 INFO c.h.h.t.HelmChartContainer - [K3S] [aggregator.go:169] waiting for initial CRD sync...
2025-01-30 18:27:37,782 INFO c.h.h.t.HelmChartContainer - [K3S] [system_namespaces_controller.go:66] Starting system namespaces controller
2025-01-30 18:27:37,783 INFO c.h.h.t.HelmChartContainer - [K3S] [apf_controller.go:377] Starting API Priority and Fairness config controller
2025-01-30 18:27:37,783 INFO c.h.h.t.HelmChartContainer - [K3S] [controller.go:142] Starting OpenAPI controller
2025-01-30 18:27:37,783 INFO c.h.h.t.HelmChartContainer - [K3S] [controller.go:90] Starting OpenAPI V3 controller
2025-01-30 18:27:37,787 INFO c.h.h.t.HelmChartContainer - [K3S] [naming_controller.go:294] Starting NamingConditionController
2025-01-30 18:27:37,791 INFO c.h.h.t.HelmChartContainer - [K3S] [establishing_controller.go:81] Starting EstablishingController
2025-01-30 18:27:37,791 INFO c.h.h.t.HelmChartContainer - [K3S] [nonstructuralschema_controller.go:195] Starting NonStructuralSchemaConditionController
2025-01-30 18:27:37,791 INFO c.h.h.t.HelmChartContainer - [K3S] [apiapproval_controller.go:189] Starting KubernetesAPIApprovalPolicyConformantConditionController
2025-01-30 18:27:37,791 INFO c.h.h.t.HelmChartContainer - [K3S] [crd_finalizer.go:269] Starting CRDFinalizer
2025-01-30 18:27:37,791 INFO c.h.h.t.HelmChartContainer - [K3S] [crdregistration_controller.go:114] Starting crd-autoregister controller
2025-01-30 18:27:37,791 INFO c.h.h.t.HelmChartContainer - [K3S] [controller.go:80] Starting OpenAPI V3 AggregationController
2025-01-30 18:27:37,791 INFO c.h.h.t.HelmChartContainer - [K3S] [dynamic_cafile_content.go:161] "Starting controller" name="client-ca-bundle::/var/lib/rancher/k3s/server/tls/client-ca.crt"
2025-01-30 18:27:37,791 INFO c.h.h.t.HelmChartContainer - [K3S] [dynamic_cafile_content.go:161] "Starting controller" name="request-header::/var/lib/rancher/k3s/server/tls/request-header-ca.crt"
2025-01-30 18:27:37,813 INFO c.h.h.t.HelmChartContainer - [K3S] [policy_source.go:240] refreshing policies
2025-01-30 18:27:37,875 INFO c.h.h.t.HelmChartContainer - [K3S] [handler_discovery.go:451] Starting ResourceDiscoveryManager
2025-01-30 18:27:37,879 INFO c.h.h.t.HelmChartContainer - [K3S] [apf_controller.go:382] Running API Priority and Fairness config worker
2025-01-30 18:27:37,879 INFO c.h.h.t.HelmChartContainer - [K3S] [apf_controller.go:385] Running API Priority and Fairness periodic rebalancing process
2025-01-30 18:27:37,879 INFO c.h.h.t.HelmChartContainer - [K3S] [aggregator.go:171] initial CRD sync complete...
2025-01-30 18:27:37,879 INFO c.h.h.t.HelmChartContainer - [K3S] [autoregister_controller.go:144] Starting autoregister controller
2025-01-30 18:27:37,930 INFO c.h.h.t.HelmChartContainer - [K3S] [controller.go:95] Unable to perform initial Kubernetes service initialization: namespaces "default" not found
2025-01-30 18:27:38,207 INFO c.h.h.t.HelmChartContainer - [K3S] [WARNING] Host resolv.conf includes loopback or multicast nameservers - kubelet will use autogenerated resolv.conf with nameserver 8.8.8.8
2025-01-30 18:27:38,215 INFO c.h.h.t.HelmChartContainer - [K3S] [INFO] Module overlay was already loaded
2025-01-30 18:27:38,216 INFO c.h.h.t.HelmChartContainer - [K3S] [INFO] Module nf_conntrack was already loaded
2025-01-30 18:27:38,216 INFO c.h.h.t.HelmChartContainer - [K3S] [INFO] Module br_netfilter was already loaded
2025-01-30 18:27:38,220 INFO c.h.h.t.HelmChartContainer - [K3S] [INFO] Set sysctl 'net/netfilter/nf_conntrack_max' to 131072
2025-01-30 18:27:38,220 INFO c.h.h.t.HelmChartContainer - [K3S] [INFO] Set sysctl 'net/netfilter/nf_conntrack_tcp_timeout_established' to 86400
2025-01-30 18:27:38,220 INFO c.h.h.t.HelmChartContainer - [K3S] [INFO] Set sysctl 'net/netfilter/nf_conntrack_tcp_timeout_close_wait' to 3600
2025-01-30 18:27:38,222 INFO c.h.h.t.HelmChartContainer - [K3S] [INFO] Logging containerd to /var/lib/rancher/k3s/agent/containerd/containerd.log
2025-01-30 18:27:38,223 INFO c.h.h.t.HelmChartContainer - [K3S] [INFO] Running containerd -c /var/lib/rancher/k3s/agent/etc/containerd/config.toml -a /run/k3s/containerd/containerd.sock --state /run/k3s/containerd --root /var/lib/rancher/k3s/agent/containerd
2025-01-30 18:27:38,780 INFO c.h.h.t.HelmChartContainer - [K3S] [storage_scheduling.go:95] created PriorityClass system-node-critical with value 2000001000
2025-01-30 18:27:38,783 INFO c.h.h.t.HelmChartContainer - [K3S] [storage_scheduling.go:95] created PriorityClass system-cluster-critical with value 2000000000
2025-01-30 18:27:38,783 INFO c.h.h.t.HelmChartContainer - [K3S] [storage_scheduling.go:111] all system priority classes are created successfully or already exist.
2025-01-30 18:27:39,136 INFO c.h.h.t.HelmChartContainer - [K3S] [alloc.go:330] "allocated clusterIPs" service="default/kubernetes" clusterIPs={"IPv4":"10.43.0.1"}
2025-01-30 18:27:39,140 INFO c.h.h.t.HelmChartContainer - [K3S] [lease.go:265] Resetting endpoints for master service "kubernetes" to [172.18.0.2]
2025-01-30 18:27:39,227 INFO c.h.h.t.HelmChartContainer - [K3S] [INFO] containerd is now running
2025-01-30 18:27:39,233 INFO c.h.h.t.HelmChartContainer - [K3S] [INFO] Connecting to proxy" url="wss://127.0.0.1:6443/v1-k3s/connect
2025-01-30 18:27:39,233 INFO c.h.h.t.HelmChartContainer - [K3S] [INFO] Creating k3s-cert-monitor event broadcaster
2025-01-30 18:27:39,233 INFO c.h.h.t.HelmChartContainer - [K3S] [INFO] Running kubelet --cloud-provider=external --config-dir=/var/lib/rancher/k3s/agent/etc/kubelet.conf.d --containerd=/run/k3s/containerd/containerd.sock --hostname-override=c181d80517a6 --kubeconfig=/var/lib/rancher/k3s/agent/kubelet.kubeconfig --node-ip=172.18.0.2 --node-labels=
2025-01-30 18:27:39,234 INFO c.h.h.t.HelmChartContainer - [K3S] [INFO] Handling backend connection request [c181d80517a6]
2025-01-30 18:27:39,234 INFO c.h.h.t.HelmChartContainer - [K3S] [INFO] Remotedialer connected to proxy" url="wss://127.0.0.1:6443/v1-k3s/connect
2025-01-30 18:27:39,239 INFO c.h.h.t.HelmChartContainer - [K3S] Flag --containerd has been deprecated, This is a cadvisor flag that was mistakenly registered with the Kubelet. Due to legacy concerns, it will follow the standard CLI deprecation timeline before being removed.
2025-01-30 18:27:39,243 INFO c.h.h.t.HelmChartContainer - [K3S] [server.go:515] "Kubelet version" kubeletVersion="v1.32.1+k3s1"
2025-01-30 18:27:39,243 INFO c.h.h.t.HelmChartContainer - [K3S] [server.go:517] "Golang settings" GOGC="" GOMAXPROCS="" GOTRACEBACK=""
2025-01-30 18:27:39,245 INFO c.h.h.t.HelmChartContainer - [K3S] [dynamic_cafile_content.go:161] "Starting controller" name="client-ca-bundle::/var/lib/rancher/k3s/agent/client-ca.crt"
2025-01-30 18:27:39,250 INFO c.h.h.t.HelmChartContainer - [K3S] [log.go:32] "RuntimeConfig from runtime service failed" err="rpc error: code = Unimplemented desc = method RuntimeConfig not implemented"
2025-01-30 18:27:39,251 INFO c.h.h.t.HelmChartContainer - [K3S] [server.go:1416] "CRI implementation should be updated to support RuntimeConfig when KubeletCgroupDriverFromCRI feature gate has been enabled. Falling back to using cgroupDriver from kubelet config."
2025-01-30 18:27:39,255 INFO c.h.h.t.HelmChartContainer - [K3S] [info.go:53] Couldn't collect info from any of the files in "/etc/machine-id,/var/lib/dbus/machine-id"
2025-01-30 18:27:39,256 INFO c.h.h.t.HelmChartContainer - [K3S] [server.go:767] "--cgroups-per-qos enabled, but --cgroup-root was not specified.  defaulting to /"
2025-01-30 18:27:39,256 INFO c.h.h.t.HelmChartContainer - [K3S] [server.go:836] "NoSwap is set due to memorySwapBehavior not specified" memorySwapBehavior="" FailSwapOn=false
2025-01-30 18:27:39,256 INFO c.h.h.t.HelmChartContainer - [K3S] [swap_util.go:115] "Swap is on" /proc/swaps contents=<
2025-01-30 18:27:39,256 INFO c.h.h.t.HelmChartContainer - [K3S] 	Filename				Type		Size		Used		Priority
2025-01-30 18:27:39,256 INFO c.h.h.t.HelmChartContainer - [K3S] 	/mnt/swapfile                           file		4194300		0		-2
2025-01-30 18:27:39,257 INFO c.h.h.t.HelmChartContainer - [K3S]  >
2025-01-30 18:27:39,257 INFO c.h.h.t.HelmChartContainer - [K3S] [container_manager_linux.go:268] "Container manager verified user specified cgroup-root exists" cgroupRoot=[]
2025-01-30 18:27:39,258 INFO c.h.h.t.HelmChartContainer - [K3S] [container_manager_linux.go:273] "Creating Container Manager object based on Node Config" nodeConfig={"NodeName":"c181d80517a6","RuntimeCgroupsName":"","SystemCgroupsName":"","KubeletCgroupsName":"/k3s","KubeletOOMScoreAdj":-999,"ContainerRuntime":"","CgroupsPerQOS":true,"CgroupRoot":"/","CgroupDriver":"cgroupfs","KubeletRootDir":"/var/lib/kubelet","ProtectKernelDefaults":false,"KubeReservedCgroupName":"","SystemReservedCgroupName":"","ReservedSystemCPUs":{},"EnforceNodeAllocatable":{"pods":{}},"KubeReserved":null,"SystemReserved":null,"HardEvictionThresholds":[{"Signal":"nodefs.available","Operator":"LessThan","Value":{"Quantity":null,"Percentage":0.05},"GracePeriod":0,"MinReclaim":null},{"Signal":"imagefs.available","Operator":"LessThan","Value":{"Quantity":null,"Percentage":0.05},"GracePeriod":0,"MinReclaim":null}],"QOSReserved":{},"CPUManagerPolicy":"none","CPUManagerPolicyOptions":null,"TopologyManagerScope":"container","CPUManagerReconcilePeriod":10000000000,"ExperimentalMemoryManagerPolicy":"None","ExperimentalMemoryManagerReservedMemory":null,"PodPidsLimit":-1,"EnforceCPULimits":true,"CPUCFSQuotaPeriod":100000000,"TopologyManagerPolicy":"none","TopologyManagerPolicyOptions":null,"CgroupVersion":2}
2025-01-30 18:27:39,258 INFO c.h.h.t.HelmChartContainer - [K3S] [topology_manager.go:138] "Creating topology manager with none policy"
2025-01-30 18:27:39,258 INFO c.h.h.t.HelmChartContainer - [K3S] [container_manager_linux.go:304] "Creating device plugin manager"
2025-01-30 18:27:39,258 INFO c.h.h.t.HelmChartContainer - [K3S] [state_mem.go:36] "Initialized new in-memory state store"
2025-01-30 18:27:39,259 INFO c.h.h.t.HelmChartContainer - [K3S] [kubelet.go:446] "Attempting to sync node with API server"
2025-01-30 18:27:39,264 INFO c.h.h.t.HelmChartContainer - [K3S] [kubelet.go:341] "Adding static pod path" path="/var/lib/rancher/k3s/agent/pod-manifests"
2025-01-30 18:27:39,265 INFO c.h.h.t.HelmChartContainer - [K3S] [kubelet.go:352] "Adding apiserver pod source"
2025-01-30 18:27:39,265 INFO c.h.h.t.HelmChartContainer - [K3S] [apiserver.go:42] "Waiting for node sync before watching apiserver pods"
2025-01-30 18:27:39,265 INFO c.h.h.t.HelmChartContainer - [K3S] [apiserver.go:52] "Watching apiserver"
2025-01-30 18:27:39,265 INFO c.h.h.t.HelmChartContainer - [K3S] [kuberuntime_manager.go:269] "Container runtime initialized" containerRuntime="containerd" version="v1.7.23-k3s2" apiVersion="v1"
2025-01-30 18:27:39,266 INFO c.h.h.t.HelmChartContainer - [K3S] [kubelet.go:890] "Not starting ClusterTrustBundle informer because we are in static kubelet mode"
2025-01-30 18:27:39,266 INFO c.h.h.t.HelmChartContainer - [K3S] [probe.go:272] Flexvolume plugin directory at /usr/libexec/kubernetes/kubelet-plugins/volume/exec/ does not exist. Recreating.
2025-01-30 18:27:39,267 INFO c.h.h.t.HelmChartContainer - [K3S] [watchdog_linux.go:99] "Systemd watchdog is not enabled"
2025-01-30 18:27:39,267 INFO c.h.h.t.HelmChartContainer - [K3S] [server.go:1282] "Started kubelet"
2025-01-30 18:27:39,268 INFO c.h.h.t.HelmChartContainer - [K3S] [fs_resource_analyzer.go:67] "Starting FS ResourceAnalyzer"
2025-01-30 18:27:39,275 INFO c.h.h.t.HelmChartContainer - [K3S] [server.go:169] "Starting to listen" address="0.0.0.0" port=10250
2025-01-30 18:27:39,276 INFO c.h.h.t.HelmChartContainer - [K3S] [server.go:208] "Starting to listen read-only" address="0.0.0.0" port=10255
2025-01-30 18:27:39,279 INFO c.h.h.t.HelmChartContainer - [K3S] [server.go:490] "Adding debug handlers to kubelet server"
2025-01-30 18:27:39,279 INFO c.h.h.t.HelmChartContainer - [K3S] [ratelimit.go:55] "Setting rate limiting for endpoint" service="podresources" qps=100 burstTokens=10
2025-01-30 18:27:39,279 INFO c.h.h.t.HelmChartContainer - [K3S] [server.go:243] "Starting to serve the podresources API" endpoint="unix:/var/lib/kubelet/pod-resources/kubelet.sock"
2025-01-30 18:27:39,279 INFO c.h.h.t.HelmChartContainer - [K3S] [volume_manager.go:297] "Starting Kubelet Volume Manager"
2025-01-30 18:27:39,279 INFO c.h.h.t.HelmChartContainer - [K3S] [dynamic_serving_content.go:135] "Starting controller" name="kubelet-server-cert-files::/var/lib/rancher/k3s/agent/serving-kubelet.crt::/var/lib/rancher/k3s/agent/serving-kubelet.key"
2025-01-30 18:27:39,279 INFO c.h.h.t.HelmChartContainer - [K3S] [kubelet_node_status.go:467] "Error getting the current node from lister" err="node \"c181d80517a6\" not found"
2025-01-30 18:27:39,281 INFO c.h.h.t.HelmChartContainer - [K3S] [desired_state_of_world_populator.go:149] "Desired state populator starts to run"
2025-01-30 18:27:39,281 INFO c.h.h.t.HelmChartContainer - [K3S] [reconciler.go:26] "Reconciler: start to sync state"
2025-01-30 18:27:39,285 INFO c.h.h.t.HelmChartContainer - [K3S] [kubelet.go:1561] "Image garbage collection failed once. Stats initialization may not have completed yet" err="invalid capacity 0 on image filesystem"
2025-01-30 18:27:39,285 INFO c.h.h.t.HelmChartContainer - [K3S] [factory.go:221] Registration of the systemd container factory successfully
2025-01-30 18:27:39,285 INFO c.h.h.t.HelmChartContainer - [K3S] [factory.go:219] Registration of the crio container factory failed: Get "http://%2Fvar%2Frun%2Fcrio%2Fcrio.sock/info": dial unix /var/run/crio/crio.sock: connect: no such file or directory
2025-01-30 18:27:39,292 INFO c.h.h.t.HelmChartContainer - [K3S] [factory.go:221] Registration of the containerd container factory successfully
2025-01-30 18:27:39,293 INFO c.h.h.t.HelmChartContainer - [K3S] [nodelease.go:49] "Failed to get node when trying to set owner ref to the node lease" err="nodes \"c181d80517a6\" not found" node="c181d80517a6"
2025-01-30 18:27:39,306 INFO c.h.h.t.HelmChartContainer - [K3S] [kubelet_network_linux.go:50] "Initialized iptables rules." protocol="IPv4"
2025-01-30 18:27:39,308 INFO c.h.h.t.HelmChartContainer - [K3S] [kubelet_network_linux.go:50] "Initialized iptables rules." protocol="IPv6"
2025-01-30 18:27:39,308 INFO c.h.h.t.HelmChartContainer - [K3S] [status_manager.go:227] "Starting to sync pod status with apiserver"
2025-01-30 18:27:39,308 INFO c.h.h.t.HelmChartContainer - [K3S] [watchdog_linux.go:127] "Systemd watchdog is not enabled or the interval is invalid, so health checking will not be started."
2025-01-30 18:27:39,308 INFO c.h.h.t.HelmChartContainer - [K3S] [kubelet.go:2388] "Starting kubelet main sync loop"
2025-01-30 18:27:39,308 INFO c.h.h.t.HelmChartContainer - [K3S] [kubelet.go:2412] "Skipping pod synchronization" err="[container runtime status check may not have completed yet, PLEG is not healthy: pleg has yet to be successful]"
2025-01-30 18:27:39,334 INFO c.h.h.t.HelmChartContainer - [K3S] [cpu_manager.go:221] "Starting CPU manager" policy="none"
2025-01-30 18:27:39,334 INFO c.h.h.t.HelmChartContainer - [K3S] [cpu_manager.go:222] "Reconciling" reconcilePeriod="10s"
2025-01-30 18:27:39,334 INFO c.h.h.t.HelmChartContainer - [K3S] [state_mem.go:36] "Initialized new in-memory state store"
2025-01-30 18:27:39,334 INFO c.h.h.t.HelmChartContainer - [K3S] [policy_none.go:49] "None policy: Start"
2025-01-30 18:27:39,334 INFO c.h.h.t.HelmChartContainer - [K3S] [memory_manager.go:186] "Starting memorymanager" policy="None"
2025-01-30 18:27:39,334 INFO c.h.h.t.HelmChartContainer - [K3S] [state_mem.go:35] "Initializing new in-memory state store"
2025-01-30 18:27:39,337 INFO c.h.h.t.HelmChartContainer - [K3S] [manager.go:519] "Failed to read data from checkpoint" checkpoint="kubelet_internal_checkpoint" err="checkpoint is not found"
2025-01-30 18:27:39,337 INFO c.h.h.t.HelmChartContainer - [K3S] [eviction_manager.go:189] "Eviction manager: starting control loop"
2025-01-30 18:27:39,337 INFO c.h.h.t.HelmChartContainer - [K3S] [container_log_manager.go:189] "Initializing container log rotate workers" workers=1 monitorPeriod="10s"
2025-01-30 18:27:39,338 INFO c.h.h.t.HelmChartContainer - [K3S] [plugin_manager.go:118] "Starting Kubelet Plugin Manager"
2025-01-30 18:27:39,340 INFO c.h.h.t.HelmChartContainer - [K3S] [eviction_manager.go:267] "eviction manager: failed to check if we have separate container filesystem. Ignoring." err="no imagefs label for configured runtime"
2025-01-30 18:27:39,341 INFO c.h.h.t.HelmChartContainer - [K3S] [eviction_manager.go:292] "Eviction manager: failed to get summary stats" err="failed to get node info: node \"c181d80517a6\" not found"
2025-01-30 18:27:39,400 INFO c.h.h.t.HelmChartContainer - [K3S] [ERROR] Sending HTTP/1.1 503 response to 127.0.0.1:57748: runtime core not ready
2025-01-30 18:27:39,448 INFO c.h.h.t.HelmChartContainer - [K3S] [kubelet_node_status.go:76] "Attempting to register node" node="c181d80517a6"
2025-01-30 18:27:39,457 INFO c.h.h.t.HelmChartContainer - [K3S] [kubelet_node_status.go:79] "Successfully registered node" node="c181d80517a6"
2025-01-30 18:27:39,457 INFO c.h.h.t.HelmChartContainer - [K3S] [kubelet_node_status.go:549] "Error updating node status, will retry" err="error getting node \"c181d80517a6\": node \"c181d80517a6\" not found"
2025-01-30 18:27:39,469 INFO c.h.h.t.HelmChartContainer - [K3S] [INFO] Annotations and labels have been set successfully on node: c181d80517a6
2025-01-30 18:27:39,470 INFO c.h.h.t.HelmChartContainer - [K3S] [INFO] Starting flannel with backend vxlan
2025-01-30 18:27:39,481 INFO c.h.h.t.HelmChartContainer - [K3S] [desired_state_of_world_populator.go:157] "Finished populating initial desired state of world"
2025-01-30 18:27:39,533 INFO c.h.h.t.HelmChartContainer - [K3S] [INFO] Running kube-proxy --cluster-cidr=10.42.0.0/16 --conntrack-max-per-core=0 --conntrack-tcp-timeout-close-wait=0s --conntrack-tcp-timeout-established=0s --healthz-bind-address=127.0.0.1 --hostname-override=c181d80517a6 --kubeconfig=/var/lib/rancher/k3s/agent/kubeproxy.kubeconfig --proxy-mode=iptables
2025-01-30 18:27:39,582 INFO c.h.h.t.HelmChartContainer - [K3S] [server.go:698] "Successfully retrieved node IP(s)" IPs=["172.18.0.2"]
2025-01-30 18:27:39,583 INFO c.h.h.t.HelmChartContainer - [K3S] [server.go:234] "Kube-proxy configuration may be incomplete or incorrect" err="nodePortAddresses is unset; NodePort connections will be accepted on all local IPs. Consider using `--nodeport-addresses primary`"
2025-01-30 18:27:39,585 INFO c.h.h.t.HelmChartContainer - [K3S] [server.go:243] "kube-proxy running in dual-stack mode" primary ipFamily="IPv4"
2025-01-30 18:27:39,586 INFO c.h.h.t.HelmChartContainer - [K3S] [server_linux.go:170] "Using iptables Proxier"
2025-01-30 18:27:39,587 INFO c.h.h.t.HelmChartContainer - [K3S] [proxier.go:255] "Setting route_localnet=1 to allow node-ports on localhost; to change this either disable iptables.localhostNodePorts (--iptables-localhost-nodeports) or set nodePortAddresses (--nodeport-addresses) to filter loopback addresses"
2025-01-30 18:27:39,590 INFO c.h.h.t.HelmChartContainer - [K3S] [server.go:497] "Version info" version="v1.32.1+k3s1"
2025-01-30 18:27:39,591 INFO c.h.h.t.HelmChartContainer - [K3S] [server.go:499] "Golang settings" GOGC="" GOMAXPROCS="" GOTRACEBACK=""
2025-01-30 18:27:39,594 INFO c.h.h.t.HelmChartContainer - [K3S] [config.go:199] "Starting service config controller"
2025-01-30 18:27:39,594 INFO c.h.h.t.HelmChartContainer - [K3S] [config.go:105] "Starting endpoint slice config controller"
2025-01-30 18:27:39,594 INFO c.h.h.t.HelmChartContainer - [K3S] [config.go:329] "Starting node config controller"
2025-01-30 18:27:39,675 INFO c.h.h.t.HelmChartContainer - [K3S] [kubelet_node_status.go:502] "Fast updating node status as it just became ready"
2025-01-30 18:27:40,067 INFO c.h.h.t.HelmChartContainer - [K3S] [INFO] Waiting for untainted node
2025-01-30 18:27:40,067 INFO c.h.h.t.HelmChartContainer - [K3S] [INFO] Kube API server is now running
2025-01-30 18:27:40,067 INFO c.h.h.t.HelmChartContainer - [K3S] [INFO] ETCD server is now running
2025-01-30 18:27:40,067 INFO c.h.h.t.HelmChartContainer - [K3S] [INFO] k3s is up and running
2025-01-30 18:27:40,067 INFO c.h.h.t.HelmChartContainer - [K3S] [INFO] Waiting for cloud-controller-manager privileges to become available
2025-01-30 18:27:40,070 INFO c.h.h.t.HelmChartContainer - [K3S] [INFO] Creating k3s-supervisor event broadcaster
2025-01-30 18:27:40,074 INFO c.h.h.t.HelmChartContainer - [K3S] [INFO] Applying CRD addons.k3s.cattle.io
2025-01-30 18:27:40,083 INFO c.h.h.t.HelmChartContainer - [K3S] [INFO] Applying CRD etcdsnapshotfiles.k3s.cattle.io
2025-01-30 18:27:40,099 INFO c.h.h.t.HelmChartContainer - [K3S] [INFO] Applying CRD helmcharts.helm.cattle.io
2025-01-30 18:27:40,113 INFO c.h.h.t.HelmChartContainer - [K3S] [INFO] Applying CRD helmchartconfigs.helm.cattle.io
2025-01-30 18:27:40,128 INFO c.h.h.t.HelmChartContainer - [K3S] [INFO] Waiting for CRD helmcharts.helm.cattle.io to become available
2025-01-30 18:27:40,375 INFO c.h.h.t.HelmChartContainer - [K3S] [serving.go:392] Generated self-signed cert in-memory
2025-01-30 18:27:40,527 INFO c.h.h.t.HelmChartContainer - [K3S] [controllermanager.go:185] "Starting" version="v1.32.1+k3s1"
2025-01-30 18:27:40,527 INFO c.h.h.t.HelmChartContainer - [K3S] [controllermanager.go:187] "Golang settings" GOGC="" GOMAXPROCS="" GOTRACEBACK=""
2025-01-30 18:27:40,530 INFO c.h.h.t.HelmChartContainer - [K3S] [requestheader_controller.go:180] Starting RequestHeaderAuthRequestController
2025-01-30 18:27:40,530 INFO c.h.h.t.HelmChartContainer - [K3S] [configmap_cafile_content.go:205] "Starting controller" name="client-ca::kube-system::extension-apiserver-authentication::client-ca-file"
2025-01-30 18:27:40,530 INFO c.h.h.t.HelmChartContainer - [K3S] [configmap_cafile_content.go:205] "Starting controller" name="client-ca::kube-system::extension-apiserver-authentication::requestheader-client-ca-file"
2025-01-30 18:27:40,530 INFO c.h.h.t.HelmChartContainer - [K3S] [secure_serving.go:213] Serving securely on 127.0.0.1:10257
2025-01-30 18:27:40,530 INFO c.h.h.t.HelmChartContainer - [K3S] [tlsconfig.go:243] "Starting DynamicServingCertificateController"
2025-01-30 18:27:40,536 INFO c.h.h.t.HelmChartContainer - [K3S] [controllermanager.go:765] "Started controller" controller="serviceaccount-token-controller"
2025-01-30 18:27:40,542 INFO c.h.h.t.HelmChartContainer - [K3S] [controllermanager.go:765] "Started controller" controller="statefulset-controller"
2025-01-30 18:27:40,543 INFO c.h.h.t.HelmChartContainer - [K3S] [stateful_set.go:166] "Starting stateful set controller"
2025-01-30 18:27:40,548 INFO c.h.h.t.HelmChartContainer - [K3S] [controllermanager.go:765] "Started controller" controller="ttl-controller"
2025-01-30 18:27:40,548 INFO c.h.h.t.HelmChartContainer - [K3S] [controllermanager.go:723] "Skipping a cloud provider controller" controller="service-lb-controller"
2025-01-30 18:27:40,548 INFO c.h.h.t.HelmChartContainer - [K3S] [controllermanager.go:723] "Skipping a cloud provider controller" controller="cloud-node-lifecycle-controller"
2025-01-30 18:27:40,549 INFO c.h.h.t.HelmChartContainer - [K3S] [ttl_controller.go:127] "Starting TTL controller"
2025-01-30 18:27:40,554 INFO c.h.h.t.HelmChartContainer - [K3S] [controllermanager.go:765] "Started controller" controller="persistentvolume-binder-controller"
2025-01-30 18:27:40,554 INFO c.h.h.t.HelmChartContainer - [K3S] [pv_controller_base.go:308] "Starting persistent volume controller"
2025-01-30 18:27:40,560 INFO c.h.h.t.HelmChartContainer - [K3S] [controllermanager.go:765] "Started controller" controller="deployment-controller"
2025-01-30 18:27:40,560 INFO c.h.h.t.HelmChartContainer - [K3S] [deployment_controller.go:173] "Starting controller" controller="deployment"
2025-01-30 18:27:40,568 INFO c.h.h.t.HelmChartContainer - [K3S] [graph_builder.go:351] "Running" component="GraphBuilder"
2025-01-30 18:27:40,569 INFO c.h.h.t.HelmChartContainer - [K3S] [controllermanager.go:765] "Started controller" controller="garbage-collector-controller"
2025-01-30 18:27:40,577 INFO c.h.h.t.HelmChartContainer - [K3S] [controllermanager.go:765] "Started controller" controller="endpoints-controller"
2025-01-30 18:27:40,577 INFO c.h.h.t.HelmChartContainer - [K3S] [endpoints_controller.go:182] "Starting endpoint controller"
2025-01-30 18:27:40,583 INFO c.h.h.t.HelmChartContainer - [K3S] [controllermanager.go:765] "Started controller" controller="endpointslice-mirroring-controller"
2025-01-30 18:27:40,583 INFO c.h.h.t.HelmChartContainer - [K3S] [endpointslicemirroring_controller.go:227] "Starting EndpointSliceMirroring controller"
2025-01-30 18:27:40,598 INFO c.h.h.t.HelmChartContainer - [K3S] [controllermanager.go:765] "Started controller" controller="resourcequota-controller"
2025-01-30 18:27:40,598 INFO c.h.h.t.HelmChartContainer - [K3S] [resource_quota_controller.go:300] "Starting resource quota controller"
2025-01-30 18:27:40,632 INFO c.h.h.t.HelmChartContainer - [K3S] [INFO] Done waiting for CRD helmcharts.helm.cattle.io to become available
2025-01-30 18:27:40,632 INFO c.h.h.t.HelmChartContainer - [K3S] [INFO] Waiting for CRD helmchartconfigs.helm.cattle.io to become available
2025-01-30 18:27:40,788 INFO c.h.h.t.HelmChartContainer - [K3S] [controllermanager.go:765] "Started controller" controller="disruption-controller"
2025-01-30 18:27:40,788 INFO c.h.h.t.HelmChartContainer - [K3S] [disruption.go:452] "Sending events to api server."
2025-01-30 18:27:40,788 INFO c.h.h.t.HelmChartContainer - [K3S] [disruption.go:463] "Starting disruption controller"
2025-01-30 18:27:40,940 INFO c.h.h.t.HelmChartContainer - [K3S] [certificate_controller.go:120] "Starting certificate controller" name="csrsigning-kubelet-serving"
2025-01-30 18:27:40,940 INFO c.h.h.t.HelmChartContainer - [K3S] [dynamic_serving_content.go:135] "Starting controller" name="csr-controller::/var/lib/rancher/k3s/server/tls/server-ca.nochain.crt::/var/lib/rancher/k3s/server/tls/server-ca.key"
2025-01-30 18:27:40,940 INFO c.h.h.t.HelmChartContainer - [K3S] [certificate_controller.go:120] "Starting certificate controller" name="csrsigning-kubelet-client"
2025-01-30 18:27:40,940 INFO c.h.h.t.HelmChartContainer - [K3S] [dynamic_serving_content.go:135] "Starting controller" name="csr-controller::/var/lib/rancher/k3s/server/tls/client-ca.nochain.crt::/var/lib/rancher/k3s/server/tls/client-ca.key"
2025-01-30 18:27:40,940 INFO c.h.h.t.HelmChartContainer - [K3S] [certificate_controller.go:120] "Starting certificate controller" name="csrsigning-kube-apiserver-client"
2025-01-30 18:27:40,940 INFO c.h.h.t.HelmChartContainer - [K3S] [dynamic_serving_content.go:135] "Starting controller" name="csr-controller::/var/lib/rancher/k3s/server/tls/client-ca.nochain.crt::/var/lib/rancher/k3s/server/tls/client-ca.key"
2025-01-30 18:27:40,940 INFO c.h.h.t.HelmChartContainer - [K3S] [controllermanager.go:765] "Started controller" controller="certificatesigningrequest-signing-controller"
2025-01-30 18:27:40,940 INFO c.h.h.t.HelmChartContainer - [K3S] [certificate_controller.go:120] "Starting certificate controller" name="csrsigning-legacy-unknown"
2025-01-30 18:27:40,940 INFO c.h.h.t.HelmChartContainer - [K3S] [dynamic_serving_content.go:135] "Starting controller" name="csr-controller::/var/lib/rancher/k3s/server/tls/server-ca.nochain.crt::/var/lib/rancher/k3s/server/tls/server-ca.key"
2025-01-30 18:27:40,988 INFO c.h.h.t.HelmChartContainer - [K3S] [controllermanager.go:765] "Started controller" controller="certificatesigningrequest-approving-controller"
2025-01-30 18:27:40,988 INFO c.h.h.t.HelmChartContainer - [K3S] [certificate_controller.go:120] "Starting certificate controller" name="csrapproving"
2025-01-30 18:27:41,135 INFO c.h.h.t.HelmChartContainer - [K3S] [INFO] Done waiting for CRD helmchartconfigs.helm.cattle.io to become available
2025-01-30 18:27:41,136 INFO c.h.h.t.HelmChartContainer - [K3S] [INFO] Writing static file: /var/lib/rancher/k3s/server/static/charts/traefik-crd-27.0.201+up27.0.2.tgz
2025-01-30 18:27:41,137 INFO c.h.h.t.HelmChartContainer - [K3S] [INFO] Writing static file: /var/lib/rancher/k3s/server/static/charts/traefik-27.0.201+up27.0.2.tgz
2025-01-30 18:27:41,139 INFO c.h.h.t.HelmChartContainer - [K3S] [INFO] Writing manifest: /var/lib/rancher/k3s/server/manifests/runtimes.yaml
2025-01-30 18:27:41,139 INFO c.h.h.t.HelmChartContainer - [K3S] [INFO] Writing manifest: /var/lib/rancher/k3s/server/manifests/local-storage.yaml
2025-01-30 18:27:41,140 INFO c.h.h.t.HelmChartContainer - [K3S] [INFO] Writing manifest: /var/lib/rancher/k3s/server/manifests/metrics-server/resource-reader.yaml
2025-01-30 18:27:41,140 INFO c.h.h.t.HelmChartContainer - [K3S] [INFO] Writing manifest: /var/lib/rancher/k3s/server/manifests/rolebindings.yaml
2025-01-30 18:27:41,140 INFO c.h.h.t.HelmChartContainer - [K3S] [INFO] Writing manifest: /var/lib/rancher/k3s/server/manifests/metrics-server/auth-delegator.yaml
2025-01-30 18:27:41,141 INFO c.h.h.t.HelmChartContainer - [K3S] [INFO] Writing manifest: /var/lib/rancher/k3s/server/manifests/metrics-server/auth-reader.yaml
2025-01-30 18:27:41,141 INFO c.h.h.t.HelmChartContainer - [K3S] [INFO] Writing manifest: /var/lib/rancher/k3s/server/manifests/metrics-server/metrics-apiservice.yaml
2025-01-30 18:27:41,141 INFO c.h.h.t.HelmChartContainer - [K3S] [INFO] Writing manifest: /var/lib/rancher/k3s/server/manifests/metrics-server/metrics-server-deployment.yaml
2025-01-30 18:27:41,141 INFO c.h.h.t.HelmChartContainer - [K3S] [INFO] Writing manifest: /var/lib/rancher/k3s/server/manifests/metrics-server/metrics-server-service.yaml
2025-01-30 18:27:41,141 INFO c.h.h.t.HelmChartContainer - [K3S] [INFO] Writing manifest: /var/lib/rancher/k3s/server/manifests/ccm.yaml
2025-01-30 18:27:41,141 INFO c.h.h.t.HelmChartContainer - [K3S] [INFO] Writing manifest: /var/lib/rancher/k3s/server/manifests/coredns.yaml
2025-01-30 18:27:41,141 INFO c.h.h.t.HelmChartContainer - [K3S] [INFO] Writing manifest: /var/lib/rancher/k3s/server/manifests/metrics-server/aggregated-metrics-reader.yaml
2025-01-30 18:27:41,141 INFO c.h.h.t.HelmChartContainer - [K3S] [INFO] Starting dynamiclistener CN filter node controller with SANs: [localhost 127.0.0.1 ::1 localhost c181d80517a6 172.18.0.2 10.43.0.1 kubernetes kubernetes.default kubernetes.default.svc kubernetes.default.svc.cluster.local]
2025-01-30 18:27:41,141 INFO c.h.h.t.HelmChartContainer - [K3S] [INFO] Tunnel server egress proxy mode: agent
2025-01-30 18:27:41,141 INFO c.h.h.t.HelmChartContainer - [K3S] [tokencleaner.go:117] "Starting token cleaner controller"
2025-01-30 18:27:41,141 INFO c.h.h.t.HelmChartContainer - [K3S] [controllermanager.go:765] "Started controller" controller="token-cleaner-controller"
2025-01-30 18:27:41,245 INFO c.h.h.t.HelmChartContainer - [K3S] [INFO] Starting k3s.cattle.io/v1, Kind=Addon controller
2025-01-30 18:27:41,245 INFO c.h.h.t.HelmChartContainer - [K3S] [INFO] Creating deploy event broadcaster
2025-01-30 18:27:41,347 INFO c.h.h.t.HelmChartContainer - [K3S] [INFO] Starting /v1, Kind=Node controller
2025-01-30 18:27:41,351 INFO c.h.h.t.HelmChartContainer - [K3S] [INFO] Creating helm-controller event broadcaster
2025-01-30 18:27:41,359 INFO c.h.h.t.HelmChartContainer - [K3S] [INFO] Cluster dns configmap has been set successfully
2025-01-30 18:27:41,391 INFO c.h.h.t.HelmChartContainer - [K3S] [range_allocator.go:112] "No Secondary Service CIDR provided. Skipping filtering out secondary service addresses"
2025-01-30 18:27:41,391 INFO c.h.h.t.HelmChartContainer - [K3S] [controllermanager.go:765] "Started controller" controller="node-ipam-controller"
2025-01-30 18:27:41,391 INFO c.h.h.t.HelmChartContainer - [K3S] [node_ipam_controller.go:141] "Starting ipam controller"
2025-01-30 18:27:41,458 INFO c.h.h.t.HelmChartContainer - [K3S] [INFO] Starting helm.cattle.io/v1, Kind=HelmChartConfig controller
2025-01-30 18:27:41,458 INFO c.h.h.t.HelmChartContainer - [K3S] [INFO] Starting helm.cattle.io/v1, Kind=HelmChart controller
2025-01-30 18:27:41,461 INFO c.h.h.t.HelmChartContainer - [K3S] [INFO] Starting rbac.authorization.k8s.io/v1, Kind=ClusterRoleBinding controller
2025-01-30 18:27:41,463 INFO c.h.h.t.HelmChartContainer - [K3S] [INFO] Starting batch/v1, Kind=Job controller
2025-01-30 18:27:41,463 INFO c.h.h.t.HelmChartContainer - [K3S] [INFO] Starting /v1, Kind=Secret controller
2025-01-30 18:27:41,463 INFO c.h.h.t.HelmChartContainer - [K3S] [INFO] Starting /v1, Kind=ConfigMap controller
2025-01-30 18:27:41,463 INFO c.h.h.t.HelmChartContainer - [K3S] [INFO] Starting /v1, Kind=ServiceAccount controller
2025-01-30 18:27:41,539 INFO c.h.h.t.HelmChartContainer - [K3S] [controllermanager.go:765] "Started controller" controller="endpointslice-controller"
2025-01-30 18:27:41,539 INFO c.h.h.t.HelmChartContainer - [K3S] [controllermanager.go:717] "Controller is disabled by a feature gate" controller="resourceclaim-controller" requiredFeatureGates=["DynamicResourceAllocation"]
2025-01-30 18:27:41,539 INFO c.h.h.t.HelmChartContainer - [K3S] [controllermanager.go:743] "Warning: skipping controller" controller="storage-version-migrator-controller"
2025-01-30 18:27:41,539 INFO c.h.h.t.HelmChartContainer - [K3S] [endpointslice_controller.go:281] "Starting endpoint slice controller"
2025-01-30 18:27:41,689 INFO c.h.h.t.HelmChartContainer - [K3S] [controllermanager.go:765] "Started controller" controller="persistentvolume-attach-detach-controller"
2025-01-30 18:27:41,689 INFO c.h.h.t.HelmChartContainer - [K3S] [attach_detach_controller.go:338] "Starting attach detach controller"
2025-01-30 18:27:41,739 INFO c.h.h.t.HelmChartContainer - [K3S] [node_lifecycle_controller.go:432] "Controller will reconcile labels"
2025-01-30 18:27:41,739 INFO c.h.h.t.HelmChartContainer - [K3S] [controllermanager.go:765] "Started controller" controller="node-lifecycle-controller"
2025-01-30 18:27:41,739 INFO c.h.h.t.HelmChartContainer - [K3S] [node_lifecycle_controller.go:466] "Sending events to api server"
2025-01-30 18:27:41,739 INFO c.h.h.t.HelmChartContainer - [K3S] [node_lifecycle_controller.go:477] "Starting node controller"
2025-01-30 18:27:41,888 INFO c.h.h.t.HelmChartContainer - [K3S] [controllermanager.go:765] "Started controller" controller="persistentvolume-expander-controller"
2025-01-30 18:27:41,889 INFO c.h.h.t.HelmChartContainer - [K3S] [expand_controller.go:329] "Starting expand controller"
2025-01-30 18:27:41,899 INFO c.h.h.t.HelmChartContainer - [K3S] [INFO] Updating TLS secret for kube-system/k3s-serving (count: 10): map[listener.cattle.io/cn-10.43.0.1:10.43.0.1 listener.cattle.io/cn-127.0.0.1:127.0.0.1 listener.cattle.io/cn-172.18.0.2:172.18.0.2 listener.cattle.io/cn-__1-f16284:::1 listener.cattle.io/cn-c181d80517a6:c181d80517a6 listener.cattle.io/cn-kubernetes:kubernetes listener.cattle.io/cn-kubernetes.default:kubernetes.default listener.cattle.io/cn-kubernetes.default.svc:kubernetes.default.svc listener.cattle.io/cn-kubernetes.default.svc.cluster.local:kubernetes.default.svc.cluster.local listener.cattle.io/cn-localhost:localhost listener.cattle.io/fingerprint:SHA1=0CC9A543832422B3786E09102FC820034860EFE7]
2025-01-30 18:27:41,901 INFO c.h.h.t.HelmChartContainer - [K3S] [INFO] Active TLS secret kube-system/k3s-serving (ver=244) (count 10): map[listener.cattle.io/cn-10.43.0.1:10.43.0.1 listener.cattle.io/cn-127.0.0.1:127.0.0.1 listener.cattle.io/cn-172.18.0.2:172.18.0.2 listener.cattle.io/cn-__1-f16284:::1 listener.cattle.io/cn-c181d80517a6:c181d80517a6 listener.cattle.io/cn-kubernetes:kubernetes listener.cattle.io/cn-kubernetes.default:kubernetes.default listener.cattle.io/cn-kubernetes.default.svc:kubernetes.default.svc listener.cattle.io/cn-kubernetes.default.svc.cluster.local:kubernetes.default.svc.cluster.local listener.cattle.io/cn-localhost:localhost listener.cattle.io/fingerprint:SHA1=0CC9A543832422B3786E09102FC820034860EFE7]
2025-01-30 18:27:41,997 INFO c.h.h.t.HelmChartContainer - [K3S] [INFO] Updating TLS secret for kube-system/k3s-serving (count: 10): map[listener.cattle.io/cn-10.43.0.1:10.43.0.1 listener.cattle.io/cn-127.0.0.1:127.0.0.1 listener.cattle.io/cn-172.18.0.2:172.18.0.2 listener.cattle.io/cn-__1-f16284:::1 listener.cattle.io/cn-c181d80517a6:c181d80517a6 listener.cattle.io/cn-kubernetes:kubernetes listener.cattle.io/cn-kubernetes.default:kubernetes.default listener.cattle.io/cn-kubernetes.default.svc:kubernetes.default.svc listener.cattle.io/cn-kubernetes.default.svc.cluster.local:kubernetes.default.svc.cluster.local listener.cattle.io/cn-localhost:localhost listener.cattle.io/fingerprint:SHA1=0CC9A543832422B3786E09102FC820034860EFE7]
2025-01-30 18:27:42,188 INFO c.h.h.t.HelmChartContainer - [K3S] [controllermanager.go:765] "Started controller" controller="horizontal-pod-autoscaler-controller"
2025-01-30 18:27:42,188 INFO c.h.h.t.HelmChartContainer - [K3S] [horizontal.go:201] "Starting HPA controller"
2025-01-30 18:27:42,339 INFO c.h.h.t.HelmChartContainer - [K3S] [controllermanager.go:765] "Started controller" controller="replicaset-controller"
2025-01-30 18:27:42,339 INFO c.h.h.t.HelmChartContainer - [K3S] [replica_set.go:217] "Starting controller" name="replicaset"
2025-01-30 18:27:42,375 INFO c.h.h.t.HelmChartContainer - [K3S] [INFO] Labels and annotations have been set successfully on node: c181d80517a6
2025-01-30 18:27:42,490 INFO c.h.h.t.HelmChartContainer - [K3S] [controllermanager.go:765] "Started controller" controller="clusterrole-aggregation-controller"
2025-01-30 18:27:42,490 INFO c.h.h.t.HelmChartContainer - [K3S] [clusterroleaggregation_controller.go:194] "Starting ClusterRoleAggregator controller"
2025-01-30 18:27:42,639 INFO c.h.h.t.HelmChartContainer - [K3S] [controllermanager.go:765] "Started controller" controller="persistentvolumeclaim-protection-controller"
2025-01-30 18:27:42,640 INFO c.h.h.t.HelmChartContainer - [K3S] [pvc_protection_controller.go:168] "Starting PVC protection controller"
2025-01-30 18:27:42,790 INFO c.h.h.t.HelmChartContainer - [K3S] [controllermanager.go:765] "Started controller" controller="root-ca-certificate-publisher-controller"
2025-01-30 18:27:42,790 INFO c.h.h.t.HelmChartContainer - [K3S] [publisher.go:107] "Starting root CA cert publisher controller"
2025-01-30 18:27:42,793 INFO c.h.h.t.HelmChartContainer - [K3S] [event.go:389] "Event occurred" object="c181d80517a6" fieldPath="" kind="Node" apiVersion="" type="Normal" reason="NodePasswordValidationComplete" message="Deferred node password secret validation complete"
2025-01-30 18:27:43,042 INFO c.h.h.t.HelmChartContainer - [K3S] [controllermanager.go:765] "Started controller" controller="namespace-controller"
2025-01-30 18:27:43,043 INFO c.h.h.t.HelmChartContainer - [K3S] [namespace_controller.go:202] "Starting namespace controller"
2025-01-30 18:27:43,189 INFO c.h.h.t.HelmChartContainer - [K3S] [controllermanager.go:765] "Started controller" controller="cronjob-controller"
2025-01-30 18:27:43,189 INFO c.h.h.t.HelmChartContainer - [K3S] [cronjob_controllerv2.go:145] "Starting cronjob controller v2"
2025-01-30 18:27:43,251 INFO c.h.h.t.HelmChartContainer - [K3S] [event.go:389] "Event occurred" object="kube-system/ccm" fieldPath="" kind="Addon" apiVersion="k3s.cattle.io/v1" type="Normal" reason="ApplyingManifest" message="Applying manifest at \"/var/lib/rancher/k3s/server/manifests/ccm.yaml\""
2025-01-30 18:27:43,268 INFO c.h.h.t.HelmChartContainer - [K3S] [event.go:389] "Event occurred" object="kube-system/ccm" fieldPath="" kind="Addon" apiVersion="k3s.cattle.io/v1" type="Normal" reason="AppliedManifest" message="Applied manifest at \"/var/lib/rancher/k3s/server/manifests/ccm.yaml\""
2025-01-30 18:27:43,277 INFO c.h.h.t.HelmChartContainer - [K3S] [event.go:389] "Event occurred" object="kube-system/coredns" fieldPath="" kind="Addon" apiVersion="k3s.cattle.io/v1" type="Normal" reason="ApplyingManifest" message="Applying manifest at \"/var/lib/rancher/k3s/server/manifests/coredns.yaml\""
2025-01-30 18:27:43,339 INFO c.h.h.t.HelmChartContainer - [K3S] [controllermanager.go:765] "Started controller" controller="persistentvolume-protection-controller"
2025-01-30 18:27:43,340 INFO c.h.h.t.HelmChartContainer - [K3S] [pv_protection_controller.go:81] "Starting PV protection controller"
2025-01-30 18:27:43,384 INFO c.h.h.t.HelmChartContainer - [K3S] [alloc.go:330] "allocated clusterIPs" service="kube-system/kube-dns" clusterIPs={"IPv4":"10.43.0.10"}
2025-01-30 18:27:43,386 INFO c.h.h.t.HelmChartContainer - [K3S] [event.go:389] "Event occurred" object="kube-system/coredns" fieldPath="" kind="Addon" apiVersion="k3s.cattle.io/v1" type="Normal" reason="AppliedManifest" message="Applied manifest at \"/var/lib/rancher/k3s/server/manifests/coredns.yaml\""
2025-01-30 18:27:43,403 INFO c.h.h.t.HelmChartContainer - [K3S] [event.go:389] "Event occurred" object="kube-system/local-storage" fieldPath="" kind="Addon" apiVersion="k3s.cattle.io/v1" type="Normal" reason="ApplyingManifest" message="Applying manifest at \"/var/lib/rancher/k3s/server/manifests/local-storage.yaml\""
2025-01-30 18:27:43,484 INFO c.h.h.t.HelmChartContainer - [K3S] [event.go:389] "Event occurred" object="kube-system/local-storage" fieldPath="" kind="Addon" apiVersion="k3s.cattle.io/v1" type="Normal" reason="AppliedManifest" message="Applied manifest at \"/var/lib/rancher/k3s/server/manifests/local-storage.yaml\""
2025-01-30 18:27:43,488 INFO c.h.h.t.HelmChartContainer - [K3S] [controllermanager.go:765] "Started controller" controller="legacy-serviceaccount-token-cleaner-controller"
2025-01-30 18:27:43,489 INFO c.h.h.t.HelmChartContainer - [K3S] [legacy_serviceaccount_token_cleaner.go:103] "Starting legacy service account token cleaner controller"
2025-01-30 18:27:43,490 INFO c.h.h.t.HelmChartContainer - [K3S] [event.go:389] "Event occurred" object="kube-system/aggregated-metrics-reader" fieldPath="" kind="Addon" apiVersion="k3s.cattle.io/v1" type="Normal" reason="ApplyingManifest" message="Applying manifest at \"/var/lib/rancher/k3s/server/manifests/metrics-server/aggregated-metrics-reader.yaml\""
2025-01-30 18:27:43,538 INFO c.h.h.t.HelmChartContainer - [K3S] [controllermanager.go:765] "Started controller" controller="taint-eviction-controller"
2025-01-30 18:27:43,538 INFO c.h.h.t.HelmChartContainer - [K3S] [controllermanager.go:717] "Controller is disabled by a feature gate" controller="service-cidr-controller" requiredFeatureGates=["MultiCIDRServiceAllocator"]
2025-01-30 18:27:43,538 INFO c.h.h.t.HelmChartContainer - [K3S] [controllermanager.go:717] "Controller is disabled by a feature gate" controller="selinux-warning-controller" requiredFeatureGates=["SELinuxChangePolicy"]
2025-01-30 18:27:43,538 INFO c.h.h.t.HelmChartContainer - [K3S] [taint_eviction.go:281] "Starting" controller="taint-eviction-controller"
2025-01-30 18:27:43,538 INFO c.h.h.t.HelmChartContainer - [K3S] [taint_eviction.go:287] "Sending events to api server"
2025-01-30 18:27:43,556 INFO c.h.h.t.HelmChartContainer - [K3S] [event.go:389] "Event occurred" object="kube-system/aggregated-metrics-reader" fieldPath="" kind="Addon" apiVersion="k3s.cattle.io/v1" type="Normal" reason="AppliedManifest" message="Applied manifest at \"/var/lib/rancher/k3s/server/manifests/metrics-server/aggregated-metrics-reader.yaml\""
2025-01-30 18:27:43,563 INFO c.h.h.t.HelmChartContainer - [K3S] [event.go:389] "Event occurred" object="kube-system/auth-delegator" fieldPath="" kind="Addon" apiVersion="k3s.cattle.io/v1" type="Normal" reason="ApplyingManifest" message="Applying manifest at \"/var/lib/rancher/k3s/server/manifests/metrics-server/auth-delegator.yaml\""
2025-01-30 18:27:43,570 INFO c.h.h.t.HelmChartContainer - [K3S] [event.go:389] "Event occurred" object="kube-system/auth-delegator" fieldPath="" kind="Addon" apiVersion="k3s.cattle.io/v1" type="Normal" reason="AppliedManifest" message="Applied manifest at \"/var/lib/rancher/k3s/server/manifests/metrics-server/auth-delegator.yaml\""
2025-01-30 18:27:43,576 INFO c.h.h.t.HelmChartContainer - [K3S] [event.go:389] "Event occurred" object="kube-system/auth-reader" fieldPath="" kind="Addon" apiVersion="k3s.cattle.io/v1" type="Normal" reason="ApplyingManifest" message="Applying manifest at \"/var/lib/rancher/k3s/server/manifests/metrics-server/auth-reader.yaml\""
2025-01-30 18:27:43,580 INFO c.h.h.t.HelmChartContainer - [K3S] [event.go:389] "Event occurred" object="kube-system/auth-reader" fieldPath="" kind="Addon" apiVersion="k3s.cattle.io/v1" type="Normal" reason="AppliedManifest" message="Applied manifest at \"/var/lib/rancher/k3s/server/manifests/metrics-server/auth-reader.yaml\""
2025-01-30 18:27:43,586 INFO c.h.h.t.HelmChartContainer - [K3S] [event.go:389] "Event occurred" object="kube-system/metrics-apiservice" fieldPath="" kind="Addon" apiVersion="k3s.cattle.io/v1" type="Normal" reason="ApplyingManifest" message="Applying manifest at \"/var/lib/rancher/k3s/server/manifests/metrics-server/metrics-apiservice.yaml\""
2025-01-30 18:27:43,593 INFO c.h.h.t.HelmChartContainer - [K3S] [event.go:389] "Event occurred" object="kube-system/metrics-apiservice" fieldPath="" kind="Addon" apiVersion="k3s.cattle.io/v1" type="Normal" reason="AppliedManifest" message="Applied manifest at \"/var/lib/rancher/k3s/server/manifests/metrics-server/metrics-apiservice.yaml\""
2025-01-30 18:27:43,596 INFO c.h.h.t.HelmChartContainer - [K3S] [handler_proxy.go:99] no RequestInfo found in the context
2025-01-30 18:27:43,596 INFO c.h.h.t.HelmChartContainer - [K3S] [controller.go:146] "Unhandled Error" err=<
2025-01-30 18:27:43,596 INFO c.h.h.t.HelmChartContainer - [K3S] 	, Header: map[Content-Type:[text/plain; charset=utf-8] X-Content-Type-Options:[nosniff]]
2025-01-30 18:27:43,596 INFO c.h.h.t.HelmChartContainer - [K3S]  >
2025-01-30 18:27:43,597 INFO c.h.h.t.HelmChartContainer - [K3S] [handler_proxy.go:143] error resolving kube-system/metrics-server: service "metrics-server" not found
2025-01-30 18:27:43,601 INFO c.h.h.t.HelmChartContainer - [K3S] [event.go:389] "Event occurred" object="kube-system/metrics-server-deployment" fieldPath="" kind="Addon" apiVersion="k3s.cattle.io/v1" type="Normal" reason="ApplyingManifest" message="Applying manifest at \"/var/lib/rancher/k3s/server/manifests/metrics-server/metrics-server-deployment.yaml\""
2025-01-30 18:27:43,611 INFO c.h.h.t.HelmChartContainer - [K3S] [event.go:389] "Event occurred" object="kube-system/metrics-server-deployment" fieldPath="" kind="Addon" apiVersion="k3s.cattle.io/v1" type="Normal" reason="AppliedManifest" message="Applied manifest at \"/var/lib/rancher/k3s/server/manifests/metrics-server/metrics-server-deployment.yaml\""
2025-01-30 18:27:43,617 INFO c.h.h.t.HelmChartContainer - [K3S] [event.go:389] "Event occurred" object="kube-system/metrics-server-service" fieldPath="" kind="Addon" apiVersion="k3s.cattle.io/v1" type="Normal" reason="ApplyingManifest" message="Applying manifest at \"/var/lib/rancher/k3s/server/manifests/metrics-server/metrics-server-service.yaml\""
2025-01-30 18:27:43,623 INFO c.h.h.t.HelmChartContainer - [K3S] [alloc.go:330] "allocated clusterIPs" service="kube-system/metrics-server" clusterIPs={"IPv4":"10.43.87.154"}
2025-01-30 18:27:43,625 INFO c.h.h.t.HelmChartContainer - [K3S] [event.go:389] "Event occurred" object="kube-system/metrics-server-service" fieldPath="" kind="Addon" apiVersion="k3s.cattle.io/v1" type="Normal" reason="AppliedManifest" message="Applied manifest at \"/var/lib/rancher/k3s/server/manifests/metrics-server/metrics-server-service.yaml\""
2025-01-30 18:27:43,630 INFO c.h.h.t.HelmChartContainer - [K3S] [handler_proxy.go:99] no RequestInfo found in the context
2025-01-30 18:27:43,630 INFO c.h.h.t.HelmChartContainer - [K3S] [controller.go:146] "Unhandled Error" err=<
2025-01-30 18:27:43,630 INFO c.h.h.t.HelmChartContainer - [K3S] 	, Header: map[Content-Type:[text/plain; charset=utf-8] X-Content-Type-Options:[nosniff]]
2025-01-30 18:27:43,630 INFO c.h.h.t.HelmChartContainer - [K3S]  >
2025-01-30 18:27:43,631 INFO c.h.h.t.HelmChartContainer - [K3S] [handler_proxy.go:143] error resolving kube-system/metrics-server: endpoints "metrics-server" not found
2025-01-30 18:27:43,632 INFO c.h.h.t.HelmChartContainer - [K3S] [event.go:389] "Event occurred" object="kube-system/resource-reader" fieldPath="" kind="Addon" apiVersion="k3s.cattle.io/v1" type="Normal" reason="ApplyingManifest" message="Applying manifest at \"/var/lib/rancher/k3s/server/manifests/metrics-server/resource-reader.yaml\""
2025-01-30 18:27:43,669 INFO c.h.h.t.HelmChartContainer - [K3S] [event.go:389] "Event occurred" object="kube-system/resource-reader" fieldPath="" kind="Addon" apiVersion="k3s.cattle.io/v1" type="Normal" reason="AppliedManifest" message="Applied manifest at \"/var/lib/rancher/k3s/server/manifests/metrics-server/resource-reader.yaml\""
2025-01-30 18:27:43,675 INFO c.h.h.t.HelmChartContainer - [K3S] [event.go:389] "Event occurred" object="kube-system/rolebindings" fieldPath="" kind="Addon" apiVersion="k3s.cattle.io/v1" type="Normal" reason="ApplyingManifest" message="Applying manifest at \"/var/lib/rancher/k3s/server/manifests/rolebindings.yaml\""
2025-01-30 18:27:43,689 INFO c.h.h.t.HelmChartContainer - [K3S] [controllermanager.go:765] "Started controller" controller="daemonset-controller"
2025-01-30 18:27:43,689 INFO c.h.h.t.HelmChartContainer - [K3S] [daemon_controller.go:294] "Starting daemon sets controller"
2025-01-30 18:27:43,781 INFO c.h.h.t.HelmChartContainer - [K3S] [event.go:389] "Event occurred" object="kube-system/rolebindings" fieldPath="" kind="Addon" apiVersion="k3s.cattle.io/v1" type="Normal" reason="AppliedManifest" message="Applied manifest at \"/var/lib/rancher/k3s/server/manifests/rolebindings.yaml\""
2025-01-30 18:27:43,788 INFO c.h.h.t.HelmChartContainer - [K3S] [event.go:389] "Event occurred" object="kube-system/runtimes" fieldPath="" kind="Addon" apiVersion="k3s.cattle.io/v1" type="Normal" reason="ApplyingManifest" message="Applying manifest at \"/var/lib/rancher/k3s/server/manifests/runtimes.yaml\""
2025-01-30 18:27:43,814 INFO c.h.h.t.HelmChartContainer - [K3S] [event.go:389] "Event occurred" object="kube-system/runtimes" fieldPath="" kind="Addon" apiVersion="k3s.cattle.io/v1" type="Normal" reason="AppliedManifest" message="Applied manifest at \"/var/lib/rancher/k3s/server/manifests/runtimes.yaml\""
2025-01-30 18:27:43,839 INFO c.h.h.t.HelmChartContainer - [K3S] [controllermanager.go:765] "Started controller" controller="pod-garbage-collector-controller"
2025-01-30 18:27:43,839 INFO c.h.h.t.HelmChartContainer - [K3S] [gc_controller.go:99] "Starting GC controller"
2025-01-30 18:27:43,989 INFO c.h.h.t.HelmChartContainer - [K3S] [controllermanager.go:765] "Started controller" controller="serviceaccount-controller"
2025-01-30 18:27:43,989 INFO c.h.h.t.HelmChartContainer - [K3S] [serviceaccounts_controller.go:114] "Starting service account controller"
2025-01-30 18:27:44,141 INFO c.h.h.t.HelmChartContainer - [K3S] [controllermanager.go:765] "Started controller" controller="job-controller"
2025-01-30 18:27:44,141 INFO c.h.h.t.HelmChartContainer - [K3S] [job_controller.go:243] "Starting job controller"
2025-01-30 18:27:44,189 INFO c.h.h.t.HelmChartContainer - [K3S] [controllermanager.go:765] "Started controller" controller="certificatesigningrequest-cleaner-controller"
2025-01-30 18:27:44,189 INFO c.h.h.t.HelmChartContainer - [K3S] [cleaner.go:83] "Starting CSR cleaner controller"
2025-01-30 18:27:44,189 INFO c.h.h.t.HelmChartContainer - [K3S] [controllermanager.go:728] "Warning: controller is disabled" controller="bootstrap-signer-controller"
2025-01-30 18:27:44,189 INFO c.h.h.t.HelmChartContainer - [K3S] [controllermanager.go:717] "Controller is disabled by a feature gate" controller="volumeattributesclass-protection-controller" requiredFeatureGates=["VolumeAttributesClass"]
2025-01-30 18:27:44,189 INFO c.h.h.t.HelmChartContainer - [K3S] [controllermanager.go:723] "Skipping a cloud provider controller" controller="node-route-controller"
2025-01-30 18:27:44,244 INFO c.h.h.t.HelmChartContainer - [K3S] [INFO] Tunnel authorizer set Kubelet Port 0.0.0.0:10250
2025-01-30 18:27:44,341 INFO c.h.h.t.HelmChartContainer - [K3S] [controllermanager.go:765] "Started controller" controller="ttl-after-finished-controller"
2025-01-30 18:27:44,341 INFO c.h.h.t.HelmChartContainer - [K3S] [controllermanager.go:717] "Controller is disabled by a feature gate" controller="kube-apiserver-serving-clustertrustbundle-publisher-controller" requiredFeatureGates=["ClusterTrustBundle"]
2025-01-30 18:27:44,341 INFO c.h.h.t.HelmChartContainer - [K3S] [ttlafterfinished_controller.go:112] "Starting TTL after finished controller"
2025-01-30 18:27:44,397 INFO c.h.h.t.HelmChartContainer - [K3S] [serving.go:392] Generated self-signed cert in-memory
2025-01-30 18:27:44,498 INFO c.h.h.t.HelmChartContainer - [K3S] [controllermanager.go:765] "Started controller" controller="ephemeral-volume-controller"
2025-01-30 18:27:44,498 INFO c.h.h.t.HelmChartContainer - [K3S] [controllermanager.go:717] "Controller is disabled by a feature gate" controller="storageversion-garbage-collector-controller" requiredFeatureGates=["APIServerIdentity","StorageVersionAPI"]
2025-01-30 18:27:44,498 INFO c.h.h.t.HelmChartContainer - [K3S] [controller.go:173] "Starting ephemeral volume controller"
2025-01-30 18:27:44,522 INFO c.h.h.t.HelmChartContainer - [K3S] [serving.go:392] Generated self-signed cert in-memory
2025-01-30 18:27:44,595 INFO c.h.h.t.HelmChartContainer - [K3S] [handler_proxy.go:99] no RequestInfo found in the context
2025-01-30 18:27:44,596 INFO c.h.h.t.HelmChartContainer - [K3S] [controller.go:102] "Unhandled Error" err=<
2025-01-30 18:27:44,596 INFO c.h.h.t.HelmChartContainer - [K3S] 	, Header: map[Content-Type:[text/plain; charset=utf-8] X-Content-Type-Options:[nosniff]]
2025-01-30 18:27:44,596 INFO c.h.h.t.HelmChartContainer - [K3S]  >
2025-01-30 18:27:44,596 INFO c.h.h.t.HelmChartContainer - [K3S] [handler_proxy.go:99] no RequestInfo found in the context
2025-01-30 18:27:44,689 INFO c.h.h.t.HelmChartContainer - [K3S] [controllermanager.go:765] "Started controller" controller="validatingadmissionpolicy-status-controller"
2025-01-30 18:27:44,734 INFO c.h.h.t.HelmChartContainer - [K3S] [controllermanager.go:160] Version: v1.32.1+k3s1
2025-01-30 18:27:44,737 INFO c.h.h.t.HelmChartContainer - [K3S] [secure_serving.go:213] Serving securely on 127.0.0.1:10258
2025-01-30 18:27:44,738 INFO c.h.h.t.HelmChartContainer - [K3S] [tlsconfig.go:243] "Starting DynamicServingCertificateController"
2025-01-30 18:27:44,738 INFO c.h.h.t.HelmChartContainer - [K3S] [requestheader_controller.go:180] Starting RequestHeaderAuthRequestController
2025-01-30 18:27:44,738 INFO c.h.h.t.HelmChartContainer - [K3S] [configmap_cafile_content.go:205] "Starting controller" name="client-ca::kube-system::extension-apiserver-authentication::client-ca-file"
2025-01-30 18:27:44,738 INFO c.h.h.t.HelmChartContainer - [K3S] [configmap_cafile_content.go:205] "Starting controller" name="client-ca::kube-system::extension-apiserver-authentication::requestheader-client-ca-file"
2025-01-30 18:27:44,743 INFO c.h.h.t.HelmChartContainer - [K3S] [INFO] Creating service-lb-controller event broadcaster
2025-01-30 18:27:44,839 INFO c.h.h.t.HelmChartContainer - [K3S] [controllermanager.go:765] "Started controller" controller="replicationcontroller-controller"
2025-01-30 18:27:44,839 INFO c.h.h.t.HelmChartContainer - [K3S] [replica_set.go:217] "Starting controller" name="replicationcontroller"
2025-01-30 18:27:44,850 INFO c.h.h.t.HelmChartContainer - [K3S] [actual_state_of_world.go:541] "Failed to update statusUpdateNeeded field in actual state of world" err="Failed to set statusUpdateNeeded to needed true, because nodeName=\"c181d80517a6\" does not exist"
2025-01-30 18:27:44,861 INFO c.h.h.t.HelmChartContainer - [K3S] [INFO] Starting /v1, Kind=Node controller
2025-01-30 18:27:44,868 INFO c.h.h.t.HelmChartContainer - [K3S] [INFO] Starting /v1, Kind=Pod controller
2025-01-30 18:27:44,872 INFO c.h.h.t.HelmChartContainer - [K3S] [INFO] Starting apps/v1, Kind=DaemonSet controller
2025-01-30 18:27:44,875 INFO c.h.h.t.HelmChartContainer - [K3S] [controllermanager.go:306] "node-route-controller" is disabled
2025-01-30 18:27:44,876 INFO c.h.h.t.HelmChartContainer - [K3S] [INFO] Starting discovery.k8s.io/v1, Kind=EndpointSlice controller
2025-01-30 18:27:44,877 INFO c.h.h.t.HelmChartContainer - [K3S] [controllermanager.go:329] Started "cloud-node-controller"
2025-01-30 18:27:44,877 INFO c.h.h.t.HelmChartContainer - [K3S] [controllermanager.go:329] Started "cloud-node-lifecycle-controller"
2025-01-30 18:27:44,877 INFO c.h.h.t.HelmChartContainer - [K3S] [node_controller.go:176] Sending events to api server.
2025-01-30 18:27:44,878 INFO c.h.h.t.HelmChartContainer - [K3S] [node_controller.go:185] Waiting for informer caches to sync
2025-01-30 18:27:44,878 INFO c.h.h.t.HelmChartContainer - [K3S] [node_lifecycle_controller.go:112] Sending events to api server
2025-01-30 18:27:44,878 INFO c.h.h.t.HelmChartContainer - [K3S] [controllermanager.go:329] Started "service-lb-controller"
2025-01-30 18:27:44,878 INFO c.h.h.t.HelmChartContainer - [K3S] [controller.go:234] Starting service controller
2025-01-30 18:27:44,893 INFO c.h.h.t.HelmChartContainer - [K3S] [range_allocator.go:177] "Sending events to api server"
2025-01-30 18:27:44,893 INFO c.h.h.t.HelmChartContainer - [K3S] [range_allocator.go:183] "Starting range CIDR allocator"
2025-01-30 18:27:44,896 INFO c.h.h.t.HelmChartContainer - [K3S] [range_allocator.go:428] "Set node PodCIDR" node="c181d80517a6" podCIDRs=["10.42.0.0/24"]
2025-01-30 18:27:44,896 INFO c.h.h.t.HelmChartContainer - [K3S] [range_allocator.go:247] "Successfully synced" key="c181d80517a6"
2025-01-30 18:27:44,896 INFO c.h.h.t.HelmChartContainer - [K3S] [range_allocator.go:247] "Successfully synced" key="c181d80517a6"
2025-01-30 18:27:44,897 INFO c.h.h.t.HelmChartContainer - [K3S] [INFO] Flannel found PodCIDR assigned for node c181d80517a6
2025-01-30 18:27:44,898 INFO c.h.h.t.HelmChartContainer - [K3S] [INFO] The interface eth0 with ipv4 address 172.18.0.2 will be used by flannel
2025-01-30 18:27:44,898 INFO c.h.h.t.HelmChartContainer - [K3S] [kube.go:139] Waiting 10m0s for node controller to sync
2025-01-30 18:27:44,898 INFO c.h.h.t.HelmChartContainer - [K3S] [kube.go:469] Starting kube subnet manager
2025-01-30 18:27:44,903 INFO c.h.h.t.HelmChartContainer - [K3S] [INFO] Updated coredns NodeHosts entry for c181d80517a6
2025-01-30 18:27:44,906 INFO c.h.h.t.HelmChartContainer - [K3S] [INFO] Network policy controller waiting for removal of node.cloudprovider.kubernetes.io/uninitialized taint
2025-01-30 18:27:44,940 INFO c.h.h.t.HelmChartContainer - [K3S] [node_lifecycle_controller.go:1234] "Initializing eviction metric for zone" zone=""
2025-01-30 18:27:44,941 INFO c.h.h.t.HelmChartContainer - [K3S] [node_lifecycle_controller.go:886] "Missing timestamp for Node. Assuming now as a timestamp" node="c181d80517a6"
2025-01-30 18:27:44,941 INFO c.h.h.t.HelmChartContainer - [K3S] [node_lifecycle_controller.go:1080] "Controller detected that zone is now in new state" zone="" newState="Normal"
2025-01-30 18:27:44,945 INFO c.h.h.t.HelmChartContainer - [K3S] [range_allocator.go:247] "Successfully synced" key="c181d80517a6"
2025-01-30 18:27:44,978 INFO c.h.h.t.HelmChartContainer - [K3S] [node_controller.go:429] Initializing node c181d80517a6 with cloud provider
2025-01-30 18:27:44,982 INFO c.h.h.t.HelmChartContainer - [K3S] [node_controller.go:474] Successfully initialized node c181d80517a6 with cloud provider
2025-01-30 18:27:44,982 INFO c.h.h.t.HelmChartContainer - [K3S] [event.go:389] "Event occurred" object="c181d80517a6" fieldPath="" kind="Node" apiVersion="v1" type="Normal" reason="Synced" message="Node synced successfully"
2025-01-30 18:27:44,983 INFO c.h.h.t.HelmChartContainer - [K3S] [range_allocator.go:247] "Successfully synced" key="c181d80517a6"
2025-01-30 18:27:45,242 INFO c.h.h.t.HelmChartContainer - [K3S] [INFO] Started tunnel to 172.18.0.2:6443
2025-01-30 18:27:45,242 INFO c.h.h.t.HelmChartContainer - [K3S] [INFO] Stopped tunnel to 127.0.0.1:6443
2025-01-30 18:27:45,242 INFO c.h.h.t.HelmChartContainer - [K3S] [INFO] Connecting to proxy" url="wss://172.18.0.2:6443/v1-k3s/connect
2025-01-30 18:27:45,243 INFO c.h.h.t.HelmChartContainer - [K3S] [INFO] Proxy done" err="context canceled" url="wss://127.0.0.1:6443/v1-k3s/connect
2025-01-30 18:27:45,243 INFO c.h.h.t.HelmChartContainer - [K3S] [INFO] error in remotedialer server [400]: websocket: close 1006 (abnormal closure): unexpected EOF
2025-01-30 18:27:45,244 INFO c.h.h.t.HelmChartContainer - [K3S] [INFO] Handling backend connection request [c181d80517a6]
2025-01-30 18:27:45,244 INFO c.h.h.t.HelmChartContainer - [K3S] [INFO] Remotedialer connected to proxy" url="wss://172.18.0.2:6443/v1-k3s/connect
2025-01-30 18:27:45,294 INFO c.h.h.t.HelmChartContainer - [K3S] [serving.go:392] Generated self-signed cert in-memory
2025-01-30 18:27:45,544 INFO c.h.h.t.HelmChartContainer - [K3S] [range_allocator.go:247] "Successfully synced" key="c181d80517a6"
2025-01-30 18:27:45,645 INFO c.h.h.t.HelmChartContainer - [K3S] [handler_proxy.go:99] no RequestInfo found in the context
2025-01-30 18:27:45,645 INFO c.h.h.t.HelmChartContainer - [K3S] [controller.go:146] "Unhandled Error" err=<
2025-01-30 18:27:45,645 INFO c.h.h.t.HelmChartContainer - [K3S] 	, Header: map[Content-Type:[text/plain; charset=utf-8] X-Content-Type-Options:[nosniff]]
2025-01-30 18:27:45,645 INFO c.h.h.t.HelmChartContainer - [K3S]  >
2025-01-30 18:27:45,646 INFO c.h.h.t.HelmChartContainer - [K3S] [handler_proxy.go:143] error resolving kube-system/metrics-server: no endpoints available for service "metrics-server"
2025-01-30 18:27:45,751 INFO c.h.h.t.HelmChartContainer - [K3S] [replica_set.go:679] "Finished syncing" kind="ReplicaSet" key="kube-system/local-path-provisioner-698b58967b" duration="156.398079ms"
2025-01-30 18:27:45,754 INFO c.h.h.t.HelmChartContainer - [K3S] [replica_set.go:679] "Finished syncing" kind="ReplicaSet" key="kube-system/coredns-ff8999cc5" duration="157.504917ms"
2025-01-30 18:27:45,756 INFO c.h.h.t.HelmChartContainer - [K3S] [replica_set.go:679] "Finished syncing" kind="ReplicaSet" key="kube-system/metrics-server-8584b5786c" duration="161.733199ms"
2025-01-30 18:27:45,759 INFO c.h.h.t.HelmChartContainer - [K3S] [replica_set.go:679] "Finished syncing" kind="ReplicaSet" key="kube-system/coredns-ff8999cc5" duration="6.114183ms"
2025-01-30 18:27:45,759 INFO c.h.h.t.HelmChartContainer - [K3S] [replica_set.go:679] "Finished syncing" kind="ReplicaSet" key="kube-system/coredns-ff8999cc5" duration="32.902µs"
2025-01-30 18:27:45,760 INFO c.h.h.t.HelmChartContainer - [K3S] [replica_set.go:679] "Finished syncing" kind="ReplicaSet" key="kube-system/coredns-ff8999cc5" duration="26.74µs"
2025-01-30 18:27:45,764 INFO c.h.h.t.HelmChartContainer - [K3S] [replica_set.go:679] "Finished syncing" kind="ReplicaSet" key="kube-system/local-path-provisioner-698b58967b" duration="13.032143ms"
2025-01-30 18:27:45,766 INFO c.h.h.t.HelmChartContainer - [K3S] [replica_set.go:679] "Finished syncing" kind="ReplicaSet" key="kube-system/local-path-provisioner-698b58967b" duration="23.033µs"
2025-01-30 18:27:45,766 INFO c.h.h.t.HelmChartContainer - [K3S] [replica_set.go:679] "Finished syncing" kind="ReplicaSet" key="kube-system/metrics-server-8584b5786c" duration="8.084447ms"
2025-01-30 18:27:45,766 INFO c.h.h.t.HelmChartContainer - [K3S] [replica_set.go:679] "Finished syncing" kind="ReplicaSet" key="kube-system/metrics-server-8584b5786c" duration="18.485µs"
2025-01-30 18:27:45,788 INFO c.h.h.t.HelmChartContainer - [K3S] [server.go:164] "Starting Kubernetes Scheduler" version="v1.32.1+k3s1"
2025-01-30 18:27:45,788 INFO c.h.h.t.HelmChartContainer - [K3S] [server.go:166] "Golang settings" GOGC="" GOMAXPROCS="" GOTRACEBACK=""
2025-01-30 18:27:45,791 INFO c.h.h.t.HelmChartContainer - [K3S] [requestheader_controller.go:180] Starting RequestHeaderAuthRequestController
2025-01-30 18:27:45,791 INFO c.h.h.t.HelmChartContainer - [K3S] [configmap_cafile_content.go:205] "Starting controller" name="client-ca::kube-system::extension-apiserver-authentication::client-ca-file"
2025-01-30 18:27:45,791 INFO c.h.h.t.HelmChartContainer - [K3S] [configmap_cafile_content.go:205] "Starting controller" name="client-ca::kube-system::extension-apiserver-authentication::requestheader-client-ca-file"
2025-01-30 18:27:45,793 INFO c.h.h.t.HelmChartContainer - [K3S] [secure_serving.go:213] Serving securely on 127.0.0.1:10259
2025-01-30 18:27:45,794 INFO c.h.h.t.HelmChartContainer - [K3S] [tlsconfig.go:243] "Starting DynamicServingCertificateController"
2025-01-30 18:27:45,897 INFO c.h.h.t.HelmChartContainer - [K3S] [replica_set.go:679] "Finished syncing" kind="ReplicaSet" key="kube-system/coredns-ff8999cc5" duration="40.445µs"
2025-01-30 18:27:45,897 INFO c.h.h.t.HelmChartContainer - [K3S] [replica_set.go:679] "Finished syncing" kind="ReplicaSet" key="kube-system/metrics-server-8584b5786c" duration="26.84µs"
2025-01-30 18:27:45,898 INFO c.h.h.t.HelmChartContainer - [K3S] [replica_set.go:679] "Finished syncing" kind="ReplicaSet" key="kube-system/local-path-provisioner-698b58967b" duration="27.151µs"
2025-01-30 18:27:45,898 INFO c.h.h.t.HelmChartContainer - [K3S] [kube.go:146] Node controller sync successful
2025-01-30 18:27:45,898 INFO c.h.h.t.HelmChartContainer - [K3S] [vxlan.go:141] VXLAN config: VNI=1 Port=0 GBP=false Learning=false DirectRouting=false
2025-01-30 18:27:45,905 INFO c.h.h.t.HelmChartContainer - [K3S] [kube.go:636] List of node(c181d80517a6) annotations: map[string]string{"alpha.kubernetes.io/provided-node-ip":"172.18.0.2", "k3s.io/hostname":"c181d80517a6", "k3s.io/internal-ip":"172.18.0.2", "k3s.io/node-args":"[\"server\",\"--etcd-arg\",\"unsafe-no-fsync\",\"--etcd-arg\",\"snapshot-count=10000\",\"--etcd-arg\",\"auto-compaction-mode=revision\",\"--etcd-arg\",\"auto-compaction-retention=1000000\",\"--kube-apiserver-arg\",\"etcd-compaction-interval=0s\",\"--disable\",\"traefik\",\"--tls-san\",\"localhost\"]", "k3s.io/node-config-hash":"2QNNT5M5XUBFOLO5XPGEVGOM5UDLHHTIVMSRUPAUHE5DU3HUYQUQ====", "k3s.io/node-env":"{}", "node.alpha.kubernetes.io/ttl":"0", "volumes.kubernetes.io/controller-managed-attach-detach":"true"}
2025-01-30 18:27:45,909 INFO c.h.h.t.HelmChartContainer - [K3S] [iptables.go:51] Starting flannel in iptables mode...
2025-01-30 18:27:45,910 INFO c.h.h.t.HelmChartContainer - [K3S] [WARNING] no subnet found for key: FLANNEL_NETWORK in file: /run/flannel/subnet.env
2025-01-30 18:27:45,910 INFO c.h.h.t.HelmChartContainer - [K3S] [WARNING] no subnet found for key: FLANNEL_SUBNET in file: /run/flannel/subnet.env
2025-01-30 18:27:45,910 INFO c.h.h.t.HelmChartContainer - [K3S] [WARNING] no subnet found for key: FLANNEL_IPV6_NETWORK in file: /run/flannel/subnet.env
2025-01-30 18:27:45,910 INFO c.h.h.t.HelmChartContainer - [K3S] [WARNING] no subnet found for key: FLANNEL_IPV6_SUBNET in file: /run/flannel/subnet.env
2025-01-30 18:27:45,910 INFO c.h.h.t.HelmChartContainer - [K3S] [iptables.go:115] Current network or subnet (10.42.0.0/16, 10.42.0.0/24) is not equal to previous one (0.0.0.0/0, 0.0.0.0/0), trying to recycle old iptables rules
2025-01-30 18:27:45,913 INFO c.h.h.t.HelmChartContainer - [K3S] [kube.go:490] Creating the node lease for IPv4. This is the n.Spec.PodCIDRs: [10.42.0.0/24]
2025-01-30 18:27:45,913 INFO c.h.h.t.HelmChartContainer - [K3S] [range_allocator.go:247] "Successfully synced" key="c181d80517a6"
2025-01-30 18:27:45,920 INFO c.h.h.t.HelmChartContainer - [K3S] [reconciler_common.go:251] "operationExecutor.VerifyControllerAttachedVolume started for volume \"custom-config-volume\" (UniqueName: \"kubernetes.io/configmap/ec755fe1-3e95-4a3a-b9a0-e66fca522044-custom-config-volume\") pod \"coredns-ff8999cc5-vtq5d\" (UID: \"ec755fe1-3e95-4a3a-b9a0-e66fca522044\") " pod="kube-system/coredns-ff8999cc5-vtq5d"
2025-01-30 18:27:45,920 INFO c.h.h.t.HelmChartContainer - [K3S] [reconciler_common.go:251] "operationExecutor.VerifyControllerAttachedVolume started for volume \"kube-api-access-cwqbh\" (UniqueName: \"kubernetes.io/projected/ec755fe1-3e95-4a3a-b9a0-e66fca522044-kube-api-access-cwqbh\") pod \"coredns-ff8999cc5-vtq5d\" (UID: \"ec755fe1-3e95-4a3a-b9a0-e66fca522044\") " pod="kube-system/coredns-ff8999cc5-vtq5d"
2025-01-30 18:27:45,920 INFO c.h.h.t.HelmChartContainer - [K3S] [reconciler_common.go:251] "operationExecutor.VerifyControllerAttachedVolume started for volume \"tmp-dir\" (UniqueName: \"kubernetes.io/empty-dir/4d7c0ee0-0663-4913-ab6f-fd63891e07ae-tmp-dir\") pod \"metrics-server-8584b5786c-fvrmk\" (UID: \"4d7c0ee0-0663-4913-ab6f-fd63891e07ae\") " pod="kube-system/metrics-server-8584b5786c-fvrmk"
2025-01-30 18:27:45,920 INFO c.h.h.t.HelmChartContainer - [K3S] [reconciler_common.go:251] "operationExecutor.VerifyControllerAttachedVolume started for volume \"kube-api-access-8qjpc\" (UniqueName: \"kubernetes.io/projected/4d7c0ee0-0663-4913-ab6f-fd63891e07ae-kube-api-access-8qjpc\") pod \"metrics-server-8584b5786c-fvrmk\" (UID: \"4d7c0ee0-0663-4913-ab6f-fd63891e07ae\") " pod="kube-system/metrics-server-8584b5786c-fvrmk"
2025-01-30 18:27:45,920 INFO c.h.h.t.HelmChartContainer - [K3S] [reconciler_common.go:251] "operationExecutor.VerifyControllerAttachedVolume started for volume \"config-volume\" (UniqueName: \"kubernetes.io/configmap/877d2eda-a1db-46a7-a8bc-3c908c54b975-config-volume\") pod \"local-path-provisioner-698b58967b-bzlfc\" (UID: \"877d2eda-a1db-46a7-a8bc-3c908c54b975\") " pod="kube-system/local-path-provisioner-698b58967b-bzlfc"
2025-01-30 18:27:45,920 INFO c.h.h.t.HelmChartContainer - [K3S] [reconciler_common.go:251] "operationExecutor.VerifyControllerAttachedVolume started for volume \"kube-api-access-xtwx9\" (UniqueName: \"kubernetes.io/projected/877d2eda-a1db-46a7-a8bc-3c908c54b975-kube-api-access-xtwx9\") pod \"local-path-provisioner-698b58967b-bzlfc\" (UID: \"877d2eda-a1db-46a7-a8bc-3c908c54b975\") " pod="kube-system/local-path-provisioner-698b58967b-bzlfc"
2025-01-30 18:27:45,920 INFO c.h.h.t.HelmChartContainer - [K3S] [reconciler_common.go:251] "operationExecutor.VerifyControllerAttachedVolume started for volume \"config-volume\" (UniqueName: \"kubernetes.io/configmap/ec755fe1-3e95-4a3a-b9a0-e66fca522044-config-volume\") pod \"coredns-ff8999cc5-vtq5d\" (UID: \"ec755fe1-3e95-4a3a-b9a0-e66fca522044\") " pod="kube-system/coredns-ff8999cc5-vtq5d"
2025-01-30 18:27:45,920 INFO c.h.h.t.HelmChartContainer - [K3S] [iptables.go:125] Setting up masking rules
2025-01-30 18:27:45,922 INFO c.h.h.t.HelmChartContainer - [K3S] [iptables.go:226] Changing default FORWARD chain policy to ACCEPT
2025-01-30 18:27:45,924 INFO c.h.h.t.HelmChartContainer - [K3S] [INFO] Wrote flannel subnet file to /run/flannel/subnet.env
2025-01-30 18:27:45,926 INFO c.h.h.t.HelmChartContainer - [K3S] [INFO] Running flannel backend.
2025-01-30 18:27:45,926 INFO c.h.h.t.HelmChartContainer - [K3S] [vxlan_network.go:65] watching for new subnet leases
2025-01-30 18:27:45,931 INFO c.h.h.t.HelmChartContainer - [K3S] [replica_set.go:679] "Finished syncing" kind="ReplicaSet" key="kube-system/coredns-ff8999cc5" duration="42.78µs"
2025-01-30 18:27:45,937 INFO c.h.h.t.HelmChartContainer - [K3S] [replica_set.go:679] "Finished syncing" kind="ReplicaSet" key="kube-system/local-path-provisioner-698b58967b" duration="31.769µs"
2025-01-30 18:27:45,937 INFO c.h.h.t.HelmChartContainer - [K3S] [iptables.go:372] bootstrap done
2025-01-30 18:27:45,944 INFO c.h.h.t.HelmChartContainer - [K3S] [replica_set.go:679] "Finished syncing" kind="ReplicaSet" key="kube-system/metrics-server-8584b5786c" duration="29.816µs"
2025-01-30 18:27:45,947 INFO c.h.h.t.HelmChartContainer - [K3S] [iptables.go:372] bootstrap done
2025-01-30 18:27:46,647 INFO c.h.h.t.HelmChartContainer - [K3S] [handler_proxy.go:99] no RequestInfo found in the context
2025-01-30 18:27:46,647 INFO c.h.h.t.HelmChartContainer - [K3S] [handler_proxy.go:99] no RequestInfo found in the context
2025-01-30 18:27:46,647 INFO c.h.h.t.HelmChartContainer - [K3S] [controller.go:102] "Unhandled Error" err=<
2025-01-30 18:27:46,647 INFO c.h.h.t.HelmChartContainer - [K3S] 	, Header: map[Content-Type:[text/plain; charset=utf-8] X-Content-Type-Options:[nosniff]]
2025-01-30 18:27:46,648 INFO c.h.h.t.HelmChartContainer - [K3S]  >
2025-01-30 18:27:47,013 INFO c.h.h.t.HelmChartContainer - [K3S] [INFO] Starting network policy controller version v2.2.1, built on 2025-01-28T18:27:08Z, go1.23.4
2025-01-30 18:27:47,013 INFO c.h.h.t.HelmChartContainer - [K3S] [network_policy_controller.go:164] Starting network policy controller
2025-01-30 18:27:47,056 INFO c.h.h.t.HelmChartContainer - [K3S] [network_policy_controller.go:176] Starting network policy controller full sync goroutine
2025-01-30 18:27:49,347 INFO c.h.h.t.HelmChartContainer - [K3S] [replica_set.go:679] "Finished syncing" kind="ReplicaSet" key="kube-system/local-path-provisioner-698b58967b" duration="5.39814ms"
2025-01-30 18:27:49,347 INFO c.h.h.t.HelmChartContainer - [K3S] [replica_set.go:679] "Finished syncing" kind="ReplicaSet" key="kube-system/local-path-provisioner-698b58967b" duration="29.194µs"
2025-01-30 18:27:49,370 INFO c.h.h.t.HelmChartContainer - [K3S] [replica_set.go:679] "Finished syncing" kind="ReplicaSet" key="kube-system/coredns-ff8999cc5" duration="11.461271ms"
2025-01-30 18:27:49,371 INFO c.h.h.t.HelmChartContainer - [K3S] [replica_set.go:679] "Finished syncing" kind="ReplicaSet" key="kube-system/coredns-ff8999cc5" duration="29.556µs"
2025-01-30 18:27:49,379 INFO c.h.h.t.HelmChartContainer - [K3S] [replica_set.go:679] "Finished syncing" kind="ReplicaSet" key="kube-system/metrics-server-8584b5786c" duration="27.391µs"
2025-01-30 18:27:49,626 DEBUG c.h.h.t.HelmChartContainer - Image file loaded 'hivemq-platform-operator.tar'
2025-01-30 18:27:49,738 INFO c.h.h.t.HelmChartContainer - [K3S] [kuberuntime_manager.go:1702] "Updating runtime config through cri with podcidr" CIDR="10.42.0.0/24"
2025-01-30 18:27:49,739 INFO c.h.h.t.HelmChartContainer - [K3S] [kubelet_network.go:61] "Updating Pod CIDR" originalPodCIDR="" newPodCIDR="10.42.0.0/24"
2025-01-30 18:27:49,747 INFO c.h.h.t.HelmChartContainer - [K3S] [range_allocator.go:247] "Successfully synced" key="c181d80517a6"
2025-01-30 18:27:50,076 DEBUG c.h.h.t.HelmChartContainer - Image file loaded 'hivemq-platform-operator-init.tar'
2025-01-30 18:27:55,473 DEBUG c.h.h.t.HelmChartContainer - Image file loaded 'hivemq-platform.tar'
2025-01-30 18:27:55,473 DEBUG c.h.h.t.HelmChartContainer - Successful Helm chart Container startup
2025-01-30 18:27:55,486 INFO t.localhost/testcontainers/mxnk5naqdzef647q:latest - Container localhost/testcontainers/mxnk5naqdzef647q:latest started in PT20.464309097S
2025-01-30 18:27:55,495 DEBUG c.h.h.t.HelmChartContainer - Executing helm command: /bin/helm --kubeconfig /etc/rancher/k3s/k3s.yaml repo add hivemq https://hivemq.github.io/helm-charts
2025-01-30 18:27:56,801 INFO c.h.h.t.HelmChartContainer - [EVENT] Normal [Starting] Starting kubelet. [null:c181d80517a6]
2025-01-30 18:27:56,802 INFO c.h.h.t.HelmChartContainer - [EVENT] Warning [InvalidDiskCapacity] invalid capacity 0 on image filesystem [null:c181d80517a6]
2025-01-30 18:27:56,803 INFO c.h.h.t.HelmChartContainer - [EVENT] Normal [NodeHasSufficientMemory] Node c181d80517a6 status is now: NodeHasSufficientMemory [null:c181d80517a6]
2025-01-30 18:27:56,804 INFO c.h.h.t.HelmChartContainer - [EVENT] Normal [NodeHasNoDiskPressure] Node c181d80517a6 status is now: NodeHasNoDiskPressure [null:c181d80517a6]
2025-01-30 18:27:56,805 INFO c.h.h.t.HelmChartContainer - [EVENT] Normal [NodeHasSufficientPID] Node c181d80517a6 status is now: NodeHasSufficientPID [null:c181d80517a6]
2025-01-30 18:27:56,805 INFO c.h.h.t.HelmChartContainer - [EVENT] Normal [NodeAllocatableEnforced] Updated Node Allocatable limit across pods [null:c181d80517a6]
2025-01-30 18:27:56,807 INFO c.h.h.t.HelmChartContainer - [EVENT] Normal [NodeReady] Node c181d80517a6 status is now: NodeReady [null:c181d80517a6]
2025-01-30 18:27:56,807 INFO c.h.h.t.HelmChartContainer - [EVENT] Normal [NodePasswordValidationComplete] Deferred node password secret validation complete [null:c181d80517a6]
2025-01-30 18:27:56,808 INFO c.h.h.t.HelmChartContainer - [EVENT] Normal [RegisteredNode] Node c181d80517a6 event: Registered Node c181d80517a6 in Controller [null:c181d80517a6]
2025-01-30 18:27:56,809 INFO c.h.h.t.HelmChartContainer - [EVENT] Normal [Synced] Node synced successfully [null:c181d80517a6]
2025-01-30 18:27:56,814 INFO c.h.h.t.HelmChartContainer - Saved kubeconfig file on /tmp/kubeconfig-6193263195191501913.yaml
2025-01-30 18:27:56,814 INFO c.h.h.t.HelmChartContainer - HelmChartContainer is started
]]></system-out>
  <system-err><![CDATA[]]></system-err>
</testsuite>
