<?xml version="1.0" encoding="UTF-8"?>
<testsuite name="com.hivemq.helmcharts.license.HelmAdditionalBrokerLicensesIT" tests="2" skipped="0" failures="0" errors="0" timestamp="2025-07-23T14:06:19" hostname="pkrvmq0rgcvqdmg" time="186.24">
  <properties/>
  <testcase name="withExistingAdditionalBrokerLicenseFileContent_statefulSetWithLicenseSecretMounted()" classname="com.hivemq.helmcharts.license.HelmAdditionalBrokerLicensesIT" time="93.025"/>
  <testcase name="withAdditionalBrokerLicenseFileContent_statefulSetWithLicenseSecretMounted()" classname="com.hivemq.helmcharts.license.HelmAdditionalBrokerLicensesIT" time="93.215"/>
</testsuite>
