<?xml version="1.0" encoding="UTF-8"?>
<testsuite name="com.hivemq.helmcharts.migration.HelmLegacyStatefulSetMigrationIT" tests="1" skipped="1" failures="0" errors="0" timestamp="2025-07-18T13:28:43" hostname="pkrvmq0rgcvqdmg" time="0.0">
  <properties/>
  <testcase name="migrateToCurrentPlatformOperator()" classname="com.hivemq.helmcharts.migration.HelmLegacyStatefulSetMigrationIT" time="0.0">
    <skipped/>
  </testcase>
</testsuite>
