<?xml version="1.0" encoding="UTF-8"?>
<testsuite name="com.hivemq.helmcharts.monitoring.HelmMonitoringOperatorIT" tests="1" skipped="0" failures="0" errors="0" timestamp="2025-03-09T20:32:27" hostname="fv-az1326-577" time="171.566">
  <properties/>
  <testcase name="withOperatorMonitoringEnabled_metricsAndDashboardAvailable()" classname="com.hivemq.helmcharts.monitoring.HelmMonitoringOperatorIT" time="171.566"/>
</testsuite>
