<?xml version="1.0" encoding="UTF-8"?>
<testsuite name="com.hivemq.helmcharts.services.HelmWebsocketsIT" tests="2" skipped="0" failures="0" errors="0" timestamp="2025-01-30T18:18:15" hostname="fv-az1055-30" time="215.325">
  <properties/>
  <testcase name="platformChart_whenMtlsWebsocketEnabledWithDifferentPrivateKey_thenSendsReceivesMessage(Path)" classname="com.hivemq.helmcharts.services.HelmWebsocketsIT" time="105.517">
    <system-out><![CDATA[2025-01-30 18:18:15,159 INFO c.h.h.t.HelmChartContainer - Creating namespace 'helmwebsocketsit-operator'...
2025-01-30 18:18:15,167 INFO c.h.h.t.HelmChartContainer - Namespace 'helmwebsocketsit-operator' created
2025-01-30 18:18:15,168 INFO c.h.h.t.HelmChartContainer - Creating namespace 'helmwebsocketsit'...
2025-01-30 18:18:15,179 INFO c.h.h.t.HelmChartContainer - Namespace 'helmwebsocketsit' created
2025-01-30 18:18:15,259 DEBUG c.h.h.t.HelmChartContainer - Executing helm command: /bin/helm --kubeconfig /etc/rancher/k3s/k3s.yaml install test-hivemq-platform-operator /charts/hivemq-platform-operator --wait --timeout 5m0s --set image.repository=docker.io/hivemq --set image.name=hivemq-platform-operator-test --set image.initImageName=hivemq-platform-operator-init-test --set image.tag=snapshot --set image.pullPolicy=Never --set logLevel=DEBUG --set resources.cpu=512m --namespace helmwebsocketsit-operator
2025-01-30 18:18:15,581 INFO c.h.h.t.HelmChartContainer - [K3S] [alloc.go:330] "allocated clusterIPs" service="helmwebsocketsit-operator/hivemq-platform-operator-test-hivemq-platform-operator" clusterIPs={"IPv4":"10.43.37.30"}
2025-01-30 18:18:15,603 INFO c.h.h.t.HelmChartContainer - [POD] hivemq-test-hivemq-platform-operator-6966f96d65-wh72k [a35318ba-0f8f-4d4d-81e6-85bc199d7f82] in helmwebsocketsit-operator was ADDED
2025-01-30 18:18:15,606 INFO c.h.h.t.HelmChartContainer - [K3S] [replica_set.go:679] "Finished syncing" kind="ReplicaSet" key="helmwebsocketsit-operator/hivemq-test-hivemq-platform-operator-6966f96d65" duration="14.850095ms"
2025-01-30 18:18:15,607 INFO c.h.h.t.HelmChartContainer - [EVENT] Normal [ScalingReplicaSet] Scaled up replica set hivemq-test-hivemq-platform-operator-6966f96d65 from 0 to 1 [helmwebsocketsit-operator:hivemq-test-hivemq-platform-operator]
2025-01-30 18:18:15,613 INFO c.h.h.t.HelmChartContainer - [EVENT] Normal [SuccessfulCreate] Created pod: hivemq-test-hivemq-platform-operator-6966f96d65-wh72k [helmwebsocketsit-operator:hivemq-test-hivemq-platform-operator-6966f96d65]
2025-01-30 18:18:15,614 INFO c.h.h.t.HelmChartContainer - [POD] hivemq-test-hivemq-platform-operator-6966f96d65-wh72k [a35318ba-0f8f-4d4d-81e6-85bc199d7f82] in helmwebsocketsit-operator was MODIFIED
2025-01-30 18:18:15,614 INFO c.h.h.t.HelmChartContainer - [K3S] [memory_manager.go:355] "RemoveStaleState removing state" podUID="8feba716-8cf1-48a5-bb91-6fdd0619ed2c" containerName="hivemq-platform-operator"
2025-01-30 18:18:15,614 INFO c.h.h.t.HelmChartContainer - [K3S] [memory_manager.go:355] "RemoveStaleState removing state" podUID="22ec468a-6dc7-495e-82e1-242eee71fe99" containerName="hivemq"
2025-01-30 18:18:15,617 INFO c.h.h.t.HelmChartContainer - [EVENT] Normal [Scheduled] Successfully assigned helmwebsocketsit-operator/hivemq-test-hivemq-platform-operator-6966f96d65-wh72k to 59e0c862e0de [helmwebsocketsit-operator:hivemq-test-hivemq-platform-operator-6966f96d65-wh72k]
2025-01-30 18:18:15,623 INFO c.h.h.t.HelmChartContainer - [K3S] [replica_set.go:679] "Finished syncing" kind="ReplicaSet" key="helmwebsocketsit-operator/hivemq-test-hivemq-platform-operator-6966f96d65" duration="16.833415ms"
2025-01-30 18:18:15,623 INFO c.h.h.t.HelmChartContainer - [K3S] [replica_set.go:679] "Finished syncing" kind="ReplicaSet" key="helmwebsocketsit-operator/hivemq-test-hivemq-platform-operator-6966f96d65" duration="36.678µs"
2025-01-30 18:18:15,626 INFO c.h.h.t.HelmChartContainer - [K3S] [replica_set.go:679] "Finished syncing" kind="ReplicaSet" key="helmwebsocketsit-operator/hivemq-test-hivemq-platform-operator-6966f96d65" duration="35.696µs"
2025-01-30 18:18:15,628 INFO c.h.h.t.HelmChartContainer - [POD] hivemq-test-hivemq-platform-operator-6966f96d65-wh72k [a35318ba-0f8f-4d4d-81e6-85bc199d7f82] in helmwebsocketsit-operator was MODIFIED
2025-01-30 18:18:15,736 INFO c.h.h.t.HelmChartContainer - [K3S] [reconciler_common.go:251] "operationExecutor.VerifyControllerAttachedVolume started for volume \"kube-api-access-djp6s\" (UniqueName: \"kubernetes.io/projected/a35318ba-0f8f-4d4d-81e6-85bc199d7f82-kube-api-access-djp6s\") pod \"hivemq-test-hivemq-platform-operator-6966f96d65-wh72k\" (UID: \"a35318ba-0f8f-4d4d-81e6-85bc199d7f82\") " pod="helmwebsocketsit-operator/hivemq-test-hivemq-platform-operator-6966f96d65-wh72k"
2025-01-30 18:18:16,004 INFO c.h.h.t.HelmChartContainer - [EVENT] Normal [Pulled] Container image "docker.io/hivemq/hivemq-platform-operator-test:snapshot" already present on machine [helmwebsocketsit-operator:hivemq-test-hivemq-platform-operator-6966f96d65-wh72k]
2025-01-30 18:18:16,004 INFO c.h.h.t.HelmChartContainer - Received Pulled event for container hivemq-platform-operator in pod hivemq-test-hivemq-platform-operator-6966f96d65-wh72k [a35318ba-0f8f-4d4d-81e6-85bc199d7f82]
2025-01-30 18:18:17,290 INFO c.h.h.t.HelmChartContainer - [EVENT] Normal [Created] Created container: hivemq-platform-operator [helmwebsocketsit-operator:hivemq-test-hivemq-platform-operator-6966f96d65-wh72k]
2025-01-30 18:18:17,290 INFO c.h.h.t.HelmChartContainer - Received Created event for container hivemq-platform-operator in pod hivemq-test-hivemq-platform-operator-6966f96d65-wh72k [a35318ba-0f8f-4d4d-81e6-85bc199d7f82]
2025-01-30 18:18:17,761 INFO c.h.h.t.HelmChartContainer - [K3S] [replica_set.go:679] "Finished syncing" kind="ReplicaSet" key="helmwebsocketsit-operator/hivemq-test-hivemq-platform-operator-6966f96d65" duration="40.075µs"
2025-01-30 18:18:17,762 INFO c.h.h.t.HelmChartContainer - [POD] hivemq-test-hivemq-platform-operator-6966f96d65-wh72k [a35318ba-0f8f-4d4d-81e6-85bc199d7f82] in helmwebsocketsit-operator was MODIFIED
2025-01-30 18:18:17,772 INFO c.h.h.t.HelmChartContainer - Started log watcher for hivemq-platform-operator in pod hivemq-test-hivemq-platform-operator-6966f96d65-wh72k [a35318ba-0f8f-4d4d-81e6-85bc199d7f82]
2025-01-30 18:18:17,772 INFO c.h.h.t.HelmChartContainer - [EVENT] Normal [Started] Started container hivemq-platform-operator [helmwebsocketsit-operator:hivemq-test-hivemq-platform-operator-6966f96d65-wh72k]
2025-01-30 18:18:17,773 INFO c.h.h.t.HelmChartContainer - Received Started event for container hivemq-platform-operator in pod hivemq-test-hivemq-platform-operator-6966f96d65-wh72k [a35318ba-0f8f-4d4d-81e6-85bc199d7f82]
2025-01-30 18:18:17,774 INFO c.h.h.t.HelmChartContainer - [hivemq-test-hivemq-platform] [hivemq-platform-operator] [a35318ba] -------------------------------------------------------------------------
2025-01-30 18:18:17,774 INFO c.h.h.t.HelmChartContainer - [hivemq-test-hivemq-platform] [hivemq-platform-operator] [a35318ba] 
2025-01-30 18:18:17,774 INFO c.h.h.t.HelmChartContainer - [hivemq-test-hivemq-platform] [hivemq-platform-operator] [a35318ba]                   _    _  _              __  __   ____
2025-01-30 18:18:17,774 INFO c.h.h.t.HelmChartContainer - [hivemq-test-hivemq-platform] [hivemq-platform-operator] [a35318ba]                  | |  | |(_)            |  \/  | / __ \
2025-01-30 18:18:17,774 INFO c.h.h.t.HelmChartContainer - [hivemq-test-hivemq-platform] [hivemq-platform-operator] [a35318ba]                  | |__| | _ __   __ ___ | \  / || |  | |
2025-01-30 18:18:17,774 INFO c.h.h.t.HelmChartContainer - [hivemq-test-hivemq-platform] [hivemq-platform-operator] [a35318ba]                  |  __  || |\ \ / // _ \| |\/| || |  | |
2025-01-30 18:18:17,774 INFO c.h.h.t.HelmChartContainer - [hivemq-test-hivemq-platform] [hivemq-platform-operator] [a35318ba]                  | |  | || | \ V /|  __/| |  | || |__| |
2025-01-30 18:18:17,774 INFO c.h.h.t.HelmChartContainer - [hivemq-test-hivemq-platform] [hivemq-platform-operator] [a35318ba]                  |_|  |_||_|  \_/  \___||_|  |_| \___\_\
2025-01-30 18:18:17,774 INFO c.h.h.t.HelmChartContainer - [hivemq-test-hivemq-platform] [hivemq-platform-operator] [a35318ba] 
2025-01-30 18:18:17,774 INFO c.h.h.t.HelmChartContainer - [hivemq-test-hivemq-platform] [hivemq-platform-operator] [a35318ba] -------------------------------------------------------------------------
2025-01-30 18:18:17,774 INFO c.h.h.t.HelmChartContainer - [hivemq-test-hivemq-platform] [hivemq-platform-operator] [a35318ba] 
2025-01-30 18:18:17,774 INFO c.h.h.t.HelmChartContainer - [hivemq-test-hivemq-platform] [hivemq-platform-operator] [a35318ba]   HiveMQ Platform Operator Start Script v1.0
2025-01-30 18:18:17,774 INFO c.h.h.t.HelmChartContainer - [hivemq-test-hivemq-platform] [hivemq-platform-operator] [a35318ba] 
2025-01-30 18:18:17,774 INFO c.h.h.t.HelmChartContainer - [hivemq-test-hivemq-platform] [hivemq-platform-operator] [a35318ba] -------------------------------------------------------------------------
2025-01-30 18:18:17,774 INFO c.h.h.t.HelmChartContainer - [hivemq-test-hivemq-platform] [hivemq-platform-operator] [a35318ba] 
2025-01-30 18:18:17,774 INFO c.h.h.t.HelmChartContainer - [hivemq-test-hivemq-platform] [hivemq-platform-operator] [a35318ba]   JAVA_OPTS: -XX:+UnlockExperimentalVMOptions -XX:InitialRAMPercentage=75 -XX:MaxRAMPercentage=75 -Duser.language=en -Duser.region=US
2025-01-30 18:18:17,774 INFO c.h.h.t.HelmChartContainer - [hivemq-test-hivemq-platform] [hivemq-platform-operator] [a35318ba] 
2025-01-30 18:18:17,774 INFO c.h.h.t.HelmChartContainer - [hivemq-test-hivemq-platform] [hivemq-platform-operator] [a35318ba]   JAVA_VERSION: 21
2025-01-30 18:18:17,774 INFO c.h.h.t.HelmChartContainer - [hivemq-test-hivemq-platform] [hivemq-platform-operator] [a35318ba] 
2025-01-30 18:18:17,774 INFO c.h.h.t.HelmChartContainer - [hivemq-test-hivemq-platform] [hivemq-platform-operator] [a35318ba] -------------------------------------------------------------------------
2025-01-30 18:18:17,775 INFO c.h.h.t.HelmChartContainer - [hivemq-test-hivemq-platform] [hivemq-platform-operator] [a35318ba] 
2025-01-30 18:18:20,542 INFO c.h.h.t.HelmChartContainer - [hivemq-test-hivemq-platform] [hivemq-platform-operator] [a35318ba] 18:18:20.539 [main] DEBUG org.jboss.logging - Logging Provider: org.jboss.logging.Slf4jLoggerProvider
2025-01-30 18:18:20,641 INFO c.h.h.t.HelmChartContainer - [hivemq-test-hivemq-platform] [hivemq-platform-operator] [a35318ba] 18:18:20.640 [main] DEBUG io.smallrye.config - SRCFG01006: Loaded ConfigSource SysPropConfigSource with ordinal 400
2025-01-30 18:18:20,641 INFO c.h.h.t.HelmChartContainer - [hivemq-test-hivemq-platform] [hivemq-platform-operator] [a35318ba] 18:18:20.640 [main] DEBUG io.smallrye.config - SRCFG01006: Loaded ConfigSource EnvConfigSource with ordinal 300
2025-01-30 18:18:20,641 INFO c.h.h.t.HelmChartContainer - [hivemq-test-hivemq-platform] [hivemq-platform-operator] [a35318ba] 18:18:20.640 [main] DEBUG io.smallrye.config - SRCFG01006: Loaded ConfigSource PropertiesConfigSource[source=jar:file:///opt/hivemq-platform-operator/bin/hivemq-platform-operator.jar!/hivemq-platform-operator.properties] with ordinal 100
2025-01-30 18:18:20,641 INFO c.h.h.t.HelmChartContainer - [hivemq-test-hivemq-platform] [hivemq-platform-operator] [a35318ba] 18:18:20.640 [main] DEBUG io.smallrye.config - SRCFG01006: Loaded ConfigSource DefaultValuesConfigSource with ordinal -2147483648
2025-01-30 18:18:20,739 INFO c.h.h.t.HelmChartContainer - [hivemq-test-hivemq-platform] [hivemq-platform-operator] [a35318ba] 18:18:20.738 [main] DEBUG i.m.c.u.i.l.InternalLoggerFactory - Using SLF4J as the default logging framework
2025-01-30 18:18:20,842 INFO c.h.h.t.HelmChartContainer - [hivemq-test-hivemq-platform] [hivemq-platform-operator] [a35318ba] 18:18:20.833 [main] INFO  c.h.p.o.HiveMQPlatformOperatorApplication - HiveMQ Platform Operator 1.7.0-SNAPSHOT (commit: 47e3375 on branch: HEAD) built on Thu Jan 30 03:55:50 UTC 2025
2025-01-30 18:18:20,843 INFO c.h.h.t.HelmChartContainer - [hivemq-test-hivemq-platform] [hivemq-platform-operator] [a35318ba] 18:18:20.841 [main] INFO  c.h.p.o.HiveMQPlatformOperatorApplication - HiveMQ Platform Operator is running in namespace: helmwebsocketsit-operator
2025-01-30 18:18:20,843 INFO c.h.h.t.HelmChartContainer - [hivemq-test-hivemq-platform] [hivemq-platform-operator] [a35318ba] 18:18:20.841 [main] INFO  c.h.p.o.HiveMQPlatformOperatorApplication - Watching all namespaces
2025-01-30 18:18:20,843 INFO c.h.h.t.HelmChartContainer - [hivemq-test-hivemq-platform] [hivemq-platform-operator] [a35318ba] 18:18:20.841 [main] INFO  c.h.p.o.HiveMQPlatformOperatorApplication - Log level: DEBUG
2025-01-30 18:18:20,844 INFO c.h.h.t.HelmChartContainer - [hivemq-test-hivemq-platform] [hivemq-platform-operator] [a35318ba] 18:18:20.841 [main] INFO  c.h.p.o.HiveMQPlatformOperatorApplication - Release name: test-hivemq-platform-operator
2025-01-30 18:18:20,844 INFO c.h.h.t.HelmChartContainer - [hivemq-test-hivemq-platform] [hivemq-platform-operator] [a35318ba] 18:18:20.841 [main] INFO  c.h.p.o.HiveMQPlatformOperatorApplication - HiveMQ Platform Operator Init image: docker.io/hivemq/hivemq-platform-operator-init-test:snapshot
2025-01-30 18:18:20,844 INFO c.h.h.t.HelmChartContainer - [hivemq-test-hivemq-platform] [hivemq-platform-operator] [a35318ba] 18:18:20.841 [main] INFO  c.h.p.o.HiveMQPlatformOperatorApplication - HiveMQ Platform Operator Init App update URL: http://hivemq-platform-operator-test-hivemq-platform-operator.helmwebsocketsit-operator.svc:8080/initAppUpdate/hivemq-platform-operator-init-app-1.7.0-SNAPSHOT.jar
2025-01-30 18:18:20,844 INFO c.h.h.t.HelmChartContainer - [hivemq-test-hivemq-platform] [hivemq-platform-operator] [a35318ba] 18:18:20.842 [main] INFO  c.h.p.o.HiveMQPlatformOperatorApplication - Additional imagePullSecret for all Platform deployments: none
2025-01-30 18:18:20,844 INFO c.h.h.t.HelmChartContainer - [hivemq-test-hivemq-platform] [hivemq-platform-operator] [a35318ba] 18:18:20.842 [main] INFO  c.h.p.o.HiveMQPlatformOperatorApplication - Apply HiveMQ Platform CRD: true
2025-01-30 18:18:20,844 INFO c.h.h.t.HelmChartContainer - [hivemq-test-hivemq-platform] [hivemq-platform-operator] [a35318ba] 18:18:20.842 [main] INFO  c.h.p.o.HiveMQPlatformOperatorApplication - Create Platform ServiceAccount: true
2025-01-30 18:18:20,844 INFO c.h.h.t.HelmChartContainer - [hivemq-test-hivemq-platform] [hivemq-platform-operator] [a35318ba] 18:18:20.842 [main] INFO  c.h.p.o.HiveMQPlatformOperatorApplication - Create Platform ServiceAccount permissions: true
2025-01-30 18:18:20,844 INFO c.h.h.t.HelmChartContainer - [hivemq-test-hivemq-platform] [hivemq-platform-operator] [a35318ba] 18:18:20.842 [main] INFO  c.h.p.o.HiveMQPlatformOperatorApplication - Validate Platform ServiceAccount: true
2025-01-30 18:18:20,844 INFO c.h.h.t.HelmChartContainer - [hivemq-test-hivemq-platform] [hivemq-platform-operator] [a35318ba] 18:18:20.842 [main] INFO  c.h.p.o.HiveMQPlatformOperatorApplication - Validate Platform ServiceAccount permissions: true
2025-01-30 18:18:20,937 INFO c.h.h.t.HelmChartContainer - [hivemq-test-hivemq-platform] [hivemq-platform-operator] [a35318ba] 18:18:20.929 [main] INFO  c.h.platform.operator.util.CRDUtil - Verifying deployed HiveMQ Platform CRD...
2025-01-30 18:18:23,527 INFO c.h.h.t.HelmChartContainer - [hivemq-test-hivemq-platform] [hivemq-platform-operator] [a35318ba] 18:18:23.526 [main] DEBUG c.h.platform.operator.util.CRDUtil - HiveMQ Platform CRD version v1 is up to date
2025-01-30 18:18:23,527 INFO c.h.h.t.HelmChartContainer - [hivemq-test-hivemq-platform] [hivemq-platform-operator] [a35318ba] 18:18:23.526 [main] INFO  c.h.platform.operator.util.CRDUtil - HiveMQ Platform CRD is up to date (version: V1_6_0)
2025-01-30 18:18:23,527 INFO c.h.h.t.HelmChartContainer - [hivemq-test-hivemq-platform] [hivemq-platform-operator] [a35318ba] 18:18:23.527 [main] INFO  c.h.platform.operator.util.CRDUtil - Waiting 10000 ms for HiveMQ Platform CRD 'hivemq-platforms.hivemq.com' to become ready...
2025-01-30 18:18:23,841 INFO c.h.h.t.HelmChartContainer - [hivemq-test-hivemq-platform] [hivemq-platform-operator] [a35318ba] 18:18:23.840 [vert.x-eventloop-thread-1] DEBUG c.h.platform.operator.util.CRDUtil - Checking CRD condition 'NamesAccepted' (status: 'True')
2025-01-30 18:18:23,841 INFO c.h.h.t.HelmChartContainer - [hivemq-test-hivemq-platform] [hivemq-platform-operator] [a35318ba] 18:18:23.840 [vert.x-eventloop-thread-1] DEBUG c.h.platform.operator.util.CRDUtil - Checking CRD condition 'Established' (status: 'True')
2025-01-30 18:18:23,842 INFO c.h.h.t.HelmChartContainer - [hivemq-test-hivemq-platform] [hivemq-platform-operator] [a35318ba] 18:18:23.841 [main] INFO  c.h.platform.operator.util.CRDUtil - HiveMQ Platform CRD 'hivemq-platforms.hivemq.com' is ready
2025-01-30 18:18:24,038 INFO c.h.h.t.HelmChartContainer - [hivemq-test-hivemq-platform] [hivemq-platform-operator] [a35318ba] 18:18:24.037 [main] INFO  c.h.p.o.HiveMQPlatformReconciler - HiveMQ Platform Operator is starting...
2025-01-30 18:18:24,138 INFO c.h.h.t.HelmChartContainer - [hivemq-test-hivemq-platform] [hivemq-platform-operator] [a35318ba] 18:18:24.129 [main] WARN  Default ConfigurationService implementation - Configuration for reconciler 'hivemq-controller' was not found. Known reconcilers: None.
2025-01-30 18:18:24,145 INFO c.h.h.t.HelmChartContainer - [hivemq-test-hivemq-platform] [hivemq-platform-operator] [a35318ba] 18:18:24.145 [main] INFO  Default ConfigurationService implementation - Created configuration for reconciler com.hivemq.platform.operator.HiveMQPlatformReconciler with name hivemq-controller
2025-01-30 18:18:24,249 INFO c.h.h.t.HelmChartContainer - [hivemq-test-hivemq-platform] [hivemq-platform-operator] [a35318ba] 18:18:24.248 [main] DEBUG c.h.p.o.HiveMQPlatformReconciler - HiveMQ Platform Operator is preparing EventSources
2025-01-30 18:18:24,328 INFO c.h.h.t.HelmChartContainer - [hivemq-test-hivemq-platform] [hivemq-platform-operator] [a35318ba] 18:18:24.327 [main] INFO  i.javaoperatorsdk.operator.Operator - Registered reconciler: 'hivemq-controller' for resource: 'class com.hivemq.platform.operator.v1.HiveMQPlatform' for namespace(s): [all namespaces]
2025-01-30 18:18:25,040 INFO c.h.h.t.HelmChartContainer - [hivemq-test-hivemq-platform] [hivemq-platform-operator] [a35318ba] 18:18:25.039 [main] INFO  c.h.p.operator.webserver.JettyServer - Starting Jetty server on port 8080
2025-01-30 18:18:25,142 INFO c.h.h.t.HelmChartContainer - [hivemq-test-hivemq-platform] [hivemq-platform-operator] [a35318ba] 18:18:25.141 [main] INFO  i.javaoperatorsdk.operator.Operator - Operator SDK 4.9.7 (commit: 2133d28) built on Wed Nov 20 12:56:20 UTC 2024 starting...
2025-01-30 18:18:25,142 INFO c.h.h.t.HelmChartContainer - [hivemq-test-hivemq-platform] [hivemq-platform-operator] [a35318ba] 18:18:25.141 [main] INFO  i.javaoperatorsdk.operator.Operator - Client version: 6.13.5
2025-01-30 18:18:25,143 INFO c.h.h.t.HelmChartContainer - [hivemq-test-hivemq-platform] [hivemq-platform-operator] [a35318ba] 18:18:25.142 [Controller Starter for: hivemq-controller] INFO  i.j.operator.processing.Controller - Starting 'hivemq-controller' controller for reconciler: com.hivemq.platform.operator.HiveMQPlatformReconciler, resource: com.hivemq.platform.operator.v1.HiveMQPlatform
2025-01-30 18:18:27,540 INFO c.h.h.t.HelmChartContainer - [hivemq-test-hivemq-platform] [hivemq-platform-operator] [a35318ba] 18:18:27.539 [Controller Starter for: hivemq-controller] INFO  i.j.operator.processing.Controller - 'hivemq-controller' controller started
2025-01-30 18:18:27,540 INFO c.h.h.t.HelmChartContainer - [hivemq-test-hivemq-platform] [hivemq-platform-operator] [a35318ba] 18:18:27.539 [main] INFO  c.h.p.o.HiveMQPlatformOperatorApplication - HiveMQ Platform Operator 1.7.0-SNAPSHOT started in 6706 ms
2025-01-30 18:18:28,774 INFO c.h.h.t.HelmChartContainer - [POD] hivemq-test-hivemq-platform-operator-6966f96d65-wh72k [a35318ba-0f8f-4d4d-81e6-85bc199d7f82] in helmwebsocketsit-operator was MODIFIED
2025-01-30 18:18:28,776 INFO c.h.h.t.HelmChartContainer - [K3S] [replica_set.go:679] "Finished syncing" kind="ReplicaSet" key="helmwebsocketsit-operator/hivemq-test-hivemq-platform-operator-6966f96d65" duration="8.988866ms"
2025-01-30 18:18:28,777 INFO c.h.h.t.HelmChartContainer - [K3S] [replica_set.go:679] "Finished syncing" kind="ReplicaSet" key="helmwebsocketsit-operator/hivemq-test-hivemq-platform-operator-6966f96d65" duration="43.03µs"
2025-01-30 18:18:29,871 DEBUG c.h.helmcharts.util.CertificatesUtil - ....+.........+....+...+..+++++++++++++++++++++++++++++++++++++++++++++++++++++++++++++++++*..+......+...+.....+...+...+....+..+.........+++++++++++++++++++++++++++++++++++++++++++++++++++++++++++++++++*...+.+..+.........+++++++++++++++++++++++++++++++++++++++++++++++++++++++++++++++++
2025-01-30 18:18:30,061 DEBUG c.h.helmcharts.util.CertificatesUtil - .+.+...+........+............+.+......+.....+......+....+++++++++++++++++++++++++++++++++++++++++++++++++++++++++++++++++*....+.+.....+......+...+....+...+.....+.......+...+...+..+++++++++++++++++++++++++++++++++++++++++++++++++++++++++++++++++*....+.+...+...+........+......+.+...+......+...+......+......+...+..................+..+......+......+.+.....+.......+........+...+..........+.........+........+.......+..+....+..+...+..........+.....+.+...+..+..........+.....+...+.+..+..........+........+..........+..............+............+...+......+.+...+...+..............+.+...+......+.....+....+..+.......+..+.........+....+..+....+............+.........+.....+...+...............+...+...+.+.....................+..+.+...........+.+..+......+.......+...+..+.......+...+..+............+....+..+...+.+...........+............+.............+..+.+......+......+..+...+......................+..+...+.+..............+..........+........+...+.........+.+.....+.........+.......+.....+......+....+...+...+............+............+.....+......+...+.+........+++++++++++++++++++++++++++++++++++++++++++++++++++++++++++++++++
2025-01-30 18:18:30,064 DEBUG c.h.helmcharts.util.CertificatesUtil - -----
2025-01-30 18:18:30,090 DEBUG c.h.helmcharts.util.CertificatesUtil - Certificate request self-signature ok
2025-01-30 18:18:30,090 DEBUG c.h.helmcharts.util.CertificatesUtil - subject=C = CA, CN = secure-service-platform.default.svc
2025-01-30 18:18:30,094 DEBUG c.h.helmcharts.util.CertificatesUtil - >> Generating keystore and truststore files
2025-01-30 18:18:30,270 DEBUG c.h.helmcharts.util.CertificatesUtil - Importing keystore key.pkcs12 to keystore.jks...
2025-01-30 18:18:30,401 DEBUG c.h.helmcharts.util.CertificatesUtil - Entry for alias 1 successfully imported.
2025-01-30 18:18:30,409 DEBUG c.h.helmcharts.util.CertificatesUtil - Import command completed:  1 entries successfully imported, 0 entries failed or cancelled
2025-01-30 18:18:30,416 DEBUG c.h.helmcharts.util.CertificatesUtil - 
2025-01-30 18:18:30,417 DEBUG c.h.helmcharts.util.CertificatesUtil - Warning:
2025-01-30 18:18:30,417 DEBUG c.h.helmcharts.util.CertificatesUtil - The JKS keystore uses a proprietary format. It is recommended to migrate to PKCS12 which is an industry standard format using "keytool -importkeystore -srckeystore keystore.jks -destkeystore keystore.jks -deststoretype pkcs12".
2025-01-30 18:18:30,646 DEBUG c.h.helmcharts.util.CertificatesUtil - Certificate stored in file <secure-service-platform.pem>
2025-01-30 18:18:30,811 DEBUG c.h.helmcharts.util.CertificatesUtil - Certificate was added to keystore
2025-01-30 18:18:31,238 DEBUG c.h.helmcharts.util.CertificatesUtil - Certificate was added to keystore
2025-01-30 18:18:31,822 DEBUG c.h.helmcharts.util.CertificatesUtil - >> Create client certificates
2025-01-30 18:18:31,950 DEBUG c.h.helmcharts.util.CertificatesUtil - ...+....+.....+......+...+++++++++++++++++++++++++++++++++++++++++++++++++++++++++++++++++*.+..+...............+....+..+...+....+.....+.+++++++++++++++++++++++++++++++++++++++++++++++++++++++++++++++++*.+..+.+...+...............+......+........+...+....+......+..............+...+.+.....+.+...........+...+....+..+...+...+...+....+...+........+.......+..+..........+........+..........+.....+..................+......+.+..+......+.+.....+.+..............+....+.....+......+...................+..............+...+.......+...+..+.......+.....+....+.....+....+...........+...................+...+..+.......+.....+...+...+...............+....+.....+....+.................+...............+.........+......+++++++++++++++++++++++++++++++++++++++++++++++++++++++++++++++++
2025-01-30 18:18:32,100 DEBUG c.h.helmcharts.util.CertificatesUtil - .......+..+...+++++++++++++++++++++++++++++++++++++++++++++++++++++++++++++++++*..+.+.........+++++++++++++++++++++++++++++++++++++++++++++++++++++++++++++++++*.+...............+...+.+......+...+...+.........+........+......+.+........+.+.....+....+........+..................+......+.+..+..................+....+......+..+..........+..+.+.........+........+......+.+.....+...+...+.......+..................+...+......+...+...........+...................+.....................+......+........+...+...+......+....+............+..+...+............+.+.....+.......+.....+...+.+........+.......+......+...+......+.....+.+........+....+...+..................+........................+......+..+.............+..............+.+......+...+.....+...+....+.....+......+.......+........+++++++++++++++++++++++++++++++++++++++++++++++++++++++++++++++++
2025-01-30 18:18:32,103 DEBUG c.h.helmcharts.util.CertificatesUtil - -----
2025-01-30 18:18:32,129 DEBUG c.h.helmcharts.util.CertificatesUtil - >> Import the certificates
2025-01-30 18:18:32,437 DEBUG c.h.helmcharts.util.CertificatesUtil - Certificate was added to keystore
2025-01-30 18:18:32,640 DEBUG c.h.h.t.HelmChartContainer - Executing helm command: /bin/helm --kubeconfig /etc/rancher/k3s/k3s.yaml install test-hivemq-platform /charts/hivemq-platform --wait --timeout 5m0s --set image.repository=docker.io/hivemq --set image.tag=4.36.0 --set image.pullPolicy=Never --set nodes.resources.cpu=512m -f /files/tls-ws-with-private-key-values.yaml --namespace helmwebsocketsit
2025-01-30 18:18:32,942 INFO c.h.h.t.HelmChartContainer - [hivemq-test-hivemq-platform] [hivemq-platform-operator] [a35318ba] 18:18:32.939 [-2082509879-pool-1-thread-3] WARN  i.m.p.PrometheusMeterRegistry - The meter (MeterId{name='operator.sdk.events.received', tags=[tag(action=ADDED),tag(event=ResourceEvent),tag(group=hivemq.com),tag(kind=HiveMQPlatform),tag(name=test-hivemq-platform),tag(namespace=helmwebsocketsit),tag(scope=namespace),tag(version=v1)]}) registration has failed: Prometheus requires that all meters with the same name have the same set of tag keys. There is already an existing meter named 'operator.sdk.events.received' containing tag keys [event, group, kind, name, namespace, scope, version]. The meter you are attempting to register has keys [action, event, group, kind, name, namespace, scope, version]. Note that subsequent logs will be logged at debug level.
2025-01-30 18:18:33,443 INFO c.h.h.t.HelmChartContainer - [hivemq-test-hivemq-platform] [hivemq-platform-operator] [a35318ba] 18:18:33.440 [pool-6-thread-3] DEBUG c.h.p.o.dependants.PodInfoConfigMap - [helmwebs] Desired PodInfo ConfigMap (1 extensions) (1 enabled)
2025-01-30 18:18:33,444 INFO c.h.h.t.HelmChartContainer - [hivemq-test-hivemq-platform] [hivemq-platform-operator] [a35318ba] 18:18:33.440 [pool-6-thread-3] DEBUG c.h.p.o.dependants.PodInfoConfigMap - [helmwebs] Desired PodInfo ConfigMap (metrics port: 9399) (metrics path: /)
2025-01-30 18:18:33,444 INFO c.h.h.t.HelmChartContainer - [hivemq-test-hivemq-platform] [hivemq-platform-operator] [a35318ba] 18:18:33.440 [pool-6-thread-3] DEBUG c.h.p.o.dependants.PodInfoConfigMap - [helmwebs] Desired PodInfo ConfigMap (extension state hash: -1817474005)
2025-01-30 18:18:33,444 INFO c.h.h.t.HelmChartContainer - [hivemq-test-hivemq-platform] [hivemq-platform-operator] [a35318ba] 18:18:33.441 [pool-6-thread-3] DEBUG c.h.p.o.dependants.PodInfoConfigMap - [helmwebs] Create PodInfo ConfigMap
2025-01-30 18:18:33,546 INFO c.h.h.t.HelmChartContainer - [hivemq-test-hivemq-platform] [hivemq-platform-operator] [a35318ba] 18:18:33.541 [pool-6-thread-5] DEBUG c.h.p.o.dependants.PodRoleResource - [helmwebs] Create Role: Role(apiVersion=rbac.authorization.k8s.io/v1, kind=Role, metadata=ObjectMeta(annotations={meta.helm.sh/release-name=test-hivemq-platform, meta.helm.sh/release-namespace=helmwebsocketsit}, creationTimestamp=null, deletionGracePeriodSeconds=null, deletionTimestamp=null, finalizers=[], generateName=null, generation=null, labels={helm.sh/chart=hivemq-platform-0.2.32, app.kubernetes.io/managed-by=Helm, app.kubernetes.io/name=hivemq-platform, hivemq-platform=test-hivemq-platform, app.kubernetes.io/instance=test-hivemq-platform, app.kubernetes.io/version=4.36.0}, managedFields=[], name=hivemq-platform-role-test-hivemq-platform, namespace=helmwebsocketsit, ownerReferences=[OwnerReference(apiVersion=hivemq.com/v1, blockOwnerDeletion=null, controller=null, kind=HiveMQPlatform, name=test-hivemq-platform, uid=d41085a0-1542-4a00-bac5-7040d62c383b, additionalProperties={})], resourceVersion=null, selfLink=null, uid=null, additionalProperties={}), rules=[PolicyRule(apiGroups=[], nonResourceURLs=[], resourceNames=[], resources=[pods], verbs=[get, patch, update], additionalProperties={})], additionalProperties={})
2025-01-30 18:18:33,648 INFO c.h.h.t.HelmChartContainer - [hivemq-test-hivemq-platform] [hivemq-platform-operator] [a35318ba] 18:18:33.644 [pool-6-thread-7] DEBUG c.h.p.o.d.PodServiceAccountResource - [helmwebs] Desired PodServiceAccountResource (serviceAccountName: hivemq-platform-pod-test-hivemq-platform)
2025-01-30 18:18:33,648 INFO c.h.h.t.HelmChartContainer - [hivemq-test-hivemq-platform] [hivemq-platform-operator] [a35318ba] 18:18:33.645 [pool-6-thread-7] DEBUG c.h.p.o.d.PodServiceAccountResource - [helmwebs] Create ServiceAccount 'hivemq-platform-pod-test-hivemq-platform'
2025-01-30 18:18:33,752 INFO c.h.h.t.HelmChartContainer - [hivemq-test-hivemq-platform] [hivemq-platform-operator] [a35318ba] 18:18:33.751 [pool-6-thread-10] DEBUG c.h.p.o.d.PodRoleBindingResource - [helmwebs] Create RoleBinding: RoleBinding(apiVersion=rbac.authorization.k8s.io/v1, kind=RoleBinding, metadata=ObjectMeta(annotations={meta.helm.sh/release-name=test-hivemq-platform, meta.helm.sh/release-namespace=helmwebsocketsit}, creationTimestamp=null, deletionGracePeriodSeconds=null, deletionTimestamp=null, finalizers=[], generateName=null, generation=null, labels={helm.sh/chart=hivemq-platform-0.2.32, app.kubernetes.io/managed-by=Helm, app.kubernetes.io/name=hivemq-platform, hivemq-platform=test-hivemq-platform, app.kubernetes.io/instance=test-hivemq-platform, app.kubernetes.io/version=4.36.0}, managedFields=[], name=hivemq-platform-role-binding-test-hivemq-platform, namespace=helmwebsocketsit, ownerReferences=[OwnerReference(apiVersion=hivemq.com/v1, blockOwnerDeletion=null, controller=null, kind=HiveMQPlatform, name=test-hivemq-platform, uid=d41085a0-1542-4a00-bac5-7040d62c383b, additionalProperties={})], resourceVersion=null, selfLink=null, uid=null, additionalProperties={}), roleRef=RoleRef(apiGroup=rbac.authorization.k8s.io, kind=Role, name=hivemq-platform-role-test-hivemq-platform, additionalProperties={}), subjects=[Subject(apiGroup=null, kind=ServiceAccount, name=hivemq-platform-pod-test-hivemq-platform, namespace=helmwebsocketsit, additionalProperties={})], additionalProperties={})
2025-01-30 18:18:33,851 INFO c.h.h.t.HelmChartContainer - [hivemq-test-hivemq-platform] [hivemq-platform-operator] [a35318ba] 18:18:33.850 [ReconcilerExecutor-hivemq-controller-52] INFO  c.h.p.o.HiveMQPlatformReconciler - [helmwebs] Reconciling HiveMQ Platform 'test-hivemq-platform' in namespace 'helmwebsocketsit'
2025-01-30 18:18:33,851 INFO c.h.h.t.HelmChartContainer - [hivemq-test-hivemq-platform] [hivemq-platform-operator] [a35318ba] 18:18:33.850 [ReconcilerExecutor-hivemq-controller-52] DEBUG c.h.p.o.HiveMQPlatformReconciler - [helmwebs] Custom Resource Status CREATED - HiveMQ Platform was created (READY)
2025-01-30 18:18:33,851 INFO c.h.h.t.HelmChartContainer - [hivemq-test-hivemq-platform] [hivemq-platform-operator] [a35318ba] 18:18:33.850 [ReconcilerExecutor-hivemq-controller-52] DEBUG c.h.p.o.HiveMQPlatformReconciler - [helmwebs] Custom Resource Spec (replicas: 1) (extensions: 1)
2025-01-30 18:18:33,856 INFO c.h.h.t.HelmChartContainer - [hivemq-test-hivemq-platform] [hivemq-platform-operator] [a35318ba] 18:18:33.856 [ReconcilerExecutor-hivemq-controller-52] INFO  c.h.p.o.h.HiveMQPlatformReconcilerBaseHandler - [helmwebs] HiveMQ Platform is starting
2025-01-30 18:18:33,950 INFO c.h.h.t.HelmChartContainer - [hivemq-test-hivemq-platform] [hivemq-platform-operator] [a35318ba] 18:18:33.949 [ReconcilerExecutor-hivemq-controller-52] DEBUG c.h.p.operator.event.EventSender - [helmwebs] Creating K8s event hivemq-platform-starting: [Start] HiveMQ Platform is starting
2025-01-30 18:18:33,958 INFO c.h.h.t.HelmChartContainer - [EVENT] Normal [Start] HiveMQ Platform is starting [helmwebsocketsit:test-hivemq-platform]
2025-01-30 18:18:34,041 INFO c.h.h.t.HelmChartContainer - [hivemq-test-hivemq-platform] [hivemq-platform-operator] [a35318ba] 18:18:34.040 [ReconcilerExecutor-hivemq-controller-52] INFO  c.h.p.o.h.AbstractHiveMQReconcilerStateHandler - [helmwebs] Update HiveMQ Platform Status (CREATED [READY] -> STARTING [READY]): HiveMQ Platform is starting
2025-01-30 18:18:34,057 DEBUG com.hivemq.helmcharts.util.K8sUtil - Comparing actual state 'STARTING' and waiting for 'RUNNING'
2025-01-30 18:18:44,150 INFO c.h.h.t.HelmChartContainer - [hivemq-test-hivemq-platform] [hivemq-platform-operator] [a35318ba] 18:18:44.145 [pool-6-thread-12] DEBUG c.h.p.o.d.PlatformServiceResource - [helmwebs] Desired Platform services (4 services)
2025-01-30 18:18:44,150 INFO c.h.h.t.HelmChartContainer - [hivemq-test-hivemq-platform] [hivemq-platform-operator] [a35318ba] 18:18:44.147 [pool-6-thread-13] DEBUG c.h.p.o.dependants.PodInfoConfigMap - [helmwebs] Desired PodInfo ConfigMap (1 extensions) (1 enabled)
2025-01-30 18:18:44,150 INFO c.h.h.t.HelmChartContainer - [hivemq-test-hivemq-platform] [hivemq-platform-operator] [a35318ba] 18:18:44.147 [pool-6-thread-13] DEBUG c.h.p.o.dependants.PodInfoConfigMap - [helmwebs] Desired PodInfo ConfigMap (metrics port: 9399) (metrics path: /)
2025-01-30 18:18:44,150 INFO c.h.h.t.HelmChartContainer - [hivemq-test-hivemq-platform] [hivemq-platform-operator] [a35318ba] 18:18:44.147 [pool-6-thread-13] DEBUG c.h.p.o.dependants.PodInfoConfigMap - [helmwebs] Desired PodInfo ConfigMap (extension state hash: -1817474005)
2025-01-30 18:18:44,152 INFO c.h.h.t.HelmChartContainer - [hivemq-test-hivemq-platform] [hivemq-platform-operator] [a35318ba] 18:18:44.150 [pool-6-thread-17] DEBUG c.h.p.o.d.PodServiceAccountResource - [helmwebs] Desired PodServiceAccountResource (serviceAccountName: hivemq-platform-pod-test-hivemq-platform)
2025-01-30 18:18:44,153 INFO c.h.h.t.HelmChartContainer - [hivemq-test-hivemq-platform] [hivemq-platform-operator] [a35318ba] 18:18:44.152 [pool-6-thread-13] DEBUG c.h.p.o.dependants.PodInfoConfigMap - [helmwebs] Update PodInfo ConfigMap
2025-01-30 18:18:44,249 INFO c.h.h.t.HelmChartContainer - [K3S] [alloc.go:330] "allocated clusterIPs" service="helmwebsocketsit/hivemq-test-hivemq-platform-metrics-9399" clusterIPs={"IPv4":"10.43.182.51"}
2025-01-30 18:18:44,345 INFO c.h.h.t.HelmChartContainer - [K3S] [alloc.go:330] "allocated clusterIPs" service="helmwebsocketsit/hivemq-test-hivemq-platform-ws-8004" clusterIPs={"IPv4":"10.43.83.74"}
2025-01-30 18:18:44,358 INFO c.h.h.t.HelmChartContainer - [K3S] [alloc.go:330] "allocated clusterIPs" service="helmwebsocketsit/hivemq-test-hivemq-platform-ws-8003" clusterIPs={"IPv4":"10.43.41.160"}
2025-01-30 18:18:44,449 INFO c.h.h.t.HelmChartContainer - [K3S] [alloc.go:330] "allocated clusterIPs" service="helmwebsocketsit/hivemq-test-hivemq-platform-ws-8002" clusterIPs={"IPv4":"10.43.10.125"}
2025-01-30 18:18:44,461 INFO c.h.h.t.HelmChartContainer - [hivemq-test-hivemq-platform] [hivemq-platform-operator] [a35318ba] 18:18:44.456 [pool-6-thread-20] DEBUG c.h.p.o.d.StatefulSetResource - [helmwebs] Desired StatefulSet (1 replicas) for status STARTING (READY)
2025-01-30 18:18:44,549 INFO c.h.h.t.HelmChartContainer - [hivemq-test-hivemq-platform] [hivemq-platform-operator] [a35318ba] 18:18:44.547 [pool-6-thread-20] DEBUG c.h.p.o.d.StatefulSetResource - [helmwebs] Create StatefulSet
2025-01-30 18:18:44,575 INFO c.h.h.t.HelmChartContainer - [EVENT] Normal [SuccessfulCreate] create Pod test-hivemq-platform-0 in StatefulSet test-hivemq-platform successful [helmwebsocketsit:test-hivemq-platform]
2025-01-30 18:18:44,576 INFO c.h.h.t.HelmChartContainer - [POD] test-hivemq-platform-0 [c35d5ada-21fd-488a-a4f4-f3bb00798304] in helmwebsocketsit was ADDED
2025-01-30 18:18:44,580 INFO c.h.h.t.HelmChartContainer - [EVENT] Normal [Scheduled] Successfully assigned helmwebsocketsit/test-hivemq-platform-0 to 59e0c862e0de [helmwebsocketsit:test-hivemq-platform-0]
2025-01-30 18:18:44,580 INFO c.h.h.t.HelmChartContainer - [POD] test-hivemq-platform-0 [c35d5ada-21fd-488a-a4f4-f3bb00798304] in helmwebsocketsit was MODIFIED
2025-01-30 18:18:44,592 INFO c.h.h.t.HelmChartContainer - [POD] test-hivemq-platform-0 [c35d5ada-21fd-488a-a4f4-f3bb00798304] in helmwebsocketsit was MODIFIED
2025-01-30 18:18:44,648 INFO c.h.h.t.HelmChartContainer - [hivemq-test-hivemq-platform] [hivemq-platform-operator] [a35318ba] 18:18:44.646 [ReconcilerExecutor-hivemq-controller-63] INFO  c.h.p.o.HiveMQPlatformReconciler - [helmwebs] Reconciling HiveMQ Platform 'test-hivemq-platform' in namespace 'helmwebsocketsit'
2025-01-30 18:18:44,649 INFO c.h.h.t.HelmChartContainer - [hivemq-test-hivemq-platform] [hivemq-platform-operator] [a35318ba] 18:18:44.647 [ReconcilerExecutor-hivemq-controller-63] DEBUG c.h.p.o.HiveMQPlatformReconciler - [helmwebs] Custom Resource Status STARTING - HiveMQ Platform is starting (READY)
2025-01-30 18:18:44,650 INFO c.h.h.t.HelmChartContainer - [hivemq-test-hivemq-platform] [hivemq-platform-operator] [a35318ba] 18:18:44.647 [ReconcilerExecutor-hivemq-controller-63] DEBUG c.h.p.o.HiveMQPlatformReconciler - [helmwebs] Custom Resource Spec (replicas: 1) (extensions: 1)
2025-01-30 18:18:44,707 INFO c.h.h.t.HelmChartContainer - [K3S] [reconciler_common.go:251] "operationExecutor.VerifyControllerAttachedVolume started for volume \"ws-keystore-8004\" (UniqueName: \"kubernetes.io/secret/c35d5ada-21fd-488a-a4f4-f3bb00798304-ws-keystore-8004\") pod \"test-hivemq-platform-0\" (UID: \"c35d5ada-21fd-488a-a4f4-f3bb00798304\") " pod="helmwebsocketsit/test-hivemq-platform-0"
2025-01-30 18:18:44,707 INFO c.h.h.t.HelmChartContainer - [K3S] [reconciler_common.go:251] "operationExecutor.VerifyControllerAttachedVolume started for volume \"broker-configuration\" (UniqueName: \"kubernetes.io/configmap/c35d5ada-21fd-488a-a4f4-f3bb00798304-broker-configuration\") pod \"test-hivemq-platform-0\" (UID: \"c35d5ada-21fd-488a-a4f4-f3bb00798304\") " pod="helmwebsocketsit/test-hivemq-platform-0"
2025-01-30 18:18:44,707 INFO c.h.h.t.HelmChartContainer - [K3S] [reconciler_common.go:251] "operationExecutor.VerifyControllerAttachedVolume started for volume \"kube-api-access-s2jwt\" (UniqueName: \"kubernetes.io/projected/c35d5ada-21fd-488a-a4f4-f3bb00798304-kube-api-access-s2jwt\") pod \"test-hivemq-platform-0\" (UID: \"c35d5ada-21fd-488a-a4f4-f3bb00798304\") " pod="helmwebsocketsit/test-hivemq-platform-0"
2025-01-30 18:18:44,707 INFO c.h.h.t.HelmChartContainer - [K3S] [reconciler_common.go:251] "operationExecutor.VerifyControllerAttachedVolume started for volume \"pod-info\" (UniqueName: \"kubernetes.io/configmap/c35d5ada-21fd-488a-a4f4-f3bb00798304-pod-info\") pod \"test-hivemq-platform-0\" (UID: \"c35d5ada-21fd-488a-a4f4-f3bb00798304\") " pod="helmwebsocketsit/test-hivemq-platform-0"
2025-01-30 18:18:44,707 INFO c.h.h.t.HelmChartContainer - [K3S] [reconciler_common.go:251] "operationExecutor.VerifyControllerAttachedVolume started for volume \"operator-init\" (UniqueName: \"kubernetes.io/empty-dir/c35d5ada-21fd-488a-a4f4-f3bb00798304-operator-init\") pod \"test-hivemq-platform-0\" (UID: \"c35d5ada-21fd-488a-a4f4-f3bb00798304\") " pod="helmwebsocketsit/test-hivemq-platform-0"
2025-01-30 18:18:44,707 INFO c.h.h.t.HelmChartContainer - [K3S] [reconciler_common.go:251] "operationExecutor.VerifyControllerAttachedVolume started for volume \"ws-keystore-8003\" (UniqueName: \"kubernetes.io/secret/c35d5ada-21fd-488a-a4f4-f3bb00798304-ws-keystore-8003\") pod \"test-hivemq-platform-0\" (UID: \"c35d5ada-21fd-488a-a4f4-f3bb00798304\") " pod="helmwebsocketsit/test-hivemq-platform-0"
2025-01-30 18:18:44,707 INFO c.h.h.t.HelmChartContainer - [K3S] [reconciler_common.go:251] "operationExecutor.VerifyControllerAttachedVolume started for volume \"ws-truststore-8004\" (UniqueName: \"kubernetes.io/secret/c35d5ada-21fd-488a-a4f4-f3bb00798304-ws-truststore-8004\") pod \"test-hivemq-platform-0\" (UID: \"c35d5ada-21fd-488a-a4f4-f3bb00798304\") " pod="helmwebsocketsit/test-hivemq-platform-0"
2025-01-30 18:18:44,742 INFO c.h.h.t.HelmChartContainer - [hivemq-test-hivemq-platform] [hivemq-platform-operator] [a35318ba] 18:18:44.739 [ReconcilerExecutor-hivemq-controller-63] DEBUG c.h.p.o.HiveMQPlatformReconciler - [helmwebs] StatefulSet Status (revision: test-hivemq-platform-c75b7cb76, replicas: 1, available: 0, ready: 0, current: 1, updated: 1)
2025-01-30 18:18:44,742 INFO c.h.h.t.HelmChartContainer - [hivemq-test-hivemq-platform] [hivemq-platform-operator] [a35318ba] 18:18:44.739 [ReconcilerExecutor-hivemq-controller-63] DEBUG c.h.p.o.HiveMQPlatformReconciler - [helmwebs] StatefulSet Spec (replicas: 1, init containers: 1, containers: 1, volumes: 6)
2025-01-30 18:18:44,752 INFO c.h.h.t.HelmChartContainer - [hivemq-test-hivemq-platform] [hivemq-platform-operator] [a35318ba] 18:18:44.751 [ReconcilerExecutor-hivemq-controller-63] DEBUG c.h.p.o.h.HiveMQPlatformReconcilerErrorHandler - [helmwebs] Pod 'test-hivemq-platform-0' phase Pending
2025-01-30 18:18:44,752 INFO c.h.h.t.HelmChartContainer - [hivemq-test-hivemq-platform] [hivemq-platform-operator] [a35318ba] 18:18:44.751 [ReconcilerExecutor-hivemq-controller-63] DEBUG c.h.p.o.h.HiveMQPlatformReconcilerErrorHandler - [helmwebs] Pod 'test-hivemq-platform-0' condition 'PodScheduled': True
2025-01-30 18:18:44,754 INFO c.h.h.t.HelmChartContainer - [hivemq-test-hivemq-platform] [hivemq-platform-operator] [a35318ba] 18:18:44.753 [ReconcilerExecutor-hivemq-controller-63] INFO  c.h.p.o.h.HiveMQPlatformReconcilerBaseHandler - [helmwebs] HiveMQ Platform is starting, 0 of 1 replicas are ready
2025-01-30 18:18:44,844 INFO c.h.h.t.HelmChartContainer - [hivemq-test-hivemq-platform] [hivemq-platform-operator] [a35318ba] 18:18:44.841 [pool-6-thread-22] DEBUG c.h.p.o.d.PlatformServiceResource - [helmwebs] Desired Platform services (4 services)
2025-01-30 18:18:44,844 INFO c.h.h.t.HelmChartContainer - [hivemq-test-hivemq-platform] [hivemq-platform-operator] [a35318ba] 18:18:44.843 [pool-6-thread-23] DEBUG c.h.p.o.dependants.PodInfoConfigMap - [helmwebs] Desired PodInfo ConfigMap (1 extensions) (1 enabled)
2025-01-30 18:18:44,845 INFO c.h.h.t.HelmChartContainer - [hivemq-test-hivemq-platform] [hivemq-platform-operator] [a35318ba] 18:18:44.843 [pool-6-thread-23] DEBUG c.h.p.o.dependants.PodInfoConfigMap - [helmwebs] Desired PodInfo ConfigMap (metrics port: 9399) (metrics path: /)
2025-01-30 18:18:44,845 INFO c.h.h.t.HelmChartContainer - [hivemq-test-hivemq-platform] [hivemq-platform-operator] [a35318ba] 18:18:44.844 [pool-6-thread-23] DEBUG c.h.p.o.dependants.PodInfoConfigMap - [helmwebs] Desired PodInfo ConfigMap (extension state hash: -1817474005)
2025-01-30 18:18:44,851 INFO c.h.h.t.HelmChartContainer - [hivemq-test-hivemq-platform] [hivemq-platform-operator] [a35318ba] 18:18:44.850 [pool-6-thread-27] DEBUG c.h.p.o.d.PodServiceAccountResource - [helmwebs] Desired PodServiceAccountResource (serviceAccountName: hivemq-platform-pod-test-hivemq-platform)
2025-01-30 18:18:44,946 INFO c.h.h.t.HelmChartContainer - [hivemq-test-hivemq-platform] [hivemq-platform-operator] [a35318ba] 18:18:44.945 [pool-6-thread-30] DEBUG c.h.p.o.d.StatefulSetResource - [helmwebs] Desired StatefulSet (1 replicas) for status STARTING (READY)
2025-01-30 18:18:44,956 INFO c.h.h.t.HelmChartContainer - [hivemq-test-hivemq-platform] [hivemq-platform-operator] [a35318ba] 18:18:44.955 [ReconcilerExecutor-hivemq-controller-76] INFO  c.h.p.o.HiveMQPlatformReconciler - [helmwebs] Reconciling HiveMQ Platform 'test-hivemq-platform' in namespace 'helmwebsocketsit'
2025-01-30 18:18:44,957 INFO c.h.h.t.HelmChartContainer - [hivemq-test-hivemq-platform] [hivemq-platform-operator] [a35318ba] 18:18:44.955 [ReconcilerExecutor-hivemq-controller-76] DEBUG c.h.p.o.HiveMQPlatformReconciler - [helmwebs] Custom Resource Status STARTING - HiveMQ Platform is starting (READY)
2025-01-30 18:18:44,957 INFO c.h.h.t.HelmChartContainer - [hivemq-test-hivemq-platform] [hivemq-platform-operator] [a35318ba] 18:18:44.956 [ReconcilerExecutor-hivemq-controller-76] DEBUG c.h.p.o.HiveMQPlatformReconciler - [helmwebs] Custom Resource Spec (replicas: 1) (extensions: 1)
2025-01-30 18:18:44,977 INFO c.h.h.t.HelmChartContainer - [EVENT] Normal [Pulled] Container image "docker.io/hivemq/hivemq-platform-operator-init-test:snapshot" already present on machine [helmwebsocketsit:test-hivemq-platform-0]
2025-01-30 18:18:45,041 INFO c.h.h.t.HelmChartContainer - [hivemq-test-hivemq-platform] [hivemq-platform-operator] [a35318ba] 18:18:45.040 [ReconcilerExecutor-hivemq-controller-76] DEBUG c.h.p.o.HiveMQPlatformReconciler - [helmwebs] StatefulSet Status (revision: test-hivemq-platform-c75b7cb76, replicas: 1, available: 0, ready: 0, current: 1, updated: 1)
2025-01-30 18:18:45,041 INFO c.h.h.t.HelmChartContainer - [hivemq-test-hivemq-platform] [hivemq-platform-operator] [a35318ba] 18:18:45.040 [ReconcilerExecutor-hivemq-controller-76] DEBUG c.h.p.o.HiveMQPlatformReconciler - [helmwebs] StatefulSet Spec (replicas: 1, init containers: 1, containers: 1, volumes: 6)
2025-01-30 18:18:45,051 INFO c.h.h.t.HelmChartContainer - [hivemq-test-hivemq-platform] [hivemq-platform-operator] [a35318ba] 18:18:45.050 [ReconcilerExecutor-hivemq-controller-76] DEBUG c.h.p.o.h.HiveMQPlatformReconcilerErrorHandler - [helmwebs] Pod 'test-hivemq-platform-0' phase Pending
2025-01-30 18:18:45,051 INFO c.h.h.t.HelmChartContainer - [hivemq-test-hivemq-platform] [hivemq-platform-operator] [a35318ba] 18:18:45.050 [ReconcilerExecutor-hivemq-controller-76] DEBUG c.h.p.o.h.HiveMQPlatformReconcilerErrorHandler - [helmwebs] Pod 'test-hivemq-platform-0' condition 'PodReadyToStartContainers': False
2025-01-30 18:18:45,051 INFO c.h.h.t.HelmChartContainer - [hivemq-test-hivemq-platform] [hivemq-platform-operator] [a35318ba] 18:18:45.050 [ReconcilerExecutor-hivemq-controller-76] DEBUG c.h.p.o.h.HiveMQPlatformReconcilerErrorHandler - [helmwebs] Pod 'test-hivemq-platform-0' condition 'Initialized': False
2025-01-30 18:18:45,053 INFO c.h.h.t.HelmChartContainer - [hivemq-test-hivemq-platform] [hivemq-platform-operator] [a35318ba] 18:18:45.050 [ReconcilerExecutor-hivemq-controller-76] DEBUG c.h.p.o.h.HiveMQPlatformReconcilerErrorHandler - [helmwebs] Pod 'test-hivemq-platform-0' condition 'Ready': False
2025-01-30 18:18:45,053 INFO c.h.h.t.HelmChartContainer - [hivemq-test-hivemq-platform] [hivemq-platform-operator] [a35318ba] 18:18:45.051 [ReconcilerExecutor-hivemq-controller-76] DEBUG c.h.p.o.h.HiveMQPlatformReconcilerErrorHandler - [helmwebs] Pod 'test-hivemq-platform-0' condition 'ContainersReady': False
2025-01-30 18:18:45,053 INFO c.h.h.t.HelmChartContainer - [hivemq-test-hivemq-platform] [hivemq-platform-operator] [a35318ba] 18:18:45.051 [ReconcilerExecutor-hivemq-controller-76] DEBUG c.h.p.o.h.HiveMQPlatformReconcilerErrorHandler - [helmwebs] Pod 'test-hivemq-platform-0' condition 'PodScheduled': True
2025-01-30 18:18:45,053 INFO c.h.h.t.HelmChartContainer - [hivemq-test-hivemq-platform] [hivemq-platform-operator] [a35318ba] 18:18:45.051 [ReconcilerExecutor-hivemq-controller-76] DEBUG c.h.p.o.h.HiveMQPlatformReconcilerErrorHandler - [helmwebs] Pod 'test-hivemq-platform-0' containerStatus 'hivemq' (started: false) (ready: false) (waiting: [PodInitializing] null)
2025-01-30 18:18:45,054 INFO c.h.h.t.HelmChartContainer - [hivemq-test-hivemq-platform] [hivemq-platform-operator] [a35318ba] 18:18:45.053 [ReconcilerExecutor-hivemq-controller-76] INFO  c.h.p.o.h.HiveMQPlatformReconcilerBaseHandler - [helmwebs] HiveMQ Platform is starting, 0 of 1 replicas are ready
2025-01-30 18:18:45,088 INFO c.h.h.t.HelmChartContainer - [EVENT] Normal [Created] Created container: hivemq-platform-operator-init [helmwebsocketsit:test-hivemq-platform-0]
2025-01-30 18:18:45,133 INFO c.h.h.t.HelmChartContainer - [EVENT] Normal [Started] Started container hivemq-platform-operator-init [helmwebsocketsit:test-hivemq-platform-0]
2025-01-30 18:18:45,964 INFO c.h.h.t.HelmChartContainer - [POD] test-hivemq-platform-0 [c35d5ada-21fd-488a-a4f4-f3bb00798304] in helmwebsocketsit was MODIFIED
2025-01-30 18:18:45,994 INFO c.h.h.t.HelmChartContainer - [hivemq-test-hivemq-platform] [hivemq-platform-operator] [a35318ba] 18:18:45.985 [pool-6-thread-32] DEBUG c.h.p.o.d.PlatformServiceResource - [helmwebs] Desired Platform services (4 services)
2025-01-30 18:18:45,994 INFO c.h.h.t.HelmChartContainer - [hivemq-test-hivemq-platform] [hivemq-platform-operator] [a35318ba] 18:18:45.992 [pool-6-thread-37] DEBUG c.h.p.o.d.PodServiceAccountResource - [helmwebs] Desired PodServiceAccountResource (serviceAccountName: hivemq-platform-pod-test-hivemq-platform)
2025-01-30 18:18:45,996 INFO c.h.h.t.HelmChartContainer - [hivemq-test-hivemq-platform] [hivemq-platform-operator] [a35318ba] 18:18:45.993 [pool-6-thread-33] DEBUG c.h.p.o.dependants.PodInfoConfigMap - [helmwebs] Desired PodInfo ConfigMap (1 extensions) (1 enabled)
2025-01-30 18:18:45,996 INFO c.h.h.t.HelmChartContainer - [hivemq-test-hivemq-platform] [hivemq-platform-operator] [a35318ba] 18:18:45.993 [pool-6-thread-33] DEBUG c.h.p.o.dependants.PodInfoConfigMap - [helmwebs] Desired PodInfo ConfigMap (metrics port: 9399) (metrics path: /)
2025-01-30 18:18:45,996 INFO c.h.h.t.HelmChartContainer - [hivemq-test-hivemq-platform] [hivemq-platform-operator] [a35318ba] 18:18:45.993 [pool-6-thread-33] DEBUG c.h.p.o.dependants.PodInfoConfigMap - [helmwebs] Desired PodInfo ConfigMap (extension state hash: -1817474005)
2025-01-30 18:18:46,043 INFO c.h.h.t.HelmChartContainer - [hivemq-test-hivemq-platform] [hivemq-platform-operator] [a35318ba] 18:18:46.041 [pool-6-thread-40] DEBUG c.h.p.o.d.StatefulSetResource - [helmwebs] Desired StatefulSet (1 replicas) for status STARTING (READY)
2025-01-30 18:18:46,049 INFO c.h.h.t.HelmChartContainer - [hivemq-test-hivemq-platform] [hivemq-platform-operator] [a35318ba] 18:18:46.048 [ReconcilerExecutor-hivemq-controller-87] INFO  c.h.p.o.HiveMQPlatformReconciler - [helmwebs] Reconciling HiveMQ Platform 'test-hivemq-platform' in namespace 'helmwebsocketsit'
2025-01-30 18:18:46,049 INFO c.h.h.t.HelmChartContainer - [hivemq-test-hivemq-platform] [hivemq-platform-operator] [a35318ba] 18:18:46.048 [ReconcilerExecutor-hivemq-controller-87] DEBUG c.h.p.o.HiveMQPlatformReconciler - [helmwebs] Custom Resource Status STARTING - HiveMQ Platform is starting (READY)
2025-01-30 18:18:46,050 INFO c.h.h.t.HelmChartContainer - [hivemq-test-hivemq-platform] [hivemq-platform-operator] [a35318ba] 18:18:46.048 [ReconcilerExecutor-hivemq-controller-87] DEBUG c.h.p.o.HiveMQPlatformReconciler - [helmwebs] Custom Resource Spec (replicas: 1) (extensions: 1)
2025-01-30 18:18:46,052 INFO c.h.h.t.HelmChartContainer - [hivemq-test-hivemq-platform] [hivemq-platform-operator] [a35318ba] 18:18:46.051 [ReconcilerExecutor-hivemq-controller-87] DEBUG c.h.p.o.HiveMQPlatformReconciler - [helmwebs] StatefulSet Status (revision: test-hivemq-platform-c75b7cb76, replicas: 1, available: 0, ready: 0, current: 1, updated: 1)
2025-01-30 18:18:46,053 INFO c.h.h.t.HelmChartContainer - [hivemq-test-hivemq-platform] [hivemq-platform-operator] [a35318ba] 18:18:46.051 [ReconcilerExecutor-hivemq-controller-87] DEBUG c.h.p.o.HiveMQPlatformReconciler - [helmwebs] StatefulSet Spec (replicas: 1, init containers: 1, containers: 1, volumes: 6)
2025-01-30 18:18:46,056 INFO c.h.h.t.HelmChartContainer - [hivemq-test-hivemq-platform] [hivemq-platform-operator] [a35318ba] 18:18:46.056 [ReconcilerExecutor-hivemq-controller-87] DEBUG c.h.p.o.h.HiveMQPlatformReconcilerErrorHandler - [helmwebs] Pod 'test-hivemq-platform-0' phase Pending
2025-01-30 18:18:46,118 INFO c.h.h.t.HelmChartContainer - [hivemq-test-hivemq-platform] [hivemq-platform-operator] [a35318ba] 18:18:46.118 [ReconcilerExecutor-hivemq-controller-87] DEBUG c.h.p.o.h.HiveMQPlatformReconcilerErrorHandler - [helmwebs] Pod 'test-hivemq-platform-0' condition 'PodReadyToStartContainers': True
2025-01-30 18:18:46,119 INFO c.h.h.t.HelmChartContainer - [hivemq-test-hivemq-platform] [hivemq-platform-operator] [a35318ba] 18:18:46.118 [ReconcilerExecutor-hivemq-controller-87] DEBUG c.h.p.o.h.HiveMQPlatformReconcilerErrorHandler - [helmwebs] Pod 'test-hivemq-platform-0' condition 'Initialized': False
2025-01-30 18:18:46,119 INFO c.h.h.t.HelmChartContainer - [hivemq-test-hivemq-platform] [hivemq-platform-operator] [a35318ba] 18:18:46.118 [ReconcilerExecutor-hivemq-controller-87] DEBUG c.h.p.o.h.HiveMQPlatformReconcilerErrorHandler - [helmwebs] Pod 'test-hivemq-platform-0' condition 'Ready': False
2025-01-30 18:18:46,119 INFO c.h.h.t.HelmChartContainer - [hivemq-test-hivemq-platform] [hivemq-platform-operator] [a35318ba] 18:18:46.118 [ReconcilerExecutor-hivemq-controller-87] DEBUG c.h.p.o.h.HiveMQPlatformReconcilerErrorHandler - [helmwebs] Pod 'test-hivemq-platform-0' condition 'ContainersReady': False
2025-01-30 18:18:46,119 INFO c.h.h.t.HelmChartContainer - [hivemq-test-hivemq-platform] [hivemq-platform-operator] [a35318ba] 18:18:46.118 [ReconcilerExecutor-hivemq-controller-87] DEBUG c.h.p.o.h.HiveMQPlatformReconcilerErrorHandler - [helmwebs] Pod 'test-hivemq-platform-0' condition 'PodScheduled': True
2025-01-30 18:18:46,119 INFO c.h.h.t.HelmChartContainer - [hivemq-test-hivemq-platform] [hivemq-platform-operator] [a35318ba] 18:18:46.118 [ReconcilerExecutor-hivemq-controller-87] DEBUG c.h.p.o.h.HiveMQPlatformReconcilerErrorHandler - [helmwebs] Pod 'test-hivemq-platform-0' containerStatus 'hivemq' (started: false) (ready: false) (waiting: [PodInitializing] null)
2025-01-30 18:18:46,119 INFO c.h.h.t.HelmChartContainer - [hivemq-test-hivemq-platform] [hivemq-platform-operator] [a35318ba] 18:18:46.119 [ReconcilerExecutor-hivemq-controller-87] INFO  c.h.p.o.h.HiveMQPlatformReconcilerBaseHandler - [helmwebs] HiveMQ Platform is starting, 0 of 1 replicas are ready
2025-01-30 18:18:46,800 INFO c.h.h.t.HelmChartContainer - [EVENT] Normal [Pulled] Container image "docker.io/hivemq/hivemq4:4.36.0" already present on machine [helmwebsocketsit:test-hivemq-platform-0]
2025-01-30 18:18:46,800 INFO c.h.h.t.HelmChartContainer - Received Pulled event for container hivemq in pod test-hivemq-platform-0 [c35d5ada-21fd-488a-a4f4-f3bb00798304]
2025-01-30 18:18:46,808 INFO c.h.h.t.HelmChartContainer - [POD] test-hivemq-platform-0 [c35d5ada-21fd-488a-a4f4-f3bb00798304] in helmwebsocketsit was MODIFIED
2025-01-30 18:18:46,819 INFO c.h.h.t.HelmChartContainer - [hivemq-test-hivemq-platform] [hivemq-platform-operator] [a35318ba] 18:18:46.817 [pool-6-thread-42] DEBUG c.h.p.o.d.PlatformServiceResource - [helmwebs] Desired Platform services (4 services)
2025-01-30 18:18:46,824 INFO c.h.h.t.HelmChartContainer - [hivemq-test-hivemq-platform] [hivemq-platform-operator] [a35318ba] 18:18:46.818 [pool-6-thread-43] DEBUG c.h.p.o.dependants.PodInfoConfigMap - [helmwebs] Desired PodInfo ConfigMap (1 extensions) (1 enabled)
2025-01-30 18:18:46,824 INFO c.h.h.t.HelmChartContainer - [hivemq-test-hivemq-platform] [hivemq-platform-operator] [a35318ba] 18:18:46.820 [pool-6-thread-43] DEBUG c.h.p.o.dependants.PodInfoConfigMap - [helmwebs] Desired PodInfo ConfigMap (metrics port: 9399) (metrics path: /)
2025-01-30 18:18:46,824 INFO c.h.h.t.HelmChartContainer - [hivemq-test-hivemq-platform] [hivemq-platform-operator] [a35318ba] 18:18:46.820 [pool-6-thread-43] DEBUG c.h.p.o.dependants.PodInfoConfigMap - [helmwebs] Desired PodInfo ConfigMap (extension state hash: -1817474005)
2025-01-30 18:18:46,827 INFO c.h.h.t.HelmChartContainer - [hivemq-test-hivemq-platform] [hivemq-platform-operator] [a35318ba] 18:18:46.825 [pool-6-thread-47] DEBUG c.h.p.o.d.PodServiceAccountResource - [helmwebs] Desired PodServiceAccountResource (serviceAccountName: hivemq-platform-pod-test-hivemq-platform)
2025-01-30 18:18:46,846 INFO c.h.h.t.HelmChartContainer - [hivemq-test-hivemq-platform] [hivemq-platform-operator] [a35318ba] 18:18:46.844 [pool-6-thread-50] DEBUG c.h.p.o.d.StatefulSetResource - [helmwebs] Desired StatefulSet (1 replicas) for status STARTING (READY)
2025-01-30 18:18:46,853 INFO c.h.h.t.HelmChartContainer - [hivemq-test-hivemq-platform] [hivemq-platform-operator] [a35318ba] 18:18:46.852 [ReconcilerExecutor-hivemq-controller-98] INFO  c.h.p.o.HiveMQPlatformReconciler - [helmwebs] Reconciling HiveMQ Platform 'test-hivemq-platform' in namespace 'helmwebsocketsit'
2025-01-30 18:18:46,855 INFO c.h.h.t.HelmChartContainer - [hivemq-test-hivemq-platform] [hivemq-platform-operator] [a35318ba] 18:18:46.852 [ReconcilerExecutor-hivemq-controller-98] DEBUG c.h.p.o.HiveMQPlatformReconciler - [helmwebs] Custom Resource Status STARTING - HiveMQ Platform is starting (READY)
2025-01-30 18:18:46,855 INFO c.h.h.t.HelmChartContainer - [hivemq-test-hivemq-platform] [hivemq-platform-operator] [a35318ba] 18:18:46.852 [ReconcilerExecutor-hivemq-controller-98] DEBUG c.h.p.o.HiveMQPlatformReconciler - [helmwebs] Custom Resource Spec (replicas: 1) (extensions: 1)
2025-01-30 18:18:46,921 INFO c.h.h.t.HelmChartContainer - [hivemq-test-hivemq-platform] [hivemq-platform-operator] [a35318ba] 18:18:46.919 [ReconcilerExecutor-hivemq-controller-98] DEBUG c.h.p.o.HiveMQPlatformReconciler - [helmwebs] StatefulSet Status (revision: test-hivemq-platform-c75b7cb76, replicas: 1, available: 0, ready: 0, current: 1, updated: 1)
2025-01-30 18:18:46,922 INFO c.h.h.t.HelmChartContainer - [hivemq-test-hivemq-platform] [hivemq-platform-operator] [a35318ba] 18:18:46.919 [ReconcilerExecutor-hivemq-controller-98] DEBUG c.h.p.o.HiveMQPlatformReconciler - [helmwebs] StatefulSet Spec (replicas: 1, init containers: 1, containers: 1, volumes: 6)
2025-01-30 18:18:46,924 INFO c.h.h.t.HelmChartContainer - [hivemq-test-hivemq-platform] [hivemq-platform-operator] [a35318ba] 18:18:46.923 [ReconcilerExecutor-hivemq-controller-98] DEBUG c.h.p.o.h.HiveMQPlatformReconcilerErrorHandler - [helmwebs] Pod 'test-hivemq-platform-0' phase Pending
2025-01-30 18:18:46,940 INFO c.h.h.t.HelmChartContainer - [hivemq-test-hivemq-platform] [hivemq-platform-operator] [a35318ba] 18:18:46.937 [ReconcilerExecutor-hivemq-controller-98] DEBUG c.h.p.o.h.HiveMQPlatformReconcilerErrorHandler - [helmwebs] Pod 'test-hivemq-platform-0' condition 'PodReadyToStartContainers': True
2025-01-30 18:18:46,940 INFO c.h.h.t.HelmChartContainer - [hivemq-test-hivemq-platform] [hivemq-platform-operator] [a35318ba] 18:18:46.937 [ReconcilerExecutor-hivemq-controller-98] DEBUG c.h.p.o.h.HiveMQPlatformReconcilerErrorHandler - [helmwebs] Pod 'test-hivemq-platform-0' condition 'Initialized': True
2025-01-30 18:18:46,940 INFO c.h.h.t.HelmChartContainer - [hivemq-test-hivemq-platform] [hivemq-platform-operator] [a35318ba] 18:18:46.937 [ReconcilerExecutor-hivemq-controller-98] DEBUG c.h.p.o.h.HiveMQPlatformReconcilerErrorHandler - [helmwebs] Pod 'test-hivemq-platform-0' condition 'Ready': False
2025-01-30 18:18:46,940 INFO c.h.h.t.HelmChartContainer - [hivemq-test-hivemq-platform] [hivemq-platform-operator] [a35318ba] 18:18:46.937 [ReconcilerExecutor-hivemq-controller-98] DEBUG c.h.p.o.h.HiveMQPlatformReconcilerErrorHandler - [helmwebs] Pod 'test-hivemq-platform-0' condition 'ContainersReady': False
2025-01-30 18:18:46,940 INFO c.h.h.t.HelmChartContainer - [hivemq-test-hivemq-platform] [hivemq-platform-operator] [a35318ba] 18:18:46.937 [ReconcilerExecutor-hivemq-controller-98] DEBUG c.h.p.o.h.HiveMQPlatformReconcilerErrorHandler - [helmwebs] Pod 'test-hivemq-platform-0' condition 'PodScheduled': True
2025-01-30 18:18:46,940 INFO c.h.h.t.HelmChartContainer - [hivemq-test-hivemq-platform] [hivemq-platform-operator] [a35318ba] 18:18:46.937 [ReconcilerExecutor-hivemq-controller-98] DEBUG c.h.p.o.h.HiveMQPlatformReconcilerErrorHandler - [helmwebs] Pod 'test-hivemq-platform-0' containerStatus 'hivemq' (started: false) (ready: false) (waiting: [PodInitializing] null)
2025-01-30 18:18:46,940 INFO c.h.h.t.HelmChartContainer - [hivemq-test-hivemq-platform] [hivemq-platform-operator] [a35318ba] 18:18:46.938 [ReconcilerExecutor-hivemq-controller-98] INFO  c.h.p.o.h.HiveMQPlatformReconcilerBaseHandler - [helmwebs] HiveMQ Platform is starting, 0 of 1 replicas are ready
2025-01-30 18:18:47,857 INFO c.h.h.t.HelmChartContainer - [EVENT] Normal [Created] Created container: hivemq [helmwebsocketsit:test-hivemq-platform-0]
2025-01-30 18:18:47,857 INFO c.h.h.t.HelmChartContainer - Received Created event for container hivemq in pod test-hivemq-platform-0 [c35d5ada-21fd-488a-a4f4-f3bb00798304]
2025-01-30 18:18:48,812 INFO c.h.h.t.HelmChartContainer - [POD] test-hivemq-platform-0 [c35d5ada-21fd-488a-a4f4-f3bb00798304] in helmwebsocketsit was MODIFIED
2025-01-30 18:18:48,824 INFO c.h.h.t.HelmChartContainer - [hivemq-test-hivemq-platform] [hivemq-platform-operator] [a35318ba] 18:18:48.822 [pool-6-thread-3] DEBUG c.h.p.o.d.PlatformServiceResource - [helmwebs] Desired Platform services (4 services)
2025-01-30 18:18:48,831 INFO c.h.h.t.HelmChartContainer - [EVENT] Normal [Started] Started container hivemq [helmwebsocketsit:test-hivemq-platform-0]
2025-01-30 18:18:48,831 INFO c.h.h.t.HelmChartContainer - Received Started event for container hivemq in pod test-hivemq-platform-0 [c35d5ada-21fd-488a-a4f4-f3bb00798304]
2025-01-30 18:18:48,831 INFO c.h.h.t.HelmChartContainer - Started log watcher for hivemq in pod test-hivemq-platform-0 [c35d5ada-21fd-488a-a4f4-f3bb00798304]
2025-01-30 18:18:48,831 INFO c.h.h.t.HelmChartContainer - [test-hivemq-platform] [hivemq] [c35d5ada] Adding pre-installed HiveMQ Platform Operator extensions
2025-01-30 18:18:48,831 INFO c.h.h.t.HelmChartContainer - [test-hivemq-platform] [hivemq] [c35d5ada] Running as user 10000
2025-01-30 18:18:48,831 INFO c.h.h.t.HelmChartContainer - [test-hivemq-platform] [hivemq] [c35d5ada] Starting HiveMQ Platform Operator Init
2025-01-30 18:18:48,833 INFO c.h.h.t.HelmChartContainer - [hivemq-test-hivemq-platform] [hivemq-platform-operator] [a35318ba] 18:18:48.829 [pool-6-thread-6] DEBUG c.h.p.o.d.PodServiceAccountResource - [helmwebs] Desired PodServiceAccountResource (serviceAccountName: hivemq-platform-pod-test-hivemq-platform)
2025-01-30 18:18:48,834 INFO c.h.h.t.HelmChartContainer - [hivemq-test-hivemq-platform] [hivemq-platform-operator] [a35318ba] 18:18:48.832 [pool-6-thread-4] DEBUG c.h.p.o.dependants.PodInfoConfigMap - [helmwebs] Desired PodInfo ConfigMap (1 extensions) (1 enabled)
2025-01-30 18:18:48,834 INFO c.h.h.t.HelmChartContainer - [hivemq-test-hivemq-platform] [hivemq-platform-operator] [a35318ba] 18:18:48.832 [pool-6-thread-4] DEBUG c.h.p.o.dependants.PodInfoConfigMap - [helmwebs] Desired PodInfo ConfigMap (metrics port: 9399) (metrics path: /)
2025-01-30 18:18:48,834 INFO c.h.h.t.HelmChartContainer - [hivemq-test-hivemq-platform] [hivemq-platform-operator] [a35318ba] 18:18:48.833 [pool-6-thread-4] DEBUG c.h.p.o.dependants.PodInfoConfigMap - [helmwebs] Desired PodInfo ConfigMap (extension state hash: -1817474005)
2025-01-30 18:18:48,843 INFO c.h.h.t.HelmChartContainer - [hivemq-test-hivemq-platform] [hivemq-platform-operator] [a35318ba] 18:18:48.839 [pool-6-thread-3] DEBUG c.h.p.o.d.StatefulSetResource - [helmwebs] Desired StatefulSet (1 replicas) for status STARTING (READY)
2025-01-30 18:18:48,920 INFO c.h.h.t.HelmChartContainer - [hivemq-test-hivemq-platform] [hivemq-platform-operator] [a35318ba] 18:18:48.918 [ReconcilerExecutor-hivemq-controller-109] INFO  c.h.p.o.HiveMQPlatformReconciler - [helmwebs] Reconciling HiveMQ Platform 'test-hivemq-platform' in namespace 'helmwebsocketsit'
2025-01-30 18:18:48,920 INFO c.h.h.t.HelmChartContainer - [hivemq-test-hivemq-platform] [hivemq-platform-operator] [a35318ba] 18:18:48.919 [ReconcilerExecutor-hivemq-controller-109] DEBUG c.h.p.o.HiveMQPlatformReconciler - [helmwebs] Custom Resource Status STARTING - HiveMQ Platform is starting (READY)
2025-01-30 18:18:48,920 INFO c.h.h.t.HelmChartContainer - [hivemq-test-hivemq-platform] [hivemq-platform-operator] [a35318ba] 18:18:48.919 [ReconcilerExecutor-hivemq-controller-109] DEBUG c.h.p.o.HiveMQPlatformReconciler - [helmwebs] Custom Resource Spec (replicas: 1) (extensions: 1)
2025-01-30 18:18:48,925 INFO c.h.h.t.HelmChartContainer - [hivemq-test-hivemq-platform] [hivemq-platform-operator] [a35318ba] 18:18:48.922 [ReconcilerExecutor-hivemq-controller-109] DEBUG c.h.p.o.HiveMQPlatformReconciler - [helmwebs] StatefulSet Status (revision: test-hivemq-platform-c75b7cb76, replicas: 1, available: 0, ready: 0, current: 1, updated: 1)
2025-01-30 18:18:48,925 INFO c.h.h.t.HelmChartContainer - [hivemq-test-hivemq-platform] [hivemq-platform-operator] [a35318ba] 18:18:48.922 [ReconcilerExecutor-hivemq-controller-109] DEBUG c.h.p.o.HiveMQPlatformReconciler - [helmwebs] StatefulSet Spec (replicas: 1, init containers: 1, containers: 1, volumes: 6)
2025-01-30 18:18:48,925 INFO c.h.h.t.HelmChartContainer - [hivemq-test-hivemq-platform] [hivemq-platform-operator] [a35318ba] 18:18:48.923 [ReconcilerExecutor-hivemq-controller-109] DEBUG c.h.p.o.h.HiveMQPlatformReconcilerErrorHandler - [helmwebs] Pod 'test-hivemq-platform-0' phase Running
2025-01-30 18:18:48,925 INFO c.h.h.t.HelmChartContainer - [hivemq-test-hivemq-platform] [hivemq-platform-operator] [a35318ba] 18:18:48.924 [ReconcilerExecutor-hivemq-controller-109] INFO  c.h.p.o.h.HiveMQPlatformReconcilerBaseHandler - [helmwebs] HiveMQ Platform is starting, 0 of 1 replicas are ready
2025-01-30 18:18:49,062 INFO c.h.h.t.HelmChartContainer - [test-hivemq-platform] [hivemq] [c35d5ada] INFO  - [HiveMQ Platform Operator Init 1.7.0-SNAPSHOT] HiveMQ Platform Operator Init 1.7.0-SNAPSHOT (commit: 47e3375 on branch: HEAD) built on Thu Jan 30 03:55:50 UTC 2025
2025-01-30 18:18:50,240 INFO c.h.h.t.HelmChartContainer - [test-hivemq-platform] [hivemq] [c35d5ada] INFO  - [HiveMQ Platform Operator Init App 1.7.0-SNAPSHOT] Using bind address 10.42.0.12 from environment variable
2025-01-30 18:18:51,169 INFO c.h.h.t.HelmChartContainer - [test-hivemq-platform] [hivemq] [c35d5ada] INFO  - [HiveMQ Platform Operator Init App 1.7.0-SNAPSHOT] HiveMQ Platform Operator Init App 1.7.0-SNAPSHOT (commit: 47e3375 on branch: HEAD) built on Thu Jan 30 03:55:50 UTC 2025
2025-01-30 18:18:51,169 INFO c.h.h.t.HelmChartContainer - [test-hivemq-platform] [hivemq] [c35d5ada] INFO  - [HiveMQ Platform Operator Init App 1.7.0-SNAPSHOT] PodInfo ConfigMap directory: /etc/podinfo
2025-01-30 18:18:51,169 INFO c.h.h.t.HelmChartContainer - [test-hivemq-platform] [hivemq] [c35d5ada] INFO  - [HiveMQ Platform Operator Init App 1.7.0-SNAPSHOT] HiveMQ home directory: /opt/hivemq
2025-01-30 18:18:51,169 INFO c.h.h.t.HelmChartContainer - [test-hivemq-platform] [hivemq] [c35d5ada] INFO  - [HiveMQ Platform Operator Init App 1.7.0-SNAPSHOT] HiveMQ Logback folder: /opt/hivemq/conf
2025-01-30 18:18:51,169 INFO c.h.h.t.HelmChartContainer - [test-hivemq-platform] [hivemq] [c35d5ada] INFO  - [HiveMQ Platform Operator Init App 1.7.0-SNAPSHOT] HiveMQ Config folder: /opt/hivemq/conf-k8s
2025-01-30 18:18:51,169 INFO c.h.h.t.HelmChartContainer - [test-hivemq-platform] [hivemq] [c35d5ada] INFO  - [HiveMQ Platform Operator Init App 1.7.0-SNAPSHOT] Starting HiveMQ Platform Operator Init App
2025-01-30 18:18:51,169 INFO c.h.h.t.HelmChartContainer - [test-hivemq-platform] [hivemq] [c35d5ada] INFO  - [HiveMQ Platform Operator Init App 1.7.0-SNAPSHOT] Starting Pod reconciler
2025-01-30 18:18:52,375 INFO c.h.h.t.HelmChartContainer - [test-hivemq-platform] [hivemq] [c35d5ada] INFO  - [HiveMQ Platform Operator Init App 1.7.0-SNAPSHOT] Pod reconciler is scheduled (interval: 5000 ms)
2025-01-30 18:18:52,376 INFO c.h.h.t.HelmChartContainer - [test-hivemq-platform] [hivemq] [c35d5ada] INFO  - [HiveMQ Platform Operator Init App 1.7.0-SNAPSHOT] Starting the REST API on 10.42.0.12:7979
2025-01-30 18:18:52,379 INFO c.h.h.t.HelmChartContainer - [test-hivemq-platform] [hivemq] [c35d5ada] INFO  - [HiveMQ Platform Operator Init App 1.7.0-SNAPSHOT] Waiting up to 600s for at most 1 HiveMQ nodes in cluster service hivemq-test-hivemq-platform-cluster.helmwebsocketsit.svc
2025-01-30 18:18:52,681 INFO c.h.h.t.HelmChartContainer - [test-hivemq-platform] [hivemq] [c35d5ada] INFO  - [HiveMQ Platform Operator Init App 1.7.0-SNAPSHOT] Resolved 1 IP addresses: [10.42.0.12]
2025-01-30 18:18:52,681 INFO c.h.h.t.HelmChartContainer - [test-hivemq-platform] [hivemq] [c35d5ada] INFO  - [HiveMQ Platform Operator Init App 1.7.0-SNAPSHOT] HiveMQ node count of 1 is within threshold of 1
2025-01-30 18:18:52,681 INFO c.h.h.t.HelmChartContainer - [test-hivemq-platform] [hivemq] [c35d5ada] INFO  - [HiveMQ Platform Operator Init App 1.7.0-SNAPSHOT] Proceeding with container start
2025-01-30 18:18:52,781 INFO c.h.h.t.HelmChartContainer - [test-hivemq-platform] [hivemq] [c35d5ada] INFO  - [HiveMQ Platform Operator Init App 1.7.0-SNAPSHOT] Initializing HiveMQ Platform extensions with initial configuration: {hivemq-allow-all-extension={start-priority=-1, skip-https-hostname-verification=false, restart=true, config-version=0, header-version=0, c-uri=, priority=-1, uri=preinstalled, skip-https-certificate-validation=false, enabled=true}, hivemq-prometheus-extension={restart=true, enabled=true, request-header-path=no-request-headers, uri=preinstalled, skip-https-certificate-validation=false, skip-https-hostname-verification=false, c-uri=, start-priority=-1, priority=-1}}
2025-01-30 18:18:53,177 INFO c.h.h.t.HelmChartContainer - [test-hivemq-platform] [hivemq] [c35d5ada] INFO  - [HiveMQ Platform Operator Init App 1.7.0-SNAPSHOT] Extension hivemq-allow-all-extension was already enabled
2025-01-30 18:18:53,266 INFO c.h.h.t.HelmChartContainer - [test-hivemq-platform] [hivemq] [c35d5ada] INFO  - [HiveMQ Platform Operator Init App 1.7.0-SNAPSHOT] Successfully enabled extension hivemq-prometheus-extension
2025-01-30 18:18:53,268 INFO c.h.h.t.HelmChartContainer - [test-hivemq-platform] [hivemq] [c35d5ada] INFO  - [HiveMQ Platform Operator Init App 1.7.0-SNAPSHOT] Starting HiveMQ Platform version 4.36.0 (4.36.0)
2025-01-30 18:18:53,269 INFO c.h.h.t.HelmChartContainer - [test-hivemq-platform] [hivemq] [c35d5ada] INFO  - [HiveMQ Platform Operator Init App 1.7.0-SNAPSHOT] Configuring the HiveMQ Platform
2025-01-30 18:18:53,363 INFO c.h.h.t.HelmChartContainer - [test-hivemq-platform] [hivemq] [c35d5ada] INFO  - [HiveMQ Platform Operator Init App 1.7.0-SNAPSHOT] Changed logback.xml file scan period to 20 seconds
2025-01-30 18:18:53,373 INFO c.h.h.t.HelmChartContainer - [test-hivemq-platform] [hivemq] [c35d5ada] INFO  - [HiveMQ Platform Operator Init App 1.7.0-SNAPSHOT] Starting the HiveMQ Platform
2025-01-30 18:18:53,376 INFO c.h.h.t.HelmChartContainer - [test-hivemq-platform] [hivemq] [c35d5ada] -------------------------------------------------------------------------
2025-01-30 18:18:53,376 INFO c.h.h.t.HelmChartContainer - [test-hivemq-platform] [hivemq] [c35d5ada] 
2025-01-30 18:18:53,377 INFO c.h.h.t.HelmChartContainer - [test-hivemq-platform] [hivemq] [c35d5ada]                   _    _  _              __  __   ____
2025-01-30 18:18:53,377 INFO c.h.h.t.HelmChartContainer - [test-hivemq-platform] [hivemq] [c35d5ada]                  | |  | |(_)            |  \/  | / __ \
2025-01-30 18:18:53,377 INFO c.h.h.t.HelmChartContainer - [test-hivemq-platform] [hivemq] [c35d5ada]                  | |__| | _ __   __ ___ | \  / || |  | |
2025-01-30 18:18:53,377 INFO c.h.h.t.HelmChartContainer - [test-hivemq-platform] [hivemq] [c35d5ada]                  |  __  || |\ \ / // _ \| |\/| || |  | |
2025-01-30 18:18:53,377 INFO c.h.h.t.HelmChartContainer - [test-hivemq-platform] [hivemq] [c35d5ada]                  | |  | || | \ V /|  __/| |  | || |__| |
2025-01-30 18:18:53,377 INFO c.h.h.t.HelmChartContainer - [test-hivemq-platform] [hivemq] [c35d5ada]                  |_|  |_||_|  \_/  \___||_|  |_| \___\_\
2025-01-30 18:18:53,377 INFO c.h.h.t.HelmChartContainer - [test-hivemq-platform] [hivemq] [c35d5ada] 
2025-01-30 18:18:53,377 INFO c.h.h.t.HelmChartContainer - [test-hivemq-platform] [hivemq] [c35d5ada] -------------------------------------------------------------------------
2025-01-30 18:18:53,377 INFO c.h.h.t.HelmChartContainer - [test-hivemq-platform] [hivemq] [c35d5ada] 
2025-01-30 18:18:53,377 INFO c.h.h.t.HelmChartContainer - [test-hivemq-platform] [hivemq] [c35d5ada]   HiveMQ Start Script for Linux/Unix v1.14
2025-01-30 18:18:53,377 INFO c.h.h.t.HelmChartContainer - [test-hivemq-platform] [hivemq] [c35d5ada] 
2025-01-30 18:18:53,484 INFO c.h.h.t.HelmChartContainer - [test-hivemq-platform] [hivemq] [c35d5ada] -------------------------------------------------------------------------
2025-01-30 18:18:53,484 INFO c.h.h.t.HelmChartContainer - [test-hivemq-platform] [hivemq] [c35d5ada] 
2025-01-30 18:18:53,484 INFO c.h.h.t.HelmChartContainer - [test-hivemq-platform] [hivemq] [c35d5ada]   HIVEMQ_HOME: /opt/hivemq
2025-01-30 18:18:53,484 INFO c.h.h.t.HelmChartContainer - [test-hivemq-platform] [hivemq] [c35d5ada] 
2025-01-30 18:18:53,484 INFO c.h.h.t.HelmChartContainer - [test-hivemq-platform] [hivemq] [c35d5ada]   JAVA_OPTS: -XX:+UnlockExperimentalVMOptions -XX:InitialRAMPercentage=50 -XX:MaxRAMPercentage=50 -Djava.net.preferIPv4Stack=true --add-opens java.base/java.lang=ALL-UNNAMED --add-opens java.base/java.nio=ALL-UNNAMED --add-opens java.base/sun.nio.ch=ALL-UNNAMED --add-opens jdk.management/com.sun.management.internal=ALL-UNNAMED --add-exports java.base/jdk.internal.misc=ALL-UNNAMED -Djava.security.egd=file:/dev/./urandom -Dcom.sun.management.jmxremote -Dcom.sun.management.jmxremote.port=9010 -Dcom.sun.management.jmxremote.local.only=false -Dcom.sun.management.jmxremote.authenticate=false -Dcom.sun.management.jmxremote.ssl=false -Duser.language=en -Duser.region=US -XX:+CrashOnOutOfMemoryError -XX:+HeapDumpOnOutOfMemoryError
2025-01-30 18:18:53,484 INFO c.h.h.t.HelmChartContainer - [test-hivemq-platform] [hivemq] [c35d5ada] 
2025-01-30 18:18:53,484 INFO c.h.h.t.HelmChartContainer - [test-hivemq-platform] [hivemq] [c35d5ada]   JAVA_VERSION: 21
2025-01-30 18:18:53,484 INFO c.h.h.t.HelmChartContainer - [test-hivemq-platform] [hivemq] [c35d5ada] 
2025-01-30 18:18:53,484 INFO c.h.h.t.HelmChartContainer - [test-hivemq-platform] [hivemq] [c35d5ada] -------------------------------------------------------------------------
2025-01-30 18:18:53,484 INFO c.h.h.t.HelmChartContainer - [test-hivemq-platform] [hivemq] [c35d5ada] 
2025-01-30 18:18:54,870 INFO c.h.h.t.HelmChartContainer - [test-hivemq-platform] [hivemq] [c35d5ada] INFO  - [HiveMQ Platform Operator Init App 1.7.0-SNAPSHOT] Returning default Health API response 503 for readiness
2025-01-30 18:18:55,175 INFO c.h.h.t.HelmChartContainer - [EVENT] Warning [Unhealthy] Readiness probe failed: HTTP probe failed with statuscode: 503 [helmwebsocketsit:test-hivemq-platform-0]
2025-01-30 18:18:55,176 INFO c.h.h.t.HelmChartContainer - Received Unhealthy event for container hivemq in pod test-hivemq-platform-0 [c35d5ada-21fd-488a-a4f4-f3bb00798304]
2025-01-30 18:18:56,132 INFO c.h.h.t.HelmChartContainer - [test-hivemq-platform] [hivemq] [c35d5ada] INFO  - Starting HiveMQ Enterprise Server
2025-01-30 18:18:56,166 INFO c.h.h.t.HelmChartContainer - [test-hivemq-platform] [hivemq] [c35d5ada] INFO  - HiveMQ version: 4.36.0
2025-01-30 18:18:56,166 INFO c.h.h.t.HelmChartContainer - [test-hivemq-platform] [hivemq] [c35d5ada] INFO  - HiveMQ home directory: /opt/hivemq
2025-01-30 18:18:56,166 INFO c.h.h.t.HelmChartContainer - [test-hivemq-platform] [hivemq] [c35d5ada] INFO  - Log Configuration was overridden by /opt/hivemq/conf/logback.xml
2025-01-30 18:18:57,368 INFO c.h.h.t.HelmChartContainer - [test-hivemq-platform] [hivemq] [c35d5ada] INFO  - Successfully loaded configuration from '/opt/hivemq/conf-k8s/config.xml'.
2025-01-30 18:18:57,963 INFO c.h.h.t.HelmChartContainer - [test-hivemq-platform] [hivemq] [c35d5ada] INFO  - This node's ID is 1GwKD
2025-01-30 18:18:57,963 INFO c.h.h.t.HelmChartContainer - [test-hivemq-platform] [hivemq] [c35d5ada] INFO  - Clustering is enabled
2025-01-30 18:18:58,933 INFO c.h.h.t.HelmChartContainer - [hivemq-test-hivemq-platform] [hivemq-platform-operator] [a35318ba] 18:18:58.929 [pool-6-thread-15] DEBUG c.h.p.o.d.PlatformServiceResource - [helmwebs] Desired Platform services (4 services)
2025-01-30 18:18:58,933 INFO c.h.h.t.HelmChartContainer - [hivemq-test-hivemq-platform] [hivemq-platform-operator] [a35318ba] 18:18:58.931 [pool-6-thread-16] DEBUG c.h.p.o.d.PodServiceAccountResource - [helmwebs] Desired PodServiceAccountResource (serviceAccountName: hivemq-platform-pod-test-hivemq-platform)
2025-01-30 18:18:58,937 INFO c.h.h.t.HelmChartContainer - [hivemq-test-hivemq-platform] [hivemq-platform-operator] [a35318ba] 18:18:58.933 [pool-6-thread-19] DEBUG c.h.p.o.dependants.PodInfoConfigMap - [helmwebs] Desired PodInfo ConfigMap (1 extensions) (1 enabled)
2025-01-30 18:18:58,940 INFO c.h.h.t.HelmChartContainer - [hivemq-test-hivemq-platform] [hivemq-platform-operator] [a35318ba] 18:18:58.937 [pool-6-thread-19] DEBUG c.h.p.o.dependants.PodInfoConfigMap - [helmwebs] Desired PodInfo ConfigMap (metrics port: 9399) (metrics path: /)
2025-01-30 18:18:58,940 INFO c.h.h.t.HelmChartContainer - [hivemq-test-hivemq-platform] [hivemq-platform-operator] [a35318ba] 18:18:58.938 [pool-6-thread-19] DEBUG c.h.p.o.dependants.PodInfoConfigMap - [helmwebs] Desired PodInfo ConfigMap (extension state hash: -1817474005)
2025-01-30 18:18:58,942 INFO c.h.h.t.HelmChartContainer - [hivemq-test-hivemq-platform] [hivemq-platform-operator] [a35318ba] 18:18:58.941 [pool-6-thread-19] DEBUG c.h.p.o.d.StatefulSetResource - [helmwebs] Desired StatefulSet (1 replicas) for status STARTING (READY)
2025-01-30 18:18:58,947 INFO c.h.h.t.HelmChartContainer - [hivemq-test-hivemq-platform] [hivemq-platform-operator] [a35318ba] 18:18:58.946 [ReconcilerExecutor-hivemq-controller-110] INFO  c.h.p.o.HiveMQPlatformReconciler - [helmwebs] Reconciling HiveMQ Platform 'test-hivemq-platform' in namespace 'helmwebsocketsit'
2025-01-30 18:18:58,948 INFO c.h.h.t.HelmChartContainer - [hivemq-test-hivemq-platform] [hivemq-platform-operator] [a35318ba] 18:18:58.947 [ReconcilerExecutor-hivemq-controller-110] DEBUG c.h.p.o.HiveMQPlatformReconciler - [helmwebs] Custom Resource Status STARTING - HiveMQ Platform is starting (READY)
2025-01-30 18:18:58,948 INFO c.h.h.t.HelmChartContainer - [hivemq-test-hivemq-platform] [hivemq-platform-operator] [a35318ba] 18:18:58.947 [ReconcilerExecutor-hivemq-controller-110] DEBUG c.h.p.o.HiveMQPlatformReconciler - [helmwebs] Custom Resource Spec (replicas: 1) (extensions: 1)
2025-01-30 18:18:59,020 INFO c.h.h.t.HelmChartContainer - [hivemq-test-hivemq-platform] [hivemq-platform-operator] [a35318ba] 18:18:59.019 [ReconcilerExecutor-hivemq-controller-110] DEBUG c.h.p.o.HiveMQPlatformReconciler - [helmwebs] StatefulSet Status (revision: test-hivemq-platform-c75b7cb76, replicas: 1, available: 0, ready: 0, current: 1, updated: 1)
2025-01-30 18:18:59,022 INFO c.h.h.t.HelmChartContainer - [hivemq-test-hivemq-platform] [hivemq-platform-operator] [a35318ba] 18:18:59.019 [ReconcilerExecutor-hivemq-controller-110] DEBUG c.h.p.o.HiveMQPlatformReconciler - [helmwebs] StatefulSet Spec (replicas: 1, init containers: 1, containers: 1, volumes: 6)
2025-01-30 18:18:59,023 INFO c.h.h.t.HelmChartContainer - [hivemq-test-hivemq-platform] [hivemq-platform-operator] [a35318ba] 18:18:59.021 [ReconcilerExecutor-hivemq-controller-110] DEBUG c.h.p.o.h.HiveMQPlatformReconcilerErrorHandler - [helmwebs] Pod 'test-hivemq-platform-0' phase Running
2025-01-30 18:18:59,023 INFO c.h.h.t.HelmChartContainer - [hivemq-test-hivemq-platform] [hivemq-platform-operator] [a35318ba] 18:18:59.022 [ReconcilerExecutor-hivemq-controller-110] INFO  c.h.p.o.h.HiveMQPlatformReconcilerBaseHandler - [helmwebs] HiveMQ Platform is starting, 0 of 1 replicas are ready
2025-01-30 18:19:00,273 INFO c.h.h.t.HelmChartContainer - [test-hivemq-platform] [hivemq] [c35d5ada] WARN  - [HiveMQ Platform Operator Init App 1.7.0-SNAPSHOT] Cannot connect to Health API for readiness: null
2025-01-30 18:19:00,370 INFO c.h.h.t.HelmChartContainer - [EVENT] Warning [Unhealthy] Readiness probe failed: HTTP probe failed with statuscode: 503 [helmwebsocketsit:test-hivemq-platform-0]
2025-01-30 18:19:00,370 INFO c.h.h.t.HelmChartContainer - Received Unhealthy event for container hivemq in pod test-hivemq-platform-0 [c35d5ada-21fd-488a-a4f4-f3bb00798304]
2025-01-30 18:19:02,668 INFO c.h.h.t.HelmChartContainer - [test-hivemq-platform] [hivemq] [c35d5ada] Jan 30, 2025 6:19:02 PM io.vertx.core.impl.BlockedThreadChecker
2025-01-30 18:19:02,668 INFO c.h.h.t.HelmChartContainer - [test-hivemq-platform] [hivemq] [c35d5ada] WARNING: Thread Thread[vert.x-eventloop-thread-1,5,main] has been blocked for 2490 ms, time limit is 2000 ms
2025-01-30 18:19:03,062 INFO c.h.h.t.HelmChartContainer - [test-hivemq-platform] [hivemq] [c35d5ada] INFO  - [HiveMQ Platform Operator Init App 1.7.0-SNAPSHOT] Updating Pod HiveMQ Platform Operator Init App version annotation (version: 1.7.0-SNAPSHOT)
2025-01-30 18:19:03,676 INFO c.h.h.t.HelmChartContainer - [POD] test-hivemq-platform-0 [c35d5ada-21fd-488a-a4f4-f3bb00798304] in helmwebsocketsit was MODIFIED
2025-01-30 18:19:03,684 INFO c.h.h.t.HelmChartContainer - [hivemq-test-hivemq-platform] [hivemq-platform-operator] [a35318ba] 18:19:03.683 [pool-6-thread-26] DEBUG c.h.p.o.d.PlatformServiceResource - [helmwebs] Desired Platform services (4 services)
2025-01-30 18:19:03,690 INFO c.h.h.t.HelmChartContainer - [test-hivemq-platform] [hivemq] [c35d5ada] WARN  - [HiveMQ Platform Operator Init App 1.7.0-SNAPSHOT] Cannot connect to Health API for readiness: null
2025-01-30 18:19:03,692 INFO c.h.h.t.HelmChartContainer - [hivemq-test-hivemq-platform] [hivemq-platform-operator] [a35318ba] 18:19:03.685 [pool-6-thread-21] DEBUG c.h.p.o.d.PodServiceAccountResource - [helmwebs] Desired PodServiceAccountResource (serviceAccountName: hivemq-platform-pod-test-hivemq-platform)
2025-01-30 18:19:03,692 INFO c.h.h.t.HelmChartContainer - [hivemq-test-hivemq-platform] [hivemq-platform-operator] [a35318ba] 18:19:03.687 [pool-6-thread-25] DEBUG c.h.p.o.dependants.PodInfoConfigMap - [helmwebs] Desired PodInfo ConfigMap (1 extensions) (1 enabled)
2025-01-30 18:19:03,692 INFO c.h.h.t.HelmChartContainer - [hivemq-test-hivemq-platform] [hivemq-platform-operator] [a35318ba] 18:19:03.687 [pool-6-thread-25] DEBUG c.h.p.o.dependants.PodInfoConfigMap - [helmwebs] Desired PodInfo ConfigMap (metrics port: 9399) (metrics path: /)
2025-01-30 18:19:03,692 INFO c.h.h.t.HelmChartContainer - [hivemq-test-hivemq-platform] [hivemq-platform-operator] [a35318ba] 18:19:03.687 [pool-6-thread-25] DEBUG c.h.p.o.dependants.PodInfoConfigMap - [helmwebs] Desired PodInfo ConfigMap (extension state hash: -1817474005)
2025-01-30 18:19:03,694 INFO c.h.h.t.HelmChartContainer - [hivemq-test-hivemq-platform] [hivemq-platform-operator] [a35318ba] 18:19:03.693 [pool-6-thread-29] DEBUG c.h.p.o.d.StatefulSetResource - [helmwebs] Desired StatefulSet (1 replicas) for status STARTING (READY)
2025-01-30 18:19:03,697 INFO c.h.h.t.HelmChartContainer - [EVENT] Warning [Unhealthy] Readiness probe failed: HTTP probe failed with statuscode: 503 [helmwebsocketsit:test-hivemq-platform-0]
2025-01-30 18:19:03,697 INFO c.h.h.t.HelmChartContainer - Received Unhealthy event for container hivemq in pod test-hivemq-platform-0 [c35d5ada-21fd-488a-a4f4-f3bb00798304]
2025-01-30 18:19:03,738 INFO c.h.h.t.HelmChartContainer - [hivemq-test-hivemq-platform] [hivemq-platform-operator] [a35318ba] 18:19:03.737 [ReconcilerExecutor-hivemq-controller-111] INFO  c.h.p.o.HiveMQPlatformReconciler - [helmwebs] Reconciling HiveMQ Platform 'test-hivemq-platform' in namespace 'helmwebsocketsit'
2025-01-30 18:19:03,738 INFO c.h.h.t.HelmChartContainer - [hivemq-test-hivemq-platform] [hivemq-platform-operator] [a35318ba] 18:19:03.737 [ReconcilerExecutor-hivemq-controller-111] DEBUG c.h.p.o.HiveMQPlatformReconciler - [helmwebs] Custom Resource Status STARTING - HiveMQ Platform is starting (READY)
2025-01-30 18:19:03,738 INFO c.h.h.t.HelmChartContainer - [hivemq-test-hivemq-platform] [hivemq-platform-operator] [a35318ba] 18:19:03.737 [ReconcilerExecutor-hivemq-controller-111] DEBUG c.h.p.o.HiveMQPlatformReconciler - [helmwebs] Custom Resource Spec (replicas: 1) (extensions: 1)
2025-01-30 18:19:03,740 INFO c.h.h.t.HelmChartContainer - [hivemq-test-hivemq-platform] [hivemq-platform-operator] [a35318ba] 18:19:03.739 [ReconcilerExecutor-hivemq-controller-111] DEBUG c.h.p.o.HiveMQPlatformReconciler - [helmwebs] StatefulSet Status (revision: test-hivemq-platform-c75b7cb76, replicas: 1, available: 0, ready: 0, current: 1, updated: 1)
2025-01-30 18:19:03,740 INFO c.h.h.t.HelmChartContainer - [hivemq-test-hivemq-platform] [hivemq-platform-operator] [a35318ba] 18:19:03.739 [ReconcilerExecutor-hivemq-controller-111] DEBUG c.h.p.o.HiveMQPlatformReconciler - [helmwebs] StatefulSet Spec (replicas: 1, init containers: 1, containers: 1, volumes: 6)
2025-01-30 18:19:03,741 INFO c.h.h.t.HelmChartContainer - [hivemq-test-hivemq-platform] [hivemq-platform-operator] [a35318ba] 18:19:03.740 [ReconcilerExecutor-hivemq-controller-111] DEBUG c.h.p.o.h.HiveMQPlatformReconcilerErrorHandler - [helmwebs] Pod 'test-hivemq-platform-0' phase Running
2025-01-30 18:19:03,742 INFO c.h.h.t.HelmChartContainer - [hivemq-test-hivemq-platform] [hivemq-platform-operator] [a35318ba] 18:19:03.741 [ReconcilerExecutor-hivemq-controller-111] INFO  c.h.p.o.h.HiveMQPlatformReconcilerBaseHandler - [helmwebs] HiveMQ Platform is starting, 0 of 1 replicas are ready
2025-01-30 18:19:03,768 INFO c.h.h.t.HelmChartContainer - [test-hivemq-platform] [hivemq] [c35d5ada] INFO  - [HiveMQ Platform Operator Init App 1.7.0-SNAPSHOT] Successfully updated Pod HiveMQ Platform Operator Init App version annotation (version: 1.7.0-SNAPSHOT)
2025-01-30 18:19:08,682 INFO c.h.h.t.HelmChartContainer - [test-hivemq-platform] [hivemq] [c35d5ada] WARN  - [HiveMQ Platform Operator Init App 1.7.0-SNAPSHOT] Cannot connect to Health API for readiness: null
2025-01-30 18:19:08,686 INFO c.h.h.t.HelmChartContainer - [EVENT] Warning [Unhealthy] Readiness probe failed: HTTP probe failed with statuscode: 503 [helmwebsocketsit:test-hivemq-platform-0]
2025-01-30 18:19:08,687 INFO c.h.h.t.HelmChartContainer - Received Unhealthy event for container hivemq in pod test-hivemq-platform-0 [c35d5ada-21fd-488a-a4f4-f3bb00798304]
2025-01-30 18:19:13,746 INFO c.h.h.t.HelmChartContainer - [hivemq-test-hivemq-platform] [hivemq-platform-operator] [a35318ba] 18:19:13.744 [pool-6-thread-32] DEBUG c.h.p.o.d.PlatformServiceResource - [helmwebs] Desired Platform services (4 services)
2025-01-30 18:19:13,746 INFO c.h.h.t.HelmChartContainer - [hivemq-test-hivemq-platform] [hivemq-platform-operator] [a35318ba] 18:19:13.745 [pool-6-thread-37] DEBUG c.h.p.o.dependants.PodInfoConfigMap - [helmwebs] Desired PodInfo ConfigMap (1 extensions) (1 enabled)
2025-01-30 18:19:13,747 INFO c.h.h.t.HelmChartContainer - [hivemq-test-hivemq-platform] [hivemq-platform-operator] [a35318ba] 18:19:13.745 [pool-6-thread-37] DEBUG c.h.p.o.dependants.PodInfoConfigMap - [helmwebs] Desired PodInfo ConfigMap (metrics port: 9399) (metrics path: /)
2025-01-30 18:19:13,747 INFO c.h.h.t.HelmChartContainer - [hivemq-test-hivemq-platform] [hivemq-platform-operator] [a35318ba] 18:19:13.745 [pool-6-thread-37] DEBUG c.h.p.o.dependants.PodInfoConfigMap - [helmwebs] Desired PodInfo ConfigMap (extension state hash: -1817474005)
2025-01-30 18:19:13,747 INFO c.h.h.t.HelmChartContainer - [hivemq-test-hivemq-platform] [hivemq-platform-operator] [a35318ba] 18:19:13.747 [pool-6-thread-37] DEBUG c.h.p.o.d.PodServiceAccountResource - [helmwebs] Desired PodServiceAccountResource (serviceAccountName: hivemq-platform-pod-test-hivemq-platform)
2025-01-30 18:19:13,752 INFO c.h.h.t.HelmChartContainer - [hivemq-test-hivemq-platform] [hivemq-platform-operator] [a35318ba] 18:19:13.752 [pool-6-thread-32] DEBUG c.h.p.o.d.StatefulSetResource - [helmwebs] Desired StatefulSet (1 replicas) for status STARTING (READY)
2025-01-30 18:19:13,758 INFO c.h.h.t.HelmChartContainer - [hivemq-test-hivemq-platform] [hivemq-platform-operator] [a35318ba] 18:19:13.757 [ReconcilerExecutor-hivemq-controller-112] INFO  c.h.p.o.HiveMQPlatformReconciler - [helmwebs] Reconciling HiveMQ Platform 'test-hivemq-platform' in namespace 'helmwebsocketsit'
2025-01-30 18:19:13,758 INFO c.h.h.t.HelmChartContainer - [hivemq-test-hivemq-platform] [hivemq-platform-operator] [a35318ba] 18:19:13.757 [ReconcilerExecutor-hivemq-controller-112] DEBUG c.h.p.o.HiveMQPlatformReconciler - [helmwebs] Custom Resource Status STARTING - HiveMQ Platform is starting (READY)
2025-01-30 18:19:13,758 INFO c.h.h.t.HelmChartContainer - [hivemq-test-hivemq-platform] [hivemq-platform-operator] [a35318ba] 18:19:13.757 [ReconcilerExecutor-hivemq-controller-112] DEBUG c.h.p.o.HiveMQPlatformReconciler - [helmwebs] Custom Resource Spec (replicas: 1) (extensions: 1)
2025-01-30 18:19:13,761 INFO c.h.h.t.HelmChartContainer - [hivemq-test-hivemq-platform] [hivemq-platform-operator] [a35318ba] 18:19:13.759 [ReconcilerExecutor-hivemq-controller-112] DEBUG c.h.p.o.HiveMQPlatformReconciler - [helmwebs] StatefulSet Status (revision: test-hivemq-platform-c75b7cb76, replicas: 1, available: 0, ready: 0, current: 1, updated: 1)
2025-01-30 18:19:13,761 INFO c.h.h.t.HelmChartContainer - [hivemq-test-hivemq-platform] [hivemq-platform-operator] [a35318ba] 18:19:13.759 [ReconcilerExecutor-hivemq-controller-112] DEBUG c.h.p.o.HiveMQPlatformReconciler - [helmwebs] StatefulSet Spec (replicas: 1, init containers: 1, containers: 1, volumes: 6)
2025-01-30 18:19:13,763 INFO c.h.h.t.HelmChartContainer - [hivemq-test-hivemq-platform] [hivemq-platform-operator] [a35318ba] 18:19:13.762 [ReconcilerExecutor-hivemq-controller-112] DEBUG c.h.p.o.h.HiveMQPlatformReconcilerErrorHandler - [helmwebs] Pod 'test-hivemq-platform-0' phase Running
2025-01-30 18:19:13,764 INFO c.h.h.t.HelmChartContainer - [hivemq-test-hivemq-platform] [hivemq-platform-operator] [a35318ba] 18:19:13.763 [ReconcilerExecutor-hivemq-controller-112] INFO  c.h.p.o.h.HiveMQPlatformReconcilerBaseHandler - [helmwebs] HiveMQ Platform is starting, 0 of 1 replicas are ready
2025-01-30 18:19:13,768 INFO c.h.h.t.HelmChartContainer - [test-hivemq-platform] [hivemq] [c35d5ada] WARN  - [HiveMQ Platform Operator Init App 1.7.0-SNAPSHOT] Cannot connect to Health API for readiness: null
2025-01-30 18:19:13,771 INFO c.h.h.t.HelmChartContainer - [EVENT] Warning [Unhealthy] Readiness probe failed: HTTP probe failed with statuscode: 503 [helmwebsocketsit:test-hivemq-platform-0]
2025-01-30 18:19:13,771 INFO c.h.h.t.HelmChartContainer - Received Unhealthy event for container hivemq in pod test-hivemq-platform-0 [c35d5ada-21fd-488a-a4f4-f3bb00798304]
2025-01-30 18:19:14,963 INFO c.h.h.t.HelmChartContainer - [test-hivemq-platform] [hivemq] [c35d5ada] WARN  - [HiveMQ Platform Operator Init App 1.7.0-SNAPSHOT] Cannot connect to Health API for liveness: null
2025-01-30 18:19:14,963 INFO c.h.h.t.HelmChartContainer - [test-hivemq-platform] [hivemq] [c35d5ada] INFO  - [HiveMQ Platform Operator Init App 1.7.0-SNAPSHOT] Returning default Health API response 200 for liveness
2025-01-30 18:19:15,461 INFO c.h.h.t.HelmChartContainer - [test-hivemq-platform] [hivemq] [c35d5ada] INFO  - No valid license file found. Using trial license, restricted to 25 connections.
2025-01-30 18:19:18,768 INFO c.h.h.t.HelmChartContainer - [test-hivemq-platform] [hivemq] [c35d5ada] WARN  - [HiveMQ Platform Operator Init App 1.7.0-SNAPSHOT] Cannot connect to Health API for readiness: null
2025-01-30 18:19:18,773 INFO c.h.h.t.HelmChartContainer - [EVENT] Warning [Unhealthy] Readiness probe failed: HTTP probe failed with statuscode: 503 [helmwebsocketsit:test-hivemq-platform-0]
2025-01-30 18:19:18,773 INFO c.h.h.t.HelmChartContainer - Received Unhealthy event for container hivemq in pod test-hivemq-platform-0 [c35d5ada-21fd-488a-a4f4-f3bb00798304]
2025-01-30 18:19:20,078 INFO c.h.h.t.HelmChartContainer - [test-hivemq-platform] [hivemq] [c35d5ada] INFO  - No valid license file for Data Hub found. Using free license, restricted to 1 policy.
2025-01-30 18:19:21,362 INFO c.h.h.t.HelmChartContainer - [test-hivemq-platform] [hivemq] [c35d5ada] INFO  - Audit Logger started.
2025-01-30 18:19:21,599 INFO c.h.h.t.HelmChartContainer - [test-hivemq-platform] [hivemq] [c35d5ada] INFO  - This node uses '1' CPU cores.
2025-01-30 18:19:21,603 INFO c.h.h.t.HelmChartContainer - [test-hivemq-platform] [hivemq] [c35d5ada] INFO  - Starting HiveMQ Health API on address 0.0.0.0 and port 8889
2025-01-30 18:19:22,364 INFO c.h.h.t.HelmChartContainer - [test-hivemq-platform] [hivemq] [c35d5ada] INFO  - Started HiveMQ Health API in 760ms
2025-01-30 18:19:22,964 INFO c.h.h.t.HelmChartContainer - [test-hivemq-platform] [hivemq] [c35d5ada] INFO  - Starting HiveMQ extension system.
2025-01-30 18:19:23,177 INFO c.h.h.t.HelmChartContainer - [test-hivemq-platform] [hivemq] [c35d5ada] INFO  - Starting extension with id "hivemq-dns-cluster-discovery" at /opt/hivemq/extensions/hivemq-dns-cluster-discovery
2025-01-30 18:19:23,767 INFO c.h.h.t.HelmChartContainer - [test-hivemq-platform] [hivemq] [c35d5ada] INFO  - Extension "DNS Cluster Discovery Extension" version 4.3.2 started successfully.
2025-01-30 18:19:23,767 INFO c.h.h.t.HelmChartContainer - [test-hivemq-platform] [hivemq] [c35d5ada] INFO  - Starting extension with id "hivemq-prometheus-extension" at /opt/hivemq/extensions/hivemq-prometheus-extension
2025-01-30 18:19:23,783 INFO c.h.h.t.HelmChartContainer - [hivemq-test-hivemq-platform] [hivemq-platform-operator] [a35318ba] 18:19:23.775 [pool-6-thread-46] DEBUG c.h.p.o.d.PlatformServiceResource - [helmwebs] Desired Platform services (4 services)
2025-01-30 18:19:23,783 INFO c.h.h.t.HelmChartContainer - [hivemq-test-hivemq-platform] [hivemq-platform-operator] [a35318ba] 18:19:23.779 [pool-6-thread-47] DEBUG c.h.p.o.dependants.PodInfoConfigMap - [helmwebs] Desired PodInfo ConfigMap (1 extensions) (1 enabled)
2025-01-30 18:19:23,783 INFO c.h.h.t.HelmChartContainer - [hivemq-test-hivemq-platform] [hivemq-platform-operator] [a35318ba] 18:19:23.779 [pool-6-thread-47] DEBUG c.h.p.o.dependants.PodInfoConfigMap - [helmwebs] Desired PodInfo ConfigMap (metrics port: 9399) (metrics path: /)
2025-01-30 18:19:23,783 INFO c.h.h.t.HelmChartContainer - [hivemq-test-hivemq-platform] [hivemq-platform-operator] [a35318ba] 18:19:23.779 [pool-6-thread-47] DEBUG c.h.p.o.dependants.PodInfoConfigMap - [helmwebs] Desired PodInfo ConfigMap (extension state hash: -1817474005)
2025-01-30 18:19:23,783 INFO c.h.h.t.HelmChartContainer - [hivemq-test-hivemq-platform] [hivemq-platform-operator] [a35318ba] 18:19:23.782 [pool-6-thread-42] DEBUG c.h.p.o.d.PodServiceAccountResource - [helmwebs] Desired PodServiceAccountResource (serviceAccountName: hivemq-platform-pod-test-hivemq-platform)
2025-01-30 18:19:23,791 INFO c.h.h.t.HelmChartContainer - [hivemq-test-hivemq-platform] [hivemq-platform-operator] [a35318ba] 18:19:23.790 [pool-6-thread-45] DEBUG c.h.p.o.d.StatefulSetResource - [helmwebs] Desired StatefulSet (1 replicas) for status STARTING (READY)
2025-01-30 18:19:23,844 INFO c.h.h.t.HelmChartContainer - [hivemq-test-hivemq-platform] [hivemq-platform-operator] [a35318ba] 18:19:23.840 [ReconcilerExecutor-hivemq-controller-113] INFO  c.h.p.o.HiveMQPlatformReconciler - [helmwebs] Reconciling HiveMQ Platform 'test-hivemq-platform' in namespace 'helmwebsocketsit'
2025-01-30 18:19:23,844 INFO c.h.h.t.HelmChartContainer - [hivemq-test-hivemq-platform] [hivemq-platform-operator] [a35318ba] 18:19:23.840 [ReconcilerExecutor-hivemq-controller-113] DEBUG c.h.p.o.HiveMQPlatformReconciler - [helmwebs] Custom Resource Status STARTING - HiveMQ Platform is starting (READY)
2025-01-30 18:19:23,844 INFO c.h.h.t.HelmChartContainer - [hivemq-test-hivemq-platform] [hivemq-platform-operator] [a35318ba] 18:19:23.840 [ReconcilerExecutor-hivemq-controller-113] DEBUG c.h.p.o.HiveMQPlatformReconciler - [helmwebs] Custom Resource Spec (replicas: 1) (extensions: 1)
2025-01-30 18:19:23,846 INFO c.h.h.t.HelmChartContainer - [hivemq-test-hivemq-platform] [hivemq-platform-operator] [a35318ba] 18:19:23.844 [ReconcilerExecutor-hivemq-controller-113] DEBUG c.h.p.o.HiveMQPlatformReconciler - [helmwebs] StatefulSet Status (revision: test-hivemq-platform-c75b7cb76, replicas: 1, available: 0, ready: 0, current: 1, updated: 1)
2025-01-30 18:19:23,846 INFO c.h.h.t.HelmChartContainer - [hivemq-test-hivemq-platform] [hivemq-platform-operator] [a35318ba] 18:19:23.844 [ReconcilerExecutor-hivemq-controller-113] DEBUG c.h.p.o.HiveMQPlatformReconciler - [helmwebs] StatefulSet Spec (replicas: 1, init containers: 1, containers: 1, volumes: 6)
2025-01-30 18:19:23,847 INFO c.h.h.t.HelmChartContainer - [hivemq-test-hivemq-platform] [hivemq-platform-operator] [a35318ba] 18:19:23.846 [ReconcilerExecutor-hivemq-controller-113] DEBUG c.h.p.o.h.HiveMQPlatformReconcilerErrorHandler - [helmwebs] Pod 'test-hivemq-platform-0' phase Running
2025-01-30 18:19:23,848 INFO c.h.h.t.HelmChartContainer - [hivemq-test-hivemq-platform] [hivemq-platform-operator] [a35318ba] 18:19:23.847 [ReconcilerExecutor-hivemq-controller-113] INFO  c.h.p.o.h.HiveMQPlatformReconcilerBaseHandler - [helmwebs] HiveMQ Platform is starting, 0 of 1 replicas are ready
2025-01-30 18:19:23,865 INFO c.h.h.t.HelmChartContainer - [test-hivemq-platform] [hivemq] [c35d5ada] INFO  - Using TCP cluster transport on address 10.42.0.12 and port 7000
2025-01-30 18:19:23,873 INFO c.h.h.t.HelmChartContainer - [test-hivemq-platform] [hivemq] [c35d5ada] INFO  - Using extension cluster discovery
2025-01-30 18:19:24,722 INFO c.h.h.t.HelmChartContainer - [EVENT] Warning [Unhealthy] Readiness probe failed: Get "http://10.42.0.12:7979/readiness": context deadline exceeded (Client.Timeout exceeded while awaiting headers) [helmwebsocketsit:test-hivemq-platform-0]
2025-01-30 18:19:24,722 INFO c.h.h.t.HelmChartContainer - Received Unhealthy event for container hivemq in pod test-hivemq-platform-0 [c35d5ada-21fd-488a-a4f4-f3bb00798304]
2025-01-30 18:19:25,073 INFO c.h.h.t.HelmChartContainer - [test-hivemq-platform] [hivemq] [c35d5ada] INFO  - Started Jetty Server exposing Prometheus Servlet on URI http://0.0.0.0:9399/
2025-01-30 18:19:25,073 INFO c.h.h.t.HelmChartContainer - [test-hivemq-platform] [hivemq] [c35d5ada] INFO  - Extension "Prometheus Monitoring Extension" version 4.0.12 started successfully.
2025-01-30 18:19:25,161 INFO c.h.h.t.HelmChartContainer - [test-hivemq-platform] [hivemq] [c35d5ada] INFO  - Starting extension with id "hivemq-allow-all-extension" at /opt/hivemq/extensions/hivemq-allow-all-extension
2025-01-30 18:19:25,162 INFO c.h.h.t.HelmChartContainer - [test-hivemq-platform] [hivemq] [c35d5ada] WARN  - 
2025-01-30 18:19:25,162 INFO c.h.h.t.HelmChartContainer - [test-hivemq-platform] [hivemq] [c35d5ada] ################################################################################################################
2025-01-30 18:19:25,163 INFO c.h.h.t.HelmChartContainer - [test-hivemq-platform] [hivemq] [c35d5ada] # This HiveMQ deployment is not secure! You are lacking Authentication and Authorization.                      #
2025-01-30 18:19:25,163 INFO c.h.h.t.HelmChartContainer - [test-hivemq-platform] [hivemq] [c35d5ada] # Right now any MQTT client can connect to the broker with a full set of permissions.                          #
2025-01-30 18:19:25,163 INFO c.h.h.t.HelmChartContainer - [test-hivemq-platform] [hivemq] [c35d5ada] # For production usage, add an appropriate security extension and remove the hivemq-allow-all extension.       #
2025-01-30 18:19:25,163 INFO c.h.h.t.HelmChartContainer - [test-hivemq-platform] [hivemq] [c35d5ada] # You can download security extensions from the HiveMQ Marketplace (https://www.hivemq.com/extensions/).       #
2025-01-30 18:19:25,163 INFO c.h.h.t.HelmChartContainer - [test-hivemq-platform] [hivemq] [c35d5ada] ################################################################################################################
2025-01-30 18:19:25,163 INFO c.h.h.t.HelmChartContainer - [test-hivemq-platform] [hivemq] [c35d5ada] INFO  - Extension "Allow All Extension" version 1.1.1 started successfully.
2025-01-30 18:19:25,377 INFO c.h.h.t.HelmChartContainer - [test-hivemq-platform] [hivemq] [c35d5ada] INFO  - [HiveMQ Platform Operator Init App 1.7.0-SNAPSHOT] Returning Health API response 503 for readiness
2025-01-30 18:19:27,268 INFO c.h.h.t.HelmChartContainer - [test-hivemq-platform] [hivemq] [c35d5ada] INFO  - 1GwKD: no members discovered after 2206 ms: creating cluster as first member
2025-01-30 18:19:27,275 INFO c.h.h.t.HelmChartContainer - [test-hivemq-platform] [hivemq] [c35d5ada] INFO  - Cluster nodes found by discovery: [1GwKD|0] (1) [1GwKD].
2025-01-30 18:19:27,364 INFO c.h.h.t.HelmChartContainer - [test-hivemq-platform] [hivemq] [c35d5ada] WARN  - No user for HiveMQ Control Center configured. Starting with default user
2025-01-30 18:19:27,364 INFO c.h.h.t.HelmChartContainer - [test-hivemq-platform] [hivemq] [c35d5ada] INFO  - Starting HiveMQ Control Center on address 127.0.0.1 and port 8080
2025-01-30 18:19:27,365 INFO c.h.h.t.HelmChartContainer - [test-hivemq-platform] [hivemq] [c35d5ada] INFO  - Mounting HiveMQ Control Center V2 Preview
2025-01-30 18:19:28,066 INFO c.h.h.t.HelmChartContainer - [test-hivemq-platform] [hivemq] [c35d5ada] INFO  - Started HiveMQ Control Center in 702ms
2025-01-30 18:19:28,080 INFO c.h.h.t.HelmChartContainer - [test-hivemq-platform] [hivemq] [c35d5ada] INFO  - Starting Websocket listener on address 0.0.0.0 and port 8002
2025-01-30 18:19:28,667 INFO c.h.h.t.HelmChartContainer - [test-hivemq-platform] [hivemq] [c35d5ada] INFO  - Enabled protocols for Websocket Listener with TLS at address 0.0.0.0 and port 8003: [TLSv1.3, TLSv1.2]
2025-01-30 18:19:28,667 INFO c.h.h.t.HelmChartContainer - [test-hivemq-platform] [hivemq] [c35d5ada] INFO  - Enabled cipher suites for Websocket Listener with TLS at address 0.0.0.0 and port 8003: [TLS_ECDHE_ECDSA_WITH_AES_256_GCM_SHA384, TLS_ECDHE_ECDSA_WITH_AES_128_GCM_SHA256, TLS_ECDHE_RSA_WITH_AES_128_GCM_SHA256, TLS_ECDHE_RSA_WITH_AES_256_GCM_SHA384, TLS_ECDHE_RSA_WITH_AES_128_CBC_SHA, TLS_ECDHE_RSA_WITH_AES_256_CBC_SHA, TLS_RSA_WITH_AES_128_GCM_SHA256, TLS_RSA_WITH_AES_128_CBC_SHA, TLS_RSA_WITH_AES_256_CBC_SHA, TLS_AES_128_GCM_SHA256, TLS_AES_256_GCM_SHA384]
2025-01-30 18:19:28,669 INFO c.h.h.t.HelmChartContainer - [test-hivemq-platform] [hivemq] [c35d5ada] INFO  - Starting Websocket TLS listener on address 0.0.0.0 and port 8003
2025-01-30 18:19:28,772 INFO c.h.h.t.HelmChartContainer - [EVENT] Warning [Unhealthy] Readiness probe failed: HTTP probe failed with statuscode: 503 [helmwebsocketsit:test-hivemq-platform-0]
2025-01-30 18:19:28,772 INFO c.h.h.t.HelmChartContainer - Received Unhealthy event for container hivemq in pod test-hivemq-platform-0 [c35d5ada-21fd-488a-a4f4-f3bb00798304]
2025-01-30 18:19:28,777 INFO c.h.h.t.HelmChartContainer - [test-hivemq-platform] [hivemq] [c35d5ada] INFO  - Enabled protocols for Websocket Listener with TLS at address 0.0.0.0 and port 8004: [TLSv1.3, TLSv1.2]
2025-01-30 18:19:28,777 INFO c.h.h.t.HelmChartContainer - [test-hivemq-platform] [hivemq] [c35d5ada] INFO  - Enabled cipher suites for Websocket Listener with TLS at address 0.0.0.0 and port 8004: [TLS_ECDHE_ECDSA_WITH_AES_256_GCM_SHA384, TLS_ECDHE_ECDSA_WITH_AES_128_GCM_SHA256, TLS_ECDHE_RSA_WITH_AES_128_GCM_SHA256, TLS_ECDHE_RSA_WITH_AES_256_GCM_SHA384, TLS_ECDHE_RSA_WITH_AES_128_CBC_SHA, TLS_ECDHE_RSA_WITH_AES_256_CBC_SHA, TLS_RSA_WITH_AES_128_GCM_SHA256, TLS_RSA_WITH_AES_128_CBC_SHA, TLS_RSA_WITH_AES_256_CBC_SHA, TLS_AES_128_GCM_SHA256, TLS_AES_256_GCM_SHA384]
2025-01-30 18:19:28,833 INFO c.h.h.t.HelmChartContainer - [test-hivemq-platform] [hivemq] [c35d5ada] INFO  - Starting Websocket TLS listener on address 0.0.0.0 and port 8004
2025-01-30 18:19:28,861 INFO c.h.h.t.HelmChartContainer - [test-hivemq-platform] [hivemq] [c35d5ada] INFO  - Started Websocket Listener on address 0.0.0.0 and on port 8002.
2025-01-30 18:19:28,861 INFO c.h.h.t.HelmChartContainer - [test-hivemq-platform] [hivemq] [c35d5ada] INFO  - Started Websocket Listener with TLS on address 0.0.0.0 and on port 8003.
2025-01-30 18:19:28,861 INFO c.h.h.t.HelmChartContainer - [test-hivemq-platform] [hivemq] [c35d5ada] INFO  - Started Websocket Listener with TLS on address 0.0.0.0 and on port 8004.
2025-01-30 18:19:28,862 INFO c.h.h.t.HelmChartContainer - [test-hivemq-platform] [hivemq] [c35d5ada] INFO  - Started HiveMQ in 33093ms
2025-01-30 18:19:33,683 INFO c.h.h.t.HelmChartContainer - [test-hivemq-platform] [hivemq] [c35d5ada] INFO  - [HiveMQ Platform Operator Init App 1.7.0-SNAPSHOT] Returning Health API response 200 for readiness
2025-01-30 18:19:33,696 INFO c.h.h.t.HelmChartContainer - [POD] test-hivemq-platform-0 [c35d5ada-21fd-488a-a4f4-f3bb00798304] in helmwebsocketsit was MODIFIED
2025-01-30 18:19:33,720 INFO c.h.h.t.HelmChartContainer - [hivemq-test-hivemq-platform] [hivemq-platform-operator] [a35318ba] 18:19:33.704 [pool-6-thread-8] DEBUG c.h.p.o.d.PlatformServiceResource - [helmwebs] Desired Platform services (4 services)
2025-01-30 18:19:33,720 INFO c.h.h.t.HelmChartContainer - [hivemq-test-hivemq-platform] [hivemq-platform-operator] [a35318ba] 18:19:33.707 [pool-6-thread-2] DEBUG c.h.p.o.d.PodServiceAccountResource - [helmwebs] Desired PodServiceAccountResource (serviceAccountName: hivemq-platform-pod-test-hivemq-platform)
2025-01-30 18:19:33,720 INFO c.h.h.t.HelmChartContainer - [hivemq-test-hivemq-platform] [hivemq-platform-operator] [a35318ba] 18:19:33.705 [pool-6-thread-9] DEBUG c.h.p.o.dependants.PodInfoConfigMap - [helmwebs] Desired PodInfo ConfigMap (1 extensions) (1 enabled)
2025-01-30 18:19:33,720 INFO c.h.h.t.HelmChartContainer - [hivemq-test-hivemq-platform] [hivemq-platform-operator] [a35318ba] 18:19:33.713 [pool-6-thread-9] DEBUG c.h.p.o.dependants.PodInfoConfigMap - [helmwebs] Desired PodInfo ConfigMap (metrics port: 9399) (metrics path: /)
2025-01-30 18:19:33,720 INFO c.h.h.t.HelmChartContainer - [hivemq-test-hivemq-platform] [hivemq-platform-operator] [a35318ba] 18:19:33.713 [pool-6-thread-9] DEBUG c.h.p.o.dependants.PodInfoConfigMap - [helmwebs] Desired PodInfo ConfigMap (extension state hash: -1817474005)
2025-01-30 18:19:33,721 INFO c.h.h.t.HelmChartContainer - [hivemq-test-hivemq-platform] [hivemq-platform-operator] [a35318ba] 18:19:33.717 [pool-6-thread-8] DEBUG c.h.p.o.d.StatefulSetResource - [helmwebs] Desired StatefulSet (1 replicas) for status STARTING (READY)
2025-01-30 18:19:33,742 INFO c.h.h.t.HelmChartContainer - [hivemq-test-hivemq-platform] [hivemq-platform-operator] [a35318ba] 18:19:33.740 [ReconcilerExecutor-hivemq-controller-114] INFO  c.h.p.o.HiveMQPlatformReconciler - [helmwebs] Reconciling HiveMQ Platform 'test-hivemq-platform' in namespace 'helmwebsocketsit'
2025-01-30 18:19:33,743 INFO c.h.h.t.HelmChartContainer - [hivemq-test-hivemq-platform] [hivemq-platform-operator] [a35318ba] 18:19:33.741 [ReconcilerExecutor-hivemq-controller-114] DEBUG c.h.p.o.HiveMQPlatformReconciler - [helmwebs] Custom Resource Status STARTING - HiveMQ Platform is starting (READY)
2025-01-30 18:19:33,743 INFO c.h.h.t.HelmChartContainer - [hivemq-test-hivemq-platform] [hivemq-platform-operator] [a35318ba] 18:19:33.741 [ReconcilerExecutor-hivemq-controller-114] DEBUG c.h.p.o.HiveMQPlatformReconciler - [helmwebs] Custom Resource Spec (replicas: 1) (extensions: 1)
2025-01-30 18:19:33,744 INFO c.h.h.t.HelmChartContainer - [hivemq-test-hivemq-platform] [hivemq-platform-operator] [a35318ba] 18:19:33.743 [ReconcilerExecutor-hivemq-controller-114] DEBUG c.h.p.o.HiveMQPlatformReconciler - [helmwebs] StatefulSet Status (revision: test-hivemq-platform-c75b7cb76, replicas: 1, available: 1, ready: 1, current: 1, updated: 1)
2025-01-30 18:19:33,745 INFO c.h.h.t.HelmChartContainer - [hivemq-test-hivemq-platform] [hivemq-platform-operator] [a35318ba] 18:19:33.743 [ReconcilerExecutor-hivemq-controller-114] DEBUG c.h.p.o.HiveMQPlatformReconciler - [helmwebs] StatefulSet Spec (replicas: 1, init containers: 1, containers: 1, volumes: 6)
2025-01-30 18:19:33,746 INFO c.h.h.t.HelmChartContainer - [hivemq-test-hivemq-platform] [hivemq-platform-operator] [a35318ba] 18:19:33.745 [ReconcilerExecutor-hivemq-controller-114] DEBUG c.h.p.o.h.HiveMQPlatformReconcilerErrorHandler - [helmwebs] Pod 'test-hivemq-platform-0' phase Running
2025-01-30 18:19:33,747 INFO c.h.h.t.HelmChartContainer - [hivemq-test-hivemq-platform] [hivemq-platform-operator] [a35318ba] 18:19:33.745 [ReconcilerExecutor-hivemq-controller-114] INFO  c.h.p.o.h.HiveMQPlatformReconcilerBaseHandler - [helmwebs] HiveMQ Platform started successfully
2025-01-30 18:19:33,839 INFO c.h.h.t.HelmChartContainer - [hivemq-test-hivemq-platform] [hivemq-platform-operator] [a35318ba] 18:19:33.838 [ReconcilerExecutor-hivemq-controller-114] DEBUG c.h.p.operator.event.EventSender - [helmwebs] Creating K8s event hivemq-platform-ready: [Ready] HiveMQ Platform is ready
2025-01-30 18:19:33,845 INFO c.h.h.t.HelmChartContainer - [EVENT] Normal [Ready] HiveMQ Platform is ready [helmwebsocketsit:test-hivemq-platform]
2025-01-30 18:19:33,845 INFO c.h.h.t.HelmChartContainer - [hivemq-test-hivemq-platform] [hivemq-platform-operator] [a35318ba] 18:19:33.844 [ReconcilerExecutor-hivemq-controller-114] INFO  c.h.p.o.h.AbstractHiveMQReconcilerStateHandler - [helmwebs] Update HiveMQ Platform Status (STARTING [READY] -> RUNNING [READY]): HiveMQ Platform is ready
2025-01-30 18:19:33,853 DEBUG com.hivemq.helmcharts.util.K8sUtil - Comparing actual state 'RUNNING' and waiting for 'RUNNING'
2025-01-30 18:19:33,862 INFO c.h.h.t.HelmChartContainer - [hivemq-test-hivemq-platform] [hivemq-platform-operator] [a35318ba] 18:19:33.860 [pool-6-thread-17] DEBUG c.h.p.o.d.PlatformServiceResource - [helmwebs] Desired Platform services (4 services)
2025-01-30 18:19:33,862 INFO c.h.h.t.HelmChartContainer - [hivemq-test-hivemq-platform] [hivemq-platform-operator] [a35318ba] 18:19:33.861 [pool-6-thread-11] DEBUG c.h.p.o.dependants.PodInfoConfigMap - [helmwebs] Desired PodInfo ConfigMap (1 extensions) (1 enabled)
2025-01-30 18:19:33,864 INFO c.h.h.t.HelmChartContainer - [hivemq-test-hivemq-platform] [hivemq-platform-operator] [a35318ba] 18:19:33.861 [pool-6-thread-11] DEBUG c.h.p.o.dependants.PodInfoConfigMap - [helmwebs] Desired PodInfo ConfigMap (metrics port: 9399) (metrics path: /)
2025-01-30 18:19:33,864 INFO c.h.h.t.HelmChartContainer - [hivemq-test-hivemq-platform] [hivemq-platform-operator] [a35318ba] 18:19:33.861 [pool-6-thread-11] DEBUG c.h.p.o.dependants.PodInfoConfigMap - [helmwebs] Desired PodInfo ConfigMap (extension state hash: -1817474005)
2025-01-30 18:19:33,865 INFO c.h.h.t.HelmChartContainer - [hivemq-test-hivemq-platform] [hivemq-platform-operator] [a35318ba] 18:19:33.864 [pool-6-thread-13] DEBUG c.h.p.o.d.PodServiceAccountResource - [helmwebs] Desired PodServiceAccountResource (serviceAccountName: hivemq-platform-pod-test-hivemq-platform)
2025-01-30 18:19:33,943 INFO c.h.h.t.HelmChartContainer - [hivemq-test-hivemq-platform] [hivemq-platform-operator] [a35318ba] 18:19:33.940 [pool-6-thread-11] DEBUG c.h.p.o.dependants.PodInfoConfigMap - [helmwebs] Update PodInfo ConfigMap
2025-01-30 18:19:33,957 INFO c.h.h.t.HelmChartContainer - [hivemq-test-hivemq-platform] [hivemq-platform-operator] [a35318ba] 18:19:33.956 [pool-6-thread-11] DEBUG c.h.p.o.d.StatefulSetResource - [helmwebs] Desired StatefulSet (1 replicas) for status RUNNING (READY)
2025-01-30 18:19:33,968 INFO c.h.h.t.HelmChartContainer - [hivemq-test-hivemq-platform] [hivemq-platform-operator] [a35318ba] 18:19:33.966 [ReconcilerExecutor-hivemq-controller-115] INFO  c.h.p.o.HiveMQPlatformReconciler - [helmwebs] Reconciling HiveMQ Platform 'test-hivemq-platform' in namespace 'helmwebsocketsit'
2025-01-30 18:19:33,969 INFO c.h.h.t.HelmChartContainer - [hivemq-test-hivemq-platform] [hivemq-platform-operator] [a35318ba] 18:19:33.966 [ReconcilerExecutor-hivemq-controller-115] DEBUG c.h.p.o.HiveMQPlatformReconciler - [helmwebs] Custom Resource Status RUNNING - HiveMQ Platform is ready (READY)
2025-01-30 18:19:33,969 INFO c.h.h.t.HelmChartContainer - [hivemq-test-hivemq-platform] [hivemq-platform-operator] [a35318ba] 18:19:33.967 [ReconcilerExecutor-hivemq-controller-115] DEBUG c.h.p.o.HiveMQPlatformReconciler - [helmwebs] Custom Resource Spec (replicas: 1) (extensions: 1)
2025-01-30 18:19:34,047 INFO c.h.h.t.HelmChartContainer - [hivemq-test-hivemq-platform] [hivemq-platform-operator] [a35318ba] 18:19:34.043 [ReconcilerExecutor-hivemq-controller-115] DEBUG c.h.p.o.HiveMQPlatformReconciler - [helmwebs] StatefulSet Status (revision: test-hivemq-platform-c75b7cb76, replicas: 1, available: 1, ready: 1, current: 1, updated: 1)
2025-01-30 18:19:34,047 INFO c.h.h.t.HelmChartContainer - [hivemq-test-hivemq-platform] [hivemq-platform-operator] [a35318ba] 18:19:34.044 [ReconcilerExecutor-hivemq-controller-115] DEBUG c.h.p.o.HiveMQPlatformReconciler - [helmwebs] StatefulSet Spec (replicas: 1, init containers: 1, containers: 1, volumes: 6)
2025-01-30 18:19:34,047 INFO c.h.h.t.HelmChartContainer - [hivemq-test-hivemq-platform] [hivemq-platform-operator] [a35318ba] 18:19:34.046 [ReconcilerExecutor-hivemq-controller-115] DEBUG c.h.p.o.h.HiveMQPlatformReconcilerErrorHandler - [helmwebs] Pod 'test-hivemq-platform-0' phase Running
2025-01-30 18:19:37,121 INFO c.h.h.t.HelmChartContainer - Uninstalling release 'test-hivemq-platform' in namespace 'helmwebsocketsit'...
2025-01-30 18:19:37,124 DEBUG c.h.h.t.HelmChartContainer - Executing helm command: /bin/helm --kubeconfig /etc/rancher/k3s/k3s.yaml uninstall test-hivemq-platform  --wait --timeout 5m0s --cascade foreground --namespace helmwebsocketsit
2025-01-30 18:19:37,349 INFO c.h.h.t.HelmChartContainer - [hivemq-test-hivemq-platform] [hivemq-platform-operator] [a35318ba] 18:19:37.347 [pool-6-thread-23] DEBUG c.h.p.o.d.PlatformServiceResource - [helmwebs] Desired Platform services (4 services)
2025-01-30 18:19:37,354 INFO c.h.h.t.HelmChartContainer - [hivemq-test-hivemq-platform] [hivemq-platform-operator] [a35318ba] 18:19:37.349 [pool-6-thread-21] DEBUG c.h.p.o.dependants.PodInfoConfigMap - [helmwebs] Desired PodInfo ConfigMap (1 extensions) (1 enabled)
2025-01-30 18:19:37,354 INFO c.h.h.t.HelmChartContainer - [hivemq-test-hivemq-platform] [hivemq-platform-operator] [a35318ba] 18:19:37.350 [pool-6-thread-21] DEBUG c.h.p.o.dependants.PodInfoConfigMap - [helmwebs] Desired PodInfo ConfigMap (metrics port: 9399) (metrics path: /)
2025-01-30 18:19:37,354 INFO c.h.h.t.HelmChartContainer - [hivemq-test-hivemq-platform] [hivemq-platform-operator] [a35318ba] 18:19:37.350 [pool-6-thread-21] DEBUG c.h.p.o.dependants.PodInfoConfigMap - [helmwebs] Desired PodInfo ConfigMap (extension state hash: -1817474005)
2025-01-30 18:19:37,357 INFO c.h.h.t.HelmChartContainer - [hivemq-test-hivemq-platform] [hivemq-platform-operator] [a35318ba] 18:19:37.355 [pool-6-thread-21] DEBUG c.h.p.o.d.PodServiceAccountResource - [helmwebs] Desired PodServiceAccountResource (serviceAccountName: hivemq-platform-pod-test-hivemq-platform)
2025-01-30 18:19:37,363 INFO c.h.h.t.HelmChartContainer - [hivemq-test-hivemq-platform] [hivemq-platform-operator] [a35318ba] 18:19:37.360 [pool-6-thread-23] DEBUG c.h.p.o.d.StatefulSetResource - [helmwebs] Desired StatefulSet (1 replicas) for status RUNNING (READY)
2025-01-30 18:19:37,369 INFO c.h.h.t.HelmChartContainer - [hivemq-test-hivemq-platform] [hivemq-platform-operator] [a35318ba] 18:19:37.366 [ReconcilerExecutor-hivemq-controller-116] INFO  c.h.p.o.HiveMQPlatformReconciler - [helmwebs] Reconciling HiveMQ Platform 'test-hivemq-platform' in namespace 'helmwebsocketsit'
2025-01-30 18:19:37,369 INFO c.h.h.t.HelmChartContainer - [hivemq-test-hivemq-platform] [hivemq-platform-operator] [a35318ba] 18:19:37.366 [ReconcilerExecutor-hivemq-controller-116] DEBUG c.h.p.o.HiveMQPlatformReconciler - [helmwebs] Custom Resource Status RUNNING - HiveMQ Platform is ready (READY)
2025-01-30 18:19:37,369 INFO c.h.h.t.HelmChartContainer - [hivemq-test-hivemq-platform] [hivemq-platform-operator] [a35318ba] 18:19:37.366 [ReconcilerExecutor-hivemq-controller-116] DEBUG c.h.p.o.HiveMQPlatformReconciler - [helmwebs] Custom Resource Spec (replicas: 1) (extensions: 1)
2025-01-30 18:19:37,422 INFO c.h.h.t.HelmChartContainer - [hivemq-test-hivemq-platform] [hivemq-platform-operator] [a35318ba] 18:19:37.421 [ReconcilerExecutor-hivemq-controller-116] DEBUG c.h.p.o.HiveMQPlatformReconciler - [helmwebs] StatefulSet Status (revision: test-hivemq-platform-c75b7cb76, replicas: 1, available: 1, ready: 1, current: 1, updated: 1)
2025-01-30 18:19:37,425 INFO c.h.h.t.HelmChartContainer - [hivemq-test-hivemq-platform] [hivemq-platform-operator] [a35318ba] 18:19:37.422 [ReconcilerExecutor-hivemq-controller-116] DEBUG c.h.p.o.HiveMQPlatformReconciler - [helmwebs] StatefulSet Spec (replicas: 1, init containers: 1, containers: 1, volumes: 6)
2025-01-30 18:19:37,431 INFO c.h.h.t.HelmChartContainer - [hivemq-test-hivemq-platform] [hivemq-platform-operator] [a35318ba] 18:19:37.424 [ReconcilerExecutor-hivemq-controller-116] DEBUG c.h.p.o.h.HiveMQPlatformReconcilerErrorHandler - [helmwebs] Pod 'test-hivemq-platform-0' phase Running
2025-01-30 18:19:37,446 INFO c.h.h.t.HelmChartContainer - [hivemq-test-hivemq-platform] [hivemq-platform-operator] [a35318ba] 18:19:37.443 [ReconcilerExecutor-hivemq-controller-117] INFO  c.h.p.o.HiveMQPlatformReconciler - [helmwebs] Cleanup test-hivemq-platform - helmwebsocketsit HiveMQ Platform is shut down
2025-01-30 18:19:38,362 INFO c.h.h.t.HelmChartContainer - [POD] test-hivemq-platform-0 [c35d5ada-21fd-488a-a4f4-f3bb00798304] in helmwebsocketsit was MODIFIED
2025-01-30 18:19:38,367 INFO c.h.h.t.HelmChartContainer - [EVENT] Normal [Killing] Stopping container hivemq [helmwebsocketsit:test-hivemq-platform-0]
2025-01-30 18:19:38,367 INFO c.h.h.t.HelmChartContainer - Received Killing event for container hivemq in pod test-hivemq-platform-0 [c35d5ada-21fd-488a-a4f4-f3bb00798304]
2025-01-30 18:19:38,367 INFO c.h.h.t.HelmChartContainer - Container [test-hivemq-platform-0] [hivemq] [c35d5ada-21fd-488a-a4f4-f3bb00798304] was terminated
2025-01-30 18:19:38,367 INFO c.h.h.t.HelmChartContainer - Stopped log watcher for hivemq in pod test-hivemq-platform-0 [c35d5ada-21fd-488a-a4f4-f3bb00798304]
2025-01-30 18:19:38,373 INFO c.h.h.t.HelmChartContainer - [test-hivemq-platform] [hivemq] [c35d5ada] INFO  - [HiveMQ Platform Operator Init App 1.7.0-SNAPSHOT] Shutting down
2025-01-30 18:19:38,373 INFO c.h.h.t.HelmChartContainer - [test-hivemq-platform] [hivemq] [c35d5ada] INFO  - [HiveMQ Platform Operator Init App 1.7.0-SNAPSHOT] Stopping the HiveMQ Platform
2025-01-30 18:19:38,479 INFO c.h.h.t.HelmChartContainer - [test-hivemq-platform] [hivemq] [c35d5ada] INFO  - Shutting down HiveMQ. Please wait, this could take a while...
2025-01-30 18:19:38,562 INFO c.h.h.t.HelmChartContainer - [test-hivemq-platform] [hivemq] [c35d5ada] INFO  - Shutting down listeners and clients
2025-01-30 18:19:38,563 INFO c.h.h.t.HelmChartContainer - [test-hivemq-platform] [hivemq] [c35d5ada] INFO  - Shutdown of listeners is done
2025-01-30 18:19:38,563 INFO c.h.h.t.HelmChartContainer - [test-hivemq-platform] [hivemq] [c35d5ada] INFO  - No clients are connected, proceeding with shutdown
2025-01-30 18:19:38,678 INFO c.h.h.t.HelmChartContainer - [test-hivemq-platform] [hivemq] [c35d5ada] INFO  - [HiveMQ Platform Operator Init App 1.7.0-SNAPSHOT] Returning shutdown Health API response 503 for readiness
2025-01-30 18:19:38,683 INFO c.h.h.t.HelmChartContainer - [EVENT] Warning [Unhealthy] Readiness probe failed: HTTP probe failed with statuscode: 503 [helmwebsocketsit:test-hivemq-platform-0]
2025-01-30 18:19:38,683 INFO c.h.h.t.HelmChartContainer - Received Unhealthy event for container hivemq in pod test-hivemq-platform-0 [c35d5ada-21fd-488a-a4f4-f3bb00798304]
2025-01-30 18:19:39,097 INFO c.h.h.t.HelmChartContainer - [test-hivemq-platform] [hivemq] [c35d5ada] WARN  - [HiveMQ Platform Operator Init App 1.7.0-SNAPSHOT] Could not update Pod annotations: Failure executing: GET at: https://10.43.0.1:443/api/v1/namespaces/helmwebsocketsit/pods/test-hivemq-platform-0. Message: pods "test-hivemq-platform-0" is forbidden: User "system:serviceaccount:helmwebsocketsit:hivemq-platform-pod-test-hivemq-platform" cannot get resource "pods" in API group "" in the namespace "helmwebsocketsit". Received status: Status(apiVersion=v1, code=403, details=StatusDetails(causes=[], group=null, kind=pods, name=test-hivemq-platform-0, retryAfterSeconds=null, uid=null, additionalProperties={}), kind=Status, message=pods "test-hivemq-platform-0" is forbidden: User "system:serviceaccount:helmwebsocketsit:hivemq-platform-pod-test-hivemq-platform" cannot get resource "pods" in API group "" in the namespace "helmwebsocketsit", metadata=ListMeta(_continue=null, remainingItemCount=null, resourceVersion=null, selfLink=null, additionalProperties={}), reason=Forbidden, status=Failure, additionalProperties={}).
2025-01-30 18:19:39,419 INFO c.h.h.t.HelmChartContainer - Deleting namespace 'helmwebsocketsit'...
2025-01-30 18:19:40,972 INFO c.h.h.t.HelmChartContainer - [test-hivemq-platform] [hivemq] [c35d5ada] INFO  - Shutting down extension system
2025-01-30 18:19:40,980 INFO c.h.h.t.HelmChartContainer - [test-hivemq-platform] [hivemq] [c35d5ada] INFO  - Stopping extension with id hivemq-dns-cluster-discovery
2025-01-30 18:19:40,981 INFO c.h.h.t.HelmChartContainer - [test-hivemq-platform] [hivemq] [c35d5ada] INFO  - Extension "DNS Cluster Discovery Extension" version 4.3.2 stopped successfully.
2025-01-30 18:19:40,982 INFO c.h.h.t.HelmChartContainer - [test-hivemq-platform] [hivemq] [c35d5ada] INFO  - Stopping extension with id hivemq-prometheus-extension
2025-01-30 18:19:40,986 INFO c.h.h.t.HelmChartContainer - [test-hivemq-platform] [hivemq] [c35d5ada] INFO  - Extension "Prometheus Monitoring Extension" version 4.0.12 stopped successfully.
2025-01-30 18:19:40,986 INFO c.h.h.t.HelmChartContainer - [test-hivemq-platform] [hivemq] [c35d5ada] INFO  - Stopping extension with id hivemq-allow-all-extension
2025-01-30 18:19:40,987 INFO c.h.h.t.HelmChartContainer - [test-hivemq-platform] [hivemq] [c35d5ada] INFO  - Extension "Allow All Extension" version 1.1.1 stopped successfully.
2025-01-30 18:19:43,265 INFO c.h.h.t.HelmChartContainer - [test-hivemq-platform] [hivemq] [c35d5ada] INFO  - Shutdown completed.
2025-01-30 18:19:43,613 INFO c.h.h.t.HelmChartContainer - [test-hivemq-platform] [hivemq] [c35d5ada] INFO  - [HiveMQ Platform Operator Init App 1.7.0-SNAPSHOT] The HiveMQ Platform exited with code 143
2025-01-30 18:19:43,614 INFO c.h.h.t.HelmChartContainer - [test-hivemq-platform] [hivemq] [c35d5ada] INFO  - [HiveMQ Platform Operator Init App 1.7.0-SNAPSHOT] Stopping the REST API
2025-01-30 18:19:43,620 INFO c.h.h.t.HelmChartContainer - [test-hivemq-platform] [hivemq] [c35d5ada] INFO  - [HiveMQ Platform Operator Init App 1.7.0-SNAPSHOT] Shutdown complete
2025-01-30 18:19:44,092 INFO c.h.h.t.HelmChartContainer - [POD] test-hivemq-platform-0 [c35d5ada-21fd-488a-a4f4-f3bb00798304] in helmwebsocketsit was MODIFIED
2025-01-30 18:19:44,093 INFO c.h.h.t.HelmChartContainer - [K3S] [stateful_set.go:438] "Unhandled Error" err="error syncing StatefulSet helmwebsocketsit/test-hivemq-platform, requeuing: controllerrevisions.apps \"test-hivemq-platform-c75b7cb76\" is forbidden: unable to create new content in namespace helmwebsocketsit because it is being terminated"
2025-01-30 18:19:44,102 INFO c.h.h.t.HelmChartContainer - [K3S] [stateful_set.go:438] "Unhandled Error" err="error syncing StatefulSet helmwebsocketsit/test-hivemq-platform, requeuing: controllerrevisions.apps \"test-hivemq-platform-c75b7cb76\" is forbidden: unable to create new content in namespace helmwebsocketsit because it is being terminated"
2025-01-30 18:19:44,114 INFO c.h.h.t.HelmChartContainer - [K3S] [stateful_set.go:438] "Unhandled Error" err="error syncing StatefulSet helmwebsocketsit/test-hivemq-platform, requeuing: controllerrevisions.apps \"test-hivemq-platform-c75b7cb76\" is forbidden: unable to create new content in namespace helmwebsocketsit because it is being terminated"
2025-01-30 18:19:44,138 INFO c.h.h.t.HelmChartContainer - [K3S] [stateful_set.go:438] "Unhandled Error" err="error syncing StatefulSet helmwebsocketsit/test-hivemq-platform, requeuing: controllerrevisions.apps \"test-hivemq-platform-c75b7cb76\" is forbidden: unable to create new content in namespace helmwebsocketsit because it is being terminated"
2025-01-30 18:19:44,161 INFO c.h.h.t.HelmChartContainer - [K3S] [reconciler_common.go:162] "operationExecutor.UnmountVolume started for volume \"pod-info\" (UniqueName: \"kubernetes.io/configmap/c35d5ada-21fd-488a-a4f4-f3bb00798304-pod-info\") pod \"c35d5ada-21fd-488a-a4f4-f3bb00798304\" (UID: \"c35d5ada-21fd-488a-a4f4-f3bb00798304\") "
2025-01-30 18:19:44,161 INFO c.h.h.t.HelmChartContainer - [K3S] [reconciler_common.go:162] "operationExecutor.UnmountVolume started for volume \"ws-keystore-8004\" (UniqueName: \"kubernetes.io/secret/c35d5ada-21fd-488a-a4f4-f3bb00798304-ws-keystore-8004\") pod \"c35d5ada-21fd-488a-a4f4-f3bb00798304\" (UID: \"c35d5ada-21fd-488a-a4f4-f3bb00798304\") "
2025-01-30 18:19:44,161 INFO c.h.h.t.HelmChartContainer - [K3S] [reconciler_common.go:162] "operationExecutor.UnmountVolume started for volume \"broker-configuration\" (UniqueName: \"kubernetes.io/configmap/c35d5ada-21fd-488a-a4f4-f3bb00798304-broker-configuration\") pod \"c35d5ada-21fd-488a-a4f4-f3bb00798304\" (UID: \"c35d5ada-21fd-488a-a4f4-f3bb00798304\") "
2025-01-30 18:19:44,161 INFO c.h.h.t.HelmChartContainer - [K3S] [reconciler_common.go:162] "operationExecutor.UnmountVolume started for volume \"ws-keystore-8003\" (UniqueName: \"kubernetes.io/secret/c35d5ada-21fd-488a-a4f4-f3bb00798304-ws-keystore-8003\") pod \"c35d5ada-21fd-488a-a4f4-f3bb00798304\" (UID: \"c35d5ada-21fd-488a-a4f4-f3bb00798304\") "
2025-01-30 18:19:44,162 INFO c.h.h.t.HelmChartContainer - [K3S] [reconciler_common.go:162] "operationExecutor.UnmountVolume started for volume \"ws-truststore-8004\" (UniqueName: \"kubernetes.io/secret/c35d5ada-21fd-488a-a4f4-f3bb00798304-ws-truststore-8004\") pod \"c35d5ada-21fd-488a-a4f4-f3bb00798304\" (UID: \"c35d5ada-21fd-488a-a4f4-f3bb00798304\") "
2025-01-30 18:19:44,162 INFO c.h.h.t.HelmChartContainer - [K3S] [reconciler_common.go:162] "operationExecutor.UnmountVolume started for volume \"kube-api-access-s2jwt\" (UniqueName: \"kubernetes.io/projected/c35d5ada-21fd-488a-a4f4-f3bb00798304-kube-api-access-s2jwt\") pod \"c35d5ada-21fd-488a-a4f4-f3bb00798304\" (UID: \"c35d5ada-21fd-488a-a4f4-f3bb00798304\") "
2025-01-30 18:19:44,162 INFO c.h.h.t.HelmChartContainer - [K3S] [reconciler_common.go:162] "operationExecutor.UnmountVolume started for volume \"operator-init\" (UniqueName: \"kubernetes.io/empty-dir/c35d5ada-21fd-488a-a4f4-f3bb00798304-operator-init\") pod \"c35d5ada-21fd-488a-a4f4-f3bb00798304\" (UID: \"c35d5ada-21fd-488a-a4f4-f3bb00798304\") "
2025-01-30 18:19:44,181 INFO c.h.h.t.HelmChartContainer - [K3S] [stateful_set.go:438] "Unhandled Error" err="error syncing StatefulSet helmwebsocketsit/test-hivemq-platform, requeuing: controllerrevisions.apps \"test-hivemq-platform-c75b7cb76\" is forbidden: unable to create new content in namespace helmwebsocketsit because it is being terminated"
2025-01-30 18:19:44,262 INFO c.h.h.t.HelmChartContainer - [K3S] [reconciler_common.go:299] "Volume detached for volume \"broker-configuration\" (UniqueName: \"kubernetes.io/configmap/c35d5ada-21fd-488a-a4f4-f3bb00798304-broker-configuration\") on node \"59e0c862e0de\" DevicePath \"\""
2025-01-30 18:19:44,262 INFO c.h.h.t.HelmChartContainer - [K3S] [reconciler_common.go:299] "Volume detached for volume \"ws-keystore-8003\" (UniqueName: \"kubernetes.io/secret/c35d5ada-21fd-488a-a4f4-f3bb00798304-ws-keystore-8003\") on node \"59e0c862e0de\" DevicePath \"\""
2025-01-30 18:19:44,262 INFO c.h.h.t.HelmChartContainer - [K3S] [reconciler_common.go:299] "Volume detached for volume \"ws-truststore-8004\" (UniqueName: \"kubernetes.io/secret/c35d5ada-21fd-488a-a4f4-f3bb00798304-ws-truststore-8004\") on node \"59e0c862e0de\" DevicePath \"\""
2025-01-30 18:19:44,262 INFO c.h.h.t.HelmChartContainer - [K3S] [reconciler_common.go:299] "Volume detached for volume \"kube-api-access-s2jwt\" (UniqueName: \"kubernetes.io/projected/c35d5ada-21fd-488a-a4f4-f3bb00798304-kube-api-access-s2jwt\") on node \"59e0c862e0de\" DevicePath \"\""
2025-01-30 18:19:44,262 INFO c.h.h.t.HelmChartContainer - [K3S] [reconciler_common.go:299] "Volume detached for volume \"operator-init\" (UniqueName: \"kubernetes.io/empty-dir/c35d5ada-21fd-488a-a4f4-f3bb00798304-operator-init\") on node \"59e0c862e0de\" DevicePath \"\""
2025-01-30 18:19:44,262 INFO c.h.h.t.HelmChartContainer - [K3S] [reconciler_common.go:299] "Volume detached for volume \"pod-info\" (UniqueName: \"kubernetes.io/configmap/c35d5ada-21fd-488a-a4f4-f3bb00798304-pod-info\") on node \"59e0c862e0de\" DevicePath \"\""
2025-01-30 18:19:44,262 INFO c.h.h.t.HelmChartContainer - [K3S] [reconciler_common.go:299] "Volume detached for volume \"ws-keystore-8004\" (UniqueName: \"kubernetes.io/secret/c35d5ada-21fd-488a-a4f4-f3bb00798304-ws-keystore-8004\") on node \"59e0c862e0de\" DevicePath \"\""
2025-01-30 18:19:44,264 INFO c.h.h.t.HelmChartContainer - [K3S] [stateful_set.go:438] "Unhandled Error" err="error syncing StatefulSet helmwebsocketsit/test-hivemq-platform, requeuing: controllerrevisions.apps \"test-hivemq-platform-c75b7cb76\" is forbidden: unable to create new content in namespace helmwebsocketsit because it is being terminated"
2025-01-30 18:19:44,428 INFO c.h.h.t.HelmChartContainer - [K3S] [stateful_set.go:438] "Unhandled Error" err="error syncing StatefulSet helmwebsocketsit/test-hivemq-platform, requeuing: controllerrevisions.apps \"test-hivemq-platform-c75b7cb76\" is forbidden: unable to create new content in namespace helmwebsocketsit because it is being terminated"
2025-01-30 18:19:44,535 INFO c.h.h.t.HelmChartContainer - [K3S] [stateful_set.go:466] "StatefulSet has been deleted" key="helmwebsocketsit/test-hivemq-platform"
2025-01-30 18:19:44,597 INFO c.h.h.t.HelmChartContainer - [K3S] [namespace_controller.go:164] "Unhandled Error" err="deletion of namespace helmwebsocketsit failed: unexpected items still remain in namespace: helmwebsocketsit for gvr: /v1, Resource=pods"
2025-01-30 18:19:44,750 INFO c.h.h.t.HelmChartContainer - [K3S] [stateful_set.go:466] "StatefulSet has been deleted" key="helmwebsocketsit/test-hivemq-platform"
2025-01-30 18:19:44,751 INFO c.h.h.t.HelmChartContainer - [K3S] [namespace_controller.go:164] "Unhandled Error" err="deletion of namespace helmwebsocketsit failed: unexpected items still remain in namespace: helmwebsocketsit for gvr: /v1, Resource=pods"
2025-01-30 18:19:44,850 INFO c.h.h.t.HelmChartContainer - [K3S] [namespace_controller.go:164] "Unhandled Error" err="deletion of namespace helmwebsocketsit failed: unexpected items still remain in namespace: helmwebsocketsit for gvr: /v1, Resource=pods"
2025-01-30 18:19:44,879 INFO c.h.h.t.HelmChartContainer - [K3S] [scope.go:117] "RemoveContainer" containerID="73a3ce01d3e1b4271c8f1c4ff2fa8779ac92ffff42077dd70816e35fdb067723"
2025-01-30 18:19:44,898 INFO c.h.h.t.HelmChartContainer - [POD] test-hivemq-platform-0 [c35d5ada-21fd-488a-a4f4-f3bb00798304] in helmwebsocketsit was MODIFIED
2025-01-30 18:19:44,900 INFO c.h.h.t.HelmChartContainer - [POD] test-hivemq-platform-0 [c35d5ada-21fd-488a-a4f4-f3bb00798304] in helmwebsocketsit was DELETED
2025-01-30 18:19:45,001 INFO c.h.h.t.HelmChartContainer - [K3S] [scope.go:117] "RemoveContainer" containerID="ada70f99883db70d5af08b9a303024f0785ae8922568fdb5bf6f098bd917a98c"
2025-01-30 18:19:45,004 INFO c.h.h.t.HelmChartContainer - [K3S] [scope.go:117] "RemoveContainer" containerID="73a3ce01d3e1b4271c8f1c4ff2fa8779ac92ffff42077dd70816e35fdb067723"
2025-01-30 18:19:45,004 INFO c.h.h.t.HelmChartContainer - [K3S] [scope.go:117] "RemoveContainer" containerID="ada70f99883db70d5af08b9a303024f0785ae8922568fdb5bf6f098bd917a98c"
2025-01-30 18:19:45,047 INFO c.h.h.t.HelmChartContainer - Namespace 'helmwebsocketsit' deleted
2025-01-30 18:19:45,047 INFO c.h.h.t.HelmChartContainer - Release 'test-hivemq-platform' in namespace 'helmwebsocketsit' is uninstalled
2025-01-30 18:19:45,047 INFO c.h.h.t.HelmChartContainer - Uninstalling release 'test-hivemq-platform-operator' in namespace 'helmwebsocketsit-operator'...
2025-01-30 18:19:45,047 DEBUG c.h.h.t.HelmChartContainer - Executing helm command: /bin/helm --kubeconfig /etc/rancher/k3s/k3s.yaml uninstall test-hivemq-platform-operator  --wait --timeout 5m0s --cascade foreground --namespace helmwebsocketsit-operator
2025-01-30 18:19:45,205 INFO c.h.h.t.HelmChartContainer - [K3S] [replica_set.go:679] "Finished syncing" kind="ReplicaSet" key="helmwebsocketsit-operator/hivemq-test-hivemq-platform-operator-6966f96d65" duration="6.853566ms"
2025-01-30 18:19:45,206 INFO c.h.h.t.HelmChartContainer - [K3S] [replica_set.go:679] "Finished syncing" kind="ReplicaSet" key="helmwebsocketsit-operator/hivemq-test-hivemq-platform-operator-6966f96d65" duration="36.047µs"
2025-01-30 18:19:45,224 INFO c.h.h.t.HelmChartContainer - [POD] hivemq-test-hivemq-platform-operator-6966f96d65-wh72k [a35318ba-0f8f-4d4d-81e6-85bc199d7f82] in helmwebsocketsit-operator was MODIFIED
2025-01-30 18:19:45,236 INFO c.h.h.t.HelmChartContainer - [hivemq-test-hivemq-platform] [hivemq-platform-operator] [a35318ba] 18:19:45.235 [application-shutdown-thread] INFO  c.h.p.o.HiveMQPlatformOperatorApplication - HiveMQ Platform Operator is stopping...
2025-01-30 18:19:45,236 INFO c.h.h.t.HelmChartContainer - [hivemq-test-hivemq-platform] [hivemq-platform-operator] [a35318ba] 18:19:45.235 [application-shutdown-thread] INFO  i.javaoperatorsdk.operator.Operator - Operator SDK 4.9.7 is shutting down...
2025-01-30 18:19:45,238 INFO c.h.h.t.HelmChartContainer - [EVENT] Normal [Killing] Stopping container hivemq-platform-operator [helmwebsocketsit-operator:hivemq-test-hivemq-platform-operator-6966f96d65-wh72k]
2025-01-30 18:19:45,238 INFO c.h.h.t.HelmChartContainer - Received Killing event for container hivemq-platform-operator in pod hivemq-test-hivemq-platform-operator-6966f96d65-wh72k [a35318ba-0f8f-4d4d-81e6-85bc199d7f82]
2025-01-30 18:19:45,238 INFO c.h.h.t.HelmChartContainer - Container [hivemq-test-hivemq-platform-operator-6966f96d65-wh72k] [hivemq-platform-operator] [a35318ba-0f8f-4d4d-81e6-85bc199d7f82] was terminated
2025-01-30 18:19:45,238 INFO c.h.h.t.HelmChartContainer - Stopped log watcher for hivemq-platform-operator in pod hivemq-test-hivemq-platform-operator-6966f96d65-wh72k [a35318ba-0f8f-4d4d-81e6-85bc199d7f82]
2025-01-30 18:19:45,247 INFO c.h.h.t.HelmChartContainer - [K3S] [replica_set.go:679] "Finished syncing" kind="ReplicaSet" key="helmwebsocketsit-operator/hivemq-test-hivemq-platform-operator-6966f96d65" duration="19.611066ms"
2025-01-30 18:19:45,247 INFO c.h.h.t.HelmChartContainer - [K3S] [replica_set.go:679] "Finished syncing" kind="ReplicaSet" key="helmwebsocketsit-operator/hivemq-test-hivemq-platform-operator-6966f96d65" duration="34.965µs"
2025-01-30 18:19:45,256 INFO c.h.h.t.HelmChartContainer - [K3S] [kubelet_volumes.go:163] "Cleaned up orphaned pod volumes dir" podUID="c35d5ada-21fd-488a-a4f4-f3bb00798304" path="/var/lib/kubelet/pods/c35d5ada-21fd-488a-a4f4-f3bb00798304/volumes"
2025-01-30 18:19:45,780 INFO c.h.h.t.HelmChartContainer - [K3S] [replica_set.go:679] "Finished syncing" kind="ReplicaSet" key="helmwebsocketsit-operator/hivemq-test-hivemq-platform-operator-6966f96d65" duration="42.889µs"
2025-01-30 18:19:45,781 INFO c.h.h.t.HelmChartContainer - [POD] hivemq-test-hivemq-platform-operator-6966f96d65-wh72k [a35318ba-0f8f-4d4d-81e6-85bc199d7f82] in helmwebsocketsit-operator was MODIFIED
2025-01-30 18:19:45,870 INFO c.h.h.t.HelmChartContainer - [K3S] [reconciler_common.go:162] "operationExecutor.UnmountVolume started for volume \"kube-api-access-djp6s\" (UniqueName: \"kubernetes.io/projected/a35318ba-0f8f-4d4d-81e6-85bc199d7f82-kube-api-access-djp6s\") pod \"a35318ba-0f8f-4d4d-81e6-85bc199d7f82\" (UID: \"a35318ba-0f8f-4d4d-81e6-85bc199d7f82\") "
2025-01-30 18:19:45,882 INFO c.h.h.t.HelmChartContainer - [K3S] [scope.go:117] "RemoveContainer" containerID="d6a228afd2daca4ef6c4e40535a6122f3f06931fbe7c78525f1a0cc246b55465"
2025-01-30 18:19:45,886 INFO c.h.h.t.HelmChartContainer - [K3S] [scope.go:117] "RemoveContainer" containerID="d6a228afd2daca4ef6c4e40535a6122f3f06931fbe7c78525f1a0cc246b55465"
2025-01-30 18:19:45,894 INFO c.h.h.t.HelmChartContainer - [K3S] [replica_set.go:679] "Finished syncing" kind="ReplicaSet" key="helmwebsocketsit-operator/hivemq-test-hivemq-platform-operator-6966f96d65" duration="40.796µs"
2025-01-30 18:19:45,895 INFO c.h.h.t.HelmChartContainer - [POD] hivemq-test-hivemq-platform-operator-6966f96d65-wh72k [a35318ba-0f8f-4d4d-81e6-85bc199d7f82] in helmwebsocketsit-operator was MODIFIED
2025-01-30 18:19:45,896 INFO c.h.h.t.HelmChartContainer - [POD] hivemq-test-hivemq-platform-operator-6966f96d65-wh72k [a35318ba-0f8f-4d4d-81e6-85bc199d7f82] in helmwebsocketsit-operator was DELETED
2025-01-30 18:19:45,897 INFO c.h.h.t.HelmChartContainer - [K3S] [replica_set.go:679] "Finished syncing" kind="ReplicaSet" key="helmwebsocketsit-operator/hivemq-test-hivemq-platform-operator-6966f96d65" duration="33.112µs"
2025-01-30 18:19:45,912 INFO c.h.h.t.HelmChartContainer - [K3S] [replica_set.go:679] "Finished syncing" kind="ReplicaSet" key="helmwebsocketsit-operator/hivemq-test-hivemq-platform-operator-6966f96d65" duration="5.159µs"
2025-01-30 18:19:45,971 INFO c.h.h.t.HelmChartContainer - [K3S] [reconciler_common.go:299] "Volume detached for volume \"kube-api-access-djp6s\" (UniqueName: \"kubernetes.io/projected/a35318ba-0f8f-4d4d-81e6-85bc199d7f82-kube-api-access-djp6s\") on node \"59e0c862e0de\" DevicePath \"\""
2025-01-30 18:19:47,251 INFO c.h.h.t.HelmChartContainer - [K3S] [kubelet_volumes.go:163] "Cleaned up orphaned pod volumes dir" podUID="a35318ba-0f8f-4d4d-81e6-85bc199d7f82" path="/var/lib/kubelet/pods/a35318ba-0f8f-4d4d-81e6-85bc199d7f82/volumes"
2025-01-30 18:19:47,257 INFO c.h.h.t.HelmChartContainer - Deleting namespace 'helmwebsocketsit-operator'...
2025-01-30 18:19:49,993 INFO c.h.h.t.HelmChartContainer - [K3S] [namespace_controller.go:187] "Namespace has been deleted" namespace="helmwebsocketsit"
2025-01-30 18:19:52,473 INFO c.h.h.t.HelmChartContainer - Namespace 'helmwebsocketsit-operator' deleted
2025-01-30 18:19:52,473 INFO c.h.h.t.HelmChartContainer - Release 'test-hivemq-platform-operator' in namespace 'helmwebsocketsit-operator' is uninstalled
2025-01-30 18:19:53,191 INFO c.h.helmcharts.AbstractHelmChartIT - Removed unused containers:

2025-01-30 18:19:57,399 INFO c.h.h.t.HelmChartContainer - [K3S] [namespace_controller.go:187] "Namespace has been deleted" namespace="helmwebsocketsit-operator"
2025-01-30 18:20:00,671 INFO c.h.helmcharts.AbstractHelmChartIT - Removed unused snapshots:
Removing snapshot sha256:03af251906410714c5aef9fa705b63f6bbc39c4a5e787de7361eeb18886c2ed2
Removing snapshot sha256:0c46b3b43cce082ce5ec34ffc6c294e0417d17b9d1e6f366d114b6aadc4f96dc
Removing snapshot sha256:0ce761beee59082d6ed5bcebd3a805b8ddd9b3426b617e4809e7fb7c6587ffec
Removing snapshot sha256:0df91287303208332c8ff6ba40ae4710105201739addbfbddfb955f1ad593664
Removing snapshot sha256:1021ef88c7974bfff89c5a0ec4fd3160daac6c48a075f74cff721f85dd104e68
Removing snapshot sha256:10aba4953ddc18145dd38e3704709bc464aa20af60b56fe52caaff4b68411e62
Removing snapshot sha256:2573e0d8158209ed54ab25c87bcdcb00bd3d2539246960a3d592a1c599d70465
Removing snapshot sha256:2ec70bb64f49036240b7cc21258f4add735f35d79547faeaf1383c578adc120f
Removing snapshot sha256:362a8a37f8bbc31925a8146adcf7cf51f9882f5c1dcbef67c5baa03a297543c0
Removing snapshot sha256:43a7c979bbaba6838bc3102d6b10a1459f3ab050b87ccdfef84ef90cf43d3058
Removing snapshot sha256:4ab04491cdf0d3267f08206fe30bd48f49f94b9cab2f016d6739220f722a64af
Removing snapshot sha256:4b6068250e89c96f263060261819c7d912855bfbd64b3eb4c4a8483299b8c295
Removing snapshot sha256:556170a5d216a15ff0b362455a252e64e7b6cbaed32fba50fb2a24fac822467c
Removing snapshot sha256:580e69a0a8034ede1921139bbd2bfb72a69ebf276d008281896c32dd8bf74775
Removing snapshot sha256:5d30ba46b27fe37484567ccc5242cadc78217b8da605f3f195ef25cbf7487904
Removing snapshot sha256:63ca1fbb43ae5034640e5e6cb3e083e05c290072c5366fcaa9d62435a4cced85
Removing snapshot sha256:67f702c6baae873bceb19487c8b1f27bd2b86077e4f2f0e480e6d60ab508b8f5
Removing snapshot sha256:6864348dd42806d552efdec384f1274be15e2d0c10ce44c1f04347af004c10a9
Removing snapshot sha256:6c7dee8f2c39b84b7dc2711c01d33de93514d9055499173e9290176fbe484b6c
Removing snapshot sha256:82753493a6d61ded36556292f02f31841a14c20d2f279f19eaad65afb661d5cd
Removing snapshot sha256:8a10d3db42c505ee0fcfa98417bdd7e39b304f6bcc0a06bb1b220797ff2cc63c
Removing snapshot sha256:a21e5b12dbac529ad45d976eb9ce45c881f3bedcc500fb30aba1e52aa1813418
Removing snapshot sha256:b921e6c28969094157f9b8e7244677780319637afd14450b7cb6b2fdea558a0c
Removing snapshot sha256:bc27ecb5769a00e309cf99ebc763c4a4b958b618d1decc96ffac5bc05f02f5b7
Removing snapshot sha256:be3ccb6627a5332e309d45ef461d09b4879dd870c7394d89323d0ebc6ca6aa8a
Removing snapshot sha256:c261f7cbbc64211ee175ee47273acdb7b1a36a4450b397a064a8f2c026490095
Removing snapshot sha256:c34d9393647eea0c9e3557ab988efaf59f61d10a2a5613b439ef0958cca5ec10
Removing snapshot sha256:ccf3c4a0fa967a41c1c83497a2ce6fa5787965859df0adb32c4ca2cf7490bc2b
Removing snapshot sha256:cf92d33f869417309692088c341cd0f223c178ea78a125f757317b22aa8f90e9
Removing snapshot sha256:d0037344cf2fb078884f1849f6a1f8cf9a33a3b6139b6a85833e5ee528e1f9a8
Removing snapshot sha256:d3b36d5b79273b1e98e7700470eaeff05a882e777124d84cebcc1505b85ecb36
Removing snapshot sha256:d65a44a37914602d12c611e5e22a50f11451d847e63015cc1c2aef92dee777a4
Removing snapshot sha256:e2dc0bae2455930f23ae570e019b7f32edc75c0f2d71cab084db837ff9051796
Removing snapshot sha256:eccbd24a99c60cd9e86ee5305dbfc4a4dc89f5ab4fb1f06c8d64797cecedef34
Removing snapshot sha256:f144bb4c7c7f0d2aa7eeffd36d934ec40db1ee167be727e326aad9fdc616f475

]]></system-out>
  </testcase>
  <testcase name="platformChart_whenMtlsWebsocketEnabled_thenSendsReceivesMessage(Path)" classname="com.hivemq.helmcharts.services.HelmWebsocketsIT" time="109.807">
    <system-out><![CDATA[2025-01-30 18:20:00,676 INFO c.h.h.t.HelmChartContainer - Creating namespace 'helmwebsocketsit-operator'...
2025-01-30 18:20:00,682 INFO c.h.h.t.HelmChartContainer - Namespace 'helmwebsocketsit-operator' created
2025-01-30 18:20:00,682 INFO c.h.h.t.HelmChartContainer - Creating namespace 'helmwebsocketsit'...
2025-01-30 18:20:00,689 INFO c.h.h.t.HelmChartContainer - Namespace 'helmwebsocketsit' created
2025-01-30 18:20:00,750 DEBUG c.h.h.t.HelmChartContainer - Executing helm command: /bin/helm --kubeconfig /etc/rancher/k3s/k3s.yaml install test-hivemq-platform-operator /charts/hivemq-platform-operator --wait --timeout 5m0s --set image.repository=docker.io/hivemq --set image.name=hivemq-platform-operator-test --set image.initImageName=hivemq-platform-operator-init-test --set image.tag=snapshot --set image.pullPolicy=Never --set logLevel=DEBUG --set resources.cpu=512m --namespace helmwebsocketsit-operator
2025-01-30 18:20:01,049 INFO c.h.h.t.HelmChartContainer - [K3S] [alloc.go:330] "allocated clusterIPs" service="helmwebsocketsit-operator/hivemq-platform-operator-test-hivemq-platform-operator" clusterIPs={"IPv4":"10.43.78.118"}
2025-01-30 18:20:01,068 INFO c.h.h.t.HelmChartContainer - [EVENT] Normal [ScalingReplicaSet] Scaled up replica set hivemq-test-hivemq-platform-operator-6966f96d65 from 0 to 1 [helmwebsocketsit-operator:hivemq-test-hivemq-platform-operator]
2025-01-30 18:20:01,079 INFO c.h.h.t.HelmChartContainer - [POD] hivemq-test-hivemq-platform-operator-6966f96d65-vntmt [f09a1850-d05d-49f6-9692-bbec514773da] in helmwebsocketsit-operator was ADDED
2025-01-30 18:20:01,086 INFO c.h.h.t.HelmChartContainer - [EVENT] Normal [SuccessfulCreate] Created pod: hivemq-test-hivemq-platform-operator-6966f96d65-vntmt [helmwebsocketsit-operator:hivemq-test-hivemq-platform-operator-6966f96d65]
2025-01-30 18:20:01,090 INFO c.h.h.t.HelmChartContainer - [K3S] [replica_set.go:679] "Finished syncing" kind="ReplicaSet" key="helmwebsocketsit-operator/hivemq-test-hivemq-platform-operator-6966f96d65" duration="26.44906ms"
2025-01-30 18:20:01,091 INFO c.h.h.t.HelmChartContainer - [K3S] [memory_manager.go:355] "RemoveStaleState removing state" podUID="a35318ba-0f8f-4d4d-81e6-85bc199d7f82" containerName="hivemq-platform-operator"
2025-01-30 18:20:01,091 INFO c.h.h.t.HelmChartContainer - [K3S] [memory_manager.go:355] "RemoveStaleState removing state" podUID="c35d5ada-21fd-488a-a4f4-f3bb00798304" containerName="hivemq"
2025-01-30 18:20:01,091 INFO c.h.h.t.HelmChartContainer - [POD] hivemq-test-hivemq-platform-operator-6966f96d65-vntmt [f09a1850-d05d-49f6-9692-bbec514773da] in helmwebsocketsit-operator was MODIFIED
2025-01-30 18:20:01,100 INFO c.h.h.t.HelmChartContainer - [EVENT] Normal [Scheduled] Successfully assigned helmwebsocketsit-operator/hivemq-test-hivemq-platform-operator-6966f96d65-vntmt to 59e0c862e0de [helmwebsocketsit-operator:hivemq-test-hivemq-platform-operator-6966f96d65-vntmt]
2025-01-30 18:20:01,102 INFO c.h.h.t.HelmChartContainer - [K3S] [replica_set.go:679] "Finished syncing" kind="ReplicaSet" key="helmwebsocketsit-operator/hivemq-test-hivemq-platform-operator-6966f96d65" duration="12.646693ms"
2025-01-30 18:20:01,106 INFO c.h.h.t.HelmChartContainer - [POD] hivemq-test-hivemq-platform-operator-6966f96d65-vntmt [f09a1850-d05d-49f6-9692-bbec514773da] in helmwebsocketsit-operator was MODIFIED
2025-01-30 18:20:01,118 INFO c.h.h.t.HelmChartContainer - [K3S] [replica_set.go:679] "Finished syncing" kind="ReplicaSet" key="helmwebsocketsit-operator/hivemq-test-hivemq-platform-operator-6966f96d65" duration="16.077192ms"
2025-01-30 18:20:01,118 INFO c.h.h.t.HelmChartContainer - [K3S] [replica_set.go:679] "Finished syncing" kind="ReplicaSet" key="helmwebsocketsit-operator/hivemq-test-hivemq-platform-operator-6966f96d65" duration="35.206µs"
2025-01-30 18:20:01,162 INFO c.h.h.t.HelmChartContainer - [K3S] [reconciler_common.go:251] "operationExecutor.VerifyControllerAttachedVolume started for volume \"kube-api-access-29zd2\" (UniqueName: \"kubernetes.io/projected/f09a1850-d05d-49f6-9692-bbec514773da-kube-api-access-29zd2\") pod \"hivemq-test-hivemq-platform-operator-6966f96d65-vntmt\" (UID: \"f09a1850-d05d-49f6-9692-bbec514773da\") " pod="helmwebsocketsit-operator/hivemq-test-hivemq-platform-operator-6966f96d65-vntmt"
2025-01-30 18:20:01,488 INFO c.h.h.t.HelmChartContainer - [EVENT] Normal [Pulled] Container image "docker.io/hivemq/hivemq-platform-operator-test:snapshot" already present on machine [helmwebsocketsit-operator:hivemq-test-hivemq-platform-operator-6966f96d65-vntmt]
2025-01-30 18:20:01,488 INFO c.h.h.t.HelmChartContainer - Received Pulled event for container hivemq-platform-operator in pod hivemq-test-hivemq-platform-operator-6966f96d65-vntmt [f09a1850-d05d-49f6-9692-bbec514773da]
2025-01-30 18:20:02,720 INFO c.h.h.t.HelmChartContainer - [EVENT] Normal [Created] Created container: hivemq-platform-operator [helmwebsocketsit-operator:hivemq-test-hivemq-platform-operator-6966f96d65-vntmt]
2025-01-30 18:20:02,720 INFO c.h.h.t.HelmChartContainer - Received Created event for container hivemq-platform-operator in pod hivemq-test-hivemq-platform-operator-6966f96d65-vntmt [f09a1850-d05d-49f6-9692-bbec514773da]
2025-01-30 18:20:02,917 INFO c.h.h.t.HelmChartContainer - [K3S] [replica_set.go:679] "Finished syncing" kind="ReplicaSet" key="helmwebsocketsit-operator/hivemq-test-hivemq-platform-operator-6966f96d65" duration="48.921µs"
2025-01-30 18:20:02,917 INFO c.h.h.t.HelmChartContainer - [POD] hivemq-test-hivemq-platform-operator-6966f96d65-vntmt [f09a1850-d05d-49f6-9692-bbec514773da] in helmwebsocketsit-operator was MODIFIED
2025-01-30 18:20:02,927 INFO c.h.h.t.HelmChartContainer - Started log watcher for hivemq-platform-operator in pod hivemq-test-hivemq-platform-operator-6966f96d65-vntmt [f09a1850-d05d-49f6-9692-bbec514773da]
2025-01-30 18:20:02,927 INFO c.h.h.t.HelmChartContainer - [hivemq-test-hivemq-platform] [hivemq-platform-operator] [f09a1850] -------------------------------------------------------------------------
2025-01-30 18:20:02,927 INFO c.h.h.t.HelmChartContainer - [hivemq-test-hivemq-platform] [hivemq-platform-operator] [f09a1850] 
2025-01-30 18:20:02,927 INFO c.h.h.t.HelmChartContainer - [hivemq-test-hivemq-platform] [hivemq-platform-operator] [f09a1850]                   _    _  _              __  __   ____
2025-01-30 18:20:02,927 INFO c.h.h.t.HelmChartContainer - [hivemq-test-hivemq-platform] [hivemq-platform-operator] [f09a1850]                  | |  | |(_)            |  \/  | / __ \
2025-01-30 18:20:02,927 INFO c.h.h.t.HelmChartContainer - [hivemq-test-hivemq-platform] [hivemq-platform-operator] [f09a1850]                  | |__| | _ __   __ ___ | \  / || |  | |
2025-01-30 18:20:02,927 INFO c.h.h.t.HelmChartContainer - [hivemq-test-hivemq-platform] [hivemq-platform-operator] [f09a1850]                  |  __  || |\ \ / // _ \| |\/| || |  | |
2025-01-30 18:20:02,927 INFO c.h.h.t.HelmChartContainer - [hivemq-test-hivemq-platform] [hivemq-platform-operator] [f09a1850]                  | |  | || | \ V /|  __/| |  | || |__| |
2025-01-30 18:20:02,927 INFO c.h.h.t.HelmChartContainer - [hivemq-test-hivemq-platform] [hivemq-platform-operator] [f09a1850]                  |_|  |_||_|  \_/  \___||_|  |_| \___\_\
2025-01-30 18:20:02,927 INFO c.h.h.t.HelmChartContainer - [hivemq-test-hivemq-platform] [hivemq-platform-operator] [f09a1850] 
2025-01-30 18:20:02,927 INFO c.h.h.t.HelmChartContainer - [hivemq-test-hivemq-platform] [hivemq-platform-operator] [f09a1850] -------------------------------------------------------------------------
2025-01-30 18:20:02,927 INFO c.h.h.t.HelmChartContainer - [hivemq-test-hivemq-platform] [hivemq-platform-operator] [f09a1850] 
2025-01-30 18:20:02,927 INFO c.h.h.t.HelmChartContainer - [hivemq-test-hivemq-platform] [hivemq-platform-operator] [f09a1850]   HiveMQ Platform Operator Start Script v1.0
2025-01-30 18:20:02,927 INFO c.h.h.t.HelmChartContainer - [hivemq-test-hivemq-platform] [hivemq-platform-operator] [f09a1850] 
2025-01-30 18:20:02,927 INFO c.h.h.t.HelmChartContainer - [hivemq-test-hivemq-platform] [hivemq-platform-operator] [f09a1850] -------------------------------------------------------------------------
2025-01-30 18:20:02,927 INFO c.h.h.t.HelmChartContainer - [hivemq-test-hivemq-platform] [hivemq-platform-operator] [f09a1850] 
2025-01-30 18:20:02,927 INFO c.h.h.t.HelmChartContainer - [hivemq-test-hivemq-platform] [hivemq-platform-operator] [f09a1850]   JAVA_OPTS: -XX:+UnlockExperimentalVMOptions -XX:InitialRAMPercentage=75 -XX:MaxRAMPercentage=75 -Duser.language=en -Duser.region=US
2025-01-30 18:20:02,927 INFO c.h.h.t.HelmChartContainer - [hivemq-test-hivemq-platform] [hivemq-platform-operator] [f09a1850] 
2025-01-30 18:20:02,927 INFO c.h.h.t.HelmChartContainer - [hivemq-test-hivemq-platform] [hivemq-platform-operator] [f09a1850]   JAVA_VERSION: 21
2025-01-30 18:20:02,927 INFO c.h.h.t.HelmChartContainer - [hivemq-test-hivemq-platform] [hivemq-platform-operator] [f09a1850] 
2025-01-30 18:20:02,927 INFO c.h.h.t.HelmChartContainer - [hivemq-test-hivemq-platform] [hivemq-platform-operator] [f09a1850] -------------------------------------------------------------------------
2025-01-30 18:20:02,927 INFO c.h.h.t.HelmChartContainer - [hivemq-test-hivemq-platform] [hivemq-platform-operator] [f09a1850] 
2025-01-30 18:20:02,927 INFO c.h.h.t.HelmChartContainer - [EVENT] Normal [Started] Started container hivemq-platform-operator [helmwebsocketsit-operator:hivemq-test-hivemq-platform-operator-6966f96d65-vntmt]
2025-01-30 18:20:02,927 INFO c.h.h.t.HelmChartContainer - Received Started event for container hivemq-platform-operator in pod hivemq-test-hivemq-platform-operator-6966f96d65-vntmt [f09a1850-d05d-49f6-9692-bbec514773da]
2025-01-30 18:20:05,991 INFO c.h.h.t.HelmChartContainer - [hivemq-test-hivemq-platform] [hivemq-platform-operator] [f09a1850] 18:20:05.988 [main] DEBUG org.jboss.logging - Logging Provider: org.jboss.logging.Slf4jLoggerProvider
2025-01-30 18:20:06,094 INFO c.h.h.t.HelmChartContainer - [hivemq-test-hivemq-platform] [hivemq-platform-operator] [f09a1850] 18:20:06.093 [main] DEBUG io.smallrye.config - SRCFG01006: Loaded ConfigSource SysPropConfigSource with ordinal 400
2025-01-30 18:20:06,095 INFO c.h.h.t.HelmChartContainer - [hivemq-test-hivemq-platform] [hivemq-platform-operator] [f09a1850] 18:20:06.093 [main] DEBUG io.smallrye.config - SRCFG01006: Loaded ConfigSource EnvConfigSource with ordinal 300
2025-01-30 18:20:06,095 INFO c.h.h.t.HelmChartContainer - [hivemq-test-hivemq-platform] [hivemq-platform-operator] [f09a1850] 18:20:06.093 [main] DEBUG io.smallrye.config - SRCFG01006: Loaded ConfigSource PropertiesConfigSource[source=jar:file:///opt/hivemq-platform-operator/bin/hivemq-platform-operator.jar!/hivemq-platform-operator.properties] with ordinal 100
2025-01-30 18:20:06,095 INFO c.h.h.t.HelmChartContainer - [hivemq-test-hivemq-platform] [hivemq-platform-operator] [f09a1850] 18:20:06.093 [main] DEBUG io.smallrye.config - SRCFG01006: Loaded ConfigSource DefaultValuesConfigSource with ordinal -2147483648
2025-01-30 18:20:06,200 INFO c.h.h.t.HelmChartContainer - [hivemq-test-hivemq-platform] [hivemq-platform-operator] [f09a1850] 18:20:06.199 [main] DEBUG i.m.c.u.i.l.InternalLoggerFactory - Using SLF4J as the default logging framework
2025-01-30 18:20:06,305 INFO c.h.h.t.HelmChartContainer - [hivemq-test-hivemq-platform] [hivemq-platform-operator] [f09a1850] 18:20:06.297 [main] INFO  c.h.p.o.HiveMQPlatformOperatorApplication - HiveMQ Platform Operator 1.7.0-SNAPSHOT (commit: 47e3375 on branch: HEAD) built on Thu Jan 30 03:55:50 UTC 2025
2025-01-30 18:20:06,307 INFO c.h.h.t.HelmChartContainer - [hivemq-test-hivemq-platform] [hivemq-platform-operator] [f09a1850] 18:20:06.305 [main] INFO  c.h.p.o.HiveMQPlatformOperatorApplication - HiveMQ Platform Operator is running in namespace: helmwebsocketsit-operator
2025-01-30 18:20:06,307 INFO c.h.h.t.HelmChartContainer - [hivemq-test-hivemq-platform] [hivemq-platform-operator] [f09a1850] 18:20:06.305 [main] INFO  c.h.p.o.HiveMQPlatformOperatorApplication - Watching all namespaces
2025-01-30 18:20:06,307 INFO c.h.h.t.HelmChartContainer - [hivemq-test-hivemq-platform] [hivemq-platform-operator] [f09a1850] 18:20:06.305 [main] INFO  c.h.p.o.HiveMQPlatformOperatorApplication - Log level: DEBUG
2025-01-30 18:20:06,307 INFO c.h.h.t.HelmChartContainer - [hivemq-test-hivemq-platform] [hivemq-platform-operator] [f09a1850] 18:20:06.305 [main] INFO  c.h.p.o.HiveMQPlatformOperatorApplication - Release name: test-hivemq-platform-operator
2025-01-30 18:20:06,307 INFO c.h.h.t.HelmChartContainer - [hivemq-test-hivemq-platform] [hivemq-platform-operator] [f09a1850] 18:20:06.305 [main] INFO  c.h.p.o.HiveMQPlatformOperatorApplication - HiveMQ Platform Operator Init image: docker.io/hivemq/hivemq-platform-operator-init-test:snapshot
2025-01-30 18:20:06,307 INFO c.h.h.t.HelmChartContainer - [hivemq-test-hivemq-platform] [hivemq-platform-operator] [f09a1850] 18:20:06.305 [main] INFO  c.h.p.o.HiveMQPlatformOperatorApplication - HiveMQ Platform Operator Init App update URL: http://hivemq-platform-operator-test-hivemq-platform-operator.helmwebsocketsit-operator.svc:8080/initAppUpdate/hivemq-platform-operator-init-app-1.7.0-SNAPSHOT.jar
2025-01-30 18:20:06,307 INFO c.h.h.t.HelmChartContainer - [hivemq-test-hivemq-platform] [hivemq-platform-operator] [f09a1850] 18:20:06.305 [main] INFO  c.h.p.o.HiveMQPlatformOperatorApplication - Additional imagePullSecret for all Platform deployments: none
2025-01-30 18:20:06,307 INFO c.h.h.t.HelmChartContainer - [hivemq-test-hivemq-platform] [hivemq-platform-operator] [f09a1850] 18:20:06.305 [main] INFO  c.h.p.o.HiveMQPlatformOperatorApplication - Apply HiveMQ Platform CRD: true
2025-01-30 18:20:06,307 INFO c.h.h.t.HelmChartContainer - [hivemq-test-hivemq-platform] [hivemq-platform-operator] [f09a1850] 18:20:06.305 [main] INFO  c.h.p.o.HiveMQPlatformOperatorApplication - Create Platform ServiceAccount: true
2025-01-30 18:20:06,307 INFO c.h.h.t.HelmChartContainer - [hivemq-test-hivemq-platform] [hivemq-platform-operator] [f09a1850] 18:20:06.305 [main] INFO  c.h.p.o.HiveMQPlatformOperatorApplication - Create Platform ServiceAccount permissions: true
2025-01-30 18:20:06,308 INFO c.h.h.t.HelmChartContainer - [hivemq-test-hivemq-platform] [hivemq-platform-operator] [f09a1850] 18:20:06.305 [main] INFO  c.h.p.o.HiveMQPlatformOperatorApplication - Validate Platform ServiceAccount: true
2025-01-30 18:20:06,308 INFO c.h.h.t.HelmChartContainer - [hivemq-test-hivemq-platform] [hivemq-platform-operator] [f09a1850] 18:20:06.305 [main] INFO  c.h.p.o.HiveMQPlatformOperatorApplication - Validate Platform ServiceAccount permissions: true
2025-01-30 18:20:06,491 INFO c.h.h.t.HelmChartContainer - [hivemq-test-hivemq-platform] [hivemq-platform-operator] [f09a1850] 18:20:06.490 [main] INFO  c.h.platform.operator.util.CRDUtil - Verifying deployed HiveMQ Platform CRD...
2025-01-30 18:20:09,095 INFO c.h.h.t.HelmChartContainer - [hivemq-test-hivemq-platform] [hivemq-platform-operator] [f09a1850] 18:20:09.094 [main] DEBUG c.h.platform.operator.util.CRDUtil - HiveMQ Platform CRD version v1 is up to date
2025-01-30 18:20:09,096 INFO c.h.h.t.HelmChartContainer - [hivemq-test-hivemq-platform] [hivemq-platform-operator] [f09a1850] 18:20:09.094 [main] INFO  c.h.platform.operator.util.CRDUtil - HiveMQ Platform CRD is up to date (version: V1_6_0)
2025-01-30 18:20:09,096 INFO c.h.h.t.HelmChartContainer - [hivemq-test-hivemq-platform] [hivemq-platform-operator] [f09a1850] 18:20:09.094 [main] INFO  c.h.platform.operator.util.CRDUtil - Waiting 10000 ms for HiveMQ Platform CRD 'hivemq-platforms.hivemq.com' to become ready...
2025-01-30 18:20:09,389 INFO c.h.h.t.HelmChartContainer - [hivemq-test-hivemq-platform] [hivemq-platform-operator] [f09a1850] 18:20:09.388 [vert.x-eventloop-thread-1] DEBUG c.h.platform.operator.util.CRDUtil - Checking CRD condition 'NamesAccepted' (status: 'True')
2025-01-30 18:20:09,390 INFO c.h.h.t.HelmChartContainer - [hivemq-test-hivemq-platform] [hivemq-platform-operator] [f09a1850] 18:20:09.388 [vert.x-eventloop-thread-1] DEBUG c.h.platform.operator.util.CRDUtil - Checking CRD condition 'Established' (status: 'True')
2025-01-30 18:20:09,391 INFO c.h.h.t.HelmChartContainer - [hivemq-test-hivemq-platform] [hivemq-platform-operator] [f09a1850] 18:20:09.391 [main] INFO  c.h.platform.operator.util.CRDUtil - HiveMQ Platform CRD 'hivemq-platforms.hivemq.com' is ready
2025-01-30 18:20:09,504 INFO c.h.h.t.HelmChartContainer - [hivemq-test-hivemq-platform] [hivemq-platform-operator] [f09a1850] 18:20:09.503 [main] INFO  c.h.p.o.HiveMQPlatformReconciler - HiveMQ Platform Operator is starting...
2025-01-30 18:20:09,603 INFO c.h.h.t.HelmChartContainer - [hivemq-test-hivemq-platform] [hivemq-platform-operator] [f09a1850] 18:20:09.602 [main] WARN  Default ConfigurationService implementation - Configuration for reconciler 'hivemq-controller' was not found. Known reconcilers: None.
2025-01-30 18:20:09,685 INFO c.h.h.t.HelmChartContainer - [hivemq-test-hivemq-platform] [hivemq-platform-operator] [f09a1850] 18:20:09.684 [main] INFO  Default ConfigurationService implementation - Created configuration for reconciler com.hivemq.platform.operator.HiveMQPlatformReconciler with name hivemq-controller
2025-01-30 18:20:09,795 INFO c.h.h.t.HelmChartContainer - [hivemq-test-hivemq-platform] [hivemq-platform-operator] [f09a1850] 18:20:09.794 [main] DEBUG c.h.p.o.HiveMQPlatformReconciler - HiveMQ Platform Operator is preparing EventSources
2025-01-30 18:20:09,809 INFO c.h.h.t.HelmChartContainer - [hivemq-test-hivemq-platform] [hivemq-platform-operator] [f09a1850] 18:20:09.809 [main] INFO  i.javaoperatorsdk.operator.Operator - Registered reconciler: 'hivemq-controller' for resource: 'class com.hivemq.platform.operator.v1.HiveMQPlatform' for namespace(s): [all namespaces]
2025-01-30 18:20:10,400 INFO c.h.h.t.HelmChartContainer - [hivemq-test-hivemq-platform] [hivemq-platform-operator] [f09a1850] 18:20:10.399 [main] INFO  c.h.p.operator.webserver.JettyServer - Starting Jetty server on port 8080
2025-01-30 18:20:10,496 INFO c.h.h.t.HelmChartContainer - [hivemq-test-hivemq-platform] [hivemq-platform-operator] [f09a1850] 18:20:10.495 [main] INFO  i.javaoperatorsdk.operator.Operator - Operator SDK 4.9.7 (commit: 2133d28) built on Wed Nov 20 12:56:20 UTC 2024 starting...
2025-01-30 18:20:10,496 INFO c.h.h.t.HelmChartContainer - [hivemq-test-hivemq-platform] [hivemq-platform-operator] [f09a1850] 18:20:10.495 [main] INFO  i.javaoperatorsdk.operator.Operator - Client version: 6.13.5
2025-01-30 18:20:10,497 INFO c.h.h.t.HelmChartContainer - [hivemq-test-hivemq-platform] [hivemq-platform-operator] [f09a1850] 18:20:10.497 [Controller Starter for: hivemq-controller] INFO  i.j.operator.processing.Controller - Starting 'hivemq-controller' controller for reconciler: com.hivemq.platform.operator.HiveMQPlatformReconciler, resource: com.hivemq.platform.operator.v1.HiveMQPlatform
2025-01-30 18:20:12,900 INFO c.h.h.t.HelmChartContainer - [hivemq-test-hivemq-platform] [hivemq-platform-operator] [f09a1850] 18:20:12.899 [Controller Starter for: hivemq-controller] INFO  i.j.operator.processing.Controller - 'hivemq-controller' controller started
2025-01-30 18:20:12,901 INFO c.h.h.t.HelmChartContainer - [hivemq-test-hivemq-platform] [hivemq-platform-operator] [f09a1850] 18:20:12.899 [main] INFO  c.h.p.o.HiveMQPlatformOperatorApplication - HiveMQ Platform Operator 1.7.0-SNAPSHOT started in 6602 ms
2025-01-30 18:20:13,923 INFO c.h.h.t.HelmChartContainer - [POD] hivemq-test-hivemq-platform-operator-6966f96d65-vntmt [f09a1850-d05d-49f6-9692-bbec514773da] in helmwebsocketsit-operator was MODIFIED
2025-01-30 18:20:13,931 INFO c.h.h.t.HelmChartContainer - [K3S] [replica_set.go:679] "Finished syncing" kind="ReplicaSet" key="helmwebsocketsit-operator/hivemq-test-hivemq-platform-operator-6966f96d65" duration="10.003404ms"
2025-01-30 18:20:13,932 INFO c.h.h.t.HelmChartContainer - [K3S] [replica_set.go:679] "Finished syncing" kind="ReplicaSet" key="helmwebsocketsit-operator/hivemq-test-hivemq-platform-operator-6966f96d65" duration="42.82µs"
2025-01-30 18:20:15,400 DEBUG c.h.helmcharts.util.CertificatesUtil - ...+...+..+...+....+......+++++++++++++++++++++++++++++++++++++++++++++++++++++++++++++++++*..+.....+....+......+.....+.........+.......+........+++++++++++++++++++++++++++++++++++++++++++++++++++++++++++++++++*..+............+......+.+.....................+..+.+..+....+.....+..................+...+...+....+...+...+.....+............+....+...+...........+++++++++++++++++++++++++++++++++++++++++++++++++++++++++++++++++
2025-01-30 18:20:15,436 DEBUG c.h.helmcharts.util.CertificatesUtil - .+..+....+........+.+.........+...+..+............+.+........+++++++++++++++++++++++++++++++++++++++++++++++++++++++++++++++++*...+...+..+.+...........+...+.+++++++++++++++++++++++++++++++++++++++++++++++++++++++++++++++++*........+............+.....+...+.........+.+......+.........+++++++++++++++++++++++++++++++++++++++++++++++++++++++++++++++++
2025-01-30 18:20:15,439 DEBUG c.h.helmcharts.util.CertificatesUtil - -----
2025-01-30 18:20:15,464 DEBUG c.h.helmcharts.util.CertificatesUtil - Certificate request self-signature ok
2025-01-30 18:20:15,464 DEBUG c.h.helmcharts.util.CertificatesUtil - subject=C = CA, CN = secure-service-platform.default.svc
2025-01-30 18:20:15,468 DEBUG c.h.helmcharts.util.CertificatesUtil - >> Generating keystore and truststore files
2025-01-30 18:20:15,603 DEBUG c.h.helmcharts.util.CertificatesUtil - Importing keystore key.pkcs12 to keystore.jks...
2025-01-30 18:20:15,734 DEBUG c.h.helmcharts.util.CertificatesUtil - Entry for alias 1 successfully imported.
2025-01-30 18:20:15,741 DEBUG c.h.helmcharts.util.CertificatesUtil - Import command completed:  1 entries successfully imported, 0 entries failed or cancelled
2025-01-30 18:20:15,747 DEBUG c.h.helmcharts.util.CertificatesUtil - 
2025-01-30 18:20:15,748 DEBUG c.h.helmcharts.util.CertificatesUtil - Warning:
2025-01-30 18:20:15,748 DEBUG c.h.helmcharts.util.CertificatesUtil - The JKS keystore uses a proprietary format. It is recommended to migrate to PKCS12 which is an industry standard format using "keytool -importkeystore -srckeystore keystore.jks -destkeystore keystore.jks -deststoretype pkcs12".
2025-01-30 18:20:15,987 DEBUG c.h.helmcharts.util.CertificatesUtil - Certificate stored in file <secure-service-platform.pem>
2025-01-30 18:20:16,148 DEBUG c.h.helmcharts.util.CertificatesUtil - Certificate was added to keystore
2025-01-30 18:20:16,590 DEBUG c.h.helmcharts.util.CertificatesUtil - Certificate was added to keystore
2025-01-30 18:20:16,886 DEBUG c.h.helmcharts.util.CertificatesUtil - >> Create client certificates
2025-01-30 18:20:16,931 DEBUG c.h.helmcharts.util.CertificatesUtil - ...+..+++++++++++++++++++++++++++++++++++++++++++++++++++++++++++++++++*.....+...+..+.........+.+........+.+...+...+........+......+....+..............+.+++++++++++++++++++++++++++++++++++++++++++++++++++++++++++++++++*....+......+.+..+.+.....+.+.....+................+...+..+..........+..+.......+...........+++++++++++++++++++++++++++++++++++++++++++++++++++++++++++++++++
2025-01-30 18:20:16,963 DEBUG c.h.helmcharts.util.CertificatesUtil - ..+....................+......+++++++++++++++++++++++++++++++++++++++++++++++++++++++++++++++++*..........+...+......+........+...+.......+..+.............+......+.....+.........+.+..+.......+..+...+......+..........+......+...+..+....+......+........+.......+...........+...+....+...........+......+.+...+..+....+.....+......+..........+++++++++++++++++++++++++++++++++++++++++++++++++++++++++++++++++*..+.+..+......+.+.....+.........+....+++++++++++++++++++++++++++++++++++++++++++++++++++++++++++++++++
2025-01-30 18:20:16,966 DEBUG c.h.helmcharts.util.CertificatesUtil - -----
2025-01-30 18:20:16,993 DEBUG c.h.helmcharts.util.CertificatesUtil - >> Import the certificates
2025-01-30 18:20:17,315 DEBUG c.h.helmcharts.util.CertificatesUtil - Certificate was added to keystore
2025-01-30 18:20:17,478 DEBUG c.h.h.t.HelmChartContainer - Executing helm command: /bin/helm --kubeconfig /etc/rancher/k3s/k3s.yaml install test-hivemq-platform /charts/hivemq-platform --wait --timeout 5m0s --set image.repository=docker.io/hivemq --set image.tag=4.36.0 --set image.pullPolicy=Never --set nodes.resources.cpu=512m -f /files/tls-ws-values.yaml --namespace helmwebsocketsit
2025-01-30 18:20:17,721 INFO c.h.h.t.HelmChartContainer - [hivemq-test-hivemq-platform] [hivemq-platform-operator] [f09a1850] 18:20:17.719 [-2082509879-pool-1-thread-1] WARN  i.m.p.PrometheusMeterRegistry - The meter (MeterId{name='operator.sdk.events.received', tags=[tag(action=ADDED),tag(event=ResourceEvent),tag(group=hivemq.com),tag(kind=HiveMQPlatform),tag(name=test-hivemq-platform),tag(namespace=helmwebsocketsit),tag(scope=namespace),tag(version=v1)]}) registration has failed: Prometheus requires that all meters with the same name have the same set of tag keys. There is already an existing meter named 'operator.sdk.events.received' containing tag keys [event, group, kind, name, namespace, scope, version]. The meter you are attempting to register has keys [action, event, group, kind, name, namespace, scope, version]. Note that subsequent logs will be logged at debug level.
2025-01-30 18:20:18,293 INFO c.h.h.t.HelmChartContainer - [hivemq-test-hivemq-platform] [hivemq-platform-operator] [f09a1850] 18:20:18.292 [pool-6-thread-3] DEBUG c.h.p.o.dependants.PodInfoConfigMap - [helmwebs] Desired PodInfo ConfigMap (1 extensions) (1 enabled)
2025-01-30 18:20:18,294 INFO c.h.h.t.HelmChartContainer - [hivemq-test-hivemq-platform] [hivemq-platform-operator] [f09a1850] 18:20:18.292 [pool-6-thread-3] DEBUG c.h.p.o.dependants.PodInfoConfigMap - [helmwebs] Desired PodInfo ConfigMap (metrics port: 9399) (metrics path: /)
2025-01-30 18:20:18,294 INFO c.h.h.t.HelmChartContainer - [hivemq-test-hivemq-platform] [hivemq-platform-operator] [f09a1850] 18:20:18.292 [pool-6-thread-3] DEBUG c.h.p.o.dependants.PodInfoConfigMap - [helmwebs] Desired PodInfo ConfigMap (extension state hash: -1817474005)
2025-01-30 18:20:18,295 INFO c.h.h.t.HelmChartContainer - [hivemq-test-hivemq-platform] [hivemq-platform-operator] [f09a1850] 18:20:18.294 [pool-6-thread-3] DEBUG c.h.p.o.dependants.PodInfoConfigMap - [helmwebs] Create PodInfo ConfigMap
2025-01-30 18:20:18,397 INFO c.h.h.t.HelmChartContainer - [hivemq-test-hivemq-platform] [hivemq-platform-operator] [f09a1850] 18:20:18.391 [pool-6-thread-5] DEBUG c.h.p.o.dependants.PodRoleResource - [helmwebs] Create Role: Role(apiVersion=rbac.authorization.k8s.io/v1, kind=Role, metadata=ObjectMeta(annotations={meta.helm.sh/release-name=test-hivemq-platform, meta.helm.sh/release-namespace=helmwebsocketsit}, creationTimestamp=null, deletionGracePeriodSeconds=null, deletionTimestamp=null, finalizers=[], generateName=null, generation=null, labels={helm.sh/chart=hivemq-platform-0.2.32, app.kubernetes.io/managed-by=Helm, app.kubernetes.io/name=hivemq-platform, hivemq-platform=test-hivemq-platform, app.kubernetes.io/instance=test-hivemq-platform, app.kubernetes.io/version=4.36.0}, managedFields=[], name=hivemq-platform-role-test-hivemq-platform, namespace=helmwebsocketsit, ownerReferences=[OwnerReference(apiVersion=hivemq.com/v1, blockOwnerDeletion=null, controller=null, kind=HiveMQPlatform, name=test-hivemq-platform, uid=caee891f-2edd-41ff-b4d1-9496a85d1d17, additionalProperties={})], resourceVersion=null, selfLink=null, uid=null, additionalProperties={}), rules=[PolicyRule(apiGroups=[], nonResourceURLs=[], resourceNames=[], resources=[pods], verbs=[get, patch, update], additionalProperties={})], additionalProperties={})
2025-01-30 18:20:18,501 INFO c.h.h.t.HelmChartContainer - [hivemq-test-hivemq-platform] [hivemq-platform-operator] [f09a1850] 18:20:18.499 [pool-6-thread-7] DEBUG c.h.p.o.d.PodServiceAccountResource - [helmwebs] Desired PodServiceAccountResource (serviceAccountName: hivemq-platform-pod-test-hivemq-platform)
2025-01-30 18:20:18,502 INFO c.h.h.t.HelmChartContainer - [hivemq-test-hivemq-platform] [hivemq-platform-operator] [f09a1850] 18:20:18.500 [pool-6-thread-7] DEBUG c.h.p.o.d.PodServiceAccountResource - [helmwebs] Create ServiceAccount 'hivemq-platform-pod-test-hivemq-platform'
2025-01-30 18:20:18,689 INFO c.h.h.t.HelmChartContainer - [hivemq-test-hivemq-platform] [hivemq-platform-operator] [f09a1850] 18:20:18.687 [pool-6-thread-9] DEBUG c.h.p.o.d.PodRoleBindingResource - [helmwebs] Create RoleBinding: RoleBinding(apiVersion=rbac.authorization.k8s.io/v1, kind=RoleBinding, metadata=ObjectMeta(annotations={meta.helm.sh/release-name=test-hivemq-platform, meta.helm.sh/release-namespace=helmwebsocketsit}, creationTimestamp=null, deletionGracePeriodSeconds=null, deletionTimestamp=null, finalizers=[], generateName=null, generation=null, labels={helm.sh/chart=hivemq-platform-0.2.32, app.kubernetes.io/managed-by=Helm, app.kubernetes.io/name=hivemq-platform, hivemq-platform=test-hivemq-platform, app.kubernetes.io/instance=test-hivemq-platform, app.kubernetes.io/version=4.36.0}, managedFields=[], name=hivemq-platform-role-binding-test-hivemq-platform, namespace=helmwebsocketsit, ownerReferences=[OwnerReference(apiVersion=hivemq.com/v1, blockOwnerDeletion=null, controller=null, kind=HiveMQPlatform, name=test-hivemq-platform, uid=caee891f-2edd-41ff-b4d1-9496a85d1d17, additionalProperties={})], resourceVersion=null, selfLink=null, uid=null, additionalProperties={}), roleRef=RoleRef(apiGroup=rbac.authorization.k8s.io, kind=Role, name=hivemq-platform-role-test-hivemq-platform, additionalProperties={}), subjects=[Subject(apiGroup=null, kind=ServiceAccount, name=hivemq-platform-pod-test-hivemq-platform, namespace=helmwebsocketsit, additionalProperties={})], additionalProperties={})
2025-01-30 18:20:18,707 INFO c.h.h.t.HelmChartContainer - [hivemq-test-hivemq-platform] [hivemq-platform-operator] [f09a1850] 18:20:18.706 [ReconcilerExecutor-hivemq-controller-53] INFO  c.h.p.o.HiveMQPlatformReconciler - [helmwebs] Reconciling HiveMQ Platform 'test-hivemq-platform' in namespace 'helmwebsocketsit'
2025-01-30 18:20:18,707 INFO c.h.h.t.HelmChartContainer - [hivemq-test-hivemq-platform] [hivemq-platform-operator] [f09a1850] 18:20:18.706 [ReconcilerExecutor-hivemq-controller-53] DEBUG c.h.p.o.HiveMQPlatformReconciler - [helmwebs] Custom Resource Status CREATED - HiveMQ Platform was created (READY)
2025-01-30 18:20:18,707 INFO c.h.h.t.HelmChartContainer - [hivemq-test-hivemq-platform] [hivemq-platform-operator] [f09a1850] 18:20:18.706 [ReconcilerExecutor-hivemq-controller-53] DEBUG c.h.p.o.HiveMQPlatformReconciler - [helmwebs] Custom Resource Spec (replicas: 1) (extensions: 1)
2025-01-30 18:20:18,789 INFO c.h.h.t.HelmChartContainer - [hivemq-test-hivemq-platform] [hivemq-platform-operator] [f09a1850] 18:20:18.788 [ReconcilerExecutor-hivemq-controller-53] INFO  c.h.p.o.h.HiveMQPlatformReconcilerBaseHandler - [helmwebs] HiveMQ Platform is starting
2025-01-30 18:20:18,890 INFO c.h.h.t.HelmChartContainer - [hivemq-test-hivemq-platform] [hivemq-platform-operator] [f09a1850] 18:20:18.889 [ReconcilerExecutor-hivemq-controller-53] DEBUG c.h.p.operator.event.EventSender - [helmwebs] Creating K8s event hivemq-platform-starting: [Start] HiveMQ Platform is starting
2025-01-30 18:20:18,898 INFO c.h.h.t.HelmChartContainer - [EVENT] Normal [Start] HiveMQ Platform is starting [helmwebsocketsit:test-hivemq-platform]
2025-01-30 18:20:18,903 INFO c.h.h.t.HelmChartContainer - [hivemq-test-hivemq-platform] [hivemq-platform-operator] [f09a1850] 18:20:18.902 [ReconcilerExecutor-hivemq-controller-53] INFO  c.h.p.o.h.AbstractHiveMQReconcilerStateHandler - [helmwebs] Update HiveMQ Platform Status (CREATED [READY] -> STARTING [READY]): HiveMQ Platform is starting
2025-01-30 18:20:18,999 DEBUG com.hivemq.helmcharts.util.K8sUtil - Comparing actual state 'STARTING' and waiting for 'RUNNING'
2025-01-30 18:20:29,011 INFO c.h.h.t.HelmChartContainer - [hivemq-test-hivemq-platform] [hivemq-platform-operator] [f09a1850] 18:20:29.007 [pool-6-thread-12] DEBUG c.h.p.o.d.PlatformServiceResource - [helmwebs] Desired Platform services (4 services)
2025-01-30 18:20:29,011 INFO c.h.h.t.HelmChartContainer - [hivemq-test-hivemq-platform] [hivemq-platform-operator] [f09a1850] 18:20:29.008 [pool-6-thread-13] DEBUG c.h.p.o.dependants.PodInfoConfigMap - [helmwebs] Desired PodInfo ConfigMap (1 extensions) (1 enabled)
2025-01-30 18:20:29,011 INFO c.h.h.t.HelmChartContainer - [hivemq-test-hivemq-platform] [hivemq-platform-operator] [f09a1850] 18:20:29.008 [pool-6-thread-13] DEBUG c.h.p.o.dependants.PodInfoConfigMap - [helmwebs] Desired PodInfo ConfigMap (metrics port: 9399) (metrics path: /)
2025-01-30 18:20:29,011 INFO c.h.h.t.HelmChartContainer - [hivemq-test-hivemq-platform] [hivemq-platform-operator] [f09a1850] 18:20:29.008 [pool-6-thread-13] DEBUG c.h.p.o.dependants.PodInfoConfigMap - [helmwebs] Desired PodInfo ConfigMap (extension state hash: -1817474005)
2025-01-30 18:20:29,016 INFO c.h.h.t.HelmChartContainer - [hivemq-test-hivemq-platform] [hivemq-platform-operator] [f09a1850] 18:20:29.013 [pool-6-thread-17] DEBUG c.h.p.o.d.PodServiceAccountResource - [helmwebs] Desired PodServiceAccountResource (serviceAccountName: hivemq-platform-pod-test-hivemq-platform)
2025-01-30 18:20:29,016 INFO c.h.h.t.HelmChartContainer - [hivemq-test-hivemq-platform] [hivemq-platform-operator] [f09a1850] 18:20:29.015 [pool-6-thread-13] DEBUG c.h.p.o.dependants.PodInfoConfigMap - [helmwebs] Update PodInfo ConfigMap
2025-01-30 18:20:29,106 INFO c.h.h.t.HelmChartContainer - [K3S] [alloc.go:330] "allocated clusterIPs" service="helmwebsocketsit/hivemq-test-hivemq-platform-metrics-9399" clusterIPs={"IPv4":"10.43.73.123"}
2025-01-30 18:20:29,195 INFO c.h.h.t.HelmChartContainer - [K3S] [alloc.go:330] "allocated clusterIPs" service="helmwebsocketsit/hivemq-test-hivemq-platform-ws-8004" clusterIPs={"IPv4":"10.43.37.60"}
2025-01-30 18:20:29,208 INFO c.h.h.t.HelmChartContainer - [K3S] [alloc.go:330] "allocated clusterIPs" service="helmwebsocketsit/hivemq-test-hivemq-platform-ws-8003" clusterIPs={"IPv4":"10.43.221.35"}
2025-01-30 18:20:29,297 INFO c.h.h.t.HelmChartContainer - [K3S] [alloc.go:330] "allocated clusterIPs" service="helmwebsocketsit/hivemq-test-hivemq-platform-ws-8002" clusterIPs={"IPv4":"10.43.48.70"}
2025-01-30 18:20:29,306 INFO c.h.h.t.HelmChartContainer - [hivemq-test-hivemq-platform] [hivemq-platform-operator] [f09a1850] 18:20:29.305 [pool-6-thread-20] DEBUG c.h.p.o.d.StatefulSetResource - [helmwebs] Desired StatefulSet (1 replicas) for status STARTING (READY)
2025-01-30 18:20:29,399 INFO c.h.h.t.HelmChartContainer - [hivemq-test-hivemq-platform] [hivemq-platform-operator] [f09a1850] 18:20:29.398 [pool-6-thread-20] DEBUG c.h.p.o.d.StatefulSetResource - [helmwebs] Create StatefulSet
2025-01-30 18:20:29,424 INFO c.h.h.t.HelmChartContainer - [POD] test-hivemq-platform-0 [5a074f88-eaa8-43ee-b385-c4dfae3479a4] in helmwebsocketsit was ADDED
2025-01-30 18:20:29,425 INFO c.h.h.t.HelmChartContainer - [EVENT] Normal [SuccessfulCreate] create Pod test-hivemq-platform-0 in StatefulSet test-hivemq-platform successful [helmwebsocketsit:test-hivemq-platform]
2025-01-30 18:20:29,429 INFO c.h.h.t.HelmChartContainer - [EVENT] Normal [Scheduled] Successfully assigned helmwebsocketsit/test-hivemq-platform-0 to 59e0c862e0de [helmwebsocketsit:test-hivemq-platform-0]
2025-01-30 18:20:29,430 INFO c.h.h.t.HelmChartContainer - [POD] test-hivemq-platform-0 [5a074f88-eaa8-43ee-b385-c4dfae3479a4] in helmwebsocketsit was MODIFIED
2025-01-30 18:20:29,443 INFO c.h.h.t.HelmChartContainer - [POD] test-hivemq-platform-0 [5a074f88-eaa8-43ee-b385-c4dfae3479a4] in helmwebsocketsit was MODIFIED
2025-01-30 18:20:29,530 INFO c.h.h.t.HelmChartContainer - [K3S] [reconciler_common.go:251] "operationExecutor.VerifyControllerAttachedVolume started for volume \"ws-keystore-8004\" (UniqueName: \"kubernetes.io/secret/5a074f88-eaa8-43ee-b385-c4dfae3479a4-ws-keystore-8004\") pod \"test-hivemq-platform-0\" (UID: \"5a074f88-eaa8-43ee-b385-c4dfae3479a4\") " pod="helmwebsocketsit/test-hivemq-platform-0"
2025-01-30 18:20:29,530 INFO c.h.h.t.HelmChartContainer - [K3S] [reconciler_common.go:251] "operationExecutor.VerifyControllerAttachedVolume started for volume \"ws-truststore-8004\" (UniqueName: \"kubernetes.io/secret/5a074f88-eaa8-43ee-b385-c4dfae3479a4-ws-truststore-8004\") pod \"test-hivemq-platform-0\" (UID: \"5a074f88-eaa8-43ee-b385-c4dfae3479a4\") " pod="helmwebsocketsit/test-hivemq-platform-0"
2025-01-30 18:20:29,530 INFO c.h.h.t.HelmChartContainer - [K3S] [reconciler_common.go:251] "operationExecutor.VerifyControllerAttachedVolume started for volume \"pod-info\" (UniqueName: \"kubernetes.io/configmap/5a074f88-eaa8-43ee-b385-c4dfae3479a4-pod-info\") pod \"test-hivemq-platform-0\" (UID: \"5a074f88-eaa8-43ee-b385-c4dfae3479a4\") " pod="helmwebsocketsit/test-hivemq-platform-0"
2025-01-30 18:20:29,530 INFO c.h.h.t.HelmChartContainer - [K3S] [reconciler_common.go:251] "operationExecutor.VerifyControllerAttachedVolume started for volume \"ws-keystore-8003\" (UniqueName: \"kubernetes.io/secret/5a074f88-eaa8-43ee-b385-c4dfae3479a4-ws-keystore-8003\") pod \"test-hivemq-platform-0\" (UID: \"5a074f88-eaa8-43ee-b385-c4dfae3479a4\") " pod="helmwebsocketsit/test-hivemq-platform-0"
2025-01-30 18:20:29,530 INFO c.h.h.t.HelmChartContainer - [K3S] [reconciler_common.go:251] "operationExecutor.VerifyControllerAttachedVolume started for volume \"ws-truststore-8003\" (UniqueName: \"kubernetes.io/secret/5a074f88-eaa8-43ee-b385-c4dfae3479a4-ws-truststore-8003\") pod \"test-hivemq-platform-0\" (UID: \"5a074f88-eaa8-43ee-b385-c4dfae3479a4\") " pod="helmwebsocketsit/test-hivemq-platform-0"
2025-01-30 18:20:29,530 INFO c.h.h.t.HelmChartContainer - [K3S] [reconciler_common.go:251] "operationExecutor.VerifyControllerAttachedVolume started for volume \"broker-configuration\" (UniqueName: \"kubernetes.io/configmap/5a074f88-eaa8-43ee-b385-c4dfae3479a4-broker-configuration\") pod \"test-hivemq-platform-0\" (UID: \"5a074f88-eaa8-43ee-b385-c4dfae3479a4\") " pod="helmwebsocketsit/test-hivemq-platform-0"
2025-01-30 18:20:29,530 INFO c.h.h.t.HelmChartContainer - [K3S] [reconciler_common.go:251] "operationExecutor.VerifyControllerAttachedVolume started for volume \"operator-init\" (UniqueName: \"kubernetes.io/empty-dir/5a074f88-eaa8-43ee-b385-c4dfae3479a4-operator-init\") pod \"test-hivemq-platform-0\" (UID: \"5a074f88-eaa8-43ee-b385-c4dfae3479a4\") " pod="helmwebsocketsit/test-hivemq-platform-0"
2025-01-30 18:20:29,530 INFO c.h.h.t.HelmChartContainer - [K3S] [reconciler_common.go:251] "operationExecutor.VerifyControllerAttachedVolume started for volume \"kube-api-access-rdvq2\" (UniqueName: \"kubernetes.io/projected/5a074f88-eaa8-43ee-b385-c4dfae3479a4-kube-api-access-rdvq2\") pod \"test-hivemq-platform-0\" (UID: \"5a074f88-eaa8-43ee-b385-c4dfae3479a4\") " pod="helmwebsocketsit/test-hivemq-platform-0"
2025-01-30 18:20:29,595 INFO c.h.h.t.HelmChartContainer - [hivemq-test-hivemq-platform] [hivemq-platform-operator] [f09a1850] 18:20:29.591 [ReconcilerExecutor-hivemq-controller-64] INFO  c.h.p.o.HiveMQPlatformReconciler - [helmwebs] Reconciling HiveMQ Platform 'test-hivemq-platform' in namespace 'helmwebsocketsit'
2025-01-30 18:20:29,595 INFO c.h.h.t.HelmChartContainer - [hivemq-test-hivemq-platform] [hivemq-platform-operator] [f09a1850] 18:20:29.591 [ReconcilerExecutor-hivemq-controller-64] DEBUG c.h.p.o.HiveMQPlatformReconciler - [helmwebs] Custom Resource Status STARTING - HiveMQ Platform is starting (READY)
2025-01-30 18:20:29,595 INFO c.h.h.t.HelmChartContainer - [hivemq-test-hivemq-platform] [hivemq-platform-operator] [f09a1850] 18:20:29.591 [ReconcilerExecutor-hivemq-controller-64] DEBUG c.h.p.o.HiveMQPlatformReconciler - [helmwebs] Custom Resource Spec (replicas: 1) (extensions: 1)
2025-01-30 18:20:29,596 INFO c.h.h.t.HelmChartContainer - [hivemq-test-hivemq-platform] [hivemq-platform-operator] [f09a1850] 18:20:29.595 [ReconcilerExecutor-hivemq-controller-64] DEBUG c.h.p.o.HiveMQPlatformReconciler - [helmwebs] StatefulSet Status (revision: test-hivemq-platform-7996c64dcf, replicas: 1, available: 0, ready: 0, current: 1, updated: 1)
2025-01-30 18:20:29,597 INFO c.h.h.t.HelmChartContainer - [hivemq-test-hivemq-platform] [hivemq-platform-operator] [f09a1850] 18:20:29.595 [ReconcilerExecutor-hivemq-controller-64] DEBUG c.h.p.o.HiveMQPlatformReconciler - [helmwebs] StatefulSet Spec (replicas: 1, init containers: 1, containers: 1, volumes: 7)
2025-01-30 18:20:29,695 INFO c.h.h.t.HelmChartContainer - [hivemq-test-hivemq-platform] [hivemq-platform-operator] [f09a1850] 18:20:29.694 [ReconcilerExecutor-hivemq-controller-64] DEBUG c.h.p.o.h.HiveMQPlatformReconcilerErrorHandler - [helmwebs] Pod 'test-hivemq-platform-0' phase Pending
2025-01-30 18:20:29,696 INFO c.h.h.t.HelmChartContainer - [hivemq-test-hivemq-platform] [hivemq-platform-operator] [f09a1850] 18:20:29.694 [ReconcilerExecutor-hivemq-controller-64] DEBUG c.h.p.o.h.HiveMQPlatformReconcilerErrorHandler - [helmwebs] Pod 'test-hivemq-platform-0' condition 'PodReadyToStartContainers': False
2025-01-30 18:20:29,696 INFO c.h.h.t.HelmChartContainer - [hivemq-test-hivemq-platform] [hivemq-platform-operator] [f09a1850] 18:20:29.695 [ReconcilerExecutor-hivemq-controller-64] DEBUG c.h.p.o.h.HiveMQPlatformReconcilerErrorHandler - [helmwebs] Pod 'test-hivemq-platform-0' condition 'Initialized': False
2025-01-30 18:20:29,696 INFO c.h.h.t.HelmChartContainer - [hivemq-test-hivemq-platform] [hivemq-platform-operator] [f09a1850] 18:20:29.695 [ReconcilerExecutor-hivemq-controller-64] DEBUG c.h.p.o.h.HiveMQPlatformReconcilerErrorHandler - [helmwebs] Pod 'test-hivemq-platform-0' condition 'Ready': False
2025-01-30 18:20:29,696 INFO c.h.h.t.HelmChartContainer - [hivemq-test-hivemq-platform] [hivemq-platform-operator] [f09a1850] 18:20:29.695 [ReconcilerExecutor-hivemq-controller-64] DEBUG c.h.p.o.h.HiveMQPlatformReconcilerErrorHandler - [helmwebs] Pod 'test-hivemq-platform-0' condition 'ContainersReady': False
2025-01-30 18:20:29,696 INFO c.h.h.t.HelmChartContainer - [hivemq-test-hivemq-platform] [hivemq-platform-operator] [f09a1850] 18:20:29.695 [ReconcilerExecutor-hivemq-controller-64] DEBUG c.h.p.o.h.HiveMQPlatformReconcilerErrorHandler - [helmwebs] Pod 'test-hivemq-platform-0' condition 'PodScheduled': True
2025-01-30 18:20:29,696 INFO c.h.h.t.HelmChartContainer - [hivemq-test-hivemq-platform] [hivemq-platform-operator] [f09a1850] 18:20:29.695 [ReconcilerExecutor-hivemq-controller-64] DEBUG c.h.p.o.h.HiveMQPlatformReconcilerErrorHandler - [helmwebs] Pod 'test-hivemq-platform-0' containerStatus 'hivemq' (started: false) (ready: false) (waiting: [PodInitializing] null)
2025-01-30 18:20:29,698 INFO c.h.h.t.HelmChartContainer - [hivemq-test-hivemq-platform] [hivemq-platform-operator] [f09a1850] 18:20:29.697 [ReconcilerExecutor-hivemq-controller-64] INFO  c.h.p.o.h.HiveMQPlatformReconcilerBaseHandler - [helmwebs] HiveMQ Platform is starting, 0 of 1 replicas are ready
2025-01-30 18:20:29,790 INFO c.h.h.t.HelmChartContainer - [hivemq-test-hivemq-platform] [hivemq-platform-operator] [f09a1850] 18:20:29.788 [pool-6-thread-22] DEBUG c.h.p.o.d.PlatformServiceResource - [helmwebs] Desired Platform services (4 services)
2025-01-30 18:20:29,791 INFO c.h.h.t.HelmChartContainer - [hivemq-test-hivemq-platform] [hivemq-platform-operator] [f09a1850] 18:20:29.789 [pool-6-thread-23] DEBUG c.h.p.o.dependants.PodInfoConfigMap - [helmwebs] Desired PodInfo ConfigMap (1 extensions) (1 enabled)
2025-01-30 18:20:29,791 INFO c.h.h.t.HelmChartContainer - [hivemq-test-hivemq-platform] [hivemq-platform-operator] [f09a1850] 18:20:29.789 [pool-6-thread-23] DEBUG c.h.p.o.dependants.PodInfoConfigMap - [helmwebs] Desired PodInfo ConfigMap (metrics port: 9399) (metrics path: /)
2025-01-30 18:20:29,791 INFO c.h.h.t.HelmChartContainer - [hivemq-test-hivemq-platform] [hivemq-platform-operator] [f09a1850] 18:20:29.789 [pool-6-thread-23] DEBUG c.h.p.o.dependants.PodInfoConfigMap - [helmwebs] Desired PodInfo ConfigMap (extension state hash: -1817474005)
2025-01-30 18:20:29,796 INFO c.h.h.t.HelmChartContainer - [hivemq-test-hivemq-platform] [hivemq-platform-operator] [f09a1850] 18:20:29.796 [pool-6-thread-27] DEBUG c.h.p.o.d.PodServiceAccountResource - [helmwebs] Desired PodServiceAccountResource (serviceAccountName: hivemq-platform-pod-test-hivemq-platform)
2025-01-30 18:20:29,829 INFO c.h.h.t.HelmChartContainer - [EVENT] Normal [Pulled] Container image "docker.io/hivemq/hivemq-platform-operator-init-test:snapshot" already present on machine [helmwebsocketsit:test-hivemq-platform-0]
2025-01-30 18:20:29,889 INFO c.h.h.t.HelmChartContainer - [hivemq-test-hivemq-platform] [hivemq-platform-operator] [f09a1850] 18:20:29.887 [pool-6-thread-30] DEBUG c.h.p.o.d.StatefulSetResource - [helmwebs] Desired StatefulSet (1 replicas) for status STARTING (READY)
2025-01-30 18:20:29,897 INFO c.h.h.t.HelmChartContainer - [hivemq-test-hivemq-platform] [hivemq-platform-operator] [f09a1850] 18:20:29.896 [ReconcilerExecutor-hivemq-controller-76] INFO  c.h.p.o.HiveMQPlatformReconciler - [helmwebs] Reconciling HiveMQ Platform 'test-hivemq-platform' in namespace 'helmwebsocketsit'
2025-01-30 18:20:29,897 INFO c.h.h.t.HelmChartContainer - [hivemq-test-hivemq-platform] [hivemq-platform-operator] [f09a1850] 18:20:29.896 [ReconcilerExecutor-hivemq-controller-76] DEBUG c.h.p.o.HiveMQPlatformReconciler - [helmwebs] Custom Resource Status STARTING - HiveMQ Platform is starting (READY)
2025-01-30 18:20:29,897 INFO c.h.h.t.HelmChartContainer - [hivemq-test-hivemq-platform] [hivemq-platform-operator] [f09a1850] 18:20:29.896 [ReconcilerExecutor-hivemq-controller-76] DEBUG c.h.p.o.HiveMQPlatformReconciler - [helmwebs] Custom Resource Spec (replicas: 1) (extensions: 1)
2025-01-30 18:20:29,900 INFO c.h.h.t.HelmChartContainer - [hivemq-test-hivemq-platform] [hivemq-platform-operator] [f09a1850] 18:20:29.899 [ReconcilerExecutor-hivemq-controller-76] DEBUG c.h.p.o.HiveMQPlatformReconciler - [helmwebs] StatefulSet Status (revision: test-hivemq-platform-7996c64dcf, replicas: 1, available: 0, ready: 0, current: 1, updated: 1)
2025-01-30 18:20:29,900 INFO c.h.h.t.HelmChartContainer - [hivemq-test-hivemq-platform] [hivemq-platform-operator] [f09a1850] 18:20:29.899 [ReconcilerExecutor-hivemq-controller-76] DEBUG c.h.p.o.HiveMQPlatformReconciler - [helmwebs] StatefulSet Spec (replicas: 1, init containers: 1, containers: 1, volumes: 7)
2025-01-30 18:20:29,903 INFO c.h.h.t.HelmChartContainer - [hivemq-test-hivemq-platform] [hivemq-platform-operator] [f09a1850] 18:20:29.900 [ReconcilerExecutor-hivemq-controller-76] DEBUG c.h.p.o.h.HiveMQPlatformReconcilerErrorHandler - [helmwebs] Pod 'test-hivemq-platform-0' phase Pending
2025-01-30 18:20:29,903 INFO c.h.h.t.HelmChartContainer - [hivemq-test-hivemq-platform] [hivemq-platform-operator] [f09a1850] 18:20:29.901 [ReconcilerExecutor-hivemq-controller-76] DEBUG c.h.p.o.h.HiveMQPlatformReconcilerErrorHandler - [helmwebs] Pod 'test-hivemq-platform-0' condition 'PodReadyToStartContainers': False
2025-01-30 18:20:29,903 INFO c.h.h.t.HelmChartContainer - [hivemq-test-hivemq-platform] [hivemq-platform-operator] [f09a1850] 18:20:29.901 [ReconcilerExecutor-hivemq-controller-76] DEBUG c.h.p.o.h.HiveMQPlatformReconcilerErrorHandler - [helmwebs] Pod 'test-hivemq-platform-0' condition 'Initialized': False
2025-01-30 18:20:29,903 INFO c.h.h.t.HelmChartContainer - [hivemq-test-hivemq-platform] [hivemq-platform-operator] [f09a1850] 18:20:29.901 [ReconcilerExecutor-hivemq-controller-76] DEBUG c.h.p.o.h.HiveMQPlatformReconcilerErrorHandler - [helmwebs] Pod 'test-hivemq-platform-0' condition 'Ready': False
2025-01-30 18:20:29,903 INFO c.h.h.t.HelmChartContainer - [hivemq-test-hivemq-platform] [hivemq-platform-operator] [f09a1850] 18:20:29.901 [ReconcilerExecutor-hivemq-controller-76] DEBUG c.h.p.o.h.HiveMQPlatformReconcilerErrorHandler - [helmwebs] Pod 'test-hivemq-platform-0' condition 'ContainersReady': False
2025-01-30 18:20:29,903 INFO c.h.h.t.HelmChartContainer - [hivemq-test-hivemq-platform] [hivemq-platform-operator] [f09a1850] 18:20:29.901 [ReconcilerExecutor-hivemq-controller-76] DEBUG c.h.p.o.h.HiveMQPlatformReconcilerErrorHandler - [helmwebs] Pod 'test-hivemq-platform-0' condition 'PodScheduled': True
2025-01-30 18:20:29,903 INFO c.h.h.t.HelmChartContainer - [hivemq-test-hivemq-platform] [hivemq-platform-operator] [f09a1850] 18:20:29.901 [ReconcilerExecutor-hivemq-controller-76] DEBUG c.h.p.o.h.HiveMQPlatformReconcilerErrorHandler - [helmwebs] Pod 'test-hivemq-platform-0' containerStatus 'hivemq' (started: false) (ready: false) (waiting: [PodInitializing] null)
2025-01-30 18:20:29,904 INFO c.h.h.t.HelmChartContainer - [hivemq-test-hivemq-platform] [hivemq-platform-operator] [f09a1850] 18:20:29.902 [ReconcilerExecutor-hivemq-controller-76] INFO  c.h.p.o.h.HiveMQPlatformReconcilerBaseHandler - [helmwebs] HiveMQ Platform is starting, 0 of 1 replicas are ready
2025-01-30 18:20:29,942 INFO c.h.h.t.HelmChartContainer - [EVENT] Normal [Created] Created container: hivemq-platform-operator-init [helmwebsocketsit:test-hivemq-platform-0]
2025-01-30 18:20:29,978 INFO c.h.h.t.HelmChartContainer - [EVENT] Normal [Started] Started container hivemq-platform-operator-init [helmwebsocketsit:test-hivemq-platform-0]
2025-01-30 18:20:30,947 INFO c.h.h.t.HelmChartContainer - [EVENT] Normal [Pulled] Container image "docker.io/hivemq/hivemq4:4.36.0" already present on machine [helmwebsocketsit:test-hivemq-platform-0]
2025-01-30 18:20:30,947 INFO c.h.h.t.HelmChartContainer - Received Pulled event for container hivemq in pod test-hivemq-platform-0 [5a074f88-eaa8-43ee-b385-c4dfae3479a4]
2025-01-30 18:20:30,958 INFO c.h.h.t.HelmChartContainer - [POD] test-hivemq-platform-0 [5a074f88-eaa8-43ee-b385-c4dfae3479a4] in helmwebsocketsit was MODIFIED
2025-01-30 18:20:30,983 INFO c.h.h.t.HelmChartContainer - [hivemq-test-hivemq-platform] [hivemq-platform-operator] [f09a1850] 18:20:30.973 [pool-6-thread-32] DEBUG c.h.p.o.d.PlatformServiceResource - [helmwebs] Desired Platform services (4 services)
2025-01-30 18:20:30,983 INFO c.h.h.t.HelmChartContainer - [hivemq-test-hivemq-platform] [hivemq-platform-operator] [f09a1850] 18:20:30.977 [pool-6-thread-33] DEBUG c.h.p.o.dependants.PodInfoConfigMap - [helmwebs] Desired PodInfo ConfigMap (1 extensions) (1 enabled)
2025-01-30 18:20:30,988 INFO c.h.h.t.HelmChartContainer - [hivemq-test-hivemq-platform] [hivemq-platform-operator] [f09a1850] 18:20:30.982 [pool-6-thread-33] DEBUG c.h.p.o.dependants.PodInfoConfigMap - [helmwebs] Desired PodInfo ConfigMap (metrics port: 9399) (metrics path: /)
2025-01-30 18:20:30,988 INFO c.h.h.t.HelmChartContainer - [hivemq-test-hivemq-platform] [hivemq-platform-operator] [f09a1850] 18:20:30.982 [pool-6-thread-33] DEBUG c.h.p.o.dependants.PodInfoConfigMap - [helmwebs] Desired PodInfo ConfigMap (extension state hash: -1817474005)
2025-01-30 18:20:30,990 INFO c.h.h.t.HelmChartContainer - [hivemq-test-hivemq-platform] [hivemq-platform-operator] [f09a1850] 18:20:30.978 [pool-6-thread-37] DEBUG c.h.p.o.d.PodServiceAccountResource - [helmwebs] Desired PodServiceAccountResource (serviceAccountName: hivemq-platform-pod-test-hivemq-platform)
2025-01-30 18:20:31,008 INFO c.h.h.t.HelmChartContainer - [hivemq-test-hivemq-platform] [hivemq-platform-operator] [f09a1850] 18:20:31.002 [pool-6-thread-40] DEBUG c.h.p.o.d.StatefulSetResource - [helmwebs] Desired StatefulSet (1 replicas) for status STARTING (READY)
2025-01-30 18:20:31,012 INFO c.h.h.t.HelmChartContainer - [hivemq-test-hivemq-platform] [hivemq-platform-operator] [f09a1850] 18:20:31.011 [ReconcilerExecutor-hivemq-controller-87] INFO  c.h.p.o.HiveMQPlatformReconciler - [helmwebs] Reconciling HiveMQ Platform 'test-hivemq-platform' in namespace 'helmwebsocketsit'
2025-01-30 18:20:31,013 INFO c.h.h.t.HelmChartContainer - [hivemq-test-hivemq-platform] [hivemq-platform-operator] [f09a1850] 18:20:31.012 [ReconcilerExecutor-hivemq-controller-87] DEBUG c.h.p.o.HiveMQPlatformReconciler - [helmwebs] Custom Resource Status STARTING - HiveMQ Platform is starting (READY)
2025-01-30 18:20:31,015 INFO c.h.h.t.HelmChartContainer - [hivemq-test-hivemq-platform] [hivemq-platform-operator] [f09a1850] 18:20:31.013 [ReconcilerExecutor-hivemq-controller-87] DEBUG c.h.p.o.HiveMQPlatformReconciler - [helmwebs] Custom Resource Spec (replicas: 1) (extensions: 1)
2025-01-30 18:20:31,018 INFO c.h.h.t.HelmChartContainer - [hivemq-test-hivemq-platform] [hivemq-platform-operator] [f09a1850] 18:20:31.018 [ReconcilerExecutor-hivemq-controller-87] DEBUG c.h.p.o.HiveMQPlatformReconciler - [helmwebs] StatefulSet Status (revision: test-hivemq-platform-7996c64dcf, replicas: 1, available: 0, ready: 0, current: 1, updated: 1)
2025-01-30 18:20:31,019 INFO c.h.h.t.HelmChartContainer - [hivemq-test-hivemq-platform] [hivemq-platform-operator] [f09a1850] 18:20:31.018 [ReconcilerExecutor-hivemq-controller-87] DEBUG c.h.p.o.HiveMQPlatformReconciler - [helmwebs] StatefulSet Spec (replicas: 1, init containers: 1, containers: 1, volumes: 7)
2025-01-30 18:20:31,090 INFO c.h.h.t.HelmChartContainer - [hivemq-test-hivemq-platform] [hivemq-platform-operator] [f09a1850] 18:20:31.089 [ReconcilerExecutor-hivemq-controller-87] DEBUG c.h.p.o.h.HiveMQPlatformReconcilerErrorHandler - [helmwebs] Pod 'test-hivemq-platform-0' phase Pending
2025-01-30 18:20:31,092 INFO c.h.h.t.HelmChartContainer - [hivemq-test-hivemq-platform] [hivemq-platform-operator] [f09a1850] 18:20:31.090 [ReconcilerExecutor-hivemq-controller-87] DEBUG c.h.p.o.h.HiveMQPlatformReconcilerErrorHandler - [helmwebs] Pod 'test-hivemq-platform-0' condition 'PodReadyToStartContainers': True
2025-01-30 18:20:31,092 INFO c.h.h.t.HelmChartContainer - [hivemq-test-hivemq-platform] [hivemq-platform-operator] [f09a1850] 18:20:31.090 [ReconcilerExecutor-hivemq-controller-87] DEBUG c.h.p.o.h.HiveMQPlatformReconcilerErrorHandler - [helmwebs] Pod 'test-hivemq-platform-0' condition 'Initialized': True
2025-01-30 18:20:31,092 INFO c.h.h.t.HelmChartContainer - [hivemq-test-hivemq-platform] [hivemq-platform-operator] [f09a1850] 18:20:31.090 [ReconcilerExecutor-hivemq-controller-87] DEBUG c.h.p.o.h.HiveMQPlatformReconcilerErrorHandler - [helmwebs] Pod 'test-hivemq-platform-0' condition 'Ready': False
2025-01-30 18:20:31,092 INFO c.h.h.t.HelmChartContainer - [hivemq-test-hivemq-platform] [hivemq-platform-operator] [f09a1850] 18:20:31.090 [ReconcilerExecutor-hivemq-controller-87] DEBUG c.h.p.o.h.HiveMQPlatformReconcilerErrorHandler - [helmwebs] Pod 'test-hivemq-platform-0' condition 'ContainersReady': False
2025-01-30 18:20:31,092 INFO c.h.h.t.HelmChartContainer - [hivemq-test-hivemq-platform] [hivemq-platform-operator] [f09a1850] 18:20:31.090 [ReconcilerExecutor-hivemq-controller-87] DEBUG c.h.p.o.h.HiveMQPlatformReconcilerErrorHandler - [helmwebs] Pod 'test-hivemq-platform-0' condition 'PodScheduled': True
2025-01-30 18:20:31,092 INFO c.h.h.t.HelmChartContainer - [hivemq-test-hivemq-platform] [hivemq-platform-operator] [f09a1850] 18:20:31.090 [ReconcilerExecutor-hivemq-controller-87] DEBUG c.h.p.o.h.HiveMQPlatformReconcilerErrorHandler - [helmwebs] Pod 'test-hivemq-platform-0' containerStatus 'hivemq' (started: false) (ready: false) (waiting: [PodInitializing] null)
2025-01-30 18:20:31,092 INFO c.h.h.t.HelmChartContainer - [hivemq-test-hivemq-platform] [hivemq-platform-operator] [f09a1850] 18:20:31.091 [ReconcilerExecutor-hivemq-controller-87] INFO  c.h.p.o.h.HiveMQPlatformReconcilerBaseHandler - [helmwebs] HiveMQ Platform is starting, 0 of 1 replicas are ready
2025-01-30 18:20:32,027 INFO c.h.h.t.HelmChartContainer - [EVENT] Normal [Created] Created container: hivemq [helmwebsocketsit:test-hivemq-platform-0]
2025-01-30 18:20:32,027 INFO c.h.h.t.HelmChartContainer - Received Created event for container hivemq in pod test-hivemq-platform-0 [5a074f88-eaa8-43ee-b385-c4dfae3479a4]
2025-01-30 18:20:32,959 INFO c.h.h.t.HelmChartContainer - [POD] test-hivemq-platform-0 [5a074f88-eaa8-43ee-b385-c4dfae3479a4] in helmwebsocketsit was MODIFIED
2025-01-30 18:20:32,968 INFO c.h.h.t.HelmChartContainer - [EVENT] Normal [Started] Started container hivemq [helmwebsocketsit:test-hivemq-platform-0]
2025-01-30 18:20:32,968 INFO c.h.h.t.HelmChartContainer - Started log watcher for hivemq in pod test-hivemq-platform-0 [5a074f88-eaa8-43ee-b385-c4dfae3479a4]
2025-01-30 18:20:32,968 INFO c.h.h.t.HelmChartContainer - Received Started event for container hivemq in pod test-hivemq-platform-0 [5a074f88-eaa8-43ee-b385-c4dfae3479a4]
2025-01-30 18:20:32,970 INFO c.h.h.t.HelmChartContainer - [hivemq-test-hivemq-platform] [hivemq-platform-operator] [f09a1850] 18:20:32.968 [pool-6-thread-42] DEBUG c.h.p.o.d.PlatformServiceResource - [helmwebs] Desired Platform services (4 services)
2025-01-30 18:20:32,970 INFO c.h.h.t.HelmChartContainer - [test-hivemq-platform] [hivemq] [5a074f88] Adding pre-installed HiveMQ Platform Operator extensions
2025-01-30 18:20:32,971 INFO c.h.h.t.HelmChartContainer - [test-hivemq-platform] [hivemq] [5a074f88] Running as user 10000
2025-01-30 18:20:32,972 INFO c.h.h.t.HelmChartContainer - [test-hivemq-platform] [hivemq] [5a074f88] Starting HiveMQ Platform Operator Init
2025-01-30 18:20:32,972 INFO c.h.h.t.HelmChartContainer - [hivemq-test-hivemq-platform] [hivemq-platform-operator] [f09a1850] 18:20:32.970 [pool-6-thread-43] DEBUG c.h.p.o.dependants.PodInfoConfigMap - [helmwebs] Desired PodInfo ConfigMap (1 extensions) (1 enabled)
2025-01-30 18:20:32,973 INFO c.h.h.t.HelmChartContainer - [hivemq-test-hivemq-platform] [hivemq-platform-operator] [f09a1850] 18:20:32.970 [pool-6-thread-43] DEBUG c.h.p.o.dependants.PodInfoConfigMap - [helmwebs] Desired PodInfo ConfigMap (metrics port: 9399) (metrics path: /)
2025-01-30 18:20:32,973 INFO c.h.h.t.HelmChartContainer - [hivemq-test-hivemq-platform] [hivemq-platform-operator] [f09a1850] 18:20:32.970 [pool-6-thread-43] DEBUG c.h.p.o.dependants.PodInfoConfigMap - [helmwebs] Desired PodInfo ConfigMap (extension state hash: -1817474005)
2025-01-30 18:20:32,974 INFO c.h.h.t.HelmChartContainer - [hivemq-test-hivemq-platform] [hivemq-platform-operator] [f09a1850] 18:20:32.973 [pool-6-thread-47] DEBUG c.h.p.o.d.PodServiceAccountResource - [helmwebs] Desired PodServiceAccountResource (serviceAccountName: hivemq-platform-pod-test-hivemq-platform)
2025-01-30 18:20:32,994 INFO c.h.h.t.HelmChartContainer - [hivemq-test-hivemq-platform] [hivemq-platform-operator] [f09a1850] 18:20:32.992 [pool-6-thread-50] DEBUG c.h.p.o.d.StatefulSetResource - [helmwebs] Desired StatefulSet (1 replicas) for status STARTING (READY)
2025-01-30 18:20:33,005 INFO c.h.h.t.HelmChartContainer - [hivemq-test-hivemq-platform] [hivemq-platform-operator] [f09a1850] 18:20:33.004 [ReconcilerExecutor-hivemq-controller-98] INFO  c.h.p.o.HiveMQPlatformReconciler - [helmwebs] Reconciling HiveMQ Platform 'test-hivemq-platform' in namespace 'helmwebsocketsit'
2025-01-30 18:20:33,008 INFO c.h.h.t.HelmChartContainer - [hivemq-test-hivemq-platform] [hivemq-platform-operator] [f09a1850] 18:20:33.006 [ReconcilerExecutor-hivemq-controller-98] DEBUG c.h.p.o.HiveMQPlatformReconciler - [helmwebs] Custom Resource Status STARTING - HiveMQ Platform is starting (READY)
2025-01-30 18:20:33,008 INFO c.h.h.t.HelmChartContainer - [hivemq-test-hivemq-platform] [hivemq-platform-operator] [f09a1850] 18:20:33.007 [ReconcilerExecutor-hivemq-controller-98] DEBUG c.h.p.o.HiveMQPlatformReconciler - [helmwebs] Custom Resource Spec (replicas: 1) (extensions: 1)
2025-01-30 18:20:33,013 INFO c.h.h.t.HelmChartContainer - [hivemq-test-hivemq-platform] [hivemq-platform-operator] [f09a1850] 18:20:33.012 [ReconcilerExecutor-hivemq-controller-98] DEBUG c.h.p.o.HiveMQPlatformReconciler - [helmwebs] StatefulSet Status (revision: test-hivemq-platform-7996c64dcf, replicas: 1, available: 0, ready: 0, current: 1, updated: 1)
2025-01-30 18:20:33,015 INFO c.h.h.t.HelmChartContainer - [hivemq-test-hivemq-platform] [hivemq-platform-operator] [f09a1850] 18:20:33.013 [ReconcilerExecutor-hivemq-controller-98] DEBUG c.h.p.o.HiveMQPlatformReconciler - [helmwebs] StatefulSet Spec (replicas: 1, init containers: 1, containers: 1, volumes: 7)
2025-01-30 18:20:33,094 INFO c.h.h.t.HelmChartContainer - [hivemq-test-hivemq-platform] [hivemq-platform-operator] [f09a1850] 18:20:33.089 [ReconcilerExecutor-hivemq-controller-98] DEBUG c.h.p.o.h.HiveMQPlatformReconcilerErrorHandler - [helmwebs] Pod 'test-hivemq-platform-0' phase Running
2025-01-30 18:20:33,094 INFO c.h.h.t.HelmChartContainer - [hivemq-test-hivemq-platform] [hivemq-platform-operator] [f09a1850] 18:20:33.092 [ReconcilerExecutor-hivemq-controller-98] INFO  c.h.p.o.h.HiveMQPlatformReconcilerBaseHandler - [helmwebs] HiveMQ Platform is starting, 0 of 1 replicas are ready
2025-01-30 18:20:33,196 INFO c.h.h.t.HelmChartContainer - [test-hivemq-platform] [hivemq] [5a074f88] INFO  - [HiveMQ Platform Operator Init 1.7.0-SNAPSHOT] HiveMQ Platform Operator Init 1.7.0-SNAPSHOT (commit: 47e3375 on branch: HEAD) built on Thu Jan 30 03:55:50 UTC 2025
2025-01-30 18:20:34,400 INFO c.h.h.t.HelmChartContainer - [test-hivemq-platform] [hivemq] [5a074f88] INFO  - [HiveMQ Platform Operator Init App 1.7.0-SNAPSHOT] Using bind address 10.42.0.14 from environment variable
2025-01-30 18:20:35,303 INFO c.h.h.t.HelmChartContainer - [test-hivemq-platform] [hivemq] [5a074f88] INFO  - [HiveMQ Platform Operator Init App 1.7.0-SNAPSHOT] HiveMQ Platform Operator Init App 1.7.0-SNAPSHOT (commit: 47e3375 on branch: HEAD) built on Thu Jan 30 03:55:50 UTC 2025
2025-01-30 18:20:35,303 INFO c.h.h.t.HelmChartContainer - [test-hivemq-platform] [hivemq] [5a074f88] INFO  - [HiveMQ Platform Operator Init App 1.7.0-SNAPSHOT] PodInfo ConfigMap directory: /etc/podinfo
2025-01-30 18:20:35,303 INFO c.h.h.t.HelmChartContainer - [test-hivemq-platform] [hivemq] [5a074f88] INFO  - [HiveMQ Platform Operator Init App 1.7.0-SNAPSHOT] HiveMQ home directory: /opt/hivemq
2025-01-30 18:20:35,303 INFO c.h.h.t.HelmChartContainer - [test-hivemq-platform] [hivemq] [5a074f88] INFO  - [HiveMQ Platform Operator Init App 1.7.0-SNAPSHOT] HiveMQ Logback folder: /opt/hivemq/conf
2025-01-30 18:20:35,303 INFO c.h.h.t.HelmChartContainer - [test-hivemq-platform] [hivemq] [5a074f88] INFO  - [HiveMQ Platform Operator Init App 1.7.0-SNAPSHOT] HiveMQ Config folder: /opt/hivemq/conf-k8s
2025-01-30 18:20:35,304 INFO c.h.h.t.HelmChartContainer - [test-hivemq-platform] [hivemq] [5a074f88] INFO  - [HiveMQ Platform Operator Init App 1.7.0-SNAPSHOT] Starting HiveMQ Platform Operator Init App
2025-01-30 18:20:35,304 INFO c.h.h.t.HelmChartContainer - [test-hivemq-platform] [hivemq] [5a074f88] INFO  - [HiveMQ Platform Operator Init App 1.7.0-SNAPSHOT] Starting Pod reconciler
2025-01-30 18:20:36,598 INFO c.h.h.t.HelmChartContainer - [test-hivemq-platform] [hivemq] [5a074f88] INFO  - [HiveMQ Platform Operator Init App 1.7.0-SNAPSHOT] Pod reconciler is scheduled (interval: 5000 ms)
2025-01-30 18:20:36,599 INFO c.h.h.t.HelmChartContainer - [test-hivemq-platform] [hivemq] [5a074f88] INFO  - [HiveMQ Platform Operator Init App 1.7.0-SNAPSHOT] Starting the REST API on 10.42.0.14:7979
2025-01-30 18:20:36,601 INFO c.h.h.t.HelmChartContainer - [test-hivemq-platform] [hivemq] [5a074f88] INFO  - [HiveMQ Platform Operator Init App 1.7.0-SNAPSHOT] Waiting up to 600s for at most 1 HiveMQ nodes in cluster service hivemq-test-hivemq-platform-cluster.helmwebsocketsit.svc
2025-01-30 18:20:36,906 INFO c.h.h.t.HelmChartContainer - [test-hivemq-platform] [hivemq] [5a074f88] INFO  - [HiveMQ Platform Operator Init App 1.7.0-SNAPSHOT] Resolved 1 IP addresses: [10.42.0.14]
2025-01-30 18:20:36,906 INFO c.h.h.t.HelmChartContainer - [test-hivemq-platform] [hivemq] [5a074f88] INFO  - [HiveMQ Platform Operator Init App 1.7.0-SNAPSHOT] HiveMQ node count of 1 is within threshold of 1
2025-01-30 18:20:36,906 INFO c.h.h.t.HelmChartContainer - [test-hivemq-platform] [hivemq] [5a074f88] INFO  - [HiveMQ Platform Operator Init App 1.7.0-SNAPSHOT] Proceeding with container start
2025-01-30 18:20:37,006 INFO c.h.h.t.HelmChartContainer - [test-hivemq-platform] [hivemq] [5a074f88] INFO  - [HiveMQ Platform Operator Init App 1.7.0-SNAPSHOT] Initializing HiveMQ Platform extensions with initial configuration: {hivemq-allow-all-extension={start-priority=-1, skip-https-hostname-verification=false, restart=true, config-version=0, header-version=0, c-uri=, priority=-1, uri=preinstalled, skip-https-certificate-validation=false, enabled=true}, hivemq-prometheus-extension={start-priority=-1, c-uri=, skip-https-hostname-verification=false, skip-https-certificate-validation=false, uri=preinstalled, request-header-path=no-request-headers, enabled=true, restart=true, priority=-1}}
2025-01-30 18:20:37,493 INFO c.h.h.t.HelmChartContainer - [test-hivemq-platform] [hivemq] [5a074f88] INFO  - [HiveMQ Platform Operator Init App 1.7.0-SNAPSHOT] Extension hivemq-allow-all-extension was already enabled
2025-01-30 18:20:37,500 INFO c.h.h.t.HelmChartContainer - [test-hivemq-platform] [hivemq] [5a074f88] INFO  - [HiveMQ Platform Operator Init App 1.7.0-SNAPSHOT] Successfully enabled extension hivemq-prometheus-extension
2025-01-30 18:20:37,502 INFO c.h.h.t.HelmChartContainer - [test-hivemq-platform] [hivemq] [5a074f88] INFO  - [HiveMQ Platform Operator Init App 1.7.0-SNAPSHOT] Starting HiveMQ Platform version 4.36.0 (4.36.0)
2025-01-30 18:20:37,502 INFO c.h.h.t.HelmChartContainer - [test-hivemq-platform] [hivemq] [5a074f88] INFO  - [HiveMQ Platform Operator Init App 1.7.0-SNAPSHOT] Configuring the HiveMQ Platform
2025-01-30 18:20:37,589 INFO c.h.h.t.HelmChartContainer - [test-hivemq-platform] [hivemq] [5a074f88] INFO  - [HiveMQ Platform Operator Init App 1.7.0-SNAPSHOT] Changed logback.xml file scan period to 20 seconds
2025-01-30 18:20:37,599 INFO c.h.h.t.HelmChartContainer - [test-hivemq-platform] [hivemq] [5a074f88] INFO  - [HiveMQ Platform Operator Init App 1.7.0-SNAPSHOT] Starting the HiveMQ Platform
2025-01-30 18:20:37,685 INFO c.h.h.t.HelmChartContainer - [test-hivemq-platform] [hivemq] [5a074f88] -------------------------------------------------------------------------
2025-01-30 18:20:37,685 INFO c.h.h.t.HelmChartContainer - [test-hivemq-platform] [hivemq] [5a074f88] 
2025-01-30 18:20:37,685 INFO c.h.h.t.HelmChartContainer - [test-hivemq-platform] [hivemq] [5a074f88]                   _    _  _              __  __   ____
2025-01-30 18:20:37,685 INFO c.h.h.t.HelmChartContainer - [test-hivemq-platform] [hivemq] [5a074f88]                  | |  | |(_)            |  \/  | / __ \
2025-01-30 18:20:37,685 INFO c.h.h.t.HelmChartContainer - [test-hivemq-platform] [hivemq] [5a074f88]                  | |__| | _ __   __ ___ | \  / || |  | |
2025-01-30 18:20:37,685 INFO c.h.h.t.HelmChartContainer - [test-hivemq-platform] [hivemq] [5a074f88]                  |  __  || |\ \ / // _ \| |\/| || |  | |
2025-01-30 18:20:37,685 INFO c.h.h.t.HelmChartContainer - [test-hivemq-platform] [hivemq] [5a074f88]                  | |  | || | \ V /|  __/| |  | || |__| |
2025-01-30 18:20:37,686 INFO c.h.h.t.HelmChartContainer - [test-hivemq-platform] [hivemq] [5a074f88]                  |_|  |_||_|  \_/  \___||_|  |_| \___\_\
2025-01-30 18:20:37,686 INFO c.h.h.t.HelmChartContainer - [test-hivemq-platform] [hivemq] [5a074f88] 
2025-01-30 18:20:37,686 INFO c.h.h.t.HelmChartContainer - [test-hivemq-platform] [hivemq] [5a074f88] -------------------------------------------------------------------------
2025-01-30 18:20:37,686 INFO c.h.h.t.HelmChartContainer - [test-hivemq-platform] [hivemq] [5a074f88] 
2025-01-30 18:20:37,686 INFO c.h.h.t.HelmChartContainer - [test-hivemq-platform] [hivemq] [5a074f88]   HiveMQ Start Script for Linux/Unix v1.14
2025-01-30 18:20:37,686 INFO c.h.h.t.HelmChartContainer - [test-hivemq-platform] [hivemq] [5a074f88] 
2025-01-30 18:20:37,713 INFO c.h.h.t.HelmChartContainer - [test-hivemq-platform] [hivemq] [5a074f88] -------------------------------------------------------------------------
2025-01-30 18:20:37,713 INFO c.h.h.t.HelmChartContainer - [test-hivemq-platform] [hivemq] [5a074f88] 
2025-01-30 18:20:37,713 INFO c.h.h.t.HelmChartContainer - [test-hivemq-platform] [hivemq] [5a074f88]   HIVEMQ_HOME: /opt/hivemq
2025-01-30 18:20:37,713 INFO c.h.h.t.HelmChartContainer - [test-hivemq-platform] [hivemq] [5a074f88] 
2025-01-30 18:20:37,713 INFO c.h.h.t.HelmChartContainer - [test-hivemq-platform] [hivemq] [5a074f88]   JAVA_OPTS: -XX:+UnlockExperimentalVMOptions -XX:InitialRAMPercentage=50 -XX:MaxRAMPercentage=50 -Djava.net.preferIPv4Stack=true --add-opens java.base/java.lang=ALL-UNNAMED --add-opens java.base/java.nio=ALL-UNNAMED --add-opens java.base/sun.nio.ch=ALL-UNNAMED --add-opens jdk.management/com.sun.management.internal=ALL-UNNAMED --add-exports java.base/jdk.internal.misc=ALL-UNNAMED -Djava.security.egd=file:/dev/./urandom -Dcom.sun.management.jmxremote -Dcom.sun.management.jmxremote.port=9010 -Dcom.sun.management.jmxremote.local.only=false -Dcom.sun.management.jmxremote.authenticate=false -Dcom.sun.management.jmxremote.ssl=false -Duser.language=en -Duser.region=US -XX:+CrashOnOutOfMemoryError -XX:+HeapDumpOnOutOfMemoryError
2025-01-30 18:20:37,714 INFO c.h.h.t.HelmChartContainer - [test-hivemq-platform] [hivemq] [5a074f88] 
2025-01-30 18:20:37,714 INFO c.h.h.t.HelmChartContainer - [test-hivemq-platform] [hivemq] [5a074f88]   JAVA_VERSION: 21
2025-01-30 18:20:37,714 INFO c.h.h.t.HelmChartContainer - [test-hivemq-platform] [hivemq] [5a074f88] 
2025-01-30 18:20:37,714 INFO c.h.h.t.HelmChartContainer - [test-hivemq-platform] [hivemq] [5a074f88] -------------------------------------------------------------------------
2025-01-30 18:20:37,714 INFO c.h.h.t.HelmChartContainer - [test-hivemq-platform] [hivemq] [5a074f88] 
2025-01-30 18:20:38,994 INFO c.h.h.t.HelmChartContainer - [test-hivemq-platform] [hivemq] [5a074f88] INFO  - [HiveMQ Platform Operator Init App 1.7.0-SNAPSHOT] Returning default Health API response 503 for readiness
2025-01-30 18:20:39,396 INFO c.h.h.t.HelmChartContainer - [EVENT] Warning [Unhealthy] Readiness probe failed: HTTP probe failed with statuscode: 503 [helmwebsocketsit:test-hivemq-platform-0]
2025-01-30 18:20:39,396 INFO c.h.h.t.HelmChartContainer - Received Unhealthy event for container hivemq in pod test-hivemq-platform-0 [5a074f88-eaa8-43ee-b385-c4dfae3479a4]
2025-01-30 18:20:40,489 INFO c.h.h.t.HelmChartContainer - [test-hivemq-platform] [hivemq] [5a074f88] INFO  - Starting HiveMQ Enterprise Server
2025-01-30 18:20:40,495 INFO c.h.h.t.HelmChartContainer - [test-hivemq-platform] [hivemq] [5a074f88] INFO  - HiveMQ version: 4.36.0
2025-01-30 18:20:40,495 INFO c.h.h.t.HelmChartContainer - [test-hivemq-platform] [hivemq] [5a074f88] INFO  - HiveMQ home directory: /opt/hivemq
2025-01-30 18:20:40,495 INFO c.h.h.t.HelmChartContainer - [test-hivemq-platform] [hivemq] [5a074f88] INFO  - Log Configuration was overridden by /opt/hivemq/conf/logback.xml
2025-01-30 18:20:41,696 INFO c.h.h.t.HelmChartContainer - [test-hivemq-platform] [hivemq] [5a074f88] INFO  - Successfully loaded configuration from '/opt/hivemq/conf-k8s/config.xml'.
2025-01-30 18:20:42,691 INFO c.h.h.t.HelmChartContainer - [test-hivemq-platform] [hivemq] [5a074f88] INFO  - This node's ID is jfw73
2025-01-30 18:20:42,691 INFO c.h.h.t.HelmChartContainer - [test-hivemq-platform] [hivemq] [5a074f88] INFO  - Clustering is enabled
2025-01-30 18:20:43,102 INFO c.h.h.t.HelmChartContainer - [hivemq-test-hivemq-platform] [hivemq-platform-operator] [f09a1850] 18:20:43.100 [pool-6-thread-5] DEBUG c.h.p.o.d.PlatformServiceResource - [helmwebs] Desired Platform services (4 services)
2025-01-30 18:20:43,102 INFO c.h.h.t.HelmChartContainer - [hivemq-test-hivemq-platform] [hivemq-platform-operator] [f09a1850] 18:20:43.101 [pool-6-thread-3] DEBUG c.h.p.o.dependants.PodInfoConfigMap - [helmwebs] Desired PodInfo ConfigMap (1 extensions) (1 enabled)
2025-01-30 18:20:43,102 INFO c.h.h.t.HelmChartContainer - [hivemq-test-hivemq-platform] [hivemq-platform-operator] [f09a1850] 18:20:43.101 [pool-6-thread-3] DEBUG c.h.p.o.dependants.PodInfoConfigMap - [helmwebs] Desired PodInfo ConfigMap (metrics port: 9399) (metrics path: /)
2025-01-30 18:20:43,105 INFO c.h.h.t.HelmChartContainer - [hivemq-test-hivemq-platform] [hivemq-platform-operator] [f09a1850] 18:20:43.101 [pool-6-thread-3] DEBUG c.h.p.o.dependants.PodInfoConfigMap - [helmwebs] Desired PodInfo ConfigMap (extension state hash: -1817474005)
2025-01-30 18:20:43,105 INFO c.h.h.t.HelmChartContainer - [hivemq-test-hivemq-platform] [hivemq-platform-operator] [f09a1850] 18:20:43.101 [pool-6-thread-2] DEBUG c.h.p.o.d.PodServiceAccountResource - [helmwebs] Desired PodServiceAccountResource (serviceAccountName: hivemq-platform-pod-test-hivemq-platform)
2025-01-30 18:20:43,109 INFO c.h.h.t.HelmChartContainer - [hivemq-test-hivemq-platform] [hivemq-platform-operator] [f09a1850] 18:20:43.109 [pool-6-thread-5] DEBUG c.h.p.o.d.StatefulSetResource - [helmwebs] Desired StatefulSet (1 replicas) for status STARTING (READY)
2025-01-30 18:20:43,200 INFO c.h.h.t.HelmChartContainer - [hivemq-test-hivemq-platform] [hivemq-platform-operator] [f09a1850] 18:20:43.196 [ReconcilerExecutor-hivemq-controller-109] INFO  c.h.p.o.HiveMQPlatformReconciler - [helmwebs] Reconciling HiveMQ Platform 'test-hivemq-platform' in namespace 'helmwebsocketsit'
2025-01-30 18:20:43,200 INFO c.h.h.t.HelmChartContainer - [hivemq-test-hivemq-platform] [hivemq-platform-operator] [f09a1850] 18:20:43.196 [ReconcilerExecutor-hivemq-controller-109] DEBUG c.h.p.o.HiveMQPlatformReconciler - [helmwebs] Custom Resource Status STARTING - HiveMQ Platform is starting (READY)
2025-01-30 18:20:43,200 INFO c.h.h.t.HelmChartContainer - [hivemq-test-hivemq-platform] [hivemq-platform-operator] [f09a1850] 18:20:43.196 [ReconcilerExecutor-hivemq-controller-109] DEBUG c.h.p.o.HiveMQPlatformReconciler - [helmwebs] Custom Resource Spec (replicas: 1) (extensions: 1)
2025-01-30 18:20:43,200 INFO c.h.h.t.HelmChartContainer - [hivemq-test-hivemq-platform] [hivemq-platform-operator] [f09a1850] 18:20:43.199 [ReconcilerExecutor-hivemq-controller-109] DEBUG c.h.p.o.HiveMQPlatformReconciler - [helmwebs] StatefulSet Status (revision: test-hivemq-platform-7996c64dcf, replicas: 1, available: 0, ready: 0, current: 1, updated: 1)
2025-01-30 18:20:43,200 INFO c.h.h.t.HelmChartContainer - [hivemq-test-hivemq-platform] [hivemq-platform-operator] [f09a1850] 18:20:43.200 [ReconcilerExecutor-hivemq-controller-109] DEBUG c.h.p.o.HiveMQPlatformReconciler - [helmwebs] StatefulSet Spec (replicas: 1, init containers: 1, containers: 1, volumes: 7)
2025-01-30 18:20:43,204 INFO c.h.h.t.HelmChartContainer - [hivemq-test-hivemq-platform] [hivemq-platform-operator] [f09a1850] 18:20:43.203 [ReconcilerExecutor-hivemq-controller-109] DEBUG c.h.p.o.h.HiveMQPlatformReconcilerErrorHandler - [helmwebs] Pod 'test-hivemq-platform-0' phase Running
2025-01-30 18:20:43,206 INFO c.h.h.t.HelmChartContainer - [hivemq-test-hivemq-platform] [hivemq-platform-operator] [f09a1850] 18:20:43.205 [ReconcilerExecutor-hivemq-controller-109] INFO  c.h.p.o.h.HiveMQPlatformReconcilerBaseHandler - [helmwebs] HiveMQ Platform is starting, 0 of 1 replicas are ready
2025-01-30 18:20:44,491 INFO c.h.h.t.HelmChartContainer - [test-hivemq-platform] [hivemq] [5a074f88] WARN  - [HiveMQ Platform Operator Init App 1.7.0-SNAPSHOT] Cannot connect to Health API for readiness: null
2025-01-30 18:20:44,495 INFO c.h.h.t.HelmChartContainer - [EVENT] Warning [Unhealthy] Readiness probe failed: HTTP probe failed with statuscode: 503 [helmwebsocketsit:test-hivemq-platform-0]
2025-01-30 18:20:44,495 INFO c.h.h.t.HelmChartContainer - Received Unhealthy event for container hivemq in pod test-hivemq-platform-0 [5a074f88-eaa8-43ee-b385-c4dfae3479a4]
2025-01-30 18:20:46,793 INFO c.h.h.t.HelmChartContainer - [test-hivemq-platform] [hivemq] [5a074f88] Jan 30, 2025 6:20:46 PM io.vertx.core.impl.BlockedThreadChecker
2025-01-30 18:20:46,793 INFO c.h.h.t.HelmChartContainer - [test-hivemq-platform] [hivemq] [5a074f88] WARNING: Thread Thread[vert.x-eventloop-thread-1,5,main] has been blocked for 2092 ms, time limit is 2000 ms
2025-01-30 18:20:47,591 INFO c.h.h.t.HelmChartContainer - [test-hivemq-platform] [hivemq] [5a074f88] INFO  - [HiveMQ Platform Operator Init App 1.7.0-SNAPSHOT] Updating Pod HiveMQ Platform Operator Init App version annotation (version: 1.7.0-SNAPSHOT)
2025-01-30 18:20:48,402 INFO c.h.h.t.HelmChartContainer - [POD] test-hivemq-platform-0 [5a074f88-eaa8-43ee-b385-c4dfae3479a4] in helmwebsocketsit was MODIFIED
2025-01-30 18:20:48,410 INFO c.h.h.t.HelmChartContainer - [hivemq-test-hivemq-platform] [hivemq-platform-operator] [f09a1850] 18:20:48.408 [pool-6-thread-14] DEBUG c.h.p.o.d.PlatformServiceResource - [helmwebs] Desired Platform services (4 services)
2025-01-30 18:20:48,411 INFO c.h.h.t.HelmChartContainer - [hivemq-test-hivemq-platform] [hivemq-platform-operator] [f09a1850] 18:20:48.409 [pool-6-thread-11] DEBUG c.h.p.o.dependants.PodInfoConfigMap - [helmwebs] Desired PodInfo ConfigMap (1 extensions) (1 enabled)
2025-01-30 18:20:48,411 INFO c.h.h.t.HelmChartContainer - [hivemq-test-hivemq-platform] [hivemq-platform-operator] [f09a1850] 18:20:48.409 [pool-6-thread-11] DEBUG c.h.p.o.dependants.PodInfoConfigMap - [helmwebs] Desired PodInfo ConfigMap (metrics port: 9399) (metrics path: /)
2025-01-30 18:20:48,411 INFO c.h.h.t.HelmChartContainer - [hivemq-test-hivemq-platform] [hivemq-platform-operator] [f09a1850] 18:20:48.409 [pool-6-thread-11] DEBUG c.h.p.o.dependants.PodInfoConfigMap - [helmwebs] Desired PodInfo ConfigMap (extension state hash: -1817474005)
2025-01-30 18:20:48,412 INFO c.h.h.t.HelmChartContainer - [hivemq-test-hivemq-platform] [hivemq-platform-operator] [f09a1850] 18:20:48.411 [pool-6-thread-18] DEBUG c.h.p.o.d.PodServiceAccountResource - [helmwebs] Desired PodServiceAccountResource (serviceAccountName: hivemq-platform-pod-test-hivemq-platform)
2025-01-30 18:20:48,418 INFO c.h.h.t.HelmChartContainer - [hivemq-test-hivemq-platform] [hivemq-platform-operator] [f09a1850] 18:20:48.417 [pool-6-thread-14] DEBUG c.h.p.o.d.StatefulSetResource - [helmwebs] Desired StatefulSet (1 replicas) for status STARTING (READY)
2025-01-30 18:20:48,491 INFO c.h.h.t.HelmChartContainer - [hivemq-test-hivemq-platform] [hivemq-platform-operator] [f09a1850] 18:20:48.488 [ReconcilerExecutor-hivemq-controller-110] INFO  c.h.p.o.HiveMQPlatformReconciler - [helmwebs] Reconciling HiveMQ Platform 'test-hivemq-platform' in namespace 'helmwebsocketsit'
2025-01-30 18:20:48,492 INFO c.h.h.t.HelmChartContainer - [hivemq-test-hivemq-platform] [hivemq-platform-operator] [f09a1850] 18:20:48.488 [ReconcilerExecutor-hivemq-controller-110] DEBUG c.h.p.o.HiveMQPlatformReconciler - [helmwebs] Custom Resource Status STARTING - HiveMQ Platform is starting (READY)
2025-01-30 18:20:48,492 INFO c.h.h.t.HelmChartContainer - [hivemq-test-hivemq-platform] [hivemq-platform-operator] [f09a1850] 18:20:48.488 [ReconcilerExecutor-hivemq-controller-110] DEBUG c.h.p.o.HiveMQPlatformReconciler - [helmwebs] Custom Resource Spec (replicas: 1) (extensions: 1)
2025-01-30 18:20:48,497 INFO c.h.h.t.HelmChartContainer - [hivemq-test-hivemq-platform] [hivemq-platform-operator] [f09a1850] 18:20:48.494 [ReconcilerExecutor-hivemq-controller-110] DEBUG c.h.p.o.HiveMQPlatformReconciler - [helmwebs] StatefulSet Status (revision: test-hivemq-platform-7996c64dcf, replicas: 1, available: 0, ready: 0, current: 1, updated: 1)
2025-01-30 18:20:48,498 INFO c.h.h.t.HelmChartContainer - [hivemq-test-hivemq-platform] [hivemq-platform-operator] [f09a1850] 18:20:48.495 [ReconcilerExecutor-hivemq-controller-110] DEBUG c.h.p.o.HiveMQPlatformReconciler - [helmwebs] StatefulSet Spec (replicas: 1, init containers: 1, containers: 1, volumes: 7)
2025-01-30 18:20:48,499 INFO c.h.h.t.HelmChartContainer - [hivemq-test-hivemq-platform] [hivemq-platform-operator] [f09a1850] 18:20:48.496 [ReconcilerExecutor-hivemq-controller-110] DEBUG c.h.p.o.h.HiveMQPlatformReconcilerErrorHandler - [helmwebs] Pod 'test-hivemq-platform-0' phase Running
2025-01-30 18:20:48,502 INFO c.h.h.t.HelmChartContainer - [hivemq-test-hivemq-platform] [hivemq-platform-operator] [f09a1850] 18:20:48.501 [ReconcilerExecutor-hivemq-controller-110] INFO  c.h.p.o.h.HiveMQPlatformReconcilerBaseHandler - [helmwebs] HiveMQ Platform is starting, 0 of 1 replicas are ready
2025-01-30 18:20:48,504 INFO c.h.h.t.HelmChartContainer - [test-hivemq-platform] [hivemq] [5a074f88] WARN  - [HiveMQ Platform Operator Init App 1.7.0-SNAPSHOT] Cannot connect to Health API for readiness: null
2025-01-30 18:20:48,509 INFO c.h.h.t.HelmChartContainer - [EVENT] Warning [Unhealthy] Readiness probe failed: HTTP probe failed with statuscode: 503 [helmwebsocketsit:test-hivemq-platform-0]
2025-01-30 18:20:48,509 INFO c.h.h.t.HelmChartContainer - Received Unhealthy event for container hivemq in pod test-hivemq-platform-0 [5a074f88-eaa8-43ee-b385-c4dfae3479a4]
2025-01-30 18:20:48,593 INFO c.h.h.t.HelmChartContainer - [test-hivemq-platform] [hivemq] [5a074f88] INFO  - [HiveMQ Platform Operator Init App 1.7.0-SNAPSHOT] Successfully updated Pod HiveMQ Platform Operator Init App version annotation (version: 1.7.0-SNAPSHOT)
2025-01-30 18:20:53,485 INFO c.h.h.t.HelmChartContainer - [test-hivemq-platform] [hivemq] [5a074f88] WARN  - [HiveMQ Platform Operator Init App 1.7.0-SNAPSHOT] Cannot connect to Health API for readiness: null
2025-01-30 18:20:53,491 INFO c.h.h.t.HelmChartContainer - [EVENT] Warning [Unhealthy] Readiness probe failed: HTTP probe failed with statuscode: 503 [helmwebsocketsit:test-hivemq-platform-0]
2025-01-30 18:20:53,491 INFO c.h.h.t.HelmChartContainer - Received Unhealthy event for container hivemq in pod test-hivemq-platform-0 [5a074f88-eaa8-43ee-b385-c4dfae3479a4]
2025-01-30 18:20:58,488 INFO c.h.h.t.HelmChartContainer - [test-hivemq-platform] [hivemq] [5a074f88] WARN  - [HiveMQ Platform Operator Init App 1.7.0-SNAPSHOT] Cannot connect to Health API for readiness: null
2025-01-30 18:20:58,495 INFO c.h.h.t.HelmChartContainer - [EVENT] Warning [Unhealthy] Readiness probe failed: HTTP probe failed with statuscode: 503 [helmwebsocketsit:test-hivemq-platform-0]
2025-01-30 18:20:58,495 INFO c.h.h.t.HelmChartContainer - Received Unhealthy event for container hivemq in pod test-hivemq-platform-0 [5a074f88-eaa8-43ee-b385-c4dfae3479a4]
2025-01-30 18:20:58,507 INFO c.h.h.t.HelmChartContainer - [hivemq-test-hivemq-platform] [hivemq-platform-operator] [f09a1850] 18:20:58.506 [pool-6-thread-25] DEBUG c.h.p.o.d.PlatformServiceResource - [helmwebs] Desired Platform services (4 services)
2025-01-30 18:20:58,510 INFO c.h.h.t.HelmChartContainer - [hivemq-test-hivemq-platform] [hivemq-platform-operator] [f09a1850] 18:20:58.508 [pool-6-thread-24] DEBUG c.h.p.o.dependants.PodInfoConfigMap - [helmwebs] Desired PodInfo ConfigMap (1 extensions) (1 enabled)
2025-01-30 18:20:58,510 INFO c.h.h.t.HelmChartContainer - [hivemq-test-hivemq-platform] [hivemq-platform-operator] [f09a1850] 18:20:58.508 [pool-6-thread-21] DEBUG c.h.p.o.d.PodServiceAccountResource - [helmwebs] Desired PodServiceAccountResource (serviceAccountName: hivemq-platform-pod-test-hivemq-platform)
2025-01-30 18:20:58,511 INFO c.h.h.t.HelmChartContainer - [hivemq-test-hivemq-platform] [hivemq-platform-operator] [f09a1850] 18:20:58.508 [pool-6-thread-24] DEBUG c.h.p.o.dependants.PodInfoConfigMap - [helmwebs] Desired PodInfo ConfigMap (metrics port: 9399) (metrics path: /)
2025-01-30 18:20:58,512 INFO c.h.h.t.HelmChartContainer - [hivemq-test-hivemq-platform] [hivemq-platform-operator] [f09a1850] 18:20:58.509 [pool-6-thread-24] DEBUG c.h.p.o.dependants.PodInfoConfigMap - [helmwebs] Desired PodInfo ConfigMap (extension state hash: -1817474005)
2025-01-30 18:20:58,517 INFO c.h.h.t.HelmChartContainer - [hivemq-test-hivemq-platform] [hivemq-platform-operator] [f09a1850] 18:20:58.516 [pool-6-thread-25] DEBUG c.h.p.o.d.StatefulSetResource - [helmwebs] Desired StatefulSet (1 replicas) for status STARTING (READY)
2025-01-30 18:20:58,595 INFO c.h.h.t.HelmChartContainer - [hivemq-test-hivemq-platform] [hivemq-platform-operator] [f09a1850] 18:20:58.591 [ReconcilerExecutor-hivemq-controller-111] INFO  c.h.p.o.HiveMQPlatformReconciler - [helmwebs] Reconciling HiveMQ Platform 'test-hivemq-platform' in namespace 'helmwebsocketsit'
2025-01-30 18:20:58,595 INFO c.h.h.t.HelmChartContainer - [hivemq-test-hivemq-platform] [hivemq-platform-operator] [f09a1850] 18:20:58.591 [ReconcilerExecutor-hivemq-controller-111] DEBUG c.h.p.o.HiveMQPlatformReconciler - [helmwebs] Custom Resource Status STARTING - HiveMQ Platform is starting (READY)
2025-01-30 18:20:58,595 INFO c.h.h.t.HelmChartContainer - [hivemq-test-hivemq-platform] [hivemq-platform-operator] [f09a1850] 18:20:58.591 [ReconcilerExecutor-hivemq-controller-111] DEBUG c.h.p.o.HiveMQPlatformReconciler - [helmwebs] Custom Resource Spec (replicas: 1) (extensions: 1)
2025-01-30 18:20:58,597 INFO c.h.h.t.HelmChartContainer - [hivemq-test-hivemq-platform] [hivemq-platform-operator] [f09a1850] 18:20:58.596 [ReconcilerExecutor-hivemq-controller-111] DEBUG c.h.p.o.HiveMQPlatformReconciler - [helmwebs] StatefulSet Status (revision: test-hivemq-platform-7996c64dcf, replicas: 1, available: 0, ready: 0, current: 1, updated: 1)
2025-01-30 18:20:58,600 INFO c.h.h.t.HelmChartContainer - [hivemq-test-hivemq-platform] [hivemq-platform-operator] [f09a1850] 18:20:58.596 [ReconcilerExecutor-hivemq-controller-111] DEBUG c.h.p.o.HiveMQPlatformReconciler - [helmwebs] StatefulSet Spec (replicas: 1, init containers: 1, containers: 1, volumes: 7)
2025-01-30 18:20:58,602 INFO c.h.h.t.HelmChartContainer - [hivemq-test-hivemq-platform] [hivemq-platform-operator] [f09a1850] 18:20:58.599 [ReconcilerExecutor-hivemq-controller-111] DEBUG c.h.p.o.h.HiveMQPlatformReconcilerErrorHandler - [helmwebs] Pod 'test-hivemq-platform-0' phase Running
2025-01-30 18:20:58,603 INFO c.h.h.t.HelmChartContainer - [hivemq-test-hivemq-platform] [hivemq-platform-operator] [f09a1850] 18:20:58.602 [ReconcilerExecutor-hivemq-controller-111] INFO  c.h.p.o.h.HiveMQPlatformReconcilerBaseHandler - [helmwebs] HiveMQ Platform is starting, 0 of 1 replicas are ready
2025-01-30 18:20:59,786 INFO c.h.h.t.HelmChartContainer - [test-hivemq-platform] [hivemq] [5a074f88] WARN  - [HiveMQ Platform Operator Init App 1.7.0-SNAPSHOT] Cannot connect to Health API for liveness: null
2025-01-30 18:20:59,787 INFO c.h.h.t.HelmChartContainer - [test-hivemq-platform] [hivemq] [5a074f88] INFO  - [HiveMQ Platform Operator Init App 1.7.0-SNAPSHOT] Returning default Health API response 200 for liveness
2025-01-30 18:20:59,975 INFO c.h.h.t.HelmChartContainer - [test-hivemq-platform] [hivemq] [5a074f88] INFO  - No valid license file found. Using trial license, restricted to 25 connections.
2025-01-30 18:21:03,486 INFO c.h.h.t.HelmChartContainer - [test-hivemq-platform] [hivemq] [5a074f88] WARN  - [HiveMQ Platform Operator Init App 1.7.0-SNAPSHOT] Cannot connect to Health API for readiness: null
2025-01-30 18:21:03,490 INFO c.h.h.t.HelmChartContainer - [EVENT] Warning [Unhealthy] Readiness probe failed: HTTP probe failed with statuscode: 503 [helmwebsocketsit:test-hivemq-platform-0]
2025-01-30 18:21:03,490 INFO c.h.h.t.HelmChartContainer - Received Unhealthy event for container hivemq in pod test-hivemq-platform-0 [5a074f88-eaa8-43ee-b385-c4dfae3479a4]
2025-01-30 18:21:04,472 INFO c.h.h.t.HelmChartContainer - [test-hivemq-platform] [hivemq] [5a074f88] INFO  - No valid license file for Data Hub found. Using free license, restricted to 1 policy.
2025-01-30 18:21:05,675 INFO c.h.h.t.HelmChartContainer - [test-hivemq-platform] [hivemq] [5a074f88] INFO  - Audit Logger started.
2025-01-30 18:21:05,918 INFO c.h.h.t.HelmChartContainer - [test-hivemq-platform] [hivemq] [5a074f88] INFO  - This node uses '1' CPU cores.
2025-01-30 18:21:05,986 INFO c.h.h.t.HelmChartContainer - [test-hivemq-platform] [hivemq] [5a074f88] INFO  - Starting HiveMQ Health API on address 0.0.0.0 and port 8889
2025-01-30 18:21:06,793 INFO c.h.h.t.HelmChartContainer - [test-hivemq-platform] [hivemq] [5a074f88] INFO  - Started HiveMQ Health API in 808ms
2025-01-30 18:21:07,504 INFO c.h.h.t.HelmChartContainer - [test-hivemq-platform] [hivemq] [5a074f88] INFO  - Starting HiveMQ extension system.
2025-01-30 18:21:07,786 INFO c.h.h.t.HelmChartContainer - [test-hivemq-platform] [hivemq] [5a074f88] INFO  - Starting extension with id "hivemq-dns-cluster-discovery" at /opt/hivemq/extensions/hivemq-dns-cluster-discovery
2025-01-30 18:21:08,291 INFO c.h.h.t.HelmChartContainer - [test-hivemq-platform] [hivemq] [5a074f88] INFO  - Extension "DNS Cluster Discovery Extension" version 4.3.2 started successfully.
2025-01-30 18:21:08,291 INFO c.h.h.t.HelmChartContainer - [test-hivemq-platform] [hivemq] [5a074f88] INFO  - Using TCP cluster transport on address 10.42.0.14 and port 7000
2025-01-30 18:21:08,291 INFO c.h.h.t.HelmChartContainer - [test-hivemq-platform] [hivemq] [5a074f88] INFO  - Starting extension with id "hivemq-prometheus-extension" at /opt/hivemq/extensions/hivemq-prometheus-extension
2025-01-30 18:21:08,293 INFO c.h.h.t.HelmChartContainer - [test-hivemq-platform] [hivemq] [5a074f88] INFO  - Using extension cluster discovery
2025-01-30 18:21:08,609 INFO c.h.h.t.HelmChartContainer - [hivemq-test-hivemq-platform] [hivemq-platform-operator] [f09a1850] 18:21:08.607 [pool-6-thread-31] DEBUG c.h.p.o.d.PlatformServiceResource - [helmwebs] Desired Platform services (4 services)
2025-01-30 18:21:08,609 INFO c.h.h.t.HelmChartContainer - [hivemq-test-hivemq-platform] [hivemq-platform-operator] [f09a1850] 18:21:08.607 [pool-6-thread-35] DEBUG c.h.p.o.dependants.PodInfoConfigMap - [helmwebs] Desired PodInfo ConfigMap (1 extensions) (1 enabled)
2025-01-30 18:21:08,609 INFO c.h.h.t.HelmChartContainer - [hivemq-test-hivemq-platform] [hivemq-platform-operator] [f09a1850] 18:21:08.607 [pool-6-thread-35] DEBUG c.h.p.o.dependants.PodInfoConfigMap - [helmwebs] Desired PodInfo ConfigMap (metrics port: 9399) (metrics path: /)
2025-01-30 18:21:08,609 INFO c.h.h.t.HelmChartContainer - [hivemq-test-hivemq-platform] [hivemq-platform-operator] [f09a1850] 18:21:08.608 [pool-6-thread-35] DEBUG c.h.p.o.dependants.PodInfoConfigMap - [helmwebs] Desired PodInfo ConfigMap (extension state hash: -1817474005)
2025-01-30 18:21:08,612 INFO c.h.h.t.HelmChartContainer - [hivemq-test-hivemq-platform] [hivemq-platform-operator] [f09a1850] 18:21:08.611 [pool-6-thread-34] DEBUG c.h.p.o.d.PodServiceAccountResource - [helmwebs] Desired PodServiceAccountResource (serviceAccountName: hivemq-platform-pod-test-hivemq-platform)
2025-01-30 18:21:08,615 INFO c.h.h.t.HelmChartContainer - [hivemq-test-hivemq-platform] [hivemq-platform-operator] [f09a1850] 18:21:08.614 [pool-6-thread-31] DEBUG c.h.p.o.d.StatefulSetResource - [helmwebs] Desired StatefulSet (1 replicas) for status STARTING (READY)
2025-01-30 18:21:08,620 INFO c.h.h.t.HelmChartContainer - [hivemq-test-hivemq-platform] [hivemq-platform-operator] [f09a1850] 18:21:08.620 [ReconcilerExecutor-hivemq-controller-112] INFO  c.h.p.o.HiveMQPlatformReconciler - [helmwebs] Reconciling HiveMQ Platform 'test-hivemq-platform' in namespace 'helmwebsocketsit'
2025-01-30 18:21:08,621 INFO c.h.h.t.HelmChartContainer - [hivemq-test-hivemq-platform] [hivemq-platform-operator] [f09a1850] 18:21:08.620 [ReconcilerExecutor-hivemq-controller-112] DEBUG c.h.p.o.HiveMQPlatformReconciler - [helmwebs] Custom Resource Status STARTING - HiveMQ Platform is starting (READY)
2025-01-30 18:21:08,622 INFO c.h.h.t.HelmChartContainer - [hivemq-test-hivemq-platform] [hivemq-platform-operator] [f09a1850] 18:21:08.620 [ReconcilerExecutor-hivemq-controller-112] DEBUG c.h.p.o.HiveMQPlatformReconciler - [helmwebs] Custom Resource Spec (replicas: 1) (extensions: 1)
2025-01-30 18:21:08,693 INFO c.h.h.t.HelmChartContainer - [hivemq-test-hivemq-platform] [hivemq-platform-operator] [f09a1850] 18:21:08.688 [ReconcilerExecutor-hivemq-controller-112] DEBUG c.h.p.o.HiveMQPlatformReconciler - [helmwebs] StatefulSet Status (revision: test-hivemq-platform-7996c64dcf, replicas: 1, available: 0, ready: 0, current: 1, updated: 1)
2025-01-30 18:21:08,693 INFO c.h.h.t.HelmChartContainer - [hivemq-test-hivemq-platform] [hivemq-platform-operator] [f09a1850] 18:21:08.688 [ReconcilerExecutor-hivemq-controller-112] DEBUG c.h.p.o.HiveMQPlatformReconciler - [helmwebs] StatefulSet Spec (replicas: 1, init containers: 1, containers: 1, volumes: 7)
2025-01-30 18:21:08,696 INFO c.h.h.t.HelmChartContainer - [hivemq-test-hivemq-platform] [hivemq-platform-operator] [f09a1850] 18:21:08.695 [ReconcilerExecutor-hivemq-controller-112] DEBUG c.h.p.o.h.HiveMQPlatformReconcilerErrorHandler - [helmwebs] Pod 'test-hivemq-platform-0' phase Running
2025-01-30 18:21:08,697 INFO c.h.h.t.HelmChartContainer - [hivemq-test-hivemq-platform] [hivemq-platform-operator] [f09a1850] 18:21:08.696 [ReconcilerExecutor-hivemq-controller-112] INFO  c.h.p.o.h.HiveMQPlatformReconcilerBaseHandler - [helmwebs] HiveMQ Platform is starting, 0 of 1 replicas are ready
2025-01-30 18:21:09,445 INFO c.h.h.t.HelmChartContainer - [EVENT] Warning [Unhealthy] Readiness probe failed: Get "http://10.42.0.14:7979/readiness": context deadline exceeded (Client.Timeout exceeded while awaiting headers) [helmwebsocketsit:test-hivemq-platform-0]
2025-01-30 18:21:09,446 INFO c.h.h.t.HelmChartContainer - Received Unhealthy event for container hivemq in pod test-hivemq-platform-0 [5a074f88-eaa8-43ee-b385-c4dfae3479a4]
2025-01-30 18:21:09,592 INFO c.h.h.t.HelmChartContainer - [test-hivemq-platform] [hivemq] [5a074f88] INFO  - Started Jetty Server exposing Prometheus Servlet on URI http://0.0.0.0:9399/
2025-01-30 18:21:09,594 INFO c.h.h.t.HelmChartContainer - [test-hivemq-platform] [hivemq] [5a074f88] INFO  - Extension "Prometheus Monitoring Extension" version 4.0.12 started successfully.
2025-01-30 18:21:09,594 INFO c.h.h.t.HelmChartContainer - [test-hivemq-platform] [hivemq] [5a074f88] INFO  - Starting extension with id "hivemq-allow-all-extension" at /opt/hivemq/extensions/hivemq-allow-all-extension
2025-01-30 18:21:09,594 INFO c.h.h.t.HelmChartContainer - [test-hivemq-platform] [hivemq] [5a074f88] WARN  - 
2025-01-30 18:21:09,594 INFO c.h.h.t.HelmChartContainer - [test-hivemq-platform] [hivemq] [5a074f88] ################################################################################################################
2025-01-30 18:21:09,594 INFO c.h.h.t.HelmChartContainer - [test-hivemq-platform] [hivemq] [5a074f88] # This HiveMQ deployment is not secure! You are lacking Authentication and Authorization.                      #
2025-01-30 18:21:09,594 INFO c.h.h.t.HelmChartContainer - [test-hivemq-platform] [hivemq] [5a074f88] # Right now any MQTT client can connect to the broker with a full set of permissions.                          #
2025-01-30 18:21:09,594 INFO c.h.h.t.HelmChartContainer - [test-hivemq-platform] [hivemq] [5a074f88] # For production usage, add an appropriate security extension and remove the hivemq-allow-all extension.       #
2025-01-30 18:21:09,594 INFO c.h.h.t.HelmChartContainer - [test-hivemq-platform] [hivemq] [5a074f88] # You can download security extensions from the HiveMQ Marketplace (https://www.hivemq.com/extensions/).       #
2025-01-30 18:21:09,594 INFO c.h.h.t.HelmChartContainer - [test-hivemq-platform] [hivemq] [5a074f88] ################################################################################################################
2025-01-30 18:21:09,594 INFO c.h.h.t.HelmChartContainer - [test-hivemq-platform] [hivemq] [5a074f88] INFO  - Extension "Allow All Extension" version 1.1.1 started successfully.
2025-01-30 18:21:09,888 INFO c.h.h.t.HelmChartContainer - [test-hivemq-platform] [hivemq] [5a074f88] INFO  - [HiveMQ Platform Operator Init App 1.7.0-SNAPSHOT] Returning Health API response 503 for readiness
2025-01-30 18:21:11,590 INFO c.h.h.t.HelmChartContainer - [test-hivemq-platform] [hivemq] [5a074f88] INFO  - jfw73: no members discovered after 2399 ms: creating cluster as first member
2025-01-30 18:21:11,596 INFO c.h.h.t.HelmChartContainer - [test-hivemq-platform] [hivemq] [5a074f88] INFO  - Cluster nodes found by discovery: [jfw73|0] (1) [jfw73].
2025-01-30 18:21:11,687 INFO c.h.h.t.HelmChartContainer - [test-hivemq-platform] [hivemq] [5a074f88] WARN  - No user for HiveMQ Control Center configured. Starting with default user
2025-01-30 18:21:11,688 INFO c.h.h.t.HelmChartContainer - [test-hivemq-platform] [hivemq] [5a074f88] INFO  - Starting HiveMQ Control Center on address 127.0.0.1 and port 8080
2025-01-30 18:21:11,689 INFO c.h.h.t.HelmChartContainer - [test-hivemq-platform] [hivemq] [5a074f88] INFO  - Mounting HiveMQ Control Center V2 Preview
2025-01-30 18:21:12,296 INFO c.h.h.t.HelmChartContainer - [test-hivemq-platform] [hivemq] [5a074f88] INFO  - Started HiveMQ Control Center in 607ms
2025-01-30 18:21:12,388 INFO c.h.h.t.HelmChartContainer - [test-hivemq-platform] [hivemq] [5a074f88] INFO  - Starting Websocket listener on address 0.0.0.0 and port 8002
2025-01-30 18:21:13,495 INFO c.h.h.t.HelmChartContainer - [EVENT] Warning [Unhealthy] Readiness probe failed: HTTP probe failed with statuscode: 503 [helmwebsocketsit:test-hivemq-platform-0]
2025-01-30 18:21:13,495 INFO c.h.h.t.HelmChartContainer - Received Unhealthy event for container hivemq in pod test-hivemq-platform-0 [5a074f88-eaa8-43ee-b385-c4dfae3479a4]
2025-01-30 18:21:13,693 INFO c.h.h.t.HelmChartContainer - [test-hivemq-platform] [hivemq] [5a074f88] INFO  - Enabled protocols for Websocket Listener with TLS at address 0.0.0.0 and port 8003: [TLSv1.3, TLSv1.2]
2025-01-30 18:21:13,693 INFO c.h.h.t.HelmChartContainer - [test-hivemq-platform] [hivemq] [5a074f88] INFO  - Enabled cipher suites for Websocket Listener with TLS at address 0.0.0.0 and port 8003: [TLS_ECDHE_ECDSA_WITH_AES_256_GCM_SHA384, TLS_ECDHE_ECDSA_WITH_AES_128_GCM_SHA256, TLS_ECDHE_RSA_WITH_AES_128_GCM_SHA256, TLS_ECDHE_RSA_WITH_AES_256_GCM_SHA384, TLS_ECDHE_RSA_WITH_AES_128_CBC_SHA, TLS_ECDHE_RSA_WITH_AES_256_CBC_SHA, TLS_RSA_WITH_AES_128_GCM_SHA256, TLS_RSA_WITH_AES_128_CBC_SHA, TLS_RSA_WITH_AES_256_CBC_SHA, TLS_AES_128_GCM_SHA256, TLS_AES_256_GCM_SHA384]
2025-01-30 18:21:13,693 INFO c.h.h.t.HelmChartContainer - [test-hivemq-platform] [hivemq] [5a074f88] INFO  - Starting Websocket TLS listener on address 0.0.0.0 and port 8003
2025-01-30 18:21:13,792 INFO c.h.h.t.HelmChartContainer - [test-hivemq-platform] [hivemq] [5a074f88] INFO  - Enabled protocols for Websocket Listener with TLS at address 0.0.0.0 and port 8004: [TLSv1.3, TLSv1.2]
2025-01-30 18:21:13,792 INFO c.h.h.t.HelmChartContainer - [test-hivemq-platform] [hivemq] [5a074f88] INFO  - Enabled cipher suites for Websocket Listener with TLS at address 0.0.0.0 and port 8004: [TLS_ECDHE_ECDSA_WITH_AES_256_GCM_SHA384, TLS_ECDHE_ECDSA_WITH_AES_128_GCM_SHA256, TLS_ECDHE_RSA_WITH_AES_128_GCM_SHA256, TLS_ECDHE_RSA_WITH_AES_256_GCM_SHA384, TLS_ECDHE_RSA_WITH_AES_128_CBC_SHA, TLS_ECDHE_RSA_WITH_AES_256_CBC_SHA, TLS_RSA_WITH_AES_128_GCM_SHA256, TLS_RSA_WITH_AES_128_CBC_SHA, TLS_RSA_WITH_AES_256_CBC_SHA, TLS_AES_128_GCM_SHA256, TLS_AES_256_GCM_SHA384]
2025-01-30 18:21:13,793 INFO c.h.h.t.HelmChartContainer - [test-hivemq-platform] [hivemq] [5a074f88] INFO  - Starting Websocket TLS listener on address 0.0.0.0 and port 8004
2025-01-30 18:21:13,796 INFO c.h.h.t.HelmChartContainer - [test-hivemq-platform] [hivemq] [5a074f88] INFO  - Started Websocket Listener on address 0.0.0.0 and on port 8002.
2025-01-30 18:21:13,797 INFO c.h.h.t.HelmChartContainer - [test-hivemq-platform] [hivemq] [5a074f88] INFO  - Started Websocket Listener with TLS on address 0.0.0.0 and on port 8003.
2025-01-30 18:21:13,797 INFO c.h.h.t.HelmChartContainer - [test-hivemq-platform] [hivemq] [5a074f88] INFO  - Started Websocket Listener with TLS on address 0.0.0.0 and on port 8004.
2025-01-30 18:21:13,797 INFO c.h.h.t.HelmChartContainer - [test-hivemq-platform] [hivemq] [5a074f88] INFO  - Started HiveMQ in 33707ms
2025-01-30 18:21:18,407 INFO c.h.h.t.HelmChartContainer - [test-hivemq-platform] [hivemq] [5a074f88] INFO  - [HiveMQ Platform Operator Init App 1.7.0-SNAPSHOT] Returning Health API response 200 for readiness
2025-01-30 18:21:18,423 INFO c.h.h.t.HelmChartContainer - [POD] test-hivemq-platform-0 [5a074f88-eaa8-43ee-b385-c4dfae3479a4] in helmwebsocketsit was MODIFIED
2025-01-30 18:21:18,441 INFO c.h.h.t.HelmChartContainer - [hivemq-test-hivemq-platform] [hivemq-platform-operator] [f09a1850] 18:21:18.428 [pool-6-thread-45] DEBUG c.h.p.o.d.PlatformServiceResource - [helmwebs] Desired Platform services (4 services)
2025-01-30 18:21:18,441 INFO c.h.h.t.HelmChartContainer - [hivemq-test-hivemq-platform] [hivemq-platform-operator] [f09a1850] 18:21:18.430 [pool-6-thread-47] DEBUG c.h.p.o.dependants.PodInfoConfigMap - [helmwebs] Desired PodInfo ConfigMap (1 extensions) (1 enabled)
2025-01-30 18:21:18,441 INFO c.h.h.t.HelmChartContainer - [hivemq-test-hivemq-platform] [hivemq-platform-operator] [f09a1850] 18:21:18.432 [pool-6-thread-47] DEBUG c.h.p.o.dependants.PodInfoConfigMap - [helmwebs] Desired PodInfo ConfigMap (metrics port: 9399) (metrics path: /)
2025-01-30 18:21:18,441 INFO c.h.h.t.HelmChartContainer - [hivemq-test-hivemq-platform] [hivemq-platform-operator] [f09a1850] 18:21:18.432 [pool-6-thread-47] DEBUG c.h.p.o.dependants.PodInfoConfigMap - [helmwebs] Desired PodInfo ConfigMap (extension state hash: -1817474005)
2025-01-30 18:21:18,441 INFO c.h.h.t.HelmChartContainer - [hivemq-test-hivemq-platform] [hivemq-platform-operator] [f09a1850] 18:21:18.435 [pool-6-thread-41] DEBUG c.h.p.o.d.PodServiceAccountResource - [helmwebs] Desired PodServiceAccountResource (serviceAccountName: hivemq-platform-pod-test-hivemq-platform)
2025-01-30 18:21:18,493 INFO c.h.h.t.HelmChartContainer - [hivemq-test-hivemq-platform] [hivemq-platform-operator] [f09a1850] 18:21:18.492 [pool-6-thread-45] DEBUG c.h.p.o.d.StatefulSetResource - [helmwebs] Desired StatefulSet (1 replicas) for status STARTING (READY)
2025-01-30 18:21:18,499 INFO c.h.h.t.HelmChartContainer - [hivemq-test-hivemq-platform] [hivemq-platform-operator] [f09a1850] 18:21:18.497 [ReconcilerExecutor-hivemq-controller-113] INFO  c.h.p.o.HiveMQPlatformReconciler - [helmwebs] Reconciling HiveMQ Platform 'test-hivemq-platform' in namespace 'helmwebsocketsit'
2025-01-30 18:21:18,500 INFO c.h.h.t.HelmChartContainer - [hivemq-test-hivemq-platform] [hivemq-platform-operator] [f09a1850] 18:21:18.497 [ReconcilerExecutor-hivemq-controller-113] DEBUG c.h.p.o.HiveMQPlatformReconciler - [helmwebs] Custom Resource Status STARTING - HiveMQ Platform is starting (READY)
2025-01-30 18:21:18,501 INFO c.h.h.t.HelmChartContainer - [hivemq-test-hivemq-platform] [hivemq-platform-operator] [f09a1850] 18:21:18.497 [ReconcilerExecutor-hivemq-controller-113] DEBUG c.h.p.o.HiveMQPlatformReconciler - [helmwebs] Custom Resource Spec (replicas: 1) (extensions: 1)
2025-01-30 18:21:18,502 INFO c.h.h.t.HelmChartContainer - [hivemq-test-hivemq-platform] [hivemq-platform-operator] [f09a1850] 18:21:18.499 [ReconcilerExecutor-hivemq-controller-113] DEBUG c.h.p.o.HiveMQPlatformReconciler - [helmwebs] StatefulSet Status (revision: test-hivemq-platform-7996c64dcf, replicas: 1, available: 1, ready: 1, current: 1, updated: 1)
2025-01-30 18:21:18,502 INFO c.h.h.t.HelmChartContainer - [hivemq-test-hivemq-platform] [hivemq-platform-operator] [f09a1850] 18:21:18.499 [ReconcilerExecutor-hivemq-controller-113] DEBUG c.h.p.o.HiveMQPlatformReconciler - [helmwebs] StatefulSet Spec (replicas: 1, init containers: 1, containers: 1, volumes: 7)
2025-01-30 18:21:18,502 INFO c.h.h.t.HelmChartContainer - [hivemq-test-hivemq-platform] [hivemq-platform-operator] [f09a1850] 18:21:18.501 [ReconcilerExecutor-hivemq-controller-113] DEBUG c.h.p.o.h.HiveMQPlatformReconcilerErrorHandler - [helmwebs] Pod 'test-hivemq-platform-0' phase Running
2025-01-30 18:21:18,503 INFO c.h.h.t.HelmChartContainer - [hivemq-test-hivemq-platform] [hivemq-platform-operator] [f09a1850] 18:21:18.501 [ReconcilerExecutor-hivemq-controller-113] INFO  c.h.p.o.h.HiveMQPlatformReconcilerBaseHandler - [helmwebs] HiveMQ Platform started successfully
2025-01-30 18:21:18,602 INFO c.h.h.t.HelmChartContainer - [hivemq-test-hivemq-platform] [hivemq-platform-operator] [f09a1850] 18:21:18.600 [ReconcilerExecutor-hivemq-controller-113] DEBUG c.h.p.operator.event.EventSender - [helmwebs] Creating K8s event hivemq-platform-ready: [Ready] HiveMQ Platform is ready
2025-01-30 18:21:18,606 INFO c.h.h.t.HelmChartContainer - [EVENT] Normal [Ready] HiveMQ Platform is ready [helmwebsocketsit:test-hivemq-platform]
2025-01-30 18:21:18,608 INFO c.h.h.t.HelmChartContainer - [hivemq-test-hivemq-platform] [hivemq-platform-operator] [f09a1850] 18:21:18.605 [ReconcilerExecutor-hivemq-controller-113] INFO  c.h.p.o.h.AbstractHiveMQReconcilerStateHandler - [helmwebs] Update HiveMQ Platform Status (STARTING [READY] -> RUNNING [READY]): HiveMQ Platform is ready
2025-01-30 18:21:18,694 DEBUG com.hivemq.helmcharts.util.K8sUtil - Comparing actual state 'RUNNING' and waiting for 'RUNNING'
2025-01-30 18:21:18,702 INFO c.h.h.t.HelmChartContainer - [hivemq-test-hivemq-platform] [hivemq-platform-operator] [f09a1850] 18:21:18.700 [pool-6-thread-10] DEBUG c.h.p.o.d.PlatformServiceResource - [helmwebs] Desired Platform services (4 services)
2025-01-30 18:21:18,704 INFO c.h.h.t.HelmChartContainer - [hivemq-test-hivemq-platform] [hivemq-platform-operator] [f09a1850] 18:21:18.703 [pool-6-thread-1] DEBUG c.h.p.o.dependants.PodInfoConfigMap - [helmwebs] Desired PodInfo ConfigMap (1 extensions) (1 enabled)
2025-01-30 18:21:18,704 INFO c.h.h.t.HelmChartContainer - [hivemq-test-hivemq-platform] [hivemq-platform-operator] [f09a1850] 18:21:18.703 [pool-6-thread-1] DEBUG c.h.p.o.dependants.PodInfoConfigMap - [helmwebs] Desired PodInfo ConfigMap (metrics port: 9399) (metrics path: /)
2025-01-30 18:21:18,706 INFO c.h.h.t.HelmChartContainer - [hivemq-test-hivemq-platform] [hivemq-platform-operator] [f09a1850] 18:21:18.703 [pool-6-thread-1] DEBUG c.h.p.o.dependants.PodInfoConfigMap - [helmwebs] Desired PodInfo ConfigMap (extension state hash: -1817474005)
2025-01-30 18:21:18,711 INFO c.h.h.t.HelmChartContainer - [hivemq-test-hivemq-platform] [hivemq-platform-operator] [f09a1850] 18:21:18.705 [pool-6-thread-1] DEBUG c.h.p.o.dependants.PodInfoConfigMap - [helmwebs] Update PodInfo ConfigMap
2025-01-30 18:21:18,711 INFO c.h.h.t.HelmChartContainer - [hivemq-test-hivemq-platform] [hivemq-platform-operator] [f09a1850] 18:21:18.705 [pool-6-thread-4] DEBUG c.h.p.o.d.PodServiceAccountResource - [helmwebs] Desired PodServiceAccountResource (serviceAccountName: hivemq-platform-pod-test-hivemq-platform)
2025-01-30 18:21:18,791 INFO c.h.h.t.HelmChartContainer - [hivemq-test-hivemq-platform] [hivemq-platform-operator] [f09a1850] 18:21:18.788 [pool-6-thread-1] DEBUG c.h.p.o.d.StatefulSetResource - [helmwebs] Desired StatefulSet (1 replicas) for status RUNNING (READY)
2025-01-30 18:21:18,799 INFO c.h.h.t.HelmChartContainer - [hivemq-test-hivemq-platform] [hivemq-platform-operator] [f09a1850] 18:21:18.796 [ReconcilerExecutor-hivemq-controller-114] INFO  c.h.p.o.HiveMQPlatformReconciler - [helmwebs] Reconciling HiveMQ Platform 'test-hivemq-platform' in namespace 'helmwebsocketsit'
2025-01-30 18:21:18,799 INFO c.h.h.t.HelmChartContainer - [hivemq-test-hivemq-platform] [hivemq-platform-operator] [f09a1850] 18:21:18.797 [ReconcilerExecutor-hivemq-controller-114] DEBUG c.h.p.o.HiveMQPlatformReconciler - [helmwebs] Custom Resource Status RUNNING - HiveMQ Platform is ready (READY)
2025-01-30 18:21:18,799 INFO c.h.h.t.HelmChartContainer - [hivemq-test-hivemq-platform] [hivemq-platform-operator] [f09a1850] 18:21:18.798 [ReconcilerExecutor-hivemq-controller-114] DEBUG c.h.p.o.HiveMQPlatformReconciler - [helmwebs] Custom Resource Spec (replicas: 1) (extensions: 1)
2025-01-30 18:21:18,804 INFO c.h.h.t.HelmChartContainer - [hivemq-test-hivemq-platform] [hivemq-platform-operator] [f09a1850] 18:21:18.802 [ReconcilerExecutor-hivemq-controller-114] DEBUG c.h.p.o.HiveMQPlatformReconciler - [helmwebs] StatefulSet Status (revision: test-hivemq-platform-7996c64dcf, replicas: 1, available: 1, ready: 1, current: 1, updated: 1)
2025-01-30 18:21:18,806 INFO c.h.h.t.HelmChartContainer - [hivemq-test-hivemq-platform] [hivemq-platform-operator] [f09a1850] 18:21:18.804 [ReconcilerExecutor-hivemq-controller-114] DEBUG c.h.p.o.HiveMQPlatformReconciler - [helmwebs] StatefulSet Spec (replicas: 1, init containers: 1, containers: 1, volumes: 7)
2025-01-30 18:21:18,807 INFO c.h.h.t.HelmChartContainer - [hivemq-test-hivemq-platform] [hivemq-platform-operator] [f09a1850] 18:21:18.805 [ReconcilerExecutor-hivemq-controller-114] DEBUG c.h.p.o.h.HiveMQPlatformReconcilerErrorHandler - [helmwebs] Pod 'test-hivemq-platform-0' phase Running
2025-01-30 18:21:22,127 INFO c.h.h.t.HelmChartContainer - Uninstalling release 'test-hivemq-platform' in namespace 'helmwebsocketsit'...
2025-01-30 18:21:22,127 DEBUG c.h.h.t.HelmChartContainer - Executing helm command: /bin/helm --kubeconfig /etc/rancher/k3s/k3s.yaml uninstall test-hivemq-platform  --wait --timeout 5m0s --cascade foreground --namespace helmwebsocketsit
2025-01-30 18:21:22,332 INFO c.h.h.t.HelmChartContainer - [hivemq-test-hivemq-platform] [hivemq-platform-operator] [f09a1850] 18:21:22.331 [pool-6-thread-19] DEBUG c.h.p.o.d.PlatformServiceResource - [helmwebs] Desired Platform services (4 services)
2025-01-30 18:21:22,337 INFO c.h.h.t.HelmChartContainer - [hivemq-test-hivemq-platform] [hivemq-platform-operator] [f09a1850] 18:21:22.334 [pool-6-thread-15] DEBUG c.h.p.o.dependants.PodInfoConfigMap - [helmwebs] Desired PodInfo ConfigMap (1 extensions) (1 enabled)
2025-01-30 18:21:22,348 INFO c.h.h.t.HelmChartContainer - [hivemq-test-hivemq-platform] [hivemq-platform-operator] [f09a1850] 18:21:22.339 [pool-6-thread-15] DEBUG c.h.p.o.dependants.PodInfoConfigMap - [helmwebs] Desired PodInfo ConfigMap (metrics port: 9399) (metrics path: /)
2025-01-30 18:21:22,348 INFO c.h.h.t.HelmChartContainer - [hivemq-test-hivemq-platform] [hivemq-platform-operator] [f09a1850] 18:21:22.339 [pool-6-thread-15] DEBUG c.h.p.o.dependants.PodInfoConfigMap - [helmwebs] Desired PodInfo ConfigMap (extension state hash: -1817474005)
2025-01-30 18:21:22,348 INFO c.h.h.t.HelmChartContainer - [hivemq-test-hivemq-platform] [hivemq-platform-operator] [f09a1850] 18:21:22.344 [pool-6-thread-11] DEBUG c.h.p.o.d.PodServiceAccountResource - [helmwebs] Desired PodServiceAccountResource (serviceAccountName: hivemq-platform-pod-test-hivemq-platform)
2025-01-30 18:21:22,399 INFO c.h.h.t.HelmChartContainer - [hivemq-test-hivemq-platform] [hivemq-platform-operator] [f09a1850] 18:21:22.392 [pool-6-thread-19] DEBUG c.h.p.o.d.StatefulSetResource - [helmwebs] Desired StatefulSet (1 replicas) for status RUNNING (READY)
2025-01-30 18:21:22,399 INFO c.h.h.t.HelmChartContainer - [hivemq-test-hivemq-platform] [hivemq-platform-operator] [f09a1850] 18:21:22.397 [pool-6-thread-19] DEBUG c.h.p.o.d.StatefulSetResource - [helmwebs] Update StatefulSet (replicas: 1 -> 1)
2025-01-30 18:21:22,402 INFO c.h.h.t.HelmChartContainer - [hivemq-test-hivemq-platform] [hivemq-platform-operator] [f09a1850] 18:21:22.399 [pool-6-thread-19] DEBUG c.h.p.o.d.StatefulSetResource - [helmwebs] Detected change in StatefulSet specification (path: /template/metadata/annotations/kubernetes-resource-versions) (actual value: {env-var-secret-ws-truststore-password-8004=1566, broker-configuration-v2=-1922569847, env-var-secret-ws-keystore-password-8004=1563}) (target value: {env-var-secret-ws-truststore-password-8004=1566, broker-configuration-v2=0, env-var-secret-ws-keystore-password-8004=1563})
2025-01-30 18:21:22,402 INFO c.h.h.t.HelmChartContainer - [hivemq-test-hivemq-platform] [hivemq-platform-operator] [f09a1850] 18:21:22.400 [pool-6-thread-19] INFO  c.h.p.o.d.StatefulSetResource - [helmwebs] StatefulSet spec was updated, triggering rolling restart
2025-01-30 18:21:22,500 INFO c.h.h.t.HelmChartContainer - [hivemq-test-hivemq-platform] [hivemq-platform-operator] [f09a1850] 18:21:22.499 [ReconcilerExecutor-hivemq-controller-115] INFO  c.h.p.o.HiveMQPlatformReconciler - [helmwebs] Reconciling HiveMQ Platform 'test-hivemq-platform' in namespace 'helmwebsocketsit'
2025-01-30 18:21:22,501 INFO c.h.h.t.HelmChartContainer - [hivemq-test-hivemq-platform] [hivemq-platform-operator] [f09a1850] 18:21:22.499 [ReconcilerExecutor-hivemq-controller-115] DEBUG c.h.p.o.HiveMQPlatformReconciler - [helmwebs] Custom Resource Status RUNNING - HiveMQ Platform is ready (READY) (reconciliation requests: REQUESTS_UPDATED, ROLLING_RESTART)
2025-01-30 18:21:22,501 INFO c.h.h.t.HelmChartContainer - [hivemq-test-hivemq-platform] [hivemq-platform-operator] [f09a1850] 18:21:22.500 [ReconcilerExecutor-hivemq-controller-115] DEBUG c.h.p.o.HiveMQPlatformReconciler - [helmwebs] Custom Resource Spec (replicas: 1) (extensions: 1)
2025-01-30 18:21:22,502 INFO c.h.h.t.HelmChartContainer - [hivemq-test-hivemq-platform] [hivemq-platform-operator] [f09a1850] 18:21:22.501 [ReconcilerExecutor-hivemq-controller-115] WARN  c.h.p.o.h.HiveMQPlatformReconcilerErrorHandler - [helmwebs] Could not find ConfigMap 'hivemq-configuration-test-hivemq-platform' for HiveMQ Platform configuration
2025-01-30 18:21:22,600 INFO c.h.h.t.HelmChartContainer - [hivemq-test-hivemq-platform] [hivemq-platform-operator] [f09a1850] 18:21:22.599 [ReconcilerExecutor-hivemq-controller-115] DEBUG c.h.p.operator.event.EventSender - [helmwebs] Creating K8s event hivemq-platform-invalid-configuration: [Start] Could not find ConfigMap 'hivemq-configuration-test-hivemq-platform' for HiveMQ Platform configuration
2025-01-30 18:21:22,604 INFO c.h.h.t.HelmChartContainer - [EVENT] Warning [Start] Could not find ConfigMap 'hivemq-configuration-test-hivemq-platform' for HiveMQ Platform configuration [helmwebsocketsit:test-hivemq-platform]
2025-01-30 18:21:22,605 INFO c.h.h.t.HelmChartContainer - [hivemq-test-hivemq-platform] [hivemq-platform-operator] [f09a1850] 18:21:22.604 [ReconcilerExecutor-hivemq-controller-115] INFO  c.h.p.o.h.AbstractHiveMQReconcilerStateHandler - [helmwebs] Update HiveMQ Platform Status (RUNNING [READY] -> ERROR [INVALID_CONFIG_MAP]): Could not find ConfigMap 'hivemq-configuration-test-hivemq-platform' for HiveMQ Platform configuration (reconciliation requests: ROLLING_RESTART)
2025-01-30 18:21:22,614 INFO c.h.h.t.HelmChartContainer - [hivemq-test-hivemq-platform] [hivemq-platform-operator] [f09a1850] 18:21:22.612 [ReconcilerExecutor-hivemq-controller-115] ERROR i.j.o.p.event.EventProcessor - Error during event processing ExecutionScope{ resource id: ResourceID{name='test-hivemq-platform', namespace='helmwebsocketsit'}, version: 1664}
2025-01-30 18:21:22,614 INFO c.h.h.t.HelmChartContainer - [hivemq-test-hivemq-platform] [hivemq-platform-operator] [f09a1850] io.fabric8.kubernetes.client.KubernetesClientException: Failure executing: PUT at: https://10.43.0.1:443/apis/hivemq.com/v1/namespaces/helmwebsocketsit/hivemq-platforms/test-hivemq-platform/status. Message: Operation cannot be fulfilled on hivemq-platforms.hivemq.com "test-hivemq-platform": the object has been modified; please apply your changes to the latest version and try again. Received status: Status(apiVersion=v1, code=409, details=StatusDetails(causes=[], group=hivemq.com, kind=hivemq-platforms, name=test-hivemq-platform, retryAfterSeconds=null, uid=null, additionalProperties={}), kind=Status, message=Operation cannot be fulfilled on hivemq-platforms.hivemq.com "test-hivemq-platform": the object has been modified; please apply your changes to the latest version and try again, metadata=ListMeta(_continue=null, remainingItemCount=null, resourceVersion=null, selfLink=null, additionalProperties={}), reason=Conflict, status=Failure, additionalProperties={}).
2025-01-30 18:21:22,614 INFO c.h.h.t.HelmChartContainer - [hivemq-test-hivemq-platform] [hivemq-platform-operator] [f09a1850] 	at io.fabric8.kubernetes.client.KubernetesClientException.copyAsCause(KubernetesClientException.java:238)
2025-01-30 18:21:22,614 INFO c.h.h.t.HelmChartContainer - [hivemq-test-hivemq-platform] [hivemq-platform-operator] [f09a1850] 	at io.fabric8.kubernetes.client.dsl.internal.OperationSupport.waitForResult(OperationSupport.java:507)
2025-01-30 18:21:22,614 INFO c.h.h.t.HelmChartContainer - [hivemq-test-hivemq-platform] [hivemq-platform-operator] [f09a1850] 	at io.fabric8.kubernetes.client.dsl.internal.OperationSupport.handleResponse(OperationSupport.java:524)
2025-01-30 18:21:22,615 INFO c.h.h.t.HelmChartContainer - [hivemq-test-hivemq-platform] [hivemq-platform-operator] [f09a1850] 	at io.fabric8.kubernetes.client.dsl.internal.OperationSupport.handleUpdate(OperationSupport.java:358)
2025-01-30 18:21:22,615 INFO c.h.h.t.HelmChartContainer - [hivemq-test-hivemq-platform] [hivemq-platform-operator] [f09a1850] 	at io.fabric8.kubernetes.client.dsl.internal.BaseOperation.handleUpdate(BaseOperation.java:759)
2025-01-30 18:21:22,615 INFO c.h.h.t.HelmChartContainer - [hivemq-test-hivemq-platform] [hivemq-platform-operator] [f09a1850] 	at io.fabric8.kubernetes.client.dsl.internal.HasMetadataOperation.update(HasMetadataOperation.java:138)
2025-01-30 18:21:22,615 INFO c.h.h.t.HelmChartContainer - [hivemq-test-hivemq-platform] [hivemq-platform-operator] [f09a1850] 	at io.fabric8.kubernetes.client.dsl.internal.HasMetadataOperation.update(HasMetadataOperation.java:121)
2025-01-30 18:21:22,615 INFO c.h.h.t.HelmChartContainer - [hivemq-test-hivemq-platform] [hivemq-platform-operator] [f09a1850] 	at io.fabric8.kubernetes.client.dsl.internal.HasMetadataOperation.updateStatus(HasMetadataOperation.java:126)
2025-01-30 18:21:22,615 INFO c.h.h.t.HelmChartContainer - [hivemq-test-hivemq-platform] [hivemq-platform-operator] [f09a1850] 	at io.fabric8.kubernetes.client.dsl.internal.HasMetadataOperation.updateStatus(HasMetadataOperation.java:44)
2025-01-30 18:21:22,615 INFO c.h.h.t.HelmChartContainer - [hivemq-test-hivemq-platform] [hivemq-platform-operator] [f09a1850] 	at io.javaoperatorsdk.operator.processing.event.ReconciliationDispatcher$CustomResourceFacade.updateStatus(ReconciliationDispatcher.java:408)
2025-01-30 18:21:22,615 INFO c.h.h.t.HelmChartContainer - [hivemq-test-hivemq-platform] [hivemq-platform-operator] [f09a1850] 	at io.javaoperatorsdk.operator.processing.event.ReconciliationDispatcher.updateStatusGenerationAware(ReconciliationDispatcher.java:228)
2025-01-30 18:21:22,615 INFO c.h.h.t.HelmChartContainer - [hivemq-test-hivemq-platform] [hivemq-platform-operator] [f09a1850] 	at io.javaoperatorsdk.operator.processing.event.ReconciliationDispatcher.reconcileExecution(ReconciliationDispatcher.java:150)
2025-01-30 18:21:22,615 INFO c.h.h.t.HelmChartContainer - [hivemq-test-hivemq-platform] [hivemq-platform-operator] [f09a1850] 	at io.javaoperatorsdk.operator.processing.event.ReconciliationDispatcher.handleReconcile(ReconciliationDispatcher.java:117)
2025-01-30 18:21:22,615 INFO c.h.h.t.HelmChartContainer - [hivemq-test-hivemq-platform] [hivemq-platform-operator] [f09a1850] 	at io.javaoperatorsdk.operator.processing.event.ReconciliationDispatcher.handleDispatch(ReconciliationDispatcher.java:91)
2025-01-30 18:21:22,615 INFO c.h.h.t.HelmChartContainer - [hivemq-test-hivemq-platform] [hivemq-platform-operator] [f09a1850] 	at io.javaoperatorsdk.operator.processing.event.ReconciliationDispatcher.handleExecution(ReconciliationDispatcher.java:64)
2025-01-30 18:21:22,615 INFO c.h.h.t.HelmChartContainer - [hivemq-test-hivemq-platform] [hivemq-platform-operator] [f09a1850] 	at io.javaoperatorsdk.operator.processing.event.EventProcessor$ReconcilerExecutor.run(EventProcessor.java:452)
2025-01-30 18:21:22,615 INFO c.h.h.t.HelmChartContainer - [hivemq-test-hivemq-platform] [hivemq-platform-operator] [f09a1850] 	at java.base/java.util.concurrent.ThreadPoolExecutor.runWorker(Unknown Source)
2025-01-30 18:21:22,615 INFO c.h.h.t.HelmChartContainer - [hivemq-test-hivemq-platform] [hivemq-platform-operator] [f09a1850] 	at java.base/java.util.concurrent.ThreadPoolExecutor$Worker.run(Unknown Source)
2025-01-30 18:21:22,615 INFO c.h.h.t.HelmChartContainer - [hivemq-test-hivemq-platform] [hivemq-platform-operator] [f09a1850] 	at java.base/java.lang.Thread.run(Unknown Source)
2025-01-30 18:21:22,615 INFO c.h.h.t.HelmChartContainer - [hivemq-test-hivemq-platform] [hivemq-platform-operator] [f09a1850] Caused by: io.fabric8.kubernetes.client.KubernetesClientException: Failure executing: PUT at: https://10.43.0.1:443/apis/hivemq.com/v1/namespaces/helmwebsocketsit/hivemq-platforms/test-hivemq-platform/status. Message: Operation cannot be fulfilled on hivemq-platforms.hivemq.com "test-hivemq-platform": the object has been modified; please apply your changes to the latest version and try again. Received status: Status(apiVersion=v1, code=409, details=StatusDetails(causes=[], group=hivemq.com, kind=hivemq-platforms, name=test-hivemq-platform, retryAfterSeconds=null, uid=null, additionalProperties={}), kind=Status, message=Operation cannot be fulfilled on hivemq-platforms.hivemq.com "test-hivemq-platform": the object has been modified; please apply your changes to the latest version and try again, metadata=ListMeta(_continue=null, remainingItemCount=null, resourceVersion=null, selfLink=null, additionalProperties={}), reason=Conflict, status=Failure, additionalProperties={}).
2025-01-30 18:21:22,615 INFO c.h.h.t.HelmChartContainer - [hivemq-test-hivemq-platform] [hivemq-platform-operator] [f09a1850] 	at io.fabric8.kubernetes.client.dsl.internal.OperationSupport.requestFailure(OperationSupport.java:660)
2025-01-30 18:21:22,615 INFO c.h.h.t.HelmChartContainer - [hivemq-test-hivemq-platform] [hivemq-platform-operator] [f09a1850] 	at io.fabric8.kubernetes.client.dsl.internal.OperationSupport.requestFailure(OperationSupport.java:640)
2025-01-30 18:21:22,615 INFO c.h.h.t.HelmChartContainer - [hivemq-test-hivemq-platform] [hivemq-platform-operator] [f09a1850] 	at io.fabric8.kubernetes.client.dsl.internal.OperationSupport.assertResponseCode(OperationSupport.java:589)
2025-01-30 18:21:22,615 INFO c.h.h.t.HelmChartContainer - [hivemq-test-hivemq-platform] [hivemq-platform-operator] [f09a1850] 	at io.fabric8.kubernetes.client.dsl.internal.OperationSupport.lambda$handleResponse$0(OperationSupport.java:549)
2025-01-30 18:21:22,615 INFO c.h.h.t.HelmChartContainer - [hivemq-test-hivemq-platform] [hivemq-platform-operator] [f09a1850] 	at java.base/java.util.concurrent.CompletableFuture$UniApply.tryFire(Unknown Source)
2025-01-30 18:21:22,615 INFO c.h.h.t.HelmChartContainer - [hivemq-test-hivemq-platform] [hivemq-platform-operator] [f09a1850] 	at java.base/java.util.concurrent.CompletableFuture.postComplete(Unknown Source)
2025-01-30 18:21:22,615 INFO c.h.h.t.HelmChartContainer - [hivemq-test-hivemq-platform] [hivemq-platform-operator] [f09a1850] 	at java.base/java.util.concurrent.CompletableFuture.complete(Unknown Source)
2025-01-30 18:21:22,615 INFO c.h.h.t.HelmChartContainer - [hivemq-test-hivemq-platform] [hivemq-platform-operator] [f09a1850] 	at io.fabric8.kubernetes.client.http.StandardHttpClient.lambda$completeOrCancel$10(StandardHttpClient.java:141)
2025-01-30 18:21:22,615 INFO c.h.h.t.HelmChartContainer - [hivemq-test-hivemq-platform] [hivemq-platform-operator] [f09a1850] 	at java.base/java.util.concurrent.CompletableFuture.uniWhenComplete(Unknown Source)
2025-01-30 18:21:22,615 INFO c.h.h.t.HelmChartContainer - [hivemq-test-hivemq-platform] [hivemq-platform-operator] [f09a1850] 	at java.base/java.util.concurrent.CompletableFuture$UniWhenComplete.tryFire(Unknown Source)
2025-01-30 18:21:22,616 INFO c.h.h.t.HelmChartContainer - [hivemq-test-hivemq-platform] [hivemq-platform-operator] [f09a1850] 	at java.base/java.util.concurrent.CompletableFuture.postComplete(Unknown Source)
2025-01-30 18:21:22,616 INFO c.h.h.t.HelmChartContainer - [hivemq-test-hivemq-platform] [hivemq-platform-operator] [f09a1850] 	at java.base/java.util.concurrent.CompletableFuture.complete(Unknown Source)
2025-01-30 18:21:22,616 INFO c.h.h.t.HelmChartContainer - [hivemq-test-hivemq-platform] [hivemq-platform-operator] [f09a1850] 	at io.fabric8.kubernetes.client.http.ByteArrayBodyHandler.onBodyDone(ByteArrayBodyHandler.java:51)
2025-01-30 18:21:22,616 INFO c.h.h.t.HelmChartContainer - [hivemq-test-hivemq-platform] [hivemq-platform-operator] [f09a1850] 	at java.base/java.util.concurrent.CompletableFuture.uniWhenComplete(Unknown Source)
2025-01-30 18:21:22,616 INFO c.h.h.t.HelmChartContainer - [hivemq-test-hivemq-platform] [hivemq-platform-operator] [f09a1850] 	at java.base/java.util.concurrent.CompletableFuture$UniWhenComplete.tryFire(Unknown Source)
2025-01-30 18:21:22,616 INFO c.h.h.t.HelmChartContainer - [hivemq-test-hivemq-platform] [hivemq-platform-operator] [f09a1850] 	at java.base/java.util.concurrent.CompletableFuture.postComplete(Unknown Source)
2025-01-30 18:21:22,616 INFO c.h.h.t.HelmChartContainer - [hivemq-test-hivemq-platform] [hivemq-platform-operator] [f09a1850] 	at java.base/java.util.concurrent.CompletableFuture.complete(Unknown Source)
2025-01-30 18:21:22,616 INFO c.h.h.t.HelmChartContainer - [hivemq-test-hivemq-platform] [hivemq-platform-operator] [f09a1850] 	at io.fabric8.kubernetes.client.vertx.VertxHttpRequest.lambda$null$1(VertxHttpRequest.java:121)
2025-01-30 18:21:22,616 INFO c.h.h.t.HelmChartContainer - [hivemq-test-hivemq-platform] [hivemq-platform-operator] [f09a1850] 	at io.vertx.core.impl.ContextInternal.dispatch(ContextInternal.java:279)
2025-01-30 18:21:22,616 INFO c.h.h.t.HelmChartContainer - [hivemq-test-hivemq-platform] [hivemq-platform-operator] [f09a1850] 	at io.vertx.core.impl.ContextInternal.dispatch(ContextInternal.java:261)
2025-01-30 18:21:22,616 INFO c.h.h.t.HelmChartContainer - [hivemq-test-hivemq-platform] [hivemq-platform-operator] [f09a1850] 	at io.vertx.core.http.impl.HttpEventHandler.handleEnd(HttpEventHandler.java:76)
2025-01-30 18:21:22,616 INFO c.h.h.t.HelmChartContainer - [hivemq-test-hivemq-platform] [hivemq-platform-operator] [f09a1850] 	at io.vertx.core.http.impl.HttpClientResponseImpl.handleEnd(HttpClientResponseImpl.java:250)
2025-01-30 18:21:22,616 INFO c.h.h.t.HelmChartContainer - [hivemq-test-hivemq-platform] [hivemq-platform-operator] [f09a1850] 	at io.vertx.core.http.impl.Http1xClientConnection$StreamImpl.lambda$new$0(Http1xClientConnection.java:421)
2025-01-30 18:21:22,616 INFO c.h.h.t.HelmChartContainer - [hivemq-test-hivemq-platform] [hivemq-platform-operator] [f09a1850] 	at io.vertx.core.streams.impl.InboundBuffer.handleEvent(InboundBuffer.java:279)
2025-01-30 18:21:22,616 INFO c.h.h.t.HelmChartContainer - [hivemq-test-hivemq-platform] [hivemq-platform-operator] [f09a1850] 	at io.vertx.core.streams.impl.InboundBuffer.write(InboundBuffer.java:157)
2025-01-30 18:21:22,616 INFO c.h.h.t.HelmChartContainer - [hivemq-test-hivemq-platform] [hivemq-platform-operator] [f09a1850] 	at io.vertx.core.http.impl.Http1xClientConnection$StreamImpl.handleEnd(Http1xClientConnection.java:709)
2025-01-30 18:21:22,616 INFO c.h.h.t.HelmChartContainer - [hivemq-test-hivemq-platform] [hivemq-platform-operator] [f09a1850] 	at io.vertx.core.impl.ContextImpl.execute(ContextImpl.java:313)
2025-01-30 18:21:22,616 INFO c.h.h.t.HelmChartContainer - [hivemq-test-hivemq-platform] [hivemq-platform-operator] [f09a1850] 	at io.vertx.core.impl.ContextImpl.execute(ContextImpl.java:293)
2025-01-30 18:21:22,616 INFO c.h.h.t.HelmChartContainer - [hivemq-test-hivemq-platform] [hivemq-platform-operator] [f09a1850] 	at io.vertx.core.http.impl.Http1xClientConnection.handleResponseEnd(Http1xClientConnection.java:940)
2025-01-30 18:21:22,616 INFO c.h.h.t.HelmChartContainer - [hivemq-test-hivemq-platform] [hivemq-platform-operator] [f09a1850] 	at io.vertx.core.http.impl.Http1xClientConnection.handleHttpMessage(Http1xClientConnection.java:810)
2025-01-30 18:21:22,616 INFO c.h.h.t.HelmChartContainer - [hivemq-test-hivemq-platform] [hivemq-platform-operator] [f09a1850] 	at io.vertx.core.http.impl.Http1xClientConnection.handleMessage(Http1xClientConnection.java:774)
2025-01-30 18:21:22,616 INFO c.h.h.t.HelmChartContainer - [hivemq-test-hivemq-platform] [hivemq-platform-operator] [f09a1850] 	at io.vertx.core.net.impl.ConnectionBase.read(ConnectionBase.java:159)
2025-01-30 18:21:22,616 INFO c.h.h.t.HelmChartContainer - [hivemq-test-hivemq-platform] [hivemq-platform-operator] [f09a1850] 	at io.vertx.core.net.impl.VertxHandler.channelRead(VertxHandler.java:153)
2025-01-30 18:21:22,616 INFO c.h.h.t.HelmChartContainer - [hivemq-test-hivemq-platform] [hivemq-platform-operator] [f09a1850] 	at io.netty.channel.AbstractChannelHandlerContext.invokeChannelRead(AbstractChannelHandlerContext.java:442)
2025-01-30 18:21:22,616 INFO c.h.h.t.HelmChartContainer - [hivemq-test-hivemq-platform] [hivemq-platform-operator] [f09a1850] 	at io.netty.channel.AbstractChannelHandlerContext.invokeChannelRead(AbstractChannelHandlerContext.java:420)
2025-01-30 18:21:22,616 INFO c.h.h.t.HelmChartContainer - [hivemq-test-hivemq-platform] [hivemq-platform-operator] [f09a1850] 	at io.netty.channel.AbstractChannelHandlerContext.fireChannelRead(AbstractChannelHandlerContext.java:412)
2025-01-30 18:21:22,616 INFO c.h.h.t.HelmChartContainer - [hivemq-test-hivemq-platform] [hivemq-platform-operator] [f09a1850] 	at io.netty.channel.CombinedChannelDuplexHandler$DelegatingChannelHandlerContext.fireChannelRead(CombinedChannelDuplexHandler.java:436)
2025-01-30 18:21:22,616 INFO c.h.h.t.HelmChartContainer - [hivemq-test-hivemq-platform] [hivemq-platform-operator] [f09a1850] 	at io.netty.handler.codec.ByteToMessageDecoder.fireChannelRead(ByteToMessageDecoder.java:346)
2025-01-30 18:21:22,616 INFO c.h.h.t.HelmChartContainer - [hivemq-test-hivemq-platform] [hivemq-platform-operator] [f09a1850] 	at io.netty.handler.codec.ByteToMessageDecoder.channelRead(ByteToMessageDecoder.java:318)
2025-01-30 18:21:22,616 INFO c.h.h.t.HelmChartContainer - [hivemq-test-hivemq-platform] [hivemq-platform-operator] [f09a1850] 	at io.netty.channel.CombinedChannelDuplexHandler.channelRead(CombinedChannelDuplexHandler.java:251)
2025-01-30 18:21:22,617 INFO c.h.h.t.HelmChartContainer - [hivemq-test-hivemq-platform] [hivemq-platform-operator] [f09a1850] 	at io.netty.channel.AbstractChannelHandlerContext.invokeChannelRead(AbstractChannelHandlerContext.java:442)
2025-01-30 18:21:22,617 INFO c.h.h.t.HelmChartContainer - [hivemq-test-hivemq-platform] [hivemq-platform-operator] [f09a1850] 	at io.netty.channel.AbstractChannelHandlerContext.invokeChannelRead(AbstractChannelHandlerContext.java:420)
2025-01-30 18:21:22,617 INFO c.h.h.t.HelmChartContainer - [hivemq-test-hivemq-platform] [hivemq-platform-operator] [f09a1850] 	at io.netty.channel.AbstractChannelHandlerContext.fireChannelRead(AbstractChannelHandlerContext.java:412)
2025-01-30 18:21:22,617 INFO c.h.h.t.HelmChartContainer - [hivemq-test-hivemq-platform] [hivemq-platform-operator] [f09a1850] 	at io.netty.handler.ssl.SslHandler.unwrap(SslHandler.java:1475)
2025-01-30 18:21:22,617 INFO c.h.h.t.HelmChartContainer - [hivemq-test-hivemq-platform] [hivemq-platform-operator] [f09a1850] 	at io.netty.handler.ssl.SslHandler.decodeJdkCompatible(SslHandler.java:1338)
2025-01-30 18:21:22,617 INFO c.h.h.t.HelmChartContainer - [hivemq-test-hivemq-platform] [hivemq-platform-operator] [f09a1850] 	at io.netty.handler.ssl.SslHandler.decode(SslHandler.java:1387)
2025-01-30 18:21:22,617 INFO c.h.h.t.HelmChartContainer - [hivemq-test-hivemq-platform] [hivemq-platform-operator] [f09a1850] 	at io.netty.handler.codec.ByteToMessageDecoder.decodeRemovalReentryProtection(ByteToMessageDecoder.java:530)
2025-01-30 18:21:22,617 INFO c.h.h.t.HelmChartContainer - [hivemq-test-hivemq-platform] [hivemq-platform-operator] [f09a1850] 	at io.netty.handler.codec.ByteToMessageDecoder.callDecode(ByteToMessageDecoder.java:469)
2025-01-30 18:21:22,617 INFO c.h.h.t.HelmChartContainer - [hivemq-test-hivemq-platform] [hivemq-platform-operator] [f09a1850] 	at io.netty.handler.codec.ByteToMessageDecoder.channelRead(ByteToMessageDecoder.java:290)
2025-01-30 18:21:22,617 INFO c.h.h.t.HelmChartContainer - [hivemq-test-hivemq-platform] [hivemq-platform-operator] [f09a1850] 	at io.netty.channel.AbstractChannelHandlerContext.invokeChannelRead(AbstractChannelHandlerContext.java:444)
2025-01-30 18:21:22,617 INFO c.h.h.t.HelmChartContainer - [hivemq-test-hivemq-platform] [hivemq-platform-operator] [f09a1850] 	at io.netty.channel.AbstractChannelHandlerContext.invokeChannelRead(AbstractChannelHandlerContext.java:420)
2025-01-30 18:21:22,617 INFO c.h.h.t.HelmChartContainer - [hivemq-test-hivemq-platform] [hivemq-platform-operator] [f09a1850] 	at io.netty.channel.AbstractChannelHandlerContext.fireChannelRead(AbstractChannelHandlerContext.java:412)
2025-01-30 18:21:22,617 INFO c.h.h.t.HelmChartContainer - [hivemq-test-hivemq-platform] [hivemq-platform-operator] [f09a1850] 	at io.netty.channel.DefaultChannelPipeline$HeadContext.channelRead(DefaultChannelPipeline.java:1407)
2025-01-30 18:21:22,617 INFO c.h.h.t.HelmChartContainer - [hivemq-test-hivemq-platform] [hivemq-platform-operator] [f09a1850] 	at io.netty.channel.AbstractChannelHandlerContext.invokeChannelRead(AbstractChannelHandlerContext.java:440)
2025-01-30 18:21:22,617 INFO c.h.h.t.HelmChartContainer - [hivemq-test-hivemq-platform] [hivemq-platform-operator] [f09a1850] 	at io.netty.channel.AbstractChannelHandlerContext.invokeChannelRead(AbstractChannelHandlerContext.java:420)
2025-01-30 18:21:22,617 INFO c.h.h.t.HelmChartContainer - [hivemq-test-hivemq-platform] [hivemq-platform-operator] [f09a1850] 	at io.netty.channel.DefaultChannelPipeline.fireChannelRead(DefaultChannelPipeline.java:918)
2025-01-30 18:21:22,617 INFO c.h.h.t.HelmChartContainer - [hivemq-test-hivemq-platform] [hivemq-platform-operator] [f09a1850] 	at io.netty.channel.nio.AbstractNioByteChannel$NioByteUnsafe.read(AbstractNioByteChannel.java:166)
2025-01-30 18:21:22,617 INFO c.h.h.t.HelmChartContainer - [hivemq-test-hivemq-platform] [hivemq-platform-operator] [f09a1850] 	at io.netty.channel.nio.NioEventLoop.processSelectedKey(NioEventLoop.java:788)
2025-01-30 18:21:22,617 INFO c.h.h.t.HelmChartContainer - [hivemq-test-hivemq-platform] [hivemq-platform-operator] [f09a1850] 	at io.netty.channel.nio.NioEventLoop.processSelectedKeysOptimized(NioEventLoop.java:724)
2025-01-30 18:21:22,617 INFO c.h.h.t.HelmChartContainer - [hivemq-test-hivemq-platform] [hivemq-platform-operator] [f09a1850] 	at io.netty.channel.nio.NioEventLoop.processSelectedKeys(NioEventLoop.java:650)
2025-01-30 18:21:22,617 INFO c.h.h.t.HelmChartContainer - [hivemq-test-hivemq-platform] [hivemq-platform-operator] [f09a1850] 	at io.netty.channel.nio.NioEventLoop.run(NioEventLoop.java:562)
2025-01-30 18:21:22,617 INFO c.h.h.t.HelmChartContainer - [hivemq-test-hivemq-platform] [hivemq-platform-operator] [f09a1850] 	at io.netty.util.concurrent.SingleThreadEventExecutor$4.run(SingleThreadEventExecutor.java:997)
2025-01-30 18:21:22,617 INFO c.h.h.t.HelmChartContainer - [hivemq-test-hivemq-platform] [hivemq-platform-operator] [f09a1850] 	at io.netty.util.internal.ThreadExecutorMap$2.run(ThreadExecutorMap.java:74)
2025-01-30 18:21:22,617 INFO c.h.h.t.HelmChartContainer - [hivemq-test-hivemq-platform] [hivemq-platform-operator] [f09a1850] 	at io.netty.util.concurrent.FastThreadLocalRunnable.run(FastThreadLocalRunnable.java:30)
2025-01-30 18:21:22,617 INFO c.h.h.t.HelmChartContainer - [hivemq-test-hivemq-platform] [hivemq-platform-operator] [f09a1850] 	... 1 common frames omitted
2025-01-30 18:21:22,693 INFO c.h.h.t.HelmChartContainer - [hivemq-test-hivemq-platform] [hivemq-platform-operator] [f09a1850] 18:21:22.690 [ReconcilerExecutor-hivemq-controller-120] INFO  c.h.p.o.HiveMQPlatformReconciler - [helmwebs] Cleanup test-hivemq-platform - helmwebsocketsit HiveMQ Platform is shut down
2025-01-30 18:21:23,320 INFO c.h.h.t.HelmChartContainer - [POD] test-hivemq-platform-0 [5a074f88-eaa8-43ee-b385-c4dfae3479a4] in helmwebsocketsit was MODIFIED
2025-01-30 18:21:23,326 INFO c.h.h.t.HelmChartContainer - [EVENT] Normal [Killing] Stopping container hivemq [helmwebsocketsit:test-hivemq-platform-0]
2025-01-30 18:21:23,327 INFO c.h.h.t.HelmChartContainer - Received Killing event for container hivemq in pod test-hivemq-platform-0 [5a074f88-eaa8-43ee-b385-c4dfae3479a4]
2025-01-30 18:21:23,327 INFO c.h.h.t.HelmChartContainer - Container [test-hivemq-platform-0] [hivemq] [5a074f88-eaa8-43ee-b385-c4dfae3479a4] was terminated
2025-01-30 18:21:23,327 INFO c.h.h.t.HelmChartContainer - Stopped log watcher for hivemq in pod test-hivemq-platform-0 [5a074f88-eaa8-43ee-b385-c4dfae3479a4]
2025-01-30 18:21:23,331 INFO c.h.h.t.HelmChartContainer - [test-hivemq-platform] [hivemq] [5a074f88] INFO  - [HiveMQ Platform Operator Init App 1.7.0-SNAPSHOT] Shutting down
2025-01-30 18:21:23,331 INFO c.h.h.t.HelmChartContainer - [test-hivemq-platform] [hivemq] [5a074f88] INFO  - [HiveMQ Platform Operator Init App 1.7.0-SNAPSHOT] Stopping the HiveMQ Platform
2025-01-30 18:21:23,404 INFO c.h.h.t.HelmChartContainer - [test-hivemq-platform] [hivemq] [5a074f88] INFO  - [HiveMQ Platform Operator Init App 1.7.0-SNAPSHOT] Returning shutdown Health API response 503 for readiness
2025-01-30 18:21:23,407 INFO c.h.h.t.HelmChartContainer - [EVENT] Warning [Unhealthy] Readiness probe failed: HTTP probe failed with statuscode: 503 [helmwebsocketsit:test-hivemq-platform-0]
2025-01-30 18:21:23,407 INFO c.h.h.t.HelmChartContainer - Received Unhealthy event for container hivemq in pod test-hivemq-platform-0 [5a074f88-eaa8-43ee-b385-c4dfae3479a4]
2025-01-30 18:21:23,484 INFO c.h.h.t.HelmChartContainer - [test-hivemq-platform] [hivemq] [5a074f88] INFO  - Shutting down HiveMQ. Please wait, this could take a while...
2025-01-30 18:21:23,490 INFO c.h.h.t.HelmChartContainer - [test-hivemq-platform] [hivemq] [5a074f88] INFO  - Shutting down listeners and clients
2025-01-30 18:21:23,491 INFO c.h.h.t.HelmChartContainer - [test-hivemq-platform] [hivemq] [5a074f88] INFO  - Shutdown of listeners is done
2025-01-30 18:21:23,491 INFO c.h.h.t.HelmChartContainer - [test-hivemq-platform] [hivemq] [5a074f88] INFO  - No clients are connected, proceeding with shutdown
2025-01-30 18:21:24,010 INFO c.h.h.t.HelmChartContainer - [test-hivemq-platform] [hivemq] [5a074f88] WARN  - [HiveMQ Platform Operator Init App 1.7.0-SNAPSHOT] Could not update Pod annotations: Failure executing: GET at: https://10.43.0.1:443/api/v1/namespaces/helmwebsocketsit/pods/test-hivemq-platform-0. Message: pods "test-hivemq-platform-0" is forbidden: User "system:serviceaccount:helmwebsocketsit:hivemq-platform-pod-test-hivemq-platform" cannot get resource "pods" in API group "" in the namespace "helmwebsocketsit". Received status: Status(apiVersion=v1, code=403, details=StatusDetails(causes=[], group=null, kind=pods, name=test-hivemq-platform-0, retryAfterSeconds=null, uid=null, additionalProperties={}), kind=Status, message=pods "test-hivemq-platform-0" is forbidden: User "system:serviceaccount:helmwebsocketsit:hivemq-platform-pod-test-hivemq-platform" cannot get resource "pods" in API group "" in the namespace "helmwebsocketsit", metadata=ListMeta(_continue=null, remainingItemCount=null, resourceVersion=null, selfLink=null, additionalProperties={}), reason=Forbidden, status=Failure, additionalProperties={}).
2025-01-30 18:21:24,393 INFO c.h.h.t.HelmChartContainer - Deleting namespace 'helmwebsocketsit'...
2025-01-30 18:21:26,591 INFO c.h.h.t.HelmChartContainer - [test-hivemq-platform] [hivemq] [5a074f88] INFO  - Shutting down extension system
2025-01-30 18:21:26,593 INFO c.h.h.t.HelmChartContainer - [test-hivemq-platform] [hivemq] [5a074f88] INFO  - Stopping extension with id hivemq-dns-cluster-discovery
2025-01-30 18:21:26,594 INFO c.h.h.t.HelmChartContainer - [test-hivemq-platform] [hivemq] [5a074f88] INFO  - Extension "DNS Cluster Discovery Extension" version 4.3.2 stopped successfully.
2025-01-30 18:21:26,594 INFO c.h.h.t.HelmChartContainer - [test-hivemq-platform] [hivemq] [5a074f88] INFO  - Stopping extension with id hivemq-prometheus-extension
2025-01-30 18:21:26,598 INFO c.h.h.t.HelmChartContainer - [test-hivemq-platform] [hivemq] [5a074f88] INFO  - Extension "Prometheus Monitoring Extension" version 4.0.12 stopped successfully.
2025-01-30 18:21:26,598 INFO c.h.h.t.HelmChartContainer - [test-hivemq-platform] [hivemq] [5a074f88] INFO  - Stopping extension with id hivemq-allow-all-extension
2025-01-30 18:21:26,598 INFO c.h.h.t.HelmChartContainer - [test-hivemq-platform] [hivemq] [5a074f88] INFO  - Extension "Allow All Extension" version 1.1.1 stopped successfully.
2025-01-30 18:21:28,407 INFO c.h.h.t.HelmChartContainer - [EVENT] Warning [Unhealthy] Readiness probe failed: HTTP probe failed with statuscode: 503 [helmwebsocketsit:test-hivemq-platform-0]
2025-01-30 18:21:28,407 INFO c.h.h.t.HelmChartContainer - Received Unhealthy event for container hivemq in pod test-hivemq-platform-0 [5a074f88-eaa8-43ee-b385-c4dfae3479a4]
2025-01-30 18:21:28,802 INFO c.h.h.t.HelmChartContainer - [test-hivemq-platform] [hivemq] [5a074f88] INFO  - Shutdown completed.
2025-01-30 18:21:29,014 INFO c.h.h.t.HelmChartContainer - [K3S] [authentication.go:74] "Unable to authenticate the request" err="[invalid bearer token, serviceaccounts \"hivemq-platform-pod-test-hivemq-platform\" not found]"
2025-01-30 18:21:29,031 INFO c.h.h.t.HelmChartContainer - [K3S] [authentication.go:74] "Unable to authenticate the request" err="[invalid bearer token, serviceaccounts \"hivemq-platform-pod-test-hivemq-platform\" not found]"
2025-01-30 18:21:29,033 INFO c.h.h.t.HelmChartContainer - [test-hivemq-platform] [hivemq] [5a074f88] WARN  - [HiveMQ Platform Operator Init App 1.7.0-SNAPSHOT] Could not update Pod annotations: Failure executing: GET at: https://10.43.0.1:443/api/v1/namespaces/helmwebsocketsit/pods/test-hivemq-platform-0. Message: Unauthorized. Received status: Status(apiVersion=v1, code=401, details=null, kind=Status, message=Unauthorized, metadata=ListMeta(_continue=null, remainingItemCount=null, resourceVersion=null, selfLink=null, additionalProperties={}), reason=Unauthorized, status=Failure, additionalProperties={}).
2025-01-30 18:21:29,201 INFO c.h.h.t.HelmChartContainer - [test-hivemq-platform] [hivemq] [5a074f88] INFO  - [HiveMQ Platform Operator Init App 1.7.0-SNAPSHOT] The HiveMQ Platform exited with code 143
2025-01-30 18:21:29,201 INFO c.h.h.t.HelmChartContainer - [test-hivemq-platform] [hivemq] [5a074f88] INFO  - [HiveMQ Platform Operator Init App 1.7.0-SNAPSHOT] Stopping the REST API
2025-01-30 18:21:29,208 INFO c.h.h.t.HelmChartContainer - [test-hivemq-platform] [hivemq] [5a074f88] INFO  - [HiveMQ Platform Operator Init App 1.7.0-SNAPSHOT] Shutdown complete
2025-01-30 18:21:29,461 INFO c.h.h.t.HelmChartContainer - [K3S] [stateful_set.go:466] "StatefulSet has been deleted" key="helmwebsocketsit/test-hivemq-platform"
2025-01-30 18:21:29,652 INFO c.h.h.t.HelmChartContainer - [POD] test-hivemq-platform-0 [5a074f88-eaa8-43ee-b385-c4dfae3479a4] in helmwebsocketsit was MODIFIED
2025-01-30 18:21:29,776 INFO c.h.h.t.HelmChartContainer - [K3S] [reconciler_common.go:162] "operationExecutor.UnmountVolume started for volume \"kube-api-access-rdvq2\" (UniqueName: \"kubernetes.io/projected/5a074f88-eaa8-43ee-b385-c4dfae3479a4-kube-api-access-rdvq2\") pod \"5a074f88-eaa8-43ee-b385-c4dfae3479a4\" (UID: \"5a074f88-eaa8-43ee-b385-c4dfae3479a4\") "
2025-01-30 18:21:29,776 INFO c.h.h.t.HelmChartContainer - [K3S] [reconciler_common.go:162] "operationExecutor.UnmountVolume started for volume \"ws-keystore-8004\" (UniqueName: \"kubernetes.io/secret/5a074f88-eaa8-43ee-b385-c4dfae3479a4-ws-keystore-8004\") pod \"5a074f88-eaa8-43ee-b385-c4dfae3479a4\" (UID: \"5a074f88-eaa8-43ee-b385-c4dfae3479a4\") "
2025-01-30 18:21:29,776 INFO c.h.h.t.HelmChartContainer - [K3S] [reconciler_common.go:162] "operationExecutor.UnmountVolume started for volume \"ws-truststore-8004\" (UniqueName: \"kubernetes.io/secret/5a074f88-eaa8-43ee-b385-c4dfae3479a4-ws-truststore-8004\") pod \"5a074f88-eaa8-43ee-b385-c4dfae3479a4\" (UID: \"5a074f88-eaa8-43ee-b385-c4dfae3479a4\") "
2025-01-30 18:21:29,776 INFO c.h.h.t.HelmChartContainer - [K3S] [reconciler_common.go:162] "operationExecutor.UnmountVolume started for volume \"broker-configuration\" (UniqueName: \"kubernetes.io/configmap/5a074f88-eaa8-43ee-b385-c4dfae3479a4-broker-configuration\") pod \"5a074f88-eaa8-43ee-b385-c4dfae3479a4\" (UID: \"5a074f88-eaa8-43ee-b385-c4dfae3479a4\") "
2025-01-30 18:21:29,776 INFO c.h.h.t.HelmChartContainer - [K3S] [reconciler_common.go:162] "operationExecutor.UnmountVolume started for volume \"ws-truststore-8003\" (UniqueName: \"kubernetes.io/secret/5a074f88-eaa8-43ee-b385-c4dfae3479a4-ws-truststore-8003\") pod \"5a074f88-eaa8-43ee-b385-c4dfae3479a4\" (UID: \"5a074f88-eaa8-43ee-b385-c4dfae3479a4\") "
2025-01-30 18:21:29,776 INFO c.h.h.t.HelmChartContainer - [K3S] [reconciler_common.go:162] "operationExecutor.UnmountVolume started for volume \"ws-keystore-8003\" (UniqueName: \"kubernetes.io/secret/5a074f88-eaa8-43ee-b385-c4dfae3479a4-ws-keystore-8003\") pod \"5a074f88-eaa8-43ee-b385-c4dfae3479a4\" (UID: \"5a074f88-eaa8-43ee-b385-c4dfae3479a4\") "
2025-01-30 18:21:29,776 INFO c.h.h.t.HelmChartContainer - [K3S] [reconciler_common.go:162] "operationExecutor.UnmountVolume started for volume \"pod-info\" (UniqueName: \"kubernetes.io/configmap/5a074f88-eaa8-43ee-b385-c4dfae3479a4-pod-info\") pod \"5a074f88-eaa8-43ee-b385-c4dfae3479a4\" (UID: \"5a074f88-eaa8-43ee-b385-c4dfae3479a4\") "
2025-01-30 18:21:29,776 INFO c.h.h.t.HelmChartContainer - [K3S] [reconciler_common.go:162] "operationExecutor.UnmountVolume started for volume \"operator-init\" (UniqueName: \"kubernetes.io/empty-dir/5a074f88-eaa8-43ee-b385-c4dfae3479a4-operator-init\") pod \"5a074f88-eaa8-43ee-b385-c4dfae3479a4\" (UID: \"5a074f88-eaa8-43ee-b385-c4dfae3479a4\") "
2025-01-30 18:21:29,876 INFO c.h.h.t.HelmChartContainer - [K3S] [reconciler_common.go:299] "Volume detached for volume \"pod-info\" (UniqueName: \"kubernetes.io/configmap/5a074f88-eaa8-43ee-b385-c4dfae3479a4-pod-info\") on node \"59e0c862e0de\" DevicePath \"\""
2025-01-30 18:21:29,876 INFO c.h.h.t.HelmChartContainer - [K3S] [reconciler_common.go:299] "Volume detached for volume \"operator-init\" (UniqueName: \"kubernetes.io/empty-dir/5a074f88-eaa8-43ee-b385-c4dfae3479a4-operator-init\") on node \"59e0c862e0de\" DevicePath \"\""
2025-01-30 18:21:29,876 INFO c.h.h.t.HelmChartContainer - [K3S] [reconciler_common.go:299] "Volume detached for volume \"ws-keystore-8004\" (UniqueName: \"kubernetes.io/secret/5a074f88-eaa8-43ee-b385-c4dfae3479a4-ws-keystore-8004\") on node \"59e0c862e0de\" DevicePath \"\""
2025-01-30 18:21:29,876 INFO c.h.h.t.HelmChartContainer - [K3S] [reconciler_common.go:299] "Volume detached for volume \"kube-api-access-rdvq2\" (UniqueName: \"kubernetes.io/projected/5a074f88-eaa8-43ee-b385-c4dfae3479a4-kube-api-access-rdvq2\") on node \"59e0c862e0de\" DevicePath \"\""
2025-01-30 18:21:29,876 INFO c.h.h.t.HelmChartContainer - [K3S] [reconciler_common.go:299] "Volume detached for volume \"ws-truststore-8004\" (UniqueName: \"kubernetes.io/secret/5a074f88-eaa8-43ee-b385-c4dfae3479a4-ws-truststore-8004\") on node \"59e0c862e0de\" DevicePath \"\""
2025-01-30 18:21:29,876 INFO c.h.h.t.HelmChartContainer - [K3S] [reconciler_common.go:299] "Volume detached for volume \"broker-configuration\" (UniqueName: \"kubernetes.io/configmap/5a074f88-eaa8-43ee-b385-c4dfae3479a4-broker-configuration\") on node \"59e0c862e0de\" DevicePath \"\""
2025-01-30 18:21:29,876 INFO c.h.h.t.HelmChartContainer - [K3S] [reconciler_common.go:299] "Volume detached for volume \"ws-keystore-8003\" (UniqueName: \"kubernetes.io/secret/5a074f88-eaa8-43ee-b385-c4dfae3479a4-ws-keystore-8003\") on node \"59e0c862e0de\" DevicePath \"\""
2025-01-30 18:21:29,876 INFO c.h.h.t.HelmChartContainer - [K3S] [reconciler_common.go:299] "Volume detached for volume \"ws-truststore-8003\" (UniqueName: \"kubernetes.io/secret/5a074f88-eaa8-43ee-b385-c4dfae3479a4-ws-truststore-8003\") on node \"59e0c862e0de\" DevicePath \"\""
2025-01-30 18:21:30,024 INFO c.h.h.t.HelmChartContainer - [K3S] [scope.go:117] "RemoveContainer" containerID="12438a21649ebbc8aea08da46e1eeb2ec1d2b0e55f89d4bce727642871c72cf7"
2025-01-30 18:21:30,043 INFO c.h.h.t.HelmChartContainer - [POD] test-hivemq-platform-0 [5a074f88-eaa8-43ee-b385-c4dfae3479a4] in helmwebsocketsit was MODIFIED
2025-01-30 18:21:30,046 INFO c.h.h.t.HelmChartContainer - [POD] test-hivemq-platform-0 [5a074f88-eaa8-43ee-b385-c4dfae3479a4] in helmwebsocketsit was DELETED
2025-01-30 18:21:30,133 INFO c.h.h.t.HelmChartContainer - [K3S] [scope.go:117] "RemoveContainer" containerID="d3ca63b7ad62d94df2e270f10f115fca9a630a6f558546cc749445fa13177296"
2025-01-30 18:21:30,137 INFO c.h.h.t.HelmChartContainer - [K3S] [scope.go:117] "RemoveContainer" containerID="12438a21649ebbc8aea08da46e1eeb2ec1d2b0e55f89d4bce727642871c72cf7"
2025-01-30 18:21:30,137 INFO c.h.h.t.HelmChartContainer - [K3S] [scope.go:117] "RemoveContainer" containerID="d3ca63b7ad62d94df2e270f10f115fca9a630a6f558546cc749445fa13177296"
2025-01-30 18:21:31,250 INFO c.h.h.t.HelmChartContainer - [K3S] [kubelet_volumes.go:163] "Cleaned up orphaned pod volumes dir" podUID="5a074f88-eaa8-43ee-b385-c4dfae3479a4" path="/var/lib/kubelet/pods/5a074f88-eaa8-43ee-b385-c4dfae3479a4/volumes"
2025-01-30 18:21:34,718 INFO c.h.h.t.HelmChartContainer - Namespace 'helmwebsocketsit' deleted
2025-01-30 18:21:34,718 INFO c.h.h.t.HelmChartContainer - Release 'test-hivemq-platform' in namespace 'helmwebsocketsit' is uninstalled
2025-01-30 18:21:34,718 INFO c.h.h.t.HelmChartContainer - Uninstalling release 'test-hivemq-platform-operator' in namespace 'helmwebsocketsit-operator'...
2025-01-30 18:21:34,718 DEBUG c.h.h.t.HelmChartContainer - Executing helm command: /bin/helm --kubeconfig /etc/rancher/k3s/k3s.yaml uninstall test-hivemq-platform-operator  --wait --timeout 5m0s --cascade foreground --namespace helmwebsocketsit-operator
2025-01-30 18:21:34,873 INFO c.h.h.t.HelmChartContainer - [K3S] [replica_set.go:679] "Finished syncing" kind="ReplicaSet" key="helmwebsocketsit-operator/hivemq-test-hivemq-platform-operator-6966f96d65" duration="9.472217ms"
2025-01-30 18:21:34,874 INFO c.h.h.t.HelmChartContainer - [K3S] [replica_set.go:679] "Finished syncing" kind="ReplicaSet" key="helmwebsocketsit-operator/hivemq-test-hivemq-platform-operator-6966f96d65" duration="34.123µs"
2025-01-30 18:21:34,892 INFO c.h.h.t.HelmChartContainer - [EVENT] Normal [Killing] Stopping container hivemq-platform-operator [helmwebsocketsit-operator:hivemq-test-hivemq-platform-operator-6966f96d65-vntmt]
2025-01-30 18:21:34,892 INFO c.h.h.t.HelmChartContainer - Received Killing event for container hivemq-platform-operator in pod hivemq-test-hivemq-platform-operator-6966f96d65-vntmt [f09a1850-d05d-49f6-9692-bbec514773da]
2025-01-30 18:21:34,892 INFO c.h.h.t.HelmChartContainer - Container [hivemq-test-hivemq-platform-operator-6966f96d65-vntmt] [hivemq-platform-operator] [f09a1850-d05d-49f6-9692-bbec514773da] was terminated
2025-01-30 18:21:34,892 INFO c.h.h.t.HelmChartContainer - Stopped log watcher for hivemq-platform-operator in pod hivemq-test-hivemq-platform-operator-6966f96d65-vntmt [f09a1850-d05d-49f6-9692-bbec514773da]
2025-01-30 18:21:34,894 INFO c.h.h.t.HelmChartContainer - [K3S] [replica_set.go:679] "Finished syncing" kind="ReplicaSet" key="helmwebsocketsit-operator/hivemq-test-hivemq-platform-operator-6966f96d65" duration="12.849429ms"
2025-01-30 18:21:34,895 INFO c.h.h.t.HelmChartContainer - [POD] hivemq-test-hivemq-platform-operator-6966f96d65-vntmt [f09a1850-d05d-49f6-9692-bbec514773da] in helmwebsocketsit-operator was MODIFIED
2025-01-30 18:21:34,896 INFO c.h.h.t.HelmChartContainer - [K3S] [replica_set.go:679] "Finished syncing" kind="ReplicaSet" key="helmwebsocketsit-operator/hivemq-test-hivemq-platform-operator-6966f96d65" duration="34.935µs"
2025-01-30 18:21:34,930 INFO c.h.h.t.HelmChartContainer - [hivemq-test-hivemq-platform] [hivemq-platform-operator] [f09a1850] 18:21:34.928 [application-shutdown-thread] INFO  c.h.p.o.HiveMQPlatformOperatorApplication - HiveMQ Platform Operator is stopping...
2025-01-30 18:21:34,930 INFO c.h.h.t.HelmChartContainer - [hivemq-test-hivemq-platform] [hivemq-platform-operator] [f09a1850] 18:21:34.928 [application-shutdown-thread] INFO  i.javaoperatorsdk.operator.Operator - Operator SDK 4.9.7 is shutting down...
2025-01-30 18:21:35,529 INFO c.h.h.t.HelmChartContainer - [K3S] [replica_set.go:679] "Finished syncing" kind="ReplicaSet" key="helmwebsocketsit-operator/hivemq-test-hivemq-platform-operator-6966f96d65" duration="39.674µs"
2025-01-30 18:21:35,531 INFO c.h.h.t.HelmChartContainer - [POD] hivemq-test-hivemq-platform-operator-6966f96d65-vntmt [f09a1850-d05d-49f6-9692-bbec514773da] in helmwebsocketsit-operator was MODIFIED
2025-01-30 18:21:35,603 INFO c.h.h.t.HelmChartContainer - [K3S] [reconciler_common.go:162] "operationExecutor.UnmountVolume started for volume \"kube-api-access-29zd2\" (UniqueName: \"kubernetes.io/projected/f09a1850-d05d-49f6-9692-bbec514773da-kube-api-access-29zd2\") pod \"f09a1850-d05d-49f6-9692-bbec514773da\" (UID: \"f09a1850-d05d-49f6-9692-bbec514773da\") "
2025-01-30 18:21:35,704 INFO c.h.h.t.HelmChartContainer - [K3S] [reconciler_common.go:299] "Volume detached for volume \"kube-api-access-29zd2\" (UniqueName: \"kubernetes.io/projected/f09a1850-d05d-49f6-9692-bbec514773da-kube-api-access-29zd2\") on node \"59e0c862e0de\" DevicePath \"\""
2025-01-30 18:21:36,034 INFO c.h.h.t.HelmChartContainer - [K3S] [scope.go:117] "RemoveContainer" containerID="686df695d5c5a70db8b241c21eb1b7b887808ef2c069962321980ac5b0a81a1b"
2025-01-30 18:21:36,038 INFO c.h.h.t.HelmChartContainer - [K3S] [scope.go:117] "RemoveContainer" containerID="686df695d5c5a70db8b241c21eb1b7b887808ef2c069962321980ac5b0a81a1b"
2025-01-30 18:21:36,045 INFO c.h.h.t.HelmChartContainer - [K3S] [replica_set.go:679] "Finished syncing" kind="ReplicaSet" key="helmwebsocketsit-operator/hivemq-test-hivemq-platform-operator-6966f96d65" duration="71.162µs"
2025-01-30 18:21:36,046 INFO c.h.h.t.HelmChartContainer - [POD] hivemq-test-hivemq-platform-operator-6966f96d65-vntmt [f09a1850-d05d-49f6-9692-bbec514773da] in helmwebsocketsit-operator was MODIFIED
2025-01-30 18:21:36,048 INFO c.h.h.t.HelmChartContainer - [K3S] [replica_set.go:679] "Finished syncing" kind="ReplicaSet" key="helmwebsocketsit-operator/hivemq-test-hivemq-platform-operator-6966f96d65" duration="29.584µs"
2025-01-30 18:21:36,048 INFO c.h.h.t.HelmChartContainer - [POD] hivemq-test-hivemq-platform-operator-6966f96d65-vntmt [f09a1850-d05d-49f6-9692-bbec514773da] in helmwebsocketsit-operator was DELETED
2025-01-30 18:21:36,057 INFO c.h.h.t.HelmChartContainer - [K3S] [replica_set.go:679] "Finished syncing" kind="ReplicaSet" key="helmwebsocketsit-operator/hivemq-test-hivemq-platform-operator-6966f96d65" duration="3.987µs"
2025-01-30 18:21:36,918 INFO c.h.h.t.HelmChartContainer - Deleting namespace 'helmwebsocketsit-operator'...
2025-01-30 18:21:37,250 INFO c.h.h.t.HelmChartContainer - [K3S] [kubelet_volumes.go:163] "Cleaned up orphaned pod volumes dir" podUID="f09a1850-d05d-49f6-9692-bbec514773da" path="/var/lib/kubelet/pods/f09a1850-d05d-49f6-9692-bbec514773da/volumes"
2025-01-30 18:21:39,680 INFO c.h.h.t.HelmChartContainer - [K3S] [namespace_controller.go:187] "Namespace has been deleted" namespace="helmwebsocketsit"
2025-01-30 18:21:42,132 INFO c.h.h.t.HelmChartContainer - Namespace 'helmwebsocketsit-operator' deleted
2025-01-30 18:21:42,132 INFO c.h.h.t.HelmChartContainer - Release 'test-hivemq-platform-operator' in namespace 'helmwebsocketsit-operator' is uninstalled
2025-01-30 18:21:42,845 INFO c.h.helmcharts.AbstractHelmChartIT - Removed unused containers:

2025-01-30 18:21:47,039 INFO c.h.h.t.HelmChartContainer - [K3S] [namespace_controller.go:187] "Namespace has been deleted" namespace="helmwebsocketsit-operator"
2025-01-30 18:21:50,481 INFO c.h.helmcharts.AbstractHelmChartIT - Removed unused snapshots:
Removing snapshot sha256:03af251906410714c5aef9fa705b63f6bbc39c4a5e787de7361eeb18886c2ed2
Removing snapshot sha256:0c46b3b43cce082ce5ec34ffc6c294e0417d17b9d1e6f366d114b6aadc4f96dc
Removing snapshot sha256:0ce761beee59082d6ed5bcebd3a805b8ddd9b3426b617e4809e7fb7c6587ffec
Removing snapshot sha256:0df91287303208332c8ff6ba40ae4710105201739addbfbddfb955f1ad593664
Removing snapshot sha256:1021ef88c7974bfff89c5a0ec4fd3160daac6c48a075f74cff721f85dd104e68
Removing snapshot sha256:10aba4953ddc18145dd38e3704709bc464aa20af60b56fe52caaff4b68411e62
Removing snapshot sha256:2573e0d8158209ed54ab25c87bcdcb00bd3d2539246960a3d592a1c599d70465
Removing snapshot sha256:2ec70bb64f49036240b7cc21258f4add735f35d79547faeaf1383c578adc120f
Removing snapshot sha256:362a8a37f8bbc31925a8146adcf7cf51f9882f5c1dcbef67c5baa03a297543c0
Removing snapshot sha256:3fa4ad33f0ddc8fd45b39b6b4640f82a3a83619606cd975bfe89d8710ad2d4cd
Removing snapshot sha256:43a7c979bbaba6838bc3102d6b10a1459f3ab050b87ccdfef84ef90cf43d3058
Removing snapshot sha256:4ab04491cdf0d3267f08206fe30bd48f49f94b9cab2f016d6739220f722a64af
Removing snapshot sha256:4b6068250e89c96f263060261819c7d912855bfbd64b3eb4c4a8483299b8c295
Removing snapshot sha256:556170a5d216a15ff0b362455a252e64e7b6cbaed32fba50fb2a24fac822467c
Removing snapshot sha256:580e69a0a8034ede1921139bbd2bfb72a69ebf276d008281896c32dd8bf74775
Removing snapshot sha256:5d30ba46b27fe37484567ccc5242cadc78217b8da605f3f195ef25cbf7487904
Removing snapshot sha256:63ca1fbb43ae5034640e5e6cb3e083e05c290072c5366fcaa9d62435a4cced85
Removing snapshot sha256:67f702c6baae873bceb19487c8b1f27bd2b86077e4f2f0e480e6d60ab508b8f5
Removing snapshot sha256:6864348dd42806d552efdec384f1274be15e2d0c10ce44c1f04347af004c10a9
Removing snapshot sha256:6c7dee8f2c39b84b7dc2711c01d33de93514d9055499173e9290176fbe484b6c
Removing snapshot sha256:82753493a6d61ded36556292f02f31841a14c20d2f279f19eaad65afb661d5cd
Removing snapshot sha256:8a10d3db42c505ee0fcfa98417bdd7e39b304f6bcc0a06bb1b220797ff2cc63c
Removing snapshot sha256:a21e5b12dbac529ad45d976eb9ce45c881f3bedcc500fb30aba1e52aa1813418
Removing snapshot sha256:b921e6c28969094157f9b8e7244677780319637afd14450b7cb6b2fdea558a0c
Removing snapshot sha256:bc27ecb5769a00e309cf99ebc763c4a4b958b618d1decc96ffac5bc05f02f5b7
Removing snapshot sha256:be3ccb6627a5332e309d45ef461d09b4879dd870c7394d89323d0ebc6ca6aa8a
Removing snapshot sha256:c261f7cbbc64211ee175ee47273acdb7b1a36a4450b397a064a8f2c026490095
Removing snapshot sha256:c34d9393647eea0c9e3557ab988efaf59f61d10a2a5613b439ef0958cca5ec10
Removing snapshot sha256:ccf3c4a0fa967a41c1c83497a2ce6fa5787965859df0adb32c4ca2cf7490bc2b
Removing snapshot sha256:cf92d33f869417309692088c341cd0f223c178ea78a125f757317b22aa8f90e9
Removing snapshot sha256:d0037344cf2fb078884f1849f6a1f8cf9a33a3b6139b6a85833e5ee528e1f9a8
Removing snapshot sha256:d3b36d5b79273b1e98e7700470eaeff05a882e777124d84cebcc1505b85ecb36
Removing snapshot sha256:d65a44a37914602d12c611e5e22a50f11451d847e63015cc1c2aef92dee777a4
Removing snapshot sha256:e2dc0bae2455930f23ae570e019b7f32edc75c0f2d71cab084db837ff9051796
Removing snapshot sha256:eccbd24a99c60cd9e86ee5305dbfc4a4dc89f5ab4fb1f06c8d64797cecedef34
Removing snapshot sha256:f144bb4c7c7f0d2aa7eeffd36d934ec40db1ee167be727e326aad9fdc616f475

]]></system-out>
  </testcase>
  <system-out><![CDATA[2025-01-30 18:18:15,156 INFO c.h.h.t.HelmChartContainerExtension - Using cached HelmChartContainer instance
]]></system-out>
  <system-err><![CDATA[]]></system-err>
</testsuite>
