<?xml version="1.0" encoding="UTF-8"?>
<testsuite name="com.hivemq.helmcharts.containers.HelmInitContainerIT" tests="2" skipped="0" failures="0" errors="0" timestamp="2025-01-27T17:04:33" hostname="fv-az787-195" time="209.74">
  <properties/>
  <testcase name="whenAdditionalInitContainer_withConsulTemplate_thenLicenseUpdated()" classname="com.hivemq.helmcharts.containers.HelmInitContainerIT" time="106.597">
    <system-out><![CDATA[2025-01-27 17:04:33,705 INFO c.h.h.t.HelmChartContainer - Creating namespace 'helminitcontainerit-operator'...
2025-01-27 17:04:33,914 INFO c.h.h.t.HelmChartContainer - Namespace 'helminitcontainerit-operator' created
2025-01-27 17:04:33,915 INFO c.h.h.t.HelmChartContainer - Creating namespace 'helminitcontainerit'...
2025-01-27 17:04:33,915 INFO c.h.h.t.HelmChartContainer - [POD] coredns-ff8999cc5-qwx5g [eba10dce-24d6-47a0-ae5b-d239cb54b931] in kube-system was ADDED
2025-01-27 17:04:33,918 INFO c.h.h.t.HelmChartContainer - [POD] local-path-provisioner-698b58967b-lptbj [8dd39bf5-6f31-4a38-bc2d-82bc56ce75cb] in kube-system was ADDED
2025-01-27 17:04:33,920 INFO c.h.h.t.HelmChartContainer - [POD] metrics-server-8584b5786c-v4n55 [18c240fc-46e3-4ddf-9cdb-c1dd00dbb45c] in kube-system was ADDED
2025-01-27 17:04:33,927 INFO c.h.h.t.HelmChartContainer - Namespace 'helminitcontainerit' created
2025-01-27 17:04:33,994 DEBUG c.h.h.t.HelmChartContainer - Executing helm command: /bin/helm --kubeconfig /etc/rancher/k3s/k3s.yaml install test-hivemq-platform-operator /charts/hivemq-platform-operator --wait --timeout 5m0s --set image.repository=docker.io/hivemq --set image.name=hivemq-platform-operator-test --set image.initImageName=hivemq-platform-operator-init-test --set image.tag=snapshot --set image.pullPolicy=Never --set logLevel=DEBUG --set resources.cpu=512m --namespace helminitcontainerit-operator
2025-01-27 17:04:36,389 INFO c.h.h.t.HelmChartContainer - [K3S] [alloc.go:330] "allocated clusterIPs" service="helminitcontainerit-operator/hivemq-platform-operator-test-hivemq-platform-operator" clusterIPs={"IPv4":"10.43.102.195"}
2025-01-27 17:04:36,407 INFO c.h.h.t.HelmChartContainer - [EVENT] Normal [ScalingReplicaSet] Scaled up replica set hivemq-test-hivemq-platform-operator-6966f96d65 from 0 to 1 [helminitcontainerit-operator:hivemq-test-hivemq-platform-operator]
2025-01-27 17:04:36,419 INFO c.h.h.t.HelmChartContainer - [EVENT] Normal [SuccessfulCreate] Created pod: hivemq-test-hivemq-platform-operator-6966f96d65-qvcf7 [helminitcontainerit-operator:hivemq-test-hivemq-platform-operator-6966f96d65]
2025-01-27 17:04:36,421 INFO c.h.h.t.HelmChartContainer - [POD] hivemq-test-hivemq-platform-operator-6966f96d65-qvcf7 [cab301d1-7437-477d-863e-aae02464fbf4] in helminitcontainerit-operator was ADDED
2025-01-27 17:04:36,430 INFO c.h.h.t.HelmChartContainer - [K3S] [replica_set.go:679] "Finished syncing" kind="ReplicaSet" key="helminitcontainerit-operator/hivemq-test-hivemq-platform-operator-6966f96d65" duration="26.447201ms"
2025-01-27 17:04:36,431 INFO c.h.h.t.HelmChartContainer - [POD] hivemq-test-hivemq-platform-operator-6966f96d65-qvcf7 [cab301d1-7437-477d-863e-aae02464fbf4] in helminitcontainerit-operator was MODIFIED
2025-01-27 17:04:36,438 INFO c.h.h.t.HelmChartContainer - [EVENT] Normal [Scheduled] Successfully assigned helminitcontainerit-operator/hivemq-test-hivemq-platform-operator-6966f96d65-qvcf7 to e7d25c28f32f [helminitcontainerit-operator:hivemq-test-hivemq-platform-operator-6966f96d65-qvcf7]
2025-01-27 17:04:36,441 INFO c.h.h.t.HelmChartContainer - [K3S] [replica_set.go:679] "Finished syncing" kind="ReplicaSet" key="helminitcontainerit-operator/hivemq-test-hivemq-platform-operator-6966f96d65" duration="10.475681ms"
2025-01-27 17:04:36,449 INFO c.h.h.t.HelmChartContainer - [POD] hivemq-test-hivemq-platform-operator-6966f96d65-qvcf7 [cab301d1-7437-477d-863e-aae02464fbf4] in helminitcontainerit-operator was MODIFIED
2025-01-27 17:04:36,457 INFO c.h.h.t.HelmChartContainer - [K3S] [replica_set.go:679] "Finished syncing" kind="ReplicaSet" key="helminitcontainerit-operator/hivemq-test-hivemq-platform-operator-6966f96d65" duration="16.281049ms"
2025-01-27 17:04:36,457 INFO c.h.h.t.HelmChartContainer - [K3S] [replica_set.go:679] "Finished syncing" kind="ReplicaSet" key="helminitcontainerit-operator/hivemq-test-hivemq-platform-operator-6966f96d65" duration="40.355µs"
2025-01-27 17:04:36,550 INFO c.h.h.t.HelmChartContainer - [K3S] [reconciler_common.go:251] "operationExecutor.VerifyControllerAttachedVolume started for volume \"kube-api-access-26tk7\" (UniqueName: \"kubernetes.io/projected/cab301d1-7437-477d-863e-aae02464fbf4-kube-api-access-26tk7\") pod \"hivemq-test-hivemq-platform-operator-6966f96d65-qvcf7\" (UID: \"cab301d1-7437-477d-863e-aae02464fbf4\") " pod="helminitcontainerit-operator/hivemq-test-hivemq-platform-operator-6966f96d65-qvcf7"
2025-01-27 17:04:36,870 INFO c.h.h.t.HelmChartContainer - [EVENT] Normal [Pulled] Container image "docker.io/hivemq/hivemq-platform-operator-test:snapshot" already present on machine [helminitcontainerit-operator:hivemq-test-hivemq-platform-operator-6966f96d65-qvcf7]
2025-01-27 17:04:36,871 INFO c.h.h.t.HelmChartContainer - Received Pulled event for container hivemq-platform-operator in pod hivemq-test-hivemq-platform-operator-6966f96d65-qvcf7 [cab301d1-7437-477d-863e-aae02464fbf4]
2025-01-27 17:04:36,934 INFO c.h.h.t.HelmChartContainer - [EVENT] Normal [Created] Created container: hivemq-platform-operator [helminitcontainerit-operator:hivemq-test-hivemq-platform-operator-6966f96d65-qvcf7]
2025-01-27 17:04:36,934 INFO c.h.h.t.HelmChartContainer - Received Created event for container hivemq-platform-operator in pod hivemq-test-hivemq-platform-operator-6966f96d65-qvcf7 [cab301d1-7437-477d-863e-aae02464fbf4]
2025-01-27 17:04:37,420 INFO c.h.h.t.HelmChartContainer - [K3S] [replica_set.go:679] "Finished syncing" kind="ReplicaSet" key="helminitcontainerit-operator/hivemq-test-hivemq-platform-operator-6966f96d65" duration="42.369µs"
2025-01-27 17:04:37,430 INFO c.h.h.t.HelmChartContainer - [POD] hivemq-test-hivemq-platform-operator-6966f96d65-qvcf7 [cab301d1-7437-477d-863e-aae02464fbf4] in helminitcontainerit-operator was MODIFIED
2025-01-27 17:04:37,449 INFO c.h.h.t.HelmChartContainer - [EVENT] Normal [Started] Started container hivemq-platform-operator [helminitcontainerit-operator:hivemq-test-hivemq-platform-operator-6966f96d65-qvcf7]
2025-01-27 17:04:37,449 INFO c.h.h.t.HelmChartContainer - Received Started event for container hivemq-platform-operator in pod hivemq-test-hivemq-platform-operator-6966f96d65-qvcf7 [cab301d1-7437-477d-863e-aae02464fbf4]
2025-01-27 17:04:37,449 INFO c.h.h.t.HelmChartContainer - Started log watcher for hivemq-platform-operator in pod hivemq-test-hivemq-platform-operator-6966f96d65-qvcf7 [cab301d1-7437-477d-863e-aae02464fbf4]
2025-01-27 17:04:37,450 INFO c.h.h.t.HelmChartContainer - [hivemq-test-hivemq-platform] [hivemq-platform-operator] [cab301d1] -------------------------------------------------------------------------
2025-01-27 17:04:37,450 INFO c.h.h.t.HelmChartContainer - [hivemq-test-hivemq-platform] [hivemq-platform-operator] [cab301d1] 
2025-01-27 17:04:37,451 INFO c.h.h.t.HelmChartContainer - [hivemq-test-hivemq-platform] [hivemq-platform-operator] [cab301d1]                   _    _  _              __  __   ____
2025-01-27 17:04:37,451 INFO c.h.h.t.HelmChartContainer - [hivemq-test-hivemq-platform] [hivemq-platform-operator] [cab301d1]                  | |  | |(_)            |  \/  | / __ \
2025-01-27 17:04:37,451 INFO c.h.h.t.HelmChartContainer - [hivemq-test-hivemq-platform] [hivemq-platform-operator] [cab301d1]                  | |__| | _ __   __ ___ | \  / || |  | |
2025-01-27 17:04:37,451 INFO c.h.h.t.HelmChartContainer - [hivemq-test-hivemq-platform] [hivemq-platform-operator] [cab301d1]                  |  __  || |\ \ / // _ \| |\/| || |  | |
2025-01-27 17:04:37,451 INFO c.h.h.t.HelmChartContainer - [hivemq-test-hivemq-platform] [hivemq-platform-operator] [cab301d1]                  | |  | || | \ V /|  __/| |  | || |__| |
2025-01-27 17:04:37,451 INFO c.h.h.t.HelmChartContainer - [hivemq-test-hivemq-platform] [hivemq-platform-operator] [cab301d1]                  |_|  |_||_|  \_/  \___||_|  |_| \___\_\
2025-01-27 17:04:37,451 INFO c.h.h.t.HelmChartContainer - [hivemq-test-hivemq-platform] [hivemq-platform-operator] [cab301d1] 
2025-01-27 17:04:37,451 INFO c.h.h.t.HelmChartContainer - [hivemq-test-hivemq-platform] [hivemq-platform-operator] [cab301d1] -------------------------------------------------------------------------
2025-01-27 17:04:37,451 INFO c.h.h.t.HelmChartContainer - [hivemq-test-hivemq-platform] [hivemq-platform-operator] [cab301d1] 
2025-01-27 17:04:37,451 INFO c.h.h.t.HelmChartContainer - [hivemq-test-hivemq-platform] [hivemq-platform-operator] [cab301d1]   HiveMQ Platform Operator Start Script v1.0
2025-01-27 17:04:37,451 INFO c.h.h.t.HelmChartContainer - [hivemq-test-hivemq-platform] [hivemq-platform-operator] [cab301d1] 
2025-01-27 17:04:37,451 INFO c.h.h.t.HelmChartContainer - [hivemq-test-hivemq-platform] [hivemq-platform-operator] [cab301d1] -------------------------------------------------------------------------
2025-01-27 17:04:37,451 INFO c.h.h.t.HelmChartContainer - [hivemq-test-hivemq-platform] [hivemq-platform-operator] [cab301d1] 
2025-01-27 17:04:37,451 INFO c.h.h.t.HelmChartContainer - [hivemq-test-hivemq-platform] [hivemq-platform-operator] [cab301d1]   JAVA_OPTS: -XX:+UnlockExperimentalVMOptions -XX:InitialRAMPercentage=75 -XX:MaxRAMPercentage=75 -Duser.language=en -Duser.region=US
2025-01-27 17:04:37,451 INFO c.h.h.t.HelmChartContainer - [hivemq-test-hivemq-platform] [hivemq-platform-operator] [cab301d1] 
2025-01-27 17:04:37,451 INFO c.h.h.t.HelmChartContainer - [hivemq-test-hivemq-platform] [hivemq-platform-operator] [cab301d1]   JAVA_VERSION: 21
2025-01-27 17:04:37,451 INFO c.h.h.t.HelmChartContainer - [hivemq-test-hivemq-platform] [hivemq-platform-operator] [cab301d1] 
2025-01-27 17:04:37,451 INFO c.h.h.t.HelmChartContainer - [hivemq-test-hivemq-platform] [hivemq-platform-operator] [cab301d1] -------------------------------------------------------------------------
2025-01-27 17:04:37,451 INFO c.h.h.t.HelmChartContainer - [hivemq-test-hivemq-platform] [hivemq-platform-operator] [cab301d1] 
2025-01-27 17:04:40,547 INFO c.h.h.t.HelmChartContainer - [hivemq-test-hivemq-platform] [hivemq-platform-operator] [cab301d1] 17:04:40.544 [main] DEBUG org.jboss.logging - Logging Provider: org.jboss.logging.Slf4jLoggerProvider
2025-01-27 17:04:40,642 INFO c.h.h.t.HelmChartContainer - [hivemq-test-hivemq-platform] [hivemq-platform-operator] [cab301d1] 17:04:40.641 [main] DEBUG io.smallrye.config - SRCFG01006: Loaded ConfigSource SysPropConfigSource with ordinal 400
2025-01-27 17:04:40,643 INFO c.h.h.t.HelmChartContainer - [hivemq-test-hivemq-platform] [hivemq-platform-operator] [cab301d1] 17:04:40.641 [main] DEBUG io.smallrye.config - SRCFG01006: Loaded ConfigSource EnvConfigSource with ordinal 300
2025-01-27 17:04:40,643 INFO c.h.h.t.HelmChartContainer - [hivemq-test-hivemq-platform] [hivemq-platform-operator] [cab301d1] 17:04:40.641 [main] DEBUG io.smallrye.config - SRCFG01006: Loaded ConfigSource PropertiesConfigSource[source=jar:file:///opt/hivemq-platform-operator/bin/hivemq-platform-operator.jar!/hivemq-platform-operator.properties] with ordinal 100
2025-01-27 17:04:40,643 INFO c.h.h.t.HelmChartContainer - [hivemq-test-hivemq-platform] [hivemq-platform-operator] [cab301d1] 17:04:40.641 [main] DEBUG io.smallrye.config - SRCFG01006: Loaded ConfigSource DefaultValuesConfigSource with ordinal -2147483648
2025-01-27 17:04:40,759 INFO c.h.h.t.HelmChartContainer - [hivemq-test-hivemq-platform] [hivemq-platform-operator] [cab301d1] 17:04:40.758 [main] DEBUG i.m.c.u.i.l.InternalLoggerFactory - Using SLF4J as the default logging framework
2025-01-27 17:04:40,936 INFO c.h.h.t.HelmChartContainer - [hivemq-test-hivemq-platform] [hivemq-platform-operator] [cab301d1] 17:04:40.885 [main] INFO  c.h.p.o.HiveMQPlatformOperatorApplication - HiveMQ Platform Operator 1.7.0-SNAPSHOT (commit: bebf408 on branch: HEAD) built on Sun Jan 26 20:47:47 UTC 2025
2025-01-27 17:04:40,938 INFO c.h.h.t.HelmChartContainer - [hivemq-test-hivemq-platform] [hivemq-platform-operator] [cab301d1] 17:04:40.936 [main] INFO  c.h.p.o.HiveMQPlatformOperatorApplication - HiveMQ Platform Operator is running in namespace: helminitcontainerit-operator
2025-01-27 17:04:40,938 INFO c.h.h.t.HelmChartContainer - [hivemq-test-hivemq-platform] [hivemq-platform-operator] [cab301d1] 17:04:40.936 [main] INFO  c.h.p.o.HiveMQPlatformOperatorApplication - Watching all namespaces
2025-01-27 17:04:40,938 INFO c.h.h.t.HelmChartContainer - [hivemq-test-hivemq-platform] [hivemq-platform-operator] [cab301d1] 17:04:40.936 [main] INFO  c.h.p.o.HiveMQPlatformOperatorApplication - Log level: DEBUG
2025-01-27 17:04:40,938 INFO c.h.h.t.HelmChartContainer - [hivemq-test-hivemq-platform] [hivemq-platform-operator] [cab301d1] 17:04:40.936 [main] INFO  c.h.p.o.HiveMQPlatformOperatorApplication - Release name: test-hivemq-platform-operator
2025-01-27 17:04:40,938 INFO c.h.h.t.HelmChartContainer - [hivemq-test-hivemq-platform] [hivemq-platform-operator] [cab301d1] 17:04:40.936 [main] INFO  c.h.p.o.HiveMQPlatformOperatorApplication - HiveMQ Platform Operator Init image: docker.io/hivemq/hivemq-platform-operator-init-test:snapshot
2025-01-27 17:04:40,938 INFO c.h.h.t.HelmChartContainer - [hivemq-test-hivemq-platform] [hivemq-platform-operator] [cab301d1] 17:04:40.936 [main] INFO  c.h.p.o.HiveMQPlatformOperatorApplication - HiveMQ Platform Operator Init App update URL: http://hivemq-platform-operator-test-hivemq-platform-operator.helminitcontainerit-operator.svc:8080/initAppUpdate/hivemq-platform-operator-init-app-1.7.0-SNAPSHOT.jar
2025-01-27 17:04:40,938 INFO c.h.h.t.HelmChartContainer - [hivemq-test-hivemq-platform] [hivemq-platform-operator] [cab301d1] 17:04:40.936 [main] INFO  c.h.p.o.HiveMQPlatformOperatorApplication - Additional imagePullSecret for all Platform deployments: none
2025-01-27 17:04:40,938 INFO c.h.h.t.HelmChartContainer - [hivemq-test-hivemq-platform] [hivemq-platform-operator] [cab301d1] 17:04:40.936 [main] INFO  c.h.p.o.HiveMQPlatformOperatorApplication - Apply HiveMQ Platform CRD: true
2025-01-27 17:04:40,938 INFO c.h.h.t.HelmChartContainer - [hivemq-test-hivemq-platform] [hivemq-platform-operator] [cab301d1] 17:04:40.936 [main] INFO  c.h.p.o.HiveMQPlatformOperatorApplication - Create Platform ServiceAccount: true
2025-01-27 17:04:40,939 INFO c.h.h.t.HelmChartContainer - [hivemq-test-hivemq-platform] [hivemq-platform-operator] [cab301d1] 17:04:40.936 [main] INFO  c.h.p.o.HiveMQPlatformOperatorApplication - Create Platform ServiceAccount permissions: true
2025-01-27 17:04:40,939 INFO c.h.h.t.HelmChartContainer - [hivemq-test-hivemq-platform] [hivemq-platform-operator] [cab301d1] 17:04:40.936 [main] INFO  c.h.p.o.HiveMQPlatformOperatorApplication - Validate Platform ServiceAccount: true
2025-01-27 17:04:40,939 INFO c.h.h.t.HelmChartContainer - [hivemq-test-hivemq-platform] [hivemq-platform-operator] [cab301d1] 17:04:40.936 [main] INFO  c.h.p.o.HiveMQPlatformOperatorApplication - Validate Platform ServiceAccount permissions: true
2025-01-27 17:04:41,128 INFO c.h.h.t.HelmChartContainer - [hivemq-test-hivemq-platform] [hivemq-platform-operator] [cab301d1] 17:04:41.126 [main] INFO  c.h.platform.operator.util.CRDUtil - Verifying deployed HiveMQ Platform CRD...
2025-01-27 17:04:42,409 INFO c.h.h.t.HelmChartContainer - [POD] metrics-server-8584b5786c-v4n55 [18c240fc-46e3-4ddf-9cdb-c1dd00dbb45c] in kube-system was MODIFIED
2025-01-27 17:04:42,418 INFO c.h.h.t.HelmChartContainer - [K3S] [replica_set.go:679] "Finished syncing" kind="ReplicaSet" key="kube-system/metrics-server-8584b5786c" duration="9.872141ms"
2025-01-27 17:04:42,418 INFO c.h.h.t.HelmChartContainer - [K3S] [replica_set.go:679] "Finished syncing" kind="ReplicaSet" key="kube-system/metrics-server-8584b5786c" duration="41.729µs"
2025-01-27 17:04:43,743 INFO c.h.h.t.HelmChartContainer - [hivemq-test-hivemq-platform] [hivemq-platform-operator] [cab301d1] 17:04:43.741 [main] DEBUG c.h.platform.operator.util.CRDUtil - HiveMQ Platform CRD version v1 is up to date
2025-01-27 17:04:43,743 INFO c.h.h.t.HelmChartContainer - [hivemq-test-hivemq-platform] [hivemq-platform-operator] [cab301d1] 17:04:43.741 [main] INFO  c.h.platform.operator.util.CRDUtil - HiveMQ Platform CRD is up to date (version: V1_6_0)
2025-01-27 17:04:43,743 INFO c.h.h.t.HelmChartContainer - [hivemq-test-hivemq-platform] [hivemq-platform-operator] [cab301d1] 17:04:43.741 [main] INFO  c.h.platform.operator.util.CRDUtil - Waiting 10000 ms for HiveMQ Platform CRD 'hivemq-platforms.hivemq.com' to become ready...
2025-01-27 17:04:44,131 INFO c.h.h.t.HelmChartContainer - [hivemq-test-hivemq-platform] [hivemq-platform-operator] [cab301d1] 17:04:44.130 [vert.x-eventloop-thread-1] DEBUG c.h.platform.operator.util.CRDUtil - Checking CRD condition 'NamesAccepted' (status: 'True')
2025-01-27 17:04:44,133 INFO c.h.h.t.HelmChartContainer - [hivemq-test-hivemq-platform] [hivemq-platform-operator] [cab301d1] 17:04:44.130 [vert.x-eventloop-thread-1] DEBUG c.h.platform.operator.util.CRDUtil - Checking CRD condition 'Established' (status: 'True')
2025-01-27 17:04:44,134 INFO c.h.h.t.HelmChartContainer - [hivemq-test-hivemq-platform] [hivemq-platform-operator] [cab301d1] 17:04:44.131 [main] INFO  c.h.platform.operator.util.CRDUtil - HiveMQ Platform CRD 'hivemq-platforms.hivemq.com' is ready
2025-01-27 17:04:44,338 INFO c.h.h.t.HelmChartContainer - [hivemq-test-hivemq-platform] [hivemq-platform-operator] [cab301d1] 17:04:44.336 [main] INFO  c.h.p.o.HiveMQPlatformReconciler - HiveMQ Platform Operator is starting...
2025-01-27 17:04:44,442 INFO c.h.h.t.HelmChartContainer - [hivemq-test-hivemq-platform] [hivemq-platform-operator] [cab301d1] 17:04:44.441 [main] WARN  Default ConfigurationService implementation - Configuration for reconciler 'hivemq-controller' was not found. Known reconcilers: None.
2025-01-27 17:04:44,530 INFO c.h.h.t.HelmChartContainer - [hivemq-test-hivemq-platform] [hivemq-platform-operator] [cab301d1] 17:04:44.528 [main] INFO  Default ConfigurationService implementation - Created configuration for reconciler com.hivemq.platform.operator.HiveMQPlatformReconciler with name hivemq-controller
2025-01-27 17:04:44,635 INFO c.h.h.t.HelmChartContainer - [hivemq-test-hivemq-platform] [hivemq-platform-operator] [cab301d1] 17:04:44.634 [main] DEBUG c.h.p.o.HiveMQPlatformReconciler - HiveMQ Platform Operator is preparing EventSources
2025-01-27 17:04:44,685 INFO c.h.h.t.HelmChartContainer - [hivemq-test-hivemq-platform] [hivemq-platform-operator] [cab301d1] 17:04:44.684 [main] INFO  i.javaoperatorsdk.operator.Operator - Registered reconciler: 'hivemq-controller' for resource: 'class com.hivemq.platform.operator.v1.HiveMQPlatform' for namespace(s): [all namespaces]
2025-01-27 17:04:44,905 INFO c.h.h.t.HelmChartContainer - [K3S] [range_allocator.go:247] "Successfully synced" key="e7d25c28f32f"
2025-01-27 17:04:45,437 INFO c.h.h.t.HelmChartContainer - [hivemq-test-hivemq-platform] [hivemq-platform-operator] [cab301d1] 17:04:45.436 [main] INFO  c.h.p.operator.webserver.JettyServer - Starting Jetty server on port 8080
2025-01-27 17:04:45,537 INFO c.h.h.t.HelmChartContainer - [hivemq-test-hivemq-platform] [hivemq-platform-operator] [cab301d1] 17:04:45.534 [main] INFO  i.javaoperatorsdk.operator.Operator - Operator SDK 4.9.7 (commit: 2133d28) built on Wed Nov 20 12:56:20 UTC 2024 starting...
2025-01-27 17:04:45,538 INFO c.h.h.t.HelmChartContainer - [hivemq-test-hivemq-platform] [hivemq-platform-operator] [cab301d1] 17:04:45.535 [main] INFO  i.javaoperatorsdk.operator.Operator - Client version: 6.13.4
2025-01-27 17:04:45,538 INFO c.h.h.t.HelmChartContainer - [hivemq-test-hivemq-platform] [hivemq-platform-operator] [cab301d1] 17:04:45.536 [Controller Starter for: hivemq-controller] INFO  i.j.operator.processing.Controller - Starting 'hivemq-controller' controller for reconciler: com.hivemq.platform.operator.HiveMQPlatformReconciler, resource: com.hivemq.platform.operator.v1.HiveMQPlatform
2025-01-27 17:04:48,137 INFO c.h.h.t.HelmChartContainer - [hivemq-test-hivemq-platform] [hivemq-platform-operator] [cab301d1] 17:04:48.135 [Controller Starter for: hivemq-controller] INFO  i.j.operator.processing.Controller - 'hivemq-controller' controller started
2025-01-27 17:04:48,137 INFO c.h.h.t.HelmChartContainer - [hivemq-test-hivemq-platform] [hivemq-platform-operator] [cab301d1] 17:04:48.136 [main] INFO  c.h.p.o.HiveMQPlatformOperatorApplication - HiveMQ Platform Operator 1.7.0-SNAPSHOT started in 7251 ms
2025-01-27 17:04:48,431 INFO c.h.h.t.HelmChartContainer - [POD] hivemq-test-hivemq-platform-operator-6966f96d65-qvcf7 [cab301d1-7437-477d-863e-aae02464fbf4] in helminitcontainerit-operator was MODIFIED
2025-01-27 17:04:48,437 INFO c.h.h.t.HelmChartContainer - [K3S] [replica_set.go:679] "Finished syncing" kind="ReplicaSet" key="helminitcontainerit-operator/hivemq-test-hivemq-platform-operator-6966f96d65" duration="11.882501ms"
2025-01-27 17:04:48,438 INFO c.h.h.t.HelmChartContainer - [K3S] [replica_set.go:679] "Finished syncing" kind="ReplicaSet" key="helminitcontainerit-operator/hivemq-test-hivemq-platform-operator-6966f96d65" duration="218.068µs"
2025-01-27 17:04:50,566 DEBUG c.h.h.t.HelmChartContainer - Executing helm command: /bin/helm --kubeconfig /etc/rancher/k3s/k3s.yaml install test-hivemq-platform /charts/hivemq-platform --wait --timeout 5m0s --set image.repository=docker.io/hivemq --set image.tag=4.35.0 --set image.pullPolicy=Never --set nodes.resources.cpu=512m -f /files/additional-init-containers-values.yaml --namespace helminitcontainerit
2025-01-27 17:04:50,807 INFO c.h.h.t.HelmChartContainer - [hivemq-test-hivemq-platform] [hivemq-platform-operator] [cab301d1] 17:04:50.805 [-373097727-pool-1-thread-1] WARN  i.m.p.PrometheusMeterRegistry - The meter (MeterId{name='operator.sdk.events.received', tags=[tag(action=ADDED),tag(event=ResourceEvent),tag(group=hivemq.com),tag(kind=HiveMQPlatform),tag(name=test-hivemq-platform),tag(namespace=helminitcontainerit),tag(scope=namespace),tag(version=v1)]}) registration has failed: Prometheus requires that all meters with the same name have the same set of tag keys. There is already an existing meter named 'operator.sdk.events.received' containing tag keys [event, group, kind, name, namespace, scope, version]. The meter you are attempting to register has keys [action, event, group, kind, name, namespace, scope, version]. Note that subsequent logs will be logged at debug level.
2025-01-27 17:04:51,293 INFO c.h.h.t.HelmChartContainer - [hivemq-test-hivemq-platform] [hivemq-platform-operator] [cab301d1] 17:04:51.290 [pool-6-thread-3] DEBUG c.h.p.o.dependants.PodInfoConfigMap - [helminit] Desired PodInfo ConfigMap (1 extensions) (1 enabled)
2025-01-27 17:04:51,293 INFO c.h.h.t.HelmChartContainer - [hivemq-test-hivemq-platform] [hivemq-platform-operator] [cab301d1] 17:04:51.291 [pool-6-thread-3] DEBUG c.h.p.o.dependants.PodInfoConfigMap - [helminit] Desired PodInfo ConfigMap (metrics port: 9399) (metrics path: /)
2025-01-27 17:04:51,293 INFO c.h.h.t.HelmChartContainer - [hivemq-test-hivemq-platform] [hivemq-platform-operator] [cab301d1] 17:04:51.291 [pool-6-thread-3] DEBUG c.h.p.o.dependants.PodInfoConfigMap - [helminit] Desired PodInfo ConfigMap (extension state hash: -1817474005)
2025-01-27 17:04:51,294 INFO c.h.h.t.HelmChartContainer - [hivemq-test-hivemq-platform] [hivemq-platform-operator] [cab301d1] 17:04:51.292 [pool-6-thread-3] DEBUG c.h.p.o.dependants.PodInfoConfigMap - [helminit] Create PodInfo ConfigMap
2025-01-27 17:04:51,429 INFO c.h.h.t.HelmChartContainer - [hivemq-test-hivemq-platform] [hivemq-platform-operator] [cab301d1] 17:04:51.426 [pool-6-thread-5] DEBUG c.h.p.o.dependants.PodRoleResource - [helminit] Create Role: Role(apiVersion=rbac.authorization.k8s.io/v1, kind=Role, metadata=ObjectMeta(annotations={meta.helm.sh/release-name=test-hivemq-platform, meta.helm.sh/release-namespace=helminitcontainerit}, creationTimestamp=null, deletionGracePeriodSeconds=null, deletionTimestamp=null, finalizers=[], generateName=null, generation=null, labels={helm.sh/chart=hivemq-platform-0.2.31, app.kubernetes.io/managed-by=Helm, app.kubernetes.io/name=hivemq-platform, hivemq-platform=test-hivemq-platform, app.kubernetes.io/instance=test-hivemq-platform, app.kubernetes.io/version=4.35.0}, managedFields=[], name=hivemq-platform-role-test-hivemq-platform, namespace=helminitcontainerit, ownerReferences=[OwnerReference(apiVersion=hivemq.com/v1, blockOwnerDeletion=null, controller=null, kind=HiveMQPlatform, name=test-hivemq-platform, uid=ba1f89a1-ad7f-43be-9fba-b29061496363, additionalProperties={})], resourceVersion=null, selfLink=null, uid=null, additionalProperties={}), rules=[PolicyRule(apiGroups=[], nonResourceURLs=[], resourceNames=[], resources=[pods], verbs=[get, patch, update], additionalProperties={})], additionalProperties={})
2025-01-27 17:04:51,587 INFO c.h.h.t.HelmChartContainer - [hivemq-test-hivemq-platform] [hivemq-platform-operator] [cab301d1] 17:04:51.584 [pool-6-thread-7] DEBUG c.h.p.o.d.PodServiceAccountResource - [helminit] Desired PodServiceAccountResource (serviceAccountName: hivemq-platform-pod-test-hivemq-platform)
2025-01-27 17:04:51,587 INFO c.h.h.t.HelmChartContainer - [hivemq-test-hivemq-platform] [hivemq-platform-operator] [cab301d1] 17:04:51.585 [pool-6-thread-7] DEBUG c.h.p.o.d.PodServiceAccountResource - [helminit] Create ServiceAccount 'hivemq-platform-pod-test-hivemq-platform'
2025-01-27 17:04:51,690 INFO c.h.h.t.HelmChartContainer - [hivemq-test-hivemq-platform] [hivemq-platform-operator] [cab301d1] 17:04:51.689 [pool-6-thread-9] DEBUG c.h.p.o.d.PodRoleBindingResource - [helminit] Create RoleBinding: RoleBinding(apiVersion=rbac.authorization.k8s.io/v1, kind=RoleBinding, metadata=ObjectMeta(annotations={meta.helm.sh/release-name=test-hivemq-platform, meta.helm.sh/release-namespace=helminitcontainerit}, creationTimestamp=null, deletionGracePeriodSeconds=null, deletionTimestamp=null, finalizers=[], generateName=null, generation=null, labels={helm.sh/chart=hivemq-platform-0.2.31, app.kubernetes.io/managed-by=Helm, app.kubernetes.io/name=hivemq-platform, hivemq-platform=test-hivemq-platform, app.kubernetes.io/instance=test-hivemq-platform, app.kubernetes.io/version=4.35.0}, managedFields=[], name=hivemq-platform-role-binding-test-hivemq-platform, namespace=helminitcontainerit, ownerReferences=[OwnerReference(apiVersion=hivemq.com/v1, blockOwnerDeletion=null, controller=null, kind=HiveMQPlatform, name=test-hivemq-platform, uid=ba1f89a1-ad7f-43be-9fba-b29061496363, additionalProperties={})], resourceVersion=null, selfLink=null, uid=null, additionalProperties={}), roleRef=RoleRef(apiGroup=rbac.authorization.k8s.io, kind=Role, name=hivemq-platform-role-test-hivemq-platform, additionalProperties={}), subjects=[Subject(apiGroup=null, kind=ServiceAccount, name=hivemq-platform-pod-test-hivemq-platform, namespace=helminitcontainerit, additionalProperties={})], additionalProperties={})
2025-01-27 17:04:51,732 INFO c.h.h.t.HelmChartContainer - [hivemq-test-hivemq-platform] [hivemq-platform-operator] [cab301d1] 17:04:51.730 [ReconcilerExecutor-hivemq-controller-52] INFO  c.h.p.o.HiveMQPlatformReconciler - [helminit] Reconciling HiveMQ Platform 'test-hivemq-platform' in namespace 'helminitcontainerit'
2025-01-27 17:04:51,732 INFO c.h.h.t.HelmChartContainer - [hivemq-test-hivemq-platform] [hivemq-platform-operator] [cab301d1] 17:04:51.731 [ReconcilerExecutor-hivemq-controller-52] DEBUG c.h.p.o.HiveMQPlatformReconciler - [helminit] Custom Resource Status CREATED - HiveMQ Platform was created (READY)
2025-01-27 17:04:51,732 INFO c.h.h.t.HelmChartContainer - [hivemq-test-hivemq-platform] [hivemq-platform-operator] [cab301d1] 17:04:51.731 [ReconcilerExecutor-hivemq-controller-52] DEBUG c.h.p.o.HiveMQPlatformReconciler - [helminit] Custom Resource Spec (replicas: 1) (extensions: 1)
2025-01-27 17:04:51,790 INFO c.h.h.t.HelmChartContainer - [hivemq-test-hivemq-platform] [hivemq-platform-operator] [cab301d1] 17:04:51.787 [ReconcilerExecutor-hivemq-controller-52] INFO  c.h.p.o.h.HiveMQPlatformReconcilerBaseHandler - [helminit] HiveMQ Platform is starting
2025-01-27 17:04:51,896 INFO c.h.h.t.HelmChartContainer - [hivemq-test-hivemq-platform] [hivemq-platform-operator] [cab301d1] 17:04:51.894 [ReconcilerExecutor-hivemq-controller-52] DEBUG c.h.p.operator.event.EventSender - [helminit] Creating K8s event hivemq-platform-starting: [Start] HiveMQ Platform is starting
2025-01-27 17:04:51,932 INFO c.h.h.t.HelmChartContainer - [EVENT] Normal [Start] HiveMQ Platform is starting [helminitcontainerit:test-hivemq-platform]
2025-01-27 17:04:51,988 INFO c.h.h.t.HelmChartContainer - [hivemq-test-hivemq-platform] [hivemq-platform-operator] [cab301d1] 17:04:51.987 [ReconcilerExecutor-hivemq-controller-52] INFO  c.h.p.o.h.AbstractHiveMQReconcilerStateHandler - [helminit] Update HiveMQ Platform Status (CREATED [READY] -> STARTING [READY]): HiveMQ Platform is starting
2025-01-27 17:04:52,005 DEBUG com.hivemq.helmcharts.util.K8sUtil - Comparing actual state 'STARTING' and waiting for 'RUNNING'
2025-01-27 17:05:02,093 INFO c.h.h.t.HelmChartContainer - [hivemq-test-hivemq-platform] [hivemq-platform-operator] [cab301d1] 17:05:02.091 [pool-6-thread-12] DEBUG c.h.p.o.d.PlatformServiceResource - [helminit] Desired Platform services (3 services)
2025-01-27 17:05:02,096 INFO c.h.h.t.HelmChartContainer - [hivemq-test-hivemq-platform] [hivemq-platform-operator] [cab301d1] 17:05:02.094 [pool-6-thread-13] DEBUG c.h.p.o.dependants.PodInfoConfigMap - [helminit] Desired PodInfo ConfigMap (1 extensions) (1 enabled)
2025-01-27 17:05:02,097 INFO c.h.h.t.HelmChartContainer - [hivemq-test-hivemq-platform] [hivemq-platform-operator] [cab301d1] 17:05:02.094 [pool-6-thread-13] DEBUG c.h.p.o.dependants.PodInfoConfigMap - [helminit] Desired PodInfo ConfigMap (metrics port: 9399) (metrics path: /)
2025-01-27 17:05:02,097 INFO c.h.h.t.HelmChartContainer - [hivemq-test-hivemq-platform] [hivemq-platform-operator] [cab301d1] 17:05:02.094 [pool-6-thread-13] DEBUG c.h.p.o.dependants.PodInfoConfigMap - [helminit] Desired PodInfo ConfigMap (extension state hash: -1817474005)
2025-01-27 17:05:02,104 INFO c.h.h.t.HelmChartContainer - [hivemq-test-hivemq-platform] [hivemq-platform-operator] [cab301d1] 17:05:02.103 [pool-6-thread-17] DEBUG c.h.p.o.d.PodServiceAccountResource - [helminit] Desired PodServiceAccountResource (serviceAccountName: hivemq-platform-pod-test-hivemq-platform)
2025-01-27 17:05:02,105 INFO c.h.h.t.HelmChartContainer - [hivemq-test-hivemq-platform] [hivemq-platform-operator] [cab301d1] 17:05:02.104 [pool-6-thread-13] DEBUG c.h.p.o.dependants.PodInfoConfigMap - [helminit] Update PodInfo ConfigMap
2025-01-27 17:05:02,116 INFO c.h.h.t.HelmChartContainer - [K3S] [alloc.go:330] "allocated clusterIPs" service="helminitcontainerit/hivemq-test-hivemq-platform-cc-8080" clusterIPs={"IPv4":"10.43.168.229"}
2025-01-27 17:05:02,200 INFO c.h.h.t.HelmChartContainer - [K3S] [alloc.go:330] "allocated clusterIPs" service="helminitcontainerit/hivemq-test-hivemq-platform-metrics-9399" clusterIPs={"IPv4":"10.43.209.22"}
2025-01-27 17:05:02,291 INFO c.h.h.t.HelmChartContainer - [K3S] [alloc.go:330] "allocated clusterIPs" service="helminitcontainerit/hivemq-test-hivemq-platform-mqtt-1883" clusterIPs={"IPv4":"10.43.5.13"}
2025-01-27 17:05:02,300 INFO c.h.h.t.HelmChartContainer - [hivemq-test-hivemq-platform] [hivemq-platform-operator] [cab301d1] 17:05:02.298 [pool-6-thread-20] DEBUG c.h.p.o.d.StatefulSetResource - [helminit] Desired StatefulSet (1 replicas) for status STARTING (READY)
2025-01-27 17:05:02,390 INFO c.h.h.t.HelmChartContainer - [hivemq-test-hivemq-platform] [hivemq-platform-operator] [cab301d1] 17:05:02.387 [pool-6-thread-20] DEBUG c.h.p.o.d.StatefulSetResource - [helminit] Create StatefulSet
2025-01-27 17:05:02,426 INFO c.h.h.t.HelmChartContainer - [POD] test-hivemq-platform-0 [27b2f21b-ac2b-4194-8c8a-d2747cf473b8] in helminitcontainerit was ADDED
2025-01-27 17:05:02,427 INFO c.h.h.t.HelmChartContainer - [EVENT] Normal [SuccessfulCreate] create Pod test-hivemq-platform-0 in StatefulSet test-hivemq-platform successful [helminitcontainerit:test-hivemq-platform]
2025-01-27 17:05:02,431 INFO c.h.h.t.HelmChartContainer - [POD] test-hivemq-platform-0 [27b2f21b-ac2b-4194-8c8a-d2747cf473b8] in helminitcontainerit was MODIFIED
2025-01-27 17:05:02,437 INFO c.h.h.t.HelmChartContainer - [EVENT] Normal [Scheduled] Successfully assigned helminitcontainerit/test-hivemq-platform-0 to e7d25c28f32f [helminitcontainerit:test-hivemq-platform-0]
2025-01-27 17:05:02,445 INFO c.h.h.t.HelmChartContainer - [POD] test-hivemq-platform-0 [27b2f21b-ac2b-4194-8c8a-d2747cf473b8] in helminitcontainerit was MODIFIED
2025-01-27 17:05:02,491 INFO c.h.h.t.HelmChartContainer - [hivemq-test-hivemq-platform] [hivemq-platform-operator] [cab301d1] 17:05:02.486 [ReconcilerExecutor-hivemq-controller-63] INFO  c.h.p.o.HiveMQPlatformReconciler - [helminit] Reconciling HiveMQ Platform 'test-hivemq-platform' in namespace 'helminitcontainerit'
2025-01-27 17:05:02,491 INFO c.h.h.t.HelmChartContainer - [hivemq-test-hivemq-platform] [hivemq-platform-operator] [cab301d1] 17:05:02.487 [ReconcilerExecutor-hivemq-controller-63] DEBUG c.h.p.o.HiveMQPlatformReconciler - [helminit] Custom Resource Status STARTING - HiveMQ Platform is starting (READY)
2025-01-27 17:05:02,491 INFO c.h.h.t.HelmChartContainer - [hivemq-test-hivemq-platform] [hivemq-platform-operator] [cab301d1] 17:05:02.487 [ReconcilerExecutor-hivemq-controller-63] DEBUG c.h.p.o.HiveMQPlatformReconciler - [helminit] Custom Resource Spec (replicas: 1) (extensions: 1)
2025-01-27 17:05:02,493 INFO c.h.h.t.HelmChartContainer - [hivemq-test-hivemq-platform] [hivemq-platform-operator] [cab301d1] 17:05:02.490 [ReconcilerExecutor-hivemq-controller-63] DEBUG c.h.p.o.HiveMQPlatformReconciler - [helminit] StatefulSet Status (revision: null, replicas: 0, available: 0, ready: 0, current: 0, updated: 0)
2025-01-27 17:05:02,494 INFO c.h.h.t.HelmChartContainer - [hivemq-test-hivemq-platform] [hivemq-platform-operator] [cab301d1] 17:05:02.491 [ReconcilerExecutor-hivemq-controller-63] DEBUG c.h.p.o.HiveMQPlatformReconciler - [helminit] StatefulSet Spec (replicas: 1, init containers: 2, containers: 1, volumes: 5)
2025-01-27 17:05:02,498 INFO c.h.h.t.HelmChartContainer - [hivemq-test-hivemq-platform] [hivemq-platform-operator] [cab301d1] 17:05:02.497 [ReconcilerExecutor-hivemq-controller-63] INFO  c.h.p.o.h.HiveMQPlatformReconcilerBaseHandler - [helminit] HiveMQ Platform is starting, 0 of 1 replicas are ready
2025-01-27 17:05:02,500 INFO c.h.h.t.HelmChartContainer - [K3S] [reconciler_common.go:251] "operationExecutor.VerifyControllerAttachedVolume started for volume \"operator-init\" (UniqueName: \"kubernetes.io/empty-dir/27b2f21b-ac2b-4194-8c8a-d2747cf473b8-operator-init\") pod \"test-hivemq-platform-0\" (UID: \"27b2f21b-ac2b-4194-8c8a-d2747cf473b8\") " pod="helminitcontainerit/test-hivemq-platform-0"
2025-01-27 17:05:02,500 INFO c.h.h.t.HelmChartContainer - [K3S] [reconciler_common.go:251] "operationExecutor.VerifyControllerAttachedVolume started for volume \"kube-api-access-h44qh\" (UniqueName: \"kubernetes.io/projected/27b2f21b-ac2b-4194-8c8a-d2747cf473b8-kube-api-access-h44qh\") pod \"test-hivemq-platform-0\" (UID: \"27b2f21b-ac2b-4194-8c8a-d2747cf473b8\") " pod="helminitcontainerit/test-hivemq-platform-0"
2025-01-27 17:05:02,500 INFO c.h.h.t.HelmChartContainer - [K3S] [reconciler_common.go:251] "operationExecutor.VerifyControllerAttachedVolume started for volume \"license-volume\" (UniqueName: \"kubernetes.io/empty-dir/27b2f21b-ac2b-4194-8c8a-d2747cf473b8-license-volume\") pod \"test-hivemq-platform-0\" (UID: \"27b2f21b-ac2b-4194-8c8a-d2747cf473b8\") " pod="helminitcontainerit/test-hivemq-platform-0"
2025-01-27 17:05:02,500 INFO c.h.h.t.HelmChartContainer - [K3S] [reconciler_common.go:251] "operationExecutor.VerifyControllerAttachedVolume started for volume \"consul-template-volume\" (UniqueName: \"kubernetes.io/configmap/27b2f21b-ac2b-4194-8c8a-d2747cf473b8-consul-template-volume\") pod \"test-hivemq-platform-0\" (UID: \"27b2f21b-ac2b-4194-8c8a-d2747cf473b8\") " pod="helminitcontainerit/test-hivemq-platform-0"
2025-01-27 17:05:02,500 INFO c.h.h.t.HelmChartContainer - [K3S] [reconciler_common.go:251] "operationExecutor.VerifyControllerAttachedVolume started for volume \"pod-info\" (UniqueName: \"kubernetes.io/configmap/27b2f21b-ac2b-4194-8c8a-d2747cf473b8-pod-info\") pod \"test-hivemq-platform-0\" (UID: \"27b2f21b-ac2b-4194-8c8a-d2747cf473b8\") " pod="helminitcontainerit/test-hivemq-platform-0"
2025-01-27 17:05:02,500 INFO c.h.h.t.HelmChartContainer - [K3S] [reconciler_common.go:251] "operationExecutor.VerifyControllerAttachedVolume started for volume \"broker-configuration\" (UniqueName: \"kubernetes.io/configmap/27b2f21b-ac2b-4194-8c8a-d2747cf473b8-broker-configuration\") pod \"test-hivemq-platform-0\" (UID: \"27b2f21b-ac2b-4194-8c8a-d2747cf473b8\") " pod="helminitcontainerit/test-hivemq-platform-0"
2025-01-27 17:05:02,590 INFO c.h.h.t.HelmChartContainer - [hivemq-test-hivemq-platform] [hivemq-platform-operator] [cab301d1] 17:05:02.587 [pool-6-thread-22] DEBUG c.h.p.o.d.PlatformServiceResource - [helminit] Desired Platform services (3 services)
2025-01-27 17:05:02,590 INFO c.h.h.t.HelmChartContainer - [hivemq-test-hivemq-platform] [hivemq-platform-operator] [cab301d1] 17:05:02.589 [pool-6-thread-23] DEBUG c.h.p.o.dependants.PodInfoConfigMap - [helminit] Desired PodInfo ConfigMap (1 extensions) (1 enabled)
2025-01-27 17:05:02,590 INFO c.h.h.t.HelmChartContainer - [hivemq-test-hivemq-platform] [hivemq-platform-operator] [cab301d1] 17:05:02.589 [pool-6-thread-23] DEBUG c.h.p.o.dependants.PodInfoConfigMap - [helminit] Desired PodInfo ConfigMap (metrics port: 9399) (metrics path: /)
2025-01-27 17:05:02,590 INFO c.h.h.t.HelmChartContainer - [hivemq-test-hivemq-platform] [hivemq-platform-operator] [cab301d1] 17:05:02.589 [pool-6-thread-23] DEBUG c.h.p.o.dependants.PodInfoConfigMap - [helminit] Desired PodInfo ConfigMap (extension state hash: -1817474005)
2025-01-27 17:05:02,595 INFO c.h.h.t.HelmChartContainer - [hivemq-test-hivemq-platform] [hivemq-platform-operator] [cab301d1] 17:05:02.593 [pool-6-thread-27] DEBUG c.h.p.o.d.PodServiceAccountResource - [helminit] Desired PodServiceAccountResource (serviceAccountName: hivemq-platform-pod-test-hivemq-platform)
2025-01-27 17:05:02,694 INFO c.h.h.t.HelmChartContainer - [hivemq-test-hivemq-platform] [hivemq-platform-operator] [cab301d1] 17:05:02.692 [pool-6-thread-30] DEBUG c.h.p.o.d.StatefulSetResource - [helminit] Desired StatefulSet (1 replicas) for status STARTING (READY)
2025-01-27 17:05:02,703 INFO c.h.h.t.HelmChartContainer - [hivemq-test-hivemq-platform] [hivemq-platform-operator] [cab301d1] 17:05:02.702 [ReconcilerExecutor-hivemq-controller-75] INFO  c.h.p.o.HiveMQPlatformReconciler - [helminit] Reconciling HiveMQ Platform 'test-hivemq-platform' in namespace 'helminitcontainerit'
2025-01-27 17:05:02,704 INFO c.h.h.t.HelmChartContainer - [hivemq-test-hivemq-platform] [hivemq-platform-operator] [cab301d1] 17:05:02.702 [ReconcilerExecutor-hivemq-controller-75] DEBUG c.h.p.o.HiveMQPlatformReconciler - [helminit] Custom Resource Status STARTING - HiveMQ Platform is starting (READY)
2025-01-27 17:05:02,704 INFO c.h.h.t.HelmChartContainer - [hivemq-test-hivemq-platform] [hivemq-platform-operator] [cab301d1] 17:05:02.702 [ReconcilerExecutor-hivemq-controller-75] DEBUG c.h.p.o.HiveMQPlatformReconciler - [helminit] Custom Resource Spec (replicas: 1) (extensions: 1)
2025-01-27 17:05:02,706 INFO c.h.h.t.HelmChartContainer - [hivemq-test-hivemq-platform] [hivemq-platform-operator] [cab301d1] 17:05:02.705 [ReconcilerExecutor-hivemq-controller-75] DEBUG c.h.p.o.HiveMQPlatformReconciler - [helminit] StatefulSet Status (revision: test-hivemq-platform-786bb94bcc, replicas: 1, available: 0, ready: 0, current: 1, updated: 1)
2025-01-27 17:05:02,706 INFO c.h.h.t.HelmChartContainer - [hivemq-test-hivemq-platform] [hivemq-platform-operator] [cab301d1] 17:05:02.705 [ReconcilerExecutor-hivemq-controller-75] DEBUG c.h.p.o.HiveMQPlatformReconciler - [helminit] StatefulSet Spec (replicas: 1, init containers: 2, containers: 1, volumes: 5)
2025-01-27 17:05:02,799 INFO c.h.h.t.HelmChartContainer - [hivemq-test-hivemq-platform] [hivemq-platform-operator] [cab301d1] 17:05:02.798 [ReconcilerExecutor-hivemq-controller-75] DEBUG c.h.p.o.h.HiveMQPlatformReconcilerErrorHandler - [helminit] Pod 'test-hivemq-platform-0' phase Pending
2025-01-27 17:05:02,801 INFO c.h.h.t.HelmChartContainer - [hivemq-test-hivemq-platform] [hivemq-platform-operator] [cab301d1] 17:05:02.799 [ReconcilerExecutor-hivemq-controller-75] DEBUG c.h.p.o.h.HiveMQPlatformReconcilerErrorHandler - [helminit] Pod 'test-hivemq-platform-0' condition 'PodReadyToStartContainers': False
2025-01-27 17:05:02,801 INFO c.h.h.t.HelmChartContainer - [hivemq-test-hivemq-platform] [hivemq-platform-operator] [cab301d1] 17:05:02.800 [ReconcilerExecutor-hivemq-controller-75] DEBUG c.h.p.o.h.HiveMQPlatformReconcilerErrorHandler - [helminit] Pod 'test-hivemq-platform-0' condition 'Initialized': False
2025-01-27 17:05:02,801 INFO c.h.h.t.HelmChartContainer - [hivemq-test-hivemq-platform] [hivemq-platform-operator] [cab301d1] 17:05:02.800 [ReconcilerExecutor-hivemq-controller-75] DEBUG c.h.p.o.h.HiveMQPlatformReconcilerErrorHandler - [helminit] Pod 'test-hivemq-platform-0' condition 'Ready': False
2025-01-27 17:05:02,801 INFO c.h.h.t.HelmChartContainer - [hivemq-test-hivemq-platform] [hivemq-platform-operator] [cab301d1] 17:05:02.800 [ReconcilerExecutor-hivemq-controller-75] DEBUG c.h.p.o.h.HiveMQPlatformReconcilerErrorHandler - [helminit] Pod 'test-hivemq-platform-0' condition 'ContainersReady': False
2025-01-27 17:05:02,801 INFO c.h.h.t.HelmChartContainer - [hivemq-test-hivemq-platform] [hivemq-platform-operator] [cab301d1] 17:05:02.800 [ReconcilerExecutor-hivemq-controller-75] DEBUG c.h.p.o.h.HiveMQPlatformReconcilerErrorHandler - [helminit] Pod 'test-hivemq-platform-0' condition 'PodScheduled': True
2025-01-27 17:05:02,804 INFO c.h.h.t.HelmChartContainer - [hivemq-test-hivemq-platform] [hivemq-platform-operator] [cab301d1] 17:05:02.800 [ReconcilerExecutor-hivemq-controller-75] DEBUG c.h.p.o.h.HiveMQPlatformReconcilerErrorHandler - [helminit] Pod 'test-hivemq-platform-0' containerStatus 'hivemq' (started: false) (ready: false) (waiting: [PodInitializing] null)
2025-01-27 17:05:02,930 INFO c.h.h.t.HelmChartContainer - [hivemq-test-hivemq-platform] [hivemq-platform-operator] [cab301d1] 17:05:02.884 [ReconcilerExecutor-hivemq-controller-75] INFO  c.h.p.o.h.HiveMQPlatformReconcilerBaseHandler - [helminit] HiveMQ Platform is starting, 0 of 1 replicas are ready
2025-01-27 17:05:02,930 INFO c.h.h.t.HelmChartContainer - [hivemq-test-hivemq-platform] [hivemq-platform-operator] [cab301d1] 17:05:02.890 [pool-6-thread-32] DEBUG c.h.p.o.d.PlatformServiceResource - [helminit] Desired Platform services (3 services)
2025-01-27 17:05:02,930 INFO c.h.h.t.HelmChartContainer - [hivemq-test-hivemq-platform] [hivemq-platform-operator] [cab301d1] 17:05:02.893 [pool-6-thread-33] DEBUG c.h.p.o.dependants.PodInfoConfigMap - [helminit] Desired PodInfo ConfigMap (1 extensions) (1 enabled)
2025-01-27 17:05:02,930 INFO c.h.h.t.HelmChartContainer - [hivemq-test-hivemq-platform] [hivemq-platform-operator] [cab301d1] 17:05:02.894 [pool-6-thread-33] DEBUG c.h.p.o.dependants.PodInfoConfigMap - [helminit] Desired PodInfo ConfigMap (metrics port: 9399) (metrics path: /)
2025-01-27 17:05:02,930 INFO c.h.h.t.HelmChartContainer - [hivemq-test-hivemq-platform] [hivemq-platform-operator] [cab301d1] 17:05:02.894 [pool-6-thread-33] DEBUG c.h.p.o.dependants.PodInfoConfigMap - [helminit] Desired PodInfo ConfigMap (extension state hash: -1817474005)
2025-01-27 17:05:02,930 INFO c.h.h.t.HelmChartContainer - [hivemq-test-hivemq-platform] [hivemq-platform-operator] [cab301d1] 17:05:02.896 [pool-6-thread-37] DEBUG c.h.p.o.d.PodServiceAccountResource - [helminit] Desired PodServiceAccountResource (serviceAccountName: hivemq-platform-pod-test-hivemq-platform)
2025-01-27 17:05:03,119 INFO c.h.h.t.HelmChartContainer - [hivemq-test-hivemq-platform] [hivemq-platform-operator] [cab301d1] 17:05:02.987 [pool-6-thread-40] DEBUG c.h.p.o.d.StatefulSetResource - [helminit] Desired StatefulSet (1 replicas) for status STARTING (READY)
2025-01-27 17:05:03,119 INFO c.h.h.t.HelmChartContainer - [hivemq-test-hivemq-platform] [hivemq-platform-operator] [cab301d1] 17:05:02.992 [ReconcilerExecutor-hivemq-controller-86] INFO  c.h.p.o.HiveMQPlatformReconciler - [helminit] Reconciling HiveMQ Platform 'test-hivemq-platform' in namespace 'helminitcontainerit'
2025-01-27 17:05:03,123 INFO c.h.h.t.HelmChartContainer - [hivemq-test-hivemq-platform] [hivemq-platform-operator] [cab301d1] 17:05:02.993 [ReconcilerExecutor-hivemq-controller-86] DEBUG c.h.p.o.HiveMQPlatformReconciler - [helminit] Custom Resource Status STARTING - HiveMQ Platform is starting (READY)
2025-01-27 17:05:03,123 INFO c.h.h.t.HelmChartContainer - [hivemq-test-hivemq-platform] [hivemq-platform-operator] [cab301d1] 17:05:02.993 [ReconcilerExecutor-hivemq-controller-86] DEBUG c.h.p.o.HiveMQPlatformReconciler - [helminit] Custom Resource Spec (replicas: 1) (extensions: 1)
2025-01-27 17:05:03,124 INFO c.h.h.t.HelmChartContainer - [hivemq-test-hivemq-platform] [hivemq-platform-operator] [cab301d1] 17:05:02.994 [ReconcilerExecutor-hivemq-controller-86] DEBUG c.h.p.o.HiveMQPlatformReconciler - [helminit] StatefulSet Status (revision: test-hivemq-platform-786bb94bcc, replicas: 1, available: 0, ready: 0, current: 1, updated: 1)
2025-01-27 17:05:03,124 INFO c.h.h.t.HelmChartContainer - [hivemq-test-hivemq-platform] [hivemq-platform-operator] [cab301d1] 17:05:02.995 [ReconcilerExecutor-hivemq-controller-86] DEBUG c.h.p.o.HiveMQPlatformReconciler - [helminit] StatefulSet Spec (replicas: 1, init containers: 2, containers: 1, volumes: 5)
2025-01-27 17:05:03,124 INFO c.h.h.t.HelmChartContainer - [hivemq-test-hivemq-platform] [hivemq-platform-operator] [cab301d1] 17:05:02.996 [ReconcilerExecutor-hivemq-controller-86] DEBUG c.h.p.o.h.HiveMQPlatformReconcilerErrorHandler - [helminit] Pod 'test-hivemq-platform-0' phase Pending
2025-01-27 17:05:03,124 INFO c.h.h.t.HelmChartContainer - [hivemq-test-hivemq-platform] [hivemq-platform-operator] [cab301d1] 17:05:02.996 [ReconcilerExecutor-hivemq-controller-86] DEBUG c.h.p.o.h.HiveMQPlatformReconcilerErrorHandler - [helminit] Pod 'test-hivemq-platform-0' condition 'PodReadyToStartContainers': False
2025-01-27 17:05:03,124 INFO c.h.h.t.HelmChartContainer - [hivemq-test-hivemq-platform] [hivemq-platform-operator] [cab301d1] 17:05:02.996 [ReconcilerExecutor-hivemq-controller-86] DEBUG c.h.p.o.h.HiveMQPlatformReconcilerErrorHandler - [helminit] Pod 'test-hivemq-platform-0' condition 'Initialized': False
2025-01-27 17:05:03,124 INFO c.h.h.t.HelmChartContainer - [hivemq-test-hivemq-platform] [hivemq-platform-operator] [cab301d1] 17:05:02.996 [ReconcilerExecutor-hivemq-controller-86] DEBUG c.h.p.o.h.HiveMQPlatformReconcilerErrorHandler - [helminit] Pod 'test-hivemq-platform-0' condition 'Ready': False
2025-01-27 17:05:03,124 INFO c.h.h.t.HelmChartContainer - [hivemq-test-hivemq-platform] [hivemq-platform-operator] [cab301d1] 17:05:02.996 [ReconcilerExecutor-hivemq-controller-86] DEBUG c.h.p.o.h.HiveMQPlatformReconcilerErrorHandler - [helminit] Pod 'test-hivemq-platform-0' condition 'ContainersReady': False
2025-01-27 17:05:03,124 INFO c.h.h.t.HelmChartContainer - [hivemq-test-hivemq-platform] [hivemq-platform-operator] [cab301d1] 17:05:02.996 [ReconcilerExecutor-hivemq-controller-86] DEBUG c.h.p.o.h.HiveMQPlatformReconcilerErrorHandler - [helminit] Pod 'test-hivemq-platform-0' condition 'PodScheduled': True
2025-01-27 17:05:03,124 INFO c.h.h.t.HelmChartContainer - [hivemq-test-hivemq-platform] [hivemq-platform-operator] [cab301d1] 17:05:02.996 [ReconcilerExecutor-hivemq-controller-86] DEBUG c.h.p.o.h.HiveMQPlatformReconcilerErrorHandler - [helminit] Pod 'test-hivemq-platform-0' containerStatus 'hivemq' (started: false) (ready: false) (waiting: [PodInitializing] null)
2025-01-27 17:05:03,124 INFO c.h.h.t.HelmChartContainer - [hivemq-test-hivemq-platform] [hivemq-platform-operator] [cab301d1] 17:05:02.997 [ReconcilerExecutor-hivemq-controller-86] INFO  c.h.p.o.h.HiveMQPlatformReconcilerBaseHandler - [helminit] HiveMQ Platform is starting, 0 of 1 replicas are ready
2025-01-27 17:05:04,224 INFO c.h.h.t.HelmChartContainer - [EVENT] Normal [Pulling] Pulling image "hashicorp/consul-template:latest" [helminitcontainerit:test-hivemq-platform-0]
2025-01-27 17:05:05,182 INFO c.h.h.t.HelmChartContainer - [EVENT] Normal [Pulled] Successfully pulled image "hashicorp/consul-template:latest" in 958ms (958ms including waiting). Image size: 8961926 bytes. [helminitcontainerit:test-hivemq-platform-0]
2025-01-27 17:05:05,189 INFO c.h.h.t.HelmChartContainer - [EVENT] Normal [Created] Created container: consul-template-init-container [helminitcontainerit:test-hivemq-platform-0]
2025-01-27 17:05:05,241 INFO c.h.h.t.HelmChartContainer - [EVENT] Normal [Started] Started container consul-template-init-container [helminitcontainerit:test-hivemq-platform-0]
2025-01-27 17:05:05,467 INFO c.h.h.t.HelmChartContainer - [EVENT] Normal [Pulled] Container image "docker.io/hivemq/hivemq-platform-operator-init-test:snapshot" already present on machine [helminitcontainerit:test-hivemq-platform-0]
2025-01-27 17:05:05,481 INFO c.h.h.t.HelmChartContainer - [POD] test-hivemq-platform-0 [27b2f21b-ac2b-4194-8c8a-d2747cf473b8] in helminitcontainerit was MODIFIED
2025-01-27 17:05:05,501 INFO c.h.h.t.HelmChartContainer - [hivemq-test-hivemq-platform] [hivemq-platform-operator] [cab301d1] 17:05:05.495 [pool-6-thread-42] DEBUG c.h.p.o.d.PlatformServiceResource - [helminit] Desired Platform services (3 services)
2025-01-27 17:05:05,501 INFO c.h.h.t.HelmChartContainer - [hivemq-test-hivemq-platform] [hivemq-platform-operator] [cab301d1] 17:05:05.497 [pool-6-thread-43] DEBUG c.h.p.o.dependants.PodInfoConfigMap - [helminit] Desired PodInfo ConfigMap (1 extensions) (1 enabled)
2025-01-27 17:05:05,501 INFO c.h.h.t.HelmChartContainer - [hivemq-test-hivemq-platform] [hivemq-platform-operator] [cab301d1] 17:05:05.497 [pool-6-thread-43] DEBUG c.h.p.o.dependants.PodInfoConfigMap - [helminit] Desired PodInfo ConfigMap (metrics port: 9399) (metrics path: /)
2025-01-27 17:05:05,512 INFO c.h.h.t.HelmChartContainer - [hivemq-test-hivemq-platform] [hivemq-platform-operator] [cab301d1] 17:05:05.497 [pool-6-thread-43] DEBUG c.h.p.o.dependants.PodInfoConfigMap - [helminit] Desired PodInfo ConfigMap (extension state hash: -1817474005)
2025-01-27 17:05:05,512 INFO c.h.h.t.HelmChartContainer - [hivemq-test-hivemq-platform] [hivemq-platform-operator] [cab301d1] 17:05:05.503 [pool-6-thread-47] DEBUG c.h.p.o.d.PodServiceAccountResource - [helminit] Desired PodServiceAccountResource (serviceAccountName: hivemq-platform-pod-test-hivemq-platform)
2025-01-27 17:05:05,515 INFO c.h.h.t.HelmChartContainer - [EVENT] Normal [Created] Created container: hivemq-platform-operator-init [helminitcontainerit:test-hivemq-platform-0]
2025-01-27 17:05:05,534 INFO c.h.h.t.HelmChartContainer - [hivemq-test-hivemq-platform] [hivemq-platform-operator] [cab301d1] 17:05:05.531 [pool-6-thread-50] DEBUG c.h.p.o.d.StatefulSetResource - [helminit] Desired StatefulSet (1 replicas) for status STARTING (READY)
2025-01-27 17:05:05,556 INFO c.h.h.t.HelmChartContainer - [EVENT] Normal [Started] Started container hivemq-platform-operator-init [helminitcontainerit:test-hivemq-platform-0]
2025-01-27 17:05:05,597 INFO c.h.h.t.HelmChartContainer - [hivemq-test-hivemq-platform] [hivemq-platform-operator] [cab301d1] 17:05:05.594 [ReconcilerExecutor-hivemq-controller-97] INFO  c.h.p.o.HiveMQPlatformReconciler - [helminit] Reconciling HiveMQ Platform 'test-hivemq-platform' in namespace 'helminitcontainerit'
2025-01-27 17:05:05,597 INFO c.h.h.t.HelmChartContainer - [hivemq-test-hivemq-platform] [hivemq-platform-operator] [cab301d1] 17:05:05.594 [ReconcilerExecutor-hivemq-controller-97] DEBUG c.h.p.o.HiveMQPlatformReconciler - [helminit] Custom Resource Status STARTING - HiveMQ Platform is starting (READY)
2025-01-27 17:05:05,597 INFO c.h.h.t.HelmChartContainer - [hivemq-test-hivemq-platform] [hivemq-platform-operator] [cab301d1] 17:05:05.594 [ReconcilerExecutor-hivemq-controller-97] DEBUG c.h.p.o.HiveMQPlatformReconciler - [helminit] Custom Resource Spec (replicas: 1) (extensions: 1)
2025-01-27 17:05:05,629 INFO c.h.h.t.HelmChartContainer - [hivemq-test-hivemq-platform] [hivemq-platform-operator] [cab301d1] 17:05:05.626 [ReconcilerExecutor-hivemq-controller-97] DEBUG c.h.p.o.HiveMQPlatformReconciler - [helminit] StatefulSet Status (revision: test-hivemq-platform-786bb94bcc, replicas: 1, available: 0, ready: 0, current: 1, updated: 1)
2025-01-27 17:05:05,629 INFO c.h.h.t.HelmChartContainer - [hivemq-test-hivemq-platform] [hivemq-platform-operator] [cab301d1] 17:05:05.627 [ReconcilerExecutor-hivemq-controller-97] DEBUG c.h.p.o.HiveMQPlatformReconciler - [helminit] StatefulSet Spec (replicas: 1, init containers: 2, containers: 1, volumes: 5)
2025-01-27 17:05:05,632 INFO c.h.h.t.HelmChartContainer - [hivemq-test-hivemq-platform] [hivemq-platform-operator] [cab301d1] 17:05:05.631 [ReconcilerExecutor-hivemq-controller-97] DEBUG c.h.p.o.h.HiveMQPlatformReconcilerErrorHandler - [helminit] Pod 'test-hivemq-platform-0' phase Pending
2025-01-27 17:05:05,687 INFO c.h.h.t.HelmChartContainer - [hivemq-test-hivemq-platform] [hivemq-platform-operator] [cab301d1] 17:05:05.684 [ReconcilerExecutor-hivemq-controller-97] DEBUG c.h.p.o.h.HiveMQPlatformReconcilerErrorHandler - [helminit] Pod 'test-hivemq-platform-0' condition 'PodReadyToStartContainers': True
2025-01-27 17:05:05,687 INFO c.h.h.t.HelmChartContainer - [hivemq-test-hivemq-platform] [hivemq-platform-operator] [cab301d1] 17:05:05.684 [ReconcilerExecutor-hivemq-controller-97] DEBUG c.h.p.o.h.HiveMQPlatformReconcilerErrorHandler - [helminit] Pod 'test-hivemq-platform-0' condition 'Initialized': False
2025-01-27 17:05:05,687 INFO c.h.h.t.HelmChartContainer - [hivemq-test-hivemq-platform] [hivemq-platform-operator] [cab301d1] 17:05:05.684 [ReconcilerExecutor-hivemq-controller-97] DEBUG c.h.p.o.h.HiveMQPlatformReconcilerErrorHandler - [helminit] Pod 'test-hivemq-platform-0' condition 'Ready': False
2025-01-27 17:05:05,688 INFO c.h.h.t.HelmChartContainer - [hivemq-test-hivemq-platform] [hivemq-platform-operator] [cab301d1] 17:05:05.684 [ReconcilerExecutor-hivemq-controller-97] DEBUG c.h.p.o.h.HiveMQPlatformReconcilerErrorHandler - [helminit] Pod 'test-hivemq-platform-0' condition 'ContainersReady': False
2025-01-27 17:05:05,688 INFO c.h.h.t.HelmChartContainer - [hivemq-test-hivemq-platform] [hivemq-platform-operator] [cab301d1] 17:05:05.684 [ReconcilerExecutor-hivemq-controller-97] DEBUG c.h.p.o.h.HiveMQPlatformReconcilerErrorHandler - [helminit] Pod 'test-hivemq-platform-0' condition 'PodScheduled': True
2025-01-27 17:05:05,688 INFO c.h.h.t.HelmChartContainer - [hivemq-test-hivemq-platform] [hivemq-platform-operator] [cab301d1] 17:05:05.684 [ReconcilerExecutor-hivemq-controller-97] DEBUG c.h.p.o.h.HiveMQPlatformReconcilerErrorHandler - [helminit] Pod 'test-hivemq-platform-0' containerStatus 'hivemq' (started: false) (ready: false) (waiting: [PodInitializing] null)
2025-01-27 17:05:05,688 INFO c.h.h.t.HelmChartContainer - [hivemq-test-hivemq-platform] [hivemq-platform-operator] [cab301d1] 17:05:05.685 [ReconcilerExecutor-hivemq-controller-97] INFO  c.h.p.o.h.HiveMQPlatformReconcilerBaseHandler - [helminit] HiveMQ Platform is starting, 0 of 1 replicas are ready
2025-01-27 17:05:06,470 INFO c.h.h.t.HelmChartContainer - [EVENT] Normal [Pulled] Container image "docker.io/hivemq/hivemq4:4.35.0" already present on machine [helminitcontainerit:test-hivemq-platform-0]
2025-01-27 17:05:06,471 INFO c.h.h.t.HelmChartContainer - Received Pulled event for container hivemq in pod test-hivemq-platform-0 [27b2f21b-ac2b-4194-8c8a-d2747cf473b8]
2025-01-27 17:05:06,482 INFO c.h.h.t.HelmChartContainer - [POD] test-hivemq-platform-0 [27b2f21b-ac2b-4194-8c8a-d2747cf473b8] in helminitcontainerit was MODIFIED
2025-01-27 17:05:06,490 INFO c.h.h.t.HelmChartContainer - [EVENT] Normal [Created] Created container: hivemq [helminitcontainerit:test-hivemq-platform-0]
2025-01-27 17:05:06,490 INFO c.h.h.t.HelmChartContainer - Received Created event for container hivemq in pod test-hivemq-platform-0 [27b2f21b-ac2b-4194-8c8a-d2747cf473b8]
2025-01-27 17:05:06,504 INFO c.h.h.t.HelmChartContainer - [hivemq-test-hivemq-platform] [hivemq-platform-operator] [cab301d1] 17:05:06.500 [pool-6-thread-6] DEBUG c.h.p.o.d.PlatformServiceResource - [helminit] Desired Platform services (3 services)
2025-01-27 17:05:06,505 INFO c.h.h.t.HelmChartContainer - [hivemq-test-hivemq-platform] [hivemq-platform-operator] [cab301d1] 17:05:06.501 [pool-6-thread-5] DEBUG c.h.p.o.dependants.PodInfoConfigMap - [helminit] Desired PodInfo ConfigMap (1 extensions) (1 enabled)
2025-01-27 17:05:06,505 INFO c.h.h.t.HelmChartContainer - [hivemq-test-hivemq-platform] [hivemq-platform-operator] [cab301d1] 17:05:06.502 [pool-6-thread-5] DEBUG c.h.p.o.dependants.PodInfoConfigMap - [helminit] Desired PodInfo ConfigMap (metrics port: 9399) (metrics path: /)
2025-01-27 17:05:06,508 INFO c.h.h.t.HelmChartContainer - [hivemq-test-hivemq-platform] [hivemq-platform-operator] [cab301d1] 17:05:06.502 [pool-6-thread-5] DEBUG c.h.p.o.dependants.PodInfoConfigMap - [helminit] Desired PodInfo ConfigMap (extension state hash: -1817474005)
2025-01-27 17:05:06,508 INFO c.h.h.t.HelmChartContainer - [hivemq-test-hivemq-platform] [hivemq-platform-operator] [cab301d1] 17:05:06.505 [pool-6-thread-5] DEBUG c.h.p.o.d.PodServiceAccountResource - [helminit] Desired PodServiceAccountResource (serviceAccountName: hivemq-platform-pod-test-hivemq-platform)
2025-01-27 17:05:06,531 INFO c.h.h.t.HelmChartContainer - [hivemq-test-hivemq-platform] [hivemq-platform-operator] [cab301d1] 17:05:06.527 [pool-6-thread-6] DEBUG c.h.p.o.d.StatefulSetResource - [helminit] Desired StatefulSet (1 replicas) for status STARTING (READY)
2025-01-27 17:05:06,589 INFO c.h.h.t.HelmChartContainer - [hivemq-test-hivemq-platform] [hivemq-platform-operator] [cab301d1] 17:05:06.585 [ReconcilerExecutor-hivemq-controller-108] INFO  c.h.p.o.HiveMQPlatformReconciler - [helminit] Reconciling HiveMQ Platform 'test-hivemq-platform' in namespace 'helminitcontainerit'
2025-01-27 17:05:06,589 INFO c.h.h.t.HelmChartContainer - [hivemq-test-hivemq-platform] [hivemq-platform-operator] [cab301d1] 17:05:06.585 [ReconcilerExecutor-hivemq-controller-108] DEBUG c.h.p.o.HiveMQPlatformReconciler - [helminit] Custom Resource Status STARTING - HiveMQ Platform is starting (READY)
2025-01-27 17:05:06,589 INFO c.h.h.t.HelmChartContainer - [hivemq-test-hivemq-platform] [hivemq-platform-operator] [cab301d1] 17:05:06.585 [ReconcilerExecutor-hivemq-controller-108] DEBUG c.h.p.o.HiveMQPlatformReconciler - [helminit] Custom Resource Spec (replicas: 1) (extensions: 1)
2025-01-27 17:05:06,599 INFO c.h.h.t.HelmChartContainer - [hivemq-test-hivemq-platform] [hivemq-platform-operator] [cab301d1] 17:05:06.595 [ReconcilerExecutor-hivemq-controller-108] DEBUG c.h.p.o.HiveMQPlatformReconciler - [helminit] StatefulSet Status (revision: test-hivemq-platform-786bb94bcc, replicas: 1, available: 0, ready: 0, current: 1, updated: 1)
2025-01-27 17:05:06,599 INFO c.h.h.t.HelmChartContainer - [hivemq-test-hivemq-platform] [hivemq-platform-operator] [cab301d1] 17:05:06.595 [ReconcilerExecutor-hivemq-controller-108] DEBUG c.h.p.o.HiveMQPlatformReconciler - [helminit] StatefulSet Spec (replicas: 1, init containers: 2, containers: 1, volumes: 5)
2025-01-27 17:05:06,602 INFO c.h.h.t.HelmChartContainer - [hivemq-test-hivemq-platform] [hivemq-platform-operator] [cab301d1] 17:05:06.600 [ReconcilerExecutor-hivemq-controller-108] DEBUG c.h.p.o.h.HiveMQPlatformReconcilerErrorHandler - [helminit] Pod 'test-hivemq-platform-0' phase Pending
2025-01-27 17:05:06,603 INFO c.h.h.t.HelmChartContainer - [hivemq-test-hivemq-platform] [hivemq-platform-operator] [cab301d1] 17:05:06.600 [ReconcilerExecutor-hivemq-controller-108] DEBUG c.h.p.o.h.HiveMQPlatformReconcilerErrorHandler - [helminit] Pod 'test-hivemq-platform-0' condition 'PodReadyToStartContainers': True
2025-01-27 17:05:06,603 INFO c.h.h.t.HelmChartContainer - [hivemq-test-hivemq-platform] [hivemq-platform-operator] [cab301d1] 17:05:06.600 [ReconcilerExecutor-hivemq-controller-108] DEBUG c.h.p.o.h.HiveMQPlatformReconcilerErrorHandler - [helminit] Pod 'test-hivemq-platform-0' condition 'Initialized': True
2025-01-27 17:05:06,603 INFO c.h.h.t.HelmChartContainer - [hivemq-test-hivemq-platform] [hivemq-platform-operator] [cab301d1] 17:05:06.600 [ReconcilerExecutor-hivemq-controller-108] DEBUG c.h.p.o.h.HiveMQPlatformReconcilerErrorHandler - [helminit] Pod 'test-hivemq-platform-0' condition 'Ready': False
2025-01-27 17:05:06,603 INFO c.h.h.t.HelmChartContainer - [hivemq-test-hivemq-platform] [hivemq-platform-operator] [cab301d1] 17:05:06.600 [ReconcilerExecutor-hivemq-controller-108] DEBUG c.h.p.o.h.HiveMQPlatformReconcilerErrorHandler - [helminit] Pod 'test-hivemq-platform-0' condition 'ContainersReady': False
2025-01-27 17:05:06,605 INFO c.h.h.t.HelmChartContainer - [hivemq-test-hivemq-platform] [hivemq-platform-operator] [cab301d1] 17:05:06.600 [ReconcilerExecutor-hivemq-controller-108] DEBUG c.h.p.o.h.HiveMQPlatformReconcilerErrorHandler - [helminit] Pod 'test-hivemq-platform-0' condition 'PodScheduled': True
2025-01-27 17:05:06,605 INFO c.h.h.t.HelmChartContainer - [hivemq-test-hivemq-platform] [hivemq-platform-operator] [cab301d1] 17:05:06.600 [ReconcilerExecutor-hivemq-controller-108] DEBUG c.h.p.o.h.HiveMQPlatformReconcilerErrorHandler - [helminit] Pod 'test-hivemq-platform-0' containerStatus 'hivemq' (started: false) (ready: false) (waiting: [PodInitializing] null)
2025-01-27 17:05:06,606 INFO c.h.h.t.HelmChartContainer - [hivemq-test-hivemq-platform] [hivemq-platform-operator] [cab301d1] 17:05:06.603 [ReconcilerExecutor-hivemq-controller-108] INFO  c.h.p.o.h.HiveMQPlatformReconcilerBaseHandler - [helminit] HiveMQ Platform is starting, 0 of 1 replicas are ready
2025-01-27 17:05:07,500 INFO c.h.h.t.HelmChartContainer - [hivemq-test-hivemq-platform] [hivemq-platform-operator] [cab301d1] 17:05:07.489 [pool-6-thread-15] DEBUG c.h.p.o.d.PlatformServiceResource - [helminit] Desired Platform services (3 services)
2025-01-27 17:05:07,505 INFO c.h.h.t.HelmChartContainer - [hivemq-test-hivemq-platform] [hivemq-platform-operator] [cab301d1] 17:05:07.494 [pool-6-thread-16] DEBUG c.h.p.o.d.PodServiceAccountResource - [helminit] Desired PodServiceAccountResource (serviceAccountName: hivemq-platform-pod-test-hivemq-platform)
2025-01-27 17:05:07,505 INFO c.h.h.t.HelmChartContainer - [hivemq-test-hivemq-platform] [hivemq-platform-operator] [cab301d1] 17:05:07.494 [pool-6-thread-19] DEBUG c.h.p.o.dependants.PodInfoConfigMap - [helminit] Desired PodInfo ConfigMap (1 extensions) (1 enabled)
2025-01-27 17:05:07,505 INFO c.h.h.t.HelmChartContainer - [hivemq-test-hivemq-platform] [hivemq-platform-operator] [cab301d1] 17:05:07.494 [pool-6-thread-19] DEBUG c.h.p.o.dependants.PodInfoConfigMap - [helminit] Desired PodInfo ConfigMap (metrics port: 9399) (metrics path: /)
2025-01-27 17:05:07,505 INFO c.h.h.t.HelmChartContainer - [hivemq-test-hivemq-platform] [hivemq-platform-operator] [cab301d1] 17:05:07.494 [pool-6-thread-19] DEBUG c.h.p.o.dependants.PodInfoConfigMap - [helminit] Desired PodInfo ConfigMap (extension state hash: -1817474005)
2025-01-27 17:05:07,506 INFO c.h.h.t.HelmChartContainer - [POD] test-hivemq-platform-0 [27b2f21b-ac2b-4194-8c8a-d2747cf473b8] in helminitcontainerit was MODIFIED
2025-01-27 17:05:07,517 INFO c.h.h.t.HelmChartContainer - [hivemq-test-hivemq-platform] [hivemq-platform-operator] [cab301d1] 17:05:07.511 [pool-6-thread-15] DEBUG c.h.p.o.d.StatefulSetResource - [helminit] Desired StatefulSet (1 replicas) for status STARTING (READY)
2025-01-27 17:05:07,521 INFO c.h.h.t.HelmChartContainer - Started log watcher for hivemq in pod test-hivemq-platform-0 [27b2f21b-ac2b-4194-8c8a-d2747cf473b8]
2025-01-27 17:05:07,521 INFO c.h.h.t.HelmChartContainer - [test-hivemq-platform] [hivemq] [27b2f21b] Adding pre-installed HiveMQ Platform Operator extensions
2025-01-27 17:05:07,521 INFO c.h.h.t.HelmChartContainer - [test-hivemq-platform] [hivemq] [27b2f21b] Running as user 10000
2025-01-27 17:05:07,521 INFO c.h.h.t.HelmChartContainer - [test-hivemq-platform] [hivemq] [27b2f21b] Starting HiveMQ Platform Operator Init
2025-01-27 17:05:07,522 INFO c.h.h.t.HelmChartContainer - [EVENT] Normal [Started] Started container hivemq [helminitcontainerit:test-hivemq-platform-0]
2025-01-27 17:05:07,524 INFO c.h.h.t.HelmChartContainer - Received Started event for container hivemq in pod test-hivemq-platform-0 [27b2f21b-ac2b-4194-8c8a-d2747cf473b8]
2025-01-27 17:05:07,587 INFO c.h.h.t.HelmChartContainer - [hivemq-test-hivemq-platform] [hivemq-platform-operator] [cab301d1] 17:05:07.529 [ReconcilerExecutor-hivemq-controller-109] INFO  c.h.p.o.HiveMQPlatformReconciler - [helminit] Reconciling HiveMQ Platform 'test-hivemq-platform' in namespace 'helminitcontainerit'
2025-01-27 17:05:07,587 INFO c.h.h.t.HelmChartContainer - [hivemq-test-hivemq-platform] [hivemq-platform-operator] [cab301d1] 17:05:07.584 [ReconcilerExecutor-hivemq-controller-109] DEBUG c.h.p.o.HiveMQPlatformReconciler - [helminit] Custom Resource Status STARTING - HiveMQ Platform is starting (READY)
2025-01-27 17:05:07,587 INFO c.h.h.t.HelmChartContainer - [hivemq-test-hivemq-platform] [hivemq-platform-operator] [cab301d1] 17:05:07.584 [ReconcilerExecutor-hivemq-controller-109] DEBUG c.h.p.o.HiveMQPlatformReconciler - [helminit] Custom Resource Spec (replicas: 1) (extensions: 1)
2025-01-27 17:05:07,591 INFO c.h.h.t.HelmChartContainer - [hivemq-test-hivemq-platform] [hivemq-platform-operator] [cab301d1] 17:05:07.586 [ReconcilerExecutor-hivemq-controller-109] DEBUG c.h.p.o.HiveMQPlatformReconciler - [helminit] StatefulSet Status (revision: test-hivemq-platform-786bb94bcc, replicas: 1, available: 0, ready: 0, current: 1, updated: 1)
2025-01-27 17:05:07,592 INFO c.h.h.t.HelmChartContainer - [hivemq-test-hivemq-platform] [hivemq-platform-operator] [cab301d1] 17:05:07.586 [ReconcilerExecutor-hivemq-controller-109] DEBUG c.h.p.o.HiveMQPlatformReconciler - [helminit] StatefulSet Spec (replicas: 1, init containers: 2, containers: 1, volumes: 5)
2025-01-27 17:05:07,592 INFO c.h.h.t.HelmChartContainer - [hivemq-test-hivemq-platform] [hivemq-platform-operator] [cab301d1] 17:05:07.588 [ReconcilerExecutor-hivemq-controller-109] DEBUG c.h.p.o.h.HiveMQPlatformReconcilerErrorHandler - [helminit] Pod 'test-hivemq-platform-0' phase Running
2025-01-27 17:05:07,592 INFO c.h.h.t.HelmChartContainer - [hivemq-test-hivemq-platform] [hivemq-platform-operator] [cab301d1] 17:05:07.589 [ReconcilerExecutor-hivemq-controller-109] INFO  c.h.p.o.h.HiveMQPlatformReconcilerBaseHandler - [helminit] HiveMQ Platform is starting, 0 of 1 replicas are ready
2025-01-27 17:05:07,859 INFO c.h.h.t.HelmChartContainer - [test-hivemq-platform] [hivemq] [27b2f21b] INFO  - [HiveMQ Platform Operator Init 1.7.0-SNAPSHOT] HiveMQ Platform Operator Init 1.7.0-SNAPSHOT (commit: bebf408 on branch: HEAD) built on Sun Jan 26 20:47:47 UTC 2025
2025-01-27 17:05:09,063 INFO c.h.h.t.HelmChartContainer - [test-hivemq-platform] [hivemq] [27b2f21b] INFO  - [HiveMQ Platform Operator Init App 1.7.0-SNAPSHOT] Using bind address 10.42.0.6 from environment variable
2025-01-27 17:05:09,966 INFO c.h.h.t.HelmChartContainer - [test-hivemq-platform] [hivemq] [27b2f21b] INFO  - [HiveMQ Platform Operator Init App 1.7.0-SNAPSHOT] HiveMQ Platform Operator Init App 1.7.0-SNAPSHOT (commit: bebf408 on branch: HEAD) built on Sun Jan 26 20:47:47 UTC 2025
2025-01-27 17:05:09,966 INFO c.h.h.t.HelmChartContainer - [test-hivemq-platform] [hivemq] [27b2f21b] INFO  - [HiveMQ Platform Operator Init App 1.7.0-SNAPSHOT] PodInfo ConfigMap directory: /etc/podinfo
2025-01-27 17:05:09,967 INFO c.h.h.t.HelmChartContainer - [test-hivemq-platform] [hivemq] [27b2f21b] INFO  - [HiveMQ Platform Operator Init App 1.7.0-SNAPSHOT] HiveMQ home directory: /opt/hivemq
2025-01-27 17:05:09,967 INFO c.h.h.t.HelmChartContainer - [test-hivemq-platform] [hivemq] [27b2f21b] INFO  - [HiveMQ Platform Operator Init App 1.7.0-SNAPSHOT] HiveMQ Logback folder: /opt/hivemq/conf
2025-01-27 17:05:09,967 INFO c.h.h.t.HelmChartContainer - [test-hivemq-platform] [hivemq] [27b2f21b] INFO  - [HiveMQ Platform Operator Init App 1.7.0-SNAPSHOT] HiveMQ Config folder: /opt/hivemq/conf-k8s
2025-01-27 17:05:09,967 INFO c.h.h.t.HelmChartContainer - [test-hivemq-platform] [hivemq] [27b2f21b] INFO  - [HiveMQ Platform Operator Init App 1.7.0-SNAPSHOT] Starting HiveMQ Platform Operator Init App
2025-01-27 17:05:09,967 INFO c.h.h.t.HelmChartContainer - [test-hivemq-platform] [hivemq] [27b2f21b] INFO  - [HiveMQ Platform Operator Init App 1.7.0-SNAPSHOT] Starting Pod reconciler
2025-01-27 17:05:10,519 INFO c.h.h.t.HelmChartContainer - [EVENT] Warning [Unhealthy] Readiness probe failed: Get "http://10.42.0.6:7979/readiness": context deadline exceeded (Client.Timeout exceeded while awaiting headers) [helminitcontainerit:test-hivemq-platform-0]
2025-01-27 17:05:10,519 INFO c.h.h.t.HelmChartContainer - Received Unhealthy event for container hivemq in pod test-hivemq-platform-0 [27b2f21b-ac2b-4194-8c8a-d2747cf473b8]
2025-01-27 17:05:11,261 INFO c.h.h.t.HelmChartContainer - [test-hivemq-platform] [hivemq] [27b2f21b] INFO  - [HiveMQ Platform Operator Init App 1.7.0-SNAPSHOT] Pod reconciler is scheduled (interval: 5000 ms)
2025-01-27 17:05:11,262 INFO c.h.h.t.HelmChartContainer - [test-hivemq-platform] [hivemq] [27b2f21b] INFO  - [HiveMQ Platform Operator Init App 1.7.0-SNAPSHOT] Starting the REST API on 10.42.0.6:7979
2025-01-27 17:05:11,266 INFO c.h.h.t.HelmChartContainer - [test-hivemq-platform] [hivemq] [27b2f21b] INFO  - [HiveMQ Platform Operator Init App 1.7.0-SNAPSHOT] Waiting up to 600s for at most 1 HiveMQ nodes in cluster service hivemq-test-hivemq-platform-cluster.helminitcontainerit.svc
2025-01-27 17:05:11,271 INFO c.h.h.t.HelmChartContainer - [test-hivemq-platform] [hivemq] [27b2f21b] INFO  - [HiveMQ Platform Operator Init App 1.7.0-SNAPSHOT] Returning default Health API response 503 for readiness
2025-01-27 17:05:11,858 INFO c.h.h.t.HelmChartContainer - [test-hivemq-platform] [hivemq] [27b2f21b] INFO  - [HiveMQ Platform Operator Init App 1.7.0-SNAPSHOT] Resolved 1 IP addresses: [10.42.0.6]
2025-01-27 17:05:11,858 INFO c.h.h.t.HelmChartContainer - [test-hivemq-platform] [hivemq] [27b2f21b] INFO  - [HiveMQ Platform Operator Init App 1.7.0-SNAPSHOT] HiveMQ node count of 1 is within threshold of 1
2025-01-27 17:05:11,858 INFO c.h.h.t.HelmChartContainer - [test-hivemq-platform] [hivemq] [27b2f21b] INFO  - [HiveMQ Platform Operator Init App 1.7.0-SNAPSHOT] Proceeding with container start
2025-01-27 17:05:11,875 INFO c.h.h.t.HelmChartContainer - [test-hivemq-platform] [hivemq] [27b2f21b] INFO  - [HiveMQ Platform Operator Init App 1.7.0-SNAPSHOT] Initializing HiveMQ Platform extensions with initial configuration: {hivemq-allow-all-extension={start-priority=-1, skip-https-hostname-verification=false, restart=true, config-version=0, header-version=0, c-uri=, priority=-1, uri=preinstalled, skip-https-certificate-validation=false, enabled=true}, hivemq-prometheus-extension={restart=true, priority=-1, start-priority=-1, c-uri=, skip-https-hostname-verification=false, skip-https-certificate-validation=false, uri=preinstalled, request-header-path=no-request-headers, enabled=true}}
2025-01-27 17:05:12,277 INFO c.h.h.t.HelmChartContainer - [test-hivemq-platform] [hivemq] [27b2f21b] INFO  - [HiveMQ Platform Operator Init App 1.7.0-SNAPSHOT] Extension hivemq-allow-all-extension was already enabled
2025-01-27 17:05:12,364 INFO c.h.h.t.HelmChartContainer - [test-hivemq-platform] [hivemq] [27b2f21b] INFO  - [HiveMQ Platform Operator Init App 1.7.0-SNAPSHOT] Successfully enabled extension hivemq-prometheus-extension
2025-01-27 17:05:12,366 INFO c.h.h.t.HelmChartContainer - [test-hivemq-platform] [hivemq] [27b2f21b] INFO  - [HiveMQ Platform Operator Init App 1.7.0-SNAPSHOT] Starting HiveMQ Platform version 4.35.0 (4.35.0)
2025-01-27 17:05:12,367 INFO c.h.h.t.HelmChartContainer - [test-hivemq-platform] [hivemq] [27b2f21b] INFO  - [HiveMQ Platform Operator Init App 1.7.0-SNAPSHOT] Configuring the HiveMQ Platform
2025-01-27 17:05:12,462 INFO c.h.h.t.HelmChartContainer - [test-hivemq-platform] [hivemq] [27b2f21b] INFO  - [HiveMQ Platform Operator Init App 1.7.0-SNAPSHOT] Changed logback.xml file scan period to 20 seconds
2025-01-27 17:05:12,558 INFO c.h.h.t.HelmChartContainer - [test-hivemq-platform] [hivemq] [27b2f21b] INFO  - [HiveMQ Platform Operator Init App 1.7.0-SNAPSHOT] Starting the HiveMQ Platform
2025-01-27 17:05:12,561 INFO c.h.h.t.HelmChartContainer - [test-hivemq-platform] [hivemq] [27b2f21b] -------------------------------------------------------------------------
2025-01-27 17:05:12,561 INFO c.h.h.t.HelmChartContainer - [test-hivemq-platform] [hivemq] [27b2f21b] 
2025-01-27 17:05:12,561 INFO c.h.h.t.HelmChartContainer - [test-hivemq-platform] [hivemq] [27b2f21b]                   _    _  _              __  __   ____
2025-01-27 17:05:12,561 INFO c.h.h.t.HelmChartContainer - [test-hivemq-platform] [hivemq] [27b2f21b]                  | |  | |(_)            |  \/  | / __ \
2025-01-27 17:05:12,561 INFO c.h.h.t.HelmChartContainer - [test-hivemq-platform] [hivemq] [27b2f21b]                  | |__| | _ __   __ ___ | \  / || |  | |
2025-01-27 17:05:12,561 INFO c.h.h.t.HelmChartContainer - [test-hivemq-platform] [hivemq] [27b2f21b]                  |  __  || |\ \ / // _ \| |\/| || |  | |
2025-01-27 17:05:12,561 INFO c.h.h.t.HelmChartContainer - [test-hivemq-platform] [hivemq] [27b2f21b]                  | |  | || | \ V /|  __/| |  | || |__| |
2025-01-27 17:05:12,561 INFO c.h.h.t.HelmChartContainer - [test-hivemq-platform] [hivemq] [27b2f21b]                  |_|  |_||_|  \_/  \___||_|  |_| \___\_\
2025-01-27 17:05:12,561 INFO c.h.h.t.HelmChartContainer - [test-hivemq-platform] [hivemq] [27b2f21b] 
2025-01-27 17:05:12,561 INFO c.h.h.t.HelmChartContainer - [test-hivemq-platform] [hivemq] [27b2f21b] -------------------------------------------------------------------------
2025-01-27 17:05:12,561 INFO c.h.h.t.HelmChartContainer - [test-hivemq-platform] [hivemq] [27b2f21b] 
2025-01-27 17:05:12,561 INFO c.h.h.t.HelmChartContainer - [test-hivemq-platform] [hivemq] [27b2f21b]   HiveMQ Start Script for Linux/Unix v1.14
2025-01-27 17:05:12,561 INFO c.h.h.t.HelmChartContainer - [test-hivemq-platform] [hivemq] [27b2f21b] 
2025-01-27 17:05:12,591 INFO c.h.h.t.HelmChartContainer - [test-hivemq-platform] [hivemq] [27b2f21b] -------------------------------------------------------------------------
2025-01-27 17:05:12,591 INFO c.h.h.t.HelmChartContainer - [test-hivemq-platform] [hivemq] [27b2f21b] 
2025-01-27 17:05:12,591 INFO c.h.h.t.HelmChartContainer - [test-hivemq-platform] [hivemq] [27b2f21b]   HIVEMQ_HOME: /opt/hivemq
2025-01-27 17:05:12,591 INFO c.h.h.t.HelmChartContainer - [test-hivemq-platform] [hivemq] [27b2f21b] 
2025-01-27 17:05:12,591 INFO c.h.h.t.HelmChartContainer - [test-hivemq-platform] [hivemq] [27b2f21b]   JAVA_OPTS: -XX:+UnlockExperimentalVMOptions -XX:InitialRAMPercentage=50 -XX:MaxRAMPercentage=50 -Djava.net.preferIPv4Stack=true --add-opens java.base/java.lang=ALL-UNNAMED --add-opens java.base/java.nio=ALL-UNNAMED --add-opens java.base/sun.nio.ch=ALL-UNNAMED --add-opens jdk.management/com.sun.management.internal=ALL-UNNAMED --add-exports java.base/jdk.internal.misc=ALL-UNNAMED -Djava.security.egd=file:/dev/./urandom -Dcom.sun.management.jmxremote -Dcom.sun.management.jmxremote.port=9010 -Dcom.sun.management.jmxremote.local.only=false -Dcom.sun.management.jmxremote.authenticate=false -Dcom.sun.management.jmxremote.ssl=false -Duser.language=en -Duser.region=US -XX:+CrashOnOutOfMemoryError -XX:+HeapDumpOnOutOfMemoryError
2025-01-27 17:05:12,591 INFO c.h.h.t.HelmChartContainer - [test-hivemq-platform] [hivemq] [27b2f21b] 
2025-01-27 17:05:12,591 INFO c.h.h.t.HelmChartContainer - [test-hivemq-platform] [hivemq] [27b2f21b]   JAVA_VERSION: 21
2025-01-27 17:05:12,591 INFO c.h.h.t.HelmChartContainer - [test-hivemq-platform] [hivemq] [27b2f21b] 
2025-01-27 17:05:12,591 INFO c.h.h.t.HelmChartContainer - [test-hivemq-platform] [hivemq] [27b2f21b] -------------------------------------------------------------------------
2025-01-27 17:05:12,591 INFO c.h.h.t.HelmChartContainer - [test-hivemq-platform] [hivemq] [27b2f21b] 
2025-01-27 17:05:14,489 INFO c.h.h.t.HelmChartContainer - [EVENT] Warning [Unhealthy] Readiness probe failed: HTTP probe failed with statuscode: 503 [helminitcontainerit:test-hivemq-platform-0]
2025-01-27 17:05:14,489 INFO c.h.h.t.HelmChartContainer - Received Unhealthy event for container hivemq in pod test-hivemq-platform-0 [27b2f21b-ac2b-4194-8c8a-d2747cf473b8]
2025-01-27 17:05:15,073 INFO c.h.h.t.HelmChartContainer - [test-hivemq-platform] [hivemq] [27b2f21b] INFO  - Starting HiveMQ Enterprise Server
2025-01-27 17:05:15,160 INFO c.h.h.t.HelmChartContainer - [test-hivemq-platform] [hivemq] [27b2f21b] INFO  - HiveMQ version: 4.35.0
2025-01-27 17:05:15,160 INFO c.h.h.t.HelmChartContainer - [test-hivemq-platform] [hivemq] [27b2f21b] INFO  - HiveMQ home directory: /opt/hivemq
2025-01-27 17:05:15,161 INFO c.h.h.t.HelmChartContainer - [test-hivemq-platform] [hivemq] [27b2f21b] INFO  - Log Configuration was overridden by /opt/hivemq/conf/logback.xml
2025-01-27 17:05:15,788 INFO c.h.h.t.HelmChartContainer - [K3S] [range_allocator.go:247] "Successfully synced" key="e7d25c28f32f"
2025-01-27 17:05:16,275 INFO c.h.h.t.HelmChartContainer - [test-hivemq-platform] [hivemq] [27b2f21b] INFO  - Successfully loaded configuration from '/opt/hivemq/conf-k8s/config.xml'.
2025-01-27 17:05:16,957 INFO c.h.h.t.HelmChartContainer - [test-hivemq-platform] [hivemq] [27b2f21b] INFO  - This node's ID is DYJtw
2025-01-27 17:05:16,958 INFO c.h.h.t.HelmChartContainer - [test-hivemq-platform] [hivemq] [27b2f21b] INFO  - Clustering is enabled
2025-01-27 17:05:17,600 INFO c.h.h.t.HelmChartContainer - [hivemq-test-hivemq-platform] [hivemq-platform-operator] [cab301d1] 17:05:17.593 [pool-6-thread-21] DEBUG c.h.p.o.d.PlatformServiceResource - [helminit] Desired Platform services (3 services)
2025-01-27 17:05:17,600 INFO c.h.h.t.HelmChartContainer - [hivemq-test-hivemq-platform] [hivemq-platform-operator] [cab301d1] 17:05:17.595 [pool-6-thread-27] DEBUG c.h.p.o.d.PodServiceAccountResource - [helminit] Desired PodServiceAccountResource (serviceAccountName: hivemq-platform-pod-test-hivemq-platform)
2025-01-27 17:05:17,601 INFO c.h.h.t.HelmChartContainer - [hivemq-test-hivemq-platform] [hivemq-platform-operator] [cab301d1] 17:05:17.598 [pool-6-thread-25] DEBUG c.h.p.o.dependants.PodInfoConfigMap - [helminit] Desired PodInfo ConfigMap (1 extensions) (1 enabled)
2025-01-27 17:05:17,601 INFO c.h.h.t.HelmChartContainer - [hivemq-test-hivemq-platform] [hivemq-platform-operator] [cab301d1] 17:05:17.598 [pool-6-thread-25] DEBUG c.h.p.o.dependants.PodInfoConfigMap - [helminit] Desired PodInfo ConfigMap (metrics port: 9399) (metrics path: /)
2025-01-27 17:05:17,601 INFO c.h.h.t.HelmChartContainer - [hivemq-test-hivemq-platform] [hivemq-platform-operator] [cab301d1] 17:05:17.598 [pool-6-thread-25] DEBUG c.h.p.o.dependants.PodInfoConfigMap - [helminit] Desired PodInfo ConfigMap (extension state hash: -1817474005)
2025-01-27 17:05:17,606 INFO c.h.h.t.HelmChartContainer - [hivemq-test-hivemq-platform] [hivemq-platform-operator] [cab301d1] 17:05:17.603 [pool-6-thread-25] DEBUG c.h.p.o.d.StatefulSetResource - [helminit] Desired StatefulSet (1 replicas) for status STARTING (READY)
2025-01-27 17:05:17,610 INFO c.h.h.t.HelmChartContainer - [hivemq-test-hivemq-platform] [hivemq-platform-operator] [cab301d1] 17:05:17.609 [ReconcilerExecutor-hivemq-controller-110] INFO  c.h.p.o.HiveMQPlatformReconciler - [helminit] Reconciling HiveMQ Platform 'test-hivemq-platform' in namespace 'helminitcontainerit'
2025-01-27 17:05:17,610 INFO c.h.h.t.HelmChartContainer - [hivemq-test-hivemq-platform] [hivemq-platform-operator] [cab301d1] 17:05:17.609 [ReconcilerExecutor-hivemq-controller-110] DEBUG c.h.p.o.HiveMQPlatformReconciler - [helminit] Custom Resource Status STARTING - HiveMQ Platform is starting (READY)
2025-01-27 17:05:17,612 INFO c.h.h.t.HelmChartContainer - [hivemq-test-hivemq-platform] [hivemq-platform-operator] [cab301d1] 17:05:17.610 [ReconcilerExecutor-hivemq-controller-110] DEBUG c.h.p.o.HiveMQPlatformReconciler - [helminit] Custom Resource Spec (replicas: 1) (extensions: 1)
2025-01-27 17:05:17,687 INFO c.h.h.t.HelmChartContainer - [hivemq-test-hivemq-platform] [hivemq-platform-operator] [cab301d1] 17:05:17.685 [ReconcilerExecutor-hivemq-controller-110] DEBUG c.h.p.o.HiveMQPlatformReconciler - [helminit] StatefulSet Status (revision: test-hivemq-platform-786bb94bcc, replicas: 1, available: 0, ready: 0, current: 1, updated: 1)
2025-01-27 17:05:17,687 INFO c.h.h.t.HelmChartContainer - [hivemq-test-hivemq-platform] [hivemq-platform-operator] [cab301d1] 17:05:17.686 [ReconcilerExecutor-hivemq-controller-110] DEBUG c.h.p.o.HiveMQPlatformReconciler - [helminit] StatefulSet Spec (replicas: 1, init containers: 2, containers: 1, volumes: 5)
2025-01-27 17:05:17,689 INFO c.h.h.t.HelmChartContainer - [hivemq-test-hivemq-platform] [hivemq-platform-operator] [cab301d1] 17:05:17.688 [ReconcilerExecutor-hivemq-controller-110] DEBUG c.h.p.o.h.HiveMQPlatformReconcilerErrorHandler - [helminit] Pod 'test-hivemq-platform-0' phase Running
2025-01-27 17:05:17,690 INFO c.h.h.t.HelmChartContainer - [hivemq-test-hivemq-platform] [hivemq-platform-operator] [cab301d1] 17:05:17.689 [ReconcilerExecutor-hivemq-controller-110] INFO  c.h.p.o.h.HiveMQPlatformReconcilerBaseHandler - [helminit] HiveMQ Platform is starting, 0 of 1 replicas are ready
2025-01-27 17:05:20,065 INFO c.h.h.t.HelmChartContainer - [test-hivemq-platform] [hivemq] [27b2f21b] WARN  - [HiveMQ Platform Operator Init App 1.7.0-SNAPSHOT] Cannot connect to Health API for readiness: null
2025-01-27 17:05:20,069 INFO c.h.h.t.HelmChartContainer - [EVENT] Warning [Unhealthy] Readiness probe failed: HTTP probe failed with statuscode: 503 [helminitcontainerit:test-hivemq-platform-0]
2025-01-27 17:05:20,069 INFO c.h.h.t.HelmChartContainer - Received Unhealthy event for container hivemq in pod test-hivemq-platform-0 [27b2f21b-ac2b-4194-8c8a-d2747cf473b8]
2025-01-27 17:05:21,568 INFO c.h.h.t.HelmChartContainer - [test-hivemq-platform] [hivemq] [27b2f21b] Jan 27, 2025 5:05:21 PM io.vertx.core.impl.BlockedThreadChecker
2025-01-27 17:05:21,568 INFO c.h.h.t.HelmChartContainer - [test-hivemq-platform] [hivemq] [27b2f21b] WARNING: Thread Thread[vert.x-eventloop-thread-1,5,main] has been blocked for 2494 ms, time limit is 2000 ms
2025-01-27 17:05:22,562 INFO c.h.h.t.HelmChartContainer - [test-hivemq-platform] [hivemq] [27b2f21b] Jan 27, 2025 5:05:22 PM io.vertx.core.impl.BlockedThreadChecker
2025-01-27 17:05:22,564 INFO c.h.h.t.HelmChartContainer - [test-hivemq-platform] [hivemq] [27b2f21b] WARNING: Thread Thread[vert.x-eventloop-thread-1,5,main] has been blocked for 3495 ms, time limit is 2000 ms
2025-01-27 17:05:22,961 INFO c.h.h.t.HelmChartContainer - [test-hivemq-platform] [hivemq] [27b2f21b] INFO  - [HiveMQ Platform Operator Init App 1.7.0-SNAPSHOT] Updating Pod HiveMQ Platform Operator Init App version annotation (version: 1.7.0-SNAPSHOT)
2025-01-27 17:05:23,581 INFO c.h.h.t.HelmChartContainer - [POD] test-hivemq-platform-0 [27b2f21b-ac2b-4194-8c8a-d2747cf473b8] in helminitcontainerit was MODIFIED
2025-01-27 17:05:23,588 INFO c.h.h.t.HelmChartContainer - [hivemq-test-hivemq-platform] [hivemq-platform-operator] [cab301d1] 17:05:23.583 [pool-6-thread-37] DEBUG c.h.p.o.d.PlatformServiceResource - [helminit] Desired Platform services (3 services)
2025-01-27 17:05:23,588 INFO c.h.h.t.HelmChartContainer - [hivemq-test-hivemq-platform] [hivemq-platform-operator] [cab301d1] 17:05:23.583 [pool-6-thread-33] DEBUG c.h.p.o.dependants.PodInfoConfigMap - [helminit] Desired PodInfo ConfigMap (1 extensions) (1 enabled)
2025-01-27 17:05:23,588 INFO c.h.h.t.HelmChartContainer - [hivemq-test-hivemq-platform] [hivemq-platform-operator] [cab301d1] 17:05:23.587 [pool-6-thread-36] DEBUG c.h.p.o.d.PodServiceAccountResource - [helminit] Desired PodServiceAccountResource (serviceAccountName: hivemq-platform-pod-test-hivemq-platform)
2025-01-27 17:05:23,591 INFO c.h.h.t.HelmChartContainer - [hivemq-test-hivemq-platform] [hivemq-platform-operator] [cab301d1] 17:05:23.584 [pool-6-thread-33] DEBUG c.h.p.o.dependants.PodInfoConfigMap - [helminit] Desired PodInfo ConfigMap (metrics port: 9399) (metrics path: /)
2025-01-27 17:05:23,591 INFO c.h.h.t.HelmChartContainer - [hivemq-test-hivemq-platform] [hivemq-platform-operator] [cab301d1] 17:05:23.589 [pool-6-thread-33] DEBUG c.h.p.o.dependants.PodInfoConfigMap - [helminit] Desired PodInfo ConfigMap (extension state hash: -1817474005)
2025-01-27 17:05:23,595 INFO c.h.h.t.HelmChartContainer - [hivemq-test-hivemq-platform] [hivemq-platform-operator] [cab301d1] 17:05:23.592 [pool-6-thread-33] DEBUG c.h.p.o.d.StatefulSetResource - [helminit] Desired StatefulSet (1 replicas) for status STARTING (READY)
2025-01-27 17:05:23,629 INFO c.h.h.t.HelmChartContainer - [hivemq-test-hivemq-platform] [hivemq-platform-operator] [cab301d1] 17:05:23.626 [ReconcilerExecutor-hivemq-controller-111] INFO  c.h.p.o.HiveMQPlatformReconciler - [helminit] Reconciling HiveMQ Platform 'test-hivemq-platform' in namespace 'helminitcontainerit'
2025-01-27 17:05:23,629 INFO c.h.h.t.HelmChartContainer - [hivemq-test-hivemq-platform] [hivemq-platform-operator] [cab301d1] 17:05:23.626 [ReconcilerExecutor-hivemq-controller-111] DEBUG c.h.p.o.HiveMQPlatformReconciler - [helminit] Custom Resource Status STARTING - HiveMQ Platform is starting (READY)
2025-01-27 17:05:23,629 INFO c.h.h.t.HelmChartContainer - [hivemq-test-hivemq-platform] [hivemq-platform-operator] [cab301d1] 17:05:23.626 [ReconcilerExecutor-hivemq-controller-111] DEBUG c.h.p.o.HiveMQPlatformReconciler - [helminit] Custom Resource Spec (replicas: 1) (extensions: 1)
2025-01-27 17:05:23,631 INFO c.h.h.t.HelmChartContainer - [hivemq-test-hivemq-platform] [hivemq-platform-operator] [cab301d1] 17:05:23.628 [ReconcilerExecutor-hivemq-controller-111] DEBUG c.h.p.o.HiveMQPlatformReconciler - [helminit] StatefulSet Status (revision: test-hivemq-platform-786bb94bcc, replicas: 1, available: 0, ready: 0, current: 1, updated: 1)
2025-01-27 17:05:23,633 INFO c.h.h.t.HelmChartContainer - [hivemq-test-hivemq-platform] [hivemq-platform-operator] [cab301d1] 17:05:23.629 [ReconcilerExecutor-hivemq-controller-111] DEBUG c.h.p.o.HiveMQPlatformReconciler - [helminit] StatefulSet Spec (replicas: 1, init containers: 2, containers: 1, volumes: 5)
2025-01-27 17:05:23,633 INFO c.h.h.t.HelmChartContainer - [hivemq-test-hivemq-platform] [hivemq-platform-operator] [cab301d1] 17:05:23.631 [ReconcilerExecutor-hivemq-controller-111] DEBUG c.h.p.o.h.HiveMQPlatformReconcilerErrorHandler - [helminit] Pod 'test-hivemq-platform-0' phase Running
2025-01-27 17:05:23,633 INFO c.h.h.t.HelmChartContainer - [hivemq-test-hivemq-platform] [hivemq-platform-operator] [cab301d1] 17:05:23.632 [ReconcilerExecutor-hivemq-controller-111] INFO  c.h.p.o.h.HiveMQPlatformReconcilerBaseHandler - [helminit] HiveMQ Platform is starting, 0 of 1 replicas are ready
2025-01-27 17:05:23,664 INFO c.h.h.t.HelmChartContainer - [test-hivemq-platform] [hivemq] [27b2f21b] WARN  - [HiveMQ Platform Operator Init App 1.7.0-SNAPSHOT] Cannot connect to Health API for readiness: null
2025-01-27 17:05:23,670 INFO c.h.h.t.HelmChartContainer - [EVENT] Warning [Unhealthy] Readiness probe failed: HTTP probe failed with statuscode: 503 [helminitcontainerit:test-hivemq-platform-0]
2025-01-27 17:05:23,670 INFO c.h.h.t.HelmChartContainer - Received Unhealthy event for container hivemq in pod test-hivemq-platform-0 [27b2f21b-ac2b-4194-8c8a-d2747cf473b8]
2025-01-27 17:05:23,759 INFO c.h.h.t.HelmChartContainer - [test-hivemq-platform] [hivemq] [27b2f21b] INFO  - [HiveMQ Platform Operator Init App 1.7.0-SNAPSHOT] Successfully updated Pod HiveMQ Platform Operator Init App version annotation (version: 1.7.0-SNAPSHOT)
2025-01-27 17:05:28,658 INFO c.h.h.t.HelmChartContainer - [test-hivemq-platform] [hivemq] [27b2f21b] WARN  - [HiveMQ Platform Operator Init App 1.7.0-SNAPSHOT] Cannot connect to Health API for readiness: null
2025-01-27 17:05:28,663 INFO c.h.h.t.HelmChartContainer - [EVENT] Warning [Unhealthy] Readiness probe failed: HTTP probe failed with statuscode: 503 [helminitcontainerit:test-hivemq-platform-0]
2025-01-27 17:05:28,663 INFO c.h.h.t.HelmChartContainer - Received Unhealthy event for container hivemq in pod test-hivemq-platform-0 [27b2f21b-ac2b-4194-8c8a-d2747cf473b8]
2025-01-27 17:05:32,760 INFO c.h.h.t.HelmChartContainer - [test-hivemq-platform] [hivemq] [27b2f21b] WARN  - [HiveMQ Platform Operator Init App 1.7.0-SNAPSHOT] Cannot connect to Health API for liveness: null
2025-01-27 17:05:32,761 INFO c.h.h.t.HelmChartContainer - [test-hivemq-platform] [hivemq] [27b2f21b] INFO  - [HiveMQ Platform Operator Init App 1.7.0-SNAPSHOT] Returning default Health API response 200 for liveness
2025-01-27 17:05:33,642 INFO c.h.h.t.HelmChartContainer - [hivemq-test-hivemq-platform] [hivemq-platform-operator] [cab301d1] 17:05:33.636 [pool-6-thread-42] DEBUG c.h.p.o.d.PlatformServiceResource - [helminit] Desired Platform services (3 services)
2025-01-27 17:05:33,642 INFO c.h.h.t.HelmChartContainer - [hivemq-test-hivemq-platform] [hivemq-platform-operator] [cab301d1] 17:05:33.638 [pool-6-thread-45] DEBUG c.h.p.o.d.PodServiceAccountResource - [helminit] Desired PodServiceAccountResource (serviceAccountName: hivemq-platform-pod-test-hivemq-platform)
2025-01-27 17:05:33,643 INFO c.h.h.t.HelmChartContainer - [hivemq-test-hivemq-platform] [hivemq-platform-operator] [cab301d1] 17:05:33.641 [pool-6-thread-47] DEBUG c.h.p.o.dependants.PodInfoConfigMap - [helminit] Desired PodInfo ConfigMap (1 extensions) (1 enabled)
2025-01-27 17:05:33,644 INFO c.h.h.t.HelmChartContainer - [hivemq-test-hivemq-platform] [hivemq-platform-operator] [cab301d1] 17:05:33.641 [pool-6-thread-47] DEBUG c.h.p.o.dependants.PodInfoConfigMap - [helminit] Desired PodInfo ConfigMap (metrics port: 9399) (metrics path: /)
2025-01-27 17:05:33,644 INFO c.h.h.t.HelmChartContainer - [hivemq-test-hivemq-platform] [hivemq-platform-operator] [cab301d1] 17:05:33.641 [pool-6-thread-47] DEBUG c.h.p.o.dependants.PodInfoConfigMap - [helminit] Desired PodInfo ConfigMap (extension state hash: -1817474005)
2025-01-27 17:05:33,646 INFO c.h.h.t.HelmChartContainer - [hivemq-test-hivemq-platform] [hivemq-platform-operator] [cab301d1] 17:05:33.645 [pool-6-thread-47] DEBUG c.h.p.o.d.StatefulSetResource - [helminit] Desired StatefulSet (1 replicas) for status STARTING (READY)
2025-01-27 17:05:33,653 INFO c.h.h.t.HelmChartContainer - [hivemq-test-hivemq-platform] [hivemq-platform-operator] [cab301d1] 17:05:33.650 [ReconcilerExecutor-hivemq-controller-112] INFO  c.h.p.o.HiveMQPlatformReconciler - [helminit] Reconciling HiveMQ Platform 'test-hivemq-platform' in namespace 'helminitcontainerit'
2025-01-27 17:05:33,653 INFO c.h.h.t.HelmChartContainer - [hivemq-test-hivemq-platform] [hivemq-platform-operator] [cab301d1] 17:05:33.650 [ReconcilerExecutor-hivemq-controller-112] DEBUG c.h.p.o.HiveMQPlatformReconciler - [helminit] Custom Resource Status STARTING - HiveMQ Platform is starting (READY)
2025-01-27 17:05:33,653 INFO c.h.h.t.HelmChartContainer - [hivemq-test-hivemq-platform] [hivemq-platform-operator] [cab301d1] 17:05:33.650 [ReconcilerExecutor-hivemq-controller-112] DEBUG c.h.p.o.HiveMQPlatformReconciler - [helminit] Custom Resource Spec (replicas: 1) (extensions: 1)
2025-01-27 17:05:33,653 INFO c.h.h.t.HelmChartContainer - [hivemq-test-hivemq-platform] [hivemq-platform-operator] [cab301d1] 17:05:33.652 [ReconcilerExecutor-hivemq-controller-112] DEBUG c.h.p.o.HiveMQPlatformReconciler - [helminit] StatefulSet Status (revision: test-hivemq-platform-786bb94bcc, replicas: 1, available: 0, ready: 0, current: 1, updated: 1)
2025-01-27 17:05:33,654 INFO c.h.h.t.HelmChartContainer - [hivemq-test-hivemq-platform] [hivemq-platform-operator] [cab301d1] 17:05:33.652 [ReconcilerExecutor-hivemq-controller-112] DEBUG c.h.p.o.HiveMQPlatformReconciler - [helminit] StatefulSet Spec (replicas: 1, init containers: 2, containers: 1, volumes: 5)
2025-01-27 17:05:33,661 INFO c.h.h.t.HelmChartContainer - [test-hivemq-platform] [hivemq] [27b2f21b] WARN  - [HiveMQ Platform Operator Init App 1.7.0-SNAPSHOT] Cannot connect to Health API for readiness: null
2025-01-27 17:05:33,668 INFO c.h.h.t.HelmChartContainer - [EVENT] Warning [Unhealthy] Readiness probe failed: HTTP probe failed with statuscode: 503 [helminitcontainerit:test-hivemq-platform-0]
2025-01-27 17:05:33,668 INFO c.h.h.t.HelmChartContainer - Received Unhealthy event for container hivemq in pod test-hivemq-platform-0 [27b2f21b-ac2b-4194-8c8a-d2747cf473b8]
2025-01-27 17:05:33,728 INFO c.h.h.t.HelmChartContainer - [hivemq-test-hivemq-platform] [hivemq-platform-operator] [cab301d1] 17:05:33.726 [ReconcilerExecutor-hivemq-controller-112] DEBUG c.h.p.o.h.HiveMQPlatformReconcilerErrorHandler - [helminit] Pod 'test-hivemq-platform-0' phase Running
2025-01-27 17:05:33,728 INFO c.h.h.t.HelmChartContainer - [hivemq-test-hivemq-platform] [hivemq-platform-operator] [cab301d1] 17:05:33.727 [ReconcilerExecutor-hivemq-controller-112] INFO  c.h.p.o.h.HiveMQPlatformReconcilerBaseHandler - [helminit] HiveMQ Platform is starting, 0 of 1 replicas are ready
2025-01-27 17:05:34,663 INFO c.h.h.t.HelmChartContainer - [test-hivemq-platform] [hivemq] [27b2f21b] WARN  - License file license.lic is corrupt.
2025-01-27 17:05:34,664 INFO c.h.h.t.HelmChartContainer - [test-hivemq-platform] [hivemq] [27b2f21b] INFO  - No valid license file found. Using trial license, restricted to 25 connections.
2025-01-27 17:05:37,771 INFO c.h.h.t.HelmChartContainer - [test-hivemq-platform] [hivemq] [27b2f21b] INFO  - No valid license file for Data Hub found. Using free license, restricted to 1 policy.
2025-01-27 17:05:38,658 INFO c.h.h.t.HelmChartContainer - [test-hivemq-platform] [hivemq] [27b2f21b] WARN  - [HiveMQ Platform Operator Init App 1.7.0-SNAPSHOT] Cannot connect to Health API for readiness: null
2025-01-27 17:05:38,663 INFO c.h.h.t.HelmChartContainer - [EVENT] Warning [Unhealthy] Readiness probe failed: HTTP probe failed with statuscode: 503 [helminitcontainerit:test-hivemq-platform-0]
2025-01-27 17:05:38,663 INFO c.h.h.t.HelmChartContainer - Received Unhealthy event for container hivemq in pod test-hivemq-platform-0 [27b2f21b-ac2b-4194-8c8a-d2747cf473b8]
2025-01-27 17:05:38,761 INFO c.h.h.t.HelmChartContainer - [test-hivemq-platform] [hivemq] [27b2f21b] INFO  - Audit Logger started.
2025-01-27 17:05:39,093 INFO c.h.h.t.HelmChartContainer - [test-hivemq-platform] [hivemq] [27b2f21b] INFO  - This node uses '1' CPU cores.
2025-01-27 17:05:39,096 INFO c.h.h.t.HelmChartContainer - [test-hivemq-platform] [hivemq] [27b2f21b] INFO  - Starting HiveMQ Health API on address 0.0.0.0 and port 8889
2025-01-27 17:05:39,968 INFO c.h.h.t.HelmChartContainer - [test-hivemq-platform] [hivemq] [27b2f21b] INFO  - Started HiveMQ Health API in 871ms
2025-01-27 17:05:39,972 INFO c.h.h.t.HelmChartContainer - [test-hivemq-platform] [hivemq] [27b2f21b] INFO  - Starting HiveMQ extension system.
2025-01-27 17:05:40,174 INFO c.h.h.t.HelmChartContainer - [test-hivemq-platform] [hivemq] [27b2f21b] INFO  - Starting extension with id "hivemq-dns-cluster-discovery" at /opt/hivemq/extensions/hivemq-dns-cluster-discovery
2025-01-27 17:05:40,670 INFO c.h.h.t.HelmChartContainer - [test-hivemq-platform] [hivemq] [27b2f21b] INFO  - Using TCP cluster transport on address 10.42.0.6 and port 7000
2025-01-27 17:05:40,759 INFO c.h.h.t.HelmChartContainer - [test-hivemq-platform] [hivemq] [27b2f21b] INFO  - Extension "DNS Cluster Discovery Extension" version 4.3.2 started successfully.
2025-01-27 17:05:40,759 INFO c.h.h.t.HelmChartContainer - [test-hivemq-platform] [hivemq] [27b2f21b] INFO  - Starting extension with id "hivemq-prometheus-extension" at /opt/hivemq/extensions/hivemq-prometheus-extension
2025-01-27 17:05:40,762 INFO c.h.h.t.HelmChartContainer - [test-hivemq-platform] [hivemq] [27b2f21b] INFO  - Using extension cluster discovery
2025-01-27 17:05:41,666 INFO c.h.h.t.HelmChartContainer - [test-hivemq-platform] [hivemq] [27b2f21b] INFO  - Started Jetty Server exposing Prometheus Servlet on URI http://0.0.0.0:9399/
2025-01-27 17:05:41,667 INFO c.h.h.t.HelmChartContainer - [test-hivemq-platform] [hivemq] [27b2f21b] INFO  - Extension "Prometheus Monitoring Extension" version 4.0.12 started successfully.
2025-01-27 17:05:41,667 INFO c.h.h.t.HelmChartContainer - [test-hivemq-platform] [hivemq] [27b2f21b] INFO  - Starting extension with id "hivemq-allow-all-extension" at /opt/hivemq/extensions/hivemq-allow-all-extension
2025-01-27 17:05:41,667 INFO c.h.h.t.HelmChartContainer - [test-hivemq-platform] [hivemq] [27b2f21b] WARN  - 
2025-01-27 17:05:41,667 INFO c.h.h.t.HelmChartContainer - [test-hivemq-platform] [hivemq] [27b2f21b] ################################################################################################################
2025-01-27 17:05:41,667 INFO c.h.h.t.HelmChartContainer - [test-hivemq-platform] [hivemq] [27b2f21b] # This HiveMQ deployment is not secure! You are lacking Authentication and Authorization.                      #
2025-01-27 17:05:41,668 INFO c.h.h.t.HelmChartContainer - [test-hivemq-platform] [hivemq] [27b2f21b] # Right now any MQTT client can connect to the broker with a full set of permissions.                          #
2025-01-27 17:05:41,668 INFO c.h.h.t.HelmChartContainer - [test-hivemq-platform] [hivemq] [27b2f21b] # For production usage, add an appropriate security extension and remove the hivemq-allow-all extension.       #
2025-01-27 17:05:41,668 INFO c.h.h.t.HelmChartContainer - [test-hivemq-platform] [hivemq] [27b2f21b] # You can download security extensions from the HiveMQ Marketplace (https://www.hivemq.com/extensions/).       #
2025-01-27 17:05:41,668 INFO c.h.h.t.HelmChartContainer - [test-hivemq-platform] [hivemq] [27b2f21b] ################################################################################################################
2025-01-27 17:05:41,669 INFO c.h.h.t.HelmChartContainer - [test-hivemq-platform] [hivemq] [27b2f21b] INFO  - Extension "Allow All Extension" version 1.1.0 started successfully.
2025-01-27 17:05:43,732 INFO c.h.h.t.HelmChartContainer - [hivemq-test-hivemq-platform] [hivemq-platform-operator] [cab301d1] 17:05:43.730 [pool-6-thread-2] DEBUG c.h.p.o.d.PlatformServiceResource - [helminit] Desired Platform services (3 services)
2025-01-27 17:05:43,733 INFO c.h.h.t.HelmChartContainer - [hivemq-test-hivemq-platform] [hivemq-platform-operator] [cab301d1] 17:05:43.731 [pool-6-thread-1] DEBUG c.h.p.o.d.PodServiceAccountResource - [helminit] Desired PodServiceAccountResource (serviceAccountName: hivemq-platform-pod-test-hivemq-platform)
2025-01-27 17:05:43,735 INFO c.h.h.t.HelmChartContainer - [hivemq-test-hivemq-platform] [hivemq-platform-operator] [cab301d1] 17:05:43.734 [pool-6-thread-3] DEBUG c.h.p.o.dependants.PodInfoConfigMap - [helminit] Desired PodInfo ConfigMap (1 extensions) (1 enabled)
2025-01-27 17:05:43,737 INFO c.h.h.t.HelmChartContainer - [hivemq-test-hivemq-platform] [hivemq-platform-operator] [cab301d1] 17:05:43.734 [pool-6-thread-3] DEBUG c.h.p.o.dependants.PodInfoConfigMap - [helminit] Desired PodInfo ConfigMap (metrics port: 9399) (metrics path: /)
2025-01-27 17:05:43,737 INFO c.h.h.t.HelmChartContainer - [hivemq-test-hivemq-platform] [hivemq-platform-operator] [cab301d1] 17:05:43.734 [pool-6-thread-3] DEBUG c.h.p.o.dependants.PodInfoConfigMap - [helminit] Desired PodInfo ConfigMap (extension state hash: -1817474005)
2025-01-27 17:05:43,739 INFO c.h.h.t.HelmChartContainer - [hivemq-test-hivemq-platform] [hivemq-platform-operator] [cab301d1] 17:05:43.738 [pool-6-thread-10] DEBUG c.h.p.o.d.StatefulSetResource - [helminit] Desired StatefulSet (1 replicas) for status STARTING (READY)
2025-01-27 17:05:43,743 INFO c.h.h.t.HelmChartContainer - [hivemq-test-hivemq-platform] [hivemq-platform-operator] [cab301d1] 17:05:43.742 [ReconcilerExecutor-hivemq-controller-113] INFO  c.h.p.o.HiveMQPlatformReconciler - [helminit] Reconciling HiveMQ Platform 'test-hivemq-platform' in namespace 'helminitcontainerit'
2025-01-27 17:05:43,743 INFO c.h.h.t.HelmChartContainer - [hivemq-test-hivemq-platform] [hivemq-platform-operator] [cab301d1] 17:05:43.742 [ReconcilerExecutor-hivemq-controller-113] DEBUG c.h.p.o.HiveMQPlatformReconciler - [helminit] Custom Resource Status STARTING - HiveMQ Platform is starting (READY)
2025-01-27 17:05:43,743 INFO c.h.h.t.HelmChartContainer - [hivemq-test-hivemq-platform] [hivemq-platform-operator] [cab301d1] 17:05:43.742 [ReconcilerExecutor-hivemq-controller-113] DEBUG c.h.p.o.HiveMQPlatformReconciler - [helminit] Custom Resource Spec (replicas: 1) (extensions: 1)
2025-01-27 17:05:43,746 INFO c.h.h.t.HelmChartContainer - [hivemq-test-hivemq-platform] [hivemq-platform-operator] [cab301d1] 17:05:43.744 [ReconcilerExecutor-hivemq-controller-113] DEBUG c.h.p.o.HiveMQPlatformReconciler - [helminit] StatefulSet Status (revision: test-hivemq-platform-786bb94bcc, replicas: 1, available: 0, ready: 0, current: 1, updated: 1)
2025-01-27 17:05:43,747 INFO c.h.h.t.HelmChartContainer - [hivemq-test-hivemq-platform] [hivemq-platform-operator] [cab301d1] 17:05:43.745 [ReconcilerExecutor-hivemq-controller-113] DEBUG c.h.p.o.HiveMQPlatformReconciler - [helminit] StatefulSet Spec (replicas: 1, init containers: 2, containers: 1, volumes: 5)
2025-01-27 17:05:43,765 INFO c.h.h.t.HelmChartContainer - [test-hivemq-platform] [hivemq] [27b2f21b] INFO  - DYJtw: no members discovered after 2305 ms: creating cluster as first member
2025-01-27 17:05:43,773 INFO c.h.h.t.HelmChartContainer - [test-hivemq-platform] [hivemq] [27b2f21b] INFO  - Cluster nodes found by discovery: [DYJtw|0] (1) [DYJtw].
2025-01-27 17:05:43,827 INFO c.h.h.t.HelmChartContainer - [hivemq-test-hivemq-platform] [hivemq-platform-operator] [cab301d1] 17:05:43.826 [ReconcilerExecutor-hivemq-controller-113] DEBUG c.h.p.o.h.HiveMQPlatformReconcilerErrorHandler - [helminit] Pod 'test-hivemq-platform-0' phase Running
2025-01-27 17:05:43,828 INFO c.h.h.t.HelmChartContainer - [hivemq-test-hivemq-platform] [hivemq-platform-operator] [cab301d1] 17:05:43.827 [ReconcilerExecutor-hivemq-controller-113] INFO  c.h.p.o.h.HiveMQPlatformReconcilerBaseHandler - [helminit] HiveMQ Platform is starting, 0 of 1 replicas are ready
2025-01-27 17:05:43,961 INFO c.h.h.t.HelmChartContainer - [test-hivemq-platform] [hivemq] [27b2f21b] INFO  - No user for HiveMQ Control Center configured. Starting with default user
2025-01-27 17:05:43,961 INFO c.h.h.t.HelmChartContainer - [test-hivemq-platform] [hivemq] [27b2f21b] INFO  - Starting HiveMQ Control Center on address 0.0.0.0 and port 8080
2025-01-27 17:05:44,060 INFO c.h.h.t.HelmChartContainer - [test-hivemq-platform] [hivemq] [27b2f21b] INFO  - Mounting HiveMQ Control Center V2 Preview
2025-01-27 17:05:44,163 INFO c.h.h.t.HelmChartContainer - [test-hivemq-platform] [hivemq] [27b2f21b] INFO  - [HiveMQ Platform Operator Init App 1.7.0-SNAPSHOT] Returning Health API response 503 for readiness
2025-01-27 17:05:44,170 INFO c.h.h.t.HelmChartContainer - [EVENT] Warning [Unhealthy] Readiness probe failed: HTTP probe failed with statuscode: 503 [helminitcontainerit:test-hivemq-platform-0]
2025-01-27 17:05:44,170 INFO c.h.h.t.HelmChartContainer - Received Unhealthy event for container hivemq in pod test-hivemq-platform-0 [27b2f21b-ac2b-4194-8c8a-d2747cf473b8]
2025-01-27 17:05:44,970 INFO c.h.h.t.HelmChartContainer - [test-hivemq-platform] [hivemq] [27b2f21b] INFO  - Started HiveMQ Control Center in 1010ms
2025-01-27 17:05:45,058 INFO c.h.h.t.HelmChartContainer - [test-hivemq-platform] [hivemq] [27b2f21b] INFO  - Starting TCP listener on address 0.0.0.0 and port 1883
2025-01-27 17:05:45,073 INFO c.h.h.t.HelmChartContainer - [test-hivemq-platform] [hivemq] [27b2f21b] INFO  - Started TCP Listener on address 0.0.0.0 and on port 1883.
2025-01-27 17:05:45,073 INFO c.h.h.t.HelmChartContainer - [test-hivemq-platform] [hivemq] [27b2f21b] INFO  - Started HiveMQ in 30399ms
2025-01-27 17:05:48,581 INFO c.h.h.t.HelmChartContainer - [test-hivemq-platform] [hivemq] [27b2f21b] INFO  - [HiveMQ Platform Operator Init App 1.7.0-SNAPSHOT] Returning Health API response 200 for readiness
2025-01-27 17:05:48,601 INFO c.h.h.t.HelmChartContainer - [POD] test-hivemq-platform-0 [27b2f21b-ac2b-4194-8c8a-d2747cf473b8] in helminitcontainerit was MODIFIED
2025-01-27 17:05:48,614 INFO c.h.h.t.HelmChartContainer - [hivemq-test-hivemq-platform] [hivemq-platform-operator] [cab301d1] 17:05:48.604 [pool-6-thread-19] DEBUG c.h.p.o.d.PlatformServiceResource - [helminit] Desired Platform services (3 services)
2025-01-27 17:05:48,618 INFO c.h.h.t.HelmChartContainer - [hivemq-test-hivemq-platform] [hivemq-platform-operator] [cab301d1] 17:05:48.613 [pool-6-thread-11] DEBUG c.h.p.o.dependants.PodInfoConfigMap - [helminit] Desired PodInfo ConfigMap (1 extensions) (1 enabled)
2025-01-27 17:05:48,618 INFO c.h.h.t.HelmChartContainer - [hivemq-test-hivemq-platform] [hivemq-platform-operator] [cab301d1] 17:05:48.613 [pool-6-thread-11] DEBUG c.h.p.o.dependants.PodInfoConfigMap - [helminit] Desired PodInfo ConfigMap (metrics port: 9399) (metrics path: /)
2025-01-27 17:05:48,618 INFO c.h.h.t.HelmChartContainer - [hivemq-test-hivemq-platform] [hivemq-platform-operator] [cab301d1] 17:05:48.613 [pool-6-thread-11] DEBUG c.h.p.o.dependants.PodInfoConfigMap - [helminit] Desired PodInfo ConfigMap (extension state hash: -1817474005)
2025-01-27 17:05:48,624 INFO c.h.h.t.HelmChartContainer - [hivemq-test-hivemq-platform] [hivemq-platform-operator] [cab301d1] 17:05:48.620 [pool-6-thread-14] DEBUG c.h.p.o.d.PodServiceAccountResource - [helminit] Desired PodServiceAccountResource (serviceAccountName: hivemq-platform-pod-test-hivemq-platform)
2025-01-27 17:05:48,628 INFO c.h.h.t.HelmChartContainer - [hivemq-test-hivemq-platform] [hivemq-platform-operator] [cab301d1] 17:05:48.627 [pool-6-thread-19] DEBUG c.h.p.o.d.StatefulSetResource - [helminit] Desired StatefulSet (1 replicas) for status STARTING (READY)
2025-01-27 17:05:48,686 INFO c.h.h.t.HelmChartContainer - [hivemq-test-hivemq-platform] [hivemq-platform-operator] [cab301d1] 17:05:48.684 [ReconcilerExecutor-hivemq-controller-114] INFO  c.h.p.o.HiveMQPlatformReconciler - [helminit] Reconciling HiveMQ Platform 'test-hivemq-platform' in namespace 'helminitcontainerit'
2025-01-27 17:05:48,686 INFO c.h.h.t.HelmChartContainer - [hivemq-test-hivemq-platform] [hivemq-platform-operator] [cab301d1] 17:05:48.684 [ReconcilerExecutor-hivemq-controller-114] DEBUG c.h.p.o.HiveMQPlatformReconciler - [helminit] Custom Resource Status STARTING - HiveMQ Platform is starting (READY)
2025-01-27 17:05:48,686 INFO c.h.h.t.HelmChartContainer - [hivemq-test-hivemq-platform] [hivemq-platform-operator] [cab301d1] 17:05:48.684 [ReconcilerExecutor-hivemq-controller-114] DEBUG c.h.p.o.HiveMQPlatformReconciler - [helminit] Custom Resource Spec (replicas: 1) (extensions: 1)
2025-01-27 17:05:48,691 INFO c.h.h.t.HelmChartContainer - [hivemq-test-hivemq-platform] [hivemq-platform-operator] [cab301d1] 17:05:48.687 [ReconcilerExecutor-hivemq-controller-114] DEBUG c.h.p.o.HiveMQPlatformReconciler - [helminit] StatefulSet Status (revision: test-hivemq-platform-786bb94bcc, replicas: 1, available: 1, ready: 1, current: 1, updated: 1)
2025-01-27 17:05:48,691 INFO c.h.h.t.HelmChartContainer - [hivemq-test-hivemq-platform] [hivemq-platform-operator] [cab301d1] 17:05:48.687 [ReconcilerExecutor-hivemq-controller-114] DEBUG c.h.p.o.HiveMQPlatformReconciler - [helminit] StatefulSet Spec (replicas: 1, init containers: 2, containers: 1, volumes: 5)
2025-01-27 17:05:48,694 INFO c.h.h.t.HelmChartContainer - [hivemq-test-hivemq-platform] [hivemq-platform-operator] [cab301d1] 17:05:48.689 [ReconcilerExecutor-hivemq-controller-114] DEBUG c.h.p.o.h.HiveMQPlatformReconcilerErrorHandler - [helminit] Pod 'test-hivemq-platform-0' phase Running
2025-01-27 17:05:48,695 INFO c.h.h.t.HelmChartContainer - [hivemq-test-hivemq-platform] [hivemq-platform-operator] [cab301d1] 17:05:48.690 [ReconcilerExecutor-hivemq-controller-114] INFO  c.h.p.o.h.HiveMQPlatformReconcilerBaseHandler - [helminit] HiveMQ Platform started successfully
2025-01-27 17:05:48,785 INFO c.h.h.t.HelmChartContainer - [hivemq-test-hivemq-platform] [hivemq-platform-operator] [cab301d1] 17:05:48.784 [ReconcilerExecutor-hivemq-controller-114] DEBUG c.h.p.operator.event.EventSender - [helminit] Creating K8s event hivemq-platform-ready: [Ready] HiveMQ Platform is ready
2025-01-27 17:05:48,789 INFO c.h.h.t.HelmChartContainer - [EVENT] Normal [Ready] HiveMQ Platform is ready [helminitcontainerit:test-hivemq-platform]
2025-01-27 17:05:48,791 INFO c.h.h.t.HelmChartContainer - [hivemq-test-hivemq-platform] [hivemq-platform-operator] [cab301d1] 17:05:48.789 [ReconcilerExecutor-hivemq-controller-114] INFO  c.h.p.o.h.AbstractHiveMQReconcilerStateHandler - [helminit] Update HiveMQ Platform Status (STARTING [READY] -> RUNNING [READY]): HiveMQ Platform is ready
2025-01-27 17:05:48,798 DEBUG com.hivemq.helmcharts.util.K8sUtil - Comparing actual state 'RUNNING' and waiting for 'RUNNING'
2025-01-27 17:05:48,803 INFO c.h.h.t.HelmChartContainer - [hivemq-test-hivemq-platform] [hivemq-platform-operator] [cab301d1] 17:05:48.802 [pool-6-thread-23] DEBUG c.h.p.o.d.PlatformServiceResource - [helminit] Desired Platform services (3 services)
2025-01-27 17:05:48,805 INFO c.h.h.t.HelmChartContainer - [hivemq-test-hivemq-platform] [hivemq-platform-operator] [cab301d1] 17:05:48.804 [pool-6-thread-29] DEBUG c.h.p.o.dependants.PodInfoConfigMap - [helminit] Desired PodInfo ConfigMap (1 extensions) (1 enabled)
2025-01-27 17:05:48,805 INFO c.h.h.t.HelmChartContainer - [hivemq-test-hivemq-platform] [hivemq-platform-operator] [cab301d1] 17:05:48.804 [pool-6-thread-29] DEBUG c.h.p.o.dependants.PodInfoConfigMap - [helminit] Desired PodInfo ConfigMap (metrics port: 9399) (metrics path: /)
2025-01-27 17:05:48,805 INFO c.h.h.t.HelmChartContainer - [hivemq-test-hivemq-platform] [hivemq-platform-operator] [cab301d1] 17:05:48.804 [pool-6-thread-29] DEBUG c.h.p.o.dependants.PodInfoConfigMap - [helminit] Desired PodInfo ConfigMap (extension state hash: -1817474005)
2025-01-27 17:05:48,806 INFO c.h.h.t.HelmChartContainer - [hivemq-test-hivemq-platform] [hivemq-platform-operator] [cab301d1] 17:05:48.805 [pool-6-thread-29] DEBUG c.h.p.o.dependants.PodInfoConfigMap - [helminit] Update PodInfo ConfigMap
2025-01-27 17:05:48,827 INFO c.h.h.t.HelmChartContainer - [hivemq-test-hivemq-platform] [hivemq-platform-operator] [cab301d1] 17:05:48.826 [pool-6-thread-27] DEBUG c.h.p.o.d.PodServiceAccountResource - [helminit] Desired PodServiceAccountResource (serviceAccountName: hivemq-platform-pod-test-hivemq-platform)
2025-01-27 17:05:48,893 INFO c.h.h.t.HelmChartContainer - [hivemq-test-hivemq-platform] [hivemq-platform-operator] [cab301d1] 17:05:48.891 [pool-6-thread-29] DEBUG c.h.p.o.d.StatefulSetResource - [helminit] Desired StatefulSet (1 replicas) for status RUNNING (READY)
2025-01-27 17:05:48,898 INFO c.h.h.t.HelmChartContainer - [hivemq-test-hivemq-platform] [hivemq-platform-operator] [cab301d1] 17:05:48.896 [ReconcilerExecutor-hivemq-controller-115] INFO  c.h.p.o.HiveMQPlatformReconciler - [helminit] Reconciling HiveMQ Platform 'test-hivemq-platform' in namespace 'helminitcontainerit'
2025-01-27 17:05:48,899 INFO c.h.h.t.HelmChartContainer - [hivemq-test-hivemq-platform] [hivemq-platform-operator] [cab301d1] 17:05:48.896 [ReconcilerExecutor-hivemq-controller-115] DEBUG c.h.p.o.HiveMQPlatformReconciler - [helminit] Custom Resource Status RUNNING - HiveMQ Platform is ready (READY)
2025-01-27 17:05:48,900 INFO c.h.h.t.HelmChartContainer - [hivemq-test-hivemq-platform] [hivemq-platform-operator] [cab301d1] 17:05:48.896 [ReconcilerExecutor-hivemq-controller-115] DEBUG c.h.p.o.HiveMQPlatformReconciler - [helminit] Custom Resource Spec (replicas: 1) (extensions: 1)
2025-01-27 17:05:48,900 INFO c.h.h.t.HelmChartContainer - [hivemq-test-hivemq-platform] [hivemq-platform-operator] [cab301d1] 17:05:48.898 [ReconcilerExecutor-hivemq-controller-115] DEBUG c.h.p.o.HiveMQPlatformReconciler - [helminit] StatefulSet Status (revision: test-hivemq-platform-786bb94bcc, replicas: 1, available: 1, ready: 1, current: 1, updated: 1)
2025-01-27 17:05:48,900 INFO c.h.h.t.HelmChartContainer - [hivemq-test-hivemq-platform] [hivemq-platform-operator] [cab301d1] 17:05:48.898 [ReconcilerExecutor-hivemq-controller-115] DEBUG c.h.p.o.HiveMQPlatformReconciler - [helminit] StatefulSet Spec (replicas: 1, init containers: 2, containers: 1, volumes: 5)
2025-01-27 17:05:48,901 INFO c.h.h.t.HelmChartContainer - [hivemq-test-hivemq-platform] [hivemq-platform-operator] [cab301d1] 17:05:48.899 [ReconcilerExecutor-hivemq-controller-115] DEBUG c.h.p.o.h.HiveMQPlatformReconcilerErrorHandler - [helminit] Pod 'test-hivemq-platform-0' phase Running
2025-01-27 17:05:50,850 INFO c.h.h.testcontainer.LogWaiterUtil - TEST Waiting for log pattern on 'test-hivemq-platform-0': .*License file license.lic is corrupt.
2025-01-27 17:05:50,852 INFO c.h.h.t.HelmChartContainer - Uninstalling release 'test-hivemq-platform' in namespace 'helminitcontainerit'...
2025-01-27 17:05:50,852 DEBUG c.h.h.t.HelmChartContainer - Executing helm command: /bin/helm --kubeconfig /etc/rancher/k3s/k3s.yaml uninstall test-hivemq-platform  --wait --timeout 5m0s --cascade foreground --namespace helminitcontainerit
2025-01-27 17:05:51,058 INFO c.h.h.t.HelmChartContainer - [hivemq-test-hivemq-platform] [hivemq-platform-operator] [cab301d1] 17:05:51.048 [pool-6-thread-35] DEBUG c.h.p.o.d.PlatformServiceResource - [helminit] Desired Platform services (3 services)
2025-01-27 17:05:51,058 INFO c.h.h.t.HelmChartContainer - [hivemq-test-hivemq-platform] [hivemq-platform-operator] [cab301d1] 17:05:51.052 [pool-6-thread-39] DEBUG c.h.p.o.d.PodServiceAccountResource - [helminit] Desired PodServiceAccountResource (serviceAccountName: hivemq-platform-pod-test-hivemq-platform)
2025-01-27 17:05:51,059 INFO c.h.h.t.HelmChartContainer - [hivemq-test-hivemq-platform] [hivemq-platform-operator] [cab301d1] 17:05:51.054 [pool-6-thread-36] DEBUG c.h.p.o.dependants.PodInfoConfigMap - [helminit] Desired PodInfo ConfigMap (1 extensions) (1 enabled)
2025-01-27 17:05:51,059 INFO c.h.h.t.HelmChartContainer - [hivemq-test-hivemq-platform] [hivemq-platform-operator] [cab301d1] 17:05:51.054 [pool-6-thread-36] DEBUG c.h.p.o.dependants.PodInfoConfigMap - [helminit] Desired PodInfo ConfigMap (metrics port: 9399) (metrics path: /)
2025-01-27 17:05:51,059 INFO c.h.h.t.HelmChartContainer - [hivemq-test-hivemq-platform] [hivemq-platform-operator] [cab301d1] 17:05:51.055 [pool-6-thread-36] DEBUG c.h.p.o.dependants.PodInfoConfigMap - [helminit] Desired PodInfo ConfigMap (extension state hash: -1817474005)
2025-01-27 17:05:51,086 INFO c.h.h.t.HelmChartContainer - [hivemq-test-hivemq-platform] [hivemq-platform-operator] [cab301d1] 17:05:51.084 [pool-6-thread-39] DEBUG c.h.p.o.d.StatefulSetResource - [helminit] Desired StatefulSet (1 replicas) for status RUNNING (READY)
2025-01-27 17:05:51,136 INFO c.h.h.t.HelmChartContainer - [hivemq-test-hivemq-platform] [hivemq-platform-operator] [cab301d1] 17:05:51.132 [ReconcilerExecutor-hivemq-controller-116] INFO  c.h.p.o.HiveMQPlatformReconciler - [helminit] Reconciling HiveMQ Platform 'test-hivemq-platform' in namespace 'helminitcontainerit'
2025-01-27 17:05:51,136 INFO c.h.h.t.HelmChartContainer - [hivemq-test-hivemq-platform] [hivemq-platform-operator] [cab301d1] 17:05:51.132 [ReconcilerExecutor-hivemq-controller-116] DEBUG c.h.p.o.HiveMQPlatformReconciler - [helminit] Custom Resource Status RUNNING - HiveMQ Platform is ready (READY)
2025-01-27 17:05:51,136 INFO c.h.h.t.HelmChartContainer - [hivemq-test-hivemq-platform] [hivemq-platform-operator] [cab301d1] 17:05:51.132 [ReconcilerExecutor-hivemq-controller-116] DEBUG c.h.p.o.HiveMQPlatformReconciler - [helminit] Custom Resource Spec (replicas: 1) (extensions: 1)
2025-01-27 17:05:51,136 INFO c.h.h.t.HelmChartContainer - [hivemq-test-hivemq-platform] [hivemq-platform-operator] [cab301d1] 17:05:51.135 [ReconcilerExecutor-hivemq-controller-116] WARN  c.h.p.o.h.HiveMQPlatformReconcilerErrorHandler - [helminit] Could not find ConfigMap 'hivemq-configuration-test-hivemq-platform' for HiveMQ Platform configuration
2025-01-27 17:05:51,333 INFO c.h.h.t.HelmChartContainer - [hivemq-test-hivemq-platform] [hivemq-platform-operator] [cab301d1] 17:05:51.332 [ReconcilerExecutor-hivemq-controller-116] DEBUG c.h.p.operator.event.EventSender - [helminit] Creating K8s event hivemq-platform-invalid-configuration: [Start] Could not find ConfigMap 'hivemq-configuration-test-hivemq-platform' for HiveMQ Platform configuration
2025-01-27 17:05:51,337 INFO c.h.h.t.HelmChartContainer - [EVENT] Warning [Start] Could not find ConfigMap 'hivemq-configuration-test-hivemq-platform' for HiveMQ Platform configuration [helminitcontainerit:test-hivemq-platform]
2025-01-27 17:05:51,340 INFO c.h.h.t.HelmChartContainer - [hivemq-test-hivemq-platform] [hivemq-platform-operator] [cab301d1] 17:05:51.337 [ReconcilerExecutor-hivemq-controller-116] INFO  c.h.p.o.h.AbstractHiveMQReconcilerStateHandler - [helminit] Update HiveMQ Platform Status (RUNNING [READY] -> ERROR [INVALID_CONFIG_MAP]): Could not find ConfigMap 'hivemq-configuration-test-hivemq-platform' for HiveMQ Platform configuration
2025-01-27 17:05:51,386 INFO c.h.h.t.HelmChartContainer - [hivemq-test-hivemq-platform] [hivemq-platform-operator] [cab301d1] 17:05:51.346 [ReconcilerExecutor-hivemq-controller-116] ERROR i.j.o.p.event.EventProcessor - Error during event processing ExecutionScope{ resource id: ResourceID{name='test-hivemq-platform', namespace='helminitcontainerit'}, version: 613}
2025-01-27 17:05:51,386 INFO c.h.h.t.HelmChartContainer - [hivemq-test-hivemq-platform] [hivemq-platform-operator] [cab301d1] io.fabric8.kubernetes.client.KubernetesClientException: Failure executing: PUT at: https://10.43.0.1:443/apis/hivemq.com/v1/namespaces/helminitcontainerit/hivemq-platforms/test-hivemq-platform/status. Message: Operation cannot be fulfilled on hivemq-platforms.hivemq.com "test-hivemq-platform": the object has been modified; please apply your changes to the latest version and try again. Received status: Status(apiVersion=v1, code=409, details=StatusDetails(causes=[], group=hivemq.com, kind=hivemq-platforms, name=test-hivemq-platform, retryAfterSeconds=null, uid=null, additionalProperties={}), kind=Status, message=Operation cannot be fulfilled on hivemq-platforms.hivemq.com "test-hivemq-platform": the object has been modified; please apply your changes to the latest version and try again, metadata=ListMeta(_continue=null, remainingItemCount=null, resourceVersion=null, selfLink=null, additionalProperties={}), reason=Conflict, status=Failure, additionalProperties={}).
2025-01-27 17:05:51,388 INFO c.h.h.t.HelmChartContainer - [hivemq-test-hivemq-platform] [hivemq-platform-operator] [cab301d1] 	at io.fabric8.kubernetes.client.KubernetesClientException.copyAsCause(KubernetesClientException.java:238)
2025-01-27 17:05:51,388 INFO c.h.h.t.HelmChartContainer - [hivemq-test-hivemq-platform] [hivemq-platform-operator] [cab301d1] 	at io.fabric8.kubernetes.client.dsl.internal.OperationSupport.waitForResult(OperationSupport.java:507)
2025-01-27 17:05:51,388 INFO c.h.h.t.HelmChartContainer - [hivemq-test-hivemq-platform] [hivemq-platform-operator] [cab301d1] 	at io.fabric8.kubernetes.client.dsl.internal.OperationSupport.handleResponse(OperationSupport.java:524)
2025-01-27 17:05:51,388 INFO c.h.h.t.HelmChartContainer - [hivemq-test-hivemq-platform] [hivemq-platform-operator] [cab301d1] 	at io.fabric8.kubernetes.client.dsl.internal.OperationSupport.handleUpdate(OperationSupport.java:358)
2025-01-27 17:05:51,388 INFO c.h.h.t.HelmChartContainer - [hivemq-test-hivemq-platform] [hivemq-platform-operator] [cab301d1] 	at io.fabric8.kubernetes.client.dsl.internal.BaseOperation.handleUpdate(BaseOperation.java:759)
2025-01-27 17:05:51,388 INFO c.h.h.t.HelmChartContainer - [hivemq-test-hivemq-platform] [hivemq-platform-operator] [cab301d1] 	at io.fabric8.kubernetes.client.dsl.internal.HasMetadataOperation.update(HasMetadataOperation.java:138)
2025-01-27 17:05:51,388 INFO c.h.h.t.HelmChartContainer - [hivemq-test-hivemq-platform] [hivemq-platform-operator] [cab301d1] 	at io.fabric8.kubernetes.client.dsl.internal.HasMetadataOperation.update(HasMetadataOperation.java:121)
2025-01-27 17:05:51,388 INFO c.h.h.t.HelmChartContainer - [hivemq-test-hivemq-platform] [hivemq-platform-operator] [cab301d1] 	at io.fabric8.kubernetes.client.dsl.internal.HasMetadataOperation.updateStatus(HasMetadataOperation.java:126)
2025-01-27 17:05:51,388 INFO c.h.h.t.HelmChartContainer - [hivemq-test-hivemq-platform] [hivemq-platform-operator] [cab301d1] 	at io.fabric8.kubernetes.client.dsl.internal.HasMetadataOperation.updateStatus(HasMetadataOperation.java:44)
2025-01-27 17:05:51,388 INFO c.h.h.t.HelmChartContainer - [hivemq-test-hivemq-platform] [hivemq-platform-operator] [cab301d1] 	at io.javaoperatorsdk.operator.processing.event.ReconciliationDispatcher$CustomResourceFacade.updateStatus(ReconciliationDispatcher.java:408)
2025-01-27 17:05:51,388 INFO c.h.h.t.HelmChartContainer - [hivemq-test-hivemq-platform] [hivemq-platform-operator] [cab301d1] 	at io.javaoperatorsdk.operator.processing.event.ReconciliationDispatcher.updateStatusGenerationAware(ReconciliationDispatcher.java:228)
2025-01-27 17:05:51,388 INFO c.h.h.t.HelmChartContainer - [hivemq-test-hivemq-platform] [hivemq-platform-operator] [cab301d1] 	at io.javaoperatorsdk.operator.processing.event.ReconciliationDispatcher.reconcileExecution(ReconciliationDispatcher.java:150)
2025-01-27 17:05:51,388 INFO c.h.h.t.HelmChartContainer - [hivemq-test-hivemq-platform] [hivemq-platform-operator] [cab301d1] 	at io.javaoperatorsdk.operator.processing.event.ReconciliationDispatcher.handleReconcile(ReconciliationDispatcher.java:117)
2025-01-27 17:05:51,388 INFO c.h.h.t.HelmChartContainer - [hivemq-test-hivemq-platform] [hivemq-platform-operator] [cab301d1] 	at io.javaoperatorsdk.operator.processing.event.ReconciliationDispatcher.handleDispatch(ReconciliationDispatcher.java:91)
2025-01-27 17:05:51,388 INFO c.h.h.t.HelmChartContainer - [hivemq-test-hivemq-platform] [hivemq-platform-operator] [cab301d1] 	at io.javaoperatorsdk.operator.processing.event.ReconciliationDispatcher.handleExecution(ReconciliationDispatcher.java:64)
2025-01-27 17:05:51,388 INFO c.h.h.t.HelmChartContainer - [hivemq-test-hivemq-platform] [hivemq-platform-operator] [cab301d1] 	at io.javaoperatorsdk.operator.processing.event.EventProcessor$ReconcilerExecutor.run(EventProcessor.java:452)
2025-01-27 17:05:51,388 INFO c.h.h.t.HelmChartContainer - [hivemq-test-hivemq-platform] [hivemq-platform-operator] [cab301d1] 	at java.base/java.util.concurrent.ThreadPoolExecutor.runWorker(Unknown Source)
2025-01-27 17:05:51,388 INFO c.h.h.t.HelmChartContainer - [hivemq-test-hivemq-platform] [hivemq-platform-operator] [cab301d1] 	at java.base/java.util.concurrent.ThreadPoolExecutor$Worker.run(Unknown Source)
2025-01-27 17:05:51,388 INFO c.h.h.t.HelmChartContainer - [hivemq-test-hivemq-platform] [hivemq-platform-operator] [cab301d1] 	at java.base/java.lang.Thread.run(Unknown Source)
2025-01-27 17:05:51,388 INFO c.h.h.t.HelmChartContainer - [hivemq-test-hivemq-platform] [hivemq-platform-operator] [cab301d1] Caused by: io.fabric8.kubernetes.client.KubernetesClientException: Failure executing: PUT at: https://10.43.0.1:443/apis/hivemq.com/v1/namespaces/helminitcontainerit/hivemq-platforms/test-hivemq-platform/status. Message: Operation cannot be fulfilled on hivemq-platforms.hivemq.com "test-hivemq-platform": the object has been modified; please apply your changes to the latest version and try again. Received status: Status(apiVersion=v1, code=409, details=StatusDetails(causes=[], group=hivemq.com, kind=hivemq-platforms, name=test-hivemq-platform, retryAfterSeconds=null, uid=null, additionalProperties={}), kind=Status, message=Operation cannot be fulfilled on hivemq-platforms.hivemq.com "test-hivemq-platform": the object has been modified; please apply your changes to the latest version and try again, metadata=ListMeta(_continue=null, remainingItemCount=null, resourceVersion=null, selfLink=null, additionalProperties={}), reason=Conflict, status=Failure, additionalProperties={}).
2025-01-27 17:05:51,388 INFO c.h.h.t.HelmChartContainer - [hivemq-test-hivemq-platform] [hivemq-platform-operator] [cab301d1] 	at io.fabric8.kubernetes.client.dsl.internal.OperationSupport.requestFailure(OperationSupport.java:660)
2025-01-27 17:05:51,388 INFO c.h.h.t.HelmChartContainer - [hivemq-test-hivemq-platform] [hivemq-platform-operator] [cab301d1] 	at io.fabric8.kubernetes.client.dsl.internal.OperationSupport.requestFailure(OperationSupport.java:640)
2025-01-27 17:05:51,388 INFO c.h.h.t.HelmChartContainer - [hivemq-test-hivemq-platform] [hivemq-platform-operator] [cab301d1] 	at io.fabric8.kubernetes.client.dsl.internal.OperationSupport.assertResponseCode(OperationSupport.java:589)
2025-01-27 17:05:51,389 INFO c.h.h.t.HelmChartContainer - [hivemq-test-hivemq-platform] [hivemq-platform-operator] [cab301d1] 	at io.fabric8.kubernetes.client.dsl.internal.OperationSupport.lambda$handleResponse$0(OperationSupport.java:549)
2025-01-27 17:05:51,389 INFO c.h.h.t.HelmChartContainer - [hivemq-test-hivemq-platform] [hivemq-platform-operator] [cab301d1] 	at java.base/java.util.concurrent.CompletableFuture$UniApply.tryFire(Unknown Source)
2025-01-27 17:05:51,389 INFO c.h.h.t.HelmChartContainer - [hivemq-test-hivemq-platform] [hivemq-platform-operator] [cab301d1] 	at java.base/java.util.concurrent.CompletableFuture.postComplete(Unknown Source)
2025-01-27 17:05:51,389 INFO c.h.h.t.HelmChartContainer - [hivemq-test-hivemq-platform] [hivemq-platform-operator] [cab301d1] 	at java.base/java.util.concurrent.CompletableFuture.complete(Unknown Source)
2025-01-27 17:05:51,389 INFO c.h.h.t.HelmChartContainer - [hivemq-test-hivemq-platform] [hivemq-platform-operator] [cab301d1] 	at io.fabric8.kubernetes.client.http.StandardHttpClient.lambda$completeOrCancel$10(StandardHttpClient.java:141)
2025-01-27 17:05:51,389 INFO c.h.h.t.HelmChartContainer - [hivemq-test-hivemq-platform] [hivemq-platform-operator] [cab301d1] 	at java.base/java.util.concurrent.CompletableFuture.uniWhenComplete(Unknown Source)
2025-01-27 17:05:51,389 INFO c.h.h.t.HelmChartContainer - [hivemq-test-hivemq-platform] [hivemq-platform-operator] [cab301d1] 	at java.base/java.util.concurrent.CompletableFuture$UniWhenComplete.tryFire(Unknown Source)
2025-01-27 17:05:51,389 INFO c.h.h.t.HelmChartContainer - [hivemq-test-hivemq-platform] [hivemq-platform-operator] [cab301d1] 	at java.base/java.util.concurrent.CompletableFuture.postComplete(Unknown Source)
2025-01-27 17:05:51,389 INFO c.h.h.t.HelmChartContainer - [hivemq-test-hivemq-platform] [hivemq-platform-operator] [cab301d1] 	at java.base/java.util.concurrent.CompletableFuture.complete(Unknown Source)
2025-01-27 17:05:51,389 INFO c.h.h.t.HelmChartContainer - [hivemq-test-hivemq-platform] [hivemq-platform-operator] [cab301d1] 	at io.fabric8.kubernetes.client.http.ByteArrayBodyHandler.onBodyDone(ByteArrayBodyHandler.java:51)
2025-01-27 17:05:51,389 INFO c.h.h.t.HelmChartContainer - [hivemq-test-hivemq-platform] [hivemq-platform-operator] [cab301d1] 	at java.base/java.util.concurrent.CompletableFuture.uniWhenComplete(Unknown Source)
2025-01-27 17:05:51,389 INFO c.h.h.t.HelmChartContainer - [hivemq-test-hivemq-platform] [hivemq-platform-operator] [cab301d1] 	at java.base/java.util.concurrent.CompletableFuture$UniWhenComplete.tryFire(Unknown Source)
2025-01-27 17:05:51,389 INFO c.h.h.t.HelmChartContainer - [hivemq-test-hivemq-platform] [hivemq-platform-operator] [cab301d1] 	at java.base/java.util.concurrent.CompletableFuture.postComplete(Unknown Source)
2025-01-27 17:05:51,390 INFO c.h.h.t.HelmChartContainer - [hivemq-test-hivemq-platform] [hivemq-platform-operator] [cab301d1] 	at java.base/java.util.concurrent.CompletableFuture.complete(Unknown Source)
2025-01-27 17:05:51,390 INFO c.h.h.t.HelmChartContainer - [hivemq-test-hivemq-platform] [hivemq-platform-operator] [cab301d1] 	at io.fabric8.kubernetes.client.vertx.VertxHttpRequest.lambda$null$1(VertxHttpRequest.java:121)
2025-01-27 17:05:51,390 INFO c.h.h.t.HelmChartContainer - [hivemq-test-hivemq-platform] [hivemq-platform-operator] [cab301d1] 	at io.vertx.core.impl.ContextInternal.dispatch(ContextInternal.java:279)
2025-01-27 17:05:51,390 INFO c.h.h.t.HelmChartContainer - [hivemq-test-hivemq-platform] [hivemq-platform-operator] [cab301d1] 	at io.vertx.core.impl.ContextInternal.dispatch(ContextInternal.java:261)
2025-01-27 17:05:51,390 INFO c.h.h.t.HelmChartContainer - [hivemq-test-hivemq-platform] [hivemq-platform-operator] [cab301d1] 	at io.vertx.core.http.impl.HttpEventHandler.handleEnd(HttpEventHandler.java:76)
2025-01-27 17:05:51,390 INFO c.h.h.t.HelmChartContainer - [hivemq-test-hivemq-platform] [hivemq-platform-operator] [cab301d1] 	at io.vertx.core.http.impl.HttpClientResponseImpl.handleEnd(HttpClientResponseImpl.java:250)
2025-01-27 17:05:51,390 INFO c.h.h.t.HelmChartContainer - [hivemq-test-hivemq-platform] [hivemq-platform-operator] [cab301d1] 	at io.vertx.core.http.impl.Http1xClientConnection$StreamImpl.lambda$new$0(Http1xClientConnection.java:421)
2025-01-27 17:05:51,390 INFO c.h.h.t.HelmChartContainer - [hivemq-test-hivemq-platform] [hivemq-platform-operator] [cab301d1] 	at io.vertx.core.streams.impl.InboundBuffer.handleEvent(InboundBuffer.java:279)
2025-01-27 17:05:51,390 INFO c.h.h.t.HelmChartContainer - [hivemq-test-hivemq-platform] [hivemq-platform-operator] [cab301d1] 	at io.vertx.core.streams.impl.InboundBuffer.write(InboundBuffer.java:157)
2025-01-27 17:05:51,390 INFO c.h.h.t.HelmChartContainer - [hivemq-test-hivemq-platform] [hivemq-platform-operator] [cab301d1] 	at io.vertx.core.http.impl.Http1xClientConnection$StreamImpl.handleEnd(Http1xClientConnection.java:709)
2025-01-27 17:05:51,390 INFO c.h.h.t.HelmChartContainer - [hivemq-test-hivemq-platform] [hivemq-platform-operator] [cab301d1] 	at io.vertx.core.impl.ContextImpl.execute(ContextImpl.java:313)
2025-01-27 17:05:51,390 INFO c.h.h.t.HelmChartContainer - [hivemq-test-hivemq-platform] [hivemq-platform-operator] [cab301d1] 	at io.vertx.core.impl.ContextImpl.execute(ContextImpl.java:293)
2025-01-27 17:05:51,390 INFO c.h.h.t.HelmChartContainer - [hivemq-test-hivemq-platform] [hivemq-platform-operator] [cab301d1] 	at io.vertx.core.http.impl.Http1xClientConnection.handleResponseEnd(Http1xClientConnection.java:940)
2025-01-27 17:05:51,390 INFO c.h.h.t.HelmChartContainer - [hivemq-test-hivemq-platform] [hivemq-platform-operator] [cab301d1] 	at io.vertx.core.http.impl.Http1xClientConnection.handleHttpMessage(Http1xClientConnection.java:810)
2025-01-27 17:05:51,390 INFO c.h.h.t.HelmChartContainer - [hivemq-test-hivemq-platform] [hivemq-platform-operator] [cab301d1] 	at io.vertx.core.http.impl.Http1xClientConnection.handleMessage(Http1xClientConnection.java:774)
2025-01-27 17:05:51,390 INFO c.h.h.t.HelmChartContainer - [hivemq-test-hivemq-platform] [hivemq-platform-operator] [cab301d1] 	at io.vertx.core.net.impl.ConnectionBase.read(ConnectionBase.java:159)
2025-01-27 17:05:51,390 INFO c.h.h.t.HelmChartContainer - [hivemq-test-hivemq-platform] [hivemq-platform-operator] [cab301d1] 	at io.vertx.core.net.impl.VertxHandler.channelRead(VertxHandler.java:153)
2025-01-27 17:05:51,390 INFO c.h.h.t.HelmChartContainer - [hivemq-test-hivemq-platform] [hivemq-platform-operator] [cab301d1] 	at io.netty.channel.AbstractChannelHandlerContext.invokeChannelRead(AbstractChannelHandlerContext.java:442)
2025-01-27 17:05:51,390 INFO c.h.h.t.HelmChartContainer - [hivemq-test-hivemq-platform] [hivemq-platform-operator] [cab301d1] 	at io.netty.channel.AbstractChannelHandlerContext.invokeChannelRead(AbstractChannelHandlerContext.java:420)
2025-01-27 17:05:51,390 INFO c.h.h.t.HelmChartContainer - [hivemq-test-hivemq-platform] [hivemq-platform-operator] [cab301d1] 	at io.netty.channel.AbstractChannelHandlerContext.fireChannelRead(AbstractChannelHandlerContext.java:412)
2025-01-27 17:05:51,390 INFO c.h.h.t.HelmChartContainer - [hivemq-test-hivemq-platform] [hivemq-platform-operator] [cab301d1] 	at io.netty.channel.CombinedChannelDuplexHandler$DelegatingChannelHandlerContext.fireChannelRead(CombinedChannelDuplexHandler.java:436)
2025-01-27 17:05:51,390 INFO c.h.h.t.HelmChartContainer - [hivemq-test-hivemq-platform] [hivemq-platform-operator] [cab301d1] 	at io.netty.handler.codec.ByteToMessageDecoder.fireChannelRead(ByteToMessageDecoder.java:346)
2025-01-27 17:05:51,390 INFO c.h.h.t.HelmChartContainer - [hivemq-test-hivemq-platform] [hivemq-platform-operator] [cab301d1] 	at io.netty.handler.codec.ByteToMessageDecoder.channelRead(ByteToMessageDecoder.java:318)
2025-01-27 17:05:51,390 INFO c.h.h.t.HelmChartContainer - [hivemq-test-hivemq-platform] [hivemq-platform-operator] [cab301d1] 	at io.netty.channel.CombinedChannelDuplexHandler.channelRead(CombinedChannelDuplexHandler.java:251)
2025-01-27 17:05:51,390 INFO c.h.h.t.HelmChartContainer - [hivemq-test-hivemq-platform] [hivemq-platform-operator] [cab301d1] 	at io.netty.channel.AbstractChannelHandlerContext.invokeChannelRead(AbstractChannelHandlerContext.java:442)
2025-01-27 17:05:51,390 INFO c.h.h.t.HelmChartContainer - [hivemq-test-hivemq-platform] [hivemq-platform-operator] [cab301d1] 	at io.netty.channel.AbstractChannelHandlerContext.invokeChannelRead(AbstractChannelHandlerContext.java:420)
2025-01-27 17:05:51,390 INFO c.h.h.t.HelmChartContainer - [hivemq-test-hivemq-platform] [hivemq-platform-operator] [cab301d1] 	at io.netty.channel.AbstractChannelHandlerContext.fireChannelRead(AbstractChannelHandlerContext.java:412)
2025-01-27 17:05:51,390 INFO c.h.h.t.HelmChartContainer - [hivemq-test-hivemq-platform] [hivemq-platform-operator] [cab301d1] 	at io.netty.handler.ssl.SslHandler.unwrap(SslHandler.java:1475)
2025-01-27 17:05:51,391 INFO c.h.h.t.HelmChartContainer - [hivemq-test-hivemq-platform] [hivemq-platform-operator] [cab301d1] 	at io.netty.handler.ssl.SslHandler.decodeJdkCompatible(SslHandler.java:1338)
2025-01-27 17:05:51,391 INFO c.h.h.t.HelmChartContainer - [hivemq-test-hivemq-platform] [hivemq-platform-operator] [cab301d1] 	at io.netty.handler.ssl.SslHandler.decode(SslHandler.java:1387)
2025-01-27 17:05:51,391 INFO c.h.h.t.HelmChartContainer - [hivemq-test-hivemq-platform] [hivemq-platform-operator] [cab301d1] 	at io.netty.handler.codec.ByteToMessageDecoder.decodeRemovalReentryProtection(ByteToMessageDecoder.java:530)
2025-01-27 17:05:51,391 INFO c.h.h.t.HelmChartContainer - [hivemq-test-hivemq-platform] [hivemq-platform-operator] [cab301d1] 	at io.netty.handler.codec.ByteToMessageDecoder.callDecode(ByteToMessageDecoder.java:469)
2025-01-27 17:05:51,391 INFO c.h.h.t.HelmChartContainer - [hivemq-test-hivemq-platform] [hivemq-platform-operator] [cab301d1] 	at io.netty.handler.codec.ByteToMessageDecoder.channelRead(ByteToMessageDecoder.java:290)
2025-01-27 17:05:51,391 INFO c.h.h.t.HelmChartContainer - [hivemq-test-hivemq-platform] [hivemq-platform-operator] [cab301d1] 	at io.netty.channel.AbstractChannelHandlerContext.invokeChannelRead(AbstractChannelHandlerContext.java:444)
2025-01-27 17:05:51,391 INFO c.h.h.t.HelmChartContainer - [hivemq-test-hivemq-platform] [hivemq-platform-operator] [cab301d1] 	at io.netty.channel.AbstractChannelHandlerContext.invokeChannelRead(AbstractChannelHandlerContext.java:420)
2025-01-27 17:05:51,391 INFO c.h.h.t.HelmChartContainer - [hivemq-test-hivemq-platform] [hivemq-platform-operator] [cab301d1] 	at io.netty.channel.AbstractChannelHandlerContext.fireChannelRead(AbstractChannelHandlerContext.java:412)
2025-01-27 17:05:51,391 INFO c.h.h.t.HelmChartContainer - [hivemq-test-hivemq-platform] [hivemq-platform-operator] [cab301d1] 	at io.netty.channel.DefaultChannelPipeline$HeadContext.channelRead(DefaultChannelPipeline.java:1407)
2025-01-27 17:05:51,391 INFO c.h.h.t.HelmChartContainer - [hivemq-test-hivemq-platform] [hivemq-platform-operator] [cab301d1] 	at io.netty.channel.AbstractChannelHandlerContext.invokeChannelRead(AbstractChannelHandlerContext.java:440)
2025-01-27 17:05:51,391 INFO c.h.h.t.HelmChartContainer - [hivemq-test-hivemq-platform] [hivemq-platform-operator] [cab301d1] 	at io.netty.channel.AbstractChannelHandlerContext.invokeChannelRead(AbstractChannelHandlerContext.java:420)
2025-01-27 17:05:51,391 INFO c.h.h.t.HelmChartContainer - [hivemq-test-hivemq-platform] [hivemq-platform-operator] [cab301d1] 	at io.netty.channel.DefaultChannelPipeline.fireChannelRead(DefaultChannelPipeline.java:918)
2025-01-27 17:05:51,391 INFO c.h.h.t.HelmChartContainer - [hivemq-test-hivemq-platform] [hivemq-platform-operator] [cab301d1] 	at io.netty.channel.nio.AbstractNioByteChannel$NioByteUnsafe.read(AbstractNioByteChannel.java:166)
2025-01-27 17:05:51,391 INFO c.h.h.t.HelmChartContainer - [hivemq-test-hivemq-platform] [hivemq-platform-operator] [cab301d1] 	at io.netty.channel.nio.NioEventLoop.processSelectedKey(NioEventLoop.java:788)
2025-01-27 17:05:51,391 INFO c.h.h.t.HelmChartContainer - [hivemq-test-hivemq-platform] [hivemq-platform-operator] [cab301d1] 	at io.netty.channel.nio.NioEventLoop.processSelectedKeysOptimized(NioEventLoop.java:724)
2025-01-27 17:05:51,391 INFO c.h.h.t.HelmChartContainer - [hivemq-test-hivemq-platform] [hivemq-platform-operator] [cab301d1] 	at io.netty.channel.nio.NioEventLoop.processSelectedKeys(NioEventLoop.java:650)
2025-01-27 17:05:51,391 INFO c.h.h.t.HelmChartContainer - [hivemq-test-hivemq-platform] [hivemq-platform-operator] [cab301d1] 	at io.netty.channel.nio.NioEventLoop.run(NioEventLoop.java:562)
2025-01-27 17:05:51,391 INFO c.h.h.t.HelmChartContainer - [hivemq-test-hivemq-platform] [hivemq-platform-operator] [cab301d1] 	at io.netty.util.concurrent.SingleThreadEventExecutor$4.run(SingleThreadEventExecutor.java:997)
2025-01-27 17:05:51,391 INFO c.h.h.t.HelmChartContainer - [hivemq-test-hivemq-platform] [hivemq-platform-operator] [cab301d1] 	at io.netty.util.internal.ThreadExecutorMap$2.run(ThreadExecutorMap.java:74)
2025-01-27 17:05:51,391 INFO c.h.h.t.HelmChartContainer - [hivemq-test-hivemq-platform] [hivemq-platform-operator] [cab301d1] 	at io.netty.util.concurrent.FastThreadLocalRunnable.run(FastThreadLocalRunnable.java:30)
2025-01-27 17:05:51,391 INFO c.h.h.t.HelmChartContainer - [hivemq-test-hivemq-platform] [hivemq-platform-operator] [cab301d1] 	... 1 common frames omitted
2025-01-27 17:05:51,434 INFO c.h.h.t.HelmChartContainer - [hivemq-test-hivemq-platform] [hivemq-platform-operator] [cab301d1] 17:05:51.431 [ReconcilerExecutor-hivemq-controller-124] INFO  c.h.p.o.HiveMQPlatformReconciler - [helminit] Cleanup test-hivemq-platform - helminitcontainerit HiveMQ Platform is shut down
2025-01-27 17:05:51,907 INFO c.h.h.t.HelmChartContainer - [POD] test-hivemq-platform-0 [27b2f21b-ac2b-4194-8c8a-d2747cf473b8] in helminitcontainerit was MODIFIED
2025-01-27 17:05:51,918 INFO c.h.h.t.HelmChartContainer - [EVENT] Normal [Killing] Stopping container consul-template-init-container [helminitcontainerit:test-hivemq-platform-0]
2025-01-27 17:05:51,918 INFO c.h.h.t.HelmChartContainer - [test-hivemq-platform] [hivemq] [27b2f21b] INFO  - [HiveMQ Platform Operator Init App 1.7.0-SNAPSHOT] Shutting down
2025-01-27 17:05:51,918 INFO c.h.h.t.HelmChartContainer - [test-hivemq-platform] [hivemq] [27b2f21b] INFO  - [HiveMQ Platform Operator Init App 1.7.0-SNAPSHOT] Stopping the HiveMQ Platform
2025-01-27 17:05:51,925 INFO c.h.h.t.HelmChartContainer - [EVENT] Normal [Killing] Stopping container hivemq [helminitcontainerit:test-hivemq-platform-0]
2025-01-27 17:05:51,926 INFO c.h.h.t.HelmChartContainer - Received Killing event for container hivemq in pod test-hivemq-platform-0 [27b2f21b-ac2b-4194-8c8a-d2747cf473b8]
2025-01-27 17:05:51,926 INFO c.h.h.t.HelmChartContainer - Container [test-hivemq-platform-0] [hivemq] [27b2f21b-ac2b-4194-8c8a-d2747cf473b8] was terminated
2025-01-27 17:05:51,926 INFO c.h.h.t.HelmChartContainer - Stopped log watcher for hivemq in pod test-hivemq-platform-0 [27b2f21b-ac2b-4194-8c8a-d2747cf473b8]
2025-01-27 17:05:51,975 INFO c.h.h.t.HelmChartContainer - [test-hivemq-platform] [hivemq] [27b2f21b] INFO  - Shutting down HiveMQ. Please wait, this could take a while...
2025-01-27 17:05:52,057 INFO c.h.h.t.HelmChartContainer - [test-hivemq-platform] [hivemq] [27b2f21b] INFO  - Shutting down listeners and clients
2025-01-27 17:05:52,058 INFO c.h.h.t.HelmChartContainer - [test-hivemq-platform] [hivemq] [27b2f21b] INFO  - Shutdown of listeners is done
2025-01-27 17:05:52,059 INFO c.h.h.t.HelmChartContainer - [test-hivemq-platform] [hivemq] [27b2f21b] INFO  - No clients are connected, proceeding with shutdown
2025-01-27 17:05:53,114 INFO c.h.h.t.HelmChartContainer - Deleting namespace 'helminitcontainerit'...
2025-01-27 17:05:53,577 INFO c.h.h.t.HelmChartContainer - [test-hivemq-platform] [hivemq] [27b2f21b] INFO  - [HiveMQ Platform Operator Init App 1.7.0-SNAPSHOT] Returning shutdown Health API response 503 for readiness
2025-01-27 17:05:53,581 INFO c.h.h.t.HelmChartContainer - [EVENT] Warning [Unhealthy] Readiness probe failed: HTTP probe failed with statuscode: 503 [helminitcontainerit:test-hivemq-platform-0]
2025-01-27 17:05:53,582 INFO c.h.h.t.HelmChartContainer - Received Unhealthy event for container hivemq in pod test-hivemq-platform-0 [27b2f21b-ac2b-4194-8c8a-d2747cf473b8]
2025-01-27 17:05:54,067 INFO c.h.h.t.HelmChartContainer - [K3S] [authentication.go:74] "Unable to authenticate the request" err="[invalid bearer token, serviceaccounts \"hivemq-platform-pod-test-hivemq-platform\" not found]"
2025-01-27 17:05:54,086 INFO c.h.h.t.HelmChartContainer - [K3S] [authentication.go:74] "Unable to authenticate the request" err="[invalid bearer token, serviceaccounts \"hivemq-platform-pod-test-hivemq-platform\" not found]"
2025-01-27 17:05:54,164 INFO c.h.h.t.HelmChartContainer - [test-hivemq-platform] [hivemq] [27b2f21b] WARN  - [HiveMQ Platform Operator Init App 1.7.0-SNAPSHOT] Could not update Pod annotations: Failure executing: GET at: https://10.43.0.1:443/api/v1/namespaces/helminitcontainerit/pods/test-hivemq-platform-0. Message: Unauthorized. Received status: Status(apiVersion=v1, code=401, details=null, kind=Status, message=Unauthorized, metadata=ListMeta(_continue=null, remainingItemCount=null, resourceVersion=null, selfLink=null, additionalProperties={}), reason=Unauthorized, status=Failure, additionalProperties={}).
2025-01-27 17:05:55,163 INFO c.h.h.t.HelmChartContainer - [test-hivemq-platform] [hivemq] [27b2f21b] INFO  - Shutting down extension system
2025-01-27 17:05:55,171 INFO c.h.h.t.HelmChartContainer - [test-hivemq-platform] [hivemq] [27b2f21b] INFO  - Stopping extension with id hivemq-dns-cluster-discovery
2025-01-27 17:05:55,172 INFO c.h.h.t.HelmChartContainer - [test-hivemq-platform] [hivemq] [27b2f21b] INFO  - Extension "DNS Cluster Discovery Extension" version 4.3.2 stopped successfully.
2025-01-27 17:05:55,172 INFO c.h.h.t.HelmChartContainer - [test-hivemq-platform] [hivemq] [27b2f21b] INFO  - Stopping extension with id hivemq-prometheus-extension
2025-01-27 17:05:55,176 INFO c.h.h.t.HelmChartContainer - [test-hivemq-platform] [hivemq] [27b2f21b] INFO  - Extension "Prometheus Monitoring Extension" version 4.0.12 stopped successfully.
2025-01-27 17:05:55,177 INFO c.h.h.t.HelmChartContainer - [test-hivemq-platform] [hivemq] [27b2f21b] INFO  - Stopping extension with id hivemq-allow-all-extension
2025-01-27 17:05:55,177 INFO c.h.h.t.HelmChartContainer - [test-hivemq-platform] [hivemq] [27b2f21b] INFO  - Extension "Allow All Extension" version 1.1.0 stopped successfully.
2025-01-27 17:05:57,460 INFO c.h.h.t.HelmChartContainer - [test-hivemq-platform] [hivemq] [27b2f21b] INFO  - Shutdown completed.
2025-01-27 17:05:57,809 INFO c.h.h.t.HelmChartContainer - [test-hivemq-platform] [hivemq] [27b2f21b] INFO  - [HiveMQ Platform Operator Init App 1.7.0-SNAPSHOT] The HiveMQ Platform exited with code 143
2025-01-27 17:05:57,809 INFO c.h.h.t.HelmChartContainer - [test-hivemq-platform] [hivemq] [27b2f21b] INFO  - [HiveMQ Platform Operator Init App 1.7.0-SNAPSHOT] Stopping the REST API
2025-01-27 17:05:57,816 INFO c.h.h.t.HelmChartContainer - [test-hivemq-platform] [hivemq] [27b2f21b] INFO  - [HiveMQ Platform Operator Init App 1.7.0-SNAPSHOT] Shutdown complete
2025-01-27 17:05:58,338 INFO c.h.h.t.HelmChartContainer - [K3S] [stateful_set.go:466] "StatefulSet has been deleted" key="helminitcontainerit/test-hivemq-platform"
2025-01-27 17:05:58,356 INFO c.h.h.t.HelmChartContainer - [POD] test-hivemq-platform-0 [27b2f21b-ac2b-4194-8c8a-d2747cf473b8] in helminitcontainerit was MODIFIED
2025-01-27 17:05:58,455 INFO c.h.h.t.HelmChartContainer - [K3S] [reconciler_common.go:162] "operationExecutor.UnmountVolume started for volume \"license-volume\" (UniqueName: \"kubernetes.io/empty-dir/27b2f21b-ac2b-4194-8c8a-d2747cf473b8-license-volume\") pod \"27b2f21b-ac2b-4194-8c8a-d2747cf473b8\" (UID: \"27b2f21b-ac2b-4194-8c8a-d2747cf473b8\") "
2025-01-27 17:05:58,456 INFO c.h.h.t.HelmChartContainer - [K3S] [reconciler_common.go:162] "operationExecutor.UnmountVolume started for volume \"broker-configuration\" (UniqueName: \"kubernetes.io/configmap/27b2f21b-ac2b-4194-8c8a-d2747cf473b8-broker-configuration\") pod \"27b2f21b-ac2b-4194-8c8a-d2747cf473b8\" (UID: \"27b2f21b-ac2b-4194-8c8a-d2747cf473b8\") "
2025-01-27 17:05:58,456 INFO c.h.h.t.HelmChartContainer - [K3S] [reconciler_common.go:162] "operationExecutor.UnmountVolume started for volume \"pod-info\" (UniqueName: \"kubernetes.io/configmap/27b2f21b-ac2b-4194-8c8a-d2747cf473b8-pod-info\") pod \"27b2f21b-ac2b-4194-8c8a-d2747cf473b8\" (UID: \"27b2f21b-ac2b-4194-8c8a-d2747cf473b8\") "
2025-01-27 17:05:58,456 INFO c.h.h.t.HelmChartContainer - [K3S] [reconciler_common.go:162] "operationExecutor.UnmountVolume started for volume \"kube-api-access-h44qh\" (UniqueName: \"kubernetes.io/projected/27b2f21b-ac2b-4194-8c8a-d2747cf473b8-kube-api-access-h44qh\") pod \"27b2f21b-ac2b-4194-8c8a-d2747cf473b8\" (UID: \"27b2f21b-ac2b-4194-8c8a-d2747cf473b8\") "
2025-01-27 17:05:58,456 INFO c.h.h.t.HelmChartContainer - [K3S] [reconciler_common.go:162] "operationExecutor.UnmountVolume started for volume \"consul-template-volume\" (UniqueName: \"kubernetes.io/configmap/27b2f21b-ac2b-4194-8c8a-d2747cf473b8-consul-template-volume\") pod \"27b2f21b-ac2b-4194-8c8a-d2747cf473b8\" (UID: \"27b2f21b-ac2b-4194-8c8a-d2747cf473b8\") "
2025-01-27 17:05:58,457 INFO c.h.h.t.HelmChartContainer - [K3S] [reconciler_common.go:162] "operationExecutor.UnmountVolume started for volume \"operator-init\" (UniqueName: \"kubernetes.io/empty-dir/27b2f21b-ac2b-4194-8c8a-d2747cf473b8-operator-init\") pod \"27b2f21b-ac2b-4194-8c8a-d2747cf473b8\" (UID: \"27b2f21b-ac2b-4194-8c8a-d2747cf473b8\") "
2025-01-27 17:05:58,556 INFO c.h.h.t.HelmChartContainer - [K3S] [reconciler_common.go:299] "Volume detached for volume \"consul-template-volume\" (UniqueName: \"kubernetes.io/configmap/27b2f21b-ac2b-4194-8c8a-d2747cf473b8-consul-template-volume\") on node \"e7d25c28f32f\" DevicePath \"\""
2025-01-27 17:05:58,556 INFO c.h.h.t.HelmChartContainer - [K3S] [reconciler_common.go:299] "Volume detached for volume \"operator-init\" (UniqueName: \"kubernetes.io/empty-dir/27b2f21b-ac2b-4194-8c8a-d2747cf473b8-operator-init\") on node \"e7d25c28f32f\" DevicePath \"\""
2025-01-27 17:05:58,556 INFO c.h.h.t.HelmChartContainer - [K3S] [reconciler_common.go:299] "Volume detached for volume \"pod-info\" (UniqueName: \"kubernetes.io/configmap/27b2f21b-ac2b-4194-8c8a-d2747cf473b8-pod-info\") on node \"e7d25c28f32f\" DevicePath \"\""
2025-01-27 17:05:58,556 INFO c.h.h.t.HelmChartContainer - [K3S] [reconciler_common.go:299] "Volume detached for volume \"license-volume\" (UniqueName: \"kubernetes.io/empty-dir/27b2f21b-ac2b-4194-8c8a-d2747cf473b8-license-volume\") on node \"e7d25c28f32f\" DevicePath \"\""
2025-01-27 17:05:58,556 INFO c.h.h.t.HelmChartContainer - [K3S] [reconciler_common.go:299] "Volume detached for volume \"broker-configuration\" (UniqueName: \"kubernetes.io/configmap/27b2f21b-ac2b-4194-8c8a-d2747cf473b8-broker-configuration\") on node \"e7d25c28f32f\" DevicePath \"\""
2025-01-27 17:05:58,556 INFO c.h.h.t.HelmChartContainer - [K3S] [reconciler_common.go:299] "Volume detached for volume \"kube-api-access-h44qh\" (UniqueName: \"kubernetes.io/projected/27b2f21b-ac2b-4194-8c8a-d2747cf473b8-kube-api-access-h44qh\") on node \"e7d25c28f32f\" DevicePath \"\""
2025-01-27 17:05:58,568 INFO c.h.h.t.HelmChartContainer - [K3S] [scope.go:117] "RemoveContainer" containerID="d94f7d3c94012138596a6db188bfd632a4de16a5f63d381b0f4a39ea38d151db"
2025-01-27 17:05:58,583 INFO c.h.h.t.HelmChartContainer - [POD] test-hivemq-platform-0 [27b2f21b-ac2b-4194-8c8a-d2747cf473b8] in helminitcontainerit was MODIFIED
2025-01-27 17:05:58,590 INFO c.h.h.t.HelmChartContainer - [POD] test-hivemq-platform-0 [27b2f21b-ac2b-4194-8c8a-d2747cf473b8] in helminitcontainerit was DELETED
2025-01-27 17:05:58,675 INFO c.h.h.t.HelmChartContainer - [K3S] [scope.go:117] "RemoveContainer" containerID="a10d50db471a7741b974fb4349749b2cfef683a1e5ea58043e1779ed0bd6b017"
2025-01-27 17:05:58,679 INFO c.h.h.t.HelmChartContainer - [K3S] [scope.go:117] "RemoveContainer" containerID="e0fb5ac839c280f4aa1885aec687f5c1b5e130e9354a6d6f09b853eb3eb5c37b"
2025-01-27 17:05:58,683 INFO c.h.h.t.HelmChartContainer - [K3S] [scope.go:117] "RemoveContainer" containerID="d94f7d3c94012138596a6db188bfd632a4de16a5f63d381b0f4a39ea38d151db"
2025-01-27 17:05:58,684 INFO c.h.h.t.HelmChartContainer - [K3S] [scope.go:117] "RemoveContainer" containerID="a10d50db471a7741b974fb4349749b2cfef683a1e5ea58043e1779ed0bd6b017"
2025-01-27 17:05:58,684 INFO c.h.h.t.HelmChartContainer - [K3S] [scope.go:117] "RemoveContainer" containerID="e0fb5ac839c280f4aa1885aec687f5c1b5e130e9354a6d6f09b853eb3eb5c37b"
2025-01-27 17:05:58,684 INFO c.h.h.t.HelmChartContainer - [K3S] [scope.go:117] "RemoveContainer" containerID="d94f7d3c94012138596a6db188bfd632a4de16a5f63d381b0f4a39ea38d151db"
2025-01-27 17:05:58,685 INFO c.h.h.t.HelmChartContainer - [K3S] [scope.go:117] "RemoveContainer" containerID="a10d50db471a7741b974fb4349749b2cfef683a1e5ea58043e1779ed0bd6b017"
2025-01-27 17:05:58,685 INFO c.h.h.t.HelmChartContainer - [K3S] [scope.go:117] "RemoveContainer" containerID="e0fb5ac839c280f4aa1885aec687f5c1b5e130e9354a6d6f09b853eb3eb5c37b"
2025-01-27 17:06:00,335 INFO c.h.h.t.HelmChartContainer - [K3S] [kubelet_volumes.go:163] "Cleaned up orphaned pod volumes dir" podUID="27b2f21b-ac2b-4194-8c8a-d2747cf473b8" path="/var/lib/kubelet/pods/27b2f21b-ac2b-4194-8c8a-d2747cf473b8/volumes"
2025-01-27 17:06:03,472 INFO c.h.h.t.HelmChartContainer - Namespace 'helminitcontainerit' deleted
2025-01-27 17:06:03,472 INFO c.h.h.t.HelmChartContainer - Release 'test-hivemq-platform' in namespace 'helminitcontainerit' is uninstalled
2025-01-27 17:06:03,472 INFO c.h.h.t.HelmChartContainer - Uninstalling release 'test-hivemq-platform-operator' in namespace 'helminitcontainerit-operator'...
2025-01-27 17:06:03,472 DEBUG c.h.h.t.HelmChartContainer - Executing helm command: /bin/helm --kubeconfig /etc/rancher/k3s/k3s.yaml uninstall test-hivemq-platform-operator  --wait --timeout 5m0s --cascade foreground --namespace helminitcontainerit-operator
2025-01-27 17:06:03,631 INFO c.h.h.t.HelmChartContainer - [K3S] [replica_set.go:679] "Finished syncing" kind="ReplicaSet" key="helminitcontainerit-operator/hivemq-test-hivemq-platform-operator-6966f96d65" duration="7.174215ms"
2025-01-27 17:06:03,636 INFO c.h.h.t.HelmChartContainer - [K3S] [replica_set.go:679] "Finished syncing" kind="ReplicaSet" key="helminitcontainerit-operator/hivemq-test-hivemq-platform-operator-6966f96d65" duration="54.11µs"
2025-01-27 17:06:03,647 INFO c.h.h.t.HelmChartContainer - [POD] hivemq-test-hivemq-platform-operator-6966f96d65-qvcf7 [cab301d1-7437-477d-863e-aae02464fbf4] in helminitcontainerit-operator was MODIFIED
2025-01-27 17:06:03,660 INFO c.h.h.t.HelmChartContainer - [K3S] [replica_set.go:679] "Finished syncing" kind="ReplicaSet" key="helminitcontainerit-operator/hivemq-test-hivemq-platform-operator-6966f96d65" duration="13.190886ms"
2025-01-27 17:06:03,662 INFO c.h.h.t.HelmChartContainer - [K3S] [replica_set.go:679] "Finished syncing" kind="ReplicaSet" key="helminitcontainerit-operator/hivemq-test-hivemq-platform-operator-6966f96d65" duration="42.83µs"
2025-01-27 17:06:03,662 INFO c.h.h.t.HelmChartContainer - [EVENT] Normal [Killing] Stopping container hivemq-platform-operator [helminitcontainerit-operator:hivemq-test-hivemq-platform-operator-6966f96d65-qvcf7]
2025-01-27 17:06:03,662 INFO c.h.h.t.HelmChartContainer - Received Killing event for container hivemq-platform-operator in pod hivemq-test-hivemq-platform-operator-6966f96d65-qvcf7 [cab301d1-7437-477d-863e-aae02464fbf4]
2025-01-27 17:06:03,663 INFO c.h.h.t.HelmChartContainer - Container [hivemq-test-hivemq-platform-operator-6966f96d65-qvcf7] [hivemq-platform-operator] [cab301d1-7437-477d-863e-aae02464fbf4] was terminated
2025-01-27 17:06:03,663 INFO c.h.h.t.HelmChartContainer - Stopped log watcher for hivemq-platform-operator in pod hivemq-test-hivemq-platform-operator-6966f96d65-qvcf7 [cab301d1-7437-477d-863e-aae02464fbf4]
2025-01-27 17:06:03,727 INFO c.h.h.t.HelmChartContainer - [hivemq-test-hivemq-platform] [hivemq-platform-operator] [cab301d1] 17:06:03.726 [application-shutdown-thread] INFO  c.h.p.o.HiveMQPlatformOperatorApplication - HiveMQ Platform Operator is stopping...
2025-01-27 17:06:03,727 INFO c.h.h.t.HelmChartContainer - [hivemq-test-hivemq-platform] [hivemq-platform-operator] [cab301d1] 17:06:03.726 [application-shutdown-thread] INFO  i.javaoperatorsdk.operator.Operator - Operator SDK 4.9.7 is shutting down...
2025-01-27 17:06:04,270 INFO c.h.h.t.HelmChartContainer - [K3S] [replica_set.go:679] "Finished syncing" kind="ReplicaSet" key="helminitcontainerit-operator/hivemq-test-hivemq-platform-operator-6966f96d65" duration="44.112µs"
2025-01-27 17:06:04,271 INFO c.h.h.t.HelmChartContainer - [POD] hivemq-test-hivemq-platform-operator-6966f96d65-qvcf7 [cab301d1-7437-477d-863e-aae02464fbf4] in helminitcontainerit-operator was MODIFIED
2025-01-27 17:06:04,389 INFO c.h.h.t.HelmChartContainer - [K3S] [reconciler_common.go:162] "operationExecutor.UnmountVolume started for volume \"kube-api-access-26tk7\" (UniqueName: \"kubernetes.io/projected/cab301d1-7437-477d-863e-aae02464fbf4-kube-api-access-26tk7\") pod \"cab301d1-7437-477d-863e-aae02464fbf4\" (UID: \"cab301d1-7437-477d-863e-aae02464fbf4\") "
2025-01-27 17:06:04,490 INFO c.h.h.t.HelmChartContainer - [K3S] [reconciler_common.go:299] "Volume detached for volume \"kube-api-access-26tk7\" (UniqueName: \"kubernetes.io/projected/cab301d1-7437-477d-863e-aae02464fbf4-kube-api-access-26tk7\") on node \"e7d25c28f32f\" DevicePath \"\""
2025-01-27 17:06:04,579 INFO c.h.h.t.HelmChartContainer - [K3S] [scope.go:117] "RemoveContainer" containerID="69b9cdcddc3423639973063d816d2ec08454e9ec28031d78b0c8175c37f6c1d8"
2025-01-27 17:06:04,583 INFO c.h.h.t.HelmChartContainer - [K3S] [scope.go:117] "RemoveContainer" containerID="69b9cdcddc3423639973063d816d2ec08454e9ec28031d78b0c8175c37f6c1d8"
2025-01-27 17:06:04,591 INFO c.h.h.t.HelmChartContainer - [K3S] [replica_set.go:679] "Finished syncing" kind="ReplicaSet" key="helminitcontainerit-operator/hivemq-test-hivemq-platform-operator-6966f96d65" duration="42.329µs"
2025-01-27 17:06:04,593 INFO c.h.h.t.HelmChartContainer - [POD] hivemq-test-hivemq-platform-operator-6966f96d65-qvcf7 [cab301d1-7437-477d-863e-aae02464fbf4] in helminitcontainerit-operator was MODIFIED
2025-01-27 17:06:04,594 INFO c.h.h.t.HelmChartContainer - [K3S] [replica_set.go:679] "Finished syncing" kind="ReplicaSet" key="helminitcontainerit-operator/hivemq-test-hivemq-platform-operator-6966f96d65" duration="28.132µs"
2025-01-27 17:06:04,594 INFO c.h.h.t.HelmChartContainer - [POD] hivemq-test-hivemq-platform-operator-6966f96d65-qvcf7 [cab301d1-7437-477d-863e-aae02464fbf4] in helminitcontainerit-operator was DELETED
2025-01-27 17:06:04,605 INFO c.h.h.t.HelmChartContainer - [K3S] [replica_set.go:679] "Finished syncing" kind="ReplicaSet" key="helminitcontainerit-operator/hivemq-test-hivemq-platform-operator-6966f96d65" duration="6.331µs"
2025-01-27 17:06:05,693 INFO c.h.h.t.HelmChartContainer - Deleting namespace 'helminitcontainerit-operator'...
2025-01-27 17:06:06,334 INFO c.h.h.t.HelmChartContainer - [K3S] [kubelet_volumes.go:163] "Cleaned up orphaned pod volumes dir" podUID="cab301d1-7437-477d-863e-aae02464fbf4" path="/var/lib/kubelet/pods/cab301d1-7437-477d-863e-aae02464fbf4/volumes"
2025-01-27 17:06:08,439 INFO c.h.h.t.HelmChartContainer - [K3S] [namespace_controller.go:187] "Namespace has been deleted" namespace="helminitcontainerit"
2025-01-27 17:06:10,914 INFO c.h.h.t.HelmChartContainer - Namespace 'helminitcontainerit-operator' deleted
2025-01-27 17:06:10,914 INFO c.h.h.t.HelmChartContainer - Release 'test-hivemq-platform-operator' in namespace 'helminitcontainerit-operator' is uninstalled
2025-01-27 17:06:11,656 INFO c.h.helmcharts.AbstractHelmChartIT - Removed unused containers:

2025-01-27 17:06:15,810 INFO c.h.h.t.HelmChartContainer - [K3S] [namespace_controller.go:187] "Namespace has been deleted" namespace="helminitcontainerit-operator"
2025-01-27 17:06:20,287 INFO c.h.helmcharts.AbstractHelmChartIT - Removed unused snapshots:
Removing snapshot sha256:026a712f86a389a5fd74927b58e3b9c46d97b4685244a93cf8afd5dd2d926256
Removing snapshot sha256:03af251906410714c5aef9fa705b63f6bbc39c4a5e787de7361eeb18886c2ed2
Removing snapshot sha256:04586d725303b4dcbc0cdc42a56e7852bc8859e90a3b42def5c29ab6c5b2378a
Removing snapshot sha256:0c46b3b43cce082ce5ec34ffc6c294e0417d17b9d1e6f366d114b6aadc4f96dc
Removing snapshot sha256:0ce761beee59082d6ed5bcebd3a805b8ddd9b3426b617e4809e7fb7c6587ffec
Removing snapshot sha256:1021ef88c7974bfff89c5a0ec4fd3160daac6c48a075f74cff721f85dd104e68
Removing snapshot sha256:10aba4953ddc18145dd38e3704709bc464aa20af60b56fe52caaff4b68411e62
Removing snapshot sha256:12fcdb97878a8124028dd759e7639b77bca16c0f46aabea18189ae25af2554ab
Removing snapshot sha256:21282daefc2978b4ceefc8e326e9f9e60fd6af01a08dc7b4882a0750f99a1fa7
Removing snapshot sha256:2573e0d8158209ed54ab25c87bcdcb00bd3d2539246960a3d592a1c599d70465
Removing snapshot sha256:362a8a37f8bbc31925a8146adcf7cf51f9882f5c1dcbef67c5baa03a297543c0
Removing snapshot sha256:3fa4ad33f0ddc8fd45b39b6b4640f82a3a83619606cd975bfe89d8710ad2d4cd
Removing snapshot sha256:43a7c979bbaba6838bc3102d6b10a1459f3ab050b87ccdfef84ef90cf43d3058
Removing snapshot sha256:4ab04491cdf0d3267f08206fe30bd48f49f94b9cab2f016d6739220f722a64af
Removing snapshot sha256:4b6068250e89c96f263060261819c7d912855bfbd64b3eb4c4a8483299b8c295
Removing snapshot sha256:54760460dde328a0df5fb97426e3821ea3128f2a777231b6e8478cdaf84d50a9
Removing snapshot sha256:580e69a0a8034ede1921139bbd2bfb72a69ebf276d008281896c32dd8bf74775
Removing snapshot sha256:5a2c5491767de96088c4fcd4fddc22d7bfee323fe2e34fc7205056783b5dc099
Removing snapshot sha256:5ad32423e4b556ca23e4a282f00b6c28ba2ec8ad2b7822350a080868a3597d3e
Removing snapshot sha256:5d30ba46b27fe37484567ccc5242cadc78217b8da605f3f195ef25cbf7487904
Removing snapshot sha256:5f1df1c19f2f87fc725ef0cdaf4f43831c47e5cce7fdc062186f008bea2344fb
Removing snapshot sha256:63ca1fbb43ae5034640e5e6cb3e083e05c290072c5366fcaa9d62435a4cced85
Removing snapshot sha256:67f702c6baae873bceb19487c8b1f27bd2b86077e4f2f0e480e6d60ab508b8f5
Removing snapshot sha256:6864348dd42806d552efdec384f1274be15e2d0c10ce44c1f04347af004c10a9
Removing snapshot sha256:6b6a1f10cca10ea08499c191fc025406a23858de44f58930b06dc6608ff034e5
Removing snapshot sha256:6c7dee8f2c39b84b7dc2711c01d33de93514d9055499173e9290176fbe484b6c
Removing snapshot sha256:82753493a6d61ded36556292f02f31841a14c20d2f279f19eaad65afb661d5cd
Removing snapshot sha256:8a10d3db42c505ee0fcfa98417bdd7e39b304f6bcc0a06bb1b220797ff2cc63c
Removing snapshot sha256:94e5f06ff8e3d4441dc3cd8b090ff38dc911bfa8ebdb0dc28395bc98f82f983f
Removing snapshot sha256:9fe266bdfabb549dd4b3148560da7ce6ac593863d81fe17f9972d3ab187474ec
Removing snapshot sha256:a21e5b12dbac529ad45d976eb9ce45c881f3bedcc500fb30aba1e52aa1813418
Removing snapshot sha256:b921e6c28969094157f9b8e7244677780319637afd14450b7cb6b2fdea558a0c
Removing snapshot sha256:bc27ecb5769a00e309cf99ebc763c4a4b958b618d1decc96ffac5bc05f02f5b7
Removing snapshot sha256:be3ccb6627a5332e309d45ef461d09b4879dd870c7394d89323d0ebc6ca6aa8a
Removing snapshot sha256:c024c995d0ec94534ef5ca89830d313b19e1fd94187c99e4f5f5dfeaaa8e6248
Removing snapshot sha256:c261f7cbbc64211ee175ee47273acdb7b1a36a4450b397a064a8f2c026490095
Removing snapshot sha256:c34d9393647eea0c9e3557ab988efaf59f61d10a2a5613b439ef0958cca5ec10
Removing snapshot sha256:ccf3c4a0fa967a41c1c83497a2ce6fa5787965859df0adb32c4ca2cf7490bc2b
Removing snapshot sha256:cf92d33f869417309692088c341cd0f223c178ea78a125f757317b22aa8f90e9
Removing snapshot sha256:d0037344cf2fb078884f1849f6a1f8cf9a33a3b6139b6a85833e5ee528e1f9a8
Removing snapshot sha256:d3b36d5b79273b1e98e7700470eaeff05a882e777124d84cebcc1505b85ecb36
Removing snapshot sha256:d65a44a37914602d12c611e5e22a50f11451d847e63015cc1c2aef92dee777a4
Removing snapshot sha256:e2dc0bae2455930f23ae570e019b7f32edc75c0f2d71cab084db837ff9051796
Removing snapshot sha256:eccbd24a99c60cd9e86ee5305dbfc4a4dc89f5ab4fb1f06c8d64797cecedef34
Removing snapshot sha256:f144bb4c7c7f0d2aa7eeffd36d934ec40db1ee167be727e326aad9fdc616f475

2025-01-27 17:06:20,288 WARN c.h.helmcharts.AbstractHelmChartIT - Error during removal of snapshots:
ctr: failed to remove "sha256:026a712f86a389a5fd74927b58e3b9c46d97b4685244a93cf8afd5dd2d926256": cannot remove snapshot with child: failed precondition
ctr: failed to remove "sha256:03af251906410714c5aef9fa705b63f6bbc39c4a5e787de7361eeb18886c2ed2": cannot remove snapshot with child: failed precondition
ctr: failed to remove "sha256:04586d725303b4dcbc0cdc42a56e7852bc8859e90a3b42def5c29ab6c5b2378a": cannot remove snapshot with child: failed precondition
ctr: failed to remove "sha256:0c46b3b43cce082ce5ec34ffc6c294e0417d17b9d1e6f366d114b6aadc4f96dc": cannot remove snapshot with child: failed precondition
ctr: failed to remove "sha256:0ce761beee59082d6ed5bcebd3a805b8ddd9b3426b617e4809e7fb7c6587ffec": cannot remove snapshot with child: failed precondition
ctr: failed to remove "sha256:1021ef88c7974bfff89c5a0ec4fd3160daac6c48a075f74cff721f85dd104e68": cannot remove snapshot with child: failed precondition
ctr: failed to remove "sha256:10aba4953ddc18145dd38e3704709bc464aa20af60b56fe52caaff4b68411e62": cannot remove snapshot with child: failed precondition
ctr: failed to remove "sha256:12fcdb97878a8124028dd759e7639b77bca16c0f46aabea18189ae25af2554ab": cannot remove snapshot with child: failed precondition
ctr: failed to remove "sha256:2573e0d8158209ed54ab25c87bcdcb00bd3d2539246960a3d592a1c599d70465": cannot remove snapshot with child: failed precondition
ctr: failed to remove "sha256:362a8a37f8bbc31925a8146adcf7cf51f9882f5c1dcbef67c5baa03a297543c0": cannot remove snapshot with child: failed precondition
ctr: failed to remove "sha256:3fa4ad33f0ddc8fd45b39b6b4640f82a3a83619606cd975bfe89d8710ad2d4cd": cannot remove snapshot with child: failed precondition
ctr: failed to remove "sha256:43a7c979bbaba6838bc3102d6b10a1459f3ab050b87ccdfef84ef90cf43d3058": cannot remove snapshot with child: failed precondition
ctr: failed to remove "sha256:4ab04491cdf0d3267f08206fe30bd48f49f94b9cab2f016d6739220f722a64af": cannot remove snapshot with child: failed precondition
ctr: failed to remove "sha256:4b6068250e89c96f263060261819c7d912855bfbd64b3eb4c4a8483299b8c295": cannot remove snapshot with child: failed precondition
ctr: failed to remove "sha256:54760460dde328a0df5fb97426e3821ea3128f2a777231b6e8478cdaf84d50a9": cannot remove snapshot with child: failed precondition
ctr: failed to remove "sha256:580e69a0a8034ede1921139bbd2bfb72a69ebf276d008281896c32dd8bf74775": cannot remove snapshot with child: failed precondition
ctr: failed to remove "sha256:5a2c5491767de96088c4fcd4fddc22d7bfee323fe2e34fc7205056783b5dc099": cannot remove snapshot with child: failed precondition
ctr: failed to remove "sha256:5ad32423e4b556ca23e4a282f00b6c28ba2ec8ad2b7822350a080868a3597d3e": cannot remove snapshot with child: failed precondition
ctr: failed to remove "sha256:5d30ba46b27fe37484567ccc5242cadc78217b8da605f3f195ef25cbf7487904": cannot remove snapshot with child: failed precondition
ctr: failed to remove "sha256:5f1df1c19f2f87fc725ef0cdaf4f43831c47e5cce7fdc062186f008bea2344fb": cannot remove snapshot with child: failed precondition
ctr: failed to remove "sha256:63ca1fbb43ae5034640e5e6cb3e083e05c290072c5366fcaa9d62435a4cced85": cannot remove snapshot with child: failed precondition
ctr: failed to remove "sha256:67f702c6baae873bceb19487c8b1f27bd2b86077e4f2f0e480e6d60ab508b8f5": cannot remove snapshot with child: failed precondition
ctr: failed to remove "sha256:6864348dd42806d552efdec384f1274be15e2d0c10ce44c1f04347af004c10a9": cannot remove snapshot with child: failed precondition
ctr: failed to remove "sha256:6c7dee8f2c39b84b7dc2711c01d33de93514d9055499173e9290176fbe484b6c": cannot remove snapshot with child: failed precondition
ctr: failed to remove "sha256:82753493a6d61ded36556292f02f31841a14c20d2f279f19eaad65afb661d5cd": cannot remove snapshot with child: failed precondition
ctr: failed to remove "sha256:8a10d3db42c505ee0fcfa98417bdd7e39b304f6bcc0a06bb1b220797ff2cc63c": cannot remove snapshot with child: failed precondition
ctr: failed to remove "sha256:94e5f06ff8e3d4441dc3cd8b090ff38dc911bfa8ebdb0dc28395bc98f82f983f": cannot remove snapshot with child: failed precondition
ctr: failed to remove "sha256:a21e5b12dbac529ad45d976eb9ce45c881f3bedcc500fb30aba1e52aa1813418": cannot remove snapshot with child: failed precondition
ctr: failed to remove "sha256:b921e6c28969094157f9b8e7244677780319637afd14450b7cb6b2fdea558a0c": cannot remove snapshot with child: failed precondition
ctr: failed to remove "sha256:bc27ecb5769a00e309cf99ebc763c4a4b958b618d1decc96ffac5bc05f02f5b7": cannot remove snapshot with child: failed precondition
ctr: failed to remove "sha256:be3ccb6627a5332e309d45ef461d09b4879dd870c7394d89323d0ebc6ca6aa8a": cannot remove snapshot with child: failed precondition
ctr: failed to remove "sha256:c261f7cbbc64211ee175ee47273acdb7b1a36a4450b397a064a8f2c026490095": cannot remove snapshot with child: failed precondition
ctr: failed to remove "sha256:c34d9393647eea0c9e3557ab988efaf59f61d10a2a5613b439ef0958cca5ec10": cannot remove snapshot with child: failed precondition
ctr: failed to remove "sha256:ccf3c4a0fa967a41c1c83497a2ce6fa5787965859df0adb32c4ca2cf7490bc2b": cannot remove snapshot with child: failed precondition
ctr: failed to remove "sha256:cf92d33f869417309692088c341cd0f223c178ea78a125f757317b22aa8f90e9": cannot remove snapshot with child: failed precondition
ctr: failed to remove "sha256:d0037344cf2fb078884f1849f6a1f8cf9a33a3b6139b6a85833e5ee528e1f9a8": cannot remove snapshot with child: failed precondition
ctr: failed to remove "sha256:d3b36d5b79273b1e98e7700470eaeff05a882e777124d84cebcc1505b85ecb36": cannot remove snapshot with child: failed precondition
ctr: failed to remove "sha256:d65a44a37914602d12c611e5e22a50f11451d847e63015cc1c2aef92dee777a4": cannot remove snapshot with child: failed precondition
ctr: failed to remove "sha256:e2dc0bae2455930f23ae570e019b7f32edc75c0f2d71cab084db837ff9051796": cannot remove snapshot with child: failed precondition
ctr: failed to remove "sha256:eccbd24a99c60cd9e86ee5305dbfc4a4dc89f5ab4fb1f06c8d64797cecedef34": cannot remove snapshot with child: failed precondition
ctr: failed to remove "sha256:f144bb4c7c7f0d2aa7eeffd36d934ec40db1ee167be727e326aad9fdc616f475": cannot remove snapshot with child: failed precondition

]]></system-out>
  </testcase>
  <testcase name="withOverrideInitContainer_hivemqRunningWithVolumeMounts()" classname="com.hivemq.helmcharts.containers.HelmInitContainerIT" time="103.142">
    <system-out><![CDATA[2025-01-27 17:06:20,298 INFO c.h.h.t.HelmChartContainer - Creating namespace 'helminitcontainerit-operator'...
2025-01-27 17:06:20,305 INFO c.h.h.t.HelmChartContainer - Namespace 'helminitcontainerit-operator' created
2025-01-27 17:06:20,305 INFO c.h.h.t.HelmChartContainer - Creating namespace 'helminitcontainerit'...
2025-01-27 17:06:20,314 INFO c.h.h.t.HelmChartContainer - Namespace 'helminitcontainerit' created
2025-01-27 17:06:20,381 DEBUG c.h.h.t.HelmChartContainer - Executing helm command: /bin/helm --kubeconfig /etc/rancher/k3s/k3s.yaml install test-hivemq-platform-operator /charts/hivemq-platform-operator --wait --timeout 5m0s --set image.repository=docker.io/hivemq --set image.name=hivemq-platform-operator-test --set image.initImageName=hivemq-platform-operator-init-test --set image.tag=snapshot --set image.pullPolicy=Never --set logLevel=DEBUG --set resources.cpu=512m --namespace helminitcontainerit-operator
2025-01-27 17:06:20,733 INFO c.h.h.t.HelmChartContainer - [K3S] [alloc.go:330] "allocated clusterIPs" service="helminitcontainerit-operator/hivemq-platform-operator-test-hivemq-platform-operator" clusterIPs={"IPv4":"10.43.91.147"}
2025-01-27 17:06:20,755 INFO c.h.h.t.HelmChartContainer - [EVENT] Normal [ScalingReplicaSet] Scaled up replica set hivemq-test-hivemq-platform-operator-6966f96d65 from 0 to 1 [helminitcontainerit-operator:hivemq-test-hivemq-platform-operator]
2025-01-27 17:06:20,760 INFO c.h.h.t.HelmChartContainer - [POD] hivemq-test-hivemq-platform-operator-6966f96d65-5m5rx [26a5ed22-aace-44b7-9d19-7ade02e97d8f] in helminitcontainerit-operator was ADDED
2025-01-27 17:06:20,771 INFO c.h.h.t.HelmChartContainer - [K3S] [memory_manager.go:355] "RemoveStaleState removing state" podUID="27b2f21b-ac2b-4194-8c8a-d2747cf473b8" containerName="consul-template-init-container"
2025-01-27 17:06:20,771 INFO c.h.h.t.HelmChartContainer - [K3S] [memory_manager.go:355] "RemoveStaleState removing state" podUID="27b2f21b-ac2b-4194-8c8a-d2747cf473b8" containerName="hivemq"
2025-01-27 17:06:20,771 INFO c.h.h.t.HelmChartContainer - [K3S] [memory_manager.go:355] "RemoveStaleState removing state" podUID="cab301d1-7437-477d-863e-aae02464fbf4" containerName="hivemq-platform-operator"
2025-01-27 17:06:20,774 INFO c.h.h.t.HelmChartContainer - [POD] hivemq-test-hivemq-platform-operator-6966f96d65-5m5rx [26a5ed22-aace-44b7-9d19-7ade02e97d8f] in helminitcontainerit-operator was MODIFIED
2025-01-27 17:06:20,775 INFO c.h.h.t.HelmChartContainer - [EVENT] Normal [SuccessfulCreate] Created pod: hivemq-test-hivemq-platform-operator-6966f96d65-5m5rx [helminitcontainerit-operator:hivemq-test-hivemq-platform-operator-6966f96d65]
2025-01-27 17:06:20,776 INFO c.h.h.t.HelmChartContainer - [K3S] [replica_set.go:679] "Finished syncing" kind="ReplicaSet" key="helminitcontainerit-operator/hivemq-test-hivemq-platform-operator-6966f96d65" duration="27.997231ms"
2025-01-27 17:06:20,781 INFO c.h.h.t.HelmChartContainer - [EVENT] Normal [Scheduled] Successfully assigned helminitcontainerit-operator/hivemq-test-hivemq-platform-operator-6966f96d65-5m5rx to e7d25c28f32f [helminitcontainerit-operator:hivemq-test-hivemq-platform-operator-6966f96d65-5m5rx]
2025-01-27 17:06:20,784 INFO c.h.h.t.HelmChartContainer - [K3S] [replica_set.go:679] "Finished syncing" kind="ReplicaSet" key="helminitcontainerit-operator/hivemq-test-hivemq-platform-operator-6966f96d65" duration="8.163608ms"
2025-01-27 17:06:20,784 INFO c.h.h.t.HelmChartContainer - [K3S] [replica_set.go:679] "Finished syncing" kind="ReplicaSet" key="helminitcontainerit-operator/hivemq-test-hivemq-platform-operator-6966f96d65" duration="41.648µs"
2025-01-27 17:06:20,788 INFO c.h.h.t.HelmChartContainer - [K3S] [replica_set.go:679] "Finished syncing" kind="ReplicaSet" key="helminitcontainerit-operator/hivemq-test-hivemq-platform-operator-6966f96d65" duration="55.304µs"
2025-01-27 17:06:20,789 INFO c.h.h.t.HelmChartContainer - [POD] hivemq-test-hivemq-platform-operator-6966f96d65-5m5rx [26a5ed22-aace-44b7-9d19-7ade02e97d8f] in helminitcontainerit-operator was MODIFIED
2025-01-27 17:06:20,889 INFO c.h.h.t.HelmChartContainer - [K3S] [reconciler_common.go:251] "operationExecutor.VerifyControllerAttachedVolume started for volume \"kube-api-access-5rdjj\" (UniqueName: \"kubernetes.io/projected/26a5ed22-aace-44b7-9d19-7ade02e97d8f-kube-api-access-5rdjj\") pod \"hivemq-test-hivemq-platform-operator-6966f96d65-5m5rx\" (UID: \"26a5ed22-aace-44b7-9d19-7ade02e97d8f\") " pod="helminitcontainerit-operator/hivemq-test-hivemq-platform-operator-6966f96d65-5m5rx"
2025-01-27 17:06:21,182 INFO c.h.h.t.HelmChartContainer - [EVENT] Normal [Pulled] Container image "docker.io/hivemq/hivemq-platform-operator-test:snapshot" already present on machine [helminitcontainerit-operator:hivemq-test-hivemq-platform-operator-6966f96d65-5m5rx]
2025-01-27 17:06:21,182 INFO c.h.h.t.HelmChartContainer - Received Pulled event for container hivemq-platform-operator in pod hivemq-test-hivemq-platform-operator-6966f96d65-5m5rx [26a5ed22-aace-44b7-9d19-7ade02e97d8f]
2025-01-27 17:06:22,570 INFO c.h.h.t.HelmChartContainer - [EVENT] Normal [Created] Created container: hivemq-platform-operator [helminitcontainerit-operator:hivemq-test-hivemq-platform-operator-6966f96d65-5m5rx]
2025-01-27 17:06:22,570 INFO c.h.h.t.HelmChartContainer - Received Created event for container hivemq-platform-operator in pod hivemq-test-hivemq-platform-operator-6966f96d65-5m5rx [26a5ed22-aace-44b7-9d19-7ade02e97d8f]
2025-01-27 17:06:22,626 INFO c.h.h.t.HelmChartContainer - [K3S] [replica_set.go:679] "Finished syncing" kind="ReplicaSet" key="helminitcontainerit-operator/hivemq-test-hivemq-platform-operator-6966f96d65" duration="44.012µs"
2025-01-27 17:06:22,629 INFO c.h.h.t.HelmChartContainer - [POD] hivemq-test-hivemq-platform-operator-6966f96d65-5m5rx [26a5ed22-aace-44b7-9d19-7ade02e97d8f] in helminitcontainerit-operator was MODIFIED
2025-01-27 17:06:22,644 INFO c.h.h.t.HelmChartContainer - Started log watcher for hivemq-platform-operator in pod hivemq-test-hivemq-platform-operator-6966f96d65-5m5rx [26a5ed22-aace-44b7-9d19-7ade02e97d8f]
2025-01-27 17:06:22,644 INFO c.h.h.t.HelmChartContainer - [EVENT] Normal [Started] Started container hivemq-platform-operator [helminitcontainerit-operator:hivemq-test-hivemq-platform-operator-6966f96d65-5m5rx]
2025-01-27 17:06:22,644 INFO c.h.h.t.HelmChartContainer - [hivemq-test-hivemq-platform] [hivemq-platform-operator] [26a5ed22] -------------------------------------------------------------------------
2025-01-27 17:06:22,644 INFO c.h.h.t.HelmChartContainer - Received Started event for container hivemq-platform-operator in pod hivemq-test-hivemq-platform-operator-6966f96d65-5m5rx [26a5ed22-aace-44b7-9d19-7ade02e97d8f]
2025-01-27 17:06:22,644 INFO c.h.h.t.HelmChartContainer - [hivemq-test-hivemq-platform] [hivemq-platform-operator] [26a5ed22] 
2025-01-27 17:06:22,644 INFO c.h.h.t.HelmChartContainer - [hivemq-test-hivemq-platform] [hivemq-platform-operator] [26a5ed22]                   _    _  _              __  __   ____
2025-01-27 17:06:22,644 INFO c.h.h.t.HelmChartContainer - [hivemq-test-hivemq-platform] [hivemq-platform-operator] [26a5ed22]                  | |  | |(_)            |  \/  | / __ \
2025-01-27 17:06:22,644 INFO c.h.h.t.HelmChartContainer - [hivemq-test-hivemq-platform] [hivemq-platform-operator] [26a5ed22]                  | |__| | _ __   __ ___ | \  / || |  | |
2025-01-27 17:06:22,644 INFO c.h.h.t.HelmChartContainer - [hivemq-test-hivemq-platform] [hivemq-platform-operator] [26a5ed22]                  |  __  || |\ \ / // _ \| |\/| || |  | |
2025-01-27 17:06:22,644 INFO c.h.h.t.HelmChartContainer - [hivemq-test-hivemq-platform] [hivemq-platform-operator] [26a5ed22]                  | |  | || | \ V /|  __/| |  | || |__| |
2025-01-27 17:06:22,644 INFO c.h.h.t.HelmChartContainer - [hivemq-test-hivemq-platform] [hivemq-platform-operator] [26a5ed22]                  |_|  |_||_|  \_/  \___||_|  |_| \___\_\
2025-01-27 17:06:22,644 INFO c.h.h.t.HelmChartContainer - [hivemq-test-hivemq-platform] [hivemq-platform-operator] [26a5ed22] 
2025-01-27 17:06:22,644 INFO c.h.h.t.HelmChartContainer - [hivemq-test-hivemq-platform] [hivemq-platform-operator] [26a5ed22] -------------------------------------------------------------------------
2025-01-27 17:06:22,644 INFO c.h.h.t.HelmChartContainer - [hivemq-test-hivemq-platform] [hivemq-platform-operator] [26a5ed22] 
2025-01-27 17:06:22,644 INFO c.h.h.t.HelmChartContainer - [hivemq-test-hivemq-platform] [hivemq-platform-operator] [26a5ed22]   HiveMQ Platform Operator Start Script v1.0
2025-01-27 17:06:22,644 INFO c.h.h.t.HelmChartContainer - [hivemq-test-hivemq-platform] [hivemq-platform-operator] [26a5ed22] 
2025-01-27 17:06:22,651 INFO c.h.h.t.HelmChartContainer - [hivemq-test-hivemq-platform] [hivemq-platform-operator] [26a5ed22] -------------------------------------------------------------------------
2025-01-27 17:06:22,651 INFO c.h.h.t.HelmChartContainer - [hivemq-test-hivemq-platform] [hivemq-platform-operator] [26a5ed22] 
2025-01-27 17:06:22,651 INFO c.h.h.t.HelmChartContainer - [hivemq-test-hivemq-platform] [hivemq-platform-operator] [26a5ed22]   JAVA_OPTS: -XX:+UnlockExperimentalVMOptions -XX:InitialRAMPercentage=75 -XX:MaxRAMPercentage=75 -Duser.language=en -Duser.region=US
2025-01-27 17:06:22,651 INFO c.h.h.t.HelmChartContainer - [hivemq-test-hivemq-platform] [hivemq-platform-operator] [26a5ed22] 
2025-01-27 17:06:22,651 INFO c.h.h.t.HelmChartContainer - [hivemq-test-hivemq-platform] [hivemq-platform-operator] [26a5ed22]   JAVA_VERSION: 21
2025-01-27 17:06:22,651 INFO c.h.h.t.HelmChartContainer - [hivemq-test-hivemq-platform] [hivemq-platform-operator] [26a5ed22] 
2025-01-27 17:06:22,651 INFO c.h.h.t.HelmChartContainer - [hivemq-test-hivemq-platform] [hivemq-platform-operator] [26a5ed22] -------------------------------------------------------------------------
2025-01-27 17:06:22,651 INFO c.h.h.t.HelmChartContainer - [hivemq-test-hivemq-platform] [hivemq-platform-operator] [26a5ed22] 
2025-01-27 17:06:26,038 INFO c.h.h.t.HelmChartContainer - [hivemq-test-hivemq-platform] [hivemq-platform-operator] [26a5ed22] 17:06:26.036 [main] DEBUG org.jboss.logging - Logging Provider: org.jboss.logging.Slf4jLoggerProvider
2025-01-27 17:06:26,143 INFO c.h.h.t.HelmChartContainer - [hivemq-test-hivemq-platform] [hivemq-platform-operator] [26a5ed22] 17:06:26.141 [main] DEBUG io.smallrye.config - SRCFG01006: Loaded ConfigSource SysPropConfigSource with ordinal 400
2025-01-27 17:06:26,143 INFO c.h.h.t.HelmChartContainer - [hivemq-test-hivemq-platform] [hivemq-platform-operator] [26a5ed22] 17:06:26.142 [main] DEBUG io.smallrye.config - SRCFG01006: Loaded ConfigSource EnvConfigSource with ordinal 300
2025-01-27 17:06:26,144 INFO c.h.h.t.HelmChartContainer - [hivemq-test-hivemq-platform] [hivemq-platform-operator] [26a5ed22] 17:06:26.142 [main] DEBUG io.smallrye.config - SRCFG01006: Loaded ConfigSource PropertiesConfigSource[source=jar:file:///opt/hivemq-platform-operator/bin/hivemq-platform-operator.jar!/hivemq-platform-operator.properties] with ordinal 100
2025-01-27 17:06:26,145 INFO c.h.h.t.HelmChartContainer - [hivemq-test-hivemq-platform] [hivemq-platform-operator] [26a5ed22] 17:06:26.142 [main] DEBUG io.smallrye.config - SRCFG01006: Loaded ConfigSource DefaultValuesConfigSource with ordinal -2147483648
2025-01-27 17:06:26,253 INFO c.h.h.t.HelmChartContainer - [hivemq-test-hivemq-platform] [hivemq-platform-operator] [26a5ed22] 17:06:26.252 [main] DEBUG i.m.c.u.i.l.InternalLoggerFactory - Using SLF4J as the default logging framework
2025-01-27 17:06:26,434 INFO c.h.h.t.HelmChartContainer - [hivemq-test-hivemq-platform] [hivemq-platform-operator] [26a5ed22] 17:06:26.353 [main] INFO  c.h.p.o.HiveMQPlatformOperatorApplication - HiveMQ Platform Operator 1.7.0-SNAPSHOT (commit: bebf408 on branch: HEAD) built on Sun Jan 26 20:47:47 UTC 2025
2025-01-27 17:06:26,436 INFO c.h.h.t.HelmChartContainer - [hivemq-test-hivemq-platform] [hivemq-platform-operator] [26a5ed22] 17:06:26.433 [main] INFO  c.h.p.o.HiveMQPlatformOperatorApplication - HiveMQ Platform Operator is running in namespace: helminitcontainerit-operator
2025-01-27 17:06:26,437 INFO c.h.h.t.HelmChartContainer - [hivemq-test-hivemq-platform] [hivemq-platform-operator] [26a5ed22] 17:06:26.434 [main] INFO  c.h.p.o.HiveMQPlatformOperatorApplication - Watching all namespaces
2025-01-27 17:06:26,437 INFO c.h.h.t.HelmChartContainer - [hivemq-test-hivemq-platform] [hivemq-platform-operator] [26a5ed22] 17:06:26.434 [main] INFO  c.h.p.o.HiveMQPlatformOperatorApplication - Log level: DEBUG
2025-01-27 17:06:26,437 INFO c.h.h.t.HelmChartContainer - [hivemq-test-hivemq-platform] [hivemq-platform-operator] [26a5ed22] 17:06:26.434 [main] INFO  c.h.p.o.HiveMQPlatformOperatorApplication - Release name: test-hivemq-platform-operator
2025-01-27 17:06:26,437 INFO c.h.h.t.HelmChartContainer - [hivemq-test-hivemq-platform] [hivemq-platform-operator] [26a5ed22] 17:06:26.434 [main] INFO  c.h.p.o.HiveMQPlatformOperatorApplication - HiveMQ Platform Operator Init image: docker.io/hivemq/hivemq-platform-operator-init-test:snapshot
2025-01-27 17:06:26,437 INFO c.h.h.t.HelmChartContainer - [hivemq-test-hivemq-platform] [hivemq-platform-operator] [26a5ed22] 17:06:26.434 [main] INFO  c.h.p.o.HiveMQPlatformOperatorApplication - HiveMQ Platform Operator Init App update URL: http://hivemq-platform-operator-test-hivemq-platform-operator.helminitcontainerit-operator.svc:8080/initAppUpdate/hivemq-platform-operator-init-app-1.7.0-SNAPSHOT.jar
2025-01-27 17:06:26,437 INFO c.h.h.t.HelmChartContainer - [hivemq-test-hivemq-platform] [hivemq-platform-operator] [26a5ed22] 17:06:26.434 [main] INFO  c.h.p.o.HiveMQPlatformOperatorApplication - Additional imagePullSecret for all Platform deployments: none
2025-01-27 17:06:26,437 INFO c.h.h.t.HelmChartContainer - [hivemq-test-hivemq-platform] [hivemq-platform-operator] [26a5ed22] 17:06:26.434 [main] INFO  c.h.p.o.HiveMQPlatformOperatorApplication - Apply HiveMQ Platform CRD: true
2025-01-27 17:06:26,437 INFO c.h.h.t.HelmChartContainer - [hivemq-test-hivemq-platform] [hivemq-platform-operator] [26a5ed22] 17:06:26.434 [main] INFO  c.h.p.o.HiveMQPlatformOperatorApplication - Create Platform ServiceAccount: true
2025-01-27 17:06:26,437 INFO c.h.h.t.HelmChartContainer - [hivemq-test-hivemq-platform] [hivemq-platform-operator] [26a5ed22] 17:06:26.434 [main] INFO  c.h.p.o.HiveMQPlatformOperatorApplication - Create Platform ServiceAccount permissions: true
2025-01-27 17:06:26,437 INFO c.h.h.t.HelmChartContainer - [hivemq-test-hivemq-platform] [hivemq-platform-operator] [26a5ed22] 17:06:26.434 [main] INFO  c.h.p.o.HiveMQPlatformOperatorApplication - Validate Platform ServiceAccount: true
2025-01-27 17:06:26,437 INFO c.h.h.t.HelmChartContainer - [hivemq-test-hivemq-platform] [hivemq-platform-operator] [26a5ed22] 17:06:26.434 [main] INFO  c.h.p.o.HiveMQPlatformOperatorApplication - Validate Platform ServiceAccount permissions: true
2025-01-27 17:06:26,550 INFO c.h.h.t.HelmChartContainer - [hivemq-test-hivemq-platform] [hivemq-platform-operator] [26a5ed22] 17:06:26.549 [main] INFO  c.h.platform.operator.util.CRDUtil - Verifying deployed HiveMQ Platform CRD...
2025-01-27 17:06:29,044 INFO c.h.h.t.HelmChartContainer - [hivemq-test-hivemq-platform] [hivemq-platform-operator] [26a5ed22] 17:06:29.043 [main] DEBUG c.h.platform.operator.util.CRDUtil - HiveMQ Platform CRD version v1 is up to date
2025-01-27 17:06:29,045 INFO c.h.h.t.HelmChartContainer - [hivemq-test-hivemq-platform] [hivemq-platform-operator] [26a5ed22] 17:06:29.043 [main] INFO  c.h.platform.operator.util.CRDUtil - HiveMQ Platform CRD is up to date (version: V1_6_0)
2025-01-27 17:06:29,045 INFO c.h.h.t.HelmChartContainer - [hivemq-test-hivemq-platform] [hivemq-platform-operator] [26a5ed22] 17:06:29.043 [main] INFO  c.h.platform.operator.util.CRDUtil - Waiting 10000 ms for HiveMQ Platform CRD 'hivemq-platforms.hivemq.com' to become ready...
2025-01-27 17:06:29,346 INFO c.h.h.t.HelmChartContainer - [hivemq-test-hivemq-platform] [hivemq-platform-operator] [26a5ed22] 17:06:29.345 [vert.x-eventloop-thread-1] DEBUG c.h.platform.operator.util.CRDUtil - Checking CRD condition 'NamesAccepted' (status: 'True')
2025-01-27 17:06:29,347 INFO c.h.h.t.HelmChartContainer - [hivemq-test-hivemq-platform] [hivemq-platform-operator] [26a5ed22] 17:06:29.346 [vert.x-eventloop-thread-1] DEBUG c.h.platform.operator.util.CRDUtil - Checking CRD condition 'Established' (status: 'True')
2025-01-27 17:06:29,349 INFO c.h.h.t.HelmChartContainer - [hivemq-test-hivemq-platform] [hivemq-platform-operator] [26a5ed22] 17:06:29.346 [main] INFO  c.h.platform.operator.util.CRDUtil - HiveMQ Platform CRD 'hivemq-platforms.hivemq.com' is ready
2025-01-27 17:06:29,520 INFO c.h.h.t.HelmChartContainer - [hivemq-test-hivemq-platform] [hivemq-platform-operator] [26a5ed22] 17:06:29.519 [main] INFO  c.h.p.o.HiveMQPlatformReconciler - HiveMQ Platform Operator is starting...
2025-01-27 17:06:29,637 INFO c.h.h.t.HelmChartContainer - [hivemq-test-hivemq-platform] [hivemq-platform-operator] [26a5ed22] 17:06:29.636 [main] WARN  Default ConfigurationService implementation - Configuration for reconciler 'hivemq-controller' was not found. Known reconcilers: None.
2025-01-27 17:06:29,644 INFO c.h.h.t.HelmChartContainer - [hivemq-test-hivemq-platform] [hivemq-platform-operator] [26a5ed22] 17:06:29.643 [main] INFO  Default ConfigurationService implementation - Created configuration for reconciler com.hivemq.platform.operator.HiveMQPlatformReconciler with name hivemq-controller
2025-01-27 17:06:29,746 INFO c.h.h.t.HelmChartContainer - [hivemq-test-hivemq-platform] [hivemq-platform-operator] [26a5ed22] 17:06:29.745 [main] DEBUG c.h.p.o.HiveMQPlatformReconciler - HiveMQ Platform Operator is preparing EventSources
2025-01-27 17:06:29,837 INFO c.h.h.t.HelmChartContainer - [hivemq-test-hivemq-platform] [hivemq-platform-operator] [26a5ed22] 17:06:29.835 [main] INFO  i.javaoperatorsdk.operator.Operator - Registered reconciler: 'hivemq-controller' for resource: 'class com.hivemq.platform.operator.v1.HiveMQPlatform' for namespace(s): [all namespaces]
2025-01-27 17:06:30,435 INFO c.h.h.t.HelmChartContainer - [hivemq-test-hivemq-platform] [hivemq-platform-operator] [26a5ed22] 17:06:30.434 [main] INFO  c.h.p.operator.webserver.JettyServer - Starting Jetty server on port 8080
2025-01-27 17:06:30,537 INFO c.h.h.t.HelmChartContainer - [hivemq-test-hivemq-platform] [hivemq-platform-operator] [26a5ed22] 17:06:30.535 [main] INFO  i.javaoperatorsdk.operator.Operator - Operator SDK 4.9.7 (commit: 2133d28) built on Wed Nov 20 12:56:20 UTC 2024 starting...
2025-01-27 17:06:30,537 INFO c.h.h.t.HelmChartContainer - [hivemq-test-hivemq-platform] [hivemq-platform-operator] [26a5ed22] 17:06:30.535 [main] INFO  i.javaoperatorsdk.operator.Operator - Client version: 6.13.4
2025-01-27 17:06:30,538 INFO c.h.h.t.HelmChartContainer - [hivemq-test-hivemq-platform] [hivemq-platform-operator] [26a5ed22] 17:06:30.537 [Controller Starter for: hivemq-controller] INFO  i.j.operator.processing.Controller - Starting 'hivemq-controller' controller for reconciler: com.hivemq.platform.operator.HiveMQPlatformReconciler, resource: com.hivemq.platform.operator.v1.HiveMQPlatform
2025-01-27 17:06:33,136 INFO c.h.h.t.HelmChartContainer - [hivemq-test-hivemq-platform] [hivemq-platform-operator] [26a5ed22] 17:06:33.134 [Controller Starter for: hivemq-controller] INFO  i.j.operator.processing.Controller - 'hivemq-controller' controller started
2025-01-27 17:06:33,136 INFO c.h.h.t.HelmChartContainer - [hivemq-test-hivemq-platform] [hivemq-platform-operator] [26a5ed22] 17:06:33.134 [main] INFO  c.h.p.o.HiveMQPlatformOperatorApplication - HiveMQ Platform Operator 1.7.0-SNAPSHOT started in 6781 ms
2025-01-27 17:06:33,637 INFO c.h.h.t.HelmChartContainer - [POD] hivemq-test-hivemq-platform-operator-6966f96d65-5m5rx [26a5ed22-aace-44b7-9d19-7ade02e97d8f] in helminitcontainerit-operator was MODIFIED
2025-01-27 17:06:33,645 INFO c.h.h.t.HelmChartContainer - [K3S] [replica_set.go:679] "Finished syncing" kind="ReplicaSet" key="helminitcontainerit-operator/hivemq-test-hivemq-platform-operator-6966f96d65" duration="9.759124ms"
2025-01-27 17:06:33,645 INFO c.h.h.t.HelmChartContainer - [K3S] [replica_set.go:679] "Finished syncing" kind="ReplicaSet" key="helminitcontainerit-operator/hivemq-test-hivemq-platform-operator-6966f96d65" duration="45.255µs"
2025-01-27 17:06:34,864 DEBUG c.h.h.t.HelmChartContainer - Executing helm command: /bin/helm --kubeconfig /etc/rancher/k3s/k3s.yaml install test-hivemq-platform /charts/hivemq-platform --wait --timeout 5m0s --set image.repository=docker.io/hivemq --set image.tag=4.35.0 --set image.pullPolicy=Never --set nodes.resources.cpu=512m --set-file config.overrideInitContainers=/files/init-containers-spec.yaml -f /files/init-container-additional-volumes-values.yaml --namespace helminitcontainerit
2025-01-27 17:06:35,137 INFO c.h.h.t.HelmChartContainer - [hivemq-test-hivemq-platform] [hivemq-platform-operator] [26a5ed22] 17:06:35.136 [-373097727-pool-1-thread-3] WARN  i.m.p.PrometheusMeterRegistry - The meter (MeterId{name='operator.sdk.events.received', tags=[tag(action=ADDED),tag(event=ResourceEvent),tag(group=hivemq.com),tag(kind=HiveMQPlatform),tag(name=test-hivemq-platform),tag(namespace=helminitcontainerit),tag(scope=namespace),tag(version=v1)]}) registration has failed: Prometheus requires that all meters with the same name have the same set of tag keys. There is already an existing meter named 'operator.sdk.events.received' containing tag keys [event, group, kind, name, namespace, scope, version]. The meter you are attempting to register has keys [action, event, group, kind, name, namespace, scope, version]. Note that subsequent logs will be logged at debug level.
2025-01-27 17:06:35,552 INFO c.h.h.t.HelmChartContainer - [hivemq-test-hivemq-platform] [hivemq-platform-operator] [26a5ed22] 17:06:35.548 [pool-6-thread-3] DEBUG c.h.p.o.dependants.PodInfoConfigMap - [helminit] Desired PodInfo ConfigMap (1 extensions) (1 enabled)
2025-01-27 17:06:35,553 INFO c.h.h.t.HelmChartContainer - [hivemq-test-hivemq-platform] [hivemq-platform-operator] [26a5ed22] 17:06:35.549 [pool-6-thread-3] DEBUG c.h.p.o.dependants.PodInfoConfigMap - [helminit] Desired PodInfo ConfigMap (metrics port: 9399) (metrics path: /)
2025-01-27 17:06:35,553 INFO c.h.h.t.HelmChartContainer - [hivemq-test-hivemq-platform] [hivemq-platform-operator] [26a5ed22] 17:06:35.549 [pool-6-thread-3] DEBUG c.h.p.o.dependants.PodInfoConfigMap - [helminit] Desired PodInfo ConfigMap (extension state hash: -1817474005)
2025-01-27 17:06:35,553 INFO c.h.h.t.HelmChartContainer - [hivemq-test-hivemq-platform] [hivemq-platform-operator] [26a5ed22] 17:06:35.551 [pool-6-thread-3] DEBUG c.h.p.o.dependants.PodInfoConfigMap - [helminit] Create PodInfo ConfigMap
2025-01-27 17:06:35,737 INFO c.h.h.t.HelmChartContainer - [hivemq-test-hivemq-platform] [hivemq-platform-operator] [26a5ed22] 17:06:35.734 [pool-6-thread-5] DEBUG c.h.p.o.dependants.PodRoleResource - [helminit] Create Role: Role(apiVersion=rbac.authorization.k8s.io/v1, kind=Role, metadata=ObjectMeta(annotations={meta.helm.sh/release-name=test-hivemq-platform, meta.helm.sh/release-namespace=helminitcontainerit}, creationTimestamp=null, deletionGracePeriodSeconds=null, deletionTimestamp=null, finalizers=[], generateName=null, generation=null, labels={helm.sh/chart=hivemq-platform-0.2.31, app.kubernetes.io/managed-by=Helm, app.kubernetes.io/name=hivemq-platform, hivemq-platform=test-hivemq-platform, app.kubernetes.io/instance=test-hivemq-platform, app.kubernetes.io/version=4.35.0}, managedFields=[], name=hivemq-platform-role-test-hivemq-platform, namespace=helminitcontainerit, ownerReferences=[OwnerReference(apiVersion=hivemq.com/v1, blockOwnerDeletion=null, controller=null, kind=HiveMQPlatform, name=test-hivemq-platform, uid=4070abf7-b204-48ec-9d46-64f520c0dffb, additionalProperties={})], resourceVersion=null, selfLink=null, uid=null, additionalProperties={}), rules=[PolicyRule(apiGroups=[], nonResourceURLs=[], resourceNames=[], resources=[pods], verbs=[get, patch, update], additionalProperties={})], additionalProperties={})
2025-01-27 17:06:35,842 INFO c.h.h.t.HelmChartContainer - [hivemq-test-hivemq-platform] [hivemq-platform-operator] [26a5ed22] 17:06:35.839 [pool-6-thread-7] DEBUG c.h.p.o.d.PodServiceAccountResource - [helminit] Desired PodServiceAccountResource (serviceAccountName: hivemq-platform-pod-test-hivemq-platform)
2025-01-27 17:06:35,845 INFO c.h.h.t.HelmChartContainer - [hivemq-test-hivemq-platform] [hivemq-platform-operator] [26a5ed22] 17:06:35.840 [pool-6-thread-7] DEBUG c.h.p.o.d.PodServiceAccountResource - [helminit] Create ServiceAccount 'hivemq-platform-pod-test-hivemq-platform'
2025-01-27 17:06:35,950 INFO c.h.h.t.HelmChartContainer - [hivemq-test-hivemq-platform] [hivemq-platform-operator] [26a5ed22] 17:06:35.949 [pool-6-thread-9] DEBUG c.h.p.o.d.PodRoleBindingResource - [helminit] Create RoleBinding: RoleBinding(apiVersion=rbac.authorization.k8s.io/v1, kind=RoleBinding, metadata=ObjectMeta(annotations={meta.helm.sh/release-name=test-hivemq-platform, meta.helm.sh/release-namespace=helminitcontainerit}, creationTimestamp=null, deletionGracePeriodSeconds=null, deletionTimestamp=null, finalizers=[], generateName=null, generation=null, labels={helm.sh/chart=hivemq-platform-0.2.31, app.kubernetes.io/managed-by=Helm, app.kubernetes.io/name=hivemq-platform, hivemq-platform=test-hivemq-platform, app.kubernetes.io/instance=test-hivemq-platform, app.kubernetes.io/version=4.35.0}, managedFields=[], name=hivemq-platform-role-binding-test-hivemq-platform, namespace=helminitcontainerit, ownerReferences=[OwnerReference(apiVersion=hivemq.com/v1, blockOwnerDeletion=null, controller=null, kind=HiveMQPlatform, name=test-hivemq-platform, uid=4070abf7-b204-48ec-9d46-64f520c0dffb, additionalProperties={})], resourceVersion=null, selfLink=null, uid=null, additionalProperties={}), roleRef=RoleRef(apiGroup=rbac.authorization.k8s.io, kind=Role, name=hivemq-platform-role-test-hivemq-platform, additionalProperties={}), subjects=[Subject(apiGroup=null, kind=ServiceAccount, name=hivemq-platform-pod-test-hivemq-platform, namespace=helminitcontainerit, additionalProperties={})], additionalProperties={})
2025-01-27 17:06:36,050 INFO c.h.h.t.HelmChartContainer - [hivemq-test-hivemq-platform] [hivemq-platform-operator] [26a5ed22] 17:06:36.049 [ReconcilerExecutor-hivemq-controller-54] INFO  c.h.p.o.HiveMQPlatformReconciler - [helminit] Reconciling HiveMQ Platform 'test-hivemq-platform' in namespace 'helminitcontainerit'
2025-01-27 17:06:36,050 INFO c.h.h.t.HelmChartContainer - [hivemq-test-hivemq-platform] [hivemq-platform-operator] [26a5ed22] 17:06:36.049 [ReconcilerExecutor-hivemq-controller-54] DEBUG c.h.p.o.HiveMQPlatformReconciler - [helminit] Custom Resource Status CREATED - HiveMQ Platform was created (READY)
2025-01-27 17:06:36,050 INFO c.h.h.t.HelmChartContainer - [hivemq-test-hivemq-platform] [hivemq-platform-operator] [26a5ed22] 17:06:36.049 [ReconcilerExecutor-hivemq-controller-54] DEBUG c.h.p.o.HiveMQPlatformReconciler - [helminit] Custom Resource Spec (replicas: 1) (extensions: 1)
2025-01-27 17:06:36,053 INFO c.h.h.t.HelmChartContainer - [hivemq-test-hivemq-platform] [hivemq-platform-operator] [26a5ed22] 17:06:36.053 [ReconcilerExecutor-hivemq-controller-54] INFO  c.h.p.o.h.HiveMQPlatformReconcilerBaseHandler - [helminit] HiveMQ Platform is starting
2025-01-27 17:06:36,147 INFO c.h.h.t.HelmChartContainer - [hivemq-test-hivemq-platform] [hivemq-platform-operator] [26a5ed22] 17:06:36.146 [ReconcilerExecutor-hivemq-controller-54] DEBUG c.h.p.operator.event.EventSender - [helminit] Creating K8s event hivemq-platform-starting: [Start] HiveMQ Platform is starting
2025-01-27 17:06:36,159 INFO c.h.h.t.HelmChartContainer - [EVENT] Normal [Start] HiveMQ Platform is starting [helminitcontainerit:test-hivemq-platform]
2025-01-27 17:06:36,163 INFO c.h.h.t.HelmChartContainer - [hivemq-test-hivemq-platform] [hivemq-platform-operator] [26a5ed22] 17:06:36.162 [ReconcilerExecutor-hivemq-controller-54] INFO  c.h.p.o.h.AbstractHiveMQReconcilerStateHandler - [helminit] Update HiveMQ Platform Status (CREATED [READY] -> STARTING [READY]): HiveMQ Platform is starting
2025-01-27 17:06:36,247 DEBUG com.hivemq.helmcharts.util.K8sUtil - Comparing actual state 'STARTING' and waiting for 'RUNNING'
2025-01-27 17:06:46,258 INFO c.h.h.t.HelmChartContainer - [hivemq-test-hivemq-platform] [hivemq-platform-operator] [26a5ed22] 17:06:46.256 [pool-6-thread-12] DEBUG c.h.p.o.d.PlatformServiceResource - [helminit] Desired Platform services (3 services)
2025-01-27 17:06:46,259 INFO c.h.h.t.HelmChartContainer - [hivemq-test-hivemq-platform] [hivemq-platform-operator] [26a5ed22] 17:06:46.258 [pool-6-thread-13] DEBUG c.h.p.o.dependants.PodInfoConfigMap - [helminit] Desired PodInfo ConfigMap (1 extensions) (1 enabled)
2025-01-27 17:06:46,261 INFO c.h.h.t.HelmChartContainer - [hivemq-test-hivemq-platform] [hivemq-platform-operator] [26a5ed22] 17:06:46.258 [pool-6-thread-13] DEBUG c.h.p.o.dependants.PodInfoConfigMap - [helminit] Desired PodInfo ConfigMap (metrics port: 9399) (metrics path: /)
2025-01-27 17:06:46,261 INFO c.h.h.t.HelmChartContainer - [hivemq-test-hivemq-platform] [hivemq-platform-operator] [26a5ed22] 17:06:46.258 [pool-6-thread-13] DEBUG c.h.p.o.dependants.PodInfoConfigMap - [helminit] Desired PodInfo ConfigMap (extension state hash: -1817474005)
2025-01-27 17:06:46,264 INFO c.h.h.t.HelmChartContainer - [hivemq-test-hivemq-platform] [hivemq-platform-operator] [26a5ed22] 17:06:46.263 [pool-6-thread-17] DEBUG c.h.p.o.d.PodServiceAccountResource - [helminit] Desired PodServiceAccountResource (serviceAccountName: hivemq-platform-pod-test-hivemq-platform)
2025-01-27 17:06:46,339 INFO c.h.h.t.HelmChartContainer - [hivemq-test-hivemq-platform] [hivemq-platform-operator] [26a5ed22] 17:06:46.333 [pool-6-thread-13] DEBUG c.h.p.o.dependants.PodInfoConfigMap - [helminit] Update PodInfo ConfigMap
2025-01-27 17:06:46,348 INFO c.h.h.t.HelmChartContainer - [K3S] [alloc.go:330] "allocated clusterIPs" service="helminitcontainerit/hivemq-test-hivemq-platform-cc-8080" clusterIPs={"IPv4":"10.43.24.222"}
2025-01-27 17:06:46,441 INFO c.h.h.t.HelmChartContainer - [K3S] [alloc.go:330] "allocated clusterIPs" service="helminitcontainerit/hivemq-test-hivemq-platform-metrics-9399" clusterIPs={"IPv4":"10.43.156.16"}
2025-01-27 17:06:46,458 INFO c.h.h.t.HelmChartContainer - [K3S] [alloc.go:330] "allocated clusterIPs" service="helminitcontainerit/hivemq-test-hivemq-platform-mqtt-1883" clusterIPs={"IPv4":"10.43.126.153"}
2025-01-27 17:06:46,539 INFO c.h.h.t.HelmChartContainer - [hivemq-test-hivemq-platform] [hivemq-platform-operator] [26a5ed22] 17:06:46.538 [pool-6-thread-20] DEBUG c.h.p.o.d.StatefulSetResource - [helminit] Desired StatefulSet (1 replicas) for status STARTING (READY)
2025-01-27 17:06:46,556 INFO c.h.h.t.HelmChartContainer - [hivemq-test-hivemq-platform] [hivemq-platform-operator] [26a5ed22] 17:06:46.554 [pool-6-thread-20] DEBUG c.h.p.o.d.StatefulSetResource - [helminit] Create StatefulSet
2025-01-27 17:06:46,677 INFO c.h.h.t.HelmChartContainer - [POD] test-hivemq-platform-0 [b3c39d15-3c23-43f9-8cdd-726a25639139] in helminitcontainerit was ADDED
2025-01-27 17:06:46,679 INFO c.h.h.t.HelmChartContainer - [EVENT] Normal [SuccessfulCreate] create Pod test-hivemq-platform-0 in StatefulSet test-hivemq-platform successful [helminitcontainerit:test-hivemq-platform]
2025-01-27 17:06:46,690 INFO c.h.h.t.HelmChartContainer - [POD] test-hivemq-platform-0 [b3c39d15-3c23-43f9-8cdd-726a25639139] in helminitcontainerit was MODIFIED
2025-01-27 17:06:46,690 INFO c.h.h.t.HelmChartContainer - [EVENT] Normal [Scheduled] Successfully assigned helminitcontainerit/test-hivemq-platform-0 to e7d25c28f32f [helminitcontainerit:test-hivemq-platform-0]
2025-01-27 17:06:46,708 INFO c.h.h.t.HelmChartContainer - [POD] test-hivemq-platform-0 [b3c39d15-3c23-43f9-8cdd-726a25639139] in helminitcontainerit was MODIFIED
2025-01-27 17:06:46,739 INFO c.h.h.t.HelmChartContainer - [hivemq-test-hivemq-platform] [hivemq-platform-operator] [26a5ed22] 17:06:46.734 [ReconcilerExecutor-hivemq-controller-65] INFO  c.h.p.o.HiveMQPlatformReconciler - [helminit] Reconciling HiveMQ Platform 'test-hivemq-platform' in namespace 'helminitcontainerit'
2025-01-27 17:06:46,739 INFO c.h.h.t.HelmChartContainer - [hivemq-test-hivemq-platform] [hivemq-platform-operator] [26a5ed22] 17:06:46.734 [ReconcilerExecutor-hivemq-controller-65] DEBUG c.h.p.o.HiveMQPlatformReconciler - [helminit] Custom Resource Status STARTING - HiveMQ Platform is starting (READY)
2025-01-27 17:06:46,739 INFO c.h.h.t.HelmChartContainer - [hivemq-test-hivemq-platform] [hivemq-platform-operator] [26a5ed22] 17:06:46.734 [ReconcilerExecutor-hivemq-controller-65] DEBUG c.h.p.o.HiveMQPlatformReconciler - [helminit] Custom Resource Spec (replicas: 1) (extensions: 1)
2025-01-27 17:06:46,837 INFO c.h.h.t.HelmChartContainer - [hivemq-test-hivemq-platform] [hivemq-platform-operator] [26a5ed22] 17:06:46.835 [ReconcilerExecutor-hivemq-controller-65] DEBUG c.h.p.o.HiveMQPlatformReconciler - [helminit] StatefulSet Status (revision: null, replicas: 0, available: 0, ready: 0, current: 0, updated: 0)
2025-01-27 17:06:46,838 INFO c.h.h.t.HelmChartContainer - [hivemq-test-hivemq-platform] [hivemq-platform-operator] [26a5ed22] 17:06:46.837 [ReconcilerExecutor-hivemq-controller-65] DEBUG c.h.p.o.HiveMQPlatformReconciler - [helminit] StatefulSet Spec (replicas: 1, init containers: 2, containers: 1, volumes: 4)
2025-01-27 17:06:46,840 INFO c.h.h.t.HelmChartContainer - [K3S] [reconciler_common.go:251] "operationExecutor.VerifyControllerAttachedVolume started for volume \"pod-info\" (UniqueName: \"kubernetes.io/configmap/b3c39d15-3c23-43f9-8cdd-726a25639139-pod-info\") pod \"test-hivemq-platform-0\" (UID: \"b3c39d15-3c23-43f9-8cdd-726a25639139\") " pod="helminitcontainerit/test-hivemq-platform-0"
2025-01-27 17:06:46,840 INFO c.h.h.t.HelmChartContainer - [K3S] [reconciler_common.go:251] "operationExecutor.VerifyControllerAttachedVolume started for volume \"broker-configuration\" (UniqueName: \"kubernetes.io/configmap/b3c39d15-3c23-43f9-8cdd-726a25639139-broker-configuration\") pod \"test-hivemq-platform-0\" (UID: \"b3c39d15-3c23-43f9-8cdd-726a25639139\") " pod="helminitcontainerit/test-hivemq-platform-0"
2025-01-27 17:06:46,840 INFO c.h.h.t.HelmChartContainer - [K3S] [reconciler_common.go:251] "operationExecutor.VerifyControllerAttachedVolume started for volume \"operator-init\" (UniqueName: \"kubernetes.io/empty-dir/b3c39d15-3c23-43f9-8cdd-726a25639139-operator-init\") pod \"test-hivemq-platform-0\" (UID: \"b3c39d15-3c23-43f9-8cdd-726a25639139\") " pod="helminitcontainerit/test-hivemq-platform-0"
2025-01-27 17:06:46,840 INFO c.h.h.t.HelmChartContainer - [K3S] [reconciler_common.go:251] "operationExecutor.VerifyControllerAttachedVolume started for volume \"init-container-volume\" (UniqueName: \"kubernetes.io/empty-dir/b3c39d15-3c23-43f9-8cdd-726a25639139-init-container-volume\") pod \"test-hivemq-platform-0\" (UID: \"b3c39d15-3c23-43f9-8cdd-726a25639139\") " pod="helminitcontainerit/test-hivemq-platform-0"
2025-01-27 17:06:46,840 INFO c.h.h.t.HelmChartContainer - [K3S] [reconciler_common.go:251] "operationExecutor.VerifyControllerAttachedVolume started for volume \"kube-api-access-8rls6\" (UniqueName: \"kubernetes.io/projected/b3c39d15-3c23-43f9-8cdd-726a25639139-kube-api-access-8rls6\") pod \"test-hivemq-platform-0\" (UID: \"b3c39d15-3c23-43f9-8cdd-726a25639139\") " pod="helminitcontainerit/test-hivemq-platform-0"
2025-01-27 17:06:46,934 INFO c.h.h.t.HelmChartContainer - [hivemq-test-hivemq-platform] [hivemq-platform-operator] [26a5ed22] 17:06:46.855 [ReconcilerExecutor-hivemq-controller-65] DEBUG c.h.p.o.h.HiveMQPlatformReconcilerErrorHandler - [helminit] Pod 'test-hivemq-platform-0' phase Pending
2025-01-27 17:06:46,936 INFO c.h.h.t.HelmChartContainer - [hivemq-test-hivemq-platform] [hivemq-platform-operator] [26a5ed22] 17:06:46.934 [ReconcilerExecutor-hivemq-controller-65] DEBUG c.h.p.o.h.HiveMQPlatformReconcilerErrorHandler - [helminit] Pod 'test-hivemq-platform-0' condition 'PodReadyToStartContainers': False
2025-01-27 17:06:46,936 INFO c.h.h.t.HelmChartContainer - [hivemq-test-hivemq-platform] [hivemq-platform-operator] [26a5ed22] 17:06:46.934 [ReconcilerExecutor-hivemq-controller-65] DEBUG c.h.p.o.h.HiveMQPlatformReconcilerErrorHandler - [helminit] Pod 'test-hivemq-platform-0' condition 'Initialized': False
2025-01-27 17:06:46,936 INFO c.h.h.t.HelmChartContainer - [hivemq-test-hivemq-platform] [hivemq-platform-operator] [26a5ed22] 17:06:46.935 [ReconcilerExecutor-hivemq-controller-65] DEBUG c.h.p.o.h.HiveMQPlatformReconcilerErrorHandler - [helminit] Pod 'test-hivemq-platform-0' condition 'Ready': False
2025-01-27 17:06:46,936 INFO c.h.h.t.HelmChartContainer - [hivemq-test-hivemq-platform] [hivemq-platform-operator] [26a5ed22] 17:06:46.935 [ReconcilerExecutor-hivemq-controller-65] DEBUG c.h.p.o.h.HiveMQPlatformReconcilerErrorHandler - [helminit] Pod 'test-hivemq-platform-0' condition 'ContainersReady': False
2025-01-27 17:06:46,936 INFO c.h.h.t.HelmChartContainer - [hivemq-test-hivemq-platform] [hivemq-platform-operator] [26a5ed22] 17:06:46.935 [ReconcilerExecutor-hivemq-controller-65] DEBUG c.h.p.o.h.HiveMQPlatformReconcilerErrorHandler - [helminit] Pod 'test-hivemq-platform-0' condition 'PodScheduled': True
2025-01-27 17:06:46,936 INFO c.h.h.t.HelmChartContainer - [hivemq-test-hivemq-platform] [hivemq-platform-operator] [26a5ed22] 17:06:46.935 [ReconcilerExecutor-hivemq-controller-65] DEBUG c.h.p.o.h.HiveMQPlatformReconcilerErrorHandler - [helminit] Pod 'test-hivemq-platform-0' containerStatus 'hivemq' (started: false) (ready: false) (waiting: [PodInitializing] null)
2025-01-27 17:06:46,941 INFO c.h.h.t.HelmChartContainer - [hivemq-test-hivemq-platform] [hivemq-platform-operator] [26a5ed22] 17:06:46.938 [ReconcilerExecutor-hivemq-controller-65] INFO  c.h.p.o.h.HiveMQPlatformReconcilerBaseHandler - [helminit] HiveMQ Platform is starting, 0 of 1 replicas are ready
2025-01-27 17:06:46,947 INFO c.h.h.t.HelmChartContainer - [hivemq-test-hivemq-platform] [hivemq-platform-operator] [26a5ed22] 17:06:46.946 [pool-6-thread-22] DEBUG c.h.p.o.d.PlatformServiceResource - [helminit] Desired Platform services (3 services)
2025-01-27 17:06:46,950 INFO c.h.h.t.HelmChartContainer - [hivemq-test-hivemq-platform] [hivemq-platform-operator] [26a5ed22] 17:06:46.949 [pool-6-thread-23] DEBUG c.h.p.o.dependants.PodInfoConfigMap - [helminit] Desired PodInfo ConfigMap (1 extensions) (1 enabled)
2025-01-27 17:06:46,951 INFO c.h.h.t.HelmChartContainer - [hivemq-test-hivemq-platform] [hivemq-platform-operator] [26a5ed22] 17:06:46.949 [pool-6-thread-23] DEBUG c.h.p.o.dependants.PodInfoConfigMap - [helminit] Desired PodInfo ConfigMap (metrics port: 9399) (metrics path: /)
2025-01-27 17:06:46,951 INFO c.h.h.t.HelmChartContainer - [hivemq-test-hivemq-platform] [hivemq-platform-operator] [26a5ed22] 17:06:46.949 [pool-6-thread-23] DEBUG c.h.p.o.dependants.PodInfoConfigMap - [helminit] Desired PodInfo ConfigMap (extension state hash: -1817474005)
2025-01-27 17:06:47,036 INFO c.h.h.t.HelmChartContainer - [hivemq-test-hivemq-platform] [hivemq-platform-operator] [26a5ed22] 17:06:46.952 [pool-6-thread-27] DEBUG c.h.p.o.d.PodServiceAccountResource - [helminit] Desired PodServiceAccountResource (serviceAccountName: hivemq-platform-pod-test-hivemq-platform)
2025-01-27 17:06:47,046 INFO c.h.h.t.HelmChartContainer - [hivemq-test-hivemq-platform] [hivemq-platform-operator] [26a5ed22] 17:06:47.044 [pool-6-thread-30] DEBUG c.h.p.o.d.StatefulSetResource - [helminit] Desired StatefulSet (1 replicas) for status STARTING (READY)
2025-01-27 17:06:47,094 INFO c.h.h.t.HelmChartContainer - [EVENT] Normal [Pulling] Pulling image "busybox" [helminitcontainerit:test-hivemq-platform-0]
2025-01-27 17:06:47,136 INFO c.h.h.t.HelmChartContainer - [hivemq-test-hivemq-platform] [hivemq-platform-operator] [26a5ed22] 17:06:47.135 [ReconcilerExecutor-hivemq-controller-76] INFO  c.h.p.o.HiveMQPlatformReconciler - [helminit] Reconciling HiveMQ Platform 'test-hivemq-platform' in namespace 'helminitcontainerit'
2025-01-27 17:06:47,138 INFO c.h.h.t.HelmChartContainer - [hivemq-test-hivemq-platform] [hivemq-platform-operator] [26a5ed22] 17:06:47.135 [ReconcilerExecutor-hivemq-controller-76] DEBUG c.h.p.o.HiveMQPlatformReconciler - [helminit] Custom Resource Status STARTING - HiveMQ Platform is starting (READY)
2025-01-27 17:06:47,138 INFO c.h.h.t.HelmChartContainer - [hivemq-test-hivemq-platform] [hivemq-platform-operator] [26a5ed22] 17:06:47.135 [ReconcilerExecutor-hivemq-controller-76] DEBUG c.h.p.o.HiveMQPlatformReconciler - [helminit] Custom Resource Spec (replicas: 1) (extensions: 1)
2025-01-27 17:06:47,142 INFO c.h.h.t.HelmChartContainer - [hivemq-test-hivemq-platform] [hivemq-platform-operator] [26a5ed22] 17:06:47.140 [ReconcilerExecutor-hivemq-controller-76] DEBUG c.h.p.o.HiveMQPlatformReconciler - [helminit] StatefulSet Status (revision: test-hivemq-platform-686454f84c, replicas: 1, available: 0, ready: 0, current: 1, updated: 1)
2025-01-27 17:06:47,143 INFO c.h.h.t.HelmChartContainer - [hivemq-test-hivemq-platform] [hivemq-platform-operator] [26a5ed22] 17:06:47.140 [ReconcilerExecutor-hivemq-controller-76] DEBUG c.h.p.o.HiveMQPlatformReconciler - [helminit] StatefulSet Spec (replicas: 1, init containers: 2, containers: 1, volumes: 4)
2025-01-27 17:06:47,144 INFO c.h.h.t.HelmChartContainer - [hivemq-test-hivemq-platform] [hivemq-platform-operator] [26a5ed22] 17:06:47.142 [ReconcilerExecutor-hivemq-controller-76] DEBUG c.h.p.o.h.HiveMQPlatformReconcilerErrorHandler - [helminit] Pod 'test-hivemq-platform-0' phase Pending
2025-01-27 17:06:47,145 INFO c.h.h.t.HelmChartContainer - [hivemq-test-hivemq-platform] [hivemq-platform-operator] [26a5ed22] 17:06:47.142 [ReconcilerExecutor-hivemq-controller-76] DEBUG c.h.p.o.h.HiveMQPlatformReconcilerErrorHandler - [helminit] Pod 'test-hivemq-platform-0' condition 'PodReadyToStartContainers': False
2025-01-27 17:06:47,145 INFO c.h.h.t.HelmChartContainer - [hivemq-test-hivemq-platform] [hivemq-platform-operator] [26a5ed22] 17:06:47.143 [ReconcilerExecutor-hivemq-controller-76] DEBUG c.h.p.o.h.HiveMQPlatformReconcilerErrorHandler - [helminit] Pod 'test-hivemq-platform-0' condition 'Initialized': False
2025-01-27 17:06:47,145 INFO c.h.h.t.HelmChartContainer - [hivemq-test-hivemq-platform] [hivemq-platform-operator] [26a5ed22] 17:06:47.143 [ReconcilerExecutor-hivemq-controller-76] DEBUG c.h.p.o.h.HiveMQPlatformReconcilerErrorHandler - [helminit] Pod 'test-hivemq-platform-0' condition 'Ready': False
2025-01-27 17:06:47,145 INFO c.h.h.t.HelmChartContainer - [hivemq-test-hivemq-platform] [hivemq-platform-operator] [26a5ed22] 17:06:47.143 [ReconcilerExecutor-hivemq-controller-76] DEBUG c.h.p.o.h.HiveMQPlatformReconcilerErrorHandler - [helminit] Pod 'test-hivemq-platform-0' condition 'ContainersReady': False
2025-01-27 17:06:47,146 INFO c.h.h.t.HelmChartContainer - [hivemq-test-hivemq-platform] [hivemq-platform-operator] [26a5ed22] 17:06:47.143 [ReconcilerExecutor-hivemq-controller-76] DEBUG c.h.p.o.h.HiveMQPlatformReconcilerErrorHandler - [helminit] Pod 'test-hivemq-platform-0' condition 'PodScheduled': True
2025-01-27 17:06:47,146 INFO c.h.h.t.HelmChartContainer - [hivemq-test-hivemq-platform] [hivemq-platform-operator] [26a5ed22] 17:06:47.143 [ReconcilerExecutor-hivemq-controller-76] DEBUG c.h.p.o.h.HiveMQPlatformReconcilerErrorHandler - [helminit] Pod 'test-hivemq-platform-0' containerStatus 'hivemq' (started: false) (ready: false) (waiting: [PodInitializing] null)
2025-01-27 17:06:47,146 INFO c.h.h.t.HelmChartContainer - [hivemq-test-hivemq-platform] [hivemq-platform-operator] [26a5ed22] 17:06:47.144 [ReconcilerExecutor-hivemq-controller-76] INFO  c.h.p.o.h.HiveMQPlatformReconcilerBaseHandler - [helminit] HiveMQ Platform is starting, 0 of 1 replicas are ready
2025-01-27 17:06:47,838 INFO c.h.h.t.HelmChartContainer - [EVENT] Normal [Pulled] Successfully pulled image "busybox" in 743ms (743ms including waiting). Image size: 2167089 bytes. [helminitcontainerit:test-hivemq-platform-0]
2025-01-27 17:06:47,845 INFO c.h.h.t.HelmChartContainer - [EVENT] Normal [Created] Created container: test-init-container [helminitcontainerit:test-hivemq-platform-0]
2025-01-27 17:06:47,888 INFO c.h.h.t.HelmChartContainer - [EVENT] Normal [Started] Started container test-init-container [helminitcontainerit:test-hivemq-platform-0]
2025-01-27 17:06:48,658 INFO c.h.h.t.HelmChartContainer - [EVENT] Normal [Pulled] Container image "docker.io/hivemq/hivemq-platform-operator-init-test:snapshot" already present on machine [helminitcontainerit:test-hivemq-platform-0]
2025-01-27 17:06:48,674 INFO c.h.h.t.HelmChartContainer - [POD] test-hivemq-platform-0 [b3c39d15-3c23-43f9-8cdd-726a25639139] in helminitcontainerit was MODIFIED
2025-01-27 17:06:48,690 INFO c.h.h.t.HelmChartContainer - [hivemq-test-hivemq-platform] [hivemq-platform-operator] [26a5ed22] 17:06:48.687 [pool-6-thread-32] DEBUG c.h.p.o.d.PlatformServiceResource - [helminit] Desired Platform services (3 services)
2025-01-27 17:06:48,700 INFO c.h.h.t.HelmChartContainer - [hivemq-test-hivemq-platform] [hivemq-platform-operator] [26a5ed22] 17:06:48.694 [pool-6-thread-33] DEBUG c.h.p.o.dependants.PodInfoConfigMap - [helminit] Desired PodInfo ConfigMap (1 extensions) (1 enabled)
2025-01-27 17:06:48,700 INFO c.h.h.t.HelmChartContainer - [hivemq-test-hivemq-platform] [hivemq-platform-operator] [26a5ed22] 17:06:48.694 [pool-6-thread-33] DEBUG c.h.p.o.dependants.PodInfoConfigMap - [helminit] Desired PodInfo ConfigMap (metrics port: 9399) (metrics path: /)
2025-01-27 17:06:48,700 INFO c.h.h.t.HelmChartContainer - [hivemq-test-hivemq-platform] [hivemq-platform-operator] [26a5ed22] 17:06:48.694 [pool-6-thread-33] DEBUG c.h.p.o.dependants.PodInfoConfigMap - [helminit] Desired PodInfo ConfigMap (extension state hash: -1817474005)
2025-01-27 17:06:48,700 INFO c.h.h.t.HelmChartContainer - [hivemq-test-hivemq-platform] [hivemq-platform-operator] [26a5ed22] 17:06:48.697 [pool-6-thread-37] DEBUG c.h.p.o.d.PodServiceAccountResource - [helminit] Desired PodServiceAccountResource (serviceAccountName: hivemq-platform-pod-test-hivemq-platform)
2025-01-27 17:06:48,745 INFO c.h.h.t.HelmChartContainer - [hivemq-test-hivemq-platform] [hivemq-platform-operator] [26a5ed22] 17:06:48.742 [pool-6-thread-40] DEBUG c.h.p.o.d.StatefulSetResource - [helminit] Desired StatefulSet (1 replicas) for status STARTING (READY)
2025-01-27 17:06:48,753 INFO c.h.h.t.HelmChartContainer - [hivemq-test-hivemq-platform] [hivemq-platform-operator] [26a5ed22] 17:06:48.752 [ReconcilerExecutor-hivemq-controller-87] INFO  c.h.p.o.HiveMQPlatformReconciler - [helminit] Reconciling HiveMQ Platform 'test-hivemq-platform' in namespace 'helminitcontainerit'
2025-01-27 17:06:48,754 INFO c.h.h.t.HelmChartContainer - [hivemq-test-hivemq-platform] [hivemq-platform-operator] [26a5ed22] 17:06:48.752 [ReconcilerExecutor-hivemq-controller-87] DEBUG c.h.p.o.HiveMQPlatformReconciler - [helminit] Custom Resource Status STARTING - HiveMQ Platform is starting (READY)
2025-01-27 17:06:48,754 INFO c.h.h.t.HelmChartContainer - [hivemq-test-hivemq-platform] [hivemq-platform-operator] [26a5ed22] 17:06:48.752 [ReconcilerExecutor-hivemq-controller-87] DEBUG c.h.p.o.HiveMQPlatformReconciler - [helminit] Custom Resource Spec (replicas: 1) (extensions: 1)
2025-01-27 17:06:48,837 INFO c.h.h.t.HelmChartContainer - [hivemq-test-hivemq-platform] [hivemq-platform-operator] [26a5ed22] 17:06:48.835 [ReconcilerExecutor-hivemq-controller-87] DEBUG c.h.p.o.HiveMQPlatformReconciler - [helminit] StatefulSet Status (revision: test-hivemq-platform-686454f84c, replicas: 1, available: 0, ready: 0, current: 1, updated: 1)
2025-01-27 17:06:48,838 INFO c.h.h.t.HelmChartContainer - [hivemq-test-hivemq-platform] [hivemq-platform-operator] [26a5ed22] 17:06:48.835 [ReconcilerExecutor-hivemq-controller-87] DEBUG c.h.p.o.HiveMQPlatformReconciler - [helminit] StatefulSet Spec (replicas: 1, init containers: 2, containers: 1, volumes: 4)
2025-01-27 17:06:48,841 INFO c.h.h.t.HelmChartContainer - [hivemq-test-hivemq-platform] [hivemq-platform-operator] [26a5ed22] 17:06:48.839 [ReconcilerExecutor-hivemq-controller-87] DEBUG c.h.p.o.h.HiveMQPlatformReconcilerErrorHandler - [helminit] Pod 'test-hivemq-platform-0' phase Pending
2025-01-27 17:06:48,842 INFO c.h.h.t.HelmChartContainer - [hivemq-test-hivemq-platform] [hivemq-platform-operator] [26a5ed22] 17:06:48.840 [ReconcilerExecutor-hivemq-controller-87] DEBUG c.h.p.o.h.HiveMQPlatformReconcilerErrorHandler - [helminit] Pod 'test-hivemq-platform-0' condition 'PodReadyToStartContainers': True
2025-01-27 17:06:48,843 INFO c.h.h.t.HelmChartContainer - [hivemq-test-hivemq-platform] [hivemq-platform-operator] [26a5ed22] 17:06:48.840 [ReconcilerExecutor-hivemq-controller-87] DEBUG c.h.p.o.h.HiveMQPlatformReconcilerErrorHandler - [helminit] Pod 'test-hivemq-platform-0' condition 'Initialized': False
2025-01-27 17:06:48,844 INFO c.h.h.t.HelmChartContainer - [hivemq-test-hivemq-platform] [hivemq-platform-operator] [26a5ed22] 17:06:48.840 [ReconcilerExecutor-hivemq-controller-87] DEBUG c.h.p.o.h.HiveMQPlatformReconcilerErrorHandler - [helminit] Pod 'test-hivemq-platform-0' condition 'Ready': False
2025-01-27 17:06:48,844 INFO c.h.h.t.HelmChartContainer - [hivemq-test-hivemq-platform] [hivemq-platform-operator] [26a5ed22] 17:06:48.840 [ReconcilerExecutor-hivemq-controller-87] DEBUG c.h.p.o.h.HiveMQPlatformReconcilerErrorHandler - [helminit] Pod 'test-hivemq-platform-0' condition 'ContainersReady': False
2025-01-27 17:06:48,844 INFO c.h.h.t.HelmChartContainer - [hivemq-test-hivemq-platform] [hivemq-platform-operator] [26a5ed22] 17:06:48.840 [ReconcilerExecutor-hivemq-controller-87] DEBUG c.h.p.o.h.HiveMQPlatformReconcilerErrorHandler - [helminit] Pod 'test-hivemq-platform-0' condition 'PodScheduled': True
2025-01-27 17:06:48,844 INFO c.h.h.t.HelmChartContainer - [hivemq-test-hivemq-platform] [hivemq-platform-operator] [26a5ed22] 17:06:48.840 [ReconcilerExecutor-hivemq-controller-87] DEBUG c.h.p.o.h.HiveMQPlatformReconcilerErrorHandler - [helminit] Pod 'test-hivemq-platform-0' containerStatus 'hivemq' (started: false) (ready: false) (waiting: [PodInitializing] null)
2025-01-27 17:06:48,844 INFO c.h.h.t.HelmChartContainer - [hivemq-test-hivemq-platform] [hivemq-platform-operator] [26a5ed22] 17:06:48.841 [ReconcilerExecutor-hivemq-controller-87] INFO  c.h.p.o.h.HiveMQPlatformReconcilerBaseHandler - [helminit] HiveMQ Platform is starting, 0 of 1 replicas are ready
2025-01-27 17:06:48,859 INFO c.h.h.t.HelmChartContainer - [EVENT] Normal [Created] Created container: hivemq-platform-operator-init [helminitcontainerit:test-hivemq-platform-0]
2025-01-27 17:06:48,904 INFO c.h.h.t.HelmChartContainer - [EVENT] Normal [Started] Started container hivemq-platform-operator-init [helminitcontainerit:test-hivemq-platform-0]
2025-01-27 17:06:49,662 INFO c.h.h.t.HelmChartContainer - [EVENT] Normal [Pulled] Container image "docker.io/hivemq/hivemq4:4.35.0" already present on machine [helminitcontainerit:test-hivemq-platform-0]
2025-01-27 17:06:49,662 INFO c.h.h.t.HelmChartContainer - Received Pulled event for container hivemq in pod test-hivemq-platform-0 [b3c39d15-3c23-43f9-8cdd-726a25639139]
2025-01-27 17:06:49,673 INFO c.h.h.t.HelmChartContainer - [POD] test-hivemq-platform-0 [b3c39d15-3c23-43f9-8cdd-726a25639139] in helminitcontainerit was MODIFIED
2025-01-27 17:06:49,681 INFO c.h.h.t.HelmChartContainer - [hivemq-test-hivemq-platform] [hivemq-platform-operator] [26a5ed22] 17:06:49.679 [pool-6-thread-42] DEBUG c.h.p.o.d.PlatformServiceResource - [helminit] Desired Platform services (3 services)
2025-01-27 17:06:49,684 INFO c.h.h.t.HelmChartContainer - [hivemq-test-hivemq-platform] [hivemq-platform-operator] [26a5ed22] 17:06:49.683 [pool-6-thread-43] DEBUG c.h.p.o.dependants.PodInfoConfigMap - [helminit] Desired PodInfo ConfigMap (1 extensions) (1 enabled)
2025-01-27 17:06:49,685 INFO c.h.h.t.HelmChartContainer - [hivemq-test-hivemq-platform] [hivemq-platform-operator] [26a5ed22] 17:06:49.683 [pool-6-thread-43] DEBUG c.h.p.o.dependants.PodInfoConfigMap - [helminit] Desired PodInfo ConfigMap (metrics port: 9399) (metrics path: /)
2025-01-27 17:06:49,685 INFO c.h.h.t.HelmChartContainer - [hivemq-test-hivemq-platform] [hivemq-platform-operator] [26a5ed22] 17:06:49.683 [pool-6-thread-43] DEBUG c.h.p.o.dependants.PodInfoConfigMap - [helminit] Desired PodInfo ConfigMap (extension state hash: -1817474005)
2025-01-27 17:06:49,691 INFO c.h.h.t.HelmChartContainer - [hivemq-test-hivemq-platform] [hivemq-platform-operator] [26a5ed22] 17:06:49.689 [pool-6-thread-47] DEBUG c.h.p.o.d.PodServiceAccountResource - [helminit] Desired PodServiceAccountResource (serviceAccountName: hivemq-platform-pod-test-hivemq-platform)
2025-01-27 17:06:49,745 INFO c.h.h.t.HelmChartContainer - [hivemq-test-hivemq-platform] [hivemq-platform-operator] [26a5ed22] 17:06:49.740 [pool-6-thread-50] DEBUG c.h.p.o.d.StatefulSetResource - [helminit] Desired StatefulSet (1 replicas) for status STARTING (READY)
2025-01-27 17:06:49,747 INFO c.h.h.t.HelmChartContainer - [hivemq-test-hivemq-platform] [hivemq-platform-operator] [26a5ed22] 17:06:49.745 [ReconcilerExecutor-hivemq-controller-98] INFO  c.h.p.o.HiveMQPlatformReconciler - [helminit] Reconciling HiveMQ Platform 'test-hivemq-platform' in namespace 'helminitcontainerit'
2025-01-27 17:06:49,748 INFO c.h.h.t.HelmChartContainer - [hivemq-test-hivemq-platform] [hivemq-platform-operator] [26a5ed22] 17:06:49.746 [ReconcilerExecutor-hivemq-controller-98] DEBUG c.h.p.o.HiveMQPlatformReconciler - [helminit] Custom Resource Status STARTING - HiveMQ Platform is starting (READY)
2025-01-27 17:06:49,749 INFO c.h.h.t.HelmChartContainer - [hivemq-test-hivemq-platform] [hivemq-platform-operator] [26a5ed22] 17:06:49.746 [ReconcilerExecutor-hivemq-controller-98] DEBUG c.h.p.o.HiveMQPlatformReconciler - [helminit] Custom Resource Spec (replicas: 1) (extensions: 1)
2025-01-27 17:06:49,751 INFO c.h.h.t.HelmChartContainer - [hivemq-test-hivemq-platform] [hivemq-platform-operator] [26a5ed22] 17:06:49.748 [ReconcilerExecutor-hivemq-controller-98] DEBUG c.h.p.o.HiveMQPlatformReconciler - [helminit] StatefulSet Status (revision: test-hivemq-platform-686454f84c, replicas: 1, available: 0, ready: 0, current: 1, updated: 1)
2025-01-27 17:06:49,751 INFO c.h.h.t.HelmChartContainer - [hivemq-test-hivemq-platform] [hivemq-platform-operator] [26a5ed22] 17:06:49.748 [ReconcilerExecutor-hivemq-controller-98] DEBUG c.h.p.o.HiveMQPlatformReconciler - [helminit] StatefulSet Spec (replicas: 1, init containers: 2, containers: 1, volumes: 4)
2025-01-27 17:06:49,753 INFO c.h.h.t.HelmChartContainer - [hivemq-test-hivemq-platform] [hivemq-platform-operator] [26a5ed22] 17:06:49.750 [ReconcilerExecutor-hivemq-controller-98] DEBUG c.h.p.o.h.HiveMQPlatformReconcilerErrorHandler - [helminit] Pod 'test-hivemq-platform-0' phase Pending
2025-01-27 17:06:49,753 INFO c.h.h.t.HelmChartContainer - [hivemq-test-hivemq-platform] [hivemq-platform-operator] [26a5ed22] 17:06:49.750 [ReconcilerExecutor-hivemq-controller-98] DEBUG c.h.p.o.h.HiveMQPlatformReconcilerErrorHandler - [helminit] Pod 'test-hivemq-platform-0' condition 'PodReadyToStartContainers': True
2025-01-27 17:06:49,753 INFO c.h.h.t.HelmChartContainer - [hivemq-test-hivemq-platform] [hivemq-platform-operator] [26a5ed22] 17:06:49.751 [ReconcilerExecutor-hivemq-controller-98] DEBUG c.h.p.o.h.HiveMQPlatformReconcilerErrorHandler - [helminit] Pod 'test-hivemq-platform-0' condition 'Initialized': True
2025-01-27 17:06:49,753 INFO c.h.h.t.HelmChartContainer - [hivemq-test-hivemq-platform] [hivemq-platform-operator] [26a5ed22] 17:06:49.751 [ReconcilerExecutor-hivemq-controller-98] DEBUG c.h.p.o.h.HiveMQPlatformReconcilerErrorHandler - [helminit] Pod 'test-hivemq-platform-0' condition 'Ready': False
2025-01-27 17:06:49,753 INFO c.h.h.t.HelmChartContainer - [hivemq-test-hivemq-platform] [hivemq-platform-operator] [26a5ed22] 17:06:49.751 [ReconcilerExecutor-hivemq-controller-98] DEBUG c.h.p.o.h.HiveMQPlatformReconcilerErrorHandler - [helminit] Pod 'test-hivemq-platform-0' condition 'ContainersReady': False
2025-01-27 17:06:49,753 INFO c.h.h.t.HelmChartContainer - [hivemq-test-hivemq-platform] [hivemq-platform-operator] [26a5ed22] 17:06:49.751 [ReconcilerExecutor-hivemq-controller-98] DEBUG c.h.p.o.h.HiveMQPlatformReconcilerErrorHandler - [helminit] Pod 'test-hivemq-platform-0' condition 'PodScheduled': True
2025-01-27 17:06:49,753 INFO c.h.h.t.HelmChartContainer - [hivemq-test-hivemq-platform] [hivemq-platform-operator] [26a5ed22] 17:06:49.751 [ReconcilerExecutor-hivemq-controller-98] DEBUG c.h.p.o.h.HiveMQPlatformReconcilerErrorHandler - [helminit] Pod 'test-hivemq-platform-0' containerStatus 'hivemq' (started: false) (ready: false) (waiting: [PodInitializing] null)
2025-01-27 17:06:49,753 INFO c.h.h.t.HelmChartContainer - [hivemq-test-hivemq-platform] [hivemq-platform-operator] [26a5ed22] 17:06:49.752 [ReconcilerExecutor-hivemq-controller-98] INFO  c.h.p.o.h.HiveMQPlatformReconcilerBaseHandler - [helminit] HiveMQ Platform is starting, 0 of 1 replicas are ready
2025-01-27 17:06:51,657 INFO c.h.h.t.HelmChartContainer - [EVENT] Normal [Created] Created container: hivemq [helminitcontainerit:test-hivemq-platform-0]
2025-01-27 17:06:51,657 INFO c.h.h.t.HelmChartContainer - Received Created event for container hivemq in pod test-hivemq-platform-0 [b3c39d15-3c23-43f9-8cdd-726a25639139]
2025-01-27 17:06:52,681 INFO c.h.h.t.HelmChartContainer - [POD] test-hivemq-platform-0 [b3c39d15-3c23-43f9-8cdd-726a25639139] in helminitcontainerit was MODIFIED
2025-01-27 17:06:52,691 INFO c.h.h.t.HelmChartContainer - [hivemq-test-hivemq-platform] [hivemq-platform-operator] [26a5ed22] 17:06:52.687 [pool-6-thread-5] DEBUG c.h.p.o.d.PlatformServiceResource - [helminit] Desired Platform services (3 services)
2025-01-27 17:06:52,691 INFO c.h.h.t.HelmChartContainer - [hivemq-test-hivemq-platform] [hivemq-platform-operator] [26a5ed22] 17:06:52.688 [pool-6-thread-6] DEBUG c.h.p.o.dependants.PodInfoConfigMap - [helminit] Desired PodInfo ConfigMap (1 extensions) (1 enabled)
2025-01-27 17:06:52,691 INFO c.h.h.t.HelmChartContainer - [hivemq-test-hivemq-platform] [hivemq-platform-operator] [26a5ed22] 17:06:52.688 [pool-6-thread-6] DEBUG c.h.p.o.dependants.PodInfoConfigMap - [helminit] Desired PodInfo ConfigMap (metrics port: 9399) (metrics path: /)
2025-01-27 17:06:52,691 INFO c.h.h.t.HelmChartContainer - [hivemq-test-hivemq-platform] [hivemq-platform-operator] [26a5ed22] 17:06:52.688 [pool-6-thread-6] DEBUG c.h.p.o.dependants.PodInfoConfigMap - [helminit] Desired PodInfo ConfigMap (extension state hash: -1817474005)
2025-01-27 17:06:52,694 INFO c.h.h.t.HelmChartContainer - [hivemq-test-hivemq-platform] [hivemq-platform-operator] [26a5ed22] 17:06:52.691 [pool-6-thread-4] DEBUG c.h.p.o.d.PodServiceAccountResource - [helminit] Desired PodServiceAccountResource (serviceAccountName: hivemq-platform-pod-test-hivemq-platform)
2025-01-27 17:06:52,696 INFO c.h.h.t.HelmChartContainer - [EVENT] Normal [Started] Started container hivemq [helminitcontainerit:test-hivemq-platform-0]
2025-01-27 17:06:52,696 INFO c.h.h.t.HelmChartContainer - Received Started event for container hivemq in pod test-hivemq-platform-0 [b3c39d15-3c23-43f9-8cdd-726a25639139]
2025-01-27 17:06:52,697 INFO c.h.h.t.HelmChartContainer - Started log watcher for hivemq in pod test-hivemq-platform-0 [b3c39d15-3c23-43f9-8cdd-726a25639139]
2025-01-27 17:06:52,698 INFO c.h.h.t.HelmChartContainer - [test-hivemq-platform] [hivemq] [b3c39d15] Adding pre-installed HiveMQ Platform Operator extensions
2025-01-27 17:06:52,699 INFO c.h.h.t.HelmChartContainer - [test-hivemq-platform] [hivemq] [b3c39d15] Running as user 10000
2025-01-27 17:06:52,699 INFO c.h.h.t.HelmChartContainer - [test-hivemq-platform] [hivemq] [b3c39d15] Starting HiveMQ Platform Operator Init
2025-01-27 17:06:52,705 INFO c.h.h.t.HelmChartContainer - [hivemq-test-hivemq-platform] [hivemq-platform-operator] [26a5ed22] 17:06:52.704 [pool-6-thread-5] DEBUG c.h.p.o.d.StatefulSetResource - [helminit] Desired StatefulSet (1 replicas) for status STARTING (READY)
2025-01-27 17:06:52,743 INFO c.h.h.t.HelmChartContainer - [hivemq-test-hivemq-platform] [hivemq-platform-operator] [26a5ed22] 17:06:52.737 [ReconcilerExecutor-hivemq-controller-109] INFO  c.h.p.o.HiveMQPlatformReconciler - [helminit] Reconciling HiveMQ Platform 'test-hivemq-platform' in namespace 'helminitcontainerit'
2025-01-27 17:06:52,743 INFO c.h.h.t.HelmChartContainer - [hivemq-test-hivemq-platform] [hivemq-platform-operator] [26a5ed22] 17:06:52.737 [ReconcilerExecutor-hivemq-controller-109] DEBUG c.h.p.o.HiveMQPlatformReconciler - [helminit] Custom Resource Status STARTING - HiveMQ Platform is starting (READY)
2025-01-27 17:06:52,744 INFO c.h.h.t.HelmChartContainer - [hivemq-test-hivemq-platform] [hivemq-platform-operator] [26a5ed22] 17:06:52.737 [ReconcilerExecutor-hivemq-controller-109] DEBUG c.h.p.o.HiveMQPlatformReconciler - [helminit] Custom Resource Spec (replicas: 1) (extensions: 1)
2025-01-27 17:06:52,744 INFO c.h.h.t.HelmChartContainer - [hivemq-test-hivemq-platform] [hivemq-platform-operator] [26a5ed22] 17:06:52.740 [ReconcilerExecutor-hivemq-controller-109] DEBUG c.h.p.o.HiveMQPlatformReconciler - [helminit] StatefulSet Status (revision: test-hivemq-platform-686454f84c, replicas: 1, available: 0, ready: 0, current: 1, updated: 1)
2025-01-27 17:06:52,744 INFO c.h.h.t.HelmChartContainer - [hivemq-test-hivemq-platform] [hivemq-platform-operator] [26a5ed22] 17:06:52.740 [ReconcilerExecutor-hivemq-controller-109] DEBUG c.h.p.o.HiveMQPlatformReconciler - [helminit] StatefulSet Spec (replicas: 1, init containers: 2, containers: 1, volumes: 4)
2025-01-27 17:06:52,749 INFO c.h.h.t.HelmChartContainer - [hivemq-test-hivemq-platform] [hivemq-platform-operator] [26a5ed22] 17:06:52.747 [ReconcilerExecutor-hivemq-controller-109] DEBUG c.h.p.o.h.HiveMQPlatformReconcilerErrorHandler - [helminit] Pod 'test-hivemq-platform-0' phase Running
2025-01-27 17:06:52,750 INFO c.h.h.t.HelmChartContainer - [hivemq-test-hivemq-platform] [hivemq-platform-operator] [26a5ed22] 17:06:52.749 [ReconcilerExecutor-hivemq-controller-109] INFO  c.h.p.o.h.HiveMQPlatformReconcilerBaseHandler - [helminit] HiveMQ Platform is starting, 0 of 1 replicas are ready
2025-01-27 17:06:52,913 INFO c.h.h.t.HelmChartContainer - [test-hivemq-platform] [hivemq] [b3c39d15] INFO  - [HiveMQ Platform Operator Init 1.7.0-SNAPSHOT] HiveMQ Platform Operator Init 1.7.0-SNAPSHOT (commit: bebf408 on branch: HEAD) built on Sun Jan 26 20:47:47 UTC 2025
2025-01-27 17:06:54,110 INFO c.h.h.t.HelmChartContainer - [test-hivemq-platform] [hivemq] [b3c39d15] INFO  - [HiveMQ Platform Operator Init App 1.7.0-SNAPSHOT] Using bind address 10.42.0.8 from environment variable
2025-01-27 17:06:54,930 INFO c.h.h.t.HelmChartContainer - [test-hivemq-platform] [hivemq] [b3c39d15] INFO  - [HiveMQ Platform Operator Init App 1.7.0-SNAPSHOT] HiveMQ Platform Operator Init App 1.7.0-SNAPSHOT (commit: bebf408 on branch: HEAD) built on Sun Jan 26 20:47:47 UTC 2025
2025-01-27 17:06:54,930 INFO c.h.h.t.HelmChartContainer - [test-hivemq-platform] [hivemq] [b3c39d15] INFO  - [HiveMQ Platform Operator Init App 1.7.0-SNAPSHOT] PodInfo ConfigMap directory: /etc/podinfo
2025-01-27 17:06:54,930 INFO c.h.h.t.HelmChartContainer - [test-hivemq-platform] [hivemq] [b3c39d15] INFO  - [HiveMQ Platform Operator Init App 1.7.0-SNAPSHOT] HiveMQ home directory: /opt/hivemq
2025-01-27 17:06:54,930 INFO c.h.h.t.HelmChartContainer - [test-hivemq-platform] [hivemq] [b3c39d15] INFO  - [HiveMQ Platform Operator Init App 1.7.0-SNAPSHOT] HiveMQ Logback folder: /opt/hivemq/conf
2025-01-27 17:06:54,930 INFO c.h.h.t.HelmChartContainer - [test-hivemq-platform] [hivemq] [b3c39d15] INFO  - [HiveMQ Platform Operator Init App 1.7.0-SNAPSHOT] HiveMQ Config folder: /opt/hivemq/conf-k8s
2025-01-27 17:06:54,930 INFO c.h.h.t.HelmChartContainer - [test-hivemq-platform] [hivemq] [b3c39d15] INFO  - [HiveMQ Platform Operator Init App 1.7.0-SNAPSHOT] Starting HiveMQ Platform Operator Init App
2025-01-27 17:06:54,930 INFO c.h.h.t.HelmChartContainer - [test-hivemq-platform] [hivemq] [b3c39d15] INFO  - [HiveMQ Platform Operator Init App 1.7.0-SNAPSHOT] Starting Pod reconciler
2025-01-27 17:06:55,715 INFO c.h.h.t.HelmChartContainer - [EVENT] Warning [Unhealthy] Readiness probe failed: Get "http://10.42.0.8:7979/readiness": context deadline exceeded (Client.Timeout exceeded while awaiting headers) [helminitcontainerit:test-hivemq-platform-0]
2025-01-27 17:06:55,715 INFO c.h.h.t.HelmChartContainer - Received Unhealthy event for container hivemq in pod test-hivemq-platform-0 [b3c39d15-3c23-43f9-8cdd-726a25639139]
2025-01-27 17:06:56,311 INFO c.h.h.t.HelmChartContainer - [test-hivemq-platform] [hivemq] [b3c39d15] INFO  - [HiveMQ Platform Operator Init App 1.7.0-SNAPSHOT] Pod reconciler is scheduled (interval: 5000 ms)
2025-01-27 17:06:56,311 INFO c.h.h.t.HelmChartContainer - [test-hivemq-platform] [hivemq] [b3c39d15] INFO  - [HiveMQ Platform Operator Init App 1.7.0-SNAPSHOT] Starting the REST API on 10.42.0.8:7979
2025-01-27 17:06:56,314 INFO c.h.h.t.HelmChartContainer - [test-hivemq-platform] [hivemq] [b3c39d15] INFO  - [HiveMQ Platform Operator Init App 1.7.0-SNAPSHOT] Waiting up to 600s for at most 1 HiveMQ nodes in cluster service hivemq-test-hivemq-platform-cluster.helminitcontainerit.svc
2025-01-27 17:06:56,321 INFO c.h.h.t.HelmChartContainer - [test-hivemq-platform] [hivemq] [b3c39d15] INFO  - [HiveMQ Platform Operator Init App 1.7.0-SNAPSHOT] Returning default Health API response 503 for readiness
2025-01-27 17:06:56,926 INFO c.h.h.t.HelmChartContainer - [test-hivemq-platform] [hivemq] [b3c39d15] INFO  - [HiveMQ Platform Operator Init App 1.7.0-SNAPSHOT] Resolved 1 IP addresses: [10.42.0.8]
2025-01-27 17:06:56,926 INFO c.h.h.t.HelmChartContainer - [test-hivemq-platform] [hivemq] [b3c39d15] INFO  - [HiveMQ Platform Operator Init App 1.7.0-SNAPSHOT] HiveMQ node count of 1 is within threshold of 1
2025-01-27 17:06:56,926 INFO c.h.h.t.HelmChartContainer - [test-hivemq-platform] [hivemq] [b3c39d15] INFO  - [HiveMQ Platform Operator Init App 1.7.0-SNAPSHOT] Proceeding with container start
2025-01-27 17:06:57,012 INFO c.h.h.t.HelmChartContainer - [test-hivemq-platform] [hivemq] [b3c39d15] INFO  - [HiveMQ Platform Operator Init App 1.7.0-SNAPSHOT] Initializing HiveMQ Platform extensions with initial configuration: {hivemq-allow-all-extension={start-priority=-1, skip-https-hostname-verification=false, restart=true, config-version=0, header-version=0, c-uri=, priority=-1, uri=preinstalled, skip-https-certificate-validation=false, enabled=true}, hivemq-prometheus-extension={restart=true, priority=-1, start-priority=-1, c-uri=, skip-https-hostname-verification=false, skip-https-certificate-validation=false, uri=preinstalled, request-header-path=no-request-headers, enabled=true}}
2025-01-27 17:06:57,421 INFO c.h.h.t.HelmChartContainer - [test-hivemq-platform] [hivemq] [b3c39d15] INFO  - [HiveMQ Platform Operator Init App 1.7.0-SNAPSHOT] Extension hivemq-allow-all-extension was already enabled
2025-01-27 17:06:57,509 INFO c.h.h.t.HelmChartContainer - [test-hivemq-platform] [hivemq] [b3c39d15] INFO  - [HiveMQ Platform Operator Init App 1.7.0-SNAPSHOT] Successfully enabled extension hivemq-prometheus-extension
2025-01-27 17:06:57,513 INFO c.h.h.t.HelmChartContainer - [test-hivemq-platform] [hivemq] [b3c39d15] INFO  - [HiveMQ Platform Operator Init App 1.7.0-SNAPSHOT] Starting HiveMQ Platform version 4.35.0 (4.35.0)
2025-01-27 17:06:57,513 INFO c.h.h.t.HelmChartContainer - [test-hivemq-platform] [hivemq] [b3c39d15] INFO  - [HiveMQ Platform Operator Init App 1.7.0-SNAPSHOT] Configuring the HiveMQ Platform
2025-01-27 17:06:57,605 INFO c.h.h.t.HelmChartContainer - [test-hivemq-platform] [hivemq] [b3c39d15] INFO  - [HiveMQ Platform Operator Init App 1.7.0-SNAPSHOT] Changed logback.xml file scan period to 20 seconds
2025-01-27 17:06:57,620 INFO c.h.h.t.HelmChartContainer - [test-hivemq-platform] [hivemq] [b3c39d15] INFO  - [HiveMQ Platform Operator Init App 1.7.0-SNAPSHOT] Starting the HiveMQ Platform
2025-01-27 17:06:57,703 INFO c.h.h.t.HelmChartContainer - [test-hivemq-platform] [hivemq] [b3c39d15] -------------------------------------------------------------------------
2025-01-27 17:06:57,703 INFO c.h.h.t.HelmChartContainer - [test-hivemq-platform] [hivemq] [b3c39d15] 
2025-01-27 17:06:57,703 INFO c.h.h.t.HelmChartContainer - [test-hivemq-platform] [hivemq] [b3c39d15]                   _    _  _              __  __   ____
2025-01-27 17:06:57,703 INFO c.h.h.t.HelmChartContainer - [test-hivemq-platform] [hivemq] [b3c39d15]                  | |  | |(_)            |  \/  | / __ \
2025-01-27 17:06:57,703 INFO c.h.h.t.HelmChartContainer - [test-hivemq-platform] [hivemq] [b3c39d15]                  | |__| | _ __   __ ___ | \  / || |  | |
2025-01-27 17:06:57,704 INFO c.h.h.t.HelmChartContainer - [test-hivemq-platform] [hivemq] [b3c39d15]                  |  __  || |\ \ / // _ \| |\/| || |  | |
2025-01-27 17:06:57,704 INFO c.h.h.t.HelmChartContainer - [test-hivemq-platform] [hivemq] [b3c39d15]                  | |  | || | \ V /|  __/| |  | || |__| |
2025-01-27 17:06:57,704 INFO c.h.h.t.HelmChartContainer - [test-hivemq-platform] [hivemq] [b3c39d15]                  |_|  |_||_|  \_/  \___||_|  |_| \___\_\
2025-01-27 17:06:57,704 INFO c.h.h.t.HelmChartContainer - [test-hivemq-platform] [hivemq] [b3c39d15] 
2025-01-27 17:06:57,704 INFO c.h.h.t.HelmChartContainer - [test-hivemq-platform] [hivemq] [b3c39d15] -------------------------------------------------------------------------
2025-01-27 17:06:57,704 INFO c.h.h.t.HelmChartContainer - [test-hivemq-platform] [hivemq] [b3c39d15] 
2025-01-27 17:06:57,704 INFO c.h.h.t.HelmChartContainer - [test-hivemq-platform] [hivemq] [b3c39d15]   HiveMQ Start Script for Linux/Unix v1.14
2025-01-27 17:06:57,704 INFO c.h.h.t.HelmChartContainer - [test-hivemq-platform] [hivemq] [b3c39d15] 
2025-01-27 17:06:57,733 INFO c.h.h.t.HelmChartContainer - [test-hivemq-platform] [hivemq] [b3c39d15] -------------------------------------------------------------------------
2025-01-27 17:06:57,733 INFO c.h.h.t.HelmChartContainer - [test-hivemq-platform] [hivemq] [b3c39d15] 
2025-01-27 17:06:57,733 INFO c.h.h.t.HelmChartContainer - [test-hivemq-platform] [hivemq] [b3c39d15]   HIVEMQ_HOME: /opt/hivemq
2025-01-27 17:06:57,733 INFO c.h.h.t.HelmChartContainer - [test-hivemq-platform] [hivemq] [b3c39d15] 
2025-01-27 17:06:57,733 INFO c.h.h.t.HelmChartContainer - [test-hivemq-platform] [hivemq] [b3c39d15]   JAVA_OPTS: -XX:+UnlockExperimentalVMOptions -XX:InitialRAMPercentage=50 -XX:MaxRAMPercentage=50 -Djava.net.preferIPv4Stack=true --add-opens java.base/java.lang=ALL-UNNAMED --add-opens java.base/java.nio=ALL-UNNAMED --add-opens java.base/sun.nio.ch=ALL-UNNAMED --add-opens jdk.management/com.sun.management.internal=ALL-UNNAMED --add-exports java.base/jdk.internal.misc=ALL-UNNAMED -Djava.security.egd=file:/dev/./urandom -Dcom.sun.management.jmxremote -Dcom.sun.management.jmxremote.port=9010 -Dcom.sun.management.jmxremote.local.only=false -Dcom.sun.management.jmxremote.authenticate=false -Dcom.sun.management.jmxremote.ssl=false -Duser.language=en -Duser.region=US -XX:+CrashOnOutOfMemoryError -XX:+HeapDumpOnOutOfMemoryError
2025-01-27 17:06:57,733 INFO c.h.h.t.HelmChartContainer - [test-hivemq-platform] [hivemq] [b3c39d15] 
2025-01-27 17:06:57,733 INFO c.h.h.t.HelmChartContainer - [test-hivemq-platform] [hivemq] [b3c39d15]   JAVA_VERSION: 21
2025-01-27 17:06:57,733 INFO c.h.h.t.HelmChartContainer - [test-hivemq-platform] [hivemq] [b3c39d15] 
2025-01-27 17:06:57,734 INFO c.h.h.t.HelmChartContainer - [test-hivemq-platform] [hivemq] [b3c39d15] -------------------------------------------------------------------------
2025-01-27 17:06:57,734 INFO c.h.h.t.HelmChartContainer - [test-hivemq-platform] [hivemq] [b3c39d15] 
2025-01-27 17:07:00,012 INFO c.h.h.t.HelmChartContainer - [EVENT] Warning [Unhealthy] Readiness probe failed: HTTP probe failed with statuscode: 503 [helminitcontainerit:test-hivemq-platform-0]
2025-01-27 17:07:00,012 INFO c.h.h.t.HelmChartContainer - Received Unhealthy event for container hivemq in pod test-hivemq-platform-0 [b3c39d15-3c23-43f9-8cdd-726a25639139]
2025-01-27 17:07:00,219 INFO c.h.h.t.HelmChartContainer - [test-hivemq-platform] [hivemq] [b3c39d15] INFO  - Starting HiveMQ Enterprise Server
2025-01-27 17:07:00,305 INFO c.h.h.t.HelmChartContainer - [test-hivemq-platform] [hivemq] [b3c39d15] INFO  - HiveMQ version: 4.35.0
2025-01-27 17:07:00,307 INFO c.h.h.t.HelmChartContainer - [test-hivemq-platform] [hivemq] [b3c39d15] INFO  - HiveMQ home directory: /opt/hivemq
2025-01-27 17:07:00,307 INFO c.h.h.t.HelmChartContainer - [test-hivemq-platform] [hivemq] [b3c39d15] INFO  - Log Configuration was overridden by /opt/hivemq/conf/logback.xml
2025-01-27 17:07:01,612 INFO c.h.h.t.HelmChartContainer - [test-hivemq-platform] [hivemq] [b3c39d15] INFO  - Successfully loaded configuration from '/opt/hivemq/conf-k8s/config.xml'.
2025-01-27 17:07:02,308 INFO c.h.h.t.HelmChartContainer - [test-hivemq-platform] [hivemq] [b3c39d15] INFO  - This node's ID is MBxyq
2025-01-27 17:07:02,308 INFO c.h.h.t.HelmChartContainer - [test-hivemq-platform] [hivemq] [b3c39d15] INFO  - Clustering is enabled
2025-01-27 17:07:02,758 INFO c.h.h.t.HelmChartContainer - [hivemq-test-hivemq-platform] [hivemq-platform-operator] [26a5ed22] 17:07:02.754 [pool-6-thread-14] DEBUG c.h.p.o.d.PlatformServiceResource - [helminit] Desired Platform services (3 services)
2025-01-27 17:07:02,758 INFO c.h.h.t.HelmChartContainer - [hivemq-test-hivemq-platform] [hivemq-platform-operator] [26a5ed22] 17:07:02.755 [pool-6-thread-11] DEBUG c.h.p.o.dependants.PodInfoConfigMap - [helminit] Desired PodInfo ConfigMap (1 extensions) (1 enabled)
2025-01-27 17:07:02,758 INFO c.h.h.t.HelmChartContainer - [hivemq-test-hivemq-platform] [hivemq-platform-operator] [26a5ed22] 17:07:02.756 [pool-6-thread-11] DEBUG c.h.p.o.dependants.PodInfoConfigMap - [helminit] Desired PodInfo ConfigMap (metrics port: 9399) (metrics path: /)
2025-01-27 17:07:02,758 INFO c.h.h.t.HelmChartContainer - [hivemq-test-hivemq-platform] [hivemq-platform-operator] [26a5ed22] 17:07:02.756 [pool-6-thread-11] DEBUG c.h.p.o.dependants.PodInfoConfigMap - [helminit] Desired PodInfo ConfigMap (extension state hash: -1817474005)
2025-01-27 17:07:02,758 INFO c.h.h.t.HelmChartContainer - [hivemq-test-hivemq-platform] [hivemq-platform-operator] [26a5ed22] 17:07:02.756 [pool-6-thread-19] DEBUG c.h.p.o.d.PodServiceAccountResource - [helminit] Desired PodServiceAccountResource (serviceAccountName: hivemq-platform-pod-test-hivemq-platform)
2025-01-27 17:07:02,761 INFO c.h.h.t.HelmChartContainer - [hivemq-test-hivemq-platform] [hivemq-platform-operator] [26a5ed22] 17:07:02.760 [pool-6-thread-14] DEBUG c.h.p.o.d.StatefulSetResource - [helminit] Desired StatefulSet (1 replicas) for status STARTING (READY)
2025-01-27 17:07:02,768 INFO c.h.h.t.HelmChartContainer - [hivemq-test-hivemq-platform] [hivemq-platform-operator] [26a5ed22] 17:07:02.766 [ReconcilerExecutor-hivemq-controller-110] INFO  c.h.p.o.HiveMQPlatformReconciler - [helminit] Reconciling HiveMQ Platform 'test-hivemq-platform' in namespace 'helminitcontainerit'
2025-01-27 17:07:02,768 INFO c.h.h.t.HelmChartContainer - [hivemq-test-hivemq-platform] [hivemq-platform-operator] [26a5ed22] 17:07:02.766 [ReconcilerExecutor-hivemq-controller-110] DEBUG c.h.p.o.HiveMQPlatformReconciler - [helminit] Custom Resource Status STARTING - HiveMQ Platform is starting (READY)
2025-01-27 17:07:02,768 INFO c.h.h.t.HelmChartContainer - [hivemq-test-hivemq-platform] [hivemq-platform-operator] [26a5ed22] 17:07:02.766 [ReconcilerExecutor-hivemq-controller-110] DEBUG c.h.p.o.HiveMQPlatformReconciler - [helminit] Custom Resource Spec (replicas: 1) (extensions: 1)
2025-01-27 17:07:02,836 INFO c.h.h.t.HelmChartContainer - [hivemq-test-hivemq-platform] [hivemq-platform-operator] [26a5ed22] 17:07:02.834 [ReconcilerExecutor-hivemq-controller-110] DEBUG c.h.p.o.HiveMQPlatformReconciler - [helminit] StatefulSet Status (revision: test-hivemq-platform-686454f84c, replicas: 1, available: 0, ready: 0, current: 1, updated: 1)
2025-01-27 17:07:02,836 INFO c.h.h.t.HelmChartContainer - [hivemq-test-hivemq-platform] [hivemq-platform-operator] [26a5ed22] 17:07:02.834 [ReconcilerExecutor-hivemq-controller-110] DEBUG c.h.p.o.HiveMQPlatformReconciler - [helminit] StatefulSet Spec (replicas: 1, init containers: 2, containers: 1, volumes: 4)
2025-01-27 17:07:02,837 INFO c.h.h.t.HelmChartContainer - [hivemq-test-hivemq-platform] [hivemq-platform-operator] [26a5ed22] 17:07:02.836 [ReconcilerExecutor-hivemq-controller-110] DEBUG c.h.p.o.h.HiveMQPlatformReconcilerErrorHandler - [helminit] Pod 'test-hivemq-platform-0' phase Running
2025-01-27 17:07:02,838 INFO c.h.h.t.HelmChartContainer - [hivemq-test-hivemq-platform] [hivemq-platform-operator] [26a5ed22] 17:07:02.837 [ReconcilerExecutor-hivemq-controller-110] INFO  c.h.p.o.h.HiveMQPlatformReconcilerBaseHandler - [helminit] HiveMQ Platform is starting, 0 of 1 replicas are ready
2025-01-27 17:07:05,206 INFO c.h.h.t.HelmChartContainer - [test-hivemq-platform] [hivemq] [b3c39d15] WARN  - [HiveMQ Platform Operator Init App 1.7.0-SNAPSHOT] Cannot connect to Health API for readiness: null
2025-01-27 17:07:05,214 INFO c.h.h.t.HelmChartContainer - [EVENT] Warning [Unhealthy] Readiness probe failed: HTTP probe failed with statuscode: 503 [helminitcontainerit:test-hivemq-platform-0]
2025-01-27 17:07:05,214 INFO c.h.h.t.HelmChartContainer - Received Unhealthy event for container hivemq in pod test-hivemq-platform-0 [b3c39d15-3c23-43f9-8cdd-726a25639139]
2025-01-27 17:07:07,511 INFO c.h.h.t.HelmChartContainer - [test-hivemq-platform] [hivemq] [b3c39d15] Jan 27, 2025 5:07:07 PM io.vertx.core.impl.BlockedThreadChecker
2025-01-27 17:07:07,511 INFO c.h.h.t.HelmChartContainer - [test-hivemq-platform] [hivemq] [b3c39d15] WARNING: Thread Thread[vert.x-eventloop-thread-1,5,main] has been blocked for 2994 ms, time limit is 2000 ms
2025-01-27 17:07:08,503 INFO c.h.h.t.HelmChartContainer - [test-hivemq-platform] [hivemq] [b3c39d15] INFO  - [HiveMQ Platform Operator Init App 1.7.0-SNAPSHOT] Updating Pod HiveMQ Platform Operator Init App version annotation (version: 1.7.0-SNAPSHOT)
2025-01-27 17:07:09,321 INFO c.h.h.t.HelmChartContainer - [POD] test-hivemq-platform-0 [b3c39d15-3c23-43f9-8cdd-726a25639139] in helminitcontainerit was MODIFIED
2025-01-27 17:07:09,333 INFO c.h.h.t.HelmChartContainer - [hivemq-test-hivemq-platform] [hivemq-platform-operator] [26a5ed22] 17:07:09.330 [pool-6-thread-25] DEBUG c.h.p.o.d.PlatformServiceResource - [helminit] Desired Platform services (3 services)
2025-01-27 17:07:09,338 INFO c.h.h.t.HelmChartContainer - [hivemq-test-hivemq-platform] [hivemq-platform-operator] [26a5ed22] 17:07:09.332 [pool-6-thread-27] DEBUG c.h.p.o.dependants.PodInfoConfigMap - [helminit] Desired PodInfo ConfigMap (1 extensions) (1 enabled)
2025-01-27 17:07:09,338 INFO c.h.h.t.HelmChartContainer - [hivemq-test-hivemq-platform] [hivemq-platform-operator] [26a5ed22] 17:07:09.332 [pool-6-thread-27] DEBUG c.h.p.o.dependants.PodInfoConfigMap - [helminit] Desired PodInfo ConfigMap (metrics port: 9399) (metrics path: /)
2025-01-27 17:07:09,338 INFO c.h.h.t.HelmChartContainer - [hivemq-test-hivemq-platform] [hivemq-platform-operator] [26a5ed22] 17:07:09.332 [pool-6-thread-27] DEBUG c.h.p.o.dependants.PodInfoConfigMap - [helminit] Desired PodInfo ConfigMap (extension state hash: -1817474005)
2025-01-27 17:07:09,338 INFO c.h.h.t.HelmChartContainer - [hivemq-test-hivemq-platform] [hivemq-platform-operator] [26a5ed22] 17:07:09.334 [pool-6-thread-26] DEBUG c.h.p.o.d.PodServiceAccountResource - [helminit] Desired PodServiceAccountResource (serviceAccountName: hivemq-platform-pod-test-hivemq-platform)
2025-01-27 17:07:09,338 INFO c.h.h.t.HelmChartContainer - [hivemq-test-hivemq-platform] [hivemq-platform-operator] [26a5ed22] 17:07:09.337 [pool-6-thread-26] DEBUG c.h.p.o.d.StatefulSetResource - [helminit] Desired StatefulSet (1 replicas) for status STARTING (READY)
2025-01-27 17:07:09,405 INFO c.h.h.t.HelmChartContainer - [test-hivemq-platform] [hivemq] [b3c39d15] WARN  - [HiveMQ Platform Operator Init App 1.7.0-SNAPSHOT] Cannot connect to Health API for readiness: null
2025-01-27 17:07:09,410 INFO c.h.h.t.HelmChartContainer - [test-hivemq-platform] [hivemq] [b3c39d15] INFO  - [HiveMQ Platform Operator Init App 1.7.0-SNAPSHOT] Successfully updated Pod HiveMQ Platform Operator Init App version annotation (version: 1.7.0-SNAPSHOT)
2025-01-27 17:07:09,412 INFO c.h.h.t.HelmChartContainer - [EVENT] Warning [Unhealthy] Readiness probe failed: HTTP probe failed with statuscode: 503 [helminitcontainerit:test-hivemq-platform-0]
2025-01-27 17:07:09,413 INFO c.h.h.t.HelmChartContainer - Received Unhealthy event for container hivemq in pod test-hivemq-platform-0 [b3c39d15-3c23-43f9-8cdd-726a25639139]
2025-01-27 17:07:09,417 INFO c.h.h.t.HelmChartContainer - [hivemq-test-hivemq-platform] [hivemq-platform-operator] [26a5ed22] 17:07:09.416 [ReconcilerExecutor-hivemq-controller-111] INFO  c.h.p.o.HiveMQPlatformReconciler - [helminit] Reconciling HiveMQ Platform 'test-hivemq-platform' in namespace 'helminitcontainerit'
2025-01-27 17:07:09,419 INFO c.h.h.t.HelmChartContainer - [hivemq-test-hivemq-platform] [hivemq-platform-operator] [26a5ed22] 17:07:09.417 [ReconcilerExecutor-hivemq-controller-111] DEBUG c.h.p.o.HiveMQPlatformReconciler - [helminit] Custom Resource Status STARTING - HiveMQ Platform is starting (READY)
2025-01-27 17:07:09,419 INFO c.h.h.t.HelmChartContainer - [hivemq-test-hivemq-platform] [hivemq-platform-operator] [26a5ed22] 17:07:09.417 [ReconcilerExecutor-hivemq-controller-111] DEBUG c.h.p.o.HiveMQPlatformReconciler - [helminit] Custom Resource Spec (replicas: 1) (extensions: 1)
2025-01-27 17:07:09,501 INFO c.h.h.t.HelmChartContainer - [hivemq-test-hivemq-platform] [hivemq-platform-operator] [26a5ed22] 17:07:09.420 [ReconcilerExecutor-hivemq-controller-111] DEBUG c.h.p.o.HiveMQPlatformReconciler - [helminit] StatefulSet Status (revision: test-hivemq-platform-686454f84c, replicas: 1, available: 0, ready: 0, current: 1, updated: 1)
2025-01-27 17:07:09,501 INFO c.h.h.t.HelmChartContainer - [hivemq-test-hivemq-platform] [hivemq-platform-operator] [26a5ed22] 17:07:09.421 [ReconcilerExecutor-hivemq-controller-111] DEBUG c.h.p.o.HiveMQPlatformReconciler - [helminit] StatefulSet Spec (replicas: 1, init containers: 2, containers: 1, volumes: 4)
2025-01-27 17:07:09,501 INFO c.h.h.t.HelmChartContainer - [hivemq-test-hivemq-platform] [hivemq-platform-operator] [26a5ed22] 17:07:09.422 [ReconcilerExecutor-hivemq-controller-111] DEBUG c.h.p.o.h.HiveMQPlatformReconcilerErrorHandler - [helminit] Pod 'test-hivemq-platform-0' phase Running
2025-01-27 17:07:09,501 INFO c.h.h.t.HelmChartContainer - [hivemq-test-hivemq-platform] [hivemq-platform-operator] [26a5ed22] 17:07:09.423 [ReconcilerExecutor-hivemq-controller-111] INFO  c.h.p.o.h.HiveMQPlatformReconcilerBaseHandler - [helminit] HiveMQ Platform is starting, 0 of 1 replicas are ready
2025-01-27 17:07:14,325 INFO c.h.h.t.HelmChartContainer - [test-hivemq-platform] [hivemq] [b3c39d15] WARN  - [HiveMQ Platform Operator Init App 1.7.0-SNAPSHOT] Cannot connect to Health API for readiness: null
2025-01-27 17:07:14,329 INFO c.h.h.t.HelmChartContainer - [EVENT] Warning [Unhealthy] Readiness probe failed: HTTP probe failed with statuscode: 503 [helminitcontainerit:test-hivemq-platform-0]
2025-01-27 17:07:14,329 INFO c.h.h.t.HelmChartContainer - Received Unhealthy event for container hivemq in pod test-hivemq-platform-0 [b3c39d15-3c23-43f9-8cdd-726a25639139]
2025-01-27 17:07:17,004 INFO c.h.h.t.HelmChartContainer - [test-hivemq-platform] [hivemq] [b3c39d15] WARN  - [HiveMQ Platform Operator Init App 1.7.0-SNAPSHOT] Cannot connect to Health API for liveness: null
2025-01-27 17:07:17,004 INFO c.h.h.t.HelmChartContainer - [test-hivemq-platform] [hivemq] [b3c39d15] INFO  - [HiveMQ Platform Operator Init App 1.7.0-SNAPSHOT] Returning default Health API response 200 for liveness
2025-01-27 17:07:18,292 INFO c.h.h.t.HelmChartContainer - [K3S] [range_allocator.go:247] "Successfully synced" key="e7d25c28f32f"
2025-01-27 17:07:19,403 INFO c.h.h.t.HelmChartContainer - [test-hivemq-platform] [hivemq] [b3c39d15] WARN  - [HiveMQ Platform Operator Init App 1.7.0-SNAPSHOT] Cannot connect to Health API for readiness: null
2025-01-27 17:07:19,409 INFO c.h.h.t.HelmChartContainer - [EVENT] Warning [Unhealthy] Readiness probe failed: HTTP probe failed with statuscode: 503 [helminitcontainerit:test-hivemq-platform-0]
2025-01-27 17:07:19,409 INFO c.h.h.t.HelmChartContainer - Received Unhealthy event for container hivemq in pod test-hivemq-platform-0 [b3c39d15-3c23-43f9-8cdd-726a25639139]
2025-01-27 17:07:19,430 INFO c.h.h.t.HelmChartContainer - [hivemq-test-hivemq-platform] [hivemq-platform-operator] [26a5ed22] 17:07:19.427 [pool-6-thread-33] DEBUG c.h.p.o.d.PlatformServiceResource - [helminit] Desired Platform services (3 services)
2025-01-27 17:07:19,431 INFO c.h.h.t.HelmChartContainer - [hivemq-test-hivemq-platform] [hivemq-platform-operator] [26a5ed22] 17:07:19.428 [pool-6-thread-37] DEBUG c.h.p.o.dependants.PodInfoConfigMap - [helminit] Desired PodInfo ConfigMap (1 extensions) (1 enabled)
2025-01-27 17:07:19,431 INFO c.h.h.t.HelmChartContainer - [hivemq-test-hivemq-platform] [hivemq-platform-operator] [26a5ed22] 17:07:19.428 [pool-6-thread-37] DEBUG c.h.p.o.dependants.PodInfoConfigMap - [helminit] Desired PodInfo ConfigMap (metrics port: 9399) (metrics path: /)
2025-01-27 17:07:19,431 INFO c.h.h.t.HelmChartContainer - [hivemq-test-hivemq-platform] [hivemq-platform-operator] [26a5ed22] 17:07:19.428 [pool-6-thread-37] DEBUG c.h.p.o.dependants.PodInfoConfigMap - [helminit] Desired PodInfo ConfigMap (extension state hash: -1817474005)
2025-01-27 17:07:19,432 INFO c.h.h.t.HelmChartContainer - [hivemq-test-hivemq-platform] [hivemq-platform-operator] [26a5ed22] 17:07:19.430 [pool-6-thread-35] DEBUG c.h.p.o.d.PodServiceAccountResource - [helminit] Desired PodServiceAccountResource (serviceAccountName: hivemq-platform-pod-test-hivemq-platform)
2025-01-27 17:07:19,436 INFO c.h.h.t.HelmChartContainer - [hivemq-test-hivemq-platform] [hivemq-platform-operator] [26a5ed22] 17:07:19.435 [pool-6-thread-33] DEBUG c.h.p.o.d.StatefulSetResource - [helminit] Desired StatefulSet (1 replicas) for status STARTING (READY)
2025-01-27 17:07:19,441 INFO c.h.h.t.HelmChartContainer - [hivemq-test-hivemq-platform] [hivemq-platform-operator] [26a5ed22] 17:07:19.440 [ReconcilerExecutor-hivemq-controller-112] INFO  c.h.p.o.HiveMQPlatformReconciler - [helminit] Reconciling HiveMQ Platform 'test-hivemq-platform' in namespace 'helminitcontainerit'
2025-01-27 17:07:19,441 INFO c.h.h.t.HelmChartContainer - [hivemq-test-hivemq-platform] [hivemq-platform-operator] [26a5ed22] 17:07:19.440 [ReconcilerExecutor-hivemq-controller-112] DEBUG c.h.p.o.HiveMQPlatformReconciler - [helminit] Custom Resource Status STARTING - HiveMQ Platform is starting (READY)
2025-01-27 17:07:19,442 INFO c.h.h.t.HelmChartContainer - [hivemq-test-hivemq-platform] [hivemq-platform-operator] [26a5ed22] 17:07:19.440 [ReconcilerExecutor-hivemq-controller-112] DEBUG c.h.p.o.HiveMQPlatformReconciler - [helminit] Custom Resource Spec (replicas: 1) (extensions: 1)
2025-01-27 17:07:19,444 INFO c.h.h.t.HelmChartContainer - [hivemq-test-hivemq-platform] [hivemq-platform-operator] [26a5ed22] 17:07:19.443 [ReconcilerExecutor-hivemq-controller-112] DEBUG c.h.p.o.HiveMQPlatformReconciler - [helminit] StatefulSet Status (revision: test-hivemq-platform-686454f84c, replicas: 1, available: 0, ready: 0, current: 1, updated: 1)
2025-01-27 17:07:19,444 INFO c.h.h.t.HelmChartContainer - [hivemq-test-hivemq-platform] [hivemq-platform-operator] [26a5ed22] 17:07:19.443 [ReconcilerExecutor-hivemq-controller-112] DEBUG c.h.p.o.HiveMQPlatformReconciler - [helminit] StatefulSet Spec (replicas: 1, init containers: 2, containers: 1, volumes: 4)
2025-01-27 17:07:19,445 INFO c.h.h.t.HelmChartContainer - [hivemq-test-hivemq-platform] [hivemq-platform-operator] [26a5ed22] 17:07:19.444 [ReconcilerExecutor-hivemq-controller-112] DEBUG c.h.p.o.h.HiveMQPlatformReconcilerErrorHandler - [helminit] Pod 'test-hivemq-platform-0' phase Running
2025-01-27 17:07:19,446 INFO c.h.h.t.HelmChartContainer - [hivemq-test-hivemq-platform] [hivemq-platform-operator] [26a5ed22] 17:07:19.445 [ReconcilerExecutor-hivemq-controller-112] INFO  c.h.p.o.h.HiveMQPlatformReconcilerBaseHandler - [helminit] HiveMQ Platform is starting, 0 of 1 replicas are ready
2025-01-27 17:07:21,506 INFO c.h.h.t.HelmChartContainer - [test-hivemq-platform] [hivemq] [b3c39d15] INFO  - No valid license file found. Using trial license, restricted to 25 connections.
2025-01-27 17:07:24,009 INFO c.h.h.t.HelmChartContainer - [test-hivemq-platform] [hivemq] [b3c39d15] INFO  - No valid license file for Data Hub found. Using free license, restricted to 1 policy.
2025-01-27 17:07:24,407 INFO c.h.h.t.HelmChartContainer - [test-hivemq-platform] [hivemq] [b3c39d15] WARN  - [HiveMQ Platform Operator Init App 1.7.0-SNAPSHOT] Cannot connect to Health API for readiness: null
2025-01-27 17:07:24,414 INFO c.h.h.t.HelmChartContainer - [EVENT] Warning [Unhealthy] Readiness probe failed: HTTP probe failed with statuscode: 503 [helminitcontainerit:test-hivemq-platform-0]
2025-01-27 17:07:24,414 INFO c.h.h.t.HelmChartContainer - Received Unhealthy event for container hivemq in pod test-hivemq-platform-0 [b3c39d15-3c23-43f9-8cdd-726a25639139]
2025-01-27 17:07:25,105 INFO c.h.h.t.HelmChartContainer - [test-hivemq-platform] [hivemq] [b3c39d15] INFO  - Audit Logger started.
2025-01-27 17:07:25,347 INFO c.h.h.t.HelmChartContainer - [test-hivemq-platform] [hivemq] [b3c39d15] INFO  - This node uses '1' CPU cores.
2025-01-27 17:07:25,406 INFO c.h.h.t.HelmChartContainer - [test-hivemq-platform] [hivemq] [b3c39d15] INFO  - Starting HiveMQ Health API on address 0.0.0.0 and port 8889
2025-01-27 17:07:26,301 INFO c.h.h.t.HelmChartContainer - [test-hivemq-platform] [hivemq] [b3c39d15] INFO  - Started HiveMQ Health API in 817ms
2025-01-27 17:07:26,306 INFO c.h.h.t.HelmChartContainer - [test-hivemq-platform] [hivemq] [b3c39d15] INFO  - Starting HiveMQ extension system.
2025-01-27 17:07:26,516 INFO c.h.h.t.HelmChartContainer - [test-hivemq-platform] [hivemq] [b3c39d15] INFO  - Starting extension with id "hivemq-dns-cluster-discovery" at /opt/hivemq/extensions/hivemq-dns-cluster-discovery
2025-01-27 17:07:27,108 INFO c.h.h.t.HelmChartContainer - [test-hivemq-platform] [hivemq] [b3c39d15] INFO  - Using TCP cluster transport on address 10.42.0.8 and port 7000
2025-01-27 17:07:27,113 INFO c.h.h.t.HelmChartContainer - [test-hivemq-platform] [hivemq] [b3c39d15] INFO  - Using extension cluster discovery
2025-01-27 17:07:27,204 INFO c.h.h.t.HelmChartContainer - [test-hivemq-platform] [hivemq] [b3c39d15] INFO  - Extension "DNS Cluster Discovery Extension" version 4.3.2 started successfully.
2025-01-27 17:07:27,204 INFO c.h.h.t.HelmChartContainer - [test-hivemq-platform] [hivemq] [b3c39d15] INFO  - Starting extension with id "hivemq-prometheus-extension" at /opt/hivemq/extensions/hivemq-prometheus-extension
2025-01-27 17:07:28,215 INFO c.h.h.t.HelmChartContainer - [test-hivemq-platform] [hivemq] [b3c39d15] INFO  - Started Jetty Server exposing Prometheus Servlet on URI http://0.0.0.0:9399/
2025-01-27 17:07:28,215 INFO c.h.h.t.HelmChartContainer - [test-hivemq-platform] [hivemq] [b3c39d15] INFO  - Extension "Prometheus Monitoring Extension" version 4.0.12 started successfully.
2025-01-27 17:07:28,215 INFO c.h.h.t.HelmChartContainer - [test-hivemq-platform] [hivemq] [b3c39d15] INFO  - Starting extension with id "hivemq-allow-all-extension" at /opt/hivemq/extensions/hivemq-allow-all-extension
2025-01-27 17:07:28,215 INFO c.h.h.t.HelmChartContainer - [test-hivemq-platform] [hivemq] [b3c39d15] WARN  - 
2025-01-27 17:07:28,215 INFO c.h.h.t.HelmChartContainer - [test-hivemq-platform] [hivemq] [b3c39d15] ################################################################################################################
2025-01-27 17:07:28,215 INFO c.h.h.t.HelmChartContainer - [test-hivemq-platform] [hivemq] [b3c39d15] # This HiveMQ deployment is not secure! You are lacking Authentication and Authorization.                      #
2025-01-27 17:07:28,215 INFO c.h.h.t.HelmChartContainer - [test-hivemq-platform] [hivemq] [b3c39d15] # Right now any MQTT client can connect to the broker with a full set of permissions.                          #
2025-01-27 17:07:28,215 INFO c.h.h.t.HelmChartContainer - [test-hivemq-platform] [hivemq] [b3c39d15] # For production usage, add an appropriate security extension and remove the hivemq-allow-all extension.       #
2025-01-27 17:07:28,215 INFO c.h.h.t.HelmChartContainer - [test-hivemq-platform] [hivemq] [b3c39d15] # You can download security extensions from the HiveMQ Marketplace (https://www.hivemq.com/extensions/).       #
2025-01-27 17:07:28,215 INFO c.h.h.t.HelmChartContainer - [test-hivemq-platform] [hivemq] [b3c39d15] ################################################################################################################
2025-01-27 17:07:28,215 INFO c.h.h.t.HelmChartContainer - [test-hivemq-platform] [hivemq] [b3c39d15] INFO  - Extension "Allow All Extension" version 1.1.0 started successfully.
2025-01-27 17:07:29,452 INFO c.h.h.t.HelmChartContainer - [hivemq-test-hivemq-platform] [hivemq-platform-operator] [26a5ed22] 17:07:29.449 [pool-6-thread-47] DEBUG c.h.p.o.d.PlatformServiceResource - [helminit] Desired Platform services (3 services)
2025-01-27 17:07:29,452 INFO c.h.h.t.HelmChartContainer - [hivemq-test-hivemq-platform] [hivemq-platform-operator] [26a5ed22] 17:07:29.449 [pool-6-thread-48] DEBUG c.h.p.o.dependants.PodInfoConfigMap - [helminit] Desired PodInfo ConfigMap (1 extensions) (1 enabled)
2025-01-27 17:07:29,452 INFO c.h.h.t.HelmChartContainer - [hivemq-test-hivemq-platform] [hivemq-platform-operator] [26a5ed22] 17:07:29.450 [pool-6-thread-48] DEBUG c.h.p.o.dependants.PodInfoConfigMap - [helminit] Desired PodInfo ConfigMap (metrics port: 9399) (metrics path: /)
2025-01-27 17:07:29,452 INFO c.h.h.t.HelmChartContainer - [hivemq-test-hivemq-platform] [hivemq-platform-operator] [26a5ed22] 17:07:29.450 [pool-6-thread-48] DEBUG c.h.p.o.dependants.PodInfoConfigMap - [helminit] Desired PodInfo ConfigMap (extension state hash: -1817474005)
2025-01-27 17:07:29,452 INFO c.h.h.t.HelmChartContainer - [hivemq-test-hivemq-platform] [hivemq-platform-operator] [26a5ed22] 17:07:29.450 [pool-6-thread-42] DEBUG c.h.p.o.d.PodServiceAccountResource - [helminit] Desired PodServiceAccountResource (serviceAccountName: hivemq-platform-pod-test-hivemq-platform)
2025-01-27 17:07:29,457 INFO c.h.h.t.HelmChartContainer - [hivemq-test-hivemq-platform] [hivemq-platform-operator] [26a5ed22] 17:07:29.456 [pool-6-thread-47] DEBUG c.h.p.o.d.StatefulSetResource - [helminit] Desired StatefulSet (1 replicas) for status STARTING (READY)
2025-01-27 17:07:29,464 INFO c.h.h.t.HelmChartContainer - [hivemq-test-hivemq-platform] [hivemq-platform-operator] [26a5ed22] 17:07:29.462 [ReconcilerExecutor-hivemq-controller-113] INFO  c.h.p.o.HiveMQPlatformReconciler - [helminit] Reconciling HiveMQ Platform 'test-hivemq-platform' in namespace 'helminitcontainerit'
2025-01-27 17:07:29,464 INFO c.h.h.t.HelmChartContainer - [hivemq-test-hivemq-platform] [hivemq-platform-operator] [26a5ed22] 17:07:29.462 [ReconcilerExecutor-hivemq-controller-113] DEBUG c.h.p.o.HiveMQPlatformReconciler - [helminit] Custom Resource Status STARTING - HiveMQ Platform is starting (READY)
2025-01-27 17:07:29,464 INFO c.h.h.t.HelmChartContainer - [hivemq-test-hivemq-platform] [hivemq-platform-operator] [26a5ed22] 17:07:29.462 [ReconcilerExecutor-hivemq-controller-113] DEBUG c.h.p.o.HiveMQPlatformReconciler - [helminit] Custom Resource Spec (replicas: 1) (extensions: 1)
2025-01-27 17:07:29,535 INFO c.h.h.t.HelmChartContainer - [hivemq-test-hivemq-platform] [hivemq-platform-operator] [26a5ed22] 17:07:29.533 [ReconcilerExecutor-hivemq-controller-113] DEBUG c.h.p.o.HiveMQPlatformReconciler - [helminit] StatefulSet Status (revision: test-hivemq-platform-686454f84c, replicas: 1, available: 0, ready: 0, current: 1, updated: 1)
2025-01-27 17:07:29,535 INFO c.h.h.t.HelmChartContainer - [hivemq-test-hivemq-platform] [hivemq-platform-operator] [26a5ed22] 17:07:29.533 [ReconcilerExecutor-hivemq-controller-113] DEBUG c.h.p.o.HiveMQPlatformReconciler - [helminit] StatefulSet Spec (replicas: 1, init containers: 2, containers: 1, volumes: 4)
2025-01-27 17:07:29,537 INFO c.h.h.t.HelmChartContainer - [hivemq-test-hivemq-platform] [hivemq-platform-operator] [26a5ed22] 17:07:29.536 [ReconcilerExecutor-hivemq-controller-113] DEBUG c.h.p.o.h.HiveMQPlatformReconcilerErrorHandler - [helminit] Pod 'test-hivemq-platform-0' phase Running
2025-01-27 17:07:29,538 INFO c.h.h.t.HelmChartContainer - [hivemq-test-hivemq-platform] [hivemq-platform-operator] [26a5ed22] 17:07:29.537 [ReconcilerExecutor-hivemq-controller-113] INFO  c.h.p.o.h.HiveMQPlatformReconcilerBaseHandler - [helminit] HiveMQ Platform is starting, 0 of 1 replicas are ready
2025-01-27 17:07:29,903 INFO c.h.h.t.HelmChartContainer - [test-hivemq-platform] [hivemq] [b3c39d15] INFO  - [HiveMQ Platform Operator Init App 1.7.0-SNAPSHOT] Returning Health API response 503 for readiness
2025-01-27 17:07:29,908 INFO c.h.h.t.HelmChartContainer - [EVENT] Warning [Unhealthy] Readiness probe failed: HTTP probe failed with statuscode: 503 [helminitcontainerit:test-hivemq-platform-0]
2025-01-27 17:07:29,908 INFO c.h.h.t.HelmChartContainer - Received Unhealthy event for container hivemq in pod test-hivemq-platform-0 [b3c39d15-3c23-43f9-8cdd-726a25639139]
2025-01-27 17:07:30,301 INFO c.h.h.t.HelmChartContainer - [test-hivemq-platform] [hivemq] [b3c39d15] INFO  - MBxyq: no members discovered after 2498 ms: creating cluster as first member
2025-01-27 17:07:30,308 INFO c.h.h.t.HelmChartContainer - [test-hivemq-platform] [hivemq] [b3c39d15] INFO  - Cluster nodes found by discovery: [MBxyq|0] (1) [MBxyq].
2025-01-27 17:07:30,327 INFO c.h.h.t.HelmChartContainer - [test-hivemq-platform] [hivemq] [b3c39d15] INFO  - No user for HiveMQ Control Center configured. Starting with default user
2025-01-27 17:07:30,328 INFO c.h.h.t.HelmChartContainer - [test-hivemq-platform] [hivemq] [b3c39d15] INFO  - Starting HiveMQ Control Center on address 0.0.0.0 and port 8080
2025-01-27 17:07:30,402 INFO c.h.h.t.HelmChartContainer - [test-hivemq-platform] [hivemq] [b3c39d15] INFO  - Mounting HiveMQ Control Center V2 Preview
2025-01-27 17:07:31,012 INFO c.h.h.t.HelmChartContainer - [test-hivemq-platform] [hivemq] [b3c39d15] INFO  - Started HiveMQ Control Center in 683ms
2025-01-27 17:07:31,104 INFO c.h.h.t.HelmChartContainer - [test-hivemq-platform] [hivemq] [b3c39d15] INFO  - Starting TCP listener on address 0.0.0.0 and port 1883
2025-01-27 17:07:31,117 INFO c.h.h.t.HelmChartContainer - [test-hivemq-platform] [hivemq] [b3c39d15] INFO  - Started TCP Listener on address 0.0.0.0 and on port 1883.
2025-01-27 17:07:31,118 INFO c.h.h.t.HelmChartContainer - [test-hivemq-platform] [hivemq] [b3c39d15] INFO  - Started HiveMQ in 31304ms
2025-01-27 17:07:34,326 INFO c.h.h.t.HelmChartContainer - [test-hivemq-platform] [hivemq] [b3c39d15] INFO  - [HiveMQ Platform Operator Init App 1.7.0-SNAPSHOT] Returning Health API response 200 for readiness
2025-01-27 17:07:34,339 INFO c.h.h.t.HelmChartContainer - [POD] test-hivemq-platform-0 [b3c39d15-3c23-43f9-8cdd-726a25639139] in helminitcontainerit was MODIFIED
2025-01-27 17:07:34,353 INFO c.h.h.t.HelmChartContainer - [hivemq-test-hivemq-platform] [hivemq-platform-operator] [26a5ed22] 17:07:34.348 [pool-6-thread-1] DEBUG c.h.p.o.d.PlatformServiceResource - [helminit] Desired Platform services (3 services)
2025-01-27 17:07:34,359 INFO c.h.h.t.HelmChartContainer - [hivemq-test-hivemq-platform] [hivemq-platform-operator] [26a5ed22] 17:07:34.350 [pool-6-thread-7] DEBUG c.h.p.o.d.PodServiceAccountResource - [helminit] Desired PodServiceAccountResource (serviceAccountName: hivemq-platform-pod-test-hivemq-platform)
2025-01-27 17:07:34,360 INFO c.h.h.t.HelmChartContainer - [hivemq-test-hivemq-platform] [hivemq-platform-operator] [26a5ed22] 17:07:34.354 [pool-6-thread-2] DEBUG c.h.p.o.dependants.PodInfoConfigMap - [helminit] Desired PodInfo ConfigMap (1 extensions) (1 enabled)
2025-01-27 17:07:34,360 INFO c.h.h.t.HelmChartContainer - [hivemq-test-hivemq-platform] [hivemq-platform-operator] [26a5ed22] 17:07:34.359 [pool-6-thread-2] DEBUG c.h.p.o.dependants.PodInfoConfigMap - [helminit] Desired PodInfo ConfigMap (metrics port: 9399) (metrics path: /)
2025-01-27 17:07:34,364 INFO c.h.h.t.HelmChartContainer - [hivemq-test-hivemq-platform] [hivemq-platform-operator] [26a5ed22] 17:07:34.360 [pool-6-thread-2] DEBUG c.h.p.o.dependants.PodInfoConfigMap - [helminit] Desired PodInfo ConfigMap (extension state hash: -1817474005)
2025-01-27 17:07:34,437 INFO c.h.h.t.HelmChartContainer - [hivemq-test-hivemq-platform] [hivemq-platform-operator] [26a5ed22] 17:07:34.435 [pool-6-thread-5] DEBUG c.h.p.o.d.StatefulSetResource - [helminit] Desired StatefulSet (1 replicas) for status STARTING (READY)
2025-01-27 17:07:34,441 INFO c.h.h.t.HelmChartContainer - [hivemq-test-hivemq-platform] [hivemq-platform-operator] [26a5ed22] 17:07:34.440 [ReconcilerExecutor-hivemq-controller-114] INFO  c.h.p.o.HiveMQPlatformReconciler - [helminit] Reconciling HiveMQ Platform 'test-hivemq-platform' in namespace 'helminitcontainerit'
2025-01-27 17:07:34,442 INFO c.h.h.t.HelmChartContainer - [hivemq-test-hivemq-platform] [hivemq-platform-operator] [26a5ed22] 17:07:34.440 [ReconcilerExecutor-hivemq-controller-114] DEBUG c.h.p.o.HiveMQPlatformReconciler - [helminit] Custom Resource Status STARTING - HiveMQ Platform is starting (READY)
2025-01-27 17:07:34,442 INFO c.h.h.t.HelmChartContainer - [hivemq-test-hivemq-platform] [hivemq-platform-operator] [26a5ed22] 17:07:34.440 [ReconcilerExecutor-hivemq-controller-114] DEBUG c.h.p.o.HiveMQPlatformReconciler - [helminit] Custom Resource Spec (replicas: 1) (extensions: 1)
2025-01-27 17:07:34,443 INFO c.h.h.t.HelmChartContainer - [hivemq-test-hivemq-platform] [hivemq-platform-operator] [26a5ed22] 17:07:34.442 [ReconcilerExecutor-hivemq-controller-114] DEBUG c.h.p.o.HiveMQPlatformReconciler - [helminit] StatefulSet Status (revision: test-hivemq-platform-686454f84c, replicas: 1, available: 1, ready: 1, current: 1, updated: 1)
2025-01-27 17:07:34,444 INFO c.h.h.t.HelmChartContainer - [hivemq-test-hivemq-platform] [hivemq-platform-operator] [26a5ed22] 17:07:34.442 [ReconcilerExecutor-hivemq-controller-114] DEBUG c.h.p.o.HiveMQPlatformReconciler - [helminit] StatefulSet Spec (replicas: 1, init containers: 2, containers: 1, volumes: 4)
2025-01-27 17:07:34,445 INFO c.h.h.t.HelmChartContainer - [hivemq-test-hivemq-platform] [hivemq-platform-operator] [26a5ed22] 17:07:34.443 [ReconcilerExecutor-hivemq-controller-114] DEBUG c.h.p.o.h.HiveMQPlatformReconcilerErrorHandler - [helminit] Pod 'test-hivemq-platform-0' phase Running
2025-01-27 17:07:34,446 INFO c.h.h.t.HelmChartContainer - [hivemq-test-hivemq-platform] [hivemq-platform-operator] [26a5ed22] 17:07:34.444 [ReconcilerExecutor-hivemq-controller-114] INFO  c.h.p.o.h.HiveMQPlatformReconcilerBaseHandler - [helminit] HiveMQ Platform started successfully
2025-01-27 17:07:34,540 INFO c.h.h.t.HelmChartContainer - [hivemq-test-hivemq-platform] [hivemq-platform-operator] [26a5ed22] 17:07:34.538 [ReconcilerExecutor-hivemq-controller-114] DEBUG c.h.p.operator.event.EventSender - [helminit] Creating K8s event hivemq-platform-ready: [Ready] HiveMQ Platform is ready
2025-01-27 17:07:34,545 INFO c.h.h.t.HelmChartContainer - [EVENT] Normal [Ready] HiveMQ Platform is ready [helminitcontainerit:test-hivemq-platform]
2025-01-27 17:07:34,547 INFO c.h.h.t.HelmChartContainer - [hivemq-test-hivemq-platform] [hivemq-platform-operator] [26a5ed22] 17:07:34.544 [ReconcilerExecutor-hivemq-controller-114] INFO  c.h.p.o.h.AbstractHiveMQReconcilerStateHandler - [helminit] Update HiveMQ Platform Status (STARTING [READY] -> RUNNING [READY]): HiveMQ Platform is ready
2025-01-27 17:07:34,554 DEBUG com.hivemq.helmcharts.util.K8sUtil - Comparing actual state 'RUNNING' and waiting for 'RUNNING'
2025-01-27 17:07:34,638 INFO c.h.h.t.HelmChartContainer - [hivemq-test-hivemq-platform] [hivemq-platform-operator] [26a5ed22] 17:07:34.636 [pool-6-thread-19] DEBUG c.h.p.o.d.PodServiceAccountResource - [helminit] Desired PodServiceAccountResource (serviceAccountName: hivemq-platform-pod-test-hivemq-platform)
2025-01-27 17:07:34,640 INFO c.h.h.t.HelmChartContainer - [hivemq-test-hivemq-platform] [hivemq-platform-operator] [26a5ed22] 17:07:34.636 [pool-6-thread-16] DEBUG c.h.p.o.d.PlatformServiceResource - [helminit] Desired Platform services (3 services)
2025-01-27 17:07:34,640 INFO c.h.h.t.HelmChartContainer - [hivemq-test-hivemq-platform] [hivemq-platform-operator] [26a5ed22] 17:07:34.637 [pool-6-thread-15] DEBUG c.h.p.o.dependants.PodInfoConfigMap - [helminit] Desired PodInfo ConfigMap (1 extensions) (1 enabled)
2025-01-27 17:07:34,640 INFO c.h.h.t.HelmChartContainer - [hivemq-test-hivemq-platform] [hivemq-platform-operator] [26a5ed22] 17:07:34.637 [pool-6-thread-15] DEBUG c.h.p.o.dependants.PodInfoConfigMap - [helminit] Desired PodInfo ConfigMap (metrics port: 9399) (metrics path: /)
2025-01-27 17:07:34,640 INFO c.h.h.t.HelmChartContainer - [hivemq-test-hivemq-platform] [hivemq-platform-operator] [26a5ed22] 17:07:34.637 [pool-6-thread-15] DEBUG c.h.p.o.dependants.PodInfoConfigMap - [helminit] Desired PodInfo ConfigMap (extension state hash: -1817474005)
2025-01-27 17:07:34,640 INFO c.h.h.t.HelmChartContainer - [hivemq-test-hivemq-platform] [hivemq-platform-operator] [26a5ed22] 17:07:34.638 [pool-6-thread-15] DEBUG c.h.p.o.dependants.PodInfoConfigMap - [helminit] Update PodInfo ConfigMap
2025-01-27 17:07:34,650 INFO c.h.h.t.HelmChartContainer - [hivemq-test-hivemq-platform] [hivemq-platform-operator] [26a5ed22] 17:07:34.649 [pool-6-thread-15] DEBUG c.h.p.o.d.StatefulSetResource - [helminit] Desired StatefulSet (1 replicas) for status RUNNING (READY)
2025-01-27 17:07:34,736 INFO c.h.h.t.HelmChartContainer - [hivemq-test-hivemq-platform] [hivemq-platform-operator] [26a5ed22] 17:07:34.734 [ReconcilerExecutor-hivemq-controller-115] INFO  c.h.p.o.HiveMQPlatformReconciler - [helminit] Reconciling HiveMQ Platform 'test-hivemq-platform' in namespace 'helminitcontainerit'
2025-01-27 17:07:34,736 INFO c.h.h.t.HelmChartContainer - [hivemq-test-hivemq-platform] [hivemq-platform-operator] [26a5ed22] 17:07:34.734 [ReconcilerExecutor-hivemq-controller-115] DEBUG c.h.p.o.HiveMQPlatformReconciler - [helminit] Custom Resource Status RUNNING - HiveMQ Platform is ready (READY)
2025-01-27 17:07:34,736 INFO c.h.h.t.HelmChartContainer - [hivemq-test-hivemq-platform] [hivemq-platform-operator] [26a5ed22] 17:07:34.734 [ReconcilerExecutor-hivemq-controller-115] DEBUG c.h.p.o.HiveMQPlatformReconciler - [helminit] Custom Resource Spec (replicas: 1) (extensions: 1)
2025-01-27 17:07:34,737 INFO c.h.h.t.HelmChartContainer - [hivemq-test-hivemq-platform] [hivemq-platform-operator] [26a5ed22] 17:07:34.736 [ReconcilerExecutor-hivemq-controller-115] DEBUG c.h.p.o.HiveMQPlatformReconciler - [helminit] StatefulSet Status (revision: test-hivemq-platform-686454f84c, replicas: 1, available: 1, ready: 1, current: 1, updated: 1)
2025-01-27 17:07:34,738 INFO c.h.h.t.HelmChartContainer - [hivemq-test-hivemq-platform] [hivemq-platform-operator] [26a5ed22] 17:07:34.736 [ReconcilerExecutor-hivemq-controller-115] DEBUG c.h.p.o.HiveMQPlatformReconciler - [helminit] StatefulSet Spec (replicas: 1, init containers: 2, containers: 1, volumes: 4)
2025-01-27 17:07:34,739 INFO c.h.h.t.HelmChartContainer - [hivemq-test-hivemq-platform] [hivemq-platform-operator] [26a5ed22] 17:07:34.738 [ReconcilerExecutor-hivemq-controller-115] DEBUG c.h.p.o.h.HiveMQPlatformReconcilerErrorHandler - [helminit] Pod 'test-hivemq-platform-0' phase Running
2025-01-27 17:07:38,669 INFO c.h.h.t.HelmChartContainer - Uninstalling release 'test-hivemq-platform' in namespace 'helminitcontainerit'...
2025-01-27 17:07:38,669 DEBUG c.h.h.t.HelmChartContainer - Executing helm command: /bin/helm --kubeconfig /etc/rancher/k3s/k3s.yaml uninstall test-hivemq-platform  --wait --timeout 5m0s --cascade foreground --namespace helminitcontainerit
2025-01-27 17:07:38,864 INFO c.h.h.t.HelmChartContainer - [hivemq-test-hivemq-platform] [hivemq-platform-operator] [26a5ed22] 17:07:38.858 [pool-6-thread-23] DEBUG c.h.p.o.d.PlatformServiceResource - [helminit] Desired Platform services (3 services)
2025-01-27 17:07:38,916 INFO c.h.h.t.HelmChartContainer - [hivemq-test-hivemq-platform] [hivemq-platform-operator] [26a5ed22] 17:07:38.915 [pool-6-thread-24] DEBUG c.h.p.o.dependants.PodInfoConfigMap - [helminit] Desired PodInfo ConfigMap (1 extensions) (1 enabled)
2025-01-27 17:07:38,916 INFO c.h.h.t.HelmChartContainer - [hivemq-test-hivemq-platform] [hivemq-platform-operator] [26a5ed22] 17:07:38.915 [pool-6-thread-24] DEBUG c.h.p.o.dependants.PodInfoConfigMap - [helminit] Desired PodInfo ConfigMap (metrics port: 9399) (metrics path: /)
2025-01-27 17:07:38,916 INFO c.h.h.t.HelmChartContainer - [hivemq-test-hivemq-platform] [hivemq-platform-operator] [26a5ed22] 17:07:38.915 [pool-6-thread-24] DEBUG c.h.p.o.dependants.PodInfoConfigMap - [helminit] Desired PodInfo ConfigMap (extension state hash: -1817474005)
2025-01-27 17:07:38,937 INFO c.h.h.t.HelmChartContainer - [hivemq-test-hivemq-platform] [hivemq-platform-operator] [26a5ed22] 17:07:38.935 [pool-6-thread-29] DEBUG c.h.p.o.d.PodServiceAccountResource - [helminit] Desired PodServiceAccountResource (serviceAccountName: hivemq-platform-pod-test-hivemq-platform)
2025-01-27 17:07:38,938 INFO c.h.h.t.HelmChartContainer - [hivemq-test-hivemq-platform] [hivemq-platform-operator] [26a5ed22] 17:07:38.938 [pool-6-thread-21] DEBUG c.h.p.o.d.StatefulSetResource - [helminit] Desired StatefulSet (1 replicas) for status RUNNING (READY)
2025-01-27 17:07:39,037 INFO c.h.h.t.HelmChartContainer - [hivemq-test-hivemq-platform] [hivemq-platform-operator] [26a5ed22] 17:07:39.033 [ReconcilerExecutor-hivemq-controller-116] INFO  c.h.p.o.HiveMQPlatformReconciler - [helminit] Reconciling HiveMQ Platform 'test-hivemq-platform' in namespace 'helminitcontainerit'
2025-01-27 17:07:39,037 INFO c.h.h.t.HelmChartContainer - [hivemq-test-hivemq-platform] [hivemq-platform-operator] [26a5ed22] 17:07:39.033 [ReconcilerExecutor-hivemq-controller-116] DEBUG c.h.p.o.HiveMQPlatformReconciler - [helminit] Custom Resource Status RUNNING - HiveMQ Platform is ready (READY)
2025-01-27 17:07:39,037 INFO c.h.h.t.HelmChartContainer - [hivemq-test-hivemq-platform] [hivemq-platform-operator] [26a5ed22] 17:07:39.033 [ReconcilerExecutor-hivemq-controller-116] DEBUG c.h.p.o.HiveMQPlatformReconciler - [helminit] Custom Resource Spec (replicas: 1) (extensions: 1)
2025-01-27 17:07:39,037 INFO c.h.h.t.HelmChartContainer - [hivemq-test-hivemq-platform] [hivemq-platform-operator] [26a5ed22] 17:07:39.034 [ReconcilerExecutor-hivemq-controller-116] WARN  c.h.p.o.h.HiveMQPlatformReconcilerErrorHandler - [helminit] Could not find ConfigMap 'hivemq-configuration-test-hivemq-platform' for HiveMQ Platform configuration
2025-01-27 17:07:39,051 INFO c.h.h.t.HelmChartContainer - [hivemq-test-hivemq-platform] [hivemq-platform-operator] [26a5ed22] 17:07:39.050 [ReconcilerExecutor-hivemq-controller-116] DEBUG c.h.p.operator.event.EventSender - [helminit] Creating K8s event hivemq-platform-invalid-configuration: [Start] Could not find ConfigMap 'hivemq-configuration-test-hivemq-platform' for HiveMQ Platform configuration
2025-01-27 17:07:39,055 INFO c.h.h.t.HelmChartContainer - [EVENT] Warning [Start] Could not find ConfigMap 'hivemq-configuration-test-hivemq-platform' for HiveMQ Platform configuration [helminitcontainerit:test-hivemq-platform]
2025-01-27 17:07:39,057 INFO c.h.h.t.HelmChartContainer - [hivemq-test-hivemq-platform] [hivemq-platform-operator] [26a5ed22] 17:07:39.056 [ReconcilerExecutor-hivemq-controller-116] INFO  c.h.p.o.h.AbstractHiveMQReconcilerStateHandler - [helminit] Update HiveMQ Platform Status (RUNNING [READY] -> ERROR [INVALID_CONFIG_MAP]): Could not find ConfigMap 'hivemq-configuration-test-hivemq-platform' for HiveMQ Platform configuration
2025-01-27 17:07:39,146 INFO c.h.h.t.HelmChartContainer - [hivemq-test-hivemq-platform] [hivemq-platform-operator] [26a5ed22] 17:07:39.141 [ReconcilerExecutor-hivemq-controller-116] ERROR i.j.o.p.event.EventProcessor - Error during event processing ExecutionScope{ resource id: ResourceID{name='test-hivemq-platform', namespace='helminitcontainerit'}, version: 880}
2025-01-27 17:07:39,146 INFO c.h.h.t.HelmChartContainer - [hivemq-test-hivemq-platform] [hivemq-platform-operator] [26a5ed22] io.fabric8.kubernetes.client.KubernetesClientException: Failure executing: PUT at: https://10.43.0.1:443/apis/hivemq.com/v1/namespaces/helminitcontainerit/hivemq-platforms/test-hivemq-platform/status. Message: Operation cannot be fulfilled on hivemq-platforms.hivemq.com "test-hivemq-platform": the object has been modified; please apply your changes to the latest version and try again. Received status: Status(apiVersion=v1, code=409, details=StatusDetails(causes=[], group=hivemq.com, kind=hivemq-platforms, name=test-hivemq-platform, retryAfterSeconds=null, uid=null, additionalProperties={}), kind=Status, message=Operation cannot be fulfilled on hivemq-platforms.hivemq.com "test-hivemq-platform": the object has been modified; please apply your changes to the latest version and try again, metadata=ListMeta(_continue=null, remainingItemCount=null, resourceVersion=null, selfLink=null, additionalProperties={}), reason=Conflict, status=Failure, additionalProperties={}).
2025-01-27 17:07:39,146 INFO c.h.h.t.HelmChartContainer - [hivemq-test-hivemq-platform] [hivemq-platform-operator] [26a5ed22] 	at io.fabric8.kubernetes.client.KubernetesClientException.copyAsCause(KubernetesClientException.java:238)
2025-01-27 17:07:39,146 INFO c.h.h.t.HelmChartContainer - [hivemq-test-hivemq-platform] [hivemq-platform-operator] [26a5ed22] 	at io.fabric8.kubernetes.client.dsl.internal.OperationSupport.waitForResult(OperationSupport.java:507)
2025-01-27 17:07:39,146 INFO c.h.h.t.HelmChartContainer - [hivemq-test-hivemq-platform] [hivemq-platform-operator] [26a5ed22] 	at io.fabric8.kubernetes.client.dsl.internal.OperationSupport.handleResponse(OperationSupport.java:524)
2025-01-27 17:07:39,146 INFO c.h.h.t.HelmChartContainer - [hivemq-test-hivemq-platform] [hivemq-platform-operator] [26a5ed22] 	at io.fabric8.kubernetes.client.dsl.internal.OperationSupport.handleUpdate(OperationSupport.java:358)
2025-01-27 17:07:39,146 INFO c.h.h.t.HelmChartContainer - [hivemq-test-hivemq-platform] [hivemq-platform-operator] [26a5ed22] 	at io.fabric8.kubernetes.client.dsl.internal.BaseOperation.handleUpdate(BaseOperation.java:759)
2025-01-27 17:07:39,146 INFO c.h.h.t.HelmChartContainer - [hivemq-test-hivemq-platform] [hivemq-platform-operator] [26a5ed22] 	at io.fabric8.kubernetes.client.dsl.internal.HasMetadataOperation.update(HasMetadataOperation.java:138)
2025-01-27 17:07:39,146 INFO c.h.h.t.HelmChartContainer - [hivemq-test-hivemq-platform] [hivemq-platform-operator] [26a5ed22] 	at io.fabric8.kubernetes.client.dsl.internal.HasMetadataOperation.update(HasMetadataOperation.java:121)
2025-01-27 17:07:39,146 INFO c.h.h.t.HelmChartContainer - [hivemq-test-hivemq-platform] [hivemq-platform-operator] [26a5ed22] 	at io.fabric8.kubernetes.client.dsl.internal.HasMetadataOperation.updateStatus(HasMetadataOperation.java:126)
2025-01-27 17:07:39,146 INFO c.h.h.t.HelmChartContainer - [hivemq-test-hivemq-platform] [hivemq-platform-operator] [26a5ed22] 	at io.fabric8.kubernetes.client.dsl.internal.HasMetadataOperation.updateStatus(HasMetadataOperation.java:44)
2025-01-27 17:07:39,146 INFO c.h.h.t.HelmChartContainer - [hivemq-test-hivemq-platform] [hivemq-platform-operator] [26a5ed22] 	at io.javaoperatorsdk.operator.processing.event.ReconciliationDispatcher$CustomResourceFacade.updateStatus(ReconciliationDispatcher.java:408)
2025-01-27 17:07:39,146 INFO c.h.h.t.HelmChartContainer - [hivemq-test-hivemq-platform] [hivemq-platform-operator] [26a5ed22] 	at io.javaoperatorsdk.operator.processing.event.ReconciliationDispatcher.updateStatusGenerationAware(ReconciliationDispatcher.java:228)
2025-01-27 17:07:39,146 INFO c.h.h.t.HelmChartContainer - [hivemq-test-hivemq-platform] [hivemq-platform-operator] [26a5ed22] 	at io.javaoperatorsdk.operator.processing.event.ReconciliationDispatcher.reconcileExecution(ReconciliationDispatcher.java:150)
2025-01-27 17:07:39,146 INFO c.h.h.t.HelmChartContainer - [hivemq-test-hivemq-platform] [hivemq-platform-operator] [26a5ed22] 	at io.javaoperatorsdk.operator.processing.event.ReconciliationDispatcher.handleReconcile(ReconciliationDispatcher.java:117)
2025-01-27 17:07:39,146 INFO c.h.h.t.HelmChartContainer - [hivemq-test-hivemq-platform] [hivemq-platform-operator] [26a5ed22] 	at io.javaoperatorsdk.operator.processing.event.ReconciliationDispatcher.handleDispatch(ReconciliationDispatcher.java:91)
2025-01-27 17:07:39,146 INFO c.h.h.t.HelmChartContainer - [hivemq-test-hivemq-platform] [hivemq-platform-operator] [26a5ed22] 	at io.javaoperatorsdk.operator.processing.event.ReconciliationDispatcher.handleExecution(ReconciliationDispatcher.java:64)
2025-01-27 17:07:39,146 INFO c.h.h.t.HelmChartContainer - [hivemq-test-hivemq-platform] [hivemq-platform-operator] [26a5ed22] 	at io.javaoperatorsdk.operator.processing.event.EventProcessor$ReconcilerExecutor.run(EventProcessor.java:452)
2025-01-27 17:07:39,146 INFO c.h.h.t.HelmChartContainer - [hivemq-test-hivemq-platform] [hivemq-platform-operator] [26a5ed22] 	at java.base/java.util.concurrent.ThreadPoolExecutor.runWorker(Unknown Source)
2025-01-27 17:07:39,146 INFO c.h.h.t.HelmChartContainer - [hivemq-test-hivemq-platform] [hivemq-platform-operator] [26a5ed22] 	at java.base/java.util.concurrent.ThreadPoolExecutor$Worker.run(Unknown Source)
2025-01-27 17:07:39,146 INFO c.h.h.t.HelmChartContainer - [hivemq-test-hivemq-platform] [hivemq-platform-operator] [26a5ed22] 	at java.base/java.lang.Thread.run(Unknown Source)
2025-01-27 17:07:39,146 INFO c.h.h.t.HelmChartContainer - [hivemq-test-hivemq-platform] [hivemq-platform-operator] [26a5ed22] Caused by: io.fabric8.kubernetes.client.KubernetesClientException: Failure executing: PUT at: https://10.43.0.1:443/apis/hivemq.com/v1/namespaces/helminitcontainerit/hivemq-platforms/test-hivemq-platform/status. Message: Operation cannot be fulfilled on hivemq-platforms.hivemq.com "test-hivemq-platform": the object has been modified; please apply your changes to the latest version and try again. Received status: Status(apiVersion=v1, code=409, details=StatusDetails(causes=[], group=hivemq.com, kind=hivemq-platforms, name=test-hivemq-platform, retryAfterSeconds=null, uid=null, additionalProperties={}), kind=Status, message=Operation cannot be fulfilled on hivemq-platforms.hivemq.com "test-hivemq-platform": the object has been modified; please apply your changes to the latest version and try again, metadata=ListMeta(_continue=null, remainingItemCount=null, resourceVersion=null, selfLink=null, additionalProperties={}), reason=Conflict, status=Failure, additionalProperties={}).
2025-01-27 17:07:39,146 INFO c.h.h.t.HelmChartContainer - [hivemq-test-hivemq-platform] [hivemq-platform-operator] [26a5ed22] 	at io.fabric8.kubernetes.client.dsl.internal.OperationSupport.requestFailure(OperationSupport.java:660)
2025-01-27 17:07:39,146 INFO c.h.h.t.HelmChartContainer - [hivemq-test-hivemq-platform] [hivemq-platform-operator] [26a5ed22] 	at io.fabric8.kubernetes.client.dsl.internal.OperationSupport.requestFailure(OperationSupport.java:640)
2025-01-27 17:07:39,146 INFO c.h.h.t.HelmChartContainer - [hivemq-test-hivemq-platform] [hivemq-platform-operator] [26a5ed22] 	at io.fabric8.kubernetes.client.dsl.internal.OperationSupport.assertResponseCode(OperationSupport.java:589)
2025-01-27 17:07:39,146 INFO c.h.h.t.HelmChartContainer - [hivemq-test-hivemq-platform] [hivemq-platform-operator] [26a5ed22] 	at io.fabric8.kubernetes.client.dsl.internal.OperationSupport.lambda$handleResponse$0(OperationSupport.java:549)
2025-01-27 17:07:39,146 INFO c.h.h.t.HelmChartContainer - [hivemq-test-hivemq-platform] [hivemq-platform-operator] [26a5ed22] 	at java.base/java.util.concurrent.CompletableFuture$UniApply.tryFire(Unknown Source)
2025-01-27 17:07:39,146 INFO c.h.h.t.HelmChartContainer - [hivemq-test-hivemq-platform] [hivemq-platform-operator] [26a5ed22] 	at java.base/java.util.concurrent.CompletableFuture.postComplete(Unknown Source)
2025-01-27 17:07:39,146 INFO c.h.h.t.HelmChartContainer - [hivemq-test-hivemq-platform] [hivemq-platform-operator] [26a5ed22] 	at java.base/java.util.concurrent.CompletableFuture.complete(Unknown Source)
2025-01-27 17:07:39,146 INFO c.h.h.t.HelmChartContainer - [hivemq-test-hivemq-platform] [hivemq-platform-operator] [26a5ed22] 	at io.fabric8.kubernetes.client.http.StandardHttpClient.lambda$completeOrCancel$10(StandardHttpClient.java:141)
2025-01-27 17:07:39,146 INFO c.h.h.t.HelmChartContainer - [hivemq-test-hivemq-platform] [hivemq-platform-operator] [26a5ed22] 	at java.base/java.util.concurrent.CompletableFuture.uniWhenComplete(Unknown Source)
2025-01-27 17:07:39,146 INFO c.h.h.t.HelmChartContainer - [hivemq-test-hivemq-platform] [hivemq-platform-operator] [26a5ed22] 	at java.base/java.util.concurrent.CompletableFuture$UniWhenComplete.tryFire(Unknown Source)
2025-01-27 17:07:39,146 INFO c.h.h.t.HelmChartContainer - [hivemq-test-hivemq-platform] [hivemq-platform-operator] [26a5ed22] 	at java.base/java.util.concurrent.CompletableFuture.postComplete(Unknown Source)
2025-01-27 17:07:39,146 INFO c.h.h.t.HelmChartContainer - [hivemq-test-hivemq-platform] [hivemq-platform-operator] [26a5ed22] 	at java.base/java.util.concurrent.CompletableFuture.complete(Unknown Source)
2025-01-27 17:07:39,146 INFO c.h.h.t.HelmChartContainer - [hivemq-test-hivemq-platform] [hivemq-platform-operator] [26a5ed22] 	at io.fabric8.kubernetes.client.http.ByteArrayBodyHandler.onBodyDone(ByteArrayBodyHandler.java:51)
2025-01-27 17:07:39,146 INFO c.h.h.t.HelmChartContainer - [hivemq-test-hivemq-platform] [hivemq-platform-operator] [26a5ed22] 	at java.base/java.util.concurrent.CompletableFuture.uniWhenComplete(Unknown Source)
2025-01-27 17:07:39,146 INFO c.h.h.t.HelmChartContainer - [hivemq-test-hivemq-platform] [hivemq-platform-operator] [26a5ed22] 	at java.base/java.util.concurrent.CompletableFuture$UniWhenComplete.tryFire(Unknown Source)
2025-01-27 17:07:39,146 INFO c.h.h.t.HelmChartContainer - [hivemq-test-hivemq-platform] [hivemq-platform-operator] [26a5ed22] 	at java.base/java.util.concurrent.CompletableFuture.postComplete(Unknown Source)
2025-01-27 17:07:39,146 INFO c.h.h.t.HelmChartContainer - [hivemq-test-hivemq-platform] [hivemq-platform-operator] [26a5ed22] 	at java.base/java.util.concurrent.CompletableFuture.complete(Unknown Source)
2025-01-27 17:07:39,146 INFO c.h.h.t.HelmChartContainer - [hivemq-test-hivemq-platform] [hivemq-platform-operator] [26a5ed22] 	at io.fabric8.kubernetes.client.vertx.VertxHttpRequest.lambda$null$1(VertxHttpRequest.java:121)
2025-01-27 17:07:39,146 INFO c.h.h.t.HelmChartContainer - [hivemq-test-hivemq-platform] [hivemq-platform-operator] [26a5ed22] 	at io.vertx.core.impl.ContextInternal.dispatch(ContextInternal.java:279)
2025-01-27 17:07:39,146 INFO c.h.h.t.HelmChartContainer - [hivemq-test-hivemq-platform] [hivemq-platform-operator] [26a5ed22] 	at io.vertx.core.impl.ContextInternal.dispatch(ContextInternal.java:261)
2025-01-27 17:07:39,146 INFO c.h.h.t.HelmChartContainer - [hivemq-test-hivemq-platform] [hivemq-platform-operator] [26a5ed22] 	at io.vertx.core.http.impl.HttpEventHandler.handleEnd(HttpEventHandler.java:76)
2025-01-27 17:07:39,146 INFO c.h.h.t.HelmChartContainer - [hivemq-test-hivemq-platform] [hivemq-platform-operator] [26a5ed22] 	at io.vertx.core.http.impl.HttpClientResponseImpl.handleEnd(HttpClientResponseImpl.java:250)
2025-01-27 17:07:39,146 INFO c.h.h.t.HelmChartContainer - [hivemq-test-hivemq-platform] [hivemq-platform-operator] [26a5ed22] 	at io.vertx.core.http.impl.Http1xClientConnection$StreamImpl.lambda$new$0(Http1xClientConnection.java:421)
2025-01-27 17:07:39,146 INFO c.h.h.t.HelmChartContainer - [hivemq-test-hivemq-platform] [hivemq-platform-operator] [26a5ed22] 	at io.vertx.core.streams.impl.InboundBuffer.handleEvent(InboundBuffer.java:279)
2025-01-27 17:07:39,146 INFO c.h.h.t.HelmChartContainer - [hivemq-test-hivemq-platform] [hivemq-platform-operator] [26a5ed22] 	at io.vertx.core.streams.impl.InboundBuffer.write(InboundBuffer.java:157)
2025-01-27 17:07:39,146 INFO c.h.h.t.HelmChartContainer - [hivemq-test-hivemq-platform] [hivemq-platform-operator] [26a5ed22] 	at io.vertx.core.http.impl.Http1xClientConnection$StreamImpl.handleEnd(Http1xClientConnection.java:709)
2025-01-27 17:07:39,146 INFO c.h.h.t.HelmChartContainer - [hivemq-test-hivemq-platform] [hivemq-platform-operator] [26a5ed22] 	at io.vertx.core.impl.ContextImpl.execute(ContextImpl.java:313)
2025-01-27 17:07:39,146 INFO c.h.h.t.HelmChartContainer - [hivemq-test-hivemq-platform] [hivemq-platform-operator] [26a5ed22] 	at io.vertx.core.impl.ContextImpl.execute(ContextImpl.java:293)
2025-01-27 17:07:39,149 INFO c.h.h.t.HelmChartContainer - [hivemq-test-hivemq-platform] [hivemq-platform-operator] [26a5ed22] 	at io.vertx.core.http.impl.Http1xClientConnection.handleResponseEnd(Http1xClientConnection.java:940)
2025-01-27 17:07:39,149 INFO c.h.h.t.HelmChartContainer - [hivemq-test-hivemq-platform] [hivemq-platform-operator] [26a5ed22] 	at io.vertx.core.http.impl.Http1xClientConnection.handleHttpMessage(Http1xClientConnection.java:810)
2025-01-27 17:07:39,149 INFO c.h.h.t.HelmChartContainer - [hivemq-test-hivemq-platform] [hivemq-platform-operator] [26a5ed22] 	at io.vertx.core.http.impl.Http1xClientConnection.handleMessage(Http1xClientConnection.java:774)
2025-01-27 17:07:39,149 INFO c.h.h.t.HelmChartContainer - [hivemq-test-hivemq-platform] [hivemq-platform-operator] [26a5ed22] 	at io.vertx.core.net.impl.ConnectionBase.read(ConnectionBase.java:159)
2025-01-27 17:07:39,149 INFO c.h.h.t.HelmChartContainer - [hivemq-test-hivemq-platform] [hivemq-platform-operator] [26a5ed22] 	at io.vertx.core.net.impl.VertxHandler.channelRead(VertxHandler.java:153)
2025-01-27 17:07:39,149 INFO c.h.h.t.HelmChartContainer - [hivemq-test-hivemq-platform] [hivemq-platform-operator] [26a5ed22] 	at io.netty.channel.AbstractChannelHandlerContext.invokeChannelRead(AbstractChannelHandlerContext.java:442)
2025-01-27 17:07:39,149 INFO c.h.h.t.HelmChartContainer - [hivemq-test-hivemq-platform] [hivemq-platform-operator] [26a5ed22] 	at io.netty.channel.AbstractChannelHandlerContext.invokeChannelRead(AbstractChannelHandlerContext.java:420)
2025-01-27 17:07:39,149 INFO c.h.h.t.HelmChartContainer - [hivemq-test-hivemq-platform] [hivemq-platform-operator] [26a5ed22] 	at io.netty.channel.AbstractChannelHandlerContext.fireChannelRead(AbstractChannelHandlerContext.java:412)
2025-01-27 17:07:39,150 INFO c.h.h.t.HelmChartContainer - [hivemq-test-hivemq-platform] [hivemq-platform-operator] [26a5ed22] 	at io.netty.channel.CombinedChannelDuplexHandler$DelegatingChannelHandlerContext.fireChannelRead(CombinedChannelDuplexHandler.java:436)
2025-01-27 17:07:39,150 INFO c.h.h.t.HelmChartContainer - [hivemq-test-hivemq-platform] [hivemq-platform-operator] [26a5ed22] 	at io.netty.handler.codec.ByteToMessageDecoder.fireChannelRead(ByteToMessageDecoder.java:346)
2025-01-27 17:07:39,150 INFO c.h.h.t.HelmChartContainer - [hivemq-test-hivemq-platform] [hivemq-platform-operator] [26a5ed22] 	at io.netty.handler.codec.ByteToMessageDecoder.channelRead(ByteToMessageDecoder.java:318)
2025-01-27 17:07:39,150 INFO c.h.h.t.HelmChartContainer - [hivemq-test-hivemq-platform] [hivemq-platform-operator] [26a5ed22] 	at io.netty.channel.CombinedChannelDuplexHandler.channelRead(CombinedChannelDuplexHandler.java:251)
2025-01-27 17:07:39,150 INFO c.h.h.t.HelmChartContainer - [hivemq-test-hivemq-platform] [hivemq-platform-operator] [26a5ed22] 	at io.netty.channel.AbstractChannelHandlerContext.invokeChannelRead(AbstractChannelHandlerContext.java:442)
2025-01-27 17:07:39,150 INFO c.h.h.t.HelmChartContainer - [hivemq-test-hivemq-platform] [hivemq-platform-operator] [26a5ed22] 	at io.netty.channel.AbstractChannelHandlerContext.invokeChannelRead(AbstractChannelHandlerContext.java:420)
2025-01-27 17:07:39,150 INFO c.h.h.t.HelmChartContainer - [hivemq-test-hivemq-platform] [hivemq-platform-operator] [26a5ed22] 	at io.netty.channel.AbstractChannelHandlerContext.fireChannelRead(AbstractChannelHandlerContext.java:412)
2025-01-27 17:07:39,150 INFO c.h.h.t.HelmChartContainer - [hivemq-test-hivemq-platform] [hivemq-platform-operator] [26a5ed22] 	at io.netty.handler.ssl.SslHandler.unwrap(SslHandler.java:1475)
2025-01-27 17:07:39,151 INFO c.h.h.t.HelmChartContainer - [hivemq-test-hivemq-platform] [hivemq-platform-operator] [26a5ed22] 	at io.netty.handler.ssl.SslHandler.decodeJdkCompatible(SslHandler.java:1338)
2025-01-27 17:07:39,151 INFO c.h.h.t.HelmChartContainer - [hivemq-test-hivemq-platform] [hivemq-platform-operator] [26a5ed22] 	at io.netty.handler.ssl.SslHandler.decode(SslHandler.java:1387)
2025-01-27 17:07:39,151 INFO c.h.h.t.HelmChartContainer - [hivemq-test-hivemq-platform] [hivemq-platform-operator] [26a5ed22] 	at io.netty.handler.codec.ByteToMessageDecoder.decodeRemovalReentryProtection(ByteToMessageDecoder.java:530)
2025-01-27 17:07:39,151 INFO c.h.h.t.HelmChartContainer - [hivemq-test-hivemq-platform] [hivemq-platform-operator] [26a5ed22] 	at io.netty.handler.codec.ByteToMessageDecoder.callDecode(ByteToMessageDecoder.java:469)
2025-01-27 17:07:39,151 INFO c.h.h.t.HelmChartContainer - [hivemq-test-hivemq-platform] [hivemq-platform-operator] [26a5ed22] 	at io.netty.handler.codec.ByteToMessageDecoder.channelRead(ByteToMessageDecoder.java:290)
2025-01-27 17:07:39,151 INFO c.h.h.t.HelmChartContainer - [hivemq-test-hivemq-platform] [hivemq-platform-operator] [26a5ed22] 	at io.netty.channel.AbstractChannelHandlerContext.invokeChannelRead(AbstractChannelHandlerContext.java:444)
2025-01-27 17:07:39,151 INFO c.h.h.t.HelmChartContainer - [hivemq-test-hivemq-platform] [hivemq-platform-operator] [26a5ed22] 	at io.netty.channel.AbstractChannelHandlerContext.invokeChannelRead(AbstractChannelHandlerContext.java:420)
2025-01-27 17:07:39,151 INFO c.h.h.t.HelmChartContainer - [hivemq-test-hivemq-platform] [hivemq-platform-operator] [26a5ed22] 	at io.netty.channel.AbstractChannelHandlerContext.fireChannelRead(AbstractChannelHandlerContext.java:412)
2025-01-27 17:07:39,151 INFO c.h.h.t.HelmChartContainer - [hivemq-test-hivemq-platform] [hivemq-platform-operator] [26a5ed22] 	at io.netty.channel.DefaultChannelPipeline$HeadContext.channelRead(DefaultChannelPipeline.java:1407)
2025-01-27 17:07:39,151 INFO c.h.h.t.HelmChartContainer - [hivemq-test-hivemq-platform] [hivemq-platform-operator] [26a5ed22] 	at io.netty.channel.AbstractChannelHandlerContext.invokeChannelRead(AbstractChannelHandlerContext.java:440)
2025-01-27 17:07:39,151 INFO c.h.h.t.HelmChartContainer - [hivemq-test-hivemq-platform] [hivemq-platform-operator] [26a5ed22] 	at io.netty.channel.AbstractChannelHandlerContext.invokeChannelRead(AbstractChannelHandlerContext.java:420)
2025-01-27 17:07:39,151 INFO c.h.h.t.HelmChartContainer - [hivemq-test-hivemq-platform] [hivemq-platform-operator] [26a5ed22] 	at io.netty.channel.DefaultChannelPipeline.fireChannelRead(DefaultChannelPipeline.java:918)
2025-01-27 17:07:39,151 INFO c.h.h.t.HelmChartContainer - [hivemq-test-hivemq-platform] [hivemq-platform-operator] [26a5ed22] 	at io.netty.channel.nio.AbstractNioByteChannel$NioByteUnsafe.read(AbstractNioByteChannel.java:166)
2025-01-27 17:07:39,151 INFO c.h.h.t.HelmChartContainer - [hivemq-test-hivemq-platform] [hivemq-platform-operator] [26a5ed22] 	at io.netty.channel.nio.NioEventLoop.processSelectedKey(NioEventLoop.java:788)
2025-01-27 17:07:39,151 INFO c.h.h.t.HelmChartContainer - [hivemq-test-hivemq-platform] [hivemq-platform-operator] [26a5ed22] 	at io.netty.channel.nio.NioEventLoop.processSelectedKeysOptimized(NioEventLoop.java:724)
2025-01-27 17:07:39,151 INFO c.h.h.t.HelmChartContainer - [hivemq-test-hivemq-platform] [hivemq-platform-operator] [26a5ed22] 	at io.netty.channel.nio.NioEventLoop.processSelectedKeys(NioEventLoop.java:650)
2025-01-27 17:07:39,151 INFO c.h.h.t.HelmChartContainer - [hivemq-test-hivemq-platform] [hivemq-platform-operator] [26a5ed22] 	at io.netty.channel.nio.NioEventLoop.run(NioEventLoop.java:562)
2025-01-27 17:07:39,151 INFO c.h.h.t.HelmChartContainer - [hivemq-test-hivemq-platform] [hivemq-platform-operator] [26a5ed22] 	at io.netty.util.concurrent.SingleThreadEventExecutor$4.run(SingleThreadEventExecutor.java:997)
2025-01-27 17:07:39,151 INFO c.h.h.t.HelmChartContainer - [hivemq-test-hivemq-platform] [hivemq-platform-operator] [26a5ed22] 	at io.netty.util.internal.ThreadExecutorMap$2.run(ThreadExecutorMap.java:74)
2025-01-27 17:07:39,151 INFO c.h.h.t.HelmChartContainer - [hivemq-test-hivemq-platform] [hivemq-platform-operator] [26a5ed22] 	at io.netty.util.concurrent.FastThreadLocalRunnable.run(FastThreadLocalRunnable.java:30)
2025-01-27 17:07:39,151 INFO c.h.h.t.HelmChartContainer - [hivemq-test-hivemq-platform] [hivemq-platform-operator] [26a5ed22] 	... 1 common frames omitted
2025-01-27 17:07:39,159 INFO c.h.h.t.HelmChartContainer - [hivemq-test-hivemq-platform] [hivemq-platform-operator] [26a5ed22] 17:07:39.159 [ReconcilerExecutor-hivemq-controller-126] INFO  c.h.p.o.HiveMQPlatformReconciler - [helminit] Cleanup test-hivemq-platform - helminitcontainerit HiveMQ Platform is shut down
2025-01-27 17:07:39,558 INFO c.h.h.t.HelmChartContainer - [K3S] [stateful_set.go:466] "StatefulSet has been deleted" key="helminitcontainerit/test-hivemq-platform"
2025-01-27 17:07:39,823 INFO c.h.h.t.HelmChartContainer - [test-hivemq-platform] [hivemq] [b3c39d15] WARN  - [HiveMQ Platform Operator Init App 1.7.0-SNAPSHOT] Could not update Pod annotations: Failure executing: GET at: https://10.43.0.1:443/api/v1/namespaces/helminitcontainerit/pods/test-hivemq-platform-0. Message: pods "test-hivemq-platform-0" is forbidden: User "system:serviceaccount:helminitcontainerit:hivemq-platform-pod-test-hivemq-platform" cannot get resource "pods" in API group "" in the namespace "helminitcontainerit". Received status: Status(apiVersion=v1, code=403, details=StatusDetails(causes=[], group=null, kind=pods, name=test-hivemq-platform-0, retryAfterSeconds=null, uid=null, additionalProperties={}), kind=Status, message=pods "test-hivemq-platform-0" is forbidden: User "system:serviceaccount:helminitcontainerit:hivemq-platform-pod-test-hivemq-platform" cannot get resource "pods" in API group "" in the namespace "helminitcontainerit", metadata=ListMeta(_continue=null, remainingItemCount=null, resourceVersion=null, selfLink=null, additionalProperties={}), reason=Forbidden, status=Failure, additionalProperties={}).
2025-01-27 17:07:39,862 INFO c.h.h.t.HelmChartContainer - [POD] test-hivemq-platform-0 [b3c39d15-3c23-43f9-8cdd-726a25639139] in helminitcontainerit was MODIFIED
2025-01-27 17:07:39,865 INFO c.h.h.t.HelmChartContainer - [EVENT] Normal [Killing] Stopping container hivemq [helminitcontainerit:test-hivemq-platform-0]
2025-01-27 17:07:39,865 INFO c.h.h.t.HelmChartContainer - Received Killing event for container hivemq in pod test-hivemq-platform-0 [b3c39d15-3c23-43f9-8cdd-726a25639139]
2025-01-27 17:07:39,866 INFO c.h.h.t.HelmChartContainer - Container [test-hivemq-platform-0] [hivemq] [b3c39d15-3c23-43f9-8cdd-726a25639139] was terminated
2025-01-27 17:07:39,866 INFO c.h.h.t.HelmChartContainer - Stopped log watcher for hivemq in pod test-hivemq-platform-0 [b3c39d15-3c23-43f9-8cdd-726a25639139]
2025-01-27 17:07:39,868 INFO c.h.h.t.HelmChartContainer - [test-hivemq-platform] [hivemq] [b3c39d15] INFO  - [HiveMQ Platform Operator Init App 1.7.0-SNAPSHOT] Shutting down
2025-01-27 17:07:39,868 INFO c.h.h.t.HelmChartContainer - [test-hivemq-platform] [hivemq] [b3c39d15] INFO  - [HiveMQ Platform Operator Init App 1.7.0-SNAPSHOT] Stopping the HiveMQ Platform
2025-01-27 17:07:40,017 INFO c.h.h.t.HelmChartContainer - [test-hivemq-platform] [hivemq] [b3c39d15] INFO  - Shutting down HiveMQ. Please wait, this could take a while...
2025-01-27 17:07:40,021 INFO c.h.h.t.HelmChartContainer - [test-hivemq-platform] [hivemq] [b3c39d15] INFO  - Shutting down listeners and clients
2025-01-27 17:07:40,103 INFO c.h.h.t.HelmChartContainer - [test-hivemq-platform] [hivemq] [b3c39d15] INFO  - Shutdown of listeners is done
2025-01-27 17:07:40,103 INFO c.h.h.t.HelmChartContainer - [test-hivemq-platform] [hivemq] [b3c39d15] INFO  - No clients are connected, proceeding with shutdown
2025-01-27 17:07:40,909 INFO c.h.h.t.HelmChartContainer - Deleting namespace 'helminitcontainerit'...
2025-01-27 17:07:42,909 INFO c.h.h.t.HelmChartContainer - [test-hivemq-platform] [hivemq] [b3c39d15] INFO  - Shutting down extension system
2025-01-27 17:07:42,911 INFO c.h.h.t.HelmChartContainer - [test-hivemq-platform] [hivemq] [b3c39d15] INFO  - Stopping extension with id hivemq-dns-cluster-discovery
2025-01-27 17:07:42,912 INFO c.h.h.t.HelmChartContainer - [test-hivemq-platform] [hivemq] [b3c39d15] INFO  - Extension "DNS Cluster Discovery Extension" version 4.3.2 stopped successfully.
2025-01-27 17:07:42,912 INFO c.h.h.t.HelmChartContainer - [test-hivemq-platform] [hivemq] [b3c39d15] INFO  - Stopping extension with id hivemq-prometheus-extension
2025-01-27 17:07:42,916 INFO c.h.h.t.HelmChartContainer - [test-hivemq-platform] [hivemq] [b3c39d15] INFO  - Extension "Prometheus Monitoring Extension" version 4.0.12 stopped successfully.
2025-01-27 17:07:42,917 INFO c.h.h.t.HelmChartContainer - [test-hivemq-platform] [hivemq] [b3c39d15] INFO  - Stopping extension with id hivemq-allow-all-extension
2025-01-27 17:07:42,917 INFO c.h.h.t.HelmChartContainer - [test-hivemq-platform] [hivemq] [b3c39d15] INFO  - Extension "Allow All Extension" version 1.1.0 stopped successfully.
2025-01-27 17:07:44,322 INFO c.h.h.t.HelmChartContainer - [test-hivemq-platform] [hivemq] [b3c39d15] INFO  - [HiveMQ Platform Operator Init App 1.7.0-SNAPSHOT] Returning shutdown Health API response 503 for readiness
2025-01-27 17:07:44,336 INFO c.h.h.t.HelmChartContainer - [EVENT] Warning [Unhealthy] Readiness probe failed: HTTP probe failed with statuscode: 503 [helminitcontainerit:test-hivemq-platform-0]
2025-01-27 17:07:44,336 INFO c.h.h.t.HelmChartContainer - Received Unhealthy event for container hivemq in pod test-hivemq-platform-0 [b3c39d15-3c23-43f9-8cdd-726a25639139]
2025-01-27 17:07:44,827 INFO c.h.h.t.HelmChartContainer - [K3S] [authentication.go:74] "Unable to authenticate the request" err="[invalid bearer token, serviceaccounts \"hivemq-platform-pod-test-hivemq-platform\" not found]"
2025-01-27 17:07:44,845 INFO c.h.h.t.HelmChartContainer - [K3S] [authentication.go:74] "Unable to authenticate the request" err="[invalid bearer token, serviceaccounts \"hivemq-platform-pod-test-hivemq-platform\" not found]"
2025-01-27 17:07:44,847 INFO c.h.h.t.HelmChartContainer - [test-hivemq-platform] [hivemq] [b3c39d15] WARN  - [HiveMQ Platform Operator Init App 1.7.0-SNAPSHOT] Could not update Pod annotations: Failure executing: GET at: https://10.43.0.1:443/api/v1/namespaces/helminitcontainerit/pods/test-hivemq-platform-0. Message: Unauthorized. Received status: Status(apiVersion=v1, code=401, details=null, kind=Status, message=Unauthorized, metadata=ListMeta(_continue=null, remainingItemCount=null, resourceVersion=null, selfLink=null, additionalProperties={}), reason=Unauthorized, status=Failure, additionalProperties={}).
2025-01-27 17:07:45,213 INFO c.h.h.t.HelmChartContainer - [test-hivemq-platform] [hivemq] [b3c39d15] INFO  - Shutdown completed.
2025-01-27 17:07:45,561 INFO c.h.h.t.HelmChartContainer - [test-hivemq-platform] [hivemq] [b3c39d15] INFO  - [HiveMQ Platform Operator Init App 1.7.0-SNAPSHOT] The HiveMQ Platform exited with code 143
2025-01-27 17:07:45,561 INFO c.h.h.t.HelmChartContainer - [test-hivemq-platform] [hivemq] [b3c39d15] INFO  - [HiveMQ Platform Operator Init App 1.7.0-SNAPSHOT] Stopping the REST API
2025-01-27 17:07:45,602 INFO c.h.h.t.HelmChartContainer - [test-hivemq-platform] [hivemq] [b3c39d15] INFO  - [HiveMQ Platform Operator Init App 1.7.0-SNAPSHOT] Shutdown complete
2025-01-27 17:07:46,066 INFO c.h.h.t.HelmChartContainer - [POD] test-hivemq-platform-0 [b3c39d15-3c23-43f9-8cdd-726a25639139] in helminitcontainerit was MODIFIED
2025-01-27 17:07:46,104 INFO c.h.h.t.HelmChartContainer - [K3S] [namespace_controller.go:164] "Unhandled Error" err="deletion of namespace helminitcontainerit failed: unexpected items still remain in namespace: helminitcontainerit for gvr: /v1, Resource=pods"
2025-01-27 17:07:46,185 INFO c.h.h.t.HelmChartContainer - [K3S] [reconciler_common.go:162] "operationExecutor.UnmountVolume started for volume \"broker-configuration\" (UniqueName: \"kubernetes.io/configmap/b3c39d15-3c23-43f9-8cdd-726a25639139-broker-configuration\") pod \"b3c39d15-3c23-43f9-8cdd-726a25639139\" (UID: \"b3c39d15-3c23-43f9-8cdd-726a25639139\") "
2025-01-27 17:07:46,185 INFO c.h.h.t.HelmChartContainer - [K3S] [reconciler_common.go:162] "operationExecutor.UnmountVolume started for volume \"pod-info\" (UniqueName: \"kubernetes.io/configmap/b3c39d15-3c23-43f9-8cdd-726a25639139-pod-info\") pod \"b3c39d15-3c23-43f9-8cdd-726a25639139\" (UID: \"b3c39d15-3c23-43f9-8cdd-726a25639139\") "
2025-01-27 17:07:46,185 INFO c.h.h.t.HelmChartContainer - [K3S] [reconciler_common.go:162] "operationExecutor.UnmountVolume started for volume \"operator-init\" (UniqueName: \"kubernetes.io/empty-dir/b3c39d15-3c23-43f9-8cdd-726a25639139-operator-init\") pod \"b3c39d15-3c23-43f9-8cdd-726a25639139\" (UID: \"b3c39d15-3c23-43f9-8cdd-726a25639139\") "
2025-01-27 17:07:46,186 INFO c.h.h.t.HelmChartContainer - [K3S] [reconciler_common.go:162] "operationExecutor.UnmountVolume started for volume \"init-container-volume\" (UniqueName: \"kubernetes.io/empty-dir/b3c39d15-3c23-43f9-8cdd-726a25639139-init-container-volume\") pod \"b3c39d15-3c23-43f9-8cdd-726a25639139\" (UID: \"b3c39d15-3c23-43f9-8cdd-726a25639139\") "
2025-01-27 17:07:46,186 INFO c.h.h.t.HelmChartContainer - [K3S] [reconciler_common.go:162] "operationExecutor.UnmountVolume started for volume \"kube-api-access-8rls6\" (UniqueName: \"kubernetes.io/projected/b3c39d15-3c23-43f9-8cdd-726a25639139-kube-api-access-8rls6\") pod \"b3c39d15-3c23-43f9-8cdd-726a25639139\" (UID: \"b3c39d15-3c23-43f9-8cdd-726a25639139\") "
2025-01-27 17:07:46,273 INFO c.h.h.t.HelmChartContainer - [K3S] [namespace_controller.go:164] "Unhandled Error" err="deletion of namespace helminitcontainerit failed: unexpected items still remain in namespace: helminitcontainerit for gvr: /v1, Resource=pods"
2025-01-27 17:07:46,290 INFO c.h.h.t.HelmChartContainer - [K3S] [reconciler_common.go:299] "Volume detached for volume \"broker-configuration\" (UniqueName: \"kubernetes.io/configmap/b3c39d15-3c23-43f9-8cdd-726a25639139-broker-configuration\") on node \"e7d25c28f32f\" DevicePath \"\""
2025-01-27 17:07:46,290 INFO c.h.h.t.HelmChartContainer - [K3S] [reconciler_common.go:299] "Volume detached for volume \"pod-info\" (UniqueName: \"kubernetes.io/configmap/b3c39d15-3c23-43f9-8cdd-726a25639139-pod-info\") on node \"e7d25c28f32f\" DevicePath \"\""
2025-01-27 17:07:46,290 INFO c.h.h.t.HelmChartContainer - [K3S] [reconciler_common.go:299] "Volume detached for volume \"operator-init\" (UniqueName: \"kubernetes.io/empty-dir/b3c39d15-3c23-43f9-8cdd-726a25639139-operator-init\") on node \"e7d25c28f32f\" DevicePath \"\""
2025-01-27 17:07:46,290 INFO c.h.h.t.HelmChartContainer - [K3S] [reconciler_common.go:299] "Volume detached for volume \"init-container-volume\" (UniqueName: \"kubernetes.io/empty-dir/b3c39d15-3c23-43f9-8cdd-726a25639139-init-container-volume\") on node \"e7d25c28f32f\" DevicePath \"\""
2025-01-27 17:07:46,290 INFO c.h.h.t.HelmChartContainer - [K3S] [reconciler_common.go:299] "Volume detached for volume \"kube-api-access-8rls6\" (UniqueName: \"kubernetes.io/projected/b3c39d15-3c23-43f9-8cdd-726a25639139-kube-api-access-8rls6\") on node \"e7d25c28f32f\" DevicePath \"\""
2025-01-27 17:07:46,385 INFO c.h.h.t.HelmChartContainer - [K3S] [namespace_controller.go:164] "Unhandled Error" err="deletion of namespace helminitcontainerit failed: unexpected items still remain in namespace: helminitcontainerit for gvr: /v1, Resource=pods"
2025-01-27 17:07:46,495 INFO c.h.h.t.HelmChartContainer - [K3S] [namespace_controller.go:164] "Unhandled Error" err="deletion of namespace helminitcontainerit failed: unexpected items still remain in namespace: helminitcontainerit for gvr: /v1, Resource=pods"
2025-01-27 17:07:46,625 INFO c.h.h.t.HelmChartContainer - [K3S] [namespace_controller.go:164] "Unhandled Error" err="deletion of namespace helminitcontainerit failed: unexpected items still remain in namespace: helminitcontainerit for gvr: /v1, Resource=pods"
2025-01-27 17:07:46,751 INFO c.h.h.t.HelmChartContainer - [K3S] [scope.go:117] "RemoveContainer" containerID="1dab49f95f219107f1044003ce4955c300ec9f02d926c99c75b9edd02a7aaa64"
2025-01-27 17:07:46,769 INFO c.h.h.t.HelmChartContainer - [POD] test-hivemq-platform-0 [b3c39d15-3c23-43f9-8cdd-726a25639139] in helminitcontainerit was MODIFIED
2025-01-27 17:07:46,775 INFO c.h.h.t.HelmChartContainer - [POD] test-hivemq-platform-0 [b3c39d15-3c23-43f9-8cdd-726a25639139] in helminitcontainerit was DELETED
2025-01-27 17:07:46,827 INFO c.h.h.t.HelmChartContainer - [K3S] [namespace_controller.go:164] "Unhandled Error" err="deletion of namespace helminitcontainerit failed: unexpected items still remain in namespace: helminitcontainerit for gvr: /v1, Resource=pods"
2025-01-27 17:07:46,865 INFO c.h.h.t.HelmChartContainer - [K3S] [scope.go:117] "RemoveContainer" containerID="519ba85344b9b23df0ff1d3cf82135046b2ad8b00a371165dbef16513d2aa9ae"
2025-01-27 17:07:46,868 INFO c.h.h.t.HelmChartContainer - [K3S] [scope.go:117] "RemoveContainer" containerID="729f004d531166a4ee1bbd242acf67d710a6e452c9c5e4d459ac68099df8d961"
2025-01-27 17:07:46,871 INFO c.h.h.t.HelmChartContainer - [K3S] [scope.go:117] "RemoveContainer" containerID="1dab49f95f219107f1044003ce4955c300ec9f02d926c99c75b9edd02a7aaa64"
2025-01-27 17:07:46,871 INFO c.h.h.t.HelmChartContainer - [K3S] [scope.go:117] "RemoveContainer" containerID="519ba85344b9b23df0ff1d3cf82135046b2ad8b00a371165dbef16513d2aa9ae"
2025-01-27 17:07:46,872 INFO c.h.h.t.HelmChartContainer - [K3S] [scope.go:117] "RemoveContainer" containerID="729f004d531166a4ee1bbd242acf67d710a6e452c9c5e4d459ac68099df8d961"
2025-01-27 17:07:47,143 INFO c.h.h.t.HelmChartContainer - Namespace 'helminitcontainerit' deleted
2025-01-27 17:07:47,143 INFO c.h.h.t.HelmChartContainer - Release 'test-hivemq-platform' in namespace 'helminitcontainerit' is uninstalled
2025-01-27 17:07:47,143 INFO c.h.h.t.HelmChartContainer - Uninstalling release 'test-hivemq-platform-operator' in namespace 'helminitcontainerit-operator'...
2025-01-27 17:07:47,143 DEBUG c.h.h.t.HelmChartContainer - Executing helm command: /bin/helm --kubeconfig /etc/rancher/k3s/k3s.yaml uninstall test-hivemq-platform-operator  --wait --timeout 5m0s --cascade foreground --namespace helminitcontainerit-operator
2025-01-27 17:07:47,303 INFO c.h.h.t.HelmChartContainer - [K3S] [replica_set.go:679] "Finished syncing" kind="ReplicaSet" key="helminitcontainerit-operator/hivemq-test-hivemq-platform-operator-6966f96d65" duration="11.363286ms"
2025-01-27 17:07:47,303 INFO c.h.h.t.HelmChartContainer - [K3S] [replica_set.go:679] "Finished syncing" kind="ReplicaSet" key="helminitcontainerit-operator/hivemq-test-hivemq-platform-operator-6966f96d65" duration="44.203µs"
2025-01-27 17:07:47,319 INFO c.h.h.t.HelmChartContainer - [POD] hivemq-test-hivemq-platform-operator-6966f96d65-5m5rx [26a5ed22-aace-44b7-9d19-7ade02e97d8f] in helminitcontainerit-operator was MODIFIED
2025-01-27 17:07:47,331 INFO c.h.h.t.HelmChartContainer - [EVENT] Normal [Killing] Stopping container hivemq-platform-operator [helminitcontainerit-operator:hivemq-test-hivemq-platform-operator-6966f96d65-5m5rx]
2025-01-27 17:07:47,331 INFO c.h.h.t.HelmChartContainer - Received Killing event for container hivemq-platform-operator in pod hivemq-test-hivemq-platform-operator-6966f96d65-5m5rx [26a5ed22-aace-44b7-9d19-7ade02e97d8f]
2025-01-27 17:07:47,331 INFO c.h.h.t.HelmChartContainer - Container [hivemq-test-hivemq-platform-operator-6966f96d65-5m5rx] [hivemq-platform-operator] [26a5ed22-aace-44b7-9d19-7ade02e97d8f] was terminated
2025-01-27 17:07:47,331 INFO c.h.h.t.HelmChartContainer - Stopped log watcher for hivemq-platform-operator in pod hivemq-test-hivemq-platform-operator-6966f96d65-5m5rx [26a5ed22-aace-44b7-9d19-7ade02e97d8f]
2025-01-27 17:07:47,335 INFO c.h.h.t.HelmChartContainer - [K3S] [replica_set.go:679] "Finished syncing" kind="ReplicaSet" key="helminitcontainerit-operator/hivemq-test-hivemq-platform-operator-6966f96d65" duration="19.240779ms"
2025-01-27 17:07:47,337 INFO c.h.h.t.HelmChartContainer - [K3S] [replica_set.go:679] "Finished syncing" kind="ReplicaSet" key="helminitcontainerit-operator/hivemq-test-hivemq-platform-operator-6966f96d65" duration="41.647µs"
2025-01-27 17:07:47,339 INFO c.h.h.t.HelmChartContainer - [EVENT] Warning [FailedToUpdateEndpoint] Failed to update endpoint helminitcontainerit-operator/hivemq-platform-operator-test-hivemq-platform-operator: Operation cannot be fulfilled on endpoints "hivemq-platform-operator-test-hivemq-platform-operator": StorageError: invalid object, Code: 4, Key: /registry/services/endpoints/helminitcontainerit-operator/hivemq-platform-operator-test-hivemq-platform-operator, ResourceVersion: 0, AdditionalErrorMsg: Precondition failed: UID in precondition: 8f6fecee-eeec-4747-8cf4-8299ae7fad06, UID in object meta:  [helminitcontainerit-operator:hivemq-platform-operator-test-hivemq-platform-operator]
2025-01-27 17:07:47,364 INFO c.h.h.t.HelmChartContainer - [hivemq-test-hivemq-platform] [hivemq-platform-operator] [26a5ed22] 17:07:47.362 [application-shutdown-thread] INFO  c.h.p.o.HiveMQPlatformOperatorApplication - HiveMQ Platform Operator is stopping...
2025-01-27 17:07:47,365 INFO c.h.h.t.HelmChartContainer - [hivemq-test-hivemq-platform] [hivemq-platform-operator] [26a5ed22] 17:07:47.363 [application-shutdown-thread] INFO  i.javaoperatorsdk.operator.Operator - Operator SDK 4.9.7 is shutting down...
2025-01-27 17:07:47,981 INFO c.h.h.t.HelmChartContainer - [K3S] [replica_set.go:679] "Finished syncing" kind="ReplicaSet" key="helminitcontainerit-operator/hivemq-test-hivemq-platform-operator-6966f96d65" duration="40.646µs"
2025-01-27 17:07:47,982 INFO c.h.h.t.HelmChartContainer - [POD] hivemq-test-hivemq-platform-operator-6966f96d65-5m5rx [26a5ed22-aace-44b7-9d19-7ade02e97d8f] in helminitcontainerit-operator was MODIFIED
2025-01-27 17:07:48,095 INFO c.h.h.t.HelmChartContainer - [K3S] [reconciler_common.go:162] "operationExecutor.UnmountVolume started for volume \"kube-api-access-5rdjj\" (UniqueName: \"kubernetes.io/projected/26a5ed22-aace-44b7-9d19-7ade02e97d8f-kube-api-access-5rdjj\") pod \"26a5ed22-aace-44b7-9d19-7ade02e97d8f\" (UID: \"26a5ed22-aace-44b7-9d19-7ade02e97d8f\") "
2025-01-27 17:07:48,196 INFO c.h.h.t.HelmChartContainer - [K3S] [reconciler_common.go:299] "Volume detached for volume \"kube-api-access-5rdjj\" (UniqueName: \"kubernetes.io/projected/26a5ed22-aace-44b7-9d19-7ade02e97d8f-kube-api-access-5rdjj\") on node \"e7d25c28f32f\" DevicePath \"\""
2025-01-27 17:07:48,334 INFO c.h.h.t.HelmChartContainer - [K3S] [kubelet_volumes.go:163] "Cleaned up orphaned pod volumes dir" podUID="b3c39d15-3c23-43f9-8cdd-726a25639139" path="/var/lib/kubelet/pods/b3c39d15-3c23-43f9-8cdd-726a25639139/volumes"
2025-01-27 17:07:48,755 INFO c.h.h.t.HelmChartContainer - [K3S] [scope.go:117] "RemoveContainer" containerID="34c56e2738cd3be7afe0e4f9d11cd8365d17a5dc0eab127a1c148a76b3e3ef34"
2025-01-27 17:07:48,759 INFO c.h.h.t.HelmChartContainer - [K3S] [scope.go:117] "RemoveContainer" containerID="34c56e2738cd3be7afe0e4f9d11cd8365d17a5dc0eab127a1c148a76b3e3ef34"
2025-01-27 17:07:48,764 INFO c.h.h.t.HelmChartContainer - [K3S] [replica_set.go:679] "Finished syncing" kind="ReplicaSet" key="helminitcontainerit-operator/hivemq-test-hivemq-platform-operator-6966f96d65" duration="40.586µs"
2025-01-27 17:07:48,765 INFO c.h.h.t.HelmChartContainer - [POD] hivemq-test-hivemq-platform-operator-6966f96d65-5m5rx [26a5ed22-aace-44b7-9d19-7ade02e97d8f] in helminitcontainerit-operator was MODIFIED
2025-01-27 17:07:48,767 INFO c.h.h.t.HelmChartContainer - [K3S] [replica_set.go:679] "Finished syncing" kind="ReplicaSet" key="helminitcontainerit-operator/hivemq-test-hivemq-platform-operator-6966f96d65" duration="29.495µs"
2025-01-27 17:07:48,768 INFO c.h.h.t.HelmChartContainer - [POD] hivemq-test-hivemq-platform-operator-6966f96d65-5m5rx [26a5ed22-aace-44b7-9d19-7ade02e97d8f] in helminitcontainerit-operator was DELETED
2025-01-27 17:07:48,777 INFO c.h.h.t.HelmChartContainer - [K3S] [replica_set.go:679] "Finished syncing" kind="ReplicaSet" key="helminitcontainerit-operator/hivemq-test-hivemq-platform-operator-6966f96d65" duration="7.063µs"
2025-01-27 17:07:49,344 INFO c.h.h.t.HelmChartContainer - Deleting namespace 'helminitcontainerit-operator'...
2025-01-27 17:07:50,334 INFO c.h.h.t.HelmChartContainer - [K3S] [kubelet_volumes.go:163] "Cleaned up orphaned pod volumes dir" podUID="26a5ed22-aace-44b7-9d19-7ade02e97d8f" path="/var/lib/kubelet/pods/26a5ed22-aace-44b7-9d19-7ade02e97d8f/volumes"
2025-01-27 17:07:52,081 INFO c.h.h.t.HelmChartContainer - [K3S] [namespace_controller.go:187] "Namespace has been deleted" namespace="helminitcontainerit"
2025-01-27 17:07:54,564 INFO c.h.h.t.HelmChartContainer - Namespace 'helminitcontainerit-operator' deleted
2025-01-27 17:07:54,564 INFO c.h.h.t.HelmChartContainer - Release 'test-hivemq-platform-operator' in namespace 'helminitcontainerit-operator' is uninstalled
2025-01-27 17:07:55,301 INFO c.h.helmcharts.AbstractHelmChartIT - Removed unused containers:

2025-01-27 17:07:59,471 INFO c.h.h.t.HelmChartContainer - [K3S] [namespace_controller.go:187] "Namespace has been deleted" namespace="helminitcontainerit-operator"
2025-01-27 17:08:03,438 INFO c.h.helmcharts.AbstractHelmChartIT - Removed unused snapshots:
Removing snapshot sha256:026a712f86a389a5fd74927b58e3b9c46d97b4685244a93cf8afd5dd2d926256
Removing snapshot sha256:03af251906410714c5aef9fa705b63f6bbc39c4a5e787de7361eeb18886c2ed2
Removing snapshot sha256:04586d725303b4dcbc0cdc42a56e7852bc8859e90a3b42def5c29ab6c5b2378a
Removing snapshot sha256:0c46b3b43cce082ce5ec34ffc6c294e0417d17b9d1e6f366d114b6aadc4f96dc
Removing snapshot sha256:0ce761beee59082d6ed5bcebd3a805b8ddd9b3426b617e4809e7fb7c6587ffec
Removing snapshot sha256:1021ef88c7974bfff89c5a0ec4fd3160daac6c48a075f74cff721f85dd104e68
Removing snapshot sha256:10aba4953ddc18145dd38e3704709bc464aa20af60b56fe52caaff4b68411e62
Removing snapshot sha256:12fcdb97878a8124028dd759e7639b77bca16c0f46aabea18189ae25af2554ab
Removing snapshot sha256:21282daefc2978b4ceefc8e326e9f9e60fd6af01a08dc7b4882a0750f99a1fa7
Removing snapshot sha256:2573e0d8158209ed54ab25c87bcdcb00bd3d2539246960a3d592a1c599d70465
Removing snapshot sha256:362a8a37f8bbc31925a8146adcf7cf51f9882f5c1dcbef67c5baa03a297543c0
Removing snapshot sha256:3fa4ad33f0ddc8fd45b39b6b4640f82a3a83619606cd975bfe89d8710ad2d4cd
Removing snapshot sha256:43a7c979bbaba6838bc3102d6b10a1459f3ab050b87ccdfef84ef90cf43d3058
Removing snapshot sha256:4ab04491cdf0d3267f08206fe30bd48f49f94b9cab2f016d6739220f722a64af
Removing snapshot sha256:4b6068250e89c96f263060261819c7d912855bfbd64b3eb4c4a8483299b8c295
Removing snapshot sha256:54760460dde328a0df5fb97426e3821ea3128f2a777231b6e8478cdaf84d50a9
Removing snapshot sha256:580e69a0a8034ede1921139bbd2bfb72a69ebf276d008281896c32dd8bf74775
Removing snapshot sha256:59654b79daad74c77dc2e28502ca577ba8ce73276720002234a23fc60ee92692
Removing snapshot sha256:5ad32423e4b556ca23e4a282f00b6c28ba2ec8ad2b7822350a080868a3597d3e
Removing snapshot sha256:5d30ba46b27fe37484567ccc5242cadc78217b8da605f3f195ef25cbf7487904
Removing snapshot sha256:63ca1fbb43ae5034640e5e6cb3e083e05c290072c5366fcaa9d62435a4cced85
Removing snapshot sha256:67f702c6baae873bceb19487c8b1f27bd2b86077e4f2f0e480e6d60ab508b8f5
Removing snapshot sha256:6864348dd42806d552efdec384f1274be15e2d0c10ce44c1f04347af004c10a9
Removing snapshot sha256:6b6a1f10cca10ea08499c191fc025406a23858de44f58930b06dc6608ff034e5
Removing snapshot sha256:6c7dee8f2c39b84b7dc2711c01d33de93514d9055499173e9290176fbe484b6c
Removing snapshot sha256:82753493a6d61ded36556292f02f31841a14c20d2f279f19eaad65afb661d5cd
Removing snapshot sha256:8a10d3db42c505ee0fcfa98417bdd7e39b304f6bcc0a06bb1b220797ff2cc63c
Removing snapshot sha256:a21e5b12dbac529ad45d976eb9ce45c881f3bedcc500fb30aba1e52aa1813418
Removing snapshot sha256:b921e6c28969094157f9b8e7244677780319637afd14450b7cb6b2fdea558a0c
Removing snapshot sha256:bc27ecb5769a00e309cf99ebc763c4a4b958b618d1decc96ffac5bc05f02f5b7
Removing snapshot sha256:be3ccb6627a5332e309d45ef461d09b4879dd870c7394d89323d0ebc6ca6aa8a
Removing snapshot sha256:c024c995d0ec94534ef5ca89830d313b19e1fd94187c99e4f5f5dfeaaa8e6248
Removing snapshot sha256:c261f7cbbc64211ee175ee47273acdb7b1a36a4450b397a064a8f2c026490095
Removing snapshot sha256:c34d9393647eea0c9e3557ab988efaf59f61d10a2a5613b439ef0958cca5ec10
Removing snapshot sha256:ccf3c4a0fa967a41c1c83497a2ce6fa5787965859df0adb32c4ca2cf7490bc2b
Removing snapshot sha256:cf92d33f869417309692088c341cd0f223c178ea78a125f757317b22aa8f90e9
Removing snapshot sha256:d0037344cf2fb078884f1849f6a1f8cf9a33a3b6139b6a85833e5ee528e1f9a8
Removing snapshot sha256:d3b36d5b79273b1e98e7700470eaeff05a882e777124d84cebcc1505b85ecb36
Removing snapshot sha256:d65a44a37914602d12c611e5e22a50f11451d847e63015cc1c2aef92dee777a4
Removing snapshot sha256:e2dc0bae2455930f23ae570e019b7f32edc75c0f2d71cab084db837ff9051796
Removing snapshot sha256:eccbd24a99c60cd9e86ee5305dbfc4a4dc89f5ab4fb1f06c8d64797cecedef34
Removing snapshot sha256:f144bb4c7c7f0d2aa7eeffd36d934ec40db1ee167be727e326aad9fdc616f475

2025-01-27 17:08:03,438 WARN c.h.helmcharts.AbstractHelmChartIT - Error during removal of snapshots:
ctr: failed to remove "sha256:026a712f86a389a5fd74927b58e3b9c46d97b4685244a93cf8afd5dd2d926256": cannot remove snapshot with child: failed precondition
ctr: failed to remove "sha256:03af251906410714c5aef9fa705b63f6bbc39c4a5e787de7361eeb18886c2ed2": cannot remove snapshot with child: failed precondition
ctr: failed to remove "sha256:04586d725303b4dcbc0cdc42a56e7852bc8859e90a3b42def5c29ab6c5b2378a": cannot remove snapshot with child: failed precondition
ctr: failed to remove "sha256:0c46b3b43cce082ce5ec34ffc6c294e0417d17b9d1e6f366d114b6aadc4f96dc": cannot remove snapshot with child: failed precondition
ctr: failed to remove "sha256:0ce761beee59082d6ed5bcebd3a805b8ddd9b3426b617e4809e7fb7c6587ffec": cannot remove snapshot with child: failed precondition
ctr: failed to remove "sha256:1021ef88c7974bfff89c5a0ec4fd3160daac6c48a075f74cff721f85dd104e68": cannot remove snapshot with child: failed precondition
ctr: failed to remove "sha256:10aba4953ddc18145dd38e3704709bc464aa20af60b56fe52caaff4b68411e62": cannot remove snapshot with child: failed precondition
ctr: failed to remove "sha256:12fcdb97878a8124028dd759e7639b77bca16c0f46aabea18189ae25af2554ab": cannot remove snapshot with child: failed precondition
ctr: failed to remove "sha256:2573e0d8158209ed54ab25c87bcdcb00bd3d2539246960a3d592a1c599d70465": cannot remove snapshot with child: failed precondition
ctr: failed to remove "sha256:362a8a37f8bbc31925a8146adcf7cf51f9882f5c1dcbef67c5baa03a297543c0": cannot remove snapshot with child: failed precondition
ctr: failed to remove "sha256:3fa4ad33f0ddc8fd45b39b6b4640f82a3a83619606cd975bfe89d8710ad2d4cd": cannot remove snapshot with child: failed precondition
ctr: failed to remove "sha256:43a7c979bbaba6838bc3102d6b10a1459f3ab050b87ccdfef84ef90cf43d3058": cannot remove snapshot with child: failed precondition
ctr: failed to remove "sha256:4ab04491cdf0d3267f08206fe30bd48f49f94b9cab2f016d6739220f722a64af": cannot remove snapshot with child: failed precondition
ctr: failed to remove "sha256:4b6068250e89c96f263060261819c7d912855bfbd64b3eb4c4a8483299b8c295": cannot remove snapshot with child: failed precondition
ctr: failed to remove "sha256:54760460dde328a0df5fb97426e3821ea3128f2a777231b6e8478cdaf84d50a9": cannot remove snapshot with child: failed precondition
ctr: failed to remove "sha256:580e69a0a8034ede1921139bbd2bfb72a69ebf276d008281896c32dd8bf74775": cannot remove snapshot with child: failed precondition
ctr: failed to remove "sha256:5ad32423e4b556ca23e4a282f00b6c28ba2ec8ad2b7822350a080868a3597d3e": cannot remove snapshot with child: failed precondition
ctr: failed to remove "sha256:5d30ba46b27fe37484567ccc5242cadc78217b8da605f3f195ef25cbf7487904": cannot remove snapshot with child: failed precondition
ctr: failed to remove "sha256:63ca1fbb43ae5034640e5e6cb3e083e05c290072c5366fcaa9d62435a4cced85": cannot remove snapshot with child: failed precondition
ctr: failed to remove "sha256:67f702c6baae873bceb19487c8b1f27bd2b86077e4f2f0e480e6d60ab508b8f5": cannot remove snapshot with child: failed precondition
ctr: failed to remove "sha256:6864348dd42806d552efdec384f1274be15e2d0c10ce44c1f04347af004c10a9": cannot remove snapshot with child: failed precondition
ctr: failed to remove "sha256:6c7dee8f2c39b84b7dc2711c01d33de93514d9055499173e9290176fbe484b6c": cannot remove snapshot with child: failed precondition
ctr: failed to remove "sha256:82753493a6d61ded36556292f02f31841a14c20d2f279f19eaad65afb661d5cd": cannot remove snapshot with child: failed precondition
ctr: failed to remove "sha256:8a10d3db42c505ee0fcfa98417bdd7e39b304f6bcc0a06bb1b220797ff2cc63c": cannot remove snapshot with child: failed precondition
ctr: failed to remove "sha256:a21e5b12dbac529ad45d976eb9ce45c881f3bedcc500fb30aba1e52aa1813418": cannot remove snapshot with child: failed precondition
ctr: failed to remove "sha256:b921e6c28969094157f9b8e7244677780319637afd14450b7cb6b2fdea558a0c": cannot remove snapshot with child: failed precondition
ctr: failed to remove "sha256:bc27ecb5769a00e309cf99ebc763c4a4b958b618d1decc96ffac5bc05f02f5b7": cannot remove snapshot with child: failed precondition
ctr: failed to remove "sha256:be3ccb6627a5332e309d45ef461d09b4879dd870c7394d89323d0ebc6ca6aa8a": cannot remove snapshot with child: failed precondition
ctr: failed to remove "sha256:c261f7cbbc64211ee175ee47273acdb7b1a36a4450b397a064a8f2c026490095": cannot remove snapshot with child: failed precondition
ctr: failed to remove "sha256:c34d9393647eea0c9e3557ab988efaf59f61d10a2a5613b439ef0958cca5ec10": cannot remove snapshot with child: failed precondition
ctr: failed to remove "sha256:ccf3c4a0fa967a41c1c83497a2ce6fa5787965859df0adb32c4ca2cf7490bc2b": cannot remove snapshot with child: failed precondition
ctr: failed to remove "sha256:cf92d33f869417309692088c341cd0f223c178ea78a125f757317b22aa8f90e9": cannot remove snapshot with child: failed precondition
ctr: failed to remove "sha256:d0037344cf2fb078884f1849f6a1f8cf9a33a3b6139b6a85833e5ee528e1f9a8": cannot remove snapshot with child: failed precondition
ctr: failed to remove "sha256:d3b36d5b79273b1e98e7700470eaeff05a882e777124d84cebcc1505b85ecb36": cannot remove snapshot with child: failed precondition
ctr: failed to remove "sha256:d65a44a37914602d12c611e5e22a50f11451d847e63015cc1c2aef92dee777a4": cannot remove snapshot with child: failed precondition
ctr: failed to remove "sha256:e2dc0bae2455930f23ae570e019b7f32edc75c0f2d71cab084db837ff9051796": cannot remove snapshot with child: failed precondition
ctr: failed to remove "sha256:eccbd24a99c60cd9e86ee5305dbfc4a4dc89f5ab4fb1f06c8d64797cecedef34": cannot remove snapshot with child: failed precondition
ctr: failed to remove "sha256:f144bb4c7c7f0d2aa7eeffd36d934ec40db1ee167be727e326aad9fdc616f475": cannot remove snapshot with child: failed precondition

]]></system-out>
  </testcase>
  <system-out><![CDATA[2025-01-27 17:03:48,872 INFO c.h.h.t.HelmChartContainerExtension - Using cached HelmChartContainer instance
2025-01-27 17:03:48,877 INFO c.h.h.t.HelmChartContainerExtension - Creating cached HelmChartContainer instance
2025-01-27 17:03:48,896 INFO o.testcontainers.DockerClientFactory - Testcontainers version: 1.20.4
2025-01-27 17:03:49,314 INFO o.t.d.DockerClientProviderStrategy - Found Docker environment with local Unix socket (unix:///var/run/docker.sock)
2025-01-27 17:03:49,322 INFO o.testcontainers.DockerClientFactory - Docker host IP address is localhost
2025-01-27 17:03:49,338 INFO o.testcontainers.DockerClientFactory - Connected to docker: 
  Server Version: 26.1.3
  API Version: 1.45
  Operating System: Ubuntu 24.04.1 LTS
  Total Memory: 15990 MB
2025-01-27 17:03:49,344 INFO o.testcontainers.images.PullPolicy - Image pull policy will be performed by: DefaultPullPolicy()
2025-01-27 17:03:49,346 INFO o.t.utility.ImageNameSubstitutor - Image name substitution will be performed by: DefaultImageNameSubstitutor (composite of 'ConfigurationFileImageNameSubstitutor' and 'PrefixingImageNameSubstitutor')
2025-01-27 17:03:49,373 INFO tc.testcontainers/ryuk:0.11.0 - Pulling docker image: testcontainers/ryuk:0.11.0. Please be patient; this may take some time but only needs to be done once.
2025-01-27 17:03:49,811 INFO tc.testcontainers/ryuk:0.11.0 - Starting to pull image
2025-01-27 17:03:49,827 INFO tc.testcontainers/ryuk:0.11.0 - Pulling image layers:  0 pending,  0 downloaded,  0 extracted, (0 bytes/0 bytes)
2025-01-27 17:03:50,049 INFO tc.testcontainers/ryuk:0.11.0 - Pulling image layers:  2 pending,  1 downloaded,  0 extracted, (80 KB/? MB)
2025-01-27 17:03:50,070 INFO tc.testcontainers/ryuk:0.11.0 - Pulling image layers:  1 pending,  2 downloaded,  0 extracted, (116 KB/? MB)
2025-01-27 17:03:50,114 INFO tc.testcontainers/ryuk:0.11.0 - Pulling image layers:  0 pending,  3 downloaded,  0 extracted, (116 KB/10 MB)
2025-01-27 17:03:50,213 INFO tc.testcontainers/ryuk:0.11.0 - Pulling image layers:  0 pending,  3 downloaded,  1 extracted, (3 MB/10 MB)
2025-01-27 17:03:50,369 INFO tc.testcontainers/ryuk:0.11.0 - Pulling image layers:  0 pending,  3 downloaded,  2 extracted, (4 MB/10 MB)
2025-01-27 17:03:50,413 INFO tc.testcontainers/ryuk:0.11.0 - Pulling image layers:  0 pending,  3 downloaded,  3 extracted, (10 MB/10 MB)
2025-01-27 17:03:50,421 INFO tc.testcontainers/ryuk:0.11.0 - Image testcontainers/ryuk:0.11.0 pull took PT1.047649004S
2025-01-27 17:03:50,440 INFO tc.testcontainers/ryuk:0.11.0 - Creating container for image: testcontainers/ryuk:0.11.0
2025-01-27 17:03:50,505 INFO tc.testcontainers/ryuk:0.11.0 - Container testcontainers/ryuk:0.11.0 is starting: a70e23f0193479cf7dccbc6b7ec3ca2e399a6d88ccba02d585ccb175c671e242
2025-01-27 17:03:50,880 INFO tc.testcontainers/ryuk:0.11.0 - Container testcontainers/ryuk:0.11.0 started in PT0.440056802S
2025-01-27 17:03:50,884 INFO o.t.utility.RyukResourceReaper - Ryuk started - will monitor and terminate Testcontainers containers on JVM exit
2025-01-27 17:03:50,884 INFO o.testcontainers.DockerClientFactory - Checking the system...
2025-01-27 17:03:50,885 INFO o.testcontainers.DockerClientFactory - ✔︎ Docker server version should be at least 1.6.0
2025-01-27 17:03:50,965 INFO o.t.i.builder.ImageFromDockerfile - Pre-emptively checking local images for 'ubuntu:noble-20241118.1@sha256:80dd3c3b9c6cecb9f1667e9290b3bc61b78c2678c02cbdae5f0fea92cc6734ab', referenced via a Dockerfile. If not available, it will be pulled.
2025-01-27 17:03:50,967 INFO t.u.1@sha256:80dd3c... - Pulling docker image: ubuntu:noble-20241118.1@sha256:80dd3c3b9c6cecb9f1667e9290b3bc61b78c2678c02cbdae5f0fea92cc6734ab. Please be patient; this may take some time but only needs to be done once.
2025-01-27 17:03:51,228 INFO t.u.1@sha256:80dd3c... - Starting to pull image
2025-01-27 17:03:51,229 INFO t.u.1@sha256:80dd3c... - Pulling image layers:  0 pending,  0 downloaded,  0 extracted, (0 bytes/0 bytes)
2025-01-27 17:03:51,783 INFO t.u.1@sha256:80dd3c... - Pulling image layers:  0 pending,  1 downloaded,  0 extracted, (15 MB/28 MB)
2025-01-27 17:03:52,723 INFO t.u.1@sha256:80dd3c... - Pulling image layers:  0 pending,  1 downloaded,  1 extracted, (28 MB/28 MB)
2025-01-27 17:03:52,729 INFO t.u.1@sha256:80dd3c... - Pull complete. 1 layers, pulled in 1s (downloaded 28 MB at 28 MB/s)
2025-01-27 17:03:52,729 INFO t.u.1@sha256:80dd3c... - Image ubuntu:noble-20241118.1@sha256:80dd3c3b9c6cecb9f1667e9290b3bc61b78c2678c02cbdae5f0fea92cc6734ab pull took PT1.761289146S
2025-01-27 17:03:52,732 INFO o.t.i.builder.ImageFromDockerfile - Pre-emptively checking local images for 'rancher/k3s:v1.32.0-k3s1', referenced via a Dockerfile. If not available, it will be pulled.
2025-01-27 17:03:52,733 INFO tc.rancher/k3s:v1.32.0-k3s1 - Pulling docker image: rancher/k3s:v1.32.0-k3s1. Please be patient; this may take some time but only needs to be done once.
2025-01-27 17:03:53,104 INFO tc.rancher/k3s:v1.32.0-k3s1 - Starting to pull image
2025-01-27 17:03:53,105 INFO tc.rancher/k3s:v1.32.0-k3s1 - Pulling image layers:  0 pending,  0 downloaded,  0 extracted, (0 bytes/0 bytes)
2025-01-27 17:03:53,748 INFO tc.rancher/k3s:v1.32.0-k3s1 - Pulling image layers:  0 pending,  1 downloaded,  0 extracted, (69 MB/71 MB)
2025-01-27 17:03:54,802 INFO tc.rancher/k3s:v1.32.0-k3s1 - Pulling image layers:  0 pending,  1 downloaded,  1 extracted, (71 MB/71 MB)
2025-01-27 17:03:54,810 INFO tc.rancher/k3s:v1.32.0-k3s1 - Pull complete. 1 layers, pulled in 1s (downloaded 71 MB at 71 MB/s)
2025-01-27 17:03:54,810 INFO tc.rancher/k3s:v1.32.0-k3s1 - Image rancher/k3s:v1.32.0-k3s1 pull took PT2.07649367S
2025-01-27 17:03:54,817 INFO o.t.i.builder.ImageFromDockerfile - Transferred 0 bytes to Docker daemon
2025-01-27 17:04:09,025 INFO c.h.h.t.HelmChartContainer - Starting HelmChartContainer...
2025-01-27 17:04:09,028 INFO t.localhost/testcontainers/8yxxenwkta95sjcm:latest - Creating container for image: localhost/testcontainers/8yxxenwkta95sjcm:latest
2025-01-27 17:04:09,094 INFO tc.alpine:3.17 - Pulling docker image: alpine:3.17. Please be patient; this may take some time but only needs to be done once.
2025-01-27 17:04:09,467 INFO tc.alpine:3.17 - Starting to pull image
2025-01-27 17:04:09,468 INFO tc.alpine:3.17 - Pulling image layers:  0 pending,  0 downloaded,  0 extracted, (0 bytes/0 bytes)
2025-01-27 17:04:09,708 INFO tc.alpine:3.17 - Pulling image layers:  0 pending,  1 downloaded,  0 extracted, (3 MB/3 MB)
2025-01-27 17:04:09,805 INFO tc.alpine:3.17 - Pulling image layers:  0 pending,  1 downloaded,  1 extracted, (3 MB/3 MB)
2025-01-27 17:04:09,812 INFO tc.alpine:3.17 - Image alpine:3.17 pull took PT0.717793468S
2025-01-27 17:04:10,382 INFO t.localhost/testcontainers/8yxxenwkta95sjcm:latest - Container localhost/testcontainers/8yxxenwkta95sjcm:latest is starting: e7d25c28f32f7338ad2e09fb57b835cda2c07bbee29ca2d90083579652da1da3
2025-01-27 17:04:10,756 INFO c.h.h.t.HelmChartContainer - [K3S] [INFO] Starting k3s v1.32.0+k3s1 (cca8faca)
2025-01-27 17:04:10,759 INFO c.h.h.t.HelmChartContainer - [K3S] [INFO] Configuring sqlite3 database connection pooling: maxIdleConns=2, maxOpenConns=0, connMaxLifetime=0s
2025-01-27 17:04:10,760 INFO c.h.h.t.HelmChartContainer - [K3S] [INFO] Configuring database table schema and indexes, this may take a moment...
2025-01-27 17:04:10,763 INFO c.h.h.t.HelmChartContainer - [K3S] [INFO] Database tables and indexes are up to date
2025-01-27 17:04:10,766 INFO c.h.h.t.HelmChartContainer - [K3S] [INFO] Kine available at unix://kine.sock
2025-01-27 17:04:10,842 INFO c.h.h.t.HelmChartContainer - [K3S] [INFO] Saving cluster bootstrap data to datastore
2025-01-27 17:04:10,842 INFO c.h.h.t.HelmChartContainer - [K3S] [WARNING] dynamiclistener [::]:6443: no cached certificate available for preload - deferring certificate load until storage initialization or first client request
2025-01-27 17:04:10,843 INFO c.h.h.t.HelmChartContainer - [K3S] [INFO] Active TLS secret / (ver=) (count 10): map[listener.cattle.io/cn-10.43.0.1:10.43.0.1 listener.cattle.io/cn-127.0.0.1:127.0.0.1 listener.cattle.io/cn-172.18.0.2:172.18.0.2 listener.cattle.io/cn-__1-f16284:::1 listener.cattle.io/cn-e7d25c28f32f:e7d25c28f32f listener.cattle.io/cn-kubernetes:kubernetes listener.cattle.io/cn-kubernetes.default:kubernetes.default listener.cattle.io/cn-kubernetes.default.svc:kubernetes.default.svc listener.cattle.io/cn-kubernetes.default.svc.cluster.local:kubernetes.default.svc.cluster.local listener.cattle.io/cn-localhost:localhost listener.cattle.io/fingerprint:SHA1=A29787AC27977A0177423D5DB0F38AF0F3CA3C1D]
2025-01-27 17:04:11,011 INFO c.h.h.t.HelmChartContainer - [K3S] [INFO] Running kube-apiserver --advertise-port=6443 --allow-privileged=true --anonymous-auth=false --api-audiences=https://kubernetes.default.svc.cluster.local,k3s --authorization-mode=Node,RBAC --bind-address=127.0.0.1 --cert-dir=/var/lib/rancher/k3s/server/tls/temporary-certs --client-ca-file=/var/lib/rancher/k3s/server/tls/client-ca.crt --egress-selector-config-file=/var/lib/rancher/k3s/server/etc/egress-selector-config.yaml --enable-admission-plugins=NodeRestriction --enable-aggregator-routing=true --enable-bootstrap-token-auth=true --etcd-compaction-interval=0s --etcd-servers=unix://kine.sock --kubelet-certificate-authority=/var/lib/rancher/k3s/server/tls/server-ca.crt --kubelet-client-certificate=/var/lib/rancher/k3s/server/tls/client-kube-apiserver.crt --kubelet-client-key=/var/lib/rancher/k3s/server/tls/client-kube-apiserver.key --kubelet-preferred-address-types=InternalIP,ExternalIP,Hostname --profiling=false --proxy-client-cert-file=/var/lib/rancher/k3s/server/tls/client-auth-proxy.crt --proxy-client-key-file=/var/lib/rancher/k3s/server/tls/client-auth-proxy.key --requestheader-allowed-names=system:auth-proxy --requestheader-client-ca-file=/var/lib/rancher/k3s/server/tls/request-header-ca.crt --requestheader-extra-headers-prefix=X-Remote-Extra- --requestheader-group-headers=X-Remote-Group --requestheader-username-headers=X-Remote-User --secure-port=6444 --service-account-issuer=https://kubernetes.default.svc.cluster.local --service-account-key-file=/var/lib/rancher/k3s/server/tls/service.key --service-account-signing-key-file=/var/lib/rancher/k3s/server/tls/service.current.key --service-cluster-ip-range=10.43.0.0/16 --service-node-port-range=30000-32767 --storage-backend=etcd3 --tls-cert-file=/var/lib/rancher/k3s/server/tls/serving-kube-apiserver.crt --tls-cipher-suites=TLS_ECDHE_ECDSA_WITH_AES_256_GCM_SHA384,TLS_ECDHE_RSA_WITH_AES_256_GCM_SHA384,TLS_ECDHE_ECDSA_WITH_AES_128_GCM_SHA256,TLS_ECDHE_RSA_WITH_AES_128_GCM_SHA256,TLS_ECDHE_ECDSA_WITH_CHACHA20_POLY1305,TLS_ECDHE_RSA_WITH_CHACHA20_POLY1305 --tls-private-key-file=/var/lib/rancher/k3s/server/tls/serving-kube-apiserver.key
2025-01-27 17:04:11,012 INFO c.h.h.t.HelmChartContainer - [K3S] [INFO] Running kube-scheduler --authentication-kubeconfig=/var/lib/rancher/k3s/server/cred/scheduler.kubeconfig --authorization-kubeconfig=/var/lib/rancher/k3s/server/cred/scheduler.kubeconfig --bind-address=127.0.0.1 --kubeconfig=/var/lib/rancher/k3s/server/cred/scheduler.kubeconfig --leader-elect=false --profiling=false --secure-port=10259
2025-01-27 17:04:11,012 INFO c.h.h.t.HelmChartContainer - [K3S] [INFO] Waiting for API server to become available
2025-01-27 17:04:11,012 INFO c.h.h.t.HelmChartContainer - [K3S] [registry.go:256] calling componentGlobalsRegistry.AddFlags more than once, the registry will be set by the latest flags
2025-01-27 17:04:11,013 INFO c.h.h.t.HelmChartContainer - [K3S] [INFO] Running kube-controller-manager --allocate-node-cidrs=true --authentication-kubeconfig=/var/lib/rancher/k3s/server/cred/controller.kubeconfig --authorization-kubeconfig=/var/lib/rancher/k3s/server/cred/controller.kubeconfig --bind-address=127.0.0.1 --cluster-cidr=10.42.0.0/16 --cluster-signing-kube-apiserver-client-cert-file=/var/lib/rancher/k3s/server/tls/client-ca.nochain.crt --cluster-signing-kube-apiserver-client-key-file=/var/lib/rancher/k3s/server/tls/client-ca.key --cluster-signing-kubelet-client-cert-file=/var/lib/rancher/k3s/server/tls/client-ca.nochain.crt --cluster-signing-kubelet-client-key-file=/var/lib/rancher/k3s/server/tls/client-ca.key --cluster-signing-kubelet-serving-cert-file=/var/lib/rancher/k3s/server/tls/server-ca.nochain.crt --cluster-signing-kubelet-serving-key-file=/var/lib/rancher/k3s/server/tls/server-ca.key --cluster-signing-legacy-unknown-cert-file=/var/lib/rancher/k3s/server/tls/server-ca.nochain.crt --cluster-signing-legacy-unknown-key-file=/var/lib/rancher/k3s/server/tls/server-ca.key --configure-cloud-routes=false --controllers=*,tokencleaner,-service,-route,-cloud-node-lifecycle --kubeconfig=/var/lib/rancher/k3s/server/cred/controller.kubeconfig --leader-elect=false --profiling=false --root-ca-file=/var/lib/rancher/k3s/server/tls/server-ca.crt --secure-port=10257 --service-account-private-key-file=/var/lib/rancher/k3s/server/tls/service.current.key --service-cluster-ip-range=10.43.0.0/16 --use-service-account-credentials=true
2025-01-27 17:04:11,014 INFO c.h.h.t.HelmChartContainer - [K3S] [registry.go:256] calling componentGlobalsRegistry.AddFlags more than once, the registry will be set by the latest flags
2025-01-27 17:04:11,014 INFO c.h.h.t.HelmChartContainer - [K3S] [options.go:238] external host was not specified, using 172.18.0.2
2025-01-27 17:04:11,015 INFO c.h.h.t.HelmChartContainer - [K3S] [options.go:299] unable to set WatchListClient feature gate, err: cannot override default for feature "WatchListClient": gates already added to a flag set
2025-01-27 17:04:11,015 INFO c.h.h.t.HelmChartContainer - [K3S] [registry.go:256] calling componentGlobalsRegistry.AddFlags more than once, the registry will be set by the latest flags
2025-01-27 17:04:11,015 INFO c.h.h.t.HelmChartContainer - [K3S] [INFO] Running cloud-controller-manager --allocate-node-cidrs=true --authentication-kubeconfig=/var/lib/rancher/k3s/server/cred/cloud-controller.kubeconfig --authorization-kubeconfig=/var/lib/rancher/k3s/server/cred/cloud-controller.kubeconfig --bind-address=127.0.0.1 --cloud-config=/var/lib/rancher/k3s/server/etc/cloud-config.yaml --cloud-provider=k3s --cluster-cidr=10.42.0.0/16 --configure-cloud-routes=false --controllers=*,-route --kubeconfig=/var/lib/rancher/k3s/server/cred/cloud-controller.kubeconfig --leader-elect=false --leader-elect-resource-name=k3s-cloud-controller-manager --node-status-update-frequency=1m0s --profiling=false
2025-01-27 17:04:11,015 INFO c.h.h.t.HelmChartContainer - [K3S] [INFO] Server node token is available at /var/lib/rancher/k3s/server/token
2025-01-27 17:04:11,016 INFO c.h.h.t.HelmChartContainer - [K3S] [INFO] To join server node to cluster: k3s server -s https://172.18.0.2:6443 -t ${SERVER_NODE_TOKEN}
2025-01-27 17:04:11,016 INFO c.h.h.t.HelmChartContainer - [K3S] [INFO] Agent node token is available at /var/lib/rancher/k3s/server/agent-token
2025-01-27 17:04:11,016 INFO c.h.h.t.HelmChartContainer - [K3S] [INFO] To join agent node to cluster: k3s agent -s https://172.18.0.2:6443 -t ${AGENT_NODE_TOKEN}
2025-01-27 17:04:11,017 INFO c.h.h.t.HelmChartContainer - [K3S] [INFO] Wrote kubeconfig /etc/rancher/k3s/k3s.yaml
2025-01-27 17:04:11,017 INFO c.h.h.t.HelmChartContainer - [K3S] [INFO] Run: k3s kubectl
2025-01-27 17:04:11,017 INFO c.h.h.t.HelmChartContainer - [K3S] [server.go:151] Version: v1.32.0+k3s1
2025-01-27 17:04:11,018 INFO c.h.h.t.HelmChartContainer - [K3S] [server.go:153] "Golang settings" GOGC="" GOMAXPROCS="" GOTRACEBACK=""
2025-01-27 17:04:11,430 INFO c.h.h.t.HelmChartContainer - [K3S] [plugins.go:157] Loaded 13 mutating admission controller(s) successfully in the following order: NamespaceLifecycle,LimitRanger,ServiceAccount,NodeRestriction,TaintNodesByCondition,Priority,DefaultTolerationSeconds,DefaultStorageClass,StorageObjectInUseProtection,RuntimeClass,DefaultIngressClass,MutatingAdmissionPolicy,MutatingAdmissionWebhook.
2025-01-27 17:04:11,431 INFO c.h.h.t.HelmChartContainer - [K3S] [plugins.go:160] Loaded 13 validating admission controller(s) successfully in the following order: LimitRanger,ServiceAccount,PodSecurity,Priority,PersistentVolumeClaimResize,RuntimeClass,CertificateApproval,CertificateSigning,ClusterTrustBundleAttest,CertificateSubjectRestriction,ValidatingAdmissionPolicy,ValidatingAdmissionWebhook,ResourceQuota.
2025-01-27 17:04:11,431 INFO c.h.h.t.HelmChartContainer - [K3S] [instance.go:233] Using reconciler: lease
2025-01-27 17:04:11,496 INFO c.h.h.t.HelmChartContainer - [K3S] [apis.go:106] API group "internal.apiserver.k8s.io" is not enabled, skipping.
2025-01-27 17:04:11,551 INFO c.h.h.t.HelmChartContainer - [K3S] [apis.go:106] API group "storagemigration.k8s.io" is not enabled, skipping.
2025-01-27 17:04:11,581 INFO c.h.h.t.HelmChartContainer - [K3S] [apis.go:106] API group "resource.k8s.io" is not enabled, skipping.
2025-01-27 17:04:11,646 INFO c.h.h.t.HelmChartContainer - [K3S] [INFO] Password verified locally for node e7d25c28f32f
2025-01-27 17:04:11,920 INFO c.h.h.t.HelmChartContainer - [K3S] [dynamic_cafile_content.go:161] "Starting controller" name="request-header::/var/lib/rancher/k3s/server/tls/request-header-ca.crt"
2025-01-27 17:04:11,922 INFO c.h.h.t.HelmChartContainer - [K3S] [tlsconfig.go:243] "Starting DynamicServingCertificateController"
2025-01-27 17:04:11,922 INFO c.h.h.t.HelmChartContainer - [K3S] [dynamic_serving_content.go:135] "Starting controller" name="serving-cert::/var/lib/rancher/k3s/server/tls/serving-kube-apiserver.crt::/var/lib/rancher/k3s/server/tls/serving-kube-apiserver.key"
2025-01-27 17:04:11,924 INFO c.h.h.t.HelmChartContainer - [K3S] [dynamic_cafile_content.go:161] "Starting controller" name="client-ca-bundle::/var/lib/rancher/k3s/server/tls/client-ca.crt"
2025-01-27 17:04:11,924 INFO c.h.h.t.HelmChartContainer - [K3S] [secure_serving.go:213] Serving securely on 127.0.0.1:6444
2025-01-27 17:04:11,925 INFO c.h.h.t.HelmChartContainer - [K3S] [remote_available_controller.go:411] Starting RemoteAvailability controller
2025-01-27 17:04:11,928 INFO c.h.h.t.HelmChartContainer - [K3S] [aggregator.go:169] waiting for initial CRD sync...
2025-01-27 17:04:11,928 INFO c.h.h.t.HelmChartContainer - [K3S] [system_namespaces_controller.go:66] Starting system namespaces controller
2025-01-27 17:04:11,928 INFO c.h.h.t.HelmChartContainer - [K3S] [gc_controller.go:78] Starting apiserver lease garbage collector
2025-01-27 17:04:11,928 INFO c.h.h.t.HelmChartContainer - [K3S] [controller.go:119] Starting legacy_token_tracking_controller
2025-01-27 17:04:11,928 INFO c.h.h.t.HelmChartContainer - [K3S] [controller.go:80] Starting OpenAPI V3 AggregationController
2025-01-27 17:04:11,929 INFO c.h.h.t.HelmChartContainer - [K3S] [customresource_discovery_controller.go:292] Starting DiscoveryController
2025-01-27 17:04:11,929 INFO c.h.h.t.HelmChartContainer - [K3S] [apf_controller.go:377] Starting API Priority and Fairness config controller
2025-01-27 17:04:11,929 INFO c.h.h.t.HelmChartContainer - [K3S] [apiservice_controller.go:100] Starting APIServiceRegistrationController
2025-01-27 17:04:11,929 INFO c.h.h.t.HelmChartContainer - [K3S] [crdregistration_controller.go:114] Starting crd-autoregister controller
2025-01-27 17:04:11,929 INFO c.h.h.t.HelmChartContainer - [K3S] [controller.go:78] Starting OpenAPI AggregationController
2025-01-27 17:04:11,929 INFO c.h.h.t.HelmChartContainer - [K3S] [controller.go:142] Starting OpenAPI controller
2025-01-27 17:04:11,929 INFO c.h.h.t.HelmChartContainer - [K3S] [local_available_controller.go:156] Starting LocalAvailability controller
2025-01-27 17:04:11,930 INFO c.h.h.t.HelmChartContainer - [K3S] [controller.go:90] Starting OpenAPI V3 controller
2025-01-27 17:04:11,930 INFO c.h.h.t.HelmChartContainer - [K3S] [naming_controller.go:294] Starting NamingConditionController
2025-01-27 17:04:11,930 INFO c.h.h.t.HelmChartContainer - [K3S] [establishing_controller.go:81] Starting EstablishingController
2025-01-27 17:04:11,930 INFO c.h.h.t.HelmChartContainer - [K3S] [dynamic_serving_content.go:135] "Starting controller" name="aggregator-proxy-cert::/var/lib/rancher/k3s/server/tls/client-auth-proxy.crt::/var/lib/rancher/k3s/server/tls/client-auth-proxy.key"
2025-01-27 17:04:11,930 INFO c.h.h.t.HelmChartContainer - [K3S] [nonstructuralschema_controller.go:195] Starting NonStructuralSchemaConditionController
2025-01-27 17:04:11,930 INFO c.h.h.t.HelmChartContainer - [K3S] [apiapproval_controller.go:189] Starting KubernetesAPIApprovalPolicyConformantConditionController
2025-01-27 17:04:11,930 INFO c.h.h.t.HelmChartContainer - [K3S] [crd_finalizer.go:269] Starting CRDFinalizer
2025-01-27 17:04:11,932 INFO c.h.h.t.HelmChartContainer - [K3S] [cluster_authentication_trust_controller.go:462] Starting cluster_authentication_trust_controller controller
2025-01-27 17:04:11,932 INFO c.h.h.t.HelmChartContainer - [K3S] [dynamic_cafile_content.go:161] "Starting controller" name="client-ca-bundle::/var/lib/rancher/k3s/server/tls/client-ca.crt"
2025-01-27 17:04:11,932 INFO c.h.h.t.HelmChartContainer - [K3S] [dynamic_cafile_content.go:161] "Starting controller" name="request-header::/var/lib/rancher/k3s/server/tls/request-header-ca.crt"
2025-01-27 17:04:12,013 INFO c.h.h.t.HelmChartContainer - [K3S] [policy_source.go:240] refreshing policies
2025-01-27 17:04:12,024 INFO c.h.h.t.HelmChartContainer - [K3S] [apf_controller.go:382] Running API Priority and Fairness config worker
2025-01-27 17:04:12,024 INFO c.h.h.t.HelmChartContainer - [K3S] [apf_controller.go:385] Running API Priority and Fairness periodic rebalancing process
2025-01-27 17:04:12,024 INFO c.h.h.t.HelmChartContainer - [K3S] [handler_discovery.go:451] Starting ResourceDiscoveryManager
2025-01-27 17:04:12,024 INFO c.h.h.t.HelmChartContainer - [K3S] [aggregator.go:171] initial CRD sync complete...
2025-01-27 17:04:12,024 INFO c.h.h.t.HelmChartContainer - [K3S] [autoregister_controller.go:144] Starting autoregister controller
2025-01-27 17:04:12,077 INFO c.h.h.t.HelmChartContainer - [K3S] [controller.go:95] Unable to perform initial Kubernetes service initialization: namespaces "default" not found
2025-01-27 17:04:12,218 INFO c.h.h.t.HelmChartContainer - [K3S] [WARNING] Host resolv.conf includes loopback or multicast nameservers - kubelet will use autogenerated resolv.conf with nameserver 8.8.8.8
2025-01-27 17:04:12,247 INFO c.h.h.t.HelmChartContainer - [K3S] [INFO] Module overlay was already loaded
2025-01-27 17:04:12,247 INFO c.h.h.t.HelmChartContainer - [K3S] [INFO] Module nf_conntrack was already loaded
2025-01-27 17:04:12,248 INFO c.h.h.t.HelmChartContainer - [K3S] [INFO] Module br_netfilter was already loaded
2025-01-27 17:04:12,252 INFO c.h.h.t.HelmChartContainer - [K3S] [INFO] Set sysctl 'net/netfilter/nf_conntrack_max' to 131072
2025-01-27 17:04:12,252 INFO c.h.h.t.HelmChartContainer - [K3S] [INFO] Set sysctl 'net/netfilter/nf_conntrack_tcp_timeout_established' to 86400
2025-01-27 17:04:12,252 INFO c.h.h.t.HelmChartContainer - [K3S] [INFO] Set sysctl 'net/netfilter/nf_conntrack_tcp_timeout_close_wait' to 3600
2025-01-27 17:04:12,253 INFO c.h.h.t.HelmChartContainer - [K3S] [INFO] Logging containerd to /var/lib/rancher/k3s/agent/containerd/containerd.log
2025-01-27 17:04:12,254 INFO c.h.h.t.HelmChartContainer - [K3S] [INFO] Running containerd -c /var/lib/rancher/k3s/agent/etc/containerd/config.toml -a /run/k3s/containerd/containerd.sock --state /run/k3s/containerd --root /var/lib/rancher/k3s/agent/containerd
2025-01-27 17:04:12,926 INFO c.h.h.t.HelmChartContainer - [K3S] [storage_scheduling.go:95] created PriorityClass system-node-critical with value 2000001000
2025-01-27 17:04:12,930 INFO c.h.h.t.HelmChartContainer - [K3S] [storage_scheduling.go:95] created PriorityClass system-cluster-critical with value 2000000000
2025-01-27 17:04:12,930 INFO c.h.h.t.HelmChartContainer - [K3S] [storage_scheduling.go:111] all system priority classes are created successfully or already exist.
2025-01-27 17:04:13,258 INFO c.h.h.t.HelmChartContainer - [K3S] [INFO] containerd is now running
2025-01-27 17:04:13,261 INFO c.h.h.t.HelmChartContainer - [K3S] [INFO] Connecting to proxy" url="wss://127.0.0.1:6443/v1-k3s/connect
2025-01-27 17:04:13,262 INFO c.h.h.t.HelmChartContainer - [K3S] [INFO] Creating k3s-cert-monitor event broadcaster
2025-01-27 17:04:13,263 INFO c.h.h.t.HelmChartContainer - [K3S] [INFO] Running kubelet --cloud-provider=external --config-dir=/var/lib/rancher/k3s/agent/etc/kubelet.conf.d --containerd=/run/k3s/containerd/containerd.sock --hostname-override=e7d25c28f32f --kubeconfig=/var/lib/rancher/k3s/agent/kubelet.kubeconfig --node-ip=172.18.0.2 --node-labels=
2025-01-27 17:04:13,263 INFO c.h.h.t.HelmChartContainer - [K3S] [INFO] Handling backend connection request [e7d25c28f32f]
2025-01-27 17:04:13,263 INFO c.h.h.t.HelmChartContainer - [K3S] [INFO] Remotedialer connected to proxy" url="wss://127.0.0.1:6443/v1-k3s/connect
2025-01-27 17:04:13,282 INFO c.h.h.t.HelmChartContainer - [K3S] [alloc.go:330] "allocated clusterIPs" service="default/kubernetes" clusterIPs={"IPv4":"10.43.0.1"}
2025-01-27 17:04:13,286 INFO c.h.h.t.HelmChartContainer - [K3S] [lease.go:265] Resetting endpoints for master service "kubernetes" to [172.18.0.2]
2025-01-27 17:04:13,349 INFO c.h.h.t.HelmChartContainer - [K3S] [ERROR] Sending HTTP/1.1 503 response to 127.0.0.1:50550: runtime core not ready
2025-01-27 17:04:13,443 INFO c.h.h.t.HelmChartContainer - [K3S] [INFO] Running kube-proxy --cluster-cidr=10.42.0.0/16 --conntrack-max-per-core=0 --conntrack-tcp-timeout-close-wait=0s --conntrack-tcp-timeout-established=0s --healthz-bind-address=127.0.0.1 --hostname-override=e7d25c28f32f --kubeconfig=/var/lib/rancher/k3s/agent/kubeproxy.kubeconfig --proxy-mode=iptables
2025-01-27 17:04:13,501 INFO c.h.h.t.HelmChartContainer - [K3S] [server.go:687] "Failed to retrieve node info" err="nodes \"e7d25c28f32f\" not found"
2025-01-27 17:04:14,014 INFO c.h.h.t.HelmChartContainer - [K3S] [INFO] Kube API server is now running
2025-01-27 17:04:14,015 INFO c.h.h.t.HelmChartContainer - [K3S] [INFO] ETCD server is now running
2025-01-27 17:04:14,017 INFO c.h.h.t.HelmChartContainer - [K3S] [INFO] k3s is up and running
2025-01-27 17:04:14,017 INFO c.h.h.t.HelmChartContainer - [K3S] [INFO] Waiting for untainted node
2025-01-27 17:04:14,017 INFO c.h.h.t.HelmChartContainer - [K3S] [INFO] Waiting for cloud-controller-manager privileges to become available
2025-01-27 17:04:14,017 INFO c.h.h.t.HelmChartContainer - [K3S] [INFO] Creating k3s-supervisor event broadcaster
2025-01-27 17:04:14,022 INFO c.h.h.t.HelmChartContainer - [K3S] [INFO] Applying CRD addons.k3s.cattle.io
2025-01-27 17:04:14,032 INFO c.h.h.t.HelmChartContainer - [K3S] [INFO] Applying CRD etcdsnapshotfiles.k3s.cattle.io
2025-01-27 17:04:14,041 INFO c.h.h.t.HelmChartContainer - [K3S] [INFO] Applying CRD helmcharts.helm.cattle.io
2025-01-27 17:04:14,052 INFO c.h.h.t.HelmChartContainer - [K3S] [INFO] Applying CRD helmchartconfigs.helm.cattle.io
2025-01-27 17:04:14,063 INFO c.h.h.t.HelmChartContainer - [K3S] [INFO] Waiting for CRD helmchartconfigs.helm.cattle.io to become available
2025-01-27 17:04:14,268 INFO c.h.h.t.HelmChartContainer - [K3S] Flag --containerd has been deprecated, This is a cadvisor flag that was mistakenly registered with the Kubelet. Due to legacy concerns, it will follow the standard CLI deprecation timeline before being removed.
2025-01-27 17:04:14,270 INFO c.h.h.t.HelmChartContainer - [K3S] [server.go:515] "Kubelet version" kubeletVersion="v1.32.0+k3s1"
2025-01-27 17:04:14,270 INFO c.h.h.t.HelmChartContainer - [K3S] [server.go:517] "Golang settings" GOGC="" GOMAXPROCS="" GOTRACEBACK=""
2025-01-27 17:04:14,272 INFO c.h.h.t.HelmChartContainer - [K3S] [dynamic_cafile_content.go:161] "Starting controller" name="client-ca-bundle::/var/lib/rancher/k3s/agent/client-ca.crt"
2025-01-27 17:04:14,274 INFO c.h.h.t.HelmChartContainer - [K3S] [log.go:32] "RuntimeConfig from runtime service failed" err="rpc error: code = Unimplemented desc = method RuntimeConfig not implemented"
2025-01-27 17:04:14,274 INFO c.h.h.t.HelmChartContainer - [K3S] [server.go:1416] "CRI implementation should be updated to support RuntimeConfig when KubeletCgroupDriverFromCRI feature gate has been enabled. Falling back to using cgroupDriver from kubelet config."
2025-01-27 17:04:14,277 INFO c.h.h.t.HelmChartContainer - [K3S] [info.go:53] Couldn't collect info from any of the files in "/etc/machine-id,/var/lib/dbus/machine-id"
2025-01-27 17:04:14,277 INFO c.h.h.t.HelmChartContainer - [K3S] [server.go:767] "--cgroups-per-qos enabled, but --cgroup-root was not specified.  defaulting to /"
2025-01-27 17:04:14,277 INFO c.h.h.t.HelmChartContainer - [K3S] [server.go:836] "NoSwap is set due to memorySwapBehavior not specified" memorySwapBehavior="" FailSwapOn=false
2025-01-27 17:04:14,277 INFO c.h.h.t.HelmChartContainer - [K3S] [swap_util.go:115] "Swap is on" /proc/swaps contents=<
2025-01-27 17:04:14,277 INFO c.h.h.t.HelmChartContainer - [K3S] 	Filename				Type		Size		Used		Priority
2025-01-27 17:04:14,278 INFO c.h.h.t.HelmChartContainer - [K3S] 	/mnt/swapfile                           file		4194300		0		-2
2025-01-27 17:04:14,278 INFO c.h.h.t.HelmChartContainer - [K3S]  >
2025-01-27 17:04:14,278 INFO c.h.h.t.HelmChartContainer - [K3S] [container_manager_linux.go:268] "Container manager verified user specified cgroup-root exists" cgroupRoot=[]
2025-01-27 17:04:14,279 INFO c.h.h.t.HelmChartContainer - [K3S] [container_manager_linux.go:273] "Creating Container Manager object based on Node Config" nodeConfig={"NodeName":"e7d25c28f32f","RuntimeCgroupsName":"","SystemCgroupsName":"","KubeletCgroupsName":"/k3s","KubeletOOMScoreAdj":-999,"ContainerRuntime":"","CgroupsPerQOS":true,"CgroupRoot":"/","CgroupDriver":"cgroupfs","KubeletRootDir":"/var/lib/kubelet","ProtectKernelDefaults":false,"KubeReservedCgroupName":"","SystemReservedCgroupName":"","ReservedSystemCPUs":{},"EnforceNodeAllocatable":{"pods":{}},"KubeReserved":null,"SystemReserved":null,"HardEvictionThresholds":[{"Signal":"imagefs.available","Operator":"LessThan","Value":{"Quantity":null,"Percentage":0.05},"GracePeriod":0,"MinReclaim":null},{"Signal":"nodefs.available","Operator":"LessThan","Value":{"Quantity":null,"Percentage":0.05},"GracePeriod":0,"MinReclaim":null}],"QOSReserved":{},"CPUManagerPolicy":"none","CPUManagerPolicyOptions":null,"TopologyManagerScope":"container","CPUManagerReconcilePeriod":10000000000,"ExperimentalMemoryManagerPolicy":"None","ExperimentalMemoryManagerReservedMemory":null,"PodPidsLimit":-1,"EnforceCPULimits":true,"CPUCFSQuotaPeriod":100000000,"TopologyManagerPolicy":"none","TopologyManagerPolicyOptions":null,"CgroupVersion":2}
2025-01-27 17:04:14,279 INFO c.h.h.t.HelmChartContainer - [K3S] [topology_manager.go:138] "Creating topology manager with none policy"
2025-01-27 17:04:14,279 INFO c.h.h.t.HelmChartContainer - [K3S] [container_manager_linux.go:304] "Creating device plugin manager"
2025-01-27 17:04:14,279 INFO c.h.h.t.HelmChartContainer - [K3S] [state_mem.go:36] "Initialized new in-memory state store"
2025-01-27 17:04:14,279 INFO c.h.h.t.HelmChartContainer - [K3S] [kubelet.go:446] "Attempting to sync node with API server"
2025-01-27 17:04:14,279 INFO c.h.h.t.HelmChartContainer - [K3S] [kubelet.go:341] "Adding static pod path" path="/var/lib/rancher/k3s/agent/pod-manifests"
2025-01-27 17:04:14,279 INFO c.h.h.t.HelmChartContainer - [K3S] [kubelet.go:352] "Adding apiserver pod source"
2025-01-27 17:04:14,279 INFO c.h.h.t.HelmChartContainer - [K3S] [apiserver.go:42] "Waiting for node sync before watching apiserver pods"
2025-01-27 17:04:14,280 INFO c.h.h.t.HelmChartContainer - [K3S] [kuberuntime_manager.go:269] "Container runtime initialized" containerRuntime="containerd" version="v1.7.23-k3s2" apiVersion="v1"
2025-01-27 17:04:14,280 INFO c.h.h.t.HelmChartContainer - [K3S] [kubelet.go:890] "Not starting ClusterTrustBundle informer because we are in static kubelet mode"
2025-01-27 17:04:14,281 INFO c.h.h.t.HelmChartContainer - [K3S] [probe.go:272] Flexvolume plugin directory at /usr/libexec/kubernetes/kubelet-plugins/volume/exec/ does not exist. Recreating.
2025-01-27 17:04:14,282 INFO c.h.h.t.HelmChartContainer - [K3S] [watchdog_linux.go:99] "Systemd watchdog is not enabled"
2025-01-27 17:04:14,282 INFO c.h.h.t.HelmChartContainer - [K3S] [server.go:1282] "Started kubelet"
2025-01-27 17:04:14,284 INFO c.h.h.t.HelmChartContainer - [K3S] [fs_resource_analyzer.go:67] "Starting FS ResourceAnalyzer"
2025-01-27 17:04:14,287 INFO c.h.h.t.HelmChartContainer - [K3S] [dynamic_serving_content.go:135] "Starting controller" name="kubelet-server-cert-files::/var/lib/rancher/k3s/agent/serving-kubelet.crt::/var/lib/rancher/k3s/agent/serving-kubelet.key"
2025-01-27 17:04:14,287 INFO c.h.h.t.HelmChartContainer - [K3S] [server.go:169] "Starting to listen" address="0.0.0.0" port=10250
2025-01-27 17:04:14,290 INFO c.h.h.t.HelmChartContainer - [K3S] [server.go:490] "Adding debug handlers to kubelet server"
2025-01-27 17:04:14,290 INFO c.h.h.t.HelmChartContainer - [K3S] [server.go:208] "Starting to listen read-only" address="0.0.0.0" port=10255
2025-01-27 17:04:14,293 INFO c.h.h.t.HelmChartContainer - [K3S] [ratelimit.go:55] "Setting rate limiting for endpoint" service="podresources" qps=100 burstTokens=10
2025-01-27 17:04:14,294 INFO c.h.h.t.HelmChartContainer - [K3S] [server.go:243] "Starting to serve the podresources API" endpoint="unix:/var/lib/kubelet/pod-resources/kubelet.sock"
2025-01-27 17:04:14,303 INFO c.h.h.t.HelmChartContainer - [K3S] [kubelet.go:1561] "Image garbage collection failed once. Stats initialization may not have completed yet" err="invalid capacity 0 on image filesystem"
2025-01-27 17:04:14,304 INFO c.h.h.t.HelmChartContainer - [K3S] [kubelet_node_status.go:467] "Error getting the current node from lister" err="node \"e7d25c28f32f\" not found"
2025-01-27 17:04:14,304 INFO c.h.h.t.HelmChartContainer - [K3S] [volume_manager.go:297] "Starting Kubelet Volume Manager"
2025-01-27 17:04:14,304 INFO c.h.h.t.HelmChartContainer - [K3S] [desired_state_of_world_populator.go:149] "Desired state populator starts to run"
2025-01-27 17:04:14,304 INFO c.h.h.t.HelmChartContainer - [K3S] [reconciler.go:26] "Reconciler: start to sync state"
2025-01-27 17:04:14,310 INFO c.h.h.t.HelmChartContainer - [K3S] [factory.go:221] Registration of the containerd container factory successfully
2025-01-27 17:04:14,311 INFO c.h.h.t.HelmChartContainer - [K3S] [factory.go:221] Registration of the systemd container factory successfully
2025-01-27 17:04:14,311 INFO c.h.h.t.HelmChartContainer - [K3S] [factory.go:219] Registration of the crio container factory failed: Get "http://%2Fvar%2Frun%2Fcrio%2Fcrio.sock/info": dial unix /var/run/crio/crio.sock: connect: no such file or directory
2025-01-27 17:04:14,312 INFO c.h.h.t.HelmChartContainer - [K3S] [nodelease.go:49] "Failed to get node when trying to set owner ref to the node lease" err="nodes \"e7d25c28f32f\" not found" node="e7d25c28f32f"
2025-01-27 17:04:14,331 INFO c.h.h.t.HelmChartContainer - [K3S] [kubelet_network_linux.go:50] "Initialized iptables rules." protocol="IPv4"
2025-01-27 17:04:14,332 INFO c.h.h.t.HelmChartContainer - [K3S] [kubelet_network_linux.go:50] "Initialized iptables rules." protocol="IPv6"
2025-01-27 17:04:14,332 INFO c.h.h.t.HelmChartContainer - [K3S] [status_manager.go:227] "Starting to sync pod status with apiserver"
2025-01-27 17:04:14,332 INFO c.h.h.t.HelmChartContainer - [K3S] [watchdog_linux.go:127] "Systemd watchdog is not enabled or the interval is invalid, so health checking will not be started."
2025-01-27 17:04:14,332 INFO c.h.h.t.HelmChartContainer - [K3S] [kubelet.go:2388] "Starting kubelet main sync loop"
2025-01-27 17:04:14,332 INFO c.h.h.t.HelmChartContainer - [K3S] [kubelet.go:2412] "Skipping pod synchronization" err="[container runtime status check may not have completed yet, PLEG is not healthy: pleg has yet to be successful]"
2025-01-27 17:04:14,351 INFO c.h.h.t.HelmChartContainer - [K3S] [cpu_manager.go:221] "Starting CPU manager" policy="none"
2025-01-27 17:04:14,352 INFO c.h.h.t.HelmChartContainer - [K3S] [cpu_manager.go:222] "Reconciling" reconcilePeriod="10s"
2025-01-27 17:04:14,353 INFO c.h.h.t.HelmChartContainer - [K3S] [state_mem.go:36] "Initialized new in-memory state store"
2025-01-27 17:04:14,354 INFO c.h.h.t.HelmChartContainer - [K3S] [policy_none.go:49] "None policy: Start"
2025-01-27 17:04:14,354 INFO c.h.h.t.HelmChartContainer - [K3S] [memory_manager.go:186] "Starting memorymanager" policy="None"
2025-01-27 17:04:14,355 INFO c.h.h.t.HelmChartContainer - [K3S] [state_mem.go:35] "Initializing new in-memory state store"
2025-01-27 17:04:14,358 INFO c.h.h.t.HelmChartContainer - [K3S] [manager.go:519] "Failed to read data from checkpoint" checkpoint="kubelet_internal_checkpoint" err="checkpoint is not found"
2025-01-27 17:04:14,362 INFO c.h.h.t.HelmChartContainer - [K3S] [eviction_manager.go:189] "Eviction manager: starting control loop"
2025-01-27 17:04:14,363 INFO c.h.h.t.HelmChartContainer - [K3S] [container_log_manager.go:189] "Initializing container log rotate workers" workers=1 monitorPeriod="10s"
2025-01-27 17:04:14,363 INFO c.h.h.t.HelmChartContainer - [K3S] [plugin_manager.go:118] "Starting Kubelet Plugin Manager"
2025-01-27 17:04:14,366 INFO c.h.h.t.HelmChartContainer - [K3S] [eviction_manager.go:267] "eviction manager: failed to check if we have separate container filesystem. Ignoring." err="no imagefs label for configured runtime"
2025-01-27 17:04:14,366 INFO c.h.h.t.HelmChartContainer - [K3S] [eviction_manager.go:292] "Eviction manager: failed to get summary stats" err="failed to get node info: node \"e7d25c28f32f\" not found"
2025-01-27 17:04:14,465 INFO c.h.h.t.HelmChartContainer - [K3S] [kubelet_node_status.go:76] "Attempting to register node" node="e7d25c28f32f"
2025-01-27 17:04:14,469 INFO c.h.h.t.HelmChartContainer - [K3S] [kubelet_node_status.go:79] "Successfully registered node" node="e7d25c28f32f"
2025-01-27 17:04:14,469 INFO c.h.h.t.HelmChartContainer - [K3S] [kubelet_node_status.go:549] "Error updating node status, will retry" err="error getting node \"e7d25c28f32f\": node \"e7d25c28f32f\" not found"
2025-01-27 17:04:14,475 INFO c.h.h.t.HelmChartContainer - [K3S] [INFO] Annotations and labels have been set successfully on node: e7d25c28f32f
2025-01-27 17:04:14,475 INFO c.h.h.t.HelmChartContainer - [K3S] [INFO] Starting flannel with backend vxlan
2025-01-27 17:04:14,511 INFO c.h.h.t.HelmChartContainer - [K3S] [serving.go:392] Generated self-signed cert in-memory
2025-01-27 17:04:14,566 INFO c.h.h.t.HelmChartContainer - [K3S] [INFO] Done waiting for CRD helmchartconfigs.helm.cattle.io to become available
2025-01-27 17:04:14,566 INFO c.h.h.t.HelmChartContainer - [K3S] [INFO] Writing static file: /var/lib/rancher/k3s/server/static/charts/traefik-27.0.201+up27.0.2.tgz
2025-01-27 17:04:14,567 INFO c.h.h.t.HelmChartContainer - [K3S] [INFO] Writing static file: /var/lib/rancher/k3s/server/static/charts/traefik-crd-27.0.201+up27.0.2.tgz
2025-01-27 17:04:14,568 INFO c.h.h.t.HelmChartContainer - [K3S] [INFO] Writing manifest: /var/lib/rancher/k3s/server/manifests/metrics-server/resource-reader.yaml
2025-01-27 17:04:14,568 INFO c.h.h.t.HelmChartContainer - [K3S] [INFO] Writing manifest: /var/lib/rancher/k3s/server/manifests/ccm.yaml
2025-01-27 17:04:14,568 INFO c.h.h.t.HelmChartContainer - [K3S] [INFO] Writing manifest: /var/lib/rancher/k3s/server/manifests/coredns.yaml
2025-01-27 17:04:14,568 INFO c.h.h.t.HelmChartContainer - [K3S] [INFO] Writing manifest: /var/lib/rancher/k3s/server/manifests/metrics-server/aggregated-metrics-reader.yaml
2025-01-27 17:04:14,568 INFO c.h.h.t.HelmChartContainer - [K3S] [INFO] Writing manifest: /var/lib/rancher/k3s/server/manifests/metrics-server/auth-reader.yaml
2025-01-27 17:04:14,569 INFO c.h.h.t.HelmChartContainer - [K3S] [INFO] Writing manifest: /var/lib/rancher/k3s/server/manifests/metrics-server/metrics-apiservice.yaml
2025-01-27 17:04:14,569 INFO c.h.h.t.HelmChartContainer - [K3S] [INFO] Writing manifest: /var/lib/rancher/k3s/server/manifests/metrics-server/metrics-server-deployment.yaml
2025-01-27 17:04:14,569 INFO c.h.h.t.HelmChartContainer - [K3S] [INFO] Writing manifest: /var/lib/rancher/k3s/server/manifests/local-storage.yaml
2025-01-27 17:04:14,569 INFO c.h.h.t.HelmChartContainer - [K3S] [INFO] Writing manifest: /var/lib/rancher/k3s/server/manifests/metrics-server/auth-delegator.yaml
2025-01-27 17:04:14,569 INFO c.h.h.t.HelmChartContainer - [K3S] [INFO] Writing manifest: /var/lib/rancher/k3s/server/manifests/metrics-server/metrics-server-service.yaml
2025-01-27 17:04:14,569 INFO c.h.h.t.HelmChartContainer - [K3S] [INFO] Writing manifest: /var/lib/rancher/k3s/server/manifests/rolebindings.yaml
2025-01-27 17:04:14,569 INFO c.h.h.t.HelmChartContainer - [K3S] [INFO] Writing manifest: /var/lib/rancher/k3s/server/manifests/runtimes.yaml
2025-01-27 17:04:14,570 INFO c.h.h.t.HelmChartContainer - [K3S] [INFO] Starting dynamiclistener CN filter node controller with SANs: [localhost 127.0.0.1 ::1 localhost e7d25c28f32f 172.18.0.2 10.43.0.1 kubernetes kubernetes.default kubernetes.default.svc kubernetes.default.svc.cluster.local]
2025-01-27 17:04:14,571 INFO c.h.h.t.HelmChartContainer - [K3S] [INFO] Tunnel server egress proxy mode: agent
2025-01-27 17:04:14,576 INFO c.h.h.t.HelmChartContainer - [K3S] [server.go:698] "Successfully retrieved node IP(s)" IPs=["172.18.0.2"]
2025-01-27 17:04:14,576 INFO c.h.h.t.HelmChartContainer - [K3S] [server.go:234] "Kube-proxy configuration may be incomplete or incorrect" err="nodePortAddresses is unset; NodePort connections will be accepted on all local IPs. Consider using `--nodeport-addresses primary`"
2025-01-27 17:04:14,580 INFO c.h.h.t.HelmChartContainer - [K3S] [server.go:243] "kube-proxy running in dual-stack mode" primary ipFamily="IPv4"
2025-01-27 17:04:14,580 INFO c.h.h.t.HelmChartContainer - [K3S] [server_linux.go:170] "Using iptables Proxier"
2025-01-27 17:04:14,581 INFO c.h.h.t.HelmChartContainer - [K3S] [proxier.go:255] "Setting route_localnet=1 to allow node-ports on localhost; to change this either disable iptables.localhostNodePorts (--iptables-localhost-nodeports) or set nodePortAddresses (--nodeport-addresses) to filter loopback addresses"
2025-01-27 17:04:14,587 INFO c.h.h.t.HelmChartContainer - [K3S] [server.go:497] "Version info" version="v1.32.0+k3s1"
2025-01-27 17:04:14,587 INFO c.h.h.t.HelmChartContainer - [K3S] [server.go:499] "Golang settings" GOGC="" GOMAXPROCS="" GOTRACEBACK=""
2025-01-27 17:04:14,587 INFO c.h.h.t.HelmChartContainer - [K3S] [config.go:199] "Starting service config controller"
2025-01-27 17:04:14,587 INFO c.h.h.t.HelmChartContainer - [K3S] [config.go:105] "Starting endpoint slice config controller"
2025-01-27 17:04:14,588 INFO c.h.h.t.HelmChartContainer - [K3S] [config.go:329] "Starting node config controller"
2025-01-27 17:04:14,675 INFO c.h.h.t.HelmChartContainer - [K3S] [INFO] Starting k3s.cattle.io/v1, Kind=Addon controller
2025-01-27 17:04:14,676 INFO c.h.h.t.HelmChartContainer - [K3S] [INFO] Creating deploy event broadcaster
2025-01-27 17:04:14,681 INFO c.h.h.t.HelmChartContainer - [K3S] [kubelet_node_status.go:502] "Fast updating node status as it just became ready"
2025-01-27 17:04:14,781 INFO c.h.h.t.HelmChartContainer - [K3S] [INFO] Starting /v1, Kind=Node controller
2025-01-27 17:04:14,785 INFO c.h.h.t.HelmChartContainer - [K3S] [INFO] Creating helm-controller event broadcaster
2025-01-27 17:04:14,798 INFO c.h.h.t.HelmChartContainer - [K3S] [INFO] Cluster dns configmap has been set successfully
2025-01-27 17:04:14,838 INFO c.h.h.t.HelmChartContainer - [K3S] [controllermanager.go:185] "Starting" version="v1.32.0+k3s1"
2025-01-27 17:04:14,838 INFO c.h.h.t.HelmChartContainer - [K3S] [controllermanager.go:187] "Golang settings" GOGC="" GOMAXPROCS="" GOTRACEBACK=""
2025-01-27 17:04:14,840 INFO c.h.h.t.HelmChartContainer - [K3S] [configmap_cafile_content.go:205] "Starting controller" name="client-ca::kube-system::extension-apiserver-authentication::requestheader-client-ca-file"
2025-01-27 17:04:14,840 INFO c.h.h.t.HelmChartContainer - [K3S] [requestheader_controller.go:180] Starting RequestHeaderAuthRequestController
2025-01-27 17:04:14,842 INFO c.h.h.t.HelmChartContainer - [K3S] [configmap_cafile_content.go:205] "Starting controller" name="client-ca::kube-system::extension-apiserver-authentication::client-ca-file"
2025-01-27 17:04:14,842 INFO c.h.h.t.HelmChartContainer - [K3S] [secure_serving.go:213] Serving securely on 127.0.0.1:10257
2025-01-27 17:04:14,842 INFO c.h.h.t.HelmChartContainer - [K3S] [tlsconfig.go:243] "Starting DynamicServingCertificateController"
2025-01-27 17:04:14,843 INFO c.h.h.t.HelmChartContainer - [K3S] [INFO] Starting /v1, Kind=Secret controller
2025-01-27 17:04:14,843 INFO c.h.h.t.HelmChartContainer - [K3S] [INFO] Starting /v1, Kind=ConfigMap controller
2025-01-27 17:04:14,843 INFO c.h.h.t.HelmChartContainer - [K3S] [INFO] Starting /v1, Kind=ServiceAccount controller
2025-01-27 17:04:14,847 INFO c.h.h.t.HelmChartContainer - [K3S] [controllermanager.go:765] "Started controller" controller="serviceaccount-token-controller"
2025-01-27 17:04:14,849 INFO c.h.h.t.HelmChartContainer - [K3S] [INFO] Updating TLS secret for kube-system/k3s-serving (count: 10): map[listener.cattle.io/cn-10.43.0.1:10.43.0.1 listener.cattle.io/cn-127.0.0.1:127.0.0.1 listener.cattle.io/cn-172.18.0.2:172.18.0.2 listener.cattle.io/cn-__1-f16284:::1 listener.cattle.io/cn-e7d25c28f32f:e7d25c28f32f listener.cattle.io/cn-kubernetes:kubernetes listener.cattle.io/cn-kubernetes.default:kubernetes.default listener.cattle.io/cn-kubernetes.default.svc:kubernetes.default.svc listener.cattle.io/cn-kubernetes.default.svc.cluster.local:kubernetes.default.svc.cluster.local listener.cattle.io/cn-localhost:localhost listener.cattle.io/fingerprint:SHA1=A29787AC27977A0177423D5DB0F38AF0F3CA3C1D]
2025-01-27 17:04:14,856 INFO c.h.h.t.HelmChartContainer - [K3S] [INFO] Active TLS secret kube-system/k3s-serving (ver=229) (count 10): map[listener.cattle.io/cn-10.43.0.1:10.43.0.1 listener.cattle.io/cn-127.0.0.1:127.0.0.1 listener.cattle.io/cn-172.18.0.2:172.18.0.2 listener.cattle.io/cn-__1-f16284:::1 listener.cattle.io/cn-e7d25c28f32f:e7d25c28f32f listener.cattle.io/cn-kubernetes:kubernetes listener.cattle.io/cn-kubernetes.default:kubernetes.default listener.cattle.io/cn-kubernetes.default.svc:kubernetes.default.svc listener.cattle.io/cn-kubernetes.default.svc.cluster.local:kubernetes.default.svc.cluster.local listener.cattle.io/cn-localhost:localhost listener.cattle.io/fingerprint:SHA1=A29787AC27977A0177423D5DB0F38AF0F3CA3C1D]
2025-01-27 17:04:14,859 INFO c.h.h.t.HelmChartContainer - [K3S] [controllermanager.go:765] "Started controller" controller="disruption-controller"
2025-01-27 17:04:14,859 INFO c.h.h.t.HelmChartContainer - [K3S] [controllermanager.go:723] "Skipping a cloud provider controller" controller="cloud-node-lifecycle-controller"
2025-01-27 17:04:14,859 INFO c.h.h.t.HelmChartContainer - [K3S] [disruption.go:452] "Sending events to api server."
2025-01-27 17:04:14,860 INFO c.h.h.t.HelmChartContainer - [K3S] [disruption.go:463] "Starting disruption controller"
2025-01-27 17:04:14,867 INFO c.h.h.t.HelmChartContainer - [K3S] [controllermanager.go:765] "Started controller" controller="persistentvolume-expander-controller"
2025-01-27 17:04:14,879 INFO c.h.h.t.HelmChartContainer - [K3S] [expand_controller.go:329] "Starting expand controller"
2025-01-27 17:04:14,891 INFO c.h.h.t.HelmChartContainer - [K3S] [INFO] Starting helm.cattle.io/v1, Kind=HelmChart controller
2025-01-27 17:04:14,891 INFO c.h.h.t.HelmChartContainer - [K3S] [INFO] Starting helm.cattle.io/v1, Kind=HelmChartConfig controller
2025-01-27 17:04:14,895 INFO c.h.h.t.HelmChartContainer - [K3S] [controllermanager.go:765] "Started controller" controller="validatingadmissionpolicy-status-controller"
2025-01-27 17:04:14,896 INFO c.h.h.t.HelmChartContainer - [K3S] [INFO] Starting rbac.authorization.k8s.io/v1, Kind=ClusterRoleBinding controller
2025-01-27 17:04:14,900 INFO c.h.h.t.HelmChartContainer - [K3S] [INFO] Starting batch/v1, Kind=Job controller
2025-01-27 17:04:14,902 INFO c.h.h.t.HelmChartContainer - [K3S] [controllermanager.go:765] "Started controller" controller="ephemeral-volume-controller"
2025-01-27 17:04:14,903 INFO c.h.h.t.HelmChartContainer - [K3S] [controllermanager.go:717] "Controller is disabled by a feature gate" controller="service-cidr-controller" requiredFeatureGates=["MultiCIDRServiceAllocator"]
2025-01-27 17:04:14,903 INFO c.h.h.t.HelmChartContainer - [K3S] [controller.go:173] "Starting ephemeral volume controller"
2025-01-27 17:04:14,908 INFO c.h.h.t.HelmChartContainer - [K3S] [controllermanager.go:765] "Started controller" controller="replicationcontroller-controller"
2025-01-27 17:04:14,908 INFO c.h.h.t.HelmChartContainer - [K3S] [replica_set.go:217] "Starting controller" name="replicationcontroller"
2025-01-27 17:04:14,913 INFO c.h.h.t.HelmChartContainer - [K3S] [controllermanager.go:765] "Started controller" controller="serviceaccount-controller"
2025-01-27 17:04:14,913 INFO c.h.h.t.HelmChartContainer - [K3S] [serviceaccounts_controller.go:114] "Starting service account controller"
2025-01-27 17:04:14,922 INFO c.h.h.t.HelmChartContainer - [K3S] [controllermanager.go:765] "Started controller" controller="horizontal-pod-autoscaler-controller"
2025-01-27 17:04:14,922 INFO c.h.h.t.HelmChartContainer - [K3S] [horizontal.go:201] "Starting HPA controller"
2025-01-27 17:04:14,935 INFO c.h.h.t.HelmChartContainer - [K3S] [range_allocator.go:112] "No Secondary Service CIDR provided. Skipping filtering out secondary service addresses"
2025-01-27 17:04:14,935 INFO c.h.h.t.HelmChartContainer - [K3S] [controllermanager.go:765] "Started controller" controller="node-ipam-controller"
2025-01-27 17:04:14,935 INFO c.h.h.t.HelmChartContainer - [K3S] [node_ipam_controller.go:141] "Starting ipam controller"
2025-01-27 17:04:14,944 INFO c.h.h.t.HelmChartContainer - [K3S] [INFO] Updating TLS secret for kube-system/k3s-serving (count: 10): map[listener.cattle.io/cn-10.43.0.1:10.43.0.1 listener.cattle.io/cn-127.0.0.1:127.0.0.1 listener.cattle.io/cn-172.18.0.2:172.18.0.2 listener.cattle.io/cn-__1-f16284:::1 listener.cattle.io/cn-e7d25c28f32f:e7d25c28f32f listener.cattle.io/cn-kubernetes:kubernetes listener.cattle.io/cn-kubernetes.default:kubernetes.default listener.cattle.io/cn-kubernetes.default.svc:kubernetes.default.svc listener.cattle.io/cn-kubernetes.default.svc.cluster.local:kubernetes.default.svc.cluster.local listener.cattle.io/cn-localhost:localhost listener.cattle.io/fingerprint:SHA1=A29787AC27977A0177423D5DB0F38AF0F3CA3C1D]
2025-01-27 17:04:15,050 INFO c.h.h.t.HelmChartContainer - [K3S] [controllermanager.go:765] "Started controller" controller="persistentvolumeclaim-protection-controller"
2025-01-27 17:04:15,050 INFO c.h.h.t.HelmChartContainer - [K3S] [controllermanager.go:723] "Skipping a cloud provider controller" controller="service-lb-controller"
2025-01-27 17:04:15,050 INFO c.h.h.t.HelmChartContainer - [K3S] [pvc_protection_controller.go:168] "Starting PVC protection controller"
2025-01-27 17:04:15,200 INFO c.h.h.t.HelmChartContainer - [K3S] [controllermanager.go:765] "Started controller" controller="persistentvolume-attach-detach-controller"
2025-01-27 17:04:15,200 INFO c.h.h.t.HelmChartContainer - [K3S] [attach_detach_controller.go:338] "Starting attach detach controller"
2025-01-27 17:04:15,280 INFO c.h.h.t.HelmChartContainer - [K3S] [apiserver.go:52] "Watching apiserver"
2025-01-27 17:04:15,302 INFO c.h.h.t.HelmChartContainer - [K3S] [desired_state_of_world_populator.go:157] "Finished populating initial desired state of world"
2025-01-27 17:04:15,350 INFO c.h.h.t.HelmChartContainer - [K3S] [controllermanager.go:765] "Started controller" controller="clusterrole-aggregation-controller"
2025-01-27 17:04:15,350 INFO c.h.h.t.HelmChartContainer - [K3S] [clusterroleaggregation_controller.go:194] "Starting ClusterRoleAggregator controller"
2025-01-27 17:04:15,500 INFO c.h.h.t.HelmChartContainer - [K3S] [controllermanager.go:765] "Started controller" controller="ttl-after-finished-controller"
2025-01-27 17:04:15,500 INFO c.h.h.t.HelmChartContainer - [K3S] [controllermanager.go:743] "Warning: skipping controller" controller="storage-version-migrator-controller"
2025-01-27 17:04:15,500 INFO c.h.h.t.HelmChartContainer - [K3S] [controllermanager.go:728] "Warning: controller is disabled" controller="bootstrap-signer-controller"
2025-01-27 17:04:15,500 INFO c.h.h.t.HelmChartContainer - [K3S] [ttlafterfinished_controller.go:112] "Starting TTL after finished controller"
2025-01-27 17:04:15,550 INFO c.h.h.t.HelmChartContainer - [K3S] [controllermanager.go:765] "Started controller" controller="taint-eviction-controller"
2025-01-27 17:04:15,550 INFO c.h.h.t.HelmChartContainer - [K3S] [taint_eviction.go:281] "Starting" controller="taint-eviction-controller"
2025-01-27 17:04:15,550 INFO c.h.h.t.HelmChartContainer - [K3S] [taint_eviction.go:287] "Sending events to api server"
2025-01-27 17:04:15,706 INFO c.h.h.t.HelmChartContainer - [K3S] [controllermanager.go:765] "Started controller" controller="endpoints-controller"
2025-01-27 17:04:15,707 INFO c.h.h.t.HelmChartContainer - [K3S] [endpoints_controller.go:182] "Starting endpoint controller"
2025-01-27 17:04:15,806 INFO c.h.h.t.HelmChartContainer - [K3S] [INFO] Labels and annotations have been set successfully on node: e7d25c28f32f
2025-01-27 17:04:15,950 INFO c.h.h.t.HelmChartContainer - [K3S] [graph_builder.go:351] "Running" component="GraphBuilder"
2025-01-27 17:04:15,950 INFO c.h.h.t.HelmChartContainer - [K3S] [controllermanager.go:765] "Started controller" controller="garbage-collector-controller"
2025-01-27 17:04:16,200 INFO c.h.h.t.HelmChartContainer - [K3S] [controllermanager.go:765] "Started controller" controller="job-controller"
2025-01-27 17:04:16,201 INFO c.h.h.t.HelmChartContainer - [K3S] [job_controller.go:243] "Starting job controller"
2025-01-27 17:04:16,350 INFO c.h.h.t.HelmChartContainer - [K3S] [controllermanager.go:765] "Started controller" controller="replicaset-controller"
2025-01-27 17:04:16,350 INFO c.h.h.t.HelmChartContainer - [K3S] [replica_set.go:217] "Starting controller" name="replicaset"
2025-01-27 17:04:16,500 INFO c.h.h.t.HelmChartContainer - [K3S] [controllermanager.go:765] "Started controller" controller="statefulset-controller"
2025-01-27 17:04:16,500 INFO c.h.h.t.HelmChartContainer - [K3S] [controllermanager.go:717] "Controller is disabled by a feature gate" controller="volumeattributesclass-protection-controller" requiredFeatureGates=["VolumeAttributesClass"]
2025-01-27 17:04:16,500 INFO c.h.h.t.HelmChartContainer - [K3S] [stateful_set.go:166] "Starting stateful set controller"
2025-01-27 17:04:16,651 INFO c.h.h.t.HelmChartContainer - [K3S] [controllermanager.go:765] "Started controller" controller="root-ca-certificate-publisher-controller"
2025-01-27 17:04:16,651 INFO c.h.h.t.HelmChartContainer - [K3S] [publisher.go:107] "Starting root CA cert publisher controller"
2025-01-27 17:04:16,681 INFO c.h.h.t.HelmChartContainer - [K3S] [event.go:389] "Event occurred" object="kube-system/ccm" fieldPath="" kind="Addon" apiVersion="k3s.cattle.io/v1" type="Normal" reason="ApplyingManifest" message="Applying manifest at \"/var/lib/rancher/k3s/server/manifests/ccm.yaml\""
2025-01-27 17:04:16,701 INFO c.h.h.t.HelmChartContainer - [K3S] [event.go:389] "Event occurred" object="kube-system/ccm" fieldPath="" kind="Addon" apiVersion="k3s.cattle.io/v1" type="Normal" reason="AppliedManifest" message="Applied manifest at \"/var/lib/rancher/k3s/server/manifests/ccm.yaml\""
2025-01-27 17:04:16,710 INFO c.h.h.t.HelmChartContainer - [K3S] [event.go:389] "Event occurred" object="kube-system/coredns" fieldPath="" kind="Addon" apiVersion="k3s.cattle.io/v1" type="Normal" reason="ApplyingManifest" message="Applying manifest at \"/var/lib/rancher/k3s/server/manifests/coredns.yaml\""
2025-01-27 17:04:16,739 INFO c.h.h.t.HelmChartContainer - [K3S] [event.go:389] "Event occurred" object="e7d25c28f32f" fieldPath="" kind="Node" apiVersion="" type="Normal" reason="NodePasswordValidationComplete" message="Deferred node password secret validation complete"
2025-01-27 17:04:16,799 INFO c.h.h.t.HelmChartContainer - [K3S] [controllermanager.go:765] "Started controller" controller="endpointslice-controller"
2025-01-27 17:04:16,800 INFO c.h.h.t.HelmChartContainer - [K3S] [endpointslice_controller.go:281] "Starting endpoint slice controller"
2025-01-27 17:04:16,817 INFO c.h.h.t.HelmChartContainer - [K3S] [alloc.go:330] "allocated clusterIPs" service="kube-system/kube-dns" clusterIPs={"IPv4":"10.43.0.10"}
2025-01-27 17:04:16,817 INFO c.h.h.t.HelmChartContainer - [K3S] [event.go:389] "Event occurred" object="kube-system/coredns" fieldPath="" kind="Addon" apiVersion="k3s.cattle.io/v1" type="Normal" reason="AppliedManifest" message="Applied manifest at \"/var/lib/rancher/k3s/server/manifests/coredns.yaml\""
2025-01-27 17:04:16,826 INFO c.h.h.t.HelmChartContainer - [K3S] [event.go:389] "Event occurred" object="kube-system/local-storage" fieldPath="" kind="Addon" apiVersion="k3s.cattle.io/v1" type="Normal" reason="ApplyingManifest" message="Applying manifest at \"/var/lib/rancher/k3s/server/manifests/local-storage.yaml\""
2025-01-27 17:04:16,914 INFO c.h.h.t.HelmChartContainer - [K3S] [event.go:389] "Event occurred" object="kube-system/local-storage" fieldPath="" kind="Addon" apiVersion="k3s.cattle.io/v1" type="Normal" reason="AppliedManifest" message="Applied manifest at \"/var/lib/rancher/k3s/server/manifests/local-storage.yaml\""
2025-01-27 17:04:16,919 INFO c.h.h.t.HelmChartContainer - [K3S] [event.go:389] "Event occurred" object="kube-system/aggregated-metrics-reader" fieldPath="" kind="Addon" apiVersion="k3s.cattle.io/v1" type="Normal" reason="ApplyingManifest" message="Applying manifest at \"/var/lib/rancher/k3s/server/manifests/metrics-server/aggregated-metrics-reader.yaml\""
2025-01-27 17:04:16,949 INFO c.h.h.t.HelmChartContainer - [K3S] [controllermanager.go:765] "Started controller" controller="daemonset-controller"
2025-01-27 17:04:16,950 INFO c.h.h.t.HelmChartContainer - [K3S] [daemon_controller.go:294] "Starting daemon sets controller"
2025-01-27 17:04:16,989 INFO c.h.h.t.HelmChartContainer - [K3S] [event.go:389] "Event occurred" object="kube-system/aggregated-metrics-reader" fieldPath="" kind="Addon" apiVersion="k3s.cattle.io/v1" type="Normal" reason="AppliedManifest" message="Applied manifest at \"/var/lib/rancher/k3s/server/manifests/metrics-server/aggregated-metrics-reader.yaml\""
2025-01-27 17:04:16,994 INFO c.h.h.t.HelmChartContainer - [K3S] [event.go:389] "Event occurred" object="kube-system/auth-delegator" fieldPath="" kind="Addon" apiVersion="k3s.cattle.io/v1" type="Normal" reason="ApplyingManifest" message="Applying manifest at \"/var/lib/rancher/k3s/server/manifests/metrics-server/auth-delegator.yaml\""
2025-01-27 17:04:16,999 INFO c.h.h.t.HelmChartContainer - [K3S] [event.go:389] "Event occurred" object="kube-system/auth-delegator" fieldPath="" kind="Addon" apiVersion="k3s.cattle.io/v1" type="Normal" reason="AppliedManifest" message="Applied manifest at \"/var/lib/rancher/k3s/server/manifests/metrics-server/auth-delegator.yaml\""
2025-01-27 17:04:17,004 INFO c.h.h.t.HelmChartContainer - [K3S] [event.go:389] "Event occurred" object="kube-system/auth-reader" fieldPath="" kind="Addon" apiVersion="k3s.cattle.io/v1" type="Normal" reason="ApplyingManifest" message="Applying manifest at \"/var/lib/rancher/k3s/server/manifests/metrics-server/auth-reader.yaml\""
2025-01-27 17:04:17,015 INFO c.h.h.t.HelmChartContainer - [K3S] [event.go:389] "Event occurred" object="kube-system/auth-reader" fieldPath="" kind="Addon" apiVersion="k3s.cattle.io/v1" type="Normal" reason="AppliedManifest" message="Applied manifest at \"/var/lib/rancher/k3s/server/manifests/metrics-server/auth-reader.yaml\""
2025-01-27 17:04:17,023 INFO c.h.h.t.HelmChartContainer - [K3S] [event.go:389] "Event occurred" object="kube-system/metrics-apiservice" fieldPath="" kind="Addon" apiVersion="k3s.cattle.io/v1" type="Normal" reason="ApplyingManifest" message="Applying manifest at \"/var/lib/rancher/k3s/server/manifests/metrics-server/metrics-apiservice.yaml\""
2025-01-27 17:04:17,030 INFO c.h.h.t.HelmChartContainer - [K3S] [event.go:389] "Event occurred" object="kube-system/metrics-apiservice" fieldPath="" kind="Addon" apiVersion="k3s.cattle.io/v1" type="Normal" reason="AppliedManifest" message="Applied manifest at \"/var/lib/rancher/k3s/server/manifests/metrics-server/metrics-apiservice.yaml\""
2025-01-27 17:04:17,041 INFO c.h.h.t.HelmChartContainer - [K3S] [handler_proxy.go:99] no RequestInfo found in the context
2025-01-27 17:04:17,041 INFO c.h.h.t.HelmChartContainer - [K3S] [controller.go:146] "Unhandled Error" err=<
2025-01-27 17:04:17,041 INFO c.h.h.t.HelmChartContainer - [K3S] 	, Header: map[Content-Type:[text/plain; charset=utf-8] X-Content-Type-Options:[nosniff]]
2025-01-27 17:04:17,041 INFO c.h.h.t.HelmChartContainer - [K3S]  >
2025-01-27 17:04:17,046 INFO c.h.h.t.HelmChartContainer - [K3S] [handler_proxy.go:143] error resolving kube-system/metrics-server: service "metrics-server" not found
2025-01-27 17:04:17,048 INFO c.h.h.t.HelmChartContainer - [K3S] [event.go:389] "Event occurred" object="kube-system/metrics-server-deployment" fieldPath="" kind="Addon" apiVersion="k3s.cattle.io/v1" type="Normal" reason="ApplyingManifest" message="Applying manifest at \"/var/lib/rancher/k3s/server/manifests/metrics-server/metrics-server-deployment.yaml\""
2025-01-27 17:04:17,075 INFO c.h.h.t.HelmChartContainer - [K3S] [event.go:389] "Event occurred" object="kube-system/metrics-server-deployment" fieldPath="" kind="Addon" apiVersion="k3s.cattle.io/v1" type="Normal" reason="AppliedManifest" message="Applied manifest at \"/var/lib/rancher/k3s/server/manifests/metrics-server/metrics-server-deployment.yaml\""
2025-01-27 17:04:17,093 INFO c.h.h.t.HelmChartContainer - [K3S] [event.go:389] "Event occurred" object="kube-system/metrics-server-service" fieldPath="" kind="Addon" apiVersion="k3s.cattle.io/v1" type="Normal" reason="ApplyingManifest" message="Applying manifest at \"/var/lib/rancher/k3s/server/manifests/metrics-server/metrics-server-service.yaml\""
2025-01-27 17:04:17,100 INFO c.h.h.t.HelmChartContainer - [K3S] [controllermanager.go:765] "Started controller" controller="certificatesigningrequest-cleaner-controller"
2025-01-27 17:04:17,102 INFO c.h.h.t.HelmChartContainer - [K3S] [cleaner.go:83] "Starting CSR cleaner controller"
2025-01-27 17:04:17,104 INFO c.h.h.t.HelmChartContainer - [K3S] [alloc.go:330] "allocated clusterIPs" service="kube-system/metrics-server" clusterIPs={"IPv4":"10.43.107.175"}
2025-01-27 17:04:17,104 INFO c.h.h.t.HelmChartContainer - [K3S] [event.go:389] "Event occurred" object="kube-system/metrics-server-service" fieldPath="" kind="Addon" apiVersion="k3s.cattle.io/v1" type="Normal" reason="AppliedManifest" message="Applied manifest at \"/var/lib/rancher/k3s/server/manifests/metrics-server/metrics-server-service.yaml\""
2025-01-27 17:04:17,108 INFO c.h.h.t.HelmChartContainer - [K3S] [handler_proxy.go:99] no RequestInfo found in the context
2025-01-27 17:04:17,108 INFO c.h.h.t.HelmChartContainer - [K3S] [controller.go:146] "Unhandled Error" err=<
2025-01-27 17:04:17,108 INFO c.h.h.t.HelmChartContainer - [K3S] 	, Header: map[Content-Type:[text/plain; charset=utf-8] X-Content-Type-Options:[nosniff]]
2025-01-27 17:04:17,108 INFO c.h.h.t.HelmChartContainer - [K3S]  >
2025-01-27 17:04:17,109 INFO c.h.h.t.HelmChartContainer - [K3S] [handler_proxy.go:143] error resolving kube-system/metrics-server: endpoints "metrics-server" not found
2025-01-27 17:04:17,112 INFO c.h.h.t.HelmChartContainer - [K3S] [event.go:389] "Event occurred" object="kube-system/resource-reader" fieldPath="" kind="Addon" apiVersion="k3s.cattle.io/v1" type="Normal" reason="ApplyingManifest" message="Applying manifest at \"/var/lib/rancher/k3s/server/manifests/metrics-server/resource-reader.yaml\""
2025-01-27 17:04:17,126 INFO c.h.h.t.HelmChartContainer - [K3S] [event.go:389] "Event occurred" object="kube-system/resource-reader" fieldPath="" kind="Addon" apiVersion="k3s.cattle.io/v1" type="Normal" reason="AppliedManifest" message="Applied manifest at \"/var/lib/rancher/k3s/server/manifests/metrics-server/resource-reader.yaml\""
2025-01-27 17:04:17,133 INFO c.h.h.t.HelmChartContainer - [K3S] [event.go:389] "Event occurred" object="kube-system/rolebindings" fieldPath="" kind="Addon" apiVersion="k3s.cattle.io/v1" type="Normal" reason="ApplyingManifest" message="Applying manifest at \"/var/lib/rancher/k3s/server/manifests/rolebindings.yaml\""
2025-01-27 17:04:17,237 INFO c.h.h.t.HelmChartContainer - [K3S] [event.go:389] "Event occurred" object="kube-system/rolebindings" fieldPath="" kind="Addon" apiVersion="k3s.cattle.io/v1" type="Normal" reason="AppliedManifest" message="Applied manifest at \"/var/lib/rancher/k3s/server/manifests/rolebindings.yaml\""
2025-01-27 17:04:17,243 INFO c.h.h.t.HelmChartContainer - [K3S] [event.go:389] "Event occurred" object="kube-system/runtimes" fieldPath="" kind="Addon" apiVersion="k3s.cattle.io/v1" type="Normal" reason="ApplyingManifest" message="Applying manifest at \"/var/lib/rancher/k3s/server/manifests/runtimes.yaml\""
2025-01-27 17:04:17,247 INFO c.h.h.t.HelmChartContainer - [K3S] [serving.go:392] Generated self-signed cert in-memory
2025-01-27 17:04:17,249 INFO c.h.h.t.HelmChartContainer - [K3S] [controllermanager.go:765] "Started controller" controller="persistentvolume-binder-controller"
2025-01-27 17:04:17,249 INFO c.h.h.t.HelmChartContainer - [K3S] [pv_controller_base.go:308] "Starting persistent volume controller"
2025-01-27 17:04:17,267 INFO c.h.h.t.HelmChartContainer - [K3S] [INFO] Tunnel authorizer set Kubelet Port 0.0.0.0:10250
2025-01-27 17:04:17,279 INFO c.h.h.t.HelmChartContainer - [K3S] [event.go:389] "Event occurred" object="kube-system/runtimes" fieldPath="" kind="Addon" apiVersion="k3s.cattle.io/v1" type="Normal" reason="AppliedManifest" message="Applied manifest at \"/var/lib/rancher/k3s/server/manifests/runtimes.yaml\""
2025-01-27 17:04:17,400 INFO c.h.h.t.HelmChartContainer - [K3S] [controllermanager.go:765] "Started controller" controller="persistentvolume-protection-controller"
2025-01-27 17:04:17,400 INFO c.h.h.t.HelmChartContainer - [K3S] [controllermanager.go:717] "Controller is disabled by a feature gate" controller="storageversion-garbage-collector-controller" requiredFeatureGates=["APIServerIdentity","StorageVersionAPI"]
2025-01-27 17:04:17,400 INFO c.h.h.t.HelmChartContainer - [K3S] [controllermanager.go:717] "Controller is disabled by a feature gate" controller="selinux-warning-controller" requiredFeatureGates=["SELinuxChangePolicy"]
2025-01-27 17:04:17,400 INFO c.h.h.t.HelmChartContainer - [K3S] [pv_protection_controller.go:81] "Starting PV protection controller"
2025-01-27 17:04:17,486 INFO c.h.h.t.HelmChartContainer - [K3S] [serving.go:392] Generated self-signed cert in-memory
2025-01-27 17:04:17,550 INFO c.h.h.t.HelmChartContainer - [K3S] [controllermanager.go:765] "Started controller" controller="deployment-controller"
2025-01-27 17:04:17,550 INFO c.h.h.t.HelmChartContainer - [K3S] [deployment_controller.go:173] "Starting controller" controller="deployment"
2025-01-27 17:04:17,701 INFO c.h.h.t.HelmChartContainer - [K3S] [controllermanager.go:765] "Started controller" controller="cronjob-controller"
2025-01-27 17:04:17,701 INFO c.h.h.t.HelmChartContainer - [K3S] [cronjob_controllerv2.go:145] "Starting cronjob controller v2"
2025-01-27 17:04:17,730 INFO c.h.h.t.HelmChartContainer - [K3S] [controllermanager.go:160] Version: v1.32.0+k3s1
2025-01-27 17:04:17,732 INFO c.h.h.t.HelmChartContainer - [K3S] [requestheader_controller.go:180] Starting RequestHeaderAuthRequestController
2025-01-27 17:04:17,732 INFO c.h.h.t.HelmChartContainer - [K3S] [configmap_cafile_content.go:205] "Starting controller" name="client-ca::kube-system::extension-apiserver-authentication::client-ca-file"
2025-01-27 17:04:17,732 INFO c.h.h.t.HelmChartContainer - [K3S] [configmap_cafile_content.go:205] "Starting controller" name="client-ca::kube-system::extension-apiserver-authentication::requestheader-client-ca-file"
2025-01-27 17:04:17,733 INFO c.h.h.t.HelmChartContainer - [K3S] [secure_serving.go:213] Serving securely on 127.0.0.1:10258
2025-01-27 17:04:17,733 INFO c.h.h.t.HelmChartContainer - [K3S] [tlsconfig.go:243] "Starting DynamicServingCertificateController"
2025-01-27 17:04:17,737 INFO c.h.h.t.HelmChartContainer - [K3S] [INFO] Creating service-lb-controller event broadcaster
2025-01-27 17:04:17,749 INFO c.h.h.t.HelmChartContainer - [K3S] [node_lifecycle_controller.go:432] "Controller will reconcile labels"
2025-01-27 17:04:17,749 INFO c.h.h.t.HelmChartContainer - [K3S] [controllermanager.go:765] "Started controller" controller="node-lifecycle-controller"
2025-01-27 17:04:17,750 INFO c.h.h.t.HelmChartContainer - [K3S] [controllermanager.go:723] "Skipping a cloud provider controller" controller="node-route-controller"
2025-01-27 17:04:17,750 INFO c.h.h.t.HelmChartContainer - [K3S] [controllermanager.go:717] "Controller is disabled by a feature gate" controller="kube-apiserver-serving-clustertrustbundle-publisher-controller" requiredFeatureGates=["ClusterTrustBundle"]
2025-01-27 17:04:17,750 INFO c.h.h.t.HelmChartContainer - [K3S] [node_lifecycle_controller.go:466] "Sending events to api server"
2025-01-27 17:04:17,750 INFO c.h.h.t.HelmChartContainer - [K3S] [node_lifecycle_controller.go:477] "Starting node controller"
2025-01-27 17:04:17,850 INFO c.h.h.t.HelmChartContainer - [K3S] [INFO] Starting /v1, Kind=Node controller
2025-01-27 17:04:17,853 INFO c.h.h.t.HelmChartContainer - [K3S] [INFO] Starting /v1, Kind=Pod controller
2025-01-27 17:04:17,856 INFO c.h.h.t.HelmChartContainer - [K3S] [INFO] Starting apps/v1, Kind=DaemonSet controller
2025-01-27 17:04:17,858 INFO c.h.h.t.HelmChartContainer - [K3S] [INFO] Starting discovery.k8s.io/v1, Kind=EndpointSlice controller
2025-01-27 17:04:17,859 INFO c.h.h.t.HelmChartContainer - [K3S] [controllermanager.go:329] Started "cloud-node-controller"
2025-01-27 17:04:17,859 INFO c.h.h.t.HelmChartContainer - [K3S] [node_controller.go:176] Sending events to api server.
2025-01-27 17:04:17,859 INFO c.h.h.t.HelmChartContainer - [K3S] [node_controller.go:185] Waiting for informer caches to sync
2025-01-27 17:04:17,859 INFO c.h.h.t.HelmChartContainer - [K3S] [controllermanager.go:329] Started "cloud-node-lifecycle-controller"
2025-01-27 17:04:17,859 INFO c.h.h.t.HelmChartContainer - [K3S] [node_lifecycle_controller.go:112] Sending events to api server
2025-01-27 17:04:17,859 INFO c.h.h.t.HelmChartContainer - [K3S] [controllermanager.go:329] Started "service-lb-controller"
2025-01-27 17:04:17,860 INFO c.h.h.t.HelmChartContainer - [K3S] [controllermanager.go:306] "node-route-controller" is disabled
2025-01-27 17:04:17,860 INFO c.h.h.t.HelmChartContainer - [K3S] [controller.go:234] Starting service controller
2025-01-27 17:04:17,900 INFO c.h.h.t.HelmChartContainer - [K3S] [controllermanager.go:765] "Started controller" controller="pod-garbage-collector-controller"
2025-01-27 17:04:17,900 INFO c.h.h.t.HelmChartContainer - [K3S] [gc_controller.go:99] "Starting GC controller"
2025-01-27 17:04:17,950 INFO c.h.h.t.HelmChartContainer - [K3S] [certificate_controller.go:120] "Starting certificate controller" name="csrsigning-kubelet-serving"
2025-01-27 17:04:17,950 INFO c.h.h.t.HelmChartContainer - [K3S] [dynamic_serving_content.go:135] "Starting controller" name="csr-controller::/var/lib/rancher/k3s/server/tls/server-ca.nochain.crt::/var/lib/rancher/k3s/server/tls/server-ca.key"
2025-01-27 17:04:17,950 INFO c.h.h.t.HelmChartContainer - [K3S] [certificate_controller.go:120] "Starting certificate controller" name="csrsigning-kubelet-client"
2025-01-27 17:04:17,950 INFO c.h.h.t.HelmChartContainer - [K3S] [dynamic_serving_content.go:135] "Starting controller" name="csr-controller::/var/lib/rancher/k3s/server/tls/client-ca.nochain.crt::/var/lib/rancher/k3s/server/tls/client-ca.key"
2025-01-27 17:04:17,950 INFO c.h.h.t.HelmChartContainer - [K3S] [certificate_controller.go:120] "Starting certificate controller" name="csrsigning-kube-apiserver-client"
2025-01-27 17:04:17,951 INFO c.h.h.t.HelmChartContainer - [K3S] [dynamic_serving_content.go:135] "Starting controller" name="csr-controller::/var/lib/rancher/k3s/server/tls/client-ca.nochain.crt::/var/lib/rancher/k3s/server/tls/client-ca.key"
2025-01-27 17:04:17,951 INFO c.h.h.t.HelmChartContainer - [K3S] [controllermanager.go:765] "Started controller" controller="certificatesigningrequest-signing-controller"
2025-01-27 17:04:17,951 INFO c.h.h.t.HelmChartContainer - [K3S] [certificate_controller.go:120] "Starting certificate controller" name="csrsigning-legacy-unknown"
2025-01-27 17:04:17,951 INFO c.h.h.t.HelmChartContainer - [K3S] [dynamic_serving_content.go:135] "Starting controller" name="csr-controller::/var/lib/rancher/k3s/server/tls/server-ca.nochain.crt::/var/lib/rancher/k3s/server/tls/server-ca.key"
2025-01-27 17:04:17,959 INFO c.h.h.t.HelmChartContainer - [K3S] [node_controller.go:429] Initializing node e7d25c28f32f with cloud provider
2025-01-27 17:04:17,963 INFO c.h.h.t.HelmChartContainer - [K3S] [node_controller.go:474] Successfully initialized node e7d25c28f32f with cloud provider
2025-01-27 17:04:17,963 INFO c.h.h.t.HelmChartContainer - [K3S] [event.go:389] "Event occurred" object="e7d25c28f32f" fieldPath="" kind="Node" apiVersion="v1" type="Normal" reason="Synced" message="Node synced successfully"
2025-01-27 17:04:17,977 INFO c.h.h.t.HelmChartContainer - [K3S] [INFO] Updated coredns NodeHosts entry for e7d25c28f32f
2025-01-27 17:04:17,999 INFO c.h.h.t.HelmChartContainer - [K3S] [controllermanager.go:765] "Started controller" controller="certificatesigningrequest-approving-controller"
2025-01-27 17:04:17,999 INFO c.h.h.t.HelmChartContainer - [K3S] [certificate_controller.go:120] "Starting certificate controller" name="csrapproving"
2025-01-27 17:04:18,031 INFO c.h.h.t.HelmChartContainer - [K3S] [handler_proxy.go:99] no RequestInfo found in the context
2025-01-27 17:04:18,031 INFO c.h.h.t.HelmChartContainer - [K3S] [handler_proxy.go:99] no RequestInfo found in the context
2025-01-27 17:04:18,031 INFO c.h.h.t.HelmChartContainer - [K3S] [controller.go:102] "Unhandled Error" err=<
2025-01-27 17:04:18,031 INFO c.h.h.t.HelmChartContainer - [K3S] 	, Header: map[Content-Type:[text/plain; charset=utf-8] X-Content-Type-Options:[nosniff]]
2025-01-27 17:04:18,031 INFO c.h.h.t.HelmChartContainer - [K3S]  >
2025-01-27 17:04:18,150 INFO c.h.h.t.HelmChartContainer - [K3S] [controllermanager.go:765] "Started controller" controller="ttl-controller"
2025-01-27 17:04:18,151 INFO c.h.h.t.HelmChartContainer - [K3S] [ttl_controller.go:127] "Starting TTL controller"
2025-01-27 17:04:18,177 INFO c.h.h.t.HelmChartContainer - [K3S] [serving.go:392] Generated self-signed cert in-memory
2025-01-27 17:04:18,268 INFO c.h.h.t.HelmChartContainer - [K3S] [INFO] Started tunnel to 172.18.0.2:6443
2025-01-27 17:04:18,268 INFO c.h.h.t.HelmChartContainer - [K3S] [INFO] Stopped tunnel to 127.0.0.1:6443
2025-01-27 17:04:18,268 INFO c.h.h.t.HelmChartContainer - [K3S] [INFO] Connecting to proxy" url="wss://172.18.0.2:6443/v1-k3s/connect
2025-01-27 17:04:18,268 INFO c.h.h.t.HelmChartContainer - [K3S] [INFO] Proxy done" err="context canceled" url="wss://127.0.0.1:6443/v1-k3s/connect
2025-01-27 17:04:18,269 INFO c.h.h.t.HelmChartContainer - [K3S] [INFO] error in remotedialer server [400]: websocket: close 1006 (abnormal closure): unexpected EOF
2025-01-27 17:04:18,271 INFO c.h.h.t.HelmChartContainer - [K3S] [INFO] Handling backend connection request [e7d25c28f32f]
2025-01-27 17:04:18,271 INFO c.h.h.t.HelmChartContainer - [K3S] [INFO] Remotedialer connected to proxy" url="wss://172.18.0.2:6443/v1-k3s/connect
2025-01-27 17:04:18,303 INFO c.h.h.t.HelmChartContainer - [K3S] [controllermanager.go:765] "Started controller" controller="legacy-serviceaccount-token-cleaner-controller"
2025-01-27 17:04:18,303 INFO c.h.h.t.HelmChartContainer - [K3S] [legacy_serviceaccount_token_cleaner.go:103] "Starting legacy service account token cleaner controller"
2025-01-27 17:04:18,450 INFO c.h.h.t.HelmChartContainer - [K3S] [controllermanager.go:765] "Started controller" controller="endpointslice-mirroring-controller"
2025-01-27 17:04:18,450 INFO c.h.h.t.HelmChartContainer - [K3S] [endpointslicemirroring_controller.go:227] "Starting EndpointSliceMirroring controller"
2025-01-27 17:04:18,451 INFO c.h.h.t.HelmChartContainer - [K3S] [server.go:164] "Starting Kubernetes Scheduler" version="v1.32.0+k3s1"
2025-01-27 17:04:18,451 INFO c.h.h.t.HelmChartContainer - [K3S] [server.go:166] "Golang settings" GOGC="" GOMAXPROCS="" GOTRACEBACK=""
2025-01-27 17:04:18,454 INFO c.h.h.t.HelmChartContainer - [K3S] [requestheader_controller.go:180] Starting RequestHeaderAuthRequestController
2025-01-27 17:04:18,454 INFO c.h.h.t.HelmChartContainer - [K3S] [configmap_cafile_content.go:205] "Starting controller" name="client-ca::kube-system::extension-apiserver-authentication::client-ca-file"
2025-01-27 17:04:18,456 INFO c.h.h.t.HelmChartContainer - [K3S] [configmap_cafile_content.go:205] "Starting controller" name="client-ca::kube-system::extension-apiserver-authentication::requestheader-client-ca-file"
2025-01-27 17:04:18,456 INFO c.h.h.t.HelmChartContainer - [K3S] [secure_serving.go:213] Serving securely on 127.0.0.1:10259
2025-01-27 17:04:18,456 INFO c.h.h.t.HelmChartContainer - [K3S] [tlsconfig.go:243] "Starting DynamicServingCertificateController"
2025-01-27 17:04:18,755 INFO c.h.h.t.HelmChartContainer - [K3S] [controllermanager.go:765] "Started controller" controller="resourcequota-controller"
2025-01-27 17:04:18,756 INFO c.h.h.t.HelmChartContainer - [K3S] [resource_quota_controller.go:300] "Starting resource quota controller"
2025-01-27 17:04:19,004 INFO c.h.h.t.HelmChartContainer - [K3S] [controllermanager.go:765] "Started controller" controller="namespace-controller"
2025-01-27 17:04:19,005 INFO c.h.h.t.HelmChartContainer - [K3S] [namespace_controller.go:202] "Starting namespace controller"
2025-01-27 17:04:19,150 INFO c.h.h.t.HelmChartContainer - [K3S] [controllermanager.go:765] "Started controller" controller="token-cleaner-controller"
2025-01-27 17:04:19,150 INFO c.h.h.t.HelmChartContainer - [K3S] [controllermanager.go:717] "Controller is disabled by a feature gate" controller="resourceclaim-controller" requiredFeatureGates=["DynamicResourceAllocation"]
2025-01-27 17:04:19,150 INFO c.h.h.t.HelmChartContainer - [K3S] [tokencleaner.go:117] "Starting token cleaner controller"
2025-01-27 17:04:19,164 INFO c.h.h.t.HelmChartContainer - [K3S] [actual_state_of_world.go:541] "Failed to update statusUpdateNeeded field in actual state of world" err="Failed to set statusUpdateNeeded to needed true, because nodeName=\"e7d25c28f32f\" does not exist"
2025-01-27 17:04:19,236 INFO c.h.h.t.HelmChartContainer - [K3S] [range_allocator.go:177] "Sending events to api server"
2025-01-27 17:04:19,236 INFO c.h.h.t.HelmChartContainer - [K3S] [range_allocator.go:183] "Starting range CIDR allocator"
2025-01-27 17:04:19,241 INFO c.h.h.t.HelmChartContainer - [K3S] [range_allocator.go:428] "Set node PodCIDR" node="e7d25c28f32f" podCIDRs=["10.42.0.0/24"]
2025-01-27 17:04:19,242 INFO c.h.h.t.HelmChartContainer - [K3S] [range_allocator.go:247] "Successfully synced" key="e7d25c28f32f"
2025-01-27 17:04:19,242 INFO c.h.h.t.HelmChartContainer - [K3S] [INFO] Flannel found PodCIDR assigned for node e7d25c28f32f
2025-01-27 17:04:19,242 INFO c.h.h.t.HelmChartContainer - [K3S] [range_allocator.go:247] "Successfully synced" key="e7d25c28f32f"
2025-01-27 17:04:19,242 INFO c.h.h.t.HelmChartContainer - [K3S] [INFO] The interface eth0 with ipv4 address 172.18.0.2 will be used by flannel
2025-01-27 17:04:19,243 INFO c.h.h.t.HelmChartContainer - [K3S] [kube.go:139] Waiting 10m0s for node controller to sync
2025-01-27 17:04:19,243 INFO c.h.h.t.HelmChartContainer - [K3S] [kube.go:469] Starting kube subnet manager
2025-01-27 17:04:19,252 INFO c.h.h.t.HelmChartContainer - [K3S] [node_lifecycle_controller.go:1234] "Initializing eviction metric for zone" zone=""
2025-01-27 17:04:19,252 INFO c.h.h.t.HelmChartContainer - [K3S] [node_lifecycle_controller.go:886] "Missing timestamp for Node. Assuming now as a timestamp" node="e7d25c28f32f"
2025-01-27 17:04:19,252 INFO c.h.h.t.HelmChartContainer - [K3S] [node_lifecycle_controller.go:1080] "Controller detected that zone is now in new state" zone="" newState="Normal"
2025-01-27 17:04:19,257 INFO c.h.h.t.HelmChartContainer - [K3S] [range_allocator.go:247] "Successfully synced" key="e7d25c28f32f"
2025-01-27 17:04:19,352 INFO c.h.h.t.HelmChartContainer - [K3S] [INFO] Starting network policy controller version v2.2.1, built on 2025-01-10T17:03:20Z, go1.23.3
2025-01-27 17:04:19,352 INFO c.h.h.t.HelmChartContainer - [K3S] [network_policy_controller.go:164] Starting network policy controller
2025-01-27 17:04:19,379 INFO c.h.h.t.HelmChartContainer - [K3S] [network_policy_controller.go:176] Starting network policy controller full sync goroutine
2025-01-27 17:04:19,607 INFO c.h.h.t.HelmChartContainer - [K3S] [handler_proxy.go:99] no RequestInfo found in the context
2025-01-27 17:04:19,607 INFO c.h.h.t.HelmChartContainer - [K3S] [controller.go:146] "Unhandled Error" err=<
2025-01-27 17:04:19,607 INFO c.h.h.t.HelmChartContainer - [K3S] 	, Header: map[Content-Type:[text/plain; charset=utf-8] X-Content-Type-Options:[nosniff]]
2025-01-27 17:04:19,607 INFO c.h.h.t.HelmChartContainer - [K3S]  >
2025-01-27 17:04:19,608 INFO c.h.h.t.HelmChartContainer - [K3S] [handler_proxy.go:143] error resolving kube-system/metrics-server: no endpoints available for service "metrics-server"
2025-01-27 17:04:19,904 INFO c.h.h.t.HelmChartContainer - [K3S] [range_allocator.go:247] "Successfully synced" key="e7d25c28f32f"
2025-01-27 17:04:20,062 INFO c.h.h.t.HelmChartContainer - [K3S] [replica_set.go:679] "Finished syncing" kind="ReplicaSet" key="kube-system/local-path-provisioner-698b58967b" duration="206.768434ms"
2025-01-27 17:04:20,068 INFO c.h.h.t.HelmChartContainer - [K3S] [replica_set.go:679] "Finished syncing" kind="ReplicaSet" key="kube-system/metrics-server-8584b5786c" duration="212.140161ms"
2025-01-27 17:04:20,072 INFO c.h.h.t.HelmChartContainer - [K3S] [replica_set.go:679] "Finished syncing" kind="ReplicaSet" key="kube-system/coredns-ff8999cc5" duration="216.608158ms"
2025-01-27 17:04:20,076 INFO c.h.h.t.HelmChartContainer - [K3S] [replica_set.go:679] "Finished syncing" kind="ReplicaSet" key="kube-system/local-path-provisioner-698b58967b" duration="13.151774ms"
2025-01-27 17:04:20,076 INFO c.h.h.t.HelmChartContainer - [K3S] [replica_set.go:679] "Finished syncing" kind="ReplicaSet" key="kube-system/local-path-provisioner-698b58967b" duration="28.483µs"
2025-01-27 17:04:20,079 INFO c.h.h.t.HelmChartContainer - [K3S] [replica_set.go:679] "Finished syncing" kind="ReplicaSet" key="kube-system/metrics-server-8584b5786c" duration="11.605639ms"
2025-01-27 17:04:20,079 INFO c.h.h.t.HelmChartContainer - [K3S] [replica_set.go:679] "Finished syncing" kind="ReplicaSet" key="kube-system/metrics-server-8584b5786c" duration="29.655µs"
2025-01-27 17:04:20,081 INFO c.h.h.t.HelmChartContainer - [K3S] [replica_set.go:679] "Finished syncing" kind="ReplicaSet" key="kube-system/coredns-ff8999cc5" duration="8.899162ms"
2025-01-27 17:04:20,082 INFO c.h.h.t.HelmChartContainer - [K3S] [replica_set.go:679] "Finished syncing" kind="ReplicaSet" key="kube-system/coredns-ff8999cc5" duration="56.435µs"
2025-01-27 17:04:20,092 INFO c.h.h.t.HelmChartContainer - [K3S] [replica_set.go:679] "Finished syncing" kind="ReplicaSet" key="kube-system/local-path-provisioner-698b58967b" duration="29.074µs"
2025-01-27 17:04:20,105 INFO c.h.h.t.HelmChartContainer - [K3S] [replica_set.go:679] "Finished syncing" kind="ReplicaSet" key="kube-system/coredns-ff8999cc5" duration="43.301µs"
2025-01-27 17:04:20,112 INFO c.h.h.t.HelmChartContainer - [K3S] [replica_set.go:679] "Finished syncing" kind="ReplicaSet" key="kube-system/metrics-server-8584b5786c" duration="42.87µs"
2025-01-27 17:04:20,231 INFO c.h.h.t.HelmChartContainer - [K3S] [reconciler_common.go:251] "operationExecutor.VerifyControllerAttachedVolume started for volume \"custom-config-volume\" (UniqueName: \"kubernetes.io/configmap/eba10dce-24d6-47a0-ae5b-d239cb54b931-custom-config-volume\") pod \"coredns-ff8999cc5-qwx5g\" (UID: \"eba10dce-24d6-47a0-ae5b-d239cb54b931\") " pod="kube-system/coredns-ff8999cc5-qwx5g"
2025-01-27 17:04:20,231 INFO c.h.h.t.HelmChartContainer - [K3S] [reconciler_common.go:251] "operationExecutor.VerifyControllerAttachedVolume started for volume \"kube-api-access-dp2ds\" (UniqueName: \"kubernetes.io/projected/eba10dce-24d6-47a0-ae5b-d239cb54b931-kube-api-access-dp2ds\") pod \"coredns-ff8999cc5-qwx5g\" (UID: \"eba10dce-24d6-47a0-ae5b-d239cb54b931\") " pod="kube-system/coredns-ff8999cc5-qwx5g"
2025-01-27 17:04:20,231 INFO c.h.h.t.HelmChartContainer - [K3S] [reconciler_common.go:251] "operationExecutor.VerifyControllerAttachedVolume started for volume \"tmp-dir\" (UniqueName: \"kubernetes.io/empty-dir/18c240fc-46e3-4ddf-9cdb-c1dd00dbb45c-tmp-dir\") pod \"metrics-server-8584b5786c-v4n55\" (UID: \"18c240fc-46e3-4ddf-9cdb-c1dd00dbb45c\") " pod="kube-system/metrics-server-8584b5786c-v4n55"
2025-01-27 17:04:20,231 INFO c.h.h.t.HelmChartContainer - [K3S] [reconciler_common.go:251] "operationExecutor.VerifyControllerAttachedVolume started for volume \"kube-api-access-jrkvq\" (UniqueName: \"kubernetes.io/projected/18c240fc-46e3-4ddf-9cdb-c1dd00dbb45c-kube-api-access-jrkvq\") pod \"metrics-server-8584b5786c-v4n55\" (UID: \"18c240fc-46e3-4ddf-9cdb-c1dd00dbb45c\") " pod="kube-system/metrics-server-8584b5786c-v4n55"
2025-01-27 17:04:20,231 INFO c.h.h.t.HelmChartContainer - [K3S] [reconciler_common.go:251] "operationExecutor.VerifyControllerAttachedVolume started for volume \"config-volume\" (UniqueName: \"kubernetes.io/configmap/8dd39bf5-6f31-4a38-bc2d-82bc56ce75cb-config-volume\") pod \"local-path-provisioner-698b58967b-lptbj\" (UID: \"8dd39bf5-6f31-4a38-bc2d-82bc56ce75cb\") " pod="kube-system/local-path-provisioner-698b58967b-lptbj"
2025-01-27 17:04:20,231 INFO c.h.h.t.HelmChartContainer - [K3S] [reconciler_common.go:251] "operationExecutor.VerifyControllerAttachedVolume started for volume \"kube-api-access-st7rz\" (UniqueName: \"kubernetes.io/projected/8dd39bf5-6f31-4a38-bc2d-82bc56ce75cb-kube-api-access-st7rz\") pod \"local-path-provisioner-698b58967b-lptbj\" (UID: \"8dd39bf5-6f31-4a38-bc2d-82bc56ce75cb\") " pod="kube-system/local-path-provisioner-698b58967b-lptbj"
2025-01-27 17:04:20,232 INFO c.h.h.t.HelmChartContainer - [K3S] [reconciler_common.go:251] "operationExecutor.VerifyControllerAttachedVolume started for volume \"config-volume\" (UniqueName: \"kubernetes.io/configmap/eba10dce-24d6-47a0-ae5b-d239cb54b931-config-volume\") pod \"coredns-ff8999cc5-qwx5g\" (UID: \"eba10dce-24d6-47a0-ae5b-d239cb54b931\") " pod="kube-system/coredns-ff8999cc5-qwx5g"
2025-01-27 17:04:20,243 INFO c.h.h.t.HelmChartContainer - [K3S] [kube.go:146] Node controller sync successful
2025-01-27 17:04:20,243 INFO c.h.h.t.HelmChartContainer - [K3S] [vxlan.go:141] VXLAN config: VNI=1 Port=0 GBP=false Learning=false DirectRouting=false
2025-01-27 17:04:20,246 INFO c.h.h.t.HelmChartContainer - [K3S] [kube.go:636] List of node(e7d25c28f32f) annotations: map[string]string{"alpha.kubernetes.io/provided-node-ip":"172.18.0.2", "k3s.io/hostname":"e7d25c28f32f", "k3s.io/internal-ip":"172.18.0.2", "k3s.io/node-args":"[\"server\",\"--etcd-arg\",\"unsafe-no-fsync\",\"--etcd-arg\",\"snapshot-count=10000\",\"--etcd-arg\",\"auto-compaction-mode=revision\",\"--etcd-arg\",\"auto-compaction-retention=1000000\",\"--kube-apiserver-arg\",\"etcd-compaction-interval=0s\",\"--disable\",\"traefik\",\"--tls-san\",\"localhost\"]", "k3s.io/node-config-hash":"2QNNT5M5XUBFOLO5XPGEVGOM5UDLHHTIVMSRUPAUHE5DU3HUYQUQ====", "k3s.io/node-env":"{}", "node.alpha.kubernetes.io/ttl":"0", "volumes.kubernetes.io/controller-managed-attach-detach":"true"}
2025-01-27 17:04:20,251 INFO c.h.h.t.HelmChartContainer - [K3S] [kube.go:490] Creating the node lease for IPv4. This is the n.Spec.PodCIDRs: [10.42.0.0/24]
2025-01-27 17:04:20,251 INFO c.h.h.t.HelmChartContainer - [K3S] [iptables.go:51] Starting flannel in iptables mode...
2025-01-27 17:04:20,251 INFO c.h.h.t.HelmChartContainer - [K3S] [WARNING] no subnet found for key: FLANNEL_NETWORK in file: /run/flannel/subnet.env
2025-01-27 17:04:20,251 INFO c.h.h.t.HelmChartContainer - [K3S] [WARNING] no subnet found for key: FLANNEL_SUBNET in file: /run/flannel/subnet.env
2025-01-27 17:04:20,251 INFO c.h.h.t.HelmChartContainer - [K3S] [WARNING] no subnet found for key: FLANNEL_IPV6_NETWORK in file: /run/flannel/subnet.env
2025-01-27 17:04:20,251 INFO c.h.h.t.HelmChartContainer - [K3S] [WARNING] no subnet found for key: FLANNEL_IPV6_SUBNET in file: /run/flannel/subnet.env
2025-01-27 17:04:20,251 INFO c.h.h.t.HelmChartContainer - [K3S] [iptables.go:115] Current network or subnet (10.42.0.0/16, 10.42.0.0/24) is not equal to previous one (0.0.0.0/0, 0.0.0.0/0), trying to recycle old iptables rules
2025-01-27 17:04:20,251 INFO c.h.h.t.HelmChartContainer - [K3S] [range_allocator.go:247] "Successfully synced" key="e7d25c28f32f"
2025-01-27 17:04:20,258 INFO c.h.h.t.HelmChartContainer - [K3S] [iptables.go:125] Setting up masking rules
2025-01-27 17:04:20,260 INFO c.h.h.t.HelmChartContainer - [K3S] [iptables.go:226] Changing default FORWARD chain policy to ACCEPT
2025-01-27 17:04:20,261 INFO c.h.h.t.HelmChartContainer - [K3S] [INFO] Wrote flannel subnet file to /run/flannel/subnet.env
2025-01-27 17:04:20,262 INFO c.h.h.t.HelmChartContainer - [K3S] [INFO] Running flannel backend.
2025-01-27 17:04:20,262 INFO c.h.h.t.HelmChartContainer - [K3S] [vxlan_network.go:65] watching for new subnet leases
2025-01-27 17:04:20,270 INFO c.h.h.t.HelmChartContainer - [K3S] [iptables.go:372] bootstrap done
2025-01-27 17:04:20,276 INFO c.h.h.t.HelmChartContainer - [K3S] [iptables.go:372] bootstrap done
2025-01-27 17:04:20,609 INFO c.h.h.t.HelmChartContainer - [K3S] [handler_proxy.go:99] no RequestInfo found in the context
2025-01-27 17:04:20,610 INFO c.h.h.t.HelmChartContainer - [K3S] [handler_proxy.go:99] no RequestInfo found in the context
2025-01-27 17:04:20,610 INFO c.h.h.t.HelmChartContainer - [K3S] [controller.go:102] "Unhandled Error" err=<
2025-01-27 17:04:20,610 INFO c.h.h.t.HelmChartContainer - [K3S] 	, Header: map[Content-Type:[text/plain; charset=utf-8] X-Content-Type-Options:[nosniff]]
2025-01-27 17:04:20,610 INFO c.h.h.t.HelmChartContainer - [K3S]  >
2025-01-27 17:04:23,573 DEBUG c.h.h.t.HelmChartContainer - Image file loaded 'hivemq-platform-operator.tar'
2025-01-27 17:04:24,134 DEBUG c.h.h.t.HelmChartContainer - Image file loaded 'hivemq-platform-operator-init.tar'
2025-01-27 17:04:24,713 INFO c.h.h.t.HelmChartContainer - [K3S] [kuberuntime_manager.go:1702] "Updating runtime config through cri with podcidr" CIDR="10.42.0.0/24"
2025-01-27 17:04:24,713 INFO c.h.h.t.HelmChartContainer - [K3S] [kubelet_network.go:61] "Updating Pod CIDR" originalPodCIDR="" newPodCIDR="10.42.0.0/24"
2025-01-27 17:04:24,802 INFO c.h.h.t.HelmChartContainer - [K3S] [range_allocator.go:247] "Successfully synced" key="e7d25c28f32f"
2025-01-27 17:04:26,399 INFO c.h.h.t.HelmChartContainer - [K3S] [replica_set.go:679] "Finished syncing" kind="ReplicaSet" key="kube-system/metrics-server-8584b5786c" duration="49.934µs"
2025-01-27 17:04:26,437 INFO c.h.h.t.HelmChartContainer - [K3S] [replica_set.go:679] "Finished syncing" kind="ReplicaSet" key="kube-system/local-path-provisioner-698b58967b" duration="11.367263ms"
2025-01-27 17:04:26,439 INFO c.h.h.t.HelmChartContainer - [K3S] [replica_set.go:679] "Finished syncing" kind="ReplicaSet" key="kube-system/local-path-provisioner-698b58967b" duration="38.542µs"
2025-01-27 17:04:27,406 INFO c.h.h.t.HelmChartContainer - [K3S] [replica_set.go:679] "Finished syncing" kind="ReplicaSet" key="kube-system/coredns-ff8999cc5" duration="72.134µs"
2025-01-27 17:04:27,434 INFO c.h.h.t.HelmChartContainer - [K3S] [replica_set.go:679] "Finished syncing" kind="ReplicaSet" key="kube-system/coredns-ff8999cc5" duration="14.446722ms"
2025-01-27 17:04:27,435 INFO c.h.h.t.HelmChartContainer - [K3S] [replica_set.go:679] "Finished syncing" kind="ReplicaSet" key="kube-system/coredns-ff8999cc5" duration="40.906µs"
2025-01-27 17:04:32,233 DEBUG c.h.h.t.HelmChartContainer - Image file loaded 'hivemq-platform.tar'
2025-01-27 17:04:32,233 DEBUG c.h.h.t.HelmChartContainer - Successful Helm chart Container startup
2025-01-27 17:04:32,245 INFO t.localhost/testcontainers/8yxxenwkta95sjcm:latest - Container localhost/testcontainers/8yxxenwkta95sjcm:latest started in PT23.217169455S
2025-01-27 17:04:32,257 DEBUG c.h.h.t.HelmChartContainer - Executing helm command: /bin/helm --kubeconfig /etc/rancher/k3s/k3s.yaml repo add hivemq https://hivemq.github.io/helm-charts
2025-01-27 17:04:33,664 INFO c.h.h.t.HelmChartContainer - Saved kubeconfig file on /tmp/kubeconfig-9305877057033387696.yaml
2025-01-27 17:04:33,664 INFO c.h.h.t.HelmChartContainer - HelmChartContainer is started
2025-01-27 17:04:33,666 INFO c.h.h.t.HelmChartContainer - [EVENT] Normal [Starting] Starting kubelet. [null:e7d25c28f32f]
2025-01-27 17:04:33,673 INFO c.h.h.t.HelmChartContainer - [EVENT] Warning [InvalidDiskCapacity] invalid capacity 0 on image filesystem [null:e7d25c28f32f]
2025-01-27 17:04:33,674 INFO c.h.h.t.HelmChartContainer - [EVENT] Normal [NodeHasSufficientMemory] Node e7d25c28f32f status is now: NodeHasSufficientMemory [null:e7d25c28f32f]
2025-01-27 17:04:33,676 INFO c.h.h.t.HelmChartContainer - [EVENT] Normal [NodeHasNoDiskPressure] Node e7d25c28f32f status is now: NodeHasNoDiskPressure [null:e7d25c28f32f]
2025-01-27 17:04:33,677 INFO c.h.h.t.HelmChartContainer - [EVENT] Normal [NodeHasSufficientPID] Node e7d25c28f32f status is now: NodeHasSufficientPID [null:e7d25c28f32f]
2025-01-27 17:04:33,677 INFO c.h.h.t.HelmChartContainer - [EVENT] Normal [NodeAllocatableEnforced] Updated Node Allocatable limit across pods [null:e7d25c28f32f]
2025-01-27 17:04:33,679 INFO c.h.h.t.HelmChartContainer - [EVENT] Normal [NodeReady] Node e7d25c28f32f status is now: NodeReady [null:e7d25c28f32f]
2025-01-27 17:04:33,681 INFO c.h.h.t.HelmChartContainer - [EVENT] Normal [NodePasswordValidationComplete] Deferred node password secret validation complete [null:e7d25c28f32f]
2025-01-27 17:04:33,684 INFO c.h.h.t.HelmChartContainer - [EVENT] Normal [Synced] Node synced successfully [null:e7d25c28f32f]
2025-01-27 17:04:33,685 INFO c.h.h.t.HelmChartContainer - [EVENT] Normal [RegisteredNode] Node e7d25c28f32f event: Registered Node e7d25c28f32f in Controller [null:e7d25c28f32f]
]]></system-out>
  <system-err><![CDATA[]]></system-err>
</testsuite>
